<?xml version="1.0" encoding="UTF-8" ?>
<testsuite errors="0" failures="0" hostname="travis-job-2ec78bf4-d236-4562-9334-2581c79179a3" name="ptolemy.domains.de.test.junit.JUnitTclTest" skipped="0" tests="101" time="126.841" timestamp="2018-06-08T14:29:33">
  <properties>
    <property name="npm.executable" value="npm" />
    <property name="file.encoding.pkg" value="sun.io" />
    <property name="ptII.mk.exists" value="true" />
    <property name="env.rvm_bin_path" value="/home/travis/.rvm/bin" />
    <property name="java.home" value="/usr/lib/jvm/java-8-oracle/jre" />
    <property name="env.TRAVIS_JOB_NUMBER" value="540.8" />
    <property name="env.DISPLAY" value=":99.0" />
    <property name="java.net.preferIPv4Stack" value="true" />
    <property name="env.SSH_TTY" value="/dev/pts/0" />
    <property name="env.RUN_TESTS" value="true" />
    <property name="timeout.short" value="1000000" />
    <property name="env.TRAVIS_STACK_NODE_ATTRIBUTES" value="/.node-attributes.yml" />
    <property name="junit.formatter" value="xml" />
    <property name="java.endorsed.dirs" value="/usr/lib/jvm/java-8-oracle/jre/lib/endorsed" />
    <property name="env.TRAVIS_SUDO" value="true" />
    <property name="env.LOGNAME" value="travis" />
    <property name="jsdoc.home" value="node_modules/@terraswarm/jsdoc" />
    <property name="debuglevel" value="source,lines,vars" />
    <property name="checkstyle.formatter" value="xml" />
    <property name="bin.vergil.makeable" value="true" />
    <property name="env._system_version" value="14.04" />
    <property name="sun.os.patch.level" value="unknown" />
    <property name="java.vendor.url" value="http://java.oracle.com/" />
    <property name="java.version" value="1.8.0_151" />
    <property name="env.TZ" value="UTC" />
    <property name="env.PT_NO_NET" value="true" />
    <property name="env.TRAVIS_PULL_REQUEST_SHA" value="" />
    <property name="env.TRAVIS_SECURE_ENV_VARS" value="true" />
    <property name="env._system_type" value="Linux" />
    <property name="java.vendor.url.bug" value="http://bugreport.sun.com/bugreport/" />
    <property name="env.SSH_CLIENT" value="10.10.4.36 51196 22" />
    <property name="npmjs-org-is-up" value="true" />
    <property name="env.GEM_HOME" value="/home/travis/.rvm/gems/ruby-2.4.1" />
    <property name="env.HAS_ANTARES_THREE_LITTLE_FRONZIES_BADGE" value="true" />
    <property name="env.PS4" value="+" />
    <property name="ant.project.invoked-targets" value="build,test.core2.xml" />
    <property name="env.TRAVIS_PULL_REQUEST_BRANCH" value="" />
    <property name="env.TRAVIS_REPO_SLUG" value="icyphy/ptII" />
    <property name="node.in.path" value="true" />
    <property name="java.maxmemory" value="1400m" />
    <property name="env.RUBY_VERSION" value="ruby-2.4.1" />
    <property name="user.name" value="travis" />
    <property name="env.LANG" value="en_US.UTF-8" />
    <property name="sun.io.unicode.encoding" value="UnicodeLittle" />
    <property name="sun.jnu.encoding" value="UTF-8" />
    <property name="java.runtime.name" value="Java(TM) SE Runtime Environment" />
    <property name="usefile" value="false" />
    <property name="return.code" value="0" />
    <property name="junit.single.formatter" value="plain" />
    <property name="env.DYLD_LIBRARY_PATH" value="/home/travis/pthla/certi-tools/lib:" />
    <property name="env.DEBIAN_FRONTEND" value="noninteractive" />
    <property name="env.SSH_CONNECTION" value="10.10.4.36 51196 10.20.0.77 22" />
    <property name="env.MYSQL_UNIX_PORT" value="/var/run/mysqld/mysqld.sock" />
    <property name="env.TRAVIS_ALLOW_FAILURE" value="false" />
    <property name="env.LC_ALL" value="en_US.UTF-8" />
    <property name="java.specification.name" value="Java Platform API Specification" />
    <property name="node.works" value="true" />
    <property name="user.timezone" value="" />
    <property name="path.separator" value=":" />
    <property name="env.PYTHON_CFLAGS" value="-g -fstack-protector --param=ssp-buffer-size=4 -Wformat -Werror=format-security" />
    <property name="timeout.long" value="4000000" />
    <property name="env.CERTI_HOME" value="/home/travis/pthla/certi-tools" />
    <property name="file.encoding" value="UTF-8" />
    <property name="ant.file.ptII" value="/home/travis/build/icyphy/ptII/build.xml" />
    <property name="javadoc.packagenames" value="com.*,diva.*,lbnl.*,org.hlacerti.*,org.json.*,org.ptolemy.*,org.terraswarm.*,ptolemy.*,ptserver.*" />
    <property name="env.TRAVIS_PULL_REQUEST_SLUG" value="" />
    <property name="ant.project.default-target" value="build" />
    <property name="env.GIT_ASKPASS" value="echo" />
    <property name="env.HOME" value="/home/travis" />
    <property name="sun.java.command" value="org.apache.tools.ant.taskdefs.optional.junit.JUnitTestRunner ptolemy.domains.de.test.junit.JUnitTclTest skipNonTests=false filtertrace=true haltOnError=false haltOnFailure=false formatter=org.apache.tools.ant.taskdefs.optional.junit.OutErrSummaryJUnitResultFormatter showoutput=true outputtoformatters=true logfailedtests=true threadid=0 logtestlistenerevents=false formatter=org.apache.tools.ant.taskdefs.optional.junit.XMLJUnitResultFormatter,/home/travis/build/icyphy/ptII/reports/junit/TEST-ptolemy.domains.de.test.junit.JUnitTclTest.xml crashfile=/home/travis/build/icyphy/ptII/junitvmwatcher2939871739206377198.properties propsfile=/home/travis/build/icyphy/ptII/junit1759829922245790953.properties" />
    <property name="env.MANPATH" value="/home/travis/.nvm/versions/node/v7.10.1/share/man:/home/travis/.kiex/elixirs/elixir-1.4.5/man:/home/travis/.rvm/rubies/ruby-2.4.1/share/man:/usr/local/man:/usr/local/cmake-3.9.2/man:/usr/local/clang-5.0.0/share/man:/usr/local/share/man:/usr/share/man:/home/travis/.rvm/man" />
    <property name="env.COMPOSER_NO_INTERACTION" value="1" />
    <property name="env.JDK_SWITCHER_DEFAULT" value="oraclejdk8" />
    <property name="ant.file" value="/home/travis/build/icyphy/ptII/build.xml" />
    <property name="env.TRAVIS_COMMIT_RANGE" value="acdb457eebaf...acb5d40486da" />
    <property name="env._system_name" value="Ubuntu" />
    <property name="timeout" value="2400000" />
    <property name="ptII.classpath.optional.property" value="/home/travis/build/icyphy/ptII/lib/bsh-2.0b4.jar:/home/travis/build/icyphy/ptII/lib/ptCal.jar:/home/travis/build/icyphy/ptII/lib/java_cup.jar:/home/travis/build/icyphy/ptII/lib/saxon8.jar:/home/travis/build/icyphy/ptII/lib/saxon8-dom.jar:/home/travis/build/icyphy/ptII/lib/chic.jar:/home/travis/build/icyphy/ptII/lib/ptcolt.jar:/usr/lib/jvm/java-8-oracle/lib/tools.jar:/usr/lib/eclipse/plugins/org.eclipse.jdt.core_3.8.2.dist.jar:/usr/lib/eclipse/plugins/org.eclipse.core.runtime_3.8.0.dist.jar:/usr/lib/eclipse/plugins/org.eclipse.osgi_3.8.1.dist.jar:/usr/lib/eclipse/plugins/org.eclipse.core.resources_3.8.1.dist.jar:/usr/lib/eclipse/plugins/org.eclipse.equinox.common_3.6.100.dist.jar:/usr/lib/eclipse/plugins/org.eclipse.core.jobs_3.5.200.dist.jar:/usr/lib/eclipse/plugins/org.eclipse.core.contenttype_3.4.200.dist.jar:/usr/lib/eclipse/plugins/org.eclipse.equinox.preferences_3.5.0.dist.jar:/usr/lib/eclipse/plugins/org.eclipse.text_3.5.200.dist.jar:/usr/lib/eclipse/plugins/org.eclipse.ui.workbench_3.8.1.dist.jar:/usr/lib/eclipse/plugins/org.eclipse.jface_3.8.0.dist.jar:/usr/lib/eclipse/plugins/org.eclipse.swt_3.8.2.jar:/usr/lib/eclipse/plugins/org.eclipse.jface.text_3.8.1.dist.jar:/usr/lib/eclipse/plugins/org.eclipse.ui.workbench.texteditor_3.8.0.dist.jar:/usr/lib/eclipse/plugins/org.eclipse.ui.editors_3.8.0.dist.jar:/usr/lib/eclipse/plugins/org.eclipse.core.commands_3.6.1.dist.jar:/usr/lib/eclipse/plugins/org.eclipse.equinox.registry_3.5.200.dist.jar:/usr/lib/eclipse/plugins/org.eclipse.ui.console_3.5.100.dist.jar:/usr/lib/eclipse/plugins/org.eclipse.ui.forms_3.5.200.dist.jar:/usr/lib/eclipse/plugins/org.eclipse.ui.ide_3.8.1.dist.jar:/home/travis/build/icyphy/ptII/vendors/oracle/dbxml.jar:/home/travis/build/icyphy/ptII/vendors/oracle/db.jar:/home/travis/build/icyphy/ptII/vendors/misc/itext/iText.jar:/home/travis/build/icyphy/ptII/lib/g4ltl.jar:/home/travis/build/icyphy/ptII/lib/StructuralCoder.jar:/home/travis/build/icyphy/ptII/lib/org-openide-util.jar:/home/travis/build/icyphy/ptII/lib/org-openide-util-lookup.jar:/home/travis/build/icyphy/ptII/lib/org-netbeans-api-visual.jar:/home/travis/build/icyphy/ptII/vendors/jai-1_1_2_01/lib/jai_core.jar:/home/travis/build/icyphy/ptII/vendors/jai-1_1_2_01/lib/jai_codec.jar:/home/travis/build/icyphy/ptII/lib/jcerti.jar:/home/travis/build/icyphy/ptII/lib/smack.jar:/home/travis/build/icyphy/ptII/lib/smackx.jar:/home/travis/build/icyphy/ptII/lib/jetty-all-8.1.5-v20120716.jar:/home/travis/build/icyphy/ptII/lib/javax.servlet-api-3.0.1.jar:/home/travis/build/icyphy/ptII/lib/javax.mail.jar:/home/travis/build/icyphy/ptII/vendors/JMF-2.1.1e/lib/jmf.jar:/home/travis/build/icyphy/ptII/lib/jna-4.0.0-variadic.jar:/home/travis/build/icyphy/ptII/vendors/misc/joystick/Joystick.jar:/home/travis/build/icyphy/ptII/lib/ptjacl.jar:/home/travis/build/icyphy/ptII/lib/jsoup-1.8.2.jar:/home/travis/build/icyphy/ptII/lib/junit-4.8.2.jar:/home/travis/build/icyphy/ptII/lib/JUnitParams-0.4.0.jar:/home/travis/build/icyphy/ptII/ptolemy/actor/lib/excel/jxl.jar:/home/travis/build/icyphy/ptII/lib/jython.jar:/home/travis/build/icyphy/ptII/lib/kieler.jar:/home/travis/build/icyphy/ptII/vendors/opencv/share/OpenCV/java/opencv-341.jar:/home/travis/build/icyphy/ptII/lib/oscP5.jar:/home/travis/build/icyphy/ptII/lib/nrjavaserial-3.11.0.devel.jar:/usr/share/java/j3dcore.jar:/usr/share/java/j3dutils.jar:/usr/share/java/vecmath.jar:/home/travis/build/icyphy/ptII/ptolemy/distributed/jini/jar/jini-core.jar:/home/travis/build/icyphy/ptII/ptolemy/distributed/jini/jar/jini-ext.jar:/home/travis/build/icyphy/ptII/ptolemy/distributed/jini/jar/sun-util.jar:/home/travis/build/icyphy/ptII/lib/protobuf-java-2.4.1.jar:/home/travis/build/icyphy/ptII/lib/org.eclipse.paho.client.mqttv3.jar:/home/travis/build/icyphy/ptII/ptserver/lib/hessian-4.0.7.jar:/home/travis/build/icyphy/ptII/ptserver/lib/wmqtt.jar:/home/travis/build/icyphy/ptII/lib/mapss.jar:/home/travis/build/icyphy/ptII/ptolemy/actor/ptalon/antlr/antlr.jar:/home/travis/build/icyphy/ptII/lib/JRI.jar:/home/travis/build/icyphy/ptII/lib/commons-lang-2.6.jar:/home/travis/build/icyphy/ptII/lib/commons-logging-1.1.1.jar:/home/travis/build/icyphy/ptII/lib/sootclasses.jar:/home/travis/build/icyphy/ptII/ptolemy/actor/lib/database/mysql-connector-java-5.1.6-bin.jar:/home/travis/build/icyphy/ptII/vendors/misc/sphinx4/sphinx4-data-5prealpha.jar:/home/travis/build/icyphy/ptII/vendors/misc/sphinx4/sphinx4-core-5prealpha.jar:/home/travis/build/icyphy/ptII/lib/PDFRenderer.jar:/home/travis/build/icyphy/ptII/lib/svgSalamander.jar:/home/travis/build/icyphy/ptII/lib/rsyntaxtextarea-2.6.0-SNAPSHOT.jar:/home/travis/build/icyphy/ptII/lib/hazelcast-3.8.2.jar:/home/travis/build/icyphy/ptII/lib/jackson-annotations-2.9.0.jar:/home/travis/build/icyphy/ptII/lib/jackson-core-2.9.3.jar:/home/travis/build/icyphy/ptII/lib/jackson-databind-2.9.3.jar:/home/travis/build/icyphy/ptII/lib/netty-buffer-4.1.19.Final.jar:/home/travis/build/icyphy/ptII/lib/netty-codec-4.1.19.Final.jar:/home/travis/build/icyphy/ptII/lib/netty-codec-dns-4.1.19.Final.jar:/home/travis/build/icyphy/ptII/lib/netty-codec-http-4.1.19.Final.jar:/home/travis/build/icyphy/ptII/lib/netty-codec-http2-4.1.19.Final.jar:/home/travis/build/icyphy/ptII/lib/netty-common-4.1.19.Final.jar:/home/travis/build/icyphy/ptII/lib/netty-handler-4.1.19.Final.jar:/home/travis/build/icyphy/ptII/lib/netty-resolver-4.1.19.Final.jar:/home/travis/build/icyphy/ptII/lib/netty-resolver-dns-4.1.19.Final.jar:/home/travis/build/icyphy/ptII/lib/netty-transport-4.1.19.Final.jar:/home/travis/build/icyphy/ptII/lib/vertx-codegen-3.5.1.jar:/home/travis/build/icyphy/ptII/lib/vertx-core-3.5.2-SNAPSHOT.jar:/home/travis/build/icyphy/ptII/lib/vertx-hazelcast-3.5.1.jar:/home/travis/build/icyphy/ptII/lib/vertx-lang-js-3.5.1.jar:/home/travis/build/icyphy/ptII/lib/vertx-service-proxy-3.5.1.jar:/home/travis/build/icyphy/ptII/lib/vertx-web-3.5.1.jar:/home/travis/build/icyphy/ptII/lib/slf4j-api-1.7.13.jar:/home/travis/build/icyphy/ptII/lib/slf4j-simple-1.7.13.jar:/home/travis/build/icyphy/ptII/lib/webcam-capture-0.3.12.jar:/home/travis/build/icyphy/ptII/lib/bridj-0.7.0.jar:/home/travis/build/icyphy/ptII/lib/xbjlib-1.1.0.nrjavaserial.jar" />
    <property name="test.batch" value="**/junit/*.java" />
    <property name="env._" value="/usr/bin/timeout" />
    <property name="java.io.tmpdir" value="/tmp" />
    <property name="user.language" value="en" />
    <property name="env.HISTCONTROL" value="ignoredups:ignorespace" />
    <property name="env.GOROOT" value="/home/travis/.gimme/versions/go1.7.4.linux.amd64" />
    <property name="line.separator" value="&#xa;" />
    <property name="target" value="1.8" />
    <property name="env.TRAVIS_BUILD_DIR" value="/home/travis/build/icyphy/ptII" />
    <property name="env.ANT_OPTS" value="-Xmx2048m" />
    <property name="ant.file.type" value="file" />
    <property name="ptolemy.ptII.batchMode" value="true" />
    <property name="env.HISTSIZE" value="1000" />
    <property name="env.MERB_ENV" value="test" />
    <property name="java.vm.info" value="mixed mode" />
    <property name="source" value="1.8" />
    <property name="java.vm.specification.name" value="Java Virtual Machine Specification" />
    <property name="env.TRAVIS_TEST_RESULT" value="0" />
    <property name="jsdoc.command" value="node_modules/@terraswarm/jsdoc/jsdoc.js" />
    <property name="npm.works" value="true" />
    <property name="cobertura.dir" value="/home/travis/build/icyphy/ptII/vendors/cobertura-2.0.3" />
    <property name="env.rvm_path" value="/home/travis/.rvm" />
    <property name="env.GEM_PATH" value="/home/travis/.rvm/gems/ruby-2.4.1:/home/travis/.rvm/gems/ruby-2.4.1@global" />
    <property name="env.LC_CTYPE" value="en_US.UTF-8" />
    <property name="java.awt.printerjob" value="sun.print.PSPrinterJob" />
    <property name="env.TRAVIS_STACK_NAME" value="garnet" />
    <property name="ant.version" value="Apache Ant(TM) version 1.10.1 compiled on February 2 2017" />
    <property name="ptII.reports" value="/home/travis/build/icyphy/ptII/reports" />
    <property name="env.TRAVIS_STACK_TIMESTAMP" value="2017-12-05 19:33:09 UTC" />
    <property name="ant.file.type.ptII" value="file" />
    <property name="env.RBENV_SHELL" value="bash" />
    <property name="os.name" value="Linux" />
    <property name="java.specification.vendor" value="Oracle Corporation" />
    <property name="env.rvm_version" value="1.29.3 (latest)" />
    <property name="env.TERM" value="xterm" />
    <property name="java.vm.name" value="Java HotSpot(TM) 64-Bit Server VM" />
    <property name="env.TRAVIS_BUILD_NUMBER" value="540" />
    <property name="env.CI" value="true" />
    <property name="java.library.path" value="/home/travis/pthla/certi-tools/lib:/usr/lib/jni:/usr/local/share/OpenCV/java/:/usr/share/OpenCV/java::/usr/java/packages/lib/amd64:/usr/lib64:/lib64:/lib:/usr/lib" />
    <property name="env.rvm_prefix" value="/home/travis" />
    <property name="env.PATH" value="/home/travis/pthla/certi-tools/share/scripts:/home/travis/.rvm/gems/ruby-2.4.1/bin:/home/travis/.rvm/gems/ruby-2.4.1@global/bin:/home/travis/.rvm/rubies/ruby-2.4.1/bin:/home/travis/.rvm/bin:/home/travis/.nvm/versions/node/v7.10.1/bin:./node_modules/.bin:/home/travis/build/icyphy/ptII/bin:/home/travis/pthla/certi-tools/bin:/home/travis/bin:/home/travis/.local/bin:/opt/pyenv/shims:/home/travis/.phpenv/shims:/home/travis/perl5/perlbrew/bin:/home/travis/.kiex/elixirs/elixir-1.4.5/bin:/home/travis/.kiex/bin:/home/travis/gopath/bin:/home/travis/.gimme/versions/go1.7.4.linux.amd64/bin:/usr/local/phantomjs/bin:/usr/local/phantomjs:/usr/local/neo4j-3.2.7/bin:/usr/local/maven-3.5.2/bin:/usr/local/cmake-3.9.2/bin:/usr/local/clang-5.0.0/bin:/usr/local/sbin:/usr/local/bin:/usr/sbin:/usr/bin:/sbin:/bin:/home/travis/.phpenv/bin:/opt/pyenv/bin:/home/travis/.yarn/bin" />
    <property name="env.TRAVIS_OS_NAME" value="linux" />
    <property name="ant.java.version" value="1.8" />
    <property name="basedir" value="/home/travis/build/icyphy/ptII" />
    <property name="java.class.version" value="52.0" />
    <property name="env.SHLVL" value="3" />
    <property name="env.LD_LIBRARY_PATH" value="/home/travis/pthla/certi-tools/lib:/usr/lib/jni:/usr/local/share/OpenCV/java/:/usr/share/OpenCV/java:" />
    <property name="env.RACK_ENV" value="test" />
    <property name="ant.home" value="/home/travis/build/icyphy/ptII/ant" />
    <property name="env.NVM_DIR" value="/home/travis/.nvm" />
    <property name="env.PERLBREW_BASHRC_VERSION" value="0.80" />
    <property name="env.CERTI_FOM_PATH" value="/home/travis/pthla/certi-tools/share/federations" />
    <property name="env.TRAVIS_BUILD_ID" value="389734634" />
    <property name="env.PYENV_ROOT" value="/opt/pyenv" />
    <property name="env.TRAVIS_UID" value="2000" />
    <property name="env.rvm_pretty_print_flag" value="auto" />
    <property name="env.NVM_BIN" value="/home/travis/.nvm/versions/node/v7.10.1/bin" />
    <property name="env.TRAVIS_COMMIT" value="acb5d40486dad3bb5e8b803453a982ae5a54873e" />
    <property name="env._system_arch" value="x86_64" />
    <property name="node.executable" value="node" />
    <property name="sun.boot.library.path" value="/usr/lib/jvm/java-8-oracle/jre/lib/amd64" />
    <property name="sun.management.compiler" value="HotSpot 64-Bit Tiered Compilers" />
    <property name="env.GOPATH" value="/home/travis/gopath" />
    <property name="java.awt.graphicsenv" value="sun.awt.X11GraphicsEnvironment" />
    <property name="ptolemy.ptII.dir" value="/home/travis/build/icyphy/ptII" />
    <property name="env.USER" value="travis" />
    <property name="env.HISTFILESIZE" value="2000" />
    <property name="timeout.longest" value="19000000" />
    <property name="env.TRAVIS_STACK_FEATURES" value="basic cassandra chromium couchdb disabled-ipv6 docker docker-compose elasticsearch firefox go-toolchain google-chrome jdk memcached mongodb mysql neo4j nodejs_interpreter perl_interpreter perlbrew phantomjs postgresql python_interpreter rabbitmq redis riak ruby_interpreter sqlite xserver" />
    <property name="env.TRAVIS_PULL_REQUEST" value="false" />
    <property name="env.PYENV_SHELL" value="bash" />
    <property name="ant.project.name" value="ptII" />
    <property name="java.vm.specification.version" value="1.8" />
    <property name="env.CERTI_VERSION" value="4.0.0" />
    <property name="env.NLSPATH" value="/usr/dt/lib/nls/msg/%L/%N.cat" />
    <property name="awt.toolkit" value="sun.awt.X11.XToolkit" />
    <property name="env.CERTI_HOST" value="localhost" />
    <property name="env.MY_RUBY_HOME" value="/home/travis/.rvm/rubies/ruby-2.4.1" />
    <property name="sun.cpu.isalist" value="" />
    <property name="java.ext.dirs" value="/usr/lib/jvm/java-8-oracle/jre/lib/ext:/usr/java/packages/lib/ext" />
    <property name="os.version" value="4.4.0-101-generic" />
    <property name="user.home" value="/home/travis" />
    <property name="env.MIX_ARCHIVES" value="/home/travis/.kiex/mix/elixir-1.4.5" />
    <property name="java.vm.vendor" value="Oracle Corporation" />
    <property name="env.TRAVIS_TAG" value="nightly" />
    <property name="env.TRAVIS_FILTERED" value="redirect_io" />
    <property name="javadoc.excludepackagenames" value="adm.cvs2svn.*,build.*,config.*,doc.coding.templates.*,jni.test.jni.meaningOfLife.*,jni.test.jni.testDeux.*,jni.test.jni.testTrois.*,org.terraswarm.accessor.accessors.web.node_modules.*,org.terraswarm.accessor.accessors.web.hosts.cordova.demo.*,org.terraswarm.accessor.accessors.web.hosts.cordova.plugins.*,org.terraswarm.accessor.accessors-svn.*,pt-modules.*,ptolemy.apps.agilent.*,ptolemy.apps.anytimecontrol.*,ptolemy.apps.apes.*,ptolemy.apps.charon.*,ptolemy.apps.crazyboard.*,ptolemy.apps.eclipse.*,ptolemy.apps.etherealSting.*,ptolemy.apps.fullscreen.*,ptolemy.apps.giotto.*,ptolemy.apps.ia.*,ptolemy.apps.interfaces.*,ptolemy.apps.jmf.*,ptolemy.apps.kurt.*,ptolemy.apps.kvm.*,ptolemy.apps.lego.*,ptolemy.apps.lejos.*,ptolemy.apps.midp.*,ptolemy.apps.mobileCoding.*,ptolemy.apps.pendulum.*,ptolemy.apps.rijndael.*,ptolemy.apps.robot.*,ptolemy.apps.security.*,ptolemy.apps.sobel.*,ptolemy.apps.soot.*,ptolemy.apps.throttle.*,ptolemy.apps.tini.*,ptolemy.apps.transmission.*,ptolemy.apps.vergil.*,ptolemy.apps.waba.*,ptolemy.apps.websensor.*,ptolemy.apps.webstart.*,ptolemy.apps.xsl.*,ptolemy.apps.zaurus.*,ptolemy.backtrack.eclipse.plugin.*,ptolemy.backtrack.test.*,ptolemy.codegen.c.actor.lib.oldJavaFiles.*,ptolemy.codegen.dsp.lib.*,ptolemy.codegen.kernel.newInterfaces.*,ptolemy.codegen.lib.*,ptolemy.copernicus.kernel.fragment.*,ptolemy.copernicus.shallow.cg.*,ptolemy.domains.giotto.demo.Hierarchy.Hierarchy.*,ptolemy.domains.giotto.demo.Multimode.Multimode.*,ptolemy.domains.giotto.demo.Simple.Simple.*,ptolemy.domains.gr.lib.experimental.*,ptolemy.domains.gro.*,ptolemy.domains.pdf.*,ptolemy.domains.ptinyos.demo.Surge.output.*,ptolemy.moml.test.NoPackageActor.java*,ptolemy.plot.adm.*,ptolemy.plot.servlet.*,reports.*,signed.*,src.*,target.*,vendors.*,ptolemy.cg.adapter.generic.program.procedural.c.mbed*,ptolemy.actor.lib.fmi.fmus.omc*,ptolemy.domains.openmodelica*,ptdb.kernel.bl.save.test.*,ptdb.kernel.bl.load.test.*,ptdb.kernel.bl.search.test.*,ptdb.kernel.bl.migration.test.*,ptdb.kernel.database.test.*,ptdb.test.*,ptdb.gui.test.*,org.ptolemy.scala.*,diva.util.java2d.svg.*,ptolemy.domains.ptinyos.*,ptolemy.actor.lib.fmi.fmipp.*,,org.terraswarm.accessor.accessors.web.node_modules.*,org.terraswarm.accessor.accessors-svn,ptolemy.actor.ptalon.demo.ptinyos.SendAndReceiveCnt.output,ptolemy.actor.ptalon.demo.ptinyos.SenseToLeds.output,ptolemy.domains.ptinyos.demo.CntToLedsAndRfm.output,ptolemy.domains.ptinyos.demo.RfmToLeds.output,ptolemy.domains.ptinyos.demo.SendAndReceiveCnt.output,ptolemy.domains.ptinyos.demo.SenseToLeds.output,ptolemy.actor.lib.jjs.modules.udpSocket.*" />
    <property name="env.JAVA_HOME" value="/usr/lib/jvm/java-8-oracle" />
    <property name="env.PTII" value="/home/travis/build/icyphy/ptII" />
    <property name="env.TRAVIS_COMMIT_MESSAGE" value="Use the demos.htm page from configs/doc.  Use github issues." />
    <property name="keystore" value="ptKeystore" />
    <property name="env.XDG_SESSION_ID" value="2" />
    <property name="junit.output.dir" value="/home/travis/build/icyphy/ptII/reports/junit" />
    <property name="npm.return.code" value="0" />
    <property name="user.dir" value="/home/travis/build/icyphy/ptII/ptolemy/domains/de/test" />
    <property name="env.TRAVIS_NODE_VERSION" value="7" />
    <property name="env.XFILESEARCHPATH" value="/usr/dt/app-defaults/%L/Dt" />
    <property name="env.TRAVIS_EVENT_TYPE" value="push" />
    <property name="env.MAIL" value="/var/mail/travis" />
    <property name="env.PWD" value="/home/travis/build/icyphy/ptII" />
    <property name="env.PERLBREW_ROOT" value="/home/travis/perl5/perlbrew" />
    <property name="timeout.npm" value="45000" />
    <property name="env.PT_TRAVIS_TEST_CORE2_XML" value="true" />
    <property name="env.PAGER" value="cat" />
    <property name="sun.cpu.endian" value="little" />
    <property name="env.TRAVIS_BUILD_STAGE_NAME" value="Test" />
    <property name="env.PERLBREW_HOME" value="/home/travis/.perlbrew" />
    <property name="env.RAILS_ENV" value="test" />
    <property name="java.vm.version" value="25.151-b12" />
    <property name="java.class.path" value="/home/travis/build/icyphy/ptII:/home/travis/build/icyphy/ptII/lib/bsh-2.0b4.jar:/home/travis/build/icyphy/ptII/lib/ptCal.jar:/home/travis/build/icyphy/ptII/lib/java_cup.jar:/home/travis/build/icyphy/ptII/lib/saxon8.jar:/home/travis/build/icyphy/ptII/lib/saxon8-dom.jar:/home/travis/build/icyphy/ptII/lib/chic.jar:/home/travis/build/icyphy/ptII/lib/ptcolt.jar:/usr/lib/jvm/java-8-oracle/lib/tools.jar:/usr/lib/eclipse/plugins/org.eclipse.jdt.core_3.8.2.dist.jar:/usr/lib/eclipse/plugins/org.eclipse.core.runtime_3.8.0.dist.jar:/usr/lib/eclipse/plugins/org.eclipse.osgi_3.8.1.dist.jar:/usr/lib/eclipse/plugins/org.eclipse.core.resources_3.8.1.dist.jar:/usr/lib/eclipse/plugins/org.eclipse.equinox.common_3.6.100.dist.jar:/usr/lib/eclipse/plugins/org.eclipse.core.jobs_3.5.200.dist.jar:/usr/lib/eclipse/plugins/org.eclipse.core.contenttype_3.4.200.dist.jar:/usr/lib/eclipse/plugins/org.eclipse.equinox.preferences_3.5.0.dist.jar:/usr/lib/eclipse/plugins/org.eclipse.text_3.5.200.dist.jar:/usr/lib/eclipse/plugins/org.eclipse.ui.workbench_3.8.1.dist.jar:/usr/lib/eclipse/plugins/org.eclipse.jface_3.8.0.dist.jar:/usr/lib/eclipse/plugins/org.eclipse.swt_3.8.2.jar:/usr/lib/eclipse/plugins/org.eclipse.jface.text_3.8.1.dist.jar:/usr/lib/eclipse/plugins/org.eclipse.ui.workbench.texteditor_3.8.0.dist.jar:/usr/lib/eclipse/plugins/org.eclipse.ui.editors_3.8.0.dist.jar:/usr/lib/eclipse/plugins/org.eclipse.core.commands_3.6.1.dist.jar:/usr/lib/eclipse/plugins/org.eclipse.equinox.registry_3.5.200.dist.jar:/usr/lib/eclipse/plugins/org.eclipse.ui.console_3.5.100.dist.jar:/usr/lib/eclipse/plugins/org.eclipse.ui.forms_3.5.200.dist.jar:/usr/lib/eclipse/plugins/org.eclipse.ui.ide_3.8.1.dist.jar:/home/travis/build/icyphy/ptII/vendors/oracle/dbxml.jar:/home/travis/build/icyphy/ptII/vendors/oracle/db.jar:/home/travis/build/icyphy/ptII/vendors/misc/itext/iText.jar:/home/travis/build/icyphy/ptII/lib/g4ltl.jar:/home/travis/build/icyphy/ptII/lib/StructuralCoder.jar:/home/travis/build/icyphy/ptII/lib/org-openide-util.jar:/home/travis/build/icyphy/ptII/lib/org-openide-util-lookup.jar:/home/travis/build/icyphy/ptII/lib/org-netbeans-api-visual.jar:/home/travis/build/icyphy/ptII/vendors/jai-1_1_2_01/lib/jai_core.jar:/home/travis/build/icyphy/ptII/vendors/jai-1_1_2_01/lib/jai_codec.jar:/home/travis/build/icyphy/ptII/lib/jcerti.jar:/home/travis/build/icyphy/ptII/lib/smack.jar:/home/travis/build/icyphy/ptII/lib/smackx.jar:/home/travis/build/icyphy/ptII/lib/jetty-all-8.1.5-v20120716.jar:/home/travis/build/icyphy/ptII/lib/javax.servlet-api-3.0.1.jar:/home/travis/build/icyphy/ptII/lib/javax.mail.jar:/home/travis/build/icyphy/ptII/vendors/JMF-2.1.1e/lib/jmf.jar:/home/travis/build/icyphy/ptII/lib/jna-4.0.0-variadic.jar:/home/travis/build/icyphy/ptII/vendors/misc/joystick/Joystick.jar:/home/travis/build/icyphy/ptII/lib/ptjacl.jar:/home/travis/build/icyphy/ptII/lib/jsoup-1.8.2.jar:/home/travis/build/icyphy/ptII/lib/junit-4.8.2.jar:/home/travis/build/icyphy/ptII/lib/JUnitParams-0.4.0.jar:/home/travis/build/icyphy/ptII/ptolemy/actor/lib/excel/jxl.jar:/home/travis/build/icyphy/ptII/lib/jython.jar:/home/travis/build/icyphy/ptII/lib/kieler.jar:/home/travis/build/icyphy/ptII/vendors/opencv/share/OpenCV/java/opencv-341.jar:/home/travis/build/icyphy/ptII/lib/oscP5.jar:/home/travis/build/icyphy/ptII/lib/nrjavaserial-3.11.0.devel.jar:/usr/share/java/j3dcore.jar:/usr/share/java/j3dutils.jar:/usr/share/java/vecmath.jar:/home/travis/build/icyphy/ptII/ptolemy/distributed/jini/jar/jini-core.jar:/home/travis/build/icyphy/ptII/ptolemy/distributed/jini/jar/jini-ext.jar:/home/travis/build/icyphy/ptII/ptolemy/distributed/jini/jar/sun-util.jar:/home/travis/build/icyphy/ptII/lib/protobuf-java-2.4.1.jar:/home/travis/build/icyphy/ptII/lib/org.eclipse.paho.client.mqttv3.jar:/home/travis/build/icyphy/ptII/ptserver/lib/hessian-4.0.7.jar:/home/travis/build/icyphy/ptII/ptserver/lib/wmqtt.jar:/home/travis/build/icyphy/ptII/lib/mapss.jar:/home/travis/build/icyphy/ptII/ptolemy/actor/ptalon/antlr/antlr.jar:/home/travis/build/icyphy/ptII/lib/JRI.jar:/home/travis/build/icyphy/ptII/lib/commons-lang-2.6.jar:/home/travis/build/icyphy/ptII/lib/commons-logging-1.1.1.jar:/home/travis/build/icyphy/ptII/lib/sootclasses.jar:/home/travis/build/icyphy/ptII/ptolemy/actor/lib/database/mysql-connector-java-5.1.6-bin.jar:/home/travis/build/icyphy/ptII/vendors/misc/sphinx4/sphinx4-data-5prealpha.jar:/home/travis/build/icyphy/ptII/vendors/misc/sphinx4/sphinx4-core-5prealpha.jar:/home/travis/build/icyphy/ptII/lib/PDFRenderer.jar:/home/travis/build/icyphy/ptII/lib/svgSalamander.jar:/home/travis/build/icyphy/ptII/lib/rsyntaxtextarea-2.6.0-SNAPSHOT.jar:/home/travis/build/icyphy/ptII/lib/hazelcast-3.8.2.jar:/home/travis/build/icyphy/ptII/lib/jackson-annotations-2.9.0.jar:/home/travis/build/icyphy/ptII/lib/jackson-core-2.9.3.jar:/home/travis/build/icyphy/ptII/lib/jackson-databind-2.9.3.jar:/home/travis/build/icyphy/ptII/lib/netty-buffer-4.1.19.Final.jar:/home/travis/build/icyphy/ptII/lib/netty-codec-4.1.19.Final.jar:/home/travis/build/icyphy/ptII/lib/netty-codec-dns-4.1.19.Final.jar:/home/travis/build/icyphy/ptII/lib/netty-codec-http-4.1.19.Final.jar:/home/travis/build/icyphy/ptII/lib/netty-codec-http2-4.1.19.Final.jar:/home/travis/build/icyphy/ptII/lib/netty-common-4.1.19.Final.jar:/home/travis/build/icyphy/ptII/lib/netty-handler-4.1.19.Final.jar:/home/travis/build/icyphy/ptII/lib/netty-resolver-4.1.19.Final.jar:/home/travis/build/icyphy/ptII/lib/netty-resolver-dns-4.1.19.Final.jar:/home/travis/build/icyphy/ptII/lib/netty-transport-4.1.19.Final.jar:/home/travis/build/icyphy/ptII/lib/vertx-codegen-3.5.1.jar:/home/travis/build/icyphy/ptII/lib/vertx-core-3.5.2-SNAPSHOT.jar:/home/travis/build/icyphy/ptII/lib/vertx-hazelcast-3.5.1.jar:/home/travis/build/icyphy/ptII/lib/vertx-lang-js-3.5.1.jar:/home/travis/build/icyphy/ptII/lib/vertx-service-proxy-3.5.1.jar:/home/travis/build/icyphy/ptII/lib/vertx-web-3.5.1.jar:/home/travis/build/icyphy/ptII/lib/slf4j-api-1.7.13.jar:/home/travis/build/icyphy/ptII/lib/slf4j-simple-1.7.13.jar:/home/travis/build/icyphy/ptII/lib/webcam-capture-0.3.12.jar:/home/travis/build/icyphy/ptII/lib/bridj-0.7.0.jar:/home/travis/build/icyphy/ptII/lib/xbjlib-1.1.0.nrjavaserial.jar:/home/travis/build/icyphy/ptII/ptolemy/moml/test:/home/travis/build/icyphy/ptII/ant/lib/ant-launcher.jar:/home/travis/build/icyphy/ptII/ant/lib/ant.jar:/home/travis/build/icyphy/ptII/ant/lib/ant-junit.jar:/home/travis/build/icyphy/ptII/ant/lib/ant-junit4.jar" />
    <property name="ant.library.dir" value="/home/travis/build/icyphy/ptII/ant/lib" />
    <property name="os.arch" value="amd64" />
    <property name="env.TRAVIS_LANGUAGE" value="node_js" />
    <property name="env.CONTINUOUS_INTEGRATION" value="true" />
    <property name="env.TRAVIS_STACK_LANGUAGES" value="__garnet__ c c++ clojure cplusplus cpp default go groovy java node_js php pure_java python ruby scala" />
    <property name="test.name" value="ptolemy.actor.lib.test.junit.JUnitTclTest" />
    <property name="sun.java.launcher" value="SUN_STANDARD" />
    <property name="env.PYTHON_CONFIGURE_OPTS" value="--enable-unicode=ucs4 --with-wide-unicode --enable-shared --enable-ipv6 --enable-loadable-sqlite-extensions --with-computed-gotos" />
    <property name="ant.core.lib" value="/home/travis/build/icyphy/ptII/ant/lib/ant.jar" />
    <property name="java.vm.specification.vendor" value="Oracle Corporation" />
    <property name="env.BCVTB_HOME" value="/home/travis/build/icyphy/ptII/lbnl" />
    <property name="file.separator" value="/" />
    <property name="java.runtime.version" value="1.8.0_151-b12" />
    <property name="spotbugs.home" value="/home/travis/build/icyphy/ptII/vendors/spotbugs-3.1.1" />
    <property name="sun.boot.class.path" value="/usr/lib/jvm/java-8-oracle/jre/lib/resources.jar:/usr/lib/jvm/java-8-oracle/jre/lib/rt.jar:/usr/lib/jvm/java-8-oracle/jre/lib/sunrsasign.jar:/usr/lib/jvm/java-8-oracle/jre/lib/jsse.jar:/usr/lib/jvm/java-8-oracle/jre/lib/jce.jar:/usr/lib/jvm/java-8-oracle/jre/lib/charsets.jar:/usr/lib/jvm/java-8-oracle/jre/lib/jfr.jar:/usr/lib/jvm/java-8-oracle/jre/classes" />
    <property name="env.HAS_JOSH_K_SEAL_OF_APPROVAL" value="true" />
    <property name="env.TRAVIS_OSX_IMAGE" value="" />
    <property name="env.XDG_RUNTIME_DIR" value="/run/user/2000" />
    <property name="env.TRAVIS_BRANCH" value="master" />
    <property name="env.TRAVIS_JOB_ID" value="389734642" />
    <property name="env.CERTI_HOME_TRAVIS" value="/home/travis/pthla/certi-tools" />
    <property name="user.country" value="US" />
    <property name="env.SHELL" value="/bin/bash" />
    <property name="java.maxmemory.large" value="5000m" />
    <property name="model" value="" />
    <property name="env.CASHER_DIR" value="/home/travis/.casher" />
    <property name="env.NVM_CD_FLAGS" value="" />
    <property name="jshint.executable" value="/home/travis/node_modules/jshint/bin/jshint" />
    <property name="java.vendor" value="Oracle Corporation" />
    <property name="env.JRUBY_OPTS" value=" --client -J-XX:+TieredCompilation -J-XX:TieredStopAtLevel=1 -J-Xss2m -Xcompile.invokedynamic=false" />
    <property name="env.TRAVIS_PRE_CHEF_BOOTSTRAP_TIME" value="2017-12-05T19:32:55" />
    <property name="env.TRAVIS_STACK_JOB_BOARD_REGISTER" value="/.job-board-register.yml" />
    <property name="env.ELIXIR_VERSION" value="1.4.5" />
    <property name="java.specification.version" value="1.8" />
    <property name="env.IRBRC" value="/home/travis/.rvm/rubies/ruby-2.4.1/.irbrc" />
    <property name="env.TRAVIS" value="true" />
    <property name="sun.arch.data.model" value="64" />
  </properties>
  <testcase classname="ptolemy.util.test.junit.TclTests" name="[0] /home/travis/build/icyphy/ptII/ptolemy/domains/de/test/DependencyLoop.tcl (RunTclFile)" time="0.644" />
  <testcase classname="ptolemy.util.test.junit.TclTests" name="[1] /home/travis/build/icyphy/ptII/ptolemy/domains/de/test/RunDETestsAsQSS.tcl (RunTclFile)" time="87.239" />
  <testcase classname="ptolemy.util.test.junit.AutoKnownFailedTests" name="[0] /home/travis/build/icyphy/ptII/ptolemy/domains/de/test/auto/knownFailedTests/DESDFClockTest.xml (RunModel)" time="2.022" />
  <testcase classname="ptolemy.util.test.junit.AutoKnownFailedTests" name="[1] /home/travis/build/icyphy/ptII/ptolemy/domains/de/test/auto/knownFailedTests/DirectFeedback.xml (RunModel)" time="0.007" />
  <testcase classname="ptolemy.util.test.junit.AutoKnownFailedTests" name="[2] /home/travis/build/icyphy/ptII/ptolemy/domains/de/test/auto/knownFailedTests/FSMSource.xml (RunModel)" time="0.017" />
  <testcase classname="ptolemy.util.test.junit.AutoKnownFailedTests" name="[3] /home/travis/build/icyphy/ptII/ptolemy/domains/de/test/auto/knownFailedTests/HierarchicalModel.xml (RunModel)" time="0.027" />
  <testcase classname="ptolemy.util.test.junit.AutoKnownFailedTests" name="[4] /home/travis/build/icyphy/ptII/ptolemy/domains/de/test/auto/knownFailedTests/dependencyLoop.xml (RunModel)" time="0.024" />
  <testcase classname="ptolemy.util.test.junit.AutoKnownFailedTests" name="[5] /home/travis/build/icyphy/ptII/ptolemy/domains/de/test/auto/knownFailedTests/dependencyLoop2.xml (RunModel)" time="0.032" />
  <testcase classname="ptolemy.util.test.junit.AutoNameArchTests" name="[0] ThereAreNoAutoArchTests (RunModel)" time="0.005" />
  <testcase classname="ptolemy.util.test.junit.AutoTests" name="[0] /home/travis/build/icyphy/ptII/ptolemy/domains/de/test/auto/ActorDepthCalculation_actorWithoutPorts.xml (RunModel)" time="0.015" />
  <testcase classname="ptolemy.util.test.junit.AutoTests" name="[1] /home/travis/build/icyphy/ptII/ptolemy/domains/de/test/auto/AssemblyLine.xml (RunModel)" time="0.011" />
  <testcase classname="ptolemy.util.test.junit.AutoTests" name="[2] /home/travis/build/icyphy/ptII/ptolemy/domains/de/test/auto/CQBug1.xml (RunModel)" time="0.005" />
  <testcase classname="ptolemy.util.test.junit.AutoTests" name="[3] /home/travis/build/icyphy/ptII/ptolemy/domains/de/test/auto/CancelFireAt.xml (RunModel)" time="0.008" />
  <testcase classname="ptolemy.util.test.junit.AutoTests" name="[4] /home/travis/build/icyphy/ptII/ptolemy/domains/de/test/auto/CausalityAndComposabilityAnalysis.xml (RunModel)" time="0.015" />
  <testcase classname="ptolemy.util.test.junit.AutoTests" name="[5] /home/travis/build/icyphy/ptII/ptolemy/domains/de/test/auto/CausalityInterface1.xml (RunModel)" time="0.009" />
  <testcase classname="ptolemy.util.test.junit.AutoTests" name="[6] /home/travis/build/icyphy/ptII/ptolemy/domains/de/test/auto/CausalityInterface15.xml (RunModel)" time="0.01" />
  <testcase classname="ptolemy.util.test.junit.AutoTests" name="[7] /home/travis/build/icyphy/ptII/ptolemy/domains/de/test/auto/CausalityInterface2.xml (RunModel)" time="0.009" />
  <testcase classname="ptolemy.util.test.junit.AutoTests" name="[8] /home/travis/build/icyphy/ptII/ptolemy/domains/de/test/auto/CausalityInterface3.xml (RunModel)" time="0.012" />
  <testcase classname="ptolemy.util.test.junit.AutoTests" name="[9] /home/travis/build/icyphy/ptII/ptolemy/domains/de/test/auto/ClockDrift.xml (RunModel)" time="0.032" />
  <testcase classname="ptolemy.util.test.junit.AutoTests" name="[10] /home/travis/build/icyphy/ptII/ptolemy/domains/de/test/auto/ClockDriftAndValueChange.xml (RunModel)" time="0.021" />
  <testcase classname="ptolemy.util.test.junit.AutoTests" name="[11] /home/travis/build/icyphy/ptII/ptolemy/domains/de/test/auto/ClockDriftChange.xml (RunModel)" time="0.017" />
  <testcase classname="ptolemy.util.test.junit.AutoTests" name="[12] /home/travis/build/icyphy/ptII/ptolemy/domains/de/test/auto/ComposableCausalityAnalysis.xml (RunModel)" time="0.014" />
  <testcase classname="ptolemy.util.test.junit.AutoTests" name="[13] /home/travis/build/icyphy/ptII/ptolemy/domains/de/test/auto/DEFixedPointLimitation.xml (RunModel)" time="0.006" />
  <testcase classname="ptolemy.util.test.junit.AutoTests" name="[14] /home/travis/build/icyphy/ptII/ptolemy/domains/de/test/auto/DEScheduleTest.xml (RunModel)" time="0.007" />
  <testcase classname="ptolemy.util.test.junit.AutoTests" name="[15] /home/travis/build/icyphy/ptII/ptolemy/domains/de/test/auto/DEinDEwithStartTimes.xml (RunModel)" time="0.008" />
  <testcase classname="ptolemy.util.test.junit.AutoTests" name="[16] /home/travis/build/icyphy/ptII/ptolemy/domains/de/test/auto/DEinDEwithStartTimes2.xml (RunModel)" time="0.009" />
  <testcase classname="ptolemy.util.test.junit.AutoTests" name="[17] /home/travis/build/icyphy/ptII/ptolemy/domains/de/test/auto/DateDemo.xml (RunModel)" time="0.018" />
  <testcase classname="ptolemy.util.test.junit.AutoTests" name="[18] /home/travis/build/icyphy/ptII/ptolemy/domains/de/test/auto/DateToEvent.xml (RunModel)" time="2.027" />
  <testcase classname="ptolemy.util.test.junit.AutoTests" name="[19] /home/travis/build/icyphy/ptII/ptolemy/domains/de/test/auto/DepthTest1.xml (RunModel)" time="0.015" />
  <testcase classname="ptolemy.util.test.junit.AutoTests" name="[20] /home/travis/build/icyphy/ptII/ptolemy/domains/de/test/auto/DepthTest2.xml (RunModel)" time="0.024" />
  <testcase classname="ptolemy.util.test.junit.AutoTests" name="[21] /home/travis/build/icyphy/ptII/ptolemy/domains/de/test/auto/DepthTest3.xml (RunModel)" time="0.008" />
  <testcase classname="ptolemy.util.test.junit.AutoTests" name="[22] /home/travis/build/icyphy/ptII/ptolemy/domains/de/test/auto/DepthTest4.xml (RunModel)" time="0.012" />
  <testcase classname="ptolemy.util.test.junit.AutoTests" name="[23] /home/travis/build/icyphy/ptII/ptolemy/domains/de/test/auto/DepthTest5.xml (RunModel)" time="0.012" />
  <testcase classname="ptolemy.util.test.junit.AutoTests" name="[24] /home/travis/build/icyphy/ptII/ptolemy/domains/de/test/auto/DepthTest6.xml (RunModel)" time="0.011" />
  <testcase classname="ptolemy.util.test.junit.AutoTests" name="[25] /home/travis/build/icyphy/ptII/ptolemy/domains/de/test/auto/DepthTest7.xml (RunModel)" time="0.011" />
  <testcase classname="ptolemy.util.test.junit.AutoTests" name="[26] /home/travis/build/icyphy/ptII/ptolemy/domains/de/test/auto/EventToDate.xml (RunModel)" time="3.031" />
  <testcase classname="ptolemy.util.test.junit.AutoTests" name="[27] /home/travis/build/icyphy/ptII/ptolemy/domains/de/test/auto/FSM1.xml (RunModel)" time="0.044" />
  <testcase classname="ptolemy.util.test.junit.AutoTests" name="[28] /home/travis/build/icyphy/ptII/ptolemy/domains/de/test/auto/FSM7.xml (RunModel)" time="0.037" />
  <testcase classname="ptolemy.util.test.junit.AutoTests" name="[29] /home/travis/build/icyphy/ptII/ptolemy/domains/de/test/auto/Inspection.xml (RunModel)" time="0.043" />
  <testcase classname="ptolemy.util.test.junit.AutoTests" name="[30] /home/travis/build/icyphy/ptII/ptolemy/domains/de/test/auto/Iteration.xml (RunModel)" time="0.02" />
  <testcase classname="ptolemy.util.test.junit.AutoTests" name="[31] /home/travis/build/icyphy/ptII/ptolemy/domains/de/test/auto/LineFault.xml (RunModel)" time="0.557" />
  <testcase classname="ptolemy.util.test.junit.AutoTests" name="[32] /home/travis/build/icyphy/ptII/ptolemy/domains/de/test/auto/MergeModel1Add.xml (RunModel)" time="0.037" />
  <testcase classname="ptolemy.util.test.junit.AutoTests" name="[33] /home/travis/build/icyphy/ptII/ptolemy/domains/de/test/auto/MergeModel2Add.xml (RunModel)" time="0.034" />
  <testcase classname="ptolemy.util.test.junit.AutoTests" name="[34] /home/travis/build/icyphy/ptII/ptolemy/domains/de/test/auto/MergeModel3Add.xml (RunModel)" time="0.033" />
  <testcase classname="ptolemy.util.test.junit.AutoTests" name="[35] /home/travis/build/icyphy/ptII/ptolemy/domains/de/test/auto/MergeWithoutDiscard.xml (RunModel)" time="0.009" />
  <testcase classname="ptolemy.util.test.junit.AutoTests" name="[36] /home/travis/build/icyphy/ptII/ptolemy/domains/de/test/auto/Modal1.xml (RunModel)" time="0.026" />
  <testcase classname="ptolemy.util.test.junit.AutoTests" name="[37] /home/travis/build/icyphy/ptII/ptolemy/domains/de/test/auto/Modal2.xml (RunModel)" time="0.025" />
  <testcase classname="ptolemy.util.test.junit.AutoTests" name="[38] /home/travis/build/icyphy/ptII/ptolemy/domains/de/test/auto/Modal3.xml (RunModel)" time="0.026" />
  <testcase classname="ptolemy.util.test.junit.AutoTests" name="[39] /home/travis/build/icyphy/ptII/ptolemy/domains/de/test/auto/Modal4.xml (RunModel)" time="0.027" />
  <testcase classname="ptolemy.util.test.junit.AutoTests" name="[40] /home/travis/build/icyphy/ptII/ptolemy/domains/de/test/auto/Modal5.xml (RunModel)" time="0.028" />
  <testcase classname="ptolemy.util.test.junit.AutoTests" name="[41] /home/travis/build/icyphy/ptII/ptolemy/domains/de/test/auto/Modal6.xml (RunModel)" time="0.028" />
  <testcase classname="ptolemy.util.test.junit.AutoTests" name="[42] /home/travis/build/icyphy/ptII/ptolemy/domains/de/test/auto/Modal7.xml (RunModel)" time="0.028" />
  <testcase classname="ptolemy.util.test.junit.AutoTests" name="[43] /home/travis/build/icyphy/ptII/ptolemy/domains/de/test/auto/ModalModel.xml (RunModel)" time="0.154" />
  <testcase classname="ptolemy.util.test.junit.AutoTests" name="[44] /home/travis/build/icyphy/ptII/ptolemy/domains/de/test/auto/ModalSource.xml (RunModel)" time="0.018" />
  <testcase classname="ptolemy.util.test.junit.AutoTests" name="[45] /home/travis/build/icyphy/ptII/ptolemy/domains/de/test/auto/NonInterruptibleTimerZeroDelay.xml (RunModel)" time="0.011" />
  <testcase classname="ptolemy.util.test.junit.AutoTests" name="[46] /home/travis/build/icyphy/ptII/ptolemy/domains/de/test/auto/OpenQueueingNetwork.xml (RunModel)" time="2.127" />
  <testcase classname="ptolemy.util.test.junit.AutoTests" name="[47] /home/travis/build/icyphy/ptII/ptolemy/domains/de/test/auto/OpenQueuingNetwork.xml (RunModel)" time="0.267" />
  <testcase classname="ptolemy.util.test.junit.AutoTests" name="[48] /home/travis/build/icyphy/ptII/ptolemy/domains/de/test/auto/PeriodicSampler.xml (RunModel)" time="0.009" />
  <testcase classname="ptolemy.util.test.junit.AutoTests" name="[49] /home/travis/build/icyphy/ptII/ptolemy/domains/de/test/auto/PersistentIO.xml (RunModel)" time="0.025" />
  <testcase classname="ptolemy.util.test.junit.AutoTests" name="[50] /home/travis/build/icyphy/ptII/ptolemy/domains/de/test/auto/PortParameterResetOnInitialize.xml (RunModel)" time="0.011" />
  <testcase classname="ptolemy.util.test.junit.AutoTests" name="[51] /home/travis/build/icyphy/ptII/ptolemy/domains/de/test/auto/PortParameterUpdates.xml (RunModel)" time="0.014" />
  <testcase classname="ptolemy.util.test.junit.AutoTests" name="[52] /home/travis/build/icyphy/ptII/ptolemy/domains/de/test/auto/QueueAndServer.xml (RunModel)" time="0.024" />
  <testcase classname="ptolemy.util.test.junit.AutoTests" name="[53] /home/travis/build/icyphy/ptII/ptolemy/domains/de/test/auto/Records.xml (RunModel)" time="0.016" />
  <testcase classname="ptolemy.util.test.junit.AutoTests" name="[54] /home/travis/build/icyphy/ptII/ptolemy/domains/de/test/auto/ResetTransitionWithStartTime1.xml (RunModel)" time="0.016" />
  <testcase classname="ptolemy.util.test.junit.AutoTests" name="[55] /home/travis/build/icyphy/ptII/ptolemy/domains/de/test/auto/ResetTransitionWithStartTime2.xml (RunModel)" time="0.015" />
  <testcase classname="ptolemy.util.test.junit.AutoTests" name="[56] /home/travis/build/icyphy/ptII/ptolemy/domains/de/test/auto/ResetTransitionWithStartTime3.xml (RunModel)" time="0.019" />
  <testcase classname="ptolemy.util.test.junit.AutoTests" name="[57] /home/travis/build/icyphy/ptII/ptolemy/domains/de/test/auto/ResetTransitionWithStartTime4.xml (RunModel)" time="0.021" />
  <testcase classname="ptolemy.util.test.junit.AutoTests" name="[58] /home/travis/build/icyphy/ptII/ptolemy/domains/de/test/auto/ResettableTimer1.xml (RunModel)" time="0.011" />
  <testcase classname="ptolemy.util.test.junit.AutoTests" name="[59] /home/travis/build/icyphy/ptII/ptolemy/domains/de/test/auto/ResettableTimer2.xml (RunModel)" time="0.01" />
  <testcase classname="ptolemy.util.test.junit.AutoTests" name="[60] /home/travis/build/icyphy/ptII/ptolemy/domains/de/test/auto/ResettableTimer3.xml (RunModel)" time="0.008" />
  <testcase classname="ptolemy.util.test.junit.AutoTests" name="[61] /home/travis/build/icyphy/ptII/ptolemy/domains/de/test/auto/ResettableTimer4.xml (RunModel)" time="0.008" />
  <testcase classname="ptolemy.util.test.junit.AutoTests" name="[62] /home/travis/build/icyphy/ptII/ptolemy/domains/de/test/auto/ResettableTimer5.xml (RunModel)" time="0.011" />
  <testcase classname="ptolemy.util.test.junit.AutoTests" name="[63] /home/travis/build/icyphy/ptII/ptolemy/domains/de/test/auto/ResettableTimer6.xml (RunModel)" time="0.018" />
  <testcase classname="ptolemy.util.test.junit.AutoTests" name="[64] /home/travis/build/icyphy/ptII/ptolemy/domains/de/test/auto/ServerZeroDelay.xml (RunModel)" time="0.015" />
  <testcase classname="ptolemy.util.test.junit.AutoTests" name="[65] /home/travis/build/icyphy/ptII/ptolemy/domains/de/test/auto/SmartSender.xml (RunModel)" time="3.007" />
  <testcase classname="ptolemy.util.test.junit.AutoTests" name="[66] /home/travis/build/icyphy/ptII/ptolemy/domains/de/test/auto/ThreadedComposite.xml (RunModel)" time="0.178" />
  <testcase classname="ptolemy.util.test.junit.AutoTests" name="[67] /home/travis/build/icyphy/ptII/ptolemy/domains/de/test/auto/Time.xml (RunModel)" time="0.45" />
  <testcase classname="ptolemy.util.test.junit.AutoTests" name="[68] /home/travis/build/icyphy/ptII/ptolemy/domains/de/test/auto/TimeDelayZeroDelay.xml (RunModel)" time="0.01" />
  <testcase classname="ptolemy.util.test.junit.AutoTests" name="[69] /home/travis/build/icyphy/ptII/ptolemy/domains/de/test/auto/TimerZeroDelay.xml (RunModel)" time="0.009" />
  <testcase classname="ptolemy.util.test.junit.AutoTests" name="[70] /home/travis/build/icyphy/ptII/ptolemy/domains/de/test/auto/TimingParadox.xml (RunModel)" time="0.351" />
  <testcase classname="ptolemy.util.test.junit.AutoTests" name="[71] /home/travis/build/icyphy/ptII/ptolemy/domains/de/test/auto/TransferInputs.xml (RunModel)" time="0.015" />
  <testcase classname="ptolemy.util.test.junit.AutoTests" name="[72] /home/travis/build/icyphy/ptII/ptolemy/domains/de/test/auto/TransferOutputs2.xml (RunModel)" time="0.017" />
  <testcase classname="ptolemy.util.test.junit.AutoTests" name="[73] /home/travis/build/icyphy/ptII/ptolemy/domains/de/test/auto/Trilateration.xml (RunModel)" time="11.221" />
  <testcase classname="ptolemy.util.test.junit.AutoTests" name="[74] /home/travis/build/icyphy/ptII/ptolemy/domains/de/test/auto/TwoSigmaDelta.xml (RunModel)" time="1.901" />
  <testcase classname="ptolemy.util.test.junit.AutoTests" name="[75] /home/travis/build/icyphy/ptII/ptolemy/domains/de/test/auto/VariableDelay.xml (RunModel)" time="0.016" />
  <testcase classname="ptolemy.util.test.junit.AutoTests" name="[76] /home/travis/build/icyphy/ptII/ptolemy/domains/de/test/auto/VariableDelay2.xml (RunModel)" time="0.008" />
  <testcase classname="ptolemy.util.test.junit.AutoTests" name="[77] /home/travis/build/icyphy/ptII/ptolemy/domains/de/test/auto/VariableDelayZeroDelay.xml (RunModel)" time="0.012" />
  <testcase classname="ptolemy.util.test.junit.AutoTests" name="[78] /home/travis/build/icyphy/ptII/ptolemy/domains/de/test/auto/VariableDelayZeroDelay2.xml (RunModel)" time="0.009" />
  <testcase classname="ptolemy.util.test.junit.AutoTests" name="[79] /home/travis/build/icyphy/ptII/ptolemy/domains/de/test/auto/deInCt.xml (RunModel)" time="0.012" />
  <testcase classname="ptolemy.util.test.junit.AutoTests" name="[80] /home/travis/build/icyphy/ptII/ptolemy/domains/de/test/auto/deInCt2.xml (RunModel)" time="0.012" />
  <testcase classname="ptolemy.util.test.junit.AutoTests" name="[81] /home/travis/build/icyphy/ptII/ptolemy/domains/de/test/auto/dynamicCausalityInterface1.xml (RunModel)" time="0.017" />
  <testcase classname="ptolemy.util.test.junit.AutoTests" name="[82] /home/travis/build/icyphy/ptII/ptolemy/domains/de/test/auto/fsm_de_test.xml (RunModel)" time="0.025" />
  <testcase classname="ptolemy.util.test.junit.AutoTests" name="[83] /home/travis/build/icyphy/ptII/ptolemy/domains/de/test/auto/functionDependencyReconstruction.xml (RunModel)" time="0.029" />
  <testcase classname="ptolemy.util.test.junit.AutoTests" name="[84] /home/travis/build/icyphy/ptII/ptolemy/domains/de/test/auto/multirate.xml (RunModel)" time="0.014" />
  <testcase classname="ptolemy.util.test.junit.AutoTests" name="[85] /home/travis/build/icyphy/ptII/ptolemy/domains/de/test/auto/multirate2.xml (RunModel)" time="0.013" />
  <testcase classname="ptolemy.util.test.junit.AutoTests" name="[86] /home/travis/build/icyphy/ptII/ptolemy/domains/de/test/auto/realtime.xml (RunModel)" time="10.009" />
  <testcase classname="ptolemy.util.test.junit.AutoTests" name="[87] /home/travis/build/icyphy/ptII/ptolemy/domains/de/test/auto/relationGroup.xml (RunModel)" time="0.007" />
  <testcase classname="ptolemy.util.test.junit.AutoTests" name="[88] /home/travis/build/icyphy/ptII/ptolemy/domains/de/test/auto/relationGroup2.xml (RunModel)" time="0.006" />
  <testcase classname="ptolemy.util.test.junit.AutoTests" name="[89] /home/travis/build/icyphy/ptII/ptolemy/domains/de/test/auto/sortWithOpaquePorts.xml (RunModel)" time="0.007" />
  <testcase classname="ptolemy.util.test.junit.AutoTests" name="[90] /home/travis/build/icyphy/ptII/ptolemy/domains/de/test/auto/transferInputsandOutputs.xml (RunModel)" time="0.013" />
  <testcase classname="ptolemy.util.test.junit.AutoTests" name="[91] /home/travis/build/icyphy/ptII/ptolemy/domains/de/test/auto/triggerType.xml (RunModel)" time="0.007" />
  <system-out><![CDATA[/home/travis/build/icyphy/ptII/ptolemy/domains/de/test/DependencyLoop.tcl
testDefs.tcl: setting time out to 9000 seconds at Fri Jun 08 14:29:34 UTC 2018
15 ms. Memory: 116224K Free: 95193K (82%)
6 ms. Memory: 146944K Free: 137445K (94%)
/home/travis/build/icyphy/ptII/ptolemy/domains/de/test/RunDETestsAsQSS.tcl
Run the DE tests using ptolemy.domains.qss.test.QSSDirectorTest, which extends QSSDirector and prints a message in the constructors.
------------------ testing $PTII/ptolemy/domains/de/test/auto/knownFailedTests/dependencyLoop.xml (Known Failure) 
16 ms. Memory: 146944K Free: 133172K (91%)


==== $PTIIhome/travis/build/icyphy/ptII/ptolemy/domains/de/test/../../../../: Auto Automatic test in file $PTII/ptolemy/domains/de/test/auto/knownFailedTests/dependencyLoop.xml
==== Contents of test case:

	    # FIXME: we should use $relativeFilename here, but it
	    # might have backslashes under Windows, which causes no end
	    # of trouble.
	    createAndExecute $file
	    list {}
	
.... Test generated KNOWN error:
    while executing
ptolemy.kernel.util.IllegalActionException: Found a zero delay loop containing .dependencyLoop.original
  in .dependencyLoop and .dependencyLoop.original
	at ptolemy.actor.util.CausalityInterfaceForComposites._computeOutputPortDepth(CausalityInterfaceForComposites.java:759)
	at ptolemy.actor.util.CausalityInterfaceForComposites._computeInputDepth(CausalityInterfaceForComposites.java:696)
	at ptolemy.actor.util.CausalityInterfaceForComposites._computeOutputPortDepth(CausalityInterfaceForComposites.java:765)
	at ptolemy.actor.util.CausalityInterfaceForComposites._computeInputDepth(CausalityInterfaceForComposites.java:696)
	at ptolemy.actor.util.CausalityInterfaceForComposites._computeOutputPortDepth(CausalityInterfaceForComposites.java:765)
	at ptolemy.actor.util.CausalityInterfaceForComposites._computeInputDepth(CausalityInterfaceForComposites.java:696)
	at ptolemy.actor.util.CausalityInterfaceForComposites._computeActorDepth(CausalityInterfaceForComposites.java:532)
	at ptolemy.actor.util.CausalityInterfaceForComposites.checkForCycles(CausalityInterfaceForComposites.java:96)
	at ptolemy.domains.de.kernel.DEDirector.preinitialize(DEDirector.java:1337)
	at ptolemy.actor.CompositeActor.preinitialize(CompositeActor.java:1828)
	at ptolemy.actor.Manager.preinitializeAndResolveTypes(Manager.java:1040)
	at ptolemy.actor.Manager.initialize(Manager.java:710)
	at ptolemy.actor.Manager.execute(Manager.java:356)
	at ptolemy.actor.Manager.run(Manager.java:1263)
	at ptolemy.actor.Manager$PtolemyRunThread.run(Manager.java:1915)

    while executing
ptolemy.kernel.util.IllegalActionException: Found a zero delay loop containing .dependencyLoop.original
  in .dependencyLoop and .dependencyLoop.original
    while executing
"java::new ptolemy.moml.MoMLSimpleApplication $file
"
    (procedure "createAndExecute" line 2)
    invoked from within
"createAndExecute $file"
    ("uplevel" body line 5)
    invoked from within
"uplevel $contents_of_test"
------------------ testing $PTII/ptolemy/domains/de/test/auto/knownFailedTests/DESDFClockTest.xml (Known Failure) 
2083 ms. Memory: 146944K Free: 117741K (80%)


==== $PTIIhome/travis/build/icyphy/ptII/ptolemy/domains/de/test/../../../../: Auto Automatic test in file $PTII/ptolemy/domains/de/test/auto/knownFailedTests/DESDFClockTest.xml
==== Contents of test case:

	    # FIXME: we should use $relativeFilename here, but it
	    # might have backslashes under Windows, which causes no end
	    # of trouble.
	    createAndExecute $file
	    list {}
	
.... Test generated KNOWN error:
    while executing
ptolemy.kernel.util.IllegalActionException: Actor is not ready to fire.  Perhaps UpSample.prefire() returned false? Try debugging the actor by selecting "Listen to Actor".  Also, for SDF check moml for tokenConsumptionRate on input.
  in .DESDFClockTest.Play Bell.Copy1:SDF Director and .DESDFClockTest.Play Bell.UpSample
	at ptolemy.actor.sched.StaticSchedulingDirector.fire(StaticSchedulingDirector.java:227)
	at ptolemy.domains.sdf.kernel.SDFDirector.fire(SDFDirector.java:500)
	at ptolemy.actor.CompositeActor.fire(CompositeActor.java:455)
	at ptolemy.domains.de.kernel.DEDirector._fire(DEDirector.java:1948)
	at ptolemy.domains.de.kernel.DEDirector.fire(DEDirector.java:502)
	at ptolemy.actor.CompositeActor.fire(CompositeActor.java:455)
	at ptolemy.actor.Manager.iterate(Manager.java:851)
	at ptolemy.actor.Manager.execute(Manager.java:369)
	at ptolemy.actor.Manager.run(Manager.java:1263)
	at ptolemy.actor.Manager$PtolemyRunThread.run(Manager.java:1915)

    while executing
ptolemy.kernel.util.IllegalActionException: Actor is not ready to fire.  Perhaps UpSample.prefire() returned false? Try debugging the actor by selecting "Listen to Actor".  Also, for SDF check moml for tokenConsumptionRate on input.
  in .DESDFClockTest.Play Bell.Copy1:SDF Director and .DESDFClockTest.Play Bell.UpSample
    while executing
"java::new ptolemy.moml.MoMLSimpleApplication $file
"
    (procedure "createAndExecute" line 2)
    invoked from within
"createAndExecute $file"
    ("uplevel" body line 5)
    invoked from within
"uplevel $contents_of_test"
------------------ testing $PTII/ptolemy/domains/de/test/auto/knownFailedTests/FSMSource.xml (Known Failure) 
35 ms. Memory: 146944K Free: 108201K (74%)
!!!! Auto was marked as failing, but now passes
------------------ testing $PTII/ptolemy/domains/de/test/auto/knownFailedTests/dependencyLoop2.xml (Known Failure) 
16 ms. Memory: 146944K Free: 106341K (72%)


==== $PTIIhome/travis/build/icyphy/ptII/ptolemy/domains/de/test/../../../../: Auto Automatic test in file $PTII/ptolemy/domains/de/test/auto/knownFailedTests/dependencyLoop2.xml
==== Contents of test case:

	    # FIXME: we should use $relativeFilename here, but it
	    # might have backslashes under Windows, which causes no end
	    # of trouble.
	    createAndExecute $file
	    list {}
	
.... Test generated KNOWN error:
    while executing
ptolemy.kernel.util.IllegalActionException: Found a zero delay loop containing .dependencyLoop2.original
  in .dependencyLoop2 and .dependencyLoop2.original
	at ptolemy.actor.util.CausalityInterfaceForComposites._computeOutputPortDepth(CausalityInterfaceForComposites.java:759)
	at ptolemy.actor.util.CausalityInterfaceForComposites._computeInputDepth(CausalityInterfaceForComposites.java:696)
	at ptolemy.actor.util.CausalityInterfaceForComposites._computeOutputPortDepth(CausalityInterfaceForComposites.java:765)
	at ptolemy.actor.util.CausalityInterfaceForComposites._computeInputDepth(CausalityInterfaceForComposites.java:696)
	at ptolemy.actor.util.CausalityInterfaceForComposites._computeOutputPortDepth(CausalityInterfaceForComposites.java:765)
	at ptolemy.actor.util.CausalityInterfaceForComposites._computeInputDepth(CausalityInterfaceForComposites.java:696)
	at ptolemy.actor.util.CausalityInterfaceForComposites._computeActorDepth(CausalityInterfaceForComposites.java:532)
	at ptolemy.actor.util.CausalityInterfaceForComposites.checkForCycles(CausalityInterfaceForComposites.java:96)
	at ptolemy.domains.de.kernel.DEDirector.preinitialize(DEDirector.java:1337)
	at ptolemy.actor.CompositeActor.preinitialize(CompositeActor.java:1828)
	at ptolemy.actor.Manager.preinitializeAndResolveTypes(Manager.java:1040)
	at ptolemy.actor.Manager.initialize(Manager.java:710)
	at ptolemy.actor.Manager.execute(Manager.java:356)
	at ptolemy.actor.Manager.run(Manager.java:1263)
	at ptolemy.actor.Manager$PtolemyRunThread.run(Manager.java:1915)

    while executing
ptolemy.kernel.util.IllegalActionException: Found a zero delay loop containing .dependencyLoop2.original
  in .dependencyLoop2 and .dependencyLoop2.original
    while executing
"java::new ptolemy.moml.MoMLSimpleApplication $file
"
    (procedure "createAndExecute" line 2)
    invoked from within
"createAndExecute $file"
    ("uplevel" body line 5)
    invoked from within
"uplevel $contents_of_test"
------------------ testing $PTII/ptolemy/domains/de/test/auto/knownFailedTests/HierarchicalModel.xml (Known Failure) 
5 ms. Memory: 146944K Free: 85955K (58%)


==== $PTIIhome/travis/build/icyphy/ptII/ptolemy/domains/de/test/../../../../: Auto Automatic test in file $PTII/ptolemy/domains/de/test/auto/knownFailedTests/HierarchicalModel.xml
==== Contents of test case:

	    # FIXME: we should use $relativeFilename here, but it
	    # might have backslashes under Windows, which causes no end
	    # of trouble.
	    createAndExecute $file
	    list {}
	
.... Test generated KNOWN error:
    while executing
ptolemy.kernel.util.IllegalActionException: Found a zero delay loop containing .HierarchicalModel.A
  in .HierarchicalModel and .HierarchicalModel.A
	at ptolemy.actor.util.CausalityInterfaceForComposites._computeOutputPortDepth(CausalityInterfaceForComposites.java:759)
	at ptolemy.actor.util.CausalityInterfaceForComposites._computeInputDepth(CausalityInterfaceForComposites.java:696)
	at ptolemy.actor.util.CausalityInterfaceForComposites._computeOutputPortDepth(CausalityInterfaceForComposites.java:765)
	at ptolemy.actor.util.CausalityInterfaceForComposites._computeInputDepth(CausalityInterfaceForComposites.java:696)
	at ptolemy.actor.util.CausalityInterfaceForComposites._computeOutputPortDepth(CausalityInterfaceForComposites.java:765)
	at ptolemy.actor.util.CausalityInterfaceForComposites._computeInputDepth(CausalityInterfaceForComposites.java:696)
	at ptolemy.actor.util.CausalityInterfaceForComposites._computeActorDepth(CausalityInterfaceForComposites.java:532)
	at ptolemy.actor.util.CausalityInterfaceForComposites.checkForCycles(CausalityInterfaceForComposites.java:96)
	at ptolemy.domains.de.kernel.DEDirector.preinitialize(DEDirector.java:1337)
	at ptolemy.actor.CompositeActor.preinitialize(CompositeActor.java:1828)
	at ptolemy.actor.Manager.preinitializeAndResolveTypes(Manager.java:1040)
	at ptolemy.actor.Manager.initialize(Manager.java:710)
	at ptolemy.actor.Manager.execute(Manager.java:356)
	at ptolemy.actor.Manager.run(Manager.java:1263)
	at ptolemy.actor.Manager$PtolemyRunThread.run(Manager.java:1915)

    while executing
ptolemy.kernel.util.IllegalActionException: Found a zero delay loop containing .HierarchicalModel.A
  in .HierarchicalModel and .HierarchicalModel.A
    while executing
"java::new ptolemy.moml.MoMLSimpleApplication $file
"
    (procedure "createAndExecute" line 2)
    invoked from within
"createAndExecute $file"
    ("uplevel" body line 5)
    invoked from within
"uplevel $contents_of_test"
------------------ testing $PTII/ptolemy/domains/de/test/auto/knownFailedTests/DirectFeedback.xml (Known Failure) 
15 ms. Memory: 146944K Free: 142599K (97%)


==== $PTIIhome/travis/build/icyphy/ptII/ptolemy/domains/de/test/../../../../: Auto Automatic test in file $PTII/ptolemy/domains/de/test/auto/knownFailedTests/DirectFeedback.xml
==== Contents of test case:

	    # FIXME: we should use $relativeFilename here, but it
	    # might have backslashes under Windows, which causes no end
	    # of trouble.
	    createAndExecute $file
	    list {}
	
.... Test generated KNOWN error:
    while executing
ptolemy.kernel.util.IllegalActionException: Test fails in iteration 1.
Value was: 1.0. Should have been: 2.0
  in .DirectFeedback.Test
	at ptolemy.actor.lib.Test.fire(Test.java:268)
	at ptolemy.domains.de.kernel.DEDirector._fire(DEDirector.java:1948)
	at ptolemy.domains.de.kernel.DEDirector.fire(DEDirector.java:502)
	at ptolemy.actor.CompositeActor.fire(CompositeActor.java:455)
	at ptolemy.actor.Manager.iterate(Manager.java:851)
	at ptolemy.actor.Manager.execute(Manager.java:369)
	at ptolemy.actor.Manager.run(Manager.java:1263)
	at ptolemy.actor.Manager$PtolemyRunThread.run(Manager.java:1915)

    while executing
ptolemy.kernel.util.IllegalActionException: Test fails in iteration 1.
Value was: 1.0. Should have been: 2.0
  in .DirectFeedback.Test
    while executing
"java::new ptolemy.moml.MoMLSimpleApplication $file
"
    (procedure "createAndExecute" line 2)
    invoked from within
"createAndExecute $file"
    ("uplevel" body line 5)
    invoked from within
"uplevel $contents_of_test"
------------------ testing $PTII/ptolemy/domains/de/test/auto/ActorDepthCalculation_actorWithoutPorts.xml
auto.tcl: Setting watchdog for 200 seconds at Fri Jun 08 14:29:37 UTC 2018
6 ms. Memory: 146944K Free: 133724K (91%)
ptolemy.util.test.WatchDog.cancel(): canceling Fri Jun 08 14:29:37 UTC 2018
auto.tcl: Setting watchdog for 200 seconds at Fri Jun 08 14:29:37 UTC 2018
7 ms. Memory: 146944K Free: 131674K (90%)
ptolemy.util.test.WatchDog.cancel(): canceling Fri Jun 08 14:29:37 UTC 2018
------------------ testing $PTII/ptolemy/domains/de/test/auto/AssemblyLine.xml
auto.tcl: Setting watchdog for 200 seconds at Fri Jun 08 14:29:37 UTC 2018
10 ms. Memory: 208384K Free: 182897K (88%)
ptolemy.util.test.WatchDog.cancel(): canceling Fri Jun 08 14:29:37 UTC 2018
auto.tcl: Setting watchdog for 200 seconds at Fri Jun 08 14:29:37 UTC 2018
7 ms. Memory: 208384K Free: 182897K (88%)
ptolemy.util.test.WatchDog.cancel(): canceling Fri Jun 08 14:29:37 UTC 2018
------------------ testing $PTII/ptolemy/domains/de/test/auto/CQBug1.xml
auto.tcl: Setting watchdog for 200 seconds at Fri Jun 08 14:29:37 UTC 2018
3 ms. Memory: 208384K Free: 197744K (95%)
ptolemy.util.test.WatchDog.cancel(): canceling Fri Jun 08 14:29:37 UTC 2018
auto.tcl: Setting watchdog for 200 seconds at Fri Jun 08 14:29:37 UTC 2018
2 ms. Memory: 208384K Free: 197744K (95%)
ptolemy.util.test.WatchDog.cancel(): canceling Fri Jun 08 14:29:37 UTC 2018
------------------ testing $PTII/ptolemy/domains/de/test/auto/CancelFireAt.xml
auto.tcl: Setting watchdog for 200 seconds at Fri Jun 08 14:29:37 UTC 2018
4 ms. Memory: 208384K Free: 201452K (97%)
ptolemy.util.test.WatchDog.cancel(): canceling Fri Jun 08 14:29:37 UTC 2018
auto.tcl: Setting watchdog for 200 seconds at Fri Jun 08 14:29:37 UTC 2018
2 ms. Memory: 208384K Free: 199365K (96%)
ptolemy.util.test.WatchDog.cancel(): canceling Fri Jun 08 14:29:38 UTC 2018
------------------ testing $PTII/ptolemy/domains/de/test/auto/CausalityAndComposabilityAnalysis.xml
auto.tcl: Setting watchdog for 200 seconds at Fri Jun 08 14:29:38 UTC 2018
7 ms. Memory: 208384K Free: 196876K (94%)
ptolemy.util.test.WatchDog.cancel(): canceling Fri Jun 08 14:29:38 UTC 2018
auto.tcl: Setting watchdog for 200 seconds at Fri Jun 08 14:29:38 UTC 2018
9 ms. Memory: 208384K Free: 196538K (94%)
ptolemy.util.test.WatchDog.cancel(): canceling Fri Jun 08 14:29:38 UTC 2018
------------------ testing $PTII/ptolemy/domains/de/test/auto/CausalityInterface1.xml
auto.tcl: Setting watchdog for 200 seconds at Fri Jun 08 14:29:38 UTC 2018
22 ms. Memory: 208384K Free: 196476K (94%)
ptolemy.util.test.WatchDog.cancel(): canceling Fri Jun 08 14:29:38 UTC 2018
auto.tcl: Setting watchdog for 200 seconds at Fri Jun 08 14:29:38 UTC 2018
4 ms. Memory: 208384K Free: 196476K (94%)
ptolemy.util.test.WatchDog.cancel(): canceling Fri Jun 08 14:29:38 UTC 2018
------------------ testing $PTII/ptolemy/domains/de/test/auto/CausalityInterface15.xml
auto.tcl: Setting watchdog for 200 seconds at Fri Jun 08 14:29:38 UTC 2018
4 ms. Memory: 208384K Free: 196467K (94%)
ptolemy.util.test.WatchDog.cancel(): canceling Fri Jun 08 14:29:38 UTC 2018
auto.tcl: Setting watchdog for 200 seconds at Fri Jun 08 14:29:38 UTC 2018
7 ms. Memory: 208384K Free: 194380K (93%)
ptolemy.util.test.WatchDog.cancel(): canceling Fri Jun 08 14:29:38 UTC 2018
------------------ testing $PTII/ptolemy/domains/de/test/auto/CausalityInterface2.xml
auto.tcl: Setting watchdog for 200 seconds at Fri Jun 08 14:29:38 UTC 2018
6 ms. Memory: 208384K Free: 196452K (94%)
ptolemy.util.test.WatchDog.cancel(): canceling Fri Jun 08 14:29:38 UTC 2018
auto.tcl: Setting watchdog for 200 seconds at Fri Jun 08 14:29:38 UTC 2018
4 ms. Memory: 208384K Free: 196452K (94%)
ptolemy.util.test.WatchDog.cancel(): canceling Fri Jun 08 14:29:38 UTC 2018
------------------ testing $PTII/ptolemy/domains/de/test/auto/CausalityInterface3.xml
auto.tcl: Setting watchdog for 200 seconds at Fri Jun 08 14:29:38 UTC 2018
3 ms. Memory: 208384K Free: 196464K (94%)
ptolemy.util.test.WatchDog.cancel(): canceling Fri Jun 08 14:29:38 UTC 2018
auto.tcl: Setting watchdog for 200 seconds at Fri Jun 08 14:29:38 UTC 2018
4 ms. Memory: 208384K Free: 196464K (94%)
ptolemy.util.test.WatchDog.cancel(): canceling Fri Jun 08 14:29:38 UTC 2018
------------------ testing $PTII/ptolemy/domains/de/test/auto/ClockDrift.xml
auto.tcl: Setting watchdog for 200 seconds at Fri Jun 08 14:29:38 UTC 2018
86 ms. Memory: 208384K Free: 187735K (90%)
ptolemy.util.test.WatchDog.cancel(): canceling Fri Jun 08 14:29:38 UTC 2018
auto.tcl: Setting watchdog for 200 seconds at Fri Jun 08 14:29:38 UTC 2018
30 ms. Memory: 208384K Free: 185648K (89%)
ptolemy.util.test.WatchDog.cancel(): canceling Fri Jun 08 14:29:38 UTC 2018
------------------ testing $PTII/ptolemy/domains/de/test/auto/ClockDriftAndValueChange.xml
auto.tcl: Setting watchdog for 200 seconds at Fri Jun 08 14:29:38 UTC 2018
44 ms. Memory: 208384K Free: 187570K (90%)
ptolemy.util.test.WatchDog.cancel(): canceling Fri Jun 08 14:29:38 UTC 2018
auto.tcl: Setting watchdog for 200 seconds at Fri Jun 08 14:29:38 UTC 2018
40 ms. Memory: 208384K Free: 185483K (89%)
ptolemy.util.test.WatchDog.cancel(): canceling Fri Jun 08 14:29:38 UTC 2018
------------------ testing $PTII/ptolemy/domains/de/test/auto/ClockDriftChange.xml
auto.tcl: Setting watchdog for 200 seconds at Fri Jun 08 14:29:38 UTC 2018
32 ms. Memory: 208384K Free: 190879K (92%)
ptolemy.util.test.WatchDog.cancel(): canceling Fri Jun 08 14:29:39 UTC 2018
auto.tcl: Setting watchdog for 200 seconds at Fri Jun 08 14:29:39 UTC 2018
20 ms. Memory: 208384K Free: 188793K (91%)
ptolemy.util.test.WatchDog.cancel(): canceling Fri Jun 08 14:29:39 UTC 2018
------------------ testing $PTII/ptolemy/domains/de/test/auto/ComposableCausalityAnalysis.xml
auto.tcl: Setting watchdog for 200 seconds at Fri Jun 08 14:29:39 UTC 2018
2 ms. Memory: 208384K Free: 196320K (94%)
ptolemy.util.test.WatchDog.cancel(): canceling Fri Jun 08 14:29:39 UTC 2018
auto.tcl: Setting watchdog for 200 seconds at Fri Jun 08 14:29:39 UTC 2018
1 ms. Memory: 208384K Free: 194233K (93%)
ptolemy.util.test.WatchDog.cancel(): canceling Fri Jun 08 14:29:39 UTC 2018
------------------ testing $PTII/ptolemy/domains/de/test/auto/DEFixedPointLimitation.xml
auto.tcl: Setting watchdog for 200 seconds at Fri Jun 08 14:29:39 UTC 2018
1 ms. Memory: 208384K Free: 196400K (94%)
ptolemy.util.test.WatchDog.cancel(): canceling Fri Jun 08 14:29:39 UTC 2018
auto.tcl: Setting watchdog for 200 seconds at Fri Jun 08 14:29:39 UTC 2018
2 ms. Memory: 208384K Free: 196400K (94%)
ptolemy.util.test.WatchDog.cancel(): canceling Fri Jun 08 14:29:39 UTC 2018
------------------ testing $PTII/ptolemy/domains/de/test/auto/DEScheduleTest.xml
auto.tcl: Setting watchdog for 200 seconds at Fri Jun 08 14:29:39 UTC 2018
3 ms. Memory: 208384K Free: 198523K (95%)
ptolemy.util.test.WatchDog.cancel(): canceling Fri Jun 08 14:29:39 UTC 2018
auto.tcl: Setting watchdog for 200 seconds at Fri Jun 08 14:29:39 UTC 2018
3 ms. Memory: 208384K Free: 196436K (94%)
ptolemy.util.test.WatchDog.cancel(): canceling Fri Jun 08 14:29:39 UTC 2018
------------------ testing $PTII/ptolemy/domains/de/test/auto/DEinDEwithStartTimes.xml
auto.tcl: Setting watchdog for 200 seconds at Fri Jun 08 14:29:39 UTC 2018
3 ms. Memory: 208384K Free: 196405K (94%)
ptolemy.util.test.WatchDog.cancel(): canceling Fri Jun 08 14:29:39 UTC 2018
auto.tcl: Setting watchdog for 200 seconds at Fri Jun 08 14:29:39 UTC 2018
3 ms. Memory: 208384K Free: 194318K (93%)
ptolemy.util.test.WatchDog.cancel(): canceling Fri Jun 08 14:29:39 UTC 2018
------------------ testing $PTII/ptolemy/domains/de/test/auto/DEinDEwithStartTimes2.xml
auto.tcl: Setting watchdog for 200 seconds at Fri Jun 08 14:29:39 UTC 2018
7 ms. Memory: 208384K Free: 196384K (94%)
ptolemy.util.test.WatchDog.cancel(): canceling Fri Jun 08 14:29:39 UTC 2018
auto.tcl: Setting watchdog for 200 seconds at Fri Jun 08 14:29:39 UTC 2018
4 ms. Memory: 208384K Free: 194297K (93%)
ptolemy.util.test.WatchDog.cancel(): canceling Fri Jun 08 14:29:39 UTC 2018
------------------ testing $PTII/ptolemy/domains/de/test/auto/DateDemo.xml
auto.tcl: Setting watchdog for 200 seconds at Fri Jun 08 14:29:39 UTC 2018
14 ms. Memory: 208384K Free: 188861K (91%)
ptolemy.util.test.WatchDog.cancel(): canceling Fri Jun 08 14:29:39 UTC 2018
auto.tcl: Setting watchdog for 200 seconds at Fri Jun 08 14:29:39 UTC 2018
5 ms. Memory: 208384K Free: 186774K (90%)
ptolemy.util.test.WatchDog.cancel(): canceling Fri Jun 08 14:29:39 UTC 2018
------------------ testing $PTII/ptolemy/domains/de/test/auto/DateToEvent.xml
auto.tcl: Setting watchdog for 200 seconds at Fri Jun 08 14:29:39 UTC 2018
2013 ms. Memory: 208384K Free: 181157K (87%)
ptolemy.util.test.WatchDog.cancel(): canceling Fri Jun 08 14:29:41 UTC 2018
auto.tcl: Setting watchdog for 200 seconds at Fri Jun 08 14:29:41 UTC 2018
2004 ms. Memory: 208384K Free: 181157K (87%)
ptolemy.util.test.WatchDog.cancel(): canceling Fri Jun 08 14:29:43 UTC 2018
------------------ testing $PTII/ptolemy/domains/de/test/auto/DepthTest1.xml
auto.tcl: Setting watchdog for 200 seconds at Fri Jun 08 14:29:43 UTC 2018
3 ms. Memory: 208384K Free: 198387K (95%)
ptolemy.util.test.WatchDog.cancel(): canceling Fri Jun 08 14:29:43 UTC 2018
auto.tcl: Setting watchdog for 200 seconds at Fri Jun 08 14:29:43 UTC 2018
3 ms. Memory: 208384K Free: 198049K (95%)
ptolemy.util.test.WatchDog.cancel(): canceling Fri Jun 08 14:29:43 UTC 2018
------------------ testing $PTII/ptolemy/domains/de/test/auto/DepthTest2.xml
auto.tcl: Setting watchdog for 200 seconds at Fri Jun 08 14:29:43 UTC 2018
6 ms. Memory: 208384K Free: 194309K (93%)
ptolemy.util.test.WatchDog.cancel(): canceling Fri Jun 08 14:29:43 UTC 2018
auto.tcl: Setting watchdog for 200 seconds at Fri Jun 08 14:29:43 UTC 2018
2 ms. Memory: 208384K Free: 194309K (93%)
ptolemy.util.test.WatchDog.cancel(): canceling Fri Jun 08 14:29:43 UTC 2018
------------------ testing $PTII/ptolemy/domains/de/test/auto/DepthTest3.xml
auto.tcl: Setting watchdog for 200 seconds at Fri Jun 08 14:29:43 UTC 2018
3 ms. Memory: 208384K Free: 198384K (95%)
ptolemy.util.test.WatchDog.cancel(): canceling Fri Jun 08 14:29:43 UTC 2018
auto.tcl: Setting watchdog for 200 seconds at Fri Jun 08 14:29:43 UTC 2018
3 ms. Memory: 208384K Free: 198384K (95%)
ptolemy.util.test.WatchDog.cancel(): canceling Fri Jun 08 14:29:43 UTC 2018
------------------ testing $PTII/ptolemy/domains/de/test/auto/DepthTest4.xml
auto.tcl: Setting watchdog for 200 seconds at Fri Jun 08 14:29:43 UTC 2018
5 ms. Memory: 208384K Free: 196385K (94%)
ptolemy.util.test.WatchDog.cancel(): canceling Fri Jun 08 14:29:44 UTC 2018
auto.tcl: Setting watchdog for 200 seconds at Fri Jun 08 14:29:44 UTC 2018
2 ms. Memory: 208384K Free: 196385K (94%)
ptolemy.util.test.WatchDog.cancel(): canceling Fri Jun 08 14:29:44 UTC 2018
------------------ testing $PTII/ptolemy/domains/de/test/auto/DepthTest5.xml
auto.tcl: Setting watchdog for 200 seconds at Fri Jun 08 14:29:44 UTC 2018
6 ms. Memory: 208384K Free: 196331K (94%)
ptolemy.util.test.WatchDog.cancel(): canceling Fri Jun 08 14:29:44 UTC 2018
auto.tcl: Setting watchdog for 200 seconds at Fri Jun 08 14:29:44 UTC 2018
2 ms. Memory: 208384K Free: 196331K (94%)
ptolemy.util.test.WatchDog.cancel(): canceling Fri Jun 08 14:29:44 UTC 2018
------------------ testing $PTII/ptolemy/domains/de/test/auto/DepthTest6.xml
auto.tcl: Setting watchdog for 200 seconds at Fri Jun 08 14:29:44 UTC 2018
4 ms. Memory: 208384K Free: 196309K (94%)
ptolemy.util.test.WatchDog.cancel(): canceling Fri Jun 08 14:29:44 UTC 2018
auto.tcl: Setting watchdog for 200 seconds at Fri Jun 08 14:29:44 UTC 2018
2 ms. Memory: 208384K Free: 196309K (94%)
ptolemy.util.test.WatchDog.cancel(): canceling Fri Jun 08 14:29:44 UTC 2018
------------------ testing $PTII/ptolemy/domains/de/test/auto/DepthTest7.xml
auto.tcl: Setting watchdog for 200 seconds at Fri Jun 08 14:29:44 UTC 2018
2 ms. Memory: 208384K Free: 196288K (94%)
ptolemy.util.test.WatchDog.cancel(): canceling Fri Jun 08 14:29:44 UTC 2018
auto.tcl: Setting watchdog for 200 seconds at Fri Jun 08 14:29:44 UTC 2018
2 ms. Memory: 208384K Free: 196288K (94%)
ptolemy.util.test.WatchDog.cancel(): canceling Fri Jun 08 14:29:44 UTC 2018
------------------ testing $PTII/ptolemy/domains/de/test/auto/EventToDate.xml
auto.tcl: Setting watchdog for 200 seconds at Fri Jun 08 14:29:44 UTC 2018
3011 ms. Memory: 208384K Free: 183418K (88%)
ptolemy.util.test.WatchDog.cancel(): canceling Fri Jun 08 14:29:47 UTC 2018
auto.tcl: Setting watchdog for 200 seconds at Fri Jun 08 14:29:47 UTC 2018
3004 ms. Memory: 208384K Free: 183418K (88%)
ptolemy.util.test.WatchDog.cancel(): canceling Fri Jun 08 14:29:50 UTC 2018
------------------ testing $PTII/ptolemy/domains/de/test/auto/FSM1.xml
auto.tcl: Setting watchdog for 200 seconds at Fri Jun 08 14:29:50 UTC 2018
20 ms. Memory: 208384K Free: 187280K (90%)
ptolemy.util.test.WatchDog.cancel(): canceling Fri Jun 08 14:29:50 UTC 2018
auto.tcl: Setting watchdog for 200 seconds at Fri Jun 08 14:29:50 UTC 2018
23 ms. Memory: 208384K Free: 185193K (89%)
ptolemy.util.test.WatchDog.cancel(): canceling Fri Jun 08 14:29:50 UTC 2018
------------------ testing $PTII/ptolemy/domains/de/test/auto/FSM7.xml
auto.tcl: Setting watchdog for 200 seconds at Fri Jun 08 14:29:50 UTC 2018
15 ms. Memory: 208384K Free: 187820K (90%)
ptolemy.util.test.WatchDog.cancel(): canceling Fri Jun 08 14:29:50 UTC 2018
auto.tcl: Setting watchdog for 200 seconds at Fri Jun 08 14:29:50 UTC 2018
13 ms. Memory: 208384K Free: 185733K (89%)
ptolemy.util.test.WatchDog.cancel(): canceling Fri Jun 08 14:29:50 UTC 2018
------------------ testing $PTII/ptolemy/domains/de/test/auto/Inspection.xml
auto.tcl: Setting watchdog for 200 seconds at Fri Jun 08 14:29:50 UTC 2018
37 ms. Memory: 208384K Free: 188698K (91%)
ptolemy.util.test.WatchDog.cancel(): canceling Fri Jun 08 14:29:50 UTC 2018
auto.tcl: Setting watchdog for 200 seconds at Fri Jun 08 14:29:50 UTC 2018
17 ms. Memory: 208384K Free: 186611K (90%)
ptolemy.util.test.WatchDog.cancel(): canceling Fri Jun 08 14:29:50 UTC 2018
------------------ testing $PTII/ptolemy/domains/de/test/auto/Iteration.xml
auto.tcl: Setting watchdog for 200 seconds at Fri Jun 08 14:29:50 UTC 2018
11 ms. Memory: 208384K Free: 194347K (93%)
ptolemy.util.test.WatchDog.cancel(): canceling Fri Jun 08 14:29:50 UTC 2018
auto.tcl: Setting watchdog for 200 seconds at Fri Jun 08 14:29:50 UTC 2018
8 ms. Memory: 208384K Free: 194009K (93%)
ptolemy.util.test.WatchDog.cancel(): canceling Fri Jun 08 14:29:50 UTC 2018
------------------ testing $PTII/ptolemy/domains/de/test/auto/LineFault.xml
auto.tcl: Setting watchdog for 200 seconds at Fri Jun 08 14:29:50 UTC 2018
663 ms. Memory: 208384K Free: 194051K (93%)
ptolemy.util.test.WatchDog.cancel(): canceling Fri Jun 08 14:29:51 UTC 2018
auto.tcl: Setting watchdog for 200 seconds at Fri Jun 08 14:29:51 UTC 2018
598 ms. Memory: 208384K Free: 136625K (66%)
ptolemy.util.test.WatchDog.cancel(): canceling Fri Jun 08 14:29:52 UTC 2018
------------------ testing $PTII/ptolemy/domains/de/test/auto/MergeModel1Add.xml
auto.tcl: Setting watchdog for 200 seconds at Fri Jun 08 14:29:52 UTC 2018
30 ms. Memory: 331264K Free: 299325K (90%)
ptolemy.util.test.WatchDog.cancel(): canceling Fri Jun 08 14:29:52 UTC 2018
auto.tcl: Setting watchdog for 200 seconds at Fri Jun 08 14:29:52 UTC 2018
8 ms. Memory: 331264K Free: 299325K (90%)
ptolemy.util.test.WatchDog.cancel(): canceling Fri Jun 08 14:29:52 UTC 2018
------------------ testing $PTII/ptolemy/domains/de/test/auto/MergeModel2Add.xml
auto.tcl: Setting watchdog for 200 seconds at Fri Jun 08 14:29:52 UTC 2018
13 ms. Memory: 331264K Free: 304537K (92%)
ptolemy.util.test.WatchDog.cancel(): canceling Fri Jun 08 14:29:52 UTC 2018
auto.tcl: Setting watchdog for 200 seconds at Fri Jun 08 14:29:52 UTC 2018
7 ms. Memory: 331264K Free: 300666K (91%)
ptolemy.util.test.WatchDog.cancel(): canceling Fri Jun 08 14:29:52 UTC 2018
------------------ testing $PTII/ptolemy/domains/de/test/auto/MergeModel3Add.xml
auto.tcl: Setting watchdog for 200 seconds at Fri Jun 08 14:29:52 UTC 2018
10 ms. Memory: 331264K Free: 304547K (92%)
ptolemy.util.test.WatchDog.cancel(): canceling Fri Jun 08 14:29:52 UTC 2018
auto.tcl: Setting watchdog for 200 seconds at Fri Jun 08 14:29:52 UTC 2018
9 ms. Memory: 331264K Free: 300676K (91%)
ptolemy.util.test.WatchDog.cancel(): canceling Fri Jun 08 14:29:52 UTC 2018
------------------ testing $PTII/ptolemy/domains/de/test/auto/MergeWithoutDiscard.xml
auto.tcl: Setting watchdog for 200 seconds at Fri Jun 08 14:29:52 UTC 2018
2 ms. Memory: 331264K Free: 316443K (96%)
ptolemy.util.test.WatchDog.cancel(): canceling Fri Jun 08 14:29:52 UTC 2018
auto.tcl: Setting watchdog for 200 seconds at Fri Jun 08 14:29:52 UTC 2018
2 ms. Memory: 331264K Free: 316158K (95%)
ptolemy.util.test.WatchDog.cancel(): canceling Fri Jun 08 14:29:52 UTC 2018
------------------ testing $PTII/ptolemy/domains/de/test/auto/Modal1.xml
auto.tcl: Setting watchdog for 200 seconds at Fri Jun 08 14:29:52 UTC 2018
17 ms. Memory: 331264K Free: 310142K (94%)
ptolemy.util.test.WatchDog.cancel(): canceling Fri Jun 08 14:29:52 UTC 2018
auto.tcl: Setting watchdog for 200 seconds at Fri Jun 08 14:29:52 UTC 2018
24 ms. Memory: 331264K Free: 306271K (92%)
ptolemy.util.test.WatchDog.cancel(): canceling Fri Jun 08 14:29:53 UTC 2018
------------------ testing $PTII/ptolemy/domains/de/test/auto/Modal2.xml
auto.tcl: Setting watchdog for 200 seconds at Fri Jun 08 14:29:53 UTC 2018
14 ms. Memory: 331264K Free: 310016K (94%)
ptolemy.util.test.WatchDog.cancel(): canceling Fri Jun 08 14:29:53 UTC 2018
auto.tcl: Setting watchdog for 200 seconds at Fri Jun 08 14:29:53 UTC 2018
10 ms. Memory: 331264K Free: 306145K (92%)
ptolemy.util.test.WatchDog.cancel(): canceling Fri Jun 08 14:29:53 UTC 2018
------------------ testing $PTII/ptolemy/domains/de/test/auto/Modal3.xml
auto.tcl: Setting watchdog for 200 seconds at Fri Jun 08 14:29:53 UTC 2018
10 ms. Memory: 331264K Free: 310300K (94%)
ptolemy.util.test.WatchDog.cancel(): canceling Fri Jun 08 14:29:53 UTC 2018
auto.tcl: Setting watchdog for 200 seconds at Fri Jun 08 14:29:53 UTC 2018
10 ms. Memory: 331264K Free: 306143K (92%)
ptolemy.util.test.WatchDog.cancel(): canceling Fri Jun 08 14:29:53 UTC 2018
------------------ testing $PTII/ptolemy/domains/de/test/auto/Modal4.xml
auto.tcl: Setting watchdog for 200 seconds at Fri Jun 08 14:29:53 UTC 2018
22 ms. Memory: 331264K Free: 310011K (94%)
ptolemy.util.test.WatchDog.cancel(): canceling Fri Jun 08 14:29:53 UTC 2018
auto.tcl: Setting watchdog for 200 seconds at Fri Jun 08 14:29:53 UTC 2018
21 ms. Memory: 331264K Free: 306140K (92%)
ptolemy.util.test.WatchDog.cancel(): canceling Fri Jun 08 14:29:53 UTC 2018
------------------ testing $PTII/ptolemy/domains/de/test/auto/Modal5.xml
auto.tcl: Setting watchdog for 200 seconds at Fri Jun 08 14:29:53 UTC 2018
10 ms. Memory: 331264K Free: 309999K (94%)
ptolemy.util.test.WatchDog.cancel(): canceling Fri Jun 08 14:29:53 UTC 2018
auto.tcl: Setting watchdog for 200 seconds at Fri Jun 08 14:29:53 UTC 2018
11 ms. Memory: 331264K Free: 306128K (92%)
ptolemy.util.test.WatchDog.cancel(): canceling Fri Jun 08 14:29:53 UTC 2018
------------------ testing $PTII/ptolemy/domains/de/test/auto/Modal6.xml
auto.tcl: Setting watchdog for 200 seconds at Fri Jun 08 14:29:53 UTC 2018
10 ms. Memory: 331264K Free: 309996K (94%)
ptolemy.util.test.WatchDog.cancel(): canceling Fri Jun 08 14:29:53 UTC 2018
auto.tcl: Setting watchdog for 200 seconds at Fri Jun 08 14:29:53 UTC 2018
11 ms. Memory: 331264K Free: 306125K (92%)
ptolemy.util.test.WatchDog.cancel(): canceling Fri Jun 08 14:29:53 UTC 2018
------------------ testing $PTII/ptolemy/domains/de/test/auto/Modal7.xml
auto.tcl: Setting watchdog for 200 seconds at Fri Jun 08 14:29:53 UTC 2018
8 ms. Memory: 331264K Free: 306125K (92%)
ptolemy.util.test.WatchDog.cancel(): canceling Fri Jun 08 14:29:53 UTC 2018
auto.tcl: Setting watchdog for 200 seconds at Fri Jun 08 14:29:53 UTC 2018
9 ms. Memory: 331264K Free: 306125K (92%)
ptolemy.util.test.WatchDog.cancel(): canceling Fri Jun 08 14:29:53 UTC 2018
------------------ testing $PTII/ptolemy/domains/de/test/auto/ModalModel.xml
auto.tcl: Setting watchdog for 200 seconds at Fri Jun 08 14:29:53 UTC 2018
182 ms. Memory: 331264K Free: 246740K (74%)
ptolemy.util.test.WatchDog.cancel(): canceling Fri Jun 08 14:29:53 UTC 2018
auto.tcl: Setting watchdog for 200 seconds at Fri Jun 08 14:29:53 UTC 2018
168 ms. Memory: 331264K Free: 188670K (57%)
ptolemy.util.test.WatchDog.cancel(): canceling Fri Jun 08 14:29:54 UTC 2018
------------------ testing $PTII/ptolemy/domains/de/test/auto/ModalSource.xml
auto.tcl: Setting watchdog for 200 seconds at Fri Jun 08 14:29:54 UTC 2018
9 ms. Memory: 331264K Free: 316626K (96%)
ptolemy.util.test.WatchDog.cancel(): canceling Fri Jun 08 14:29:54 UTC 2018
auto.tcl: Setting watchdog for 200 seconds at Fri Jun 08 14:29:54 UTC 2018
6 ms. Memory: 331264K Free: 313146K (95%)
ptolemy.util.test.WatchDog.cancel(): canceling Fri Jun 08 14:29:54 UTC 2018
------------------ testing $PTII/ptolemy/domains/de/test/auto/NonInterruptibleTimerZeroDelay.xml
auto.tcl: Setting watchdog for 200 seconds at Fri Jun 08 14:29:54 UTC 2018
3 ms. Memory: 331264K Free: 320943K (97%)
ptolemy.util.test.WatchDog.cancel(): canceling Fri Jun 08 14:29:54 UTC 2018
auto.tcl: Setting watchdog for 200 seconds at Fri Jun 08 14:29:54 UTC 2018
2 ms. Memory: 331264K Free: 317463K (96%)
ptolemy.util.test.WatchDog.cancel(): canceling Fri Jun 08 14:29:54 UTC 2018
------------------ testing $PTII/ptolemy/domains/de/test/auto/OpenQueueingNetwork.xml
auto.tcl: Setting watchdog for 200 seconds at Fri Jun 08 14:29:54 UTC 2018
3153 ms. Memory: 317952K Free: 105075K (33%)
ptolemy.util.test.WatchDog.cancel(): canceling Fri Jun 08 14:29:57 UTC 2018
auto.tcl: Setting watchdog for 200 seconds at Fri Jun 08 14:29:57 UTC 2018
2599 ms. Memory: 287232K Free: 153395K (53%)
ptolemy.util.test.WatchDog.cancel(): canceling Fri Jun 08 14:30:00 UTC 2018
------------------ testing $PTII/ptolemy/domains/de/test/auto/OpenQueuingNetwork.xml
auto.tcl: Setting watchdog for 200 seconds at Fri Jun 08 14:30:00 UTC 2018
270 ms. Memory: 287232K Free: 184883K (64%)
ptolemy.util.test.WatchDog.cancel(): canceling Fri Jun 08 14:30:00 UTC 2018
auto.tcl: Setting watchdog for 200 seconds at Fri Jun 08 14:30:00 UTC 2018
260 ms. Memory: 287232K Free: 120628K (42%)
ptolemy.util.test.WatchDog.cancel(): canceling Fri Jun 08 14:30:00 UTC 2018
------------------ testing $PTII/ptolemy/domains/de/test/auto/PeriodicSampler.xml
auto.tcl: Setting watchdog for 200 seconds at Fri Jun 08 14:30:00 UTC 2018
2 ms. Memory: 289792K Free: 277668K (96%)
ptolemy.util.test.WatchDog.cancel(): canceling Fri Jun 08 14:30:00 UTC 2018
auto.tcl: Setting watchdog for 200 seconds at Fri Jun 08 14:30:00 UTC 2018
2 ms. Memory: 289792K Free: 274651K (95%)
ptolemy.util.test.WatchDog.cancel(): canceling Fri Jun 08 14:30:00 UTC 2018
------------------ testing $PTII/ptolemy/domains/de/test/auto/PersistentIO.xml
auto.tcl: Setting watchdog for 200 seconds at Fri Jun 08 14:30:00 UTC 2018
4 ms. Memory: 287232K Free: 269673K (94%)
ptolemy.util.test.WatchDog.cancel(): canceling Fri Jun 08 14:30:00 UTC 2018
auto.tcl: Setting watchdog for 200 seconds at Fri Jun 08 14:30:00 UTC 2018
4 ms. Memory: 287232K Free: 266656K (93%)
ptolemy.util.test.WatchDog.cancel(): canceling Fri Jun 08 14:30:00 UTC 2018
------------------ testing $PTII/ptolemy/domains/de/test/auto/PortParameterResetOnInitialize.xml
auto.tcl: Setting watchdog for 200 seconds at Fri Jun 08 14:30:00 UTC 2018
3 ms. Memory: 289280K Free: 274500K (95%)
ptolemy.util.test.WatchDog.cancel(): canceling Fri Jun 08 14:30:01 UTC 2018
auto.tcl: Setting watchdog for 200 seconds at Fri Jun 08 14:30:01 UTC 2018
2 ms. Memory: 289280K Free: 274500K (95%)
ptolemy.util.test.WatchDog.cancel(): canceling Fri Jun 08 14:30:01 UTC 2018
------------------ testing $PTII/ptolemy/domains/de/test/auto/PortParameterUpdates.xml
auto.tcl: Setting watchdog for 200 seconds at Fri Jun 08 14:30:01 UTC 2018
3 ms. Memory: 287232K Free: 272686K (95%)
ptolemy.util.test.WatchDog.cancel(): canceling Fri Jun 08 14:30:01 UTC 2018
auto.tcl: Setting watchdog for 200 seconds at Fri Jun 08 14:30:01 UTC 2018
4 ms. Memory: 287232K Free: 269669K (94%)
ptolemy.util.test.WatchDog.cancel(): canceling Fri Jun 08 14:30:01 UTC 2018
------------------ testing $PTII/ptolemy/domains/de/test/auto/QueueAndServer.xml
auto.tcl: Setting watchdog for 200 seconds at Fri Jun 08 14:30:01 UTC 2018
11 ms. Memory: 289280K Free: 273638K (95%)
ptolemy.util.test.WatchDog.cancel(): canceling Fri Jun 08 14:30:01 UTC 2018
auto.tcl: Setting watchdog for 200 seconds at Fri Jun 08 14:30:01 UTC 2018
6 ms. Memory: 289280K Free: 273638K (95%)
ptolemy.util.test.WatchDog.cancel(): canceling Fri Jun 08 14:30:01 UTC 2018
------------------ testing $PTII/ptolemy/domains/de/test/auto/Records.xml
auto.tcl: Setting watchdog for 200 seconds at Fri Jun 08 14:30:01 UTC 2018
5 ms. Memory: 287232K Free: 274549K (96%)
ptolemy.util.test.WatchDog.cancel(): canceling Fri Jun 08 14:30:01 UTC 2018
auto.tcl: Setting watchdog for 200 seconds at Fri Jun 08 14:30:01 UTC 2018
2 ms. Memory: 287232K Free: 274549K (96%)
ptolemy.util.test.WatchDog.cancel(): canceling Fri Jun 08 14:30:01 UTC 2018
------------------ testing $PTII/ptolemy/domains/de/test/auto/ResetTransitionWithStartTime1.xml
auto.tcl: Setting watchdog for 200 seconds at Fri Jun 08 14:30:01 UTC 2018
14 ms. Memory: 288768K Free: 273093K (95%)
ptolemy.util.test.WatchDog.cancel(): canceling Fri Jun 08 14:30:01 UTC 2018
auto.tcl: Setting watchdog for 200 seconds at Fri Jun 08 14:30:01 UTC 2018
5 ms. Memory: 288768K Free: 273093K (95%)
ptolemy.util.test.WatchDog.cancel(): canceling Fri Jun 08 14:30:01 UTC 2018
------------------ testing $PTII/ptolemy/domains/de/test/auto/ResetTransitionWithStartTime2.xml
auto.tcl: Setting watchdog for 200 seconds at Fri Jun 08 14:30:01 UTC 2018
6 ms. Memory: 287232K Free: 271648K (95%)
ptolemy.util.test.WatchDog.cancel(): canceling Fri Jun 08 14:30:01 UTC 2018
auto.tcl: Setting watchdog for 200 seconds at Fri Jun 08 14:30:01 UTC 2018
6 ms. Memory: 287232K Free: 271648K (95%)
ptolemy.util.test.WatchDog.cancel(): canceling Fri Jun 08 14:30:01 UTC 2018
------------------ testing $PTII/ptolemy/domains/de/test/auto/ResetTransitionWithStartTime3.xml
auto.tcl: Setting watchdog for 200 seconds at Fri Jun 08 14:30:01 UTC 2018
7 ms. Memory: 288768K Free: 272943K (95%)
ptolemy.util.test.WatchDog.cancel(): canceling Fri Jun 08 14:30:01 UTC 2018
auto.tcl: Setting watchdog for 200 seconds at Fri Jun 08 14:30:01 UTC 2018
8 ms. Memory: 288768K Free: 272943K (95%)
ptolemy.util.test.WatchDog.cancel(): canceling Fri Jun 08 14:30:01 UTC 2018
------------------ testing $PTII/ptolemy/domains/de/test/auto/ResetTransitionWithStartTime4.xml
auto.tcl: Setting watchdog for 200 seconds at Fri Jun 08 14:30:01 UTC 2018
4 ms. Memory: 287232K Free: 271506K (95%)
ptolemy.util.test.WatchDog.cancel(): canceling Fri Jun 08 14:30:01 UTC 2018
auto.tcl: Setting watchdog for 200 seconds at Fri Jun 08 14:30:01 UTC 2018
3 ms. Memory: 287232K Free: 271506K (95%)
ptolemy.util.test.WatchDog.cancel(): canceling Fri Jun 08 14:30:01 UTC 2018
------------------ testing $PTII/ptolemy/domains/de/test/auto/ResettableTimer1.xml
auto.tcl: Setting watchdog for 200 seconds at Fri Jun 08 14:30:01 UTC 2018
3 ms. Memory: 288768K Free: 273895K (95%)
ptolemy.util.test.WatchDog.cancel(): canceling Fri Jun 08 14:30:01 UTC 2018
auto.tcl: Setting watchdog for 200 seconds at Fri Jun 08 14:30:01 UTC 2018
2 ms. Memory: 288768K Free: 273895K (95%)
ptolemy.util.test.WatchDog.cancel(): canceling Fri Jun 08 14:30:01 UTC 2018
------------------ testing $PTII/ptolemy/domains/de/test/auto/ResettableTimer2.xml
auto.tcl: Setting watchdog for 200 seconds at Fri Jun 08 14:30:01 UTC 2018
2 ms. Memory: 287232K Free: 274576K (96%)
ptolemy.util.test.WatchDog.cancel(): canceling Fri Jun 08 14:30:01 UTC 2018
auto.tcl: Setting watchdog for 200 seconds at Fri Jun 08 14:30:01 UTC 2018
2 ms. Memory: 287232K Free: 274576K (96%)
ptolemy.util.test.WatchDog.cancel(): canceling Fri Jun 08 14:30:01 UTC 2018
------------------ testing $PTII/ptolemy/domains/de/test/auto/ResettableTimer3.xml
auto.tcl: Setting watchdog for 200 seconds at Fri Jun 08 14:30:01 UTC 2018
2 ms. Memory: 288256K Free: 273440K (95%)
ptolemy.util.test.WatchDog.cancel(): canceling Fri Jun 08 14:30:01 UTC 2018
auto.tcl: Setting watchdog for 200 seconds at Fri Jun 08 14:30:01 UTC 2018
1 ms. Memory: 288256K Free: 273440K (95%)
ptolemy.util.test.WatchDog.cancel(): canceling Fri Jun 08 14:30:01 UTC 2018
------------------ testing $PTII/ptolemy/domains/de/test/auto/ResettableTimer4.xml
auto.tcl: Setting watchdog for 200 seconds at Fri Jun 08 14:30:01 UTC 2018
1 ms. Memory: 287232K Free: 274589K (96%)
ptolemy.util.test.WatchDog.cancel(): canceling Fri Jun 08 14:30:01 UTC 2018
auto.tcl: Setting watchdog for 200 seconds at Fri Jun 08 14:30:01 UTC 2018
1 ms. Memory: 287232K Free: 274589K (96%)
ptolemy.util.test.WatchDog.cancel(): canceling Fri Jun 08 14:30:01 UTC 2018
------------------ testing $PTII/ptolemy/domains/de/test/auto/ResettableTimer5.xml
auto.tcl: Setting watchdog for 200 seconds at Fri Jun 08 14:30:01 UTC 2018
1 ms. Memory: 288256K Free: 273553K (95%)
ptolemy.util.test.WatchDog.cancel(): canceling Fri Jun 08 14:30:01 UTC 2018
auto.tcl: Setting watchdog for 200 seconds at Fri Jun 08 14:30:01 UTC 2018
1 ms. Memory: 288256K Free: 273553K (95%)
ptolemy.util.test.WatchDog.cancel(): canceling Fri Jun 08 14:30:01 UTC 2018
------------------ testing $PTII/ptolemy/domains/de/test/auto/ResettableTimer6.xml
auto.tcl: Setting watchdog for 200 seconds at Fri Jun 08 14:30:01 UTC 2018
1 ms. Memory: 287232K Free: 272377K (95%)
ptolemy.util.test.WatchDog.cancel(): canceling Fri Jun 08 14:30:01 UTC 2018
auto.tcl: Setting watchdog for 200 seconds at Fri Jun 08 14:30:01 UTC 2018
1 ms. Memory: 287232K Free: 272377K (95%)
ptolemy.util.test.WatchDog.cancel(): canceling Fri Jun 08 14:30:01 UTC 2018
------------------ testing $PTII/ptolemy/domains/de/test/auto/ServerZeroDelay.xml
auto.tcl: Setting watchdog for 200 seconds at Fri Jun 08 14:30:01 UTC 2018
2 ms. Memory: 288256K Free: 275551K (96%)
ptolemy.util.test.WatchDog.cancel(): canceling Fri Jun 08 14:30:01 UTC 2018
auto.tcl: Setting watchdog for 200 seconds at Fri Jun 08 14:30:01 UTC 2018
3 ms. Memory: 288256K Free: 275551K (96%)
ptolemy.util.test.WatchDog.cancel(): canceling Fri Jun 08 14:30:01 UTC 2018
------------------ testing $PTII/ptolemy/domains/de/test/auto/SmartSender.xml
auto.tcl: Setting watchdog for 200 seconds at Fri Jun 08 14:30:01 UTC 2018
3002 ms. Memory: 287232K Free: 272465K (95%)
ptolemy.util.test.WatchDog.cancel(): canceling Fri Jun 08 14:30:05 UTC 2018
auto.tcl: Setting watchdog for 200 seconds at Fri Jun 08 14:30:05 UTC 2018
3002 ms. Memory: 287232K Free: 272465K (95%)
ptolemy.util.test.WatchDog.cancel(): canceling Fri Jun 08 14:30:08 UTC 2018
------------------ testing $PTII/ptolemy/domains/de/test/auto/ThreadedComposite.xml
auto.tcl: Setting watchdog for 200 seconds at Fri Jun 08 14:30:08 UTC 2018
251 ms. Memory: 288256K Free: 251999K (87%)
ptolemy.util.test.WatchDog.cancel(): canceling Fri Jun 08 14:30:08 UTC 2018
auto.tcl: Setting watchdog for 200 seconds at Fri Jun 08 14:30:08 UTC 2018
152 ms. Memory: 288256K Free: 236632K (82%)
ptolemy.util.test.WatchDog.cancel(): canceling Fri Jun 08 14:30:08 UTC 2018
------------------ testing $PTII/ptolemy/domains/de/test/auto/Time.xml
auto.tcl: Setting watchdog for 200 seconds at Fri Jun 08 14:30:08 UTC 2018
491 ms. Memory: 287232K Free: 218556K (76%)
ptolemy.util.test.WatchDog.cancel(): canceling Fri Jun 08 14:30:09 UTC 2018
auto.tcl: Setting watchdog for 200 seconds at Fri Jun 08 14:30:09 UTC 2018
468 ms. Memory: 287232K Free: 161228K (56%)
ptolemy.util.test.WatchDog.cancel(): canceling Fri Jun 08 14:30:09 UTC 2018
------------------ testing $PTII/ptolemy/domains/de/test/auto/TimeDelayZeroDelay.xml
auto.tcl: Setting watchdog for 200 seconds at Fri Jun 08 14:30:09 UTC 2018
2 ms. Memory: 287744K Free: 275566K (96%)
ptolemy.util.test.WatchDog.cancel(): canceling Fri Jun 08 14:30:09 UTC 2018
auto.tcl: Setting watchdog for 200 seconds at Fri Jun 08 14:30:09 UTC 2018
2 ms. Memory: 287744K Free: 275566K (96%)
ptolemy.util.test.WatchDog.cancel(): canceling Fri Jun 08 14:30:09 UTC 2018
------------------ testing $PTII/ptolemy/domains/de/test/auto/TimerZeroDelay.xml
auto.tcl: Setting watchdog for 200 seconds at Fri Jun 08 14:30:09 UTC 2018
2 ms. Memory: 287232K Free: 275164K (96%)
ptolemy.util.test.WatchDog.cancel(): canceling Fri Jun 08 14:30:09 UTC 2018
auto.tcl: Setting watchdog for 200 seconds at Fri Jun 08 14:30:09 UTC 2018
2 ms. Memory: 287232K Free: 275164K (96%)
ptolemy.util.test.WatchDog.cancel(): canceling Fri Jun 08 14:30:09 UTC 2018
------------------ testing $PTII/ptolemy/domains/de/test/auto/TimingParadox.xml
auto.tcl: Setting watchdog for 200 seconds at Fri Jun 08 14:30:09 UTC 2018
365 ms. Memory: 287744K Free: 206315K (72%)
ptolemy.util.test.WatchDog.cancel(): canceling Fri Jun 08 14:30:10 UTC 2018
auto.tcl: Setting watchdog for 200 seconds at Fri Jun 08 14:30:10 UTC 2018
348 ms. Memory: 287744K Free: 168807K (59%)
ptolemy.util.test.WatchDog.cancel(): canceling Fri Jun 08 14:30:10 UTC 2018
------------------ testing $PTII/ptolemy/domains/de/test/auto/TransferInputs.xml
auto.tcl: Setting watchdog for 200 seconds at Fri Jun 08 14:30:10 UTC 2018
2 ms. Memory: 287744K Free: 274613K (95%)
ptolemy.util.test.WatchDog.cancel(): canceling Fri Jun 08 14:30:10 UTC 2018
auto.tcl: Setting watchdog for 200 seconds at Fri Jun 08 14:30:10 UTC 2018
1 ms. Memory: 287744K Free: 274613K (95%)
ptolemy.util.test.WatchDog.cancel(): canceling Fri Jun 08 14:30:10 UTC 2018
------------------ testing $PTII/ptolemy/domains/de/test/auto/TransferOutputs2.xml
auto.tcl: Setting watchdog for 200 seconds at Fri Jun 08 14:30:10 UTC 2018
3 ms. Memory: 287232K Free: 270499K (94%)
ptolemy.util.test.WatchDog.cancel(): canceling Fri Jun 08 14:30:10 UTC 2018
auto.tcl: Setting watchdog for 200 seconds at Fri Jun 08 14:30:10 UTC 2018
3 ms. Memory: 287232K Free: 267829K (93%)
ptolemy.util.test.WatchDog.cancel(): canceling Fri Jun 08 14:30:10 UTC 2018
------------------ testing $PTII/ptolemy/domains/de/test/auto/Trilateration.xml
auto.tcl: Setting watchdog for 200 seconds at Fri Jun 08 14:30:10 UTC 2018
13285 ms. Memory: 759296K Free: 656272K (86%)
ptolemy.util.test.WatchDog.cancel(): canceling Fri Jun 08 14:30:25 UTC 2018
auto.tcl: Setting watchdog for 200 seconds at Fri Jun 08 14:30:25 UTC 2018
10531 ms. Memory: 639488K Free: 486009K (76%)
ptolemy.util.test.WatchDog.cancel(): canceling Fri Jun 08 14:30:35 UTC 2018
------------------ testing $PTII/ptolemy/domains/de/test/auto/TwoSigmaDelta.xml
auto.tcl: Setting watchdog for 200 seconds at Fri Jun 08 14:30:35 UTC 2018
2769 ms. Memory: 643072K Free: 327141K (51%)
ptolemy.util.test.WatchDog.cancel(): canceling Fri Jun 08 14:30:38 UTC 2018
auto.tcl: Setting watchdog for 200 seconds at Fri Jun 08 14:30:38 UTC 2018
2156 ms. Memory: 643072K Free: 97560K (15%)
ptolemy.util.test.WatchDog.cancel(): canceling Fri Jun 08 14:30:40 UTC 2018
------------------ testing $PTII/ptolemy/domains/de/test/auto/VariableDelay.xml
auto.tcl: Setting watchdog for 200 seconds at Fri Jun 08 14:30:40 UTC 2018
4 ms. Memory: 640000K Free: 620573K (97%)
ptolemy.util.test.WatchDog.cancel(): canceling Fri Jun 08 14:30:40 UTC 2018
auto.tcl: Setting watchdog for 200 seconds at Fri Jun 08 14:30:40 UTC 2018
2 ms. Memory: 640000K Free: 620573K (97%)
ptolemy.util.test.WatchDog.cancel(): canceling Fri Jun 08 14:30:40 UTC 2018
------------------ testing $PTII/ptolemy/domains/de/test/auto/VariableDelay2.xml
auto.tcl: Setting watchdog for 200 seconds at Fri Jun 08 14:30:40 UTC 2018
2 ms. Memory: 639488K Free: 620483K (97%)
ptolemy.util.test.WatchDog.cancel(): canceling Fri Jun 08 14:30:40 UTC 2018
auto.tcl: Setting watchdog for 200 seconds at Fri Jun 08 14:30:40 UTC 2018
1 ms. Memory: 639488K Free: 620483K (97%)
ptolemy.util.test.WatchDog.cancel(): canceling Fri Jun 08 14:30:40 UTC 2018
------------------ testing $PTII/ptolemy/domains/de/test/auto/VariableDelayZeroDelay.xml
auto.tcl: Setting watchdog for 200 seconds at Fri Jun 08 14:30:40 UTC 2018
2 ms. Memory: 639488K Free: 614901K (96%)
ptolemy.util.test.WatchDog.cancel(): canceling Fri Jun 08 14:30:40 UTC 2018
auto.tcl: Setting watchdog for 200 seconds at Fri Jun 08 14:30:40 UTC 2018
1 ms. Memory: 639488K Free: 614901K (96%)
ptolemy.util.test.WatchDog.cancel(): canceling Fri Jun 08 14:30:40 UTC 2018
------------------ testing $PTII/ptolemy/domains/de/test/auto/VariableDelayZeroDelay2.xml
auto.tcl: Setting watchdog for 200 seconds at Fri Jun 08 14:30:41 UTC 2018
4 ms. Memory: 642048K Free: 617460K (96%)
ptolemy.util.test.WatchDog.cancel(): canceling Fri Jun 08 14:30:41 UTC 2018
auto.tcl: Setting watchdog for 200 seconds at Fri Jun 08 14:30:41 UTC 2018
2 ms. Memory: 642048K Free: 617460K (96%)
ptolemy.util.test.WatchDog.cancel(): canceling Fri Jun 08 14:30:41 UTC 2018
------------------ testing $PTII/ptolemy/domains/de/test/auto/deInCt.xml
auto.tcl: Setting watchdog for 200 seconds at Fri Jun 08 14:30:41 UTC 2018
0
1
1
1
1
0
0
0
1
1
1
1
0
0
0
1
1
1
0
0
0
0
1
1
0
0
0
1
1
1
0
0
0
1
1
1
0
0
0
1
1
1
1
1
1
14 ms. Memory: 639488K Free: 614897K (96%)
ptolemy.util.test.WatchDog.cancel(): canceling Fri Jun 08 14:30:41 UTC 2018
auto.tcl: Setting watchdog for 200 seconds at Fri Jun 08 14:30:41 UTC 2018
0
1
1
1
0
0
0
1
1
1
1
1
0
0
0
1
1
1
0
0
0
1
1
1
0
0
0
1
1
1
0
0
0
0
1
1
1
0
0
1
1
1
1
0
0
0
7 ms. Memory: 639488K Free: 614897K (96%)
ptolemy.util.test.WatchDog.cancel(): canceling Fri Jun 08 14:30:41 UTC 2018
------------------ testing $PTII/ptolemy/domains/de/test/auto/deInCt2.xml
auto.tcl: Setting watchdog for 200 seconds at Fri Jun 08 14:30:41 UTC 2018
0
1
1
1
0
0
1
1
1
0
0
1
1
1
0
0
1
1
1
0
0
1
1
1
0
0
1
1
1
0
0
1
1
1
0
0
1
1
1
0
0
0
12 ms. Memory: 642048K Free: 617448K (96%)
ptolemy.util.test.WatchDog.cancel(): canceling Fri Jun 08 14:30:41 UTC 2018
auto.tcl: Setting watchdog for 200 seconds at Fri Jun 08 14:30:41 UTC 2018
0
1
1
1
0
0
1
1
1
0
0
1
1
1
0
0
1
1
1
0
0
1
1
1
0
0
1
1
1
0
0
1
1
1
0
0
1
1
1
0
0
0
5 ms. Memory: 642048K Free: 617448K (96%)
ptolemy.util.test.WatchDog.cancel(): canceling Fri Jun 08 14:30:41 UTC 2018
------------------ testing $PTII/ptolemy/domains/de/test/auto/dynamicCausalityInterface1.xml
auto.tcl: Setting watchdog for 200 seconds at Fri Jun 08 14:30:41 UTC 2018
2 ms. Memory: 639488K Free: 606243K (95%)
ptolemy.util.test.WatchDog.cancel(): canceling Fri Jun 08 14:30:41 UTC 2018
auto.tcl: Setting watchdog for 200 seconds at Fri Jun 08 14:30:41 UTC 2018
1 ms. Memory: 639488K Free: 606243K (95%)
ptolemy.util.test.WatchDog.cancel(): canceling Fri Jun 08 14:30:41 UTC 2018
------------------ testing $PTII/ptolemy/domains/de/test/auto/fsm_de_test.xml
auto.tcl: Setting watchdog for 200 seconds at Fri Jun 08 14:30:41 UTC 2018
11 ms. Memory: 641536K Free: 616835K (96%)
ptolemy.util.test.WatchDog.cancel(): canceling Fri Jun 08 14:30:41 UTC 2018
auto.tcl: Setting watchdog for 200 seconds at Fri Jun 08 14:30:41 UTC 2018
5 ms. Memory: 641536K Free: 608202K (95%)
ptolemy.util.test.WatchDog.cancel(): canceling Fri Jun 08 14:30:41 UTC 2018
------------------ testing $PTII/ptolemy/domains/de/test/auto/functionDependencyReconstruction.xml
auto.tcl: Setting watchdog for 200 seconds at Fri Jun 08 14:30:41 UTC 2018
4 ms. Memory: 639488K Free: 606145K (95%)
ptolemy.util.test.WatchDog.cancel(): canceling Fri Jun 08 14:30:41 UTC 2018
auto.tcl: Setting watchdog for 200 seconds at Fri Jun 08 14:30:41 UTC 2018
2 ms. Memory: 639488K Free: 606145K (95%)
ptolemy.util.test.WatchDog.cancel(): canceling Fri Jun 08 14:30:41 UTC 2018
------------------ testing $PTII/ptolemy/domains/de/test/auto/multirate.xml
auto.tcl: Setting watchdog for 200 seconds at Fri Jun 08 14:30:41 UTC 2018
7 ms. Memory: 641536K Free: 616702K (96%)
ptolemy.util.test.WatchDog.cancel(): canceling Fri Jun 08 14:30:41 UTC 2018
auto.tcl: Setting watchdog for 200 seconds at Fri Jun 08 14:30:41 UTC 2018
2 ms. Memory: 641536K Free: 616702K (96%)
ptolemy.util.test.WatchDog.cancel(): canceling Fri Jun 08 14:30:41 UTC 2018
------------------ testing $PTII/ptolemy/domains/de/test/auto/multirate2.xml
auto.tcl: Setting watchdog for 200 seconds at Fri Jun 08 14:30:41 UTC 2018
6 ms. Memory: 639488K Free: 614842K (96%)
ptolemy.util.test.WatchDog.cancel(): canceling Fri Jun 08 14:30:41 UTC 2018
auto.tcl: Setting watchdog for 200 seconds at Fri Jun 08 14:30:41 UTC 2018
2 ms. Memory: 639488K Free: 614842K (96%)
ptolemy.util.test.WatchDog.cancel(): canceling Fri Jun 08 14:30:41 UTC 2018
------------------ testing $PTII/ptolemy/domains/de/test/auto/realtime.xml
auto.tcl: Setting watchdog for 200 seconds at Fri Jun 08 14:30:41 UTC 2018
10001 ms. Memory: 641024K Free: 616369K (96%)
ptolemy.util.test.WatchDog.cancel(): canceling Fri Jun 08 14:30:51 UTC 2018
auto.tcl: Setting watchdog for 200 seconds at Fri Jun 08 14:30:51 UTC 2018
10001 ms. Memory: 641024K Free: 616369K (96%)
ptolemy.util.test.WatchDog.cancel(): canceling Fri Jun 08 14:31:01 UTC 2018
------------------ testing $PTII/ptolemy/domains/de/test/auto/relationGroup.xml
auto.tcl: Setting watchdog for 200 seconds at Fri Jun 08 14:31:01 UTC 2018
1 ms. Memory: 639488K Free: 614867K (96%)
ptolemy.util.test.WatchDog.cancel(): canceling Fri Jun 08 14:31:01 UTC 2018
auto.tcl: Setting watchdog for 200 seconds at Fri Jun 08 14:31:01 UTC 2018
1 ms. Memory: 639488K Free: 614867K (96%)
ptolemy.util.test.WatchDog.cancel(): canceling Fri Jun 08 14:31:01 UTC 2018
------------------ testing $PTII/ptolemy/domains/de/test/auto/relationGroup2.xml
auto.tcl: Setting watchdog for 200 seconds at Fri Jun 08 14:31:01 UTC 2018
2 ms. Memory: 641024K Free: 616429K (96%)
ptolemy.util.test.WatchDog.cancel(): canceling Fri Jun 08 14:31:01 UTC 2018
auto.tcl: Setting watchdog for 200 seconds at Fri Jun 08 14:31:01 UTC 2018
1 ms. Memory: 641024K Free: 616429K (96%)
ptolemy.util.test.WatchDog.cancel(): canceling Fri Jun 08 14:31:01 UTC 2018
------------------ testing $PTII/ptolemy/domains/de/test/auto/sortWithOpaquePorts.xml
auto.tcl: Setting watchdog for 200 seconds at Fri Jun 08 14:31:01 UTC 2018
1 ms. Memory: 639488K Free: 614894K (96%)
ptolemy.util.test.WatchDog.cancel(): canceling Fri Jun 08 14:31:01 UTC 2018
auto.tcl: Setting watchdog for 200 seconds at Fri Jun 08 14:31:01 UTC 2018
1 ms. Memory: 639488K Free: 614894K (96%)
ptolemy.util.test.WatchDog.cancel(): canceling Fri Jun 08 14:31:01 UTC 2018
------------------ testing $PTII/ptolemy/domains/de/test/auto/transferInputsandOutputs.xml
auto.tcl: Setting watchdog for 200 seconds at Fri Jun 08 14:31:01 UTC 2018
2 ms. Memory: 640512K Free: 615905K (96%)
ptolemy.util.test.WatchDog.cancel(): canceling Fri Jun 08 14:31:01 UTC 2018
auto.tcl: Setting watchdog for 200 seconds at Fri Jun 08 14:31:01 UTC 2018
1 ms. Memory: 640512K Free: 615905K (96%)
ptolemy.util.test.WatchDog.cancel(): canceling Fri Jun 08 14:31:01 UTC 2018
------------------ testing $PTII/ptolemy/domains/de/test/auto/triggerType.xml
auto.tcl: Setting watchdog for 200 seconds at Fri Jun 08 14:31:01 UTC 2018
1 ms. Memory: 639488K Free: 614832K (96%)
ptolemy.util.test.WatchDog.cancel(): canceling Fri Jun 08 14:31:01 UTC 2018
auto.tcl: Setting watchdog for 200 seconds at Fri Jun 08 14:31:01 UTC 2018
1 ms. Memory: 639488K Free: 614832K (96%)
ptolemy.util.test.WatchDog.cancel(): canceling Fri Jun 08 14:31:01 UTC 2018
06/08/18 02:31:01
Failed: 0  Total Tests: 192  ((Passed: 187, Newly Passed: 1)  Known Failed: 5) /home/travis/build/icyphy/ptII/ptolemy/domains/de/test
06/08/18 02:31:01
Failed: 0  Total Tests: 192  ((Passed: 187, Newly Passed: 1)  Known Failed: 5) /home/travis/build/icyphy/ptII/ptolemy/domains/de/test
----------------- testing (KnownFailure) /home/travis/build/icyphy/ptII/ptolemy/domains/de/test/auto/knownFailedTests/DESDFClockTest.xml
2007 ms. Memory: 640512K Free: 604748K (94%)
Known Failure: java.lang.reflect.InvocationTargetException
----------------- testing (KnownFailure) /home/travis/build/icyphy/ptII/ptolemy/domains/de/test/auto/knownFailedTests/DirectFeedback.xml
1 ms. Memory: 640512K Free: 560101K (87%)
Known Failure: java.lang.reflect.InvocationTargetException
----------------- testing (KnownFailure) /home/travis/build/icyphy/ptII/ptolemy/domains/de/test/auto/knownFailedTests/FSMSource.xml
6 ms. Memory: 640512K Free: 515454K (80%)
----------------- testing (KnownFailure) /home/travis/build/icyphy/ptII/ptolemy/domains/de/test/auto/knownFailedTests/HierarchicalModel.xml
1 ms. Memory: 640512K Free: 481945K (75%)
Known Failure: java.lang.reflect.InvocationTargetException
----------------- testing (KnownFailure) /home/travis/build/icyphy/ptII/ptolemy/domains/de/test/auto/knownFailedTests/dependencyLoop.xml
1 ms. Memory: 640512K Free: 426121K (67%)
Known Failure: java.lang.reflect.InvocationTargetException
----------------- testing (KnownFailure) /home/travis/build/icyphy/ptII/ptolemy/domains/de/test/auto/knownFailedTests/dependencyLoop2.xml
3 ms. Memory: 640512K Free: 370296K (58%)
Known Failure: java.lang.reflect.InvocationTargetException
No auto/linux-amd64/*.xml tests in /home/travis/build/icyphy/ptII/ptolemy/domains/de/test
AutoTests.java: About to close Vertx.
AutoTests.java: Vertx closed.

===========================================================================================
----------------- testing Fri Jun 08 14:31:04 UTC 2018 /home/travis/build/icyphy/ptII/ptolemy/domains/de/test/auto/ActorDepthCalculation_actorWithoutPorts.xml
----------------- Instantiating /home/travis/build/icyphy/ptII/ptolemy/domains/de/test/auto/ActorDepthCalculation_actorWithoutPorts.xml
1 ms. Memory: 640512K Free: 314488K (49%)
----------------- Invoking toplevel() on ptolemy.moml.MoMLSimpleApplication@40e95b55
----------------- Done invoking toplevel() on ptolemy.moml.MoMLSimpleApplication@40e95b55
reloadAllAccessors: .ActorDepthCalculation_actorWithoutPorts

===========================================================================================
----------------- testing Fri Jun 08 14:31:04 UTC 2018 /home/travis/build/icyphy/ptII/ptolemy/domains/de/test/auto/AssemblyLine.xml
----------------- Instantiating /home/travis/build/icyphy/ptII/ptolemy/domains/de/test/auto/AssemblyLine.xml
1 ms. Memory: 640512K Free: 292165K (46%)
----------------- Invoking toplevel() on ptolemy.moml.MoMLSimpleApplication@40dad9bb
----------------- Done invoking toplevel() on ptolemy.moml.MoMLSimpleApplication@40dad9bb
reloadAllAccessors: .AssemblyLine

===========================================================================================
----------------- testing Fri Jun 08 14:31:04 UTC 2018 /home/travis/build/icyphy/ptII/ptolemy/domains/de/test/auto/CQBug1.xml
----------------- Instantiating /home/travis/build/icyphy/ptII/ptolemy/domains/de/test/auto/CQBug1.xml
1 ms. Memory: 640512K Free: 269841K (42%)
----------------- Invoking toplevel() on ptolemy.moml.MoMLSimpleApplication@6deb316d
----------------- Done invoking toplevel() on ptolemy.moml.MoMLSimpleApplication@6deb316d
reloadAllAccessors: .CQBug1

===========================================================================================
----------------- testing Fri Jun 08 14:31:04 UTC 2018 /home/travis/build/icyphy/ptII/ptolemy/domains/de/test/auto/CancelFireAt.xml
----------------- Instantiating /home/travis/build/icyphy/ptII/ptolemy/domains/de/test/auto/CancelFireAt.xml
1 ms. Memory: 640512K Free: 247518K (39%)
----------------- Invoking toplevel() on ptolemy.moml.MoMLSimpleApplication@1a45b39b
----------------- Done invoking toplevel() on ptolemy.moml.MoMLSimpleApplication@1a45b39b
reloadAllAccessors: .CancelFireAt

===========================================================================================
----------------- testing Fri Jun 08 14:31:04 UTC 2018 /home/travis/build/icyphy/ptII/ptolemy/domains/de/test/auto/CausalityAndComposabilityAnalysis.xml
----------------- Instantiating /home/travis/build/icyphy/ptII/ptolemy/domains/de/test/auto/CausalityAndComposabilityAnalysis.xml
2 ms. Memory: 640512K Free: 225195K (35%)
----------------- Invoking toplevel() on ptolemy.moml.MoMLSimpleApplication@4c0efba5
----------------- Done invoking toplevel() on ptolemy.moml.MoMLSimpleApplication@4c0efba5
reloadAllAccessors: .CausalityAndComposabilityAnalysis

===========================================================================================
----------------- testing Fri Jun 08 14:31:04 UTC 2018 /home/travis/build/icyphy/ptII/ptolemy/domains/de/test/auto/CausalityInterface1.xml
----------------- Instantiating /home/travis/build/icyphy/ptII/ptolemy/domains/de/test/auto/CausalityInterface1.xml
3 ms. Memory: 640512K Free: 202872K (32%)
----------------- Invoking toplevel() on ptolemy.moml.MoMLSimpleApplication@3d3ef02a
----------------- Done invoking toplevel() on ptolemy.moml.MoMLSimpleApplication@3d3ef02a
reloadAllAccessors: .CausalityInterface1

===========================================================================================
----------------- testing Fri Jun 08 14:31:04 UTC 2018 /home/travis/build/icyphy/ptII/ptolemy/domains/de/test/auto/CausalityInterface15.xml
----------------- Instantiating /home/travis/build/icyphy/ptII/ptolemy/domains/de/test/auto/CausalityInterface15.xml
1 ms. Memory: 640512K Free: 180549K (28%)
----------------- Invoking toplevel() on ptolemy.moml.MoMLSimpleApplication@4b5cbcee
----------------- Done invoking toplevel() on ptolemy.moml.MoMLSimpleApplication@4b5cbcee
reloadAllAccessors: .CausalityInterface15

===========================================================================================
----------------- testing Fri Jun 08 14:31:04 UTC 2018 /home/travis/build/icyphy/ptII/ptolemy/domains/de/test/auto/CausalityInterface2.xml
----------------- Instantiating /home/travis/build/icyphy/ptII/ptolemy/domains/de/test/auto/CausalityInterface2.xml
1 ms. Memory: 640512K Free: 158225K (25%)
----------------- Invoking toplevel() on ptolemy.moml.MoMLSimpleApplication@70dbec05
----------------- Done invoking toplevel() on ptolemy.moml.MoMLSimpleApplication@70dbec05
reloadAllAccessors: .CausalityInterface2

===========================================================================================
----------------- testing Fri Jun 08 14:31:04 UTC 2018 /home/travis/build/icyphy/ptII/ptolemy/domains/de/test/auto/CausalityInterface3.xml
----------------- Instantiating /home/travis/build/icyphy/ptII/ptolemy/domains/de/test/auto/CausalityInterface3.xml
2 ms. Memory: 640512K Free: 135902K (21%)
----------------- Invoking toplevel() on ptolemy.moml.MoMLSimpleApplication@5fcffc50
----------------- Done invoking toplevel() on ptolemy.moml.MoMLSimpleApplication@5fcffc50
reloadAllAccessors: .CausalityInterface3

===========================================================================================
----------------- testing Fri Jun 08 14:31:04 UTC 2018 /home/travis/build/icyphy/ptII/ptolemy/domains/de/test/auto/ClockDrift.xml
----------------- Instantiating /home/travis/build/icyphy/ptII/ptolemy/domains/de/test/auto/ClockDrift.xml
14 ms. Memory: 640512K Free: 113579K (18%)
----------------- Invoking toplevel() on ptolemy.moml.MoMLSimpleApplication@224fad04
----------------- Done invoking toplevel() on ptolemy.moml.MoMLSimpleApplication@224fad04
reloadAllAccessors: .ClockDrift

===========================================================================================
----------------- testing Fri Jun 08 14:31:04 UTC 2018 /home/travis/build/icyphy/ptII/ptolemy/domains/de/test/auto/ClockDriftAndValueChange.xml
----------------- Instantiating /home/travis/build/icyphy/ptII/ptolemy/domains/de/test/auto/ClockDriftAndValueChange.xml
7 ms. Memory: 640512K Free: 91256K (14%)
----------------- Invoking toplevel() on ptolemy.moml.MoMLSimpleApplication@418dddb3
----------------- Done invoking toplevel() on ptolemy.moml.MoMLSimpleApplication@418dddb3
reloadAllAccessors: .ClockDriftAndValueChange

===========================================================================================
----------------- testing Fri Jun 08 14:31:04 UTC 2018 /home/travis/build/icyphy/ptII/ptolemy/domains/de/test/auto/ClockDriftChange.xml
----------------- Instantiating /home/travis/build/icyphy/ptII/ptolemy/domains/de/test/auto/ClockDriftChange.xml
7 ms. Memory: 640512K Free: 77624K (12%)
----------------- Invoking toplevel() on ptolemy.moml.MoMLSimpleApplication@67c93cba
----------------- Done invoking toplevel() on ptolemy.moml.MoMLSimpleApplication@67c93cba
reloadAllAccessors: .ClockDriftChange

===========================================================================================
----------------- testing Fri Jun 08 14:31:04 UTC 2018 /home/travis/build/icyphy/ptII/ptolemy/domains/de/test/auto/ComposableCausalityAnalysis.xml
----------------- Instantiating /home/travis/build/icyphy/ptII/ptolemy/domains/de/test/auto/ComposableCausalityAnalysis.xml
0 ms. Memory: 613376K Free: 587033K (96%)
----------------- Invoking toplevel() on ptolemy.moml.MoMLSimpleApplication@2ccb5357
----------------- Done invoking toplevel() on ptolemy.moml.MoMLSimpleApplication@2ccb5357
reloadAllAccessors: .ComposableCausalityAnalysis

===========================================================================================
----------------- testing Fri Jun 08 14:31:04 UTC 2018 /home/travis/build/icyphy/ptII/ptolemy/domains/de/test/auto/DEFixedPointLimitation.xml
----------------- Instantiating /home/travis/build/icyphy/ptII/ptolemy/domains/de/test/auto/DEFixedPointLimitation.xml
0 ms. Memory: 613376K Free: 560405K (91%)
----------------- Invoking toplevel() on ptolemy.moml.MoMLSimpleApplication@132dfdaa
----------------- Done invoking toplevel() on ptolemy.moml.MoMLSimpleApplication@132dfdaa
reloadAllAccessors: .DEFixedPointLimitation

===========================================================================================
----------------- testing Fri Jun 08 14:31:04 UTC 2018 /home/travis/build/icyphy/ptII/ptolemy/domains/de/test/auto/DEScheduleTest.xml
----------------- Instantiating /home/travis/build/icyphy/ptII/ptolemy/domains/de/test/auto/DEScheduleTest.xml
1 ms. Memory: 613376K Free: 539126K (88%)
----------------- Invoking toplevel() on ptolemy.moml.MoMLSimpleApplication@26e6305e
----------------- Done invoking toplevel() on ptolemy.moml.MoMLSimpleApplication@26e6305e
reloadAllAccessors: .DEScheduleTest

===========================================================================================
----------------- testing Fri Jun 08 14:31:04 UTC 2018 /home/travis/build/icyphy/ptII/ptolemy/domains/de/test/auto/DEinDEwithStartTimes.xml
----------------- Instantiating /home/travis/build/icyphy/ptII/ptolemy/domains/de/test/auto/DEinDEwithStartTimes.xml
1 ms. Memory: 613376K Free: 517847K (84%)
----------------- Invoking toplevel() on ptolemy.moml.MoMLSimpleApplication@61bd62f3
----------------- Done invoking toplevel() on ptolemy.moml.MoMLSimpleApplication@61bd62f3
reloadAllAccessors: .DEinDEwithStartTimes

===========================================================================================
----------------- testing Fri Jun 08 14:31:04 UTC 2018 /home/travis/build/icyphy/ptII/ptolemy/domains/de/test/auto/DEinDEwithStartTimes2.xml
----------------- Instantiating /home/travis/build/icyphy/ptII/ptolemy/domains/de/test/auto/DEinDEwithStartTimes2.xml
1 ms. Memory: 613376K Free: 496568K (81%)
----------------- Invoking toplevel() on ptolemy.moml.MoMLSimpleApplication@222d715
----------------- Done invoking toplevel() on ptolemy.moml.MoMLSimpleApplication@222d715
reloadAllAccessors: .DEinDEwithStartTimes2

===========================================================================================
----------------- testing Fri Jun 08 14:31:04 UTC 2018 /home/travis/build/icyphy/ptII/ptolemy/domains/de/test/auto/DateDemo.xml
----------------- Instantiating /home/travis/build/icyphy/ptII/ptolemy/domains/de/test/auto/DateDemo.xml
3 ms. Memory: 613376K Free: 475284K (77%)
----------------- Invoking toplevel() on ptolemy.moml.MoMLSimpleApplication@73e54c0b
----------------- Done invoking toplevel() on ptolemy.moml.MoMLSimpleApplication@73e54c0b
reloadAllAccessors: .DateDemo

===========================================================================================
----------------- testing Fri Jun 08 14:31:04 UTC 2018 /home/travis/build/icyphy/ptII/ptolemy/domains/de/test/auto/DateToEvent.xml
----------------- Instantiating /home/travis/build/icyphy/ptII/ptolemy/domains/de/test/auto/DateToEvent.xml
2005 ms. Memory: 613376K Free: 443350K (72%)
----------------- Invoking toplevel() on ptolemy.moml.MoMLSimpleApplication@29e5d65d
----------------- Done invoking toplevel() on ptolemy.moml.MoMLSimpleApplication@29e5d65d
reloadAllAccessors: .DateToEvent

===========================================================================================
----------------- testing Fri Jun 08 14:31:06 UTC 2018 /home/travis/build/icyphy/ptII/ptolemy/domains/de/test/auto/DepthTest1.xml
----------------- Instantiating /home/travis/build/icyphy/ptII/ptolemy/domains/de/test/auto/DepthTest1.xml
1 ms. Memory: 613376K Free: 422071K (69%)
----------------- Invoking toplevel() on ptolemy.moml.MoMLSimpleApplication@3a0adc27
----------------- Done invoking toplevel() on ptolemy.moml.MoMLSimpleApplication@3a0adc27
reloadAllAccessors: .DepthTest1

===========================================================================================
----------------- testing Fri Jun 08 14:31:06 UTC 2018 /home/travis/build/icyphy/ptII/ptolemy/domains/de/test/auto/DepthTest2.xml
----------------- Instantiating /home/travis/build/icyphy/ptII/ptolemy/domains/de/test/auto/DepthTest2.xml
2 ms. Memory: 613376K Free: 400792K (65%)
----------------- Invoking toplevel() on ptolemy.moml.MoMLSimpleApplication@9a90e9e
----------------- Done invoking toplevel() on ptolemy.moml.MoMLSimpleApplication@9a90e9e
reloadAllAccessors: .DepthTest2

===========================================================================================
----------------- testing Fri Jun 08 14:31:06 UTC 2018 /home/travis/build/icyphy/ptII/ptolemy/domains/de/test/auto/DepthTest3.xml
----------------- Instantiating /home/travis/build/icyphy/ptII/ptolemy/domains/de/test/auto/DepthTest3.xml
1 ms. Memory: 613376K Free: 379514K (62%)
----------------- Invoking toplevel() on ptolemy.moml.MoMLSimpleApplication@72a8d8c5
----------------- Done invoking toplevel() on ptolemy.moml.MoMLSimpleApplication@72a8d8c5
reloadAllAccessors: .DepthTest3

===========================================================================================
----------------- testing Fri Jun 08 14:31:06 UTC 2018 /home/travis/build/icyphy/ptII/ptolemy/domains/de/test/auto/DepthTest4.xml
----------------- Instantiating /home/travis/build/icyphy/ptII/ptolemy/domains/de/test/auto/DepthTest4.xml
1 ms. Memory: 613376K Free: 358235K (58%)
----------------- Invoking toplevel() on ptolemy.moml.MoMLSimpleApplication@29fc8b13
----------------- Done invoking toplevel() on ptolemy.moml.MoMLSimpleApplication@29fc8b13
reloadAllAccessors: .DepthTest4

===========================================================================================
----------------- testing Fri Jun 08 14:31:06 UTC 2018 /home/travis/build/icyphy/ptII/ptolemy/domains/de/test/auto/DepthTest5.xml
----------------- Instantiating /home/travis/build/icyphy/ptII/ptolemy/domains/de/test/auto/DepthTest5.xml
2 ms. Memory: 613376K Free: 336956K (55%)
----------------- Invoking toplevel() on ptolemy.moml.MoMLSimpleApplication@2a1d4dd5
----------------- Done invoking toplevel() on ptolemy.moml.MoMLSimpleApplication@2a1d4dd5
reloadAllAccessors: .DepthTest5

===========================================================================================
----------------- testing Fri Jun 08 14:31:06 UTC 2018 /home/travis/build/icyphy/ptII/ptolemy/domains/de/test/auto/DepthTest6.xml
----------------- Instantiating /home/travis/build/icyphy/ptII/ptolemy/domains/de/test/auto/DepthTest6.xml
2 ms. Memory: 613376K Free: 310328K (51%)
----------------- Invoking toplevel() on ptolemy.moml.MoMLSimpleApplication@2bbdde89
----------------- Done invoking toplevel() on ptolemy.moml.MoMLSimpleApplication@2bbdde89
reloadAllAccessors: .DepthTest6

===========================================================================================
----------------- testing Fri Jun 08 14:31:06 UTC 2018 /home/travis/build/icyphy/ptII/ptolemy/domains/de/test/auto/DepthTest7.xml
----------------- Instantiating /home/travis/build/icyphy/ptII/ptolemy/domains/de/test/auto/DepthTest7.xml
1 ms. Memory: 613376K Free: 289050K (47%)
----------------- Invoking toplevel() on ptolemy.moml.MoMLSimpleApplication@6618a6a5
----------------- Done invoking toplevel() on ptolemy.moml.MoMLSimpleApplication@6618a6a5
reloadAllAccessors: .DepthTest7

===========================================================================================
----------------- testing Fri Jun 08 14:31:06 UTC 2018 /home/travis/build/icyphy/ptII/ptolemy/domains/de/test/auto/EventToDate.xml
----------------- Instantiating /home/travis/build/icyphy/ptII/ptolemy/domains/de/test/auto/EventToDate.xml
3004 ms. Memory: 613376K Free: 257123K (42%)
----------------- Invoking toplevel() on ptolemy.moml.MoMLSimpleApplication@56fc8284
----------------- Done invoking toplevel() on ptolemy.moml.MoMLSimpleApplication@56fc8284
reloadAllAccessors: .EventToDate

===========================================================================================
----------------- testing Fri Jun 08 14:31:09 UTC 2018 /home/travis/build/icyphy/ptII/ptolemy/domains/de/test/auto/FSM1.xml
----------------- Instantiating /home/travis/build/icyphy/ptII/ptolemy/domains/de/test/auto/FSM1.xml
17 ms. Memory: 613376K Free: 235845K (38%)
----------------- Invoking toplevel() on ptolemy.moml.MoMLSimpleApplication@27928658
----------------- Done invoking toplevel() on ptolemy.moml.MoMLSimpleApplication@27928658
reloadAllAccessors: .FSM1

===========================================================================================
----------------- testing Fri Jun 08 14:31:09 UTC 2018 /home/travis/build/icyphy/ptII/ptolemy/domains/de/test/auto/FSM7.xml
----------------- Instantiating /home/travis/build/icyphy/ptII/ptolemy/domains/de/test/auto/FSM7.xml
15 ms. Memory: 613376K Free: 214566K (35%)
----------------- Invoking toplevel() on ptolemy.moml.MoMLSimpleApplication@2c7fd350
----------------- Done invoking toplevel() on ptolemy.moml.MoMLSimpleApplication@2c7fd350
reloadAllAccessors: .FSM7

===========================================================================================
----------------- testing Fri Jun 08 14:31:09 UTC 2018 /home/travis/build/icyphy/ptII/ptolemy/domains/de/test/auto/Inspection.xml
----------------- Instantiating /home/travis/build/icyphy/ptII/ptolemy/domains/de/test/auto/Inspection.xml
21 ms. Memory: 613376K Free: 182632K (30%)
----------------- Invoking toplevel() on ptolemy.moml.MoMLSimpleApplication@365ff9cc
----------------- Done invoking toplevel() on ptolemy.moml.MoMLSimpleApplication@365ff9cc
reloadAllAccessors: .Inspection

===========================================================================================
----------------- testing Fri Jun 08 14:31:09 UTC 2018 /home/travis/build/icyphy/ptII/ptolemy/domains/de/test/auto/Iteration.xml
----------------- Instantiating /home/travis/build/icyphy/ptII/ptolemy/domains/de/test/auto/Iteration.xml
7 ms. Memory: 613376K Free: 161353K (26%)
----------------- Invoking toplevel() on ptolemy.moml.MoMLSimpleApplication@53bd7978
----------------- Done invoking toplevel() on ptolemy.moml.MoMLSimpleApplication@53bd7978
reloadAllAccessors: .Iteration

===========================================================================================
----------------- testing Fri Jun 08 14:31:09 UTC 2018 /home/travis/build/icyphy/ptII/ptolemy/domains/de/test/auto/LineFault.xml
----------------- Instantiating /home/travis/build/icyphy/ptII/ptolemy/domains/de/test/auto/LineFault.xml
436 ms. Memory: 589312K Free: 537605K (91%)
----------------- Invoking toplevel() on ptolemy.moml.MoMLSimpleApplication@2e10003e
----------------- Done invoking toplevel() on ptolemy.moml.MoMLSimpleApplication@2e10003e
reloadAllAccessors: .LineFault

===========================================================================================
----------------- testing Fri Jun 08 14:31:10 UTC 2018 /home/travis/build/icyphy/ptII/ptolemy/domains/de/test/auto/MergeModel1Add.xml
----------------- Instantiating /home/travis/build/icyphy/ptII/ptolemy/domains/de/test/auto/MergeModel1Add.xml
5 ms. Memory: 589312K Free: 503157K (85%)
----------------- Invoking toplevel() on ptolemy.moml.MoMLSimpleApplication@1918e3fd
----------------- Done invoking toplevel() on ptolemy.moml.MoMLSimpleApplication@1918e3fd
reloadAllAccessors: .MergeModel1Add

===========================================================================================
----------------- testing Fri Jun 08 14:31:10 UTC 2018 /home/travis/build/icyphy/ptII/ptolemy/domains/de/test/auto/MergeModel2Add.xml
----------------- Instantiating /home/travis/build/icyphy/ptII/ptolemy/domains/de/test/auto/MergeModel2Add.xml
4 ms. Memory: 589312K Free: 477789K (81%)
----------------- Invoking toplevel() on ptolemy.moml.MoMLSimpleApplication@2ac47cae
----------------- Done invoking toplevel() on ptolemy.moml.MoMLSimpleApplication@2ac47cae
reloadAllAccessors: .MergeModel2Add

===========================================================================================
----------------- testing Fri Jun 08 14:31:10 UTC 2018 /home/travis/build/icyphy/ptII/ptolemy/domains/de/test/auto/MergeModel3Add.xml
----------------- Instantiating /home/travis/build/icyphy/ptII/ptolemy/domains/de/test/auto/MergeModel3Add.xml
5 ms. Memory: 589312K Free: 452413K (77%)
----------------- Invoking toplevel() on ptolemy.moml.MoMLSimpleApplication@537f43b5
----------------- Done invoking toplevel() on ptolemy.moml.MoMLSimpleApplication@537f43b5
reloadAllAccessors: .MergeModel3Add

===========================================================================================
----------------- testing Fri Jun 08 14:31:10 UTC 2018 /home/travis/build/icyphy/ptII/ptolemy/domains/de/test/auto/MergeWithoutDiscard.xml
----------------- Instantiating /home/travis/build/icyphy/ptII/ptolemy/domains/de/test/auto/MergeWithoutDiscard.xml
1 ms. Memory: 589312K Free: 442276K (75%)
----------------- Invoking toplevel() on ptolemy.moml.MoMLSimpleApplication@6a67a16
----------------- Done invoking toplevel() on ptolemy.moml.MoMLSimpleApplication@6a67a16
reloadAllAccessors: .MergeWithoutDiscard

===========================================================================================
----------------- testing Fri Jun 08 14:31:10 UTC 2018 /home/travis/build/icyphy/ptII/ptolemy/domains/de/test/auto/Modal1.xml
----------------- Instantiating /home/travis/build/icyphy/ptII/ptolemy/domains/de/test/auto/Modal1.xml
7 ms. Memory: 589312K Free: 427053K (72%)
----------------- Invoking toplevel() on ptolemy.moml.MoMLSimpleApplication@11e1d0f
----------------- Done invoking toplevel() on ptolemy.moml.MoMLSimpleApplication@11e1d0f
reloadAllAccessors: .Modal1

===========================================================================================
----------------- testing Fri Jun 08 14:31:10 UTC 2018 /home/travis/build/icyphy/ptII/ptolemy/domains/de/test/auto/Modal2.xml
----------------- Instantiating /home/travis/build/icyphy/ptII/ptolemy/domains/de/test/auto/Modal2.xml
6 ms. Memory: 589312K Free: 411831K (70%)
----------------- Invoking toplevel() on ptolemy.moml.MoMLSimpleApplication@4866443
----------------- Done invoking toplevel() on ptolemy.moml.MoMLSimpleApplication@4866443
reloadAllAccessors: .Modal2

===========================================================================================
----------------- testing Fri Jun 08 14:31:10 UTC 2018 /home/travis/build/icyphy/ptII/ptolemy/domains/de/test/auto/Modal3.xml
----------------- Instantiating /home/travis/build/icyphy/ptII/ptolemy/domains/de/test/auto/Modal3.xml
5 ms. Memory: 589312K Free: 388145K (66%)
----------------- Invoking toplevel() on ptolemy.moml.MoMLSimpleApplication@68dedda
----------------- Done invoking toplevel() on ptolemy.moml.MoMLSimpleApplication@68dedda
reloadAllAccessors: .Modal3

===========================================================================================
----------------- testing Fri Jun 08 14:31:10 UTC 2018 /home/travis/build/icyphy/ptII/ptolemy/domains/de/test/auto/Modal4.xml
----------------- Instantiating /home/travis/build/icyphy/ptII/ptolemy/domains/de/test/auto/Modal4.xml
7 ms. Memory: 589312K Free: 367869K (62%)
----------------- Invoking toplevel() on ptolemy.moml.MoMLSimpleApplication@5a7664ee
----------------- Done invoking toplevel() on ptolemy.moml.MoMLSimpleApplication@5a7664ee
reloadAllAccessors: .Modal4

===========================================================================================
----------------- testing Fri Jun 08 14:31:10 UTC 2018 /home/travis/build/icyphy/ptII/ptolemy/domains/de/test/auto/Modal5.xml
----------------- Instantiating /home/travis/build/icyphy/ptII/ptolemy/domains/de/test/auto/Modal5.xml
8 ms. Memory: 589312K Free: 347578K (59%)
----------------- Invoking toplevel() on ptolemy.moml.MoMLSimpleApplication@4567e578
----------------- Done invoking toplevel() on ptolemy.moml.MoMLSimpleApplication@4567e578
reloadAllAccessors: .Modal5

===========================================================================================
----------------- testing Fri Jun 08 14:31:10 UTC 2018 /home/travis/build/icyphy/ptII/ptolemy/domains/de/test/auto/Modal6.xml
----------------- Instantiating /home/travis/build/icyphy/ptII/ptolemy/domains/de/test/auto/Modal6.xml
7 ms. Memory: 589312K Free: 332356K (56%)
----------------- Invoking toplevel() on ptolemy.moml.MoMLSimpleApplication@5984fee5
----------------- Done invoking toplevel() on ptolemy.moml.MoMLSimpleApplication@5984fee5
reloadAllAccessors: .Modal6

===========================================================================================
----------------- testing Fri Jun 08 14:31:10 UTC 2018 /home/travis/build/icyphy/ptII/ptolemy/domains/de/test/auto/Modal7.xml
----------------- Instantiating /home/travis/build/icyphy/ptII/ptolemy/domains/de/test/auto/Modal7.xml
6 ms. Memory: 589312K Free: 312064K (53%)
----------------- Invoking toplevel() on ptolemy.moml.MoMLSimpleApplication@67884b99
----------------- Done invoking toplevel() on ptolemy.moml.MoMLSimpleApplication@67884b99
reloadAllAccessors: .Modal7

===========================================================================================
----------------- testing Fri Jun 08 14:31:10 UTC 2018 /home/travis/build/icyphy/ptII/ptolemy/domains/de/test/auto/ModalModel.xml
----------------- Instantiating /home/travis/build/icyphy/ptII/ptolemy/domains/de/test/auto/ModalModel.xml
112 ms. Memory: 589312K Free: 241061K (41%)
----------------- Invoking toplevel() on ptolemy.moml.MoMLSimpleApplication@207ce79
----------------- Done invoking toplevel() on ptolemy.moml.MoMLSimpleApplication@207ce79
reloadAllAccessors: .ModalModel

===========================================================================================
----------------- testing Fri Jun 08 14:31:10 UTC 2018 /home/travis/build/icyphy/ptII/ptolemy/domains/de/test/auto/ModalSource.xml
----------------- Instantiating /home/travis/build/icyphy/ptII/ptolemy/domains/de/test/auto/ModalSource.xml
3 ms. Memory: 589312K Free: 225846K (38%)
----------------- Invoking toplevel() on ptolemy.moml.MoMLSimpleApplication@10ac8aa4
----------------- Done invoking toplevel() on ptolemy.moml.MoMLSimpleApplication@10ac8aa4
reloadAllAccessors: .ModalSource

===========================================================================================
----------------- testing Fri Jun 08 14:31:10 UTC 2018 /home/travis/build/icyphy/ptII/ptolemy/domains/de/test/auto/NonInterruptibleTimerZeroDelay.xml
----------------- Instantiating /home/travis/build/icyphy/ptII/ptolemy/domains/de/test/auto/NonInterruptibleTimerZeroDelay.xml
1 ms. Memory: 589312K Free: 212311K (36%)
----------------- Invoking toplevel() on ptolemy.moml.MoMLSimpleApplication@7ffbf7e
----------------- Done invoking toplevel() on ptolemy.moml.MoMLSimpleApplication@7ffbf7e
reloadAllAccessors: .NonInterruptibleTimerZeroDelay

===========================================================================================
----------------- testing Fri Jun 08 14:31:10 UTC 2018 /home/travis/build/icyphy/ptII/ptolemy/domains/de/test/auto/OpenQueueingNetwork.xml
----------------- Instantiating /home/travis/build/icyphy/ptII/ptolemy/domains/de/test/auto/OpenQueueingNetwork.xml
2039 ms. Memory: 565760K Free: 107817K (19%)
----------------- Invoking toplevel() on ptolemy.moml.MoMLSimpleApplication@1bfb8e1a
----------------- Done invoking toplevel() on ptolemy.moml.MoMLSimpleApplication@1bfb8e1a
reloadAllAccessors: .OpenQueueingNetwork

===========================================================================================
----------------- testing Fri Jun 08 14:31:12 UTC 2018 /home/travis/build/icyphy/ptII/ptolemy/domains/de/test/auto/OpenQueuingNetwork.xml
----------------- Instantiating /home/travis/build/icyphy/ptII/ptolemy/domains/de/test/auto/OpenQueuingNetwork.xml
221 ms. Memory: 542720K Free: 474078K (87%)
----------------- Invoking toplevel() on ptolemy.moml.MoMLSimpleApplication@6f40d45b
----------------- Done invoking toplevel() on ptolemy.moml.MoMLSimpleApplication@6f40d45b
reloadAllAccessors: .OpenQueuingNetwork

===========================================================================================
----------------- testing Fri Jun 08 14:31:13 UTC 2018 /home/travis/build/icyphy/ptII/ptolemy/domains/de/test/auto/PeriodicSampler.xml
----------------- Instantiating /home/travis/build/icyphy/ptII/ptolemy/domains/de/test/auto/PeriodicSampler.xml
1 ms. Memory: 542720K Free: 464802K (86%)
----------------- Invoking toplevel() on ptolemy.moml.MoMLSimpleApplication@dbd78ce
----------------- Done invoking toplevel() on ptolemy.moml.MoMLSimpleApplication@dbd78ce
reloadAllAccessors: .PeriodicSampler

===========================================================================================
----------------- testing Fri Jun 08 14:31:13 UTC 2018 /home/travis/build/icyphy/ptII/ptolemy/domains/de/test/auto/PersistentIO.xml
----------------- Instantiating /home/travis/build/icyphy/ptII/ptolemy/domains/de/test/auto/PersistentIO.xml
7 ms. Memory: 542720K Free: 452514K (83%)
----------------- Invoking toplevel() on ptolemy.moml.MoMLSimpleApplication@1429e5b3
----------------- Done invoking toplevel() on ptolemy.moml.MoMLSimpleApplication@1429e5b3
reloadAllAccessors: .PersistentIO

===========================================================================================
----------------- testing Fri Jun 08 14:31:13 UTC 2018 /home/travis/build/icyphy/ptII/ptolemy/domains/de/test/auto/PortParameterResetOnInitialize.xml
----------------- Instantiating /home/travis/build/icyphy/ptII/ptolemy/domains/de/test/auto/PortParameterResetOnInitialize.xml
2 ms. Memory: 542720K Free: 441932K (81%)
----------------- Invoking toplevel() on ptolemy.moml.MoMLSimpleApplication@55ee9b87
----------------- Done invoking toplevel() on ptolemy.moml.MoMLSimpleApplication@55ee9b87
reloadAllAccessors: .PortParameterResetOnInitialize

===========================================================================================
----------------- testing Fri Jun 08 14:31:13 UTC 2018 /home/travis/build/icyphy/ptII/ptolemy/domains/de/test/auto/PortParameterUpdates.xml
----------------- Instantiating /home/travis/build/icyphy/ptII/ptolemy/domains/de/test/auto/PortParameterUpdates.xml
3 ms. Memory: 542720K Free: 432706K (80%)
----------------- Invoking toplevel() on ptolemy.moml.MoMLSimpleApplication@217ec7f
----------------- Done invoking toplevel() on ptolemy.moml.MoMLSimpleApplication@217ec7f
reloadAllAccessors: .PortParameterUpdates

===========================================================================================
----------------- testing Fri Jun 08 14:31:13 UTC 2018 /home/travis/build/icyphy/ptII/ptolemy/domains/de/test/auto/QueueAndServer.xml
----------------- Instantiating /home/travis/build/icyphy/ptII/ptolemy/domains/de/test/auto/QueueAndServer.xml
6 ms. Memory: 542720K Free: 423474K (78%)
----------------- Invoking toplevel() on ptolemy.moml.MoMLSimpleApplication@17a5a225
----------------- Done invoking toplevel() on ptolemy.moml.MoMLSimpleApplication@17a5a225
reloadAllAccessors: .QueueAndServer

===========================================================================================
----------------- testing Fri Jun 08 14:31:13 UTC 2018 /home/travis/build/icyphy/ptII/ptolemy/domains/de/test/auto/Records.xml
----------------- Instantiating /home/travis/build/icyphy/ptII/ptolemy/domains/de/test/auto/Records.xml
4 ms. Memory: 542720K Free: 412899K (76%)
----------------- Invoking toplevel() on ptolemy.moml.MoMLSimpleApplication@3106c788
----------------- Done invoking toplevel() on ptolemy.moml.MoMLSimpleApplication@3106c788
reloadAllAccessors: .Records

===========================================================================================
----------------- testing Fri Jun 08 14:31:13 UTC 2018 /home/travis/build/icyphy/ptII/ptolemy/domains/de/test/auto/ResetTransitionWithStartTime1.xml
----------------- Instantiating /home/travis/build/icyphy/ptII/ptolemy/domains/de/test/auto/ResetTransitionWithStartTime1.xml
4 ms. Memory: 542720K Free: 400579K (74%)
----------------- Invoking toplevel() on ptolemy.moml.MoMLSimpleApplication@4e7c5477
----------------- Done invoking toplevel() on ptolemy.moml.MoMLSimpleApplication@4e7c5477
reloadAllAccessors: .ResetTransitionWithStartTime1

===========================================================================================
----------------- testing Fri Jun 08 14:31:13 UTC 2018 /home/travis/build/icyphy/ptII/ptolemy/domains/de/test/auto/ResetTransitionWithStartTime2.xml
----------------- Instantiating /home/travis/build/icyphy/ptII/ptolemy/domains/de/test/auto/ResetTransitionWithStartTime2.xml
4 ms. Memory: 542720K Free: 386925K (71%)
----------------- Invoking toplevel() on ptolemy.moml.MoMLSimpleApplication@67e872f5
----------------- Done invoking toplevel() on ptolemy.moml.MoMLSimpleApplication@67e872f5
reloadAllAccessors: .ResetTransitionWithStartTime2

===========================================================================================
----------------- testing Fri Jun 08 14:31:13 UTC 2018 /home/travis/build/icyphy/ptII/ptolemy/domains/de/test/auto/ResetTransitionWithStartTime3.xml
----------------- Instantiating /home/travis/build/icyphy/ptII/ptolemy/domains/de/test/auto/ResetTransitionWithStartTime3.xml
4 ms. Memory: 542720K Free: 374613K (69%)
----------------- Invoking toplevel() on ptolemy.moml.MoMLSimpleApplication@159a6aa4
----------------- Done invoking toplevel() on ptolemy.moml.MoMLSimpleApplication@159a6aa4
reloadAllAccessors: .ResetTransitionWithStartTime3

===========================================================================================
----------------- testing Fri Jun 08 14:31:13 UTC 2018 /home/travis/build/icyphy/ptII/ptolemy/domains/de/test/auto/ResetTransitionWithStartTime4.xml
----------------- Instantiating /home/travis/build/icyphy/ptII/ptolemy/domains/de/test/auto/ResetTransitionWithStartTime4.xml
4 ms. Memory: 542720K Free: 362301K (67%)
----------------- Invoking toplevel() on ptolemy.moml.MoMLSimpleApplication@540d6fba
----------------- Done invoking toplevel() on ptolemy.moml.MoMLSimpleApplication@540d6fba
reloadAllAccessors: .ResetTransitionWithStartTime4

===========================================================================================
----------------- testing Fri Jun 08 14:31:13 UTC 2018 /home/travis/build/icyphy/ptII/ptolemy/domains/de/test/auto/ResettableTimer1.xml
----------------- Instantiating /home/travis/build/icyphy/ptII/ptolemy/domains/de/test/auto/ResettableTimer1.xml
1 ms. Memory: 542720K Free: 351718K (65%)
----------------- Invoking toplevel() on ptolemy.moml.MoMLSimpleApplication@1eaca15
----------------- Done invoking toplevel() on ptolemy.moml.MoMLSimpleApplication@1eaca15
reloadAllAccessors: .ResettableTimer1

===========================================================================================
----------------- testing Fri Jun 08 14:31:13 UTC 2018 /home/travis/build/icyphy/ptII/ptolemy/domains/de/test/auto/ResettableTimer2.xml
----------------- Instantiating /home/travis/build/icyphy/ptII/ptolemy/domains/de/test/auto/ResettableTimer2.xml
2 ms. Memory: 542720K Free: 342502K (63%)
----------------- Invoking toplevel() on ptolemy.moml.MoMLSimpleApplication@3b63c73b
----------------- Done invoking toplevel() on ptolemy.moml.MoMLSimpleApplication@3b63c73b
reloadAllAccessors: .ResettableTimer2

===========================================================================================
----------------- testing Fri Jun 08 14:31:13 UTC 2018 /home/travis/build/icyphy/ptII/ptolemy/domains/de/test/auto/ResettableTimer3.xml
----------------- Instantiating /home/travis/build/icyphy/ptII/ptolemy/domains/de/test/auto/ResettableTimer3.xml
2 ms. Memory: 542720K Free: 333270K (61%)
----------------- Invoking toplevel() on ptolemy.moml.MoMLSimpleApplication@36a1fbf7
----------------- Done invoking toplevel() on ptolemy.moml.MoMLSimpleApplication@36a1fbf7
reloadAllAccessors: .ResettableTimer3

===========================================================================================
----------------- testing Fri Jun 08 14:31:13 UTC 2018 /home/travis/build/icyphy/ptII/ptolemy/domains/de/test/auto/ResettableTimer4.xml
----------------- Instantiating /home/travis/build/icyphy/ptII/ptolemy/domains/de/test/auto/ResettableTimer4.xml
1 ms. Memory: 542720K Free: 322703K (59%)
----------------- Invoking toplevel() on ptolemy.moml.MoMLSimpleApplication@7f3db256
----------------- Done invoking toplevel() on ptolemy.moml.MoMLSimpleApplication@7f3db256
reloadAllAccessors: .ResettableTimer4

===========================================================================================
----------------- testing Fri Jun 08 14:31:13 UTC 2018 /home/travis/build/icyphy/ptII/ptolemy/domains/de/test/auto/ResettableTimer5.xml
----------------- Instantiating /home/travis/build/icyphy/ptII/ptolemy/domains/de/test/auto/ResettableTimer5.xml
1 ms. Memory: 542720K Free: 313479K (58%)
----------------- Invoking toplevel() on ptolemy.moml.MoMLSimpleApplication@557456fa
----------------- Done invoking toplevel() on ptolemy.moml.MoMLSimpleApplication@557456fa
reloadAllAccessors: .ResettableTimer5

===========================================================================================
----------------- testing Fri Jun 08 14:31:13 UTC 2018 /home/travis/build/icyphy/ptII/ptolemy/domains/de/test/auto/ResettableTimer6.xml
----------------- Instantiating /home/travis/build/icyphy/ptII/ptolemy/domains/de/test/auto/ResettableTimer6.xml
5 ms. Memory: 542720K Free: 302897K (56%)
----------------- Invoking toplevel() on ptolemy.moml.MoMLSimpleApplication@3916908e
----------------- Done invoking toplevel() on ptolemy.moml.MoMLSimpleApplication@3916908e
reloadAllAccessors: .ResettableTimer6

===========================================================================================
----------------- testing Fri Jun 08 14:31:13 UTC 2018 /home/travis/build/icyphy/ptII/ptolemy/domains/de/test/auto/ServerZeroDelay.xml
----------------- Instantiating /home/travis/build/icyphy/ptII/ptolemy/domains/de/test/auto/ServerZeroDelay.xml
3 ms. Memory: 542720K Free: 296753K (55%)
----------------- Invoking toplevel() on ptolemy.moml.MoMLSimpleApplication@2899aea9
----------------- Done invoking toplevel() on ptolemy.moml.MoMLSimpleApplication@2899aea9
reloadAllAccessors: .ServerZeroDelay

===========================================================================================
----------------- testing Fri Jun 08 14:31:13 UTC 2018 /home/travis/build/icyphy/ptII/ptolemy/domains/de/test/auto/SmartSender.xml
----------------- Instantiating /home/travis/build/icyphy/ptII/ptolemy/domains/de/test/auto/SmartSender.xml
3001 ms. Memory: 542720K Free: 287521K (53%)
----------------- Invoking toplevel() on ptolemy.moml.MoMLSimpleApplication@c77a0ae
----------------- Done invoking toplevel() on ptolemy.moml.MoMLSimpleApplication@c77a0ae
reloadAllAccessors: .SmartSender

===========================================================================================
----------------- testing Fri Jun 08 14:31:16 UTC 2018 /home/travis/build/icyphy/ptII/ptolemy/domains/de/test/auto/ThreadedComposite.xml
----------------- Instantiating /home/travis/build/icyphy/ptII/ptolemy/domains/de/test/auto/ThreadedComposite.xml
148 ms. Memory: 542720K Free: 255438K (47%)
----------------- Invoking toplevel() on ptolemy.moml.MoMLSimpleApplication@41a2c63f
----------------- Done invoking toplevel() on ptolemy.moml.MoMLSimpleApplication@41a2c63f
reloadAllAccessors: .ThreadedComposite

===========================================================================================
----------------- testing Fri Jun 08 14:31:16 UTC 2018 /home/travis/build/icyphy/ptII/ptolemy/domains/de/test/auto/Time.xml
----------------- Instantiating /home/travis/build/icyphy/ptII/ptolemy/domains/de/test/auto/Time.xml
441 ms. Memory: 542720K Free: 197061K (36%)
----------------- Invoking toplevel() on ptolemy.moml.MoMLSimpleApplication@2400f9f4
----------------- Done invoking toplevel() on ptolemy.moml.MoMLSimpleApplication@2400f9f4
reloadAllAccessors: .Time

===========================================================================================
----------------- testing Fri Jun 08 14:31:17 UTC 2018 /home/travis/build/icyphy/ptII/ptolemy/domains/de/test/auto/TimeDelayZeroDelay.xml
----------------- Instantiating /home/travis/build/icyphy/ptII/ptolemy/domains/de/test/auto/TimeDelayZeroDelay.xml
2 ms. Memory: 542720K Free: 189567K (35%)
----------------- Invoking toplevel() on ptolemy.moml.MoMLSimpleApplication@6c55a279
----------------- Done invoking toplevel() on ptolemy.moml.MoMLSimpleApplication@6c55a279
reloadAllAccessors: .TimeDelayZeroDelay

===========================================================================================
----------------- testing Fri Jun 08 14:31:17 UTC 2018 /home/travis/build/icyphy/ptII/ptolemy/domains/de/test/auto/TimerZeroDelay.xml
----------------- Instantiating /home/travis/build/icyphy/ptII/ptolemy/domains/de/test/auto/TimerZeroDelay.xml
2 ms. Memory: 542720K Free: 183423K (34%)
----------------- Invoking toplevel() on ptolemy.moml.MoMLSimpleApplication@1cef06d2
----------------- Done invoking toplevel() on ptolemy.moml.MoMLSimpleApplication@1cef06d2
reloadAllAccessors: .TimerZeroDelay

===========================================================================================
----------------- testing Fri Jun 08 14:31:17 UTC 2018 /home/travis/build/icyphy/ptII/ptolemy/domains/de/test/auto/TimingParadox.xml
----------------- Instantiating /home/travis/build/icyphy/ptII/ptolemy/domains/de/test/auto/TimingParadox.xml
295 ms. Memory: 542720K Free: 115758K (21%)
----------------- Invoking toplevel() on ptolemy.moml.MoMLSimpleApplication@5afc99f6
----------------- Done invoking toplevel() on ptolemy.moml.MoMLSimpleApplication@5afc99f6
reloadAllAccessors: .TimingParadox

===========================================================================================
----------------- testing Fri Jun 08 14:31:17 UTC 2018 /home/travis/build/icyphy/ptII/ptolemy/domains/de/test/auto/TransferInputs.xml
----------------- Instantiating /home/travis/build/icyphy/ptII/ptolemy/domains/de/test/auto/TransferInputs.xml
3 ms. Memory: 542720K Free: 105176K (19%)
----------------- Invoking toplevel() on ptolemy.moml.MoMLSimpleApplication@31f152be
----------------- Done invoking toplevel() on ptolemy.moml.MoMLSimpleApplication@31f152be
reloadAllAccessors: .TransferInputs

===========================================================================================
----------------- testing Fri Jun 08 14:31:17 UTC 2018 /home/travis/build/icyphy/ptII/ptolemy/domains/de/test/auto/TransferOutputs2.xml
----------------- Instantiating /home/travis/build/icyphy/ptII/ptolemy/domains/de/test/auto/TransferOutputs2.xml
3 ms. Memory: 542720K Free: 92856K (17%)
----------------- Invoking toplevel() on ptolemy.moml.MoMLSimpleApplication@6d85b3bb
----------------- Done invoking toplevel() on ptolemy.moml.MoMLSimpleApplication@6d85b3bb
reloadAllAccessors: .TransferOutputs2

===========================================================================================
----------------- testing Fri Jun 08 14:31:17 UTC 2018 /home/travis/build/icyphy/ptII/ptolemy/domains/de/test/auto/Trilateration.xml
----------------- Instantiating /home/travis/build/icyphy/ptII/ptolemy/domains/de/test/auto/Trilateration.xml
10535 ms. Memory: 560640K Free: 255960K (46%)
----------------- Invoking toplevel() on ptolemy.moml.MoMLSimpleApplication@60aba71
----------------- Done invoking toplevel() on ptolemy.moml.MoMLSimpleApplication@60aba71
reloadAllAccessors: .Trilateration

===========================================================================================
----------------- testing Fri Jun 08 14:31:28 UTC 2018 /home/travis/build/icyphy/ptII/ptolemy/domains/de/test/auto/TwoSigmaDelta.xml
----------------- Instantiating /home/travis/build/icyphy/ptII/ptolemy/domains/de/test/auto/TwoSigmaDelta.xml
1857 ms. Memory: 531968K Free: 403159K (76%)
----------------- Invoking toplevel() on ptolemy.moml.MoMLSimpleApplication@57f0c67e
----------------- Done invoking toplevel() on ptolemy.moml.MoMLSimpleApplication@57f0c67e
reloadAllAccessors: .TwoSigmaDelta

===========================================================================================
----------------- testing Fri Jun 08 14:31:30 UTC 2018 /home/travis/build/icyphy/ptII/ptolemy/domains/de/test/auto/VariableDelay.xml
----------------- Instantiating /home/travis/build/icyphy/ptII/ptolemy/domains/de/test/auto/VariableDelay.xml
2 ms. Memory: 531968K Free: 388858K (73%)
----------------- Invoking toplevel() on ptolemy.moml.MoMLSimpleApplication@7436a702
----------------- Done invoking toplevel() on ptolemy.moml.MoMLSimpleApplication@7436a702
reloadAllAccessors: .VariableDelay

===========================================================================================
----------------- testing Fri Jun 08 14:31:30 UTC 2018 /home/travis/build/icyphy/ptII/ptolemy/domains/de/test/auto/VariableDelay2.xml
----------------- Instantiating /home/travis/build/icyphy/ptII/ptolemy/domains/de/test/auto/VariableDelay2.xml
1 ms. Memory: 531968K Free: 379238K (71%)
----------------- Invoking toplevel() on ptolemy.moml.MoMLSimpleApplication@7e3ae4c9
----------------- Done invoking toplevel() on ptolemy.moml.MoMLSimpleApplication@7e3ae4c9
reloadAllAccessors: .VariableDelay2

===========================================================================================
----------------- testing Fri Jun 08 14:31:30 UTC 2018 /home/travis/build/icyphy/ptII/ptolemy/domains/de/test/auto/VariableDelayZeroDelay.xml
----------------- Instantiating /home/travis/build/icyphy/ptII/ptolemy/domains/de/test/auto/VariableDelayZeroDelay.xml
4 ms. Memory: 531968K Free: 369618K (69%)
----------------- Invoking toplevel() on ptolemy.moml.MoMLSimpleApplication@752357f0
----------------- Done invoking toplevel() on ptolemy.moml.MoMLSimpleApplication@752357f0
reloadAllAccessors: .VariableDelayZeroDelay

===========================================================================================
----------------- testing Fri Jun 08 14:31:30 UTC 2018 /home/travis/build/icyphy/ptII/ptolemy/domains/de/test/auto/VariableDelayZeroDelay2.xml
----------------- Instantiating /home/travis/build/icyphy/ptII/ptolemy/domains/de/test/auto/VariableDelayZeroDelay2.xml
2 ms. Memory: 531968K Free: 359997K (68%)
----------------- Invoking toplevel() on ptolemy.moml.MoMLSimpleApplication@6bb2cdbd
----------------- Done invoking toplevel() on ptolemy.moml.MoMLSimpleApplication@6bb2cdbd
reloadAllAccessors: .VariableDelayZeroDelay2

===========================================================================================
----------------- testing Fri Jun 08 14:31:30 UTC 2018 /home/travis/build/icyphy/ptII/ptolemy/domains/de/test/auto/deInCt.xml
----------------- Instantiating /home/travis/build/icyphy/ptII/ptolemy/domains/de/test/auto/deInCt.xml
0
1
1
1
1
0
0
0
1
1
1
0
0
0
0
1
1
1
0
0
0
0
1
1
1
1
1
1
0
0
0
0
3 ms. Memory: 531968K Free: 350376K (66%)
----------------- Invoking toplevel() on ptolemy.moml.MoMLSimpleApplication@724db85f
----------------- Done invoking toplevel() on ptolemy.moml.MoMLSimpleApplication@724db85f
reloadAllAccessors: .deInCt

===========================================================================================
----------------- testing Fri Jun 08 14:31:30 UTC 2018 /home/travis/build/icyphy/ptII/ptolemy/domains/de/test/auto/deInCt2.xml
----------------- Instantiating /home/travis/build/icyphy/ptII/ptolemy/domains/de/test/auto/deInCt2.xml
0
1
1
1
0
0
1
1
1
0
0
1
1
1
0
0
1
1
1
0
0
1
1
1
0
0
1
1
1
0
0
1
1
1
0
0
1
1
1
0
0
0
3 ms. Memory: 531968K Free: 340756K (64%)
----------------- Invoking toplevel() on ptolemy.moml.MoMLSimpleApplication@3aa32947
----------------- Done invoking toplevel() on ptolemy.moml.MoMLSimpleApplication@3aa32947
reloadAllAccessors: .deInCt2

===========================================================================================
----------------- testing Fri Jun 08 14:31:30 UTC 2018 /home/travis/build/icyphy/ptII/ptolemy/domains/de/test/auto/dynamicCausalityInterface1.xml
----------------- Instantiating /home/travis/build/icyphy/ptII/ptolemy/domains/de/test/auto/dynamicCausalityInterface1.xml
0 ms. Memory: 531968K Free: 322108K (61%)
----------------- Invoking toplevel() on ptolemy.moml.MoMLSimpleApplication@53ffaef
----------------- Done invoking toplevel() on ptolemy.moml.MoMLSimpleApplication@53ffaef
reloadAllAccessors: .dynamicCausalityInterface1

===========================================================================================
----------------- testing Fri Jun 08 14:31:30 UTC 2018 /home/travis/build/icyphy/ptII/ptolemy/domains/de/test/auto/fsm_de_test.xml
----------------- Instantiating /home/travis/build/icyphy/ptII/ptolemy/domains/de/test/auto/fsm_de_test.xml
7 ms. Memory: 531968K Free: 307972K (58%)
----------------- Invoking toplevel() on ptolemy.moml.MoMLSimpleApplication@289dfc8f
----------------- Done invoking toplevel() on ptolemy.moml.MoMLSimpleApplication@289dfc8f
reloadAllAccessors: .fsm_de_test

===========================================================================================
----------------- testing Fri Jun 08 14:31:30 UTC 2018 /home/travis/build/icyphy/ptII/ptolemy/domains/de/test/auto/functionDependencyReconstruction.xml
----------------- Instantiating /home/travis/build/icyphy/ptII/ptolemy/domains/de/test/auto/functionDependencyReconstruction.xml
2 ms. Memory: 531968K Free: 285445K (54%)
----------------- Invoking toplevel() on ptolemy.moml.MoMLSimpleApplication@22477a27
----------------- Done invoking toplevel() on ptolemy.moml.MoMLSimpleApplication@22477a27
reloadAllAccessors: .functionDependencyReconstruction

===========================================================================================
----------------- testing Fri Jun 08 14:31:30 UTC 2018 /home/travis/build/icyphy/ptII/ptolemy/domains/de/test/auto/multirate.xml
----------------- Instantiating /home/travis/build/icyphy/ptII/ptolemy/domains/de/test/auto/multirate.xml
3 ms. Memory: 531968K Free: 271308K (51%)
----------------- Invoking toplevel() on ptolemy.moml.MoMLSimpleApplication@2f7eae45
----------------- Done invoking toplevel() on ptolemy.moml.MoMLSimpleApplication@2f7eae45
reloadAllAccessors: .multirate

===========================================================================================
----------------- testing Fri Jun 08 14:31:30 UTC 2018 /home/travis/build/icyphy/ptII/ptolemy/domains/de/test/auto/multirate2.xml
----------------- Instantiating /home/travis/build/icyphy/ptII/ptolemy/domains/de/test/auto/multirate2.xml
3 ms. Memory: 531968K Free: 257171K (48%)
----------------- Invoking toplevel() on ptolemy.moml.MoMLSimpleApplication@43ffa40
----------------- Done invoking toplevel() on ptolemy.moml.MoMLSimpleApplication@43ffa40
reloadAllAccessors: .multirate2

===========================================================================================
----------------- testing Fri Jun 08 14:31:30 UTC 2018 /home/travis/build/icyphy/ptII/ptolemy/domains/de/test/auto/realtime.xml
----------------- Instantiating /home/travis/build/icyphy/ptII/ptolemy/domains/de/test/auto/realtime.xml
10001 ms. Memory: 531968K Free: 247551K (47%)
----------------- Invoking toplevel() on ptolemy.moml.MoMLSimpleApplication@674df717
----------------- Done invoking toplevel() on ptolemy.moml.MoMLSimpleApplication@674df717
reloadAllAccessors: .realtime

===========================================================================================
----------------- testing Fri Jun 08 14:31:40 UTC 2018 /home/travis/build/icyphy/ptII/ptolemy/domains/de/test/auto/relationGroup.xml
----------------- Instantiating /home/travis/build/icyphy/ptII/ptolemy/domains/de/test/auto/relationGroup.xml
1 ms. Memory: 531968K Free: 237930K (45%)
----------------- Invoking toplevel() on ptolemy.moml.MoMLSimpleApplication@354e8ccf
----------------- Done invoking toplevel() on ptolemy.moml.MoMLSimpleApplication@354e8ccf
reloadAllAccessors: .relationGroup

===========================================================================================
----------------- testing Fri Jun 08 14:31:40 UTC 2018 /home/travis/build/icyphy/ptII/ptolemy/domains/de/test/auto/relationGroup2.xml
----------------- Instantiating /home/travis/build/icyphy/ptII/ptolemy/domains/de/test/auto/relationGroup2.xml
1 ms. Memory: 531968K Free: 228309K (43%)
----------------- Invoking toplevel() on ptolemy.moml.MoMLSimpleApplication@19f5d332
----------------- Done invoking toplevel() on ptolemy.moml.MoMLSimpleApplication@19f5d332
reloadAllAccessors: .relationGroup2

===========================================================================================
----------------- testing Fri Jun 08 14:31:40 UTC 2018 /home/travis/build/icyphy/ptII/ptolemy/domains/de/test/auto/sortWithOpaquePorts.xml
----------------- Instantiating /home/travis/build/icyphy/ptII/ptolemy/domains/de/test/auto/sortWithOpaquePorts.xml
1 ms. Memory: 531968K Free: 218689K (41%)
----------------- Invoking toplevel() on ptolemy.moml.MoMLSimpleApplication@f4d867e
----------------- Done invoking toplevel() on ptolemy.moml.MoMLSimpleApplication@f4d867e
reloadAllAccessors: .sortWithOpaquePorts

===========================================================================================
----------------- testing Fri Jun 08 14:31:40 UTC 2018 /home/travis/build/icyphy/ptII/ptolemy/domains/de/test/auto/transferInputsandOutputs.xml
----------------- Instantiating /home/travis/build/icyphy/ptII/ptolemy/domains/de/test/auto/transferInputsandOutputs.xml
1 ms. Memory: 531968K Free: 204552K (38%)
----------------- Invoking toplevel() on ptolemy.moml.MoMLSimpleApplication@227b6135
----------------- Done invoking toplevel() on ptolemy.moml.MoMLSimpleApplication@227b6135
reloadAllAccessors: .transferInputsandOutputs

===========================================================================================
----------------- testing Fri Jun 08 14:31:40 UTC 2018 /home/travis/build/icyphy/ptII/ptolemy/domains/de/test/auto/triggerType.xml
----------------- Instantiating /home/travis/build/icyphy/ptII/ptolemy/domains/de/test/auto/triggerType.xml
1 ms. Memory: 531968K Free: 194931K (37%)
----------------- Invoking toplevel() on ptolemy.moml.MoMLSimpleApplication@56417ea4
----------------- Done invoking toplevel() on ptolemy.moml.MoMLSimpleApplication@56417ea4
reloadAllAccessors: .triggerType
AutoTests.java: About to close Vertx.
AutoTests.java: Vertx closed.
]]></system-out>
  <system-err><![CDATA[java.lang.RuntimeException: Execution failed
	at ptolemy.moml.MoMLSimpleApplication$UnloadThread.run(MoMLSimpleApplication.java:402)
Caused by: ptolemy.kernel.util.IllegalActionException: Found a zero delay loop containing .dependencyLoop.original
  in .dependencyLoop and .dependencyLoop.original
	at ptolemy.actor.util.CausalityInterfaceForComposites._computeOutputPortDepth(CausalityInterfaceForComposites.java:759)
	at ptolemy.actor.util.CausalityInterfaceForComposites._computeInputDepth(CausalityInterfaceForComposites.java:696)
	at ptolemy.actor.util.CausalityInterfaceForComposites._computeOutputPortDepth(CausalityInterfaceForComposites.java:765)
	at ptolemy.actor.util.CausalityInterfaceForComposites._computeInputDepth(CausalityInterfaceForComposites.java:696)
	at ptolemy.actor.util.CausalityInterfaceForComposites._computeOutputPortDepth(CausalityInterfaceForComposites.java:765)
	at ptolemy.actor.util.CausalityInterfaceForComposites._computeInputDepth(CausalityInterfaceForComposites.java:696)
	at ptolemy.actor.util.CausalityInterfaceForComposites._computeActorDepth(CausalityInterfaceForComposites.java:532)
	at ptolemy.actor.util.CausalityInterfaceForComposites.checkForCycles(CausalityInterfaceForComposites.java:96)
	at ptolemy.domains.de.kernel.DEDirector.preinitialize(DEDirector.java:1337)
	at ptolemy.actor.CompositeActor.preinitialize(CompositeActor.java:1828)
	at ptolemy.actor.Manager.preinitializeAndResolveTypes(Manager.java:1040)
	at ptolemy.actor.Manager.initialize(Manager.java:710)
	at ptolemy.actor.Manager.execute(Manager.java:356)
	at ptolemy.actor.Manager.run(Manager.java:1263)
	at ptolemy.actor.Manager$PtolemyRunThread.run(Manager.java:1915)
java.lang.RuntimeException: Execution failed
	at ptolemy.moml.MoMLSimpleApplication$UnloadThread.run(MoMLSimpleApplication.java:402)
Caused by: ptolemy.kernel.util.IllegalActionException: Found a zero delay loop containing .dependencyLoop2.original
  in .dependencyLoop2 and .dependencyLoop2.original
	at ptolemy.actor.util.CausalityInterfaceForComposites._computeOutputPortDepth(CausalityInterfaceForComposites.java:759)
	at ptolemy.actor.util.CausalityInterfaceForComposites._computeInputDepth(CausalityInterfaceForComposites.java:696)
	at ptolemy.actor.util.CausalityInterfaceForComposites._computeOutputPortDepth(CausalityInterfaceForComposites.java:765)
	at ptolemy.actor.util.CausalityInterfaceForComposites._computeInputDepth(CausalityInterfaceForComposites.java:696)
	at ptolemy.actor.util.CausalityInterfaceForComposites._computeOutputPortDepth(CausalityInterfaceForComposites.java:765)
	at ptolemy.actor.util.CausalityInterfaceForComposites._computeInputDepth(CausalityInterfaceForComposites.java:696)
	at ptolemy.actor.util.CausalityInterfaceForComposites._computeActorDepth(CausalityInterfaceForComposites.java:532)
	at ptolemy.actor.util.CausalityInterfaceForComposites.checkForCycles(CausalityInterfaceForComposites.java:96)
	at ptolemy.domains.de.kernel.DEDirector.preinitialize(DEDirector.java:1337)
	at ptolemy.actor.CompositeActor.preinitialize(CompositeActor.java:1828)
	at ptolemy.actor.Manager.preinitializeAndResolveTypes(Manager.java:1040)
	at ptolemy.actor.Manager.initialize(Manager.java:710)
	at ptolemy.actor.Manager.execute(Manager.java:356)
	at ptolemy.actor.Manager.run(Manager.java:1263)
	at ptolemy.actor.Manager$PtolemyRunThread.run(Manager.java:1915)
java.lang.RuntimeException: Execution failed
	at ptolemy.moml.MoMLSimpleApplication$UnloadThread.run(MoMLSimpleApplication.java:402)
Caused by: ptolemy.kernel.util.IllegalActionException: Found a zero delay loop containing .dependencyLoop.original
  in .dependencyLoop and .dependencyLoop.original
	at ptolemy.actor.util.CausalityInterfaceForComposites._computeOutputPortDepth(CausalityInterfaceForComposites.java:759)
	at ptolemy.actor.util.CausalityInterfaceForComposites._computeInputDepth(CausalityInterfaceForComposites.java:696)
	at ptolemy.actor.util.CausalityInterfaceForComposites._computeOutputPortDepth(CausalityInterfaceForComposites.java:765)
	at ptolemy.actor.util.CausalityInterfaceForComposites._computeInputDepth(CausalityInterfaceForComposites.java:696)
	at ptolemy.actor.util.CausalityInterfaceForComposites._computeOutputPortDepth(CausalityInterfaceForComposites.java:765)
	at ptolemy.actor.util.CausalityInterfaceForComposites._computeInputDepth(CausalityInterfaceForComposites.java:696)
	at ptolemy.actor.util.CausalityInterfaceForComposites._computeActorDepth(CausalityInterfaceForComposites.java:532)
	at ptolemy.actor.util.CausalityInterfaceForComposites.checkForCycles(CausalityInterfaceForComposites.java:96)
	at ptolemy.domains.de.kernel.DEDirector.preinitialize(DEDirector.java:1337)
	at ptolemy.actor.CompositeActor.preinitialize(CompositeActor.java:1828)
	at ptolemy.actor.Manager.preinitializeAndResolveTypes(Manager.java:1040)
	at ptolemy.actor.Manager.initialize(Manager.java:710)
	at ptolemy.actor.Manager.execute(Manager.java:356)
	at ptolemy.actor.Manager.run(Manager.java:1263)
	at ptolemy.actor.Manager$PtolemyRunThread.run(Manager.java:1915)
java.lang.RuntimeException: Execution failed
	at ptolemy.moml.MoMLSimpleApplication$UnloadThread.run(MoMLSimpleApplication.java:402)
Caused by: ptolemy.kernel.util.IllegalActionException: Actor is not ready to fire.  Perhaps UpSample.prefire() returned false? Try debugging the actor by selecting "Listen to Actor".  Also, for SDF check moml for tokenConsumptionRate on input.
  in .DESDFClockTest.Play Bell.Copy1:SDF Director and .DESDFClockTest.Play Bell.UpSample
	at ptolemy.actor.sched.StaticSchedulingDirector.fire(StaticSchedulingDirector.java:227)
	at ptolemy.domains.sdf.kernel.SDFDirector.fire(SDFDirector.java:500)
	at ptolemy.actor.CompositeActor.fire(CompositeActor.java:455)
	at ptolemy.domains.de.kernel.DEDirector._fire(DEDirector.java:1948)
	at ptolemy.domains.de.kernel.DEDirector.fire(DEDirector.java:502)
	at ptolemy.actor.CompositeActor.fire(CompositeActor.java:455)
	at ptolemy.actor.Manager.iterate(Manager.java:851)
	at ptolemy.actor.Manager.execute(Manager.java:369)
	at ptolemy.actor.Manager.run(Manager.java:1263)
	at ptolemy.actor.Manager$PtolemyRunThread.run(Manager.java:1915)
java.lang.RuntimeException: Execution failed
	at ptolemy.moml.MoMLSimpleApplication$UnloadThread.run(MoMLSimpleApplication.java:402)
Caused by: ptolemy.kernel.util.IllegalActionException: Found a zero delay loop containing .dependencyLoop2.original
  in .dependencyLoop2 and .dependencyLoop2.original
	at ptolemy.actor.util.CausalityInterfaceForComposites._computeOutputPortDepth(CausalityInterfaceForComposites.java:759)
	at ptolemy.actor.util.CausalityInterfaceForComposites._computeInputDepth(CausalityInterfaceForComposites.java:696)
	at ptolemy.actor.util.CausalityInterfaceForComposites._computeOutputPortDepth(CausalityInterfaceForComposites.java:765)
	at ptolemy.actor.util.CausalityInterfaceForComposites._computeInputDepth(CausalityInterfaceForComposites.java:696)
	at ptolemy.actor.util.CausalityInterfaceForComposites._computeOutputPortDepth(CausalityInterfaceForComposites.java:765)
	at ptolemy.actor.util.CausalityInterfaceForComposites._computeInputDepth(CausalityInterfaceForComposites.java:696)
	at ptolemy.actor.util.CausalityInterfaceForComposites._computeActorDepth(CausalityInterfaceForComposites.java:532)
	at ptolemy.actor.util.CausalityInterfaceForComposites.checkForCycles(CausalityInterfaceForComposites.java:96)
	at ptolemy.domains.de.kernel.DEDirector.preinitialize(DEDirector.java:1337)
	at ptolemy.actor.CompositeActor.preinitialize(CompositeActor.java:1828)
	at ptolemy.actor.Manager.preinitializeAndResolveTypes(Manager.java:1040)
	at ptolemy.actor.Manager.initialize(Manager.java:710)
	at ptolemy.actor.Manager.execute(Manager.java:356)
	at ptolemy.actor.Manager.run(Manager.java:1263)
	at ptolemy.actor.Manager$PtolemyRunThread.run(Manager.java:1915)
java.lang.RuntimeException: Execution failed
	at ptolemy.moml.MoMLSimpleApplication$UnloadThread.run(MoMLSimpleApplication.java:402)
Caused by: ptolemy.kernel.util.IllegalActionException: Found a zero delay loop containing .HierarchicalModel.A
  in .HierarchicalModel and .HierarchicalModel.A
	at ptolemy.actor.util.CausalityInterfaceForComposites._computeOutputPortDepth(CausalityInterfaceForComposites.java:759)
	at ptolemy.actor.util.CausalityInterfaceForComposites._computeInputDepth(CausalityInterfaceForComposites.java:696)
	at ptolemy.actor.util.CausalityInterfaceForComposites._computeOutputPortDepth(CausalityInterfaceForComposites.java:765)
	at ptolemy.actor.util.CausalityInterfaceForComposites._computeInputDepth(CausalityInterfaceForComposites.java:696)
	at ptolemy.actor.util.CausalityInterfaceForComposites._computeOutputPortDepth(CausalityInterfaceForComposites.java:765)
	at ptolemy.actor.util.CausalityInterfaceForComposites._computeInputDepth(CausalityInterfaceForComposites.java:696)
	at ptolemy.actor.util.CausalityInterfaceForComposites._computeActorDepth(CausalityInterfaceForComposites.java:532)
	at ptolemy.actor.util.CausalityInterfaceForComposites.checkForCycles(CausalityInterfaceForComposites.java:96)
	at ptolemy.domains.de.kernel.DEDirector.preinitialize(DEDirector.java:1337)
	at ptolemy.actor.CompositeActor.preinitialize(CompositeActor.java:1828)
	at ptolemy.actor.Manager.preinitializeAndResolveTypes(Manager.java:1040)
	at ptolemy.actor.Manager.initialize(Manager.java:710)
	at ptolemy.actor.Manager.execute(Manager.java:356)
	at ptolemy.actor.Manager.run(Manager.java:1263)
	at ptolemy.actor.Manager$PtolemyRunThread.run(Manager.java:1915)
java.lang.RuntimeException: Execution failed
	at ptolemy.moml.MoMLSimpleApplication$UnloadThread.run(MoMLSimpleApplication.java:402)
Caused by: ptolemy.kernel.util.IllegalActionException: Test fails in iteration 1.
Value was: 1.0. Should have been: 2.0
  in .DirectFeedback.Test
	at ptolemy.actor.lib.Test.fire(Test.java:268)
	at ptolemy.domains.de.kernel.DEDirector._fire(DEDirector.java:1948)
	at ptolemy.domains.de.kernel.DEDirector.fire(DEDirector.java:502)
	at ptolemy.actor.CompositeActor.fire(CompositeActor.java:455)
	at ptolemy.actor.Manager.iterate(Manager.java:851)
	at ptolemy.actor.Manager.execute(Manager.java:369)
	at ptolemy.actor.Manager.run(Manager.java:1263)
	at ptolemy.actor.Manager$PtolemyRunThread.run(Manager.java:1915)
java.lang.RuntimeException: Execution failed
	at ptolemy.moml.MoMLSimpleApplication$UnloadThread.run(MoMLSimpleApplication.java:402)
Caused by: ptolemy.kernel.util.IllegalActionException: Actor is not ready to fire.  Perhaps UpSample.prefire() returned false? Try debugging the actor by selecting "Listen to Actor".  Also, for SDF check moml for tokenConsumptionRate on input.
  in .DESDFClockTest.Play Bell.Copy1:SDF Director and .DESDFClockTest.Play Bell.UpSample
	at ptolemy.actor.sched.StaticSchedulingDirector.fire(StaticSchedulingDirector.java:227)
	at ptolemy.domains.sdf.kernel.SDFDirector.fire(SDFDirector.java:500)
	at ptolemy.actor.CompositeActor.fire(CompositeActor.java:455)
	at ptolemy.domains.de.kernel.DEDirector._fire(DEDirector.java:1948)
	at ptolemy.domains.de.kernel.DEDirector.fire(DEDirector.java:502)
	at ptolemy.actor.CompositeActor.fire(CompositeActor.java:455)
	at ptolemy.actor.Manager.iterate(Manager.java:851)
	at ptolemy.actor.Manager.execute(Manager.java:369)
	at ptolemy.actor.Manager.run(Manager.java:1263)
	at ptolemy.actor.Manager$PtolemyRunThread.run(Manager.java:1915)
java.lang.reflect.InvocationTargetException
	at sun.reflect.NativeConstructorAccessorImpl.newInstance0(Native Method)
	at sun.reflect.NativeConstructorAccessorImpl.newInstance(NativeConstructorAccessorImpl.java:62)
	at sun.reflect.DelegatingConstructorAccessorImpl.newInstance(DelegatingConstructorAccessorImpl.java:45)
	at java.lang.reflect.Constructor.newInstance(Constructor.java:423)
	at ptolemy.util.test.junit.AutoKnownFailedTests.RunModel(AutoKnownFailedTests.java:107)
	at sun.reflect.NativeMethodAccessorImpl.invoke0(Native Method)
	at sun.reflect.NativeMethodAccessorImpl.invoke(NativeMethodAccessorImpl.java:62)
	at sun.reflect.DelegatingMethodAccessorImpl.invoke(DelegatingMethodAccessorImpl.java:43)
	at java.lang.reflect.Method.invoke(Method.java:498)
	at org.junit.runners.model.FrameworkMethod$1.runReflectiveCall(FrameworkMethod.java:44)
	at org.junit.internal.runners.model.ReflectiveCallable.run(ReflectiveCallable.java:15)
	at org.junit.runners.model.FrameworkMethod.invokeExplosively(FrameworkMethod.java:41)
	at junitparams.internal.InvokeParameterisedMethod.evaluate(InvokeParameterisedMethod.java:102)
	at org.junit.internal.runners.statements.FailOnTimeout$1.run(FailOnTimeout.java:28)
Caused by: ptolemy.kernel.util.IllegalActionException: Actor is not ready to fire.  Perhaps UpSample.prefire() returned false? Try debugging the actor by selecting "Listen to Actor".  Also, for SDF check moml for tokenConsumptionRate on input.
  in .DESDFClockTest.Play Bell.Copy1:SDF Director and .DESDFClockTest.Play Bell.UpSample
	at ptolemy.actor.sched.StaticSchedulingDirector.fire(StaticSchedulingDirector.java:227)
	at ptolemy.domains.sdf.kernel.SDFDirector.fire(SDFDirector.java:500)
	at ptolemy.actor.CompositeActor.fire(CompositeActor.java:455)
	at ptolemy.domains.de.kernel.DEDirector._fire(DEDirector.java:1948)
	at ptolemy.domains.de.kernel.DEDirector.fire(DEDirector.java:502)
	at ptolemy.actor.CompositeActor.fire(CompositeActor.java:455)
	at ptolemy.actor.Manager.iterate(Manager.java:851)
	at ptolemy.actor.Manager.execute(Manager.java:369)
	at ptolemy.actor.Manager.run(Manager.java:1263)
	at ptolemy.actor.Manager$PtolemyRunThread.run(Manager.java:1915)
java.lang.RuntimeException: Execution failed
	at ptolemy.moml.MoMLSimpleApplication$UnloadThread.run(MoMLSimpleApplication.java:402)
Caused by: ptolemy.kernel.util.IllegalActionException: Test fails in iteration 1.
Value was: 1.0. Should have been: 2.0
  in .DirectFeedback.Test
	at ptolemy.actor.lib.Test.fire(Test.java:268)
	at ptolemy.domains.de.kernel.DEDirector._fire(DEDirector.java:1948)
	at ptolemy.domains.de.kernel.DEDirector.fire(DEDirector.java:502)
	at ptolemy.actor.CompositeActor.fire(CompositeActor.java:455)
	at ptolemy.actor.Manager.iterate(Manager.java:851)
	at ptolemy.actor.Manager.execute(Manager.java:369)
	at ptolemy.actor.Manager.run(Manager.java:1263)
	at ptolemy.actor.Manager$PtolemyRunThread.run(Manager.java:1915)
java.lang.reflect.InvocationTargetException
	at sun.reflect.NativeConstructorAccessorImpl.newInstance0(Native Method)
	at sun.reflect.NativeConstructorAccessorImpl.newInstance(NativeConstructorAccessorImpl.java:62)
	at sun.reflect.DelegatingConstructorAccessorImpl.newInstance(DelegatingConstructorAccessorImpl.java:45)
	at java.lang.reflect.Constructor.newInstance(Constructor.java:423)
	at ptolemy.util.test.junit.AutoKnownFailedTests.RunModel(AutoKnownFailedTests.java:107)
	at sun.reflect.NativeMethodAccessorImpl.invoke0(Native Method)
	at sun.reflect.NativeMethodAccessorImpl.invoke(NativeMethodAccessorImpl.java:62)
	at sun.reflect.DelegatingMethodAccessorImpl.invoke(DelegatingMethodAccessorImpl.java:43)
	at java.lang.reflect.Method.invoke(Method.java:498)
	at org.junit.runners.model.FrameworkMethod$1.runReflectiveCall(FrameworkMethod.java:44)
	at org.junit.internal.runners.model.ReflectiveCallable.run(ReflectiveCallable.java:15)
	at org.junit.runners.model.FrameworkMethod.invokeExplosively(FrameworkMethod.java:41)
	at junitparams.internal.InvokeParameterisedMethod.evaluate(InvokeParameterisedMethod.java:102)
	at org.junit.internal.runners.statements.FailOnTimeout$1.run(FailOnTimeout.java:28)
Caused by: ptolemy.kernel.util.IllegalActionException: Test fails in iteration 1.
Value was: 1.0. Should have been: 2.0
  in .DirectFeedback.Test
	at ptolemy.actor.lib.Test.fire(Test.java:268)
	at ptolemy.domains.de.kernel.DEDirector._fire(DEDirector.java:1948)
	at ptolemy.domains.de.kernel.DEDirector.fire(DEDirector.java:502)
	at ptolemy.actor.CompositeActor.fire(CompositeActor.java:455)
	at ptolemy.actor.Manager.iterate(Manager.java:851)
	at ptolemy.actor.Manager.execute(Manager.java:369)
	at ptolemy.actor.Manager.run(Manager.java:1263)
	at ptolemy.actor.Manager$PtolemyRunThread.run(Manager.java:1915)
java.lang.RuntimeException: Execution failed
	at ptolemy.moml.MoMLSimpleApplication$UnloadThread.run(MoMLSimpleApplication.java:402)
Caused by: ptolemy.kernel.util.IllegalActionException: Found a zero delay loop containing .HierarchicalModel.A
  in .HierarchicalModel and .HierarchicalModel.A
	at ptolemy.actor.util.CausalityInterfaceForComposites._computeOutputPortDepth(CausalityInterfaceForComposites.java:759)
	at ptolemy.actor.util.CausalityInterfaceForComposites._computeInputDepth(CausalityInterfaceForComposites.java:696)
	at ptolemy.actor.util.CausalityInterfaceForComposites._computeOutputPortDepth(CausalityInterfaceForComposites.java:765)
	at ptolemy.actor.util.CausalityInterfaceForComposites._computeInputDepth(CausalityInterfaceForComposites.java:696)
	at ptolemy.actor.util.CausalityInterfaceForComposites._computeOutputPortDepth(CausalityInterfaceForComposites.java:765)
	at ptolemy.actor.util.CausalityInterfaceForComposites._computeInputDepth(CausalityInterfaceForComposites.java:696)
	at ptolemy.actor.util.CausalityInterfaceForComposites._computeActorDepth(CausalityInterfaceForComposites.java:532)
	at ptolemy.actor.util.CausalityInterfaceForComposites.checkForCycles(CausalityInterfaceForComposites.java:96)
	at ptolemy.domains.de.kernel.DEDirector.preinitialize(DEDirector.java:1337)
	at ptolemy.actor.CompositeActor.preinitialize(CompositeActor.java:1828)
	at ptolemy.actor.Manager.preinitializeAndResolveTypes(Manager.java:1040)
	at ptolemy.actor.Manager.initialize(Manager.java:710)
	at ptolemy.actor.Manager.execute(Manager.java:356)
	at ptolemy.actor.Manager.run(Manager.java:1263)
	at ptolemy.actor.Manager$PtolemyRunThread.run(Manager.java:1915)
java.lang.reflect.InvocationTargetException
	at sun.reflect.NativeConstructorAccessorImpl.newInstance0(Native Method)
	at sun.reflect.NativeConstructorAccessorImpl.newInstance(NativeConstructorAccessorImpl.java:62)
	at sun.reflect.DelegatingConstructorAccessorImpl.newInstance(DelegatingConstructorAccessorImpl.java:45)
	at java.lang.reflect.Constructor.newInstance(Constructor.java:423)
	at ptolemy.util.test.junit.AutoKnownFailedTests.RunModel(AutoKnownFailedTests.java:107)
	at sun.reflect.NativeMethodAccessorImpl.invoke0(Native Method)
	at sun.reflect.NativeMethodAccessorImpl.invoke(NativeMethodAccessorImpl.java:62)
	at sun.reflect.DelegatingMethodAccessorImpl.invoke(DelegatingMethodAccessorImpl.java:43)
	at java.lang.reflect.Method.invoke(Method.java:498)
	at org.junit.runners.model.FrameworkMethod$1.runReflectiveCall(FrameworkMethod.java:44)
	at org.junit.internal.runners.model.ReflectiveCallable.run(ReflectiveCallable.java:15)
	at org.junit.runners.model.FrameworkMethod.invokeExplosively(FrameworkMethod.java:41)
	at junitparams.internal.InvokeParameterisedMethod.evaluate(InvokeParameterisedMethod.java:102)
	at org.junit.internal.runners.statements.FailOnTimeout$1.run(FailOnTimeout.java:28)
Caused by: ptolemy.kernel.util.IllegalActionException: Found a zero delay loop containing .HierarchicalModel.A
  in .HierarchicalModel and .HierarchicalModel.A
	at ptolemy.actor.util.CausalityInterfaceForComposites._computeOutputPortDepth(CausalityInterfaceForComposites.java:759)
	at ptolemy.actor.util.CausalityInterfaceForComposites._computeInputDepth(CausalityInterfaceForComposites.java:696)
	at ptolemy.actor.util.CausalityInterfaceForComposites._computeOutputPortDepth(CausalityInterfaceForComposites.java:765)
	at ptolemy.actor.util.CausalityInterfaceForComposites._computeInputDepth(CausalityInterfaceForComposites.java:696)
	at ptolemy.actor.util.CausalityInterfaceForComposites._computeOutputPortDepth(CausalityInterfaceForComposites.java:765)
	at ptolemy.actor.util.CausalityInterfaceForComposites._computeInputDepth(CausalityInterfaceForComposites.java:696)
	at ptolemy.actor.util.CausalityInterfaceForComposites._computeActorDepth(CausalityInterfaceForComposites.java:532)
	at ptolemy.actor.util.CausalityInterfaceForComposites.checkForCycles(CausalityInterfaceForComposites.java:96)
	at ptolemy.domains.de.kernel.DEDirector.preinitialize(DEDirector.java:1337)
	at ptolemy.actor.CompositeActor.preinitialize(CompositeActor.java:1828)
	at ptolemy.actor.Manager.preinitializeAndResolveTypes(Manager.java:1040)
	at ptolemy.actor.Manager.initialize(Manager.java:710)
	at ptolemy.actor.Manager.execute(Manager.java:356)
	at ptolemy.actor.Manager.run(Manager.java:1263)
	at ptolemy.actor.Manager$PtolemyRunThread.run(Manager.java:1915)
java.lang.RuntimeException: Execution failed
	at ptolemy.moml.MoMLSimpleApplication$UnloadThread.run(MoMLSimpleApplication.java:402)
Caused by: ptolemy.kernel.util.IllegalActionException: Found a zero delay loop containing .dependencyLoop.original
  in .dependencyLoop and .dependencyLoop.original
	at ptolemy.actor.util.CausalityInterfaceForComposites._computeOutputPortDepth(CausalityInterfaceForComposites.java:759)
	at ptolemy.actor.util.CausalityInterfaceForComposites._computeInputDepth(CausalityInterfaceForComposites.java:696)
	at ptolemy.actor.util.CausalityInterfaceForComposites._computeOutputPortDepth(CausalityInterfaceForComposites.java:765)
	at ptolemy.actor.util.CausalityInterfaceForComposites._computeInputDepth(CausalityInterfaceForComposites.java:696)
	at ptolemy.actor.util.CausalityInterfaceForComposites._computeOutputPortDepth(CausalityInterfaceForComposites.java:765)
	at ptolemy.actor.util.CausalityInterfaceForComposites._computeInputDepth(CausalityInterfaceForComposites.java:696)
	at ptolemy.actor.util.CausalityInterfaceForComposites._computeActorDepth(CausalityInterfaceForComposites.java:532)
	at ptolemy.actor.util.CausalityInterfaceForComposites.checkForCycles(CausalityInterfaceForComposites.java:96)
	at ptolemy.domains.de.kernel.DEDirector.preinitialize(DEDirector.java:1337)
	at ptolemy.actor.CompositeActor.preinitialize(CompositeActor.java:1828)
	at ptolemy.actor.Manager.preinitializeAndResolveTypes(Manager.java:1040)
	at ptolemy.actor.Manager.initialize(Manager.java:710)
	at ptolemy.actor.Manager.execute(Manager.java:356)
	at ptolemy.actor.Manager.run(Manager.java:1263)
	at ptolemy.actor.Manager$PtolemyRunThread.run(Manager.java:1915)
java.lang.reflect.InvocationTargetException
	at sun.reflect.NativeConstructorAccessorImpl.newInstance0(Native Method)
	at sun.reflect.NativeConstructorAccessorImpl.newInstance(NativeConstructorAccessorImpl.java:62)
	at sun.reflect.DelegatingConstructorAccessorImpl.newInstance(DelegatingConstructorAccessorImpl.java:45)
	at java.lang.reflect.Constructor.newInstance(Constructor.java:423)
	at ptolemy.util.test.junit.AutoKnownFailedTests.RunModel(AutoKnownFailedTests.java:107)
	at sun.reflect.NativeMethodAccessorImpl.invoke0(Native Method)
	at sun.reflect.NativeMethodAccessorImpl.invoke(NativeMethodAccessorImpl.java:62)
	at sun.reflect.DelegatingMethodAccessorImpl.invoke(DelegatingMethodAccessorImpl.java:43)
	at java.lang.reflect.Method.invoke(Method.java:498)
	at org.junit.runners.model.FrameworkMethod$1.runReflectiveCall(FrameworkMethod.java:44)
	at org.junit.internal.runners.model.ReflectiveCallable.run(ReflectiveCallable.java:15)
	at org.junit.runners.model.FrameworkMethod.invokeExplosively(FrameworkMethod.java:41)
	at junitparams.internal.InvokeParameterisedMethod.evaluate(InvokeParameterisedMethod.java:102)
	at org.junit.internal.runners.statements.FailOnTimeout$1.run(FailOnTimeout.java:28)
Caused by: ptolemy.kernel.util.IllegalActionException: Found a zero delay loop containing .dependencyLoop.original
  in .dependencyLoop and .dependencyLoop.original
	at ptolemy.actor.util.CausalityInterfaceForComposites._computeOutputPortDepth(CausalityInterfaceForComposites.java:759)
	at ptolemy.actor.util.CausalityInterfaceForComposites._computeInputDepth(CausalityInterfaceForComposites.java:696)
	at ptolemy.actor.util.CausalityInterfaceForComposites._computeOutputPortDepth(CausalityInterfaceForComposites.java:765)
	at ptolemy.actor.util.CausalityInterfaceForComposites._computeInputDepth(CausalityInterfaceForComposites.java:696)
	at ptolemy.actor.util.CausalityInterfaceForComposites._computeOutputPortDepth(CausalityInterfaceForComposites.java:765)
	at ptolemy.actor.util.CausalityInterfaceForComposites._computeInputDepth(CausalityInterfaceForComposites.java:696)
	at ptolemy.actor.util.CausalityInterfaceForComposites._computeActorDepth(CausalityInterfaceForComposites.java:532)
	at ptolemy.actor.util.CausalityInterfaceForComposites.checkForCycles(CausalityInterfaceForComposites.java:96)
	at ptolemy.domains.de.kernel.DEDirector.preinitialize(DEDirector.java:1337)
	at ptolemy.actor.CompositeActor.preinitialize(CompositeActor.java:1828)
	at ptolemy.actor.Manager.preinitializeAndResolveTypes(Manager.java:1040)
	at ptolemy.actor.Manager.initialize(Manager.java:710)
	at ptolemy.actor.Manager.execute(Manager.java:356)
	at ptolemy.actor.Manager.run(Manager.java:1263)
	at ptolemy.actor.Manager$PtolemyRunThread.run(Manager.java:1915)
java.lang.RuntimeException: Execution failed
	at ptolemy.moml.MoMLSimpleApplication$UnloadThread.run(MoMLSimpleApplication.java:402)
Caused by: ptolemy.kernel.util.IllegalActionException: Found a zero delay loop containing .dependencyLoop2.original
  in .dependencyLoop2 and .dependencyLoop2.original
	at ptolemy.actor.util.CausalityInterfaceForComposites._computeOutputPortDepth(CausalityInterfaceForComposites.java:759)
	at ptolemy.actor.util.CausalityInterfaceForComposites._computeInputDepth(CausalityInterfaceForComposites.java:696)
	at ptolemy.actor.util.CausalityInterfaceForComposites._computeOutputPortDepth(CausalityInterfaceForComposites.java:765)
	at ptolemy.actor.util.CausalityInterfaceForComposites._computeInputDepth(CausalityInterfaceForComposites.java:696)
	at ptolemy.actor.util.CausalityInterfaceForComposites._computeOutputPortDepth(CausalityInterfaceForComposites.java:765)
	at ptolemy.actor.util.CausalityInterfaceForComposites._computeInputDepth(CausalityInterfaceForComposites.java:696)
	at ptolemy.actor.util.CausalityInterfaceForComposites._computeActorDepth(CausalityInterfaceForComposites.java:532)
	at ptolemy.actor.util.CausalityInterfaceForComposites.checkForCycles(CausalityInterfaceForComposites.java:96)
	at ptolemy.domains.de.kernel.DEDirector.preinitialize(DEDirector.java:1337)
	at ptolemy.actor.CompositeActor.preinitialize(CompositeActor.java:1828)
	at ptolemy.actor.Manager.preinitializeAndResolveTypes(Manager.java:1040)
	at ptolemy.actor.Manager.initialize(Manager.java:710)
	at ptolemy.actor.Manager.execute(Manager.java:356)
	at ptolemy.actor.Manager.run(Manager.java:1263)
	at ptolemy.actor.Manager$PtolemyRunThread.run(Manager.java:1915)
java.lang.reflect.InvocationTargetException
	at sun.reflect.NativeConstructorAccessorImpl.newInstance0(Native Method)
	at sun.reflect.NativeConstructorAccessorImpl.newInstance(NativeConstructorAccessorImpl.java:62)
	at sun.reflect.DelegatingConstructorAccessorImpl.newInstance(DelegatingConstructorAccessorImpl.java:45)
	at java.lang.reflect.Constructor.newInstance(Constructor.java:423)
	at ptolemy.util.test.junit.AutoKnownFailedTests.RunModel(AutoKnownFailedTests.java:107)
	at sun.reflect.NativeMethodAccessorImpl.invoke0(Native Method)
	at sun.reflect.NativeMethodAccessorImpl.invoke(NativeMethodAccessorImpl.java:62)
	at sun.reflect.DelegatingMethodAccessorImpl.invoke(DelegatingMethodAccessorImpl.java:43)
	at java.lang.reflect.Method.invoke(Method.java:498)
	at org.junit.runners.model.FrameworkMethod$1.runReflectiveCall(FrameworkMethod.java:44)
	at org.junit.internal.runners.model.ReflectiveCallable.run(ReflectiveCallable.java:15)
	at org.junit.runners.model.FrameworkMethod.invokeExplosively(FrameworkMethod.java:41)
	at junitparams.internal.InvokeParameterisedMethod.evaluate(InvokeParameterisedMethod.java:102)
	at org.junit.internal.runners.statements.FailOnTimeout$1.run(FailOnTimeout.java:28)
Caused by: ptolemy.kernel.util.IllegalActionException: Found a zero delay loop containing .dependencyLoop2.original
  in .dependencyLoop2 and .dependencyLoop2.original
	at ptolemy.actor.util.CausalityInterfaceForComposites._computeOutputPortDepth(CausalityInterfaceForComposites.java:759)
	at ptolemy.actor.util.CausalityInterfaceForComposites._computeInputDepth(CausalityInterfaceForComposites.java:696)
	at ptolemy.actor.util.CausalityInterfaceForComposites._computeOutputPortDepth(CausalityInterfaceForComposites.java:765)
	at ptolemy.actor.util.CausalityInterfaceForComposites._computeInputDepth(CausalityInterfaceForComposites.java:696)
	at ptolemy.actor.util.CausalityInterfaceForComposites._computeOutputPortDepth(CausalityInterfaceForComposites.java:765)
	at ptolemy.actor.util.CausalityInterfaceForComposites._computeInputDepth(CausalityInterfaceForComposites.java:696)
	at ptolemy.actor.util.CausalityInterfaceForComposites._computeActorDepth(CausalityInterfaceForComposites.java:532)
	at ptolemy.actor.util.CausalityInterfaceForComposites.checkForCycles(CausalityInterfaceForComposites.java:96)
	at ptolemy.domains.de.kernel.DEDirector.preinitialize(DEDirector.java:1337)
	at ptolemy.actor.CompositeActor.preinitialize(CompositeActor.java:1828)
	at ptolemy.actor.Manager.preinitializeAndResolveTypes(Manager.java:1040)
	at ptolemy.actor.Manager.initialize(Manager.java:710)
	at ptolemy.actor.Manager.execute(Manager.java:356)
	at ptolemy.actor.Manager.run(Manager.java:1263)
	at ptolemy.actor.Manager$PtolemyRunThread.run(Manager.java:1915)
]]></system-err>
</testsuite>
