<?xml version="1.0" encoding="UTF-8" ?>
<testsuite errors="0" failures="0" hostname="travis-job-8cffab8e-8aa6-4583-872a-e8378106b097" name="ptolemy.data.ontologies.test.junit.JUnitTclTest" skipped="0" tests="40" time="13.423" timestamp="2019-07-12T05:04:34">
  <properties>
    <property name="npm.executable" value="npm" />
    <property name="env.TRAVIS_ROOT" value="/" />
    <property name="ptII.mk.exists" value="true" />
    <property name="env.TRAVIS_APP_HOST" value="build.travis-ci.org" />
    <property name="env.rvm_bin_path" value="/home/travis/.rvm/bin" />
    <property name="java.home" value="/usr/local/lib/jvm/openjdk11" />
    <property name="env.TRAVIS_JOB_NUMBER" value="1223.8" />
    <property name="env.TRAVIS_HOME" value="/home/travis" />
    <property name="env.DISPLAY" value=":99.0" />
    <property name="env.TRAVIS_INIT" value="systemd" />
    <property name="env.SSH_TTY" value="/dev/pts/0" />
    <property name="java.net.preferIPv4Stack" value="true" />
    <property name="env.RUN_TESTS" value="true" />
    <property name="timeout.short" value="1000000" />
    <property name="junit.formatter" value="xml" />
    <property name="env.TRAVIS_SUDO" value="true" />
    <property name="env.TRAVIS_JOB_NAME" value="" />
    <property name="env.TRAVIS_STACK_NODE_ATTRIBUTES" value="/.node-attributes.yml" />
    <property name="env.LOGNAME" value="travis" />
    <property name="env.PT_TRAVIS_TEST_CORE1_XML" value="true" />
    <property name="jsdoc.home" value="node_modules/@terraswarm/jsdoc" />
    <property name="debuglevel" value="source,lines,vars" />
    <property name="checkstyle.formatter" value="xml" />
    <property name="env._system_version" value="16.04" />
    <property name="bin.vergil.makeable" value="true" />
    <property name="sun.os.patch.level" value="unknown" />
    <property name="java.vendor.url" value="http://java.oracle.com/" />
    <property name="env.TRAVIS_BUILD_WEB_URL" value="https://travis-ci.org/icyphy/ptII/builds/557667639" />
    <property name="java.version" value="11.0.2" />
    <property name="env.TZ" value="UTC" />
    <property name="env.TRAVIS_PULL_REQUEST_SHA" value="" />
    <property name="env.PT_NO_NET" value="true" />
    <property name="env.TRAVIS_SECURE_ENV_VARS" value="true" />
    <property name="env._system_type" value="Linux" />
    <property name="java.vendor.url.bug" value="http://bugreport.java.com/bugreport/" />
    <property name="npmjs-org-is-up" value="true" />
    <property name="env.LANGUAGE" value="en_US.UTF-8" />
    <property name="env.SSH_CLIENT" value="10.10.16.169 36730 22" />
    <property name="env.GEM_HOME" value="/home/travis/.rvm/gems/ruby-2.5.3" />
    <property name="env.HAS_ANTARES_THREE_LITTLE_FRONZIES_BADGE" value="true" />
    <property name="java.version.date" value="2019-01-15" />
    <property name="env.PS4" value="+" />
    <property name="ant.project.invoked-targets" value="build,test.core1.xml" />
    <property name="env.TRAVIS_PULL_REQUEST_BRANCH" value="" />
    <property name="env.TRAVIS_REPO_SLUG" value="icyphy/ptII" />
    <property name="env.XDG_DATA_DIRS" value="/usr/local/share:/usr/share:/var/lib/snapd/desktop" />
    <property name="jdk.debug" value="release" />
    <property name="env.TRAVIS_APT_PROXY" value="http://apt.cache.travis-ci.com" />
    <property name="node.in.path" value="true" />
    <property name="user.name" value="travis" />
    <property name="java.maxmemory" value="1400m" />
    <property name="env.RUBY_VERSION" value="ruby-2.5.3" />
    <property name="env.LANG" value="en_US.UTF-8" />
    <property name="sun.io.unicode.encoding" value="UnicodeLittle" />
    <property name="sun.jnu.encoding" value="UTF-8" />
    <property name="java.runtime.name" value="OpenJDK Runtime Environment" />
    <property name="usefile" value="false" />
    <property name="return.code" value="0" />
    <property name="junit.single.formatter" value="plain" />
    <property name="env.DYLD_LIBRARY_PATH" value="/home/travis/pthla/certi-tools/lib:" />
    <property name="env.DEBIAN_FRONTEND" value="noninteractive" />
    <property name="env.SSH_CONNECTION" value="10.10.16.169 36730 10.20.0.183 22" />
    <property name="env.MYSQL_UNIX_PORT" value="/var/run/mysqld/mysqld.sock" />
    <property name="env.LC_ALL" value="en_US.UTF-8" />
    <property name="env.TRAVIS_ALLOW_FAILURE" value="false" />
    <property name="env.TRAVIS_JOB_WEB_URL" value="https://travis-ci.org/icyphy/ptII/jobs/557667649" />
    <property name="java.specification.name" value="Java Platform API Specification" />
    <property name="node.works" value="true" />
    <property name="user.timezone" value="" />
    <property name="path.separator" value=":" />
    <property name="env.TRAVIS_ENABLE_INFRA_DETECTION" value="true" />
    <property name="env.PYTHON_CFLAGS" value="-g -fstack-protector --param=ssp-buffer-size=4 -Wformat -Werror=format-security" />
    <property name="timeout.long" value="4000000" />
    <property name="env.CERTI_HOME" value="/home/travis/pthla/certi-tools" />
    <property name="ant.file.ptII" value="/home/travis/build/icyphy/ptII/build.xml" />
    <property name="javadoc.packagenames" value="com.*,diva.*,lbnl.*,org.hlacerti.*,org.json.*,org.ptolemy.*,org.terraswarm.*,ptolemy.*,ptserver.*" />
    <property name="file.encoding" value="UTF-8" />
    <property name="env.TRAVIS_PULL_REQUEST_SLUG" value="" />
    <property name="ant.project.default-target" value="build" />
    <property name="env.GIT_ASKPASS" value="echo" />
    <property name="env.HOME" value="/home/travis" />
    <property name="sun.java.command" value="org.apache.tools.ant.taskdefs.optional.junit.JUnitTestRunner ptolemy.data.ontologies.test.junit.JUnitTclTest skipNonTests=false filtertrace=true haltOnError=false haltOnFailure=false formatter=org.apache.tools.ant.taskdefs.optional.junit.OutErrSummaryJUnitResultFormatter showoutput=true outputtoformatters=true logfailedtests=true threadid=0 logtestlistenerevents=false formatter=org.apache.tools.ant.taskdefs.optional.junit.XMLJUnitResultFormatter,/home/travis/build/icyphy/ptII/reports/junit/TEST-ptolemy.data.ontologies.test.junit.JUnitTclTest.xml crashfile=/home/travis/build/icyphy/ptII/junitvmwatcher3610231415890337846.properties propsfile=/home/travis/build/icyphy/ptII/junit5535073758571835308.properties" />
    <property name="env.COMPOSER_NO_INTERACTION" value="1" />
    <property name="env.MANPATH" value="/home/travis/.nvm/versions/node/v7.10.1/share/man:/home/travis/.rvm/rubies/ruby-2.5.3/share/man:/usr/local/cmake-3.12.4/man:/usr/local/clang-7.0.0/share/man:/usr/local/man:/usr/local/share/man:/usr/share/man:/home/travis/.rvm/man" />
    <property name="env.TRAVIS_TIMER_ID" value="1fdb1ca5" />
    <property name="ant.file" value="/home/travis/build/icyphy/ptII/build.xml" />
    <property name="env.TRAVIS_COMMIT_RANGE" value="8943fd7124859103cad5e46d96c1be6d53f582da...19468c405d83b3b22c3787bc9780d8b77f7ad631" />
    <property name="env._system_name" value="Ubuntu" />
    <property name="ptII.classpath.optional.property" value="/home/travis/build/icyphy/ptII/lib/bsh-2.0b4.jar:/home/travis/build/icyphy/ptII/lib/ptCal.jar:/home/travis/build/icyphy/ptII/lib/java_cup.jar:/home/travis/build/icyphy/ptII/lib/saxon8.jar:/home/travis/build/icyphy/ptII/lib/saxon8-dom.jar:/home/travis/build/icyphy/ptII/lib/chic.jar:/home/travis/build/icyphy/ptII/lib/ptcolt.jar:/home/travis/build/icyphy/ptII/vendors/misc/itext/iText.jar:/home/travis/build/icyphy/ptII/lib/g4ltl.jar:/home/travis/build/icyphy/ptII/lib/StructuralCoder.jar:/home/travis/build/icyphy/ptII/vendors/jai-1_1_2_01/lib/jai_core.jar:/home/travis/build/icyphy/ptII/vendors/jai-1_1_2_01/lib/jai_codec.jar:/home/travis/build/icyphy/ptII/lib/jcerti.jar:/home/travis/build/icyphy/ptII/lib/javax.mail.jar:/home/travis/build/icyphy/ptII/vendors/JMF-2.1.1e/lib/jmf.jar:/home/travis/build/icyphy/ptII/lib/jna-4.0.0-variadic.jar:/home/travis/build/icyphy/ptII/vendors/misc/joystick/Joystick.jar:/home/travis/build/icyphy/ptII/lib/ptjacl.jar:/home/travis/build/icyphy/ptII/lib/jsoup-1.8.2.jar:/home/travis/build/icyphy/ptII/lib/junit-4.8.2.jar:/home/travis/build/icyphy/ptII/lib/JUnitParams-0.4.0.jar:/home/travis/build/icyphy/ptII/ptolemy/actor/lib/excel/jxl.jar:/home/travis/build/icyphy/ptII/lib/jython.jar:/home/travis/build/icyphy/ptII/lib/kieler.jar:/home/travis/build/icyphy/ptII/vendors/opencv/share/OpenCV/java/opencv-341.jar:/home/travis/build/icyphy/ptII/lib/oscP5.jar:/home/travis/build/icyphy/ptII/lib/nrjavaserial-3.11.0.devel.jar:/home/travis/build/icyphy/ptII/vendors/j3d/lib/j3dcore.jar:/home/travis/build/icyphy/ptII/vendors/j3d/lib/j3dutils.jar:/home/travis/build/icyphy/ptII/vendors/j3d/lib/vecmath.jar:/home/travis/build/icyphy/ptII/ptolemy/distributed/jini/jar/jini-core.jar:/home/travis/build/icyphy/ptII/ptolemy/distributed/jini/jar/jini-ext.jar:/home/travis/build/icyphy/ptII/ptolemy/distributed/jini/jar/sun-util.jar:/home/travis/build/icyphy/ptII/lib/protobuf-java-2.4.1.jar:/home/travis/build/icyphy/ptII/lib/org.eclipse.paho.client.mqttv3.jar:/home/travis/build/icyphy/ptII/lib/mapss.jar:/home/travis/build/icyphy/ptII/ptolemy/actor/ptalon/antlr/antlr.jar:/home/travis/build/icyphy/ptII/lib/JRI.jar:/home/travis/build/icyphy/ptII/lib/commons-lang-2.6.jar:/home/travis/build/icyphy/ptII/lib/commons-logging-1.1.1.jar:/home/travis/build/icyphy/ptII/lib/sootclasses.jar:/home/travis/build/icyphy/ptII/ptolemy/actor/lib/database/mysql-connector-java-5.1.6-bin.jar:/home/travis/build/icyphy/ptII/vendors/misc/sphinx4/sphinx4-data-5prealpha.jar:/home/travis/build/icyphy/ptII/vendors/misc/sphinx4/sphinx4-core-5prealpha.jar:/home/travis/build/icyphy/ptII/lib/PDFRenderer.jar:/home/travis/build/icyphy/ptII/lib/svgSalamander.jar:/home/travis/build/icyphy/ptII/lib/rsyntaxtextarea-2.6.0-SNAPSHOT.jar:/home/travis/build/icyphy/ptII/lib/hazelcast-3.8.2.jar:/home/travis/build/icyphy/ptII/lib/jackson-annotations-2.9.0.jar:/home/travis/build/icyphy/ptII/lib/jackson-core-2.9.3.jar:/home/travis/build/icyphy/ptII/lib/jackson-databind-2.9.3.jar:/home/travis/build/icyphy/ptII/lib/netty-buffer-4.1.19.Final.jar:/home/travis/build/icyphy/ptII/lib/netty-codec-4.1.19.Final.jar:/home/travis/build/icyphy/ptII/lib/netty-codec-dns-4.1.19.Final.jar:/home/travis/build/icyphy/ptII/lib/netty-codec-http-4.1.19.Final.jar:/home/travis/build/icyphy/ptII/lib/netty-codec-http2-4.1.19.Final.jar:/home/travis/build/icyphy/ptII/lib/netty-common-4.1.19.Final.jar:/home/travis/build/icyphy/ptII/lib/netty-handler-4.1.19.Final.jar:/home/travis/build/icyphy/ptII/lib/netty-resolver-4.1.19.Final.jar:/home/travis/build/icyphy/ptII/lib/netty-resolver-dns-4.1.19.Final.jar:/home/travis/build/icyphy/ptII/lib/netty-transport-4.1.19.Final.jar:/home/travis/build/icyphy/ptII/lib/vertx-codegen-3.5.1.jar:/home/travis/build/icyphy/ptII/lib/vertx-core-3.5.2-SNAPSHOT.jar:/home/travis/build/icyphy/ptII/lib/vertx-hazelcast-3.5.1.jar:/home/travis/build/icyphy/ptII/lib/vertx-lang-js-3.5.1.jar:/home/travis/build/icyphy/ptII/lib/vertx-service-proxy-3.5.1.jar:/home/travis/build/icyphy/ptII/lib/vertx-web-3.5.1.jar:/home/travis/build/icyphy/ptII/lib/slf4j-api-1.7.13.jar:/home/travis/build/icyphy/ptII/lib/slf4j-simple-1.7.13.jar:/home/travis/build/icyphy/ptII/lib/webcam-capture-0.3.12.jar:/home/travis/build/icyphy/ptII/lib/bridj-0.7.0.jar:/home/travis/build/icyphy/ptII/lib/xbjlib-1.1.0.nrjavaserial.jar" />
    <property name="timeout" value="2400000" />
    <property name="test.batch" value="**/junit/*.java" />
    <property name="env._" value="/usr/bin/timeout" />
    <property name="java.io.tmpdir" value="/tmp" />
    <property name="user.language" value="en" />
    <property name="env.TRAVIS_INTERNAL_RUBY_REGEX" value="^ruby-(2\.[0-4]\.[0-9]|1\.9\.3)" />
    <property name="env.HISTCONTROL" value="ignoredups:ignorespace" />
    <property name="env.GOROOT" value="/home/travis/.gimme/versions/go1.11.1.linux.amd64" />
    <property name="line.separator" value="&#xa;" />
    <property name="target" value="11" />
    <property name="env.TRAVIS_BUILD_DIR" value="/home/travis/build/icyphy/ptII" />
    <property name="env.ANT_OPTS" value="-Xmx2048m" />
    <property name="ant.file.type" value="file" />
    <property name="ptolemy.ptII.batchMode" value="true" />
    <property name="env.HISTSIZE" value="1000" />
    <property name="env.MERB_ENV" value="test" />
    <property name="java.vm.info" value="mixed mode" />
    <property name="source" value="11" />
    <property name="java.vm.specification.name" value="Java Virtual Machine Specification" />
    <property name="env.TRAVIS_TEST_RESULT" value="0" />
    <property name="jsdoc.command" value="node_modules/@terraswarm/jsdoc/jsdoc.js" />
    <property name="npm.works" value="true" />
    <property name="cobertura.dir" value="/home/travis/build/icyphy/ptII/vendors/cobertura-2.0.3" />
    <property name="jsdoc.command.exists" value="true" />
    <property name="env.rvm_path" value="/home/travis/.rvm" />
    <property name="env.GEM_PATH" value="/home/travis/.rvm/gems/ruby-2.5.3:/home/travis/.rvm/gems/ruby-2.5.3@global" />
    <property name="env.LC_CTYPE" value="en_US.UTF-8" />
    <property name="env.TRAVIS_CMD" value="$PTII/bin/ptIITravisBuild.sh $SECONDS" />
    <property name="java.awt.printerjob" value="sun.print.PSPrinterJob" />
    <property name="env.TRAVIS_STACK_NAME" value="sardonyx" />
    <property name="env.TRAVIS_TIMER_START_TIME" value="1562907065229860546" />
    <property name="ant.version" value="Apache Ant(TM) version 1.10.1 compiled on February 2 2017" />
    <property name="ptII.reports" value="/home/travis/build/icyphy/ptII/reports" />
    <property name="env.TRAVIS_STACK_TIMESTAMP" value="2019-03-25 16:16:56 UTC" />
    <property name="ant.file.type.ptII" value="file" />
    <property name="env.RBENV_SHELL" value="bash" />
    <property name="os.name" value="Linux" />
    <property name="java.specification.vendor" value="Oracle Corporation" />
    <property name="env.rvm_version" value="1.29.7 (latest)" />
    <property name="env.TRAVIS_INFRA" value="gce" />
    <property name="env.TERM" value="xterm" />
    <property name="java.vm.name" value="OpenJDK 64-Bit Server VM" />
    <property name="env.TRAVIS_BUILD_NUMBER" value="1223" />
    <property name="env.CI" value="true" />
    <property name="java.library.path" value="/home/travis/pthla/certi-tools/lib:/usr/lib/jni:/usr/local/share/OpenCV/java/:/usr/share/OpenCV/java::/usr/java/packages/lib:/usr/lib64:/lib64:/lib:/usr/lib" />
    <property name="env.rvm_prefix" value="/home/travis" />
    <property name="env.PATH" value="/home/travis/pthla/certi-tools/share/scripts:/home/travis/.rvm/gems/ruby-2.5.3/bin:/home/travis/.rvm/gems/ruby-2.5.3@global/bin:/home/travis/.rvm/rubies/ruby-2.5.3/bin:/home/travis/.rvm/bin:/home/travis/.nvm/versions/node/v7.10.1/bin:./node_modules/.bin:/home/travis/build/icyphy/ptII/bin:/home/travis/pthla/certi-tools/bin:/home/travis/bin:/home/travis/.local/bin:/usr/local/lib/jvm/openjdk11/bin:/opt/pyenv/shims:/home/travis/.phpenv/shims:/home/travis/perl5/perlbrew/bin:/home/travis/gopath/bin:/home/travis/.gimme/versions/go1.11.1.linux.amd64/bin:/usr/local/maven-3.6.0/bin:/usr/local/cmake-3.12.4/bin:/usr/local/clang-7.0.0/bin:/usr/local/sbin:/usr/local/bin:/usr/sbin:/usr/bin:/sbin:/bin:/snap/bin:/home/travis/.phpenv/bin:/opt/pyenv/bin:/home/travis/.yarn/bin" />
    <property name="env.TRAVIS_OS_NAME" value="linux" />
    <property name="ant.java.version" value="9" />
    <property name="basedir" value="/home/travis/build/icyphy/ptII" />
    <property name="java.class.version" value="55.0" />
    <property name="env.SHLVL" value="3" />
    <property name="env.LD_LIBRARY_PATH" value="/home/travis/pthla/certi-tools/lib:/usr/lib/jni:/usr/local/share/OpenCV/java/:/usr/share/OpenCV/java:" />
    <property name="env.RACK_ENV" value="test" />
    <property name="ant.home" value="/home/travis/build/icyphy/ptII/ant" />
    <property name="env.NVM_DIR" value="/home/travis/.nvm" />
    <property name="env.CERTI_FOM_PATH" value="/home/travis/pthla/certi-tools/share/federations" />
    <property name="env.TRAVIS_BUILD_ID" value="557667639" />
    <property name="env.PYENV_ROOT" value="/opt/pyenv" />
    <property name="env.TRAVIS_UID" value="2000" />
    <property name="prism.verbose" value="true" />
    <property name="env.NVM_BIN" value="/home/travis/.nvm/versions/node/v7.10.1/bin" />
    <property name="env.TRAVIS_COMMIT" value="19468c405d83b3b22c3787bc9780d8b77f7ad631" />
    <property name="env._system_arch" value="x86_64" />
    <property name="node.executable" value="node" />
    <property name="sun.boot.library.path" value="/usr/local/lib/jvm/openjdk11/lib" />
    <property name="sun.management.compiler" value="HotSpot 64-Bit Tiered Compilers" />
    <property name="java.awt.graphicsenv" value="sun.awt.X11GraphicsEnvironment" />
    <property name="env.GOPATH" value="/home/travis/gopath" />
    <property name="ptolemy.ptII.dir" value="/home/travis/build/icyphy/ptII" />
    <property name="env.USER" value="travis" />
    <property name="env.HISTFILESIZE" value="2000" />
    <property name="timeout.longest" value="19000000" />
    <property name="env.PERLBREW_SHELLRC_VERSION" value="0.86" />
    <property name="env.TRAVIS_STACK_FEATURES" value="basic couchdb disabled-ipv6 docker docker-compose elasticsearch firefox go-toolchain google-chrome jdk memcached mongodb mysql nodejs_interpreter perl_interpreter perlbrew phantomjs postgresql python_interpreter redis ruby_interpreter sqlite xserver" />
    <property name="env.TRAVIS_PULL_REQUEST" value="false" />
    <property name="env.PYENV_SHELL" value="bash" />
    <property name="ant.project.name" value="ptII" />
    <property name="env.ANSI_RESET" value="\033[0m" />
    <property name="java.vm.specification.version" value="11" />
    <property name="env.TRAVIS_DIST" value="xenial" />
    <property name="env.CERTI_VERSION" value="4.0.0" />
    <property name="env.CERTI_HOST" value="localhost" />
    <property name="awt.toolkit" value="sun.awt.X11.XToolkit" />
    <property name="env.MY_RUBY_HOME" value="/home/travis/.rvm/rubies/ruby-2.5.3" />
    <property name="sun.cpu.isalist" value="" />
    <property name="env.TRAVIS_TMPDIR" value="/tmp/tmp.KwtfoSwokO" />
    <property name="java.vm.compressedOopsMode" value="Zero based" />
    <property name="os.version" value="4.15.0-1028-gcp" />
    <property name="user.home" value="/home/travis" />
    <property name="java.vm.vendor" value="Oracle Corporation" />
    <property name="env.TRAVIS_TAG" value="nightly" />
    <property name="env.ANSI_YELLOW" value="\033[33;1m" />
    <property name="env.TRAVIS_FILTERED" value="redirect_io" />
    <property name="env.ANSI_GREEN" value="\033[32;1m" />
    <property name="env.JAVA_HOME" value="/usr/local/lib/jvm/openjdk11" />
    <property name="javadoc.excludepackagenames" value="adm.cvs2svn.*,build.*,config.*,doc.coding.templates.*,jni.test.jni.meaningOfLife.*,jni.test.jni.testDeux.*,jni.test.jni.testTrois.*,org.terraswarm.accessor.accessors.web.node_modules.*,org.terraswarm.accessor.accessors.web.hosts.cordova.demo.*,org.terraswarm.accessor.accessors.web.hosts.cordova.plugins.*,org.terraswarm.accessor.accessors-svn.*,pt-modules.*,ptolemy.apps.agilent.*,ptolemy.apps.anytimecontrol.*,ptolemy.apps.apes.*,ptolemy.apps.charon.*,ptolemy.apps.crazyboard.*,ptolemy.apps.eclipse.*,ptolemy.apps.etherealSting.*,ptolemy.apps.fullscreen.*,ptolemy.apps.giotto.*,ptolemy.apps.ia.*,ptolemy.apps.interfaces.*,ptolemy.apps.jmf.*,ptolemy.apps.kurt.*,ptolemy.apps.kvm.*,ptolemy.apps.lego.*,ptolemy.apps.lejos.*,ptolemy.apps.midp.*,ptolemy.apps.mobileCoding.*,ptolemy.apps.pendulum.*,ptolemy.apps.rijndael.*,ptolemy.apps.robot.*,ptolemy.apps.security.*,ptolemy.apps.sobel.*,ptolemy.apps.soot.*,ptolemy.apps.throttle.*,ptolemy.apps.tini.*,ptolemy.apps.transmission.*,ptolemy.apps.vergil.*,ptolemy.apps.waba.*,ptolemy.apps.websensor.*,ptolemy.apps.webstart.*,ptolemy.apps.xsl.*,ptolemy.apps.zaurus.*,ptolemy.codegen.c.actor.lib.oldJavaFiles.*,ptolemy.codegen.dsp.lib.*,ptolemy.codegen.kernel.newInterfaces.*,ptolemy.codegen.lib.*,ptolemy.copernicus.kernel.fragment.*,ptolemy.copernicus.shallow.cg.*,ptolemy.domains.giotto.demo.Hierarchy.Hierarchy.*,ptolemy.domains.giotto.demo.Multimode.Multimode.*,ptolemy.domains.giotto.demo.Simple.Simple.*,ptolemy.domains.gr.lib.experimental.*,ptolemy.domains.gro.*,ptolemy.domains.pdf.*,ptolemy.domains.ptinyos.demo.Surge.output.*,ptolemy.moml.test.NoPackageActor.java*,ptolemy.plot.adm.*,ptolemy.plot.servlet.*,reports.*,signed.*,src.*,target.*,vendors.*,ptolemy.copernicus.applet.*,ptolemy.media.viewer.*,ptolemy.actor.corba.*,doc.doclets.*,ptolemy.apps.eclipse.awt.*,ptolemy.backtrack.*,ptolemy.backtrack.ast.*,ptolemy.cg.adapter.generic.program.procedural.c.mbed*,ptolemy.homer.*,ptolemy.actor.lib.jjs.modules.audio.*,org.ptolemy.scala.*,diva.util.java2d.svg.*,ptolemy.domains.ptinyos.*,ptolemy.actor.lib.fmi.fmipp.*,,org.terraswarm.accessor.accessors.web.node_modules.*,org.terraswarm.accessor.accessors-svn,ptolemy.apps.*,ptolemy.actor.ptalon.demo.ptinyos.SendAndReceiveCnt.output,ptolemy.actor.ptalon.demo.ptinyos.SenseToLeds.output,ptolemy.domains.ptinyos.demo.CntToLedsAndRfm.output,ptolemy.domains.ptinyos.demo.RfmToLeds.output,ptolemy.domains.ptinyos.demo.SendAndReceiveCnt.output,ptolemy.domains.ptinyos.demo.SenseToLeds.output,ptolemy.actor.lib.jjs.modules.udpSocket.*" />
    <property name="env.PTII" value="/home/travis/build/icyphy/ptII" />
    <property name="env.XDG_SESSION_ID" value="2" />
    <property name="keystore" value="ptKeystore" />
    <property name="env.TRAVIS_COMMIT_MESSAGE" value="Typo." />
    <property name="junit.output.dir" value="/home/travis/build/icyphy/ptII/reports/junit" />
    <property name="npm.return.code" value="0" />
    <property name="user.dir" value="/home/travis/build/icyphy/ptII/ptolemy/data/ontologies/test" />
    <property name="env.TRAVIS_NODE_VERSION" value="7" />
    <property name="env.TRAVIS_EVENT_TYPE" value="cron" />
    <property name="env.MAIL" value="/var/mail/travis" />
    <property name="env.PERLBREW_ROOT" value="/home/travis/perl5/perlbrew" />
    <property name="env.PWD" value="/home/travis/build/icyphy/ptII" />
    <property name="timeout.npm" value="45000" />
    <property name="env.TRAVIS_ARCH" value="amd64" />
    <property name="sun.cpu.endian" value="little" />
    <property name="env.PAGER" value="cat" />
    <property name="env.TRAVIS_BUILD_STAGE_NAME" value="Test" />
    <property name="env.PERLBREW_HOME" value="/home/travis/.perlbrew" />
    <property name="java.vm.version" value="11.0.2+9" />
    <property name="env.RAILS_ENV" value="test" />
    <property name="java.class.path" value="/home/travis/.ptolemyII:/home/travis/.ptolemyII/*:/home/travis/build/icyphy/ptII:/home/travis/build/icyphy/ptII/lib/bsh-2.0b4.jar:/home/travis/build/icyphy/ptII/lib/ptCal.jar:/home/travis/build/icyphy/ptII/lib/java_cup.jar:/home/travis/build/icyphy/ptII/lib/saxon8.jar:/home/travis/build/icyphy/ptII/lib/saxon8-dom.jar:/home/travis/build/icyphy/ptII/lib/chic.jar:/home/travis/build/icyphy/ptII/lib/ptcolt.jar:/home/travis/build/icyphy/ptII/vendors/misc/itext/iText.jar:/home/travis/build/icyphy/ptII/lib/g4ltl.jar:/home/travis/build/icyphy/ptII/lib/StructuralCoder.jar:/home/travis/build/icyphy/ptII/vendors/jai-1_1_2_01/lib/jai_core.jar:/home/travis/build/icyphy/ptII/vendors/jai-1_1_2_01/lib/jai_codec.jar:/home/travis/build/icyphy/ptII/lib/jcerti.jar:/home/travis/build/icyphy/ptII/lib/javax.mail.jar:/home/travis/build/icyphy/ptII/vendors/JMF-2.1.1e/lib/jmf.jar:/home/travis/build/icyphy/ptII/lib/jna-4.0.0-variadic.jar:/home/travis/build/icyphy/ptII/vendors/misc/joystick/Joystick.jar:/home/travis/build/icyphy/ptII/lib/ptjacl.jar:/home/travis/build/icyphy/ptII/lib/jsoup-1.8.2.jar:/home/travis/build/icyphy/ptII/lib/junit-4.8.2.jar:/home/travis/build/icyphy/ptII/lib/JUnitParams-0.4.0.jar:/home/travis/build/icyphy/ptII/ptolemy/actor/lib/excel/jxl.jar:/home/travis/build/icyphy/ptII/lib/jython.jar:/home/travis/build/icyphy/ptII/lib/kieler.jar:/home/travis/build/icyphy/ptII/vendors/opencv/share/OpenCV/java/opencv-341.jar:/home/travis/build/icyphy/ptII/lib/oscP5.jar:/home/travis/build/icyphy/ptII/lib/nrjavaserial-3.11.0.devel.jar:/home/travis/build/icyphy/ptII/vendors/j3d/lib/j3dcore.jar:/home/travis/build/icyphy/ptII/vendors/j3d/lib/j3dutils.jar:/home/travis/build/icyphy/ptII/vendors/j3d/lib/vecmath.jar:/home/travis/build/icyphy/ptII/ptolemy/distributed/jini/jar/jini-core.jar:/home/travis/build/icyphy/ptII/ptolemy/distributed/jini/jar/jini-ext.jar:/home/travis/build/icyphy/ptII/ptolemy/distributed/jini/jar/sun-util.jar:/home/travis/build/icyphy/ptII/lib/protobuf-java-2.4.1.jar:/home/travis/build/icyphy/ptII/lib/org.eclipse.paho.client.mqttv3.jar:/home/travis/build/icyphy/ptII/lib/mapss.jar:/home/travis/build/icyphy/ptII/ptolemy/actor/ptalon/antlr/antlr.jar:/home/travis/build/icyphy/ptII/lib/JRI.jar:/home/travis/build/icyphy/ptII/lib/commons-lang-2.6.jar:/home/travis/build/icyphy/ptII/lib/commons-logging-1.1.1.jar:/home/travis/build/icyphy/ptII/lib/sootclasses.jar:/home/travis/build/icyphy/ptII/ptolemy/actor/lib/database/mysql-connector-java-5.1.6-bin.jar:/home/travis/build/icyphy/ptII/vendors/misc/sphinx4/sphinx4-data-5prealpha.jar:/home/travis/build/icyphy/ptII/vendors/misc/sphinx4/sphinx4-core-5prealpha.jar:/home/travis/build/icyphy/ptII/lib/PDFRenderer.jar:/home/travis/build/icyphy/ptII/lib/svgSalamander.jar:/home/travis/build/icyphy/ptII/lib/rsyntaxtextarea-2.6.0-SNAPSHOT.jar:/home/travis/build/icyphy/ptII/lib/hazelcast-3.8.2.jar:/home/travis/build/icyphy/ptII/lib/jackson-annotations-2.9.0.jar:/home/travis/build/icyphy/ptII/lib/jackson-core-2.9.3.jar:/home/travis/build/icyphy/ptII/lib/jackson-databind-2.9.3.jar:/home/travis/build/icyphy/ptII/lib/netty-buffer-4.1.19.Final.jar:/home/travis/build/icyphy/ptII/lib/netty-codec-4.1.19.Final.jar:/home/travis/build/icyphy/ptII/lib/netty-codec-dns-4.1.19.Final.jar:/home/travis/build/icyphy/ptII/lib/netty-codec-http-4.1.19.Final.jar:/home/travis/build/icyphy/ptII/lib/netty-codec-http2-4.1.19.Final.jar:/home/travis/build/icyphy/ptII/lib/netty-common-4.1.19.Final.jar:/home/travis/build/icyphy/ptII/lib/netty-handler-4.1.19.Final.jar:/home/travis/build/icyphy/ptII/lib/netty-resolver-4.1.19.Final.jar:/home/travis/build/icyphy/ptII/lib/netty-resolver-dns-4.1.19.Final.jar:/home/travis/build/icyphy/ptII/lib/netty-transport-4.1.19.Final.jar:/home/travis/build/icyphy/ptII/lib/vertx-codegen-3.5.1.jar:/home/travis/build/icyphy/ptII/lib/vertx-core-3.5.2-SNAPSHOT.jar:/home/travis/build/icyphy/ptII/lib/vertx-hazelcast-3.5.1.jar:/home/travis/build/icyphy/ptII/lib/vertx-lang-js-3.5.1.jar:/home/travis/build/icyphy/ptII/lib/vertx-service-proxy-3.5.1.jar:/home/travis/build/icyphy/ptII/lib/vertx-web-3.5.1.jar:/home/travis/build/icyphy/ptII/lib/slf4j-api-1.7.13.jar:/home/travis/build/icyphy/ptII/lib/slf4j-simple-1.7.13.jar:/home/travis/build/icyphy/ptII/lib/webcam-capture-0.3.12.jar:/home/travis/build/icyphy/ptII/lib/bridj-0.7.0.jar:/home/travis/build/icyphy/ptII/lib/xbjlib-1.1.0.nrjavaserial.jar:/home/travis/build/icyphy/ptII/ptolemy/moml/test:/home/travis/build/icyphy/ptII/ant/lib/ant-launcher.jar:/home/travis/build/icyphy/ptII/ant/lib/ant.jar:/home/travis/build/icyphy/ptII/ant/lib/ant-junit.jar:/home/travis/build/icyphy/ptII/ant/lib/ant-junit4.jar" />
    <property name="ant.library.dir" value="/home/travis/build/icyphy/ptII/ant/lib" />
    <property name="os.arch" value="amd64" />
    <property name="env.CONTINUOUS_INTEGRATION" value="true" />
    <property name="env.TRAVIS_LANGUAGE" value="node_js" />
    <property name="env.TRAVIS_STACK_LANGUAGES" value="__sardonyx__ c c++ clojure cplusplus cpp default generic go groovy java node_js php pure_java python ruby scala" />
    <property name="test.name" value="ptolemy.actor.lib.test.junit.JUnitTclTest" />
    <property name="env.APT_KEY_DONT_WARN_ON_DANGEROUS_USAGE" value="1" />
    <property name="sun.java.launcher" value="SUN_STANDARD" />
    <property name="env.PYTHON_CONFIGURE_OPTS" value="--enable-unicode=ucs4 --with-wide-unicode --enable-shared --enable-ipv6 --enable-loadable-sqlite-extensions --with-computed-gotos" />
    <property name="ant.core.lib" value="/home/travis/build/icyphy/ptII/ant/lib/ant.jar" />
    <property name="java.vm.specification.vendor" value="Oracle Corporation" />
    <property name="env.BCVTB_HOME" value="/home/travis/build/icyphy/ptII/lbnl" />
    <property name="file.separator" value="/" />
    <property name="spotbugs.home" value="/home/travis/build/icyphy/ptII/vendors/spotbugs-3.1.1" />
    <property name="java.runtime.version" value="11.0.2+9" />
    <property name="env.ANSI_CLEAR" value="\033[0K" />
    <property name="javafx.verbose" value="true" />
    <property name="env.HAS_JOSH_K_SEAL_OF_APPROVAL" value="true" />
    <property name="env.XDG_RUNTIME_DIR" value="/run/user/2000" />
    <property name="env.TRAVIS_OSX_IMAGE" value="" />
    <property name="env.TRAVIS_JOB_ID" value="557667649" />
    <property name="env.TRAVIS_BRANCH" value="master" />
    <property name="user.country" value="US" />
    <property name="env.CERTI_HOME_TRAVIS" value="/home/travis/pthla/certi-tools" />
    <property name="env.SHELL" value="/bin/bash" />
    <property name="java.maxmemory.large" value="5000m" />
    <property name="model" value="" />
    <property name="env.CASHER_DIR" value="/home/travis/.casher" />
    <property name="env.NVM_CD_FLAGS" value="" />
    <property name="java.vendor.version" value="18.9" />
    <property name="jshint.executable" value="/home/travis/node_modules/jshint/bin/jshint" />
    <property name="env.JRUBY_OPTS" value=" --client -J-XX:+TieredCompilation -J-XX:TieredStopAtLevel=1 -J-Xss2m -Xcompile.invokedynamic=false" />
    <property name="java.vendor" value="Oracle Corporation" />
    <property name="env.TRAVIS_PRE_CHEF_BOOTSTRAP_TIME" value="2019-03-25T16:16:42" />
    <property name="env.TRAVIS_STACK_JOB_BOARD_REGISTER" value="/.job-board-register.yml" />
    <property name="env.ANSI_RED" value="\033[31;1m" />
    <property name="java.specification.version" value="11" />
    <property name="env.IRBRC" value="/home/travis/.rvm/rubies/ruby-2.5.3/.irbrc" />
    <property name="env.TRAVIS" value="true" />
    <property name="sun.arch.data.model" value="64" />
  </properties>
  <testcase classname="ptolemy.util.test.junit.TclTests" name="[0] ThereAreNoTclTests (RunTclFile)" time="0.008" />
  <testcase classname="ptolemy.util.test.junit.AutoKnownFailedTests" name="[0] ThereAreNoKnowFailedTests (RunModel)" time="0.002" />
  <testcase classname="ptolemy.util.test.junit.AutoNameArchTests" name="[0] ThereAreNoAutoArchTests (RunModel)" time="0.022" />
  <testcase classname="ptolemy.util.test.junit.AutoTests" name="[0] /home/travis/build/icyphy/ptII/ptolemy/data/ontologies/test/auto/BackwardResolutionShouldInferBackwards.xml (RunModel)" time="0.756" />
  <testcase classname="ptolemy.util.test.junit.AutoTests" name="[1] /home/travis/build/icyphy/ptII/ptolemy/data/ontologies/test/auto/BackwardResolutionShouldInferBackwards2.xml (RunModel)" time="0.232" />
  <testcase classname="ptolemy.util.test.junit.AutoTests" name="[2] /home/travis/build/icyphy/ptII/ptolemy/data/ontologies/test/auto/BackwardResolutionShouldntInferForwards.xml (RunModel)" time="0.154" />
  <testcase classname="ptolemy.util.test.junit.AutoTests" name="[3] /home/travis/build/icyphy/ptII/ptolemy/data/ontologies/test/auto/BooleanSwitchDemoProductLattice.xml (RunModel)" time="1.804" />
  <testcase classname="ptolemy.util.test.junit.AutoTests" name="[4] /home/travis/build/icyphy/ptII/ptolemy/data/ontologies/test/auto/CarTracking.xml (RunModel)" time="4.707" />
  <testcase classname="ptolemy.util.test.junit.AutoTests" name="[5] /home/travis/build/icyphy/ptII/ptolemy/data/ontologies/test/auto/Const.xml (RunModel)" time="0.143" />
  <testcase classname="ptolemy.util.test.junit.AutoTests" name="[6] /home/travis/build/icyphy/ptII/ptolemy/data/ontologies/test/auto/ConstAbstractInterpretation.xml (RunModel)" time="0.158" />
  <testcase classname="ptolemy.util.test.junit.AutoTests" name="[7] /home/travis/build/icyphy/ptII/ptolemy/data/ontologies/test/auto/ConstMultiplyDivideDemoProductLattice.xml (RunModel)" time="0.326" />
  <testcase classname="ptolemy.util.test.junit.AutoTests" name="[8] /home/travis/build/icyphy/ptII/ptolemy/data/ontologies/test/auto/ConstNonconst.xml (RunModel)" time="0.088" />
  <testcase classname="ptolemy.util.test.junit.AutoTests" name="[9] /home/travis/build/icyphy/ptII/ptolemy/data/ontologies/test/auto/ConstScaleDemoProductLattice.xml (RunModel)" time="0.371" />
  <testcase classname="ptolemy.util.test.junit.AutoTests" name="[10] /home/travis/build/icyphy/ptII/ptolemy/data/ontologies/test/auto/DeltaConstraintTest.xml (RunModel)" time="0.122" />
  <testcase classname="ptolemy.util.test.junit.AutoTests" name="[11] /home/travis/build/icyphy/ptII/ptolemy/data/ontologies/test/auto/DerivedUnitConceptTestCase.xml (RunModel)" time="0.119" />
  <testcase classname="ptolemy.util.test.junit.AutoTests" name="[12] /home/travis/build/icyphy/ptII/ptolemy/data/ontologies/test/auto/ExceptionAnalysisUsingManager.xml (RunModel)" time="0.081" />
  <testcase classname="ptolemy.util.test.junit.AutoTests" name="[13] /home/travis/build/icyphy/ptII/ptolemy/data/ontologies/test/auto/GreatestFixedPoint.xml (RunModel)" time="0.045" />
  <testcase classname="ptolemy.util.test.junit.AutoTests" name="[14] /home/travis/build/icyphy/ptII/ptolemy/data/ontologies/test/auto/InequalityExpression.xml (RunModel)" time="0.067" />
  <testcase classname="ptolemy.util.test.junit.AutoTests" name="[15] /home/travis/build/icyphy/ptII/ptolemy/data/ontologies/test/auto/IntegratorBackwardInference.xml (RunModel)" time="0.063" />
  <testcase classname="ptolemy.util.test.junit.AutoTests" name="[16] /home/travis/build/icyphy/ptII/ptolemy/data/ontologies/test/auto/IntegratorBidirectionalInference.xml (RunModel)" time="0.062" />
  <testcase classname="ptolemy.util.test.junit.AutoTests" name="[17] /home/travis/build/icyphy/ptII/ptolemy/data/ontologies/test/auto/IntegratorForwardInference.xml (RunModel)" time="0.044" />
  <testcase classname="ptolemy.util.test.junit.AutoTests" name="[18] /home/travis/build/icyphy/ptII/ptolemy/data/ontologies/test/auto/IntegratorInferBackwardForward.xml (RunModel)" time="0.055" />
  <testcase classname="ptolemy.util.test.junit.AutoTests" name="[19] /home/travis/build/icyphy/ptII/ptolemy/data/ontologies/test/auto/LeastUpperBoundConstraint.xml (RunModel)" time="0.049" />
  <testcase classname="ptolemy.util.test.junit.AutoTests" name="[20] /home/travis/build/icyphy/ptII/ptolemy/data/ontologies/test/auto/MonotonicityAnalysis.xml (RunModel)" time="0.152" />
  <testcase classname="ptolemy.util.test.junit.AutoTests" name="[21] /home/travis/build/icyphy/ptII/ptolemy/data/ontologies/test/auto/MultiplyDivideUnits.xml (RunModel)" time="0.25" />
  <testcase classname="ptolemy.util.test.junit.AutoTests" name="[22] /home/travis/build/icyphy/ptII/ptolemy/data/ontologies/test/auto/NestedRecordTest.xml (RunModel)" time="0.106" />
  <testcase classname="ptolemy.util.test.junit.AutoTests" name="[23] /home/travis/build/icyphy/ptII/ptolemy/data/ontologies/test/auto/Observable.xml (RunModel)" time="0.073" />
  <testcase classname="ptolemy.util.test.junit.AutoTests" name="[24] /home/travis/build/icyphy/ptII/ptolemy/data/ontologies/test/auto/ProductLatticeRecordConceptTest.xml (RunModel)" time="0.275" />
  <testcase classname="ptolemy.util.test.junit.AutoTests" name="[25] /home/travis/build/icyphy/ptII/ptolemy/data/ontologies/test/auto/ProductLatticeWithConstantPropagation.xml (RunModel)" time="0.639" />
  <testcase classname="ptolemy.util.test.junit.AutoTests" name="[26] /home/travis/build/icyphy/ptII/ptolemy/data/ontologies/test/auto/RecordBidirectionalMissingFieldOnOneSideTest.xml (RunModel)" time="0.11" />
  <testcase classname="ptolemy.util.test.junit.AutoTests" name="[27] /home/travis/build/icyphy/ptII/ptolemy/data/ontologies/test/auto/RecordBidirectionalNoCommonFields.xml (RunModel)" time="0.072" />
  <testcase classname="ptolemy.util.test.junit.AutoTests" name="[28] /home/travis/build/icyphy/ptII/ptolemy/data/ontologies/test/auto/RecordBidirectionalUnmatched.xml (RunModel)" time="0.109" />
  <testcase classname="ptolemy.util.test.junit.AutoTests" name="[29] /home/travis/build/icyphy/ptII/ptolemy/data/ontologies/test/auto/RecordForwardInference.xml (RunModel)" time="0.095" />
  <testcase classname="ptolemy.util.test.junit.AutoTests" name="[30] /home/travis/build/icyphy/ptII/ptolemy/data/ontologies/test/auto/SIUnitExample.xml (RunModel)" time="0.365" />
  <testcase classname="ptolemy.util.test.junit.AutoTests" name="[31] /home/travis/build/icyphy/ptII/ptolemy/data/ontologies/test/auto/SIUnitExampleMultiport.xml (RunModel)" time="0.242" />
  <testcase classname="ptolemy.util.test.junit.AutoTests" name="[32] /home/travis/build/icyphy/ptII/ptolemy/data/ontologies/test/auto/SimpleConstPropagation.xml (RunModel)" time="0.11" />
  <testcase classname="ptolemy.util.test.junit.AutoTests" name="[33] /home/travis/build/icyphy/ptII/ptolemy/data/ontologies/test/auto/SimpleNonconstDemo.xml (RunModel)" time="0.087" />
  <testcase classname="ptolemy.util.test.junit.AutoTests" name="[34] /home/travis/build/icyphy/ptII/ptolemy/data/ontologies/test/auto/TemperatureUnits.xml (RunModel)" time="0.194" />
  <testcase classname="ptolemy.util.test.junit.AutoTests" name="[35] /home/travis/build/icyphy/ptII/ptolemy/data/ontologies/test/auto/TimeUnitIntegration.xml (RunModel)" time="0.119" />
  <testcase classname="ptolemy.util.test.junit.AutoTests" name="[36] /home/travis/build/icyphy/ptII/ptolemy/data/ontologies/test/auto/UnitSystemExample.xml (RunModel)" time="0.304" />
  <system-out><![CDATA[No tcl tests in /home/travis/build/icyphy/ptII/ptolemy/data/ontologies/test
No auto/knownFailedTests/*.xml tests in /home/travis/build/icyphy/ptII/ptolemy/data/ontologies/test
No auto/linux-amd64/*.xml tests in /home/travis/build/icyphy/ptII/ptolemy/data/ontologies/test
AutoTests.java: About to close Vertx.
AutoTests.java: Vertx closed.

===========================================================================================
----------------- testing Fri Jul 12 05:04:35 UTC 2019 /home/travis/build/icyphy/ptII/ptolemy/data/ontologies/test/auto/BackwardResolutionShouldInferBackwards.xml
----------------- Instantiating /home/travis/build/icyphy/ptII/ptolemy/data/ontologies/test/auto/BackwardResolutionShouldInferBackwards.xml
170 ms. Memory: 180224K Free: 157474K (87%)
----------------- Invoking toplevel() on ptolemy.moml.MoMLSimpleApplication@14a698c0
----------------- Done invoking toplevel() on ptolemy.moml.MoMLSimpleApplication@14a698c0
reloadAllAccessors: .BackwardResolutionShouldInferBackwards

===========================================================================================
----------------- testing Fri Jul 12 05:04:35 UTC 2019 /home/travis/build/icyphy/ptII/ptolemy/data/ontologies/test/auto/BackwardResolutionShouldInferBackwards2.xml
----------------- Instantiating /home/travis/build/icyphy/ptII/ptolemy/data/ontologies/test/auto/BackwardResolutionShouldInferBackwards2.xml
56 ms. Memory: 180224K Free: 166463K (92%)
----------------- Invoking toplevel() on ptolemy.moml.MoMLSimpleApplication@68768a2d
----------------- Done invoking toplevel() on ptolemy.moml.MoMLSimpleApplication@68768a2d
reloadAllAccessors: .BackwardResolutionShouldInferBackwards2

===========================================================================================
----------------- testing Fri Jul 12 05:04:36 UTC 2019 /home/travis/build/icyphy/ptII/ptolemy/data/ontologies/test/auto/BackwardResolutionShouldntInferForwards.xml
----------------- Instantiating /home/travis/build/icyphy/ptII/ptolemy/data/ontologies/test/auto/BackwardResolutionShouldntInferForwards.xml
60 ms. Memory: 180224K Free: 155527K (86%)
----------------- Invoking toplevel() on ptolemy.moml.MoMLSimpleApplication@63083814
----------------- Done invoking toplevel() on ptolemy.moml.MoMLSimpleApplication@63083814
reloadAllAccessors: .BackwardResolutionShouldntInferForwards

===========================================================================================
----------------- testing Fri Jul 12 05:04:36 UTC 2019 /home/travis/build/icyphy/ptII/ptolemy/data/ontologies/test/auto/BooleanSwitchDemoProductLattice.xml
----------------- Instantiating /home/travis/build/icyphy/ptII/ptolemy/data/ontologies/test/auto/BooleanSwitchDemoProductLattice.xml
1034 ms. Memory: 220160K Free: 81050K (37%)
----------------- Invoking toplevel() on ptolemy.moml.MoMLSimpleApplication@3929177a
----------------- Done invoking toplevel() on ptolemy.moml.MoMLSimpleApplication@3929177a
reloadAllAccessors: .BooleanSwitchDemoProductLattice

===========================================================================================
----------------- testing Fri Jul 12 05:04:38 UTC 2019 /home/travis/build/icyphy/ptII/ptolemy/data/ontologies/test/auto/CarTracking.xml
----------------- Instantiating /home/travis/build/icyphy/ptII/ptolemy/data/ontologies/test/auto/CarTracking.xml
4062 ms. Memory: 274432K Free: 197075K (72%)
----------------- Invoking toplevel() on ptolemy.moml.MoMLSimpleApplication@d326e1d
----------------- Done invoking toplevel() on ptolemy.moml.MoMLSimpleApplication@d326e1d
reloadAllAccessors: .CarTracking

===========================================================================================
----------------- testing Fri Jul 12 05:04:42 UTC 2019 /home/travis/build/icyphy/ptII/ptolemy/data/ontologies/test/auto/Const.xml
----------------- Instantiating /home/travis/build/icyphy/ptII/ptolemy/data/ontologies/test/auto/Const.xml
72 ms. Memory: 274432K Free: 165859K (60%)
----------------- Invoking toplevel() on ptolemy.moml.MoMLSimpleApplication@767cc114
----------------- Done invoking toplevel() on ptolemy.moml.MoMLSimpleApplication@767cc114
reloadAllAccessors: .Const

===========================================================================================
----------------- testing Fri Jul 12 05:04:43 UTC 2019 /home/travis/build/icyphy/ptII/ptolemy/data/ontologies/test/auto/ConstAbstractInterpretation.xml
----------------- Instantiating /home/travis/build/icyphy/ptII/ptolemy/data/ontologies/test/auto/ConstAbstractInterpretation.xml
56 ms. Memory: 274432K Free: 119251K (43%)
----------------- Invoking toplevel() on ptolemy.moml.MoMLSimpleApplication@678392a1
----------------- Done invoking toplevel() on ptolemy.moml.MoMLSimpleApplication@678392a1
reloadAllAccessors: .ConstAbstractInterpretation

===========================================================================================
----------------- testing Fri Jul 12 05:04:43 UTC 2019 /home/travis/build/icyphy/ptII/ptolemy/data/ontologies/test/auto/ConstMultiplyDivideDemoProductLattice.xml
----------------- Instantiating /home/travis/build/icyphy/ptII/ptolemy/data/ontologies/test/auto/ConstMultiplyDivideDemoProductLattice.xml
188 ms. Memory: 274432K Free: 164162K (60%)
----------------- Invoking toplevel() on ptolemy.moml.MoMLSimpleApplication@5bdfa3f5
----------------- Done invoking toplevel() on ptolemy.moml.MoMLSimpleApplication@5bdfa3f5
reloadAllAccessors: .ConstMultiplyDivideDemoProductLattice

===========================================================================================
----------------- testing Fri Jul 12 05:04:43 UTC 2019 /home/travis/build/icyphy/ptII/ptolemy/data/ontologies/test/auto/ConstNonconst.xml
----------------- Instantiating /home/travis/build/icyphy/ptII/ptolemy/data/ontologies/test/auto/ConstNonconst.xml
40 ms. Memory: 274432K Free: 132928K (48%)
----------------- Invoking toplevel() on ptolemy.moml.MoMLSimpleApplication@cba7aef
----------------- Done invoking toplevel() on ptolemy.moml.MoMLSimpleApplication@cba7aef
reloadAllAccessors: .ConstNonconst

===========================================================================================
----------------- testing Fri Jul 12 05:04:43 UTC 2019 /home/travis/build/icyphy/ptII/ptolemy/data/ontologies/test/auto/ConstScaleDemoProductLattice.xml
----------------- Instantiating /home/travis/build/icyphy/ptII/ptolemy/data/ontologies/test/auto/ConstScaleDemoProductLattice.xml
296 ms. Memory: 329728K Free: 237151K (72%)
----------------- Invoking toplevel() on ptolemy.moml.MoMLSimpleApplication@79eb09b3
----------------- Done invoking toplevel() on ptolemy.moml.MoMLSimpleApplication@79eb09b3
reloadAllAccessors: .ConstScaleDemoProductLattice

===========================================================================================
----------------- testing Fri Jul 12 05:04:43 UTC 2019 /home/travis/build/icyphy/ptII/ptolemy/data/ontologies/test/auto/DeltaConstraintTest.xml
----------------- Instantiating /home/travis/build/icyphy/ptII/ptolemy/data/ontologies/test/auto/DeltaConstraintTest.xml
55 ms. Memory: 329728K Free: 198702K (60%)
----------------- Invoking toplevel() on ptolemy.moml.MoMLSimpleApplication@52cd7b1f
----------------- Done invoking toplevel() on ptolemy.moml.MoMLSimpleApplication@52cd7b1f
reloadAllAccessors: .DeltaConstraintTest

===========================================================================================
----------------- testing Fri Jul 12 05:04:44 UTC 2019 /home/travis/build/icyphy/ptII/ptolemy/data/ontologies/test/auto/DerivedUnitConceptTestCase.xml
----------------- Instantiating /home/travis/build/icyphy/ptII/ptolemy/data/ontologies/test/auto/DerivedUnitConceptTestCase.xml
42 ms. Memory: 329728K Free: 175150K (53%)
----------------- Invoking toplevel() on ptolemy.moml.MoMLSimpleApplication@46add097
----------------- Done invoking toplevel() on ptolemy.moml.MoMLSimpleApplication@46add097
reloadAllAccessors: .DerivedUnitConceptTestCase

===========================================================================================
----------------- testing Fri Jul 12 05:04:44 UTC 2019 /home/travis/build/icyphy/ptII/ptolemy/data/ontologies/test/auto/ExceptionAnalysisUsingManager.xml
----------------- Instantiating /home/travis/build/icyphy/ptII/ptolemy/data/ontologies/test/auto/ExceptionAnalysisUsingManager.xml
10 ms. Memory: 329728K Free: 164910K (50%)
----------------- Invoking toplevel() on ptolemy.moml.MoMLSimpleApplication@2a417aac
----------------- Done invoking toplevel() on ptolemy.moml.MoMLSimpleApplication@2a417aac
reloadAllAccessors: .ExceptionAnalysisUsingManager

===========================================================================================
----------------- testing Fri Jul 12 05:04:44 UTC 2019 /home/travis/build/icyphy/ptII/ptolemy/data/ontologies/test/auto/GreatestFixedPoint.xml
----------------- Instantiating /home/travis/build/icyphy/ptII/ptolemy/data/ontologies/test/auto/GreatestFixedPoint.xml
17 ms. Memory: 329728K Free: 143902K (44%)
----------------- Invoking toplevel() on ptolemy.moml.MoMLSimpleApplication@14db8cda
----------------- Done invoking toplevel() on ptolemy.moml.MoMLSimpleApplication@14db8cda
reloadAllAccessors: .GreatestFixedPoint

===========================================================================================
----------------- testing Fri Jul 12 05:04:44 UTC 2019 /home/travis/build/icyphy/ptII/ptolemy/data/ontologies/test/auto/InequalityExpression.xml
----------------- Instantiating /home/travis/build/icyphy/ptII/ptolemy/data/ontologies/test/auto/InequalityExpression.xml
45 ms. Memory: 329728K Free: 134670K (41%)
----------------- Invoking toplevel() on ptolemy.moml.MoMLSimpleApplication@33b17ff5
----------------- Done invoking toplevel() on ptolemy.moml.MoMLSimpleApplication@33b17ff5
reloadAllAccessors: .InequalityExpression

===========================================================================================
----------------- testing Fri Jul 12 05:04:44 UTC 2019 /home/travis/build/icyphy/ptII/ptolemy/data/ontologies/test/auto/IntegratorBackwardInference.xml
----------------- Instantiating /home/travis/build/icyphy/ptII/ptolemy/data/ontologies/test/auto/IntegratorBackwardInference.xml
20 ms. Memory: 329728K Free: 125470K (38%)
----------------- Invoking toplevel() on ptolemy.moml.MoMLSimpleApplication@271c72fe
----------------- Done invoking toplevel() on ptolemy.moml.MoMLSimpleApplication@271c72fe
reloadAllAccessors: .IntegratorBackwardInference

===========================================================================================
----------------- testing Fri Jul 12 05:04:44 UTC 2019 /home/travis/build/icyphy/ptII/ptolemy/data/ontologies/test/auto/IntegratorBidirectionalInference.xml
----------------- Instantiating /home/travis/build/icyphy/ptII/ptolemy/data/ontologies/test/auto/IntegratorBidirectionalInference.xml
34 ms. Memory: 329728K Free: 307062K (93%)
----------------- Invoking toplevel() on ptolemy.moml.MoMLSimpleApplication@76daeea5
----------------- Done invoking toplevel() on ptolemy.moml.MoMLSimpleApplication@76daeea5
reloadAllAccessors: .IntegratorBidirectionalInference

===========================================================================================
----------------- testing Fri Jul 12 05:04:44 UTC 2019 /home/travis/build/icyphy/ptII/ptolemy/data/ontologies/test/auto/IntegratorForwardInference.xml
----------------- Instantiating /home/travis/build/icyphy/ptII/ptolemy/data/ontologies/test/auto/IntegratorForwardInference.xml
19 ms. Memory: 329728K Free: 297331K (90%)
----------------- Invoking toplevel() on ptolemy.moml.MoMLSimpleApplication@6e00002f
----------------- Done invoking toplevel() on ptolemy.moml.MoMLSimpleApplication@6e00002f
reloadAllAccessors: .IntegratorForwardInference

===========================================================================================
----------------- testing Fri Jul 12 05:04:44 UTC 2019 /home/travis/build/icyphy/ptII/ptolemy/data/ontologies/test/auto/IntegratorInferBackwardForward.xml
----------------- Instantiating /home/travis/build/icyphy/ptII/ptolemy/data/ontologies/test/auto/IntegratorInferBackwardForward.xml
31 ms. Memory: 329728K Free: 281461K (85%)
----------------- Invoking toplevel() on ptolemy.moml.MoMLSimpleApplication@4e02e9be
----------------- Done invoking toplevel() on ptolemy.moml.MoMLSimpleApplication@4e02e9be
reloadAllAccessors: .IntegratorInferBackwardForward

===========================================================================================
----------------- testing Fri Jul 12 05:04:44 UTC 2019 /home/travis/build/icyphy/ptII/ptolemy/data/ontologies/test/auto/LeastUpperBoundConstraint.xml
----------------- Instantiating /home/travis/build/icyphy/ptII/ptolemy/data/ontologies/test/auto/LeastUpperBoundConstraint.xml
30 ms. Memory: 329728K Free: 272245K (83%)
----------------- Invoking toplevel() on ptolemy.moml.MoMLSimpleApplication@5d0128ab
----------------- Done invoking toplevel() on ptolemy.moml.MoMLSimpleApplication@5d0128ab
reloadAllAccessors: .LeastUpperBoundConstraint

===========================================================================================
----------------- testing Fri Jul 12 05:04:44 UTC 2019 /home/travis/build/icyphy/ptII/ptolemy/data/ontologies/test/auto/MonotonicityAnalysis.xml
----------------- Instantiating /home/travis/build/icyphy/ptII/ptolemy/data/ontologies/test/auto/MonotonicityAnalysis.xml
98 ms. Memory: 329728K Free: 238453K (72%)
----------------- Invoking toplevel() on ptolemy.moml.MoMLSimpleApplication@3177721f
----------------- Done invoking toplevel() on ptolemy.moml.MoMLSimpleApplication@3177721f
reloadAllAccessors: .MonotonicityAnalysis

===========================================================================================
----------------- testing Fri Jul 12 05:04:44 UTC 2019 /home/travis/build/icyphy/ptII/ptolemy/data/ontologies/test/auto/MultiplyDivideUnits.xml
----------------- Instantiating /home/travis/build/icyphy/ptII/ptolemy/data/ontologies/test/auto/MultiplyDivideUnits.xml
100 ms. Memory: 329728K Free: 160629K (49%)
----------------- Invoking toplevel() on ptolemy.moml.MoMLSimpleApplication@328ffc85
----------------- Done invoking toplevel() on ptolemy.moml.MoMLSimpleApplication@328ffc85
reloadAllAccessors: .MultiplyDivideUnits

===========================================================================================
----------------- testing Fri Jul 12 05:04:45 UTC 2019 /home/travis/build/icyphy/ptII/ptolemy/data/ontologies/test/auto/NestedRecordTest.xml
----------------- Instantiating /home/travis/build/icyphy/ptII/ptolemy/data/ontologies/test/auto/NestedRecordTest.xml
51 ms. Memory: 329728K Free: 127347K (39%)
----------------- Invoking toplevel() on ptolemy.moml.MoMLSimpleApplication@53ccb850
----------------- Done invoking toplevel() on ptolemy.moml.MoMLSimpleApplication@53ccb850
reloadAllAccessors: .NestedRecordTest

===========================================================================================
----------------- testing Fri Jul 12 05:04:45 UTC 2019 /home/travis/build/icyphy/ptII/ptolemy/data/ontologies/test/auto/Observable.xml
----------------- Instantiating /home/travis/build/icyphy/ptII/ptolemy/data/ontologies/test/auto/Observable.xml
20 ms. Memory: 329728K Free: 300691K (91%)
----------------- Invoking toplevel() on ptolemy.moml.MoMLSimpleApplication@5de91565
----------------- Done invoking toplevel() on ptolemy.moml.MoMLSimpleApplication@5de91565
reloadAllAccessors: .Observable

===========================================================================================
----------------- testing Fri Jul 12 05:04:45 UTC 2019 /home/travis/build/icyphy/ptII/ptolemy/data/ontologies/test/auto/ProductLatticeRecordConceptTest.xml
----------------- Instantiating /home/travis/build/icyphy/ptII/ptolemy/data/ontologies/test/auto/ProductLatticeRecordConceptTest.xml
185 ms. Memory: 329728K Free: 214179K (65%)
----------------- Invoking toplevel() on ptolemy.moml.MoMLSimpleApplication@25790272
----------------- Done invoking toplevel() on ptolemy.moml.MoMLSimpleApplication@25790272
reloadAllAccessors: .ProductLatticeRecordConceptTest

===========================================================================================
----------------- testing Fri Jul 12 05:04:45 UTC 2019 /home/travis/build/icyphy/ptII/ptolemy/data/ontologies/test/auto/ProductLatticeWithConstantPropagation.xml
----------------- Instantiating /home/travis/build/icyphy/ptII/ptolemy/data/ontologies/test/auto/ProductLatticeWithConstantPropagation.xml
481 ms. Memory: 329728K Free: 187246K (57%)
----------------- Invoking toplevel() on ptolemy.moml.MoMLSimpleApplication@65f1df8c
----------------- Done invoking toplevel() on ptolemy.moml.MoMLSimpleApplication@65f1df8c
reloadAllAccessors: .ProductLatticeWithConstantPropagation

===========================================================================================
----------------- testing Fri Jul 12 05:04:46 UTC 2019 /home/travis/build/icyphy/ptII/ptolemy/data/ontologies/test/auto/RecordBidirectionalMissingFieldOnOneSideTest.xml
----------------- Instantiating /home/travis/build/icyphy/ptII/ptolemy/data/ontologies/test/auto/RecordBidirectionalMissingFieldOnOneSideTest.xml
44 ms. Memory: 329728K Free: 145790K (44%)
----------------- Invoking toplevel() on ptolemy.moml.MoMLSimpleApplication@21ec2078
----------------- Done invoking toplevel() on ptolemy.moml.MoMLSimpleApplication@21ec2078
reloadAllAccessors: .RecordBidirectionalMissingFieldOnOneSideTest

===========================================================================================
----------------- testing Fri Jul 12 05:04:46 UTC 2019 /home/travis/build/icyphy/ptII/ptolemy/data/ontologies/test/auto/RecordBidirectionalNoCommonFields.xml
----------------- Instantiating /home/travis/build/icyphy/ptII/ptolemy/data/ontologies/test/auto/RecordBidirectionalNoCommonFields.xml
41 ms. Memory: 329728K Free: 127862K (39%)
----------------- Invoking toplevel() on ptolemy.moml.MoMLSimpleApplication@512fee76
----------------- Done invoking toplevel() on ptolemy.moml.MoMLSimpleApplication@512fee76
reloadAllAccessors: .RecordBidirectionalNoCommonFields

===========================================================================================
----------------- testing Fri Jul 12 05:04:46 UTC 2019 /home/travis/build/icyphy/ptII/ptolemy/data/ontologies/test/auto/RecordBidirectionalUnmatched.xml
----------------- Instantiating /home/travis/build/icyphy/ptII/ptolemy/data/ontologies/test/auto/RecordBidirectionalUnmatched.xml
84 ms. Memory: 396288K Free: 358955K (91%)
----------------- Invoking toplevel() on ptolemy.moml.MoMLSimpleApplication@3af17c94
----------------- Done invoking toplevel() on ptolemy.moml.MoMLSimpleApplication@3af17c94
reloadAllAccessors: .RecordBidirectionalUnmatched

===========================================================================================
----------------- testing Fri Jul 12 05:04:46 UTC 2019 /home/travis/build/icyphy/ptII/ptolemy/data/ontologies/test/auto/RecordForwardInference.xml
----------------- Instantiating /home/travis/build/icyphy/ptII/ptolemy/data/ontologies/test/auto/RecordForwardInference.xml
59 ms. Memory: 396288K Free: 336941K (85%)
----------------- Invoking toplevel() on ptolemy.moml.MoMLSimpleApplication@7a5b5c79
----------------- Done invoking toplevel() on ptolemy.moml.MoMLSimpleApplication@7a5b5c79
reloadAllAccessors: .RecordForwardInference

===========================================================================================
----------------- testing Fri Jul 12 05:04:46 UTC 2019 /home/travis/build/icyphy/ptII/ptolemy/data/ontologies/test/auto/SIUnitExample.xml
----------------- Instantiating /home/travis/build/icyphy/ptII/ptolemy/data/ontologies/test/auto/SIUnitExample.xml
106 ms. Memory: 396288K Free: 223787K (56%)
----------------- Invoking toplevel() on ptolemy.moml.MoMLSimpleApplication@622ce0df
----------------- Done invoking toplevel() on ptolemy.moml.MoMLSimpleApplication@622ce0df
reloadAllAccessors: .SIUnitExample

===========================================================================================
----------------- testing Fri Jul 12 05:04:46 UTC 2019 /home/travis/build/icyphy/ptII/ptolemy/data/ontologies/test/auto/SIUnitExampleMultiport.xml
----------------- Instantiating /home/travis/build/icyphy/ptII/ptolemy/data/ontologies/test/auto/SIUnitExampleMultiport.xml
115 ms. Memory: 396288K Free: 370645K (94%)
----------------- Invoking toplevel() on ptolemy.moml.MoMLSimpleApplication@43104f51
----------------- Done invoking toplevel() on ptolemy.moml.MoMLSimpleApplication@43104f51
reloadAllAccessors: .SIUnitExampleMultiport

===========================================================================================
----------------- testing Fri Jul 12 05:04:47 UTC 2019 /home/travis/build/icyphy/ptII/ptolemy/data/ontologies/test/auto/SimpleConstPropagation.xml
----------------- Instantiating /home/travis/build/icyphy/ptII/ptolemy/data/ontologies/test/auto/SimpleConstPropagation.xml
57 ms. Memory: 396288K Free: 333255K (84%)
----------------- Invoking toplevel() on ptolemy.moml.MoMLSimpleApplication@51ac4afa
----------------- Done invoking toplevel() on ptolemy.moml.MoMLSimpleApplication@51ac4afa
reloadAllAccessors: .SimpleConstPropagation

===========================================================================================
----------------- testing Fri Jul 12 05:04:47 UTC 2019 /home/travis/build/icyphy/ptII/ptolemy/data/ontologies/test/auto/SimpleNonconstDemo.xml
----------------- Instantiating /home/travis/build/icyphy/ptII/ptolemy/data/ontologies/test/auto/SimpleNonconstDemo.xml
45 ms. Memory: 396288K Free: 303042K (76%)
----------------- Invoking toplevel() on ptolemy.moml.MoMLSimpleApplication@7b8ccd1a
----------------- Done invoking toplevel() on ptolemy.moml.MoMLSimpleApplication@7b8ccd1a
reloadAllAccessors: .SimpleNonconstDemo

===========================================================================================
----------------- testing Fri Jul 12 05:04:47 UTC 2019 /home/travis/build/icyphy/ptII/ptolemy/data/ontologies/test/auto/TemperatureUnits.xml
----------------- Instantiating /home/travis/build/icyphy/ptII/ptolemy/data/ontologies/test/auto/TemperatureUnits.xml
70 ms. Memory: 396288K Free: 229300K (58%)
----------------- Invoking toplevel() on ptolemy.moml.MoMLSimpleApplication@6a83c62f
----------------- Done invoking toplevel() on ptolemy.moml.MoMLSimpleApplication@6a83c62f
reloadAllAccessors: .TemperatureUnits

===========================================================================================
----------------- testing Fri Jul 12 05:04:47 UTC 2019 /home/travis/build/icyphy/ptII/ptolemy/data/ontologies/test/auto/TimeUnitIntegration.xml
----------------- Instantiating /home/travis/build/icyphy/ptII/ptolemy/data/ontologies/test/auto/TimeUnitIntegration.xml
74 ms. Memory: 396288K Free: 190919K (48%)
----------------- Invoking toplevel() on ptolemy.moml.MoMLSimpleApplication@5f19ad8
----------------- Done invoking toplevel() on ptolemy.moml.MoMLSimpleApplication@5f19ad8
reloadAllAccessors: .TimeUnitIntegration

===========================================================================================
----------------- testing Fri Jul 12 05:04:47 UTC 2019 /home/travis/build/icyphy/ptII/ptolemy/data/ontologies/test/auto/UnitSystemExample.xml
----------------- Instantiating /home/travis/build/icyphy/ptII/ptolemy/data/ontologies/test/auto/UnitSystemExample.xml
92 ms. Memory: 396288K Free: 289158K (73%)
----------------- Invoking toplevel() on ptolemy.moml.MoMLSimpleApplication@61e5b153
----------------- Done invoking toplevel() on ptolemy.moml.MoMLSimpleApplication@61e5b153
reloadAllAccessors: .UnitSystemExample
AutoTests.java: About to close Vertx.
AutoTests.java: Vertx closed.
]]></system-out>
  <system-err><![CDATA[]]></system-err>
</testsuite>
