<?xml version="1.0" encoding="UTF-8" ?>
<testsuite errors="0" failures="0" hostname="travis-job-53730396-8b69-43cf-84e6-98a880adf7d8" name="ptolemy.domains.de.test.junit.JUnitTclTest" skipped="0" tests="101" time="126.933" timestamp="2020-05-25T14:25:33">
  <properties>
    <property name="npm.executable" value="npm" />
    <property name="env.TRAVIS_ROOT" value="/" />
    <property name="ptII.mk.exists" value="true" />
    <property name="env.TRAVIS_APP_HOST" value="build.travis-ci.org" />
    <property name="env.rvm_bin_path" value="/home/travis/.rvm/bin" />
    <property name="java.home" value="/usr/local/lib/jvm/openjdk11" />
    <property name="env.TRAVIS_JOB_NUMBER" value="1642.9" />
    <property name="env.TRAVIS_HOME" value="/home/travis" />
    <property name="env.DISPLAY" value=":99.0" />
    <property name="env.TRAVIS_INIT" value="systemd" />
    <property name="env.SSH_TTY" value="/dev/pts/0" />
    <property name="java.net.preferIPv4Stack" value="true" />
    <property name="env.RUN_TESTS" value="true" />
    <property name="timeout.short" value="1000000" />
    <property name="junit.formatter" value="xml" />
    <property name="env.TRAVIS_SUDO" value="true" />
    <property name="env.TRAVIS_JOB_NAME" value="" />
    <property name="env.TRAVIS_STACK_NODE_ATTRIBUTES" value="/.node-attributes.yml" />
    <property name="env.LOGNAME" value="travis" />
    <property name="jsdoc.home" value="node_modules/@terraswarm/jsdoc" />
    <property name="debuglevel" value="source,lines,vars" />
    <property name="checkstyle.formatter" value="xml" />
    <property name="env._system_version" value="16.04" />
    <property name="bin.vergil.makeable" value="true" />
    <property name="sun.os.patch.level" value="unknown" />
    <property name="java.vendor.url" value="http://java.oracle.com/" />
    <property name="env.TRAVIS_BUILD_WEB_URL" value="https://travis-ci.org/icyphy/ptII/builds/690958097" />
    <property name="java.version" value="11.0.2" />
    <property name="env.TZ" value="UTC" />
    <property name="env.TRAVIS_PULL_REQUEST_SHA" value="" />
    <property name="env.PT_NO_NET" value="true" />
    <property name="env.TRAVIS_SECURE_ENV_VARS" value="true" />
    <property name="env._system_type" value="Linux" />
    <property name="java.vendor.url.bug" value="http://bugreport.java.com/bugreport/" />
    <property name="npmjs-org-is-up" value="true" />
    <property name="env.LANGUAGE" value="en_US.UTF-8" />
    <property name="env.SSH_CLIENT" value="10.52.6.26 34444 22" />
    <property name="env.GEM_HOME" value="/home/travis/.rvm/gems/ruby-2.5.3" />
    <property name="env.HAS_ANTARES_THREE_LITTLE_FRONZIES_BADGE" value="true" />
    <property name="java.version.date" value="2019-01-15" />
    <property name="env.PS4" value="+" />
    <property name="ant.project.invoked-targets" value="build,test.core2.xml" />
    <property name="env.TRAVIS_PULL_REQUEST_BRANCH" value="" />
    <property name="env.TRAVIS_REPO_SLUG" value="icyphy/ptII" />
    <property name="env.XDG_DATA_DIRS" value="/usr/local/share:/usr/share:/var/lib/snapd/desktop" />
    <property name="jdk.debug" value="release" />
    <property name="env.TRAVIS_APT_PROXY" value="http://build-cache.travisci.net" />
    <property name="env.TRAVIS_CPU_ARCH" value="amd64" />
    <property name="node.in.path" value="true" />
    <property name="user.name" value="travis" />
    <property name="java.maxmemory" value="1400m" />
    <property name="env.RUBY_VERSION" value="ruby-2.5.3" />
    <property name="env.LANG" value="en_US.UTF-8" />
    <property name="sun.io.unicode.encoding" value="UnicodeLittle" />
    <property name="sun.jnu.encoding" value="UTF-8" />
    <property name="java.runtime.name" value="OpenJDK Runtime Environment" />
    <property name="usefile" value="false" />
    <property name="return.code" value="0" />
    <property name="junit.single.formatter" value="plain" />
    <property name="env.DYLD_LIBRARY_PATH" value="/home/travis/pthla/certi-tools/lib:" />
    <property name="env.DEBIAN_FRONTEND" value="noninteractive" />
    <property name="env.SSH_CONNECTION" value="10.52.6.26 34444 10.20.1.82 22" />
    <property name="env.MYSQL_UNIX_PORT" value="/var/run/mysqld/mysqld.sock" />
    <property name="env.LC_ALL" value="en_US.UTF-8" />
    <property name="env.TRAVIS_ALLOW_FAILURE" value="" />
    <property name="env.TRAVIS_JOB_WEB_URL" value="https://travis-ci.org/icyphy/ptII/jobs/690958131" />
    <property name="java.specification.name" value="Java Platform API Specification" />
    <property name="node.works" value="true" />
    <property name="user.timezone" value="" />
    <property name="path.separator" value=":" />
    <property name="env.TRAVIS_ENABLE_INFRA_DETECTION" value="true" />
    <property name="env.PYTHON_CFLAGS" value="-g -fstack-protector --param=ssp-buffer-size=4 -Wformat -Werror=format-security" />
    <property name="timeout.long" value="4000000" />
    <property name="env.CERTI_HOME" value="/home/travis/pthla/certi-tools" />
    <property name="ant.file.ptII" value="/home/travis/build/icyphy/ptII/build.xml" />
    <property name="javadoc.packagenames" value="com.*,diva.*,lbnl.*,org.hlacerti.*,org.json.*,org.ptolemy.*,org.terraswarm.*,ptolemy.*,ptserver.*" />
    <property name="file.encoding" value="UTF-8" />
    <property name="env.TRAVIS_PULL_REQUEST_SLUG" value="" />
    <property name="ant.project.default-target" value="build" />
    <property name="env.GIT_ASKPASS" value="echo" />
    <property name="env.HOME" value="/home/travis" />
    <property name="sun.java.command" value="org.apache.tools.ant.taskdefs.optional.junit.JUnitTestRunner ptolemy.domains.de.test.junit.JUnitTclTest skipNonTests=false filtertrace=true haltOnError=false haltOnFailure=false formatter=org.apache.tools.ant.taskdefs.optional.junit.OutErrSummaryJUnitResultFormatter showoutput=true outputtoformatters=true logfailedtests=true threadid=0 logtestlistenerevents=false formatter=org.apache.tools.ant.taskdefs.optional.junit.XMLJUnitResultFormatter,/home/travis/build/icyphy/ptII/reports/junit/TEST-ptolemy.domains.de.test.junit.JUnitTclTest.xml crashfile=/home/travis/build/icyphy/ptII/junitvmwatcher3705532853282791490.properties propsfile=/home/travis/build/icyphy/ptII/junit17950761363115920871.properties" />
    <property name="env.COMPOSER_NO_INTERACTION" value="1" />
    <property name="env.MANPATH" value="/home/travis/.nvm/versions/node/v7.10.1/share/man:/home/travis/.rvm/rubies/ruby-2.5.3/share/man:/usr/local/cmake-3.12.4/man:/usr/local/clang-7.0.0/share/man:/usr/local/man:/usr/local/share/man:/usr/share/man:/home/travis/.rvm/man" />
    <property name="env.TRAVIS_TIMER_ID" value="0b84d952" />
    <property name="ant.file" value="/home/travis/build/icyphy/ptII/build.xml" />
    <property name="env.TRAVIS_COMMIT_RANGE" value="3e950cfe0f3c004454147d0a7dfedd7f8d8e77cc...52bfcaaec950ad6b43d11ffdb9cd3f924b0c1f76" />
    <property name="env._system_name" value="Ubuntu" />
    <property name="ptII.classpath.optional.property" value="/home/travis/build/icyphy/ptII/lib/bsh-2.0b4.jar:/home/travis/build/icyphy/ptII/lib/ptCal.jar:/home/travis/build/icyphy/ptII/lib/java_cup.jar:/home/travis/build/icyphy/ptII/lib/saxon8.jar:/home/travis/build/icyphy/ptII/lib/saxon8-dom.jar:/home/travis/build/icyphy/ptII/lib/chic.jar:/home/travis/build/icyphy/ptII/lib/ptcolt.jar:/home/travis/build/icyphy/ptII/vendors/misc/itext/iText.jar:/home/travis/build/icyphy/ptII/lib/g4ltl.jar:/home/travis/build/icyphy/ptII/lib/StructuralCoder.jar:/home/travis/build/icyphy/ptII/lib/jcerti.jar:/home/travis/build/icyphy/ptII/lib/javax.mail.jar:/home/travis/build/icyphy/ptII/vendors/JMF-2.1.1e/lib/jmf.jar:/home/travis/build/icyphy/ptII/lib/jna-4.0.0-variadic.jar:/home/travis/build/icyphy/ptII/vendors/misc/joystick/Joystick.jar:/home/travis/build/icyphy/ptII/lib/ptjacl.jar:/home/travis/build/icyphy/ptII/lib/jsoup-1.8.2.jar:/home/travis/build/icyphy/ptII/lib/junit-4.8.2.jar:/home/travis/build/icyphy/ptII/lib/JUnitParams-0.4.0.jar:/home/travis/build/icyphy/ptII/ptolemy/actor/lib/excel/jxl.jar:/home/travis/build/icyphy/ptII/lib/jython.jar:/home/travis/build/icyphy/ptII/lib/kieler.jar:/home/travis/build/icyphy/ptII/vendors/opencv/share/OpenCV/java/opencv-341.jar:/home/travis/build/icyphy/ptII/lib/oscP5.jar:/home/travis/build/icyphy/ptII/lib/nrjavaserial-3.11.0.devel.jar:/home/travis/build/icyphy/ptII/vendors/j3d/lib/Linux/j3dcore.jar:/home/travis/build/icyphy/ptII/vendors/j3d/lib/Linux/j3dutils.jar:/home/travis/build/icyphy/ptII/vendors/j3d/lib/Linux/vecmath.jar:/home/travis/build/icyphy/ptII/vendors/jogl/lib/Linux/gluegen-rt-natives-linux-amd64.jar:/home/travis/build/icyphy/ptII/vendors/jogl/lib/Linux/gluegen-rt.jar:/home/travis/build/icyphy/ptII/vendors/jogl/lib/Linux/jogl-all-natives-linux-amd64.jar:/home/travis/build/icyphy/ptII/vendors/jogl/lib/Linux/jogl-all.jar:/home/travis/build/icyphy/ptII/ptolemy/distributed/jini/jar/jini-core.jar:/home/travis/build/icyphy/ptII/ptolemy/distributed/jini/jar/jini-ext.jar:/home/travis/build/icyphy/ptII/ptolemy/distributed/jini/jar/sun-util.jar:/home/travis/build/icyphy/ptII/lib/protobuf-java-2.4.1.jar:/home/travis/build/icyphy/ptII/lib/org.eclipse.paho.client.mqttv3.jar:/home/travis/build/icyphy/ptII/lib/mapss.jar:/home/travis/build/icyphy/ptII/ptolemy/actor/ptalon/antlr/antlr.jar:/home/travis/build/icyphy/ptII/lib/JRI.jar:/home/travis/build/icyphy/ptII/lib/commons-lang-2.6.jar:/home/travis/build/icyphy/ptII/lib/commons-logging-1.1.1.jar:/home/travis/build/icyphy/ptII/lib/sootclasses.jar:/home/travis/build/icyphy/ptII/ptolemy/actor/lib/database/mysql-connector-java-5.1.6-bin.jar:/home/travis/build/icyphy/ptII/vendors/misc/sphinx4/sphinx4-data-5prealpha.jar:/home/travis/build/icyphy/ptII/vendors/misc/sphinx4/sphinx4-core-5prealpha.jar:/home/travis/build/icyphy/ptII/lib/PDFRenderer.jar:/home/travis/build/icyphy/ptII/lib/svgSalamander.jar:/home/travis/build/icyphy/ptII/lib/rsyntaxtextarea-2.6.0-SNAPSHOT.jar:/home/travis/build/icyphy/ptII/lib/hazelcast-3.8.2.jar:/home/travis/build/icyphy/ptII/lib/jackson-annotations-2.9.0.jar:/home/travis/build/icyphy/ptII/lib/jackson-core-2.9.3.jar:/home/travis/build/icyphy/ptII/lib/jackson-databind-2.9.3.jar:/home/travis/build/icyphy/ptII/lib/netty-buffer-4.1.19.Final.jar:/home/travis/build/icyphy/ptII/lib/netty-codec-4.1.19.Final.jar:/home/travis/build/icyphy/ptII/lib/netty-codec-dns-4.1.19.Final.jar:/home/travis/build/icyphy/ptII/lib/netty-codec-http-4.1.19.Final.jar:/home/travis/build/icyphy/ptII/lib/netty-codec-http2-4.1.19.Final.jar:/home/travis/build/icyphy/ptII/lib/netty-common-4.1.19.Final.jar:/home/travis/build/icyphy/ptII/lib/netty-handler-4.1.19.Final.jar:/home/travis/build/icyphy/ptII/lib/netty-resolver-4.1.19.Final.jar:/home/travis/build/icyphy/ptII/lib/netty-resolver-dns-4.1.19.Final.jar:/home/travis/build/icyphy/ptII/lib/netty-transport-4.1.19.Final.jar:/home/travis/build/icyphy/ptII/lib/vertx-codegen-3.5.1.jar:/home/travis/build/icyphy/ptII/lib/vertx-core-3.5.2-SNAPSHOT.jar:/home/travis/build/icyphy/ptII/lib/vertx-hazelcast-3.5.1.jar:/home/travis/build/icyphy/ptII/lib/vertx-lang-js-3.5.1.jar:/home/travis/build/icyphy/ptII/lib/vertx-service-proxy-3.5.1.jar:/home/travis/build/icyphy/ptII/lib/vertx-web-3.5.1.jar:/home/travis/build/icyphy/ptII/lib/slf4j-api-1.7.13.jar:/home/travis/build/icyphy/ptII/lib/slf4j-simple-1.7.13.jar:/home/travis/build/icyphy/ptII/lib/webcam-capture-0.3.12.jar:/home/travis/build/icyphy/ptII/lib/bridj-0.7.0.jar:/home/travis/build/icyphy/ptII/lib/xbjlib-1.1.0.nrjavaserial.jar" />
    <property name="timeout" value="2400000" />
    <property name="test.batch" value="**/junit/*.java" />
    <property name="env._" value="/usr/bin/timeout" />
    <property name="java.io.tmpdir" value="/tmp" />
    <property name="user.language" value="en" />
    <property name="env.TRAVIS_INTERNAL_RUBY_REGEX" value="^ruby-(2\.[0-4]\.[0-9]|1\.9\.3)" />
    <property name="env.HISTCONTROL" value="ignoredups:ignorespace" />
    <property name="env.GOROOT" value="/home/travis/.gimme/versions/go1.11.1.linux.amd64" />
    <property name="line.separator" value="&#xa;" />
    <property name="target" value="11" />
    <property name="env.TRAVIS_BUILD_DIR" value="/home/travis/build/icyphy/ptII" />
    <property name="env.ANT_OPTS" value="-Xmx2048m" />
    <property name="ant.file.type" value="file" />
    <property name="ptolemy.ptII.batchMode" value="true" />
    <property name="env.HISTSIZE" value="1000" />
    <property name="env.MERB_ENV" value="test" />
    <property name="java.vm.info" value="mixed mode" />
    <property name="source" value="11" />
    <property name="java.vm.specification.name" value="Java Virtual Machine Specification" />
    <property name="env.TRAVIS_TEST_RESULT" value="0" />
    <property name="jsdoc.command" value="node_modules/@terraswarm/jsdoc/jsdoc.js" />
    <property name="npm.works" value="true" />
    <property name="cobertura.dir" value="/home/travis/build/icyphy/ptII/vendors/cobertura-2.0.3" />
    <property name="jsdoc.command.exists" value="true" />
    <property name="env.rvm_path" value="/home/travis/.rvm" />
    <property name="env.GEM_PATH" value="/home/travis/.rvm/gems/ruby-2.5.3:/home/travis/.rvm/gems/ruby-2.5.3@global" />
    <property name="env.LC_CTYPE" value="en_US.UTF-8" />
    <property name="env.TRAVIS_CMD" value="$PTII/bin/ptIITravisBuild.sh $SECONDS" />
    <property name="java.awt.printerjob" value="sun.print.PSPrinterJob" />
    <property name="env.TRAVIS_STACK_NAME" value="sardonyx" />
    <property name="env.TRAVIS_TIMER_START_TIME" value="1590416531069006583" />
    <property name="ant.version" value="Apache Ant(TM) version 1.10.1 compiled on February 2 2017" />
    <property name="ptII.reports" value="/home/travis/build/icyphy/ptII/reports" />
    <property name="env.TRAVIS_STACK_TIMESTAMP" value="2019-03-25 16:16:56 UTC" />
    <property name="ant.file.type.ptII" value="file" />
    <property name="env.RBENV_SHELL" value="bash" />
    <property name="os.name" value="Linux" />
    <property name="java.specification.vendor" value="Oracle Corporation" />
    <property name="env.rvm_version" value="1.29.7 (latest)" />
    <property name="env.TRAVIS_INFRA" value="unknown" />
    <property name="env.TERM" value="xterm" />
    <property name="java.vm.name" value="OpenJDK 64-Bit Server VM" />
    <property name="env.TRAVIS_BUILD_NUMBER" value="1642" />
    <property name="env.CI" value="true" />
    <property name="java.library.path" value="/home/travis/pthla/certi-tools/lib:/usr/lib/jni:/usr/local/share/OpenCV/java/:/usr/share/OpenCV/java::/usr/java/packages/lib:/usr/lib64:/lib64:/lib:/usr/lib" />
    <property name="jdk.module.path" value="/home/travis/build/icyphy/ptII/vendors/javafx/javafx-sdk-11.0.2/lib:" />
    <property name="env.rvm_prefix" value="/home/travis" />
    <property name="env.PATH" value="/home/travis/pthla/certi-tools/share/scripts:/home/travis/.rvm/gems/ruby-2.5.3/bin:/home/travis/.rvm/gems/ruby-2.5.3@global/bin:/home/travis/.rvm/rubies/ruby-2.5.3/bin:/home/travis/.rvm/bin:/home/travis/.nvm/versions/node/v7.10.1/bin:./node_modules/.bin:/home/travis/build/icyphy/ptII/bin:/home/travis/pthla/certi-tools/bin:/home/travis/bin:/home/travis/.local/bin:/usr/local/lib/jvm/openjdk11/bin:/opt/pyenv/shims:/home/travis/.phpenv/shims:/home/travis/perl5/perlbrew/bin:/home/travis/gopath/bin:/home/travis/.gimme/versions/go1.11.1.linux.amd64/bin:/usr/local/maven-3.6.0/bin:/usr/local/cmake-3.12.4/bin:/usr/local/clang-7.0.0/bin:/usr/local/sbin:/usr/local/bin:/usr/sbin:/usr/bin:/sbin:/bin:/snap/bin:/home/travis/.phpenv/bin:/opt/pyenv/bin:/home/travis/.yarn/bin" />
    <property name="env.TRAVIS_OS_NAME" value="linux" />
    <property name="ant.java.version" value="9" />
    <property name="basedir" value="/home/travis/build/icyphy/ptII" />
    <property name="java.class.version" value="55.0" />
    <property name="env.SHLVL" value="3" />
    <property name="env.LD_LIBRARY_PATH" value="/home/travis/pthla/certi-tools/lib:/usr/lib/jni:/usr/local/share/OpenCV/java/:/usr/share/OpenCV/java:" />
    <property name="env.RACK_ENV" value="test" />
    <property name="ant.home" value="/home/travis/build/icyphy/ptII/ant" />
    <property name="env.NVM_DIR" value="/home/travis/.nvm" />
    <property name="env.CERTI_FOM_PATH" value="/home/travis/pthla/certi-tools/share/federations" />
    <property name="env.TRAVIS_BUILD_ID" value="690958097" />
    <property name="env.PYENV_ROOT" value="/opt/pyenv" />
    <property name="env.TRAVIS_UID" value="2000" />
    <property name="prism.verbose" value="true" />
    <property name="env.NVM_BIN" value="/home/travis/.nvm/versions/node/v7.10.1/bin" />
    <property name="env.TRAVIS_COMMIT" value="52bfcaaec950ad6b43d11ffdb9cd3f924b0c1f76" />
    <property name="env._system_arch" value="x86_64" />
    <property name="node.executable" value="node" />
    <property name="sun.boot.library.path" value="/usr/local/lib/jvm/openjdk11/lib" />
    <property name="sun.management.compiler" value="HotSpot 64-Bit Tiered Compilers" />
    <property name="java.awt.graphicsenv" value="sun.awt.X11GraphicsEnvironment" />
    <property name="env.GOPATH" value="/home/travis/gopath" />
    <property name="ptolemy.ptII.dir" value="/home/travis/build/icyphy/ptII" />
    <property name="env.USER" value="travis" />
    <property name="env.HISTFILESIZE" value="2000" />
    <property name="env.NVM_INC" value="/home/travis/.nvm/versions/node/v7.10.1/include/node" />
    <property name="timeout.longest" value="19000000" />
    <property name="env.PERLBREW_SHELLRC_VERSION" value="0.86" />
    <property name="env.TRAVIS_STACK_FEATURES" value="basic couchdb disabled-ipv6 docker docker-compose elasticsearch firefox go-toolchain google-chrome jdk memcached mongodb mysql nodejs_interpreter perl_interpreter perlbrew phantomjs postgresql python_interpreter redis ruby_interpreter sqlite xserver" />
    <property name="env.TRAVIS_PULL_REQUEST" value="false" />
    <property name="env.PYENV_SHELL" value="bash" />
    <property name="ant.project.name" value="ptII" />
    <property name="env.ANSI_RESET" value="\033[0m" />
    <property name="java.vm.specification.version" value="11" />
    <property name="env.TRAVIS_DIST" value="xenial" />
    <property name="env.CERTI_VERSION" value="4.0.0" />
    <property name="env.CERTI_HOST" value="localhost" />
    <property name="awt.toolkit" value="sun.awt.X11.XToolkit" />
    <property name="env.MY_RUBY_HOME" value="/home/travis/.rvm/rubies/ruby-2.5.3" />
    <property name="sun.cpu.isalist" value="" />
    <property name="env.TRAVIS_TMPDIR" value="/tmp/tmp.jXBiLWvfkQ" />
    <property name="java.vm.compressedOopsMode" value="Zero based" />
    <property name="os.version" value="4.15.0-1028-gcp" />
    <property name="user.home" value="/home/travis" />
    <property name="java.vm.vendor" value="Oracle Corporation" />
    <property name="env.TRAVIS_TAG" value="nightly" />
    <property name="env.ANSI_YELLOW" value="\033[33;1m" />
    <property name="env.TRAVIS_FILTERED" value="redirect_io" />
    <property name="env.ANSI_GREEN" value="\033[32;1m" />
    <property name="env.JAVA_HOME" value="/usr/local/lib/jvm/openjdk11" />
    <property name="javadoc.excludepackagenames" value="adm.cvs2svn.*,build.*,config.*,doc.coding.templates.*,jni.test.jni.meaningOfLife.*,jni.test.jni.testDeux.*,jni.test.jni.testTrois.*,org.terraswarm.accessor.accessors.web.node_modules.*,org.terraswarm.accessor.accessors.web.hosts.cordova.demo.*,org.terraswarm.accessor.accessors.web.hosts.cordova.plugins.*,org.terraswarm.accessor.accessors-svn.*,pt-modules.*,ptolemy.apps.agilent.*,ptolemy.apps.anytimecontrol.*,ptolemy.apps.apes.*,ptolemy.apps.charon.*,ptolemy.apps.crazyboard.*,ptolemy.apps.eclipse.*,ptolemy.apps.etherealSting.*,ptolemy.apps.fullscreen.*,ptolemy.apps.giotto.*,ptolemy.apps.ia.*,ptolemy.apps.interfaces.*,ptolemy.apps.jmf.*,ptolemy.apps.kurt.*,ptolemy.apps.kvm.*,ptolemy.apps.lego.*,ptolemy.apps.lejos.*,ptolemy.apps.midp.*,ptolemy.apps.mobileCoding.*,ptolemy.apps.pendulum.*,ptolemy.apps.rijndael.*,ptolemy.apps.robot.*,ptolemy.apps.security.*,ptolemy.apps.sobel.*,ptolemy.apps.soot.*,ptolemy.apps.throttle.*,ptolemy.apps.tini.*,ptolemy.apps.transmission.*,ptolemy.apps.vergil.*,ptolemy.apps.waba.*,ptolemy.apps.websensor.*,ptolemy.apps.webstart.*,ptolemy.apps.xsl.*,ptolemy.apps.zaurus.*,ptolemy.codegen.c.actor.lib.oldJavaFiles.*,ptolemy.codegen.dsp.lib.*,ptolemy.codegen.kernel.newInterfaces.*,ptolemy.codegen.lib.*,ptolemy.copernicus.kernel.fragment.*,ptolemy.copernicus.shallow.cg.*,ptolemy.domains.giotto.demo.Hierarchy.Hierarchy.*,ptolemy.domains.giotto.demo.Multimode.Multimode.*,ptolemy.domains.giotto.demo.Simple.Simple.*,ptolemy.domains.gr.lib.experimental.*,ptolemy.domains.gro.*,ptolemy.domains.pdf.*,ptolemy.domains.ptinyos.demo.Surge.output.*,ptolemy.moml.test.NoPackageActor.java*,ptolemy.plot.adm.*,ptolemy.plot.servlet.*,reports.*,signed.*,src.*,target.*,vendors.*,ptolemy.copernicus.applet.*,ptolemy.media.viewer.*,ptolemy.actor.corba.*,doc.doclets.*,ptolemy.apps.eclipse.awt.*,ptolemy.backtrack.*,ptolemy.backtrack.ast.*,ptolemy.cg.adapter.generic.program.procedural.c.mbed*,ptolemy.homer.*,ptolemy.actor.lib.jai.*,org.ptolemy.scala.*,diva.util.java2d.svg.*,ptolemy.domains.ptinyos.*,ptolemy.actor.lib.fmi.fmipp.*,,org.terraswarm.accessor.accessors.web.node_modules.*,org.terraswarm.accessor.accessors-svn,ptolemy.apps.*,ptolemy.actor.ptalon.demo.ptinyos.SendAndReceiveCnt.output,ptolemy.actor.ptalon.demo.ptinyos.SenseToLeds.output,ptolemy.domains.ptinyos.demo.CntToLedsAndRfm.output,ptolemy.domains.ptinyos.demo.RfmToLeds.output,ptolemy.domains.ptinyos.demo.SendAndReceiveCnt.output,ptolemy.domains.ptinyos.demo.SenseToLeds.output,ptolemy.actor.lib.jjs.modules.udpSocket.*" />
    <property name="env.PTII" value="/home/travis/build/icyphy/ptII" />
    <property name="env.XDG_SESSION_ID" value="2" />
    <property name="keystore" value="ptKeystore" />
    <property name="env.TRAVIS_COMMIT_MESSAGE" value="Updating models using array data type." />
    <property name="junit.output.dir" value="/home/travis/build/icyphy/ptII/reports/junit" />
    <property name="npm.return.code" value="0" />
    <property name="user.dir" value="/home/travis/build/icyphy/ptII/ptolemy/domains/de/test" />
    <property name="env.TRAVIS_NODE_VERSION" value="7" />
    <property name="env.TRAVIS_EVENT_TYPE" value="cron" />
    <property name="env.MAIL" value="/var/mail/travis" />
    <property name="env.PERLBREW_ROOT" value="/home/travis/perl5/perlbrew" />
    <property name="env.PWD" value="/home/travis/build/icyphy/ptII" />
    <property name="timeout.npm" value="45000" />
    <property name="env.PT_TRAVIS_TEST_CORE2_XML" value="true" />
    <property name="env.TRAVIS_ARCH" value="amd64" />
    <property name="sun.cpu.endian" value="little" />
    <property name="env.PAGER" value="cat" />
    <property name="env.TRAVIS_BUILD_STAGE_NAME" value="test" />
    <property name="env.PERLBREW_HOME" value="/home/travis/.perlbrew" />
    <property name="java.vm.version" value="11.0.2+9" />
    <property name="env.RAILS_ENV" value="test" />
    <property name="java.class.path" value="/home/travis/build/icyphy/ptII:/home/travis/build/icyphy/ptII/lib/bsh-2.0b4.jar:/home/travis/build/icyphy/ptII/lib/ptCal.jar:/home/travis/build/icyphy/ptII/lib/java_cup.jar:/home/travis/build/icyphy/ptII/lib/saxon8.jar:/home/travis/build/icyphy/ptII/lib/saxon8-dom.jar:/home/travis/build/icyphy/ptII/lib/chic.jar:/home/travis/build/icyphy/ptII/lib/ptcolt.jar:/home/travis/build/icyphy/ptII/vendors/misc/itext/iText.jar:/home/travis/build/icyphy/ptII/lib/g4ltl.jar:/home/travis/build/icyphy/ptII/lib/StructuralCoder.jar:/home/travis/build/icyphy/ptII/lib/jcerti.jar:/home/travis/build/icyphy/ptII/lib/javax.mail.jar:/home/travis/build/icyphy/ptII/vendors/JMF-2.1.1e/lib/jmf.jar:/home/travis/build/icyphy/ptII/lib/jna-4.0.0-variadic.jar:/home/travis/build/icyphy/ptII/vendors/misc/joystick/Joystick.jar:/home/travis/build/icyphy/ptII/lib/ptjacl.jar:/home/travis/build/icyphy/ptII/lib/jsoup-1.8.2.jar:/home/travis/build/icyphy/ptII/lib/junit-4.8.2.jar:/home/travis/build/icyphy/ptII/lib/JUnitParams-0.4.0.jar:/home/travis/build/icyphy/ptII/ptolemy/actor/lib/excel/jxl.jar:/home/travis/build/icyphy/ptII/lib/jython.jar:/home/travis/build/icyphy/ptII/lib/kieler.jar:/home/travis/build/icyphy/ptII/vendors/opencv/share/OpenCV/java/opencv-341.jar:/home/travis/build/icyphy/ptII/lib/oscP5.jar:/home/travis/build/icyphy/ptII/lib/nrjavaserial-3.11.0.devel.jar:/home/travis/build/icyphy/ptII/vendors/j3d/lib/Linux/j3dcore.jar:/home/travis/build/icyphy/ptII/vendors/j3d/lib/Linux/j3dutils.jar:/home/travis/build/icyphy/ptII/vendors/j3d/lib/Linux/vecmath.jar:/home/travis/build/icyphy/ptII/vendors/jogl/lib/Linux/gluegen-rt-natives-linux-amd64.jar:/home/travis/build/icyphy/ptII/vendors/jogl/lib/Linux/gluegen-rt.jar:/home/travis/build/icyphy/ptII/vendors/jogl/lib/Linux/jogl-all-natives-linux-amd64.jar:/home/travis/build/icyphy/ptII/vendors/jogl/lib/Linux/jogl-all.jar:/home/travis/build/icyphy/ptII/ptolemy/distributed/jini/jar/jini-core.jar:/home/travis/build/icyphy/ptII/ptolemy/distributed/jini/jar/jini-ext.jar:/home/travis/build/icyphy/ptII/ptolemy/distributed/jini/jar/sun-util.jar:/home/travis/build/icyphy/ptII/lib/protobuf-java-2.4.1.jar:/home/travis/build/icyphy/ptII/lib/org.eclipse.paho.client.mqttv3.jar:/home/travis/build/icyphy/ptII/lib/mapss.jar:/home/travis/build/icyphy/ptII/ptolemy/actor/ptalon/antlr/antlr.jar:/home/travis/build/icyphy/ptII/lib/JRI.jar:/home/travis/build/icyphy/ptII/lib/commons-lang-2.6.jar:/home/travis/build/icyphy/ptII/lib/commons-logging-1.1.1.jar:/home/travis/build/icyphy/ptII/lib/sootclasses.jar:/home/travis/build/icyphy/ptII/ptolemy/actor/lib/database/mysql-connector-java-5.1.6-bin.jar:/home/travis/build/icyphy/ptII/vendors/misc/sphinx4/sphinx4-data-5prealpha.jar:/home/travis/build/icyphy/ptII/vendors/misc/sphinx4/sphinx4-core-5prealpha.jar:/home/travis/build/icyphy/ptII/lib/PDFRenderer.jar:/home/travis/build/icyphy/ptII/lib/svgSalamander.jar:/home/travis/build/icyphy/ptII/lib/rsyntaxtextarea-2.6.0-SNAPSHOT.jar:/home/travis/build/icyphy/ptII/lib/hazelcast-3.8.2.jar:/home/travis/build/icyphy/ptII/lib/jackson-annotations-2.9.0.jar:/home/travis/build/icyphy/ptII/lib/jackson-core-2.9.3.jar:/home/travis/build/icyphy/ptII/lib/jackson-databind-2.9.3.jar:/home/travis/build/icyphy/ptII/lib/netty-buffer-4.1.19.Final.jar:/home/travis/build/icyphy/ptII/lib/netty-codec-4.1.19.Final.jar:/home/travis/build/icyphy/ptII/lib/netty-codec-dns-4.1.19.Final.jar:/home/travis/build/icyphy/ptII/lib/netty-codec-http-4.1.19.Final.jar:/home/travis/build/icyphy/ptII/lib/netty-codec-http2-4.1.19.Final.jar:/home/travis/build/icyphy/ptII/lib/netty-common-4.1.19.Final.jar:/home/travis/build/icyphy/ptII/lib/netty-handler-4.1.19.Final.jar:/home/travis/build/icyphy/ptII/lib/netty-resolver-4.1.19.Final.jar:/home/travis/build/icyphy/ptII/lib/netty-resolver-dns-4.1.19.Final.jar:/home/travis/build/icyphy/ptII/lib/netty-transport-4.1.19.Final.jar:/home/travis/build/icyphy/ptII/lib/vertx-codegen-3.5.1.jar:/home/travis/build/icyphy/ptII/lib/vertx-core-3.5.2-SNAPSHOT.jar:/home/travis/build/icyphy/ptII/lib/vertx-hazelcast-3.5.1.jar:/home/travis/build/icyphy/ptII/lib/vertx-lang-js-3.5.1.jar:/home/travis/build/icyphy/ptII/lib/vertx-service-proxy-3.5.1.jar:/home/travis/build/icyphy/ptII/lib/vertx-web-3.5.1.jar:/home/travis/build/icyphy/ptII/lib/slf4j-api-1.7.13.jar:/home/travis/build/icyphy/ptII/lib/slf4j-simple-1.7.13.jar:/home/travis/build/icyphy/ptII/lib/webcam-capture-0.3.12.jar:/home/travis/build/icyphy/ptII/lib/bridj-0.7.0.jar:/home/travis/build/icyphy/ptII/lib/xbjlib-1.1.0.nrjavaserial.jar:/home/travis/build/icyphy/ptII/ptolemy/moml/test:/home/travis/build/icyphy/ptII/ant/lib/ant-launcher.jar:/home/travis/build/icyphy/ptII/ant/lib/ant.jar:/home/travis/build/icyphy/ptII/ant/lib/ant-junit.jar:/home/travis/build/icyphy/ptII/ant/lib/ant-junit4.jar" />
    <property name="ant.library.dir" value="/home/travis/build/icyphy/ptII/ant/lib" />
    <property name="os.arch" value="amd64" />
    <property name="env.CONTINUOUS_INTEGRATION" value="true" />
    <property name="env.TRAVIS_LANGUAGE" value="node_js" />
    <property name="env.TRAVIS_STACK_LANGUAGES" value="__sardonyx__ c c++ clojure cplusplus cpp default generic go groovy java node_js php pure_java python ruby scala" />
    <property name="test.name" value="ptolemy.actor.lib.test.junit.JUnitTclTest" />
    <property name="env.APT_KEY_DONT_WARN_ON_DANGEROUS_USAGE" value="1" />
    <property name="sun.java.launcher" value="SUN_STANDARD" />
    <property name="env.PYTHON_CONFIGURE_OPTS" value="--enable-unicode=ucs4 --with-wide-unicode --enable-shared --enable-ipv6 --enable-loadable-sqlite-extensions --with-computed-gotos" />
    <property name="ant.core.lib" value="/home/travis/build/icyphy/ptII/ant/lib/ant.jar" />
    <property name="java.vm.specification.vendor" value="Oracle Corporation" />
    <property name="env.BCVTB_HOME" value="/home/travis/build/icyphy/ptII/lbnl" />
    <property name="file.separator" value="/" />
    <property name="spotbugs.home" value="/home/travis/build/icyphy/ptII/vendors/spotbugs-3.1.1" />
    <property name="java.runtime.version" value="11.0.2+9" />
    <property name="env.ANSI_CLEAR" value="\033[0K" />
    <property name="javafx.verbose" value="true" />
    <property name="env.HAS_JOSH_K_SEAL_OF_APPROVAL" value="true" />
    <property name="env.XDG_RUNTIME_DIR" value="/run/user/2000" />
    <property name="env.TRAVIS_OSX_IMAGE" value="" />
    <property name="env.TRAVIS_JOB_ID" value="690958131" />
    <property name="env.TRAVIS_BRANCH" value="master" />
    <property name="user.country" value="US" />
    <property name="env.CERTI_HOME_TRAVIS" value="/home/travis/pthla/certi-tools" />
    <property name="env.SHELL" value="/bin/bash" />
    <property name="java.maxmemory.large" value="3200m" />
    <property name="model" value="" />
    <property name="env.CASHER_DIR" value="/home/travis/.casher" />
    <property name="env.NVM_CD_FLAGS" value="" />
    <property name="java.vendor.version" value="18.9" />
    <property name="jshint.executable" value="/home/travis/node_modules/jshint/bin/jshint" />
    <property name="env.JRUBY_OPTS" value=" --client -J-XX:+TieredCompilation -J-XX:TieredStopAtLevel=1 -J-Xss2m -Xcompile.invokedynamic=false" />
    <property name="java.vendor" value="Oracle Corporation" />
    <property name="env.TRAVIS_PRE_CHEF_BOOTSTRAP_TIME" value="2019-03-25T16:16:42" />
    <property name="env.TRAVIS_STACK_JOB_BOARD_REGISTER" value="/.job-board-register.yml" />
    <property name="env.ANSI_RED" value="\033[31;1m" />
    <property name="java.specification.version" value="11" />
    <property name="env.IRBRC" value="/home/travis/.rvm/rubies/ruby-2.5.3/.irbrc" />
    <property name="env.TRAVIS" value="true" />
    <property name="sun.arch.data.model" value="64" />
  </properties>
  <testcase classname="ptolemy.util.test.junit.TclTests" name="[0] /home/travis/build/icyphy/ptII/ptolemy/domains/de/test/DependencyLoop.tcl (RunTclFile)" time="1.056" />
  <testcase classname="ptolemy.util.test.junit.TclTests" name="[1] /home/travis/build/icyphy/ptII/ptolemy/domains/de/test/RunDETestsAsQSS.tcl (RunTclFile)" time="87.201" />
  <testcase classname="ptolemy.util.test.junit.AutoKnownFailedTests" name="[0] /home/travis/build/icyphy/ptII/ptolemy/domains/de/test/auto/knownFailedTests/DESDFClockTest.xml (RunModel)" time="2.046" />
  <testcase classname="ptolemy.util.test.junit.AutoKnownFailedTests" name="[1] /home/travis/build/icyphy/ptII/ptolemy/domains/de/test/auto/knownFailedTests/DirectFeedback.xml (RunModel)" time="0.018" />
  <testcase classname="ptolemy.util.test.junit.AutoKnownFailedTests" name="[2] /home/travis/build/icyphy/ptII/ptolemy/domains/de/test/auto/knownFailedTests/FSMSource.xml (RunModel)" time="0.032" />
  <testcase classname="ptolemy.util.test.junit.AutoKnownFailedTests" name="[3] /home/travis/build/icyphy/ptII/ptolemy/domains/de/test/auto/knownFailedTests/HierarchicalModel.xml (RunModel)" time="0.048" />
  <testcase classname="ptolemy.util.test.junit.AutoKnownFailedTests" name="[4] /home/travis/build/icyphy/ptII/ptolemy/domains/de/test/auto/knownFailedTests/dependencyLoop.xml (RunModel)" time="0.043" />
  <testcase classname="ptolemy.util.test.junit.AutoKnownFailedTests" name="[5] /home/travis/build/icyphy/ptII/ptolemy/domains/de/test/auto/knownFailedTests/dependencyLoop2.xml (RunModel)" time="0.042" />
  <testcase classname="ptolemy.util.test.junit.AutoNameArchTests" name="[0] ThereAreNoAutoArchTests (RunModel)" time="0.001" />
  <testcase classname="ptolemy.util.test.junit.AutoTests" name="[0] /home/travis/build/icyphy/ptII/ptolemy/domains/de/test/auto/ActorDepthCalculation_actorWithoutPorts.xml (RunModel)" time="0.017" />
  <testcase classname="ptolemy.util.test.junit.AutoTests" name="[1] /home/travis/build/icyphy/ptII/ptolemy/domains/de/test/auto/AssemblyLine.xml (RunModel)" time="0.019" />
  <testcase classname="ptolemy.util.test.junit.AutoTests" name="[2] /home/travis/build/icyphy/ptII/ptolemy/domains/de/test/auto/CQBug1.xml (RunModel)" time="0.01" />
  <testcase classname="ptolemy.util.test.junit.AutoTests" name="[3] /home/travis/build/icyphy/ptII/ptolemy/domains/de/test/auto/CancelFireAt.xml (RunModel)" time="0.019" />
  <testcase classname="ptolemy.util.test.junit.AutoTests" name="[4] /home/travis/build/icyphy/ptII/ptolemy/domains/de/test/auto/CausalityAndComposabilityAnalysis.xml (RunModel)" time="0.016" />
  <testcase classname="ptolemy.util.test.junit.AutoTests" name="[5] /home/travis/build/icyphy/ptII/ptolemy/domains/de/test/auto/CausalityInterface1.xml (RunModel)" time="0.015" />
  <testcase classname="ptolemy.util.test.junit.AutoTests" name="[6] /home/travis/build/icyphy/ptII/ptolemy/domains/de/test/auto/CausalityInterface15.xml (RunModel)" time="0.015" />
  <testcase classname="ptolemy.util.test.junit.AutoTests" name="[7] /home/travis/build/icyphy/ptII/ptolemy/domains/de/test/auto/CausalityInterface2.xml (RunModel)" time="0.013" />
  <testcase classname="ptolemy.util.test.junit.AutoTests" name="[8] /home/travis/build/icyphy/ptII/ptolemy/domains/de/test/auto/CausalityInterface3.xml (RunModel)" time="0.013" />
  <testcase classname="ptolemy.util.test.junit.AutoTests" name="[9] /home/travis/build/icyphy/ptII/ptolemy/domains/de/test/auto/ClockDrift.xml (RunModel)" time="0.039" />
  <testcase classname="ptolemy.util.test.junit.AutoTests" name="[10] /home/travis/build/icyphy/ptII/ptolemy/domains/de/test/auto/ClockDriftAndValueChange.xml (RunModel)" time="0.029" />
  <testcase classname="ptolemy.util.test.junit.AutoTests" name="[11] /home/travis/build/icyphy/ptII/ptolemy/domains/de/test/auto/ClockDriftChange.xml (RunModel)" time="0.034" />
  <testcase classname="ptolemy.util.test.junit.AutoTests" name="[12] /home/travis/build/icyphy/ptII/ptolemy/domains/de/test/auto/ComposableCausalityAnalysis.xml (RunModel)" time="0.014" />
  <testcase classname="ptolemy.util.test.junit.AutoTests" name="[13] /home/travis/build/icyphy/ptII/ptolemy/domains/de/test/auto/DEFixedPointLimitation.xml (RunModel)" time="0.012" />
  <testcase classname="ptolemy.util.test.junit.AutoTests" name="[14] /home/travis/build/icyphy/ptII/ptolemy/domains/de/test/auto/DEScheduleTest.xml (RunModel)" time="0.015" />
  <testcase classname="ptolemy.util.test.junit.AutoTests" name="[15] /home/travis/build/icyphy/ptII/ptolemy/domains/de/test/auto/DEinDEwithStartTimes.xml (RunModel)" time="0.016" />
  <testcase classname="ptolemy.util.test.junit.AutoTests" name="[16] /home/travis/build/icyphy/ptII/ptolemy/domains/de/test/auto/DEinDEwithStartTimes2.xml (RunModel)" time="0.024" />
  <testcase classname="ptolemy.util.test.junit.AutoTests" name="[17] /home/travis/build/icyphy/ptII/ptolemy/domains/de/test/auto/DateDemo.xml (RunModel)" time="0.038" />
  <testcase classname="ptolemy.util.test.junit.AutoTests" name="[18] /home/travis/build/icyphy/ptII/ptolemy/domains/de/test/auto/DateToEvent.xml (RunModel)" time="2.043" />
  <testcase classname="ptolemy.util.test.junit.AutoTests" name="[19] /home/travis/build/icyphy/ptII/ptolemy/domains/de/test/auto/DepthTest1.xml (RunModel)" time="0.01" />
  <testcase classname="ptolemy.util.test.junit.AutoTests" name="[20] /home/travis/build/icyphy/ptII/ptolemy/domains/de/test/auto/DepthTest2.xml (RunModel)" time="0.022" />
  <testcase classname="ptolemy.util.test.junit.AutoTests" name="[21] /home/travis/build/icyphy/ptII/ptolemy/domains/de/test/auto/DepthTest3.xml (RunModel)" time="0.01" />
  <testcase classname="ptolemy.util.test.junit.AutoTests" name="[22] /home/travis/build/icyphy/ptII/ptolemy/domains/de/test/auto/DepthTest4.xml (RunModel)" time="0.013" />
  <testcase classname="ptolemy.util.test.junit.AutoTests" name="[23] /home/travis/build/icyphy/ptII/ptolemy/domains/de/test/auto/DepthTest5.xml (RunModel)" time="0.024" />
  <testcase classname="ptolemy.util.test.junit.AutoTests" name="[24] /home/travis/build/icyphy/ptII/ptolemy/domains/de/test/auto/DepthTest6.xml (RunModel)" time="0.013" />
  <testcase classname="ptolemy.util.test.junit.AutoTests" name="[25] /home/travis/build/icyphy/ptII/ptolemy/domains/de/test/auto/DepthTest7.xml (RunModel)" time="0.011" />
  <testcase classname="ptolemy.util.test.junit.AutoTests" name="[26] /home/travis/build/icyphy/ptII/ptolemy/domains/de/test/auto/EventToDate.xml (RunModel)" time="3.034" />
  <testcase classname="ptolemy.util.test.junit.AutoTests" name="[27] /home/travis/build/icyphy/ptII/ptolemy/domains/de/test/auto/FSM1.xml (RunModel)" time="0.044" />
  <testcase classname="ptolemy.util.test.junit.AutoTests" name="[28] /home/travis/build/icyphy/ptII/ptolemy/domains/de/test/auto/FSM7.xml (RunModel)" time="0.045" />
  <testcase classname="ptolemy.util.test.junit.AutoTests" name="[29] /home/travis/build/icyphy/ptII/ptolemy/domains/de/test/auto/Inspection.xml (RunModel)" time="0.041" />
  <testcase classname="ptolemy.util.test.junit.AutoTests" name="[30] /home/travis/build/icyphy/ptII/ptolemy/domains/de/test/auto/Iteration.xml (RunModel)" time="0.025" />
  <testcase classname="ptolemy.util.test.junit.AutoTests" name="[31] /home/travis/build/icyphy/ptII/ptolemy/domains/de/test/auto/LineFault.xml (RunModel)" time="0.534" />
  <testcase classname="ptolemy.util.test.junit.AutoTests" name="[32] /home/travis/build/icyphy/ptII/ptolemy/domains/de/test/auto/MergeModel1Add.xml (RunModel)" time="0.044" />
  <testcase classname="ptolemy.util.test.junit.AutoTests" name="[33] /home/travis/build/icyphy/ptII/ptolemy/domains/de/test/auto/MergeModel2Add.xml (RunModel)" time="0.042" />
  <testcase classname="ptolemy.util.test.junit.AutoTests" name="[34] /home/travis/build/icyphy/ptII/ptolemy/domains/de/test/auto/MergeModel3Add.xml (RunModel)" time="0.043" />
  <testcase classname="ptolemy.util.test.junit.AutoTests" name="[35] /home/travis/build/icyphy/ptII/ptolemy/domains/de/test/auto/MergeWithoutDiscard.xml (RunModel)" time="0.01" />
  <testcase classname="ptolemy.util.test.junit.AutoTests" name="[36] /home/travis/build/icyphy/ptII/ptolemy/domains/de/test/auto/Modal1.xml (RunModel)" time="0.028" />
  <testcase classname="ptolemy.util.test.junit.AutoTests" name="[37] /home/travis/build/icyphy/ptII/ptolemy/domains/de/test/auto/Modal2.xml (RunModel)" time="0.038" />
  <testcase classname="ptolemy.util.test.junit.AutoTests" name="[38] /home/travis/build/icyphy/ptII/ptolemy/domains/de/test/auto/Modal3.xml (RunModel)" time="0.047" />
  <testcase classname="ptolemy.util.test.junit.AutoTests" name="[39] /home/travis/build/icyphy/ptII/ptolemy/domains/de/test/auto/Modal4.xml (RunModel)" time="0.034" />
  <testcase classname="ptolemy.util.test.junit.AutoTests" name="[40] /home/travis/build/icyphy/ptII/ptolemy/domains/de/test/auto/Modal5.xml (RunModel)" time="0.033" />
  <testcase classname="ptolemy.util.test.junit.AutoTests" name="[41] /home/travis/build/icyphy/ptII/ptolemy/domains/de/test/auto/Modal6.xml (RunModel)" time="0.028" />
  <testcase classname="ptolemy.util.test.junit.AutoTests" name="[42] /home/travis/build/icyphy/ptII/ptolemy/domains/de/test/auto/Modal7.xml (RunModel)" time="0.027" />
  <testcase classname="ptolemy.util.test.junit.AutoTests" name="[43] /home/travis/build/icyphy/ptII/ptolemy/domains/de/test/auto/ModalModel.xml (RunModel)" time="0.181" />
  <testcase classname="ptolemy.util.test.junit.AutoTests" name="[44] /home/travis/build/icyphy/ptII/ptolemy/domains/de/test/auto/ModalSource.xml (RunModel)" time="0.024" />
  <testcase classname="ptolemy.util.test.junit.AutoTests" name="[45] /home/travis/build/icyphy/ptII/ptolemy/domains/de/test/auto/NonInterruptibleTimerZeroDelay.xml (RunModel)" time="0.009" />
  <testcase classname="ptolemy.util.test.junit.AutoTests" name="[46] /home/travis/build/icyphy/ptII/ptolemy/domains/de/test/auto/OpenQueueingNetwork.xml (RunModel)" time="2.331" />
  <testcase classname="ptolemy.util.test.junit.AutoTests" name="[47] /home/travis/build/icyphy/ptII/ptolemy/domains/de/test/auto/OpenQueuingNetwork.xml (RunModel)" time="0.295" />
  <testcase classname="ptolemy.util.test.junit.AutoTests" name="[48] /home/travis/build/icyphy/ptII/ptolemy/domains/de/test/auto/PeriodicSampler.xml (RunModel)" time="0.014" />
  <testcase classname="ptolemy.util.test.junit.AutoTests" name="[49] /home/travis/build/icyphy/ptII/ptolemy/domains/de/test/auto/PersistentIO.xml (RunModel)" time="0.021" />
  <testcase classname="ptolemy.util.test.junit.AutoTests" name="[50] /home/travis/build/icyphy/ptII/ptolemy/domains/de/test/auto/PortParameterResetOnInitialize.xml (RunModel)" time="0.01" />
  <testcase classname="ptolemy.util.test.junit.AutoTests" name="[51] /home/travis/build/icyphy/ptII/ptolemy/domains/de/test/auto/PortParameterUpdates.xml (RunModel)" time="0.014" />
  <testcase classname="ptolemy.util.test.junit.AutoTests" name="[52] /home/travis/build/icyphy/ptII/ptolemy/domains/de/test/auto/QueueAndServer.xml (RunModel)" time="0.022" />
  <testcase classname="ptolemy.util.test.junit.AutoTests" name="[53] /home/travis/build/icyphy/ptII/ptolemy/domains/de/test/auto/Records.xml (RunModel)" time="0.014" />
  <testcase classname="ptolemy.util.test.junit.AutoTests" name="[54] /home/travis/build/icyphy/ptII/ptolemy/domains/de/test/auto/ResetTransitionWithStartTime1.xml (RunModel)" time="0.017" />
  <testcase classname="ptolemy.util.test.junit.AutoTests" name="[55] /home/travis/build/icyphy/ptII/ptolemy/domains/de/test/auto/ResetTransitionWithStartTime2.xml (RunModel)" time="0.021" />
  <testcase classname="ptolemy.util.test.junit.AutoTests" name="[56] /home/travis/build/icyphy/ptII/ptolemy/domains/de/test/auto/ResetTransitionWithStartTime3.xml (RunModel)" time="0.027" />
  <testcase classname="ptolemy.util.test.junit.AutoTests" name="[57] /home/travis/build/icyphy/ptII/ptolemy/domains/de/test/auto/ResetTransitionWithStartTime4.xml (RunModel)" time="0.017" />
  <testcase classname="ptolemy.util.test.junit.AutoTests" name="[58] /home/travis/build/icyphy/ptII/ptolemy/domains/de/test/auto/ResettableTimer1.xml (RunModel)" time="0.011" />
  <testcase classname="ptolemy.util.test.junit.AutoTests" name="[59] /home/travis/build/icyphy/ptII/ptolemy/domains/de/test/auto/ResettableTimer2.xml (RunModel)" time="0.01" />
  <testcase classname="ptolemy.util.test.junit.AutoTests" name="[60] /home/travis/build/icyphy/ptII/ptolemy/domains/de/test/auto/ResettableTimer3.xml (RunModel)" time="0.009" />
  <testcase classname="ptolemy.util.test.junit.AutoTests" name="[61] /home/travis/build/icyphy/ptII/ptolemy/domains/de/test/auto/ResettableTimer4.xml (RunModel)" time="0.011" />
  <testcase classname="ptolemy.util.test.junit.AutoTests" name="[62] /home/travis/build/icyphy/ptII/ptolemy/domains/de/test/auto/ResettableTimer5.xml (RunModel)" time="0.009" />
  <testcase classname="ptolemy.util.test.junit.AutoTests" name="[63] /home/travis/build/icyphy/ptII/ptolemy/domains/de/test/auto/ResettableTimer6.xml (RunModel)" time="0.015" />
  <testcase classname="ptolemy.util.test.junit.AutoTests" name="[64] /home/travis/build/icyphy/ptII/ptolemy/domains/de/test/auto/ServerZeroDelay.xml (RunModel)" time="0.014" />
  <testcase classname="ptolemy.util.test.junit.AutoTests" name="[65] /home/travis/build/icyphy/ptII/ptolemy/domains/de/test/auto/SmartSender.xml (RunModel)" time="3.008" />
  <testcase classname="ptolemy.util.test.junit.AutoTests" name="[66] /home/travis/build/icyphy/ptII/ptolemy/domains/de/test/auto/ThreadedComposite.xml (RunModel)" time="0.106" />
  <testcase classname="ptolemy.util.test.junit.AutoTests" name="[67] /home/travis/build/icyphy/ptII/ptolemy/domains/de/test/auto/Time.xml (RunModel)" time="0.354" />
  <testcase classname="ptolemy.util.test.junit.AutoTests" name="[68] /home/travis/build/icyphy/ptII/ptolemy/domains/de/test/auto/TimeDelayZeroDelay.xml (RunModel)" time="0.014" />
  <testcase classname="ptolemy.util.test.junit.AutoTests" name="[69] /home/travis/build/icyphy/ptII/ptolemy/domains/de/test/auto/TimerZeroDelay.xml (RunModel)" time="0.009" />
  <testcase classname="ptolemy.util.test.junit.AutoTests" name="[70] /home/travis/build/icyphy/ptII/ptolemy/domains/de/test/auto/TimingParadox.xml (RunModel)" time="0.295" />
  <testcase classname="ptolemy.util.test.junit.AutoTests" name="[71] /home/travis/build/icyphy/ptII/ptolemy/domains/de/test/auto/TransferInputs.xml (RunModel)" time="0.012" />
  <testcase classname="ptolemy.util.test.junit.AutoTests" name="[72] /home/travis/build/icyphy/ptII/ptolemy/domains/de/test/auto/TransferOutputs2.xml (RunModel)" time="0.016" />
  <testcase classname="ptolemy.util.test.junit.AutoTests" name="[73] /home/travis/build/icyphy/ptII/ptolemy/domains/de/test/auto/Trilateration.xml (RunModel)" time="10.572" />
  <testcase classname="ptolemy.util.test.junit.AutoTests" name="[74] /home/travis/build/icyphy/ptII/ptolemy/domains/de/test/auto/TwoSigmaDelta.xml (RunModel)" time="1.748" />
  <testcase classname="ptolemy.util.test.junit.AutoTests" name="[75] /home/travis/build/icyphy/ptII/ptolemy/domains/de/test/auto/VariableDelay.xml (RunModel)" time="0.017" />
  <testcase classname="ptolemy.util.test.junit.AutoTests" name="[76] /home/travis/build/icyphy/ptII/ptolemy/domains/de/test/auto/VariableDelay2.xml (RunModel)" time="0.008" />
  <testcase classname="ptolemy.util.test.junit.AutoTests" name="[77] /home/travis/build/icyphy/ptII/ptolemy/domains/de/test/auto/VariableDelayZeroDelay.xml (RunModel)" time="0.011" />
  <testcase classname="ptolemy.util.test.junit.AutoTests" name="[78] /home/travis/build/icyphy/ptII/ptolemy/domains/de/test/auto/VariableDelayZeroDelay2.xml (RunModel)" time="0.011" />
  <testcase classname="ptolemy.util.test.junit.AutoTests" name="[79] /home/travis/build/icyphy/ptII/ptolemy/domains/de/test/auto/deInCt.xml (RunModel)" time="0.021" />
  <testcase classname="ptolemy.util.test.junit.AutoTests" name="[80] /home/travis/build/icyphy/ptII/ptolemy/domains/de/test/auto/deInCt2.xml (RunModel)" time="0.019" />
  <testcase classname="ptolemy.util.test.junit.AutoTests" name="[81] /home/travis/build/icyphy/ptII/ptolemy/domains/de/test/auto/dynamicCausalityInterface1.xml (RunModel)" time="0.018" />
  <testcase classname="ptolemy.util.test.junit.AutoTests" name="[82] /home/travis/build/icyphy/ptII/ptolemy/domains/de/test/auto/fsm_de_test.xml (RunModel)" time="0.023" />
  <testcase classname="ptolemy.util.test.junit.AutoTests" name="[83] /home/travis/build/icyphy/ptII/ptolemy/domains/de/test/auto/functionDependencyReconstruction.xml (RunModel)" time="0.031" />
  <testcase classname="ptolemy.util.test.junit.AutoTests" name="[84] /home/travis/build/icyphy/ptII/ptolemy/domains/de/test/auto/multirate.xml (RunModel)" time="0.013" />
  <testcase classname="ptolemy.util.test.junit.AutoTests" name="[85] /home/travis/build/icyphy/ptII/ptolemy/domains/de/test/auto/multirate2.xml (RunModel)" time="0.016" />
  <testcase classname="ptolemy.util.test.junit.AutoTests" name="[86] /home/travis/build/icyphy/ptII/ptolemy/domains/de/test/auto/realtime.xml (RunModel)" time="10.01" />
  <testcase classname="ptolemy.util.test.junit.AutoTests" name="[87] /home/travis/build/icyphy/ptII/ptolemy/domains/de/test/auto/relationGroup.xml (RunModel)" time="0.012" />
  <testcase classname="ptolemy.util.test.junit.AutoTests" name="[88] /home/travis/build/icyphy/ptII/ptolemy/domains/de/test/auto/relationGroup2.xml (RunModel)" time="0.013" />
  <testcase classname="ptolemy.util.test.junit.AutoTests" name="[89] /home/travis/build/icyphy/ptII/ptolemy/domains/de/test/auto/sortWithOpaquePorts.xml (RunModel)" time="0.011" />
  <testcase classname="ptolemy.util.test.junit.AutoTests" name="[90] /home/travis/build/icyphy/ptII/ptolemy/domains/de/test/auto/transferInputsandOutputs.xml (RunModel)" time="0.016" />
  <testcase classname="ptolemy.util.test.junit.AutoTests" name="[91] /home/travis/build/icyphy/ptII/ptolemy/domains/de/test/auto/triggerType.xml (RunModel)" time="0.009" />
  <system-out><![CDATA[/home/travis/build/icyphy/ptII/ptolemy/domains/de/test/DependencyLoop.tcl
testDefs.tcl: setting time out to 9000 seconds at Mon May 25 14:25:33 UTC 2020
46 ms. Memory: 129024K Free: 78278K (61%)
21 ms. Memory: 129024K Free: 60870K (47%)
/home/travis/build/icyphy/ptII/ptolemy/domains/de/test/RunDETestsAsQSS.tcl
Run the DE tests using ptolemy.domains.qss.test.QSSDirectorTest, which extends QSSDirector and prints a message in the constructors.
------------------ testing $PTII/ptolemy/domains/de/test/auto/knownFailedTests/DirectFeedback.xml (Known Failure) 
54 ms. Memory: 129024K Free: 55240K (43%)


==== $PTIIhome/travis/build/icyphy/ptII/ptolemy/domains/de/test/../../../../: Auto Automatic test in file $PTII/ptolemy/domains/de/test/auto/knownFailedTests/DirectFeedback.xml
==== Contents of test case:

	    # FIXME: we should use $relativeFilename here, but it
	    # might have backslashes under Windows, which causes no end
	    # of trouble.
	    createAndExecute $file
	    list {}
	
.... Test generated KNOWN error:
    while executing
ptolemy.kernel.util.IllegalActionException: Test fails in iteration 1.
Value was: 1.0. Should have been: 2.0
  in .DirectFeedback.Test
	at ptolemy.actor.lib.Test.fire(Test.java:268)
	at ptolemy.domains.de.kernel.DEDirector._fire(DEDirector.java:1949)
	at ptolemy.domains.de.kernel.DEDirector.fire(DEDirector.java:502)
	at ptolemy.actor.CompositeActor.fire(CompositeActor.java:455)
	at ptolemy.actor.Manager.iterate(Manager.java:851)
	at ptolemy.actor.Manager.execute(Manager.java:369)
	at ptolemy.actor.Manager.run(Manager.java:1263)
	at ptolemy.actor.Manager$PtolemyRunThread.run(Manager.java:1933)

    while executing
ptolemy.kernel.util.IllegalActionException: Test fails in iteration 1.
Value was: 1.0. Should have been: 2.0
  in .DirectFeedback.Test
    while executing
"java::new ptolemy.moml.MoMLSimpleApplication $file
"
    (procedure "createAndExecute" line 2)
    invoked from within
"createAndExecute $file"
    ("uplevel" body line 5)
    invoked from within
"uplevel $contents_of_test"
------------------ testing $PTII/ptolemy/domains/de/test/auto/knownFailedTests/dependencyLoop.xml (Known Failure) 
12 ms. Memory: 129024K Free: 52168K (40%)


==== $PTIIhome/travis/build/icyphy/ptII/ptolemy/domains/de/test/../../../../: Auto Automatic test in file $PTII/ptolemy/domains/de/test/auto/knownFailedTests/dependencyLoop.xml
==== Contents of test case:

	    # FIXME: we should use $relativeFilename here, but it
	    # might have backslashes under Windows, which causes no end
	    # of trouble.
	    createAndExecute $file
	    list {}
	
.... Test generated KNOWN error:
    while executing
ptolemy.kernel.util.IllegalActionException: Found a zero delay loop containing .dependencyLoop.original
  in .dependencyLoop and .dependencyLoop.original
	at ptolemy.actor.util.CausalityInterfaceForComposites._computeOutputPortDepth(CausalityInterfaceForComposites.java:759)
	at ptolemy.actor.util.CausalityInterfaceForComposites._computeInputDepth(CausalityInterfaceForComposites.java:696)
	at ptolemy.actor.util.CausalityInterfaceForComposites._computeOutputPortDepth(CausalityInterfaceForComposites.java:765)
	at ptolemy.actor.util.CausalityInterfaceForComposites._computeInputDepth(CausalityInterfaceForComposites.java:696)
	at ptolemy.actor.util.CausalityInterfaceForComposites._computeOutputPortDepth(CausalityInterfaceForComposites.java:765)
	at ptolemy.actor.util.CausalityInterfaceForComposites._computeInputDepth(CausalityInterfaceForComposites.java:696)
	at ptolemy.actor.util.CausalityInterfaceForComposites._computeActorDepth(CausalityInterfaceForComposites.java:532)
	at ptolemy.actor.util.CausalityInterfaceForComposites.checkForCycles(CausalityInterfaceForComposites.java:96)
	at ptolemy.domains.de.kernel.DEDirector.preinitialize(DEDirector.java:1338)
	at ptolemy.actor.CompositeActor.preinitialize(CompositeActor.java:1828)
	at ptolemy.actor.Manager.preinitializeAndResolveTypes(Manager.java:1040)
	at ptolemy.actor.Manager.initialize(Manager.java:710)
	at ptolemy.actor.Manager.execute(Manager.java:356)
	at ptolemy.actor.Manager.run(Manager.java:1263)
	at ptolemy.actor.Manager$PtolemyRunThread.run(Manager.java:1933)

    while executing
ptolemy.kernel.util.IllegalActionException: Found a zero delay loop containing .dependencyLoop.original
  in .dependencyLoop and .dependencyLoop.original
    while executing
"java::new ptolemy.moml.MoMLSimpleApplication $file
"
    (procedure "createAndExecute" line 2)
    invoked from within
"createAndExecute $file"
    ("uplevel" body line 5)
    invoked from within
"uplevel $contents_of_test"
------------------ testing $PTII/ptolemy/domains/de/test/auto/knownFailedTests/FSMSource.xml (Known Failure) 
77 ms. Memory: 129024K Free: 110574K (86%)
!!!! Auto was marked as failing, but now passes
------------------ testing $PTII/ptolemy/domains/de/test/auto/knownFailedTests/HierarchicalModel.xml (Known Failure) 
18 ms. Memory: 129024K Free: 93482K (72%)


==== $PTIIhome/travis/build/icyphy/ptII/ptolemy/domains/de/test/../../../../: Auto Automatic test in file $PTII/ptolemy/domains/de/test/auto/knownFailedTests/HierarchicalModel.xml
==== Contents of test case:

	    # FIXME: we should use $relativeFilename here, but it
	    # might have backslashes under Windows, which causes no end
	    # of trouble.
	    createAndExecute $file
	    list {}
	
.... Test generated KNOWN error:
    while executing
ptolemy.kernel.util.IllegalActionException: Found a zero delay loop containing .HierarchicalModel.A
  in .HierarchicalModel and .HierarchicalModel.A
	at ptolemy.actor.util.CausalityInterfaceForComposites._computeOutputPortDepth(CausalityInterfaceForComposites.java:759)
	at ptolemy.actor.util.CausalityInterfaceForComposites._computeInputDepth(CausalityInterfaceForComposites.java:696)
	at ptolemy.actor.util.CausalityInterfaceForComposites._computeOutputPortDepth(CausalityInterfaceForComposites.java:765)
	at ptolemy.actor.util.CausalityInterfaceForComposites._computeInputDepth(CausalityInterfaceForComposites.java:696)
	at ptolemy.actor.util.CausalityInterfaceForComposites._computeOutputPortDepth(CausalityInterfaceForComposites.java:765)
	at ptolemy.actor.util.CausalityInterfaceForComposites._computeInputDepth(CausalityInterfaceForComposites.java:696)
	at ptolemy.actor.util.CausalityInterfaceForComposites._computeActorDepth(CausalityInterfaceForComposites.java:532)
	at ptolemy.actor.util.CausalityInterfaceForComposites.checkForCycles(CausalityInterfaceForComposites.java:96)
	at ptolemy.domains.de.kernel.DEDirector.preinitialize(DEDirector.java:1338)
	at ptolemy.actor.CompositeActor.preinitialize(CompositeActor.java:1828)
	at ptolemy.actor.Manager.preinitializeAndResolveTypes(Manager.java:1040)
	at ptolemy.actor.Manager.initialize(Manager.java:710)
	at ptolemy.actor.Manager.execute(Manager.java:356)
	at ptolemy.actor.Manager.run(Manager.java:1263)
	at ptolemy.actor.Manager$PtolemyRunThread.run(Manager.java:1933)

    while executing
ptolemy.kernel.util.IllegalActionException: Found a zero delay loop containing .HierarchicalModel.A
  in .HierarchicalModel and .HierarchicalModel.A
    while executing
"java::new ptolemy.moml.MoMLSimpleApplication $file
"
    (procedure "createAndExecute" line 2)
    invoked from within
"createAndExecute $file"
    ("uplevel" body line 5)
    invoked from within
"uplevel $contents_of_test"
------------------ testing $PTII/ptolemy/domains/de/test/auto/knownFailedTests/dependencyLoop2.xml (Known Failure) 
9 ms. Memory: 129024K Free: 77455K (60%)


==== $PTIIhome/travis/build/icyphy/ptII/ptolemy/domains/de/test/../../../../: Auto Automatic test in file $PTII/ptolemy/domains/de/test/auto/knownFailedTests/dependencyLoop2.xml
==== Contents of test case:

	    # FIXME: we should use $relativeFilename here, but it
	    # might have backslashes under Windows, which causes no end
	    # of trouble.
	    createAndExecute $file
	    list {}
	
.... Test generated KNOWN error:
    while executing
ptolemy.kernel.util.IllegalActionException: Found a zero delay loop containing .dependencyLoop2.original
  in .dependencyLoop2 and .dependencyLoop2.original
	at ptolemy.actor.util.CausalityInterfaceForComposites._computeOutputPortDepth(CausalityInterfaceForComposites.java:759)
	at ptolemy.actor.util.CausalityInterfaceForComposites._computeInputDepth(CausalityInterfaceForComposites.java:696)
	at ptolemy.actor.util.CausalityInterfaceForComposites._computeOutputPortDepth(CausalityInterfaceForComposites.java:765)
	at ptolemy.actor.util.CausalityInterfaceForComposites._computeInputDepth(CausalityInterfaceForComposites.java:696)
	at ptolemy.actor.util.CausalityInterfaceForComposites._computeOutputPortDepth(CausalityInterfaceForComposites.java:765)
	at ptolemy.actor.util.CausalityInterfaceForComposites._computeInputDepth(CausalityInterfaceForComposites.java:696)
	at ptolemy.actor.util.CausalityInterfaceForComposites._computeActorDepth(CausalityInterfaceForComposites.java:532)
	at ptolemy.actor.util.CausalityInterfaceForComposites.checkForCycles(CausalityInterfaceForComposites.java:96)
	at ptolemy.domains.de.kernel.DEDirector.preinitialize(DEDirector.java:1338)
	at ptolemy.actor.CompositeActor.preinitialize(CompositeActor.java:1828)
	at ptolemy.actor.Manager.preinitializeAndResolveTypes(Manager.java:1040)
	at ptolemy.actor.Manager.initialize(Manager.java:710)
	at ptolemy.actor.Manager.execute(Manager.java:356)
	at ptolemy.actor.Manager.run(Manager.java:1263)
	at ptolemy.actor.Manager$PtolemyRunThread.run(Manager.java:1933)

    while executing
ptolemy.kernel.util.IllegalActionException: Found a zero delay loop containing .dependencyLoop2.original
  in .dependencyLoop2 and .dependencyLoop2.original
    while executing
"java::new ptolemy.moml.MoMLSimpleApplication $file
"
    (procedure "createAndExecute" line 2)
    invoked from within
"createAndExecute $file"
    ("uplevel" body line 5)
    invoked from within
"uplevel $contents_of_test"
------------------ testing $PTII/ptolemy/domains/de/test/auto/knownFailedTests/DESDFClockTest.xml (Known Failure) 
2058 ms. Memory: 129024K Free: 108578K (84%)


==== $PTIIhome/travis/build/icyphy/ptII/ptolemy/domains/de/test/../../../../: Auto Automatic test in file $PTII/ptolemy/domains/de/test/auto/knownFailedTests/DESDFClockTest.xml
==== Contents of test case:

	    # FIXME: we should use $relativeFilename here, but it
	    # might have backslashes under Windows, which causes no end
	    # of trouble.
	    createAndExecute $file
	    list {}
	
.... Test generated KNOWN error:
    while executing
ptolemy.kernel.util.IllegalActionException: Actor is not ready to fire.  Perhaps UpSample.prefire() returned false? Try debugging the actor by selecting "Listen to Actor".  Also, for SDF check moml for tokenConsumptionRate on input.
  in .DESDFClockTest.Play Bell.Copy1:SDF Director and .DESDFClockTest.Play Bell.UpSample
	at ptolemy.actor.sched.StaticSchedulingDirector.fire(StaticSchedulingDirector.java:227)
	at ptolemy.domains.sdf.kernel.SDFDirector.fire(SDFDirector.java:500)
	at ptolemy.actor.CompositeActor.fire(CompositeActor.java:455)
	at ptolemy.domains.de.kernel.DEDirector._fire(DEDirector.java:1949)
	at ptolemy.domains.de.kernel.DEDirector.fire(DEDirector.java:502)
	at ptolemy.actor.CompositeActor.fire(CompositeActor.java:455)
	at ptolemy.actor.Manager.iterate(Manager.java:851)
	at ptolemy.actor.Manager.execute(Manager.java:369)
	at ptolemy.actor.Manager.run(Manager.java:1263)
	at ptolemy.actor.Manager$PtolemyRunThread.run(Manager.java:1933)

    while executing
ptolemy.kernel.util.IllegalActionException: Actor is not ready to fire.  Perhaps UpSample.prefire() returned false? Try debugging the actor by selecting "Listen to Actor".  Also, for SDF check moml for tokenConsumptionRate on input.
  in .DESDFClockTest.Play Bell.Copy1:SDF Director and .DESDFClockTest.Play Bell.UpSample
    while executing
"java::new ptolemy.moml.MoMLSimpleApplication $file
"
    (procedure "createAndExecute" line 2)
    invoked from within
"createAndExecute $file"
    ("uplevel" body line 5)
    invoked from within
"uplevel $contents_of_test"
------------------ testing $PTII/ptolemy/domains/de/test/auto/ActorDepthCalculation_actorWithoutPorts.xml
auto.tcl: Setting watchdog for 200 seconds at Mon May 25 14:25:37 UTC 2020
11 ms. Memory: 129024K Free: 100900K (78%)
ptolemy.util.test.WatchDog.cancel(): canceling Mon May 25 14:25:37 UTC 2020
auto.tcl: Setting watchdog for 200 seconds at Mon May 25 14:25:37 UTC 2020
5 ms. Memory: 129024K Free: 99348K (77%)
ptolemy.util.test.WatchDog.cancel(): canceling Mon May 25 14:25:37 UTC 2020
------------------ testing $PTII/ptolemy/domains/de/test/auto/AssemblyLine.xml
auto.tcl: Setting watchdog for 200 seconds at Mon May 25 14:25:38 UTC 2020
17 ms. Memory: 51200K Free: 27478K (54%)
ptolemy.util.test.WatchDog.cancel(): canceling Mon May 25 14:25:38 UTC 2020
auto.tcl: Setting watchdog for 200 seconds at Mon May 25 14:25:38 UTC 2020
9 ms. Memory: 51200K Free: 26990K (53%)
ptolemy.util.test.WatchDog.cancel(): canceling Mon May 25 14:25:38 UTC 2020
------------------ testing $PTII/ptolemy/domains/de/test/auto/CQBug1.xml
auto.tcl: Setting watchdog for 200 seconds at Mon May 25 14:25:38 UTC 2020
3 ms. Memory: 51200K Free: 33251K (65%)
ptolemy.util.test.WatchDog.cancel(): canceling Mon May 25 14:25:38 UTC 2020
auto.tcl: Setting watchdog for 200 seconds at Mon May 25 14:25:38 UTC 2020
2 ms. Memory: 51200K Free: 33251K (65%)
ptolemy.util.test.WatchDog.cancel(): canceling Mon May 25 14:25:38 UTC 2020
------------------ testing $PTII/ptolemy/domains/de/test/auto/CancelFireAt.xml
auto.tcl: Setting watchdog for 200 seconds at Mon May 25 14:25:38 UTC 2020
7 ms. Memory: 51200K Free: 34482K (67%)
ptolemy.util.test.WatchDog.cancel(): canceling Mon May 25 14:25:38 UTC 2020
auto.tcl: Setting watchdog for 200 seconds at Mon May 25 14:25:38 UTC 2020
3 ms. Memory: 51200K Free: 33993K (66%)
ptolemy.util.test.WatchDog.cancel(): canceling Mon May 25 14:25:38 UTC 2020
------------------ testing $PTII/ptolemy/domains/de/test/auto/CausalityAndComposabilityAnalysis.xml
auto.tcl: Setting watchdog for 200 seconds at Mon May 25 14:25:38 UTC 2020
11 ms. Memory: 51200K Free: 32708K (64%)
ptolemy.util.test.WatchDog.cancel(): canceling Mon May 25 14:25:38 UTC 2020
auto.tcl: Setting watchdog for 200 seconds at Mon May 25 14:25:38 UTC 2020
5 ms. Memory: 51200K Free: 31952K (62%)
ptolemy.util.test.WatchDog.cancel(): canceling Mon May 25 14:25:38 UTC 2020
------------------ testing $PTII/ptolemy/domains/de/test/auto/CausalityInterface1.xml
auto.tcl: Setting watchdog for 200 seconds at Mon May 25 14:25:38 UTC 2020
24 ms. Memory: 51200K Free: 31377K (61%)
ptolemy.util.test.WatchDog.cancel(): canceling Mon May 25 14:25:38 UTC 2020
auto.tcl: Setting watchdog for 200 seconds at Mon May 25 14:25:38 UTC 2020
5 ms. Memory: 51200K Free: 30382K (59%)
ptolemy.util.test.WatchDog.cancel(): canceling Mon May 25 14:25:38 UTC 2020
------------------ testing $PTII/ptolemy/domains/de/test/auto/CausalityInterface15.xml
auto.tcl: Setting watchdog for 200 seconds at Mon May 25 14:25:38 UTC 2020
12 ms. Memory: 51200K Free: 31535K (62%)
ptolemy.util.test.WatchDog.cancel(): canceling Mon May 25 14:25:38 UTC 2020
auto.tcl: Setting watchdog for 200 seconds at Mon May 25 14:25:38 UTC 2020
4 ms. Memory: 51200K Free: 30329K (59%)
ptolemy.util.test.WatchDog.cancel(): canceling Mon May 25 14:25:38 UTC 2020
------------------ testing $PTII/ptolemy/domains/de/test/auto/CausalityInterface2.xml
auto.tcl: Setting watchdog for 200 seconds at Mon May 25 14:25:38 UTC 2020
4 ms. Memory: 51200K Free: 31964K (62%)
ptolemy.util.test.WatchDog.cancel(): canceling Mon May 25 14:25:38 UTC 2020
auto.tcl: Setting watchdog for 200 seconds at Mon May 25 14:25:38 UTC 2020
3 ms. Memory: 51200K Free: 30882K (60%)
ptolemy.util.test.WatchDog.cancel(): canceling Mon May 25 14:25:38 UTC 2020
------------------ testing $PTII/ptolemy/domains/de/test/auto/CausalityInterface3.xml
auto.tcl: Setting watchdog for 200 seconds at Mon May 25 14:25:38 UTC 2020
8 ms. Memory: 51200K Free: 31561K (62%)
ptolemy.util.test.WatchDog.cancel(): canceling Mon May 25 14:25:38 UTC 2020
auto.tcl: Setting watchdog for 200 seconds at Mon May 25 14:25:38 UTC 2020
4 ms. Memory: 51200K Free: 31074K (61%)
ptolemy.util.test.WatchDog.cancel(): canceling Mon May 25 14:25:38 UTC 2020
------------------ testing $PTII/ptolemy/domains/de/test/auto/ClockDrift.xml
auto.tcl: Setting watchdog for 200 seconds at Mon May 25 14:25:39 UTC 2020
53 ms. Memory: 51200K Free: 24144K (47%)
ptolemy.util.test.WatchDog.cancel(): canceling Mon May 25 14:25:39 UTC 2020
auto.tcl: Setting watchdog for 200 seconds at Mon May 25 14:25:39 UTC 2020
38 ms. Memory: 51200K Free: 21130K (41%)
ptolemy.util.test.WatchDog.cancel(): canceling Mon May 25 14:25:39 UTC 2020
------------------ testing $PTII/ptolemy/domains/de/test/auto/ClockDriftAndValueChange.xml
auto.tcl: Setting watchdog for 200 seconds at Mon May 25 14:25:39 UTC 2020
35 ms. Memory: 51200K Free: 24247K (47%)
ptolemy.util.test.WatchDog.cancel(): canceling Mon May 25 14:25:39 UTC 2020
auto.tcl: Setting watchdog for 200 seconds at Mon May 25 14:25:39 UTC 2020
40 ms. Memory: 51200K Free: 21433K (42%)
ptolemy.util.test.WatchDog.cancel(): canceling Mon May 25 14:25:39 UTC 2020
------------------ testing $PTII/ptolemy/domains/de/test/auto/ClockDriftChange.xml
auto.tcl: Setting watchdog for 200 seconds at Mon May 25 14:25:39 UTC 2020
22 ms. Memory: 51200K Free: 26036K (51%)
ptolemy.util.test.WatchDog.cancel(): canceling Mon May 25 14:25:39 UTC 2020
auto.tcl: Setting watchdog for 200 seconds at Mon May 25 14:25:39 UTC 2020
30 ms. Memory: 51200K Free: 23478K (46%)
ptolemy.util.test.WatchDog.cancel(): canceling Mon May 25 14:25:39 UTC 2020
------------------ testing $PTII/ptolemy/domains/de/test/auto/ComposableCausalityAnalysis.xml
auto.tcl: Setting watchdog for 200 seconds at Mon May 25 14:25:39 UTC 2020
2 ms. Memory: 51200K Free: 30852K (60%)
ptolemy.util.test.WatchDog.cancel(): canceling Mon May 25 14:25:39 UTC 2020
auto.tcl: Setting watchdog for 200 seconds at Mon May 25 14:25:39 UTC 2020
3 ms. Memory: 51200K Free: 29828K (58%)
ptolemy.util.test.WatchDog.cancel(): canceling Mon May 25 14:25:39 UTC 2020
------------------ testing $PTII/ptolemy/domains/de/test/auto/DEFixedPointLimitation.xml
auto.tcl: Setting watchdog for 200 seconds at Mon May 25 14:25:39 UTC 2020
6 ms. Memory: 51200K Free: 32203K (63%)
ptolemy.util.test.WatchDog.cancel(): canceling Mon May 25 14:25:39 UTC 2020
auto.tcl: Setting watchdog for 200 seconds at Mon May 25 14:25:39 UTC 2020
1 ms. Memory: 51200K Free: 31352K (61%)
ptolemy.util.test.WatchDog.cancel(): canceling Mon May 25 14:25:39 UTC 2020
------------------ testing $PTII/ptolemy/domains/de/test/auto/DEScheduleTest.xml
auto.tcl: Setting watchdog for 200 seconds at Mon May 25 14:25:39 UTC 2020
5 ms. Memory: 51200K Free: 32589K (64%)
ptolemy.util.test.WatchDog.cancel(): canceling Mon May 25 14:25:39 UTC 2020
auto.tcl: Setting watchdog for 200 seconds at Mon May 25 14:25:39 UTC 2020
2 ms. Memory: 51200K Free: 31823K (62%)
ptolemy.util.test.WatchDog.cancel(): canceling Mon May 25 14:25:39 UTC 2020
------------------ testing $PTII/ptolemy/domains/de/test/auto/DEinDEwithStartTimes.xml
auto.tcl: Setting watchdog for 200 seconds at Mon May 25 14:25:39 UTC 2020
8 ms. Memory: 51200K Free: 30750K (60%)
ptolemy.util.test.WatchDog.cancel(): canceling Mon May 25 14:25:39 UTC 2020
auto.tcl: Setting watchdog for 200 seconds at Mon May 25 14:25:39 UTC 2020
3 ms. Memory: 51200K Free: 29726K (58%)
ptolemy.util.test.WatchDog.cancel(): canceling Mon May 25 14:25:39 UTC 2020
------------------ testing $PTII/ptolemy/domains/de/test/auto/DEinDEwithStartTimes2.xml
auto.tcl: Setting watchdog for 200 seconds at Mon May 25 14:25:39 UTC 2020
7 ms. Memory: 51200K Free: 29889K (58%)
ptolemy.util.test.WatchDog.cancel(): canceling Mon May 25 14:25:39 UTC 2020
auto.tcl: Setting watchdog for 200 seconds at Mon May 25 14:25:39 UTC 2020
4 ms. Memory: 51200K Free: 28681K (56%)
ptolemy.util.test.WatchDog.cancel(): canceling Mon May 25 14:25:39 UTC 2020
------------------ testing $PTII/ptolemy/domains/de/test/auto/DateDemo.xml
auto.tcl: Setting watchdog for 200 seconds at Mon May 25 14:25:39 UTC 2020
11 ms. Memory: 51200K Free: 24292K (47%)
ptolemy.util.test.WatchDog.cancel(): canceling Mon May 25 14:25:39 UTC 2020
auto.tcl: Setting watchdog for 200 seconds at Mon May 25 14:25:39 UTC 2020
8 ms. Memory: 51200K Free: 22656K (44%)
ptolemy.util.test.WatchDog.cancel(): canceling Mon May 25 14:25:39 UTC 2020
------------------ testing $PTII/ptolemy/domains/de/test/auto/DateToEvent.xml
auto.tcl: Setting watchdog for 200 seconds at Mon May 25 14:25:40 UTC 2020
2021 ms. Memory: 51200K Free: 20245K (40%)
ptolemy.util.test.WatchDog.cancel(): canceling Mon May 25 14:25:42 UTC 2020
auto.tcl: Setting watchdog for 200 seconds at Mon May 25 14:25:42 UTC 2020
2004 ms. Memory: 51200K Free: 19421K (38%)
ptolemy.util.test.WatchDog.cancel(): canceling Mon May 25 14:25:44 UTC 2020
------------------ testing $PTII/ptolemy/domains/de/test/auto/DepthTest1.xml
auto.tcl: Setting watchdog for 200 seconds at Mon May 25 14:25:44 UTC 2020
4 ms. Memory: 51200K Free: 33419K (65%)
ptolemy.util.test.WatchDog.cancel(): canceling Mon May 25 14:25:44 UTC 2020
auto.tcl: Setting watchdog for 200 seconds at Mon May 25 14:25:44 UTC 2020
2 ms. Memory: 51200K Free: 32947K (64%)
ptolemy.util.test.WatchDog.cancel(): canceling Mon May 25 14:25:44 UTC 2020
------------------ testing $PTII/ptolemy/domains/de/test/auto/DepthTest2.xml
auto.tcl: Setting watchdog for 200 seconds at Mon May 25 14:25:44 UTC 2020
3 ms. Memory: 51200K Free: 30179K (59%)
ptolemy.util.test.WatchDog.cancel(): canceling Mon May 25 14:25:44 UTC 2020
auto.tcl: Setting watchdog for 200 seconds at Mon May 25 14:25:44 UTC 2020
2 ms. Memory: 51200K Free: 29726K (58%)
ptolemy.util.test.WatchDog.cancel(): canceling Mon May 25 14:25:44 UTC 2020
------------------ testing $PTII/ptolemy/domains/de/test/auto/DepthTest3.xml
auto.tcl: Setting watchdog for 200 seconds at Mon May 25 14:25:44 UTC 2020
2 ms. Memory: 51200K Free: 33749K (66%)
ptolemy.util.test.WatchDog.cancel(): canceling Mon May 25 14:25:44 UTC 2020
auto.tcl: Setting watchdog for 200 seconds at Mon May 25 14:25:44 UTC 2020
2 ms. Memory: 51200K Free: 33260K (65%)
ptolemy.util.test.WatchDog.cancel(): canceling Mon May 25 14:25:44 UTC 2020
------------------ testing $PTII/ptolemy/domains/de/test/auto/DepthTest4.xml
auto.tcl: Setting watchdog for 200 seconds at Mon May 25 14:25:44 UTC 2020
3 ms. Memory: 51200K Free: 31947K (62%)
ptolemy.util.test.WatchDog.cancel(): canceling Mon May 25 14:25:44 UTC 2020
auto.tcl: Setting watchdog for 200 seconds at Mon May 25 14:25:44 UTC 2020
3 ms. Memory: 51200K Free: 30846K (60%)
ptolemy.util.test.WatchDog.cancel(): canceling Mon May 25 14:25:44 UTC 2020
------------------ testing $PTII/ptolemy/domains/de/test/auto/DepthTest5.xml
auto.tcl: Setting watchdog for 200 seconds at Mon May 25 14:25:44 UTC 2020
7 ms. Memory: 51200K Free: 31418K (61%)
ptolemy.util.test.WatchDog.cancel(): canceling Mon May 25 14:25:44 UTC 2020
auto.tcl: Setting watchdog for 200 seconds at Mon May 25 14:25:44 UTC 2020
4 ms. Memory: 51200K Free: 30682K (60%)
ptolemy.util.test.WatchDog.cancel(): canceling Mon May 25 14:25:44 UTC 2020
------------------ testing $PTII/ptolemy/domains/de/test/auto/DepthTest6.xml
auto.tcl: Setting watchdog for 200 seconds at Mon May 25 14:25:44 UTC 2020
7 ms. Memory: 51200K Free: 31148K (61%)
ptolemy.util.test.WatchDog.cancel(): canceling Mon May 25 14:25:44 UTC 2020
auto.tcl: Setting watchdog for 200 seconds at Mon May 25 14:25:44 UTC 2020
2 ms. Memory: 51200K Free: 30711K (60%)
ptolemy.util.test.WatchDog.cancel(): canceling Mon May 25 14:25:44 UTC 2020
------------------ testing $PTII/ptolemy/domains/de/test/auto/DepthTest7.xml
auto.tcl: Setting watchdog for 200 seconds at Mon May 25 14:25:44 UTC 2020
3 ms. Memory: 51200K Free: 31681K (62%)
ptolemy.util.test.WatchDog.cancel(): canceling Mon May 25 14:25:44 UTC 2020
auto.tcl: Setting watchdog for 200 seconds at Mon May 25 14:25:44 UTC 2020
2 ms. Memory: 51200K Free: 30787K (60%)
ptolemy.util.test.WatchDog.cancel(): canceling Mon May 25 14:25:44 UTC 2020
------------------ testing $PTII/ptolemy/domains/de/test/auto/EventToDate.xml
auto.tcl: Setting watchdog for 200 seconds at Mon May 25 14:25:44 UTC 2020
3005 ms. Memory: 51200K Free: 22686K (44%)
ptolemy.util.test.WatchDog.cancel(): canceling Mon May 25 14:25:47 UTC 2020
auto.tcl: Setting watchdog for 200 seconds at Mon May 25 14:25:47 UTC 2020
3004 ms. Memory: 51200K Free: 22037K (43%)
ptolemy.util.test.WatchDog.cancel(): canceling Mon May 25 14:25:50 UTC 2020
------------------ testing $PTII/ptolemy/domains/de/test/auto/FSM1.xml
auto.tcl: Setting watchdog for 200 seconds at Mon May 25 14:25:50 UTC 2020
26 ms. Memory: 51200K Free: 23953K (47%)
ptolemy.util.test.WatchDog.cancel(): canceling Mon May 25 14:25:50 UTC 2020
auto.tcl: Setting watchdog for 200 seconds at Mon May 25 14:25:50 UTC 2020
23 ms. Memory: 51200K Free: 20694K (40%)
ptolemy.util.test.WatchDog.cancel(): canceling Mon May 25 14:25:50 UTC 2020
------------------ testing $PTII/ptolemy/domains/de/test/auto/FSM7.xml
auto.tcl: Setting watchdog for 200 seconds at Mon May 25 14:25:50 UTC 2020
28 ms. Memory: 51200K Free: 23617K (46%)
ptolemy.util.test.WatchDog.cancel(): canceling Mon May 25 14:25:50 UTC 2020
auto.tcl: Setting watchdog for 200 seconds at Mon May 25 14:25:50 UTC 2020
28 ms. Memory: 51200K Free: 20483K (40%)
ptolemy.util.test.WatchDog.cancel(): canceling Mon May 25 14:25:50 UTC 2020
------------------ testing $PTII/ptolemy/domains/de/test/auto/Inspection.xml
auto.tcl: Setting watchdog for 200 seconds at Mon May 25 14:25:50 UTC 2020
19 ms. Memory: 51200K Free: 23613K (46%)
ptolemy.util.test.WatchDog.cancel(): canceling Mon May 25 14:25:51 UTC 2020
auto.tcl: Setting watchdog for 200 seconds at Mon May 25 14:25:51 UTC 2020
18 ms. Memory: 51200K Free: 21931K (43%)
ptolemy.util.test.WatchDog.cancel(): canceling Mon May 25 14:25:51 UTC 2020
------------------ testing $PTII/ptolemy/domains/de/test/auto/Iteration.xml
auto.tcl: Setting watchdog for 200 seconds at Mon May 25 14:25:51 UTC 2020
7 ms. Memory: 51200K Free: 29191K (57%)
ptolemy.util.test.WatchDog.cancel(): canceling Mon May 25 14:25:51 UTC 2020
auto.tcl: Setting watchdog for 200 seconds at Mon May 25 14:25:51 UTC 2020
6 ms. Memory: 51200K Free: 28008K (55%)
ptolemy.util.test.WatchDog.cancel(): canceling Mon May 25 14:25:51 UTC 2020
------------------ testing $PTII/ptolemy/domains/de/test/auto/LineFault.xml
auto.tcl: Setting watchdog for 200 seconds at Mon May 25 14:25:51 UTC 2020
564 ms. Memory: 51200K Free: 17302K (34%)
ptolemy.util.test.WatchDog.cancel(): canceling Mon May 25 14:25:52 UTC 2020
auto.tcl: Setting watchdog for 200 seconds at Mon May 25 14:25:52 UTC 2020
566 ms. Memory: 64512K Free: 47204K (73%)
ptolemy.util.test.WatchDog.cancel(): canceling Mon May 25 14:25:52 UTC 2020
------------------ testing $PTII/ptolemy/domains/de/test/auto/MergeModel1Add.xml
auto.tcl: Setting watchdog for 200 seconds at Mon May 25 14:25:52 UTC 2020
35 ms. Memory: 55296K Free: 19521K (35%)
ptolemy.util.test.WatchDog.cancel(): canceling Mon May 25 14:25:52 UTC 2020
auto.tcl: Setting watchdog for 200 seconds at Mon May 25 14:25:52 UTC 2020
13 ms. Memory: 55296K Free: 17894K (32%)
ptolemy.util.test.WatchDog.cancel(): canceling Mon May 25 14:25:52 UTC 2020
------------------ testing $PTII/ptolemy/domains/de/test/auto/MergeModel2Add.xml
auto.tcl: Setting watchdog for 200 seconds at Mon May 25 14:25:52 UTC 2020
12 ms. Memory: 51200K Free: 17467K (34%)
ptolemy.util.test.WatchDog.cancel(): canceling Mon May 25 14:25:52 UTC 2020
auto.tcl: Setting watchdog for 200 seconds at Mon May 25 14:25:52 UTC 2020
10 ms. Memory: 51200K Free: 15524K (30%)
ptolemy.util.test.WatchDog.cancel(): canceling Mon May 25 14:25:52 UTC 2020
------------------ testing $PTII/ptolemy/domains/de/test/auto/MergeModel3Add.xml
auto.tcl: Setting watchdog for 200 seconds at Mon May 25 14:25:52 UTC 2020
8 ms. Memory: 51200K Free: 17512K (34%)
ptolemy.util.test.WatchDog.cancel(): canceling Mon May 25 14:25:53 UTC 2020
auto.tcl: Setting watchdog for 200 seconds at Mon May 25 14:25:53 UTC 2020
6 ms. Memory: 51200K Free: 15972K (31%)
ptolemy.util.test.WatchDog.cancel(): canceling Mon May 25 14:25:53 UTC 2020
------------------ testing $PTII/ptolemy/domains/de/test/auto/MergeWithoutDiscard.xml
auto.tcl: Setting watchdog for 200 seconds at Mon May 25 14:25:53 UTC 2020
2 ms. Memory: 51200K Free: 32051K (63%)
ptolemy.util.test.WatchDog.cancel(): canceling Mon May 25 14:25:53 UTC 2020
auto.tcl: Setting watchdog for 200 seconds at Mon May 25 14:25:53 UTC 2020
2 ms. Memory: 51200K Free: 31623K (62%)
ptolemy.util.test.WatchDog.cancel(): canceling Mon May 25 14:25:53 UTC 2020
------------------ testing $PTII/ptolemy/domains/de/test/auto/Modal1.xml
auto.tcl: Setting watchdog for 200 seconds at Mon May 25 14:25:53 UTC 2020
18 ms. Memory: 51200K Free: 24213K (47%)
ptolemy.util.test.WatchDog.cancel(): canceling Mon May 25 14:25:53 UTC 2020
auto.tcl: Setting watchdog for 200 seconds at Mon May 25 14:25:53 UTC 2020
20 ms. Memory: 51200K Free: 20952K (41%)
ptolemy.util.test.WatchDog.cancel(): canceling Mon May 25 14:25:53 UTC 2020
------------------ testing $PTII/ptolemy/domains/de/test/auto/Modal2.xml
auto.tcl: Setting watchdog for 200 seconds at Mon May 25 14:25:53 UTC 2020
10 ms. Memory: 51200K Free: 24348K (48%)
ptolemy.util.test.WatchDog.cancel(): canceling Mon May 25 14:25:53 UTC 2020
auto.tcl: Setting watchdog for 200 seconds at Mon May 25 14:25:53 UTC 2020
13 ms. Memory: 51200K Free: 20847K (41%)
ptolemy.util.test.WatchDog.cancel(): canceling Mon May 25 14:25:53 UTC 2020
------------------ testing $PTII/ptolemy/domains/de/test/auto/Modal3.xml
auto.tcl: Setting watchdog for 200 seconds at Mon May 25 14:25:53 UTC 2020
10 ms. Memory: 51200K Free: 23854K (47%)
ptolemy.util.test.WatchDog.cancel(): canceling Mon May 25 14:25:53 UTC 2020
auto.tcl: Setting watchdog for 200 seconds at Mon May 25 14:25:53 UTC 2020
11 ms. Memory: 51200K Free: 20879K (41%)
ptolemy.util.test.WatchDog.cancel(): canceling Mon May 25 14:25:53 UTC 2020
------------------ testing $PTII/ptolemy/domains/de/test/auto/Modal4.xml
auto.tcl: Setting watchdog for 200 seconds at Mon May 25 14:25:53 UTC 2020
14 ms. Memory: 51200K Free: 23058K (45%)
ptolemy.util.test.WatchDog.cancel(): canceling Mon May 25 14:25:53 UTC 2020
auto.tcl: Setting watchdog for 200 seconds at Mon May 25 14:25:53 UTC 2020
15 ms. Memory: 51200K Free: 19224K (38%)
ptolemy.util.test.WatchDog.cancel(): canceling Mon May 25 14:25:53 UTC 2020
------------------ testing $PTII/ptolemy/domains/de/test/auto/Modal5.xml
auto.tcl: Setting watchdog for 200 seconds at Mon May 25 14:25:53 UTC 2020
13 ms. Memory: 51200K Free: 23060K (45%)
ptolemy.util.test.WatchDog.cancel(): canceling Mon May 25 14:25:53 UTC 2020
auto.tcl: Setting watchdog for 200 seconds at Mon May 25 14:25:53 UTC 2020
16 ms. Memory: 51200K Free: 19212K (38%)
ptolemy.util.test.WatchDog.cancel(): canceling Mon May 25 14:25:53 UTC 2020
------------------ testing $PTII/ptolemy/domains/de/test/auto/Modal6.xml
auto.tcl: Setting watchdog for 200 seconds at Mon May 25 14:25:53 UTC 2020
12 ms. Memory: 51200K Free: 23306K (46%)
ptolemy.util.test.WatchDog.cancel(): canceling Mon May 25 14:25:53 UTC 2020
auto.tcl: Setting watchdog for 200 seconds at Mon May 25 14:25:53 UTC 2020
18 ms. Memory: 51200K Free: 19415K (38%)
ptolemy.util.test.WatchDog.cancel(): canceling Mon May 25 14:25:53 UTC 2020
------------------ testing $PTII/ptolemy/domains/de/test/auto/Modal7.xml
auto.tcl: Setting watchdog for 200 seconds at Mon May 25 14:25:53 UTC 2020
18 ms. Memory: 51200K Free: 22760K (44%)
ptolemy.util.test.WatchDog.cancel(): canceling Mon May 25 14:25:53 UTC 2020
auto.tcl: Setting watchdog for 200 seconds at Mon May 25 14:25:53 UTC 2020
23 ms. Memory: 51200K Free: 19210K (38%)
ptolemy.util.test.WatchDog.cancel(): canceling Mon May 25 14:25:53 UTC 2020
------------------ testing $PTII/ptolemy/domains/de/test/auto/ModalModel.xml
auto.tcl: Setting watchdog for 200 seconds at Mon May 25 14:25:53 UTC 2020
183 ms. Memory: 51200K Free: 14842K (29%)
ptolemy.util.test.WatchDog.cancel(): canceling Mon May 25 14:25:54 UTC 2020
auto.tcl: Setting watchdog for 200 seconds at Mon May 25 14:25:54 UTC 2020
217 ms. Memory: 64512K Free: 48054K (74%)
ptolemy.util.test.WatchDog.cancel(): canceling Mon May 25 14:25:54 UTC 2020
------------------ testing $PTII/ptolemy/domains/de/test/auto/ModalSource.xml
auto.tcl: Setting watchdog for 200 seconds at Mon May 25 14:25:54 UTC 2020
8 ms. Memory: 55296K Free: 31980K (58%)
ptolemy.util.test.WatchDog.cancel(): canceling Mon May 25 14:25:54 UTC 2020
auto.tcl: Setting watchdog for 200 seconds at Mon May 25 14:25:54 UTC 2020
6 ms. Memory: 55296K Free: 29932K (54%)
ptolemy.util.test.WatchDog.cancel(): canceling Mon May 25 14:25:54 UTC 2020
------------------ testing $PTII/ptolemy/domains/de/test/auto/NonInterruptibleTimerZeroDelay.xml
auto.tcl: Setting watchdog for 200 seconds at Mon May 25 14:25:54 UTC 2020
4 ms. Memory: 51200K Free: 32820K (64%)
ptolemy.util.test.WatchDog.cancel(): canceling Mon May 25 14:25:54 UTC 2020
auto.tcl: Setting watchdog for 200 seconds at Mon May 25 14:25:54 UTC 2020
3 ms. Memory: 51200K Free: 32155K (63%)
ptolemy.util.test.WatchDog.cancel(): canceling Mon May 25 14:25:54 UTC 2020
------------------ testing $PTII/ptolemy/domains/de/test/auto/OpenQueueingNetwork.xml
auto.tcl: Setting watchdog for 200 seconds at Mon May 25 14:25:54 UTC 2020
3586 ms. Memory: 113664K Free: 81063K (71%)
ptolemy.util.test.WatchDog.cancel(): canceling Mon May 25 14:25:58 UTC 2020
auto.tcl: Setting watchdog for 200 seconds at Mon May 25 14:25:58 UTC 2020
2955 ms. Memory: 137216K Free: 117433K (86%)
ptolemy.util.test.WatchDog.cancel(): canceling Mon May 25 14:26:01 UTC 2020
------------------ testing $PTII/ptolemy/domains/de/test/auto/OpenQueuingNetwork.xml
auto.tcl: Setting watchdog for 200 seconds at Mon May 25 14:26:01 UTC 2020
257 ms. Memory: 58368K Free: 31023K (53%)
ptolemy.util.test.WatchDog.cancel(): canceling Mon May 25 14:26:01 UTC 2020
auto.tcl: Setting watchdog for 200 seconds at Mon May 25 14:26:01 UTC 2020
243 ms. Memory: 58368K Free: 10900K (19%)
ptolemy.util.test.WatchDog.cancel(): canceling Mon May 25 14:26:01 UTC 2020
------------------ testing $PTII/ptolemy/domains/de/test/auto/PeriodicSampler.xml
auto.tcl: Setting watchdog for 200 seconds at Mon May 25 14:26:01 UTC 2020
2 ms. Memory: 51200K Free: 32024K (63%)
ptolemy.util.test.WatchDog.cancel(): canceling Mon May 25 14:26:01 UTC 2020
auto.tcl: Setting watchdog for 200 seconds at Mon May 25 14:26:01 UTC 2020
2 ms. Memory: 51200K Free: 31504K (62%)
ptolemy.util.test.WatchDog.cancel(): canceling Mon May 25 14:26:01 UTC 2020
------------------ testing $PTII/ptolemy/domains/de/test/auto/PersistentIO.xml
auto.tcl: Setting watchdog for 200 seconds at Mon May 25 14:26:01 UTC 2020
14 ms. Memory: 51200K Free: 26949K (53%)
ptolemy.util.test.WatchDog.cancel(): canceling Mon May 25 14:26:02 UTC 2020
auto.tcl: Setting watchdog for 200 seconds at Mon May 25 14:26:02 UTC 2020
4 ms. Memory: 51200K Free: 25429K (50%)
ptolemy.util.test.WatchDog.cancel(): canceling Mon May 25 14:26:02 UTC 2020
------------------ testing $PTII/ptolemy/domains/de/test/auto/PortParameterResetOnInitialize.xml
auto.tcl: Setting watchdog for 200 seconds at Mon May 25 14:26:02 UTC 2020
2 ms. Memory: 51200K Free: 31930K (62%)
ptolemy.util.test.WatchDog.cancel(): canceling Mon May 25 14:26:02 UTC 2020
auto.tcl: Setting watchdog for 200 seconds at Mon May 25 14:26:02 UTC 2020
2 ms. Memory: 51200K Free: 31437K (61%)
ptolemy.util.test.WatchDog.cancel(): canceling Mon May 25 14:26:02 UTC 2020
------------------ testing $PTII/ptolemy/domains/de/test/auto/PortParameterUpdates.xml
auto.tcl: Setting watchdog for 200 seconds at Mon May 25 14:26:02 UTC 2020
5 ms. Memory: 51200K Free: 30017K (59%)
ptolemy.util.test.WatchDog.cancel(): canceling Mon May 25 14:26:02 UTC 2020
auto.tcl: Setting watchdog for 200 seconds at Mon May 25 14:26:02 UTC 2020
5 ms. Memory: 51200K Free: 28993K (57%)
ptolemy.util.test.WatchDog.cancel(): canceling Mon May 25 14:26:02 UTC 2020
------------------ testing $PTII/ptolemy/domains/de/test/auto/QueueAndServer.xml
auto.tcl: Setting watchdog for 200 seconds at Mon May 25 14:26:02 UTC 2020
14 ms. Memory: 51200K Free: 28909K (56%)
ptolemy.util.test.WatchDog.cancel(): canceling Mon May 25 14:26:02 UTC 2020
auto.tcl: Setting watchdog for 200 seconds at Mon May 25 14:26:02 UTC 2020
8 ms. Memory: 51200K Free: 27437K (54%)
ptolemy.util.test.WatchDog.cancel(): canceling Mon May 25 14:26:02 UTC 2020
------------------ testing $PTII/ptolemy/domains/de/test/auto/Records.xml
auto.tcl: Setting watchdog for 200 seconds at Mon May 25 14:26:02 UTC 2020
4 ms. Memory: 51200K Free: 31175K (61%)
ptolemy.util.test.WatchDog.cancel(): canceling Mon May 25 14:26:02 UTC 2020
auto.tcl: Setting watchdog for 200 seconds at Mon May 25 14:26:02 UTC 2020
2 ms. Memory: 51200K Free: 30663K (60%)
ptolemy.util.test.WatchDog.cancel(): canceling Mon May 25 14:26:02 UTC 2020
------------------ testing $PTII/ptolemy/domains/de/test/auto/ResetTransitionWithStartTime1.xml
auto.tcl: Setting watchdog for 200 seconds at Mon May 25 14:26:02 UTC 2020
6 ms. Memory: 51200K Free: 28433K (56%)
ptolemy.util.test.WatchDog.cancel(): canceling Mon May 25 14:26:02 UTC 2020
auto.tcl: Setting watchdog for 200 seconds at Mon May 25 14:26:02 UTC 2020
6 ms. Memory: 51200K Free: 25867K (51%)
ptolemy.util.test.WatchDog.cancel(): canceling Mon May 25 14:26:02 UTC 2020
------------------ testing $PTII/ptolemy/domains/de/test/auto/ResetTransitionWithStartTime2.xml
auto.tcl: Setting watchdog for 200 seconds at Mon May 25 14:26:02 UTC 2020
5 ms. Memory: 51200K Free: 28388K (55%)
ptolemy.util.test.WatchDog.cancel(): canceling Mon May 25 14:26:02 UTC 2020
auto.tcl: Setting watchdog for 200 seconds at Mon May 25 14:26:02 UTC 2020
7 ms. Memory: 51200K Free: 26340K (51%)
ptolemy.util.test.WatchDog.cancel(): canceling Mon May 25 14:26:02 UTC 2020
------------------ testing $PTII/ptolemy/domains/de/test/auto/ResetTransitionWithStartTime3.xml
auto.tcl: Setting watchdog for 200 seconds at Mon May 25 14:26:02 UTC 2020
8 ms. Memory: 51200K Free: 28387K (55%)
ptolemy.util.test.WatchDog.cancel(): canceling Mon May 25 14:26:02 UTC 2020
auto.tcl: Setting watchdog for 200 seconds at Mon May 25 14:26:02 UTC 2020
7 ms. Memory: 51200K Free: 26348K (51%)
ptolemy.util.test.WatchDog.cancel(): canceling Mon May 25 14:26:02 UTC 2020
------------------ testing $PTII/ptolemy/domains/de/test/auto/ResetTransitionWithStartTime4.xml
auto.tcl: Setting watchdog for 200 seconds at Mon May 25 14:26:02 UTC 2020
11 ms. Memory: 51200K Free: 28814K (56%)
ptolemy.util.test.WatchDog.cancel(): canceling Mon May 25 14:26:02 UTC 2020
auto.tcl: Setting watchdog for 200 seconds at Mon May 25 14:26:02 UTC 2020
9 ms. Memory: 51200K Free: 27362K (53%)
ptolemy.util.test.WatchDog.cancel(): canceling Mon May 25 14:26:02 UTC 2020
------------------ testing $PTII/ptolemy/domains/de/test/auto/ResettableTimer1.xml
auto.tcl: Setting watchdog for 200 seconds at Mon May 25 14:26:02 UTC 2020
2 ms. Memory: 51200K Free: 32464K (63%)
ptolemy.util.test.WatchDog.cancel(): canceling Mon May 25 14:26:02 UTC 2020
auto.tcl: Setting watchdog for 200 seconds at Mon May 25 14:26:02 UTC 2020
2 ms. Memory: 51200K Free: 31440K (61%)
ptolemy.util.test.WatchDog.cancel(): canceling Mon May 25 14:26:02 UTC 2020
------------------ testing $PTII/ptolemy/domains/de/test/auto/ResettableTimer2.xml
auto.tcl: Setting watchdog for 200 seconds at Mon May 25 14:26:02 UTC 2020
2 ms. Memory: 51200K Free: 32521K (64%)
ptolemy.util.test.WatchDog.cancel(): canceling Mon May 25 14:26:02 UTC 2020
auto.tcl: Setting watchdog for 200 seconds at Mon May 25 14:26:02 UTC 2020
2 ms. Memory: 51200K Free: 31497K (62%)
ptolemy.util.test.WatchDog.cancel(): canceling Mon May 25 14:26:02 UTC 2020
------------------ testing $PTII/ptolemy/domains/de/test/auto/ResettableTimer3.xml
auto.tcl: Setting watchdog for 200 seconds at Mon May 25 14:26:02 UTC 2020
1 ms. Memory: 51200K Free: 32519K (64%)
ptolemy.util.test.WatchDog.cancel(): canceling Mon May 25 14:26:02 UTC 2020
auto.tcl: Setting watchdog for 200 seconds at Mon May 25 14:26:02 UTC 2020
1 ms. Memory: 51200K Free: 32519K (64%)
ptolemy.util.test.WatchDog.cancel(): canceling Mon May 25 14:26:02 UTC 2020
------------------ testing $PTII/ptolemy/domains/de/test/auto/ResettableTimer4.xml
auto.tcl: Setting watchdog for 200 seconds at Mon May 25 14:26:02 UTC 2020
1 ms. Memory: 51200K Free: 32533K (64%)
ptolemy.util.test.WatchDog.cancel(): canceling Mon May 25 14:26:02 UTC 2020
auto.tcl: Setting watchdog for 200 seconds at Mon May 25 14:26:02 UTC 2020
1 ms. Memory: 51200K Free: 32019K (63%)
ptolemy.util.test.WatchDog.cancel(): canceling Mon May 25 14:26:02 UTC 2020
------------------ testing $PTII/ptolemy/domains/de/test/auto/ResettableTimer5.xml
auto.tcl: Setting watchdog for 200 seconds at Mon May 25 14:26:02 UTC 2020
1 ms. Memory: 51200K Free: 32017K (63%)
ptolemy.util.test.WatchDog.cancel(): canceling Mon May 25 14:26:02 UTC 2020
auto.tcl: Setting watchdog for 200 seconds at Mon May 25 14:26:02 UTC 2020
2 ms. Memory: 51200K Free: 31507K (62%)
ptolemy.util.test.WatchDog.cancel(): canceling Mon May 25 14:26:02 UTC 2020
------------------ testing $PTII/ptolemy/domains/de/test/auto/ResettableTimer6.xml
auto.tcl: Setting watchdog for 200 seconds at Mon May 25 14:26:02 UTC 2020
2 ms. Memory: 51200K Free: 32008K (63%)
ptolemy.util.test.WatchDog.cancel(): canceling Mon May 25 14:26:03 UTC 2020
auto.tcl: Setting watchdog for 200 seconds at Mon May 25 14:26:03 UTC 2020
2 ms. Memory: 51200K Free: 31498K (62%)
ptolemy.util.test.WatchDog.cancel(): canceling Mon May 25 14:26:03 UTC 2020
------------------ testing $PTII/ptolemy/domains/de/test/auto/ServerZeroDelay.xml
auto.tcl: Setting watchdog for 200 seconds at Mon May 25 14:26:03 UTC 2020
3 ms. Memory: 51200K Free: 32513K (64%)
ptolemy.util.test.WatchDog.cancel(): canceling Mon May 25 14:26:03 UTC 2020
auto.tcl: Setting watchdog for 200 seconds at Mon May 25 14:26:03 UTC 2020
2 ms. Memory: 51200K Free: 31489K (62%)
ptolemy.util.test.WatchDog.cancel(): canceling Mon May 25 14:26:03 UTC 2020
------------------ testing $PTII/ptolemy/domains/de/test/auto/SmartSender.xml
auto.tcl: Setting watchdog for 200 seconds at Mon May 25 14:26:03 UTC 2020
3001 ms. Memory: 51200K Free: 31993K (62%)
ptolemy.util.test.WatchDog.cancel(): canceling Mon May 25 14:26:06 UTC 2020
auto.tcl: Setting watchdog for 200 seconds at Mon May 25 14:26:06 UTC 2020
3003 ms. Memory: 51200K Free: 31483K (61%)
ptolemy.util.test.WatchDog.cancel(): canceling Mon May 25 14:26:09 UTC 2020
------------------ testing $PTII/ptolemy/domains/de/test/auto/ThreadedComposite.xml
auto.tcl: Setting watchdog for 200 seconds at Mon May 25 14:26:09 UTC 2020
319 ms. Memory: 51200K Free: 35212K (69%)
ptolemy.util.test.WatchDog.cancel(): canceling Mon May 25 14:26:09 UTC 2020
auto.tcl: Setting watchdog for 200 seconds at Mon May 25 14:26:09 UTC 2020
179 ms. Memory: 51200K Free: 20305K (40%)
ptolemy.util.test.WatchDog.cancel(): canceling Mon May 25 14:26:09 UTC 2020
------------------ testing $PTII/ptolemy/domains/de/test/auto/Time.xml
auto.tcl: Setting watchdog for 200 seconds at Mon May 25 14:26:09 UTC 2020
454 ms. Memory: 51200K Free: 32639K (64%)
ptolemy.util.test.WatchDog.cancel(): canceling Mon May 25 14:26:10 UTC 2020
auto.tcl: Setting watchdog for 200 seconds at Mon May 25 14:26:10 UTC 2020
405 ms. Memory: 70656K Free: 51533K (73%)
ptolemy.util.test.WatchDog.cancel(): canceling Mon May 25 14:26:10 UTC 2020
------------------ testing $PTII/ptolemy/domains/de/test/auto/TimeDelayZeroDelay.xml
auto.tcl: Setting watchdog for 200 seconds at Mon May 25 14:26:10 UTC 2020
2 ms. Memory: 55296K Free: 36532K (66%)
ptolemy.util.test.WatchDog.cancel(): canceling Mon May 25 14:26:10 UTC 2020
auto.tcl: Setting watchdog for 200 seconds at Mon May 25 14:26:10 UTC 2020
3 ms. Memory: 55296K Free: 36052K (65%)
ptolemy.util.test.WatchDog.cancel(): canceling Mon May 25 14:26:10 UTC 2020
------------------ testing $PTII/ptolemy/domains/de/test/auto/TimerZeroDelay.xml
auto.tcl: Setting watchdog for 200 seconds at Mon May 25 14:26:10 UTC 2020
3 ms. Memory: 55296K Free: 36910K (67%)
ptolemy.util.test.WatchDog.cancel(): canceling Mon May 25 14:26:10 UTC 2020
auto.tcl: Setting watchdog for 200 seconds at Mon May 25 14:26:10 UTC 2020
3 ms. Memory: 55296K Free: 36125K (65%)
ptolemy.util.test.WatchDog.cancel(): canceling Mon May 25 14:26:10 UTC 2020
------------------ testing $PTII/ptolemy/domains/de/test/auto/TimingParadox.xml
auto.tcl: Setting watchdog for 200 seconds at Mon May 25 14:26:10 UTC 2020
309 ms. Memory: 51200K Free: 19086K (37%)
ptolemy.util.test.WatchDog.cancel(): canceling Mon May 25 14:26:11 UTC 2020
auto.tcl: Setting watchdog for 200 seconds at Mon May 25 14:26:11 UTC 2020
279 ms. Memory: 51200K Free: 34050K (67%)
ptolemy.util.test.WatchDog.cancel(): canceling Mon May 25 14:26:11 UTC 2020
------------------ testing $PTII/ptolemy/domains/de/test/auto/TransferInputs.xml
auto.tcl: Setting watchdog for 200 seconds at Mon May 25 14:26:11 UTC 2020
2 ms. Memory: 51200K Free: 30960K (60%)
ptolemy.util.test.WatchDog.cancel(): canceling Mon May 25 14:26:11 UTC 2020
auto.tcl: Setting watchdog for 200 seconds at Mon May 25 14:26:11 UTC 2020
1 ms. Memory: 51200K Free: 30038K (59%)
ptolemy.util.test.WatchDog.cancel(): canceling Mon May 25 14:26:11 UTC 2020
------------------ testing $PTII/ptolemy/domains/de/test/auto/TransferOutputs2.xml
auto.tcl: Setting watchdog for 200 seconds at Mon May 25 14:26:11 UTC 2020
2 ms. Memory: 51200K Free: 28388K (55%)
ptolemy.util.test.WatchDog.cancel(): canceling Mon May 25 14:26:11 UTC 2020
auto.tcl: Setting watchdog for 200 seconds at Mon May 25 14:26:11 UTC 2020
3 ms. Memory: 51200K Free: 26968K (53%)
ptolemy.util.test.WatchDog.cancel(): canceling Mon May 25 14:26:11 UTC 2020
------------------ testing $PTII/ptolemy/domains/de/test/auto/Trilateration.xml
auto.tcl: Setting watchdog for 200 seconds at Mon May 25 14:26:11 UTC 2020
13603 ms. Memory: 487424K Free: 297899K (61%)
ptolemy.util.test.WatchDog.cancel(): canceling Mon May 25 14:26:26 UTC 2020
auto.tcl: Setting watchdog for 200 seconds at Mon May 25 14:26:26 UTC 2020
9872 ms. Memory: 487424K Free: 246602K (51%)
ptolemy.util.test.WatchDog.cancel(): canceling Mon May 25 14:26:36 UTC 2020
------------------ testing $PTII/ptolemy/domains/de/test/auto/TwoSigmaDelta.xml
auto.tcl: Setting watchdog for 200 seconds at Mon May 25 14:26:36 UTC 2020
2235 ms. Memory: 89088K Free: 17284K (19%)
ptolemy.util.test.WatchDog.cancel(): canceling Mon May 25 14:26:38 UTC 2020
auto.tcl: Setting watchdog for 200 seconds at Mon May 25 14:26:38 UTC 2020
1923 ms. Memory: 89088K Free: 61854K (69%)
ptolemy.util.test.WatchDog.cancel(): canceling Mon May 25 14:26:40 UTC 2020
------------------ testing $PTII/ptolemy/domains/de/test/auto/VariableDelay.xml
auto.tcl: Setting watchdog for 200 seconds at Mon May 25 14:26:40 UTC 2020
3 ms. Memory: 58368K Free: 38585K (66%)
ptolemy.util.test.WatchDog.cancel(): canceling Mon May 25 14:26:40 UTC 2020
auto.tcl: Setting watchdog for 200 seconds at Mon May 25 14:26:40 UTC 2020
2 ms. Memory: 58368K Free: 37591K (64%)
ptolemy.util.test.WatchDog.cancel(): canceling Mon May 25 14:26:40 UTC 2020
------------------ testing $PTII/ptolemy/domains/de/test/auto/VariableDelay2.xml
auto.tcl: Setting watchdog for 200 seconds at Mon May 25 14:26:40 UTC 2020
2 ms. Memory: 55296K Free: 35911K (65%)
ptolemy.util.test.WatchDog.cancel(): canceling Mon May 25 14:26:40 UTC 2020
auto.tcl: Setting watchdog for 200 seconds at Mon May 25 14:26:40 UTC 2020
2 ms. Memory: 55296K Free: 35431K (64%)
ptolemy.util.test.WatchDog.cancel(): canceling Mon May 25 14:26:40 UTC 2020
------------------ testing $PTII/ptolemy/domains/de/test/auto/VariableDelayZeroDelay.xml
auto.tcl: Setting watchdog for 200 seconds at Mon May 25 14:26:40 UTC 2020
2 ms. Memory: 51200K Free: 32359K (63%)
ptolemy.util.test.WatchDog.cancel(): canceling Mon May 25 14:26:40 UTC 2020
auto.tcl: Setting watchdog for 200 seconds at Mon May 25 14:26:40 UTC 2020
2 ms. Memory: 51200K Free: 31815K (62%)
ptolemy.util.test.WatchDog.cancel(): canceling Mon May 25 14:26:40 UTC 2020
------------------ testing $PTII/ptolemy/domains/de/test/auto/VariableDelayZeroDelay2.xml
auto.tcl: Setting watchdog for 200 seconds at Mon May 25 14:26:40 UTC 2020
1 ms. Memory: 51200K Free: 32357K (63%)
ptolemy.util.test.WatchDog.cancel(): canceling Mon May 25 14:26:40 UTC 2020
auto.tcl: Setting watchdog for 200 seconds at Mon May 25 14:26:40 UTC 2020
2 ms. Memory: 51200K Free: 31333K (61%)
ptolemy.util.test.WatchDog.cancel(): canceling Mon May 25 14:26:40 UTC 2020
------------------ testing $PTII/ptolemy/domains/de/test/auto/deInCt.xml
auto.tcl: Setting watchdog for 200 seconds at Mon May 25 14:26:40 UTC 2020
0
1
1
1
0
0
0
0
1
1
1
1
0
0
0
1
1
0
0
0
1
1
1
1
0
0
0
1
1
1
0
0
0
0
1
1
1
0
0
0
0
10 ms. Memory: 51200K Free: 31331K (61%)
ptolemy.util.test.WatchDog.cancel(): canceling Mon May 25 14:26:41 UTC 2020
auto.tcl: Setting watchdog for 200 seconds at Mon May 25 14:26:41 UTC 2020
0
1
1
1
0
0
0
1
1
1
0
0
0
0
1
1
0
0
0
0
1
1
0
0
0
0
1
1
1
0
0
1
1
1
1
0
0
0
1
1
1
0
0
0
1
1
1
1
6 ms. Memory: 51200K Free: 29791K (58%)
ptolemy.util.test.WatchDog.cancel(): canceling Mon May 25 14:26:41 UTC 2020
------------------ testing $PTII/ptolemy/domains/de/test/auto/deInCt2.xml
auto.tcl: Setting watchdog for 200 seconds at Mon May 25 14:26:41 UTC 2020
0
1
1
1
0
0
1
1
1
0
0
1
1
1
0
0
1
1
1
0
0
1
1
1
0
0
1
1
1
0
0
1
1
1
0
0
1
1
1
0
0
0
11 ms. Memory: 51200K Free: 31333K (61%)
ptolemy.util.test.WatchDog.cancel(): canceling Mon May 25 14:26:41 UTC 2020
auto.tcl: Setting watchdog for 200 seconds at Mon May 25 14:26:41 UTC 2020
0
1
1
1
0
0
1
1
1
0
0
1
1
1
0
0
1
1
1
0
0
1
1
1
0
0
1
1
1
0
0
1
1
1
0
0
1
1
1
0
0
0
9 ms. Memory: 51200K Free: 29808K (58%)
ptolemy.util.test.WatchDog.cancel(): canceling Mon May 25 14:26:41 UTC 2020
------------------ testing $PTII/ptolemy/domains/de/test/auto/dynamicCausalityInterface1.xml
auto.tcl: Setting watchdog for 200 seconds at Mon May 25 14:26:41 UTC 2020
4 ms. Memory: 51200K Free: 27232K (53%)
ptolemy.util.test.WatchDog.cancel(): canceling Mon May 25 14:26:41 UTC 2020
auto.tcl: Setting watchdog for 200 seconds at Mon May 25 14:26:41 UTC 2020
1 ms. Memory: 51200K Free: 26718K (52%)
ptolemy.util.test.WatchDog.cancel(): canceling Mon May 25 14:26:41 UTC 2020
------------------ testing $PTII/ptolemy/domains/de/test/auto/fsm_de_test.xml
auto.tcl: Setting watchdog for 200 seconds at Mon May 25 14:26:41 UTC 2020
7 ms. Memory: 51200K Free: 27130K (53%)
ptolemy.util.test.WatchDog.cancel(): canceling Mon May 25 14:26:41 UTC 2020
auto.tcl: Setting watchdog for 200 seconds at Mon May 25 14:26:41 UTC 2020
5 ms. Memory: 51200K Free: 25082K (49%)
ptolemy.util.test.WatchDog.cancel(): canceling Mon May 25 14:26:41 UTC 2020
------------------ testing $PTII/ptolemy/domains/de/test/auto/functionDependencyReconstruction.xml
auto.tcl: Setting watchdog for 200 seconds at Mon May 25 14:26:41 UTC 2020
3 ms. Memory: 51200K Free: 21066K (41%)
ptolemy.util.test.WatchDog.cancel(): canceling Mon May 25 14:26:41 UTC 2020
auto.tcl: Setting watchdog for 200 seconds at Mon May 25 14:26:41 UTC 2020
3 ms. Memory: 51200K Free: 18928K (37%)
ptolemy.util.test.WatchDog.cancel(): canceling Mon May 25 14:26:41 UTC 2020
------------------ testing $PTII/ptolemy/domains/de/test/auto/multirate.xml
auto.tcl: Setting watchdog for 200 seconds at Mon May 25 14:26:41 UTC 2020
6 ms. Memory: 51200K Free: 29772K (58%)
ptolemy.util.test.WatchDog.cancel(): canceling Mon May 25 14:26:41 UTC 2020
auto.tcl: Setting watchdog for 200 seconds at Mon May 25 14:26:41 UTC 2020
3 ms. Memory: 51200K Free: 28042K (55%)
ptolemy.util.test.WatchDog.cancel(): canceling Mon May 25 14:26:41 UTC 2020
------------------ testing $PTII/ptolemy/domains/de/test/auto/multirate2.xml
auto.tcl: Setting watchdog for 200 seconds at Mon May 25 14:26:41 UTC 2020
3 ms. Memory: 51200K Free: 29926K (58%)
ptolemy.util.test.WatchDog.cancel(): canceling Mon May 25 14:26:41 UTC 2020
auto.tcl: Setting watchdog for 200 seconds at Mon May 25 14:26:41 UTC 2020
3 ms. Memory: 51200K Free: 28207K (55%)
ptolemy.util.test.WatchDog.cancel(): canceling Mon May 25 14:26:41 UTC 2020
------------------ testing $PTII/ptolemy/domains/de/test/auto/realtime.xml
auto.tcl: Setting watchdog for 200 seconds at Mon May 25 14:26:41 UTC 2020
10003 ms. Memory: 51200K Free: 31983K (62%)
ptolemy.util.test.WatchDog.cancel(): canceling Mon May 25 14:26:51 UTC 2020
auto.tcl: Setting watchdog for 200 seconds at Mon May 25 14:26:51 UTC 2020
10001 ms. Memory: 51200K Free: 31277K (61%)
ptolemy.util.test.WatchDog.cancel(): canceling Mon May 25 14:27:01 UTC 2020
------------------ testing $PTII/ptolemy/domains/de/test/auto/relationGroup.xml
auto.tcl: Setting watchdog for 200 seconds at Mon May 25 14:27:01 UTC 2020
2 ms. Memory: 51200K Free: 33092K (65%)
ptolemy.util.test.WatchDog.cancel(): canceling Mon May 25 14:27:01 UTC 2020
auto.tcl: Setting watchdog for 200 seconds at Mon May 25 14:27:01 UTC 2020
2 ms. Memory: 51200K Free: 32357K (63%)
ptolemy.util.test.WatchDog.cancel(): canceling Mon May 25 14:27:01 UTC 2020
------------------ testing $PTII/ptolemy/domains/de/test/auto/relationGroup2.xml
auto.tcl: Setting watchdog for 200 seconds at Mon May 25 14:27:01 UTC 2020
1 ms. Memory: 51200K Free: 33118K (65%)
ptolemy.util.test.WatchDog.cancel(): canceling Mon May 25 14:27:01 UTC 2020
auto.tcl: Setting watchdog for 200 seconds at Mon May 25 14:27:01 UTC 2020
1 ms. Memory: 51200K Free: 32622K (64%)
ptolemy.util.test.WatchDog.cancel(): canceling Mon May 25 14:27:01 UTC 2020
------------------ testing $PTII/ptolemy/domains/de/test/auto/sortWithOpaquePorts.xml
auto.tcl: Setting watchdog for 200 seconds at Mon May 25 14:27:01 UTC 2020
3 ms. Memory: 51200K Free: 31856K (62%)
ptolemy.util.test.WatchDog.cancel(): canceling Mon May 25 14:27:01 UTC 2020
auto.tcl: Setting watchdog for 200 seconds at Mon May 25 14:27:01 UTC 2020
3 ms. Memory: 51200K Free: 30831K (60%)
ptolemy.util.test.WatchDog.cancel(): canceling Mon May 25 14:27:01 UTC 2020
------------------ testing $PTII/ptolemy/domains/de/test/auto/transferInputsandOutputs.xml
auto.tcl: Setting watchdog for 200 seconds at Mon May 25 14:27:01 UTC 2020
5 ms. Memory: 51200K Free: 29299K (57%)
ptolemy.util.test.WatchDog.cancel(): canceling Mon May 25 14:27:01 UTC 2020
auto.tcl: Setting watchdog for 200 seconds at Mon May 25 14:27:01 UTC 2020
3 ms. Memory: 51200K Free: 28275K (55%)
ptolemy.util.test.WatchDog.cancel(): canceling Mon May 25 14:27:01 UTC 2020
------------------ testing $PTII/ptolemy/domains/de/test/auto/triggerType.xml
auto.tcl: Setting watchdog for 200 seconds at Mon May 25 14:27:01 UTC 2020
2 ms. Memory: 51200K Free: 32324K (63%)
ptolemy.util.test.WatchDog.cancel(): canceling Mon May 25 14:27:01 UTC 2020
auto.tcl: Setting watchdog for 200 seconds at Mon May 25 14:27:01 UTC 2020
2 ms. Memory: 51200K Free: 31300K (61%)
ptolemy.util.test.WatchDog.cancel(): canceling Mon May 25 14:27:01 UTC 2020
05/25/20 02:27:01
Failed: 0  Total Tests: 192  ((Passed: 187, Newly Passed: 1)  Known Failed: 5) /home/travis/build/icyphy/ptII/ptolemy/domains/de/test
05/25/20 02:27:01
Failed: 0  Total Tests: 192  ((Passed: 187, Newly Passed: 1)  Known Failed: 5) /home/travis/build/icyphy/ptII/ptolemy/domains/de/test
----------------- testing (KnownFailure) /home/travis/build/icyphy/ptII/ptolemy/domains/de/test/auto/knownFailedTests/DESDFClockTest.xml
2013 ms. Memory: 51200K Free: 25719K (50%)
Known Failure: java.lang.reflect.InvocationTargetException
----------------- testing (KnownFailure) /home/travis/build/icyphy/ptII/ptolemy/domains/de/test/auto/knownFailedTests/DirectFeedback.xml
2 ms. Memory: 51200K Free: 22137K (43%)
Known Failure: java.lang.reflect.InvocationTargetException
----------------- testing (KnownFailure) /home/travis/build/icyphy/ptII/ptolemy/domains/de/test/auto/knownFailedTests/FSMSource.xml
19 ms. Memory: 51200K Free: 14969K (29%)
----------------- testing (KnownFailure) /home/travis/build/icyphy/ptII/ptolemy/domains/de/test/auto/knownFailedTests/HierarchicalModel.xml
4 ms. Memory: 51200K Free: 27198K (53%)
Known Failure: java.lang.reflect.InvocationTargetException
----------------- testing (KnownFailure) /home/travis/build/icyphy/ptII/ptolemy/domains/de/test/auto/knownFailedTests/dependencyLoop.xml
2 ms. Memory: 51200K Free: 11886K (23%)
Known Failure: java.lang.reflect.InvocationTargetException
----------------- testing (KnownFailure) /home/travis/build/icyphy/ptII/ptolemy/domains/de/test/auto/knownFailedTests/dependencyLoop2.xml
4 ms. Memory: 51200K Free: 24771K (48%)
Known Failure: java.lang.reflect.InvocationTargetException
No auto/linux-amd64/*.xml tests in /home/travis/build/icyphy/ptII/ptolemy/domains/de/test
AutoTests.java: About to close Vertx.
AutoTests.java: Vertx closed.

===========================================================================================
----------------- testing Mon May 25 14:27:04 UTC 2020 /home/travis/build/icyphy/ptII/ptolemy/domains/de/test/auto/ActorDepthCalculation_actorWithoutPorts.xml
----------------- Instantiating /home/travis/build/icyphy/ptII/ptolemy/domains/de/test/auto/ActorDepthCalculation_actorWithoutPorts.xml
2 ms. Memory: 51200K Free: 18260K (36%)
----------------- Invoking toplevel() on ptolemy.moml.MoMLSimpleApplication@55e03665
----------------- Done invoking toplevel() on ptolemy.moml.MoMLSimpleApplication@55e03665
reloadAllAccessors: .ActorDepthCalculation_actorWithoutPorts

===========================================================================================
----------------- testing Mon May 25 14:27:04 UTC 2020 /home/travis/build/icyphy/ptII/ptolemy/domains/de/test/auto/AssemblyLine.xml
----------------- Instantiating /home/travis/build/icyphy/ptII/ptolemy/domains/de/test/auto/AssemblyLine.xml
5 ms. Memory: 51200K Free: 11401K (22%)
----------------- Invoking toplevel() on ptolemy.moml.MoMLSimpleApplication@26b4f371
----------------- Done invoking toplevel() on ptolemy.moml.MoMLSimpleApplication@26b4f371
reloadAllAccessors: .AssemblyLine

===========================================================================================
----------------- testing Mon May 25 14:27:04 UTC 2020 /home/travis/build/icyphy/ptII/ptolemy/domains/de/test/auto/CQBug1.xml
----------------- Instantiating /home/travis/build/icyphy/ptII/ptolemy/domains/de/test/auto/CQBug1.xml
1 ms. Memory: 51200K Free: 8443K (16%)
----------------- Invoking toplevel() on ptolemy.moml.MoMLSimpleApplication@316a6ff3
----------------- Done invoking toplevel() on ptolemy.moml.MoMLSimpleApplication@316a6ff3
reloadAllAccessors: .CQBug1

===========================================================================================
----------------- testing Mon May 25 14:27:04 UTC 2020 /home/travis/build/icyphy/ptII/ptolemy/domains/de/test/auto/CancelFireAt.xml
----------------- Instantiating /home/travis/build/icyphy/ptII/ptolemy/domains/de/test/auto/CancelFireAt.xml
10 ms. Memory: 51200K Free: 33928K (66%)
----------------- Invoking toplevel() on ptolemy.moml.MoMLSimpleApplication@59a1aa52
----------------- Done invoking toplevel() on ptolemy.moml.MoMLSimpleApplication@59a1aa52
reloadAllAccessors: .CancelFireAt

===========================================================================================
----------------- testing Mon May 25 14:27:04 UTC 2020 /home/travis/build/icyphy/ptII/ptolemy/domains/de/test/auto/CausalityAndComposabilityAnalysis.xml
----------------- Instantiating /home/travis/build/icyphy/ptII/ptolemy/domains/de/test/auto/CausalityAndComposabilityAnalysis.xml
2 ms. Memory: 51200K Free: 29526K (58%)
----------------- Invoking toplevel() on ptolemy.moml.MoMLSimpleApplication@7897509b
----------------- Done invoking toplevel() on ptolemy.moml.MoMLSimpleApplication@7897509b
reloadAllAccessors: .CausalityAndComposabilityAnalysis

===========================================================================================
----------------- testing Mon May 25 14:27:04 UTC 2020 /home/travis/build/icyphy/ptII/ptolemy/domains/de/test/auto/CausalityInterface1.xml
----------------- Instantiating /home/travis/build/icyphy/ptII/ptolemy/domains/de/test/auto/CausalityInterface1.xml
5 ms. Memory: 51200K Free: 24438K (48%)
----------------- Invoking toplevel() on ptolemy.moml.MoMLSimpleApplication@114a092a
----------------- Done invoking toplevel() on ptolemy.moml.MoMLSimpleApplication@114a092a
reloadAllAccessors: .CausalityInterface1

===========================================================================================
----------------- testing Mon May 25 14:27:04 UTC 2020 /home/travis/build/icyphy/ptII/ptolemy/domains/de/test/auto/CausalityInterface15.xml
----------------- Instantiating /home/travis/build/icyphy/ptII/ptolemy/domains/de/test/auto/CausalityInterface15.xml
2 ms. Memory: 51200K Free: 18969K (37%)
----------------- Invoking toplevel() on ptolemy.moml.MoMLSimpleApplication@278eb1af
----------------- Done invoking toplevel() on ptolemy.moml.MoMLSimpleApplication@278eb1af
reloadAllAccessors: .CausalityInterface15

===========================================================================================
----------------- testing Mon May 25 14:27:04 UTC 2020 /home/travis/build/icyphy/ptII/ptolemy/domains/de/test/auto/CausalityInterface2.xml
----------------- Instantiating /home/travis/build/icyphy/ptII/ptolemy/domains/de/test/auto/CausalityInterface2.xml
1 ms. Memory: 51200K Free: 14435K (28%)
----------------- Invoking toplevel() on ptolemy.moml.MoMLSimpleApplication@4b45ddd5
----------------- Done invoking toplevel() on ptolemy.moml.MoMLSimpleApplication@4b45ddd5
reloadAllAccessors: .CausalityInterface2

===========================================================================================
----------------- testing Mon May 25 14:27:04 UTC 2020 /home/travis/build/icyphy/ptII/ptolemy/domains/de/test/auto/CausalityInterface3.xml
----------------- Instantiating /home/travis/build/icyphy/ptII/ptolemy/domains/de/test/auto/CausalityInterface3.xml
2 ms. Memory: 51200K Free: 9331K (18%)
----------------- Invoking toplevel() on ptolemy.moml.MoMLSimpleApplication@2c97a59f
----------------- Done invoking toplevel() on ptolemy.moml.MoMLSimpleApplication@2c97a59f
reloadAllAccessors: .CausalityInterface3

===========================================================================================
----------------- testing Mon May 25 14:27:04 UTC 2020 /home/travis/build/icyphy/ptII/ptolemy/domains/de/test/auto/ClockDrift.xml
----------------- Instantiating /home/travis/build/icyphy/ptII/ptolemy/domains/de/test/auto/ClockDrift.xml
12 ms. Memory: 51200K Free: 25013K (49%)
----------------- Invoking toplevel() on ptolemy.moml.MoMLSimpleApplication@20cb2eba
----------------- Done invoking toplevel() on ptolemy.moml.MoMLSimpleApplication@20cb2eba
reloadAllAccessors: .ClockDrift

===========================================================================================
----------------- testing Mon May 25 14:27:04 UTC 2020 /home/travis/build/icyphy/ptII/ptolemy/domains/de/test/auto/ClockDriftAndValueChange.xml
----------------- Instantiating /home/travis/build/icyphy/ptII/ptolemy/domains/de/test/auto/ClockDriftAndValueChange.xml
10 ms. Memory: 51200K Free: 13463K (26%)
----------------- Invoking toplevel() on ptolemy.moml.MoMLSimpleApplication@690178a1
----------------- Done invoking toplevel() on ptolemy.moml.MoMLSimpleApplication@690178a1
reloadAllAccessors: .ClockDriftAndValueChange

===========================================================================================
----------------- testing Mon May 25 14:27:04 UTC 2020 /home/travis/build/icyphy/ptII/ptolemy/domains/de/test/auto/ClockDriftChange.xml
----------------- Instantiating /home/travis/build/icyphy/ptII/ptolemy/domains/de/test/auto/ClockDriftChange.xml
9 ms. Memory: 51200K Free: 31071K (61%)
----------------- Invoking toplevel() on ptolemy.moml.MoMLSimpleApplication@52e30735
----------------- Done invoking toplevel() on ptolemy.moml.MoMLSimpleApplication@52e30735
reloadAllAccessors: .ClockDriftChange

===========================================================================================
----------------- testing Mon May 25 14:27:04 UTC 2020 /home/travis/build/icyphy/ptII/ptolemy/domains/de/test/auto/ComposableCausalityAnalysis.xml
----------------- Instantiating /home/travis/build/icyphy/ptII/ptolemy/domains/de/test/auto/ComposableCausalityAnalysis.xml
1 ms. Memory: 51200K Free: 25235K (49%)
----------------- Invoking toplevel() on ptolemy.moml.MoMLSimpleApplication@624f9721
----------------- Done invoking toplevel() on ptolemy.moml.MoMLSimpleApplication@624f9721
reloadAllAccessors: .ComposableCausalityAnalysis

===========================================================================================
----------------- testing Mon May 25 14:27:04 UTC 2020 /home/travis/build/icyphy/ptII/ptolemy/domains/de/test/auto/DEFixedPointLimitation.xml
----------------- Instantiating /home/travis/build/icyphy/ptII/ptolemy/domains/de/test/auto/DEFixedPointLimitation.xml
1 ms. Memory: 51200K Free: 20702K (40%)
----------------- Invoking toplevel() on ptolemy.moml.MoMLSimpleApplication@76dfd7ac
----------------- Done invoking toplevel() on ptolemy.moml.MoMLSimpleApplication@76dfd7ac
reloadAllAccessors: .DEFixedPointLimitation

===========================================================================================
----------------- testing Mon May 25 14:27:04 UTC 2020 /home/travis/build/icyphy/ptII/ptolemy/domains/de/test/auto/DEScheduleTest.xml
----------------- Instantiating /home/travis/build/icyphy/ptII/ptolemy/domains/de/test/auto/DEScheduleTest.xml
2 ms. Memory: 51200K Free: 16421K (32%)
----------------- Invoking toplevel() on ptolemy.moml.MoMLSimpleApplication@6dee0628
----------------- Done invoking toplevel() on ptolemy.moml.MoMLSimpleApplication@6dee0628
reloadAllAccessors: .DEScheduleTest

===========================================================================================
----------------- testing Mon May 25 14:27:04 UTC 2020 /home/travis/build/icyphy/ptII/ptolemy/domains/de/test/auto/DEinDEwithStartTimes.xml
----------------- Instantiating /home/travis/build/icyphy/ptII/ptolemy/domains/de/test/auto/DEinDEwithStartTimes.xml
2 ms. Memory: 51200K Free: 10706K (21%)
----------------- Invoking toplevel() on ptolemy.moml.MoMLSimpleApplication@1d86a005
----------------- Done invoking toplevel() on ptolemy.moml.MoMLSimpleApplication@1d86a005
reloadAllAccessors: .DEinDEwithStartTimes

===========================================================================================
----------------- testing Mon May 25 14:27:04 UTC 2020 /home/travis/build/icyphy/ptII/ptolemy/domains/de/test/auto/DEinDEwithStartTimes2.xml
----------------- Instantiating /home/travis/build/icyphy/ptII/ptolemy/domains/de/test/auto/DEinDEwithStartTimes2.xml
3 ms. Memory: 51200K Free: 30827K (60%)
----------------- Invoking toplevel() on ptolemy.moml.MoMLSimpleApplication@78f1e1f6
----------------- Done invoking toplevel() on ptolemy.moml.MoMLSimpleApplication@78f1e1f6
reloadAllAccessors: .DEinDEwithStartTimes2

===========================================================================================
----------------- testing Mon May 25 14:27:04 UTC 2020 /home/travis/build/icyphy/ptII/ptolemy/domains/de/test/auto/DateDemo.xml
----------------- Instantiating /home/travis/build/icyphy/ptII/ptolemy/domains/de/test/auto/DateDemo.xml
16 ms. Memory: 51200K Free: 19843K (39%)
----------------- Invoking toplevel() on ptolemy.moml.MoMLSimpleApplication@78c2e99f
----------------- Done invoking toplevel() on ptolemy.moml.MoMLSimpleApplication@78c2e99f
reloadAllAccessors: .DateDemo

===========================================================================================
----------------- testing Mon May 25 14:27:04 UTC 2020 /home/travis/build/icyphy/ptII/ptolemy/domains/de/test/auto/DateToEvent.xml
----------------- Instantiating /home/travis/build/icyphy/ptII/ptolemy/domains/de/test/auto/DateToEvent.xml
2005 ms. Memory: 51200K Free: 30640K (60%)
----------------- Invoking toplevel() on ptolemy.moml.MoMLSimpleApplication@142bc47a
----------------- Done invoking toplevel() on ptolemy.moml.MoMLSimpleApplication@142bc47a
reloadAllAccessors: .DateToEvent

===========================================================================================
----------------- testing Mon May 25 14:27:06 UTC 2020 /home/travis/build/icyphy/ptII/ptolemy/domains/de/test/auto/DepthTest1.xml
----------------- Instantiating /home/travis/build/icyphy/ptII/ptolemy/domains/de/test/auto/DepthTest1.xml
1 ms. Memory: 51200K Free: 27723K (54%)
----------------- Invoking toplevel() on ptolemy.moml.MoMLSimpleApplication@66422ef6
----------------- Done invoking toplevel() on ptolemy.moml.MoMLSimpleApplication@66422ef6
reloadAllAccessors: .DepthTest1

===========================================================================================
----------------- testing Mon May 25 14:27:06 UTC 2020 /home/travis/build/icyphy/ptII/ptolemy/domains/de/test/auto/DepthTest2.xml
----------------- Instantiating /home/travis/build/icyphy/ptII/ptolemy/domains/de/test/auto/DepthTest2.xml
1 ms. Memory: 51200K Free: 21407K (42%)
----------------- Invoking toplevel() on ptolemy.moml.MoMLSimpleApplication@588ff94d
----------------- Done invoking toplevel() on ptolemy.moml.MoMLSimpleApplication@588ff94d
reloadAllAccessors: .DepthTest2

===========================================================================================
----------------- testing Mon May 25 14:27:06 UTC 2020 /home/travis/build/icyphy/ptII/ptolemy/domains/de/test/auto/DepthTest3.xml
----------------- Instantiating /home/travis/build/icyphy/ptII/ptolemy/domains/de/test/auto/DepthTest3.xml
1 ms. Memory: 51200K Free: 18497K (36%)
----------------- Invoking toplevel() on ptolemy.moml.MoMLSimpleApplication@3e98ad
----------------- Done invoking toplevel() on ptolemy.moml.MoMLSimpleApplication@3e98ad
reloadAllAccessors: .DepthTest3

===========================================================================================
----------------- testing Mon May 25 14:27:06 UTC 2020 /home/travis/build/icyphy/ptII/ptolemy/domains/de/test/auto/DepthTest4.xml
----------------- Instantiating /home/travis/build/icyphy/ptII/ptolemy/domains/de/test/auto/DepthTest4.xml
3 ms. Memory: 51200K Free: 13557K (26%)
----------------- Invoking toplevel() on ptolemy.moml.MoMLSimpleApplication@5e8ae93b
----------------- Done invoking toplevel() on ptolemy.moml.MoMLSimpleApplication@5e8ae93b
reloadAllAccessors: .DepthTest4

===========================================================================================
----------------- testing Mon May 25 14:27:06 UTC 2020 /home/travis/build/icyphy/ptII/ptolemy/domains/de/test/auto/DepthTest5.xml
----------------- Instantiating /home/travis/build/icyphy/ptII/ptolemy/domains/de/test/auto/DepthTest5.xml
6 ms. Memory: 51200K Free: 35251K (69%)
----------------- Invoking toplevel() on ptolemy.moml.MoMLSimpleApplication@7d377922
----------------- Done invoking toplevel() on ptolemy.moml.MoMLSimpleApplication@7d377922
reloadAllAccessors: .DepthTest5

===========================================================================================
----------------- testing Mon May 25 14:27:06 UTC 2020 /home/travis/build/icyphy/ptII/ptolemy/domains/de/test/auto/DepthTest6.xml
----------------- Instantiating /home/travis/build/icyphy/ptII/ptolemy/domains/de/test/auto/DepthTest6.xml
3 ms. Memory: 51200K Free: 29704K (58%)
----------------- Invoking toplevel() on ptolemy.moml.MoMLSimpleApplication@3e34d1c4
----------------- Done invoking toplevel() on ptolemy.moml.MoMLSimpleApplication@3e34d1c4
reloadAllAccessors: .DepthTest6

===========================================================================================
----------------- testing Mon May 25 14:27:06 UTC 2020 /home/travis/build/icyphy/ptII/ptolemy/domains/de/test/auto/DepthTest7.xml
----------------- Instantiating /home/travis/build/icyphy/ptII/ptolemy/domains/de/test/auto/DepthTest7.xml
2 ms. Memory: 51200K Free: 24811K (48%)
----------------- Invoking toplevel() on ptolemy.moml.MoMLSimpleApplication@3152ded7
----------------- Done invoking toplevel() on ptolemy.moml.MoMLSimpleApplication@3152ded7
reloadAllAccessors: .DepthTest7

===========================================================================================
----------------- testing Mon May 25 14:27:06 UTC 2020 /home/travis/build/icyphy/ptII/ptolemy/domains/de/test/auto/EventToDate.xml
----------------- Instantiating /home/travis/build/icyphy/ptII/ptolemy/domains/de/test/auto/EventToDate.xml
3004 ms. Memory: 51200K Free: 11499K (22%)
----------------- Invoking toplevel() on ptolemy.moml.MoMLSimpleApplication@401e36e6
----------------- Done invoking toplevel() on ptolemy.moml.MoMLSimpleApplication@401e36e6
reloadAllAccessors: .EventToDate

===========================================================================================
----------------- testing Mon May 25 14:27:09 UTC 2020 /home/travis/build/icyphy/ptII/ptolemy/domains/de/test/auto/FSM1.xml
----------------- Instantiating /home/travis/build/icyphy/ptII/ptolemy/domains/de/test/auto/FSM1.xml
20 ms. Memory: 51200K Free: 25922K (51%)
----------------- Invoking toplevel() on ptolemy.moml.MoMLSimpleApplication@51e22a4d
----------------- Done invoking toplevel() on ptolemy.moml.MoMLSimpleApplication@51e22a4d
reloadAllAccessors: .FSM1

===========================================================================================
----------------- testing Mon May 25 14:27:09 UTC 2020 /home/travis/build/icyphy/ptII/ptolemy/domains/de/test/auto/FSM7.xml
----------------- Instantiating /home/travis/build/icyphy/ptII/ptolemy/domains/de/test/auto/FSM7.xml
20 ms. Memory: 51200K Free: 13644K (27%)
----------------- Invoking toplevel() on ptolemy.moml.MoMLSimpleApplication@49a8b07e
----------------- Done invoking toplevel() on ptolemy.moml.MoMLSimpleApplication@49a8b07e
reloadAllAccessors: .FSM7

===========================================================================================
----------------- testing Mon May 25 14:27:09 UTC 2020 /home/travis/build/icyphy/ptII/ptolemy/domains/de/test/auto/Inspection.xml
----------------- Instantiating /home/travis/build/icyphy/ptII/ptolemy/domains/de/test/auto/Inspection.xml
12 ms. Memory: 51200K Free: 28126K (55%)
----------------- Invoking toplevel() on ptolemy.moml.MoMLSimpleApplication@37da090b
----------------- Done invoking toplevel() on ptolemy.moml.MoMLSimpleApplication@37da090b
reloadAllAccessors: .Inspection

===========================================================================================
----------------- testing Mon May 25 14:27:09 UTC 2020 /home/travis/build/icyphy/ptII/ptolemy/domains/de/test/auto/Iteration.xml
----------------- Instantiating /home/travis/build/icyphy/ptII/ptolemy/domains/de/test/auto/Iteration.xml
10 ms. Memory: 51200K Free: 21313K (42%)
----------------- Invoking toplevel() on ptolemy.moml.MoMLSimpleApplication@5613d11a
----------------- Done invoking toplevel() on ptolemy.moml.MoMLSimpleApplication@5613d11a
reloadAllAccessors: .Iteration

===========================================================================================
----------------- testing Mon May 25 14:27:09 UTC 2020 /home/travis/build/icyphy/ptII/ptolemy/domains/de/test/auto/LineFault.xml
----------------- Instantiating /home/travis/build/icyphy/ptII/ptolemy/domains/de/test/auto/LineFault.xml
409 ms. Memory: 51200K Free: 11465K (22%)
----------------- Invoking toplevel() on ptolemy.moml.MoMLSimpleApplication@6f6d0ef7
----------------- Done invoking toplevel() on ptolemy.moml.MoMLSimpleApplication@6f6d0ef7
reloadAllAccessors: .LineFault

===========================================================================================
----------------- testing Mon May 25 14:27:10 UTC 2020 /home/travis/build/icyphy/ptII/ptolemy/domains/de/test/auto/MergeModel1Add.xml
----------------- Instantiating /home/travis/build/icyphy/ptII/ptolemy/domains/de/test/auto/MergeModel1Add.xml
6 ms. Memory: 51200K Free: 17980K (35%)
----------------- Invoking toplevel() on ptolemy.moml.MoMLSimpleApplication@9f4eb16
----------------- Done invoking toplevel() on ptolemy.moml.MoMLSimpleApplication@9f4eb16
reloadAllAccessors: .MergeModel1Add

===========================================================================================
----------------- testing Mon May 25 14:27:10 UTC 2020 /home/travis/build/icyphy/ptII/ptolemy/domains/de/test/auto/MergeModel2Add.xml
----------------- Instantiating /home/travis/build/icyphy/ptII/ptolemy/domains/de/test/auto/MergeModel2Add.xml
5 ms. Memory: 51200K Free: 24317K (47%)
----------------- Invoking toplevel() on ptolemy.moml.MoMLSimpleApplication@7d8b2545
----------------- Done invoking toplevel() on ptolemy.moml.MoMLSimpleApplication@7d8b2545
reloadAllAccessors: .MergeModel2Add

===========================================================================================
----------------- testing Mon May 25 14:27:10 UTC 2020 /home/travis/build/icyphy/ptII/ptolemy/domains/de/test/auto/MergeModel3Add.xml
----------------- Instantiating /home/travis/build/icyphy/ptII/ptolemy/domains/de/test/auto/MergeModel3Add.xml
5 ms. Memory: 51200K Free: 31202K (61%)
----------------- Invoking toplevel() on ptolemy.moml.MoMLSimpleApplication@57e02133
----------------- Done invoking toplevel() on ptolemy.moml.MoMLSimpleApplication@57e02133
reloadAllAccessors: .MergeModel3Add

===========================================================================================
----------------- testing Mon May 25 14:27:10 UTC 2020 /home/travis/build/icyphy/ptII/ptolemy/domains/de/test/auto/MergeWithoutDiscard.xml
----------------- Instantiating /home/travis/build/icyphy/ptII/ptolemy/domains/de/test/auto/MergeWithoutDiscard.xml
1 ms. Memory: 51200K Free: 27060K (53%)
----------------- Invoking toplevel() on ptolemy.moml.MoMLSimpleApplication@38947c4e
----------------- Done invoking toplevel() on ptolemy.moml.MoMLSimpleApplication@38947c4e
reloadAllAccessors: .MergeWithoutDiscard

===========================================================================================
----------------- testing Mon May 25 14:27:10 UTC 2020 /home/travis/build/icyphy/ptII/ptolemy/domains/de/test/auto/Modal1.xml
----------------- Instantiating /home/travis/build/icyphy/ptII/ptolemy/domains/de/test/auto/Modal1.xml
8 ms. Memory: 51200K Free: 14818K (29%)
----------------- Invoking toplevel() on ptolemy.moml.MoMLSimpleApplication@605f8244
----------------- Done invoking toplevel() on ptolemy.moml.MoMLSimpleApplication@605f8244
reloadAllAccessors: .Modal1

===========================================================================================
----------------- testing Mon May 25 14:27:10 UTC 2020 /home/travis/build/icyphy/ptII/ptolemy/domains/de/test/auto/Modal2.xml
----------------- Instantiating /home/travis/build/icyphy/ptII/ptolemy/domains/de/test/auto/Modal2.xml
11 ms. Memory: 51200K Free: 27495K (54%)
----------------- Invoking toplevel() on ptolemy.moml.MoMLSimpleApplication@475c76a2
----------------- Done invoking toplevel() on ptolemy.moml.MoMLSimpleApplication@475c76a2
reloadAllAccessors: .Modal2

===========================================================================================
----------------- testing Mon May 25 14:27:10 UTC 2020 /home/travis/build/icyphy/ptII/ptolemy/domains/de/test/auto/Modal3.xml
----------------- Instantiating /home/travis/build/icyphy/ptII/ptolemy/domains/de/test/auto/Modal3.xml
8 ms. Memory: 51200K Free: 15213K (30%)
----------------- Invoking toplevel() on ptolemy.moml.MoMLSimpleApplication@629b0c57
----------------- Done invoking toplevel() on ptolemy.moml.MoMLSimpleApplication@629b0c57
reloadAllAccessors: .Modal3

===========================================================================================
----------------- testing Mon May 25 14:27:10 UTC 2020 /home/travis/build/icyphy/ptII/ptolemy/domains/de/test/auto/Modal4.xml
----------------- Instantiating /home/travis/build/icyphy/ptII/ptolemy/domains/de/test/auto/Modal4.xml
11 ms. Memory: 51200K Free: 26970K (53%)
----------------- Invoking toplevel() on ptolemy.moml.MoMLSimpleApplication@7b29cc4c
----------------- Done invoking toplevel() on ptolemy.moml.MoMLSimpleApplication@7b29cc4c
reloadAllAccessors: .Modal4

===========================================================================================
----------------- testing Mon May 25 14:27:10 UTC 2020 /home/travis/build/icyphy/ptII/ptolemy/domains/de/test/auto/Modal5.xml
----------------- Instantiating /home/travis/build/icyphy/ptII/ptolemy/domains/de/test/auto/Modal5.xml
9 ms. Memory: 51200K Free: 13944K (27%)
----------------- Invoking toplevel() on ptolemy.moml.MoMLSimpleApplication@21b25d1b
----------------- Done invoking toplevel() on ptolemy.moml.MoMLSimpleApplication@21b25d1b
reloadAllAccessors: .Modal5

===========================================================================================
----------------- testing Mon May 25 14:27:10 UTC 2020 /home/travis/build/icyphy/ptII/ptolemy/domains/de/test/auto/Modal6.xml
----------------- Instantiating /home/travis/build/icyphy/ptII/ptolemy/domains/de/test/auto/Modal6.xml
9 ms. Memory: 51200K Free: 26252K (51%)
----------------- Invoking toplevel() on ptolemy.moml.MoMLSimpleApplication@3bf59a76
----------------- Done invoking toplevel() on ptolemy.moml.MoMLSimpleApplication@3bf59a76
reloadAllAccessors: .Modal6

===========================================================================================
----------------- testing Mon May 25 14:27:10 UTC 2020 /home/travis/build/icyphy/ptII/ptolemy/domains/de/test/auto/Modal7.xml
----------------- Instantiating /home/travis/build/icyphy/ptII/ptolemy/domains/de/test/auto/Modal7.xml
7 ms. Memory: 51200K Free: 13188K (26%)
----------------- Invoking toplevel() on ptolemy.moml.MoMLSimpleApplication@4814bdb8
----------------- Done invoking toplevel() on ptolemy.moml.MoMLSimpleApplication@4814bdb8
reloadAllAccessors: .Modal7

===========================================================================================
----------------- testing Mon May 25 14:27:10 UTC 2020 /home/travis/build/icyphy/ptII/ptolemy/domains/de/test/auto/ModalModel.xml
----------------- Instantiating /home/travis/build/icyphy/ptII/ptolemy/domains/de/test/auto/ModalModel.xml
140 ms. Memory: 61440K Free: 34327K (56%)
----------------- Invoking toplevel() on ptolemy.moml.MoMLSimpleApplication@2457a0c4
----------------- Done invoking toplevel() on ptolemy.moml.MoMLSimpleApplication@2457a0c4
reloadAllAccessors: .ModalModel

===========================================================================================
----------------- testing Mon May 25 14:27:11 UTC 2020 /home/travis/build/icyphy/ptII/ptolemy/domains/de/test/auto/ModalSource.xml
----------------- Instantiating /home/travis/build/icyphy/ptII/ptolemy/domains/de/test/auto/ModalSource.xml
4 ms. Memory: 61440K Free: 25975K (42%)
----------------- Invoking toplevel() on ptolemy.moml.MoMLSimpleApplication@daf203
----------------- Done invoking toplevel() on ptolemy.moml.MoMLSimpleApplication@daf203
reloadAllAccessors: .ModalSource

===========================================================================================
----------------- testing Mon May 25 14:27:11 UTC 2020 /home/travis/build/icyphy/ptII/ptolemy/domains/de/test/auto/NonInterruptibleTimerZeroDelay.xml
----------------- Instantiating /home/travis/build/icyphy/ptII/ptolemy/domains/de/test/auto/NonInterruptibleTimerZeroDelay.xml
2 ms. Memory: 61440K Free: 22491K (37%)
----------------- Invoking toplevel() on ptolemy.moml.MoMLSimpleApplication@591f86aa
----------------- Done invoking toplevel() on ptolemy.moml.MoMLSimpleApplication@591f86aa
reloadAllAccessors: .NonInterruptibleTimerZeroDelay

===========================================================================================
----------------- testing Mon May 25 14:27:11 UTC 2020 /home/travis/build/icyphy/ptII/ptolemy/domains/de/test/auto/OpenQueueingNetwork.xml
----------------- Instantiating /home/travis/build/icyphy/ptII/ptolemy/domains/de/test/auto/OpenQueueingNetwork.xml
2231 ms. Memory: 124928K Free: 84437K (68%)
----------------- Invoking toplevel() on ptolemy.moml.MoMLSimpleApplication@414efa93
----------------- Done invoking toplevel() on ptolemy.moml.MoMLSimpleApplication@414efa93
reloadAllAccessors: .OpenQueueingNetwork

===========================================================================================
----------------- testing Mon May 25 14:27:13 UTC 2020 /home/travis/build/icyphy/ptII/ptolemy/domains/de/test/auto/OpenQueuingNetwork.xml
----------------- Instantiating /home/travis/build/icyphy/ptII/ptolemy/domains/de/test/auto/OpenQueuingNetwork.xml
248 ms. Memory: 150528K Free: 105418K (70%)
----------------- Invoking toplevel() on ptolemy.moml.MoMLSimpleApplication@7a47eae6
----------------- Done invoking toplevel() on ptolemy.moml.MoMLSimpleApplication@7a47eae6
reloadAllAccessors: .OpenQueuingNetwork

===========================================================================================
----------------- testing Mon May 25 14:27:13 UTC 2020 /home/travis/build/icyphy/ptII/ptolemy/domains/de/test/auto/PeriodicSampler.xml
----------------- Instantiating /home/travis/build/icyphy/ptII/ptolemy/domains/de/test/auto/PeriodicSampler.xml
4 ms. Memory: 150528K Free: 100812K (67%)
----------------- Invoking toplevel() on ptolemy.moml.MoMLSimpleApplication@6a2c9ad8
----------------- Done invoking toplevel() on ptolemy.moml.MoMLSimpleApplication@6a2c9ad8
reloadAllAccessors: .PeriodicSampler

===========================================================================================
----------------- testing Mon May 25 14:27:13 UTC 2020 /home/travis/build/icyphy/ptII/ptolemy/domains/de/test/auto/PersistentIO.xml
----------------- Instantiating /home/travis/build/icyphy/ptII/ptolemy/domains/de/test/auto/PersistentIO.xml
8 ms. Memory: 150528K Free: 91052K (60%)
----------------- Invoking toplevel() on ptolemy.moml.MoMLSimpleApplication@4a860410
----------------- Done invoking toplevel() on ptolemy.moml.MoMLSimpleApplication@4a860410
reloadAllAccessors: .PersistentIO

===========================================================================================
----------------- testing Mon May 25 14:27:13 UTC 2020 /home/travis/build/icyphy/ptII/ptolemy/domains/de/test/auto/PortParameterResetOnInitialize.xml
----------------- Instantiating /home/travis/build/icyphy/ptII/ptolemy/domains/de/test/auto/PortParameterResetOnInitialize.xml
2 ms. Memory: 150528K Free: 86476K (57%)
----------------- Invoking toplevel() on ptolemy.moml.MoMLSimpleApplication@16c2b40b
----------------- Done invoking toplevel() on ptolemy.moml.MoMLSimpleApplication@16c2b40b
reloadAllAccessors: .PortParameterResetOnInitialize

===========================================================================================
----------------- testing Mon May 25 14:27:13 UTC 2020 /home/travis/build/icyphy/ptII/ptolemy/domains/de/test/auto/PortParameterUpdates.xml
----------------- Instantiating /home/travis/build/icyphy/ptII/ptolemy/domains/de/test/auto/PortParameterUpdates.xml
5 ms. Memory: 150528K Free: 80332K (53%)
----------------- Invoking toplevel() on ptolemy.moml.MoMLSimpleApplication@67db74a8
----------------- Done invoking toplevel() on ptolemy.moml.MoMLSimpleApplication@67db74a8
reloadAllAccessors: .PortParameterUpdates

===========================================================================================
----------------- testing Mon May 25 14:27:13 UTC 2020 /home/travis/build/icyphy/ptII/ptolemy/domains/de/test/auto/QueueAndServer.xml
----------------- Instantiating /home/travis/build/icyphy/ptII/ptolemy/domains/de/test/auto/QueueAndServer.xml
4 ms. Memory: 150528K Free: 72650K (48%)
----------------- Invoking toplevel() on ptolemy.moml.MoMLSimpleApplication@5b848ba2
----------------- Done invoking toplevel() on ptolemy.moml.MoMLSimpleApplication@5b848ba2
reloadAllAccessors: .QueueAndServer

===========================================================================================
----------------- testing Mon May 25 14:27:13 UTC 2020 /home/travis/build/icyphy/ptII/ptolemy/domains/de/test/auto/Records.xml
----------------- Instantiating /home/travis/build/icyphy/ptII/ptolemy/domains/de/test/auto/Records.xml
3 ms. Memory: 150528K Free: 67020K (45%)
----------------- Invoking toplevel() on ptolemy.moml.MoMLSimpleApplication@5a8edf50
----------------- Done invoking toplevel() on ptolemy.moml.MoMLSimpleApplication@5a8edf50
reloadAllAccessors: .Records

===========================================================================================
----------------- testing Mon May 25 14:27:13 UTC 2020 /home/travis/build/icyphy/ptII/ptolemy/domains/de/test/auto/ResetTransitionWithStartTime1.xml
----------------- Instantiating /home/travis/build/icyphy/ptII/ptolemy/domains/de/test/auto/ResetTransitionWithStartTime1.xml
5 ms. Memory: 150528K Free: 58828K (39%)
----------------- Invoking toplevel() on ptolemy.moml.MoMLSimpleApplication@116f3bb3
----------------- Done invoking toplevel() on ptolemy.moml.MoMLSimpleApplication@116f3bb3
reloadAllAccessors: .ResetTransitionWithStartTime1

===========================================================================================
----------------- testing Mon May 25 14:27:13 UTC 2020 /home/travis/build/icyphy/ptII/ptolemy/domains/de/test/auto/ResetTransitionWithStartTime2.xml
----------------- Instantiating /home/travis/build/icyphy/ptII/ptolemy/domains/de/test/auto/ResetTransitionWithStartTime2.xml
4 ms. Memory: 150528K Free: 50636K (34%)
----------------- Invoking toplevel() on ptolemy.moml.MoMLSimpleApplication@52d50753
----------------- Done invoking toplevel() on ptolemy.moml.MoMLSimpleApplication@52d50753
reloadAllAccessors: .ResetTransitionWithStartTime2

===========================================================================================
----------------- testing Mon May 25 14:27:13 UTC 2020 /home/travis/build/icyphy/ptII/ptolemy/domains/de/test/auto/ResetTransitionWithStartTime3.xml
----------------- Instantiating /home/travis/build/icyphy/ptII/ptolemy/domains/de/test/auto/ResetTransitionWithStartTime3.xml
4 ms. Memory: 150528K Free: 127888K (85%)
----------------- Invoking toplevel() on ptolemy.moml.MoMLSimpleApplication@59cd38bc
----------------- Done invoking toplevel() on ptolemy.moml.MoMLSimpleApplication@59cd38bc
reloadAllAccessors: .ResetTransitionWithStartTime3

===========================================================================================
----------------- testing Mon May 25 14:27:13 UTC 2020 /home/travis/build/icyphy/ptII/ptolemy/domains/de/test/auto/ResetTransitionWithStartTime4.xml
----------------- Instantiating /home/travis/build/icyphy/ptII/ptolemy/domains/de/test/auto/ResetTransitionWithStartTime4.xml
4 ms. Memory: 150528K Free: 120200K (80%)
----------------- Invoking toplevel() on ptolemy.moml.MoMLSimpleApplication@69812c53
----------------- Done invoking toplevel() on ptolemy.moml.MoMLSimpleApplication@69812c53
reloadAllAccessors: .ResetTransitionWithStartTime4

===========================================================================================
----------------- testing Mon May 25 14:27:13 UTC 2020 /home/travis/build/icyphy/ptII/ptolemy/domains/de/test/auto/ResettableTimer1.xml
----------------- Instantiating /home/travis/build/icyphy/ptII/ptolemy/domains/de/test/auto/ResettableTimer1.xml
1 ms. Memory: 150528K Free: 116096K (77%)
----------------- Invoking toplevel() on ptolemy.moml.MoMLSimpleApplication@4728f93
----------------- Done invoking toplevel() on ptolemy.moml.MoMLSimpleApplication@4728f93
reloadAllAccessors: .ResettableTimer1

===========================================================================================
----------------- testing Mon May 25 14:27:13 UTC 2020 /home/travis/build/icyphy/ptII/ptolemy/domains/de/test/auto/ResettableTimer2.xml
----------------- Instantiating /home/travis/build/icyphy/ptII/ptolemy/domains/de/test/auto/ResettableTimer2.xml
2 ms. Memory: 150528K Free: 112000K (74%)
----------------- Invoking toplevel() on ptolemy.moml.MoMLSimpleApplication@69c54fbd
----------------- Done invoking toplevel() on ptolemy.moml.MoMLSimpleApplication@69c54fbd
reloadAllAccessors: .ResettableTimer2

===========================================================================================
----------------- testing Mon May 25 14:27:13 UTC 2020 /home/travis/build/icyphy/ptII/ptolemy/domains/de/test/auto/ResettableTimer3.xml
----------------- Instantiating /home/travis/build/icyphy/ptII/ptolemy/domains/de/test/auto/ResettableTimer3.xml
1 ms. Memory: 150528K Free: 107918K (72%)
----------------- Invoking toplevel() on ptolemy.moml.MoMLSimpleApplication@ddc33b9
----------------- Done invoking toplevel() on ptolemy.moml.MoMLSimpleApplication@ddc33b9
reloadAllAccessors: .ResettableTimer3

===========================================================================================
----------------- testing Mon May 25 14:27:13 UTC 2020 /home/travis/build/icyphy/ptII/ptolemy/domains/de/test/auto/ResettableTimer4.xml
----------------- Instantiating /home/travis/build/icyphy/ptII/ptolemy/domains/de/test/auto/ResettableTimer4.xml
1 ms. Memory: 150528K Free: 103822K (69%)
----------------- Invoking toplevel() on ptolemy.moml.MoMLSimpleApplication@25931e8d
----------------- Done invoking toplevel() on ptolemy.moml.MoMLSimpleApplication@25931e8d
reloadAllAccessors: .ResettableTimer4

===========================================================================================
----------------- testing Mon May 25 14:27:13 UTC 2020 /home/travis/build/icyphy/ptII/ptolemy/domains/de/test/auto/ResettableTimer5.xml
----------------- Instantiating /home/travis/build/icyphy/ptII/ptolemy/domains/de/test/auto/ResettableTimer5.xml
1 ms. Memory: 150528K Free: 99216K (66%)
----------------- Invoking toplevel() on ptolemy.moml.MoMLSimpleApplication@42bfa84f
----------------- Done invoking toplevel() on ptolemy.moml.MoMLSimpleApplication@42bfa84f
reloadAllAccessors: .ResettableTimer5

===========================================================================================
----------------- testing Mon May 25 14:27:13 UTC 2020 /home/travis/build/icyphy/ptII/ptolemy/domains/de/test/auto/ResettableTimer6.xml
----------------- Instantiating /home/travis/build/icyphy/ptII/ptolemy/domains/de/test/auto/ResettableTimer6.xml
6 ms. Memory: 150528K Free: 94604K (63%)
----------------- Invoking toplevel() on ptolemy.moml.MoMLSimpleApplication@6bff7ce5
----------------- Done invoking toplevel() on ptolemy.moml.MoMLSimpleApplication@6bff7ce5
reloadAllAccessors: .ResettableTimer6

===========================================================================================
----------------- testing Mon May 25 14:27:13 UTC 2020 /home/travis/build/icyphy/ptII/ptolemy/domains/de/test/auto/ServerZeroDelay.xml
----------------- Instantiating /home/travis/build/icyphy/ptII/ptolemy/domains/de/test/auto/ServerZeroDelay.xml
6 ms. Memory: 150528K Free: 90480K (60%)
----------------- Invoking toplevel() on ptolemy.moml.MoMLSimpleApplication@b73cd6c
----------------- Done invoking toplevel() on ptolemy.moml.MoMLSimpleApplication@b73cd6c
reloadAllAccessors: .ServerZeroDelay

===========================================================================================
----------------- testing Mon May 25 14:27:13 UTC 2020 /home/travis/build/icyphy/ptII/ptolemy/domains/de/test/auto/SmartSender.xml
----------------- Instantiating /home/travis/build/icyphy/ptII/ptolemy/domains/de/test/auto/SmartSender.xml
3000 ms. Memory: 150528K Free: 86414K (57%)
----------------- Invoking toplevel() on ptolemy.moml.MoMLSimpleApplication@249d96c0
----------------- Done invoking toplevel() on ptolemy.moml.MoMLSimpleApplication@249d96c0
reloadAllAccessors: .SmartSender

===========================================================================================
----------------- testing Mon May 25 14:27:16 UTC 2020 /home/travis/build/icyphy/ptII/ptolemy/domains/de/test/auto/ThreadedComposite.xml
----------------- Instantiating /home/travis/build/icyphy/ptII/ptolemy/domains/de/test/auto/ThreadedComposite.xml
85 ms. Memory: 150528K Free: 66958K (44%)
----------------- Invoking toplevel() on ptolemy.moml.MoMLSimpleApplication@69e4bdd9
----------------- Done invoking toplevel() on ptolemy.moml.MoMLSimpleApplication@69e4bdd9
reloadAllAccessors: .ThreadedComposite

===========================================================================================
----------------- testing Mon May 25 14:27:17 UTC 2020 /home/travis/build/icyphy/ptII/ptolemy/domains/de/test/auto/Time.xml
----------------- Instantiating /home/travis/build/icyphy/ptII/ptolemy/domains/de/test/auto/Time.xml
345 ms. Memory: 150528K Free: 101903K (68%)
----------------- Invoking toplevel() on ptolemy.moml.MoMLSimpleApplication@3ee944bf
----------------- Done invoking toplevel() on ptolemy.moml.MoMLSimpleApplication@3ee944bf
reloadAllAccessors: .Time

===========================================================================================
----------------- testing Mon May 25 14:27:17 UTC 2020 /home/travis/build/icyphy/ptII/ptolemy/domains/de/test/auto/TimeDelayZeroDelay.xml
----------------- Instantiating /home/travis/build/icyphy/ptII/ptolemy/domains/de/test/auto/TimeDelayZeroDelay.xml
2 ms. Memory: 150528K Free: 97700K (65%)
----------------- Invoking toplevel() on ptolemy.moml.MoMLSimpleApplication@3cd63d12
----------------- Done invoking toplevel() on ptolemy.moml.MoMLSimpleApplication@3cd63d12
reloadAllAccessors: .TimeDelayZeroDelay

===========================================================================================
----------------- testing Mon May 25 14:27:17 UTC 2020 /home/travis/build/icyphy/ptII/ptolemy/domains/de/test/auto/TimerZeroDelay.xml
----------------- Instantiating /home/travis/build/icyphy/ptII/ptolemy/domains/de/test/auto/TimerZeroDelay.xml
2 ms. Memory: 150528K Free: 93588K (62%)
----------------- Invoking toplevel() on ptolemy.moml.MoMLSimpleApplication@221781ff
----------------- Done invoking toplevel() on ptolemy.moml.MoMLSimpleApplication@221781ff
reloadAllAccessors: .TimerZeroDelay

===========================================================================================
----------------- testing Mon May 25 14:27:17 UTC 2020 /home/travis/build/icyphy/ptII/ptolemy/domains/de/test/auto/TimingParadox.xml
----------------- Instantiating /home/travis/build/icyphy/ptII/ptolemy/domains/de/test/auto/TimingParadox.xml
234 ms. Memory: 150528K Free: 114880K (76%)
----------------- Invoking toplevel() on ptolemy.moml.MoMLSimpleApplication@4ba2d037
----------------- Done invoking toplevel() on ptolemy.moml.MoMLSimpleApplication@4ba2d037
reloadAllAccessors: .TimingParadox

===========================================================================================
----------------- testing Mon May 25 14:27:17 UTC 2020 /home/travis/build/icyphy/ptII/ptolemy/domains/de/test/auto/TransferInputs.xml
----------------- Instantiating /home/travis/build/icyphy/ptII/ptolemy/domains/de/test/auto/TransferInputs.xml
2 ms. Memory: 150528K Free: 110043K (73%)
----------------- Invoking toplevel() on ptolemy.moml.MoMLSimpleApplication@7d99afd1
----------------- Done invoking toplevel() on ptolemy.moml.MoMLSimpleApplication@7d99afd1
reloadAllAccessors: .TransferInputs

===========================================================================================
----------------- testing Mon May 25 14:27:17 UTC 2020 /home/travis/build/icyphy/ptII/ptolemy/domains/de/test/auto/TransferOutputs2.xml
----------------- Instantiating /home/travis/build/icyphy/ptII/ptolemy/domains/de/test/auto/TransferOutputs2.xml
2 ms. Memory: 150528K Free: 101865K (68%)
----------------- Invoking toplevel() on ptolemy.moml.MoMLSimpleApplication@16fbc7f6
----------------- Done invoking toplevel() on ptolemy.moml.MoMLSimpleApplication@16fbc7f6
reloadAllAccessors: .TransferOutputs2

===========================================================================================
----------------- testing Mon May 25 14:27:17 UTC 2020 /home/travis/build/icyphy/ptII/ptolemy/domains/de/test/auto/Trilateration.xml
----------------- Instantiating /home/travis/build/icyphy/ptII/ptolemy/domains/de/test/auto/Trilateration.xml
9898 ms. Memory: 390144K Free: 225587K (58%)
----------------- Invoking toplevel() on ptolemy.moml.MoMLSimpleApplication@34947d31
----------------- Done invoking toplevel() on ptolemy.moml.MoMLSimpleApplication@34947d31
reloadAllAccessors: .Trilateration

===========================================================================================
----------------- testing Mon May 25 14:27:28 UTC 2020 /home/travis/build/icyphy/ptII/ptolemy/domains/de/test/auto/TwoSigmaDelta.xml
----------------- Instantiating /home/travis/build/icyphy/ptII/ptolemy/domains/de/test/auto/TwoSigmaDelta.xml
1672 ms. Memory: 390144K Free: 252999K (65%)
----------------- Invoking toplevel() on ptolemy.moml.MoMLSimpleApplication@358f0da6
----------------- Done invoking toplevel() on ptolemy.moml.MoMLSimpleApplication@358f0da6
reloadAllAccessors: .TwoSigmaDelta

===========================================================================================
----------------- testing Mon May 25 14:27:30 UTC 2020 /home/travis/build/icyphy/ptII/ptolemy/domains/de/test/auto/VariableDelay.xml
----------------- Instantiating /home/travis/build/icyphy/ptII/ptolemy/domains/de/test/auto/VariableDelay.xml
7 ms. Memory: 390144K Free: 247879K (64%)
----------------- Invoking toplevel() on ptolemy.moml.MoMLSimpleApplication@70893304
----------------- Done invoking toplevel() on ptolemy.moml.MoMLSimpleApplication@70893304
reloadAllAccessors: .VariableDelay

===========================================================================================
----------------- testing Mon May 25 14:27:30 UTC 2020 /home/travis/build/icyphy/ptII/ptolemy/domains/de/test/auto/VariableDelay2.xml
----------------- Instantiating /home/travis/build/icyphy/ptII/ptolemy/domains/de/test/auto/VariableDelay2.xml
2 ms. Memory: 390144K Free: 243255K (62%)
----------------- Invoking toplevel() on ptolemy.moml.MoMLSimpleApplication@6c02d0f4
----------------- Done invoking toplevel() on ptolemy.moml.MoMLSimpleApplication@6c02d0f4
reloadAllAccessors: .VariableDelay2

===========================================================================================
----------------- testing Mon May 25 14:27:30 UTC 2020 /home/travis/build/icyphy/ptII/ptolemy/domains/de/test/auto/VariableDelayZeroDelay.xml
----------------- Instantiating /home/travis/build/icyphy/ptII/ptolemy/domains/de/test/auto/VariableDelayZeroDelay.xml
2 ms. Memory: 390144K Free: 239173K (61%)
----------------- Invoking toplevel() on ptolemy.moml.MoMLSimpleApplication@575595c7
----------------- Done invoking toplevel() on ptolemy.moml.MoMLSimpleApplication@575595c7
reloadAllAccessors: .VariableDelayZeroDelay

===========================================================================================
----------------- testing Mon May 25 14:27:30 UTC 2020 /home/travis/build/icyphy/ptII/ptolemy/domains/de/test/auto/VariableDelayZeroDelay2.xml
----------------- Instantiating /home/travis/build/icyphy/ptII/ptolemy/domains/de/test/auto/VariableDelayZeroDelay2.xml
2 ms. Memory: 390144K Free: 234567K (60%)
----------------- Invoking toplevel() on ptolemy.moml.MoMLSimpleApplication@7ed04b1f
----------------- Done invoking toplevel() on ptolemy.moml.MoMLSimpleApplication@7ed04b1f
reloadAllAccessors: .VariableDelayZeroDelay2

===========================================================================================
----------------- testing Mon May 25 14:27:30 UTC 2020 /home/travis/build/icyphy/ptII/ptolemy/domains/de/test/auto/deInCt.xml
----------------- Instantiating /home/travis/build/icyphy/ptII/ptolemy/domains/de/test/auto/deInCt.xml
0
1
1
1
0
0
0
1
1
1
1
0
0
0
1
1
1
0
0
0
1
1
1
0
0
0
0
1
1
1
0
0
0
1
1
1
0
0
1
1
1
0
0
0
0
0
7 ms. Memory: 390144K Free: 229447K (59%)
----------------- Invoking toplevel() on ptolemy.moml.MoMLSimpleApplication@247b9c16
----------------- Done invoking toplevel() on ptolemy.moml.MoMLSimpleApplication@247b9c16
reloadAllAccessors: .deInCt

===========================================================================================
----------------- testing Mon May 25 14:27:30 UTC 2020 /home/travis/build/icyphy/ptII/ptolemy/domains/de/test/auto/deInCt2.xml
----------------- Instantiating /home/travis/build/icyphy/ptII/ptolemy/domains/de/test/auto/deInCt2.xml
0
1
1
1
0
0
1
1
1
0
0
1
1
1
0
0
1
1
1
0
0
1
1
1
0
0
1
1
1
0
0
1
1
1
0
0
1
1
1
0
0
0
11 ms. Memory: 390144K Free: 224325K (57%)
----------------- Invoking toplevel() on ptolemy.moml.MoMLSimpleApplication@2c490e68
----------------- Done invoking toplevel() on ptolemy.moml.MoMLSimpleApplication@2c490e68
reloadAllAccessors: .deInCt2

===========================================================================================
----------------- testing Mon May 25 14:27:30 UTC 2020 /home/travis/build/icyphy/ptII/ptolemy/domains/de/test/auto/dynamicCausalityInterface1.xml
----------------- Instantiating /home/travis/build/icyphy/ptII/ptolemy/domains/de/test/auto/dynamicCausalityInterface1.xml
1 ms. Memory: 390144K Free: 215111K (55%)
----------------- Invoking toplevel() on ptolemy.moml.MoMLSimpleApplication@25ba0a59
----------------- Done invoking toplevel() on ptolemy.moml.MoMLSimpleApplication@25ba0a59
reloadAllAccessors: .dynamicCausalityInterface1

===========================================================================================
----------------- testing Mon May 25 14:27:30 UTC 2020 /home/travis/build/icyphy/ptII/ptolemy/domains/de/test/auto/fsm_de_test.xml
----------------- Instantiating /home/travis/build/icyphy/ptII/ptolemy/domains/de/test/auto/fsm_de_test.xml
5 ms. Memory: 390144K Free: 205895K (53%)
----------------- Invoking toplevel() on ptolemy.moml.MoMLSimpleApplication@29d88d84
----------------- Done invoking toplevel() on ptolemy.moml.MoMLSimpleApplication@29d88d84
reloadAllAccessors: .fsm_de_test

===========================================================================================
----------------- testing Mon May 25 14:27:30 UTC 2020 /home/travis/build/icyphy/ptII/ptolemy/domains/de/test/auto/functionDependencyReconstruction.xml
----------------- Instantiating /home/travis/build/icyphy/ptII/ptolemy/domains/de/test/auto/functionDependencyReconstruction.xml
2 ms. Memory: 390144K Free: 191045K (49%)
----------------- Invoking toplevel() on ptolemy.moml.MoMLSimpleApplication@21d52879
----------------- Done invoking toplevel() on ptolemy.moml.MoMLSimpleApplication@21d52879
reloadAllAccessors: .functionDependencyReconstruction

===========================================================================================
----------------- testing Mon May 25 14:27:30 UTC 2020 /home/travis/build/icyphy/ptII/ptolemy/domains/de/test/auto/multirate.xml
----------------- Instantiating /home/travis/build/icyphy/ptII/ptolemy/domains/de/test/auto/multirate.xml
2 ms. Memory: 390144K Free: 184391K (47%)
----------------- Invoking toplevel() on ptolemy.moml.MoMLSimpleApplication@49a01277
----------------- Done invoking toplevel() on ptolemy.moml.MoMLSimpleApplication@49a01277
reloadAllAccessors: .multirate

===========================================================================================
----------------- testing Mon May 25 14:27:30 UTC 2020 /home/travis/build/icyphy/ptII/ptolemy/domains/de/test/auto/multirate2.xml
----------------- Instantiating /home/travis/build/icyphy/ptII/ptolemy/domains/de/test/auto/multirate2.xml
3 ms. Memory: 390144K Free: 177719K (46%)
----------------- Invoking toplevel() on ptolemy.moml.MoMLSimpleApplication@a80b0a
----------------- Done invoking toplevel() on ptolemy.moml.MoMLSimpleApplication@a80b0a
reloadAllAccessors: .multirate2

===========================================================================================
----------------- testing Mon May 25 14:27:30 UTC 2020 /home/travis/build/icyphy/ptII/ptolemy/domains/de/test/auto/realtime.xml
----------------- Instantiating /home/travis/build/icyphy/ptII/ptolemy/domains/de/test/auto/realtime.xml
10001 ms. Memory: 390144K Free: 173127K (44%)
----------------- Invoking toplevel() on ptolemy.moml.MoMLSimpleApplication@18e41aa1
----------------- Done invoking toplevel() on ptolemy.moml.MoMLSimpleApplication@18e41aa1
reloadAllAccessors: .realtime

===========================================================================================
----------------- testing Mon May 25 14:27:40 UTC 2020 /home/travis/build/icyphy/ptII/ptolemy/domains/de/test/auto/relationGroup.xml
----------------- Instantiating /home/travis/build/icyphy/ptII/ptolemy/domains/de/test/auto/relationGroup.xml
2 ms. Memory: 390144K Free: 169541K (43%)
----------------- Invoking toplevel() on ptolemy.moml.MoMLSimpleApplication@7ae4cd5e
----------------- Done invoking toplevel() on ptolemy.moml.MoMLSimpleApplication@7ae4cd5e
reloadAllAccessors: .relationGroup

===========================================================================================
----------------- testing Mon May 25 14:27:40 UTC 2020 /home/travis/build/icyphy/ptII/ptolemy/domains/de/test/auto/relationGroup2.xml
----------------- Instantiating /home/travis/build/icyphy/ptII/ptolemy/domains/de/test/auto/relationGroup2.xml
1 ms. Memory: 390144K Free: 165959K (43%)
----------------- Invoking toplevel() on ptolemy.moml.MoMLSimpleApplication@4e08998c
----------------- Done invoking toplevel() on ptolemy.moml.MoMLSimpleApplication@4e08998c
reloadAllAccessors: .relationGroup2

===========================================================================================
----------------- testing Mon May 25 14:27:40 UTC 2020 /home/travis/build/icyphy/ptII/ptolemy/domains/de/test/auto/sortWithOpaquePorts.xml
----------------- Instantiating /home/travis/build/icyphy/ptII/ptolemy/domains/de/test/auto/sortWithOpaquePorts.xml
2 ms. Memory: 390144K Free: 161319K (41%)
----------------- Invoking toplevel() on ptolemy.moml.MoMLSimpleApplication@5700e469
----------------- Done invoking toplevel() on ptolemy.moml.MoMLSimpleApplication@5700e469
reloadAllAccessors: .sortWithOpaquePorts

===========================================================================================
----------------- testing Mon May 25 14:27:40 UTC 2020 /home/travis/build/icyphy/ptII/ptolemy/domains/de/test/auto/transferInputsandOutputs.xml
----------------- Instantiating /home/travis/build/icyphy/ptII/ptolemy/domains/de/test/auto/transferInputsandOutputs.xml
2 ms. Memory: 390144K Free: 154181K (40%)
----------------- Invoking toplevel() on ptolemy.moml.MoMLSimpleApplication@31bd2de9
----------------- Done invoking toplevel() on ptolemy.moml.MoMLSimpleApplication@31bd2de9
reloadAllAccessors: .transferInputsandOutputs

===========================================================================================
----------------- testing Mon May 25 14:27:40 UTC 2020 /home/travis/build/icyphy/ptII/ptolemy/domains/de/test/auto/triggerType.xml
----------------- Instantiating /home/travis/build/icyphy/ptII/ptolemy/domains/de/test/auto/triggerType.xml
1 ms. Memory: 390144K Free: 150071K (38%)
----------------- Invoking toplevel() on ptolemy.moml.MoMLSimpleApplication@189264a1
----------------- Done invoking toplevel() on ptolemy.moml.MoMLSimpleApplication@189264a1
reloadAllAccessors: .triggerType
AutoTests.java: About to close Vertx.
AutoTests.java: Vertx closed.
]]></system-out>
  <system-err><![CDATA[java.lang.RuntimeException: Execution failed
	at ptolemy.moml.MoMLSimpleApplication$UnloadThread.run(MoMLSimpleApplication.java:402)
Caused by: ptolemy.kernel.util.IllegalActionException: Found a zero delay loop containing .dependencyLoop.original
  in .dependencyLoop and .dependencyLoop.original
	at ptolemy.actor.util.CausalityInterfaceForComposites._computeOutputPortDepth(CausalityInterfaceForComposites.java:759)
	at ptolemy.actor.util.CausalityInterfaceForComposites._computeInputDepth(CausalityInterfaceForComposites.java:696)
	at ptolemy.actor.util.CausalityInterfaceForComposites._computeOutputPortDepth(CausalityInterfaceForComposites.java:765)
	at ptolemy.actor.util.CausalityInterfaceForComposites._computeInputDepth(CausalityInterfaceForComposites.java:696)
	at ptolemy.actor.util.CausalityInterfaceForComposites._computeOutputPortDepth(CausalityInterfaceForComposites.java:765)
	at ptolemy.actor.util.CausalityInterfaceForComposites._computeInputDepth(CausalityInterfaceForComposites.java:696)
	at ptolemy.actor.util.CausalityInterfaceForComposites._computeActorDepth(CausalityInterfaceForComposites.java:532)
	at ptolemy.actor.util.CausalityInterfaceForComposites.checkForCycles(CausalityInterfaceForComposites.java:96)
	at ptolemy.domains.de.kernel.DEDirector.preinitialize(DEDirector.java:1338)
	at ptolemy.actor.CompositeActor.preinitialize(CompositeActor.java:1828)
	at ptolemy.actor.Manager.preinitializeAndResolveTypes(Manager.java:1040)
	at ptolemy.actor.Manager.initialize(Manager.java:710)
	at ptolemy.actor.Manager.execute(Manager.java:356)
	at ptolemy.actor.Manager.run(Manager.java:1263)
	at ptolemy.actor.Manager$PtolemyRunThread.run(Manager.java:1933)
java.lang.RuntimeException: Execution failed
	at ptolemy.moml.MoMLSimpleApplication$UnloadThread.run(MoMLSimpleApplication.java:402)
Caused by: ptolemy.kernel.util.IllegalActionException: Found a zero delay loop containing .dependencyLoop2.original
  in .dependencyLoop2 and .dependencyLoop2.original
	at ptolemy.actor.util.CausalityInterfaceForComposites._computeOutputPortDepth(CausalityInterfaceForComposites.java:759)
	at ptolemy.actor.util.CausalityInterfaceForComposites._computeInputDepth(CausalityInterfaceForComposites.java:696)
	at ptolemy.actor.util.CausalityInterfaceForComposites._computeOutputPortDepth(CausalityInterfaceForComposites.java:765)
	at ptolemy.actor.util.CausalityInterfaceForComposites._computeInputDepth(CausalityInterfaceForComposites.java:696)
	at ptolemy.actor.util.CausalityInterfaceForComposites._computeOutputPortDepth(CausalityInterfaceForComposites.java:765)
	at ptolemy.actor.util.CausalityInterfaceForComposites._computeInputDepth(CausalityInterfaceForComposites.java:696)
	at ptolemy.actor.util.CausalityInterfaceForComposites._computeActorDepth(CausalityInterfaceForComposites.java:532)
	at ptolemy.actor.util.CausalityInterfaceForComposites.checkForCycles(CausalityInterfaceForComposites.java:96)
	at ptolemy.domains.de.kernel.DEDirector.preinitialize(DEDirector.java:1338)
	at ptolemy.actor.CompositeActor.preinitialize(CompositeActor.java:1828)
	at ptolemy.actor.Manager.preinitializeAndResolveTypes(Manager.java:1040)
	at ptolemy.actor.Manager.initialize(Manager.java:710)
	at ptolemy.actor.Manager.execute(Manager.java:356)
	at ptolemy.actor.Manager.run(Manager.java:1263)
	at ptolemy.actor.Manager$PtolemyRunThread.run(Manager.java:1933)
java.lang.RuntimeException: Execution failed
	at ptolemy.moml.MoMLSimpleApplication$UnloadThread.run(MoMLSimpleApplication.java:402)
Caused by: ptolemy.kernel.util.IllegalActionException: Test fails in iteration 1.
Value was: 1.0. Should have been: 2.0
  in .DirectFeedback.Test
	at ptolemy.actor.lib.Test.fire(Test.java:268)
	at ptolemy.domains.de.kernel.DEDirector._fire(DEDirector.java:1949)
	at ptolemy.domains.de.kernel.DEDirector.fire(DEDirector.java:502)
	at ptolemy.actor.CompositeActor.fire(CompositeActor.java:455)
	at ptolemy.actor.Manager.iterate(Manager.java:851)
	at ptolemy.actor.Manager.execute(Manager.java:369)
	at ptolemy.actor.Manager.run(Manager.java:1263)
	at ptolemy.actor.Manager$PtolemyRunThread.run(Manager.java:1933)
java.lang.RuntimeException: Execution failed
	at ptolemy.moml.MoMLSimpleApplication$UnloadThread.run(MoMLSimpleApplication.java:402)
Caused by: ptolemy.kernel.util.IllegalActionException: Found a zero delay loop containing .dependencyLoop.original
  in .dependencyLoop and .dependencyLoop.original
	at ptolemy.actor.util.CausalityInterfaceForComposites._computeOutputPortDepth(CausalityInterfaceForComposites.java:759)
	at ptolemy.actor.util.CausalityInterfaceForComposites._computeInputDepth(CausalityInterfaceForComposites.java:696)
	at ptolemy.actor.util.CausalityInterfaceForComposites._computeOutputPortDepth(CausalityInterfaceForComposites.java:765)
	at ptolemy.actor.util.CausalityInterfaceForComposites._computeInputDepth(CausalityInterfaceForComposites.java:696)
	at ptolemy.actor.util.CausalityInterfaceForComposites._computeOutputPortDepth(CausalityInterfaceForComposites.java:765)
	at ptolemy.actor.util.CausalityInterfaceForComposites._computeInputDepth(CausalityInterfaceForComposites.java:696)
	at ptolemy.actor.util.CausalityInterfaceForComposites._computeActorDepth(CausalityInterfaceForComposites.java:532)
	at ptolemy.actor.util.CausalityInterfaceForComposites.checkForCycles(CausalityInterfaceForComposites.java:96)
	at ptolemy.domains.de.kernel.DEDirector.preinitialize(DEDirector.java:1338)
	at ptolemy.actor.CompositeActor.preinitialize(CompositeActor.java:1828)
	at ptolemy.actor.Manager.preinitializeAndResolveTypes(Manager.java:1040)
	at ptolemy.actor.Manager.initialize(Manager.java:710)
	at ptolemy.actor.Manager.execute(Manager.java:356)
	at ptolemy.actor.Manager.run(Manager.java:1263)
	at ptolemy.actor.Manager$PtolemyRunThread.run(Manager.java:1933)
java.lang.RuntimeException: Execution failed
	at ptolemy.moml.MoMLSimpleApplication$UnloadThread.run(MoMLSimpleApplication.java:402)
Caused by: ptolemy.kernel.util.IllegalActionException: Found a zero delay loop containing .HierarchicalModel.A
  in .HierarchicalModel and .HierarchicalModel.A
	at ptolemy.actor.util.CausalityInterfaceForComposites._computeOutputPortDepth(CausalityInterfaceForComposites.java:759)
	at ptolemy.actor.util.CausalityInterfaceForComposites._computeInputDepth(CausalityInterfaceForComposites.java:696)
	at ptolemy.actor.util.CausalityInterfaceForComposites._computeOutputPortDepth(CausalityInterfaceForComposites.java:765)
	at ptolemy.actor.util.CausalityInterfaceForComposites._computeInputDepth(CausalityInterfaceForComposites.java:696)
	at ptolemy.actor.util.CausalityInterfaceForComposites._computeOutputPortDepth(CausalityInterfaceForComposites.java:765)
	at ptolemy.actor.util.CausalityInterfaceForComposites._computeInputDepth(CausalityInterfaceForComposites.java:696)
	at ptolemy.actor.util.CausalityInterfaceForComposites._computeActorDepth(CausalityInterfaceForComposites.java:532)
	at ptolemy.actor.util.CausalityInterfaceForComposites.checkForCycles(CausalityInterfaceForComposites.java:96)
	at ptolemy.domains.de.kernel.DEDirector.preinitialize(DEDirector.java:1338)
	at ptolemy.actor.CompositeActor.preinitialize(CompositeActor.java:1828)
	at ptolemy.actor.Manager.preinitializeAndResolveTypes(Manager.java:1040)
	at ptolemy.actor.Manager.initialize(Manager.java:710)
	at ptolemy.actor.Manager.execute(Manager.java:356)
	at ptolemy.actor.Manager.run(Manager.java:1263)
	at ptolemy.actor.Manager$PtolemyRunThread.run(Manager.java:1933)
java.lang.RuntimeException: Execution failed
	at ptolemy.moml.MoMLSimpleApplication$UnloadThread.run(MoMLSimpleApplication.java:402)
Caused by: ptolemy.kernel.util.IllegalActionException: Found a zero delay loop containing .dependencyLoop2.original
  in .dependencyLoop2 and .dependencyLoop2.original
	at ptolemy.actor.util.CausalityInterfaceForComposites._computeOutputPortDepth(CausalityInterfaceForComposites.java:759)
	at ptolemy.actor.util.CausalityInterfaceForComposites._computeInputDepth(CausalityInterfaceForComposites.java:696)
	at ptolemy.actor.util.CausalityInterfaceForComposites._computeOutputPortDepth(CausalityInterfaceForComposites.java:765)
	at ptolemy.actor.util.CausalityInterfaceForComposites._computeInputDepth(CausalityInterfaceForComposites.java:696)
	at ptolemy.actor.util.CausalityInterfaceForComposites._computeOutputPortDepth(CausalityInterfaceForComposites.java:765)
	at ptolemy.actor.util.CausalityInterfaceForComposites._computeInputDepth(CausalityInterfaceForComposites.java:696)
	at ptolemy.actor.util.CausalityInterfaceForComposites._computeActorDepth(CausalityInterfaceForComposites.java:532)
	at ptolemy.actor.util.CausalityInterfaceForComposites.checkForCycles(CausalityInterfaceForComposites.java:96)
	at ptolemy.domains.de.kernel.DEDirector.preinitialize(DEDirector.java:1338)
	at ptolemy.actor.CompositeActor.preinitialize(CompositeActor.java:1828)
	at ptolemy.actor.Manager.preinitializeAndResolveTypes(Manager.java:1040)
	at ptolemy.actor.Manager.initialize(Manager.java:710)
	at ptolemy.actor.Manager.execute(Manager.java:356)
	at ptolemy.actor.Manager.run(Manager.java:1263)
	at ptolemy.actor.Manager$PtolemyRunThread.run(Manager.java:1933)
java.lang.RuntimeException: Execution failed
	at ptolemy.moml.MoMLSimpleApplication$UnloadThread.run(MoMLSimpleApplication.java:402)
Caused by: ptolemy.kernel.util.IllegalActionException: Actor is not ready to fire.  Perhaps UpSample.prefire() returned false? Try debugging the actor by selecting "Listen to Actor".  Also, for SDF check moml for tokenConsumptionRate on input.
  in .DESDFClockTest.Play Bell.Copy1:SDF Director and .DESDFClockTest.Play Bell.UpSample
	at ptolemy.actor.sched.StaticSchedulingDirector.fire(StaticSchedulingDirector.java:227)
	at ptolemy.domains.sdf.kernel.SDFDirector.fire(SDFDirector.java:500)
	at ptolemy.actor.CompositeActor.fire(CompositeActor.java:455)
	at ptolemy.domains.de.kernel.DEDirector._fire(DEDirector.java:1949)
	at ptolemy.domains.de.kernel.DEDirector.fire(DEDirector.java:502)
	at ptolemy.actor.CompositeActor.fire(CompositeActor.java:455)
	at ptolemy.actor.Manager.iterate(Manager.java:851)
	at ptolemy.actor.Manager.execute(Manager.java:369)
	at ptolemy.actor.Manager.run(Manager.java:1263)
	at ptolemy.actor.Manager$PtolemyRunThread.run(Manager.java:1933)
java.lang.RuntimeException: Execution failed
	at ptolemy.moml.MoMLSimpleApplication$UnloadThread.run(MoMLSimpleApplication.java:402)
Caused by: ptolemy.kernel.util.IllegalActionException: Actor is not ready to fire.  Perhaps UpSample.prefire() returned false? Try debugging the actor by selecting "Listen to Actor".  Also, for SDF check moml for tokenConsumptionRate on input.
  in .DESDFClockTest.Play Bell.Copy1:SDF Director and .DESDFClockTest.Play Bell.UpSample
	at ptolemy.actor.sched.StaticSchedulingDirector.fire(StaticSchedulingDirector.java:227)
	at ptolemy.domains.sdf.kernel.SDFDirector.fire(SDFDirector.java:500)
	at ptolemy.actor.CompositeActor.fire(CompositeActor.java:455)
	at ptolemy.domains.de.kernel.DEDirector._fire(DEDirector.java:1949)
	at ptolemy.domains.de.kernel.DEDirector.fire(DEDirector.java:502)
	at ptolemy.actor.CompositeActor.fire(CompositeActor.java:455)
	at ptolemy.actor.Manager.iterate(Manager.java:851)
	at ptolemy.actor.Manager.execute(Manager.java:369)
	at ptolemy.actor.Manager.run(Manager.java:1263)
	at ptolemy.actor.Manager$PtolemyRunThread.run(Manager.java:1933)
java.lang.reflect.InvocationTargetException
	at java.base/jdk.internal.reflect.NativeConstructorAccessorImpl.newInstance0(Native Method)
	at java.base/jdk.internal.reflect.NativeConstructorAccessorImpl.newInstance(NativeConstructorAccessorImpl.java:62)
	at java.base/jdk.internal.reflect.DelegatingConstructorAccessorImpl.newInstance(DelegatingConstructorAccessorImpl.java:45)
	at java.base/java.lang.reflect.Constructor.newInstance(Constructor.java:490)
	at ptolemy.util.test.junit.AutoKnownFailedTests.RunModel(AutoKnownFailedTests.java:105)
	at java.base/jdk.internal.reflect.NativeMethodAccessorImpl.invoke0(Native Method)
	at java.base/jdk.internal.reflect.NativeMethodAccessorImpl.invoke(NativeMethodAccessorImpl.java:62)
	at java.base/jdk.internal.reflect.DelegatingMethodAccessorImpl.invoke(DelegatingMethodAccessorImpl.java:43)
	at java.base/java.lang.reflect.Method.invoke(Method.java:566)
	at org.junit.runners.model.FrameworkMethod$1.runReflectiveCall(FrameworkMethod.java:44)
	at org.junit.internal.runners.model.ReflectiveCallable.run(ReflectiveCallable.java:15)
	at org.junit.runners.model.FrameworkMethod.invokeExplosively(FrameworkMethod.java:41)
	at junitparams.internal.InvokeParameterisedMethod.evaluate(InvokeParameterisedMethod.java:102)
	at org.junit.internal.runners.statements.FailOnTimeout$1.run(FailOnTimeout.java:28)
Caused by: ptolemy.kernel.util.IllegalActionException: Actor is not ready to fire.  Perhaps UpSample.prefire() returned false? Try debugging the actor by selecting "Listen to Actor".  Also, for SDF check moml for tokenConsumptionRate on input.
  in .DESDFClockTest.Play Bell.Copy1:SDF Director and .DESDFClockTest.Play Bell.UpSample
	at ptolemy.actor.sched.StaticSchedulingDirector.fire(StaticSchedulingDirector.java:227)
	at ptolemy.domains.sdf.kernel.SDFDirector.fire(SDFDirector.java:500)
	at ptolemy.actor.CompositeActor.fire(CompositeActor.java:455)
	at ptolemy.domains.de.kernel.DEDirector._fire(DEDirector.java:1949)
	at ptolemy.domains.de.kernel.DEDirector.fire(DEDirector.java:502)
	at ptolemy.actor.CompositeActor.fire(CompositeActor.java:455)
	at ptolemy.actor.Manager.iterate(Manager.java:851)
	at ptolemy.actor.Manager.execute(Manager.java:369)
	at ptolemy.actor.Manager.run(Manager.java:1263)
	at ptolemy.actor.Manager$PtolemyRunThread.run(Manager.java:1933)
java.lang.RuntimeException: Execution failed
	at ptolemy.moml.MoMLSimpleApplication$UnloadThread.run(MoMLSimpleApplication.java:402)
Caused by: ptolemy.kernel.util.IllegalActionException: Test fails in iteration 1.
Value was: 1.0. Should have been: 2.0
  in .DirectFeedback.Test
	at ptolemy.actor.lib.Test.fire(Test.java:268)
	at ptolemy.domains.de.kernel.DEDirector._fire(DEDirector.java:1949)
	at ptolemy.domains.de.kernel.DEDirector.fire(DEDirector.java:502)
	at ptolemy.actor.CompositeActor.fire(CompositeActor.java:455)
	at ptolemy.actor.Manager.iterate(Manager.java:851)
	at ptolemy.actor.Manager.execute(Manager.java:369)
	at ptolemy.actor.Manager.run(Manager.java:1263)
	at ptolemy.actor.Manager$PtolemyRunThread.run(Manager.java:1933)
java.lang.reflect.InvocationTargetException
	at java.base/jdk.internal.reflect.NativeConstructorAccessorImpl.newInstance0(Native Method)
	at java.base/jdk.internal.reflect.NativeConstructorAccessorImpl.newInstance(NativeConstructorAccessorImpl.java:62)
	at java.base/jdk.internal.reflect.DelegatingConstructorAccessorImpl.newInstance(DelegatingConstructorAccessorImpl.java:45)
	at java.base/java.lang.reflect.Constructor.newInstance(Constructor.java:490)
	at ptolemy.util.test.junit.AutoKnownFailedTests.RunModel(AutoKnownFailedTests.java:105)
	at java.base/jdk.internal.reflect.NativeMethodAccessorImpl.invoke0(Native Method)
	at java.base/jdk.internal.reflect.NativeMethodAccessorImpl.invoke(NativeMethodAccessorImpl.java:62)
	at java.base/jdk.internal.reflect.DelegatingMethodAccessorImpl.invoke(DelegatingMethodAccessorImpl.java:43)
	at java.base/java.lang.reflect.Method.invoke(Method.java:566)
	at org.junit.runners.model.FrameworkMethod$1.runReflectiveCall(FrameworkMethod.java:44)
	at org.junit.internal.runners.model.ReflectiveCallable.run(ReflectiveCallable.java:15)
	at org.junit.runners.model.FrameworkMethod.invokeExplosively(FrameworkMethod.java:41)
	at junitparams.internal.InvokeParameterisedMethod.evaluate(InvokeParameterisedMethod.java:102)
	at org.junit.internal.runners.statements.FailOnTimeout$1.run(FailOnTimeout.java:28)
Caused by: ptolemy.kernel.util.IllegalActionException: Test fails in iteration 1.
Value was: 1.0. Should have been: 2.0
  in .DirectFeedback.Test
	at ptolemy.actor.lib.Test.fire(Test.java:268)
	at ptolemy.domains.de.kernel.DEDirector._fire(DEDirector.java:1949)
	at ptolemy.domains.de.kernel.DEDirector.fire(DEDirector.java:502)
	at ptolemy.actor.CompositeActor.fire(CompositeActor.java:455)
	at ptolemy.actor.Manager.iterate(Manager.java:851)
	at ptolemy.actor.Manager.execute(Manager.java:369)
	at ptolemy.actor.Manager.run(Manager.java:1263)
	at ptolemy.actor.Manager$PtolemyRunThread.run(Manager.java:1933)
java.lang.RuntimeException: Execution failed
	at ptolemy.moml.MoMLSimpleApplication$UnloadThread.run(MoMLSimpleApplication.java:402)
Caused by: ptolemy.kernel.util.IllegalActionException: Found a zero delay loop containing .HierarchicalModel.A
  in .HierarchicalModel and .HierarchicalModel.A
	at ptolemy.actor.util.CausalityInterfaceForComposites._computeOutputPortDepth(CausalityInterfaceForComposites.java:759)
	at ptolemy.actor.util.CausalityInterfaceForComposites._computeInputDepth(CausalityInterfaceForComposites.java:696)
	at ptolemy.actor.util.CausalityInterfaceForComposites._computeOutputPortDepth(CausalityInterfaceForComposites.java:765)
	at ptolemy.actor.util.CausalityInterfaceForComposites._computeInputDepth(CausalityInterfaceForComposites.java:696)
	at ptolemy.actor.util.CausalityInterfaceForComposites._computeOutputPortDepth(CausalityInterfaceForComposites.java:765)
	at ptolemy.actor.util.CausalityInterfaceForComposites._computeInputDepth(CausalityInterfaceForComposites.java:696)
	at ptolemy.actor.util.CausalityInterfaceForComposites._computeActorDepth(CausalityInterfaceForComposites.java:532)
	at ptolemy.actor.util.CausalityInterfaceForComposites.checkForCycles(CausalityInterfaceForComposites.java:96)
	at ptolemy.domains.de.kernel.DEDirector.preinitialize(DEDirector.java:1338)
	at ptolemy.actor.CompositeActor.preinitialize(CompositeActor.java:1828)
	at ptolemy.actor.Manager.preinitializeAndResolveTypes(Manager.java:1040)
	at ptolemy.actor.Manager.initialize(Manager.java:710)
	at ptolemy.actor.Manager.execute(Manager.java:356)
	at ptolemy.actor.Manager.run(Manager.java:1263)
	at ptolemy.actor.Manager$PtolemyRunThread.run(Manager.java:1933)
java.lang.reflect.InvocationTargetException
	at java.base/jdk.internal.reflect.NativeConstructorAccessorImpl.newInstance0(Native Method)
	at java.base/jdk.internal.reflect.NativeConstructorAccessorImpl.newInstance(NativeConstructorAccessorImpl.java:62)
	at java.base/jdk.internal.reflect.DelegatingConstructorAccessorImpl.newInstance(DelegatingConstructorAccessorImpl.java:45)
	at java.base/java.lang.reflect.Constructor.newInstance(Constructor.java:490)
	at ptolemy.util.test.junit.AutoKnownFailedTests.RunModel(AutoKnownFailedTests.java:105)
	at java.base/jdk.internal.reflect.NativeMethodAccessorImpl.invoke0(Native Method)
	at java.base/jdk.internal.reflect.NativeMethodAccessorImpl.invoke(NativeMethodAccessorImpl.java:62)
	at java.base/jdk.internal.reflect.DelegatingMethodAccessorImpl.invoke(DelegatingMethodAccessorImpl.java:43)
	at java.base/java.lang.reflect.Method.invoke(Method.java:566)
	at org.junit.runners.model.FrameworkMethod$1.runReflectiveCall(FrameworkMethod.java:44)
	at org.junit.internal.runners.model.ReflectiveCallable.run(ReflectiveCallable.java:15)
	at org.junit.runners.model.FrameworkMethod.invokeExplosively(FrameworkMethod.java:41)
	at junitparams.internal.InvokeParameterisedMethod.evaluate(InvokeParameterisedMethod.java:102)
	at org.junit.internal.runners.statements.FailOnTimeout$1.run(FailOnTimeout.java:28)
Caused by: ptolemy.kernel.util.IllegalActionException: Found a zero delay loop containing .HierarchicalModel.A
  in .HierarchicalModel and .HierarchicalModel.A
	at ptolemy.actor.util.CausalityInterfaceForComposites._computeOutputPortDepth(CausalityInterfaceForComposites.java:759)
	at ptolemy.actor.util.CausalityInterfaceForComposites._computeInputDepth(CausalityInterfaceForComposites.java:696)
	at ptolemy.actor.util.CausalityInterfaceForComposites._computeOutputPortDepth(CausalityInterfaceForComposites.java:765)
	at ptolemy.actor.util.CausalityInterfaceForComposites._computeInputDepth(CausalityInterfaceForComposites.java:696)
	at ptolemy.actor.util.CausalityInterfaceForComposites._computeOutputPortDepth(CausalityInterfaceForComposites.java:765)
	at ptolemy.actor.util.CausalityInterfaceForComposites._computeInputDepth(CausalityInterfaceForComposites.java:696)
	at ptolemy.actor.util.CausalityInterfaceForComposites._computeActorDepth(CausalityInterfaceForComposites.java:532)
	at ptolemy.actor.util.CausalityInterfaceForComposites.checkForCycles(CausalityInterfaceForComposites.java:96)
	at ptolemy.domains.de.kernel.DEDirector.preinitialize(DEDirector.java:1338)
	at ptolemy.actor.CompositeActor.preinitialize(CompositeActor.java:1828)
	at ptolemy.actor.Manager.preinitializeAndResolveTypes(Manager.java:1040)
	at ptolemy.actor.Manager.initialize(Manager.java:710)
	at ptolemy.actor.Manager.execute(Manager.java:356)
	at ptolemy.actor.Manager.run(Manager.java:1263)
	at ptolemy.actor.Manager$PtolemyRunThread.run(Manager.java:1933)
java.lang.RuntimeException: Execution failed
	at ptolemy.moml.MoMLSimpleApplication$UnloadThread.run(MoMLSimpleApplication.java:402)
Caused by: ptolemy.kernel.util.IllegalActionException: Found a zero delay loop containing .dependencyLoop.original
  in .dependencyLoop and .dependencyLoop.original
	at ptolemy.actor.util.CausalityInterfaceForComposites._computeOutputPortDepth(CausalityInterfaceForComposites.java:759)
	at ptolemy.actor.util.CausalityInterfaceForComposites._computeInputDepth(CausalityInterfaceForComposites.java:696)
	at ptolemy.actor.util.CausalityInterfaceForComposites._computeOutputPortDepth(CausalityInterfaceForComposites.java:765)
	at ptolemy.actor.util.CausalityInterfaceForComposites._computeInputDepth(CausalityInterfaceForComposites.java:696)
	at ptolemy.actor.util.CausalityInterfaceForComposites._computeOutputPortDepth(CausalityInterfaceForComposites.java:765)
	at ptolemy.actor.util.CausalityInterfaceForComposites._computeInputDepth(CausalityInterfaceForComposites.java:696)
	at ptolemy.actor.util.CausalityInterfaceForComposites._computeActorDepth(CausalityInterfaceForComposites.java:532)
	at ptolemy.actor.util.CausalityInterfaceForComposites.checkForCycles(CausalityInterfaceForComposites.java:96)
	at ptolemy.domains.de.kernel.DEDirector.preinitialize(DEDirector.java:1338)
	at ptolemy.actor.CompositeActor.preinitialize(CompositeActor.java:1828)
	at ptolemy.actor.Manager.preinitializeAndResolveTypes(Manager.java:1040)
	at ptolemy.actor.Manager.initialize(Manager.java:710)
	at ptolemy.actor.Manager.execute(Manager.java:356)
	at ptolemy.actor.Manager.run(Manager.java:1263)
	at ptolemy.actor.Manager$PtolemyRunThread.run(Manager.java:1933)
java.lang.reflect.InvocationTargetException
	at java.base/jdk.internal.reflect.NativeConstructorAccessorImpl.newInstance0(Native Method)
	at java.base/jdk.internal.reflect.NativeConstructorAccessorImpl.newInstance(NativeConstructorAccessorImpl.java:62)
	at java.base/jdk.internal.reflect.DelegatingConstructorAccessorImpl.newInstance(DelegatingConstructorAccessorImpl.java:45)
	at java.base/java.lang.reflect.Constructor.newInstance(Constructor.java:490)
	at ptolemy.util.test.junit.AutoKnownFailedTests.RunModel(AutoKnownFailedTests.java:105)
	at java.base/jdk.internal.reflect.NativeMethodAccessorImpl.invoke0(Native Method)
	at java.base/jdk.internal.reflect.NativeMethodAccessorImpl.invoke(NativeMethodAccessorImpl.java:62)
	at java.base/jdk.internal.reflect.DelegatingMethodAccessorImpl.invoke(DelegatingMethodAccessorImpl.java:43)
	at java.base/java.lang.reflect.Method.invoke(Method.java:566)
	at org.junit.runners.model.FrameworkMethod$1.runReflectiveCall(FrameworkMethod.java:44)
	at org.junit.internal.runners.model.ReflectiveCallable.run(ReflectiveCallable.java:15)
	at org.junit.runners.model.FrameworkMethod.invokeExplosively(FrameworkMethod.java:41)
	at junitparams.internal.InvokeParameterisedMethod.evaluate(InvokeParameterisedMethod.java:102)
	at org.junit.internal.runners.statements.FailOnTimeout$1.run(FailOnTimeout.java:28)
Caused by: ptolemy.kernel.util.IllegalActionException: Found a zero delay loop containing .dependencyLoop.original
  in .dependencyLoop and .dependencyLoop.original
	at ptolemy.actor.util.CausalityInterfaceForComposites._computeOutputPortDepth(CausalityInterfaceForComposites.java:759)
	at ptolemy.actor.util.CausalityInterfaceForComposites._computeInputDepth(CausalityInterfaceForComposites.java:696)
	at ptolemy.actor.util.CausalityInterfaceForComposites._computeOutputPortDepth(CausalityInterfaceForComposites.java:765)
	at ptolemy.actor.util.CausalityInterfaceForComposites._computeInputDepth(CausalityInterfaceForComposites.java:696)
	at ptolemy.actor.util.CausalityInterfaceForComposites._computeOutputPortDepth(CausalityInterfaceForComposites.java:765)
	at ptolemy.actor.util.CausalityInterfaceForComposites._computeInputDepth(CausalityInterfaceForComposites.java:696)
	at ptolemy.actor.util.CausalityInterfaceForComposites._computeActorDepth(CausalityInterfaceForComposites.java:532)
	at ptolemy.actor.util.CausalityInterfaceForComposites.checkForCycles(CausalityInterfaceForComposites.java:96)
	at ptolemy.domains.de.kernel.DEDirector.preinitialize(DEDirector.java:1338)
	at ptolemy.actor.CompositeActor.preinitialize(CompositeActor.java:1828)
	at ptolemy.actor.Manager.preinitializeAndResolveTypes(Manager.java:1040)
	at ptolemy.actor.Manager.initialize(Manager.java:710)
	at ptolemy.actor.Manager.execute(Manager.java:356)
	at ptolemy.actor.Manager.run(Manager.java:1263)
	at ptolemy.actor.Manager$PtolemyRunThread.run(Manager.java:1933)
java.lang.RuntimeException: Execution failed
	at ptolemy.moml.MoMLSimpleApplication$UnloadThread.run(MoMLSimpleApplication.java:402)
Caused by: ptolemy.kernel.util.IllegalActionException: Found a zero delay loop containing .dependencyLoop2.original
  in .dependencyLoop2 and .dependencyLoop2.original
	at ptolemy.actor.util.CausalityInterfaceForComposites._computeOutputPortDepth(CausalityInterfaceForComposites.java:759)
	at ptolemy.actor.util.CausalityInterfaceForComposites._computeInputDepth(CausalityInterfaceForComposites.java:696)
	at ptolemy.actor.util.CausalityInterfaceForComposites._computeOutputPortDepth(CausalityInterfaceForComposites.java:765)
	at ptolemy.actor.util.CausalityInterfaceForComposites._computeInputDepth(CausalityInterfaceForComposites.java:696)
	at ptolemy.actor.util.CausalityInterfaceForComposites._computeOutputPortDepth(CausalityInterfaceForComposites.java:765)
	at ptolemy.actor.util.CausalityInterfaceForComposites._computeInputDepth(CausalityInterfaceForComposites.java:696)
	at ptolemy.actor.util.CausalityInterfaceForComposites._computeActorDepth(CausalityInterfaceForComposites.java:532)
	at ptolemy.actor.util.CausalityInterfaceForComposites.checkForCycles(CausalityInterfaceForComposites.java:96)
	at ptolemy.domains.de.kernel.DEDirector.preinitialize(DEDirector.java:1338)
	at ptolemy.actor.CompositeActor.preinitialize(CompositeActor.java:1828)
	at ptolemy.actor.Manager.preinitializeAndResolveTypes(Manager.java:1040)
	at ptolemy.actor.Manager.initialize(Manager.java:710)
	at ptolemy.actor.Manager.execute(Manager.java:356)
	at ptolemy.actor.Manager.run(Manager.java:1263)
	at ptolemy.actor.Manager$PtolemyRunThread.run(Manager.java:1933)
java.lang.reflect.InvocationTargetException
	at java.base/jdk.internal.reflect.NativeConstructorAccessorImpl.newInstance0(Native Method)
	at java.base/jdk.internal.reflect.NativeConstructorAccessorImpl.newInstance(NativeConstructorAccessorImpl.java:62)
	at java.base/jdk.internal.reflect.DelegatingConstructorAccessorImpl.newInstance(DelegatingConstructorAccessorImpl.java:45)
	at java.base/java.lang.reflect.Constructor.newInstance(Constructor.java:490)
	at ptolemy.util.test.junit.AutoKnownFailedTests.RunModel(AutoKnownFailedTests.java:105)
	at java.base/jdk.internal.reflect.NativeMethodAccessorImpl.invoke0(Native Method)
	at java.base/jdk.internal.reflect.NativeMethodAccessorImpl.invoke(NativeMethodAccessorImpl.java:62)
	at java.base/jdk.internal.reflect.DelegatingMethodAccessorImpl.invoke(DelegatingMethodAccessorImpl.java:43)
	at java.base/java.lang.reflect.Method.invoke(Method.java:566)
	at org.junit.runners.model.FrameworkMethod$1.runReflectiveCall(FrameworkMethod.java:44)
	at org.junit.internal.runners.model.ReflectiveCallable.run(ReflectiveCallable.java:15)
	at org.junit.runners.model.FrameworkMethod.invokeExplosively(FrameworkMethod.java:41)
	at junitparams.internal.InvokeParameterisedMethod.evaluate(InvokeParameterisedMethod.java:102)
	at org.junit.internal.runners.statements.FailOnTimeout$1.run(FailOnTimeout.java:28)
Caused by: ptolemy.kernel.util.IllegalActionException: Found a zero delay loop containing .dependencyLoop2.original
  in .dependencyLoop2 and .dependencyLoop2.original
	at ptolemy.actor.util.CausalityInterfaceForComposites._computeOutputPortDepth(CausalityInterfaceForComposites.java:759)
	at ptolemy.actor.util.CausalityInterfaceForComposites._computeInputDepth(CausalityInterfaceForComposites.java:696)
	at ptolemy.actor.util.CausalityInterfaceForComposites._computeOutputPortDepth(CausalityInterfaceForComposites.java:765)
	at ptolemy.actor.util.CausalityInterfaceForComposites._computeInputDepth(CausalityInterfaceForComposites.java:696)
	at ptolemy.actor.util.CausalityInterfaceForComposites._computeOutputPortDepth(CausalityInterfaceForComposites.java:765)
	at ptolemy.actor.util.CausalityInterfaceForComposites._computeInputDepth(CausalityInterfaceForComposites.java:696)
	at ptolemy.actor.util.CausalityInterfaceForComposites._computeActorDepth(CausalityInterfaceForComposites.java:532)
	at ptolemy.actor.util.CausalityInterfaceForComposites.checkForCycles(CausalityInterfaceForComposites.java:96)
	at ptolemy.domains.de.kernel.DEDirector.preinitialize(DEDirector.java:1338)
	at ptolemy.actor.CompositeActor.preinitialize(CompositeActor.java:1828)
	at ptolemy.actor.Manager.preinitializeAndResolveTypes(Manager.java:1040)
	at ptolemy.actor.Manager.initialize(Manager.java:710)
	at ptolemy.actor.Manager.execute(Manager.java:356)
	at ptolemy.actor.Manager.run(Manager.java:1263)
	at ptolemy.actor.Manager$PtolemyRunThread.run(Manager.java:1933)
]]></system-err>
</testsuite>
