<?xml version="1.0" encoding="UTF-8" ?>
<testsuite errors="0" failures="1" hostname="travis-job-9a33f9f3-e42c-4715-b28e-45685d1f0d98" name="ptolemy.actor.lib.test.junit.JUnitTclTest" skipped="0" tests="517" time="61.223" timestamp="2019-12-14T06:23:57">
  <properties>
    <property name="npm.executable" value="npm" />
    <property name="env.TRAVIS_ROOT" value="/" />
    <property name="ptII.mk.exists" value="true" />
    <property name="env.TRAVIS_APP_HOST" value="build.travis-ci.org" />
    <property name="env.rvm_bin_path" value="/home/travis/.rvm/bin" />
    <property name="java.home" value="/usr/local/lib/jvm/openjdk11" />
    <property name="env.TRAVIS_JOB_NUMBER" value="1429.8" />
    <property name="env.TRAVIS_HOME" value="/home/travis" />
    <property name="env.DISPLAY" value=":99.0" />
    <property name="env.TRAVIS_INIT" value="systemd" />
    <property name="env.SSH_TTY" value="/dev/pts/0" />
    <property name="java.net.preferIPv4Stack" value="true" />
    <property name="env.RUN_TESTS" value="true" />
    <property name="timeout.short" value="1000000" />
    <property name="junit.formatter" value="xml" />
    <property name="env.TRAVIS_SUDO" value="true" />
    <property name="env.TRAVIS_JOB_NAME" value="" />
    <property name="env.TRAVIS_STACK_NODE_ATTRIBUTES" value="/.node-attributes.yml" />
    <property name="env.LOGNAME" value="travis" />
    <property name="env.PT_TRAVIS_TEST_CORE1_XML" value="true" />
    <property name="jsdoc.home" value="node_modules/@terraswarm/jsdoc" />
    <property name="debuglevel" value="source,lines,vars" />
    <property name="checkstyle.formatter" value="xml" />
    <property name="env._system_version" value="16.04" />
    <property name="bin.vergil.makeable" value="true" />
    <property name="sun.os.patch.level" value="unknown" />
    <property name="java.vendor.url" value="http://java.oracle.com/" />
    <property name="env.TRAVIS_BUILD_WEB_URL" value="https://travis-ci.org/icyphy/ptII/builds/624916188" />
    <property name="java.version" value="11.0.2" />
    <property name="env.TZ" value="UTC" />
    <property name="env.TRAVIS_PULL_REQUEST_SHA" value="" />
    <property name="env.PT_NO_NET" value="true" />
    <property name="env.TRAVIS_SECURE_ENV_VARS" value="true" />
    <property name="env._system_type" value="Linux" />
    <property name="java.vendor.url.bug" value="http://bugreport.java.com/bugreport/" />
    <property name="npmjs-org-is-up" value="true" />
    <property name="env.LANGUAGE" value="en_US.UTF-8" />
    <property name="env.SSH_CLIENT" value="10.16.1.43 53550 22" />
    <property name="env.GEM_HOME" value="/home/travis/.rvm/gems/ruby-2.5.3" />
    <property name="env.HAS_ANTARES_THREE_LITTLE_FRONZIES_BADGE" value="true" />
    <property name="java.version.date" value="2019-01-15" />
    <property name="env.PS4" value="+" />
    <property name="ant.project.invoked-targets" value="build,test.core1.xml" />
    <property name="env.TRAVIS_PULL_REQUEST_BRANCH" value="" />
    <property name="env.TRAVIS_REPO_SLUG" value="icyphy/ptII" />
    <property name="env.XDG_DATA_DIRS" value="/usr/local/share:/usr/share:/var/lib/snapd/desktop" />
    <property name="jdk.debug" value="release" />
    <property name="env.TRAVIS_APT_PROXY" value="http://apt.cache.travis-ci.com" />
    <property name="env.TRAVIS_CPU_ARCH" value="amd64" />
    <property name="node.in.path" value="true" />
    <property name="user.name" value="travis" />
    <property name="java.maxmemory" value="1400m" />
    <property name="env.RUBY_VERSION" value="ruby-2.5.3" />
    <property name="env.LANG" value="en_US.UTF-8" />
    <property name="sun.io.unicode.encoding" value="UnicodeLittle" />
    <property name="sun.jnu.encoding" value="UTF-8" />
    <property name="java.runtime.name" value="OpenJDK Runtime Environment" />
    <property name="usefile" value="false" />
    <property name="return.code" value="0" />
    <property name="junit.single.formatter" value="plain" />
    <property name="env.DYLD_LIBRARY_PATH" value="/home/travis/pthla/certi-tools/lib:" />
    <property name="env.DEBIAN_FRONTEND" value="noninteractive" />
    <property name="env.SSH_CONNECTION" value="10.16.1.43 53550 10.20.0.8 22" />
    <property name="env.MYSQL_UNIX_PORT" value="/var/run/mysqld/mysqld.sock" />
    <property name="env.LC_ALL" value="en_US.UTF-8" />
    <property name="env.TRAVIS_ALLOW_FAILURE" value="false" />
    <property name="env.TRAVIS_JOB_WEB_URL" value="https://travis-ci.org/icyphy/ptII/jobs/624916196" />
    <property name="java.specification.name" value="Java Platform API Specification" />
    <property name="node.works" value="true" />
    <property name="user.timezone" value="" />
    <property name="path.separator" value=":" />
    <property name="env.TRAVIS_ENABLE_INFRA_DETECTION" value="true" />
    <property name="env.PYTHON_CFLAGS" value="-g -fstack-protector --param=ssp-buffer-size=4 -Wformat -Werror=format-security" />
    <property name="timeout.long" value="4000000" />
    <property name="env.CERTI_HOME" value="/home/travis/pthla/certi-tools" />
    <property name="ant.file.ptII" value="/home/travis/build/icyphy/ptII/build.xml" />
    <property name="javadoc.packagenames" value="com.*,diva.*,lbnl.*,org.hlacerti.*,org.json.*,org.ptolemy.*,org.terraswarm.*,ptolemy.*,ptserver.*" />
    <property name="file.encoding" value="UTF-8" />
    <property name="env.TRAVIS_PULL_REQUEST_SLUG" value="" />
    <property name="ant.project.default-target" value="build" />
    <property name="env.GIT_ASKPASS" value="echo" />
    <property name="env.HOME" value="/home/travis" />
    <property name="sun.java.command" value="org.apache.tools.ant.taskdefs.optional.junit.JUnitTestRunner ptolemy.actor.lib.test.junit.JUnitTclTest skipNonTests=false filtertrace=true haltOnError=false haltOnFailure=false formatter=org.apache.tools.ant.taskdefs.optional.junit.OutErrSummaryJUnitResultFormatter showoutput=true outputtoformatters=true logfailedtests=true threadid=0 logtestlistenerevents=false formatter=org.apache.tools.ant.taskdefs.optional.junit.XMLJUnitResultFormatter,/home/travis/build/icyphy/ptII/reports/junit/TEST-ptolemy.actor.lib.test.junit.JUnitTclTest.xml crashfile=/home/travis/build/icyphy/ptII/junitvmwatcher3778162083669220237.properties propsfile=/home/travis/build/icyphy/ptII/junit5662364115551832451.properties" />
    <property name="env.COMPOSER_NO_INTERACTION" value="1" />
    <property name="env.MANPATH" value="/home/travis/.nvm/versions/node/v7.10.1/share/man:/home/travis/.rvm/rubies/ruby-2.5.3/share/man:/usr/local/cmake-3.12.4/man:/usr/local/clang-7.0.0/share/man:/usr/local/man:/usr/local/share/man:/usr/share/man:/home/travis/.rvm/man" />
    <property name="env.TRAVIS_TIMER_ID" value="285d4879" />
    <property name="ant.file" value="/home/travis/build/icyphy/ptII/build.xml" />
    <property name="env.TRAVIS_COMMIT_RANGE" value="c7ad326c8bb61863fc0b87bc56a33674fe4fd789...687bb808dc5adecbfa0f708fbf7527a5d6554d96" />
    <property name="env._system_name" value="Ubuntu" />
    <property name="ptII.classpath.optional.property" value="/home/travis/build/icyphy/ptII/lib/bsh-2.0b4.jar:/home/travis/build/icyphy/ptII/lib/ptCal.jar:/home/travis/build/icyphy/ptII/lib/java_cup.jar:/home/travis/build/icyphy/ptII/lib/saxon8.jar:/home/travis/build/icyphy/ptII/lib/saxon8-dom.jar:/home/travis/build/icyphy/ptII/lib/chic.jar:/home/travis/build/icyphy/ptII/lib/ptcolt.jar:/home/travis/build/icyphy/ptII/vendors/misc/itext/iText.jar:/home/travis/build/icyphy/ptII/lib/g4ltl.jar:/home/travis/build/icyphy/ptII/lib/StructuralCoder.jar:/home/travis/build/icyphy/ptII/lib/jcerti.jar:/home/travis/build/icyphy/ptII/lib/javax.mail.jar:/home/travis/build/icyphy/ptII/vendors/JMF-2.1.1e/lib/jmf.jar:/home/travis/build/icyphy/ptII/lib/jna-4.0.0-variadic.jar:/home/travis/build/icyphy/ptII/vendors/misc/joystick/Joystick.jar:/home/travis/build/icyphy/ptII/lib/ptjacl.jar:/home/travis/build/icyphy/ptII/lib/jsoup-1.8.2.jar:/home/travis/build/icyphy/ptII/lib/junit-4.8.2.jar:/home/travis/build/icyphy/ptII/lib/JUnitParams-0.4.0.jar:/home/travis/build/icyphy/ptII/ptolemy/actor/lib/excel/jxl.jar:/home/travis/build/icyphy/ptII/lib/jython.jar:/home/travis/build/icyphy/ptII/lib/kieler.jar:/home/travis/build/icyphy/ptII/vendors/opencv/share/OpenCV/java/opencv-341.jar:/home/travis/build/icyphy/ptII/lib/oscP5.jar:/home/travis/build/icyphy/ptII/lib/nrjavaserial-3.11.0.devel.jar:/home/travis/build/icyphy/ptII/vendors/j3d/lib/Linux/j3dcore.jar:/home/travis/build/icyphy/ptII/vendors/j3d/lib/Linux/j3dutils.jar:/home/travis/build/icyphy/ptII/vendors/j3d/lib/Linux/vecmath.jar:/home/travis/build/icyphy/ptII/vendors/jogl/lib/Linux/gluegen-rt-natives-linux-amd64.jar:/home/travis/build/icyphy/ptII/vendors/jogl/lib/Linux/gluegen-rt.jar:/home/travis/build/icyphy/ptII/vendors/jogl/lib/Linux/jogl-all-natives-linux-amd64.jar:/home/travis/build/icyphy/ptII/vendors/jogl/lib/Linux/jogl-all.jar:/home/travis/build/icyphy/ptII/ptolemy/distributed/jini/jar/jini-core.jar:/home/travis/build/icyphy/ptII/ptolemy/distributed/jini/jar/jini-ext.jar:/home/travis/build/icyphy/ptII/ptolemy/distributed/jini/jar/sun-util.jar:/home/travis/build/icyphy/ptII/lib/protobuf-java-2.4.1.jar:/home/travis/build/icyphy/ptII/lib/org.eclipse.paho.client.mqttv3.jar:/home/travis/build/icyphy/ptII/lib/mapss.jar:/home/travis/build/icyphy/ptII/ptolemy/actor/ptalon/antlr/antlr.jar:/home/travis/build/icyphy/ptII/lib/JRI.jar:/home/travis/build/icyphy/ptII/lib/commons-lang-2.6.jar:/home/travis/build/icyphy/ptII/lib/commons-logging-1.1.1.jar:/home/travis/build/icyphy/ptII/lib/sootclasses.jar:/home/travis/build/icyphy/ptII/ptolemy/actor/lib/database/mysql-connector-java-5.1.6-bin.jar:/home/travis/build/icyphy/ptII/vendors/misc/sphinx4/sphinx4-data-5prealpha.jar:/home/travis/build/icyphy/ptII/vendors/misc/sphinx4/sphinx4-core-5prealpha.jar:/home/travis/build/icyphy/ptII/lib/PDFRenderer.jar:/home/travis/build/icyphy/ptII/lib/svgSalamander.jar:/home/travis/build/icyphy/ptII/lib/rsyntaxtextarea-2.6.0-SNAPSHOT.jar:/home/travis/build/icyphy/ptII/lib/hazelcast-3.8.2.jar:/home/travis/build/icyphy/ptII/lib/jackson-annotations-2.9.0.jar:/home/travis/build/icyphy/ptII/lib/jackson-core-2.9.3.jar:/home/travis/build/icyphy/ptII/lib/jackson-databind-2.9.3.jar:/home/travis/build/icyphy/ptII/lib/netty-buffer-4.1.19.Final.jar:/home/travis/build/icyphy/ptII/lib/netty-codec-4.1.19.Final.jar:/home/travis/build/icyphy/ptII/lib/netty-codec-dns-4.1.19.Final.jar:/home/travis/build/icyphy/ptII/lib/netty-codec-http-4.1.19.Final.jar:/home/travis/build/icyphy/ptII/lib/netty-codec-http2-4.1.19.Final.jar:/home/travis/build/icyphy/ptII/lib/netty-common-4.1.19.Final.jar:/home/travis/build/icyphy/ptII/lib/netty-handler-4.1.19.Final.jar:/home/travis/build/icyphy/ptII/lib/netty-resolver-4.1.19.Final.jar:/home/travis/build/icyphy/ptII/lib/netty-resolver-dns-4.1.19.Final.jar:/home/travis/build/icyphy/ptII/lib/netty-transport-4.1.19.Final.jar:/home/travis/build/icyphy/ptII/lib/vertx-codegen-3.5.1.jar:/home/travis/build/icyphy/ptII/lib/vertx-core-3.5.2-SNAPSHOT.jar:/home/travis/build/icyphy/ptII/lib/vertx-hazelcast-3.5.1.jar:/home/travis/build/icyphy/ptII/lib/vertx-lang-js-3.5.1.jar:/home/travis/build/icyphy/ptII/lib/vertx-service-proxy-3.5.1.jar:/home/travis/build/icyphy/ptII/lib/vertx-web-3.5.1.jar:/home/travis/build/icyphy/ptII/lib/slf4j-api-1.7.13.jar:/home/travis/build/icyphy/ptII/lib/slf4j-simple-1.7.13.jar:/home/travis/build/icyphy/ptII/lib/webcam-capture-0.3.12.jar:/home/travis/build/icyphy/ptII/lib/bridj-0.7.0.jar:/home/travis/build/icyphy/ptII/lib/xbjlib-1.1.0.nrjavaserial.jar" />
    <property name="timeout" value="2400000" />
    <property name="test.batch" value="**/junit/*.java" />
    <property name="env._" value="/usr/bin/timeout" />
    <property name="java.io.tmpdir" value="/tmp" />
    <property name="user.language" value="en" />
    <property name="env.TRAVIS_INTERNAL_RUBY_REGEX" value="^ruby-(2\.[0-4]\.[0-9]|1\.9\.3)" />
    <property name="env.HISTCONTROL" value="ignoredups:ignorespace" />
    <property name="env.GOROOT" value="/home/travis/.gimme/versions/go1.11.1.linux.amd64" />
    <property name="line.separator" value="&#xa;" />
    <property name="target" value="11" />
    <property name="env.TRAVIS_BUILD_DIR" value="/home/travis/build/icyphy/ptII" />
    <property name="env.ANT_OPTS" value="-Xmx2048m" />
    <property name="ant.file.type" value="file" />
    <property name="ptolemy.ptII.batchMode" value="true" />
    <property name="env.HISTSIZE" value="1000" />
    <property name="env.MERB_ENV" value="test" />
    <property name="java.vm.info" value="mixed mode" />
    <property name="source" value="11" />
    <property name="java.vm.specification.name" value="Java Virtual Machine Specification" />
    <property name="env.TRAVIS_TEST_RESULT" value="0" />
    <property name="jsdoc.command" value="node_modules/@terraswarm/jsdoc/jsdoc.js" />
    <property name="npm.works" value="true" />
    <property name="cobertura.dir" value="/home/travis/build/icyphy/ptII/vendors/cobertura-2.0.3" />
    <property name="jsdoc.command.exists" value="true" />
    <property name="env.rvm_path" value="/home/travis/.rvm" />
    <property name="env.GEM_PATH" value="/home/travis/.rvm/gems/ruby-2.5.3:/home/travis/.rvm/gems/ruby-2.5.3@global" />
    <property name="env.LC_CTYPE" value="en_US.UTF-8" />
    <property name="env.TRAVIS_CMD" value="$PTII/bin/ptIITravisBuild.sh $SECONDS" />
    <property name="java.awt.printerjob" value="sun.print.PSPrinterJob" />
    <property name="env.TRAVIS_STACK_NAME" value="sardonyx" />
    <property name="env.TRAVIS_TIMER_START_TIME" value="1576304025027221183" />
    <property name="ant.version" value="Apache Ant(TM) version 1.10.1 compiled on February 2 2017" />
    <property name="ptII.reports" value="/home/travis/build/icyphy/ptII/reports" />
    <property name="env.TRAVIS_STACK_TIMESTAMP" value="2019-03-25 16:16:56 UTC" />
    <property name="ant.file.type.ptII" value="file" />
    <property name="env.RBENV_SHELL" value="bash" />
    <property name="os.name" value="Linux" />
    <property name="java.specification.vendor" value="Oracle Corporation" />
    <property name="env.rvm_version" value="1.29.7 (latest)" />
    <property name="env.TRAVIS_INFRA" value="unknown" />
    <property name="env.TERM" value="xterm" />
    <property name="java.vm.name" value="OpenJDK 64-Bit Server VM" />
    <property name="env.TRAVIS_BUILD_NUMBER" value="1429" />
    <property name="env.CI" value="true" />
    <property name="java.library.path" value="/home/travis/pthla/certi-tools/lib:/usr/lib/jni:/usr/local/share/OpenCV/java/:/usr/share/OpenCV/java::/usr/java/packages/lib:/usr/lib64:/lib64:/lib:/usr/lib" />
    <property name="jdk.module.path" value="/home/travis/build/icyphy/ptII/vendors/javafx/javafx-sdk-11.0.2/lib:" />
    <property name="env.rvm_prefix" value="/home/travis" />
    <property name="env.PATH" value="/home/travis/pthla/certi-tools/share/scripts:/home/travis/.rvm/gems/ruby-2.5.3/bin:/home/travis/.rvm/gems/ruby-2.5.3@global/bin:/home/travis/.rvm/rubies/ruby-2.5.3/bin:/home/travis/.rvm/bin:/home/travis/.nvm/versions/node/v7.10.1/bin:./node_modules/.bin:/home/travis/build/icyphy/ptII/bin:/home/travis/pthla/certi-tools/bin:/home/travis/bin:/home/travis/.local/bin:/usr/local/lib/jvm/openjdk11/bin:/opt/pyenv/shims:/home/travis/.phpenv/shims:/home/travis/perl5/perlbrew/bin:/home/travis/gopath/bin:/home/travis/.gimme/versions/go1.11.1.linux.amd64/bin:/usr/local/maven-3.6.0/bin:/usr/local/cmake-3.12.4/bin:/usr/local/clang-7.0.0/bin:/usr/local/sbin:/usr/local/bin:/usr/sbin:/usr/bin:/sbin:/bin:/snap/bin:/home/travis/.phpenv/bin:/opt/pyenv/bin:/home/travis/.yarn/bin" />
    <property name="env.TRAVIS_OS_NAME" value="linux" />
    <property name="ant.java.version" value="9" />
    <property name="basedir" value="/home/travis/build/icyphy/ptII" />
    <property name="java.class.version" value="55.0" />
    <property name="env.SHLVL" value="3" />
    <property name="env.LD_LIBRARY_PATH" value="/home/travis/pthla/certi-tools/lib:/usr/lib/jni:/usr/local/share/OpenCV/java/:/usr/share/OpenCV/java:" />
    <property name="env.RACK_ENV" value="test" />
    <property name="ant.home" value="/home/travis/build/icyphy/ptII/ant" />
    <property name="env.NVM_DIR" value="/home/travis/.nvm" />
    <property name="env.CERTI_FOM_PATH" value="/home/travis/pthla/certi-tools/share/federations" />
    <property name="env.TRAVIS_BUILD_ID" value="624916188" />
    <property name="env.PYENV_ROOT" value="/opt/pyenv" />
    <property name="env.TRAVIS_UID" value="2000" />
    <property name="prism.verbose" value="true" />
    <property name="env.NVM_BIN" value="/home/travis/.nvm/versions/node/v7.10.1/bin" />
    <property name="env.TRAVIS_COMMIT" value="687bb808dc5adecbfa0f708fbf7527a5d6554d96" />
    <property name="env._system_arch" value="x86_64" />
    <property name="node.executable" value="node" />
    <property name="sun.boot.library.path" value="/usr/local/lib/jvm/openjdk11/lib" />
    <property name="sun.management.compiler" value="HotSpot 64-Bit Tiered Compilers" />
    <property name="java.awt.graphicsenv" value="sun.awt.X11GraphicsEnvironment" />
    <property name="env.GOPATH" value="/home/travis/gopath" />
    <property name="ptolemy.ptII.dir" value="/home/travis/build/icyphy/ptII" />
    <property name="env.USER" value="travis" />
    <property name="env.HISTFILESIZE" value="2000" />
    <property name="timeout.longest" value="19000000" />
    <property name="env.PERLBREW_SHELLRC_VERSION" value="0.86" />
    <property name="env.TRAVIS_STACK_FEATURES" value="basic couchdb disabled-ipv6 docker docker-compose elasticsearch firefox go-toolchain google-chrome jdk memcached mongodb mysql nodejs_interpreter perl_interpreter perlbrew phantomjs postgresql python_interpreter redis ruby_interpreter sqlite xserver" />
    <property name="env.TRAVIS_PULL_REQUEST" value="false" />
    <property name="env.PYENV_SHELL" value="bash" />
    <property name="ant.project.name" value="ptII" />
    <property name="env.ANSI_RESET" value="\033[0m" />
    <property name="java.vm.specification.version" value="11" />
    <property name="env.TRAVIS_DIST" value="xenial" />
    <property name="env.CERTI_VERSION" value="4.0.0" />
    <property name="env.CERTI_HOST" value="localhost" />
    <property name="awt.toolkit" value="sun.awt.X11.XToolkit" />
    <property name="env.MY_RUBY_HOME" value="/home/travis/.rvm/rubies/ruby-2.5.3" />
    <property name="sun.cpu.isalist" value="" />
    <property name="env.TRAVIS_TMPDIR" value="/tmp/tmp.058R23SG6g" />
    <property name="java.vm.compressedOopsMode" value="Zero based" />
    <property name="os.version" value="4.15.0-1028-gcp" />
    <property name="user.home" value="/home/travis" />
    <property name="java.vm.vendor" value="Oracle Corporation" />
    <property name="env.TRAVIS_TAG" value="nightly" />
    <property name="env.ANSI_YELLOW" value="\033[33;1m" />
    <property name="env.TRAVIS_FILTERED" value="redirect_io" />
    <property name="env.ANSI_GREEN" value="\033[32;1m" />
    <property name="env.JAVA_HOME" value="/usr/local/lib/jvm/openjdk11" />
    <property name="javadoc.excludepackagenames" value="adm.cvs2svn.*,build.*,config.*,doc.coding.templates.*,jni.test.jni.meaningOfLife.*,jni.test.jni.testDeux.*,jni.test.jni.testTrois.*,org.terraswarm.accessor.accessors.web.node_modules.*,org.terraswarm.accessor.accessors.web.hosts.cordova.demo.*,org.terraswarm.accessor.accessors.web.hosts.cordova.plugins.*,org.terraswarm.accessor.accessors-svn.*,pt-modules.*,ptolemy.apps.agilent.*,ptolemy.apps.anytimecontrol.*,ptolemy.apps.apes.*,ptolemy.apps.charon.*,ptolemy.apps.crazyboard.*,ptolemy.apps.eclipse.*,ptolemy.apps.etherealSting.*,ptolemy.apps.fullscreen.*,ptolemy.apps.giotto.*,ptolemy.apps.ia.*,ptolemy.apps.interfaces.*,ptolemy.apps.jmf.*,ptolemy.apps.kurt.*,ptolemy.apps.kvm.*,ptolemy.apps.lego.*,ptolemy.apps.lejos.*,ptolemy.apps.midp.*,ptolemy.apps.mobileCoding.*,ptolemy.apps.pendulum.*,ptolemy.apps.rijndael.*,ptolemy.apps.robot.*,ptolemy.apps.security.*,ptolemy.apps.sobel.*,ptolemy.apps.soot.*,ptolemy.apps.throttle.*,ptolemy.apps.tini.*,ptolemy.apps.transmission.*,ptolemy.apps.vergil.*,ptolemy.apps.waba.*,ptolemy.apps.websensor.*,ptolemy.apps.webstart.*,ptolemy.apps.xsl.*,ptolemy.apps.zaurus.*,ptolemy.codegen.c.actor.lib.oldJavaFiles.*,ptolemy.codegen.dsp.lib.*,ptolemy.codegen.kernel.newInterfaces.*,ptolemy.codegen.lib.*,ptolemy.copernicus.kernel.fragment.*,ptolemy.copernicus.shallow.cg.*,ptolemy.domains.giotto.demo.Hierarchy.Hierarchy.*,ptolemy.domains.giotto.demo.Multimode.Multimode.*,ptolemy.domains.giotto.demo.Simple.Simple.*,ptolemy.domains.gr.lib.experimental.*,ptolemy.domains.gro.*,ptolemy.domains.pdf.*,ptolemy.domains.ptinyos.demo.Surge.output.*,ptolemy.moml.test.NoPackageActor.java*,ptolemy.plot.adm.*,ptolemy.plot.servlet.*,reports.*,signed.*,src.*,target.*,vendors.*,ptolemy.copernicus.applet.*,ptolemy.media.viewer.*,ptolemy.actor.corba.*,doc.doclets.*,ptolemy.apps.eclipse.awt.*,ptolemy.backtrack.*,ptolemy.backtrack.ast.*,ptolemy.cg.adapter.generic.program.procedural.c.mbed*,ptolemy.homer.*,ptolemy.actor.lib.jai.*,org.ptolemy.scala.*,diva.util.java2d.svg.*,ptolemy.domains.ptinyos.*,ptolemy.actor.lib.fmi.fmipp.*,,org.terraswarm.accessor.accessors.web.node_modules.*,org.terraswarm.accessor.accessors-svn,ptolemy.apps.*,ptolemy.actor.ptalon.demo.ptinyos.SendAndReceiveCnt.output,ptolemy.actor.ptalon.demo.ptinyos.SenseToLeds.output,ptolemy.domains.ptinyos.demo.CntToLedsAndRfm.output,ptolemy.domains.ptinyos.demo.RfmToLeds.output,ptolemy.domains.ptinyos.demo.SendAndReceiveCnt.output,ptolemy.domains.ptinyos.demo.SenseToLeds.output,ptolemy.actor.lib.jjs.modules.udpSocket.*" />
    <property name="env.PTII" value="/home/travis/build/icyphy/ptII" />
    <property name="env.XDG_SESSION_ID" value="2" />
    <property name="keystore" value="ptKeystore" />
    <property name="env.TRAVIS_COMMIT_MESSAGE" value="Minor changes." />
    <property name="junit.output.dir" value="/home/travis/build/icyphy/ptII/reports/junit" />
    <property name="npm.return.code" value="0" />
    <property name="user.dir" value="/home/travis/build/icyphy/ptII/ptolemy/actor/lib/test" />
    <property name="env.TRAVIS_NODE_VERSION" value="7" />
    <property name="env.TRAVIS_EVENT_TYPE" value="cron" />
    <property name="env.MAIL" value="/var/mail/travis" />
    <property name="env.PERLBREW_ROOT" value="/home/travis/perl5/perlbrew" />
    <property name="env.PWD" value="/home/travis/build/icyphy/ptII" />
    <property name="timeout.npm" value="45000" />
    <property name="env.TRAVIS_ARCH" value="amd64" />
    <property name="sun.cpu.endian" value="little" />
    <property name="env.PAGER" value="cat" />
    <property name="env.TRAVIS_BUILD_STAGE_NAME" value="Test" />
    <property name="env.PERLBREW_HOME" value="/home/travis/.perlbrew" />
    <property name="java.vm.version" value="11.0.2+9" />
    <property name="env.RAILS_ENV" value="test" />
    <property name="java.class.path" value="/home/travis/.ptolemyII:/home/travis/.ptolemyII/*:/home/travis/build/icyphy/ptII:/home/travis/build/icyphy/ptII/lib/bsh-2.0b4.jar:/home/travis/build/icyphy/ptII/lib/ptCal.jar:/home/travis/build/icyphy/ptII/lib/java_cup.jar:/home/travis/build/icyphy/ptII/lib/saxon8.jar:/home/travis/build/icyphy/ptII/lib/saxon8-dom.jar:/home/travis/build/icyphy/ptII/lib/chic.jar:/home/travis/build/icyphy/ptII/lib/ptcolt.jar:/home/travis/build/icyphy/ptII/vendors/misc/itext/iText.jar:/home/travis/build/icyphy/ptII/lib/g4ltl.jar:/home/travis/build/icyphy/ptII/lib/StructuralCoder.jar:/home/travis/build/icyphy/ptII/lib/jcerti.jar:/home/travis/build/icyphy/ptII/lib/javax.mail.jar:/home/travis/build/icyphy/ptII/vendors/JMF-2.1.1e/lib/jmf.jar:/home/travis/build/icyphy/ptII/lib/jna-4.0.0-variadic.jar:/home/travis/build/icyphy/ptII/vendors/misc/joystick/Joystick.jar:/home/travis/build/icyphy/ptII/lib/ptjacl.jar:/home/travis/build/icyphy/ptII/lib/jsoup-1.8.2.jar:/home/travis/build/icyphy/ptII/lib/junit-4.8.2.jar:/home/travis/build/icyphy/ptII/lib/JUnitParams-0.4.0.jar:/home/travis/build/icyphy/ptII/ptolemy/actor/lib/excel/jxl.jar:/home/travis/build/icyphy/ptII/lib/jython.jar:/home/travis/build/icyphy/ptII/lib/kieler.jar:/home/travis/build/icyphy/ptII/vendors/opencv/share/OpenCV/java/opencv-341.jar:/home/travis/build/icyphy/ptII/lib/oscP5.jar:/home/travis/build/icyphy/ptII/lib/nrjavaserial-3.11.0.devel.jar:/home/travis/build/icyphy/ptII/vendors/j3d/lib/Linux/j3dcore.jar:/home/travis/build/icyphy/ptII/vendors/j3d/lib/Linux/j3dutils.jar:/home/travis/build/icyphy/ptII/vendors/j3d/lib/Linux/vecmath.jar:/home/travis/build/icyphy/ptII/vendors/jogl/lib/Linux/gluegen-rt-natives-linux-amd64.jar:/home/travis/build/icyphy/ptII/vendors/jogl/lib/Linux/gluegen-rt.jar:/home/travis/build/icyphy/ptII/vendors/jogl/lib/Linux/jogl-all-natives-linux-amd64.jar:/home/travis/build/icyphy/ptII/vendors/jogl/lib/Linux/jogl-all.jar:/home/travis/build/icyphy/ptII/ptolemy/distributed/jini/jar/jini-core.jar:/home/travis/build/icyphy/ptII/ptolemy/distributed/jini/jar/jini-ext.jar:/home/travis/build/icyphy/ptII/ptolemy/distributed/jini/jar/sun-util.jar:/home/travis/build/icyphy/ptII/lib/protobuf-java-2.4.1.jar:/home/travis/build/icyphy/ptII/lib/org.eclipse.paho.client.mqttv3.jar:/home/travis/build/icyphy/ptII/lib/mapss.jar:/home/travis/build/icyphy/ptII/ptolemy/actor/ptalon/antlr/antlr.jar:/home/travis/build/icyphy/ptII/lib/JRI.jar:/home/travis/build/icyphy/ptII/lib/commons-lang-2.6.jar:/home/travis/build/icyphy/ptII/lib/commons-logging-1.1.1.jar:/home/travis/build/icyphy/ptII/lib/sootclasses.jar:/home/travis/build/icyphy/ptII/ptolemy/actor/lib/database/mysql-connector-java-5.1.6-bin.jar:/home/travis/build/icyphy/ptII/vendors/misc/sphinx4/sphinx4-data-5prealpha.jar:/home/travis/build/icyphy/ptII/vendors/misc/sphinx4/sphinx4-core-5prealpha.jar:/home/travis/build/icyphy/ptII/lib/PDFRenderer.jar:/home/travis/build/icyphy/ptII/lib/svgSalamander.jar:/home/travis/build/icyphy/ptII/lib/rsyntaxtextarea-2.6.0-SNAPSHOT.jar:/home/travis/build/icyphy/ptII/lib/hazelcast-3.8.2.jar:/home/travis/build/icyphy/ptII/lib/jackson-annotations-2.9.0.jar:/home/travis/build/icyphy/ptII/lib/jackson-core-2.9.3.jar:/home/travis/build/icyphy/ptII/lib/jackson-databind-2.9.3.jar:/home/travis/build/icyphy/ptII/lib/netty-buffer-4.1.19.Final.jar:/home/travis/build/icyphy/ptII/lib/netty-codec-4.1.19.Final.jar:/home/travis/build/icyphy/ptII/lib/netty-codec-dns-4.1.19.Final.jar:/home/travis/build/icyphy/ptII/lib/netty-codec-http-4.1.19.Final.jar:/home/travis/build/icyphy/ptII/lib/netty-codec-http2-4.1.19.Final.jar:/home/travis/build/icyphy/ptII/lib/netty-common-4.1.19.Final.jar:/home/travis/build/icyphy/ptII/lib/netty-handler-4.1.19.Final.jar:/home/travis/build/icyphy/ptII/lib/netty-resolver-4.1.19.Final.jar:/home/travis/build/icyphy/ptII/lib/netty-resolver-dns-4.1.19.Final.jar:/home/travis/build/icyphy/ptII/lib/netty-transport-4.1.19.Final.jar:/home/travis/build/icyphy/ptII/lib/vertx-codegen-3.5.1.jar:/home/travis/build/icyphy/ptII/lib/vertx-core-3.5.2-SNAPSHOT.jar:/home/travis/build/icyphy/ptII/lib/vertx-hazelcast-3.5.1.jar:/home/travis/build/icyphy/ptII/lib/vertx-lang-js-3.5.1.jar:/home/travis/build/icyphy/ptII/lib/vertx-service-proxy-3.5.1.jar:/home/travis/build/icyphy/ptII/lib/vertx-web-3.5.1.jar:/home/travis/build/icyphy/ptII/lib/slf4j-api-1.7.13.jar:/home/travis/build/icyphy/ptII/lib/slf4j-simple-1.7.13.jar:/home/travis/build/icyphy/ptII/lib/webcam-capture-0.3.12.jar:/home/travis/build/icyphy/ptII/lib/bridj-0.7.0.jar:/home/travis/build/icyphy/ptII/lib/xbjlib-1.1.0.nrjavaserial.jar:/home/travis/build/icyphy/ptII/ptolemy/moml/test:/home/travis/build/icyphy/ptII/ant/lib/ant-launcher.jar:/home/travis/build/icyphy/ptII/ant/lib/ant.jar:/home/travis/build/icyphy/ptII/ant/lib/ant-junit.jar:/home/travis/build/icyphy/ptII/ant/lib/ant-junit4.jar" />
    <property name="ant.library.dir" value="/home/travis/build/icyphy/ptII/ant/lib" />
    <property name="os.arch" value="amd64" />
    <property name="env.CONTINUOUS_INTEGRATION" value="true" />
    <property name="env.TRAVIS_LANGUAGE" value="node_js" />
    <property name="env.TRAVIS_STACK_LANGUAGES" value="__sardonyx__ c c++ clojure cplusplus cpp default generic go groovy java node_js php pure_java python ruby scala" />
    <property name="test.name" value="ptolemy.actor.lib.test.junit.JUnitTclTest" />
    <property name="env.APT_KEY_DONT_WARN_ON_DANGEROUS_USAGE" value="1" />
    <property name="sun.java.launcher" value="SUN_STANDARD" />
    <property name="env.PYTHON_CONFIGURE_OPTS" value="--enable-unicode=ucs4 --with-wide-unicode --enable-shared --enable-ipv6 --enable-loadable-sqlite-extensions --with-computed-gotos" />
    <property name="ant.core.lib" value="/home/travis/build/icyphy/ptII/ant/lib/ant.jar" />
    <property name="java.vm.specification.vendor" value="Oracle Corporation" />
    <property name="env.BCVTB_HOME" value="/home/travis/build/icyphy/ptII/lbnl" />
    <property name="file.separator" value="/" />
    <property name="spotbugs.home" value="/home/travis/build/icyphy/ptII/vendors/spotbugs-3.1.1" />
    <property name="java.runtime.version" value="11.0.2+9" />
    <property name="env.ANSI_CLEAR" value="\033[0K" />
    <property name="javafx.verbose" value="true" />
    <property name="env.HAS_JOSH_K_SEAL_OF_APPROVAL" value="true" />
    <property name="env.XDG_RUNTIME_DIR" value="/run/user/2000" />
    <property name="env.TRAVIS_OSX_IMAGE" value="" />
    <property name="env.TRAVIS_JOB_ID" value="624916196" />
    <property name="env.TRAVIS_BRANCH" value="master" />
    <property name="user.country" value="US" />
    <property name="env.CERTI_HOME_TRAVIS" value="/home/travis/pthla/certi-tools" />
    <property name="env.SHELL" value="/bin/bash" />
    <property name="java.maxmemory.large" value="3200m" />
    <property name="model" value="" />
    <property name="env.CASHER_DIR" value="/home/travis/.casher" />
    <property name="env.NVM_CD_FLAGS" value="" />
    <property name="java.vendor.version" value="18.9" />
    <property name="jshint.executable" value="/home/travis/node_modules/jshint/bin/jshint" />
    <property name="env.JRUBY_OPTS" value=" --client -J-XX:+TieredCompilation -J-XX:TieredStopAtLevel=1 -J-Xss2m -Xcompile.invokedynamic=false" />
    <property name="java.vendor" value="Oracle Corporation" />
    <property name="env.TRAVIS_PRE_CHEF_BOOTSTRAP_TIME" value="2019-03-25T16:16:42" />
    <property name="env.TRAVIS_STACK_JOB_BOARD_REGISTER" value="/.job-board-register.yml" />
    <property name="env.ANSI_RED" value="\033[31;1m" />
    <property name="java.specification.version" value="11" />
    <property name="env.IRBRC" value="/home/travis/.rvm/rubies/ruby-2.5.3/.irbrc" />
    <property name="env.TRAVIS" value="true" />
    <property name="sun.arch.data.model" value="64" />
  </properties>
  <testcase classname="ptolemy.util.test.junit.TclTests" name="[0] /home/travis/build/icyphy/ptII/ptolemy/actor/lib/test/AbsoluteValue.tcl (RunTclFile)" time="0.577" />
  <testcase classname="ptolemy.util.test.junit.TclTests" name="[1] /home/travis/build/icyphy/ptII/ptolemy/actor/lib/test/AddSubtract.tcl (RunTclFile)" time="0.184" />
  <testcase classname="ptolemy.util.test.junit.TclTests" name="[2] /home/travis/build/icyphy/ptII/ptolemy/actor/lib/test/Average.tcl (RunTclFile)" time="0.045" />
  <testcase classname="ptolemy.util.test.junit.TclTests" name="[3] /home/travis/build/icyphy/ptII/ptolemy/actor/lib/test/Bernoulli.tcl (RunTclFile)" time="0.029" />
  <testcase classname="ptolemy.util.test.junit.TclTests" name="[4] /home/travis/build/icyphy/ptII/ptolemy/actor/lib/test/Clock.tcl (RunTclFile)" time="0.066" />
  <testcase classname="ptolemy.util.test.junit.TclTests" name="[5] /home/travis/build/icyphy/ptII/ptolemy/actor/lib/test/Commutator.tcl (RunTclFile)" time="0.161" />
  <testcase classname="ptolemy.util.test.junit.TclTests" name="[6] /home/travis/build/icyphy/ptII/ptolemy/actor/lib/test/Const.tcl (RunTclFile)" time="0.116" />
  <testcase classname="ptolemy.util.test.junit.TclTests" name="[7] /home/travis/build/icyphy/ptII/ptolemy/actor/lib/test/CurrentTime.tcl (RunTclFile)" time="0.048" />
  <testcase classname="ptolemy.util.test.junit.TclTests" name="[8] /home/travis/build/icyphy/ptII/ptolemy/actor/lib/test/DB.tcl (RunTclFile)" time="0.034" />
  <testcase classname="ptolemy.util.test.junit.TclTests" name="[9] /home/travis/build/icyphy/ptII/ptolemy/actor/lib/test/DiscreteRandomSource.tcl (RunTclFile)" time="0.024" />
  <testcase classname="ptolemy.util.test.junit.TclTests" name="[10] /home/travis/build/icyphy/ptII/ptolemy/actor/lib/test/Distributor.tcl (RunTclFile)" time="0.083" />
  <testcase classname="ptolemy.util.test.junit.TclTests" name="[11] /home/travis/build/icyphy/ptII/ptolemy/actor/lib/test/Exit.tcl (RunTclFile)" time="0.089" />
  <testcase classname="ptolemy.util.test.junit.TclTests" name="[12] /home/travis/build/icyphy/ptII/ptolemy/actor/lib/test/Expression.tcl (RunTclFile)" time="0.123" />
  <testcase classname="ptolemy.util.test.junit.TclTests" name="[13] /home/travis/build/icyphy/ptII/ptolemy/actor/lib/test/Gaussian.tcl (RunTclFile)" time="0.457" />
  <testcase classname="ptolemy.util.test.junit.TclTests" name="[14] /home/travis/build/icyphy/ptII/ptolemy/actor/lib/test/IIR.tcl (RunTclFile)" time="0.039" />
  <testcase classname="ptolemy.util.test.junit.TclTests" name="[15] /home/travis/build/icyphy/ptII/ptolemy/actor/lib/test/Interpolator.tcl (RunTclFile)" time="0.096" />
  <testcase classname="ptolemy.util.test.junit.TclTests" name="[16] /home/travis/build/icyphy/ptII/ptolemy/actor/lib/test/MathFunction.tcl (RunTclFile)" time="0.06" />
  <testcase classname="ptolemy.util.test.junit.TclTests" name="[17] /home/travis/build/icyphy/ptII/ptolemy/actor/lib/test/Maximum.tcl (RunTclFile)" time="0.046" />
  <testcase classname="ptolemy.util.test.junit.TclTests" name="[18] /home/travis/build/icyphy/ptII/ptolemy/actor/lib/test/Minimum.tcl (RunTclFile)" time="0.029" />
  <testcase classname="ptolemy.util.test.junit.TclTests" name="[19] /home/travis/build/icyphy/ptII/ptolemy/actor/lib/test/MultiplyDivide.tcl (RunTclFile)" time="0.041" />
  <testcase classname="ptolemy.util.test.junit.TclTests" name="[20] /home/travis/build/icyphy/ptII/ptolemy/actor/lib/test/OrderedMerge.tcl (RunTclFile)" time="0.131" />
  <testcase classname="ptolemy.util.test.junit.TclTests" name="[21] /home/travis/build/icyphy/ptII/ptolemy/actor/lib/test/Publisher.tcl (RunTclFile)" time="0.836" />
  <testcase classname="ptolemy.util.test.junit.TclTests" name="[22] /home/travis/build/icyphy/ptII/ptolemy/actor/lib/test/Pulse.tcl (RunTclFile)" time="0.074" />
  <testcase classname="ptolemy.util.test.junit.TclTests" name="[23] /home/travis/build/icyphy/ptII/ptolemy/actor/lib/test/Ramp.tcl (RunTclFile)" time="2.245" />
  <testcase classname="ptolemy.util.test.junit.TclTests" name="[24] /home/travis/build/icyphy/ptII/ptolemy/actor/lib/test/RampContinuous.tcl (RunTclFile)" time="0.019" />
  <testcase classname="ptolemy.util.test.junit.TclTests" name="[25] /home/travis/build/icyphy/ptII/ptolemy/actor/lib/test/RecordAssembler.tcl (RunTclFile)" time="0.016" />
  <testcase classname="ptolemy.util.test.junit.TclTests" name="[26] /home/travis/build/icyphy/ptII/ptolemy/actor/lib/test/RecordDisassembler.tcl (RunTclFile)" time="0.031" />
  <testcase classname="ptolemy.util.test.junit.TclTests" name="[27] /home/travis/build/icyphy/ptII/ptolemy/actor/lib/test/Scale.tcl (RunTclFile)" time="0.016" />
  <testcase classname="ptolemy.util.test.junit.TclTests" name="[28] /home/travis/build/icyphy/ptII/ptolemy/actor/lib/test/SequentialClock.tcl (RunTclFile)" time="0.011" />
  <testcase classname="ptolemy.util.test.junit.TclTests" name="[29] /home/travis/build/icyphy/ptII/ptolemy/actor/lib/test/SetVariable.tcl (RunTclFile)" time="0.021">
    <failure message="Number of failed tests is has increased. expected:&lt;0&gt; but was:&lt;1&gt;" type="junit.framework.AssertionFailedError">junit.framework.AssertionFailedError: Number of failed tests is has increased. expected:&lt;0&gt; but was:&lt;1&gt;
	at ptolemy.util.test.junit.TclTests.RunTclFile(TclTests.java:286)
	at jdk.internal.reflect.GeneratedMethodAccessor19.invoke(Unknown Source)
	at java.base/jdk.internal.reflect.DelegatingMethodAccessorImpl.invoke(DelegatingMethodAccessorImpl.java:43)
	at junitparams.internal.InvokeParameterisedMethod.evaluate(InvokeParameterisedMethod.java:102)
	at junitparams.internal.ParameterisedTestMethodRunner.runMethodInvoker(ParameterisedTestMethodRunner.java:47)
	at junitparams.internal.ParameterisedTestMethodRunner.runTestMethod(ParameterisedTestMethodRunner.java:41)
	at junitparams.internal.ParameterisedTestClassRunner.runParameterisedTest(ParameterisedTestClassRunner.java:143)
	at junitparams.JUnitParamsRunner.runChild(JUnitParamsRunner.java:237)
	at junitparams.JUnitParamsRunner.runChild(JUnitParamsRunner.java:215)
</failure>
  </testcase>
  <testcase classname="ptolemy.util.test.junit.TclTests" name="[30] /home/travis/build/icyphy/ptII/ptolemy/actor/lib/test/Sinewave.tcl (RunTclFile)" time="0.024" />
  <testcase classname="ptolemy.util.test.junit.TclTests" name="[31] /home/travis/build/icyphy/ptII/ptolemy/actor/lib/test/SubscriptionAggregator.tcl (RunTclFile)" time="1.919" />
  <testcase classname="ptolemy.util.test.junit.TclTests" name="[32] /home/travis/build/icyphy/ptII/ptolemy/actor/lib/test/Test.tcl (RunTclFile)" time="0.099" />
  <testcase classname="ptolemy.util.test.junit.TclTests" name="[33] /home/travis/build/icyphy/ptII/ptolemy/actor/lib/test/TestExceptionHandler.tcl (RunTclFile)" time="0.012" />
  <testcase classname="ptolemy.util.test.junit.TclTests" name="[34] /home/travis/build/icyphy/ptII/ptolemy/actor/lib/test/UnionDisassembler.tcl (RunTclFile)" time="0.061" />
  <testcase classname="ptolemy.util.test.junit.TclTests" name="[35] /home/travis/build/icyphy/ptII/ptolemy/actor/lib/test/VariableClock.tcl (RunTclFile)" time="0.025" />
  <testcase classname="ptolemy.util.test.junit.AutoKnownFailedTests" name="[0] /home/travis/build/icyphy/ptII/ptolemy/actor/lib/test/auto/knownFailedTests/PublisherPortToplevelSubscriber.xml (RunModel)" time="0.026" />
  <testcase classname="ptolemy.util.test.junit.AutoKnownFailedTests" name="[1] /home/travis/build/icyphy/ptII/ptolemy/actor/lib/test/auto/knownFailedTests/PublisherSubscriberPortToplevel.xml (RunModel)" time="0.018" />
  <testcase classname="ptolemy.util.test.junit.AutoKnownFailedTests" name="[2] /home/travis/build/icyphy/ptII/ptolemy/actor/lib/test/auto/knownFailedTests/PublisherSubscriptionAggregatorPort.xml (RunModel)" time="0.079" />
  <testcase classname="ptolemy.util.test.junit.AutoKnownFailedTests" name="[3] /home/travis/build/icyphy/ptII/ptolemy/actor/lib/test/auto/knownFailedTests/sizedarray3.xml (RunModel)" time="0.035" />
  <testcase classname="ptolemy.util.test.junit.AutoNameArchTests" name="[0] ThereAreNoAutoArchTests (RunModel)" time="0.003" />
  <testcase classname="ptolemy.util.test.junit.AutoTests" name="[0] /home/travis/build/icyphy/ptII/ptolemy/actor/lib/test/auto/AbsoluteValue.xml (RunModel)" time="0.085" />
  <testcase classname="ptolemy.util.test.junit.AutoTests" name="[1] /home/travis/build/icyphy/ptII/ptolemy/actor/lib/test/auto/AbsoluteValue2.xml (RunModel)" time="0.053" />
  <testcase classname="ptolemy.util.test.junit.AutoTests" name="[2] /home/travis/build/icyphy/ptII/ptolemy/actor/lib/test/auto/Accumulator.xml (RunModel)" time="0.05" />
  <testcase classname="ptolemy.util.test.junit.AutoTests" name="[3] /home/travis/build/icyphy/ptII/ptolemy/actor/lib/test/auto/Accumulator2.xml (RunModel)" time="0.049" />
  <testcase classname="ptolemy.util.test.junit.AutoTests" name="[4] /home/travis/build/icyphy/ptII/ptolemy/actor/lib/test/auto/Accumulator3.xml (RunModel)" time="0.039" />
  <testcase classname="ptolemy.util.test.junit.AutoTests" name="[5] /home/travis/build/icyphy/ptII/ptolemy/actor/lib/test/auto/ArrayAppend.xml (RunModel)" time="0.036" />
  <testcase classname="ptolemy.util.test.junit.AutoTests" name="[6] /home/travis/build/icyphy/ptII/ptolemy/actor/lib/test/auto/ArrayAppend2.xml (RunModel)" time="0.345" />
  <testcase classname="ptolemy.util.test.junit.AutoTests" name="[7] /home/travis/build/icyphy/ptII/ptolemy/actor/lib/test/auto/ArrayAppend3.xml (RunModel)" time="0.093" />
  <testcase classname="ptolemy.util.test.junit.AutoTests" name="[8] /home/travis/build/icyphy/ptII/ptolemy/actor/lib/test/auto/ArrayAppend4.xml (RunModel)" time="0.024" />
  <testcase classname="ptolemy.util.test.junit.AutoTests" name="[9] /home/travis/build/icyphy/ptII/ptolemy/actor/lib/test/auto/ArrayAppend5.xml (RunModel)" time="0.017" />
  <testcase classname="ptolemy.util.test.junit.AutoTests" name="[10] /home/travis/build/icyphy/ptII/ptolemy/actor/lib/test/auto/ArrayAppend6.xml (RunModel)" time="0.019" />
  <testcase classname="ptolemy.util.test.junit.AutoTests" name="[11] /home/travis/build/icyphy/ptII/ptolemy/actor/lib/test/auto/ArrayAppendPerformanceTest.xml (RunModel)" time="0.068" />
  <testcase classname="ptolemy.util.test.junit.AutoTests" name="[12] /home/travis/build/icyphy/ptII/ptolemy/actor/lib/test/auto/ArrayAppendWithEmptyInput.xml (RunModel)" time="0.028" />
  <testcase classname="ptolemy.util.test.junit.AutoTests" name="[13] /home/travis/build/icyphy/ptII/ptolemy/actor/lib/test/auto/ArrayAverage.xml (RunModel)" time="0.027" />
  <testcase classname="ptolemy.util.test.junit.AutoTests" name="[14] /home/travis/build/icyphy/ptII/ptolemy/actor/lib/test/auto/ArrayContains.xml (RunModel)" time="0.027" />
  <testcase classname="ptolemy.util.test.junit.AutoTests" name="[15] /home/travis/build/icyphy/ptII/ptolemy/actor/lib/test/auto/ArrayElement.xml (RunModel)" time="0.024" />
  <testcase classname="ptolemy.util.test.junit.AutoTests" name="[16] /home/travis/build/icyphy/ptII/ptolemy/actor/lib/test/auto/ArrayElementAsMatrix.xml (RunModel)" time="0.037" />
  <testcase classname="ptolemy.util.test.junit.AutoTests" name="[17] /home/travis/build/icyphy/ptII/ptolemy/actor/lib/test/auto/ArrayElementI.xml (RunModel)" time="0.018" />
  <testcase classname="ptolemy.util.test.junit.AutoTests" name="[18] /home/travis/build/icyphy/ptII/ptolemy/actor/lib/test/auto/ArrayExtract.xml (RunModel)" time="0.021" />
  <testcase classname="ptolemy.util.test.junit.AutoTests" name="[19] /home/travis/build/icyphy/ptII/ptolemy/actor/lib/test/auto/ArrayExtract2.xml (RunModel)" time="0.021" />
  <testcase classname="ptolemy.util.test.junit.AutoTests" name="[20] /home/travis/build/icyphy/ptII/ptolemy/actor/lib/test/auto/ArrayLength.xml (RunModel)" time="0.028" />
  <testcase classname="ptolemy.util.test.junit.AutoTests" name="[21] /home/travis/build/icyphy/ptII/ptolemy/actor/lib/test/auto/ArrayLevelCrossing.xml (RunModel)" time="0.03" />
  <testcase classname="ptolemy.util.test.junit.AutoTests" name="[22] /home/travis/build/icyphy/ptII/ptolemy/actor/lib/test/auto/ArrayLevelCrossing2.xml (RunModel)" time="0.028" />
  <testcase classname="ptolemy.util.test.junit.AutoTests" name="[23] /home/travis/build/icyphy/ptII/ptolemy/actor/lib/test/auto/ArrayPeakSearch.xml (RunModel)" time="0.043" />
  <testcase classname="ptolemy.util.test.junit.AutoTests" name="[24] /home/travis/build/icyphy/ptII/ptolemy/actor/lib/test/auto/ArrayPeakSearch2.xml (RunModel)" time="0.038" />
  <testcase classname="ptolemy.util.test.junit.AutoTests" name="[25] /home/travis/build/icyphy/ptII/ptolemy/actor/lib/test/auto/ArrayPeakSearch3.xml (RunModel)" time="0.043" />
  <testcase classname="ptolemy.util.test.junit.AutoTests" name="[26] /home/travis/build/icyphy/ptII/ptolemy/actor/lib/test/auto/ArrayRemoveElement.xml (RunModel)" time="0.027" />
  <testcase classname="ptolemy.util.test.junit.AutoTests" name="[27] /home/travis/build/icyphy/ptII/ptolemy/actor/lib/test/auto/ArraySort.xml (RunModel)" time="0.041" />
  <testcase classname="ptolemy.util.test.junit.AutoTests" name="[28] /home/travis/build/icyphy/ptII/ptolemy/actor/lib/test/auto/ArraySum.xml (RunModel)" time="0.018" />
  <testcase classname="ptolemy.util.test.junit.AutoTests" name="[29] /home/travis/build/icyphy/ptII/ptolemy/actor/lib/test/auto/ArrayToElements.xml (RunModel)" time="0.03" />
  <testcase classname="ptolemy.util.test.junit.AutoTests" name="[30] /home/travis/build/icyphy/ptII/ptolemy/actor/lib/test/auto/ArrayToMatrix.xml (RunModel)" time="0.049" />
  <testcase classname="ptolemy.util.test.junit.AutoTests" name="[31] /home/travis/build/icyphy/ptII/ptolemy/actor/lib/test/auto/ArrayUpdate1.xml (RunModel)" time="0.015" />
  <testcase classname="ptolemy.util.test.junit.AutoTests" name="[32] /home/travis/build/icyphy/ptII/ptolemy/actor/lib/test/auto/ArrayUpdate2.xml (RunModel)" time="0.012" />
  <testcase classname="ptolemy.util.test.junit.AutoTests" name="[33] /home/travis/build/icyphy/ptII/ptolemy/actor/lib/test/auto/ArrayUpdate3.xml (RunModel)" time="0.009" />
  <testcase classname="ptolemy.util.test.junit.AutoTests" name="[34] /home/travis/build/icyphy/ptII/ptolemy/actor/lib/test/auto/Assert1.xml (RunModel)" time="0.026" />
  <testcase classname="ptolemy.util.test.junit.AutoTests" name="[35] /home/travis/build/icyphy/ptII/ptolemy/actor/lib/test/auto/Assert2.xml (RunModel)" time="0.015" />
  <testcase classname="ptolemy.util.test.junit.AutoTests" name="[36] /home/travis/build/icyphy/ptII/ptolemy/actor/lib/test/auto/BooleanMultiplexor.xml (RunModel)" time="0.014" />
  <testcase classname="ptolemy.util.test.junit.AutoTests" name="[37] /home/travis/build/icyphy/ptII/ptolemy/actor/lib/test/auto/BooleanMultiplexor2.xml (RunModel)" time="0.024" />
  <testcase classname="ptolemy.util.test.junit.AutoTests" name="[38] /home/travis/build/icyphy/ptII/ptolemy/actor/lib/test/auto/BooleanMultiplexor3.xml (RunModel)" time="0.018" />
  <testcase classname="ptolemy.util.test.junit.AutoTests" name="[39] /home/travis/build/icyphy/ptII/ptolemy/actor/lib/test/auto/BooleanSelect.xml (RunModel)" time="0.021" />
  <testcase classname="ptolemy.util.test.junit.AutoTests" name="[40] /home/travis/build/icyphy/ptII/ptolemy/actor/lib/test/auto/BooleanSelect2.xml (RunModel)" time="0.015" />
  <testcase classname="ptolemy.util.test.junit.AutoTests" name="[41] /home/travis/build/icyphy/ptII/ptolemy/actor/lib/test/auto/BooleanSwitch.xml (RunModel)" time="0.018" />
  <testcase classname="ptolemy.util.test.junit.AutoTests" name="[42] /home/travis/build/icyphy/ptII/ptolemy/actor/lib/test/auto/BooleanSwitch2.xml (RunModel)" time="0.015" />
  <testcase classname="ptolemy.util.test.junit.AutoTests" name="[43] /home/travis/build/icyphy/ptII/ptolemy/actor/lib/test/auto/BooleanSwitchCloningBugWithClassRelationGroup.xml (RunModel)" time="0.043" />
  <testcase classname="ptolemy.util.test.junit.AutoTests" name="[44] /home/travis/build/icyphy/ptII/ptolemy/actor/lib/test/auto/BusActors.xml (RunModel)" time="0.03" />
  <testcase classname="ptolemy.util.test.junit.AutoTests" name="[45] /home/travis/build/icyphy/ptII/ptolemy/actor/lib/test/auto/ClassWrapper.xml (RunModel)" time="0.019" />
  <testcase classname="ptolemy.util.test.junit.AutoTests" name="[46] /home/travis/build/icyphy/ptII/ptolemy/actor/lib/test/auto/Clock.xml (RunModel)" time="0.007" />
  <testcase classname="ptolemy.util.test.junit.AutoTests" name="[47] /home/travis/build/icyphy/ptII/ptolemy/actor/lib/test/auto/Clock10.xml (RunModel)" time="0.029" />
  <testcase classname="ptolemy.util.test.junit.AutoTests" name="[48] /home/travis/build/icyphy/ptII/ptolemy/actor/lib/test/auto/Clock11.xml (RunModel)" time="0.018" />
  <testcase classname="ptolemy.util.test.junit.AutoTests" name="[49] /home/travis/build/icyphy/ptII/ptolemy/actor/lib/test/auto/Clock12.xml (RunModel)" time="0.015" />
  <testcase classname="ptolemy.util.test.junit.AutoTests" name="[50] /home/travis/build/icyphy/ptII/ptolemy/actor/lib/test/auto/Clock13.xml (RunModel)" time="0.013" />
  <testcase classname="ptolemy.util.test.junit.AutoTests" name="[51] /home/travis/build/icyphy/ptII/ptolemy/actor/lib/test/auto/Clock14.xml (RunModel)" time="0.016" />
  <testcase classname="ptolemy.util.test.junit.AutoTests" name="[52] /home/travis/build/icyphy/ptII/ptolemy/actor/lib/test/auto/Clock15.xml (RunModel)" time="0.01" />
  <testcase classname="ptolemy.util.test.junit.AutoTests" name="[53] /home/travis/build/icyphy/ptII/ptolemy/actor/lib/test/auto/Clock16.xml (RunModel)" time="0.083" />
  <testcase classname="ptolemy.util.test.junit.AutoTests" name="[54] /home/travis/build/icyphy/ptII/ptolemy/actor/lib/test/auto/Clock17.xml (RunModel)" time="0.061" />
  <testcase classname="ptolemy.util.test.junit.AutoTests" name="[55] /home/travis/build/icyphy/ptII/ptolemy/actor/lib/test/auto/Clock18.xml (RunModel)" time="0.039" />
  <testcase classname="ptolemy.util.test.junit.AutoTests" name="[56] /home/travis/build/icyphy/ptII/ptolemy/actor/lib/test/auto/Clock19.xml (RunModel)" time="0.053" />
  <testcase classname="ptolemy.util.test.junit.AutoTests" name="[57] /home/travis/build/icyphy/ptII/ptolemy/actor/lib/test/auto/Clock2.xml (RunModel)" time="0.013" />
  <testcase classname="ptolemy.util.test.junit.AutoTests" name="[58] /home/travis/build/icyphy/ptII/ptolemy/actor/lib/test/auto/Clock20.xml (RunModel)" time="0.024" />
  <testcase classname="ptolemy.util.test.junit.AutoTests" name="[59] /home/travis/build/icyphy/ptII/ptolemy/actor/lib/test/auto/Clock21.xml (RunModel)" time="0.015" />
  <testcase classname="ptolemy.util.test.junit.AutoTests" name="[60] /home/travis/build/icyphy/ptII/ptolemy/actor/lib/test/auto/Clock22.xml (RunModel)" time="0.014" />
  <testcase classname="ptolemy.util.test.junit.AutoTests" name="[61] /home/travis/build/icyphy/ptII/ptolemy/actor/lib/test/auto/Clock23.xml (RunModel)" time="0.02" />
  <testcase classname="ptolemy.util.test.junit.AutoTests" name="[62] /home/travis/build/icyphy/ptII/ptolemy/actor/lib/test/auto/Clock24.xml (RunModel)" time="0.016" />
  <testcase classname="ptolemy.util.test.junit.AutoTests" name="[63] /home/travis/build/icyphy/ptII/ptolemy/actor/lib/test/auto/Clock4.xml (RunModel)" time="0.014" />
  <testcase classname="ptolemy.util.test.junit.AutoTests" name="[64] /home/travis/build/icyphy/ptII/ptolemy/actor/lib/test/auto/Clock5.xml (RunModel)" time="0.016" />
  <testcase classname="ptolemy.util.test.junit.AutoTests" name="[65] /home/travis/build/icyphy/ptII/ptolemy/actor/lib/test/auto/Clock6.xml (RunModel)" time="0.013" />
  <testcase classname="ptolemy.util.test.junit.AutoTests" name="[66] /home/travis/build/icyphy/ptII/ptolemy/actor/lib/test/auto/Clock7.xml (RunModel)" time="0.016" />
  <testcase classname="ptolemy.util.test.junit.AutoTests" name="[67] /home/travis/build/icyphy/ptII/ptolemy/actor/lib/test/auto/Clock8.xml (RunModel)" time="0.017" />
  <testcase classname="ptolemy.util.test.junit.AutoTests" name="[68] /home/travis/build/icyphy/ptII/ptolemy/actor/lib/test/auto/Clock9.xml (RunModel)" time="0.017" />
  <testcase classname="ptolemy.util.test.junit.AutoTests" name="[69] /home/travis/build/icyphy/ptII/ptolemy/actor/lib/test/auto/CommDistDiscard.xml (RunModel)" time="0.025" />
  <testcase classname="ptolemy.util.test.junit.AutoTests" name="[70] /home/travis/build/icyphy/ptII/ptolemy/actor/lib/test/auto/Commutator.xml (RunModel)" time="0.021" />
  <testcase classname="ptolemy.util.test.junit.AutoTests" name="[71] /home/travis/build/icyphy/ptII/ptolemy/actor/lib/test/auto/Commutator2.xml (RunModel)" time="0.013" />
  <testcase classname="ptolemy.util.test.junit.AutoTests" name="[72] /home/travis/build/icyphy/ptII/ptolemy/actor/lib/test/auto/Commutator3.xml (RunModel)" time="0.016" />
  <testcase classname="ptolemy.util.test.junit.AutoTests" name="[73] /home/travis/build/icyphy/ptII/ptolemy/actor/lib/test/auto/Compare.xml (RunModel)" time="0.023" />
  <testcase classname="ptolemy.util.test.junit.AutoTests" name="[74] /home/travis/build/icyphy/ptII/ptolemy/actor/lib/test/auto/CompareDE.xml (RunModel)" time="0.021" />
  <testcase classname="ptolemy.util.test.junit.AutoTests" name="[75] /home/travis/build/icyphy/ptII/ptolemy/actor/lib/test/auto/ComplexDivide.xml (RunModel)" time="0.01" />
  <testcase classname="ptolemy.util.test.junit.AutoTests" name="[76] /home/travis/build/icyphy/ptII/ptolemy/actor/lib/test/auto/ComputeHistogram.xml (RunModel)" time="0.079" />
  <testcase classname="ptolemy.util.test.junit.AutoTests" name="[77] /home/travis/build/icyphy/ptII/ptolemy/actor/lib/test/auto/ConfigurationSelect.xml (RunModel)" time="0.02" />
  <testcase classname="ptolemy.util.test.junit.AutoTests" name="[78] /home/travis/build/icyphy/ptII/ptolemy/actor/lib/test/auto/ConfigurationSelect2.xml (RunModel)" time="0.014" />
  <testcase classname="ptolemy.util.test.junit.AutoTests" name="[79] /home/travis/build/icyphy/ptII/ptolemy/actor/lib/test/auto/ConfigurationSwitch.xml (RunModel)" time="0.022" />
  <testcase classname="ptolemy.util.test.junit.AutoTests" name="[80] /home/travis/build/icyphy/ptII/ptolemy/actor/lib/test/auto/ConfigurationSwitch2.xml (RunModel)" time="0.023" />
  <testcase classname="ptolemy.util.test.junit.AutoTests" name="[81] /home/travis/build/icyphy/ptII/ptolemy/actor/lib/test/auto/ConfigurationSwitchCloningBugWithClassRelationGroup.xml (RunModel)" time="0.021" />
  <testcase classname="ptolemy.util.test.junit.AutoTests" name="[82] /home/travis/build/icyphy/ptII/ptolemy/actor/lib/test/auto/ConfigurationSwitchSelectSDF.xml (RunModel)" time="0.017" />
  <testcase classname="ptolemy.util.test.junit.AutoTests" name="[83] /home/travis/build/icyphy/ptII/ptolemy/actor/lib/test/auto/ConfigurationSwitchSelectSDF2.xml (RunModel)" time="0.018" />
  <testcase classname="ptolemy.util.test.junit.AutoTests" name="[84] /home/travis/build/icyphy/ptII/ptolemy/actor/lib/test/auto/Const.xml (RunModel)" time="0.007" />
  <testcase classname="ptolemy.util.test.junit.AutoTests" name="[85] /home/travis/build/icyphy/ptII/ptolemy/actor/lib/test/auto/Const2.xml (RunModel)" time="0.015" />
  <testcase classname="ptolemy.util.test.junit.AutoTests" name="[86] /home/travis/build/icyphy/ptII/ptolemy/actor/lib/test/auto/Const3.xml (RunModel)" time="0.008" />
  <testcase classname="ptolemy.util.test.junit.AutoTests" name="[87] /home/travis/build/icyphy/ptII/ptolemy/actor/lib/test/auto/ConstantPublisherPort1.xml (RunModel)" time="0.022" />
  <testcase classname="ptolemy.util.test.junit.AutoTests" name="[88] /home/travis/build/icyphy/ptII/ptolemy/actor/lib/test/auto/ConstantPublisherPort2.xml (RunModel)" time="0.025" />
  <testcase classname="ptolemy.util.test.junit.AutoTests" name="[89] /home/travis/build/icyphy/ptII/ptolemy/actor/lib/test/auto/ConstantPublisherPort3.xml (RunModel)" time="0.033" />
  <testcase classname="ptolemy.util.test.junit.AutoTests" name="[90] /home/travis/build/icyphy/ptII/ptolemy/actor/lib/test/auto/ConstantPublisherPort4.xml (RunModel)" time="0.019" />
  <testcase classname="ptolemy.util.test.junit.AutoTests" name="[91] /home/travis/build/icyphy/ptII/ptolemy/actor/lib/test/auto/ConstantPublisherPort5.xml (RunModel)" time="0.046" />
  <testcase classname="ptolemy.util.test.junit.AutoTests" name="[92] /home/travis/build/icyphy/ptII/ptolemy/actor/lib/test/auto/ConstantPublisherPort6.xml (RunModel)" time="0.029" />
  <testcase classname="ptolemy.util.test.junit.AutoTests" name="[93] /home/travis/build/icyphy/ptII/ptolemy/actor/lib/test/auto/ConstantPublisherPort7.xml (RunModel)" time="0.036" />
  <testcase classname="ptolemy.util.test.junit.AutoTests" name="[94] /home/travis/build/icyphy/ptII/ptolemy/actor/lib/test/auto/ConstraintMonitor1.xml (RunModel)" time="0.042" />
  <testcase classname="ptolemy.util.test.junit.AutoTests" name="[95] /home/travis/build/icyphy/ptII/ptolemy/actor/lib/test/auto/ConstraintMonitor2.xml (RunModel)" time="0.015" />
  <testcase classname="ptolemy.util.test.junit.AutoTests" name="[96] /home/travis/build/icyphy/ptII/ptolemy/actor/lib/test/auto/ConstraintMonitor3.xml (RunModel)" time="0.013" />
  <testcase classname="ptolemy.util.test.junit.AutoTests" name="[97] /home/travis/build/icyphy/ptII/ptolemy/actor/lib/test/auto/ConstraintMonitor4.xml (RunModel)" time="0.011" />
  <testcase classname="ptolemy.util.test.junit.AutoTests" name="[98] /home/travis/build/icyphy/ptII/ptolemy/actor/lib/test/auto/ConstraintMonitor5.xml (RunModel)" time="0.018" />
  <testcase classname="ptolemy.util.test.junit.AutoTests" name="[99] /home/travis/build/icyphy/ptII/ptolemy/actor/lib/test/auto/ConstraintMonitor6.xml (RunModel)" time="0.016" />
  <testcase classname="ptolemy.util.test.junit.AutoTests" name="[100] /home/travis/build/icyphy/ptII/ptolemy/actor/lib/test/auto/ConstraintMonitor7.xml (RunModel)" time="0.024" />
  <testcase classname="ptolemy.util.test.junit.AutoTests" name="[101] /home/travis/build/icyphy/ptII/ptolemy/actor/lib/test/auto/ConstraintMonitor8.xml (RunModel)" time="0.018" />
  <testcase classname="ptolemy.util.test.junit.AutoTests" name="[102] /home/travis/build/icyphy/ptII/ptolemy/actor/lib/test/auto/Counter.xml (RunModel)" time="0.014" />
  <testcase classname="ptolemy.util.test.junit.AutoTests" name="[103] /home/travis/build/icyphy/ptII/ptolemy/actor/lib/test/auto/CurrentTimeSDF.xml (RunModel)" time="0.009" />
  <testcase classname="ptolemy.util.test.junit.AutoTests" name="[104] /home/travis/build/icyphy/ptII/ptolemy/actor/lib/test/auto/DB.xml (RunModel)" time="0.014" />
  <testcase classname="ptolemy.util.test.junit.AutoTests" name="[105] /home/travis/build/icyphy/ptII/ptolemy/actor/lib/test/auto/DBDE.xml (RunModel)" time="0.012" />
  <testcase classname="ptolemy.util.test.junit.AutoTests" name="[106] /home/travis/build/icyphy/ptII/ptolemy/actor/lib/test/auto/DateConstructor.xml (RunModel)" time="0.061" />
  <testcase classname="ptolemy.util.test.junit.AutoTests" name="[107] /home/travis/build/icyphy/ptII/ptolemy/actor/lib/test/auto/DelayTime.xml (RunModel)" time="0.017" />
  <testcase classname="ptolemy.util.test.junit.AutoTests" name="[108] /home/travis/build/icyphy/ptII/ptolemy/actor/lib/test/auto/Dictionary1.xml (RunModel)" time="0.016" />
  <testcase classname="ptolemy.util.test.junit.AutoTests" name="[109] /home/travis/build/icyphy/ptII/ptolemy/actor/lib/test/auto/Dictionary2.xml (RunModel)" time="0.015" />
  <testcase classname="ptolemy.util.test.junit.AutoTests" name="[110] /home/travis/build/icyphy/ptII/ptolemy/actor/lib/test/auto/Dictionary3.xml (RunModel)" time="0.012" />
  <testcase classname="ptolemy.util.test.junit.AutoTests" name="[111] /home/travis/build/icyphy/ptII/ptolemy/actor/lib/test/auto/Dictionary4.xml (RunModel)" time="0.022" />
  <testcase classname="ptolemy.util.test.junit.AutoTests" name="[112] /home/travis/build/icyphy/ptII/ptolemy/actor/lib/test/auto/Differential.xml (RunModel)" time="0.011" />
  <testcase classname="ptolemy.util.test.junit.AutoTests" name="[113] /home/travis/build/icyphy/ptII/ptolemy/actor/lib/test/auto/Director.xml (RunModel)" time="0.007" />
  <testcase classname="ptolemy.util.test.junit.AutoTests" name="[114] /home/travis/build/icyphy/ptII/ptolemy/actor/lib/test/auto/DiscreteClock.xml (RunModel)" time="0.006" />
  <testcase classname="ptolemy.util.test.junit.AutoTests" name="[115] /home/travis/build/icyphy/ptII/ptolemy/actor/lib/test/auto/DiscreteClock10.xml (RunModel)" time="0.012" />
  <testcase classname="ptolemy.util.test.junit.AutoTests" name="[116] /home/travis/build/icyphy/ptII/ptolemy/actor/lib/test/auto/DiscreteClock11.xml (RunModel)" time="0.009" />
  <testcase classname="ptolemy.util.test.junit.AutoTests" name="[117] /home/travis/build/icyphy/ptII/ptolemy/actor/lib/test/auto/DiscreteClock12.xml (RunModel)" time="0.012" />
  <testcase classname="ptolemy.util.test.junit.AutoTests" name="[118] /home/travis/build/icyphy/ptII/ptolemy/actor/lib/test/auto/DiscreteClock13.xml (RunModel)" time="0.013" />
  <testcase classname="ptolemy.util.test.junit.AutoTests" name="[119] /home/travis/build/icyphy/ptII/ptolemy/actor/lib/test/auto/DiscreteClock14.xml (RunModel)" time="0.012" />
  <testcase classname="ptolemy.util.test.junit.AutoTests" name="[120] /home/travis/build/icyphy/ptII/ptolemy/actor/lib/test/auto/DiscreteClock15.xml (RunModel)" time="0.013" />
  <testcase classname="ptolemy.util.test.junit.AutoTests" name="[121] /home/travis/build/icyphy/ptII/ptolemy/actor/lib/test/auto/DiscreteClock16.xml (RunModel)" time="0.039" />
  <testcase classname="ptolemy.util.test.junit.AutoTests" name="[122] /home/travis/build/icyphy/ptII/ptolemy/actor/lib/test/auto/DiscreteClock17.xml (RunModel)" time="0.037" />
  <testcase classname="ptolemy.util.test.junit.AutoTests" name="[123] /home/travis/build/icyphy/ptII/ptolemy/actor/lib/test/auto/DiscreteClock18.xml (RunModel)" time="0.038" />
  <testcase classname="ptolemy.util.test.junit.AutoTests" name="[124] /home/travis/build/icyphy/ptII/ptolemy/actor/lib/test/auto/DiscreteClock19.xml (RunModel)" time="0.05" />
  <testcase classname="ptolemy.util.test.junit.AutoTests" name="[125] /home/travis/build/icyphy/ptII/ptolemy/actor/lib/test/auto/DiscreteClock2.xml (RunModel)" time="0.009" />
  <testcase classname="ptolemy.util.test.junit.AutoTests" name="[126] /home/travis/build/icyphy/ptII/ptolemy/actor/lib/test/auto/DiscreteClock20.xml (RunModel)" time="0.018" />
  <testcase classname="ptolemy.util.test.junit.AutoTests" name="[127] /home/travis/build/icyphy/ptII/ptolemy/actor/lib/test/auto/DiscreteClock21.xml (RunModel)" time="0.019" />
  <testcase classname="ptolemy.util.test.junit.AutoTests" name="[128] /home/travis/build/icyphy/ptII/ptolemy/actor/lib/test/auto/DiscreteClock22.xml (RunModel)" time="0.014" />
  <testcase classname="ptolemy.util.test.junit.AutoTests" name="[129] /home/travis/build/icyphy/ptII/ptolemy/actor/lib/test/auto/DiscreteClock23.xml (RunModel)" time="0.023" />
  <testcase classname="ptolemy.util.test.junit.AutoTests" name="[130] /home/travis/build/icyphy/ptII/ptolemy/actor/lib/test/auto/DiscreteClock24.xml (RunModel)" time="0.017" />
  <testcase classname="ptolemy.util.test.junit.AutoTests" name="[131] /home/travis/build/icyphy/ptII/ptolemy/actor/lib/test/auto/DiscreteClock4.xml (RunModel)" time="0.012" />
  <testcase classname="ptolemy.util.test.junit.AutoTests" name="[132] /home/travis/build/icyphy/ptII/ptolemy/actor/lib/test/auto/DiscreteClock5.xml (RunModel)" time="0.012" />
  <testcase classname="ptolemy.util.test.junit.AutoTests" name="[133] /home/travis/build/icyphy/ptII/ptolemy/actor/lib/test/auto/DiscreteClock6.xml (RunModel)" time="0.016" />
  <testcase classname="ptolemy.util.test.junit.AutoTests" name="[134] /home/travis/build/icyphy/ptII/ptolemy/actor/lib/test/auto/DiscreteClock7.xml (RunModel)" time="0.01" />
  <testcase classname="ptolemy.util.test.junit.AutoTests" name="[135] /home/travis/build/icyphy/ptII/ptolemy/actor/lib/test/auto/DiscreteClock8.xml (RunModel)" time="0.021" />
  <testcase classname="ptolemy.util.test.junit.AutoTests" name="[136] /home/travis/build/icyphy/ptII/ptolemy/actor/lib/test/auto/DiscreteClock9.xml (RunModel)" time="0.012" />
  <testcase classname="ptolemy.util.test.junit.AutoTests" name="[137] /home/travis/build/icyphy/ptII/ptolemy/actor/lib/test/auto/DisplayArray.xml (RunModel)" time="0.016" />
  <testcase classname="ptolemy.util.test.junit.AutoTests" name="[138] /home/travis/build/icyphy/ptII/ptolemy/actor/lib/test/auto/Distributor.xml (RunModel)" time="0.008" />
  <testcase classname="ptolemy.util.test.junit.AutoTests" name="[139] /home/travis/build/icyphy/ptII/ptolemy/actor/lib/test/auto/Distributor2.xml (RunModel)" time="0.009" />
  <testcase classname="ptolemy.util.test.junit.AutoTests" name="[140] /home/travis/build/icyphy/ptII/ptolemy/actor/lib/test/auto/DownSample.xml (RunModel)" time="0.008" />
  <testcase classname="ptolemy.util.test.junit.AutoTests" name="[141] /home/travis/build/icyphy/ptII/ptolemy/actor/lib/test/auto/ElectronicUnitBase1.xml (RunModel)" time="0.057" />
  <testcase classname="ptolemy.util.test.junit.AutoTests" name="[142] /home/travis/build/icyphy/ptII/ptolemy/actor/lib/test/auto/ElementsToArray.xml (RunModel)" time="0.011" />
  <testcase classname="ptolemy.util.test.junit.AutoTests" name="[143] /home/travis/build/icyphy/ptII/ptolemy/actor/lib/test/auto/Equals.xml (RunModel)" time="0.014" />
  <testcase classname="ptolemy.util.test.junit.AutoTests" name="[144] /home/travis/build/icyphy/ptII/ptolemy/actor/lib/test/auto/Exec.xml (RunModel)" time="0.025" />
  <testcase classname="ptolemy.util.test.junit.AutoTests" name="[145] /home/travis/build/icyphy/ptII/ptolemy/actor/lib/test/auto/ExecEnvironment.xml (RunModel)" time="0.038" />
  <testcase classname="ptolemy.util.test.junit.AutoTests" name="[146] /home/travis/build/icyphy/ptII/ptolemy/actor/lib/test/auto/ExecNonZeroReturnOutput.xml (RunModel)" time="0.177" />
  <testcase classname="ptolemy.util.test.junit.AutoTests" name="[147] /home/travis/build/icyphy/ptII/ptolemy/actor/lib/test/auto/ExecRunDemos.xml (RunModel)" time="10.272" />
  <testcase classname="ptolemy.util.test.junit.AutoTests" name="[148] /home/travis/build/icyphy/ptII/ptolemy/actor/lib/test/auto/ExecStop.xml (RunModel)" time="5.038" />
  <testcase classname="ptolemy.util.test.junit.AutoTests" name="[149] /home/travis/build/icyphy/ptII/ptolemy/actor/lib/test/auto/ExecutionTimeSDF.xml (RunModel)" time="6.037" />
  <testcase classname="ptolemy.util.test.junit.AutoTests" name="[150] /home/travis/build/icyphy/ptII/ptolemy/actor/lib/test/auto/Expression1.xml (RunModel)" time="0.011" />
  <testcase classname="ptolemy.util.test.junit.AutoTests" name="[151] /home/travis/build/icyphy/ptII/ptolemy/actor/lib/test/auto/Expression10.xml (RunModel)" time="0.014" />
  <testcase classname="ptolemy.util.test.junit.AutoTests" name="[152] /home/travis/build/icyphy/ptII/ptolemy/actor/lib/test/auto/Expression11.xml (RunModel)" time="0.011" />
  <testcase classname="ptolemy.util.test.junit.AutoTests" name="[153] /home/travis/build/icyphy/ptII/ptolemy/actor/lib/test/auto/Expression12.xml (RunModel)" time="0.013" />
  <testcase classname="ptolemy.util.test.junit.AutoTests" name="[154] /home/travis/build/icyphy/ptII/ptolemy/actor/lib/test/auto/Expression13.xml (RunModel)" time="0.014" />
  <testcase classname="ptolemy.util.test.junit.AutoTests" name="[155] /home/travis/build/icyphy/ptII/ptolemy/actor/lib/test/auto/Expression14.xml (RunModel)" time="0.017" />
  <testcase classname="ptolemy.util.test.junit.AutoTests" name="[156] /home/travis/build/icyphy/ptII/ptolemy/actor/lib/test/auto/Expression15.xml (RunModel)" time="0.008" />
  <testcase classname="ptolemy.util.test.junit.AutoTests" name="[157] /home/travis/build/icyphy/ptII/ptolemy/actor/lib/test/auto/Expression16.xml (RunModel)" time="0.015" />
  <testcase classname="ptolemy.util.test.junit.AutoTests" name="[158] /home/travis/build/icyphy/ptII/ptolemy/actor/lib/test/auto/Expression17.xml (RunModel)" time="0.011" />
  <testcase classname="ptolemy.util.test.junit.AutoTests" name="[159] /home/travis/build/icyphy/ptII/ptolemy/actor/lib/test/auto/Expression18.xml (RunModel)" time="0.018" />
  <testcase classname="ptolemy.util.test.junit.AutoTests" name="[160] /home/travis/build/icyphy/ptII/ptolemy/actor/lib/test/auto/Expression2.xml (RunModel)" time="0.015" />
  <testcase classname="ptolemy.util.test.junit.AutoTests" name="[161] /home/travis/build/icyphy/ptII/ptolemy/actor/lib/test/auto/Expression3.xml (RunModel)" time="0.014" />
  <testcase classname="ptolemy.util.test.junit.AutoTests" name="[162] /home/travis/build/icyphy/ptII/ptolemy/actor/lib/test/auto/Expression4.xml (RunModel)" time="0.022" />
  <testcase classname="ptolemy.util.test.junit.AutoTests" name="[163] /home/travis/build/icyphy/ptII/ptolemy/actor/lib/test/auto/Expression5.xml (RunModel)" time="0.013" />
  <testcase classname="ptolemy.util.test.junit.AutoTests" name="[164] /home/travis/build/icyphy/ptII/ptolemy/actor/lib/test/auto/Expression6.xml (RunModel)" time="0.01" />
  <testcase classname="ptolemy.util.test.junit.AutoTests" name="[165] /home/travis/build/icyphy/ptII/ptolemy/actor/lib/test/auto/Expression7.xml (RunModel)" time="0.014" />
  <testcase classname="ptolemy.util.test.junit.AutoTests" name="[166] /home/travis/build/icyphy/ptII/ptolemy/actor/lib/test/auto/Expression8.xml (RunModel)" time="0.017" />
  <testcase classname="ptolemy.util.test.junit.AutoTests" name="[167] /home/travis/build/icyphy/ptII/ptolemy/actor/lib/test/auto/Expression9.xml (RunModel)" time="0.01" />
  <testcase classname="ptolemy.util.test.junit.AutoTests" name="[168] /home/travis/build/icyphy/ptII/ptolemy/actor/lib/test/auto/ExpressionConcatenateArrayType.xml (RunModel)" time="0.041" />
  <testcase classname="ptolemy.util.test.junit.AutoTests" name="[169] /home/travis/build/icyphy/ptII/ptolemy/actor/lib/test/auto/ExpressionConcatenateArrayType2.xml (RunModel)" time="0.028" />
  <testcase classname="ptolemy.util.test.junit.AutoTests" name="[170] /home/travis/build/icyphy/ptII/ptolemy/actor/lib/test/auto/ExpressionFix.xml (RunModel)" time="0.046" />
  <testcase classname="ptolemy.util.test.junit.AutoTests" name="[171] /home/travis/build/icyphy/ptII/ptolemy/actor/lib/test/auto/ExpressionFix2.xml (RunModel)" time="0.014" />
  <testcase classname="ptolemy.util.test.junit.AutoTests" name="[172] /home/travis/build/icyphy/ptII/ptolemy/actor/lib/test/auto/ExpressionFix3.xml (RunModel)" time="0.015" />
  <testcase classname="ptolemy.util.test.junit.AutoTests" name="[173] /home/travis/build/icyphy/ptII/ptolemy/actor/lib/test/auto/FileWriter1.xml (RunModel)" time="0.01" />
  <testcase classname="ptolemy.util.test.junit.AutoTests" name="[174] /home/travis/build/icyphy/ptII/ptolemy/actor/lib/test/auto/FileWriter2.xml (RunModel)" time="0.011" />
  <testcase classname="ptolemy.util.test.junit.AutoTests" name="[175] /home/travis/build/icyphy/ptII/ptolemy/actor/lib/test/auto/FileWriter3.xml (RunModel)" time="0.017" />
  <testcase classname="ptolemy.util.test.junit.AutoTests" name="[176] /home/travis/build/icyphy/ptII/ptolemy/actor/lib/test/auto/Gaussian.xml (RunModel)" time="0.013" />
  <testcase classname="ptolemy.util.test.junit.AutoTests" name="[177] /home/travis/build/icyphy/ptII/ptolemy/actor/lib/test/auto/Gaussian1.xml (RunModel)" time="0.013" />
  <testcase classname="ptolemy.util.test.junit.AutoTests" name="[178] /home/travis/build/icyphy/ptII/ptolemy/actor/lib/test/auto/Gaussian2.xml (RunModel)" time="0.025" />
  <testcase classname="ptolemy.util.test.junit.AutoTests" name="[179] /home/travis/build/icyphy/ptII/ptolemy/actor/lib/test/auto/GradientAdaptiveLattice.xml (RunModel)" time="0.022" />
  <testcase classname="ptolemy.util.test.junit.AutoTests" name="[180] /home/travis/build/icyphy/ptII/ptolemy/actor/lib/test/auto/IIR.xml (RunModel)" time="0.01" />
  <testcase classname="ptolemy.util.test.junit.AutoTests" name="[181] /home/travis/build/icyphy/ptII/ptolemy/actor/lib/test/auto/InputOutputTransparentPorts.xml (RunModel)" time="0.018" />
  <testcase classname="ptolemy.util.test.junit.AutoTests" name="[182] /home/travis/build/icyphy/ptII/ptolemy/actor/lib/test/auto/Interpolator.xml (RunModel)" time="0.012" />
  <testcase classname="ptolemy.util.test.junit.AutoTests" name="[183] /home/travis/build/icyphy/ptII/ptolemy/actor/lib/test/auto/InterpolatorFiringLimitDE.xml (RunModel)" time="0.016" />
  <testcase classname="ptolemy.util.test.junit.AutoTests" name="[184] /home/travis/build/icyphy/ptII/ptolemy/actor/lib/test/auto/Lattice.xml (RunModel)" time="0.009" />
  <testcase classname="ptolemy.util.test.junit.AutoTests" name="[185] /home/travis/build/icyphy/ptII/ptolemy/actor/lib/test/auto/LazyAOCTestLazy.xml (RunModel)" time="0.021" />
  <testcase classname="ptolemy.util.test.junit.AutoTests" name="[186] /home/travis/build/icyphy/ptII/ptolemy/actor/lib/test/auto/LazyAOCTestNonLazy.xml (RunModel)" time="0.049" />
  <testcase classname="ptolemy.util.test.junit.AutoTests" name="[187] /home/travis/build/icyphy/ptII/ptolemy/actor/lib/test/auto/LazyInnerClass.xml (RunModel)" time="0.056" />
  <testcase classname="ptolemy.util.test.junit.AutoTests" name="[188] /home/travis/build/icyphy/ptII/ptolemy/actor/lib/test/auto/LazyPubSub.xml (RunModel)" time="0.067" />
  <testcase classname="ptolemy.util.test.junit.AutoTests" name="[189] /home/travis/build/icyphy/ptII/ptolemy/actor/lib/test/auto/LazyPubSub2.xml (RunModel)" time="0.028" />
  <testcase classname="ptolemy.util.test.junit.AutoTests" name="[190] /home/travis/build/icyphy/ptII/ptolemy/actor/lib/test/auto/LazyPubSub3.xml (RunModel)" time="0.021" />
  <testcase classname="ptolemy.util.test.junit.AutoTests" name="[191] /home/travis/build/icyphy/ptII/ptolemy/actor/lib/test/auto/LazySubClassModel.xml (RunModel)" time="0.047" />
  <testcase classname="ptolemy.util.test.junit.AutoTests" name="[192] /home/travis/build/icyphy/ptII/ptolemy/actor/lib/test/auto/LevelCrossTest1.xml (RunModel)" time="0.011" />
  <testcase classname="ptolemy.util.test.junit.AutoTests" name="[193] /home/travis/build/icyphy/ptII/ptolemy/actor/lib/test/auto/LevelCrossTest10.xml (RunModel)" time="0.015" />
  <testcase classname="ptolemy.util.test.junit.AutoTests" name="[194] /home/travis/build/icyphy/ptII/ptolemy/actor/lib/test/auto/LevelCrossTest11.xml (RunModel)" time="0.014" />
  <testcase classname="ptolemy.util.test.junit.AutoTests" name="[195] /home/travis/build/icyphy/ptII/ptolemy/actor/lib/test/auto/LevelCrossTest12.xml (RunModel)" time="0.017" />
  <testcase classname="ptolemy.util.test.junit.AutoTests" name="[196] /home/travis/build/icyphy/ptII/ptolemy/actor/lib/test/auto/LevelCrossTest13.xml (RunModel)" time="0.017" />
  <testcase classname="ptolemy.util.test.junit.AutoTests" name="[197] /home/travis/build/icyphy/ptII/ptolemy/actor/lib/test/auto/LevelCrossTest2.xml (RunModel)" time="0.009" />
  <testcase classname="ptolemy.util.test.junit.AutoTests" name="[198] /home/travis/build/icyphy/ptII/ptolemy/actor/lib/test/auto/LevelCrossTest3.xml (RunModel)" time="0.012" />
  <testcase classname="ptolemy.util.test.junit.AutoTests" name="[199] /home/travis/build/icyphy/ptII/ptolemy/actor/lib/test/auto/LevelCrossTest4.xml (RunModel)" time="0.011" />
  <testcase classname="ptolemy.util.test.junit.AutoTests" name="[200] /home/travis/build/icyphy/ptII/ptolemy/actor/lib/test/auto/LevelCrossTest5.xml (RunModel)" time="0.012" />
  <testcase classname="ptolemy.util.test.junit.AutoTests" name="[201] /home/travis/build/icyphy/ptII/ptolemy/actor/lib/test/auto/LevelCrossTest6.xml (RunModel)" time="0.011" />
  <testcase classname="ptolemy.util.test.junit.AutoTests" name="[202] /home/travis/build/icyphy/ptII/ptolemy/actor/lib/test/auto/LevelCrossTest7.xml (RunModel)" time="0.019" />
  <testcase classname="ptolemy.util.test.junit.AutoTests" name="[203] /home/travis/build/icyphy/ptII/ptolemy/actor/lib/test/auto/LevelCrossTest8.xml (RunModel)" time="0.013" />
  <testcase classname="ptolemy.util.test.junit.AutoTests" name="[204] /home/travis/build/icyphy/ptII/ptolemy/actor/lib/test/auto/LevelCrossTest9.xml (RunModel)" time="0.014" />
  <testcase classname="ptolemy.util.test.junit.AutoTests" name="[205] /home/travis/build/icyphy/ptII/ptolemy/actor/lib/test/auto/LevinsonDurbin.xml (RunModel)" time="0.008" />
  <testcase classname="ptolemy.util.test.junit.AutoTests" name="[206] /home/travis/build/icyphy/ptII/ptolemy/actor/lib/test/auto/LevinsonDurbin2.xml (RunModel)" time="0.009" />
  <testcase classname="ptolemy.util.test.junit.AutoTests" name="[207] /home/travis/build/icyphy/ptII/ptolemy/actor/lib/test/auto/LevinsonDurbin3.xml (RunModel)" time="0.011" />
  <testcase classname="ptolemy.util.test.junit.AutoTests" name="[208] /home/travis/build/icyphy/ptII/ptolemy/actor/lib/test/auto/Limiter.xml (RunModel)" time="0.042" />
  <testcase classname="ptolemy.util.test.junit.AutoTests" name="[209] /home/travis/build/icyphy/ptII/ptolemy/actor/lib/test/auto/LinearDifferenceEquationSystem.xml (RunModel)" time="0.021" />
  <testcase classname="ptolemy.util.test.junit.AutoTests" name="[210] /home/travis/build/icyphy/ptII/ptolemy/actor/lib/test/auto/LookupTable.xml (RunModel)" time="0.018" />
  <testcase classname="ptolemy.util.test.junit.AutoTests" name="[211] /home/travis/build/icyphy/ptII/ptolemy/actor/lib/test/auto/MathFunction.xml (RunModel)" time="0.029" />
  <testcase classname="ptolemy.util.test.junit.AutoTests" name="[212] /home/travis/build/icyphy/ptII/ptolemy/actor/lib/test/auto/MathFunction2.xml (RunModel)" time="0.009" />
  <testcase classname="ptolemy.util.test.junit.AutoTests" name="[213] /home/travis/build/icyphy/ptII/ptolemy/actor/lib/test/auto/MathFunction3.xml (RunModel)" time="0.018" />
  <testcase classname="ptolemy.util.test.junit.AutoTests" name="[214] /home/travis/build/icyphy/ptII/ptolemy/actor/lib/test/auto/MatrixCropBoolean.xml (RunModel)" time="0.018" />
  <testcase classname="ptolemy.util.test.junit.AutoTests" name="[215] /home/travis/build/icyphy/ptII/ptolemy/actor/lib/test/auto/MatrixCropComplex.xml (RunModel)" time="0.009" />
  <testcase classname="ptolemy.util.test.junit.AutoTests" name="[216] /home/travis/build/icyphy/ptII/ptolemy/actor/lib/test/auto/MatrixCropDouble.xml (RunModel)" time="0.009" />
  <testcase classname="ptolemy.util.test.junit.AutoTests" name="[217] /home/travis/build/icyphy/ptII/ptolemy/actor/lib/test/auto/MatrixCropFix.xml (RunModel)" time="0.012" />
  <testcase classname="ptolemy.util.test.junit.AutoTests" name="[218] /home/travis/build/icyphy/ptII/ptolemy/actor/lib/test/auto/MatrixCropInt.xml (RunModel)" time="0.009" />
  <testcase classname="ptolemy.util.test.junit.AutoTests" name="[219] /home/travis/build/icyphy/ptII/ptolemy/actor/lib/test/auto/MatrixCropLong.xml (RunModel)" time="0.009" />
  <testcase classname="ptolemy.util.test.junit.AutoTests" name="[220] /home/travis/build/icyphy/ptII/ptolemy/actor/lib/test/auto/MatrixToArray.xml (RunModel)" time="0.051" />
  <testcase classname="ptolemy.util.test.junit.AutoTests" name="[221] /home/travis/build/icyphy/ptII/ptolemy/actor/lib/test/auto/MaxIndex.xml (RunModel)" time="0.029" />
  <testcase classname="ptolemy.util.test.junit.AutoTests" name="[222] /home/travis/build/icyphy/ptII/ptolemy/actor/lib/test/auto/Maximum.xml (RunModel)" time="0.016" />
  <testcase classname="ptolemy.util.test.junit.AutoTests" name="[223] /home/travis/build/icyphy/ptII/ptolemy/actor/lib/test/auto/MaximumComplex.xml (RunModel)" time="0.016" />
  <testcase classname="ptolemy.util.test.junit.AutoTests" name="[224] /home/travis/build/icyphy/ptII/ptolemy/actor/lib/test/auto/MethodCallTest.xml (RunModel)" time="0.026" />
  <testcase classname="ptolemy.util.test.junit.AutoTests" name="[225] /home/travis/build/icyphy/ptII/ptolemy/actor/lib/test/auto/Minimum.xml (RunModel)" time="0.013" />
  <testcase classname="ptolemy.util.test.junit.AutoTests" name="[226] /home/travis/build/icyphy/ptII/ptolemy/actor/lib/test/auto/MinimumComplex.xml (RunModel)" time="0.024" />
  <testcase classname="ptolemy.util.test.junit.AutoTests" name="[227] /home/travis/build/icyphy/ptII/ptolemy/actor/lib/test/auto/MinimumMultiports.xml (RunModel)" time="0.015" />
  <testcase classname="ptolemy.util.test.junit.AutoTests" name="[228] /home/travis/build/icyphy/ptII/ptolemy/actor/lib/test/auto/ModifyDate.xml (RunModel)" time="0.051" />
  <testcase classname="ptolemy.util.test.junit.AutoTests" name="[229] /home/travis/build/icyphy/ptII/ptolemy/actor/lib/test/auto/ModifyDate2.xml (RunModel)" time="0.029" />
  <testcase classname="ptolemy.util.test.junit.AutoTests" name="[230] /home/travis/build/icyphy/ptII/ptolemy/actor/lib/test/auto/MovingAverage.xml (RunModel)" time="0.011" />
  <testcase classname="ptolemy.util.test.junit.AutoTests" name="[231] /home/travis/build/icyphy/ptII/ptolemy/actor/lib/test/auto/MovingMaximum.xml (RunModel)" time="0.012" />
  <testcase classname="ptolemy.util.test.junit.AutoTests" name="[232] /home/travis/build/icyphy/ptII/ptolemy/actor/lib/test/auto/MultipleLinksToSameRelation.xml (RunModel)" time="0.007" />
  <testcase classname="ptolemy.util.test.junit.AutoTests" name="[233] /home/travis/build/icyphy/ptII/ptolemy/actor/lib/test/auto/MultipleLinksToSameRelationDE.xml (RunModel)" time="0.014" />
  <testcase classname="ptolemy.util.test.junit.AutoTests" name="[234] /home/travis/build/icyphy/ptII/ptolemy/actor/lib/test/auto/Multiplexor.xml (RunModel)" time="0.011" />
  <testcase classname="ptolemy.util.test.junit.AutoTests" name="[235] /home/travis/build/icyphy/ptII/ptolemy/actor/lib/test/auto/Multiplexor1.xml (RunModel)" time="0.011" />
  <testcase classname="ptolemy.util.test.junit.AutoTests" name="[236] /home/travis/build/icyphy/ptII/ptolemy/actor/lib/test/auto/Multiplexor2.xml (RunModel)" time="0.012" />
  <testcase classname="ptolemy.util.test.junit.AutoTests" name="[237] /home/travis/build/icyphy/ptII/ptolemy/actor/lib/test/auto/Multiplexor3.xml (RunModel)" time="0.007" />
  <testcase classname="ptolemy.util.test.junit.AutoTests" name="[238] /home/travis/build/icyphy/ptII/ptolemy/actor/lib/test/auto/MultiplexorDE.xml (RunModel)" time="0.016" />
  <testcase classname="ptolemy.util.test.junit.AutoTests" name="[239] /home/travis/build/icyphy/ptII/ptolemy/actor/lib/test/auto/MultiportBroadcastTest.xml (RunModel)" time="0.109" />
  <testcase classname="ptolemy.util.test.junit.AutoTests" name="[240] /home/travis/build/icyphy/ptII/ptolemy/actor/lib/test/auto/MultiportOutHangDuringGetWidth.xml (RunModel)" time="0.035" />
  <testcase classname="ptolemy.util.test.junit.AutoTests" name="[241] /home/travis/build/icyphy/ptII/ptolemy/actor/lib/test/auto/NilToken.xml (RunModel)" time="0.013" />
  <testcase classname="ptolemy.util.test.junit.AutoTests" name="[242] /home/travis/build/icyphy/ptII/ptolemy/actor/lib/test/auto/NilTokenNonStrictTest.xml (RunModel)" time="0.01" />
  <testcase classname="ptolemy.util.test.junit.AutoTests" name="[243] /home/travis/build/icyphy/ptII/ptolemy/actor/lib/test/auto/NilTokenRecord.xml (RunModel)" time="0.021" />
  <testcase classname="ptolemy.util.test.junit.AutoTests" name="[244] /home/travis/build/icyphy/ptII/ptolemy/actor/lib/test/auto/NilTokenTypeTest.xml (RunModel)" time="0.025" />
  <testcase classname="ptolemy.util.test.junit.AutoTests" name="[245] /home/travis/build/icyphy/ptII/ptolemy/actor/lib/test/auto/ObjectToken1.xml (RunModel)" time="0.008" />
  <testcase classname="ptolemy.util.test.junit.AutoTests" name="[246] /home/travis/build/icyphy/ptII/ptolemy/actor/lib/test/auto/OrderedMerge.xml (RunModel)" time="0.024" />
  <testcase classname="ptolemy.util.test.junit.AutoTests" name="[247] /home/travis/build/icyphy/ptII/ptolemy/actor/lib/test/auto/OrderedRecordDisassembler.xml (RunModel)" time="0.027" />
  <testcase classname="ptolemy.util.test.junit.AutoTests" name="[248] /home/travis/build/icyphy/ptII/ptolemy/actor/lib/test/auto/OrderedRecordDisassembler2.xml (RunModel)" time="0.022" />
  <testcase classname="ptolemy.util.test.junit.AutoTests" name="[249] /home/travis/build/icyphy/ptII/ptolemy/actor/lib/test/auto/OrderedRecordUpdater.xml (RunModel)" time="0.013" />
  <testcase classname="ptolemy.util.test.junit.AutoTests" name="[250] /home/travis/build/icyphy/ptII/ptolemy/actor/lib/test/auto/OrderedRecordUpdater2.xml (RunModel)" time="0.02" />
  <testcase classname="ptolemy.util.test.junit.AutoTests" name="[251] /home/travis/build/icyphy/ptII/ptolemy/actor/lib/test/auto/PhaseUnwrap.xml (RunModel)" time="0.014" />
  <testcase classname="ptolemy.util.test.junit.AutoTests" name="[252] /home/travis/build/icyphy/ptII/ptolemy/actor/lib/test/auto/PoissonClock.xml (RunModel)" time="0.012" />
  <testcase classname="ptolemy.util.test.junit.AutoTests" name="[253] /home/travis/build/icyphy/ptII/ptolemy/actor/lib/test/auto/PoissonClock2.xml (RunModel)" time="0.009" />
  <testcase classname="ptolemy.util.test.junit.AutoTests" name="[254] /home/travis/build/icyphy/ptII/ptolemy/actor/lib/test/auto/PoissonClock3.xml (RunModel)" time="0.02" />
  <testcase classname="ptolemy.util.test.junit.AutoTests" name="[255] /home/travis/build/icyphy/ptII/ptolemy/actor/lib/test/auto/PubSubWithInitialTokens.xml (RunModel)" time="0.019" />
  <testcase classname="ptolemy.util.test.junit.AutoTests" name="[256] /home/travis/build/icyphy/ptII/ptolemy/actor/lib/test/auto/PubSubWithInitialTokens2.xml (RunModel)" time="0.012" />
  <testcase classname="ptolemy.util.test.junit.AutoTests" name="[257] /home/travis/build/icyphy/ptII/ptolemy/actor/lib/test/auto/PublisherClassNoParameter.xml (RunModel)" time="0.025" />
  <testcase classname="ptolemy.util.test.junit.AutoTests" name="[258] /home/travis/build/icyphy/ptII/ptolemy/actor/lib/test/auto/PublisherClassParameter.xml (RunModel)" time="0.039" />
  <testcase classname="ptolemy.util.test.junit.AutoTests" name="[259] /home/travis/build/icyphy/ptII/ptolemy/actor/lib/test/auto/PublisherNonStrictTest.xml (RunModel)" time="0.015" />
  <testcase classname="ptolemy.util.test.junit.AutoTests" name="[260] /home/travis/build/icyphy/ptII/ptolemy/actor/lib/test/auto/PublisherPort1.xml (RunModel)" time="0.009" />
  <testcase classname="ptolemy.util.test.junit.AutoTests" name="[261] /home/travis/build/icyphy/ptII/ptolemy/actor/lib/test/auto/PublisherPort2.xml (RunModel)" time="0.008" />
  <testcase classname="ptolemy.util.test.junit.AutoTests" name="[262] /home/travis/build/icyphy/ptII/ptolemy/actor/lib/test/auto/PublisherPort3.xml (RunModel)" time="0.018" />
  <testcase classname="ptolemy.util.test.junit.AutoTests" name="[263] /home/travis/build/icyphy/ptII/ptolemy/actor/lib/test/auto/PublisherPort4.xml (RunModel)" time="0.018" />
  <testcase classname="ptolemy.util.test.junit.AutoTests" name="[264] /home/travis/build/icyphy/ptII/ptolemy/actor/lib/test/auto/PublisherPort5.xml (RunModel)" time="0.013" />
  <testcase classname="ptolemy.util.test.junit.AutoTests" name="[265] /home/travis/build/icyphy/ptII/ptolemy/actor/lib/test/auto/PublisherPort5LookAlike.xml (RunModel)" time="0.019" />
  <testcase classname="ptolemy.util.test.junit.AutoTests" name="[266] /home/travis/build/icyphy/ptII/ptolemy/actor/lib/test/auto/PublisherPort6.xml (RunModel)" time="0.011" />
  <testcase classname="ptolemy.util.test.junit.AutoTests" name="[267] /home/travis/build/icyphy/ptII/ptolemy/actor/lib/test/auto/PublisherPort7.xml (RunModel)" time="0.014" />
  <testcase classname="ptolemy.util.test.junit.AutoTests" name="[268] /home/travis/build/icyphy/ptII/ptolemy/actor/lib/test/auto/PublisherPort8.xml (RunModel)" time="0.016" />
  <testcase classname="ptolemy.util.test.junit.AutoTests" name="[269] /home/travis/build/icyphy/ptII/ptolemy/actor/lib/test/auto/PublisherPortSubscriberChannelVariablesAOC2.xml (RunModel)" time="0.03" />
  <testcase classname="ptolemy.util.test.junit.AutoTests" name="[270] /home/travis/build/icyphy/ptII/ptolemy/actor/lib/test/auto/PublisherPortSubscriberOpaqueWidthInference.xml (RunModel)" time="0.02" />
  <testcase classname="ptolemy.util.test.junit.AutoTests" name="[271] /home/travis/build/icyphy/ptII/ptolemy/actor/lib/test/auto/PublisherPortSubscriberPortAdjacent.xml (RunModel)" time="0.018" />
  <testcase classname="ptolemy.util.test.junit.AutoTests" name="[272] /home/travis/build/icyphy/ptII/ptolemy/actor/lib/test/auto/PublisherPortSubscriberPortExpression.xml (RunModel)" time="0.019" />
  <testcase classname="ptolemy.util.test.junit.AutoTests" name="[273] /home/travis/build/icyphy/ptII/ptolemy/actor/lib/test/auto/PublisherPortSubscriberPortOpaqueD3Reverse.xml (RunModel)" time="0.02" />
  <testcase classname="ptolemy.util.test.junit.AutoTests" name="[274] /home/travis/build/icyphy/ptII/ptolemy/actor/lib/test/auto/PublisherPortSubscriberPortOpaqueWidthInference.xml (RunModel)" time="0.017" />
  <testcase classname="ptolemy.util.test.junit.AutoTests" name="[275] /home/travis/build/icyphy/ptII/ptolemy/actor/lib/test/auto/PublisherPortToplevelSubscriberPortAOC.xml (RunModel)" time="0.009" />
  <testcase classname="ptolemy.util.test.junit.AutoTests" name="[276] /home/travis/build/icyphy/ptII/ptolemy/actor/lib/test/auto/PublisherSubscriber.xml (RunModel)" time="0.011" />
  <testcase classname="ptolemy.util.test.junit.AutoTests" name="[277] /home/travis/build/icyphy/ptII/ptolemy/actor/lib/test/auto/PublisherSubscriber10.xml (RunModel)" time="0.018" />
  <testcase classname="ptolemy.util.test.junit.AutoTests" name="[278] /home/travis/build/icyphy/ptII/ptolemy/actor/lib/test/auto/PublisherSubscriber10InitialOutputs.xml (RunModel)" time="0.028" />
  <testcase classname="ptolemy.util.test.junit.AutoTests" name="[279] /home/travis/build/icyphy/ptII/ptolemy/actor/lib/test/auto/PublisherSubscriber11.xml (RunModel)" time="0.02" />
  <testcase classname="ptolemy.util.test.junit.AutoTests" name="[280] /home/travis/build/icyphy/ptII/ptolemy/actor/lib/test/auto/PublisherSubscriber12.xml (RunModel)" time="0.023" />
  <testcase classname="ptolemy.util.test.junit.AutoTests" name="[281] /home/travis/build/icyphy/ptII/ptolemy/actor/lib/test/auto/PublisherSubscriber13.xml (RunModel)" time="0.009" />
  <testcase classname="ptolemy.util.test.junit.AutoTests" name="[282] /home/travis/build/icyphy/ptII/ptolemy/actor/lib/test/auto/PublisherSubscriber14.xml (RunModel)" time="0.017" />
  <testcase classname="ptolemy.util.test.junit.AutoTests" name="[283] /home/travis/build/icyphy/ptII/ptolemy/actor/lib/test/auto/PublisherSubscriber2.xml (RunModel)" time="0.009" />
  <testcase classname="ptolemy.util.test.junit.AutoTests" name="[284] /home/travis/build/icyphy/ptII/ptolemy/actor/lib/test/auto/PublisherSubscriber3.xml (RunModel)" time="0.008" />
  <testcase classname="ptolemy.util.test.junit.AutoTests" name="[285] /home/travis/build/icyphy/ptII/ptolemy/actor/lib/test/auto/PublisherSubscriber4.xml (RunModel)" time="0.008" />
  <testcase classname="ptolemy.util.test.junit.AutoTests" name="[286] /home/travis/build/icyphy/ptII/ptolemy/actor/lib/test/auto/PublisherSubscriber5.xml (RunModel)" time="0.011" />
  <testcase classname="ptolemy.util.test.junit.AutoTests" name="[287] /home/travis/build/icyphy/ptII/ptolemy/actor/lib/test/auto/PublisherSubscriber6.xml (RunModel)" time="0.013" />
  <testcase classname="ptolemy.util.test.junit.AutoTests" name="[288] /home/travis/build/icyphy/ptII/ptolemy/actor/lib/test/auto/PublisherSubscriber7.xml (RunModel)" time="0.031" />
  <testcase classname="ptolemy.util.test.junit.AutoTests" name="[289] /home/travis/build/icyphy/ptII/ptolemy/actor/lib/test/auto/PublisherSubscriber8.xml (RunModel)" time="0.022" />
  <testcase classname="ptolemy.util.test.junit.AutoTests" name="[290] /home/travis/build/icyphy/ptII/ptolemy/actor/lib/test/auto/PublisherSubscriber9.xml (RunModel)" time="0.017" />
  <testcase classname="ptolemy.util.test.junit.AutoTests" name="[291] /home/travis/build/icyphy/ptII/ptolemy/actor/lib/test/auto/PublisherSubscriberAdjacent.xml (RunModel)" time="0.015" />
  <testcase classname="ptolemy.util.test.junit.AutoTests" name="[292] /home/travis/build/icyphy/ptII/ptolemy/actor/lib/test/auto/PublisherSubscriberChannelVariablesAOC2.xml (RunModel)" time="0.026" />
  <testcase classname="ptolemy.util.test.junit.AutoTests" name="[293] /home/travis/build/icyphy/ptII/ptolemy/actor/lib/test/auto/PublisherSubscriberD3.xml (RunModel)" time="0.012" />
  <testcase classname="ptolemy.util.test.junit.AutoTests" name="[294] /home/travis/build/icyphy/ptII/ptolemy/actor/lib/test/auto/PublisherSubscriberD3Reverse.xml (RunModel)" time="0.009" />
  <testcase classname="ptolemy.util.test.junit.AutoTests" name="[295] /home/travis/build/icyphy/ptII/ptolemy/actor/lib/test/auto/PublisherSubscriberExpression.xml (RunModel)" time="0.014" />
  <testcase classname="ptolemy.util.test.junit.AutoTests" name="[296] /home/travis/build/icyphy/ptII/ptolemy/actor/lib/test/auto/PublisherSubscriberOpaque.xml (RunModel)" time="0.015" />
  <testcase classname="ptolemy.util.test.junit.AutoTests" name="[297] /home/travis/build/icyphy/ptII/ptolemy/actor/lib/test/auto/PublisherSubscriberOpaqueD3.xml (RunModel)" time="0.023" />
  <testcase classname="ptolemy.util.test.junit.AutoTests" name="[298] /home/travis/build/icyphy/ptII/ptolemy/actor/lib/test/auto/PublisherSubscriberOpaqueD3Reverse.xml (RunModel)" time="0.021" />
  <testcase classname="ptolemy.util.test.junit.AutoTests" name="[299] /home/travis/build/icyphy/ptII/ptolemy/actor/lib/test/auto/PublisherSubscriberOpaqueWidthInference.xml (RunModel)" time="0.015" />
  <testcase classname="ptolemy.util.test.junit.AutoTests" name="[300] /home/travis/build/icyphy/ptII/ptolemy/actor/lib/test/auto/PublisherTestSubscriber.xml (RunModel)" time="0.014" />
  <testcase classname="ptolemy.util.test.junit.AutoTests" name="[301] /home/travis/build/icyphy/ptII/ptolemy/actor/lib/test/auto/PublisherToplevelSubscriberPortAOC.xml (RunModel)" time="0.009" />
  <testcase classname="ptolemy.util.test.junit.AutoTests" name="[302] /home/travis/build/icyphy/ptII/ptolemy/actor/lib/test/auto/PulseFiringLimitDE.xml (RunModel)" time="0.013" />
  <testcase classname="ptolemy.util.test.junit.AutoTests" name="[303] /home/travis/build/icyphy/ptII/ptolemy/actor/lib/test/auto/Ramp1.xml (RunModel)" time="0.006" />
  <testcase classname="ptolemy.util.test.junit.AutoTests" name="[304] /home/travis/build/icyphy/ptII/ptolemy/actor/lib/test/auto/RampFiringLimitDE.xml (RunModel)" time="0.01" />
  <testcase classname="ptolemy.util.test.junit.AutoTests" name="[305] /home/travis/build/icyphy/ptII/ptolemy/actor/lib/test/auto/RampFiringLimitSDF.xml (RunModel)" time="0.008" />
  <testcase classname="ptolemy.util.test.junit.AutoTests" name="[306] /home/travis/build/icyphy/ptII/ptolemy/actor/lib/test/auto/RandomInteger.xml (RunModel)" time="0.007" />
  <testcase classname="ptolemy.util.test.junit.AutoTests" name="[307] /home/travis/build/icyphy/ptII/ptolemy/actor/lib/test/auto/ReadFile1.xml (RunModel)" time="0.007" />
  <testcase classname="ptolemy.util.test.junit.AutoTests" name="[308] /home/travis/build/icyphy/ptII/ptolemy/actor/lib/test/auto/ReadFile2.xml (RunModel)" time="0.006" />
  <testcase classname="ptolemy.util.test.junit.AutoTests" name="[309] /home/travis/build/icyphy/ptII/ptolemy/actor/lib/test/auto/Reader.xml (RunModel)" time="0.009" />
  <testcase classname="ptolemy.util.test.junit.AutoTests" name="[310] /home/travis/build/icyphy/ptII/ptolemy/actor/lib/test/auto/RecordAssemblerDisplayNameTest.xml (RunModel)" time="3.669" />
  <testcase classname="ptolemy.util.test.junit.AutoTests" name="[311] /home/travis/build/icyphy/ptII/ptolemy/actor/lib/test/auto/RecordAssemblerTypeError.xml (RunModel)" time="0.038" />
  <testcase classname="ptolemy.util.test.junit.AutoTests" name="[312] /home/travis/build/icyphy/ptII/ptolemy/actor/lib/test/auto/RecordDisassember.xml (RunModel)" time="0.014" />
  <testcase classname="ptolemy.util.test.junit.AutoTests" name="[313] /home/travis/build/icyphy/ptII/ptolemy/actor/lib/test/auto/RecordDisassemberDisplayNameTest.xml (RunModel)" time="0.02" />
  <testcase classname="ptolemy.util.test.junit.AutoTests" name="[314] /home/travis/build/icyphy/ptII/ptolemy/actor/lib/test/auto/RecordDisassembler.xml (RunModel)" time="0.016" />
  <testcase classname="ptolemy.util.test.junit.AutoTests" name="[315] /home/travis/build/icyphy/ptII/ptolemy/actor/lib/test/auto/RecordDisassembler2.xml (RunModel)" time="0.011" />
  <testcase classname="ptolemy.util.test.junit.AutoTests" name="[316] /home/travis/build/icyphy/ptII/ptolemy/actor/lib/test/auto/RecordUpdater.xml (RunModel)" time="0.012" />
  <testcase classname="ptolemy.util.test.junit.AutoTests" name="[317] /home/travis/build/icyphy/ptII/ptolemy/actor/lib/test/auto/RecordUpdater2.xml (RunModel)" time="0.009" />
  <testcase classname="ptolemy.util.test.junit.AutoTests" name="[318] /home/travis/build/icyphy/ptII/ptolemy/actor/lib/test/auto/RecursiveLattice.xml (RunModel)" time="0.01" />
  <testcase classname="ptolemy.util.test.junit.AutoTests" name="[319] /home/travis/build/icyphy/ptII/ptolemy/actor/lib/test/auto/Router.xml (RunModel)" time="3.03" />
  <testcase classname="ptolemy.util.test.junit.AutoTests" name="[320] /home/travis/build/icyphy/ptII/ptolemy/actor/lib/test/auto/Router2.xml (RunModel)" time="3.052" />
  <testcase classname="ptolemy.util.test.junit.AutoTests" name="[321] /home/travis/build/icyphy/ptII/ptolemy/actor/lib/test/auto/RunningMaximum.xml (RunModel)" time="0.017" />
  <testcase classname="ptolemy.util.test.junit.AutoTests" name="[322] /home/travis/build/icyphy/ptII/ptolemy/actor/lib/test/auto/RunningMinimum.xml (RunModel)" time="0.021" />
  <testcase classname="ptolemy.util.test.junit.AutoTests" name="[323] /home/travis/build/icyphy/ptII/ptolemy/actor/lib/test/auto/Scale.xml (RunModel)" time="0.015" />
  <testcase classname="ptolemy.util.test.junit.AutoTests" name="[324] /home/travis/build/icyphy/ptII/ptolemy/actor/lib/test/auto/Scale2.xml (RunModel)" time="0.009" />
  <testcase classname="ptolemy.util.test.junit.AutoTests" name="[325] /home/travis/build/icyphy/ptII/ptolemy/actor/lib/test/auto/Scale3.xml (RunModel)" time="0.013" />
  <testcase classname="ptolemy.util.test.junit.AutoTests" name="[326] /home/travis/build/icyphy/ptII/ptolemy/actor/lib/test/auto/ScaleArray.xml (RunModel)" time="0.007" />
  <testcase classname="ptolemy.util.test.junit.AutoTests" name="[327] /home/travis/build/icyphy/ptII/ptolemy/actor/lib/test/auto/ScaleArray2.xml (RunModel)" time="0.006" />
  <testcase classname="ptolemy.util.test.junit.AutoTests" name="[328] /home/travis/build/icyphy/ptII/ptolemy/actor/lib/test/auto/ScaleMatrix.xml (RunModel)" time="0.2" />
  <testcase classname="ptolemy.util.test.junit.AutoTests" name="[329] /home/travis/build/icyphy/ptII/ptolemy/actor/lib/test/auto/Select.xml (RunModel)" time="0.015" />
  <testcase classname="ptolemy.util.test.junit.AutoTests" name="[330] /home/travis/build/icyphy/ptII/ptolemy/actor/lib/test/auto/Select2.xml (RunModel)" time="0.008" />
  <testcase classname="ptolemy.util.test.junit.AutoTests" name="[331] /home/travis/build/icyphy/ptII/ptolemy/actor/lib/test/auto/SequenceToArray2.xml (RunModel)" time="0.139" />
  <testcase classname="ptolemy.util.test.junit.AutoTests" name="[332] /home/travis/build/icyphy/ptII/ptolemy/actor/lib/test/auto/SequentialClock.xml (RunModel)" time="0.016" />
  <testcase classname="ptolemy.util.test.junit.AutoTests" name="[333] /home/travis/build/icyphy/ptII/ptolemy/actor/lib/test/auto/SetVariable.xml (RunModel)" time="0.01" />
  <testcase classname="ptolemy.util.test.junit.AutoTests" name="[334] /home/travis/build/icyphy/ptII/ptolemy/actor/lib/test/auto/SetVariable2.xml (RunModel)" time="0.013" />
  <testcase classname="ptolemy.util.test.junit.AutoTests" name="[335] /home/travis/build/icyphy/ptII/ptolemy/actor/lib/test/auto/SetVariable3.xml (RunModel)" time="0.016" />
  <testcase classname="ptolemy.util.test.junit.AutoTests" name="[336] /home/travis/build/icyphy/ptII/ptolemy/actor/lib/test/auto/SetVariable4.xml (RunModel)" time="0.034" />
  <testcase classname="ptolemy.util.test.junit.AutoTests" name="[337] /home/travis/build/icyphy/ptII/ptolemy/actor/lib/test/auto/SetVariable5.xml (RunModel)" time="0.039" />
  <testcase classname="ptolemy.util.test.junit.AutoTests" name="[338] /home/travis/build/icyphy/ptII/ptolemy/actor/lib/test/auto/Sinewave.xml (RunModel)" time="0.038" />
  <testcase classname="ptolemy.util.test.junit.AutoTests" name="[339] /home/travis/build/icyphy/ptII/ptolemy/actor/lib/test/auto/Sinewave2.xml (RunModel)" time="0.017" />
  <testcase classname="ptolemy.util.test.junit.AutoTests" name="[340] /home/travis/build/icyphy/ptII/ptolemy/actor/lib/test/auto/Sinewave3.xml (RunModel)" time="0.025" />
  <testcase classname="ptolemy.util.test.junit.AutoTests" name="[341] /home/travis/build/icyphy/ptII/ptolemy/actor/lib/test/auto/SingleEvent.xml (RunModel)" time="0.008" />
  <testcase classname="ptolemy.util.test.junit.AutoTests" name="[342] /home/travis/build/icyphy/ptII/ptolemy/actor/lib/test/auto/Sleep.xml (RunModel)" time="6.015" />
  <testcase classname="ptolemy.util.test.junit.AutoTests" name="[343] /home/travis/build/icyphy/ptII/ptolemy/actor/lib/test/auto/SleepMultipleFire.xml (RunModel)" time="1.019" />
  <testcase classname="ptolemy.util.test.junit.AutoTests" name="[344] /home/travis/build/icyphy/ptII/ptolemy/actor/lib/test/auto/StopDE.xml (RunModel)" time="0.013" />
  <testcase classname="ptolemy.util.test.junit.AutoTests" name="[345] /home/travis/build/icyphy/ptII/ptolemy/actor/lib/test/auto/StopSDF.xml (RunModel)" time="0.011" />
  <testcase classname="ptolemy.util.test.junit.AutoTests" name="[346] /home/travis/build/icyphy/ptII/ptolemy/actor/lib/test/auto/StringConstant.xml (RunModel)" time="0.014" />
  <testcase classname="ptolemy.util.test.junit.AutoTests" name="[347] /home/travis/build/icyphy/ptII/ptolemy/actor/lib/test/auto/SubscriberPortInitialValues1.xml (RunModel)" time="0.019" />
  <testcase classname="ptolemy.util.test.junit.AutoTests" name="[348] /home/travis/build/icyphy/ptII/ptolemy/actor/lib/test/auto/SubscriberPortInitialValues13.xml (RunModel)" time="0.024" />
  <testcase classname="ptolemy.util.test.junit.AutoTests" name="[349] /home/travis/build/icyphy/ptII/ptolemy/actor/lib/test/auto/SubscriberPortInitialValues14.xml (RunModel)" time="0.015" />
  <testcase classname="ptolemy.util.test.junit.AutoTests" name="[350] /home/travis/build/icyphy/ptII/ptolemy/actor/lib/test/auto/SubscriberPortInitialValues2.xml (RunModel)" time="0.019" />
  <testcase classname="ptolemy.util.test.junit.AutoTests" name="[351] /home/travis/build/icyphy/ptII/ptolemy/actor/lib/test/auto/SubscriberPortInitialValues3.xml (RunModel)" time="0.018" />
  <testcase classname="ptolemy.util.test.junit.AutoTests" name="[352] /home/travis/build/icyphy/ptII/ptolemy/actor/lib/test/auto/SubscriptionAggregator.xml (RunModel)" time="0.009" />
  <testcase classname="ptolemy.util.test.junit.AutoTests" name="[353] /home/travis/build/icyphy/ptII/ptolemy/actor/lib/test/auto/SubscriptionAggregator2.xml (RunModel)" time="0.01" />
  <testcase classname="ptolemy.util.test.junit.AutoTests" name="[354] /home/travis/build/icyphy/ptII/ptolemy/actor/lib/test/auto/SubscriptionAggregator3.xml (RunModel)" time="0.014" />
  <testcase classname="ptolemy.util.test.junit.AutoTests" name="[355] /home/travis/build/icyphy/ptII/ptolemy/actor/lib/test/auto/SubscriptionAggregatorMultiply.xml (RunModel)" time="0.022" />
  <testcase classname="ptolemy.util.test.junit.AutoTests" name="[356] /home/travis/build/icyphy/ptII/ptolemy/actor/lib/test/auto/SubscriptionAggregatorPortMultiply1.xml (RunModel)" time="0.012" />
  <testcase classname="ptolemy.util.test.junit.AutoTests" name="[357] /home/travis/build/icyphy/ptII/ptolemy/actor/lib/test/auto/Switch.xml (RunModel)" time="0.017" />
  <testcase classname="ptolemy.util.test.junit.AutoTests" name="[358] /home/travis/build/icyphy/ptII/ptolemy/actor/lib/test/auto/Switch2.xml (RunModel)" time="0.012" />
  <testcase classname="ptolemy.util.test.junit.AutoTests" name="[359] /home/travis/build/icyphy/ptII/ptolemy/actor/lib/test/auto/SwitchDE.xml (RunModel)" time="0.012" />
  <testcase classname="ptolemy.util.test.junit.AutoTests" name="[360] /home/travis/build/icyphy/ptII/ptolemy/actor/lib/test/auto/SynchronizerDE.xml (RunModel)" time="0.022" />
  <testcase classname="ptolemy.util.test.junit.AutoTests" name="[361] /home/travis/build/icyphy/ptII/ptolemy/actor/lib/test/auto/Test.xml (RunModel)" time="0.008" />
  <testcase classname="ptolemy.util.test.junit.AutoTests" name="[362] /home/travis/build/icyphy/ptII/ptolemy/actor/lib/test/auto/TestExceptionAttribute1.xml (RunModel)" time="0.006" />
  <testcase classname="ptolemy.util.test.junit.AutoTests" name="[363] /home/travis/build/icyphy/ptII/ptolemy/actor/lib/test/auto/TestExceptionAttribute2.xml (RunModel)" time="0.01" />
  <testcase classname="ptolemy.util.test.junit.AutoTests" name="[364] /home/travis/build/icyphy/ptII/ptolemy/actor/lib/test/auto/TestExceptionAttribute3.xml (RunModel)" time="0.009" />
  <testcase classname="ptolemy.util.test.junit.AutoTests" name="[365] /home/travis/build/icyphy/ptII/ptolemy/actor/lib/test/auto/TestExceptionAttribute4.xml (RunModel)" time="0.006" />
  <testcase classname="ptolemy.util.test.junit.AutoTests" name="[366] /home/travis/build/icyphy/ptII/ptolemy/actor/lib/test/auto/TestExceptionHandler1.xml (RunModel)" time="0.009" />
  <testcase classname="ptolemy.util.test.junit.AutoTests" name="[367] /home/travis/build/icyphy/ptII/ptolemy/actor/lib/test/auto/TestExceptionHandler2.xml (RunModel)" time="0.009" />
  <testcase classname="ptolemy.util.test.junit.AutoTests" name="[368] /home/travis/build/icyphy/ptII/ptolemy/actor/lib/test/auto/TestExceptionHandler3.xml (RunModel)" time="0.005" />
  <testcase classname="ptolemy.util.test.junit.AutoTests" name="[369] /home/travis/build/icyphy/ptII/ptolemy/actor/lib/test/auto/TestExceptionHandler4.xml (RunModel)" time="0.004" />
  <testcase classname="ptolemy.util.test.junit.AutoTests" name="[370] /home/travis/build/icyphy/ptII/ptolemy/actor/lib/test/auto/TestRequireCorrectOrder.xml (RunModel)" time="0.014" />
  <testcase classname="ptolemy.util.test.junit.AutoTests" name="[371] /home/travis/build/icyphy/ptII/ptolemy/actor/lib/test/auto/TestSimple.xml (RunModel)" time="0.015" />
  <testcase classname="ptolemy.util.test.junit.AutoTests" name="[372] /home/travis/build/icyphy/ptII/ptolemy/actor/lib/test/auto/ThrowModelError.xml (RunModel)" time="0.01" />
  <testcase classname="ptolemy.util.test.junit.AutoTests" name="[373] /home/travis/build/icyphy/ptII/ptolemy/actor/lib/test/auto/TimeDelayMicrosteps.xml (RunModel)" time="0.013" />
  <testcase classname="ptolemy.util.test.junit.AutoTests" name="[374] /home/travis/build/icyphy/ptII/ptolemy/actor/lib/test/auto/TimeDelayMicrosteps2.xml (RunModel)" time="0.019" />
  <testcase classname="ptolemy.util.test.junit.AutoTests" name="[375] /home/travis/build/icyphy/ptII/ptolemy/actor/lib/test/auto/TimeDelayMicrosteps3.xml (RunModel)" time="0.011" />
  <testcase classname="ptolemy.util.test.junit.AutoTests" name="[376] /home/travis/build/icyphy/ptII/ptolemy/actor/lib/test/auto/TimeDelayVariableMicrosteps.xml (RunModel)" time="0.015" />
  <testcase classname="ptolemy.util.test.junit.AutoTests" name="[377] /home/travis/build/icyphy/ptII/ptolemy/actor/lib/test/auto/TimeGap.xml (RunModel)" time="0.016" />
  <testcase classname="ptolemy.util.test.junit.AutoTests" name="[378] /home/travis/build/icyphy/ptII/ptolemy/actor/lib/test/auto/TimeGap2.xml (RunModel)" time="0.011" />
  <testcase classname="ptolemy.util.test.junit.AutoTests" name="[379] /home/travis/build/icyphy/ptII/ptolemy/actor/lib/test/auto/TimedSinewave.xml (RunModel)" time="0.048" />
  <testcase classname="ptolemy.util.test.junit.AutoTests" name="[380] /home/travis/build/icyphy/ptII/ptolemy/actor/lib/test/auto/TimedSinewavePhase.xml (RunModel)" time="0.036" />
  <testcase classname="ptolemy.util.test.junit.AutoTests" name="[381] /home/travis/build/icyphy/ptII/ptolemy/actor/lib/test/auto/Timer.xml (RunModel)" time="0.012" />
  <testcase classname="ptolemy.util.test.junit.AutoTests" name="[382] /home/travis/build/icyphy/ptII/ptolemy/actor/lib/test/auto/TriangularDistTestModel.xml (RunModel)" time="0.02" />
  <testcase classname="ptolemy.util.test.junit.AutoTests" name="[383] /home/travis/build/icyphy/ptII/ptolemy/actor/lib/test/auto/TrigFunction.xml (RunModel)" time="0.007" />
  <testcase classname="ptolemy.util.test.junit.AutoTests" name="[384] /home/travis/build/icyphy/ptII/ptolemy/actor/lib/test/auto/TrigFunctionDE.xml (RunModel)" time="0.01" />
  <testcase classname="ptolemy.util.test.junit.AutoTests" name="[385] /home/travis/build/icyphy/ptII/ptolemy/actor/lib/test/auto/TrigFunctionInverse.xml (RunModel)" time="0.009" />
  <testcase classname="ptolemy.util.test.junit.AutoTests" name="[386] /home/travis/build/icyphy/ptII/ptolemy/actor/lib/test/auto/TrigFunctionTan.xml (RunModel)" time="0.007" />
  <testcase classname="ptolemy.util.test.junit.AutoTests" name="[387] /home/travis/build/icyphy/ptII/ptolemy/actor/lib/test/auto/TriggeredClock.xml (RunModel)" time="0.008" />
  <testcase classname="ptolemy.util.test.junit.AutoTests" name="[388] /home/travis/build/icyphy/ptII/ptolemy/actor/lib/test/auto/URLDirectoryReader.xml (RunModel)" time="0.116" />
  <testcase classname="ptolemy.util.test.junit.AutoTests" name="[389] /home/travis/build/icyphy/ptII/ptolemy/actor/lib/test/auto/URLDirectoryReader3.xml (RunModel)" time="1.293" />
  <testcase classname="ptolemy.util.test.junit.AutoTests" name="[390] /home/travis/build/icyphy/ptII/ptolemy/actor/lib/test/auto/UnaryMathFunction.xml (RunModel)" time="0.048" />
  <testcase classname="ptolemy.util.test.junit.AutoTests" name="[391] /home/travis/build/icyphy/ptII/ptolemy/actor/lib/test/auto/Uniform.xml (RunModel)" time="0.013" />
  <testcase classname="ptolemy.util.test.junit.AutoTests" name="[392] /home/travis/build/icyphy/ptII/ptolemy/actor/lib/test/auto/UnionDisassemblerTest.xml (RunModel)" time="0.015" />
  <testcase classname="ptolemy.util.test.junit.AutoTests" name="[393] /home/travis/build/icyphy/ptII/ptolemy/actor/lib/test/auto/UtilityFunctions.xml (RunModel)" time="0.008" />
  <testcase classname="ptolemy.util.test.junit.AutoTests" name="[394] /home/travis/build/icyphy/ptII/ptolemy/actor/lib/test/auto/VariableSleep.xml (RunModel)" time="0.511" />
  <testcase classname="ptolemy.util.test.junit.AutoTests" name="[395] /home/travis/build/icyphy/ptII/ptolemy/actor/lib/test/auto/VectorAssemblerDisassemblerCT.xml (RunModel)" time="0.113" />
  <testcase classname="ptolemy.util.test.junit.AutoTests" name="[396] /home/travis/build/icyphy/ptII/ptolemy/actor/lib/test/auto/VectorAssemblerDisassemblerDE.xml (RunModel)" time="0.014" />
  <testcase classname="ptolemy.util.test.junit.AutoTests" name="[397] /home/travis/build/icyphy/ptII/ptolemy/actor/lib/test/auto/VectorAssemblerDisassemblerSDF.xml (RunModel)" time="0.012" />
  <testcase classname="ptolemy.util.test.junit.AutoTests" name="[398] /home/travis/build/icyphy/ptII/ptolemy/actor/lib/test/auto/WallClockTime.xml (RunModel)" time="1.012" />
  <testcase classname="ptolemy.util.test.junit.AutoTests" name="[399] /home/travis/build/icyphy/ptII/ptolemy/actor/lib/test/auto/WidthTestWithSubscriberPublisher.xml (RunModel)" time="0.034" />
  <testcase classname="ptolemy.util.test.junit.AutoTests" name="[400] /home/travis/build/icyphy/ptII/ptolemy/actor/lib/test/auto/WidthTestWithSubscriberPublisher2.xml (RunModel)" time="0.015" />
  <testcase classname="ptolemy.util.test.junit.AutoTests" name="[401] /home/travis/build/icyphy/ptII/ptolemy/actor/lib/test/auto/WidthTestWithSubscriberPublisher3.xml (RunModel)" time="0.008" />
  <testcase classname="ptolemy.util.test.junit.AutoTests" name="[402] /home/travis/build/icyphy/ptII/ptolemy/actor/lib/test/auto/Writer.xml (RunModel)" time="0.008" />
  <testcase classname="ptolemy.util.test.junit.AutoTests" name="[403] /home/travis/build/icyphy/ptII/ptolemy/actor/lib/test/auto/array.xml (RunModel)" time="0.007" />
  <testcase classname="ptolemy.util.test.junit.AutoTests" name="[404] /home/travis/build/icyphy/ptII/ptolemy/actor/lib/test/auto/array2.xml (RunModel)" time="0.011" />
  <testcase classname="ptolemy.util.test.junit.AutoTests" name="[405] /home/travis/build/icyphy/ptII/ptolemy/actor/lib/test/auto/arrayType.xml (RunModel)" time="0.012" />
  <testcase classname="ptolemy.util.test.junit.AutoTests" name="[406] /home/travis/build/icyphy/ptII/ptolemy/actor/lib/test/auto/arrayType10.xml (RunModel)" time="0.007" />
  <testcase classname="ptolemy.util.test.junit.AutoTests" name="[407] /home/travis/build/icyphy/ptII/ptolemy/actor/lib/test/auto/arrayType11.xml (RunModel)" time="0.008" />
  <testcase classname="ptolemy.util.test.junit.AutoTests" name="[408] /home/travis/build/icyphy/ptII/ptolemy/actor/lib/test/auto/arrayType12.xml (RunModel)" time="0.008" />
  <testcase classname="ptolemy.util.test.junit.AutoTests" name="[409] /home/travis/build/icyphy/ptII/ptolemy/actor/lib/test/auto/arrayType13.xml (RunModel)" time="0.007" />
  <testcase classname="ptolemy.util.test.junit.AutoTests" name="[410] /home/travis/build/icyphy/ptII/ptolemy/actor/lib/test/auto/arrayType14.xml (RunModel)" time="0.008" />
  <testcase classname="ptolemy.util.test.junit.AutoTests" name="[411] /home/travis/build/icyphy/ptII/ptolemy/actor/lib/test/auto/arrayType15.xml (RunModel)" time="0.008" />
  <testcase classname="ptolemy.util.test.junit.AutoTests" name="[412] /home/travis/build/icyphy/ptII/ptolemy/actor/lib/test/auto/arrayType16.xml (RunModel)" time="0.007" />
  <testcase classname="ptolemy.util.test.junit.AutoTests" name="[413] /home/travis/build/icyphy/ptII/ptolemy/actor/lib/test/auto/arrayType17.xml (RunModel)" time="0.007" />
  <testcase classname="ptolemy.util.test.junit.AutoTests" name="[414] /home/travis/build/icyphy/ptII/ptolemy/actor/lib/test/auto/arrayType18.xml (RunModel)" time="0.006" />
  <testcase classname="ptolemy.util.test.junit.AutoTests" name="[415] /home/travis/build/icyphy/ptII/ptolemy/actor/lib/test/auto/arrayType19.xml (RunModel)" time="0.006" />
  <testcase classname="ptolemy.util.test.junit.AutoTests" name="[416] /home/travis/build/icyphy/ptII/ptolemy/actor/lib/test/auto/arrayType2.xml (RunModel)" time="0.007" />
  <testcase classname="ptolemy.util.test.junit.AutoTests" name="[417] /home/travis/build/icyphy/ptII/ptolemy/actor/lib/test/auto/arrayType20.xml (RunModel)" time="0.007" />
  <testcase classname="ptolemy.util.test.junit.AutoTests" name="[418] /home/travis/build/icyphy/ptII/ptolemy/actor/lib/test/auto/arrayType21.xml (RunModel)" time="0.006" />
  <testcase classname="ptolemy.util.test.junit.AutoTests" name="[419] /home/travis/build/icyphy/ptII/ptolemy/actor/lib/test/auto/arrayType22.xml (RunModel)" time="0.007" />
  <testcase classname="ptolemy.util.test.junit.AutoTests" name="[420] /home/travis/build/icyphy/ptII/ptolemy/actor/lib/test/auto/arrayType23.xml (RunModel)" time="0.006" />
  <testcase classname="ptolemy.util.test.junit.AutoTests" name="[421] /home/travis/build/icyphy/ptII/ptolemy/actor/lib/test/auto/arrayType24.xml (RunModel)" time="0.008" />
  <testcase classname="ptolemy.util.test.junit.AutoTests" name="[422] /home/travis/build/icyphy/ptII/ptolemy/actor/lib/test/auto/arrayType25.xml (RunModel)" time="0.007" />
  <testcase classname="ptolemy.util.test.junit.AutoTests" name="[423] /home/travis/build/icyphy/ptII/ptolemy/actor/lib/test/auto/arrayType26.xml (RunModel)" time="0.007" />
  <testcase classname="ptolemy.util.test.junit.AutoTests" name="[424] /home/travis/build/icyphy/ptII/ptolemy/actor/lib/test/auto/arrayType27.xml (RunModel)" time="0.006" />
  <testcase classname="ptolemy.util.test.junit.AutoTests" name="[425] /home/travis/build/icyphy/ptII/ptolemy/actor/lib/test/auto/arrayType28.xml (RunModel)" time="0.014" />
  <testcase classname="ptolemy.util.test.junit.AutoTests" name="[426] /home/travis/build/icyphy/ptII/ptolemy/actor/lib/test/auto/arrayType3.xml (RunModel)" time="0.011" />
  <testcase classname="ptolemy.util.test.junit.AutoTests" name="[427] /home/travis/build/icyphy/ptII/ptolemy/actor/lib/test/auto/arrayType4.xml (RunModel)" time="0.045" />
  <testcase classname="ptolemy.util.test.junit.AutoTests" name="[428] /home/travis/build/icyphy/ptII/ptolemy/actor/lib/test/auto/arrayType5.xml (RunModel)" time="0.028" />
  <testcase classname="ptolemy.util.test.junit.AutoTests" name="[429] /home/travis/build/icyphy/ptII/ptolemy/actor/lib/test/auto/arrayType6.xml (RunModel)" time="0.031" />
  <testcase classname="ptolemy.util.test.junit.AutoTests" name="[430] /home/travis/build/icyphy/ptII/ptolemy/actor/lib/test/auto/arrayType7.xml (RunModel)" time="0.032" />
  <testcase classname="ptolemy.util.test.junit.AutoTests" name="[431] /home/travis/build/icyphy/ptII/ptolemy/actor/lib/test/auto/arrayType8.xml (RunModel)" time="0.058" />
  <testcase classname="ptolemy.util.test.junit.AutoTests" name="[432] /home/travis/build/icyphy/ptII/ptolemy/actor/lib/test/auto/arrayType9.xml (RunModel)" time="0.029" />
  <testcase classname="ptolemy.util.test.junit.AutoTests" name="[433] /home/travis/build/icyphy/ptII/ptolemy/actor/lib/test/auto/cast.xml (RunModel)" time="0.026" />
  <testcase classname="ptolemy.util.test.junit.AutoTests" name="[434] /home/travis/build/icyphy/ptII/ptolemy/actor/lib/test/auto/compositeMultiPort.xml (RunModel)" time="0.039" />
  <testcase classname="ptolemy.util.test.junit.AutoTests" name="[435] /home/travis/build/icyphy/ptII/ptolemy/actor/lib/test/auto/expressionCastInference.xml (RunModel)" time="0.008" />
  <testcase classname="ptolemy.util.test.junit.AutoTests" name="[436] /home/travis/build/icyphy/ptII/ptolemy/actor/lib/test/auto/expressionCastInference2.xml (RunModel)" time="0.008" />
  <testcase classname="ptolemy.util.test.junit.AutoTests" name="[437] /home/travis/build/icyphy/ptII/ptolemy/actor/lib/test/auto/expressionInference.xml (RunModel)" time="0.007" />
  <testcase classname="ptolemy.util.test.junit.AutoTests" name="[438] /home/travis/build/icyphy/ptII/ptolemy/actor/lib/test/auto/expression_bug.xml (RunModel)" time="0.007" />
  <testcase classname="ptolemy.util.test.junit.AutoTests" name="[439] /home/travis/build/icyphy/ptII/ptolemy/actor/lib/test/auto/factorial.xml (RunModel)" time="0.051" />
  <testcase classname="ptolemy.util.test.junit.AutoTests" name="[440] /home/travis/build/icyphy/ptII/ptolemy/actor/lib/test/auto/filterTest1.xml (RunModel)" time="0.013" />
  <testcase classname="ptolemy.util.test.junit.AutoTests" name="[441] /home/travis/build/icyphy/ptII/ptolemy/actor/lib/test/auto/funcApplyInConst.xml (RunModel)" time="0.005" />
  <testcase classname="ptolemy.util.test.junit.AutoTests" name="[442] /home/travis/build/icyphy/ptII/ptolemy/actor/lib/test/auto/funcApplyInExpr.xml (RunModel)" time="0.005" />
  <testcase classname="ptolemy.util.test.junit.AutoTests" name="[443] /home/travis/build/icyphy/ptII/ptolemy/actor/lib/test/auto/function.xml (RunModel)" time="0.014" />
  <testcase classname="ptolemy.util.test.junit.AutoTests" name="[444] /home/travis/build/icyphy/ptII/ptolemy/actor/lib/test/auto/function2.xml (RunModel)" time="0.009" />
  <testcase classname="ptolemy.util.test.junit.AutoTests" name="[445] /home/travis/build/icyphy/ptII/ptolemy/actor/lib/test/auto/function3.xml (RunModel)" time="0.005" />
  <testcase classname="ptolemy.util.test.junit.AutoTests" name="[446] /home/travis/build/icyphy/ptII/ptolemy/actor/lib/test/auto/functionClosureTest1.xml (RunModel)" time="0.009" />
  <testcase classname="ptolemy.util.test.junit.AutoTests" name="[447] /home/travis/build/icyphy/ptII/ptolemy/actor/lib/test/auto/functionClosureTest2.xml (RunModel)" time="0.006" />
  <testcase classname="ptolemy.util.test.junit.AutoTests" name="[448] /home/travis/build/icyphy/ptII/ptolemy/actor/lib/test/auto/functionClosureTest3.xml (RunModel)" time="0.008" />
  <testcase classname="ptolemy.util.test.junit.AutoTests" name="[449] /home/travis/build/icyphy/ptII/ptolemy/actor/lib/test/auto/functionClosureTest4.xml (RunModel)" time="0.015" />
  <testcase classname="ptolemy.util.test.junit.AutoTests" name="[450] /home/travis/build/icyphy/ptII/ptolemy/actor/lib/test/auto/functionClosureTest5.xml (RunModel)" time="0.011" />
  <testcase classname="ptolemy.util.test.junit.AutoTests" name="[451] /home/travis/build/icyphy/ptII/ptolemy/actor/lib/test/auto/functionClosureTest6.xml (RunModel)" time="0.007" />
  <testcase classname="ptolemy.util.test.junit.AutoTests" name="[452] /home/travis/build/icyphy/ptII/ptolemy/actor/lib/test/auto/functionsOnArcs.xml (RunModel)" time="0.009" />
  <testcase classname="ptolemy.util.test.junit.AutoTests" name="[453] /home/travis/build/icyphy/ptII/ptolemy/actor/lib/test/auto/functionsOnArcsHOF.xml (RunModel)" time="0.012" />
  <testcase classname="ptolemy.util.test.junit.AutoTests" name="[454] /home/travis/build/icyphy/ptII/ptolemy/actor/lib/test/auto/logic.xml (RunModel)" time="0.017" />
  <testcase classname="ptolemy.util.test.junit.AutoTests" name="[455] /home/travis/build/icyphy/ptII/ptolemy/actor/lib/test/auto/matrixType.xml (RunModel)" time="0.009" />
  <testcase classname="ptolemy.util.test.junit.AutoTests" name="[456] /home/travis/build/icyphy/ptII/ptolemy/actor/lib/test/auto/matrixType10.xml (RunModel)" time="0.009" />
  <testcase classname="ptolemy.util.test.junit.AutoTests" name="[457] /home/travis/build/icyphy/ptII/ptolemy/actor/lib/test/auto/matrixType11.xml (RunModel)" time="0.009" />
  <testcase classname="ptolemy.util.test.junit.AutoTests" name="[458] /home/travis/build/icyphy/ptII/ptolemy/actor/lib/test/auto/matrixType12.xml (RunModel)" time="0.011" />
  <testcase classname="ptolemy.util.test.junit.AutoTests" name="[459] /home/travis/build/icyphy/ptII/ptolemy/actor/lib/test/auto/matrixType13.xml (RunModel)" time="0.008" />
  <testcase classname="ptolemy.util.test.junit.AutoTests" name="[460] /home/travis/build/icyphy/ptII/ptolemy/actor/lib/test/auto/matrixType14.xml (RunModel)" time="0.011" />
  <testcase classname="ptolemy.util.test.junit.AutoTests" name="[461] /home/travis/build/icyphy/ptII/ptolemy/actor/lib/test/auto/matrixType2.xml (RunModel)" time="0.009" />
  <testcase classname="ptolemy.util.test.junit.AutoTests" name="[462] /home/travis/build/icyphy/ptII/ptolemy/actor/lib/test/auto/matrixType3.xml (RunModel)" time="0.011" />
  <testcase classname="ptolemy.util.test.junit.AutoTests" name="[463] /home/travis/build/icyphy/ptII/ptolemy/actor/lib/test/auto/matrixType4.xml (RunModel)" time="0.008" />
  <testcase classname="ptolemy.util.test.junit.AutoTests" name="[464] /home/travis/build/icyphy/ptII/ptolemy/actor/lib/test/auto/matrixType5.xml (RunModel)" time="0.008" />
  <testcase classname="ptolemy.util.test.junit.AutoTests" name="[465] /home/travis/build/icyphy/ptII/ptolemy/actor/lib/test/auto/matrixType6.xml (RunModel)" time="0.008" />
  <testcase classname="ptolemy.util.test.junit.AutoTests" name="[466] /home/travis/build/icyphy/ptII/ptolemy/actor/lib/test/auto/matrixType7.xml (RunModel)" time="0.008" />
  <testcase classname="ptolemy.util.test.junit.AutoTests" name="[467] /home/travis/build/icyphy/ptII/ptolemy/actor/lib/test/auto/matrixType8.xml (RunModel)" time="0.009" />
  <testcase classname="ptolemy.util.test.junit.AutoTests" name="[468] /home/travis/build/icyphy/ptII/ptolemy/actor/lib/test/auto/matrixType9.xml (RunModel)" time="0.008" />
  <testcase classname="ptolemy.util.test.junit.AutoTests" name="[469] /home/travis/build/icyphy/ptII/ptolemy/actor/lib/test/auto/paraFunctest.xml (RunModel)" time="0.007" />
  <testcase classname="ptolemy.util.test.junit.AutoTests" name="[470] /home/travis/build/icyphy/ptII/ptolemy/actor/lib/test/auto/paraFunctest2.xml (RunModel)" time="0.013" />
  <testcase classname="ptolemy.util.test.junit.AutoTests" name="[471] /home/travis/build/icyphy/ptII/ptolemy/actor/lib/test/auto/parameterPassing.xml (RunModel)" time="0.009" />
  <testcase classname="ptolemy.util.test.junit.AutoTests" name="[472] /home/travis/build/icyphy/ptII/ptolemy/actor/lib/test/auto/record.xml (RunModel)" time="0.027" />
  <testcase classname="ptolemy.util.test.junit.AutoTests" name="[473] /home/travis/build/icyphy/ptII/ptolemy/actor/lib/test/auto/sizedarray1.xml (RunModel)" time="0.009" />
  <testcase classname="ptolemy.util.test.junit.AutoTests" name="[474] /home/travis/build/icyphy/ptII/ptolemy/actor/lib/test/auto/sizedarray2.xml (RunModel)" time="0.01" />
  <testcase classname="ptolemy.util.test.junit.AutoTests" name="[475] /home/travis/build/icyphy/ptII/ptolemy/actor/lib/test/auto/twoPublishers.xml (RunModel)" time="0.025" />
  <system-out><![CDATA[/home/travis/build/icyphy/ptII/ptolemy/actor/lib/test/AbsoluteValue.tcl
testDefs.tcl: setting time out to 9000 seconds at Sat Dec 14 06:23:58 UTC 2019
81 ms. Memory: 129024K Free: 94151K (73%)
4 ms. Memory: 129024K Free: 92607K (72%)
13 ms. Memory: 129024K Free: 91575K (71%)
10 ms. Memory: 129024K Free: 91079K (71%)
/home/travis/build/icyphy/ptII/ptolemy/actor/lib/test/AddSubtract.tcl
19 ms. Memory: 129024K Free: 89031K (69%)
16 ms. Memory: 129024K Free: 88511K (69%)
10 ms. Memory: 129024K Free: 87493K (68%)
14 ms. Memory: 129024K Free: 86469K (67%)
65 ms. Memory: 129024K Free: 83911K (65%)
16 ms. Memory: 129024K Free: 82887K (64%)
/home/travis/build/icyphy/ptII/ptolemy/actor/lib/test/Average.tcl
12 ms. Memory: 129024K Free: 81349K (63%)
6 ms. Memory: 129024K Free: 80311K (62%)
/home/travis/build/icyphy/ptII/ptolemy/actor/lib/test/Bernoulli.tcl
8 ms. Memory: 129024K Free: 78791K (61%)
2 ms. Memory: 129024K Free: 78277K (61%)
/home/travis/build/icyphy/ptII/ptolemy/actor/lib/test/Clock.tcl
preinitializing
resolving types
initializing
executing number 1
wrapping up
idle
20 ms. Memory: 129024K Free: 75719K (59%)
Completed execution with 5 iterations
preinitializing
resolving types
initializing
executing number 1
wrapping up
idle
5 ms. Memory: 129024K Free: 74695K (58%)
Completed execution with 5 iterations
preinitializing
resolving types
initializing
executing number 1
wrapping up
idle
3 ms. Memory: 129024K Free: 74175K (57%)
Completed execution with 5 iterations
/home/travis/build/icyphy/ptII/ptolemy/actor/lib/test/Commutator.tcl
8 ms. Memory: 129024K Free: 72119K (56%)
6 ms. Memory: 129024K Free: 71109K (55%)
18 ms. Memory: 129024K Free: 65479K (51%)
/home/travis/build/icyphy/ptII/ptolemy/actor/lib/test/Const.tcl
4 ms. Memory: 129024K Free: 63927K (50%)
2 ms. Memory: 129024K Free: 63431K (49%)
3 ms. Memory: 129024K Free: 62887K (49%)
3 ms. Memory: 129024K Free: 62407K (48%)
2 ms. Memory: 129024K Free: 61893K (48%)
17 ms. Memory: 129024K Free: 59815K (46%)
5 ms. Memory: 129024K Free: 58807K (46%)
12 ms. Memory: 129024K Free: 58311K (45%)
/home/travis/build/icyphy/ptII/ptolemy/actor/lib/test/CurrentTime.tcl
preinitializing
resolving types
initializing
executing number 1
wrapping up
idle
16 ms. Memory: 129024K Free: 56263K (44%)
Completed execution with 11 iterations
/home/travis/build/icyphy/ptII/ptolemy/actor/lib/test/DB.tcl
9 ms. Memory: 129024K Free: 54719K (42%)
3 ms. Memory: 129024K Free: 53701K (42%)
2 ms. Memory: 129024K Free: 53701K (42%)
/home/travis/build/icyphy/ptII/ptolemy/actor/lib/test/DiscreteRandomSource.tcl
preinitializing
resolving types
initializing
executing number 1
wrapping up
idle
4 ms. Memory: 129024K Free: 52167K (40%)
Completed execution with 4 iterations
preinitializing
resolving types
initializing
executing number 1
wrapping up
idle
2 ms. Memory: 129024K Free: 51639K (40%)
Completed execution with 4 iterations
preinitializing
resolving types
initializing
executing number 1
wrapping up
idle
3 ms. Memory: 129024K Free: 51143K (40%)
Completed execution with 4 iterations
preinitializing
resolving types
initializing
executing number 1
wrapping up
idle
3 ms. Memory: 129024K Free: 50623K (39%)
Completed execution with 4 iterations
preinitializing
resolving types
initializing
executing number 1
wrapping up
idle
3 ms. Memory: 129024K Free: 50119K (39%)
Completed execution with 4 iterations
/home/travis/build/icyphy/ptII/ptolemy/actor/lib/test/Distributor.tcl
21 ms. Memory: 129024K Free: 115096K (89%)
5 ms. Memory: 129024K Free: 114616K (89%)
StreamChangeRequest.changeExecuted(): <deleteEntity name="rec2"/> succeeded
StreamChangeRequest.changeExecuted(): <deleteRelation name="r2"/> succeeded
StreamChangeRequest.changeExecuted(): Record firings per iteration succeeded
5 ms. Memory: 129024K Free: 111576K (86%)
/home/travis/build/icyphy/ptII/ptolemy/actor/lib/test/Exit.tcl
Exit.tcl: this will print a message about Manager.exitAfterWrapup, which can be ignored.
11 ms. Memory: 129024K Free: 108943K (84%)
/home/travis/build/icyphy/ptII/ptolemy/actor/lib/test/Expression.tcl
20 ms. Memory: 129024K Free: 105432K (82%)
11 ms. Memory: 129024K Free: 104856K (81%)
2 ms. Memory: 129024K Free: 104328K (81%)
preinitializing
resolving types
initializing
executing number 1
wrapping up
idle
5 ms. Memory: 129024K Free: 102808K (80%)
Completed execution with 6 iterations
3 ms. Memory: 129024K Free: 101792K (79%)
2 ms. Memory: 129024K Free: 101256K (78%)
7 ms. Memory: 129024K Free: 99736K (77%)
7 ms. Memory: 129024K Free: 98742K (77%)
6 ms. Memory: 129024K Free: 97208K (75%)
/home/travis/build/icyphy/ptII/ptolemy/actor/lib/test/Gaussian.tcl
8 ms. Memory: 129024K Free: 95670K (74%)
sleeping 1 seconds: ..........................................................................................................................................................................................................................................................................................................................................................................................................................................................................................................................................................................................................................................................................................................................................................................................................................................................................................................................................................................................................................................................................................................................................................................................................................................................................................................................................................................................................................................................................................................................................................................................................................................................................................................................................................................................................................................................................................................................................................................................................................................................................................................................................................................................................................................................................................................................................................................................................................................................................................................................................................................................................................................................................................................................................................................................................................................................................................................................................................................................................................................................................................................................................................................................................................................................................................................................................................................................................................................................................................................................................................................................................................................................................................................................................................................................................................................................................................................................................................................................................................................................................................................................................................................................................................................................................................................................................................................................................................................................................................................................................................................................................................................................................................................................................................................................................................................................................................................................................................................................................................................................................................................................................................................................................................................................................................................................................................................................................................................................................................................................................................................................................................................................................................................................................................................................................................................................................................................................................................................................................................................................................................................................................................................................................................................................................................................................................................................................................................................................................................................................................................................................................................................................................................................................................................................................................................................................................................................................................................................................................................................................................................................................................................................................................................................................................................................................................................................................................................................................................................................................................................................................................................................................................................................................................................................................................................................................................................................................................................................................................................................................................................................................................................................................................................................................................................................................................................................................................................................................................................................................................................................................................................................................................................................................................................................................................................................................................................................................................................................................................................................................................................................................................................................................................................................................................................................................................................................................................................................................................................................................................................................................................................................................................................................................................................................................................................................................................................................................................................................................................................................................................................................................................................................................................................................................................................................................................................................................................................................................................................................................................................................................................................................................................................................................................................................................................................................................................................................................................................................................................................................................................................................................................................................................................................................................................................................................................................................................................................................................................................................................................................................................................................................................................................................................................................................................................................................................................................................................................................................................................................................................................................................................................................................................................................................................................................................................................................................................................................................................................................................................................................................................................................................................................................................................................................................................................................................................................................................................................................................................................................................................................................................................................................................................................................................................................................................................................................................................................................................................................................................................................................................................................................................................................................................................................................................................................................................................................................................................................................................................................................................................................................................................................................................................................................................................................................................................................................................................................................................................................................................................................................................................................................................................................................................................................................................................................................................................................................................................................................................................................................................................................................................................................................................................................................................................................................................................................................................................................................................................................................................................................................................................................................................................................................................................................................................................................................................................................................................................................................................................................................................................................................................................................................................................................................................................................................................................................................................................................................................................................................................................................................................................................................................................................................................................................................................................................................................................................................................................................................................................................................................................................................................................................................................................................................................................................................................................................................................................................................................................................................................................................................................................................................................................................................................................................................................................................................................................................................................................................................................................................................................................................................................................................................................................................................................................................................................................................................................................................................................................................................................................................................................................................................................................................................................................................................................................................................................................................................................................................................................................................................................................................................................................................................................................................................................................................................................................................................................................................................................................................................................................................................................................................................................................................................................................................................................................................................................................................................................................................................................................................................................................................................................................................................................................................................................................................................................................................................................................................................................................................................................................................................................................................................................................................................................................................................................................................................................................................................................................................................................................................................................................................................................................................................................................................................................................................................................................................................................................................................................................................................................................................................................................................................................................................................................................................................................................................................................................................5 ms. Memory: 129024K Free: 113635K (88%)
4 ms. Memory: 129024K Free: 112595K (87%)
2 ms. Memory: 129024K Free: 112115K (87%)
2 ms. Memory: 129024K Free: 111411K (86%)
2 ms. Memory: 129024K Free: 110563K (86%)
/home/travis/build/icyphy/ptII/ptolemy/actor/lib/test/IIR.tcl
/home/travis/build/icyphy/ptII/ptolemy/actor/lib/test/Interpolator.tcl
4 ms. Memory: 129024K Free: 106995K (83%)
1 ms. Memory: 129024K Free: 106481K (83%)
1 ms. Memory: 129024K Free: 105971K (82%)
1 ms. Memory: 129024K Free: 105457K (82%)
6 ms. Memory: 129024K Free: 104419K (81%)
4 ms. Memory: 129024K Free: 103409K (80%)
9 ms. Memory: 129024K Free: 102899K (80%)
2 ms. Memory: 129024K Free: 101875K (79%)
2 ms. Memory: 129024K Free: 100851K (78%)
5 ms. Memory: 129024K Free: 99827K (77%)
/home/travis/build/icyphy/ptII/ptolemy/actor/lib/test/MathFunction.tcl
5 ms. Memory: 129024K Free: 97779K (76%)
1 ms. Memory: 129024K Free: 96755K (75%)
2 ms. Memory: 129024K Free: 95731K (74%)
2 ms. Memory: 129024K Free: 95217K (74%)
3 ms. Memory: 129024K Free: 93683K (73%)
7 ms. Memory: 129024K Free: 91635K (71%)
/home/travis/build/icyphy/ptII/ptolemy/actor/lib/test/Maximum.tcl
9 ms. Memory: 129024K Free: 90083K (70%)
6 ms. Memory: 129024K Free: 89073K (69%)
5 ms. Memory: 129024K Free: 88563K (69%)
3 ms. Memory: 129024K Free: 88049K (68%)
/home/travis/build/icyphy/ptII/ptolemy/actor/lib/test/Minimum.tcl
7 ms. Memory: 129024K Free: 86001K (67%)
3 ms. Memory: 129024K Free: 85491K (66%)
2 ms. Memory: 129024K Free: 84977K (66%)
3 ms. Memory: 129024K Free: 83953K (65%)
/home/travis/build/icyphy/ptII/ptolemy/actor/lib/test/MultiplyDivide.tcl
10 ms. Memory: 129024K Free: 82419K (64%)
7 ms. Memory: 129024K Free: 80881K (63%)
3 ms. Memory: 129024K Free: 80371K (62%)
3 ms. Memory: 129024K Free: 79347K (61%)
4 ms. Memory: 129024K Free: 78827K (61%)
/home/travis/build/icyphy/ptII/ptolemy/actor/lib/test/OrderedMerge.tcl
Connections changed on port: inputA
Connections changed on port: inputB
Connections changed on port: output
Connections changed on port: output
Connections changed on port: output
Connections changed on port: input
.top. Preinitializing ...
Invoking preinitialize():  .top.OrderedMerge
Called preinitialize()
Invoking preinitialize():  .top.Ramp
Called preinitialize()
Invoking preinitialize():  .top.Ramp2
Called preinitialize()
Invoking preinitialize():  .top.Test
Called preinitialize()
Connections changed on port: inputA
Connections changed on port: output
Connections changed on port: output
Connections changed on port: input
Connections changed on port: inputB
Connections changed on port: output
.top. Finished preinitialize().
Called initialize().
Invoking initialize():  .top.OrderedMerge
Initializing actor: .top.OrderedMerge
Adding a thread: .top.OrderedMerge
Invoking initialize():  .top.Ramp
Initializing actor: .top.Ramp
Adding a thread: .top.Ramp
Invoking initialize():  .top.Ramp2
Initializing actor: .top.Ramp2
Adding a thread: .top.Ramp2
Invoking initialize():  .top.Test
Initializing actor: .top.Test
Adding a thread: .top.Test
Called fire().
Checking for deadlock:
-- Starting thread.
Called initialize()
Called prefire()
Called fire()
-- Starting thread.
Called initialize()
-- Starting thread.
Called initialize()
There are 0 Blocked actors, 0 Stopped actors, and 4 active threads.
Waiting for actors to stop.
Checking for deadlock:
There are 1 Blocked actors, 0 Stopped actors, and 4 active threads.
Waiting for actors to stop.
-- Starting thread.
Called prefire()
Called prefire()
Called fire()
Called fire()
Called postfire()
Called prefire()
Called fire()
Called postfire()
Called prefire()
Called fire()
Called initialize()
Called prefire()
Called fire()
Checking for deadlock:
There are 2 Blocked actors, 0 Stopped actors, and 4 active threads.
Waiting for actors to stop.
Called postfire()
Called prefire()
Called fire()
Checking for deadlock:
There are 3 Blocked actors, 0 Stopped actors, and 4 active threads.
Waiting for actors to stop.
Read input token from inputA with value 0.0
Next port to read input from is inputB
Called postfire()
Called prefire()
Called fire()
Read input token from inputB with value 0.0
Checking for deadlock:
There are 2 Blocked actors, 0 Stopped actors, and 4 active threads.
Waiting for actors to stop.
Called postfire()
Called prefire()
Called fire()
Checking for deadlock:
There are 3 Blocked actors, 0 Stopped actors, and 4 active threads.
Waiting for actors to stop.
Sent output token with value 0.0
Next port to read input from is inputA
Called postfire()
Called prefire()
Called fire()
Read input token from inputA with value 1.0
Checking for deadlock:
There are 2 Blocked actors, 0 Stopped actors, and 4 active threads.
Waiting for actors to stop.
-- Read input: 0.0, which is expected to match: 0.0
Called prefire()
Called fire()
Called postfire()
Called prefire()
Called fire()
Checking for deadlock:
There are 3 Blocked actors, 0 Stopped actors, and 4 active threads.
Waiting for actors to stop.
Sent output token with value 0.0
Next port to read input from is inputB
Called postfire()
Called prefire()
Called fire()
Read input token from inputB with value 1.5
Checking for deadlock:
There are 2 Blocked actors, 0 Stopped actors, and 4 active threads.
Waiting for actors to stop.
-- Read input: 0.0, which is expected to match: 0.0
Called prefire()
Called fire()
Called postfire()
Called prefire()
Called fire()
Checking for deadlock:
There are 3 Blocked actors, 0 Stopped actors, and 4 active threads.
Waiting for actors to stop.
-- Read input: 1.0, which is expected to match: 1.0
Called prefire()
Called fire()
Checking for deadlock:
There are 3 Blocked actors, 0 Stopped actors, and 4 active threads.
Waiting for actors to stop.
Sent output token with value 1.0
Next port to read input from is inputA
Called postfire()
Called prefire()
Called fire()
Checking for deadlock:
There are 2 Blocked actors, 0 Stopped actors, and 4 active threads.
Waiting for actors to stop.
Called postfire()
Called prefire()
Called fire()
Checking for deadlock:
There are 3 Blocked actors, 0 Stopped actors, and 4 active threads.
Waiting for actors to stop.
Read input token from inputA with value 2.0
Checking for deadlock:
There are 2 Blocked actors, 0 Stopped actors, and 4 active threads.
Waiting for actors to stop.
-- Read input: 1.5, which is expected to match: 1.5
Called prefire()
Called fire()
Checking for deadlock:
There are 3 Blocked actors, 0 Stopped actors, and 4 active threads.
Waiting for actors to stop.
Sent output token with value 1.5
Next port to read input from is inputB
Called postfire()
Called prefire()
Called fire()
Called postfire()
Called prefire()
Called fire()
Checking for deadlock:
There are 3 Blocked actors, 0 Stopped actors, and 4 active threads.
Waiting for actors to stop.
Read input token from inputB with value 3.0
-- Read input: 2.0, which is expected to match: 2.0
Called prefire()
Called fire()
Checking for deadlock:
There are 3 Blocked actors, 0 Stopped actors, and 4 active threads.
Waiting for actors to stop.
Sent output token with value 2.0
Next port to read input from is inputA
Called postfire()
Called prefire()
Called fire()
Checking for deadlock:
There are 2 Blocked actors, 0 Stopped actors, and 4 active threads.
Waiting for actors to stop.
Called postfire()
Called prefire()
Called fire()
Checking for deadlock:
There are 3 Blocked actors, 0 Stopped actors, and 4 active threads.
Waiting for actors to stop.
Read input token from inputA with value 3.0
Checking for deadlock:
There are 2 Blocked actors, 0 Stopped actors, and 4 active threads.
Waiting for actors to stop.
-- Read input: 3.0, which is expected to match: 3.0
Called prefire()
Called fire()
Checking for deadlock:
There are 3 Blocked actors, 0 Stopped actors, and 4 active threads.
Waiting for actors to stop.
Sent output token with value 3.0
Next port to read input from is inputB
Called postfire()
Called prefire()
Called fire()
Called postfire()
Called prefire()
Called fire()
Checking for deadlock:
There are 3 Blocked actors, 0 Stopped actors, and 4 active threads.
Waiting for actors to stop.
Read input token from inputB with value 4.5
-- Read input: 3.0, which is expected to match: 3.0
Called prefire()
Called fire()
Checking for deadlock:
There are 3 Blocked actors, 0 Stopped actors, and 4 active threads.
Waiting for actors to stop.
Sent output token with value 3.0
Next port to read input from is inputA
Called postfire()
Called prefire()
Called fire()
Checking for deadlock:
There are 2 Blocked actors, 0 Stopped actors, and 4 active threads.
Waiting for actors to stop.
Called postfire()
Called prefire()
Called fire()
Checking for deadlock:
There are 3 Blocked actors, 0 Stopped actors, and 4 active threads.
Waiting for actors to stop.
Read input token from inputA with value 4.0
Checking for deadlock:
There are 2 Blocked actors, 0 Stopped actors, and 4 active threads.
Waiting for actors to stop.
-- Read input: 4.0, which is expected to match: 4.0
Called prefire()
Called fire()
Past the end of training data. Read and discard all inputs.
Checking for deadlock:
There are 3 Blocked actors, 0 Stopped actors, and 4 active threads.
Waiting for actors to stop.
Sent output token with value 4.0
Next port to read input from is inputA
Called postfire()
Called prefire()
Called fire()
Checking for deadlock:
There are 2 Blocked actors, 0 Stopped actors, and 4 active threads.
Waiting for actors to stop.
Called postfire()
Called prefire()
Called fire()
Checking for deadlock:
There are 3 Blocked actors, 0 Stopped actors, and 4 active threads.
Waiting for actors to stop.
Read input token from inputA with value 5.0
Checking for deadlock:
There are 2 Blocked actors, 0 Stopped actors, and 4 active threads.
Waiting for actors to stop.
Called prefire()
Called fire()
Past the end of training data. Read and discard all inputs.
Checking for deadlock:
There are 3 Blocked actors, 0 Stopped actors, and 4 active threads.
Waiting for actors to stop.
Sent output token with value 4.5
Next port to read input from is inputB
Called postfire()
Called prefire()
Called fire()
Called postfire()
Called prefire()
Called fire()
Checking for deadlock:
There are 3 Blocked actors, 0 Stopped actors, and 4 active threads.
Waiting for actors to stop.
Read input token from inputB with value 6.0
Called prefire()
Called fire()
Past the end of training data. Read and discard all inputs.
Checking for deadlock:
There are 3 Blocked actors, 0 Stopped actors, and 4 active threads.
Waiting for actors to stop.
Sent output token with value 5.0
Next port to read input from is inputA
Called postfire()
Called prefire()
Called fire()
Checking for deadlock:
There are 2 Blocked actors, 0 Stopped actors, and 4 active threads.
Waiting for actors to stop.
Called postfire()
Called prefire()
Called fire()
Checking for deadlock:
There are 3 Blocked actors, 0 Stopped actors, and 4 active threads.
Waiting for actors to stop.
Read input token from inputA with value 6.0
Checking for deadlock:
There are 2 Blocked actors, 0 Stopped actors, and 4 active threads.
Waiting for actors to stop.
Called prefire()
Called fire()
Past the end of training data. Read and discard all inputs.
Checking for deadlock:
There are 3 Blocked actors, 0 Stopped actors, and 4 active threads.
Waiting for actors to stop.
Sent output token with value 6.0
Next port to read input from is inputB
Called postfire()
Called prefire()
Called fire()
Called postfire()
Called prefire()
Called fire()
Checking for deadlock:
There are 3 Blocked actors, 0 Stopped actors, and 4 active threads.
Waiting for actors to stop.
Read input token from inputB with value 7.5
Called prefire()
Called fire()
Past the end of training data. Read and discard all inputs.
Checking for deadlock:
There are 3 Blocked actors, 0 Stopped actors, and 4 active threads.
Waiting for actors to stop.
Sent output token with value 6.0
Next port to read input from is inputA
Called postfire()
Called prefire()
Called fire()
Called postfire()
Called prefire()
Called fire()
Checking for deadlock:
There are 3 Blocked actors, 0 Stopped actors, and 4 active threads.
Waiting for actors to stop.
Read input token from inputA with value 7.0
Called prefire()
Called fire()
Past the end of training data. Read and discard all inputs.
Checking for deadlock:
There are 3 Blocked actors, 0 Stopped actors, and 4 active threads.
Waiting for actors to stop.
Sent output token with value 7.0
Next port to read input from is inputA
Called postfire()
Called prefire()
Called fire()
-- Thread wrapup() called.
Called wrapup()
Thread .top.Ramp is exiting.
-- Thread stopped.
Read input token from inputA with value 8.0
Sent output token with value 7.5
Next port to read input from is inputB
Called postfire()
Called prefire()
Checking for deadlock:
Called fire()
There are 1 Blocked actors, 0 Stopped actors, and 3 active threads.
Waiting for actors to stop.
Called prefire()
Called fire()
Past the end of training data. Read and discard all inputs.
Called postfire()
Called prefire()
Called fire()
Checking for deadlock:
There are 2 Blocked actors, 0 Stopped actors, and 3 active threads.
Waiting for actors to stop.
Read input token from inputB with value 9.0
Called prefire()
Called fire()
Past the end of training data. Read and discard all inputs.
Checking for deadlock:
There are 2 Blocked actors, 0 Stopped actors, and 3 active threads.
Waiting for actors to stop.
Sent output token with value 8.0
Next port to read input from is inputA
Called postfire()
Called prefire()
Called fire()
Read input token from inputA with value 9.0
Called prefire()
Called fire()
Past the end of training data. Read and discard all inputs.
Checking for deadlock:
There are 2 Blocked actors, 0 Stopped actors, and 3 active threads.
Waiting for actors to stop.
Sent output token with value 9.0
Next port to read input from is inputB
Called postfire()
Called prefire()
Called fire()
Checking for deadlock:
There are 1 Blocked actors, 0 Stopped actors, and 3 active threads.
Waiting for actors to stop.
Called postfire()
Called prefire()
Called fire()
Checking for deadlock:
There are 2 Blocked actors, 0 Stopped actors, and 3 active threads.
Waiting for actors to stop.
Read input token from inputB with value 10.5
Checking for deadlock:
There are 1 Blocked actors, 0 Stopped actors, and 3 active threads.
Waiting for actors to stop.
Called prefire()
Called fire()
Past the end of training data. Read and discard all inputs.
Checking for deadlock:
There are 2 Blocked actors, 0 Stopped actors, and 3 active threads.
Waiting for actors to stop.
Sent output token with value 9.0
Next port to read input from is inputA
Called postfire()
Called prefire()
Called fire()
Checking for deadlock:
There are 3 Blocked actors, 0 Stopped actors, and 3 active threads.
Actors have stopped.
Checking for deadlock:
There are 3 Blocked actors, 0 Stopped actors, and 3 active threads.
Deadlock detected.
Resolving Deadlock
Checking for deadlock:
There are 3 Blocked actors, 0 Stopped actors, and 3 active threads.
Artificial Deadlock - increasing queue capacity.
increasing the capacity of receiver ptolemy.actor.TypedIOPort {.top.OrderedMerge.inputB} to 2
-- Thread wrapup() called.
Called wrapup()
Thread .top.Ramp2 is exiting.
-- Thread stopped.
Director: Called postfire().
Called postfire().
_stopRequested = false
_stopFireRequested = false
Returning from postfire(): true
Called fire().
Checking for deadlock:
There are 2 Blocked actors, 0 Stopped actors, and 2 active threads.
Actors have stopped.
Checking for deadlock:
There are 2 Blocked actors, 0 Stopped actors, and 2 active threads.
Deadlock detected.
Resolving Deadlock
Checking for deadlock:
There are 2 Blocked actors, 0 Stopped actors, and 2 active threads.
Deadlock detected: no processes blocked on write, but some are blocked on read.
Called postfire().
_stopRequested = false
_stopFireRequested = false
Returning from postfire(): false
Finished deactivating branches.
Called wrapup().
-- Thread wrapup() called.
Called wrapup()
Thread .top.Test is exiting.
-- Thread stopped.
-- Blocked Receiver call threw TerminateProcessException.
-- Thread wrapup() called.
Called wrapup()
Thread .top.OrderedMerge is exiting.
-- Thread stopped.
-- Blocked Receiver call threw TerminateProcessException.
51 ms. Memory: 129024K Free: 73713K (57%)
.top. Preinitializing ...
Invoking preinitialize():  .top.OrderedMerge
Called preinitialize()
Invoking preinitialize():  .top.Ramp
Called preinitialize()
Invoking preinitialize():  .top.Ramp2
Called preinitialize()
Invoking preinitialize():  .top.Test
Called preinitialize()
.top. Finished preinitialize().
Called initialize().
Invoking initialize():  .top.OrderedMerge
Initializing actor: .top.OrderedMerge
Adding a thread: .top.OrderedMerge
Invoking initialize():  .top.Ramp
Initializing actor: .top.Ramp
Adding a thread: .top.Ramp
Invoking initialize():  .top.Ramp2
Initializing actor: .top.Ramp2
Adding a thread: .top.Ramp2
Invoking initialize():  .top.Test
Initializing actor: .top.Test
Adding a thread: .top.Test
-- Starting thread.
Called initialize()
Called prefire()
Called fire()
-- Starting thread.
Called initialize()
Called prefire()
Called fire()
Called postfire()
Called prefire()
Called fire()
-- Starting thread.
Called initialize()
Called prefire()
Called fire()
Called postfire()
Called prefire()
Called fire()
Called fire().
-- Starting thread.
Checking for deadlock:
Called initialize()
Called prefire()
There are 3 Blocked actors, 0 Stopped actors, and 4 active threads.
Called fire()
Waiting for actors to stop.
Called postfire()
Called prefire()
Called fire()
Read input token from inputA with value 0.0
Checking for deadlock:
There are 3 Blocked actors, 0 Stopped actors, and 4 active threads.
Waiting for actors to stop.
Next port to read input from is inputB
Called postfire()
Called prefire()
Called fire()
Read input token from inputB with value 0.0
Sent output token with value 0.0
Next port to read input from is inputA
Called postfire()
Called prefire()
Called fire()
Read input token from inputA with value 1.0
-- Read input: 0.0, which is expected to match: 0.0
Called prefire()
Called fire()
Called postfire()
Called prefire()
Called fire()
Checking for deadlock:
There are 2 Blocked actors, 0 Stopped actors, and 4 active threads.
Waiting for actors to stop.
Called postfire()
Called prefire()
Called fire()
Sent output token with value 0.0
Next port to read input from is inputB
Called postfire()
Called prefire()
Called fire()
Read input token from inputB with value 1.5
Checking for deadlock:
-- Read input: 0.0, which is expected to match: 0.0
There are 1 Blocked actors, 0 Stopped actors, and 4 active threads.
Waiting for actors to stop.
Called prefire()
Called fire()
Called postfire()
Called prefire()
Called fire()
Checking for deadlock:
There are 2 Blocked actors, 0 Stopped actors, and 4 active threads.
Waiting for actors to stop.
-- Read input: 1.0, which is expected to match: 1.0
Called prefire()
Called fire()
Sent output token with value 1.0
Checking for deadlock:
Next port to read input from is inputA
Called postfire()
Called prefire()
Called fire()
There are 3 Blocked actors, 0 Stopped actors, and 4 active threads.
Waiting for actors to stop.
Read input token from inputA with value 2.0
Sent output token with value 1.5
Next port to read input from is inputB
Called postfire()
Called prefire()
Called fire()
Read input token from inputB with value 3.0
Checking for deadlock:
There are 0 Blocked actors, 0 Stopped actors, and 4 active threads.
Waiting for actors to stop.
-- Read input: 1.5, which is expected to match: 1.5
Called prefire()
Called postfire()
Called prefire()
Called fire()
Called fire()
Checking for deadlock:
There are 2 Blocked actors, 0 Stopped actors, and 4 active threads.
Waiting for actors to stop.
Called postfire()
Called prefire()
Called fire()
Sent output token with value 2.0
Checking for deadlock:
There are 2 Blocked actors, 0 Stopped actors, and 4 active threads.
Waiting for actors to stop.
Next port to read input from is inputA
Called postfire()
Called prefire()
Called fire()
Read input token from inputA with value 3.0
Checking for deadlock:
There are 1 Blocked actors, 0 Stopped actors, and 4 active threads.
Waiting for actors to stop.
-- Read input: 2.0, which is expected to match: 2.0
Called postfire()
Called prefire()
Called prefire()
Called fire()
Called fire()
Checking for deadlock:
There are 3 Blocked actors, 0 Stopped actors, and 4 active threads.
Waiting for actors to stop.
Checking for deadlock:
Sent output token with value 3.0
There are 2 Blocked actors, 0 Stopped actors, and 4 active threads.
Waiting for actors to stop.
Next port to read input from is inputB
Called postfire()
Called prefire()
Called fire()
Read input token from inputB with value 4.5
Called postfire()
-- Read input: 3.0, which is expected to match: 3.0
Called prefire()
Called fire()
Called prefire()
Called fire()
Checking for deadlock:
There are 2 Blocked actors, 0 Stopped actors, and 4 active threads.
Waiting for actors to stop.
Checking for deadlock:
There are 3 Blocked actors, 0 Stopped actors, and 4 active threads.
Waiting for actors to stop.
Sent output token with value 3.0
Next port to read input from is inputA
Called postfire()
Called prefire()
Called fire()
Read input token from inputA with value 4.0
Checking for deadlock:
-- Read input: 3.0, which is expected to match: 3.0
There are 1 Blocked actors, 0 Stopped actors, and 4 active threads.
Waiting for actors to stop.
Called prefire()
Called fire()
Called postfire()
Called prefire()
Called fire()
Sent output token with value 4.0
Checking for deadlock:
Next port to read input from is inputA
There are 2 Blocked actors, 0 Stopped actors, and 4 active threads.
Waiting for actors to stop.
-- Read input: 4.0, which is expected to match: 4.0
Called prefire()
Called fire()
Past the end of training data. Read and discard all inputs.
Called postfire()
Called prefire()
Called fire()
Checking for deadlock:
There are 2 Blocked actors, 0 Stopped actors, and 4 active threads.
Read input token from inputA with value 5.0
Waiting for actors to stop.
Sent output token with value 4.5
Called postfire()
Called prefire()
Called fire()
Next port to read input from is inputB
Called postfire()
Called prefire()
Called fire()
Read input token from inputB with value 6.0
Called prefire()
Called fire()
Past the end of training data. Read and discard all inputs.
Called postfire()
Called prefire()
Called fire()
Checking for deadlock:
There are 3 Blocked actors, 0 Stopped actors, and 4 active threads.
Waiting for actors to stop.
Sent output token with value 5.0
Next port to read input from is inputA
Called postfire()
Called prefire()
Called fire()
Read input token from inputA with value 6.0
Called prefire()
Called fire()
Past the end of training data. Read and discard all inputs.
Checking for deadlock:
There are 2 Blocked actors, 0 Stopped actors, and 4 active threads.
Waiting for actors to stop.
Checking for deadlock:
There are 1 Blocked actors, 0 Stopped actors, and 4 active threads.
Waiting for actors to stop.
Called postfire()
Called prefire()
Called prefire()
Called fire()
Called fire()
Past the end of training data. Read and discard all inputs.
Checking for deadlock:
There are 3 Blocked actors, 0 Stopped actors, and 4 active threads.
Waiting for actors to stop.
Sent output token with value 6.0
Next port to read input from is inputB
Called postfire()
Called prefire()
Called fire()
Read input token from inputB with value 7.5
Sent output token with value 6.0
Next port to read input from is inputA
Called postfire()
Called prefire()
Called fire()
Read input token from inputA with value 7.0
Called prefire()
Called fire()
Called postfire()
Called prefire()
Called fire()
Called postfire()
Called prefire()
Called fire()
Checking for deadlock:
There are 2 Blocked actors, 0 Stopped actors, and 4 active threads.
Waiting for actors to stop.
Past the end of training data. Read and discard all inputs.
Checking for deadlock:
There are 2 Blocked actors, 0 Stopped actors, and 4 active threads.
Waiting for actors to stop.
Called prefire()
Called fire()
Past the end of training data. Read and discard all inputs.
Checking for deadlock:
There are 3 Blocked actors, 0 Stopped actors, and 4 active threads.
Waiting for actors to stop.
Sent output token with value 7.0
Next port to read input from is inputA
Called postfire()
Called prefire()
Called fire()
Read input token from inputA with value 8.0
Sent output token with value 7.5
Next port to read input from is inputB
Called postfire()
Called prefire()
Called fire()
Read input token from inputB with value 9.0
Called prefire()
Called fire()
Past the end of training data. Read and discard all inputs.
Called postfire()
Called prefire()
Called fire()
Checking for deadlock:
There are 2 Blocked actors, 0 Stopped actors, and 4 active threads.
Waiting for actors to stop.
-- Thread wrapup() called.
Called wrapup()
Sent output token with value 8.0
Thread .top.Ramp is exiting.
-- Thread stopped.
Next port to read input from is inputA
Called postfire()
Called prefire()
Called fire()
Read input token from inputA with value 9.0
Called prefire()
Called fire()
Past the end of training data. Read and discard all inputs.
Checking for deadlock:
There are 2 Blocked actors, 0 Stopped actors, and 3 active threads.
Waiting for actors to stop.
Sent output token with value 9.0
Next port to read input from is inputB
Called postfire()
Called prefire()
Called fire()
Read input token from inputB with value 10.5
Called prefire()
Called fire()
Past the end of training data. Read and discard all inputs.
Called postfire()
Called prefire()
Called fire()
Checking for deadlock:
There are 2 Blocked actors, 0 Stopped actors, and 3 active threads.
Waiting for actors to stop.
Sent output token with value 9.0
Next port to read input from is inputA
Called postfire()
Called prefire()
Called fire()
Called prefire()
Called fire()
Past the end of training data. Read and discard all inputs.
Checking for deadlock:
There are 3 Blocked actors, 0 Stopped actors, and 3 active threads.
Actors have stopped.
Checking for deadlock:
There are 3 Blocked actors, 0 Stopped actors, and 3 active threads.
Deadlock detected.
Resolving Deadlock
Checking for deadlock:
There are 3 Blocked actors, 0 Stopped actors, and 3 active threads.
Artificial Deadlock - increasing queue capacity.
increasing the capacity of receiver ptolemy.actor.TypedIOPort {.top.OrderedMerge.inputB} to 2
Director: Called postfire().
Called postfire().
_stopRequested = false
_stopFireRequested = false
Returning from postfire(): true
Called fire().
Checking for deadlock:
There are 2 Blocked actors, 0 Stopped actors, and 3 active threads.
Waiting for actors to stop.
-- Thread wrapup() called.
Called wrapup()
Thread .top.Ramp2 is exiting.
-- Thread stopped.
Checking for deadlock:
There are 2 Blocked actors, 0 Stopped actors, and 2 active threads.
Actors have stopped.
Checking for deadlock:
There are 2 Blocked actors, 0 Stopped actors, and 2 active threads.
Deadlock detected.
Resolving Deadlock
Checking for deadlock:
There are 2 Blocked actors, 0 Stopped actors, and 2 active threads.
Deadlock detected: no processes blocked on write, but some are blocked on read.
Called postfire().
_stopRequested = false
_stopFireRequested = false
Returning from postfire(): false
Finished deactivating branches.
Called wrapup().
-- Thread wrapup() called.
Called wrapup()
Thread .top.OrderedMerge is exiting.
-- Thread stopped.
-- Blocked Receiver call threw TerminateProcessException.
-- Thread wrapup() called.
Called wrapup()
Thread .top.Test is exiting.
-- Thread stopped.
-- Blocked Receiver call threw TerminateProcessException.
58 ms. Memory: 129024K Free: 71665K (56%)
/home/travis/build/icyphy/ptII/ptolemy/actor/lib/test/Publisher.tcl
7 ms. Memory: 129024K Free: 65521K (51%)
13 ms. Memory: 129024K Free: 108310K (84%)
6 ms. Memory: 129024K Free: 104734K (81%)
9 ms. Memory: 129024K Free: 103710K (80%)
3 ms. Memory: 129024K Free: 103196K (80%)
10 ms. Memory: 129024K Free: 102172K (79%)
2 ms. Memory: 129024K Free: 101662K (79%)
3 ms. Memory: 129024K Free: 100638K (78%)
16 ms. Memory: 129024K Free: 90398K (70%)
3 ms. Memory: 129024K Free: 86782K (67%)
5 ms. Memory: 129024K Free: 86302K (67%)
3 ms. Memory: 129024K Free: 83726K (65%)
6 ms. Memory: 129024K Free: 76572K (59%)
5 ms. Memory: 129024K Free: 66846K (52%)
6 ms. Memory: 129024K Free: 56078K (43%)
/home/travis/build/icyphy/ptII/ptolemy/actor/lib/test/Pulse.tcl
3 ms. Memory: 155648K Free: 105999K (68%)
10 ms. Memory: 155648K Free: 104975K (67%)
5 ms. Memory: 155648K Free: 104461K (67%)
2 ms. Memory: 155648K Free: 103951K (67%)
1 ms. Memory: 155648K Free: 103431K (66%)
8 ms. Memory: 155648K Free: 102413K (66%)
6 ms. Memory: 155648K Free: 101389K (65%)
6 ms. Memory: 155648K Free: 100879K (65%)
2 ms. Memory: 155648K Free: 99855K (64%)
/home/travis/build/icyphy/ptII/ptolemy/actor/lib/test/Ramp.tcl
7 ms. Memory: 155648K Free: 98317K (63%)
4 ms. Memory: 155648K Free: 97293K (63%)
3 ms. Memory: 155648K Free: 96783K (62%)
1 ms. Memory: 155648K Free: 95759K (62%)
5 ms. Memory: 155648K Free: 95245K (61%)
8 ms. Memory: 155648K Free: 94221K (61%)
7 ms. Memory: 155648K Free: 93183K (60%)
5 actors
5000 microseconds per iteration to create
11 ms. Memory: 155648K Free: 90639K (58%)
1 ms. Memory: 155648K Free: 90111K (58%)
2 ms. Memory: 155648K Free: 89087K (57%)
1 ms. Memory: 155648K Free: 88591K (57%)
50 actors
43000 microseconds per iteration to create
38 ms. Memory: 155648K Free: 73231K (47%)
4 ms. Memory: 155648K Free: 72207K (46%)
16 ms. Memory: 155648K Free: 71183K (46%)
8 ms. Memory: 155648K Free: 70159K (45%)
500 actors
1700000 microseconds per iteration to create
247 ms. Memory: 155648K Free: 129742K (83%)
35 ms. Memory: 155648K Free: 124622K (80%)
37 ms. Memory: 155648K Free: 119472K (77%)
32 ms. Memory: 155648K Free: 114352K (73%)
/home/travis/build/icyphy/ptII/ptolemy/actor/lib/test/RampContinuous.tcl
9 ms. Memory: 155648K Free: 112848K (73%)
/home/travis/build/icyphy/ptII/ptolemy/actor/lib/test/RecordAssembler.tcl
5 ms. Memory: 155648K Free: 111310K (72%)
3 ms. Memory: 155648K Free: 110286K (71%)
/home/travis/build/icyphy/ptII/ptolemy/actor/lib/test/RecordDisassembler.tcl
12 ms. Memory: 155648K Free: 108752K (70%)
6 ms. Memory: 155648K Free: 107728K (69%)
4 ms. Memory: 155648K Free: 106704K (69%)
/home/travis/build/icyphy/ptII/ptolemy/actor/lib/test/Scale.tcl
3 ms. Memory: 155648K Free: 105152K (68%)
1 ms. Memory: 155648K Free: 104128K (67%)
1 ms. Memory: 155648K Free: 103632K (67%)
2 ms. Memory: 155648K Free: 102608K (66%)
2 ms. Memory: 155648K Free: 101584K (65%)
/home/travis/build/icyphy/ptII/ptolemy/actor/lib/test/SequentialClock.tcl
preinitializing
resolving types
initializing
executing number 1
wrapping up
idle
2 ms. Memory: 155648K Free: 100560K (65%)
Completed execution with 5 iterations
preinitializing
resolving types
initializing
executing number 1
wrapping up
idle
1 ms. Memory: 155648K Free: 100046K (64%)
Completed execution with 5 iterations
preinitializing
resolving types
initializing
executing number 1
wrapping up
idle
1 ms. Memory: 155648K Free: 99536K (64%)
Completed execution with 5 iterations
/home/travis/build/icyphy/ptII/ptolemy/actor/lib/test/SetVariable.tcl
4 ms. Memory: 155648K Free: 97488K (63%)


==== $PTII/ptolemy/actor/lib/test/SetVariable.tcl: SetVariable-3.1 changeFailed
==== Contents of test case:

    #Uses 2.1 above
    jdkCaptureErr {
        # This test was failing if we ran Exit.tcl and then this test.
        # MessageHandler.error() now actually throws the Exception.
	catch {$setVariable changeFailed [java::null]  [java::new Exception {Test exception for SetVariable.changeFailed()}]} errMsg
    } results
    list [string range $results 0 89] "\n" $errMsg

==== Result was:
{java.lang.Exception: Test exception for SetVariable.changeFailed()
	at java.base/jdk.inter} {
} {java.lang.RuntimeException: java.lang.Exception: Test exception for SetVariable.changeFailed()}
---- Result should have been:
{Failed to set variable.
java.lang.Exception: Test exception for SetVariable.changeFailed()} {
} {java.lang.RuntimeException: java.lang.Exception: Test exception for SetVariable.changeFailed()}
---- SetVariable-3.1 FAILED
/home/travis/build/icyphy/ptII/ptolemy/actor/lib/test/Sinewave.tcl
/home/travis/build/icyphy/ptII/ptolemy/actor/lib/test/SubscriptionAggregator.tcl
8 ms. Memory: 155648K Free: 85696K (55%)
2 ms. Memory: 155648K Free: 84686K (54%)
1 ms. Memory: 155648K Free: 84686K (54%)
0 ms. Memory: 155648K Free: 84176K (54%)
2 ms. Memory: 155648K Free: 80584K (52%)
8 ms. Memory: 155648K Free: 78542K (50%)
...............................................................832 ms. Memory: 237568K Free: 117371K (49%)
/home/travis/build/icyphy/ptII/ptolemy/actor/lib/test/Test.tcl
 The next command will produce a warning about training mode,
   which may be ignored.
5 ms. Memory: 237568K Free: 115323K (49%)
2 ms. Memory: 237568K Free: 114809K (48%)
1 ms. Memory: 237568K Free: 114299K (48%)
1 ms. Memory: 237568K Free: 113754K (48%)
3 ms. Memory: 237568K Free: 112746K (47%)
2 ms. Memory: 237568K Free: 111737K (47%)
3 ms. Memory: 237568K Free: 110203K (46%)
 The next command will produce a warning about training mode,
   which may be ignored.
11 ms. Memory: 237568K Free: 108155K (46%)
 The next command will produce a warning about training mode,
   which may be ignored.
1 ms. Memory: 237568K Free: 106617K (45%)
1 ms. Memory: 237568K Free: 106617K (45%)
1 ms. Memory: 237568K Free: 106107K (45%)
1 ms. Memory: 237568K Free: 105578K (44%)
7 ms. Memory: 237568K Free: 104562K (44%)
4 ms. Memory: 237568K Free: 100473K (42%)
/home/travis/build/icyphy/ptII/ptolemy/actor/lib/test/TestExceptionHandler.tcl
 The next command will produce a warning about training mode,
   which may be ignored.
3 ms. Memory: 237568K Free: 99442K (42%)
1 ms. Memory: 237568K Free: 98939K (42%)
0 ms. Memory: 237568K Free: 98425K (41%)
/home/travis/build/icyphy/ptII/ptolemy/actor/lib/test/UnionDisassembler.tcl
24 ms. Memory: 237568K Free: 91257K (38%)
/home/travis/build/icyphy/ptII/ptolemy/actor/lib/test/VariableClock.tcl
preinitializing
resolving types
initializing
executing number 1
wrapping up
idle
7 ms. Memory: 237568K Free: 89209K (38%)
Completed execution with 11 iterations
preinitializing
resolving types
initializing
executing number 1
wrapping up
idle
8 ms. Memory: 237568K Free: 87675K (37%)
Completed execution with 10 iterations
12/14/19 06:24:05
Failed: 1  Total Tests: 234  ((Passed: 233, Newly Passed: 0)  Known Failed: 0) /home/travis/build/icyphy/ptII/ptolemy/actor/lib/test
----------------- testing (KnownFailure) /home/travis/build/icyphy/ptII/ptolemy/actor/lib/test/auto/knownFailedTests/PublisherPortToplevelSubscriber.xml
1 ms. Memory: 237568K Free: 84089K (35%)
Known Failure: java.lang.reflect.InvocationTargetException
----------------- testing (KnownFailure) /home/travis/build/icyphy/ptII/ptolemy/actor/lib/test/auto/knownFailedTests/PublisherSubscriberPortToplevel.xml
0 ms. Memory: 237568K Free: 79993K (34%)
Known Failure: java.lang.reflect.InvocationTargetException
----------------- testing (KnownFailure) /home/travis/build/icyphy/ptII/ptolemy/actor/lib/test/auto/knownFailedTests/PublisherSubscriptionAggregatorPort.xml
1 ms. Memory: 237568K Free: 191097K (80%)
Known Failure: java.lang.reflect.InvocationTargetException
----------------- testing (KnownFailure) /home/travis/build/icyphy/ptII/ptolemy/actor/lib/test/auto/knownFailedTests/sizedarray3.xml
8 ms. Memory: 237568K Free: 186491K (79%)
Known Failure: java.lang.reflect.InvocationTargetException
No auto/linux-amd64/*.xml tests in /home/travis/build/icyphy/ptII/ptolemy/actor/lib/test
AutoTests.java: About to close Vertx.
AutoTests.java: Vertx closed.

===========================================================================================
----------------- testing Sat Dec 14 06:24:06 UTC 2019 /home/travis/build/icyphy/ptII/ptolemy/actor/lib/test/auto/AbsoluteValue.xml
----------------- Instantiating /home/travis/build/icyphy/ptII/ptolemy/actor/lib/test/auto/AbsoluteValue.xml
10 ms. Memory: 237568K Free: 163963K (69%)
----------------- Invoking toplevel() on ptolemy.moml.MoMLSimpleApplication@7d471146
----------------- Done invoking toplevel() on ptolemy.moml.MoMLSimpleApplication@7d471146
reloadAllAccessors: .AbsoluteValue

===========================================================================================
----------------- testing Sat Dec 14 06:24:06 UTC 2019 /home/travis/build/icyphy/ptII/ptolemy/actor/lib/test/auto/AbsoluteValue2.xml
----------------- Instantiating /home/travis/build/icyphy/ptII/ptolemy/actor/lib/test/auto/AbsoluteValue2.xml
4 ms. Memory: 237568K Free: 156795K (66%)
----------------- Invoking toplevel() on ptolemy.moml.MoMLSimpleApplication@5bca49f0
----------------- Done invoking toplevel() on ptolemy.moml.MoMLSimpleApplication@5bca49f0
reloadAllAccessors: .AbsoluteValue2

===========================================================================================
----------------- testing Sat Dec 14 06:24:06 UTC 2019 /home/travis/build/icyphy/ptII/ptolemy/actor/lib/test/auto/Accumulator.xml
----------------- Instantiating /home/travis/build/icyphy/ptII/ptolemy/actor/lib/test/auto/Accumulator.xml
6 ms. Memory: 237568K Free: 150651K (63%)
----------------- Invoking toplevel() on ptolemy.moml.MoMLSimpleApplication@5ab50316
----------------- Done invoking toplevel() on ptolemy.moml.MoMLSimpleApplication@5ab50316
reloadAllAccessors: .Accumulator

===========================================================================================
----------------- testing Sat Dec 14 06:24:06 UTC 2019 /home/travis/build/icyphy/ptII/ptolemy/actor/lib/test/auto/Accumulator2.xml
----------------- Instantiating /home/travis/build/icyphy/ptII/ptolemy/actor/lib/test/auto/Accumulator2.xml
4 ms. Memory: 237568K Free: 146041K (61%)
----------------- Invoking toplevel() on ptolemy.moml.MoMLSimpleApplication@1a9083b6
----------------- Done invoking toplevel() on ptolemy.moml.MoMLSimpleApplication@1a9083b6
reloadAllAccessors: .Accumulator2

===========================================================================================
----------------- testing Sat Dec 14 06:24:06 UTC 2019 /home/travis/build/icyphy/ptII/ptolemy/actor/lib/test/auto/Accumulator3.xml
----------------- Instantiating /home/travis/build/icyphy/ptII/ptolemy/actor/lib/test/auto/Accumulator3.xml
2 ms. Memory: 237568K Free: 140921K (59%)
----------------- Invoking toplevel() on ptolemy.moml.MoMLSimpleApplication@2c0cd841
----------------- Done invoking toplevel() on ptolemy.moml.MoMLSimpleApplication@2c0cd841
reloadAllAccessors: .Accumulator3

===========================================================================================
----------------- testing Sat Dec 14 06:24:06 UTC 2019 /home/travis/build/icyphy/ptII/ptolemy/actor/lib/test/auto/ArrayAppend.xml
----------------- Instantiating /home/travis/build/icyphy/ptII/ptolemy/actor/lib/test/auto/ArrayAppend.xml
8 ms. Memory: 237568K Free: 134762K (57%)
----------------- Invoking toplevel() on ptolemy.moml.MoMLSimpleApplication@77686206
----------------- Done invoking toplevel() on ptolemy.moml.MoMLSimpleApplication@77686206
reloadAllAccessors: .ArrayAppend

===========================================================================================
----------------- testing Sat Dec 14 06:24:06 UTC 2019 /home/travis/build/icyphy/ptII/ptolemy/actor/lib/test/auto/ArrayAppend2.xml
----------------- Instantiating /home/travis/build/icyphy/ptII/ptolemy/actor/lib/test/auto/ArrayAppend2.xml
320 ms. Memory: 237568K Free: 69241K (29%)
----------------- Invoking toplevel() on ptolemy.moml.MoMLSimpleApplication@3f881ca0
----------------- Done invoking toplevel() on ptolemy.moml.MoMLSimpleApplication@3f881ca0
reloadAllAccessors: .ArrayAppend2

===========================================================================================
----------------- testing Sat Dec 14 06:24:07 UTC 2019 /home/travis/build/icyphy/ptII/ptolemy/actor/lib/test/auto/ArrayAppend3.xml
----------------- Instantiating /home/travis/build/icyphy/ptII/ptolemy/actor/lib/test/auto/ArrayAppend3.xml
5 ms. Memory: 237568K Free: 187862K (79%)
----------------- Invoking toplevel() on ptolemy.moml.MoMLSimpleApplication@70742143
----------------- Done invoking toplevel() on ptolemy.moml.MoMLSimpleApplication@70742143
reloadAllAccessors: .ArrayAppend3

===========================================================================================
----------------- testing Sat Dec 14 06:24:07 UTC 2019 /home/travis/build/icyphy/ptII/ptolemy/actor/lib/test/auto/ArrayAppend4.xml
----------------- Instantiating /home/travis/build/icyphy/ptII/ptolemy/actor/lib/test/auto/ArrayAppend4.xml
3 ms. Memory: 237568K Free: 182246K (77%)
----------------- Invoking toplevel() on ptolemy.moml.MoMLSimpleApplication@18f2b8f5
----------------- Done invoking toplevel() on ptolemy.moml.MoMLSimpleApplication@18f2b8f5
reloadAllAccessors: .ArrayAppend4

===========================================================================================
----------------- testing Sat Dec 14 06:24:07 UTC 2019 /home/travis/build/icyphy/ptII/ptolemy/actor/lib/test/auto/ArrayAppend5.xml
----------------- Instantiating /home/travis/build/icyphy/ptII/ptolemy/actor/lib/test/auto/ArrayAppend5.xml
3 ms. Memory: 237568K Free: 177126K (75%)
----------------- Invoking toplevel() on ptolemy.moml.MoMLSimpleApplication@46419373
----------------- Done invoking toplevel() on ptolemy.moml.MoMLSimpleApplication@46419373
reloadAllAccessors: .ArrayAppend5

===========================================================================================
----------------- testing Sat Dec 14 06:24:07 UTC 2019 /home/travis/build/icyphy/ptII/ptolemy/actor/lib/test/auto/ArrayAppend6.xml
----------------- Instantiating /home/travis/build/icyphy/ptII/ptolemy/actor/lib/test/auto/ArrayAppend6.xml
3 ms. Memory: 237568K Free: 171492K (72%)
----------------- Invoking toplevel() on ptolemy.moml.MoMLSimpleApplication@3f92eddc
----------------- Done invoking toplevel() on ptolemy.moml.MoMLSimpleApplication@3f92eddc
reloadAllAccessors: .ArrayAppend6

===========================================================================================
----------------- testing Sat Dec 14 06:24:07 UTC 2019 /home/travis/build/icyphy/ptII/ptolemy/actor/lib/test/auto/ArrayAppendPerformanceTest.xml
----------------- Instantiating /home/travis/build/icyphy/ptII/ptolemy/actor/lib/test/auto/ArrayAppendPerformanceTest.xml
39 ms. Memory: 237568K Free: 160742K (68%)
----------------- Invoking toplevel() on ptolemy.moml.MoMLSimpleApplication@7354dccc
----------------- Done invoking toplevel() on ptolemy.moml.MoMLSimpleApplication@7354dccc
reloadAllAccessors: .ArrayAppendPerformanceTest

===========================================================================================
----------------- testing Sat Dec 14 06:24:07 UTC 2019 /home/travis/build/icyphy/ptII/ptolemy/actor/lib/test/auto/ArrayAppendWithEmptyInput.xml
----------------- Instantiating /home/travis/build/icyphy/ptII/ptolemy/actor/lib/test/auto/ArrayAppendWithEmptyInput.xml
8 ms. Memory: 237568K Free: 152550K (64%)
----------------- Invoking toplevel() on ptolemy.moml.MoMLSimpleApplication@3c580d28
----------------- Done invoking toplevel() on ptolemy.moml.MoMLSimpleApplication@3c580d28
reloadAllAccessors: .ArrayAppendWithEmptyInput

===========================================================================================
----------------- testing Sat Dec 14 06:24:07 UTC 2019 /home/travis/build/icyphy/ptII/ptolemy/actor/lib/test/auto/ArrayAverage.xml
----------------- Instantiating /home/travis/build/icyphy/ptII/ptolemy/actor/lib/test/auto/ArrayAverage.xml
4 ms. Memory: 237568K Free: 144868K (61%)
----------------- Invoking toplevel() on ptolemy.moml.MoMLSimpleApplication@1fc86748
----------------- Done invoking toplevel() on ptolemy.moml.MoMLSimpleApplication@1fc86748
reloadAllAccessors: .ArrayAverage

===========================================================================================
----------------- testing Sat Dec 14 06:24:07 UTC 2019 /home/travis/build/icyphy/ptII/ptolemy/actor/lib/test/auto/ArrayContains.xml
----------------- Instantiating /home/travis/build/icyphy/ptII/ptolemy/actor/lib/test/auto/ArrayContains.xml
2 ms. Memory: 237568K Free: 138724K (58%)
----------------- Invoking toplevel() on ptolemy.moml.MoMLSimpleApplication@729c6bb1
----------------- Done invoking toplevel() on ptolemy.moml.MoMLSimpleApplication@729c6bb1
reloadAllAccessors: .ArrayContains

===========================================================================================
----------------- testing Sat Dec 14 06:24:07 UTC 2019 /home/travis/build/icyphy/ptII/ptolemy/actor/lib/test/auto/ArrayElement.xml
----------------- Instantiating /home/travis/build/icyphy/ptII/ptolemy/actor/lib/test/auto/ArrayElement.xml
7 ms. Memory: 237568K Free: 133094K (56%)
----------------- Invoking toplevel() on ptolemy.moml.MoMLSimpleApplication@7a0b15ae
----------------- Done invoking toplevel() on ptolemy.moml.MoMLSimpleApplication@7a0b15ae
reloadAllAccessors: .ArrayElement

===========================================================================================
----------------- testing Sat Dec 14 06:24:07 UTC 2019 /home/travis/build/icyphy/ptII/ptolemy/actor/lib/test/auto/ArrayElementAsMatrix.xml
----------------- Instantiating /home/travis/build/icyphy/ptII/ptolemy/actor/lib/test/auto/ArrayElementAsMatrix.xml
12 ms. Memory: 237568K Free: 123364K (52%)
----------------- Invoking toplevel() on ptolemy.moml.MoMLSimpleApplication@208a22c5
----------------- Done invoking toplevel() on ptolemy.moml.MoMLSimpleApplication@208a22c5
reloadAllAccessors: .ArrayElementAsMatrix

===========================================================================================
----------------- testing Sat Dec 14 06:24:07 UTC 2019 /home/travis/build/icyphy/ptII/ptolemy/actor/lib/test/auto/ArrayElementI.xml
----------------- Instantiating /home/travis/build/icyphy/ptII/ptolemy/actor/lib/test/auto/ArrayElementI.xml
6 ms. Memory: 237568K Free: 118244K (50%)
----------------- Invoking toplevel() on ptolemy.moml.MoMLSimpleApplication@51931c8d
----------------- Done invoking toplevel() on ptolemy.moml.MoMLSimpleApplication@51931c8d
reloadAllAccessors: .ArrayElementI

===========================================================================================
----------------- testing Sat Dec 14 06:24:07 UTC 2019 /home/travis/build/icyphy/ptII/ptolemy/actor/lib/test/auto/ArrayExtract.xml
----------------- Instantiating /home/travis/build/icyphy/ptII/ptolemy/actor/lib/test/auto/ArrayExtract.xml
5 ms. Memory: 237568K Free: 110052K (46%)
----------------- Invoking toplevel() on ptolemy.moml.MoMLSimpleApplication@2464ade5
----------------- Done invoking toplevel() on ptolemy.moml.MoMLSimpleApplication@2464ade5
reloadAllAccessors: .ArrayExtract

===========================================================================================
----------------- testing Sat Dec 14 06:24:07 UTC 2019 /home/travis/build/icyphy/ptII/ptolemy/actor/lib/test/auto/ArrayExtract2.xml
----------------- Instantiating /home/travis/build/icyphy/ptII/ptolemy/actor/lib/test/auto/ArrayExtract2.xml
3 ms. Memory: 237568K Free: 104422K (44%)
----------------- Invoking toplevel() on ptolemy.moml.MoMLSimpleApplication@47e54d16
----------------- Done invoking toplevel() on ptolemy.moml.MoMLSimpleApplication@47e54d16
reloadAllAccessors: .ArrayExtract2

===========================================================================================
----------------- testing Sat Dec 14 06:24:07 UTC 2019 /home/travis/build/icyphy/ptII/ptolemy/actor/lib/test/auto/ArrayLength.xml
----------------- Instantiating /home/travis/build/icyphy/ptII/ptolemy/actor/lib/test/auto/ArrayLength.xml
2 ms. Memory: 237568K Free: 100836K (42%)
----------------- Invoking toplevel() on ptolemy.moml.MoMLSimpleApplication@419b744e
----------------- Done invoking toplevel() on ptolemy.moml.MoMLSimpleApplication@419b744e
reloadAllAccessors: .ArrayLength

===========================================================================================
----------------- testing Sat Dec 14 06:24:07 UTC 2019 /home/travis/build/icyphy/ptII/ptolemy/actor/lib/test/auto/ArrayLevelCrossing.xml
----------------- Instantiating /home/travis/build/icyphy/ptII/ptolemy/actor/lib/test/auto/ArrayLevelCrossing.xml
5 ms. Memory: 237568K Free: 92644K (39%)
----------------- Invoking toplevel() on ptolemy.moml.MoMLSimpleApplication@23620ff9
----------------- Done invoking toplevel() on ptolemy.moml.MoMLSimpleApplication@23620ff9
reloadAllAccessors: .ArrayLevelCrossing

===========================================================================================
----------------- testing Sat Dec 14 06:24:07 UTC 2019 /home/travis/build/icyphy/ptII/ptolemy/actor/lib/test/auto/ArrayLevelCrossing2.xml
----------------- Instantiating /home/travis/build/icyphy/ptII/ptolemy/actor/lib/test/auto/ArrayLevelCrossing2.xml
2 ms. Memory: 237568K Free: 85990K (36%)
----------------- Invoking toplevel() on ptolemy.moml.MoMLSimpleApplication@599640a4
----------------- Done invoking toplevel() on ptolemy.moml.MoMLSimpleApplication@599640a4
reloadAllAccessors: .ArrayLevelCrossing2

===========================================================================================
----------------- testing Sat Dec 14 06:24:07 UTC 2019 /home/travis/build/icyphy/ptII/ptolemy/actor/lib/test/auto/ArrayPeakSearch.xml
----------------- Instantiating /home/travis/build/icyphy/ptII/ptolemy/actor/lib/test/auto/ArrayPeakSearch.xml
6 ms. Memory: 237568K Free: 76774K (32%)
----------------- Invoking toplevel() on ptolemy.moml.MoMLSimpleApplication@18d6a192
----------------- Done invoking toplevel() on ptolemy.moml.MoMLSimpleApplication@18d6a192
reloadAllAccessors: .ArrayPeakSearch

===========================================================================================
----------------- testing Sat Dec 14 06:24:07 UTC 2019 /home/travis/build/icyphy/ptII/ptolemy/actor/lib/test/auto/ArrayPeakSearch2.xml
----------------- Instantiating /home/travis/build/icyphy/ptII/ptolemy/actor/lib/test/auto/ArrayPeakSearch2.xml
5 ms. Memory: 237568K Free: 66534K (28%)
----------------- Invoking toplevel() on ptolemy.moml.MoMLSimpleApplication@58c0c97c
----------------- Done invoking toplevel() on ptolemy.moml.MoMLSimpleApplication@58c0c97c
reloadAllAccessors: .ArrayPeakSearch2

===========================================================================================
----------------- testing Sat Dec 14 06:24:07 UTC 2019 /home/travis/build/icyphy/ptII/ptolemy/actor/lib/test/auto/ArrayPeakSearch3.xml
----------------- Instantiating /home/travis/build/icyphy/ptII/ptolemy/actor/lib/test/auto/ArrayPeakSearch3.xml
6 ms. Memory: 237568K Free: 184891K (78%)
----------------- Invoking toplevel() on ptolemy.moml.MoMLSimpleApplication@7639b006
----------------- Done invoking toplevel() on ptolemy.moml.MoMLSimpleApplication@7639b006
reloadAllAccessors: .ArrayPeakSearch3

===========================================================================================
----------------- testing Sat Dec 14 06:24:07 UTC 2019 /home/travis/build/icyphy/ptII/ptolemy/actor/lib/test/auto/ArrayRemoveElement.xml
----------------- Instantiating /home/travis/build/icyphy/ptII/ptolemy/actor/lib/test/auto/ArrayRemoveElement.xml
3 ms. Memory: 237568K Free: 176699K (74%)
----------------- Invoking toplevel() on ptolemy.moml.MoMLSimpleApplication@c64ceae
----------------- Done invoking toplevel() on ptolemy.moml.MoMLSimpleApplication@c64ceae
reloadAllAccessors: .ArrayRemoveElement

===========================================================================================
----------------- testing Sat Dec 14 06:24:07 UTC 2019 /home/travis/build/icyphy/ptII/ptolemy/actor/lib/test/auto/ArraySort.xml
----------------- Instantiating /home/travis/build/icyphy/ptII/ptolemy/actor/lib/test/auto/ArraySort.xml
16 ms. Memory: 237568K Free: 167993K (71%)
----------------- Invoking toplevel() on ptolemy.moml.MoMLSimpleApplication@55de0808
----------------- Done invoking toplevel() on ptolemy.moml.MoMLSimpleApplication@55de0808
reloadAllAccessors: .ArraySort

===========================================================================================
----------------- testing Sat Dec 14 06:24:07 UTC 2019 /home/travis/build/icyphy/ptII/ptolemy/actor/lib/test/auto/ArraySum.xml
----------------- Instantiating /home/travis/build/icyphy/ptII/ptolemy/actor/lib/test/auto/ArraySum.xml
5 ms. Memory: 237568K Free: 162363K (68%)
----------------- Invoking toplevel() on ptolemy.moml.MoMLSimpleApplication@68cbed62
----------------- Done invoking toplevel() on ptolemy.moml.MoMLSimpleApplication@68cbed62
reloadAllAccessors: .ArraySum

===========================================================================================
----------------- testing Sat Dec 14 06:24:07 UTC 2019 /home/travis/build/icyphy/ptII/ptolemy/actor/lib/test/auto/ArrayToElements.xml
----------------- Instantiating /home/travis/build/icyphy/ptII/ptolemy/actor/lib/test/auto/ArrayToElements.xml
5 ms. Memory: 237568K Free: 157243K (66%)
----------------- Invoking toplevel() on ptolemy.moml.MoMLSimpleApplication@57533c7
----------------- Done invoking toplevel() on ptolemy.moml.MoMLSimpleApplication@57533c7
reloadAllAccessors: .ArrayToElements

===========================================================================================
----------------- testing Sat Dec 14 06:24:07 UTC 2019 /home/travis/build/icyphy/ptII/ptolemy/actor/lib/test/auto/ArrayToMatrix.xml
----------------- Instantiating /home/travis/build/icyphy/ptII/ptolemy/actor/lib/test/auto/ArrayToMatrix.xml
7 ms. Memory: 237568K Free: 142907K (60%)
----------------- Invoking toplevel() on ptolemy.moml.MoMLSimpleApplication@34ee1077
----------------- Done invoking toplevel() on ptolemy.moml.MoMLSimpleApplication@34ee1077
reloadAllAccessors: .ArrayToMatrix

===========================================================================================
----------------- testing Sat Dec 14 06:24:07 UTC 2019 /home/travis/build/icyphy/ptII/ptolemy/actor/lib/test/auto/ArrayUpdate1.xml
----------------- Instantiating /home/travis/build/icyphy/ptII/ptolemy/actor/lib/test/auto/ArrayUpdate1.xml
5 ms. Memory: 237568K Free: 138297K (58%)
----------------- Invoking toplevel() on ptolemy.moml.MoMLSimpleApplication@247bba22
----------------- Done invoking toplevel() on ptolemy.moml.MoMLSimpleApplication@247bba22
reloadAllAccessors: .ArrayUpdate1

===========================================================================================
----------------- testing Sat Dec 14 06:24:07 UTC 2019 /home/travis/build/icyphy/ptII/ptolemy/actor/lib/test/auto/ArrayUpdate2.xml
----------------- Instantiating /home/travis/build/icyphy/ptII/ptolemy/actor/lib/test/auto/ArrayUpdate2.xml
3 ms. Memory: 237568K Free: 131643K (55%)
----------------- Invoking toplevel() on ptolemy.moml.MoMLSimpleApplication@7fb8ca73
----------------- Done invoking toplevel() on ptolemy.moml.MoMLSimpleApplication@7fb8ca73
reloadAllAccessors: .ArrayUpdate2

===========================================================================================
----------------- testing Sat Dec 14 06:24:07 UTC 2019 /home/travis/build/icyphy/ptII/ptolemy/actor/lib/test/auto/ArrayUpdate3.xml
----------------- Instantiating /home/travis/build/icyphy/ptII/ptolemy/actor/lib/test/auto/ArrayUpdate3.xml
2 ms. Memory: 237568K Free: 127033K (53%)
----------------- Invoking toplevel() on ptolemy.moml.MoMLSimpleApplication@1ce32a4b
----------------- Done invoking toplevel() on ptolemy.moml.MoMLSimpleApplication@1ce32a4b
reloadAllAccessors: .ArrayUpdate3

===========================================================================================
----------------- testing Sat Dec 14 06:24:08 UTC 2019 /home/travis/build/icyphy/ptII/ptolemy/actor/lib/test/auto/Assert1.xml
----------------- Instantiating /home/travis/build/icyphy/ptII/ptolemy/actor/lib/test/auto/Assert1.xml
7 ms. Memory: 237568K Free: 122427K (52%)
----------------- Invoking toplevel() on ptolemy.moml.MoMLSimpleApplication@59a1dde5
----------------- Done invoking toplevel() on ptolemy.moml.MoMLSimpleApplication@59a1dde5
reloadAllAccessors: .Assert1

===========================================================================================
----------------- testing Sat Dec 14 06:24:08 UTC 2019 /home/travis/build/icyphy/ptII/ptolemy/actor/lib/test/auto/Assert2.xml
----------------- Instantiating /home/travis/build/icyphy/ptII/ptolemy/actor/lib/test/auto/Assert2.xml
2 ms. Memory: 237568K Free: 117817K (50%)
----------------- Invoking toplevel() on ptolemy.moml.MoMLSimpleApplication@58543b7f
----------------- Done invoking toplevel() on ptolemy.moml.MoMLSimpleApplication@58543b7f
reloadAllAccessors: .Assert2

===========================================================================================
----------------- testing Sat Dec 14 06:24:08 UTC 2019 /home/travis/build/icyphy/ptII/ptolemy/actor/lib/test/auto/BooleanMultiplexor.xml
----------------- Instantiating /home/travis/build/icyphy/ptII/ptolemy/actor/lib/test/auto/BooleanMultiplexor.xml
2 ms. Memory: 237568K Free: 112187K (47%)
----------------- Invoking toplevel() on ptolemy.moml.MoMLSimpleApplication@642540a
----------------- Done invoking toplevel() on ptolemy.moml.MoMLSimpleApplication@642540a
reloadAllAccessors: .BooleanMultiplexor

===========================================================================================
----------------- testing Sat Dec 14 06:24:08 UTC 2019 /home/travis/build/icyphy/ptII/ptolemy/actor/lib/test/auto/BooleanMultiplexor2.xml
----------------- Instantiating /home/travis/build/icyphy/ptII/ptolemy/actor/lib/test/auto/BooleanMultiplexor2.xml
12 ms. Memory: 237568K Free: 106043K (45%)
----------------- Invoking toplevel() on ptolemy.moml.MoMLSimpleApplication@5f2b05b1
----------------- Done invoking toplevel() on ptolemy.moml.MoMLSimpleApplication@5f2b05b1
reloadAllAccessors: .BooleanMultiplexor2

===========================================================================================
----------------- testing Sat Dec 14 06:24:08 UTC 2019 /home/travis/build/icyphy/ptII/ptolemy/actor/lib/test/auto/BooleanMultiplexor3.xml
----------------- Instantiating /home/travis/build/icyphy/ptII/ptolemy/actor/lib/test/auto/BooleanMultiplexor3.xml
5 ms. Memory: 237568K Free: 101947K (43%)
----------------- Invoking toplevel() on ptolemy.moml.MoMLSimpleApplication@4233a8e7
----------------- Done invoking toplevel() on ptolemy.moml.MoMLSimpleApplication@4233a8e7
reloadAllAccessors: .BooleanMultiplexor3

===========================================================================================
----------------- testing Sat Dec 14 06:24:08 UTC 2019 /home/travis/build/icyphy/ptII/ptolemy/actor/lib/test/auto/BooleanSelect.xml
----------------- Instantiating /home/travis/build/icyphy/ptII/ptolemy/actor/lib/test/auto/BooleanSelect.xml
8 ms. Memory: 237568K Free: 96283K (41%)
----------------- Invoking toplevel() on ptolemy.moml.MoMLSimpleApplication@4b5a30c0
----------------- Done invoking toplevel() on ptolemy.moml.MoMLSimpleApplication@4b5a30c0
reloadAllAccessors: .BooleanSelect

===========================================================================================
----------------- testing Sat Dec 14 06:24:08 UTC 2019 /home/travis/build/icyphy/ptII/ptolemy/actor/lib/test/auto/BooleanSelect2.xml
----------------- Instantiating /home/travis/build/icyphy/ptII/ptolemy/actor/lib/test/auto/BooleanSelect2.xml
4 ms. Memory: 237568K Free: 91707K (39%)
----------------- Invoking toplevel() on ptolemy.moml.MoMLSimpleApplication@41d1de38
----------------- Done invoking toplevel() on ptolemy.moml.MoMLSimpleApplication@41d1de38
reloadAllAccessors: .BooleanSelect2

===========================================================================================
----------------- testing Sat Dec 14 06:24:08 UTC 2019 /home/travis/build/icyphy/ptII/ptolemy/actor/lib/test/auto/BooleanSwitch.xml
----------------- Instantiating /home/travis/build/icyphy/ptII/ptolemy/actor/lib/test/auto/BooleanSwitch.xml
5 ms. Memory: 237568K Free: 85563K (36%)
----------------- Invoking toplevel() on ptolemy.moml.MoMLSimpleApplication@73311813
----------------- Done invoking toplevel() on ptolemy.moml.MoMLSimpleApplication@73311813
reloadAllAccessors: .BooleanSwitch

===========================================================================================
----------------- testing Sat Dec 14 06:24:08 UTC 2019 /home/travis/build/icyphy/ptII/ptolemy/actor/lib/test/auto/BooleanSwitch2.xml
----------------- Instantiating /home/travis/build/icyphy/ptII/ptolemy/actor/lib/test/auto/BooleanSwitch2.xml
2 ms. Memory: 237568K Free: 81467K (34%)
----------------- Invoking toplevel() on ptolemy.moml.MoMLSimpleApplication@7ce8946b
----------------- Done invoking toplevel() on ptolemy.moml.MoMLSimpleApplication@7ce8946b
reloadAllAccessors: .BooleanSwitch2

===========================================================================================
----------------- testing Sat Dec 14 06:24:08 UTC 2019 /home/travis/build/icyphy/ptII/ptolemy/actor/lib/test/auto/BooleanSwitchCloningBugWithClassRelationGroup.xml
----------------- Instantiating /home/travis/build/icyphy/ptII/ptolemy/actor/lib/test/auto/BooleanSwitchCloningBugWithClassRelationGroup.xml
4 ms. Memory: 237568K Free: 74809K (31%)
----------------- Invoking toplevel() on ptolemy.moml.MoMLSimpleApplication@7192a0be
----------------- Done invoking toplevel() on ptolemy.moml.MoMLSimpleApplication@7192a0be
reloadAllAccessors: .BooleanSwitchCloningBugWithClassRelationGroup

===========================================================================================
----------------- testing Sat Dec 14 06:24:08 UTC 2019 /home/travis/build/icyphy/ptII/ptolemy/actor/lib/test/auto/BusActors.xml
----------------- Instantiating /home/travis/build/icyphy/ptII/ptolemy/actor/lib/test/auto/BusActors.xml
5 ms. Memory: 237568K Free: 67641K (28%)
----------------- Invoking toplevel() on ptolemy.moml.MoMLSimpleApplication@28835823
----------------- Done invoking toplevel() on ptolemy.moml.MoMLSimpleApplication@28835823
reloadAllAccessors: .BusActors

===========================================================================================
----------------- testing Sat Dec 14 06:24:08 UTC 2019 /home/travis/build/icyphy/ptII/ptolemy/actor/lib/test/auto/ClassWrapper.xml
----------------- Instantiating /home/travis/build/icyphy/ptII/ptolemy/actor/lib/test/auto/ClassWrapper.xml
2 ms. Memory: 237568K Free: 63035K (27%)
----------------- Invoking toplevel() on ptolemy.moml.MoMLSimpleApplication@79630822
----------------- Done invoking toplevel() on ptolemy.moml.MoMLSimpleApplication@79630822
reloadAllAccessors: .ClassWrapper

===========================================================================================
----------------- testing Sat Dec 14 06:24:08 UTC 2019 /home/travis/build/icyphy/ptII/ptolemy/actor/lib/test/auto/Clock.xml
----------------- Instantiating /home/travis/build/icyphy/ptII/ptolemy/actor/lib/test/auto/Clock.xml
1 ms. Memory: 237568K Free: 59449K (25%)
----------------- Invoking toplevel() on ptolemy.moml.MoMLSimpleApplication@62e5bc0f
----------------- Done invoking toplevel() on ptolemy.moml.MoMLSimpleApplication@62e5bc0f
reloadAllAccessors: .Clock

===========================================================================================
----------------- testing Sat Dec 14 06:24:08 UTC 2019 /home/travis/build/icyphy/ptII/ptolemy/actor/lib/test/auto/Clock10.xml
----------------- Instantiating /home/travis/build/icyphy/ptII/ptolemy/actor/lib/test/auto/Clock10.xml
4 ms. Memory: 237568K Free: 186645K (79%)
----------------- Invoking toplevel() on ptolemy.moml.MoMLSimpleApplication@3838e628
----------------- Done invoking toplevel() on ptolemy.moml.MoMLSimpleApplication@3838e628
reloadAllAccessors: .Clock10

===========================================================================================
----------------- testing Sat Dec 14 06:24:08 UTC 2019 /home/travis/build/icyphy/ptII/ptolemy/actor/lib/test/auto/Clock11.xml
----------------- Instantiating /home/travis/build/icyphy/ptII/ptolemy/actor/lib/test/auto/Clock11.xml
7 ms. Memory: 237568K Free: 180501K (76%)
----------------- Invoking toplevel() on ptolemy.moml.MoMLSimpleApplication@4d30e73c
----------------- Done invoking toplevel() on ptolemy.moml.MoMLSimpleApplication@4d30e73c
reloadAllAccessors: .Clock11

===========================================================================================
----------------- testing Sat Dec 14 06:24:08 UTC 2019 /home/travis/build/icyphy/ptII/ptolemy/actor/lib/test/auto/Clock12.xml
----------------- Instantiating /home/travis/build/icyphy/ptII/ptolemy/actor/lib/test/auto/Clock12.xml
4 ms. Memory: 237568K Free: 174357K (73%)
----------------- Invoking toplevel() on ptolemy.moml.MoMLSimpleApplication@ded6758
----------------- Done invoking toplevel() on ptolemy.moml.MoMLSimpleApplication@ded6758
reloadAllAccessors: .Clock12

===========================================================================================
----------------- testing Sat Dec 14 06:24:08 UTC 2019 /home/travis/build/icyphy/ptII/ptolemy/actor/lib/test/auto/Clock13.xml
----------------- Instantiating /home/travis/build/icyphy/ptII/ptolemy/actor/lib/test/auto/Clock13.xml
3 ms. Memory: 237568K Free: 168727K (71%)
----------------- Invoking toplevel() on ptolemy.moml.MoMLSimpleApplication@1e9df63c
----------------- Done invoking toplevel() on ptolemy.moml.MoMLSimpleApplication@1e9df63c
reloadAllAccessors: .Clock13

===========================================================================================
----------------- testing Sat Dec 14 06:24:08 UTC 2019 /home/travis/build/icyphy/ptII/ptolemy/actor/lib/test/auto/Clock14.xml
----------------- Instantiating /home/travis/build/icyphy/ptII/ptolemy/actor/lib/test/auto/Clock14.xml
3 ms. Memory: 237568K Free: 162583K (68%)
----------------- Invoking toplevel() on ptolemy.moml.MoMLSimpleApplication@1b706ab7
----------------- Done invoking toplevel() on ptolemy.moml.MoMLSimpleApplication@1b706ab7
reloadAllAccessors: .Clock14

===========================================================================================
----------------- testing Sat Dec 14 06:24:08 UTC 2019 /home/travis/build/icyphy/ptII/ptolemy/actor/lib/test/auto/Clock15.xml
----------------- Instantiating /home/travis/build/icyphy/ptII/ptolemy/actor/lib/test/auto/Clock15.xml
2 ms. Memory: 237568K Free: 156919K (66%)
----------------- Invoking toplevel() on ptolemy.moml.MoMLSimpleApplication@57b10702
----------------- Done invoking toplevel() on ptolemy.moml.MoMLSimpleApplication@57b10702
reloadAllAccessors: .Clock15

===========================================================================================
----------------- testing Sat Dec 14 06:24:08 UTC 2019 /home/travis/build/icyphy/ptII/ptolemy/actor/lib/test/auto/Clock16.xml
----------------- Instantiating /home/travis/build/icyphy/ptII/ptolemy/actor/lib/test/auto/Clock16.xml
27 ms. Memory: 237568K Free: 142607K (60%)
----------------- Invoking toplevel() on ptolemy.moml.MoMLSimpleApplication@26b12a0e
----------------- Done invoking toplevel() on ptolemy.moml.MoMLSimpleApplication@26b12a0e
reloadAllAccessors: .Clock16

===========================================================================================
----------------- testing Sat Dec 14 06:24:08 UTC 2019 /home/travis/build/icyphy/ptII/ptolemy/actor/lib/test/auto/Clock17.xml
----------------- Instantiating /home/travis/build/icyphy/ptII/ptolemy/actor/lib/test/auto/Clock17.xml
25 ms. Memory: 237568K Free: 128791K (54%)
----------------- Invoking toplevel() on ptolemy.moml.MoMLSimpleApplication@3019c1ee
----------------- Done invoking toplevel() on ptolemy.moml.MoMLSimpleApplication@3019c1ee
reloadAllAccessors: .Clock17

===========================================================================================
----------------- testing Sat Dec 14 06:24:08 UTC 2019 /home/travis/build/icyphy/ptII/ptolemy/actor/lib/test/auto/Clock18.xml
----------------- Instantiating /home/travis/build/icyphy/ptII/ptolemy/actor/lib/test/auto/Clock18.xml
15 ms. Memory: 237568K Free: 115479K (49%)
----------------- Invoking toplevel() on ptolemy.moml.MoMLSimpleApplication@24bbe1a0
----------------- Done invoking toplevel() on ptolemy.moml.MoMLSimpleApplication@24bbe1a0
reloadAllAccessors: .Clock18

===========================================================================================
----------------- testing Sat Dec 14 06:24:08 UTC 2019 /home/travis/build/icyphy/ptII/ptolemy/actor/lib/test/auto/Clock19.xml
----------------- Instantiating /home/travis/build/icyphy/ptII/ptolemy/actor/lib/test/auto/Clock19.xml
21 ms. Memory: 237568K Free: 102663K (43%)
----------------- Invoking toplevel() on ptolemy.moml.MoMLSimpleApplication@73491340
----------------- Done invoking toplevel() on ptolemy.moml.MoMLSimpleApplication@73491340
reloadAllAccessors: .Clock19

===========================================================================================
----------------- testing Sat Dec 14 06:24:08 UTC 2019 /home/travis/build/icyphy/ptII/ptolemy/actor/lib/test/auto/Clock2.xml
----------------- Instantiating /home/travis/build/icyphy/ptII/ptolemy/actor/lib/test/auto/Clock2.xml
4 ms. Memory: 237568K Free: 98071K (41%)
----------------- Invoking toplevel() on ptolemy.moml.MoMLSimpleApplication@63a554dd
----------------- Done invoking toplevel() on ptolemy.moml.MoMLSimpleApplication@63a554dd
reloadAllAccessors: .Clock2

===========================================================================================
----------------- testing Sat Dec 14 06:24:08 UTC 2019 /home/travis/build/icyphy/ptII/ptolemy/actor/lib/test/auto/Clock20.xml
----------------- Instantiating /home/travis/build/icyphy/ptII/ptolemy/actor/lib/test/auto/Clock20.xml
9 ms. Memory: 237568K Free: 91927K (39%)
----------------- Invoking toplevel() on ptolemy.moml.MoMLSimpleApplication@9f2bc4f
----------------- Done invoking toplevel() on ptolemy.moml.MoMLSimpleApplication@9f2bc4f
reloadAllAccessors: .Clock20

===========================================================================================
----------------- testing Sat Dec 14 06:24:08 UTC 2019 /home/travis/build/icyphy/ptII/ptolemy/actor/lib/test/auto/Clock21.xml
----------------- Instantiating /home/travis/build/icyphy/ptII/ptolemy/actor/lib/test/auto/Clock21.xml
6 ms. Memory: 237568K Free: 86807K (37%)
----------------- Invoking toplevel() on ptolemy.moml.MoMLSimpleApplication@361cc032
----------------- Done invoking toplevel() on ptolemy.moml.MoMLSimpleApplication@361cc032
reloadAllAccessors: .Clock21

===========================================================================================
----------------- testing Sat Dec 14 06:24:08 UTC 2019 /home/travis/build/icyphy/ptII/ptolemy/actor/lib/test/auto/Clock22.xml
----------------- Instantiating /home/travis/build/icyphy/ptII/ptolemy/actor/lib/test/auto/Clock22.xml
5 ms. Memory: 237568K Free: 81173K (34%)
----------------- Invoking toplevel() on ptolemy.moml.MoMLSimpleApplication@55edd319
----------------- Done invoking toplevel() on ptolemy.moml.MoMLSimpleApplication@55edd319
reloadAllAccessors: .Clock22

===========================================================================================
----------------- testing Sat Dec 14 06:24:08 UTC 2019 /home/travis/build/icyphy/ptII/ptolemy/actor/lib/test/auto/Clock23.xml
----------------- Instantiating /home/travis/build/icyphy/ptII/ptolemy/actor/lib/test/auto/Clock23.xml
7 ms. Memory: 237568K Free: 76053K (32%)
----------------- Invoking toplevel() on ptolemy.moml.MoMLSimpleApplication@619dda14
----------------- Done invoking toplevel() on ptolemy.moml.MoMLSimpleApplication@619dda14
reloadAllAccessors: .Clock23

===========================================================================================
----------------- testing Sat Dec 14 06:24:08 UTC 2019 /home/travis/build/icyphy/ptII/ptolemy/actor/lib/test/auto/Clock24.xml
----------------- Instantiating /home/travis/build/icyphy/ptII/ptolemy/actor/lib/test/auto/Clock24.xml
4 ms. Memory: 237568K Free: 70423K (30%)
----------------- Invoking toplevel() on ptolemy.moml.MoMLSimpleApplication@2a90ba54
----------------- Done invoking toplevel() on ptolemy.moml.MoMLSimpleApplication@2a90ba54
reloadAllAccessors: .Clock24

===========================================================================================
----------------- testing Sat Dec 14 06:24:08 UTC 2019 /home/travis/build/icyphy/ptII/ptolemy/actor/lib/test/auto/Clock4.xml
----------------- Instantiating /home/travis/build/icyphy/ptII/ptolemy/actor/lib/test/auto/Clock4.xml
2 ms. Memory: 237568K Free: 65303K (27%)
----------------- Invoking toplevel() on ptolemy.moml.MoMLSimpleApplication@31f48e82
----------------- Done invoking toplevel() on ptolemy.moml.MoMLSimpleApplication@31f48e82
reloadAllAccessors: .Clock4

===========================================================================================
----------------- testing Sat Dec 14 06:24:08 UTC 2019 /home/travis/build/icyphy/ptII/ptolemy/actor/lib/test/auto/Clock5.xml
----------------- Instantiating /home/travis/build/icyphy/ptII/ptolemy/actor/lib/test/auto/Clock5.xml
6 ms. Memory: 237568K Free: 60183K (25%)
----------------- Invoking toplevel() on ptolemy.moml.MoMLSimpleApplication@8a53da5
----------------- Done invoking toplevel() on ptolemy.moml.MoMLSimpleApplication@8a53da5
reloadAllAccessors: .Clock5

===========================================================================================
----------------- testing Sat Dec 14 06:24:08 UTC 2019 /home/travis/build/icyphy/ptII/ptolemy/actor/lib/test/auto/Clock6.xml
----------------- Instantiating /home/travis/build/icyphy/ptII/ptolemy/actor/lib/test/auto/Clock6.xml
1 ms. Memory: 237568K Free: 56087K (24%)
----------------- Invoking toplevel() on ptolemy.moml.MoMLSimpleApplication@6d511b3e
----------------- Done invoking toplevel() on ptolemy.moml.MoMLSimpleApplication@6d511b3e
reloadAllAccessors: .Clock6

===========================================================================================
----------------- testing Sat Dec 14 06:24:08 UTC 2019 /home/travis/build/icyphy/ptII/ptolemy/actor/lib/test/auto/Clock7.xml
----------------- Instantiating /home/travis/build/icyphy/ptII/ptolemy/actor/lib/test/auto/Clock7.xml
3 ms. Memory: 387072K Free: 339766K (88%)
----------------- Invoking toplevel() on ptolemy.moml.MoMLSimpleApplication@54a9ea48
----------------- Done invoking toplevel() on ptolemy.moml.MoMLSimpleApplication@54a9ea48
reloadAllAccessors: .Clock7

===========================================================================================
----------------- testing Sat Dec 14 06:24:08 UTC 2019 /home/travis/build/icyphy/ptII/ptolemy/actor/lib/test/auto/Clock8.xml
----------------- Instantiating /home/travis/build/icyphy/ptII/ptolemy/actor/lib/test/auto/Clock8.xml
5 ms. Memory: 387072K Free: 333969K (86%)
----------------- Invoking toplevel() on ptolemy.moml.MoMLSimpleApplication@3333ec46
----------------- Done invoking toplevel() on ptolemy.moml.MoMLSimpleApplication@3333ec46
reloadAllAccessors: .Clock8

===========================================================================================
----------------- testing Sat Dec 14 06:24:08 UTC 2019 /home/travis/build/icyphy/ptII/ptolemy/actor/lib/test/auto/Clock9.xml
----------------- Instantiating /home/travis/build/icyphy/ptII/ptolemy/actor/lib/test/auto/Clock9.xml
6 ms. Memory: 387072K Free: 328849K (85%)
----------------- Invoking toplevel() on ptolemy.moml.MoMLSimpleApplication@1feb96b
----------------- Done invoking toplevel() on ptolemy.moml.MoMLSimpleApplication@1feb96b
reloadAllAccessors: .Clock9

===========================================================================================
----------------- testing Sat Dec 14 06:24:08 UTC 2019 /home/travis/build/icyphy/ptII/ptolemy/actor/lib/test/auto/CommDistDiscard.xml
----------------- Instantiating /home/travis/build/icyphy/ptII/ptolemy/actor/lib/test/auto/CommDistDiscard.xml
5 ms. Memory: 387072K Free: 323249K (84%)
----------------- Invoking toplevel() on ptolemy.moml.MoMLSimpleApplication@b38cac4
----------------- Done invoking toplevel() on ptolemy.moml.MoMLSimpleApplication@b38cac4
reloadAllAccessors: .CommDistDiscard

===========================================================================================
----------------- testing Sat Dec 14 06:24:09 UTC 2019 /home/travis/build/icyphy/ptII/ptolemy/actor/lib/test/auto/Commutator.xml
----------------- Instantiating /home/travis/build/icyphy/ptII/ptolemy/actor/lib/test/auto/Commutator.xml
4 ms. Memory: 387072K Free: 318639K (82%)
----------------- Invoking toplevel() on ptolemy.moml.MoMLSimpleApplication@2ffc9faf
----------------- Done invoking toplevel() on ptolemy.moml.MoMLSimpleApplication@2ffc9faf
reloadAllAccessors: .Commutator

===========================================================================================
----------------- testing Sat Dec 14 06:24:09 UTC 2019 /home/travis/build/icyphy/ptII/ptolemy/actor/lib/test/auto/Commutator2.xml
----------------- Instantiating /home/travis/build/icyphy/ptII/ptolemy/actor/lib/test/auto/Commutator2.xml
2 ms. Memory: 387072K Free: 314543K (81%)
----------------- Invoking toplevel() on ptolemy.moml.MoMLSimpleApplication@643db64d
----------------- Done invoking toplevel() on ptolemy.moml.MoMLSimpleApplication@643db64d
reloadAllAccessors: .Commutator2

===========================================================================================
----------------- testing Sat Dec 14 06:24:09 UTC 2019 /home/travis/build/icyphy/ptII/ptolemy/actor/lib/test/auto/Commutator3.xml
----------------- Instantiating /home/travis/build/icyphy/ptII/ptolemy/actor/lib/test/auto/Commutator3.xml
3 ms. Memory: 387072K Free: 309937K (80%)
----------------- Invoking toplevel() on ptolemy.moml.MoMLSimpleApplication@54356170
----------------- Done invoking toplevel() on ptolemy.moml.MoMLSimpleApplication@54356170
reloadAllAccessors: .Commutator3

===========================================================================================
----------------- testing Sat Dec 14 06:24:09 UTC 2019 /home/travis/build/icyphy/ptII/ptolemy/actor/lib/test/auto/Compare.xml
----------------- Instantiating /home/travis/build/icyphy/ptII/ptolemy/actor/lib/test/auto/Compare.xml
2 ms. Memory: 387072K Free: 303279K (78%)
----------------- Invoking toplevel() on ptolemy.moml.MoMLSimpleApplication@7e5fbe8f
----------------- Done invoking toplevel() on ptolemy.moml.MoMLSimpleApplication@7e5fbe8f
reloadAllAccessors: .Compare

===========================================================================================
----------------- testing Sat Dec 14 06:24:09 UTC 2019 /home/travis/build/icyphy/ptII/ptolemy/actor/lib/test/auto/CompareDE.xml
----------------- Instantiating /home/travis/build/icyphy/ptII/ptolemy/actor/lib/test/auto/CompareDE.xml
5 ms. Memory: 387072K Free: 296625K (77%)
----------------- Invoking toplevel() on ptolemy.moml.MoMLSimpleApplication@867455a
----------------- Done invoking toplevel() on ptolemy.moml.MoMLSimpleApplication@867455a
reloadAllAccessors: .CompareDE

===========================================================================================
----------------- testing Sat Dec 14 06:24:09 UTC 2019 /home/travis/build/icyphy/ptII/ptolemy/actor/lib/test/auto/ComplexDivide.xml
----------------- Instantiating /home/travis/build/icyphy/ptII/ptolemy/actor/lib/test/auto/ComplexDivide.xml
2 ms. Memory: 387072K Free: 292529K (76%)
----------------- Invoking toplevel() on ptolemy.moml.MoMLSimpleApplication@650af478
----------------- Done invoking toplevel() on ptolemy.moml.MoMLSimpleApplication@650af478
reloadAllAccessors: .ComplexDivide

===========================================================================================
----------------- testing Sat Dec 14 06:24:09 UTC 2019 /home/travis/build/icyphy/ptII/ptolemy/actor/lib/test/auto/ComputeHistogram.xml
----------------- Instantiating /home/travis/build/icyphy/ptII/ptolemy/actor/lib/test/auto/ComputeHistogram.xml
40 ms. Memory: 387072K Free: 280241K (72%)
----------------- Invoking toplevel() on ptolemy.moml.MoMLSimpleApplication@9a7d63f
----------------- Done invoking toplevel() on ptolemy.moml.MoMLSimpleApplication@9a7d63f
reloadAllAccessors: .ComputeHistogram

===========================================================================================
----------------- testing Sat Dec 14 06:24:09 UTC 2019 /home/travis/build/icyphy/ptII/ptolemy/actor/lib/test/auto/ConfigurationSelect.xml
----------------- Instantiating /home/travis/build/icyphy/ptII/ptolemy/actor/lib/test/auto/ConfigurationSelect.xml
9 ms. Memory: 387072K Free: 274577K (71%)
----------------- Invoking toplevel() on ptolemy.moml.MoMLSimpleApplication@10cec94
----------------- Done invoking toplevel() on ptolemy.moml.MoMLSimpleApplication@10cec94
reloadAllAccessors: .ConfigurationSelect

===========================================================================================
----------------- testing Sat Dec 14 06:24:09 UTC 2019 /home/travis/build/icyphy/ptII/ptolemy/actor/lib/test/auto/ConfigurationSelect2.xml
----------------- Instantiating /home/travis/build/icyphy/ptII/ptolemy/actor/lib/test/auto/ConfigurationSelect2.xml
2 ms. Memory: 387072K Free: 270001K (70%)
----------------- Invoking toplevel() on ptolemy.moml.MoMLSimpleApplication@2e1b102b
----------------- Done invoking toplevel() on ptolemy.moml.MoMLSimpleApplication@2e1b102b
reloadAllAccessors: .ConfigurationSelect2

===========================================================================================
----------------- testing Sat Dec 14 06:24:09 UTC 2019 /home/travis/build/icyphy/ptII/ptolemy/actor/lib/test/auto/ConfigurationSwitch.xml
----------------- Instantiating /home/travis/build/icyphy/ptII/ptolemy/actor/lib/test/auto/ConfigurationSwitch.xml
2 ms. Memory: 387072K Free: 264881K (68%)
----------------- Invoking toplevel() on ptolemy.moml.MoMLSimpleApplication@477bac1a
----------------- Done invoking toplevel() on ptolemy.moml.MoMLSimpleApplication@477bac1a
reloadAllAccessors: .ConfigurationSwitch

===========================================================================================
----------------- testing Sat Dec 14 06:24:09 UTC 2019 /home/travis/build/icyphy/ptII/ptolemy/actor/lib/test/auto/ConfigurationSwitch2.xml
----------------- Instantiating /home/travis/build/icyphy/ptII/ptolemy/actor/lib/test/auto/ConfigurationSwitch2.xml
2 ms. Memory: 387072K Free: 259247K (67%)
----------------- Invoking toplevel() on ptolemy.moml.MoMLSimpleApplication@130b4a5f
----------------- Done invoking toplevel() on ptolemy.moml.MoMLSimpleApplication@130b4a5f
reloadAllAccessors: .ConfigurationSwitch2

===========================================================================================
----------------- testing Sat Dec 14 06:24:09 UTC 2019 /home/travis/build/icyphy/ptII/ptolemy/actor/lib/test/auto/ConfigurationSwitchCloningBugWithClassRelationGroup.xml
----------------- Instantiating /home/travis/build/icyphy/ptII/ptolemy/actor/lib/test/auto/ConfigurationSwitchCloningBugWithClassRelationGroup.xml
2 ms. Memory: 387072K Free: 252079K (65%)
----------------- Invoking toplevel() on ptolemy.moml.MoMLSimpleApplication@58f85719
----------------- Done invoking toplevel() on ptolemy.moml.MoMLSimpleApplication@58f85719
reloadAllAccessors: .ConfigurationSwitchCloningBugWithClassRelationGroup

===========================================================================================
----------------- testing Sat Dec 14 06:24:09 UTC 2019 /home/travis/build/icyphy/ptII/ptolemy/actor/lib/test/auto/ConfigurationSwitchSelectSDF.xml
----------------- Instantiating /home/travis/build/icyphy/ptII/ptolemy/actor/lib/test/auto/ConfigurationSwitchSelectSDF.xml
3 ms. Memory: 387072K Free: 246959K (64%)
----------------- Invoking toplevel() on ptolemy.moml.MoMLSimpleApplication@26035544
----------------- Done invoking toplevel() on ptolemy.moml.MoMLSimpleApplication@26035544
reloadAllAccessors: .ConfigurationSwitchSelectSDF

===========================================================================================
----------------- testing Sat Dec 14 06:24:09 UTC 2019 /home/travis/build/icyphy/ptII/ptolemy/actor/lib/test/auto/ConfigurationSwitchSelectSDF2.xml
----------------- Instantiating /home/travis/build/icyphy/ptII/ptolemy/actor/lib/test/auto/ConfigurationSwitchSelectSDF2.xml
2 ms. Memory: 387072K Free: 240815K (62%)
----------------- Invoking toplevel() on ptolemy.moml.MoMLSimpleApplication@775ffece
----------------- Done invoking toplevel() on ptolemy.moml.MoMLSimpleApplication@775ffece
reloadAllAccessors: .ConfigurationSwitchSelectSDF2

===========================================================================================
----------------- testing Sat Dec 14 06:24:09 UTC 2019 /home/travis/build/icyphy/ptII/ptolemy/actor/lib/test/auto/Const.xml
----------------- Instantiating /home/travis/build/icyphy/ptII/ptolemy/actor/lib/test/auto/Const.xml
1 ms. Memory: 387072K Free: 237743K (61%)
----------------- Invoking toplevel() on ptolemy.moml.MoMLSimpleApplication@64a4bb58
----------------- Done invoking toplevel() on ptolemy.moml.MoMLSimpleApplication@64a4bb58
reloadAllAccessors: .Const

===========================================================================================
----------------- testing Sat Dec 14 06:24:09 UTC 2019 /home/travis/build/icyphy/ptII/ptolemy/actor/lib/test/auto/Const2.xml
----------------- Instantiating /home/travis/build/icyphy/ptII/ptolemy/actor/lib/test/auto/Const2.xml
5 ms. Memory: 387072K Free: 233647K (60%)
----------------- Invoking toplevel() on ptolemy.moml.MoMLSimpleApplication@7b994a6b
----------------- Done invoking toplevel() on ptolemy.moml.MoMLSimpleApplication@7b994a6b
reloadAllAccessors: .Const2

===========================================================================================
----------------- testing Sat Dec 14 06:24:09 UTC 2019 /home/travis/build/icyphy/ptII/ptolemy/actor/lib/test/auto/Const3.xml
----------------- Instantiating /home/travis/build/icyphy/ptII/ptolemy/actor/lib/test/auto/Const3.xml
1 ms. Memory: 387072K Free: 230575K (60%)
----------------- Invoking toplevel() on ptolemy.moml.MoMLSimpleApplication@2025eeae
----------------- Done invoking toplevel() on ptolemy.moml.MoMLSimpleApplication@2025eeae
reloadAllAccessors: .Const3

===========================================================================================
----------------- testing Sat Dec 14 06:24:09 UTC 2019 /home/travis/build/icyphy/ptII/ptolemy/actor/lib/test/auto/ConstantPublisherPort1.xml
----------------- Instantiating /home/travis/build/icyphy/ptII/ptolemy/actor/lib/test/auto/ConstantPublisherPort1.xml
6 ms. Memory: 387072K Free: 222383K (57%)
----------------- Invoking toplevel() on ptolemy.moml.MoMLSimpleApplication@89b26a7
----------------- Done invoking toplevel() on ptolemy.moml.MoMLSimpleApplication@89b26a7
reloadAllAccessors: .ConstantPublisherPort1

===========================================================================================
----------------- testing Sat Dec 14 06:24:09 UTC 2019 /home/travis/build/icyphy/ptII/ptolemy/actor/lib/test/auto/ConstantPublisherPort2.xml
----------------- Instantiating /home/travis/build/icyphy/ptII/ptolemy/actor/lib/test/auto/ConstantPublisherPort2.xml
10 ms. Memory: 387072K Free: 214703K (55%)
----------------- Invoking toplevel() on ptolemy.moml.MoMLSimpleApplication@82e9a06
----------------- Done invoking toplevel() on ptolemy.moml.MoMLSimpleApplication@82e9a06
reloadAllAccessors: .ConstantPublisherPort2

===========================================================================================
----------------- testing Sat Dec 14 06:24:09 UTC 2019 /home/travis/build/icyphy/ptII/ptolemy/actor/lib/test/auto/ConstantPublisherPort3.xml
----------------- Instantiating /home/travis/build/icyphy/ptII/ptolemy/actor/lib/test/auto/ConstantPublisherPort3.xml
7 ms. Memory: 387072K Free: 207023K (53%)
----------------- Invoking toplevel() on ptolemy.moml.MoMLSimpleApplication@45e2c658
----------------- Done invoking toplevel() on ptolemy.moml.MoMLSimpleApplication@45e2c658
reloadAllAccessors: .ConstantPublisherPort3

===========================================================================================
----------------- testing Sat Dec 14 06:24:09 UTC 2019 /home/travis/build/icyphy/ptII/ptolemy/actor/lib/test/auto/ConstantPublisherPort4.xml
----------------- Instantiating /home/travis/build/icyphy/ptII/ptolemy/actor/lib/test/auto/ConstantPublisherPort4.xml
4 ms. Memory: 387072K Free: 200369K (52%)
----------------- Invoking toplevel() on ptolemy.moml.MoMLSimpleApplication@797d16a5
----------------- Done invoking toplevel() on ptolemy.moml.MoMLSimpleApplication@797d16a5
reloadAllAccessors: .ConstantPublisherPort4

===========================================================================================
----------------- testing Sat Dec 14 06:24:09 UTC 2019 /home/travis/build/icyphy/ptII/ptolemy/actor/lib/test/auto/ConstantPublisherPort5.xml
----------------- Instantiating /home/travis/build/icyphy/ptII/ptolemy/actor/lib/test/auto/ConstantPublisherPort5.xml
31 ms. Memory: 387072K Free: 190129K (49%)
----------------- Invoking toplevel() on ptolemy.moml.MoMLSimpleApplication@72054837
----------------- Done invoking toplevel() on ptolemy.moml.MoMLSimpleApplication@72054837
reloadAllAccessors: .ConstantPublisherPort5

===========================================================================================
----------------- testing Sat Dec 14 06:24:09 UTC 2019 /home/travis/build/icyphy/ptII/ptolemy/actor/lib/test/auto/ConstantPublisherPort6.xml
----------------- Instantiating /home/travis/build/icyphy/ptII/ptolemy/actor/lib/test/auto/ConstantPublisherPort6.xml
16 ms. Memory: 387072K Free: 180913K (47%)
----------------- Invoking toplevel() on ptolemy.moml.MoMLSimpleApplication@7108c926
----------------- Done invoking toplevel() on ptolemy.moml.MoMLSimpleApplication@7108c926
reloadAllAccessors: .ConstantPublisherPort6

===========================================================================================
----------------- testing Sat Dec 14 06:24:09 UTC 2019 /home/travis/build/icyphy/ptII/ptolemy/actor/lib/test/auto/ConstantPublisherPort7.xml
----------------- Instantiating /home/travis/build/icyphy/ptII/ptolemy/actor/lib/test/auto/ConstantPublisherPort7.xml
21 ms. Memory: 387072K Free: 171697K (44%)
----------------- Invoking toplevel() on ptolemy.moml.MoMLSimpleApplication@6ec801b4
----------------- Done invoking toplevel() on ptolemy.moml.MoMLSimpleApplication@6ec801b4
reloadAllAccessors: .ConstantPublisherPort7

===========================================================================================
----------------- testing Sat Dec 14 06:24:09 UTC 2019 /home/travis/build/icyphy/ptII/ptolemy/actor/lib/test/auto/ConstraintMonitor1.xml
----------------- Instantiating /home/travis/build/icyphy/ptII/ptolemy/actor/lib/test/auto/ConstraintMonitor1.xml
8 ms. Memory: 387072K Free: 166577K (43%)
----------------- Invoking toplevel() on ptolemy.moml.MoMLSimpleApplication@66c84ef0
----------------- Done invoking toplevel() on ptolemy.moml.MoMLSimpleApplication@66c84ef0
reloadAllAccessors: .ConstraintMonitor1

===========================================================================================
----------------- testing Sat Dec 14 06:24:09 UTC 2019 /home/travis/build/icyphy/ptII/ptolemy/actor/lib/test/auto/ConstraintMonitor2.xml
----------------- Instantiating /home/travis/build/icyphy/ptII/ptolemy/actor/lib/test/auto/ConstraintMonitor2.xml
4 ms. Memory: 387072K Free: 161967K (42%)
----------------- Invoking toplevel() on ptolemy.moml.MoMLSimpleApplication@530ffb1f
----------------- Done invoking toplevel() on ptolemy.moml.MoMLSimpleApplication@530ffb1f
reloadAllAccessors: .ConstraintMonitor2

===========================================================================================
----------------- testing Sat Dec 14 06:24:09 UTC 2019 /home/travis/build/icyphy/ptII/ptolemy/actor/lib/test/auto/ConstraintMonitor3.xml
----------------- Instantiating /home/travis/build/icyphy/ptII/ptolemy/actor/lib/test/auto/ConstraintMonitor3.xml
4 ms. Memory: 387072K Free: 157871K (41%)
----------------- Invoking toplevel() on ptolemy.moml.MoMLSimpleApplication@6ab1af66
----------------- Done invoking toplevel() on ptolemy.moml.MoMLSimpleApplication@6ab1af66
reloadAllAccessors: .ConstraintMonitor3

===========================================================================================
----------------- testing Sat Dec 14 06:24:09 UTC 2019 /home/travis/build/icyphy/ptII/ptolemy/actor/lib/test/auto/ConstraintMonitor4.xml
----------------- Instantiating /home/travis/build/icyphy/ptII/ptolemy/actor/lib/test/auto/ConstraintMonitor4.xml
2 ms. Memory: 387072K Free: 152751K (39%)
----------------- Invoking toplevel() on ptolemy.moml.MoMLSimpleApplication@78a66df9
----------------- Done invoking toplevel() on ptolemy.moml.MoMLSimpleApplication@78a66df9
reloadAllAccessors: .ConstraintMonitor4

===========================================================================================
----------------- testing Sat Dec 14 06:24:09 UTC 2019 /home/travis/build/icyphy/ptII/ptolemy/actor/lib/test/auto/ConstraintMonitor5.xml
----------------- Instantiating /home/travis/build/icyphy/ptII/ptolemy/actor/lib/test/auto/ConstraintMonitor5.xml
2 ms. Memory: 387072K Free: 335869K (87%)
----------------- Invoking toplevel() on ptolemy.moml.MoMLSimpleApplication@2cd95a0d
----------------- Done invoking toplevel() on ptolemy.moml.MoMLSimpleApplication@2cd95a0d
reloadAllAccessors: .ConstraintMonitor5

===========================================================================================
----------------- testing Sat Dec 14 06:24:09 UTC 2019 /home/travis/build/icyphy/ptII/ptolemy/actor/lib/test/auto/ConstraintMonitor6.xml
----------------- Instantiating /home/travis/build/icyphy/ptII/ptolemy/actor/lib/test/auto/ConstraintMonitor6.xml
6 ms. Memory: 387072K Free: 330239K (85%)
----------------- Invoking toplevel() on ptolemy.moml.MoMLSimpleApplication@47b4d86c
----------------- Done invoking toplevel() on ptolemy.moml.MoMLSimpleApplication@47b4d86c
reloadAllAccessors: .ConstraintMonitor6

===========================================================================================
----------------- testing Sat Dec 14 06:24:09 UTC 2019 /home/travis/build/icyphy/ptII/ptolemy/actor/lib/test/auto/ConstraintMonitor7.xml
----------------- Instantiating /home/travis/build/icyphy/ptII/ptolemy/actor/lib/test/auto/ConstraintMonitor7.xml
5 ms. Memory: 387072K Free: 323551K (84%)
----------------- Invoking toplevel() on ptolemy.moml.MoMLSimpleApplication@418b6c29
----------------- Done invoking toplevel() on ptolemy.moml.MoMLSimpleApplication@418b6c29
reloadAllAccessors: .ConstraintMonitor7

===========================================================================================
----------------- testing Sat Dec 14 06:24:09 UTC 2019 /home/travis/build/icyphy/ptII/ptolemy/actor/lib/test/auto/ConstraintMonitor8.xml
----------------- Instantiating /home/travis/build/icyphy/ptII/ptolemy/actor/lib/test/auto/ConstraintMonitor8.xml
6 ms. Memory: 387072K Free: 315903K (82%)
----------------- Invoking toplevel() on ptolemy.moml.MoMLSimpleApplication@39e84ed1
----------------- Done invoking toplevel() on ptolemy.moml.MoMLSimpleApplication@39e84ed1
reloadAllAccessors: .ConstraintMonitor8

===========================================================================================
----------------- testing Sat Dec 14 06:24:09 UTC 2019 /home/travis/build/icyphy/ptII/ptolemy/actor/lib/test/auto/Counter.xml
----------------- Instantiating /home/travis/build/icyphy/ptII/ptolemy/actor/lib/test/auto/Counter.xml
2 ms. Memory: 387072K Free: 311293K (80%)
----------------- Invoking toplevel() on ptolemy.moml.MoMLSimpleApplication@29af55c
----------------- Done invoking toplevel() on ptolemy.moml.MoMLSimpleApplication@29af55c
reloadAllAccessors: .Counter

===========================================================================================
----------------- testing Sat Dec 14 06:24:09 UTC 2019 /home/travis/build/icyphy/ptII/ptolemy/actor/lib/test/auto/CurrentTimeSDF.xml
----------------- Instantiating /home/travis/build/icyphy/ptII/ptolemy/actor/lib/test/auto/CurrentTimeSDF.xml
1 ms. Memory: 387072K Free: 307197K (79%)
----------------- Invoking toplevel() on ptolemy.moml.MoMLSimpleApplication@7020ee0d
----------------- Done invoking toplevel() on ptolemy.moml.MoMLSimpleApplication@7020ee0d
reloadAllAccessors: .CurrentTimeSDF

===========================================================================================
----------------- testing Sat Dec 14 06:24:09 UTC 2019 /home/travis/build/icyphy/ptII/ptolemy/actor/lib/test/auto/DB.xml
----------------- Instantiating /home/travis/build/icyphy/ptII/ptolemy/actor/lib/test/auto/DB.xml
2 ms. Memory: 387072K Free: 302077K (78%)
----------------- Invoking toplevel() on ptolemy.moml.MoMLSimpleApplication@6b3511db
----------------- Done invoking toplevel() on ptolemy.moml.MoMLSimpleApplication@6b3511db
reloadAllAccessors: .DB

===========================================================================================
----------------- testing Sat Dec 14 06:24:09 UTC 2019 /home/travis/build/icyphy/ptII/ptolemy/actor/lib/test/auto/DBDE.xml
----------------- Instantiating /home/travis/build/icyphy/ptII/ptolemy/actor/lib/test/auto/DBDE.xml
2 ms. Memory: 387072K Free: 295919K (76%)
----------------- Invoking toplevel() on ptolemy.moml.MoMLSimpleApplication@79fb45b8
----------------- Done invoking toplevel() on ptolemy.moml.MoMLSimpleApplication@79fb45b8
reloadAllAccessors: .DBDE

===========================================================================================
----------------- testing Sat Dec 14 06:24:09 UTC 2019 /home/travis/build/icyphy/ptII/ptolemy/actor/lib/test/auto/DateConstructor.xml
----------------- Instantiating /home/travis/build/icyphy/ptII/ptolemy/actor/lib/test/auto/DateConstructor.xml
24 ms. Memory: 387072K Free: 278525K (72%)
----------------- Invoking toplevel() on ptolemy.moml.MoMLSimpleApplication@5e5a0e85
----------------- Done invoking toplevel() on ptolemy.moml.MoMLSimpleApplication@5e5a0e85
reloadAllAccessors: .DateConstructor

===========================================================================================
----------------- testing Sat Dec 14 06:24:10 UTC 2019 /home/travis/build/icyphy/ptII/ptolemy/actor/lib/test/auto/DelayTime.xml
----------------- Instantiating /home/travis/build/icyphy/ptII/ptolemy/actor/lib/test/auto/DelayTime.xml
5 ms. Memory: 387072K Free: 273405K (71%)
----------------- Invoking toplevel() on ptolemy.moml.MoMLSimpleApplication@638982e9
----------------- Done invoking toplevel() on ptolemy.moml.MoMLSimpleApplication@638982e9
reloadAllAccessors: .DelayTime

===========================================================================================
----------------- testing Sat Dec 14 06:24:10 UTC 2019 /home/travis/build/icyphy/ptII/ptolemy/actor/lib/test/auto/Dictionary1.xml
----------------- Instantiating /home/travis/build/icyphy/ptII/ptolemy/actor/lib/test/auto/Dictionary1.xml
1 ms. Memory: 387072K Free: 268285K (69%)
----------------- Invoking toplevel() on ptolemy.moml.MoMLSimpleApplication@ff6064e
----------------- Done invoking toplevel() on ptolemy.moml.MoMLSimpleApplication@ff6064e
reloadAllAccessors: .Dictionary1

===========================================================================================
----------------- testing Sat Dec 14 06:24:10 UTC 2019 /home/travis/build/icyphy/ptII/ptolemy/actor/lib/test/auto/Dictionary2.xml
----------------- Instantiating /home/travis/build/icyphy/ptII/ptolemy/actor/lib/test/auto/Dictionary2.xml
4 ms. Memory: 387072K Free: 262655K (68%)
----------------- Invoking toplevel() on ptolemy.moml.MoMLSimpleApplication@6aa1d462
----------------- Done invoking toplevel() on ptolemy.moml.MoMLSimpleApplication@6aa1d462
reloadAllAccessors: .Dictionary2

===========================================================================================
----------------- testing Sat Dec 14 06:24:10 UTC 2019 /home/travis/build/icyphy/ptII/ptolemy/actor/lib/test/auto/Dictionary3.xml
----------------- Instantiating /home/travis/build/icyphy/ptII/ptolemy/actor/lib/test/auto/Dictionary3.xml
2 ms. Memory: 387072K Free: 257021K (66%)
----------------- Invoking toplevel() on ptolemy.moml.MoMLSimpleApplication@1b0755c5
----------------- Done invoking toplevel() on ptolemy.moml.MoMLSimpleApplication@1b0755c5
reloadAllAccessors: .Dictionary3

===========================================================================================
----------------- testing Sat Dec 14 06:24:10 UTC 2019 /home/travis/build/icyphy/ptII/ptolemy/actor/lib/test/auto/Dictionary4.xml
----------------- Instantiating /home/travis/build/icyphy/ptII/ptolemy/actor/lib/test/auto/Dictionary4.xml
7 ms. Memory: 387072K Free: 250367K (65%)
----------------- Invoking toplevel() on ptolemy.moml.MoMLSimpleApplication@1e2a6e09
----------------- Done invoking toplevel() on ptolemy.moml.MoMLSimpleApplication@1e2a6e09
reloadAllAccessors: .Dictionary4

===========================================================================================
----------------- testing Sat Dec 14 06:24:10 UTC 2019 /home/travis/build/icyphy/ptII/ptolemy/actor/lib/test/auto/Differential.xml
----------------- Instantiating /home/travis/build/icyphy/ptII/ptolemy/actor/lib/test/auto/Differential.xml
2 ms. Memory: 387072K Free: 245757K (63%)
----------------- Invoking toplevel() on ptolemy.moml.MoMLSimpleApplication@7c18afc1
----------------- Done invoking toplevel() on ptolemy.moml.MoMLSimpleApplication@7c18afc1
reloadAllAccessors: .Differential

===========================================================================================
----------------- testing Sat Dec 14 06:24:10 UTC 2019 /home/travis/build/icyphy/ptII/ptolemy/actor/lib/test/auto/Director.xml
----------------- Instantiating /home/travis/build/icyphy/ptII/ptolemy/actor/lib/test/auto/Director.xml
1 ms. Memory: 387072K Free: 242175K (63%)
----------------- Invoking toplevel() on ptolemy.moml.MoMLSimpleApplication@5eb0ac02
----------------- Done invoking toplevel() on ptolemy.moml.MoMLSimpleApplication@5eb0ac02
reloadAllAccessors: .Director

===========================================================================================
----------------- testing Sat Dec 14 06:24:10 UTC 2019 /home/travis/build/icyphy/ptII/ptolemy/actor/lib/test/auto/DiscreteClock.xml
----------------- Instantiating /home/travis/build/icyphy/ptII/ptolemy/actor/lib/test/auto/DiscreteClock.xml
1 ms. Memory: 387072K Free: 238079K (62%)
----------------- Invoking toplevel() on ptolemy.moml.MoMLSimpleApplication@2acfa384
----------------- Done invoking toplevel() on ptolemy.moml.MoMLSimpleApplication@2acfa384
reloadAllAccessors: .DiscreteClock

===========================================================================================
----------------- testing Sat Dec 14 06:24:10 UTC 2019 /home/travis/build/icyphy/ptII/ptolemy/actor/lib/test/auto/DiscreteClock10.xml
----------------- Instantiating /home/travis/build/icyphy/ptII/ptolemy/actor/lib/test/auto/DiscreteClock10.xml
5 ms. Memory: 387072K Free: 232445K (60%)
----------------- Invoking toplevel() on ptolemy.moml.MoMLSimpleApplication@4e56b289
----------------- Done invoking toplevel() on ptolemy.moml.MoMLSimpleApplication@4e56b289
reloadAllAccessors: .DiscreteClock10

===========================================================================================
----------------- testing Sat Dec 14 06:24:10 UTC 2019 /home/travis/build/icyphy/ptII/ptolemy/actor/lib/test/auto/DiscreteClock11.xml
----------------- Instantiating /home/travis/build/icyphy/ptII/ptolemy/actor/lib/test/auto/DiscreteClock11.xml
2 ms. Memory: 387072K Free: 226301K (58%)
----------------- Invoking toplevel() on ptolemy.moml.MoMLSimpleApplication@7d6273c7
----------------- Done invoking toplevel() on ptolemy.moml.MoMLSimpleApplication@7d6273c7
reloadAllAccessors: .DiscreteClock11

===========================================================================================
----------------- testing Sat Dec 14 06:24:10 UTC 2019 /home/travis/build/icyphy/ptII/ptolemy/actor/lib/test/auto/DiscreteClock12.xml
----------------- Instantiating /home/travis/build/icyphy/ptII/ptolemy/actor/lib/test/auto/DiscreteClock12.xml
3 ms. Memory: 387072K Free: 220157K (57%)
----------------- Invoking toplevel() on ptolemy.moml.MoMLSimpleApplication@5c343331
----------------- Done invoking toplevel() on ptolemy.moml.MoMLSimpleApplication@5c343331
reloadAllAccessors: .DiscreteClock12

===========================================================================================
----------------- testing Sat Dec 14 06:24:10 UTC 2019 /home/travis/build/icyphy/ptII/ptolemy/actor/lib/test/auto/DiscreteClock13.xml
----------------- Instantiating /home/travis/build/icyphy/ptII/ptolemy/actor/lib/test/auto/DiscreteClock13.xml
4 ms. Memory: 387072K Free: 214527K (55%)
----------------- Invoking toplevel() on ptolemy.moml.MoMLSimpleApplication@30194dac
----------------- Done invoking toplevel() on ptolemy.moml.MoMLSimpleApplication@30194dac
reloadAllAccessors: .DiscreteClock13

===========================================================================================
----------------- testing Sat Dec 14 06:24:10 UTC 2019 /home/travis/build/icyphy/ptII/ptolemy/actor/lib/test/auto/DiscreteClock14.xml
----------------- Instantiating /home/travis/build/icyphy/ptII/ptolemy/actor/lib/test/auto/DiscreteClock14.xml
4 ms. Memory: 387072K Free: 208383K (54%)
----------------- Invoking toplevel() on ptolemy.moml.MoMLSimpleApplication@220e6704
----------------- Done invoking toplevel() on ptolemy.moml.MoMLSimpleApplication@220e6704
reloadAllAccessors: .DiscreteClock14

===========================================================================================
----------------- testing Sat Dec 14 06:24:10 UTC 2019 /home/travis/build/icyphy/ptII/ptolemy/actor/lib/test/auto/DiscreteClock15.xml
----------------- Instantiating /home/travis/build/icyphy/ptII/ptolemy/actor/lib/test/auto/DiscreteClock15.xml
4 ms. Memory: 387072K Free: 202239K (52%)
----------------- Invoking toplevel() on ptolemy.moml.MoMLSimpleApplication@672754ca
----------------- Done invoking toplevel() on ptolemy.moml.MoMLSimpleApplication@672754ca
reloadAllAccessors: .DiscreteClock15

===========================================================================================
----------------- testing Sat Dec 14 06:24:10 UTC 2019 /home/travis/build/icyphy/ptII/ptolemy/actor/lib/test/auto/DiscreteClock16.xml
----------------- Instantiating /home/travis/build/icyphy/ptII/ptolemy/actor/lib/test/auto/DiscreteClock16.xml
16 ms. Memory: 387072K Free: 188383K (49%)
----------------- Invoking toplevel() on ptolemy.moml.MoMLSimpleApplication@658aacac
----------------- Done invoking toplevel() on ptolemy.moml.MoMLSimpleApplication@658aacac
reloadAllAccessors: .DiscreteClock16

===========================================================================================
----------------- testing Sat Dec 14 06:24:10 UTC 2019 /home/travis/build/icyphy/ptII/ptolemy/actor/lib/test/auto/DiscreteClock17.xml
----------------- Instantiating /home/travis/build/icyphy/ptII/ptolemy/actor/lib/test/auto/DiscreteClock17.xml
16 ms. Memory: 387072K Free: 174063K (45%)
----------------- Invoking toplevel() on ptolemy.moml.MoMLSimpleApplication@69034409
----------------- Done invoking toplevel() on ptolemy.moml.MoMLSimpleApplication@69034409
reloadAllAccessors: .DiscreteClock17

===========================================================================================
----------------- testing Sat Dec 14 06:24:10 UTC 2019 /home/travis/build/icyphy/ptII/ptolemy/actor/lib/test/auto/DiscreteClock18.xml
----------------- Instantiating /home/travis/build/icyphy/ptII/ptolemy/actor/lib/test/auto/DiscreteClock18.xml
19 ms. Memory: 387072K Free: 160255K (41%)
----------------- Invoking toplevel() on ptolemy.moml.MoMLSimpleApplication@67114902
----------------- Done invoking toplevel() on ptolemy.moml.MoMLSimpleApplication@67114902
reloadAllAccessors: .DiscreteClock18

===========================================================================================
----------------- testing Sat Dec 14 06:24:10 UTC 2019 /home/travis/build/icyphy/ptII/ptolemy/actor/lib/test/auto/DiscreteClock19.xml
----------------- Instantiating /home/travis/build/icyphy/ptII/ptolemy/actor/lib/test/auto/DiscreteClock19.xml
18 ms. Memory: 387072K Free: 146426K (38%)
----------------- Invoking toplevel() on ptolemy.moml.MoMLSimpleApplication@6c914d78
----------------- Done invoking toplevel() on ptolemy.moml.MoMLSimpleApplication@6c914d78
reloadAllAccessors: .DiscreteClock19

===========================================================================================
----------------- testing Sat Dec 14 06:24:10 UTC 2019 /home/travis/build/icyphy/ptII/ptolemy/actor/lib/test/auto/DiscreteClock2.xml
----------------- Instantiating /home/travis/build/icyphy/ptII/ptolemy/actor/lib/test/auto/DiscreteClock2.xml
4 ms. Memory: 387072K Free: 141279K (36%)
----------------- Invoking toplevel() on ptolemy.moml.MoMLSimpleApplication@6116d9fe
----------------- Done invoking toplevel() on ptolemy.moml.MoMLSimpleApplication@6116d9fe
reloadAllAccessors: .DiscreteClock2

===========================================================================================
----------------- testing Sat Dec 14 06:24:10 UTC 2019 /home/travis/build/icyphy/ptII/ptolemy/actor/lib/test/auto/DiscreteClock20.xml
----------------- Instantiating /home/travis/build/icyphy/ptII/ptolemy/actor/lib/test/auto/DiscreteClock20.xml
6 ms. Memory: 387072K Free: 135679K (35%)
----------------- Invoking toplevel() on ptolemy.moml.MoMLSimpleApplication@3353d7dd
----------------- Done invoking toplevel() on ptolemy.moml.MoMLSimpleApplication@3353d7dd
reloadAllAccessors: .DiscreteClock20

===========================================================================================
----------------- testing Sat Dec 14 06:24:10 UTC 2019 /home/travis/build/icyphy/ptII/ptolemy/actor/lib/test/auto/DiscreteClock21.xml
----------------- Instantiating /home/travis/build/icyphy/ptII/ptolemy/actor/lib/test/auto/DiscreteClock21.xml
5 ms. Memory: 387072K Free: 130559K (34%)
----------------- Invoking toplevel() on ptolemy.moml.MoMLSimpleApplication@70f4c12f
----------------- Done invoking toplevel() on ptolemy.moml.MoMLSimpleApplication@70f4c12f
reloadAllAccessors: .DiscreteClock21

===========================================================================================
----------------- testing Sat Dec 14 06:24:10 UTC 2019 /home/travis/build/icyphy/ptII/ptolemy/actor/lib/test/auto/DiscreteClock22.xml
----------------- Instantiating /home/travis/build/icyphy/ptII/ptolemy/actor/lib/test/auto/DiscreteClock22.xml
5 ms. Memory: 387072K Free: 124925K (32%)
----------------- Invoking toplevel() on ptolemy.moml.MoMLSimpleApplication@535b38b0
----------------- Done invoking toplevel() on ptolemy.moml.MoMLSimpleApplication@535b38b0
reloadAllAccessors: .DiscreteClock22

===========================================================================================
----------------- testing Sat Dec 14 06:24:10 UTC 2019 /home/travis/build/icyphy/ptII/ptolemy/actor/lib/test/auto/DiscreteClock23.xml
----------------- Instantiating /home/travis/build/icyphy/ptII/ptolemy/actor/lib/test/auto/DiscreteClock23.xml
9 ms. Memory: 387072K Free: 337205K (87%)
----------------- Invoking toplevel() on ptolemy.moml.MoMLSimpleApplication@55e736f
----------------- Done invoking toplevel() on ptolemy.moml.MoMLSimpleApplication@55e736f
reloadAllAccessors: .DiscreteClock23

===========================================================================================
----------------- testing Sat Dec 14 06:24:10 UTC 2019 /home/travis/build/icyphy/ptII/ptolemy/actor/lib/test/auto/DiscreteClock24.xml
----------------- Instantiating /home/travis/build/icyphy/ptII/ptolemy/actor/lib/test/auto/DiscreteClock24.xml
7 ms. Memory: 387072K Free: 331571K (86%)
----------------- Invoking toplevel() on ptolemy.moml.MoMLSimpleApplication@70a9b099
----------------- Done invoking toplevel() on ptolemy.moml.MoMLSimpleApplication@70a9b099
reloadAllAccessors: .DiscreteClock24

===========================================================================================
----------------- testing Sat Dec 14 06:24:10 UTC 2019 /home/travis/build/icyphy/ptII/ptolemy/actor/lib/test/auto/DiscreteClock4.xml
----------------- Instantiating /home/travis/build/icyphy/ptII/ptolemy/actor/lib/test/auto/DiscreteClock4.xml
4 ms. Memory: 387072K Free: 325941K (84%)
----------------- Invoking toplevel() on ptolemy.moml.MoMLSimpleApplication@65c58e6a
----------------- Done invoking toplevel() on ptolemy.moml.MoMLSimpleApplication@65c58e6a
reloadAllAccessors: .DiscreteClock4

===========================================================================================
----------------- testing Sat Dec 14 06:24:10 UTC 2019 /home/travis/build/icyphy/ptII/ptolemy/actor/lib/test/auto/DiscreteClock5.xml
----------------- Instantiating /home/travis/build/icyphy/ptII/ptolemy/actor/lib/test/auto/DiscreteClock5.xml
2 ms. Memory: 387072K Free: 320301K (83%)
----------------- Invoking toplevel() on ptolemy.moml.MoMLSimpleApplication@debbcbe
----------------- Done invoking toplevel() on ptolemy.moml.MoMLSimpleApplication@debbcbe
reloadAllAccessors: .DiscreteClock5

===========================================================================================
----------------- testing Sat Dec 14 06:24:10 UTC 2019 /home/travis/build/icyphy/ptII/ptolemy/actor/lib/test/auto/DiscreteClock6.xml
----------------- Instantiating /home/travis/build/icyphy/ptII/ptolemy/actor/lib/test/auto/DiscreteClock6.xml
1 ms. Memory: 387072K Free: 315701K (82%)
----------------- Invoking toplevel() on ptolemy.moml.MoMLSimpleApplication@752e8642
----------------- Done invoking toplevel() on ptolemy.moml.MoMLSimpleApplication@752e8642
reloadAllAccessors: .DiscreteClock6

===========================================================================================
----------------- testing Sat Dec 14 06:24:10 UTC 2019 /home/travis/build/icyphy/ptII/ptolemy/actor/lib/test/auto/DiscreteClock7.xml
----------------- Instantiating /home/travis/build/icyphy/ptII/ptolemy/actor/lib/test/auto/DiscreteClock7.xml
2 ms. Memory: 387072K Free: 311603K (81%)
----------------- Invoking toplevel() on ptolemy.moml.MoMLSimpleApplication@58897940
----------------- Done invoking toplevel() on ptolemy.moml.MoMLSimpleApplication@58897940
reloadAllAccessors: .DiscreteClock7

===========================================================================================
----------------- testing Sat Dec 14 06:24:10 UTC 2019 /home/travis/build/icyphy/ptII/ptolemy/actor/lib/test/auto/DiscreteClock8.xml
----------------- Instantiating /home/travis/build/icyphy/ptII/ptolemy/actor/lib/test/auto/DiscreteClock8.xml
4 ms. Memory: 387072K Free: 305461K (79%)
----------------- Invoking toplevel() on ptolemy.moml.MoMLSimpleApplication@627c2255
----------------- Done invoking toplevel() on ptolemy.moml.MoMLSimpleApplication@627c2255
reloadAllAccessors: .DiscreteClock8

===========================================================================================
----------------- testing Sat Dec 14 06:24:10 UTC 2019 /home/travis/build/icyphy/ptII/ptolemy/actor/lib/test/auto/DiscreteClock9.xml
----------------- Instantiating /home/travis/build/icyphy/ptII/ptolemy/actor/lib/test/auto/DiscreteClock9.xml
4 ms. Memory: 387072K Free: 299317K (77%)
----------------- Invoking toplevel() on ptolemy.moml.MoMLSimpleApplication@35ac2e18
----------------- Done invoking toplevel() on ptolemy.moml.MoMLSimpleApplication@35ac2e18
reloadAllAccessors: .DiscreteClock9

===========================================================================================
----------------- testing Sat Dec 14 06:24:10 UTC 2019 /home/travis/build/icyphy/ptII/ptolemy/actor/lib/test/auto/DisplayArray.xml
----------------- Instantiating /home/travis/build/icyphy/ptII/ptolemy/actor/lib/test/auto/DisplayArray.xml
1 ms. Memory: 387072K Free: 295731K (76%)
----------------- Invoking toplevel() on ptolemy.moml.MoMLSimpleApplication@2d42ecd8
----------------- Done invoking toplevel() on ptolemy.moml.MoMLSimpleApplication@2d42ecd8
reloadAllAccessors: .DisplayArray

===========================================================================================
----------------- testing Sat Dec 14 06:24:10 UTC 2019 /home/travis/build/icyphy/ptII/ptolemy/actor/lib/test/auto/Distributor.xml
----------------- Instantiating /home/travis/build/icyphy/ptII/ptolemy/actor/lib/test/auto/Distributor.xml
1 ms. Memory: 387072K Free: 291125K (75%)
----------------- Invoking toplevel() on ptolemy.moml.MoMLSimpleApplication@4feecef1
----------------- Done invoking toplevel() on ptolemy.moml.MoMLSimpleApplication@4feecef1
reloadAllAccessors: .Distributor

===========================================================================================
----------------- testing Sat Dec 14 06:24:10 UTC 2019 /home/travis/build/icyphy/ptII/ptolemy/actor/lib/test/auto/Distributor2.xml
----------------- Instantiating /home/travis/build/icyphy/ptII/ptolemy/actor/lib/test/auto/Distributor2.xml
1 ms. Memory: 387072K Free: 286005K (74%)
----------------- Invoking toplevel() on ptolemy.moml.MoMLSimpleApplication@15c37734
----------------- Done invoking toplevel() on ptolemy.moml.MoMLSimpleApplication@15c37734
reloadAllAccessors: .Distributor2

===========================================================================================
----------------- testing Sat Dec 14 06:24:10 UTC 2019 /home/travis/build/icyphy/ptII/ptolemy/actor/lib/test/auto/DownSample.xml
----------------- Instantiating /home/travis/build/icyphy/ptII/ptolemy/actor/lib/test/auto/DownSample.xml
1 ms. Memory: 387072K Free: 281395K (73%)
----------------- Invoking toplevel() on ptolemy.moml.MoMLSimpleApplication@2cdbf238
----------------- Done invoking toplevel() on ptolemy.moml.MoMLSimpleApplication@2cdbf238
reloadAllAccessors: .DownSample

===========================================================================================
----------------- testing Sat Dec 14 06:24:10 UTC 2019 /home/travis/build/icyphy/ptII/ptolemy/actor/lib/test/auto/ElectronicUnitBase1.xml
----------------- Instantiating /home/travis/build/icyphy/ptII/ptolemy/actor/lib/test/auto/ElectronicUnitBase1.xml
17 ms. Memory: 387072K Free: 265525K (69%)
----------------- Invoking toplevel() on ptolemy.moml.MoMLSimpleApplication@78156743
----------------- Done invoking toplevel() on ptolemy.moml.MoMLSimpleApplication@78156743
reloadAllAccessors: .ElectronicUnitBase1

===========================================================================================
----------------- testing Sat Dec 14 06:24:10 UTC 2019 /home/travis/build/icyphy/ptII/ptolemy/actor/lib/test/auto/ElementsToArray.xml
----------------- Instantiating /home/travis/build/icyphy/ptII/ptolemy/actor/lib/test/auto/ElementsToArray.xml
2 ms. Memory: 387072K Free: 260405K (67%)
----------------- Invoking toplevel() on ptolemy.moml.MoMLSimpleApplication@372dac2c
----------------- Done invoking toplevel() on ptolemy.moml.MoMLSimpleApplication@372dac2c
reloadAllAccessors: .ElementsToArray

===========================================================================================
----------------- testing Sat Dec 14 06:24:10 UTC 2019 /home/travis/build/icyphy/ptII/ptolemy/actor/lib/test/auto/Equals.xml
----------------- Instantiating /home/travis/build/icyphy/ptII/ptolemy/actor/lib/test/auto/Equals.xml
3 ms. Memory: 387072K Free: 255795K (66%)
----------------- Invoking toplevel() on ptolemy.moml.MoMLSimpleApplication@5d5c5f6a
----------------- Done invoking toplevel() on ptolemy.moml.MoMLSimpleApplication@5d5c5f6a
reloadAllAccessors: .Equals

===========================================================================================
----------------- testing Sat Dec 14 06:24:10 UTC 2019 /home/travis/build/icyphy/ptII/ptolemy/actor/lib/test/auto/Exec.xml
----------------- Instantiating /home/travis/build/icyphy/ptII/ptolemy/actor/lib/test/auto/Exec.xml
16 ms. Memory: 387072K Free: 250675K (65%)
----------------- Invoking toplevel() on ptolemy.moml.MoMLSimpleApplication@772b4cb
----------------- Done invoking toplevel() on ptolemy.moml.MoMLSimpleApplication@772b4cb
reloadAllAccessors: .Exec

===========================================================================================
----------------- testing Sat Dec 14 06:24:10 UTC 2019 /home/travis/build/icyphy/ptII/ptolemy/actor/lib/test/auto/ExecEnvironment.xml
----------------- Instantiating /home/travis/build/icyphy/ptII/ptolemy/actor/lib/test/auto/ExecEnvironment.xml
24 ms. Memory: 387072K Free: 245045K (63%)
----------------- Invoking toplevel() on ptolemy.moml.MoMLSimpleApplication@20f626fe
----------------- Done invoking toplevel() on ptolemy.moml.MoMLSimpleApplication@20f626fe
reloadAllAccessors: .ExecEnvironment

===========================================================================================
----------------- testing Sat Dec 14 06:24:10 UTC 2019 /home/travis/build/icyphy/ptII/ptolemy/actor/lib/test/auto/ExecNonZeroReturnOutput.xml
----------------- Instantiating /home/travis/build/icyphy/ptII/ptolemy/actor/lib/test/auto/ExecNonZeroReturnOutput.xml
160 ms. Memory: 387072K Free: 233267K (60%)
----------------- Invoking toplevel() on ptolemy.moml.MoMLSimpleApplication@4be86e1a
----------------- Done invoking toplevel() on ptolemy.moml.MoMLSimpleApplication@4be86e1a
reloadAllAccessors: .ExecNonZeroReturnOutput

===========================================================================================
----------------- testing Sat Dec 14 06:24:11 UTC 2019 /home/travis/build/icyphy/ptII/ptolemy/actor/lib/test/auto/ExecRunDemos.xml
----------------- Instantiating /home/travis/build/icyphy/ptII/ptolemy/actor/lib/test/auto/ExecRunDemos.xml
Finished: 89 ms. Memory: 129024K Free: 113387K (88%)

Finished: 106 ms. Memory: 129024K Free: 110647K (86%)

Finished: 80 ms. Memory: 129024K Free: 110641K (86%)

Finished: 85 ms. Memory: 129024K Free: 112165K (87%)

Finished: 96 ms. Memory: 129024K Free: 112925K (88%)

10219 ms. Memory: 387072K Free: 212275K (55%)
----------------- Invoking toplevel() on ptolemy.moml.MoMLSimpleApplication@56b2a250
----------------- Done invoking toplevel() on ptolemy.moml.MoMLSimpleApplication@56b2a250
reloadAllAccessors: .ExecRunDemos

===========================================================================================
----------------- testing Sat Dec 14 06:24:21 UTC 2019 /home/travis/build/icyphy/ptII/ptolemy/actor/lib/test/auto/ExecStop.xml
----------------- Instantiating /home/travis/build/icyphy/ptII/ptolemy/actor/lib/test/auto/ExecStop.xml
5020 ms. Memory: 387072K Free: 313985K (81%)
----------------- Invoking toplevel() on ptolemy.moml.MoMLSimpleApplication@59405662
----------------- Done invoking toplevel() on ptolemy.moml.MoMLSimpleApplication@59405662
reloadAllAccessors: .ExecStop

===========================================================================================
----------------- testing Sat Dec 14 06:24:26 UTC 2019 /home/travis/build/icyphy/ptII/ptolemy/actor/lib/test/auto/ExecutionTimeSDF.xml
----------------- Instantiating /home/travis/build/icyphy/ptII/ptolemy/actor/lib/test/auto/ExecutionTimeSDF.xml
Fired ExecutionTime: -306967296
Fired ExecutionTime: 1341600000
Fired ExecutionTime: 1355600000
6008 ms. Memory: 387072K Free: 301169K (78%)
----------------- Invoking toplevel() on ptolemy.moml.MoMLSimpleApplication@58a0103b
----------------- Done invoking toplevel() on ptolemy.moml.MoMLSimpleApplication@58a0103b
reloadAllAccessors: .ExecutionTimeSDF

===========================================================================================
----------------- testing Sat Dec 14 06:24:32 UTC 2019 /home/travis/build/icyphy/ptII/ptolemy/actor/lib/test/auto/Expression1.xml
----------------- Instantiating /home/travis/build/icyphy/ptII/ptolemy/actor/lib/test/auto/Expression1.xml
1 ms. Memory: 387072K Free: 298111K (77%)
----------------- Invoking toplevel() on ptolemy.moml.MoMLSimpleApplication@ac3cdc9
----------------- Done invoking toplevel() on ptolemy.moml.MoMLSimpleApplication@ac3cdc9
reloadAllAccessors: .Expression1

===========================================================================================
----------------- testing Sat Dec 14 06:24:32 UTC 2019 /home/travis/build/icyphy/ptII/ptolemy/actor/lib/test/auto/Expression10.xml
----------------- Instantiating /home/travis/build/icyphy/ptII/ptolemy/actor/lib/test/auto/Expression10.xml
5 ms. Memory: 387072K Free: 292481K (76%)
----------------- Invoking toplevel() on ptolemy.moml.MoMLSimpleApplication@1614018e
----------------- Done invoking toplevel() on ptolemy.moml.MoMLSimpleApplication@1614018e
reloadAllAccessors: .Expression10

===========================================================================================
----------------- testing Sat Dec 14 06:24:32 UTC 2019 /home/travis/build/icyphy/ptII/ptolemy/actor/lib/test/auto/Expression11.xml
----------------- Instantiating /home/travis/build/icyphy/ptII/ptolemy/actor/lib/test/auto/Expression11.xml
1 ms. Memory: 387072K Free: 287871K (74%)
----------------- Invoking toplevel() on ptolemy.moml.MoMLSimpleApplication@6df48bf8
----------------- Done invoking toplevel() on ptolemy.moml.MoMLSimpleApplication@6df48bf8
reloadAllAccessors: .Expression11

===========================================================================================
----------------- testing Sat Dec 14 06:24:32 UTC 2019 /home/travis/build/icyphy/ptII/ptolemy/actor/lib/test/auto/Expression12.xml
----------------- Instantiating /home/travis/build/icyphy/ptII/ptolemy/actor/lib/test/auto/Expression12.xml
3 ms. Memory: 387072K Free: 282751K (73%)
----------------- Invoking toplevel() on ptolemy.moml.MoMLSimpleApplication@54a4fde8
----------------- Done invoking toplevel() on ptolemy.moml.MoMLSimpleApplication@54a4fde8
reloadAllAccessors: .Expression12

===========================================================================================
----------------- testing Sat Dec 14 06:24:32 UTC 2019 /home/travis/build/icyphy/ptII/ptolemy/actor/lib/test/auto/Expression13.xml
----------------- Instantiating /home/travis/build/icyphy/ptII/ptolemy/actor/lib/test/auto/Expression13.xml
5 ms. Memory: 387072K Free: 277631K (72%)
----------------- Invoking toplevel() on ptolemy.moml.MoMLSimpleApplication@25255ea8
----------------- Done invoking toplevel() on ptolemy.moml.MoMLSimpleApplication@25255ea8
reloadAllAccessors: .Expression13

===========================================================================================
----------------- testing Sat Dec 14 06:24:32 UTC 2019 /home/travis/build/icyphy/ptII/ptolemy/actor/lib/test/auto/Expression14.xml
----------------- Instantiating /home/travis/build/icyphy/ptII/ptolemy/actor/lib/test/auto/Expression14.xml
7 ms. Memory: 387072K Free: 272001K (70%)
----------------- Invoking toplevel() on ptolemy.moml.MoMLSimpleApplication@116887c3
----------------- Done invoking toplevel() on ptolemy.moml.MoMLSimpleApplication@116887c3
reloadAllAccessors: .Expression14

===========================================================================================
----------------- testing Sat Dec 14 06:24:32 UTC 2019 /home/travis/build/icyphy/ptII/ptolemy/actor/lib/test/auto/Expression15.xml
----------------- Instantiating /home/travis/build/icyphy/ptII/ptolemy/actor/lib/test/auto/Expression15.xml
2 ms. Memory: 387072K Free: 267905K (69%)
----------------- Invoking toplevel() on ptolemy.moml.MoMLSimpleApplication@448392f7
----------------- Done invoking toplevel() on ptolemy.moml.MoMLSimpleApplication@448392f7
reloadAllAccessors: .Expression15

===========================================================================================
----------------- testing Sat Dec 14 06:24:32 UTC 2019 /home/travis/build/icyphy/ptII/ptolemy/actor/lib/test/auto/Expression16.xml
----------------- Instantiating /home/travis/build/icyphy/ptII/ptolemy/actor/lib/test/auto/Expression16.xml
5 ms. Memory: 387072K Free: 262785K (68%)
----------------- Invoking toplevel() on ptolemy.moml.MoMLSimpleApplication@20d7d540
----------------- Done invoking toplevel() on ptolemy.moml.MoMLSimpleApplication@20d7d540
reloadAllAccessors: .Expression16

===========================================================================================
----------------- testing Sat Dec 14 06:24:32 UTC 2019 /home/travis/build/icyphy/ptII/ptolemy/actor/lib/test/auto/Expression17.xml
----------------- Instantiating /home/travis/build/icyphy/ptII/ptolemy/actor/lib/test/auto/Expression17.xml
3 ms. Memory: 387072K Free: 258175K (67%)
----------------- Invoking toplevel() on ptolemy.moml.MoMLSimpleApplication@4201161f
----------------- Done invoking toplevel() on ptolemy.moml.MoMLSimpleApplication@4201161f
reloadAllAccessors: .Expression17

===========================================================================================
----------------- testing Sat Dec 14 06:24:32 UTC 2019 /home/travis/build/icyphy/ptII/ptolemy/actor/lib/test/auto/Expression18.xml
----------------- Instantiating /home/travis/build/icyphy/ptII/ptolemy/actor/lib/test/auto/Expression18.xml
5 ms. Memory: 387072K Free: 253055K (65%)
----------------- Invoking toplevel() on ptolemy.moml.MoMLSimpleApplication@1591d466
----------------- Done invoking toplevel() on ptolemy.moml.MoMLSimpleApplication@1591d466
reloadAllAccessors: .Expression18

===========================================================================================
----------------- testing Sat Dec 14 06:24:32 UTC 2019 /home/travis/build/icyphy/ptII/ptolemy/actor/lib/test/auto/Expression2.xml
----------------- Instantiating /home/travis/build/icyphy/ptII/ptolemy/actor/lib/test/auto/Expression2.xml
3 ms. Memory: 387072K Free: 247935K (64%)
----------------- Invoking toplevel() on ptolemy.moml.MoMLSimpleApplication@1635d85f
----------------- Done invoking toplevel() on ptolemy.moml.MoMLSimpleApplication@1635d85f
reloadAllAccessors: .Expression2

===========================================================================================
----------------- testing Sat Dec 14 06:24:32 UTC 2019 /home/travis/build/icyphy/ptII/ptolemy/actor/lib/test/auto/Expression3.xml
----------------- Instantiating /home/travis/build/icyphy/ptII/ptolemy/actor/lib/test/auto/Expression3.xml
6 ms. Memory: 387072K Free: 242815K (63%)
----------------- Invoking toplevel() on ptolemy.moml.MoMLSimpleApplication@31949585
----------------- Done invoking toplevel() on ptolemy.moml.MoMLSimpleApplication@31949585
reloadAllAccessors: .Expression3

===========================================================================================
----------------- testing Sat Dec 14 06:24:32 UTC 2019 /home/travis/build/icyphy/ptII/ptolemy/actor/lib/test/auto/Expression4.xml
----------------- Instantiating /home/travis/build/icyphy/ptII/ptolemy/actor/lib/test/auto/Expression4.xml
7 ms. Memory: 387072K Free: 235137K (61%)
----------------- Invoking toplevel() on ptolemy.moml.MoMLSimpleApplication@3b5f9011
----------------- Done invoking toplevel() on ptolemy.moml.MoMLSimpleApplication@3b5f9011
reloadAllAccessors: .Expression4

===========================================================================================
----------------- testing Sat Dec 14 06:24:32 UTC 2019 /home/travis/build/icyphy/ptII/ptolemy/actor/lib/test/auto/Expression5.xml
----------------- Instantiating /home/travis/build/icyphy/ptII/ptolemy/actor/lib/test/auto/Expression5.xml
4 ms. Memory: 387072K Free: 230527K (60%)
----------------- Invoking toplevel() on ptolemy.moml.MoMLSimpleApplication@10433841
----------------- Done invoking toplevel() on ptolemy.moml.MoMLSimpleApplication@10433841
reloadAllAccessors: .Expression5

===========================================================================================
----------------- testing Sat Dec 14 06:24:32 UTC 2019 /home/travis/build/icyphy/ptII/ptolemy/actor/lib/test/auto/Expression6.xml
----------------- Instantiating /home/travis/build/icyphy/ptII/ptolemy/actor/lib/test/auto/Expression6.xml
2 ms. Memory: 387072K Free: 225921K (58%)
----------------- Invoking toplevel() on ptolemy.moml.MoMLSimpleApplication@799f31cb
----------------- Done invoking toplevel() on ptolemy.moml.MoMLSimpleApplication@799f31cb
reloadAllAccessors: .Expression6

===========================================================================================
----------------- testing Sat Dec 14 06:24:32 UTC 2019 /home/travis/build/icyphy/ptII/ptolemy/actor/lib/test/auto/Expression7.xml
----------------- Instantiating /home/travis/build/icyphy/ptII/ptolemy/actor/lib/test/auto/Expression7.xml
2 ms. Memory: 387072K Free: 221311K (57%)
----------------- Invoking toplevel() on ptolemy.moml.MoMLSimpleApplication@14180fd2
----------------- Done invoking toplevel() on ptolemy.moml.MoMLSimpleApplication@14180fd2
reloadAllAccessors: .Expression7

===========================================================================================
----------------- testing Sat Dec 14 06:24:32 UTC 2019 /home/travis/build/icyphy/ptII/ptolemy/actor/lib/test/auto/Expression8.xml
----------------- Instantiating /home/travis/build/icyphy/ptII/ptolemy/actor/lib/test/auto/Expression8.xml
9 ms. Memory: 387072K Free: 216191K (56%)
----------------- Invoking toplevel() on ptolemy.moml.MoMLSimpleApplication@6b3837ce
----------------- Done invoking toplevel() on ptolemy.moml.MoMLSimpleApplication@6b3837ce
reloadAllAccessors: .Expression8

===========================================================================================
----------------- testing Sat Dec 14 06:24:32 UTC 2019 /home/travis/build/icyphy/ptII/ptolemy/actor/lib/test/auto/Expression9.xml
----------------- Instantiating /home/travis/build/icyphy/ptII/ptolemy/actor/lib/test/auto/Expression9.xml
2 ms. Memory: 387072K Free: 212095K (55%)
----------------- Invoking toplevel() on ptolemy.moml.MoMLSimpleApplication@11c1d8b8
----------------- Done invoking toplevel() on ptolemy.moml.MoMLSimpleApplication@11c1d8b8
reloadAllAccessors: .Expression9

===========================================================================================
----------------- testing Sat Dec 14 06:24:32 UTC 2019 /home/travis/build/icyphy/ptII/ptolemy/actor/lib/test/auto/ExpressionConcatenateArrayType.xml
----------------- Instantiating /home/travis/build/icyphy/ptII/ptolemy/actor/lib/test/auto/ExpressionConcatenateArrayType.xml
4 ms. Memory: 387072K Free: 205951K (53%)
----------------- Invoking toplevel() on ptolemy.moml.MoMLSimpleApplication@30611def
----------------- Done invoking toplevel() on ptolemy.moml.MoMLSimpleApplication@30611def
reloadAllAccessors: .ExpressionConcatenateArrayType

===========================================================================================
----------------- testing Sat Dec 14 06:24:32 UTC 2019 /home/travis/build/icyphy/ptII/ptolemy/actor/lib/test/auto/ExpressionConcatenateArrayType2.xml
----------------- Instantiating /home/travis/build/icyphy/ptII/ptolemy/actor/lib/test/auto/ExpressionConcatenateArrayType2.xml
6 ms. Memory: 387072K Free: 200321K (52%)
----------------- Invoking toplevel() on ptolemy.moml.MoMLSimpleApplication@2de337e1
----------------- Done invoking toplevel() on ptolemy.moml.MoMLSimpleApplication@2de337e1
reloadAllAccessors: .ExpressionConcatenateArrayType2

===========================================================================================
----------------- testing Sat Dec 14 06:24:32 UTC 2019 /home/travis/build/icyphy/ptII/ptolemy/actor/lib/test/auto/ExpressionFix.xml
----------------- Instantiating /home/travis/build/icyphy/ptII/ptolemy/actor/lib/test/auto/ExpressionFix.xml
22 ms. Memory: 387072K Free: 194177K (50%)
----------------- Invoking toplevel() on ptolemy.moml.MoMLSimpleApplication@6aca309e
----------------- Done invoking toplevel() on ptolemy.moml.MoMLSimpleApplication@6aca309e
reloadAllAccessors: .ExpressionFix

===========================================================================================
----------------- testing Sat Dec 14 06:24:32 UTC 2019 /home/travis/build/icyphy/ptII/ptolemy/actor/lib/test/auto/ExpressionFix2.xml
----------------- Instantiating /home/travis/build/icyphy/ptII/ptolemy/actor/lib/test/auto/ExpressionFix2.xml
3 ms. Memory: 387072K Free: 190081K (49%)
----------------- Invoking toplevel() on ptolemy.moml.MoMLSimpleApplication@27d650e5
----------------- Done invoking toplevel() on ptolemy.moml.MoMLSimpleApplication@27d650e5
reloadAllAccessors: .ExpressionFix2

===========================================================================================
----------------- testing Sat Dec 14 06:24:32 UTC 2019 /home/travis/build/icyphy/ptII/ptolemy/actor/lib/test/auto/ExpressionFix3.xml
----------------- Instantiating /home/travis/build/icyphy/ptII/ptolemy/actor/lib/test/auto/ExpressionFix3.xml
3 ms. Memory: 387072K Free: 185471K (48%)
----------------- Invoking toplevel() on ptolemy.moml.MoMLSimpleApplication@476ef411
----------------- Done invoking toplevel() on ptolemy.moml.MoMLSimpleApplication@476ef411
reloadAllAccessors: .ExpressionFix3

===========================================================================================
----------------- testing Sat Dec 14 06:24:33 UTC 2019 /home/travis/build/icyphy/ptII/ptolemy/actor/lib/test/auto/FileWriter1.xml
----------------- Instantiating /home/travis/build/icyphy/ptII/ptolemy/actor/lib/test/auto/FileWriter1.xml
2 ms. Memory: 387072K Free: 181889K (47%)
----------------- Invoking toplevel() on ptolemy.moml.MoMLSimpleApplication@26e1c1bc
----------------- Done invoking toplevel() on ptolemy.moml.MoMLSimpleApplication@26e1c1bc
reloadAllAccessors: .FileWriter1

===========================================================================================
----------------- testing Sat Dec 14 06:24:33 UTC 2019 /home/travis/build/icyphy/ptII/ptolemy/actor/lib/test/auto/FileWriter2.xml
----------------- Instantiating /home/travis/build/icyphy/ptII/ptolemy/actor/lib/test/auto/FileWriter2.xml
3 ms. Memory: 387072K Free: 177279K (46%)
----------------- Invoking toplevel() on ptolemy.moml.MoMLSimpleApplication@292a355d
----------------- Done invoking toplevel() on ptolemy.moml.MoMLSimpleApplication@292a355d
reloadAllAccessors: .FileWriter2

===========================================================================================
----------------- testing Sat Dec 14 06:24:33 UTC 2019 /home/travis/build/icyphy/ptII/ptolemy/actor/lib/test/auto/FileWriter3.xml
----------------- Instantiating /home/travis/build/icyphy/ptII/ptolemy/actor/lib/test/auto/FileWriter3.xml
4 ms. Memory: 387072K Free: 173183K (45%)
----------------- Invoking toplevel() on ptolemy.moml.MoMLSimpleApplication@12f8a4b
----------------- Done invoking toplevel() on ptolemy.moml.MoMLSimpleApplication@12f8a4b
reloadAllAccessors: .FileWriter3

===========================================================================================
----------------- testing Sat Dec 14 06:24:33 UTC 2019 /home/travis/build/icyphy/ptII/ptolemy/actor/lib/test/auto/Gaussian.xml
----------------- Instantiating /home/travis/build/icyphy/ptII/ptolemy/actor/lib/test/auto/Gaussian.xml
2 ms. Memory: 387072K Free: 169087K (44%)
----------------- Invoking toplevel() on ptolemy.moml.MoMLSimpleApplication@bf4d65e
----------------- Done invoking toplevel() on ptolemy.moml.MoMLSimpleApplication@bf4d65e
reloadAllAccessors: .Gaussian

===========================================================================================
----------------- testing Sat Dec 14 06:24:33 UTC 2019 /home/travis/build/icyphy/ptII/ptolemy/actor/lib/test/auto/Gaussian1.xml
----------------- Instantiating /home/travis/build/icyphy/ptII/ptolemy/actor/lib/test/auto/Gaussian1.xml
1 ms. Memory: 387072K Free: 163457K (42%)
----------------- Invoking toplevel() on ptolemy.moml.MoMLSimpleApplication@7629a0f
----------------- Done invoking toplevel() on ptolemy.moml.MoMLSimpleApplication@7629a0f
reloadAllAccessors: .Gaussian1

===========================================================================================
----------------- testing Sat Dec 14 06:24:33 UTC 2019 /home/travis/build/icyphy/ptII/ptolemy/actor/lib/test/auto/Gaussian2.xml
----------------- Instantiating /home/travis/build/icyphy/ptII/ptolemy/actor/lib/test/auto/Gaussian2.xml
9 ms. Memory: 387072K Free: 157793K (41%)
----------------- Invoking toplevel() on ptolemy.moml.MoMLSimpleApplication@43dfe019
----------------- Done invoking toplevel() on ptolemy.moml.MoMLSimpleApplication@43dfe019
reloadAllAccessors: .Gaussian2

===========================================================================================
----------------- testing Sat Dec 14 06:24:33 UTC 2019 /home/travis/build/icyphy/ptII/ptolemy/actor/lib/test/auto/GradientAdaptiveLattice.xml
----------------- Instantiating /home/travis/build/icyphy/ptII/ptolemy/actor/lib/test/auto/GradientAdaptiveLattice.xml
4 ms. Memory: 387072K Free: 153217K (40%)
----------------- Invoking toplevel() on ptolemy.moml.MoMLSimpleApplication@2fddc33d
----------------- Done invoking toplevel() on ptolemy.moml.MoMLSimpleApplication@2fddc33d
reloadAllAccessors: .GradientAdaptiveLattice

===========================================================================================
----------------- testing Sat Dec 14 06:24:33 UTC 2019 /home/travis/build/icyphy/ptII/ptolemy/actor/lib/test/auto/IIR.xml
----------------- Instantiating /home/travis/build/icyphy/ptII/ptolemy/actor/lib/test/auto/IIR.xml
2 ms. Memory: 387072K Free: 148607K (38%)
----------------- Invoking toplevel() on ptolemy.moml.MoMLSimpleApplication@3d371af1
----------------- Done invoking toplevel() on ptolemy.moml.MoMLSimpleApplication@3d371af1
reloadAllAccessors: .IIR

===========================================================================================
----------------- testing Sat Dec 14 06:24:33 UTC 2019 /home/travis/build/icyphy/ptII/ptolemy/actor/lib/test/auto/InputOutputTransparentPorts.xml
----------------- Instantiating /home/travis/build/icyphy/ptII/ptolemy/actor/lib/test/auto/InputOutputTransparentPorts.xml
1 ms. Memory: 387072K Free: 141439K (37%)
----------------- Invoking toplevel() on ptolemy.moml.MoMLSimpleApplication@197743fc
----------------- Done invoking toplevel() on ptolemy.moml.MoMLSimpleApplication@197743fc
reloadAllAccessors: .InputOutputTransparentPorts

===========================================================================================
----------------- testing Sat Dec 14 06:24:33 UTC 2019 /home/travis/build/icyphy/ptII/ptolemy/actor/lib/test/auto/Interpolator.xml
----------------- Instantiating /home/travis/build/icyphy/ptII/ptolemy/actor/lib/test/auto/Interpolator.xml
4 ms. Memory: 387072K Free: 137855K (36%)
----------------- Invoking toplevel() on ptolemy.moml.MoMLSimpleApplication@5da1672d
----------------- Done invoking toplevel() on ptolemy.moml.MoMLSimpleApplication@5da1672d
reloadAllAccessors: .Interpolator

===========================================================================================
----------------- testing Sat Dec 14 06:24:33 UTC 2019 /home/travis/build/icyphy/ptII/ptolemy/actor/lib/test/auto/InterpolatorFiringLimitDE.xml
----------------- Instantiating /home/travis/build/icyphy/ptII/ptolemy/actor/lib/test/auto/InterpolatorFiringLimitDE.xml
2 ms. Memory: 387072K Free: 131199K (34%)
----------------- Invoking toplevel() on ptolemy.moml.MoMLSimpleApplication@570a8434
----------------- Done invoking toplevel() on ptolemy.moml.MoMLSimpleApplication@570a8434
reloadAllAccessors: .InterpolatorFiringLimitDE

===========================================================================================
----------------- testing Sat Dec 14 06:24:33 UTC 2019 /home/travis/build/icyphy/ptII/ptolemy/actor/lib/test/auto/Lattice.xml
----------------- Instantiating /home/travis/build/icyphy/ptII/ptolemy/actor/lib/test/auto/Lattice.xml
1 ms. Memory: 387072K Free: 127103K (33%)
----------------- Invoking toplevel() on ptolemy.moml.MoMLSimpleApplication@1c2a0094
----------------- Done invoking toplevel() on ptolemy.moml.MoMLSimpleApplication@1c2a0094
reloadAllAccessors: .Lattice

===========================================================================================
----------------- testing Sat Dec 14 06:24:33 UTC 2019 /home/travis/build/icyphy/ptII/ptolemy/actor/lib/test/auto/LazyAOCTestLazy.xml
----------------- Instantiating /home/travis/build/icyphy/ptII/ptolemy/actor/lib/test/auto/LazyAOCTestLazy.xml
7 ms. Memory: 387072K Free: 121473K (31%)
----------------- Invoking toplevel() on ptolemy.moml.MoMLSimpleApplication@6a53d28b
----------------- Done invoking toplevel() on ptolemy.moml.MoMLSimpleApplication@6a53d28b
reloadAllAccessors: .LazyAOCTestLazy

===========================================================================================
----------------- testing Sat Dec 14 06:24:33 UTC 2019 /home/travis/build/icyphy/ptII/ptolemy/actor/lib/test/auto/LazyAOCTestNonLazy.xml
----------------- Instantiating /home/travis/build/icyphy/ptII/ptolemy/actor/lib/test/auto/LazyAOCTestNonLazy.xml
2 ms. Memory: 387072K Free: 115329K (30%)
----------------- Invoking toplevel() on ptolemy.moml.MoMLSimpleApplication@ccd5132
----------------- Done invoking toplevel() on ptolemy.moml.MoMLSimpleApplication@ccd5132
reloadAllAccessors: .LazyAOCTestNonLazy

===========================================================================================
----------------- testing Sat Dec 14 06:24:33 UTC 2019 /home/travis/build/icyphy/ptII/ptolemy/actor/lib/test/auto/LazyInnerClass.xml
----------------- Instantiating /home/travis/build/icyphy/ptII/ptolemy/actor/lib/test/auto/LazyInnerClass.xml
30 ms. Memory: 387072K Free: 335081K (87%)
----------------- Invoking toplevel() on ptolemy.moml.MoMLSimpleApplication@10b37f5e
----------------- Done invoking toplevel() on ptolemy.moml.MoMLSimpleApplication@10b37f5e
reloadAllAccessors: .LazyInnerClass

===========================================================================================
----------------- testing Sat Dec 14 06:24:33 UTC 2019 /home/travis/build/icyphy/ptII/ptolemy/actor/lib/test/auto/LazyPubSub.xml
----------------- Instantiating /home/travis/build/icyphy/ptII/ptolemy/actor/lib/test/auto/LazyPubSub.xml
24 ms. Memory: 387072K Free: 324331K (84%)
----------------- Invoking toplevel() on ptolemy.moml.MoMLSimpleApplication@623b0f5d
----------------- Done invoking toplevel() on ptolemy.moml.MoMLSimpleApplication@623b0f5d
reloadAllAccessors: .LazyPubSub

===========================================================================================
----------------- testing Sat Dec 14 06:24:33 UTC 2019 /home/travis/build/icyphy/ptII/ptolemy/actor/lib/test/auto/LazyPubSub2.xml
----------------- Instantiating /home/travis/build/icyphy/ptII/ptolemy/actor/lib/test/auto/LazyPubSub2.xml
15 ms. Memory: 387072K Free: 315113K (81%)
----------------- Invoking toplevel() on ptolemy.moml.MoMLSimpleApplication@7a200dd0
----------------- Done invoking toplevel() on ptolemy.moml.MoMLSimpleApplication@7a200dd0
reloadAllAccessors: .LazyPubSub2

===========================================================================================
----------------- testing Sat Dec 14 06:24:33 UTC 2019 /home/travis/build/icyphy/ptII/ptolemy/actor/lib/test/auto/LazyPubSub3.xml
----------------- Instantiating /home/travis/build/icyphy/ptII/ptolemy/actor/lib/test/auto/LazyPubSub3.xml
10 ms. Memory: 387072K Free: 304361K (79%)
----------------- Invoking toplevel() on ptolemy.moml.MoMLSimpleApplication@5df8e1cd
----------------- Done invoking toplevel() on ptolemy.moml.MoMLSimpleApplication@5df8e1cd
reloadAllAccessors: .LazyPubSub3

===========================================================================================
----------------- testing Sat Dec 14 06:24:33 UTC 2019 /home/travis/build/icyphy/ptII/ptolemy/actor/lib/test/auto/LazySubClassModel.xml
----------------- Instantiating /home/travis/build/icyphy/ptII/ptolemy/actor/lib/test/auto/LazySubClassModel.xml
4 ms. Memory: 387072K Free: 295145K (76%)
----------------- Invoking toplevel() on ptolemy.moml.MoMLSimpleApplication@7b7ea451
----------------- Done invoking toplevel() on ptolemy.moml.MoMLSimpleApplication@7b7ea451
reloadAllAccessors: .LazySubClassModel

===========================================================================================
----------------- testing Sat Dec 14 06:24:33 UTC 2019 /home/travis/build/icyphy/ptII/ptolemy/actor/lib/test/auto/LevelCrossTest1.xml
----------------- Instantiating /home/travis/build/icyphy/ptII/ptolemy/actor/lib/test/auto/LevelCrossTest1.xml
1 ms. Memory: 387072K Free: 290025K (75%)
----------------- Invoking toplevel() on ptolemy.moml.MoMLSimpleApplication@149deeb9
----------------- Done invoking toplevel() on ptolemy.moml.MoMLSimpleApplication@149deeb9
reloadAllAccessors: .broken

===========================================================================================
----------------- testing Sat Dec 14 06:24:33 UTC 2019 /home/travis/build/icyphy/ptII/ptolemy/actor/lib/test/auto/LevelCrossTest10.xml
----------------- Instantiating /home/travis/build/icyphy/ptII/ptolemy/actor/lib/test/auto/LevelCrossTest10.xml
1 ms. Memory: 387072K Free: 282347K (73%)
----------------- Invoking toplevel() on ptolemy.moml.MoMLSimpleApplication@79bc66f8
----------------- Done invoking toplevel() on ptolemy.moml.MoMLSimpleApplication@79bc66f8
reloadAllAccessors: .LevelCrossTest10

===========================================================================================
----------------- testing Sat Dec 14 06:24:33 UTC 2019 /home/travis/build/icyphy/ptII/ptolemy/actor/lib/test/auto/LevelCrossTest11.xml
----------------- Instantiating /home/travis/build/icyphy/ptII/ptolemy/actor/lib/test/auto/LevelCrossTest11.xml
1 ms. Memory: 387072K Free: 275179K (71%)
----------------- Invoking toplevel() on ptolemy.moml.MoMLSimpleApplication@47d466c8
----------------- Done invoking toplevel() on ptolemy.moml.MoMLSimpleApplication@47d466c8
reloadAllAccessors: .LevelCrossTest11

===========================================================================================
----------------- testing Sat Dec 14 06:24:33 UTC 2019 /home/travis/build/icyphy/ptII/ptolemy/actor/lib/test/auto/LevelCrossTest12.xml
----------------- Instantiating /home/travis/build/icyphy/ptII/ptolemy/actor/lib/test/auto/LevelCrossTest12.xml
1 ms. Memory: 387072K Free: 268521K (69%)
----------------- Invoking toplevel() on ptolemy.moml.MoMLSimpleApplication@53694921
----------------- Done invoking toplevel() on ptolemy.moml.MoMLSimpleApplication@53694921
reloadAllAccessors: .LevelCrossTest12

===========================================================================================
----------------- testing Sat Dec 14 06:24:33 UTC 2019 /home/travis/build/icyphy/ptII/ptolemy/actor/lib/test/auto/LevelCrossTest13.xml
----------------- Instantiating /home/travis/build/icyphy/ptII/ptolemy/actor/lib/test/auto/LevelCrossTest13.xml
4 ms. Memory: 387072K Free: 261353K (68%)
----------------- Invoking toplevel() on ptolemy.moml.MoMLSimpleApplication@7bcb9d82
----------------- Done invoking toplevel() on ptolemy.moml.MoMLSimpleApplication@7bcb9d82
reloadAllAccessors: .LevelCrossTest13

===========================================================================================
----------------- testing Sat Dec 14 06:24:33 UTC 2019 /home/travis/build/icyphy/ptII/ptolemy/actor/lib/test/auto/LevelCrossTest2.xml
----------------- Instantiating /home/travis/build/icyphy/ptII/ptolemy/actor/lib/test/auto/LevelCrossTest2.xml
1 ms. Memory: 387072K Free: 255723K (66%)
----------------- Invoking toplevel() on ptolemy.moml.MoMLSimpleApplication@44c26ea8
----------------- Done invoking toplevel() on ptolemy.moml.MoMLSimpleApplication@44c26ea8
reloadAllAccessors: .broken

===========================================================================================
----------------- testing Sat Dec 14 06:24:33 UTC 2019 /home/travis/build/icyphy/ptII/ptolemy/actor/lib/test/auto/LevelCrossTest3.xml
----------------- Instantiating /home/travis/build/icyphy/ptII/ptolemy/actor/lib/test/auto/LevelCrossTest3.xml
1 ms. Memory: 387072K Free: 249579K (64%)
----------------- Invoking toplevel() on ptolemy.moml.MoMLSimpleApplication@d95234a
----------------- Done invoking toplevel() on ptolemy.moml.MoMLSimpleApplication@d95234a
reloadAllAccessors: .LevelCrossTest3

===========================================================================================
----------------- testing Sat Dec 14 06:24:33 UTC 2019 /home/travis/build/icyphy/ptII/ptolemy/actor/lib/test/auto/LevelCrossTest4.xml
----------------- Instantiating /home/travis/build/icyphy/ptII/ptolemy/actor/lib/test/auto/LevelCrossTest4.xml
1 ms. Memory: 387072K Free: 244459K (63%)
----------------- Invoking toplevel() on ptolemy.moml.MoMLSimpleApplication@3f440251
----------------- Done invoking toplevel() on ptolemy.moml.MoMLSimpleApplication@3f440251
reloadAllAccessors: .broken

===========================================================================================
----------------- testing Sat Dec 14 06:24:33 UTC 2019 /home/travis/build/icyphy/ptII/ptolemy/actor/lib/test/auto/LevelCrossTest5.xml
----------------- Instantiating /home/travis/build/icyphy/ptII/ptolemy/actor/lib/test/auto/LevelCrossTest5.xml
1 ms. Memory: 387072K Free: 236777K (61%)
----------------- Invoking toplevel() on ptolemy.moml.MoMLSimpleApplication@6616f339
----------------- Done invoking toplevel() on ptolemy.moml.MoMLSimpleApplication@6616f339
reloadAllAccessors: .LevelCrossTest5

===========================================================================================
----------------- testing Sat Dec 14 06:24:33 UTC 2019 /home/travis/build/icyphy/ptII/ptolemy/actor/lib/test/auto/LevelCrossTest6.xml
----------------- Instantiating /home/travis/build/icyphy/ptII/ptolemy/actor/lib/test/auto/LevelCrossTest6.xml
1 ms. Memory: 387072K Free: 230123K (59%)
----------------- Invoking toplevel() on ptolemy.moml.MoMLSimpleApplication@6e876b99
----------------- Done invoking toplevel() on ptolemy.moml.MoMLSimpleApplication@6e876b99
reloadAllAccessors: .LevelCrossTest6

===========================================================================================
----------------- testing Sat Dec 14 06:24:33 UTC 2019 /home/travis/build/icyphy/ptII/ptolemy/actor/lib/test/auto/LevelCrossTest7.xml
----------------- Instantiating /home/travis/build/icyphy/ptII/ptolemy/actor/lib/test/auto/LevelCrossTest7.xml
1 ms. Memory: 387072K Free: 223979K (58%)
----------------- Invoking toplevel() on ptolemy.moml.MoMLSimpleApplication@1470db23
----------------- Done invoking toplevel() on ptolemy.moml.MoMLSimpleApplication@1470db23
reloadAllAccessors: .LevelCrossTest7

===========================================================================================
----------------- testing Sat Dec 14 06:24:33 UTC 2019 /home/travis/build/icyphy/ptII/ptolemy/actor/lib/test/auto/LevelCrossTest8.xml
----------------- Instantiating /home/travis/build/icyphy/ptII/ptolemy/actor/lib/test/auto/LevelCrossTest8.xml
1 ms. Memory: 387072K Free: 216811K (56%)
----------------- Invoking toplevel() on ptolemy.moml.MoMLSimpleApplication@fabf76b
----------------- Done invoking toplevel() on ptolemy.moml.MoMLSimpleApplication@fabf76b
reloadAllAccessors: .LevelCrossTest8

===========================================================================================
----------------- testing Sat Dec 14 06:24:33 UTC 2019 /home/travis/build/icyphy/ptII/ptolemy/actor/lib/test/auto/LevelCrossTest9.xml
----------------- Instantiating /home/travis/build/icyphy/ptII/ptolemy/actor/lib/test/auto/LevelCrossTest9.xml
2 ms. Memory: 387072K Free: 209129K (54%)
----------------- Invoking toplevel() on ptolemy.moml.MoMLSimpleApplication@3015e89a
----------------- Done invoking toplevel() on ptolemy.moml.MoMLSimpleApplication@3015e89a
reloadAllAccessors: .LevelCrossTest9

===========================================================================================
----------------- testing Sat Dec 14 06:24:33 UTC 2019 /home/travis/build/icyphy/ptII/ptolemy/actor/lib/test/auto/LevinsonDurbin.xml
----------------- Instantiating /home/travis/build/icyphy/ptII/ptolemy/actor/lib/test/auto/LevinsonDurbin.xml
1 ms. Memory: 387072K Free: 205033K (53%)
----------------- Invoking toplevel() on ptolemy.moml.MoMLSimpleApplication@6038ac0a
----------------- Done invoking toplevel() on ptolemy.moml.MoMLSimpleApplication@6038ac0a
reloadAllAccessors: .LevinsonDurbin

===========================================================================================
----------------- testing Sat Dec 14 06:24:33 UTC 2019 /home/travis/build/icyphy/ptII/ptolemy/actor/lib/test/auto/LevinsonDurbin2.xml
----------------- Instantiating /home/travis/build/icyphy/ptII/ptolemy/actor/lib/test/auto/LevinsonDurbin2.xml
1 ms. Memory: 387072K Free: 201451K (52%)
----------------- Invoking toplevel() on ptolemy.moml.MoMLSimpleApplication@1c1c195
----------------- Done invoking toplevel() on ptolemy.moml.MoMLSimpleApplication@1c1c195
reloadAllAccessors: .LevinsonDurbin2

===========================================================================================
----------------- testing Sat Dec 14 06:24:33 UTC 2019 /home/travis/build/icyphy/ptII/ptolemy/actor/lib/test/auto/LevinsonDurbin3.xml
----------------- Instantiating /home/travis/build/icyphy/ptII/ptolemy/actor/lib/test/auto/LevinsonDurbin3.xml
3 ms. Memory: 387072K Free: 197355K (51%)
----------------- Invoking toplevel() on ptolemy.moml.MoMLSimpleApplication@76b60062
----------------- Done invoking toplevel() on ptolemy.moml.MoMLSimpleApplication@76b60062
reloadAllAccessors: .LevinsonDurbin3

===========================================================================================
----------------- testing Sat Dec 14 06:24:33 UTC 2019 /home/travis/build/icyphy/ptII/ptolemy/actor/lib/test/auto/Limiter.xml
----------------- Instantiating /home/travis/build/icyphy/ptII/ptolemy/actor/lib/test/auto/Limiter.xml
11 ms. Memory: 387072K Free: 188139K (49%)
----------------- Invoking toplevel() on ptolemy.moml.MoMLSimpleApplication@437dc4b0
----------------- Done invoking toplevel() on ptolemy.moml.MoMLSimpleApplication@437dc4b0
reloadAllAccessors: .Limiter

===========================================================================================
----------------- testing Sat Dec 14 06:24:33 UTC 2019 /home/travis/build/icyphy/ptII/ptolemy/actor/lib/test/auto/LinearDifferenceEquationSystem.xml
----------------- Instantiating /home/travis/build/icyphy/ptII/ptolemy/actor/lib/test/auto/LinearDifferenceEquationSystem.xml
4 ms. Memory: 387072K Free: 180971K (47%)
----------------- Invoking toplevel() on ptolemy.moml.MoMLSimpleApplication@7e4de6c9
----------------- Done invoking toplevel() on ptolemy.moml.MoMLSimpleApplication@7e4de6c9
reloadAllAccessors: .LinearDifferenceEquationSystem

===========================================================================================
----------------- testing Sat Dec 14 06:24:33 UTC 2019 /home/travis/build/icyphy/ptII/ptolemy/actor/lib/test/auto/LookupTable.xml
----------------- Instantiating /home/travis/build/icyphy/ptII/ptolemy/actor/lib/test/auto/LookupTable.xml
11 ms. Memory: 387072K Free: 176875K (46%)
----------------- Invoking toplevel() on ptolemy.moml.MoMLSimpleApplication@6b76a185
----------------- Done invoking toplevel() on ptolemy.moml.MoMLSimpleApplication@6b76a185
reloadAllAccessors: .LookupTable

===========================================================================================
----------------- testing Sat Dec 14 06:24:33 UTC 2019 /home/travis/build/icyphy/ptII/ptolemy/actor/lib/test/auto/MathFunction.xml
----------------- Instantiating /home/travis/build/icyphy/ptII/ptolemy/actor/lib/test/auto/MathFunction.xml
2 ms. Memory: 387072K Free: 168683K (44%)
----------------- Invoking toplevel() on ptolemy.moml.MoMLSimpleApplication@fae1bf4
----------------- Done invoking toplevel() on ptolemy.moml.MoMLSimpleApplication@fae1bf4
reloadAllAccessors: .MathFunction

===========================================================================================
----------------- testing Sat Dec 14 06:24:33 UTC 2019 /home/travis/build/icyphy/ptII/ptolemy/actor/lib/test/auto/MathFunction2.xml
----------------- Instantiating /home/travis/build/icyphy/ptII/ptolemy/actor/lib/test/auto/MathFunction2.xml
1 ms. Memory: 387072K Free: 164587K (43%)
----------------- Invoking toplevel() on ptolemy.moml.MoMLSimpleApplication@492878bb
----------------- Done invoking toplevel() on ptolemy.moml.MoMLSimpleApplication@492878bb
reloadAllAccessors: .MathFunction2

===========================================================================================
----------------- testing Sat Dec 14 06:24:33 UTC 2019 /home/travis/build/icyphy/ptII/ptolemy/actor/lib/test/auto/MathFunction3.xml
----------------- Instantiating /home/travis/build/icyphy/ptII/ptolemy/actor/lib/test/auto/MathFunction3.xml
1 ms. Memory: 387072K Free: 157419K (41%)
----------------- Invoking toplevel() on ptolemy.moml.MoMLSimpleApplication@443ff4f5
----------------- Done invoking toplevel() on ptolemy.moml.MoMLSimpleApplication@443ff4f5
reloadAllAccessors: .MathFunction3

===========================================================================================
----------------- testing Sat Dec 14 06:24:33 UTC 2019 /home/travis/build/icyphy/ptII/ptolemy/actor/lib/test/auto/MatrixCropBoolean.xml
----------------- Instantiating /home/travis/build/icyphy/ptII/ptolemy/actor/lib/test/auto/MatrixCropBoolean.xml
2 ms. Memory: 387072K Free: 153323K (40%)
----------------- Invoking toplevel() on ptolemy.moml.MoMLSimpleApplication@121c87ef
----------------- Done invoking toplevel() on ptolemy.moml.MoMLSimpleApplication@121c87ef
reloadAllAccessors: .MatrixCropBoolean

===========================================================================================
----------------- testing Sat Dec 14 06:24:33 UTC 2019 /home/travis/build/icyphy/ptII/ptolemy/actor/lib/test/auto/MatrixCropComplex.xml
----------------- Instantiating /home/travis/build/icyphy/ptII/ptolemy/actor/lib/test/auto/MatrixCropComplex.xml
1 ms. Memory: 387072K Free: 148699K (38%)
----------------- Invoking toplevel() on ptolemy.moml.MoMLSimpleApplication@5464fa72
----------------- Done invoking toplevel() on ptolemy.moml.MoMLSimpleApplication@5464fa72
reloadAllAccessors: .MatrixCropComplex

===========================================================================================
----------------- testing Sat Dec 14 06:24:34 UTC 2019 /home/travis/build/icyphy/ptII/ptolemy/actor/lib/test/auto/MatrixCropDouble.xml
----------------- Instantiating /home/travis/build/icyphy/ptII/ptolemy/actor/lib/test/auto/MatrixCropDouble.xml
3 ms. Memory: 387072K Free: 143083K (37%)
----------------- Invoking toplevel() on ptolemy.moml.MoMLSimpleApplication@35ba40e6
----------------- Done invoking toplevel() on ptolemy.moml.MoMLSimpleApplication@35ba40e6
reloadAllAccessors: .MatrixCropDouble

===========================================================================================
----------------- testing Sat Dec 14 06:24:34 UTC 2019 /home/travis/build/icyphy/ptII/ptolemy/actor/lib/test/auto/MatrixCropFix.xml
----------------- Instantiating /home/travis/build/icyphy/ptII/ptolemy/actor/lib/test/auto/MatrixCropFix.xml
2 ms. Memory: 387072K Free: 137963K (36%)
----------------- Invoking toplevel() on ptolemy.moml.MoMLSimpleApplication@7527371e
----------------- Done invoking toplevel() on ptolemy.moml.MoMLSimpleApplication@7527371e
reloadAllAccessors: .MatrixCropFix

===========================================================================================
----------------- testing Sat Dec 14 06:24:34 UTC 2019 /home/travis/build/icyphy/ptII/ptolemy/actor/lib/test/auto/MatrixCropInt.xml
----------------- Instantiating /home/travis/build/icyphy/ptII/ptolemy/actor/lib/test/auto/MatrixCropInt.xml
1 ms. Memory: 387072K Free: 133339K (34%)
----------------- Invoking toplevel() on ptolemy.moml.MoMLSimpleApplication@74f5e2c2
----------------- Done invoking toplevel() on ptolemy.moml.MoMLSimpleApplication@74f5e2c2
reloadAllAccessors: .MatrixCropInt

===========================================================================================
----------------- testing Sat Dec 14 06:24:34 UTC 2019 /home/travis/build/icyphy/ptII/ptolemy/actor/lib/test/auto/MatrixCropLong.xml
----------------- Instantiating /home/travis/build/icyphy/ptII/ptolemy/actor/lib/test/auto/MatrixCropLong.xml
2 ms. Memory: 387072K Free: 128219K (33%)
----------------- Invoking toplevel() on ptolemy.moml.MoMLSimpleApplication@122c3615
----------------- Done invoking toplevel() on ptolemy.moml.MoMLSimpleApplication@122c3615
reloadAllAccessors: .MatrixCropLong

===========================================================================================
----------------- testing Sat Dec 14 06:24:34 UTC 2019 /home/travis/build/icyphy/ptII/ptolemy/actor/lib/test/auto/MatrixToArray.xml
----------------- Instantiating /home/travis/build/icyphy/ptII/ptolemy/actor/lib/test/auto/MatrixToArray.xml
12 ms. Memory: 387072K Free: 112873K (29%)
----------------- Invoking toplevel() on ptolemy.moml.MoMLSimpleApplication@149badc2
----------------- Done invoking toplevel() on ptolemy.moml.MoMLSimpleApplication@149badc2
reloadAllAccessors: .MatrixToArray

===========================================================================================
----------------- testing Sat Dec 14 06:24:34 UTC 2019 /home/travis/build/icyphy/ptII/ptolemy/actor/lib/test/auto/MaxIndex.xml
----------------- Instantiating /home/travis/build/icyphy/ptII/ptolemy/actor/lib/test/auto/MaxIndex.xml
2 ms. Memory: 387072K Free: 336371K (87%)
----------------- Invoking toplevel() on ptolemy.moml.MoMLSimpleApplication@3e010c92
----------------- Done invoking toplevel() on ptolemy.moml.MoMLSimpleApplication@3e010c92
reloadAllAccessors: .MaxIndex

===========================================================================================
----------------- testing Sat Dec 14 06:24:34 UTC 2019 /home/travis/build/icyphy/ptII/ptolemy/actor/lib/test/auto/Maximum.xml
----------------- Instantiating /home/travis/build/icyphy/ptII/ptolemy/actor/lib/test/auto/Maximum.xml
6 ms. Memory: 387072K Free: 329717K (85%)
----------------- Invoking toplevel() on ptolemy.moml.MoMLSimpleApplication@40f56104
----------------- Done invoking toplevel() on ptolemy.moml.MoMLSimpleApplication@40f56104
reloadAllAccessors: .Maximum

===========================================================================================
----------------- testing Sat Dec 14 06:24:34 UTC 2019 /home/travis/build/icyphy/ptII/ptolemy/actor/lib/test/auto/MaximumComplex.xml
----------------- Instantiating /home/travis/build/icyphy/ptII/ptolemy/actor/lib/test/auto/MaximumComplex.xml
6 ms. Memory: 387072K Free: 323573K (84%)
----------------- Invoking toplevel() on ptolemy.moml.MoMLSimpleApplication@26a09375
----------------- Done invoking toplevel() on ptolemy.moml.MoMLSimpleApplication@26a09375
reloadAllAccessors: .MaximumComplex

===========================================================================================
----------------- testing Sat Dec 14 06:24:34 UTC 2019 /home/travis/build/icyphy/ptII/ptolemy/actor/lib/test/auto/MethodCallTest.xml
----------------- Instantiating /home/travis/build/icyphy/ptII/ptolemy/actor/lib/test/auto/MethodCallTest.xml
6 ms. Memory: 387072K Free: 316915K (82%)
----------------- Invoking toplevel() on ptolemy.moml.MoMLSimpleApplication@3f3456d2
----------------- Done invoking toplevel() on ptolemy.moml.MoMLSimpleApplication@3f3456d2
reloadAllAccessors: .MethodCallTest

===========================================================================================
----------------- testing Sat Dec 14 06:24:34 UTC 2019 /home/travis/build/icyphy/ptII/ptolemy/actor/lib/test/auto/Minimum.xml
----------------- Instantiating /home/travis/build/icyphy/ptII/ptolemy/actor/lib/test/auto/Minimum.xml
2 ms. Memory: 387072K Free: 310261K (80%)
----------------- Invoking toplevel() on ptolemy.moml.MoMLSimpleApplication@2dccfed2
----------------- Done invoking toplevel() on ptolemy.moml.MoMLSimpleApplication@2dccfed2
reloadAllAccessors: .Minimum

===========================================================================================
----------------- testing Sat Dec 14 06:24:34 UTC 2019 /home/travis/build/icyphy/ptII/ptolemy/actor/lib/test/auto/MinimumComplex.xml
----------------- Instantiating /home/travis/build/icyphy/ptII/ptolemy/actor/lib/test/auto/MinimumComplex.xml
4 ms. Memory: 387072K Free: 304597K (79%)
----------------- Invoking toplevel() on ptolemy.moml.MoMLSimpleApplication@46186d8a
----------------- Done invoking toplevel() on ptolemy.moml.MoMLSimpleApplication@46186d8a
reloadAllAccessors: .MinimumComplex

===========================================================================================
----------------- testing Sat Dec 14 06:24:34 UTC 2019 /home/travis/build/icyphy/ptII/ptolemy/actor/lib/test/auto/MinimumMultiports.xml
----------------- Instantiating /home/travis/build/icyphy/ptII/ptolemy/actor/lib/test/auto/MinimumMultiports.xml
4 ms. Memory: 387072K Free: 296435K (77%)
----------------- Invoking toplevel() on ptolemy.moml.MoMLSimpleApplication@580d9cb9
----------------- Done invoking toplevel() on ptolemy.moml.MoMLSimpleApplication@580d9cb9
reloadAllAccessors: .MinimumMultiports

===========================================================================================
----------------- testing Sat Dec 14 06:24:34 UTC 2019 /home/travis/build/icyphy/ptII/ptolemy/actor/lib/test/auto/ModifyDate.xml
----------------- Instantiating /home/travis/build/icyphy/ptII/ptolemy/actor/lib/test/auto/ModifyDate.xml
15 ms. Memory: 387072K Free: 283637K (73%)
----------------- Invoking toplevel() on ptolemy.moml.MoMLSimpleApplication@6ba35247
----------------- Done invoking toplevel() on ptolemy.moml.MoMLSimpleApplication@6ba35247
reloadAllAccessors: .ModifyDate

===========================================================================================
----------------- testing Sat Dec 14 06:24:34 UTC 2019 /home/travis/build/icyphy/ptII/ptolemy/actor/lib/test/auto/ModifyDate2.xml
----------------- Instantiating /home/travis/build/icyphy/ptII/ptolemy/actor/lib/test/auto/ModifyDate2.xml
5 ms. Memory: 387072K Free: 274931K (71%)
----------------- Invoking toplevel() on ptolemy.moml.MoMLSimpleApplication@64ed3cd2
----------------- Done invoking toplevel() on ptolemy.moml.MoMLSimpleApplication@64ed3cd2
reloadAllAccessors: .ModifyDate2

===========================================================================================
----------------- testing Sat Dec 14 06:24:34 UTC 2019 /home/travis/build/icyphy/ptII/ptolemy/actor/lib/test/auto/MovingAverage.xml
----------------- Instantiating /home/travis/build/icyphy/ptII/ptolemy/actor/lib/test/auto/MovingAverage.xml
1 ms. Memory: 387072K Free: 269811K (70%)
----------------- Invoking toplevel() on ptolemy.moml.MoMLSimpleApplication@38bd5f4a
----------------- Done invoking toplevel() on ptolemy.moml.MoMLSimpleApplication@38bd5f4a
reloadAllAccessors: .MovingAverage

===========================================================================================
----------------- testing Sat Dec 14 06:24:34 UTC 2019 /home/travis/build/icyphy/ptII/ptolemy/actor/lib/test/auto/MovingMaximum.xml
----------------- Instantiating /home/travis/build/icyphy/ptII/ptolemy/actor/lib/test/auto/MovingMaximum.xml
2 ms. Memory: 387072K Free: 265715K (69%)
----------------- Invoking toplevel() on ptolemy.moml.MoMLSimpleApplication@177092e7
----------------- Done invoking toplevel() on ptolemy.moml.MoMLSimpleApplication@177092e7
reloadAllAccessors: .MovingMaximum

===========================================================================================
----------------- testing Sat Dec 14 06:24:34 UTC 2019 /home/travis/build/icyphy/ptII/ptolemy/actor/lib/test/auto/MultipleLinksToSameRelation.xml
----------------- Instantiating /home/travis/build/icyphy/ptII/ptolemy/actor/lib/test/auto/MultipleLinksToSameRelation.xml
1 ms. Memory: 387072K Free: 261619K (68%)
----------------- Invoking toplevel() on ptolemy.moml.MoMLSimpleApplication@40881732
----------------- Done invoking toplevel() on ptolemy.moml.MoMLSimpleApplication@40881732
reloadAllAccessors: .MultipleLinksToSameRelation

===========================================================================================
----------------- testing Sat Dec 14 06:24:34 UTC 2019 /home/travis/build/icyphy/ptII/ptolemy/actor/lib/test/auto/MultipleLinksToSameRelationDE.xml
----------------- Instantiating /home/travis/build/icyphy/ptII/ptolemy/actor/lib/test/auto/MultipleLinksToSameRelationDE.xml
9 ms. Memory: 387072K Free: 257013K (66%)
----------------- Invoking toplevel() on ptolemy.moml.MoMLSimpleApplication@71159fed
----------------- Done invoking toplevel() on ptolemy.moml.MoMLSimpleApplication@71159fed
reloadAllAccessors: .MultipleLinksToSameRelationDE

===========================================================================================
----------------- testing Sat Dec 14 06:24:34 UTC 2019 /home/travis/build/icyphy/ptII/ptolemy/actor/lib/test/auto/Multiplexor.xml
----------------- Instantiating /home/travis/build/icyphy/ptII/ptolemy/actor/lib/test/auto/Multiplexor.xml
2 ms. Memory: 387072K Free: 251893K (65%)
----------------- Invoking toplevel() on ptolemy.moml.MoMLSimpleApplication@79a84cc1
----------------- Done invoking toplevel() on ptolemy.moml.MoMLSimpleApplication@79a84cc1
reloadAllAccessors: .Multiplexor

===========================================================================================
----------------- testing Sat Dec 14 06:24:34 UTC 2019 /home/travis/build/icyphy/ptII/ptolemy/actor/lib/test/auto/Multiplexor1.xml
----------------- Instantiating /home/travis/build/icyphy/ptII/ptolemy/actor/lib/test/auto/Multiplexor1.xml
2 ms. Memory: 387072K Free: 245749K (63%)
----------------- Invoking toplevel() on ptolemy.moml.MoMLSimpleApplication@59f12749
----------------- Done invoking toplevel() on ptolemy.moml.MoMLSimpleApplication@59f12749
reloadAllAccessors: .Multiplexor1

===========================================================================================
----------------- testing Sat Dec 14 06:24:34 UTC 2019 /home/travis/build/icyphy/ptII/ptolemy/actor/lib/test/auto/Multiplexor2.xml
----------------- Instantiating /home/travis/build/icyphy/ptII/ptolemy/actor/lib/test/auto/Multiplexor2.xml
3 ms. Memory: 387072K Free: 239605K (62%)
----------------- Invoking toplevel() on ptolemy.moml.MoMLSimpleApplication@5c479e1a
----------------- Done invoking toplevel() on ptolemy.moml.MoMLSimpleApplication@5c479e1a
reloadAllAccessors: .Multiplexor2

===========================================================================================
----------------- testing Sat Dec 14 06:24:34 UTC 2019 /home/travis/build/icyphy/ptII/ptolemy/actor/lib/test/auto/Multiplexor3.xml
----------------- Instantiating /home/travis/build/icyphy/ptII/ptolemy/actor/lib/test/auto/Multiplexor3.xml
2 ms. Memory: 387072K Free: 235509K (61%)
----------------- Invoking toplevel() on ptolemy.moml.MoMLSimpleApplication@51f52417
----------------- Done invoking toplevel() on ptolemy.moml.MoMLSimpleApplication@51f52417
reloadAllAccessors: .Multiplexor3

===========================================================================================
----------------- testing Sat Dec 14 06:24:34 UTC 2019 /home/travis/build/icyphy/ptII/ptolemy/actor/lib/test/auto/MultiplexorDE.xml
----------------- Instantiating /home/travis/build/icyphy/ptII/ptolemy/actor/lib/test/auto/MultiplexorDE.xml
2 ms. Memory: 387072K Free: 227797K (59%)
----------------- Invoking toplevel() on ptolemy.moml.MoMLSimpleApplication@3c2f296e
----------------- Done invoking toplevel() on ptolemy.moml.MoMLSimpleApplication@3c2f296e
reloadAllAccessors: .MultiplexorDE

===========================================================================================
----------------- testing Sat Dec 14 06:24:34 UTC 2019 /home/travis/build/icyphy/ptII/ptolemy/actor/lib/test/auto/MultiportBroadcastTest.xml
----------------- Instantiating /home/travis/build/icyphy/ptII/ptolemy/actor/lib/test/auto/MultiportBroadcastTest.xml
101 ms. Memory: 387072K Free: 221669K (57%)
----------------- Invoking toplevel() on ptolemy.moml.MoMLSimpleApplication@771eb87f
----------------- Done invoking toplevel() on ptolemy.moml.MoMLSimpleApplication@771eb87f
reloadAllAccessors: .MultiportBroadcastTest

===========================================================================================
----------------- testing Sat Dec 14 06:24:34 UTC 2019 /home/travis/build/icyphy/ptII/ptolemy/actor/lib/test/auto/MultiportOutHangDuringGetWidth.xml
----------------- Instantiating /home/travis/build/icyphy/ptII/ptolemy/actor/lib/test/auto/MultiportOutHangDuringGetWidth.xml
5 ms. Memory: 387072K Free: 209909K (54%)
----------------- Invoking toplevel() on ptolemy.moml.MoMLSimpleApplication@26677366
----------------- Done invoking toplevel() on ptolemy.moml.MoMLSimpleApplication@26677366
reloadAllAccessors: .MultiportOutHangDuringGetWidth

===========================================================================================
----------------- testing Sat Dec 14 06:24:34 UTC 2019 /home/travis/build/icyphy/ptII/ptolemy/actor/lib/test/auto/NilToken.xml
----------------- Instantiating /home/travis/build/icyphy/ptII/ptolemy/actor/lib/test/auto/NilToken.xml
2 ms. Memory: 387072K Free: 205813K (53%)
----------------- Invoking toplevel() on ptolemy.moml.MoMLSimpleApplication@29b994d7
----------------- Done invoking toplevel() on ptolemy.moml.MoMLSimpleApplication@29b994d7
reloadAllAccessors: .NilToken

===========================================================================================
----------------- testing Sat Dec 14 06:24:34 UTC 2019 /home/travis/build/icyphy/ptII/ptolemy/actor/lib/test/auto/NilTokenNonStrictTest.xml
----------------- Instantiating /home/travis/build/icyphy/ptII/ptolemy/actor/lib/test/auto/NilTokenNonStrictTest.xml
2 ms. Memory: 387072K Free: 201203K (52%)
----------------- Invoking toplevel() on ptolemy.moml.MoMLSimpleApplication@34b06390
----------------- Done invoking toplevel() on ptolemy.moml.MoMLSimpleApplication@34b06390
reloadAllAccessors: .NilTokenNonStrictTest

===========================================================================================
----------------- testing Sat Dec 14 06:24:34 UTC 2019 /home/travis/build/icyphy/ptII/ptolemy/actor/lib/test/auto/NilTokenRecord.xml
----------------- Instantiating /home/travis/build/icyphy/ptII/ptolemy/actor/lib/test/auto/NilTokenRecord.xml
6 ms. Memory: 387072K Free: 194549K (50%)
----------------- Invoking toplevel() on ptolemy.moml.MoMLSimpleApplication@7b7a242e
----------------- Done invoking toplevel() on ptolemy.moml.MoMLSimpleApplication@7b7a242e
reloadAllAccessors: .NilTokenRecord

===========================================================================================
----------------- testing Sat Dec 14 06:24:34 UTC 2019 /home/travis/build/icyphy/ptII/ptolemy/actor/lib/test/auto/NilTokenTypeTest.xml
----------------- Instantiating /home/travis/build/icyphy/ptII/ptolemy/actor/lib/test/auto/NilTokenTypeTest.xml
4 ms. Memory: 387072K Free: 184819K (48%)
----------------- Invoking toplevel() on ptolemy.moml.MoMLSimpleApplication@498c5630
----------------- Done invoking toplevel() on ptolemy.moml.MoMLSimpleApplication@498c5630
reloadAllAccessors: .NilTokenTypeTest

===========================================================================================
----------------- testing Sat Dec 14 06:24:34 UTC 2019 /home/travis/build/icyphy/ptII/ptolemy/actor/lib/test/auto/ObjectToken1.xml
----------------- Instantiating /home/travis/build/icyphy/ptII/ptolemy/actor/lib/test/auto/ObjectToken1.xml
3 ms. Memory: 387072K Free: 180723K (47%)
----------------- Invoking toplevel() on ptolemy.moml.MoMLSimpleApplication@11f74d47
----------------- Done invoking toplevel() on ptolemy.moml.MoMLSimpleApplication@11f74d47
reloadAllAccessors: .ObjectToken1

===========================================================================================
----------------- testing Sat Dec 14 06:24:34 UTC 2019 /home/travis/build/icyphy/ptII/ptolemy/actor/lib/test/auto/OrderedMerge.xml
----------------- Instantiating /home/travis/build/icyphy/ptII/ptolemy/actor/lib/test/auto/OrderedMerge.xml
15 ms. Memory: 387072K Free: 175093K (45%)
----------------- Invoking toplevel() on ptolemy.moml.MoMLSimpleApplication@506d608f
----------------- Done invoking toplevel() on ptolemy.moml.MoMLSimpleApplication@506d608f
reloadAllAccessors: .OrderedMerge

===========================================================================================
----------------- testing Sat Dec 14 06:24:34 UTC 2019 /home/travis/build/icyphy/ptII/ptolemy/actor/lib/test/auto/OrderedRecordDisassembler.xml
----------------- Instantiating /home/travis/build/icyphy/ptII/ptolemy/actor/lib/test/auto/OrderedRecordDisassembler.xml
9 ms. Memory: 387072K Free: 169973K (44%)
----------------- Invoking toplevel() on ptolemy.moml.MoMLSimpleApplication@68b26830
----------------- Done invoking toplevel() on ptolemy.moml.MoMLSimpleApplication@68b26830
reloadAllAccessors: .OrderedRecordDisassembler

===========================================================================================
----------------- testing Sat Dec 14 06:24:34 UTC 2019 /home/travis/build/icyphy/ptII/ptolemy/actor/lib/test/auto/OrderedRecordDisassembler2.xml
----------------- Instantiating /home/travis/build/icyphy/ptII/ptolemy/actor/lib/test/auto/OrderedRecordDisassembler2.xml
5 ms. Memory: 387072K Free: 162805K (42%)
----------------- Invoking toplevel() on ptolemy.moml.MoMLSimpleApplication@35fb2f2c
----------------- Done invoking toplevel() on ptolemy.moml.MoMLSimpleApplication@35fb2f2c
reloadAllAccessors: .OrderedRecordDisassembler2

===========================================================================================
----------------- testing Sat Dec 14 06:24:34 UTC 2019 /home/travis/build/icyphy/ptII/ptolemy/actor/lib/test/auto/OrderedRecordUpdater.xml
----------------- Instantiating /home/travis/build/icyphy/ptII/ptolemy/actor/lib/test/auto/OrderedRecordUpdater.xml
2 ms. Memory: 387072K Free: 157685K (41%)
----------------- Invoking toplevel() on ptolemy.moml.MoMLSimpleApplication@362615eb
----------------- Done invoking toplevel() on ptolemy.moml.MoMLSimpleApplication@362615eb
reloadAllAccessors: .RecordUpdater

===========================================================================================
----------------- testing Sat Dec 14 06:24:34 UTC 2019 /home/travis/build/icyphy/ptII/ptolemy/actor/lib/test/auto/OrderedRecordUpdater2.xml
----------------- Instantiating /home/travis/build/icyphy/ptII/ptolemy/actor/lib/test/auto/OrderedRecordUpdater2.xml
3 ms. Memory: 387072K Free: 152565K (39%)
----------------- Invoking toplevel() on ptolemy.moml.MoMLSimpleApplication@405bad40
----------------- Done invoking toplevel() on ptolemy.moml.MoMLSimpleApplication@405bad40
reloadAllAccessors: .RecordUpdater2

===========================================================================================
----------------- testing Sat Dec 14 06:24:34 UTC 2019 /home/travis/build/icyphy/ptII/ptolemy/actor/lib/test/auto/PhaseUnwrap.xml
----------------- Instantiating /home/travis/build/icyphy/ptII/ptolemy/actor/lib/test/auto/PhaseUnwrap.xml
2 ms. Memory: 387072K Free: 147955K (38%)
----------------- Invoking toplevel() on ptolemy.moml.MoMLSimpleApplication@64f6dd4
----------------- Done invoking toplevel() on ptolemy.moml.MoMLSimpleApplication@64f6dd4
reloadAllAccessors: .PhaseUnwrap

===========================================================================================
----------------- testing Sat Dec 14 06:24:34 UTC 2019 /home/travis/build/icyphy/ptII/ptolemy/actor/lib/test/auto/PoissonClock.xml
----------------- Instantiating /home/travis/build/icyphy/ptII/ptolemy/actor/lib/test/auto/PoissonClock.xml
3 ms. Memory: 387072K Free: 143859K (37%)
----------------- Invoking toplevel() on ptolemy.moml.MoMLSimpleApplication@b7752e8
----------------- Done invoking toplevel() on ptolemy.moml.MoMLSimpleApplication@b7752e8
reloadAllAccessors: .PoissonClock

===========================================================================================
----------------- testing Sat Dec 14 06:24:34 UTC 2019 /home/travis/build/icyphy/ptII/ptolemy/actor/lib/test/auto/PoissonClock2.xml
----------------- Instantiating /home/travis/build/icyphy/ptII/ptolemy/actor/lib/test/auto/PoissonClock2.xml
2 ms. Memory: 387072K Free: 139253K (36%)
----------------- Invoking toplevel() on ptolemy.moml.MoMLSimpleApplication@2dc38b18
----------------- Done invoking toplevel() on ptolemy.moml.MoMLSimpleApplication@2dc38b18
reloadAllAccessors: .PoissonClock2

===========================================================================================
----------------- testing Sat Dec 14 06:24:34 UTC 2019 /home/travis/build/icyphy/ptII/ptolemy/actor/lib/test/auto/PoissonClock3.xml
----------------- Instantiating /home/travis/build/icyphy/ptII/ptolemy/actor/lib/test/auto/PoissonClock3.xml
2 ms. Memory: 387072K Free: 134643K (35%)
----------------- Invoking toplevel() on ptolemy.moml.MoMLSimpleApplication@edad254
----------------- Done invoking toplevel() on ptolemy.moml.MoMLSimpleApplication@edad254
reloadAllAccessors: .PoissonClock3

===========================================================================================
----------------- testing Sat Dec 14 06:24:34 UTC 2019 /home/travis/build/icyphy/ptII/ptolemy/actor/lib/test/auto/PubSubWithInitialTokens.xml
----------------- Instantiating /home/travis/build/icyphy/ptII/ptolemy/actor/lib/test/auto/PubSubWithInitialTokens.xml
2 ms. Memory: 387072K Free: 129509K (33%)
----------------- Invoking toplevel() on ptolemy.moml.MoMLSimpleApplication@15ae59c1
----------------- Done invoking toplevel() on ptolemy.moml.MoMLSimpleApplication@15ae59c1
reloadAllAccessors: .PubSubWithInitialTokens

===========================================================================================
----------------- testing Sat Dec 14 06:24:34 UTC 2019 /home/travis/build/icyphy/ptII/ptolemy/actor/lib/test/auto/PubSubWithInitialTokens2.xml
----------------- Instantiating /home/travis/build/icyphy/ptII/ptolemy/actor/lib/test/auto/PubSubWithInitialTokens2.xml
2 ms. Memory: 387072K Free: 123373K (32%)
----------------- Invoking toplevel() on ptolemy.moml.MoMLSimpleApplication@6042d86f
----------------- Done invoking toplevel() on ptolemy.moml.MoMLSimpleApplication@6042d86f
reloadAllAccessors: .PubSubWithInitialTokens2

===========================================================================================
----------------- testing Sat Dec 14 06:24:34 UTC 2019 /home/travis/build/icyphy/ptII/ptolemy/actor/lib/test/auto/PublisherClassNoParameter.xml
----------------- Instantiating /home/travis/build/icyphy/ptII/ptolemy/actor/lib/test/auto/PublisherClassNoParameter.xml
2 ms. Memory: 387072K Free: 113653K (29%)
----------------- Invoking toplevel() on ptolemy.moml.MoMLSimpleApplication@64767031
----------------- Done invoking toplevel() on ptolemy.moml.MoMLSimpleApplication@64767031
reloadAllAccessors: .PublisherClassNoParameter

===========================================================================================
----------------- testing Sat Dec 14 06:24:35 UTC 2019 /home/travis/build/icyphy/ptII/ptolemy/actor/lib/test/auto/PublisherClassParameter.xml
----------------- Instantiating /home/travis/build/icyphy/ptII/ptolemy/actor/lib/test/auto/PublisherClassParameter.xml
3 ms. Memory: 387072K Free: 331238K (86%)
----------------- Invoking toplevel() on ptolemy.moml.MoMLSimpleApplication@70bc84d2
----------------- Done invoking toplevel() on ptolemy.moml.MoMLSimpleApplication@70bc84d2
reloadAllAccessors: .PublisherClassParameter

===========================================================================================
----------------- testing Sat Dec 14 06:24:35 UTC 2019 /home/travis/build/icyphy/ptII/ptolemy/actor/lib/test/auto/PublisherNonStrictTest.xml
----------------- Instantiating /home/travis/build/icyphy/ptII/ptolemy/actor/lib/test/auto/PublisherNonStrictTest.xml
2 ms. Memory: 387072K Free: 323550K (84%)
----------------- Invoking toplevel() on ptolemy.moml.MoMLSimpleApplication@24129e09
----------------- Done invoking toplevel() on ptolemy.moml.MoMLSimpleApplication@24129e09
reloadAllAccessors: .PublisherNonStrictTest

===========================================================================================
----------------- testing Sat Dec 14 06:24:35 UTC 2019 /home/travis/build/icyphy/ptII/ptolemy/actor/lib/test/auto/PublisherPort1.xml
----------------- Instantiating /home/travis/build/icyphy/ptII/ptolemy/actor/lib/test/auto/PublisherPort1.xml
3 ms. Memory: 387072K Free: 317926K (82%)
----------------- Invoking toplevel() on ptolemy.moml.MoMLSimpleApplication@7dd7f411
----------------- Done invoking toplevel() on ptolemy.moml.MoMLSimpleApplication@7dd7f411
reloadAllAccessors: .PublisherPort1

===========================================================================================
----------------- testing Sat Dec 14 06:24:35 UTC 2019 /home/travis/build/icyphy/ptII/ptolemy/actor/lib/test/auto/PublisherPort2.xml
----------------- Instantiating /home/travis/build/icyphy/ptII/ptolemy/actor/lib/test/auto/PublisherPort2.xml
1 ms. Memory: 387072K Free: 312806K (81%)
----------------- Invoking toplevel() on ptolemy.moml.MoMLSimpleApplication@58ce4e51
----------------- Done invoking toplevel() on ptolemy.moml.MoMLSimpleApplication@58ce4e51
reloadAllAccessors: .PublisherPort2

===========================================================================================
----------------- testing Sat Dec 14 06:24:35 UTC 2019 /home/travis/build/icyphy/ptII/ptolemy/actor/lib/test/auto/PublisherPort3.xml
----------------- Instantiating /home/travis/build/icyphy/ptII/ptolemy/actor/lib/test/auto/PublisherPort3.xml
11 ms. Memory: 387072K Free: 306118K (79%)
----------------- Invoking toplevel() on ptolemy.moml.MoMLSimpleApplication@1c165c87
----------------- Done invoking toplevel() on ptolemy.moml.MoMLSimpleApplication@1c165c87
reloadAllAccessors: .PublisherPort3

===========================================================================================
----------------- testing Sat Dec 14 06:24:35 UTC 2019 /home/travis/build/icyphy/ptII/ptolemy/actor/lib/test/auto/PublisherPort4.xml
----------------- Instantiating /home/travis/build/icyphy/ptII/ptolemy/actor/lib/test/auto/PublisherPort4.xml
2 ms. Memory: 387072K Free: 300518K (78%)
----------------- Invoking toplevel() on ptolemy.moml.MoMLSimpleApplication@4ca9391c
----------------- Done invoking toplevel() on ptolemy.moml.MoMLSimpleApplication@4ca9391c
reloadAllAccessors: .PublisherPort4

===========================================================================================
----------------- testing Sat Dec 14 06:24:35 UTC 2019 /home/travis/build/icyphy/ptII/ptolemy/actor/lib/test/auto/PublisherPort5.xml
----------------- Instantiating /home/travis/build/icyphy/ptII/ptolemy/actor/lib/test/auto/PublisherPort5.xml
3 ms. Memory: 387072K Free: 292836K (76%)
----------------- Invoking toplevel() on ptolemy.moml.MoMLSimpleApplication@4d843e70
----------------- Done invoking toplevel() on ptolemy.moml.MoMLSimpleApplication@4d843e70
reloadAllAccessors: .PublisherPort5

===========================================================================================
----------------- testing Sat Dec 14 06:24:35 UTC 2019 /home/travis/build/icyphy/ptII/ptolemy/actor/lib/test/auto/PublisherPort5LookAlike.xml
----------------- Instantiating /home/travis/build/icyphy/ptII/ptolemy/actor/lib/test/auto/PublisherPort5LookAlike.xml
7 ms. Memory: 387072K Free: 285158K (74%)
----------------- Invoking toplevel() on ptolemy.moml.MoMLSimpleApplication@2236c5c2
----------------- Done invoking toplevel() on ptolemy.moml.MoMLSimpleApplication@2236c5c2
reloadAllAccessors: .PublisherPort5LookAlike

===========================================================================================
----------------- testing Sat Dec 14 06:24:35 UTC 2019 /home/travis/build/icyphy/ptII/ptolemy/actor/lib/test/auto/PublisherPort6.xml
----------------- Instantiating /home/travis/build/icyphy/ptII/ptolemy/actor/lib/test/auto/PublisherPort6.xml
2 ms. Memory: 387072K Free: 278486K (72%)
----------------- Invoking toplevel() on ptolemy.moml.MoMLSimpleApplication@4110b8b
----------------- Done invoking toplevel() on ptolemy.moml.MoMLSimpleApplication@4110b8b
reloadAllAccessors: .PublisherPort6

===========================================================================================
----------------- testing Sat Dec 14 06:24:35 UTC 2019 /home/travis/build/icyphy/ptII/ptolemy/actor/lib/test/auto/PublisherPort7.xml
----------------- Instantiating /home/travis/build/icyphy/ptII/ptolemy/actor/lib/test/auto/PublisherPort7.xml
3 ms. Memory: 387072K Free: 270822K (70%)
----------------- Invoking toplevel() on ptolemy.moml.MoMLSimpleApplication@1466884f
----------------- Done invoking toplevel() on ptolemy.moml.MoMLSimpleApplication@1466884f
reloadAllAccessors: .PublisherPort7

===========================================================================================
----------------- testing Sat Dec 14 06:24:35 UTC 2019 /home/travis/build/icyphy/ptII/ptolemy/actor/lib/test/auto/PublisherPort8.xml
----------------- Instantiating /home/travis/build/icyphy/ptII/ptolemy/actor/lib/test/auto/PublisherPort8.xml
5 ms. Memory: 387072K Free: 262630K (68%)
----------------- Invoking toplevel() on ptolemy.moml.MoMLSimpleApplication@36d119ec
----------------- Done invoking toplevel() on ptolemy.moml.MoMLSimpleApplication@36d119ec
reloadAllAccessors: .PublisherPort8

===========================================================================================
----------------- testing Sat Dec 14 06:24:35 UTC 2019 /home/travis/build/icyphy/ptII/ptolemy/actor/lib/test/auto/PublisherPortSubscriberChannelVariablesAOC2.xml
----------------- Instantiating /home/travis/build/icyphy/ptII/ptolemy/actor/lib/test/auto/PublisherPortSubscriberChannelVariablesAOC2.xml
3 ms. Memory: 387072K Free: 245732K (63%)
----------------- Invoking toplevel() on ptolemy.moml.MoMLSimpleApplication@3e31851e
----------------- Done invoking toplevel() on ptolemy.moml.MoMLSimpleApplication@3e31851e
reloadAllAccessors: .PublisherPortSubscriberChannelVariablesAOC2

===========================================================================================
----------------- testing Sat Dec 14 06:24:35 UTC 2019 /home/travis/build/icyphy/ptII/ptolemy/actor/lib/test/auto/PublisherPortSubscriberOpaqueWidthInference.xml
----------------- Instantiating /home/travis/build/icyphy/ptII/ptolemy/actor/lib/test/auto/PublisherPortSubscriberOpaqueWidthInference.xml
4 ms. Memory: 387072K Free: 238054K (62%)
----------------- Invoking toplevel() on ptolemy.moml.MoMLSimpleApplication@59eb3908
----------------- Done invoking toplevel() on ptolemy.moml.MoMLSimpleApplication@59eb3908
reloadAllAccessors: .PublisherPortSubscriberOpaqueWidthInference

===========================================================================================
----------------- testing Sat Dec 14 06:24:35 UTC 2019 /home/travis/build/icyphy/ptII/ptolemy/actor/lib/test/auto/PublisherPortSubscriberPortAdjacent.xml
----------------- Instantiating /home/travis/build/icyphy/ptII/ptolemy/actor/lib/test/auto/PublisherPortSubscriberPortAdjacent.xml
2 ms. Memory: 387072K Free: 229862K (59%)
----------------- Invoking toplevel() on ptolemy.moml.MoMLSimpleApplication@11497fc6
----------------- Done invoking toplevel() on ptolemy.moml.MoMLSimpleApplication@11497fc6
reloadAllAccessors: .PublisherPortSubscriberPortAdjacent

===========================================================================================
----------------- testing Sat Dec 14 06:24:35 UTC 2019 /home/travis/build/icyphy/ptII/ptolemy/actor/lib/test/auto/PublisherPortSubscriberPortExpression.xml
----------------- Instantiating /home/travis/build/icyphy/ptII/ptolemy/actor/lib/test/auto/PublisherPortSubscriberPortExpression.xml
6 ms. Memory: 387072K Free: 222174K (57%)
----------------- Invoking toplevel() on ptolemy.moml.MoMLSimpleApplication@464273fe
----------------- Done invoking toplevel() on ptolemy.moml.MoMLSimpleApplication@464273fe
reloadAllAccessors: .PublisherPortSubscriberPortExpression

===========================================================================================
----------------- testing Sat Dec 14 06:24:35 UTC 2019 /home/travis/build/icyphy/ptII/ptolemy/actor/lib/test/auto/PublisherPortSubscriberPortOpaqueD3Reverse.xml
----------------- Instantiating /home/travis/build/icyphy/ptII/ptolemy/actor/lib/test/auto/PublisherPortSubscriberPortOpaqueD3Reverse.xml
8 ms. Memory: 387072K Free: 211940K (55%)
----------------- Invoking toplevel() on ptolemy.moml.MoMLSimpleApplication@23334b18
----------------- Done invoking toplevel() on ptolemy.moml.MoMLSimpleApplication@23334b18
reloadAllAccessors: .PublisherPortSubscriberPortOpaqueD3Reverse

===========================================================================================
----------------- testing Sat Dec 14 06:24:35 UTC 2019 /home/travis/build/icyphy/ptII/ptolemy/actor/lib/test/auto/PublisherPortSubscriberPortOpaqueWidthInference.xml
----------------- Instantiating /home/travis/build/icyphy/ptII/ptolemy/actor/lib/test/auto/PublisherPortSubscriberPortOpaqueWidthInference.xml
3 ms. Memory: 387072K Free: 204262K (53%)
----------------- Invoking toplevel() on ptolemy.moml.MoMLSimpleApplication@4cad43ec
----------------- Done invoking toplevel() on ptolemy.moml.MoMLSimpleApplication@4cad43ec
reloadAllAccessors: .PublisherPortSubscriberPortOpaqueWidthInference

===========================================================================================
----------------- testing Sat Dec 14 06:24:35 UTC 2019 /home/travis/build/icyphy/ptII/ptolemy/actor/lib/test/auto/PublisherPortToplevelSubscriberPortAOC.xml
----------------- Instantiating /home/travis/build/icyphy/ptII/ptolemy/actor/lib/test/auto/PublisherPortToplevelSubscriberPortAOC.xml
.PublisherPortToplevelSubscriberPortAOC.TestExceptionAttribute: initialize() was not invoked, but wrapup() was.  This is unusual, but not always a problem.  For example, exporting JNLP will do this.
1 ms. Memory: 387072K Free: 198628K (51%)
----------------- Invoking toplevel() on ptolemy.moml.MoMLSimpleApplication@1b628db6
----------------- Done invoking toplevel() on ptolemy.moml.MoMLSimpleApplication@1b628db6
reloadAllAccessors: .PublisherPortToplevelSubscriberPortAOC

===========================================================================================
----------------- testing Sat Dec 14 06:24:35 UTC 2019 /home/travis/build/icyphy/ptII/ptolemy/actor/lib/test/auto/PublisherSubscriber.xml
----------------- Instantiating /home/travis/build/icyphy/ptII/ptolemy/actor/lib/test/auto/PublisherSubscriber.xml
2 ms. Memory: 387072K Free: 190950K (49%)
----------------- Invoking toplevel() on ptolemy.moml.MoMLSimpleApplication@1d6dd730
----------------- Done invoking toplevel() on ptolemy.moml.MoMLSimpleApplication@1d6dd730
reloadAllAccessors: .PublisherSubscriber

===========================================================================================
----------------- testing Sat Dec 14 06:24:35 UTC 2019 /home/travis/build/icyphy/ptII/ptolemy/actor/lib/test/auto/PublisherSubscriber10.xml
----------------- Instantiating /home/travis/build/icyphy/ptII/ptolemy/actor/lib/test/auto/PublisherSubscriber10.xml
6 ms. Memory: 387072K Free: 181220K (47%)
----------------- Invoking toplevel() on ptolemy.moml.MoMLSimpleApplication@3794f649
----------------- Done invoking toplevel() on ptolemy.moml.MoMLSimpleApplication@3794f649
reloadAllAccessors: .PublisherSubscriber10

===========================================================================================
----------------- testing Sat Dec 14 06:24:35 UTC 2019 /home/travis/build/icyphy/ptII/ptolemy/actor/lib/test/auto/PublisherSubscriber10InitialOutputs.xml
----------------- Instantiating /home/travis/build/icyphy/ptII/ptolemy/actor/lib/test/auto/PublisherSubscriber10InitialOutputs.xml
13 ms. Memory: 387072K Free: 172004K (44%)
----------------- Invoking toplevel() on ptolemy.moml.MoMLSimpleApplication@4c399b69
----------------- Done invoking toplevel() on ptolemy.moml.MoMLSimpleApplication@4c399b69
reloadAllAccessors: .PublisherSubscriber10InitialOutputs

===========================================================================================
----------------- testing Sat Dec 14 06:24:35 UTC 2019 /home/travis/build/icyphy/ptII/ptolemy/actor/lib/test/auto/PublisherSubscriber11.xml
----------------- Instantiating /home/travis/build/icyphy/ptII/ptolemy/actor/lib/test/auto/PublisherSubscriber11.xml
2 ms. Memory: 387072K Free: 165830K (43%)
----------------- Invoking toplevel() on ptolemy.moml.MoMLSimpleApplication@483b6103
----------------- Done invoking toplevel() on ptolemy.moml.MoMLSimpleApplication@483b6103
reloadAllAccessors: .PublisherSubscriber11

===========================================================================================
----------------- testing Sat Dec 14 06:24:35 UTC 2019 /home/travis/build/icyphy/ptII/ptolemy/actor/lib/test/auto/PublisherSubscriber12.xml
----------------- Instantiating /home/travis/build/icyphy/ptII/ptolemy/actor/lib/test/auto/PublisherSubscriber12.xml
4 ms. Memory: 387072K Free: 158692K (41%)
----------------- Invoking toplevel() on ptolemy.moml.MoMLSimpleApplication@283569db
----------------- Done invoking toplevel() on ptolemy.moml.MoMLSimpleApplication@283569db
reloadAllAccessors: .PublisherSubscriber12

===========================================================================================
----------------- testing Sat Dec 14 06:24:35 UTC 2019 /home/travis/build/icyphy/ptII/ptolemy/actor/lib/test/auto/PublisherSubscriber13.xml
----------------- Instantiating /home/travis/build/icyphy/ptII/ptolemy/actor/lib/test/auto/PublisherSubscriber13.xml
2 ms. Memory: 387072K Free: 153062K (40%)
----------------- Invoking toplevel() on ptolemy.moml.MoMLSimpleApplication@4c4a68cf
----------------- Done invoking toplevel() on ptolemy.moml.MoMLSimpleApplication@4c4a68cf
reloadAllAccessors: .PublisherSubscriber13

===========================================================================================
----------------- testing Sat Dec 14 06:24:35 UTC 2019 /home/travis/build/icyphy/ptII/ptolemy/actor/lib/test/auto/PublisherSubscriber14.xml
----------------- Instantiating /home/travis/build/icyphy/ptII/ptolemy/actor/lib/test/auto/PublisherSubscriber14.xml
3 ms. Memory: 387072K Free: 145380K (38%)
----------------- Invoking toplevel() on ptolemy.moml.MoMLSimpleApplication@60b6a1a9
----------------- Done invoking toplevel() on ptolemy.moml.MoMLSimpleApplication@60b6a1a9
reloadAllAccessors: .PublisherSubscriber14

===========================================================================================
----------------- testing Sat Dec 14 06:24:35 UTC 2019 /home/travis/build/icyphy/ptII/ptolemy/actor/lib/test/auto/PublisherSubscriber2.xml
----------------- Instantiating /home/travis/build/icyphy/ptII/ptolemy/actor/lib/test/auto/PublisherSubscriber2.xml
3 ms. Memory: 387072K Free: 140246K (36%)
----------------- Invoking toplevel() on ptolemy.moml.MoMLSimpleApplication@7689e62f
----------------- Done invoking toplevel() on ptolemy.moml.MoMLSimpleApplication@7689e62f
reloadAllAccessors: .PublisherSubscriber2

===========================================================================================
----------------- testing Sat Dec 14 06:24:35 UTC 2019 /home/travis/build/icyphy/ptII/ptolemy/actor/lib/test/auto/PublisherSubscriber3.xml
----------------- Instantiating /home/travis/build/icyphy/ptII/ptolemy/actor/lib/test/auto/PublisherSubscriber3.xml
1 ms. Memory: 387072K Free: 134630K (35%)
----------------- Invoking toplevel() on ptolemy.moml.MoMLSimpleApplication@101ab077
----------------- Done invoking toplevel() on ptolemy.moml.MoMLSimpleApplication@101ab077
reloadAllAccessors: .PublisherSubscriber3

===========================================================================================
----------------- testing Sat Dec 14 06:24:35 UTC 2019 /home/travis/build/icyphy/ptII/ptolemy/actor/lib/test/auto/PublisherSubscriber4.xml
----------------- Instantiating /home/travis/build/icyphy/ptII/ptolemy/actor/lib/test/auto/PublisherSubscriber4.xml
2 ms. Memory: 387072K Free: 129510K (33%)
----------------- Invoking toplevel() on ptolemy.moml.MoMLSimpleApplication@6a4d4dbd
----------------- Done invoking toplevel() on ptolemy.moml.MoMLSimpleApplication@6a4d4dbd
reloadAllAccessors: .PublisherSubscriber4

===========================================================================================
----------------- testing Sat Dec 14 06:24:35 UTC 2019 /home/travis/build/icyphy/ptII/ptolemy/actor/lib/test/auto/PublisherSubscriber5.xml
----------------- Instantiating /home/travis/build/icyphy/ptII/ptolemy/actor/lib/test/auto/PublisherSubscriber5.xml
2 ms. Memory: 387072K Free: 122838K (32%)
----------------- Invoking toplevel() on ptolemy.moml.MoMLSimpleApplication@34d74597
----------------- Done invoking toplevel() on ptolemy.moml.MoMLSimpleApplication@34d74597
reloadAllAccessors: .PublisherSubscriber5

===========================================================================================
----------------- testing Sat Dec 14 06:24:35 UTC 2019 /home/travis/build/icyphy/ptII/ptolemy/actor/lib/test/auto/PublisherSubscriber6.xml
----------------- Instantiating /home/travis/build/icyphy/ptII/ptolemy/actor/lib/test/auto/PublisherSubscriber6.xml
4 ms. Memory: 387072K Free: 116198K (30%)
----------------- Invoking toplevel() on ptolemy.moml.MoMLSimpleApplication@4d68725e
----------------- Done invoking toplevel() on ptolemy.moml.MoMLSimpleApplication@4d68725e
reloadAllAccessors: .PublisherSubscriber6

===========================================================================================
----------------- testing Sat Dec 14 06:24:35 UTC 2019 /home/travis/build/icyphy/ptII/ptolemy/actor/lib/test/auto/PublisherSubscriber7.xml
----------------- Instantiating /home/travis/build/icyphy/ptII/ptolemy/actor/lib/test/auto/PublisherSubscriber7.xml
6 ms. Memory: 387072K Free: 337624K (87%)
----------------- Invoking toplevel() on ptolemy.moml.MoMLSimpleApplication@7fca1d1d
----------------- Done invoking toplevel() on ptolemy.moml.MoMLSimpleApplication@7fca1d1d
reloadAllAccessors: .PublisherSubscriber7

===========================================================================================
----------------- testing Sat Dec 14 06:24:35 UTC 2019 /home/travis/build/icyphy/ptII/ptolemy/actor/lib/test/auto/PublisherSubscriber8.xml
----------------- Instantiating /home/travis/build/icyphy/ptII/ptolemy/actor/lib/test/auto/PublisherSubscriber8.xml
11 ms. Memory: 387072K Free: 325864K (84%)
----------------- Invoking toplevel() on ptolemy.moml.MoMLSimpleApplication@7d9f9804
----------------- Done invoking toplevel() on ptolemy.moml.MoMLSimpleApplication@7d9f9804
reloadAllAccessors: .PublisherSubscriber8

===========================================================================================
----------------- testing Sat Dec 14 06:24:35 UTC 2019 /home/travis/build/icyphy/ptII/ptolemy/actor/lib/test/auto/PublisherSubscriber9.xml
----------------- Instantiating /home/travis/build/icyphy/ptII/ptolemy/actor/lib/test/auto/PublisherSubscriber9.xml
3 ms. Memory: 387072K Free: 318696K (82%)
----------------- Invoking toplevel() on ptolemy.moml.MoMLSimpleApplication@14e32f06
----------------- Done invoking toplevel() on ptolemy.moml.MoMLSimpleApplication@14e32f06
reloadAllAccessors: .PublisherSubscriber9

===========================================================================================
----------------- testing Sat Dec 14 06:24:35 UTC 2019 /home/travis/build/icyphy/ptII/ptolemy/actor/lib/test/auto/PublisherSubscriberAdjacent.xml
----------------- Instantiating /home/travis/build/icyphy/ptII/ptolemy/actor/lib/test/auto/PublisherSubscriberAdjacent.xml
2 ms. Memory: 387072K Free: 310504K (80%)
----------------- Invoking toplevel() on ptolemy.moml.MoMLSimpleApplication@60ae4643
----------------- Done invoking toplevel() on ptolemy.moml.MoMLSimpleApplication@60ae4643
reloadAllAccessors: .PublisherSubscriberAdjacent

===========================================================================================
----------------- testing Sat Dec 14 06:24:35 UTC 2019 /home/travis/build/icyphy/ptII/ptolemy/actor/lib/test/auto/PublisherSubscriberChannelVariablesAOC2.xml
----------------- Instantiating /home/travis/build/icyphy/ptII/ptolemy/actor/lib/test/auto/PublisherSubscriberChannelVariablesAOC2.xml
3 ms. Memory: 387072K Free: 295640K (76%)
----------------- Invoking toplevel() on ptolemy.moml.MoMLSimpleApplication@4aed28a6
----------------- Done invoking toplevel() on ptolemy.moml.MoMLSimpleApplication@4aed28a6
reloadAllAccessors: .PublisherSubscriberChannelVariablesAOC2

===========================================================================================
----------------- testing Sat Dec 14 06:24:35 UTC 2019 /home/travis/build/icyphy/ptII/ptolemy/actor/lib/test/auto/PublisherSubscriberD3.xml
----------------- Instantiating /home/travis/build/icyphy/ptII/ptolemy/actor/lib/test/auto/PublisherSubscriberD3.xml
1 ms. Memory: 387072K Free: 288486K (75%)
----------------- Invoking toplevel() on ptolemy.moml.MoMLSimpleApplication@4076976c
----------------- Done invoking toplevel() on ptolemy.moml.MoMLSimpleApplication@4076976c
reloadAllAccessors: .PublisherSubscriberD3

===========================================================================================
----------------- testing Sat Dec 14 06:24:35 UTC 2019 /home/travis/build/icyphy/ptII/ptolemy/actor/lib/test/auto/PublisherSubscriberD3Reverse.xml
----------------- Instantiating /home/travis/build/icyphy/ptII/ptolemy/actor/lib/test/auto/PublisherSubscriberD3Reverse.xml
2 ms. Memory: 387072K Free: 282342K (73%)
----------------- Invoking toplevel() on ptolemy.moml.MoMLSimpleApplication@77ba4c6b
----------------- Done invoking toplevel() on ptolemy.moml.MoMLSimpleApplication@77ba4c6b
reloadAllAccessors: .PublisherSubscriberD3Reverse

===========================================================================================
----------------- testing Sat Dec 14 06:24:35 UTC 2019 /home/travis/build/icyphy/ptII/ptolemy/actor/lib/test/auto/PublisherSubscriberExpression.xml
----------------- Instantiating /home/travis/build/icyphy/ptII/ptolemy/actor/lib/test/auto/PublisherSubscriberExpression.xml
3 ms. Memory: 387072K Free: 274120K (71%)
----------------- Invoking toplevel() on ptolemy.moml.MoMLSimpleApplication@6bf9797b
----------------- Done invoking toplevel() on ptolemy.moml.MoMLSimpleApplication@6bf9797b
reloadAllAccessors: .PublisherSubscriberExpression

===========================================================================================
----------------- testing Sat Dec 14 06:24:35 UTC 2019 /home/travis/build/icyphy/ptII/ptolemy/actor/lib/test/auto/PublisherSubscriberOpaque.xml
----------------- Instantiating /home/travis/build/icyphy/ptII/ptolemy/actor/lib/test/auto/PublisherSubscriberOpaque.xml
3 ms. Memory: 387072K Free: 265958K (69%)
----------------- Invoking toplevel() on ptolemy.moml.MoMLSimpleApplication@7b6bcd4d
----------------- Done invoking toplevel() on ptolemy.moml.MoMLSimpleApplication@7b6bcd4d
reloadAllAccessors: .PublisherSubscriberOpaque

===========================================================================================
----------------- testing Sat Dec 14 06:24:35 UTC 2019 /home/travis/build/icyphy/ptII/ptolemy/actor/lib/test/auto/PublisherSubscriberOpaqueD3.xml
----------------- Instantiating /home/travis/build/icyphy/ptII/ptolemy/actor/lib/test/auto/PublisherSubscriberOpaqueD3.xml
4 ms. Memory: 387072K Free: 254694K (66%)
----------------- Invoking toplevel() on ptolemy.moml.MoMLSimpleApplication@6d8cc8c6
----------------- Done invoking toplevel() on ptolemy.moml.MoMLSimpleApplication@6d8cc8c6
reloadAllAccessors: .PublisherSubscriberOpaqueD3

===========================================================================================
----------------- testing Sat Dec 14 06:24:35 UTC 2019 /home/travis/build/icyphy/ptII/ptolemy/actor/lib/test/auto/PublisherSubscriberOpaqueD3Reverse.xml
----------------- Instantiating /home/travis/build/icyphy/ptII/ptolemy/actor/lib/test/auto/PublisherSubscriberOpaqueD3Reverse.xml
8 ms. Memory: 387072K Free: 244454K (63%)
----------------- Invoking toplevel() on ptolemy.moml.MoMLSimpleApplication@7798fb55
----------------- Done invoking toplevel() on ptolemy.moml.MoMLSimpleApplication@7798fb55
reloadAllAccessors: .PublisherSubscriberOpaqueD3Reverse

===========================================================================================
----------------- testing Sat Dec 14 06:24:35 UTC 2019 /home/travis/build/icyphy/ptII/ptolemy/actor/lib/test/auto/PublisherSubscriberOpaqueWidthInference.xml
----------------- Instantiating /home/travis/build/icyphy/ptII/ptolemy/actor/lib/test/auto/PublisherSubscriberOpaqueWidthInference.xml
4 ms. Memory: 387072K Free: 236248K (61%)
----------------- Invoking toplevel() on ptolemy.moml.MoMLSimpleApplication@259e4147
----------------- Done invoking toplevel() on ptolemy.moml.MoMLSimpleApplication@259e4147
reloadAllAccessors: .PublisherSubscriberOpaqueWidthInference

===========================================================================================
----------------- testing Sat Dec 14 06:24:35 UTC 2019 /home/travis/build/icyphy/ptII/ptolemy/actor/lib/test/auto/PublisherTestSubscriber.xml
----------------- Instantiating /home/travis/build/icyphy/ptII/ptolemy/actor/lib/test/auto/PublisherTestSubscriber.xml
3 ms. Memory: 387072K Free: 228584K (59%)
----------------- Invoking toplevel() on ptolemy.moml.MoMLSimpleApplication@718c86d0
----------------- Done invoking toplevel() on ptolemy.moml.MoMLSimpleApplication@718c86d0
reloadAllAccessors: .PublisherTestSubscriber

===========================================================================================
----------------- testing Sat Dec 14 06:24:35 UTC 2019 /home/travis/build/icyphy/ptII/ptolemy/actor/lib/test/auto/PublisherToplevelSubscriberPortAOC.xml
----------------- Instantiating /home/travis/build/icyphy/ptII/ptolemy/actor/lib/test/auto/PublisherToplevelSubscriberPortAOC.xml
2 ms. Memory: 387072K Free: 222440K (57%)
----------------- Invoking toplevel() on ptolemy.moml.MoMLSimpleApplication@295f30a7
----------------- Done invoking toplevel() on ptolemy.moml.MoMLSimpleApplication@295f30a7
reloadAllAccessors: .PublisherToplevelSubscriberPortAOC

===========================================================================================
----------------- testing Sat Dec 14 06:24:35 UTC 2019 /home/travis/build/icyphy/ptII/ptolemy/actor/lib/test/auto/PulseFiringLimitDE.xml
----------------- Instantiating /home/travis/build/icyphy/ptII/ptolemy/actor/lib/test/auto/PulseFiringLimitDE.xml
2 ms. Memory: 387072K Free: 216296K (56%)
----------------- Invoking toplevel() on ptolemy.moml.MoMLSimpleApplication@19fca94e
----------------- Done invoking toplevel() on ptolemy.moml.MoMLSimpleApplication@19fca94e
reloadAllAccessors: .PulseFiringLimitDE

===========================================================================================
----------------- testing Sat Dec 14 06:24:35 UTC 2019 /home/travis/build/icyphy/ptII/ptolemy/actor/lib/test/auto/Ramp1.xml
----------------- Instantiating /home/travis/build/icyphy/ptII/ptolemy/actor/lib/test/auto/Ramp1.xml
1 ms. Memory: 387072K Free: 212200K (55%)
----------------- Invoking toplevel() on ptolemy.moml.MoMLSimpleApplication@4bc020e9
----------------- Done invoking toplevel() on ptolemy.moml.MoMLSimpleApplication@4bc020e9
reloadAllAccessors: .Ramp1

===========================================================================================
----------------- testing Sat Dec 14 06:24:35 UTC 2019 /home/travis/build/icyphy/ptII/ptolemy/actor/lib/test/auto/RampFiringLimitDE.xml
----------------- Instantiating /home/travis/build/icyphy/ptII/ptolemy/actor/lib/test/auto/RampFiringLimitDE.xml
2 ms. Memory: 387072K Free: 206056K (53%)
----------------- Invoking toplevel() on ptolemy.moml.MoMLSimpleApplication@19dd877e
----------------- Done invoking toplevel() on ptolemy.moml.MoMLSimpleApplication@19dd877e
reloadAllAccessors: .RampFiringLimitDE

===========================================================================================
----------------- testing Sat Dec 14 06:24:35 UTC 2019 /home/travis/build/icyphy/ptII/ptolemy/actor/lib/test/auto/RampFiringLimitSDF.xml
----------------- Instantiating /home/travis/build/icyphy/ptII/ptolemy/actor/lib/test/auto/RampFiringLimitSDF.xml
2 ms. Memory: 387072K Free: 200936K (52%)
----------------- Invoking toplevel() on ptolemy.moml.MoMLSimpleApplication@55ff06ff
----------------- Done invoking toplevel() on ptolemy.moml.MoMLSimpleApplication@55ff06ff
reloadAllAccessors: .RampFiringLimitSDF

===========================================================================================
----------------- testing Sat Dec 14 06:24:35 UTC 2019 /home/travis/build/icyphy/ptII/ptolemy/actor/lib/test/auto/RandomInteger.xml
----------------- Instantiating /home/travis/build/icyphy/ptII/ptolemy/actor/lib/test/auto/RandomInteger.xml
1 ms. Memory: 387072K Free: 196840K (51%)
----------------- Invoking toplevel() on ptolemy.moml.MoMLSimpleApplication@13907dce
----------------- Done invoking toplevel() on ptolemy.moml.MoMLSimpleApplication@13907dce
reloadAllAccessors: .RandomInteger

===========================================================================================
----------------- testing Sat Dec 14 06:24:35 UTC 2019 /home/travis/build/icyphy/ptII/ptolemy/actor/lib/test/auto/ReadFile1.xml
----------------- Instantiating /home/travis/build/icyphy/ptII/ptolemy/actor/lib/test/auto/ReadFile1.xml
1 ms. Memory: 387072K Free: 192216K (50%)
----------------- Invoking toplevel() on ptolemy.moml.MoMLSimpleApplication@76eecda1
----------------- Done invoking toplevel() on ptolemy.moml.MoMLSimpleApplication@76eecda1
reloadAllAccessors: .ReadFile1

===========================================================================================
----------------- testing Sat Dec 14 06:24:35 UTC 2019 /home/travis/build/icyphy/ptII/ptolemy/actor/lib/test/auto/ReadFile2.xml
----------------- Instantiating /home/travis/build/icyphy/ptII/ptolemy/actor/lib/test/auto/ReadFile2.xml
1 ms. Memory: 387072K Free: 188134K (49%)
----------------- Invoking toplevel() on ptolemy.moml.MoMLSimpleApplication@5b5e10fe
----------------- Done invoking toplevel() on ptolemy.moml.MoMLSimpleApplication@5b5e10fe
reloadAllAccessors: .ReadFile2

===========================================================================================
----------------- testing Sat Dec 14 06:24:35 UTC 2019 /home/travis/build/icyphy/ptII/ptolemy/actor/lib/test/auto/Reader.xml
----------------- Instantiating /home/travis/build/icyphy/ptII/ptolemy/actor/lib/test/auto/Reader.xml
actor.lib.Reader is obsolete, use actor.lib.io.ExpressionReader instead
3 ms. Memory: 387072K Free: 184038K (48%)
----------------- Invoking toplevel() on ptolemy.moml.MoMLSimpleApplication@474ab111
----------------- Done invoking toplevel() on ptolemy.moml.MoMLSimpleApplication@474ab111
reloadAllAccessors: .Reader

===========================================================================================
----------------- testing Sat Dec 14 06:24:35 UTC 2019 /home/travis/build/icyphy/ptII/ptolemy/actor/lib/test/auto/RecordAssemblerDisplayNameTest.xml
----------------- Instantiating /home/travis/build/icyphy/ptII/ptolemy/actor/lib/test/auto/RecordAssemblerDisplayNameTest.xml
3660 ms. Memory: 387072K Free: 302967K (78%)
----------------- Invoking toplevel() on ptolemy.moml.MoMLSimpleApplication@55fe781a
----------------- Done invoking toplevel() on ptolemy.moml.MoMLSimpleApplication@55fe781a
reloadAllAccessors: .RecordAssemblerDisplayNameTest

===========================================================================================
----------------- testing Sat Dec 14 06:24:39 UTC 2019 /home/travis/build/icyphy/ptII/ptolemy/actor/lib/test/auto/RecordAssemblerTypeError.xml
----------------- Instantiating /home/travis/build/icyphy/ptII/ptolemy/actor/lib/test/auto/RecordAssemblerTypeError.xml
16 ms. Memory: 387072K Free: 293751K (76%)
----------------- Invoking toplevel() on ptolemy.moml.MoMLSimpleApplication@2ac26da8
----------------- Done invoking toplevel() on ptolemy.moml.MoMLSimpleApplication@2ac26da8
reloadAllAccessors: .RecordAssemblerTypeError

===========================================================================================
----------------- testing Sat Dec 14 06:24:39 UTC 2019 /home/travis/build/icyphy/ptII/ptolemy/actor/lib/test/auto/RecordDisassember.xml
----------------- Instantiating /home/travis/build/icyphy/ptII/ptolemy/actor/lib/test/auto/RecordDisassember.xml
4 ms. Memory: 387072K Free: 289145K (75%)
----------------- Invoking toplevel() on ptolemy.moml.MoMLSimpleApplication@75933fba
----------------- Done invoking toplevel() on ptolemy.moml.MoMLSimpleApplication@75933fba
reloadAllAccessors: .RecordDisassember

===========================================================================================
----------------- testing Sat Dec 14 06:24:39 UTC 2019 /home/travis/build/icyphy/ptII/ptolemy/actor/lib/test/auto/RecordDisassemberDisplayNameTest.xml
----------------- Instantiating /home/travis/build/icyphy/ptII/ptolemy/actor/lib/test/auto/RecordDisassemberDisplayNameTest.xml
7 ms. Memory: 387072K Free: 281463K (73%)
----------------- Invoking toplevel() on ptolemy.moml.MoMLSimpleApplication@2e1caf2d
----------------- Done invoking toplevel() on ptolemy.moml.MoMLSimpleApplication@2e1caf2d
reloadAllAccessors: .RecordDisassemberDisplayNameTest

===========================================================================================
----------------- testing Sat Dec 14 06:24:39 UTC 2019 /home/travis/build/icyphy/ptII/ptolemy/actor/lib/test/auto/RecordDisassembler.xml
----------------- Instantiating /home/travis/build/icyphy/ptII/ptolemy/actor/lib/test/auto/RecordDisassembler.xml
4 ms. Memory: 387072K Free: 276328K (71%)
----------------- Invoking toplevel() on ptolemy.moml.MoMLSimpleApplication@4b9a400
----------------- Done invoking toplevel() on ptolemy.moml.MoMLSimpleApplication@4b9a400
reloadAllAccessors: .RecordDisassembler

===========================================================================================
----------------- testing Sat Dec 14 06:24:39 UTC 2019 /home/travis/build/icyphy/ptII/ptolemy/actor/lib/test/auto/RecordDisassembler2.xml
----------------- Instantiating /home/travis/build/icyphy/ptII/ptolemy/actor/lib/test/auto/RecordDisassembler2.xml
4 ms. Memory: 387072K Free: 271192K (70%)
----------------- Invoking toplevel() on ptolemy.moml.MoMLSimpleApplication@4d53998d
----------------- Done invoking toplevel() on ptolemy.moml.MoMLSimpleApplication@4d53998d
reloadAllAccessors: .RecordDisassembler2

===========================================================================================
----------------- testing Sat Dec 14 06:24:39 UTC 2019 /home/travis/build/icyphy/ptII/ptolemy/actor/lib/test/auto/RecordUpdater.xml
----------------- Instantiating /home/travis/build/icyphy/ptII/ptolemy/actor/lib/test/auto/RecordUpdater.xml
2 ms. Memory: 387072K Free: 266103K (69%)
----------------- Invoking toplevel() on ptolemy.moml.MoMLSimpleApplication@48e9086e
----------------- Done invoking toplevel() on ptolemy.moml.MoMLSimpleApplication@48e9086e
reloadAllAccessors: .RecordUpdater

===========================================================================================
----------------- testing Sat Dec 14 06:24:39 UTC 2019 /home/travis/build/icyphy/ptII/ptolemy/actor/lib/test/auto/RecordUpdater2.xml
----------------- Instantiating /home/travis/build/icyphy/ptII/ptolemy/actor/lib/test/auto/RecordUpdater2.xml
2 ms. Memory: 387072K Free: 260983K (67%)
----------------- Invoking toplevel() on ptolemy.moml.MoMLSimpleApplication@18c114e1
----------------- Done invoking toplevel() on ptolemy.moml.MoMLSimpleApplication@18c114e1
reloadAllAccessors: .RecordUpdater2

===========================================================================================
----------------- testing Sat Dec 14 06:24:39 UTC 2019 /home/travis/build/icyphy/ptII/ptolemy/actor/lib/test/auto/RecursiveLattice.xml
----------------- Instantiating /home/travis/build/icyphy/ptII/ptolemy/actor/lib/test/auto/RecursiveLattice.xml
1 ms. Memory: 387072K Free: 256887K (66%)
----------------- Invoking toplevel() on ptolemy.moml.MoMLSimpleApplication@6954a654
----------------- Done invoking toplevel() on ptolemy.moml.MoMLSimpleApplication@6954a654
reloadAllAccessors: .RecursiveLattice

===========================================================================================
----------------- testing Sat Dec 14 06:24:39 UTC 2019 /home/travis/build/icyphy/ptII/ptolemy/actor/lib/test/auto/Router.xml
----------------- Instantiating /home/travis/build/icyphy/ptII/ptolemy/actor/lib/test/auto/Router.xml
3006 ms. Memory: 387072K Free: 245113K (63%)
----------------- Invoking toplevel() on ptolemy.moml.MoMLSimpleApplication@34644950
----------------- Done invoking toplevel() on ptolemy.moml.MoMLSimpleApplication@34644950
reloadAllAccessors: .Router

===========================================================================================
----------------- testing Sat Dec 14 06:24:42 UTC 2019 /home/travis/build/icyphy/ptII/ptolemy/actor/lib/test/auto/Router2.xml
----------------- Instantiating /home/travis/build/icyphy/ptII/ptolemy/actor/lib/test/auto/Router2.xml
3004 ms. Memory: 387072K Free: 233335K (60%)
----------------- Invoking toplevel() on ptolemy.moml.MoMLSimpleApplication@67b9c8bd
----------------- Done invoking toplevel() on ptolemy.moml.MoMLSimpleApplication@67b9c8bd
reloadAllAccessors: .Router2

===========================================================================================
----------------- testing Sat Dec 14 06:24:45 UTC 2019 /home/travis/build/icyphy/ptII/ptolemy/actor/lib/test/auto/RunningMaximum.xml
----------------- Instantiating /home/travis/build/icyphy/ptII/ptolemy/actor/lib/test/auto/RunningMaximum.xml
5 ms. Memory: 387072K Free: 228215K (59%)
----------------- Invoking toplevel() on ptolemy.moml.MoMLSimpleApplication@6c8fdf7c
----------------- Done invoking toplevel() on ptolemy.moml.MoMLSimpleApplication@6c8fdf7c
reloadAllAccessors: .RunningMaximum

===========================================================================================
----------------- testing Sat Dec 14 06:24:45 UTC 2019 /home/travis/build/icyphy/ptII/ptolemy/actor/lib/test/auto/RunningMinimum.xml
----------------- Instantiating /home/travis/build/icyphy/ptII/ptolemy/actor/lib/test/auto/RunningMinimum.xml
2 ms. Memory: 387072K Free: 223609K (58%)
----------------- Invoking toplevel() on ptolemy.moml.MoMLSimpleApplication@76026dad
----------------- Done invoking toplevel() on ptolemy.moml.MoMLSimpleApplication@76026dad
reloadAllAccessors: .RunningMinimum

===========================================================================================
----------------- testing Sat Dec 14 06:24:45 UTC 2019 /home/travis/build/icyphy/ptII/ptolemy/actor/lib/test/auto/Scale.xml
----------------- Instantiating /home/travis/build/icyphy/ptII/ptolemy/actor/lib/test/auto/Scale.xml
2 ms. Memory: 387072K Free: 218999K (57%)
----------------- Invoking toplevel() on ptolemy.moml.MoMLSimpleApplication@5c0586b2
----------------- Done invoking toplevel() on ptolemy.moml.MoMLSimpleApplication@5c0586b2
reloadAllAccessors: .Scale

===========================================================================================
----------------- testing Sat Dec 14 06:24:45 UTC 2019 /home/travis/build/icyphy/ptII/ptolemy/actor/lib/test/auto/Scale2.xml
----------------- Instantiating /home/travis/build/icyphy/ptII/ptolemy/actor/lib/test/auto/Scale2.xml
2 ms. Memory: 387072K Free: 214393K (55%)
----------------- Invoking toplevel() on ptolemy.moml.MoMLSimpleApplication@65977ed0
----------------- Done invoking toplevel() on ptolemy.moml.MoMLSimpleApplication@65977ed0
reloadAllAccessors: .Scale2

===========================================================================================
----------------- testing Sat Dec 14 06:24:45 UTC 2019 /home/travis/build/icyphy/ptII/ptolemy/actor/lib/test/auto/Scale3.xml
----------------- Instantiating /home/travis/build/icyphy/ptII/ptolemy/actor/lib/test/auto/Scale3.xml
4 ms. Memory: 387072K Free: 208249K (54%)
----------------- Invoking toplevel() on ptolemy.moml.MoMLSimpleApplication@5776540d
----------------- Done invoking toplevel() on ptolemy.moml.MoMLSimpleApplication@5776540d
reloadAllAccessors: .Scale3

===========================================================================================
----------------- testing Sat Dec 14 06:24:46 UTC 2019 /home/travis/build/icyphy/ptII/ptolemy/actor/lib/test/auto/ScaleArray.xml
----------------- Instantiating /home/travis/build/icyphy/ptII/ptolemy/actor/lib/test/auto/ScaleArray.xml
2 ms. Memory: 387072K Free: 203639K (53%)
----------------- Invoking toplevel() on ptolemy.moml.MoMLSimpleApplication@58d8d82a
----------------- Done invoking toplevel() on ptolemy.moml.MoMLSimpleApplication@58d8d82a
reloadAllAccessors: .ScaleArray

===========================================================================================
----------------- testing Sat Dec 14 06:24:46 UTC 2019 /home/travis/build/icyphy/ptII/ptolemy/actor/lib/test/auto/ScaleArray2.xml
----------------- Instantiating /home/travis/build/icyphy/ptII/ptolemy/actor/lib/test/auto/ScaleArray2.xml
1 ms. Memory: 387072K Free: 199033K (51%)
----------------- Invoking toplevel() on ptolemy.moml.MoMLSimpleApplication@1220600a
----------------- Done invoking toplevel() on ptolemy.moml.MoMLSimpleApplication@1220600a
reloadAllAccessors: .ScaleArray2

===========================================================================================
----------------- testing Sat Dec 14 06:24:46 UTC 2019 /home/travis/build/icyphy/ptII/ptolemy/actor/lib/test/auto/ScaleMatrix.xml
----------------- Instantiating /home/travis/build/icyphy/ptII/ptolemy/actor/lib/test/auto/ScaleMatrix.xml
193 ms. Memory: 387072K Free: 184697K (48%)
----------------- Invoking toplevel() on ptolemy.moml.MoMLSimpleApplication@34b6b1d8
----------------- Done invoking toplevel() on ptolemy.moml.MoMLSimpleApplication@34b6b1d8
reloadAllAccessors: .ScaleMatrix

===========================================================================================
----------------- testing Sat Dec 14 06:24:46 UTC 2019 /home/travis/build/icyphy/ptII/ptolemy/actor/lib/test/auto/Select.xml
----------------- Instantiating /home/travis/build/icyphy/ptII/ptolemy/actor/lib/test/auto/Select.xml
3 ms. Memory: 387072K Free: 178553K (46%)
----------------- Invoking toplevel() on ptolemy.moml.MoMLSimpleApplication@3e7412f9
----------------- Done invoking toplevel() on ptolemy.moml.MoMLSimpleApplication@3e7412f9
reloadAllAccessors: .Select

===========================================================================================
----------------- testing Sat Dec 14 06:24:46 UTC 2019 /home/travis/build/icyphy/ptII/ptolemy/actor/lib/test/auto/Select2.xml
----------------- Instantiating /home/travis/build/icyphy/ptII/ptolemy/actor/lib/test/auto/Select2.xml
1 ms. Memory: 387072K Free: 173943K (45%)
----------------- Invoking toplevel() on ptolemy.moml.MoMLSimpleApplication@7037a1d0
----------------- Done invoking toplevel() on ptolemy.moml.MoMLSimpleApplication@7037a1d0
reloadAllAccessors: .Select2

===========================================================================================
----------------- testing Sat Dec 14 06:24:46 UTC 2019 /home/travis/build/icyphy/ptII/ptolemy/actor/lib/test/auto/SequenceToArray2.xml
----------------- Instantiating /home/travis/build/icyphy/ptII/ptolemy/actor/lib/test/auto/SequenceToArray2.xml
104 ms. Memory: 387072K Free: 149881K (39%)
----------------- Invoking toplevel() on ptolemy.moml.MoMLSimpleApplication@474ff56
----------------- Done invoking toplevel() on ptolemy.moml.MoMLSimpleApplication@474ff56
reloadAllAccessors: .SequenceToArray2

===========================================================================================
----------------- testing Sat Dec 14 06:24:46 UTC 2019 /home/travis/build/icyphy/ptII/ptolemy/actor/lib/test/auto/SequentialClock.xml
----------------- Instantiating /home/travis/build/icyphy/ptII/ptolemy/actor/lib/test/auto/SequentialClock.xml
1 ms. Memory: 387072K Free: 145785K (38%)
----------------- Invoking toplevel() on ptolemy.moml.MoMLSimpleApplication@43bffa07
----------------- Done invoking toplevel() on ptolemy.moml.MoMLSimpleApplication@43bffa07
reloadAllAccessors: .SequentialClock

===========================================================================================
----------------- testing Sat Dec 14 06:24:46 UTC 2019 /home/travis/build/icyphy/ptII/ptolemy/actor/lib/test/auto/SetVariable.xml
----------------- Instantiating /home/travis/build/icyphy/ptII/ptolemy/actor/lib/test/auto/SetVariable.xml
3 ms. Memory: 387072K Free: 141175K (36%)
----------------- Invoking toplevel() on ptolemy.moml.MoMLSimpleApplication@345fa2b3
----------------- Done invoking toplevel() on ptolemy.moml.MoMLSimpleApplication@345fa2b3
reloadAllAccessors: .SetVariable

===========================================================================================
----------------- testing Sat Dec 14 06:24:46 UTC 2019 /home/travis/build/icyphy/ptII/ptolemy/actor/lib/test/auto/SetVariable2.xml
----------------- Instantiating /home/travis/build/icyphy/ptII/ptolemy/actor/lib/test/auto/SetVariable2.xml
3 ms. Memory: 387072K Free: 136055K (35%)
----------------- Invoking toplevel() on ptolemy.moml.MoMLSimpleApplication@60cae441
----------------- Done invoking toplevel() on ptolemy.moml.MoMLSimpleApplication@60cae441
reloadAllAccessors: .SetVariable2

===========================================================================================
----------------- testing Sat Dec 14 06:24:46 UTC 2019 /home/travis/build/icyphy/ptII/ptolemy/actor/lib/test/auto/SetVariable3.xml
----------------- Instantiating /home/travis/build/icyphy/ptII/ptolemy/actor/lib/test/auto/SetVariable3.xml
7 ms. Memory: 387072K Free: 130935K (34%)
----------------- Invoking toplevel() on ptolemy.moml.MoMLSimpleApplication@64615736
----------------- Done invoking toplevel() on ptolemy.moml.MoMLSimpleApplication@64615736
reloadAllAccessors: .SetVariable3

===========================================================================================
----------------- testing Sat Dec 14 06:24:46 UTC 2019 /home/travis/build/icyphy/ptII/ptolemy/actor/lib/test/auto/SetVariable4.xml
----------------- Instantiating /home/travis/build/icyphy/ptII/ptolemy/actor/lib/test/auto/SetVariable4.xml
23 ms. Memory: 387072K Free: 120695K (31%)
----------------- Invoking toplevel() on ptolemy.moml.MoMLSimpleApplication@23624475
----------------- Done invoking toplevel() on ptolemy.moml.MoMLSimpleApplication@23624475
reloadAllAccessors: .SetVariable4

===========================================================================================
----------------- testing Sat Dec 14 06:24:46 UTC 2019 /home/travis/build/icyphy/ptII/ptolemy/actor/lib/test/auto/SetVariable5.xml
----------------- Instantiating /home/travis/build/icyphy/ptII/ptolemy/actor/lib/test/auto/SetVariable5.xml
19 ms. Memory: 387072K Free: 111479K (29%)
----------------- Invoking toplevel() on ptolemy.moml.MoMLSimpleApplication@129dc476
----------------- Done invoking toplevel() on ptolemy.moml.MoMLSimpleApplication@129dc476
reloadAllAccessors: .SetVariable5

===========================================================================================
----------------- testing Sat Dec 14 06:24:46 UTC 2019 /home/travis/build/icyphy/ptII/ptolemy/actor/lib/test/auto/Sinewave.xml
----------------- Instantiating /home/travis/build/icyphy/ptII/ptolemy/actor/lib/test/auto/Sinewave.xml
7 ms. Memory: 387072K Free: 330539K (85%)
----------------- Invoking toplevel() on ptolemy.moml.MoMLSimpleApplication@5337fcd7
----------------- Done invoking toplevel() on ptolemy.moml.MoMLSimpleApplication@5337fcd7
reloadAllAccessors: .Sinewave

===========================================================================================
----------------- testing Sat Dec 14 06:24:46 UTC 2019 /home/travis/build/icyphy/ptII/ptolemy/actor/lib/test/auto/Sinewave2.xml
----------------- Instantiating /home/travis/build/icyphy/ptII/ptolemy/actor/lib/test/auto/Sinewave2.xml
7 ms. Memory: 387072K Free: 322347K (83%)
----------------- Invoking toplevel() on ptolemy.moml.MoMLSimpleApplication@674c2c1a
----------------- Done invoking toplevel() on ptolemy.moml.MoMLSimpleApplication@674c2c1a
reloadAllAccessors: .Sinewave2

===========================================================================================
----------------- testing Sat Dec 14 06:24:46 UTC 2019 /home/travis/build/icyphy/ptII/ptolemy/actor/lib/test/auto/Sinewave3.xml
----------------- Instantiating /home/travis/build/icyphy/ptII/ptolemy/actor/lib/test/auto/Sinewave3.xml
13 ms. Memory: 387072K Free: 314125K (81%)
----------------- Invoking toplevel() on ptolemy.moml.MoMLSimpleApplication@73cfbbb5
----------------- Done invoking toplevel() on ptolemy.moml.MoMLSimpleApplication@73cfbbb5
reloadAllAccessors: .Sinewave3

===========================================================================================
----------------- testing Sat Dec 14 06:24:46 UTC 2019 /home/travis/build/icyphy/ptII/ptolemy/actor/lib/test/auto/SingleEvent.xml
----------------- Instantiating /home/travis/build/icyphy/ptII/ptolemy/actor/lib/test/auto/SingleEvent.xml
1 ms. Memory: 387072K Free: 310059K (80%)
----------------- Invoking toplevel() on ptolemy.moml.MoMLSimpleApplication@3070cee0
----------------- Done invoking toplevel() on ptolemy.moml.MoMLSimpleApplication@3070cee0
reloadAllAccessors: .SingleEvent

===========================================================================================
----------------- testing Sat Dec 14 06:24:46 UTC 2019 /home/travis/build/icyphy/ptII/ptolemy/actor/lib/test/auto/Sleep.xml
----------------- Instantiating /home/travis/build/icyphy/ptII/ptolemy/actor/lib/test/auto/Sleep.xml
6003 ms. Memory: 387072K Free: 304909K (79%)
----------------- Invoking toplevel() on ptolemy.moml.MoMLSimpleApplication@7a032cd5
----------------- Done invoking toplevel() on ptolemy.moml.MoMLSimpleApplication@7a032cd5
reloadAllAccessors: .Sleep

===========================================================================================
----------------- testing Sat Dec 14 06:24:52 UTC 2019 /home/travis/build/icyphy/ptII/ptolemy/actor/lib/test/auto/SleepMultipleFire.xml
----------------- Instantiating /home/travis/build/icyphy/ptII/ptolemy/actor/lib/test/auto/SleepMultipleFire.xml
1005 ms. Memory: 387072K Free: 299309K (77%)
----------------- Invoking toplevel() on ptolemy.moml.MoMLSimpleApplication@6d21473
----------------- Done invoking toplevel() on ptolemy.moml.MoMLSimpleApplication@6d21473
reloadAllAccessors: .SleepMultipleFire

===========================================================================================
----------------- testing Sat Dec 14 06:24:53 UTC 2019 /home/travis/build/icyphy/ptII/ptolemy/actor/lib/test/auto/StopDE.xml
----------------- Instantiating /home/travis/build/icyphy/ptII/ptolemy/actor/lib/test/auto/StopDE.xml
4 ms. Memory: 387072K Free: 293675K (76%)
----------------- Invoking toplevel() on ptolemy.moml.MoMLSimpleApplication@484b05b
----------------- Done invoking toplevel() on ptolemy.moml.MoMLSimpleApplication@484b05b
reloadAllAccessors: .StopDE

===========================================================================================
----------------- testing Sat Dec 14 06:24:53 UTC 2019 /home/travis/build/icyphy/ptII/ptolemy/actor/lib/test/auto/StopSDF.xml
----------------- Instantiating /home/travis/build/icyphy/ptII/ptolemy/actor/lib/test/auto/StopSDF.xml
3 ms. Memory: 387072K Free: 288555K (75%)
----------------- Invoking toplevel() on ptolemy.moml.MoMLSimpleApplication@3c80a07
----------------- Done invoking toplevel() on ptolemy.moml.MoMLSimpleApplication@3c80a07
reloadAllAccessors: .StopSDF

===========================================================================================
----------------- testing Sat Dec 14 06:24:53 UTC 2019 /home/travis/build/icyphy/ptII/ptolemy/actor/lib/test/auto/StringConstant.xml
----------------- Instantiating /home/travis/build/icyphy/ptII/ptolemy/actor/lib/test/auto/StringConstant.xml
9 ms. Memory: 387072K Free: 284456K (73%)
----------------- Invoking toplevel() on ptolemy.moml.MoMLSimpleApplication@48c66e50
----------------- Done invoking toplevel() on ptolemy.moml.MoMLSimpleApplication@48c66e50
reloadAllAccessors: .StringConstant

===========================================================================================
----------------- testing Sat Dec 14 06:24:53 UTC 2019 /home/travis/build/icyphy/ptII/ptolemy/actor/lib/test/auto/SubscriberPortInitialValues1.xml
----------------- Instantiating /home/travis/build/icyphy/ptII/ptolemy/actor/lib/test/auto/SubscriberPortInitialValues1.xml
7 ms. Memory: 387072K Free: 275243K (71%)
----------------- Invoking toplevel() on ptolemy.moml.MoMLSimpleApplication@68ae3bbb
----------------- Done invoking toplevel() on ptolemy.moml.MoMLSimpleApplication@68ae3bbb
reloadAllAccessors: .SubscriberPortInitialValues1

===========================================================================================
----------------- testing Sat Dec 14 06:24:53 UTC 2019 /home/travis/build/icyphy/ptII/ptolemy/actor/lib/test/auto/SubscriberPortInitialValues13.xml
----------------- Instantiating /home/travis/build/icyphy/ptII/ptolemy/actor/lib/test/auto/SubscriberPortInitialValues13.xml
5 ms. Memory: 387072K Free: 262445K (68%)
----------------- Invoking toplevel() on ptolemy.moml.MoMLSimpleApplication@1b395fe7
----------------- Done invoking toplevel() on ptolemy.moml.MoMLSimpleApplication@1b395fe7
reloadAllAccessors: .SubscriberPortInitialValues13

===========================================================================================
----------------- testing Sat Dec 14 06:24:53 UTC 2019 /home/travis/build/icyphy/ptII/ptolemy/actor/lib/test/auto/SubscriberPortInitialValues14.xml
----------------- Instantiating /home/travis/build/icyphy/ptII/ptolemy/actor/lib/test/auto/SubscriberPortInitialValues14.xml
5 ms. Memory: 387072K Free: 254763K (66%)
----------------- Invoking toplevel() on ptolemy.moml.MoMLSimpleApplication@465330ae
----------------- Done invoking toplevel() on ptolemy.moml.MoMLSimpleApplication@465330ae
reloadAllAccessors: .SubscriberPortInitialValues14

===========================================================================================
----------------- testing Sat Dec 14 06:24:53 UTC 2019 /home/travis/build/icyphy/ptII/ptolemy/actor/lib/test/auto/SubscriberPortInitialValues2.xml
----------------- Instantiating /home/travis/build/icyphy/ptII/ptolemy/actor/lib/test/auto/SubscriberPortInitialValues2.xml
4 ms. Memory: 387072K Free: 247085K (64%)
----------------- Invoking toplevel() on ptolemy.moml.MoMLSimpleApplication@155398e2
----------------- Done invoking toplevel() on ptolemy.moml.MoMLSimpleApplication@155398e2
reloadAllAccessors: .SubscriberPortInitialValues2

===========================================================================================
----------------- testing Sat Dec 14 06:24:53 UTC 2019 /home/travis/build/icyphy/ptII/ptolemy/actor/lib/test/auto/SubscriberPortInitialValues3.xml
----------------- Instantiating /home/travis/build/icyphy/ptII/ptolemy/actor/lib/test/auto/SubscriberPortInitialValues3.xml
4 ms. Memory: 387072K Free: 236331K (61%)
----------------- Invoking toplevel() on ptolemy.moml.MoMLSimpleApplication@32bf7132
----------------- Done invoking toplevel() on ptolemy.moml.MoMLSimpleApplication@32bf7132
reloadAllAccessors: .SubscriberPortInitialValues3

===========================================================================================
----------------- testing Sat Dec 14 06:24:53 UTC 2019 /home/travis/build/icyphy/ptII/ptolemy/actor/lib/test/auto/SubscriptionAggregator.xml
----------------- Instantiating /home/travis/build/icyphy/ptII/ptolemy/actor/lib/test/auto/SubscriptionAggregator.xml
3 ms. Memory: 387072K Free: 229677K (59%)
----------------- Invoking toplevel() on ptolemy.moml.MoMLSimpleApplication@71e3b2d2
----------------- Done invoking toplevel() on ptolemy.moml.MoMLSimpleApplication@71e3b2d2
reloadAllAccessors: .SubscriptionAggregator

===========================================================================================
----------------- testing Sat Dec 14 06:24:53 UTC 2019 /home/travis/build/icyphy/ptII/ptolemy/actor/lib/test/auto/SubscriptionAggregator2.xml
----------------- Instantiating /home/travis/build/icyphy/ptII/ptolemy/actor/lib/test/auto/SubscriptionAggregator2.xml
2 ms. Memory: 387072K Free: 222509K (57%)
----------------- Invoking toplevel() on ptolemy.moml.MoMLSimpleApplication@57926716
----------------- Done invoking toplevel() on ptolemy.moml.MoMLSimpleApplication@57926716
reloadAllAccessors: .SubscriptionAggregator2

===========================================================================================
----------------- testing Sat Dec 14 06:24:53 UTC 2019 /home/travis/build/icyphy/ptII/ptolemy/actor/lib/test/auto/SubscriptionAggregator3.xml
----------------- Instantiating /home/travis/build/icyphy/ptII/ptolemy/actor/lib/test/auto/SubscriptionAggregator3.xml
3 ms. Memory: 387072K Free: 213797K (55%)
----------------- Invoking toplevel() on ptolemy.moml.MoMLSimpleApplication@3c5246da
----------------- Done invoking toplevel() on ptolemy.moml.MoMLSimpleApplication@3c5246da
reloadAllAccessors: .SubscriptionAggregator3

===========================================================================================
----------------- testing Sat Dec 14 06:24:53 UTC 2019 /home/travis/build/icyphy/ptII/ptolemy/actor/lib/test/auto/SubscriptionAggregatorMultiply.xml
----------------- Instantiating /home/travis/build/icyphy/ptII/ptolemy/actor/lib/test/auto/SubscriptionAggregatorMultiply.xml
13 ms. Memory: 387072K Free: 205605K (53%)
----------------- Invoking toplevel() on ptolemy.moml.MoMLSimpleApplication@46ddb025
----------------- Done invoking toplevel() on ptolemy.moml.MoMLSimpleApplication@46ddb025
reloadAllAccessors: .SubscriptionAggregatorMultiply

===========================================================================================
----------------- testing Sat Dec 14 06:24:53 UTC 2019 /home/travis/build/icyphy/ptII/ptolemy/actor/lib/test/auto/SubscriptionAggregatorPortMultiply1.xml
----------------- Instantiating /home/travis/build/icyphy/ptII/ptolemy/actor/lib/test/auto/SubscriptionAggregatorPortMultiply1.xml
3 ms. Memory: 387072K Free: 197419K (51%)
----------------- Invoking toplevel() on ptolemy.moml.MoMLSimpleApplication@748960d1
----------------- Done invoking toplevel() on ptolemy.moml.MoMLSimpleApplication@748960d1
reloadAllAccessors: .SubscriptionAggregatorPortMultiply1

===========================================================================================
----------------- testing Sat Dec 14 06:24:53 UTC 2019 /home/travis/build/icyphy/ptII/ptolemy/actor/lib/test/auto/Switch.xml
----------------- Instantiating /home/travis/build/icyphy/ptII/ptolemy/actor/lib/test/auto/Switch.xml
7 ms. Memory: 387072K Free: 189227K (49%)
----------------- Invoking toplevel() on ptolemy.moml.MoMLSimpleApplication@3334e32e
----------------- Done invoking toplevel() on ptolemy.moml.MoMLSimpleApplication@3334e32e
reloadAllAccessors: .Switch

===========================================================================================
----------------- testing Sat Dec 14 06:24:53 UTC 2019 /home/travis/build/icyphy/ptII/ptolemy/actor/lib/test/auto/Switch2.xml
----------------- Instantiating /home/travis/build/icyphy/ptII/ptolemy/actor/lib/test/auto/Switch2.xml
1 ms. Memory: 387072K Free: 184107K (48%)
----------------- Invoking toplevel() on ptolemy.moml.MoMLSimpleApplication@32c1ef9c
----------------- Done invoking toplevel() on ptolemy.moml.MoMLSimpleApplication@32c1ef9c
reloadAllAccessors: .Switch2

===========================================================================================
----------------- testing Sat Dec 14 06:24:53 UTC 2019 /home/travis/build/icyphy/ptII/ptolemy/actor/lib/test/auto/SwitchDE.xml
----------------- Instantiating /home/travis/build/icyphy/ptII/ptolemy/actor/lib/test/auto/SwitchDE.xml
4 ms. Memory: 387072K Free: 177933K (46%)
----------------- Invoking toplevel() on ptolemy.moml.MoMLSimpleApplication@24cbfba
----------------- Done invoking toplevel() on ptolemy.moml.MoMLSimpleApplication@24cbfba
reloadAllAccessors: .SwitchDE

===========================================================================================
----------------- testing Sat Dec 14 06:24:54 UTC 2019 /home/travis/build/icyphy/ptII/ptolemy/actor/lib/test/auto/SynchronizerDE.xml
----------------- Instantiating /home/travis/build/icyphy/ptII/ptolemy/actor/lib/test/auto/SynchronizerDE.xml
6 ms. Memory: 387072K Free: 169757K (44%)
----------------- Invoking toplevel() on ptolemy.moml.MoMLSimpleApplication@5273cc6a
----------------- Done invoking toplevel() on ptolemy.moml.MoMLSimpleApplication@5273cc6a
reloadAllAccessors: .SynchronizerDE

===========================================================================================
----------------- testing Sat Dec 14 06:24:54 UTC 2019 /home/travis/build/icyphy/ptII/ptolemy/actor/lib/test/auto/Test.xml
----------------- Instantiating /home/travis/build/icyphy/ptII/ptolemy/actor/lib/test/auto/Test.xml
2 ms. Memory: 387072K Free: 164621K (43%)
----------------- Invoking toplevel() on ptolemy.moml.MoMLSimpleApplication@36d86e8a
----------------- Done invoking toplevel() on ptolemy.moml.MoMLSimpleApplication@36d86e8a
reloadAllAccessors: .Test

===========================================================================================
----------------- testing Sat Dec 14 06:24:54 UTC 2019 /home/travis/build/icyphy/ptII/ptolemy/actor/lib/test/auto/TestExceptionAttribute1.xml
----------------- Instantiating /home/travis/build/icyphy/ptII/ptolemy/actor/lib/test/auto/TestExceptionAttribute1.xml
1 ms. Memory: 387072K Free: 161069K (42%)
----------------- Invoking toplevel() on ptolemy.moml.MoMLSimpleApplication@187a00fc
----------------- Done invoking toplevel() on ptolemy.moml.MoMLSimpleApplication@187a00fc
reloadAllAccessors: .TestExceptionAttribute1

===========================================================================================
----------------- testing Sat Dec 14 06:24:54 UTC 2019 /home/travis/build/icyphy/ptII/ptolemy/actor/lib/test/auto/TestExceptionAttribute2.xml
----------------- Instantiating /home/travis/build/icyphy/ptII/ptolemy/actor/lib/test/auto/TestExceptionAttribute2.xml
1 ms. Memory: 387072K Free: 157483K (41%)
----------------- Invoking toplevel() on ptolemy.moml.MoMLSimpleApplication@30203b31
----------------- Done invoking toplevel() on ptolemy.moml.MoMLSimpleApplication@30203b31
reloadAllAccessors: .TestExceptionAttribute2

===========================================================================================
----------------- testing Sat Dec 14 06:24:54 UTC 2019 /home/travis/build/icyphy/ptII/ptolemy/actor/lib/test/auto/TestExceptionAttribute3.xml
----------------- Instantiating /home/travis/build/icyphy/ptII/ptolemy/actor/lib/test/auto/TestExceptionAttribute3.xml
.TestExceptionAttribute3.TestExceptionAttribute: initialize() was not invoked, but wrapup() was.  This is unusual, but not always a problem.  For example, exporting JNLP will do this.
0 ms. Memory: 387072K Free: 153901K (40%)
----------------- Invoking toplevel() on ptolemy.moml.MoMLSimpleApplication@2036509e
----------------- Done invoking toplevel() on ptolemy.moml.MoMLSimpleApplication@2036509e
reloadAllAccessors: .TestExceptionAttribute3

===========================================================================================
----------------- testing Sat Dec 14 06:24:54 UTC 2019 /home/travis/build/icyphy/ptII/ptolemy/actor/lib/test/auto/TestExceptionAttribute4.xml
----------------- Instantiating /home/travis/build/icyphy/ptII/ptolemy/actor/lib/test/auto/TestExceptionAttribute4.xml
.TestExceptionAttribute4.TestExceptionAttribute: initialize() was not invoked, but wrapup() was.  This is unusual, but not always a problem.  For example, exporting JNLP will do this.
.TestExceptionAttribute4.TestExceptionAttribute2: initialize() was not invoked, but wrapup() was.  This is unusual, but not always a problem.  For example, exporting JNLP will do this.
1 ms. Memory: 387072K Free: 149805K (39%)
----------------- Invoking toplevel() on ptolemy.moml.MoMLSimpleApplication@5499b25d
----------------- Done invoking toplevel() on ptolemy.moml.MoMLSimpleApplication@5499b25d
reloadAllAccessors: .TestExceptionAttribute4

===========================================================================================
----------------- testing Sat Dec 14 06:24:54 UTC 2019 /home/travis/build/icyphy/ptII/ptolemy/actor/lib/test/auto/TestExceptionHandler1.xml
----------------- Instantiating /home/travis/build/icyphy/ptII/ptolemy/actor/lib/test/auto/TestExceptionHandler1.xml
1 ms. Memory: 387072K Free: 146219K (38%)
----------------- Invoking toplevel() on ptolemy.moml.MoMLSimpleApplication@20258dd1
----------------- Done invoking toplevel() on ptolemy.moml.MoMLSimpleApplication@20258dd1
reloadAllAccessors: .TestExceptionHandler1

===========================================================================================
----------------- testing Sat Dec 14 06:24:54 UTC 2019 /home/travis/build/icyphy/ptII/ptolemy/actor/lib/test/auto/TestExceptionHandler2.xml
----------------- Instantiating /home/travis/build/icyphy/ptII/ptolemy/actor/lib/test/auto/TestExceptionHandler2.xml
1 ms. Memory: 387072K Free: 142637K (37%)
----------------- Invoking toplevel() on ptolemy.moml.MoMLSimpleApplication@3f52009f
----------------- Done invoking toplevel() on ptolemy.moml.MoMLSimpleApplication@3f52009f
reloadAllAccessors: .TestExceptionHandler2

===========================================================================================
----------------- testing Sat Dec 14 06:24:54 UTC 2019 /home/travis/build/icyphy/ptII/ptolemy/actor/lib/test/auto/TestExceptionHandler3.xml
----------------- Instantiating /home/travis/build/icyphy/ptII/ptolemy/actor/lib/test/auto/TestExceptionHandler3.xml
1 ms. Memory: 387072K Free: 138541K (36%)
----------------- Invoking toplevel() on ptolemy.moml.MoMLSimpleApplication@12041d1c
----------------- Done invoking toplevel() on ptolemy.moml.MoMLSimpleApplication@12041d1c
reloadAllAccessors: .TestExceptionHandler3

===========================================================================================
----------------- testing Sat Dec 14 06:24:54 UTC 2019 /home/travis/build/icyphy/ptII/ptolemy/actor/lib/test/auto/TestExceptionHandler4.xml
----------------- Instantiating /home/travis/build/icyphy/ptII/ptolemy/actor/lib/test/auto/TestExceptionHandler4.xml
0 ms. Memory: 387072K Free: 134445K (35%)
----------------- Invoking toplevel() on ptolemy.moml.MoMLSimpleApplication@526de67b
----------------- Done invoking toplevel() on ptolemy.moml.MoMLSimpleApplication@526de67b
reloadAllAccessors: .TestExceptionHandler4

===========================================================================================
----------------- testing Sat Dec 14 06:24:54 UTC 2019 /home/travis/build/icyphy/ptII/ptolemy/actor/lib/test/auto/TestRequireCorrectOrder.xml
----------------- Instantiating /home/travis/build/icyphy/ptII/ptolemy/actor/lib/test/auto/TestRequireCorrectOrder.xml
9 ms. Memory: 387072K Free: 129325K (33%)
----------------- Invoking toplevel() on ptolemy.moml.MoMLSimpleApplication@6b044efd
----------------- Done invoking toplevel() on ptolemy.moml.MoMLSimpleApplication@6b044efd
reloadAllAccessors: .TestRequireCorrectOrder

===========================================================================================
----------------- testing Sat Dec 14 06:24:54 UTC 2019 /home/travis/build/icyphy/ptII/ptolemy/actor/lib/test/auto/TestSimple.xml
----------------- Instantiating /home/travis/build/icyphy/ptII/ptolemy/actor/lib/test/auto/TestSimple.xml
2 ms. Memory: 387072K Free: 124715K (32%)
----------------- Invoking toplevel() on ptolemy.moml.MoMLSimpleApplication@5749730e
----------------- Done invoking toplevel() on ptolemy.moml.MoMLSimpleApplication@5749730e
reloadAllAccessors: .TestSimple

===========================================================================================
----------------- testing Sat Dec 14 06:24:54 UTC 2019 /home/travis/build/icyphy/ptII/ptolemy/actor/lib/test/auto/ThrowModelError.xml
----------------- Instantiating /home/travis/build/icyphy/ptII/ptolemy/actor/lib/test/auto/ThrowModelError.xml
1 ms. Memory: 387072K Free: 120109K (31%)
----------------- Invoking toplevel() on ptolemy.moml.MoMLSimpleApplication@6fbb20dd
----------------- Done invoking toplevel() on ptolemy.moml.MoMLSimpleApplication@6fbb20dd
reloadAllAccessors: .ThrowModelError

===========================================================================================
----------------- testing Sat Dec 14 06:24:54 UTC 2019 /home/travis/build/icyphy/ptII/ptolemy/actor/lib/test/auto/TimeDelayMicrosteps.xml
----------------- Instantiating /home/travis/build/icyphy/ptII/ptolemy/actor/lib/test/auto/TimeDelayMicrosteps.xml
3 ms. Memory: 387072K Free: 113437K (29%)
----------------- Invoking toplevel() on ptolemy.moml.MoMLSimpleApplication@283500b9
----------------- Done invoking toplevel() on ptolemy.moml.MoMLSimpleApplication@283500b9
reloadAllAccessors: .TimeDelayMicrosteps

===========================================================================================
----------------- testing Sat Dec 14 06:24:54 UTC 2019 /home/travis/build/icyphy/ptII/ptolemy/actor/lib/test/auto/TimeDelayMicrosteps2.xml
----------------- Instantiating /home/travis/build/icyphy/ptII/ptolemy/actor/lib/test/auto/TimeDelayMicrosteps2.xml
3 ms. Memory: 387072K Free: 334958K (87%)
----------------- Invoking toplevel() on ptolemy.moml.MoMLSimpleApplication@63e63506
----------------- Done invoking toplevel() on ptolemy.moml.MoMLSimpleApplication@63e63506
reloadAllAccessors: .TimeDelayMicrosteps2

===========================================================================================
----------------- testing Sat Dec 14 06:24:54 UTC 2019 /home/travis/build/icyphy/ptII/ptolemy/actor/lib/test/auto/TimeDelayMicrosteps3.xml
----------------- Instantiating /home/travis/build/icyphy/ptII/ptolemy/actor/lib/test/auto/TimeDelayMicrosteps3.xml
3 ms. Memory: 387072K Free: 327798K (85%)
----------------- Invoking toplevel() on ptolemy.moml.MoMLSimpleApplication@4d1cbed1
----------------- Done invoking toplevel() on ptolemy.moml.MoMLSimpleApplication@4d1cbed1
reloadAllAccessors: .TimeDelayMicrosteps3

===========================================================================================
----------------- testing Sat Dec 14 06:24:54 UTC 2019 /home/travis/build/icyphy/ptII/ptolemy/actor/lib/test/auto/TimeDelayVariableMicrosteps.xml
----------------- Instantiating /home/travis/build/icyphy/ptII/ptolemy/actor/lib/test/auto/TimeDelayVariableMicrosteps.xml
4 ms. Memory: 387072K Free: 321657K (83%)
----------------- Invoking toplevel() on ptolemy.moml.MoMLSimpleApplication@873bfb3
----------------- Done invoking toplevel() on ptolemy.moml.MoMLSimpleApplication@873bfb3
reloadAllAccessors: .TimeDelayVariableMicrosteps

===========================================================================================
----------------- testing Sat Dec 14 06:24:54 UTC 2019 /home/travis/build/icyphy/ptII/ptolemy/actor/lib/test/auto/TimeGap.xml
----------------- Instantiating /home/travis/build/icyphy/ptII/ptolemy/actor/lib/test/auto/TimeGap.xml
4 ms. Memory: 387072K Free: 316510K (82%)
----------------- Invoking toplevel() on ptolemy.moml.MoMLSimpleApplication@1b695b2
----------------- Done invoking toplevel() on ptolemy.moml.MoMLSimpleApplication@1b695b2
reloadAllAccessors: .TimeGap

===========================================================================================
----------------- testing Sat Dec 14 06:24:54 UTC 2019 /home/travis/build/icyphy/ptII/ptolemy/actor/lib/test/auto/TimeGap2.xml
----------------- Instantiating /home/travis/build/icyphy/ptII/ptolemy/actor/lib/test/auto/TimeGap2.xml
3 ms. Memory: 387072K Free: 310382K (80%)
----------------- Invoking toplevel() on ptolemy.moml.MoMLSimpleApplication@12c760a9
----------------- Done invoking toplevel() on ptolemy.moml.MoMLSimpleApplication@12c760a9
reloadAllAccessors: .TimeGap2

===========================================================================================
----------------- testing Sat Dec 14 06:24:54 UTC 2019 /home/travis/build/icyphy/ptII/ptolemy/actor/lib/test/auto/TimedSinewave.xml
----------------- Instantiating /home/travis/build/icyphy/ptII/ptolemy/actor/lib/test/auto/TimedSinewave.xml
19 ms. Memory: 387072K Free: 296060K (76%)
----------------- Invoking toplevel() on ptolemy.moml.MoMLSimpleApplication@5f9c58e0
----------------- Done invoking toplevel() on ptolemy.moml.MoMLSimpleApplication@5f9c58e0
reloadAllAccessors: .TimedSinewave

===========================================================================================
----------------- testing Sat Dec 14 06:24:54 UTC 2019 /home/travis/build/icyphy/ptII/ptolemy/actor/lib/test/auto/TimedSinewavePhase.xml
----------------- Instantiating /home/travis/build/icyphy/ptII/ptolemy/actor/lib/test/auto/TimedSinewavePhase.xml
7 ms. Memory: 387072K Free: 286334K (74%)
----------------- Invoking toplevel() on ptolemy.moml.MoMLSimpleApplication@4c1ed395
----------------- Done invoking toplevel() on ptolemy.moml.MoMLSimpleApplication@4c1ed395
reloadAllAccessors: .TimedSinewavePhase

===========================================================================================
----------------- testing Sat Dec 14 06:24:54 UTC 2019 /home/travis/build/icyphy/ptII/ptolemy/actor/lib/test/auto/Timer.xml
----------------- Instantiating /home/travis/build/icyphy/ptII/ptolemy/actor/lib/test/auto/Timer.xml
3 ms. Memory: 387072K Free: 280686K (73%)
----------------- Invoking toplevel() on ptolemy.moml.MoMLSimpleApplication@7e018ee6
----------------- Done invoking toplevel() on ptolemy.moml.MoMLSimpleApplication@7e018ee6
reloadAllAccessors: .Timer

===========================================================================================
----------------- testing Sat Dec 14 06:24:54 UTC 2019 /home/travis/build/icyphy/ptII/ptolemy/actor/lib/test/auto/TriangularDistTestModel.xml
----------------- Instantiating /home/travis/build/icyphy/ptII/ptolemy/actor/lib/test/auto/TriangularDistTestModel.xml
2 ms. Memory: 387072K Free: 275070K (71%)
----------------- Invoking toplevel() on ptolemy.moml.MoMLSimpleApplication@443b9db2
----------------- Done invoking toplevel() on ptolemy.moml.MoMLSimpleApplication@443b9db2
reloadAllAccessors: .TriangularDistTestModel

===========================================================================================
----------------- testing Sat Dec 14 06:24:54 UTC 2019 /home/travis/build/icyphy/ptII/ptolemy/actor/lib/test/auto/TrigFunction.xml
----------------- Instantiating /home/travis/build/icyphy/ptII/ptolemy/actor/lib/test/auto/TrigFunction.xml
2 ms. Memory: 387072K Free: 270460K (70%)
----------------- Invoking toplevel() on ptolemy.moml.MoMLSimpleApplication@239ba6b
----------------- Done invoking toplevel() on ptolemy.moml.MoMLSimpleApplication@239ba6b
reloadAllAccessors: .TrigFunction

===========================================================================================
----------------- testing Sat Dec 14 06:24:54 UTC 2019 /home/travis/build/icyphy/ptII/ptolemy/actor/lib/test/auto/TrigFunctionDE.xml
----------------- Instantiating /home/travis/build/icyphy/ptII/ptolemy/actor/lib/test/auto/TrigFunctionDE.xml
1 ms. Memory: 387072K Free: 263292K (68%)
----------------- Invoking toplevel() on ptolemy.moml.MoMLSimpleApplication@44e0dcb9
----------------- Done invoking toplevel() on ptolemy.moml.MoMLSimpleApplication@44e0dcb9
reloadAllAccessors: .TrigFunctionDE

===========================================================================================
----------------- testing Sat Dec 14 06:24:54 UTC 2019 /home/travis/build/icyphy/ptII/ptolemy/actor/lib/test/auto/TrigFunctionInverse.xml
----------------- Instantiating /home/travis/build/icyphy/ptII/ptolemy/actor/lib/test/auto/TrigFunctionInverse.xml
2 ms. Memory: 387072K Free: 258172K (67%)
----------------- Invoking toplevel() on ptolemy.moml.MoMLSimpleApplication@1b657f78
----------------- Done invoking toplevel() on ptolemy.moml.MoMLSimpleApplication@1b657f78
reloadAllAccessors: .TrigFunctionInverse

===========================================================================================
----------------- testing Sat Dec 14 06:24:54 UTC 2019 /home/travis/build/icyphy/ptII/ptolemy/actor/lib/test/auto/TrigFunctionTan.xml
----------------- Instantiating /home/travis/build/icyphy/ptII/ptolemy/actor/lib/test/auto/TrigFunctionTan.xml
1 ms. Memory: 387072K Free: 254076K (66%)
----------------- Invoking toplevel() on ptolemy.moml.MoMLSimpleApplication@39a4ddee
----------------- Done invoking toplevel() on ptolemy.moml.MoMLSimpleApplication@39a4ddee
reloadAllAccessors: .TrigFunctionTan

===========================================================================================
----------------- testing Sat Dec 14 06:24:54 UTC 2019 /home/travis/build/icyphy/ptII/ptolemy/actor/lib/test/auto/TriggeredClock.xml
----------------- Instantiating /home/travis/build/icyphy/ptII/ptolemy/actor/lib/test/auto/TriggeredClock.xml
1 ms. Memory: 387072K Free: 249438K (64%)
----------------- Invoking toplevel() on ptolemy.moml.MoMLSimpleApplication@3aed2031
----------------- Done invoking toplevel() on ptolemy.moml.MoMLSimpleApplication@3aed2031
reloadAllAccessors: .TriggeredClock

===========================================================================================
----------------- testing Sat Dec 14 06:24:54 UTC 2019 /home/travis/build/icyphy/ptII/ptolemy/actor/lib/test/auto/URLDirectoryReader.xml
----------------- Instantiating /home/travis/build/icyphy/ptII/ptolemy/actor/lib/test/auto/URLDirectoryReader.xml
37 ms. Memory: 387072K Free: 239740K (62%)
----------------- Invoking toplevel() on ptolemy.moml.MoMLSimpleApplication@73f34179
----------------- Done invoking toplevel() on ptolemy.moml.MoMLSimpleApplication@73f34179
reloadAllAccessors: .URLDirectoryReader

===========================================================================================
----------------- testing Sat Dec 14 06:24:54 UTC 2019 /home/travis/build/icyphy/ptII/ptolemy/actor/lib/test/auto/URLDirectoryReader3.xml
----------------- Instantiating /home/travis/build/icyphy/ptII/ptolemy/actor/lib/test/auto/URLDirectoryReader3.xml
1074 ms. Memory: 387072K Free: 329465K (85%)
----------------- Invoking toplevel() on ptolemy.moml.MoMLSimpleApplication@48305713
----------------- Done invoking toplevel() on ptolemy.moml.MoMLSimpleApplication@48305713
reloadAllAccessors: .URLDirectoryReader3

===========================================================================================
----------------- testing Sat Dec 14 06:24:55 UTC 2019 /home/travis/build/icyphy/ptII/ptolemy/actor/lib/test/auto/UnaryMathFunction.xml
----------------- Instantiating /home/travis/build/icyphy/ptII/ptolemy/actor/lib/test/auto/UnaryMathFunction.xml
4 ms. Memory: 387072K Free: 321270K (83%)
----------------- Invoking toplevel() on ptolemy.moml.MoMLSimpleApplication@2b5eaaa5
----------------- Done invoking toplevel() on ptolemy.moml.MoMLSimpleApplication@2b5eaaa5
reloadAllAccessors: .UnaryMathFunction

===========================================================================================
----------------- testing Sat Dec 14 06:24:55 UTC 2019 /home/travis/build/icyphy/ptII/ptolemy/actor/lib/test/auto/Uniform.xml
----------------- Instantiating /home/travis/build/icyphy/ptII/ptolemy/actor/lib/test/auto/Uniform.xml
4 ms. Memory: 387072K Free: 316664K (82%)
----------------- Invoking toplevel() on ptolemy.moml.MoMLSimpleApplication@2187c400
----------------- Done invoking toplevel() on ptolemy.moml.MoMLSimpleApplication@2187c400
reloadAllAccessors: .Uniform

===========================================================================================
----------------- testing Sat Dec 14 06:24:55 UTC 2019 /home/travis/build/icyphy/ptII/ptolemy/actor/lib/test/auto/UnionDisassemblerTest.xml
----------------- Instantiating /home/travis/build/icyphy/ptII/ptolemy/actor/lib/test/auto/UnionDisassemblerTest.xml
14 ms. Memory: 387072K Free: 313064K (81%)
----------------- Invoking toplevel() on ptolemy.moml.MoMLSimpleApplication@77f1221
----------------- Done invoking toplevel() on ptolemy.moml.MoMLSimpleApplication@77f1221
reloadAllAccessors: .UnionDisassemblerTest

===========================================================================================
----------------- testing Sat Dec 14 06:24:55 UTC 2019 /home/travis/build/icyphy/ptII/ptolemy/actor/lib/test/auto/UtilityFunctions.xml
----------------- Instantiating /home/travis/build/icyphy/ptII/ptolemy/actor/lib/test/auto/UtilityFunctions.xml
2 ms. Memory: 387072K Free: 309496K (80%)
----------------- Invoking toplevel() on ptolemy.moml.MoMLSimpleApplication@7dd49bd1
----------------- Done invoking toplevel() on ptolemy.moml.MoMLSimpleApplication@7dd49bd1
reloadAllAccessors: .UtilityFunctions

===========================================================================================
----------------- testing Sat Dec 14 06:24:55 UTC 2019 /home/travis/build/icyphy/ptII/ptolemy/actor/lib/test/auto/VariableSleep.xml
----------------- Instantiating /home/travis/build/icyphy/ptII/ptolemy/actor/lib/test/auto/VariableSleep.xml
503 ms. Memory: 387072K Free: 304376K (79%)
----------------- Invoking toplevel() on ptolemy.moml.MoMLSimpleApplication@12b4ea0a
----------------- Done invoking toplevel() on ptolemy.moml.MoMLSimpleApplication@12b4ea0a
reloadAllAccessors: .VariableSleep

===========================================================================================
----------------- testing Sat Dec 14 06:24:56 UTC 2019 /home/travis/build/icyphy/ptII/ptolemy/actor/lib/test/auto/VectorAssemblerDisassemblerCT.xml
----------------- Instantiating /home/travis/build/icyphy/ptII/ptolemy/actor/lib/test/auto/VectorAssemblerDisassemblerCT.xml
73 ms. Memory: 387072K Free: 283382K (73%)
----------------- Invoking toplevel() on ptolemy.moml.MoMLSimpleApplication@5525d91a
----------------- Done invoking toplevel() on ptolemy.moml.MoMLSimpleApplication@5525d91a
reloadAllAccessors: .VectorAssemblerDisassemblerCT

===========================================================================================
----------------- testing Sat Dec 14 06:24:56 UTC 2019 /home/travis/build/icyphy/ptII/ptolemy/actor/lib/test/auto/VectorAssemblerDisassemblerDE.xml
----------------- Instantiating /home/travis/build/icyphy/ptII/ptolemy/actor/lib/test/auto/VectorAssemblerDisassemblerDE.xml
2 ms. Memory: 387072K Free: 276214K (71%)
----------------- Invoking toplevel() on ptolemy.moml.MoMLSimpleApplication@53ffa461
----------------- Done invoking toplevel() on ptolemy.moml.MoMLSimpleApplication@53ffa461
reloadAllAccessors: .VectorAssemblerDisassemblerDE

===========================================================================================
----------------- testing Sat Dec 14 06:24:56 UTC 2019 /home/travis/build/icyphy/ptII/ptolemy/actor/lib/test/auto/VectorAssemblerDisassemblerSDF.xml
----------------- Instantiating /home/travis/build/icyphy/ptII/ptolemy/actor/lib/test/auto/VectorAssemblerDisassemblerSDF.xml
2 ms. Memory: 387072K Free: 270070K (70%)
----------------- Invoking toplevel() on ptolemy.moml.MoMLSimpleApplication@4be630f
----------------- Done invoking toplevel() on ptolemy.moml.MoMLSimpleApplication@4be630f
reloadAllAccessors: .VectorAssemblerDisassemblerSDF

===========================================================================================
----------------- testing Sat Dec 14 06:24:56 UTC 2019 /home/travis/build/icyphy/ptII/ptolemy/actor/lib/test/auto/WallClockTime.xml
----------------- Instantiating /home/travis/build/icyphy/ptII/ptolemy/actor/lib/test/auto/WallClockTime.xml
1004 ms. Memory: 387072K Free: 264950K (68%)
----------------- Invoking toplevel() on ptolemy.moml.MoMLSimpleApplication@5649f70d
----------------- Done invoking toplevel() on ptolemy.moml.MoMLSimpleApplication@5649f70d
reloadAllAccessors: .WallClockTime

===========================================================================================
----------------- testing Sat Dec 14 06:24:57 UTC 2019 /home/travis/build/icyphy/ptII/ptolemy/actor/lib/test/auto/WidthTestWithSubscriberPublisher.xml
----------------- Instantiating /home/travis/build/icyphy/ptII/ptolemy/actor/lib/test/auto/WidthTestWithSubscriberPublisher.xml
6 ms. Memory: 387072K Free: 247542K (64%)
----------------- Invoking toplevel() on ptolemy.moml.MoMLSimpleApplication@4085fb9f
----------------- Done invoking toplevel() on ptolemy.moml.MoMLSimpleApplication@4085fb9f
reloadAllAccessors: .WidthTestWithSubscriberPublisher

===========================================================================================
----------------- testing Sat Dec 14 06:24:57 UTC 2019 /home/travis/build/icyphy/ptII/ptolemy/actor/lib/test/auto/WidthTestWithSubscriberPublisher2.xml
----------------- Instantiating /home/travis/build/icyphy/ptII/ptolemy/actor/lib/test/auto/WidthTestWithSubscriberPublisher2.xml
2 ms. Memory: 387072K Free: 240888K (62%)
----------------- Invoking toplevel() on ptolemy.moml.MoMLSimpleApplication@50a6ee75
----------------- Done invoking toplevel() on ptolemy.moml.MoMLSimpleApplication@50a6ee75
reloadAllAccessors: .WidthTestWithSubscriberPublisher2

===========================================================================================
----------------- testing Sat Dec 14 06:24:57 UTC 2019 /home/travis/build/icyphy/ptII/ptolemy/actor/lib/test/auto/WidthTestWithSubscriberPublisher3.xml
----------------- Instantiating /home/travis/build/icyphy/ptII/ptolemy/actor/lib/test/auto/WidthTestWithSubscriberPublisher3.xml
1 ms. Memory: 387072K Free: 235254K (61%)
----------------- Invoking toplevel() on ptolemy.moml.MoMLSimpleApplication@66dbb7d8
----------------- Done invoking toplevel() on ptolemy.moml.MoMLSimpleApplication@66dbb7d8
reloadAllAccessors: .WidthTestWithSubscriberPublisher3

===========================================================================================
----------------- testing Sat Dec 14 06:24:57 UTC 2019 /home/travis/build/icyphy/ptII/ptolemy/actor/lib/test/auto/Writer.xml
----------------- Instantiating /home/travis/build/icyphy/ptII/ptolemy/actor/lib/test/auto/Writer.xml
0
1
2
3
4
2 ms. Memory: 387072K Free: 231152K (60%)
----------------- Invoking toplevel() on ptolemy.moml.MoMLSimpleApplication@5a811554
----------------- Done invoking toplevel() on ptolemy.moml.MoMLSimpleApplication@5a811554
reloadAllAccessors: .Writer

===========================================================================================
----------------- testing Sat Dec 14 06:24:57 UTC 2019 /home/travis/build/icyphy/ptII/ptolemy/actor/lib/test/auto/array.xml
----------------- Instantiating /home/travis/build/icyphy/ptII/ptolemy/actor/lib/test/auto/array.xml
2 ms. Memory: 387072K Free: 226552K (59%)
----------------- Invoking toplevel() on ptolemy.moml.MoMLSimpleApplication@69709d46
----------------- Done invoking toplevel() on ptolemy.moml.MoMLSimpleApplication@69709d46
reloadAllAccessors: .array

===========================================================================================
----------------- testing Sat Dec 14 06:24:57 UTC 2019 /home/travis/build/icyphy/ptII/ptolemy/actor/lib/test/auto/array2.xml
----------------- Instantiating /home/travis/build/icyphy/ptII/ptolemy/actor/lib/test/auto/array2.xml
6 ms. Memory: 387072K Free: 221432K (57%)
----------------- Invoking toplevel() on ptolemy.moml.MoMLSimpleApplication@2815ec5c
----------------- Done invoking toplevel() on ptolemy.moml.MoMLSimpleApplication@2815ec5c
reloadAllAccessors: .array2

===========================================================================================
----------------- testing Sat Dec 14 06:24:57 UTC 2019 /home/travis/build/icyphy/ptII/ptolemy/actor/lib/test/auto/arrayType.xml
----------------- Instantiating /home/travis/build/icyphy/ptII/ptolemy/actor/lib/test/auto/arrayType.xml
1 ms. Memory: 387072K Free: 215798K (56%)
----------------- Invoking toplevel() on ptolemy.moml.MoMLSimpleApplication@77e4df79
----------------- Done invoking toplevel() on ptolemy.moml.MoMLSimpleApplication@77e4df79
reloadAllAccessors: .arrayType

===========================================================================================
----------------- testing Sat Dec 14 06:24:57 UTC 2019 /home/travis/build/icyphy/ptII/ptolemy/actor/lib/test/auto/arrayType10.xml
----------------- Instantiating /home/travis/build/icyphy/ptII/ptolemy/actor/lib/test/auto/arrayType10.xml
2 ms. Memory: 387072K Free: 211192K (55%)
----------------- Invoking toplevel() on ptolemy.moml.MoMLSimpleApplication@22b38875
----------------- Done invoking toplevel() on ptolemy.moml.MoMLSimpleApplication@22b38875
reloadAllAccessors: .arrayType10

===========================================================================================
----------------- testing Sat Dec 14 06:24:57 UTC 2019 /home/travis/build/icyphy/ptII/ptolemy/actor/lib/test/auto/arrayType11.xml
----------------- Instantiating /home/travis/build/icyphy/ptII/ptolemy/actor/lib/test/auto/arrayType11.xml
2 ms. Memory: 387072K Free: 206582K (53%)
----------------- Invoking toplevel() on ptolemy.moml.MoMLSimpleApplication@5088d53b
----------------- Done invoking toplevel() on ptolemy.moml.MoMLSimpleApplication@5088d53b
reloadAllAccessors: .arrayType11

===========================================================================================
----------------- testing Sat Dec 14 06:24:57 UTC 2019 /home/travis/build/icyphy/ptII/ptolemy/actor/lib/test/auto/arrayType12.xml
----------------- Instantiating /home/travis/build/icyphy/ptII/ptolemy/actor/lib/test/auto/arrayType12.xml
2 ms. Memory: 387072K Free: 201976K (52%)
----------------- Invoking toplevel() on ptolemy.moml.MoMLSimpleApplication@f17506a
----------------- Done invoking toplevel() on ptolemy.moml.MoMLSimpleApplication@f17506a
reloadAllAccessors: .arrayType12

===========================================================================================
----------------- testing Sat Dec 14 06:24:57 UTC 2019 /home/travis/build/icyphy/ptII/ptolemy/actor/lib/test/auto/arrayType13.xml
----------------- Instantiating /home/travis/build/icyphy/ptII/ptolemy/actor/lib/test/auto/arrayType13.xml
1 ms. Memory: 387072K Free: 196856K (51%)
----------------- Invoking toplevel() on ptolemy.moml.MoMLSimpleApplication@67e1973e
----------------- Done invoking toplevel() on ptolemy.moml.MoMLSimpleApplication@67e1973e
reloadAllAccessors: .arrayType13

===========================================================================================
----------------- testing Sat Dec 14 06:24:57 UTC 2019 /home/travis/build/icyphy/ptII/ptolemy/actor/lib/test/auto/arrayType14.xml
----------------- Instantiating /home/travis/build/icyphy/ptII/ptolemy/actor/lib/test/auto/arrayType14.xml
1 ms. Memory: 387072K Free: 191222K (49%)
----------------- Invoking toplevel() on ptolemy.moml.MoMLSimpleApplication@7bedfecd
----------------- Done invoking toplevel() on ptolemy.moml.MoMLSimpleApplication@7bedfecd
reloadAllAccessors: .arrayType14

===========================================================================================
----------------- testing Sat Dec 14 06:24:57 UTC 2019 /home/travis/build/icyphy/ptII/ptolemy/actor/lib/test/auto/arrayType15.xml
----------------- Instantiating /home/travis/build/icyphy/ptII/ptolemy/actor/lib/test/auto/arrayType15.xml
2 ms. Memory: 387072K Free: 186088K (48%)
----------------- Invoking toplevel() on ptolemy.moml.MoMLSimpleApplication@4836575d
----------------- Done invoking toplevel() on ptolemy.moml.MoMLSimpleApplication@4836575d
reloadAllAccessors: .arrayType15

===========================================================================================
----------------- testing Sat Dec 14 06:24:57 UTC 2019 /home/travis/build/icyphy/ptII/ptolemy/actor/lib/test/auto/arrayType16.xml
----------------- Instantiating /home/travis/build/icyphy/ptII/ptolemy/actor/lib/test/auto/arrayType16.xml
1 ms. Memory: 387072K Free: 180982K (47%)
----------------- Invoking toplevel() on ptolemy.moml.MoMLSimpleApplication@4798b1e3
----------------- Done invoking toplevel() on ptolemy.moml.MoMLSimpleApplication@4798b1e3
reloadAllAccessors: .arrayType16

===========================================================================================
----------------- testing Sat Dec 14 06:24:57 UTC 2019 /home/travis/build/icyphy/ptII/ptolemy/actor/lib/test/auto/arrayType17.xml
----------------- Instantiating /home/travis/build/icyphy/ptII/ptolemy/actor/lib/test/auto/arrayType17.xml
2 ms. Memory: 387072K Free: 175862K (45%)
----------------- Invoking toplevel() on ptolemy.moml.MoMLSimpleApplication@5e4db58d
----------------- Done invoking toplevel() on ptolemy.moml.MoMLSimpleApplication@5e4db58d
reloadAllAccessors: .arrayType17

===========================================================================================
----------------- testing Sat Dec 14 06:24:57 UTC 2019 /home/travis/build/icyphy/ptII/ptolemy/actor/lib/test/auto/arrayType18.xml
----------------- Instantiating /home/travis/build/icyphy/ptII/ptolemy/actor/lib/test/auto/arrayType18.xml
1 ms. Memory: 387072K Free: 170742K (44%)
----------------- Invoking toplevel() on ptolemy.moml.MoMLSimpleApplication@2e0ce14d
----------------- Done invoking toplevel() on ptolemy.moml.MoMLSimpleApplication@2e0ce14d
reloadAllAccessors: .arrayType18

===========================================================================================
----------------- testing Sat Dec 14 06:24:57 UTC 2019 /home/travis/build/icyphy/ptII/ptolemy/actor/lib/test/auto/arrayType19.xml
----------------- Instantiating /home/travis/build/icyphy/ptII/ptolemy/actor/lib/test/auto/arrayType19.xml
1 ms. Memory: 387072K Free: 166136K (43%)
----------------- Invoking toplevel() on ptolemy.moml.MoMLSimpleApplication@3cb5b90c
----------------- Done invoking toplevel() on ptolemy.moml.MoMLSimpleApplication@3cb5b90c
reloadAllAccessors: .arrayType19

===========================================================================================
----------------- testing Sat Dec 14 06:24:57 UTC 2019 /home/travis/build/icyphy/ptII/ptolemy/actor/lib/test/auto/arrayType2.xml
----------------- Instantiating /home/travis/build/icyphy/ptII/ptolemy/actor/lib/test/auto/arrayType2.xml
1 ms. Memory: 387072K Free: 161016K (42%)
----------------- Invoking toplevel() on ptolemy.moml.MoMLSimpleApplication@3aea7944
----------------- Done invoking toplevel() on ptolemy.moml.MoMLSimpleApplication@3aea7944
reloadAllAccessors: .arrayType2

===========================================================================================
----------------- testing Sat Dec 14 06:24:57 UTC 2019 /home/travis/build/icyphy/ptII/ptolemy/actor/lib/test/auto/arrayType20.xml
----------------- Instantiating /home/travis/build/icyphy/ptII/ptolemy/actor/lib/test/auto/arrayType20.xml
1 ms. Memory: 387072K Free: 156406K (40%)
----------------- Invoking toplevel() on ptolemy.moml.MoMLSimpleApplication@53ae27fd
----------------- Done invoking toplevel() on ptolemy.moml.MoMLSimpleApplication@53ae27fd
reloadAllAccessors: .arrayType20

===========================================================================================
----------------- testing Sat Dec 14 06:24:57 UTC 2019 /home/travis/build/icyphy/ptII/ptolemy/actor/lib/test/auto/arrayType21.xml
----------------- Instantiating /home/travis/build/icyphy/ptII/ptolemy/actor/lib/test/auto/arrayType21.xml
2 ms. Memory: 387072K Free: 151286K (39%)
----------------- Invoking toplevel() on ptolemy.moml.MoMLSimpleApplication@494d4841
----------------- Done invoking toplevel() on ptolemy.moml.MoMLSimpleApplication@494d4841
reloadAllAccessors: .arrayType21

===========================================================================================
----------------- testing Sat Dec 14 06:24:57 UTC 2019 /home/travis/build/icyphy/ptII/ptolemy/actor/lib/test/auto/arrayType22.xml
----------------- Instantiating /home/travis/build/icyphy/ptII/ptolemy/actor/lib/test/auto/arrayType22.xml
1 ms. Memory: 387072K Free: 146680K (38%)
----------------- Invoking toplevel() on ptolemy.moml.MoMLSimpleApplication@1205afe0
----------------- Done invoking toplevel() on ptolemy.moml.MoMLSimpleApplication@1205afe0
reloadAllAccessors: .arrayType22

===========================================================================================
----------------- testing Sat Dec 14 06:24:57 UTC 2019 /home/travis/build/icyphy/ptII/ptolemy/actor/lib/test/auto/arrayType23.xml
----------------- Instantiating /home/travis/build/icyphy/ptII/ptolemy/actor/lib/test/auto/arrayType23.xml
1 ms. Memory: 387072K Free: 142070K (37%)
----------------- Invoking toplevel() on ptolemy.moml.MoMLSimpleApplication@c6e152b
----------------- Done invoking toplevel() on ptolemy.moml.MoMLSimpleApplication@c6e152b
reloadAllAccessors: .arrayType23

===========================================================================================
----------------- testing Sat Dec 14 06:24:57 UTC 2019 /home/travis/build/icyphy/ptII/ptolemy/actor/lib/test/auto/arrayType24.xml
----------------- Instantiating /home/travis/build/icyphy/ptII/ptolemy/actor/lib/test/auto/arrayType24.xml
2 ms. Memory: 387072K Free: 136950K (35%)
----------------- Invoking toplevel() on ptolemy.moml.MoMLSimpleApplication@610d3026
----------------- Done invoking toplevel() on ptolemy.moml.MoMLSimpleApplication@610d3026
reloadAllAccessors: .arrayType24

===========================================================================================
----------------- testing Sat Dec 14 06:24:57 UTC 2019 /home/travis/build/icyphy/ptII/ptolemy/actor/lib/test/auto/arrayType25.xml
----------------- Instantiating /home/travis/build/icyphy/ptII/ptolemy/actor/lib/test/auto/arrayType25.xml
1 ms. Memory: 387072K Free: 131320K (34%)
----------------- Invoking toplevel() on ptolemy.moml.MoMLSimpleApplication@34c370f2
----------------- Done invoking toplevel() on ptolemy.moml.MoMLSimpleApplication@34c370f2
reloadAllAccessors: .arrayType25

===========================================================================================
----------------- testing Sat Dec 14 06:24:57 UTC 2019 /home/travis/build/icyphy/ptII/ptolemy/actor/lib/test/auto/arrayType26.xml
----------------- Instantiating /home/travis/build/icyphy/ptII/ptolemy/actor/lib/test/auto/arrayType26.xml
2 ms. Memory: 387072K Free: 126200K (33%)
----------------- Invoking toplevel() on ptolemy.moml.MoMLSimpleApplication@4b6ba3cc
----------------- Done invoking toplevel() on ptolemy.moml.MoMLSimpleApplication@4b6ba3cc
reloadAllAccessors: .arrayType26

===========================================================================================
----------------- testing Sat Dec 14 06:24:57 UTC 2019 /home/travis/build/icyphy/ptII/ptolemy/actor/lib/test/auto/arrayType27.xml
----------------- Instantiating /home/travis/build/icyphy/ptII/ptolemy/actor/lib/test/auto/arrayType27.xml
1 ms. Memory: 387072K Free: 121080K (31%)
----------------- Invoking toplevel() on ptolemy.moml.MoMLSimpleApplication@e6aeeea
----------------- Done invoking toplevel() on ptolemy.moml.MoMLSimpleApplication@e6aeeea
reloadAllAccessors: .arrayType27

===========================================================================================
----------------- testing Sat Dec 14 06:24:58 UTC 2019 /home/travis/build/icyphy/ptII/ptolemy/actor/lib/test/auto/arrayType28.xml
----------------- Instantiating /home/travis/build/icyphy/ptII/ptolemy/actor/lib/test/auto/arrayType28.xml
8 ms. Memory: 387072K Free: 115960K (30%)
----------------- Invoking toplevel() on ptolemy.moml.MoMLSimpleApplication@5a291996
----------------- Done invoking toplevel() on ptolemy.moml.MoMLSimpleApplication@5a291996
reloadAllAccessors: .arrayType28

===========================================================================================
----------------- testing Sat Dec 14 06:24:58 UTC 2019 /home/travis/build/icyphy/ptII/ptolemy/actor/lib/test/auto/arrayType3.xml
----------------- Instantiating /home/travis/build/icyphy/ptII/ptolemy/actor/lib/test/auto/arrayType3.xml
5 ms. Memory: 387072K Free: 110326K (29%)
----------------- Invoking toplevel() on ptolemy.moml.MoMLSimpleApplication@21a82fce
----------------- Done invoking toplevel() on ptolemy.moml.MoMLSimpleApplication@21a82fce
reloadAllAccessors: .arrayType3

===========================================================================================
----------------- testing Sat Dec 14 06:24:58 UTC 2019 /home/travis/build/icyphy/ptII/ptolemy/actor/lib/test/auto/arrayType4.xml
----------------- Instantiating /home/travis/build/icyphy/ptII/ptolemy/actor/lib/test/auto/arrayType4.xml
2 ms. Memory: 387072K Free: 331533K (86%)
----------------- Invoking toplevel() on ptolemy.moml.MoMLSimpleApplication@6d145af0
----------------- Done invoking toplevel() on ptolemy.moml.MoMLSimpleApplication@6d145af0
reloadAllAccessors: .arrayType4

===========================================================================================
----------------- testing Sat Dec 14 06:24:58 UTC 2019 /home/travis/build/icyphy/ptII/ptolemy/actor/lib/test/auto/arrayType5.xml
----------------- Instantiating /home/travis/build/icyphy/ptII/ptolemy/actor/lib/test/auto/arrayType5.xml
2 ms. Memory: 387072K Free: 325899K (84%)
----------------- Invoking toplevel() on ptolemy.moml.MoMLSimpleApplication@793c74e7
----------------- Done invoking toplevel() on ptolemy.moml.MoMLSimpleApplication@793c74e7
reloadAllAccessors: .arrayType5

===========================================================================================
----------------- testing Sat Dec 14 06:24:58 UTC 2019 /home/travis/build/icyphy/ptII/ptolemy/actor/lib/test/auto/arrayType6.xml
----------------- Instantiating /home/travis/build/icyphy/ptII/ptolemy/actor/lib/test/auto/arrayType6.xml
1 ms. Memory: 387072K Free: 321293K (83%)
----------------- Invoking toplevel() on ptolemy.moml.MoMLSimpleApplication@269e2a86
----------------- Done invoking toplevel() on ptolemy.moml.MoMLSimpleApplication@269e2a86
reloadAllAccessors: .arrayType6

===========================================================================================
----------------- testing Sat Dec 14 06:24:58 UTC 2019 /home/travis/build/icyphy/ptII/ptolemy/actor/lib/test/auto/arrayType7.xml
----------------- Instantiating /home/travis/build/icyphy/ptII/ptolemy/actor/lib/test/auto/arrayType7.xml
2 ms. Memory: 387072K Free: 316683K (82%)
----------------- Invoking toplevel() on ptolemy.moml.MoMLSimpleApplication@13a83af6
----------------- Done invoking toplevel() on ptolemy.moml.MoMLSimpleApplication@13a83af6
reloadAllAccessors: .arrayType7

===========================================================================================
----------------- testing Sat Dec 14 06:24:58 UTC 2019 /home/travis/build/icyphy/ptII/ptolemy/actor/lib/test/auto/arrayType8.xml
----------------- Instantiating /home/travis/build/icyphy/ptII/ptolemy/actor/lib/test/auto/arrayType8.xml
6 ms. Memory: 387072K Free: 311560K (80%)
----------------- Invoking toplevel() on ptolemy.moml.MoMLSimpleApplication@3c09398d
----------------- Done invoking toplevel() on ptolemy.moml.MoMLSimpleApplication@3c09398d
reloadAllAccessors: .arrayType8

===========================================================================================
----------------- testing Sat Dec 14 06:24:58 UTC 2019 /home/travis/build/icyphy/ptII/ptolemy/actor/lib/test/auto/arrayType9.xml
----------------- Instantiating /home/travis/build/icyphy/ptII/ptolemy/actor/lib/test/auto/arrayType9.xml
1 ms. Memory: 387072K Free: 306957K (79%)
----------------- Invoking toplevel() on ptolemy.moml.MoMLSimpleApplication@5acec28d
----------------- Done invoking toplevel() on ptolemy.moml.MoMLSimpleApplication@5acec28d
reloadAllAccessors: .arrayType9

===========================================================================================
----------------- testing Sat Dec 14 06:24:58 UTC 2019 /home/travis/build/icyphy/ptII/ptolemy/actor/lib/test/auto/cast.xml
----------------- Instantiating /home/travis/build/icyphy/ptII/ptolemy/actor/lib/test/auto/cast.xml
2 ms. Memory: 387072K Free: 302347K (78%)
----------------- Invoking toplevel() on ptolemy.moml.MoMLSimpleApplication@171e948f
----------------- Done invoking toplevel() on ptolemy.moml.MoMLSimpleApplication@171e948f
reloadAllAccessors: .cast

===========================================================================================
----------------- testing Sat Dec 14 06:24:58 UTC 2019 /home/travis/build/icyphy/ptII/ptolemy/actor/lib/test/auto/compositeMultiPort.xml
----------------- Instantiating /home/travis/build/icyphy/ptII/ptolemy/actor/lib/test/auto/compositeMultiPort.xml
4 ms. Memory: 387072K Free: 293645K (76%)
----------------- Invoking toplevel() on ptolemy.moml.MoMLSimpleApplication@6b78f567
----------------- Done invoking toplevel() on ptolemy.moml.MoMLSimpleApplication@6b78f567
reloadAllAccessors: .compositeMultiPort

===========================================================================================
----------------- testing Sat Dec 14 06:24:58 UTC 2019 /home/travis/build/icyphy/ptII/ptolemy/actor/lib/test/auto/expressionCastInference.xml
----------------- Instantiating /home/travis/build/icyphy/ptII/ptolemy/actor/lib/test/auto/expressionCastInference.xml
3 ms. Memory: 387072K Free: 288525K (75%)
----------------- Invoking toplevel() on ptolemy.moml.MoMLSimpleApplication@9bd5c5e
----------------- Done invoking toplevel() on ptolemy.moml.MoMLSimpleApplication@9bd5c5e
reloadAllAccessors: .expressionCastInference

===========================================================================================
----------------- testing Sat Dec 14 06:24:58 UTC 2019 /home/travis/build/icyphy/ptII/ptolemy/actor/lib/test/auto/expressionCastInference2.xml
----------------- Instantiating /home/travis/build/icyphy/ptII/ptolemy/actor/lib/test/auto/expressionCastInference2.xml
2 ms. Memory: 387072K Free: 283915K (73%)
----------------- Invoking toplevel() on ptolemy.moml.MoMLSimpleApplication@5b06b4f4
----------------- Done invoking toplevel() on ptolemy.moml.MoMLSimpleApplication@5b06b4f4
reloadAllAccessors: .expressionCastInference2

===========================================================================================
----------------- testing Sat Dec 14 06:24:58 UTC 2019 /home/travis/build/icyphy/ptII/ptolemy/actor/lib/test/auto/expressionInference.xml
----------------- Instantiating /home/travis/build/icyphy/ptII/ptolemy/actor/lib/test/auto/expressionInference.xml
2 ms. Memory: 387072K Free: 279819K (72%)
----------------- Invoking toplevel() on ptolemy.moml.MoMLSimpleApplication@3fe533a3
----------------- Done invoking toplevel() on ptolemy.moml.MoMLSimpleApplication@3fe533a3
reloadAllAccessors: .expressionInference

===========================================================================================
----------------- testing Sat Dec 14 06:24:58 UTC 2019 /home/travis/build/icyphy/ptII/ptolemy/actor/lib/test/auto/expression_bug.xml
----------------- Instantiating /home/travis/build/icyphy/ptII/ptolemy/actor/lib/test/auto/expression_bug.xml
1 ms. Memory: 387072K Free: 275213K (71%)
----------------- Invoking toplevel() on ptolemy.moml.MoMLSimpleApplication@305d7ba3
----------------- Done invoking toplevel() on ptolemy.moml.MoMLSimpleApplication@305d7ba3
reloadAllAccessors: .expression_bug

===========================================================================================
----------------- testing Sat Dec 14 06:24:58 UTC 2019 /home/travis/build/icyphy/ptII/ptolemy/actor/lib/test/auto/factorial.xml
----------------- Instantiating /home/travis/build/icyphy/ptII/ptolemy/actor/lib/test/auto/factorial.xml
37 ms. Memory: 387072K Free: 267021K (69%)
----------------- Invoking toplevel() on ptolemy.moml.MoMLSimpleApplication@484add1d
----------------- Done invoking toplevel() on ptolemy.moml.MoMLSimpleApplication@484add1d
reloadAllAccessors: .factorial

===========================================================================================
----------------- testing Sat Dec 14 06:24:58 UTC 2019 /home/travis/build/icyphy/ptII/ptolemy/actor/lib/test/auto/filterTest1.xml
----------------- Instantiating /home/travis/build/icyphy/ptII/ptolemy/actor/lib/test/auto/filterTest1.xml
3 ms. Memory: 387072K Free: 261372K (68%)
----------------- Invoking toplevel() on ptolemy.moml.MoMLSimpleApplication@2c95c67d
----------------- Done invoking toplevel() on ptolemy.moml.MoMLSimpleApplication@2c95c67d
reloadAllAccessors: .filterTest1

===========================================================================================
----------------- testing Sat Dec 14 06:24:58 UTC 2019 /home/travis/build/icyphy/ptII/ptolemy/actor/lib/test/auto/funcApplyInConst.xml
----------------- Instantiating /home/travis/build/icyphy/ptII/ptolemy/actor/lib/test/auto/funcApplyInConst.xml
1 ms. Memory: 387072K Free: 257291K (66%)
----------------- Invoking toplevel() on ptolemy.moml.MoMLSimpleApplication@58ce6bc9
----------------- Done invoking toplevel() on ptolemy.moml.MoMLSimpleApplication@58ce6bc9
reloadAllAccessors: .funcApplyInConst

===========================================================================================
----------------- testing Sat Dec 14 06:24:58 UTC 2019 /home/travis/build/icyphy/ptII/ptolemy/actor/lib/test/auto/funcApplyInExpr.xml
----------------- Instantiating /home/travis/build/icyphy/ptII/ptolemy/actor/lib/test/auto/funcApplyInExpr.xml
1 ms. Memory: 387072K Free: 253709K (66%)
----------------- Invoking toplevel() on ptolemy.moml.MoMLSimpleApplication@2d1f1464
----------------- Done invoking toplevel() on ptolemy.moml.MoMLSimpleApplication@2d1f1464
reloadAllAccessors: .funcApplyInExpr

===========================================================================================
----------------- testing Sat Dec 14 06:24:58 UTC 2019 /home/travis/build/icyphy/ptII/ptolemy/actor/lib/test/auto/function.xml
----------------- Instantiating /home/travis/build/icyphy/ptII/ptolemy/actor/lib/test/auto/function.xml
4 ms. Memory: 387072K Free: 249099K (64%)
----------------- Invoking toplevel() on ptolemy.moml.MoMLSimpleApplication@1e85b2fc
----------------- Done invoking toplevel() on ptolemy.moml.MoMLSimpleApplication@1e85b2fc
reloadAllAccessors: .function

===========================================================================================
----------------- testing Sat Dec 14 06:24:58 UTC 2019 /home/travis/build/icyphy/ptII/ptolemy/actor/lib/test/auto/function2.xml
----------------- Instantiating /home/travis/build/icyphy/ptII/ptolemy/actor/lib/test/auto/function2.xml
2 ms. Memory: 387072K Free: 243979K (63%)
----------------- Invoking toplevel() on ptolemy.moml.MoMLSimpleApplication@4139bc58
----------------- Done invoking toplevel() on ptolemy.moml.MoMLSimpleApplication@4139bc58
reloadAllAccessors: .function2

===========================================================================================
----------------- testing Sat Dec 14 06:24:58 UTC 2019 /home/travis/build/icyphy/ptII/ptolemy/actor/lib/test/auto/function3.xml
----------------- Instantiating /home/travis/build/icyphy/ptII/ptolemy/actor/lib/test/auto/function3.xml
1 ms. Memory: 387072K Free: 240397K (62%)
----------------- Invoking toplevel() on ptolemy.moml.MoMLSimpleApplication@15924e6f
----------------- Done invoking toplevel() on ptolemy.moml.MoMLSimpleApplication@15924e6f
reloadAllAccessors: .function3

===========================================================================================
----------------- testing Sat Dec 14 06:24:58 UTC 2019 /home/travis/build/icyphy/ptII/ptolemy/actor/lib/test/auto/functionClosureTest1.xml
----------------- Instantiating /home/travis/build/icyphy/ptII/ptolemy/actor/lib/test/auto/functionClosureTest1.xml
1 ms. Memory: 387072K Free: 234732K (61%)
----------------- Invoking toplevel() on ptolemy.moml.MoMLSimpleApplication@452ff162
----------------- Done invoking toplevel() on ptolemy.moml.MoMLSimpleApplication@452ff162
reloadAllAccessors: .functionClosureTest1

===========================================================================================
----------------- testing Sat Dec 14 06:24:58 UTC 2019 /home/travis/build/icyphy/ptII/ptolemy/actor/lib/test/auto/functionClosureTest2.xml
----------------- Instantiating /home/travis/build/icyphy/ptII/ptolemy/actor/lib/test/auto/functionClosureTest2.xml
1 ms. Memory: 387072K Free: 230667K (60%)
----------------- Invoking toplevel() on ptolemy.moml.MoMLSimpleApplication@c4d6f5f
----------------- Done invoking toplevel() on ptolemy.moml.MoMLSimpleApplication@c4d6f5f
reloadAllAccessors: .functionClosureTest2

===========================================================================================
----------------- testing Sat Dec 14 06:24:58 UTC 2019 /home/travis/build/icyphy/ptII/ptolemy/actor/lib/test/auto/functionClosureTest3.xml
----------------- Instantiating /home/travis/build/icyphy/ptII/ptolemy/actor/lib/test/auto/functionClosureTest3.xml
3 ms. Memory: 387072K Free: 225532K (58%)
----------------- Invoking toplevel() on ptolemy.moml.MoMLSimpleApplication@11686d53
----------------- Done invoking toplevel() on ptolemy.moml.MoMLSimpleApplication@11686d53
reloadAllAccessors: .functionClosureTest3

===========================================================================================
----------------- testing Sat Dec 14 06:24:58 UTC 2019 /home/travis/build/icyphy/ptII/ptolemy/actor/lib/test/auto/functionClosureTest4.xml
----------------- Instantiating /home/travis/build/icyphy/ptII/ptolemy/actor/lib/test/auto/functionClosureTest4.xml
5 ms. Memory: 387072K Free: 219403K (57%)
----------------- Invoking toplevel() on ptolemy.moml.MoMLSimpleApplication@72cc823f
----------------- Done invoking toplevel() on ptolemy.moml.MoMLSimpleApplication@72cc823f
reloadAllAccessors: .functionClosureTest4

===========================================================================================
----------------- testing Sat Dec 14 06:24:58 UTC 2019 /home/travis/build/icyphy/ptII/ptolemy/actor/lib/test/auto/functionClosureTest5.xml
----------------- Instantiating /home/travis/build/icyphy/ptII/ptolemy/actor/lib/test/auto/functionClosureTest5.xml
3 ms. Memory: 387072K Free: 213773K (55%)
----------------- Invoking toplevel() on ptolemy.moml.MoMLSimpleApplication@59412ea2
----------------- Done invoking toplevel() on ptolemy.moml.MoMLSimpleApplication@59412ea2
reloadAllAccessors: .functionClosureTest5

===========================================================================================
----------------- testing Sat Dec 14 06:24:58 UTC 2019 /home/travis/build/icyphy/ptII/ptolemy/actor/lib/test/auto/functionClosureTest6.xml
----------------- Instantiating /home/travis/build/icyphy/ptII/ptolemy/actor/lib/test/auto/functionClosureTest6.xml
2 ms. Memory: 387072K Free: 209163K (54%)
----------------- Invoking toplevel() on ptolemy.moml.MoMLSimpleApplication@2c09ff2d
----------------- Done invoking toplevel() on ptolemy.moml.MoMLSimpleApplication@2c09ff2d
reloadAllAccessors: .functionClosureTest6

===========================================================================================
----------------- testing Sat Dec 14 06:24:58 UTC 2019 /home/travis/build/icyphy/ptII/ptolemy/actor/lib/test/auto/functionsOnArcs.xml
----------------- Instantiating /home/travis/build/icyphy/ptII/ptolemy/actor/lib/test/auto/functionsOnArcs.xml
2 ms. Memory: 387072K Free: 204043K (53%)
----------------- Invoking toplevel() on ptolemy.moml.MoMLSimpleApplication@361f6562
----------------- Done invoking toplevel() on ptolemy.moml.MoMLSimpleApplication@361f6562
reloadAllAccessors: .functionsOnArcs

===========================================================================================
----------------- testing Sat Dec 14 06:24:58 UTC 2019 /home/travis/build/icyphy/ptII/ptolemy/actor/lib/test/auto/functionsOnArcsHOF.xml
----------------- Instantiating /home/travis/build/icyphy/ptII/ptolemy/actor/lib/test/auto/functionsOnArcsHOF.xml
5 ms. Memory: 387072K Free: 197899K (51%)
----------------- Invoking toplevel() on ptolemy.moml.MoMLSimpleApplication@4db4b9e1
----------------- Done invoking toplevel() on ptolemy.moml.MoMLSimpleApplication@4db4b9e1
reloadAllAccessors: .functionsOnArcsHOF

===========================================================================================
----------------- testing Sat Dec 14 06:24:58 UTC 2019 /home/travis/build/icyphy/ptII/ptolemy/actor/lib/test/auto/logic.xml
----------------- Instantiating /home/travis/build/icyphy/ptII/ptolemy/actor/lib/test/auto/logic.xml
2 ms. Memory: 387072K Free: 190731K (49%)
----------------- Invoking toplevel() on ptolemy.moml.MoMLSimpleApplication@356e9460
----------------- Done invoking toplevel() on ptolemy.moml.MoMLSimpleApplication@356e9460
reloadAllAccessors: .logic

===========================================================================================
----------------- testing Sat Dec 14 06:24:58 UTC 2019 /home/travis/build/icyphy/ptII/ptolemy/actor/lib/test/auto/matrixType.xml
----------------- Instantiating /home/travis/build/icyphy/ptII/ptolemy/actor/lib/test/auto/matrixType.xml
2 ms. Memory: 387072K Free: 185611K (48%)
----------------- Invoking toplevel() on ptolemy.moml.MoMLSimpleApplication@5416655e
----------------- Done invoking toplevel() on ptolemy.moml.MoMLSimpleApplication@5416655e
reloadAllAccessors: .matrixType

===========================================================================================
----------------- testing Sat Dec 14 06:24:58 UTC 2019 /home/travis/build/icyphy/ptII/ptolemy/actor/lib/test/auto/matrixType10.xml
----------------- Instantiating /home/travis/build/icyphy/ptII/ptolemy/actor/lib/test/auto/matrixType10.xml
2 ms. Memory: 387072K Free: 180491K (47%)
----------------- Invoking toplevel() on ptolemy.moml.MoMLSimpleApplication@517a7bf3
----------------- Done invoking toplevel() on ptolemy.moml.MoMLSimpleApplication@517a7bf3
reloadAllAccessors: .matrixType10

===========================================================================================
----------------- testing Sat Dec 14 06:24:58 UTC 2019 /home/travis/build/icyphy/ptII/ptolemy/actor/lib/test/auto/matrixType11.xml
----------------- Instantiating /home/travis/build/icyphy/ptII/ptolemy/actor/lib/test/auto/matrixType11.xml
1 ms. Memory: 387072K Free: 175885K (45%)
----------------- Invoking toplevel() on ptolemy.moml.MoMLSimpleApplication@d540b50
----------------- Done invoking toplevel() on ptolemy.moml.MoMLSimpleApplication@d540b50
reloadAllAccessors: .matrixType11

===========================================================================================
----------------- testing Sat Dec 14 06:24:58 UTC 2019 /home/travis/build/icyphy/ptII/ptolemy/actor/lib/test/auto/matrixType12.xml
----------------- Instantiating /home/travis/build/icyphy/ptII/ptolemy/actor/lib/test/auto/matrixType12.xml
2 ms. Memory: 387072K Free: 171275K (44%)
----------------- Invoking toplevel() on ptolemy.moml.MoMLSimpleApplication@be6e6dc
----------------- Done invoking toplevel() on ptolemy.moml.MoMLSimpleApplication@be6e6dc
reloadAllAccessors: .matrixType12

===========================================================================================
----------------- testing Sat Dec 14 06:24:58 UTC 2019 /home/travis/build/icyphy/ptII/ptolemy/actor/lib/test/auto/matrixType13.xml
----------------- Instantiating /home/travis/build/icyphy/ptII/ptolemy/actor/lib/test/auto/matrixType13.xml
2 ms. Memory: 387072K Free: 166155K (43%)
----------------- Invoking toplevel() on ptolemy.moml.MoMLSimpleApplication@59115953
----------------- Done invoking toplevel() on ptolemy.moml.MoMLSimpleApplication@59115953
reloadAllAccessors: .matrixType13

===========================================================================================
----------------- testing Sat Dec 14 06:24:58 UTC 2019 /home/travis/build/icyphy/ptII/ptolemy/actor/lib/test/auto/matrixType14.xml
----------------- Instantiating /home/travis/build/icyphy/ptII/ptolemy/actor/lib/test/auto/matrixType14.xml
2 ms. Memory: 387072K Free: 161547K (42%)
----------------- Invoking toplevel() on ptolemy.moml.MoMLSimpleApplication@122f32c1
----------------- Done invoking toplevel() on ptolemy.moml.MoMLSimpleApplication@122f32c1
reloadAllAccessors: .matrixType14

===========================================================================================
----------------- testing Sat Dec 14 06:24:58 UTC 2019 /home/travis/build/icyphy/ptII/ptolemy/actor/lib/test/auto/matrixType2.xml
----------------- Instantiating /home/travis/build/icyphy/ptII/ptolemy/actor/lib/test/auto/matrixType2.xml
2 ms. Memory: 387072K Free: 156939K (41%)
----------------- Invoking toplevel() on ptolemy.moml.MoMLSimpleApplication@bb6e38
----------------- Done invoking toplevel() on ptolemy.moml.MoMLSimpleApplication@bb6e38
reloadAllAccessors: .matrixType2

===========================================================================================
----------------- testing Sat Dec 14 06:24:58 UTC 2019 /home/travis/build/icyphy/ptII/ptolemy/actor/lib/test/auto/matrixType3.xml
----------------- Instantiating /home/travis/build/icyphy/ptII/ptolemy/actor/lib/test/auto/matrixType3.xml
4 ms. Memory: 387072K Free: 151819K (39%)
----------------- Invoking toplevel() on ptolemy.moml.MoMLSimpleApplication@52cc6b75
----------------- Done invoking toplevel() on ptolemy.moml.MoMLSimpleApplication@52cc6b75
reloadAllAccessors: .matrixType3

===========================================================================================
----------------- testing Sat Dec 14 06:24:58 UTC 2019 /home/travis/build/icyphy/ptII/ptolemy/actor/lib/test/auto/matrixType4.xml
----------------- Instantiating /home/travis/build/icyphy/ptII/ptolemy/actor/lib/test/auto/matrixType4.xml
2 ms. Memory: 387072K Free: 147213K (38%)
----------------- Invoking toplevel() on ptolemy.moml.MoMLSimpleApplication@3ad84572
----------------- Done invoking toplevel() on ptolemy.moml.MoMLSimpleApplication@3ad84572
reloadAllAccessors: .matrixType4

===========================================================================================
----------------- testing Sat Dec 14 06:24:58 UTC 2019 /home/travis/build/icyphy/ptII/ptolemy/actor/lib/test/auto/matrixType5.xml
----------------- Instantiating /home/travis/build/icyphy/ptII/ptolemy/actor/lib/test/auto/matrixType5.xml
2 ms. Memory: 387072K Free: 142093K (37%)
----------------- Invoking toplevel() on ptolemy.moml.MoMLSimpleApplication@150c136c
----------------- Done invoking toplevel() on ptolemy.moml.MoMLSimpleApplication@150c136c
reloadAllAccessors: .matrixType5

===========================================================================================
----------------- testing Sat Dec 14 06:24:58 UTC 2019 /home/travis/build/icyphy/ptII/ptolemy/actor/lib/test/auto/matrixType6.xml
----------------- Instantiating /home/travis/build/icyphy/ptII/ptolemy/actor/lib/test/auto/matrixType6.xml
2 ms. Memory: 387072K Free: 137483K (36%)
----------------- Invoking toplevel() on ptolemy.moml.MoMLSimpleApplication@2f5c4e0d
----------------- Done invoking toplevel() on ptolemy.moml.MoMLSimpleApplication@2f5c4e0d
reloadAllAccessors: .matrixType6

===========================================================================================
----------------- testing Sat Dec 14 06:24:58 UTC 2019 /home/travis/build/icyphy/ptII/ptolemy/actor/lib/test/auto/matrixType7.xml
----------------- Instantiating /home/travis/build/icyphy/ptII/ptolemy/actor/lib/test/auto/matrixType7.xml
2 ms. Memory: 387072K Free: 132877K (34%)
----------------- Invoking toplevel() on ptolemy.moml.MoMLSimpleApplication@5820c3c1
----------------- Done invoking toplevel() on ptolemy.moml.MoMLSimpleApplication@5820c3c1
reloadAllAccessors: .matrixType7

===========================================================================================
----------------- testing Sat Dec 14 06:24:58 UTC 2019 /home/travis/build/icyphy/ptII/ptolemy/actor/lib/test/auto/matrixType8.xml
----------------- Instantiating /home/travis/build/icyphy/ptII/ptolemy/actor/lib/test/auto/matrixType8.xml
2 ms. Memory: 387072K Free: 127757K (33%)
----------------- Invoking toplevel() on ptolemy.moml.MoMLSimpleApplication@281b4a4f
----------------- Done invoking toplevel() on ptolemy.moml.MoMLSimpleApplication@281b4a4f
reloadAllAccessors: .matrixType8

===========================================================================================
----------------- testing Sat Dec 14 06:24:58 UTC 2019 /home/travis/build/icyphy/ptII/ptolemy/actor/lib/test/auto/matrixType9.xml
----------------- Instantiating /home/travis/build/icyphy/ptII/ptolemy/actor/lib/test/auto/matrixType9.xml
2 ms. Memory: 387072K Free: 123147K (32%)
----------------- Invoking toplevel() on ptolemy.moml.MoMLSimpleApplication@1e01101d
----------------- Done invoking toplevel() on ptolemy.moml.MoMLSimpleApplication@1e01101d
reloadAllAccessors: .matrixType9

===========================================================================================
----------------- testing Sat Dec 14 06:24:58 UTC 2019 /home/travis/build/icyphy/ptII/ptolemy/actor/lib/test/auto/paraFunctest.xml
----------------- Instantiating /home/travis/build/icyphy/ptII/ptolemy/actor/lib/test/auto/paraFunctest.xml
2 ms. Memory: 387072K Free: 119051K (31%)
----------------- Invoking toplevel() on ptolemy.moml.MoMLSimpleApplication@7a92b7f8
----------------- Done invoking toplevel() on ptolemy.moml.MoMLSimpleApplication@7a92b7f8
reloadAllAccessors: .paraFunctest

===========================================================================================
----------------- testing Sat Dec 14 06:24:58 UTC 2019 /home/travis/build/icyphy/ptII/ptolemy/actor/lib/test/auto/paraFunctest2.xml
----------------- Instantiating /home/travis/build/icyphy/ptII/ptolemy/actor/lib/test/auto/paraFunctest2.xml
2 ms. Memory: 387072K Free: 114955K (30%)
----------------- Invoking toplevel() on ptolemy.moml.MoMLSimpleApplication@1ae439d5
----------------- Done invoking toplevel() on ptolemy.moml.MoMLSimpleApplication@1ae439d5
reloadAllAccessors: .paraFunctest2

===========================================================================================
----------------- testing Sat Dec 14 06:24:58 UTC 2019 /home/travis/build/icyphy/ptII/ptolemy/actor/lib/test/auto/parameterPassing.xml
----------------- Instantiating /home/travis/build/icyphy/ptII/ptolemy/actor/lib/test/auto/parameterPassing.xml
1 ms. Memory: 387072K Free: 110859K (29%)
----------------- Invoking toplevel() on ptolemy.moml.MoMLSimpleApplication@772fe07e
----------------- Done invoking toplevel() on ptolemy.moml.MoMLSimpleApplication@772fe07e
reloadAllAccessors: .parameterPassing

===========================================================================================
----------------- testing Sat Dec 14 06:24:58 UTC 2019 /home/travis/build/icyphy/ptII/ptolemy/actor/lib/test/auto/record.xml
----------------- Instantiating /home/travis/build/icyphy/ptII/ptolemy/actor/lib/test/auto/record.xml
3 ms. Memory: 387072K Free: 332544K (86%)
----------------- Invoking toplevel() on ptolemy.moml.MoMLSimpleApplication@40543e58
----------------- Done invoking toplevel() on ptolemy.moml.MoMLSimpleApplication@40543e58
reloadAllAccessors: .record

===========================================================================================
----------------- testing Sat Dec 14 06:24:58 UTC 2019 /home/travis/build/icyphy/ptII/ptolemy/actor/lib/test/auto/sizedarray1.xml
----------------- Instantiating /home/travis/build/icyphy/ptII/ptolemy/actor/lib/test/auto/sizedarray1.xml
2 ms. Memory: 387072K Free: 326914K (84%)
----------------- Invoking toplevel() on ptolemy.moml.MoMLSimpleApplication@42b3843b
----------------- Done invoking toplevel() on ptolemy.moml.MoMLSimpleApplication@42b3843b
reloadAllAccessors: .sizedarray1

===========================================================================================
----------------- testing Sat Dec 14 06:24:58 UTC 2019 /home/travis/build/icyphy/ptII/ptolemy/actor/lib/test/auto/sizedarray2.xml
----------------- Instantiating /home/travis/build/icyphy/ptII/ptolemy/actor/lib/test/auto/sizedarray2.xml
3 ms. Memory: 387072K Free: 321794K (83%)
----------------- Invoking toplevel() on ptolemy.moml.MoMLSimpleApplication@2a78dbe5
----------------- Done invoking toplevel() on ptolemy.moml.MoMLSimpleApplication@2a78dbe5
reloadAllAccessors: .sizedarray2

===========================================================================================
----------------- testing Sat Dec 14 06:24:58 UTC 2019 /home/travis/build/icyphy/ptII/ptolemy/actor/lib/test/auto/twoPublishers.xml
----------------- Instantiating /home/travis/build/icyphy/ptII/ptolemy/actor/lib/test/auto/twoPublishers.xml
6 ms. Memory: 387072K Free: 310530K (80%)
----------------- Invoking toplevel() on ptolemy.moml.MoMLSimpleApplication@49e575aa
----------------- Done invoking toplevel() on ptolemy.moml.MoMLSimpleApplication@49e575aa
reloadAllAccessors: .twoPublishers
AutoTests.java: About to close Vertx.
AutoTests.java: Vertx closed.
]]></system-out>
  <system-err><![CDATA[java.lang.RuntimeException: Execution failed
	at ptolemy.moml.MoMLSimpleApplication$UnloadThread.run(MoMLSimpleApplication.java:402)
Caused by: java.lang.RuntimeException: StringUtilities.exit() was called. Normally, we would exit here because Manager.exitAfterWrapup() was called.  However, because the ptolemy.ptII.exitAfterWrapup property is set, we throw this exception instead.
	at ptolemy.util.StringUtilities.exit(StringUtilities.java:365)
	at ptolemy.actor.Manager.wrapup(Manager.java:1549)
	at ptolemy.actor.Manager.execute(Manager.java:407)
	at ptolemy.actor.Manager.run(Manager.java:1263)
	at ptolemy.actor.Manager$PtolemyRunThread.run(Manager.java:1933)
Warning: '.top.test' is in training mode, set the trainingMode parameter to false before checking in
Warning: '.top.test' is in training mode, set the trainingMode parameter to false before checking in
Warning: '.top.test' is in training mode, set the trainingMode parameter to false before checking in
Warning: '.BooleanSwitch_RegressionTest_WrongTrainingValues.Test' is in training mode, set the trainingMode parameter to false before checking in
Warning: '.BooleanSwitch_RegressionTest_WrongTrainingValues.Test2' is in training mode, set the trainingMode parameter to false before checking in
Warning: '.BooleanSwitch_RegressionTest_WrongTrainingValues.Test2' The test produced 0 tokens.
Warning: '.top.testExceptionHandler' is in training mode, set the trainingMode parameter to false before checking in
java.lang.RuntimeException: Execution failed
	at ptolemy.moml.MoMLSimpleApplication$UnloadThread.run(MoMLSimpleApplication.java:402)
Caused by: ptolemy.kernel.util.IllegalActionException: PublisherPorts cannot be used at the top level, use a Publisher actor instead.
  in .PublisherPortToplevelSubscriber.PublisherPort
	at ptolemy.actor.PublisherPort.preinitialize(PublisherPort.java:403)
	at ptolemy.actor.CompositeActor.preinitialize(CompositeActor.java:1769)
	at ptolemy.actor.Manager.preinitializeAndResolveTypes(Manager.java:1040)
	at ptolemy.actor.Manager.initialize(Manager.java:710)
	at ptolemy.actor.Manager.execute(Manager.java:356)
	at ptolemy.actor.Manager.run(Manager.java:1263)
	at ptolemy.actor.Manager$PtolemyRunThread.run(Manager.java:1933)
java.lang.reflect.InvocationTargetException
	at java.base/jdk.internal.reflect.NativeConstructorAccessorImpl.newInstance0(Native Method)
	at java.base/jdk.internal.reflect.NativeConstructorAccessorImpl.newInstance(NativeConstructorAccessorImpl.java:62)
	at java.base/jdk.internal.reflect.DelegatingConstructorAccessorImpl.newInstance(DelegatingConstructorAccessorImpl.java:45)
	at java.base/java.lang.reflect.Constructor.newInstance(Constructor.java:490)
	at ptolemy.util.test.junit.AutoKnownFailedTests.RunModel(AutoKnownFailedTests.java:105)
	at java.base/jdk.internal.reflect.NativeMethodAccessorImpl.invoke0(Native Method)
	at java.base/jdk.internal.reflect.NativeMethodAccessorImpl.invoke(NativeMethodAccessorImpl.java:62)
	at java.base/jdk.internal.reflect.DelegatingMethodAccessorImpl.invoke(DelegatingMethodAccessorImpl.java:43)
	at java.base/java.lang.reflect.Method.invoke(Method.java:566)
	at org.junit.runners.model.FrameworkMethod$1.runReflectiveCall(FrameworkMethod.java:44)
	at org.junit.internal.runners.model.ReflectiveCallable.run(ReflectiveCallable.java:15)
	at org.junit.runners.model.FrameworkMethod.invokeExplosively(FrameworkMethod.java:41)
	at junitparams.internal.InvokeParameterisedMethod.evaluate(InvokeParameterisedMethod.java:102)
	at org.junit.internal.runners.statements.FailOnTimeout$1.run(FailOnTimeout.java:28)
Caused by: ptolemy.kernel.util.IllegalActionException: PublisherPorts cannot be used at the top level, use a Publisher actor instead.
  in .PublisherPortToplevelSubscriber.PublisherPort
	at ptolemy.actor.PublisherPort.preinitialize(PublisherPort.java:403)
	at ptolemy.actor.CompositeActor.preinitialize(CompositeActor.java:1769)
	at ptolemy.actor.Manager.preinitializeAndResolveTypes(Manager.java:1040)
	at ptolemy.actor.Manager.initialize(Manager.java:710)
	at ptolemy.actor.Manager.execute(Manager.java:356)
	at ptolemy.actor.Manager.run(Manager.java:1263)
	at ptolemy.actor.Manager$PtolemyRunThread.run(Manager.java:1933)
java.lang.RuntimeException: Execution failed
	at ptolemy.moml.MoMLSimpleApplication$UnloadThread.run(MoMLSimpleApplication.java:402)
Caused by: ptolemy.kernel.util.IllegalActionException: SubscriberPorts cannot be used at the top level, use a Subscriber actor instead.
  in .PublisherSubscriberPortToplevel.SubscriberPort
	at ptolemy.actor.SubscriberPort.preinitialize(SubscriberPort.java:328)
	at ptolemy.actor.CompositeActor.preinitialize(CompositeActor.java:1769)
	at ptolemy.actor.Manager.preinitializeAndResolveTypes(Manager.java:1040)
	at ptolemy.actor.Manager.initialize(Manager.java:710)
	at ptolemy.actor.Manager.execute(Manager.java:356)
	at ptolemy.actor.Manager.run(Manager.java:1263)
	at ptolemy.actor.Manager$PtolemyRunThread.run(Manager.java:1933)
java.lang.reflect.InvocationTargetException
	at java.base/jdk.internal.reflect.NativeConstructorAccessorImpl.newInstance0(Native Method)
	at java.base/jdk.internal.reflect.NativeConstructorAccessorImpl.newInstance(NativeConstructorAccessorImpl.java:62)
	at java.base/jdk.internal.reflect.DelegatingConstructorAccessorImpl.newInstance(DelegatingConstructorAccessorImpl.java:45)
	at java.base/java.lang.reflect.Constructor.newInstance(Constructor.java:490)
	at ptolemy.util.test.junit.AutoKnownFailedTests.RunModel(AutoKnownFailedTests.java:105)
	at java.base/jdk.internal.reflect.NativeMethodAccessorImpl.invoke0(Native Method)
	at java.base/jdk.internal.reflect.NativeMethodAccessorImpl.invoke(NativeMethodAccessorImpl.java:62)
	at java.base/jdk.internal.reflect.DelegatingMethodAccessorImpl.invoke(DelegatingMethodAccessorImpl.java:43)
	at java.base/java.lang.reflect.Method.invoke(Method.java:566)
	at org.junit.runners.model.FrameworkMethod$1.runReflectiveCall(FrameworkMethod.java:44)
	at org.junit.internal.runners.model.ReflectiveCallable.run(ReflectiveCallable.java:15)
	at org.junit.runners.model.FrameworkMethod.invokeExplosively(FrameworkMethod.java:41)
	at junitparams.internal.InvokeParameterisedMethod.evaluate(InvokeParameterisedMethod.java:102)
	at org.junit.internal.runners.statements.FailOnTimeout$1.run(FailOnTimeout.java:28)
Caused by: ptolemy.kernel.util.IllegalActionException: SubscriberPorts cannot be used at the top level, use a Subscriber actor instead.
  in .PublisherSubscriberPortToplevel.SubscriberPort
	at ptolemy.actor.SubscriberPort.preinitialize(SubscriberPort.java:328)
	at ptolemy.actor.CompositeActor.preinitialize(CompositeActor.java:1769)
	at ptolemy.actor.Manager.preinitializeAndResolveTypes(Manager.java:1040)
	at ptolemy.actor.Manager.initialize(Manager.java:710)
	at ptolemy.actor.Manager.execute(Manager.java:356)
	at ptolemy.actor.Manager.run(Manager.java:1263)
	at ptolemy.actor.Manager$PtolemyRunThread.run(Manager.java:1933)
java.lang.RuntimeException: Execution failed
	at ptolemy.moml.MoMLSimpleApplication$UnloadThread.run(MoMLSimpleApplication.java:402)
Caused by: ptolemy.kernel.util.IllegalActionException: SubscriptionAggregatorPorts cannot be used at the top level, use a SubscriptionAggregator actor instead.
  in .PublisherSubscriptionAggregatorPort.SubscriptionAggregatorPort
	at ptolemy.actor.SubscriptionAggregatorPort.preinitialize(SubscriptionAggregatorPort.java:353)
	at ptolemy.actor.CompositeActor.preinitialize(CompositeActor.java:1769)
	at ptolemy.actor.Manager.preinitializeAndResolveTypes(Manager.java:1040)
	at ptolemy.actor.Manager.initialize(Manager.java:710)
	at ptolemy.actor.Manager.execute(Manager.java:356)
	at ptolemy.actor.Manager.run(Manager.java:1263)
	at ptolemy.actor.Manager$PtolemyRunThread.run(Manager.java:1933)
java.lang.reflect.InvocationTargetException
	at java.base/jdk.internal.reflect.NativeConstructorAccessorImpl.newInstance0(Native Method)
	at java.base/jdk.internal.reflect.NativeConstructorAccessorImpl.newInstance(NativeConstructorAccessorImpl.java:62)
	at java.base/jdk.internal.reflect.DelegatingConstructorAccessorImpl.newInstance(DelegatingConstructorAccessorImpl.java:45)
	at java.base/java.lang.reflect.Constructor.newInstance(Constructor.java:490)
	at ptolemy.util.test.junit.AutoKnownFailedTests.RunModel(AutoKnownFailedTests.java:105)
	at java.base/jdk.internal.reflect.NativeMethodAccessorImpl.invoke0(Native Method)
	at java.base/jdk.internal.reflect.NativeMethodAccessorImpl.invoke(NativeMethodAccessorImpl.java:62)
	at java.base/jdk.internal.reflect.DelegatingMethodAccessorImpl.invoke(DelegatingMethodAccessorImpl.java:43)
	at java.base/java.lang.reflect.Method.invoke(Method.java:566)
	at org.junit.runners.model.FrameworkMethod$1.runReflectiveCall(FrameworkMethod.java:44)
	at org.junit.internal.runners.model.ReflectiveCallable.run(ReflectiveCallable.java:15)
	at org.junit.runners.model.FrameworkMethod.invokeExplosively(FrameworkMethod.java:41)
	at junitparams.internal.InvokeParameterisedMethod.evaluate(InvokeParameterisedMethod.java:102)
	at org.junit.internal.runners.statements.FailOnTimeout$1.run(FailOnTimeout.java:28)
Caused by: ptolemy.kernel.util.IllegalActionException: SubscriptionAggregatorPorts cannot be used at the top level, use a SubscriptionAggregator actor instead.
  in .PublisherSubscriptionAggregatorPort.SubscriptionAggregatorPort
	at ptolemy.actor.SubscriptionAggregatorPort.preinitialize(SubscriptionAggregatorPort.java:353)
	at ptolemy.actor.CompositeActor.preinitialize(CompositeActor.java:1769)
	at ptolemy.actor.Manager.preinitializeAndResolveTypes(Manager.java:1040)
	at ptolemy.actor.Manager.initialize(Manager.java:710)
	at ptolemy.actor.Manager.execute(Manager.java:356)
	at ptolemy.actor.Manager.run(Manager.java:1263)
	at ptolemy.actor.Manager$PtolemyRunThread.run(Manager.java:1933)
java.lang.RuntimeException: Execution failed
	at ptolemy.moml.MoMLSimpleApplication$UnloadThread.run(MoMLSimpleApplication.java:402)
Caused by: ptolemy.kernel.util.IllegalActionException: TypeTest actor has no training data.
  in .sizedarray3.TypeTest
	at ptolemy.actor.lib.TypeTest.initialize(TypeTest.java:250)
	at ptolemy.actor.Director.initialize(Director.java:938)
	at ptolemy.actor.Director.initialize(Director.java:907)
	at ptolemy.actor.sched.StaticSchedulingDirector.initialize(StaticSchedulingDirector.java:159)
	at ptolemy.domains.sdf.kernel.SDFDirector.initialize(SDFDirector.java:544)
	at ptolemy.actor.CompositeActor.initialize(CompositeActor.java:935)
	at ptolemy.actor.Manager.initialize(Manager.java:724)
	at ptolemy.actor.Manager.execute(Manager.java:356)
	at ptolemy.actor.Manager.run(Manager.java:1263)
	at ptolemy.actor.Manager$PtolemyRunThread.run(Manager.java:1933)
java.lang.reflect.InvocationTargetException
	at java.base/jdk.internal.reflect.NativeConstructorAccessorImpl.newInstance0(Native Method)
	at java.base/jdk.internal.reflect.NativeConstructorAccessorImpl.newInstance(NativeConstructorAccessorImpl.java:62)
	at java.base/jdk.internal.reflect.DelegatingConstructorAccessorImpl.newInstance(DelegatingConstructorAccessorImpl.java:45)
	at java.base/java.lang.reflect.Constructor.newInstance(Constructor.java:490)
	at ptolemy.util.test.junit.AutoKnownFailedTests.RunModel(AutoKnownFailedTests.java:105)
	at java.base/jdk.internal.reflect.NativeMethodAccessorImpl.invoke0(Native Method)
	at java.base/jdk.internal.reflect.NativeMethodAccessorImpl.invoke(NativeMethodAccessorImpl.java:62)
	at java.base/jdk.internal.reflect.DelegatingMethodAccessorImpl.invoke(DelegatingMethodAccessorImpl.java:43)
	at java.base/java.lang.reflect.Method.invoke(Method.java:566)
	at org.junit.runners.model.FrameworkMethod$1.runReflectiveCall(FrameworkMethod.java:44)
	at org.junit.internal.runners.model.ReflectiveCallable.run(ReflectiveCallable.java:15)
	at org.junit.runners.model.FrameworkMethod.invokeExplosively(FrameworkMethod.java:41)
	at junitparams.internal.InvokeParameterisedMethod.evaluate(InvokeParameterisedMethod.java:102)
	at org.junit.internal.runners.statements.FailOnTimeout$1.run(FailOnTimeout.java:28)
Caused by: ptolemy.kernel.util.IllegalActionException: TypeTest actor has no training data.
  in .sizedarray3.TypeTest
	at ptolemy.actor.lib.TypeTest.initialize(TypeTest.java:250)
	at ptolemy.actor.Director.initialize(Director.java:938)
	at ptolemy.actor.Director.initialize(Director.java:907)
	at ptolemy.actor.sched.StaticSchedulingDirector.initialize(StaticSchedulingDirector.java:159)
	at ptolemy.domains.sdf.kernel.SDFDirector.initialize(SDFDirector.java:544)
	at ptolemy.actor.CompositeActor.initialize(CompositeActor.java:935)
	at ptolemy.actor.Manager.initialize(Manager.java:724)
	at ptolemy.actor.Manager.execute(Manager.java:356)
	at ptolemy.actor.Manager.run(Manager.java:1263)
	at ptolemy.actor.Manager$PtolemyRunThread.run(Manager.java:1933)
]]></system-err>
</testsuite>
