<?xml version="1.0" encoding="UTF-8" ?>
<testsuite errors="0" failures="0" hostname="travis-job-86967b4c-698a-4f75-8166-f62e49c13f59" name="ptolemy.domains.ptera.test.junit.JUnitTclTest" skipped="0" tests="36" time="3.443" timestamp="2018-10-21T02:39:16">
  <properties>
    <property name="npm.executable" value="npm" />
    <property name="file.encoding.pkg" value="sun.io" />
    <property name="env.TRAVIS_ROOT" value="/" />
    <property name="ptII.mk.exists" value="true" />
    <property name="env.TRAVIS_APP_HOST" value="build.travis-ci.org" />
    <property name="env.rvm_bin_path" value="/home/travis/.rvm/bin" />
    <property name="java.home" value="/usr/lib/jvm/java-8-oracle/jre" />
    <property name="env.TRAVIS_JOB_NUMBER" value="789.9" />
    <property name="env.TRAVIS_HOME" value="/home/travis" />
    <property name="env.DISPLAY" value=":99.0" />
    <property name="java.net.preferIPv4Stack" value="true" />
    <property name="env.TRAVIS_INIT" value="upstart" />
    <property name="env.SSH_TTY" value="/dev/pts/0" />
    <property name="env.RUN_TESTS" value="false" />
    <property name="timeout.short" value="1000000" />
    <property name="env.TRAVIS_STACK_NODE_ATTRIBUTES" value="/.node-attributes.yml" />
    <property name="junit.formatter" value="xml" />
    <property name="java.endorsed.dirs" value="/usr/lib/jvm/java-8-oracle/jre/lib/endorsed" />
    <property name="env.TRAVIS_SUDO" value="true" />
    <property name="env.LOGNAME" value="travis" />
    <property name="jsdoc.home" value="node_modules/@terraswarm/jsdoc" />
    <property name="debuglevel" value="source,lines,vars" />
    <property name="checkstyle.formatter" value="xml" />
    <property name="bin.vergil.makeable" value="true" />
    <property name="env._system_version" value="14.04" />
    <property name="sun.os.patch.level" value="unknown" />
    <property name="java.vendor.url" value="http://java.oracle.com/" />
    <property name="env.TRAVIS_BUILD_WEB_URL" value="https://travis-ci.org/icyphy/ptII/builds/444244829" />
    <property name="java.version" value="1.8.0_151" />
    <property name="env.TZ" value="UTC" />
    <property name="env.PT_NO_NET" value="true" />
    <property name="env.TRAVIS_PULL_REQUEST_SHA" value="" />
    <property name="env.TRAVIS_SECURE_ENV_VARS" value="true" />
    <property name="env._system_type" value="Linux" />
    <property name="java.vendor.url.bug" value="http://bugreport.sun.com/bugreport/" />
    <property name="env.SSH_CLIENT" value="10.10.4.68 56492 22" />
    <property name="npmjs-org-is-up" value="true" />
    <property name="env.GEM_HOME" value="/home/travis/.rvm/gems/ruby-2.4.1" />
    <property name="env.HAS_ANTARES_THREE_LITTLE_FRONZIES_BADGE" value="true" />
    <property name="env.PS4" value="+" />
    <property name="ant.project.invoked-targets" value="build,test.core2.xml" />
    <property name="env.TRAVIS_PULL_REQUEST_BRANCH" value="" />
    <property name="env.TRAVIS_REPO_SLUG" value="icyphy/ptII" />
    <property name="node.in.path" value="true" />
    <property name="java.maxmemory" value="1400m" />
    <property name="env.RUBY_VERSION" value="ruby-2.4.1" />
    <property name="user.name" value="travis" />
    <property name="env.LANG" value="en_US.UTF-8" />
    <property name="sun.io.unicode.encoding" value="UnicodeLittle" />
    <property name="sun.jnu.encoding" value="UTF-8" />
    <property name="java.runtime.name" value="Java(TM) SE Runtime Environment" />
    <property name="usefile" value="false" />
    <property name="return.code" value="0" />
    <property name="junit.single.formatter" value="plain" />
    <property name="env.DEBIAN_FRONTEND" value="noninteractive" />
    <property name="env.SSH_CONNECTION" value="10.10.4.68 56492 10.20.0.30 22" />
    <property name="env.MYSQL_UNIX_PORT" value="/var/run/mysqld/mysqld.sock" />
    <property name="env.TRAVIS_ALLOW_FAILURE" value="false" />
    <property name="env.LC_ALL" value="en_US.UTF-8" />
    <property name="env.TRAVIS_JOB_WEB_URL" value="https://travis-ci.org/icyphy/ptII/jobs/444244841" />
    <property name="java.specification.name" value="Java Platform API Specification" />
    <property name="node.works" value="true" />
    <property name="user.timezone" value="" />
    <property name="path.separator" value=":" />
    <property name="env.TRAVIS_ENABLE_INFRA_DETECTION" value="true" />
    <property name="env.PYTHON_CFLAGS" value="-g -fstack-protector --param=ssp-buffer-size=4 -Wformat -Werror=format-security" />
    <property name="timeout.long" value="4000000" />
    <property name="file.encoding" value="UTF-8" />
    <property name="ant.file.ptII" value="/home/travis/build/icyphy/ptII/build.xml" />
    <property name="javadoc.packagenames" value="com.*,diva.*,lbnl.*,org.hlacerti.*,org.json.*,org.ptolemy.*,org.terraswarm.*,ptolemy.*,ptserver.*" />
    <property name="env.TRAVIS_PULL_REQUEST_SLUG" value="" />
    <property name="ant.project.default-target" value="build" />
    <property name="env.GIT_ASKPASS" value="echo" />
    <property name="env.HOME" value="/home/travis" />
    <property name="sun.java.command" value="org.apache.tools.ant.taskdefs.optional.junit.JUnitTestRunner ptolemy.domains.ptera.test.junit.JUnitTclTest skipNonTests=false filtertrace=true haltOnError=false haltOnFailure=false formatter=org.apache.tools.ant.taskdefs.optional.junit.OutErrSummaryJUnitResultFormatter showoutput=true outputtoformatters=true logfailedtests=true threadid=0 logtestlistenerevents=false formatter=org.apache.tools.ant.taskdefs.optional.junit.XMLJUnitResultFormatter,/home/travis/build/icyphy/ptII/reports/junit/TEST-ptolemy.domains.ptera.test.junit.JUnitTclTest.xml crashfile=/home/travis/build/icyphy/ptII/junitvmwatcher3482397439912643704.properties propsfile=/home/travis/build/icyphy/ptII/junit134684724960507255.properties" />
    <property name="env.MANPATH" value="/home/travis/.nvm/versions/node/v7.10.1/share/man:/home/travis/.kiex/elixirs/elixir-1.4.5/man:/home/travis/.rvm/rubies/ruby-2.4.1/share/man:/usr/local/man:/usr/local/cmake-3.9.2/man:/usr/local/clang-5.0.0/share/man:/usr/local/share/man:/usr/share/man:/home/travis/.rvm/man" />
    <property name="env.COMPOSER_NO_INTERACTION" value="1" />
    <property name="env.JDK_SWITCHER_DEFAULT" value="oraclejdk8" />
    <property name="env.TRAVIS_TIMER_ID" value="09d7794e" />
    <property name="ant.file" value="/home/travis/build/icyphy/ptII/build.xml" />
    <property name="env.TRAVIS_COMMIT_RANGE" value="0a9b2d32738206eb13f0784aef7465826d80081a...b3684f00e584dda0cd52740aa065011f103367cd" />
    <property name="env._system_name" value="Ubuntu" />
    <property name="timeout" value="2400000" />
    <property name="ptII.classpath.optional.property" value="/home/travis/build/icyphy/ptII/lib/bsh-2.0b4.jar:/home/travis/build/icyphy/ptII/lib/ptCal.jar:/home/travis/build/icyphy/ptII/lib/java_cup.jar:/home/travis/build/icyphy/ptII/lib/saxon8.jar:/home/travis/build/icyphy/ptII/lib/saxon8-dom.jar:/home/travis/build/icyphy/ptII/lib/chic.jar:/home/travis/build/icyphy/ptII/lib/ptcolt.jar:/usr/lib/jvm/java-8-oracle/lib/tools.jar:/usr/lib/eclipse/plugins/org.eclipse.jdt.core_3.8.2.dist.jar:/usr/lib/eclipse/plugins/org.eclipse.core.runtime_3.8.0.dist.jar:/usr/lib/eclipse/plugins/org.eclipse.osgi_3.8.1.dist.jar:/usr/lib/eclipse/plugins/org.eclipse.core.resources_3.8.1.dist.jar:/usr/lib/eclipse/plugins/org.eclipse.equinox.common_3.6.100.dist.jar:/usr/lib/eclipse/plugins/org.eclipse.core.jobs_3.5.200.dist.jar:/usr/lib/eclipse/plugins/org.eclipse.core.contenttype_3.4.200.dist.jar:/usr/lib/eclipse/plugins/org.eclipse.equinox.preferences_3.5.0.dist.jar:/usr/lib/eclipse/plugins/org.eclipse.text_3.5.200.dist.jar:/usr/lib/eclipse/plugins/org.eclipse.ui.workbench_3.8.1.dist.jar:/usr/lib/eclipse/plugins/org.eclipse.jface_3.8.0.dist.jar:/usr/lib/eclipse/plugins/org.eclipse.swt_3.8.2.jar:/usr/lib/eclipse/plugins/org.eclipse.jface.text_3.8.1.dist.jar:/usr/lib/eclipse/plugins/org.eclipse.ui.workbench.texteditor_3.8.0.dist.jar:/usr/lib/eclipse/plugins/org.eclipse.ui.editors_3.8.0.dist.jar:/usr/lib/eclipse/plugins/org.eclipse.core.commands_3.6.1.dist.jar:/usr/lib/eclipse/plugins/org.eclipse.equinox.registry_3.5.200.dist.jar:/usr/lib/eclipse/plugins/org.eclipse.ui.console_3.5.100.dist.jar:/usr/lib/eclipse/plugins/org.eclipse.ui.forms_3.5.200.dist.jar:/usr/lib/eclipse/plugins/org.eclipse.ui.ide_3.8.1.dist.jar:/home/travis/build/icyphy/ptII/vendors/oracle/dbxml.jar:/home/travis/build/icyphy/ptII/vendors/oracle/db.jar:/home/travis/build/icyphy/ptII/vendors/misc/itext/iText.jar:/home/travis/build/icyphy/ptII/lib/g4ltl.jar:/home/travis/build/icyphy/ptII/lib/StructuralCoder.jar:/home/travis/build/icyphy/ptII/lib/org-openide-util.jar:/home/travis/build/icyphy/ptII/lib/org-openide-util-lookup.jar:/home/travis/build/icyphy/ptII/lib/org-netbeans-api-visual.jar:/home/travis/build/icyphy/ptII/vendors/jai-1_1_2_01/lib/jai_core.jar:/home/travis/build/icyphy/ptII/vendors/jai-1_1_2_01/lib/jai_codec.jar:/home/travis/build/icyphy/ptII/lib/jcerti.jar:/home/travis/build/icyphy/ptII/lib/smack.jar:/home/travis/build/icyphy/ptII/lib/smackx.jar:/home/travis/build/icyphy/ptII/lib/jetty-all-8.1.5-v20120716.jar:/home/travis/build/icyphy/ptII/lib/javax.servlet-api-3.0.1.jar:/home/travis/build/icyphy/ptII/lib/javax.mail.jar:/home/travis/build/icyphy/ptII/vendors/JMF-2.1.1e/lib/jmf.jar:/home/travis/build/icyphy/ptII/lib/jna-4.0.0-variadic.jar:/home/travis/build/icyphy/ptII/vendors/misc/joystick/Joystick.jar:/home/travis/build/icyphy/ptII/lib/ptjacl.jar:/home/travis/build/icyphy/ptII/lib/jsoup-1.8.2.jar:/home/travis/build/icyphy/ptII/lib/junit-4.8.2.jar:/home/travis/build/icyphy/ptII/lib/JUnitParams-0.4.0.jar:/home/travis/build/icyphy/ptII/ptolemy/actor/lib/excel/jxl.jar:/home/travis/build/icyphy/ptII/lib/jython.jar:/home/travis/build/icyphy/ptII/lib/kieler.jar:/home/travis/build/icyphy/ptII/vendors/opencv/share/OpenCV/java/opencv-341.jar:/home/travis/build/icyphy/ptII/lib/oscP5.jar:/home/travis/build/icyphy/ptII/lib/nrjavaserial-3.11.0.devel.jar:/home/travis/build/icyphy/ptII/vendors/j3d/lib/j3dcore.jar:/home/travis/build/icyphy/ptII/vendors/j3d/lib/j3dutils.jar:/home/travis/build/icyphy/ptII/vendors/j3d/lib/vecmath.jar:/home/travis/build/icyphy/ptII/ptolemy/distributed/jini/jar/jini-core.jar:/home/travis/build/icyphy/ptII/ptolemy/distributed/jini/jar/jini-ext.jar:/home/travis/build/icyphy/ptII/ptolemy/distributed/jini/jar/sun-util.jar:/home/travis/build/icyphy/ptII/lib/protobuf-java-2.4.1.jar:/home/travis/build/icyphy/ptII/lib/org.eclipse.paho.client.mqttv3.jar:/home/travis/build/icyphy/ptII/ptserver/lib/hessian-4.0.7.jar:/home/travis/build/icyphy/ptII/ptserver/lib/wmqtt.jar:/home/travis/build/icyphy/ptII/lib/mapss.jar:/home/travis/build/icyphy/ptII/ptolemy/actor/ptalon/antlr/antlr.jar:/home/travis/build/icyphy/ptII/lib/JRI.jar:/home/travis/build/icyphy/ptII/lib/commons-lang-2.6.jar:/home/travis/build/icyphy/ptII/lib/commons-logging-1.1.1.jar:/home/travis/build/icyphy/ptII/lib/sootclasses.jar:/home/travis/build/icyphy/ptII/ptolemy/actor/lib/database/mysql-connector-java-5.1.6-bin.jar:/home/travis/build/icyphy/ptII/vendors/misc/sphinx4/sphinx4-data-5prealpha.jar:/home/travis/build/icyphy/ptII/vendors/misc/sphinx4/sphinx4-core-5prealpha.jar:/home/travis/build/icyphy/ptII/lib/PDFRenderer.jar:/home/travis/build/icyphy/ptII/lib/svgSalamander.jar:/home/travis/build/icyphy/ptII/lib/rsyntaxtextarea-2.6.0-SNAPSHOT.jar:/home/travis/build/icyphy/ptII/lib/hazelcast-3.8.2.jar:/home/travis/build/icyphy/ptII/lib/jackson-annotations-2.9.0.jar:/home/travis/build/icyphy/ptII/lib/jackson-core-2.9.3.jar:/home/travis/build/icyphy/ptII/lib/jackson-databind-2.9.3.jar:/home/travis/build/icyphy/ptII/lib/netty-buffer-4.1.19.Final.jar:/home/travis/build/icyphy/ptII/lib/netty-codec-4.1.19.Final.jar:/home/travis/build/icyphy/ptII/lib/netty-codec-dns-4.1.19.Final.jar:/home/travis/build/icyphy/ptII/lib/netty-codec-http-4.1.19.Final.jar:/home/travis/build/icyphy/ptII/lib/netty-codec-http2-4.1.19.Final.jar:/home/travis/build/icyphy/ptII/lib/netty-common-4.1.19.Final.jar:/home/travis/build/icyphy/ptII/lib/netty-handler-4.1.19.Final.jar:/home/travis/build/icyphy/ptII/lib/netty-resolver-4.1.19.Final.jar:/home/travis/build/icyphy/ptII/lib/netty-resolver-dns-4.1.19.Final.jar:/home/travis/build/icyphy/ptII/lib/netty-transport-4.1.19.Final.jar:/home/travis/build/icyphy/ptII/lib/vertx-codegen-3.5.1.jar:/home/travis/build/icyphy/ptII/lib/vertx-core-3.5.2-SNAPSHOT.jar:/home/travis/build/icyphy/ptII/lib/vertx-hazelcast-3.5.1.jar:/home/travis/build/icyphy/ptII/lib/vertx-lang-js-3.5.1.jar:/home/travis/build/icyphy/ptII/lib/vertx-service-proxy-3.5.1.jar:/home/travis/build/icyphy/ptII/lib/vertx-web-3.5.1.jar:/home/travis/build/icyphy/ptII/lib/slf4j-api-1.7.13.jar:/home/travis/build/icyphy/ptII/lib/slf4j-simple-1.7.13.jar:/home/travis/build/icyphy/ptII/lib/webcam-capture-0.3.12.jar:/home/travis/build/icyphy/ptII/lib/bridj-0.7.0.jar:/home/travis/build/icyphy/ptII/lib/xbjlib-1.1.0.nrjavaserial.jar" />
    <property name="test.batch" value="**/junit/*.java" />
    <property name="env._" value="/usr/bin/timeout" />
    <property name="java.io.tmpdir" value="/tmp" />
    <property name="env.TRAVIS_INTERNAL_RUBY_REGEX" value="^ruby-(2\.[0-2]\.[0-9]|1\.9\.3)" />
    <property name="user.language" value="en" />
    <property name="env.HISTCONTROL" value="ignoredups:ignorespace" />
    <property name="env.GOROOT" value="/home/travis/.gimme/versions/go1.7.4.linux.amd64" />
    <property name="line.separator" value="&#xa;" />
    <property name="target" value="1.8" />
    <property name="env.TRAVIS_BUILD_DIR" value="/home/travis/build/icyphy/ptII" />
    <property name="env.ANT_OPTS" value="-Xmx2048m" />
    <property name="ant.file.type" value="file" />
    <property name="ptolemy.ptII.batchMode" value="true" />
    <property name="env.HISTSIZE" value="1000" />
    <property name="env.MERB_ENV" value="test" />
    <property name="java.vm.info" value="mixed mode" />
    <property name="source" value="1.8" />
    <property name="java.vm.specification.name" value="Java Virtual Machine Specification" />
    <property name="env.TRAVIS_TEST_RESULT" value="0" />
    <property name="jsdoc.command" value="node_modules/@terraswarm/jsdoc/jsdoc.js" />
    <property name="npm.works" value="true" />
    <property name="cobertura.dir" value="/home/travis/build/icyphy/ptII/vendors/cobertura-2.0.3" />
    <property name="env.rvm_path" value="/home/travis/.rvm" />
    <property name="env.GEM_PATH" value="/home/travis/.rvm/gems/ruby-2.4.1:/home/travis/.rvm/gems/ruby-2.4.1@global" />
    <property name="env.LC_CTYPE" value="en_US.UTF-8" />
    <property name="java.awt.printerjob" value="sun.print.PSPrinterJob" />
    <property name="env.TRAVIS_CMD" value="$PTII/bin/ptIITravisBuild.sh $SECONDS" />
    <property name="env.TRAVIS_STACK_NAME" value="garnet" />
    <property name="env.TRAVIS_TIMER_START_TIME" value="1540088862286262958" />
    <property name="ant.version" value="Apache Ant(TM) version 1.10.1 compiled on February 2 2017" />
    <property name="ptII.reports" value="/home/travis/build/icyphy/ptII/reports" />
    <property name="env.TRAVIS_STACK_TIMESTAMP" value="2017-12-05 19:33:09 UTC" />
    <property name="ant.file.type.ptII" value="file" />
    <property name="env.RBENV_SHELL" value="bash" />
    <property name="os.name" value="Linux" />
    <property name="java.specification.vendor" value="Oracle Corporation" />
    <property name="env.rvm_version" value="1.29.3 (latest)" />
    <property name="env.TRAVIS_INFRA" value="gce" />
    <property name="env.TERM" value="xterm" />
    <property name="java.vm.name" value="Java HotSpot(TM) 64-Bit Server VM" />
    <property name="env.TRAVIS_BUILD_NUMBER" value="789" />
    <property name="env.CI" value="true" />
    <property name="java.library.path" value="/usr/lib/jni:/usr/local/share/OpenCV/java/:/usr/share/OpenCV/java::/usr/java/packages/lib/amd64:/usr/lib64:/lib64:/lib:/usr/lib" />
    <property name="env.rvm_prefix" value="/home/travis" />
    <property name="env.PATH" value="/home/travis/.rvm/gems/ruby-2.4.1/bin:/home/travis/.rvm/gems/ruby-2.4.1@global/bin:/home/travis/.rvm/rubies/ruby-2.4.1/bin:/home/travis/.rvm/bin:/home/travis/.nvm/versions/node/v7.10.1/bin:./node_modules/.bin:/home/travis/build/icyphy/ptII/bin:/home/travis/pthla/certi-tools/bin:/home/travis/bin:/home/travis/.local/bin:/opt/pyenv/shims:/home/travis/.phpenv/shims:/home/travis/perl5/perlbrew/bin:/home/travis/.kiex/elixirs/elixir-1.4.5/bin:/home/travis/.kiex/bin:/home/travis/gopath/bin:/home/travis/.gimme/versions/go1.7.4.linux.amd64/bin:/usr/local/phantomjs/bin:/usr/local/phantomjs:/usr/local/neo4j-3.2.7/bin:/usr/local/maven-3.5.2/bin:/usr/local/cmake-3.9.2/bin:/usr/local/clang-5.0.0/bin:/usr/local/sbin:/usr/local/bin:/usr/sbin:/usr/bin:/sbin:/bin:/home/travis/.phpenv/bin:/opt/pyenv/bin:/home/travis/.yarn/bin" />
    <property name="env.TRAVIS_OS_NAME" value="linux" />
    <property name="ant.java.version" value="1.8" />
    <property name="basedir" value="/home/travis/build/icyphy/ptII" />
    <property name="java.class.version" value="52.0" />
    <property name="env.SHLVL" value="3" />
    <property name="env.LD_LIBRARY_PATH" value="/usr/lib/jni:/usr/local/share/OpenCV/java/:/usr/share/OpenCV/java:" />
    <property name="env.RACK_ENV" value="test" />
    <property name="ant.home" value="/home/travis/build/icyphy/ptII/ant" />
    <property name="env.NVM_DIR" value="/home/travis/.nvm" />
    <property name="env.PERLBREW_BASHRC_VERSION" value="0.80" />
    <property name="env.TRAVIS_BUILD_ID" value="444244829" />
    <property name="env.PYENV_ROOT" value="/opt/pyenv" />
    <property name="env.TRAVIS_UID" value="2000" />
    <property name="env.rvm_pretty_print_flag" value="auto" />
    <property name="env.NVM_BIN" value="/home/travis/.nvm/versions/node/v7.10.1/bin" />
    <property name="env.TRAVIS_COMMIT" value="b3684f00e584dda0cd52740aa065011f103367cd" />
    <property name="env._system_arch" value="x86_64" />
    <property name="node.executable" value="node" />
    <property name="sun.boot.library.path" value="/usr/lib/jvm/java-8-oracle/jre/lib/amd64" />
    <property name="sun.management.compiler" value="HotSpot 64-Bit Tiered Compilers" />
    <property name="env.GOPATH" value="/home/travis/gopath" />
    <property name="java.awt.graphicsenv" value="sun.awt.X11GraphicsEnvironment" />
    <property name="ptolemy.ptII.dir" value="/home/travis/build/icyphy/ptII" />
    <property name="env.USER" value="travis" />
    <property name="env.HISTFILESIZE" value="2000" />
    <property name="timeout.longest" value="19000000" />
    <property name="env.TRAVIS_STACK_FEATURES" value="basic cassandra chromium couchdb disabled-ipv6 docker docker-compose elasticsearch firefox go-toolchain google-chrome jdk memcached mongodb mysql neo4j nodejs_interpreter perl_interpreter perlbrew phantomjs postgresql python_interpreter rabbitmq redis riak ruby_interpreter sqlite xserver" />
    <property name="env.TRAVIS_PULL_REQUEST" value="false" />
    <property name="env.PYENV_SHELL" value="bash" />
    <property name="ant.project.name" value="ptII" />
    <property name="java.vm.specification.version" value="1.8" />
    <property name="env.ANSI_RESET" value="\033[0m" />
    <property name="env.TRAVIS_DIST" value="trusty" />
    <property name="env.NLSPATH" value="/usr/dt/lib/nls/msg/%L/%N.cat" />
    <property name="awt.toolkit" value="sun.awt.X11.XToolkit" />
    <property name="env.MY_RUBY_HOME" value="/home/travis/.rvm/rubies/ruby-2.4.1" />
    <property name="sun.cpu.isalist" value="" />
    <property name="env.TRAVIS_TMPDIR" value="/tmp/tmp.XLsiYIitCR" />
    <property name="java.ext.dirs" value="/usr/lib/jvm/java-8-oracle/jre/lib/ext:/usr/java/packages/lib/ext" />
    <property name="os.version" value="4.4.0-101-generic" />
    <property name="user.home" value="/home/travis" />
    <property name="env.MIX_ARCHIVES" value="/home/travis/.kiex/mix/elixir-1.4.5" />
    <property name="java.vm.vendor" value="Oracle Corporation" />
    <property name="env.TRAVIS_TAG" value="nightly" />
    <property name="env.ANSI_YELLOW" value="\033[33;1m" />
    <property name="env.TRAVIS_FILTERED" value="redirect_io" />
    <property name="env.ANSI_GREEN" value="\033[32;1m" />
    <property name="env.JAVA_HOME" value="/usr/lib/jvm/java-8-oracle" />
    <property name="javadoc.excludepackagenames" value="adm.cvs2svn.*,build.*,config.*,doc.coding.templates.*,jni.test.jni.meaningOfLife.*,jni.test.jni.testDeux.*,jni.test.jni.testTrois.*,org.terraswarm.accessor.accessors.web.node_modules.*,org.terraswarm.accessor.accessors.web.hosts.cordova.demo.*,org.terraswarm.accessor.accessors.web.hosts.cordova.plugins.*,org.terraswarm.accessor.accessors-svn.*,pt-modules.*,ptolemy.apps.agilent.*,ptolemy.apps.anytimecontrol.*,ptolemy.apps.apes.*,ptolemy.apps.charon.*,ptolemy.apps.crazyboard.*,ptolemy.apps.eclipse.*,ptolemy.apps.etherealSting.*,ptolemy.apps.fullscreen.*,ptolemy.apps.giotto.*,ptolemy.apps.ia.*,ptolemy.apps.interfaces.*,ptolemy.apps.jmf.*,ptolemy.apps.kurt.*,ptolemy.apps.kvm.*,ptolemy.apps.lego.*,ptolemy.apps.lejos.*,ptolemy.apps.midp.*,ptolemy.apps.mobileCoding.*,ptolemy.apps.pendulum.*,ptolemy.apps.rijndael.*,ptolemy.apps.robot.*,ptolemy.apps.security.*,ptolemy.apps.sobel.*,ptolemy.apps.soot.*,ptolemy.apps.throttle.*,ptolemy.apps.tini.*,ptolemy.apps.transmission.*,ptolemy.apps.vergil.*,ptolemy.apps.waba.*,ptolemy.apps.websensor.*,ptolemy.apps.webstart.*,ptolemy.apps.xsl.*,ptolemy.apps.zaurus.*,ptolemy.backtrack.eclipse.plugin.*,ptolemy.backtrack.test.*,ptolemy.codegen.c.actor.lib.oldJavaFiles.*,ptolemy.codegen.dsp.lib.*,ptolemy.codegen.kernel.newInterfaces.*,ptolemy.codegen.lib.*,ptolemy.copernicus.kernel.fragment.*,ptolemy.copernicus.shallow.cg.*,ptolemy.domains.giotto.demo.Hierarchy.Hierarchy.*,ptolemy.domains.giotto.demo.Multimode.Multimode.*,ptolemy.domains.giotto.demo.Simple.Simple.*,ptolemy.domains.gr.lib.experimental.*,ptolemy.domains.gro.*,ptolemy.domains.pdf.*,ptolemy.domains.ptinyos.demo.Surge.output.*,ptolemy.moml.test.NoPackageActor.java*,ptolemy.plot.adm.*,ptolemy.plot.servlet.*,reports.*,signed.*,src.*,target.*,vendors.*,ptolemy.cg.adapter.generic.program.procedural.c.mbed*,ptolemy.actor.lib.fmi.fmus.omc*,ptolemy.domains.openmodelica*,ptdb.kernel.bl.save.test.*,ptdb.kernel.bl.load.test.*,ptdb.kernel.bl.search.test.*,ptdb.kernel.bl.migration.test.*,ptdb.kernel.database.test.*,ptdb.test.*,ptdb.gui.test.*,org.ptolemy.scala.*,diva.util.java2d.svg.*,ptolemy.domains.ptinyos.*,ptolemy.actor.lib.fmi.fmipp.*,,org.terraswarm.accessor.accessors.web.node_modules.*,org.terraswarm.accessor.accessors-svn,ptolemy.apps.*,ptolemy.actor.ptalon.demo.ptinyos.SendAndReceiveCnt.output,ptolemy.actor.ptalon.demo.ptinyos.SenseToLeds.output,ptolemy.domains.ptinyos.demo.CntToLedsAndRfm.output,ptolemy.domains.ptinyos.demo.RfmToLeds.output,ptolemy.domains.ptinyos.demo.SendAndReceiveCnt.output,ptolemy.domains.ptinyos.demo.SenseToLeds.output,ptolemy.actor.lib.jjs.modules.udpSocket.*" />
    <property name="env.PTII" value="/home/travis/build/icyphy/ptII" />
    <property name="env.XDG_SESSION_ID" value="2" />
    <property name="env.TRAVIS_COMMIT_MESSAGE" value="Updated links to publications that moved from chess.eecs to ptolemy.berkeley" />
    <property name="keystore" value="ptKeystore" />
    <property name="junit.output.dir" value="/home/travis/build/icyphy/ptII/reports/junit" />
    <property name="npm.return.code" value="0" />
    <property name="user.dir" value="/home/travis/build/icyphy/ptII/ptolemy/domains/ptera/test" />
    <property name="env.XFILESEARCHPATH" value="/usr/dt/app-defaults/%L/Dt" />
    <property name="env.TRAVIS_NODE_VERSION" value="7" />
    <property name="env.TRAVIS_EVENT_TYPE" value="cron" />
    <property name="env.MAIL" value="/var/mail/travis" />
    <property name="env.PERLBREW_ROOT" value="/home/travis/perl5/perlbrew" />
    <property name="env.PWD" value="/home/travis/build/icyphy/ptII" />
    <property name="timeout.npm" value="45000" />
    <property name="env.PT_TRAVIS_TEST_CORE2_XML" value="true" />
    <property name="env.TRAVIS_ARCH" value="amd64" />
    <property name="sun.cpu.endian" value="little" />
    <property name="env.PAGER" value="cat" />
    <property name="env.TRAVIS_BUILD_STAGE_NAME" value="Test" />
    <property name="env.PERLBREW_HOME" value="/home/travis/.perlbrew" />
    <property name="env.RAILS_ENV" value="test" />
    <property name="java.vm.version" value="25.151-b12" />
    <property name="java.class.path" value="/home/travis/build/icyphy/ptII:/home/travis/build/icyphy/ptII/lib/bsh-2.0b4.jar:/home/travis/build/icyphy/ptII/lib/ptCal.jar:/home/travis/build/icyphy/ptII/lib/java_cup.jar:/home/travis/build/icyphy/ptII/lib/saxon8.jar:/home/travis/build/icyphy/ptII/lib/saxon8-dom.jar:/home/travis/build/icyphy/ptII/lib/chic.jar:/home/travis/build/icyphy/ptII/lib/ptcolt.jar:/usr/lib/jvm/java-8-oracle/lib/tools.jar:/usr/lib/eclipse/plugins/org.eclipse.jdt.core_3.8.2.dist.jar:/usr/lib/eclipse/plugins/org.eclipse.core.runtime_3.8.0.dist.jar:/usr/lib/eclipse/plugins/org.eclipse.osgi_3.8.1.dist.jar:/usr/lib/eclipse/plugins/org.eclipse.core.resources_3.8.1.dist.jar:/usr/lib/eclipse/plugins/org.eclipse.equinox.common_3.6.100.dist.jar:/usr/lib/eclipse/plugins/org.eclipse.core.jobs_3.5.200.dist.jar:/usr/lib/eclipse/plugins/org.eclipse.core.contenttype_3.4.200.dist.jar:/usr/lib/eclipse/plugins/org.eclipse.equinox.preferences_3.5.0.dist.jar:/usr/lib/eclipse/plugins/org.eclipse.text_3.5.200.dist.jar:/usr/lib/eclipse/plugins/org.eclipse.ui.workbench_3.8.1.dist.jar:/usr/lib/eclipse/plugins/org.eclipse.jface_3.8.0.dist.jar:/usr/lib/eclipse/plugins/org.eclipse.swt_3.8.2.jar:/usr/lib/eclipse/plugins/org.eclipse.jface.text_3.8.1.dist.jar:/usr/lib/eclipse/plugins/org.eclipse.ui.workbench.texteditor_3.8.0.dist.jar:/usr/lib/eclipse/plugins/org.eclipse.ui.editors_3.8.0.dist.jar:/usr/lib/eclipse/plugins/org.eclipse.core.commands_3.6.1.dist.jar:/usr/lib/eclipse/plugins/org.eclipse.equinox.registry_3.5.200.dist.jar:/usr/lib/eclipse/plugins/org.eclipse.ui.console_3.5.100.dist.jar:/usr/lib/eclipse/plugins/org.eclipse.ui.forms_3.5.200.dist.jar:/usr/lib/eclipse/plugins/org.eclipse.ui.ide_3.8.1.dist.jar:/home/travis/build/icyphy/ptII/vendors/oracle/dbxml.jar:/home/travis/build/icyphy/ptII/vendors/oracle/db.jar:/home/travis/build/icyphy/ptII/vendors/misc/itext/iText.jar:/home/travis/build/icyphy/ptII/lib/g4ltl.jar:/home/travis/build/icyphy/ptII/lib/StructuralCoder.jar:/home/travis/build/icyphy/ptII/lib/org-openide-util.jar:/home/travis/build/icyphy/ptII/lib/org-openide-util-lookup.jar:/home/travis/build/icyphy/ptII/lib/org-netbeans-api-visual.jar:/home/travis/build/icyphy/ptII/vendors/jai-1_1_2_01/lib/jai_core.jar:/home/travis/build/icyphy/ptII/vendors/jai-1_1_2_01/lib/jai_codec.jar:/home/travis/build/icyphy/ptII/lib/jcerti.jar:/home/travis/build/icyphy/ptII/lib/smack.jar:/home/travis/build/icyphy/ptII/lib/smackx.jar:/home/travis/build/icyphy/ptII/lib/jetty-all-8.1.5-v20120716.jar:/home/travis/build/icyphy/ptII/lib/javax.servlet-api-3.0.1.jar:/home/travis/build/icyphy/ptII/lib/javax.mail.jar:/home/travis/build/icyphy/ptII/vendors/JMF-2.1.1e/lib/jmf.jar:/home/travis/build/icyphy/ptII/lib/jna-4.0.0-variadic.jar:/home/travis/build/icyphy/ptII/vendors/misc/joystick/Joystick.jar:/home/travis/build/icyphy/ptII/lib/ptjacl.jar:/home/travis/build/icyphy/ptII/lib/jsoup-1.8.2.jar:/home/travis/build/icyphy/ptII/lib/junit-4.8.2.jar:/home/travis/build/icyphy/ptII/lib/JUnitParams-0.4.0.jar:/home/travis/build/icyphy/ptII/ptolemy/actor/lib/excel/jxl.jar:/home/travis/build/icyphy/ptII/lib/jython.jar:/home/travis/build/icyphy/ptII/lib/kieler.jar:/home/travis/build/icyphy/ptII/vendors/opencv/share/OpenCV/java/opencv-341.jar:/home/travis/build/icyphy/ptII/lib/oscP5.jar:/home/travis/build/icyphy/ptII/lib/nrjavaserial-3.11.0.devel.jar:/home/travis/build/icyphy/ptII/vendors/j3d/lib/j3dcore.jar:/home/travis/build/icyphy/ptII/vendors/j3d/lib/j3dutils.jar:/home/travis/build/icyphy/ptII/vendors/j3d/lib/vecmath.jar:/home/travis/build/icyphy/ptII/ptolemy/distributed/jini/jar/jini-core.jar:/home/travis/build/icyphy/ptII/ptolemy/distributed/jini/jar/jini-ext.jar:/home/travis/build/icyphy/ptII/ptolemy/distributed/jini/jar/sun-util.jar:/home/travis/build/icyphy/ptII/lib/protobuf-java-2.4.1.jar:/home/travis/build/icyphy/ptII/lib/org.eclipse.paho.client.mqttv3.jar:/home/travis/build/icyphy/ptII/ptserver/lib/hessian-4.0.7.jar:/home/travis/build/icyphy/ptII/ptserver/lib/wmqtt.jar:/home/travis/build/icyphy/ptII/lib/mapss.jar:/home/travis/build/icyphy/ptII/ptolemy/actor/ptalon/antlr/antlr.jar:/home/travis/build/icyphy/ptII/lib/JRI.jar:/home/travis/build/icyphy/ptII/lib/commons-lang-2.6.jar:/home/travis/build/icyphy/ptII/lib/commons-logging-1.1.1.jar:/home/travis/build/icyphy/ptII/lib/sootclasses.jar:/home/travis/build/icyphy/ptII/ptolemy/actor/lib/database/mysql-connector-java-5.1.6-bin.jar:/home/travis/build/icyphy/ptII/vendors/misc/sphinx4/sphinx4-data-5prealpha.jar:/home/travis/build/icyphy/ptII/vendors/misc/sphinx4/sphinx4-core-5prealpha.jar:/home/travis/build/icyphy/ptII/lib/PDFRenderer.jar:/home/travis/build/icyphy/ptII/lib/svgSalamander.jar:/home/travis/build/icyphy/ptII/lib/rsyntaxtextarea-2.6.0-SNAPSHOT.jar:/home/travis/build/icyphy/ptII/lib/hazelcast-3.8.2.jar:/home/travis/build/icyphy/ptII/lib/jackson-annotations-2.9.0.jar:/home/travis/build/icyphy/ptII/lib/jackson-core-2.9.3.jar:/home/travis/build/icyphy/ptII/lib/jackson-databind-2.9.3.jar:/home/travis/build/icyphy/ptII/lib/netty-buffer-4.1.19.Final.jar:/home/travis/build/icyphy/ptII/lib/netty-codec-4.1.19.Final.jar:/home/travis/build/icyphy/ptII/lib/netty-codec-dns-4.1.19.Final.jar:/home/travis/build/icyphy/ptII/lib/netty-codec-http-4.1.19.Final.jar:/home/travis/build/icyphy/ptII/lib/netty-codec-http2-4.1.19.Final.jar:/home/travis/build/icyphy/ptII/lib/netty-common-4.1.19.Final.jar:/home/travis/build/icyphy/ptII/lib/netty-handler-4.1.19.Final.jar:/home/travis/build/icyphy/ptII/lib/netty-resolver-4.1.19.Final.jar:/home/travis/build/icyphy/ptII/lib/netty-resolver-dns-4.1.19.Final.jar:/home/travis/build/icyphy/ptII/lib/netty-transport-4.1.19.Final.jar:/home/travis/build/icyphy/ptII/lib/vertx-codegen-3.5.1.jar:/home/travis/build/icyphy/ptII/lib/vertx-core-3.5.2-SNAPSHOT.jar:/home/travis/build/icyphy/ptII/lib/vertx-hazelcast-3.5.1.jar:/home/travis/build/icyphy/ptII/lib/vertx-lang-js-3.5.1.jar:/home/travis/build/icyphy/ptII/lib/vertx-service-proxy-3.5.1.jar:/home/travis/build/icyphy/ptII/lib/vertx-web-3.5.1.jar:/home/travis/build/icyphy/ptII/lib/slf4j-api-1.7.13.jar:/home/travis/build/icyphy/ptII/lib/slf4j-simple-1.7.13.jar:/home/travis/build/icyphy/ptII/lib/webcam-capture-0.3.12.jar:/home/travis/build/icyphy/ptII/lib/bridj-0.7.0.jar:/home/travis/build/icyphy/ptII/lib/xbjlib-1.1.0.nrjavaserial.jar:/home/travis/build/icyphy/ptII/ptolemy/moml/test:/home/travis/build/icyphy/ptII/ant/lib/ant-launcher.jar:/home/travis/build/icyphy/ptII/ant/lib/ant.jar:/home/travis/build/icyphy/ptII/ant/lib/ant-junit.jar:/home/travis/build/icyphy/ptII/ant/lib/ant-junit4.jar" />
    <property name="ant.library.dir" value="/home/travis/build/icyphy/ptII/ant/lib" />
    <property name="os.arch" value="amd64" />
    <property name="env.CONTINUOUS_INTEGRATION" value="true" />
    <property name="env.TRAVIS_LANGUAGE" value="node_js" />
    <property name="env.TRAVIS_STACK_LANGUAGES" value="__garnet__ c c++ clojure cplusplus cpp default go groovy java node_js php pure_java python ruby scala" />
    <property name="test.name" value="ptolemy.actor.lib.test.junit.JUnitTclTest" />
    <property name="sun.java.launcher" value="SUN_STANDARD" />
    <property name="env.PYTHON_CONFIGURE_OPTS" value="--enable-unicode=ucs4 --with-wide-unicode --enable-shared --enable-ipv6 --enable-loadable-sqlite-extensions --with-computed-gotos" />
    <property name="ant.core.lib" value="/home/travis/build/icyphy/ptII/ant/lib/ant.jar" />
    <property name="java.vm.specification.vendor" value="Oracle Corporation" />
    <property name="env.BCVTB_HOME" value="/home/travis/build/icyphy/ptII/lbnl" />
    <property name="file.separator" value="/" />
    <property name="java.runtime.version" value="1.8.0_151-b12" />
    <property name="spotbugs.home" value="/home/travis/build/icyphy/ptII/vendors/spotbugs-3.1.1" />
    <property name="sun.boot.class.path" value="/usr/lib/jvm/java-8-oracle/jre/lib/resources.jar:/usr/lib/jvm/java-8-oracle/jre/lib/rt.jar:/usr/lib/jvm/java-8-oracle/jre/lib/sunrsasign.jar:/usr/lib/jvm/java-8-oracle/jre/lib/jsse.jar:/usr/lib/jvm/java-8-oracle/jre/lib/jce.jar:/usr/lib/jvm/java-8-oracle/jre/lib/charsets.jar:/usr/lib/jvm/java-8-oracle/jre/lib/jfr.jar:/usr/lib/jvm/java-8-oracle/jre/classes" />
    <property name="env.ANSI_CLEAR" value="\033[0K" />
    <property name="env.HAS_JOSH_K_SEAL_OF_APPROVAL" value="true" />
    <property name="env.TRAVIS_OSX_IMAGE" value="" />
    <property name="env.XDG_RUNTIME_DIR" value="/run/user/2000" />
    <property name="env.TRAVIS_JOB_ID" value="444244841" />
    <property name="env.TRAVIS_BRANCH" value="master" />
    <property name="user.country" value="US" />
    <property name="env.CERTI_HOME_TRAVIS" value="/home/travis/pthla/certi-tools" />
    <property name="env.SHELL" value="/bin/bash" />
    <property name="java.maxmemory.large" value="5000m" />
    <property name="model" value="" />
    <property name="env.CASHER_DIR" value="/home/travis/.casher" />
    <property name="env.NVM_CD_FLAGS" value="" />
    <property name="jshint.executable" value="/home/travis/node_modules/jshint/bin/jshint" />
    <property name="env.JRUBY_OPTS" value=" --client -J-XX:+TieredCompilation -J-XX:TieredStopAtLevel=1 -J-Xss2m -Xcompile.invokedynamic=false" />
    <property name="java.vendor" value="Oracle Corporation" />
    <property name="env.TRAVIS_PRE_CHEF_BOOTSTRAP_TIME" value="2017-12-05T19:32:55" />
    <property name="env.TRAVIS_STACK_JOB_BOARD_REGISTER" value="/.job-board-register.yml" />
    <property name="env.ELIXIR_VERSION" value="1.4.5" />
    <property name="env.ANSI_RED" value="\033[31;1m" />
    <property name="java.specification.version" value="1.8" />
    <property name="env.TRAVIS" value="true" />
    <property name="env.IRBRC" value="/home/travis/.rvm/rubies/ruby-2.4.1/.irbrc" />
    <property name="sun.arch.data.model" value="64" />
  </properties>
  <testcase classname="ptolemy.util.test.junit.TclTests" name="[0] ThereAreNoTclTests (RunTclFile)" time="0.001" />
  <testcase classname="ptolemy.util.test.junit.AutoKnownFailedTests" name="[0] ThereAreNoKnowFailedTests (RunModel)" time="0.001" />
  <testcase classname="ptolemy.util.test.junit.AutoNameArchTests" name="[0] ThereAreNoAutoArchTests (RunModel)" time="0.001" />
  <testcase classname="ptolemy.util.test.junit.AutoTests" name="[0] /home/travis/build/icyphy/ptII/ptolemy/domains/ptera/test/auto/CarWash.xml (RunModel)" time="0.408" />
  <testcase classname="ptolemy.util.test.junit.AutoTests" name="[1] /home/travis/build/icyphy/ptII/ptolemy/domains/ptera/test/auto/CarWashHierarchical.xml (RunModel)" time="0.594" />
  <testcase classname="ptolemy.util.test.junit.AutoTests" name="[2] /home/travis/build/icyphy/ptII/ptolemy/domains/ptera/test/auto/Composition1.xml (RunModel)" time="0.181" />
  <testcase classname="ptolemy.util.test.junit.AutoTests" name="[3] /home/travis/build/icyphy/ptII/ptolemy/domains/ptera/test/auto/EventNameTest1.xml (RunModel)" time="0.083" />
  <testcase classname="ptolemy.util.test.junit.AutoTests" name="[4] /home/travis/build/icyphy/ptII/ptolemy/domains/ptera/test/auto/EventNameTest2.xml (RunModel)" time="0.057" />
  <testcase classname="ptolemy.util.test.junit.AutoTests" name="[5] /home/travis/build/icyphy/ptII/ptolemy/domains/ptera/test/auto/EventNameTest3.xml (RunModel)" time="0.039" />
  <testcase classname="ptolemy.util.test.junit.AutoTests" name="[6] /home/travis/build/icyphy/ptII/ptolemy/domains/ptera/test/auto/EventNameTest4.xml (RunModel)" time="0.051" />
  <testcase classname="ptolemy.util.test.junit.AutoTests" name="[7] /home/travis/build/icyphy/ptII/ptolemy/domains/ptera/test/auto/EventNameTest5.xml (RunModel)" time="0.06" />
  <testcase classname="ptolemy.util.test.junit.AutoTests" name="[8] /home/travis/build/icyphy/ptII/ptolemy/domains/ptera/test/auto/EventNameTest6.xml (RunModel)" time="0.054" />
  <testcase classname="ptolemy.util.test.junit.AutoTests" name="[9] /home/travis/build/icyphy/ptII/ptolemy/domains/ptera/test/auto/Hierarchy1.xml (RunModel)" time="0.166" />
  <testcase classname="ptolemy.util.test.junit.AutoTests" name="[10] /home/travis/build/icyphy/ptII/ptolemy/domains/ptera/test/auto/Hierarchy2.xml (RunModel)" time="0.086" />
  <testcase classname="ptolemy.util.test.junit.AutoTests" name="[11] /home/travis/build/icyphy/ptII/ptolemy/domains/ptera/test/auto/Hierarchy3.xml (RunModel)" time="0.054" />
  <testcase classname="ptolemy.util.test.junit.AutoTests" name="[12] /home/travis/build/icyphy/ptII/ptolemy/domains/ptera/test/auto/Hierarchy4.xml (RunModel)" time="0.065" />
  <testcase classname="ptolemy.util.test.junit.AutoTests" name="[13] /home/travis/build/icyphy/ptII/ptolemy/domains/ptera/test/auto/Hierarchy5.xml (RunModel)" time="0.072" />
  <testcase classname="ptolemy.util.test.junit.AutoTests" name="[14] /home/travis/build/icyphy/ptII/ptolemy/domains/ptera/test/auto/Hierarchy6.xml (RunModel)" time="0.071" />
  <testcase classname="ptolemy.util.test.junit.AutoTests" name="[15] /home/travis/build/icyphy/ptII/ptolemy/domains/ptera/test/auto/Hierarchy7.xml (RunModel)" time="0.197" />
  <testcase classname="ptolemy.util.test.junit.AutoTests" name="[16] /home/travis/build/icyphy/ptII/ptolemy/domains/ptera/test/auto/Hierarchy8.xml (RunModel)" time="0.174" />
  <testcase classname="ptolemy.util.test.junit.AutoTests" name="[17] /home/travis/build/icyphy/ptII/ptolemy/domains/ptera/test/auto/ParameterTest1.xml (RunModel)" time="0.032" />
  <testcase classname="ptolemy.util.test.junit.AutoTests" name="[18] /home/travis/build/icyphy/ptII/ptolemy/domains/ptera/test/auto/ParameterTest10.xml (RunModel)" time="0.033" />
  <testcase classname="ptolemy.util.test.junit.AutoTests" name="[19] /home/travis/build/icyphy/ptII/ptolemy/domains/ptera/test/auto/ParameterTest2.xml (RunModel)" time="0.025" />
  <testcase classname="ptolemy.util.test.junit.AutoTests" name="[20] /home/travis/build/icyphy/ptII/ptolemy/domains/ptera/test/auto/ParameterTest3.xml (RunModel)" time="0.027" />
  <testcase classname="ptolemy.util.test.junit.AutoTests" name="[21] /home/travis/build/icyphy/ptII/ptolemy/domains/ptera/test/auto/ParameterTest4.xml (RunModel)" time="0.029" />
  <testcase classname="ptolemy.util.test.junit.AutoTests" name="[22] /home/travis/build/icyphy/ptII/ptolemy/domains/ptera/test/auto/ParameterTest5.xml (RunModel)" time="0.03" />
  <testcase classname="ptolemy.util.test.junit.AutoTests" name="[23] /home/travis/build/icyphy/ptII/ptolemy/domains/ptera/test/auto/ParameterTest6.xml (RunModel)" time="0.032" />
  <testcase classname="ptolemy.util.test.junit.AutoTests" name="[24] /home/travis/build/icyphy/ptII/ptolemy/domains/ptera/test/auto/ParameterTest7.xml (RunModel)" time="0.052" />
  <testcase classname="ptolemy.util.test.junit.AutoTests" name="[25] /home/travis/build/icyphy/ptII/ptolemy/domains/ptera/test/auto/ParameterTest8.xml (RunModel)" time="0.055" />
  <testcase classname="ptolemy.util.test.junit.AutoTests" name="[26] /home/travis/build/icyphy/ptII/ptolemy/domains/ptera/test/auto/ParameterTest9.xml (RunModel)" time="0.035" />
  <testcase classname="ptolemy.util.test.junit.AutoTests" name="[27] /home/travis/build/icyphy/ptII/ptolemy/domains/ptera/test/auto/PriorityTest1.xml (RunModel)" time="0.03" />
  <testcase classname="ptolemy.util.test.junit.AutoTests" name="[28] /home/travis/build/icyphy/ptII/ptolemy/domains/ptera/test/auto/PriorityTest2.xml (RunModel)" time="0.024" />
  <testcase classname="ptolemy.util.test.junit.AutoTests" name="[29] /home/travis/build/icyphy/ptII/ptolemy/domains/ptera/test/auto/PriorityTest3.xml (RunModel)" time="0.035" />
  <testcase classname="ptolemy.util.test.junit.AutoTests" name="[30] /home/travis/build/icyphy/ptII/ptolemy/domains/ptera/test/auto/PriorityTest4.xml (RunModel)" time="0.035" />
  <testcase classname="ptolemy.util.test.junit.AutoTests" name="[31] /home/travis/build/icyphy/ptII/ptolemy/domains/ptera/test/auto/RelationNameTest1.xml (RunModel)" time="0.022" />
  <testcase classname="ptolemy.util.test.junit.AutoTests" name="[32] /home/travis/build/icyphy/ptII/ptolemy/domains/ptera/test/auto/RelationNameTest2.xml (RunModel)" time="0.023" />
  <system-out><![CDATA[No tcl tests in /home/travis/build/icyphy/ptII/ptolemy/domains/ptera/test
No auto/knownFailedTests/*.xml tests in /home/travis/build/icyphy/ptII/ptolemy/domains/ptera/test
No auto/linux-amd64/*.xml tests in /home/travis/build/icyphy/ptII/ptolemy/domains/ptera/test
AutoTests.java: About to close Vertx.
AutoTests.java: Vertx closed.

===========================================================================================
----------------- testing Sun Oct 21 02:39:16 UTC 2018 /home/travis/build/icyphy/ptII/ptolemy/domains/ptera/test/auto/CarWash.xml
----------------- Instantiating /home/travis/build/icyphy/ptII/ptolemy/domains/ptera/test/auto/CarWash.xml
69 ms. Memory: 146944K Free: 131610K (90%)
----------------- Invoking toplevel() on ptolemy.moml.MoMLSimpleApplication@241855d2
----------------- Done invoking toplevel() on ptolemy.moml.MoMLSimpleApplication@241855d2
reloadAllAccessors: .CarWash

===========================================================================================
----------------- testing Sun Oct 21 02:39:16 UTC 2018 /home/travis/build/icyphy/ptII/ptolemy/domains/ptera/test/auto/CarWashHierarchical.xml
----------------- Instantiating /home/travis/build/icyphy/ptII/ptolemy/domains/ptera/test/auto/CarWashHierarchical.xml
373 ms. Memory: 146944K Free: 108405K (74%)
----------------- Invoking toplevel() on ptolemy.moml.MoMLSimpleApplication@40f18622
----------------- Done invoking toplevel() on ptolemy.moml.MoMLSimpleApplication@40f18622
reloadAllAccessors: .CarWashHierarchical

===========================================================================================
----------------- testing Sun Oct 21 02:39:17 UTC 2018 /home/travis/build/icyphy/ptII/ptolemy/domains/ptera/test/auto/Composition1.xml
----------------- Instantiating /home/travis/build/icyphy/ptII/ptolemy/domains/ptera/test/auto/Composition1.xml
67 ms. Memory: 146944K Free: 89182K (61%)
----------------- Invoking toplevel() on ptolemy.moml.MoMLSimpleApplication@580def62
----------------- Done invoking toplevel() on ptolemy.moml.MoMLSimpleApplication@580def62
reloadAllAccessors: .Composition1

===========================================================================================
----------------- testing Sun Oct 21 02:39:17 UTC 2018 /home/travis/build/icyphy/ptII/ptolemy/domains/ptera/test/auto/EventNameTest1.xml
----------------- Instantiating /home/travis/build/icyphy/ptII/ptolemy/domains/ptera/test/auto/EventNameTest1.xml
8 ms. Memory: 146944K Free: 79407K (54%)
----------------- Invoking toplevel() on ptolemy.moml.MoMLSimpleApplication@3880489f
----------------- Done invoking toplevel() on ptolemy.moml.MoMLSimpleApplication@3880489f
reloadAllAccessors: .EventNameTest1

===========================================================================================
----------------- testing Sun Oct 21 02:39:17 UTC 2018 /home/travis/build/icyphy/ptII/ptolemy/domains/ptera/test/auto/EventNameTest2.xml
----------------- Instantiating /home/travis/build/icyphy/ptII/ptolemy/domains/ptera/test/auto/EventNameTest2.xml
2 ms. Memory: 208384K Free: 193505K (93%)
----------------- Invoking toplevel() on ptolemy.moml.MoMLSimpleApplication@31582f93
----------------- Done invoking toplevel() on ptolemy.moml.MoMLSimpleApplication@31582f93
reloadAllAccessors: .EventNameTest2

===========================================================================================
----------------- testing Sun Oct 21 02:39:17 UTC 2018 /home/travis/build/icyphy/ptII/ptolemy/domains/ptera/test/auto/EventNameTest3.xml
----------------- Instantiating /home/travis/build/icyphy/ptII/ptolemy/domains/ptera/test/auto/EventNameTest3.xml
3 ms. Memory: 208384K Free: 180277K (87%)
----------------- Invoking toplevel() on ptolemy.moml.MoMLSimpleApplication@1ab1f3ad
----------------- Done invoking toplevel() on ptolemy.moml.MoMLSimpleApplication@1ab1f3ad
reloadAllAccessors: .EventNameTest3

===========================================================================================
----------------- testing Sun Oct 21 02:39:17 UTC 2018 /home/travis/build/icyphy/ptII/ptolemy/domains/ptera/test/auto/EventNameTest4.xml
----------------- Instantiating /home/travis/build/icyphy/ptII/ptolemy/domains/ptera/test/auto/EventNameTest4.xml
3 ms. Memory: 208384K Free: 167820K (81%)
----------------- Invoking toplevel() on ptolemy.moml.MoMLSimpleApplication@7d3290b9
----------------- Done invoking toplevel() on ptolemy.moml.MoMLSimpleApplication@7d3290b9
reloadAllAccessors: .EventNameTest4

===========================================================================================
----------------- testing Sun Oct 21 02:39:17 UTC 2018 /home/travis/build/icyphy/ptII/ptolemy/domains/ptera/test/auto/EventNameTest5.xml
----------------- Instantiating /home/travis/build/icyphy/ptII/ptolemy/domains/ptera/test/auto/EventNameTest5.xml
3 ms. Memory: 208384K Free: 155098K (74%)
----------------- Invoking toplevel() on ptolemy.moml.MoMLSimpleApplication@76bb0c11
----------------- Done invoking toplevel() on ptolemy.moml.MoMLSimpleApplication@76bb0c11
reloadAllAccessors: .EventNameTest5

===========================================================================================
----------------- testing Sun Oct 21 02:39:18 UTC 2018 /home/travis/build/icyphy/ptII/ptolemy/domains/ptera/test/auto/EventNameTest6.xml
----------------- Instantiating /home/travis/build/icyphy/ptII/ptolemy/domains/ptera/test/auto/EventNameTest6.xml
3 ms. Memory: 208384K Free: 142745K (69%)
----------------- Invoking toplevel() on ptolemy.moml.MoMLSimpleApplication@3f3fc9de
----------------- Done invoking toplevel() on ptolemy.moml.MoMLSimpleApplication@3f3fc9de
reloadAllAccessors: .EventNameTest6

===========================================================================================
----------------- testing Sun Oct 21 02:39:18 UTC 2018 /home/travis/build/icyphy/ptII/ptolemy/domains/ptera/test/auto/Hierarchy1.xml
----------------- Instantiating /home/travis/build/icyphy/ptII/ptolemy/domains/ptera/test/auto/Hierarchy1.xml
14 ms. Memory: 208384K Free: 98386K (47%)
----------------- Invoking toplevel() on ptolemy.moml.MoMLSimpleApplication@8a4880b
----------------- Done invoking toplevel() on ptolemy.moml.MoMLSimpleApplication@8a4880b
reloadAllAccessors: .Hierarchy1

===========================================================================================
----------------- testing Sun Oct 21 02:39:18 UTC 2018 /home/travis/build/icyphy/ptII/ptolemy/domains/ptera/test/auto/Hierarchy2.xml
----------------- Instantiating /home/travis/build/icyphy/ptII/ptolemy/domains/ptera/test/auto/Hierarchy2.xml
10 ms. Memory: 208384K Free: 195876K (94%)
----------------- Invoking toplevel() on ptolemy.moml.MoMLSimpleApplication@570e8532
----------------- Done invoking toplevel() on ptolemy.moml.MoMLSimpleApplication@570e8532
reloadAllAccessors: .Hierarchy2

===========================================================================================
----------------- testing Sun Oct 21 02:39:18 UTC 2018 /home/travis/build/icyphy/ptII/ptolemy/domains/ptera/test/auto/Hierarchy3.xml
----------------- Instantiating /home/travis/build/icyphy/ptII/ptolemy/domains/ptera/test/auto/Hierarchy3.xml
9 ms. Memory: 208384K Free: 170655K (82%)
----------------- Invoking toplevel() on ptolemy.moml.MoMLSimpleApplication@4c21674b
----------------- Done invoking toplevel() on ptolemy.moml.MoMLSimpleApplication@4c21674b
reloadAllAccessors: .Hierarchy3

===========================================================================================
----------------- testing Sun Oct 21 02:39:18 UTC 2018 /home/travis/build/icyphy/ptII/ptolemy/domains/ptera/test/auto/Hierarchy4.xml
----------------- Instantiating /home/travis/build/icyphy/ptII/ptolemy/domains/ptera/test/auto/Hierarchy4.xml
17 ms. Memory: 208384K Free: 145555K (70%)
----------------- Invoking toplevel() on ptolemy.moml.MoMLSimpleApplication@6ae85de1
----------------- Done invoking toplevel() on ptolemy.moml.MoMLSimpleApplication@6ae85de1
reloadAllAccessors: .Hierarchy4

===========================================================================================
----------------- testing Sun Oct 21 02:39:18 UTC 2018 /home/travis/build/icyphy/ptII/ptolemy/domains/ptera/test/auto/Hierarchy5.xml
----------------- Instantiating /home/travis/build/icyphy/ptII/ptolemy/domains/ptera/test/auto/Hierarchy5.xml
15 ms. Memory: 208384K Free: 120110K (58%)
----------------- Invoking toplevel() on ptolemy.moml.MoMLSimpleApplication@6b385b9
----------------- Done invoking toplevel() on ptolemy.moml.MoMLSimpleApplication@6b385b9
reloadAllAccessors: .Hierarchy5

===========================================================================================
----------------- testing Sun Oct 21 02:39:18 UTC 2018 /home/travis/build/icyphy/ptII/ptolemy/domains/ptera/test/auto/Hierarchy6.xml
----------------- Instantiating /home/travis/build/icyphy/ptII/ptolemy/domains/ptera/test/auto/Hierarchy6.xml
12 ms. Memory: 208384K Free: 95985K (46%)
----------------- Invoking toplevel() on ptolemy.moml.MoMLSimpleApplication@5833f0cd
----------------- Done invoking toplevel() on ptolemy.moml.MoMLSimpleApplication@5833f0cd
reloadAllAccessors: .Hierarchy6

===========================================================================================
----------------- testing Sun Oct 21 02:39:18 UTC 2018 /home/travis/build/icyphy/ptII/ptolemy/domains/ptera/test/auto/Hierarchy7.xml
----------------- Instantiating /home/travis/build/icyphy/ptII/ptolemy/domains/ptera/test/auto/Hierarchy7.xml
27 ms. Memory: 332288K Free: 269908K (81%)
----------------- Invoking toplevel() on ptolemy.moml.MoMLSimpleApplication@6653b72c
----------------- Done invoking toplevel() on ptolemy.moml.MoMLSimpleApplication@6653b72c
reloadAllAccessors: .Hierarchy7

===========================================================================================
----------------- testing Sun Oct 21 02:39:18 UTC 2018 /home/travis/build/icyphy/ptII/ptolemy/domains/ptera/test/auto/Hierarchy8.xml
----------------- Instantiating /home/travis/build/icyphy/ptII/ptolemy/domains/ptera/test/auto/Hierarchy8.xml
26 ms. Memory: 332288K Free: 196766K (59%)
----------------- Invoking toplevel() on ptolemy.moml.MoMLSimpleApplication@1d32daed
----------------- Done invoking toplevel() on ptolemy.moml.MoMLSimpleApplication@1d32daed
reloadAllAccessors: .Hierarchy8

===========================================================================================
----------------- testing Sun Oct 21 02:39:18 UTC 2018 /home/travis/build/icyphy/ptII/ptolemy/domains/ptera/test/auto/ParameterTest1.xml
----------------- Instantiating /home/travis/build/icyphy/ptII/ptolemy/domains/ptera/test/auto/ParameterTest1.xml
5 ms. Memory: 332288K Free: 183587K (55%)
----------------- Invoking toplevel() on ptolemy.moml.MoMLSimpleApplication@3f9bc5e4
----------------- Done invoking toplevel() on ptolemy.moml.MoMLSimpleApplication@3f9bc5e4
reloadAllAccessors: .ParameterTest1

===========================================================================================
----------------- testing Sun Oct 21 02:39:18 UTC 2018 /home/travis/build/icyphy/ptII/ptolemy/domains/ptera/test/auto/ParameterTest10.xml
----------------- Instantiating /home/travis/build/icyphy/ptII/ptolemy/domains/ptera/test/auto/ParameterTest10.xml
4 ms. Memory: 332288K Free: 167126K (50%)
----------------- Invoking toplevel() on ptolemy.moml.MoMLSimpleApplication@7dfbfcbc
----------------- Done invoking toplevel() on ptolemy.moml.MoMLSimpleApplication@7dfbfcbc
reloadAllAccessors: .ParameterTest10

===========================================================================================
----------------- testing Sun Oct 21 02:39:19 UTC 2018 /home/travis/build/icyphy/ptII/ptolemy/domains/ptera/test/auto/ParameterTest2.xml
----------------- Instantiating /home/travis/build/icyphy/ptII/ptolemy/domains/ptera/test/auto/ParameterTest2.xml
3 ms. Memory: 332288K Free: 153264K (46%)
----------------- Invoking toplevel() on ptolemy.moml.MoMLSimpleApplication@3c1a7645
----------------- Done invoking toplevel() on ptolemy.moml.MoMLSimpleApplication@3c1a7645
reloadAllAccessors: .ParameterTest2

===========================================================================================
----------------- testing Sun Oct 21 02:39:19 UTC 2018 /home/travis/build/icyphy/ptII/ptolemy/domains/ptera/test/auto/ParameterTest3.xml
----------------- Instantiating /home/travis/build/icyphy/ptII/ptolemy/domains/ptera/test/auto/ParameterTest3.xml
5 ms. Memory: 332288K Free: 140100K (42%)
----------------- Invoking toplevel() on ptolemy.moml.MoMLSimpleApplication@69544978
----------------- Done invoking toplevel() on ptolemy.moml.MoMLSimpleApplication@69544978
reloadAllAccessors: .ParameterTest3

===========================================================================================
----------------- testing Sun Oct 21 02:39:19 UTC 2018 /home/travis/build/icyphy/ptII/ptolemy/domains/ptera/test/auto/ParameterTest4.xml
----------------- Instantiating /home/travis/build/icyphy/ptII/ptolemy/domains/ptera/test/auto/ParameterTest4.xml
5 ms. Memory: 332288K Free: 125259K (38%)
----------------- Invoking toplevel() on ptolemy.moml.MoMLSimpleApplication@8a45077
----------------- Done invoking toplevel() on ptolemy.moml.MoMLSimpleApplication@8a45077
reloadAllAccessors: .ParameterTest4

===========================================================================================
----------------- testing Sun Oct 21 02:39:19 UTC 2018 /home/travis/build/icyphy/ptII/ptolemy/domains/ptera/test/auto/ParameterTest5.xml
----------------- Instantiating /home/travis/build/icyphy/ptII/ptolemy/domains/ptera/test/auto/ParameterTest5.xml
4 ms. Memory: 332288K Free: 109773K (33%)
----------------- Invoking toplevel() on ptolemy.moml.MoMLSimpleApplication@41d98bb8
----------------- Done invoking toplevel() on ptolemy.moml.MoMLSimpleApplication@41d98bb8
reloadAllAccessors: .ParameterTest5

===========================================================================================
----------------- testing Sun Oct 21 02:39:19 UTC 2018 /home/travis/build/icyphy/ptII/ptolemy/domains/ptera/test/auto/ParameterTest6.xml
----------------- Instantiating /home/travis/build/icyphy/ptII/ptolemy/domains/ptera/test/auto/ParameterTest6.xml
4 ms. Memory: 332288K Free: 94963K (29%)
----------------- Invoking toplevel() on ptolemy.moml.MoMLSimpleApplication@503a9f8
----------------- Done invoking toplevel() on ptolemy.moml.MoMLSimpleApplication@503a9f8
reloadAllAccessors: .ParameterTest6

===========================================================================================
----------------- testing Sun Oct 21 02:39:19 UTC 2018 /home/travis/build/icyphy/ptII/ptolemy/domains/ptera/test/auto/ParameterTest7.xml
----------------- Instantiating /home/travis/build/icyphy/ptII/ptolemy/domains/ptera/test/auto/ParameterTest7.xml
23 ms. Memory: 332800K Free: 325763K (98%)
----------------- Invoking toplevel() on ptolemy.moml.MoMLSimpleApplication@12209c84
----------------- Done invoking toplevel() on ptolemy.moml.MoMLSimpleApplication@12209c84
reloadAllAccessors: .ParameterTest7

===========================================================================================
----------------- testing Sun Oct 21 02:39:19 UTC 2018 /home/travis/build/icyphy/ptII/ptolemy/domains/ptera/test/auto/ParameterTest8.xml
----------------- Instantiating /home/travis/build/icyphy/ptII/ptolemy/domains/ptera/test/auto/ParameterTest8.xml
5 ms. Memory: 332800K Free: 307892K (93%)
----------------- Invoking toplevel() on ptolemy.moml.MoMLSimpleApplication@101462ba
----------------- Done invoking toplevel() on ptolemy.moml.MoMLSimpleApplication@101462ba
reloadAllAccessors: .ParameterTest8

===========================================================================================
----------------- testing Sun Oct 21 02:39:19 UTC 2018 /home/travis/build/icyphy/ptII/ptolemy/domains/ptera/test/auto/ParameterTest9.xml
----------------- Instantiating /home/travis/build/icyphy/ptII/ptolemy/domains/ptera/test/auto/ParameterTest9.xml
4 ms. Memory: 332800K Free: 291428K (88%)
----------------- Invoking toplevel() on ptolemy.moml.MoMLSimpleApplication@34bde162
----------------- Done invoking toplevel() on ptolemy.moml.MoMLSimpleApplication@34bde162
reloadAllAccessors: .ParameterTest9

===========================================================================================
----------------- testing Sun Oct 21 02:39:19 UTC 2018 /home/travis/build/icyphy/ptII/ptolemy/domains/ptera/test/auto/PriorityTest1.xml
----------------- Instantiating /home/travis/build/icyphy/ptII/ptolemy/domains/ptera/test/auto/PriorityTest1.xml
2 ms. Memory: 332800K Free: 277630K (83%)
----------------- Invoking toplevel() on ptolemy.moml.MoMLSimpleApplication@1c816d55
----------------- Done invoking toplevel() on ptolemy.moml.MoMLSimpleApplication@1c816d55
reloadAllAccessors: .PriorityTest1

===========================================================================================
----------------- testing Sun Oct 21 02:39:19 UTC 2018 /home/travis/build/icyphy/ptII/ptolemy/domains/ptera/test/auto/PriorityTest2.xml
----------------- Instantiating /home/travis/build/icyphy/ptII/ptolemy/domains/ptera/test/auto/PriorityTest2.xml
2 ms. Memory: 332800K Free: 264475K (79%)
----------------- Invoking toplevel() on ptolemy.moml.MoMLSimpleApplication@360abaa5
----------------- Done invoking toplevel() on ptolemy.moml.MoMLSimpleApplication@360abaa5
reloadAllAccessors: .PriorityTest2

===========================================================================================
----------------- testing Sun Oct 21 02:39:19 UTC 2018 /home/travis/build/icyphy/ptII/ptolemy/domains/ptera/test/auto/PriorityTest3.xml
----------------- Instantiating /home/travis/build/icyphy/ptII/ptolemy/domains/ptera/test/auto/PriorityTest3.xml
2 ms. Memory: 332800K Free: 249201K (75%)
----------------- Invoking toplevel() on ptolemy.moml.MoMLSimpleApplication@5f5f8c8e
----------------- Done invoking toplevel() on ptolemy.moml.MoMLSimpleApplication@5f5f8c8e
reloadAllAccessors: .PriorityTest3

===========================================================================================
----------------- testing Sun Oct 21 02:39:19 UTC 2018 /home/travis/build/icyphy/ptII/ptolemy/domains/ptera/test/auto/PriorityTest4.xml
----------------- Instantiating /home/travis/build/icyphy/ptII/ptolemy/domains/ptera/test/auto/PriorityTest4.xml
3 ms. Memory: 332800K Free: 234367K (70%)
----------------- Invoking toplevel() on ptolemy.moml.MoMLSimpleApplication@7d95d047
----------------- Done invoking toplevel() on ptolemy.moml.MoMLSimpleApplication@7d95d047
reloadAllAccessors: .PriorityTest4

===========================================================================================
----------------- testing Sun Oct 21 02:39:19 UTC 2018 /home/travis/build/icyphy/ptII/ptolemy/domains/ptera/test/auto/RelationNameTest1.xml
----------------- Instantiating /home/travis/build/icyphy/ptII/ptolemy/domains/ptera/test/auto/RelationNameTest1.xml
2 ms. Memory: 332800K Free: 222401K (67%)
----------------- Invoking toplevel() on ptolemy.moml.MoMLSimpleApplication@12a242a0
----------------- Done invoking toplevel() on ptolemy.moml.MoMLSimpleApplication@12a242a0
reloadAllAccessors: .RelationNameTest1

===========================================================================================
----------------- testing Sun Oct 21 02:39:19 UTC 2018 /home/travis/build/icyphy/ptII/ptolemy/domains/ptera/test/auto/RelationNameTest2.xml
----------------- Instantiating /home/travis/build/icyphy/ptII/ptolemy/domains/ptera/test/auto/RelationNameTest2.xml
2 ms. Memory: 332800K Free: 209238K (63%)
----------------- Invoking toplevel() on ptolemy.moml.MoMLSimpleApplication@568dc32c
----------------- Done invoking toplevel() on ptolemy.moml.MoMLSimpleApplication@568dc32c
reloadAllAccessors: .RelationNameTest2
AutoTests.java: About to close Vertx.
AutoTests.java: Vertx closed.
]]></system-out>
  <system-err><![CDATA[]]></system-err>
</testsuite>
