<?xml version="1.0" encoding="UTF-8" ?>
<testsuite errors="0" failures="0" hostname="travis-job-95861663-ddff-424e-90f0-728cb574f797" name="ptolemy.actor.lib.test.junit.JUnitTclTest" skipped="0" tests="517" time="60.679" timestamp="2019-05-26T04:23:42">
  <properties>
    <property name="npm.executable" value="npm" />
    <property name="file.encoding.pkg" value="sun.io" />
    <property name="env.TRAVIS_ROOT" value="/" />
    <property name="ptII.mk.exists" value="true" />
    <property name="env.TRAVIS_APP_HOST" value="build.travis-ci.org" />
    <property name="env.rvm_bin_path" value="/home/travis/.rvm/bin" />
    <property name="java.home" value="/usr/lib/jvm/java-8-oracle/jre" />
    <property name="env.TRAVIS_JOB_NUMBER" value="1145.8" />
    <property name="env.TRAVIS_HOME" value="/home/travis" />
    <property name="env.DISPLAY" value=":99.0" />
    <property name="java.net.preferIPv4Stack" value="true" />
    <property name="env.TRAVIS_INIT" value="upstart" />
    <property name="env.SSH_TTY" value="/dev/pts/0" />
    <property name="env.RUN_TESTS" value="true" />
    <property name="timeout.short" value="1000000" />
    <property name="env.TRAVIS_JOB_NAME" value="" />
    <property name="env.TRAVIS_STACK_NODE_ATTRIBUTES" value="/.node-attributes.yml" />
    <property name="junit.formatter" value="xml" />
    <property name="java.endorsed.dirs" value="/usr/lib/jvm/java-8-oracle/jre/lib/endorsed" />
    <property name="env.TRAVIS_SUDO" value="true" />
    <property name="env.LOGNAME" value="travis" />
    <property name="env.PT_TRAVIS_TEST_CORE1_XML" value="true" />
    <property name="jsdoc.home" value="node_modules/@terraswarm/jsdoc" />
    <property name="debuglevel" value="source,lines,vars" />
    <property name="checkstyle.formatter" value="xml" />
    <property name="bin.vergil.makeable" value="true" />
    <property name="env._system_version" value="14.04" />
    <property name="sun.os.patch.level" value="unknown" />
    <property name="java.vendor.url" value="http://java.oracle.com/" />
    <property name="env.TRAVIS_BUILD_WEB_URL" value="https://travis-ci.org/icyphy/ptII/builds/537338747" />
    <property name="java.version" value="1.8.0_151" />
    <property name="env.TZ" value="UTC" />
    <property name="env.PT_NO_NET" value="true" />
    <property name="env.TRAVIS_PULL_REQUEST_SHA" value="" />
    <property name="env.TRAVIS_SECURE_ENV_VARS" value="true" />
    <property name="env._system_type" value="Linux" />
    <property name="java.vendor.url.bug" value="http://bugreport.sun.com/bugreport/" />
    <property name="env.SSH_CLIENT" value="10.10.4.75 34022 22" />
    <property name="npmjs-org-is-up" value="true" />
    <property name="env.GEM_HOME" value="/home/travis/.rvm/gems/ruby-2.4.1" />
    <property name="env.HAS_ANTARES_THREE_LITTLE_FRONZIES_BADGE" value="true" />
    <property name="env.PS4" value="+" />
    <property name="ant.project.invoked-targets" value="build,test.core1.xml" />
    <property name="env.TRAVIS_PULL_REQUEST_BRANCH" value="" />
    <property name="env.TRAVIS_REPO_SLUG" value="icyphy/ptII" />
    <property name="env.TRAVIS_APT_PROXY" value="http://build-cache.travisci.net" />
    <property name="node.in.path" value="true" />
    <property name="java.maxmemory" value="1400m" />
    <property name="env.RUBY_VERSION" value="ruby-2.4.1" />
    <property name="user.name" value="travis" />
    <property name="env.LANG" value="en_US.UTF-8" />
    <property name="sun.io.unicode.encoding" value="UnicodeLittle" />
    <property name="sun.jnu.encoding" value="UTF-8" />
    <property name="java.runtime.name" value="Java(TM) SE Runtime Environment" />
    <property name="usefile" value="false" />
    <property name="return.code" value="0" />
    <property name="junit.single.formatter" value="plain" />
    <property name="env.DEBIAN_FRONTEND" value="noninteractive" />
    <property name="env.SSH_CONNECTION" value="10.10.4.75 34022 10.20.1.175 22" />
    <property name="env.MYSQL_UNIX_PORT" value="/var/run/mysqld/mysqld.sock" />
    <property name="env.TRAVIS_ALLOW_FAILURE" value="false" />
    <property name="env.LC_ALL" value="en_US.UTF-8" />
    <property name="env.TRAVIS_JOB_WEB_URL" value="https://travis-ci.org/icyphy/ptII/jobs/537338755" />
    <property name="java.specification.name" value="Java Platform API Specification" />
    <property name="node.works" value="true" />
    <property name="user.timezone" value="" />
    <property name="path.separator" value=":" />
    <property name="env.TRAVIS_ENABLE_INFRA_DETECTION" value="true" />
    <property name="env.PYTHON_CFLAGS" value="-g -fstack-protector --param=ssp-buffer-size=4 -Wformat -Werror=format-security" />
    <property name="timeout.long" value="4000000" />
    <property name="file.encoding" value="UTF-8" />
    <property name="ant.file.ptII" value="/home/travis/build/icyphy/ptII/build.xml" />
    <property name="javadoc.packagenames" value="com.*,diva.*,lbnl.*,org.hlacerti.*,org.json.*,org.ptolemy.*,org.terraswarm.*,ptolemy.*,ptserver.*" />
    <property name="env.TRAVIS_PULL_REQUEST_SLUG" value="" />
    <property name="ant.project.default-target" value="build" />
    <property name="env.GIT_ASKPASS" value="echo" />
    <property name="env.HOME" value="/home/travis" />
    <property name="sun.java.command" value="org.apache.tools.ant.taskdefs.optional.junit.JUnitTestRunner ptolemy.actor.lib.test.junit.JUnitTclTest skipNonTests=false filtertrace=true haltOnError=false haltOnFailure=false formatter=org.apache.tools.ant.taskdefs.optional.junit.OutErrSummaryJUnitResultFormatter showoutput=true outputtoformatters=true logfailedtests=true threadid=0 logtestlistenerevents=false formatter=org.apache.tools.ant.taskdefs.optional.junit.XMLJUnitResultFormatter,/home/travis/build/icyphy/ptII/reports/junit/TEST-ptolemy.actor.lib.test.junit.JUnitTclTest.xml crashfile=/home/travis/build/icyphy/ptII/junitvmwatcher7331208690309191148.properties propsfile=/home/travis/build/icyphy/ptII/junit4367801652315886439.properties" />
    <property name="env.MANPATH" value="/home/travis/.nvm/versions/node/v7.10.1/share/man:/home/travis/.kiex/elixirs/elixir-1.4.5/man:/home/travis/.rvm/rubies/ruby-2.4.1/share/man:/usr/local/man:/usr/local/cmake-3.9.2/man:/usr/local/clang-5.0.0/share/man:/usr/local/share/man:/usr/share/man:/home/travis/.rvm/man" />
    <property name="env.COMPOSER_NO_INTERACTION" value="1" />
    <property name="env.JDK_SWITCHER_DEFAULT" value="oraclejdk8" />
    <property name="env.TRAVIS_TIMER_ID" value="0ac4f283" />
    <property name="ant.file" value="/home/travis/build/icyphy/ptII/build.xml" />
    <property name="env.TRAVIS_COMMIT_RANGE" value="0ed28c36560f22da659a6fb443d856255585fe78...f7e773614001b8d7aa6ca1b347adedf532d46552" />
    <property name="env._system_name" value="Ubuntu" />
    <property name="timeout" value="2400000" />
    <property name="ptII.classpath.optional.property" value="/home/travis/build/icyphy/ptII/lib/bsh-2.0b4.jar:/home/travis/build/icyphy/ptII/lib/ptCal.jar:/home/travis/build/icyphy/ptII/lib/java_cup.jar:/home/travis/build/icyphy/ptII/lib/saxon8.jar:/home/travis/build/icyphy/ptII/lib/saxon8-dom.jar:/home/travis/build/icyphy/ptII/lib/chic.jar:/home/travis/build/icyphy/ptII/lib/ptcolt.jar:/usr/lib/jvm/java-8-oracle/lib/tools.jar:/home/travis/build/icyphy/ptII/vendors/misc/itext/iText.jar:/home/travis/build/icyphy/ptII/lib/g4ltl.jar:/home/travis/build/icyphy/ptII/lib/StructuralCoder.jar:/home/travis/build/icyphy/ptII/vendors/jai-1_1_2_01/lib/jai_core.jar:/home/travis/build/icyphy/ptII/vendors/jai-1_1_2_01/lib/jai_codec.jar:/home/travis/build/icyphy/ptII/lib/jcerti.jar:/home/travis/build/icyphy/ptII/lib/javax.mail.jar:/home/travis/build/icyphy/ptII/vendors/JMF-2.1.1e/lib/jmf.jar:/home/travis/build/icyphy/ptII/lib/jna-4.0.0-variadic.jar:/home/travis/build/icyphy/ptII/vendors/misc/joystick/Joystick.jar:/home/travis/build/icyphy/ptII/lib/ptjacl.jar:/home/travis/build/icyphy/ptII/lib/jsoup-1.8.2.jar:/home/travis/build/icyphy/ptII/lib/junit-4.8.2.jar:/home/travis/build/icyphy/ptII/lib/JUnitParams-0.4.0.jar:/home/travis/build/icyphy/ptII/ptolemy/actor/lib/excel/jxl.jar:/home/travis/build/icyphy/ptII/lib/jython.jar:/home/travis/build/icyphy/ptII/lib/kieler.jar:/home/travis/build/icyphy/ptII/vendors/opencv/share/OpenCV/java/opencv-341.jar:/home/travis/build/icyphy/ptII/lib/oscP5.jar:/home/travis/build/icyphy/ptII/lib/nrjavaserial-3.11.0.devel.jar:/home/travis/build/icyphy/ptII/vendors/j3d/lib/j3dcore.jar:/home/travis/build/icyphy/ptII/vendors/j3d/lib/j3dutils.jar:/home/travis/build/icyphy/ptII/vendors/j3d/lib/vecmath.jar:/home/travis/build/icyphy/ptII/ptolemy/distributed/jini/jar/jini-core.jar:/home/travis/build/icyphy/ptII/ptolemy/distributed/jini/jar/jini-ext.jar:/home/travis/build/icyphy/ptII/ptolemy/distributed/jini/jar/sun-util.jar:/home/travis/build/icyphy/ptII/lib/protobuf-java-2.4.1.jar:/home/travis/build/icyphy/ptII/lib/org.eclipse.paho.client.mqttv3.jar:/home/travis/build/icyphy/ptII/lib/mapss.jar:/home/travis/build/icyphy/ptII/ptolemy/actor/ptalon/antlr/antlr.jar:/home/travis/build/icyphy/ptII/lib/JRI.jar:/home/travis/build/icyphy/ptII/lib/commons-lang-2.6.jar:/home/travis/build/icyphy/ptII/lib/commons-logging-1.1.1.jar:/home/travis/build/icyphy/ptII/lib/sootclasses.jar:/home/travis/build/icyphy/ptII/ptolemy/actor/lib/database/mysql-connector-java-5.1.6-bin.jar:/home/travis/build/icyphy/ptII/vendors/misc/sphinx4/sphinx4-data-5prealpha.jar:/home/travis/build/icyphy/ptII/vendors/misc/sphinx4/sphinx4-core-5prealpha.jar:/home/travis/build/icyphy/ptII/lib/PDFRenderer.jar:/home/travis/build/icyphy/ptII/lib/svgSalamander.jar:/home/travis/build/icyphy/ptII/lib/rsyntaxtextarea-2.6.0-SNAPSHOT.jar:/home/travis/build/icyphy/ptII/lib/hazelcast-3.8.2.jar:/home/travis/build/icyphy/ptII/lib/jackson-annotations-2.9.0.jar:/home/travis/build/icyphy/ptII/lib/jackson-core-2.9.3.jar:/home/travis/build/icyphy/ptII/lib/jackson-databind-2.9.3.jar:/home/travis/build/icyphy/ptII/lib/netty-buffer-4.1.19.Final.jar:/home/travis/build/icyphy/ptII/lib/netty-codec-4.1.19.Final.jar:/home/travis/build/icyphy/ptII/lib/netty-codec-dns-4.1.19.Final.jar:/home/travis/build/icyphy/ptII/lib/netty-codec-http-4.1.19.Final.jar:/home/travis/build/icyphy/ptII/lib/netty-codec-http2-4.1.19.Final.jar:/home/travis/build/icyphy/ptII/lib/netty-common-4.1.19.Final.jar:/home/travis/build/icyphy/ptII/lib/netty-handler-4.1.19.Final.jar:/home/travis/build/icyphy/ptII/lib/netty-resolver-4.1.19.Final.jar:/home/travis/build/icyphy/ptII/lib/netty-resolver-dns-4.1.19.Final.jar:/home/travis/build/icyphy/ptII/lib/netty-transport-4.1.19.Final.jar:/home/travis/build/icyphy/ptII/lib/vertx-codegen-3.5.1.jar:/home/travis/build/icyphy/ptII/lib/vertx-core-3.5.2-SNAPSHOT.jar:/home/travis/build/icyphy/ptII/lib/vertx-hazelcast-3.5.1.jar:/home/travis/build/icyphy/ptII/lib/vertx-lang-js-3.5.1.jar:/home/travis/build/icyphy/ptII/lib/vertx-service-proxy-3.5.1.jar:/home/travis/build/icyphy/ptII/lib/vertx-web-3.5.1.jar:/home/travis/build/icyphy/ptII/lib/slf4j-api-1.7.13.jar:/home/travis/build/icyphy/ptII/lib/slf4j-simple-1.7.13.jar:/home/travis/build/icyphy/ptII/lib/webcam-capture-0.3.12.jar:/home/travis/build/icyphy/ptII/lib/bridj-0.7.0.jar:/home/travis/build/icyphy/ptII/lib/xbjlib-1.1.0.nrjavaserial.jar" />
    <property name="test.batch" value="**/junit/*.java" />
    <property name="env._" value="/usr/bin/timeout" />
    <property name="java.io.tmpdir" value="/tmp" />
    <property name="env.TRAVIS_INTERNAL_RUBY_REGEX" value="^ruby-(2\.[0-4]\.[0-9]|1\.9\.3)" />
    <property name="user.language" value="en" />
    <property name="env.HISTCONTROL" value="ignoredups:ignorespace" />
    <property name="env.GOROOT" value="/home/travis/.gimme/versions/go1.7.4.linux.amd64" />
    <property name="line.separator" value="&#xa;" />
    <property name="target" value="1.8" />
    <property name="env.TRAVIS_BUILD_DIR" value="/home/travis/build/icyphy/ptII" />
    <property name="env.ANT_OPTS" value="-Xmx2048m" />
    <property name="ant.file.type" value="file" />
    <property name="ptolemy.ptII.batchMode" value="true" />
    <property name="env.HISTSIZE" value="1000" />
    <property name="env.MERB_ENV" value="test" />
    <property name="java.vm.info" value="mixed mode" />
    <property name="source" value="1.8" />
    <property name="java.vm.specification.name" value="Java Virtual Machine Specification" />
    <property name="env.TRAVIS_TEST_RESULT" value="0" />
    <property name="jsdoc.command" value="node_modules/@terraswarm/jsdoc/jsdoc.js" />
    <property name="npm.works" value="true" />
    <property name="cobertura.dir" value="/home/travis/build/icyphy/ptII/vendors/cobertura-2.0.3" />
    <property name="env.rvm_path" value="/home/travis/.rvm" />
    <property name="env.GEM_PATH" value="/home/travis/.rvm/gems/ruby-2.4.1:/home/travis/.rvm/gems/ruby-2.4.1@global" />
    <property name="env.LC_CTYPE" value="en_US.UTF-8" />
    <property name="java.awt.printerjob" value="sun.print.PSPrinterJob" />
    <property name="env.TRAVIS_CMD" value="$PTII/bin/ptIITravisBuild.sh $SECONDS" />
    <property name="env.TRAVIS_STACK_NAME" value="garnet" />
    <property name="env.TRAVIS_TIMER_START_TIME" value="1558844250531031434" />
    <property name="ant.version" value="Apache Ant(TM) version 1.10.1 compiled on February 2 2017" />
    <property name="ptII.reports" value="/home/travis/build/icyphy/ptII/reports" />
    <property name="env.TRAVIS_STACK_TIMESTAMP" value="2017-12-05 19:33:09 UTC" />
    <property name="ant.file.type.ptII" value="file" />
    <property name="env.RBENV_SHELL" value="bash" />
    <property name="os.name" value="Linux" />
    <property name="java.specification.vendor" value="Oracle Corporation" />
    <property name="env.rvm_version" value="1.29.3 (latest)" />
    <property name="env.TRAVIS_INFRA" value="gce" />
    <property name="env.TERM" value="xterm" />
    <property name="java.vm.name" value="Java HotSpot(TM) 64-Bit Server VM" />
    <property name="env.TRAVIS_BUILD_NUMBER" value="1145" />
    <property name="env.CI" value="true" />
    <property name="java.library.path" value="/usr/lib/jni:/usr/local/share/OpenCV/java/:/usr/share/OpenCV/java::/usr/java/packages/lib/amd64:/usr/lib64:/lib64:/lib:/usr/lib" />
    <property name="env.rvm_prefix" value="/home/travis" />
    <property name="env.PATH" value="/home/travis/.rvm/gems/ruby-2.4.1/bin:/home/travis/.rvm/gems/ruby-2.4.1@global/bin:/home/travis/.rvm/rubies/ruby-2.4.1/bin:/home/travis/.rvm/bin:/home/travis/.nvm/versions/node/v7.10.1/bin:./node_modules/.bin:/home/travis/build/icyphy/ptII/bin:/home/travis/pthla/certi-tools/bin:/home/travis/bin:/home/travis/.local/bin:/opt/pyenv/shims:/home/travis/.phpenv/shims:/home/travis/perl5/perlbrew/bin:/home/travis/.kiex/elixirs/elixir-1.4.5/bin:/home/travis/.kiex/bin:/home/travis/gopath/bin:/home/travis/.gimme/versions/go1.7.4.linux.amd64/bin:/usr/local/phantomjs/bin:/usr/local/phantomjs:/usr/local/neo4j-3.2.7/bin:/usr/local/maven-3.5.2/bin:/usr/local/cmake-3.9.2/bin:/usr/local/clang-5.0.0/bin:/usr/local/sbin:/usr/local/bin:/usr/sbin:/usr/bin:/sbin:/bin:/home/travis/.phpenv/bin:/opt/pyenv/bin:/home/travis/.yarn/bin" />
    <property name="env.TRAVIS_OS_NAME" value="linux" />
    <property name="ant.java.version" value="1.8" />
    <property name="basedir" value="/home/travis/build/icyphy/ptII" />
    <property name="java.class.version" value="52.0" />
    <property name="env.SHLVL" value="3" />
    <property name="env.LD_LIBRARY_PATH" value="/usr/lib/jni:/usr/local/share/OpenCV/java/:/usr/share/OpenCV/java:" />
    <property name="env.RACK_ENV" value="test" />
    <property name="ant.home" value="/home/travis/build/icyphy/ptII/ant" />
    <property name="env.NVM_DIR" value="/home/travis/.nvm" />
    <property name="env.PERLBREW_BASHRC_VERSION" value="0.80" />
    <property name="env.TRAVIS_BUILD_ID" value="537338747" />
    <property name="env.PYENV_ROOT" value="/opt/pyenv" />
    <property name="env.TRAVIS_UID" value="2000" />
    <property name="env.rvm_pretty_print_flag" value="auto" />
    <property name="env.NVM_BIN" value="/home/travis/.nvm/versions/node/v7.10.1/bin" />
    <property name="env.TRAVIS_COMMIT" value="f7e773614001b8d7aa6ca1b347adedf532d46552" />
    <property name="env._system_arch" value="x86_64" />
    <property name="node.executable" value="node" />
    <property name="sun.boot.library.path" value="/usr/lib/jvm/java-8-oracle/jre/lib/amd64" />
    <property name="sun.management.compiler" value="HotSpot 64-Bit Tiered Compilers" />
    <property name="env.GOPATH" value="/home/travis/gopath" />
    <property name="java.awt.graphicsenv" value="sun.awt.X11GraphicsEnvironment" />
    <property name="ptolemy.ptII.dir" value="/home/travis/build/icyphy/ptII" />
    <property name="env.USER" value="travis" />
    <property name="env.HISTFILESIZE" value="2000" />
    <property name="timeout.longest" value="19000000" />
    <property name="env.TRAVIS_STACK_FEATURES" value="basic cassandra chromium couchdb disabled-ipv6 docker docker-compose elasticsearch firefox go-toolchain google-chrome jdk memcached mongodb mysql neo4j nodejs_interpreter perl_interpreter perlbrew phantomjs postgresql python_interpreter rabbitmq redis riak ruby_interpreter sqlite xserver" />
    <property name="env.TRAVIS_PULL_REQUEST" value="false" />
    <property name="env.PYENV_SHELL" value="bash" />
    <property name="ant.project.name" value="ptII" />
    <property name="java.vm.specification.version" value="1.8" />
    <property name="env.ANSI_RESET" value="\033[0m" />
    <property name="env.TRAVIS_DIST" value="trusty" />
    <property name="env.NLSPATH" value="/usr/dt/lib/nls/msg/%L/%N.cat" />
    <property name="awt.toolkit" value="sun.awt.X11.XToolkit" />
    <property name="env.MY_RUBY_HOME" value="/home/travis/.rvm/rubies/ruby-2.4.1" />
    <property name="sun.cpu.isalist" value="" />
    <property name="env.TRAVIS_TMPDIR" value="/tmp/tmp.ebSsqe2Ss4" />
    <property name="java.ext.dirs" value="/usr/lib/jvm/java-8-oracle/jre/lib/ext:/usr/java/packages/lib/ext" />
    <property name="os.version" value="4.4.0-101-generic" />
    <property name="user.home" value="/home/travis" />
    <property name="env.MIX_ARCHIVES" value="/home/travis/.kiex/mix/elixir-1.4.5" />
    <property name="java.vm.vendor" value="Oracle Corporation" />
    <property name="env.TRAVIS_TAG" value="nightly" />
    <property name="env.ANSI_YELLOW" value="\033[33;1m" />
    <property name="env.TRAVIS_FILTERED" value="redirect_io" />
    <property name="env.PTII" value="/home/travis/build/icyphy/ptII" />
    <property name="env.JAVA_HOME" value="/usr/lib/jvm/java-8-oracle" />
    <property name="javadoc.excludepackagenames" value="adm.cvs2svn.*,build.*,config.*,doc.coding.templates.*,jni.test.jni.meaningOfLife.*,jni.test.jni.testDeux.*,jni.test.jni.testTrois.*,org.terraswarm.accessor.accessors.web.node_modules.*,org.terraswarm.accessor.accessors.web.hosts.cordova.demo.*,org.terraswarm.accessor.accessors.web.hosts.cordova.plugins.*,org.terraswarm.accessor.accessors-svn.*,pt-modules.*,ptolemy.apps.agilent.*,ptolemy.apps.anytimecontrol.*,ptolemy.apps.apes.*,ptolemy.apps.charon.*,ptolemy.apps.crazyboard.*,ptolemy.apps.eclipse.*,ptolemy.apps.etherealSting.*,ptolemy.apps.fullscreen.*,ptolemy.apps.giotto.*,ptolemy.apps.ia.*,ptolemy.apps.interfaces.*,ptolemy.apps.jmf.*,ptolemy.apps.kurt.*,ptolemy.apps.kvm.*,ptolemy.apps.lego.*,ptolemy.apps.lejos.*,ptolemy.apps.midp.*,ptolemy.apps.mobileCoding.*,ptolemy.apps.pendulum.*,ptolemy.apps.rijndael.*,ptolemy.apps.robot.*,ptolemy.apps.security.*,ptolemy.apps.sobel.*,ptolemy.apps.soot.*,ptolemy.apps.throttle.*,ptolemy.apps.tini.*,ptolemy.apps.transmission.*,ptolemy.apps.vergil.*,ptolemy.apps.waba.*,ptolemy.apps.websensor.*,ptolemy.apps.webstart.*,ptolemy.apps.xsl.*,ptolemy.apps.zaurus.*,ptolemy.codegen.c.actor.lib.oldJavaFiles.*,ptolemy.codegen.dsp.lib.*,ptolemy.codegen.kernel.newInterfaces.*,ptolemy.codegen.lib.*,ptolemy.copernicus.kernel.fragment.*,ptolemy.copernicus.shallow.cg.*,ptolemy.domains.giotto.demo.Hierarchy.Hierarchy.*,ptolemy.domains.giotto.demo.Multimode.Multimode.*,ptolemy.domains.giotto.demo.Simple.Simple.*,ptolemy.domains.gr.lib.experimental.*,ptolemy.domains.gro.*,ptolemy.domains.pdf.*,ptolemy.domains.ptinyos.demo.Surge.output.*,ptolemy.moml.test.NoPackageActor.java*,ptolemy.plot.adm.*,ptolemy.plot.servlet.*,reports.*,signed.*,src.*,target.*,vendors.*,ptolemy.apps.eclipse.awt.*,ptolemy.backtrack.*,ptolemy.backtrack.ast.*,ptolemy.cg.adapter.generic.program.procedural.c.mbed*,ptolemy.homer.*,org.ptolemy.scala.*,diva.util.java2d.svg.*,ptolemy.domains.ptinyos.*,ptolemy.actor.lib.fmi.fmipp.*,,org.terraswarm.accessor.accessors.web.node_modules.*,org.terraswarm.accessor.accessors-svn,ptolemy.apps.*,ptolemy.actor.ptalon.demo.ptinyos.SendAndReceiveCnt.output,ptolemy.actor.ptalon.demo.ptinyos.SenseToLeds.output,ptolemy.domains.ptinyos.demo.CntToLedsAndRfm.output,ptolemy.domains.ptinyos.demo.RfmToLeds.output,ptolemy.domains.ptinyos.demo.SendAndReceiveCnt.output,ptolemy.domains.ptinyos.demo.SenseToLeds.output,ptolemy.actor.lib.jjs.modules.udpSocket.*" />
    <property name="env.ANSI_GREEN" value="\033[32;1m" />
    <property name="env.TRAVIS_COMMIT_MESSAGE" value="Fixing error message in DuplicatedInstanceNameSender.xml (since last&#xa;commit the HlaPublisher actor is highlighted when there is an exception (instead of HlaManager))." />
    <property name="keystore" value="ptKeystore" />
    <property name="env.XDG_SESSION_ID" value="2" />
    <property name="junit.output.dir" value="/home/travis/build/icyphy/ptII/reports/junit" />
    <property name="npm.return.code" value="0" />
    <property name="user.dir" value="/home/travis/build/icyphy/ptII/ptolemy/actor/lib/test" />
    <property name="env.XFILESEARCHPATH" value="/usr/dt/app-defaults/%L/Dt" />
    <property name="env.TRAVIS_NODE_VERSION" value="7" />
    <property name="env.MAIL" value="/var/mail/travis" />
    <property name="env.TRAVIS_EVENT_TYPE" value="cron" />
    <property name="env.PWD" value="/home/travis/build/icyphy/ptII" />
    <property name="env.PERLBREW_ROOT" value="/home/travis/perl5/perlbrew" />
    <property name="timeout.npm" value="45000" />
    <property name="env.TRAVIS_ARCH" value="amd64" />
    <property name="env.PAGER" value="cat" />
    <property name="sun.cpu.endian" value="little" />
    <property name="env.TRAVIS_BUILD_STAGE_NAME" value="Test" />
    <property name="env.PERLBREW_HOME" value="/home/travis/.perlbrew" />
    <property name="java.vm.version" value="25.151-b12" />
    <property name="env.RAILS_ENV" value="test" />
    <property name="java.class.path" value="/home/travis/.ptolemyII:/home/travis/.ptolemyII/*:/home/travis/build/icyphy/ptII:/home/travis/build/icyphy/ptII/lib/bsh-2.0b4.jar:/home/travis/build/icyphy/ptII/lib/ptCal.jar:/home/travis/build/icyphy/ptII/lib/java_cup.jar:/home/travis/build/icyphy/ptII/lib/saxon8.jar:/home/travis/build/icyphy/ptII/lib/saxon8-dom.jar:/home/travis/build/icyphy/ptII/lib/chic.jar:/home/travis/build/icyphy/ptII/lib/ptcolt.jar:/usr/lib/jvm/java-8-oracle/lib/tools.jar:/home/travis/build/icyphy/ptII/vendors/misc/itext/iText.jar:/home/travis/build/icyphy/ptII/lib/g4ltl.jar:/home/travis/build/icyphy/ptII/lib/StructuralCoder.jar:/home/travis/build/icyphy/ptII/vendors/jai-1_1_2_01/lib/jai_core.jar:/home/travis/build/icyphy/ptII/vendors/jai-1_1_2_01/lib/jai_codec.jar:/home/travis/build/icyphy/ptII/lib/jcerti.jar:/home/travis/build/icyphy/ptII/lib/javax.mail.jar:/home/travis/build/icyphy/ptII/vendors/JMF-2.1.1e/lib/jmf.jar:/home/travis/build/icyphy/ptII/lib/jna-4.0.0-variadic.jar:/home/travis/build/icyphy/ptII/vendors/misc/joystick/Joystick.jar:/home/travis/build/icyphy/ptII/lib/ptjacl.jar:/home/travis/build/icyphy/ptII/lib/jsoup-1.8.2.jar:/home/travis/build/icyphy/ptII/lib/junit-4.8.2.jar:/home/travis/build/icyphy/ptII/lib/JUnitParams-0.4.0.jar:/home/travis/build/icyphy/ptII/ptolemy/actor/lib/excel/jxl.jar:/home/travis/build/icyphy/ptII/lib/jython.jar:/home/travis/build/icyphy/ptII/lib/kieler.jar:/home/travis/build/icyphy/ptII/vendors/opencv/share/OpenCV/java/opencv-341.jar:/home/travis/build/icyphy/ptII/lib/oscP5.jar:/home/travis/build/icyphy/ptII/lib/nrjavaserial-3.11.0.devel.jar:/home/travis/build/icyphy/ptII/vendors/j3d/lib/j3dcore.jar:/home/travis/build/icyphy/ptII/vendors/j3d/lib/j3dutils.jar:/home/travis/build/icyphy/ptII/vendors/j3d/lib/vecmath.jar:/home/travis/build/icyphy/ptII/ptolemy/distributed/jini/jar/jini-core.jar:/home/travis/build/icyphy/ptII/ptolemy/distributed/jini/jar/jini-ext.jar:/home/travis/build/icyphy/ptII/ptolemy/distributed/jini/jar/sun-util.jar:/home/travis/build/icyphy/ptII/lib/protobuf-java-2.4.1.jar:/home/travis/build/icyphy/ptII/lib/org.eclipse.paho.client.mqttv3.jar:/home/travis/build/icyphy/ptII/lib/mapss.jar:/home/travis/build/icyphy/ptII/ptolemy/actor/ptalon/antlr/antlr.jar:/home/travis/build/icyphy/ptII/lib/JRI.jar:/home/travis/build/icyphy/ptII/lib/commons-lang-2.6.jar:/home/travis/build/icyphy/ptII/lib/commons-logging-1.1.1.jar:/home/travis/build/icyphy/ptII/lib/sootclasses.jar:/home/travis/build/icyphy/ptII/ptolemy/actor/lib/database/mysql-connector-java-5.1.6-bin.jar:/home/travis/build/icyphy/ptII/vendors/misc/sphinx4/sphinx4-data-5prealpha.jar:/home/travis/build/icyphy/ptII/vendors/misc/sphinx4/sphinx4-core-5prealpha.jar:/home/travis/build/icyphy/ptII/lib/PDFRenderer.jar:/home/travis/build/icyphy/ptII/lib/svgSalamander.jar:/home/travis/build/icyphy/ptII/lib/rsyntaxtextarea-2.6.0-SNAPSHOT.jar:/home/travis/build/icyphy/ptII/lib/hazelcast-3.8.2.jar:/home/travis/build/icyphy/ptII/lib/jackson-annotations-2.9.0.jar:/home/travis/build/icyphy/ptII/lib/jackson-core-2.9.3.jar:/home/travis/build/icyphy/ptII/lib/jackson-databind-2.9.3.jar:/home/travis/build/icyphy/ptII/lib/netty-buffer-4.1.19.Final.jar:/home/travis/build/icyphy/ptII/lib/netty-codec-4.1.19.Final.jar:/home/travis/build/icyphy/ptII/lib/netty-codec-dns-4.1.19.Final.jar:/home/travis/build/icyphy/ptII/lib/netty-codec-http-4.1.19.Final.jar:/home/travis/build/icyphy/ptII/lib/netty-codec-http2-4.1.19.Final.jar:/home/travis/build/icyphy/ptII/lib/netty-common-4.1.19.Final.jar:/home/travis/build/icyphy/ptII/lib/netty-handler-4.1.19.Final.jar:/home/travis/build/icyphy/ptII/lib/netty-resolver-4.1.19.Final.jar:/home/travis/build/icyphy/ptII/lib/netty-resolver-dns-4.1.19.Final.jar:/home/travis/build/icyphy/ptII/lib/netty-transport-4.1.19.Final.jar:/home/travis/build/icyphy/ptII/lib/vertx-codegen-3.5.1.jar:/home/travis/build/icyphy/ptII/lib/vertx-core-3.5.2-SNAPSHOT.jar:/home/travis/build/icyphy/ptII/lib/vertx-hazelcast-3.5.1.jar:/home/travis/build/icyphy/ptII/lib/vertx-lang-js-3.5.1.jar:/home/travis/build/icyphy/ptII/lib/vertx-service-proxy-3.5.1.jar:/home/travis/build/icyphy/ptII/lib/vertx-web-3.5.1.jar:/home/travis/build/icyphy/ptII/lib/slf4j-api-1.7.13.jar:/home/travis/build/icyphy/ptII/lib/slf4j-simple-1.7.13.jar:/home/travis/build/icyphy/ptII/lib/webcam-capture-0.3.12.jar:/home/travis/build/icyphy/ptII/lib/bridj-0.7.0.jar:/home/travis/build/icyphy/ptII/lib/xbjlib-1.1.0.nrjavaserial.jar:/home/travis/build/icyphy/ptII/ptolemy/moml/test:/home/travis/build/icyphy/ptII/ant/lib/ant-launcher.jar:/home/travis/build/icyphy/ptII/ant/lib/ant.jar:/home/travis/build/icyphy/ptII/ant/lib/ant-junit.jar:/home/travis/build/icyphy/ptII/ant/lib/ant-junit4.jar" />
    <property name="ant.library.dir" value="/home/travis/build/icyphy/ptII/ant/lib" />
    <property name="os.arch" value="amd64" />
    <property name="env.TRAVIS_LANGUAGE" value="node_js" />
    <property name="env.CONTINUOUS_INTEGRATION" value="true" />
    <property name="env.TRAVIS_STACK_LANGUAGES" value="__garnet__ c c++ clojure cplusplus cpp default go groovy java node_js php pure_java python ruby scala" />
    <property name="test.name" value="ptolemy.actor.lib.test.junit.JUnitTclTest" />
    <property name="sun.java.launcher" value="SUN_STANDARD" />
    <property name="env.PYTHON_CONFIGURE_OPTS" value="--enable-unicode=ucs4 --with-wide-unicode --enable-shared --enable-ipv6 --enable-loadable-sqlite-extensions --with-computed-gotos" />
    <property name="ant.core.lib" value="/home/travis/build/icyphy/ptII/ant/lib/ant.jar" />
    <property name="java.vm.specification.vendor" value="Oracle Corporation" />
    <property name="env.BCVTB_HOME" value="/home/travis/build/icyphy/ptII/lbnl" />
    <property name="file.separator" value="/" />
    <property name="java.runtime.version" value="1.8.0_151-b12" />
    <property name="spotbugs.home" value="/home/travis/build/icyphy/ptII/vendors/spotbugs-3.1.1" />
    <property name="sun.boot.class.path" value="/usr/lib/jvm/java-8-oracle/jre/lib/resources.jar:/usr/lib/jvm/java-8-oracle/jre/lib/rt.jar:/usr/lib/jvm/java-8-oracle/jre/lib/sunrsasign.jar:/usr/lib/jvm/java-8-oracle/jre/lib/jsse.jar:/usr/lib/jvm/java-8-oracle/jre/lib/jce.jar:/usr/lib/jvm/java-8-oracle/jre/lib/charsets.jar:/usr/lib/jvm/java-8-oracle/jre/lib/jfr.jar:/usr/lib/jvm/java-8-oracle/jre/classes" />
    <property name="env.ANSI_CLEAR" value="\033[0K" />
    <property name="env.HAS_JOSH_K_SEAL_OF_APPROVAL" value="true" />
    <property name="env.TRAVIS_OSX_IMAGE" value="" />
    <property name="env.XDG_RUNTIME_DIR" value="/run/user/2000" />
    <property name="env.TRAVIS_JOB_ID" value="537338755" />
    <property name="env.TRAVIS_BRANCH" value="master" />
    <property name="user.country" value="US" />
    <property name="env.CERTI_HOME_TRAVIS" value="/home/travis/pthla/certi-tools" />
    <property name="env.SHELL" value="/bin/bash" />
    <property name="java.maxmemory.large" value="5000m" />
    <property name="model" value="" />
    <property name="env.CASHER_DIR" value="/home/travis/.casher" />
    <property name="env.NVM_CD_FLAGS" value="" />
    <property name="jshint.executable" value="/home/travis/node_modules/jshint/bin/jshint" />
    <property name="java.vendor" value="Oracle Corporation" />
    <property name="env.JRUBY_OPTS" value=" --client -J-XX:+TieredCompilation -J-XX:TieredStopAtLevel=1 -J-Xss2m -Xcompile.invokedynamic=false" />
    <property name="env.TRAVIS_PRE_CHEF_BOOTSTRAP_TIME" value="2017-12-05T19:32:55" />
    <property name="env.TRAVIS_STACK_JOB_BOARD_REGISTER" value="/.job-board-register.yml" />
    <property name="env.ELIXIR_VERSION" value="1.4.5" />
    <property name="env.ANSI_RED" value="\033[31;1m" />
    <property name="java.specification.version" value="1.8" />
    <property name="env.TRAVIS" value="true" />
    <property name="env.IRBRC" value="/home/travis/.rvm/rubies/ruby-2.4.1/.irbrc" />
    <property name="sun.arch.data.model" value="64" />
  </properties>
  <testcase classname="ptolemy.util.test.junit.TclTests" name="[0] /home/travis/build/icyphy/ptII/ptolemy/actor/lib/test/AbsoluteValue.tcl (RunTclFile)" time="0.539" />
  <testcase classname="ptolemy.util.test.junit.TclTests" name="[1] /home/travis/build/icyphy/ptII/ptolemy/actor/lib/test/AddSubtract.tcl (RunTclFile)" time="0.092" />
  <testcase classname="ptolemy.util.test.junit.TclTests" name="[2] /home/travis/build/icyphy/ptII/ptolemy/actor/lib/test/Average.tcl (RunTclFile)" time="0.037" />
  <testcase classname="ptolemy.util.test.junit.TclTests" name="[3] /home/travis/build/icyphy/ptII/ptolemy/actor/lib/test/Bernoulli.tcl (RunTclFile)" time="0.03" />
  <testcase classname="ptolemy.util.test.junit.TclTests" name="[4] /home/travis/build/icyphy/ptII/ptolemy/actor/lib/test/Clock.tcl (RunTclFile)" time="0.119" />
  <testcase classname="ptolemy.util.test.junit.TclTests" name="[5] /home/travis/build/icyphy/ptII/ptolemy/actor/lib/test/Commutator.tcl (RunTclFile)" time="0.097" />
  <testcase classname="ptolemy.util.test.junit.TclTests" name="[6] /home/travis/build/icyphy/ptII/ptolemy/actor/lib/test/Const.tcl (RunTclFile)" time="0.142" />
  <testcase classname="ptolemy.util.test.junit.TclTests" name="[7] /home/travis/build/icyphy/ptII/ptolemy/actor/lib/test/CurrentTime.tcl (RunTclFile)" time="0.051" />
  <testcase classname="ptolemy.util.test.junit.TclTests" name="[8] /home/travis/build/icyphy/ptII/ptolemy/actor/lib/test/DB.tcl (RunTclFile)" time="0.036" />
  <testcase classname="ptolemy.util.test.junit.TclTests" name="[9] /home/travis/build/icyphy/ptII/ptolemy/actor/lib/test/DiscreteRandomSource.tcl (RunTclFile)" time="0.037" />
  <testcase classname="ptolemy.util.test.junit.TclTests" name="[10] /home/travis/build/icyphy/ptII/ptolemy/actor/lib/test/Distributor.tcl (RunTclFile)" time="0.039" />
  <testcase classname="ptolemy.util.test.junit.TclTests" name="[11] /home/travis/build/icyphy/ptII/ptolemy/actor/lib/test/Exit.tcl (RunTclFile)" time="0.051" />
  <testcase classname="ptolemy.util.test.junit.TclTests" name="[12] /home/travis/build/icyphy/ptII/ptolemy/actor/lib/test/Expression.tcl (RunTclFile)" time="0.072" />
  <testcase classname="ptolemy.util.test.junit.TclTests" name="[13] /home/travis/build/icyphy/ptII/ptolemy/actor/lib/test/Gaussian.tcl (RunTclFile)" time="0.488" />
  <testcase classname="ptolemy.util.test.junit.TclTests" name="[14] /home/travis/build/icyphy/ptII/ptolemy/actor/lib/test/IIR.tcl (RunTclFile)" time="0.05" />
  <testcase classname="ptolemy.util.test.junit.TclTests" name="[15] /home/travis/build/icyphy/ptII/ptolemy/actor/lib/test/Interpolator.tcl (RunTclFile)" time="0.068" />
  <testcase classname="ptolemy.util.test.junit.TclTests" name="[16] /home/travis/build/icyphy/ptII/ptolemy/actor/lib/test/MathFunction.tcl (RunTclFile)" time="0.084" />
  <testcase classname="ptolemy.util.test.junit.TclTests" name="[17] /home/travis/build/icyphy/ptII/ptolemy/actor/lib/test/Maximum.tcl (RunTclFile)" time="0.049" />
  <testcase classname="ptolemy.util.test.junit.TclTests" name="[18] /home/travis/build/icyphy/ptII/ptolemy/actor/lib/test/Minimum.tcl (RunTclFile)" time="0.028" />
  <testcase classname="ptolemy.util.test.junit.TclTests" name="[19] /home/travis/build/icyphy/ptII/ptolemy/actor/lib/test/MultiplyDivide.tcl (RunTclFile)" time="0.051" />
  <testcase classname="ptolemy.util.test.junit.TclTests" name="[20] /home/travis/build/icyphy/ptII/ptolemy/actor/lib/test/OrderedMerge.tcl (RunTclFile)" time="0.091" />
  <testcase classname="ptolemy.util.test.junit.TclTests" name="[21] /home/travis/build/icyphy/ptII/ptolemy/actor/lib/test/Publisher.tcl (RunTclFile)" time="0.771" />
  <testcase classname="ptolemy.util.test.junit.TclTests" name="[22] /home/travis/build/icyphy/ptII/ptolemy/actor/lib/test/Pulse.tcl (RunTclFile)" time="0.031" />
  <testcase classname="ptolemy.util.test.junit.TclTests" name="[23] /home/travis/build/icyphy/ptII/ptolemy/actor/lib/test/Ramp.tcl (RunTclFile)" time="1.898" />
  <testcase classname="ptolemy.util.test.junit.TclTests" name="[24] /home/travis/build/icyphy/ptII/ptolemy/actor/lib/test/RampContinuous.tcl (RunTclFile)" time="0.019" />
  <testcase classname="ptolemy.util.test.junit.TclTests" name="[25] /home/travis/build/icyphy/ptII/ptolemy/actor/lib/test/RecordAssembler.tcl (RunTclFile)" time="0.017" />
  <testcase classname="ptolemy.util.test.junit.TclTests" name="[26] /home/travis/build/icyphy/ptII/ptolemy/actor/lib/test/RecordDisassembler.tcl (RunTclFile)" time="0.019" />
  <testcase classname="ptolemy.util.test.junit.TclTests" name="[27] /home/travis/build/icyphy/ptII/ptolemy/actor/lib/test/Scale.tcl (RunTclFile)" time="0.018" />
  <testcase classname="ptolemy.util.test.junit.TclTests" name="[28] /home/travis/build/icyphy/ptII/ptolemy/actor/lib/test/SequentialClock.tcl (RunTclFile)" time="0.022" />
  <testcase classname="ptolemy.util.test.junit.TclTests" name="[29] /home/travis/build/icyphy/ptII/ptolemy/actor/lib/test/SetVariable.tcl (RunTclFile)" time="0.014" />
  <testcase classname="ptolemy.util.test.junit.TclTests" name="[30] /home/travis/build/icyphy/ptII/ptolemy/actor/lib/test/Sinewave.tcl (RunTclFile)" time="0.029" />
  <testcase classname="ptolemy.util.test.junit.TclTests" name="[31] /home/travis/build/icyphy/ptII/ptolemy/actor/lib/test/SubscriptionAggregator.tcl (RunTclFile)" time="2.055" />
  <testcase classname="ptolemy.util.test.junit.TclTests" name="[32] /home/travis/build/icyphy/ptII/ptolemy/actor/lib/test/Test.tcl (RunTclFile)" time="0.072" />
  <testcase classname="ptolemy.util.test.junit.TclTests" name="[33] /home/travis/build/icyphy/ptII/ptolemy/actor/lib/test/TestExceptionHandler.tcl (RunTclFile)" time="0.012" />
  <testcase classname="ptolemy.util.test.junit.TclTests" name="[34] /home/travis/build/icyphy/ptII/ptolemy/actor/lib/test/UnionDisassembler.tcl (RunTclFile)" time="0.051" />
  <testcase classname="ptolemy.util.test.junit.TclTests" name="[35] /home/travis/build/icyphy/ptII/ptolemy/actor/lib/test/VariableClock.tcl (RunTclFile)" time="0.033" />
  <testcase classname="ptolemy.util.test.junit.AutoKnownFailedTests" name="[0] /home/travis/build/icyphy/ptII/ptolemy/actor/lib/test/auto/knownFailedTests/PublisherPortToplevelSubscriber.xml (RunModel)" time="0.027" />
  <testcase classname="ptolemy.util.test.junit.AutoKnownFailedTests" name="[1] /home/travis/build/icyphy/ptII/ptolemy/actor/lib/test/auto/knownFailedTests/PublisherSubscriberPortToplevel.xml (RunModel)" time="0.025" />
  <testcase classname="ptolemy.util.test.junit.AutoKnownFailedTests" name="[2] /home/travis/build/icyphy/ptII/ptolemy/actor/lib/test/auto/knownFailedTests/PublisherSubscriptionAggregatorPort.xml (RunModel)" time="0.024" />
  <testcase classname="ptolemy.util.test.junit.AutoKnownFailedTests" name="[3] /home/travis/build/icyphy/ptII/ptolemy/actor/lib/test/auto/knownFailedTests/sizedarray3.xml (RunModel)" time="0.027" />
  <testcase classname="ptolemy.util.test.junit.AutoNameArchTests" name="[0] ThereAreNoAutoArchTests (RunModel)" time="0.001" />
  <testcase classname="ptolemy.util.test.junit.AutoTests" name="[0] /home/travis/build/icyphy/ptII/ptolemy/actor/lib/test/auto/AbsoluteValue.xml (RunModel)" time="0.185" />
  <testcase classname="ptolemy.util.test.junit.AutoTests" name="[1] /home/travis/build/icyphy/ptII/ptolemy/actor/lib/test/auto/AbsoluteValue2.xml (RunModel)" time="0.07" />
  <testcase classname="ptolemy.util.test.junit.AutoTests" name="[2] /home/travis/build/icyphy/ptII/ptolemy/actor/lib/test/auto/Accumulator.xml (RunModel)" time="0.06" />
  <testcase classname="ptolemy.util.test.junit.AutoTests" name="[3] /home/travis/build/icyphy/ptII/ptolemy/actor/lib/test/auto/Accumulator2.xml (RunModel)" time="0.044" />
  <testcase classname="ptolemy.util.test.junit.AutoTests" name="[4] /home/travis/build/icyphy/ptII/ptolemy/actor/lib/test/auto/Accumulator3.xml (RunModel)" time="0.031" />
  <testcase classname="ptolemy.util.test.junit.AutoTests" name="[5] /home/travis/build/icyphy/ptII/ptolemy/actor/lib/test/auto/ArrayAppend.xml (RunModel)" time="0.042" />
  <testcase classname="ptolemy.util.test.junit.AutoTests" name="[6] /home/travis/build/icyphy/ptII/ptolemy/actor/lib/test/auto/ArrayAppend2.xml (RunModel)" time="0.5" />
  <testcase classname="ptolemy.util.test.junit.AutoTests" name="[7] /home/travis/build/icyphy/ptII/ptolemy/actor/lib/test/auto/ArrayAppend3.xml (RunModel)" time="0.022" />
  <testcase classname="ptolemy.util.test.junit.AutoTests" name="[8] /home/travis/build/icyphy/ptII/ptolemy/actor/lib/test/auto/ArrayAppend4.xml (RunModel)" time="0.029" />
  <testcase classname="ptolemy.util.test.junit.AutoTests" name="[9] /home/travis/build/icyphy/ptII/ptolemy/actor/lib/test/auto/ArrayAppend5.xml (RunModel)" time="0.033" />
  <testcase classname="ptolemy.util.test.junit.AutoTests" name="[10] /home/travis/build/icyphy/ptII/ptolemy/actor/lib/test/auto/ArrayAppend6.xml (RunModel)" time="0.029" />
  <testcase classname="ptolemy.util.test.junit.AutoTests" name="[11] /home/travis/build/icyphy/ptII/ptolemy/actor/lib/test/auto/ArrayAppendPerformanceTest.xml (RunModel)" time="0.057" />
  <testcase classname="ptolemy.util.test.junit.AutoTests" name="[12] /home/travis/build/icyphy/ptII/ptolemy/actor/lib/test/auto/ArrayAppendWithEmptyInput.xml (RunModel)" time="0.066" />
  <testcase classname="ptolemy.util.test.junit.AutoTests" name="[13] /home/travis/build/icyphy/ptII/ptolemy/actor/lib/test/auto/ArrayAverage.xml (RunModel)" time="0.065" />
  <testcase classname="ptolemy.util.test.junit.AutoTests" name="[14] /home/travis/build/icyphy/ptII/ptolemy/actor/lib/test/auto/ArrayContains.xml (RunModel)" time="0.031" />
  <testcase classname="ptolemy.util.test.junit.AutoTests" name="[15] /home/travis/build/icyphy/ptII/ptolemy/actor/lib/test/auto/ArrayElement.xml (RunModel)" time="0.023" />
  <testcase classname="ptolemy.util.test.junit.AutoTests" name="[16] /home/travis/build/icyphy/ptII/ptolemy/actor/lib/test/auto/ArrayElementAsMatrix.xml (RunModel)" time="0.055" />
  <testcase classname="ptolemy.util.test.junit.AutoTests" name="[17] /home/travis/build/icyphy/ptII/ptolemy/actor/lib/test/auto/ArrayElementI.xml (RunModel)" time="0.023" />
  <testcase classname="ptolemy.util.test.junit.AutoTests" name="[18] /home/travis/build/icyphy/ptII/ptolemy/actor/lib/test/auto/ArrayExtract.xml (RunModel)" time="0.058" />
  <testcase classname="ptolemy.util.test.junit.AutoTests" name="[19] /home/travis/build/icyphy/ptII/ptolemy/actor/lib/test/auto/ArrayExtract2.xml (RunModel)" time="0.029" />
  <testcase classname="ptolemy.util.test.junit.AutoTests" name="[20] /home/travis/build/icyphy/ptII/ptolemy/actor/lib/test/auto/ArrayLength.xml (RunModel)" time="0.023" />
  <testcase classname="ptolemy.util.test.junit.AutoTests" name="[21] /home/travis/build/icyphy/ptII/ptolemy/actor/lib/test/auto/ArrayLevelCrossing.xml (RunModel)" time="0.036" />
  <testcase classname="ptolemy.util.test.junit.AutoTests" name="[22] /home/travis/build/icyphy/ptII/ptolemy/actor/lib/test/auto/ArrayLevelCrossing2.xml (RunModel)" time="0.037" />
  <testcase classname="ptolemy.util.test.junit.AutoTests" name="[23] /home/travis/build/icyphy/ptII/ptolemy/actor/lib/test/auto/ArrayPeakSearch.xml (RunModel)" time="0.048" />
  <testcase classname="ptolemy.util.test.junit.AutoTests" name="[24] /home/travis/build/icyphy/ptII/ptolemy/actor/lib/test/auto/ArrayPeakSearch2.xml (RunModel)" time="0.041" />
  <testcase classname="ptolemy.util.test.junit.AutoTests" name="[25] /home/travis/build/icyphy/ptII/ptolemy/actor/lib/test/auto/ArrayPeakSearch3.xml (RunModel)" time="0.039" />
  <testcase classname="ptolemy.util.test.junit.AutoTests" name="[26] /home/travis/build/icyphy/ptII/ptolemy/actor/lib/test/auto/ArrayRemoveElement.xml (RunModel)" time="0.035" />
  <testcase classname="ptolemy.util.test.junit.AutoTests" name="[27] /home/travis/build/icyphy/ptII/ptolemy/actor/lib/test/auto/ArraySort.xml (RunModel)" time="0.037" />
  <testcase classname="ptolemy.util.test.junit.AutoTests" name="[28] /home/travis/build/icyphy/ptII/ptolemy/actor/lib/test/auto/ArraySum.xml (RunModel)" time="0.025" />
  <testcase classname="ptolemy.util.test.junit.AutoTests" name="[29] /home/travis/build/icyphy/ptII/ptolemy/actor/lib/test/auto/ArrayToElements.xml (RunModel)" time="0.024" />
  <testcase classname="ptolemy.util.test.junit.AutoTests" name="[30] /home/travis/build/icyphy/ptII/ptolemy/actor/lib/test/auto/ArrayToMatrix.xml (RunModel)" time="0.062" />
  <testcase classname="ptolemy.util.test.junit.AutoTests" name="[31] /home/travis/build/icyphy/ptII/ptolemy/actor/lib/test/auto/ArrayUpdate1.xml (RunModel)" time="0.022" />
  <testcase classname="ptolemy.util.test.junit.AutoTests" name="[32] /home/travis/build/icyphy/ptII/ptolemy/actor/lib/test/auto/ArrayUpdate2.xml (RunModel)" time="0.02" />
  <testcase classname="ptolemy.util.test.junit.AutoTests" name="[33] /home/travis/build/icyphy/ptII/ptolemy/actor/lib/test/auto/ArrayUpdate3.xml (RunModel)" time="0.018" />
  <testcase classname="ptolemy.util.test.junit.AutoTests" name="[34] /home/travis/build/icyphy/ptII/ptolemy/actor/lib/test/auto/Assert1.xml (RunModel)" time="0.023" />
  <testcase classname="ptolemy.util.test.junit.AutoTests" name="[35] /home/travis/build/icyphy/ptII/ptolemy/actor/lib/test/auto/Assert2.xml (RunModel)" time="0.013" />
  <testcase classname="ptolemy.util.test.junit.AutoTests" name="[36] /home/travis/build/icyphy/ptII/ptolemy/actor/lib/test/auto/BooleanMultiplexor.xml (RunModel)" time="0.015" />
  <testcase classname="ptolemy.util.test.junit.AutoTests" name="[37] /home/travis/build/icyphy/ptII/ptolemy/actor/lib/test/auto/BooleanMultiplexor2.xml (RunModel)" time="0.061" />
  <testcase classname="ptolemy.util.test.junit.AutoTests" name="[38] /home/travis/build/icyphy/ptII/ptolemy/actor/lib/test/auto/BooleanMultiplexor3.xml (RunModel)" time="0.012" />
  <testcase classname="ptolemy.util.test.junit.AutoTests" name="[39] /home/travis/build/icyphy/ptII/ptolemy/actor/lib/test/auto/BooleanSelect.xml (RunModel)" time="0.021" />
  <testcase classname="ptolemy.util.test.junit.AutoTests" name="[40] /home/travis/build/icyphy/ptII/ptolemy/actor/lib/test/auto/BooleanSelect2.xml (RunModel)" time="0.018" />
  <testcase classname="ptolemy.util.test.junit.AutoTests" name="[41] /home/travis/build/icyphy/ptII/ptolemy/actor/lib/test/auto/BooleanSwitch.xml (RunModel)" time="0.015" />
  <testcase classname="ptolemy.util.test.junit.AutoTests" name="[42] /home/travis/build/icyphy/ptII/ptolemy/actor/lib/test/auto/BooleanSwitch2.xml (RunModel)" time="0.011" />
  <testcase classname="ptolemy.util.test.junit.AutoTests" name="[43] /home/travis/build/icyphy/ptII/ptolemy/actor/lib/test/auto/BooleanSwitchCloningBugWithClassRelationGroup.xml (RunModel)" time="0.021" />
  <testcase classname="ptolemy.util.test.junit.AutoTests" name="[44] /home/travis/build/icyphy/ptII/ptolemy/actor/lib/test/auto/BusActors.xml (RunModel)" time="0.023" />
  <testcase classname="ptolemy.util.test.junit.AutoTests" name="[45] /home/travis/build/icyphy/ptII/ptolemy/actor/lib/test/auto/ClassWrapper.xml (RunModel)" time="0.011" />
  <testcase classname="ptolemy.util.test.junit.AutoTests" name="[46] /home/travis/build/icyphy/ptII/ptolemy/actor/lib/test/auto/Clock.xml (RunModel)" time="0.009" />
  <testcase classname="ptolemy.util.test.junit.AutoTests" name="[47] /home/travis/build/icyphy/ptII/ptolemy/actor/lib/test/auto/Clock10.xml (RunModel)" time="0.013" />
  <testcase classname="ptolemy.util.test.junit.AutoTests" name="[48] /home/travis/build/icyphy/ptII/ptolemy/actor/lib/test/auto/Clock11.xml (RunModel)" time="0.014" />
  <testcase classname="ptolemy.util.test.junit.AutoTests" name="[49] /home/travis/build/icyphy/ptII/ptolemy/actor/lib/test/auto/Clock12.xml (RunModel)" time="0.013" />
  <testcase classname="ptolemy.util.test.junit.AutoTests" name="[50] /home/travis/build/icyphy/ptII/ptolemy/actor/lib/test/auto/Clock13.xml (RunModel)" time="0.015" />
  <testcase classname="ptolemy.util.test.junit.AutoTests" name="[51] /home/travis/build/icyphy/ptII/ptolemy/actor/lib/test/auto/Clock14.xml (RunModel)" time="0.025" />
  <testcase classname="ptolemy.util.test.junit.AutoTests" name="[52] /home/travis/build/icyphy/ptII/ptolemy/actor/lib/test/auto/Clock15.xml (RunModel)" time="0.015" />
  <testcase classname="ptolemy.util.test.junit.AutoTests" name="[53] /home/travis/build/icyphy/ptII/ptolemy/actor/lib/test/auto/Clock16.xml (RunModel)" time="0.113" />
  <testcase classname="ptolemy.util.test.junit.AutoTests" name="[54] /home/travis/build/icyphy/ptII/ptolemy/actor/lib/test/auto/Clock17.xml (RunModel)" time="0.05" />
  <testcase classname="ptolemy.util.test.junit.AutoTests" name="[55] /home/travis/build/icyphy/ptII/ptolemy/actor/lib/test/auto/Clock18.xml (RunModel)" time="0.055" />
  <testcase classname="ptolemy.util.test.junit.AutoTests" name="[56] /home/travis/build/icyphy/ptII/ptolemy/actor/lib/test/auto/Clock19.xml (RunModel)" time="0.044" />
  <testcase classname="ptolemy.util.test.junit.AutoTests" name="[57] /home/travis/build/icyphy/ptII/ptolemy/actor/lib/test/auto/Clock2.xml (RunModel)" time="0.016" />
  <testcase classname="ptolemy.util.test.junit.AutoTests" name="[58] /home/travis/build/icyphy/ptII/ptolemy/actor/lib/test/auto/Clock20.xml (RunModel)" time="0.027" />
  <testcase classname="ptolemy.util.test.junit.AutoTests" name="[59] /home/travis/build/icyphy/ptII/ptolemy/actor/lib/test/auto/Clock21.xml (RunModel)" time="0.017" />
  <testcase classname="ptolemy.util.test.junit.AutoTests" name="[60] /home/travis/build/icyphy/ptII/ptolemy/actor/lib/test/auto/Clock22.xml (RunModel)" time="0.016" />
  <testcase classname="ptolemy.util.test.junit.AutoTests" name="[61] /home/travis/build/icyphy/ptII/ptolemy/actor/lib/test/auto/Clock23.xml (RunModel)" time="0.02" />
  <testcase classname="ptolemy.util.test.junit.AutoTests" name="[62] /home/travis/build/icyphy/ptII/ptolemy/actor/lib/test/auto/Clock24.xml (RunModel)" time="0.018" />
  <testcase classname="ptolemy.util.test.junit.AutoTests" name="[63] /home/travis/build/icyphy/ptII/ptolemy/actor/lib/test/auto/Clock4.xml (RunModel)" time="0.019" />
  <testcase classname="ptolemy.util.test.junit.AutoTests" name="[64] /home/travis/build/icyphy/ptII/ptolemy/actor/lib/test/auto/Clock5.xml (RunModel)" time="0.017" />
  <testcase classname="ptolemy.util.test.junit.AutoTests" name="[65] /home/travis/build/icyphy/ptII/ptolemy/actor/lib/test/auto/Clock6.xml (RunModel)" time="0.011" />
  <testcase classname="ptolemy.util.test.junit.AutoTests" name="[66] /home/travis/build/icyphy/ptII/ptolemy/actor/lib/test/auto/Clock7.xml (RunModel)" time="0.012" />
  <testcase classname="ptolemy.util.test.junit.AutoTests" name="[67] /home/travis/build/icyphy/ptII/ptolemy/actor/lib/test/auto/Clock8.xml (RunModel)" time="0.016" />
  <testcase classname="ptolemy.util.test.junit.AutoTests" name="[68] /home/travis/build/icyphy/ptII/ptolemy/actor/lib/test/auto/Clock9.xml (RunModel)" time="0.015" />
  <testcase classname="ptolemy.util.test.junit.AutoTests" name="[69] /home/travis/build/icyphy/ptII/ptolemy/actor/lib/test/auto/CommDistDiscard.xml (RunModel)" time="0.016" />
  <testcase classname="ptolemy.util.test.junit.AutoTests" name="[70] /home/travis/build/icyphy/ptII/ptolemy/actor/lib/test/auto/Commutator.xml (RunModel)" time="0.012" />
  <testcase classname="ptolemy.util.test.junit.AutoTests" name="[71] /home/travis/build/icyphy/ptII/ptolemy/actor/lib/test/auto/Commutator2.xml (RunModel)" time="0.011" />
  <testcase classname="ptolemy.util.test.junit.AutoTests" name="[72] /home/travis/build/icyphy/ptII/ptolemy/actor/lib/test/auto/Commutator3.xml (RunModel)" time="0.01" />
  <testcase classname="ptolemy.util.test.junit.AutoTests" name="[73] /home/travis/build/icyphy/ptII/ptolemy/actor/lib/test/auto/Compare.xml (RunModel)" time="0.017" />
  <testcase classname="ptolemy.util.test.junit.AutoTests" name="[74] /home/travis/build/icyphy/ptII/ptolemy/actor/lib/test/auto/CompareDE.xml (RunModel)" time="0.016" />
  <testcase classname="ptolemy.util.test.junit.AutoTests" name="[75] /home/travis/build/icyphy/ptII/ptolemy/actor/lib/test/auto/ComplexDivide.xml (RunModel)" time="0.01" />
  <testcase classname="ptolemy.util.test.junit.AutoTests" name="[76] /home/travis/build/icyphy/ptII/ptolemy/actor/lib/test/auto/ComputeHistogram.xml (RunModel)" time="0.051" />
  <testcase classname="ptolemy.util.test.junit.AutoTests" name="[77] /home/travis/build/icyphy/ptII/ptolemy/actor/lib/test/auto/ConfigurationSelect.xml (RunModel)" time="0.015" />
  <testcase classname="ptolemy.util.test.junit.AutoTests" name="[78] /home/travis/build/icyphy/ptII/ptolemy/actor/lib/test/auto/ConfigurationSelect2.xml (RunModel)" time="0.012" />
  <testcase classname="ptolemy.util.test.junit.AutoTests" name="[79] /home/travis/build/icyphy/ptII/ptolemy/actor/lib/test/auto/ConfigurationSwitch.xml (RunModel)" time="0.013" />
  <testcase classname="ptolemy.util.test.junit.AutoTests" name="[80] /home/travis/build/icyphy/ptII/ptolemy/actor/lib/test/auto/ConfigurationSwitch2.xml (RunModel)" time="0.012" />
  <testcase classname="ptolemy.util.test.junit.AutoTests" name="[81] /home/travis/build/icyphy/ptII/ptolemy/actor/lib/test/auto/ConfigurationSwitchCloningBugWithClassRelationGroup.xml (RunModel)" time="0.02" />
  <testcase classname="ptolemy.util.test.junit.AutoTests" name="[82] /home/travis/build/icyphy/ptII/ptolemy/actor/lib/test/auto/ConfigurationSwitchSelectSDF.xml (RunModel)" time="0.019" />
  <testcase classname="ptolemy.util.test.junit.AutoTests" name="[83] /home/travis/build/icyphy/ptII/ptolemy/actor/lib/test/auto/ConfigurationSwitchSelectSDF2.xml (RunModel)" time="0.014" />
  <testcase classname="ptolemy.util.test.junit.AutoTests" name="[84] /home/travis/build/icyphy/ptII/ptolemy/actor/lib/test/auto/Const.xml (RunModel)" time="0.009" />
  <testcase classname="ptolemy.util.test.junit.AutoTests" name="[85] /home/travis/build/icyphy/ptII/ptolemy/actor/lib/test/auto/Const2.xml (RunModel)" time="0.017" />
  <testcase classname="ptolemy.util.test.junit.AutoTests" name="[86] /home/travis/build/icyphy/ptII/ptolemy/actor/lib/test/auto/Const3.xml (RunModel)" time="0.008" />
  <testcase classname="ptolemy.util.test.junit.AutoTests" name="[87] /home/travis/build/icyphy/ptII/ptolemy/actor/lib/test/auto/ConstantPublisherPort1.xml (RunModel)" time="0.021" />
  <testcase classname="ptolemy.util.test.junit.AutoTests" name="[88] /home/travis/build/icyphy/ptII/ptolemy/actor/lib/test/auto/ConstantPublisherPort2.xml (RunModel)" time="0.027" />
  <testcase classname="ptolemy.util.test.junit.AutoTests" name="[89] /home/travis/build/icyphy/ptII/ptolemy/actor/lib/test/auto/ConstantPublisherPort3.xml (RunModel)" time="0.023" />
  <testcase classname="ptolemy.util.test.junit.AutoTests" name="[90] /home/travis/build/icyphy/ptII/ptolemy/actor/lib/test/auto/ConstantPublisherPort4.xml (RunModel)" time="0.018" />
  <testcase classname="ptolemy.util.test.junit.AutoTests" name="[91] /home/travis/build/icyphy/ptII/ptolemy/actor/lib/test/auto/ConstantPublisherPort5.xml (RunModel)" time="0.04" />
  <testcase classname="ptolemy.util.test.junit.AutoTests" name="[92] /home/travis/build/icyphy/ptII/ptolemy/actor/lib/test/auto/ConstantPublisherPort6.xml (RunModel)" time="0.037" />
  <testcase classname="ptolemy.util.test.junit.AutoTests" name="[93] /home/travis/build/icyphy/ptII/ptolemy/actor/lib/test/auto/ConstantPublisherPort7.xml (RunModel)" time="0.061" />
  <testcase classname="ptolemy.util.test.junit.AutoTests" name="[94] /home/travis/build/icyphy/ptII/ptolemy/actor/lib/test/auto/ConstraintMonitor1.xml (RunModel)" time="0.037" />
  <testcase classname="ptolemy.util.test.junit.AutoTests" name="[95] /home/travis/build/icyphy/ptII/ptolemy/actor/lib/test/auto/ConstraintMonitor2.xml (RunModel)" time="0.02" />
  <testcase classname="ptolemy.util.test.junit.AutoTests" name="[96] /home/travis/build/icyphy/ptII/ptolemy/actor/lib/test/auto/ConstraintMonitor3.xml (RunModel)" time="0.021" />
  <testcase classname="ptolemy.util.test.junit.AutoTests" name="[97] /home/travis/build/icyphy/ptII/ptolemy/actor/lib/test/auto/ConstraintMonitor4.xml (RunModel)" time="0.016" />
  <testcase classname="ptolemy.util.test.junit.AutoTests" name="[98] /home/travis/build/icyphy/ptII/ptolemy/actor/lib/test/auto/ConstraintMonitor5.xml (RunModel)" time="0.016" />
  <testcase classname="ptolemy.util.test.junit.AutoTests" name="[99] /home/travis/build/icyphy/ptII/ptolemy/actor/lib/test/auto/ConstraintMonitor6.xml (RunModel)" time="0.014" />
  <testcase classname="ptolemy.util.test.junit.AutoTests" name="[100] /home/travis/build/icyphy/ptII/ptolemy/actor/lib/test/auto/ConstraintMonitor7.xml (RunModel)" time="0.017" />
  <testcase classname="ptolemy.util.test.junit.AutoTests" name="[101] /home/travis/build/icyphy/ptII/ptolemy/actor/lib/test/auto/ConstraintMonitor8.xml (RunModel)" time="0.021" />
  <testcase classname="ptolemy.util.test.junit.AutoTests" name="[102] /home/travis/build/icyphy/ptII/ptolemy/actor/lib/test/auto/Counter.xml (RunModel)" time="0.012" />
  <testcase classname="ptolemy.util.test.junit.AutoTests" name="[103] /home/travis/build/icyphy/ptII/ptolemy/actor/lib/test/auto/CurrentTimeSDF.xml (RunModel)" time="0.014" />
  <testcase classname="ptolemy.util.test.junit.AutoTests" name="[104] /home/travis/build/icyphy/ptII/ptolemy/actor/lib/test/auto/DB.xml (RunModel)" time="0.018" />
  <testcase classname="ptolemy.util.test.junit.AutoTests" name="[105] /home/travis/build/icyphy/ptII/ptolemy/actor/lib/test/auto/DBDE.xml (RunModel)" time="0.015" />
  <testcase classname="ptolemy.util.test.junit.AutoTests" name="[106] /home/travis/build/icyphy/ptII/ptolemy/actor/lib/test/auto/DateConstructor.xml (RunModel)" time="0.057" />
  <testcase classname="ptolemy.util.test.junit.AutoTests" name="[107] /home/travis/build/icyphy/ptII/ptolemy/actor/lib/test/auto/DelayTime.xml (RunModel)" time="0.015" />
  <testcase classname="ptolemy.util.test.junit.AutoTests" name="[108] /home/travis/build/icyphy/ptII/ptolemy/actor/lib/test/auto/Dictionary1.xml (RunModel)" time="0.016" />
  <testcase classname="ptolemy.util.test.junit.AutoTests" name="[109] /home/travis/build/icyphy/ptII/ptolemy/actor/lib/test/auto/Dictionary2.xml (RunModel)" time="0.013" />
  <testcase classname="ptolemy.util.test.junit.AutoTests" name="[110] /home/travis/build/icyphy/ptII/ptolemy/actor/lib/test/auto/Dictionary3.xml (RunModel)" time="0.012" />
  <testcase classname="ptolemy.util.test.junit.AutoTests" name="[111] /home/travis/build/icyphy/ptII/ptolemy/actor/lib/test/auto/Dictionary4.xml (RunModel)" time="0.017" />
  <testcase classname="ptolemy.util.test.junit.AutoTests" name="[112] /home/travis/build/icyphy/ptII/ptolemy/actor/lib/test/auto/Differential.xml (RunModel)" time="0.011" />
  <testcase classname="ptolemy.util.test.junit.AutoTests" name="[113] /home/travis/build/icyphy/ptII/ptolemy/actor/lib/test/auto/Director.xml (RunModel)" time="0.011" />
  <testcase classname="ptolemy.util.test.junit.AutoTests" name="[114] /home/travis/build/icyphy/ptII/ptolemy/actor/lib/test/auto/DiscreteClock.xml (RunModel)" time="0.009" />
  <testcase classname="ptolemy.util.test.junit.AutoTests" name="[115] /home/travis/build/icyphy/ptII/ptolemy/actor/lib/test/auto/DiscreteClock10.xml (RunModel)" time="0.012" />
  <testcase classname="ptolemy.util.test.junit.AutoTests" name="[116] /home/travis/build/icyphy/ptII/ptolemy/actor/lib/test/auto/DiscreteClock11.xml (RunModel)" time="0.012" />
  <testcase classname="ptolemy.util.test.junit.AutoTests" name="[117] /home/travis/build/icyphy/ptII/ptolemy/actor/lib/test/auto/DiscreteClock12.xml (RunModel)" time="0.013" />
  <testcase classname="ptolemy.util.test.junit.AutoTests" name="[118] /home/travis/build/icyphy/ptII/ptolemy/actor/lib/test/auto/DiscreteClock13.xml (RunModel)" time="0.019" />
  <testcase classname="ptolemy.util.test.junit.AutoTests" name="[119] /home/travis/build/icyphy/ptII/ptolemy/actor/lib/test/auto/DiscreteClock14.xml (RunModel)" time="0.014" />
  <testcase classname="ptolemy.util.test.junit.AutoTests" name="[120] /home/travis/build/icyphy/ptII/ptolemy/actor/lib/test/auto/DiscreteClock15.xml (RunModel)" time="0.017" />
  <testcase classname="ptolemy.util.test.junit.AutoTests" name="[121] /home/travis/build/icyphy/ptII/ptolemy/actor/lib/test/auto/DiscreteClock16.xml (RunModel)" time="0.456" />
  <testcase classname="ptolemy.util.test.junit.AutoTests" name="[122] /home/travis/build/icyphy/ptII/ptolemy/actor/lib/test/auto/DiscreteClock17.xml (RunModel)" time="0.037" />
  <testcase classname="ptolemy.util.test.junit.AutoTests" name="[123] /home/travis/build/icyphy/ptII/ptolemy/actor/lib/test/auto/DiscreteClock18.xml (RunModel)" time="0.028" />
  <testcase classname="ptolemy.util.test.junit.AutoTests" name="[124] /home/travis/build/icyphy/ptII/ptolemy/actor/lib/test/auto/DiscreteClock19.xml (RunModel)" time="0.038" />
  <testcase classname="ptolemy.util.test.junit.AutoTests" name="[125] /home/travis/build/icyphy/ptII/ptolemy/actor/lib/test/auto/DiscreteClock2.xml (RunModel)" time="0.011" />
  <testcase classname="ptolemy.util.test.junit.AutoTests" name="[126] /home/travis/build/icyphy/ptII/ptolemy/actor/lib/test/auto/DiscreteClock20.xml (RunModel)" time="0.013" />
  <testcase classname="ptolemy.util.test.junit.AutoTests" name="[127] /home/travis/build/icyphy/ptII/ptolemy/actor/lib/test/auto/DiscreteClock21.xml (RunModel)" time="0.021" />
  <testcase classname="ptolemy.util.test.junit.AutoTests" name="[128] /home/travis/build/icyphy/ptII/ptolemy/actor/lib/test/auto/DiscreteClock22.xml (RunModel)" time="0.014" />
  <testcase classname="ptolemy.util.test.junit.AutoTests" name="[129] /home/travis/build/icyphy/ptII/ptolemy/actor/lib/test/auto/DiscreteClock23.xml (RunModel)" time="0.016" />
  <testcase classname="ptolemy.util.test.junit.AutoTests" name="[130] /home/travis/build/icyphy/ptII/ptolemy/actor/lib/test/auto/DiscreteClock24.xml (RunModel)" time="0.014" />
  <testcase classname="ptolemy.util.test.junit.AutoTests" name="[131] /home/travis/build/icyphy/ptII/ptolemy/actor/lib/test/auto/DiscreteClock4.xml (RunModel)" time="0.011" />
  <testcase classname="ptolemy.util.test.junit.AutoTests" name="[132] /home/travis/build/icyphy/ptII/ptolemy/actor/lib/test/auto/DiscreteClock5.xml (RunModel)" time="0.013" />
  <testcase classname="ptolemy.util.test.junit.AutoTests" name="[133] /home/travis/build/icyphy/ptII/ptolemy/actor/lib/test/auto/DiscreteClock6.xml (RunModel)" time="0.009" />
  <testcase classname="ptolemy.util.test.junit.AutoTests" name="[134] /home/travis/build/icyphy/ptII/ptolemy/actor/lib/test/auto/DiscreteClock7.xml (RunModel)" time="0.01" />
  <testcase classname="ptolemy.util.test.junit.AutoTests" name="[135] /home/travis/build/icyphy/ptII/ptolemy/actor/lib/test/auto/DiscreteClock8.xml (RunModel)" time="0.009" />
  <testcase classname="ptolemy.util.test.junit.AutoTests" name="[136] /home/travis/build/icyphy/ptII/ptolemy/actor/lib/test/auto/DiscreteClock9.xml (RunModel)" time="0.014" />
  <testcase classname="ptolemy.util.test.junit.AutoTests" name="[137] /home/travis/build/icyphy/ptII/ptolemy/actor/lib/test/auto/DisplayArray.xml (RunModel)" time="0.019" />
  <testcase classname="ptolemy.util.test.junit.AutoTests" name="[138] /home/travis/build/icyphy/ptII/ptolemy/actor/lib/test/auto/Distributor.xml (RunModel)" time="0.012" />
  <testcase classname="ptolemy.util.test.junit.AutoTests" name="[139] /home/travis/build/icyphy/ptII/ptolemy/actor/lib/test/auto/Distributor2.xml (RunModel)" time="0.011" />
  <testcase classname="ptolemy.util.test.junit.AutoTests" name="[140] /home/travis/build/icyphy/ptII/ptolemy/actor/lib/test/auto/DownSample.xml (RunModel)" time="0.012" />
  <testcase classname="ptolemy.util.test.junit.AutoTests" name="[141] /home/travis/build/icyphy/ptII/ptolemy/actor/lib/test/auto/ElectronicUnitBase1.xml (RunModel)" time="0.078" />
  <testcase classname="ptolemy.util.test.junit.AutoTests" name="[142] /home/travis/build/icyphy/ptII/ptolemy/actor/lib/test/auto/ElementsToArray.xml (RunModel)" time="0.011" />
  <testcase classname="ptolemy.util.test.junit.AutoTests" name="[143] /home/travis/build/icyphy/ptII/ptolemy/actor/lib/test/auto/Equals.xml (RunModel)" time="0.016" />
  <testcase classname="ptolemy.util.test.junit.AutoTests" name="[144] /home/travis/build/icyphy/ptII/ptolemy/actor/lib/test/auto/Exec.xml (RunModel)" time="0.024" />
  <testcase classname="ptolemy.util.test.junit.AutoTests" name="[145] /home/travis/build/icyphy/ptII/ptolemy/actor/lib/test/auto/ExecEnvironment.xml (RunModel)" time="0.038" />
  <testcase classname="ptolemy.util.test.junit.AutoTests" name="[146] /home/travis/build/icyphy/ptII/ptolemy/actor/lib/test/auto/ExecNonZeroReturnOutput.xml (RunModel)" time="0.144" />
  <testcase classname="ptolemy.util.test.junit.AutoTests" name="[147] /home/travis/build/icyphy/ptII/ptolemy/actor/lib/test/auto/ExecRunDemos.xml (RunModel)" time="9.939" />
  <testcase classname="ptolemy.util.test.junit.AutoTests" name="[148] /home/travis/build/icyphy/ptII/ptolemy/actor/lib/test/auto/ExecStop.xml (RunModel)" time="5.024" />
  <testcase classname="ptolemy.util.test.junit.AutoTests" name="[149] /home/travis/build/icyphy/ptII/ptolemy/actor/lib/test/auto/ExecutionTimeSDF.xml (RunModel)" time="6.027" />
  <testcase classname="ptolemy.util.test.junit.AutoTests" name="[150] /home/travis/build/icyphy/ptII/ptolemy/actor/lib/test/auto/Expression1.xml (RunModel)" time="0.012" />
  <testcase classname="ptolemy.util.test.junit.AutoTests" name="[151] /home/travis/build/icyphy/ptII/ptolemy/actor/lib/test/auto/Expression10.xml (RunModel)" time="0.019" />
  <testcase classname="ptolemy.util.test.junit.AutoTests" name="[152] /home/travis/build/icyphy/ptII/ptolemy/actor/lib/test/auto/Expression11.xml (RunModel)" time="0.012" />
  <testcase classname="ptolemy.util.test.junit.AutoTests" name="[153] /home/travis/build/icyphy/ptII/ptolemy/actor/lib/test/auto/Expression12.xml (RunModel)" time="0.016" />
  <testcase classname="ptolemy.util.test.junit.AutoTests" name="[154] /home/travis/build/icyphy/ptII/ptolemy/actor/lib/test/auto/Expression13.xml (RunModel)" time="0.017" />
  <testcase classname="ptolemy.util.test.junit.AutoTests" name="[155] /home/travis/build/icyphy/ptII/ptolemy/actor/lib/test/auto/Expression14.xml (RunModel)" time="0.019" />
  <testcase classname="ptolemy.util.test.junit.AutoTests" name="[156] /home/travis/build/icyphy/ptII/ptolemy/actor/lib/test/auto/Expression15.xml (RunModel)" time="0.009" />
  <testcase classname="ptolemy.util.test.junit.AutoTests" name="[157] /home/travis/build/icyphy/ptII/ptolemy/actor/lib/test/auto/Expression16.xml (RunModel)" time="0.015" />
  <testcase classname="ptolemy.util.test.junit.AutoTests" name="[158] /home/travis/build/icyphy/ptII/ptolemy/actor/lib/test/auto/Expression17.xml (RunModel)" time="0.018" />
  <testcase classname="ptolemy.util.test.junit.AutoTests" name="[159] /home/travis/build/icyphy/ptII/ptolemy/actor/lib/test/auto/Expression18.xml (RunModel)" time="0.016" />
  <testcase classname="ptolemy.util.test.junit.AutoTests" name="[160] /home/travis/build/icyphy/ptII/ptolemy/actor/lib/test/auto/Expression2.xml (RunModel)" time="0.022" />
  <testcase classname="ptolemy.util.test.junit.AutoTests" name="[161] /home/travis/build/icyphy/ptII/ptolemy/actor/lib/test/auto/Expression3.xml (RunModel)" time="0.015" />
  <testcase classname="ptolemy.util.test.junit.AutoTests" name="[162] /home/travis/build/icyphy/ptII/ptolemy/actor/lib/test/auto/Expression4.xml (RunModel)" time="0.031" />
  <testcase classname="ptolemy.util.test.junit.AutoTests" name="[163] /home/travis/build/icyphy/ptII/ptolemy/actor/lib/test/auto/Expression5.xml (RunModel)" time="0.015" />
  <testcase classname="ptolemy.util.test.junit.AutoTests" name="[164] /home/travis/build/icyphy/ptII/ptolemy/actor/lib/test/auto/Expression6.xml (RunModel)" time="0.009" />
  <testcase classname="ptolemy.util.test.junit.AutoTests" name="[165] /home/travis/build/icyphy/ptII/ptolemy/actor/lib/test/auto/Expression7.xml (RunModel)" time="0.018" />
  <testcase classname="ptolemy.util.test.junit.AutoTests" name="[166] /home/travis/build/icyphy/ptII/ptolemy/actor/lib/test/auto/Expression8.xml (RunModel)" time="0.017" />
  <testcase classname="ptolemy.util.test.junit.AutoTests" name="[167] /home/travis/build/icyphy/ptII/ptolemy/actor/lib/test/auto/Expression9.xml (RunModel)" time="0.012" />
  <testcase classname="ptolemy.util.test.junit.AutoTests" name="[168] /home/travis/build/icyphy/ptII/ptolemy/actor/lib/test/auto/ExpressionConcatenateArrayType.xml (RunModel)" time="0.032" />
  <testcase classname="ptolemy.util.test.junit.AutoTests" name="[169] /home/travis/build/icyphy/ptII/ptolemy/actor/lib/test/auto/ExpressionConcatenateArrayType2.xml (RunModel)" time="0.021" />
  <testcase classname="ptolemy.util.test.junit.AutoTests" name="[170] /home/travis/build/icyphy/ptII/ptolemy/actor/lib/test/auto/ExpressionFix.xml (RunModel)" time="0.044" />
  <testcase classname="ptolemy.util.test.junit.AutoTests" name="[171] /home/travis/build/icyphy/ptII/ptolemy/actor/lib/test/auto/ExpressionFix2.xml (RunModel)" time="0.013" />
  <testcase classname="ptolemy.util.test.junit.AutoTests" name="[172] /home/travis/build/icyphy/ptII/ptolemy/actor/lib/test/auto/ExpressionFix3.xml (RunModel)" time="0.014" />
  <testcase classname="ptolemy.util.test.junit.AutoTests" name="[173] /home/travis/build/icyphy/ptII/ptolemy/actor/lib/test/auto/FileWriter1.xml (RunModel)" time="0.012" />
  <testcase classname="ptolemy.util.test.junit.AutoTests" name="[174] /home/travis/build/icyphy/ptII/ptolemy/actor/lib/test/auto/FileWriter2.xml (RunModel)" time="0.01" />
  <testcase classname="ptolemy.util.test.junit.AutoTests" name="[175] /home/travis/build/icyphy/ptII/ptolemy/actor/lib/test/auto/FileWriter3.xml (RunModel)" time="0.012" />
  <testcase classname="ptolemy.util.test.junit.AutoTests" name="[176] /home/travis/build/icyphy/ptII/ptolemy/actor/lib/test/auto/Gaussian.xml (RunModel)" time="0.013" />
  <testcase classname="ptolemy.util.test.junit.AutoTests" name="[177] /home/travis/build/icyphy/ptII/ptolemy/actor/lib/test/auto/Gaussian1.xml (RunModel)" time="0.022" />
  <testcase classname="ptolemy.util.test.junit.AutoTests" name="[178] /home/travis/build/icyphy/ptII/ptolemy/actor/lib/test/auto/Gaussian2.xml (RunModel)" time="0.022" />
  <testcase classname="ptolemy.util.test.junit.AutoTests" name="[179] /home/travis/build/icyphy/ptII/ptolemy/actor/lib/test/auto/GradientAdaptiveLattice.xml (RunModel)" time="0.018" />
  <testcase classname="ptolemy.util.test.junit.AutoTests" name="[180] /home/travis/build/icyphy/ptII/ptolemy/actor/lib/test/auto/IIR.xml (RunModel)" time="0.01" />
  <testcase classname="ptolemy.util.test.junit.AutoTests" name="[181] /home/travis/build/icyphy/ptII/ptolemy/actor/lib/test/auto/InputOutputTransparentPorts.xml (RunModel)" time="0.024" />
  <testcase classname="ptolemy.util.test.junit.AutoTests" name="[182] /home/travis/build/icyphy/ptII/ptolemy/actor/lib/test/auto/Interpolator.xml (RunModel)" time="0.01" />
  <testcase classname="ptolemy.util.test.junit.AutoTests" name="[183] /home/travis/build/icyphy/ptII/ptolemy/actor/lib/test/auto/InterpolatorFiringLimitDE.xml (RunModel)" time="0.014" />
  <testcase classname="ptolemy.util.test.junit.AutoTests" name="[184] /home/travis/build/icyphy/ptII/ptolemy/actor/lib/test/auto/Lattice.xml (RunModel)" time="0.009" />
  <testcase classname="ptolemy.util.test.junit.AutoTests" name="[185] /home/travis/build/icyphy/ptII/ptolemy/actor/lib/test/auto/LazyAOCTestLazy.xml (RunModel)" time="0.02" />
  <testcase classname="ptolemy.util.test.junit.AutoTests" name="[186] /home/travis/build/icyphy/ptII/ptolemy/actor/lib/test/auto/LazyAOCTestNonLazy.xml (RunModel)" time="0.016" />
  <testcase classname="ptolemy.util.test.junit.AutoTests" name="[187] /home/travis/build/icyphy/ptII/ptolemy/actor/lib/test/auto/LazyInnerClass.xml (RunModel)" time="0.032" />
  <testcase classname="ptolemy.util.test.junit.AutoTests" name="[188] /home/travis/build/icyphy/ptII/ptolemy/actor/lib/test/auto/LazyPubSub.xml (RunModel)" time="0.065" />
  <testcase classname="ptolemy.util.test.junit.AutoTests" name="[189] /home/travis/build/icyphy/ptII/ptolemy/actor/lib/test/auto/LazyPubSub2.xml (RunModel)" time="0.068" />
  <testcase classname="ptolemy.util.test.junit.AutoTests" name="[190] /home/travis/build/icyphy/ptII/ptolemy/actor/lib/test/auto/LazyPubSub3.xml (RunModel)" time="0.042" />
  <testcase classname="ptolemy.util.test.junit.AutoTests" name="[191] /home/travis/build/icyphy/ptII/ptolemy/actor/lib/test/auto/LazySubClassModel.xml (RunModel)" time="0.02" />
  <testcase classname="ptolemy.util.test.junit.AutoTests" name="[192] /home/travis/build/icyphy/ptII/ptolemy/actor/lib/test/auto/LevelCrossTest1.xml (RunModel)" time="0.011" />
  <testcase classname="ptolemy.util.test.junit.AutoTests" name="[193] /home/travis/build/icyphy/ptII/ptolemy/actor/lib/test/auto/LevelCrossTest10.xml (RunModel)" time="0.014" />
  <testcase classname="ptolemy.util.test.junit.AutoTests" name="[194] /home/travis/build/icyphy/ptII/ptolemy/actor/lib/test/auto/LevelCrossTest11.xml (RunModel)" time="0.012" />
  <testcase classname="ptolemy.util.test.junit.AutoTests" name="[195] /home/travis/build/icyphy/ptII/ptolemy/actor/lib/test/auto/LevelCrossTest12.xml (RunModel)" time="0.012" />
  <testcase classname="ptolemy.util.test.junit.AutoTests" name="[196] /home/travis/build/icyphy/ptII/ptolemy/actor/lib/test/auto/LevelCrossTest13.xml (RunModel)" time="0.013" />
  <testcase classname="ptolemy.util.test.junit.AutoTests" name="[197] /home/travis/build/icyphy/ptII/ptolemy/actor/lib/test/auto/LevelCrossTest2.xml (RunModel)" time="0.01" />
  <testcase classname="ptolemy.util.test.junit.AutoTests" name="[198] /home/travis/build/icyphy/ptII/ptolemy/actor/lib/test/auto/LevelCrossTest3.xml (RunModel)" time="0.015" />
  <testcase classname="ptolemy.util.test.junit.AutoTests" name="[199] /home/travis/build/icyphy/ptII/ptolemy/actor/lib/test/auto/LevelCrossTest4.xml (RunModel)" time="0.01" />
  <testcase classname="ptolemy.util.test.junit.AutoTests" name="[200] /home/travis/build/icyphy/ptII/ptolemy/actor/lib/test/auto/LevelCrossTest5.xml (RunModel)" time="0.013" />
  <testcase classname="ptolemy.util.test.junit.AutoTests" name="[201] /home/travis/build/icyphy/ptII/ptolemy/actor/lib/test/auto/LevelCrossTest6.xml (RunModel)" time="0.014" />
  <testcase classname="ptolemy.util.test.junit.AutoTests" name="[202] /home/travis/build/icyphy/ptII/ptolemy/actor/lib/test/auto/LevelCrossTest7.xml (RunModel)" time="0.015" />
  <testcase classname="ptolemy.util.test.junit.AutoTests" name="[203] /home/travis/build/icyphy/ptII/ptolemy/actor/lib/test/auto/LevelCrossTest8.xml (RunModel)" time="0.013" />
  <testcase classname="ptolemy.util.test.junit.AutoTests" name="[204] /home/travis/build/icyphy/ptII/ptolemy/actor/lib/test/auto/LevelCrossTest9.xml (RunModel)" time="0.013" />
  <testcase classname="ptolemy.util.test.junit.AutoTests" name="[205] /home/travis/build/icyphy/ptII/ptolemy/actor/lib/test/auto/LevinsonDurbin.xml (RunModel)" time="0.01" />
  <testcase classname="ptolemy.util.test.junit.AutoTests" name="[206] /home/travis/build/icyphy/ptII/ptolemy/actor/lib/test/auto/LevinsonDurbin2.xml (RunModel)" time="0.008" />
  <testcase classname="ptolemy.util.test.junit.AutoTests" name="[207] /home/travis/build/icyphy/ptII/ptolemy/actor/lib/test/auto/LevinsonDurbin3.xml (RunModel)" time="0.008" />
  <testcase classname="ptolemy.util.test.junit.AutoTests" name="[208] /home/travis/build/icyphy/ptII/ptolemy/actor/lib/test/auto/Limiter.xml (RunModel)" time="0.023" />
  <testcase classname="ptolemy.util.test.junit.AutoTests" name="[209] /home/travis/build/icyphy/ptII/ptolemy/actor/lib/test/auto/LinearDifferenceEquationSystem.xml (RunModel)" time="0.021" />
  <testcase classname="ptolemy.util.test.junit.AutoTests" name="[210] /home/travis/build/icyphy/ptII/ptolemy/actor/lib/test/auto/LookupTable.xml (RunModel)" time="0.01" />
  <testcase classname="ptolemy.util.test.junit.AutoTests" name="[211] /home/travis/build/icyphy/ptII/ptolemy/actor/lib/test/auto/MathFunction.xml (RunModel)" time="0.018" />
  <testcase classname="ptolemy.util.test.junit.AutoTests" name="[212] /home/travis/build/icyphy/ptII/ptolemy/actor/lib/test/auto/MathFunction2.xml (RunModel)" time="0.008" />
  <testcase classname="ptolemy.util.test.junit.AutoTests" name="[213] /home/travis/build/icyphy/ptII/ptolemy/actor/lib/test/auto/MathFunction3.xml (RunModel)" time="0.03" />
  <testcase classname="ptolemy.util.test.junit.AutoTests" name="[214] /home/travis/build/icyphy/ptII/ptolemy/actor/lib/test/auto/MatrixCropBoolean.xml (RunModel)" time="0.016" />
  <testcase classname="ptolemy.util.test.junit.AutoTests" name="[215] /home/travis/build/icyphy/ptII/ptolemy/actor/lib/test/auto/MatrixCropComplex.xml (RunModel)" time="0.01" />
  <testcase classname="ptolemy.util.test.junit.AutoTests" name="[216] /home/travis/build/icyphy/ptII/ptolemy/actor/lib/test/auto/MatrixCropDouble.xml (RunModel)" time="0.013" />
  <testcase classname="ptolemy.util.test.junit.AutoTests" name="[217] /home/travis/build/icyphy/ptII/ptolemy/actor/lib/test/auto/MatrixCropFix.xml (RunModel)" time="0.011" />
  <testcase classname="ptolemy.util.test.junit.AutoTests" name="[218] /home/travis/build/icyphy/ptII/ptolemy/actor/lib/test/auto/MatrixCropInt.xml (RunModel)" time="0.014" />
  <testcase classname="ptolemy.util.test.junit.AutoTests" name="[219] /home/travis/build/icyphy/ptII/ptolemy/actor/lib/test/auto/MatrixCropLong.xml (RunModel)" time="0.01" />
  <testcase classname="ptolemy.util.test.junit.AutoTests" name="[220] /home/travis/build/icyphy/ptII/ptolemy/actor/lib/test/auto/MatrixToArray.xml (RunModel)" time="0.05" />
  <testcase classname="ptolemy.util.test.junit.AutoTests" name="[221] /home/travis/build/icyphy/ptII/ptolemy/actor/lib/test/auto/MaxIndex.xml (RunModel)" time="0.014" />
  <testcase classname="ptolemy.util.test.junit.AutoTests" name="[222] /home/travis/build/icyphy/ptII/ptolemy/actor/lib/test/auto/Maximum.xml (RunModel)" time="0.014" />
  <testcase classname="ptolemy.util.test.junit.AutoTests" name="[223] /home/travis/build/icyphy/ptII/ptolemy/actor/lib/test/auto/MaximumComplex.xml (RunModel)" time="0.018" />
  <testcase classname="ptolemy.util.test.junit.AutoTests" name="[224] /home/travis/build/icyphy/ptII/ptolemy/actor/lib/test/auto/MethodCallTest.xml (RunModel)" time="0.026" />
  <testcase classname="ptolemy.util.test.junit.AutoTests" name="[225] /home/travis/build/icyphy/ptII/ptolemy/actor/lib/test/auto/Minimum.xml (RunModel)" time="0.015" />
  <testcase classname="ptolemy.util.test.junit.AutoTests" name="[226] /home/travis/build/icyphy/ptII/ptolemy/actor/lib/test/auto/MinimumComplex.xml (RunModel)" time="0.024" />
  <testcase classname="ptolemy.util.test.junit.AutoTests" name="[227] /home/travis/build/icyphy/ptII/ptolemy/actor/lib/test/auto/MinimumMultiports.xml (RunModel)" time="0.024" />
  <testcase classname="ptolemy.util.test.junit.AutoTests" name="[228] /home/travis/build/icyphy/ptII/ptolemy/actor/lib/test/auto/ModifyDate.xml (RunModel)" time="0.044" />
  <testcase classname="ptolemy.util.test.junit.AutoTests" name="[229] /home/travis/build/icyphy/ptII/ptolemy/actor/lib/test/auto/ModifyDate2.xml (RunModel)" time="0.029" />
  <testcase classname="ptolemy.util.test.junit.AutoTests" name="[230] /home/travis/build/icyphy/ptII/ptolemy/actor/lib/test/auto/MovingAverage.xml (RunModel)" time="0.012" />
  <testcase classname="ptolemy.util.test.junit.AutoTests" name="[231] /home/travis/build/icyphy/ptII/ptolemy/actor/lib/test/auto/MovingMaximum.xml (RunModel)" time="0.013" />
  <testcase classname="ptolemy.util.test.junit.AutoTests" name="[232] /home/travis/build/icyphy/ptII/ptolemy/actor/lib/test/auto/MultipleLinksToSameRelation.xml (RunModel)" time="0.01" />
  <testcase classname="ptolemy.util.test.junit.AutoTests" name="[233] /home/travis/build/icyphy/ptII/ptolemy/actor/lib/test/auto/MultipleLinksToSameRelationDE.xml (RunModel)" time="0.01" />
  <testcase classname="ptolemy.util.test.junit.AutoTests" name="[234] /home/travis/build/icyphy/ptII/ptolemy/actor/lib/test/auto/Multiplexor.xml (RunModel)" time="0.018" />
  <testcase classname="ptolemy.util.test.junit.AutoTests" name="[235] /home/travis/build/icyphy/ptII/ptolemy/actor/lib/test/auto/Multiplexor1.xml (RunModel)" time="0.013" />
  <testcase classname="ptolemy.util.test.junit.AutoTests" name="[236] /home/travis/build/icyphy/ptII/ptolemy/actor/lib/test/auto/Multiplexor2.xml (RunModel)" time="0.019" />
  <testcase classname="ptolemy.util.test.junit.AutoTests" name="[237] /home/travis/build/icyphy/ptII/ptolemy/actor/lib/test/auto/Multiplexor3.xml (RunModel)" time="0.011" />
  <testcase classname="ptolemy.util.test.junit.AutoTests" name="[238] /home/travis/build/icyphy/ptII/ptolemy/actor/lib/test/auto/MultiplexorDE.xml (RunModel)" time="0.019" />
  <testcase classname="ptolemy.util.test.junit.AutoTests" name="[239] /home/travis/build/icyphy/ptII/ptolemy/actor/lib/test/auto/MultiportBroadcastTest.xml (RunModel)" time="0.101" />
  <testcase classname="ptolemy.util.test.junit.AutoTests" name="[240] /home/travis/build/icyphy/ptII/ptolemy/actor/lib/test/auto/MultiportOutHangDuringGetWidth.xml (RunModel)" time="0.037" />
  <testcase classname="ptolemy.util.test.junit.AutoTests" name="[241] /home/travis/build/icyphy/ptII/ptolemy/actor/lib/test/auto/NilToken.xml (RunModel)" time="0.017" />
  <testcase classname="ptolemy.util.test.junit.AutoTests" name="[242] /home/travis/build/icyphy/ptII/ptolemy/actor/lib/test/auto/NilTokenNonStrictTest.xml (RunModel)" time="0.016" />
  <testcase classname="ptolemy.util.test.junit.AutoTests" name="[243] /home/travis/build/icyphy/ptII/ptolemy/actor/lib/test/auto/NilTokenRecord.xml (RunModel)" time="0.023" />
  <testcase classname="ptolemy.util.test.junit.AutoTests" name="[244] /home/travis/build/icyphy/ptII/ptolemy/actor/lib/test/auto/NilTokenTypeTest.xml (RunModel)" time="0.054" />
  <testcase classname="ptolemy.util.test.junit.AutoTests" name="[245] /home/travis/build/icyphy/ptII/ptolemy/actor/lib/test/auto/ObjectToken1.xml (RunModel)" time="0.008" />
  <testcase classname="ptolemy.util.test.junit.AutoTests" name="[246] /home/travis/build/icyphy/ptII/ptolemy/actor/lib/test/auto/OrderedMerge.xml (RunModel)" time="0.019" />
  <testcase classname="ptolemy.util.test.junit.AutoTests" name="[247] /home/travis/build/icyphy/ptII/ptolemy/actor/lib/test/auto/OrderedRecordDisassembler.xml (RunModel)" time="0.014" />
  <testcase classname="ptolemy.util.test.junit.AutoTests" name="[248] /home/travis/build/icyphy/ptII/ptolemy/actor/lib/test/auto/OrderedRecordDisassembler2.xml (RunModel)" time="0.019" />
  <testcase classname="ptolemy.util.test.junit.AutoTests" name="[249] /home/travis/build/icyphy/ptII/ptolemy/actor/lib/test/auto/OrderedRecordUpdater.xml (RunModel)" time="0.01" />
  <testcase classname="ptolemy.util.test.junit.AutoTests" name="[250] /home/travis/build/icyphy/ptII/ptolemy/actor/lib/test/auto/OrderedRecordUpdater2.xml (RunModel)" time="0.019" />
  <testcase classname="ptolemy.util.test.junit.AutoTests" name="[251] /home/travis/build/icyphy/ptII/ptolemy/actor/lib/test/auto/PhaseUnwrap.xml (RunModel)" time="0.011" />
  <testcase classname="ptolemy.util.test.junit.AutoTests" name="[252] /home/travis/build/icyphy/ptII/ptolemy/actor/lib/test/auto/PoissonClock.xml (RunModel)" time="0.01" />
  <testcase classname="ptolemy.util.test.junit.AutoTests" name="[253] /home/travis/build/icyphy/ptII/ptolemy/actor/lib/test/auto/PoissonClock2.xml (RunModel)" time="0.007" />
  <testcase classname="ptolemy.util.test.junit.AutoTests" name="[254] /home/travis/build/icyphy/ptII/ptolemy/actor/lib/test/auto/PoissonClock3.xml (RunModel)" time="0.015" />
  <testcase classname="ptolemy.util.test.junit.AutoTests" name="[255] /home/travis/build/icyphy/ptII/ptolemy/actor/lib/test/auto/PubSubWithInitialTokens.xml (RunModel)" time="0.018" />
  <testcase classname="ptolemy.util.test.junit.AutoTests" name="[256] /home/travis/build/icyphy/ptII/ptolemy/actor/lib/test/auto/PubSubWithInitialTokens2.xml (RunModel)" time="0.011" />
  <testcase classname="ptolemy.util.test.junit.AutoTests" name="[257] /home/travis/build/icyphy/ptII/ptolemy/actor/lib/test/auto/PublisherClassNoParameter.xml (RunModel)" time="0.021" />
  <testcase classname="ptolemy.util.test.junit.AutoTests" name="[258] /home/travis/build/icyphy/ptII/ptolemy/actor/lib/test/auto/PublisherClassParameter.xml (RunModel)" time="0.02" />
  <testcase classname="ptolemy.util.test.junit.AutoTests" name="[259] /home/travis/build/icyphy/ptII/ptolemy/actor/lib/test/auto/PublisherNonStrictTest.xml (RunModel)" time="0.018" />
  <testcase classname="ptolemy.util.test.junit.AutoTests" name="[260] /home/travis/build/icyphy/ptII/ptolemy/actor/lib/test/auto/PublisherPort1.xml (RunModel)" time="0.014" />
  <testcase classname="ptolemy.util.test.junit.AutoTests" name="[261] /home/travis/build/icyphy/ptII/ptolemy/actor/lib/test/auto/PublisherPort2.xml (RunModel)" time="0.009" />
  <testcase classname="ptolemy.util.test.junit.AutoTests" name="[262] /home/travis/build/icyphy/ptII/ptolemy/actor/lib/test/auto/PublisherPort3.xml (RunModel)" time="0.023" />
  <testcase classname="ptolemy.util.test.junit.AutoTests" name="[263] /home/travis/build/icyphy/ptII/ptolemy/actor/lib/test/auto/PublisherPort4.xml (RunModel)" time="0.017" />
  <testcase classname="ptolemy.util.test.junit.AutoTests" name="[264] /home/travis/build/icyphy/ptII/ptolemy/actor/lib/test/auto/PublisherPort5.xml (RunModel)" time="0.016" />
  <testcase classname="ptolemy.util.test.junit.AutoTests" name="[265] /home/travis/build/icyphy/ptII/ptolemy/actor/lib/test/auto/PublisherPort5LookAlike.xml (RunModel)" time="0.017" />
  <testcase classname="ptolemy.util.test.junit.AutoTests" name="[266] /home/travis/build/icyphy/ptII/ptolemy/actor/lib/test/auto/PublisherPort6.xml (RunModel)" time="0.012" />
  <testcase classname="ptolemy.util.test.junit.AutoTests" name="[267] /home/travis/build/icyphy/ptII/ptolemy/actor/lib/test/auto/PublisherPort7.xml (RunModel)" time="0.015" />
  <testcase classname="ptolemy.util.test.junit.AutoTests" name="[268] /home/travis/build/icyphy/ptII/ptolemy/actor/lib/test/auto/PublisherPort8.xml (RunModel)" time="0.015" />
  <testcase classname="ptolemy.util.test.junit.AutoTests" name="[269] /home/travis/build/icyphy/ptII/ptolemy/actor/lib/test/auto/PublisherPortSubscriberChannelVariablesAOC2.xml (RunModel)" time="0.033" />
  <testcase classname="ptolemy.util.test.junit.AutoTests" name="[270] /home/travis/build/icyphy/ptII/ptolemy/actor/lib/test/auto/PublisherPortSubscriberOpaqueWidthInference.xml (RunModel)" time="0.017" />
  <testcase classname="ptolemy.util.test.junit.AutoTests" name="[271] /home/travis/build/icyphy/ptII/ptolemy/actor/lib/test/auto/PublisherPortSubscriberPortAdjacent.xml (RunModel)" time="0.018" />
  <testcase classname="ptolemy.util.test.junit.AutoTests" name="[272] /home/travis/build/icyphy/ptII/ptolemy/actor/lib/test/auto/PublisherPortSubscriberPortExpression.xml (RunModel)" time="0.015" />
  <testcase classname="ptolemy.util.test.junit.AutoTests" name="[273] /home/travis/build/icyphy/ptII/ptolemy/actor/lib/test/auto/PublisherPortSubscriberPortOpaqueD3Reverse.xml (RunModel)" time="0.037" />
  <testcase classname="ptolemy.util.test.junit.AutoTests" name="[274] /home/travis/build/icyphy/ptII/ptolemy/actor/lib/test/auto/PublisherPortSubscriberPortOpaqueWidthInference.xml (RunModel)" time="0.033" />
  <testcase classname="ptolemy.util.test.junit.AutoTests" name="[275] /home/travis/build/icyphy/ptII/ptolemy/actor/lib/test/auto/PublisherPortToplevelSubscriberPortAOC.xml (RunModel)" time="0.011" />
  <testcase classname="ptolemy.util.test.junit.AutoTests" name="[276] /home/travis/build/icyphy/ptII/ptolemy/actor/lib/test/auto/PublisherSubscriber.xml (RunModel)" time="0.021" />
  <testcase classname="ptolemy.util.test.junit.AutoTests" name="[277] /home/travis/build/icyphy/ptII/ptolemy/actor/lib/test/auto/PublisherSubscriber10.xml (RunModel)" time="0.019" />
  <testcase classname="ptolemy.util.test.junit.AutoTests" name="[278] /home/travis/build/icyphy/ptII/ptolemy/actor/lib/test/auto/PublisherSubscriber10InitialOutputs.xml (RunModel)" time="0.019" />
  <testcase classname="ptolemy.util.test.junit.AutoTests" name="[279] /home/travis/build/icyphy/ptII/ptolemy/actor/lib/test/auto/PublisherSubscriber11.xml (RunModel)" time="0.011" />
  <testcase classname="ptolemy.util.test.junit.AutoTests" name="[280] /home/travis/build/icyphy/ptII/ptolemy/actor/lib/test/auto/PublisherSubscriber12.xml (RunModel)" time="0.012" />
  <testcase classname="ptolemy.util.test.junit.AutoTests" name="[281] /home/travis/build/icyphy/ptII/ptolemy/actor/lib/test/auto/PublisherSubscriber13.xml (RunModel)" time="0.01" />
  <testcase classname="ptolemy.util.test.junit.AutoTests" name="[282] /home/travis/build/icyphy/ptII/ptolemy/actor/lib/test/auto/PublisherSubscriber14.xml (RunModel)" time="0.019" />
  <testcase classname="ptolemy.util.test.junit.AutoTests" name="[283] /home/travis/build/icyphy/ptII/ptolemy/actor/lib/test/auto/PublisherSubscriber2.xml (RunModel)" time="0.009" />
  <testcase classname="ptolemy.util.test.junit.AutoTests" name="[284] /home/travis/build/icyphy/ptII/ptolemy/actor/lib/test/auto/PublisherSubscriber3.xml (RunModel)" time="0.01" />
  <testcase classname="ptolemy.util.test.junit.AutoTests" name="[285] /home/travis/build/icyphy/ptII/ptolemy/actor/lib/test/auto/PublisherSubscriber4.xml (RunModel)" time="0.009" />
  <testcase classname="ptolemy.util.test.junit.AutoTests" name="[286] /home/travis/build/icyphy/ptII/ptolemy/actor/lib/test/auto/PublisherSubscriber5.xml (RunModel)" time="0.012" />
  <testcase classname="ptolemy.util.test.junit.AutoTests" name="[287] /home/travis/build/icyphy/ptII/ptolemy/actor/lib/test/auto/PublisherSubscriber6.xml (RunModel)" time="0.015" />
  <testcase classname="ptolemy.util.test.junit.AutoTests" name="[288] /home/travis/build/icyphy/ptII/ptolemy/actor/lib/test/auto/PublisherSubscriber7.xml (RunModel)" time="0.017" />
  <testcase classname="ptolemy.util.test.junit.AutoTests" name="[289] /home/travis/build/icyphy/ptII/ptolemy/actor/lib/test/auto/PublisherSubscriber8.xml (RunModel)" time="0.026" />
  <testcase classname="ptolemy.util.test.junit.AutoTests" name="[290] /home/travis/build/icyphy/ptII/ptolemy/actor/lib/test/auto/PublisherSubscriber9.xml (RunModel)" time="0.018" />
  <testcase classname="ptolemy.util.test.junit.AutoTests" name="[291] /home/travis/build/icyphy/ptII/ptolemy/actor/lib/test/auto/PublisherSubscriberAdjacent.xml (RunModel)" time="0.015" />
  <testcase classname="ptolemy.util.test.junit.AutoTests" name="[292] /home/travis/build/icyphy/ptII/ptolemy/actor/lib/test/auto/PublisherSubscriberChannelVariablesAOC2.xml (RunModel)" time="0.025" />
  <testcase classname="ptolemy.util.test.junit.AutoTests" name="[293] /home/travis/build/icyphy/ptII/ptolemy/actor/lib/test/auto/PublisherSubscriberD3.xml (RunModel)" time="0.013" />
  <testcase classname="ptolemy.util.test.junit.AutoTests" name="[294] /home/travis/build/icyphy/ptII/ptolemy/actor/lib/test/auto/PublisherSubscriberD3Reverse.xml (RunModel)" time="0.01" />
  <testcase classname="ptolemy.util.test.junit.AutoTests" name="[295] /home/travis/build/icyphy/ptII/ptolemy/actor/lib/test/auto/PublisherSubscriberExpression.xml (RunModel)" time="0.017" />
  <testcase classname="ptolemy.util.test.junit.AutoTests" name="[296] /home/travis/build/icyphy/ptII/ptolemy/actor/lib/test/auto/PublisherSubscriberOpaque.xml (RunModel)" time="0.014" />
  <testcase classname="ptolemy.util.test.junit.AutoTests" name="[297] /home/travis/build/icyphy/ptII/ptolemy/actor/lib/test/auto/PublisherSubscriberOpaqueD3.xml (RunModel)" time="0.02" />
  <testcase classname="ptolemy.util.test.junit.AutoTests" name="[298] /home/travis/build/icyphy/ptII/ptolemy/actor/lib/test/auto/PublisherSubscriberOpaqueD3Reverse.xml (RunModel)" time="0.017" />
  <testcase classname="ptolemy.util.test.junit.AutoTests" name="[299] /home/travis/build/icyphy/ptII/ptolemy/actor/lib/test/auto/PublisherSubscriberOpaqueWidthInference.xml (RunModel)" time="0.017" />
  <testcase classname="ptolemy.util.test.junit.AutoTests" name="[300] /home/travis/build/icyphy/ptII/ptolemy/actor/lib/test/auto/PublisherTestSubscriber.xml (RunModel)" time="0.016" />
  <testcase classname="ptolemy.util.test.junit.AutoTests" name="[301] /home/travis/build/icyphy/ptII/ptolemy/actor/lib/test/auto/PublisherToplevelSubscriberPortAOC.xml (RunModel)" time="0.011" />
  <testcase classname="ptolemy.util.test.junit.AutoTests" name="[302] /home/travis/build/icyphy/ptII/ptolemy/actor/lib/test/auto/PulseFiringLimitDE.xml (RunModel)" time="0.013" />
  <testcase classname="ptolemy.util.test.junit.AutoTests" name="[303] /home/travis/build/icyphy/ptII/ptolemy/actor/lib/test/auto/Ramp1.xml (RunModel)" time="0.007" />
  <testcase classname="ptolemy.util.test.junit.AutoTests" name="[304] /home/travis/build/icyphy/ptII/ptolemy/actor/lib/test/auto/RampFiringLimitDE.xml (RunModel)" time="0.011" />
  <testcase classname="ptolemy.util.test.junit.AutoTests" name="[305] /home/travis/build/icyphy/ptII/ptolemy/actor/lib/test/auto/RampFiringLimitSDF.xml (RunModel)" time="0.01" />
  <testcase classname="ptolemy.util.test.junit.AutoTests" name="[306] /home/travis/build/icyphy/ptII/ptolemy/actor/lib/test/auto/RandomInteger.xml (RunModel)" time="0.009" />
  <testcase classname="ptolemy.util.test.junit.AutoTests" name="[307] /home/travis/build/icyphy/ptII/ptolemy/actor/lib/test/auto/ReadFile1.xml (RunModel)" time="0.009" />
  <testcase classname="ptolemy.util.test.junit.AutoTests" name="[308] /home/travis/build/icyphy/ptII/ptolemy/actor/lib/test/auto/ReadFile2.xml (RunModel)" time="0.008" />
  <testcase classname="ptolemy.util.test.junit.AutoTests" name="[309] /home/travis/build/icyphy/ptII/ptolemy/actor/lib/test/auto/Reader.xml (RunModel)" time="0.012" />
  <testcase classname="ptolemy.util.test.junit.AutoTests" name="[310] /home/travis/build/icyphy/ptII/ptolemy/actor/lib/test/auto/RecordAssemblerDisplayNameTest.xml (RunModel)" time="2.909" />
  <testcase classname="ptolemy.util.test.junit.AutoTests" name="[311] /home/travis/build/icyphy/ptII/ptolemy/actor/lib/test/auto/RecordAssemblerTypeError.xml (RunModel)" time="0.043" />
  <testcase classname="ptolemy.util.test.junit.AutoTests" name="[312] /home/travis/build/icyphy/ptII/ptolemy/actor/lib/test/auto/RecordDisassember.xml (RunModel)" time="0.015" />
  <testcase classname="ptolemy.util.test.junit.AutoTests" name="[313] /home/travis/build/icyphy/ptII/ptolemy/actor/lib/test/auto/RecordDisassemberDisplayNameTest.xml (RunModel)" time="0.025" />
  <testcase classname="ptolemy.util.test.junit.AutoTests" name="[314] /home/travis/build/icyphy/ptII/ptolemy/actor/lib/test/auto/RecordDisassembler.xml (RunModel)" time="0.012" />
  <testcase classname="ptolemy.util.test.junit.AutoTests" name="[315] /home/travis/build/icyphy/ptII/ptolemy/actor/lib/test/auto/RecordDisassembler2.xml (RunModel)" time="0.012" />
  <testcase classname="ptolemy.util.test.junit.AutoTests" name="[316] /home/travis/build/icyphy/ptII/ptolemy/actor/lib/test/auto/RecordUpdater.xml (RunModel)" time="0.013" />
  <testcase classname="ptolemy.util.test.junit.AutoTests" name="[317] /home/travis/build/icyphy/ptII/ptolemy/actor/lib/test/auto/RecordUpdater2.xml (RunModel)" time="0.01" />
  <testcase classname="ptolemy.util.test.junit.AutoTests" name="[318] /home/travis/build/icyphy/ptII/ptolemy/actor/lib/test/auto/RecursiveLattice.xml (RunModel)" time="0.009" />
  <testcase classname="ptolemy.util.test.junit.AutoTests" name="[319] /home/travis/build/icyphy/ptII/ptolemy/actor/lib/test/auto/Router.xml (RunModel)" time="3.026" />
  <testcase classname="ptolemy.util.test.junit.AutoTests" name="[320] /home/travis/build/icyphy/ptII/ptolemy/actor/lib/test/auto/Router2.xml (RunModel)" time="3.02" />
  <testcase classname="ptolemy.util.test.junit.AutoTests" name="[321] /home/travis/build/icyphy/ptII/ptolemy/actor/lib/test/auto/RunningMaximum.xml (RunModel)" time="0.012" />
  <testcase classname="ptolemy.util.test.junit.AutoTests" name="[322] /home/travis/build/icyphy/ptII/ptolemy/actor/lib/test/auto/RunningMinimum.xml (RunModel)" time="0.014" />
  <testcase classname="ptolemy.util.test.junit.AutoTests" name="[323] /home/travis/build/icyphy/ptII/ptolemy/actor/lib/test/auto/Scale.xml (RunModel)" time="0.008" />
  <testcase classname="ptolemy.util.test.junit.AutoTests" name="[324] /home/travis/build/icyphy/ptII/ptolemy/actor/lib/test/auto/Scale2.xml (RunModel)" time="0.01" />
  <testcase classname="ptolemy.util.test.junit.AutoTests" name="[325] /home/travis/build/icyphy/ptII/ptolemy/actor/lib/test/auto/Scale3.xml (RunModel)" time="0.021" />
  <testcase classname="ptolemy.util.test.junit.AutoTests" name="[326] /home/travis/build/icyphy/ptII/ptolemy/actor/lib/test/auto/ScaleArray.xml (RunModel)" time="0.009" />
  <testcase classname="ptolemy.util.test.junit.AutoTests" name="[327] /home/travis/build/icyphy/ptII/ptolemy/actor/lib/test/auto/ScaleArray2.xml (RunModel)" time="0.008" />
  <testcase classname="ptolemy.util.test.junit.AutoTests" name="[328] /home/travis/build/icyphy/ptII/ptolemy/actor/lib/test/auto/ScaleMatrix.xml (RunModel)" time="0.139" />
  <testcase classname="ptolemy.util.test.junit.AutoTests" name="[329] /home/travis/build/icyphy/ptII/ptolemy/actor/lib/test/auto/Select.xml (RunModel)" time="0.015" />
  <testcase classname="ptolemy.util.test.junit.AutoTests" name="[330] /home/travis/build/icyphy/ptII/ptolemy/actor/lib/test/auto/Select2.xml (RunModel)" time="0.009" />
  <testcase classname="ptolemy.util.test.junit.AutoTests" name="[331] /home/travis/build/icyphy/ptII/ptolemy/actor/lib/test/auto/SequenceToArray2.xml (RunModel)" time="0.126" />
  <testcase classname="ptolemy.util.test.junit.AutoTests" name="[332] /home/travis/build/icyphy/ptII/ptolemy/actor/lib/test/auto/SequentialClock.xml (RunModel)" time="0.009" />
  <testcase classname="ptolemy.util.test.junit.AutoTests" name="[333] /home/travis/build/icyphy/ptII/ptolemy/actor/lib/test/auto/SetVariable.xml (RunModel)" time="0.01" />
  <testcase classname="ptolemy.util.test.junit.AutoTests" name="[334] /home/travis/build/icyphy/ptII/ptolemy/actor/lib/test/auto/SetVariable2.xml (RunModel)" time="0.009" />
  <testcase classname="ptolemy.util.test.junit.AutoTests" name="[335] /home/travis/build/icyphy/ptII/ptolemy/actor/lib/test/auto/SetVariable3.xml (RunModel)" time="0.017" />
  <testcase classname="ptolemy.util.test.junit.AutoTests" name="[336] /home/travis/build/icyphy/ptII/ptolemy/actor/lib/test/auto/SetVariable4.xml (RunModel)" time="0.031" />
  <testcase classname="ptolemy.util.test.junit.AutoTests" name="[337] /home/travis/build/icyphy/ptII/ptolemy/actor/lib/test/auto/SetVariable5.xml (RunModel)" time="0.033" />
  <testcase classname="ptolemy.util.test.junit.AutoTests" name="[338] /home/travis/build/icyphy/ptII/ptolemy/actor/lib/test/auto/Sinewave.xml (RunModel)" time="0.031" />
  <testcase classname="ptolemy.util.test.junit.AutoTests" name="[339] /home/travis/build/icyphy/ptII/ptolemy/actor/lib/test/auto/Sinewave2.xml (RunModel)" time="0.018" />
  <testcase classname="ptolemy.util.test.junit.AutoTests" name="[340] /home/travis/build/icyphy/ptII/ptolemy/actor/lib/test/auto/Sinewave3.xml (RunModel)" time="0.024" />
  <testcase classname="ptolemy.util.test.junit.AutoTests" name="[341] /home/travis/build/icyphy/ptII/ptolemy/actor/lib/test/auto/SingleEvent.xml (RunModel)" time="0.007" />
  <testcase classname="ptolemy.util.test.junit.AutoTests" name="[342] /home/travis/build/icyphy/ptII/ptolemy/actor/lib/test/auto/Sleep.xml (RunModel)" time="6.014" />
  <testcase classname="ptolemy.util.test.junit.AutoTests" name="[343] /home/travis/build/icyphy/ptII/ptolemy/actor/lib/test/auto/SleepMultipleFire.xml (RunModel)" time="1.017" />
  <testcase classname="ptolemy.util.test.junit.AutoTests" name="[344] /home/travis/build/icyphy/ptII/ptolemy/actor/lib/test/auto/StopDE.xml (RunModel)" time="0.013" />
  <testcase classname="ptolemy.util.test.junit.AutoTests" name="[345] /home/travis/build/icyphy/ptII/ptolemy/actor/lib/test/auto/StopSDF.xml (RunModel)" time="0.012" />
  <testcase classname="ptolemy.util.test.junit.AutoTests" name="[346] /home/travis/build/icyphy/ptII/ptolemy/actor/lib/test/auto/StringConstant.xml (RunModel)" time="0.009" />
  <testcase classname="ptolemy.util.test.junit.AutoTests" name="[347] /home/travis/build/icyphy/ptII/ptolemy/actor/lib/test/auto/SubscriberPortInitialValues1.xml (RunModel)" time="0.018" />
  <testcase classname="ptolemy.util.test.junit.AutoTests" name="[348] /home/travis/build/icyphy/ptII/ptolemy/actor/lib/test/auto/SubscriberPortInitialValues13.xml (RunModel)" time="0.023" />
  <testcase classname="ptolemy.util.test.junit.AutoTests" name="[349] /home/travis/build/icyphy/ptII/ptolemy/actor/lib/test/auto/SubscriberPortInitialValues14.xml (RunModel)" time="0.015" />
  <testcase classname="ptolemy.util.test.junit.AutoTests" name="[350] /home/travis/build/icyphy/ptII/ptolemy/actor/lib/test/auto/SubscriberPortInitialValues2.xml (RunModel)" time="0.015" />
  <testcase classname="ptolemy.util.test.junit.AutoTests" name="[351] /home/travis/build/icyphy/ptII/ptolemy/actor/lib/test/auto/SubscriberPortInitialValues3.xml (RunModel)" time="0.018" />
  <testcase classname="ptolemy.util.test.junit.AutoTests" name="[352] /home/travis/build/icyphy/ptII/ptolemy/actor/lib/test/auto/SubscriptionAggregator.xml (RunModel)" time="0.011" />
  <testcase classname="ptolemy.util.test.junit.AutoTests" name="[353] /home/travis/build/icyphy/ptII/ptolemy/actor/lib/test/auto/SubscriptionAggregator2.xml (RunModel)" time="0.012" />
  <testcase classname="ptolemy.util.test.junit.AutoTests" name="[354] /home/travis/build/icyphy/ptII/ptolemy/actor/lib/test/auto/SubscriptionAggregator3.xml (RunModel)" time="0.015" />
  <testcase classname="ptolemy.util.test.junit.AutoTests" name="[355] /home/travis/build/icyphy/ptII/ptolemy/actor/lib/test/auto/SubscriptionAggregatorMultiply.xml (RunModel)" time="0.015" />
  <testcase classname="ptolemy.util.test.junit.AutoTests" name="[356] /home/travis/build/icyphy/ptII/ptolemy/actor/lib/test/auto/SubscriptionAggregatorPortMultiply1.xml (RunModel)" time="0.014" />
  <testcase classname="ptolemy.util.test.junit.AutoTests" name="[357] /home/travis/build/icyphy/ptII/ptolemy/actor/lib/test/auto/Switch.xml (RunModel)" time="0.013" />
  <testcase classname="ptolemy.util.test.junit.AutoTests" name="[358] /home/travis/build/icyphy/ptII/ptolemy/actor/lib/test/auto/Switch2.xml (RunModel)" time="0.014" />
  <testcase classname="ptolemy.util.test.junit.AutoTests" name="[359] /home/travis/build/icyphy/ptII/ptolemy/actor/lib/test/auto/SwitchDE.xml (RunModel)" time="0.013" />
  <testcase classname="ptolemy.util.test.junit.AutoTests" name="[360] /home/travis/build/icyphy/ptII/ptolemy/actor/lib/test/auto/SynchronizerDE.xml (RunModel)" time="0.018" />
  <testcase classname="ptolemy.util.test.junit.AutoTests" name="[361] /home/travis/build/icyphy/ptII/ptolemy/actor/lib/test/auto/Test.xml (RunModel)" time="0.009" />
  <testcase classname="ptolemy.util.test.junit.AutoTests" name="[362] /home/travis/build/icyphy/ptII/ptolemy/actor/lib/test/auto/TestExceptionAttribute1.xml (RunModel)" time="0.008" />
  <testcase classname="ptolemy.util.test.junit.AutoTests" name="[363] /home/travis/build/icyphy/ptII/ptolemy/actor/lib/test/auto/TestExceptionAttribute2.xml (RunModel)" time="0.007" />
  <testcase classname="ptolemy.util.test.junit.AutoTests" name="[364] /home/travis/build/icyphy/ptII/ptolemy/actor/lib/test/auto/TestExceptionAttribute3.xml (RunModel)" time="0.006" />
  <testcase classname="ptolemy.util.test.junit.AutoTests" name="[365] /home/travis/build/icyphy/ptII/ptolemy/actor/lib/test/auto/TestExceptionAttribute4.xml (RunModel)" time="0.007" />
  <testcase classname="ptolemy.util.test.junit.AutoTests" name="[366] /home/travis/build/icyphy/ptII/ptolemy/actor/lib/test/auto/TestExceptionHandler1.xml (RunModel)" time="0.006" />
  <testcase classname="ptolemy.util.test.junit.AutoTests" name="[367] /home/travis/build/icyphy/ptII/ptolemy/actor/lib/test/auto/TestExceptionHandler2.xml (RunModel)" time="0.006" />
  <testcase classname="ptolemy.util.test.junit.AutoTests" name="[368] /home/travis/build/icyphy/ptII/ptolemy/actor/lib/test/auto/TestExceptionHandler3.xml (RunModel)" time="0.006" />
  <testcase classname="ptolemy.util.test.junit.AutoTests" name="[369] /home/travis/build/icyphy/ptII/ptolemy/actor/lib/test/auto/TestExceptionHandler4.xml (RunModel)" time="0.006" />
  <testcase classname="ptolemy.util.test.junit.AutoTests" name="[370] /home/travis/build/icyphy/ptII/ptolemy/actor/lib/test/auto/TestRequireCorrectOrder.xml (RunModel)" time="0.009" />
  <testcase classname="ptolemy.util.test.junit.AutoTests" name="[371] /home/travis/build/icyphy/ptII/ptolemy/actor/lib/test/auto/TestSimple.xml (RunModel)" time="0.006" />
  <testcase classname="ptolemy.util.test.junit.AutoTests" name="[372] /home/travis/build/icyphy/ptII/ptolemy/actor/lib/test/auto/ThrowModelError.xml (RunModel)" time="0.01" />
  <testcase classname="ptolemy.util.test.junit.AutoTests" name="[373] /home/travis/build/icyphy/ptII/ptolemy/actor/lib/test/auto/TimeDelayMicrosteps.xml (RunModel)" time="0.013" />
  <testcase classname="ptolemy.util.test.junit.AutoTests" name="[374] /home/travis/build/icyphy/ptII/ptolemy/actor/lib/test/auto/TimeDelayMicrosteps2.xml (RunModel)" time="0.014" />
  <testcase classname="ptolemy.util.test.junit.AutoTests" name="[375] /home/travis/build/icyphy/ptII/ptolemy/actor/lib/test/auto/TimeDelayMicrosteps3.xml (RunModel)" time="0.011" />
  <testcase classname="ptolemy.util.test.junit.AutoTests" name="[376] /home/travis/build/icyphy/ptII/ptolemy/actor/lib/test/auto/TimeDelayVariableMicrosteps.xml (RunModel)" time="0.011" />
  <testcase classname="ptolemy.util.test.junit.AutoTests" name="[377] /home/travis/build/icyphy/ptII/ptolemy/actor/lib/test/auto/TimeGap.xml (RunModel)" time="0.013" />
  <testcase classname="ptolemy.util.test.junit.AutoTests" name="[378] /home/travis/build/icyphy/ptII/ptolemy/actor/lib/test/auto/TimeGap2.xml (RunModel)" time="0.012" />
  <testcase classname="ptolemy.util.test.junit.AutoTests" name="[379] /home/travis/build/icyphy/ptII/ptolemy/actor/lib/test/auto/TimedSinewave.xml (RunModel)" time="0.04" />
  <testcase classname="ptolemy.util.test.junit.AutoTests" name="[380] /home/travis/build/icyphy/ptII/ptolemy/actor/lib/test/auto/TimedSinewavePhase.xml (RunModel)" time="0.045" />
  <testcase classname="ptolemy.util.test.junit.AutoTests" name="[381] /home/travis/build/icyphy/ptII/ptolemy/actor/lib/test/auto/Timer.xml (RunModel)" time="0.019" />
  <testcase classname="ptolemy.util.test.junit.AutoTests" name="[382] /home/travis/build/icyphy/ptII/ptolemy/actor/lib/test/auto/TriangularDistTestModel.xml (RunModel)" time="0.016" />
  <testcase classname="ptolemy.util.test.junit.AutoTests" name="[383] /home/travis/build/icyphy/ptII/ptolemy/actor/lib/test/auto/TrigFunction.xml (RunModel)" time="0.01" />
  <testcase classname="ptolemy.util.test.junit.AutoTests" name="[384] /home/travis/build/icyphy/ptII/ptolemy/actor/lib/test/auto/TrigFunctionDE.xml (RunModel)" time="0.012" />
  <testcase classname="ptolemy.util.test.junit.AutoTests" name="[385] /home/travis/build/icyphy/ptII/ptolemy/actor/lib/test/auto/TrigFunctionInverse.xml (RunModel)" time="0.009" />
  <testcase classname="ptolemy.util.test.junit.AutoTests" name="[386] /home/travis/build/icyphy/ptII/ptolemy/actor/lib/test/auto/TrigFunctionTan.xml (RunModel)" time="0.007" />
  <testcase classname="ptolemy.util.test.junit.AutoTests" name="[387] /home/travis/build/icyphy/ptII/ptolemy/actor/lib/test/auto/TriggeredClock.xml (RunModel)" time="0.009" />
  <testcase classname="ptolemy.util.test.junit.AutoTests" name="[388] /home/travis/build/icyphy/ptII/ptolemy/actor/lib/test/auto/URLDirectoryReader.xml (RunModel)" time="0.082" />
  <testcase classname="ptolemy.util.test.junit.AutoTests" name="[389] /home/travis/build/icyphy/ptII/ptolemy/actor/lib/test/auto/URLDirectoryReader3.xml (RunModel)" time="1.375" />
  <testcase classname="ptolemy.util.test.junit.AutoTests" name="[390] /home/travis/build/icyphy/ptII/ptolemy/actor/lib/test/auto/UnaryMathFunction.xml (RunModel)" time="0.026" />
  <testcase classname="ptolemy.util.test.junit.AutoTests" name="[391] /home/travis/build/icyphy/ptII/ptolemy/actor/lib/test/auto/Uniform.xml (RunModel)" time="0.013" />
  <testcase classname="ptolemy.util.test.junit.AutoTests" name="[392] /home/travis/build/icyphy/ptII/ptolemy/actor/lib/test/auto/UnionDisassemblerTest.xml (RunModel)" time="0.011" />
  <testcase classname="ptolemy.util.test.junit.AutoTests" name="[393] /home/travis/build/icyphy/ptII/ptolemy/actor/lib/test/auto/UtilityFunctions.xml (RunModel)" time="0.031" />
  <testcase classname="ptolemy.util.test.junit.AutoTests" name="[394] /home/travis/build/icyphy/ptII/ptolemy/actor/lib/test/auto/VariableSleep.xml (RunModel)" time="0.535" />
  <testcase classname="ptolemy.util.test.junit.AutoTests" name="[395] /home/travis/build/icyphy/ptII/ptolemy/actor/lib/test/auto/VectorAssemblerDisassemblerCT.xml (RunModel)" time="0.148" />
  <testcase classname="ptolemy.util.test.junit.AutoTests" name="[396] /home/travis/build/icyphy/ptII/ptolemy/actor/lib/test/auto/VectorAssemblerDisassemblerDE.xml (RunModel)" time="0.016" />
  <testcase classname="ptolemy.util.test.junit.AutoTests" name="[397] /home/travis/build/icyphy/ptII/ptolemy/actor/lib/test/auto/VectorAssemblerDisassemblerSDF.xml (RunModel)" time="0.014" />
  <testcase classname="ptolemy.util.test.junit.AutoTests" name="[398] /home/travis/build/icyphy/ptII/ptolemy/actor/lib/test/auto/WallClockTime.xml (RunModel)" time="1.016" />
  <testcase classname="ptolemy.util.test.junit.AutoTests" name="[399] /home/travis/build/icyphy/ptII/ptolemy/actor/lib/test/auto/WidthTestWithSubscriberPublisher.xml (RunModel)" time="0.056" />
  <testcase classname="ptolemy.util.test.junit.AutoTests" name="[400] /home/travis/build/icyphy/ptII/ptolemy/actor/lib/test/auto/WidthTestWithSubscriberPublisher2.xml (RunModel)" time="0.016" />
  <testcase classname="ptolemy.util.test.junit.AutoTests" name="[401] /home/travis/build/icyphy/ptII/ptolemy/actor/lib/test/auto/WidthTestWithSubscriberPublisher3.xml (RunModel)" time="0.029" />
  <testcase classname="ptolemy.util.test.junit.AutoTests" name="[402] /home/travis/build/icyphy/ptII/ptolemy/actor/lib/test/auto/Writer.xml (RunModel)" time="0.01" />
  <testcase classname="ptolemy.util.test.junit.AutoTests" name="[403] /home/travis/build/icyphy/ptII/ptolemy/actor/lib/test/auto/array.xml (RunModel)" time="0.011" />
  <testcase classname="ptolemy.util.test.junit.AutoTests" name="[404] /home/travis/build/icyphy/ptII/ptolemy/actor/lib/test/auto/array2.xml (RunModel)" time="0.015" />
  <testcase classname="ptolemy.util.test.junit.AutoTests" name="[405] /home/travis/build/icyphy/ptII/ptolemy/actor/lib/test/auto/arrayType.xml (RunModel)" time="0.017" />
  <testcase classname="ptolemy.util.test.junit.AutoTests" name="[406] /home/travis/build/icyphy/ptII/ptolemy/actor/lib/test/auto/arrayType10.xml (RunModel)" time="0.011" />
  <testcase classname="ptolemy.util.test.junit.AutoTests" name="[407] /home/travis/build/icyphy/ptII/ptolemy/actor/lib/test/auto/arrayType11.xml (RunModel)" time="0.01" />
  <testcase classname="ptolemy.util.test.junit.AutoTests" name="[408] /home/travis/build/icyphy/ptII/ptolemy/actor/lib/test/auto/arrayType12.xml (RunModel)" time="0.011" />
  <testcase classname="ptolemy.util.test.junit.AutoTests" name="[409] /home/travis/build/icyphy/ptII/ptolemy/actor/lib/test/auto/arrayType13.xml (RunModel)" time="0.01" />
  <testcase classname="ptolemy.util.test.junit.AutoTests" name="[410] /home/travis/build/icyphy/ptII/ptolemy/actor/lib/test/auto/arrayType14.xml (RunModel)" time="0.011" />
  <testcase classname="ptolemy.util.test.junit.AutoTests" name="[411] /home/travis/build/icyphy/ptII/ptolemy/actor/lib/test/auto/arrayType15.xml (RunModel)" time="0.01" />
  <testcase classname="ptolemy.util.test.junit.AutoTests" name="[412] /home/travis/build/icyphy/ptII/ptolemy/actor/lib/test/auto/arrayType16.xml (RunModel)" time="0.01" />
  <testcase classname="ptolemy.util.test.junit.AutoTests" name="[413] /home/travis/build/icyphy/ptII/ptolemy/actor/lib/test/auto/arrayType17.xml (RunModel)" time="0.011" />
  <testcase classname="ptolemy.util.test.junit.AutoTests" name="[414] /home/travis/build/icyphy/ptII/ptolemy/actor/lib/test/auto/arrayType18.xml (RunModel)" time="0.01" />
  <testcase classname="ptolemy.util.test.junit.AutoTests" name="[415] /home/travis/build/icyphy/ptII/ptolemy/actor/lib/test/auto/arrayType19.xml (RunModel)" time="0.01" />
  <testcase classname="ptolemy.util.test.junit.AutoTests" name="[416] /home/travis/build/icyphy/ptII/ptolemy/actor/lib/test/auto/arrayType2.xml (RunModel)" time="0.016" />
  <testcase classname="ptolemy.util.test.junit.AutoTests" name="[417] /home/travis/build/icyphy/ptII/ptolemy/actor/lib/test/auto/arrayType20.xml (RunModel)" time="0.01" />
  <testcase classname="ptolemy.util.test.junit.AutoTests" name="[418] /home/travis/build/icyphy/ptII/ptolemy/actor/lib/test/auto/arrayType21.xml (RunModel)" time="0.01" />
  <testcase classname="ptolemy.util.test.junit.AutoTests" name="[419] /home/travis/build/icyphy/ptII/ptolemy/actor/lib/test/auto/arrayType22.xml (RunModel)" time="0.01" />
  <testcase classname="ptolemy.util.test.junit.AutoTests" name="[420] /home/travis/build/icyphy/ptII/ptolemy/actor/lib/test/auto/arrayType23.xml (RunModel)" time="0.01" />
  <testcase classname="ptolemy.util.test.junit.AutoTests" name="[421] /home/travis/build/icyphy/ptII/ptolemy/actor/lib/test/auto/arrayType24.xml (RunModel)" time="0.012" />
  <testcase classname="ptolemy.util.test.junit.AutoTests" name="[422] /home/travis/build/icyphy/ptII/ptolemy/actor/lib/test/auto/arrayType25.xml (RunModel)" time="0.012" />
  <testcase classname="ptolemy.util.test.junit.AutoTests" name="[423] /home/travis/build/icyphy/ptII/ptolemy/actor/lib/test/auto/arrayType26.xml (RunModel)" time="0.011" />
  <testcase classname="ptolemy.util.test.junit.AutoTests" name="[424] /home/travis/build/icyphy/ptII/ptolemy/actor/lib/test/auto/arrayType27.xml (RunModel)" time="0.011" />
  <testcase classname="ptolemy.util.test.junit.AutoTests" name="[425] /home/travis/build/icyphy/ptII/ptolemy/actor/lib/test/auto/arrayType28.xml (RunModel)" time="0.014" />
  <testcase classname="ptolemy.util.test.junit.AutoTests" name="[426] /home/travis/build/icyphy/ptII/ptolemy/actor/lib/test/auto/arrayType3.xml (RunModel)" time="0.011" />
  <testcase classname="ptolemy.util.test.junit.AutoTests" name="[427] /home/travis/build/icyphy/ptII/ptolemy/actor/lib/test/auto/arrayType4.xml (RunModel)" time="0.012" />
  <testcase classname="ptolemy.util.test.junit.AutoTests" name="[428] /home/travis/build/icyphy/ptII/ptolemy/actor/lib/test/auto/arrayType5.xml (RunModel)" time="0.012" />
  <testcase classname="ptolemy.util.test.junit.AutoTests" name="[429] /home/travis/build/icyphy/ptII/ptolemy/actor/lib/test/auto/arrayType6.xml (RunModel)" time="0.01" />
  <testcase classname="ptolemy.util.test.junit.AutoTests" name="[430] /home/travis/build/icyphy/ptII/ptolemy/actor/lib/test/auto/arrayType7.xml (RunModel)" time="0.011" />
  <testcase classname="ptolemy.util.test.junit.AutoTests" name="[431] /home/travis/build/icyphy/ptII/ptolemy/actor/lib/test/auto/arrayType8.xml (RunModel)" time="0.013" />
  <testcase classname="ptolemy.util.test.junit.AutoTests" name="[432] /home/travis/build/icyphy/ptII/ptolemy/actor/lib/test/auto/arrayType9.xml (RunModel)" time="0.025" />
  <testcase classname="ptolemy.util.test.junit.AutoTests" name="[433] /home/travis/build/icyphy/ptII/ptolemy/actor/lib/test/auto/cast.xml (RunModel)" time="0.011" />
  <testcase classname="ptolemy.util.test.junit.AutoTests" name="[434] /home/travis/build/icyphy/ptII/ptolemy/actor/lib/test/auto/compositeMultiPort.xml (RunModel)" time="0.033" />
  <testcase classname="ptolemy.util.test.junit.AutoTests" name="[435] /home/travis/build/icyphy/ptII/ptolemy/actor/lib/test/auto/expressionCastInference.xml (RunModel)" time="0.013" />
  <testcase classname="ptolemy.util.test.junit.AutoTests" name="[436] /home/travis/build/icyphy/ptII/ptolemy/actor/lib/test/auto/expressionCastInference2.xml (RunModel)" time="0.009" />
  <testcase classname="ptolemy.util.test.junit.AutoTests" name="[437] /home/travis/build/icyphy/ptII/ptolemy/actor/lib/test/auto/expressionInference.xml (RunModel)" time="0.008" />
  <testcase classname="ptolemy.util.test.junit.AutoTests" name="[438] /home/travis/build/icyphy/ptII/ptolemy/actor/lib/test/auto/expression_bug.xml (RunModel)" time="0.008" />
  <testcase classname="ptolemy.util.test.junit.AutoTests" name="[439] /home/travis/build/icyphy/ptII/ptolemy/actor/lib/test/auto/factorial.xml (RunModel)" time="0.053" />
  <testcase classname="ptolemy.util.test.junit.AutoTests" name="[440] /home/travis/build/icyphy/ptII/ptolemy/actor/lib/test/auto/filterTest1.xml (RunModel)" time="0.013" />
  <testcase classname="ptolemy.util.test.junit.AutoTests" name="[441] /home/travis/build/icyphy/ptII/ptolemy/actor/lib/test/auto/funcApplyInConst.xml (RunModel)" time="0.008" />
  <testcase classname="ptolemy.util.test.junit.AutoTests" name="[442] /home/travis/build/icyphy/ptII/ptolemy/actor/lib/test/auto/funcApplyInExpr.xml (RunModel)" time="0.007" />
  <testcase classname="ptolemy.util.test.junit.AutoTests" name="[443] /home/travis/build/icyphy/ptII/ptolemy/actor/lib/test/auto/function.xml (RunModel)" time="0.014" />
  <testcase classname="ptolemy.util.test.junit.AutoTests" name="[444] /home/travis/build/icyphy/ptII/ptolemy/actor/lib/test/auto/function2.xml (RunModel)" time="0.009" />
  <testcase classname="ptolemy.util.test.junit.AutoTests" name="[445] /home/travis/build/icyphy/ptII/ptolemy/actor/lib/test/auto/function3.xml (RunModel)" time="0.007" />
  <testcase classname="ptolemy.util.test.junit.AutoTests" name="[446] /home/travis/build/icyphy/ptII/ptolemy/actor/lib/test/auto/functionClosureTest1.xml (RunModel)" time="0.013" />
  <testcase classname="ptolemy.util.test.junit.AutoTests" name="[447] /home/travis/build/icyphy/ptII/ptolemy/actor/lib/test/auto/functionClosureTest2.xml (RunModel)" time="0.006" />
  <testcase classname="ptolemy.util.test.junit.AutoTests" name="[448] /home/travis/build/icyphy/ptII/ptolemy/actor/lib/test/auto/functionClosureTest3.xml (RunModel)" time="0.009" />
  <testcase classname="ptolemy.util.test.junit.AutoTests" name="[449] /home/travis/build/icyphy/ptII/ptolemy/actor/lib/test/auto/functionClosureTest4.xml (RunModel)" time="0.016" />
  <testcase classname="ptolemy.util.test.junit.AutoTests" name="[450] /home/travis/build/icyphy/ptII/ptolemy/actor/lib/test/auto/functionClosureTest5.xml (RunModel)" time="0.012" />
  <testcase classname="ptolemy.util.test.junit.AutoTests" name="[451] /home/travis/build/icyphy/ptII/ptolemy/actor/lib/test/auto/functionClosureTest6.xml (RunModel)" time="0.016" />
  <testcase classname="ptolemy.util.test.junit.AutoTests" name="[452] /home/travis/build/icyphy/ptII/ptolemy/actor/lib/test/auto/functionsOnArcs.xml (RunModel)" time="0.009" />
  <testcase classname="ptolemy.util.test.junit.AutoTests" name="[453] /home/travis/build/icyphy/ptII/ptolemy/actor/lib/test/auto/functionsOnArcsHOF.xml (RunModel)" time="0.012" />
  <testcase classname="ptolemy.util.test.junit.AutoTests" name="[454] /home/travis/build/icyphy/ptII/ptolemy/actor/lib/test/auto/logic.xml (RunModel)" time="0.018" />
  <testcase classname="ptolemy.util.test.junit.AutoTests" name="[455] /home/travis/build/icyphy/ptII/ptolemy/actor/lib/test/auto/matrixType.xml (RunModel)" time="0.009" />
  <testcase classname="ptolemy.util.test.junit.AutoTests" name="[456] /home/travis/build/icyphy/ptII/ptolemy/actor/lib/test/auto/matrixType10.xml (RunModel)" time="0.009" />
  <testcase classname="ptolemy.util.test.junit.AutoTests" name="[457] /home/travis/build/icyphy/ptII/ptolemy/actor/lib/test/auto/matrixType11.xml (RunModel)" time="0.008" />
  <testcase classname="ptolemy.util.test.junit.AutoTests" name="[458] /home/travis/build/icyphy/ptII/ptolemy/actor/lib/test/auto/matrixType12.xml (RunModel)" time="0.011" />
  <testcase classname="ptolemy.util.test.junit.AutoTests" name="[459] /home/travis/build/icyphy/ptII/ptolemy/actor/lib/test/auto/matrixType13.xml (RunModel)" time="0.008" />
  <testcase classname="ptolemy.util.test.junit.AutoTests" name="[460] /home/travis/build/icyphy/ptII/ptolemy/actor/lib/test/auto/matrixType14.xml (RunModel)" time="0.011" />
  <testcase classname="ptolemy.util.test.junit.AutoTests" name="[461] /home/travis/build/icyphy/ptII/ptolemy/actor/lib/test/auto/matrixType2.xml (RunModel)" time="0.009" />
  <testcase classname="ptolemy.util.test.junit.AutoTests" name="[462] /home/travis/build/icyphy/ptII/ptolemy/actor/lib/test/auto/matrixType3.xml (RunModel)" time="0.011" />
  <testcase classname="ptolemy.util.test.junit.AutoTests" name="[463] /home/travis/build/icyphy/ptII/ptolemy/actor/lib/test/auto/matrixType4.xml (RunModel)" time="0.008" />
  <testcase classname="ptolemy.util.test.junit.AutoTests" name="[464] /home/travis/build/icyphy/ptII/ptolemy/actor/lib/test/auto/matrixType5.xml (RunModel)" time="0.008" />
  <testcase classname="ptolemy.util.test.junit.AutoTests" name="[465] /home/travis/build/icyphy/ptII/ptolemy/actor/lib/test/auto/matrixType6.xml (RunModel)" time="0.009" />
  <testcase classname="ptolemy.util.test.junit.AutoTests" name="[466] /home/travis/build/icyphy/ptII/ptolemy/actor/lib/test/auto/matrixType7.xml (RunModel)" time="0.008" />
  <testcase classname="ptolemy.util.test.junit.AutoTests" name="[467] /home/travis/build/icyphy/ptII/ptolemy/actor/lib/test/auto/matrixType8.xml (RunModel)" time="0.008" />
  <testcase classname="ptolemy.util.test.junit.AutoTests" name="[468] /home/travis/build/icyphy/ptII/ptolemy/actor/lib/test/auto/matrixType9.xml (RunModel)" time="0.008" />
  <testcase classname="ptolemy.util.test.junit.AutoTests" name="[469] /home/travis/build/icyphy/ptII/ptolemy/actor/lib/test/auto/paraFunctest.xml (RunModel)" time="0.006" />
  <testcase classname="ptolemy.util.test.junit.AutoTests" name="[470] /home/travis/build/icyphy/ptII/ptolemy/actor/lib/test/auto/paraFunctest2.xml (RunModel)" time="0.007" />
  <testcase classname="ptolemy.util.test.junit.AutoTests" name="[471] /home/travis/build/icyphy/ptII/ptolemy/actor/lib/test/auto/parameterPassing.xml (RunModel)" time="0.008" />
  <testcase classname="ptolemy.util.test.junit.AutoTests" name="[472] /home/travis/build/icyphy/ptII/ptolemy/actor/lib/test/auto/record.xml (RunModel)" time="0.009" />
  <testcase classname="ptolemy.util.test.junit.AutoTests" name="[473] /home/travis/build/icyphy/ptII/ptolemy/actor/lib/test/auto/sizedarray1.xml (RunModel)" time="0.01" />
  <testcase classname="ptolemy.util.test.junit.AutoTests" name="[474] /home/travis/build/icyphy/ptII/ptolemy/actor/lib/test/auto/sizedarray2.xml (RunModel)" time="0.01" />
  <testcase classname="ptolemy.util.test.junit.AutoTests" name="[475] /home/travis/build/icyphy/ptII/ptolemy/actor/lib/test/auto/twoPublishers.xml (RunModel)" time="0.019" />
  <system-out><![CDATA[/home/travis/build/icyphy/ptII/ptolemy/actor/lib/test/AbsoluteValue.tcl
testDefs.tcl: setting time out to 9000 seconds at Sun May 26 04:23:42 UTC 2019
89 ms. Memory: 116224K Free: 109583K (94%)
5 ms. Memory: 116224K Free: 108376K (93%)
13 ms. Memory: 116224K Free: 107756K (93%)
4 ms. Memory: 116224K Free: 107161K (92%)
/home/travis/build/icyphy/ptII/ptolemy/actor/lib/test/AddSubtract.tcl
13 ms. Memory: 116224K Free: 104762K (90%)
5 ms. Memory: 116224K Free: 104159K (90%)
5 ms. Memory: 116224K Free: 103547K (89%)
6 ms. Memory: 116224K Free: 102357K (88%)
11 ms. Memory: 116224K Free: 101745K (88%)
13 ms. Memory: 116224K Free: 101142K (87%)
/home/travis/build/icyphy/ptII/ptolemy/actor/lib/test/Average.tcl
6 ms. Memory: 116224K Free: 99315K (85%)
5 ms. Memory: 116224K Free: 98108K (84%)
/home/travis/build/icyphy/ptII/ptolemy/actor/lib/test/Bernoulli.tcl
6 ms. Memory: 116224K Free: 96305K (83%)
7 ms. Memory: 116224K Free: 95694K (82%)
/home/travis/build/icyphy/ptII/ptolemy/actor/lib/test/Clock.tcl
preinitializing
resolving types
initializing
executing number 1
wrapping up
idle
22 ms. Memory: 116224K Free: 93899K (81%)
Completed execution with 5 iterations
preinitializing
resolving types
initializing
executing number 1
wrapping up
idle
3 ms. Memory: 116224K Free: 92692K (80%)
Completed execution with 5 iterations
preinitializing
resolving types
initializing
executing number 1
wrapping up
idle
7 ms. Memory: 116224K Free: 92057K (79%)
Completed execution with 5 iterations
/home/travis/build/icyphy/ptII/ptolemy/actor/lib/test/Commutator.tcl
5 ms. Memory: 116224K Free: 90213K (78%)
5 ms. Memory: 116224K Free: 89014K (77%)
8 ms. Memory: 116224K Free: 84806K (73%)
/home/travis/build/icyphy/ptII/ptolemy/actor/lib/test/Const.tcl
4 ms. Memory: 116224K Free: 83011K (71%)
3 ms. Memory: 116224K Free: 82408K (71%)
2 ms. Memory: 116224K Free: 81804K (70%)
7 ms. Memory: 116224K Free: 81193K (70%)
15 ms. Memory: 146944K Free: 140418K (96%)
30 ms. Memory: 146944K Free: 138820K (94%)
9 ms. Memory: 146944K Free: 137622K (94%)
7 ms. Memory: 146944K Free: 136423K (93%)
/home/travis/build/icyphy/ptII/ptolemy/actor/lib/test/CurrentTime.tcl
preinitializing
resolving types
initializing
executing number 1
wrapping up
idle
15 ms. Memory: 146944K Free: 135225K (92%)
Completed execution with 11 iterations
/home/travis/build/icyphy/ptII/ptolemy/actor/lib/test/DB.tcl
2 ms. Memory: 146944K Free: 132812K (90%)
3 ms. Memory: 146944K Free: 132812K (90%)
5 ms. Memory: 146944K Free: 131614K (90%)
/home/travis/build/icyphy/ptII/ptolemy/actor/lib/test/DiscreteRandomSource.tcl
preinitializing
resolving types
initializing
executing number 1
wrapping up
idle
4 ms. Memory: 146944K Free: 130415K (89%)
Completed execution with 4 iterations
preinitializing
resolving types
initializing
executing number 1
wrapping up
idle
3 ms. Memory: 146944K Free: 130415K (89%)
Completed execution with 4 iterations
preinitializing
resolving types
initializing
executing number 1
wrapping up
idle
2 ms. Memory: 146944K Free: 129201K (88%)
Completed execution with 4 iterations
preinitializing
resolving types
initializing
executing number 1
wrapping up
idle
2 ms. Memory: 146944K Free: 129201K (88%)
Completed execution with 4 iterations
preinitializing
resolving types
initializing
executing number 1
wrapping up
idle
4 ms. Memory: 146944K Free: 129201K (88%)
Completed execution with 4 iterations
/home/travis/build/icyphy/ptII/ptolemy/actor/lib/test/Distributor.tcl
4 ms. Memory: 146944K Free: 126799K (86%)
3 ms. Memory: 146944K Free: 126799K (86%)
StreamChangeRequest.changeExecuted(): <deleteEntity name="rec2"/> succeeded
StreamChangeRequest.changeExecuted(): <deleteRelation name="r2"/> succeeded
StreamChangeRequest.changeExecuted(): Record firings per iteration succeeded
6 ms. Memory: 146944K Free: 124387K (85%)
/home/travis/build/icyphy/ptII/ptolemy/actor/lib/test/Exit.tcl
Exit.tcl: this will print a message about Manager.exitAfterWrapup, which can be ignored.
8 ms. Memory: 146944K Free: 120177K (82%)
/home/travis/build/icyphy/ptII/ptolemy/actor/lib/test/Expression.tcl
5 ms. Memory: 146944K Free: 117750K (80%)
3 ms. Memory: 146944K Free: 116551K (79%)
3 ms. Memory: 146944K Free: 116551K (79%)
preinitializing
resolving types
initializing
executing number 1
wrapping up
idle
7 ms. Memory: 146944K Free: 115353K (79%)
Completed execution with 6 iterations
4 ms. Memory: 146944K Free: 114155K (78%)
3 ms. Memory: 146944K Free: 112956K (77%)
6 ms. Memory: 146944K Free: 111758K (76%)
3 ms. Memory: 146944K Free: 110560K (75%)
3 ms. Memory: 146944K Free: 109361K (74%)
/home/travis/build/icyphy/ptII/ptolemy/actor/lib/test/Gaussian.tcl
4 ms. Memory: 146944K Free: 108163K (74%)
sleeping 1 seconds: ......................................................................................................................................................................................................................................................................................................................................................................................................................................................................................................................................................................................................................................................................................................................................................................................................................................................................................................................................................................................................................................................................................................................................................................................................................................................................................................................................................................................................................................................................................................................................................................................................................................................................................................................................................................................................................................................................................................................................................................................................................................................................................................................................................................................................................................................................................................................................................................................................................................................................................................................................................................................................................................................................................................................................................................................................................................................................................................................................................................................................................................................................................................................................................................................................................................................................................................................................................................................................................................................................................................................................................................................................................................................................................................................................................................................................................................................................................................................................................................................................................................................................................................................................................................................................................................................................................................................................................................................................................................................................................................................................................................................................................................................................................................................................................................................................................................................................................................................................................................................................................................................................................................................................................................................................................................................................................................................................................................................................................................................................................................................................................................................................................................................................................................................................................................................................................................................................................................................................................................................................................................................................................................................................................................................................................................................................................................................................................................................................................................................................................................................................................................................................................................................................................................................................................................................................................................................................................................................................................................................................................................................................................................................................................................................................................................................................................................................................................................................................................................................................................................................................................................................................................................................................................................................................................................................................................................................................................................................................................................................................................................................................................................................................................................................................................................................................................................................................................................................................................................................................................................................................................................................................................................................................................................................................................................................................................................................................................................................................................................................................................................................................................................................................................................................................................................................................................................................................................................................................................................................................................................................................................................................................................................................................................................................................................................................................................................................................................................................................................................................................................................................................................................................................................................................................................................................................................................................................................................................................................................................................................................................................................................................................................................................................................................................................................................................................................................................................................................................................................................................................................................................................................................................................................................................................................................................................................................................................................................................................................................................................................................................................................................................................................................................................................................................................................................................................................................................................................................................................................................................................................................................................................................................................................................................................................................................................................................................................................................................................................................................................................................................................................................................................................................................................................................................................................................................................................................................................................................................................................................................................................................................................................................................................................................................................................................................................................................................................................................................................................................................................................................................................................................................................................................................................................................................................................................................................................................................................................................................................................................................................................................................................................................................................................................................................................................................................................................................................................................................................................................................................................................................................................................................................................................................................................................................................................................................................................................................................................................................................................................................................................................................................................................................................................................................................................................................................................................................................................................................................................................................................................................................................................................................................................................................................................................................................................................................................................................................................................................................................................................................................................................................................................................................................................................................................................................................................................................................................................................................................................................................................................................................................................................................................................................................................................................................................................................................................................................................................................................................................................................................................................................................................................................................................................................................................................................................................................................................................................................................................................................................................................................................................................................................................................................................................................................................................................................................................................................................................................................................................................................................................................................................................................................................................................................................................................................................................................................................................................................................................................................................................................................................................................................................................................................................................................................................................................................................................................................................................................................................................................................................................................................................................................................................................................................................................................................................................................................................................................................................................................................................................................................................................................................................................................................................................................................................................................................................................................................................................................................................................................................................................................................................................................................................................................................................................................................................................................................................................................................................................................................................................................................................................................................................................................................................................................................................................................................................................................................................................................................................................................................................................................................................................................................................................................................................................................................................................................................................................................................................................................................................................................................................................................................................................................................................................................................................................................................................................................................................................................................................................................................................................................................................................................................................................................................................................................................................................................................................................................................................................................................................................................................................................................................................................................................................................................................................................................................................................................................................................................................................................................................................................................................................................................................................................................................................................................................................................................................................................................................................................................................................................................................................................................................................................................................................................................................................................................................................................................................................................................................................................................................................................................................................................................................................................................................................................................................................................................................................................................................................................................................................................................................................................................................................................................................................................................................................................................................................................................................................................................................................................................................................................................................................................................................................................................................................................................................................................................................................................................................................................................................................................................................................................................................................................................................................................................................................................................................................................................................................................................................................................................................................................................................................................................................................................................................................................................................................................................................................................................................................................................................................................................................................................................................................................................................................................................................................................................................................................................................................................................................................................................................................................................................................................................................................................................................................................................................................................................................................................................................................................................................................................................................................................................................................................................................................................................................................................................................................................................................................5 ms. Memory: 208384K Free: 176977K (85%)
3 ms. Memory: 208384K Free: 174577K (84%)
3 ms. Memory: 208384K Free: 174058K (84%)
8 ms. Memory: 208384K Free: 174058K (84%)
6 ms. Memory: 208384K Free: 174058K (84%)
/home/travis/build/icyphy/ptII/ptolemy/actor/lib/test/IIR.tcl
/home/travis/build/icyphy/ptII/ptolemy/actor/lib/test/Interpolator.tcl
3 ms. Memory: 208384K Free: 169259K (81%)
2 ms. Memory: 208384K Free: 169259K (81%)
2 ms. Memory: 208384K Free: 169259K (81%)
2 ms. Memory: 208384K Free: 166859K (80%)
2 ms. Memory: 208384K Free: 166859K (80%)
2 ms. Memory: 208384K Free: 166859K (80%)
2 ms. Memory: 208384K Free: 164459K (79%)
2 ms. Memory: 208384K Free: 164459K (79%)
2 ms. Memory: 208384K Free: 164459K (79%)
2 ms. Memory: 208384K Free: 162059K (78%)
/home/travis/build/icyphy/ptII/ptolemy/actor/lib/test/MathFunction.tcl
12 ms. Memory: 208384K Free: 159660K (77%)
2 ms. Memory: 208384K Free: 159660K (77%)
2 ms. Memory: 208384K Free: 157260K (75%)
2 ms. Memory: 208384K Free: 157260K (75%)
3 ms. Memory: 208384K Free: 154860K (74%)
5 ms. Memory: 208384K Free: 154860K (74%)
/home/travis/build/icyphy/ptII/ptolemy/actor/lib/test/Maximum.tcl
6 ms. Memory: 208384K Free: 152461K (73%)
6 ms. Memory: 208384K Free: 152461K (73%)
7 ms. Memory: 208384K Free: 150061K (72%)
5 ms. Memory: 208384K Free: 150061K (72%)
/home/travis/build/icyphy/ptII/ptolemy/actor/lib/test/Minimum.tcl
3 ms. Memory: 208384K Free: 147661K (71%)
2 ms. Memory: 208384K Free: 147661K (71%)
2 ms. Memory: 208384K Free: 147661K (71%)
3 ms. Memory: 208384K Free: 145261K (70%)
/home/travis/build/icyphy/ptII/ptolemy/actor/lib/test/MultiplyDivide.tcl
11 ms. Memory: 208384K Free: 145261K (70%)
9 ms. Memory: 208384K Free: 142862K (69%)
3 ms. Memory: 208384K Free: 142862K (69%)
7 ms. Memory: 208384K Free: 142862K (69%)
5 ms. Memory: 208384K Free: 140462K (67%)
/home/travis/build/icyphy/ptII/ptolemy/actor/lib/test/OrderedMerge.tcl
Connections changed on port: inputA
Connections changed on port: inputB
Connections changed on port: output
Connections changed on port: output
Connections changed on port: output
Connections changed on port: input
.top. Preinitializing ...
Invoking preinitialize():  .top.OrderedMerge
Called preinitialize()
Invoking preinitialize():  .top.Ramp
Called preinitialize()
Invoking preinitialize():  .top.Ramp2
Called preinitialize()
Invoking preinitialize():  .top.Test
Called preinitialize()
Connections changed on port: inputA
Connections changed on port: output
Connections changed on port: inputB
Connections changed on port: output
Connections changed on port: output
Connections changed on port: input
.top. Finished preinitialize().
Called initialize().
Invoking initialize():  .top.OrderedMerge
Initializing actor: .top.OrderedMerge
Adding a thread: .top.OrderedMerge
Invoking initialize():  .top.Ramp
Initializing actor: .top.Ramp
Adding a thread: .top.Ramp
Invoking initialize():  .top.Ramp2
Initializing actor: .top.Ramp2
Adding a thread: .top.Ramp2
Invoking initialize():  .top.Test
Initializing actor: .top.Test
Adding a thread: .top.Test
-- Starting thread.
Called initialize()
Called prefire()
Called fire()
-- Starting thread.
Called initialize()
Called prefire()
Called fire()
Called postfire()
Called prefire()
Called fire()
-- Starting thread.
Called initialize()
Called prefire()
Called fire()
Called postfire()
Called prefire()
Called fire()
Called fire().
Checking for deadlock:
There are 3 Blocked actors, 0 Stopped actors, and 4 active threads.
Waiting for actors to stop.
-- Starting thread.
Called initialize()
Called prefire()
Called fire()
Checking for deadlock:
There are 2 Blocked actors, 0 Stopped actors, and 4 active threads.
Waiting for actors to stop.
Called postfire()
Called prefire()
Called fire()
Checking for deadlock:
There are 3 Blocked actors, 0 Stopped actors, and 4 active threads.
Waiting for actors to stop.
Read input token from inputA with value 0.0
Next port to read input from is inputB
Called postfire()
Called prefire()
Called fire()
Checking for deadlock:
There are 2 Blocked actors, 0 Stopped actors, and 4 active threads.
Waiting for actors to stop.
Called postfire()
Called prefire()
Called fire()
Checking for deadlock:
There are 3 Blocked actors, 0 Stopped actors, and 4 active threads.
Waiting for actors to stop.
Read input token from inputB with value 0.0
Checking for deadlock:
There are 2 Blocked actors, 0 Stopped actors, and 4 active threads.
Waiting for actors to stop.
-- Read input: 0.0, which is expected to match: 0.0
Called prefire()
Called fire()
Checking for deadlock:
There are 3 Blocked actors, 0 Stopped actors, and 4 active threads.
Waiting for actors to stop.
Sent output token with value 0.0
Next port to read input from is inputA
Called postfire()
Called prefire()
Called fire()
Called postfire()
Called prefire()
Called fire()
Checking for deadlock:
There are 3 Blocked actors, 0 Stopped actors, and 4 active threads.
Waiting for actors to stop.
Read input token from inputA with value 1.0
-- Read input: 0.0, which is expected to match: 0.0
Called prefire()
Called fire()
Checking for deadlock:
There are 3 Blocked actors, 0 Stopped actors, and 4 active threads.
Waiting for actors to stop.
Sent output token with value 0.0
Next port to read input from is inputB
Called postfire()
Called prefire()
Called fire()
Checking for deadlock:
There are 2 Blocked actors, 0 Stopped actors, and 4 active threads.
Waiting for actors to stop.
Called postfire()
Called prefire()
Called fire()
Checking for deadlock:
There are 3 Blocked actors, 0 Stopped actors, and 4 active threads.
Waiting for actors to stop.
Read input token from inputB with value 1.5
Checking for deadlock:
There are 2 Blocked actors, 0 Stopped actors, and 4 active threads.
Waiting for actors to stop.
-- Read input: 1.0, which is expected to match: 1.0
Called prefire()
Called fire()
Checking for deadlock:
There are 3 Blocked actors, 0 Stopped actors, and 4 active threads.
Waiting for actors to stop.
Sent output token with value 1.0
Next port to read input from is inputA
Called postfire()
Called prefire()
Called fire()
Called postfire()
Called prefire()
Called fire()
Checking for deadlock:
There are 3 Blocked actors, 0 Stopped actors, and 4 active threads.
Waiting for actors to stop.
Read input token from inputA with value 2.0
-- Read input: 1.5, which is expected to match: 1.5
Called prefire()
Called fire()
Checking for deadlock:
There are 3 Blocked actors, 0 Stopped actors, and 4 active threads.
Waiting for actors to stop.
Sent output token with value 1.5
Next port to read input from is inputB
Called postfire()
Called prefire()
Called fire()
Checking for deadlock:
There are 2 Blocked actors, 0 Stopped actors, and 4 active threads.
Waiting for actors to stop.
Called postfire()
Called prefire()
Called fire()
Checking for deadlock:
There are 3 Blocked actors, 0 Stopped actors, and 4 active threads.
Waiting for actors to stop.
Read input token from inputB with value 3.0
Checking for deadlock:
There are 2 Blocked actors, 0 Stopped actors, and 4 active threads.
Waiting for actors to stop.
-- Read input: 2.0, which is expected to match: 2.0
Called prefire()
Called fire()
Checking for deadlock:
There are 3 Blocked actors, 0 Stopped actors, and 4 active threads.
Waiting for actors to stop.
Sent output token with value 2.0
Next port to read input from is inputA
Called postfire()
Called prefire()
Called fire()
Called postfire()
Called prefire()
Called fire()
Checking for deadlock:
There are 3 Blocked actors, 0 Stopped actors, and 4 active threads.
Waiting for actors to stop.
Read input token from inputA with value 3.0
-- Read input: 3.0, which is expected to match: 3.0
Called prefire()
Called fire()
Checking for deadlock:
There are 3 Blocked actors, 0 Stopped actors, and 4 active threads.
Waiting for actors to stop.
Sent output token with value 3.0
Next port to read input from is inputB
Called postfire()
Called prefire()
Called fire()
Checking for deadlock:
There are 2 Blocked actors, 0 Stopped actors, and 4 active threads.
Waiting for actors to stop.
Called postfire()
Called prefire()
Called fire()
Checking for deadlock:
There are 3 Blocked actors, 0 Stopped actors, and 4 active threads.
Waiting for actors to stop.
Read input token from inputB with value 4.5
Checking for deadlock:
There are 2 Blocked actors, 0 Stopped actors, and 4 active threads.
Waiting for actors to stop.
-- Read input: 3.0, which is expected to match: 3.0
Called prefire()
Called fire()
Checking for deadlock:
There are 3 Blocked actors, 0 Stopped actors, and 4 active threads.
Waiting for actors to stop.
Sent output token with value 3.0
Next port to read input from is inputA
Called postfire()
Called prefire()
Called fire()
Called postfire()
Called prefire()
Called fire()
Checking for deadlock:
There are 3 Blocked actors, 0 Stopped actors, and 4 active threads.
Waiting for actors to stop.
Read input token from inputA with value 4.0
-- Read input: 4.0, which is expected to match: 4.0
Called prefire()
Called fire()
Past the end of training data. Read and discard all inputs.
Checking for deadlock:
There are 3 Blocked actors, 0 Stopped actors, and 4 active threads.
Waiting for actors to stop.
Sent output token with value 4.0
Next port to read input from is inputA
Called postfire()
Called prefire()
Called fire()
Called postfire()
Called prefire()
Called fire()
Checking for deadlock:
There are 3 Blocked actors, 0 Stopped actors, and 4 active threads.
Waiting for actors to stop.
Read input token from inputA with value 5.0
Called prefire()
Called fire()
Past the end of training data. Read and discard all inputs.
Checking for deadlock:
There are 3 Blocked actors, 0 Stopped actors, and 4 active threads.
Waiting for actors to stop.
Sent output token with value 4.5
Next port to read input from is inputB
Called postfire()
Called prefire()
Called fire()
Checking for deadlock:
There are 2 Blocked actors, 0 Stopped actors, and 4 active threads.
Waiting for actors to stop.
Called postfire()
Called prefire()
Called fire()
Checking for deadlock:
There are 3 Blocked actors, 0 Stopped actors, and 4 active threads.
Waiting for actors to stop.
Read input token from inputB with value 6.0
Checking for deadlock:
There are 2 Blocked actors, 0 Stopped actors, and 4 active threads.
Waiting for actors to stop.
Called prefire()
Called fire()
Past the end of training data. Read and discard all inputs.
Checking for deadlock:
There are 3 Blocked actors, 0 Stopped actors, and 4 active threads.
Waiting for actors to stop.
Sent output token with value 5.0
Next port to read input from is inputA
Called postfire()
Called prefire()
Called fire()
Called postfire()
Called prefire()
Called fire()
Checking for deadlock:
There are 3 Blocked actors, 0 Stopped actors, and 4 active threads.
Waiting for actors to stop.
Read input token from inputA with value 6.0
Called prefire()
Called fire()
Past the end of training data. Read and discard all inputs.
Checking for deadlock:
There are 3 Blocked actors, 0 Stopped actors, and 4 active threads.
Waiting for actors to stop.
Sent output token with value 6.0
Next port to read input from is inputB
Called postfire()
Called prefire()
Called fire()
Checking for deadlock:
There are 2 Blocked actors, 0 Stopped actors, and 4 active threads.
Waiting for actors to stop.
Called postfire()
Called prefire()
Called fire()
Checking for deadlock:
There are 3 Blocked actors, 0 Stopped actors, and 4 active threads.
Waiting for actors to stop.
Read input token from inputB with value 7.5
Checking for deadlock:
There are 2 Blocked actors, 0 Stopped actors, and 4 active threads.
Waiting for actors to stop.
Called prefire()
Called fire()
Past the end of training data. Read and discard all inputs.
Checking for deadlock:
There are 3 Blocked actors, 0 Stopped actors, and 4 active threads.
Waiting for actors to stop.
Sent output token with value 6.0
Next port to read input from is inputA
Called postfire()
Called prefire()
Called fire()
Called postfire()
Called prefire()
Called fire()
Checking for deadlock:
There are 3 Blocked actors, 0 Stopped actors, and 4 active threads.
Waiting for actors to stop.
Read input token from inputA with value 7.0
Called prefire()
Called fire()
Past the end of training data. Read and discard all inputs.
Checking for deadlock:
There are 3 Blocked actors, 0 Stopped actors, and 4 active threads.
Waiting for actors to stop.
Sent output token with value 7.0
Next port to read input from is inputA
Called postfire()
Called prefire()
Called fire()
-- Thread wrapup() called.
Called wrapup()
Thread .top.Ramp is exiting.
-- Thread stopped.
Checking for deadlock:
There are 2 Blocked actors, 0 Stopped actors, and 3 active threads.
Waiting for actors to stop.
Read input token from inputA with value 8.0
Called prefire()
Called fire()
Past the end of training data. Read and discard all inputs.
Checking for deadlock:
There are 2 Blocked actors, 0 Stopped actors, and 3 active threads.
Waiting for actors to stop.
Sent output token with value 7.5
Next port to read input from is inputB
Called postfire()
Called prefire()
Called fire()
Checking for deadlock:
There are 1 Blocked actors, 0 Stopped actors, and 3 active threads.
Waiting for actors to stop.
Called postfire()
Called prefire()
Called fire()
Checking for deadlock:
There are 2 Blocked actors, 0 Stopped actors, and 3 active threads.
Waiting for actors to stop.
Read input token from inputB with value 9.0
Checking for deadlock:
There are 1 Blocked actors, 0 Stopped actors, and 3 active threads.
Waiting for actors to stop.
Called prefire()
Called fire()
Past the end of training data. Read and discard all inputs.
Checking for deadlock:
There are 2 Blocked actors, 0 Stopped actors, and 3 active threads.
Waiting for actors to stop.
Sent output token with value 8.0
Next port to read input from is inputA
Called postfire()
Called prefire()
Called fire()
Read input token from inputA with value 9.0
Checking for deadlock:
There are 1 Blocked actors, 0 Stopped actors, and 3 active threads.
Waiting for actors to stop.
Called prefire()
Called fire()
Past the end of training data. Read and discard all inputs.
Checking for deadlock:
There are 2 Blocked actors, 0 Stopped actors, and 3 active threads.
Waiting for actors to stop.
Sent output token with value 9.0
Next port to read input from is inputB
Called postfire()
Called prefire()
Called fire()
Checking for deadlock:
There are 1 Blocked actors, 0 Stopped actors, and 3 active threads.
Waiting for actors to stop.
Called postfire()
Called prefire()
Called fire()
Checking for deadlock:
There are 2 Blocked actors, 0 Stopped actors, and 3 active threads.
Waiting for actors to stop.
Read input token from inputB with value 10.5
Checking for deadlock:
There are 1 Blocked actors, 0 Stopped actors, and 3 active threads.
Waiting for actors to stop.
Called prefire()
Called fire()
Past the end of training data. Read and discard all inputs.
Checking for deadlock:
There are 2 Blocked actors, 0 Stopped actors, and 3 active threads.
Waiting for actors to stop.
Sent output token with value 9.0
Next port to read input from is inputA
Called postfire()
Called prefire()
Called fire()
Checking for deadlock:
There are 3 Blocked actors, 0 Stopped actors, and 3 active threads.
Actors have stopped.
Checking for deadlock:
There are 3 Blocked actors, 0 Stopped actors, and 3 active threads.
Deadlock detected.
Resolving Deadlock
Checking for deadlock:
There are 3 Blocked actors, 0 Stopped actors, and 3 active threads.
Artificial Deadlock - increasing queue capacity.
increasing the capacity of receiver ptolemy.actor.TypedIOPort {.top.OrderedMerge.inputB} to 2
Director: Called postfire().
Called postfire().
_stopRequested = false
_stopFireRequested = false
Returning from postfire(): true
Called fire().
Checking for deadlock:
There are 2 Blocked actors, 0 Stopped actors, and 3 active threads.
Waiting for actors to stop.
-- Thread wrapup() called.
Called wrapup()
Thread .top.Ramp2 is exiting.
-- Thread stopped.
Checking for deadlock:
There are 2 Blocked actors, 0 Stopped actors, and 2 active threads.
Actors have stopped.
Checking for deadlock:
There are 2 Blocked actors, 0 Stopped actors, and 2 active threads.
Deadlock detected.
Resolving Deadlock
Checking for deadlock:
There are 2 Blocked actors, 0 Stopped actors, and 2 active threads.
Deadlock detected: no processes blocked on write, but some are blocked on read.
Called postfire().
_stopRequested = false
_stopFireRequested = false
Returning from postfire(): false
Finished deactivating branches.
Called wrapup().
-- Thread wrapup() called.
Called wrapup()
Thread .top.Test is exiting.
-- Thread stopped.
-- Blocked Receiver call threw TerminateProcessException.
-- Thread wrapup() called.
Called wrapup()
Thread .top.OrderedMerge is exiting.
37 ms. Memory: 208384K Free: 133147K (64%)
.top. Preinitializing ...
Invoking preinitialize():  .top.OrderedMerge
Called preinitialize()
Invoking preinitialize():  .top.Ramp
Called preinitialize()
Invoking preinitialize():  .top.Ramp2
Called preinitialize()
Invoking preinitialize():  .top.Test
Called preinitialize()
.top. Finished preinitialize().
Called initialize().
Invoking initialize():  .top.OrderedMerge
Initializing actor: .top.OrderedMerge
Adding a thread: .top.OrderedMerge
Invoking initialize():  .top.Ramp
Initializing actor: .top.Ramp
Adding a thread: .top.Ramp
Invoking initialize():  .top.Ramp2
Initializing actor: .top.Ramp2
Adding a thread: .top.Ramp2
Invoking initialize():  .top.Test
Initializing actor: .top.Test
Adding a thread: .top.Test
-- Thread stopped.
-- Blocked Receiver call threw TerminateProcessException.
-- Starting thread.
Called initialize()
Called prefire()
Called fire()
-- Starting thread.
Called initialize()
Called prefire()
Called fire()
Called postfire()
Called prefire()
Called fire()
-- Starting thread.
Called initialize()
Called prefire()
Called fire()
Called postfire()
Called prefire()
Called fire()
Called fire().
Checking for deadlock:
There are 3 Blocked actors, 0 Stopped actors, and 4 active threads.
Waiting for actors to stop.
-- Starting thread.
Called initialize()
Called prefire()
Called fire()
Checking for deadlock:
There are 2 Blocked actors, 0 Stopped actors, and 4 active threads.
Waiting for actors to stop.
Called postfire()
Called prefire()
Called fire()
Checking for deadlock:
There are 3 Blocked actors, 0 Stopped actors, and 4 active threads.
Waiting for actors to stop.
Read input token from inputA with value 0.0
Next port to read input from is inputB
Called postfire()
Called prefire()
Called fire()
Checking for deadlock:
There are 2 Blocked actors, 0 Stopped actors, and 4 active threads.
Waiting for actors to stop.
Called postfire()
Called prefire()
Called fire()
Checking for deadlock:
There are 3 Blocked actors, 0 Stopped actors, and 4 active threads.
Waiting for actors to stop.
Read input token from inputB with value 0.0
Sent output token with value 0.0
Next port to read input from is inputA
Called postfire()
Called prefire()
Checking for deadlock:
There are 2 Blocked actors, 0 Stopped actors, and 4 active threads.
Waiting for actors to stop.
-- Read input: 0.0, which is expected to match: 0.0
Called prefire()
Called fire()
Checking for deadlock:
There are 3 Blocked actors, 0 Stopped actors, and 4 active threads.
Waiting for actors to stop.
Called fire()
Checking for deadlock:
There are 2 Blocked actors, 0 Stopped actors, and 4 active threads.
Waiting for actors to stop.
Called postfire()
Called prefire()
Called fire()
Checking for deadlock:
There are 3 Blocked actors, 0 Stopped actors, and 4 active threads.
Waiting for actors to stop.
Read input token from inputA with value 1.0
Checking for deadlock:
There are 2 Blocked actors, 0 Stopped actors, and 4 active threads.
Waiting for actors to stop.
-- Read input: 0.0, which is expected to match: 0.0
Called prefire()
Called fire()
Checking for deadlock:
There are 3 Blocked actors, 0 Stopped actors, and 4 active threads.
Waiting for actors to stop.
Sent output token with value 0.0
Next port to read input from is inputB
Called postfire()
Called prefire()
Called fire()
Checking for deadlock:
There are 2 Blocked actors, 0 Stopped actors, and 4 active threads.
Waiting for actors to stop.
Called postfire()
Called prefire()
Called fire()
Checking for deadlock:
There are 3 Blocked actors, 0 Stopped actors, and 4 active threads.
Waiting for actors to stop.
Read input token from inputB with value 1.5
Checking for deadlock:
There are 2 Blocked actors, 0 Stopped actors, and 4 active threads.
Waiting for actors to stop.
-- Read input: 1.0, which is expected to match: 1.0
Called prefire()
Called fire()
Checking for deadlock:
There are 3 Blocked actors, 0 Stopped actors, and 4 active threads.
Waiting for actors to stop.
Sent output token with value 1.0
Next port to read input from is inputA
Called postfire()
Called prefire()
Called fire()
Checking for deadlock:
There are 2 Blocked actors, 0 Stopped actors, and 4 active threads.
Waiting for actors to stop.
Called postfire()
Called prefire()
Called fire()
Checking for deadlock:
There are 3 Blocked actors, 0 Stopped actors, and 4 active threads.
Waiting for actors to stop.
Read input token from inputA with value 2.0
Checking for deadlock:
There are 2 Blocked actors, 0 Stopped actors, and 4 active threads.
Waiting for actors to stop.
-- Read input: 1.5, which is expected to match: 1.5
Called prefire()
Called fire()
Checking for deadlock:
There are 3 Blocked actors, 0 Stopped actors, and 4 active threads.
Waiting for actors to stop.
Sent output token with value 1.5
Next port to read input from is inputB
Called postfire()
Called prefire()
Called fire()
Checking for deadlock:
There are 2 Blocked actors, 0 Stopped actors, and 4 active threads.
Waiting for actors to stop.
Called postfire()
Called prefire()
Called fire()
Checking for deadlock:
There are 3 Blocked actors, 0 Stopped actors, and 4 active threads.
Waiting for actors to stop.
Read input token from inputB with value 3.0
Checking for deadlock:
There are 2 Blocked actors, 0 Stopped actors, and 4 active threads.
Waiting for actors to stop.
-- Read input: 2.0, which is expected to match: 2.0
Called prefire()
Called fire()
Checking for deadlock:
There are 3 Blocked actors, 0 Stopped actors, and 4 active threads.
Waiting for actors to stop.
Sent output token with value 2.0
Next port to read input from is inputA
Called postfire()
Called prefire()
Called fire()
Checking for deadlock:
There are 2 Blocked actors, 0 Stopped actors, and 4 active threads.
Waiting for actors to stop.
Called postfire()
Called prefire()
Called fire()
Checking for deadlock:
There are 3 Blocked actors, 0 Stopped actors, and 4 active threads.
Waiting for actors to stop.
Read input token from inputA with value 3.0
Checking for deadlock:
There are 2 Blocked actors, 0 Stopped actors, and 4 active threads.
Waiting for actors to stop.
-- Read input: 3.0, which is expected to match: 3.0
Called prefire()
Called fire()
Checking for deadlock:
There are 3 Blocked actors, 0 Stopped actors, and 4 active threads.
Waiting for actors to stop.
Sent output token with value 3.0
Next port to read input from is inputB
Called postfire()
Called prefire()
Called fire()
Checking for deadlock:
There are 2 Blocked actors, 0 Stopped actors, and 4 active threads.
Waiting for actors to stop.
Called postfire()
Called prefire()
Called fire()
Checking for deadlock:
There are 3 Blocked actors, 0 Stopped actors, and 4 active threads.
Waiting for actors to stop.
Read input token from inputB with value 4.5
Checking for deadlock:
There are 2 Blocked actors, 0 Stopped actors, and 4 active threads.
Waiting for actors to stop.
-- Read input: 3.0, which is expected to match: 3.0
Called prefire()
Called fire()
Checking for deadlock:
There are 3 Blocked actors, 0 Stopped actors, and 4 active threads.
Waiting for actors to stop.
Sent output token with value 3.0
Next port to read input from is inputA
Called postfire()
Called prefire()
Called fire()
Checking for deadlock:
There are 2 Blocked actors, 0 Stopped actors, and 4 active threads.
Waiting for actors to stop.
Called postfire()
Called prefire()
Called fire()
Checking for deadlock:
There are 3 Blocked actors, 0 Stopped actors, and 4 active threads.
Waiting for actors to stop.
Read input token from inputA with value 4.0
Checking for deadlock:
There are 2 Blocked actors, 0 Stopped actors, and 4 active threads.
Waiting for actors to stop.
-- Read input: 4.0, which is expected to match: 4.0
Called prefire()
Called fire()
Past the end of training data. Read and discard all inputs.
Checking for deadlock:
There are 3 Blocked actors, 0 Stopped actors, and 4 active threads.
Waiting for actors to stop.
Sent output token with value 4.0
Next port to read input from is inputA
Called postfire()
Called prefire()
Called fire()
Checking for deadlock:
There are 2 Blocked actors, 0 Stopped actors, and 4 active threads.
Waiting for actors to stop.
Called postfire()
Called prefire()
Called fire()
Checking for deadlock:
There are 3 Blocked actors, 0 Stopped actors, and 4 active threads.
Waiting for actors to stop.
Read input token from inputA with value 5.0
Checking for deadlock:
There are 2 Blocked actors, 0 Stopped actors, and 4 active threads.
Waiting for actors to stop.
Called prefire()
Called fire()
Past the end of training data. Read and discard all inputs.
Checking for deadlock:
There are 3 Blocked actors, 0 Stopped actors, and 4 active threads.
Waiting for actors to stop.
Sent output token with value 4.5
Next port to read input from is inputB
Called postfire()
Called prefire()
Called fire()
Checking for deadlock:
There are 2 Blocked actors, 0 Stopped actors, and 4 active threads.
Waiting for actors to stop.
Called postfire()
Called prefire()
Called fire()
Checking for deadlock:
There are 3 Blocked actors, 0 Stopped actors, and 4 active threads.
Waiting for actors to stop.
Read input token from inputB with value 6.0
Checking for deadlock:
There are 2 Blocked actors, 0 Stopped actors, and 4 active threads.
Waiting for actors to stop.
Called prefire()
Called fire()
Past the end of training data. Read and discard all inputs.
Checking for deadlock:
There are 3 Blocked actors, 0 Stopped actors, and 4 active threads.
Waiting for actors to stop.
Sent output token with value 5.0
Next port to read input from is inputA
Called postfire()
Called prefire()
Called fire()
Checking for deadlock:
There are 2 Blocked actors, 0 Stopped actors, and 4 active threads.
Waiting for actors to stop.
Called postfire()
Called prefire()
Called fire()
Checking for deadlock:
There are 3 Blocked actors, 0 Stopped actors, and 4 active threads.
Waiting for actors to stop.
Read input token from inputA with value 6.0
Checking for deadlock:
There are 2 Blocked actors, 0 Stopped actors, and 4 active threads.
Waiting for actors to stop.
Called prefire()
Called fire()
Past the end of training data. Read and discard all inputs.
Checking for deadlock:
There are 3 Blocked actors, 0 Stopped actors, and 4 active threads.
Waiting for actors to stop.
Sent output token with value 6.0
Next port to read input from is inputB
Called postfire()
Called prefire()
Called fire()
Checking for deadlock:
There are 2 Blocked actors, 0 Stopped actors, and 4 active threads.
Waiting for actors to stop.
Called postfire()
Called prefire()
Called fire()
Checking for deadlock:
There are 3 Blocked actors, 0 Stopped actors, and 4 active threads.
Waiting for actors to stop.
Read input token from inputB with value 7.5
Checking for deadlock:
There are 2 Blocked actors, 0 Stopped actors, and 4 active threads.
Waiting for actors to stop.
Called prefire()
Called fire()
Past the end of training data. Read and discard all inputs.
Checking for deadlock:
There are 3 Blocked actors, 0 Stopped actors, and 4 active threads.
Waiting for actors to stop.
Sent output token with value 6.0
Next port to read input from is inputA
Called postfire()
Called prefire()
Called fire()
Checking for deadlock:
There are 2 Blocked actors, 0 Stopped actors, and 4 active threads.
Waiting for actors to stop.
Called postfire()
Called prefire()
Called fire()
Checking for deadlock:
There are 3 Blocked actors, 0 Stopped actors, and 4 active threads.
Waiting for actors to stop.
Read input token from inputA with value 7.0
Checking for deadlock:
There are 2 Blocked actors, 0 Stopped actors, and 4 active threads.
Waiting for actors to stop.
Called prefire()
Called fire()
Past the end of training data. Read and discard all inputs.
Checking for deadlock:
There are 3 Blocked actors, 0 Stopped actors, and 4 active threads.
Waiting for actors to stop.
Sent output token with value 7.0
Next port to read input from is inputA
Called postfire()
Called prefire()
Called fire()
Checking for deadlock:
There are 2 Blocked actors, 0 Stopped actors, and 4 active threads.
Waiting for actors to stop.
-- Thread wrapup() called.
Called wrapup()
Thread .top.Ramp is exiting.
Checking for deadlock:
There are 2 Blocked actors, 0 Stopped actors, and 3 active threads.
Waiting for actors to stop.
-- Thread stopped.
Read input token from inputA with value 8.0
Checking for deadlock:
There are 1 Blocked actors, 0 Stopped actors, and 3 active threads.
Waiting for actors to stop.
Called prefire()
Called fire()
Past the end of training data. Read and discard all inputs.
Checking for deadlock:
There are 2 Blocked actors, 0 Stopped actors, and 3 active threads.
Waiting for actors to stop.
Sent output token with value 7.5
Next port to read input from is inputB
Called postfire()
Called prefire()
Called fire()
Checking for deadlock:
There are 1 Blocked actors, 0 Stopped actors, and 3 active threads.
Waiting for actors to stop.
Called postfire()
Called prefire()
Called fire()
Checking for deadlock:
There are 2 Blocked actors, 0 Stopped actors, and 3 active threads.
Waiting for actors to stop.
Read input token from inputB with value 9.0
Checking for deadlock:
There are 1 Blocked actors, 0 Stopped actors, and 3 active threads.
Waiting for actors to stop.
Called prefire()
Called fire()
Past the end of training data. Read and discard all inputs.
Checking for deadlock:
There are 2 Blocked actors, 0 Stopped actors, and 3 active threads.
Waiting for actors to stop.
Sent output token with value 8.0
Next port to read input from is inputA
Called postfire()
Called prefire()
Called fire()
Read input token from inputA with value 9.0
Checking for deadlock:
There are 1 Blocked actors, 0 Stopped actors, and 3 active threads.
Waiting for actors to stop.
Called prefire()
Called fire()
Past the end of training data. Read and discard all inputs.
Checking for deadlock:
There are 2 Blocked actors, 0 Stopped actors, and 3 active threads.
Waiting for actors to stop.
Sent output token with value 9.0
Next port to read input from is inputB
Called postfire()
Called prefire()
Called fire()
Checking for deadlock:
There are 1 Blocked actors, 0 Stopped actors, and 3 active threads.
Waiting for actors to stop.
Called postfire()
Called prefire()
Called fire()
Checking for deadlock:
There are 2 Blocked actors, 0 Stopped actors, and 3 active threads.
Waiting for actors to stop.
Read input token from inputB with value 10.5
Checking for deadlock:
There are 1 Blocked actors, 0 Stopped actors, and 3 active threads.
Waiting for actors to stop.
Called prefire()
Called fire()
Past the end of training data. Read and discard all inputs.
Checking for deadlock:
There are 2 Blocked actors, 0 Stopped actors, and 3 active threads.
Waiting for actors to stop.
Sent output token with value 9.0
Next port to read input from is inputA
Called postfire()
Called prefire()
Called fire()
Checking for deadlock:
There are 3 Blocked actors, 0 Stopped actors, and 3 active threads.
Actors have stopped.
Checking for deadlock:
There are 3 Blocked actors, 0 Stopped actors, and 3 active threads.
Deadlock detected.
Resolving Deadlock
Checking for deadlock:
There are 3 Blocked actors, 0 Stopped actors, and 3 active threads.
Artificial Deadlock - increasing queue capacity.
increasing the capacity of receiver ptolemy.actor.TypedIOPort {.top.OrderedMerge.inputB} to 2
Director: Called postfire().
Called postfire().
_stopRequested = false
_stopFireRequested = false
Returning from postfire(): true
Called fire().
Checking for deadlock:
There are 2 Blocked actors, 0 Stopped actors, and 3 active threads.
Waiting for actors to stop.
-- Thread wrapup() called.
Called wrapup()
Thread .top.Ramp2 is exiting.
-- Thread stopped.
Checking for deadlock:
There are 2 Blocked actors, 0 Stopped actors, and 2 active threads.
Actors have stopped.
Checking for deadlock:
There are 2 Blocked actors, 0 Stopped actors, and 2 active threads.
Deadlock detected.
Resolving Deadlock
Checking for deadlock:
There are 2 Blocked actors, 0 Stopped actors, and 2 active threads.
Deadlock detected: no processes blocked on write, but some are blocked on read.
Called postfire().
_stopRequested = false
_stopFireRequested = false
Returning from postfire(): false
Finished deactivating branches.
Called wrapup().
-- Thread wrapup() called.
Called wrapup()
Thread .top.Test is exiting.
-- Thread stopped.
-- Blocked Receiver call threw TerminateProcessException.
-- Thread wrapup() called.
Called wrapup()
Thread .top.OrderedMerge is exiting.
-- Thread stopped.
-- Blocked Receiver call threw TerminateProcessException.
25 ms. Memory: 208384K Free: 128232K (62%)
/home/travis/build/icyphy/ptII/ptolemy/actor/lib/test/Publisher.tcl
16 ms. Memory: 208384K Free: 123432K (59%)
4 ms. Memory: 208384K Free: 116201K (56%)
3 ms. Memory: 208384K Free: 113802K (55%)
3 ms. Memory: 208384K Free: 111402K (53%)
3 ms. Memory: 208384K Free: 111402K (53%)
3 ms. Memory: 208384K Free: 111402K (53%)
2 ms. Memory: 208384K Free: 109002K (52%)
3 ms. Memory: 208384K Free: 109002K (52%)
1 ms. Memory: 208384K Free: 99404K (48%)
5 ms. Memory: 208384K Free: 94604K (45%)
4 ms. Memory: 208384K Free: 94604K (45%)
2 ms. Memory: 208384K Free: 92204K (44%)
15 ms. Memory: 208384K Free: 85005K (41%)
14 ms. Memory: 208384K Free: 196782K (94%)
6 ms. Memory: 208384K Free: 184556K (89%)
/home/travis/build/icyphy/ptII/ptolemy/actor/lib/test/Pulse.tcl
3 ms. Memory: 208384K Free: 144131K (69%)
1 ms. Memory: 208384K Free: 141754K (68%)
1 ms. Memory: 208384K Free: 141754K (68%)
1 ms. Memory: 208384K Free: 141754K (68%)
0 ms. Memory: 208384K Free: 141754K (68%)
3 ms. Memory: 208384K Free: 139376K (67%)
2 ms. Memory: 208384K Free: 139376K (67%)
1 ms. Memory: 208384K Free: 139376K (67%)
1 ms. Memory: 208384K Free: 136998K (66%)
/home/travis/build/icyphy/ptII/ptolemy/actor/lib/test/Ramp.tcl
3 ms. Memory: 208384K Free: 134620K (65%)
1 ms. Memory: 208384K Free: 134620K (65%)
1 ms. Memory: 208384K Free: 134620K (65%)
2 ms. Memory: 208384K Free: 132242K (63%)
3 ms. Memory: 208384K Free: 132242K (63%)
3 ms. Memory: 208384K Free: 132242K (63%)
4 ms. Memory: 208384K Free: 129864K (62%)
5 actors
5000 microseconds per iteration to create
5 ms. Memory: 208384K Free: 127487K (61%)
1 ms. Memory: 208384K Free: 127487K (61%)
1 ms. Memory: 208384K Free: 127487K (61%)
2 ms. Memory: 208384K Free: 125109K (60%)
50 actors
40000 microseconds per iteration to create
24 ms. Memory: 208384K Free: 110771K (53%)
6 ms. Memory: 208384K Free: 110771K (53%)
5 ms. Memory: 208384K Free: 108385K (52%)
5 ms. Memory: 208384K Free: 108385K (52%)
500 actors
1364000 microseconds per iteration to create
252 ms. Memory: 331776K Free: 177534K (54%)
56 ms. Memory: 331776K Free: 172753K (52%)
49 ms. Memory: 331776K Free: 167972K (51%)
40 ms. Memory: 331776K Free: 163190K (49%)
/home/travis/build/icyphy/ptII/ptolemy/actor/lib/test/RampContinuous.tcl
7 ms. Memory: 331776K Free: 163190K (49%)
/home/travis/build/icyphy/ptII/ptolemy/actor/lib/test/RecordAssembler.tcl
5 ms. Memory: 331776K Free: 158409K (48%)
3 ms. Memory: 331776K Free: 158409K (48%)
/home/travis/build/icyphy/ptII/ptolemy/actor/lib/test/RecordDisassembler.tcl
4 ms. Memory: 331776K Free: 158409K (48%)
3 ms. Memory: 331776K Free: 158409K (48%)
3 ms. Memory: 331776K Free: 153612K (46%)
/home/travis/build/icyphy/ptII/ptolemy/actor/lib/test/Scale.tcl
3 ms. Memory: 331776K Free: 153612K (46%)
2 ms. Memory: 331776K Free: 153612K (46%)
1 ms. Memory: 331776K Free: 153612K (46%)
2 ms. Memory: 331776K Free: 148831K (45%)
2 ms. Memory: 331776K Free: 148831K (45%)
/home/travis/build/icyphy/ptII/ptolemy/actor/lib/test/SequentialClock.tcl
preinitializing
resolving types
initializing
executing number 1
wrapping up
idle
2 ms. Memory: 331776K Free: 148831K (45%)
Completed execution with 5 iterations
preinitializing
resolving types
initializing
executing number 1
wrapping up
idle
2 ms. Memory: 331776K Free: 148831K (45%)
Completed execution with 5 iterations
preinitializing
resolving types
initializing
executing number 1
wrapping up
idle
1 ms. Memory: 331776K Free: 148831K (45%)
Completed execution with 5 iterations
/home/travis/build/icyphy/ptII/ptolemy/actor/lib/test/SetVariable.tcl
4 ms. Memory: 331776K Free: 144041K (43%)
/home/travis/build/icyphy/ptII/ptolemy/actor/lib/test/Sinewave.tcl
/home/travis/build/icyphy/ptII/ptolemy/actor/lib/test/SubscriptionAggregator.tcl
4 ms. Memory: 331776K Free: 134463K (41%)
7 ms. Memory: 331776K Free: 134463K (41%)
0 ms. Memory: 331776K Free: 129665K (39%)
1 ms. Memory: 331776K Free: 129665K (39%)
1 ms. Memory: 331776K Free: 129665K (39%)
4 ms. Memory: 331776K Free: 124876K (38%)
...............................................................1039 ms. Memory: 578048K Free: 248179K (43%)
/home/travis/build/icyphy/ptII/ptolemy/actor/lib/test/Test.tcl
 The next command will produce a warning about training mode,
   which may be ignored.
4 ms. Memory: 578048K Free: 248179K (43%)
2 ms. Memory: 578048K Free: 248179K (43%)
1 ms. Memory: 578048K Free: 248179K (43%)
2 ms. Memory: 578048K Free: 238569K (41%)
1 ms. Memory: 578048K Free: 238569K (41%)
3 ms. Memory: 578048K Free: 238569K (41%)
3 ms. Memory: 578048K Free: 238569K (41%)
 The next command will produce a warning about training mode,
   which may be ignored.
3 ms. Memory: 578048K Free: 238569K (41%)
 The next command will produce a warning about training mode,
   which may be ignored.
2 ms. Memory: 578048K Free: 238569K (41%)
1 ms. Memory: 578048K Free: 238569K (41%)
1 ms. Memory: 578048K Free: 238569K (41%)
1 ms. Memory: 578048K Free: 238569K (41%)
1 ms. Memory: 578048K Free: 238569K (41%)
3 ms. Memory: 578048K Free: 228958K (40%)
/home/travis/build/icyphy/ptII/ptolemy/actor/lib/test/TestExceptionHandler.tcl
 The next command will produce a warning about training mode,
   which may be ignored.
2 ms. Memory: 578048K Free: 228958K (40%)
1 ms. Memory: 578048K Free: 228958K (40%)
0 ms. Memory: 578048K Free: 228958K (40%)
/home/travis/build/icyphy/ptII/ptolemy/actor/lib/test/UnionDisassembler.tcl
12 ms. Memory: 578048K Free: 219347K (38%)
/home/travis/build/icyphy/ptII/ptolemy/actor/lib/test/VariableClock.tcl
preinitializing
resolving types
initializing
executing number 1
wrapping up
idle
8 ms. Memory: 578048K Free: 219347K (38%)
Completed execution with 11 iterations
preinitializing
resolving types
initializing
executing number 1
wrapping up
idle
9 ms. Memory: 578048K Free: 219347K (38%)
Completed execution with 10 iterations
05/26/19 04:23:49
Failed: 0  Total Tests: 234  ((Passed: 234, Newly Passed: 0)  Known Failed: 0) /home/travis/build/icyphy/ptII/ptolemy/actor/lib/test
----------------- testing (KnownFailure) /home/travis/build/icyphy/ptII/ptolemy/actor/lib/test/auto/knownFailedTests/PublisherPortToplevelSubscriber.xml
5 ms. Memory: 578048K Free: 209629K (36%)
Known Failure: java.lang.reflect.InvocationTargetException
----------------- testing (KnownFailure) /home/travis/build/icyphy/ptII/ptolemy/actor/lib/test/auto/knownFailedTests/PublisherSubscriberPortToplevel.xml
1 ms. Memory: 578048K Free: 190194K (33%)
Known Failure: java.lang.reflect.InvocationTargetException
----------------- testing (KnownFailure) /home/travis/build/icyphy/ptII/ptolemy/actor/lib/test/auto/knownFailedTests/PublisherSubscriptionAggregatorPort.xml
3 ms. Memory: 578048K Free: 170758K (30%)
Known Failure: java.lang.reflect.InvocationTargetException
----------------- testing (KnownFailure) /home/travis/build/icyphy/ptII/ptolemy/actor/lib/test/auto/knownFailedTests/sizedarray3.xml
4 ms. Memory: 578048K Free: 151322K (26%)
Known Failure: java.lang.reflect.InvocationTargetException
No auto/linux-amd64/*.xml tests in /home/travis/build/icyphy/ptII/ptolemy/actor/lib/test
AutoTests.java: About to close Vertx.
AutoTests.java: Vertx closed.

===========================================================================================
----------------- testing Sun May 26 04:23:50 UTC 2019 /home/travis/build/icyphy/ptII/ptolemy/actor/lib/test/auto/AbsoluteValue.xml
----------------- Instantiating /home/travis/build/icyphy/ptII/ptolemy/actor/lib/test/auto/AbsoluteValue.xml
78 ms. Memory: 580608K Free: 538850K (93%)
----------------- Invoking toplevel() on ptolemy.moml.MoMLSimpleApplication@d3258dc
----------------- Done invoking toplevel() on ptolemy.moml.MoMLSimpleApplication@d3258dc
reloadAllAccessors: .AbsoluteValue

===========================================================================================
----------------- testing Sun May 26 04:23:50 UTC 2019 /home/travis/build/icyphy/ptII/ptolemy/actor/lib/test/auto/AbsoluteValue2.xml
----------------- Instantiating /home/travis/build/icyphy/ptII/ptolemy/actor/lib/test/auto/AbsoluteValue2.xml
4 ms. Memory: 580608K Free: 517711K (89%)
----------------- Invoking toplevel() on ptolemy.moml.MoMLSimpleApplication@386e5112
----------------- Done invoking toplevel() on ptolemy.moml.MoMLSimpleApplication@386e5112
reloadAllAccessors: .AbsoluteValue2

===========================================================================================
----------------- testing Sun May 26 04:23:50 UTC 2019 /home/travis/build/icyphy/ptII/ptolemy/actor/lib/test/auto/Accumulator.xml
----------------- Instantiating /home/travis/build/icyphy/ptII/ptolemy/actor/lib/test/auto/Accumulator.xml
8 ms. Memory: 580608K Free: 507993K (87%)
----------------- Invoking toplevel() on ptolemy.moml.MoMLSimpleApplication@6f9d2cad
----------------- Done invoking toplevel() on ptolemy.moml.MoMLSimpleApplication@6f9d2cad
reloadAllAccessors: .Accumulator

===========================================================================================
----------------- testing Sun May 26 04:23:50 UTC 2019 /home/travis/build/icyphy/ptII/ptolemy/actor/lib/test/auto/Accumulator2.xml
----------------- Instantiating /home/travis/build/icyphy/ptII/ptolemy/actor/lib/test/auto/Accumulator2.xml
3 ms. Memory: 580608K Free: 501515K (86%)
----------------- Invoking toplevel() on ptolemy.moml.MoMLSimpleApplication@5c48e157
----------------- Done invoking toplevel() on ptolemy.moml.MoMLSimpleApplication@5c48e157
reloadAllAccessors: .Accumulator2

===========================================================================================
----------------- testing Sun May 26 04:23:50 UTC 2019 /home/travis/build/icyphy/ptII/ptolemy/actor/lib/test/auto/Accumulator3.xml
----------------- Instantiating /home/travis/build/icyphy/ptII/ptolemy/actor/lib/test/auto/Accumulator3.xml
3 ms. Memory: 580608K Free: 495036K (85%)
----------------- Invoking toplevel() on ptolemy.moml.MoMLSimpleApplication@7a3a7dd8
----------------- Done invoking toplevel() on ptolemy.moml.MoMLSimpleApplication@7a3a7dd8
reloadAllAccessors: .Accumulator3

===========================================================================================
----------------- testing Sun May 26 04:23:50 UTC 2019 /home/travis/build/icyphy/ptII/ptolemy/actor/lib/test/auto/ArrayAppend.xml
----------------- Instantiating /home/travis/build/icyphy/ptII/ptolemy/actor/lib/test/auto/ArrayAppend.xml
4 ms. Memory: 580608K Free: 476565K (82%)
----------------- Invoking toplevel() on ptolemy.moml.MoMLSimpleApplication@7668593c
----------------- Done invoking toplevel() on ptolemy.moml.MoMLSimpleApplication@7668593c
reloadAllAccessors: .ArrayAppend

===========================================================================================
----------------- testing Sun May 26 04:23:50 UTC 2019 /home/travis/build/icyphy/ptII/ptolemy/actor/lib/test/auto/ArrayAppend2.xml
----------------- Instantiating /home/travis/build/icyphy/ptII/ptolemy/actor/lib/test/auto/ArrayAppend2.xml
476 ms. Memory: 580608K Free: 389089K (67%)
----------------- Invoking toplevel() on ptolemy.moml.MoMLSimpleApplication@739202e
----------------- Done invoking toplevel() on ptolemy.moml.MoMLSimpleApplication@739202e
reloadAllAccessors: .ArrayAppend2

===========================================================================================
----------------- testing Sun May 26 04:23:50 UTC 2019 /home/travis/build/icyphy/ptII/ptolemy/actor/lib/test/auto/ArrayAppend3.xml
----------------- Instantiating /home/travis/build/icyphy/ptII/ptolemy/actor/lib/test/auto/ArrayAppend3.xml
3 ms. Memory: 580608K Free: 382611K (66%)
----------------- Invoking toplevel() on ptolemy.moml.MoMLSimpleApplication@bfe26c3
----------------- Done invoking toplevel() on ptolemy.moml.MoMLSimpleApplication@bfe26c3
reloadAllAccessors: .ArrayAppend3

===========================================================================================
----------------- testing Sun May 26 04:23:51 UTC 2019 /home/travis/build/icyphy/ptII/ptolemy/actor/lib/test/auto/ArrayAppend4.xml
----------------- Instantiating /home/travis/build/icyphy/ptII/ptolemy/actor/lib/test/auto/ArrayAppend4.xml
2 ms. Memory: 580608K Free: 376132K (65%)
----------------- Invoking toplevel() on ptolemy.moml.MoMLSimpleApplication@7811d28c
----------------- Done invoking toplevel() on ptolemy.moml.MoMLSimpleApplication@7811d28c
reloadAllAccessors: .ArrayAppend4

===========================================================================================
----------------- testing Sun May 26 04:23:51 UTC 2019 /home/travis/build/icyphy/ptII/ptolemy/actor/lib/test/auto/ArrayAppend5.xml
----------------- Instantiating /home/travis/build/icyphy/ptII/ptolemy/actor/lib/test/auto/ArrayAppend5.xml
4 ms. Memory: 580608K Free: 360917K (62%)
----------------- Invoking toplevel() on ptolemy.moml.MoMLSimpleApplication@75abe6b6
----------------- Done invoking toplevel() on ptolemy.moml.MoMLSimpleApplication@75abe6b6
reloadAllAccessors: .ArrayAppend5

===========================================================================================
----------------- testing Sun May 26 04:23:51 UTC 2019 /home/travis/build/icyphy/ptII/ptolemy/actor/lib/test/auto/ArrayAppend6.xml
----------------- Instantiating /home/travis/build/icyphy/ptII/ptolemy/actor/lib/test/auto/ArrayAppend6.xml
4 ms. Memory: 580608K Free: 354438K (61%)
----------------- Invoking toplevel() on ptolemy.moml.MoMLSimpleApplication@46f122c6
----------------- Done invoking toplevel() on ptolemy.moml.MoMLSimpleApplication@46f122c6
reloadAllAccessors: .ArrayAppend6

===========================================================================================
----------------- testing Sun May 26 04:23:51 UTC 2019 /home/travis/build/icyphy/ptII/ptolemy/actor/lib/test/auto/ArrayAppendPerformanceTest.xml
----------------- Instantiating /home/travis/build/icyphy/ptII/ptolemy/actor/lib/test/auto/ArrayAppendPerformanceTest.xml
23 ms. Memory: 580608K Free: 341472K (59%)
----------------- Invoking toplevel() on ptolemy.moml.MoMLSimpleApplication@32acb373
----------------- Done invoking toplevel() on ptolemy.moml.MoMLSimpleApplication@32acb373
reloadAllAccessors: .ArrayAppendPerformanceTest

===========================================================================================
----------------- testing Sun May 26 04:23:51 UTC 2019 /home/travis/build/icyphy/ptII/ptolemy/actor/lib/test/auto/ArrayAppendWithEmptyInput.xml
----------------- Instantiating /home/travis/build/icyphy/ptII/ptolemy/actor/lib/test/auto/ArrayAppendWithEmptyInput.xml
22 ms. Memory: 580608K Free: 331739K (57%)
----------------- Invoking toplevel() on ptolemy.moml.MoMLSimpleApplication@60dff86
----------------- Done invoking toplevel() on ptolemy.moml.MoMLSimpleApplication@60dff86
reloadAllAccessors: .ArrayAppendWithEmptyInput

===========================================================================================
----------------- testing Sun May 26 04:23:51 UTC 2019 /home/travis/build/icyphy/ptII/ptolemy/actor/lib/test/auto/ArrayAverage.xml
----------------- Instantiating /home/travis/build/icyphy/ptII/ptolemy/actor/lib/test/auto/ArrayAverage.xml
5 ms. Memory: 580608K Free: 313268K (54%)
----------------- Invoking toplevel() on ptolemy.moml.MoMLSimpleApplication@34bf4f73
----------------- Done invoking toplevel() on ptolemy.moml.MoMLSimpleApplication@34bf4f73
reloadAllAccessors: .ArrayAverage

===========================================================================================
----------------- testing Sun May 26 04:23:51 UTC 2019 /home/travis/build/icyphy/ptII/ptolemy/actor/lib/test/auto/ArrayContains.xml
----------------- Instantiating /home/travis/build/icyphy/ptII/ptolemy/actor/lib/test/auto/ArrayContains.xml
9 ms. Memory: 580608K Free: 303534K (52%)
----------------- Invoking toplevel() on ptolemy.moml.MoMLSimpleApplication@8042349
----------------- Done invoking toplevel() on ptolemy.moml.MoMLSimpleApplication@8042349
reloadAllAccessors: .ArrayContains

===========================================================================================
----------------- testing Sun May 26 04:23:51 UTC 2019 /home/travis/build/icyphy/ptII/ptolemy/actor/lib/test/auto/ArrayElement.xml
----------------- Instantiating /home/travis/build/icyphy/ptII/ptolemy/actor/lib/test/auto/ArrayElement.xml
7 ms. Memory: 580608K Free: 297056K (51%)
----------------- Invoking toplevel() on ptolemy.moml.MoMLSimpleApplication@7ad088bf
----------------- Done invoking toplevel() on ptolemy.moml.MoMLSimpleApplication@7ad088bf
reloadAllAccessors: .ArrayElement

===========================================================================================
----------------- testing Sun May 26 04:23:51 UTC 2019 /home/travis/build/icyphy/ptII/ptolemy/actor/lib/test/auto/ArrayElementAsMatrix.xml
----------------- Instantiating /home/travis/build/icyphy/ptII/ptolemy/actor/lib/test/auto/ArrayElementAsMatrix.xml
25 ms. Memory: 580608K Free: 287338K (49%)
----------------- Invoking toplevel() on ptolemy.moml.MoMLSimpleApplication@6edf89a2
----------------- Done invoking toplevel() on ptolemy.moml.MoMLSimpleApplication@6edf89a2
reloadAllAccessors: .ArrayElementAsMatrix

===========================================================================================
----------------- testing Sun May 26 04:23:51 UTC 2019 /home/travis/build/icyphy/ptII/ptolemy/actor/lib/test/auto/ArrayElementI.xml
----------------- Instantiating /home/travis/build/icyphy/ptII/ptolemy/actor/lib/test/auto/ArrayElementI.xml
6 ms. Memory: 580608K Free: 272122K (47%)
----------------- Invoking toplevel() on ptolemy.moml.MoMLSimpleApplication@367c16b0
----------------- Done invoking toplevel() on ptolemy.moml.MoMLSimpleApplication@367c16b0
reloadAllAccessors: .ArrayElementI

===========================================================================================
----------------- testing Sun May 26 04:23:51 UTC 2019 /home/travis/build/icyphy/ptII/ptolemy/actor/lib/test/auto/ArrayExtract.xml
----------------- Instantiating /home/travis/build/icyphy/ptII/ptolemy/actor/lib/test/auto/ArrayExtract.xml
13 ms. Memory: 580608K Free: 262389K (45%)
----------------- Invoking toplevel() on ptolemy.moml.MoMLSimpleApplication@17e384f8
----------------- Done invoking toplevel() on ptolemy.moml.MoMLSimpleApplication@17e384f8
reloadAllAccessors: .ArrayExtract

===========================================================================================
----------------- testing Sun May 26 04:23:51 UTC 2019 /home/travis/build/icyphy/ptII/ptolemy/actor/lib/test/auto/ArrayExtract2.xml
----------------- Instantiating /home/travis/build/icyphy/ptII/ptolemy/actor/lib/test/auto/ArrayExtract2.xml
2 ms. Memory: 580608K Free: 255910K (44%)
----------------- Invoking toplevel() on ptolemy.moml.MoMLSimpleApplication@440b5276
----------------- Done invoking toplevel() on ptolemy.moml.MoMLSimpleApplication@440b5276
reloadAllAccessors: .ArrayExtract2

===========================================================================================
----------------- testing Sun May 26 04:23:51 UTC 2019 /home/travis/build/icyphy/ptII/ptolemy/actor/lib/test/auto/ArrayLength.xml
----------------- Instantiating /home/travis/build/icyphy/ptII/ptolemy/actor/lib/test/auto/ArrayLength.xml
2 ms. Memory: 580608K Free: 240695K (41%)
----------------- Invoking toplevel() on ptolemy.moml.MoMLSimpleApplication@6d58444c
----------------- Done invoking toplevel() on ptolemy.moml.MoMLSimpleApplication@6d58444c
reloadAllAccessors: .ArrayLength

===========================================================================================
----------------- testing Sun May 26 04:23:51 UTC 2019 /home/travis/build/icyphy/ptII/ptolemy/actor/lib/test/auto/ArrayLevelCrossing.xml
----------------- Instantiating /home/travis/build/icyphy/ptII/ptolemy/actor/lib/test/auto/ArrayLevelCrossing.xml
5 ms. Memory: 580608K Free: 230976K (40%)
----------------- Invoking toplevel() on ptolemy.moml.MoMLSimpleApplication@2b52e437
----------------- Done invoking toplevel() on ptolemy.moml.MoMLSimpleApplication@2b52e437
reloadAllAccessors: .ArrayLevelCrossing

===========================================================================================
----------------- testing Sun May 26 04:23:51 UTC 2019 /home/travis/build/icyphy/ptII/ptolemy/actor/lib/test/auto/ArrayLevelCrossing2.xml
----------------- Instantiating /home/travis/build/icyphy/ptII/ptolemy/actor/lib/test/auto/ArrayLevelCrossing2.xml
2 ms. Memory: 580608K Free: 221259K (38%)
----------------- Invoking toplevel() on ptolemy.moml.MoMLSimpleApplication@7bf7b2f7
----------------- Done invoking toplevel() on ptolemy.moml.MoMLSimpleApplication@7bf7b2f7
reloadAllAccessors: .ArrayLevelCrossing2

===========================================================================================
----------------- testing Sun May 26 04:23:51 UTC 2019 /home/travis/build/icyphy/ptII/ptolemy/actor/lib/test/auto/ArrayPeakSearch.xml
----------------- Instantiating /home/travis/build/icyphy/ptII/ptolemy/actor/lib/test/auto/ArrayPeakSearch.xml
7 ms. Memory: 580608K Free: 211525K (36%)
----------------- Invoking toplevel() on ptolemy.moml.MoMLSimpleApplication@1be6a642
----------------- Done invoking toplevel() on ptolemy.moml.MoMLSimpleApplication@1be6a642
reloadAllAccessors: .ArrayPeakSearch

===========================================================================================
----------------- testing Sun May 26 04:23:51 UTC 2019 /home/travis/build/icyphy/ptII/ptolemy/actor/lib/test/auto/ArrayPeakSearch2.xml
----------------- Instantiating /home/travis/build/icyphy/ptII/ptolemy/actor/lib/test/auto/ArrayPeakSearch2.xml
8 ms. Memory: 580608K Free: 189814K (33%)
----------------- Invoking toplevel() on ptolemy.moml.MoMLSimpleApplication@5a6dccd2
----------------- Done invoking toplevel() on ptolemy.moml.MoMLSimpleApplication@5a6dccd2
reloadAllAccessors: .ArrayPeakSearch2

===========================================================================================
----------------- testing Sun May 26 04:23:51 UTC 2019 /home/travis/build/icyphy/ptII/ptolemy/actor/lib/test/auto/ArrayPeakSearch3.xml
----------------- Instantiating /home/travis/build/icyphy/ptII/ptolemy/actor/lib/test/auto/ArrayPeakSearch3.xml
11 ms. Memory: 580608K Free: 176841K (30%)
----------------- Invoking toplevel() on ptolemy.moml.MoMLSimpleApplication@569666d7
----------------- Done invoking toplevel() on ptolemy.moml.MoMLSimpleApplication@569666d7
reloadAllAccessors: .ArrayPeakSearch3

===========================================================================================
----------------- testing Sun May 26 04:23:51 UTC 2019 /home/travis/build/icyphy/ptII/ptolemy/actor/lib/test/auto/ArrayRemoveElement.xml
----------------- Instantiating /home/travis/build/icyphy/ptII/ptolemy/actor/lib/test/auto/ArrayRemoveElement.xml
5 ms. Memory: 580608K Free: 167108K (29%)
----------------- Invoking toplevel() on ptolemy.moml.MoMLSimpleApplication@6d4756cf
----------------- Done invoking toplevel() on ptolemy.moml.MoMLSimpleApplication@6d4756cf
reloadAllAccessors: .ArrayRemoveElement

===========================================================================================
----------------- testing Sun May 26 04:23:51 UTC 2019 /home/travis/build/icyphy/ptII/ptolemy/actor/lib/test/auto/ArraySort.xml
----------------- Instantiating /home/travis/build/icyphy/ptII/ptolemy/actor/lib/test/auto/ArraySort.xml
5 ms. Memory: 580608K Free: 154134K (27%)
----------------- Invoking toplevel() on ptolemy.moml.MoMLSimpleApplication@2941a811
----------------- Done invoking toplevel() on ptolemy.moml.MoMLSimpleApplication@2941a811
reloadAllAccessors: .ArraySort

===========================================================================================
----------------- testing Sun May 26 04:23:51 UTC 2019 /home/travis/build/icyphy/ptII/ptolemy/actor/lib/test/auto/ArraySum.xml
----------------- Instantiating /home/travis/build/icyphy/ptII/ptolemy/actor/lib/test/auto/ArraySum.xml
2 ms. Memory: 580608K Free: 138919K (24%)
----------------- Invoking toplevel() on ptolemy.moml.MoMLSimpleApplication@56d66320
----------------- Done invoking toplevel() on ptolemy.moml.MoMLSimpleApplication@56d66320
reloadAllAccessors: .ArraySum

===========================================================================================
----------------- testing Sun May 26 04:23:51 UTC 2019 /home/travis/build/icyphy/ptII/ptolemy/actor/lib/test/auto/ArrayToElements.xml
----------------- Instantiating /home/travis/build/icyphy/ptII/ptolemy/actor/lib/test/auto/ArrayToElements.xml
6 ms. Memory: 580608K Free: 129185K (22%)
----------------- Invoking toplevel() on ptolemy.moml.MoMLSimpleApplication@650411d5
----------------- Done invoking toplevel() on ptolemy.moml.MoMLSimpleApplication@650411d5
reloadAllAccessors: .ArrayToElements

===========================================================================================
----------------- testing Sun May 26 04:23:52 UTC 2019 /home/travis/build/icyphy/ptII/ptolemy/actor/lib/test/auto/ArrayToMatrix.xml
----------------- Instantiating /home/travis/build/icyphy/ptII/ptolemy/actor/lib/test/auto/ArrayToMatrix.xml
11 ms. Memory: 580608K Free: 112965K (19%)
----------------- Invoking toplevel() on ptolemy.moml.MoMLSimpleApplication@3463f4e5
----------------- Done invoking toplevel() on ptolemy.moml.MoMLSimpleApplication@3463f4e5
reloadAllAccessors: .ArrayToMatrix

===========================================================================================
----------------- testing Sun May 26 04:23:52 UTC 2019 /home/travis/build/icyphy/ptII/ptolemy/actor/lib/test/auto/ArrayUpdate1.xml
----------------- Instantiating /home/travis/build/icyphy/ptII/ptolemy/actor/lib/test/auto/ArrayUpdate1.xml
5 ms. Memory: 580608K Free: 106486K (18%)
----------------- Invoking toplevel() on ptolemy.moml.MoMLSimpleApplication@6aa2c3e3
----------------- Done invoking toplevel() on ptolemy.moml.MoMLSimpleApplication@6aa2c3e3
reloadAllAccessors: .ArrayUpdate1

===========================================================================================
----------------- testing Sun May 26 04:23:52 UTC 2019 /home/travis/build/icyphy/ptII/ptolemy/actor/lib/test/auto/ArrayUpdate2.xml
----------------- Instantiating /home/travis/build/icyphy/ptII/ptolemy/actor/lib/test/auto/ArrayUpdate2.xml
5 ms. Memory: 580608K Free: 88016K (15%)
----------------- Invoking toplevel() on ptolemy.moml.MoMLSimpleApplication@7f7a66d5
----------------- Done invoking toplevel() on ptolemy.moml.MoMLSimpleApplication@7f7a66d5
reloadAllAccessors: .ArrayUpdate2

===========================================================================================
----------------- testing Sun May 26 04:23:52 UTC 2019 /home/travis/build/icyphy/ptII/ptolemy/actor/lib/test/auto/ArrayUpdate3.xml
----------------- Instantiating /home/travis/build/icyphy/ptII/ptolemy/actor/lib/test/auto/ArrayUpdate3.xml
2 ms. Memory: 580608K Free: 81537K (14%)
----------------- Invoking toplevel() on ptolemy.moml.MoMLSimpleApplication@4b8b261c
----------------- Done invoking toplevel() on ptolemy.moml.MoMLSimpleApplication@4b8b261c
reloadAllAccessors: .ArrayUpdate3

===========================================================================================
----------------- testing Sun May 26 04:23:52 UTC 2019 /home/travis/build/icyphy/ptII/ptolemy/actor/lib/test/auto/Assert1.xml
----------------- Instantiating /home/travis/build/icyphy/ptII/ptolemy/actor/lib/test/auto/Assert1.xml
6 ms. Memory: 580608K Free: 75059K (13%)
----------------- Invoking toplevel() on ptolemy.moml.MoMLSimpleApplication@3845a7f0
----------------- Done invoking toplevel() on ptolemy.moml.MoMLSimpleApplication@3845a7f0
reloadAllAccessors: .Assert1

===========================================================================================
----------------- testing Sun May 26 04:23:52 UTC 2019 /home/travis/build/icyphy/ptII/ptolemy/actor/lib/test/auto/Assert2.xml
----------------- Instantiating /home/travis/build/icyphy/ptII/ptolemy/actor/lib/test/auto/Assert2.xml
3 ms. Memory: 580608K Free: 68580K (12%)
----------------- Invoking toplevel() on ptolemy.moml.MoMLSimpleApplication@228d5960
----------------- Done invoking toplevel() on ptolemy.moml.MoMLSimpleApplication@228d5960
reloadAllAccessors: .Assert2

===========================================================================================
----------------- testing Sun May 26 04:23:52 UTC 2019 /home/travis/build/icyphy/ptII/ptolemy/actor/lib/test/auto/BooleanMultiplexor.xml
----------------- Instantiating /home/travis/build/icyphy/ptII/ptolemy/actor/lib/test/auto/BooleanMultiplexor.xml
2 ms. Memory: 580608K Free: 55391K (10%)
----------------- Invoking toplevel() on ptolemy.moml.MoMLSimpleApplication@1599c377
----------------- Done invoking toplevel() on ptolemy.moml.MoMLSimpleApplication@1599c377
reloadAllAccessors: .BooleanMultiplexor

===========================================================================================
----------------- testing Sun May 26 04:23:52 UTC 2019 /home/travis/build/icyphy/ptII/ptolemy/actor/lib/test/auto/BooleanMultiplexor2.xml
----------------- Instantiating /home/travis/build/icyphy/ptII/ptolemy/actor/lib/test/auto/BooleanMultiplexor2.xml
8 ms. Memory: 878592K Free: 827987K (94%)
----------------- Invoking toplevel() on ptolemy.moml.MoMLSimpleApplication@7aff4d7a
----------------- Done invoking toplevel() on ptolemy.moml.MoMLSimpleApplication@7aff4d7a
reloadAllAccessors: .BooleanMultiplexor2

===========================================================================================
----------------- testing Sun May 26 04:23:52 UTC 2019 /home/travis/build/icyphy/ptII/ptolemy/actor/lib/test/auto/BooleanMultiplexor3.xml
----------------- Instantiating /home/travis/build/icyphy/ptII/ptolemy/actor/lib/test/auto/BooleanMultiplexor3.xml
2 ms. Memory: 878592K Free: 807383K (92%)
----------------- Invoking toplevel() on ptolemy.moml.MoMLSimpleApplication@5994a41d
----------------- Done invoking toplevel() on ptolemy.moml.MoMLSimpleApplication@5994a41d
reloadAllAccessors: .BooleanMultiplexor3

===========================================================================================
----------------- testing Sun May 26 04:23:52 UTC 2019 /home/travis/build/icyphy/ptII/ptolemy/actor/lib/test/auto/BooleanSelect.xml
----------------- Instantiating /home/travis/build/icyphy/ptII/ptolemy/actor/lib/test/auto/BooleanSelect.xml
7 ms. Memory: 878592K Free: 797013K (91%)
----------------- Invoking toplevel() on ptolemy.moml.MoMLSimpleApplication@2c53f43e
----------------- Done invoking toplevel() on ptolemy.moml.MoMLSimpleApplication@2c53f43e
reloadAllAccessors: .BooleanSelect

===========================================================================================
----------------- testing Sun May 26 04:23:52 UTC 2019 /home/travis/build/icyphy/ptII/ptolemy/actor/lib/test/auto/BooleanSelect2.xml
----------------- Instantiating /home/travis/build/icyphy/ptII/ptolemy/actor/lib/test/auto/BooleanSelect2.xml
1 ms. Memory: 878592K Free: 786644K (90%)
----------------- Invoking toplevel() on ptolemy.moml.MoMLSimpleApplication@66aed9a6
----------------- Done invoking toplevel() on ptolemy.moml.MoMLSimpleApplication@66aed9a6
reloadAllAccessors: .BooleanSelect2

===========================================================================================
----------------- testing Sun May 26 04:23:52 UTC 2019 /home/travis/build/icyphy/ptII/ptolemy/actor/lib/test/auto/BooleanSwitch.xml
----------------- Instantiating /home/travis/build/icyphy/ptII/ptolemy/actor/lib/test/auto/BooleanSwitch.xml
2 ms. Memory: 878592K Free: 776274K (88%)
----------------- Invoking toplevel() on ptolemy.moml.MoMLSimpleApplication@4d84d126
----------------- Done invoking toplevel() on ptolemy.moml.MoMLSimpleApplication@4d84d126
reloadAllAccessors: .BooleanSwitch

===========================================================================================
----------------- testing Sun May 26 04:23:52 UTC 2019 /home/travis/build/icyphy/ptII/ptolemy/actor/lib/test/auto/BooleanSwitch2.xml
----------------- Instantiating /home/travis/build/icyphy/ptII/ptolemy/actor/lib/test/auto/BooleanSwitch2.xml
1 ms. Memory: 878592K Free: 755918K (86%)
----------------- Invoking toplevel() on ptolemy.moml.MoMLSimpleApplication@602cbc31
----------------- Done invoking toplevel() on ptolemy.moml.MoMLSimpleApplication@602cbc31
reloadAllAccessors: .BooleanSwitch2

===========================================================================================
----------------- testing Sun May 26 04:23:52 UTC 2019 /home/travis/build/icyphy/ptII/ptolemy/actor/lib/test/auto/BooleanSwitchCloningBugWithClassRelationGroup.xml
----------------- Instantiating /home/travis/build/icyphy/ptII/ptolemy/actor/lib/test/auto/BooleanSwitchCloningBugWithClassRelationGroup.xml
2 ms. Memory: 878592K Free: 745548K (85%)
----------------- Invoking toplevel() on ptolemy.moml.MoMLSimpleApplication@5c2e5f97
----------------- Done invoking toplevel() on ptolemy.moml.MoMLSimpleApplication@5c2e5f97
reloadAllAccessors: .BooleanSwitchCloningBugWithClassRelationGroup

===========================================================================================
----------------- testing Sun May 26 04:23:52 UTC 2019 /home/travis/build/icyphy/ptII/ptolemy/actor/lib/test/auto/BusActors.xml
----------------- Instantiating /home/travis/build/icyphy/ptII/ptolemy/actor/lib/test/auto/BusActors.xml
3 ms. Memory: 878592K Free: 729977K (83%)
----------------- Invoking toplevel() on ptolemy.moml.MoMLSimpleApplication@500fad85
----------------- Done invoking toplevel() on ptolemy.moml.MoMLSimpleApplication@500fad85
reloadAllAccessors: .BusActors

===========================================================================================
----------------- testing Sun May 26 04:23:52 UTC 2019 /home/travis/build/icyphy/ptII/ptolemy/actor/lib/test/auto/ClassWrapper.xml
----------------- Instantiating /home/travis/build/icyphy/ptII/ptolemy/actor/lib/test/auto/ClassWrapper.xml
2 ms. Memory: 878592K Free: 719608K (82%)
----------------- Invoking toplevel() on ptolemy.moml.MoMLSimpleApplication@79234002
----------------- Done invoking toplevel() on ptolemy.moml.MoMLSimpleApplication@79234002
reloadAllAccessors: .ClassWrapper

===========================================================================================
----------------- testing Sun May 26 04:23:52 UTC 2019 /home/travis/build/icyphy/ptII/ptolemy/actor/lib/test/auto/Clock.xml
----------------- Instantiating /home/travis/build/icyphy/ptII/ptolemy/actor/lib/test/auto/Clock.xml
1 ms. Memory: 878592K Free: 699252K (80%)
----------------- Invoking toplevel() on ptolemy.moml.MoMLSimpleApplication@69b510ee
----------------- Done invoking toplevel() on ptolemy.moml.MoMLSimpleApplication@69b510ee
reloadAllAccessors: .Clock

===========================================================================================
----------------- testing Sun May 26 04:23:52 UTC 2019 /home/travis/build/icyphy/ptII/ptolemy/actor/lib/test/auto/Clock10.xml
----------------- Instantiating /home/travis/build/icyphy/ptII/ptolemy/actor/lib/test/auto/Clock10.xml
3 ms. Memory: 878592K Free: 688882K (78%)
----------------- Invoking toplevel() on ptolemy.moml.MoMLSimpleApplication@66ec28ad
----------------- Done invoking toplevel() on ptolemy.moml.MoMLSimpleApplication@66ec28ad
reloadAllAccessors: .Clock10

===========================================================================================
----------------- testing Sun May 26 04:23:52 UTC 2019 /home/travis/build/icyphy/ptII/ptolemy/actor/lib/test/auto/Clock11.xml
----------------- Instantiating /home/travis/build/icyphy/ptII/ptolemy/actor/lib/test/auto/Clock11.xml
2 ms. Memory: 878592K Free: 678512K (77%)
----------------- Invoking toplevel() on ptolemy.moml.MoMLSimpleApplication@3507033e
----------------- Done invoking toplevel() on ptolemy.moml.MoMLSimpleApplication@3507033e
reloadAllAccessors: .Clock11

===========================================================================================
----------------- testing Sun May 26 04:23:52 UTC 2019 /home/travis/build/icyphy/ptII/ptolemy/actor/lib/test/auto/Clock12.xml
----------------- Instantiating /home/travis/build/icyphy/ptII/ptolemy/actor/lib/test/auto/Clock12.xml
2 ms. Memory: 878592K Free: 668142K (76%)
----------------- Invoking toplevel() on ptolemy.moml.MoMLSimpleApplication@25747285
----------------- Done invoking toplevel() on ptolemy.moml.MoMLSimpleApplication@25747285
reloadAllAccessors: .Clock12

===========================================================================================
----------------- testing Sun May 26 04:23:52 UTC 2019 /home/travis/build/icyphy/ptII/ptolemy/actor/lib/test/auto/Clock13.xml
----------------- Instantiating /home/travis/build/icyphy/ptII/ptolemy/actor/lib/test/auto/Clock13.xml
2 ms. Memory: 878592K Free: 657773K (75%)
----------------- Invoking toplevel() on ptolemy.moml.MoMLSimpleApplication@7e30537f
----------------- Done invoking toplevel() on ptolemy.moml.MoMLSimpleApplication@7e30537f
reloadAllAccessors: .Clock13

===========================================================================================
----------------- testing Sun May 26 04:23:52 UTC 2019 /home/travis/build/icyphy/ptII/ptolemy/actor/lib/test/auto/Clock14.xml
----------------- Instantiating /home/travis/build/icyphy/ptII/ptolemy/actor/lib/test/auto/Clock14.xml
4 ms. Memory: 878592K Free: 637417K (73%)
----------------- Invoking toplevel() on ptolemy.moml.MoMLSimpleApplication@3b3dd347
----------------- Done invoking toplevel() on ptolemy.moml.MoMLSimpleApplication@3b3dd347
reloadAllAccessors: .Clock14

===========================================================================================
----------------- testing Sun May 26 04:23:52 UTC 2019 /home/travis/build/icyphy/ptII/ptolemy/actor/lib/test/auto/Clock15.xml
----------------- Instantiating /home/travis/build/icyphy/ptII/ptolemy/actor/lib/test/auto/Clock15.xml
7 ms. Memory: 878592K Free: 627047K (71%)
----------------- Invoking toplevel() on ptolemy.moml.MoMLSimpleApplication@2fb3ddec
----------------- Done invoking toplevel() on ptolemy.moml.MoMLSimpleApplication@2fb3ddec
reloadAllAccessors: .Clock15

===========================================================================================
----------------- testing Sun May 26 04:23:52 UTC 2019 /home/travis/build/icyphy/ptII/ptolemy/actor/lib/test/auto/Clock16.xml
----------------- Instantiating /home/travis/build/icyphy/ptII/ptolemy/actor/lib/test/auto/Clock16.xml
28 ms. Memory: 878592K Free: 611492K (70%)
----------------- Invoking toplevel() on ptolemy.moml.MoMLSimpleApplication@34bea3f8
----------------- Done invoking toplevel() on ptolemy.moml.MoMLSimpleApplication@34bea3f8
reloadAllAccessors: .Clock16

===========================================================================================
----------------- testing Sun May 26 04:23:52 UTC 2019 /home/travis/build/icyphy/ptII/ptolemy/actor/lib/test/auto/Clock17.xml
----------------- Instantiating /home/travis/build/icyphy/ptII/ptolemy/actor/lib/test/auto/Clock17.xml
26 ms. Memory: 878592K Free: 595922K (68%)
----------------- Invoking toplevel() on ptolemy.moml.MoMLSimpleApplication@71fe7cb9
----------------- Done invoking toplevel() on ptolemy.moml.MoMLSimpleApplication@71fe7cb9
reloadAllAccessors: .Clock17

===========================================================================================
----------------- testing Sun May 26 04:23:52 UTC 2019 /home/travis/build/icyphy/ptII/ptolemy/actor/lib/test/auto/Clock18.xml
----------------- Instantiating /home/travis/build/icyphy/ptII/ptolemy/actor/lib/test/auto/Clock18.xml
30 ms. Memory: 878592K Free: 570380K (65%)
----------------- Invoking toplevel() on ptolemy.moml.MoMLSimpleApplication@37c33443
----------------- Done invoking toplevel() on ptolemy.moml.MoMLSimpleApplication@37c33443
reloadAllAccessors: .Clock18

===========================================================================================
----------------- testing Sun May 26 04:23:52 UTC 2019 /home/travis/build/icyphy/ptII/ptolemy/actor/lib/test/auto/Clock19.xml
----------------- Instantiating /home/travis/build/icyphy/ptII/ptolemy/actor/lib/test/auto/Clock19.xml
15 ms. Memory: 878592K Free: 554810K (63%)
----------------- Invoking toplevel() on ptolemy.moml.MoMLSimpleApplication@4c09458b
----------------- Done invoking toplevel() on ptolemy.moml.MoMLSimpleApplication@4c09458b
reloadAllAccessors: .Clock19

===========================================================================================
----------------- testing Sun May 26 04:23:52 UTC 2019 /home/travis/build/icyphy/ptII/ptolemy/actor/lib/test/auto/Clock2.xml
----------------- Instantiating /home/travis/build/icyphy/ptII/ptolemy/actor/lib/test/auto/Clock2.xml
10 ms. Memory: 878592K Free: 544440K (62%)
----------------- Invoking toplevel() on ptolemy.moml.MoMLSimpleApplication@4eaff8ef
----------------- Done invoking toplevel() on ptolemy.moml.MoMLSimpleApplication@4eaff8ef
reloadAllAccessors: .Clock2

===========================================================================================
----------------- testing Sun May 26 04:23:52 UTC 2019 /home/travis/build/icyphy/ptII/ptolemy/actor/lib/test/auto/Clock20.xml
----------------- Instantiating /home/travis/build/icyphy/ptII/ptolemy/actor/lib/test/auto/Clock20.xml
11 ms. Memory: 878592K Free: 534070K (61%)
----------------- Invoking toplevel() on ptolemy.moml.MoMLSimpleApplication@4c87e915
----------------- Done invoking toplevel() on ptolemy.moml.MoMLSimpleApplication@4c87e915
reloadAllAccessors: .Clock20

===========================================================================================
----------------- testing Sun May 26 04:23:52 UTC 2019 /home/travis/build/icyphy/ptII/ptolemy/actor/lib/test/auto/Clock21.xml
----------------- Instantiating /home/travis/build/icyphy/ptII/ptolemy/actor/lib/test/auto/Clock21.xml
7 ms. Memory: 878592K Free: 523701K (60%)
----------------- Invoking toplevel() on ptolemy.moml.MoMLSimpleApplication@746ac9f2
----------------- Done invoking toplevel() on ptolemy.moml.MoMLSimpleApplication@746ac9f2
reloadAllAccessors: .Clock21

===========================================================================================
----------------- testing Sun May 26 04:23:52 UTC 2019 /home/travis/build/icyphy/ptII/ptolemy/actor/lib/test/auto/Clock22.xml
----------------- Instantiating /home/travis/build/icyphy/ptII/ptolemy/actor/lib/test/auto/Clock22.xml
7 ms. Memory: 878592K Free: 503345K (57%)
----------------- Invoking toplevel() on ptolemy.moml.MoMLSimpleApplication@94ac6c7
----------------- Done invoking toplevel() on ptolemy.moml.MoMLSimpleApplication@94ac6c7
reloadAllAccessors: .Clock22

===========================================================================================
----------------- testing Sun May 26 04:23:52 UTC 2019 /home/travis/build/icyphy/ptII/ptolemy/actor/lib/test/auto/Clock23.xml
----------------- Instantiating /home/travis/build/icyphy/ptII/ptolemy/actor/lib/test/auto/Clock23.xml
9 ms. Memory: 878592K Free: 492975K (56%)
----------------- Invoking toplevel() on ptolemy.moml.MoMLSimpleApplication@76a7af0d
----------------- Done invoking toplevel() on ptolemy.moml.MoMLSimpleApplication@76a7af0d
reloadAllAccessors: .Clock23

===========================================================================================
----------------- testing Sun May 26 04:23:53 UTC 2019 /home/travis/build/icyphy/ptII/ptolemy/actor/lib/test/auto/Clock24.xml
----------------- Instantiating /home/travis/build/icyphy/ptII/ptolemy/actor/lib/test/auto/Clock24.xml
7 ms. Memory: 878592K Free: 482605K (55%)
----------------- Invoking toplevel() on ptolemy.moml.MoMLSimpleApplication@da5799f
----------------- Done invoking toplevel() on ptolemy.moml.MoMLSimpleApplication@da5799f
reloadAllAccessors: .Clock24

===========================================================================================
----------------- testing Sun May 26 04:23:53 UTC 2019 /home/travis/build/icyphy/ptII/ptolemy/actor/lib/test/auto/Clock4.xml
----------------- Instantiating /home/travis/build/icyphy/ptII/ptolemy/actor/lib/test/auto/Clock4.xml
6 ms. Memory: 878592K Free: 472235K (54%)
----------------- Invoking toplevel() on ptolemy.moml.MoMLSimpleApplication@1bb1edba
----------------- Done invoking toplevel() on ptolemy.moml.MoMLSimpleApplication@1bb1edba
reloadAllAccessors: .Clock4

===========================================================================================
----------------- testing Sun May 26 04:23:53 UTC 2019 /home/travis/build/icyphy/ptII/ptolemy/actor/lib/test/auto/Clock5.xml
----------------- Instantiating /home/travis/build/icyphy/ptII/ptolemy/actor/lib/test/auto/Clock5.xml
2 ms. Memory: 878592K Free: 451879K (51%)
----------------- Invoking toplevel() on ptolemy.moml.MoMLSimpleApplication@25af613
----------------- Done invoking toplevel() on ptolemy.moml.MoMLSimpleApplication@25af613
reloadAllAccessors: .Clock5

===========================================================================================
----------------- testing Sun May 26 04:23:53 UTC 2019 /home/travis/build/icyphy/ptII/ptolemy/actor/lib/test/auto/Clock6.xml
----------------- Instantiating /home/travis/build/icyphy/ptII/ptolemy/actor/lib/test/auto/Clock6.xml
3 ms. Memory: 878592K Free: 441509K (50%)
----------------- Invoking toplevel() on ptolemy.moml.MoMLSimpleApplication@14aaa9d9
----------------- Done invoking toplevel() on ptolemy.moml.MoMLSimpleApplication@14aaa9d9
reloadAllAccessors: .Clock6

===========================================================================================
----------------- testing Sun May 26 04:23:53 UTC 2019 /home/travis/build/icyphy/ptII/ptolemy/actor/lib/test/auto/Clock7.xml
----------------- Instantiating /home/travis/build/icyphy/ptII/ptolemy/actor/lib/test/auto/Clock7.xml
3 ms. Memory: 878592K Free: 431140K (49%)
----------------- Invoking toplevel() on ptolemy.moml.MoMLSimpleApplication@314d2fce
----------------- Done invoking toplevel() on ptolemy.moml.MoMLSimpleApplication@314d2fce
reloadAllAccessors: .Clock7

===========================================================================================
----------------- testing Sun May 26 04:23:53 UTC 2019 /home/travis/build/icyphy/ptII/ptolemy/actor/lib/test/auto/Clock8.xml
----------------- Instantiating /home/travis/build/icyphy/ptII/ptolemy/actor/lib/test/auto/Clock8.xml
6 ms. Memory: 878592K Free: 420770K (48%)
----------------- Invoking toplevel() on ptolemy.moml.MoMLSimpleApplication@6c80fb3b
----------------- Done invoking toplevel() on ptolemy.moml.MoMLSimpleApplication@6c80fb3b
reloadAllAccessors: .Clock8

===========================================================================================
----------------- testing Sun May 26 04:23:53 UTC 2019 /home/travis/build/icyphy/ptII/ptolemy/actor/lib/test/auto/Clock9.xml
----------------- Instantiating /home/travis/build/icyphy/ptII/ptolemy/actor/lib/test/auto/Clock9.xml
6 ms. Memory: 878592K Free: 410400K (47%)
----------------- Invoking toplevel() on ptolemy.moml.MoMLSimpleApplication@62121fe0
----------------- Done invoking toplevel() on ptolemy.moml.MoMLSimpleApplication@62121fe0
reloadAllAccessors: .Clock9

===========================================================================================
----------------- testing Sun May 26 04:23:53 UTC 2019 /home/travis/build/icyphy/ptII/ptolemy/actor/lib/test/auto/CommDistDiscard.xml
----------------- Instantiating /home/travis/build/icyphy/ptII/ptolemy/actor/lib/test/auto/CommDistDiscard.xml
2 ms. Memory: 878592K Free: 390044K (44%)
----------------- Invoking toplevel() on ptolemy.moml.MoMLSimpleApplication@22cda784
----------------- Done invoking toplevel() on ptolemy.moml.MoMLSimpleApplication@22cda784
reloadAllAccessors: .CommDistDiscard

===========================================================================================
----------------- testing Sun May 26 04:23:53 UTC 2019 /home/travis/build/icyphy/ptII/ptolemy/actor/lib/test/auto/Commutator.xml
----------------- Instantiating /home/travis/build/icyphy/ptII/ptolemy/actor/lib/test/auto/Commutator.xml
2 ms. Memory: 878592K Free: 379675K (43%)
----------------- Invoking toplevel() on ptolemy.moml.MoMLSimpleApplication@716d9590
----------------- Done invoking toplevel() on ptolemy.moml.MoMLSimpleApplication@716d9590
reloadAllAccessors: .Commutator

===========================================================================================
----------------- testing Sun May 26 04:23:53 UTC 2019 /home/travis/build/icyphy/ptII/ptolemy/actor/lib/test/auto/Commutator2.xml
----------------- Instantiating /home/travis/build/icyphy/ptII/ptolemy/actor/lib/test/auto/Commutator2.xml
1 ms. Memory: 878592K Free: 369305K (42%)
----------------- Invoking toplevel() on ptolemy.moml.MoMLSimpleApplication@2353e536
----------------- Done invoking toplevel() on ptolemy.moml.MoMLSimpleApplication@2353e536
reloadAllAccessors: .Commutator2

===========================================================================================
----------------- testing Sun May 26 04:23:53 UTC 2019 /home/travis/build/icyphy/ptII/ptolemy/actor/lib/test/auto/Commutator3.xml
----------------- Instantiating /home/travis/build/icyphy/ptII/ptolemy/actor/lib/test/auto/Commutator3.xml
1 ms. Memory: 878592K Free: 358935K (41%)
----------------- Invoking toplevel() on ptolemy.moml.MoMLSimpleApplication@2e1a5f36
----------------- Done invoking toplevel() on ptolemy.moml.MoMLSimpleApplication@2e1a5f36
reloadAllAccessors: .Commutator3

===========================================================================================
----------------- testing Sun May 26 04:23:53 UTC 2019 /home/travis/build/icyphy/ptII/ptolemy/actor/lib/test/auto/Compare.xml
----------------- Instantiating /home/travis/build/icyphy/ptII/ptolemy/actor/lib/test/auto/Compare.xml
2 ms. Memory: 878592K Free: 338579K (39%)
----------------- Invoking toplevel() on ptolemy.moml.MoMLSimpleApplication@42105b68
----------------- Done invoking toplevel() on ptolemy.moml.MoMLSimpleApplication@42105b68
reloadAllAccessors: .Compare

===========================================================================================
----------------- testing Sun May 26 04:23:53 UTC 2019 /home/travis/build/icyphy/ptII/ptolemy/actor/lib/test/auto/CompareDE.xml
----------------- Instantiating /home/travis/build/icyphy/ptII/ptolemy/actor/lib/test/auto/CompareDE.xml
3 ms. Memory: 878592K Free: 328209K (37%)
----------------- Invoking toplevel() on ptolemy.moml.MoMLSimpleApplication@5e9a38da
----------------- Done invoking toplevel() on ptolemy.moml.MoMLSimpleApplication@5e9a38da
reloadAllAccessors: .CompareDE

===========================================================================================
----------------- testing Sun May 26 04:23:53 UTC 2019 /home/travis/build/icyphy/ptII/ptolemy/actor/lib/test/auto/ComplexDivide.xml
----------------- Instantiating /home/travis/build/icyphy/ptII/ptolemy/actor/lib/test/auto/ComplexDivide.xml
1 ms. Memory: 878592K Free: 317839K (36%)
----------------- Invoking toplevel() on ptolemy.moml.MoMLSimpleApplication@a9ab17c
----------------- Done invoking toplevel() on ptolemy.moml.MoMLSimpleApplication@a9ab17c
reloadAllAccessors: .ComplexDivide

===========================================================================================
----------------- testing Sun May 26 04:23:53 UTC 2019 /home/travis/build/icyphy/ptII/ptolemy/actor/lib/test/auto/ComputeHistogram.xml
----------------- Instantiating /home/travis/build/icyphy/ptII/ptolemy/actor/lib/test/auto/ComputeHistogram.xml
22 ms. Memory: 878592K Free: 302269K (34%)
----------------- Invoking toplevel() on ptolemy.moml.MoMLSimpleApplication@65c5149c
----------------- Done invoking toplevel() on ptolemy.moml.MoMLSimpleApplication@65c5149c
reloadAllAccessors: .ComputeHistogram

===========================================================================================
----------------- testing Sun May 26 04:23:53 UTC 2019 /home/travis/build/icyphy/ptII/ptolemy/actor/lib/test/auto/ConfigurationSelect.xml
----------------- Instantiating /home/travis/build/icyphy/ptII/ptolemy/actor/lib/test/auto/ConfigurationSelect.xml
3 ms. Memory: 878592K Free: 281913K (32%)
----------------- Invoking toplevel() on ptolemy.moml.MoMLSimpleApplication@f11e4ee
----------------- Done invoking toplevel() on ptolemy.moml.MoMLSimpleApplication@f11e4ee
reloadAllAccessors: .ConfigurationSelect

===========================================================================================
----------------- testing Sun May 26 04:23:53 UTC 2019 /home/travis/build/icyphy/ptII/ptolemy/actor/lib/test/auto/ConfigurationSelect2.xml
----------------- Instantiating /home/travis/build/icyphy/ptII/ptolemy/actor/lib/test/auto/ConfigurationSelect2.xml
2 ms. Memory: 878592K Free: 271543K (31%)
----------------- Invoking toplevel() on ptolemy.moml.MoMLSimpleApplication@7f5a8e6c
----------------- Done invoking toplevel() on ptolemy.moml.MoMLSimpleApplication@7f5a8e6c
reloadAllAccessors: .ConfigurationSelect2

===========================================================================================
----------------- testing Sun May 26 04:23:53 UTC 2019 /home/travis/build/icyphy/ptII/ptolemy/actor/lib/test/auto/ConfigurationSwitch.xml
----------------- Instantiating /home/travis/build/icyphy/ptII/ptolemy/actor/lib/test/auto/ConfigurationSwitch.xml
2 ms. Memory: 878592K Free: 261173K (30%)
----------------- Invoking toplevel() on ptolemy.moml.MoMLSimpleApplication@6fe1c67c
----------------- Done invoking toplevel() on ptolemy.moml.MoMLSimpleApplication@6fe1c67c
reloadAllAccessors: .ConfigurationSwitch

===========================================================================================
----------------- testing Sun May 26 04:23:53 UTC 2019 /home/travis/build/icyphy/ptII/ptolemy/actor/lib/test/auto/ConfigurationSwitch2.xml
----------------- Instantiating /home/travis/build/icyphy/ptII/ptolemy/actor/lib/test/auto/ConfigurationSwitch2.xml
2 ms. Memory: 878592K Free: 250804K (29%)
----------------- Invoking toplevel() on ptolemy.moml.MoMLSimpleApplication@f045325
----------------- Done invoking toplevel() on ptolemy.moml.MoMLSimpleApplication@f045325
reloadAllAccessors: .ConfigurationSwitch2

===========================================================================================
----------------- testing Sun May 26 04:23:53 UTC 2019 /home/travis/build/icyphy/ptII/ptolemy/actor/lib/test/auto/ConfigurationSwitchCloningBugWithClassRelationGroup.xml
----------------- Instantiating /home/travis/build/icyphy/ptII/ptolemy/actor/lib/test/auto/ConfigurationSwitchCloningBugWithClassRelationGroup.xml
1 ms. Memory: 878592K Free: 240434K (27%)
----------------- Invoking toplevel() on ptolemy.moml.MoMLSimpleApplication@2546ae23
----------------- Done invoking toplevel() on ptolemy.moml.MoMLSimpleApplication@2546ae23
reloadAllAccessors: .ConfigurationSwitchCloningBugWithClassRelationGroup

===========================================================================================
----------------- testing Sun May 26 04:23:53 UTC 2019 /home/travis/build/icyphy/ptII/ptolemy/actor/lib/test/auto/ConfigurationSwitchSelectSDF.xml
----------------- Instantiating /home/travis/build/icyphy/ptII/ptolemy/actor/lib/test/auto/ConfigurationSwitchSelectSDF.xml
4 ms. Memory: 878592K Free: 220078K (25%)
----------------- Invoking toplevel() on ptolemy.moml.MoMLSimpleApplication@54338a3d
----------------- Done invoking toplevel() on ptolemy.moml.MoMLSimpleApplication@54338a3d
reloadAllAccessors: .ConfigurationSwitchSelectSDF

===========================================================================================
----------------- testing Sun May 26 04:23:53 UTC 2019 /home/travis/build/icyphy/ptII/ptolemy/actor/lib/test/auto/ConfigurationSwitchSelectSDF2.xml
----------------- Instantiating /home/travis/build/icyphy/ptII/ptolemy/actor/lib/test/auto/ConfigurationSwitchSelectSDF2.xml
2 ms. Memory: 878592K Free: 209708K (24%)
----------------- Invoking toplevel() on ptolemy.moml.MoMLSimpleApplication@2ae6f59c
----------------- Done invoking toplevel() on ptolemy.moml.MoMLSimpleApplication@2ae6f59c
reloadAllAccessors: .ConfigurationSwitchSelectSDF2

===========================================================================================
----------------- testing Sun May 26 04:23:53 UTC 2019 /home/travis/build/icyphy/ptII/ptolemy/actor/lib/test/auto/Const.xml
----------------- Instantiating /home/travis/build/icyphy/ptII/ptolemy/actor/lib/test/auto/Const.xml
2 ms. Memory: 878592K Free: 199338K (23%)
----------------- Invoking toplevel() on ptolemy.moml.MoMLSimpleApplication@67f13ee8
----------------- Done invoking toplevel() on ptolemy.moml.MoMLSimpleApplication@67f13ee8
reloadAllAccessors: .Const

===========================================================================================
----------------- testing Sun May 26 04:23:53 UTC 2019 /home/travis/build/icyphy/ptII/ptolemy/actor/lib/test/auto/Const2.xml
----------------- Instantiating /home/travis/build/icyphy/ptII/ptolemy/actor/lib/test/auto/Const2.xml
2 ms. Memory: 878592K Free: 188969K (22%)
----------------- Invoking toplevel() on ptolemy.moml.MoMLSimpleApplication@da64c7e
----------------- Done invoking toplevel() on ptolemy.moml.MoMLSimpleApplication@da64c7e
reloadAllAccessors: .Const2

===========================================================================================
----------------- testing Sun May 26 04:23:53 UTC 2019 /home/travis/build/icyphy/ptII/ptolemy/actor/lib/test/auto/Const3.xml
----------------- Instantiating /home/travis/build/icyphy/ptII/ptolemy/actor/lib/test/auto/Const3.xml
1 ms. Memory: 878592K Free: 168613K (19%)
----------------- Invoking toplevel() on ptolemy.moml.MoMLSimpleApplication@3ed1ef52
----------------- Done invoking toplevel() on ptolemy.moml.MoMLSimpleApplication@3ed1ef52
reloadAllAccessors: .Const3

===========================================================================================
----------------- testing Sun May 26 04:23:53 UTC 2019 /home/travis/build/icyphy/ptII/ptolemy/actor/lib/test/auto/ConstantPublisherPort1.xml
----------------- Instantiating /home/travis/build/icyphy/ptII/ptolemy/actor/lib/test/auto/ConstantPublisherPort1.xml
5 ms. Memory: 878592K Free: 153042K (17%)
----------------- Invoking toplevel() on ptolemy.moml.MoMLSimpleApplication@78e52a82
----------------- Done invoking toplevel() on ptolemy.moml.MoMLSimpleApplication@78e52a82
reloadAllAccessors: .ConstantPublisherPort1

===========================================================================================
----------------- testing Sun May 26 04:23:53 UTC 2019 /home/travis/build/icyphy/ptII/ptolemy/actor/lib/test/auto/ConstantPublisherPort2.xml
----------------- Instantiating /home/travis/build/icyphy/ptII/ptolemy/actor/lib/test/auto/ConstantPublisherPort2.xml
10 ms. Memory: 878592K Free: 142672K (16%)
----------------- Invoking toplevel() on ptolemy.moml.MoMLSimpleApplication@60c89864
----------------- Done invoking toplevel() on ptolemy.moml.MoMLSimpleApplication@60c89864
reloadAllAccessors: .ConstantPublisherPort2

===========================================================================================
----------------- testing Sun May 26 04:23:53 UTC 2019 /home/travis/build/icyphy/ptII/ptolemy/actor/lib/test/auto/ConstantPublisherPort3.xml
----------------- Instantiating /home/travis/build/icyphy/ptII/ptolemy/actor/lib/test/auto/ConstantPublisherPort3.xml
8 ms. Memory: 878592K Free: 132303K (15%)
----------------- Invoking toplevel() on ptolemy.moml.MoMLSimpleApplication@1b678622
----------------- Done invoking toplevel() on ptolemy.moml.MoMLSimpleApplication@1b678622
reloadAllAccessors: .ConstantPublisherPort3

===========================================================================================
----------------- testing Sun May 26 04:23:53 UTC 2019 /home/travis/build/icyphy/ptII/ptolemy/actor/lib/test/auto/ConstantPublisherPort4.xml
----------------- Instantiating /home/travis/build/icyphy/ptII/ptolemy/actor/lib/test/auto/ConstantPublisherPort4.xml
3 ms. Memory: 878592K Free: 121933K (14%)
----------------- Invoking toplevel() on ptolemy.moml.MoMLSimpleApplication@62ae7ed0
----------------- Done invoking toplevel() on ptolemy.moml.MoMLSimpleApplication@62ae7ed0
reloadAllAccessors: .ConstantPublisherPort4

===========================================================================================
----------------- testing Sun May 26 04:23:53 UTC 2019 /home/travis/build/icyphy/ptII/ptolemy/actor/lib/test/auto/ConstantPublisherPort5.xml
----------------- Instantiating /home/travis/build/icyphy/ptII/ptolemy/actor/lib/test/auto/ConstantPublisherPort5.xml
25 ms. Memory: 878592K Free: 86006K (10%)
----------------- Invoking toplevel() on ptolemy.moml.MoMLSimpleApplication@2a1efcdb
----------------- Done invoking toplevel() on ptolemy.moml.MoMLSimpleApplication@2a1efcdb
reloadAllAccessors: .ConstantPublisherPort5

===========================================================================================
----------------- testing Sun May 26 04:23:53 UTC 2019 /home/travis/build/icyphy/ptII/ptolemy/actor/lib/test/auto/ConstantPublisherPort6.xml
----------------- Instantiating /home/travis/build/icyphy/ptII/ptolemy/actor/lib/test/auto/ConstantPublisherPort6.xml
17 ms. Memory: 878592K Free: 60629K (7%)
----------------- Invoking toplevel() on ptolemy.moml.MoMLSimpleApplication@7716ab71
----------------- Done invoking toplevel() on ptolemy.moml.MoMLSimpleApplication@7716ab71
reloadAllAccessors: .ConstantPublisherPort6

===========================================================================================
----------------- testing Sun May 26 04:23:53 UTC 2019 /home/travis/build/icyphy/ptII/ptolemy/actor/lib/test/auto/ConstantPublisherPort7.xml
----------------- Instantiating /home/travis/build/icyphy/ptII/ptolemy/actor/lib/test/auto/ConstantPublisherPort7.xml
15 ms. Memory: 879616K Free: 812959K (92%)
----------------- Invoking toplevel() on ptolemy.moml.MoMLSimpleApplication@13c13875
----------------- Done invoking toplevel() on ptolemy.moml.MoMLSimpleApplication@13c13875
reloadAllAccessors: .ConstantPublisherPort7

===========================================================================================
----------------- testing Sun May 26 04:23:53 UTC 2019 /home/travis/build/icyphy/ptII/ptolemy/actor/lib/test/auto/ConstraintMonitor1.xml
----------------- Instantiating /home/travis/build/icyphy/ptII/ptolemy/actor/lib/test/auto/ConstraintMonitor1.xml
1 ms. Memory: 879616K Free: 795240K (90%)
----------------- Invoking toplevel() on ptolemy.moml.MoMLSimpleApplication@3fabf95
----------------- Done invoking toplevel() on ptolemy.moml.MoMLSimpleApplication@3fabf95
reloadAllAccessors: .ConstraintMonitor1

===========================================================================================
----------------- testing Sun May 26 04:23:53 UTC 2019 /home/travis/build/icyphy/ptII/ptolemy/actor/lib/test/auto/ConstraintMonitor2.xml
----------------- Instantiating /home/travis/build/icyphy/ptII/ptolemy/actor/lib/test/auto/ConstraintMonitor2.xml
6 ms. Memory: 879616K Free: 784709K (89%)
----------------- Invoking toplevel() on ptolemy.moml.MoMLSimpleApplication@136d2a39
----------------- Done invoking toplevel() on ptolemy.moml.MoMLSimpleApplication@136d2a39
reloadAllAccessors: .ConstraintMonitor2

===========================================================================================
----------------- testing Sun May 26 04:23:53 UTC 2019 /home/travis/build/icyphy/ptII/ptolemy/actor/lib/test/auto/ConstraintMonitor3.xml
----------------- Instantiating /home/travis/build/icyphy/ptII/ptolemy/actor/lib/test/auto/ConstraintMonitor3.xml
6 ms. Memory: 879616K Free: 774339K (88%)
----------------- Invoking toplevel() on ptolemy.moml.MoMLSimpleApplication@28fa3caa
----------------- Done invoking toplevel() on ptolemy.moml.MoMLSimpleApplication@28fa3caa
reloadAllAccessors: .ConstraintMonitor3

===========================================================================================
----------------- testing Sun May 26 04:23:53 UTC 2019 /home/travis/build/icyphy/ptII/ptolemy/actor/lib/test/auto/ConstraintMonitor4.xml
----------------- Instantiating /home/travis/build/icyphy/ptII/ptolemy/actor/lib/test/auto/ConstraintMonitor4.xml
8 ms. Memory: 879616K Free: 756621K (86%)
----------------- Invoking toplevel() on ptolemy.moml.MoMLSimpleApplication@3741a267
----------------- Done invoking toplevel() on ptolemy.moml.MoMLSimpleApplication@3741a267
reloadAllAccessors: .ConstraintMonitor4

===========================================================================================
----------------- testing Sun May 26 04:23:53 UTC 2019 /home/travis/build/icyphy/ptII/ptolemy/actor/lib/test/auto/ConstraintMonitor5.xml
----------------- Instantiating /home/travis/build/icyphy/ptII/ptolemy/actor/lib/test/auto/ConstraintMonitor5.xml
6 ms. Memory: 879616K Free: 746251K (85%)
----------------- Invoking toplevel() on ptolemy.moml.MoMLSimpleApplication@1388629b
----------------- Done invoking toplevel() on ptolemy.moml.MoMLSimpleApplication@1388629b
reloadAllAccessors: .ConstraintMonitor5

===========================================================================================
----------------- testing Sun May 26 04:23:53 UTC 2019 /home/travis/build/icyphy/ptII/ptolemy/actor/lib/test/auto/ConstraintMonitor6.xml
----------------- Instantiating /home/travis/build/icyphy/ptII/ptolemy/actor/lib/test/auto/ConstraintMonitor6.xml
2 ms. Memory: 879616K Free: 735881K (84%)
----------------- Invoking toplevel() on ptolemy.moml.MoMLSimpleApplication@64f5d694
----------------- Done invoking toplevel() on ptolemy.moml.MoMLSimpleApplication@64f5d694
reloadAllAccessors: .ConstraintMonitor6

===========================================================================================
----------------- testing Sun May 26 04:23:54 UTC 2019 /home/travis/build/icyphy/ptII/ptolemy/actor/lib/test/auto/ConstraintMonitor7.xml
----------------- Instantiating /home/travis/build/icyphy/ptII/ptolemy/actor/lib/test/auto/ConstraintMonitor7.xml
2 ms. Memory: 879616K Free: 718163K (82%)
----------------- Invoking toplevel() on ptolemy.moml.MoMLSimpleApplication@77a78b65
----------------- Done invoking toplevel() on ptolemy.moml.MoMLSimpleApplication@77a78b65
reloadAllAccessors: .ConstraintMonitor7

===========================================================================================
----------------- testing Sun May 26 04:23:54 UTC 2019 /home/travis/build/icyphy/ptII/ptolemy/actor/lib/test/auto/ConstraintMonitor8.xml
----------------- Instantiating /home/travis/build/icyphy/ptII/ptolemy/actor/lib/test/auto/ConstraintMonitor8.xml
8 ms. Memory: 879616K Free: 707794K (80%)
----------------- Invoking toplevel() on ptolemy.moml.MoMLSimpleApplication@72e0d28c
----------------- Done invoking toplevel() on ptolemy.moml.MoMLSimpleApplication@72e0d28c
reloadAllAccessors: .ConstraintMonitor8

===========================================================================================
----------------- testing Sun May 26 04:23:54 UTC 2019 /home/travis/build/icyphy/ptII/ptolemy/actor/lib/test/auto/Counter.xml
----------------- Instantiating /home/travis/build/icyphy/ptII/ptolemy/actor/lib/test/auto/Counter.xml
3 ms. Memory: 879616K Free: 697424K (79%)
----------------- Invoking toplevel() on ptolemy.moml.MoMLSimpleApplication@88de04a
----------------- Done invoking toplevel() on ptolemy.moml.MoMLSimpleApplication@88de04a
reloadAllAccessors: .Counter

===========================================================================================
----------------- testing Sun May 26 04:23:54 UTC 2019 /home/travis/build/icyphy/ptII/ptolemy/actor/lib/test/auto/CurrentTimeSDF.xml
----------------- Instantiating /home/travis/build/icyphy/ptII/ptolemy/actor/lib/test/auto/CurrentTimeSDF.xml
6 ms. Memory: 879616K Free: 679705K (77%)
----------------- Invoking toplevel() on ptolemy.moml.MoMLSimpleApplication@16bf4a18
----------------- Done invoking toplevel() on ptolemy.moml.MoMLSimpleApplication@16bf4a18
reloadAllAccessors: .CurrentTimeSDF

===========================================================================================
----------------- testing Sun May 26 04:23:54 UTC 2019 /home/travis/build/icyphy/ptII/ptolemy/actor/lib/test/auto/DB.xml
----------------- Instantiating /home/travis/build/icyphy/ptII/ptolemy/actor/lib/test/auto/DB.xml
5 ms. Memory: 879616K Free: 669336K (76%)
----------------- Invoking toplevel() on ptolemy.moml.MoMLSimpleApplication@19fb310a
----------------- Done invoking toplevel() on ptolemy.moml.MoMLSimpleApplication@19fb310a
reloadAllAccessors: .DB

===========================================================================================
----------------- testing Sun May 26 04:23:54 UTC 2019 /home/travis/build/icyphy/ptII/ptolemy/actor/lib/test/auto/DBDE.xml
----------------- Instantiating /home/travis/build/icyphy/ptII/ptolemy/actor/lib/test/auto/DBDE.xml
2 ms. Memory: 879616K Free: 658966K (75%)
----------------- Invoking toplevel() on ptolemy.moml.MoMLSimpleApplication@2ad2008d
----------------- Done invoking toplevel() on ptolemy.moml.MoMLSimpleApplication@2ad2008d
reloadAllAccessors: .DBDE

===========================================================================================
----------------- testing Sun May 26 04:23:54 UTC 2019 /home/travis/build/icyphy/ptII/ptolemy/actor/lib/test/auto/DateConstructor.xml
----------------- Instantiating /home/travis/build/icyphy/ptII/ptolemy/actor/lib/test/auto/DateConstructor.xml
15 ms. Memory: 879616K Free: 630862K (72%)
----------------- Invoking toplevel() on ptolemy.moml.MoMLSimpleApplication@6a13ce48
----------------- Done invoking toplevel() on ptolemy.moml.MoMLSimpleApplication@6a13ce48
reloadAllAccessors: .DateConstructor

===========================================================================================
----------------- testing Sun May 26 04:23:54 UTC 2019 /home/travis/build/icyphy/ptII/ptolemy/actor/lib/test/auto/DelayTime.xml
----------------- Instantiating /home/travis/build/icyphy/ptII/ptolemy/actor/lib/test/auto/DelayTime.xml
3 ms. Memory: 879616K Free: 620492K (71%)
----------------- Invoking toplevel() on ptolemy.moml.MoMLSimpleApplication@13d1769e
----------------- Done invoking toplevel() on ptolemy.moml.MoMLSimpleApplication@13d1769e
reloadAllAccessors: .DelayTime

===========================================================================================
----------------- testing Sun May 26 04:23:54 UTC 2019 /home/travis/build/icyphy/ptII/ptolemy/actor/lib/test/auto/Dictionary1.xml
----------------- Instantiating /home/travis/build/icyphy/ptII/ptolemy/actor/lib/test/auto/Dictionary1.xml
2 ms. Memory: 879616K Free: 610123K (69%)
----------------- Invoking toplevel() on ptolemy.moml.MoMLSimpleApplication@743d88d0
----------------- Done invoking toplevel() on ptolemy.moml.MoMLSimpleApplication@743d88d0
reloadAllAccessors: .Dictionary1

===========================================================================================
----------------- testing Sun May 26 04:23:54 UTC 2019 /home/travis/build/icyphy/ptII/ptolemy/actor/lib/test/auto/Dictionary2.xml
----------------- Instantiating /home/travis/build/icyphy/ptII/ptolemy/actor/lib/test/auto/Dictionary2.xml
2 ms. Memory: 879616K Free: 592404K (67%)
----------------- Invoking toplevel() on ptolemy.moml.MoMLSimpleApplication@3e2e5760
----------------- Done invoking toplevel() on ptolemy.moml.MoMLSimpleApplication@3e2e5760
reloadAllAccessors: .Dictionary2

===========================================================================================
----------------- testing Sun May 26 04:23:54 UTC 2019 /home/travis/build/icyphy/ptII/ptolemy/actor/lib/test/auto/Dictionary3.xml
----------------- Instantiating /home/travis/build/icyphy/ptII/ptolemy/actor/lib/test/auto/Dictionary3.xml
2 ms. Memory: 879616K Free: 582034K (66%)
----------------- Invoking toplevel() on ptolemy.moml.MoMLSimpleApplication@2fd17871
----------------- Done invoking toplevel() on ptolemy.moml.MoMLSimpleApplication@2fd17871
reloadAllAccessors: .Dictionary3

===========================================================================================
----------------- testing Sun May 26 04:23:54 UTC 2019 /home/travis/build/icyphy/ptII/ptolemy/actor/lib/test/auto/Dictionary4.xml
----------------- Instantiating /home/travis/build/icyphy/ptII/ptolemy/actor/lib/test/auto/Dictionary4.xml
2 ms. Memory: 879616K Free: 571665K (65%)
----------------- Invoking toplevel() on ptolemy.moml.MoMLSimpleApplication@66ce8a7d
----------------- Done invoking toplevel() on ptolemy.moml.MoMLSimpleApplication@66ce8a7d
reloadAllAccessors: .Dictionary4

===========================================================================================
----------------- testing Sun May 26 04:23:54 UTC 2019 /home/travis/build/icyphy/ptII/ptolemy/actor/lib/test/auto/Differential.xml
----------------- Instantiating /home/travis/build/icyphy/ptII/ptolemy/actor/lib/test/auto/Differential.xml
2 ms. Memory: 879616K Free: 561295K (64%)
----------------- Invoking toplevel() on ptolemy.moml.MoMLSimpleApplication@1fc4d01
----------------- Done invoking toplevel() on ptolemy.moml.MoMLSimpleApplication@1fc4d01
reloadAllAccessors: .Differential

===========================================================================================
----------------- testing Sun May 26 04:23:54 UTC 2019 /home/travis/build/icyphy/ptII/ptolemy/actor/lib/test/auto/Director.xml
----------------- Instantiating /home/travis/build/icyphy/ptII/ptolemy/actor/lib/test/auto/Director.xml
2 ms. Memory: 879616K Free: 543577K (62%)
----------------- Invoking toplevel() on ptolemy.moml.MoMLSimpleApplication@608c82ba
----------------- Done invoking toplevel() on ptolemy.moml.MoMLSimpleApplication@608c82ba
reloadAllAccessors: .Director

===========================================================================================
----------------- testing Sun May 26 04:23:54 UTC 2019 /home/travis/build/icyphy/ptII/ptolemy/actor/lib/test/auto/DiscreteClock.xml
----------------- Instantiating /home/travis/build/icyphy/ptII/ptolemy/actor/lib/test/auto/DiscreteClock.xml
1 ms. Memory: 879616K Free: 533207K (61%)
----------------- Invoking toplevel() on ptolemy.moml.MoMLSimpleApplication@2bf2db12
----------------- Done invoking toplevel() on ptolemy.moml.MoMLSimpleApplication@2bf2db12
reloadAllAccessors: .DiscreteClock

===========================================================================================
----------------- testing Sun May 26 04:23:54 UTC 2019 /home/travis/build/icyphy/ptII/ptolemy/actor/lib/test/auto/DiscreteClock10.xml
----------------- Instantiating /home/travis/build/icyphy/ptII/ptolemy/actor/lib/test/auto/DiscreteClock10.xml
2 ms. Memory: 879616K Free: 522837K (59%)
----------------- Invoking toplevel() on ptolemy.moml.MoMLSimpleApplication@5c19f352
----------------- Done invoking toplevel() on ptolemy.moml.MoMLSimpleApplication@5c19f352
reloadAllAccessors: .DiscreteClock10

===========================================================================================
----------------- testing Sun May 26 04:23:54 UTC 2019 /home/travis/build/icyphy/ptII/ptolemy/actor/lib/test/auto/DiscreteClock11.xml
----------------- Instantiating /home/travis/build/icyphy/ptII/ptolemy/actor/lib/test/auto/DiscreteClock11.xml
2 ms. Memory: 879616K Free: 505119K (57%)
----------------- Invoking toplevel() on ptolemy.moml.MoMLSimpleApplication@66745d12
----------------- Done invoking toplevel() on ptolemy.moml.MoMLSimpleApplication@66745d12
reloadAllAccessors: .DiscreteClock11

===========================================================================================
----------------- testing Sun May 26 04:23:54 UTC 2019 /home/travis/build/icyphy/ptII/ptolemy/actor/lib/test/auto/DiscreteClock12.xml
----------------- Instantiating /home/travis/build/icyphy/ptII/ptolemy/actor/lib/test/auto/DiscreteClock12.xml
2 ms. Memory: 879616K Free: 494749K (56%)
----------------- Invoking toplevel() on ptolemy.moml.MoMLSimpleApplication@24759959
----------------- Done invoking toplevel() on ptolemy.moml.MoMLSimpleApplication@24759959
reloadAllAccessors: .DiscreteClock12

===========================================================================================
----------------- testing Sun May 26 04:23:54 UTC 2019 /home/travis/build/icyphy/ptII/ptolemy/actor/lib/test/auto/DiscreteClock13.xml
----------------- Instantiating /home/travis/build/icyphy/ptII/ptolemy/actor/lib/test/auto/DiscreteClock13.xml
9 ms. Memory: 879616K Free: 484379K (55%)
----------------- Invoking toplevel() on ptolemy.moml.MoMLSimpleApplication@54ae568b
----------------- Done invoking toplevel() on ptolemy.moml.MoMLSimpleApplication@54ae568b
reloadAllAccessors: .DiscreteClock13

===========================================================================================
----------------- testing Sun May 26 04:23:54 UTC 2019 /home/travis/build/icyphy/ptII/ptolemy/actor/lib/test/auto/DiscreteClock14.xml
----------------- Instantiating /home/travis/build/icyphy/ptII/ptolemy/actor/lib/test/auto/DiscreteClock14.xml
4 ms. Memory: 879616K Free: 466661K (53%)
----------------- Invoking toplevel() on ptolemy.moml.MoMLSimpleApplication@47898f6
----------------- Done invoking toplevel() on ptolemy.moml.MoMLSimpleApplication@47898f6
reloadAllAccessors: .DiscreteClock14

===========================================================================================
----------------- testing Sun May 26 04:23:54 UTC 2019 /home/travis/build/icyphy/ptII/ptolemy/actor/lib/test/auto/DiscreteClock15.xml
----------------- Instantiating /home/travis/build/icyphy/ptII/ptolemy/actor/lib/test/auto/DiscreteClock15.xml
4 ms. Memory: 879616K Free: 456291K (52%)
----------------- Invoking toplevel() on ptolemy.moml.MoMLSimpleApplication@361e723c
----------------- Done invoking toplevel() on ptolemy.moml.MoMLSimpleApplication@361e723c
reloadAllAccessors: .DiscreteClock15

===========================================================================================
----------------- testing Sun May 26 04:23:54 UTC 2019 /home/travis/build/icyphy/ptII/ptolemy/actor/lib/test/auto/DiscreteClock16.xml
----------------- Instantiating /home/travis/build/icyphy/ptII/ptolemy/actor/lib/test/auto/DiscreteClock16.xml
427 ms. Memory: 1364992K Free: 1322107K (97%)
----------------- Invoking toplevel() on ptolemy.moml.MoMLSimpleApplication@3aa2ea68
----------------- Done invoking toplevel() on ptolemy.moml.MoMLSimpleApplication@3aa2ea68
reloadAllAccessors: .DiscreteClock16

===========================================================================================
----------------- testing Sun May 26 04:23:54 UTC 2019 /home/travis/build/icyphy/ptII/ptolemy/actor/lib/test/auto/DiscreteClock17.xml
----------------- Instantiating /home/travis/build/icyphy/ptII/ptolemy/actor/lib/test/auto/DiscreteClock17.xml
15 ms. Memory: 1364992K Free: 1271372K (93%)
----------------- Invoking toplevel() on ptolemy.moml.MoMLSimpleApplication@512693af
----------------- Done invoking toplevel() on ptolemy.moml.MoMLSimpleApplication@512693af
reloadAllAccessors: .DiscreteClock17

===========================================================================================
----------------- testing Sun May 26 04:23:54 UTC 2019 /home/travis/build/icyphy/ptII/ptolemy/actor/lib/test/auto/DiscreteClock18.xml
----------------- Instantiating /home/travis/build/icyphy/ptII/ptolemy/actor/lib/test/auto/DiscreteClock18.xml
9 ms. Memory: 1364992K Free: 1246295K (91%)
----------------- Invoking toplevel() on ptolemy.moml.MoMLSimpleApplication@39385dd5
----------------- Done invoking toplevel() on ptolemy.moml.MoMLSimpleApplication@39385dd5
reloadAllAccessors: .DiscreteClock18

===========================================================================================
----------------- testing Sun May 26 04:23:55 UTC 2019 /home/travis/build/icyphy/ptII/ptolemy/actor/lib/test/auto/DiscreteClock19.xml
----------------- Instantiating /home/travis/build/icyphy/ptII/ptolemy/actor/lib/test/auto/DiscreteClock19.xml
15 ms. Memory: 1364992K Free: 1221393K (89%)
----------------- Invoking toplevel() on ptolemy.moml.MoMLSimpleApplication@14541a7
----------------- Done invoking toplevel() on ptolemy.moml.MoMLSimpleApplication@14541a7
reloadAllAccessors: .DiscreteClock19

===========================================================================================
----------------- testing Sun May 26 04:23:55 UTC 2019 /home/travis/build/icyphy/ptII/ptolemy/actor/lib/test/auto/DiscreteClock2.xml
----------------- Instantiating /home/travis/build/icyphy/ptII/ptolemy/actor/lib/test/auto/DiscreteClock2.xml
1 ms. Memory: 1364992K Free: 1195721K (88%)
----------------- Invoking toplevel() on ptolemy.moml.MoMLSimpleApplication@4c809f6c
----------------- Done invoking toplevel() on ptolemy.moml.MoMLSimpleApplication@4c809f6c
reloadAllAccessors: .DiscreteClock2

===========================================================================================
----------------- testing Sun May 26 04:23:55 UTC 2019 /home/travis/build/icyphy/ptII/ptolemy/actor/lib/test/auto/DiscreteClock20.xml
----------------- Instantiating /home/travis/build/icyphy/ptII/ptolemy/actor/lib/test/auto/DiscreteClock20.xml
2 ms. Memory: 1364992K Free: 1179125K (86%)
----------------- Invoking toplevel() on ptolemy.moml.MoMLSimpleApplication@68403c6
----------------- Done invoking toplevel() on ptolemy.moml.MoMLSimpleApplication@68403c6
reloadAllAccessors: .DiscreteClock20

===========================================================================================
----------------- testing Sun May 26 04:23:55 UTC 2019 /home/travis/build/icyphy/ptII/ptolemy/actor/lib/test/auto/DiscreteClock21.xml
----------------- Instantiating /home/travis/build/icyphy/ptII/ptolemy/actor/lib/test/auto/DiscreteClock21.xml
2 ms. Memory: 1364992K Free: 1162529K (85%)
----------------- Invoking toplevel() on ptolemy.moml.MoMLSimpleApplication@2f39836e
----------------- Done invoking toplevel() on ptolemy.moml.MoMLSimpleApplication@2f39836e
reloadAllAccessors: .DiscreteClock21

===========================================================================================
----------------- testing Sun May 26 04:23:55 UTC 2019 /home/travis/build/icyphy/ptII/ptolemy/actor/lib/test/auto/DiscreteClock22.xml
----------------- Instantiating /home/travis/build/icyphy/ptII/ptolemy/actor/lib/test/auto/DiscreteClock22.xml
2 ms. Memory: 1364992K Free: 1145934K (84%)
----------------- Invoking toplevel() on ptolemy.moml.MoMLSimpleApplication@5664a7ba
----------------- Done invoking toplevel() on ptolemy.moml.MoMLSimpleApplication@5664a7ba
reloadAllAccessors: .DiscreteClock22

===========================================================================================
----------------- testing Sun May 26 04:23:55 UTC 2019 /home/travis/build/icyphy/ptII/ptolemy/actor/lib/test/auto/DiscreteClock23.xml
----------------- Instantiating /home/travis/build/icyphy/ptII/ptolemy/actor/lib/test/auto/DiscreteClock23.xml
2 ms. Memory: 1364992K Free: 1120261K (82%)
----------------- Invoking toplevel() on ptolemy.moml.MoMLSimpleApplication@4e6ae41d
----------------- Done invoking toplevel() on ptolemy.moml.MoMLSimpleApplication@4e6ae41d
reloadAllAccessors: .DiscreteClock23

===========================================================================================
----------------- testing Sun May 26 04:23:55 UTC 2019 /home/travis/build/icyphy/ptII/ptolemy/actor/lib/test/auto/DiscreteClock24.xml
----------------- Instantiating /home/travis/build/icyphy/ptII/ptolemy/actor/lib/test/auto/DiscreteClock24.xml
2 ms. Memory: 1364992K Free: 1103666K (81%)
----------------- Invoking toplevel() on ptolemy.moml.MoMLSimpleApplication@700e1653
----------------- Done invoking toplevel() on ptolemy.moml.MoMLSimpleApplication@700e1653
reloadAllAccessors: .DiscreteClock24

===========================================================================================
----------------- testing Sun May 26 04:23:55 UTC 2019 /home/travis/build/icyphy/ptII/ptolemy/actor/lib/test/auto/DiscreteClock4.xml
----------------- Instantiating /home/travis/build/icyphy/ptII/ptolemy/actor/lib/test/auto/DiscreteClock4.xml
3 ms. Memory: 1364992K Free: 1087070K (80%)
----------------- Invoking toplevel() on ptolemy.moml.MoMLSimpleApplication@17e320b6
----------------- Done invoking toplevel() on ptolemy.moml.MoMLSimpleApplication@17e320b6
reloadAllAccessors: .DiscreteClock4

===========================================================================================
----------------- testing Sun May 26 04:23:55 UTC 2019 /home/travis/build/icyphy/ptII/ptolemy/actor/lib/test/auto/DiscreteClock5.xml
----------------- Instantiating /home/travis/build/icyphy/ptII/ptolemy/actor/lib/test/auto/DiscreteClock5.xml
2 ms. Memory: 1364992K Free: 1070475K (78%)
----------------- Invoking toplevel() on ptolemy.moml.MoMLSimpleApplication@7f0d68ce
----------------- Done invoking toplevel() on ptolemy.moml.MoMLSimpleApplication@7f0d68ce
reloadAllAccessors: .DiscreteClock5

===========================================================================================
----------------- testing Sun May 26 04:23:55 UTC 2019 /home/travis/build/icyphy/ptII/ptolemy/actor/lib/test/auto/DiscreteClock6.xml
----------------- Instantiating /home/travis/build/icyphy/ptII/ptolemy/actor/lib/test/auto/DiscreteClock6.xml
1 ms. Memory: 1364992K Free: 1044802K (77%)
----------------- Invoking toplevel() on ptolemy.moml.MoMLSimpleApplication@4ae5b777
----------------- Done invoking toplevel() on ptolemy.moml.MoMLSimpleApplication@4ae5b777
reloadAllAccessors: .DiscreteClock6

===========================================================================================
----------------- testing Sun May 26 04:23:55 UTC 2019 /home/travis/build/icyphy/ptII/ptolemy/actor/lib/test/auto/DiscreteClock7.xml
----------------- Instantiating /home/travis/build/icyphy/ptII/ptolemy/actor/lib/test/auto/DiscreteClock7.xml
2 ms. Memory: 1364992K Free: 1028207K (75%)
----------------- Invoking toplevel() on ptolemy.moml.MoMLSimpleApplication@62ac5acf
----------------- Done invoking toplevel() on ptolemy.moml.MoMLSimpleApplication@62ac5acf
reloadAllAccessors: .DiscreteClock7

===========================================================================================
----------------- testing Sun May 26 04:23:55 UTC 2019 /home/travis/build/icyphy/ptII/ptolemy/actor/lib/test/auto/DiscreteClock8.xml
----------------- Instantiating /home/travis/build/icyphy/ptII/ptolemy/actor/lib/test/auto/DiscreteClock8.xml
2 ms. Memory: 1364992K Free: 1011611K (74%)
----------------- Invoking toplevel() on ptolemy.moml.MoMLSimpleApplication@2bcf2dab
----------------- Done invoking toplevel() on ptolemy.moml.MoMLSimpleApplication@2bcf2dab
reloadAllAccessors: .DiscreteClock8

===========================================================================================
----------------- testing Sun May 26 04:23:55 UTC 2019 /home/travis/build/icyphy/ptII/ptolemy/actor/lib/test/auto/DiscreteClock9.xml
----------------- Instantiating /home/travis/build/icyphy/ptII/ptolemy/actor/lib/test/auto/DiscreteClock9.xml
2 ms. Memory: 1364992K Free: 995015K (73%)
----------------- Invoking toplevel() on ptolemy.moml.MoMLSimpleApplication@73c7af29
----------------- Done invoking toplevel() on ptolemy.moml.MoMLSimpleApplication@73c7af29
reloadAllAccessors: .DiscreteClock9

===========================================================================================
----------------- testing Sun May 26 04:23:55 UTC 2019 /home/travis/build/icyphy/ptII/ptolemy/actor/lib/test/auto/DisplayArray.xml
----------------- Instantiating /home/travis/build/icyphy/ptII/ptolemy/actor/lib/test/auto/DisplayArray.xml
1 ms. Memory: 1364992K Free: 969343K (71%)
----------------- Invoking toplevel() on ptolemy.moml.MoMLSimpleApplication@75c92553
----------------- Done invoking toplevel() on ptolemy.moml.MoMLSimpleApplication@75c92553
reloadAllAccessors: .DisplayArray

===========================================================================================
----------------- testing Sun May 26 04:23:55 UTC 2019 /home/travis/build/icyphy/ptII/ptolemy/actor/lib/test/auto/Distributor.xml
----------------- Instantiating /home/travis/build/icyphy/ptII/ptolemy/actor/lib/test/auto/Distributor.xml
2 ms. Memory: 1364992K Free: 952747K (70%)
----------------- Invoking toplevel() on ptolemy.moml.MoMLSimpleApplication@5b08b1ba
----------------- Done invoking toplevel() on ptolemy.moml.MoMLSimpleApplication@5b08b1ba
reloadAllAccessors: .Distributor

===========================================================================================
----------------- testing Sun May 26 04:23:55 UTC 2019 /home/travis/build/icyphy/ptII/ptolemy/actor/lib/test/auto/Distributor2.xml
----------------- Instantiating /home/travis/build/icyphy/ptII/ptolemy/actor/lib/test/auto/Distributor2.xml
2 ms. Memory: 1364992K Free: 936152K (69%)
----------------- Invoking toplevel() on ptolemy.moml.MoMLSimpleApplication@52c43f0b
----------------- Done invoking toplevel() on ptolemy.moml.MoMLSimpleApplication@52c43f0b
reloadAllAccessors: .Distributor2

===========================================================================================
----------------- testing Sun May 26 04:23:55 UTC 2019 /home/travis/build/icyphy/ptII/ptolemy/actor/lib/test/auto/DownSample.xml
----------------- Instantiating /home/travis/build/icyphy/ptII/ptolemy/actor/lib/test/auto/DownSample.xml
2 ms. Memory: 1364992K Free: 919556K (67%)
----------------- Invoking toplevel() on ptolemy.moml.MoMLSimpleApplication@40e510a4
----------------- Done invoking toplevel() on ptolemy.moml.MoMLSimpleApplication@40e510a4
reloadAllAccessors: .DownSample

===========================================================================================
----------------- testing Sun May 26 04:23:55 UTC 2019 /home/travis/build/icyphy/ptII/ptolemy/actor/lib/test/auto/ElectronicUnitBase1.xml
----------------- Instantiating /home/travis/build/icyphy/ptII/ptolemy/actor/lib/test/auto/ElectronicUnitBase1.xml
19 ms. Memory: 1364992K Free: 885586K (65%)
----------------- Invoking toplevel() on ptolemy.moml.MoMLSimpleApplication@6f9c515
----------------- Done invoking toplevel() on ptolemy.moml.MoMLSimpleApplication@6f9c515
reloadAllAccessors: .ElectronicUnitBase1

===========================================================================================
----------------- testing Sun May 26 04:23:55 UTC 2019 /home/travis/build/icyphy/ptII/ptolemy/actor/lib/test/auto/ElementsToArray.xml
----------------- Instantiating /home/travis/build/icyphy/ptII/ptolemy/actor/lib/test/auto/ElementsToArray.xml
3 ms. Memory: 1364992K Free: 868990K (64%)
----------------- Invoking toplevel() on ptolemy.moml.MoMLSimpleApplication@6d8e5ca8
----------------- Done invoking toplevel() on ptolemy.moml.MoMLSimpleApplication@6d8e5ca8
reloadAllAccessors: .ElementsToArray

===========================================================================================
----------------- testing Sun May 26 04:23:55 UTC 2019 /home/travis/build/icyphy/ptII/ptolemy/actor/lib/test/auto/Equals.xml
----------------- Instantiating /home/travis/build/icyphy/ptII/ptolemy/actor/lib/test/auto/Equals.xml
3 ms. Memory: 1364992K Free: 852395K (62%)
----------------- Invoking toplevel() on ptolemy.moml.MoMLSimpleApplication@6af58e9c
----------------- Done invoking toplevel() on ptolemy.moml.MoMLSimpleApplication@6af58e9c
reloadAllAccessors: .Equals

===========================================================================================
----------------- testing Sun May 26 04:23:55 UTC 2019 /home/travis/build/icyphy/ptII/ptolemy/actor/lib/test/auto/Exec.xml
----------------- Instantiating /home/travis/build/icyphy/ptII/ptolemy/actor/lib/test/auto/Exec.xml
13 ms. Memory: 1364992K Free: 823352K (60%)
----------------- Invoking toplevel() on ptolemy.moml.MoMLSimpleApplication@20bff850
----------------- Done invoking toplevel() on ptolemy.moml.MoMLSimpleApplication@20bff850
reloadAllAccessors: .Exec

===========================================================================================
----------------- testing Sun May 26 04:23:55 UTC 2019 /home/travis/build/icyphy/ptII/ptolemy/actor/lib/test/auto/ExecEnvironment.xml
----------------- Instantiating /home/travis/build/icyphy/ptII/ptolemy/actor/lib/test/auto/ExecEnvironment.xml
26 ms. Memory: 1364992K Free: 797680K (58%)
----------------- Invoking toplevel() on ptolemy.moml.MoMLSimpleApplication@52fee79d
----------------- Done invoking toplevel() on ptolemy.moml.MoMLSimpleApplication@52fee79d
reloadAllAccessors: .ExecEnvironment

===========================================================================================
----------------- testing Sun May 26 04:23:55 UTC 2019 /home/travis/build/icyphy/ptII/ptolemy/actor/lib/test/auto/ExecNonZeroReturnOutput.xml
----------------- Instantiating /home/travis/build/icyphy/ptII/ptolemy/actor/lib/test/auto/ExecNonZeroReturnOutput.xml
124 ms. Memory: 1364992K Free: 673212K (49%)
----------------- Invoking toplevel() on ptolemy.moml.MoMLSimpleApplication@60c2dc7c
----------------- Done invoking toplevel() on ptolemy.moml.MoMLSimpleApplication@60c2dc7c
reloadAllAccessors: .ExecNonZeroReturnOutput

===========================================================================================
----------------- testing Sun May 26 04:23:55 UTC 2019 /home/travis/build/icyphy/ptII/ptolemy/actor/lib/test/auto/ExecRunDemos.xml
----------------- Instantiating /home/travis/build/icyphy/ptII/ptolemy/actor/lib/test/auto/ExecRunDemos.xml
Finished: 69 ms. Memory: 116224K Free: 100674K (87%)

Finished: 46 ms. Memory: 116224K Free: 97678K (84%)

Finished: 42 ms. Memory: 116224K Free: 98219K (85%)

Finished: 38 ms. Memory: 116224K Free: 99546K (86%)

Finished: 51 ms. Memory: 116224K Free: 100660K (87%)

9894 ms. Memory: 1364992K Free: 565320K (41%)
----------------- Invoking toplevel() on ptolemy.moml.MoMLSimpleApplication@4d9fc160
----------------- Done invoking toplevel() on ptolemy.moml.MoMLSimpleApplication@4d9fc160
reloadAllAccessors: .ExecRunDemos

===========================================================================================
----------------- testing Sun May 26 04:24:05 UTC 2019 /home/travis/build/icyphy/ptII/ptolemy/actor/lib/test/auto/ExecStop.xml
----------------- Instantiating /home/travis/build/icyphy/ptII/ptolemy/actor/lib/test/auto/ExecStop.xml
5011 ms. Memory: 1364992K Free: 349576K (26%)
----------------- Invoking toplevel() on ptolemy.moml.MoMLSimpleApplication@7b5ded80
----------------- Done invoking toplevel() on ptolemy.moml.MoMLSimpleApplication@7b5ded80
reloadAllAccessors: .ExecStop

===========================================================================================
----------------- testing Sun May 26 04:24:10 UTC 2019 /home/travis/build/icyphy/ptII/ptolemy/actor/lib/test/auto/ExecutionTimeSDF.xml
----------------- Instantiating /home/travis/build/icyphy/ptII/ptolemy/actor/lib/test/auto/ExecutionTimeSDF.xml
Fired ExecutionTime: -652167296
Fired ExecutionTime: 979600000
Fired ExecutionTime: 990000000
6005 ms. Memory: 1364992K Free: 315590K (23%)
----------------- Invoking toplevel() on ptolemy.moml.MoMLSimpleApplication@6158246d
----------------- Done invoking toplevel() on ptolemy.moml.MoMLSimpleApplication@6158246d
reloadAllAccessors: .ExecutionTimeSDF

===========================================================================================
----------------- testing Sun May 26 04:24:16 UTC 2019 /home/travis/build/icyphy/ptII/ptolemy/actor/lib/test/auto/Expression1.xml
----------------- Instantiating /home/travis/build/icyphy/ptII/ptolemy/actor/lib/test/auto/Expression1.xml
4 ms. Memory: 1364992K Free: 298994K (22%)
----------------- Invoking toplevel() on ptolemy.moml.MoMLSimpleApplication@51005c27
----------------- Done invoking toplevel() on ptolemy.moml.MoMLSimpleApplication@51005c27
reloadAllAccessors: .Expression1

===========================================================================================
----------------- testing Sun May 26 04:24:16 UTC 2019 /home/travis/build/icyphy/ptII/ptolemy/actor/lib/test/auto/Expression10.xml
----------------- Instantiating /home/travis/build/icyphy/ptII/ptolemy/actor/lib/test/auto/Expression10.xml
8 ms. Memory: 1364992K Free: 282399K (21%)
----------------- Invoking toplevel() on ptolemy.moml.MoMLSimpleApplication@7d8df085
----------------- Done invoking toplevel() on ptolemy.moml.MoMLSimpleApplication@7d8df085
reloadAllAccessors: .Expression10

===========================================================================================
----------------- testing Sun May 26 04:24:16 UTC 2019 /home/travis/build/icyphy/ptII/ptolemy/actor/lib/test/auto/Expression11.xml
----------------- Instantiating /home/travis/build/icyphy/ptII/ptolemy/actor/lib/test/auto/Expression11.xml
3 ms. Memory: 1364992K Free: 265803K (19%)
----------------- Invoking toplevel() on ptolemy.moml.MoMLSimpleApplication@55bea07e
----------------- Done invoking toplevel() on ptolemy.moml.MoMLSimpleApplication@55bea07e
reloadAllAccessors: .Expression11

===========================================================================================
----------------- testing Sun May 26 04:24:16 UTC 2019 /home/travis/build/icyphy/ptII/ptolemy/actor/lib/test/auto/Expression12.xml
----------------- Instantiating /home/travis/build/icyphy/ptII/ptolemy/actor/lib/test/auto/Expression12.xml
5 ms. Memory: 1364992K Free: 240131K (18%)
----------------- Invoking toplevel() on ptolemy.moml.MoMLSimpleApplication@2db17c54
----------------- Done invoking toplevel() on ptolemy.moml.MoMLSimpleApplication@2db17c54
reloadAllAccessors: .Expression12

===========================================================================================
----------------- testing Sun May 26 04:24:16 UTC 2019 /home/travis/build/icyphy/ptII/ptolemy/actor/lib/test/auto/Expression13.xml
----------------- Instantiating /home/travis/build/icyphy/ptII/ptolemy/actor/lib/test/auto/Expression13.xml
3 ms. Memory: 1364992K Free: 223535K (16%)
----------------- Invoking toplevel() on ptolemy.moml.MoMLSimpleApplication@35393dd7
----------------- Done invoking toplevel() on ptolemy.moml.MoMLSimpleApplication@35393dd7
reloadAllAccessors: .Expression13

===========================================================================================
----------------- testing Sun May 26 04:24:16 UTC 2019 /home/travis/build/icyphy/ptII/ptolemy/actor/lib/test/auto/Expression14.xml
----------------- Instantiating /home/travis/build/icyphy/ptII/ptolemy/actor/lib/test/auto/Expression14.xml
7 ms. Memory: 1364992K Free: 206939K (15%)
----------------- Invoking toplevel() on ptolemy.moml.MoMLSimpleApplication@659afade
----------------- Done invoking toplevel() on ptolemy.moml.MoMLSimpleApplication@659afade
reloadAllAccessors: .Expression14

===========================================================================================
----------------- testing Sun May 26 04:24:16 UTC 2019 /home/travis/build/icyphy/ptII/ptolemy/actor/lib/test/auto/Expression15.xml
----------------- Instantiating /home/travis/build/icyphy/ptII/ptolemy/actor/lib/test/auto/Expression15.xml
2 ms. Memory: 1364992K Free: 190344K (14%)
----------------- Invoking toplevel() on ptolemy.moml.MoMLSimpleApplication@2d96fe3b
----------------- Done invoking toplevel() on ptolemy.moml.MoMLSimpleApplication@2d96fe3b
reloadAllAccessors: .Expression15

===========================================================================================
----------------- testing Sun May 26 04:24:16 UTC 2019 /home/travis/build/icyphy/ptII/ptolemy/actor/lib/test/auto/Expression16.xml
----------------- Instantiating /home/travis/build/icyphy/ptII/ptolemy/actor/lib/test/auto/Expression16.xml
4 ms. Memory: 1364992K Free: 164672K (12%)
----------------- Invoking toplevel() on ptolemy.moml.MoMLSimpleApplication@612fb4b1
----------------- Done invoking toplevel() on ptolemy.moml.MoMLSimpleApplication@612fb4b1
reloadAllAccessors: .Expression16

===========================================================================================
----------------- testing Sun May 26 04:24:16 UTC 2019 /home/travis/build/icyphy/ptII/ptolemy/actor/lib/test/auto/Expression17.xml
----------------- Instantiating /home/travis/build/icyphy/ptII/ptolemy/actor/lib/test/auto/Expression17.xml
4 ms. Memory: 1364992K Free: 148076K (11%)
----------------- Invoking toplevel() on ptolemy.moml.MoMLSimpleApplication@5ae47a27
----------------- Done invoking toplevel() on ptolemy.moml.MoMLSimpleApplication@5ae47a27
reloadAllAccessors: .Expression17

===========================================================================================
----------------- testing Sun May 26 04:24:16 UTC 2019 /home/travis/build/icyphy/ptII/ptolemy/actor/lib/test/auto/Expression18.xml
----------------- Instantiating /home/travis/build/icyphy/ptII/ptolemy/actor/lib/test/auto/Expression18.xml
4 ms. Memory: 1364992K Free: 131480K (10%)
----------------- Invoking toplevel() on ptolemy.moml.MoMLSimpleApplication@2c064922
----------------- Done invoking toplevel() on ptolemy.moml.MoMLSimpleApplication@2c064922
reloadAllAccessors: .Expression18

===========================================================================================
----------------- testing Sun May 26 04:24:16 UTC 2019 /home/travis/build/icyphy/ptII/ptolemy/actor/lib/test/auto/Expression2.xml
----------------- Instantiating /home/travis/build/icyphy/ptII/ptolemy/actor/lib/test/auto/Expression2.xml
5 ms. Memory: 1364992K Free: 114885K (8%)
----------------- Invoking toplevel() on ptolemy.moml.MoMLSimpleApplication@3fb91c8e
----------------- Done invoking toplevel() on ptolemy.moml.MoMLSimpleApplication@3fb91c8e
reloadAllAccessors: .Expression2

===========================================================================================
----------------- testing Sun May 26 04:24:16 UTC 2019 /home/travis/build/icyphy/ptII/ptolemy/actor/lib/test/auto/Expression3.xml
----------------- Instantiating /home/travis/build/icyphy/ptII/ptolemy/actor/lib/test/auto/Expression3.xml
7 ms. Memory: 1364992K Free: 89213K (7%)
----------------- Invoking toplevel() on ptolemy.moml.MoMLSimpleApplication@56e672e7
----------------- Done invoking toplevel() on ptolemy.moml.MoMLSimpleApplication@56e672e7
reloadAllAccessors: .Expression3

===========================================================================================
----------------- testing Sun May 26 04:24:16 UTC 2019 /home/travis/build/icyphy/ptII/ptolemy/actor/lib/test/auto/Expression4.xml
----------------- Instantiating /home/travis/build/icyphy/ptII/ptolemy/actor/lib/test/auto/Expression4.xml
15 ms. Memory: 1364992K Free: 1320999K (97%)
----------------- Invoking toplevel() on ptolemy.moml.MoMLSimpleApplication@295a1c52
----------------- Done invoking toplevel() on ptolemy.moml.MoMLSimpleApplication@295a1c52
reloadAllAccessors: .Expression4

===========================================================================================
----------------- testing Sun May 26 04:24:17 UTC 2019 /home/travis/build/icyphy/ptII/ptolemy/actor/lib/test/auto/Expression5.xml
----------------- Instantiating /home/travis/build/icyphy/ptII/ptolemy/actor/lib/test/auto/Expression5.xml
6 ms. Memory: 1364992K Free: 1297869K (95%)
----------------- Invoking toplevel() on ptolemy.moml.MoMLSimpleApplication@2dd5f1bb
----------------- Done invoking toplevel() on ptolemy.moml.MoMLSimpleApplication@2dd5f1bb
reloadAllAccessors: .Expression5

===========================================================================================
----------------- testing Sun May 26 04:24:17 UTC 2019 /home/travis/build/icyphy/ptII/ptolemy/actor/lib/test/auto/Expression6.xml
----------------- Instantiating /home/travis/build/icyphy/ptII/ptolemy/actor/lib/test/auto/Expression6.xml
2 ms. Memory: 1364992K Free: 1285422K (94%)
----------------- Invoking toplevel() on ptolemy.moml.MoMLSimpleApplication@5678f346
----------------- Done invoking toplevel() on ptolemy.moml.MoMLSimpleApplication@5678f346
reloadAllAccessors: .Expression6

===========================================================================================
----------------- testing Sun May 26 04:24:17 UTC 2019 /home/travis/build/icyphy/ptII/ptolemy/actor/lib/test/auto/Expression7.xml
----------------- Instantiating /home/travis/build/icyphy/ptII/ptolemy/actor/lib/test/auto/Expression7.xml
5 ms. Memory: 1364992K Free: 1266440K (93%)
----------------- Invoking toplevel() on ptolemy.moml.MoMLSimpleApplication@7778d1f8
----------------- Done invoking toplevel() on ptolemy.moml.MoMLSimpleApplication@7778d1f8
reloadAllAccessors: .Expression7

===========================================================================================
----------------- testing Sun May 26 04:24:17 UTC 2019 /home/travis/build/icyphy/ptII/ptolemy/actor/lib/test/auto/Expression8.xml
----------------- Instantiating /home/travis/build/icyphy/ptII/ptolemy/actor/lib/test/auto/Expression8.xml
7 ms. Memory: 1364992K Free: 1253993K (92%)
----------------- Invoking toplevel() on ptolemy.moml.MoMLSimpleApplication@30ff27b4
----------------- Done invoking toplevel() on ptolemy.moml.MoMLSimpleApplication@30ff27b4
reloadAllAccessors: .Expression8

===========================================================================================
----------------- testing Sun May 26 04:24:17 UTC 2019 /home/travis/build/icyphy/ptII/ptolemy/actor/lib/test/auto/Expression9.xml
----------------- Instantiating /home/travis/build/icyphy/ptII/ptolemy/actor/lib/test/auto/Expression9.xml
1 ms. Memory: 1364992K Free: 1241547K (91%)
----------------- Invoking toplevel() on ptolemy.moml.MoMLSimpleApplication@43b3db82
----------------- Done invoking toplevel() on ptolemy.moml.MoMLSimpleApplication@43b3db82
reloadAllAccessors: .Expression9

===========================================================================================
----------------- testing Sun May 26 04:24:17 UTC 2019 /home/travis/build/icyphy/ptII/ptolemy/actor/lib/test/auto/ExpressionConcatenateArrayType.xml
----------------- Instantiating /home/travis/build/icyphy/ptII/ptolemy/actor/lib/test/auto/ExpressionConcatenateArrayType.xml
3 ms. Memory: 1364992K Free: 1222565K (90%)
----------------- Invoking toplevel() on ptolemy.moml.MoMLSimpleApplication@4653ebcb
----------------- Done invoking toplevel() on ptolemy.moml.MoMLSimpleApplication@4653ebcb
reloadAllAccessors: .ExpressionConcatenateArrayType

===========================================================================================
----------------- testing Sun May 26 04:24:17 UTC 2019 /home/travis/build/icyphy/ptII/ptolemy/actor/lib/test/auto/ExpressionConcatenateArrayType2.xml
----------------- Instantiating /home/travis/build/icyphy/ptII/ptolemy/actor/lib/test/auto/ExpressionConcatenateArrayType2.xml
1 ms. Memory: 1364992K Free: 1210118K (89%)
----------------- Invoking toplevel() on ptolemy.moml.MoMLSimpleApplication@5c3ba42f
----------------- Done invoking toplevel() on ptolemy.moml.MoMLSimpleApplication@5c3ba42f
reloadAllAccessors: .ExpressionConcatenateArrayType2

===========================================================================================
----------------- testing Sun May 26 04:24:17 UTC 2019 /home/travis/build/icyphy/ptII/ptolemy/actor/lib/test/auto/ExpressionFix.xml
----------------- Instantiating /home/travis/build/icyphy/ptII/ptolemy/actor/lib/test/auto/ExpressionFix.xml
18 ms. Memory: 1364992K Free: 1197562K (88%)
----------------- Invoking toplevel() on ptolemy.moml.MoMLSimpleApplication@5bd26e61
----------------- Done invoking toplevel() on ptolemy.moml.MoMLSimpleApplication@5bd26e61
reloadAllAccessors: .ExpressionFix

===========================================================================================
----------------- testing Sun May 26 04:24:17 UTC 2019 /home/travis/build/icyphy/ptII/ptolemy/actor/lib/test/auto/ExpressionFix2.xml
----------------- Instantiating /home/travis/build/icyphy/ptII/ptolemy/actor/lib/test/auto/ExpressionFix2.xml
4 ms. Memory: 1364992K Free: 1178580K (86%)
----------------- Invoking toplevel() on ptolemy.moml.MoMLSimpleApplication@10516a6
----------------- Done invoking toplevel() on ptolemy.moml.MoMLSimpleApplication@10516a6
reloadAllAccessors: .ExpressionFix2

===========================================================================================
----------------- testing Sun May 26 04:24:17 UTC 2019 /home/travis/build/icyphy/ptII/ptolemy/actor/lib/test/auto/ExpressionFix3.xml
----------------- Instantiating /home/travis/build/icyphy/ptII/ptolemy/actor/lib/test/auto/ExpressionFix3.xml
3 ms. Memory: 1364992K Free: 1166133K (85%)
----------------- Invoking toplevel() on ptolemy.moml.MoMLSimpleApplication@4ffd6c4c
----------------- Done invoking toplevel() on ptolemy.moml.MoMLSimpleApplication@4ffd6c4c
reloadAllAccessors: .ExpressionFix3

===========================================================================================
----------------- testing Sun May 26 04:24:17 UTC 2019 /home/travis/build/icyphy/ptII/ptolemy/actor/lib/test/auto/FileWriter1.xml
----------------- Instantiating /home/travis/build/icyphy/ptII/ptolemy/actor/lib/test/auto/FileWriter1.xml
2 ms. Memory: 1364992K Free: 1153687K (85%)
----------------- Invoking toplevel() on ptolemy.moml.MoMLSimpleApplication@19946ee7
----------------- Done invoking toplevel() on ptolemy.moml.MoMLSimpleApplication@19946ee7
reloadAllAccessors: .FileWriter1

===========================================================================================
----------------- testing Sun May 26 04:24:17 UTC 2019 /home/travis/build/icyphy/ptII/ptolemy/actor/lib/test/auto/FileWriter2.xml
----------------- Instantiating /home/travis/build/icyphy/ptII/ptolemy/actor/lib/test/auto/FileWriter2.xml
2 ms. Memory: 1364992K Free: 1134705K (83%)
----------------- Invoking toplevel() on ptolemy.moml.MoMLSimpleApplication@4f14cc86
----------------- Done invoking toplevel() on ptolemy.moml.MoMLSimpleApplication@4f14cc86
reloadAllAccessors: .FileWriter2

===========================================================================================
----------------- testing Sun May 26 04:24:17 UTC 2019 /home/travis/build/icyphy/ptII/ptolemy/actor/lib/test/auto/FileWriter3.xml
----------------- Instantiating /home/travis/build/icyphy/ptII/ptolemy/actor/lib/test/auto/FileWriter3.xml
2 ms. Memory: 1364992K Free: 1122258K (82%)
----------------- Invoking toplevel() on ptolemy.moml.MoMLSimpleApplication@53131587
----------------- Done invoking toplevel() on ptolemy.moml.MoMLSimpleApplication@53131587
reloadAllAccessors: .FileWriter3

===========================================================================================
----------------- testing Sun May 26 04:24:17 UTC 2019 /home/travis/build/icyphy/ptII/ptolemy/actor/lib/test/auto/Gaussian.xml
----------------- Instantiating /home/travis/build/icyphy/ptII/ptolemy/actor/lib/test/auto/Gaussian.xml
3 ms. Memory: 1364992K Free: 1109811K (81%)
----------------- Invoking toplevel() on ptolemy.moml.MoMLSimpleApplication@41c128fe
----------------- Done invoking toplevel() on ptolemy.moml.MoMLSimpleApplication@41c128fe
reloadAllAccessors: .Gaussian

===========================================================================================
----------------- testing Sun May 26 04:24:17 UTC 2019 /home/travis/build/icyphy/ptII/ptolemy/actor/lib/test/auto/Gaussian1.xml
----------------- Instantiating /home/travis/build/icyphy/ptII/ptolemy/actor/lib/test/auto/Gaussian1.xml
10 ms. Memory: 1364992K Free: 1090829K (80%)
----------------- Invoking toplevel() on ptolemy.moml.MoMLSimpleApplication@e7797fe
----------------- Done invoking toplevel() on ptolemy.moml.MoMLSimpleApplication@e7797fe
reloadAllAccessors: .Gaussian1

===========================================================================================
----------------- testing Sun May 26 04:24:17 UTC 2019 /home/travis/build/icyphy/ptII/ptolemy/actor/lib/test/auto/Gaussian2.xml
----------------- Instantiating /home/travis/build/icyphy/ptII/ptolemy/actor/lib/test/auto/Gaussian2.xml
2 ms. Memory: 1364992K Free: 1078382K (79%)
----------------- Invoking toplevel() on ptolemy.moml.MoMLSimpleApplication@2c40fcf5
----------------- Done invoking toplevel() on ptolemy.moml.MoMLSimpleApplication@2c40fcf5
reloadAllAccessors: .Gaussian2

===========================================================================================
----------------- testing Sun May 26 04:24:17 UTC 2019 /home/travis/build/icyphy/ptII/ptolemy/actor/lib/test/auto/GradientAdaptiveLattice.xml
----------------- Instantiating /home/travis/build/icyphy/ptII/ptolemy/actor/lib/test/auto/GradientAdaptiveLattice.xml
2 ms. Memory: 1364992K Free: 1065936K (78%)
----------------- Invoking toplevel() on ptolemy.moml.MoMLSimpleApplication@52fd8c37
----------------- Done invoking toplevel() on ptolemy.moml.MoMLSimpleApplication@52fd8c37
reloadAllAccessors: .GradientAdaptiveLattice

===========================================================================================
----------------- testing Sun May 26 04:24:17 UTC 2019 /home/travis/build/icyphy/ptII/ptolemy/actor/lib/test/auto/IIR.xml
----------------- Instantiating /home/travis/build/icyphy/ptII/ptolemy/actor/lib/test/auto/IIR.xml
1 ms. Memory: 1364992K Free: 1046954K (77%)
----------------- Invoking toplevel() on ptolemy.moml.MoMLSimpleApplication@1f1ad79d
----------------- Done invoking toplevel() on ptolemy.moml.MoMLSimpleApplication@1f1ad79d
reloadAllAccessors: .IIR

===========================================================================================
----------------- testing Sun May 26 04:24:17 UTC 2019 /home/travis/build/icyphy/ptII/ptolemy/actor/lib/test/auto/InputOutputTransparentPorts.xml
----------------- Instantiating /home/travis/build/icyphy/ptII/ptolemy/actor/lib/test/auto/InputOutputTransparentPorts.xml
2 ms. Memory: 1364992K Free: 1034507K (76%)
----------------- Invoking toplevel() on ptolemy.moml.MoMLSimpleApplication@ae431c0
----------------- Done invoking toplevel() on ptolemy.moml.MoMLSimpleApplication@ae431c0
reloadAllAccessors: .InputOutputTransparentPorts

===========================================================================================
----------------- testing Sun May 26 04:24:17 UTC 2019 /home/travis/build/icyphy/ptII/ptolemy/actor/lib/test/auto/Interpolator.xml
----------------- Instantiating /home/travis/build/icyphy/ptII/ptolemy/actor/lib/test/auto/Interpolator.xml
3 ms. Memory: 1364992K Free: 1022060K (75%)
----------------- Invoking toplevel() on ptolemy.moml.MoMLSimpleApplication@5668bb03
----------------- Done invoking toplevel() on ptolemy.moml.MoMLSimpleApplication@5668bb03
reloadAllAccessors: .Interpolator

===========================================================================================
----------------- testing Sun May 26 04:24:17 UTC 2019 /home/travis/build/icyphy/ptII/ptolemy/actor/lib/test/auto/InterpolatorFiringLimitDE.xml
----------------- Instantiating /home/travis/build/icyphy/ptII/ptolemy/actor/lib/test/auto/InterpolatorFiringLimitDE.xml
2 ms. Memory: 1364992K Free: 1003078K (73%)
----------------- Invoking toplevel() on ptolemy.moml.MoMLSimpleApplication@1bcd1c85
----------------- Done invoking toplevel() on ptolemy.moml.MoMLSimpleApplication@1bcd1c85
reloadAllAccessors: .InterpolatorFiringLimitDE

===========================================================================================
----------------- testing Sun May 26 04:24:17 UTC 2019 /home/travis/build/icyphy/ptII/ptolemy/actor/lib/test/auto/Lattice.xml
----------------- Instantiating /home/travis/build/icyphy/ptII/ptolemy/actor/lib/test/auto/Lattice.xml
1 ms. Memory: 1364992K Free: 990632K (73%)
----------------- Invoking toplevel() on ptolemy.moml.MoMLSimpleApplication@dc433fa
----------------- Done invoking toplevel() on ptolemy.moml.MoMLSimpleApplication@dc433fa
reloadAllAccessors: .Lattice

===========================================================================================
----------------- testing Sun May 26 04:24:17 UTC 2019 /home/travis/build/icyphy/ptII/ptolemy/actor/lib/test/auto/LazyAOCTestLazy.xml
----------------- Instantiating /home/travis/build/icyphy/ptII/ptolemy/actor/lib/test/auto/LazyAOCTestLazy.xml
7 ms. Memory: 1364992K Free: 971650K (71%)
----------------- Invoking toplevel() on ptolemy.moml.MoMLSimpleApplication@758e5b0b
----------------- Done invoking toplevel() on ptolemy.moml.MoMLSimpleApplication@758e5b0b
reloadAllAccessors: .LazyAOCTestLazy

===========================================================================================
----------------- testing Sun May 26 04:24:17 UTC 2019 /home/travis/build/icyphy/ptII/ptolemy/actor/lib/test/auto/LazyAOCTestNonLazy.xml
----------------- Instantiating /home/travis/build/icyphy/ptII/ptolemy/actor/lib/test/auto/LazyAOCTestNonLazy.xml
1 ms. Memory: 1364992K Free: 959203K (70%)
----------------- Invoking toplevel() on ptolemy.moml.MoMLSimpleApplication@4919e3b7
----------------- Done invoking toplevel() on ptolemy.moml.MoMLSimpleApplication@4919e3b7
reloadAllAccessors: .LazyAOCTestNonLazy

===========================================================================================
----------------- testing Sun May 26 04:24:17 UTC 2019 /home/travis/build/icyphy/ptII/ptolemy/actor/lib/test/auto/LazyInnerClass.xml
----------------- Instantiating /home/travis/build/icyphy/ptII/ptolemy/actor/lib/test/auto/LazyInnerClass.xml
17 ms. Memory: 1364992K Free: 946756K (69%)
----------------- Invoking toplevel() on ptolemy.moml.MoMLSimpleApplication@6bf7c4a6
----------------- Done invoking toplevel() on ptolemy.moml.MoMLSimpleApplication@6bf7c4a6
reloadAllAccessors: .LazyInnerClass

===========================================================================================
----------------- testing Sun May 26 04:24:17 UTC 2019 /home/travis/build/icyphy/ptII/ptolemy/actor/lib/test/auto/LazyPubSub.xml
----------------- Instantiating /home/travis/build/icyphy/ptII/ptolemy/actor/lib/test/auto/LazyPubSub.xml
27 ms. Memory: 1364992K Free: 927774K (68%)
----------------- Invoking toplevel() on ptolemy.moml.MoMLSimpleApplication@11f55ab0
----------------- Done invoking toplevel() on ptolemy.moml.MoMLSimpleApplication@11f55ab0
reloadAllAccessors: .LazyPubSub

===========================================================================================
----------------- testing Sun May 26 04:24:17 UTC 2019 /home/travis/build/icyphy/ptII/ptolemy/actor/lib/test/auto/LazyPubSub2.xml
----------------- Instantiating /home/travis/build/icyphy/ptII/ptolemy/actor/lib/test/auto/LazyPubSub2.xml
22 ms. Memory: 1364992K Free: 915327K (67%)
----------------- Invoking toplevel() on ptolemy.moml.MoMLSimpleApplication@29111b53
----------------- Done invoking toplevel() on ptolemy.moml.MoMLSimpleApplication@29111b53
reloadAllAccessors: .LazyPubSub2

===========================================================================================
----------------- testing Sun May 26 04:24:17 UTC 2019 /home/travis/build/icyphy/ptII/ptolemy/actor/lib/test/auto/LazyPubSub3.xml
----------------- Instantiating /home/travis/build/icyphy/ptII/ptolemy/actor/lib/test/auto/LazyPubSub3.xml
11 ms. Memory: 1364992K Free: 902881K (66%)
----------------- Invoking toplevel() on ptolemy.moml.MoMLSimpleApplication@130ac4cf
----------------- Done invoking toplevel() on ptolemy.moml.MoMLSimpleApplication@130ac4cf
reloadAllAccessors: .LazyPubSub3

===========================================================================================
----------------- testing Sun May 26 04:24:17 UTC 2019 /home/travis/build/icyphy/ptII/ptolemy/actor/lib/test/auto/LazySubClassModel.xml
----------------- Instantiating /home/travis/build/icyphy/ptII/ptolemy/actor/lib/test/auto/LazySubClassModel.xml
2 ms. Memory: 1364992K Free: 877659K (64%)
----------------- Invoking toplevel() on ptolemy.moml.MoMLSimpleApplication@262f2a01
----------------- Done invoking toplevel() on ptolemy.moml.MoMLSimpleApplication@262f2a01
reloadAllAccessors: .LazySubClassModel

===========================================================================================
----------------- testing Sun May 26 04:24:17 UTC 2019 /home/travis/build/icyphy/ptII/ptolemy/actor/lib/test/auto/LevelCrossTest1.xml
----------------- Instantiating /home/travis/build/icyphy/ptII/ptolemy/actor/lib/test/auto/LevelCrossTest1.xml
1 ms. Memory: 1364992K Free: 865213K (63%)
----------------- Invoking toplevel() on ptolemy.moml.MoMLSimpleApplication@5f9f4b39
----------------- Done invoking toplevel() on ptolemy.moml.MoMLSimpleApplication@5f9f4b39
reloadAllAccessors: .broken

===========================================================================================
----------------- testing Sun May 26 04:24:17 UTC 2019 /home/travis/build/icyphy/ptII/ptolemy/actor/lib/test/auto/LevelCrossTest10.xml
----------------- Instantiating /home/travis/build/icyphy/ptII/ptolemy/actor/lib/test/auto/LevelCrossTest10.xml
2 ms. Memory: 1364992K Free: 852766K (62%)
----------------- Invoking toplevel() on ptolemy.moml.MoMLSimpleApplication@6f4f85f4
----------------- Done invoking toplevel() on ptolemy.moml.MoMLSimpleApplication@6f4f85f4
reloadAllAccessors: .LevelCrossTest10

===========================================================================================
----------------- testing Sun May 26 04:24:17 UTC 2019 /home/travis/build/icyphy/ptII/ptolemy/actor/lib/test/auto/LevelCrossTest11.xml
----------------- Instantiating /home/travis/build/icyphy/ptII/ptolemy/actor/lib/test/auto/LevelCrossTest11.xml
1 ms. Memory: 1364992K Free: 833784K (61%)
----------------- Invoking toplevel() on ptolemy.moml.MoMLSimpleApplication@1b2d100e
----------------- Done invoking toplevel() on ptolemy.moml.MoMLSimpleApplication@1b2d100e
reloadAllAccessors: .LevelCrossTest11

===========================================================================================
----------------- testing Sun May 26 04:24:17 UTC 2019 /home/travis/build/icyphy/ptII/ptolemy/actor/lib/test/auto/LevelCrossTest12.xml
----------------- Instantiating /home/travis/build/icyphy/ptII/ptolemy/actor/lib/test/auto/LevelCrossTest12.xml
1 ms. Memory: 1364992K Free: 821337K (60%)
----------------- Invoking toplevel() on ptolemy.moml.MoMLSimpleApplication@77edba21
----------------- Done invoking toplevel() on ptolemy.moml.MoMLSimpleApplication@77edba21
reloadAllAccessors: .LevelCrossTest12

===========================================================================================
----------------- testing Sun May 26 04:24:17 UTC 2019 /home/travis/build/icyphy/ptII/ptolemy/actor/lib/test/auto/LevelCrossTest13.xml
----------------- Instantiating /home/travis/build/icyphy/ptII/ptolemy/actor/lib/test/auto/LevelCrossTest13.xml
1 ms. Memory: 1364992K Free: 808891K (59%)
----------------- Invoking toplevel() on ptolemy.moml.MoMLSimpleApplication@3a569fb8
----------------- Done invoking toplevel() on ptolemy.moml.MoMLSimpleApplication@3a569fb8
reloadAllAccessors: .LevelCrossTest13

===========================================================================================
----------------- testing Sun May 26 04:24:17 UTC 2019 /home/travis/build/icyphy/ptII/ptolemy/actor/lib/test/auto/LevelCrossTest2.xml
----------------- Instantiating /home/travis/build/icyphy/ptII/ptolemy/actor/lib/test/auto/LevelCrossTest2.xml
1 ms. Memory: 1364992K Free: 789909K (58%)
----------------- Invoking toplevel() on ptolemy.moml.MoMLSimpleApplication@16a97ac6
----------------- Done invoking toplevel() on ptolemy.moml.MoMLSimpleApplication@16a97ac6
reloadAllAccessors: .broken

===========================================================================================
----------------- testing Sun May 26 04:24:17 UTC 2019 /home/travis/build/icyphy/ptII/ptolemy/actor/lib/test/auto/LevelCrossTest3.xml
----------------- Instantiating /home/travis/build/icyphy/ptII/ptolemy/actor/lib/test/auto/LevelCrossTest3.xml
2 ms. Memory: 1364992K Free: 777462K (57%)
----------------- Invoking toplevel() on ptolemy.moml.MoMLSimpleApplication@7e81a2d9
----------------- Done invoking toplevel() on ptolemy.moml.MoMLSimpleApplication@7e81a2d9
reloadAllAccessors: .LevelCrossTest3

===========================================================================================
----------------- testing Sun May 26 04:24:17 UTC 2019 /home/travis/build/icyphy/ptII/ptolemy/actor/lib/test/auto/LevelCrossTest4.xml
----------------- Instantiating /home/travis/build/icyphy/ptII/ptolemy/actor/lib/test/auto/LevelCrossTest4.xml
1 ms. Memory: 1364992K Free: 765015K (56%)
----------------- Invoking toplevel() on ptolemy.moml.MoMLSimpleApplication@6c0a76d
----------------- Done invoking toplevel() on ptolemy.moml.MoMLSimpleApplication@6c0a76d
reloadAllAccessors: .broken

===========================================================================================
----------------- testing Sun May 26 04:24:17 UTC 2019 /home/travis/build/icyphy/ptII/ptolemy/actor/lib/test/auto/LevelCrossTest5.xml
----------------- Instantiating /home/travis/build/icyphy/ptII/ptolemy/actor/lib/test/auto/LevelCrossTest5.xml
1 ms. Memory: 1364992K Free: 746033K (55%)
----------------- Invoking toplevel() on ptolemy.moml.MoMLSimpleApplication@512ee533
----------------- Done invoking toplevel() on ptolemy.moml.MoMLSimpleApplication@512ee533
reloadAllAccessors: .LevelCrossTest5

===========================================================================================
----------------- testing Sun May 26 04:24:17 UTC 2019 /home/travis/build/icyphy/ptII/ptolemy/actor/lib/test/auto/LevelCrossTest6.xml
----------------- Instantiating /home/travis/build/icyphy/ptII/ptolemy/actor/lib/test/auto/LevelCrossTest6.xml
2 ms. Memory: 1364992K Free: 733586K (54%)
----------------- Invoking toplevel() on ptolemy.moml.MoMLSimpleApplication@5ace7e84
----------------- Done invoking toplevel() on ptolemy.moml.MoMLSimpleApplication@5ace7e84
reloadAllAccessors: .LevelCrossTest6

===========================================================================================
----------------- testing Sun May 26 04:24:17 UTC 2019 /home/travis/build/icyphy/ptII/ptolemy/actor/lib/test/auto/LevelCrossTest7.xml
----------------- Instantiating /home/travis/build/icyphy/ptII/ptolemy/actor/lib/test/auto/LevelCrossTest7.xml
2 ms. Memory: 1364992K Free: 714605K (52%)
----------------- Invoking toplevel() on ptolemy.moml.MoMLSimpleApplication@b4a7f91
----------------- Done invoking toplevel() on ptolemy.moml.MoMLSimpleApplication@b4a7f91
reloadAllAccessors: .LevelCrossTest7

===========================================================================================
----------------- testing Sun May 26 04:24:17 UTC 2019 /home/travis/build/icyphy/ptII/ptolemy/actor/lib/test/auto/LevelCrossTest8.xml
----------------- Instantiating /home/travis/build/icyphy/ptII/ptolemy/actor/lib/test/auto/LevelCrossTest8.xml
1 ms. Memory: 1364992K Free: 702158K (51%)
----------------- Invoking toplevel() on ptolemy.moml.MoMLSimpleApplication@adaa8
----------------- Done invoking toplevel() on ptolemy.moml.MoMLSimpleApplication@adaa8
reloadAllAccessors: .LevelCrossTest8

===========================================================================================
----------------- testing Sun May 26 04:24:17 UTC 2019 /home/travis/build/icyphy/ptII/ptolemy/actor/lib/test/auto/LevelCrossTest9.xml
----------------- Instantiating /home/travis/build/icyphy/ptII/ptolemy/actor/lib/test/auto/LevelCrossTest9.xml
1 ms. Memory: 1364992K Free: 689711K (51%)
----------------- Invoking toplevel() on ptolemy.moml.MoMLSimpleApplication@345f6c84
----------------- Done invoking toplevel() on ptolemy.moml.MoMLSimpleApplication@345f6c84
reloadAllAccessors: .LevelCrossTest9

===========================================================================================
----------------- testing Sun May 26 04:24:18 UTC 2019 /home/travis/build/icyphy/ptII/ptolemy/actor/lib/test/auto/LevinsonDurbin.xml
----------------- Instantiating /home/travis/build/icyphy/ptII/ptolemy/actor/lib/test/auto/LevinsonDurbin.xml
2 ms. Memory: 1364992K Free: 670729K (49%)
----------------- Invoking toplevel() on ptolemy.moml.MoMLSimpleApplication@11a3916a
----------------- Done invoking toplevel() on ptolemy.moml.MoMLSimpleApplication@11a3916a
reloadAllAccessors: .LevinsonDurbin

===========================================================================================
----------------- testing Sun May 26 04:24:18 UTC 2019 /home/travis/build/icyphy/ptII/ptolemy/actor/lib/test/auto/LevinsonDurbin2.xml
----------------- Instantiating /home/travis/build/icyphy/ptII/ptolemy/actor/lib/test/auto/LevinsonDurbin2.xml
1 ms. Memory: 1364992K Free: 658282K (48%)
----------------- Invoking toplevel() on ptolemy.moml.MoMLSimpleApplication@2c392b54
----------------- Done invoking toplevel() on ptolemy.moml.MoMLSimpleApplication@2c392b54
reloadAllAccessors: .LevinsonDurbin2

===========================================================================================
----------------- testing Sun May 26 04:24:18 UTC 2019 /home/travis/build/icyphy/ptII/ptolemy/actor/lib/test/auto/LevinsonDurbin3.xml
----------------- Instantiating /home/travis/build/icyphy/ptII/ptolemy/actor/lib/test/auto/LevinsonDurbin3.xml
1 ms. Memory: 1364992K Free: 645836K (47%)
----------------- Invoking toplevel() on ptolemy.moml.MoMLSimpleApplication@52a830c2
----------------- Done invoking toplevel() on ptolemy.moml.MoMLSimpleApplication@52a830c2
reloadAllAccessors: .LevinsonDurbin3

===========================================================================================
----------------- testing Sun May 26 04:24:18 UTC 2019 /home/travis/build/icyphy/ptII/ptolemy/actor/lib/test/auto/Limiter.xml
----------------- Instantiating /home/travis/build/icyphy/ptII/ptolemy/actor/lib/test/auto/Limiter.xml
3 ms. Memory: 1364992K Free: 626854K (46%)
----------------- Invoking toplevel() on ptolemy.moml.MoMLSimpleApplication@58a6434d
----------------- Done invoking toplevel() on ptolemy.moml.MoMLSimpleApplication@58a6434d
reloadAllAccessors: .Limiter

===========================================================================================
----------------- testing Sun May 26 04:24:18 UTC 2019 /home/travis/build/icyphy/ptII/ptolemy/actor/lib/test/auto/LinearDifferenceEquationSystem.xml
----------------- Instantiating /home/travis/build/icyphy/ptII/ptolemy/actor/lib/test/auto/LinearDifferenceEquationSystem.xml
3 ms. Memory: 1364992K Free: 614407K (45%)
----------------- Invoking toplevel() on ptolemy.moml.MoMLSimpleApplication@4d2b64e1
----------------- Done invoking toplevel() on ptolemy.moml.MoMLSimpleApplication@4d2b64e1
reloadAllAccessors: .LinearDifferenceEquationSystem

===========================================================================================
----------------- testing Sun May 26 04:24:18 UTC 2019 /home/travis/build/icyphy/ptII/ptolemy/actor/lib/test/auto/LookupTable.xml
----------------- Instantiating /home/travis/build/icyphy/ptII/ptolemy/actor/lib/test/auto/LookupTable.xml
1 ms. Memory: 1364992K Free: 601960K (44%)
----------------- Invoking toplevel() on ptolemy.moml.MoMLSimpleApplication@9e5ee4
----------------- Done invoking toplevel() on ptolemy.moml.MoMLSimpleApplication@9e5ee4
reloadAllAccessors: .LookupTable

===========================================================================================
----------------- testing Sun May 26 04:24:18 UTC 2019 /home/travis/build/icyphy/ptII/ptolemy/actor/lib/test/auto/MathFunction.xml
----------------- Instantiating /home/travis/build/icyphy/ptII/ptolemy/actor/lib/test/auto/MathFunction.xml
2 ms. Memory: 1364992K Free: 582978K (43%)
----------------- Invoking toplevel() on ptolemy.moml.MoMLSimpleApplication@61dc6d5
----------------- Done invoking toplevel() on ptolemy.moml.MoMLSimpleApplication@61dc6d5
reloadAllAccessors: .MathFunction

===========================================================================================
----------------- testing Sun May 26 04:24:18 UTC 2019 /home/travis/build/icyphy/ptII/ptolemy/actor/lib/test/auto/MathFunction2.xml
----------------- Instantiating /home/travis/build/icyphy/ptII/ptolemy/actor/lib/test/auto/MathFunction2.xml
2 ms. Memory: 1364992K Free: 570532K (42%)
----------------- Invoking toplevel() on ptolemy.moml.MoMLSimpleApplication@622bfd7a
----------------- Done invoking toplevel() on ptolemy.moml.MoMLSimpleApplication@622bfd7a
reloadAllAccessors: .MathFunction2

===========================================================================================
----------------- testing Sun May 26 04:24:18 UTC 2019 /home/travis/build/icyphy/ptII/ptolemy/actor/lib/test/auto/MathFunction3.xml
----------------- Instantiating /home/travis/build/icyphy/ptII/ptolemy/actor/lib/test/auto/MathFunction3.xml
5 ms. Memory: 1364992K Free: 558085K (41%)
----------------- Invoking toplevel() on ptolemy.moml.MoMLSimpleApplication@3aab8579
----------------- Done invoking toplevel() on ptolemy.moml.MoMLSimpleApplication@3aab8579
reloadAllAccessors: .MathFunction3

===========================================================================================
----------------- testing Sun May 26 04:24:18 UTC 2019 /home/travis/build/icyphy/ptII/ptolemy/actor/lib/test/auto/MatrixCropBoolean.xml
----------------- Instantiating /home/travis/build/icyphy/ptII/ptolemy/actor/lib/test/auto/MatrixCropBoolean.xml
2 ms. Memory: 1364992K Free: 539103K (39%)
----------------- Invoking toplevel() on ptolemy.moml.MoMLSimpleApplication@101166da
----------------- Done invoking toplevel() on ptolemy.moml.MoMLSimpleApplication@101166da
reloadAllAccessors: .MatrixCropBoolean

===========================================================================================
----------------- testing Sun May 26 04:24:18 UTC 2019 /home/travis/build/icyphy/ptII/ptolemy/actor/lib/test/auto/MatrixCropComplex.xml
----------------- Instantiating /home/travis/build/icyphy/ptII/ptolemy/actor/lib/test/auto/MatrixCropComplex.xml
2 ms. Memory: 1364992K Free: 526656K (39%)
----------------- Invoking toplevel() on ptolemy.moml.MoMLSimpleApplication@3de06bbd
----------------- Done invoking toplevel() on ptolemy.moml.MoMLSimpleApplication@3de06bbd
reloadAllAccessors: .MatrixCropComplex

===========================================================================================
----------------- testing Sun May 26 04:24:18 UTC 2019 /home/travis/build/icyphy/ptII/ptolemy/actor/lib/test/auto/MatrixCropDouble.xml
----------------- Instantiating /home/travis/build/icyphy/ptII/ptolemy/actor/lib/test/auto/MatrixCropDouble.xml
4 ms. Memory: 1364992K Free: 514210K (38%)
----------------- Invoking toplevel() on ptolemy.moml.MoMLSimpleApplication@3bdb33b
----------------- Done invoking toplevel() on ptolemy.moml.MoMLSimpleApplication@3bdb33b
reloadAllAccessors: .MatrixCropDouble

===========================================================================================
----------------- testing Sun May 26 04:24:18 UTC 2019 /home/travis/build/icyphy/ptII/ptolemy/actor/lib/test/auto/MatrixCropFix.xml
----------------- Instantiating /home/travis/build/icyphy/ptII/ptolemy/actor/lib/test/auto/MatrixCropFix.xml
2 ms. Memory: 1364992K Free: 495228K (36%)
----------------- Invoking toplevel() on ptolemy.moml.MoMLSimpleApplication@6841e3a0
----------------- Done invoking toplevel() on ptolemy.moml.MoMLSimpleApplication@6841e3a0
reloadAllAccessors: .MatrixCropFix

===========================================================================================
----------------- testing Sun May 26 04:24:18 UTC 2019 /home/travis/build/icyphy/ptII/ptolemy/actor/lib/test/auto/MatrixCropInt.xml
----------------- Instantiating /home/travis/build/icyphy/ptII/ptolemy/actor/lib/test/auto/MatrixCropInt.xml
2 ms. Memory: 1364992K Free: 482781K (35%)
----------------- Invoking toplevel() on ptolemy.moml.MoMLSimpleApplication@2f796d1a
----------------- Done invoking toplevel() on ptolemy.moml.MoMLSimpleApplication@2f796d1a
reloadAllAccessors: .MatrixCropInt

===========================================================================================
----------------- testing Sun May 26 04:24:18 UTC 2019 /home/travis/build/icyphy/ptII/ptolemy/actor/lib/test/auto/MatrixCropLong.xml
----------------- Instantiating /home/travis/build/icyphy/ptII/ptolemy/actor/lib/test/auto/MatrixCropLong.xml
2 ms. Memory: 1364992K Free: 463799K (34%)
----------------- Invoking toplevel() on ptolemy.moml.MoMLSimpleApplication@68a9f3f2
----------------- Done invoking toplevel() on ptolemy.moml.MoMLSimpleApplication@68a9f3f2
reloadAllAccessors: .MatrixCropLong

===========================================================================================
----------------- testing Sun May 26 04:24:18 UTC 2019 /home/travis/build/icyphy/ptII/ptolemy/actor/lib/test/auto/MatrixToArray.xml
----------------- Instantiating /home/travis/build/icyphy/ptII/ptolemy/actor/lib/test/auto/MatrixToArray.xml
5 ms. Memory: 1364992K Free: 438874K (32%)
----------------- Invoking toplevel() on ptolemy.moml.MoMLSimpleApplication@1de88e6f
----------------- Done invoking toplevel() on ptolemy.moml.MoMLSimpleApplication@1de88e6f
reloadAllAccessors: .MatrixToArray

===========================================================================================
----------------- testing Sun May 26 04:24:18 UTC 2019 /home/travis/build/icyphy/ptII/ptolemy/actor/lib/test/auto/MaxIndex.xml
----------------- Instantiating /home/travis/build/icyphy/ptII/ptolemy/actor/lib/test/auto/MaxIndex.xml
2 ms. Memory: 1364992K Free: 426427K (31%)
----------------- Invoking toplevel() on ptolemy.moml.MoMLSimpleApplication@1cc35f05
----------------- Done invoking toplevel() on ptolemy.moml.MoMLSimpleApplication@1cc35f05
reloadAllAccessors: .MaxIndex

===========================================================================================
----------------- testing Sun May 26 04:24:18 UTC 2019 /home/travis/build/icyphy/ptII/ptolemy/actor/lib/test/auto/Maximum.xml
----------------- Instantiating /home/travis/build/icyphy/ptII/ptolemy/actor/lib/test/auto/Maximum.xml
2 ms. Memory: 1364992K Free: 407445K (30%)
----------------- Invoking toplevel() on ptolemy.moml.MoMLSimpleApplication@41800508
----------------- Done invoking toplevel() on ptolemy.moml.MoMLSimpleApplication@41800508
reloadAllAccessors: .Maximum

===========================================================================================
----------------- testing Sun May 26 04:24:18 UTC 2019 /home/travis/build/icyphy/ptII/ptolemy/actor/lib/test/auto/MaximumComplex.xml
----------------- Instantiating /home/travis/build/icyphy/ptII/ptolemy/actor/lib/test/auto/MaximumComplex.xml
4 ms. Memory: 1364992K Free: 394998K (29%)
----------------- Invoking toplevel() on ptolemy.moml.MoMLSimpleApplication@30b74402
----------------- Done invoking toplevel() on ptolemy.moml.MoMLSimpleApplication@30b74402
reloadAllAccessors: .MaximumComplex

===========================================================================================
----------------- testing Sun May 26 04:24:18 UTC 2019 /home/travis/build/icyphy/ptII/ptolemy/actor/lib/test/auto/MethodCallTest.xml
----------------- Instantiating /home/travis/build/icyphy/ptII/ptolemy/actor/lib/test/auto/MethodCallTest.xml
2 ms. Memory: 1364992K Free: 382552K (28%)
----------------- Invoking toplevel() on ptolemy.moml.MoMLSimpleApplication@2296d4d9
----------------- Done invoking toplevel() on ptolemy.moml.MoMLSimpleApplication@2296d4d9
reloadAllAccessors: .MethodCallTest

===========================================================================================
----------------- testing Sun May 26 04:24:18 UTC 2019 /home/travis/build/icyphy/ptII/ptolemy/actor/lib/test/auto/Minimum.xml
----------------- Instantiating /home/travis/build/icyphy/ptII/ptolemy/actor/lib/test/auto/Minimum.xml
4 ms. Memory: 1364992K Free: 363570K (27%)
----------------- Invoking toplevel() on ptolemy.moml.MoMLSimpleApplication@2df4ec65
----------------- Done invoking toplevel() on ptolemy.moml.MoMLSimpleApplication@2df4ec65
reloadAllAccessors: .Minimum

===========================================================================================
----------------- testing Sun May 26 04:24:18 UTC 2019 /home/travis/build/icyphy/ptII/ptolemy/actor/lib/test/auto/MinimumComplex.xml
----------------- Instantiating /home/travis/build/icyphy/ptII/ptolemy/actor/lib/test/auto/MinimumComplex.xml
3 ms. Memory: 1364992K Free: 351123K (26%)
----------------- Invoking toplevel() on ptolemy.moml.MoMLSimpleApplication@7c60f3c6
----------------- Done invoking toplevel() on ptolemy.moml.MoMLSimpleApplication@7c60f3c6
reloadAllAccessors: .MinimumComplex

===========================================================================================
----------------- testing Sun May 26 04:24:18 UTC 2019 /home/travis/build/icyphy/ptII/ptolemy/actor/lib/test/auto/MinimumMultiports.xml
----------------- Instantiating /home/travis/build/icyphy/ptII/ptolemy/actor/lib/test/auto/MinimumMultiports.xml
3 ms. Memory: 1364992K Free: 338676K (25%)
----------------- Invoking toplevel() on ptolemy.moml.MoMLSimpleApplication@49aff4de
----------------- Done invoking toplevel() on ptolemy.moml.MoMLSimpleApplication@49aff4de
reloadAllAccessors: .MinimumMultiports

===========================================================================================
----------------- testing Sun May 26 04:24:18 UTC 2019 /home/travis/build/icyphy/ptII/ptolemy/actor/lib/test/auto/ModifyDate.xml
----------------- Instantiating /home/travis/build/icyphy/ptII/ptolemy/actor/lib/test/auto/ModifyDate.xml
7 ms. Memory: 1364992K Free: 313455K (23%)
----------------- Invoking toplevel() on ptolemy.moml.MoMLSimpleApplication@53923e94
----------------- Done invoking toplevel() on ptolemy.moml.MoMLSimpleApplication@53923e94
reloadAllAccessors: .ModifyDate

===========================================================================================
----------------- testing Sun May 26 04:24:18 UTC 2019 /home/travis/build/icyphy/ptII/ptolemy/actor/lib/test/auto/ModifyDate2.xml
----------------- Instantiating /home/travis/build/icyphy/ptII/ptolemy/actor/lib/test/auto/ModifyDate2.xml
4 ms. Memory: 1364992K Free: 294769K (22%)
----------------- Invoking toplevel() on ptolemy.moml.MoMLSimpleApplication@5c2cabdf
----------------- Done invoking toplevel() on ptolemy.moml.MoMLSimpleApplication@5c2cabdf
reloadAllAccessors: .ModifyDate2

===========================================================================================
----------------- testing Sun May 26 04:24:18 UTC 2019 /home/travis/build/icyphy/ptII/ptolemy/actor/lib/test/auto/MovingAverage.xml
----------------- Instantiating /home/travis/build/icyphy/ptII/ptolemy/actor/lib/test/auto/MovingAverage.xml
1 ms. Memory: 1364992K Free: 282322K (21%)
----------------- Invoking toplevel() on ptolemy.moml.MoMLSimpleApplication@513daa1
----------------- Done invoking toplevel() on ptolemy.moml.MoMLSimpleApplication@513daa1
reloadAllAccessors: .MovingAverage

===========================================================================================
----------------- testing Sun May 26 04:24:18 UTC 2019 /home/travis/build/icyphy/ptII/ptolemy/actor/lib/test/auto/MovingMaximum.xml
----------------- Instantiating /home/travis/build/icyphy/ptII/ptolemy/actor/lib/test/auto/MovingMaximum.xml
2 ms. Memory: 1364992K Free: 263340K (19%)
----------------- Invoking toplevel() on ptolemy.moml.MoMLSimpleApplication@7c643c48
----------------- Done invoking toplevel() on ptolemy.moml.MoMLSimpleApplication@7c643c48
reloadAllAccessors: .MovingMaximum

===========================================================================================
----------------- testing Sun May 26 04:24:18 UTC 2019 /home/travis/build/icyphy/ptII/ptolemy/actor/lib/test/auto/MultipleLinksToSameRelation.xml
----------------- Instantiating /home/travis/build/icyphy/ptII/ptolemy/actor/lib/test/auto/MultipleLinksToSameRelation.xml
2 ms. Memory: 1364992K Free: 250893K (18%)
----------------- Invoking toplevel() on ptolemy.moml.MoMLSimpleApplication@4875409
----------------- Done invoking toplevel() on ptolemy.moml.MoMLSimpleApplication@4875409
reloadAllAccessors: .MultipleLinksToSameRelation

===========================================================================================
----------------- testing Sun May 26 04:24:18 UTC 2019 /home/travis/build/icyphy/ptII/ptolemy/actor/lib/test/auto/MultipleLinksToSameRelationDE.xml
----------------- Instantiating /home/travis/build/icyphy/ptII/ptolemy/actor/lib/test/auto/MultipleLinksToSameRelationDE.xml
1 ms. Memory: 1364992K Free: 231912K (17%)
----------------- Invoking toplevel() on ptolemy.moml.MoMLSimpleApplication@5339bf0d
----------------- Done invoking toplevel() on ptolemy.moml.MoMLSimpleApplication@5339bf0d
reloadAllAccessors: .MultipleLinksToSameRelationDE

===========================================================================================
----------------- testing Sun May 26 04:24:18 UTC 2019 /home/travis/build/icyphy/ptII/ptolemy/actor/lib/test/auto/Multiplexor.xml
----------------- Instantiating /home/travis/build/icyphy/ptII/ptolemy/actor/lib/test/auto/Multiplexor.xml
2 ms. Memory: 1364992K Free: 219465K (16%)
----------------- Invoking toplevel() on ptolemy.moml.MoMLSimpleApplication@4fd4f54d
----------------- Done invoking toplevel() on ptolemy.moml.MoMLSimpleApplication@4fd4f54d
reloadAllAccessors: .Multiplexor

===========================================================================================
----------------- testing Sun May 26 04:24:18 UTC 2019 /home/travis/build/icyphy/ptII/ptolemy/actor/lib/test/auto/Multiplexor1.xml
----------------- Instantiating /home/travis/build/icyphy/ptII/ptolemy/actor/lib/test/auto/Multiplexor1.xml
3 ms. Memory: 1364992K Free: 207018K (15%)
----------------- Invoking toplevel() on ptolemy.moml.MoMLSimpleApplication@1caff64d
----------------- Done invoking toplevel() on ptolemy.moml.MoMLSimpleApplication@1caff64d
reloadAllAccessors: .Multiplexor1

===========================================================================================
----------------- testing Sun May 26 04:24:18 UTC 2019 /home/travis/build/icyphy/ptII/ptolemy/actor/lib/test/auto/Multiplexor2.xml
----------------- Instantiating /home/travis/build/icyphy/ptII/ptolemy/actor/lib/test/auto/Multiplexor2.xml
7 ms. Memory: 1364992K Free: 188036K (14%)
----------------- Invoking toplevel() on ptolemy.moml.MoMLSimpleApplication@1b94aa99
----------------- Done invoking toplevel() on ptolemy.moml.MoMLSimpleApplication@1b94aa99
reloadAllAccessors: .Multiplexor2

===========================================================================================
----------------- testing Sun May 26 04:24:18 UTC 2019 /home/travis/build/icyphy/ptII/ptolemy/actor/lib/test/auto/Multiplexor3.xml
----------------- Instantiating /home/travis/build/icyphy/ptII/ptolemy/actor/lib/test/auto/Multiplexor3.xml
2 ms. Memory: 1364992K Free: 175590K (13%)
----------------- Invoking toplevel() on ptolemy.moml.MoMLSimpleApplication@76b97101
----------------- Done invoking toplevel() on ptolemy.moml.MoMLSimpleApplication@76b97101
reloadAllAccessors: .Multiplexor3

===========================================================================================
----------------- testing Sun May 26 04:24:18 UTC 2019 /home/travis/build/icyphy/ptII/ptolemy/actor/lib/test/auto/MultiplexorDE.xml
----------------- Instantiating /home/travis/build/icyphy/ptII/ptolemy/actor/lib/test/auto/MultiplexorDE.xml
3 ms. Memory: 1364992K Free: 163143K (12%)
----------------- Invoking toplevel() on ptolemy.moml.MoMLSimpleApplication@7f1cb7d5
----------------- Done invoking toplevel() on ptolemy.moml.MoMLSimpleApplication@7f1cb7d5
reloadAllAccessors: .MultiplexorDE

===========================================================================================
----------------- testing Sun May 26 04:24:18 UTC 2019 /home/travis/build/icyphy/ptII/ptolemy/actor/lib/test/auto/MultiportBroadcastTest.xml
----------------- Instantiating /home/travis/build/icyphy/ptII/ptolemy/actor/lib/test/auto/MultiportBroadcastTest.xml
86 ms. Memory: 1364992K Free: 144161K (11%)
----------------- Invoking toplevel() on ptolemy.moml.MoMLSimpleApplication@4c194d62
----------------- Done invoking toplevel() on ptolemy.moml.MoMLSimpleApplication@4c194d62
reloadAllAccessors: .MultiportBroadcastTest

===========================================================================================
----------------- testing Sun May 26 04:24:18 UTC 2019 /home/travis/build/icyphy/ptII/ptolemy/actor/lib/test/auto/MultiportOutHangDuringGetWidth.xml
----------------- Instantiating /home/travis/build/icyphy/ptII/ptolemy/actor/lib/test/auto/MultiportOutHangDuringGetWidth.xml
5 ms. Memory: 1364992K Free: 125491K (9%)
----------------- Invoking toplevel() on ptolemy.moml.MoMLSimpleApplication@6cc2768
----------------- Done invoking toplevel() on ptolemy.moml.MoMLSimpleApplication@6cc2768
reloadAllAccessors: .MultiportOutHangDuringGetWidth

===========================================================================================
----------------- testing Sun May 26 04:24:18 UTC 2019 /home/travis/build/icyphy/ptII/ptolemy/actor/lib/test/auto/NilToken.xml
----------------- Instantiating /home/travis/build/icyphy/ptII/ptolemy/actor/lib/test/auto/NilToken.xml
1 ms. Memory: 1364992K Free: 113044K (8%)
----------------- Invoking toplevel() on ptolemy.moml.MoMLSimpleApplication@43d8360
----------------- Done invoking toplevel() on ptolemy.moml.MoMLSimpleApplication@43d8360
reloadAllAccessors: .NilToken

===========================================================================================
----------------- testing Sun May 26 04:24:18 UTC 2019 /home/travis/build/icyphy/ptII/ptolemy/actor/lib/test/auto/NilTokenNonStrictTest.xml
----------------- Instantiating /home/travis/build/icyphy/ptII/ptolemy/actor/lib/test/auto/NilTokenNonStrictTest.xml
5 ms. Memory: 1364992K Free: 94062K (7%)
----------------- Invoking toplevel() on ptolemy.moml.MoMLSimpleApplication@3e50e06b
----------------- Done invoking toplevel() on ptolemy.moml.MoMLSimpleApplication@3e50e06b
reloadAllAccessors: .NilTokenNonStrictTest

===========================================================================================
----------------- testing Sun May 26 04:24:18 UTC 2019 /home/travis/build/icyphy/ptII/ptolemy/actor/lib/test/auto/NilTokenRecord.xml
----------------- Instantiating /home/travis/build/icyphy/ptII/ptolemy/actor/lib/test/auto/NilTokenRecord.xml
6 ms. Memory: 1364992K Free: 81615K (6%)
----------------- Invoking toplevel() on ptolemy.moml.MoMLSimpleApplication@6b811b5e
----------------- Done invoking toplevel() on ptolemy.moml.MoMLSimpleApplication@6b811b5e
reloadAllAccessors: .NilTokenRecord

===========================================================================================
----------------- testing Sun May 26 04:24:18 UTC 2019 /home/travis/build/icyphy/ptII/ptolemy/actor/lib/test/auto/NilTokenTypeTest.xml
----------------- Instantiating /home/travis/build/icyphy/ptII/ptolemy/actor/lib/test/auto/NilTokenTypeTest.xml
7 ms. Memory: 1564160K Free: 1508913K (96%)
----------------- Invoking toplevel() on ptolemy.moml.MoMLSimpleApplication@2477416
----------------- Done invoking toplevel() on ptolemy.moml.MoMLSimpleApplication@2477416
reloadAllAccessors: .NilTokenTypeTest

===========================================================================================
----------------- testing Sun May 26 04:24:19 UTC 2019 /home/travis/build/icyphy/ptII/ptolemy/actor/lib/test/auto/ObjectToken1.xml
----------------- Instantiating /home/travis/build/icyphy/ptII/ptolemy/actor/lib/test/auto/ObjectToken1.xml
2 ms. Memory: 1564160K Free: 1487744K (95%)
----------------- Invoking toplevel() on ptolemy.moml.MoMLSimpleApplication@84be824
----------------- Done invoking toplevel() on ptolemy.moml.MoMLSimpleApplication@84be824
reloadAllAccessors: .ObjectToken1

===========================================================================================
----------------- testing Sun May 26 04:24:19 UTC 2019 /home/travis/build/icyphy/ptII/ptolemy/actor/lib/test/auto/OrderedMerge.xml
----------------- Instantiating /home/travis/build/icyphy/ptII/ptolemy/actor/lib/test/auto/OrderedMerge.xml
9 ms. Memory: 1564160K Free: 1443845K (92%)
----------------- Invoking toplevel() on ptolemy.moml.MoMLSimpleApplication@448cae61
----------------- Done invoking toplevel() on ptolemy.moml.MoMLSimpleApplication@448cae61
reloadAllAccessors: .OrderedMerge

===========================================================================================
----------------- testing Sun May 26 04:24:19 UTC 2019 /home/travis/build/icyphy/ptII/ptolemy/actor/lib/test/auto/OrderedRecordDisassembler.xml
----------------- Instantiating /home/travis/build/icyphy/ptII/ptolemy/actor/lib/test/auto/OrderedRecordDisassembler.xml
3 ms. Memory: 1564160K Free: 1422676K (91%)
----------------- Invoking toplevel() on ptolemy.moml.MoMLSimpleApplication@1e9ec9f9
----------------- Done invoking toplevel() on ptolemy.moml.MoMLSimpleApplication@1e9ec9f9
reloadAllAccessors: .OrderedRecordDisassembler

===========================================================================================
----------------- testing Sun May 26 04:24:19 UTC 2019 /home/travis/build/icyphy/ptII/ptolemy/actor/lib/test/auto/OrderedRecordDisassembler2.xml
----------------- Instantiating /home/travis/build/icyphy/ptII/ptolemy/actor/lib/test/auto/OrderedRecordDisassembler2.xml
4 ms. Memory: 1564160K Free: 1408043K (90%)
----------------- Invoking toplevel() on ptolemy.moml.MoMLSimpleApplication@293f5e14
----------------- Done invoking toplevel() on ptolemy.moml.MoMLSimpleApplication@293f5e14
reloadAllAccessors: .OrderedRecordDisassembler2

===========================================================================================
----------------- testing Sun May 26 04:24:19 UTC 2019 /home/travis/build/icyphy/ptII/ptolemy/actor/lib/test/auto/OrderedRecordUpdater.xml
----------------- Instantiating /home/travis/build/icyphy/ptII/ptolemy/actor/lib/test/auto/OrderedRecordUpdater.xml
1 ms. Memory: 1564160K Free: 1393327K (89%)
----------------- Invoking toplevel() on ptolemy.moml.MoMLSimpleApplication@7a1fcf1b
----------------- Done invoking toplevel() on ptolemy.moml.MoMLSimpleApplication@7a1fcf1b
reloadAllAccessors: .RecordUpdater

===========================================================================================
----------------- testing Sun May 26 04:24:19 UTC 2019 /home/travis/build/icyphy/ptII/ptolemy/actor/lib/test/auto/OrderedRecordUpdater2.xml
----------------- Instantiating /home/travis/build/icyphy/ptII/ptolemy/actor/lib/test/auto/OrderedRecordUpdater2.xml
5 ms. Memory: 1564160K Free: 1372158K (88%)
----------------- Invoking toplevel() on ptolemy.moml.MoMLSimpleApplication@31913852
----------------- Done invoking toplevel() on ptolemy.moml.MoMLSimpleApplication@31913852
reloadAllAccessors: .RecordUpdater2

===========================================================================================
----------------- testing Sun May 26 04:24:19 UTC 2019 /home/travis/build/icyphy/ptII/ptolemy/actor/lib/test/auto/PhaseUnwrap.xml
----------------- Instantiating /home/travis/build/icyphy/ptII/ptolemy/actor/lib/test/auto/PhaseUnwrap.xml
1 ms. Memory: 1564160K Free: 1357525K (87%)
----------------- Invoking toplevel() on ptolemy.moml.MoMLSimpleApplication@76c37b7f
----------------- Done invoking toplevel() on ptolemy.moml.MoMLSimpleApplication@76c37b7f
reloadAllAccessors: .PhaseUnwrap

===========================================================================================
----------------- testing Sun May 26 04:24:19 UTC 2019 /home/travis/build/icyphy/ptII/ptolemy/actor/lib/test/auto/PoissonClock.xml
----------------- Instantiating /home/travis/build/icyphy/ptII/ptolemy/actor/lib/test/auto/PoissonClock.xml
1 ms. Memory: 1564160K Free: 1342892K (86%)
----------------- Invoking toplevel() on ptolemy.moml.MoMLSimpleApplication@64675a6d
----------------- Done invoking toplevel() on ptolemy.moml.MoMLSimpleApplication@64675a6d
reloadAllAccessors: .PoissonClock

===========================================================================================
----------------- testing Sun May 26 04:24:19 UTC 2019 /home/travis/build/icyphy/ptII/ptolemy/actor/lib/test/auto/PoissonClock2.xml
----------------- Instantiating /home/travis/build/icyphy/ptII/ptolemy/actor/lib/test/auto/PoissonClock2.xml
1 ms. Memory: 1564160K Free: 1321723K (85%)
----------------- Invoking toplevel() on ptolemy.moml.MoMLSimpleApplication@3e290442
----------------- Done invoking toplevel() on ptolemy.moml.MoMLSimpleApplication@3e290442
reloadAllAccessors: .PoissonClock2

===========================================================================================
----------------- testing Sun May 26 04:24:19 UTC 2019 /home/travis/build/icyphy/ptII/ptolemy/actor/lib/test/auto/PoissonClock3.xml
----------------- Instantiating /home/travis/build/icyphy/ptII/ptolemy/actor/lib/test/auto/PoissonClock3.xml
1 ms. Memory: 1564160K Free: 1307090K (84%)
----------------- Invoking toplevel() on ptolemy.moml.MoMLSimpleApplication@3b8fade
----------------- Done invoking toplevel() on ptolemy.moml.MoMLSimpleApplication@3b8fade
reloadAllAccessors: .PoissonClock3

===========================================================================================
----------------- testing Sun May 26 04:24:19 UTC 2019 /home/travis/build/icyphy/ptII/ptolemy/actor/lib/test/auto/PubSubWithInitialTokens.xml
----------------- Instantiating /home/travis/build/icyphy/ptII/ptolemy/actor/lib/test/auto/PubSubWithInitialTokens.xml
2 ms. Memory: 1564160K Free: 1292457K (83%)
----------------- Invoking toplevel() on ptolemy.moml.MoMLSimpleApplication@7b137449
----------------- Done invoking toplevel() on ptolemy.moml.MoMLSimpleApplication@7b137449
reloadAllAccessors: .PubSubWithInitialTokens

===========================================================================================
----------------- testing Sun May 26 04:24:19 UTC 2019 /home/travis/build/icyphy/ptII/ptolemy/actor/lib/test/auto/PubSubWithInitialTokens2.xml
----------------- Instantiating /home/travis/build/icyphy/ptII/ptolemy/actor/lib/test/auto/PubSubWithInitialTokens2.xml
2 ms. Memory: 1564160K Free: 1271288K (81%)
----------------- Invoking toplevel() on ptolemy.moml.MoMLSimpleApplication@70fa26b2
----------------- Done invoking toplevel() on ptolemy.moml.MoMLSimpleApplication@70fa26b2
reloadAllAccessors: .PubSubWithInitialTokens2

===========================================================================================
----------------- testing Sun May 26 04:24:19 UTC 2019 /home/travis/build/icyphy/ptII/ptolemy/actor/lib/test/auto/PublisherClassNoParameter.xml
----------------- Instantiating /home/travis/build/icyphy/ptII/ptolemy/actor/lib/test/auto/PublisherClassNoParameter.xml
2 ms. Memory: 1564160K Free: 1249323K (80%)
----------------- Invoking toplevel() on ptolemy.moml.MoMLSimpleApplication@382cdb96
----------------- Done invoking toplevel() on ptolemy.moml.MoMLSimpleApplication@382cdb96
reloadAllAccessors: .PublisherClassNoParameter

===========================================================================================
----------------- testing Sun May 26 04:24:19 UTC 2019 /home/travis/build/icyphy/ptII/ptolemy/actor/lib/test/auto/PublisherClassParameter.xml
----------------- Instantiating /home/travis/build/icyphy/ptII/ptolemy/actor/lib/test/auto/PublisherClassParameter.xml
1 ms. Memory: 1564160K Free: 1227365K (78%)
----------------- Invoking toplevel() on ptolemy.moml.MoMLSimpleApplication@33a5af48
----------------- Done invoking toplevel() on ptolemy.moml.MoMLSimpleApplication@33a5af48
reloadAllAccessors: .PublisherClassParameter

===========================================================================================
----------------- testing Sun May 26 04:24:19 UTC 2019 /home/travis/build/icyphy/ptII/ptolemy/actor/lib/test/auto/PublisherNonStrictTest.xml
----------------- Instantiating /home/travis/build/icyphy/ptII/ptolemy/actor/lib/test/auto/PublisherNonStrictTest.xml
5 ms. Memory: 1564160K Free: 1206197K (77%)
----------------- Invoking toplevel() on ptolemy.moml.MoMLSimpleApplication@4fd4e0fb
----------------- Done invoking toplevel() on ptolemy.moml.MoMLSimpleApplication@4fd4e0fb
reloadAllAccessors: .PublisherNonStrictTest

===========================================================================================
----------------- testing Sun May 26 04:24:19 UTC 2019 /home/travis/build/icyphy/ptII/ptolemy/actor/lib/test/auto/PublisherPort1.xml
----------------- Instantiating /home/travis/build/icyphy/ptII/ptolemy/actor/lib/test/auto/PublisherPort1.xml
4 ms. Memory: 1564160K Free: 1191564K (76%)
----------------- Invoking toplevel() on ptolemy.moml.MoMLSimpleApplication@40e4a0aa
----------------- Done invoking toplevel() on ptolemy.moml.MoMLSimpleApplication@40e4a0aa
reloadAllAccessors: .PublisherPort1

===========================================================================================
----------------- testing Sun May 26 04:24:19 UTC 2019 /home/travis/build/icyphy/ptII/ptolemy/actor/lib/test/auto/PublisherPort2.xml
----------------- Instantiating /home/travis/build/icyphy/ptII/ptolemy/actor/lib/test/auto/PublisherPort2.xml
1 ms. Memory: 1564160K Free: 1170395K (75%)
----------------- Invoking toplevel() on ptolemy.moml.MoMLSimpleApplication@56a01d2e
----------------- Done invoking toplevel() on ptolemy.moml.MoMLSimpleApplication@56a01d2e
reloadAllAccessors: .PublisherPort2

===========================================================================================
----------------- testing Sun May 26 04:24:19 UTC 2019 /home/travis/build/icyphy/ptII/ptolemy/actor/lib/test/auto/PublisherPort3.xml
----------------- Instantiating /home/travis/build/icyphy/ptII/ptolemy/actor/lib/test/auto/PublisherPort3.xml
13 ms. Memory: 1564160K Free: 1155762K (74%)
----------------- Invoking toplevel() on ptolemy.moml.MoMLSimpleApplication@673c95c5
----------------- Done invoking toplevel() on ptolemy.moml.MoMLSimpleApplication@673c95c5
reloadAllAccessors: .PublisherPort3

===========================================================================================
----------------- testing Sun May 26 04:24:19 UTC 2019 /home/travis/build/icyphy/ptII/ptolemy/actor/lib/test/auto/PublisherPort4.xml
----------------- Instantiating /home/travis/build/icyphy/ptII/ptolemy/actor/lib/test/auto/PublisherPort4.xml
2 ms. Memory: 1564160K Free: 1141129K (73%)
----------------- Invoking toplevel() on ptolemy.moml.MoMLSimpleApplication@60b45d5
----------------- Done invoking toplevel() on ptolemy.moml.MoMLSimpleApplication@60b45d5
reloadAllAccessors: .PublisherPort4

===========================================================================================
----------------- testing Sun May 26 04:24:19 UTC 2019 /home/travis/build/icyphy/ptII/ptolemy/actor/lib/test/auto/PublisherPort5.xml
----------------- Instantiating /home/travis/build/icyphy/ptII/ptolemy/actor/lib/test/auto/PublisherPort5.xml
6 ms. Memory: 1564160K Free: 1119960K (72%)
----------------- Invoking toplevel() on ptolemy.moml.MoMLSimpleApplication@12c2fed9
----------------- Done invoking toplevel() on ptolemy.moml.MoMLSimpleApplication@12c2fed9
reloadAllAccessors: .PublisherPort5

===========================================================================================
----------------- testing Sun May 26 04:24:19 UTC 2019 /home/travis/build/icyphy/ptII/ptolemy/actor/lib/test/auto/PublisherPort5LookAlike.xml
----------------- Instantiating /home/travis/build/icyphy/ptII/ptolemy/actor/lib/test/auto/PublisherPort5LookAlike.xml
7 ms. Memory: 1564160K Free: 1105327K (71%)
----------------- Invoking toplevel() on ptolemy.moml.MoMLSimpleApplication@423942e4
----------------- Done invoking toplevel() on ptolemy.moml.MoMLSimpleApplication@423942e4
reloadAllAccessors: .PublisherPort5LookAlike

===========================================================================================
----------------- testing Sun May 26 04:24:19 UTC 2019 /home/travis/build/icyphy/ptII/ptolemy/actor/lib/test/auto/PublisherPort6.xml
----------------- Instantiating /home/travis/build/icyphy/ptII/ptolemy/actor/lib/test/auto/PublisherPort6.xml
2 ms. Memory: 1564160K Free: 1090694K (70%)
----------------- Invoking toplevel() on ptolemy.moml.MoMLSimpleApplication@7adc79c4
----------------- Done invoking toplevel() on ptolemy.moml.MoMLSimpleApplication@7adc79c4
reloadAllAccessors: .PublisherPort6

===========================================================================================
----------------- testing Sun May 26 04:24:19 UTC 2019 /home/travis/build/icyphy/ptII/ptolemy/actor/lib/test/auto/PublisherPort7.xml
----------------- Instantiating /home/travis/build/icyphy/ptII/ptolemy/actor/lib/test/auto/PublisherPort7.xml
3 ms. Memory: 1564160K Free: 1069524K (68%)
----------------- Invoking toplevel() on ptolemy.moml.MoMLSimpleApplication@b2b3bfa
----------------- Done invoking toplevel() on ptolemy.moml.MoMLSimpleApplication@b2b3bfa
reloadAllAccessors: .PublisherPort7

===========================================================================================
----------------- testing Sun May 26 04:24:19 UTC 2019 /home/travis/build/icyphy/ptII/ptolemy/actor/lib/test/auto/PublisherPort8.xml
----------------- Instantiating /home/travis/build/icyphy/ptII/ptolemy/actor/lib/test/auto/PublisherPort8.xml
3 ms. Memory: 1564160K Free: 1054891K (67%)
----------------- Invoking toplevel() on ptolemy.moml.MoMLSimpleApplication@3a17d56
----------------- Done invoking toplevel() on ptolemy.moml.MoMLSimpleApplication@3a17d56
reloadAllAccessors: .PublisherPort8

===========================================================================================
----------------- testing Sun May 26 04:24:19 UTC 2019 /home/travis/build/icyphy/ptII/ptolemy/actor/lib/test/auto/PublisherPortSubscriberChannelVariablesAOC2.xml
----------------- Instantiating /home/travis/build/icyphy/ptII/ptolemy/actor/lib/test/auto/PublisherPortSubscriberChannelVariablesAOC2.xml
2 ms. Memory: 1564160K Free: 1025593K (66%)
----------------- Invoking toplevel() on ptolemy.moml.MoMLSimpleApplication@5b0703c4
----------------- Done invoking toplevel() on ptolemy.moml.MoMLSimpleApplication@5b0703c4
reloadAllAccessors: .PublisherPortSubscriberChannelVariablesAOC2

===========================================================================================
----------------- testing Sun May 26 04:24:19 UTC 2019 /home/travis/build/icyphy/ptII/ptolemy/actor/lib/test/auto/PublisherPortSubscriberOpaqueWidthInference.xml
----------------- Instantiating /home/travis/build/icyphy/ptII/ptolemy/actor/lib/test/auto/PublisherPortSubscriberOpaqueWidthInference.xml
4 ms. Memory: 1564160K Free: 1004424K (64%)
----------------- Invoking toplevel() on ptolemy.moml.MoMLSimpleApplication@1f02fa60
----------------- Done invoking toplevel() on ptolemy.moml.MoMLSimpleApplication@1f02fa60
reloadAllAccessors: .PublisherPortSubscriberOpaqueWidthInference

===========================================================================================
----------------- testing Sun May 26 04:24:19 UTC 2019 /home/travis/build/icyphy/ptII/ptolemy/actor/lib/test/auto/PublisherPortSubscriberPortAdjacent.xml
----------------- Instantiating /home/travis/build/icyphy/ptII/ptolemy/actor/lib/test/auto/PublisherPortSubscriberPortAdjacent.xml
2 ms. Memory: 1564160K Free: 989792K (63%)
----------------- Invoking toplevel() on ptolemy.moml.MoMLSimpleApplication@8ccdd5
----------------- Done invoking toplevel() on ptolemy.moml.MoMLSimpleApplication@8ccdd5
reloadAllAccessors: .PublisherPortSubscriberPortAdjacent

===========================================================================================
----------------- testing Sun May 26 04:24:19 UTC 2019 /home/travis/build/icyphy/ptII/ptolemy/actor/lib/test/auto/PublisherPortSubscriberPortExpression.xml
----------------- Instantiating /home/travis/build/icyphy/ptII/ptolemy/actor/lib/test/auto/PublisherPortSubscriberPortExpression.xml
3 ms. Memory: 1564160K Free: 968623K (62%)
----------------- Invoking toplevel() on ptolemy.moml.MoMLSimpleApplication@13841944
----------------- Done invoking toplevel() on ptolemy.moml.MoMLSimpleApplication@13841944
reloadAllAccessors: .PublisherPortSubscriberPortExpression

===========================================================================================
----------------- testing Sun May 26 04:24:19 UTC 2019 /home/travis/build/icyphy/ptII/ptolemy/actor/lib/test/auto/PublisherPortSubscriberPortOpaqueD3Reverse.xml
----------------- Instantiating /home/travis/build/icyphy/ptII/ptolemy/actor/lib/test/auto/PublisherPortSubscriberPortOpaqueD3Reverse.xml
10 ms. Memory: 1564160K Free: 953990K (61%)
----------------- Invoking toplevel() on ptolemy.moml.MoMLSimpleApplication@4e404206
----------------- Done invoking toplevel() on ptolemy.moml.MoMLSimpleApplication@4e404206
reloadAllAccessors: .PublisherPortSubscriberPortOpaqueD3Reverse

===========================================================================================
----------------- testing Sun May 26 04:24:19 UTC 2019 /home/travis/build/icyphy/ptII/ptolemy/actor/lib/test/auto/PublisherPortSubscriberPortOpaqueWidthInference.xml
----------------- Instantiating /home/travis/build/icyphy/ptII/ptolemy/actor/lib/test/auto/PublisherPortSubscriberPortOpaqueWidthInference.xml
3 ms. Memory: 1564160K Free: 939357K (60%)
----------------- Invoking toplevel() on ptolemy.moml.MoMLSimpleApplication@21d782da
----------------- Done invoking toplevel() on ptolemy.moml.MoMLSimpleApplication@21d782da
reloadAllAccessors: .PublisherPortSubscriberPortOpaqueWidthInference

===========================================================================================
----------------- testing Sun May 26 04:24:19 UTC 2019 /home/travis/build/icyphy/ptII/ptolemy/actor/lib/test/auto/PublisherPortToplevelSubscriberPortAOC.xml
----------------- Instantiating /home/travis/build/icyphy/ptII/ptolemy/actor/lib/test/auto/PublisherPortToplevelSubscriberPortAOC.xml
.PublisherPortToplevelSubscriberPortAOC.TestExceptionAttribute: initialize() was not invoked, but wrapup() was.  This is unusual, but not always a problem.  For example, exporting JNLP will do this.
0 ms. Memory: 1564160K Free: 918188K (59%)
----------------- Invoking toplevel() on ptolemy.moml.MoMLSimpleApplication@6548fd43
----------------- Done invoking toplevel() on ptolemy.moml.MoMLSimpleApplication@6548fd43
reloadAllAccessors: .PublisherPortToplevelSubscriberPortAOC

===========================================================================================
----------------- testing Sun May 26 04:24:19 UTC 2019 /home/travis/build/icyphy/ptII/ptolemy/actor/lib/test/auto/PublisherSubscriber.xml
----------------- Instantiating /home/travis/build/icyphy/ptII/ptolemy/actor/lib/test/auto/PublisherSubscriber.xml
2 ms. Memory: 1564160K Free: 903555K (58%)
----------------- Invoking toplevel() on ptolemy.moml.MoMLSimpleApplication@530eec58
----------------- Done invoking toplevel() on ptolemy.moml.MoMLSimpleApplication@530eec58
reloadAllAccessors: .PublisherSubscriber

===========================================================================================
----------------- testing Sun May 26 04:24:19 UTC 2019 /home/travis/build/icyphy/ptII/ptolemy/actor/lib/test/auto/PublisherSubscriber10.xml
----------------- Instantiating /home/travis/build/icyphy/ptII/ptolemy/actor/lib/test/auto/PublisherSubscriber10.xml
5 ms. Memory: 1564160K Free: 888922K (57%)
----------------- Invoking toplevel() on ptolemy.moml.MoMLSimpleApplication@72688433
----------------- Done invoking toplevel() on ptolemy.moml.MoMLSimpleApplication@72688433
reloadAllAccessors: .PublisherSubscriber10

===========================================================================================
----------------- testing Sun May 26 04:24:19 UTC 2019 /home/travis/build/icyphy/ptII/ptolemy/actor/lib/test/auto/PublisherSubscriber10InitialOutputs.xml
----------------- Instantiating /home/travis/build/icyphy/ptII/ptolemy/actor/lib/test/auto/PublisherSubscriber10InitialOutputs.xml
5 ms. Memory: 1564160K Free: 867753K (55%)
----------------- Invoking toplevel() on ptolemy.moml.MoMLSimpleApplication@8a55821
----------------- Done invoking toplevel() on ptolemy.moml.MoMLSimpleApplication@8a55821
reloadAllAccessors: .PublisherSubscriber10InitialOutputs

===========================================================================================
----------------- testing Sun May 26 04:24:19 UTC 2019 /home/travis/build/icyphy/ptII/ptolemy/actor/lib/test/auto/PublisherSubscriber11.xml
----------------- Instantiating /home/travis/build/icyphy/ptII/ptolemy/actor/lib/test/auto/PublisherSubscriber11.xml
2 ms. Memory: 1564160K Free: 853120K (55%)
----------------- Invoking toplevel() on ptolemy.moml.MoMLSimpleApplication@53b16368
----------------- Done invoking toplevel() on ptolemy.moml.MoMLSimpleApplication@53b16368
reloadAllAccessors: .PublisherSubscriber11

===========================================================================================
----------------- testing Sun May 26 04:24:19 UTC 2019 /home/travis/build/icyphy/ptII/ptolemy/actor/lib/test/auto/PublisherSubscriber12.xml
----------------- Instantiating /home/travis/build/icyphy/ptII/ptolemy/actor/lib/test/auto/PublisherSubscriber12.xml
3 ms. Memory: 1564160K Free: 838487K (54%)
----------------- Invoking toplevel() on ptolemy.moml.MoMLSimpleApplication@971049c
----------------- Done invoking toplevel() on ptolemy.moml.MoMLSimpleApplication@971049c
reloadAllAccessors: .PublisherSubscriber12

===========================================================================================
----------------- testing Sun May 26 04:24:19 UTC 2019 /home/travis/build/icyphy/ptII/ptolemy/actor/lib/test/auto/PublisherSubscriber13.xml
----------------- Instantiating /home/travis/build/icyphy/ptII/ptolemy/actor/lib/test/auto/PublisherSubscriber13.xml
2 ms. Memory: 1564160K Free: 817318K (52%)
----------------- Invoking toplevel() on ptolemy.moml.MoMLSimpleApplication@29ea6dce
----------------- Done invoking toplevel() on ptolemy.moml.MoMLSimpleApplication@29ea6dce
reloadAllAccessors: .PublisherSubscriber13

===========================================================================================
----------------- testing Sun May 26 04:24:19 UTC 2019 /home/travis/build/icyphy/ptII/ptolemy/actor/lib/test/auto/PublisherSubscriber14.xml
----------------- Instantiating /home/travis/build/icyphy/ptII/ptolemy/actor/lib/test/auto/PublisherSubscriber14.xml
2 ms. Memory: 1564160K Free: 802686K (51%)
----------------- Invoking toplevel() on ptolemy.moml.MoMLSimpleApplication@437f68c8
----------------- Done invoking toplevel() on ptolemy.moml.MoMLSimpleApplication@437f68c8
reloadAllAccessors: .PublisherSubscriber14

===========================================================================================
----------------- testing Sun May 26 04:24:19 UTC 2019 /home/travis/build/icyphy/ptII/ptolemy/actor/lib/test/auto/PublisherSubscriber2.xml
----------------- Instantiating /home/travis/build/icyphy/ptII/ptolemy/actor/lib/test/auto/PublisherSubscriber2.xml
2 ms. Memory: 1564160K Free: 788053K (50%)
----------------- Invoking toplevel() on ptolemy.moml.MoMLSimpleApplication@66598f89
----------------- Done invoking toplevel() on ptolemy.moml.MoMLSimpleApplication@66598f89
reloadAllAccessors: .PublisherSubscriber2

===========================================================================================
----------------- testing Sun May 26 04:24:19 UTC 2019 /home/travis/build/icyphy/ptII/ptolemy/actor/lib/test/auto/PublisherSubscriber3.xml
----------------- Instantiating /home/travis/build/icyphy/ptII/ptolemy/actor/lib/test/auto/PublisherSubscriber3.xml
2 ms. Memory: 1564160K Free: 766883K (49%)
----------------- Invoking toplevel() on ptolemy.moml.MoMLSimpleApplication@178b8698
----------------- Done invoking toplevel() on ptolemy.moml.MoMLSimpleApplication@178b8698
reloadAllAccessors: .PublisherSubscriber3

===========================================================================================
----------------- testing Sun May 26 04:24:19 UTC 2019 /home/travis/build/icyphy/ptII/ptolemy/actor/lib/test/auto/PublisherSubscriber4.xml
----------------- Instantiating /home/travis/build/icyphy/ptII/ptolemy/actor/lib/test/auto/PublisherSubscriber4.xml
1 ms. Memory: 1564160K Free: 752251K (48%)
----------------- Invoking toplevel() on ptolemy.moml.MoMLSimpleApplication@7bfc2e6e
----------------- Done invoking toplevel() on ptolemy.moml.MoMLSimpleApplication@7bfc2e6e
reloadAllAccessors: .PublisherSubscriber4

===========================================================================================
----------------- testing Sun May 26 04:24:19 UTC 2019 /home/travis/build/icyphy/ptII/ptolemy/actor/lib/test/auto/PublisherSubscriber5.xml
----------------- Instantiating /home/travis/build/icyphy/ptII/ptolemy/actor/lib/test/auto/PublisherSubscriber5.xml
2 ms. Memory: 1564160K Free: 731082K (47%)
----------------- Invoking toplevel() on ptolemy.moml.MoMLSimpleApplication@16f83030
----------------- Done invoking toplevel() on ptolemy.moml.MoMLSimpleApplication@16f83030
reloadAllAccessors: .PublisherSubscriber5

===========================================================================================
----------------- testing Sun May 26 04:24:19 UTC 2019 /home/travis/build/icyphy/ptII/ptolemy/actor/lib/test/auto/PublisherSubscriber6.xml
----------------- Instantiating /home/travis/build/icyphy/ptII/ptolemy/actor/lib/test/auto/PublisherSubscriber6.xml
4 ms. Memory: 1564160K Free: 716449K (46%)
----------------- Invoking toplevel() on ptolemy.moml.MoMLSimpleApplication@462ccf41
----------------- Done invoking toplevel() on ptolemy.moml.MoMLSimpleApplication@462ccf41
reloadAllAccessors: .PublisherSubscriber6

===========================================================================================
----------------- testing Sun May 26 04:24:19 UTC 2019 /home/travis/build/icyphy/ptII/ptolemy/actor/lib/test/auto/PublisherSubscriber7.xml
----------------- Instantiating /home/travis/build/icyphy/ptII/ptolemy/actor/lib/test/auto/PublisherSubscriber7.xml
3 ms. Memory: 1564160K Free: 701816K (45%)
----------------- Invoking toplevel() on ptolemy.moml.MoMLSimpleApplication@728dc65d
----------------- Done invoking toplevel() on ptolemy.moml.MoMLSimpleApplication@728dc65d
reloadAllAccessors: .PublisherSubscriber7

===========================================================================================
----------------- testing Sun May 26 04:24:19 UTC 2019 /home/travis/build/icyphy/ptII/ptolemy/actor/lib/test/auto/PublisherSubscriber8.xml
----------------- Instantiating /home/travis/build/icyphy/ptII/ptolemy/actor/lib/test/auto/PublisherSubscriber8.xml
13 ms. Memory: 1564160K Free: 607482K (39%)
----------------- Invoking toplevel() on ptolemy.moml.MoMLSimpleApplication@104aa812
----------------- Done invoking toplevel() on ptolemy.moml.MoMLSimpleApplication@104aa812
reloadAllAccessors: .PublisherSubscriber8

===========================================================================================
----------------- testing Sun May 26 04:24:19 UTC 2019 /home/travis/build/icyphy/ptII/ptolemy/actor/lib/test/auto/PublisherSubscriber9.xml
----------------- Instantiating /home/travis/build/icyphy/ptII/ptolemy/actor/lib/test/auto/PublisherSubscriber9.xml
2 ms. Memory: 1564160K Free: 592849K (38%)
----------------- Invoking toplevel() on ptolemy.moml.MoMLSimpleApplication@2a363fa7
----------------- Done invoking toplevel() on ptolemy.moml.MoMLSimpleApplication@2a363fa7
reloadAllAccessors: .PublisherSubscriber9

===========================================================================================
----------------- testing Sun May 26 04:24:19 UTC 2019 /home/travis/build/icyphy/ptII/ptolemy/actor/lib/test/auto/PublisherSubscriberAdjacent.xml
----------------- Instantiating /home/travis/build/icyphy/ptII/ptolemy/actor/lib/test/auto/PublisherSubscriberAdjacent.xml
2 ms. Memory: 1564160K Free: 578216K (37%)
----------------- Invoking toplevel() on ptolemy.moml.MoMLSimpleApplication@2355e6eb
----------------- Done invoking toplevel() on ptolemy.moml.MoMLSimpleApplication@2355e6eb
reloadAllAccessors: .PublisherSubscriberAdjacent

===========================================================================================
----------------- testing Sun May 26 04:24:20 UTC 2019 /home/travis/build/icyphy/ptII/ptolemy/actor/lib/test/auto/PublisherSubscriberChannelVariablesAOC2.xml
----------------- Instantiating /home/travis/build/icyphy/ptII/ptolemy/actor/lib/test/auto/PublisherSubscriberChannelVariablesAOC2.xml
2 ms. Memory: 1564160K Free: 549731K (35%)
----------------- Invoking toplevel() on ptolemy.moml.MoMLSimpleApplication@6367b44c
----------------- Done invoking toplevel() on ptolemy.moml.MoMLSimpleApplication@6367b44c
reloadAllAccessors: .PublisherSubscriberChannelVariablesAOC2

===========================================================================================
----------------- testing Sun May 26 04:24:20 UTC 2019 /home/travis/build/icyphy/ptII/ptolemy/actor/lib/test/auto/PublisherSubscriberD3.xml
----------------- Instantiating /home/travis/build/icyphy/ptII/ptolemy/actor/lib/test/auto/PublisherSubscriberD3.xml
2 ms. Memory: 1564160K Free: 535098K (34%)
----------------- Invoking toplevel() on ptolemy.moml.MoMLSimpleApplication@f8ad79e
----------------- Done invoking toplevel() on ptolemy.moml.MoMLSimpleApplication@f8ad79e
reloadAllAccessors: .PublisherSubscriberD3

===========================================================================================
----------------- testing Sun May 26 04:24:20 UTC 2019 /home/travis/build/icyphy/ptII/ptolemy/actor/lib/test/auto/PublisherSubscriberD3Reverse.xml
----------------- Instantiating /home/travis/build/icyphy/ptII/ptolemy/actor/lib/test/auto/PublisherSubscriberD3Reverse.xml
1 ms. Memory: 1564160K Free: 520465K (33%)
----------------- Invoking toplevel() on ptolemy.moml.MoMLSimpleApplication@3533e452
----------------- Done invoking toplevel() on ptolemy.moml.MoMLSimpleApplication@3533e452
reloadAllAccessors: .PublisherSubscriberD3Reverse

===========================================================================================
----------------- testing Sun May 26 04:24:20 UTC 2019 /home/travis/build/icyphy/ptII/ptolemy/actor/lib/test/auto/PublisherSubscriberExpression.xml
----------------- Instantiating /home/travis/build/icyphy/ptII/ptolemy/actor/lib/test/auto/PublisherSubscriberExpression.xml
3 ms. Memory: 1564160K Free: 499296K (32%)
----------------- Invoking toplevel() on ptolemy.moml.MoMLSimpleApplication@3548d424
----------------- Done invoking toplevel() on ptolemy.moml.MoMLSimpleApplication@3548d424
reloadAllAccessors: .PublisherSubscriberExpression

===========================================================================================
----------------- testing Sun May 26 04:24:20 UTC 2019 /home/travis/build/icyphy/ptII/ptolemy/actor/lib/test/auto/PublisherSubscriberOpaque.xml
----------------- Instantiating /home/travis/build/icyphy/ptII/ptolemy/actor/lib/test/auto/PublisherSubscriberOpaque.xml
3 ms. Memory: 1564160K Free: 484663K (31%)
----------------- Invoking toplevel() on ptolemy.moml.MoMLSimpleApplication@5f50280b
----------------- Done invoking toplevel() on ptolemy.moml.MoMLSimpleApplication@5f50280b
reloadAllAccessors: .PublisherSubscriberOpaque

===========================================================================================
----------------- testing Sun May 26 04:24:20 UTC 2019 /home/travis/build/icyphy/ptII/ptolemy/actor/lib/test/auto/PublisherSubscriberOpaqueD3.xml
----------------- Instantiating /home/travis/build/icyphy/ptII/ptolemy/actor/lib/test/auto/PublisherSubscriberOpaqueD3.xml
5 ms. Memory: 1564160K Free: 456161K (29%)
----------------- Invoking toplevel() on ptolemy.moml.MoMLSimpleApplication@1dac97a2
----------------- Done invoking toplevel() on ptolemy.moml.MoMLSimpleApplication@1dac97a2
reloadAllAccessors: .PublisherSubscriberOpaqueD3

===========================================================================================
----------------- testing Sun May 26 04:24:20 UTC 2019 /home/travis/build/icyphy/ptII/ptolemy/actor/lib/test/auto/PublisherSubscriberOpaqueD3Reverse.xml
----------------- Instantiating /home/travis/build/icyphy/ptII/ptolemy/actor/lib/test/auto/PublisherSubscriberOpaqueD3Reverse.xml
5 ms. Memory: 1564160K Free: 441528K (28%)
----------------- Invoking toplevel() on ptolemy.moml.MoMLSimpleApplication@1ce0cdb7
----------------- Done invoking toplevel() on ptolemy.moml.MoMLSimpleApplication@1ce0cdb7
reloadAllAccessors: .PublisherSubscriberOpaqueD3Reverse

===========================================================================================
----------------- testing Sun May 26 04:24:20 UTC 2019 /home/travis/build/icyphy/ptII/ptolemy/actor/lib/test/auto/PublisherSubscriberOpaqueWidthInference.xml
----------------- Instantiating /home/travis/build/icyphy/ptII/ptolemy/actor/lib/test/auto/PublisherSubscriberOpaqueWidthInference.xml
4 ms. Memory: 1564160K Free: 426896K (27%)
----------------- Invoking toplevel() on ptolemy.moml.MoMLSimpleApplication@5e707b70
----------------- Done invoking toplevel() on ptolemy.moml.MoMLSimpleApplication@5e707b70
reloadAllAccessors: .PublisherSubscriberOpaqueWidthInference

===========================================================================================
----------------- testing Sun May 26 04:24:20 UTC 2019 /home/travis/build/icyphy/ptII/ptolemy/actor/lib/test/auto/PublisherTestSubscriber.xml
----------------- Instantiating /home/travis/build/icyphy/ptII/ptolemy/actor/lib/test/auto/PublisherTestSubscriber.xml
3 ms. Memory: 1564160K Free: 405727K (26%)
----------------- Invoking toplevel() on ptolemy.moml.MoMLSimpleApplication@29463b17
----------------- Done invoking toplevel() on ptolemy.moml.MoMLSimpleApplication@29463b17
reloadAllAccessors: .PublisherTestSubscriber

===========================================================================================
----------------- testing Sun May 26 04:24:20 UTC 2019 /home/travis/build/icyphy/ptII/ptolemy/actor/lib/test/auto/PublisherToplevelSubscriberPortAOC.xml
----------------- Instantiating /home/travis/build/icyphy/ptII/ptolemy/actor/lib/test/auto/PublisherToplevelSubscriberPortAOC.xml
2 ms. Memory: 1564160K Free: 391094K (25%)
----------------- Invoking toplevel() on ptolemy.moml.MoMLSimpleApplication@7eb872da
----------------- Done invoking toplevel() on ptolemy.moml.MoMLSimpleApplication@7eb872da
reloadAllAccessors: .PublisherToplevelSubscriberPortAOC

===========================================================================================
----------------- testing Sun May 26 04:24:20 UTC 2019 /home/travis/build/icyphy/ptII/ptolemy/actor/lib/test/auto/PulseFiringLimitDE.xml
----------------- Instantiating /home/travis/build/icyphy/ptII/ptolemy/actor/lib/test/auto/PulseFiringLimitDE.xml
2 ms. Memory: 1564160K Free: 376461K (24%)
----------------- Invoking toplevel() on ptolemy.moml.MoMLSimpleApplication@4d646d72
----------------- Done invoking toplevel() on ptolemy.moml.MoMLSimpleApplication@4d646d72
reloadAllAccessors: .PulseFiringLimitDE

===========================================================================================
----------------- testing Sun May 26 04:24:20 UTC 2019 /home/travis/build/icyphy/ptII/ptolemy/actor/lib/test/auto/Ramp1.xml
----------------- Instantiating /home/travis/build/icyphy/ptII/ptolemy/actor/lib/test/auto/Ramp1.xml
1 ms. Memory: 1564160K Free: 355292K (23%)
----------------- Invoking toplevel() on ptolemy.moml.MoMLSimpleApplication@3bdb8e27
----------------- Done invoking toplevel() on ptolemy.moml.MoMLSimpleApplication@3bdb8e27
reloadAllAccessors: .Ramp1

===========================================================================================
----------------- testing Sun May 26 04:24:20 UTC 2019 /home/travis/build/icyphy/ptII/ptolemy/actor/lib/test/auto/RampFiringLimitDE.xml
----------------- Instantiating /home/travis/build/icyphy/ptII/ptolemy/actor/lib/test/auto/RampFiringLimitDE.xml
3 ms. Memory: 1564160K Free: 340659K (22%)
----------------- Invoking toplevel() on ptolemy.moml.MoMLSimpleApplication@7de2bfd2
----------------- Done invoking toplevel() on ptolemy.moml.MoMLSimpleApplication@7de2bfd2
reloadAllAccessors: .RampFiringLimitDE

===========================================================================================
----------------- testing Sun May 26 04:24:20 UTC 2019 /home/travis/build/icyphy/ptII/ptolemy/actor/lib/test/auto/RampFiringLimitSDF.xml
----------------- Instantiating /home/travis/build/icyphy/ptII/ptolemy/actor/lib/test/auto/RampFiringLimitSDF.xml
2 ms. Memory: 1564160K Free: 319490K (20%)
----------------- Invoking toplevel() on ptolemy.moml.MoMLSimpleApplication@12c586b6
----------------- Done invoking toplevel() on ptolemy.moml.MoMLSimpleApplication@12c586b6
reloadAllAccessors: .RampFiringLimitSDF

===========================================================================================
----------------- testing Sun May 26 04:24:20 UTC 2019 /home/travis/build/icyphy/ptII/ptolemy/actor/lib/test/auto/RandomInteger.xml
----------------- Instantiating /home/travis/build/icyphy/ptII/ptolemy/actor/lib/test/auto/RandomInteger.xml
1 ms. Memory: 1564160K Free: 304857K (19%)
----------------- Invoking toplevel() on ptolemy.moml.MoMLSimpleApplication@24a08011
----------------- Done invoking toplevel() on ptolemy.moml.MoMLSimpleApplication@24a08011
reloadAllAccessors: .RandomInteger

===========================================================================================
----------------- testing Sun May 26 04:24:20 UTC 2019 /home/travis/build/icyphy/ptII/ptolemy/actor/lib/test/auto/ReadFile1.xml
----------------- Instantiating /home/travis/build/icyphy/ptII/ptolemy/actor/lib/test/auto/ReadFile1.xml
1 ms. Memory: 1564160K Free: 290224K (19%)
----------------- Invoking toplevel() on ptolemy.moml.MoMLSimpleApplication@50beb300
----------------- Done invoking toplevel() on ptolemy.moml.MoMLSimpleApplication@50beb300
reloadAllAccessors: .ReadFile1

===========================================================================================
----------------- testing Sun May 26 04:24:20 UTC 2019 /home/travis/build/icyphy/ptII/ptolemy/actor/lib/test/auto/ReadFile2.xml
----------------- Instantiating /home/travis/build/icyphy/ptII/ptolemy/actor/lib/test/auto/ReadFile2.xml
0 ms. Memory: 1564160K Free: 269055K (17%)
----------------- Invoking toplevel() on ptolemy.moml.MoMLSimpleApplication@79b90f7c
----------------- Done invoking toplevel() on ptolemy.moml.MoMLSimpleApplication@79b90f7c
reloadAllAccessors: .ReadFile2

===========================================================================================
----------------- testing Sun May 26 04:24:20 UTC 2019 /home/travis/build/icyphy/ptII/ptolemy/actor/lib/test/auto/Reader.xml
----------------- Instantiating /home/travis/build/icyphy/ptII/ptolemy/actor/lib/test/auto/Reader.xml
actor.lib.Reader is obsolete, use actor.lib.io.ExpressionReader instead
2 ms. Memory: 1564160K Free: 254422K (16%)
----------------- Invoking toplevel() on ptolemy.moml.MoMLSimpleApplication@5d47df79
----------------- Done invoking toplevel() on ptolemy.moml.MoMLSimpleApplication@5d47df79
reloadAllAccessors: .Reader

===========================================================================================
----------------- testing Sun May 26 04:24:20 UTC 2019 /home/travis/build/icyphy/ptII/ptolemy/actor/lib/test/auto/RecordAssemblerDisplayNameTest.xml
----------------- Instantiating /home/travis/build/icyphy/ptII/ptolemy/actor/lib/test/auto/RecordAssemblerDisplayNameTest.xml
2891 ms. Memory: 1597952K Free: 498692K (31%)
----------------- Invoking toplevel() on ptolemy.moml.MoMLSimpleApplication@1f9bcf8c
----------------- Done invoking toplevel() on ptolemy.moml.MoMLSimpleApplication@1f9bcf8c
reloadAllAccessors: .RecordAssemblerDisplayNameTest

===========================================================================================
----------------- testing Sun May 26 04:24:23 UTC 2019 /home/travis/build/icyphy/ptII/ptolemy/actor/lib/test/auto/RecordAssemblerTypeError.xml
----------------- Instantiating /home/travis/build/icyphy/ptII/ptolemy/actor/lib/test/auto/RecordAssemblerTypeError.xml
5 ms. Memory: 1597952K Free: 467356K (29%)
----------------- Invoking toplevel() on ptolemy.moml.MoMLSimpleApplication@71012fd
----------------- Done invoking toplevel() on ptolemy.moml.MoMLSimpleApplication@71012fd
reloadAllAccessors: .RecordAssemblerTypeError

===========================================================================================
----------------- testing Sun May 26 04:24:23 UTC 2019 /home/travis/build/icyphy/ptII/ptolemy/actor/lib/test/auto/RecordDisassember.xml
----------------- Instantiating /home/travis/build/icyphy/ptII/ptolemy/actor/lib/test/auto/RecordDisassember.xml
3 ms. Memory: 1597952K Free: 452575K (28%)
----------------- Invoking toplevel() on ptolemy.moml.MoMLSimpleApplication@5888e015
----------------- Done invoking toplevel() on ptolemy.moml.MoMLSimpleApplication@5888e015
reloadAllAccessors: .RecordDisassember

===========================================================================================
----------------- testing Sun May 26 04:24:23 UTC 2019 /home/travis/build/icyphy/ptII/ptolemy/actor/lib/test/auto/RecordDisassemberDisplayNameTest.xml
----------------- Instantiating /home/travis/build/icyphy/ptII/ptolemy/actor/lib/test/auto/RecordDisassemberDisplayNameTest.xml
10 ms. Memory: 1597952K Free: 432396K (27%)
----------------- Invoking toplevel() on ptolemy.moml.MoMLSimpleApplication@7f3abe03
----------------- Done invoking toplevel() on ptolemy.moml.MoMLSimpleApplication@7f3abe03
reloadAllAccessors: .RecordDisassemberDisplayNameTest

===========================================================================================
----------------- testing Sun May 26 04:24:23 UTC 2019 /home/travis/build/icyphy/ptII/ptolemy/actor/lib/test/auto/RecordDisassembler.xml
----------------- Instantiating /home/travis/build/icyphy/ptII/ptolemy/actor/lib/test/auto/RecordDisassembler.xml
4 ms. Memory: 1597952K Free: 417614K (26%)
----------------- Invoking toplevel() on ptolemy.moml.MoMLSimpleApplication@19a7aaad
----------------- Done invoking toplevel() on ptolemy.moml.MoMLSimpleApplication@19a7aaad
reloadAllAccessors: .RecordDisassembler

===========================================================================================
----------------- testing Sun May 26 04:24:23 UTC 2019 /home/travis/build/icyphy/ptII/ptolemy/actor/lib/test/auto/RecordDisassembler2.xml
----------------- Instantiating /home/travis/build/icyphy/ptII/ptolemy/actor/lib/test/auto/RecordDisassembler2.xml
3 ms. Memory: 1597952K Free: 397435K (25%)
----------------- Invoking toplevel() on ptolemy.moml.MoMLSimpleApplication@4107cdff
----------------- Done invoking toplevel() on ptolemy.moml.MoMLSimpleApplication@4107cdff
reloadAllAccessors: .RecordDisassembler2

===========================================================================================
----------------- testing Sun May 26 04:24:23 UTC 2019 /home/travis/build/icyphy/ptII/ptolemy/actor/lib/test/auto/RecordUpdater.xml
----------------- Instantiating /home/travis/build/icyphy/ptII/ptolemy/actor/lib/test/auto/RecordUpdater.xml
2 ms. Memory: 1597952K Free: 382654K (24%)
----------------- Invoking toplevel() on ptolemy.moml.MoMLSimpleApplication@1e9b78d4
----------------- Done invoking toplevel() on ptolemy.moml.MoMLSimpleApplication@1e9b78d4
reloadAllAccessors: .RecordUpdater

===========================================================================================
----------------- testing Sun May 26 04:24:23 UTC 2019 /home/travis/build/icyphy/ptII/ptolemy/actor/lib/test/auto/RecordUpdater2.xml
----------------- Instantiating /home/travis/build/icyphy/ptII/ptolemy/actor/lib/test/auto/RecordUpdater2.xml
1 ms. Memory: 1597952K Free: 362475K (23%)
----------------- Invoking toplevel() on ptolemy.moml.MoMLSimpleApplication@7e08e4fd
----------------- Done invoking toplevel() on ptolemy.moml.MoMLSimpleApplication@7e08e4fd
reloadAllAccessors: .RecordUpdater2

===========================================================================================
----------------- testing Sun May 26 04:24:23 UTC 2019 /home/travis/build/icyphy/ptII/ptolemy/actor/lib/test/auto/RecursiveLattice.xml
----------------- Instantiating /home/travis/build/icyphy/ptII/ptolemy/actor/lib/test/auto/RecursiveLattice.xml
1 ms. Memory: 1597952K Free: 347693K (22%)
----------------- Invoking toplevel() on ptolemy.moml.MoMLSimpleApplication@353fd97f
----------------- Done invoking toplevel() on ptolemy.moml.MoMLSimpleApplication@353fd97f
reloadAllAccessors: .RecursiveLattice

===========================================================================================
----------------- testing Sun May 26 04:24:23 UTC 2019 /home/travis/build/icyphy/ptII/ptolemy/actor/lib/test/auto/Router.xml
----------------- Instantiating /home/travis/build/icyphy/ptII/ptolemy/actor/lib/test/auto/Router.xml
3004 ms. Memory: 1597952K Free: 327515K (20%)
----------------- Invoking toplevel() on ptolemy.moml.MoMLSimpleApplication@7d0e2771
----------------- Done invoking toplevel() on ptolemy.moml.MoMLSimpleApplication@7d0e2771
reloadAllAccessors: .Router

===========================================================================================
----------------- testing Sun May 26 04:24:26 UTC 2019 /home/travis/build/icyphy/ptII/ptolemy/actor/lib/test/auto/Router2.xml
----------------- Instantiating /home/travis/build/icyphy/ptII/ptolemy/actor/lib/test/auto/Router2.xml
3002 ms. Memory: 1597952K Free: 312733K (20%)
----------------- Invoking toplevel() on ptolemy.moml.MoMLSimpleApplication@5439e3a9
----------------- Done invoking toplevel() on ptolemy.moml.MoMLSimpleApplication@5439e3a9
reloadAllAccessors: .Router2

===========================================================================================
----------------- testing Sun May 26 04:24:29 UTC 2019 /home/travis/build/icyphy/ptII/ptolemy/actor/lib/test/auto/RunningMaximum.xml
----------------- Instantiating /home/travis/build/icyphy/ptII/ptolemy/actor/lib/test/auto/RunningMaximum.xml
4 ms. Memory: 1597952K Free: 297952K (19%)
----------------- Invoking toplevel() on ptolemy.moml.MoMLSimpleApplication@2c04a581
----------------- Done invoking toplevel() on ptolemy.moml.MoMLSimpleApplication@2c04a581
reloadAllAccessors: .RunningMaximum

===========================================================================================
----------------- testing Sun May 26 04:24:29 UTC 2019 /home/travis/build/icyphy/ptII/ptolemy/actor/lib/test/auto/RunningMinimum.xml
----------------- Instantiating /home/travis/build/icyphy/ptII/ptolemy/actor/lib/test/auto/RunningMinimum.xml
2 ms. Memory: 1597952K Free: 277773K (17%)
----------------- Invoking toplevel() on ptolemy.moml.MoMLSimpleApplication@6b252307
----------------- Done invoking toplevel() on ptolemy.moml.MoMLSimpleApplication@6b252307
reloadAllAccessors: .RunningMinimum

===========================================================================================
----------------- testing Sun May 26 04:24:29 UTC 2019 /home/travis/build/icyphy/ptII/ptolemy/actor/lib/test/auto/Scale.xml
----------------- Instantiating /home/travis/build/icyphy/ptII/ptolemy/actor/lib/test/auto/Scale.xml
1 ms. Memory: 1597952K Free: 262992K (16%)
----------------- Invoking toplevel() on ptolemy.moml.MoMLSimpleApplication@2668d2d
----------------- Done invoking toplevel() on ptolemy.moml.MoMLSimpleApplication@2668d2d
reloadAllAccessors: .Scale

===========================================================================================
----------------- testing Sun May 26 04:24:29 UTC 2019 /home/travis/build/icyphy/ptII/ptolemy/actor/lib/test/auto/Scale2.xml
----------------- Instantiating /home/travis/build/icyphy/ptII/ptolemy/actor/lib/test/auto/Scale2.xml
2 ms. Memory: 1597952K Free: 242813K (15%)
----------------- Invoking toplevel() on ptolemy.moml.MoMLSimpleApplication@54001b85
----------------- Done invoking toplevel() on ptolemy.moml.MoMLSimpleApplication@54001b85
reloadAllAccessors: .Scale2

===========================================================================================
----------------- testing Sun May 26 04:24:29 UTC 2019 /home/travis/build/icyphy/ptII/ptolemy/actor/lib/test/auto/Scale3.xml
----------------- Instantiating /home/travis/build/icyphy/ptII/ptolemy/actor/lib/test/auto/Scale3.xml
7 ms. Memory: 1597952K Free: 228031K (14%)
----------------- Invoking toplevel() on ptolemy.moml.MoMLSimpleApplication@11530571
----------------- Done invoking toplevel() on ptolemy.moml.MoMLSimpleApplication@11530571
reloadAllAccessors: .Scale3

===========================================================================================
----------------- testing Sun May 26 04:24:29 UTC 2019 /home/travis/build/icyphy/ptII/ptolemy/actor/lib/test/auto/ScaleArray.xml
----------------- Instantiating /home/travis/build/icyphy/ptII/ptolemy/actor/lib/test/auto/ScaleArray.xml
1 ms. Memory: 1597952K Free: 207853K (13%)
----------------- Invoking toplevel() on ptolemy.moml.MoMLSimpleApplication@5cbc038a
----------------- Done invoking toplevel() on ptolemy.moml.MoMLSimpleApplication@5cbc038a
reloadAllAccessors: .ScaleArray

===========================================================================================
----------------- testing Sun May 26 04:24:29 UTC 2019 /home/travis/build/icyphy/ptII/ptolemy/actor/lib/test/auto/ScaleArray2.xml
----------------- Instantiating /home/travis/build/icyphy/ptII/ptolemy/actor/lib/test/auto/ScaleArray2.xml
1 ms. Memory: 1597952K Free: 193071K (12%)
----------------- Invoking toplevel() on ptolemy.moml.MoMLSimpleApplication@6d5d6198
----------------- Done invoking toplevel() on ptolemy.moml.MoMLSimpleApplication@6d5d6198
reloadAllAccessors: .ScaleArray2

===========================================================================================
----------------- testing Sun May 26 04:24:29 UTC 2019 /home/travis/build/icyphy/ptII/ptolemy/actor/lib/test/auto/ScaleMatrix.xml
----------------- Instantiating /home/travis/build/icyphy/ptII/ptolemy/actor/lib/test/auto/ScaleMatrix.xml
131 ms. Memory: 1597952K Free: 165502K (10%)
----------------- Invoking toplevel() on ptolemy.moml.MoMLSimpleApplication@2c26f486
----------------- Done invoking toplevel() on ptolemy.moml.MoMLSimpleApplication@2c26f486
reloadAllAccessors: .ScaleMatrix

===========================================================================================
----------------- testing Sun May 26 04:24:29 UTC 2019 /home/travis/build/icyphy/ptII/ptolemy/actor/lib/test/auto/Select.xml
----------------- Instantiating /home/travis/build/icyphy/ptII/ptolemy/actor/lib/test/auto/Select.xml
4 ms. Memory: 1597952K Free: 150720K (9%)
----------------- Invoking toplevel() on ptolemy.moml.MoMLSimpleApplication@1a5e8523
----------------- Done invoking toplevel() on ptolemy.moml.MoMLSimpleApplication@1a5e8523
reloadAllAccessors: .Select

===========================================================================================
----------------- testing Sun May 26 04:24:29 UTC 2019 /home/travis/build/icyphy/ptII/ptolemy/actor/lib/test/auto/Select2.xml
----------------- Instantiating /home/travis/build/icyphy/ptII/ptolemy/actor/lib/test/auto/Select2.xml
1 ms. Memory: 1597952K Free: 135939K (9%)
----------------- Invoking toplevel() on ptolemy.moml.MoMLSimpleApplication@56dd2970
----------------- Done invoking toplevel() on ptolemy.moml.MoMLSimpleApplication@56dd2970
reloadAllAccessors: .Select2

===========================================================================================
----------------- testing Sun May 26 04:24:29 UTC 2019 /home/travis/build/icyphy/ptII/ptolemy/actor/lib/test/auto/SequenceToArray2.xml
----------------- Instantiating /home/travis/build/icyphy/ptII/ptolemy/actor/lib/test/auto/SequenceToArray2.xml
90 ms. Memory: 1767424K Free: 1664236K (94%)
----------------- Invoking toplevel() on ptolemy.moml.MoMLSimpleApplication@65eca249
----------------- Done invoking toplevel() on ptolemy.moml.MoMLSimpleApplication@65eca249
reloadAllAccessors: .SequenceToArray2

===========================================================================================
----------------- testing Sun May 26 04:24:29 UTC 2019 /home/travis/build/icyphy/ptII/ptolemy/actor/lib/test/auto/SequentialClock.xml
----------------- Instantiating /home/travis/build/icyphy/ptII/ptolemy/actor/lib/test/auto/SequentialClock.xml
1 ms. Memory: 1767424K Free: 1644598K (93%)
----------------- Invoking toplevel() on ptolemy.moml.MoMLSimpleApplication@1f958197
----------------- Done invoking toplevel() on ptolemy.moml.MoMLSimpleApplication@1f958197
reloadAllAccessors: .SequentialClock

===========================================================================================
----------------- testing Sun May 26 04:24:29 UTC 2019 /home/travis/build/icyphy/ptII/ptolemy/actor/lib/test/auto/SetVariable.xml
----------------- Instantiating /home/travis/build/icyphy/ptII/ptolemy/actor/lib/test/auto/SetVariable.xml
3 ms. Memory: 1767424K Free: 1629186K (92%)
----------------- Invoking toplevel() on ptolemy.moml.MoMLSimpleApplication@465785d4
----------------- Done invoking toplevel() on ptolemy.moml.MoMLSimpleApplication@465785d4
reloadAllAccessors: .SetVariable

===========================================================================================
----------------- testing Sun May 26 04:24:29 UTC 2019 /home/travis/build/icyphy/ptII/ptolemy/actor/lib/test/auto/SetVariable2.xml
----------------- Instantiating /home/travis/build/icyphy/ptII/ptolemy/actor/lib/test/auto/SetVariable2.xml
2 ms. Memory: 1767424K Free: 1618133K (92%)
----------------- Invoking toplevel() on ptolemy.moml.MoMLSimpleApplication@763d643b
----------------- Done invoking toplevel() on ptolemy.moml.MoMLSimpleApplication@763d643b
reloadAllAccessors: .SetVariable2

===========================================================================================
----------------- testing Sun May 26 04:24:29 UTC 2019 /home/travis/build/icyphy/ptII/ptolemy/actor/lib/test/auto/SetVariable3.xml
----------------- Instantiating /home/travis/build/icyphy/ptII/ptolemy/actor/lib/test/auto/SetVariable3.xml
7 ms. Memory: 1767424K Free: 1602722K (91%)
----------------- Invoking toplevel() on ptolemy.moml.MoMLSimpleApplication@1c04494d
----------------- Done invoking toplevel() on ptolemy.moml.MoMLSimpleApplication@1c04494d
reloadAllAccessors: .SetVariable3

===========================================================================================
----------------- testing Sun May 26 04:24:29 UTC 2019 /home/travis/build/icyphy/ptII/ptolemy/actor/lib/test/auto/SetVariable4.xml
----------------- Instantiating /home/travis/build/icyphy/ptII/ptolemy/actor/lib/test/auto/SetVariable4.xml
15 ms. Memory: 1767424K Free: 1552986K (88%)
----------------- Invoking toplevel() on ptolemy.moml.MoMLSimpleApplication@641a3d99
----------------- Done invoking toplevel() on ptolemy.moml.MoMLSimpleApplication@641a3d99
reloadAllAccessors: .SetVariable4

===========================================================================================
----------------- testing Sun May 26 04:24:30 UTC 2019 /home/travis/build/icyphy/ptII/ptolemy/actor/lib/test/auto/SetVariable5.xml
----------------- Instantiating /home/travis/build/icyphy/ptII/ptolemy/actor/lib/test/auto/SetVariable5.xml
11 ms. Memory: 1767424K Free: 1532048K (87%)
----------------- Invoking toplevel() on ptolemy.moml.MoMLSimpleApplication@62918f12
----------------- Done invoking toplevel() on ptolemy.moml.MoMLSimpleApplication@62918f12
reloadAllAccessors: .SetVariable5

===========================================================================================
----------------- testing Sun May 26 04:24:30 UTC 2019 /home/travis/build/icyphy/ptII/ptolemy/actor/lib/test/auto/Sinewave.xml
----------------- Instantiating /home/travis/build/icyphy/ptII/ptolemy/actor/lib/test/auto/Sinewave.xml
5 ms. Memory: 1767424K Free: 1515470K (86%)
----------------- Invoking toplevel() on ptolemy.moml.MoMLSimpleApplication@7cb1defa
----------------- Done invoking toplevel() on ptolemy.moml.MoMLSimpleApplication@7cb1defa
reloadAllAccessors: .Sinewave

===========================================================================================
----------------- testing Sun May 26 04:24:30 UTC 2019 /home/travis/build/icyphy/ptII/ptolemy/actor/lib/test/auto/Sinewave2.xml
----------------- Instantiating /home/travis/build/icyphy/ptII/ptolemy/actor/lib/test/auto/Sinewave2.xml
7 ms. Memory: 1767424K Free: 1500058K (85%)
----------------- Invoking toplevel() on ptolemy.moml.MoMLSimpleApplication@50c1cc21
----------------- Done invoking toplevel() on ptolemy.moml.MoMLSimpleApplication@50c1cc21
reloadAllAccessors: .Sinewave2

===========================================================================================
----------------- testing Sun May 26 04:24:30 UTC 2019 /home/travis/build/icyphy/ptII/ptolemy/actor/lib/test/auto/Sinewave3.xml
----------------- Instantiating /home/travis/build/icyphy/ptII/ptolemy/actor/lib/test/auto/Sinewave3.xml
12 ms. Memory: 1767424K Free: 1484646K (84%)
----------------- Invoking toplevel() on ptolemy.moml.MoMLSimpleApplication@10e67b8a
----------------- Done invoking toplevel() on ptolemy.moml.MoMLSimpleApplication@10e67b8a
reloadAllAccessors: .Sinewave3

===========================================================================================
----------------- testing Sun May 26 04:24:30 UTC 2019 /home/travis/build/icyphy/ptII/ptolemy/actor/lib/test/auto/SingleEvent.xml
----------------- Instantiating /home/travis/build/icyphy/ptII/ptolemy/actor/lib/test/auto/SingleEvent.xml
1 ms. Memory: 1767424K Free: 1473594K (83%)
----------------- Invoking toplevel() on ptolemy.moml.MoMLSimpleApplication@1e93e25e
----------------- Done invoking toplevel() on ptolemy.moml.MoMLSimpleApplication@1e93e25e
reloadAllAccessors: .SingleEvent

===========================================================================================
----------------- testing Sun May 26 04:24:30 UTC 2019 /home/travis/build/icyphy/ptII/ptolemy/actor/lib/test/auto/Sleep.xml
----------------- Instantiating /home/travis/build/icyphy/ptII/ptolemy/actor/lib/test/auto/Sleep.xml
6004 ms. Memory: 1767424K Free: 1458182K (83%)
----------------- Invoking toplevel() on ptolemy.moml.MoMLSimpleApplication@4a117f55
----------------- Done invoking toplevel() on ptolemy.moml.MoMLSimpleApplication@4a117f55
reloadAllAccessors: .Sleep

===========================================================================================
----------------- testing Sun May 26 04:24:36 UTC 2019 /home/travis/build/icyphy/ptII/ptolemy/actor/lib/test/auto/SleepMultipleFire.xml
----------------- Instantiating /home/travis/build/icyphy/ptII/ptolemy/actor/lib/test/auto/SleepMultipleFire.xml
1005 ms. Memory: 1767424K Free: 1447130K (82%)
----------------- Invoking toplevel() on ptolemy.moml.MoMLSimpleApplication@24fe7f06
----------------- Done invoking toplevel() on ptolemy.moml.MoMLSimpleApplication@24fe7f06
reloadAllAccessors: .SleepMultipleFire

===========================================================================================
----------------- testing Sun May 26 04:24:37 UTC 2019 /home/travis/build/icyphy/ptII/ptolemy/actor/lib/test/auto/StopDE.xml
----------------- Instantiating /home/travis/build/icyphy/ptII/ptolemy/actor/lib/test/auto/StopDE.xml
3 ms. Memory: 1767424K Free: 1431718K (81%)
----------------- Invoking toplevel() on ptolemy.moml.MoMLSimpleApplication@298cebd4
----------------- Done invoking toplevel() on ptolemy.moml.MoMLSimpleApplication@298cebd4
reloadAllAccessors: .StopDE

===========================================================================================
----------------- testing Sun May 26 04:24:37 UTC 2019 /home/travis/build/icyphy/ptII/ptolemy/actor/lib/test/auto/StopSDF.xml
----------------- Instantiating /home/travis/build/icyphy/ptII/ptolemy/actor/lib/test/auto/StopSDF.xml
2 ms. Memory: 1767424K Free: 1420626K (80%)
----------------- Invoking toplevel() on ptolemy.moml.MoMLSimpleApplication@1e71d28
----------------- Done invoking toplevel() on ptolemy.moml.MoMLSimpleApplication@1e71d28
reloadAllAccessors: .StopSDF

===========================================================================================
----------------- testing Sun May 26 04:24:37 UTC 2019 /home/travis/build/icyphy/ptII/ptolemy/actor/lib/test/auto/StringConstant.xml
----------------- Instantiating /home/travis/build/icyphy/ptII/ptolemy/actor/lib/test/auto/StringConstant.xml
1 ms. Memory: 1767424K Free: 1405214K (80%)
----------------- Invoking toplevel() on ptolemy.moml.MoMLSimpleApplication@12801edc
----------------- Done invoking toplevel() on ptolemy.moml.MoMLSimpleApplication@12801edc
reloadAllAccessors: .StringConstant

===========================================================================================
----------------- testing Sun May 26 04:24:37 UTC 2019 /home/travis/build/icyphy/ptII/ptolemy/actor/lib/test/auto/SubscriberPortInitialValues1.xml
----------------- Instantiating /home/travis/build/icyphy/ptII/ptolemy/actor/lib/test/auto/SubscriberPortInitialValues1.xml
5 ms. Memory: 1767424K Free: 1394162K (79%)
----------------- Invoking toplevel() on ptolemy.moml.MoMLSimpleApplication@6f61b5fe
----------------- Done invoking toplevel() on ptolemy.moml.MoMLSimpleApplication@6f61b5fe
reloadAllAccessors: .SubscriberPortInitialValues1

===========================================================================================
----------------- testing Sun May 26 04:24:37 UTC 2019 /home/travis/build/icyphy/ptII/ptolemy/actor/lib/test/auto/SubscriberPortInitialValues13.xml
----------------- Instantiating /home/travis/build/icyphy/ptII/ptolemy/actor/lib/test/auto/SubscriberPortInitialValues13.xml
4 ms. Memory: 1767424K Free: 1373224K (78%)
----------------- Invoking toplevel() on ptolemy.moml.MoMLSimpleApplication@26527e08
----------------- Done invoking toplevel() on ptolemy.moml.MoMLSimpleApplication@26527e08
reloadAllAccessors: .SubscriberPortInitialValues13

===========================================================================================
----------------- testing Sun May 26 04:24:37 UTC 2019 /home/travis/build/icyphy/ptII/ptolemy/actor/lib/test/auto/SubscriberPortInitialValues14.xml
----------------- Instantiating /home/travis/build/icyphy/ptII/ptolemy/actor/lib/test/auto/SubscriberPortInitialValues14.xml
3 ms. Memory: 1767424K Free: 1357813K (77%)
----------------- Invoking toplevel() on ptolemy.moml.MoMLSimpleApplication@1736d42f
----------------- Done invoking toplevel() on ptolemy.moml.MoMLSimpleApplication@1736d42f
reloadAllAccessors: .SubscriberPortInitialValues14

===========================================================================================
----------------- testing Sun May 26 04:24:37 UTC 2019 /home/travis/build/icyphy/ptII/ptolemy/actor/lib/test/auto/SubscriberPortInitialValues2.xml
----------------- Instantiating /home/travis/build/icyphy/ptII/ptolemy/actor/lib/test/auto/SubscriberPortInitialValues2.xml
3 ms. Memory: 1767424K Free: 1346760K (76%)
----------------- Invoking toplevel() on ptolemy.moml.MoMLSimpleApplication@5eb83d45
----------------- Done invoking toplevel() on ptolemy.moml.MoMLSimpleApplication@5eb83d45
reloadAllAccessors: .SubscriberPortInitialValues2

===========================================================================================
----------------- testing Sun May 26 04:24:37 UTC 2019 /home/travis/build/icyphy/ptII/ptolemy/actor/lib/test/auto/SubscriberPortInitialValues3.xml
----------------- Instantiating /home/travis/build/icyphy/ptII/ptolemy/actor/lib/test/auto/SubscriberPortInitialValues3.xml
3 ms. Memory: 1767424K Free: 1325814K (75%)
----------------- Invoking toplevel() on ptolemy.moml.MoMLSimpleApplication@38056e39
----------------- Done invoking toplevel() on ptolemy.moml.MoMLSimpleApplication@38056e39
reloadAllAccessors: .SubscriberPortInitialValues3

===========================================================================================
----------------- testing Sun May 26 04:24:37 UTC 2019 /home/travis/build/icyphy/ptII/ptolemy/actor/lib/test/auto/SubscriptionAggregator.xml
----------------- Instantiating /home/travis/build/icyphy/ptII/ptolemy/actor/lib/test/auto/SubscriptionAggregator.xml
2 ms. Memory: 1767424K Free: 1314762K (74%)
----------------- Invoking toplevel() on ptolemy.moml.MoMLSimpleApplication@76bad79c
----------------- Done invoking toplevel() on ptolemy.moml.MoMLSimpleApplication@76bad79c
reloadAllAccessors: .SubscriptionAggregator

===========================================================================================
----------------- testing Sun May 26 04:24:37 UTC 2019 /home/travis/build/icyphy/ptII/ptolemy/actor/lib/test/auto/SubscriptionAggregator2.xml
----------------- Instantiating /home/travis/build/icyphy/ptII/ptolemy/actor/lib/test/auto/SubscriptionAggregator2.xml
2 ms. Memory: 1767424K Free: 1299350K (74%)
----------------- Invoking toplevel() on ptolemy.moml.MoMLSimpleApplication@6179cab7
----------------- Done invoking toplevel() on ptolemy.moml.MoMLSimpleApplication@6179cab7
reloadAllAccessors: .SubscriptionAggregator2

===========================================================================================
----------------- testing Sun May 26 04:24:37 UTC 2019 /home/travis/build/icyphy/ptII/ptolemy/actor/lib/test/auto/SubscriptionAggregator3.xml
----------------- Instantiating /home/travis/build/icyphy/ptII/ptolemy/actor/lib/test/auto/SubscriptionAggregator3.xml
2 ms. Memory: 1767424K Free: 1282772K (73%)
----------------- Invoking toplevel() on ptolemy.moml.MoMLSimpleApplication@c2ac0fa
----------------- Done invoking toplevel() on ptolemy.moml.MoMLSimpleApplication@c2ac0fa
reloadAllAccessors: .SubscriptionAggregator3

===========================================================================================
----------------- testing Sun May 26 04:24:37 UTC 2019 /home/travis/build/icyphy/ptII/ptolemy/actor/lib/test/auto/SubscriptionAggregatorMultiply.xml
----------------- Instantiating /home/travis/build/icyphy/ptII/ptolemy/actor/lib/test/auto/SubscriptionAggregatorMultiply.xml
2 ms. Memory: 1767424K Free: 1261818K (71%)
----------------- Invoking toplevel() on ptolemy.moml.MoMLSimpleApplication@725625fb
----------------- Done invoking toplevel() on ptolemy.moml.MoMLSimpleApplication@725625fb
reloadAllAccessors: .SubscriptionAggregatorMultiply

===========================================================================================
----------------- testing Sun May 26 04:24:37 UTC 2019 /home/travis/build/icyphy/ptII/ptolemy/actor/lib/test/auto/SubscriptionAggregatorPortMultiply1.xml
----------------- Instantiating /home/travis/build/icyphy/ptII/ptolemy/actor/lib/test/auto/SubscriptionAggregatorPortMultiply1.xml
3 ms. Memory: 1767424K Free: 1246406K (71%)
----------------- Invoking toplevel() on ptolemy.moml.MoMLSimpleApplication@10656ffd
----------------- Done invoking toplevel() on ptolemy.moml.MoMLSimpleApplication@10656ffd
reloadAllAccessors: .SubscriptionAggregatorPortMultiply1

===========================================================================================
----------------- testing Sun May 26 04:24:37 UTC 2019 /home/travis/build/icyphy/ptII/ptolemy/actor/lib/test/auto/Switch.xml
----------------- Instantiating /home/travis/build/icyphy/ptII/ptolemy/actor/lib/test/auto/Switch.xml
3 ms. Memory: 1767424K Free: 1202196K (68%)
----------------- Invoking toplevel() on ptolemy.moml.MoMLSimpleApplication@1128490a
----------------- Done invoking toplevel() on ptolemy.moml.MoMLSimpleApplication@1128490a
reloadAllAccessors: .Switch

===========================================================================================
----------------- testing Sun May 26 04:24:37 UTC 2019 /home/travis/build/icyphy/ptII/ptolemy/actor/lib/test/auto/Switch2.xml
----------------- Instantiating /home/travis/build/icyphy/ptII/ptolemy/actor/lib/test/auto/Switch2.xml
1 ms. Memory: 1767424K Free: 1186785K (67%)
----------------- Invoking toplevel() on ptolemy.moml.MoMLSimpleApplication@7038befb
----------------- Done invoking toplevel() on ptolemy.moml.MoMLSimpleApplication@7038befb
reloadAllAccessors: .Switch2

===========================================================================================
----------------- testing Sun May 26 04:24:37 UTC 2019 /home/travis/build/icyphy/ptII/ptolemy/actor/lib/test/auto/SwitchDE.xml
----------------- Instantiating /home/travis/build/icyphy/ptII/ptolemy/actor/lib/test/auto/SwitchDE.xml
3 ms. Memory: 1767424K Free: 1175732K (67%)
----------------- Invoking toplevel() on ptolemy.moml.MoMLSimpleApplication@6df2944e
----------------- Done invoking toplevel() on ptolemy.moml.MoMLSimpleApplication@6df2944e
reloadAllAccessors: .SwitchDE

===========================================================================================
----------------- testing Sun May 26 04:24:37 UTC 2019 /home/travis/build/icyphy/ptII/ptolemy/actor/lib/test/auto/SynchronizerDE.xml
----------------- Instantiating /home/travis/build/icyphy/ptII/ptolemy/actor/lib/test/auto/SynchronizerDE.xml
3 ms. Memory: 1767424K Free: 1154794K (65%)
----------------- Invoking toplevel() on ptolemy.moml.MoMLSimpleApplication@791cac7b
----------------- Done invoking toplevel() on ptolemy.moml.MoMLSimpleApplication@791cac7b
reloadAllAccessors: .SynchronizerDE

===========================================================================================
----------------- testing Sun May 26 04:24:37 UTC 2019 /home/travis/build/icyphy/ptII/ptolemy/actor/lib/test/auto/Test.xml
----------------- Instantiating /home/travis/build/icyphy/ptII/ptolemy/actor/lib/test/auto/Test.xml
2 ms. Memory: 1767424K Free: 1143741K (65%)
----------------- Invoking toplevel() on ptolemy.moml.MoMLSimpleApplication@13b482b7
----------------- Done invoking toplevel() on ptolemy.moml.MoMLSimpleApplication@13b482b7
reloadAllAccessors: .Test

===========================================================================================
----------------- testing Sun May 26 04:24:37 UTC 2019 /home/travis/build/icyphy/ptII/ptolemy/actor/lib/test/auto/TestExceptionAttribute1.xml
----------------- Instantiating /home/travis/build/icyphy/ptII/ptolemy/actor/lib/test/auto/TestExceptionAttribute1.xml
1 ms. Memory: 1767424K Free: 1128330K (64%)
----------------- Invoking toplevel() on ptolemy.moml.MoMLSimpleApplication@620c10a2
----------------- Done invoking toplevel() on ptolemy.moml.MoMLSimpleApplication@620c10a2
reloadAllAccessors: .TestExceptionAttribute1

===========================================================================================
----------------- testing Sun May 26 04:24:37 UTC 2019 /home/travis/build/icyphy/ptII/ptolemy/actor/lib/test/auto/TestExceptionAttribute2.xml
----------------- Instantiating /home/travis/build/icyphy/ptII/ptolemy/actor/lib/test/auto/TestExceptionAttribute2.xml
0 ms. Memory: 1767424K Free: 1112918K (63%)
----------------- Invoking toplevel() on ptolemy.moml.MoMLSimpleApplication@7fb9bdf5
----------------- Done invoking toplevel() on ptolemy.moml.MoMLSimpleApplication@7fb9bdf5
reloadAllAccessors: .TestExceptionAttribute2

===========================================================================================
----------------- testing Sun May 26 04:24:37 UTC 2019 /home/travis/build/icyphy/ptII/ptolemy/actor/lib/test/auto/TestExceptionAttribute3.xml
----------------- Instantiating /home/travis/build/icyphy/ptII/ptolemy/actor/lib/test/auto/TestExceptionAttribute3.xml
.TestExceptionAttribute3.TestExceptionAttribute: initialize() was not invoked, but wrapup() was.  This is unusual, but not always a problem.  For example, exporting JNLP will do this.
0 ms. Memory: 1767424K Free: 1101866K (62%)
----------------- Invoking toplevel() on ptolemy.moml.MoMLSimpleApplication@7be14049
----------------- Done invoking toplevel() on ptolemy.moml.MoMLSimpleApplication@7be14049
reloadAllAccessors: .TestExceptionAttribute3

===========================================================================================
----------------- testing Sun May 26 04:24:37 UTC 2019 /home/travis/build/icyphy/ptII/ptolemy/actor/lib/test/auto/TestExceptionAttribute4.xml
----------------- Instantiating /home/travis/build/icyphy/ptII/ptolemy/actor/lib/test/auto/TestExceptionAttribute4.xml
.TestExceptionAttribute4.TestExceptionAttribute: initialize() was not invoked, but wrapup() was.  This is unusual, but not always a problem.  For example, exporting JNLP will do this.
.TestExceptionAttribute4.TestExceptionAttribute2: initialize() was not invoked, but wrapup() was.  This is unusual, but not always a problem.  For example, exporting JNLP will do this.
1 ms. Memory: 1767424K Free: 1086454K (61%)
----------------- Invoking toplevel() on ptolemy.moml.MoMLSimpleApplication@1cd28a20
----------------- Done invoking toplevel() on ptolemy.moml.MoMLSimpleApplication@1cd28a20
reloadAllAccessors: .TestExceptionAttribute4

===========================================================================================
----------------- testing Sun May 26 04:24:37 UTC 2019 /home/travis/build/icyphy/ptII/ptolemy/actor/lib/test/auto/TestExceptionHandler1.xml
----------------- Instantiating /home/travis/build/icyphy/ptII/ptolemy/actor/lib/test/auto/TestExceptionHandler1.xml
1 ms. Memory: 1767424K Free: 1075402K (61%)
----------------- Invoking toplevel() on ptolemy.moml.MoMLSimpleApplication@14d4d913
----------------- Done invoking toplevel() on ptolemy.moml.MoMLSimpleApplication@14d4d913
reloadAllAccessors: .TestExceptionHandler1

===========================================================================================
----------------- testing Sun May 26 04:24:37 UTC 2019 /home/travis/build/icyphy/ptII/ptolemy/actor/lib/test/auto/TestExceptionHandler2.xml
----------------- Instantiating /home/travis/build/icyphy/ptII/ptolemy/actor/lib/test/auto/TestExceptionHandler2.xml
1 ms. Memory: 1767424K Free: 1059990K (60%)
----------------- Invoking toplevel() on ptolemy.moml.MoMLSimpleApplication@5c05aad7
----------------- Done invoking toplevel() on ptolemy.moml.MoMLSimpleApplication@5c05aad7
reloadAllAccessors: .TestExceptionHandler2

===========================================================================================
----------------- testing Sun May 26 04:24:37 UTC 2019 /home/travis/build/icyphy/ptII/ptolemy/actor/lib/test/auto/TestExceptionHandler3.xml
----------------- Instantiating /home/travis/build/icyphy/ptII/ptolemy/actor/lib/test/auto/TestExceptionHandler3.xml
1 ms. Memory: 1767424K Free: 1048938K (59%)
----------------- Invoking toplevel() on ptolemy.moml.MoMLSimpleApplication@53bc97bc
----------------- Done invoking toplevel() on ptolemy.moml.MoMLSimpleApplication@53bc97bc
reloadAllAccessors: .TestExceptionHandler3

===========================================================================================
----------------- testing Sun May 26 04:24:37 UTC 2019 /home/travis/build/icyphy/ptII/ptolemy/actor/lib/test/auto/TestExceptionHandler4.xml
----------------- Instantiating /home/travis/build/icyphy/ptII/ptolemy/actor/lib/test/auto/TestExceptionHandler4.xml
1 ms. Memory: 1767424K Free: 1033526K (58%)
----------------- Invoking toplevel() on ptolemy.moml.MoMLSimpleApplication@55ecd271
----------------- Done invoking toplevel() on ptolemy.moml.MoMLSimpleApplication@55ecd271
reloadAllAccessors: .TestExceptionHandler4

===========================================================================================
----------------- testing Sun May 26 04:24:37 UTC 2019 /home/travis/build/icyphy/ptII/ptolemy/actor/lib/test/auto/TestRequireCorrectOrder.xml
----------------- Instantiating /home/travis/build/icyphy/ptII/ptolemy/actor/lib/test/auto/TestRequireCorrectOrder.xml
2 ms. Memory: 1767424K Free: 1022474K (58%)
----------------- Invoking toplevel() on ptolemy.moml.MoMLSimpleApplication@29040e4e
----------------- Done invoking toplevel() on ptolemy.moml.MoMLSimpleApplication@29040e4e
reloadAllAccessors: .TestRequireCorrectOrder

===========================================================================================
----------------- testing Sun May 26 04:24:37 UTC 2019 /home/travis/build/icyphy/ptII/ptolemy/actor/lib/test/auto/TestSimple.xml
----------------- Instantiating /home/travis/build/icyphy/ptII/ptolemy/actor/lib/test/auto/TestSimple.xml
1 ms. Memory: 1767424K Free: 1007062K (57%)
----------------- Invoking toplevel() on ptolemy.moml.MoMLSimpleApplication@556457c5
----------------- Done invoking toplevel() on ptolemy.moml.MoMLSimpleApplication@556457c5
reloadAllAccessors: .TestSimple

===========================================================================================
----------------- testing Sun May 26 04:24:37 UTC 2019 /home/travis/build/icyphy/ptII/ptolemy/actor/lib/test/auto/ThrowModelError.xml
----------------- Instantiating /home/travis/build/icyphy/ptII/ptolemy/actor/lib/test/auto/ThrowModelError.xml
1 ms. Memory: 1767424K Free: 991651K (56%)
----------------- Invoking toplevel() on ptolemy.moml.MoMLSimpleApplication@c3fe44b
----------------- Done invoking toplevel() on ptolemy.moml.MoMLSimpleApplication@c3fe44b
reloadAllAccessors: .ThrowModelError

===========================================================================================
----------------- testing Sun May 26 04:24:37 UTC 2019 /home/travis/build/icyphy/ptII/ptolemy/actor/lib/test/auto/TimeDelayMicrosteps.xml
----------------- Instantiating /home/travis/build/icyphy/ptII/ptolemy/actor/lib/test/auto/TimeDelayMicrosteps.xml
2 ms. Memory: 1767424K Free: 980599K (55%)
----------------- Invoking toplevel() on ptolemy.moml.MoMLSimpleApplication@7de48d5c
----------------- Done invoking toplevel() on ptolemy.moml.MoMLSimpleApplication@7de48d5c
reloadAllAccessors: .TimeDelayMicrosteps

===========================================================================================
----------------- testing Sun May 26 04:24:37 UTC 2019 /home/travis/build/icyphy/ptII/ptolemy/actor/lib/test/auto/TimeDelayMicrosteps2.xml
----------------- Instantiating /home/travis/build/icyphy/ptII/ptolemy/actor/lib/test/auto/TimeDelayMicrosteps2.xml
3 ms. Memory: 1767424K Free: 965187K (55%)
----------------- Invoking toplevel() on ptolemy.moml.MoMLSimpleApplication@384b2950
----------------- Done invoking toplevel() on ptolemy.moml.MoMLSimpleApplication@384b2950
reloadAllAccessors: .TimeDelayMicrosteps2

===========================================================================================
----------------- testing Sun May 26 04:24:37 UTC 2019 /home/travis/build/icyphy/ptII/ptolemy/actor/lib/test/auto/TimeDelayMicrosteps3.xml
----------------- Instantiating /home/travis/build/icyphy/ptII/ptolemy/actor/lib/test/auto/TimeDelayMicrosteps3.xml
2 ms. Memory: 1767424K Free: 954135K (54%)
----------------- Invoking toplevel() on ptolemy.moml.MoMLSimpleApplication@1842d092
----------------- Done invoking toplevel() on ptolemy.moml.MoMLSimpleApplication@1842d092
reloadAllAccessors: .TimeDelayMicrosteps3

===========================================================================================
----------------- testing Sun May 26 04:24:37 UTC 2019 /home/travis/build/icyphy/ptII/ptolemy/actor/lib/test/auto/TimeDelayVariableMicrosteps.xml
----------------- Instantiating /home/travis/build/icyphy/ptII/ptolemy/actor/lib/test/auto/TimeDelayVariableMicrosteps.xml
2 ms. Memory: 1767424K Free: 938723K (53%)
----------------- Invoking toplevel() on ptolemy.moml.MoMLSimpleApplication@73f35291
----------------- Done invoking toplevel() on ptolemy.moml.MoMLSimpleApplication@73f35291
reloadAllAccessors: .TimeDelayVariableMicrosteps

===========================================================================================
----------------- testing Sun May 26 04:24:37 UTC 2019 /home/travis/build/icyphy/ptII/ptolemy/actor/lib/test/auto/TimeGap.xml
----------------- Instantiating /home/travis/build/icyphy/ptII/ptolemy/actor/lib/test/auto/TimeGap.xml
2 ms. Memory: 1767424K Free: 927671K (52%)
----------------- Invoking toplevel() on ptolemy.moml.MoMLSimpleApplication@18a0e4b2
----------------- Done invoking toplevel() on ptolemy.moml.MoMLSimpleApplication@18a0e4b2
reloadAllAccessors: .TimeGap

===========================================================================================
----------------- testing Sun May 26 04:24:37 UTC 2019 /home/travis/build/icyphy/ptII/ptolemy/actor/lib/test/auto/TimeGap2.xml
----------------- Instantiating /home/travis/build/icyphy/ptII/ptolemy/actor/lib/test/auto/TimeGap2.xml
2 ms. Memory: 1767424K Free: 912259K (52%)
----------------- Invoking toplevel() on ptolemy.moml.MoMLSimpleApplication@1b9c6a8b
----------------- Done invoking toplevel() on ptolemy.moml.MoMLSimpleApplication@1b9c6a8b
reloadAllAccessors: .TimeGap2

===========================================================================================
----------------- testing Sun May 26 04:24:37 UTC 2019 /home/travis/build/icyphy/ptII/ptolemy/actor/lib/test/auto/TimedSinewave.xml
----------------- Instantiating /home/travis/build/icyphy/ptII/ptolemy/actor/lib/test/auto/TimedSinewave.xml
13 ms. Memory: 1767424K Free: 885787K (50%)
----------------- Invoking toplevel() on ptolemy.moml.MoMLSimpleApplication@6ce19455
----------------- Done invoking toplevel() on ptolemy.moml.MoMLSimpleApplication@6ce19455
reloadAllAccessors: .TimedSinewave

===========================================================================================
----------------- testing Sun May 26 04:24:37 UTC 2019 /home/travis/build/icyphy/ptII/ptolemy/actor/lib/test/auto/TimedSinewavePhase.xml
----------------- Instantiating /home/travis/build/icyphy/ptII/ptolemy/actor/lib/test/auto/TimedSinewavePhase.xml
14 ms. Memory: 1767424K Free: 869192K (49%)
----------------- Invoking toplevel() on ptolemy.moml.MoMLSimpleApplication@7286745e
----------------- Done invoking toplevel() on ptolemy.moml.MoMLSimpleApplication@7286745e
reloadAllAccessors: .TimedSinewavePhase

===========================================================================================
----------------- testing Sun May 26 04:24:37 UTC 2019 /home/travis/build/icyphy/ptII/ptolemy/actor/lib/test/auto/Timer.xml
----------------- Instantiating /home/travis/build/icyphy/ptII/ptolemy/actor/lib/test/auto/Timer.xml
1 ms. Memory: 1767424K Free: 853781K (48%)
----------------- Invoking toplevel() on ptolemy.moml.MoMLSimpleApplication@2b7f4e4a
----------------- Done invoking toplevel() on ptolemy.moml.MoMLSimpleApplication@2b7f4e4a
reloadAllAccessors: .Timer

===========================================================================================
----------------- testing Sun May 26 04:24:37 UTC 2019 /home/travis/build/icyphy/ptII/ptolemy/actor/lib/test/auto/TriangularDistTestModel.xml
----------------- Instantiating /home/travis/build/icyphy/ptII/ptolemy/actor/lib/test/auto/TriangularDistTestModel.xml
2 ms. Memory: 1767424K Free: 842729K (48%)
----------------- Invoking toplevel() on ptolemy.moml.MoMLSimpleApplication@3fcb4273
----------------- Done invoking toplevel() on ptolemy.moml.MoMLSimpleApplication@3fcb4273
reloadAllAccessors: .TriangularDistTestModel

===========================================================================================
----------------- testing Sun May 26 04:24:37 UTC 2019 /home/travis/build/icyphy/ptII/ptolemy/actor/lib/test/auto/TrigFunction.xml
----------------- Instantiating /home/travis/build/icyphy/ptII/ptolemy/actor/lib/test/auto/TrigFunction.xml
2 ms. Memory: 1767424K Free: 827317K (47%)
----------------- Invoking toplevel() on ptolemy.moml.MoMLSimpleApplication@7136d744
----------------- Done invoking toplevel() on ptolemy.moml.MoMLSimpleApplication@7136d744
reloadAllAccessors: .TrigFunction

===========================================================================================
----------------- testing Sun May 26 04:24:37 UTC 2019 /home/travis/build/icyphy/ptII/ptolemy/actor/lib/test/auto/TrigFunctionDE.xml
----------------- Instantiating /home/travis/build/icyphy/ptII/ptolemy/actor/lib/test/auto/TrigFunctionDE.xml
1 ms. Memory: 1767424K Free: 811905K (46%)
----------------- Invoking toplevel() on ptolemy.moml.MoMLSimpleApplication@42e5c476
----------------- Done invoking toplevel() on ptolemy.moml.MoMLSimpleApplication@42e5c476
reloadAllAccessors: .TrigFunctionDE

===========================================================================================
----------------- testing Sun May 26 04:24:37 UTC 2019 /home/travis/build/icyphy/ptII/ptolemy/actor/lib/test/auto/TrigFunctionInverse.xml
----------------- Instantiating /home/travis/build/icyphy/ptII/ptolemy/actor/lib/test/auto/TrigFunctionInverse.xml
2 ms. Memory: 1767424K Free: 800853K (45%)
----------------- Invoking toplevel() on ptolemy.moml.MoMLSimpleApplication@4eb2170
----------------- Done invoking toplevel() on ptolemy.moml.MoMLSimpleApplication@4eb2170
reloadAllAccessors: .TrigFunctionInverse

===========================================================================================
----------------- testing Sun May 26 04:24:37 UTC 2019 /home/travis/build/icyphy/ptII/ptolemy/actor/lib/test/auto/TrigFunctionTan.xml
----------------- Instantiating /home/travis/build/icyphy/ptII/ptolemy/actor/lib/test/auto/TrigFunctionTan.xml
1 ms. Memory: 1767424K Free: 785441K (44%)
----------------- Invoking toplevel() on ptolemy.moml.MoMLSimpleApplication@28c20f52
----------------- Done invoking toplevel() on ptolemy.moml.MoMLSimpleApplication@28c20f52
reloadAllAccessors: .TrigFunctionTan

===========================================================================================
----------------- testing Sun May 26 04:24:37 UTC 2019 /home/travis/build/icyphy/ptII/ptolemy/actor/lib/test/auto/TriggeredClock.xml
----------------- Instantiating /home/travis/build/icyphy/ptII/ptolemy/actor/lib/test/auto/TriggeredClock.xml
2 ms. Memory: 1767424K Free: 774389K (44%)
----------------- Invoking toplevel() on ptolemy.moml.MoMLSimpleApplication@5970f5d2
----------------- Done invoking toplevel() on ptolemy.moml.MoMLSimpleApplication@5970f5d2
reloadAllAccessors: .TriggeredClock

===========================================================================================
----------------- testing Sun May 26 04:24:37 UTC 2019 /home/travis/build/icyphy/ptII/ptolemy/actor/lib/test/auto/URLDirectoryReader.xml
----------------- Instantiating /home/travis/build/icyphy/ptII/ptolemy/actor/lib/test/auto/URLDirectoryReader.xml
24 ms. Memory: 1767424K Free: 758977K (43%)
----------------- Invoking toplevel() on ptolemy.moml.MoMLSimpleApplication@e4e241f
----------------- Done invoking toplevel() on ptolemy.moml.MoMLSimpleApplication@e4e241f
reloadAllAccessors: .URLDirectoryReader

===========================================================================================
----------------- testing Sun May 26 04:24:38 UTC 2019 /home/travis/build/icyphy/ptII/ptolemy/actor/lib/test/auto/URLDirectoryReader3.xml
----------------- Instantiating /home/travis/build/icyphy/ptII/ptolemy/actor/lib/test/auto/URLDirectoryReader3.xml
1160 ms. Memory: 1767424K Free: 709239K (40%)
----------------- Invoking toplevel() on ptolemy.moml.MoMLSimpleApplication@1fe857cb
----------------- Done invoking toplevel() on ptolemy.moml.MoMLSimpleApplication@1fe857cb
reloadAllAccessors: .URLDirectoryReader3

===========================================================================================
----------------- testing Sun May 26 04:24:39 UTC 2019 /home/travis/build/icyphy/ptII/ptolemy/actor/lib/test/auto/UnaryMathFunction.xml
----------------- Instantiating /home/travis/build/icyphy/ptII/ptolemy/actor/lib/test/auto/UnaryMathFunction.xml
3 ms. Memory: 1767424K Free: 693827K (39%)
----------------- Invoking toplevel() on ptolemy.moml.MoMLSimpleApplication@55df0a61
----------------- Done invoking toplevel() on ptolemy.moml.MoMLSimpleApplication@55df0a61
reloadAllAccessors: .UnaryMathFunction

===========================================================================================
----------------- testing Sun May 26 04:24:39 UTC 2019 /home/travis/build/icyphy/ptII/ptolemy/actor/lib/test/auto/Uniform.xml
----------------- Instantiating /home/travis/build/icyphy/ptII/ptolemy/actor/lib/test/auto/Uniform.xml
1 ms. Memory: 1767424K Free: 678416K (38%)
----------------- Invoking toplevel() on ptolemy.moml.MoMLSimpleApplication@348a83f4
----------------- Done invoking toplevel() on ptolemy.moml.MoMLSimpleApplication@348a83f4
reloadAllAccessors: .Uniform

===========================================================================================
----------------- testing Sun May 26 04:24:39 UTC 2019 /home/travis/build/icyphy/ptII/ptolemy/actor/lib/test/auto/UnionDisassemblerTest.xml
----------------- Instantiating /home/travis/build/icyphy/ptII/ptolemy/actor/lib/test/auto/UnionDisassemblerTest.xml
7 ms. Memory: 1767424K Free: 667363K (38%)
----------------- Invoking toplevel() on ptolemy.moml.MoMLSimpleApplication@20598acf
----------------- Done invoking toplevel() on ptolemy.moml.MoMLSimpleApplication@20598acf
reloadAllAccessors: .UnionDisassemblerTest

===========================================================================================
----------------- testing Sun May 26 04:24:39 UTC 2019 /home/travis/build/icyphy/ptII/ptolemy/actor/lib/test/auto/UtilityFunctions.xml
----------------- Instantiating /home/travis/build/icyphy/ptII/ptolemy/actor/lib/test/auto/UtilityFunctions.xml
9 ms. Memory: 1767424K Free: 651952K (37%)
----------------- Invoking toplevel() on ptolemy.moml.MoMLSimpleApplication@56f73855
----------------- Done invoking toplevel() on ptolemy.moml.MoMLSimpleApplication@56f73855
reloadAllAccessors: .UtilityFunctions

===========================================================================================
----------------- testing Sun May 26 04:24:39 UTC 2019 /home/travis/build/icyphy/ptII/ptolemy/actor/lib/test/auto/VariableSleep.xml
----------------- Instantiating /home/travis/build/icyphy/ptII/ptolemy/actor/lib/test/auto/VariableSleep.xml
508 ms. Memory: 1767424K Free: 640899K (36%)
----------------- Invoking toplevel() on ptolemy.moml.MoMLSimpleApplication@51289bdf
----------------- Done invoking toplevel() on ptolemy.moml.MoMLSimpleApplication@51289bdf
reloadAllAccessors: .VariableSleep

===========================================================================================
----------------- testing Sun May 26 04:24:40 UTC 2019 /home/travis/build/icyphy/ptII/ptolemy/actor/lib/test/auto/VectorAssemblerDisassemblerCT.xml
----------------- Instantiating /home/travis/build/icyphy/ptII/ptolemy/actor/lib/test/auto/VectorAssemblerDisassemblerCT.xml
76 ms. Memory: 1767424K Free: 608909K (34%)
----------------- Invoking toplevel() on ptolemy.moml.MoMLSimpleApplication@6c759630
----------------- Done invoking toplevel() on ptolemy.moml.MoMLSimpleApplication@6c759630
reloadAllAccessors: .VectorAssemblerDisassemblerCT

===========================================================================================
----------------- testing Sun May 26 04:24:40 UTC 2019 /home/travis/build/icyphy/ptII/ptolemy/actor/lib/test/auto/VectorAssemblerDisassemblerDE.xml
----------------- Instantiating /home/travis/build/icyphy/ptII/ptolemy/actor/lib/test/auto/VectorAssemblerDisassemblerDE.xml
2 ms. Memory: 1767424K Free: 597857K (34%)
----------------- Invoking toplevel() on ptolemy.moml.MoMLSimpleApplication@7d3a7d25
----------------- Done invoking toplevel() on ptolemy.moml.MoMLSimpleApplication@7d3a7d25
reloadAllAccessors: .VectorAssemblerDisassemblerDE

===========================================================================================
----------------- testing Sun May 26 04:24:40 UTC 2019 /home/travis/build/icyphy/ptII/ptolemy/actor/lib/test/auto/VectorAssemblerDisassemblerSDF.xml
----------------- Instantiating /home/travis/build/icyphy/ptII/ptolemy/actor/lib/test/auto/VectorAssemblerDisassemblerSDF.xml
3 ms. Memory: 1767424K Free: 582445K (33%)
----------------- Invoking toplevel() on ptolemy.moml.MoMLSimpleApplication@7bef42dd
----------------- Done invoking toplevel() on ptolemy.moml.MoMLSimpleApplication@7bef42dd
reloadAllAccessors: .VectorAssemblerDisassemblerSDF

===========================================================================================
----------------- testing Sun May 26 04:24:40 UTC 2019 /home/travis/build/icyphy/ptII/ptolemy/actor/lib/test/auto/WallClockTime.xml
----------------- Instantiating /home/travis/build/icyphy/ptII/ptolemy/actor/lib/test/auto/WallClockTime.xml
1005 ms. Memory: 1767424K Free: 567034K (32%)
----------------- Invoking toplevel() on ptolemy.moml.MoMLSimpleApplication@39509162
----------------- Done invoking toplevel() on ptolemy.moml.MoMLSimpleApplication@39509162
reloadAllAccessors: .WallClockTime

===========================================================================================
----------------- testing Sun May 26 04:24:41 UTC 2019 /home/travis/build/icyphy/ptII/ptolemy/actor/lib/test/auto/WidthTestWithSubscriberPublisher.xml
----------------- Instantiating /home/travis/build/icyphy/ptII/ptolemy/actor/lib/test/auto/WidthTestWithSubscriberPublisher.xml
9 ms. Memory: 1767424K Free: 544897K (31%)
----------------- Invoking toplevel() on ptolemy.moml.MoMLSimpleApplication@257933f1
----------------- Done invoking toplevel() on ptolemy.moml.MoMLSimpleApplication@257933f1
reloadAllAccessors: .WidthTestWithSubscriberPublisher

===========================================================================================
----------------- testing Sun May 26 04:24:41 UTC 2019 /home/travis/build/icyphy/ptII/ptolemy/actor/lib/test/auto/WidthTestWithSubscriberPublisher2.xml
----------------- Instantiating /home/travis/build/icyphy/ptII/ptolemy/actor/lib/test/auto/WidthTestWithSubscriberPublisher2.xml
3 ms. Memory: 1767424K Free: 529485K (30%)
----------------- Invoking toplevel() on ptolemy.moml.MoMLSimpleApplication@5ad39f33
----------------- Done invoking toplevel() on ptolemy.moml.MoMLSimpleApplication@5ad39f33
reloadAllAccessors: .WidthTestWithSubscriberPublisher2

===========================================================================================
----------------- testing Sun May 26 04:24:41 UTC 2019 /home/travis/build/icyphy/ptII/ptolemy/actor/lib/test/auto/WidthTestWithSubscriberPublisher3.xml
----------------- Instantiating /home/travis/build/icyphy/ptII/ptolemy/actor/lib/test/auto/WidthTestWithSubscriberPublisher3.xml
2 ms. Memory: 1767424K Free: 518433K (29%)
----------------- Invoking toplevel() on ptolemy.moml.MoMLSimpleApplication@2e8b6e26
----------------- Done invoking toplevel() on ptolemy.moml.MoMLSimpleApplication@2e8b6e26
reloadAllAccessors: .WidthTestWithSubscriberPublisher3

===========================================================================================
----------------- testing Sun May 26 04:24:41 UTC 2019 /home/travis/build/icyphy/ptII/ptolemy/actor/lib/test/auto/Writer.xml
----------------- Instantiating /home/travis/build/icyphy/ptII/ptolemy/actor/lib/test/auto/Writer.xml
0
1
2
3
4
2 ms. Memory: 1767424K Free: 503021K (28%)
----------------- Invoking toplevel() on ptolemy.moml.MoMLSimpleApplication@2ee186e7
----------------- Done invoking toplevel() on ptolemy.moml.MoMLSimpleApplication@2ee186e7
reloadAllAccessors: .Writer

===========================================================================================
----------------- testing Sun May 26 04:24:41 UTC 2019 /home/travis/build/icyphy/ptII/ptolemy/actor/lib/test/auto/array.xml
----------------- Instantiating /home/travis/build/icyphy/ptII/ptolemy/actor/lib/test/auto/array.xml
3 ms. Memory: 1767424K Free: 491969K (28%)
----------------- Invoking toplevel() on ptolemy.moml.MoMLSimpleApplication@2245cf36
----------------- Done invoking toplevel() on ptolemy.moml.MoMLSimpleApplication@2245cf36
reloadAllAccessors: .array

===========================================================================================
----------------- testing Sun May 26 04:24:41 UTC 2019 /home/travis/build/icyphy/ptII/ptolemy/actor/lib/test/auto/array2.xml
----------------- Instantiating /home/travis/build/icyphy/ptII/ptolemy/actor/lib/test/auto/array2.xml
3 ms. Memory: 1767424K Free: 476557K (27%)
----------------- Invoking toplevel() on ptolemy.moml.MoMLSimpleApplication@789ba77b
----------------- Done invoking toplevel() on ptolemy.moml.MoMLSimpleApplication@789ba77b
reloadAllAccessors: .array2

===========================================================================================
----------------- testing Sun May 26 04:24:41 UTC 2019 /home/travis/build/icyphy/ptII/ptolemy/actor/lib/test/auto/arrayType.xml
----------------- Instantiating /home/travis/build/icyphy/ptII/ptolemy/actor/lib/test/auto/arrayType.xml
7 ms. Memory: 1767424K Free: 461146K (26%)
----------------- Invoking toplevel() on ptolemy.moml.MoMLSimpleApplication@8b51870
----------------- Done invoking toplevel() on ptolemy.moml.MoMLSimpleApplication@8b51870
reloadAllAccessors: .arrayType

===========================================================================================
----------------- testing Sun May 26 04:24:41 UTC 2019 /home/travis/build/icyphy/ptII/ptolemy/actor/lib/test/auto/arrayType10.xml
----------------- Instantiating /home/travis/build/icyphy/ptII/ptolemy/actor/lib/test/auto/arrayType10.xml
1 ms. Memory: 1767424K Free: 450093K (25%)
----------------- Invoking toplevel() on ptolemy.moml.MoMLSimpleApplication@126d571a
----------------- Done invoking toplevel() on ptolemy.moml.MoMLSimpleApplication@126d571a
reloadAllAccessors: .arrayType10

===========================================================================================
----------------- testing Sun May 26 04:24:41 UTC 2019 /home/travis/build/icyphy/ptII/ptolemy/actor/lib/test/auto/arrayType11.xml
----------------- Instantiating /home/travis/build/icyphy/ptII/ptolemy/actor/lib/test/auto/arrayType11.xml
2 ms. Memory: 1767424K Free: 434681K (25%)
----------------- Invoking toplevel() on ptolemy.moml.MoMLSimpleApplication@5e55dfb8
----------------- Done invoking toplevel() on ptolemy.moml.MoMLSimpleApplication@5e55dfb8
reloadAllAccessors: .arrayType11

===========================================================================================
----------------- testing Sun May 26 04:24:41 UTC 2019 /home/travis/build/icyphy/ptII/ptolemy/actor/lib/test/auto/arrayType12.xml
----------------- Instantiating /home/travis/build/icyphy/ptII/ptolemy/actor/lib/test/auto/arrayType12.xml
1 ms. Memory: 1767424K Free: 423629K (24%)
----------------- Invoking toplevel() on ptolemy.moml.MoMLSimpleApplication@643c8164
----------------- Done invoking toplevel() on ptolemy.moml.MoMLSimpleApplication@643c8164
reloadAllAccessors: .arrayType12

===========================================================================================
----------------- testing Sun May 26 04:24:41 UTC 2019 /home/travis/build/icyphy/ptII/ptolemy/actor/lib/test/auto/arrayType13.xml
----------------- Instantiating /home/travis/build/icyphy/ptII/ptolemy/actor/lib/test/auto/arrayType13.xml
2 ms. Memory: 1767424K Free: 408217K (23%)
----------------- Invoking toplevel() on ptolemy.moml.MoMLSimpleApplication@46a00e51
----------------- Done invoking toplevel() on ptolemy.moml.MoMLSimpleApplication@46a00e51
reloadAllAccessors: .arrayType13

===========================================================================================
----------------- testing Sun May 26 04:24:41 UTC 2019 /home/travis/build/icyphy/ptII/ptolemy/actor/lib/test/auto/arrayType14.xml
----------------- Instantiating /home/travis/build/icyphy/ptII/ptolemy/actor/lib/test/auto/arrayType14.xml
2 ms. Memory: 1767424K Free: 392806K (22%)
----------------- Invoking toplevel() on ptolemy.moml.MoMLSimpleApplication@2be6681b
----------------- Done invoking toplevel() on ptolemy.moml.MoMLSimpleApplication@2be6681b
reloadAllAccessors: .arrayType14

===========================================================================================
----------------- testing Sun May 26 04:24:41 UTC 2019 /home/travis/build/icyphy/ptII/ptolemy/actor/lib/test/auto/arrayType15.xml
----------------- Instantiating /home/travis/build/icyphy/ptII/ptolemy/actor/lib/test/auto/arrayType15.xml
1 ms. Memory: 1767424K Free: 381753K (22%)
----------------- Invoking toplevel() on ptolemy.moml.MoMLSimpleApplication@7d4134a6
----------------- Done invoking toplevel() on ptolemy.moml.MoMLSimpleApplication@7d4134a6
reloadAllAccessors: .arrayType15

===========================================================================================
----------------- testing Sun May 26 04:24:41 UTC 2019 /home/travis/build/icyphy/ptII/ptolemy/actor/lib/test/auto/arrayType16.xml
----------------- Instantiating /home/travis/build/icyphy/ptII/ptolemy/actor/lib/test/auto/arrayType16.xml
2 ms. Memory: 1767424K Free: 366342K (21%)
----------------- Invoking toplevel() on ptolemy.moml.MoMLSimpleApplication@45ef75b3
----------------- Done invoking toplevel() on ptolemy.moml.MoMLSimpleApplication@45ef75b3
reloadAllAccessors: .arrayType16

===========================================================================================
----------------- testing Sun May 26 04:24:41 UTC 2019 /home/travis/build/icyphy/ptII/ptolemy/actor/lib/test/auto/arrayType17.xml
----------------- Instantiating /home/travis/build/icyphy/ptII/ptolemy/actor/lib/test/auto/arrayType17.xml
1 ms. Memory: 1767424K Free: 355289K (20%)
----------------- Invoking toplevel() on ptolemy.moml.MoMLSimpleApplication@5064c14d
----------------- Done invoking toplevel() on ptolemy.moml.MoMLSimpleApplication@5064c14d
reloadAllAccessors: .arrayType17

===========================================================================================
----------------- testing Sun May 26 04:24:41 UTC 2019 /home/travis/build/icyphy/ptII/ptolemy/actor/lib/test/auto/arrayType18.xml
----------------- Instantiating /home/travis/build/icyphy/ptII/ptolemy/actor/lib/test/auto/arrayType18.xml
1 ms. Memory: 1767424K Free: 339878K (19%)
----------------- Invoking toplevel() on ptolemy.moml.MoMLSimpleApplication@14db5d1d
----------------- Done invoking toplevel() on ptolemy.moml.MoMLSimpleApplication@14db5d1d
reloadAllAccessors: .arrayType18

===========================================================================================
----------------- testing Sun May 26 04:24:41 UTC 2019 /home/travis/build/icyphy/ptII/ptolemy/actor/lib/test/auto/arrayType19.xml
----------------- Instantiating /home/travis/build/icyphy/ptII/ptolemy/actor/lib/test/auto/arrayType19.xml
1 ms. Memory: 1767424K Free: 328825K (19%)
----------------- Invoking toplevel() on ptolemy.moml.MoMLSimpleApplication@484e11d0
----------------- Done invoking toplevel() on ptolemy.moml.MoMLSimpleApplication@484e11d0
reloadAllAccessors: .arrayType19

===========================================================================================
----------------- testing Sun May 26 04:24:41 UTC 2019 /home/travis/build/icyphy/ptII/ptolemy/actor/lib/test/auto/arrayType2.xml
----------------- Instantiating /home/travis/build/icyphy/ptII/ptolemy/actor/lib/test/auto/arrayType2.xml
2 ms. Memory: 1767424K Free: 313414K (18%)
----------------- Invoking toplevel() on ptolemy.moml.MoMLSimpleApplication@628712e2
----------------- Done invoking toplevel() on ptolemy.moml.MoMLSimpleApplication@628712e2
reloadAllAccessors: .arrayType2

===========================================================================================
----------------- testing Sun May 26 04:24:41 UTC 2019 /home/travis/build/icyphy/ptII/ptolemy/actor/lib/test/auto/arrayType20.xml
----------------- Instantiating /home/travis/build/icyphy/ptII/ptolemy/actor/lib/test/auto/arrayType20.xml
2 ms. Memory: 1767424K Free: 298002K (17%)
----------------- Invoking toplevel() on ptolemy.moml.MoMLSimpleApplication@18163416
----------------- Done invoking toplevel() on ptolemy.moml.MoMLSimpleApplication@18163416
reloadAllAccessors: .arrayType20

===========================================================================================
----------------- testing Sun May 26 04:24:41 UTC 2019 /home/travis/build/icyphy/ptII/ptolemy/actor/lib/test/auto/arrayType21.xml
----------------- Instantiating /home/travis/build/icyphy/ptII/ptolemy/actor/lib/test/auto/arrayType21.xml
1 ms. Memory: 1767424K Free: 286949K (16%)
----------------- Invoking toplevel() on ptolemy.moml.MoMLSimpleApplication@1fcdfc68
----------------- Done invoking toplevel() on ptolemy.moml.MoMLSimpleApplication@1fcdfc68
reloadAllAccessors: .arrayType21

===========================================================================================
----------------- testing Sun May 26 04:24:41 UTC 2019 /home/travis/build/icyphy/ptII/ptolemy/actor/lib/test/auto/arrayType22.xml
----------------- Instantiating /home/travis/build/icyphy/ptII/ptolemy/actor/lib/test/auto/arrayType22.xml
1 ms. Memory: 1767424K Free: 271538K (15%)
----------------- Invoking toplevel() on ptolemy.moml.MoMLSimpleApplication@2cd3467c
----------------- Done invoking toplevel() on ptolemy.moml.MoMLSimpleApplication@2cd3467c
reloadAllAccessors: .arrayType22

===========================================================================================
----------------- testing Sun May 26 04:24:41 UTC 2019 /home/travis/build/icyphy/ptII/ptolemy/actor/lib/test/auto/arrayType23.xml
----------------- Instantiating /home/travis/build/icyphy/ptII/ptolemy/actor/lib/test/auto/arrayType23.xml
2 ms. Memory: 1767424K Free: 260485K (15%)
----------------- Invoking toplevel() on ptolemy.moml.MoMLSimpleApplication@7f041748
----------------- Done invoking toplevel() on ptolemy.moml.MoMLSimpleApplication@7f041748
reloadAllAccessors: .arrayType23

===========================================================================================
----------------- testing Sun May 26 04:24:41 UTC 2019 /home/travis/build/icyphy/ptII/ptolemy/actor/lib/test/auto/arrayType24.xml
----------------- Instantiating /home/travis/build/icyphy/ptII/ptolemy/actor/lib/test/auto/arrayType24.xml
2 ms. Memory: 1767424K Free: 245074K (14%)
----------------- Invoking toplevel() on ptolemy.moml.MoMLSimpleApplication@5bf61df7
----------------- Done invoking toplevel() on ptolemy.moml.MoMLSimpleApplication@5bf61df7
reloadAllAccessors: .arrayType24

===========================================================================================
----------------- testing Sun May 26 04:24:41 UTC 2019 /home/travis/build/icyphy/ptII/ptolemy/actor/lib/test/auto/arrayType25.xml
----------------- Instantiating /home/travis/build/icyphy/ptII/ptolemy/actor/lib/test/auto/arrayType25.xml
3 ms. Memory: 1767424K Free: 229662K (13%)
----------------- Invoking toplevel() on ptolemy.moml.MoMLSimpleApplication@58631a7a
----------------- Done invoking toplevel() on ptolemy.moml.MoMLSimpleApplication@58631a7a
reloadAllAccessors: .arrayType25

===========================================================================================
----------------- testing Sun May 26 04:24:41 UTC 2019 /home/travis/build/icyphy/ptII/ptolemy/actor/lib/test/auto/arrayType26.xml
----------------- Instantiating /home/travis/build/icyphy/ptII/ptolemy/actor/lib/test/auto/arrayType26.xml
2 ms. Memory: 1767424K Free: 218610K (12%)
----------------- Invoking toplevel() on ptolemy.moml.MoMLSimpleApplication@596b71b0
----------------- Done invoking toplevel() on ptolemy.moml.MoMLSimpleApplication@596b71b0
reloadAllAccessors: .arrayType26

===========================================================================================
----------------- testing Sun May 26 04:24:41 UTC 2019 /home/travis/build/icyphy/ptII/ptolemy/actor/lib/test/auto/arrayType27.xml
----------------- Instantiating /home/travis/build/icyphy/ptII/ptolemy/actor/lib/test/auto/arrayType27.xml
2 ms. Memory: 1767424K Free: 203198K (11%)
----------------- Invoking toplevel() on ptolemy.moml.MoMLSimpleApplication@6c3c6bec
----------------- Done invoking toplevel() on ptolemy.moml.MoMLSimpleApplication@6c3c6bec
reloadAllAccessors: .arrayType27

===========================================================================================
----------------- testing Sun May 26 04:24:41 UTC 2019 /home/travis/build/icyphy/ptII/ptolemy/actor/lib/test/auto/arrayType28.xml
----------------- Instantiating /home/travis/build/icyphy/ptII/ptolemy/actor/lib/test/auto/arrayType28.xml
4 ms. Memory: 1767424K Free: 192146K (11%)
----------------- Invoking toplevel() on ptolemy.moml.MoMLSimpleApplication@66024b29
----------------- Done invoking toplevel() on ptolemy.moml.MoMLSimpleApplication@66024b29
reloadAllAccessors: .arrayType28

===========================================================================================
----------------- testing Sun May 26 04:24:41 UTC 2019 /home/travis/build/icyphy/ptII/ptolemy/actor/lib/test/auto/arrayType3.xml
----------------- Instantiating /home/travis/build/icyphy/ptII/ptolemy/actor/lib/test/auto/arrayType3.xml
2 ms. Memory: 1767424K Free: 176734K (10%)
----------------- Invoking toplevel() on ptolemy.moml.MoMLSimpleApplication@4ef3cd6a
----------------- Done invoking toplevel() on ptolemy.moml.MoMLSimpleApplication@4ef3cd6a
reloadAllAccessors: .arrayType3

===========================================================================================
----------------- testing Sun May 26 04:24:41 UTC 2019 /home/travis/build/icyphy/ptII/ptolemy/actor/lib/test/auto/arrayType4.xml
----------------- Instantiating /home/travis/build/icyphy/ptII/ptolemy/actor/lib/test/auto/arrayType4.xml
1 ms. Memory: 1767424K Free: 161323K (9%)
----------------- Invoking toplevel() on ptolemy.moml.MoMLSimpleApplication@4d89ea57
----------------- Done invoking toplevel() on ptolemy.moml.MoMLSimpleApplication@4d89ea57
reloadAllAccessors: .arrayType4

===========================================================================================
----------------- testing Sun May 26 04:24:41 UTC 2019 /home/travis/build/icyphy/ptII/ptolemy/actor/lib/test/auto/arrayType5.xml
----------------- Instantiating /home/travis/build/icyphy/ptII/ptolemy/actor/lib/test/auto/arrayType5.xml
2 ms. Memory: 1767424K Free: 150270K (9%)
----------------- Invoking toplevel() on ptolemy.moml.MoMLSimpleApplication@2ade41aa
----------------- Done invoking toplevel() on ptolemy.moml.MoMLSimpleApplication@2ade41aa
reloadAllAccessors: .arrayType5

===========================================================================================
----------------- testing Sun May 26 04:24:41 UTC 2019 /home/travis/build/icyphy/ptII/ptolemy/actor/lib/test/auto/arrayType6.xml
----------------- Instantiating /home/travis/build/icyphy/ptII/ptolemy/actor/lib/test/auto/arrayType6.xml
2 ms. Memory: 1767424K Free: 134858K (8%)
----------------- Invoking toplevel() on ptolemy.moml.MoMLSimpleApplication@9a9048c
----------------- Done invoking toplevel() on ptolemy.moml.MoMLSimpleApplication@9a9048c
reloadAllAccessors: .arrayType6

===========================================================================================
----------------- testing Sun May 26 04:24:41 UTC 2019 /home/travis/build/icyphy/ptII/ptolemy/actor/lib/test/auto/arrayType7.xml
----------------- Instantiating /home/travis/build/icyphy/ptII/ptolemy/actor/lib/test/auto/arrayType7.xml
2 ms. Memory: 1767424K Free: 123806K (7%)
----------------- Invoking toplevel() on ptolemy.moml.MoMLSimpleApplication@11a8c5f8
----------------- Done invoking toplevel() on ptolemy.moml.MoMLSimpleApplication@11a8c5f8
reloadAllAccessors: .arrayType7

===========================================================================================
----------------- testing Sun May 26 04:24:41 UTC 2019 /home/travis/build/icyphy/ptII/ptolemy/actor/lib/test/auto/arrayType8.xml
----------------- Instantiating /home/travis/build/icyphy/ptII/ptolemy/actor/lib/test/auto/arrayType8.xml
3 ms. Memory: 1767424K Free: 108395K (6%)
----------------- Invoking toplevel() on ptolemy.moml.MoMLSimpleApplication@49a5bfb0
----------------- Done invoking toplevel() on ptolemy.moml.MoMLSimpleApplication@49a5bfb0
reloadAllAccessors: .arrayType8

===========================================================================================
----------------- testing Sun May 26 04:24:41 UTC 2019 /home/travis/build/icyphy/ptII/ptolemy/actor/lib/test/auto/arrayType9.xml
----------------- Instantiating /home/travis/build/icyphy/ptII/ptolemy/actor/lib/test/auto/arrayType9.xml
2 ms. Memory: 1767424K Free: 97342K (6%)
----------------- Invoking toplevel() on ptolemy.moml.MoMLSimpleApplication@52b27de7
----------------- Done invoking toplevel() on ptolemy.moml.MoMLSimpleApplication@52b27de7
reloadAllAccessors: .arrayType9

===========================================================================================
----------------- testing Sun May 26 04:24:41 UTC 2019 /home/travis/build/icyphy/ptII/ptolemy/actor/lib/test/auto/cast.xml
----------------- Instantiating /home/travis/build/icyphy/ptII/ptolemy/actor/lib/test/auto/cast.xml
2 ms. Memory: 1767424K Free: 81931K (5%)
----------------- Invoking toplevel() on ptolemy.moml.MoMLSimpleApplication@72200276
----------------- Done invoking toplevel() on ptolemy.moml.MoMLSimpleApplication@72200276
reloadAllAccessors: .cast

===========================================================================================
----------------- testing Sun May 26 04:24:41 UTC 2019 /home/travis/build/icyphy/ptII/ptolemy/actor/lib/test/auto/compositeMultiPort.xml
----------------- Instantiating /home/travis/build/icyphy/ptII/ptolemy/actor/lib/test/auto/compositeMultiPort.xml
17 ms. Memory: 1776128K Free: 1727746K (97%)
----------------- Invoking toplevel() on ptolemy.moml.MoMLSimpleApplication@263e8e9b
----------------- Done invoking toplevel() on ptolemy.moml.MoMLSimpleApplication@263e8e9b
reloadAllAccessors: .compositeMultiPort

===========================================================================================
----------------- testing Sun May 26 04:24:42 UTC 2019 /home/travis/build/icyphy/ptII/ptolemy/actor/lib/test/auto/expressionCastInference.xml
----------------- Instantiating /home/travis/build/icyphy/ptII/ptolemy/actor/lib/test/auto/expressionCastInference.xml
2 ms. Memory: 1776128K Free: 1696240K (96%)
----------------- Invoking toplevel() on ptolemy.moml.MoMLSimpleApplication@26ee86f2
----------------- Done invoking toplevel() on ptolemy.moml.MoMLSimpleApplication@26ee86f2
reloadAllAccessors: .expressionCastInference

===========================================================================================
----------------- testing Sun May 26 04:24:42 UTC 2019 /home/travis/build/icyphy/ptII/ptolemy/actor/lib/test/auto/expressionCastInference2.xml
----------------- Instantiating /home/travis/build/icyphy/ptII/ptolemy/actor/lib/test/auto/expressionCastInference2.xml
1 ms. Memory: 1776128K Free: 1678328K (94%)
----------------- Invoking toplevel() on ptolemy.moml.MoMLSimpleApplication@4708fd5e
----------------- Done invoking toplevel() on ptolemy.moml.MoMLSimpleApplication@4708fd5e
reloadAllAccessors: .expressionCastInference2

===========================================================================================
----------------- testing Sun May 26 04:24:42 UTC 2019 /home/travis/build/icyphy/ptII/ptolemy/actor/lib/test/auto/expressionInference.xml
----------------- Instantiating /home/travis/build/icyphy/ptII/ptolemy/actor/lib/test/auto/expressionInference.xml
1 ms. Memory: 1776128K Free: 1665065K (94%)
----------------- Invoking toplevel() on ptolemy.moml.MoMLSimpleApplication@44c508f8
----------------- Done invoking toplevel() on ptolemy.moml.MoMLSimpleApplication@44c508f8
reloadAllAccessors: .expressionInference

===========================================================================================
----------------- testing Sun May 26 04:24:42 UTC 2019 /home/travis/build/icyphy/ptII/ptolemy/actor/lib/test/auto/expression_bug.xml
----------------- Instantiating /home/travis/build/icyphy/ptII/ptolemy/actor/lib/test/auto/expression_bug.xml
1 ms. Memory: 1776128K Free: 1647152K (93%)
----------------- Invoking toplevel() on ptolemy.moml.MoMLSimpleApplication@7bd9381
----------------- Done invoking toplevel() on ptolemy.moml.MoMLSimpleApplication@7bd9381
reloadAllAccessors: .expression_bug

===========================================================================================
----------------- testing Sun May 26 04:24:42 UTC 2019 /home/travis/build/icyphy/ptII/ptolemy/actor/lib/test/auto/factorial.xml
----------------- Instantiating /home/travis/build/icyphy/ptII/ptolemy/actor/lib/test/auto/factorial.xml
38 ms. Memory: 1776128K Free: 1633863K (92%)
----------------- Invoking toplevel() on ptolemy.moml.MoMLSimpleApplication@2754e61d
----------------- Done invoking toplevel() on ptolemy.moml.MoMLSimpleApplication@2754e61d
reloadAllAccessors: .factorial

===========================================================================================
----------------- testing Sun May 26 04:24:42 UTC 2019 /home/travis/build/icyphy/ptII/ptolemy/actor/lib/test/auto/filterTest1.xml
----------------- Instantiating /home/travis/build/icyphy/ptII/ptolemy/actor/lib/test/auto/filterTest1.xml
2 ms. Memory: 1776128K Free: 1615951K (91%)
----------------- Invoking toplevel() on ptolemy.moml.MoMLSimpleApplication@364ceb00
----------------- Done invoking toplevel() on ptolemy.moml.MoMLSimpleApplication@364ceb00
reloadAllAccessors: .filterTest1

===========================================================================================
----------------- testing Sun May 26 04:24:42 UTC 2019 /home/travis/build/icyphy/ptII/ptolemy/actor/lib/test/auto/funcApplyInConst.xml
----------------- Instantiating /home/travis/build/icyphy/ptII/ptolemy/actor/lib/test/auto/funcApplyInConst.xml
1 ms. Memory: 1776128K Free: 1602688K (90%)
----------------- Invoking toplevel() on ptolemy.moml.MoMLSimpleApplication@1de4aa53
----------------- Done invoking toplevel() on ptolemy.moml.MoMLSimpleApplication@1de4aa53
reloadAllAccessors: .funcApplyInConst

===========================================================================================
----------------- testing Sun May 26 04:24:42 UTC 2019 /home/travis/build/icyphy/ptII/ptolemy/actor/lib/test/auto/funcApplyInExpr.xml
----------------- Instantiating /home/travis/build/icyphy/ptII/ptolemy/actor/lib/test/auto/funcApplyInExpr.xml
1 ms. Memory: 1776128K Free: 1584776K (89%)
----------------- Invoking toplevel() on ptolemy.moml.MoMLSimpleApplication@357a20b1
----------------- Done invoking toplevel() on ptolemy.moml.MoMLSimpleApplication@357a20b1
reloadAllAccessors: .funcApplyInExpr

===========================================================================================
----------------- testing Sun May 26 04:24:42 UTC 2019 /home/travis/build/icyphy/ptII/ptolemy/actor/lib/test/auto/function.xml
----------------- Instantiating /home/travis/build/icyphy/ptII/ptolemy/actor/lib/test/auto/function.xml
2 ms. Memory: 1776128K Free: 1571513K (88%)
----------------- Invoking toplevel() on ptolemy.moml.MoMLSimpleApplication@16acc7d2
----------------- Done invoking toplevel() on ptolemy.moml.MoMLSimpleApplication@16acc7d2
reloadAllAccessors: .function

===========================================================================================
----------------- testing Sun May 26 04:24:42 UTC 2019 /home/travis/build/icyphy/ptII/ptolemy/actor/lib/test/auto/function2.xml
----------------- Instantiating /home/travis/build/icyphy/ptII/ptolemy/actor/lib/test/auto/function2.xml
2 ms. Memory: 1776128K Free: 1553601K (87%)
----------------- Invoking toplevel() on ptolemy.moml.MoMLSimpleApplication@655690b6
----------------- Done invoking toplevel() on ptolemy.moml.MoMLSimpleApplication@655690b6
reloadAllAccessors: .function2

===========================================================================================
----------------- testing Sun May 26 04:24:42 UTC 2019 /home/travis/build/icyphy/ptII/ptolemy/actor/lib/test/auto/function3.xml
----------------- Instantiating /home/travis/build/icyphy/ptII/ptolemy/actor/lib/test/auto/function3.xml
1 ms. Memory: 1776128K Free: 1535689K (86%)
----------------- Invoking toplevel() on ptolemy.moml.MoMLSimpleApplication@68984cb8
----------------- Done invoking toplevel() on ptolemy.moml.MoMLSimpleApplication@68984cb8
reloadAllAccessors: .function3

===========================================================================================
----------------- testing Sun May 26 04:24:42 UTC 2019 /home/travis/build/icyphy/ptII/ptolemy/actor/lib/test/auto/functionClosureTest1.xml
----------------- Instantiating /home/travis/build/icyphy/ptII/ptolemy/actor/lib/test/auto/functionClosureTest1.xml
3 ms. Memory: 1776128K Free: 1522426K (86%)
----------------- Invoking toplevel() on ptolemy.moml.MoMLSimpleApplication@1eb6ffcb
----------------- Done invoking toplevel() on ptolemy.moml.MoMLSimpleApplication@1eb6ffcb
reloadAllAccessors: .functionClosureTest1

===========================================================================================
----------------- testing Sun May 26 04:24:42 UTC 2019 /home/travis/build/icyphy/ptII/ptolemy/actor/lib/test/auto/functionClosureTest2.xml
----------------- Instantiating /home/travis/build/icyphy/ptII/ptolemy/actor/lib/test/auto/functionClosureTest2.xml
1 ms. Memory: 1776128K Free: 1504514K (85%)
----------------- Invoking toplevel() on ptolemy.moml.MoMLSimpleApplication@57ebaad3
----------------- Done invoking toplevel() on ptolemy.moml.MoMLSimpleApplication@57ebaad3
reloadAllAccessors: .functionClosureTest2

===========================================================================================
----------------- testing Sun May 26 04:24:42 UTC 2019 /home/travis/build/icyphy/ptII/ptolemy/actor/lib/test/auto/functionClosureTest3.xml
----------------- Instantiating /home/travis/build/icyphy/ptII/ptolemy/actor/lib/test/auto/functionClosureTest3.xml
2 ms. Memory: 1776128K Free: 1491251K (84%)
----------------- Invoking toplevel() on ptolemy.moml.MoMLSimpleApplication@3503f93f
----------------- Done invoking toplevel() on ptolemy.moml.MoMLSimpleApplication@3503f93f
reloadAllAccessors: .functionClosureTest3

===========================================================================================
----------------- testing Sun May 26 04:24:42 UTC 2019 /home/travis/build/icyphy/ptII/ptolemy/actor/lib/test/auto/functionClosureTest4.xml
----------------- Instantiating /home/travis/build/icyphy/ptII/ptolemy/actor/lib/test/auto/functionClosureTest4.xml
4 ms. Memory: 1776128K Free: 1473339K (83%)
----------------- Invoking toplevel() on ptolemy.moml.MoMLSimpleApplication@73cd07ac
----------------- Done invoking toplevel() on ptolemy.moml.MoMLSimpleApplication@73cd07ac
reloadAllAccessors: .functionClosureTest4

===========================================================================================
----------------- testing Sun May 26 04:24:42 UTC 2019 /home/travis/build/icyphy/ptII/ptolemy/actor/lib/test/auto/functionClosureTest5.xml
----------------- Instantiating /home/travis/build/icyphy/ptII/ptolemy/actor/lib/test/auto/functionClosureTest5.xml
5 ms. Memory: 1776128K Free: 1460076K (82%)
----------------- Invoking toplevel() on ptolemy.moml.MoMLSimpleApplication@bfec4db
----------------- Done invoking toplevel() on ptolemy.moml.MoMLSimpleApplication@bfec4db
reloadAllAccessors: .functionClosureTest5

===========================================================================================
----------------- testing Sun May 26 04:24:42 UTC 2019 /home/travis/build/icyphy/ptII/ptolemy/actor/lib/test/auto/functionClosureTest6.xml
----------------- Instantiating /home/travis/build/icyphy/ptII/ptolemy/actor/lib/test/auto/functionClosureTest6.xml
2 ms. Memory: 1776128K Free: 1442163K (81%)
----------------- Invoking toplevel() on ptolemy.moml.MoMLSimpleApplication@5e695596
----------------- Done invoking toplevel() on ptolemy.moml.MoMLSimpleApplication@5e695596
reloadAllAccessors: .functionClosureTest6

===========================================================================================
----------------- testing Sun May 26 04:24:42 UTC 2019 /home/travis/build/icyphy/ptII/ptolemy/actor/lib/test/auto/functionsOnArcs.xml
----------------- Instantiating /home/travis/build/icyphy/ptII/ptolemy/actor/lib/test/auto/functionsOnArcs.xml
2 ms. Memory: 1776128K Free: 1428901K (80%)
----------------- Invoking toplevel() on ptolemy.moml.MoMLSimpleApplication@43f59015
----------------- Done invoking toplevel() on ptolemy.moml.MoMLSimpleApplication@43f59015
reloadAllAccessors: .functionsOnArcs

===========================================================================================
----------------- testing Sun May 26 04:24:42 UTC 2019 /home/travis/build/icyphy/ptII/ptolemy/actor/lib/test/auto/functionsOnArcsHOF.xml
----------------- Instantiating /home/travis/build/icyphy/ptII/ptolemy/actor/lib/test/auto/functionsOnArcsHOF.xml
4 ms. Memory: 1776128K Free: 1410988K (79%)
----------------- Invoking toplevel() on ptolemy.moml.MoMLSimpleApplication@4e990109
----------------- Done invoking toplevel() on ptolemy.moml.MoMLSimpleApplication@4e990109
reloadAllAccessors: .functionsOnArcsHOF

===========================================================================================
----------------- testing Sun May 26 04:24:42 UTC 2019 /home/travis/build/icyphy/ptII/ptolemy/actor/lib/test/auto/logic.xml
----------------- Instantiating /home/travis/build/icyphy/ptII/ptolemy/actor/lib/test/auto/logic.xml
2 ms. Memory: 1776128K Free: 1393076K (78%)
----------------- Invoking toplevel() on ptolemy.moml.MoMLSimpleApplication@1928a43f
----------------- Done invoking toplevel() on ptolemy.moml.MoMLSimpleApplication@1928a43f
reloadAllAccessors: .logic

===========================================================================================
----------------- testing Sun May 26 04:24:42 UTC 2019 /home/travis/build/icyphy/ptII/ptolemy/actor/lib/test/auto/matrixType.xml
----------------- Instantiating /home/travis/build/icyphy/ptII/ptolemy/actor/lib/test/auto/matrixType.xml
1 ms. Memory: 1776128K Free: 1379813K (78%)
----------------- Invoking toplevel() on ptolemy.moml.MoMLSimpleApplication@4e093863
----------------- Done invoking toplevel() on ptolemy.moml.MoMLSimpleApplication@4e093863
reloadAllAccessors: .matrixType

===========================================================================================
----------------- testing Sun May 26 04:24:42 UTC 2019 /home/travis/build/icyphy/ptII/ptolemy/actor/lib/test/auto/matrixType10.xml
----------------- Instantiating /home/travis/build/icyphy/ptII/ptolemy/actor/lib/test/auto/matrixType10.xml
2 ms. Memory: 1776128K Free: 1361901K (77%)
----------------- Invoking toplevel() on ptolemy.moml.MoMLSimpleApplication@7d810b5b
----------------- Done invoking toplevel() on ptolemy.moml.MoMLSimpleApplication@7d810b5b
reloadAllAccessors: .matrixType10

===========================================================================================
----------------- testing Sun May 26 04:24:42 UTC 2019 /home/travis/build/icyphy/ptII/ptolemy/actor/lib/test/auto/matrixType11.xml
----------------- Instantiating /home/travis/build/icyphy/ptII/ptolemy/actor/lib/test/auto/matrixType11.xml
1 ms. Memory: 1776128K Free: 1348638K (76%)
----------------- Invoking toplevel() on ptolemy.moml.MoMLSimpleApplication@4e86e285
----------------- Done invoking toplevel() on ptolemy.moml.MoMLSimpleApplication@4e86e285
reloadAllAccessors: .matrixType11

===========================================================================================
----------------- testing Sun May 26 04:24:42 UTC 2019 /home/travis/build/icyphy/ptII/ptolemy/actor/lib/test/auto/matrixType12.xml
----------------- Instantiating /home/travis/build/icyphy/ptII/ptolemy/actor/lib/test/auto/matrixType12.xml
2 ms. Memory: 1776128K Free: 1330726K (75%)
----------------- Invoking toplevel() on ptolemy.moml.MoMLSimpleApplication@1a6760a4
----------------- Done invoking toplevel() on ptolemy.moml.MoMLSimpleApplication@1a6760a4
reloadAllAccessors: .matrixType12

===========================================================================================
----------------- testing Sun May 26 04:24:42 UTC 2019 /home/travis/build/icyphy/ptII/ptolemy/actor/lib/test/auto/matrixType13.xml
----------------- Instantiating /home/travis/build/icyphy/ptII/ptolemy/actor/lib/test/auto/matrixType13.xml
1 ms. Memory: 1776128K Free: 1317463K (74%)
----------------- Invoking toplevel() on ptolemy.moml.MoMLSimpleApplication@6550a869
----------------- Done invoking toplevel() on ptolemy.moml.MoMLSimpleApplication@6550a869
reloadAllAccessors: .matrixType13

===========================================================================================
----------------- testing Sun May 26 04:24:42 UTC 2019 /home/travis/build/icyphy/ptII/ptolemy/actor/lib/test/auto/matrixType14.xml
----------------- Instantiating /home/travis/build/icyphy/ptII/ptolemy/actor/lib/test/auto/matrixType14.xml
1 ms. Memory: 1776128K Free: 1299551K (73%)
----------------- Invoking toplevel() on ptolemy.moml.MoMLSimpleApplication@16b947c
----------------- Done invoking toplevel() on ptolemy.moml.MoMLSimpleApplication@16b947c
reloadAllAccessors: .matrixType14

===========================================================================================
----------------- testing Sun May 26 04:24:42 UTC 2019 /home/travis/build/icyphy/ptII/ptolemy/actor/lib/test/auto/matrixType2.xml
----------------- Instantiating /home/travis/build/icyphy/ptII/ptolemy/actor/lib/test/auto/matrixType2.xml
1 ms. Memory: 1776128K Free: 1281639K (72%)
----------------- Invoking toplevel() on ptolemy.moml.MoMLSimpleApplication@408500f1
----------------- Done invoking toplevel() on ptolemy.moml.MoMLSimpleApplication@408500f1
reloadAllAccessors: .matrixType2

===========================================================================================
----------------- testing Sun May 26 04:24:42 UTC 2019 /home/travis/build/icyphy/ptII/ptolemy/actor/lib/test/auto/matrixType3.xml
----------------- Instantiating /home/travis/build/icyphy/ptII/ptolemy/actor/lib/test/auto/matrixType3.xml
4 ms. Memory: 1776128K Free: 1268376K (71%)
----------------- Invoking toplevel() on ptolemy.moml.MoMLSimpleApplication@48b4176c
----------------- Done invoking toplevel() on ptolemy.moml.MoMLSimpleApplication@48b4176c
reloadAllAccessors: .matrixType3

===========================================================================================
----------------- testing Sun May 26 04:24:42 UTC 2019 /home/travis/build/icyphy/ptII/ptolemy/actor/lib/test/auto/matrixType4.xml
----------------- Instantiating /home/travis/build/icyphy/ptII/ptolemy/actor/lib/test/auto/matrixType4.xml
2 ms. Memory: 1776128K Free: 1250464K (70%)
----------------- Invoking toplevel() on ptolemy.moml.MoMLSimpleApplication@6b3a2949
----------------- Done invoking toplevel() on ptolemy.moml.MoMLSimpleApplication@6b3a2949
reloadAllAccessors: .matrixType4

===========================================================================================
----------------- testing Sun May 26 04:24:42 UTC 2019 /home/travis/build/icyphy/ptII/ptolemy/actor/lib/test/auto/matrixType5.xml
----------------- Instantiating /home/travis/build/icyphy/ptII/ptolemy/actor/lib/test/auto/matrixType5.xml
1 ms. Memory: 1776128K Free: 1237201K (70%)
----------------- Invoking toplevel() on ptolemy.moml.MoMLSimpleApplication@47bb6531
----------------- Done invoking toplevel() on ptolemy.moml.MoMLSimpleApplication@47bb6531
reloadAllAccessors: .matrixType5

===========================================================================================
----------------- testing Sun May 26 04:24:42 UTC 2019 /home/travis/build/icyphy/ptII/ptolemy/actor/lib/test/auto/matrixType6.xml
----------------- Instantiating /home/travis/build/icyphy/ptII/ptolemy/actor/lib/test/auto/matrixType6.xml
2 ms. Memory: 1776128K Free: 1219288K (69%)
----------------- Invoking toplevel() on ptolemy.moml.MoMLSimpleApplication@d5ed216
----------------- Done invoking toplevel() on ptolemy.moml.MoMLSimpleApplication@d5ed216
reloadAllAccessors: .matrixType6

===========================================================================================
----------------- testing Sun May 26 04:24:42 UTC 2019 /home/travis/build/icyphy/ptII/ptolemy/actor/lib/test/auto/matrixType7.xml
----------------- Instantiating /home/travis/build/icyphy/ptII/ptolemy/actor/lib/test/auto/matrixType7.xml
2 ms. Memory: 1776128K Free: 1206026K (68%)
----------------- Invoking toplevel() on ptolemy.moml.MoMLSimpleApplication@518c56f
----------------- Done invoking toplevel() on ptolemy.moml.MoMLSimpleApplication@518c56f
reloadAllAccessors: .matrixType7

===========================================================================================
----------------- testing Sun May 26 04:24:42 UTC 2019 /home/travis/build/icyphy/ptII/ptolemy/actor/lib/test/auto/matrixType8.xml
----------------- Instantiating /home/travis/build/icyphy/ptII/ptolemy/actor/lib/test/auto/matrixType8.xml
1 ms. Memory: 1776128K Free: 1188113K (67%)
----------------- Invoking toplevel() on ptolemy.moml.MoMLSimpleApplication@7274b95f
----------------- Done invoking toplevel() on ptolemy.moml.MoMLSimpleApplication@7274b95f
reloadAllAccessors: .matrixType8

===========================================================================================
----------------- testing Sun May 26 04:24:42 UTC 2019 /home/travis/build/icyphy/ptII/ptolemy/actor/lib/test/auto/matrixType9.xml
----------------- Instantiating /home/travis/build/icyphy/ptII/ptolemy/actor/lib/test/auto/matrixType9.xml
2 ms. Memory: 1776128K Free: 1174850K (66%)
----------------- Invoking toplevel() on ptolemy.moml.MoMLSimpleApplication@df75cd7
----------------- Done invoking toplevel() on ptolemy.moml.MoMLSimpleApplication@df75cd7
reloadAllAccessors: .matrixType9

===========================================================================================
----------------- testing Sun May 26 04:24:42 UTC 2019 /home/travis/build/icyphy/ptII/ptolemy/actor/lib/test/auto/paraFunctest.xml
----------------- Instantiating /home/travis/build/icyphy/ptII/ptolemy/actor/lib/test/auto/paraFunctest.xml
1 ms. Memory: 1776128K Free: 1156938K (65%)
----------------- Invoking toplevel() on ptolemy.moml.MoMLSimpleApplication@2c983f29
----------------- Done invoking toplevel() on ptolemy.moml.MoMLSimpleApplication@2c983f29
reloadAllAccessors: .paraFunctest

===========================================================================================
----------------- testing Sun May 26 04:24:42 UTC 2019 /home/travis/build/icyphy/ptII/ptolemy/actor/lib/test/auto/paraFunctest2.xml
----------------- Instantiating /home/travis/build/icyphy/ptII/ptolemy/actor/lib/test/auto/paraFunctest2.xml
2 ms. Memory: 1776128K Free: 1139026K (64%)
----------------- Invoking toplevel() on ptolemy.moml.MoMLSimpleApplication@7f542372
----------------- Done invoking toplevel() on ptolemy.moml.MoMLSimpleApplication@7f542372
reloadAllAccessors: .paraFunctest2

===========================================================================================
----------------- testing Sun May 26 04:24:42 UTC 2019 /home/travis/build/icyphy/ptII/ptolemy/actor/lib/test/auto/parameterPassing.xml
----------------- Instantiating /home/travis/build/icyphy/ptII/ptolemy/actor/lib/test/auto/parameterPassing.xml
1 ms. Memory: 1776128K Free: 1125763K (63%)
----------------- Invoking toplevel() on ptolemy.moml.MoMLSimpleApplication@3307fa39
----------------- Done invoking toplevel() on ptolemy.moml.MoMLSimpleApplication@3307fa39
reloadAllAccessors: .parameterPassing

===========================================================================================
----------------- testing Sun May 26 04:24:42 UTC 2019 /home/travis/build/icyphy/ptII/ptolemy/actor/lib/test/auto/record.xml
----------------- Instantiating /home/travis/build/icyphy/ptII/ptolemy/actor/lib/test/auto/record.xml
2 ms. Memory: 1776128K Free: 1107851K (62%)
----------------- Invoking toplevel() on ptolemy.moml.MoMLSimpleApplication@315a5968
----------------- Done invoking toplevel() on ptolemy.moml.MoMLSimpleApplication@315a5968
reloadAllAccessors: .record

===========================================================================================
----------------- testing Sun May 26 04:24:42 UTC 2019 /home/travis/build/icyphy/ptII/ptolemy/actor/lib/test/auto/sizedarray1.xml
----------------- Instantiating /home/travis/build/icyphy/ptII/ptolemy/actor/lib/test/auto/sizedarray1.xml
1 ms. Memory: 1776128K Free: 1094588K (62%)
----------------- Invoking toplevel() on ptolemy.moml.MoMLSimpleApplication@8c84299
----------------- Done invoking toplevel() on ptolemy.moml.MoMLSimpleApplication@8c84299
reloadAllAccessors: .sizedarray1

===========================================================================================
----------------- testing Sun May 26 04:24:42 UTC 2019 /home/travis/build/icyphy/ptII/ptolemy/actor/lib/test/auto/sizedarray2.xml
----------------- Instantiating /home/travis/build/icyphy/ptII/ptolemy/actor/lib/test/auto/sizedarray2.xml
1 ms. Memory: 1776128K Free: 1076676K (61%)
----------------- Invoking toplevel() on ptolemy.moml.MoMLSimpleApplication@41beb7c1
----------------- Done invoking toplevel() on ptolemy.moml.MoMLSimpleApplication@41beb7c1
reloadAllAccessors: .sizedarray2

===========================================================================================
----------------- testing Sun May 26 04:24:42 UTC 2019 /home/travis/build/icyphy/ptII/ptolemy/actor/lib/test/auto/twoPublishers.xml
----------------- Instantiating /home/travis/build/icyphy/ptII/ptolemy/actor/lib/test/auto/twoPublishers.xml
2 ms. Memory: 1776128K Free: 1056765K (59%)
----------------- Invoking toplevel() on ptolemy.moml.MoMLSimpleApplication@74ae1dfd
----------------- Done invoking toplevel() on ptolemy.moml.MoMLSimpleApplication@74ae1dfd
reloadAllAccessors: .twoPublishers
AutoTests.java: About to close Vertx.
AutoTests.java: Vertx closed.
]]></system-out>
  <system-err><![CDATA[java.lang.RuntimeException: Execution failed
	at ptolemy.moml.MoMLSimpleApplication$UnloadThread.run(MoMLSimpleApplication.java:402)
Caused by: java.lang.RuntimeException: StringUtilities.exit() was called. Normally, we would exit here because Manager.exitAfterWrapup() was called.  However, because the ptolemy.ptII.exitAfterWrapup property is set, we throw this exception instead.
	at ptolemy.util.StringUtilities.exit(StringUtilities.java:363)
	at ptolemy.actor.Manager.wrapup(Manager.java:1531)
	at ptolemy.actor.Manager.execute(Manager.java:407)
	at ptolemy.actor.Manager.run(Manager.java:1263)
	at ptolemy.actor.Manager$PtolemyRunThread.run(Manager.java:1915)
Warning: '.top.test' is in training mode, set the trainingMode parameter to false before checking in
Warning: '.top.test' is in training mode, set the trainingMode parameter to false before checking in
Warning: '.top.test' is in training mode, set the trainingMode parameter to false before checking in
Warning: '.BooleanSwitch_RegressionTest_WrongTrainingValues.Test' is in training mode, set the trainingMode parameter to false before checking in
Warning: '.BooleanSwitch_RegressionTest_WrongTrainingValues.Test2' is in training mode, set the trainingMode parameter to false before checking in
Warning: '.BooleanSwitch_RegressionTest_WrongTrainingValues.Test2' The test produced 0 tokens.
Warning: '.top.testExceptionHandler' is in training mode, set the trainingMode parameter to false before checking in
java.lang.RuntimeException: Execution failed
	at ptolemy.moml.MoMLSimpleApplication$UnloadThread.run(MoMLSimpleApplication.java:402)
Caused by: ptolemy.kernel.util.IllegalActionException: PublisherPorts cannot be used at the top level, use a Publisher actor instead.
  in .PublisherPortToplevelSubscriber.PublisherPort
	at ptolemy.actor.PublisherPort.preinitialize(PublisherPort.java:403)
	at ptolemy.actor.CompositeActor.preinitialize(CompositeActor.java:1769)
	at ptolemy.actor.Manager.preinitializeAndResolveTypes(Manager.java:1040)
	at ptolemy.actor.Manager.initialize(Manager.java:710)
	at ptolemy.actor.Manager.execute(Manager.java:356)
	at ptolemy.actor.Manager.run(Manager.java:1263)
	at ptolemy.actor.Manager$PtolemyRunThread.run(Manager.java:1915)
java.lang.reflect.InvocationTargetException
	at sun.reflect.NativeConstructorAccessorImpl.newInstance0(Native Method)
	at sun.reflect.NativeConstructorAccessorImpl.newInstance(NativeConstructorAccessorImpl.java:62)
	at sun.reflect.DelegatingConstructorAccessorImpl.newInstance(DelegatingConstructorAccessorImpl.java:45)
	at java.lang.reflect.Constructor.newInstance(Constructor.java:423)
	at ptolemy.util.test.junit.AutoKnownFailedTests.RunModel(AutoKnownFailedTests.java:105)
	at sun.reflect.NativeMethodAccessorImpl.invoke0(Native Method)
	at sun.reflect.NativeMethodAccessorImpl.invoke(NativeMethodAccessorImpl.java:62)
	at sun.reflect.DelegatingMethodAccessorImpl.invoke(DelegatingMethodAccessorImpl.java:43)
	at java.lang.reflect.Method.invoke(Method.java:498)
	at org.junit.runners.model.FrameworkMethod$1.runReflectiveCall(FrameworkMethod.java:44)
	at org.junit.internal.runners.model.ReflectiveCallable.run(ReflectiveCallable.java:15)
	at org.junit.runners.model.FrameworkMethod.invokeExplosively(FrameworkMethod.java:41)
	at junitparams.internal.InvokeParameterisedMethod.evaluate(InvokeParameterisedMethod.java:102)
	at org.junit.internal.runners.statements.FailOnTimeout$1.run(FailOnTimeout.java:28)
Caused by: ptolemy.kernel.util.IllegalActionException: PublisherPorts cannot be used at the top level, use a Publisher actor instead.
  in .PublisherPortToplevelSubscriber.PublisherPort
	at ptolemy.actor.PublisherPort.preinitialize(PublisherPort.java:403)
	at ptolemy.actor.CompositeActor.preinitialize(CompositeActor.java:1769)
	at ptolemy.actor.Manager.preinitializeAndResolveTypes(Manager.java:1040)
	at ptolemy.actor.Manager.initialize(Manager.java:710)
	at ptolemy.actor.Manager.execute(Manager.java:356)
	at ptolemy.actor.Manager.run(Manager.java:1263)
	at ptolemy.actor.Manager$PtolemyRunThread.run(Manager.java:1915)
java.lang.RuntimeException: Execution failed
	at ptolemy.moml.MoMLSimpleApplication$UnloadThread.run(MoMLSimpleApplication.java:402)
Caused by: ptolemy.kernel.util.IllegalActionException: SubscriberPorts cannot be used at the top level, use a Subscriber actor instead.
  in .PublisherSubscriberPortToplevel.SubscriberPort
	at ptolemy.actor.SubscriberPort.preinitialize(SubscriberPort.java:328)
	at ptolemy.actor.CompositeActor.preinitialize(CompositeActor.java:1769)
	at ptolemy.actor.Manager.preinitializeAndResolveTypes(Manager.java:1040)
	at ptolemy.actor.Manager.initialize(Manager.java:710)
	at ptolemy.actor.Manager.execute(Manager.java:356)
	at ptolemy.actor.Manager.run(Manager.java:1263)
	at ptolemy.actor.Manager$PtolemyRunThread.run(Manager.java:1915)
java.lang.reflect.InvocationTargetException
	at sun.reflect.NativeConstructorAccessorImpl.newInstance0(Native Method)
	at sun.reflect.NativeConstructorAccessorImpl.newInstance(NativeConstructorAccessorImpl.java:62)
	at sun.reflect.DelegatingConstructorAccessorImpl.newInstance(DelegatingConstructorAccessorImpl.java:45)
	at java.lang.reflect.Constructor.newInstance(Constructor.java:423)
	at ptolemy.util.test.junit.AutoKnownFailedTests.RunModel(AutoKnownFailedTests.java:105)
	at sun.reflect.NativeMethodAccessorImpl.invoke0(Native Method)
	at sun.reflect.NativeMethodAccessorImpl.invoke(NativeMethodAccessorImpl.java:62)
	at sun.reflect.DelegatingMethodAccessorImpl.invoke(DelegatingMethodAccessorImpl.java:43)
	at java.lang.reflect.Method.invoke(Method.java:498)
	at org.junit.runners.model.FrameworkMethod$1.runReflectiveCall(FrameworkMethod.java:44)
	at org.junit.internal.runners.model.ReflectiveCallable.run(ReflectiveCallable.java:15)
	at org.junit.runners.model.FrameworkMethod.invokeExplosively(FrameworkMethod.java:41)
	at junitparams.internal.InvokeParameterisedMethod.evaluate(InvokeParameterisedMethod.java:102)
	at org.junit.internal.runners.statements.FailOnTimeout$1.run(FailOnTimeout.java:28)
Caused by: ptolemy.kernel.util.IllegalActionException: SubscriberPorts cannot be used at the top level, use a Subscriber actor instead.
  in .PublisherSubscriberPortToplevel.SubscriberPort
	at ptolemy.actor.SubscriberPort.preinitialize(SubscriberPort.java:328)
	at ptolemy.actor.CompositeActor.preinitialize(CompositeActor.java:1769)
	at ptolemy.actor.Manager.preinitializeAndResolveTypes(Manager.java:1040)
	at ptolemy.actor.Manager.initialize(Manager.java:710)
	at ptolemy.actor.Manager.execute(Manager.java:356)
	at ptolemy.actor.Manager.run(Manager.java:1263)
	at ptolemy.actor.Manager$PtolemyRunThread.run(Manager.java:1915)
java.lang.RuntimeException: Execution failed
	at ptolemy.moml.MoMLSimpleApplication$UnloadThread.run(MoMLSimpleApplication.java:402)
Caused by: ptolemy.kernel.util.IllegalActionException: SubscriptionAggregatorPorts cannot be used at the top level, use a SubscriptionAggregator actor instead.
  in .PublisherSubscriptionAggregatorPort.SubscriptionAggregatorPort
	at ptolemy.actor.SubscriptionAggregatorPort.preinitialize(SubscriptionAggregatorPort.java:353)
	at ptolemy.actor.CompositeActor.preinitialize(CompositeActor.java:1769)
	at ptolemy.actor.Manager.preinitializeAndResolveTypes(Manager.java:1040)
	at ptolemy.actor.Manager.initialize(Manager.java:710)
	at ptolemy.actor.Manager.execute(Manager.java:356)
	at ptolemy.actor.Manager.run(Manager.java:1263)
	at ptolemy.actor.Manager$PtolemyRunThread.run(Manager.java:1915)
java.lang.reflect.InvocationTargetException
	at sun.reflect.NativeConstructorAccessorImpl.newInstance0(Native Method)
	at sun.reflect.NativeConstructorAccessorImpl.newInstance(NativeConstructorAccessorImpl.java:62)
	at sun.reflect.DelegatingConstructorAccessorImpl.newInstance(DelegatingConstructorAccessorImpl.java:45)
	at java.lang.reflect.Constructor.newInstance(Constructor.java:423)
	at ptolemy.util.test.junit.AutoKnownFailedTests.RunModel(AutoKnownFailedTests.java:105)
	at sun.reflect.NativeMethodAccessorImpl.invoke0(Native Method)
	at sun.reflect.NativeMethodAccessorImpl.invoke(NativeMethodAccessorImpl.java:62)
	at sun.reflect.DelegatingMethodAccessorImpl.invoke(DelegatingMethodAccessorImpl.java:43)
	at java.lang.reflect.Method.invoke(Method.java:498)
	at org.junit.runners.model.FrameworkMethod$1.runReflectiveCall(FrameworkMethod.java:44)
	at org.junit.internal.runners.model.ReflectiveCallable.run(ReflectiveCallable.java:15)
	at org.junit.runners.model.FrameworkMethod.invokeExplosively(FrameworkMethod.java:41)
	at junitparams.internal.InvokeParameterisedMethod.evaluate(InvokeParameterisedMethod.java:102)
	at org.junit.internal.runners.statements.FailOnTimeout$1.run(FailOnTimeout.java:28)
Caused by: ptolemy.kernel.util.IllegalActionException: SubscriptionAggregatorPorts cannot be used at the top level, use a SubscriptionAggregator actor instead.
  in .PublisherSubscriptionAggregatorPort.SubscriptionAggregatorPort
	at ptolemy.actor.SubscriptionAggregatorPort.preinitialize(SubscriptionAggregatorPort.java:353)
	at ptolemy.actor.CompositeActor.preinitialize(CompositeActor.java:1769)
	at ptolemy.actor.Manager.preinitializeAndResolveTypes(Manager.java:1040)
	at ptolemy.actor.Manager.initialize(Manager.java:710)
	at ptolemy.actor.Manager.execute(Manager.java:356)
	at ptolemy.actor.Manager.run(Manager.java:1263)
	at ptolemy.actor.Manager$PtolemyRunThread.run(Manager.java:1915)
java.lang.RuntimeException: Execution failed
	at ptolemy.moml.MoMLSimpleApplication$UnloadThread.run(MoMLSimpleApplication.java:402)
Caused by: ptolemy.kernel.util.IllegalActionException: TypeTest actor has no training data.
  in .sizedarray3.TypeTest
	at ptolemy.actor.lib.TypeTest.initialize(TypeTest.java:250)
	at ptolemy.actor.Director.initialize(Director.java:938)
	at ptolemy.actor.Director.initialize(Director.java:907)
	at ptolemy.actor.sched.StaticSchedulingDirector.initialize(StaticSchedulingDirector.java:159)
	at ptolemy.domains.sdf.kernel.SDFDirector.initialize(SDFDirector.java:544)
	at ptolemy.actor.CompositeActor.initialize(CompositeActor.java:935)
	at ptolemy.actor.Manager.initialize(Manager.java:724)
	at ptolemy.actor.Manager.execute(Manager.java:356)
	at ptolemy.actor.Manager.run(Manager.java:1263)
	at ptolemy.actor.Manager$PtolemyRunThread.run(Manager.java:1915)
java.lang.reflect.InvocationTargetException
	at sun.reflect.NativeConstructorAccessorImpl.newInstance0(Native Method)
	at sun.reflect.NativeConstructorAccessorImpl.newInstance(NativeConstructorAccessorImpl.java:62)
	at sun.reflect.DelegatingConstructorAccessorImpl.newInstance(DelegatingConstructorAccessorImpl.java:45)
	at java.lang.reflect.Constructor.newInstance(Constructor.java:423)
	at ptolemy.util.test.junit.AutoKnownFailedTests.RunModel(AutoKnownFailedTests.java:105)
	at sun.reflect.NativeMethodAccessorImpl.invoke0(Native Method)
	at sun.reflect.NativeMethodAccessorImpl.invoke(NativeMethodAccessorImpl.java:62)
	at sun.reflect.DelegatingMethodAccessorImpl.invoke(DelegatingMethodAccessorImpl.java:43)
	at java.lang.reflect.Method.invoke(Method.java:498)
	at org.junit.runners.model.FrameworkMethod$1.runReflectiveCall(FrameworkMethod.java:44)
	at org.junit.internal.runners.model.ReflectiveCallable.run(ReflectiveCallable.java:15)
	at org.junit.runners.model.FrameworkMethod.invokeExplosively(FrameworkMethod.java:41)
	at junitparams.internal.InvokeParameterisedMethod.evaluate(InvokeParameterisedMethod.java:102)
	at org.junit.internal.runners.statements.FailOnTimeout$1.run(FailOnTimeout.java:28)
Caused by: ptolemy.kernel.util.IllegalActionException: TypeTest actor has no training data.
  in .sizedarray3.TypeTest
	at ptolemy.actor.lib.TypeTest.initialize(TypeTest.java:250)
	at ptolemy.actor.Director.initialize(Director.java:938)
	at ptolemy.actor.Director.initialize(Director.java:907)
	at ptolemy.actor.sched.StaticSchedulingDirector.initialize(StaticSchedulingDirector.java:159)
	at ptolemy.domains.sdf.kernel.SDFDirector.initialize(SDFDirector.java:544)
	at ptolemy.actor.CompositeActor.initialize(CompositeActor.java:935)
	at ptolemy.actor.Manager.initialize(Manager.java:724)
	at ptolemy.actor.Manager.execute(Manager.java:356)
	at ptolemy.actor.Manager.run(Manager.java:1263)
	at ptolemy.actor.Manager$PtolemyRunThread.run(Manager.java:1915)
]]></system-err>
</testsuite>
