<?xml version="1.0" encoding="UTF-8" ?>
<testsuite errors="0" failures="0" hostname="travis-job-791b6d15-2d1c-41ce-9ef2-fca7163d911f" name="ptolemy.actor.lib.test.junit.JUnitTclTest" skipped="0" tests="517" time="63.753" timestamp="2020-02-25T07:10:24">
  <properties>
    <property name="npm.executable" value="npm" />
    <property name="env.TRAVIS_ROOT" value="/" />
    <property name="ptII.mk.exists" value="true" />
    <property name="env.TRAVIS_APP_HOST" value="build.travis-ci.org" />
    <property name="env.rvm_bin_path" value="/home/travis/.rvm/bin" />
    <property name="java.home" value="/usr/local/lib/jvm/openjdk11" />
    <property name="env.TRAVIS_JOB_NUMBER" value="1531.8" />
    <property name="env.TRAVIS_HOME" value="/home/travis" />
    <property name="env.DISPLAY" value=":99.0" />
    <property name="env.TRAVIS_INIT" value="systemd" />
    <property name="env.SSH_TTY" value="/dev/pts/0" />
    <property name="java.net.preferIPv4Stack" value="true" />
    <property name="env.RUN_TESTS" value="true" />
    <property name="timeout.short" value="1000000" />
    <property name="junit.formatter" value="xml" />
    <property name="env.TRAVIS_SUDO" value="true" />
    <property name="env.TRAVIS_JOB_NAME" value="" />
    <property name="env.TRAVIS_STACK_NODE_ATTRIBUTES" value="/.node-attributes.yml" />
    <property name="env.LOGNAME" value="travis" />
    <property name="env.PT_TRAVIS_TEST_CORE1_XML" value="true" />
    <property name="jsdoc.home" value="node_modules/@terraswarm/jsdoc" />
    <property name="debuglevel" value="source,lines,vars" />
    <property name="checkstyle.formatter" value="xml" />
    <property name="env._system_version" value="16.04" />
    <property name="bin.vergil.makeable" value="true" />
    <property name="sun.os.patch.level" value="unknown" />
    <property name="java.vendor.url" value="http://java.oracle.com/" />
    <property name="env.TRAVIS_BUILD_WEB_URL" value="https://travis-ci.org/icyphy/ptII/builds/654756681" />
    <property name="java.version" value="11.0.2" />
    <property name="env.TZ" value="UTC" />
    <property name="env.TRAVIS_PULL_REQUEST_SHA" value="" />
    <property name="env.PT_NO_NET" value="true" />
    <property name="env.TRAVIS_SECURE_ENV_VARS" value="true" />
    <property name="env._system_type" value="Linux" />
    <property name="java.vendor.url.bug" value="http://bugreport.java.com/bugreport/" />
    <property name="npmjs-org-is-up" value="true" />
    <property name="env.LANGUAGE" value="en_US.UTF-8" />
    <property name="env.SSH_CLIENT" value="10.44.2.62 47632 22" />
    <property name="env.GEM_HOME" value="/home/travis/.rvm/gems/ruby-2.5.3" />
    <property name="env.HAS_ANTARES_THREE_LITTLE_FRONZIES_BADGE" value="true" />
    <property name="java.version.date" value="2019-01-15" />
    <property name="env.PS4" value="+" />
    <property name="ant.project.invoked-targets" value="build,test.core1.xml" />
    <property name="env.TRAVIS_PULL_REQUEST_BRANCH" value="" />
    <property name="env.TRAVIS_REPO_SLUG" value="icyphy/ptII" />
    <property name="env.XDG_DATA_DIRS" value="/usr/local/share:/usr/share:/var/lib/snapd/desktop" />
    <property name="jdk.debug" value="release" />
    <property name="env.TRAVIS_APT_PROXY" value="http://build-cache.travisci.net" />
    <property name="env.TRAVIS_CPU_ARCH" value="amd64" />
    <property name="node.in.path" value="true" />
    <property name="user.name" value="travis" />
    <property name="java.maxmemory" value="1400m" />
    <property name="env.RUBY_VERSION" value="ruby-2.5.3" />
    <property name="env.LANG" value="en_US.UTF-8" />
    <property name="sun.io.unicode.encoding" value="UnicodeLittle" />
    <property name="sun.jnu.encoding" value="UTF-8" />
    <property name="java.runtime.name" value="OpenJDK Runtime Environment" />
    <property name="usefile" value="false" />
    <property name="return.code" value="0" />
    <property name="junit.single.formatter" value="plain" />
    <property name="env.DYLD_LIBRARY_PATH" value="/home/travis/pthla/certi-tools/lib:" />
    <property name="env.DEBIAN_FRONTEND" value="noninteractive" />
    <property name="env.SSH_CONNECTION" value="10.44.2.62 47632 10.20.1.18 22" />
    <property name="env.MYSQL_UNIX_PORT" value="/var/run/mysqld/mysqld.sock" />
    <property name="env.LC_ALL" value="en_US.UTF-8" />
    <property name="env.TRAVIS_ALLOW_FAILURE" value="false" />
    <property name="env.TRAVIS_JOB_WEB_URL" value="https://travis-ci.org/icyphy/ptII/jobs/654756689" />
    <property name="java.specification.name" value="Java Platform API Specification" />
    <property name="node.works" value="true" />
    <property name="user.timezone" value="" />
    <property name="path.separator" value=":" />
    <property name="env.TRAVIS_ENABLE_INFRA_DETECTION" value="true" />
    <property name="env.PYTHON_CFLAGS" value="-g -fstack-protector --param=ssp-buffer-size=4 -Wformat -Werror=format-security" />
    <property name="timeout.long" value="4000000" />
    <property name="env.CERTI_HOME" value="/home/travis/pthla/certi-tools" />
    <property name="ant.file.ptII" value="/home/travis/build/icyphy/ptII/build.xml" />
    <property name="javadoc.packagenames" value="com.*,diva.*,lbnl.*,org.hlacerti.*,org.json.*,org.ptolemy.*,org.terraswarm.*,ptolemy.*,ptserver.*" />
    <property name="file.encoding" value="UTF-8" />
    <property name="env.TRAVIS_PULL_REQUEST_SLUG" value="" />
    <property name="ant.project.default-target" value="build" />
    <property name="env.GIT_ASKPASS" value="echo" />
    <property name="env.HOME" value="/home/travis" />
    <property name="sun.java.command" value="org.apache.tools.ant.taskdefs.optional.junit.JUnitTestRunner ptolemy.actor.lib.test.junit.JUnitTclTest skipNonTests=false filtertrace=true haltOnError=false haltOnFailure=false formatter=org.apache.tools.ant.taskdefs.optional.junit.OutErrSummaryJUnitResultFormatter showoutput=true outputtoformatters=true logfailedtests=true threadid=0 logtestlistenerevents=false formatter=org.apache.tools.ant.taskdefs.optional.junit.XMLJUnitResultFormatter,/home/travis/build/icyphy/ptII/reports/junit/TEST-ptolemy.actor.lib.test.junit.JUnitTclTest.xml crashfile=/home/travis/build/icyphy/ptII/junitvmwatcher15753167490042420993.properties propsfile=/home/travis/build/icyphy/ptII/junit9960789484472503637.properties" />
    <property name="env.COMPOSER_NO_INTERACTION" value="1" />
    <property name="env.MANPATH" value="/home/travis/.nvm/versions/node/v7.10.1/share/man:/home/travis/.rvm/rubies/ruby-2.5.3/share/man:/usr/local/cmake-3.12.4/man:/usr/local/clang-7.0.0/share/man:/usr/local/man:/usr/local/share/man:/usr/share/man:/home/travis/.rvm/man" />
    <property name="env.TRAVIS_TIMER_ID" value="0ef4d884" />
    <property name="ant.file" value="/home/travis/build/icyphy/ptII/build.xml" />
    <property name="env.TRAVIS_COMMIT_RANGE" value="198d5e5614c59c3dad3ed2ffb3f8747ec78cc1c8...0d150754160b99997a547e4ab8141b89e365e186" />
    <property name="env._system_name" value="Ubuntu" />
    <property name="ptII.classpath.optional.property" value="/home/travis/build/icyphy/ptII/lib/bsh-2.0b4.jar:/home/travis/build/icyphy/ptII/lib/ptCal.jar:/home/travis/build/icyphy/ptII/lib/java_cup.jar:/home/travis/build/icyphy/ptII/lib/saxon8.jar:/home/travis/build/icyphy/ptII/lib/saxon8-dom.jar:/home/travis/build/icyphy/ptII/lib/chic.jar:/home/travis/build/icyphy/ptII/lib/ptcolt.jar:/home/travis/build/icyphy/ptII/vendors/misc/itext/iText.jar:/home/travis/build/icyphy/ptII/lib/g4ltl.jar:/home/travis/build/icyphy/ptII/lib/StructuralCoder.jar:/home/travis/build/icyphy/ptII/lib/jcerti.jar:/home/travis/build/icyphy/ptII/lib/javax.mail.jar:/home/travis/build/icyphy/ptII/vendors/JMF-2.1.1e/lib/jmf.jar:/home/travis/build/icyphy/ptII/lib/jna-4.0.0-variadic.jar:/home/travis/build/icyphy/ptII/vendors/misc/joystick/Joystick.jar:/home/travis/build/icyphy/ptII/lib/ptjacl.jar:/home/travis/build/icyphy/ptII/lib/jsoup-1.8.2.jar:/home/travis/build/icyphy/ptII/lib/junit-4.8.2.jar:/home/travis/build/icyphy/ptII/lib/JUnitParams-0.4.0.jar:/home/travis/build/icyphy/ptII/ptolemy/actor/lib/excel/jxl.jar:/home/travis/build/icyphy/ptII/lib/jython.jar:/home/travis/build/icyphy/ptII/lib/kieler.jar:/home/travis/build/icyphy/ptII/vendors/opencv/share/OpenCV/java/opencv-341.jar:/home/travis/build/icyphy/ptII/lib/oscP5.jar:/home/travis/build/icyphy/ptII/lib/nrjavaserial-3.11.0.devel.jar:/home/travis/build/icyphy/ptII/vendors/j3d/lib/Linux/j3dcore.jar:/home/travis/build/icyphy/ptII/vendors/j3d/lib/Linux/j3dutils.jar:/home/travis/build/icyphy/ptII/vendors/j3d/lib/Linux/vecmath.jar:/home/travis/build/icyphy/ptII/vendors/jogl/lib/Linux/gluegen-rt-natives-linux-amd64.jar:/home/travis/build/icyphy/ptII/vendors/jogl/lib/Linux/gluegen-rt.jar:/home/travis/build/icyphy/ptII/vendors/jogl/lib/Linux/jogl-all-natives-linux-amd64.jar:/home/travis/build/icyphy/ptII/vendors/jogl/lib/Linux/jogl-all.jar:/home/travis/build/icyphy/ptII/ptolemy/distributed/jini/jar/jini-core.jar:/home/travis/build/icyphy/ptII/ptolemy/distributed/jini/jar/jini-ext.jar:/home/travis/build/icyphy/ptII/ptolemy/distributed/jini/jar/sun-util.jar:/home/travis/build/icyphy/ptII/lib/protobuf-java-2.4.1.jar:/home/travis/build/icyphy/ptII/lib/org.eclipse.paho.client.mqttv3.jar:/home/travis/build/icyphy/ptII/lib/mapss.jar:/home/travis/build/icyphy/ptII/ptolemy/actor/ptalon/antlr/antlr.jar:/home/travis/build/icyphy/ptII/lib/JRI.jar:/home/travis/build/icyphy/ptII/lib/commons-lang-2.6.jar:/home/travis/build/icyphy/ptII/lib/commons-logging-1.1.1.jar:/home/travis/build/icyphy/ptII/lib/sootclasses.jar:/home/travis/build/icyphy/ptII/ptolemy/actor/lib/database/mysql-connector-java-5.1.6-bin.jar:/home/travis/build/icyphy/ptII/vendors/misc/sphinx4/sphinx4-data-5prealpha.jar:/home/travis/build/icyphy/ptII/vendors/misc/sphinx4/sphinx4-core-5prealpha.jar:/home/travis/build/icyphy/ptII/lib/PDFRenderer.jar:/home/travis/build/icyphy/ptII/lib/svgSalamander.jar:/home/travis/build/icyphy/ptII/lib/rsyntaxtextarea-2.6.0-SNAPSHOT.jar:/home/travis/build/icyphy/ptII/lib/hazelcast-3.8.2.jar:/home/travis/build/icyphy/ptII/lib/jackson-annotations-2.9.0.jar:/home/travis/build/icyphy/ptII/lib/jackson-core-2.9.3.jar:/home/travis/build/icyphy/ptII/lib/jackson-databind-2.9.3.jar:/home/travis/build/icyphy/ptII/lib/netty-buffer-4.1.19.Final.jar:/home/travis/build/icyphy/ptII/lib/netty-codec-4.1.19.Final.jar:/home/travis/build/icyphy/ptII/lib/netty-codec-dns-4.1.19.Final.jar:/home/travis/build/icyphy/ptII/lib/netty-codec-http-4.1.19.Final.jar:/home/travis/build/icyphy/ptII/lib/netty-codec-http2-4.1.19.Final.jar:/home/travis/build/icyphy/ptII/lib/netty-common-4.1.19.Final.jar:/home/travis/build/icyphy/ptII/lib/netty-handler-4.1.19.Final.jar:/home/travis/build/icyphy/ptII/lib/netty-resolver-4.1.19.Final.jar:/home/travis/build/icyphy/ptII/lib/netty-resolver-dns-4.1.19.Final.jar:/home/travis/build/icyphy/ptII/lib/netty-transport-4.1.19.Final.jar:/home/travis/build/icyphy/ptII/lib/vertx-codegen-3.5.1.jar:/home/travis/build/icyphy/ptII/lib/vertx-core-3.5.2-SNAPSHOT.jar:/home/travis/build/icyphy/ptII/lib/vertx-hazelcast-3.5.1.jar:/home/travis/build/icyphy/ptII/lib/vertx-lang-js-3.5.1.jar:/home/travis/build/icyphy/ptII/lib/vertx-service-proxy-3.5.1.jar:/home/travis/build/icyphy/ptII/lib/vertx-web-3.5.1.jar:/home/travis/build/icyphy/ptII/lib/slf4j-api-1.7.13.jar:/home/travis/build/icyphy/ptII/lib/slf4j-simple-1.7.13.jar:/home/travis/build/icyphy/ptII/lib/webcam-capture-0.3.12.jar:/home/travis/build/icyphy/ptII/lib/bridj-0.7.0.jar:/home/travis/build/icyphy/ptII/lib/xbjlib-1.1.0.nrjavaserial.jar" />
    <property name="timeout" value="2400000" />
    <property name="test.batch" value="**/junit/*.java" />
    <property name="env._" value="/usr/bin/timeout" />
    <property name="java.io.tmpdir" value="/tmp" />
    <property name="user.language" value="en" />
    <property name="env.TRAVIS_INTERNAL_RUBY_REGEX" value="^ruby-(2\.[0-4]\.[0-9]|1\.9\.3)" />
    <property name="env.HISTCONTROL" value="ignoredups:ignorespace" />
    <property name="env.GOROOT" value="/home/travis/.gimme/versions/go1.11.1.linux.amd64" />
    <property name="line.separator" value="&#xa;" />
    <property name="target" value="11" />
    <property name="env.TRAVIS_BUILD_DIR" value="/home/travis/build/icyphy/ptII" />
    <property name="env.ANT_OPTS" value="-Xmx2048m" />
    <property name="ant.file.type" value="file" />
    <property name="ptolemy.ptII.batchMode" value="true" />
    <property name="env.HISTSIZE" value="1000" />
    <property name="env.MERB_ENV" value="test" />
    <property name="java.vm.info" value="mixed mode" />
    <property name="source" value="11" />
    <property name="java.vm.specification.name" value="Java Virtual Machine Specification" />
    <property name="env.TRAVIS_TEST_RESULT" value="0" />
    <property name="jsdoc.command" value="node_modules/@terraswarm/jsdoc/jsdoc.js" />
    <property name="npm.works" value="true" />
    <property name="cobertura.dir" value="/home/travis/build/icyphy/ptII/vendors/cobertura-2.0.3" />
    <property name="jsdoc.command.exists" value="true" />
    <property name="env.rvm_path" value="/home/travis/.rvm" />
    <property name="env.GEM_PATH" value="/home/travis/.rvm/gems/ruby-2.5.3:/home/travis/.rvm/gems/ruby-2.5.3@global" />
    <property name="env.LC_CTYPE" value="en_US.UTF-8" />
    <property name="env.TRAVIS_CMD" value="$PTII/bin/ptIITravisBuild.sh $SECONDS" />
    <property name="java.awt.printerjob" value="sun.print.PSPrinterJob" />
    <property name="env.TRAVIS_STACK_NAME" value="sardonyx" />
    <property name="env.TRAVIS_TIMER_START_TIME" value="1582613950056168415" />
    <property name="ant.version" value="Apache Ant(TM) version 1.10.1 compiled on February 2 2017" />
    <property name="ptII.reports" value="/home/travis/build/icyphy/ptII/reports" />
    <property name="env.TRAVIS_STACK_TIMESTAMP" value="2019-03-25 16:16:56 UTC" />
    <property name="ant.file.type.ptII" value="file" />
    <property name="env.RBENV_SHELL" value="bash" />
    <property name="os.name" value="Linux" />
    <property name="java.specification.vendor" value="Oracle Corporation" />
    <property name="env.rvm_version" value="1.29.7 (latest)" />
    <property name="env.TRAVIS_INFRA" value="unknown" />
    <property name="env.TERM" value="xterm" />
    <property name="java.vm.name" value="OpenJDK 64-Bit Server VM" />
    <property name="env.TRAVIS_BUILD_NUMBER" value="1531" />
    <property name="env.CI" value="true" />
    <property name="java.library.path" value="/home/travis/pthla/certi-tools/lib:/usr/lib/jni:/usr/local/share/OpenCV/java/:/usr/share/OpenCV/java::/usr/java/packages/lib:/usr/lib64:/lib64:/lib:/usr/lib" />
    <property name="jdk.module.path" value="/home/travis/build/icyphy/ptII/vendors/javafx/javafx-sdk-11.0.2/lib:" />
    <property name="env.rvm_prefix" value="/home/travis" />
    <property name="env.PATH" value="/home/travis/pthla/certi-tools/share/scripts:/home/travis/.rvm/gems/ruby-2.5.3/bin:/home/travis/.rvm/gems/ruby-2.5.3@global/bin:/home/travis/.rvm/rubies/ruby-2.5.3/bin:/home/travis/.rvm/bin:/home/travis/.nvm/versions/node/v7.10.1/bin:./node_modules/.bin:/home/travis/build/icyphy/ptII/bin:/home/travis/pthla/certi-tools/bin:/home/travis/bin:/home/travis/.local/bin:/usr/local/lib/jvm/openjdk11/bin:/opt/pyenv/shims:/home/travis/.phpenv/shims:/home/travis/perl5/perlbrew/bin:/home/travis/gopath/bin:/home/travis/.gimme/versions/go1.11.1.linux.amd64/bin:/usr/local/maven-3.6.0/bin:/usr/local/cmake-3.12.4/bin:/usr/local/clang-7.0.0/bin:/usr/local/sbin:/usr/local/bin:/usr/sbin:/usr/bin:/sbin:/bin:/snap/bin:/home/travis/.phpenv/bin:/opt/pyenv/bin:/home/travis/.yarn/bin" />
    <property name="env.TRAVIS_OS_NAME" value="linux" />
    <property name="ant.java.version" value="9" />
    <property name="basedir" value="/home/travis/build/icyphy/ptII" />
    <property name="java.class.version" value="55.0" />
    <property name="env.SHLVL" value="3" />
    <property name="env.LD_LIBRARY_PATH" value="/home/travis/pthla/certi-tools/lib:/usr/lib/jni:/usr/local/share/OpenCV/java/:/usr/share/OpenCV/java:" />
    <property name="env.RACK_ENV" value="test" />
    <property name="ant.home" value="/home/travis/build/icyphy/ptII/ant" />
    <property name="env.NVM_DIR" value="/home/travis/.nvm" />
    <property name="env.CERTI_FOM_PATH" value="/home/travis/pthla/certi-tools/share/federations" />
    <property name="env.TRAVIS_BUILD_ID" value="654756681" />
    <property name="env.PYENV_ROOT" value="/opt/pyenv" />
    <property name="env.TRAVIS_UID" value="2000" />
    <property name="prism.verbose" value="true" />
    <property name="env.NVM_BIN" value="/home/travis/.nvm/versions/node/v7.10.1/bin" />
    <property name="env.TRAVIS_COMMIT" value="0d150754160b99997a547e4ab8141b89e365e186" />
    <property name="env._system_arch" value="x86_64" />
    <property name="node.executable" value="node" />
    <property name="sun.boot.library.path" value="/usr/local/lib/jvm/openjdk11/lib" />
    <property name="sun.management.compiler" value="HotSpot 64-Bit Tiered Compilers" />
    <property name="java.awt.graphicsenv" value="sun.awt.X11GraphicsEnvironment" />
    <property name="env.GOPATH" value="/home/travis/gopath" />
    <property name="ptolemy.ptII.dir" value="/home/travis/build/icyphy/ptII" />
    <property name="env.USER" value="travis" />
    <property name="env.HISTFILESIZE" value="2000" />
    <property name="timeout.longest" value="19000000" />
    <property name="env.PERLBREW_SHELLRC_VERSION" value="0.86" />
    <property name="env.TRAVIS_STACK_FEATURES" value="basic couchdb disabled-ipv6 docker docker-compose elasticsearch firefox go-toolchain google-chrome jdk memcached mongodb mysql nodejs_interpreter perl_interpreter perlbrew phantomjs postgresql python_interpreter redis ruby_interpreter sqlite xserver" />
    <property name="env.TRAVIS_PULL_REQUEST" value="false" />
    <property name="env.PYENV_SHELL" value="bash" />
    <property name="ant.project.name" value="ptII" />
    <property name="env.ANSI_RESET" value="\033[0m" />
    <property name="java.vm.specification.version" value="11" />
    <property name="env.TRAVIS_DIST" value="xenial" />
    <property name="env.CERTI_VERSION" value="4.0.0" />
    <property name="env.CERTI_HOST" value="localhost" />
    <property name="awt.toolkit" value="sun.awt.X11.XToolkit" />
    <property name="env.MY_RUBY_HOME" value="/home/travis/.rvm/rubies/ruby-2.5.3" />
    <property name="sun.cpu.isalist" value="" />
    <property name="env.TRAVIS_TMPDIR" value="/tmp/tmp.L6vbb35zaa" />
    <property name="java.vm.compressedOopsMode" value="Zero based" />
    <property name="os.version" value="4.15.0-1028-gcp" />
    <property name="user.home" value="/home/travis" />
    <property name="java.vm.vendor" value="Oracle Corporation" />
    <property name="env.TRAVIS_TAG" value="nightly" />
    <property name="env.ANSI_YELLOW" value="\033[33;1m" />
    <property name="env.TRAVIS_FILTERED" value="redirect_io" />
    <property name="env.ANSI_GREEN" value="\033[32;1m" />
    <property name="env.JAVA_HOME" value="/usr/local/lib/jvm/openjdk11" />
    <property name="javadoc.excludepackagenames" value="adm.cvs2svn.*,build.*,config.*,doc.coding.templates.*,jni.test.jni.meaningOfLife.*,jni.test.jni.testDeux.*,jni.test.jni.testTrois.*,org.terraswarm.accessor.accessors.web.node_modules.*,org.terraswarm.accessor.accessors.web.hosts.cordova.demo.*,org.terraswarm.accessor.accessors.web.hosts.cordova.plugins.*,org.terraswarm.accessor.accessors-svn.*,pt-modules.*,ptolemy.apps.agilent.*,ptolemy.apps.anytimecontrol.*,ptolemy.apps.apes.*,ptolemy.apps.charon.*,ptolemy.apps.crazyboard.*,ptolemy.apps.eclipse.*,ptolemy.apps.etherealSting.*,ptolemy.apps.fullscreen.*,ptolemy.apps.giotto.*,ptolemy.apps.ia.*,ptolemy.apps.interfaces.*,ptolemy.apps.jmf.*,ptolemy.apps.kurt.*,ptolemy.apps.kvm.*,ptolemy.apps.lego.*,ptolemy.apps.lejos.*,ptolemy.apps.midp.*,ptolemy.apps.mobileCoding.*,ptolemy.apps.pendulum.*,ptolemy.apps.rijndael.*,ptolemy.apps.robot.*,ptolemy.apps.security.*,ptolemy.apps.sobel.*,ptolemy.apps.soot.*,ptolemy.apps.throttle.*,ptolemy.apps.tini.*,ptolemy.apps.transmission.*,ptolemy.apps.vergil.*,ptolemy.apps.waba.*,ptolemy.apps.websensor.*,ptolemy.apps.webstart.*,ptolemy.apps.xsl.*,ptolemy.apps.zaurus.*,ptolemy.codegen.c.actor.lib.oldJavaFiles.*,ptolemy.codegen.dsp.lib.*,ptolemy.codegen.kernel.newInterfaces.*,ptolemy.codegen.lib.*,ptolemy.copernicus.kernel.fragment.*,ptolemy.copernicus.shallow.cg.*,ptolemy.domains.giotto.demo.Hierarchy.Hierarchy.*,ptolemy.domains.giotto.demo.Multimode.Multimode.*,ptolemy.domains.giotto.demo.Simple.Simple.*,ptolemy.domains.gr.lib.experimental.*,ptolemy.domains.gro.*,ptolemy.domains.pdf.*,ptolemy.domains.ptinyos.demo.Surge.output.*,ptolemy.moml.test.NoPackageActor.java*,ptolemy.plot.adm.*,ptolemy.plot.servlet.*,reports.*,signed.*,src.*,target.*,vendors.*,ptolemy.copernicus.applet.*,ptolemy.media.viewer.*,ptolemy.actor.corba.*,doc.doclets.*,ptolemy.apps.eclipse.awt.*,ptolemy.backtrack.*,ptolemy.backtrack.ast.*,ptolemy.cg.adapter.generic.program.procedural.c.mbed*,ptolemy.homer.*,ptolemy.actor.lib.jai.*,org.ptolemy.scala.*,diva.util.java2d.svg.*,ptolemy.domains.ptinyos.*,ptolemy.actor.lib.fmi.fmipp.*,,org.terraswarm.accessor.accessors.web.node_modules.*,org.terraswarm.accessor.accessors-svn,ptolemy.apps.*,ptolemy.actor.ptalon.demo.ptinyos.SendAndReceiveCnt.output,ptolemy.actor.ptalon.demo.ptinyos.SenseToLeds.output,ptolemy.domains.ptinyos.demo.CntToLedsAndRfm.output,ptolemy.domains.ptinyos.demo.RfmToLeds.output,ptolemy.domains.ptinyos.demo.SendAndReceiveCnt.output,ptolemy.domains.ptinyos.demo.SenseToLeds.output,ptolemy.actor.lib.jjs.modules.udpSocket.*" />
    <property name="env.PTII" value="/home/travis/build/icyphy/ptII" />
    <property name="env.XDG_SESSION_ID" value="2" />
    <property name="keystore" value="ptKeystore" />
    <property name="env.TRAVIS_COMMIT_MESSAGE" value="Adding a new HLA 1516 model from scratch for testing." />
    <property name="junit.output.dir" value="/home/travis/build/icyphy/ptII/reports/junit" />
    <property name="npm.return.code" value="0" />
    <property name="user.dir" value="/home/travis/build/icyphy/ptII/ptolemy/actor/lib/test" />
    <property name="env.TRAVIS_NODE_VERSION" value="7" />
    <property name="env.TRAVIS_EVENT_TYPE" value="cron" />
    <property name="env.MAIL" value="/var/mail/travis" />
    <property name="env.PERLBREW_ROOT" value="/home/travis/perl5/perlbrew" />
    <property name="env.PWD" value="/home/travis/build/icyphy/ptII" />
    <property name="timeout.npm" value="45000" />
    <property name="env.TRAVIS_ARCH" value="amd64" />
    <property name="sun.cpu.endian" value="little" />
    <property name="env.PAGER" value="cat" />
    <property name="env.TRAVIS_BUILD_STAGE_NAME" value="Test" />
    <property name="env.PERLBREW_HOME" value="/home/travis/.perlbrew" />
    <property name="java.vm.version" value="11.0.2+9" />
    <property name="env.RAILS_ENV" value="test" />
    <property name="java.class.path" value="/home/travis/.ptolemyII:/home/travis/.ptolemyII/*:/home/travis/build/icyphy/ptII:/home/travis/build/icyphy/ptII/lib/bsh-2.0b4.jar:/home/travis/build/icyphy/ptII/lib/ptCal.jar:/home/travis/build/icyphy/ptII/lib/java_cup.jar:/home/travis/build/icyphy/ptII/lib/saxon8.jar:/home/travis/build/icyphy/ptII/lib/saxon8-dom.jar:/home/travis/build/icyphy/ptII/lib/chic.jar:/home/travis/build/icyphy/ptII/lib/ptcolt.jar:/home/travis/build/icyphy/ptII/vendors/misc/itext/iText.jar:/home/travis/build/icyphy/ptII/lib/g4ltl.jar:/home/travis/build/icyphy/ptII/lib/StructuralCoder.jar:/home/travis/build/icyphy/ptII/lib/jcerti.jar:/home/travis/build/icyphy/ptII/lib/javax.mail.jar:/home/travis/build/icyphy/ptII/vendors/JMF-2.1.1e/lib/jmf.jar:/home/travis/build/icyphy/ptII/lib/jna-4.0.0-variadic.jar:/home/travis/build/icyphy/ptII/vendors/misc/joystick/Joystick.jar:/home/travis/build/icyphy/ptII/lib/ptjacl.jar:/home/travis/build/icyphy/ptII/lib/jsoup-1.8.2.jar:/home/travis/build/icyphy/ptII/lib/junit-4.8.2.jar:/home/travis/build/icyphy/ptII/lib/JUnitParams-0.4.0.jar:/home/travis/build/icyphy/ptII/ptolemy/actor/lib/excel/jxl.jar:/home/travis/build/icyphy/ptII/lib/jython.jar:/home/travis/build/icyphy/ptII/lib/kieler.jar:/home/travis/build/icyphy/ptII/vendors/opencv/share/OpenCV/java/opencv-341.jar:/home/travis/build/icyphy/ptII/lib/oscP5.jar:/home/travis/build/icyphy/ptII/lib/nrjavaserial-3.11.0.devel.jar:/home/travis/build/icyphy/ptII/vendors/j3d/lib/Linux/j3dcore.jar:/home/travis/build/icyphy/ptII/vendors/j3d/lib/Linux/j3dutils.jar:/home/travis/build/icyphy/ptII/vendors/j3d/lib/Linux/vecmath.jar:/home/travis/build/icyphy/ptII/vendors/jogl/lib/Linux/gluegen-rt-natives-linux-amd64.jar:/home/travis/build/icyphy/ptII/vendors/jogl/lib/Linux/gluegen-rt.jar:/home/travis/build/icyphy/ptII/vendors/jogl/lib/Linux/jogl-all-natives-linux-amd64.jar:/home/travis/build/icyphy/ptII/vendors/jogl/lib/Linux/jogl-all.jar:/home/travis/build/icyphy/ptII/ptolemy/distributed/jini/jar/jini-core.jar:/home/travis/build/icyphy/ptII/ptolemy/distributed/jini/jar/jini-ext.jar:/home/travis/build/icyphy/ptII/ptolemy/distributed/jini/jar/sun-util.jar:/home/travis/build/icyphy/ptII/lib/protobuf-java-2.4.1.jar:/home/travis/build/icyphy/ptII/lib/org.eclipse.paho.client.mqttv3.jar:/home/travis/build/icyphy/ptII/lib/mapss.jar:/home/travis/build/icyphy/ptII/ptolemy/actor/ptalon/antlr/antlr.jar:/home/travis/build/icyphy/ptII/lib/JRI.jar:/home/travis/build/icyphy/ptII/lib/commons-lang-2.6.jar:/home/travis/build/icyphy/ptII/lib/commons-logging-1.1.1.jar:/home/travis/build/icyphy/ptII/lib/sootclasses.jar:/home/travis/build/icyphy/ptII/ptolemy/actor/lib/database/mysql-connector-java-5.1.6-bin.jar:/home/travis/build/icyphy/ptII/vendors/misc/sphinx4/sphinx4-data-5prealpha.jar:/home/travis/build/icyphy/ptII/vendors/misc/sphinx4/sphinx4-core-5prealpha.jar:/home/travis/build/icyphy/ptII/lib/PDFRenderer.jar:/home/travis/build/icyphy/ptII/lib/svgSalamander.jar:/home/travis/build/icyphy/ptII/lib/rsyntaxtextarea-2.6.0-SNAPSHOT.jar:/home/travis/build/icyphy/ptII/lib/hazelcast-3.8.2.jar:/home/travis/build/icyphy/ptII/lib/jackson-annotations-2.9.0.jar:/home/travis/build/icyphy/ptII/lib/jackson-core-2.9.3.jar:/home/travis/build/icyphy/ptII/lib/jackson-databind-2.9.3.jar:/home/travis/build/icyphy/ptII/lib/netty-buffer-4.1.19.Final.jar:/home/travis/build/icyphy/ptII/lib/netty-codec-4.1.19.Final.jar:/home/travis/build/icyphy/ptII/lib/netty-codec-dns-4.1.19.Final.jar:/home/travis/build/icyphy/ptII/lib/netty-codec-http-4.1.19.Final.jar:/home/travis/build/icyphy/ptII/lib/netty-codec-http2-4.1.19.Final.jar:/home/travis/build/icyphy/ptII/lib/netty-common-4.1.19.Final.jar:/home/travis/build/icyphy/ptII/lib/netty-handler-4.1.19.Final.jar:/home/travis/build/icyphy/ptII/lib/netty-resolver-4.1.19.Final.jar:/home/travis/build/icyphy/ptII/lib/netty-resolver-dns-4.1.19.Final.jar:/home/travis/build/icyphy/ptII/lib/netty-transport-4.1.19.Final.jar:/home/travis/build/icyphy/ptII/lib/vertx-codegen-3.5.1.jar:/home/travis/build/icyphy/ptII/lib/vertx-core-3.5.2-SNAPSHOT.jar:/home/travis/build/icyphy/ptII/lib/vertx-hazelcast-3.5.1.jar:/home/travis/build/icyphy/ptII/lib/vertx-lang-js-3.5.1.jar:/home/travis/build/icyphy/ptII/lib/vertx-service-proxy-3.5.1.jar:/home/travis/build/icyphy/ptII/lib/vertx-web-3.5.1.jar:/home/travis/build/icyphy/ptII/lib/slf4j-api-1.7.13.jar:/home/travis/build/icyphy/ptII/lib/slf4j-simple-1.7.13.jar:/home/travis/build/icyphy/ptII/lib/webcam-capture-0.3.12.jar:/home/travis/build/icyphy/ptII/lib/bridj-0.7.0.jar:/home/travis/build/icyphy/ptII/lib/xbjlib-1.1.0.nrjavaserial.jar:/home/travis/build/icyphy/ptII/ptolemy/moml/test:/home/travis/build/icyphy/ptII/ant/lib/ant-launcher.jar:/home/travis/build/icyphy/ptII/ant/lib/ant.jar:/home/travis/build/icyphy/ptII/ant/lib/ant-junit.jar:/home/travis/build/icyphy/ptII/ant/lib/ant-junit4.jar" />
    <property name="ant.library.dir" value="/home/travis/build/icyphy/ptII/ant/lib" />
    <property name="os.arch" value="amd64" />
    <property name="env.CONTINUOUS_INTEGRATION" value="true" />
    <property name="env.TRAVIS_LANGUAGE" value="node_js" />
    <property name="env.TRAVIS_STACK_LANGUAGES" value="__sardonyx__ c c++ clojure cplusplus cpp default generic go groovy java node_js php pure_java python ruby scala" />
    <property name="test.name" value="ptolemy.actor.lib.test.junit.JUnitTclTest" />
    <property name="env.APT_KEY_DONT_WARN_ON_DANGEROUS_USAGE" value="1" />
    <property name="sun.java.launcher" value="SUN_STANDARD" />
    <property name="env.PYTHON_CONFIGURE_OPTS" value="--enable-unicode=ucs4 --with-wide-unicode --enable-shared --enable-ipv6 --enable-loadable-sqlite-extensions --with-computed-gotos" />
    <property name="ant.core.lib" value="/home/travis/build/icyphy/ptII/ant/lib/ant.jar" />
    <property name="java.vm.specification.vendor" value="Oracle Corporation" />
    <property name="env.BCVTB_HOME" value="/home/travis/build/icyphy/ptII/lbnl" />
    <property name="file.separator" value="/" />
    <property name="spotbugs.home" value="/home/travis/build/icyphy/ptII/vendors/spotbugs-3.1.1" />
    <property name="java.runtime.version" value="11.0.2+9" />
    <property name="env.ANSI_CLEAR" value="\033[0K" />
    <property name="javafx.verbose" value="true" />
    <property name="env.HAS_JOSH_K_SEAL_OF_APPROVAL" value="true" />
    <property name="env.XDG_RUNTIME_DIR" value="/run/user/2000" />
    <property name="env.TRAVIS_OSX_IMAGE" value="" />
    <property name="env.TRAVIS_JOB_ID" value="654756689" />
    <property name="env.TRAVIS_BRANCH" value="master" />
    <property name="user.country" value="US" />
    <property name="env.CERTI_HOME_TRAVIS" value="/home/travis/pthla/certi-tools" />
    <property name="env.SHELL" value="/bin/bash" />
    <property name="java.maxmemory.large" value="3200m" />
    <property name="model" value="" />
    <property name="env.CASHER_DIR" value="/home/travis/.casher" />
    <property name="env.NVM_CD_FLAGS" value="" />
    <property name="java.vendor.version" value="18.9" />
    <property name="jshint.executable" value="/home/travis/node_modules/jshint/bin/jshint" />
    <property name="env.JRUBY_OPTS" value=" --client -J-XX:+TieredCompilation -J-XX:TieredStopAtLevel=1 -J-Xss2m -Xcompile.invokedynamic=false" />
    <property name="java.vendor" value="Oracle Corporation" />
    <property name="env.TRAVIS_PRE_CHEF_BOOTSTRAP_TIME" value="2019-03-25T16:16:42" />
    <property name="env.TRAVIS_STACK_JOB_BOARD_REGISTER" value="/.job-board-register.yml" />
    <property name="env.ANSI_RED" value="\033[31;1m" />
    <property name="java.specification.version" value="11" />
    <property name="env.IRBRC" value="/home/travis/.rvm/rubies/ruby-2.5.3/.irbrc" />
    <property name="env.TRAVIS" value="true" />
    <property name="sun.arch.data.model" value="64" />
  </properties>
  <testcase classname="ptolemy.util.test.junit.TclTests" name="[0] /home/travis/build/icyphy/ptII/ptolemy/actor/lib/test/AbsoluteValue.tcl (RunTclFile)" time="0.627" />
  <testcase classname="ptolemy.util.test.junit.TclTests" name="[1] /home/travis/build/icyphy/ptII/ptolemy/actor/lib/test/AddSubtract.tcl (RunTclFile)" time="0.131" />
  <testcase classname="ptolemy.util.test.junit.TclTests" name="[2] /home/travis/build/icyphy/ptII/ptolemy/actor/lib/test/Average.tcl (RunTclFile)" time="0.079" />
  <testcase classname="ptolemy.util.test.junit.TclTests" name="[3] /home/travis/build/icyphy/ptII/ptolemy/actor/lib/test/Bernoulli.tcl (RunTclFile)" time="0.046" />
  <testcase classname="ptolemy.util.test.junit.TclTests" name="[4] /home/travis/build/icyphy/ptII/ptolemy/actor/lib/test/Clock.tcl (RunTclFile)" time="0.066" />
  <testcase classname="ptolemy.util.test.junit.TclTests" name="[5] /home/travis/build/icyphy/ptII/ptolemy/actor/lib/test/Commutator.tcl (RunTclFile)" time="0.186" />
  <testcase classname="ptolemy.util.test.junit.TclTests" name="[6] /home/travis/build/icyphy/ptII/ptolemy/actor/lib/test/Const.tcl (RunTclFile)" time="0.152" />
  <testcase classname="ptolemy.util.test.junit.TclTests" name="[7] /home/travis/build/icyphy/ptII/ptolemy/actor/lib/test/CurrentTime.tcl (RunTclFile)" time="0.038" />
  <testcase classname="ptolemy.util.test.junit.TclTests" name="[8] /home/travis/build/icyphy/ptII/ptolemy/actor/lib/test/DB.tcl (RunTclFile)" time="0.052" />
  <testcase classname="ptolemy.util.test.junit.TclTests" name="[9] /home/travis/build/icyphy/ptII/ptolemy/actor/lib/test/DiscreteRandomSource.tcl (RunTclFile)" time="0.051" />
  <testcase classname="ptolemy.util.test.junit.TclTests" name="[10] /home/travis/build/icyphy/ptII/ptolemy/actor/lib/test/Distributor.tcl (RunTclFile)" time="0.08" />
  <testcase classname="ptolemy.util.test.junit.TclTests" name="[11] /home/travis/build/icyphy/ptII/ptolemy/actor/lib/test/Exit.tcl (RunTclFile)" time="0.1" />
  <testcase classname="ptolemy.util.test.junit.TclTests" name="[12] /home/travis/build/icyphy/ptII/ptolemy/actor/lib/test/Expression.tcl (RunTclFile)" time="0.105" />
  <testcase classname="ptolemy.util.test.junit.TclTests" name="[13] /home/travis/build/icyphy/ptII/ptolemy/actor/lib/test/Gaussian.tcl (RunTclFile)" time="0.923" />
  <testcase classname="ptolemy.util.test.junit.TclTests" name="[14] /home/travis/build/icyphy/ptII/ptolemy/actor/lib/test/IIR.tcl (RunTclFile)" time="0.043" />
  <testcase classname="ptolemy.util.test.junit.TclTests" name="[15] /home/travis/build/icyphy/ptII/ptolemy/actor/lib/test/Interpolator.tcl (RunTclFile)" time="0.134" />
  <testcase classname="ptolemy.util.test.junit.TclTests" name="[16] /home/travis/build/icyphy/ptII/ptolemy/actor/lib/test/MathFunction.tcl (RunTclFile)" time="0.1" />
  <testcase classname="ptolemy.util.test.junit.TclTests" name="[17] /home/travis/build/icyphy/ptII/ptolemy/actor/lib/test/Maximum.tcl (RunTclFile)" time="0.051" />
  <testcase classname="ptolemy.util.test.junit.TclTests" name="[18] /home/travis/build/icyphy/ptII/ptolemy/actor/lib/test/Minimum.tcl (RunTclFile)" time="0.031" />
  <testcase classname="ptolemy.util.test.junit.TclTests" name="[19] /home/travis/build/icyphy/ptII/ptolemy/actor/lib/test/MultiplyDivide.tcl (RunTclFile)" time="0.052" />
  <testcase classname="ptolemy.util.test.junit.TclTests" name="[20] /home/travis/build/icyphy/ptII/ptolemy/actor/lib/test/OrderedMerge.tcl (RunTclFile)" time="0.149" />
  <testcase classname="ptolemy.util.test.junit.TclTests" name="[21] /home/travis/build/icyphy/ptII/ptolemy/actor/lib/test/Publisher.tcl (RunTclFile)" time="0.775" />
  <testcase classname="ptolemy.util.test.junit.TclTests" name="[22] /home/travis/build/icyphy/ptII/ptolemy/actor/lib/test/Pulse.tcl (RunTclFile)" time="0.075" />
  <testcase classname="ptolemy.util.test.junit.TclTests" name="[23] /home/travis/build/icyphy/ptII/ptolemy/actor/lib/test/Ramp.tcl (RunTclFile)" time="2.225" />
  <testcase classname="ptolemy.util.test.junit.TclTests" name="[24] /home/travis/build/icyphy/ptII/ptolemy/actor/lib/test/RampContinuous.tcl (RunTclFile)" time="0.019" />
  <testcase classname="ptolemy.util.test.junit.TclTests" name="[25] /home/travis/build/icyphy/ptII/ptolemy/actor/lib/test/RecordAssembler.tcl (RunTclFile)" time="0.019" />
  <testcase classname="ptolemy.util.test.junit.TclTests" name="[26] /home/travis/build/icyphy/ptII/ptolemy/actor/lib/test/RecordDisassembler.tcl (RunTclFile)" time="0.029" />
  <testcase classname="ptolemy.util.test.junit.TclTests" name="[27] /home/travis/build/icyphy/ptII/ptolemy/actor/lib/test/Scale.tcl (RunTclFile)" time="0.023" />
  <testcase classname="ptolemy.util.test.junit.TclTests" name="[28] /home/travis/build/icyphy/ptII/ptolemy/actor/lib/test/SequentialClock.tcl (RunTclFile)" time="0.012" />
  <testcase classname="ptolemy.util.test.junit.TclTests" name="[29] /home/travis/build/icyphy/ptII/ptolemy/actor/lib/test/SetVariable.tcl (RunTclFile)" time="0.01" />
  <testcase classname="ptolemy.util.test.junit.TclTests" name="[30] /home/travis/build/icyphy/ptII/ptolemy/actor/lib/test/Sinewave.tcl (RunTclFile)" time="0.027" />
  <testcase classname="ptolemy.util.test.junit.TclTests" name="[31] /home/travis/build/icyphy/ptII/ptolemy/actor/lib/test/SubscriptionAggregator.tcl (RunTclFile)" time="2.165" />
  <testcase classname="ptolemy.util.test.junit.TclTests" name="[32] /home/travis/build/icyphy/ptII/ptolemy/actor/lib/test/Test.tcl (RunTclFile)" time="0.123" />
  <testcase classname="ptolemy.util.test.junit.TclTests" name="[33] /home/travis/build/icyphy/ptII/ptolemy/actor/lib/test/TestExceptionHandler.tcl (RunTclFile)" time="0.017" />
  <testcase classname="ptolemy.util.test.junit.TclTests" name="[34] /home/travis/build/icyphy/ptII/ptolemy/actor/lib/test/UnionDisassembler.tcl (RunTclFile)" time="0.085" />
  <testcase classname="ptolemy.util.test.junit.TclTests" name="[35] /home/travis/build/icyphy/ptII/ptolemy/actor/lib/test/VariableClock.tcl (RunTclFile)" time="0.048" />
  <testcase classname="ptolemy.util.test.junit.AutoKnownFailedTests" name="[0] /home/travis/build/icyphy/ptII/ptolemy/actor/lib/test/auto/knownFailedTests/PublisherPortToplevelSubscriber.xml (RunModel)" time="0.047" />
  <testcase classname="ptolemy.util.test.junit.AutoKnownFailedTests" name="[1] /home/travis/build/icyphy/ptII/ptolemy/actor/lib/test/auto/knownFailedTests/PublisherSubscriberPortToplevel.xml (RunModel)" time="0.031" />
  <testcase classname="ptolemy.util.test.junit.AutoKnownFailedTests" name="[2] /home/travis/build/icyphy/ptII/ptolemy/actor/lib/test/auto/knownFailedTests/PublisherSubscriptionAggregatorPort.xml (RunModel)" time="0.021" />
  <testcase classname="ptolemy.util.test.junit.AutoKnownFailedTests" name="[3] /home/travis/build/icyphy/ptII/ptolemy/actor/lib/test/auto/knownFailedTests/sizedarray3.xml (RunModel)" time="0.026" />
  <testcase classname="ptolemy.util.test.junit.AutoNameArchTests" name="[0] ThereAreNoAutoArchTests (RunModel)" time="0.001" />
  <testcase classname="ptolemy.util.test.junit.AutoTests" name="[0] /home/travis/build/icyphy/ptII/ptolemy/actor/lib/test/auto/AbsoluteValue.xml (RunModel)" time="0.096" />
  <testcase classname="ptolemy.util.test.junit.AutoTests" name="[1] /home/travis/build/icyphy/ptII/ptolemy/actor/lib/test/auto/AbsoluteValue2.xml (RunModel)" time="0.07" />
  <testcase classname="ptolemy.util.test.junit.AutoTests" name="[2] /home/travis/build/icyphy/ptII/ptolemy/actor/lib/test/auto/Accumulator.xml (RunModel)" time="0.059" />
  <testcase classname="ptolemy.util.test.junit.AutoTests" name="[3] /home/travis/build/icyphy/ptII/ptolemy/actor/lib/test/auto/Accumulator2.xml (RunModel)" time="0.055" />
  <testcase classname="ptolemy.util.test.junit.AutoTests" name="[4] /home/travis/build/icyphy/ptII/ptolemy/actor/lib/test/auto/Accumulator3.xml (RunModel)" time="0.021" />
  <testcase classname="ptolemy.util.test.junit.AutoTests" name="[5] /home/travis/build/icyphy/ptII/ptolemy/actor/lib/test/auto/ArrayAppend.xml (RunModel)" time="0.05" />
  <testcase classname="ptolemy.util.test.junit.AutoTests" name="[6] /home/travis/build/icyphy/ptII/ptolemy/actor/lib/test/auto/ArrayAppend2.xml (RunModel)" time="0.372" />
  <testcase classname="ptolemy.util.test.junit.AutoTests" name="[7] /home/travis/build/icyphy/ptII/ptolemy/actor/lib/test/auto/ArrayAppend3.xml (RunModel)" time="0.021" />
  <testcase classname="ptolemy.util.test.junit.AutoTests" name="[8] /home/travis/build/icyphy/ptII/ptolemy/actor/lib/test/auto/ArrayAppend4.xml (RunModel)" time="0.017" />
  <testcase classname="ptolemy.util.test.junit.AutoTests" name="[9] /home/travis/build/icyphy/ptII/ptolemy/actor/lib/test/auto/ArrayAppend5.xml (RunModel)" time="0.017" />
  <testcase classname="ptolemy.util.test.junit.AutoTests" name="[10] /home/travis/build/icyphy/ptII/ptolemy/actor/lib/test/auto/ArrayAppend6.xml (RunModel)" time="0.022" />
  <testcase classname="ptolemy.util.test.junit.AutoTests" name="[11] /home/travis/build/icyphy/ptII/ptolemy/actor/lib/test/auto/ArrayAppendPerformanceTest.xml (RunModel)" time="0.069" />
  <testcase classname="ptolemy.util.test.junit.AutoTests" name="[12] /home/travis/build/icyphy/ptII/ptolemy/actor/lib/test/auto/ArrayAppendWithEmptyInput.xml (RunModel)" time="0.07" />
  <testcase classname="ptolemy.util.test.junit.AutoTests" name="[13] /home/travis/build/icyphy/ptII/ptolemy/actor/lib/test/auto/ArrayAverage.xml (RunModel)" time="0.062" />
  <testcase classname="ptolemy.util.test.junit.AutoTests" name="[14] /home/travis/build/icyphy/ptII/ptolemy/actor/lib/test/auto/ArrayContains.xml (RunModel)" time="0.08" />
  <testcase classname="ptolemy.util.test.junit.AutoTests" name="[15] /home/travis/build/icyphy/ptII/ptolemy/actor/lib/test/auto/ArrayElement.xml (RunModel)" time="0.025" />
  <testcase classname="ptolemy.util.test.junit.AutoTests" name="[16] /home/travis/build/icyphy/ptII/ptolemy/actor/lib/test/auto/ArrayElementAsMatrix.xml (RunModel)" time="0.043" />
  <testcase classname="ptolemy.util.test.junit.AutoTests" name="[17] /home/travis/build/icyphy/ptII/ptolemy/actor/lib/test/auto/ArrayElementI.xml (RunModel)" time="0.027" />
  <testcase classname="ptolemy.util.test.junit.AutoTests" name="[18] /home/travis/build/icyphy/ptII/ptolemy/actor/lib/test/auto/ArrayExtract.xml (RunModel)" time="0.046" />
  <testcase classname="ptolemy.util.test.junit.AutoTests" name="[19] /home/travis/build/icyphy/ptII/ptolemy/actor/lib/test/auto/ArrayExtract2.xml (RunModel)" time="0.016" />
  <testcase classname="ptolemy.util.test.junit.AutoTests" name="[20] /home/travis/build/icyphy/ptII/ptolemy/actor/lib/test/auto/ArrayLength.xml (RunModel)" time="0.022" />
  <testcase classname="ptolemy.util.test.junit.AutoTests" name="[21] /home/travis/build/icyphy/ptII/ptolemy/actor/lib/test/auto/ArrayLevelCrossing.xml (RunModel)" time="0.038" />
  <testcase classname="ptolemy.util.test.junit.AutoTests" name="[22] /home/travis/build/icyphy/ptII/ptolemy/actor/lib/test/auto/ArrayLevelCrossing2.xml (RunModel)" time="0.044" />
  <testcase classname="ptolemy.util.test.junit.AutoTests" name="[23] /home/travis/build/icyphy/ptII/ptolemy/actor/lib/test/auto/ArrayPeakSearch.xml (RunModel)" time="0.055" />
  <testcase classname="ptolemy.util.test.junit.AutoTests" name="[24] /home/travis/build/icyphy/ptII/ptolemy/actor/lib/test/auto/ArrayPeakSearch2.xml (RunModel)" time="0.038" />
  <testcase classname="ptolemy.util.test.junit.AutoTests" name="[25] /home/travis/build/icyphy/ptII/ptolemy/actor/lib/test/auto/ArrayPeakSearch3.xml (RunModel)" time="0.033" />
  <testcase classname="ptolemy.util.test.junit.AutoTests" name="[26] /home/travis/build/icyphy/ptII/ptolemy/actor/lib/test/auto/ArrayRemoveElement.xml (RunModel)" time="0.03" />
  <testcase classname="ptolemy.util.test.junit.AutoTests" name="[27] /home/travis/build/icyphy/ptII/ptolemy/actor/lib/test/auto/ArraySort.xml (RunModel)" time="0.037" />
  <testcase classname="ptolemy.util.test.junit.AutoTests" name="[28] /home/travis/build/icyphy/ptII/ptolemy/actor/lib/test/auto/ArraySum.xml (RunModel)" time="0.024" />
  <testcase classname="ptolemy.util.test.junit.AutoTests" name="[29] /home/travis/build/icyphy/ptII/ptolemy/actor/lib/test/auto/ArrayToElements.xml (RunModel)" time="0.031" />
  <testcase classname="ptolemy.util.test.junit.AutoTests" name="[30] /home/travis/build/icyphy/ptII/ptolemy/actor/lib/test/auto/ArrayToMatrix.xml (RunModel)" time="0.083" />
  <testcase classname="ptolemy.util.test.junit.AutoTests" name="[31] /home/travis/build/icyphy/ptII/ptolemy/actor/lib/test/auto/ArrayUpdate1.xml (RunModel)" time="0.016" />
  <testcase classname="ptolemy.util.test.junit.AutoTests" name="[32] /home/travis/build/icyphy/ptII/ptolemy/actor/lib/test/auto/ArrayUpdate2.xml (RunModel)" time="0.018" />
  <testcase classname="ptolemy.util.test.junit.AutoTests" name="[33] /home/travis/build/icyphy/ptII/ptolemy/actor/lib/test/auto/ArrayUpdate3.xml (RunModel)" time="0.018" />
  <testcase classname="ptolemy.util.test.junit.AutoTests" name="[34] /home/travis/build/icyphy/ptII/ptolemy/actor/lib/test/auto/Assert1.xml (RunModel)" time="0.025" />
  <testcase classname="ptolemy.util.test.junit.AutoTests" name="[35] /home/travis/build/icyphy/ptII/ptolemy/actor/lib/test/auto/Assert2.xml (RunModel)" time="0.011" />
  <testcase classname="ptolemy.util.test.junit.AutoTests" name="[36] /home/travis/build/icyphy/ptII/ptolemy/actor/lib/test/auto/BooleanMultiplexor.xml (RunModel)" time="0.015" />
  <testcase classname="ptolemy.util.test.junit.AutoTests" name="[37] /home/travis/build/icyphy/ptII/ptolemy/actor/lib/test/auto/BooleanMultiplexor2.xml (RunModel)" time="0.036" />
  <testcase classname="ptolemy.util.test.junit.AutoTests" name="[38] /home/travis/build/icyphy/ptII/ptolemy/actor/lib/test/auto/BooleanMultiplexor3.xml (RunModel)" time="0.019" />
  <testcase classname="ptolemy.util.test.junit.AutoTests" name="[39] /home/travis/build/icyphy/ptII/ptolemy/actor/lib/test/auto/BooleanSelect.xml (RunModel)" time="0.024" />
  <testcase classname="ptolemy.util.test.junit.AutoTests" name="[40] /home/travis/build/icyphy/ptII/ptolemy/actor/lib/test/auto/BooleanSelect2.xml (RunModel)" time="0.019" />
  <testcase classname="ptolemy.util.test.junit.AutoTests" name="[41] /home/travis/build/icyphy/ptII/ptolemy/actor/lib/test/auto/BooleanSwitch.xml (RunModel)" time="0.061" />
  <testcase classname="ptolemy.util.test.junit.AutoTests" name="[42] /home/travis/build/icyphy/ptII/ptolemy/actor/lib/test/auto/BooleanSwitch2.xml (RunModel)" time="0.014" />
  <testcase classname="ptolemy.util.test.junit.AutoTests" name="[43] /home/travis/build/icyphy/ptII/ptolemy/actor/lib/test/auto/BooleanSwitchCloningBugWithClassRelationGroup.xml (RunModel)" time="0.03" />
  <testcase classname="ptolemy.util.test.junit.AutoTests" name="[44] /home/travis/build/icyphy/ptII/ptolemy/actor/lib/test/auto/BusActors.xml (RunModel)" time="0.047" />
  <testcase classname="ptolemy.util.test.junit.AutoTests" name="[45] /home/travis/build/icyphy/ptII/ptolemy/actor/lib/test/auto/ClassWrapper.xml (RunModel)" time="0.015" />
  <testcase classname="ptolemy.util.test.junit.AutoTests" name="[46] /home/travis/build/icyphy/ptII/ptolemy/actor/lib/test/auto/Clock.xml (RunModel)" time="0.007" />
  <testcase classname="ptolemy.util.test.junit.AutoTests" name="[47] /home/travis/build/icyphy/ptII/ptolemy/actor/lib/test/auto/Clock10.xml (RunModel)" time="0.019" />
  <testcase classname="ptolemy.util.test.junit.AutoTests" name="[48] /home/travis/build/icyphy/ptII/ptolemy/actor/lib/test/auto/Clock11.xml (RunModel)" time="0.016" />
  <testcase classname="ptolemy.util.test.junit.AutoTests" name="[49] /home/travis/build/icyphy/ptII/ptolemy/actor/lib/test/auto/Clock12.xml (RunModel)" time="0.014" />
  <testcase classname="ptolemy.util.test.junit.AutoTests" name="[50] /home/travis/build/icyphy/ptII/ptolemy/actor/lib/test/auto/Clock13.xml (RunModel)" time="0.017" />
  <testcase classname="ptolemy.util.test.junit.AutoTests" name="[51] /home/travis/build/icyphy/ptII/ptolemy/actor/lib/test/auto/Clock14.xml (RunModel)" time="0.017" />
  <testcase classname="ptolemy.util.test.junit.AutoTests" name="[52] /home/travis/build/icyphy/ptII/ptolemy/actor/lib/test/auto/Clock15.xml (RunModel)" time="0.013" />
  <testcase classname="ptolemy.util.test.junit.AutoTests" name="[53] /home/travis/build/icyphy/ptII/ptolemy/actor/lib/test/auto/Clock16.xml (RunModel)" time="0.097" />
  <testcase classname="ptolemy.util.test.junit.AutoTests" name="[54] /home/travis/build/icyphy/ptII/ptolemy/actor/lib/test/auto/Clock17.xml (RunModel)" time="0.068" />
  <testcase classname="ptolemy.util.test.junit.AutoTests" name="[55] /home/travis/build/icyphy/ptII/ptolemy/actor/lib/test/auto/Clock18.xml (RunModel)" time="0.044" />
  <testcase classname="ptolemy.util.test.junit.AutoTests" name="[56] /home/travis/build/icyphy/ptII/ptolemy/actor/lib/test/auto/Clock19.xml (RunModel)" time="0.044" />
  <testcase classname="ptolemy.util.test.junit.AutoTests" name="[57] /home/travis/build/icyphy/ptII/ptolemy/actor/lib/test/auto/Clock2.xml (RunModel)" time="0.013" />
  <testcase classname="ptolemy.util.test.junit.AutoTests" name="[58] /home/travis/build/icyphy/ptII/ptolemy/actor/lib/test/auto/Clock20.xml (RunModel)" time="0.022" />
  <testcase classname="ptolemy.util.test.junit.AutoTests" name="[59] /home/travis/build/icyphy/ptII/ptolemy/actor/lib/test/auto/Clock21.xml (RunModel)" time="0.02" />
  <testcase classname="ptolemy.util.test.junit.AutoTests" name="[60] /home/travis/build/icyphy/ptII/ptolemy/actor/lib/test/auto/Clock22.xml (RunModel)" time="0.022" />
  <testcase classname="ptolemy.util.test.junit.AutoTests" name="[61] /home/travis/build/icyphy/ptII/ptolemy/actor/lib/test/auto/Clock23.xml (RunModel)" time="0.018" />
  <testcase classname="ptolemy.util.test.junit.AutoTests" name="[62] /home/travis/build/icyphy/ptII/ptolemy/actor/lib/test/auto/Clock24.xml (RunModel)" time="0.013" />
  <testcase classname="ptolemy.util.test.junit.AutoTests" name="[63] /home/travis/build/icyphy/ptII/ptolemy/actor/lib/test/auto/Clock4.xml (RunModel)" time="0.013" />
  <testcase classname="ptolemy.util.test.junit.AutoTests" name="[64] /home/travis/build/icyphy/ptII/ptolemy/actor/lib/test/auto/Clock5.xml (RunModel)" time="0.016" />
  <testcase classname="ptolemy.util.test.junit.AutoTests" name="[65] /home/travis/build/icyphy/ptII/ptolemy/actor/lib/test/auto/Clock6.xml (RunModel)" time="0.01" />
  <testcase classname="ptolemy.util.test.junit.AutoTests" name="[66] /home/travis/build/icyphy/ptII/ptolemy/actor/lib/test/auto/Clock7.xml (RunModel)" time="0.011" />
  <testcase classname="ptolemy.util.test.junit.AutoTests" name="[67] /home/travis/build/icyphy/ptII/ptolemy/actor/lib/test/auto/Clock8.xml (RunModel)" time="0.013" />
  <testcase classname="ptolemy.util.test.junit.AutoTests" name="[68] /home/travis/build/icyphy/ptII/ptolemy/actor/lib/test/auto/Clock9.xml (RunModel)" time="0.043" />
  <testcase classname="ptolemy.util.test.junit.AutoTests" name="[69] /home/travis/build/icyphy/ptII/ptolemy/actor/lib/test/auto/CommDistDiscard.xml (RunModel)" time="0.03" />
  <testcase classname="ptolemy.util.test.junit.AutoTests" name="[70] /home/travis/build/icyphy/ptII/ptolemy/actor/lib/test/auto/Commutator.xml (RunModel)" time="0.02" />
  <testcase classname="ptolemy.util.test.junit.AutoTests" name="[71] /home/travis/build/icyphy/ptII/ptolemy/actor/lib/test/auto/Commutator2.xml (RunModel)" time="0.013" />
  <testcase classname="ptolemy.util.test.junit.AutoTests" name="[72] /home/travis/build/icyphy/ptII/ptolemy/actor/lib/test/auto/Commutator3.xml (RunModel)" time="0.015" />
  <testcase classname="ptolemy.util.test.junit.AutoTests" name="[73] /home/travis/build/icyphy/ptII/ptolemy/actor/lib/test/auto/Compare.xml (RunModel)" time="0.023" />
  <testcase classname="ptolemy.util.test.junit.AutoTests" name="[74] /home/travis/build/icyphy/ptII/ptolemy/actor/lib/test/auto/CompareDE.xml (RunModel)" time="0.024" />
  <testcase classname="ptolemy.util.test.junit.AutoTests" name="[75] /home/travis/build/icyphy/ptII/ptolemy/actor/lib/test/auto/ComplexDivide.xml (RunModel)" time="0.011" />
  <testcase classname="ptolemy.util.test.junit.AutoTests" name="[76] /home/travis/build/icyphy/ptII/ptolemy/actor/lib/test/auto/ComputeHistogram.xml (RunModel)" time="0.079" />
  <testcase classname="ptolemy.util.test.junit.AutoTests" name="[77] /home/travis/build/icyphy/ptII/ptolemy/actor/lib/test/auto/ConfigurationSelect.xml (RunModel)" time="0.026" />
  <testcase classname="ptolemy.util.test.junit.AutoTests" name="[78] /home/travis/build/icyphy/ptII/ptolemy/actor/lib/test/auto/ConfigurationSelect2.xml (RunModel)" time="0.02" />
  <testcase classname="ptolemy.util.test.junit.AutoTests" name="[79] /home/travis/build/icyphy/ptII/ptolemy/actor/lib/test/auto/ConfigurationSwitch.xml (RunModel)" time="0.029" />
  <testcase classname="ptolemy.util.test.junit.AutoTests" name="[80] /home/travis/build/icyphy/ptII/ptolemy/actor/lib/test/auto/ConfigurationSwitch2.xml (RunModel)" time="0.029" />
  <testcase classname="ptolemy.util.test.junit.AutoTests" name="[81] /home/travis/build/icyphy/ptII/ptolemy/actor/lib/test/auto/ConfigurationSwitchCloningBugWithClassRelationGroup.xml (RunModel)" time="0.025" />
  <testcase classname="ptolemy.util.test.junit.AutoTests" name="[82] /home/travis/build/icyphy/ptII/ptolemy/actor/lib/test/auto/ConfigurationSwitchSelectSDF.xml (RunModel)" time="0.017" />
  <testcase classname="ptolemy.util.test.junit.AutoTests" name="[83] /home/travis/build/icyphy/ptII/ptolemy/actor/lib/test/auto/ConfigurationSwitchSelectSDF2.xml (RunModel)" time="0.016" />
  <testcase classname="ptolemy.util.test.junit.AutoTests" name="[84] /home/travis/build/icyphy/ptII/ptolemy/actor/lib/test/auto/Const.xml (RunModel)" time="0.008" />
  <testcase classname="ptolemy.util.test.junit.AutoTests" name="[85] /home/travis/build/icyphy/ptII/ptolemy/actor/lib/test/auto/Const2.xml (RunModel)" time="0.017" />
  <testcase classname="ptolemy.util.test.junit.AutoTests" name="[86] /home/travis/build/icyphy/ptII/ptolemy/actor/lib/test/auto/Const3.xml (RunModel)" time="0.008" />
  <testcase classname="ptolemy.util.test.junit.AutoTests" name="[87] /home/travis/build/icyphy/ptII/ptolemy/actor/lib/test/auto/ConstantPublisherPort1.xml (RunModel)" time="0.026" />
  <testcase classname="ptolemy.util.test.junit.AutoTests" name="[88] /home/travis/build/icyphy/ptII/ptolemy/actor/lib/test/auto/ConstantPublisherPort2.xml (RunModel)" time="0.03" />
  <testcase classname="ptolemy.util.test.junit.AutoTests" name="[89] /home/travis/build/icyphy/ptII/ptolemy/actor/lib/test/auto/ConstantPublisherPort3.xml (RunModel)" time="0.028" />
  <testcase classname="ptolemy.util.test.junit.AutoTests" name="[90] /home/travis/build/icyphy/ptII/ptolemy/actor/lib/test/auto/ConstantPublisherPort4.xml (RunModel)" time="0.02" />
  <testcase classname="ptolemy.util.test.junit.AutoTests" name="[91] /home/travis/build/icyphy/ptII/ptolemy/actor/lib/test/auto/ConstantPublisherPort5.xml (RunModel)" time="0.043" />
  <testcase classname="ptolemy.util.test.junit.AutoTests" name="[92] /home/travis/build/icyphy/ptII/ptolemy/actor/lib/test/auto/ConstantPublisherPort6.xml (RunModel)" time="0.03" />
  <testcase classname="ptolemy.util.test.junit.AutoTests" name="[93] /home/travis/build/icyphy/ptII/ptolemy/actor/lib/test/auto/ConstantPublisherPort7.xml (RunModel)" time="0.028" />
  <testcase classname="ptolemy.util.test.junit.AutoTests" name="[94] /home/travis/build/icyphy/ptII/ptolemy/actor/lib/test/auto/ConstraintMonitor1.xml (RunModel)" time="0.035" />
  <testcase classname="ptolemy.util.test.junit.AutoTests" name="[95] /home/travis/build/icyphy/ptII/ptolemy/actor/lib/test/auto/ConstraintMonitor2.xml (RunModel)" time="0.015" />
  <testcase classname="ptolemy.util.test.junit.AutoTests" name="[96] /home/travis/build/icyphy/ptII/ptolemy/actor/lib/test/auto/ConstraintMonitor3.xml (RunModel)" time="0.017" />
  <testcase classname="ptolemy.util.test.junit.AutoTests" name="[97] /home/travis/build/icyphy/ptII/ptolemy/actor/lib/test/auto/ConstraintMonitor4.xml (RunModel)" time="0.014" />
  <testcase classname="ptolemy.util.test.junit.AutoTests" name="[98] /home/travis/build/icyphy/ptII/ptolemy/actor/lib/test/auto/ConstraintMonitor5.xml (RunModel)" time="0.015" />
  <testcase classname="ptolemy.util.test.junit.AutoTests" name="[99] /home/travis/build/icyphy/ptII/ptolemy/actor/lib/test/auto/ConstraintMonitor6.xml (RunModel)" time="0.015" />
  <testcase classname="ptolemy.util.test.junit.AutoTests" name="[100] /home/travis/build/icyphy/ptII/ptolemy/actor/lib/test/auto/ConstraintMonitor7.xml (RunModel)" time="0.022" />
  <testcase classname="ptolemy.util.test.junit.AutoTests" name="[101] /home/travis/build/icyphy/ptII/ptolemy/actor/lib/test/auto/ConstraintMonitor8.xml (RunModel)" time="0.022" />
  <testcase classname="ptolemy.util.test.junit.AutoTests" name="[102] /home/travis/build/icyphy/ptII/ptolemy/actor/lib/test/auto/Counter.xml (RunModel)" time="0.017" />
  <testcase classname="ptolemy.util.test.junit.AutoTests" name="[103] /home/travis/build/icyphy/ptII/ptolemy/actor/lib/test/auto/CurrentTimeSDF.xml (RunModel)" time="0.01" />
  <testcase classname="ptolemy.util.test.junit.AutoTests" name="[104] /home/travis/build/icyphy/ptII/ptolemy/actor/lib/test/auto/DB.xml (RunModel)" time="0.018" />
  <testcase classname="ptolemy.util.test.junit.AutoTests" name="[105] /home/travis/build/icyphy/ptII/ptolemy/actor/lib/test/auto/DBDE.xml (RunModel)" time="0.017" />
  <testcase classname="ptolemy.util.test.junit.AutoTests" name="[106] /home/travis/build/icyphy/ptII/ptolemy/actor/lib/test/auto/DateConstructor.xml (RunModel)" time="0.086" />
  <testcase classname="ptolemy.util.test.junit.AutoTests" name="[107] /home/travis/build/icyphy/ptII/ptolemy/actor/lib/test/auto/DelayTime.xml (RunModel)" time="0.021" />
  <testcase classname="ptolemy.util.test.junit.AutoTests" name="[108] /home/travis/build/icyphy/ptII/ptolemy/actor/lib/test/auto/Dictionary1.xml (RunModel)" time="0.024" />
  <testcase classname="ptolemy.util.test.junit.AutoTests" name="[109] /home/travis/build/icyphy/ptII/ptolemy/actor/lib/test/auto/Dictionary2.xml (RunModel)" time="0.024" />
  <testcase classname="ptolemy.util.test.junit.AutoTests" name="[110] /home/travis/build/icyphy/ptII/ptolemy/actor/lib/test/auto/Dictionary3.xml (RunModel)" time="0.016" />
  <testcase classname="ptolemy.util.test.junit.AutoTests" name="[111] /home/travis/build/icyphy/ptII/ptolemy/actor/lib/test/auto/Dictionary4.xml (RunModel)" time="0.028" />
  <testcase classname="ptolemy.util.test.junit.AutoTests" name="[112] /home/travis/build/icyphy/ptII/ptolemy/actor/lib/test/auto/Differential.xml (RunModel)" time="0.014" />
  <testcase classname="ptolemy.util.test.junit.AutoTests" name="[113] /home/travis/build/icyphy/ptII/ptolemy/actor/lib/test/auto/Director.xml (RunModel)" time="0.014" />
  <testcase classname="ptolemy.util.test.junit.AutoTests" name="[114] /home/travis/build/icyphy/ptII/ptolemy/actor/lib/test/auto/DiscreteClock.xml (RunModel)" time="0.012" />
  <testcase classname="ptolemy.util.test.junit.AutoTests" name="[115] /home/travis/build/icyphy/ptII/ptolemy/actor/lib/test/auto/DiscreteClock10.xml (RunModel)" time="0.02" />
  <testcase classname="ptolemy.util.test.junit.AutoTests" name="[116] /home/travis/build/icyphy/ptII/ptolemy/actor/lib/test/auto/DiscreteClock11.xml (RunModel)" time="0.016" />
  <testcase classname="ptolemy.util.test.junit.AutoTests" name="[117] /home/travis/build/icyphy/ptII/ptolemy/actor/lib/test/auto/DiscreteClock12.xml (RunModel)" time="0.019" />
  <testcase classname="ptolemy.util.test.junit.AutoTests" name="[118] /home/travis/build/icyphy/ptII/ptolemy/actor/lib/test/auto/DiscreteClock13.xml (RunModel)" time="0.019" />
  <testcase classname="ptolemy.util.test.junit.AutoTests" name="[119] /home/travis/build/icyphy/ptII/ptolemy/actor/lib/test/auto/DiscreteClock14.xml (RunModel)" time="0.018" />
  <testcase classname="ptolemy.util.test.junit.AutoTests" name="[120] /home/travis/build/icyphy/ptII/ptolemy/actor/lib/test/auto/DiscreteClock15.xml (RunModel)" time="0.018" />
  <testcase classname="ptolemy.util.test.junit.AutoTests" name="[121] /home/travis/build/icyphy/ptII/ptolemy/actor/lib/test/auto/DiscreteClock16.xml (RunModel)" time="0.047" />
  <testcase classname="ptolemy.util.test.junit.AutoTests" name="[122] /home/travis/build/icyphy/ptII/ptolemy/actor/lib/test/auto/DiscreteClock17.xml (RunModel)" time="0.04" />
  <testcase classname="ptolemy.util.test.junit.AutoTests" name="[123] /home/travis/build/icyphy/ptII/ptolemy/actor/lib/test/auto/DiscreteClock18.xml (RunModel)" time="0.051" />
  <testcase classname="ptolemy.util.test.junit.AutoTests" name="[124] /home/travis/build/icyphy/ptII/ptolemy/actor/lib/test/auto/DiscreteClock19.xml (RunModel)" time="0.047" />
  <testcase classname="ptolemy.util.test.junit.AutoTests" name="[125] /home/travis/build/icyphy/ptII/ptolemy/actor/lib/test/auto/DiscreteClock2.xml (RunModel)" time="0.012" />
  <testcase classname="ptolemy.util.test.junit.AutoTests" name="[126] /home/travis/build/icyphy/ptII/ptolemy/actor/lib/test/auto/DiscreteClock20.xml (RunModel)" time="0.02" />
  <testcase classname="ptolemy.util.test.junit.AutoTests" name="[127] /home/travis/build/icyphy/ptII/ptolemy/actor/lib/test/auto/DiscreteClock21.xml (RunModel)" time="0.017" />
  <testcase classname="ptolemy.util.test.junit.AutoTests" name="[128] /home/travis/build/icyphy/ptII/ptolemy/actor/lib/test/auto/DiscreteClock22.xml (RunModel)" time="0.013" />
  <testcase classname="ptolemy.util.test.junit.AutoTests" name="[129] /home/travis/build/icyphy/ptII/ptolemy/actor/lib/test/auto/DiscreteClock23.xml (RunModel)" time="0.021" />
  <testcase classname="ptolemy.util.test.junit.AutoTests" name="[130] /home/travis/build/icyphy/ptII/ptolemy/actor/lib/test/auto/DiscreteClock24.xml (RunModel)" time="0.016" />
  <testcase classname="ptolemy.util.test.junit.AutoTests" name="[131] /home/travis/build/icyphy/ptII/ptolemy/actor/lib/test/auto/DiscreteClock4.xml (RunModel)" time="0.014" />
  <testcase classname="ptolemy.util.test.junit.AutoTests" name="[132] /home/travis/build/icyphy/ptII/ptolemy/actor/lib/test/auto/DiscreteClock5.xml (RunModel)" time="0.011" />
  <testcase classname="ptolemy.util.test.junit.AutoTests" name="[133] /home/travis/build/icyphy/ptII/ptolemy/actor/lib/test/auto/DiscreteClock6.xml (RunModel)" time="0.012" />
  <testcase classname="ptolemy.util.test.junit.AutoTests" name="[134] /home/travis/build/icyphy/ptII/ptolemy/actor/lib/test/auto/DiscreteClock7.xml (RunModel)" time="0.012" />
  <testcase classname="ptolemy.util.test.junit.AutoTests" name="[135] /home/travis/build/icyphy/ptII/ptolemy/actor/lib/test/auto/DiscreteClock8.xml (RunModel)" time="0.031" />
  <testcase classname="ptolemy.util.test.junit.AutoTests" name="[136] /home/travis/build/icyphy/ptII/ptolemy/actor/lib/test/auto/DiscreteClock9.xml (RunModel)" time="0.013" />
  <testcase classname="ptolemy.util.test.junit.AutoTests" name="[137] /home/travis/build/icyphy/ptII/ptolemy/actor/lib/test/auto/DisplayArray.xml (RunModel)" time="0.013" />
  <testcase classname="ptolemy.util.test.junit.AutoTests" name="[138] /home/travis/build/icyphy/ptII/ptolemy/actor/lib/test/auto/Distributor.xml (RunModel)" time="0.013" />
  <testcase classname="ptolemy.util.test.junit.AutoTests" name="[139] /home/travis/build/icyphy/ptII/ptolemy/actor/lib/test/auto/Distributor2.xml (RunModel)" time="0.012" />
  <testcase classname="ptolemy.util.test.junit.AutoTests" name="[140] /home/travis/build/icyphy/ptII/ptolemy/actor/lib/test/auto/DownSample.xml (RunModel)" time="0.01" />
  <testcase classname="ptolemy.util.test.junit.AutoTests" name="[141] /home/travis/build/icyphy/ptII/ptolemy/actor/lib/test/auto/ElectronicUnitBase1.xml (RunModel)" time="0.068" />
  <testcase classname="ptolemy.util.test.junit.AutoTests" name="[142] /home/travis/build/icyphy/ptII/ptolemy/actor/lib/test/auto/ElementsToArray.xml (RunModel)" time="0.01" />
  <testcase classname="ptolemy.util.test.junit.AutoTests" name="[143] /home/travis/build/icyphy/ptII/ptolemy/actor/lib/test/auto/Equals.xml (RunModel)" time="0.015" />
  <testcase classname="ptolemy.util.test.junit.AutoTests" name="[144] /home/travis/build/icyphy/ptII/ptolemy/actor/lib/test/auto/Exec.xml (RunModel)" time="0.028" />
  <testcase classname="ptolemy.util.test.junit.AutoTests" name="[145] /home/travis/build/icyphy/ptII/ptolemy/actor/lib/test/auto/ExecEnvironment.xml (RunModel)" time="0.049" />
  <testcase classname="ptolemy.util.test.junit.AutoTests" name="[146] /home/travis/build/icyphy/ptII/ptolemy/actor/lib/test/auto/ExecNonZeroReturnOutput.xml (RunModel)" time="0.188" />
  <testcase classname="ptolemy.util.test.junit.AutoTests" name="[147] /home/travis/build/icyphy/ptII/ptolemy/actor/lib/test/auto/ExecRunDemos.xml (RunModel)" time="10.775" />
  <testcase classname="ptolemy.util.test.junit.AutoTests" name="[148] /home/travis/build/icyphy/ptII/ptolemy/actor/lib/test/auto/ExecStop.xml (RunModel)" time="5.036" />
  <testcase classname="ptolemy.util.test.junit.AutoTests" name="[149] /home/travis/build/icyphy/ptII/ptolemy/actor/lib/test/auto/ExecutionTimeSDF.xml (RunModel)" time="6.035" />
  <testcase classname="ptolemy.util.test.junit.AutoTests" name="[150] /home/travis/build/icyphy/ptII/ptolemy/actor/lib/test/auto/Expression1.xml (RunModel)" time="0.007" />
  <testcase classname="ptolemy.util.test.junit.AutoTests" name="[151] /home/travis/build/icyphy/ptII/ptolemy/actor/lib/test/auto/Expression10.xml (RunModel)" time="0.018" />
  <testcase classname="ptolemy.util.test.junit.AutoTests" name="[152] /home/travis/build/icyphy/ptII/ptolemy/actor/lib/test/auto/Expression11.xml (RunModel)" time="0.027" />
  <testcase classname="ptolemy.util.test.junit.AutoTests" name="[153] /home/travis/build/icyphy/ptII/ptolemy/actor/lib/test/auto/Expression12.xml (RunModel)" time="0.016" />
  <testcase classname="ptolemy.util.test.junit.AutoTests" name="[154] /home/travis/build/icyphy/ptII/ptolemy/actor/lib/test/auto/Expression13.xml (RunModel)" time="0.012" />
  <testcase classname="ptolemy.util.test.junit.AutoTests" name="[155] /home/travis/build/icyphy/ptII/ptolemy/actor/lib/test/auto/Expression14.xml (RunModel)" time="0.02" />
  <testcase classname="ptolemy.util.test.junit.AutoTests" name="[156] /home/travis/build/icyphy/ptII/ptolemy/actor/lib/test/auto/Expression15.xml (RunModel)" time="0.008" />
  <testcase classname="ptolemy.util.test.junit.AutoTests" name="[157] /home/travis/build/icyphy/ptII/ptolemy/actor/lib/test/auto/Expression16.xml (RunModel)" time="0.012" />
  <testcase classname="ptolemy.util.test.junit.AutoTests" name="[158] /home/travis/build/icyphy/ptII/ptolemy/actor/lib/test/auto/Expression17.xml (RunModel)" time="0.014" />
  <testcase classname="ptolemy.util.test.junit.AutoTests" name="[159] /home/travis/build/icyphy/ptII/ptolemy/actor/lib/test/auto/Expression18.xml (RunModel)" time="0.015" />
  <testcase classname="ptolemy.util.test.junit.AutoTests" name="[160] /home/travis/build/icyphy/ptII/ptolemy/actor/lib/test/auto/Expression2.xml (RunModel)" time="0.014" />
  <testcase classname="ptolemy.util.test.junit.AutoTests" name="[161] /home/travis/build/icyphy/ptII/ptolemy/actor/lib/test/auto/Expression3.xml (RunModel)" time="0.015" />
  <testcase classname="ptolemy.util.test.junit.AutoTests" name="[162] /home/travis/build/icyphy/ptII/ptolemy/actor/lib/test/auto/Expression4.xml (RunModel)" time="0.069" />
  <testcase classname="ptolemy.util.test.junit.AutoTests" name="[163] /home/travis/build/icyphy/ptII/ptolemy/actor/lib/test/auto/Expression5.xml (RunModel)" time="0.013" />
  <testcase classname="ptolemy.util.test.junit.AutoTests" name="[164] /home/travis/build/icyphy/ptII/ptolemy/actor/lib/test/auto/Expression6.xml (RunModel)" time="0.011" />
  <testcase classname="ptolemy.util.test.junit.AutoTests" name="[165] /home/travis/build/icyphy/ptII/ptolemy/actor/lib/test/auto/Expression7.xml (RunModel)" time="0.019" />
  <testcase classname="ptolemy.util.test.junit.AutoTests" name="[166] /home/travis/build/icyphy/ptII/ptolemy/actor/lib/test/auto/Expression8.xml (RunModel)" time="0.016" />
  <testcase classname="ptolemy.util.test.junit.AutoTests" name="[167] /home/travis/build/icyphy/ptII/ptolemy/actor/lib/test/auto/Expression9.xml (RunModel)" time="0.009" />
  <testcase classname="ptolemy.util.test.junit.AutoTests" name="[168] /home/travis/build/icyphy/ptII/ptolemy/actor/lib/test/auto/ExpressionConcatenateArrayType.xml (RunModel)" time="0.029" />
  <testcase classname="ptolemy.util.test.junit.AutoTests" name="[169] /home/travis/build/icyphy/ptII/ptolemy/actor/lib/test/auto/ExpressionConcatenateArrayType2.xml (RunModel)" time="0.022" />
  <testcase classname="ptolemy.util.test.junit.AutoTests" name="[170] /home/travis/build/icyphy/ptII/ptolemy/actor/lib/test/auto/ExpressionFix.xml (RunModel)" time="0.051" />
  <testcase classname="ptolemy.util.test.junit.AutoTests" name="[171] /home/travis/build/icyphy/ptII/ptolemy/actor/lib/test/auto/ExpressionFix2.xml (RunModel)" time="0.018" />
  <testcase classname="ptolemy.util.test.junit.AutoTests" name="[172] /home/travis/build/icyphy/ptII/ptolemy/actor/lib/test/auto/ExpressionFix3.xml (RunModel)" time="0.013" />
  <testcase classname="ptolemy.util.test.junit.AutoTests" name="[173] /home/travis/build/icyphy/ptII/ptolemy/actor/lib/test/auto/FileWriter1.xml (RunModel)" time="0.01" />
  <testcase classname="ptolemy.util.test.junit.AutoTests" name="[174] /home/travis/build/icyphy/ptII/ptolemy/actor/lib/test/auto/FileWriter2.xml (RunModel)" time="0.014" />
  <testcase classname="ptolemy.util.test.junit.AutoTests" name="[175] /home/travis/build/icyphy/ptII/ptolemy/actor/lib/test/auto/FileWriter3.xml (RunModel)" time="0.013" />
  <testcase classname="ptolemy.util.test.junit.AutoTests" name="[176] /home/travis/build/icyphy/ptII/ptolemy/actor/lib/test/auto/Gaussian.xml (RunModel)" time="0.013" />
  <testcase classname="ptolemy.util.test.junit.AutoTests" name="[177] /home/travis/build/icyphy/ptII/ptolemy/actor/lib/test/auto/Gaussian1.xml (RunModel)" time="0.014" />
  <testcase classname="ptolemy.util.test.junit.AutoTests" name="[178] /home/travis/build/icyphy/ptII/ptolemy/actor/lib/test/auto/Gaussian2.xml (RunModel)" time="0.023" />
  <testcase classname="ptolemy.util.test.junit.AutoTests" name="[179] /home/travis/build/icyphy/ptII/ptolemy/actor/lib/test/auto/GradientAdaptiveLattice.xml (RunModel)" time="0.02" />
  <testcase classname="ptolemy.util.test.junit.AutoTests" name="[180] /home/travis/build/icyphy/ptII/ptolemy/actor/lib/test/auto/IIR.xml (RunModel)" time="0.011" />
  <testcase classname="ptolemy.util.test.junit.AutoTests" name="[181] /home/travis/build/icyphy/ptII/ptolemy/actor/lib/test/auto/InputOutputTransparentPorts.xml (RunModel)" time="0.02" />
  <testcase classname="ptolemy.util.test.junit.AutoTests" name="[182] /home/travis/build/icyphy/ptII/ptolemy/actor/lib/test/auto/Interpolator.xml (RunModel)" time="0.012" />
  <testcase classname="ptolemy.util.test.junit.AutoTests" name="[183] /home/travis/build/icyphy/ptII/ptolemy/actor/lib/test/auto/InterpolatorFiringLimitDE.xml (RunModel)" time="0.014" />
  <testcase classname="ptolemy.util.test.junit.AutoTests" name="[184] /home/travis/build/icyphy/ptII/ptolemy/actor/lib/test/auto/Lattice.xml (RunModel)" time="0.008" />
  <testcase classname="ptolemy.util.test.junit.AutoTests" name="[185] /home/travis/build/icyphy/ptII/ptolemy/actor/lib/test/auto/LazyAOCTestLazy.xml (RunModel)" time="0.039" />
  <testcase classname="ptolemy.util.test.junit.AutoTests" name="[186] /home/travis/build/icyphy/ptII/ptolemy/actor/lib/test/auto/LazyAOCTestNonLazy.xml (RunModel)" time="0.038" />
  <testcase classname="ptolemy.util.test.junit.AutoTests" name="[187] /home/travis/build/icyphy/ptII/ptolemy/actor/lib/test/auto/LazyInnerClass.xml (RunModel)" time="0.041" />
  <testcase classname="ptolemy.util.test.junit.AutoTests" name="[188] /home/travis/build/icyphy/ptII/ptolemy/actor/lib/test/auto/LazyPubSub.xml (RunModel)" time="0.033" />
  <testcase classname="ptolemy.util.test.junit.AutoTests" name="[189] /home/travis/build/icyphy/ptII/ptolemy/actor/lib/test/auto/LazyPubSub2.xml (RunModel)" time="0.069" />
  <testcase classname="ptolemy.util.test.junit.AutoTests" name="[190] /home/travis/build/icyphy/ptII/ptolemy/actor/lib/test/auto/LazyPubSub3.xml (RunModel)" time="0.025" />
  <testcase classname="ptolemy.util.test.junit.AutoTests" name="[191] /home/travis/build/icyphy/ptII/ptolemy/actor/lib/test/auto/LazySubClassModel.xml (RunModel)" time="0.021" />
  <testcase classname="ptolemy.util.test.junit.AutoTests" name="[192] /home/travis/build/icyphy/ptII/ptolemy/actor/lib/test/auto/LevelCrossTest1.xml (RunModel)" time="0.011" />
  <testcase classname="ptolemy.util.test.junit.AutoTests" name="[193] /home/travis/build/icyphy/ptII/ptolemy/actor/lib/test/auto/LevelCrossTest10.xml (RunModel)" time="0.016" />
  <testcase classname="ptolemy.util.test.junit.AutoTests" name="[194] /home/travis/build/icyphy/ptII/ptolemy/actor/lib/test/auto/LevelCrossTest11.xml (RunModel)" time="0.015" />
  <testcase classname="ptolemy.util.test.junit.AutoTests" name="[195] /home/travis/build/icyphy/ptII/ptolemy/actor/lib/test/auto/LevelCrossTest12.xml (RunModel)" time="0.014" />
  <testcase classname="ptolemy.util.test.junit.AutoTests" name="[196] /home/travis/build/icyphy/ptII/ptolemy/actor/lib/test/auto/LevelCrossTest13.xml (RunModel)" time="0.013" />
  <testcase classname="ptolemy.util.test.junit.AutoTests" name="[197] /home/travis/build/icyphy/ptII/ptolemy/actor/lib/test/auto/LevelCrossTest2.xml (RunModel)" time="0.011" />
  <testcase classname="ptolemy.util.test.junit.AutoTests" name="[198] /home/travis/build/icyphy/ptII/ptolemy/actor/lib/test/auto/LevelCrossTest3.xml (RunModel)" time="0.011" />
  <testcase classname="ptolemy.util.test.junit.AutoTests" name="[199] /home/travis/build/icyphy/ptII/ptolemy/actor/lib/test/auto/LevelCrossTest4.xml (RunModel)" time="0.01" />
  <testcase classname="ptolemy.util.test.junit.AutoTests" name="[200] /home/travis/build/icyphy/ptII/ptolemy/actor/lib/test/auto/LevelCrossTest5.xml (RunModel)" time="0.021" />
  <testcase classname="ptolemy.util.test.junit.AutoTests" name="[201] /home/travis/build/icyphy/ptII/ptolemy/actor/lib/test/auto/LevelCrossTest6.xml (RunModel)" time="0.02" />
  <testcase classname="ptolemy.util.test.junit.AutoTests" name="[202] /home/travis/build/icyphy/ptII/ptolemy/actor/lib/test/auto/LevelCrossTest7.xml (RunModel)" time="0.013" />
  <testcase classname="ptolemy.util.test.junit.AutoTests" name="[203] /home/travis/build/icyphy/ptII/ptolemy/actor/lib/test/auto/LevelCrossTest8.xml (RunModel)" time="0.013" />
  <testcase classname="ptolemy.util.test.junit.AutoTests" name="[204] /home/travis/build/icyphy/ptII/ptolemy/actor/lib/test/auto/LevelCrossTest9.xml (RunModel)" time="0.021" />
  <testcase classname="ptolemy.util.test.junit.AutoTests" name="[205] /home/travis/build/icyphy/ptII/ptolemy/actor/lib/test/auto/LevinsonDurbin.xml (RunModel)" time="0.011" />
  <testcase classname="ptolemy.util.test.junit.AutoTests" name="[206] /home/travis/build/icyphy/ptII/ptolemy/actor/lib/test/auto/LevinsonDurbin2.xml (RunModel)" time="0.01" />
  <testcase classname="ptolemy.util.test.junit.AutoTests" name="[207] /home/travis/build/icyphy/ptII/ptolemy/actor/lib/test/auto/LevinsonDurbin3.xml (RunModel)" time="0.01" />
  <testcase classname="ptolemy.util.test.junit.AutoTests" name="[208] /home/travis/build/icyphy/ptII/ptolemy/actor/lib/test/auto/Limiter.xml (RunModel)" time="0.04" />
  <testcase classname="ptolemy.util.test.junit.AutoTests" name="[209] /home/travis/build/icyphy/ptII/ptolemy/actor/lib/test/auto/LinearDifferenceEquationSystem.xml (RunModel)" time="0.027" />
  <testcase classname="ptolemy.util.test.junit.AutoTests" name="[210] /home/travis/build/icyphy/ptII/ptolemy/actor/lib/test/auto/LookupTable.xml (RunModel)" time="0.013" />
  <testcase classname="ptolemy.util.test.junit.AutoTests" name="[211] /home/travis/build/icyphy/ptII/ptolemy/actor/lib/test/auto/MathFunction.xml (RunModel)" time="0.019" />
  <testcase classname="ptolemy.util.test.junit.AutoTests" name="[212] /home/travis/build/icyphy/ptII/ptolemy/actor/lib/test/auto/MathFunction2.xml (RunModel)" time="0.014" />
  <testcase classname="ptolemy.util.test.junit.AutoTests" name="[213] /home/travis/build/icyphy/ptII/ptolemy/actor/lib/test/auto/MathFunction3.xml (RunModel)" time="0.019" />
  <testcase classname="ptolemy.util.test.junit.AutoTests" name="[214] /home/travis/build/icyphy/ptII/ptolemy/actor/lib/test/auto/MatrixCropBoolean.xml (RunModel)" time="0.015" />
  <testcase classname="ptolemy.util.test.junit.AutoTests" name="[215] /home/travis/build/icyphy/ptII/ptolemy/actor/lib/test/auto/MatrixCropComplex.xml (RunModel)" time="0.011" />
  <testcase classname="ptolemy.util.test.junit.AutoTests" name="[216] /home/travis/build/icyphy/ptII/ptolemy/actor/lib/test/auto/MatrixCropDouble.xml (RunModel)" time="0.01" />
  <testcase classname="ptolemy.util.test.junit.AutoTests" name="[217] /home/travis/build/icyphy/ptII/ptolemy/actor/lib/test/auto/MatrixCropFix.xml (RunModel)" time="0.013" />
  <testcase classname="ptolemy.util.test.junit.AutoTests" name="[218] /home/travis/build/icyphy/ptII/ptolemy/actor/lib/test/auto/MatrixCropInt.xml (RunModel)" time="0.011" />
  <testcase classname="ptolemy.util.test.junit.AutoTests" name="[219] /home/travis/build/icyphy/ptII/ptolemy/actor/lib/test/auto/MatrixCropLong.xml (RunModel)" time="0.009" />
  <testcase classname="ptolemy.util.test.junit.AutoTests" name="[220] /home/travis/build/icyphy/ptII/ptolemy/actor/lib/test/auto/MatrixToArray.xml (RunModel)" time="0.058" />
  <testcase classname="ptolemy.util.test.junit.AutoTests" name="[221] /home/travis/build/icyphy/ptII/ptolemy/actor/lib/test/auto/MaxIndex.xml (RunModel)" time="0.018" />
  <testcase classname="ptolemy.util.test.junit.AutoTests" name="[222] /home/travis/build/icyphy/ptII/ptolemy/actor/lib/test/auto/Maximum.xml (RunModel)" time="0.014" />
  <testcase classname="ptolemy.util.test.junit.AutoTests" name="[223] /home/travis/build/icyphy/ptII/ptolemy/actor/lib/test/auto/MaximumComplex.xml (RunModel)" time="0.018" />
  <testcase classname="ptolemy.util.test.junit.AutoTests" name="[224] /home/travis/build/icyphy/ptII/ptolemy/actor/lib/test/auto/MethodCallTest.xml (RunModel)" time="0.057" />
  <testcase classname="ptolemy.util.test.junit.AutoTests" name="[225] /home/travis/build/icyphy/ptII/ptolemy/actor/lib/test/auto/Minimum.xml (RunModel)" time="0.02" />
  <testcase classname="ptolemy.util.test.junit.AutoTests" name="[226] /home/travis/build/icyphy/ptII/ptolemy/actor/lib/test/auto/MinimumComplex.xml (RunModel)" time="0.029" />
  <testcase classname="ptolemy.util.test.junit.AutoTests" name="[227] /home/travis/build/icyphy/ptII/ptolemy/actor/lib/test/auto/MinimumMultiports.xml (RunModel)" time="0.017" />
  <testcase classname="ptolemy.util.test.junit.AutoTests" name="[228] /home/travis/build/icyphy/ptII/ptolemy/actor/lib/test/auto/ModifyDate.xml (RunModel)" time="0.042" />
  <testcase classname="ptolemy.util.test.junit.AutoTests" name="[229] /home/travis/build/icyphy/ptII/ptolemy/actor/lib/test/auto/ModifyDate2.xml (RunModel)" time="0.026" />
  <testcase classname="ptolemy.util.test.junit.AutoTests" name="[230] /home/travis/build/icyphy/ptII/ptolemy/actor/lib/test/auto/MovingAverage.xml (RunModel)" time="0.011" />
  <testcase classname="ptolemy.util.test.junit.AutoTests" name="[231] /home/travis/build/icyphy/ptII/ptolemy/actor/lib/test/auto/MovingMaximum.xml (RunModel)" time="0.013" />
  <testcase classname="ptolemy.util.test.junit.AutoTests" name="[232] /home/travis/build/icyphy/ptII/ptolemy/actor/lib/test/auto/MultipleLinksToSameRelation.xml (RunModel)" time="0.009" />
  <testcase classname="ptolemy.util.test.junit.AutoTests" name="[233] /home/travis/build/icyphy/ptII/ptolemy/actor/lib/test/auto/MultipleLinksToSameRelationDE.xml (RunModel)" time="0.017" />
  <testcase classname="ptolemy.util.test.junit.AutoTests" name="[234] /home/travis/build/icyphy/ptII/ptolemy/actor/lib/test/auto/Multiplexor.xml (RunModel)" time="0.011" />
  <testcase classname="ptolemy.util.test.junit.AutoTests" name="[235] /home/travis/build/icyphy/ptII/ptolemy/actor/lib/test/auto/Multiplexor1.xml (RunModel)" time="0.012" />
  <testcase classname="ptolemy.util.test.junit.AutoTests" name="[236] /home/travis/build/icyphy/ptII/ptolemy/actor/lib/test/auto/Multiplexor2.xml (RunModel)" time="0.013" />
  <testcase classname="ptolemy.util.test.junit.AutoTests" name="[237] /home/travis/build/icyphy/ptII/ptolemy/actor/lib/test/auto/Multiplexor3.xml (RunModel)" time="0.008" />
  <testcase classname="ptolemy.util.test.junit.AutoTests" name="[238] /home/travis/build/icyphy/ptII/ptolemy/actor/lib/test/auto/MultiplexorDE.xml (RunModel)" time="0.018" />
  <testcase classname="ptolemy.util.test.junit.AutoTests" name="[239] /home/travis/build/icyphy/ptII/ptolemy/actor/lib/test/auto/MultiportBroadcastTest.xml (RunModel)" time="0.108" />
  <testcase classname="ptolemy.util.test.junit.AutoTests" name="[240] /home/travis/build/icyphy/ptII/ptolemy/actor/lib/test/auto/MultiportOutHangDuringGetWidth.xml (RunModel)" time="0.029" />
  <testcase classname="ptolemy.util.test.junit.AutoTests" name="[241] /home/travis/build/icyphy/ptII/ptolemy/actor/lib/test/auto/NilToken.xml (RunModel)" time="0.008" />
  <testcase classname="ptolemy.util.test.junit.AutoTests" name="[242] /home/travis/build/icyphy/ptII/ptolemy/actor/lib/test/auto/NilTokenNonStrictTest.xml (RunModel)" time="0.015" />
  <testcase classname="ptolemy.util.test.junit.AutoTests" name="[243] /home/travis/build/icyphy/ptII/ptolemy/actor/lib/test/auto/NilTokenRecord.xml (RunModel)" time="0.019" />
  <testcase classname="ptolemy.util.test.junit.AutoTests" name="[244] /home/travis/build/icyphy/ptII/ptolemy/actor/lib/test/auto/NilTokenTypeTest.xml (RunModel)" time="0.026" />
  <testcase classname="ptolemy.util.test.junit.AutoTests" name="[245] /home/travis/build/icyphy/ptII/ptolemy/actor/lib/test/auto/ObjectToken1.xml (RunModel)" time="0.01" />
  <testcase classname="ptolemy.util.test.junit.AutoTests" name="[246] /home/travis/build/icyphy/ptII/ptolemy/actor/lib/test/auto/OrderedMerge.xml (RunModel)" time="0.019" />
  <testcase classname="ptolemy.util.test.junit.AutoTests" name="[247] /home/travis/build/icyphy/ptII/ptolemy/actor/lib/test/auto/OrderedRecordDisassembler.xml (RunModel)" time="0.017" />
  <testcase classname="ptolemy.util.test.junit.AutoTests" name="[248] /home/travis/build/icyphy/ptII/ptolemy/actor/lib/test/auto/OrderedRecordDisassembler2.xml (RunModel)" time="0.02" />
  <testcase classname="ptolemy.util.test.junit.AutoTests" name="[249] /home/travis/build/icyphy/ptII/ptolemy/actor/lib/test/auto/OrderedRecordUpdater.xml (RunModel)" time="0.011" />
  <testcase classname="ptolemy.util.test.junit.AutoTests" name="[250] /home/travis/build/icyphy/ptII/ptolemy/actor/lib/test/auto/OrderedRecordUpdater2.xml (RunModel)" time="0.019" />
  <testcase classname="ptolemy.util.test.junit.AutoTests" name="[251] /home/travis/build/icyphy/ptII/ptolemy/actor/lib/test/auto/PhaseUnwrap.xml (RunModel)" time="0.012" />
  <testcase classname="ptolemy.util.test.junit.AutoTests" name="[252] /home/travis/build/icyphy/ptII/ptolemy/actor/lib/test/auto/PoissonClock.xml (RunModel)" time="0.011" />
  <testcase classname="ptolemy.util.test.junit.AutoTests" name="[253] /home/travis/build/icyphy/ptII/ptolemy/actor/lib/test/auto/PoissonClock2.xml (RunModel)" time="0.014" />
  <testcase classname="ptolemy.util.test.junit.AutoTests" name="[254] /home/travis/build/icyphy/ptII/ptolemy/actor/lib/test/auto/PoissonClock3.xml (RunModel)" time="0.024" />
  <testcase classname="ptolemy.util.test.junit.AutoTests" name="[255] /home/travis/build/icyphy/ptII/ptolemy/actor/lib/test/auto/PubSubWithInitialTokens.xml (RunModel)" time="0.017" />
  <testcase classname="ptolemy.util.test.junit.AutoTests" name="[256] /home/travis/build/icyphy/ptII/ptolemy/actor/lib/test/auto/PubSubWithInitialTokens2.xml (RunModel)" time="0.011" />
  <testcase classname="ptolemy.util.test.junit.AutoTests" name="[257] /home/travis/build/icyphy/ptII/ptolemy/actor/lib/test/auto/PublisherClassNoParameter.xml (RunModel)" time="0.025" />
  <testcase classname="ptolemy.util.test.junit.AutoTests" name="[258] /home/travis/build/icyphy/ptII/ptolemy/actor/lib/test/auto/PublisherClassParameter.xml (RunModel)" time="0.021" />
  <testcase classname="ptolemy.util.test.junit.AutoTests" name="[259] /home/travis/build/icyphy/ptII/ptolemy/actor/lib/test/auto/PublisherNonStrictTest.xml (RunModel)" time="0.016" />
  <testcase classname="ptolemy.util.test.junit.AutoTests" name="[260] /home/travis/build/icyphy/ptII/ptolemy/actor/lib/test/auto/PublisherPort1.xml (RunModel)" time="0.011" />
  <testcase classname="ptolemy.util.test.junit.AutoTests" name="[261] /home/travis/build/icyphy/ptII/ptolemy/actor/lib/test/auto/PublisherPort2.xml (RunModel)" time="0.009" />
  <testcase classname="ptolemy.util.test.junit.AutoTests" name="[262] /home/travis/build/icyphy/ptII/ptolemy/actor/lib/test/auto/PublisherPort3.xml (RunModel)" time="0.019" />
  <testcase classname="ptolemy.util.test.junit.AutoTests" name="[263] /home/travis/build/icyphy/ptII/ptolemy/actor/lib/test/auto/PublisherPort4.xml (RunModel)" time="0.018" />
  <testcase classname="ptolemy.util.test.junit.AutoTests" name="[264] /home/travis/build/icyphy/ptII/ptolemy/actor/lib/test/auto/PublisherPort5.xml (RunModel)" time="0.015" />
  <testcase classname="ptolemy.util.test.junit.AutoTests" name="[265] /home/travis/build/icyphy/ptII/ptolemy/actor/lib/test/auto/PublisherPort5LookAlike.xml (RunModel)" time="0.02" />
  <testcase classname="ptolemy.util.test.junit.AutoTests" name="[266] /home/travis/build/icyphy/ptII/ptolemy/actor/lib/test/auto/PublisherPort6.xml (RunModel)" time="0.012" />
  <testcase classname="ptolemy.util.test.junit.AutoTests" name="[267] /home/travis/build/icyphy/ptII/ptolemy/actor/lib/test/auto/PublisherPort7.xml (RunModel)" time="0.015" />
  <testcase classname="ptolemy.util.test.junit.AutoTests" name="[268] /home/travis/build/icyphy/ptII/ptolemy/actor/lib/test/auto/PublisherPort8.xml (RunModel)" time="0.026" />
  <testcase classname="ptolemy.util.test.junit.AutoTests" name="[269] /home/travis/build/icyphy/ptII/ptolemy/actor/lib/test/auto/PublisherPortSubscriberChannelVariablesAOC2.xml (RunModel)" time="0.034" />
  <testcase classname="ptolemy.util.test.junit.AutoTests" name="[270] /home/travis/build/icyphy/ptII/ptolemy/actor/lib/test/auto/PublisherPortSubscriberOpaqueWidthInference.xml (RunModel)" time="0.015" />
  <testcase classname="ptolemy.util.test.junit.AutoTests" name="[271] /home/travis/build/icyphy/ptII/ptolemy/actor/lib/test/auto/PublisherPortSubscriberPortAdjacent.xml (RunModel)" time="0.019" />
  <testcase classname="ptolemy.util.test.junit.AutoTests" name="[272] /home/travis/build/icyphy/ptII/ptolemy/actor/lib/test/auto/PublisherPortSubscriberPortExpression.xml (RunModel)" time="0.017" />
  <testcase classname="ptolemy.util.test.junit.AutoTests" name="[273] /home/travis/build/icyphy/ptII/ptolemy/actor/lib/test/auto/PublisherPortSubscriberPortOpaqueD3Reverse.xml (RunModel)" time="0.019" />
  <testcase classname="ptolemy.util.test.junit.AutoTests" name="[274] /home/travis/build/icyphy/ptII/ptolemy/actor/lib/test/auto/PublisherPortSubscriberPortOpaqueWidthInference.xml (RunModel)" time="0.015" />
  <testcase classname="ptolemy.util.test.junit.AutoTests" name="[275] /home/travis/build/icyphy/ptII/ptolemy/actor/lib/test/auto/PublisherPortToplevelSubscriberPortAOC.xml (RunModel)" time="0.01" />
  <testcase classname="ptolemy.util.test.junit.AutoTests" name="[276] /home/travis/build/icyphy/ptII/ptolemy/actor/lib/test/auto/PublisherSubscriber.xml (RunModel)" time="0.013" />
  <testcase classname="ptolemy.util.test.junit.AutoTests" name="[277] /home/travis/build/icyphy/ptII/ptolemy/actor/lib/test/auto/PublisherSubscriber10.xml (RunModel)" time="0.024" />
  <testcase classname="ptolemy.util.test.junit.AutoTests" name="[278] /home/travis/build/icyphy/ptII/ptolemy/actor/lib/test/auto/PublisherSubscriber10InitialOutputs.xml (RunModel)" time="0.078" />
  <testcase classname="ptolemy.util.test.junit.AutoTests" name="[279] /home/travis/build/icyphy/ptII/ptolemy/actor/lib/test/auto/PublisherSubscriber11.xml (RunModel)" time="0.023" />
  <testcase classname="ptolemy.util.test.junit.AutoTests" name="[280] /home/travis/build/icyphy/ptII/ptolemy/actor/lib/test/auto/PublisherSubscriber12.xml (RunModel)" time="0.018" />
  <testcase classname="ptolemy.util.test.junit.AutoTests" name="[281] /home/travis/build/icyphy/ptII/ptolemy/actor/lib/test/auto/PublisherSubscriber13.xml (RunModel)" time="0.01" />
  <testcase classname="ptolemy.util.test.junit.AutoTests" name="[282] /home/travis/build/icyphy/ptII/ptolemy/actor/lib/test/auto/PublisherSubscriber14.xml (RunModel)" time="0.023" />
  <testcase classname="ptolemy.util.test.junit.AutoTests" name="[283] /home/travis/build/icyphy/ptII/ptolemy/actor/lib/test/auto/PublisherSubscriber2.xml (RunModel)" time="0.011" />
  <testcase classname="ptolemy.util.test.junit.AutoTests" name="[284] /home/travis/build/icyphy/ptII/ptolemy/actor/lib/test/auto/PublisherSubscriber3.xml (RunModel)" time="0.018" />
  <testcase classname="ptolemy.util.test.junit.AutoTests" name="[285] /home/travis/build/icyphy/ptII/ptolemy/actor/lib/test/auto/PublisherSubscriber4.xml (RunModel)" time="0.009" />
  <testcase classname="ptolemy.util.test.junit.AutoTests" name="[286] /home/travis/build/icyphy/ptII/ptolemy/actor/lib/test/auto/PublisherSubscriber5.xml (RunModel)" time="0.013" />
  <testcase classname="ptolemy.util.test.junit.AutoTests" name="[287] /home/travis/build/icyphy/ptII/ptolemy/actor/lib/test/auto/PublisherSubscriber6.xml (RunModel)" time="0.015" />
  <testcase classname="ptolemy.util.test.junit.AutoTests" name="[288] /home/travis/build/icyphy/ptII/ptolemy/actor/lib/test/auto/PublisherSubscriber7.xml (RunModel)" time="0.022" />
  <testcase classname="ptolemy.util.test.junit.AutoTests" name="[289] /home/travis/build/icyphy/ptII/ptolemy/actor/lib/test/auto/PublisherSubscriber8.xml (RunModel)" time="0.025" />
  <testcase classname="ptolemy.util.test.junit.AutoTests" name="[290] /home/travis/build/icyphy/ptII/ptolemy/actor/lib/test/auto/PublisherSubscriber9.xml (RunModel)" time="0.015" />
  <testcase classname="ptolemy.util.test.junit.AutoTests" name="[291] /home/travis/build/icyphy/ptII/ptolemy/actor/lib/test/auto/PublisherSubscriberAdjacent.xml (RunModel)" time="0.015" />
  <testcase classname="ptolemy.util.test.junit.AutoTests" name="[292] /home/travis/build/icyphy/ptII/ptolemy/actor/lib/test/auto/PublisherSubscriberChannelVariablesAOC2.xml (RunModel)" time="0.029" />
  <testcase classname="ptolemy.util.test.junit.AutoTests" name="[293] /home/travis/build/icyphy/ptII/ptolemy/actor/lib/test/auto/PublisherSubscriberD3.xml (RunModel)" time="0.012" />
  <testcase classname="ptolemy.util.test.junit.AutoTests" name="[294] /home/travis/build/icyphy/ptII/ptolemy/actor/lib/test/auto/PublisherSubscriberD3Reverse.xml (RunModel)" time="0.011" />
  <testcase classname="ptolemy.util.test.junit.AutoTests" name="[295] /home/travis/build/icyphy/ptII/ptolemy/actor/lib/test/auto/PublisherSubscriberExpression.xml (RunModel)" time="0.02" />
  <testcase classname="ptolemy.util.test.junit.AutoTests" name="[296] /home/travis/build/icyphy/ptII/ptolemy/actor/lib/test/auto/PublisherSubscriberOpaque.xml (RunModel)" time="0.03" />
  <testcase classname="ptolemy.util.test.junit.AutoTests" name="[297] /home/travis/build/icyphy/ptII/ptolemy/actor/lib/test/auto/PublisherSubscriberOpaqueD3.xml (RunModel)" time="0.023" />
  <testcase classname="ptolemy.util.test.junit.AutoTests" name="[298] /home/travis/build/icyphy/ptII/ptolemy/actor/lib/test/auto/PublisherSubscriberOpaqueD3Reverse.xml (RunModel)" time="0.021" />
  <testcase classname="ptolemy.util.test.junit.AutoTests" name="[299] /home/travis/build/icyphy/ptII/ptolemy/actor/lib/test/auto/PublisherSubscriberOpaqueWidthInference.xml (RunModel)" time="0.015" />
  <testcase classname="ptolemy.util.test.junit.AutoTests" name="[300] /home/travis/build/icyphy/ptII/ptolemy/actor/lib/test/auto/PublisherTestSubscriber.xml (RunModel)" time="0.014" />
  <testcase classname="ptolemy.util.test.junit.AutoTests" name="[301] /home/travis/build/icyphy/ptII/ptolemy/actor/lib/test/auto/PublisherToplevelSubscriberPortAOC.xml (RunModel)" time="0.01" />
  <testcase classname="ptolemy.util.test.junit.AutoTests" name="[302] /home/travis/build/icyphy/ptII/ptolemy/actor/lib/test/auto/PulseFiringLimitDE.xml (RunModel)" time="0.014" />
  <testcase classname="ptolemy.util.test.junit.AutoTests" name="[303] /home/travis/build/icyphy/ptII/ptolemy/actor/lib/test/auto/Ramp1.xml (RunModel)" time="0.007" />
  <testcase classname="ptolemy.util.test.junit.AutoTests" name="[304] /home/travis/build/icyphy/ptII/ptolemy/actor/lib/test/auto/RampFiringLimitDE.xml (RunModel)" time="0.011" />
  <testcase classname="ptolemy.util.test.junit.AutoTests" name="[305] /home/travis/build/icyphy/ptII/ptolemy/actor/lib/test/auto/RampFiringLimitSDF.xml (RunModel)" time="0.009" />
  <testcase classname="ptolemy.util.test.junit.AutoTests" name="[306] /home/travis/build/icyphy/ptII/ptolemy/actor/lib/test/auto/RandomInteger.xml (RunModel)" time="0.009" />
  <testcase classname="ptolemy.util.test.junit.AutoTests" name="[307] /home/travis/build/icyphy/ptII/ptolemy/actor/lib/test/auto/ReadFile1.xml (RunModel)" time="0.008" />
  <testcase classname="ptolemy.util.test.junit.AutoTests" name="[308] /home/travis/build/icyphy/ptII/ptolemy/actor/lib/test/auto/ReadFile2.xml (RunModel)" time="0.009" />
  <testcase classname="ptolemy.util.test.junit.AutoTests" name="[309] /home/travis/build/icyphy/ptII/ptolemy/actor/lib/test/auto/Reader.xml (RunModel)" time="0.01" />
  <testcase classname="ptolemy.util.test.junit.AutoTests" name="[310] /home/travis/build/icyphy/ptII/ptolemy/actor/lib/test/auto/RecordAssemblerDisplayNameTest.xml (RunModel)" time="3.423" />
  <testcase classname="ptolemy.util.test.junit.AutoTests" name="[311] /home/travis/build/icyphy/ptII/ptolemy/actor/lib/test/auto/RecordAssemblerTypeError.xml (RunModel)" time="0.042" />
  <testcase classname="ptolemy.util.test.junit.AutoTests" name="[312] /home/travis/build/icyphy/ptII/ptolemy/actor/lib/test/auto/RecordDisassember.xml (RunModel)" time="0.014" />
  <testcase classname="ptolemy.util.test.junit.AutoTests" name="[313] /home/travis/build/icyphy/ptII/ptolemy/actor/lib/test/auto/RecordDisassemberDisplayNameTest.xml (RunModel)" time="0.019" />
  <testcase classname="ptolemy.util.test.junit.AutoTests" name="[314] /home/travis/build/icyphy/ptII/ptolemy/actor/lib/test/auto/RecordDisassembler.xml (RunModel)" time="0.012" />
  <testcase classname="ptolemy.util.test.junit.AutoTests" name="[315] /home/travis/build/icyphy/ptII/ptolemy/actor/lib/test/auto/RecordDisassembler2.xml (RunModel)" time="0.011" />
  <testcase classname="ptolemy.util.test.junit.AutoTests" name="[316] /home/travis/build/icyphy/ptII/ptolemy/actor/lib/test/auto/RecordUpdater.xml (RunModel)" time="0.01" />
  <testcase classname="ptolemy.util.test.junit.AutoTests" name="[317] /home/travis/build/icyphy/ptII/ptolemy/actor/lib/test/auto/RecordUpdater2.xml (RunModel)" time="0.009" />
  <testcase classname="ptolemy.util.test.junit.AutoTests" name="[318] /home/travis/build/icyphy/ptII/ptolemy/actor/lib/test/auto/RecursiveLattice.xml (RunModel)" time="0.009" />
  <testcase classname="ptolemy.util.test.junit.AutoTests" name="[319] /home/travis/build/icyphy/ptII/ptolemy/actor/lib/test/auto/Router.xml (RunModel)" time="3.063" />
  <testcase classname="ptolemy.util.test.junit.AutoTests" name="[320] /home/travis/build/icyphy/ptII/ptolemy/actor/lib/test/auto/Router2.xml (RunModel)" time="3.026" />
  <testcase classname="ptolemy.util.test.junit.AutoTests" name="[321] /home/travis/build/icyphy/ptII/ptolemy/actor/lib/test/auto/RunningMaximum.xml (RunModel)" time="0.019" />
  <testcase classname="ptolemy.util.test.junit.AutoTests" name="[322] /home/travis/build/icyphy/ptII/ptolemy/actor/lib/test/auto/RunningMinimum.xml (RunModel)" time="0.021" />
  <testcase classname="ptolemy.util.test.junit.AutoTests" name="[323] /home/travis/build/icyphy/ptII/ptolemy/actor/lib/test/auto/Scale.xml (RunModel)" time="0.013" />
  <testcase classname="ptolemy.util.test.junit.AutoTests" name="[324] /home/travis/build/icyphy/ptII/ptolemy/actor/lib/test/auto/Scale2.xml (RunModel)" time="0.01" />
  <testcase classname="ptolemy.util.test.junit.AutoTests" name="[325] /home/travis/build/icyphy/ptII/ptolemy/actor/lib/test/auto/Scale3.xml (RunModel)" time="0.02" />
  <testcase classname="ptolemy.util.test.junit.AutoTests" name="[326] /home/travis/build/icyphy/ptII/ptolemy/actor/lib/test/auto/ScaleArray.xml (RunModel)" time="0.008" />
  <testcase classname="ptolemy.util.test.junit.AutoTests" name="[327] /home/travis/build/icyphy/ptII/ptolemy/actor/lib/test/auto/ScaleArray2.xml (RunModel)" time="0.008" />
  <testcase classname="ptolemy.util.test.junit.AutoTests" name="[328] /home/travis/build/icyphy/ptII/ptolemy/actor/lib/test/auto/ScaleMatrix.xml (RunModel)" time="0.157" />
  <testcase classname="ptolemy.util.test.junit.AutoTests" name="[329] /home/travis/build/icyphy/ptII/ptolemy/actor/lib/test/auto/Select.xml (RunModel)" time="0.018" />
  <testcase classname="ptolemy.util.test.junit.AutoTests" name="[330] /home/travis/build/icyphy/ptII/ptolemy/actor/lib/test/auto/Select2.xml (RunModel)" time="0.008" />
  <testcase classname="ptolemy.util.test.junit.AutoTests" name="[331] /home/travis/build/icyphy/ptII/ptolemy/actor/lib/test/auto/SequenceToArray2.xml (RunModel)" time="0.155" />
  <testcase classname="ptolemy.util.test.junit.AutoTests" name="[332] /home/travis/build/icyphy/ptII/ptolemy/actor/lib/test/auto/SequentialClock.xml (RunModel)" time="0.011" />
  <testcase classname="ptolemy.util.test.junit.AutoTests" name="[333] /home/travis/build/icyphy/ptII/ptolemy/actor/lib/test/auto/SetVariable.xml (RunModel)" time="0.011" />
  <testcase classname="ptolemy.util.test.junit.AutoTests" name="[334] /home/travis/build/icyphy/ptII/ptolemy/actor/lib/test/auto/SetVariable2.xml (RunModel)" time="0.01" />
  <testcase classname="ptolemy.util.test.junit.AutoTests" name="[335] /home/travis/build/icyphy/ptII/ptolemy/actor/lib/test/auto/SetVariable3.xml (RunModel)" time="0.018" />
  <testcase classname="ptolemy.util.test.junit.AutoTests" name="[336] /home/travis/build/icyphy/ptII/ptolemy/actor/lib/test/auto/SetVariable4.xml (RunModel)" time="0.03" />
  <testcase classname="ptolemy.util.test.junit.AutoTests" name="[337] /home/travis/build/icyphy/ptII/ptolemy/actor/lib/test/auto/SetVariable5.xml (RunModel)" time="0.038" />
  <testcase classname="ptolemy.util.test.junit.AutoTests" name="[338] /home/travis/build/icyphy/ptII/ptolemy/actor/lib/test/auto/Sinewave.xml (RunModel)" time="0.027" />
  <testcase classname="ptolemy.util.test.junit.AutoTests" name="[339] /home/travis/build/icyphy/ptII/ptolemy/actor/lib/test/auto/Sinewave2.xml (RunModel)" time="0.015" />
  <testcase classname="ptolemy.util.test.junit.AutoTests" name="[340] /home/travis/build/icyphy/ptII/ptolemy/actor/lib/test/auto/Sinewave3.xml (RunModel)" time="0.021" />
  <testcase classname="ptolemy.util.test.junit.AutoTests" name="[341] /home/travis/build/icyphy/ptII/ptolemy/actor/lib/test/auto/SingleEvent.xml (RunModel)" time="0.007" />
  <testcase classname="ptolemy.util.test.junit.AutoTests" name="[342] /home/travis/build/icyphy/ptII/ptolemy/actor/lib/test/auto/Sleep.xml (RunModel)" time="6.015" />
  <testcase classname="ptolemy.util.test.junit.AutoTests" name="[343] /home/travis/build/icyphy/ptII/ptolemy/actor/lib/test/auto/SleepMultipleFire.xml (RunModel)" time="1.018" />
  <testcase classname="ptolemy.util.test.junit.AutoTests" name="[344] /home/travis/build/icyphy/ptII/ptolemy/actor/lib/test/auto/StopDE.xml (RunModel)" time="0.018" />
  <testcase classname="ptolemy.util.test.junit.AutoTests" name="[345] /home/travis/build/icyphy/ptII/ptolemy/actor/lib/test/auto/StopSDF.xml (RunModel)" time="0.011" />
  <testcase classname="ptolemy.util.test.junit.AutoTests" name="[346] /home/travis/build/icyphy/ptII/ptolemy/actor/lib/test/auto/StringConstant.xml (RunModel)" time="0.019" />
  <testcase classname="ptolemy.util.test.junit.AutoTests" name="[347] /home/travis/build/icyphy/ptII/ptolemy/actor/lib/test/auto/SubscriberPortInitialValues1.xml (RunModel)" time="0.019" />
  <testcase classname="ptolemy.util.test.junit.AutoTests" name="[348] /home/travis/build/icyphy/ptII/ptolemy/actor/lib/test/auto/SubscriberPortInitialValues13.xml (RunModel)" time="0.026" />
  <testcase classname="ptolemy.util.test.junit.AutoTests" name="[349] /home/travis/build/icyphy/ptII/ptolemy/actor/lib/test/auto/SubscriberPortInitialValues14.xml (RunModel)" time="0.014" />
  <testcase classname="ptolemy.util.test.junit.AutoTests" name="[350] /home/travis/build/icyphy/ptII/ptolemy/actor/lib/test/auto/SubscriberPortInitialValues2.xml (RunModel)" time="0.015" />
  <testcase classname="ptolemy.util.test.junit.AutoTests" name="[351] /home/travis/build/icyphy/ptII/ptolemy/actor/lib/test/auto/SubscriberPortInitialValues3.xml (RunModel)" time="0.017" />
  <testcase classname="ptolemy.util.test.junit.AutoTests" name="[352] /home/travis/build/icyphy/ptII/ptolemy/actor/lib/test/auto/SubscriptionAggregator.xml (RunModel)" time="0.01" />
  <testcase classname="ptolemy.util.test.junit.AutoTests" name="[353] /home/travis/build/icyphy/ptII/ptolemy/actor/lib/test/auto/SubscriptionAggregator2.xml (RunModel)" time="0.011" />
  <testcase classname="ptolemy.util.test.junit.AutoTests" name="[354] /home/travis/build/icyphy/ptII/ptolemy/actor/lib/test/auto/SubscriptionAggregator3.xml (RunModel)" time="0.015" />
  <testcase classname="ptolemy.util.test.junit.AutoTests" name="[355] /home/travis/build/icyphy/ptII/ptolemy/actor/lib/test/auto/SubscriptionAggregatorMultiply.xml (RunModel)" time="0.022" />
  <testcase classname="ptolemy.util.test.junit.AutoTests" name="[356] /home/travis/build/icyphy/ptII/ptolemy/actor/lib/test/auto/SubscriptionAggregatorPortMultiply1.xml (RunModel)" time="0.017" />
  <testcase classname="ptolemy.util.test.junit.AutoTests" name="[357] /home/travis/build/icyphy/ptII/ptolemy/actor/lib/test/auto/Switch.xml (RunModel)" time="0.017" />
  <testcase classname="ptolemy.util.test.junit.AutoTests" name="[358] /home/travis/build/icyphy/ptII/ptolemy/actor/lib/test/auto/Switch2.xml (RunModel)" time="0.012" />
  <testcase classname="ptolemy.util.test.junit.AutoTests" name="[359] /home/travis/build/icyphy/ptII/ptolemy/actor/lib/test/auto/SwitchDE.xml (RunModel)" time="0.014" />
  <testcase classname="ptolemy.util.test.junit.AutoTests" name="[360] /home/travis/build/icyphy/ptII/ptolemy/actor/lib/test/auto/SynchronizerDE.xml (RunModel)" time="0.019" />
  <testcase classname="ptolemy.util.test.junit.AutoTests" name="[361] /home/travis/build/icyphy/ptII/ptolemy/actor/lib/test/auto/Test.xml (RunModel)" time="0.008" />
  <testcase classname="ptolemy.util.test.junit.AutoTests" name="[362] /home/travis/build/icyphy/ptII/ptolemy/actor/lib/test/auto/TestExceptionAttribute1.xml (RunModel)" time="0.008" />
  <testcase classname="ptolemy.util.test.junit.AutoTests" name="[363] /home/travis/build/icyphy/ptII/ptolemy/actor/lib/test/auto/TestExceptionAttribute2.xml (RunModel)" time="0.012" />
  <testcase classname="ptolemy.util.test.junit.AutoTests" name="[364] /home/travis/build/icyphy/ptII/ptolemy/actor/lib/test/auto/TestExceptionAttribute3.xml (RunModel)" time="0.01" />
  <testcase classname="ptolemy.util.test.junit.AutoTests" name="[365] /home/travis/build/icyphy/ptII/ptolemy/actor/lib/test/auto/TestExceptionAttribute4.xml (RunModel)" time="0.008" />
  <testcase classname="ptolemy.util.test.junit.AutoTests" name="[366] /home/travis/build/icyphy/ptII/ptolemy/actor/lib/test/auto/TestExceptionHandler1.xml (RunModel)" time="0.006" />
  <testcase classname="ptolemy.util.test.junit.AutoTests" name="[367] /home/travis/build/icyphy/ptII/ptolemy/actor/lib/test/auto/TestExceptionHandler2.xml (RunModel)" time="0.01" />
  <testcase classname="ptolemy.util.test.junit.AutoTests" name="[368] /home/travis/build/icyphy/ptII/ptolemy/actor/lib/test/auto/TestExceptionHandler3.xml (RunModel)" time="0.007" />
  <testcase classname="ptolemy.util.test.junit.AutoTests" name="[369] /home/travis/build/icyphy/ptII/ptolemy/actor/lib/test/auto/TestExceptionHandler4.xml (RunModel)" time="0.005" />
  <testcase classname="ptolemy.util.test.junit.AutoTests" name="[370] /home/travis/build/icyphy/ptII/ptolemy/actor/lib/test/auto/TestRequireCorrectOrder.xml (RunModel)" time="0.017" />
  <testcase classname="ptolemy.util.test.junit.AutoTests" name="[371] /home/travis/build/icyphy/ptII/ptolemy/actor/lib/test/auto/TestSimple.xml (RunModel)" time="0.009" />
  <testcase classname="ptolemy.util.test.junit.AutoTests" name="[372] /home/travis/build/icyphy/ptII/ptolemy/actor/lib/test/auto/ThrowModelError.xml (RunModel)" time="0.011" />
  <testcase classname="ptolemy.util.test.junit.AutoTests" name="[373] /home/travis/build/icyphy/ptII/ptolemy/actor/lib/test/auto/TimeDelayMicrosteps.xml (RunModel)" time="0.012" />
  <testcase classname="ptolemy.util.test.junit.AutoTests" name="[374] /home/travis/build/icyphy/ptII/ptolemy/actor/lib/test/auto/TimeDelayMicrosteps2.xml (RunModel)" time="0.014" />
  <testcase classname="ptolemy.util.test.junit.AutoTests" name="[375] /home/travis/build/icyphy/ptII/ptolemy/actor/lib/test/auto/TimeDelayMicrosteps3.xml (RunModel)" time="0.01" />
  <testcase classname="ptolemy.util.test.junit.AutoTests" name="[376] /home/travis/build/icyphy/ptII/ptolemy/actor/lib/test/auto/TimeDelayVariableMicrosteps.xml (RunModel)" time="0.012" />
  <testcase classname="ptolemy.util.test.junit.AutoTests" name="[377] /home/travis/build/icyphy/ptII/ptolemy/actor/lib/test/auto/TimeGap.xml (RunModel)" time="0.015" />
  <testcase classname="ptolemy.util.test.junit.AutoTests" name="[378] /home/travis/build/icyphy/ptII/ptolemy/actor/lib/test/auto/TimeGap2.xml (RunModel)" time="0.01" />
  <testcase classname="ptolemy.util.test.junit.AutoTests" name="[379] /home/travis/build/icyphy/ptII/ptolemy/actor/lib/test/auto/TimedSinewave.xml (RunModel)" time="0.053" />
  <testcase classname="ptolemy.util.test.junit.AutoTests" name="[380] /home/travis/build/icyphy/ptII/ptolemy/actor/lib/test/auto/TimedSinewavePhase.xml (RunModel)" time="0.029" />
  <testcase classname="ptolemy.util.test.junit.AutoTests" name="[381] /home/travis/build/icyphy/ptII/ptolemy/actor/lib/test/auto/Timer.xml (RunModel)" time="0.012" />
  <testcase classname="ptolemy.util.test.junit.AutoTests" name="[382] /home/travis/build/icyphy/ptII/ptolemy/actor/lib/test/auto/TriangularDistTestModel.xml (RunModel)" time="0.015" />
  <testcase classname="ptolemy.util.test.junit.AutoTests" name="[383] /home/travis/build/icyphy/ptII/ptolemy/actor/lib/test/auto/TrigFunction.xml (RunModel)" time="0.008" />
  <testcase classname="ptolemy.util.test.junit.AutoTests" name="[384] /home/travis/build/icyphy/ptII/ptolemy/actor/lib/test/auto/TrigFunctionDE.xml (RunModel)" time="0.01" />
  <testcase classname="ptolemy.util.test.junit.AutoTests" name="[385] /home/travis/build/icyphy/ptII/ptolemy/actor/lib/test/auto/TrigFunctionInverse.xml (RunModel)" time="0.01" />
  <testcase classname="ptolemy.util.test.junit.AutoTests" name="[386] /home/travis/build/icyphy/ptII/ptolemy/actor/lib/test/auto/TrigFunctionTan.xml (RunModel)" time="0.006" />
  <testcase classname="ptolemy.util.test.junit.AutoTests" name="[387] /home/travis/build/icyphy/ptII/ptolemy/actor/lib/test/auto/TriggeredClock.xml (RunModel)" time="0.008" />
  <testcase classname="ptolemy.util.test.junit.AutoTests" name="[388] /home/travis/build/icyphy/ptII/ptolemy/actor/lib/test/auto/URLDirectoryReader.xml (RunModel)" time="0.122" />
  <testcase classname="ptolemy.util.test.junit.AutoTests" name="[389] /home/travis/build/icyphy/ptII/ptolemy/actor/lib/test/auto/URLDirectoryReader3.xml (RunModel)" time="1.839" />
  <testcase classname="ptolemy.util.test.junit.AutoTests" name="[390] /home/travis/build/icyphy/ptII/ptolemy/actor/lib/test/auto/UnaryMathFunction.xml (RunModel)" time="0.035" />
  <testcase classname="ptolemy.util.test.junit.AutoTests" name="[391] /home/travis/build/icyphy/ptII/ptolemy/actor/lib/test/auto/Uniform.xml (RunModel)" time="0.016" />
  <testcase classname="ptolemy.util.test.junit.AutoTests" name="[392] /home/travis/build/icyphy/ptII/ptolemy/actor/lib/test/auto/UnionDisassemblerTest.xml (RunModel)" time="0.024" />
  <testcase classname="ptolemy.util.test.junit.AutoTests" name="[393] /home/travis/build/icyphy/ptII/ptolemy/actor/lib/test/auto/UtilityFunctions.xml (RunModel)" time="0.008" />
  <testcase classname="ptolemy.util.test.junit.AutoTests" name="[394] /home/travis/build/icyphy/ptII/ptolemy/actor/lib/test/auto/VariableSleep.xml (RunModel)" time="0.512" />
  <testcase classname="ptolemy.util.test.junit.AutoTests" name="[395] /home/travis/build/icyphy/ptII/ptolemy/actor/lib/test/auto/VectorAssemblerDisassemblerCT.xml (RunModel)" time="0.118" />
  <testcase classname="ptolemy.util.test.junit.AutoTests" name="[396] /home/travis/build/icyphy/ptII/ptolemy/actor/lib/test/auto/VectorAssemblerDisassemblerDE.xml (RunModel)" time="0.013" />
  <testcase classname="ptolemy.util.test.junit.AutoTests" name="[397] /home/travis/build/icyphy/ptII/ptolemy/actor/lib/test/auto/VectorAssemblerDisassemblerSDF.xml (RunModel)" time="0.013" />
  <testcase classname="ptolemy.util.test.junit.AutoTests" name="[398] /home/travis/build/icyphy/ptII/ptolemy/actor/lib/test/auto/WallClockTime.xml (RunModel)" time="1.013" />
  <testcase classname="ptolemy.util.test.junit.AutoTests" name="[399] /home/travis/build/icyphy/ptII/ptolemy/actor/lib/test/auto/WidthTestWithSubscriberPublisher.xml (RunModel)" time="0.034" />
  <testcase classname="ptolemy.util.test.junit.AutoTests" name="[400] /home/travis/build/icyphy/ptII/ptolemy/actor/lib/test/auto/WidthTestWithSubscriberPublisher2.xml (RunModel)" time="0.016" />
  <testcase classname="ptolemy.util.test.junit.AutoTests" name="[401] /home/travis/build/icyphy/ptII/ptolemy/actor/lib/test/auto/WidthTestWithSubscriberPublisher3.xml (RunModel)" time="0.009" />
  <testcase classname="ptolemy.util.test.junit.AutoTests" name="[402] /home/travis/build/icyphy/ptII/ptolemy/actor/lib/test/auto/Writer.xml (RunModel)" time="0.007" />
  <testcase classname="ptolemy.util.test.junit.AutoTests" name="[403] /home/travis/build/icyphy/ptII/ptolemy/actor/lib/test/auto/array.xml (RunModel)" time="0.012" />
  <testcase classname="ptolemy.util.test.junit.AutoTests" name="[404] /home/travis/build/icyphy/ptII/ptolemy/actor/lib/test/auto/array2.xml (RunModel)" time="0.01" />
  <testcase classname="ptolemy.util.test.junit.AutoTests" name="[405] /home/travis/build/icyphy/ptII/ptolemy/actor/lib/test/auto/arrayType.xml (RunModel)" time="0.01" />
  <testcase classname="ptolemy.util.test.junit.AutoTests" name="[406] /home/travis/build/icyphy/ptII/ptolemy/actor/lib/test/auto/arrayType10.xml (RunModel)" time="0.007" />
  <testcase classname="ptolemy.util.test.junit.AutoTests" name="[407] /home/travis/build/icyphy/ptII/ptolemy/actor/lib/test/auto/arrayType11.xml (RunModel)" time="0.008" />
  <testcase classname="ptolemy.util.test.junit.AutoTests" name="[408] /home/travis/build/icyphy/ptII/ptolemy/actor/lib/test/auto/arrayType12.xml (RunModel)" time="0.009" />
  <testcase classname="ptolemy.util.test.junit.AutoTests" name="[409] /home/travis/build/icyphy/ptII/ptolemy/actor/lib/test/auto/arrayType13.xml (RunModel)" time="0.01" />
  <testcase classname="ptolemy.util.test.junit.AutoTests" name="[410] /home/travis/build/icyphy/ptII/ptolemy/actor/lib/test/auto/arrayType14.xml (RunModel)" time="0.008" />
  <testcase classname="ptolemy.util.test.junit.AutoTests" name="[411] /home/travis/build/icyphy/ptII/ptolemy/actor/lib/test/auto/arrayType15.xml (RunModel)" time="0.011" />
  <testcase classname="ptolemy.util.test.junit.AutoTests" name="[412] /home/travis/build/icyphy/ptII/ptolemy/actor/lib/test/auto/arrayType16.xml (RunModel)" time="0.009" />
  <testcase classname="ptolemy.util.test.junit.AutoTests" name="[413] /home/travis/build/icyphy/ptII/ptolemy/actor/lib/test/auto/arrayType17.xml (RunModel)" time="0.009" />
  <testcase classname="ptolemy.util.test.junit.AutoTests" name="[414] /home/travis/build/icyphy/ptII/ptolemy/actor/lib/test/auto/arrayType18.xml (RunModel)" time="0.009" />
  <testcase classname="ptolemy.util.test.junit.AutoTests" name="[415] /home/travis/build/icyphy/ptII/ptolemy/actor/lib/test/auto/arrayType19.xml (RunModel)" time="0.008" />
  <testcase classname="ptolemy.util.test.junit.AutoTests" name="[416] /home/travis/build/icyphy/ptII/ptolemy/actor/lib/test/auto/arrayType2.xml (RunModel)" time="0.008" />
  <testcase classname="ptolemy.util.test.junit.AutoTests" name="[417] /home/travis/build/icyphy/ptII/ptolemy/actor/lib/test/auto/arrayType20.xml (RunModel)" time="0.008" />
  <testcase classname="ptolemy.util.test.junit.AutoTests" name="[418] /home/travis/build/icyphy/ptII/ptolemy/actor/lib/test/auto/arrayType21.xml (RunModel)" time="0.008" />
  <testcase classname="ptolemy.util.test.junit.AutoTests" name="[419] /home/travis/build/icyphy/ptII/ptolemy/actor/lib/test/auto/arrayType22.xml (RunModel)" time="0.007" />
  <testcase classname="ptolemy.util.test.junit.AutoTests" name="[420] /home/travis/build/icyphy/ptII/ptolemy/actor/lib/test/auto/arrayType23.xml (RunModel)" time="0.007" />
  <testcase classname="ptolemy.util.test.junit.AutoTests" name="[421] /home/travis/build/icyphy/ptII/ptolemy/actor/lib/test/auto/arrayType24.xml (RunModel)" time="0.008" />
  <testcase classname="ptolemy.util.test.junit.AutoTests" name="[422] /home/travis/build/icyphy/ptII/ptolemy/actor/lib/test/auto/arrayType25.xml (RunModel)" time="0.008" />
  <testcase classname="ptolemy.util.test.junit.AutoTests" name="[423] /home/travis/build/icyphy/ptII/ptolemy/actor/lib/test/auto/arrayType26.xml (RunModel)" time="0.008" />
  <testcase classname="ptolemy.util.test.junit.AutoTests" name="[424] /home/travis/build/icyphy/ptII/ptolemy/actor/lib/test/auto/arrayType27.xml (RunModel)" time="0.009" />
  <testcase classname="ptolemy.util.test.junit.AutoTests" name="[425] /home/travis/build/icyphy/ptII/ptolemy/actor/lib/test/auto/arrayType28.xml (RunModel)" time="0.009" />
  <testcase classname="ptolemy.util.test.junit.AutoTests" name="[426] /home/travis/build/icyphy/ptII/ptolemy/actor/lib/test/auto/arrayType3.xml (RunModel)" time="0.008" />
  <testcase classname="ptolemy.util.test.junit.AutoTests" name="[427] /home/travis/build/icyphy/ptII/ptolemy/actor/lib/test/auto/arrayType4.xml (RunModel)" time="0.01" />
  <testcase classname="ptolemy.util.test.junit.AutoTests" name="[428] /home/travis/build/icyphy/ptII/ptolemy/actor/lib/test/auto/arrayType5.xml (RunModel)" time="0.008" />
  <testcase classname="ptolemy.util.test.junit.AutoTests" name="[429] /home/travis/build/icyphy/ptII/ptolemy/actor/lib/test/auto/arrayType6.xml (RunModel)" time="0.007" />
  <testcase classname="ptolemy.util.test.junit.AutoTests" name="[430] /home/travis/build/icyphy/ptII/ptolemy/actor/lib/test/auto/arrayType7.xml (RunModel)" time="0.007" />
  <testcase classname="ptolemy.util.test.junit.AutoTests" name="[431] /home/travis/build/icyphy/ptII/ptolemy/actor/lib/test/auto/arrayType8.xml (RunModel)" time="0.012" />
  <testcase classname="ptolemy.util.test.junit.AutoTests" name="[432] /home/travis/build/icyphy/ptII/ptolemy/actor/lib/test/auto/arrayType9.xml (RunModel)" time="0.018" />
  <testcase classname="ptolemy.util.test.junit.AutoTests" name="[433] /home/travis/build/icyphy/ptII/ptolemy/actor/lib/test/auto/cast.xml (RunModel)" time="0.008" />
  <testcase classname="ptolemy.util.test.junit.AutoTests" name="[434] /home/travis/build/icyphy/ptII/ptolemy/actor/lib/test/auto/compositeMultiPort.xml (RunModel)" time="0.016" />
  <testcase classname="ptolemy.util.test.junit.AutoTests" name="[435] /home/travis/build/icyphy/ptII/ptolemy/actor/lib/test/auto/expressionCastInference.xml (RunModel)" time="0.009" />
  <testcase classname="ptolemy.util.test.junit.AutoTests" name="[436] /home/travis/build/icyphy/ptII/ptolemy/actor/lib/test/auto/expressionCastInference2.xml (RunModel)" time="0.007" />
  <testcase classname="ptolemy.util.test.junit.AutoTests" name="[437] /home/travis/build/icyphy/ptII/ptolemy/actor/lib/test/auto/expressionInference.xml (RunModel)" time="0.008" />
  <testcase classname="ptolemy.util.test.junit.AutoTests" name="[438] /home/travis/build/icyphy/ptII/ptolemy/actor/lib/test/auto/expression_bug.xml (RunModel)" time="0.007" />
  <testcase classname="ptolemy.util.test.junit.AutoTests" name="[439] /home/travis/build/icyphy/ptII/ptolemy/actor/lib/test/auto/factorial.xml (RunModel)" time="0.055" />
  <testcase classname="ptolemy.util.test.junit.AutoTests" name="[440] /home/travis/build/icyphy/ptII/ptolemy/actor/lib/test/auto/filterTest1.xml (RunModel)" time="0.013" />
  <testcase classname="ptolemy.util.test.junit.AutoTests" name="[441] /home/travis/build/icyphy/ptII/ptolemy/actor/lib/test/auto/funcApplyInConst.xml (RunModel)" time="0.006" />
  <testcase classname="ptolemy.util.test.junit.AutoTests" name="[442] /home/travis/build/icyphy/ptII/ptolemy/actor/lib/test/auto/funcApplyInExpr.xml (RunModel)" time="0.006" />
  <testcase classname="ptolemy.util.test.junit.AutoTests" name="[443] /home/travis/build/icyphy/ptII/ptolemy/actor/lib/test/auto/function.xml (RunModel)" time="0.013" />
  <testcase classname="ptolemy.util.test.junit.AutoTests" name="[444] /home/travis/build/icyphy/ptII/ptolemy/actor/lib/test/auto/function2.xml (RunModel)" time="0.032" />
  <testcase classname="ptolemy.util.test.junit.AutoTests" name="[445] /home/travis/build/icyphy/ptII/ptolemy/actor/lib/test/auto/function3.xml (RunModel)" time="0.034" />
  <testcase classname="ptolemy.util.test.junit.AutoTests" name="[446] /home/travis/build/icyphy/ptII/ptolemy/actor/lib/test/auto/functionClosureTest1.xml (RunModel)" time="0.044" />
  <testcase classname="ptolemy.util.test.junit.AutoTests" name="[447] /home/travis/build/icyphy/ptII/ptolemy/actor/lib/test/auto/functionClosureTest2.xml (RunModel)" time="0.041" />
  <testcase classname="ptolemy.util.test.junit.AutoTests" name="[448] /home/travis/build/icyphy/ptII/ptolemy/actor/lib/test/auto/functionClosureTest3.xml (RunModel)" time="0.029" />
  <testcase classname="ptolemy.util.test.junit.AutoTests" name="[449] /home/travis/build/icyphy/ptII/ptolemy/actor/lib/test/auto/functionClosureTest4.xml (RunModel)" time="0.032" />
  <testcase classname="ptolemy.util.test.junit.AutoTests" name="[450] /home/travis/build/icyphy/ptII/ptolemy/actor/lib/test/auto/functionClosureTest5.xml (RunModel)" time="0.012" />
  <testcase classname="ptolemy.util.test.junit.AutoTests" name="[451] /home/travis/build/icyphy/ptII/ptolemy/actor/lib/test/auto/functionClosureTest6.xml (RunModel)" time="0.008" />
  <testcase classname="ptolemy.util.test.junit.AutoTests" name="[452] /home/travis/build/icyphy/ptII/ptolemy/actor/lib/test/auto/functionsOnArcs.xml (RunModel)" time="0.011" />
  <testcase classname="ptolemy.util.test.junit.AutoTests" name="[453] /home/travis/build/icyphy/ptII/ptolemy/actor/lib/test/auto/functionsOnArcsHOF.xml (RunModel)" time="0.011" />
  <testcase classname="ptolemy.util.test.junit.AutoTests" name="[454] /home/travis/build/icyphy/ptII/ptolemy/actor/lib/test/auto/logic.xml (RunModel)" time="0.016" />
  <testcase classname="ptolemy.util.test.junit.AutoTests" name="[455] /home/travis/build/icyphy/ptII/ptolemy/actor/lib/test/auto/matrixType.xml (RunModel)" time="0.009" />
  <testcase classname="ptolemy.util.test.junit.AutoTests" name="[456] /home/travis/build/icyphy/ptII/ptolemy/actor/lib/test/auto/matrixType10.xml (RunModel)" time="0.009" />
  <testcase classname="ptolemy.util.test.junit.AutoTests" name="[457] /home/travis/build/icyphy/ptII/ptolemy/actor/lib/test/auto/matrixType11.xml (RunModel)" time="0.008" />
  <testcase classname="ptolemy.util.test.junit.AutoTests" name="[458] /home/travis/build/icyphy/ptII/ptolemy/actor/lib/test/auto/matrixType12.xml (RunModel)" time="0.01" />
  <testcase classname="ptolemy.util.test.junit.AutoTests" name="[459] /home/travis/build/icyphy/ptII/ptolemy/actor/lib/test/auto/matrixType13.xml (RunModel)" time="0.008" />
  <testcase classname="ptolemy.util.test.junit.AutoTests" name="[460] /home/travis/build/icyphy/ptII/ptolemy/actor/lib/test/auto/matrixType14.xml (RunModel)" time="0.01" />
  <testcase classname="ptolemy.util.test.junit.AutoTests" name="[461] /home/travis/build/icyphy/ptII/ptolemy/actor/lib/test/auto/matrixType2.xml (RunModel)" time="0.008" />
  <testcase classname="ptolemy.util.test.junit.AutoTests" name="[462] /home/travis/build/icyphy/ptII/ptolemy/actor/lib/test/auto/matrixType3.xml (RunModel)" time="0.01" />
  <testcase classname="ptolemy.util.test.junit.AutoTests" name="[463] /home/travis/build/icyphy/ptII/ptolemy/actor/lib/test/auto/matrixType4.xml (RunModel)" time="0.009" />
  <testcase classname="ptolemy.util.test.junit.AutoTests" name="[464] /home/travis/build/icyphy/ptII/ptolemy/actor/lib/test/auto/matrixType5.xml (RunModel)" time="0.008" />
  <testcase classname="ptolemy.util.test.junit.AutoTests" name="[465] /home/travis/build/icyphy/ptII/ptolemy/actor/lib/test/auto/matrixType6.xml (RunModel)" time="0.008" />
  <testcase classname="ptolemy.util.test.junit.AutoTests" name="[466] /home/travis/build/icyphy/ptII/ptolemy/actor/lib/test/auto/matrixType7.xml (RunModel)" time="0.009" />
  <testcase classname="ptolemy.util.test.junit.AutoTests" name="[467] /home/travis/build/icyphy/ptII/ptolemy/actor/lib/test/auto/matrixType8.xml (RunModel)" time="0.008" />
  <testcase classname="ptolemy.util.test.junit.AutoTests" name="[468] /home/travis/build/icyphy/ptII/ptolemy/actor/lib/test/auto/matrixType9.xml (RunModel)" time="0.008" />
  <testcase classname="ptolemy.util.test.junit.AutoTests" name="[469] /home/travis/build/icyphy/ptII/ptolemy/actor/lib/test/auto/paraFunctest.xml (RunModel)" time="0.006" />
  <testcase classname="ptolemy.util.test.junit.AutoTests" name="[470] /home/travis/build/icyphy/ptII/ptolemy/actor/lib/test/auto/paraFunctest2.xml (RunModel)" time="0.011" />
  <testcase classname="ptolemy.util.test.junit.AutoTests" name="[471] /home/travis/build/icyphy/ptII/ptolemy/actor/lib/test/auto/parameterPassing.xml (RunModel)" time="0.012" />
  <testcase classname="ptolemy.util.test.junit.AutoTests" name="[472] /home/travis/build/icyphy/ptII/ptolemy/actor/lib/test/auto/record.xml (RunModel)" time="0.009" />
  <testcase classname="ptolemy.util.test.junit.AutoTests" name="[473] /home/travis/build/icyphy/ptII/ptolemy/actor/lib/test/auto/sizedarray1.xml (RunModel)" time="0.009" />
  <testcase classname="ptolemy.util.test.junit.AutoTests" name="[474] /home/travis/build/icyphy/ptII/ptolemy/actor/lib/test/auto/sizedarray2.xml (RunModel)" time="0.01" />
  <testcase classname="ptolemy.util.test.junit.AutoTests" name="[475] /home/travis/build/icyphy/ptII/ptolemy/actor/lib/test/auto/twoPublishers.xml (RunModel)" time="0.026" />
  <system-out><![CDATA[/home/travis/build/icyphy/ptII/ptolemy/actor/lib/test/AbsoluteValue.tcl
testDefs.tcl: setting time out to 9000 seconds at Tue Feb 25 07:10:24 UTC 2020
131 ms. Memory: 129024K Free: 93127K (72%)
9 ms. Memory: 129024K Free: 91079K (71%)
5 ms. Memory: 129024K Free: 90559K (70%)
4 ms. Memory: 129024K Free: 89527K (69%)
/home/travis/build/icyphy/ptII/ptolemy/actor/lib/test/AddSubtract.tcl
10 ms. Memory: 129024K Free: 87493K (68%)
6 ms. Memory: 129024K Free: 86983K (67%)
6 ms. Memory: 129024K Free: 85959K (67%)
9 ms. Memory: 129024K Free: 85439K (66%)
56 ms. Memory: 129024K Free: 82373K (64%)
13 ms. Memory: 129024K Free: 81349K (63%)
/home/travis/build/icyphy/ptII/ptolemy/actor/lib/test/Average.tcl
19 ms. Memory: 129024K Free: 79815K (62%)
9 ms. Memory: 129024K Free: 78791K (61%)
/home/travis/build/icyphy/ptII/ptolemy/actor/lib/test/Bernoulli.tcl
5 ms. Memory: 129024K Free: 77239K (60%)
7 ms. Memory: 129024K Free: 76743K (59%)
/home/travis/build/icyphy/ptII/ptolemy/actor/lib/test/Clock.tcl
preinitializing
resolving types
initializing
executing number 1
wrapping up
idle
20 ms. Memory: 129024K Free: 74181K (57%)
Completed execution with 5 iterations
preinitializing
resolving types
initializing
executing number 1
wrapping up
idle
4 ms. Memory: 129024K Free: 73127K (57%)
Completed execution with 5 iterations
preinitializing
resolving types
initializing
executing number 1
wrapping up
idle
4 ms. Memory: 129024K Free: 72647K (56%)
Completed execution with 5 iterations
/home/travis/build/icyphy/ptII/ptolemy/actor/lib/test/Commutator.tcl
10 ms. Memory: 129024K Free: 70599K (55%)
16 ms. Memory: 129024K Free: 69575K (54%)
19 ms. Memory: 129024K Free: 63911K (50%)
/home/travis/build/icyphy/ptII/ptolemy/actor/lib/test/Const.tcl
17 ms. Memory: 129024K Free: 62407K (48%)
2 ms. Memory: 129024K Free: 61879K (48%)
11 ms. Memory: 129024K Free: 61383K (48%)
10 ms. Memory: 129024K Free: 60863K (47%)
5 ms. Memory: 129024K Free: 60359K (47%)
22 ms. Memory: 129024K Free: 58821K (46%)
5 ms. Memory: 129024K Free: 57287K (44%)
4 ms. Memory: 129024K Free: 56767K (44%)
/home/travis/build/icyphy/ptII/ptolemy/actor/lib/test/CurrentTime.tcl
preinitializing
resolving types
initializing
executing number 1
wrapping up
idle
11 ms. Memory: 129024K Free: 54711K (42%)
Completed execution with 11 iterations
/home/travis/build/icyphy/ptII/ptolemy/actor/lib/test/DB.tcl
12 ms. Memory: 129024K Free: 53191K (41%)
7 ms. Memory: 129024K Free: 52167K (40%)
2 ms. Memory: 129024K Free: 51653K (40%)
/home/travis/build/icyphy/ptII/ptolemy/actor/lib/test/DiscreteRandomSource.tcl
preinitializing
resolving types
initializing
executing number 1
wrapping up
idle
6 ms. Memory: 129024K Free: 50119K (39%)
Completed execution with 4 iterations
preinitializing
resolving types
initializing
executing number 1
wrapping up
idle
11 ms. Memory: 129024K Free: 49575K (38%)
Completed execution with 4 iterations
preinitializing
resolving types
initializing
executing number 1
wrapping up
idle
3 ms. Memory: 129024K Free: 49095K (38%)
Completed execution with 4 iterations
preinitializing
resolving types
initializing
executing number 1
wrapping up
idle
11 ms. Memory: 129024K Free: 48575K (38%)
Completed execution with 4 iterations
preinitializing
resolving types
initializing
executing number 1
wrapping up
idle
4 ms. Memory: 129024K Free: 48071K (37%)
Completed execution with 4 iterations
/home/travis/build/icyphy/ptII/ptolemy/actor/lib/test/Distributor.tcl
5 ms. Memory: 129024K Free: 113041K (88%)
3 ms. Memory: 129024K Free: 112453K (87%)
StreamChangeRequest.changeExecuted(): <deleteEntity name="rec2"/> succeeded
StreamChangeRequest.changeExecuted(): <deleteRelation name="r2"/> succeeded
StreamChangeRequest.changeExecuted(): Record firings per iteration succeeded
5 ms. Memory: 129024K Free: 109596K (85%)
/home/travis/build/icyphy/ptII/ptolemy/actor/lib/test/Exit.tcl
Exit.tcl: this will print a message about Manager.exitAfterWrapup, which can be ignored.
7 ms. Memory: 129024K Free: 106874K (83%)
/home/travis/build/icyphy/ptII/ptolemy/actor/lib/test/Expression.tcl
13 ms. Memory: 129024K Free: 103451K (80%)
3 ms. Memory: 129024K Free: 102823K (80%)
3 ms. Memory: 129024K Free: 102213K (79%)
preinitializing
resolving types
initializing
executing number 1
wrapping up
idle
5 ms. Memory: 129024K Free: 100380K (78%)
Completed execution with 6 iterations
11 ms. Memory: 129024K Free: 99745K (77%)
9 ms. Memory: 129024K Free: 99141K (77%)
4 ms. Memory: 129024K Free: 97697K (76%)
4 ms. Memory: 129024K Free: 96649K (75%)
23 ms. Memory: 129024K Free: 112858K (87%)
/home/travis/build/icyphy/ptII/ptolemy/actor/lib/test/Gaussian.tcl
5 ms. Memory: 129024K Free: 111306K (86%)
sleeping 1 seconds: .................................................................................................................................................................................................................................................................................................................................................................................................................................................................................................................................................................................................................................................................................................................................................................................................................................................................................................................................................................................................................................................................................................................................................................................................................................................................................................................................................................................................................................................................................................................................................................................................................................................................................................................................................................................................................................................................................................................................................................................................................................................................................................................................................................................................................................................................................................................................................................................................................................................................................................................................................................................................................................................................................................................................................................................................................................................................................................................................................................................................................................................................................................................................................................................................................................................................................................................................................................................................................................................................................................................................................................................................................................................................................................................................................................................................................................................................................................................................................................................................................................................................................................................................................................................................................................................................................................................................................................................................................................................................................................................................................................................................................................................................................................................................................................................................................................................................................................................................................................................................................................................................................................................................................................................................................................................................................................................................................................................................................................................................................................................................................................................................................................................................................................................................................................................................................................................................................................................................................................................................................................................................................................................................................................................................................................................................................................................................................................................................................................................................................................................................................................................................................................................................................................................................................................................................................................................................................................................................................................................................................................................................................................................................................................................................................................................................................................................................................................................................................................................................................................................................................................................................................................................................................................................................................................................................................................................................................................................................................................................................................................................................................................................................................................................................................................................................................................................................................................................................................................................................................................................................................................................................................................................................................................................................................................................................................................................................................................................................................................................................................................................................................................................................................................................................................................................................................................................................................................................................................................................................................................................................................................................................................................................................................................................................................................................................................................................................................................................................................................................................................................................................................................................................................................................................................................................................................................................................................................................................................................................................................................................................................................................................................................................................................................................................................................................................................................................................................................................................................................................................................................................................................................................................................................................................................................................................................................................................................................................................................................................................................................................................................................................................................................................................................................................................................................................................................................................................................................................................................................................................................................................................................................................................................................................................................................................................................................................................................................................................................................................................................................................................................................................................................................................................................................................................................................................................................................................................................................................................................................................................................................................................................................................................................................................................................................................................................................................................................................................................................................................................................................................................................................................................................................................................................................................................................................................................................................................................................................................................................................................................................................................................................................................................................................................................................................................................................................................................................................................................................................................................................................................................................................................................................................................................................................................................................................................................................................................................................................................................................................................................................................................................................................................................................................................................................................................................................................................................................................................................................................................................................................................................................................................................................................................................................................................................................................................................................................................................................................................................................................................................................................................................................................................................................................................................................................................................................................................................................................................................................................................................................................................................................................................................................................................................................................................................................................................................................................................................................................................................................................................................................................................................................................................................................................................................................................................................................................................................................................................................................................................................................................................................................................................................................................................................................................................................................................................................................................................................................................................................................................................................................................................................................................................................................................................................................................................................................................................................................................................................................................................................................................................................................................................................................................................................................................................................................................................................................................................................................................................................................................................................................................................................................................................................................................................................................................................................................................................................................................................................................................................................................................................................................................................................................................................................................................................................................................................................................................................................................................................................................................................................................................................................................................................................................................................................................................................................................................................................................................................................................................................................................................................................................................................................................................................................................................................................................................................................................................................................................................................................................................................................................................................................................................................................................................................................................................................................................................................................................................................................................................................................................................................................................................................................................................................................................................................................................................................................................................................................................................................................................................................................................................................................................................................................................................................................................................................................................................................................................................................................................................................................................................................................................................................................................................................................................................................................................................................................................................................................................................................................................................................................................................................................................................................................................................................................................................................................................................................................................................................................................................................................................................................................................................................................................................................................................................................................................................................................................................................................................................................................................................................................................................................................................................................................................................................................................................................................................................................................................................................................................................................................................................................................................................................................................................................................................................................................................................................................................................................................................................................................................................................................................................................................................................................................................................................................................................................................................................................................................................................................................................................................................................................................................................................................................................................................................................................................................................................................................................................................................................................................................................................................................................................................................................................................................................................................................................................................................................................................................................................................................................................................................................................................................................................................................................................................................................................................................................................................................................................................................................................................................................................................................................................................................................................................................................................................................................................................................................................................................................................................................................................................................................................................................................................................................................................................................................................................................................................................................................................................................................................................................................................................................................................................................................................................................................................................................................................................................................................................................................................................................................................................................................................................................................................................................................................................................................................................................................................................................................................................................................................................................................................................................................................................................................................................................................................................................................................................................................................................................................................................................................................................................................................................................................................................................................................................................................................................................................................................................................................................................................................................................................................................................................................................................................................................................................................................................................................................................................................................................................................................................................................................................................................................................................................................................................................................................................................................................................................................................................................................................................................................................................................................................................................................................................................................................................................................................................................................................................................................................................................................................................................................................................................................................................................................................................................................................................................................................................................................................................................................................................................................................................................................................................................................................................................................................................................................................................................................................................................................................................................................................................................................................................................................................................................................................................................................................................................................................................................................................................................................................................................................................................................................................................................................................................................................................................................................................................................................................................................................................................................................................................................................................................................................................................................................................................................................................................................................................................................................................................................................................................................................................................................................................................................................................................................................................................................................................................................................................................................................................................................................................................................................................................................................................................................................................................................................................................................................................................................................................................................................................................................................................................................................................................................................................................................................................................................................................................................................................................................................................................................................................................................................................................................................................................................................................................................................................................................................................................................................................................................................................................................................................................................................................................................................................................................................................................................................................................................................................................................................................................................................................................................................................................................................................................................................................................................................................................................................................................................................................................................................................................................................................................................................................................................................................................................................................................................................................................................................................................................................................................................................................................................................................................................................................................................................................................................................................................................................................................................................................................................................................................................................................................................................................................................................................................................................................................................................................................................................................................................................................................................................................................................................................................................................................................................................................................................................................................................................................................................................................................................................................................................................................................................................................................................................................................................................................................................................................................................................................................................................................................................................................................................................................................................................................................................................................................................................................................................................................................................................................................................................................................................................................................................................................................................................................................................................................................................................................................................................................................................................................................................................................................................................................................................................................................................................................................................................................................................................................................................................................................................................................................................................................................................................................................................................................................................................................................................................................................................................................................................................................................................................................................................................................................................................................................................................................................................................................................................................................................................................................................................................................................................................................................................................................................................................................................................................................................................................................................................................................................................................................................................................................................................................................................................................................................................................................................................................................................................................................................................................................................................................................................................................................................................................................................................................................................................................................................................................................................................................................................................................................................................................................................................................................................................................................................................................................................................................................................................................................................................................................................................................................................................................................................................................................................................................................................................................................................................................................................................................................................................................................................................................................................................................................................................................................................................................................................................................................................................................................................................................................................................................................................................................................................................................................................................................................................................................................................................................................................................................................................................................................................................................................................................................................................................................................................................................................................................................................................................................................................................................................................................................................................................................................................................................................................................................................................................................................................................................................................................................................................................................................................................................................................................................................................................................................................................................................................................................................................................................................................................................................................................................................................................................................................................................................................................................................................................................................................................................................................................................................................................................................................................................................................................................................................................................................................................................................................................................................................................................................................................................................................................................................................................................................................................................................................................................................................................................................................................................................................................................................................................................................................................................................................................................................................................................................................................................................................................................................................................................................................................................................................................................................................................................................................................................................................................................................................................................................................................................................................................................................................................................................................................................................................................................................................................................................................................................................................................................................................................................................................................................................................................................................................................................................................................................................................................................................................................................................................................................................................................................................................................................................................................................................................................................................................................................................................................................................................................................................................................................................................................................................................................................................................................................................................................................................................................................................................................................................................................................................................................................................................................................................................................................................................................................................................................................................................................................................................................................................................................................................................................................................................................................................................................................................................................................................................................................................................................................................................................................................................................................................................................................................................................................................................................................................................................................................................................................................................................................................................................................................................................................................................................................................................................................................................................................................................................................................................................................................................................................................................................................................................................................................................................................................................................................................................................................................................................................................................................................................................................................................................................................................................................................................................................................................................................................................................................................................................................................................................................................................................................................................................................................................................................................................................................................................................................................................................................................................................................................................................................................................................................................................................................................................................................................................................................................................................................................................................................................................................................................................................................................................................................................................................................................................................................................................................................................................................................................................................................................................................................................................................................................................................................................................................................................................................................................................................................................................................................................................................................................................................................................................................................................................................................................................................................................................................................................................................................................................................................................................................................................................................................................................................................................................................................................................................................................................................................................................................................................................................................................................................................................................................................................................................................................................................................................................................................................................................................................................................................................................................................................................................................................................................................................................................................................................................................................................................................................................................................................................................................................................................................................................................................................................................................................................................................................................................................................................................................................................................................................................................................................................................................................................................................................................................................................................................................................................................................................................................................................................................................................................................................................................................................................................................................................................................................................................................................................................................................................................................................................................................................................................................................................................................................................................................................................................................................................................................................................................................................................................................................................................................................................................................................................................................................................................................................................................................................................................................................................................................................................................................................................................................................................................................................................................................................................................................................................................................................................................................................................................................................................................................................................................................................................................................................................................................................................................................................................................................................................................................................................................................................................................................................................................................................................................................................................................................................................................................................................................................................................................................................................................................................................................................................................................................................................................................................................................................................................................................................................................................................................................................................................................................................................................................................................................................................................................................................................................................................................................................................................................................................................................................................................................................................................................................................................................................................................................................................................................................................................................................................................................................................................................................................................................................................................................................................................................................................................................................................................................................................................................................................................................................................................................................5 ms. Memory: 129024K Free: 106902K (83%)
2 ms. Memory: 129024K Free: 106374K (82%)
2 ms. Memory: 129024K Free: 105350K (82%)
7 ms. Memory: 129024K Free: 104854K (81%)
7 ms. Memory: 129024K Free: 104326K (81%)
/home/travis/build/icyphy/ptII/ptolemy/actor/lib/test/IIR.tcl
/home/travis/build/icyphy/ptII/ptolemy/actor/lib/test/Interpolator.tcl
4 ms. Memory: 129024K Free: 100758K (78%)
2 ms. Memory: 129024K Free: 100244K (78%)
2 ms. Memory: 129024K Free: 99206K (77%)
1 ms. Memory: 129024K Free: 98710K (77%)
11 ms. Memory: 129024K Free: 98182K (76%)
2 ms. Memory: 129024K Free: 97172K (75%)
2 ms. Memory: 129024K Free: 96142K (75%)
2 ms. Memory: 129024K Free: 95124K (74%)
7 ms. Memory: 129024K Free: 94614K (73%)
2 ms. Memory: 129024K Free: 93590K (73%)
/home/travis/build/icyphy/ptII/ptolemy/actor/lib/test/MathFunction.tcl
7 ms. Memory: 129024K Free: 91542K (71%)
2 ms. Memory: 129024K Free: 90518K (70%)
2 ms. Memory: 129024K Free: 89494K (69%)
5 ms. Memory: 129024K Free: 88470K (69%)
9 ms. Memory: 129024K Free: 87446K (68%)
11 ms. Memory: 129024K Free: 85398K (66%)
/home/travis/build/icyphy/ptII/ptolemy/actor/lib/test/Maximum.tcl
5 ms. Memory: 129024K Free: 83350K (65%)
7 ms. Memory: 129024K Free: 82830K (64%)
12 ms. Memory: 129024K Free: 82326K (64%)
5 ms. Memory: 129024K Free: 81302K (63%)
/home/travis/build/icyphy/ptII/ptolemy/actor/lib/test/Minimum.tcl
6 ms. Memory: 129024K Free: 79764K (62%)
3 ms. Memory: 129024K Free: 79254K (61%)
2 ms. Memory: 129024K Free: 78230K (61%)
2 ms. Memory: 129024K Free: 77716K (60%)
/home/travis/build/icyphy/ptII/ptolemy/actor/lib/test/MultiplyDivide.tcl
10 ms. Memory: 129024K Free: 75668K (59%)
10 ms. Memory: 129024K Free: 75158K (58%)
7 ms. Memory: 129024K Free: 74614K (58%)
7 ms. Memory: 129024K Free: 73620K (57%)
5 ms. Memory: 129024K Free: 73110K (57%)
/home/travis/build/icyphy/ptII/ptolemy/actor/lib/test/OrderedMerge.tcl
Connections changed on port: inputA
Connections changed on port: inputB
Connections changed on port: output
Connections changed on port: output
Connections changed on port: output
Connections changed on port: input
.top. Preinitializing ...
Invoking preinitialize():  .top.OrderedMerge
Called preinitialize()
Invoking preinitialize():  .top.Ramp
Called preinitialize()
Invoking preinitialize():  .top.Ramp2
Called preinitialize()
Invoking preinitialize():  .top.Test
Called preinitialize()
Connections changed on port: inputA
Connections changed on port: output
Connections changed on port: output
Connections changed on port: input
Connections changed on port: inputB
Connections changed on port: output
.top. Finished preinitialize().
Called initialize().
Invoking initialize():  .top.OrderedMerge
Initializing actor: .top.OrderedMerge
Adding a thread: .top.OrderedMerge
Invoking initialize():  .top.Ramp
Initializing actor: .top.Ramp
Adding a thread: .top.Ramp
Invoking initialize():  .top.Ramp2
Initializing actor: .top.Ramp2
Adding a thread: .top.Ramp2
Invoking initialize():  .top.Test
Initializing actor: .top.Test
Adding a thread: .top.Test
Called fire().
Checking for deadlock:
-- Starting thread.
Called initialize()
Called prefire()
Called fire()
-- Starting thread.
Called initialize()
-- Starting thread.
Called prefire()
Called fire()
Called initialize()
Called prefire()
Called fire()
-- Starting thread.
Called initialize()
Called prefire()
Called fire()
There are 0 Blocked actors, 0 Stopped actors, and 4 active threads.
Waiting for actors to stop.
Checking for deadlock:
There are 1 Blocked actors, 0 Stopped actors, and 4 active threads.
Waiting for actors to stop.
Checking for deadlock:
There are 1 Blocked actors, 0 Stopped actors, and 4 active threads.
Called postfire()
Called postfire()
Called prefire()
Called prefire()
Called fire()
Called fire()
Waiting for actors to stop.
Called postfire()
Called prefire()
Called fire()
Checking for deadlock:
There are 3 Blocked actors, 0 Stopped actors, and 4 active threads.
Waiting for actors to stop.
Read input token from inputA with value 0.0
Next port to read input from is inputB
Called postfire()
Called prefire()
Called fire()
Read input token from inputB with value 0.0
Sent output token with value 0.0
Next port to read input from is inputA
Called postfire()
Called prefire()
Called fire()
Read input token from inputA with value 1.0
Checking for deadlock:
There are 1 Blocked actors, 0 Stopped actors, and 4 active threads.
Waiting for actors to stop.
Called postfire()
Called prefire()
Called fire()
Called postfire()
Called prefire()
Called fire()
Checking for deadlock:
There are 2 Blocked actors, 0 Stopped actors, and 4 active threads.
Waiting for actors to stop.
Sent output token with value 0.0
Next port to read input from is inputB
Called postfire()
Called prefire()
Called fire()
Called postfire()
Called prefire()
Called fire()
-- Read input: 0.0, which is expected to match: 0.0
Read input token from inputB with value 1.5
Checking for deadlock:
There are 3 Blocked actors, 0 Stopped actors, and 4 active threads.
Waiting for actors to stop.
Called prefire()
Called fire()
-- Read input: 0.0, which is expected to match: 0.0
Called prefire()
Sent output token with value 1.0
Next port to read input from is inputA
Called postfire()
Called prefire()
Called fire()
Read input token from inputA with value 2.0
Checking for deadlock:
There are 2 Blocked actors, 0 Stopped actors, and 4 active threads.
Waiting for actors to stop.
Called postfire()
Called prefire()
Called fire()
Checking for deadlock:
There are 3 Blocked actors, 0 Stopped actors, and 4 active threads.
Waiting for actors to stop.
Called fire()
-- Read input: 1.0, which is expected to match: 1.0
Checking for deadlock:
Called prefire()
Called fire()
There are 2 Blocked actors, 0 Stopped actors, and 4 active threads.
Waiting for actors to stop.
Sent output token with value 1.5
-- Read input: 1.5, which is expected to match: 1.5
Next port to read input from is inputB
Called postfire()
Called prefire()
Called prefire()
Called fire()
Called postfire()
Called prefire()
Called fire()
Read input token from inputB with value 3.0
Sent output token with value 2.0
Next port to read input from is inputA
Called postfire()
Called prefire()
Called fire()
Read input token from inputA with value 3.0
Checking for deadlock:
There are 2 Blocked actors, 0 Stopped actors, and 4 active threads.
Waiting for actors to stop.
Called postfire()
Called prefire()
Called fire()
Checking for deadlock:
There are 3 Blocked actors, 0 Stopped actors, and 4 active threads.
Waiting for actors to stop.
Called fire()
-- Read input: 2.0, which is expected to match: 2.0
Sent output token with value 3.0
Called prefire()
Called fire()
Next port to read input from is inputB
Called postfire()
Called prefire()
Called fire()
-- Read input: 3.0, which is expected to match: 3.0
Called prefire()
Called fire()
Read input token from inputB with value 4.5
Sent output token with value 3.0
Next port to read input from is inputA
Called postfire()
Called prefire()
Called fire()
Read input token from inputA with value 4.0
Checking for deadlock:
There are 1 Blocked actors, 0 Stopped actors, and 4 active threads.
Waiting for actors to stop.
Called postfire()
Called prefire()
Called fire()
Checking for deadlock:
There are 2 Blocked actors, 0 Stopped actors, and 4 active threads.
Waiting for actors to stop.
-- Read input: 3.0, which is expected to match: 3.0
Called postfire()
Called prefire()
Called prefire()
Called fire()
Called fire()
Checking for deadlock:
There are 1 Blocked actors, 0 Stopped actors, and 4 active threads.
Waiting for actors to stop.
-- Read input: 4.0, which is expected to match: 4.0
Called prefire()
Called fire()
Past the end of training data. Read and discard all inputs.
Sent output token with value 4.0
Next port to read input from is inputA
Called postfire()
Called prefire()
Called fire()
Read input token from inputA with value 5.0
Sent output token with value 4.5
Next port to read input from is inputB
Called postfire()
Called prefire()
Called fire()
Read input token from inputB with value 6.0
Checking for deadlock:
There are 1 Blocked actors, 0 Stopped actors, and 4 active threads.
Waiting for actors to stop.
Called prefire()
Called fire()
Called postfire()
Past the end of training data. Read and discard all inputs.
Called prefire()
Called fire()
Called postfire()
Called prefire()
Called fire()
Checking for deadlock:
There are 3 Blocked actors, 0 Stopped actors, and 4 active threads.
Waiting for actors to stop.
Checking for deadlock:
Called prefire()
There are 2 Blocked actors, 0 Stopped actors, and 4 active threads.
Waiting for actors to stop.
Called fire()
Past the end of training data. Read and discard all inputs.
Checking for deadlock:
There are 3 Blocked actors, 0 Stopped actors, and 4 active threads.
Waiting for actors to stop.
Sent output token with value 5.0
Next port to read input from is inputA
Called postfire()
Called prefire()
Called fire()
Read input token from inputA with value 6.0
Sent output token with value 6.0
Next port to read input from is inputB
Called postfire()
Called prefire()
Called fire()
Read input token from inputB with value 7.5
Checking for deadlock:
There are 1 Blocked actors, 0 Stopped actors, and 4 active threads.
Waiting for actors to stop.
Called postfire()
Called prefire()
Called fire()
Called postfire()
Called prefire()
Called fire()
Checking for deadlock:
There are 3 Blocked actors, 0 Stopped actors, and 4 active threads.
Waiting for actors to stop.
Called prefire()
Called fire()
Past the end of training data. Read and discard all inputs.
Sent output token with value 6.0
Called prefire()
Called fire()
Past the end of training data. Read and discard all inputs.
Next port to read input from is inputA
Called postfire()
Called prefire()
Called fire()
Read input token from inputA with value 7.0
Sent output token with value 7.0
Next port to read input from is inputA
Called postfire()
Called prefire()
Called fire()
Checking for deadlock:
There are 2 Blocked actors, 0 Stopped actors, and 4 active threads.
Waiting for actors to stop.
Called prefire()
Called fire()
Past the end of training data. Read and discard all inputs.
Called postfire()
Called prefire()
Called fire()
Checking for deadlock:
There are 2 Blocked actors, 0 Stopped actors, and 4 active threads.
Waiting for actors to stop.
-- Thread wrapup() called.
Called wrapup()
Thread .top.Ramp is exiting.
-- Thread stopped.
Checking for deadlock:
There are 2 Blocked actors, 0 Stopped actors, and 3 active threads.
Waiting for actors to stop.
Read input token from inputA with value 8.0
Checking for deadlock:
Called prefire()
There are 1 Blocked actors, 0 Stopped actors, and 3 active threads.
Called fire()
Waiting for actors to stop.
Past the end of training data. Read and discard all inputs.
Checking for deadlock:
There are 2 Blocked actors, 0 Stopped actors, and 3 active threads.
Waiting for actors to stop.
Sent output token with value 7.5
Next port to read input from is inputB
Called postfire()
Called prefire()
Called fire()
Read input token from inputB with value 9.0
Sent output token with value 8.0
Next port to read input from is inputA
Called postfire()
Called prefire()
Called fire()
Read input token from inputA with value 9.0
Checking for deadlock:
There are 1 Blocked actors, 0 Stopped actors, and 3 active threads.
Waiting for actors to stop.
Called prefire()
Called fire()
Checking for deadlock:
Called postfire()
Past the end of training data. Read and discard all inputs.
Called prefire()
Called fire()
There are 0 Blocked actors, 0 Stopped actors, and 3 active threads.
Waiting for actors to stop.
Checking for deadlock:
Called prefire()
There are 1 Blocked actors, 0 Stopped actors, and 3 active threads.
Waiting for actors to stop.
Called fire()
Past the end of training data. Read and discard all inputs.
Checking for deadlock:
There are 2 Blocked actors, 0 Stopped actors, and 3 active threads.
Waiting for actors to stop.
Sent output token with value 9.0
Next port to read input from is inputB
Called postfire()
Called prefire()
Called fire()
Read input token from inputB with value 10.5
Sent output token with value 9.0
Next port to read input from is inputA
Called postfire()
Called prefire()
Called fire()
Checking for deadlock:
There are 1 Blocked actors, 0 Stopped actors, and 3 active threads.
Waiting for actors to stop.
Called postfire()
Called prefire()
Called fire()
Called prefire()
Called fire()
Past the end of training data. Read and discard all inputs.
Checking for deadlock:
There are 3 Blocked actors, 0 Stopped actors, and 3 active threads.
Actors have stopped.
Checking for deadlock:
There are 3 Blocked actors, 0 Stopped actors, and 3 active threads.
Deadlock detected.
Resolving Deadlock
Checking for deadlock:
There are 3 Blocked actors, 0 Stopped actors, and 3 active threads.
Artificial Deadlock - increasing queue capacity.
increasing the capacity of receiver ptolemy.actor.TypedIOPort {.top.OrderedMerge.inputB} to 2
-- Thread wrapup() called.
Called wrapup()
Thread .top.Ramp2 is exiting.
-- Thread stopped.
Director: Called postfire().
Called postfire().
_stopRequested = false
_stopFireRequested = false
Returning from postfire(): true
Called fire().
Checking for deadlock:
There are 2 Blocked actors, 0 Stopped actors, and 2 active threads.
Actors have stopped.
Checking for deadlock:
There are 2 Blocked actors, 0 Stopped actors, and 2 active threads.
Deadlock detected.
Resolving Deadlock
Checking for deadlock:
There are 2 Blocked actors, 0 Stopped actors, and 2 active threads.
Deadlock detected: no processes blocked on write, but some are blocked on read.
Called postfire().
_stopRequested = false
_stopFireRequested = false
Returning from postfire(): false
Finished deactivating branches.
Called wrapup().
-- Thread wrapup() called.
Called wrapup()
-- Thread wrapup() called.
Called wrapup()
Thread .top.OrderedMerge is exiting.
-- Thread stopped.
Thread .top.Test is exiting.
-- Blocked Receiver call threw TerminateProcessException.
-- Thread stopped.
-- Blocked Receiver call threw TerminateProcessException.
74 ms. Memory: 129024K Free: 67990K (53%)
.top. Preinitializing ...
Invoking preinitialize():  .top.OrderedMerge
Called preinitialize()
Invoking preinitialize():  .top.Ramp
Called preinitialize()
Invoking preinitialize():  .top.Ramp2
Called preinitialize()
Invoking preinitialize():  .top.Test
Called preinitialize()
.top. Finished preinitialize().
Called initialize().
Invoking initialize():  .top.OrderedMerge
Initializing actor: .top.OrderedMerge
Adding a thread: .top.OrderedMerge
Invoking initialize():  .top.Ramp
Initializing actor: .top.Ramp
Adding a thread: .top.Ramp
Invoking initialize():  .top.Ramp2
Initializing actor: .top.Ramp2
Adding a thread: .top.Ramp2
Invoking initialize():  .top.Test
Initializing actor: .top.Test
Adding a thread: .top.Test
-- Starting thread.
Called initialize()
Called prefire()
Called fire()
-- Starting thread.
Called initialize()
Called prefire()
Called fire()
Called postfire()
Called prefire()
Called fire()
-- Starting thread.
Called initialize()
Called prefire()
Called fire()
Called postfire()
Called prefire()
Called fire()
Called fire().
Checking for deadlock:
There are 3 Blocked actors, 0 Stopped actors, and 4 active threads.
Waiting for actors to stop.
-- Starting thread.
Called initialize()
Called prefire()
Called fire()
Read input token from inputA with value 0.0
Next port to read input from is inputB
Called postfire()
Called prefire()
Called fire()
Read input token from inputB with value 0.0
Sent output token with value 0.0
Next port to read input from is inputA
Called postfire()
Called prefire()
Called fire()
Called postfire()
Called prefire()
Called fire()
Checking for deadlock:
There are 1 Blocked actors, 0 Stopped actors, and 4 active threads.
Waiting for actors to stop.
-- Read input: 0.0, which is expected to match: 0.0
Called prefire()
Called fire()
Checking for deadlock:
There are 2 Blocked actors, 0 Stopped actors, and 4 active threads.
Waiting for actors to stop.
Read input token from inputA with value 1.0
Sent output token with value 0.0
Next port to read input from is inputB
Called postfire()
Called prefire()
Called fire()
Called postfire()
Called prefire()
Called fire()
Read input token from inputB with value 1.5
Called postfire()
Called prefire()
Called fire()
Called postfire()
Called prefire()
Called fire()
Checking for deadlock:
There are 3 Blocked actors, 0 Stopped actors, and 4 active threads.
Waiting for actors to stop.
-- Read input: 0.0, which is expected to match: 0.0
Called prefire()
Called fire()
Sent output token with value 1.0
Next port to read input from is inputA
Called postfire()
Called prefire()
Called fire()
Read input token from inputA with value 2.0
Checking for deadlock:
There are 2 Blocked actors, 0 Stopped actors, and 4 active threads.
Waiting for actors to stop.
Called postfire()
Called prefire()
Called fire()
-- Read input: 1.0, which is expected to match: 1.0
Sent output token with value 1.5
Called prefire()
Called fire()
Next port to read input from is inputB
Called postfire()
Called prefire()
Called fire()
-- Read input: 1.5, which is expected to match: 1.5
Read input token from inputB with value 3.0
Called prefire()
Called fire()
Sent output token with value 2.0
Next port to read input from is inputA
-- Read input: 2.0, which is expected to match: 2.0
Called postfire()
Called prefire()
Called prefire()
Called fire()
Called fire()
Read input token from inputA with value 3.0
Sent output token with value 3.0
Next port to read input from is inputB
Called postfire()
Called prefire()
Called fire()
Checking for deadlock:
There are 1 Blocked actors, 0 Stopped actors, and 4 active threads.
Waiting for actors to stop.
-- Read input: 3.0, which is expected to match: 3.0
Called prefire()
Called fire()
Called postfire()
Checking for deadlock:
There are 1 Blocked actors, 0 Stopped actors, and 4 active threads.
Waiting for actors to stop.
Read input token from inputB with value 4.5
Sent output token with value 3.0
Next port to read input from is inputA
Called postfire()
Called prefire()
Called fire()
Read input token from inputA with value 4.0
Checking for deadlock:
There are 1 Blocked actors, 0 Stopped actors, and 4 active threads.
Waiting for actors to stop.
Called postfire()
Called prefire()
Called fire()
-- Read input: 3.0, which is expected to match: 3.0
Called postfire()
Called prefire()
Called fire()
Sent output token with value 4.0
Next port to read input from is inputA
Called postfire()
Called prefire()
Checking for deadlock:
There are 0 Blocked actors, 0 Stopped actors, and 4 active threads.
Called fire()
Called prefire()
Called fire()
-- Read input: 4.0, which is expected to match: 4.0
Called prefire()
Called prefire()
Called fire()
Waiting for actors to stop.
Called fire()
Past the end of training data. Read and discard all inputs.
Read input token from inputA with value 5.0
Called postfire()
Called prefire()
Called fire()
Sent output token with value 4.5
Next port to read input from is inputB
Called postfire()
Called prefire()
Called fire()
Read input token from inputB with value 6.0
Called postfire()
Called prefire()
Called fire()
Checking for deadlock:
There are 2 Blocked actors, 0 Stopped actors, and 4 active threads.
Waiting for actors to stop.
Called postfire()
Called prefire()
Called fire()
Called prefire()
Called fire()
Past the end of training data. Read and discard all inputs.
Sent output token with value 5.0
Called prefire()
Called fire()
Past the end of training data. Read and discard all inputs.
Next port to read input from is inputA
Called postfire()
Called prefire()
Called fire()
Read input token from inputA with value 6.0
Sent output token with value 6.0
Next port to read input from is inputB
Called postfire()
Called prefire()
Called fire()
Read input token from inputB with value 7.5
Checking for deadlock:
There are 1 Blocked actors, 0 Stopped actors, and 4 active threads.
Waiting for actors to stop.
Called postfire()
Called prefire()
Called prefire()
Called fire()
Called fire()
Past the end of training data. Read and discard all inputs.
Called postfire()
Called prefire()
Called fire()
Checking for deadlock:
There are 3 Blocked actors, 0 Stopped actors, and 4 active threads.
Waiting for actors to stop.
Sent output token with value 6.0
Next port to read input from is inputA
Called postfire()
Called prefire()
Called fire()
Read input token from inputA with value 7.0
Called postfire()
Called prefire()
Called fire()
Checking for deadlock:
There are 3 Blocked actors, 0 Stopped actors, and 4 active threads.
Waiting for actors to stop.
Called prefire()
Called fire()
Past the end of training data. Read and discard all inputs.
Sent output token with value 7.0
Next port to read input from is inputA
Called postfire()
Called prefire()
Called fire()
Read input token from inputA with value 8.0
Checking for deadlock:
There are 2 Blocked actors, 0 Stopped actors, and 4 active threads.
Waiting for actors to stop.
-- Thread wrapup() called.
Called wrapup()
Called prefire()
Called fire()
Thread .top.Ramp is exiting.
Past the end of training data. Read and discard all inputs.
-- Thread stopped.
Sent output token with value 7.5
Next port to read input from is inputB
Called postfire()
Called prefire()
Called fire()
Read input token from inputB with value 9.0
Checking for deadlock:
There are 1 Blocked actors, 0 Stopped actors, and 3 active threads.
Waiting for actors to stop.
Called postfire()
Called prefire()
Called fire()
Checking for deadlock:
Called prefire()
There are 1 Blocked actors, 0 Stopped actors, and 3 active threads.
Waiting for actors to stop.
Called fire()
Past the end of training data. Read and discard all inputs.
Called prefire()
Called fire()
Past the end of training data. Read and discard all inputs.
Sent output token with value 8.0
Next port to read input from is inputA
Called postfire()
Called prefire()
Called fire()
Read input token from inputA with value 9.0
Sent output token with value 9.0
Next port to read input from is inputB
Called postfire()
Called prefire()
Called fire()
Read input token from inputB with value 10.5
Checking for deadlock:
There are 1 Blocked actors, 0 Stopped actors, and 3 active threads.
Waiting for actors to stop.
Called postfire()
Called prefire()
Called fire()
Checking for deadlock:
Called prefire()
There are 1 Blocked actors, 0 Stopped actors, and 3 active threads.
Called fire()
Waiting for actors to stop.
Past the end of training data. Read and discard all inputs.
Called prefire()
Called fire()
Past the end of training data. Read and discard all inputs.
Sent output token with value 9.0
Next port to read input from is inputA
Called postfire()
Called prefire()
Called fire()
Checking for deadlock:
There are 3 Blocked actors, 0 Stopped actors, and 3 active threads.
Actors have stopped.
Checking for deadlock:
There are 3 Blocked actors, 0 Stopped actors, and 3 active threads.
Deadlock detected.
Resolving Deadlock
Checking for deadlock:
There are 3 Blocked actors, 0 Stopped actors, and 3 active threads.
Artificial Deadlock - increasing queue capacity.
increasing the capacity of receiver ptolemy.actor.TypedIOPort {.top.OrderedMerge.inputB} to 2
Director: Called postfire().
Called postfire().
_stopRequested = false
_stopFireRequested = false
Returning from postfire(): true
Called fire().
Checking for deadlock:
There are 2 Blocked actors, 0 Stopped actors, and 3 active threads.
Waiting for actors to stop.
-- Thread wrapup() called.
Called wrapup()
Thread .top.Ramp2 is exiting.
-- Thread stopped.
Checking for deadlock:
There are 2 Blocked actors, 0 Stopped actors, and 2 active threads.
Actors have stopped.
Checking for deadlock:
There are 2 Blocked actors, 0 Stopped actors, and 2 active threads.
Deadlock detected.
Resolving Deadlock
Checking for deadlock:
There are 2 Blocked actors, 0 Stopped actors, and 2 active threads.
Deadlock detected: no processes blocked on write, but some are blocked on read.
Called postfire().
_stopRequested = false
_stopFireRequested = false
Returning from postfire(): false
Finished deactivating branches.
Called wrapup().
-- Thread wrapup() called.
Called wrapup()
-- Thread wrapup() called.
Called wrapup()
Thread .top.Test is exiting.
-- Thread stopped.
-- Blocked Receiver call threw TerminateProcessException.
Thread .top.OrderedMerge is exiting.
-- Thread stopped.
-- Blocked Receiver call threw TerminateProcessException.
52 ms. Memory: 129024K Free: 65428K (51%)
/home/travis/build/icyphy/ptII/ptolemy/actor/lib/test/Publisher.tcl
7 ms. Memory: 129024K Free: 59284K (46%)
3 ms. Memory: 129024K Free: 54150K (42%)
3 ms. Memory: 129024K Free: 50582K (39%)
3 ms. Memory: 129024K Free: 49558K (38%)
2 ms. Memory: 129024K Free: 48534K (38%)
3 ms. Memory: 129024K Free: 48006K (37%)
7 ms. Memory: 129024K Free: 112271K (87%)
3 ms. Memory: 129024K Free: 111376K (86%)
38 ms. Memory: 129024K Free: 112198K (87%)
3 ms. Memory: 129024K Free: 108100K (84%)
2 ms. Memory: 129024K Free: 107590K (83%)
4 ms. Memory: 129024K Free: 105542K (82%)
14 ms. Memory: 129024K Free: 97860K (76%)
5 ms. Memory: 129024K Free: 88134K (68%)
7 ms. Memory: 129024K Free: 77366K (60%)
/home/travis/build/icyphy/ptII/ptolemy/actor/lib/test/Pulse.tcl
2 ms. Memory: 158720K Free: 121702K (77%)
8 ms. Memory: 158720K Free: 121192K (76%)
2 ms. Memory: 158720K Free: 120664K (76%)
4 ms. Memory: 158720K Free: 120168K (76%)
4 ms. Memory: 158720K Free: 119566K (75%)
8 ms. Memory: 158720K Free: 118616K (75%)
8 ms. Memory: 158720K Free: 117592K (74%)
4 ms. Memory: 158720K Free: 116568K (73%)
3 ms. Memory: 158720K Free: 116072K (73%)
/home/travis/build/icyphy/ptII/ptolemy/actor/lib/test/Ramp.tcl
7 ms. Memory: 158720K Free: 114024K (72%)
5 ms. Memory: 158720K Free: 113496K (72%)
5 ms. Memory: 158720K Free: 112486K (71%)
3 ms. Memory: 158720K Free: 111976K (71%)
6 ms. Memory: 158720K Free: 110952K (70%)
9 ms. Memory: 158720K Free: 110424K (70%)
6 ms. Memory: 158720K Free: 109400K (69%)
5 actors
5000 microseconds per iteration to create
12 ms. Memory: 158720K Free: 106336K (67%)
2 ms. Memory: 158720K Free: 105832K (67%)
2 ms. Memory: 158720K Free: 105304K (66%)
2 ms. Memory: 158720K Free: 104808K (66%)
50 actors
48000 microseconds per iteration to create
34 ms. Memory: 158720K Free: 88934K (56%)
14 ms. Memory: 158720K Free: 87910K (55%)
12 ms. Memory: 158720K Free: 86872K (55%)
8 ms. Memory: 158720K Free: 85848K (54%)
500 actors
1604000 microseconds per iteration to create
269 ms. Memory: 158720K Free: 64419K (41%)
62 ms. Memory: 158720K Free: 133109K (84%)
41 ms. Memory: 158720K Free: 128027K (81%)
33 ms. Memory: 158720K Free: 122907K (77%)
/home/travis/build/icyphy/ptII/ptolemy/actor/lib/test/RampContinuous.tcl
9 ms. Memory: 158720K Free: 121373K (76%)
/home/travis/build/icyphy/ptII/ptolemy/actor/lib/test/RecordAssembler.tcl
5 ms. Memory: 158720K Free: 119821K (75%)
4 ms. Memory: 158720K Free: 118805K (75%)
/home/travis/build/icyphy/ptII/ptolemy/actor/lib/test/RecordDisassembler.tcl
10 ms. Memory: 158720K Free: 116763K (74%)
5 ms. Memory: 158720K Free: 116253K (73%)
3 ms. Memory: 158720K Free: 115229K (73%)
/home/travis/build/icyphy/ptII/ptolemy/actor/lib/test/Scale.tcl
3 ms. Memory: 158720K Free: 113181K (71%)
2 ms. Memory: 158720K Free: 112637K (71%)
1 ms. Memory: 158720K Free: 111637K (70%)
2 ms. Memory: 158720K Free: 110605K (70%)
2 ms. Memory: 158720K Free: 110109K (69%)
/home/travis/build/icyphy/ptII/ptolemy/actor/lib/test/SequentialClock.tcl
preinitializing
resolving types
initializing
executing number 1
wrapping up
idle
2 ms. Memory: 158720K Free: 108557K (68%)
Completed execution with 5 iterations
preinitializing
resolving types
initializing
executing number 1
wrapping up
idle
1 ms. Memory: 158720K Free: 108061K (68%)
Completed execution with 5 iterations
preinitializing
resolving types
initializing
executing number 1
wrapping up
idle
1 ms. Memory: 158720K Free: 107517K (68%)
Completed execution with 5 iterations
/home/travis/build/icyphy/ptII/ptolemy/actor/lib/test/SetVariable.tcl
4 ms. Memory: 158720K Free: 106013K (67%)
/home/travis/build/icyphy/ptII/ptolemy/actor/lib/test/Sinewave.tcl
/home/travis/build/icyphy/ptII/ptolemy/actor/lib/test/SubscriptionAggregator.tcl
4 ms. Memory: 158720K Free: 94235K (59%)
2 ms. Memory: 158720K Free: 93725K (59%)
0 ms. Memory: 158720K Free: 93205K (59%)
1 ms. Memory: 158720K Free: 92701K (58%)
2 ms. Memory: 158720K Free: 89101K (56%)
12 ms. Memory: 158720K Free: 87067K (55%)
...............................................................983 ms. Memory: 318464K Free: 234777K (74%)
/home/travis/build/icyphy/ptII/ptolemy/actor/lib/test/Test.tcl
 The next command will produce a warning about training mode,
   which may be ignored.
5 ms. Memory: 318464K Free: 232731K (73%)
8 ms. Memory: 318464K Free: 231707K (73%)
2 ms. Memory: 318464K Free: 231186K (73%)
2 ms. Memory: 318464K Free: 230683K (72%)
4 ms. Memory: 318464K Free: 230169K (72%)
3 ms. Memory: 318464K Free: 228635K (72%)
4 ms. Memory: 318464K Free: 227611K (71%)
 The next command will produce a warning about training mode,
   which may be ignored.
8 ms. Memory: 318464K Free: 225034K (71%)
 The next command will produce a warning about training mode,
   which may be ignored.
3 ms. Memory: 318464K Free: 224018K (70%)
2 ms. Memory: 318464K Free: 223515K (70%)
2 ms. Memory: 318464K Free: 222986K (70%)
3 ms. Memory: 318464K Free: 222491K (70%)
8 ms. Memory: 318464K Free: 221467K (70%)
5 ms. Memory: 318464K Free: 217850K (68%)
/home/travis/build/icyphy/ptII/ptolemy/actor/lib/test/TestExceptionHandler.tcl
 The next command will produce a warning about training mode,
   which may be ignored.
4 ms. Memory: 318464K Free: 216347K (68%)
1 ms. Memory: 318464K Free: 215818K (68%)
1 ms. Memory: 318464K Free: 215323K (68%)
/home/travis/build/icyphy/ptII/ptolemy/actor/lib/test/UnionDisassembler.tcl
31 ms. Memory: 318464K Free: 208153K (65%)
/home/travis/build/icyphy/ptII/ptolemy/actor/lib/test/VariableClock.tcl
preinitializing
resolving types
initializing
executing number 1
wrapping up
idle
9 ms. Memory: 318464K Free: 206107K (65%)
Completed execution with 11 iterations
preinitializing
resolving types
initializing
executing number 1
wrapping up
idle
18 ms. Memory: 318464K Free: 204569K (64%)
Completed execution with 10 iterations
02/25/20 07:10:33
Failed: 0  Total Tests: 233  ((Passed: 233, Newly Passed: 0)  Known Failed: 0) /home/travis/build/icyphy/ptII/ptolemy/actor/lib/test
----------------- testing (KnownFailure) /home/travis/build/icyphy/ptII/ptolemy/actor/lib/test/auto/knownFailedTests/PublisherPortToplevelSubscriber.xml
0 ms. Memory: 318464K Free: 201497K (63%)
Known Failure: java.lang.reflect.InvocationTargetException
----------------- testing (KnownFailure) /home/travis/build/icyphy/ptII/ptolemy/actor/lib/test/auto/knownFailedTests/PublisherSubscriberPortToplevel.xml
0 ms. Memory: 318464K Free: 197401K (62%)
Known Failure: java.lang.reflect.InvocationTargetException
----------------- testing (KnownFailure) /home/travis/build/icyphy/ptII/ptolemy/actor/lib/test/auto/knownFailedTests/PublisherSubscriptionAggregatorPort.xml
1 ms. Memory: 318464K Free: 193305K (61%)
Known Failure: java.lang.reflect.InvocationTargetException
----------------- testing (KnownFailure) /home/travis/build/icyphy/ptII/ptolemy/actor/lib/test/auto/knownFailedTests/sizedarray3.xml
5 ms. Memory: 318464K Free: 189209K (59%)
Known Failure: java.lang.reflect.InvocationTargetException
No auto/linux-amd64/*.xml tests in /home/travis/build/icyphy/ptII/ptolemy/actor/lib/test
AutoTests.java: About to close Vertx.
AutoTests.java: Vertx closed.

===========================================================================================
----------------- testing Tue Feb 25 07:10:33 UTC 2020 /home/travis/build/icyphy/ptII/ptolemy/actor/lib/test/auto/AbsoluteValue.xml
----------------- Instantiating /home/travis/build/icyphy/ptII/ptolemy/actor/lib/test/auto/AbsoluteValue.xml
4 ms. Memory: 318464K Free: 165657K (52%)
----------------- Invoking toplevel() on ptolemy.moml.MoMLSimpleApplication@43beab56
----------------- Done invoking toplevel() on ptolemy.moml.MoMLSimpleApplication@43beab56
reloadAllAccessors: .AbsoluteValue

===========================================================================================
----------------- testing Tue Feb 25 07:10:33 UTC 2020 /home/travis/build/icyphy/ptII/ptolemy/actor/lib/test/auto/AbsoluteValue2.xml
----------------- Instantiating /home/travis/build/icyphy/ptII/ptolemy/actor/lib/test/auto/AbsoluteValue2.xml
5 ms. Memory: 318464K Free: 159003K (50%)
----------------- Invoking toplevel() on ptolemy.moml.MoMLSimpleApplication@2b89a56a
----------------- Done invoking toplevel() on ptolemy.moml.MoMLSimpleApplication@2b89a56a
reloadAllAccessors: .AbsoluteValue2

===========================================================================================
----------------- testing Tue Feb 25 07:10:33 UTC 2020 /home/travis/build/icyphy/ptII/ptolemy/actor/lib/test/auto/Accumulator.xml
----------------- Instantiating /home/travis/build/icyphy/ptII/ptolemy/actor/lib/test/auto/Accumulator.xml
5 ms. Memory: 318464K Free: 152345K (48%)
----------------- Invoking toplevel() on ptolemy.moml.MoMLSimpleApplication@6beb4854
----------------- Done invoking toplevel() on ptolemy.moml.MoMLSimpleApplication@6beb4854
reloadAllAccessors: .Accumulator

===========================================================================================
----------------- testing Tue Feb 25 07:10:34 UTC 2020 /home/travis/build/icyphy/ptII/ptolemy/actor/lib/test/auto/Accumulator2.xml
----------------- Instantiating /home/travis/build/icyphy/ptII/ptolemy/actor/lib/test/auto/Accumulator2.xml
16 ms. Memory: 318464K Free: 147225K (46%)
----------------- Invoking toplevel() on ptolemy.moml.MoMLSimpleApplication@4d01cba1
----------------- Done invoking toplevel() on ptolemy.moml.MoMLSimpleApplication@4d01cba1
reloadAllAccessors: .Accumulator2

===========================================================================================
----------------- testing Tue Feb 25 07:10:34 UTC 2020 /home/travis/build/icyphy/ptII/ptolemy/actor/lib/test/auto/Accumulator3.xml
----------------- Instantiating /home/travis/build/icyphy/ptII/ptolemy/actor/lib/test/auto/Accumulator3.xml
2 ms. Memory: 318464K Free: 143129K (45%)
----------------- Invoking toplevel() on ptolemy.moml.MoMLSimpleApplication@31534288
----------------- Done invoking toplevel() on ptolemy.moml.MoMLSimpleApplication@31534288
reloadAllAccessors: .Accumulator3

===========================================================================================
----------------- testing Tue Feb 25 07:10:34 UTC 2020 /home/travis/build/icyphy/ptII/ptolemy/actor/lib/test/auto/ArrayAppend.xml
----------------- Instantiating /home/travis/build/icyphy/ptII/ptolemy/actor/lib/test/auto/ArrayAppend.xml
8 ms. Memory: 318464K Free: 261165K (82%)
----------------- Invoking toplevel() on ptolemy.moml.MoMLSimpleApplication@1663f72
----------------- Done invoking toplevel() on ptolemy.moml.MoMLSimpleApplication@1663f72
reloadAllAccessors: .ArrayAppend

===========================================================================================
----------------- testing Tue Feb 25 07:10:34 UTC 2020 /home/travis/build/icyphy/ptII/ptolemy/actor/lib/test/auto/ArrayAppend2.xml
----------------- Instantiating /home/travis/build/icyphy/ptII/ptolemy/actor/lib/test/auto/ArrayAppend2.xml
353 ms. Memory: 318464K Free: 178750K (56%)
----------------- Invoking toplevel() on ptolemy.moml.MoMLSimpleApplication@4fce2fc3
----------------- Done invoking toplevel() on ptolemy.moml.MoMLSimpleApplication@4fce2fc3
reloadAllAccessors: .ArrayAppend2

===========================================================================================
----------------- testing Tue Feb 25 07:10:34 UTC 2020 /home/travis/build/icyphy/ptII/ptolemy/actor/lib/test/auto/ArrayAppend3.xml
----------------- Instantiating /home/travis/build/icyphy/ptII/ptolemy/actor/lib/test/auto/ArrayAppend3.xml
4 ms. Memory: 318464K Free: 173116K (54%)
----------------- Invoking toplevel() on ptolemy.moml.MoMLSimpleApplication@552bbe1a
----------------- Done invoking toplevel() on ptolemy.moml.MoMLSimpleApplication@552bbe1a
reloadAllAccessors: .ArrayAppend3

===========================================================================================
----------------- testing Tue Feb 25 07:10:34 UTC 2020 /home/travis/build/icyphy/ptII/ptolemy/actor/lib/test/auto/ArrayAppend4.xml
----------------- Instantiating /home/travis/build/icyphy/ptII/ptolemy/actor/lib/test/auto/ArrayAppend4.xml
2 ms. Memory: 318464K Free: 167996K (53%)
----------------- Invoking toplevel() on ptolemy.moml.MoMLSimpleApplication@5616a772
----------------- Done invoking toplevel() on ptolemy.moml.MoMLSimpleApplication@5616a772
reloadAllAccessors: .ArrayAppend4

===========================================================================================
----------------- testing Tue Feb 25 07:10:34 UTC 2020 /home/travis/build/icyphy/ptII/ptolemy/actor/lib/test/auto/ArrayAppend5.xml
----------------- Instantiating /home/travis/build/icyphy/ptII/ptolemy/actor/lib/test/auto/ArrayAppend5.xml
2 ms. Memory: 318464K Free: 162876K (51%)
----------------- Invoking toplevel() on ptolemy.moml.MoMLSimpleApplication@440241f0
----------------- Done invoking toplevel() on ptolemy.moml.MoMLSimpleApplication@440241f0
reloadAllAccessors: .ArrayAppend5

===========================================================================================
----------------- testing Tue Feb 25 07:10:34 UTC 2020 /home/travis/build/icyphy/ptII/ptolemy/actor/lib/test/auto/ArrayAppend6.xml
----------------- Instantiating /home/travis/build/icyphy/ptII/ptolemy/actor/lib/test/auto/ArrayAppend6.xml
3 ms. Memory: 318464K Free: 157756K (50%)
----------------- Invoking toplevel() on ptolemy.moml.MoMLSimpleApplication@43474c6f
----------------- Done invoking toplevel() on ptolemy.moml.MoMLSimpleApplication@43474c6f
reloadAllAccessors: .ArrayAppend6

===========================================================================================
----------------- testing Tue Feb 25 07:10:34 UTC 2020 /home/travis/build/icyphy/ptII/ptolemy/actor/lib/test/auto/ArrayAppendPerformanceTest.xml
----------------- Instantiating /home/travis/build/icyphy/ptII/ptolemy/actor/lib/test/auto/ArrayAppendPerformanceTest.xml
39 ms. Memory: 318464K Free: 146492K (46%)
----------------- Invoking toplevel() on ptolemy.moml.MoMLSimpleApplication@428f162d
----------------- Done invoking toplevel() on ptolemy.moml.MoMLSimpleApplication@428f162d
reloadAllAccessors: .ArrayAppendPerformanceTest

===========================================================================================
----------------- testing Tue Feb 25 07:10:34 UTC 2020 /home/travis/build/icyphy/ptII/ptolemy/actor/lib/test/auto/ArrayAppendWithEmptyInput.xml
----------------- Instantiating /home/travis/build/icyphy/ptII/ptolemy/actor/lib/test/auto/ArrayAppendWithEmptyInput.xml
14 ms. Memory: 318464K Free: 138300K (43%)
----------------- Invoking toplevel() on ptolemy.moml.MoMLSimpleApplication@1f534a02
----------------- Done invoking toplevel() on ptolemy.moml.MoMLSimpleApplication@1f534a02
reloadAllAccessors: .ArrayAppendWithEmptyInput

===========================================================================================
----------------- testing Tue Feb 25 07:10:34 UTC 2020 /home/travis/build/icyphy/ptII/ptolemy/actor/lib/test/auto/ArrayAverage.xml
----------------- Instantiating /home/travis/build/icyphy/ptII/ptolemy/actor/lib/test/auto/ArrayAverage.xml
5 ms. Memory: 318464K Free: 130622K (41%)
----------------- Invoking toplevel() on ptolemy.moml.MoMLSimpleApplication@2c7c9380
----------------- Done invoking toplevel() on ptolemy.moml.MoMLSimpleApplication@2c7c9380
reloadAllAccessors: .ArrayAverage

===========================================================================================
----------------- testing Tue Feb 25 07:10:34 UTC 2020 /home/travis/build/icyphy/ptII/ptolemy/actor/lib/test/auto/ArrayContains.xml
----------------- Instantiating /home/travis/build/icyphy/ptII/ptolemy/actor/lib/test/auto/ArrayContains.xml
4 ms. Memory: 318464K Free: 263663K (83%)
----------------- Invoking toplevel() on ptolemy.moml.MoMLSimpleApplication@702da462
----------------- Done invoking toplevel() on ptolemy.moml.MoMLSimpleApplication@702da462
reloadAllAccessors: .ArrayContains

===========================================================================================
----------------- testing Tue Feb 25 07:10:35 UTC 2020 /home/travis/build/icyphy/ptII/ptolemy/actor/lib/test/auto/ArrayElement.xml
----------------- Instantiating /home/travis/build/icyphy/ptII/ptolemy/actor/lib/test/auto/ArrayElement.xml
6 ms. Memory: 318464K Free: 257534K (81%)
----------------- Invoking toplevel() on ptolemy.moml.MoMLSimpleApplication@32b70b40
----------------- Done invoking toplevel() on ptolemy.moml.MoMLSimpleApplication@32b70b40
reloadAllAccessors: .ArrayElement

===========================================================================================
----------------- testing Tue Feb 25 07:10:35 UTC 2020 /home/travis/build/icyphy/ptII/ptolemy/actor/lib/test/auto/ArrayElementAsMatrix.xml
----------------- Instantiating /home/travis/build/icyphy/ptII/ptolemy/actor/lib/test/auto/ArrayElementAsMatrix.xml
12 ms. Memory: 318464K Free: 247808K (78%)
----------------- Invoking toplevel() on ptolemy.moml.MoMLSimpleApplication@717c192d
----------------- Done invoking toplevel() on ptolemy.moml.MoMLSimpleApplication@717c192d
reloadAllAccessors: .ArrayElementAsMatrix

===========================================================================================
----------------- testing Tue Feb 25 07:10:35 UTC 2020 /home/travis/build/icyphy/ptII/ptolemy/actor/lib/test/auto/ArrayElementI.xml
----------------- Instantiating /home/travis/build/icyphy/ptII/ptolemy/actor/lib/test/auto/ArrayElementI.xml
4 ms. Memory: 318464K Free: 242159K (76%)
----------------- Invoking toplevel() on ptolemy.moml.MoMLSimpleApplication@1c5bf9d6
----------------- Done invoking toplevel() on ptolemy.moml.MoMLSimpleApplication@1c5bf9d6
reloadAllAccessors: .ArrayElementI

===========================================================================================
----------------- testing Tue Feb 25 07:10:35 UTC 2020 /home/travis/build/icyphy/ptII/ptolemy/actor/lib/test/auto/ArrayExtract.xml
----------------- Instantiating /home/travis/build/icyphy/ptII/ptolemy/actor/lib/test/auto/ArrayExtract.xml
9 ms. Memory: 318464K Free: 233982K (73%)
----------------- Invoking toplevel() on ptolemy.moml.MoMLSimpleApplication@9ee569
----------------- Done invoking toplevel() on ptolemy.moml.MoMLSimpleApplication@9ee569
reloadAllAccessors: .ArrayExtract

===========================================================================================
----------------- testing Tue Feb 25 07:10:35 UTC 2020 /home/travis/build/icyphy/ptII/ptolemy/actor/lib/test/auto/ArrayExtract2.xml
----------------- Instantiating /home/travis/build/icyphy/ptII/ptolemy/actor/lib/test/auto/ArrayExtract2.xml
2 ms. Memory: 318464K Free: 228352K (72%)
----------------- Invoking toplevel() on ptolemy.moml.MoMLSimpleApplication@e813998
----------------- Done invoking toplevel() on ptolemy.moml.MoMLSimpleApplication@e813998
reloadAllAccessors: .ArrayExtract2

===========================================================================================
----------------- testing Tue Feb 25 07:10:35 UTC 2020 /home/travis/build/icyphy/ptII/ptolemy/actor/lib/test/auto/ArrayLength.xml
----------------- Instantiating /home/travis/build/icyphy/ptII/ptolemy/actor/lib/test/auto/ArrayLength.xml
2 ms. Memory: 318464K Free: 224766K (71%)
----------------- Invoking toplevel() on ptolemy.moml.MoMLSimpleApplication@2ae90594
----------------- Done invoking toplevel() on ptolemy.moml.MoMLSimpleApplication@2ae90594
reloadAllAccessors: .ArrayLength

===========================================================================================
----------------- testing Tue Feb 25 07:10:35 UTC 2020 /home/travis/build/icyphy/ptII/ptolemy/actor/lib/test/auto/ArrayLevelCrossing.xml
----------------- Instantiating /home/travis/build/icyphy/ptII/ptolemy/actor/lib/test/auto/ArrayLevelCrossing.xml
6 ms. Memory: 318464K Free: 216574K (68%)
----------------- Invoking toplevel() on ptolemy.moml.MoMLSimpleApplication@220a376
----------------- Done invoking toplevel() on ptolemy.moml.MoMLSimpleApplication@220a376
reloadAllAccessors: .ArrayLevelCrossing

===========================================================================================
----------------- testing Tue Feb 25 07:10:35 UTC 2020 /home/travis/build/icyphy/ptII/ptolemy/actor/lib/test/auto/ArrayLevelCrossing2.xml
----------------- Instantiating /home/travis/build/icyphy/ptII/ptolemy/actor/lib/test/auto/ArrayLevelCrossing2.xml
3 ms. Memory: 318464K Free: 209391K (66%)
----------------- Invoking toplevel() on ptolemy.moml.MoMLSimpleApplication@458f8e0a
----------------- Done invoking toplevel() on ptolemy.moml.MoMLSimpleApplication@458f8e0a
reloadAllAccessors: .ArrayLevelCrossing2

===========================================================================================
----------------- testing Tue Feb 25 07:10:35 UTC 2020 /home/travis/build/icyphy/ptII/ptolemy/actor/lib/test/auto/ArrayPeakSearch.xml
----------------- Instantiating /home/travis/build/icyphy/ptII/ptolemy/actor/lib/test/auto/ArrayPeakSearch.xml
7 ms. Memory: 318464K Free: 200190K (63%)
----------------- Invoking toplevel() on ptolemy.moml.MoMLSimpleApplication@631905b2
----------------- Done invoking toplevel() on ptolemy.moml.MoMLSimpleApplication@631905b2
reloadAllAccessors: .ArrayPeakSearch

===========================================================================================
----------------- testing Tue Feb 25 07:10:35 UTC 2020 /home/travis/build/icyphy/ptII/ptolemy/actor/lib/test/auto/ArrayPeakSearch2.xml
----------------- Instantiating /home/travis/build/icyphy/ptII/ptolemy/actor/lib/test/auto/ArrayPeakSearch2.xml
5 ms. Memory: 318464K Free: 189919K (60%)
----------------- Invoking toplevel() on ptolemy.moml.MoMLSimpleApplication@58b5bbed
----------------- Done invoking toplevel() on ptolemy.moml.MoMLSimpleApplication@58b5bbed
reloadAllAccessors: .ArrayPeakSearch2

===========================================================================================
----------------- testing Tue Feb 25 07:10:35 UTC 2020 /home/travis/build/icyphy/ptII/ptolemy/actor/lib/test/auto/ArrayPeakSearch3.xml
----------------- Instantiating /home/travis/build/icyphy/ptII/ptolemy/actor/lib/test/auto/ArrayPeakSearch3.xml
4 ms. Memory: 318464K Free: 180734K (57%)
----------------- Invoking toplevel() on ptolemy.moml.MoMLSimpleApplication@6dcb89dc
----------------- Done invoking toplevel() on ptolemy.moml.MoMLSimpleApplication@6dcb89dc
reloadAllAccessors: .ArrayPeakSearch3

===========================================================================================
----------------- testing Tue Feb 25 07:10:35 UTC 2020 /home/travis/build/icyphy/ptII/ptolemy/actor/lib/test/auto/ArrayRemoveElement.xml
----------------- Instantiating /home/travis/build/icyphy/ptII/ptolemy/actor/lib/test/auto/ArrayRemoveElement.xml
3 ms. Memory: 318464K Free: 173056K (54%)
----------------- Invoking toplevel() on ptolemy.moml.MoMLSimpleApplication@1bcbb755
----------------- Done invoking toplevel() on ptolemy.moml.MoMLSimpleApplication@1bcbb755
reloadAllAccessors: .ArrayRemoveElement

===========================================================================================
----------------- testing Tue Feb 25 07:10:35 UTC 2020 /home/travis/build/icyphy/ptII/ptolemy/actor/lib/test/auto/ArraySort.xml
----------------- Instantiating /home/travis/build/icyphy/ptII/ptolemy/actor/lib/test/auto/ArraySort.xml
10 ms. Memory: 318464K Free: 163840K (51%)
----------------- Invoking toplevel() on ptolemy.moml.MoMLSimpleApplication@37c37dfb
----------------- Done invoking toplevel() on ptolemy.moml.MoMLSimpleApplication@37c37dfb
reloadAllAccessors: .ArraySort

===========================================================================================
----------------- testing Tue Feb 25 07:10:35 UTC 2020 /home/travis/build/icyphy/ptII/ptolemy/actor/lib/test/auto/ArraySum.xml
----------------- Instantiating /home/travis/build/icyphy/ptII/ptolemy/actor/lib/test/auto/ArraySum.xml
6 ms. Memory: 318464K Free: 158720K (50%)
----------------- Invoking toplevel() on ptolemy.moml.MoMLSimpleApplication@4b04215f
----------------- Done invoking toplevel() on ptolemy.moml.MoMLSimpleApplication@4b04215f
reloadAllAccessors: .ArraySum

===========================================================================================
----------------- testing Tue Feb 25 07:10:35 UTC 2020 /home/travis/build/icyphy/ptII/ptolemy/actor/lib/test/auto/ArrayToElements.xml
----------------- Instantiating /home/travis/build/icyphy/ptII/ptolemy/actor/lib/test/auto/ArrayToElements.xml
15 ms. Memory: 318464K Free: 153086K (48%)
----------------- Invoking toplevel() on ptolemy.moml.MoMLSimpleApplication@39423389
----------------- Done invoking toplevel() on ptolemy.moml.MoMLSimpleApplication@39423389
reloadAllAccessors: .ArrayToElements

===========================================================================================
----------------- testing Tue Feb 25 07:10:35 UTC 2020 /home/travis/build/icyphy/ptII/ptolemy/actor/lib/test/auto/ArrayToMatrix.xml
----------------- Instantiating /home/travis/build/icyphy/ptII/ptolemy/actor/lib/test/auto/ArrayToMatrix.xml
16 ms. Memory: 318464K Free: 139264K (44%)
----------------- Invoking toplevel() on ptolemy.moml.MoMLSimpleApplication@46cfeea9
----------------- Done invoking toplevel() on ptolemy.moml.MoMLSimpleApplication@46cfeea9
reloadAllAccessors: .ArrayToMatrix

===========================================================================================
----------------- testing Tue Feb 25 07:10:35 UTC 2020 /home/travis/build/icyphy/ptII/ptolemy/actor/lib/test/auto/ArrayUpdate1.xml
----------------- Instantiating /home/travis/build/icyphy/ptII/ptolemy/actor/lib/test/auto/ArrayUpdate1.xml
5 ms. Memory: 318464K Free: 134144K (42%)
----------------- Invoking toplevel() on ptolemy.moml.MoMLSimpleApplication@f618397
----------------- Done invoking toplevel() on ptolemy.moml.MoMLSimpleApplication@f618397
reloadAllAccessors: .ArrayUpdate1

===========================================================================================
----------------- testing Tue Feb 25 07:10:35 UTC 2020 /home/travis/build/icyphy/ptII/ptolemy/actor/lib/test/auto/ArrayUpdate2.xml
----------------- Instantiating /home/travis/build/icyphy/ptII/ptolemy/actor/lib/test/auto/ArrayUpdate2.xml
5 ms. Memory: 318464K Free: 128000K (40%)
----------------- Invoking toplevel() on ptolemy.moml.MoMLSimpleApplication@38aeaa8
----------------- Done invoking toplevel() on ptolemy.moml.MoMLSimpleApplication@38aeaa8
reloadAllAccessors: .ArrayUpdate2

===========================================================================================
----------------- testing Tue Feb 25 07:10:35 UTC 2020 /home/travis/build/icyphy/ptII/ptolemy/actor/lib/test/auto/ArrayUpdate3.xml
----------------- Instantiating /home/travis/build/icyphy/ptII/ptolemy/actor/lib/test/auto/ArrayUpdate3.xml
5 ms. Memory: 318464K Free: 122880K (39%)
----------------- Invoking toplevel() on ptolemy.moml.MoMLSimpleApplication@76577d0e
----------------- Done invoking toplevel() on ptolemy.moml.MoMLSimpleApplication@76577d0e
reloadAllAccessors: .ArrayUpdate3

===========================================================================================
----------------- testing Tue Feb 25 07:10:35 UTC 2020 /home/travis/build/icyphy/ptII/ptolemy/actor/lib/test/auto/Assert1.xml
----------------- Instantiating /home/travis/build/icyphy/ptII/ptolemy/actor/lib/test/auto/Assert1.xml
8 ms. Memory: 318464K Free: 118784K (37%)
----------------- Invoking toplevel() on ptolemy.moml.MoMLSimpleApplication@442a6884
----------------- Done invoking toplevel() on ptolemy.moml.MoMLSimpleApplication@442a6884
reloadAllAccessors: .Assert1

===========================================================================================
----------------- testing Tue Feb 25 07:10:35 UTC 2020 /home/travis/build/icyphy/ptII/ptolemy/actor/lib/test/auto/Assert2.xml
----------------- Instantiating /home/travis/build/icyphy/ptII/ptolemy/actor/lib/test/auto/Assert2.xml
3 ms. Memory: 318464K Free: 113150K (36%)
----------------- Invoking toplevel() on ptolemy.moml.MoMLSimpleApplication@73371492
----------------- Done invoking toplevel() on ptolemy.moml.MoMLSimpleApplication@73371492
reloadAllAccessors: .Assert2

===========================================================================================
----------------- testing Tue Feb 25 07:10:35 UTC 2020 /home/travis/build/icyphy/ptII/ptolemy/actor/lib/test/auto/BooleanMultiplexor.xml
----------------- Instantiating /home/travis/build/icyphy/ptII/ptolemy/actor/lib/test/auto/BooleanMultiplexor.xml
2 ms. Memory: 318464K Free: 107999K (34%)
----------------- Invoking toplevel() on ptolemy.moml.MoMLSimpleApplication@32e60790
----------------- Done invoking toplevel() on ptolemy.moml.MoMLSimpleApplication@32e60790
reloadAllAccessors: .BooleanMultiplexor

===========================================================================================
----------------- testing Tue Feb 25 07:10:35 UTC 2020 /home/travis/build/icyphy/ptII/ptolemy/actor/lib/test/auto/BooleanMultiplexor2.xml
----------------- Instantiating /home/travis/build/icyphy/ptII/ptolemy/actor/lib/test/auto/BooleanMultiplexor2.xml
20 ms. Memory: 318464K Free: 101376K (32%)
----------------- Invoking toplevel() on ptolemy.moml.MoMLSimpleApplication@571fc566
----------------- Done invoking toplevel() on ptolemy.moml.MoMLSimpleApplication@571fc566
reloadAllAccessors: .BooleanMultiplexor2

===========================================================================================
----------------- testing Tue Feb 25 07:10:35 UTC 2020 /home/travis/build/icyphy/ptII/ptolemy/actor/lib/test/auto/BooleanMultiplexor3.xml
----------------- Instantiating /home/travis/build/icyphy/ptII/ptolemy/actor/lib/test/auto/BooleanMultiplexor3.xml
2 ms. Memory: 318464K Free: 97790K (31%)
----------------- Invoking toplevel() on ptolemy.moml.MoMLSimpleApplication@2d37e9f8
----------------- Done invoking toplevel() on ptolemy.moml.MoMLSimpleApplication@2d37e9f8
reloadAllAccessors: .BooleanMultiplexor3

===========================================================================================
----------------- testing Tue Feb 25 07:10:35 UTC 2020 /home/travis/build/icyphy/ptII/ptolemy/actor/lib/test/auto/BooleanSelect.xml
----------------- Instantiating /home/travis/build/icyphy/ptII/ptolemy/actor/lib/test/auto/BooleanSelect.xml
9 ms. Memory: 318464K Free: 91631K (29%)
----------------- Invoking toplevel() on ptolemy.moml.MoMLSimpleApplication@41d081d5
----------------- Done invoking toplevel() on ptolemy.moml.MoMLSimpleApplication@41d081d5
reloadAllAccessors: .BooleanSelect

===========================================================================================
----------------- testing Tue Feb 25 07:10:35 UTC 2020 /home/travis/build/icyphy/ptII/ptolemy/actor/lib/test/auto/BooleanSelect2.xml
----------------- Instantiating /home/travis/build/icyphy/ptII/ptolemy/actor/lib/test/auto/BooleanSelect2.xml
1 ms. Memory: 318464K Free: 87550K (27%)
----------------- Invoking toplevel() on ptolemy.moml.MoMLSimpleApplication@514a9981
----------------- Done invoking toplevel() on ptolemy.moml.MoMLSimpleApplication@514a9981
reloadAllAccessors: .BooleanSelect2

===========================================================================================
----------------- testing Tue Feb 25 07:10:35 UTC 2020 /home/travis/build/icyphy/ptII/ptolemy/actor/lib/test/auto/BooleanSwitch.xml
----------------- Instantiating /home/travis/build/icyphy/ptII/ptolemy/actor/lib/test/auto/BooleanSwitch.xml
2 ms. Memory: 318464K Free: 263663K (83%)
----------------- Invoking toplevel() on ptolemy.moml.MoMLSimpleApplication@2bac1dea
----------------- Done invoking toplevel() on ptolemy.moml.MoMLSimpleApplication@2bac1dea
reloadAllAccessors: .BooleanSwitch

===========================================================================================
----------------- testing Tue Feb 25 07:10:35 UTC 2020 /home/travis/build/icyphy/ptII/ptolemy/actor/lib/test/auto/BooleanSwitch2.xml
----------------- Instantiating /home/travis/build/icyphy/ptII/ptolemy/actor/lib/test/auto/BooleanSwitch2.xml
1 ms. Memory: 318464K Free: 259072K (81%)
----------------- Invoking toplevel() on ptolemy.moml.MoMLSimpleApplication@7152be45
----------------- Done invoking toplevel() on ptolemy.moml.MoMLSimpleApplication@7152be45
reloadAllAccessors: .BooleanSwitch2

===========================================================================================
----------------- testing Tue Feb 25 07:10:36 UTC 2020 /home/travis/build/icyphy/ptII/ptolemy/actor/lib/test/auto/BooleanSwitchCloningBugWithClassRelationGroup.xml
----------------- Instantiating /home/travis/build/icyphy/ptII/ptolemy/actor/lib/test/auto/BooleanSwitchCloningBugWithClassRelationGroup.xml
3 ms. Memory: 318464K Free: 252414K (79%)
----------------- Invoking toplevel() on ptolemy.moml.MoMLSimpleApplication@32fc62b2
----------------- Done invoking toplevel() on ptolemy.moml.MoMLSimpleApplication@32fc62b2
reloadAllAccessors: .BooleanSwitchCloningBugWithClassRelationGroup

===========================================================================================
----------------- testing Tue Feb 25 07:10:36 UTC 2020 /home/travis/build/icyphy/ptII/ptolemy/actor/lib/test/auto/BusActors.xml
----------------- Instantiating /home/travis/build/icyphy/ptII/ptolemy/actor/lib/test/auto/BusActors.xml
8 ms. Memory: 318464K Free: 244736K (77%)
----------------- Invoking toplevel() on ptolemy.moml.MoMLSimpleApplication@12848b9b
----------------- Done invoking toplevel() on ptolemy.moml.MoMLSimpleApplication@12848b9b
reloadAllAccessors: .BusActors

===========================================================================================
----------------- testing Tue Feb 25 07:10:36 UTC 2020 /home/travis/build/icyphy/ptII/ptolemy/actor/lib/test/auto/ClassWrapper.xml
----------------- Instantiating /home/travis/build/icyphy/ptII/ptolemy/actor/lib/test/auto/ClassWrapper.xml
2 ms. Memory: 318464K Free: 240126K (75%)
----------------- Invoking toplevel() on ptolemy.moml.MoMLSimpleApplication@608e48a2
----------------- Done invoking toplevel() on ptolemy.moml.MoMLSimpleApplication@608e48a2
reloadAllAccessors: .ClassWrapper

===========================================================================================
----------------- testing Tue Feb 25 07:10:36 UTC 2020 /home/travis/build/icyphy/ptII/ptolemy/actor/lib/test/auto/Clock.xml
----------------- Instantiating /home/travis/build/icyphy/ptII/ptolemy/actor/lib/test/auto/Clock.xml
2 ms. Memory: 318464K Free: 236544K (74%)
----------------- Invoking toplevel() on ptolemy.moml.MoMLSimpleApplication@6234dc06
----------------- Done invoking toplevel() on ptolemy.moml.MoMLSimpleApplication@6234dc06
reloadAllAccessors: .Clock

===========================================================================================
----------------- testing Tue Feb 25 07:10:36 UTC 2020 /home/travis/build/icyphy/ptII/ptolemy/actor/lib/test/auto/Clock10.xml
----------------- Instantiating /home/travis/build/icyphy/ptII/ptolemy/actor/lib/test/auto/Clock10.xml
4 ms. Memory: 318464K Free: 230400K (72%)
----------------- Invoking toplevel() on ptolemy.moml.MoMLSimpleApplication@5fb8994b
----------------- Done invoking toplevel() on ptolemy.moml.MoMLSimpleApplication@5fb8994b
reloadAllAccessors: .Clock10

===========================================================================================
----------------- testing Tue Feb 25 07:10:36 UTC 2020 /home/travis/build/icyphy/ptII/ptolemy/actor/lib/test/auto/Clock11.xml
----------------- Instantiating /home/travis/build/icyphy/ptII/ptolemy/actor/lib/test/auto/Clock11.xml
4 ms. Memory: 318464K Free: 224766K (71%)
----------------- Invoking toplevel() on ptolemy.moml.MoMLSimpleApplication@7cc2c447
----------------- Done invoking toplevel() on ptolemy.moml.MoMLSimpleApplication@7cc2c447
reloadAllAccessors: .Clock11

===========================================================================================
----------------- testing Tue Feb 25 07:10:36 UTC 2020 /home/travis/build/icyphy/ptII/ptolemy/actor/lib/test/auto/Clock12.xml
----------------- Instantiating /home/travis/build/icyphy/ptII/ptolemy/actor/lib/test/auto/Clock12.xml
4 ms. Memory: 318464K Free: 218622K (69%)
----------------- Invoking toplevel() on ptolemy.moml.MoMLSimpleApplication@517b2123
----------------- Done invoking toplevel() on ptolemy.moml.MoMLSimpleApplication@517b2123
reloadAllAccessors: .Clock12

===========================================================================================
----------------- testing Tue Feb 25 07:10:36 UTC 2020 /home/travis/build/icyphy/ptII/ptolemy/actor/lib/test/auto/Clock13.xml
----------------- Instantiating /home/travis/build/icyphy/ptII/ptolemy/actor/lib/test/auto/Clock13.xml
5 ms. Memory: 318464K Free: 212992K (67%)
----------------- Invoking toplevel() on ptolemy.moml.MoMLSimpleApplication@1b90fdd1
----------------- Done invoking toplevel() on ptolemy.moml.MoMLSimpleApplication@1b90fdd1
reloadAllAccessors: .Clock13

===========================================================================================
----------------- testing Tue Feb 25 07:10:36 UTC 2020 /home/travis/build/icyphy/ptII/ptolemy/actor/lib/test/auto/Clock14.xml
----------------- Instantiating /home/travis/build/icyphy/ptII/ptolemy/actor/lib/test/auto/Clock14.xml
6 ms. Memory: 318464K Free: 206848K (65%)
----------------- Invoking toplevel() on ptolemy.moml.MoMLSimpleApplication@578b3689
----------------- Done invoking toplevel() on ptolemy.moml.MoMLSimpleApplication@578b3689
reloadAllAccessors: .Clock14

===========================================================================================
----------------- testing Tue Feb 25 07:10:36 UTC 2020 /home/travis/build/icyphy/ptII/ptolemy/actor/lib/test/auto/Clock15.xml
----------------- Instantiating /home/travis/build/icyphy/ptII/ptolemy/actor/lib/test/auto/Clock15.xml
5 ms. Memory: 318464K Free: 201207K (63%)
----------------- Invoking toplevel() on ptolemy.moml.MoMLSimpleApplication@5f55d678
----------------- Done invoking toplevel() on ptolemy.moml.MoMLSimpleApplication@5f55d678
reloadAllAccessors: .Clock15

===========================================================================================
----------------- testing Tue Feb 25 07:10:36 UTC 2020 /home/travis/build/icyphy/ptII/ptolemy/actor/lib/test/auto/Clock16.xml
----------------- Instantiating /home/travis/build/icyphy/ptII/ptolemy/actor/lib/test/auto/Clock16.xml
41 ms. Memory: 318464K Free: 186351K (59%)
----------------- Invoking toplevel() on ptolemy.moml.MoMLSimpleApplication@5fc5b017
----------------- Done invoking toplevel() on ptolemy.moml.MoMLSimpleApplication@5fc5b017
reloadAllAccessors: .Clock16

===========================================================================================
----------------- testing Tue Feb 25 07:10:36 UTC 2020 /home/travis/build/icyphy/ptII/ptolemy/actor/lib/test/auto/Clock17.xml
----------------- Instantiating /home/travis/build/icyphy/ptII/ptolemy/actor/lib/test/auto/Clock17.xml
25 ms. Memory: 318464K Free: 172032K (54%)
----------------- Invoking toplevel() on ptolemy.moml.MoMLSimpleApplication@472876b2
----------------- Done invoking toplevel() on ptolemy.moml.MoMLSimpleApplication@472876b2
reloadAllAccessors: .Clock17

===========================================================================================
----------------- testing Tue Feb 25 07:10:36 UTC 2020 /home/travis/build/icyphy/ptII/ptolemy/actor/lib/test/auto/Clock18.xml
----------------- Instantiating /home/travis/build/icyphy/ptII/ptolemy/actor/lib/test/auto/Clock18.xml
18 ms. Memory: 318464K Free: 159215K (50%)
----------------- Invoking toplevel() on ptolemy.moml.MoMLSimpleApplication@3286f287
----------------- Done invoking toplevel() on ptolemy.moml.MoMLSimpleApplication@3286f287
reloadAllAccessors: .Clock18

===========================================================================================
----------------- testing Tue Feb 25 07:10:36 UTC 2020 /home/travis/build/icyphy/ptII/ptolemy/actor/lib/test/auto/Clock19.xml
----------------- Instantiating /home/travis/build/icyphy/ptII/ptolemy/actor/lib/test/auto/Clock19.xml
14 ms. Memory: 318464K Free: 145918K (46%)
----------------- Invoking toplevel() on ptolemy.moml.MoMLSimpleApplication@142400a4
----------------- Done invoking toplevel() on ptolemy.moml.MoMLSimpleApplication@142400a4
reloadAllAccessors: .Clock19

===========================================================================================
----------------- testing Tue Feb 25 07:10:36 UTC 2020 /home/travis/build/icyphy/ptII/ptolemy/actor/lib/test/auto/Clock2.xml
----------------- Instantiating /home/travis/build/icyphy/ptII/ptolemy/actor/lib/test/auto/Clock2.xml
7 ms. Memory: 318464K Free: 141815K (45%)
----------------- Invoking toplevel() on ptolemy.moml.MoMLSimpleApplication@5e73f6f5
----------------- Done invoking toplevel() on ptolemy.moml.MoMLSimpleApplication@5e73f6f5
reloadAllAccessors: .Clock2

===========================================================================================
----------------- testing Tue Feb 25 07:10:36 UTC 2020 /home/travis/build/icyphy/ptII/ptolemy/actor/lib/test/auto/Clock20.xml
----------------- Instantiating /home/travis/build/icyphy/ptII/ptolemy/actor/lib/test/auto/Clock20.xml
9 ms. Memory: 318464K Free: 136192K (43%)
----------------- Invoking toplevel() on ptolemy.moml.MoMLSimpleApplication@3eed71fd
----------------- Done invoking toplevel() on ptolemy.moml.MoMLSimpleApplication@3eed71fd
reloadAllAccessors: .Clock20

===========================================================================================
----------------- testing Tue Feb 25 07:10:36 UTC 2020 /home/travis/build/icyphy/ptII/ptolemy/actor/lib/test/auto/Clock21.xml
----------------- Instantiating /home/travis/build/icyphy/ptII/ptolemy/actor/lib/test/auto/Clock21.xml
9 ms. Memory: 318464K Free: 131072K (41%)
----------------- Invoking toplevel() on ptolemy.moml.MoMLSimpleApplication@51e39657
----------------- Done invoking toplevel() on ptolemy.moml.MoMLSimpleApplication@51e39657
reloadAllAccessors: .Clock21

===========================================================================================
----------------- testing Tue Feb 25 07:10:36 UTC 2020 /home/travis/build/icyphy/ptII/ptolemy/actor/lib/test/auto/Clock22.xml
----------------- Instantiating /home/travis/build/icyphy/ptII/ptolemy/actor/lib/test/auto/Clock22.xml
4 ms. Memory: 318464K Free: 125438K (39%)
----------------- Invoking toplevel() on ptolemy.moml.MoMLSimpleApplication@4370446b
----------------- Done invoking toplevel() on ptolemy.moml.MoMLSimpleApplication@4370446b
reloadAllAccessors: .Clock22

===========================================================================================
----------------- testing Tue Feb 25 07:10:36 UTC 2020 /home/travis/build/icyphy/ptII/ptolemy/actor/lib/test/auto/Clock23.xml
----------------- Instantiating /home/travis/build/icyphy/ptII/ptolemy/actor/lib/test/auto/Clock23.xml
6 ms. Memory: 318464K Free: 119808K (38%)
----------------- Invoking toplevel() on ptolemy.moml.MoMLSimpleApplication@71c82153
----------------- Done invoking toplevel() on ptolemy.moml.MoMLSimpleApplication@71c82153
reloadAllAccessors: .Clock23

===========================================================================================
----------------- testing Tue Feb 25 07:10:36 UTC 2020 /home/travis/build/icyphy/ptII/ptolemy/actor/lib/test/auto/Clock24.xml
----------------- Instantiating /home/travis/build/icyphy/ptII/ptolemy/actor/lib/test/auto/Clock24.xml
2 ms. Memory: 318464K Free: 114174K (36%)
----------------- Invoking toplevel() on ptolemy.moml.MoMLSimpleApplication@132ff1a0
----------------- Done invoking toplevel() on ptolemy.moml.MoMLSimpleApplication@132ff1a0
reloadAllAccessors: .Clock24

===========================================================================================
----------------- testing Tue Feb 25 07:10:36 UTC 2020 /home/travis/build/icyphy/ptII/ptolemy/actor/lib/test/auto/Clock4.xml
----------------- Instantiating /home/travis/build/icyphy/ptII/ptolemy/actor/lib/test/auto/Clock4.xml
2 ms. Memory: 318464K Free: 109023K (34%)
----------------- Invoking toplevel() on ptolemy.moml.MoMLSimpleApplication@381d5b9b
----------------- Done invoking toplevel() on ptolemy.moml.MoMLSimpleApplication@381d5b9b
reloadAllAccessors: .Clock4

===========================================================================================
----------------- testing Tue Feb 25 07:10:36 UTC 2020 /home/travis/build/icyphy/ptII/ptolemy/actor/lib/test/auto/Clock5.xml
----------------- Instantiating /home/travis/build/icyphy/ptII/ptolemy/actor/lib/test/auto/Clock5.xml
2 ms. Memory: 318464K Free: 103934K (33%)
----------------- Invoking toplevel() on ptolemy.moml.MoMLSimpleApplication@7b980fb5
----------------- Done invoking toplevel() on ptolemy.moml.MoMLSimpleApplication@7b980fb5
reloadAllAccessors: .Clock5

===========================================================================================
----------------- testing Tue Feb 25 07:10:36 UTC 2020 /home/travis/build/icyphy/ptII/ptolemy/actor/lib/test/auto/Clock6.xml
----------------- Instantiating /home/travis/build/icyphy/ptII/ptolemy/actor/lib/test/auto/Clock6.xml
3 ms. Memory: 318464K Free: 99328K (31%)
----------------- Invoking toplevel() on ptolemy.moml.MoMLSimpleApplication@2de44c55
----------------- Done invoking toplevel() on ptolemy.moml.MoMLSimpleApplication@2de44c55
reloadAllAccessors: .Clock6

===========================================================================================
----------------- testing Tue Feb 25 07:10:36 UTC 2020 /home/travis/build/icyphy/ptII/ptolemy/actor/lib/test/auto/Clock7.xml
----------------- Instantiating /home/travis/build/icyphy/ptII/ptolemy/actor/lib/test/auto/Clock7.xml
3 ms. Memory: 318464K Free: 94718K (30%)
----------------- Invoking toplevel() on ptolemy.moml.MoMLSimpleApplication@a92b1bf
----------------- Done invoking toplevel() on ptolemy.moml.MoMLSimpleApplication@a92b1bf
reloadAllAccessors: .Clock7

===========================================================================================
----------------- testing Tue Feb 25 07:10:36 UTC 2020 /home/travis/build/icyphy/ptII/ptolemy/actor/lib/test/auto/Clock8.xml
----------------- Instantiating /home/travis/build/icyphy/ptII/ptolemy/actor/lib/test/auto/Clock8.xml
2 ms. Memory: 318464K Free: 89088K (28%)
----------------- Invoking toplevel() on ptolemy.moml.MoMLSimpleApplication@1ada29a
----------------- Done invoking toplevel() on ptolemy.moml.MoMLSimpleApplication@1ada29a
reloadAllAccessors: .Clock8

===========================================================================================
----------------- testing Tue Feb 25 07:10:36 UTC 2020 /home/travis/build/icyphy/ptII/ptolemy/actor/lib/test/auto/Clock9.xml
----------------- Instantiating /home/travis/build/icyphy/ptII/ptolemy/actor/lib/test/auto/Clock9.xml
31 ms. Memory: 634880K Free: 582135K (92%)
----------------- Invoking toplevel() on ptolemy.moml.MoMLSimpleApplication@7d67834b
----------------- Done invoking toplevel() on ptolemy.moml.MoMLSimpleApplication@7d67834b
reloadAllAccessors: .Clock9

===========================================================================================
----------------- testing Tue Feb 25 07:10:36 UTC 2020 /home/travis/build/icyphy/ptII/ptolemy/actor/lib/test/auto/CommDistDiscard.xml
----------------- Instantiating /home/travis/build/icyphy/ptII/ptolemy/actor/lib/test/auto/CommDistDiscard.xml
7 ms. Memory: 634880K Free: 575998K (91%)
----------------- Invoking toplevel() on ptolemy.moml.MoMLSimpleApplication@5d22bffc
----------------- Done invoking toplevel() on ptolemy.moml.MoMLSimpleApplication@5d22bffc
reloadAllAccessors: .CommDistDiscard

===========================================================================================
----------------- testing Tue Feb 25 07:10:36 UTC 2020 /home/travis/build/icyphy/ptII/ptolemy/actor/lib/test/auto/Commutator.xml
----------------- Instantiating /home/travis/build/icyphy/ptII/ptolemy/actor/lib/test/auto/Commutator.xml
2 ms. Memory: 634880K Free: 571392K (90%)
----------------- Invoking toplevel() on ptolemy.moml.MoMLSimpleApplication@3af37e4
----------------- Done invoking toplevel() on ptolemy.moml.MoMLSimpleApplication@3af37e4
reloadAllAccessors: .Commutator

===========================================================================================
----------------- testing Tue Feb 25 07:10:36 UTC 2020 /home/travis/build/icyphy/ptII/ptolemy/actor/lib/test/auto/Commutator2.xml
----------------- Instantiating /home/travis/build/icyphy/ptII/ptolemy/actor/lib/test/auto/Commutator2.xml
2 ms. Memory: 634880K Free: 567296K (89%)
----------------- Invoking toplevel() on ptolemy.moml.MoMLSimpleApplication@16baa8a2
----------------- Done invoking toplevel() on ptolemy.moml.MoMLSimpleApplication@16baa8a2
reloadAllAccessors: .Commutator2

===========================================================================================
----------------- testing Tue Feb 25 07:10:36 UTC 2020 /home/travis/build/icyphy/ptII/ptolemy/actor/lib/test/auto/Commutator3.xml
----------------- Instantiating /home/travis/build/icyphy/ptII/ptolemy/actor/lib/test/auto/Commutator3.xml
3 ms. Memory: 634880K Free: 562686K (89%)
----------------- Invoking toplevel() on ptolemy.moml.MoMLSimpleApplication@27a1c811
----------------- Done invoking toplevel() on ptolemy.moml.MoMLSimpleApplication@27a1c811
reloadAllAccessors: .Commutator3

===========================================================================================
----------------- testing Tue Feb 25 07:10:36 UTC 2020 /home/travis/build/icyphy/ptII/ptolemy/actor/lib/test/auto/Compare.xml
----------------- Instantiating /home/travis/build/icyphy/ptII/ptolemy/actor/lib/test/auto/Compare.xml
2 ms. Memory: 634880K Free: 556542K (88%)
----------------- Invoking toplevel() on ptolemy.moml.MoMLSimpleApplication@16d00ff
----------------- Done invoking toplevel() on ptolemy.moml.MoMLSimpleApplication@16d00ff
reloadAllAccessors: .Compare

===========================================================================================
----------------- testing Tue Feb 25 07:10:36 UTC 2020 /home/travis/build/icyphy/ptII/ptolemy/actor/lib/test/auto/CompareDE.xml
----------------- Instantiating /home/travis/build/icyphy/ptII/ptolemy/actor/lib/test/auto/CompareDE.xml
7 ms. Memory: 634880K Free: 549359K (87%)
----------------- Invoking toplevel() on ptolemy.moml.MoMLSimpleApplication@71efdf49
----------------- Done invoking toplevel() on ptolemy.moml.MoMLSimpleApplication@71efdf49
reloadAllAccessors: .CompareDE

===========================================================================================
----------------- testing Tue Feb 25 07:10:36 UTC 2020 /home/travis/build/icyphy/ptII/ptolemy/actor/lib/test/auto/ComplexDivide.xml
----------------- Instantiating /home/travis/build/icyphy/ptII/ptolemy/actor/lib/test/auto/ComplexDivide.xml
2 ms. Memory: 634880K Free: 545278K (86%)
----------------- Invoking toplevel() on ptolemy.moml.MoMLSimpleApplication@66b915d
----------------- Done invoking toplevel() on ptolemy.moml.MoMLSimpleApplication@66b915d
reloadAllAccessors: .ComplexDivide

===========================================================================================
----------------- testing Tue Feb 25 07:10:36 UTC 2020 /home/travis/build/icyphy/ptII/ptolemy/actor/lib/test/auto/ComputeHistogram.xml
----------------- Instantiating /home/travis/build/icyphy/ptII/ptolemy/actor/lib/test/auto/ComputeHistogram.xml
27 ms. Memory: 634880K Free: 532990K (84%)
----------------- Invoking toplevel() on ptolemy.moml.MoMLSimpleApplication@29f07f78
----------------- Done invoking toplevel() on ptolemy.moml.MoMLSimpleApplication@29f07f78
reloadAllAccessors: .ComputeHistogram

===========================================================================================
----------------- testing Tue Feb 25 07:10:37 UTC 2020 /home/travis/build/icyphy/ptII/ptolemy/actor/lib/test/auto/ConfigurationSelect.xml
----------------- Instantiating /home/travis/build/icyphy/ptII/ptolemy/actor/lib/test/auto/ConfigurationSelect.xml
3 ms. Memory: 634880K Free: 527360K (83%)
----------------- Invoking toplevel() on ptolemy.moml.MoMLSimpleApplication@2f595571
----------------- Done invoking toplevel() on ptolemy.moml.MoMLSimpleApplication@2f595571
reloadAllAccessors: .ConfigurationSelect

===========================================================================================
----------------- testing Tue Feb 25 07:10:37 UTC 2020 /home/travis/build/icyphy/ptII/ptolemy/actor/lib/test/auto/ConfigurationSelect2.xml
----------------- Instantiating /home/travis/build/icyphy/ptII/ptolemy/actor/lib/test/auto/ConfigurationSelect2.xml
2 ms. Memory: 634880K Free: 522750K (82%)
----------------- Invoking toplevel() on ptolemy.moml.MoMLSimpleApplication@2c145535
----------------- Done invoking toplevel() on ptolemy.moml.MoMLSimpleApplication@2c145535
reloadAllAccessors: .ConfigurationSelect2

===========================================================================================
----------------- testing Tue Feb 25 07:10:37 UTC 2020 /home/travis/build/icyphy/ptII/ptolemy/actor/lib/test/auto/ConfigurationSwitch.xml
----------------- Instantiating /home/travis/build/icyphy/ptII/ptolemy/actor/lib/test/auto/ConfigurationSwitch.xml
2 ms. Memory: 634880K Free: 517630K (82%)
----------------- Invoking toplevel() on ptolemy.moml.MoMLSimpleApplication@711047c9
----------------- Done invoking toplevel() on ptolemy.moml.MoMLSimpleApplication@711047c9
reloadAllAccessors: .ConfigurationSwitch

===========================================================================================
----------------- testing Tue Feb 25 07:10:37 UTC 2020 /home/travis/build/icyphy/ptII/ptolemy/actor/lib/test/auto/ConfigurationSwitch2.xml
----------------- Instantiating /home/travis/build/icyphy/ptII/ptolemy/actor/lib/test/auto/ConfigurationSwitch2.xml
4 ms. Memory: 634880K Free: 512000K (81%)
----------------- Invoking toplevel() on ptolemy.moml.MoMLSimpleApplication@73b40d22
----------------- Done invoking toplevel() on ptolemy.moml.MoMLSimpleApplication@73b40d22
reloadAllAccessors: .ConfigurationSwitch2

===========================================================================================
----------------- testing Tue Feb 25 07:10:37 UTC 2020 /home/travis/build/icyphy/ptII/ptolemy/actor/lib/test/auto/ConfigurationSwitchCloningBugWithClassRelationGroup.xml
----------------- Instantiating /home/travis/build/icyphy/ptII/ptolemy/actor/lib/test/auto/ConfigurationSwitchCloningBugWithClassRelationGroup.xml
2 ms. Memory: 634880K Free: 505342K (80%)
----------------- Invoking toplevel() on ptolemy.moml.MoMLSimpleApplication@7f9501a5
----------------- Done invoking toplevel() on ptolemy.moml.MoMLSimpleApplication@7f9501a5
reloadAllAccessors: .ConfigurationSwitchCloningBugWithClassRelationGroup

===========================================================================================
----------------- testing Tue Feb 25 07:10:37 UTC 2020 /home/travis/build/icyphy/ptII/ptolemy/actor/lib/test/auto/ConfigurationSwitchSelectSDF.xml
----------------- Instantiating /home/travis/build/icyphy/ptII/ptolemy/actor/lib/test/auto/ConfigurationSwitchSelectSDF.xml
3 ms. Memory: 634880K Free: 499712K (79%)
----------------- Invoking toplevel() on ptolemy.moml.MoMLSimpleApplication@793c91f2
----------------- Done invoking toplevel() on ptolemy.moml.MoMLSimpleApplication@793c91f2
reloadAllAccessors: .ConfigurationSwitchSelectSDF

===========================================================================================
----------------- testing Tue Feb 25 07:10:37 UTC 2020 /home/travis/build/icyphy/ptII/ptolemy/actor/lib/test/auto/ConfigurationSwitchSelectSDF2.xml
----------------- Instantiating /home/travis/build/icyphy/ptII/ptolemy/actor/lib/test/auto/ConfigurationSwitchSelectSDF2.xml
3 ms. Memory: 634880K Free: 493568K (78%)
----------------- Invoking toplevel() on ptolemy.moml.MoMLSimpleApplication@50227c6e
----------------- Done invoking toplevel() on ptolemy.moml.MoMLSimpleApplication@50227c6e
reloadAllAccessors: .ConfigurationSwitchSelectSDF2

===========================================================================================
----------------- testing Tue Feb 25 07:10:37 UTC 2020 /home/travis/build/icyphy/ptII/ptolemy/actor/lib/test/auto/Const.xml
----------------- Instantiating /home/travis/build/icyphy/ptII/ptolemy/actor/lib/test/auto/Const.xml
2 ms. Memory: 634880K Free: 490496K (77%)
----------------- Invoking toplevel() on ptolemy.moml.MoMLSimpleApplication@1ac4d484
----------------- Done invoking toplevel() on ptolemy.moml.MoMLSimpleApplication@1ac4d484
reloadAllAccessors: .Const

===========================================================================================
----------------- testing Tue Feb 25 07:10:37 UTC 2020 /home/travis/build/icyphy/ptII/ptolemy/actor/lib/test/auto/Const2.xml
----------------- Instantiating /home/travis/build/icyphy/ptII/ptolemy/actor/lib/test/auto/Const2.xml
2 ms. Memory: 634880K Free: 486400K (77%)
----------------- Invoking toplevel() on ptolemy.moml.MoMLSimpleApplication@2e2def8d
----------------- Done invoking toplevel() on ptolemy.moml.MoMLSimpleApplication@2e2def8d
reloadAllAccessors: .Const2

===========================================================================================
----------------- testing Tue Feb 25 07:10:37 UTC 2020 /home/travis/build/icyphy/ptII/ptolemy/actor/lib/test/auto/Const3.xml
----------------- Instantiating /home/travis/build/icyphy/ptII/ptolemy/actor/lib/test/auto/Const3.xml
2 ms. Memory: 634880K Free: 483328K (76%)
----------------- Invoking toplevel() on ptolemy.moml.MoMLSimpleApplication@5388b35a
----------------- Done invoking toplevel() on ptolemy.moml.MoMLSimpleApplication@5388b35a
reloadAllAccessors: .Const3

===========================================================================================
----------------- testing Tue Feb 25 07:10:37 UTC 2020 /home/travis/build/icyphy/ptII/ptolemy/actor/lib/test/auto/ConstantPublisherPort1.xml
----------------- Instantiating /home/travis/build/icyphy/ptII/ptolemy/actor/lib/test/auto/ConstantPublisherPort1.xml
7 ms. Memory: 634880K Free: 474622K (75%)
----------------- Invoking toplevel() on ptolemy.moml.MoMLSimpleApplication@304853
----------------- Done invoking toplevel() on ptolemy.moml.MoMLSimpleApplication@304853
reloadAllAccessors: .ConstantPublisherPort1

===========================================================================================
----------------- testing Tue Feb 25 07:10:37 UTC 2020 /home/travis/build/icyphy/ptII/ptolemy/actor/lib/test/auto/ConstantPublisherPort2.xml
----------------- Instantiating /home/travis/build/icyphy/ptII/ptolemy/actor/lib/test/auto/ConstantPublisherPort2.xml
12 ms. Memory: 634880K Free: 466944K (74%)
----------------- Invoking toplevel() on ptolemy.moml.MoMLSimpleApplication@2088991b
----------------- Done invoking toplevel() on ptolemy.moml.MoMLSimpleApplication@2088991b
reloadAllAccessors: .ConstantPublisherPort2

===========================================================================================
----------------- testing Tue Feb 25 07:10:37 UTC 2020 /home/travis/build/icyphy/ptII/ptolemy/actor/lib/test/auto/ConstantPublisherPort3.xml
----------------- Instantiating /home/travis/build/icyphy/ptII/ptolemy/actor/lib/test/auto/ConstantPublisherPort3.xml
7 ms. Memory: 634880K Free: 459776K (72%)
----------------- Invoking toplevel() on ptolemy.moml.MoMLSimpleApplication@27b84b25
----------------- Done invoking toplevel() on ptolemy.moml.MoMLSimpleApplication@27b84b25
reloadAllAccessors: .ConstantPublisherPort3

===========================================================================================
----------------- testing Tue Feb 25 07:10:37 UTC 2020 /home/travis/build/icyphy/ptII/ptolemy/actor/lib/test/auto/ConstantPublisherPort4.xml
----------------- Instantiating /home/travis/build/icyphy/ptII/ptolemy/actor/lib/test/auto/ConstantPublisherPort4.xml
4 ms. Memory: 634880K Free: 452608K (71%)
----------------- Invoking toplevel() on ptolemy.moml.MoMLSimpleApplication@62c6aa49
----------------- Done invoking toplevel() on ptolemy.moml.MoMLSimpleApplication@62c6aa49
reloadAllAccessors: .ConstantPublisherPort4

===========================================================================================
----------------- testing Tue Feb 25 07:10:37 UTC 2020 /home/travis/build/icyphy/ptII/ptolemy/actor/lib/test/auto/ConstantPublisherPort5.xml
----------------- Instantiating /home/travis/build/icyphy/ptII/ptolemy/actor/lib/test/auto/ConstantPublisherPort5.xml
25 ms. Memory: 634880K Free: 443392K (70%)
----------------- Invoking toplevel() on ptolemy.moml.MoMLSimpleApplication@74ac3bcb
----------------- Done invoking toplevel() on ptolemy.moml.MoMLSimpleApplication@74ac3bcb
reloadAllAccessors: .ConstantPublisherPort5

===========================================================================================
----------------- testing Tue Feb 25 07:10:37 UTC 2020 /home/travis/build/icyphy/ptII/ptolemy/actor/lib/test/auto/ConstantPublisherPort6.xml
----------------- Instantiating /home/travis/build/icyphy/ptII/ptolemy/actor/lib/test/auto/ConstantPublisherPort6.xml
13 ms. Memory: 634880K Free: 434686K (68%)
----------------- Invoking toplevel() on ptolemy.moml.MoMLSimpleApplication@24422963
----------------- Done invoking toplevel() on ptolemy.moml.MoMLSimpleApplication@24422963
reloadAllAccessors: .ConstantPublisherPort6

===========================================================================================
----------------- testing Tue Feb 25 07:10:37 UTC 2020 /home/travis/build/icyphy/ptII/ptolemy/actor/lib/test/auto/ConstantPublisherPort7.xml
----------------- Instantiating /home/travis/build/icyphy/ptII/ptolemy/actor/lib/test/auto/ConstantPublisherPort7.xml
14 ms. Memory: 634880K Free: 425470K (67%)
----------------- Invoking toplevel() on ptolemy.moml.MoMLSimpleApplication@7785105b
----------------- Done invoking toplevel() on ptolemy.moml.MoMLSimpleApplication@7785105b
reloadAllAccessors: .ConstantPublisherPort7

===========================================================================================
----------------- testing Tue Feb 25 07:10:37 UTC 2020 /home/travis/build/icyphy/ptII/ptolemy/actor/lib/test/auto/ConstraintMonitor1.xml
----------------- Instantiating /home/travis/build/icyphy/ptII/ptolemy/actor/lib/test/auto/ConstraintMonitor1.xml
2 ms. Memory: 634880K Free: 420864K (66%)
----------------- Invoking toplevel() on ptolemy.moml.MoMLSimpleApplication@7178e5d5
----------------- Done invoking toplevel() on ptolemy.moml.MoMLSimpleApplication@7178e5d5
reloadAllAccessors: .ConstraintMonitor1

===========================================================================================
----------------- testing Tue Feb 25 07:10:37 UTC 2020 /home/travis/build/icyphy/ptII/ptolemy/actor/lib/test/auto/ConstraintMonitor2.xml
----------------- Instantiating /home/travis/build/icyphy/ptII/ptolemy/actor/lib/test/auto/ConstraintMonitor2.xml
2 ms. Memory: 634880K Free: 416254K (66%)
----------------- Invoking toplevel() on ptolemy.moml.MoMLSimpleApplication@7887382f
----------------- Done invoking toplevel() on ptolemy.moml.MoMLSimpleApplication@7887382f
reloadAllAccessors: .ConstraintMonitor2

===========================================================================================
----------------- testing Tue Feb 25 07:10:37 UTC 2020 /home/travis/build/icyphy/ptII/ptolemy/actor/lib/test/auto/ConstraintMonitor3.xml
----------------- Instantiating /home/travis/build/icyphy/ptII/ptolemy/actor/lib/test/auto/ConstraintMonitor3.xml
4 ms. Memory: 634880K Free: 411648K (65%)
----------------- Invoking toplevel() on ptolemy.moml.MoMLSimpleApplication@7ac183da
----------------- Done invoking toplevel() on ptolemy.moml.MoMLSimpleApplication@7ac183da
reloadAllAccessors: .ConstraintMonitor3

===========================================================================================
----------------- testing Tue Feb 25 07:10:37 UTC 2020 /home/travis/build/icyphy/ptII/ptolemy/actor/lib/test/auto/ConstraintMonitor4.xml
----------------- Instantiating /home/travis/build/icyphy/ptII/ptolemy/actor/lib/test/auto/ConstraintMonitor4.xml
2 ms. Memory: 634880K Free: 407038K (64%)
----------------- Invoking toplevel() on ptolemy.moml.MoMLSimpleApplication@19f17bcc
----------------- Done invoking toplevel() on ptolemy.moml.MoMLSimpleApplication@19f17bcc
reloadAllAccessors: .ConstraintMonitor4

===========================================================================================
----------------- testing Tue Feb 25 07:10:37 UTC 2020 /home/travis/build/icyphy/ptII/ptolemy/actor/lib/test/auto/ConstraintMonitor5.xml
----------------- Instantiating /home/travis/build/icyphy/ptII/ptolemy/actor/lib/test/auto/ConstraintMonitor5.xml
4 ms. Memory: 634880K Free: 401903K (63%)
----------------- Invoking toplevel() on ptolemy.moml.MoMLSimpleApplication@7bf3b348
----------------- Done invoking toplevel() on ptolemy.moml.MoMLSimpleApplication@7bf3b348
reloadAllAccessors: .ConstraintMonitor5

===========================================================================================
----------------- testing Tue Feb 25 07:10:37 UTC 2020 /home/travis/build/icyphy/ptII/ptolemy/actor/lib/test/auto/ConstraintMonitor6.xml
----------------- Instantiating /home/travis/build/icyphy/ptII/ptolemy/actor/lib/test/auto/ConstraintMonitor6.xml
3 ms. Memory: 634880K Free: 395264K (62%)
----------------- Invoking toplevel() on ptolemy.moml.MoMLSimpleApplication@774425a0
----------------- Done invoking toplevel() on ptolemy.moml.MoMLSimpleApplication@774425a0
reloadAllAccessors: .ConstraintMonitor6

===========================================================================================
----------------- testing Tue Feb 25 07:10:37 UTC 2020 /home/travis/build/icyphy/ptII/ptolemy/actor/lib/test/auto/ConstraintMonitor7.xml
----------------- Instantiating /home/travis/build/icyphy/ptII/ptolemy/actor/lib/test/auto/ConstraintMonitor7.xml
5 ms. Memory: 634880K Free: 389120K (61%)
----------------- Invoking toplevel() on ptolemy.moml.MoMLSimpleApplication@247e755a
----------------- Done invoking toplevel() on ptolemy.moml.MoMLSimpleApplication@247e755a
reloadAllAccessors: .ConstraintMonitor7

===========================================================================================
----------------- testing Tue Feb 25 07:10:37 UTC 2020 /home/travis/build/icyphy/ptII/ptolemy/actor/lib/test/auto/ConstraintMonitor8.xml
----------------- Instantiating /home/travis/build/icyphy/ptII/ptolemy/actor/lib/test/auto/ConstraintMonitor8.xml
6 ms. Memory: 634880K Free: 381438K (60%)
----------------- Invoking toplevel() on ptolemy.moml.MoMLSimpleApplication@7f045054
----------------- Done invoking toplevel() on ptolemy.moml.MoMLSimpleApplication@7f045054
reloadAllAccessors: .ConstraintMonitor8

===========================================================================================
----------------- testing Tue Feb 25 07:10:37 UTC 2020 /home/travis/build/icyphy/ptII/ptolemy/actor/lib/test/auto/Counter.xml
----------------- Instantiating /home/travis/build/icyphy/ptII/ptolemy/actor/lib/test/auto/Counter.xml
3 ms. Memory: 634880K Free: 376832K (59%)
----------------- Invoking toplevel() on ptolemy.moml.MoMLSimpleApplication@64de0f70
----------------- Done invoking toplevel() on ptolemy.moml.MoMLSimpleApplication@64de0f70
reloadAllAccessors: .Counter

===========================================================================================
----------------- testing Tue Feb 25 07:10:37 UTC 2020 /home/travis/build/icyphy/ptII/ptolemy/actor/lib/test/auto/CurrentTimeSDF.xml
----------------- Instantiating /home/travis/build/icyphy/ptII/ptolemy/actor/lib/test/auto/CurrentTimeSDF.xml
3 ms. Memory: 634880K Free: 372736K (59%)
----------------- Invoking toplevel() on ptolemy.moml.MoMLSimpleApplication@780a4545
----------------- Done invoking toplevel() on ptolemy.moml.MoMLSimpleApplication@780a4545
reloadAllAccessors: .CurrentTimeSDF

===========================================================================================
----------------- testing Tue Feb 25 07:10:37 UTC 2020 /home/travis/build/icyphy/ptII/ptolemy/actor/lib/test/auto/DB.xml
----------------- Instantiating /home/travis/build/icyphy/ptII/ptolemy/actor/lib/test/auto/DB.xml
5 ms. Memory: 634880K Free: 367616K (58%)
----------------- Invoking toplevel() on ptolemy.moml.MoMLSimpleApplication@d28db9
----------------- Done invoking toplevel() on ptolemy.moml.MoMLSimpleApplication@d28db9
reloadAllAccessors: .DB

===========================================================================================
----------------- testing Tue Feb 25 07:10:37 UTC 2020 /home/travis/build/icyphy/ptII/ptolemy/actor/lib/test/auto/DBDE.xml
----------------- Instantiating /home/travis/build/icyphy/ptII/ptolemy/actor/lib/test/auto/DBDE.xml
2 ms. Memory: 634880K Free: 361975K (57%)
----------------- Invoking toplevel() on ptolemy.moml.MoMLSimpleApplication@7b7d55e0
----------------- Done invoking toplevel() on ptolemy.moml.MoMLSimpleApplication@7b7d55e0
reloadAllAccessors: .DBDE

===========================================================================================
----------------- testing Tue Feb 25 07:10:37 UTC 2020 /home/travis/build/icyphy/ptII/ptolemy/actor/lib/test/auto/DateConstructor.xml
----------------- Instantiating /home/travis/build/icyphy/ptII/ptolemy/actor/lib/test/auto/DateConstructor.xml
31 ms. Memory: 634880K Free: 344574K (54%)
----------------- Invoking toplevel() on ptolemy.moml.MoMLSimpleApplication@5ffadb91
----------------- Done invoking toplevel() on ptolemy.moml.MoMLSimpleApplication@5ffadb91
reloadAllAccessors: .DateConstructor

===========================================================================================
----------------- testing Tue Feb 25 07:10:37 UTC 2020 /home/travis/build/icyphy/ptII/ptolemy/actor/lib/test/auto/DelayTime.xml
----------------- Instantiating /home/travis/build/icyphy/ptII/ptolemy/actor/lib/test/auto/DelayTime.xml
6 ms. Memory: 634880K Free: 339454K (53%)
----------------- Invoking toplevel() on ptolemy.moml.MoMLSimpleApplication@852b77f
----------------- Done invoking toplevel() on ptolemy.moml.MoMLSimpleApplication@852b77f
reloadAllAccessors: .DelayTime

===========================================================================================
----------------- testing Tue Feb 25 07:10:37 UTC 2020 /home/travis/build/icyphy/ptII/ptolemy/actor/lib/test/auto/Dictionary1.xml
----------------- Instantiating /home/travis/build/icyphy/ptII/ptolemy/actor/lib/test/auto/Dictionary1.xml
1 ms. Memory: 634880K Free: 334334K (53%)
----------------- Invoking toplevel() on ptolemy.moml.MoMLSimpleApplication@3f9cef04
----------------- Done invoking toplevel() on ptolemy.moml.MoMLSimpleApplication@3f9cef04
reloadAllAccessors: .Dictionary1

===========================================================================================
----------------- testing Tue Feb 25 07:10:37 UTC 2020 /home/travis/build/icyphy/ptII/ptolemy/actor/lib/test/auto/Dictionary2.xml
----------------- Instantiating /home/travis/build/icyphy/ptII/ptolemy/actor/lib/test/auto/Dictionary2.xml
5 ms. Memory: 634880K Free: 328704K (52%)
----------------- Invoking toplevel() on ptolemy.moml.MoMLSimpleApplication@7767ee66
----------------- Done invoking toplevel() on ptolemy.moml.MoMLSimpleApplication@7767ee66
reloadAllAccessors: .Dictionary2

===========================================================================================
----------------- testing Tue Feb 25 07:10:38 UTC 2020 /home/travis/build/icyphy/ptII/ptolemy/actor/lib/test/auto/Dictionary3.xml
----------------- Instantiating /home/travis/build/icyphy/ptII/ptolemy/actor/lib/test/auto/Dictionary3.xml
1 ms. Memory: 634880K Free: 323070K (51%)
----------------- Invoking toplevel() on ptolemy.moml.MoMLSimpleApplication@2878acca
----------------- Done invoking toplevel() on ptolemy.moml.MoMLSimpleApplication@2878acca
reloadAllAccessors: .Dictionary3

===========================================================================================
----------------- testing Tue Feb 25 07:10:38 UTC 2020 /home/travis/build/icyphy/ptII/ptolemy/actor/lib/test/auto/Dictionary4.xml
----------------- Instantiating /home/travis/build/icyphy/ptII/ptolemy/actor/lib/test/auto/Dictionary4.xml
10 ms. Memory: 634880K Free: 315902K (50%)
----------------- Invoking toplevel() on ptolemy.moml.MoMLSimpleApplication@2c5217f6
----------------- Done invoking toplevel() on ptolemy.moml.MoMLSimpleApplication@2c5217f6
reloadAllAccessors: .Dictionary4

===========================================================================================
----------------- testing Tue Feb 25 07:10:38 UTC 2020 /home/travis/build/icyphy/ptII/ptolemy/actor/lib/test/auto/Differential.xml
----------------- Instantiating /home/travis/build/icyphy/ptII/ptolemy/actor/lib/test/auto/Differential.xml
3 ms. Memory: 634880K Free: 311806K (49%)
----------------- Invoking toplevel() on ptolemy.moml.MoMLSimpleApplication@15556f4f
----------------- Done invoking toplevel() on ptolemy.moml.MoMLSimpleApplication@15556f4f
reloadAllAccessors: .Differential

===========================================================================================
----------------- testing Tue Feb 25 07:10:38 UTC 2020 /home/travis/build/icyphy/ptII/ptolemy/actor/lib/test/auto/Director.xml
----------------- Instantiating /home/travis/build/icyphy/ptII/ptolemy/actor/lib/test/auto/Director.xml
4 ms. Memory: 634880K Free: 308224K (49%)
----------------- Invoking toplevel() on ptolemy.moml.MoMLSimpleApplication@22710f70
----------------- Done invoking toplevel() on ptolemy.moml.MoMLSimpleApplication@22710f70
reloadAllAccessors: .Director

===========================================================================================
----------------- testing Tue Feb 25 07:10:38 UTC 2020 /home/travis/build/icyphy/ptII/ptolemy/actor/lib/test/auto/DiscreteClock.xml
----------------- Instantiating /home/travis/build/icyphy/ptII/ptolemy/actor/lib/test/auto/DiscreteClock.xml
1 ms. Memory: 634880K Free: 304128K (48%)
----------------- Invoking toplevel() on ptolemy.moml.MoMLSimpleApplication@2b618a50
----------------- Done invoking toplevel() on ptolemy.moml.MoMLSimpleApplication@2b618a50
reloadAllAccessors: .DiscreteClock

===========================================================================================
----------------- testing Tue Feb 25 07:10:38 UTC 2020 /home/travis/build/icyphy/ptII/ptolemy/actor/lib/test/auto/DiscreteClock10.xml
----------------- Instantiating /home/travis/build/icyphy/ptII/ptolemy/actor/lib/test/auto/DiscreteClock10.xml
5 ms. Memory: 634880K Free: 298494K (47%)
----------------- Invoking toplevel() on ptolemy.moml.MoMLSimpleApplication@7f63a62e
----------------- Done invoking toplevel() on ptolemy.moml.MoMLSimpleApplication@7f63a62e
reloadAllAccessors: .DiscreteClock10

===========================================================================================
----------------- testing Tue Feb 25 07:10:38 UTC 2020 /home/travis/build/icyphy/ptII/ptolemy/actor/lib/test/auto/DiscreteClock11.xml
----------------- Instantiating /home/travis/build/icyphy/ptII/ptolemy/actor/lib/test/auto/DiscreteClock11.xml
3 ms. Memory: 634880K Free: 292350K (46%)
----------------- Invoking toplevel() on ptolemy.moml.MoMLSimpleApplication@143009ab
----------------- Done invoking toplevel() on ptolemy.moml.MoMLSimpleApplication@143009ab
reloadAllAccessors: .DiscreteClock11

===========================================================================================
----------------- testing Tue Feb 25 07:10:38 UTC 2020 /home/travis/build/icyphy/ptII/ptolemy/actor/lib/test/auto/DiscreteClock12.xml
----------------- Instantiating /home/travis/build/icyphy/ptII/ptolemy/actor/lib/test/auto/DiscreteClock12.xml
4 ms. Memory: 634880K Free: 286206K (45%)
----------------- Invoking toplevel() on ptolemy.moml.MoMLSimpleApplication@1e2b4dc4
----------------- Done invoking toplevel() on ptolemy.moml.MoMLSimpleApplication@1e2b4dc4
reloadAllAccessors: .DiscreteClock12

===========================================================================================
----------------- testing Tue Feb 25 07:10:38 UTC 2020 /home/travis/build/icyphy/ptII/ptolemy/actor/lib/test/auto/DiscreteClock13.xml
----------------- Instantiating /home/travis/build/icyphy/ptII/ptolemy/actor/lib/test/auto/DiscreteClock13.xml
5 ms. Memory: 634880K Free: 280031K (44%)
----------------- Invoking toplevel() on ptolemy.moml.MoMLSimpleApplication@5007d11
----------------- Done invoking toplevel() on ptolemy.moml.MoMLSimpleApplication@5007d11
reloadAllAccessors: .DiscreteClock13

===========================================================================================
----------------- testing Tue Feb 25 07:10:38 UTC 2020 /home/travis/build/icyphy/ptII/ptolemy/actor/lib/test/auto/DiscreteClock14.xml
----------------- Instantiating /home/travis/build/icyphy/ptII/ptolemy/actor/lib/test/auto/DiscreteClock14.xml
6 ms. Memory: 634880K Free: 274432K (43%)
----------------- Invoking toplevel() on ptolemy.moml.MoMLSimpleApplication@50f9f27b
----------------- Done invoking toplevel() on ptolemy.moml.MoMLSimpleApplication@50f9f27b
reloadAllAccessors: .DiscreteClock14

===========================================================================================
----------------- testing Tue Feb 25 07:10:38 UTC 2020 /home/travis/build/icyphy/ptII/ptolemy/actor/lib/test/auto/DiscreteClock15.xml
----------------- Instantiating /home/travis/build/icyphy/ptII/ptolemy/actor/lib/test/auto/DiscreteClock15.xml
5 ms. Memory: 634880K Free: 268288K (42%)
----------------- Invoking toplevel() on ptolemy.moml.MoMLSimpleApplication@20bf45bd
----------------- Done invoking toplevel() on ptolemy.moml.MoMLSimpleApplication@20bf45bd
reloadAllAccessors: .DiscreteClock15

===========================================================================================
----------------- testing Tue Feb 25 07:10:38 UTC 2020 /home/travis/build/icyphy/ptII/ptolemy/actor/lib/test/auto/DiscreteClock16.xml
----------------- Instantiating /home/travis/build/icyphy/ptII/ptolemy/actor/lib/test/auto/DiscreteClock16.xml
19 ms. Memory: 634880K Free: 254447K (40%)
----------------- Invoking toplevel() on ptolemy.moml.MoMLSimpleApplication@4ddbf57a
----------------- Done invoking toplevel() on ptolemy.moml.MoMLSimpleApplication@4ddbf57a
reloadAllAccessors: .DiscreteClock16

===========================================================================================
----------------- testing Tue Feb 25 07:10:38 UTC 2020 /home/travis/build/icyphy/ptII/ptolemy/actor/lib/test/auto/DiscreteClock17.xml
----------------- Instantiating /home/travis/build/icyphy/ptII/ptolemy/actor/lib/test/auto/DiscreteClock17.xml
18 ms. Memory: 634880K Free: 240111K (38%)
----------------- Invoking toplevel() on ptolemy.moml.MoMLSimpleApplication@52f4d917
----------------- Done invoking toplevel() on ptolemy.moml.MoMLSimpleApplication@52f4d917
reloadAllAccessors: .DiscreteClock17

===========================================================================================
----------------- testing Tue Feb 25 07:10:38 UTC 2020 /home/travis/build/icyphy/ptII/ptolemy/actor/lib/test/auto/DiscreteClock18.xml
----------------- Instantiating /home/travis/build/icyphy/ptII/ptolemy/actor/lib/test/auto/DiscreteClock18.xml
26 ms. Memory: 634880K Free: 226814K (36%)
----------------- Invoking toplevel() on ptolemy.moml.MoMLSimpleApplication@211e11a0
----------------- Done invoking toplevel() on ptolemy.moml.MoMLSimpleApplication@211e11a0
reloadAllAccessors: .DiscreteClock18

===========================================================================================
----------------- testing Tue Feb 25 07:10:38 UTC 2020 /home/travis/build/icyphy/ptII/ptolemy/actor/lib/test/auto/DiscreteClock19.xml
----------------- Instantiating /home/travis/build/icyphy/ptII/ptolemy/actor/lib/test/auto/DiscreteClock19.xml
19 ms. Memory: 634880K Free: 212992K (34%)
----------------- Invoking toplevel() on ptolemy.moml.MoMLSimpleApplication@53b9032
----------------- Done invoking toplevel() on ptolemy.moml.MoMLSimpleApplication@53b9032
reloadAllAccessors: .DiscreteClock19

===========================================================================================
----------------- testing Tue Feb 25 07:10:38 UTC 2020 /home/travis/build/icyphy/ptII/ptolemy/actor/lib/test/auto/DiscreteClock2.xml
----------------- Instantiating /home/travis/build/icyphy/ptII/ptolemy/actor/lib/test/auto/DiscreteClock2.xml
5 ms. Memory: 634880K Free: 577024K (91%)
----------------- Invoking toplevel() on ptolemy.moml.MoMLSimpleApplication@36bf90fe
----------------- Done invoking toplevel() on ptolemy.moml.MoMLSimpleApplication@36bf90fe
reloadAllAccessors: .DiscreteClock2

===========================================================================================
----------------- testing Tue Feb 25 07:10:38 UTC 2020 /home/travis/build/icyphy/ptII/ptolemy/actor/lib/test/auto/DiscreteClock20.xml
----------------- Instantiating /home/travis/build/icyphy/ptII/ptolemy/actor/lib/test/auto/DiscreteClock20.xml
8 ms. Memory: 634880K Free: 571390K (90%)
----------------- Invoking toplevel() on ptolemy.moml.MoMLSimpleApplication@46b213b
----------------- Done invoking toplevel() on ptolemy.moml.MoMLSimpleApplication@46b213b
reloadAllAccessors: .DiscreteClock20

===========================================================================================
----------------- testing Tue Feb 25 07:10:38 UTC 2020 /home/travis/build/icyphy/ptII/ptolemy/actor/lib/test/auto/DiscreteClock21.xml
----------------- Instantiating /home/travis/build/icyphy/ptII/ptolemy/actor/lib/test/auto/DiscreteClock21.xml
5 ms. Memory: 634880K Free: 566270K (89%)
----------------- Invoking toplevel() on ptolemy.moml.MoMLSimpleApplication@467f6f37
----------------- Done invoking toplevel() on ptolemy.moml.MoMLSimpleApplication@467f6f37
reloadAllAccessors: .DiscreteClock21

===========================================================================================
----------------- testing Tue Feb 25 07:10:38 UTC 2020 /home/travis/build/icyphy/ptII/ptolemy/actor/lib/test/auto/DiscreteClock22.xml
----------------- Instantiating /home/travis/build/icyphy/ptII/ptolemy/actor/lib/test/auto/DiscreteClock22.xml
4 ms. Memory: 634880K Free: 560640K (88%)
----------------- Invoking toplevel() on ptolemy.moml.MoMLSimpleApplication@398ad115
----------------- Done invoking toplevel() on ptolemy.moml.MoMLSimpleApplication@398ad115
reloadAllAccessors: .DiscreteClock22

===========================================================================================
----------------- testing Tue Feb 25 07:10:38 UTC 2020 /home/travis/build/icyphy/ptII/ptolemy/actor/lib/test/auto/DiscreteClock23.xml
----------------- Instantiating /home/travis/build/icyphy/ptII/ptolemy/actor/lib/test/auto/DiscreteClock23.xml
9 ms. Memory: 634880K Free: 555006K (87%)
----------------- Invoking toplevel() on ptolemy.moml.MoMLSimpleApplication@657edef7
----------------- Done invoking toplevel() on ptolemy.moml.MoMLSimpleApplication@657edef7
reloadAllAccessors: .DiscreteClock23

===========================================================================================
----------------- testing Tue Feb 25 07:10:38 UTC 2020 /home/travis/build/icyphy/ptII/ptolemy/actor/lib/test/auto/DiscreteClock24.xml
----------------- Instantiating /home/travis/build/icyphy/ptII/ptolemy/actor/lib/test/auto/DiscreteClock24.xml
5 ms. Memory: 634880K Free: 549376K (87%)
----------------- Invoking toplevel() on ptolemy.moml.MoMLSimpleApplication@38aba302
----------------- Done invoking toplevel() on ptolemy.moml.MoMLSimpleApplication@38aba302
reloadAllAccessors: .DiscreteClock24

===========================================================================================
----------------- testing Tue Feb 25 07:10:38 UTC 2020 /home/travis/build/icyphy/ptII/ptolemy/actor/lib/test/auto/DiscreteClock4.xml
----------------- Instantiating /home/travis/build/icyphy/ptII/ptolemy/actor/lib/test/auto/DiscreteClock4.xml
4 ms. Memory: 634880K Free: 543742K (86%)
----------------- Invoking toplevel() on ptolemy.moml.MoMLSimpleApplication@5755e64b
----------------- Done invoking toplevel() on ptolemy.moml.MoMLSimpleApplication@5755e64b
reloadAllAccessors: .DiscreteClock4

===========================================================================================
----------------- testing Tue Feb 25 07:10:38 UTC 2020 /home/travis/build/icyphy/ptII/ptolemy/actor/lib/test/auto/DiscreteClock5.xml
----------------- Instantiating /home/travis/build/icyphy/ptII/ptolemy/actor/lib/test/auto/DiscreteClock5.xml
1 ms. Memory: 634880K Free: 538607K (85%)
----------------- Invoking toplevel() on ptolemy.moml.MoMLSimpleApplication@556ee9b6
----------------- Done invoking toplevel() on ptolemy.moml.MoMLSimpleApplication@556ee9b6
reloadAllAccessors: .DiscreteClock5

===========================================================================================
----------------- testing Tue Feb 25 07:10:38 UTC 2020 /home/travis/build/icyphy/ptII/ptolemy/actor/lib/test/auto/DiscreteClock6.xml
----------------- Instantiating /home/travis/build/icyphy/ptII/ptolemy/actor/lib/test/auto/DiscreteClock6.xml
2 ms. Memory: 634880K Free: 534016K (84%)
----------------- Invoking toplevel() on ptolemy.moml.MoMLSimpleApplication@7b2f64a6
----------------- Done invoking toplevel() on ptolemy.moml.MoMLSimpleApplication@7b2f64a6
reloadAllAccessors: .DiscreteClock6

===========================================================================================
----------------- testing Tue Feb 25 07:10:38 UTC 2020 /home/travis/build/icyphy/ptII/ptolemy/actor/lib/test/auto/DiscreteClock7.xml
----------------- Instantiating /home/travis/build/icyphy/ptII/ptolemy/actor/lib/test/auto/DiscreteClock7.xml
2 ms. Memory: 634880K Free: 529406K (83%)
----------------- Invoking toplevel() on ptolemy.moml.MoMLSimpleApplication@5225f902
----------------- Done invoking toplevel() on ptolemy.moml.MoMLSimpleApplication@5225f902
reloadAllAccessors: .DiscreteClock7

===========================================================================================
----------------- testing Tue Feb 25 07:10:38 UTC 2020 /home/travis/build/icyphy/ptII/ptolemy/actor/lib/test/auto/DiscreteClock8.xml
----------------- Instantiating /home/travis/build/icyphy/ptII/ptolemy/actor/lib/test/auto/DiscreteClock8.xml
5 ms. Memory: 634880K Free: 523776K (83%)
----------------- Invoking toplevel() on ptolemy.moml.MoMLSimpleApplication@412d4987
----------------- Done invoking toplevel() on ptolemy.moml.MoMLSimpleApplication@412d4987
reloadAllAccessors: .DiscreteClock8

===========================================================================================
----------------- testing Tue Feb 25 07:10:38 UTC 2020 /home/travis/build/icyphy/ptII/ptolemy/actor/lib/test/auto/DiscreteClock9.xml
----------------- Instantiating /home/travis/build/icyphy/ptII/ptolemy/actor/lib/test/auto/DiscreteClock9.xml
2 ms. Memory: 634880K Free: 518656K (82%)
----------------- Invoking toplevel() on ptolemy.moml.MoMLSimpleApplication@3fb3fc90
----------------- Done invoking toplevel() on ptolemy.moml.MoMLSimpleApplication@3fb3fc90
reloadAllAccessors: .DiscreteClock9

===========================================================================================
----------------- testing Tue Feb 25 07:10:38 UTC 2020 /home/travis/build/icyphy/ptII/ptolemy/actor/lib/test/auto/DisplayArray.xml
----------------- Instantiating /home/travis/build/icyphy/ptII/ptolemy/actor/lib/test/auto/DisplayArray.xml
3 ms. Memory: 634880K Free: 515070K (81%)
----------------- Invoking toplevel() on ptolemy.moml.MoMLSimpleApplication@7b65efe0
----------------- Done invoking toplevel() on ptolemy.moml.MoMLSimpleApplication@7b65efe0
reloadAllAccessors: .DisplayArray

===========================================================================================
----------------- testing Tue Feb 25 07:10:38 UTC 2020 /home/travis/build/icyphy/ptII/ptolemy/actor/lib/test/auto/Distributor.xml
----------------- Instantiating /home/travis/build/icyphy/ptII/ptolemy/actor/lib/test/auto/Distributor.xml
2 ms. Memory: 634880K Free: 509950K (80%)
----------------- Invoking toplevel() on ptolemy.moml.MoMLSimpleApplication@288628d5
----------------- Done invoking toplevel() on ptolemy.moml.MoMLSimpleApplication@288628d5
reloadAllAccessors: .Distributor

===========================================================================================
----------------- testing Tue Feb 25 07:10:38 UTC 2020 /home/travis/build/icyphy/ptII/ptolemy/actor/lib/test/auto/Distributor2.xml
----------------- Instantiating /home/travis/build/icyphy/ptII/ptolemy/actor/lib/test/auto/Distributor2.xml
1 ms. Memory: 634880K Free: 504830K (80%)
----------------- Invoking toplevel() on ptolemy.moml.MoMLSimpleApplication@1bb7f74c
----------------- Done invoking toplevel() on ptolemy.moml.MoMLSimpleApplication@1bb7f74c
reloadAllAccessors: .Distributor2

===========================================================================================
----------------- testing Tue Feb 25 07:10:38 UTC 2020 /home/travis/build/icyphy/ptII/ptolemy/actor/lib/test/auto/DownSample.xml
----------------- Instantiating /home/travis/build/icyphy/ptII/ptolemy/actor/lib/test/auto/DownSample.xml
1 ms. Memory: 634880K Free: 500224K (79%)
----------------- Invoking toplevel() on ptolemy.moml.MoMLSimpleApplication@538f4096
----------------- Done invoking toplevel() on ptolemy.moml.MoMLSimpleApplication@538f4096
reloadAllAccessors: .DownSample

===========================================================================================
----------------- testing Tue Feb 25 07:10:38 UTC 2020 /home/travis/build/icyphy/ptII/ptolemy/actor/lib/test/auto/ElectronicUnitBase1.xml
----------------- Instantiating /home/travis/build/icyphy/ptII/ptolemy/actor/lib/test/auto/ElectronicUnitBase1.xml
20 ms. Memory: 634880K Free: 484864K (76%)
----------------- Invoking toplevel() on ptolemy.moml.MoMLSimpleApplication@76f467a5
----------------- Done invoking toplevel() on ptolemy.moml.MoMLSimpleApplication@76f467a5
reloadAllAccessors: .ElectronicUnitBase1

===========================================================================================
----------------- testing Tue Feb 25 07:10:38 UTC 2020 /home/travis/build/icyphy/ptII/ptolemy/actor/lib/test/auto/ElementsToArray.xml
----------------- Instantiating /home/travis/build/icyphy/ptII/ptolemy/actor/lib/test/auto/ElementsToArray.xml
3 ms. Memory: 634880K Free: 479744K (76%)
----------------- Invoking toplevel() on ptolemy.moml.MoMLSimpleApplication@1f02777c
----------------- Done invoking toplevel() on ptolemy.moml.MoMLSimpleApplication@1f02777c
reloadAllAccessors: .ElementsToArray

===========================================================================================
----------------- testing Tue Feb 25 07:10:38 UTC 2020 /home/travis/build/icyphy/ptII/ptolemy/actor/lib/test/auto/Equals.xml
----------------- Instantiating /home/travis/build/icyphy/ptII/ptolemy/actor/lib/test/auto/Equals.xml
3 ms. Memory: 634880K Free: 475134K (75%)
----------------- Invoking toplevel() on ptolemy.moml.MoMLSimpleApplication@58e0293a
----------------- Done invoking toplevel() on ptolemy.moml.MoMLSimpleApplication@58e0293a
reloadAllAccessors: .Equals

===========================================================================================
----------------- testing Tue Feb 25 07:10:38 UTC 2020 /home/travis/build/icyphy/ptII/ptolemy/actor/lib/test/auto/Exec.xml
----------------- Instantiating /home/travis/build/icyphy/ptII/ptolemy/actor/lib/test/auto/Exec.xml
18 ms. Memory: 634880K Free: 468990K (74%)
----------------- Invoking toplevel() on ptolemy.moml.MoMLSimpleApplication@20962d5e
----------------- Done invoking toplevel() on ptolemy.moml.MoMLSimpleApplication@20962d5e
reloadAllAccessors: .Exec

===========================================================================================
----------------- testing Tue Feb 25 07:10:38 UTC 2020 /home/travis/build/icyphy/ptII/ptolemy/actor/lib/test/auto/ExecEnvironment.xml
----------------- Instantiating /home/travis/build/icyphy/ptII/ptolemy/actor/lib/test/auto/ExecEnvironment.xml
36 ms. Memory: 634880K Free: 463358K (73%)
----------------- Invoking toplevel() on ptolemy.moml.MoMLSimpleApplication@28820c39
----------------- Done invoking toplevel() on ptolemy.moml.MoMLSimpleApplication@28820c39
reloadAllAccessors: .ExecEnvironment

===========================================================================================
----------------- testing Tue Feb 25 07:10:39 UTC 2020 /home/travis/build/icyphy/ptII/ptolemy/actor/lib/test/auto/ExecNonZeroReturnOutput.xml
----------------- Instantiating /home/travis/build/icyphy/ptII/ptolemy/actor/lib/test/auto/ExecNonZeroReturnOutput.xml
169 ms. Memory: 634880K Free: 452096K (71%)
----------------- Invoking toplevel() on ptolemy.moml.MoMLSimpleApplication@3a7713ac
----------------- Done invoking toplevel() on ptolemy.moml.MoMLSimpleApplication@3a7713ac
reloadAllAccessors: .ExecNonZeroReturnOutput

===========================================================================================
----------------- testing Tue Feb 25 07:10:39 UTC 2020 /home/travis/build/icyphy/ptII/ptolemy/actor/lib/test/auto/ExecRunDemos.xml
----------------- Instantiating /home/travis/build/icyphy/ptII/ptolemy/actor/lib/test/auto/ExecRunDemos.xml
Finished: 53 ms. Memory: 129024K Free: 112466K (87%)

Finished: 63 ms. Memory: 129024K Free: 109479K (85%)

Finished: 81 ms. Memory: 129024K Free: 109557K (85%)

Finished: 65 ms. Memory: 129024K Free: 111199K (86%)

Finished: 89 ms. Memory: 129024K Free: 111869K (87%)

10732 ms. Memory: 634880K Free: 430590K (68%)
----------------- Invoking toplevel() on ptolemy.moml.MoMLSimpleApplication@5ec051b9
----------------- Done invoking toplevel() on ptolemy.moml.MoMLSimpleApplication@5ec051b9
reloadAllAccessors: .ExecRunDemos

===========================================================================================
----------------- testing Tue Feb 25 07:10:49 UTC 2020 /home/travis/build/icyphy/ptII/ptolemy/actor/lib/test/auto/ExecStop.xml
----------------- Instantiating /home/travis/build/icyphy/ptII/ptolemy/actor/lib/test/auto/ExecStop.xml
5016 ms. Memory: 634880K Free: 285184K (45%)
----------------- Invoking toplevel() on ptolemy.moml.MoMLSimpleApplication@1aa0b8ba
----------------- Done invoking toplevel() on ptolemy.moml.MoMLSimpleApplication@1aa0b8ba
reloadAllAccessors: .ExecStop

===========================================================================================
----------------- testing Tue Feb 25 07:10:55 UTC 2020 /home/travis/build/icyphy/ptII/ptolemy/actor/lib/test/auto/ExecutionTimeSDF.xml
----------------- Instantiating /home/travis/build/icyphy/ptII/ptolemy/actor/lib/test/auto/ExecutionTimeSDF.xml
Fired ExecutionTime: -836167296
Fired ExecutionTime: 1326800000
Fired ExecutionTime: -121367296
6007 ms. Memory: 634880K Free: 273920K (43%)
----------------- Invoking toplevel() on ptolemy.moml.MoMLSimpleApplication@eae0971
----------------- Done invoking toplevel() on ptolemy.moml.MoMLSimpleApplication@eae0971
reloadAllAccessors: .ExecutionTimeSDF

===========================================================================================
----------------- testing Tue Feb 25 07:11:01 UTC 2020 /home/travis/build/icyphy/ptII/ptolemy/actor/lib/test/auto/Expression1.xml
----------------- Instantiating /home/travis/build/icyphy/ptII/ptolemy/actor/lib/test/auto/Expression1.xml
2 ms. Memory: 634880K Free: 270334K (43%)
----------------- Invoking toplevel() on ptolemy.moml.MoMLSimpleApplication@5bcb9d4d
----------------- Done invoking toplevel() on ptolemy.moml.MoMLSimpleApplication@5bcb9d4d
reloadAllAccessors: .Expression1

===========================================================================================
----------------- testing Tue Feb 25 07:11:01 UTC 2020 /home/travis/build/icyphy/ptII/ptolemy/actor/lib/test/auto/Expression10.xml
----------------- Instantiating /home/travis/build/icyphy/ptII/ptolemy/actor/lib/test/auto/Expression10.xml
9 ms. Memory: 634880K Free: 265214K (42%)
----------------- Invoking toplevel() on ptolemy.moml.MoMLSimpleApplication@233d5e99
----------------- Done invoking toplevel() on ptolemy.moml.MoMLSimpleApplication@233d5e99
reloadAllAccessors: .Expression10

===========================================================================================
----------------- testing Tue Feb 25 07:11:01 UTC 2020 /home/travis/build/icyphy/ptII/ptolemy/actor/lib/test/auto/Expression11.xml
----------------- Instantiating /home/travis/build/icyphy/ptII/ptolemy/actor/lib/test/auto/Expression11.xml
3 ms. Memory: 634880K Free: 260094K (41%)
----------------- Invoking toplevel() on ptolemy.moml.MoMLSimpleApplication@514568f
----------------- Done invoking toplevel() on ptolemy.moml.MoMLSimpleApplication@514568f
reloadAllAccessors: .Expression11

===========================================================================================
----------------- testing Tue Feb 25 07:11:01 UTC 2020 /home/travis/build/icyphy/ptII/ptolemy/actor/lib/test/auto/Expression12.xml
----------------- Instantiating /home/travis/build/icyphy/ptII/ptolemy/actor/lib/test/auto/Expression12.xml
4 ms. Memory: 634880K Free: 254974K (40%)
----------------- Invoking toplevel() on ptolemy.moml.MoMLSimpleApplication@75c20f15
----------------- Done invoking toplevel() on ptolemy.moml.MoMLSimpleApplication@75c20f15
reloadAllAccessors: .Expression12

===========================================================================================
----------------- testing Tue Feb 25 07:11:01 UTC 2020 /home/travis/build/icyphy/ptII/ptolemy/actor/lib/test/auto/Expression13.xml
----------------- Instantiating /home/travis/build/icyphy/ptII/ptolemy/actor/lib/test/auto/Expression13.xml
3 ms. Memory: 634880K Free: 249854K (39%)
----------------- Invoking toplevel() on ptolemy.moml.MoMLSimpleApplication@2eb0bcfb
----------------- Done invoking toplevel() on ptolemy.moml.MoMLSimpleApplication@2eb0bcfb
reloadAllAccessors: .Expression13

===========================================================================================
----------------- testing Tue Feb 25 07:11:01 UTC 2020 /home/travis/build/icyphy/ptII/ptolemy/actor/lib/test/auto/Expression14.xml
----------------- Instantiating /home/travis/build/icyphy/ptII/ptolemy/actor/lib/test/auto/Expression14.xml
8 ms. Memory: 634880K Free: 244224K (38%)
----------------- Invoking toplevel() on ptolemy.moml.MoMLSimpleApplication@60afee26
----------------- Done invoking toplevel() on ptolemy.moml.MoMLSimpleApplication@60afee26
reloadAllAccessors: .Expression14

===========================================================================================
----------------- testing Tue Feb 25 07:11:01 UTC 2020 /home/travis/build/icyphy/ptII/ptolemy/actor/lib/test/auto/Expression15.xml
----------------- Instantiating /home/travis/build/icyphy/ptII/ptolemy/actor/lib/test/auto/Expression15.xml
1 ms. Memory: 634880K Free: 240128K (38%)
----------------- Invoking toplevel() on ptolemy.moml.MoMLSimpleApplication@388ea538
----------------- Done invoking toplevel() on ptolemy.moml.MoMLSimpleApplication@388ea538
reloadAllAccessors: .Expression15

===========================================================================================
----------------- testing Tue Feb 25 07:11:01 UTC 2020 /home/travis/build/icyphy/ptII/ptolemy/actor/lib/test/auto/Expression16.xml
----------------- Instantiating /home/travis/build/icyphy/ptII/ptolemy/actor/lib/test/auto/Expression16.xml
3 ms. Memory: 634880K Free: 235008K (37%)
----------------- Invoking toplevel() on ptolemy.moml.MoMLSimpleApplication@a6b0c0a
----------------- Done invoking toplevel() on ptolemy.moml.MoMLSimpleApplication@a6b0c0a
reloadAllAccessors: .Expression16

===========================================================================================
----------------- testing Tue Feb 25 07:11:01 UTC 2020 /home/travis/build/icyphy/ptII/ptolemy/actor/lib/test/auto/Expression17.xml
----------------- Instantiating /home/travis/build/icyphy/ptII/ptolemy/actor/lib/test/auto/Expression17.xml
6 ms. Memory: 634880K Free: 230398K (36%)
----------------- Invoking toplevel() on ptolemy.moml.MoMLSimpleApplication@5fa78e8c
----------------- Done invoking toplevel() on ptolemy.moml.MoMLSimpleApplication@5fa78e8c
reloadAllAccessors: .Expression17

===========================================================================================
----------------- testing Tue Feb 25 07:11:01 UTC 2020 /home/travis/build/icyphy/ptII/ptolemy/actor/lib/test/auto/Expression18.xml
----------------- Instantiating /home/travis/build/icyphy/ptII/ptolemy/actor/lib/test/auto/Expression18.xml
4 ms. Memory: 634880K Free: 225278K (35%)
----------------- Invoking toplevel() on ptolemy.moml.MoMLSimpleApplication@65284e69
----------------- Done invoking toplevel() on ptolemy.moml.MoMLSimpleApplication@65284e69
reloadAllAccessors: .Expression18

===========================================================================================
----------------- testing Tue Feb 25 07:11:01 UTC 2020 /home/travis/build/icyphy/ptII/ptolemy/actor/lib/test/auto/Expression2.xml
----------------- Instantiating /home/travis/build/icyphy/ptII/ptolemy/actor/lib/test/auto/Expression2.xml
4 ms. Memory: 634880K Free: 220672K (35%)
----------------- Invoking toplevel() on ptolemy.moml.MoMLSimpleApplication@6fe3b235
----------------- Done invoking toplevel() on ptolemy.moml.MoMLSimpleApplication@6fe3b235
reloadAllAccessors: .Expression2

===========================================================================================
----------------- testing Tue Feb 25 07:11:01 UTC 2020 /home/travis/build/icyphy/ptII/ptolemy/actor/lib/test/auto/Expression3.xml
----------------- Instantiating /home/travis/build/icyphy/ptII/ptolemy/actor/lib/test/auto/Expression3.xml
6 ms. Memory: 634880K Free: 215552K (34%)
----------------- Invoking toplevel() on ptolemy.moml.MoMLSimpleApplication@5e56bdf4
----------------- Done invoking toplevel() on ptolemy.moml.MoMLSimpleApplication@5e56bdf4
reloadAllAccessors: .Expression3

===========================================================================================
----------------- testing Tue Feb 25 07:11:01 UTC 2020 /home/travis/build/icyphy/ptII/ptolemy/actor/lib/test/auto/Expression4.xml
----------------- Instantiating /home/travis/build/icyphy/ptII/ptolemy/actor/lib/test/auto/Expression4.xml
54 ms. Memory: 634880K Free: 580095K (91%)
----------------- Invoking toplevel() on ptolemy.moml.MoMLSimpleApplication@352f0e4b
----------------- Done invoking toplevel() on ptolemy.moml.MoMLSimpleApplication@352f0e4b
reloadAllAccessors: .Expression4

===========================================================================================
----------------- testing Tue Feb 25 07:11:01 UTC 2020 /home/travis/build/icyphy/ptII/ptolemy/actor/lib/test/auto/Expression5.xml
----------------- Instantiating /home/travis/build/icyphy/ptII/ptolemy/actor/lib/test/auto/Expression5.xml
4 ms. Memory: 634880K Free: 574464K (90%)
----------------- Invoking toplevel() on ptolemy.moml.MoMLSimpleApplication@1799abdd
----------------- Done invoking toplevel() on ptolemy.moml.MoMLSimpleApplication@1799abdd
reloadAllAccessors: .Expression5

===========================================================================================
----------------- testing Tue Feb 25 07:11:01 UTC 2020 /home/travis/build/icyphy/ptII/ptolemy/actor/lib/test/auto/Expression6.xml
----------------- Instantiating /home/travis/build/icyphy/ptII/ptolemy/actor/lib/test/auto/Expression6.xml
2 ms. Memory: 634880K Free: 570368K (90%)
----------------- Invoking toplevel() on ptolemy.moml.MoMLSimpleApplication@dadfcf9
----------------- Done invoking toplevel() on ptolemy.moml.MoMLSimpleApplication@dadfcf9
reloadAllAccessors: .Expression6

===========================================================================================
----------------- testing Tue Feb 25 07:11:01 UTC 2020 /home/travis/build/icyphy/ptII/ptolemy/actor/lib/test/auto/Expression7.xml
----------------- Instantiating /home/travis/build/icyphy/ptII/ptolemy/actor/lib/test/auto/Expression7.xml
9 ms. Memory: 634880K Free: 565246K (89%)
----------------- Invoking toplevel() on ptolemy.moml.MoMLSimpleApplication@4628f195
----------------- Done invoking toplevel() on ptolemy.moml.MoMLSimpleApplication@4628f195
reloadAllAccessors: .Expression7

===========================================================================================
----------------- testing Tue Feb 25 07:11:01 UTC 2020 /home/travis/build/icyphy/ptII/ptolemy/actor/lib/test/auto/Expression8.xml
----------------- Instantiating /home/travis/build/icyphy/ptII/ptolemy/actor/lib/test/auto/Expression8.xml
9 ms. Memory: 634880K Free: 560638K (88%)
----------------- Invoking toplevel() on ptolemy.moml.MoMLSimpleApplication@19f47dc3
----------------- Done invoking toplevel() on ptolemy.moml.MoMLSimpleApplication@19f47dc3
reloadAllAccessors: .Expression8

===========================================================================================
----------------- testing Tue Feb 25 07:11:01 UTC 2020 /home/travis/build/icyphy/ptII/ptolemy/actor/lib/test/auto/Expression9.xml
----------------- Instantiating /home/travis/build/icyphy/ptII/ptolemy/actor/lib/test/auto/Expression9.xml
1 ms. Memory: 634880K Free: 556542K (88%)
----------------- Invoking toplevel() on ptolemy.moml.MoMLSimpleApplication@898b6c
----------------- Done invoking toplevel() on ptolemy.moml.MoMLSimpleApplication@898b6c
reloadAllAccessors: .Expression9

===========================================================================================
----------------- testing Tue Feb 25 07:11:01 UTC 2020 /home/travis/build/icyphy/ptII/ptolemy/actor/lib/test/auto/ExpressionConcatenateArrayType.xml
----------------- Instantiating /home/travis/build/icyphy/ptII/ptolemy/actor/lib/test/auto/ExpressionConcatenateArrayType.xml
3 ms. Memory: 634880K Free: 549888K (87%)
----------------- Invoking toplevel() on ptolemy.moml.MoMLSimpleApplication@2d9b3b3d
----------------- Done invoking toplevel() on ptolemy.moml.MoMLSimpleApplication@2d9b3b3d
reloadAllAccessors: .ExpressionConcatenateArrayType

===========================================================================================
----------------- testing Tue Feb 25 07:11:01 UTC 2020 /home/travis/build/icyphy/ptII/ptolemy/actor/lib/test/auto/ExpressionConcatenateArrayType2.xml
----------------- Instantiating /home/travis/build/icyphy/ptII/ptolemy/actor/lib/test/auto/ExpressionConcatenateArrayType2.xml
2 ms. Memory: 634880K Free: 544254K (86%)
----------------- Invoking toplevel() on ptolemy.moml.MoMLSimpleApplication@26feb85b
----------------- Done invoking toplevel() on ptolemy.moml.MoMLSimpleApplication@26feb85b
reloadAllAccessors: .ExpressionConcatenateArrayType2

===========================================================================================
----------------- testing Tue Feb 25 07:11:01 UTC 2020 /home/travis/build/icyphy/ptII/ptolemy/actor/lib/test/auto/ExpressionFix.xml
----------------- Instantiating /home/travis/build/icyphy/ptII/ptolemy/actor/lib/test/auto/ExpressionFix.xml
25 ms. Memory: 634880K Free: 537600K (85%)
----------------- Invoking toplevel() on ptolemy.moml.MoMLSimpleApplication@216a7ea1
----------------- Done invoking toplevel() on ptolemy.moml.MoMLSimpleApplication@216a7ea1
reloadAllAccessors: .ExpressionFix

===========================================================================================
----------------- testing Tue Feb 25 07:11:01 UTC 2020 /home/travis/build/icyphy/ptII/ptolemy/actor/lib/test/auto/ExpressionFix2.xml
----------------- Instantiating /home/travis/build/icyphy/ptII/ptolemy/actor/lib/test/auto/ExpressionFix2.xml
5 ms. Memory: 634880K Free: 534014K (84%)
----------------- Invoking toplevel() on ptolemy.moml.MoMLSimpleApplication@6b0280c8
----------------- Done invoking toplevel() on ptolemy.moml.MoMLSimpleApplication@6b0280c8
reloadAllAccessors: .ExpressionFix2

===========================================================================================
----------------- testing Tue Feb 25 07:11:01 UTC 2020 /home/travis/build/icyphy/ptII/ptolemy/actor/lib/test/auto/ExpressionFix3.xml
----------------- Instantiating /home/travis/build/icyphy/ptII/ptolemy/actor/lib/test/auto/ExpressionFix3.xml
3 ms. Memory: 634880K Free: 529408K (83%)
----------------- Invoking toplevel() on ptolemy.moml.MoMLSimpleApplication@76d7e708
----------------- Done invoking toplevel() on ptolemy.moml.MoMLSimpleApplication@76d7e708
reloadAllAccessors: .ExpressionFix3

===========================================================================================
----------------- testing Tue Feb 25 07:11:01 UTC 2020 /home/travis/build/icyphy/ptII/ptolemy/actor/lib/test/auto/FileWriter1.xml
----------------- Instantiating /home/travis/build/icyphy/ptII/ptolemy/actor/lib/test/auto/FileWriter1.xml
3 ms. Memory: 634880K Free: 525312K (83%)
----------------- Invoking toplevel() on ptolemy.moml.MoMLSimpleApplication@65c410e0
----------------- Done invoking toplevel() on ptolemy.moml.MoMLSimpleApplication@65c410e0
reloadAllAccessors: .FileWriter1

===========================================================================================
----------------- testing Tue Feb 25 07:11:01 UTC 2020 /home/travis/build/icyphy/ptII/ptolemy/actor/lib/test/auto/FileWriter2.xml
----------------- Instantiating /home/travis/build/icyphy/ptII/ptolemy/actor/lib/test/auto/FileWriter2.xml
6 ms. Memory: 634880K Free: 521216K (82%)
----------------- Invoking toplevel() on ptolemy.moml.MoMLSimpleApplication@236f4a32
----------------- Done invoking toplevel() on ptolemy.moml.MoMLSimpleApplication@236f4a32
reloadAllAccessors: .FileWriter2

===========================================================================================
----------------- testing Tue Feb 25 07:11:01 UTC 2020 /home/travis/build/icyphy/ptII/ptolemy/actor/lib/test/auto/FileWriter3.xml
----------------- Instantiating /home/travis/build/icyphy/ptII/ptolemy/actor/lib/test/auto/FileWriter3.xml
4 ms. Memory: 634880K Free: 517120K (81%)
----------------- Invoking toplevel() on ptolemy.moml.MoMLSimpleApplication@3e6a739e
----------------- Done invoking toplevel() on ptolemy.moml.MoMLSimpleApplication@3e6a739e
reloadAllAccessors: .FileWriter3

===========================================================================================
----------------- testing Tue Feb 25 07:11:01 UTC 2020 /home/travis/build/icyphy/ptII/ptolemy/actor/lib/test/auto/Gaussian.xml
----------------- Instantiating /home/travis/build/icyphy/ptII/ptolemy/actor/lib/test/auto/Gaussian.xml
2 ms. Memory: 634880K Free: 512510K (81%)
----------------- Invoking toplevel() on ptolemy.moml.MoMLSimpleApplication@720ceac
----------------- Done invoking toplevel() on ptolemy.moml.MoMLSimpleApplication@720ceac
reloadAllAccessors: .Gaussian

===========================================================================================
----------------- testing Tue Feb 25 07:11:01 UTC 2020 /home/travis/build/icyphy/ptII/ptolemy/actor/lib/test/auto/Gaussian1.xml
----------------- Instantiating /home/travis/build/icyphy/ptII/ptolemy/actor/lib/test/auto/Gaussian1.xml
2 ms. Memory: 634880K Free: 507375K (80%)
----------------- Invoking toplevel() on ptolemy.moml.MoMLSimpleApplication@554e8585
----------------- Done invoking toplevel() on ptolemy.moml.MoMLSimpleApplication@554e8585
reloadAllAccessors: .Gaussian1

===========================================================================================
----------------- testing Tue Feb 25 07:11:01 UTC 2020 /home/travis/build/icyphy/ptII/ptolemy/actor/lib/test/auto/Gaussian2.xml
----------------- Instantiating /home/travis/build/icyphy/ptII/ptolemy/actor/lib/test/auto/Gaussian2.xml
9 ms. Memory: 634880K Free: 501760K (79%)
----------------- Invoking toplevel() on ptolemy.moml.MoMLSimpleApplication@23b28cd3
----------------- Done invoking toplevel() on ptolemy.moml.MoMLSimpleApplication@23b28cd3
reloadAllAccessors: .Gaussian2

===========================================================================================
----------------- testing Tue Feb 25 07:11:01 UTC 2020 /home/travis/build/icyphy/ptII/ptolemy/actor/lib/test/auto/GradientAdaptiveLattice.xml
----------------- Instantiating /home/travis/build/icyphy/ptII/ptolemy/actor/lib/test/auto/GradientAdaptiveLattice.xml
2 ms. Memory: 634880K Free: 497150K (78%)
----------------- Invoking toplevel() on ptolemy.moml.MoMLSimpleApplication@12598214
----------------- Done invoking toplevel() on ptolemy.moml.MoMLSimpleApplication@12598214
reloadAllAccessors: .GradientAdaptiveLattice

===========================================================================================
----------------- testing Tue Feb 25 07:11:01 UTC 2020 /home/travis/build/icyphy/ptII/ptolemy/actor/lib/test/auto/IIR.xml
----------------- Instantiating /home/travis/build/icyphy/ptII/ptolemy/actor/lib/test/auto/IIR.xml
2 ms. Memory: 634880K Free: 492544K (78%)
----------------- Invoking toplevel() on ptolemy.moml.MoMLSimpleApplication@65dead4
----------------- Done invoking toplevel() on ptolemy.moml.MoMLSimpleApplication@65dead4
reloadAllAccessors: .IIR

===========================================================================================
----------------- testing Tue Feb 25 07:11:01 UTC 2020 /home/travis/build/icyphy/ptII/ptolemy/actor/lib/test/auto/InputOutputTransparentPorts.xml
----------------- Instantiating /home/travis/build/icyphy/ptII/ptolemy/actor/lib/test/auto/InputOutputTransparentPorts.xml
3 ms. Memory: 634880K Free: 484862K (76%)
----------------- Invoking toplevel() on ptolemy.moml.MoMLSimpleApplication@b80b96e
----------------- Done invoking toplevel() on ptolemy.moml.MoMLSimpleApplication@b80b96e
reloadAllAccessors: .InputOutputTransparentPorts

===========================================================================================
----------------- testing Tue Feb 25 07:11:01 UTC 2020 /home/travis/build/icyphy/ptII/ptolemy/actor/lib/test/auto/Interpolator.xml
----------------- Instantiating /home/travis/build/icyphy/ptII/ptolemy/actor/lib/test/auto/Interpolator.xml
3 ms. Memory: 634880K Free: 480766K (76%)
----------------- Invoking toplevel() on ptolemy.moml.MoMLSimpleApplication@36149df2
----------------- Done invoking toplevel() on ptolemy.moml.MoMLSimpleApplication@36149df2
reloadAllAccessors: .Interpolator

===========================================================================================
----------------- testing Tue Feb 25 07:11:01 UTC 2020 /home/travis/build/icyphy/ptII/ptolemy/actor/lib/test/auto/InterpolatorFiringLimitDE.xml
----------------- Instantiating /home/travis/build/icyphy/ptII/ptolemy/actor/lib/test/auto/InterpolatorFiringLimitDE.xml
2 ms. Memory: 634880K Free: 474112K (75%)
----------------- Invoking toplevel() on ptolemy.moml.MoMLSimpleApplication@3a45b3ec
----------------- Done invoking toplevel() on ptolemy.moml.MoMLSimpleApplication@3a45b3ec
reloadAllAccessors: .InterpolatorFiringLimitDE

===========================================================================================
----------------- testing Tue Feb 25 07:11:01 UTC 2020 /home/travis/build/icyphy/ptII/ptolemy/actor/lib/test/auto/Lattice.xml
----------------- Instantiating /home/travis/build/icyphy/ptII/ptolemy/actor/lib/test/auto/Lattice.xml
1 ms. Memory: 634880K Free: 470016K (74%)
----------------- Invoking toplevel() on ptolemy.moml.MoMLSimpleApplication@4547c42f
----------------- Done invoking toplevel() on ptolemy.moml.MoMLSimpleApplication@4547c42f
reloadAllAccessors: .Lattice

===========================================================================================
----------------- testing Tue Feb 25 07:11:01 UTC 2020 /home/travis/build/icyphy/ptII/ptolemy/actor/lib/test/auto/LazyAOCTestLazy.xml
----------------- Instantiating /home/travis/build/icyphy/ptII/ptolemy/actor/lib/test/auto/LazyAOCTestLazy.xml
26 ms. Memory: 634880K Free: 464367K (73%)
----------------- Invoking toplevel() on ptolemy.moml.MoMLSimpleApplication@5ece9c0e
----------------- Done invoking toplevel() on ptolemy.moml.MoMLSimpleApplication@5ece9c0e
reloadAllAccessors: .LazyAOCTestLazy

===========================================================================================
----------------- testing Tue Feb 25 07:11:01 UTC 2020 /home/travis/build/icyphy/ptII/ptolemy/actor/lib/test/auto/LazyAOCTestNonLazy.xml
----------------- Instantiating /home/travis/build/icyphy/ptII/ptolemy/actor/lib/test/auto/LazyAOCTestNonLazy.xml
2 ms. Memory: 634880K Free: 458238K (72%)
----------------- Invoking toplevel() on ptolemy.moml.MoMLSimpleApplication@557bf308
----------------- Done invoking toplevel() on ptolemy.moml.MoMLSimpleApplication@557bf308
reloadAllAccessors: .LazyAOCTestNonLazy

===========================================================================================
----------------- testing Tue Feb 25 07:11:01 UTC 2020 /home/travis/build/icyphy/ptII/ptolemy/actor/lib/test/auto/LazyInnerClass.xml
----------------- Instantiating /home/travis/build/icyphy/ptII/ptolemy/actor/lib/test/auto/LazyInnerClass.xml
18 ms. Memory: 634880K Free: 449536K (71%)
----------------- Invoking toplevel() on ptolemy.moml.MoMLSimpleApplication@2ef66040
----------------- Done invoking toplevel() on ptolemy.moml.MoMLSimpleApplication@2ef66040
reloadAllAccessors: .LazyInnerClass

===========================================================================================
----------------- testing Tue Feb 25 07:11:01 UTC 2020 /home/travis/build/icyphy/ptII/ptolemy/actor/lib/test/auto/LazyPubSub.xml
----------------- Instantiating /home/travis/build/icyphy/ptII/ptolemy/actor/lib/test/auto/LazyPubSub.xml
19 ms. Memory: 634880K Free: 439806K (69%)
----------------- Invoking toplevel() on ptolemy.moml.MoMLSimpleApplication@2cbc07f2
----------------- Done invoking toplevel() on ptolemy.moml.MoMLSimpleApplication@2cbc07f2
reloadAllAccessors: .LazyPubSub

===========================================================================================
----------------- testing Tue Feb 25 07:11:01 UTC 2020 /home/travis/build/icyphy/ptII/ptolemy/actor/lib/test/auto/LazyPubSub2.xml
----------------- Instantiating /home/travis/build/icyphy/ptII/ptolemy/actor/lib/test/auto/LazyPubSub2.xml
26 ms. Memory: 634880K Free: 429566K (68%)
----------------- Invoking toplevel() on ptolemy.moml.MoMLSimpleApplication@1d949435
----------------- Done invoking toplevel() on ptolemy.moml.MoMLSimpleApplication@1d949435
reloadAllAccessors: .LazyPubSub2

===========================================================================================
----------------- testing Tue Feb 25 07:11:02 UTC 2020 /home/travis/build/icyphy/ptII/ptolemy/actor/lib/test/auto/LazyPubSub3.xml
----------------- Instantiating /home/travis/build/icyphy/ptII/ptolemy/actor/lib/test/auto/LazyPubSub3.xml
11 ms. Memory: 634880K Free: 419326K (66%)
----------------- Invoking toplevel() on ptolemy.moml.MoMLSimpleApplication@4b39523d
----------------- Done invoking toplevel() on ptolemy.moml.MoMLSimpleApplication@4b39523d
reloadAllAccessors: .LazyPubSub3

===========================================================================================
----------------- testing Tue Feb 25 07:11:02 UTC 2020 /home/travis/build/icyphy/ptII/ptolemy/actor/lib/test/auto/LazySubClassModel.xml
----------------- Instantiating /home/travis/build/icyphy/ptII/ptolemy/actor/lib/test/auto/LazySubClassModel.xml
2 ms. Memory: 634880K Free: 410624K (65%)
----------------- Invoking toplevel() on ptolemy.moml.MoMLSimpleApplication@5f1ba409
----------------- Done invoking toplevel() on ptolemy.moml.MoMLSimpleApplication@5f1ba409
reloadAllAccessors: .LazySubClassModel

===========================================================================================
----------------- testing Tue Feb 25 07:11:02 UTC 2020 /home/travis/build/icyphy/ptII/ptolemy/actor/lib/test/auto/LevelCrossTest1.xml
----------------- Instantiating /home/travis/build/icyphy/ptII/ptolemy/actor/lib/test/auto/LevelCrossTest1.xml
1 ms. Memory: 634880K Free: 405504K (64%)
----------------- Invoking toplevel() on ptolemy.moml.MoMLSimpleApplication@5343e519
----------------- Done invoking toplevel() on ptolemy.moml.MoMLSimpleApplication@5343e519
reloadAllAccessors: .broken

===========================================================================================
----------------- testing Tue Feb 25 07:11:02 UTC 2020 /home/travis/build/icyphy/ptII/ptolemy/actor/lib/test/auto/LevelCrossTest10.xml
----------------- Instantiating /home/travis/build/icyphy/ptII/ptolemy/actor/lib/test/auto/LevelCrossTest10.xml
2 ms. Memory: 634880K Free: 398336K (63%)
----------------- Invoking toplevel() on ptolemy.moml.MoMLSimpleApplication@2b851f16
----------------- Done invoking toplevel() on ptolemy.moml.MoMLSimpleApplication@2b851f16
reloadAllAccessors: .LevelCrossTest10

===========================================================================================
----------------- testing Tue Feb 25 07:11:02 UTC 2020 /home/travis/build/icyphy/ptII/ptolemy/actor/lib/test/auto/LevelCrossTest11.xml
----------------- Instantiating /home/travis/build/icyphy/ptII/ptolemy/actor/lib/test/auto/LevelCrossTest11.xml
1 ms. Memory: 634880K Free: 391678K (62%)
----------------- Invoking toplevel() on ptolemy.moml.MoMLSimpleApplication@54300ce4
----------------- Done invoking toplevel() on ptolemy.moml.MoMLSimpleApplication@54300ce4
reloadAllAccessors: .LevelCrossTest11

===========================================================================================
----------------- testing Tue Feb 25 07:11:02 UTC 2020 /home/travis/build/icyphy/ptII/ptolemy/actor/lib/test/auto/LevelCrossTest12.xml
----------------- Instantiating /home/travis/build/icyphy/ptII/ptolemy/actor/lib/test/auto/LevelCrossTest12.xml
1 ms. Memory: 634880K Free: 384479K (61%)
----------------- Invoking toplevel() on ptolemy.moml.MoMLSimpleApplication@43c9f1f6
----------------- Done invoking toplevel() on ptolemy.moml.MoMLSimpleApplication@43c9f1f6
reloadAllAccessors: .LevelCrossTest12

===========================================================================================
----------------- testing Tue Feb 25 07:11:02 UTC 2020 /home/travis/build/icyphy/ptII/ptolemy/actor/lib/test/auto/LevelCrossTest13.xml
----------------- Instantiating /home/travis/build/icyphy/ptII/ptolemy/actor/lib/test/auto/LevelCrossTest13.xml
2 ms. Memory: 634880K Free: 376832K (59%)
----------------- Invoking toplevel() on ptolemy.moml.MoMLSimpleApplication@1269c941
----------------- Done invoking toplevel() on ptolemy.moml.MoMLSimpleApplication@1269c941
reloadAllAccessors: .LevelCrossTest13

===========================================================================================
----------------- testing Tue Feb 25 07:11:02 UTC 2020 /home/travis/build/icyphy/ptII/ptolemy/actor/lib/test/auto/LevelCrossTest2.xml
----------------- Instantiating /home/travis/build/icyphy/ptII/ptolemy/actor/lib/test/auto/LevelCrossTest2.xml
1 ms. Memory: 634880K Free: 371712K (59%)
----------------- Invoking toplevel() on ptolemy.moml.MoMLSimpleApplication@7a0b3012
----------------- Done invoking toplevel() on ptolemy.moml.MoMLSimpleApplication@7a0b3012
reloadAllAccessors: .broken

===========================================================================================
----------------- testing Tue Feb 25 07:11:02 UTC 2020 /home/travis/build/icyphy/ptII/ptolemy/actor/lib/test/auto/LevelCrossTest3.xml
----------------- Instantiating /home/travis/build/icyphy/ptII/ptolemy/actor/lib/test/auto/LevelCrossTest3.xml
1 ms. Memory: 634880K Free: 365568K (58%)
----------------- Invoking toplevel() on ptolemy.moml.MoMLSimpleApplication@68f3b0ea
----------------- Done invoking toplevel() on ptolemy.moml.MoMLSimpleApplication@68f3b0ea
reloadAllAccessors: .LevelCrossTest3

===========================================================================================
----------------- testing Tue Feb 25 07:11:02 UTC 2020 /home/travis/build/icyphy/ptII/ptolemy/actor/lib/test/auto/LevelCrossTest4.xml
----------------- Instantiating /home/travis/build/icyphy/ptII/ptolemy/actor/lib/test/auto/LevelCrossTest4.xml
2 ms. Memory: 634880K Free: 360448K (57%)
----------------- Invoking toplevel() on ptolemy.moml.MoMLSimpleApplication@4a1c145e
----------------- Done invoking toplevel() on ptolemy.moml.MoMLSimpleApplication@4a1c145e
reloadAllAccessors: .broken

===========================================================================================
----------------- testing Tue Feb 25 07:11:02 UTC 2020 /home/travis/build/icyphy/ptII/ptolemy/actor/lib/test/auto/LevelCrossTest5.xml
----------------- Instantiating /home/travis/build/icyphy/ptII/ptolemy/actor/lib/test/auto/LevelCrossTest5.xml
8 ms. Memory: 634880K Free: 354304K (56%)
----------------- Invoking toplevel() on ptolemy.moml.MoMLSimpleApplication@d86d3dc
----------------- Done invoking toplevel() on ptolemy.moml.MoMLSimpleApplication@d86d3dc
reloadAllAccessors: .LevelCrossTest5

===========================================================================================
----------------- testing Tue Feb 25 07:11:02 UTC 2020 /home/travis/build/icyphy/ptII/ptolemy/actor/lib/test/auto/LevelCrossTest6.xml
----------------- Instantiating /home/travis/build/icyphy/ptII/ptolemy/actor/lib/test/auto/LevelCrossTest6.xml
2 ms. Memory: 634880K Free: 347646K (55%)
----------------- Invoking toplevel() on ptolemy.moml.MoMLSimpleApplication@733e880
----------------- Done invoking toplevel() on ptolemy.moml.MoMLSimpleApplication@733e880
reloadAllAccessors: .LevelCrossTest6

===========================================================================================
----------------- testing Tue Feb 25 07:11:02 UTC 2020 /home/travis/build/icyphy/ptII/ptolemy/actor/lib/test/auto/LevelCrossTest7.xml
----------------- Instantiating /home/travis/build/icyphy/ptII/ptolemy/actor/lib/test/auto/LevelCrossTest7.xml
2 ms. Memory: 634880K Free: 339968K (54%)
----------------- Invoking toplevel() on ptolemy.moml.MoMLSimpleApplication@11080e63
----------------- Done invoking toplevel() on ptolemy.moml.MoMLSimpleApplication@11080e63
reloadAllAccessors: .LevelCrossTest7

===========================================================================================
----------------- testing Tue Feb 25 07:11:02 UTC 2020 /home/travis/build/icyphy/ptII/ptolemy/actor/lib/test/auto/LevelCrossTest8.xml
----------------- Instantiating /home/travis/build/icyphy/ptII/ptolemy/actor/lib/test/auto/LevelCrossTest8.xml
2 ms. Memory: 634880K Free: 333310K (52%)
----------------- Invoking toplevel() on ptolemy.moml.MoMLSimpleApplication@667543dd
----------------- Done invoking toplevel() on ptolemy.moml.MoMLSimpleApplication@667543dd
reloadAllAccessors: .LevelCrossTest8

===========================================================================================
----------------- testing Tue Feb 25 07:11:02 UTC 2020 /home/travis/build/icyphy/ptII/ptolemy/actor/lib/test/auto/LevelCrossTest9.xml
----------------- Instantiating /home/travis/build/icyphy/ptII/ptolemy/actor/lib/test/auto/LevelCrossTest9.xml
6 ms. Memory: 634880K Free: 326142K (51%)
----------------- Invoking toplevel() on ptolemy.moml.MoMLSimpleApplication@e10ef4a
----------------- Done invoking toplevel() on ptolemy.moml.MoMLSimpleApplication@e10ef4a
reloadAllAccessors: .LevelCrossTest9

===========================================================================================
----------------- testing Tue Feb 25 07:11:02 UTC 2020 /home/travis/build/icyphy/ptII/ptolemy/actor/lib/test/auto/LevinsonDurbin.xml
----------------- Instantiating /home/travis/build/icyphy/ptII/ptolemy/actor/lib/test/auto/LevinsonDurbin.xml
1 ms. Memory: 634880K Free: 322046K (51%)
----------------- Invoking toplevel() on ptolemy.moml.MoMLSimpleApplication@3967007a
----------------- Done invoking toplevel() on ptolemy.moml.MoMLSimpleApplication@3967007a
reloadAllAccessors: .LevinsonDurbin

===========================================================================================
----------------- testing Tue Feb 25 07:11:02 UTC 2020 /home/travis/build/icyphy/ptII/ptolemy/actor/lib/test/auto/LevinsonDurbin2.xml
----------------- Instantiating /home/travis/build/icyphy/ptII/ptolemy/actor/lib/test/auto/LevinsonDurbin2.xml
1 ms. Memory: 634880K Free: 317950K (50%)
----------------- Invoking toplevel() on ptolemy.moml.MoMLSimpleApplication@59570983
----------------- Done invoking toplevel() on ptolemy.moml.MoMLSimpleApplication@59570983
reloadAllAccessors: .LevinsonDurbin2

===========================================================================================
----------------- testing Tue Feb 25 07:11:02 UTC 2020 /home/travis/build/icyphy/ptII/ptolemy/actor/lib/test/auto/LevinsonDurbin3.xml
----------------- Instantiating /home/travis/build/icyphy/ptII/ptolemy/actor/lib/test/auto/LevinsonDurbin3.xml
2 ms. Memory: 634880K Free: 314368K (50%)
----------------- Invoking toplevel() on ptolemy.moml.MoMLSimpleApplication@457955d2
----------------- Done invoking toplevel() on ptolemy.moml.MoMLSimpleApplication@457955d2
reloadAllAccessors: .LevinsonDurbin3

===========================================================================================
----------------- testing Tue Feb 25 07:11:02 UTC 2020 /home/travis/build/icyphy/ptII/ptolemy/actor/lib/test/auto/Limiter.xml
----------------- Instantiating /home/travis/build/icyphy/ptII/ptolemy/actor/lib/test/auto/Limiter.xml
6 ms. Memory: 634880K Free: 305152K (48%)
----------------- Invoking toplevel() on ptolemy.moml.MoMLSimpleApplication@6491da1c
----------------- Done invoking toplevel() on ptolemy.moml.MoMLSimpleApplication@6491da1c
reloadAllAccessors: .Limiter

===========================================================================================
----------------- testing Tue Feb 25 07:11:02 UTC 2020 /home/travis/build/icyphy/ptII/ptolemy/actor/lib/test/auto/LinearDifferenceEquationSystem.xml
----------------- Instantiating /home/travis/build/icyphy/ptII/ptolemy/actor/lib/test/auto/LinearDifferenceEquationSystem.xml
5 ms. Memory: 634880K Free: 297984K (47%)
----------------- Invoking toplevel() on ptolemy.moml.MoMLSimpleApplication@3e7f1325
----------------- Done invoking toplevel() on ptolemy.moml.MoMLSimpleApplication@3e7f1325
reloadAllAccessors: .LinearDifferenceEquationSystem

===========================================================================================
----------------- testing Tue Feb 25 07:11:02 UTC 2020 /home/travis/build/icyphy/ptII/ptolemy/actor/lib/test/auto/LookupTable.xml
----------------- Instantiating /home/travis/build/icyphy/ptII/ptolemy/actor/lib/test/auto/LookupTable.xml
1 ms. Memory: 634880K Free: 293888K (46%)
----------------- Invoking toplevel() on ptolemy.moml.MoMLSimpleApplication@33c52bf4
----------------- Done invoking toplevel() on ptolemy.moml.MoMLSimpleApplication@33c52bf4
reloadAllAccessors: .LookupTable

===========================================================================================
----------------- testing Tue Feb 25 07:11:02 UTC 2020 /home/travis/build/icyphy/ptII/ptolemy/actor/lib/test/auto/MathFunction.xml
----------------- Instantiating /home/travis/build/icyphy/ptII/ptolemy/actor/lib/test/auto/MathFunction.xml
2 ms. Memory: 634880K Free: 285696K (45%)
----------------- Invoking toplevel() on ptolemy.moml.MoMLSimpleApplication@2b86e39b
----------------- Done invoking toplevel() on ptolemy.moml.MoMLSimpleApplication@2b86e39b
reloadAllAccessors: .MathFunction

===========================================================================================
----------------- testing Tue Feb 25 07:11:02 UTC 2020 /home/travis/build/icyphy/ptII/ptolemy/actor/lib/test/auto/MathFunction2.xml
----------------- Instantiating /home/travis/build/icyphy/ptII/ptolemy/actor/lib/test/auto/MathFunction2.xml
2 ms. Memory: 634880K Free: 281600K (44%)
----------------- Invoking toplevel() on ptolemy.moml.MoMLSimpleApplication@7dca2abb
----------------- Done invoking toplevel() on ptolemy.moml.MoMLSimpleApplication@7dca2abb
reloadAllAccessors: .MathFunction2

===========================================================================================
----------------- testing Tue Feb 25 07:11:02 UTC 2020 /home/travis/build/icyphy/ptII/ptolemy/actor/lib/test/auto/MathFunction3.xml
----------------- Instantiating /home/travis/build/icyphy/ptII/ptolemy/actor/lib/test/auto/MathFunction3.xml
4 ms. Memory: 634880K Free: 274432K (43%)
----------------- Invoking toplevel() on ptolemy.moml.MoMLSimpleApplication@5dd4b64f
----------------- Done invoking toplevel() on ptolemy.moml.MoMLSimpleApplication@5dd4b64f
reloadAllAccessors: .MathFunction3

===========================================================================================
----------------- testing Tue Feb 25 07:11:02 UTC 2020 /home/travis/build/icyphy/ptII/ptolemy/actor/lib/test/auto/MatrixCropBoolean.xml
----------------- Instantiating /home/travis/build/icyphy/ptII/ptolemy/actor/lib/test/auto/MatrixCropBoolean.xml
2 ms. Memory: 634880K Free: 269791K (42%)
----------------- Invoking toplevel() on ptolemy.moml.MoMLSimpleApplication@4ea182a9
----------------- Done invoking toplevel() on ptolemy.moml.MoMLSimpleApplication@4ea182a9
reloadAllAccessors: .MatrixCropBoolean

===========================================================================================
----------------- testing Tue Feb 25 07:11:02 UTC 2020 /home/travis/build/icyphy/ptII/ptolemy/actor/lib/test/auto/MatrixCropComplex.xml
----------------- Instantiating /home/travis/build/icyphy/ptII/ptolemy/actor/lib/test/auto/MatrixCropComplex.xml
2 ms. Memory: 634880K Free: 264671K (42%)
----------------- Invoking toplevel() on ptolemy.moml.MoMLSimpleApplication@759f0e04
----------------- Done invoking toplevel() on ptolemy.moml.MoMLSimpleApplication@759f0e04
reloadAllAccessors: .MatrixCropComplex

===========================================================================================
----------------- testing Tue Feb 25 07:11:02 UTC 2020 /home/travis/build/icyphy/ptII/ptolemy/actor/lib/test/auto/MatrixCropDouble.xml
----------------- Instantiating /home/travis/build/icyphy/ptII/ptolemy/actor/lib/test/auto/MatrixCropDouble.xml
2 ms. Memory: 634880K Free: 259551K (41%)
----------------- Invoking toplevel() on ptolemy.moml.MoMLSimpleApplication@93fd065
----------------- Done invoking toplevel() on ptolemy.moml.MoMLSimpleApplication@93fd065
reloadAllAccessors: .MatrixCropDouble

===========================================================================================
----------------- testing Tue Feb 25 07:11:02 UTC 2020 /home/travis/build/icyphy/ptII/ptolemy/actor/lib/test/auto/MatrixCropFix.xml
----------------- Instantiating /home/travis/build/icyphy/ptII/ptolemy/actor/lib/test/auto/MatrixCropFix.xml
2 ms. Memory: 634880K Free: 254447K (40%)
----------------- Invoking toplevel() on ptolemy.moml.MoMLSimpleApplication@471afd05
----------------- Done invoking toplevel() on ptolemy.moml.MoMLSimpleApplication@471afd05
reloadAllAccessors: .MatrixCropFix

===========================================================================================
----------------- testing Tue Feb 25 07:11:02 UTC 2020 /home/travis/build/icyphy/ptII/ptolemy/actor/lib/test/auto/MatrixCropInt.xml
----------------- Instantiating /home/travis/build/icyphy/ptII/ptolemy/actor/lib/test/auto/MatrixCropInt.xml
2 ms. Memory: 634880K Free: 249856K (39%)
----------------- Invoking toplevel() on ptolemy.moml.MoMLSimpleApplication@729e31ce
----------------- Done invoking toplevel() on ptolemy.moml.MoMLSimpleApplication@729e31ce
reloadAllAccessors: .MatrixCropInt

===========================================================================================
----------------- testing Tue Feb 25 07:11:02 UTC 2020 /home/travis/build/icyphy/ptII/ptolemy/actor/lib/test/auto/MatrixCropLong.xml
----------------- Instantiating /home/travis/build/icyphy/ptII/ptolemy/actor/lib/test/auto/MatrixCropLong.xml
2 ms. Memory: 634880K Free: 244736K (39%)
----------------- Invoking toplevel() on ptolemy.moml.MoMLSimpleApplication@587f199e
----------------- Done invoking toplevel() on ptolemy.moml.MoMLSimpleApplication@587f199e
reloadAllAccessors: .MatrixCropLong

===========================================================================================
----------------- testing Tue Feb 25 07:11:02 UTC 2020 /home/travis/build/icyphy/ptII/ptolemy/actor/lib/test/auto/MatrixToArray.xml
----------------- Instantiating /home/travis/build/icyphy/ptII/ptolemy/actor/lib/test/auto/MatrixToArray.xml
9 ms. Memory: 634880K Free: 229376K (36%)
----------------- Invoking toplevel() on ptolemy.moml.MoMLSimpleApplication@708993fe
----------------- Done invoking toplevel() on ptolemy.moml.MoMLSimpleApplication@708993fe
reloadAllAccessors: .MatrixToArray

===========================================================================================
----------------- testing Tue Feb 25 07:11:02 UTC 2020 /home/travis/build/icyphy/ptII/ptolemy/actor/lib/test/auto/MaxIndex.xml
----------------- Instantiating /home/travis/build/icyphy/ptII/ptolemy/actor/lib/test/auto/MaxIndex.xml
2 ms. Memory: 634880K Free: 224256K (35%)
----------------- Invoking toplevel() on ptolemy.moml.MoMLSimpleApplication@49d1ef96
----------------- Done invoking toplevel() on ptolemy.moml.MoMLSimpleApplication@49d1ef96
reloadAllAccessors: .MaxIndex

===========================================================================================
----------------- testing Tue Feb 25 07:11:02 UTC 2020 /home/travis/build/icyphy/ptII/ptolemy/actor/lib/test/auto/Maximum.xml
----------------- Instantiating /home/travis/build/icyphy/ptII/ptolemy/actor/lib/test/auto/Maximum.xml
2 ms. Memory: 634880K Free: 218112K (34%)
----------------- Invoking toplevel() on ptolemy.moml.MoMLSimpleApplication@1094081
----------------- Done invoking toplevel() on ptolemy.moml.MoMLSimpleApplication@1094081
reloadAllAccessors: .Maximum

===========================================================================================
----------------- testing Tue Feb 25 07:11:02 UTC 2020 /home/travis/build/icyphy/ptII/ptolemy/actor/lib/test/auto/MaximumComplex.xml
----------------- Instantiating /home/travis/build/icyphy/ptII/ptolemy/actor/lib/test/auto/MaximumComplex.xml
5 ms. Memory: 634880K Free: 211968K (33%)
----------------- Invoking toplevel() on ptolemy.moml.MoMLSimpleApplication@249d67ce
----------------- Done invoking toplevel() on ptolemy.moml.MoMLSimpleApplication@249d67ce
reloadAllAccessors: .MaximumComplex

===========================================================================================
----------------- testing Tue Feb 25 07:11:02 UTC 2020 /home/travis/build/icyphy/ptII/ptolemy/actor/lib/test/auto/MethodCallTest.xml
----------------- Instantiating /home/travis/build/icyphy/ptII/ptolemy/actor/lib/test/auto/MethodCallTest.xml
2 ms. Memory: 634880K Free: 576510K (91%)
----------------- Invoking toplevel() on ptolemy.moml.MoMLSimpleApplication@6d863270
----------------- Done invoking toplevel() on ptolemy.moml.MoMLSimpleApplication@6d863270
reloadAllAccessors: .MethodCallTest

===========================================================================================
----------------- testing Tue Feb 25 07:11:02 UTC 2020 /home/travis/build/icyphy/ptII/ptolemy/actor/lib/test/auto/Minimum.xml
----------------- Instantiating /home/travis/build/icyphy/ptII/ptolemy/actor/lib/test/auto/Minimum.xml
2 ms. Memory: 634880K Free: 569856K (90%)
----------------- Invoking toplevel() on ptolemy.moml.MoMLSimpleApplication@393cb45a
----------------- Done invoking toplevel() on ptolemy.moml.MoMLSimpleApplication@393cb45a
reloadAllAccessors: .Minimum

===========================================================================================
----------------- testing Tue Feb 25 07:11:02 UTC 2020 /home/travis/build/icyphy/ptII/ptolemy/actor/lib/test/auto/MinimumComplex.xml
----------------- Instantiating /home/travis/build/icyphy/ptII/ptolemy/actor/lib/test/auto/MinimumComplex.xml
3 ms. Memory: 634880K Free: 563712K (89%)
----------------- Invoking toplevel() on ptolemy.moml.MoMLSimpleApplication@776bbf30
----------------- Done invoking toplevel() on ptolemy.moml.MoMLSimpleApplication@776bbf30
reloadAllAccessors: .MinimumComplex

===========================================================================================
----------------- testing Tue Feb 25 07:11:02 UTC 2020 /home/travis/build/icyphy/ptII/ptolemy/actor/lib/test/auto/MinimumMultiports.xml
----------------- Instantiating /home/travis/build/icyphy/ptII/ptolemy/actor/lib/test/auto/MinimumMultiports.xml
3 ms. Memory: 634880K Free: 555006K (87%)
----------------- Invoking toplevel() on ptolemy.moml.MoMLSimpleApplication@47b0d0f3
----------------- Done invoking toplevel() on ptolemy.moml.MoMLSimpleApplication@47b0d0f3
reloadAllAccessors: .MinimumMultiports

===========================================================================================
----------------- testing Tue Feb 25 07:11:02 UTC 2020 /home/travis/build/icyphy/ptII/ptolemy/actor/lib/test/auto/ModifyDate.xml
----------------- Instantiating /home/travis/build/icyphy/ptII/ptolemy/actor/lib/test/auto/ModifyDate.xml
7 ms. Memory: 634880K Free: 542208K (85%)
----------------- Invoking toplevel() on ptolemy.moml.MoMLSimpleApplication@757dc73f
----------------- Done invoking toplevel() on ptolemy.moml.MoMLSimpleApplication@757dc73f
reloadAllAccessors: .ModifyDate

===========================================================================================
----------------- testing Tue Feb 25 07:11:02 UTC 2020 /home/travis/build/icyphy/ptII/ptolemy/actor/lib/test/auto/ModifyDate2.xml
----------------- Instantiating /home/travis/build/icyphy/ptII/ptolemy/actor/lib/test/auto/ModifyDate2.xml
3 ms. Memory: 634880K Free: 534016K (84%)
----------------- Invoking toplevel() on ptolemy.moml.MoMLSimpleApplication@69f84bea
----------------- Done invoking toplevel() on ptolemy.moml.MoMLSimpleApplication@69f84bea
reloadAllAccessors: .ModifyDate2

===========================================================================================
----------------- testing Tue Feb 25 07:11:02 UTC 2020 /home/travis/build/icyphy/ptII/ptolemy/actor/lib/test/auto/MovingAverage.xml
----------------- Instantiating /home/travis/build/icyphy/ptII/ptolemy/actor/lib/test/auto/MovingAverage.xml
2 ms. Memory: 634880K Free: 528896K (83%)
----------------- Invoking toplevel() on ptolemy.moml.MoMLSimpleApplication@53fd91bb
----------------- Done invoking toplevel() on ptolemy.moml.MoMLSimpleApplication@53fd91bb
reloadAllAccessors: .MovingAverage

===========================================================================================
----------------- testing Tue Feb 25 07:11:02 UTC 2020 /home/travis/build/icyphy/ptII/ptolemy/actor/lib/test/auto/MovingMaximum.xml
----------------- Instantiating /home/travis/build/icyphy/ptII/ptolemy/actor/lib/test/auto/MovingMaximum.xml
1 ms. Memory: 634880K Free: 524286K (83%)
----------------- Invoking toplevel() on ptolemy.moml.MoMLSimpleApplication@5ffeae06
----------------- Done invoking toplevel() on ptolemy.moml.MoMLSimpleApplication@5ffeae06
reloadAllAccessors: .MovingMaximum

===========================================================================================
----------------- testing Tue Feb 25 07:11:02 UTC 2020 /home/travis/build/icyphy/ptII/ptolemy/actor/lib/test/auto/MultipleLinksToSameRelation.xml
----------------- Instantiating /home/travis/build/icyphy/ptII/ptolemy/actor/lib/test/auto/MultipleLinksToSameRelation.xml
2 ms. Memory: 634880K Free: 520190K (82%)
----------------- Invoking toplevel() on ptolemy.moml.MoMLSimpleApplication@4a57d7be
----------------- Done invoking toplevel() on ptolemy.moml.MoMLSimpleApplication@4a57d7be
reloadAllAccessors: .MultipleLinksToSameRelation

===========================================================================================
----------------- testing Tue Feb 25 07:11:02 UTC 2020 /home/travis/build/icyphy/ptII/ptolemy/actor/lib/test/auto/MultipleLinksToSameRelationDE.xml
----------------- Instantiating /home/travis/build/icyphy/ptII/ptolemy/actor/lib/test/auto/MultipleLinksToSameRelationDE.xml
10 ms. Memory: 634880K Free: 516079K (81%)
----------------- Invoking toplevel() on ptolemy.moml.MoMLSimpleApplication@79e63f2c
----------------- Done invoking toplevel() on ptolemy.moml.MoMLSimpleApplication@79e63f2c
reloadAllAccessors: .MultipleLinksToSameRelationDE

===========================================================================================
----------------- testing Tue Feb 25 07:11:02 UTC 2020 /home/travis/build/icyphy/ptII/ptolemy/actor/lib/test/auto/Multiplexor.xml
----------------- Instantiating /home/travis/build/icyphy/ptII/ptolemy/actor/lib/test/auto/Multiplexor.xml
2 ms. Memory: 634880K Free: 510464K (80%)
----------------- Invoking toplevel() on ptolemy.moml.MoMLSimpleApplication@fe2433a
----------------- Done invoking toplevel() on ptolemy.moml.MoMLSimpleApplication@fe2433a
reloadAllAccessors: .Multiplexor

===========================================================================================
----------------- testing Tue Feb 25 07:11:03 UTC 2020 /home/travis/build/icyphy/ptII/ptolemy/actor/lib/test/auto/Multiplexor1.xml
----------------- Instantiating /home/travis/build/icyphy/ptII/ptolemy/actor/lib/test/auto/Multiplexor1.xml
3 ms. Memory: 634880K Free: 504799K (80%)
----------------- Invoking toplevel() on ptolemy.moml.MoMLSimpleApplication@322ea50c
----------------- Done invoking toplevel() on ptolemy.moml.MoMLSimpleApplication@322ea50c
reloadAllAccessors: .Multiplexor1

===========================================================================================
----------------- testing Tue Feb 25 07:11:03 UTC 2020 /home/travis/build/icyphy/ptII/ptolemy/actor/lib/test/auto/Multiplexor2.xml
----------------- Instantiating /home/travis/build/icyphy/ptII/ptolemy/actor/lib/test/auto/Multiplexor2.xml
2 ms. Memory: 634880K Free: 498176K (78%)
----------------- Invoking toplevel() on ptolemy.moml.MoMLSimpleApplication@676d01fb
----------------- Done invoking toplevel() on ptolemy.moml.MoMLSimpleApplication@676d01fb
reloadAllAccessors: .Multiplexor2

===========================================================================================
----------------- testing Tue Feb 25 07:11:03 UTC 2020 /home/travis/build/icyphy/ptII/ptolemy/actor/lib/test/auto/Multiplexor3.xml
----------------- Instantiating /home/travis/build/icyphy/ptII/ptolemy/actor/lib/test/auto/Multiplexor3.xml
1 ms. Memory: 634880K Free: 494080K (78%)
----------------- Invoking toplevel() on ptolemy.moml.MoMLSimpleApplication@58ca3b49
----------------- Done invoking toplevel() on ptolemy.moml.MoMLSimpleApplication@58ca3b49
reloadAllAccessors: .Multiplexor3

===========================================================================================
----------------- testing Tue Feb 25 07:11:03 UTC 2020 /home/travis/build/icyphy/ptII/ptolemy/actor/lib/test/auto/MultiplexorDE.xml
----------------- Instantiating /home/travis/build/icyphy/ptII/ptolemy/actor/lib/test/auto/MultiplexorDE.xml
2 ms. Memory: 634880K Free: 486912K (77%)
----------------- Invoking toplevel() on ptolemy.moml.MoMLSimpleApplication@7c74b3c2
----------------- Done invoking toplevel() on ptolemy.moml.MoMLSimpleApplication@7c74b3c2
reloadAllAccessors: .MultiplexorDE

===========================================================================================
----------------- testing Tue Feb 25 07:11:03 UTC 2020 /home/travis/build/icyphy/ptII/ptolemy/actor/lib/test/auto/MultiportBroadcastTest.xml
----------------- Instantiating /home/travis/build/icyphy/ptII/ptolemy/actor/lib/test/auto/MultiportBroadcastTest.xml
97 ms. Memory: 634880K Free: 480768K (76%)
----------------- Invoking toplevel() on ptolemy.moml.MoMLSimpleApplication@78adbf2a
----------------- Done invoking toplevel() on ptolemy.moml.MoMLSimpleApplication@78adbf2a
reloadAllAccessors: .MultiportBroadcastTest

===========================================================================================
----------------- testing Tue Feb 25 07:11:03 UTC 2020 /home/travis/build/icyphy/ptII/ptolemy/actor/lib/test/auto/MultiportOutHangDuringGetWidth.xml
----------------- Instantiating /home/travis/build/icyphy/ptII/ptolemy/actor/lib/test/auto/MultiportOutHangDuringGetWidth.xml
5 ms. Memory: 634880K Free: 468480K (74%)
----------------- Invoking toplevel() on ptolemy.moml.MoMLSimpleApplication@7ecdb8c0
----------------- Done invoking toplevel() on ptolemy.moml.MoMLSimpleApplication@7ecdb8c0
reloadAllAccessors: .MultiportOutHangDuringGetWidth

===========================================================================================
----------------- testing Tue Feb 25 07:11:03 UTC 2020 /home/travis/build/icyphy/ptII/ptolemy/actor/lib/test/auto/NilToken.xml
----------------- Instantiating /home/travis/build/icyphy/ptII/ptolemy/actor/lib/test/auto/NilToken.xml
1 ms. Memory: 634880K Free: 464384K (73%)
----------------- Invoking toplevel() on ptolemy.moml.MoMLSimpleApplication@3a46150d
----------------- Done invoking toplevel() on ptolemy.moml.MoMLSimpleApplication@3a46150d
reloadAllAccessors: .NilToken

===========================================================================================
----------------- testing Tue Feb 25 07:11:03 UTC 2020 /home/travis/build/icyphy/ptII/ptolemy/actor/lib/test/auto/NilTokenNonStrictTest.xml
----------------- Instantiating /home/travis/build/icyphy/ptII/ptolemy/actor/lib/test/auto/NilTokenNonStrictTest.xml
3 ms. Memory: 634880K Free: 459774K (72%)
----------------- Invoking toplevel() on ptolemy.moml.MoMLSimpleApplication@221e6a9f
----------------- Done invoking toplevel() on ptolemy.moml.MoMLSimpleApplication@221e6a9f
reloadAllAccessors: .NilTokenNonStrictTest

===========================================================================================
----------------- testing Tue Feb 25 07:11:03 UTC 2020 /home/travis/build/icyphy/ptII/ptolemy/actor/lib/test/auto/NilTokenRecord.xml
----------------- Instantiating /home/travis/build/icyphy/ptII/ptolemy/actor/lib/test/auto/NilTokenRecord.xml
4 ms. Memory: 634880K Free: 453630K (71%)
----------------- Invoking toplevel() on ptolemy.moml.MoMLSimpleApplication@60dd8a0a
----------------- Done invoking toplevel() on ptolemy.moml.MoMLSimpleApplication@60dd8a0a
reloadAllAccessors: .NilTokenRecord

===========================================================================================
----------------- testing Tue Feb 25 07:11:03 UTC 2020 /home/travis/build/icyphy/ptII/ptolemy/actor/lib/test/auto/NilTokenTypeTest.xml
----------------- Instantiating /home/travis/build/icyphy/ptII/ptolemy/actor/lib/test/auto/NilTokenTypeTest.xml
5 ms. Memory: 634880K Free: 443904K (70%)
----------------- Invoking toplevel() on ptolemy.moml.MoMLSimpleApplication@226a1879
----------------- Done invoking toplevel() on ptolemy.moml.MoMLSimpleApplication@226a1879
reloadAllAccessors: .NilTokenTypeTest

===========================================================================================
----------------- testing Tue Feb 25 07:11:03 UTC 2020 /home/travis/build/icyphy/ptII/ptolemy/actor/lib/test/auto/ObjectToken1.xml
----------------- Instantiating /home/travis/build/icyphy/ptII/ptolemy/actor/lib/test/auto/ObjectToken1.xml
3 ms. Memory: 634880K Free: 439808K (69%)
----------------- Invoking toplevel() on ptolemy.moml.MoMLSimpleApplication@44f25437
----------------- Done invoking toplevel() on ptolemy.moml.MoMLSimpleApplication@44f25437
reloadAllAccessors: .ObjectToken1

===========================================================================================
----------------- testing Tue Feb 25 07:11:03 UTC 2020 /home/travis/build/icyphy/ptII/ptolemy/actor/lib/test/auto/OrderedMerge.xml
----------------- Instantiating /home/travis/build/icyphy/ptII/ptolemy/actor/lib/test/auto/OrderedMerge.xml
13 ms. Memory: 634880K Free: 434174K (68%)
----------------- Invoking toplevel() on ptolemy.moml.MoMLSimpleApplication@5c9ac7e4
----------------- Done invoking toplevel() on ptolemy.moml.MoMLSimpleApplication@5c9ac7e4
reloadAllAccessors: .OrderedMerge

===========================================================================================
----------------- testing Tue Feb 25 07:11:03 UTC 2020 /home/travis/build/icyphy/ptII/ptolemy/actor/lib/test/auto/OrderedRecordDisassembler.xml
----------------- Instantiating /home/travis/build/icyphy/ptII/ptolemy/actor/lib/test/auto/OrderedRecordDisassembler.xml
3 ms. Memory: 634880K Free: 429047K (68%)
----------------- Invoking toplevel() on ptolemy.moml.MoMLSimpleApplication@555ce00e
----------------- Done invoking toplevel() on ptolemy.moml.MoMLSimpleApplication@555ce00e
reloadAllAccessors: .OrderedRecordDisassembler

===========================================================================================
----------------- testing Tue Feb 25 07:11:03 UTC 2020 /home/travis/build/icyphy/ptII/ptolemy/actor/lib/test/auto/OrderedRecordDisassembler2.xml
----------------- Instantiating /home/travis/build/icyphy/ptII/ptolemy/actor/lib/test/auto/OrderedRecordDisassembler2.xml
4 ms. Memory: 634880K Free: 421376K (66%)
----------------- Invoking toplevel() on ptolemy.moml.MoMLSimpleApplication@38d820d3
----------------- Done invoking toplevel() on ptolemy.moml.MoMLSimpleApplication@38d820d3
reloadAllAccessors: .OrderedRecordDisassembler2

===========================================================================================
----------------- testing Tue Feb 25 07:11:03 UTC 2020 /home/travis/build/icyphy/ptII/ptolemy/actor/lib/test/auto/OrderedRecordUpdater.xml
----------------- Instantiating /home/travis/build/icyphy/ptII/ptolemy/actor/lib/test/auto/OrderedRecordUpdater.xml
2 ms. Memory: 634880K Free: 416766K (66%)
----------------- Invoking toplevel() on ptolemy.moml.MoMLSimpleApplication@15e8a300
----------------- Done invoking toplevel() on ptolemy.moml.MoMLSimpleApplication@15e8a300
reloadAllAccessors: .RecordUpdater

===========================================================================================
----------------- testing Tue Feb 25 07:11:03 UTC 2020 /home/travis/build/icyphy/ptII/ptolemy/actor/lib/test/auto/OrderedRecordUpdater2.xml
----------------- Instantiating /home/travis/build/icyphy/ptII/ptolemy/actor/lib/test/auto/OrderedRecordUpdater2.xml
3 ms. Memory: 634880K Free: 411646K (65%)
----------------- Invoking toplevel() on ptolemy.moml.MoMLSimpleApplication@348c6d5
----------------- Done invoking toplevel() on ptolemy.moml.MoMLSimpleApplication@348c6d5
reloadAllAccessors: .RecordUpdater2

===========================================================================================
----------------- testing Tue Feb 25 07:11:03 UTC 2020 /home/travis/build/icyphy/ptII/ptolemy/actor/lib/test/auto/PhaseUnwrap.xml
----------------- Instantiating /home/travis/build/icyphy/ptII/ptolemy/actor/lib/test/auto/PhaseUnwrap.xml
2 ms. Memory: 634880K Free: 407040K (64%)
----------------- Invoking toplevel() on ptolemy.moml.MoMLSimpleApplication@12dd347f
----------------- Done invoking toplevel() on ptolemy.moml.MoMLSimpleApplication@12dd347f
reloadAllAccessors: .PhaseUnwrap

===========================================================================================
----------------- testing Tue Feb 25 07:11:03 UTC 2020 /home/travis/build/icyphy/ptII/ptolemy/actor/lib/test/auto/PoissonClock.xml
----------------- Instantiating /home/travis/build/icyphy/ptII/ptolemy/actor/lib/test/auto/PoissonClock.xml
1 ms. Memory: 634880K Free: 402944K (63%)
----------------- Invoking toplevel() on ptolemy.moml.MoMLSimpleApplication@367cf2ea
----------------- Done invoking toplevel() on ptolemy.moml.MoMLSimpleApplication@367cf2ea
reloadAllAccessors: .PoissonClock

===========================================================================================
----------------- testing Tue Feb 25 07:11:03 UTC 2020 /home/travis/build/icyphy/ptII/ptolemy/actor/lib/test/auto/PoissonClock2.xml
----------------- Instantiating /home/travis/build/icyphy/ptII/ptolemy/actor/lib/test/auto/PoissonClock2.xml
1 ms. Memory: 634880K Free: 398334K (63%)
----------------- Invoking toplevel() on ptolemy.moml.MoMLSimpleApplication@45b1560f
----------------- Done invoking toplevel() on ptolemy.moml.MoMLSimpleApplication@45b1560f
reloadAllAccessors: .PoissonClock2

===========================================================================================
----------------- testing Tue Feb 25 07:11:03 UTC 2020 /home/travis/build/icyphy/ptII/ptolemy/actor/lib/test/auto/PoissonClock3.xml
----------------- Instantiating /home/travis/build/icyphy/ptII/ptolemy/actor/lib/test/auto/PoissonClock3.xml
1 ms. Memory: 634880K Free: 393728K (62%)
----------------- Invoking toplevel() on ptolemy.moml.MoMLSimpleApplication@778e6ae
----------------- Done invoking toplevel() on ptolemy.moml.MoMLSimpleApplication@778e6ae
reloadAllAccessors: .PoissonClock3

===========================================================================================
----------------- testing Tue Feb 25 07:11:03 UTC 2020 /home/travis/build/icyphy/ptII/ptolemy/actor/lib/test/auto/PubSubWithInitialTokens.xml
----------------- Instantiating /home/travis/build/icyphy/ptII/ptolemy/actor/lib/test/auto/PubSubWithInitialTokens.xml
2 ms. Memory: 634880K Free: 388608K (61%)
----------------- Invoking toplevel() on ptolemy.moml.MoMLSimpleApplication@a6fb2a4
----------------- Done invoking toplevel() on ptolemy.moml.MoMLSimpleApplication@a6fb2a4
reloadAllAccessors: .PubSubWithInitialTokens

===========================================================================================
----------------- testing Tue Feb 25 07:11:03 UTC 2020 /home/travis/build/icyphy/ptII/ptolemy/actor/lib/test/auto/PubSubWithInitialTokens2.xml
----------------- Instantiating /home/travis/build/icyphy/ptII/ptolemy/actor/lib/test/auto/PubSubWithInitialTokens2.xml
2 ms. Memory: 634880K Free: 382464K (60%)
----------------- Invoking toplevel() on ptolemy.moml.MoMLSimpleApplication@49ac3249
----------------- Done invoking toplevel() on ptolemy.moml.MoMLSimpleApplication@49ac3249
reloadAllAccessors: .PubSubWithInitialTokens2

===========================================================================================
----------------- testing Tue Feb 25 07:11:03 UTC 2020 /home/travis/build/icyphy/ptII/ptolemy/actor/lib/test/auto/PublisherClassNoParameter.xml
----------------- Instantiating /home/travis/build/icyphy/ptII/ptolemy/actor/lib/test/auto/PublisherClassNoParameter.xml
2 ms. Memory: 634880K Free: 372719K (59%)
----------------- Invoking toplevel() on ptolemy.moml.MoMLSimpleApplication@27089649
----------------- Done invoking toplevel() on ptolemy.moml.MoMLSimpleApplication@27089649
reloadAllAccessors: .PublisherClassNoParameter

===========================================================================================
----------------- testing Tue Feb 25 07:11:03 UTC 2020 /home/travis/build/icyphy/ptII/ptolemy/actor/lib/test/auto/PublisherClassParameter.xml
----------------- Instantiating /home/travis/build/icyphy/ptII/ptolemy/actor/lib/test/auto/PublisherClassParameter.xml
2 ms. Memory: 634880K Free: 362479K (57%)
----------------- Invoking toplevel() on ptolemy.moml.MoMLSimpleApplication@4c0f9e74
----------------- Done invoking toplevel() on ptolemy.moml.MoMLSimpleApplication@4c0f9e74
reloadAllAccessors: .PublisherClassParameter

===========================================================================================
----------------- testing Tue Feb 25 07:11:03 UTC 2020 /home/travis/build/icyphy/ptII/ptolemy/actor/lib/test/auto/PublisherNonStrictTest.xml
----------------- Instantiating /home/travis/build/icyphy/ptII/ptolemy/actor/lib/test/auto/PublisherNonStrictTest.xml
3 ms. Memory: 634880K Free: 354816K (56%)
----------------- Invoking toplevel() on ptolemy.moml.MoMLSimpleApplication@185423a3
----------------- Done invoking toplevel() on ptolemy.moml.MoMLSimpleApplication@185423a3
reloadAllAccessors: .PublisherNonStrictTest

===========================================================================================
----------------- testing Tue Feb 25 07:11:03 UTC 2020 /home/travis/build/icyphy/ptII/ptolemy/actor/lib/test/auto/PublisherPort1.xml
----------------- Instantiating /home/travis/build/icyphy/ptII/ptolemy/actor/lib/test/auto/PublisherPort1.xml
2 ms. Memory: 634880K Free: 349167K (55%)
----------------- Invoking toplevel() on ptolemy.moml.MoMLSimpleApplication@32e3812
----------------- Done invoking toplevel() on ptolemy.moml.MoMLSimpleApplication@32e3812
reloadAllAccessors: .PublisherPort1

===========================================================================================
----------------- testing Tue Feb 25 07:11:03 UTC 2020 /home/travis/build/icyphy/ptII/ptolemy/actor/lib/test/auto/PublisherPort2.xml
----------------- Instantiating /home/travis/build/icyphy/ptII/ptolemy/actor/lib/test/auto/PublisherPort2.xml
1 ms. Memory: 634880K Free: 344062K (54%)
----------------- Invoking toplevel() on ptolemy.moml.MoMLSimpleApplication@5c5d4f9
----------------- Done invoking toplevel() on ptolemy.moml.MoMLSimpleApplication@5c5d4f9
reloadAllAccessors: .PublisherPort2

===========================================================================================
----------------- testing Tue Feb 25 07:11:03 UTC 2020 /home/travis/build/icyphy/ptII/ptolemy/actor/lib/test/auto/PublisherPort3.xml
----------------- Instantiating /home/travis/build/icyphy/ptII/ptolemy/actor/lib/test/auto/PublisherPort3.xml
10 ms. Memory: 634880K Free: 337887K (53%)
----------------- Invoking toplevel() on ptolemy.moml.MoMLSimpleApplication@1a8ae664
----------------- Done invoking toplevel() on ptolemy.moml.MoMLSimpleApplication@1a8ae664
reloadAllAccessors: .PublisherPort3

===========================================================================================
----------------- testing Tue Feb 25 07:11:03 UTC 2020 /home/travis/build/icyphy/ptII/ptolemy/actor/lib/test/auto/PublisherPort4.xml
----------------- Instantiating /home/travis/build/icyphy/ptII/ptolemy/actor/lib/test/auto/PublisherPort4.xml
2 ms. Memory: 634880K Free: 332288K (52%)
----------------- Invoking toplevel() on ptolemy.moml.MoMLSimpleApplication@390d72a1
----------------- Done invoking toplevel() on ptolemy.moml.MoMLSimpleApplication@390d72a1
reloadAllAccessors: .PublisherPort4

===========================================================================================
----------------- testing Tue Feb 25 07:11:03 UTC 2020 /home/travis/build/icyphy/ptII/ptolemy/actor/lib/test/auto/PublisherPort5.xml
----------------- Instantiating /home/travis/build/icyphy/ptII/ptolemy/actor/lib/test/auto/PublisherPort5.xml
3 ms. Memory: 634880K Free: 324606K (51%)
----------------- Invoking toplevel() on ptolemy.moml.MoMLSimpleApplication@4872d200
----------------- Done invoking toplevel() on ptolemy.moml.MoMLSimpleApplication@4872d200
reloadAllAccessors: .PublisherPort5

===========================================================================================
----------------- testing Tue Feb 25 07:11:03 UTC 2020 /home/travis/build/icyphy/ptII/ptolemy/actor/lib/test/auto/PublisherPort5LookAlike.xml
----------------- Instantiating /home/travis/build/icyphy/ptII/ptolemy/actor/lib/test/auto/PublisherPort5LookAlike.xml
8 ms. Memory: 634880K Free: 316928K (50%)
----------------- Invoking toplevel() on ptolemy.moml.MoMLSimpleApplication@2ef3d56b
----------------- Done invoking toplevel() on ptolemy.moml.MoMLSimpleApplication@2ef3d56b
reloadAllAccessors: .PublisherPort5LookAlike

===========================================================================================
----------------- testing Tue Feb 25 07:11:03 UTC 2020 /home/travis/build/icyphy/ptII/ptolemy/actor/lib/test/auto/PublisherPort6.xml
----------------- Instantiating /home/travis/build/icyphy/ptII/ptolemy/actor/lib/test/auto/PublisherPort6.xml
2 ms. Memory: 634880K Free: 310270K (49%)
----------------- Invoking toplevel() on ptolemy.moml.MoMLSimpleApplication@44854ce9
----------------- Done invoking toplevel() on ptolemy.moml.MoMLSimpleApplication@44854ce9
reloadAllAccessors: .PublisherPort6

===========================================================================================
----------------- testing Tue Feb 25 07:11:03 UTC 2020 /home/travis/build/icyphy/ptII/ptolemy/actor/lib/test/auto/PublisherPort7.xml
----------------- Instantiating /home/travis/build/icyphy/ptII/ptolemy/actor/lib/test/auto/PublisherPort7.xml
4 ms. Memory: 634880K Free: 302592K (48%)
----------------- Invoking toplevel() on ptolemy.moml.MoMLSimpleApplication@b698595
----------------- Done invoking toplevel() on ptolemy.moml.MoMLSimpleApplication@b698595
reloadAllAccessors: .PublisherPort7

===========================================================================================
----------------- testing Tue Feb 25 07:11:03 UTC 2020 /home/travis/build/icyphy/ptII/ptolemy/actor/lib/test/auto/PublisherPort8.xml
----------------- Instantiating /home/travis/build/icyphy/ptII/ptolemy/actor/lib/test/auto/PublisherPort8.xml
5 ms. Memory: 634880K Free: 293886K (46%)
----------------- Invoking toplevel() on ptolemy.moml.MoMLSimpleApplication@735a8f53
----------------- Done invoking toplevel() on ptolemy.moml.MoMLSimpleApplication@735a8f53
reloadAllAccessors: .PublisherPort8

===========================================================================================
----------------- testing Tue Feb 25 07:11:03 UTC 2020 /home/travis/build/icyphy/ptII/ptolemy/actor/lib/test/auto/PublisherPortSubscriberChannelVariablesAOC2.xml
----------------- Instantiating /home/travis/build/icyphy/ptII/ptolemy/actor/lib/test/auto/PublisherPortSubscriberChannelVariablesAOC2.xml
2 ms. Memory: 634880K Free: 275454K (43%)
----------------- Invoking toplevel() on ptolemy.moml.MoMLSimpleApplication@4acae25a
----------------- Done invoking toplevel() on ptolemy.moml.MoMLSimpleApplication@4acae25a
reloadAllAccessors: .PublisherPortSubscriberChannelVariablesAOC2

===========================================================================================
----------------- testing Tue Feb 25 07:11:03 UTC 2020 /home/travis/build/icyphy/ptII/ptolemy/actor/lib/test/auto/PublisherPortSubscriberOpaqueWidthInference.xml
----------------- Instantiating /home/travis/build/icyphy/ptII/ptolemy/actor/lib/test/auto/PublisherPortSubscriberOpaqueWidthInference.xml
4 ms. Memory: 634880K Free: 268271K (42%)
----------------- Invoking toplevel() on ptolemy.moml.MoMLSimpleApplication@2ab584ad
----------------- Done invoking toplevel() on ptolemy.moml.MoMLSimpleApplication@2ab584ad
reloadAllAccessors: .PublisherPortSubscriberOpaqueWidthInference

===========================================================================================
----------------- testing Tue Feb 25 07:11:03 UTC 2020 /home/travis/build/icyphy/ptII/ptolemy/actor/lib/test/auto/PublisherPortSubscriberPortAdjacent.xml
----------------- Instantiating /home/travis/build/icyphy/ptII/ptolemy/actor/lib/test/auto/PublisherPortSubscriberPortAdjacent.xml
2 ms. Memory: 634880K Free: 260094K (41%)
----------------- Invoking toplevel() on ptolemy.moml.MoMLSimpleApplication@5b564f83
----------------- Done invoking toplevel() on ptolemy.moml.MoMLSimpleApplication@5b564f83
reloadAllAccessors: .PublisherPortSubscriberPortAdjacent

===========================================================================================
----------------- testing Tue Feb 25 07:11:03 UTC 2020 /home/travis/build/icyphy/ptII/ptolemy/actor/lib/test/auto/PublisherPortSubscriberPortExpression.xml
----------------- Instantiating /home/travis/build/icyphy/ptII/ptolemy/actor/lib/test/auto/PublisherPortSubscriberPortExpression.xml
4 ms. Memory: 634880K Free: 251887K (40%)
----------------- Invoking toplevel() on ptolemy.moml.MoMLSimpleApplication@2b1f882c
----------------- Done invoking toplevel() on ptolemy.moml.MoMLSimpleApplication@2b1f882c
reloadAllAccessors: .PublisherPortSubscriberPortExpression

===========================================================================================
----------------- testing Tue Feb 25 07:11:03 UTC 2020 /home/travis/build/icyphy/ptII/ptolemy/actor/lib/test/auto/PublisherPortSubscriberPortOpaqueD3Reverse.xml
----------------- Instantiating /home/travis/build/icyphy/ptII/ptolemy/actor/lib/test/auto/PublisherPortSubscriberPortOpaqueD3Reverse.xml
6 ms. Memory: 634880K Free: 241662K (38%)
----------------- Invoking toplevel() on ptolemy.moml.MoMLSimpleApplication@67b63b87
----------------- Done invoking toplevel() on ptolemy.moml.MoMLSimpleApplication@67b63b87
reloadAllAccessors: .PublisherPortSubscriberPortOpaqueD3Reverse

===========================================================================================
----------------- testing Tue Feb 25 07:11:03 UTC 2020 /home/travis/build/icyphy/ptII/ptolemy/actor/lib/test/auto/PublisherPortSubscriberPortOpaqueWidthInference.xml
----------------- Instantiating /home/travis/build/icyphy/ptII/ptolemy/actor/lib/test/auto/PublisherPortSubscriberPortOpaqueWidthInference.xml
4 ms. Memory: 634880K Free: 233984K (37%)
----------------- Invoking toplevel() on ptolemy.moml.MoMLSimpleApplication@4acf8337
----------------- Done invoking toplevel() on ptolemy.moml.MoMLSimpleApplication@4acf8337
reloadAllAccessors: .PublisherPortSubscriberPortOpaqueWidthInference

===========================================================================================
----------------- testing Tue Feb 25 07:11:03 UTC 2020 /home/travis/build/icyphy/ptII/ptolemy/actor/lib/test/auto/PublisherPortToplevelSubscriberPortAOC.xml
----------------- Instantiating /home/travis/build/icyphy/ptII/ptolemy/actor/lib/test/auto/PublisherPortToplevelSubscriberPortAOC.xml
.PublisherPortToplevelSubscriberPortAOC.TestExceptionAttribute: initialize() was not invoked, but wrapup() was.  This is unusual, but not always a problem.  For example, exporting JNLP will do this.
1 ms. Memory: 634880K Free: 228350K (36%)
----------------- Invoking toplevel() on ptolemy.moml.MoMLSimpleApplication@311e2728
----------------- Done invoking toplevel() on ptolemy.moml.MoMLSimpleApplication@311e2728
reloadAllAccessors: .PublisherPortToplevelSubscriberPortAOC

===========================================================================================
----------------- testing Tue Feb 25 07:11:03 UTC 2020 /home/travis/build/icyphy/ptII/ptolemy/actor/lib/test/auto/PublisherSubscriber.xml
----------------- Instantiating /home/travis/build/icyphy/ptII/ptolemy/actor/lib/test/auto/PublisherSubscriber.xml
2 ms. Memory: 634880K Free: 221151K (35%)
----------------- Invoking toplevel() on ptolemy.moml.MoMLSimpleApplication@bbdd623
----------------- Done invoking toplevel() on ptolemy.moml.MoMLSimpleApplication@bbdd623
reloadAllAccessors: .PublisherSubscriber

===========================================================================================
----------------- testing Tue Feb 25 07:11:03 UTC 2020 /home/travis/build/icyphy/ptII/ptolemy/actor/lib/test/auto/PublisherSubscriber10.xml
----------------- Instantiating /home/travis/build/icyphy/ptII/ptolemy/actor/lib/test/auto/PublisherSubscriber10.xml
7 ms. Memory: 634880K Free: 211456K (33%)
----------------- Invoking toplevel() on ptolemy.moml.MoMLSimpleApplication@2429c62e
----------------- Done invoking toplevel() on ptolemy.moml.MoMLSimpleApplication@2429c62e
reloadAllAccessors: .PublisherSubscriber10

===========================================================================================
----------------- testing Tue Feb 25 07:11:03 UTC 2020 /home/travis/build/icyphy/ptII/ptolemy/actor/lib/test/auto/PublisherSubscriber10InitialOutputs.xml
----------------- Instantiating /home/travis/build/icyphy/ptII/ptolemy/actor/lib/test/auto/PublisherSubscriber10InitialOutputs.xml
13 ms. Memory: 634880K Free: 573952K (90%)
----------------- Invoking toplevel() on ptolemy.moml.MoMLSimpleApplication@6078058c
----------------- Done invoking toplevel() on ptolemy.moml.MoMLSimpleApplication@6078058c
reloadAllAccessors: .PublisherSubscriber10InitialOutputs

===========================================================================================
----------------- testing Tue Feb 25 07:11:04 UTC 2020 /home/travis/build/icyphy/ptII/ptolemy/actor/lib/test/auto/PublisherSubscriber11.xml
----------------- Instantiating /home/travis/build/icyphy/ptII/ptolemy/actor/lib/test/auto/PublisherSubscriber11.xml
3 ms. Memory: 634880K Free: 567808K (89%)
----------------- Invoking toplevel() on ptolemy.moml.MoMLSimpleApplication@23ed91fd
----------------- Done invoking toplevel() on ptolemy.moml.MoMLSimpleApplication@23ed91fd
reloadAllAccessors: .PublisherSubscriber11

===========================================================================================
----------------- testing Tue Feb 25 07:11:04 UTC 2020 /home/travis/build/icyphy/ptII/ptolemy/actor/lib/test/auto/PublisherSubscriber12.xml
----------------- Instantiating /home/travis/build/icyphy/ptII/ptolemy/actor/lib/test/auto/PublisherSubscriber12.xml
5 ms. Memory: 634880K Free: 560640K (88%)
----------------- Invoking toplevel() on ptolemy.moml.MoMLSimpleApplication@2d840ea2
----------------- Done invoking toplevel() on ptolemy.moml.MoMLSimpleApplication@2d840ea2
reloadAllAccessors: .PublisherSubscriber12

===========================================================================================
----------------- testing Tue Feb 25 07:11:04 UTC 2020 /home/travis/build/icyphy/ptII/ptolemy/actor/lib/test/auto/PublisherSubscriber13.xml
----------------- Instantiating /home/travis/build/icyphy/ptII/ptolemy/actor/lib/test/auto/PublisherSubscriber13.xml
2 ms. Memory: 634880K Free: 554975K (87%)
----------------- Invoking toplevel() on ptolemy.moml.MoMLSimpleApplication@54c911de
----------------- Done invoking toplevel() on ptolemy.moml.MoMLSimpleApplication@54c911de
reloadAllAccessors: .PublisherSubscriber13

===========================================================================================
----------------- testing Tue Feb 25 07:11:04 UTC 2020 /home/travis/build/icyphy/ptII/ptolemy/actor/lib/test/auto/PublisherSubscriber14.xml
----------------- Instantiating /home/travis/build/icyphy/ptII/ptolemy/actor/lib/test/auto/PublisherSubscriber14.xml
5 ms. Memory: 634880K Free: 546304K (86%)
----------------- Invoking toplevel() on ptolemy.moml.MoMLSimpleApplication@5bcd5069
----------------- Done invoking toplevel() on ptolemy.moml.MoMLSimpleApplication@5bcd5069
reloadAllAccessors: .PublisherSubscriber14

===========================================================================================
----------------- testing Tue Feb 25 07:11:04 UTC 2020 /home/travis/build/icyphy/ptII/ptolemy/actor/lib/test/auto/PublisherSubscriber2.xml
----------------- Instantiating /home/travis/build/icyphy/ptII/ptolemy/actor/lib/test/auto/PublisherSubscriber2.xml
3 ms. Memory: 634880K Free: 540670K (85%)
----------------- Invoking toplevel() on ptolemy.moml.MoMLSimpleApplication@2fdac6c4
----------------- Done invoking toplevel() on ptolemy.moml.MoMLSimpleApplication@2fdac6c4
reloadAllAccessors: .PublisherSubscriber2

===========================================================================================
----------------- testing Tue Feb 25 07:11:04 UTC 2020 /home/travis/build/icyphy/ptII/ptolemy/actor/lib/test/auto/PublisherSubscriber3.xml
----------------- Instantiating /home/travis/build/icyphy/ptII/ptolemy/actor/lib/test/auto/PublisherSubscriber3.xml
2 ms. Memory: 634880K Free: 535040K (84%)
----------------- Invoking toplevel() on ptolemy.moml.MoMLSimpleApplication@6eef323b
----------------- Done invoking toplevel() on ptolemy.moml.MoMLSimpleApplication@6eef323b
reloadAllAccessors: .PublisherSubscriber3

===========================================================================================
----------------- testing Tue Feb 25 07:11:04 UTC 2020 /home/travis/build/icyphy/ptII/ptolemy/actor/lib/test/auto/PublisherSubscriber4.xml
----------------- Instantiating /home/travis/build/icyphy/ptII/ptolemy/actor/lib/test/auto/PublisherSubscriber4.xml
1 ms. Memory: 634880K Free: 529920K (83%)
----------------- Invoking toplevel() on ptolemy.moml.MoMLSimpleApplication@5b541fed
----------------- Done invoking toplevel() on ptolemy.moml.MoMLSimpleApplication@5b541fed
reloadAllAccessors: .PublisherSubscriber4

===========================================================================================
----------------- testing Tue Feb 25 07:11:04 UTC 2020 /home/travis/build/icyphy/ptII/ptolemy/actor/lib/test/auto/PublisherSubscriber5.xml
----------------- Instantiating /home/travis/build/icyphy/ptII/ptolemy/actor/lib/test/auto/PublisherSubscriber5.xml
2 ms. Memory: 634880K Free: 523262K (82%)
----------------- Invoking toplevel() on ptolemy.moml.MoMLSimpleApplication@142ed892
----------------- Done invoking toplevel() on ptolemy.moml.MoMLSimpleApplication@142ed892
reloadAllAccessors: .PublisherSubscriber5

===========================================================================================
----------------- testing Tue Feb 25 07:11:04 UTC 2020 /home/travis/build/icyphy/ptII/ptolemy/actor/lib/test/auto/PublisherSubscriber6.xml
----------------- Instantiating /home/travis/build/icyphy/ptII/ptolemy/actor/lib/test/auto/PublisherSubscriber6.xml
4 ms. Memory: 634880K Free: 516608K (81%)
----------------- Invoking toplevel() on ptolemy.moml.MoMLSimpleApplication@b684e78
----------------- Done invoking toplevel() on ptolemy.moml.MoMLSimpleApplication@b684e78
reloadAllAccessors: .PublisherSubscriber6

===========================================================================================
----------------- testing Tue Feb 25 07:11:04 UTC 2020 /home/travis/build/icyphy/ptII/ptolemy/actor/lib/test/auto/PublisherSubscriber7.xml
----------------- Instantiating /home/travis/build/icyphy/ptII/ptolemy/actor/lib/test/auto/PublisherSubscriber7.xml
7 ms. Memory: 634880K Free: 509950K (80%)
----------------- Invoking toplevel() on ptolemy.moml.MoMLSimpleApplication@11b7bc7
----------------- Done invoking toplevel() on ptolemy.moml.MoMLSimpleApplication@11b7bc7
reloadAllAccessors: .PublisherSubscriber7

===========================================================================================
----------------- testing Tue Feb 25 07:11:04 UTC 2020 /home/travis/build/icyphy/ptII/ptolemy/actor/lib/test/auto/PublisherSubscriber8.xml
----------------- Instantiating /home/travis/build/icyphy/ptII/ptolemy/actor/lib/test/auto/PublisherSubscriber8.xml
11 ms. Memory: 634880K Free: 498176K (78%)
----------------- Invoking toplevel() on ptolemy.moml.MoMLSimpleApplication@6eaad172
----------------- Done invoking toplevel() on ptolemy.moml.MoMLSimpleApplication@6eaad172
reloadAllAccessors: .PublisherSubscriber8

===========================================================================================
----------------- testing Tue Feb 25 07:11:04 UTC 2020 /home/travis/build/icyphy/ptII/ptolemy/actor/lib/test/auto/PublisherSubscriber9.xml
----------------- Instantiating /home/travis/build/icyphy/ptII/ptolemy/actor/lib/test/auto/PublisherSubscriber9.xml
2 ms. Memory: 634880K Free: 491008K (77%)
----------------- Invoking toplevel() on ptolemy.moml.MoMLSimpleApplication@4bb45db9
----------------- Done invoking toplevel() on ptolemy.moml.MoMLSimpleApplication@4bb45db9
reloadAllAccessors: .PublisherSubscriber9

===========================================================================================
----------------- testing Tue Feb 25 07:11:04 UTC 2020 /home/travis/build/icyphy/ptII/ptolemy/actor/lib/test/auto/PublisherSubscriberAdjacent.xml
----------------- Instantiating /home/travis/build/icyphy/ptII/ptolemy/actor/lib/test/auto/PublisherSubscriberAdjacent.xml
2 ms. Memory: 634880K Free: 482816K (76%)
----------------- Invoking toplevel() on ptolemy.moml.MoMLSimpleApplication@53888480
----------------- Done invoking toplevel() on ptolemy.moml.MoMLSimpleApplication@53888480
reloadAllAccessors: .PublisherSubscriberAdjacent

===========================================================================================
----------------- testing Tue Feb 25 07:11:04 UTC 2020 /home/travis/build/icyphy/ptII/ptolemy/actor/lib/test/auto/PublisherSubscriberChannelVariablesAOC2.xml
----------------- Instantiating /home/travis/build/icyphy/ptII/ptolemy/actor/lib/test/auto/PublisherSubscriberChannelVariablesAOC2.xml
2 ms. Memory: 634880K Free: 467951K (74%)
----------------- Invoking toplevel() on ptolemy.moml.MoMLSimpleApplication@5d32768b
----------------- Done invoking toplevel() on ptolemy.moml.MoMLSimpleApplication@5d32768b
reloadAllAccessors: .PublisherSubscriberChannelVariablesAOC2

===========================================================================================
----------------- testing Tue Feb 25 07:11:04 UTC 2020 /home/travis/build/icyphy/ptII/ptolemy/actor/lib/test/auto/PublisherSubscriberD3.xml
----------------- Instantiating /home/travis/build/icyphy/ptII/ptolemy/actor/lib/test/auto/PublisherSubscriberD3.xml
1 ms. Memory: 634880K Free: 461312K (73%)
----------------- Invoking toplevel() on ptolemy.moml.MoMLSimpleApplication@677d17ec
----------------- Done invoking toplevel() on ptolemy.moml.MoMLSimpleApplication@677d17ec
reloadAllAccessors: .PublisherSubscriberD3

===========================================================================================
----------------- testing Tue Feb 25 07:11:04 UTC 2020 /home/travis/build/icyphy/ptII/ptolemy/actor/lib/test/auto/PublisherSubscriberD3Reverse.xml
----------------- Instantiating /home/travis/build/icyphy/ptII/ptolemy/actor/lib/test/auto/PublisherSubscriberD3Reverse.xml
1 ms. Memory: 634880K Free: 455168K (72%)
----------------- Invoking toplevel() on ptolemy.moml.MoMLSimpleApplication@3f22de12
----------------- Done invoking toplevel() on ptolemy.moml.MoMLSimpleApplication@3f22de12
reloadAllAccessors: .PublisherSubscriberD3Reverse

===========================================================================================
----------------- testing Tue Feb 25 07:11:04 UTC 2020 /home/travis/build/icyphy/ptII/ptolemy/actor/lib/test/auto/PublisherSubscriberExpression.xml
----------------- Instantiating /home/travis/build/icyphy/ptII/ptolemy/actor/lib/test/auto/PublisherSubscriberExpression.xml
6 ms. Memory: 634880K Free: 446447K (70%)
----------------- Invoking toplevel() on ptolemy.moml.MoMLSimpleApplication@ec7b1da
----------------- Done invoking toplevel() on ptolemy.moml.MoMLSimpleApplication@ec7b1da
reloadAllAccessors: .PublisherSubscriberExpression

===========================================================================================
----------------- testing Tue Feb 25 07:11:04 UTC 2020 /home/travis/build/icyphy/ptII/ptolemy/actor/lib/test/auto/PublisherSubscriberOpaque.xml
----------------- Instantiating /home/travis/build/icyphy/ptII/ptolemy/actor/lib/test/auto/PublisherSubscriberOpaque.xml
5 ms. Memory: 634880K Free: 438270K (69%)
----------------- Invoking toplevel() on ptolemy.moml.MoMLSimpleApplication@35df6404
----------------- Done invoking toplevel() on ptolemy.moml.MoMLSimpleApplication@35df6404
reloadAllAccessors: .PublisherSubscriberOpaque

===========================================================================================
----------------- testing Tue Feb 25 07:11:04 UTC 2020 /home/travis/build/icyphy/ptII/ptolemy/actor/lib/test/auto/PublisherSubscriberOpaqueD3.xml
----------------- Instantiating /home/travis/build/icyphy/ptII/ptolemy/actor/lib/test/auto/PublisherSubscriberOpaqueD3.xml
5 ms. Memory: 634880K Free: 427006K (67%)
----------------- Invoking toplevel() on ptolemy.moml.MoMLSimpleApplication@7613bf8c
----------------- Done invoking toplevel() on ptolemy.moml.MoMLSimpleApplication@7613bf8c
reloadAllAccessors: .PublisherSubscriberOpaqueD3

===========================================================================================
----------------- testing Tue Feb 25 07:11:04 UTC 2020 /home/travis/build/icyphy/ptII/ptolemy/actor/lib/test/auto/PublisherSubscriberOpaqueD3Reverse.xml
----------------- Instantiating /home/travis/build/icyphy/ptII/ptolemy/actor/lib/test/auto/PublisherSubscriberOpaqueD3Reverse.xml
8 ms. Memory: 634880K Free: 416256K (66%)
----------------- Invoking toplevel() on ptolemy.moml.MoMLSimpleApplication@5538b647
----------------- Done invoking toplevel() on ptolemy.moml.MoMLSimpleApplication@5538b647
reloadAllAccessors: .PublisherSubscriberOpaqueD3Reverse

===========================================================================================
----------------- testing Tue Feb 25 07:11:04 UTC 2020 /home/travis/build/icyphy/ptII/ptolemy/actor/lib/test/auto/PublisherSubscriberOpaqueWidthInference.xml
----------------- Instantiating /home/travis/build/icyphy/ptII/ptolemy/actor/lib/test/auto/PublisherSubscriberOpaqueWidthInference.xml
3 ms. Memory: 634880K Free: 408064K (64%)
----------------- Invoking toplevel() on ptolemy.moml.MoMLSimpleApplication@6ba15039
----------------- Done invoking toplevel() on ptolemy.moml.MoMLSimpleApplication@6ba15039
reloadAllAccessors: .PublisherSubscriberOpaqueWidthInference

===========================================================================================
----------------- testing Tue Feb 25 07:11:04 UTC 2020 /home/travis/build/icyphy/ptII/ptolemy/actor/lib/test/auto/PublisherTestSubscriber.xml
----------------- Instantiating /home/travis/build/icyphy/ptII/ptolemy/actor/lib/test/auto/PublisherTestSubscriber.xml
2 ms. Memory: 634880K Free: 400375K (63%)
----------------- Invoking toplevel() on ptolemy.moml.MoMLSimpleApplication@3791fdb2
----------------- Done invoking toplevel() on ptolemy.moml.MoMLSimpleApplication@3791fdb2
reloadAllAccessors: .PublisherTestSubscriber

===========================================================================================
----------------- testing Tue Feb 25 07:11:04 UTC 2020 /home/travis/build/icyphy/ptII/ptolemy/actor/lib/test/auto/PublisherToplevelSubscriberPortAOC.xml
----------------- Instantiating /home/travis/build/icyphy/ptII/ptolemy/actor/lib/test/auto/PublisherToplevelSubscriberPortAOC.xml
2 ms. Memory: 634880K Free: 394231K (62%)
----------------- Invoking toplevel() on ptolemy.moml.MoMLSimpleApplication@6269172c
----------------- Done invoking toplevel() on ptolemy.moml.MoMLSimpleApplication@6269172c
reloadAllAccessors: .PublisherToplevelSubscriberPortAOC

===========================================================================================
----------------- testing Tue Feb 25 07:11:04 UTC 2020 /home/travis/build/icyphy/ptII/ptolemy/actor/lib/test/auto/PulseFiringLimitDE.xml
----------------- Instantiating /home/travis/build/icyphy/ptII/ptolemy/actor/lib/test/auto/PulseFiringLimitDE.xml
2 ms. Memory: 634880K Free: 388094K (61%)
----------------- Invoking toplevel() on ptolemy.moml.MoMLSimpleApplication@211584a3
----------------- Done invoking toplevel() on ptolemy.moml.MoMLSimpleApplication@211584a3
reloadAllAccessors: .PulseFiringLimitDE

===========================================================================================
----------------- testing Tue Feb 25 07:11:04 UTC 2020 /home/travis/build/icyphy/ptII/ptolemy/actor/lib/test/auto/Ramp1.xml
----------------- Instantiating /home/travis/build/icyphy/ptII/ptolemy/actor/lib/test/auto/Ramp1.xml
2 ms. Memory: 634880K Free: 383991K (60%)
----------------- Invoking toplevel() on ptolemy.moml.MoMLSimpleApplication@6388e4ac
----------------- Done invoking toplevel() on ptolemy.moml.MoMLSimpleApplication@6388e4ac
reloadAllAccessors: .Ramp1

===========================================================================================
----------------- testing Tue Feb 25 07:11:04 UTC 2020 /home/travis/build/icyphy/ptII/ptolemy/actor/lib/test/auto/RampFiringLimitDE.xml
----------------- Instantiating /home/travis/build/icyphy/ptII/ptolemy/actor/lib/test/auto/RampFiringLimitDE.xml
3 ms. Memory: 634880K Free: 377839K (60%)
----------------- Invoking toplevel() on ptolemy.moml.MoMLSimpleApplication@5ccba4f0
----------------- Done invoking toplevel() on ptolemy.moml.MoMLSimpleApplication@5ccba4f0
reloadAllAccessors: .RampFiringLimitDE

===========================================================================================
----------------- testing Tue Feb 25 07:11:04 UTC 2020 /home/travis/build/icyphy/ptII/ptolemy/actor/lib/test/auto/RampFiringLimitSDF.xml
----------------- Instantiating /home/travis/build/icyphy/ptII/ptolemy/actor/lib/test/auto/RampFiringLimitSDF.xml
2 ms. Memory: 634880K Free: 372703K (59%)
----------------- Invoking toplevel() on ptolemy.moml.MoMLSimpleApplication@469b5dcb
----------------- Done invoking toplevel() on ptolemy.moml.MoMLSimpleApplication@469b5dcb
reloadAllAccessors: .RampFiringLimitSDF

===========================================================================================
----------------- testing Tue Feb 25 07:11:04 UTC 2020 /home/travis/build/icyphy/ptII/ptolemy/actor/lib/test/auto/RandomInteger.xml
----------------- Instantiating /home/travis/build/icyphy/ptII/ptolemy/actor/lib/test/auto/RandomInteger.xml
1 ms. Memory: 634880K Free: 368638K (58%)
----------------- Invoking toplevel() on ptolemy.moml.MoMLSimpleApplication@336c362f
----------------- Done invoking toplevel() on ptolemy.moml.MoMLSimpleApplication@336c362f
reloadAllAccessors: .RandomInteger

===========================================================================================
----------------- testing Tue Feb 25 07:11:04 UTC 2020 /home/travis/build/icyphy/ptII/ptolemy/actor/lib/test/auto/ReadFile1.xml
----------------- Instantiating /home/travis/build/icyphy/ptII/ptolemy/actor/lib/test/auto/ReadFile1.xml
2 ms. Memory: 634880K Free: 364032K (57%)
----------------- Invoking toplevel() on ptolemy.moml.MoMLSimpleApplication@e3b5c2b
----------------- Done invoking toplevel() on ptolemy.moml.MoMLSimpleApplication@e3b5c2b
reloadAllAccessors: .ReadFile1

===========================================================================================
----------------- testing Tue Feb 25 07:11:04 UTC 2020 /home/travis/build/icyphy/ptII/ptolemy/actor/lib/test/auto/ReadFile2.xml
----------------- Instantiating /home/travis/build/icyphy/ptII/ptolemy/actor/lib/test/auto/ReadFile2.xml
1 ms. Memory: 634880K Free: 359936K (57%)
----------------- Invoking toplevel() on ptolemy.moml.MoMLSimpleApplication@7684fd9e
----------------- Done invoking toplevel() on ptolemy.moml.MoMLSimpleApplication@7684fd9e
reloadAllAccessors: .ReadFile2

===========================================================================================
----------------- testing Tue Feb 25 07:11:04 UTC 2020 /home/travis/build/icyphy/ptII/ptolemy/actor/lib/test/auto/Reader.xml
----------------- Instantiating /home/travis/build/icyphy/ptII/ptolemy/actor/lib/test/auto/Reader.xml
actor.lib.Reader is obsolete, use actor.lib.io.ExpressionReader instead
2 ms. Memory: 634880K Free: 355840K (56%)
----------------- Invoking toplevel() on ptolemy.moml.MoMLSimpleApplication@70f91f65
----------------- Done invoking toplevel() on ptolemy.moml.MoMLSimpleApplication@70f91f65
reloadAllAccessors: .Reader

===========================================================================================
----------------- testing Tue Feb 25 07:11:04 UTC 2020 /home/travis/build/icyphy/ptII/ptolemy/actor/lib/test/auto/RecordAssemblerDisplayNameTest.xml
----------------- Instantiating /home/travis/build/icyphy/ptII/ptolemy/actor/lib/test/auto/RecordAssemblerDisplayNameTest.xml
3409 ms. Memory: 634880K Free: 258048K (41%)
----------------- Invoking toplevel() on ptolemy.moml.MoMLSimpleApplication@7c643c4b
----------------- Done invoking toplevel() on ptolemy.moml.MoMLSimpleApplication@7c643c4b
reloadAllAccessors: .RecordAssemblerDisplayNameTest

===========================================================================================
----------------- testing Tue Feb 25 07:11:08 UTC 2020 /home/travis/build/icyphy/ptII/ptolemy/actor/lib/test/auto/RecordAssemblerTypeError.xml
----------------- Instantiating /home/travis/build/icyphy/ptII/ptolemy/actor/lib/test/auto/RecordAssemblerTypeError.xml
18 ms. Memory: 634880K Free: 248318K (39%)
----------------- Invoking toplevel() on ptolemy.moml.MoMLSimpleApplication@3e3c78b2
----------------- Done invoking toplevel() on ptolemy.moml.MoMLSimpleApplication@3e3c78b2
reloadAllAccessors: .RecordAssemblerTypeError

===========================================================================================
----------------- testing Tue Feb 25 07:11:08 UTC 2020 /home/travis/build/icyphy/ptII/ptolemy/actor/lib/test/auto/RecordDisassember.xml
----------------- Instantiating /home/travis/build/icyphy/ptII/ptolemy/actor/lib/test/auto/RecordDisassember.xml
3 ms. Memory: 634880K Free: 243712K (38%)
----------------- Invoking toplevel() on ptolemy.moml.MoMLSimpleApplication@4d65ee3d
----------------- Done invoking toplevel() on ptolemy.moml.MoMLSimpleApplication@4d65ee3d
reloadAllAccessors: .RecordDisassember

===========================================================================================
----------------- testing Tue Feb 25 07:11:08 UTC 2020 /home/travis/build/icyphy/ptII/ptolemy/actor/lib/test/auto/RecordDisassemberDisplayNameTest.xml
----------------- Instantiating /home/travis/build/icyphy/ptII/ptolemy/actor/lib/test/auto/RecordDisassemberDisplayNameTest.xml
5 ms. Memory: 634880K Free: 236030K (37%)
----------------- Invoking toplevel() on ptolemy.moml.MoMLSimpleApplication@50ece1d6
----------------- Done invoking toplevel() on ptolemy.moml.MoMLSimpleApplication@50ece1d6
reloadAllAccessors: .RecordDisassemberDisplayNameTest

===========================================================================================
----------------- testing Tue Feb 25 07:11:08 UTC 2020 /home/travis/build/icyphy/ptII/ptolemy/actor/lib/test/auto/RecordDisassembler.xml
----------------- Instantiating /home/travis/build/icyphy/ptII/ptolemy/actor/lib/test/auto/RecordDisassembler.xml
2 ms. Memory: 634880K Free: 230903K (36%)
----------------- Invoking toplevel() on ptolemy.moml.MoMLSimpleApplication@721c425b
----------------- Done invoking toplevel() on ptolemy.moml.MoMLSimpleApplication@721c425b
reloadAllAccessors: .RecordDisassembler

===========================================================================================
----------------- testing Tue Feb 25 07:11:08 UTC 2020 /home/travis/build/icyphy/ptII/ptolemy/actor/lib/test/auto/RecordDisassembler2.xml
----------------- Instantiating /home/travis/build/icyphy/ptII/ptolemy/actor/lib/test/auto/RecordDisassembler2.xml
3 ms. Memory: 634880K Free: 225759K (36%)
----------------- Invoking toplevel() on ptolemy.moml.MoMLSimpleApplication@1b9d63d6
----------------- Done invoking toplevel() on ptolemy.moml.MoMLSimpleApplication@1b9d63d6
reloadAllAccessors: .RecordDisassembler2

===========================================================================================
----------------- testing Tue Feb 25 07:11:08 UTC 2020 /home/travis/build/icyphy/ptII/ptolemy/actor/lib/test/auto/RecordUpdater.xml
----------------- Instantiating /home/travis/build/icyphy/ptII/ptolemy/actor/lib/test/auto/RecordUpdater.xml
2 ms. Memory: 634880K Free: 221184K (35%)
----------------- Invoking toplevel() on ptolemy.moml.MoMLSimpleApplication@67224667
----------------- Done invoking toplevel() on ptolemy.moml.MoMLSimpleApplication@67224667
reloadAllAccessors: .RecordUpdater

===========================================================================================
----------------- testing Tue Feb 25 07:11:08 UTC 2020 /home/travis/build/icyphy/ptII/ptolemy/actor/lib/test/auto/RecordUpdater2.xml
----------------- Instantiating /home/travis/build/icyphy/ptII/ptolemy/actor/lib/test/auto/RecordUpdater2.xml
2 ms. Memory: 634880K Free: 216574K (34%)
----------------- Invoking toplevel() on ptolemy.moml.MoMLSimpleApplication@2914195e
----------------- Done invoking toplevel() on ptolemy.moml.MoMLSimpleApplication@2914195e
reloadAllAccessors: .RecordUpdater2

===========================================================================================
----------------- testing Tue Feb 25 07:11:08 UTC 2020 /home/travis/build/icyphy/ptII/ptolemy/actor/lib/test/auto/RecursiveLattice.xml
----------------- Instantiating /home/travis/build/icyphy/ptII/ptolemy/actor/lib/test/auto/RecursiveLattice.xml
1 ms. Memory: 634880K Free: 212447K (33%)
----------------- Invoking toplevel() on ptolemy.moml.MoMLSimpleApplication@63d06154
----------------- Done invoking toplevel() on ptolemy.moml.MoMLSimpleApplication@63d06154
reloadAllAccessors: .RecursiveLattice

===========================================================================================
----------------- testing Tue Feb 25 07:11:08 UTC 2020 /home/travis/build/icyphy/ptII/ptolemy/actor/lib/test/auto/Router.xml
----------------- Instantiating /home/travis/build/icyphy/ptII/ptolemy/actor/lib/test/auto/Router.xml
3004 ms. Memory: 634880K Free: 571904K (90%)
----------------- Invoking toplevel() on ptolemy.moml.MoMLSimpleApplication@168c801f
----------------- Done invoking toplevel() on ptolemy.moml.MoMLSimpleApplication@168c801f
reloadAllAccessors: .Router

===========================================================================================
----------------- testing Tue Feb 25 07:11:11 UTC 2020 /home/travis/build/icyphy/ptII/ptolemy/actor/lib/test/auto/Router2.xml
----------------- Instantiating /home/travis/build/icyphy/ptII/ptolemy/actor/lib/test/auto/Router2.xml
3004 ms. Memory: 634880K Free: 560640K (88%)
----------------- Invoking toplevel() on ptolemy.moml.MoMLSimpleApplication@26a992ab
----------------- Done invoking toplevel() on ptolemy.moml.MoMLSimpleApplication@26a992ab
reloadAllAccessors: .Router2

===========================================================================================
----------------- testing Tue Feb 25 07:11:14 UTC 2020 /home/travis/build/icyphy/ptII/ptolemy/actor/lib/test/auto/RunningMaximum.xml
----------------- Instantiating /home/travis/build/icyphy/ptII/ptolemy/actor/lib/test/auto/RunningMaximum.xml
2 ms. Memory: 634880K Free: 556030K (88%)
----------------- Invoking toplevel() on ptolemy.moml.MoMLSimpleApplication@723910c6
----------------- Done invoking toplevel() on ptolemy.moml.MoMLSimpleApplication@723910c6
reloadAllAccessors: .RunningMaximum

===========================================================================================
----------------- testing Tue Feb 25 07:11:14 UTC 2020 /home/travis/build/icyphy/ptII/ptolemy/actor/lib/test/auto/RunningMinimum.xml
----------------- Instantiating /home/travis/build/icyphy/ptII/ptolemy/actor/lib/test/auto/RunningMinimum.xml
10 ms. Memory: 634880K Free: 551424K (87%)
----------------- Invoking toplevel() on ptolemy.moml.MoMLSimpleApplication@1c20adef
----------------- Done invoking toplevel() on ptolemy.moml.MoMLSimpleApplication@1c20adef
reloadAllAccessors: .RunningMinimum

===========================================================================================
----------------- testing Tue Feb 25 07:11:14 UTC 2020 /home/travis/build/icyphy/ptII/ptolemy/actor/lib/test/auto/Scale.xml
----------------- Instantiating /home/travis/build/icyphy/ptII/ptolemy/actor/lib/test/auto/Scale.xml
1 ms. Memory: 634880K Free: 546814K (86%)
----------------- Invoking toplevel() on ptolemy.moml.MoMLSimpleApplication@7a234d84
----------------- Done invoking toplevel() on ptolemy.moml.MoMLSimpleApplication@7a234d84
reloadAllAccessors: .Scale

===========================================================================================
----------------- testing Tue Feb 25 07:11:14 UTC 2020 /home/travis/build/icyphy/ptII/ptolemy/actor/lib/test/auto/Scale2.xml
----------------- Instantiating /home/travis/build/icyphy/ptII/ptolemy/actor/lib/test/auto/Scale2.xml
2 ms. Memory: 634880K Free: 541184K (85%)
----------------- Invoking toplevel() on ptolemy.moml.MoMLSimpleApplication@6cf2f8e4
----------------- Done invoking toplevel() on ptolemy.moml.MoMLSimpleApplication@6cf2f8e4
reloadAllAccessors: .Scale2

===========================================================================================
----------------- testing Tue Feb 25 07:11:14 UTC 2020 /home/travis/build/icyphy/ptII/ptolemy/actor/lib/test/auto/Scale3.xml
----------------- Instantiating /home/travis/build/icyphy/ptII/ptolemy/actor/lib/test/auto/Scale3.xml
9 ms. Memory: 634880K Free: 535040K (84%)
----------------- Invoking toplevel() on ptolemy.moml.MoMLSimpleApplication@d4b1d4
----------------- Done invoking toplevel() on ptolemy.moml.MoMLSimpleApplication@d4b1d4
reloadAllAccessors: .Scale3

===========================================================================================
----------------- testing Tue Feb 25 07:11:14 UTC 2020 /home/travis/build/icyphy/ptII/ptolemy/actor/lib/test/auto/ScaleArray.xml
----------------- Instantiating /home/travis/build/icyphy/ptII/ptolemy/actor/lib/test/auto/ScaleArray.xml
2 ms. Memory: 634880K Free: 530430K (84%)
----------------- Invoking toplevel() on ptolemy.moml.MoMLSimpleApplication@5e651947
----------------- Done invoking toplevel() on ptolemy.moml.MoMLSimpleApplication@5e651947
reloadAllAccessors: .ScaleArray

===========================================================================================
----------------- testing Tue Feb 25 07:11:14 UTC 2020 /home/travis/build/icyphy/ptII/ptolemy/actor/lib/test/auto/ScaleArray2.xml
----------------- Instantiating /home/travis/build/icyphy/ptII/ptolemy/actor/lib/test/auto/ScaleArray2.xml
2 ms. Memory: 634880K Free: 525824K (83%)
----------------- Invoking toplevel() on ptolemy.moml.MoMLSimpleApplication@4a2454ed
----------------- Done invoking toplevel() on ptolemy.moml.MoMLSimpleApplication@4a2454ed
reloadAllAccessors: .ScaleArray2

===========================================================================================
----------------- testing Tue Feb 25 07:11:14 UTC 2020 /home/travis/build/icyphy/ptII/ptolemy/actor/lib/test/auto/ScaleMatrix.xml
----------------- Instantiating /home/travis/build/icyphy/ptII/ptolemy/actor/lib/test/auto/ScaleMatrix.xml
150 ms. Memory: 634880K Free: 509950K (80%)
----------------- Invoking toplevel() on ptolemy.moml.MoMLSimpleApplication@53cf0441
----------------- Done invoking toplevel() on ptolemy.moml.MoMLSimpleApplication@53cf0441
reloadAllAccessors: .ScaleMatrix

===========================================================================================
----------------- testing Tue Feb 25 07:11:14 UTC 2020 /home/travis/build/icyphy/ptII/ptolemy/actor/lib/test/auto/Select.xml
----------------- Instantiating /home/travis/build/icyphy/ptII/ptolemy/actor/lib/test/auto/Select.xml
2 ms. Memory: 634880K Free: 503791K (79%)
----------------- Invoking toplevel() on ptolemy.moml.MoMLSimpleApplication@1a33060d
----------------- Done invoking toplevel() on ptolemy.moml.MoMLSimpleApplication@1a33060d
reloadAllAccessors: .Select

===========================================================================================
----------------- testing Tue Feb 25 07:11:14 UTC 2020 /home/travis/build/icyphy/ptII/ptolemy/actor/lib/test/auto/Select2.xml
----------------- Instantiating /home/travis/build/icyphy/ptII/ptolemy/actor/lib/test/auto/Select2.xml
1 ms. Memory: 634880K Free: 499200K (79%)
----------------- Invoking toplevel() on ptolemy.moml.MoMLSimpleApplication@3f5bf12e
----------------- Done invoking toplevel() on ptolemy.moml.MoMLSimpleApplication@3f5bf12e
reloadAllAccessors: .Select2

===========================================================================================
----------------- testing Tue Feb 25 07:11:14 UTC 2020 /home/travis/build/icyphy/ptII/ptolemy/actor/lib/test/auto/SequenceToArray2.xml
----------------- Instantiating /home/travis/build/icyphy/ptII/ptolemy/actor/lib/test/auto/SequenceToArray2.xml
121 ms. Memory: 634880K Free: 474624K (75%)
----------------- Invoking toplevel() on ptolemy.moml.MoMLSimpleApplication@5bb2024e
----------------- Done invoking toplevel() on ptolemy.moml.MoMLSimpleApplication@5bb2024e
reloadAllAccessors: .SequenceToArray2

===========================================================================================
----------------- testing Tue Feb 25 07:11:14 UTC 2020 /home/travis/build/icyphy/ptII/ptolemy/actor/lib/test/auto/SequentialClock.xml
----------------- Instantiating /home/travis/build/icyphy/ptII/ptolemy/actor/lib/test/auto/SequentialClock.xml
1 ms. Memory: 634880K Free: 470528K (74%)
----------------- Invoking toplevel() on ptolemy.moml.MoMLSimpleApplication@3e95e795
----------------- Done invoking toplevel() on ptolemy.moml.MoMLSimpleApplication@3e95e795
reloadAllAccessors: .SequentialClock

===========================================================================================
----------------- testing Tue Feb 25 07:11:14 UTC 2020 /home/travis/build/icyphy/ptII/ptolemy/actor/lib/test/auto/SetVariable.xml
----------------- Instantiating /home/travis/build/icyphy/ptII/ptolemy/actor/lib/test/auto/SetVariable.xml
4 ms. Memory: 634880K Free: 465918K (73%)
----------------- Invoking toplevel() on ptolemy.moml.MoMLSimpleApplication@7aaedc23
----------------- Done invoking toplevel() on ptolemy.moml.MoMLSimpleApplication@7aaedc23
reloadAllAccessors: .SetVariable

===========================================================================================
----------------- testing Tue Feb 25 07:11:14 UTC 2020 /home/travis/build/icyphy/ptII/ptolemy/actor/lib/test/auto/SetVariable2.xml
----------------- Instantiating /home/travis/build/icyphy/ptII/ptolemy/actor/lib/test/auto/SetVariable2.xml
2 ms. Memory: 634880K Free: 460798K (73%)
----------------- Invoking toplevel() on ptolemy.moml.MoMLSimpleApplication@614d4f59
----------------- Done invoking toplevel() on ptolemy.moml.MoMLSimpleApplication@614d4f59
reloadAllAccessors: .SetVariable2

===========================================================================================
----------------- testing Tue Feb 25 07:11:14 UTC 2020 /home/travis/build/icyphy/ptII/ptolemy/actor/lib/test/auto/SetVariable3.xml
----------------- Instantiating /home/travis/build/icyphy/ptII/ptolemy/actor/lib/test/auto/SetVariable3.xml
10 ms. Memory: 634880K Free: 455678K (72%)
----------------- Invoking toplevel() on ptolemy.moml.MoMLSimpleApplication@4f9256b0
----------------- Done invoking toplevel() on ptolemy.moml.MoMLSimpleApplication@4f9256b0
reloadAllAccessors: .SetVariable3

===========================================================================================
----------------- testing Tue Feb 25 07:11:14 UTC 2020 /home/travis/build/icyphy/ptII/ptolemy/actor/lib/test/auto/SetVariable4.xml
----------------- Instantiating /home/travis/build/icyphy/ptII/ptolemy/actor/lib/test/auto/SetVariable4.xml
21 ms. Memory: 634880K Free: 445950K (70%)
----------------- Invoking toplevel() on ptolemy.moml.MoMLSimpleApplication@663de821
----------------- Done invoking toplevel() on ptolemy.moml.MoMLSimpleApplication@663de821
reloadAllAccessors: .SetVariable4

===========================================================================================
----------------- testing Tue Feb 25 07:11:14 UTC 2020 /home/travis/build/icyphy/ptII/ptolemy/actor/lib/test/auto/SetVariable5.xml
----------------- Instantiating /home/travis/build/icyphy/ptII/ptolemy/actor/lib/test/auto/SetVariable5.xml
19 ms. Memory: 634880K Free: 436736K (69%)
----------------- Invoking toplevel() on ptolemy.moml.MoMLSimpleApplication@b4c5c2d
----------------- Done invoking toplevel() on ptolemy.moml.MoMLSimpleApplication@b4c5c2d
reloadAllAccessors: .SetVariable5

===========================================================================================
----------------- testing Tue Feb 25 07:11:14 UTC 2020 /home/travis/build/icyphy/ptII/ptolemy/actor/lib/test/auto/Sinewave.xml
----------------- Instantiating /home/travis/build/icyphy/ptII/ptolemy/actor/lib/test/auto/Sinewave.xml
4 ms. Memory: 634880K Free: 426496K (67%)
----------------- Invoking toplevel() on ptolemy.moml.MoMLSimpleApplication@36b4be19
----------------- Done invoking toplevel() on ptolemy.moml.MoMLSimpleApplication@36b4be19
reloadAllAccessors: .Sinewave

===========================================================================================
----------------- testing Tue Feb 25 07:11:14 UTC 2020 /home/travis/build/icyphy/ptII/ptolemy/actor/lib/test/auto/Sinewave2.xml
----------------- Instantiating /home/travis/build/icyphy/ptII/ptolemy/actor/lib/test/auto/Sinewave2.xml
5 ms. Memory: 634880K Free: 417775K (66%)
----------------- Invoking toplevel() on ptolemy.moml.MoMLSimpleApplication@383d4c00
----------------- Done invoking toplevel() on ptolemy.moml.MoMLSimpleApplication@383d4c00
reloadAllAccessors: .Sinewave2

===========================================================================================
----------------- testing Tue Feb 25 07:11:14 UTC 2020 /home/travis/build/icyphy/ptII/ptolemy/actor/lib/test/auto/Sinewave3.xml
----------------- Instantiating /home/travis/build/icyphy/ptII/ptolemy/actor/lib/test/auto/Sinewave3.xml
9 ms. Memory: 634880K Free: 409567K (65%)
----------------- Invoking toplevel() on ptolemy.moml.MoMLSimpleApplication@4e5e60d3
----------------- Done invoking toplevel() on ptolemy.moml.MoMLSimpleApplication@4e5e60d3
reloadAllAccessors: .Sinewave3

===========================================================================================
----------------- testing Tue Feb 25 07:11:15 UTC 2020 /home/travis/build/icyphy/ptII/ptolemy/actor/lib/test/auto/SingleEvent.xml
----------------- Instantiating /home/travis/build/icyphy/ptII/ptolemy/actor/lib/test/auto/SingleEvent.xml
2 ms. Memory: 634880K Free: 405502K (64%)
----------------- Invoking toplevel() on ptolemy.moml.MoMLSimpleApplication@128744d1
----------------- Done invoking toplevel() on ptolemy.moml.MoMLSimpleApplication@128744d1
reloadAllAccessors: .SingleEvent

===========================================================================================
----------------- testing Tue Feb 25 07:11:15 UTC 2020 /home/travis/build/icyphy/ptII/ptolemy/actor/lib/test/auto/Sleep.xml
----------------- Instantiating /home/travis/build/icyphy/ptII/ptolemy/actor/lib/test/auto/Sleep.xml
6003 ms. Memory: 634880K Free: 400351K (63%)
----------------- Invoking toplevel() on ptolemy.moml.MoMLSimpleApplication@20a5c424
----------------- Done invoking toplevel() on ptolemy.moml.MoMLSimpleApplication@20a5c424
reloadAllAccessors: .Sleep

===========================================================================================
----------------- testing Tue Feb 25 07:11:21 UTC 2020 /home/travis/build/icyphy/ptII/ptolemy/actor/lib/test/auto/SleepMultipleFire.xml
----------------- Instantiating /home/travis/build/icyphy/ptII/ptolemy/actor/lib/test/auto/SleepMultipleFire.xml
1005 ms. Memory: 634880K Free: 394752K (62%)
----------------- Invoking toplevel() on ptolemy.moml.MoMLSimpleApplication@685c5ca0
----------------- Done invoking toplevel() on ptolemy.moml.MoMLSimpleApplication@685c5ca0
reloadAllAccessors: .SleepMultipleFire

===========================================================================================
----------------- testing Tue Feb 25 07:11:22 UTC 2020 /home/travis/build/icyphy/ptII/ptolemy/actor/lib/test/auto/StopDE.xml
----------------- Instantiating /home/travis/build/icyphy/ptII/ptolemy/actor/lib/test/auto/StopDE.xml
3 ms. Memory: 634880K Free: 389118K (61%)
----------------- Invoking toplevel() on ptolemy.moml.MoMLSimpleApplication@2521b73d
----------------- Done invoking toplevel() on ptolemy.moml.MoMLSimpleApplication@2521b73d
reloadAllAccessors: .StopDE

===========================================================================================
----------------- testing Tue Feb 25 07:11:22 UTC 2020 /home/travis/build/icyphy/ptII/ptolemy/actor/lib/test/auto/StopSDF.xml
----------------- Instantiating /home/travis/build/icyphy/ptII/ptolemy/actor/lib/test/auto/StopSDF.xml
2 ms. Memory: 634880K Free: 383998K (60%)
----------------- Invoking toplevel() on ptolemy.moml.MoMLSimpleApplication@d2f5adf
----------------- Done invoking toplevel() on ptolemy.moml.MoMLSimpleApplication@d2f5adf
reloadAllAccessors: .StopSDF

===========================================================================================
----------------- testing Tue Feb 25 07:11:22 UTC 2020 /home/travis/build/icyphy/ptII/ptolemy/actor/lib/test/auto/StringConstant.xml
----------------- Instantiating /home/travis/build/icyphy/ptII/ptolemy/actor/lib/test/auto/StringConstant.xml
10 ms. Memory: 634880K Free: 379902K (60%)
----------------- Invoking toplevel() on ptolemy.moml.MoMLSimpleApplication@144a2e67
----------------- Done invoking toplevel() on ptolemy.moml.MoMLSimpleApplication@144a2e67
reloadAllAccessors: .StringConstant

===========================================================================================
----------------- testing Tue Feb 25 07:11:22 UTC 2020 /home/travis/build/icyphy/ptII/ptolemy/actor/lib/test/auto/SubscriberPortInitialValues1.xml
----------------- Instantiating /home/travis/build/icyphy/ptII/ptolemy/actor/lib/test/auto/SubscriberPortInitialValues1.xml
8 ms. Memory: 634880K Free: 371200K (58%)
----------------- Invoking toplevel() on ptolemy.moml.MoMLSimpleApplication@470888ab
----------------- Done invoking toplevel() on ptolemy.moml.MoMLSimpleApplication@470888ab
reloadAllAccessors: .SubscriberPortInitialValues1

===========================================================================================
----------------- testing Tue Feb 25 07:11:22 UTC 2020 /home/travis/build/icyphy/ptII/ptolemy/actor/lib/test/auto/SubscriberPortInitialValues13.xml
----------------- Instantiating /home/travis/build/icyphy/ptII/ptolemy/actor/lib/test/auto/SubscriberPortInitialValues13.xml
6 ms. Memory: 634880K Free: 357374K (56%)
----------------- Invoking toplevel() on ptolemy.moml.MoMLSimpleApplication@6946db0e
----------------- Done invoking toplevel() on ptolemy.moml.MoMLSimpleApplication@6946db0e
reloadAllAccessors: .SubscriberPortInitialValues13

===========================================================================================
----------------- testing Tue Feb 25 07:11:22 UTC 2020 /home/travis/build/icyphy/ptII/ptolemy/actor/lib/test/auto/SubscriberPortInitialValues14.xml
----------------- Instantiating /home/travis/build/icyphy/ptII/ptolemy/actor/lib/test/auto/SubscriberPortInitialValues14.xml
4 ms. Memory: 634880K Free: 349696K (55%)
----------------- Invoking toplevel() on ptolemy.moml.MoMLSimpleApplication@318666a9
----------------- Done invoking toplevel() on ptolemy.moml.MoMLSimpleApplication@318666a9
reloadAllAccessors: .SubscriberPortInitialValues14

===========================================================================================
----------------- testing Tue Feb 25 07:11:22 UTC 2020 /home/travis/build/icyphy/ptII/ptolemy/actor/lib/test/auto/SubscriberPortInitialValues2.xml
----------------- Instantiating /home/travis/build/icyphy/ptII/ptolemy/actor/lib/test/auto/SubscriberPortInitialValues2.xml
4 ms. Memory: 634880K Free: 342014K (54%)
----------------- Invoking toplevel() on ptolemy.moml.MoMLSimpleApplication@40e915a5
----------------- Done invoking toplevel() on ptolemy.moml.MoMLSimpleApplication@40e915a5
reloadAllAccessors: .SubscriberPortInitialValues2

===========================================================================================
----------------- testing Tue Feb 25 07:11:22 UTC 2020 /home/travis/build/icyphy/ptII/ptolemy/actor/lib/test/auto/SubscriberPortInitialValues3.xml
----------------- Instantiating /home/travis/build/icyphy/ptII/ptolemy/actor/lib/test/auto/SubscriberPortInitialValues3.xml
4 ms. Memory: 634880K Free: 330750K (52%)
----------------- Invoking toplevel() on ptolemy.moml.MoMLSimpleApplication@11f2eb93
----------------- Done invoking toplevel() on ptolemy.moml.MoMLSimpleApplication@11f2eb93
reloadAllAccessors: .SubscriberPortInitialValues3

===========================================================================================
----------------- testing Tue Feb 25 07:11:22 UTC 2020 /home/travis/build/icyphy/ptII/ptolemy/actor/lib/test/auto/SubscriptionAggregator.xml
----------------- Instantiating /home/travis/build/icyphy/ptII/ptolemy/actor/lib/test/auto/SubscriptionAggregator.xml
2 ms. Memory: 634880K Free: 323567K (51%)
----------------- Invoking toplevel() on ptolemy.moml.MoMLSimpleApplication@1a75de28
----------------- Done invoking toplevel() on ptolemy.moml.MoMLSimpleApplication@1a75de28
reloadAllAccessors: .SubscriptionAggregator

===========================================================================================
----------------- testing Tue Feb 25 07:11:22 UTC 2020 /home/travis/build/icyphy/ptII/ptolemy/actor/lib/test/auto/SubscriptionAggregator2.xml
----------------- Instantiating /home/travis/build/icyphy/ptII/ptolemy/actor/lib/test/auto/SubscriptionAggregator2.xml
3 ms. Memory: 634880K Free: 316928K (50%)
----------------- Invoking toplevel() on ptolemy.moml.MoMLSimpleApplication@198095a4
----------------- Done invoking toplevel() on ptolemy.moml.MoMLSimpleApplication@198095a4
reloadAllAccessors: .SubscriptionAggregator2

===========================================================================================
----------------- testing Tue Feb 25 07:11:22 UTC 2020 /home/travis/build/icyphy/ptII/ptolemy/actor/lib/test/auto/SubscriptionAggregator3.xml
----------------- Instantiating /home/travis/build/icyphy/ptII/ptolemy/actor/lib/test/auto/SubscriptionAggregator3.xml
3 ms. Memory: 634880K Free: 308222K (49%)
----------------- Invoking toplevel() on ptolemy.moml.MoMLSimpleApplication@29489a37
----------------- Done invoking toplevel() on ptolemy.moml.MoMLSimpleApplication@29489a37
reloadAllAccessors: .SubscriptionAggregator3

===========================================================================================
----------------- testing Tue Feb 25 07:11:22 UTC 2020 /home/travis/build/icyphy/ptII/ptolemy/actor/lib/test/auto/SubscriptionAggregatorMultiply.xml
----------------- Instantiating /home/travis/build/icyphy/ptII/ptolemy/actor/lib/test/auto/SubscriptionAggregatorMultiply.xml
10 ms. Memory: 634880K Free: 299520K (47%)
----------------- Invoking toplevel() on ptolemy.moml.MoMLSimpleApplication@52f3998
----------------- Done invoking toplevel() on ptolemy.moml.MoMLSimpleApplication@52f3998
reloadAllAccessors: .SubscriptionAggregatorMultiply

===========================================================================================
----------------- testing Tue Feb 25 07:11:22 UTC 2020 /home/travis/build/icyphy/ptII/ptolemy/actor/lib/test/auto/SubscriptionAggregatorPortMultiply1.xml
----------------- Instantiating /home/travis/build/icyphy/ptII/ptolemy/actor/lib/test/auto/SubscriptionAggregatorPortMultiply1.xml
4 ms. Memory: 634880K Free: 291838K (46%)
----------------- Invoking toplevel() on ptolemy.moml.MoMLSimpleApplication@303b197a
----------------- Done invoking toplevel() on ptolemy.moml.MoMLSimpleApplication@303b197a
reloadAllAccessors: .SubscriptionAggregatorPortMultiply1

===========================================================================================
----------------- testing Tue Feb 25 07:11:22 UTC 2020 /home/travis/build/icyphy/ptII/ptolemy/actor/lib/test/auto/Switch.xml
----------------- Instantiating /home/travis/build/icyphy/ptII/ptolemy/actor/lib/test/auto/Switch.xml
8 ms. Memory: 634880K Free: 283646K (45%)
----------------- Invoking toplevel() on ptolemy.moml.MoMLSimpleApplication@8aad265
----------------- Done invoking toplevel() on ptolemy.moml.MoMLSimpleApplication@8aad265
reloadAllAccessors: .Switch

===========================================================================================
----------------- testing Tue Feb 25 07:11:22 UTC 2020 /home/travis/build/icyphy/ptII/ptolemy/actor/lib/test/auto/Switch2.xml
----------------- Instantiating /home/travis/build/icyphy/ptII/ptolemy/actor/lib/test/auto/Switch2.xml
1 ms. Memory: 634880K Free: 279040K (44%)
----------------- Invoking toplevel() on ptolemy.moml.MoMLSimpleApplication@765bbc2f
----------------- Done invoking toplevel() on ptolemy.moml.MoMLSimpleApplication@765bbc2f
reloadAllAccessors: .Switch2

===========================================================================================
----------------- testing Tue Feb 25 07:11:22 UTC 2020 /home/travis/build/icyphy/ptII/ptolemy/actor/lib/test/auto/SwitchDE.xml
----------------- Instantiating /home/travis/build/icyphy/ptII/ptolemy/actor/lib/test/auto/SwitchDE.xml
4 ms. Memory: 634880K Free: 272896K (43%)
----------------- Invoking toplevel() on ptolemy.moml.MoMLSimpleApplication@6713cb0e
----------------- Done invoking toplevel() on ptolemy.moml.MoMLSimpleApplication@6713cb0e
reloadAllAccessors: .SwitchDE

===========================================================================================
----------------- testing Tue Feb 25 07:11:22 UTC 2020 /home/travis/build/icyphy/ptII/ptolemy/actor/lib/test/auto/SynchronizerDE.xml
----------------- Instantiating /home/travis/build/icyphy/ptII/ptolemy/actor/lib/test/auto/SynchronizerDE.xml
7 ms. Memory: 634880K Free: 264704K (42%)
----------------- Invoking toplevel() on ptolemy.moml.MoMLSimpleApplication@14dd7a4f
----------------- Done invoking toplevel() on ptolemy.moml.MoMLSimpleApplication@14dd7a4f
reloadAllAccessors: .SynchronizerDE

===========================================================================================
----------------- testing Tue Feb 25 07:11:22 UTC 2020 /home/travis/build/icyphy/ptII/ptolemy/actor/lib/test/auto/Test.xml
----------------- Instantiating /home/travis/build/icyphy/ptII/ptolemy/actor/lib/test/auto/Test.xml
2 ms. Memory: 634880K Free: 259584K (41%)
----------------- Invoking toplevel() on ptolemy.moml.MoMLSimpleApplication@75e631d9
----------------- Done invoking toplevel() on ptolemy.moml.MoMLSimpleApplication@75e631d9
reloadAllAccessors: .Test

===========================================================================================
----------------- testing Tue Feb 25 07:11:22 UTC 2020 /home/travis/build/icyphy/ptII/ptolemy/actor/lib/test/auto/TestExceptionAttribute1.xml
----------------- Instantiating /home/travis/build/icyphy/ptII/ptolemy/actor/lib/test/auto/TestExceptionAttribute1.xml
1 ms. Memory: 634880K Free: 255998K (40%)
----------------- Invoking toplevel() on ptolemy.moml.MoMLSimpleApplication@46c52c20
----------------- Done invoking toplevel() on ptolemy.moml.MoMLSimpleApplication@46c52c20
reloadAllAccessors: .TestExceptionAttribute1

===========================================================================================
----------------- testing Tue Feb 25 07:11:22 UTC 2020 /home/travis/build/icyphy/ptII/ptolemy/actor/lib/test/auto/TestExceptionAttribute2.xml
----------------- Instantiating /home/travis/build/icyphy/ptII/ptolemy/actor/lib/test/auto/TestExceptionAttribute2.xml
1 ms. Memory: 634880K Free: 252416K (40%)
----------------- Invoking toplevel() on ptolemy.moml.MoMLSimpleApplication@20cea51e
----------------- Done invoking toplevel() on ptolemy.moml.MoMLSimpleApplication@20cea51e
reloadAllAccessors: .TestExceptionAttribute2

===========================================================================================
----------------- testing Tue Feb 25 07:11:22 UTC 2020 /home/travis/build/icyphy/ptII/ptolemy/actor/lib/test/auto/TestExceptionAttribute3.xml
----------------- Instantiating /home/travis/build/icyphy/ptII/ptolemy/actor/lib/test/auto/TestExceptionAttribute3.xml
.TestExceptionAttribute3.TestExceptionAttribute: initialize() was not invoked, but wrapup() was.  This is unusual, but not always a problem.  For example, exporting JNLP will do this.
0 ms. Memory: 634880K Free: 248830K (39%)
----------------- Invoking toplevel() on ptolemy.moml.MoMLSimpleApplication@2bf13e32
----------------- Done invoking toplevel() on ptolemy.moml.MoMLSimpleApplication@2bf13e32
reloadAllAccessors: .TestExceptionAttribute3

===========================================================================================
----------------- testing Tue Feb 25 07:11:22 UTC 2020 /home/travis/build/icyphy/ptII/ptolemy/actor/lib/test/auto/TestExceptionAttribute4.xml
----------------- Instantiating /home/travis/build/icyphy/ptII/ptolemy/actor/lib/test/auto/TestExceptionAttribute4.xml
.TestExceptionAttribute4.TestExceptionAttribute: initialize() was not invoked, but wrapup() was.  This is unusual, but not always a problem.  For example, exporting JNLP will do this.
.TestExceptionAttribute4.TestExceptionAttribute2: initialize() was not invoked, but wrapup() was.  This is unusual, but not always a problem.  For example, exporting JNLP will do this.
0 ms. Memory: 634880K Free: 244734K (39%)
----------------- Invoking toplevel() on ptolemy.moml.MoMLSimpleApplication@1800d4e8
----------------- Done invoking toplevel() on ptolemy.moml.MoMLSimpleApplication@1800d4e8
reloadAllAccessors: .TestExceptionAttribute4

===========================================================================================
----------------- testing Tue Feb 25 07:11:22 UTC 2020 /home/travis/build/icyphy/ptII/ptolemy/actor/lib/test/auto/TestExceptionHandler1.xml
----------------- Instantiating /home/travis/build/icyphy/ptII/ptolemy/actor/lib/test/auto/TestExceptionHandler1.xml
1 ms. Memory: 634880K Free: 240638K (38%)
----------------- Invoking toplevel() on ptolemy.moml.MoMLSimpleApplication@71188338
----------------- Done invoking toplevel() on ptolemy.moml.MoMLSimpleApplication@71188338
reloadAllAccessors: .TestExceptionHandler1

===========================================================================================
----------------- testing Tue Feb 25 07:11:22 UTC 2020 /home/travis/build/icyphy/ptII/ptolemy/actor/lib/test/auto/TestExceptionHandler2.xml
----------------- Instantiating /home/travis/build/icyphy/ptII/ptolemy/actor/lib/test/auto/TestExceptionHandler2.xml
2 ms. Memory: 634880K Free: 237056K (37%)
----------------- Invoking toplevel() on ptolemy.moml.MoMLSimpleApplication@183251df
----------------- Done invoking toplevel() on ptolemy.moml.MoMLSimpleApplication@183251df
reloadAllAccessors: .TestExceptionHandler2

===========================================================================================
----------------- testing Tue Feb 25 07:11:22 UTC 2020 /home/travis/build/icyphy/ptII/ptolemy/actor/lib/test/auto/TestExceptionHandler3.xml
----------------- Instantiating /home/travis/build/icyphy/ptII/ptolemy/actor/lib/test/auto/TestExceptionHandler3.xml
1 ms. Memory: 634880K Free: 233470K (37%)
----------------- Invoking toplevel() on ptolemy.moml.MoMLSimpleApplication@1181b48e
----------------- Done invoking toplevel() on ptolemy.moml.MoMLSimpleApplication@1181b48e
reloadAllAccessors: .TestExceptionHandler3

===========================================================================================
----------------- testing Tue Feb 25 07:11:22 UTC 2020 /home/travis/build/icyphy/ptII/ptolemy/actor/lib/test/auto/TestExceptionHandler4.xml
----------------- Instantiating /home/travis/build/icyphy/ptII/ptolemy/actor/lib/test/auto/TestExceptionHandler4.xml
1 ms. Memory: 634880K Free: 229374K (36%)
----------------- Invoking toplevel() on ptolemy.moml.MoMLSimpleApplication@449aad3b
----------------- Done invoking toplevel() on ptolemy.moml.MoMLSimpleApplication@449aad3b
reloadAllAccessors: .TestExceptionHandler4

===========================================================================================
----------------- testing Tue Feb 25 07:11:22 UTC 2020 /home/travis/build/icyphy/ptII/ptolemy/actor/lib/test/auto/TestRequireCorrectOrder.xml
----------------- Instantiating /home/travis/build/icyphy/ptII/ptolemy/actor/lib/test/auto/TestRequireCorrectOrder.xml
11 ms. Memory: 634880K Free: 224239K (35%)
----------------- Invoking toplevel() on ptolemy.moml.MoMLSimpleApplication@89706e5
----------------- Done invoking toplevel() on ptolemy.moml.MoMLSimpleApplication@89706e5
reloadAllAccessors: .TestRequireCorrectOrder

===========================================================================================
----------------- testing Tue Feb 25 07:11:22 UTC 2020 /home/travis/build/icyphy/ptII/ptolemy/actor/lib/test/auto/TestSimple.xml
----------------- Instantiating /home/travis/build/icyphy/ptII/ptolemy/actor/lib/test/auto/TestSimple.xml
2 ms. Memory: 634880K Free: 220158K (35%)
----------------- Invoking toplevel() on ptolemy.moml.MoMLSimpleApplication@624d4db2
----------------- Done invoking toplevel() on ptolemy.moml.MoMLSimpleApplication@624d4db2
reloadAllAccessors: .TestSimple

===========================================================================================
----------------- testing Tue Feb 25 07:11:22 UTC 2020 /home/travis/build/icyphy/ptII/ptolemy/actor/lib/test/auto/ThrowModelError.xml
----------------- Instantiating /home/travis/build/icyphy/ptII/ptolemy/actor/lib/test/auto/ThrowModelError.xml
1 ms. Memory: 634880K Free: 215552K (34%)
----------------- Invoking toplevel() on ptolemy.moml.MoMLSimpleApplication@42c4e43d
----------------- Done invoking toplevel() on ptolemy.moml.MoMLSimpleApplication@42c4e43d
reloadAllAccessors: .ThrowModelError

===========================================================================================
----------------- testing Tue Feb 25 07:11:22 UTC 2020 /home/travis/build/icyphy/ptII/ptolemy/actor/lib/test/auto/TimeDelayMicrosteps.xml
----------------- Instantiating /home/travis/build/icyphy/ptII/ptolemy/actor/lib/test/auto/TimeDelayMicrosteps.xml
3 ms. Memory: 634880K Free: 208863K (33%)
----------------- Invoking toplevel() on ptolemy.moml.MoMLSimpleApplication@3474036e
----------------- Done invoking toplevel() on ptolemy.moml.MoMLSimpleApplication@3474036e
reloadAllAccessors: .TimeDelayMicrosteps

===========================================================================================
----------------- testing Tue Feb 25 07:11:22 UTC 2020 /home/travis/build/icyphy/ptII/ptolemy/actor/lib/test/auto/TimeDelayMicrosteps2.xml
----------------- Instantiating /home/travis/build/icyphy/ptII/ptolemy/actor/lib/test/auto/TimeDelayMicrosteps2.xml
4 ms. Memory: 634880K Free: 573423K (90%)
----------------- Invoking toplevel() on ptolemy.moml.MoMLSimpleApplication@3ff99f8c
----------------- Done invoking toplevel() on ptolemy.moml.MoMLSimpleApplication@3ff99f8c
reloadAllAccessors: .TimeDelayMicrosteps2

===========================================================================================
----------------- testing Tue Feb 25 07:11:22 UTC 2020 /home/travis/build/icyphy/ptII/ptolemy/actor/lib/test/auto/TimeDelayMicrosteps3.xml
----------------- Instantiating /home/travis/build/icyphy/ptII/ptolemy/actor/lib/test/auto/TimeDelayMicrosteps3.xml
2 ms. Memory: 634880K Free: 566784K (89%)
----------------- Invoking toplevel() on ptolemy.moml.MoMLSimpleApplication@743b6e2e
----------------- Done invoking toplevel() on ptolemy.moml.MoMLSimpleApplication@743b6e2e
reloadAllAccessors: .TimeDelayMicrosteps3

===========================================================================================
----------------- testing Tue Feb 25 07:11:22 UTC 2020 /home/travis/build/icyphy/ptII/ptolemy/actor/lib/test/auto/TimeDelayVariableMicrosteps.xml
----------------- Instantiating /home/travis/build/icyphy/ptII/ptolemy/actor/lib/test/auto/TimeDelayVariableMicrosteps.xml
3 ms. Memory: 634880K Free: 560123K (88%)
----------------- Invoking toplevel() on ptolemy.moml.MoMLSimpleApplication@495a6ea5
----------------- Done invoking toplevel() on ptolemy.moml.MoMLSimpleApplication@495a6ea5
reloadAllAccessors: .TimeDelayVariableMicrosteps

===========================================================================================
----------------- testing Tue Feb 25 07:11:22 UTC 2020 /home/travis/build/icyphy/ptII/ptolemy/actor/lib/test/auto/TimeGap.xml
----------------- Instantiating /home/travis/build/icyphy/ptII/ptolemy/actor/lib/test/auto/TimeGap.xml
3 ms. Memory: 634880K Free: 554975K (87%)
----------------- Invoking toplevel() on ptolemy.moml.MoMLSimpleApplication@161d9747
----------------- Done invoking toplevel() on ptolemy.moml.MoMLSimpleApplication@161d9747
reloadAllAccessors: .TimeGap

===========================================================================================
----------------- testing Tue Feb 25 07:11:22 UTC 2020 /home/travis/build/icyphy/ptII/ptolemy/actor/lib/test/auto/TimeGap2.xml
----------------- Instantiating /home/travis/build/icyphy/ptII/ptolemy/actor/lib/test/auto/TimeGap2.xml
2 ms. Memory: 634880K Free: 549376K (87%)
----------------- Invoking toplevel() on ptolemy.moml.MoMLSimpleApplication@4f347c3e
----------------- Done invoking toplevel() on ptolemy.moml.MoMLSimpleApplication@4f347c3e
reloadAllAccessors: .TimeGap2

===========================================================================================
----------------- testing Tue Feb 25 07:11:22 UTC 2020 /home/travis/build/icyphy/ptII/ptolemy/actor/lib/test/auto/TimedSinewave.xml
----------------- Instantiating /home/travis/build/icyphy/ptII/ptolemy/actor/lib/test/auto/TimedSinewave.xml
24 ms. Memory: 634880K Free: 535040K (84%)
----------------- Invoking toplevel() on ptolemy.moml.MoMLSimpleApplication@70377cf1
----------------- Done invoking toplevel() on ptolemy.moml.MoMLSimpleApplication@70377cf1
reloadAllAccessors: .TimedSinewave

===========================================================================================
----------------- testing Tue Feb 25 07:11:22 UTC 2020 /home/travis/build/icyphy/ptII/ptolemy/actor/lib/test/auto/TimedSinewavePhase.xml
----------------- Instantiating /home/travis/build/icyphy/ptII/ptolemy/actor/lib/test/auto/TimedSinewavePhase.xml
8 ms. Memory: 634880K Free: 525310K (83%)
----------------- Invoking toplevel() on ptolemy.moml.MoMLSimpleApplication@36000612
----------------- Done invoking toplevel() on ptolemy.moml.MoMLSimpleApplication@36000612
reloadAllAccessors: .TimedSinewavePhase

===========================================================================================
----------------- testing Tue Feb 25 07:11:22 UTC 2020 /home/travis/build/icyphy/ptII/ptolemy/actor/lib/test/auto/Timer.xml
----------------- Instantiating /home/travis/build/icyphy/ptII/ptolemy/actor/lib/test/auto/Timer.xml
1 ms. Memory: 634880K Free: 519680K (82%)
----------------- Invoking toplevel() on ptolemy.moml.MoMLSimpleApplication@5950019
----------------- Done invoking toplevel() on ptolemy.moml.MoMLSimpleApplication@5950019
reloadAllAccessors: .Timer

===========================================================================================
----------------- testing Tue Feb 25 07:11:22 UTC 2020 /home/travis/build/icyphy/ptII/ptolemy/actor/lib/test/auto/TriangularDistTestModel.xml
----------------- Instantiating /home/travis/build/icyphy/ptII/ptolemy/actor/lib/test/auto/TriangularDistTestModel.xml
2 ms. Memory: 634880K Free: 514031K (81%)
----------------- Invoking toplevel() on ptolemy.moml.MoMLSimpleApplication@3f934344
----------------- Done invoking toplevel() on ptolemy.moml.MoMLSimpleApplication@3f934344
reloadAllAccessors: .TriangularDistTestModel

===========================================================================================
----------------- testing Tue Feb 25 07:11:22 UTC 2020 /home/travis/build/icyphy/ptII/ptolemy/actor/lib/test/auto/TrigFunction.xml
----------------- Instantiating /home/travis/build/icyphy/ptII/ptolemy/actor/lib/test/auto/TrigFunction.xml
2 ms. Memory: 634880K Free: 508926K (80%)
----------------- Invoking toplevel() on ptolemy.moml.MoMLSimpleApplication@7840284a
----------------- Done invoking toplevel() on ptolemy.moml.MoMLSimpleApplication@7840284a
reloadAllAccessors: .TrigFunction

===========================================================================================
----------------- testing Tue Feb 25 07:11:22 UTC 2020 /home/travis/build/icyphy/ptII/ptolemy/actor/lib/test/auto/TrigFunctionDE.xml
----------------- Instantiating /home/travis/build/icyphy/ptII/ptolemy/actor/lib/test/auto/TrigFunctionDE.xml
1 ms. Memory: 634880K Free: 503296K (79%)
----------------- Invoking toplevel() on ptolemy.moml.MoMLSimpleApplication@33b11d6c
----------------- Done invoking toplevel() on ptolemy.moml.MoMLSimpleApplication@33b11d6c
reloadAllAccessors: .TrigFunctionDE

===========================================================================================
----------------- testing Tue Feb 25 07:11:22 UTC 2020 /home/travis/build/icyphy/ptII/ptolemy/actor/lib/test/auto/TrigFunctionInverse.xml
----------------- Instantiating /home/travis/build/icyphy/ptII/ptolemy/actor/lib/test/auto/TrigFunctionInverse.xml
3 ms. Memory: 634880K Free: 498176K (78%)
----------------- Invoking toplevel() on ptolemy.moml.MoMLSimpleApplication@2ce1bae9
----------------- Done invoking toplevel() on ptolemy.moml.MoMLSimpleApplication@2ce1bae9
reloadAllAccessors: .TrigFunctionInverse

===========================================================================================
----------------- testing Tue Feb 25 07:11:22 UTC 2020 /home/travis/build/icyphy/ptII/ptolemy/actor/lib/test/auto/TrigFunctionTan.xml
----------------- Instantiating /home/travis/build/icyphy/ptII/ptolemy/actor/lib/test/auto/TrigFunctionTan.xml
2 ms. Memory: 634880K Free: 494080K (78%)
----------------- Invoking toplevel() on ptolemy.moml.MoMLSimpleApplication@42f3cd32
----------------- Done invoking toplevel() on ptolemy.moml.MoMLSimpleApplication@42f3cd32
reloadAllAccessors: .TrigFunctionTan

===========================================================================================
----------------- testing Tue Feb 25 07:11:22 UTC 2020 /home/travis/build/icyphy/ptII/ptolemy/actor/lib/test/auto/TriggeredClock.xml
----------------- Instantiating /home/travis/build/icyphy/ptII/ptolemy/actor/lib/test/auto/TriggeredClock.xml
2 ms. Memory: 634880K Free: 488960K (77%)
----------------- Invoking toplevel() on ptolemy.moml.MoMLSimpleApplication@40cba128
----------------- Done invoking toplevel() on ptolemy.moml.MoMLSimpleApplication@40cba128
reloadAllAccessors: .TriggeredClock

===========================================================================================
----------------- testing Tue Feb 25 07:11:22 UTC 2020 /home/travis/build/icyphy/ptII/ptolemy/actor/lib/test/auto/URLDirectoryReader.xml
----------------- Instantiating /home/travis/build/icyphy/ptII/ptolemy/actor/lib/test/auto/URLDirectoryReader.xml
37 ms. Memory: 634880K Free: 480254K (76%)
----------------- Invoking toplevel() on ptolemy.moml.MoMLSimpleApplication@348eff1b
----------------- Done invoking toplevel() on ptolemy.moml.MoMLSimpleApplication@348eff1b
reloadAllAccessors: .URLDirectoryReader

===========================================================================================
----------------- testing Tue Feb 25 07:11:22 UTC 2020 /home/travis/build/icyphy/ptII/ptolemy/actor/lib/test/auto/URLDirectoryReader3.xml
----------------- Instantiating /home/travis/build/icyphy/ptII/ptolemy/actor/lib/test/auto/URLDirectoryReader3.xml
1410 ms. Memory: 634880K Free: 572928K (90%)
----------------- Invoking toplevel() on ptolemy.moml.MoMLSimpleApplication@f69963d
----------------- Done invoking toplevel() on ptolemy.moml.MoMLSimpleApplication@f69963d
reloadAllAccessors: .URLDirectoryReader3

===========================================================================================
----------------- testing Tue Feb 25 07:11:24 UTC 2020 /home/travis/build/icyphy/ptII/ptolemy/actor/lib/test/auto/UnaryMathFunction.xml
----------------- Instantiating /home/travis/build/icyphy/ptII/ptolemy/actor/lib/test/auto/UnaryMathFunction.xml
4 ms. Memory: 634880K Free: 565246K (89%)
----------------- Invoking toplevel() on ptolemy.moml.MoMLSimpleApplication@78f07ede
----------------- Done invoking toplevel() on ptolemy.moml.MoMLSimpleApplication@78f07ede
reloadAllAccessors: .UnaryMathFunction

===========================================================================================
----------------- testing Tue Feb 25 07:11:24 UTC 2020 /home/travis/build/icyphy/ptII/ptolemy/actor/lib/test/auto/Uniform.xml
----------------- Instantiating /home/travis/build/icyphy/ptII/ptolemy/actor/lib/test/auto/Uniform.xml
6 ms. Memory: 634880K Free: 560126K (88%)
----------------- Invoking toplevel() on ptolemy.moml.MoMLSimpleApplication@4b49bfa1
----------------- Done invoking toplevel() on ptolemy.moml.MoMLSimpleApplication@4b49bfa1
reloadAllAccessors: .Uniform

===========================================================================================
----------------- testing Tue Feb 25 07:11:24 UTC 2020 /home/travis/build/icyphy/ptII/ptolemy/actor/lib/test/auto/UnionDisassemblerTest.xml
----------------- Instantiating /home/travis/build/icyphy/ptII/ptolemy/actor/lib/test/auto/UnionDisassemblerTest.xml
17 ms. Memory: 634880K Free: 556544K (88%)
----------------- Invoking toplevel() on ptolemy.moml.MoMLSimpleApplication@74fc4bd1
----------------- Done invoking toplevel() on ptolemy.moml.MoMLSimpleApplication@74fc4bd1
reloadAllAccessors: .UnionDisassemblerTest

===========================================================================================
----------------- testing Tue Feb 25 07:11:24 UTC 2020 /home/travis/build/icyphy/ptII/ptolemy/actor/lib/test/auto/UtilityFunctions.xml
----------------- Instantiating /home/travis/build/icyphy/ptII/ptolemy/actor/lib/test/auto/UtilityFunctions.xml
1 ms. Memory: 634880K Free: 552448K (87%)
----------------- Invoking toplevel() on ptolemy.moml.MoMLSimpleApplication@2b8cdfdf
----------------- Done invoking toplevel() on ptolemy.moml.MoMLSimpleApplication@2b8cdfdf
reloadAllAccessors: .UtilityFunctions

===========================================================================================
----------------- testing Tue Feb 25 07:11:24 UTC 2020 /home/travis/build/icyphy/ptII/ptolemy/actor/lib/test/auto/VariableSleep.xml
----------------- Instantiating /home/travis/build/icyphy/ptII/ptolemy/actor/lib/test/auto/VariableSleep.xml
503 ms. Memory: 634880K Free: 547328K (86%)
----------------- Invoking toplevel() on ptolemy.moml.MoMLSimpleApplication@60eb5267
----------------- Done invoking toplevel() on ptolemy.moml.MoMLSimpleApplication@60eb5267
reloadAllAccessors: .VariableSleep

===========================================================================================
----------------- testing Tue Feb 25 07:11:25 UTC 2020 /home/travis/build/icyphy/ptII/ptolemy/actor/lib/test/auto/VectorAssemblerDisassemblerCT.xml
----------------- Instantiating /home/travis/build/icyphy/ptII/ptolemy/actor/lib/test/auto/VectorAssemblerDisassemblerCT.xml
78 ms. Memory: 634880K Free: 526848K (83%)
----------------- Invoking toplevel() on ptolemy.moml.MoMLSimpleApplication@47a7ec64
----------------- Done invoking toplevel() on ptolemy.moml.MoMLSimpleApplication@47a7ec64
reloadAllAccessors: .VectorAssemblerDisassemblerCT

===========================================================================================
----------------- testing Tue Feb 25 07:11:25 UTC 2020 /home/travis/build/icyphy/ptII/ptolemy/actor/lib/test/auto/VectorAssemblerDisassemblerDE.xml
----------------- Instantiating /home/travis/build/icyphy/ptII/ptolemy/actor/lib/test/auto/VectorAssemblerDisassemblerDE.xml
3 ms. Memory: 634880K Free: 519680K (82%)
----------------- Invoking toplevel() on ptolemy.moml.MoMLSimpleApplication@61b76afa
----------------- Done invoking toplevel() on ptolemy.moml.MoMLSimpleApplication@61b76afa
reloadAllAccessors: .VectorAssemblerDisassemblerDE

===========================================================================================
----------------- testing Tue Feb 25 07:11:25 UTC 2020 /home/travis/build/icyphy/ptII/ptolemy/actor/lib/test/auto/VectorAssemblerDisassemblerSDF.xml
----------------- Instantiating /home/travis/build/icyphy/ptII/ptolemy/actor/lib/test/auto/VectorAssemblerDisassemblerSDF.xml
4 ms. Memory: 634880K Free: 513022K (81%)
----------------- Invoking toplevel() on ptolemy.moml.MoMLSimpleApplication@4c6a6b8f
----------------- Done invoking toplevel() on ptolemy.moml.MoMLSimpleApplication@4c6a6b8f
reloadAllAccessors: .VectorAssemblerDisassemblerSDF

===========================================================================================
----------------- testing Tue Feb 25 07:11:25 UTC 2020 /home/travis/build/icyphy/ptII/ptolemy/actor/lib/test/auto/WallClockTime.xml
----------------- Instantiating /home/travis/build/icyphy/ptII/ptolemy/actor/lib/test/auto/WallClockTime.xml
1004 ms. Memory: 634880K Free: 507902K (80%)
----------------- Invoking toplevel() on ptolemy.moml.MoMLSimpleApplication@15bd921b
----------------- Done invoking toplevel() on ptolemy.moml.MoMLSimpleApplication@15bd921b
reloadAllAccessors: .WallClockTime

===========================================================================================
----------------- testing Tue Feb 25 07:11:26 UTC 2020 /home/travis/build/icyphy/ptII/ptolemy/actor/lib/test/auto/WidthTestWithSubscriberPublisher.xml
----------------- Instantiating /home/travis/build/icyphy/ptII/ptolemy/actor/lib/test/auto/WidthTestWithSubscriberPublisher.xml
6 ms. Memory: 634880K Free: 489984K (77%)
----------------- Invoking toplevel() on ptolemy.moml.MoMLSimpleApplication@76a8621f
----------------- Done invoking toplevel() on ptolemy.moml.MoMLSimpleApplication@76a8621f
reloadAllAccessors: .WidthTestWithSubscriberPublisher

===========================================================================================
----------------- testing Tue Feb 25 07:11:26 UTC 2020 /home/travis/build/icyphy/ptII/ptolemy/actor/lib/test/auto/WidthTestWithSubscriberPublisher2.xml
----------------- Instantiating /home/travis/build/icyphy/ptII/ptolemy/actor/lib/test/auto/WidthTestWithSubscriberPublisher2.xml
2 ms. Memory: 634880K Free: 483840K (76%)
----------------- Invoking toplevel() on ptolemy.moml.MoMLSimpleApplication@3a3b1f1b
----------------- Done invoking toplevel() on ptolemy.moml.MoMLSimpleApplication@3a3b1f1b
reloadAllAccessors: .WidthTestWithSubscriberPublisher2

===========================================================================================
----------------- testing Tue Feb 25 07:11:26 UTC 2020 /home/travis/build/icyphy/ptII/ptolemy/actor/lib/test/auto/WidthTestWithSubscriberPublisher3.xml
----------------- Instantiating /home/travis/build/icyphy/ptII/ptolemy/actor/lib/test/auto/WidthTestWithSubscriberPublisher3.xml
2 ms. Memory: 634880K Free: 478206K (75%)
----------------- Invoking toplevel() on ptolemy.moml.MoMLSimpleApplication@55f5375a
----------------- Done invoking toplevel() on ptolemy.moml.MoMLSimpleApplication@55f5375a
reloadAllAccessors: .WidthTestWithSubscriberPublisher3

===========================================================================================
----------------- testing Tue Feb 25 07:11:26 UTC 2020 /home/travis/build/icyphy/ptII/ptolemy/actor/lib/test/auto/Writer.xml
----------------- Instantiating /home/travis/build/icyphy/ptII/ptolemy/actor/lib/test/auto/Writer.xml
0
1
2
3
4
1 ms. Memory: 634880K Free: 474079K (75%)
----------------- Invoking toplevel() on ptolemy.moml.MoMLSimpleApplication@6d746b87
----------------- Done invoking toplevel() on ptolemy.moml.MoMLSimpleApplication@6d746b87
reloadAllAccessors: .Writer

===========================================================================================
----------------- testing Tue Feb 25 07:11:26 UTC 2020 /home/travis/build/icyphy/ptII/ptolemy/actor/lib/test/auto/array.xml
----------------- Instantiating /home/travis/build/icyphy/ptII/ptolemy/actor/lib/test/auto/array.xml
2 ms. Memory: 634880K Free: 468990K (74%)
----------------- Invoking toplevel() on ptolemy.moml.MoMLSimpleApplication@4457661b
----------------- Done invoking toplevel() on ptolemy.moml.MoMLSimpleApplication@4457661b
reloadAllAccessors: .array

===========================================================================================
----------------- testing Tue Feb 25 07:11:26 UTC 2020 /home/travis/build/icyphy/ptII/ptolemy/actor/lib/test/auto/array2.xml
----------------- Instantiating /home/travis/build/icyphy/ptII/ptolemy/actor/lib/test/auto/array2.xml
4 ms. Memory: 634880K Free: 463855K (73%)
----------------- Invoking toplevel() on ptolemy.moml.MoMLSimpleApplication@4d9f9d29
----------------- Done invoking toplevel() on ptolemy.moml.MoMLSimpleApplication@4d9f9d29
reloadAllAccessors: .array2

===========================================================================================
----------------- testing Tue Feb 25 07:11:26 UTC 2020 /home/travis/build/icyphy/ptII/ptolemy/actor/lib/test/auto/arrayType.xml
----------------- Instantiating /home/travis/build/icyphy/ptII/ptolemy/actor/lib/test/auto/arrayType.xml
1 ms. Memory: 634880K Free: 458750K (72%)
----------------- Invoking toplevel() on ptolemy.moml.MoMLSimpleApplication@51d3b83c
----------------- Done invoking toplevel() on ptolemy.moml.MoMLSimpleApplication@51d3b83c
reloadAllAccessors: .arrayType

===========================================================================================
----------------- testing Tue Feb 25 07:11:26 UTC 2020 /home/travis/build/icyphy/ptII/ptolemy/actor/lib/test/auto/arrayType10.xml
----------------- Instantiating /home/travis/build/icyphy/ptII/ptolemy/actor/lib/test/auto/arrayType10.xml
1 ms. Memory: 634880K Free: 454144K (72%)
----------------- Invoking toplevel() on ptolemy.moml.MoMLSimpleApplication@60329d49
----------------- Done invoking toplevel() on ptolemy.moml.MoMLSimpleApplication@60329d49
reloadAllAccessors: .arrayType10

===========================================================================================
----------------- testing Tue Feb 25 07:11:26 UTC 2020 /home/travis/build/icyphy/ptII/ptolemy/actor/lib/test/auto/arrayType11.xml
----------------- Instantiating /home/travis/build/icyphy/ptII/ptolemy/actor/lib/test/auto/arrayType11.xml
1 ms. Memory: 634880K Free: 449534K (71%)
----------------- Invoking toplevel() on ptolemy.moml.MoMLSimpleApplication@6876eb70
----------------- Done invoking toplevel() on ptolemy.moml.MoMLSimpleApplication@6876eb70
reloadAllAccessors: .arrayType11

===========================================================================================
----------------- testing Tue Feb 25 07:11:26 UTC 2020 /home/travis/build/icyphy/ptII/ptolemy/actor/lib/test/auto/arrayType12.xml
----------------- Instantiating /home/travis/build/icyphy/ptII/ptolemy/actor/lib/test/auto/arrayType12.xml
1 ms. Memory: 634880K Free: 444414K (70%)
----------------- Invoking toplevel() on ptolemy.moml.MoMLSimpleApplication@56d5e3f7
----------------- Done invoking toplevel() on ptolemy.moml.MoMLSimpleApplication@56d5e3f7
reloadAllAccessors: .arrayType12

===========================================================================================
----------------- testing Tue Feb 25 07:11:26 UTC 2020 /home/travis/build/icyphy/ptII/ptolemy/actor/lib/test/auto/arrayType13.xml
----------------- Instantiating /home/travis/build/icyphy/ptII/ptolemy/actor/lib/test/auto/arrayType13.xml
2 ms. Memory: 634880K Free: 438784K (69%)
----------------- Invoking toplevel() on ptolemy.moml.MoMLSimpleApplication@78526823
----------------- Done invoking toplevel() on ptolemy.moml.MoMLSimpleApplication@78526823
reloadAllAccessors: .arrayType13

===========================================================================================
----------------- testing Tue Feb 25 07:11:26 UTC 2020 /home/travis/build/icyphy/ptII/ptolemy/actor/lib/test/auto/arrayType14.xml
----------------- Instantiating /home/travis/build/icyphy/ptII/ptolemy/actor/lib/test/auto/arrayType14.xml
2 ms. Memory: 634880K Free: 433664K (68%)
----------------- Invoking toplevel() on ptolemy.moml.MoMLSimpleApplication@75ec623
----------------- Done invoking toplevel() on ptolemy.moml.MoMLSimpleApplication@75ec623
reloadAllAccessors: .arrayType14

===========================================================================================
----------------- testing Tue Feb 25 07:11:26 UTC 2020 /home/travis/build/icyphy/ptII/ptolemy/actor/lib/test/auto/arrayType15.xml
----------------- Instantiating /home/travis/build/icyphy/ptII/ptolemy/actor/lib/test/auto/arrayType15.xml
2 ms. Memory: 634880K Free: 428544K (68%)
----------------- Invoking toplevel() on ptolemy.moml.MoMLSimpleApplication@5abdcc62
----------------- Done invoking toplevel() on ptolemy.moml.MoMLSimpleApplication@5abdcc62
reloadAllAccessors: .arrayType15

===========================================================================================
----------------- testing Tue Feb 25 07:11:26 UTC 2020 /home/travis/build/icyphy/ptII/ptolemy/actor/lib/test/auto/arrayType16.xml
----------------- Instantiating /home/travis/build/icyphy/ptII/ptolemy/actor/lib/test/auto/arrayType16.xml
2 ms. Memory: 634880K Free: 423424K (67%)
----------------- Invoking toplevel() on ptolemy.moml.MoMLSimpleApplication@31571198
----------------- Done invoking toplevel() on ptolemy.moml.MoMLSimpleApplication@31571198
reloadAllAccessors: .arrayType16

===========================================================================================
----------------- testing Tue Feb 25 07:11:26 UTC 2020 /home/travis/build/icyphy/ptII/ptolemy/actor/lib/test/auto/arrayType17.xml
----------------- Instantiating /home/travis/build/icyphy/ptII/ptolemy/actor/lib/test/auto/arrayType17.xml
2 ms. Memory: 634880K Free: 417775K (66%)
----------------- Invoking toplevel() on ptolemy.moml.MoMLSimpleApplication@3df5956e
----------------- Done invoking toplevel() on ptolemy.moml.MoMLSimpleApplication@3df5956e
reloadAllAccessors: .arrayType17

===========================================================================================
----------------- testing Tue Feb 25 07:11:26 UTC 2020 /home/travis/build/icyphy/ptII/ptolemy/actor/lib/test/auto/arrayType18.xml
----------------- Instantiating /home/travis/build/icyphy/ptII/ptolemy/actor/lib/test/auto/arrayType18.xml
1 ms. Memory: 634880K Free: 413184K (65%)
----------------- Invoking toplevel() on ptolemy.moml.MoMLSimpleApplication@3571bbc9
----------------- Done invoking toplevel() on ptolemy.moml.MoMLSimpleApplication@3571bbc9
reloadAllAccessors: .arrayType18

===========================================================================================
----------------- testing Tue Feb 25 07:11:26 UTC 2020 /home/travis/build/icyphy/ptII/ptolemy/actor/lib/test/auto/arrayType19.xml
----------------- Instantiating /home/travis/build/icyphy/ptII/ptolemy/actor/lib/test/auto/arrayType19.xml
1 ms. Memory: 634880K Free: 408574K (64%)
----------------- Invoking toplevel() on ptolemy.moml.MoMLSimpleApplication@452a28f9
----------------- Done invoking toplevel() on ptolemy.moml.MoMLSimpleApplication@452a28f9
reloadAllAccessors: .arrayType19

===========================================================================================
----------------- testing Tue Feb 25 07:11:26 UTC 2020 /home/travis/build/icyphy/ptII/ptolemy/actor/lib/test/auto/arrayType2.xml
----------------- Instantiating /home/travis/build/icyphy/ptII/ptolemy/actor/lib/test/auto/arrayType2.xml
1 ms. Memory: 634880K Free: 403454K (64%)
----------------- Invoking toplevel() on ptolemy.moml.MoMLSimpleApplication@205df2cb
----------------- Done invoking toplevel() on ptolemy.moml.MoMLSimpleApplication@205df2cb
reloadAllAccessors: .arrayType2

===========================================================================================
----------------- testing Tue Feb 25 07:11:26 UTC 2020 /home/travis/build/icyphy/ptII/ptolemy/actor/lib/test/auto/arrayType20.xml
----------------- Instantiating /home/travis/build/icyphy/ptII/ptolemy/actor/lib/test/auto/arrayType20.xml
2 ms. Memory: 634880K Free: 398334K (63%)
----------------- Invoking toplevel() on ptolemy.moml.MoMLSimpleApplication@183be724
----------------- Done invoking toplevel() on ptolemy.moml.MoMLSimpleApplication@183be724
reloadAllAccessors: .arrayType20

===========================================================================================
----------------- testing Tue Feb 25 07:11:26 UTC 2020 /home/travis/build/icyphy/ptII/ptolemy/actor/lib/test/auto/arrayType21.xml
----------------- Instantiating /home/travis/build/icyphy/ptII/ptolemy/actor/lib/test/auto/arrayType21.xml
1 ms. Memory: 634880K Free: 393728K (62%)
----------------- Invoking toplevel() on ptolemy.moml.MoMLSimpleApplication@5088d53b
----------------- Done invoking toplevel() on ptolemy.moml.MoMLSimpleApplication@5088d53b
reloadAllAccessors: .arrayType21

===========================================================================================
----------------- testing Tue Feb 25 07:11:26 UTC 2020 /home/travis/build/icyphy/ptII/ptolemy/actor/lib/test/auto/arrayType22.xml
----------------- Instantiating /home/travis/build/icyphy/ptII/ptolemy/actor/lib/test/auto/arrayType22.xml
1 ms. Memory: 634880K Free: 389118K (61%)
----------------- Invoking toplevel() on ptolemy.moml.MoMLSimpleApplication@7b73c8b2
----------------- Done invoking toplevel() on ptolemy.moml.MoMLSimpleApplication@7b73c8b2
reloadAllAccessors: .arrayType22

===========================================================================================
----------------- testing Tue Feb 25 07:11:26 UTC 2020 /home/travis/build/icyphy/ptII/ptolemy/actor/lib/test/auto/arrayType23.xml
----------------- Instantiating /home/travis/build/icyphy/ptII/ptolemy/actor/lib/test/auto/arrayType23.xml
2 ms. Memory: 634880K Free: 384512K (61%)
----------------- Invoking toplevel() on ptolemy.moml.MoMLSimpleApplication@1cebcd1a
----------------- Done invoking toplevel() on ptolemy.moml.MoMLSimpleApplication@1cebcd1a
reloadAllAccessors: .arrayType23

===========================================================================================
----------------- testing Tue Feb 25 07:11:26 UTC 2020 /home/travis/build/icyphy/ptII/ptolemy/actor/lib/test/auto/arrayType24.xml
----------------- Instantiating /home/travis/build/icyphy/ptII/ptolemy/actor/lib/test/auto/arrayType24.xml
1 ms. Memory: 634880K Free: 379902K (60%)
----------------- Invoking toplevel() on ptolemy.moml.MoMLSimpleApplication@a4f066e
----------------- Done invoking toplevel() on ptolemy.moml.MoMLSimpleApplication@a4f066e
reloadAllAccessors: .arrayType24

===========================================================================================
----------------- testing Tue Feb 25 07:11:26 UTC 2020 /home/travis/build/icyphy/ptII/ptolemy/actor/lib/test/auto/arrayType25.xml
----------------- Instantiating /home/travis/build/icyphy/ptII/ptolemy/actor/lib/test/auto/arrayType25.xml
2 ms. Memory: 634880K Free: 373758K (59%)
----------------- Invoking toplevel() on ptolemy.moml.MoMLSimpleApplication@98f7878
----------------- Done invoking toplevel() on ptolemy.moml.MoMLSimpleApplication@98f7878
reloadAllAccessors: .arrayType25

===========================================================================================
----------------- testing Tue Feb 25 07:11:26 UTC 2020 /home/travis/build/icyphy/ptII/ptolemy/actor/lib/test/auto/arrayType26.xml
----------------- Instantiating /home/travis/build/icyphy/ptII/ptolemy/actor/lib/test/auto/arrayType26.xml
1 ms. Memory: 634880K Free: 368638K (58%)
----------------- Invoking toplevel() on ptolemy.moml.MoMLSimpleApplication@1e5643ed
----------------- Done invoking toplevel() on ptolemy.moml.MoMLSimpleApplication@1e5643ed
reloadAllAccessors: .arrayType26

===========================================================================================
----------------- testing Tue Feb 25 07:11:26 UTC 2020 /home/travis/build/icyphy/ptII/ptolemy/actor/lib/test/auto/arrayType27.xml
----------------- Instantiating /home/travis/build/icyphy/ptII/ptolemy/actor/lib/test/auto/arrayType27.xml
3 ms. Memory: 634880K Free: 363518K (57%)
----------------- Invoking toplevel() on ptolemy.moml.MoMLSimpleApplication@8ab7fd2
----------------- Done invoking toplevel() on ptolemy.moml.MoMLSimpleApplication@8ab7fd2
reloadAllAccessors: .arrayType27

===========================================================================================
----------------- testing Tue Feb 25 07:11:26 UTC 2020 /home/travis/build/icyphy/ptII/ptolemy/actor/lib/test/auto/arrayType28.xml
----------------- Instantiating /home/travis/build/icyphy/ptII/ptolemy/actor/lib/test/auto/arrayType28.xml
2 ms. Memory: 634880K Free: 358398K (56%)
----------------- Invoking toplevel() on ptolemy.moml.MoMLSimpleApplication@507c632d
----------------- Done invoking toplevel() on ptolemy.moml.MoMLSimpleApplication@507c632d
reloadAllAccessors: .arrayType28

===========================================================================================
----------------- testing Tue Feb 25 07:11:26 UTC 2020 /home/travis/build/icyphy/ptII/ptolemy/actor/lib/test/auto/arrayType3.xml
----------------- Instantiating /home/travis/build/icyphy/ptII/ptolemy/actor/lib/test/auto/arrayType3.xml
1 ms. Memory: 634880K Free: 352768K (56%)
----------------- Invoking toplevel() on ptolemy.moml.MoMLSimpleApplication@22d43945
----------------- Done invoking toplevel() on ptolemy.moml.MoMLSimpleApplication@22d43945
reloadAllAccessors: .arrayType3

===========================================================================================
----------------- testing Tue Feb 25 07:11:27 UTC 2020 /home/travis/build/icyphy/ptII/ptolemy/actor/lib/test/auto/arrayType4.xml
----------------- Instantiating /home/travis/build/icyphy/ptII/ptolemy/actor/lib/test/auto/arrayType4.xml
4 ms. Memory: 634880K Free: 347648K (55%)
----------------- Invoking toplevel() on ptolemy.moml.MoMLSimpleApplication@646c10df
----------------- Done invoking toplevel() on ptolemy.moml.MoMLSimpleApplication@646c10df
reloadAllAccessors: .arrayType4

===========================================================================================
----------------- testing Tue Feb 25 07:11:27 UTC 2020 /home/travis/build/icyphy/ptII/ptolemy/actor/lib/test/auto/arrayType5.xml
----------------- Instantiating /home/travis/build/icyphy/ptII/ptolemy/actor/lib/test/auto/arrayType5.xml
2 ms. Memory: 634880K Free: 342528K (54%)
----------------- Invoking toplevel() on ptolemy.moml.MoMLSimpleApplication@71776a6a
----------------- Done invoking toplevel() on ptolemy.moml.MoMLSimpleApplication@71776a6a
reloadAllAccessors: .arrayType5

===========================================================================================
----------------- testing Tue Feb 25 07:11:27 UTC 2020 /home/travis/build/icyphy/ptII/ptolemy/actor/lib/test/auto/arrayType6.xml
----------------- Instantiating /home/travis/build/icyphy/ptII/ptolemy/actor/lib/test/auto/arrayType6.xml
1 ms. Memory: 634880K Free: 337918K (53%)
----------------- Invoking toplevel() on ptolemy.moml.MoMLSimpleApplication@4eada9f1
----------------- Done invoking toplevel() on ptolemy.moml.MoMLSimpleApplication@4eada9f1
reloadAllAccessors: .arrayType6

===========================================================================================
----------------- testing Tue Feb 25 07:11:27 UTC 2020 /home/travis/build/icyphy/ptII/ptolemy/actor/lib/test/auto/arrayType7.xml
----------------- Instantiating /home/travis/build/icyphy/ptII/ptolemy/actor/lib/test/auto/arrayType7.xml
1 ms. Memory: 634880K Free: 332798K (52%)
----------------- Invoking toplevel() on ptolemy.moml.MoMLSimpleApplication@2b0671ab
----------------- Done invoking toplevel() on ptolemy.moml.MoMLSimpleApplication@2b0671ab
reloadAllAccessors: .arrayType7

===========================================================================================
----------------- testing Tue Feb 25 07:11:27 UTC 2020 /home/travis/build/icyphy/ptII/ptolemy/actor/lib/test/auto/arrayType8.xml
----------------- Instantiating /home/travis/build/icyphy/ptII/ptolemy/actor/lib/test/auto/arrayType8.xml
6 ms. Memory: 634880K Free: 328192K (52%)
----------------- Invoking toplevel() on ptolemy.moml.MoMLSimpleApplication@1f395ac4
----------------- Done invoking toplevel() on ptolemy.moml.MoMLSimpleApplication@1f395ac4
reloadAllAccessors: .arrayType8

===========================================================================================
----------------- testing Tue Feb 25 07:11:27 UTC 2020 /home/travis/build/icyphy/ptII/ptolemy/actor/lib/test/auto/arrayType9.xml
----------------- Instantiating /home/travis/build/icyphy/ptII/ptolemy/actor/lib/test/auto/arrayType9.xml
2 ms. Memory: 634880K Free: 323582K (51%)
----------------- Invoking toplevel() on ptolemy.moml.MoMLSimpleApplication@5a308cd8
----------------- Done invoking toplevel() on ptolemy.moml.MoMLSimpleApplication@5a308cd8
reloadAllAccessors: .arrayType9

===========================================================================================
----------------- testing Tue Feb 25 07:11:27 UTC 2020 /home/travis/build/icyphy/ptII/ptolemy/actor/lib/test/auto/cast.xml
----------------- Instantiating /home/travis/build/icyphy/ptII/ptolemy/actor/lib/test/auto/cast.xml
2 ms. Memory: 634880K Free: 318976K (50%)
----------------- Invoking toplevel() on ptolemy.moml.MoMLSimpleApplication@5c69306a
----------------- Done invoking toplevel() on ptolemy.moml.MoMLSimpleApplication@5c69306a
reloadAllAccessors: .cast

===========================================================================================
----------------- testing Tue Feb 25 07:11:27 UTC 2020 /home/travis/build/icyphy/ptII/ptolemy/actor/lib/test/auto/compositeMultiPort.xml
----------------- Instantiating /home/travis/build/icyphy/ptII/ptolemy/actor/lib/test/auto/compositeMultiPort.xml
3 ms. Memory: 634880K Free: 309760K (49%)
----------------- Invoking toplevel() on ptolemy.moml.MoMLSimpleApplication@3176bfdf
----------------- Done invoking toplevel() on ptolemy.moml.MoMLSimpleApplication@3176bfdf
reloadAllAccessors: .compositeMultiPort

===========================================================================================
----------------- testing Tue Feb 25 07:11:27 UTC 2020 /home/travis/build/icyphy/ptII/ptolemy/actor/lib/test/auto/expressionCastInference.xml
----------------- Instantiating /home/travis/build/icyphy/ptII/ptolemy/actor/lib/test/auto/expressionCastInference.xml
3 ms. Memory: 634880K Free: 305150K (48%)
----------------- Invoking toplevel() on ptolemy.moml.MoMLSimpleApplication@19c4f93b
----------------- Done invoking toplevel() on ptolemy.moml.MoMLSimpleApplication@19c4f93b
reloadAllAccessors: .expressionCastInference

===========================================================================================
----------------- testing Tue Feb 25 07:11:27 UTC 2020 /home/travis/build/icyphy/ptII/ptolemy/actor/lib/test/auto/expressionCastInference2.xml
----------------- Instantiating /home/travis/build/icyphy/ptII/ptolemy/actor/lib/test/auto/expressionCastInference2.xml
2 ms. Memory: 634880K Free: 300544K (47%)
----------------- Invoking toplevel() on ptolemy.moml.MoMLSimpleApplication@169de083
----------------- Done invoking toplevel() on ptolemy.moml.MoMLSimpleApplication@169de083
reloadAllAccessors: .expressionCastInference2

===========================================================================================
----------------- testing Tue Feb 25 07:11:27 UTC 2020 /home/travis/build/icyphy/ptII/ptolemy/actor/lib/test/auto/expressionInference.xml
----------------- Instantiating /home/travis/build/icyphy/ptII/ptolemy/actor/lib/test/auto/expressionInference.xml
1 ms. Memory: 634880K Free: 295934K (47%)
----------------- Invoking toplevel() on ptolemy.moml.MoMLSimpleApplication@49f9e0ee
----------------- Done invoking toplevel() on ptolemy.moml.MoMLSimpleApplication@49f9e0ee
reloadAllAccessors: .expressionInference

===========================================================================================
----------------- testing Tue Feb 25 07:11:27 UTC 2020 /home/travis/build/icyphy/ptII/ptolemy/actor/lib/test/auto/expression_bug.xml
----------------- Instantiating /home/travis/build/icyphy/ptII/ptolemy/actor/lib/test/auto/expression_bug.xml
1 ms. Memory: 634880K Free: 291838K (46%)
----------------- Invoking toplevel() on ptolemy.moml.MoMLSimpleApplication@15172ebd
----------------- Done invoking toplevel() on ptolemy.moml.MoMLSimpleApplication@15172ebd
reloadAllAccessors: .expression_bug

===========================================================================================
----------------- testing Tue Feb 25 07:11:27 UTC 2020 /home/travis/build/icyphy/ptII/ptolemy/actor/lib/test/auto/factorial.xml
----------------- Instantiating /home/travis/build/icyphy/ptII/ptolemy/actor/lib/test/auto/factorial.xml
37 ms. Memory: 634880K Free: 283136K (45%)
----------------- Invoking toplevel() on ptolemy.moml.MoMLSimpleApplication@1756d7a0
----------------- Done invoking toplevel() on ptolemy.moml.MoMLSimpleApplication@1756d7a0
reloadAllAccessors: .factorial

===========================================================================================
----------------- testing Tue Feb 25 07:11:27 UTC 2020 /home/travis/build/icyphy/ptII/ptolemy/actor/lib/test/auto/filterTest1.xml
----------------- Instantiating /home/travis/build/icyphy/ptII/ptolemy/actor/lib/test/auto/filterTest1.xml
3 ms. Memory: 634880K Free: 277502K (44%)
----------------- Invoking toplevel() on ptolemy.moml.MoMLSimpleApplication@50ef4d2
----------------- Done invoking toplevel() on ptolemy.moml.MoMLSimpleApplication@50ef4d2
reloadAllAccessors: .filterTest1

===========================================================================================
----------------- testing Tue Feb 25 07:11:27 UTC 2020 /home/travis/build/icyphy/ptII/ptolemy/actor/lib/test/auto/funcApplyInConst.xml
----------------- Instantiating /home/travis/build/icyphy/ptII/ptolemy/actor/lib/test/auto/funcApplyInConst.xml
1 ms. Memory: 634880K Free: 273406K (43%)
----------------- Invoking toplevel() on ptolemy.moml.MoMLSimpleApplication@61d0ccf2
----------------- Done invoking toplevel() on ptolemy.moml.MoMLSimpleApplication@61d0ccf2
reloadAllAccessors: .funcApplyInConst

===========================================================================================
----------------- testing Tue Feb 25 07:11:27 UTC 2020 /home/travis/build/icyphy/ptII/ptolemy/actor/lib/test/auto/funcApplyInExpr.xml
----------------- Instantiating /home/travis/build/icyphy/ptII/ptolemy/actor/lib/test/auto/funcApplyInExpr.xml
1 ms. Memory: 634880K Free: 269824K (43%)
----------------- Invoking toplevel() on ptolemy.moml.MoMLSimpleApplication@6d99f10a
----------------- Done invoking toplevel() on ptolemy.moml.MoMLSimpleApplication@6d99f10a
reloadAllAccessors: .funcApplyInExpr

===========================================================================================
----------------- testing Tue Feb 25 07:11:27 UTC 2020 /home/travis/build/icyphy/ptII/ptolemy/actor/lib/test/auto/function.xml
----------------- Instantiating /home/travis/build/icyphy/ptII/ptolemy/actor/lib/test/auto/function.xml
5 ms. Memory: 634880K Free: 265214K (42%)
----------------- Invoking toplevel() on ptolemy.moml.MoMLSimpleApplication@ce2117e
----------------- Done invoking toplevel() on ptolemy.moml.MoMLSimpleApplication@ce2117e
reloadAllAccessors: .function

===========================================================================================
----------------- testing Tue Feb 25 07:11:27 UTC 2020 /home/travis/build/icyphy/ptII/ptolemy/actor/lib/test/auto/function2.xml
----------------- Instantiating /home/travis/build/icyphy/ptII/ptolemy/actor/lib/test/auto/function2.xml
2 ms. Memory: 634880K Free: 574464K (90%)
----------------- Invoking toplevel() on ptolemy.moml.MoMLSimpleApplication@738bf47b
----------------- Done invoking toplevel() on ptolemy.moml.MoMLSimpleApplication@738bf47b
reloadAllAccessors: .function2

===========================================================================================
----------------- testing Tue Feb 25 07:11:27 UTC 2020 /home/travis/build/icyphy/ptII/ptolemy/actor/lib/test/auto/function3.xml
----------------- Instantiating /home/travis/build/icyphy/ptII/ptolemy/actor/lib/test/auto/function3.xml
1 ms. Memory: 634880K Free: 570878K (90%)
----------------- Invoking toplevel() on ptolemy.moml.MoMLSimpleApplication@7d3fadb5
----------------- Done invoking toplevel() on ptolemy.moml.MoMLSimpleApplication@7d3fadb5
reloadAllAccessors: .function3

===========================================================================================
----------------- testing Tue Feb 25 07:11:27 UTC 2020 /home/travis/build/icyphy/ptII/ptolemy/actor/lib/test/auto/functionClosureTest1.xml
----------------- Instantiating /home/travis/build/icyphy/ptII/ptolemy/actor/lib/test/auto/functionClosureTest1.xml
2 ms. Memory: 634880K Free: 565248K (89%)
----------------- Invoking toplevel() on ptolemy.moml.MoMLSimpleApplication@7b6adfbe
----------------- Done invoking toplevel() on ptolemy.moml.MoMLSimpleApplication@7b6adfbe
reloadAllAccessors: .functionClosureTest1

===========================================================================================
----------------- testing Tue Feb 25 07:11:27 UTC 2020 /home/travis/build/icyphy/ptII/ptolemy/actor/lib/test/auto/functionClosureTest2.xml
----------------- Instantiating /home/travis/build/icyphy/ptII/ptolemy/actor/lib/test/auto/functionClosureTest2.xml
2 ms. Memory: 634880K Free: 561662K (88%)
----------------- Invoking toplevel() on ptolemy.moml.MoMLSimpleApplication@6f51396
----------------- Done invoking toplevel() on ptolemy.moml.MoMLSimpleApplication@6f51396
reloadAllAccessors: .functionClosureTest2

===========================================================================================
----------------- testing Tue Feb 25 07:11:27 UTC 2020 /home/travis/build/icyphy/ptII/ptolemy/actor/lib/test/auto/functionClosureTest3.xml
----------------- Instantiating /home/travis/build/icyphy/ptII/ptolemy/actor/lib/test/auto/functionClosureTest3.xml
2 ms. Memory: 634880K Free: 556032K (88%)
----------------- Invoking toplevel() on ptolemy.moml.MoMLSimpleApplication@2e570318
----------------- Done invoking toplevel() on ptolemy.moml.MoMLSimpleApplication@2e570318
reloadAllAccessors: .functionClosureTest3

===========================================================================================
----------------- testing Tue Feb 25 07:11:27 UTC 2020 /home/travis/build/icyphy/ptII/ptolemy/actor/lib/test/auto/functionClosureTest4.xml
----------------- Instantiating /home/travis/build/icyphy/ptII/ptolemy/actor/lib/test/auto/functionClosureTest4.xml
4 ms. Memory: 634880K Free: 549888K (87%)
----------------- Invoking toplevel() on ptolemy.moml.MoMLSimpleApplication@2c694ce6
----------------- Done invoking toplevel() on ptolemy.moml.MoMLSimpleApplication@2c694ce6
reloadAllAccessors: .functionClosureTest4

===========================================================================================
----------------- testing Tue Feb 25 07:11:27 UTC 2020 /home/travis/build/icyphy/ptII/ptolemy/actor/lib/test/auto/functionClosureTest5.xml
----------------- Instantiating /home/travis/build/icyphy/ptII/ptolemy/actor/lib/test/auto/functionClosureTest5.xml
4 ms. Memory: 634880K Free: 544768K (86%)
----------------- Invoking toplevel() on ptolemy.moml.MoMLSimpleApplication@76d5df8d
----------------- Done invoking toplevel() on ptolemy.moml.MoMLSimpleApplication@76d5df8d
reloadAllAccessors: .functionClosureTest5

===========================================================================================
----------------- testing Tue Feb 25 07:11:27 UTC 2020 /home/travis/build/icyphy/ptII/ptolemy/actor/lib/test/auto/functionClosureTest6.xml
----------------- Instantiating /home/travis/build/icyphy/ptII/ptolemy/actor/lib/test/auto/functionClosureTest6.xml
2 ms. Memory: 634880K Free: 539648K (85%)
----------------- Invoking toplevel() on ptolemy.moml.MoMLSimpleApplication@1175419d
----------------- Done invoking toplevel() on ptolemy.moml.MoMLSimpleApplication@1175419d
reloadAllAccessors: .functionClosureTest6

===========================================================================================
----------------- testing Tue Feb 25 07:11:27 UTC 2020 /home/travis/build/icyphy/ptII/ptolemy/actor/lib/test/auto/functionsOnArcs.xml
----------------- Instantiating /home/travis/build/icyphy/ptII/ptolemy/actor/lib/test/auto/functionsOnArcs.xml
2 ms. Memory: 634880K Free: 534528K (84%)
----------------- Invoking toplevel() on ptolemy.moml.MoMLSimpleApplication@2a15968c
----------------- Done invoking toplevel() on ptolemy.moml.MoMLSimpleApplication@2a15968c
reloadAllAccessors: .functionsOnArcs

===========================================================================================
----------------- testing Tue Feb 25 07:11:27 UTC 2020 /home/travis/build/icyphy/ptII/ptolemy/actor/lib/test/auto/functionsOnArcsHOF.xml
----------------- Instantiating /home/travis/build/icyphy/ptII/ptolemy/actor/lib/test/auto/functionsOnArcsHOF.xml
3 ms. Memory: 634880K Free: 528894K (83%)
----------------- Invoking toplevel() on ptolemy.moml.MoMLSimpleApplication@38b5f05b
----------------- Done invoking toplevel() on ptolemy.moml.MoMLSimpleApplication@38b5f05b
reloadAllAccessors: .functionsOnArcsHOF

===========================================================================================
----------------- testing Tue Feb 25 07:11:27 UTC 2020 /home/travis/build/icyphy/ptII/ptolemy/actor/lib/test/auto/logic.xml
----------------- Instantiating /home/travis/build/icyphy/ptII/ptolemy/actor/lib/test/auto/logic.xml
2 ms. Memory: 634880K Free: 521216K (82%)
----------------- Invoking toplevel() on ptolemy.moml.MoMLSimpleApplication@310d436
----------------- Done invoking toplevel() on ptolemy.moml.MoMLSimpleApplication@310d436
reloadAllAccessors: .logic

===========================================================================================
----------------- testing Tue Feb 25 07:11:27 UTC 2020 /home/travis/build/icyphy/ptII/ptolemy/actor/lib/test/auto/matrixType.xml
----------------- Instantiating /home/travis/build/icyphy/ptII/ptolemy/actor/lib/test/auto/matrixType.xml
2 ms. Memory: 634880K Free: 516606K (81%)
----------------- Invoking toplevel() on ptolemy.moml.MoMLSimpleApplication@78ec74a6
----------------- Done invoking toplevel() on ptolemy.moml.MoMLSimpleApplication@78ec74a6
reloadAllAccessors: .matrixType

===========================================================================================
----------------- testing Tue Feb 25 07:11:27 UTC 2020 /home/travis/build/icyphy/ptII/ptolemy/actor/lib/test/auto/matrixType10.xml
----------------- Instantiating /home/travis/build/icyphy/ptII/ptolemy/actor/lib/test/auto/matrixType10.xml
2 ms. Memory: 634880K Free: 512000K (81%)
----------------- Invoking toplevel() on ptolemy.moml.MoMLSimpleApplication@53cc8053
----------------- Done invoking toplevel() on ptolemy.moml.MoMLSimpleApplication@53cc8053
reloadAllAccessors: .matrixType10

===========================================================================================
----------------- testing Tue Feb 25 07:11:27 UTC 2020 /home/travis/build/icyphy/ptII/ptolemy/actor/lib/test/auto/matrixType11.xml
----------------- Instantiating /home/travis/build/icyphy/ptII/ptolemy/actor/lib/test/auto/matrixType11.xml
1 ms. Memory: 634880K Free: 506880K (80%)
----------------- Invoking toplevel() on ptolemy.moml.MoMLSimpleApplication@774b7f66
----------------- Done invoking toplevel() on ptolemy.moml.MoMLSimpleApplication@774b7f66
reloadAllAccessors: .matrixType11

===========================================================================================
----------------- testing Tue Feb 25 07:11:27 UTC 2020 /home/travis/build/icyphy/ptII/ptolemy/actor/lib/test/auto/matrixType12.xml
----------------- Instantiating /home/travis/build/icyphy/ptII/ptolemy/actor/lib/test/auto/matrixType12.xml
1 ms. Memory: 634880K Free: 502270K (79%)
----------------- Invoking toplevel() on ptolemy.moml.MoMLSimpleApplication@565e8fd1
----------------- Done invoking toplevel() on ptolemy.moml.MoMLSimpleApplication@565e8fd1
reloadAllAccessors: .matrixType12

===========================================================================================
----------------- testing Tue Feb 25 07:11:27 UTC 2020 /home/travis/build/icyphy/ptII/ptolemy/actor/lib/test/auto/matrixType13.xml
----------------- Instantiating /home/travis/build/icyphy/ptII/ptolemy/actor/lib/test/auto/matrixType13.xml
2 ms. Memory: 634880K Free: 497664K (78%)
----------------- Invoking toplevel() on ptolemy.moml.MoMLSimpleApplication@4d5e6bf5
----------------- Done invoking toplevel() on ptolemy.moml.MoMLSimpleApplication@4d5e6bf5
reloadAllAccessors: .matrixType13

===========================================================================================
----------------- testing Tue Feb 25 07:11:27 UTC 2020 /home/travis/build/icyphy/ptII/ptolemy/actor/lib/test/auto/matrixType14.xml
----------------- Instantiating /home/travis/build/icyphy/ptII/ptolemy/actor/lib/test/auto/matrixType14.xml
2 ms. Memory: 634880K Free: 492030K (77%)
----------------- Invoking toplevel() on ptolemy.moml.MoMLSimpleApplication@25cbc873
----------------- Done invoking toplevel() on ptolemy.moml.MoMLSimpleApplication@25cbc873
reloadAllAccessors: .matrixType14

===========================================================================================
----------------- testing Tue Feb 25 07:11:27 UTC 2020 /home/travis/build/icyphy/ptII/ptolemy/actor/lib/test/auto/matrixType2.xml
----------------- Instantiating /home/travis/build/icyphy/ptII/ptolemy/actor/lib/test/auto/matrixType2.xml
1 ms. Memory: 634880K Free: 486895K (77%)
----------------- Invoking toplevel() on ptolemy.moml.MoMLSimpleApplication@5c540481
----------------- Done invoking toplevel() on ptolemy.moml.MoMLSimpleApplication@5c540481
reloadAllAccessors: .matrixType2

===========================================================================================
----------------- testing Tue Feb 25 07:11:27 UTC 2020 /home/travis/build/icyphy/ptII/ptolemy/actor/lib/test/auto/matrixType3.xml
----------------- Instantiating /home/travis/build/icyphy/ptII/ptolemy/actor/lib/test/auto/matrixType3.xml
4 ms. Memory: 634880K Free: 482304K (76%)
----------------- Invoking toplevel() on ptolemy.moml.MoMLSimpleApplication@3e52eae0
----------------- Done invoking toplevel() on ptolemy.moml.MoMLSimpleApplication@3e52eae0
reloadAllAccessors: .matrixType3

===========================================================================================
----------------- testing Tue Feb 25 07:11:27 UTC 2020 /home/travis/build/icyphy/ptII/ptolemy/actor/lib/test/auto/matrixType4.xml
----------------- Instantiating /home/travis/build/icyphy/ptII/ptolemy/actor/lib/test/auto/matrixType4.xml
1 ms. Memory: 634880K Free: 477184K (75%)
----------------- Invoking toplevel() on ptolemy.moml.MoMLSimpleApplication@7a1d4965
----------------- Done invoking toplevel() on ptolemy.moml.MoMLSimpleApplication@7a1d4965
reloadAllAccessors: .matrixType4

===========================================================================================
----------------- testing Tue Feb 25 07:11:27 UTC 2020 /home/travis/build/icyphy/ptII/ptolemy/actor/lib/test/auto/matrixType5.xml
----------------- Instantiating /home/travis/build/icyphy/ptII/ptolemy/actor/lib/test/auto/matrixType5.xml
2 ms. Memory: 634880K Free: 472574K (74%)
----------------- Invoking toplevel() on ptolemy.moml.MoMLSimpleApplication@688f158d
----------------- Done invoking toplevel() on ptolemy.moml.MoMLSimpleApplication@688f158d
reloadAllAccessors: .matrixType5

===========================================================================================
----------------- testing Tue Feb 25 07:11:27 UTC 2020 /home/travis/build/icyphy/ptII/ptolemy/actor/lib/test/auto/matrixType6.xml
----------------- Instantiating /home/travis/build/icyphy/ptII/ptolemy/actor/lib/test/auto/matrixType6.xml
2 ms. Memory: 634880K Free: 467968K (74%)
----------------- Invoking toplevel() on ptolemy.moml.MoMLSimpleApplication@42569da1
----------------- Done invoking toplevel() on ptolemy.moml.MoMLSimpleApplication@42569da1
reloadAllAccessors: .matrixType6

===========================================================================================
----------------- testing Tue Feb 25 07:11:27 UTC 2020 /home/travis/build/icyphy/ptII/ptolemy/actor/lib/test/auto/matrixType7.xml
----------------- Instantiating /home/travis/build/icyphy/ptII/ptolemy/actor/lib/test/auto/matrixType7.xml
2 ms. Memory: 634880K Free: 462848K (73%)
----------------- Invoking toplevel() on ptolemy.moml.MoMLSimpleApplication@234f674e
----------------- Done invoking toplevel() on ptolemy.moml.MoMLSimpleApplication@234f674e
reloadAllAccessors: .matrixType7

===========================================================================================
----------------- testing Tue Feb 25 07:11:27 UTC 2020 /home/travis/build/icyphy/ptII/ptolemy/actor/lib/test/auto/matrixType8.xml
----------------- Instantiating /home/travis/build/icyphy/ptII/ptolemy/actor/lib/test/auto/matrixType8.xml
2 ms. Memory: 634880K Free: 458238K (72%)
----------------- Invoking toplevel() on ptolemy.moml.MoMLSimpleApplication@468f42de
----------------- Done invoking toplevel() on ptolemy.moml.MoMLSimpleApplication@468f42de
reloadAllAccessors: .matrixType8

===========================================================================================
----------------- testing Tue Feb 25 07:11:27 UTC 2020 /home/travis/build/icyphy/ptII/ptolemy/actor/lib/test/auto/matrixType9.xml
----------------- Instantiating /home/travis/build/icyphy/ptII/ptolemy/actor/lib/test/auto/matrixType9.xml
1 ms. Memory: 634880K Free: 453118K (71%)
----------------- Invoking toplevel() on ptolemy.moml.MoMLSimpleApplication@68e19d28
----------------- Done invoking toplevel() on ptolemy.moml.MoMLSimpleApplication@68e19d28
reloadAllAccessors: .matrixType9

===========================================================================================
----------------- testing Tue Feb 25 07:11:27 UTC 2020 /home/travis/build/icyphy/ptII/ptolemy/actor/lib/test/auto/paraFunctest.xml
----------------- Instantiating /home/travis/build/icyphy/ptII/ptolemy/actor/lib/test/auto/paraFunctest.xml
2 ms. Memory: 634880K Free: 449022K (71%)
----------------- Invoking toplevel() on ptolemy.moml.MoMLSimpleApplication@77ea799a
----------------- Done invoking toplevel() on ptolemy.moml.MoMLSimpleApplication@77ea799a
reloadAllAccessors: .paraFunctest

===========================================================================================
----------------- testing Tue Feb 25 07:11:27 UTC 2020 /home/travis/build/icyphy/ptII/ptolemy/actor/lib/test/auto/paraFunctest2.xml
----------------- Instantiating /home/travis/build/icyphy/ptII/ptolemy/actor/lib/test/auto/paraFunctest2.xml
1 ms. Memory: 634880K Free: 445440K (70%)
----------------- Invoking toplevel() on ptolemy.moml.MoMLSimpleApplication@4b2ea74c
----------------- Done invoking toplevel() on ptolemy.moml.MoMLSimpleApplication@4b2ea74c
reloadAllAccessors: .paraFunctest2

===========================================================================================
----------------- testing Tue Feb 25 07:11:27 UTC 2020 /home/travis/build/icyphy/ptII/ptolemy/actor/lib/test/auto/parameterPassing.xml
----------------- Instantiating /home/travis/build/icyphy/ptII/ptolemy/actor/lib/test/auto/parameterPassing.xml
1 ms. Memory: 634880K Free: 440830K (69%)
----------------- Invoking toplevel() on ptolemy.moml.MoMLSimpleApplication@64006c26
----------------- Done invoking toplevel() on ptolemy.moml.MoMLSimpleApplication@64006c26
reloadAllAccessors: .parameterPassing

===========================================================================================
----------------- testing Tue Feb 25 07:11:27 UTC 2020 /home/travis/build/icyphy/ptII/ptolemy/actor/lib/test/auto/record.xml
----------------- Instantiating /home/travis/build/icyphy/ptII/ptolemy/actor/lib/test/auto/record.xml
3 ms. Memory: 634880K Free: 436224K (69%)
----------------- Invoking toplevel() on ptolemy.moml.MoMLSimpleApplication@439a017c
----------------- Done invoking toplevel() on ptolemy.moml.MoMLSimpleApplication@439a017c
reloadAllAccessors: .record

===========================================================================================
----------------- testing Tue Feb 25 07:11:27 UTC 2020 /home/travis/build/icyphy/ptII/ptolemy/actor/lib/test/auto/sizedarray1.xml
----------------- Instantiating /home/travis/build/icyphy/ptII/ptolemy/actor/lib/test/auto/sizedarray1.xml
2 ms. Memory: 634880K Free: 431104K (68%)
----------------- Invoking toplevel() on ptolemy.moml.MoMLSimpleApplication@401db2a2
----------------- Done invoking toplevel() on ptolemy.moml.MoMLSimpleApplication@401db2a2
reloadAllAccessors: .sizedarray1

===========================================================================================
----------------- testing Tue Feb 25 07:11:27 UTC 2020 /home/travis/build/icyphy/ptII/ptolemy/actor/lib/test/auto/sizedarray2.xml
----------------- Instantiating /home/travis/build/icyphy/ptII/ptolemy/actor/lib/test/auto/sizedarray2.xml
2 ms. Memory: 634880K Free: 425470K (67%)
----------------- Invoking toplevel() on ptolemy.moml.MoMLSimpleApplication@773ed602
----------------- Done invoking toplevel() on ptolemy.moml.MoMLSimpleApplication@773ed602
reloadAllAccessors: .sizedarray2

===========================================================================================
----------------- testing Tue Feb 25 07:11:27 UTC 2020 /home/travis/build/icyphy/ptII/ptolemy/actor/lib/test/auto/twoPublishers.xml
----------------- Instantiating /home/travis/build/icyphy/ptII/ptolemy/actor/lib/test/auto/twoPublishers.xml
6 ms. Memory: 634880K Free: 414720K (65%)
----------------- Invoking toplevel() on ptolemy.moml.MoMLSimpleApplication@4744b4b2
----------------- Done invoking toplevel() on ptolemy.moml.MoMLSimpleApplication@4744b4b2
reloadAllAccessors: .twoPublishers
AutoTests.java: About to close Vertx.
AutoTests.java: Vertx closed.
]]></system-out>
  <system-err><![CDATA[java.lang.RuntimeException: Execution failed
	at ptolemy.moml.MoMLSimpleApplication$UnloadThread.run(MoMLSimpleApplication.java:402)
Caused by: java.lang.RuntimeException: StringUtilities.exit() was called. Normally, we would exit here because Manager.exitAfterWrapup() was called.  However, because the ptolemy.ptII.exitAfterWrapup property is set, we throw this exception instead.
	at ptolemy.util.StringUtilities.exit(StringUtilities.java:365)
	at ptolemy.actor.Manager.wrapup(Manager.java:1549)
	at ptolemy.actor.Manager.execute(Manager.java:407)
	at ptolemy.actor.Manager.run(Manager.java:1263)
	at ptolemy.actor.Manager$PtolemyRunThread.run(Manager.java:1933)
Warning: '.top.test' is in training mode, set the trainingMode parameter to false before checking in
Warning: '.top.test' is in training mode, set the trainingMode parameter to false before checking in
Warning: '.top.test' is in training mode, set the trainingMode parameter to false before checking in
Warning: '.BooleanSwitch_RegressionTest_WrongTrainingValues.Test' is in training mode, set the trainingMode parameter to false before checking in
Warning: '.BooleanSwitch_RegressionTest_WrongTrainingValues.Test2' is in training mode, set the trainingMode parameter to false before checking in
Warning: '.BooleanSwitch_RegressionTest_WrongTrainingValues.Test2' The test produced 0 tokens.
Warning: '.top.testExceptionHandler' is in training mode, set the trainingMode parameter to false before checking in
java.lang.RuntimeException: Execution failed
	at ptolemy.moml.MoMLSimpleApplication$UnloadThread.run(MoMLSimpleApplication.java:402)
Caused by: ptolemy.kernel.util.IllegalActionException: PublisherPorts cannot be used at the top level, use a Publisher actor instead.
  in .PublisherPortToplevelSubscriber.PublisherPort
	at ptolemy.actor.PublisherPort.preinitialize(PublisherPort.java:403)
	at ptolemy.actor.CompositeActor.preinitialize(CompositeActor.java:1769)
	at ptolemy.actor.Manager.preinitializeAndResolveTypes(Manager.java:1040)
	at ptolemy.actor.Manager.initialize(Manager.java:710)
	at ptolemy.actor.Manager.execute(Manager.java:356)
	at ptolemy.actor.Manager.run(Manager.java:1263)
	at ptolemy.actor.Manager$PtolemyRunThread.run(Manager.java:1933)
java.lang.reflect.InvocationTargetException
	at java.base/jdk.internal.reflect.NativeConstructorAccessorImpl.newInstance0(Native Method)
	at java.base/jdk.internal.reflect.NativeConstructorAccessorImpl.newInstance(NativeConstructorAccessorImpl.java:62)
	at java.base/jdk.internal.reflect.DelegatingConstructorAccessorImpl.newInstance(DelegatingConstructorAccessorImpl.java:45)
	at java.base/java.lang.reflect.Constructor.newInstance(Constructor.java:490)
	at ptolemy.util.test.junit.AutoKnownFailedTests.RunModel(AutoKnownFailedTests.java:105)
	at java.base/jdk.internal.reflect.NativeMethodAccessorImpl.invoke0(Native Method)
	at java.base/jdk.internal.reflect.NativeMethodAccessorImpl.invoke(NativeMethodAccessorImpl.java:62)
	at java.base/jdk.internal.reflect.DelegatingMethodAccessorImpl.invoke(DelegatingMethodAccessorImpl.java:43)
	at java.base/java.lang.reflect.Method.invoke(Method.java:566)
	at org.junit.runners.model.FrameworkMethod$1.runReflectiveCall(FrameworkMethod.java:44)
	at org.junit.internal.runners.model.ReflectiveCallable.run(ReflectiveCallable.java:15)
	at org.junit.runners.model.FrameworkMethod.invokeExplosively(FrameworkMethod.java:41)
	at junitparams.internal.InvokeParameterisedMethod.evaluate(InvokeParameterisedMethod.java:102)
	at org.junit.internal.runners.statements.FailOnTimeout$1.run(FailOnTimeout.java:28)
Caused by: ptolemy.kernel.util.IllegalActionException: PublisherPorts cannot be used at the top level, use a Publisher actor instead.
  in .PublisherPortToplevelSubscriber.PublisherPort
	at ptolemy.actor.PublisherPort.preinitialize(PublisherPort.java:403)
	at ptolemy.actor.CompositeActor.preinitialize(CompositeActor.java:1769)
	at ptolemy.actor.Manager.preinitializeAndResolveTypes(Manager.java:1040)
	at ptolemy.actor.Manager.initialize(Manager.java:710)
	at ptolemy.actor.Manager.execute(Manager.java:356)
	at ptolemy.actor.Manager.run(Manager.java:1263)
	at ptolemy.actor.Manager$PtolemyRunThread.run(Manager.java:1933)
java.lang.RuntimeException: Execution failed
	at ptolemy.moml.MoMLSimpleApplication$UnloadThread.run(MoMLSimpleApplication.java:402)
Caused by: ptolemy.kernel.util.IllegalActionException: SubscriberPorts cannot be used at the top level, use a Subscriber actor instead.
  in .PublisherSubscriberPortToplevel.SubscriberPort
	at ptolemy.actor.SubscriberPort.preinitialize(SubscriberPort.java:328)
	at ptolemy.actor.CompositeActor.preinitialize(CompositeActor.java:1769)
	at ptolemy.actor.Manager.preinitializeAndResolveTypes(Manager.java:1040)
	at ptolemy.actor.Manager.initialize(Manager.java:710)
	at ptolemy.actor.Manager.execute(Manager.java:356)
	at ptolemy.actor.Manager.run(Manager.java:1263)
	at ptolemy.actor.Manager$PtolemyRunThread.run(Manager.java:1933)
java.lang.reflect.InvocationTargetException
	at java.base/jdk.internal.reflect.NativeConstructorAccessorImpl.newInstance0(Native Method)
	at java.base/jdk.internal.reflect.NativeConstructorAccessorImpl.newInstance(NativeConstructorAccessorImpl.java:62)
	at java.base/jdk.internal.reflect.DelegatingConstructorAccessorImpl.newInstance(DelegatingConstructorAccessorImpl.java:45)
	at java.base/java.lang.reflect.Constructor.newInstance(Constructor.java:490)
	at ptolemy.util.test.junit.AutoKnownFailedTests.RunModel(AutoKnownFailedTests.java:105)
	at java.base/jdk.internal.reflect.NativeMethodAccessorImpl.invoke0(Native Method)
	at java.base/jdk.internal.reflect.NativeMethodAccessorImpl.invoke(NativeMethodAccessorImpl.java:62)
	at java.base/jdk.internal.reflect.DelegatingMethodAccessorImpl.invoke(DelegatingMethodAccessorImpl.java:43)
	at java.base/java.lang.reflect.Method.invoke(Method.java:566)
	at org.junit.runners.model.FrameworkMethod$1.runReflectiveCall(FrameworkMethod.java:44)
	at org.junit.internal.runners.model.ReflectiveCallable.run(ReflectiveCallable.java:15)
	at org.junit.runners.model.FrameworkMethod.invokeExplosively(FrameworkMethod.java:41)
	at junitparams.internal.InvokeParameterisedMethod.evaluate(InvokeParameterisedMethod.java:102)
	at org.junit.internal.runners.statements.FailOnTimeout$1.run(FailOnTimeout.java:28)
Caused by: ptolemy.kernel.util.IllegalActionException: SubscriberPorts cannot be used at the top level, use a Subscriber actor instead.
  in .PublisherSubscriberPortToplevel.SubscriberPort
	at ptolemy.actor.SubscriberPort.preinitialize(SubscriberPort.java:328)
	at ptolemy.actor.CompositeActor.preinitialize(CompositeActor.java:1769)
	at ptolemy.actor.Manager.preinitializeAndResolveTypes(Manager.java:1040)
	at ptolemy.actor.Manager.initialize(Manager.java:710)
	at ptolemy.actor.Manager.execute(Manager.java:356)
	at ptolemy.actor.Manager.run(Manager.java:1263)
	at ptolemy.actor.Manager$PtolemyRunThread.run(Manager.java:1933)
java.lang.RuntimeException: Execution failed
	at ptolemy.moml.MoMLSimpleApplication$UnloadThread.run(MoMLSimpleApplication.java:402)
Caused by: ptolemy.kernel.util.IllegalActionException: SubscriptionAggregatorPorts cannot be used at the top level, use a SubscriptionAggregator actor instead.
  in .PublisherSubscriptionAggregatorPort.SubscriptionAggregatorPort
	at ptolemy.actor.SubscriptionAggregatorPort.preinitialize(SubscriptionAggregatorPort.java:353)
	at ptolemy.actor.CompositeActor.preinitialize(CompositeActor.java:1769)
	at ptolemy.actor.Manager.preinitializeAndResolveTypes(Manager.java:1040)
	at ptolemy.actor.Manager.initialize(Manager.java:710)
	at ptolemy.actor.Manager.execute(Manager.java:356)
	at ptolemy.actor.Manager.run(Manager.java:1263)
	at ptolemy.actor.Manager$PtolemyRunThread.run(Manager.java:1933)
java.lang.reflect.InvocationTargetException
	at java.base/jdk.internal.reflect.NativeConstructorAccessorImpl.newInstance0(Native Method)
	at java.base/jdk.internal.reflect.NativeConstructorAccessorImpl.newInstance(NativeConstructorAccessorImpl.java:62)
	at java.base/jdk.internal.reflect.DelegatingConstructorAccessorImpl.newInstance(DelegatingConstructorAccessorImpl.java:45)
	at java.base/java.lang.reflect.Constructor.newInstance(Constructor.java:490)
	at ptolemy.util.test.junit.AutoKnownFailedTests.RunModel(AutoKnownFailedTests.java:105)
	at java.base/jdk.internal.reflect.NativeMethodAccessorImpl.invoke0(Native Method)
	at java.base/jdk.internal.reflect.NativeMethodAccessorImpl.invoke(NativeMethodAccessorImpl.java:62)
	at java.base/jdk.internal.reflect.DelegatingMethodAccessorImpl.invoke(DelegatingMethodAccessorImpl.java:43)
	at java.base/java.lang.reflect.Method.invoke(Method.java:566)
	at org.junit.runners.model.FrameworkMethod$1.runReflectiveCall(FrameworkMethod.java:44)
	at org.junit.internal.runners.model.ReflectiveCallable.run(ReflectiveCallable.java:15)
	at org.junit.runners.model.FrameworkMethod.invokeExplosively(FrameworkMethod.java:41)
	at junitparams.internal.InvokeParameterisedMethod.evaluate(InvokeParameterisedMethod.java:102)
	at org.junit.internal.runners.statements.FailOnTimeout$1.run(FailOnTimeout.java:28)
Caused by: ptolemy.kernel.util.IllegalActionException: SubscriptionAggregatorPorts cannot be used at the top level, use a SubscriptionAggregator actor instead.
  in .PublisherSubscriptionAggregatorPort.SubscriptionAggregatorPort
	at ptolemy.actor.SubscriptionAggregatorPort.preinitialize(SubscriptionAggregatorPort.java:353)
	at ptolemy.actor.CompositeActor.preinitialize(CompositeActor.java:1769)
	at ptolemy.actor.Manager.preinitializeAndResolveTypes(Manager.java:1040)
	at ptolemy.actor.Manager.initialize(Manager.java:710)
	at ptolemy.actor.Manager.execute(Manager.java:356)
	at ptolemy.actor.Manager.run(Manager.java:1263)
	at ptolemy.actor.Manager$PtolemyRunThread.run(Manager.java:1933)
java.lang.RuntimeException: Execution failed
	at ptolemy.moml.MoMLSimpleApplication$UnloadThread.run(MoMLSimpleApplication.java:402)
Caused by: ptolemy.kernel.util.IllegalActionException: TypeTest actor has no training data.
  in .sizedarray3.TypeTest
	at ptolemy.actor.lib.TypeTest.initialize(TypeTest.java:250)
	at ptolemy.actor.Director.initialize(Director.java:938)
	at ptolemy.actor.Director.initialize(Director.java:907)
	at ptolemy.actor.sched.StaticSchedulingDirector.initialize(StaticSchedulingDirector.java:159)
	at ptolemy.domains.sdf.kernel.SDFDirector.initialize(SDFDirector.java:544)
	at ptolemy.actor.CompositeActor.initialize(CompositeActor.java:935)
	at ptolemy.actor.Manager.initialize(Manager.java:724)
	at ptolemy.actor.Manager.execute(Manager.java:356)
	at ptolemy.actor.Manager.run(Manager.java:1263)
	at ptolemy.actor.Manager$PtolemyRunThread.run(Manager.java:1933)
java.lang.reflect.InvocationTargetException
	at java.base/jdk.internal.reflect.NativeConstructorAccessorImpl.newInstance0(Native Method)
	at java.base/jdk.internal.reflect.NativeConstructorAccessorImpl.newInstance(NativeConstructorAccessorImpl.java:62)
	at java.base/jdk.internal.reflect.DelegatingConstructorAccessorImpl.newInstance(DelegatingConstructorAccessorImpl.java:45)
	at java.base/java.lang.reflect.Constructor.newInstance(Constructor.java:490)
	at ptolemy.util.test.junit.AutoKnownFailedTests.RunModel(AutoKnownFailedTests.java:105)
	at java.base/jdk.internal.reflect.NativeMethodAccessorImpl.invoke0(Native Method)
	at java.base/jdk.internal.reflect.NativeMethodAccessorImpl.invoke(NativeMethodAccessorImpl.java:62)
	at java.base/jdk.internal.reflect.DelegatingMethodAccessorImpl.invoke(DelegatingMethodAccessorImpl.java:43)
	at java.base/java.lang.reflect.Method.invoke(Method.java:566)
	at org.junit.runners.model.FrameworkMethod$1.runReflectiveCall(FrameworkMethod.java:44)
	at org.junit.internal.runners.model.ReflectiveCallable.run(ReflectiveCallable.java:15)
	at org.junit.runners.model.FrameworkMethod.invokeExplosively(FrameworkMethod.java:41)
	at junitparams.internal.InvokeParameterisedMethod.evaluate(InvokeParameterisedMethod.java:102)
	at org.junit.internal.runners.statements.FailOnTimeout$1.run(FailOnTimeout.java:28)
Caused by: ptolemy.kernel.util.IllegalActionException: TypeTest actor has no training data.
  in .sizedarray3.TypeTest
	at ptolemy.actor.lib.TypeTest.initialize(TypeTest.java:250)
	at ptolemy.actor.Director.initialize(Director.java:938)
	at ptolemy.actor.Director.initialize(Director.java:907)
	at ptolemy.actor.sched.StaticSchedulingDirector.initialize(StaticSchedulingDirector.java:159)
	at ptolemy.domains.sdf.kernel.SDFDirector.initialize(SDFDirector.java:544)
	at ptolemy.actor.CompositeActor.initialize(CompositeActor.java:935)
	at ptolemy.actor.Manager.initialize(Manager.java:724)
	at ptolemy.actor.Manager.execute(Manager.java:356)
	at ptolemy.actor.Manager.run(Manager.java:1263)
	at ptolemy.actor.Manager$PtolemyRunThread.run(Manager.java:1933)
]]></system-err>
</testsuite>
