<?xml version="1.0" encoding="UTF-8" ?>
<testsuite errors="1" failures="2" hostname="travis-job-fc23237c-48b1-43fa-a235-1c933feee809" name="ptolemy.actor.lib.test.junit.JUnitTclTest" skipped="0" tests="517" time="65.661" timestamp="2019-06-23T04:44:00">
  <properties>
    <property name="npm.executable" value="npm" />
    <property name="env.TRAVIS_ROOT" value="/" />
    <property name="ptII.mk.exists" value="true" />
    <property name="env.TRAVIS_APP_HOST" value="build.travis-ci.org" />
    <property name="env.rvm_bin_path" value="/home/travis/.rvm/bin" />
    <property name="java.home" value="/usr/local/lib/jvm/openjdk11" />
    <property name="env.TRAVIS_JOB_NUMBER" value="1177.8" />
    <property name="env.TRAVIS_HOME" value="/home/travis" />
    <property name="env.DISPLAY" value=":99.0" />
    <property name="env.TRAVIS_INIT" value="systemd" />
    <property name="env.SSH_TTY" value="/dev/pts/0" />
    <property name="java.net.preferIPv4Stack" value="true" />
    <property name="env.RUN_TESTS" value="true" />
    <property name="timeout.short" value="1000000" />
    <property name="junit.formatter" value="xml" />
    <property name="env.TRAVIS_SUDO" value="true" />
    <property name="env.TRAVIS_JOB_NAME" value="" />
    <property name="env.TRAVIS_STACK_NODE_ATTRIBUTES" value="/.node-attributes.yml" />
    <property name="env.LOGNAME" value="travis" />
    <property name="env.PT_TRAVIS_TEST_CORE1_XML" value="true" />
    <property name="jsdoc.home" value="node_modules/@terraswarm/jsdoc" />
    <property name="debuglevel" value="source,lines,vars" />
    <property name="checkstyle.formatter" value="xml" />
    <property name="env._system_version" value="16.04" />
    <property name="bin.vergil.makeable" value="true" />
    <property name="sun.os.patch.level" value="unknown" />
    <property name="java.vendor.url" value="http://java.oracle.com/" />
    <property name="env.TRAVIS_BUILD_WEB_URL" value="https://travis-ci.org/icyphy/ptII/builds/549262085" />
    <property name="java.version" value="11.0.2" />
    <property name="env.TZ" value="UTC" />
    <property name="env.TRAVIS_PULL_REQUEST_SHA" value="" />
    <property name="env.PT_NO_NET" value="true" />
    <property name="env.TRAVIS_SECURE_ENV_VARS" value="true" />
    <property name="env._system_type" value="Linux" />
    <property name="java.vendor.url.bug" value="http://bugreport.java.com/bugreport/" />
    <property name="npmjs-org-is-up" value="true" />
    <property name="env.LANGUAGE" value="en_US.UTF-8" />
    <property name="env.SSH_CLIENT" value="10.10.4.54 40322 22" />
    <property name="env.GEM_HOME" value="/home/travis/.rvm/gems/ruby-2.5.3" />
    <property name="env.HAS_ANTARES_THREE_LITTLE_FRONZIES_BADGE" value="true" />
    <property name="java.version.date" value="2019-01-15" />
    <property name="env.PS4" value="+" />
    <property name="ant.project.invoked-targets" value="build,test.core1.xml" />
    <property name="env.TRAVIS_PULL_REQUEST_BRANCH" value="" />
    <property name="env.TRAVIS_REPO_SLUG" value="icyphy/ptII" />
    <property name="env.XDG_DATA_DIRS" value="/usr/local/share:/usr/share:/var/lib/snapd/desktop" />
    <property name="jdk.debug" value="release" />
    <property name="env.TRAVIS_APT_PROXY" value="http://apt.cache.travis-ci.com" />
    <property name="node.in.path" value="true" />
    <property name="user.name" value="travis" />
    <property name="java.maxmemory" value="1400m" />
    <property name="env.RUBY_VERSION" value="ruby-2.5.3" />
    <property name="env.LANG" value="en_US.UTF-8" />
    <property name="sun.io.unicode.encoding" value="UnicodeLittle" />
    <property name="sun.jnu.encoding" value="UTF-8" />
    <property name="java.runtime.name" value="OpenJDK Runtime Environment" />
    <property name="usefile" value="false" />
    <property name="return.code" value="0" />
    <property name="junit.single.formatter" value="plain" />
    <property name="env.DYLD_LIBRARY_PATH" value="/home/travis/pthla/certi-tools/lib:" />
    <property name="env.DEBIAN_FRONTEND" value="noninteractive" />
    <property name="env.SSH_CONNECTION" value="10.10.4.54 40322 10.20.3.209 22" />
    <property name="env.MYSQL_UNIX_PORT" value="/var/run/mysqld/mysqld.sock" />
    <property name="env.LC_ALL" value="en_US.UTF-8" />
    <property name="env.TRAVIS_ALLOW_FAILURE" value="false" />
    <property name="env.TRAVIS_JOB_WEB_URL" value="https://travis-ci.org/icyphy/ptII/jobs/549262093" />
    <property name="java.specification.name" value="Java Platform API Specification" />
    <property name="node.works" value="true" />
    <property name="user.timezone" value="" />
    <property name="path.separator" value=":" />
    <property name="env.TRAVIS_ENABLE_INFRA_DETECTION" value="true" />
    <property name="env.PYTHON_CFLAGS" value="-g -fstack-protector --param=ssp-buffer-size=4 -Wformat -Werror=format-security" />
    <property name="timeout.long" value="4000000" />
    <property name="env.CERTI_HOME" value="/home/travis/pthla/certi-tools" />
    <property name="ant.file.ptII" value="/home/travis/build/icyphy/ptII/build.xml" />
    <property name="javadoc.packagenames" value="com.*,diva.*,lbnl.*,org.hlacerti.*,org.json.*,org.ptolemy.*,org.terraswarm.*,ptolemy.*,ptserver.*" />
    <property name="file.encoding" value="UTF-8" />
    <property name="env.TRAVIS_PULL_REQUEST_SLUG" value="" />
    <property name="ant.project.default-target" value="build" />
    <property name="env.GIT_ASKPASS" value="echo" />
    <property name="env.HOME" value="/home/travis" />
    <property name="sun.java.command" value="org.apache.tools.ant.taskdefs.optional.junit.JUnitTestRunner ptolemy.actor.lib.test.junit.JUnitTclTest skipNonTests=false filtertrace=true haltOnError=false haltOnFailure=false formatter=org.apache.tools.ant.taskdefs.optional.junit.OutErrSummaryJUnitResultFormatter showoutput=true outputtoformatters=true logfailedtests=true threadid=0 logtestlistenerevents=false formatter=org.apache.tools.ant.taskdefs.optional.junit.XMLJUnitResultFormatter,/home/travis/build/icyphy/ptII/reports/junit/TEST-ptolemy.actor.lib.test.junit.JUnitTclTest.xml crashfile=/home/travis/build/icyphy/ptII/junitvmwatcher7239509552751298982.properties propsfile=/home/travis/build/icyphy/ptII/junit4690721820962301212.properties" />
    <property name="env.COMPOSER_NO_INTERACTION" value="1" />
    <property name="env.MANPATH" value="/home/travis/.nvm/versions/node/v7.10.1/share/man:/home/travis/.rvm/rubies/ruby-2.5.3/share/man:/usr/local/cmake-3.12.4/man:/usr/local/clang-7.0.0/share/man:/usr/local/man:/usr/local/share/man:/usr/share/man:/home/travis/.rvm/man" />
    <property name="env.TRAVIS_TIMER_ID" value="3d2a1964" />
    <property name="ant.file" value="/home/travis/build/icyphy/ptII/build.xml" />
    <property name="env.TRAVIS_COMMIT_RANGE" value="21a84221cb4bcd37fabfbb95be95dcadf98df169...02afe38d468878b3a6dab5418f36a6f702f8c5ef" />
    <property name="env._system_name" value="Ubuntu" />
    <property name="ptII.classpath.optional.property" value="/home/travis/build/icyphy/ptII/lib/bsh-2.0b4.jar:/home/travis/build/icyphy/ptII/lib/ptCal.jar:/home/travis/build/icyphy/ptII/lib/java_cup.jar:/home/travis/build/icyphy/ptII/lib/saxon8.jar:/home/travis/build/icyphy/ptII/lib/saxon8-dom.jar:/home/travis/build/icyphy/ptII/lib/chic.jar:/home/travis/build/icyphy/ptII/lib/ptcolt.jar:/home/travis/build/icyphy/ptII/vendors/misc/itext/iText.jar:/home/travis/build/icyphy/ptII/lib/g4ltl.jar:/home/travis/build/icyphy/ptII/lib/StructuralCoder.jar:/home/travis/build/icyphy/ptII/vendors/jai-1_1_2_01/lib/jai_core.jar:/home/travis/build/icyphy/ptII/vendors/jai-1_1_2_01/lib/jai_codec.jar:/home/travis/build/icyphy/ptII/lib/jcerti.jar:/home/travis/build/icyphy/ptII/lib/javax.mail.jar:/home/travis/build/icyphy/ptII/vendors/JMF-2.1.1e/lib/jmf.jar:/home/travis/build/icyphy/ptII/lib/jna-4.0.0-variadic.jar:/home/travis/build/icyphy/ptII/vendors/misc/joystick/Joystick.jar:/home/travis/build/icyphy/ptII/lib/ptjacl.jar:/home/travis/build/icyphy/ptII/lib/jsoup-1.8.2.jar:/home/travis/build/icyphy/ptII/lib/junit-4.8.2.jar:/home/travis/build/icyphy/ptII/lib/JUnitParams-0.4.0.jar:/home/travis/build/icyphy/ptII/ptolemy/actor/lib/excel/jxl.jar:/home/travis/build/icyphy/ptII/lib/jython.jar:/home/travis/build/icyphy/ptII/lib/kieler.jar:/home/travis/build/icyphy/ptII/vendors/opencv/share/OpenCV/java/opencv-341.jar:/home/travis/build/icyphy/ptII/lib/oscP5.jar:/home/travis/build/icyphy/ptII/lib/nrjavaserial-3.11.0.devel.jar:/home/travis/build/icyphy/ptII/vendors/j3d/lib/j3dcore.jar:/home/travis/build/icyphy/ptII/vendors/j3d/lib/j3dutils.jar:/home/travis/build/icyphy/ptII/vendors/j3d/lib/vecmath.jar:/home/travis/build/icyphy/ptII/ptolemy/distributed/jini/jar/jini-core.jar:/home/travis/build/icyphy/ptII/ptolemy/distributed/jini/jar/jini-ext.jar:/home/travis/build/icyphy/ptII/ptolemy/distributed/jini/jar/sun-util.jar:/home/travis/build/icyphy/ptII/lib/protobuf-java-2.4.1.jar:/home/travis/build/icyphy/ptII/lib/org.eclipse.paho.client.mqttv3.jar:/home/travis/build/icyphy/ptII/lib/mapss.jar:/home/travis/build/icyphy/ptII/ptolemy/actor/ptalon/antlr/antlr.jar:/home/travis/build/icyphy/ptII/lib/JRI.jar:/home/travis/build/icyphy/ptII/lib/commons-lang-2.6.jar:/home/travis/build/icyphy/ptII/lib/commons-logging-1.1.1.jar:/home/travis/build/icyphy/ptII/lib/sootclasses.jar:/home/travis/build/icyphy/ptII/ptolemy/actor/lib/database/mysql-connector-java-5.1.6-bin.jar:/home/travis/build/icyphy/ptII/vendors/misc/sphinx4/sphinx4-data-5prealpha.jar:/home/travis/build/icyphy/ptII/vendors/misc/sphinx4/sphinx4-core-5prealpha.jar:/home/travis/build/icyphy/ptII/lib/PDFRenderer.jar:/home/travis/build/icyphy/ptII/lib/svgSalamander.jar:/home/travis/build/icyphy/ptII/lib/rsyntaxtextarea-2.6.0-SNAPSHOT.jar:/home/travis/build/icyphy/ptII/lib/hazelcast-3.8.2.jar:/home/travis/build/icyphy/ptII/lib/jackson-annotations-2.9.0.jar:/home/travis/build/icyphy/ptII/lib/jackson-core-2.9.3.jar:/home/travis/build/icyphy/ptII/lib/jackson-databind-2.9.3.jar:/home/travis/build/icyphy/ptII/lib/netty-buffer-4.1.19.Final.jar:/home/travis/build/icyphy/ptII/lib/netty-codec-4.1.19.Final.jar:/home/travis/build/icyphy/ptII/lib/netty-codec-dns-4.1.19.Final.jar:/home/travis/build/icyphy/ptII/lib/netty-codec-http-4.1.19.Final.jar:/home/travis/build/icyphy/ptII/lib/netty-codec-http2-4.1.19.Final.jar:/home/travis/build/icyphy/ptII/lib/netty-common-4.1.19.Final.jar:/home/travis/build/icyphy/ptII/lib/netty-handler-4.1.19.Final.jar:/home/travis/build/icyphy/ptII/lib/netty-resolver-4.1.19.Final.jar:/home/travis/build/icyphy/ptII/lib/netty-resolver-dns-4.1.19.Final.jar:/home/travis/build/icyphy/ptII/lib/netty-transport-4.1.19.Final.jar:/home/travis/build/icyphy/ptII/lib/vertx-codegen-3.5.1.jar:/home/travis/build/icyphy/ptII/lib/vertx-core-3.5.2-SNAPSHOT.jar:/home/travis/build/icyphy/ptII/lib/vertx-hazelcast-3.5.1.jar:/home/travis/build/icyphy/ptII/lib/vertx-lang-js-3.5.1.jar:/home/travis/build/icyphy/ptII/lib/vertx-service-proxy-3.5.1.jar:/home/travis/build/icyphy/ptII/lib/vertx-web-3.5.1.jar:/home/travis/build/icyphy/ptII/lib/slf4j-api-1.7.13.jar:/home/travis/build/icyphy/ptII/lib/slf4j-simple-1.7.13.jar:/home/travis/build/icyphy/ptII/lib/webcam-capture-0.3.12.jar:/home/travis/build/icyphy/ptII/lib/bridj-0.7.0.jar:/home/travis/build/icyphy/ptII/lib/xbjlib-1.1.0.nrjavaserial.jar" />
    <property name="timeout" value="2400000" />
    <property name="test.batch" value="**/junit/*.java" />
    <property name="env._" value="/usr/bin/timeout" />
    <property name="java.io.tmpdir" value="/tmp" />
    <property name="user.language" value="en" />
    <property name="env.TRAVIS_INTERNAL_RUBY_REGEX" value="^ruby-(2\.[0-4]\.[0-9]|1\.9\.3)" />
    <property name="env.HISTCONTROL" value="ignoredups:ignorespace" />
    <property name="env.GOROOT" value="/home/travis/.gimme/versions/go1.11.1.linux.amd64" />
    <property name="line.separator" value="&#xa;" />
    <property name="target" value="11" />
    <property name="env.TRAVIS_BUILD_DIR" value="/home/travis/build/icyphy/ptII" />
    <property name="env.ANT_OPTS" value="-Xmx2048m" />
    <property name="ant.file.type" value="file" />
    <property name="ptolemy.ptII.batchMode" value="true" />
    <property name="env.HISTSIZE" value="1000" />
    <property name="env.MERB_ENV" value="test" />
    <property name="java.vm.info" value="mixed mode" />
    <property name="source" value="11" />
    <property name="java.vm.specification.name" value="Java Virtual Machine Specification" />
    <property name="env.TRAVIS_TEST_RESULT" value="0" />
    <property name="jsdoc.command" value="node_modules/@terraswarm/jsdoc/jsdoc.js" />
    <property name="npm.works" value="true" />
    <property name="cobertura.dir" value="/home/travis/build/icyphy/ptII/vendors/cobertura-2.0.3" />
    <property name="env.rvm_path" value="/home/travis/.rvm" />
    <property name="env.GEM_PATH" value="/home/travis/.rvm/gems/ruby-2.5.3:/home/travis/.rvm/gems/ruby-2.5.3@global" />
    <property name="env.LC_CTYPE" value="en_US.UTF-8" />
    <property name="env.TRAVIS_CMD" value="$PTII/bin/ptIITravisBuild.sh $SECONDS" />
    <property name="java.awt.printerjob" value="sun.print.PSPrinterJob" />
    <property name="env.TRAVIS_STACK_NAME" value="sardonyx" />
    <property name="env.TRAVIS_TIMER_START_TIME" value="1561264349620035382" />
    <property name="ant.version" value="Apache Ant(TM) version 1.10.1 compiled on February 2 2017" />
    <property name="ptII.reports" value="/home/travis/build/icyphy/ptII/reports" />
    <property name="env.TRAVIS_STACK_TIMESTAMP" value="2019-03-25 16:16:56 UTC" />
    <property name="ant.file.type.ptII" value="file" />
    <property name="env.RBENV_SHELL" value="bash" />
    <property name="os.name" value="Linux" />
    <property name="java.specification.vendor" value="Oracle Corporation" />
    <property name="env.rvm_version" value="1.29.7 (latest)" />
    <property name="env.TRAVIS_INFRA" value="gce" />
    <property name="env.TERM" value="xterm" />
    <property name="java.vm.name" value="OpenJDK 64-Bit Server VM" />
    <property name="env.TRAVIS_BUILD_NUMBER" value="1177" />
    <property name="env.CI" value="true" />
    <property name="java.library.path" value="/home/travis/pthla/certi-tools/lib:/usr/lib/jni:/usr/local/share/OpenCV/java/:/usr/share/OpenCV/java::/usr/java/packages/lib:/usr/lib64:/lib64:/lib:/usr/lib" />
    <property name="env.rvm_prefix" value="/home/travis" />
    <property name="env.PATH" value="/home/travis/pthla/certi-tools/share/scripts:/home/travis/.rvm/gems/ruby-2.5.3/bin:/home/travis/.rvm/gems/ruby-2.5.3@global/bin:/home/travis/.rvm/rubies/ruby-2.5.3/bin:/home/travis/.rvm/bin:/home/travis/.nvm/versions/node/v7.10.1/bin:./node_modules/.bin:/home/travis/build/icyphy/ptII/bin:/home/travis/pthla/certi-tools/bin:/home/travis/bin:/home/travis/.local/bin:/usr/local/lib/jvm/openjdk11/bin:/opt/pyenv/shims:/home/travis/.phpenv/shims:/home/travis/perl5/perlbrew/bin:/home/travis/gopath/bin:/home/travis/.gimme/versions/go1.11.1.linux.amd64/bin:/usr/local/maven-3.6.0/bin:/usr/local/cmake-3.12.4/bin:/usr/local/clang-7.0.0/bin:/usr/local/sbin:/usr/local/bin:/usr/sbin:/usr/bin:/sbin:/bin:/snap/bin:/home/travis/.phpenv/bin:/opt/pyenv/bin:/home/travis/.yarn/bin" />
    <property name="env.TRAVIS_OS_NAME" value="linux" />
    <property name="ant.java.version" value="9" />
    <property name="basedir" value="/home/travis/build/icyphy/ptII" />
    <property name="java.class.version" value="55.0" />
    <property name="env.SHLVL" value="3" />
    <property name="env.LD_LIBRARY_PATH" value="/home/travis/pthla/certi-tools/lib:/usr/lib/jni:/usr/local/share/OpenCV/java/:/usr/share/OpenCV/java:" />
    <property name="env.RACK_ENV" value="test" />
    <property name="ant.home" value="/home/travis/build/icyphy/ptII/ant" />
    <property name="env.NVM_DIR" value="/home/travis/.nvm" />
    <property name="env.CERTI_FOM_PATH" value="/home/travis/pthla/certi-tools/share/federations" />
    <property name="env.TRAVIS_BUILD_ID" value="549262085" />
    <property name="env.PYENV_ROOT" value="/opt/pyenv" />
    <property name="env.TRAVIS_UID" value="2000" />
    <property name="env.NVM_BIN" value="/home/travis/.nvm/versions/node/v7.10.1/bin" />
    <property name="env.TRAVIS_COMMIT" value="02afe38d468878b3a6dab5418f36a6f702f8c5ef" />
    <property name="env._system_arch" value="x86_64" />
    <property name="node.executable" value="node" />
    <property name="sun.boot.library.path" value="/usr/local/lib/jvm/openjdk11/lib" />
    <property name="sun.management.compiler" value="HotSpot 64-Bit Tiered Compilers" />
    <property name="java.awt.graphicsenv" value="sun.awt.X11GraphicsEnvironment" />
    <property name="env.GOPATH" value="/home/travis/gopath" />
    <property name="ptolemy.ptII.dir" value="/home/travis/build/icyphy/ptII" />
    <property name="env.USER" value="travis" />
    <property name="env.HISTFILESIZE" value="2000" />
    <property name="timeout.longest" value="19000000" />
    <property name="env.PERLBREW_SHELLRC_VERSION" value="0.86" />
    <property name="env.TRAVIS_STACK_FEATURES" value="basic couchdb disabled-ipv6 docker docker-compose elasticsearch firefox go-toolchain google-chrome jdk memcached mongodb mysql nodejs_interpreter perl_interpreter perlbrew phantomjs postgresql python_interpreter redis ruby_interpreter sqlite xserver" />
    <property name="env.TRAVIS_PULL_REQUEST" value="false" />
    <property name="env.PYENV_SHELL" value="bash" />
    <property name="ant.project.name" value="ptII" />
    <property name="env.ANSI_RESET" value="\033[0m" />
    <property name="java.vm.specification.version" value="11" />
    <property name="env.TRAVIS_DIST" value="xenial" />
    <property name="env.CERTI_VERSION" value="4.0.0" />
    <property name="env.CERTI_HOST" value="localhost" />
    <property name="awt.toolkit" value="sun.awt.X11.XToolkit" />
    <property name="env.MY_RUBY_HOME" value="/home/travis/.rvm/rubies/ruby-2.5.3" />
    <property name="sun.cpu.isalist" value="" />
    <property name="env.TRAVIS_TMPDIR" value="/tmp/tmp.jYLZdSV1ez" />
    <property name="java.vm.compressedOopsMode" value="Zero based" />
    <property name="os.version" value="4.15.0-1028-gcp" />
    <property name="user.home" value="/home/travis" />
    <property name="java.vm.vendor" value="Oracle Corporation" />
    <property name="env.TRAVIS_TAG" value="nightly" />
    <property name="env.ANSI_YELLOW" value="\033[33;1m" />
    <property name="env.TRAVIS_FILTERED" value="redirect_io" />
    <property name="env.ANSI_GREEN" value="\033[32;1m" />
    <property name="env.JAVA_HOME" value="/usr/local/lib/jvm/openjdk11" />
    <property name="javadoc.excludepackagenames" value="adm.cvs2svn.*,build.*,config.*,doc.coding.templates.*,jni.test.jni.meaningOfLife.*,jni.test.jni.testDeux.*,jni.test.jni.testTrois.*,org.terraswarm.accessor.accessors.web.node_modules.*,org.terraswarm.accessor.accessors.web.hosts.cordova.demo.*,org.terraswarm.accessor.accessors.web.hosts.cordova.plugins.*,org.terraswarm.accessor.accessors-svn.*,pt-modules.*,ptolemy.apps.agilent.*,ptolemy.apps.anytimecontrol.*,ptolemy.apps.apes.*,ptolemy.apps.charon.*,ptolemy.apps.crazyboard.*,ptolemy.apps.eclipse.*,ptolemy.apps.etherealSting.*,ptolemy.apps.fullscreen.*,ptolemy.apps.giotto.*,ptolemy.apps.ia.*,ptolemy.apps.interfaces.*,ptolemy.apps.jmf.*,ptolemy.apps.kurt.*,ptolemy.apps.kvm.*,ptolemy.apps.lego.*,ptolemy.apps.lejos.*,ptolemy.apps.midp.*,ptolemy.apps.mobileCoding.*,ptolemy.apps.pendulum.*,ptolemy.apps.rijndael.*,ptolemy.apps.robot.*,ptolemy.apps.security.*,ptolemy.apps.sobel.*,ptolemy.apps.soot.*,ptolemy.apps.throttle.*,ptolemy.apps.tini.*,ptolemy.apps.transmission.*,ptolemy.apps.vergil.*,ptolemy.apps.waba.*,ptolemy.apps.websensor.*,ptolemy.apps.webstart.*,ptolemy.apps.xsl.*,ptolemy.apps.zaurus.*,ptolemy.codegen.c.actor.lib.oldJavaFiles.*,ptolemy.codegen.dsp.lib.*,ptolemy.codegen.kernel.newInterfaces.*,ptolemy.codegen.lib.*,ptolemy.copernicus.kernel.fragment.*,ptolemy.copernicus.shallow.cg.*,ptolemy.domains.giotto.demo.Hierarchy.Hierarchy.*,ptolemy.domains.giotto.demo.Multimode.Multimode.*,ptolemy.domains.giotto.demo.Simple.Simple.*,ptolemy.domains.gr.lib.experimental.*,ptolemy.domains.gro.*,ptolemy.domains.pdf.*,ptolemy.domains.ptinyos.demo.Surge.output.*,ptolemy.moml.test.NoPackageActor.java*,ptolemy.plot.adm.*,ptolemy.plot.servlet.*,reports.*,signed.*,src.*,target.*,vendors.*,ptolemy.copernicus.applet.*,ptolemy.media.viewer.*,ptolemy.actor.corba.*,doc.doclets.*,ptolemy.apps.eclipse.awt.*,ptolemy.backtrack.*,ptolemy.backtrack.ast.*,ptolemy.cg.adapter.generic.program.procedural.c.mbed*,ptolemy.homer.*,ptolemy.actor.lib.jjs.modules.audio.*,org.ptolemy.scala.*,diva.util.java2d.svg.*,ptolemy.domains.ptinyos.*,ptolemy.actor.lib.fmi.fmipp.*,,org.terraswarm.accessor.accessors.web.node_modules.*,org.terraswarm.accessor.accessors-svn,ptolemy.apps.*,ptolemy.actor.ptalon.demo.ptinyos.SendAndReceiveCnt.output,ptolemy.actor.ptalon.demo.ptinyos.SenseToLeds.output,ptolemy.domains.ptinyos.demo.CntToLedsAndRfm.output,ptolemy.domains.ptinyos.demo.RfmToLeds.output,ptolemy.domains.ptinyos.demo.SendAndReceiveCnt.output,ptolemy.domains.ptinyos.demo.SenseToLeds.output,ptolemy.actor.lib.jjs.modules.udpSocket.*" />
    <property name="env.PTII" value="/home/travis/build/icyphy/ptII" />
    <property name="env.XDG_SESSION_ID" value="2" />
    <property name="keystore" value="ptKeystore" />
    <property name="env.TRAVIS_COMMIT_MESSAGE" value="Updated Travis yml file to start xvfb using services." />
    <property name="junit.output.dir" value="/home/travis/build/icyphy/ptII/reports/junit" />
    <property name="npm.return.code" value="0" />
    <property name="user.dir" value="/home/travis/build/icyphy/ptII/ptolemy/actor/lib/test" />
    <property name="env.TRAVIS_NODE_VERSION" value="7" />
    <property name="env.TRAVIS_EVENT_TYPE" value="cron" />
    <property name="env.MAIL" value="/var/mail/travis" />
    <property name="env.PERLBREW_ROOT" value="/home/travis/perl5/perlbrew" />
    <property name="env.PWD" value="/home/travis/build/icyphy/ptII" />
    <property name="timeout.npm" value="45000" />
    <property name="env.TRAVIS_ARCH" value="amd64" />
    <property name="sun.cpu.endian" value="little" />
    <property name="env.PAGER" value="cat" />
    <property name="env.TRAVIS_BUILD_STAGE_NAME" value="Test" />
    <property name="env.PERLBREW_HOME" value="/home/travis/.perlbrew" />
    <property name="java.vm.version" value="11.0.2+9" />
    <property name="env.RAILS_ENV" value="test" />
    <property name="java.class.path" value="/home/travis/.ptolemyII:/home/travis/.ptolemyII/*:/home/travis/build/icyphy/ptII:/home/travis/build/icyphy/ptII/lib/bsh-2.0b4.jar:/home/travis/build/icyphy/ptII/lib/ptCal.jar:/home/travis/build/icyphy/ptII/lib/java_cup.jar:/home/travis/build/icyphy/ptII/lib/saxon8.jar:/home/travis/build/icyphy/ptII/lib/saxon8-dom.jar:/home/travis/build/icyphy/ptII/lib/chic.jar:/home/travis/build/icyphy/ptII/lib/ptcolt.jar:/home/travis/build/icyphy/ptII/vendors/misc/itext/iText.jar:/home/travis/build/icyphy/ptII/lib/g4ltl.jar:/home/travis/build/icyphy/ptII/lib/StructuralCoder.jar:/home/travis/build/icyphy/ptII/vendors/jai-1_1_2_01/lib/jai_core.jar:/home/travis/build/icyphy/ptII/vendors/jai-1_1_2_01/lib/jai_codec.jar:/home/travis/build/icyphy/ptII/lib/jcerti.jar:/home/travis/build/icyphy/ptII/lib/javax.mail.jar:/home/travis/build/icyphy/ptII/vendors/JMF-2.1.1e/lib/jmf.jar:/home/travis/build/icyphy/ptII/lib/jna-4.0.0-variadic.jar:/home/travis/build/icyphy/ptII/vendors/misc/joystick/Joystick.jar:/home/travis/build/icyphy/ptII/lib/ptjacl.jar:/home/travis/build/icyphy/ptII/lib/jsoup-1.8.2.jar:/home/travis/build/icyphy/ptII/lib/junit-4.8.2.jar:/home/travis/build/icyphy/ptII/lib/JUnitParams-0.4.0.jar:/home/travis/build/icyphy/ptII/ptolemy/actor/lib/excel/jxl.jar:/home/travis/build/icyphy/ptII/lib/jython.jar:/home/travis/build/icyphy/ptII/lib/kieler.jar:/home/travis/build/icyphy/ptII/vendors/opencv/share/OpenCV/java/opencv-341.jar:/home/travis/build/icyphy/ptII/lib/oscP5.jar:/home/travis/build/icyphy/ptII/lib/nrjavaserial-3.11.0.devel.jar:/home/travis/build/icyphy/ptII/vendors/j3d/lib/j3dcore.jar:/home/travis/build/icyphy/ptII/vendors/j3d/lib/j3dutils.jar:/home/travis/build/icyphy/ptII/vendors/j3d/lib/vecmath.jar:/home/travis/build/icyphy/ptII/ptolemy/distributed/jini/jar/jini-core.jar:/home/travis/build/icyphy/ptII/ptolemy/distributed/jini/jar/jini-ext.jar:/home/travis/build/icyphy/ptII/ptolemy/distributed/jini/jar/sun-util.jar:/home/travis/build/icyphy/ptII/lib/protobuf-java-2.4.1.jar:/home/travis/build/icyphy/ptII/lib/org.eclipse.paho.client.mqttv3.jar:/home/travis/build/icyphy/ptII/lib/mapss.jar:/home/travis/build/icyphy/ptII/ptolemy/actor/ptalon/antlr/antlr.jar:/home/travis/build/icyphy/ptII/lib/JRI.jar:/home/travis/build/icyphy/ptII/lib/commons-lang-2.6.jar:/home/travis/build/icyphy/ptII/lib/commons-logging-1.1.1.jar:/home/travis/build/icyphy/ptII/lib/sootclasses.jar:/home/travis/build/icyphy/ptII/ptolemy/actor/lib/database/mysql-connector-java-5.1.6-bin.jar:/home/travis/build/icyphy/ptII/vendors/misc/sphinx4/sphinx4-data-5prealpha.jar:/home/travis/build/icyphy/ptII/vendors/misc/sphinx4/sphinx4-core-5prealpha.jar:/home/travis/build/icyphy/ptII/lib/PDFRenderer.jar:/home/travis/build/icyphy/ptII/lib/svgSalamander.jar:/home/travis/build/icyphy/ptII/lib/rsyntaxtextarea-2.6.0-SNAPSHOT.jar:/home/travis/build/icyphy/ptII/lib/hazelcast-3.8.2.jar:/home/travis/build/icyphy/ptII/lib/jackson-annotations-2.9.0.jar:/home/travis/build/icyphy/ptII/lib/jackson-core-2.9.3.jar:/home/travis/build/icyphy/ptII/lib/jackson-databind-2.9.3.jar:/home/travis/build/icyphy/ptII/lib/netty-buffer-4.1.19.Final.jar:/home/travis/build/icyphy/ptII/lib/netty-codec-4.1.19.Final.jar:/home/travis/build/icyphy/ptII/lib/netty-codec-dns-4.1.19.Final.jar:/home/travis/build/icyphy/ptII/lib/netty-codec-http-4.1.19.Final.jar:/home/travis/build/icyphy/ptII/lib/netty-codec-http2-4.1.19.Final.jar:/home/travis/build/icyphy/ptII/lib/netty-common-4.1.19.Final.jar:/home/travis/build/icyphy/ptII/lib/netty-handler-4.1.19.Final.jar:/home/travis/build/icyphy/ptII/lib/netty-resolver-4.1.19.Final.jar:/home/travis/build/icyphy/ptII/lib/netty-resolver-dns-4.1.19.Final.jar:/home/travis/build/icyphy/ptII/lib/netty-transport-4.1.19.Final.jar:/home/travis/build/icyphy/ptII/lib/vertx-codegen-3.5.1.jar:/home/travis/build/icyphy/ptII/lib/vertx-core-3.5.2-SNAPSHOT.jar:/home/travis/build/icyphy/ptII/lib/vertx-hazelcast-3.5.1.jar:/home/travis/build/icyphy/ptII/lib/vertx-lang-js-3.5.1.jar:/home/travis/build/icyphy/ptII/lib/vertx-service-proxy-3.5.1.jar:/home/travis/build/icyphy/ptII/lib/vertx-web-3.5.1.jar:/home/travis/build/icyphy/ptII/lib/slf4j-api-1.7.13.jar:/home/travis/build/icyphy/ptII/lib/slf4j-simple-1.7.13.jar:/home/travis/build/icyphy/ptII/lib/webcam-capture-0.3.12.jar:/home/travis/build/icyphy/ptII/lib/bridj-0.7.0.jar:/home/travis/build/icyphy/ptII/lib/xbjlib-1.1.0.nrjavaserial.jar:/home/travis/build/icyphy/ptII/ptolemy/moml/test:/home/travis/build/icyphy/ptII/ant/lib/ant-launcher.jar:/home/travis/build/icyphy/ptII/ant/lib/ant.jar:/home/travis/build/icyphy/ptII/ant/lib/ant-junit.jar:/home/travis/build/icyphy/ptII/ant/lib/ant-junit4.jar" />
    <property name="ant.library.dir" value="/home/travis/build/icyphy/ptII/ant/lib" />
    <property name="os.arch" value="amd64" />
    <property name="env.CONTINUOUS_INTEGRATION" value="true" />
    <property name="env.TRAVIS_LANGUAGE" value="node_js" />
    <property name="env.TRAVIS_STACK_LANGUAGES" value="__sardonyx__ c c++ clojure cplusplus cpp default generic go groovy java node_js php pure_java python ruby scala" />
    <property name="test.name" value="ptolemy.actor.lib.test.junit.JUnitTclTest" />
    <property name="env.APT_KEY_DONT_WARN_ON_DANGEROUS_USAGE" value="1" />
    <property name="sun.java.launcher" value="SUN_STANDARD" />
    <property name="env.PYTHON_CONFIGURE_OPTS" value="--enable-unicode=ucs4 --with-wide-unicode --enable-shared --enable-ipv6 --enable-loadable-sqlite-extensions --with-computed-gotos" />
    <property name="ant.core.lib" value="/home/travis/build/icyphy/ptII/ant/lib/ant.jar" />
    <property name="java.vm.specification.vendor" value="Oracle Corporation" />
    <property name="env.BCVTB_HOME" value="/home/travis/build/icyphy/ptII/lbnl" />
    <property name="file.separator" value="/" />
    <property name="spotbugs.home" value="/home/travis/build/icyphy/ptII/vendors/spotbugs-3.1.1" />
    <property name="java.runtime.version" value="11.0.2+9" />
    <property name="env.ANSI_CLEAR" value="\033[0K" />
    <property name="env.HAS_JOSH_K_SEAL_OF_APPROVAL" value="true" />
    <property name="env.XDG_RUNTIME_DIR" value="/run/user/2000" />
    <property name="env.TRAVIS_OSX_IMAGE" value="" />
    <property name="env.TRAVIS_JOB_ID" value="549262093" />
    <property name="env.TRAVIS_BRANCH" value="master" />
    <property name="user.country" value="US" />
    <property name="env.CERTI_HOME_TRAVIS" value="/home/travis/pthla/certi-tools" />
    <property name="env.SHELL" value="/bin/bash" />
    <property name="java.maxmemory.large" value="5000m" />
    <property name="model" value="" />
    <property name="env.CASHER_DIR" value="/home/travis/.casher" />
    <property name="env.NVM_CD_FLAGS" value="" />
    <property name="java.vendor.version" value="18.9" />
    <property name="jshint.executable" value="/home/travis/node_modules/jshint/bin/jshint" />
    <property name="env.JRUBY_OPTS" value=" --client -J-XX:+TieredCompilation -J-XX:TieredStopAtLevel=1 -J-Xss2m -Xcompile.invokedynamic=false" />
    <property name="java.vendor" value="Oracle Corporation" />
    <property name="env.TRAVIS_PRE_CHEF_BOOTSTRAP_TIME" value="2019-03-25T16:16:42" />
    <property name="env.TRAVIS_STACK_JOB_BOARD_REGISTER" value="/.job-board-register.yml" />
    <property name="env.ANSI_RED" value="\033[31;1m" />
    <property name="java.specification.version" value="11" />
    <property name="env.IRBRC" value="/home/travis/.rvm/rubies/ruby-2.5.3/.irbrc" />
    <property name="env.TRAVIS" value="true" />
    <property name="sun.arch.data.model" value="64" />
  </properties>
  <testcase classname="ptolemy.util.test.junit.TclTests" name="[0] /home/travis/build/icyphy/ptII/ptolemy/actor/lib/test/AbsoluteValue.tcl (RunTclFile)" time="0.554" />
  <testcase classname="ptolemy.util.test.junit.TclTests" name="[1] /home/travis/build/icyphy/ptII/ptolemy/actor/lib/test/AddSubtract.tcl (RunTclFile)" time="0.231" />
  <testcase classname="ptolemy.util.test.junit.TclTests" name="[2] /home/travis/build/icyphy/ptII/ptolemy/actor/lib/test/Average.tcl (RunTclFile)" time="0.076" />
  <testcase classname="ptolemy.util.test.junit.TclTests" name="[3] /home/travis/build/icyphy/ptII/ptolemy/actor/lib/test/Bernoulli.tcl (RunTclFile)" time="0.041" />
  <testcase classname="ptolemy.util.test.junit.TclTests" name="[4] /home/travis/build/icyphy/ptII/ptolemy/actor/lib/test/Clock.tcl (RunTclFile)" time="0.137" />
  <testcase classname="ptolemy.util.test.junit.TclTests" name="[5] /home/travis/build/icyphy/ptII/ptolemy/actor/lib/test/Commutator.tcl (RunTclFile)" time="0.175">
    <failure message="Number of failed tests is has increased. expected:&lt;0&gt; but was:&lt;1&gt;" type="junit.framework.AssertionFailedError">junit.framework.AssertionFailedError: Number of failed tests is has increased. expected:&lt;0&gt; but was:&lt;1&gt;
	at ptolemy.util.test.junit.TclTests.RunTclFile(TclTests.java:286)
	at java.base/jdk.internal.reflect.NativeMethodAccessorImpl.invoke0(Native Method)
	at java.base/jdk.internal.reflect.NativeMethodAccessorImpl.invoke(NativeMethodAccessorImpl.java:62)
	at java.base/jdk.internal.reflect.DelegatingMethodAccessorImpl.invoke(DelegatingMethodAccessorImpl.java:43)
	at junitparams.internal.InvokeParameterisedMethod.evaluate(InvokeParameterisedMethod.java:102)
	at junitparams.internal.ParameterisedTestMethodRunner.runMethodInvoker(ParameterisedTestMethodRunner.java:47)
	at junitparams.internal.ParameterisedTestMethodRunner.runTestMethod(ParameterisedTestMethodRunner.java:41)
	at junitparams.internal.ParameterisedTestClassRunner.runParameterisedTest(ParameterisedTestClassRunner.java:143)
	at junitparams.JUnitParamsRunner.runChild(JUnitParamsRunner.java:237)
	at junitparams.JUnitParamsRunner.runChild(JUnitParamsRunner.java:215)
</failure>
  </testcase>
  <testcase classname="ptolemy.util.test.junit.TclTests" name="[6] /home/travis/build/icyphy/ptII/ptolemy/actor/lib/test/Const.tcl (RunTclFile)" time="0.158" />
  <testcase classname="ptolemy.util.test.junit.TclTests" name="[7] /home/travis/build/icyphy/ptII/ptolemy/actor/lib/test/CurrentTime.tcl (RunTclFile)" time="0.055" />
  <testcase classname="ptolemy.util.test.junit.TclTests" name="[8] /home/travis/build/icyphy/ptII/ptolemy/actor/lib/test/DB.tcl (RunTclFile)" time="0.048" />
  <testcase classname="ptolemy.util.test.junit.TclTests" name="[9] /home/travis/build/icyphy/ptII/ptolemy/actor/lib/test/DiscreteRandomSource.tcl (RunTclFile)" time="0.055" />
  <testcase classname="ptolemy.util.test.junit.TclTests" name="[10] /home/travis/build/icyphy/ptII/ptolemy/actor/lib/test/Distributor.tcl (RunTclFile)" time="0.058" />
  <testcase classname="ptolemy.util.test.junit.TclTests" name="[11] /home/travis/build/icyphy/ptII/ptolemy/actor/lib/test/Exit.tcl (RunTclFile)" time="0.107" />
  <testcase classname="ptolemy.util.test.junit.TclTests" name="[12] /home/travis/build/icyphy/ptII/ptolemy/actor/lib/test/Expression.tcl (RunTclFile)" time="0.134" />
  <testcase classname="ptolemy.util.test.junit.TclTests" name="[13] /home/travis/build/icyphy/ptII/ptolemy/actor/lib/test/Gaussian.tcl (RunTclFile)" time="0.757" />
  <testcase classname="ptolemy.util.test.junit.TclTests" name="[14] /home/travis/build/icyphy/ptII/ptolemy/actor/lib/test/IIR.tcl (RunTclFile)" time="0.042" />
  <testcase classname="ptolemy.util.test.junit.TclTests" name="[15] /home/travis/build/icyphy/ptII/ptolemy/actor/lib/test/Interpolator.tcl (RunTclFile)" time="0.103" />
  <testcase classname="ptolemy.util.test.junit.TclTests" name="[16] /home/travis/build/icyphy/ptII/ptolemy/actor/lib/test/MathFunction.tcl (RunTclFile)" time="0.048" />
  <testcase classname="ptolemy.util.test.junit.TclTests" name="[17] /home/travis/build/icyphy/ptII/ptolemy/actor/lib/test/Maximum.tcl (RunTclFile)" time="0.025" />
  <testcase classname="ptolemy.util.test.junit.TclTests" name="[18] /home/travis/build/icyphy/ptII/ptolemy/actor/lib/test/Minimum.tcl (RunTclFile)" time="0.022" />
  <testcase classname="ptolemy.util.test.junit.TclTests" name="[19] /home/travis/build/icyphy/ptII/ptolemy/actor/lib/test/MultiplyDivide.tcl (RunTclFile)" time="0.025" />
  <testcase classname="ptolemy.util.test.junit.TclTests" name="[20] /home/travis/build/icyphy/ptII/ptolemy/actor/lib/test/OrderedMerge.tcl (RunTclFile)" time="0.158" />
  <testcase classname="ptolemy.util.test.junit.TclTests" name="[21] /home/travis/build/icyphy/ptII/ptolemy/actor/lib/test/Publisher.tcl (RunTclFile)" time="0.95" />
  <testcase classname="ptolemy.util.test.junit.TclTests" name="[22] /home/travis/build/icyphy/ptII/ptolemy/actor/lib/test/Pulse.tcl (RunTclFile)" time="0.078" />
  <testcase classname="ptolemy.util.test.junit.TclTests" name="[23] /home/travis/build/icyphy/ptII/ptolemy/actor/lib/test/Ramp.tcl (RunTclFile)" time="2.448" />
  <testcase classname="ptolemy.util.test.junit.TclTests" name="[24] /home/travis/build/icyphy/ptII/ptolemy/actor/lib/test/RampContinuous.tcl (RunTclFile)" time="0.019" />
  <testcase classname="ptolemy.util.test.junit.TclTests" name="[25] /home/travis/build/icyphy/ptII/ptolemy/actor/lib/test/RecordAssembler.tcl (RunTclFile)" time="0.02" />
  <testcase classname="ptolemy.util.test.junit.TclTests" name="[26] /home/travis/build/icyphy/ptII/ptolemy/actor/lib/test/RecordDisassembler.tcl (RunTclFile)" time="0.03" />
  <testcase classname="ptolemy.util.test.junit.TclTests" name="[27] /home/travis/build/icyphy/ptII/ptolemy/actor/lib/test/Scale.tcl (RunTclFile)" time="0.039" />
  <testcase classname="ptolemy.util.test.junit.TclTests" name="[28] /home/travis/build/icyphy/ptII/ptolemy/actor/lib/test/SequentialClock.tcl (RunTclFile)" time="0.019" />
  <testcase classname="ptolemy.util.test.junit.TclTests" name="[29] /home/travis/build/icyphy/ptII/ptolemy/actor/lib/test/SetVariable.tcl (RunTclFile)" time="0.03">
    <failure message="Number of failed tests is has increased. expected:&lt;1&gt; but was:&lt;2&gt;" type="junit.framework.AssertionFailedError">junit.framework.AssertionFailedError: Number of failed tests is has increased. expected:&lt;1&gt; but was:&lt;2&gt;
	at ptolemy.util.test.junit.TclTests.RunTclFile(TclTests.java:286)
	at jdk.internal.reflect.GeneratedMethodAccessor19.invoke(Unknown Source)
	at java.base/jdk.internal.reflect.DelegatingMethodAccessorImpl.invoke(DelegatingMethodAccessorImpl.java:43)
	at junitparams.internal.InvokeParameterisedMethod.evaluate(InvokeParameterisedMethod.java:102)
	at junitparams.internal.ParameterisedTestMethodRunner.runMethodInvoker(ParameterisedTestMethodRunner.java:47)
	at junitparams.internal.ParameterisedTestMethodRunner.runTestMethod(ParameterisedTestMethodRunner.java:41)
	at junitparams.internal.ParameterisedTestClassRunner.runParameterisedTest(ParameterisedTestClassRunner.java:143)
	at junitparams.JUnitParamsRunner.runChild(JUnitParamsRunner.java:237)
	at junitparams.JUnitParamsRunner.runChild(JUnitParamsRunner.java:215)
</failure>
  </testcase>
  <testcase classname="ptolemy.util.test.junit.TclTests" name="[30] /home/travis/build/icyphy/ptII/ptolemy/actor/lib/test/Sinewave.tcl (RunTclFile)" time="0.049" />
  <testcase classname="ptolemy.util.test.junit.TclTests" name="[31] /home/travis/build/icyphy/ptII/ptolemy/actor/lib/test/SubscriptionAggregator.tcl (RunTclFile)" time="2.266" />
  <testcase classname="ptolemy.util.test.junit.TclTests" name="[32] /home/travis/build/icyphy/ptII/ptolemy/actor/lib/test/Test.tcl (RunTclFile)" time="0.105" />
  <testcase classname="ptolemy.util.test.junit.TclTests" name="[33] /home/travis/build/icyphy/ptII/ptolemy/actor/lib/test/TestExceptionHandler.tcl (RunTclFile)" time="0.012" />
  <testcase classname="ptolemy.util.test.junit.TclTests" name="[34] /home/travis/build/icyphy/ptII/ptolemy/actor/lib/test/UnionDisassembler.tcl (RunTclFile)" time="0.049" />
  <testcase classname="ptolemy.util.test.junit.TclTests" name="[35] /home/travis/build/icyphy/ptII/ptolemy/actor/lib/test/VariableClock.tcl (RunTclFile)" time="0.017" />
  <testcase classname="ptolemy.util.test.junit.AutoKnownFailedTests" name="[0] /home/travis/build/icyphy/ptII/ptolemy/actor/lib/test/auto/knownFailedTests/PublisherPortToplevelSubscriber.xml (RunModel)" time="0.031" />
  <testcase classname="ptolemy.util.test.junit.AutoKnownFailedTests" name="[1] /home/travis/build/icyphy/ptII/ptolemy/actor/lib/test/auto/knownFailedTests/PublisherSubscriberPortToplevel.xml (RunModel)" time="0.026" />
  <testcase classname="ptolemy.util.test.junit.AutoKnownFailedTests" name="[2] /home/travis/build/icyphy/ptII/ptolemy/actor/lib/test/auto/knownFailedTests/PublisherSubscriptionAggregatorPort.xml (RunModel)" time="0.022" />
  <testcase classname="ptolemy.util.test.junit.AutoKnownFailedTests" name="[3] /home/travis/build/icyphy/ptII/ptolemy/actor/lib/test/auto/knownFailedTests/sizedarray3.xml (RunModel)" time="0.032" />
  <testcase classname="ptolemy.util.test.junit.AutoNameArchTests" name="[0] ThereAreNoAutoArchTests (RunModel)" time="0.005" />
  <testcase classname="ptolemy.util.test.junit.AutoTests" name="[0] /home/travis/build/icyphy/ptII/ptolemy/actor/lib/test/auto/AbsoluteValue.xml (RunModel)" time="0.101" />
  <testcase classname="ptolemy.util.test.junit.AutoTests" name="[1] /home/travis/build/icyphy/ptII/ptolemy/actor/lib/test/auto/AbsoluteValue2.xml (RunModel)" time="0.074" />
  <testcase classname="ptolemy.util.test.junit.AutoTests" name="[2] /home/travis/build/icyphy/ptII/ptolemy/actor/lib/test/auto/Accumulator.xml (RunModel)" time="0.063" />
  <testcase classname="ptolemy.util.test.junit.AutoTests" name="[3] /home/travis/build/icyphy/ptII/ptolemy/actor/lib/test/auto/Accumulator2.xml (RunModel)" time="0.057" />
  <testcase classname="ptolemy.util.test.junit.AutoTests" name="[4] /home/travis/build/icyphy/ptII/ptolemy/actor/lib/test/auto/Accumulator3.xml (RunModel)" time="0.023" />
  <testcase classname="ptolemy.util.test.junit.AutoTests" name="[5] /home/travis/build/icyphy/ptII/ptolemy/actor/lib/test/auto/ArrayAppend.xml (RunModel)" time="0.038" />
  <testcase classname="ptolemy.util.test.junit.AutoTests" name="[6] /home/travis/build/icyphy/ptII/ptolemy/actor/lib/test/auto/ArrayAppend2.xml (RunModel)" time="0.502" />
  <testcase classname="ptolemy.util.test.junit.AutoTests" name="[7] /home/travis/build/icyphy/ptII/ptolemy/actor/lib/test/auto/ArrayAppend3.xml (RunModel)" time="0.047" />
  <testcase classname="ptolemy.util.test.junit.AutoTests" name="[8] /home/travis/build/icyphy/ptII/ptolemy/actor/lib/test/auto/ArrayAppend4.xml (RunModel)" time="0.028" />
  <testcase classname="ptolemy.util.test.junit.AutoTests" name="[9] /home/travis/build/icyphy/ptII/ptolemy/actor/lib/test/auto/ArrayAppend5.xml (RunModel)" time="0.018" />
  <testcase classname="ptolemy.util.test.junit.AutoTests" name="[10] /home/travis/build/icyphy/ptII/ptolemy/actor/lib/test/auto/ArrayAppend6.xml (RunModel)" time="0.019" />
  <testcase classname="ptolemy.util.test.junit.AutoTests" name="[11] /home/travis/build/icyphy/ptII/ptolemy/actor/lib/test/auto/ArrayAppendPerformanceTest.xml (RunModel)" time="0.08" />
  <testcase classname="ptolemy.util.test.junit.AutoTests" name="[12] /home/travis/build/icyphy/ptII/ptolemy/actor/lib/test/auto/ArrayAppendWithEmptyInput.xml (RunModel)" time="0.04" />
  <testcase classname="ptolemy.util.test.junit.AutoTests" name="[13] /home/travis/build/icyphy/ptII/ptolemy/actor/lib/test/auto/ArrayAverage.xml (RunModel)" time="0.073" />
  <testcase classname="ptolemy.util.test.junit.AutoTests" name="[14] /home/travis/build/icyphy/ptII/ptolemy/actor/lib/test/auto/ArrayContains.xml (RunModel)" time="0.039" />
  <testcase classname="ptolemy.util.test.junit.AutoTests" name="[15] /home/travis/build/icyphy/ptII/ptolemy/actor/lib/test/auto/ArrayElement.xml (RunModel)" time="0.031" />
  <testcase classname="ptolemy.util.test.junit.AutoTests" name="[16] /home/travis/build/icyphy/ptII/ptolemy/actor/lib/test/auto/ArrayElementAsMatrix.xml (RunModel)" time="0.049" />
  <testcase classname="ptolemy.util.test.junit.AutoTests" name="[17] /home/travis/build/icyphy/ptII/ptolemy/actor/lib/test/auto/ArrayElementI.xml (RunModel)" time="0.023" />
  <testcase classname="ptolemy.util.test.junit.AutoTests" name="[18] /home/travis/build/icyphy/ptII/ptolemy/actor/lib/test/auto/ArrayExtract.xml (RunModel)" time="0.032" />
  <testcase classname="ptolemy.util.test.junit.AutoTests" name="[19] /home/travis/build/icyphy/ptII/ptolemy/actor/lib/test/auto/ArrayExtract2.xml (RunModel)" time="0.019" />
  <testcase classname="ptolemy.util.test.junit.AutoTests" name="[20] /home/travis/build/icyphy/ptII/ptolemy/actor/lib/test/auto/ArrayLength.xml (RunModel)" time="0.019" />
  <testcase classname="ptolemy.util.test.junit.AutoTests" name="[21] /home/travis/build/icyphy/ptII/ptolemy/actor/lib/test/auto/ArrayLevelCrossing.xml (RunModel)" time="0.032" />
  <testcase classname="ptolemy.util.test.junit.AutoTests" name="[22] /home/travis/build/icyphy/ptII/ptolemy/actor/lib/test/auto/ArrayLevelCrossing2.xml (RunModel)" time="0.027" />
  <testcase classname="ptolemy.util.test.junit.AutoTests" name="[23] /home/travis/build/icyphy/ptII/ptolemy/actor/lib/test/auto/ArrayPeakSearch.xml (RunModel)" time="0.079" />
  <testcase classname="ptolemy.util.test.junit.AutoTests" name="[24] /home/travis/build/icyphy/ptII/ptolemy/actor/lib/test/auto/ArrayPeakSearch2.xml (RunModel)" time="0.036" />
  <testcase classname="ptolemy.util.test.junit.AutoTests" name="[25] /home/travis/build/icyphy/ptII/ptolemy/actor/lib/test/auto/ArrayPeakSearch3.xml (RunModel)" time="0.053" />
  <testcase classname="ptolemy.util.test.junit.AutoTests" name="[26] /home/travis/build/icyphy/ptII/ptolemy/actor/lib/test/auto/ArrayRemoveElement.xml (RunModel)" time="0.028" />
  <testcase classname="ptolemy.util.test.junit.AutoTests" name="[27] /home/travis/build/icyphy/ptII/ptolemy/actor/lib/test/auto/ArraySort.xml (RunModel)" time="0.037" />
  <testcase classname="ptolemy.util.test.junit.AutoTests" name="[28] /home/travis/build/icyphy/ptII/ptolemy/actor/lib/test/auto/ArraySum.xml (RunModel)" time="0.021" />
  <testcase classname="ptolemy.util.test.junit.AutoTests" name="[29] /home/travis/build/icyphy/ptII/ptolemy/actor/lib/test/auto/ArrayToElements.xml (RunModel)" time="0.022" />
  <testcase classname="ptolemy.util.test.junit.AutoTests" name="[30] /home/travis/build/icyphy/ptII/ptolemy/actor/lib/test/auto/ArrayToMatrix.xml (RunModel)" time="0.064" />
  <testcase classname="ptolemy.util.test.junit.AutoTests" name="[31] /home/travis/build/icyphy/ptII/ptolemy/actor/lib/test/auto/ArrayUpdate1.xml (RunModel)" time="0.024" />
  <testcase classname="ptolemy.util.test.junit.AutoTests" name="[32] /home/travis/build/icyphy/ptII/ptolemy/actor/lib/test/auto/ArrayUpdate2.xml (RunModel)" time="0.026" />
  <testcase classname="ptolemy.util.test.junit.AutoTests" name="[33] /home/travis/build/icyphy/ptII/ptolemy/actor/lib/test/auto/ArrayUpdate3.xml (RunModel)" time="0.019" />
  <testcase classname="ptolemy.util.test.junit.AutoTests" name="[34] /home/travis/build/icyphy/ptII/ptolemy/actor/lib/test/auto/Assert1.xml (RunModel)" time="0.031" />
  <testcase classname="ptolemy.util.test.junit.AutoTests" name="[35] /home/travis/build/icyphy/ptII/ptolemy/actor/lib/test/auto/Assert2.xml (RunModel)" time="0.011" />
  <testcase classname="ptolemy.util.test.junit.AutoTests" name="[36] /home/travis/build/icyphy/ptII/ptolemy/actor/lib/test/auto/BooleanMultiplexor.xml (RunModel)" time="0.016" />
  <testcase classname="ptolemy.util.test.junit.AutoTests" name="[37] /home/travis/build/icyphy/ptII/ptolemy/actor/lib/test/auto/BooleanMultiplexor2.xml (RunModel)" time="0.028" />
  <testcase classname="ptolemy.util.test.junit.AutoTests" name="[38] /home/travis/build/icyphy/ptII/ptolemy/actor/lib/test/auto/BooleanMultiplexor3.xml (RunModel)" time="0.026" />
  <testcase classname="ptolemy.util.test.junit.AutoTests" name="[39] /home/travis/build/icyphy/ptII/ptolemy/actor/lib/test/auto/BooleanSelect.xml (RunModel)" time="0.023" />
  <testcase classname="ptolemy.util.test.junit.AutoTests" name="[40] /home/travis/build/icyphy/ptII/ptolemy/actor/lib/test/auto/BooleanSelect2.xml (RunModel)" time="0.016" />
  <testcase classname="ptolemy.util.test.junit.AutoTests" name="[41] /home/travis/build/icyphy/ptII/ptolemy/actor/lib/test/auto/BooleanSwitch.xml (RunModel)" time="0.024" />
  <testcase classname="ptolemy.util.test.junit.AutoTests" name="[42] /home/travis/build/icyphy/ptII/ptolemy/actor/lib/test/auto/BooleanSwitch2.xml (RunModel)" time="0.022" />
  <testcase classname="ptolemy.util.test.junit.AutoTests" name="[43] /home/travis/build/icyphy/ptII/ptolemy/actor/lib/test/auto/BooleanSwitchCloningBugWithClassRelationGroup.xml (RunModel)" time="0.036" />
  <testcase classname="ptolemy.util.test.junit.AutoTests" name="[44] /home/travis/build/icyphy/ptII/ptolemy/actor/lib/test/auto/BusActors.xml (RunModel)" time="0.039" />
  <testcase classname="ptolemy.util.test.junit.AutoTests" name="[45] /home/travis/build/icyphy/ptII/ptolemy/actor/lib/test/auto/ClassWrapper.xml (RunModel)" time="0.031" />
  <testcase classname="ptolemy.util.test.junit.AutoTests" name="[46] /home/travis/build/icyphy/ptII/ptolemy/actor/lib/test/auto/Clock.xml (RunModel)" time="0.015" />
  <testcase classname="ptolemy.util.test.junit.AutoTests" name="[47] /home/travis/build/icyphy/ptII/ptolemy/actor/lib/test/auto/Clock10.xml (RunModel)" time="0.019" />
  <testcase classname="ptolemy.util.test.junit.AutoTests" name="[48] /home/travis/build/icyphy/ptII/ptolemy/actor/lib/test/auto/Clock11.xml (RunModel)" time="0.015" />
  <testcase classname="ptolemy.util.test.junit.AutoTests" name="[49] /home/travis/build/icyphy/ptII/ptolemy/actor/lib/test/auto/Clock12.xml (RunModel)" time="0.019" />
  <testcase classname="ptolemy.util.test.junit.AutoTests" name="[50] /home/travis/build/icyphy/ptII/ptolemy/actor/lib/test/auto/Clock13.xml (RunModel)" time="0.023" />
  <testcase classname="ptolemy.util.test.junit.AutoTests" name="[51] /home/travis/build/icyphy/ptII/ptolemy/actor/lib/test/auto/Clock14.xml (RunModel)" time="0.02" />
  <testcase classname="ptolemy.util.test.junit.AutoTests" name="[52] /home/travis/build/icyphy/ptII/ptolemy/actor/lib/test/auto/Clock15.xml (RunModel)" time="0.018" />
  <testcase classname="ptolemy.util.test.junit.AutoTests" name="[53] /home/travis/build/icyphy/ptII/ptolemy/actor/lib/test/auto/Clock16.xml (RunModel)" time="0.121" />
  <testcase classname="ptolemy.util.test.junit.AutoTests" name="[54] /home/travis/build/icyphy/ptII/ptolemy/actor/lib/test/auto/Clock17.xml (RunModel)" time="0.075" />
  <testcase classname="ptolemy.util.test.junit.AutoTests" name="[55] /home/travis/build/icyphy/ptII/ptolemy/actor/lib/test/auto/Clock18.xml (RunModel)" time="0.061" />
  <testcase classname="ptolemy.util.test.junit.AutoTests" name="[56] /home/travis/build/icyphy/ptII/ptolemy/actor/lib/test/auto/Clock19.xml (RunModel)" time="0.047" />
  <testcase classname="ptolemy.util.test.junit.AutoTests" name="[57] /home/travis/build/icyphy/ptII/ptolemy/actor/lib/test/auto/Clock2.xml (RunModel)" time="0.021" />
  <testcase classname="ptolemy.util.test.junit.AutoTests" name="[58] /home/travis/build/icyphy/ptII/ptolemy/actor/lib/test/auto/Clock20.xml (RunModel)" time="0.026" />
  <testcase classname="ptolemy.util.test.junit.AutoTests" name="[59] /home/travis/build/icyphy/ptII/ptolemy/actor/lib/test/auto/Clock21.xml (RunModel)" time="0.015" />
  <testcase classname="ptolemy.util.test.junit.AutoTests" name="[60] /home/travis/build/icyphy/ptII/ptolemy/actor/lib/test/auto/Clock22.xml (RunModel)" time="0.015" />
  <testcase classname="ptolemy.util.test.junit.AutoTests" name="[61] /home/travis/build/icyphy/ptII/ptolemy/actor/lib/test/auto/Clock23.xml (RunModel)" time="0.016" />
  <testcase classname="ptolemy.util.test.junit.AutoTests" name="[62] /home/travis/build/icyphy/ptII/ptolemy/actor/lib/test/auto/Clock24.xml (RunModel)" time="0.017" />
  <testcase classname="ptolemy.util.test.junit.AutoTests" name="[63] /home/travis/build/icyphy/ptII/ptolemy/actor/lib/test/auto/Clock4.xml (RunModel)" time="0.014" />
  <testcase classname="ptolemy.util.test.junit.AutoTests" name="[64] /home/travis/build/icyphy/ptII/ptolemy/actor/lib/test/auto/Clock5.xml (RunModel)" time="0.016" />
  <testcase classname="ptolemy.util.test.junit.AutoTests" name="[65] /home/travis/build/icyphy/ptII/ptolemy/actor/lib/test/auto/Clock6.xml (RunModel)" time="0.017" />
  <testcase classname="ptolemy.util.test.junit.AutoTests" name="[66] /home/travis/build/icyphy/ptII/ptolemy/actor/lib/test/auto/Clock7.xml (RunModel)" time="0.011" />
  <testcase classname="ptolemy.util.test.junit.AutoTests" name="[67] /home/travis/build/icyphy/ptII/ptolemy/actor/lib/test/auto/Clock8.xml (RunModel)" time="0.014" />
  <testcase classname="ptolemy.util.test.junit.AutoTests" name="[68] /home/travis/build/icyphy/ptII/ptolemy/actor/lib/test/auto/Clock9.xml (RunModel)" time="0.014" />
  <testcase classname="ptolemy.util.test.junit.AutoTests" name="[69] /home/travis/build/icyphy/ptII/ptolemy/actor/lib/test/auto/CommDistDiscard.xml (RunModel)" time="0.019" />
  <testcase classname="ptolemy.util.test.junit.AutoTests" name="[70] /home/travis/build/icyphy/ptII/ptolemy/actor/lib/test/auto/Commutator.xml (RunModel)" time="0.016" />
  <testcase classname="ptolemy.util.test.junit.AutoTests" name="[71] /home/travis/build/icyphy/ptII/ptolemy/actor/lib/test/auto/Commutator2.xml (RunModel)" time="0.01" />
  <testcase classname="ptolemy.util.test.junit.AutoTests" name="[72] /home/travis/build/icyphy/ptII/ptolemy/actor/lib/test/auto/Commutator3.xml (RunModel)" time="0.013" />
  <testcase classname="ptolemy.util.test.junit.AutoTests" name="[73] /home/travis/build/icyphy/ptII/ptolemy/actor/lib/test/auto/Compare.xml (RunModel)" time="0.022" />
  <testcase classname="ptolemy.util.test.junit.AutoTests" name="[74] /home/travis/build/icyphy/ptII/ptolemy/actor/lib/test/auto/CompareDE.xml (RunModel)" time="0.02" />
  <testcase classname="ptolemy.util.test.junit.AutoTests" name="[75] /home/travis/build/icyphy/ptII/ptolemy/actor/lib/test/auto/ComplexDivide.xml (RunModel)" time="0.009" />
  <testcase classname="ptolemy.util.test.junit.AutoTests" name="[76] /home/travis/build/icyphy/ptII/ptolemy/actor/lib/test/auto/ComputeHistogram.xml (RunModel)" time="0.068" />
  <testcase classname="ptolemy.util.test.junit.AutoTests" name="[77] /home/travis/build/icyphy/ptII/ptolemy/actor/lib/test/auto/ConfigurationSelect.xml (RunModel)" time="0.023" />
  <testcase classname="ptolemy.util.test.junit.AutoTests" name="[78] /home/travis/build/icyphy/ptII/ptolemy/actor/lib/test/auto/ConfigurationSelect2.xml (RunModel)" time="0.015" />
  <testcase classname="ptolemy.util.test.junit.AutoTests" name="[79] /home/travis/build/icyphy/ptII/ptolemy/actor/lib/test/auto/ConfigurationSwitch.xml (RunModel)" time="0.021" />
  <testcase classname="ptolemy.util.test.junit.AutoTests" name="[80] /home/travis/build/icyphy/ptII/ptolemy/actor/lib/test/auto/ConfigurationSwitch2.xml (RunModel)" time="0.029" />
  <testcase classname="ptolemy.util.test.junit.AutoTests" name="[81] /home/travis/build/icyphy/ptII/ptolemy/actor/lib/test/auto/ConfigurationSwitchCloningBugWithClassRelationGroup.xml (RunModel)" time="0.021" />
  <testcase classname="ptolemy.util.test.junit.AutoTests" name="[82] /home/travis/build/icyphy/ptII/ptolemy/actor/lib/test/auto/ConfigurationSwitchSelectSDF.xml (RunModel)" time="0.018" />
  <testcase classname="ptolemy.util.test.junit.AutoTests" name="[83] /home/travis/build/icyphy/ptII/ptolemy/actor/lib/test/auto/ConfigurationSwitchSelectSDF2.xml (RunModel)" time="0.019" />
  <testcase classname="ptolemy.util.test.junit.AutoTests" name="[84] /home/travis/build/icyphy/ptII/ptolemy/actor/lib/test/auto/Const.xml (RunModel)" time="0.008" />
  <testcase classname="ptolemy.util.test.junit.AutoTests" name="[85] /home/travis/build/icyphy/ptII/ptolemy/actor/lib/test/auto/Const2.xml (RunModel)" time="0.012" />
  <testcase classname="ptolemy.util.test.junit.AutoTests" name="[86] /home/travis/build/icyphy/ptII/ptolemy/actor/lib/test/auto/Const3.xml (RunModel)" time="0.006" />
  <testcase classname="ptolemy.util.test.junit.AutoTests" name="[87] /home/travis/build/icyphy/ptII/ptolemy/actor/lib/test/auto/ConstantPublisherPort1.xml (RunModel)" time="0.022" />
  <testcase classname="ptolemy.util.test.junit.AutoTests" name="[88] /home/travis/build/icyphy/ptII/ptolemy/actor/lib/test/auto/ConstantPublisherPort2.xml (RunModel)" time="0.024" />
  <testcase classname="ptolemy.util.test.junit.AutoTests" name="[89] /home/travis/build/icyphy/ptII/ptolemy/actor/lib/test/auto/ConstantPublisherPort3.xml (RunModel)" time="0.024" />
  <testcase classname="ptolemy.util.test.junit.AutoTests" name="[90] /home/travis/build/icyphy/ptII/ptolemy/actor/lib/test/auto/ConstantPublisherPort4.xml (RunModel)" time="0.024" />
  <testcase classname="ptolemy.util.test.junit.AutoTests" name="[91] /home/travis/build/icyphy/ptII/ptolemy/actor/lib/test/auto/ConstantPublisherPort5.xml (RunModel)" time="0.044" />
  <testcase classname="ptolemy.util.test.junit.AutoTests" name="[92] /home/travis/build/icyphy/ptII/ptolemy/actor/lib/test/auto/ConstantPublisherPort6.xml (RunModel)" time="0.033" />
  <testcase classname="ptolemy.util.test.junit.AutoTests" name="[93] /home/travis/build/icyphy/ptII/ptolemy/actor/lib/test/auto/ConstantPublisherPort7.xml (RunModel)" time="0.027" />
  <testcase classname="ptolemy.util.test.junit.AutoTests" name="[94] /home/travis/build/icyphy/ptII/ptolemy/actor/lib/test/auto/ConstraintMonitor1.xml (RunModel)" time="0.047" />
  <testcase classname="ptolemy.util.test.junit.AutoTests" name="[95] /home/travis/build/icyphy/ptII/ptolemy/actor/lib/test/auto/ConstraintMonitor2.xml (RunModel)" time="0.014" />
  <testcase classname="ptolemy.util.test.junit.AutoTests" name="[96] /home/travis/build/icyphy/ptII/ptolemy/actor/lib/test/auto/ConstraintMonitor3.xml (RunModel)" time="0.014" />
  <testcase classname="ptolemy.util.test.junit.AutoTests" name="[97] /home/travis/build/icyphy/ptII/ptolemy/actor/lib/test/auto/ConstraintMonitor4.xml (RunModel)" time="0.012" />
  <testcase classname="ptolemy.util.test.junit.AutoTests" name="[98] /home/travis/build/icyphy/ptII/ptolemy/actor/lib/test/auto/ConstraintMonitor5.xml (RunModel)" time="0.054" />
  <testcase classname="ptolemy.util.test.junit.AutoTests" name="[99] /home/travis/build/icyphy/ptII/ptolemy/actor/lib/test/auto/ConstraintMonitor6.xml (RunModel)" time="0.018" />
  <testcase classname="ptolemy.util.test.junit.AutoTests" name="[100] /home/travis/build/icyphy/ptII/ptolemy/actor/lib/test/auto/ConstraintMonitor7.xml (RunModel)" time="0.017" />
  <testcase classname="ptolemy.util.test.junit.AutoTests" name="[101] /home/travis/build/icyphy/ptII/ptolemy/actor/lib/test/auto/ConstraintMonitor8.xml (RunModel)" time="0.02" />
  <testcase classname="ptolemy.util.test.junit.AutoTests" name="[102] /home/travis/build/icyphy/ptII/ptolemy/actor/lib/test/auto/Counter.xml (RunModel)" time="0.018" />
  <testcase classname="ptolemy.util.test.junit.AutoTests" name="[103] /home/travis/build/icyphy/ptII/ptolemy/actor/lib/test/auto/CurrentTimeSDF.xml (RunModel)" time="0.013" />
  <testcase classname="ptolemy.util.test.junit.AutoTests" name="[104] /home/travis/build/icyphy/ptII/ptolemy/actor/lib/test/auto/DB.xml (RunModel)" time="0.014" />
  <testcase classname="ptolemy.util.test.junit.AutoTests" name="[105] /home/travis/build/icyphy/ptII/ptolemy/actor/lib/test/auto/DBDE.xml (RunModel)" time="0.015" />
  <testcase classname="ptolemy.util.test.junit.AutoTests" name="[106] /home/travis/build/icyphy/ptII/ptolemy/actor/lib/test/auto/DateConstructor.xml (RunModel)" time="0.081" />
  <testcase classname="ptolemy.util.test.junit.AutoTests" name="[107] /home/travis/build/icyphy/ptII/ptolemy/actor/lib/test/auto/DelayTime.xml (RunModel)" time="0.025" />
  <testcase classname="ptolemy.util.test.junit.AutoTests" name="[108] /home/travis/build/icyphy/ptII/ptolemy/actor/lib/test/auto/Dictionary1.xml (RunModel)" time="0.024" />
  <testcase classname="ptolemy.util.test.junit.AutoTests" name="[109] /home/travis/build/icyphy/ptII/ptolemy/actor/lib/test/auto/Dictionary2.xml (RunModel)" time="0.021" />
  <testcase classname="ptolemy.util.test.junit.AutoTests" name="[110] /home/travis/build/icyphy/ptII/ptolemy/actor/lib/test/auto/Dictionary3.xml (RunModel)" time="0.016" />
  <testcase classname="ptolemy.util.test.junit.AutoTests" name="[111] /home/travis/build/icyphy/ptII/ptolemy/actor/lib/test/auto/Dictionary4.xml (RunModel)" time="0.019" />
  <testcase classname="ptolemy.util.test.junit.AutoTests" name="[112] /home/travis/build/icyphy/ptII/ptolemy/actor/lib/test/auto/Differential.xml (RunModel)" time="0.015" />
  <testcase classname="ptolemy.util.test.junit.AutoTests" name="[113] /home/travis/build/icyphy/ptII/ptolemy/actor/lib/test/auto/Director.xml (RunModel)" time="0.012" />
  <testcase classname="ptolemy.util.test.junit.AutoTests" name="[114] /home/travis/build/icyphy/ptII/ptolemy/actor/lib/test/auto/DiscreteClock.xml (RunModel)" time="0.009" />
  <testcase classname="ptolemy.util.test.junit.AutoTests" name="[115] /home/travis/build/icyphy/ptII/ptolemy/actor/lib/test/auto/DiscreteClock10.xml (RunModel)" time="0.014" />
  <testcase classname="ptolemy.util.test.junit.AutoTests" name="[116] /home/travis/build/icyphy/ptII/ptolemy/actor/lib/test/auto/DiscreteClock11.xml (RunModel)" time="0.013" />
  <testcase classname="ptolemy.util.test.junit.AutoTests" name="[117] /home/travis/build/icyphy/ptII/ptolemy/actor/lib/test/auto/DiscreteClock12.xml (RunModel)" time="0.015" />
  <testcase classname="ptolemy.util.test.junit.AutoTests" name="[118] /home/travis/build/icyphy/ptII/ptolemy/actor/lib/test/auto/DiscreteClock13.xml (RunModel)" time="0.019" />
  <testcase classname="ptolemy.util.test.junit.AutoTests" name="[119] /home/travis/build/icyphy/ptII/ptolemy/actor/lib/test/auto/DiscreteClock14.xml (RunModel)" time="0.016" />
  <testcase classname="ptolemy.util.test.junit.AutoTests" name="[120] /home/travis/build/icyphy/ptII/ptolemy/actor/lib/test/auto/DiscreteClock15.xml (RunModel)" time="0.016" />
  <testcase classname="ptolemy.util.test.junit.AutoTests" name="[121] /home/travis/build/icyphy/ptII/ptolemy/actor/lib/test/auto/DiscreteClock16.xml (RunModel)" time="0.045" />
  <testcase classname="ptolemy.util.test.junit.AutoTests" name="[122] /home/travis/build/icyphy/ptII/ptolemy/actor/lib/test/auto/DiscreteClock17.xml (RunModel)" time="0.042" />
  <testcase classname="ptolemy.util.test.junit.AutoTests" name="[123] /home/travis/build/icyphy/ptII/ptolemy/actor/lib/test/auto/DiscreteClock18.xml (RunModel)" time="0.045" />
  <testcase classname="ptolemy.util.test.junit.AutoTests" name="[124] /home/travis/build/icyphy/ptII/ptolemy/actor/lib/test/auto/DiscreteClock19.xml (RunModel)" time="0.059" />
  <testcase classname="ptolemy.util.test.junit.AutoTests" name="[125] /home/travis/build/icyphy/ptII/ptolemy/actor/lib/test/auto/DiscreteClock2.xml (RunModel)" time="0.012" />
  <testcase classname="ptolemy.util.test.junit.AutoTests" name="[126] /home/travis/build/icyphy/ptII/ptolemy/actor/lib/test/auto/DiscreteClock20.xml (RunModel)" time="0.023" />
  <testcase classname="ptolemy.util.test.junit.AutoTests" name="[127] /home/travis/build/icyphy/ptII/ptolemy/actor/lib/test/auto/DiscreteClock21.xml (RunModel)" time="0.019" />
  <testcase classname="ptolemy.util.test.junit.AutoTests" name="[128] /home/travis/build/icyphy/ptII/ptolemy/actor/lib/test/auto/DiscreteClock22.xml (RunModel)" time="0.016" />
  <testcase classname="ptolemy.util.test.junit.AutoTests" name="[129] /home/travis/build/icyphy/ptII/ptolemy/actor/lib/test/auto/DiscreteClock23.xml (RunModel)" time="0.025" />
  <testcase classname="ptolemy.util.test.junit.AutoTests" name="[130] /home/travis/build/icyphy/ptII/ptolemy/actor/lib/test/auto/DiscreteClock24.xml (RunModel)" time="0.015" />
  <testcase classname="ptolemy.util.test.junit.AutoTests" name="[131] /home/travis/build/icyphy/ptII/ptolemy/actor/lib/test/auto/DiscreteClock4.xml (RunModel)" time="0.013" />
  <testcase classname="ptolemy.util.test.junit.AutoTests" name="[132] /home/travis/build/icyphy/ptII/ptolemy/actor/lib/test/auto/DiscreteClock5.xml (RunModel)" time="0.011" />
  <testcase classname="ptolemy.util.test.junit.AutoTests" name="[133] /home/travis/build/icyphy/ptII/ptolemy/actor/lib/test/auto/DiscreteClock6.xml (RunModel)" time="0.009" />
  <testcase classname="ptolemy.util.test.junit.AutoTests" name="[134] /home/travis/build/icyphy/ptII/ptolemy/actor/lib/test/auto/DiscreteClock7.xml (RunModel)" time="0.013" />
  <testcase classname="ptolemy.util.test.junit.AutoTests" name="[135] /home/travis/build/icyphy/ptII/ptolemy/actor/lib/test/auto/DiscreteClock8.xml (RunModel)" time="0.027" />
  <testcase classname="ptolemy.util.test.junit.AutoTests" name="[136] /home/travis/build/icyphy/ptII/ptolemy/actor/lib/test/auto/DiscreteClock9.xml (RunModel)" time="0.015" />
  <testcase classname="ptolemy.util.test.junit.AutoTests" name="[137] /home/travis/build/icyphy/ptII/ptolemy/actor/lib/test/auto/DisplayArray.xml (RunModel)" time="0.01" />
  <testcase classname="ptolemy.util.test.junit.AutoTests" name="[138] /home/travis/build/icyphy/ptII/ptolemy/actor/lib/test/auto/Distributor.xml (RunModel)" time="0.01" />
  <testcase classname="ptolemy.util.test.junit.AutoTests" name="[139] /home/travis/build/icyphy/ptII/ptolemy/actor/lib/test/auto/Distributor2.xml (RunModel)" time="0.012" />
  <testcase classname="ptolemy.util.test.junit.AutoTests" name="[140] /home/travis/build/icyphy/ptII/ptolemy/actor/lib/test/auto/DownSample.xml (RunModel)" time="0.037" />
  <testcase classname="ptolemy.util.test.junit.AutoTests" name="[141] /home/travis/build/icyphy/ptII/ptolemy/actor/lib/test/auto/ElectronicUnitBase1.xml (RunModel)" time="0.069" />
  <testcase classname="ptolemy.util.test.junit.AutoTests" name="[142] /home/travis/build/icyphy/ptII/ptolemy/actor/lib/test/auto/ElementsToArray.xml (RunModel)" time="0.02" />
  <testcase classname="ptolemy.util.test.junit.AutoTests" name="[143] /home/travis/build/icyphy/ptII/ptolemy/actor/lib/test/auto/Equals.xml (RunModel)" time="0.02" />
  <testcase classname="ptolemy.util.test.junit.AutoTests" name="[144] /home/travis/build/icyphy/ptII/ptolemy/actor/lib/test/auto/Exec.xml (RunModel)" time="0.038" />
  <testcase classname="ptolemy.util.test.junit.AutoTests" name="[145] /home/travis/build/icyphy/ptII/ptolemy/actor/lib/test/auto/ExecEnvironment.xml (RunModel)" time="0.049" />
  <testcase classname="ptolemy.util.test.junit.AutoTests" name="[146] /home/travis/build/icyphy/ptII/ptolemy/actor/lib/test/auto/ExecNonZeroReturnOutput.xml (RunModel)" time="0.238" />
  <testcase classname="ptolemy.util.test.junit.AutoTests" name="[147] /home/travis/build/icyphy/ptII/ptolemy/actor/lib/test/auto/ExecRunDemos.xml (RunModel)" time="11.6">
    <error type="java.lang.reflect.InvocationTargetException">java.lang.reflect.InvocationTargetException
	at jdk.internal.reflect.GeneratedConstructorAccessor36.newInstance(Unknown Source)
	at java.base/jdk.internal.reflect.DelegatingConstructorAccessorImpl.newInstance(DelegatingConstructorAccessorImpl.java:45)
	at java.base/java.lang.reflect.Constructor.newInstance(Constructor.java:490)
	at ptolemy.util.test.junit.AutoTests.RunModel(AutoTests.java:193)
	at jdk.internal.reflect.GeneratedMethodAccessor43.invoke(Unknown Source)
	at java.base/jdk.internal.reflect.DelegatingMethodAccessorImpl.invoke(DelegatingMethodAccessorImpl.java:43)
	at junitparams.internal.InvokeParameterisedMethod.evaluate(InvokeParameterisedMethod.java:102)
Caused by: ptolemy.kernel.util.IllegalActionException: Test fails in iteration 0.
Value was: &quot;WARNING: An illegal reflective access operation has occurred\nWARNING: Illegal reflective access by io.netty.util.internal.ReflectionUtil (file:/home/travis/build/icyphy/ptII/lib/netty-common-4.1.19.Final.jar) to constructor java.nio.DirectByteBuffer(long,int)\nWARNING: Please consider reporting this to the maintainers of io.netty.util.internal.ReflectionUtil\nWARNING: Use --illegal-access=warn to enable warnings of further illegal reflective access operations\nWARNING: All illegal access operations will be denied in a future release\n&quot;. Should have been: &quot;&quot;
  in .ExecRunDemos.Test
	at ptolemy.actor.lib.Test.fire(Test.java:268)
	at ptolemy.actor.AtomicActor.iterate(AtomicActor.java:512)
	at ptolemy.actor.sched.StaticSchedulingDirector.fire(StaticSchedulingDirector.java:216)
	at ptolemy.domains.sdf.kernel.SDFDirector.fire(SDFDirector.java:500)
	at ptolemy.actor.CompositeActor.fire(CompositeActor.java:455)
	at ptolemy.actor.Manager.iterate(Manager.java:851)
	at ptolemy.actor.Manager.execute(Manager.java:369)
	at ptolemy.actor.Manager.run(Manager.java:1263)
	at ptolemy.actor.Manager$PtolemyRunThread.run(Manager.java:1915)
</error>
  </testcase>
  <testcase classname="ptolemy.util.test.junit.AutoTests" name="[148] /home/travis/build/icyphy/ptII/ptolemy/actor/lib/test/auto/ExecStop.xml (RunModel)" time="5.032" />
  <testcase classname="ptolemy.util.test.junit.AutoTests" name="[149] /home/travis/build/icyphy/ptII/ptolemy/actor/lib/test/auto/ExecutionTimeSDF.xml (RunModel)" time="6.035" />
  <testcase classname="ptolemy.util.test.junit.AutoTests" name="[150] /home/travis/build/icyphy/ptII/ptolemy/actor/lib/test/auto/Expression1.xml (RunModel)" time="0.008" />
  <testcase classname="ptolemy.util.test.junit.AutoTests" name="[151] /home/travis/build/icyphy/ptII/ptolemy/actor/lib/test/auto/Expression10.xml (RunModel)" time="0.015" />
  <testcase classname="ptolemy.util.test.junit.AutoTests" name="[152] /home/travis/build/icyphy/ptII/ptolemy/actor/lib/test/auto/Expression11.xml (RunModel)" time="0.011" />
  <testcase classname="ptolemy.util.test.junit.AutoTests" name="[153] /home/travis/build/icyphy/ptII/ptolemy/actor/lib/test/auto/Expression12.xml (RunModel)" time="0.013" />
  <testcase classname="ptolemy.util.test.junit.AutoTests" name="[154] /home/travis/build/icyphy/ptII/ptolemy/actor/lib/test/auto/Expression13.xml (RunModel)" time="0.012" />
  <testcase classname="ptolemy.util.test.junit.AutoTests" name="[155] /home/travis/build/icyphy/ptII/ptolemy/actor/lib/test/auto/Expression14.xml (RunModel)" time="0.016" />
  <testcase classname="ptolemy.util.test.junit.AutoTests" name="[156] /home/travis/build/icyphy/ptII/ptolemy/actor/lib/test/auto/Expression15.xml (RunModel)" time="0.008" />
  <testcase classname="ptolemy.util.test.junit.AutoTests" name="[157] /home/travis/build/icyphy/ptII/ptolemy/actor/lib/test/auto/Expression16.xml (RunModel)" time="0.012" />
  <testcase classname="ptolemy.util.test.junit.AutoTests" name="[158] /home/travis/build/icyphy/ptII/ptolemy/actor/lib/test/auto/Expression17.xml (RunModel)" time="0.018" />
  <testcase classname="ptolemy.util.test.junit.AutoTests" name="[159] /home/travis/build/icyphy/ptII/ptolemy/actor/lib/test/auto/Expression18.xml (RunModel)" time="0.013" />
  <testcase classname="ptolemy.util.test.junit.AutoTests" name="[160] /home/travis/build/icyphy/ptII/ptolemy/actor/lib/test/auto/Expression2.xml (RunModel)" time="0.012" />
  <testcase classname="ptolemy.util.test.junit.AutoTests" name="[161] /home/travis/build/icyphy/ptII/ptolemy/actor/lib/test/auto/Expression3.xml (RunModel)" time="0.012" />
  <testcase classname="ptolemy.util.test.junit.AutoTests" name="[162] /home/travis/build/icyphy/ptII/ptolemy/actor/lib/test/auto/Expression4.xml (RunModel)" time="0.019" />
  <testcase classname="ptolemy.util.test.junit.AutoTests" name="[163] /home/travis/build/icyphy/ptII/ptolemy/actor/lib/test/auto/Expression5.xml (RunModel)" time="0.011" />
  <testcase classname="ptolemy.util.test.junit.AutoTests" name="[164] /home/travis/build/icyphy/ptII/ptolemy/actor/lib/test/auto/Expression6.xml (RunModel)" time="0.01" />
  <testcase classname="ptolemy.util.test.junit.AutoTests" name="[165] /home/travis/build/icyphy/ptII/ptolemy/actor/lib/test/auto/Expression7.xml (RunModel)" time="0.012" />
  <testcase classname="ptolemy.util.test.junit.AutoTests" name="[166] /home/travis/build/icyphy/ptII/ptolemy/actor/lib/test/auto/Expression8.xml (RunModel)" time="0.012" />
  <testcase classname="ptolemy.util.test.junit.AutoTests" name="[167] /home/travis/build/icyphy/ptII/ptolemy/actor/lib/test/auto/Expression9.xml (RunModel)" time="0.009" />
  <testcase classname="ptolemy.util.test.junit.AutoTests" name="[168] /home/travis/build/icyphy/ptII/ptolemy/actor/lib/test/auto/ExpressionConcatenateArrayType.xml (RunModel)" time="0.026" />
  <testcase classname="ptolemy.util.test.junit.AutoTests" name="[169] /home/travis/build/icyphy/ptII/ptolemy/actor/lib/test/auto/ExpressionConcatenateArrayType2.xml (RunModel)" time="0.021" />
  <testcase classname="ptolemy.util.test.junit.AutoTests" name="[170] /home/travis/build/icyphy/ptII/ptolemy/actor/lib/test/auto/ExpressionFix.xml (RunModel)" time="0.053" />
  <testcase classname="ptolemy.util.test.junit.AutoTests" name="[171] /home/travis/build/icyphy/ptII/ptolemy/actor/lib/test/auto/ExpressionFix2.xml (RunModel)" time="0.011" />
  <testcase classname="ptolemy.util.test.junit.AutoTests" name="[172] /home/travis/build/icyphy/ptII/ptolemy/actor/lib/test/auto/ExpressionFix3.xml (RunModel)" time="0.01" />
  <testcase classname="ptolemy.util.test.junit.AutoTests" name="[173] /home/travis/build/icyphy/ptII/ptolemy/actor/lib/test/auto/FileWriter1.xml (RunModel)" time="0.009" />
  <testcase classname="ptolemy.util.test.junit.AutoTests" name="[174] /home/travis/build/icyphy/ptII/ptolemy/actor/lib/test/auto/FileWriter2.xml (RunModel)" time="0.017" />
  <testcase classname="ptolemy.util.test.junit.AutoTests" name="[175] /home/travis/build/icyphy/ptII/ptolemy/actor/lib/test/auto/FileWriter3.xml (RunModel)" time="0.015" />
  <testcase classname="ptolemy.util.test.junit.AutoTests" name="[176] /home/travis/build/icyphy/ptII/ptolemy/actor/lib/test/auto/Gaussian.xml (RunModel)" time="0.012" />
  <testcase classname="ptolemy.util.test.junit.AutoTests" name="[177] /home/travis/build/icyphy/ptII/ptolemy/actor/lib/test/auto/Gaussian1.xml (RunModel)" time="0.014" />
  <testcase classname="ptolemy.util.test.junit.AutoTests" name="[178] /home/travis/build/icyphy/ptII/ptolemy/actor/lib/test/auto/Gaussian2.xml (RunModel)" time="0.055" />
  <testcase classname="ptolemy.util.test.junit.AutoTests" name="[179] /home/travis/build/icyphy/ptII/ptolemy/actor/lib/test/auto/GradientAdaptiveLattice.xml (RunModel)" time="0.026" />
  <testcase classname="ptolemy.util.test.junit.AutoTests" name="[180] /home/travis/build/icyphy/ptII/ptolemy/actor/lib/test/auto/IIR.xml (RunModel)" time="0.013" />
  <testcase classname="ptolemy.util.test.junit.AutoTests" name="[181] /home/travis/build/icyphy/ptII/ptolemy/actor/lib/test/auto/InputOutputTransparentPorts.xml (RunModel)" time="0.023" />
  <testcase classname="ptolemy.util.test.junit.AutoTests" name="[182] /home/travis/build/icyphy/ptII/ptolemy/actor/lib/test/auto/Interpolator.xml (RunModel)" time="0.015" />
  <testcase classname="ptolemy.util.test.junit.AutoTests" name="[183] /home/travis/build/icyphy/ptII/ptolemy/actor/lib/test/auto/InterpolatorFiringLimitDE.xml (RunModel)" time="0.015" />
  <testcase classname="ptolemy.util.test.junit.AutoTests" name="[184] /home/travis/build/icyphy/ptII/ptolemy/actor/lib/test/auto/Lattice.xml (RunModel)" time="0.009" />
  <testcase classname="ptolemy.util.test.junit.AutoTests" name="[185] /home/travis/build/icyphy/ptII/ptolemy/actor/lib/test/auto/LazyAOCTestLazy.xml (RunModel)" time="0.034" />
  <testcase classname="ptolemy.util.test.junit.AutoTests" name="[186] /home/travis/build/icyphy/ptII/ptolemy/actor/lib/test/auto/LazyAOCTestNonLazy.xml (RunModel)" time="0.055" />
  <testcase classname="ptolemy.util.test.junit.AutoTests" name="[187] /home/travis/build/icyphy/ptII/ptolemy/actor/lib/test/auto/LazyInnerClass.xml (RunModel)" time="0.055" />
  <testcase classname="ptolemy.util.test.junit.AutoTests" name="[188] /home/travis/build/icyphy/ptII/ptolemy/actor/lib/test/auto/LazyPubSub.xml (RunModel)" time="0.043" />
  <testcase classname="ptolemy.util.test.junit.AutoTests" name="[189] /home/travis/build/icyphy/ptII/ptolemy/actor/lib/test/auto/LazyPubSub2.xml (RunModel)" time="0.059" />
  <testcase classname="ptolemy.util.test.junit.AutoTests" name="[190] /home/travis/build/icyphy/ptII/ptolemy/actor/lib/test/auto/LazyPubSub3.xml (RunModel)" time="0.029" />
  <testcase classname="ptolemy.util.test.junit.AutoTests" name="[191] /home/travis/build/icyphy/ptII/ptolemy/actor/lib/test/auto/LazySubClassModel.xml (RunModel)" time="0.021" />
  <testcase classname="ptolemy.util.test.junit.AutoTests" name="[192] /home/travis/build/icyphy/ptII/ptolemy/actor/lib/test/auto/LevelCrossTest1.xml (RunModel)" time="0.01" />
  <testcase classname="ptolemy.util.test.junit.AutoTests" name="[193] /home/travis/build/icyphy/ptII/ptolemy/actor/lib/test/auto/LevelCrossTest10.xml (RunModel)" time="0.015" />
  <testcase classname="ptolemy.util.test.junit.AutoTests" name="[194] /home/travis/build/icyphy/ptII/ptolemy/actor/lib/test/auto/LevelCrossTest11.xml (RunModel)" time="0.018" />
  <testcase classname="ptolemy.util.test.junit.AutoTests" name="[195] /home/travis/build/icyphy/ptII/ptolemy/actor/lib/test/auto/LevelCrossTest12.xml (RunModel)" time="0.019" />
  <testcase classname="ptolemy.util.test.junit.AutoTests" name="[196] /home/travis/build/icyphy/ptII/ptolemy/actor/lib/test/auto/LevelCrossTest13.xml (RunModel)" time="0.015" />
  <testcase classname="ptolemy.util.test.junit.AutoTests" name="[197] /home/travis/build/icyphy/ptII/ptolemy/actor/lib/test/auto/LevelCrossTest2.xml (RunModel)" time="0.01" />
  <testcase classname="ptolemy.util.test.junit.AutoTests" name="[198] /home/travis/build/icyphy/ptII/ptolemy/actor/lib/test/auto/LevelCrossTest3.xml (RunModel)" time="0.012" />
  <testcase classname="ptolemy.util.test.junit.AutoTests" name="[199] /home/travis/build/icyphy/ptII/ptolemy/actor/lib/test/auto/LevelCrossTest4.xml (RunModel)" time="0.012" />
  <testcase classname="ptolemy.util.test.junit.AutoTests" name="[200] /home/travis/build/icyphy/ptII/ptolemy/actor/lib/test/auto/LevelCrossTest5.xml (RunModel)" time="0.022" />
  <testcase classname="ptolemy.util.test.junit.AutoTests" name="[201] /home/travis/build/icyphy/ptII/ptolemy/actor/lib/test/auto/LevelCrossTest6.xml (RunModel)" time="0.026" />
  <testcase classname="ptolemy.util.test.junit.AutoTests" name="[202] /home/travis/build/icyphy/ptII/ptolemy/actor/lib/test/auto/LevelCrossTest7.xml (RunModel)" time="0.016" />
  <testcase classname="ptolemy.util.test.junit.AutoTests" name="[203] /home/travis/build/icyphy/ptII/ptolemy/actor/lib/test/auto/LevelCrossTest8.xml (RunModel)" time="0.015" />
  <testcase classname="ptolemy.util.test.junit.AutoTests" name="[204] /home/travis/build/icyphy/ptII/ptolemy/actor/lib/test/auto/LevelCrossTest9.xml (RunModel)" time="0.015" />
  <testcase classname="ptolemy.util.test.junit.AutoTests" name="[205] /home/travis/build/icyphy/ptII/ptolemy/actor/lib/test/auto/LevinsonDurbin.xml (RunModel)" time="0.013" />
  <testcase classname="ptolemy.util.test.junit.AutoTests" name="[206] /home/travis/build/icyphy/ptII/ptolemy/actor/lib/test/auto/LevinsonDurbin2.xml (RunModel)" time="0.009" />
  <testcase classname="ptolemy.util.test.junit.AutoTests" name="[207] /home/travis/build/icyphy/ptII/ptolemy/actor/lib/test/auto/LevinsonDurbin3.xml (RunModel)" time="0.016" />
  <testcase classname="ptolemy.util.test.junit.AutoTests" name="[208] /home/travis/build/icyphy/ptII/ptolemy/actor/lib/test/auto/Limiter.xml (RunModel)" time="0.042" />
  <testcase classname="ptolemy.util.test.junit.AutoTests" name="[209] /home/travis/build/icyphy/ptII/ptolemy/actor/lib/test/auto/LinearDifferenceEquationSystem.xml (RunModel)" time="0.023" />
  <testcase classname="ptolemy.util.test.junit.AutoTests" name="[210] /home/travis/build/icyphy/ptII/ptolemy/actor/lib/test/auto/LookupTable.xml (RunModel)" time="0.011" />
  <testcase classname="ptolemy.util.test.junit.AutoTests" name="[211] /home/travis/build/icyphy/ptII/ptolemy/actor/lib/test/auto/MathFunction.xml (RunModel)" time="0.024" />
  <testcase classname="ptolemy.util.test.junit.AutoTests" name="[212] /home/travis/build/icyphy/ptII/ptolemy/actor/lib/test/auto/MathFunction2.xml (RunModel)" time="0.012" />
  <testcase classname="ptolemy.util.test.junit.AutoTests" name="[213] /home/travis/build/icyphy/ptII/ptolemy/actor/lib/test/auto/MathFunction3.xml (RunModel)" time="0.017" />
  <testcase classname="ptolemy.util.test.junit.AutoTests" name="[214] /home/travis/build/icyphy/ptII/ptolemy/actor/lib/test/auto/MatrixCropBoolean.xml (RunModel)" time="0.016" />
  <testcase classname="ptolemy.util.test.junit.AutoTests" name="[215] /home/travis/build/icyphy/ptII/ptolemy/actor/lib/test/auto/MatrixCropComplex.xml (RunModel)" time="0.011" />
  <testcase classname="ptolemy.util.test.junit.AutoTests" name="[216] /home/travis/build/icyphy/ptII/ptolemy/actor/lib/test/auto/MatrixCropDouble.xml (RunModel)" time="0.01" />
  <testcase classname="ptolemy.util.test.junit.AutoTests" name="[217] /home/travis/build/icyphy/ptII/ptolemy/actor/lib/test/auto/MatrixCropFix.xml (RunModel)" time="0.011" />
  <testcase classname="ptolemy.util.test.junit.AutoTests" name="[218] /home/travis/build/icyphy/ptII/ptolemy/actor/lib/test/auto/MatrixCropInt.xml (RunModel)" time="0.012" />
  <testcase classname="ptolemy.util.test.junit.AutoTests" name="[219] /home/travis/build/icyphy/ptII/ptolemy/actor/lib/test/auto/MatrixCropLong.xml (RunModel)" time="0.01" />
  <testcase classname="ptolemy.util.test.junit.AutoTests" name="[220] /home/travis/build/icyphy/ptII/ptolemy/actor/lib/test/auto/MatrixToArray.xml (RunModel)" time="0.072" />
  <testcase classname="ptolemy.util.test.junit.AutoTests" name="[221] /home/travis/build/icyphy/ptII/ptolemy/actor/lib/test/auto/MaxIndex.xml (RunModel)" time="0.013" />
  <testcase classname="ptolemy.util.test.junit.AutoTests" name="[222] /home/travis/build/icyphy/ptII/ptolemy/actor/lib/test/auto/Maximum.xml (RunModel)" time="0.016" />
  <testcase classname="ptolemy.util.test.junit.AutoTests" name="[223] /home/travis/build/icyphy/ptII/ptolemy/actor/lib/test/auto/MaximumComplex.xml (RunModel)" time="0.016" />
  <testcase classname="ptolemy.util.test.junit.AutoTests" name="[224] /home/travis/build/icyphy/ptII/ptolemy/actor/lib/test/auto/MethodCallTest.xml (RunModel)" time="0.027" />
  <testcase classname="ptolemy.util.test.junit.AutoTests" name="[225] /home/travis/build/icyphy/ptII/ptolemy/actor/lib/test/auto/Minimum.xml (RunModel)" time="0.017" />
  <testcase classname="ptolemy.util.test.junit.AutoTests" name="[226] /home/travis/build/icyphy/ptII/ptolemy/actor/lib/test/auto/MinimumComplex.xml (RunModel)" time="0.026" />
  <testcase classname="ptolemy.util.test.junit.AutoTests" name="[227] /home/travis/build/icyphy/ptII/ptolemy/actor/lib/test/auto/MinimumMultiports.xml (RunModel)" time="0.024" />
  <testcase classname="ptolemy.util.test.junit.AutoTests" name="[228] /home/travis/build/icyphy/ptII/ptolemy/actor/lib/test/auto/ModifyDate.xml (RunModel)" time="0.059" />
  <testcase classname="ptolemy.util.test.junit.AutoTests" name="[229] /home/travis/build/icyphy/ptII/ptolemy/actor/lib/test/auto/ModifyDate2.xml (RunModel)" time="0.028" />
  <testcase classname="ptolemy.util.test.junit.AutoTests" name="[230] /home/travis/build/icyphy/ptII/ptolemy/actor/lib/test/auto/MovingAverage.xml (RunModel)" time="0.015" />
  <testcase classname="ptolemy.util.test.junit.AutoTests" name="[231] /home/travis/build/icyphy/ptII/ptolemy/actor/lib/test/auto/MovingMaximum.xml (RunModel)" time="0.012" />
  <testcase classname="ptolemy.util.test.junit.AutoTests" name="[232] /home/travis/build/icyphy/ptII/ptolemy/actor/lib/test/auto/MultipleLinksToSameRelation.xml (RunModel)" time="0.018" />
  <testcase classname="ptolemy.util.test.junit.AutoTests" name="[233] /home/travis/build/icyphy/ptII/ptolemy/actor/lib/test/auto/MultipleLinksToSameRelationDE.xml (RunModel)" time="0.018" />
  <testcase classname="ptolemy.util.test.junit.AutoTests" name="[234] /home/travis/build/icyphy/ptII/ptolemy/actor/lib/test/auto/Multiplexor.xml (RunModel)" time="0.013" />
  <testcase classname="ptolemy.util.test.junit.AutoTests" name="[235] /home/travis/build/icyphy/ptII/ptolemy/actor/lib/test/auto/Multiplexor1.xml (RunModel)" time="0.013" />
  <testcase classname="ptolemy.util.test.junit.AutoTests" name="[236] /home/travis/build/icyphy/ptII/ptolemy/actor/lib/test/auto/Multiplexor2.xml (RunModel)" time="0.05" />
  <testcase classname="ptolemy.util.test.junit.AutoTests" name="[237] /home/travis/build/icyphy/ptII/ptolemy/actor/lib/test/auto/Multiplexor3.xml (RunModel)" time="0.011" />
  <testcase classname="ptolemy.util.test.junit.AutoTests" name="[238] /home/travis/build/icyphy/ptII/ptolemy/actor/lib/test/auto/MultiplexorDE.xml (RunModel)" time="0.017" />
  <testcase classname="ptolemy.util.test.junit.AutoTests" name="[239] /home/travis/build/icyphy/ptII/ptolemy/actor/lib/test/auto/MultiportBroadcastTest.xml (RunModel)" time="0.114" />
  <testcase classname="ptolemy.util.test.junit.AutoTests" name="[240] /home/travis/build/icyphy/ptII/ptolemy/actor/lib/test/auto/MultiportOutHangDuringGetWidth.xml (RunModel)" time="0.036" />
  <testcase classname="ptolemy.util.test.junit.AutoTests" name="[241] /home/travis/build/icyphy/ptII/ptolemy/actor/lib/test/auto/NilToken.xml (RunModel)" time="0.008" />
  <testcase classname="ptolemy.util.test.junit.AutoTests" name="[242] /home/travis/build/icyphy/ptII/ptolemy/actor/lib/test/auto/NilTokenNonStrictTest.xml (RunModel)" time="0.012" />
  <testcase classname="ptolemy.util.test.junit.AutoTests" name="[243] /home/travis/build/icyphy/ptII/ptolemy/actor/lib/test/auto/NilTokenRecord.xml (RunModel)" time="0.03" />
  <testcase classname="ptolemy.util.test.junit.AutoTests" name="[244] /home/travis/build/icyphy/ptII/ptolemy/actor/lib/test/auto/NilTokenTypeTest.xml (RunModel)" time="0.037" />
  <testcase classname="ptolemy.util.test.junit.AutoTests" name="[245] /home/travis/build/icyphy/ptII/ptolemy/actor/lib/test/auto/ObjectToken1.xml (RunModel)" time="0.013" />
  <testcase classname="ptolemy.util.test.junit.AutoTests" name="[246] /home/travis/build/icyphy/ptII/ptolemy/actor/lib/test/auto/OrderedMerge.xml (RunModel)" time="0.015" />
  <testcase classname="ptolemy.util.test.junit.AutoTests" name="[247] /home/travis/build/icyphy/ptII/ptolemy/actor/lib/test/auto/OrderedRecordDisassembler.xml (RunModel)" time="0.02" />
  <testcase classname="ptolemy.util.test.junit.AutoTests" name="[248] /home/travis/build/icyphy/ptII/ptolemy/actor/lib/test/auto/OrderedRecordDisassembler2.xml (RunModel)" time="0.022" />
  <testcase classname="ptolemy.util.test.junit.AutoTests" name="[249] /home/travis/build/icyphy/ptII/ptolemy/actor/lib/test/auto/OrderedRecordUpdater.xml (RunModel)" time="0.012" />
  <testcase classname="ptolemy.util.test.junit.AutoTests" name="[250] /home/travis/build/icyphy/ptII/ptolemy/actor/lib/test/auto/OrderedRecordUpdater2.xml (RunModel)" time="0.02" />
  <testcase classname="ptolemy.util.test.junit.AutoTests" name="[251] /home/travis/build/icyphy/ptII/ptolemy/actor/lib/test/auto/PhaseUnwrap.xml (RunModel)" time="0.014" />
  <testcase classname="ptolemy.util.test.junit.AutoTests" name="[252] /home/travis/build/icyphy/ptII/ptolemy/actor/lib/test/auto/PoissonClock.xml (RunModel)" time="0.011" />
  <testcase classname="ptolemy.util.test.junit.AutoTests" name="[253] /home/travis/build/icyphy/ptII/ptolemy/actor/lib/test/auto/PoissonClock2.xml (RunModel)" time="0.007" />
  <testcase classname="ptolemy.util.test.junit.AutoTests" name="[254] /home/travis/build/icyphy/ptII/ptolemy/actor/lib/test/auto/PoissonClock3.xml (RunModel)" time="0.028" />
  <testcase classname="ptolemy.util.test.junit.AutoTests" name="[255] /home/travis/build/icyphy/ptII/ptolemy/actor/lib/test/auto/PubSubWithInitialTokens.xml (RunModel)" time="0.017" />
  <testcase classname="ptolemy.util.test.junit.AutoTests" name="[256] /home/travis/build/icyphy/ptII/ptolemy/actor/lib/test/auto/PubSubWithInitialTokens2.xml (RunModel)" time="0.013" />
  <testcase classname="ptolemy.util.test.junit.AutoTests" name="[257] /home/travis/build/icyphy/ptII/ptolemy/actor/lib/test/auto/PublisherClassNoParameter.xml (RunModel)" time="0.026" />
  <testcase classname="ptolemy.util.test.junit.AutoTests" name="[258] /home/travis/build/icyphy/ptII/ptolemy/actor/lib/test/auto/PublisherClassParameter.xml (RunModel)" time="0.026" />
  <testcase classname="ptolemy.util.test.junit.AutoTests" name="[259] /home/travis/build/icyphy/ptII/ptolemy/actor/lib/test/auto/PublisherNonStrictTest.xml (RunModel)" time="0.017" />
  <testcase classname="ptolemy.util.test.junit.AutoTests" name="[260] /home/travis/build/icyphy/ptII/ptolemy/actor/lib/test/auto/PublisherPort1.xml (RunModel)" time="0.011" />
  <testcase classname="ptolemy.util.test.junit.AutoTests" name="[261] /home/travis/build/icyphy/ptII/ptolemy/actor/lib/test/auto/PublisherPort2.xml (RunModel)" time="0.02" />
  <testcase classname="ptolemy.util.test.junit.AutoTests" name="[262] /home/travis/build/icyphy/ptII/ptolemy/actor/lib/test/auto/PublisherPort3.xml (RunModel)" time="0.018" />
  <testcase classname="ptolemy.util.test.junit.AutoTests" name="[263] /home/travis/build/icyphy/ptII/ptolemy/actor/lib/test/auto/PublisherPort4.xml (RunModel)" time="0.013" />
  <testcase classname="ptolemy.util.test.junit.AutoTests" name="[264] /home/travis/build/icyphy/ptII/ptolemy/actor/lib/test/auto/PublisherPort5.xml (RunModel)" time="0.016" />
  <testcase classname="ptolemy.util.test.junit.AutoTests" name="[265] /home/travis/build/icyphy/ptII/ptolemy/actor/lib/test/auto/PublisherPort5LookAlike.xml (RunModel)" time="0.02" />
  <testcase classname="ptolemy.util.test.junit.AutoTests" name="[266] /home/travis/build/icyphy/ptII/ptolemy/actor/lib/test/auto/PublisherPort6.xml (RunModel)" time="0.013" />
  <testcase classname="ptolemy.util.test.junit.AutoTests" name="[267] /home/travis/build/icyphy/ptII/ptolemy/actor/lib/test/auto/PublisherPort7.xml (RunModel)" time="0.016" />
  <testcase classname="ptolemy.util.test.junit.AutoTests" name="[268] /home/travis/build/icyphy/ptII/ptolemy/actor/lib/test/auto/PublisherPort8.xml (RunModel)" time="0.018" />
  <testcase classname="ptolemy.util.test.junit.AutoTests" name="[269] /home/travis/build/icyphy/ptII/ptolemy/actor/lib/test/auto/PublisherPortSubscriberChannelVariablesAOC2.xml (RunModel)" time="0.037" />
  <testcase classname="ptolemy.util.test.junit.AutoTests" name="[270] /home/travis/build/icyphy/ptII/ptolemy/actor/lib/test/auto/PublisherPortSubscriberOpaqueWidthInference.xml (RunModel)" time="0.016" />
  <testcase classname="ptolemy.util.test.junit.AutoTests" name="[271] /home/travis/build/icyphy/ptII/ptolemy/actor/lib/test/auto/PublisherPortSubscriberPortAdjacent.xml (RunModel)" time="0.016" />
  <testcase classname="ptolemy.util.test.junit.AutoTests" name="[272] /home/travis/build/icyphy/ptII/ptolemy/actor/lib/test/auto/PublisherPortSubscriberPortExpression.xml (RunModel)" time="0.017" />
  <testcase classname="ptolemy.util.test.junit.AutoTests" name="[273] /home/travis/build/icyphy/ptII/ptolemy/actor/lib/test/auto/PublisherPortSubscriberPortOpaqueD3Reverse.xml (RunModel)" time="0.019" />
  <testcase classname="ptolemy.util.test.junit.AutoTests" name="[274] /home/travis/build/icyphy/ptII/ptolemy/actor/lib/test/auto/PublisherPortSubscriberPortOpaqueWidthInference.xml (RunModel)" time="0.015" />
  <testcase classname="ptolemy.util.test.junit.AutoTests" name="[275] /home/travis/build/icyphy/ptII/ptolemy/actor/lib/test/auto/PublisherPortToplevelSubscriberPortAOC.xml (RunModel)" time="0.012" />
  <testcase classname="ptolemy.util.test.junit.AutoTests" name="[276] /home/travis/build/icyphy/ptII/ptolemy/actor/lib/test/auto/PublisherSubscriber.xml (RunModel)" time="0.016" />
  <testcase classname="ptolemy.util.test.junit.AutoTests" name="[277] /home/travis/build/icyphy/ptII/ptolemy/actor/lib/test/auto/PublisherSubscriber10.xml (RunModel)" time="0.021" />
  <testcase classname="ptolemy.util.test.junit.AutoTests" name="[278] /home/travis/build/icyphy/ptII/ptolemy/actor/lib/test/auto/PublisherSubscriber10InitialOutputs.xml (RunModel)" time="0.031" />
  <testcase classname="ptolemy.util.test.junit.AutoTests" name="[279] /home/travis/build/icyphy/ptII/ptolemy/actor/lib/test/auto/PublisherSubscriber11.xml (RunModel)" time="0.022" />
  <testcase classname="ptolemy.util.test.junit.AutoTests" name="[280] /home/travis/build/icyphy/ptII/ptolemy/actor/lib/test/auto/PublisherSubscriber12.xml (RunModel)" time="0.026" />
  <testcase classname="ptolemy.util.test.junit.AutoTests" name="[281] /home/travis/build/icyphy/ptII/ptolemy/actor/lib/test/auto/PublisherSubscriber13.xml (RunModel)" time="0.011" />
  <testcase classname="ptolemy.util.test.junit.AutoTests" name="[282] /home/travis/build/icyphy/ptII/ptolemy/actor/lib/test/auto/PublisherSubscriber14.xml (RunModel)" time="0.02" />
  <testcase classname="ptolemy.util.test.junit.AutoTests" name="[283] /home/travis/build/icyphy/ptII/ptolemy/actor/lib/test/auto/PublisherSubscriber2.xml (RunModel)" time="0.012" />
  <testcase classname="ptolemy.util.test.junit.AutoTests" name="[284] /home/travis/build/icyphy/ptII/ptolemy/actor/lib/test/auto/PublisherSubscriber3.xml (RunModel)" time="0.01" />
  <testcase classname="ptolemy.util.test.junit.AutoTests" name="[285] /home/travis/build/icyphy/ptII/ptolemy/actor/lib/test/auto/PublisherSubscriber4.xml (RunModel)" time="0.01" />
  <testcase classname="ptolemy.util.test.junit.AutoTests" name="[286] /home/travis/build/icyphy/ptII/ptolemy/actor/lib/test/auto/PublisherSubscriber5.xml (RunModel)" time="0.014" />
  <testcase classname="ptolemy.util.test.junit.AutoTests" name="[287] /home/travis/build/icyphy/ptII/ptolemy/actor/lib/test/auto/PublisherSubscriber6.xml (RunModel)" time="0.02" />
  <testcase classname="ptolemy.util.test.junit.AutoTests" name="[288] /home/travis/build/icyphy/ptII/ptolemy/actor/lib/test/auto/PublisherSubscriber7.xml (RunModel)" time="0.021" />
  <testcase classname="ptolemy.util.test.junit.AutoTests" name="[289] /home/travis/build/icyphy/ptII/ptolemy/actor/lib/test/auto/PublisherSubscriber8.xml (RunModel)" time="0.076" />
  <testcase classname="ptolemy.util.test.junit.AutoTests" name="[290] /home/travis/build/icyphy/ptII/ptolemy/actor/lib/test/auto/PublisherSubscriber9.xml (RunModel)" time="0.017" />
  <testcase classname="ptolemy.util.test.junit.AutoTests" name="[291] /home/travis/build/icyphy/ptII/ptolemy/actor/lib/test/auto/PublisherSubscriberAdjacent.xml (RunModel)" time="0.018" />
  <testcase classname="ptolemy.util.test.junit.AutoTests" name="[292] /home/travis/build/icyphy/ptII/ptolemy/actor/lib/test/auto/PublisherSubscriberChannelVariablesAOC2.xml (RunModel)" time="0.03" />
  <testcase classname="ptolemy.util.test.junit.AutoTests" name="[293] /home/travis/build/icyphy/ptII/ptolemy/actor/lib/test/auto/PublisherSubscriberD3.xml (RunModel)" time="0.014" />
  <testcase classname="ptolemy.util.test.junit.AutoTests" name="[294] /home/travis/build/icyphy/ptII/ptolemy/actor/lib/test/auto/PublisherSubscriberD3Reverse.xml (RunModel)" time="0.018" />
  <testcase classname="ptolemy.util.test.junit.AutoTests" name="[295] /home/travis/build/icyphy/ptII/ptolemy/actor/lib/test/auto/PublisherSubscriberExpression.xml (RunModel)" time="0.017" />
  <testcase classname="ptolemy.util.test.junit.AutoTests" name="[296] /home/travis/build/icyphy/ptII/ptolemy/actor/lib/test/auto/PublisherSubscriberOpaque.xml (RunModel)" time="0.015" />
  <testcase classname="ptolemy.util.test.junit.AutoTests" name="[297] /home/travis/build/icyphy/ptII/ptolemy/actor/lib/test/auto/PublisherSubscriberOpaqueD3.xml (RunModel)" time="0.026" />
  <testcase classname="ptolemy.util.test.junit.AutoTests" name="[298] /home/travis/build/icyphy/ptII/ptolemy/actor/lib/test/auto/PublisherSubscriberOpaqueD3Reverse.xml (RunModel)" time="0.022" />
  <testcase classname="ptolemy.util.test.junit.AutoTests" name="[299] /home/travis/build/icyphy/ptII/ptolemy/actor/lib/test/auto/PublisherSubscriberOpaqueWidthInference.xml (RunModel)" time="0.017" />
  <testcase classname="ptolemy.util.test.junit.AutoTests" name="[300] /home/travis/build/icyphy/ptII/ptolemy/actor/lib/test/auto/PublisherTestSubscriber.xml (RunModel)" time="0.017" />
  <testcase classname="ptolemy.util.test.junit.AutoTests" name="[301] /home/travis/build/icyphy/ptII/ptolemy/actor/lib/test/auto/PublisherToplevelSubscriberPortAOC.xml (RunModel)" time="0.011" />
  <testcase classname="ptolemy.util.test.junit.AutoTests" name="[302] /home/travis/build/icyphy/ptII/ptolemy/actor/lib/test/auto/PulseFiringLimitDE.xml (RunModel)" time="0.016" />
  <testcase classname="ptolemy.util.test.junit.AutoTests" name="[303] /home/travis/build/icyphy/ptII/ptolemy/actor/lib/test/auto/Ramp1.xml (RunModel)" time="0.008" />
  <testcase classname="ptolemy.util.test.junit.AutoTests" name="[304] /home/travis/build/icyphy/ptII/ptolemy/actor/lib/test/auto/RampFiringLimitDE.xml (RunModel)" time="0.012" />
  <testcase classname="ptolemy.util.test.junit.AutoTests" name="[305] /home/travis/build/icyphy/ptII/ptolemy/actor/lib/test/auto/RampFiringLimitSDF.xml (RunModel)" time="0.011" />
  <testcase classname="ptolemy.util.test.junit.AutoTests" name="[306] /home/travis/build/icyphy/ptII/ptolemy/actor/lib/test/auto/RandomInteger.xml (RunModel)" time="0.009" />
  <testcase classname="ptolemy.util.test.junit.AutoTests" name="[307] /home/travis/build/icyphy/ptII/ptolemy/actor/lib/test/auto/ReadFile1.xml (RunModel)" time="0.011" />
  <testcase classname="ptolemy.util.test.junit.AutoTests" name="[308] /home/travis/build/icyphy/ptII/ptolemy/actor/lib/test/auto/ReadFile2.xml (RunModel)" time="0.008" />
  <testcase classname="ptolemy.util.test.junit.AutoTests" name="[309] /home/travis/build/icyphy/ptII/ptolemy/actor/lib/test/auto/Reader.xml (RunModel)" time="0.01" />
  <testcase classname="ptolemy.util.test.junit.AutoTests" name="[310] /home/travis/build/icyphy/ptII/ptolemy/actor/lib/test/auto/RecordAssemblerDisplayNameTest.xml (RunModel)" time="3.748" />
  <testcase classname="ptolemy.util.test.junit.AutoTests" name="[311] /home/travis/build/icyphy/ptII/ptolemy/actor/lib/test/auto/RecordAssemblerTypeError.xml (RunModel)" time="0.043" />
  <testcase classname="ptolemy.util.test.junit.AutoTests" name="[312] /home/travis/build/icyphy/ptII/ptolemy/actor/lib/test/auto/RecordDisassember.xml (RunModel)" time="0.014" />
  <testcase classname="ptolemy.util.test.junit.AutoTests" name="[313] /home/travis/build/icyphy/ptII/ptolemy/actor/lib/test/auto/RecordDisassemberDisplayNameTest.xml (RunModel)" time="0.018" />
  <testcase classname="ptolemy.util.test.junit.AutoTests" name="[314] /home/travis/build/icyphy/ptII/ptolemy/actor/lib/test/auto/RecordDisassembler.xml (RunModel)" time="0.012" />
  <testcase classname="ptolemy.util.test.junit.AutoTests" name="[315] /home/travis/build/icyphy/ptII/ptolemy/actor/lib/test/auto/RecordDisassembler2.xml (RunModel)" time="0.01" />
  <testcase classname="ptolemy.util.test.junit.AutoTests" name="[316] /home/travis/build/icyphy/ptII/ptolemy/actor/lib/test/auto/RecordUpdater.xml (RunModel)" time="0.01" />
  <testcase classname="ptolemy.util.test.junit.AutoTests" name="[317] /home/travis/build/icyphy/ptII/ptolemy/actor/lib/test/auto/RecordUpdater2.xml (RunModel)" time="0.009" />
  <testcase classname="ptolemy.util.test.junit.AutoTests" name="[318] /home/travis/build/icyphy/ptII/ptolemy/actor/lib/test/auto/RecursiveLattice.xml (RunModel)" time="0.009" />
  <testcase classname="ptolemy.util.test.junit.AutoTests" name="[319] /home/travis/build/icyphy/ptII/ptolemy/actor/lib/test/auto/Router.xml (RunModel)" time="3.027" />
  <testcase classname="ptolemy.util.test.junit.AutoTests" name="[320] /home/travis/build/icyphy/ptII/ptolemy/actor/lib/test/auto/Router2.xml (RunModel)" time="3.031" />
  <testcase classname="ptolemy.util.test.junit.AutoTests" name="[321] /home/travis/build/icyphy/ptII/ptolemy/actor/lib/test/auto/RunningMaximum.xml (RunModel)" time="0.025" />
  <testcase classname="ptolemy.util.test.junit.AutoTests" name="[322] /home/travis/build/icyphy/ptII/ptolemy/actor/lib/test/auto/RunningMinimum.xml (RunModel)" time="0.032" />
  <testcase classname="ptolemy.util.test.junit.AutoTests" name="[323] /home/travis/build/icyphy/ptII/ptolemy/actor/lib/test/auto/Scale.xml (RunModel)" time="0.014" />
  <testcase classname="ptolemy.util.test.junit.AutoTests" name="[324] /home/travis/build/icyphy/ptII/ptolemy/actor/lib/test/auto/Scale2.xml (RunModel)" time="0.009" />
  <testcase classname="ptolemy.util.test.junit.AutoTests" name="[325] /home/travis/build/icyphy/ptII/ptolemy/actor/lib/test/auto/Scale3.xml (RunModel)" time="0.015" />
  <testcase classname="ptolemy.util.test.junit.AutoTests" name="[326] /home/travis/build/icyphy/ptII/ptolemy/actor/lib/test/auto/ScaleArray.xml (RunModel)" time="0.009" />
  <testcase classname="ptolemy.util.test.junit.AutoTests" name="[327] /home/travis/build/icyphy/ptII/ptolemy/actor/lib/test/auto/ScaleArray2.xml (RunModel)" time="0.008" />
  <testcase classname="ptolemy.util.test.junit.AutoTests" name="[328] /home/travis/build/icyphy/ptII/ptolemy/actor/lib/test/auto/ScaleMatrix.xml (RunModel)" time="0.169" />
  <testcase classname="ptolemy.util.test.junit.AutoTests" name="[329] /home/travis/build/icyphy/ptII/ptolemy/actor/lib/test/auto/Select.xml (RunModel)" time="0.022" />
  <testcase classname="ptolemy.util.test.junit.AutoTests" name="[330] /home/travis/build/icyphy/ptII/ptolemy/actor/lib/test/auto/Select2.xml (RunModel)" time="0.009" />
  <testcase classname="ptolemy.util.test.junit.AutoTests" name="[331] /home/travis/build/icyphy/ptII/ptolemy/actor/lib/test/auto/SequenceToArray2.xml (RunModel)" time="0.135" />
  <testcase classname="ptolemy.util.test.junit.AutoTests" name="[332] /home/travis/build/icyphy/ptII/ptolemy/actor/lib/test/auto/SequentialClock.xml (RunModel)" time="0.013" />
  <testcase classname="ptolemy.util.test.junit.AutoTests" name="[333] /home/travis/build/icyphy/ptII/ptolemy/actor/lib/test/auto/SetVariable.xml (RunModel)" time="0.017" />
  <testcase classname="ptolemy.util.test.junit.AutoTests" name="[334] /home/travis/build/icyphy/ptII/ptolemy/actor/lib/test/auto/SetVariable2.xml (RunModel)" time="0.011" />
  <testcase classname="ptolemy.util.test.junit.AutoTests" name="[335] /home/travis/build/icyphy/ptII/ptolemy/actor/lib/test/auto/SetVariable3.xml (RunModel)" time="0.017" />
  <testcase classname="ptolemy.util.test.junit.AutoTests" name="[336] /home/travis/build/icyphy/ptII/ptolemy/actor/lib/test/auto/SetVariable4.xml (RunModel)" time="0.031" />
  <testcase classname="ptolemy.util.test.junit.AutoTests" name="[337] /home/travis/build/icyphy/ptII/ptolemy/actor/lib/test/auto/SetVariable5.xml (RunModel)" time="0.036" />
  <testcase classname="ptolemy.util.test.junit.AutoTests" name="[338] /home/travis/build/icyphy/ptII/ptolemy/actor/lib/test/auto/Sinewave.xml (RunModel)" time="0.026" />
  <testcase classname="ptolemy.util.test.junit.AutoTests" name="[339] /home/travis/build/icyphy/ptII/ptolemy/actor/lib/test/auto/Sinewave2.xml (RunModel)" time="0.022" />
  <testcase classname="ptolemy.util.test.junit.AutoTests" name="[340] /home/travis/build/icyphy/ptII/ptolemy/actor/lib/test/auto/Sinewave3.xml (RunModel)" time="0.019" />
  <testcase classname="ptolemy.util.test.junit.AutoTests" name="[341] /home/travis/build/icyphy/ptII/ptolemy/actor/lib/test/auto/SingleEvent.xml (RunModel)" time="0.007" />
  <testcase classname="ptolemy.util.test.junit.AutoTests" name="[342] /home/travis/build/icyphy/ptII/ptolemy/actor/lib/test/auto/Sleep.xml (RunModel)" time="6.016" />
  <testcase classname="ptolemy.util.test.junit.AutoTests" name="[343] /home/travis/build/icyphy/ptII/ptolemy/actor/lib/test/auto/SleepMultipleFire.xml (RunModel)" time="1.022" />
  <testcase classname="ptolemy.util.test.junit.AutoTests" name="[344] /home/travis/build/icyphy/ptII/ptolemy/actor/lib/test/auto/StopDE.xml (RunModel)" time="0.016" />
  <testcase classname="ptolemy.util.test.junit.AutoTests" name="[345] /home/travis/build/icyphy/ptII/ptolemy/actor/lib/test/auto/StopSDF.xml (RunModel)" time="0.014" />
  <testcase classname="ptolemy.util.test.junit.AutoTests" name="[346] /home/travis/build/icyphy/ptII/ptolemy/actor/lib/test/auto/StringConstant.xml (RunModel)" time="0.017" />
  <testcase classname="ptolemy.util.test.junit.AutoTests" name="[347] /home/travis/build/icyphy/ptII/ptolemy/actor/lib/test/auto/SubscriberPortInitialValues1.xml (RunModel)" time="0.025" />
  <testcase classname="ptolemy.util.test.junit.AutoTests" name="[348] /home/travis/build/icyphy/ptII/ptolemy/actor/lib/test/auto/SubscriberPortInitialValues13.xml (RunModel)" time="0.025" />
  <testcase classname="ptolemy.util.test.junit.AutoTests" name="[349] /home/travis/build/icyphy/ptII/ptolemy/actor/lib/test/auto/SubscriberPortInitialValues14.xml (RunModel)" time="0.018" />
  <testcase classname="ptolemy.util.test.junit.AutoTests" name="[350] /home/travis/build/icyphy/ptII/ptolemy/actor/lib/test/auto/SubscriberPortInitialValues2.xml (RunModel)" time="0.018" />
  <testcase classname="ptolemy.util.test.junit.AutoTests" name="[351] /home/travis/build/icyphy/ptII/ptolemy/actor/lib/test/auto/SubscriberPortInitialValues3.xml (RunModel)" time="0.021" />
  <testcase classname="ptolemy.util.test.junit.AutoTests" name="[352] /home/travis/build/icyphy/ptII/ptolemy/actor/lib/test/auto/SubscriptionAggregator.xml (RunModel)" time="0.012" />
  <testcase classname="ptolemy.util.test.junit.AutoTests" name="[353] /home/travis/build/icyphy/ptII/ptolemy/actor/lib/test/auto/SubscriptionAggregator2.xml (RunModel)" time="0.011" />
  <testcase classname="ptolemy.util.test.junit.AutoTests" name="[354] /home/travis/build/icyphy/ptII/ptolemy/actor/lib/test/auto/SubscriptionAggregator3.xml (RunModel)" time="0.017" />
  <testcase classname="ptolemy.util.test.junit.AutoTests" name="[355] /home/travis/build/icyphy/ptII/ptolemy/actor/lib/test/auto/SubscriptionAggregatorMultiply.xml (RunModel)" time="0.03" />
  <testcase classname="ptolemy.util.test.junit.AutoTests" name="[356] /home/travis/build/icyphy/ptII/ptolemy/actor/lib/test/auto/SubscriptionAggregatorPortMultiply1.xml (RunModel)" time="0.014" />
  <testcase classname="ptolemy.util.test.junit.AutoTests" name="[357] /home/travis/build/icyphy/ptII/ptolemy/actor/lib/test/auto/Switch.xml (RunModel)" time="0.022" />
  <testcase classname="ptolemy.util.test.junit.AutoTests" name="[358] /home/travis/build/icyphy/ptII/ptolemy/actor/lib/test/auto/Switch2.xml (RunModel)" time="0.011" />
  <testcase classname="ptolemy.util.test.junit.AutoTests" name="[359] /home/travis/build/icyphy/ptII/ptolemy/actor/lib/test/auto/SwitchDE.xml (RunModel)" time="0.016" />
  <testcase classname="ptolemy.util.test.junit.AutoTests" name="[360] /home/travis/build/icyphy/ptII/ptolemy/actor/lib/test/auto/SynchronizerDE.xml (RunModel)" time="0.022" />
  <testcase classname="ptolemy.util.test.junit.AutoTests" name="[361] /home/travis/build/icyphy/ptII/ptolemy/actor/lib/test/auto/Test.xml (RunModel)" time="0.018" />
  <testcase classname="ptolemy.util.test.junit.AutoTests" name="[362] /home/travis/build/icyphy/ptII/ptolemy/actor/lib/test/auto/TestExceptionAttribute1.xml (RunModel)" time="0.011" />
  <testcase classname="ptolemy.util.test.junit.AutoTests" name="[363] /home/travis/build/icyphy/ptII/ptolemy/actor/lib/test/auto/TestExceptionAttribute2.xml (RunModel)" time="0.009" />
  <testcase classname="ptolemy.util.test.junit.AutoTests" name="[364] /home/travis/build/icyphy/ptII/ptolemy/actor/lib/test/auto/TestExceptionAttribute3.xml (RunModel)" time="0.006" />
  <testcase classname="ptolemy.util.test.junit.AutoTests" name="[365] /home/travis/build/icyphy/ptII/ptolemy/actor/lib/test/auto/TestExceptionAttribute4.xml (RunModel)" time="0.007" />
  <testcase classname="ptolemy.util.test.junit.AutoTests" name="[366] /home/travis/build/icyphy/ptII/ptolemy/actor/lib/test/auto/TestExceptionHandler1.xml (RunModel)" time="0.007" />
  <testcase classname="ptolemy.util.test.junit.AutoTests" name="[367] /home/travis/build/icyphy/ptII/ptolemy/actor/lib/test/auto/TestExceptionHandler2.xml (RunModel)" time="0.016" />
  <testcase classname="ptolemy.util.test.junit.AutoTests" name="[368] /home/travis/build/icyphy/ptII/ptolemy/actor/lib/test/auto/TestExceptionHandler3.xml (RunModel)" time="0.009" />
  <testcase classname="ptolemy.util.test.junit.AutoTests" name="[369] /home/travis/build/icyphy/ptII/ptolemy/actor/lib/test/auto/TestExceptionHandler4.xml (RunModel)" time="0.007" />
  <testcase classname="ptolemy.util.test.junit.AutoTests" name="[370] /home/travis/build/icyphy/ptII/ptolemy/actor/lib/test/auto/TestRequireCorrectOrder.xml (RunModel)" time="0.014" />
  <testcase classname="ptolemy.util.test.junit.AutoTests" name="[371] /home/travis/build/icyphy/ptII/ptolemy/actor/lib/test/auto/TestSimple.xml (RunModel)" time="0.007" />
  <testcase classname="ptolemy.util.test.junit.AutoTests" name="[372] /home/travis/build/icyphy/ptII/ptolemy/actor/lib/test/auto/ThrowModelError.xml (RunModel)" time="0.011" />
  <testcase classname="ptolemy.util.test.junit.AutoTests" name="[373] /home/travis/build/icyphy/ptII/ptolemy/actor/lib/test/auto/TimeDelayMicrosteps.xml (RunModel)" time="0.014" />
  <testcase classname="ptolemy.util.test.junit.AutoTests" name="[374] /home/travis/build/icyphy/ptII/ptolemy/actor/lib/test/auto/TimeDelayMicrosteps2.xml (RunModel)" time="0.018" />
  <testcase classname="ptolemy.util.test.junit.AutoTests" name="[375] /home/travis/build/icyphy/ptII/ptolemy/actor/lib/test/auto/TimeDelayMicrosteps3.xml (RunModel)" time="0.014" />
  <testcase classname="ptolemy.util.test.junit.AutoTests" name="[376] /home/travis/build/icyphy/ptII/ptolemy/actor/lib/test/auto/TimeDelayVariableMicrosteps.xml (RunModel)" time="0.013" />
  <testcase classname="ptolemy.util.test.junit.AutoTests" name="[377] /home/travis/build/icyphy/ptII/ptolemy/actor/lib/test/auto/TimeGap.xml (RunModel)" time="0.018" />
  <testcase classname="ptolemy.util.test.junit.AutoTests" name="[378] /home/travis/build/icyphy/ptII/ptolemy/actor/lib/test/auto/TimeGap2.xml (RunModel)" time="0.011" />
  <testcase classname="ptolemy.util.test.junit.AutoTests" name="[379] /home/travis/build/icyphy/ptII/ptolemy/actor/lib/test/auto/TimedSinewave.xml (RunModel)" time="0.056" />
  <testcase classname="ptolemy.util.test.junit.AutoTests" name="[380] /home/travis/build/icyphy/ptII/ptolemy/actor/lib/test/auto/TimedSinewavePhase.xml (RunModel)" time="0.029" />
  <testcase classname="ptolemy.util.test.junit.AutoTests" name="[381] /home/travis/build/icyphy/ptII/ptolemy/actor/lib/test/auto/Timer.xml (RunModel)" time="0.013" />
  <testcase classname="ptolemy.util.test.junit.AutoTests" name="[382] /home/travis/build/icyphy/ptII/ptolemy/actor/lib/test/auto/TriangularDistTestModel.xml (RunModel)" time="0.016" />
  <testcase classname="ptolemy.util.test.junit.AutoTests" name="[383] /home/travis/build/icyphy/ptII/ptolemy/actor/lib/test/auto/TrigFunction.xml (RunModel)" time="0.009" />
  <testcase classname="ptolemy.util.test.junit.AutoTests" name="[384] /home/travis/build/icyphy/ptII/ptolemy/actor/lib/test/auto/TrigFunctionDE.xml (RunModel)" time="0.012" />
  <testcase classname="ptolemy.util.test.junit.AutoTests" name="[385] /home/travis/build/icyphy/ptII/ptolemy/actor/lib/test/auto/TrigFunctionInverse.xml (RunModel)" time="0.01" />
  <testcase classname="ptolemy.util.test.junit.AutoTests" name="[386] /home/travis/build/icyphy/ptII/ptolemy/actor/lib/test/auto/TrigFunctionTan.xml (RunModel)" time="0.008" />
  <testcase classname="ptolemy.util.test.junit.AutoTests" name="[387] /home/travis/build/icyphy/ptII/ptolemy/actor/lib/test/auto/TriggeredClock.xml (RunModel)" time="0.01" />
  <testcase classname="ptolemy.util.test.junit.AutoTests" name="[388] /home/travis/build/icyphy/ptII/ptolemy/actor/lib/test/auto/URLDirectoryReader.xml (RunModel)" time="0.127" />
  <testcase classname="ptolemy.util.test.junit.AutoTests" name="[389] /home/travis/build/icyphy/ptII/ptolemy/actor/lib/test/auto/URLDirectoryReader3.xml (RunModel)" time="1.428" />
  <testcase classname="ptolemy.util.test.junit.AutoTests" name="[390] /home/travis/build/icyphy/ptII/ptolemy/actor/lib/test/auto/UnaryMathFunction.xml (RunModel)" time="0.043" />
  <testcase classname="ptolemy.util.test.junit.AutoTests" name="[391] /home/travis/build/icyphy/ptII/ptolemy/actor/lib/test/auto/Uniform.xml (RunModel)" time="0.035" />
  <testcase classname="ptolemy.util.test.junit.AutoTests" name="[392] /home/travis/build/icyphy/ptII/ptolemy/actor/lib/test/auto/UnionDisassemblerTest.xml (RunModel)" time="0.016" />
  <testcase classname="ptolemy.util.test.junit.AutoTests" name="[393] /home/travis/build/icyphy/ptII/ptolemy/actor/lib/test/auto/UtilityFunctions.xml (RunModel)" time="0.008" />
  <testcase classname="ptolemy.util.test.junit.AutoTests" name="[394] /home/travis/build/icyphy/ptII/ptolemy/actor/lib/test/auto/VariableSleep.xml (RunModel)" time="0.513" />
  <testcase classname="ptolemy.util.test.junit.AutoTests" name="[395] /home/travis/build/icyphy/ptII/ptolemy/actor/lib/test/auto/VectorAssemblerDisassemblerCT.xml (RunModel)" time="0.1" />
  <testcase classname="ptolemy.util.test.junit.AutoTests" name="[396] /home/travis/build/icyphy/ptII/ptolemy/actor/lib/test/auto/VectorAssemblerDisassemblerDE.xml (RunModel)" time="0.021" />
  <testcase classname="ptolemy.util.test.junit.AutoTests" name="[397] /home/travis/build/icyphy/ptII/ptolemy/actor/lib/test/auto/VectorAssemblerDisassemblerSDF.xml (RunModel)" time="0.013" />
  <testcase classname="ptolemy.util.test.junit.AutoTests" name="[398] /home/travis/build/icyphy/ptII/ptolemy/actor/lib/test/auto/WallClockTime.xml (RunModel)" time="1.014" />
  <testcase classname="ptolemy.util.test.junit.AutoTests" name="[399] /home/travis/build/icyphy/ptII/ptolemy/actor/lib/test/auto/WidthTestWithSubscriberPublisher.xml (RunModel)" time="0.043" />
  <testcase classname="ptolemy.util.test.junit.AutoTests" name="[400] /home/travis/build/icyphy/ptII/ptolemy/actor/lib/test/auto/WidthTestWithSubscriberPublisher2.xml (RunModel)" time="0.017" />
  <testcase classname="ptolemy.util.test.junit.AutoTests" name="[401] /home/travis/build/icyphy/ptII/ptolemy/actor/lib/test/auto/WidthTestWithSubscriberPublisher3.xml (RunModel)" time="0.014" />
  <testcase classname="ptolemy.util.test.junit.AutoTests" name="[402] /home/travis/build/icyphy/ptII/ptolemy/actor/lib/test/auto/Writer.xml (RunModel)" time="0.008" />
  <testcase classname="ptolemy.util.test.junit.AutoTests" name="[403] /home/travis/build/icyphy/ptII/ptolemy/actor/lib/test/auto/array.xml (RunModel)" time="0.033" />
  <testcase classname="ptolemy.util.test.junit.AutoTests" name="[404] /home/travis/build/icyphy/ptII/ptolemy/actor/lib/test/auto/array2.xml (RunModel)" time="0.013" />
  <testcase classname="ptolemy.util.test.junit.AutoTests" name="[405] /home/travis/build/icyphy/ptII/ptolemy/actor/lib/test/auto/arrayType.xml (RunModel)" time="0.017" />
  <testcase classname="ptolemy.util.test.junit.AutoTests" name="[406] /home/travis/build/icyphy/ptII/ptolemy/actor/lib/test/auto/arrayType10.xml (RunModel)" time="0.012" />
  <testcase classname="ptolemy.util.test.junit.AutoTests" name="[407] /home/travis/build/icyphy/ptII/ptolemy/actor/lib/test/auto/arrayType11.xml (RunModel)" time="0.012" />
  <testcase classname="ptolemy.util.test.junit.AutoTests" name="[408] /home/travis/build/icyphy/ptII/ptolemy/actor/lib/test/auto/arrayType12.xml (RunModel)" time="0.01" />
  <testcase classname="ptolemy.util.test.junit.AutoTests" name="[409] /home/travis/build/icyphy/ptII/ptolemy/actor/lib/test/auto/arrayType13.xml (RunModel)" time="0.009" />
  <testcase classname="ptolemy.util.test.junit.AutoTests" name="[410] /home/travis/build/icyphy/ptII/ptolemy/actor/lib/test/auto/arrayType14.xml (RunModel)" time="0.01" />
  <testcase classname="ptolemy.util.test.junit.AutoTests" name="[411] /home/travis/build/icyphy/ptII/ptolemy/actor/lib/test/auto/arrayType15.xml (RunModel)" time="0.011" />
  <testcase classname="ptolemy.util.test.junit.AutoTests" name="[412] /home/travis/build/icyphy/ptII/ptolemy/actor/lib/test/auto/arrayType16.xml (RunModel)" time="0.009" />
  <testcase classname="ptolemy.util.test.junit.AutoTests" name="[413] /home/travis/build/icyphy/ptII/ptolemy/actor/lib/test/auto/arrayType17.xml (RunModel)" time="0.009" />
  <testcase classname="ptolemy.util.test.junit.AutoTests" name="[414] /home/travis/build/icyphy/ptII/ptolemy/actor/lib/test/auto/arrayType18.xml (RunModel)" time="0.008" />
  <testcase classname="ptolemy.util.test.junit.AutoTests" name="[415] /home/travis/build/icyphy/ptII/ptolemy/actor/lib/test/auto/arrayType19.xml (RunModel)" time="0.008" />
  <testcase classname="ptolemy.util.test.junit.AutoTests" name="[416] /home/travis/build/icyphy/ptII/ptolemy/actor/lib/test/auto/arrayType2.xml (RunModel)" time="0.01" />
  <testcase classname="ptolemy.util.test.junit.AutoTests" name="[417] /home/travis/build/icyphy/ptII/ptolemy/actor/lib/test/auto/arrayType20.xml (RunModel)" time="0.009" />
  <testcase classname="ptolemy.util.test.junit.AutoTests" name="[418] /home/travis/build/icyphy/ptII/ptolemy/actor/lib/test/auto/arrayType21.xml (RunModel)" time="0.008" />
  <testcase classname="ptolemy.util.test.junit.AutoTests" name="[419] /home/travis/build/icyphy/ptII/ptolemy/actor/lib/test/auto/arrayType22.xml (RunModel)" time="0.008" />
  <testcase classname="ptolemy.util.test.junit.AutoTests" name="[420] /home/travis/build/icyphy/ptII/ptolemy/actor/lib/test/auto/arrayType23.xml (RunModel)" time="0.008" />
  <testcase classname="ptolemy.util.test.junit.AutoTests" name="[421] /home/travis/build/icyphy/ptII/ptolemy/actor/lib/test/auto/arrayType24.xml (RunModel)" time="0.013" />
  <testcase classname="ptolemy.util.test.junit.AutoTests" name="[422] /home/travis/build/icyphy/ptII/ptolemy/actor/lib/test/auto/arrayType25.xml (RunModel)" time="0.01" />
  <testcase classname="ptolemy.util.test.junit.AutoTests" name="[423] /home/travis/build/icyphy/ptII/ptolemy/actor/lib/test/auto/arrayType26.xml (RunModel)" time="0.01" />
  <testcase classname="ptolemy.util.test.junit.AutoTests" name="[424] /home/travis/build/icyphy/ptII/ptolemy/actor/lib/test/auto/arrayType27.xml (RunModel)" time="0.008" />
  <testcase classname="ptolemy.util.test.junit.AutoTests" name="[425] /home/travis/build/icyphy/ptII/ptolemy/actor/lib/test/auto/arrayType28.xml (RunModel)" time="0.01" />
  <testcase classname="ptolemy.util.test.junit.AutoTests" name="[426] /home/travis/build/icyphy/ptII/ptolemy/actor/lib/test/auto/arrayType3.xml (RunModel)" time="0.01" />
  <testcase classname="ptolemy.util.test.junit.AutoTests" name="[427] /home/travis/build/icyphy/ptII/ptolemy/actor/lib/test/auto/arrayType4.xml (RunModel)" time="0.009" />
  <testcase classname="ptolemy.util.test.junit.AutoTests" name="[428] /home/travis/build/icyphy/ptII/ptolemy/actor/lib/test/auto/arrayType5.xml (RunModel)" time="0.01" />
  <testcase classname="ptolemy.util.test.junit.AutoTests" name="[429] /home/travis/build/icyphy/ptII/ptolemy/actor/lib/test/auto/arrayType6.xml (RunModel)" time="0.009" />
  <testcase classname="ptolemy.util.test.junit.AutoTests" name="[430] /home/travis/build/icyphy/ptII/ptolemy/actor/lib/test/auto/arrayType7.xml (RunModel)" time="0.022" />
  <testcase classname="ptolemy.util.test.junit.AutoTests" name="[431] /home/travis/build/icyphy/ptII/ptolemy/actor/lib/test/auto/arrayType8.xml (RunModel)" time="0.015" />
  <testcase classname="ptolemy.util.test.junit.AutoTests" name="[432] /home/travis/build/icyphy/ptII/ptolemy/actor/lib/test/auto/arrayType9.xml (RunModel)" time="0.009" />
  <testcase classname="ptolemy.util.test.junit.AutoTests" name="[433] /home/travis/build/icyphy/ptII/ptolemy/actor/lib/test/auto/cast.xml (RunModel)" time="0.01" />
  <testcase classname="ptolemy.util.test.junit.AutoTests" name="[434] /home/travis/build/icyphy/ptII/ptolemy/actor/lib/test/auto/compositeMultiPort.xml (RunModel)" time="0.017" />
  <testcase classname="ptolemy.util.test.junit.AutoTests" name="[435] /home/travis/build/icyphy/ptII/ptolemy/actor/lib/test/auto/expressionCastInference.xml (RunModel)" time="0.01" />
  <testcase classname="ptolemy.util.test.junit.AutoTests" name="[436] /home/travis/build/icyphy/ptII/ptolemy/actor/lib/test/auto/expressionCastInference2.xml (RunModel)" time="0.008" />
  <testcase classname="ptolemy.util.test.junit.AutoTests" name="[437] /home/travis/build/icyphy/ptII/ptolemy/actor/lib/test/auto/expressionInference.xml (RunModel)" time="0.008" />
  <testcase classname="ptolemy.util.test.junit.AutoTests" name="[438] /home/travis/build/icyphy/ptII/ptolemy/actor/lib/test/auto/expression_bug.xml (RunModel)" time="0.007" />
  <testcase classname="ptolemy.util.test.junit.AutoTests" name="[439] /home/travis/build/icyphy/ptII/ptolemy/actor/lib/test/auto/factorial.xml (RunModel)" time="0.054" />
  <testcase classname="ptolemy.util.test.junit.AutoTests" name="[440] /home/travis/build/icyphy/ptII/ptolemy/actor/lib/test/auto/filterTest1.xml (RunModel)" time="0.014" />
  <testcase classname="ptolemy.util.test.junit.AutoTests" name="[441] /home/travis/build/icyphy/ptII/ptolemy/actor/lib/test/auto/funcApplyInConst.xml (RunModel)" time="0.006" />
  <testcase classname="ptolemy.util.test.junit.AutoTests" name="[442] /home/travis/build/icyphy/ptII/ptolemy/actor/lib/test/auto/funcApplyInExpr.xml (RunModel)" time="0.076" />
  <testcase classname="ptolemy.util.test.junit.AutoTests" name="[443] /home/travis/build/icyphy/ptII/ptolemy/actor/lib/test/auto/function.xml (RunModel)" time="0.012" />
  <testcase classname="ptolemy.util.test.junit.AutoTests" name="[444] /home/travis/build/icyphy/ptII/ptolemy/actor/lib/test/auto/function2.xml (RunModel)" time="0.009" />
  <testcase classname="ptolemy.util.test.junit.AutoTests" name="[445] /home/travis/build/icyphy/ptII/ptolemy/actor/lib/test/auto/function3.xml (RunModel)" time="0.007" />
  <testcase classname="ptolemy.util.test.junit.AutoTests" name="[446] /home/travis/build/icyphy/ptII/ptolemy/actor/lib/test/auto/functionClosureTest1.xml (RunModel)" time="0.01" />
  <testcase classname="ptolemy.util.test.junit.AutoTests" name="[447] /home/travis/build/icyphy/ptII/ptolemy/actor/lib/test/auto/functionClosureTest2.xml (RunModel)" time="0.022" />
  <testcase classname="ptolemy.util.test.junit.AutoTests" name="[448] /home/travis/build/icyphy/ptII/ptolemy/actor/lib/test/auto/functionClosureTest3.xml (RunModel)" time="0.035" />
  <testcase classname="ptolemy.util.test.junit.AutoTests" name="[449] /home/travis/build/icyphy/ptII/ptolemy/actor/lib/test/auto/functionClosureTest4.xml (RunModel)" time="0.066" />
  <testcase classname="ptolemy.util.test.junit.AutoTests" name="[450] /home/travis/build/icyphy/ptII/ptolemy/actor/lib/test/auto/functionClosureTest5.xml (RunModel)" time="0.027" />
  <testcase classname="ptolemy.util.test.junit.AutoTests" name="[451] /home/travis/build/icyphy/ptII/ptolemy/actor/lib/test/auto/functionClosureTest6.xml (RunModel)" time="0.045" />
  <testcase classname="ptolemy.util.test.junit.AutoTests" name="[452] /home/travis/build/icyphy/ptII/ptolemy/actor/lib/test/auto/functionsOnArcs.xml (RunModel)" time="0.012" />
  <testcase classname="ptolemy.util.test.junit.AutoTests" name="[453] /home/travis/build/icyphy/ptII/ptolemy/actor/lib/test/auto/functionsOnArcsHOF.xml (RunModel)" time="0.014" />
  <testcase classname="ptolemy.util.test.junit.AutoTests" name="[454] /home/travis/build/icyphy/ptII/ptolemy/actor/lib/test/auto/logic.xml (RunModel)" time="0.019" />
  <testcase classname="ptolemy.util.test.junit.AutoTests" name="[455] /home/travis/build/icyphy/ptII/ptolemy/actor/lib/test/auto/matrixType.xml (RunModel)" time="0.01" />
  <testcase classname="ptolemy.util.test.junit.AutoTests" name="[456] /home/travis/build/icyphy/ptII/ptolemy/actor/lib/test/auto/matrixType10.xml (RunModel)" time="0.009" />
  <testcase classname="ptolemy.util.test.junit.AutoTests" name="[457] /home/travis/build/icyphy/ptII/ptolemy/actor/lib/test/auto/matrixType11.xml (RunModel)" time="0.009" />
  <testcase classname="ptolemy.util.test.junit.AutoTests" name="[458] /home/travis/build/icyphy/ptII/ptolemy/actor/lib/test/auto/matrixType12.xml (RunModel)" time="0.012" />
  <testcase classname="ptolemy.util.test.junit.AutoTests" name="[459] /home/travis/build/icyphy/ptII/ptolemy/actor/lib/test/auto/matrixType13.xml (RunModel)" time="0.009" />
  <testcase classname="ptolemy.util.test.junit.AutoTests" name="[460] /home/travis/build/icyphy/ptII/ptolemy/actor/lib/test/auto/matrixType14.xml (RunModel)" time="0.011" />
  <testcase classname="ptolemy.util.test.junit.AutoTests" name="[461] /home/travis/build/icyphy/ptII/ptolemy/actor/lib/test/auto/matrixType2.xml (RunModel)" time="0.009" />
  <testcase classname="ptolemy.util.test.junit.AutoTests" name="[462] /home/travis/build/icyphy/ptII/ptolemy/actor/lib/test/auto/matrixType3.xml (RunModel)" time="0.012" />
  <testcase classname="ptolemy.util.test.junit.AutoTests" name="[463] /home/travis/build/icyphy/ptII/ptolemy/actor/lib/test/auto/matrixType4.xml (RunModel)" time="0.009" />
  <testcase classname="ptolemy.util.test.junit.AutoTests" name="[464] /home/travis/build/icyphy/ptII/ptolemy/actor/lib/test/auto/matrixType5.xml (RunModel)" time="0.008" />
  <testcase classname="ptolemy.util.test.junit.AutoTests" name="[465] /home/travis/build/icyphy/ptII/ptolemy/actor/lib/test/auto/matrixType6.xml (RunModel)" time="0.008" />
  <testcase classname="ptolemy.util.test.junit.AutoTests" name="[466] /home/travis/build/icyphy/ptII/ptolemy/actor/lib/test/auto/matrixType7.xml (RunModel)" time="0.009" />
  <testcase classname="ptolemy.util.test.junit.AutoTests" name="[467] /home/travis/build/icyphy/ptII/ptolemy/actor/lib/test/auto/matrixType8.xml (RunModel)" time="0.008" />
  <testcase classname="ptolemy.util.test.junit.AutoTests" name="[468] /home/travis/build/icyphy/ptII/ptolemy/actor/lib/test/auto/matrixType9.xml (RunModel)" time="0.008" />
  <testcase classname="ptolemy.util.test.junit.AutoTests" name="[469] /home/travis/build/icyphy/ptII/ptolemy/actor/lib/test/auto/paraFunctest.xml (RunModel)" time="0.008" />
  <testcase classname="ptolemy.util.test.junit.AutoTests" name="[470] /home/travis/build/icyphy/ptII/ptolemy/actor/lib/test/auto/paraFunctest2.xml (RunModel)" time="0.01" />
  <testcase classname="ptolemy.util.test.junit.AutoTests" name="[471] /home/travis/build/icyphy/ptII/ptolemy/actor/lib/test/auto/parameterPassing.xml (RunModel)" time="0.009" />
  <testcase classname="ptolemy.util.test.junit.AutoTests" name="[472] /home/travis/build/icyphy/ptII/ptolemy/actor/lib/test/auto/record.xml (RunModel)" time="0.011" />
  <testcase classname="ptolemy.util.test.junit.AutoTests" name="[473] /home/travis/build/icyphy/ptII/ptolemy/actor/lib/test/auto/sizedarray1.xml (RunModel)" time="0.011" />
  <testcase classname="ptolemy.util.test.junit.AutoTests" name="[474] /home/travis/build/icyphy/ptII/ptolemy/actor/lib/test/auto/sizedarray2.xml (RunModel)" time="0.012" />
  <testcase classname="ptolemy.util.test.junit.AutoTests" name="[475] /home/travis/build/icyphy/ptII/ptolemy/actor/lib/test/auto/twoPublishers.xml (RunModel)" time="0.036" />
  <system-out><![CDATA[/home/travis/build/icyphy/ptII/ptolemy/actor/lib/test/AbsoluteValue.tcl
testDefs.tcl: setting time out to 9000 seconds at Sun Jun 23 04:44:00 UTC 2019
135 ms. Memory: 120832K Free: 100476K (83%)
5 ms. Memory: 120832K Free: 98546K (82%)
11 ms. Memory: 120832K Free: 97809K (81%)
10 ms. Memory: 120832K Free: 97117K (80%)
/home/travis/build/icyphy/ptII/ptolemy/actor/lib/test/AddSubtract.tcl
33 ms. Memory: 120832K Free: 107765K (89%)
10 ms. Memory: 120832K Free: 107164K (89%)
18 ms. Memory: 120832K Free: 106282K (88%)
15 ms. Memory: 120832K Free: 105695K (87%)
89 ms. Memory: 120832K Free: 102645K (85%)
12 ms. Memory: 120832K Free: 102044K (84%)
/home/travis/build/icyphy/ptII/ptolemy/actor/lib/test/Average.tcl
16 ms. Memory: 120832K Free: 100106K (83%)
22 ms. Memory: 120832K Free: 98972K (82%)
/home/travis/build/icyphy/ptII/ptolemy/actor/lib/test/Bernoulli.tcl
5 ms. Memory: 120832K Free: 97487K (81%)
2 ms. Memory: 120832K Free: 97050K (80%)
/home/travis/build/icyphy/ptII/ptolemy/actor/lib/test/Clock.tcl
preinitializing
resolving types
initializing
executing number 1
wrapping up
idle
41 ms. Memory: 120832K Free: 94453K (78%)
Completed execution with 5 iterations
preinitializing
resolving types
initializing
executing number 1
wrapping up
idle
12 ms. Memory: 120832K Free: 93415K (77%)
Completed execution with 5 iterations
preinitializing
resolving types
initializing
executing number 1
wrapping up
idle
4 ms. Memory: 120832K Free: 92978K (77%)
Completed execution with 5 iterations
/home/travis/build/icyphy/ptII/ptolemy/actor/lib/test/Commutator.tcl
11 ms. Memory: 120832K Free: 90928K (75%)
7 ms. Memory: 120832K Free: 89936K (74%)


==== $PTII/ptolemy/actor/lib/test/Commutator.tcl: Commutator-4.1 run with mutations
==== Contents of test case:

    # Grab stdout and put it into results
    jdkCapture {
	$m addChangeListener  [java::new ptolemy.kernel.util.StreamChangeListener]

	set dir [$e0 getDirector]
	#	$dir addDebugListener  #		[java::new ptolemy.kernel.util.StreamListener]
	$m initialize
	$m iterate
	set c1 [java::new ptolemy.moml.MoMLChangeRequest $e0 $e0  {<deleteEntity name="ramp1"/>}]
	set c2 [java::new ptolemy.moml.MoMLChangeRequest $e0 $e0  {<deleteRelation name="r1"/>}]
	$e0 requestChange $c1
	$e0 requestChange $c2
	$m iterate
	$m wrapup
    } results
    # The MoML within <group> ...</group> comes 
    # from SDFScheduler._setBufferSize
    list $results  [enumToTokenValues [$rec getRecord 0]]

==== Result was:
{} {0 0 1}
---- Result should have been:
{StreamChangeRequest.changeExecuted(): <deleteEntity name="ramp1"/> succeeded
StreamChangeRequest.changeExecuted(): <deleteRelation name="r1"/> succeeded
StreamChangeRequest.changeExecuted(): Record firings per iteration succeeded
} {0 0 1}
---- Commutator-4.1 FAILED
10 ms. Memory: 158720K Free: 142284K (90%)
/home/travis/build/icyphy/ptII/ptolemy/actor/lib/test/Const.tcl
4 ms. Memory: 158720K Free: 140746K (89%)
3 ms. Memory: 158720K Free: 140236K (88%)
6 ms. Memory: 158720K Free: 139722K (88%)
2 ms. Memory: 158720K Free: 139212K (88%)
3 ms. Memory: 158720K Free: 138188K (87%)
22 ms. Memory: 158720K Free: 136636K (86%)
10 ms. Memory: 158720K Free: 135626K (85%)
8 ms. Memory: 158720K Free: 135116K (85%)
/home/travis/build/icyphy/ptII/ptolemy/actor/lib/test/CurrentTime.tcl
preinitializing
resolving types
initializing
executing number 1
wrapping up
idle
24 ms. Memory: 158720K Free: 133068K (84%)
Completed execution with 11 iterations
/home/travis/build/icyphy/ptII/ptolemy/actor/lib/test/DB.tcl
9 ms. Memory: 158720K Free: 131020K (83%)
13 ms. Memory: 158720K Free: 130506K (82%)
3 ms. Memory: 158720K Free: 130506K (82%)
/home/travis/build/icyphy/ptII/ptolemy/actor/lib/test/DiscreteRandomSource.tcl
preinitializing
resolving types
initializing
executing number 1
wrapping up
idle
9 ms. Memory: 158720K Free: 128972K (81%)
Completed execution with 4 iterations
preinitializing
resolving types
initializing
executing number 1
wrapping up
idle
6 ms. Memory: 158720K Free: 128444K (81%)
Completed execution with 4 iterations
preinitializing
resolving types
initializing
executing number 1
wrapping up
idle
5 ms. Memory: 158720K Free: 127948K (81%)
Completed execution with 4 iterations
preinitializing
resolving types
initializing
executing number 1
wrapping up
idle
9 ms. Memory: 158720K Free: 127434K (80%)
Completed execution with 4 iterations
preinitializing
resolving types
initializing
executing number 1
wrapping up
idle
6 ms. Memory: 158720K Free: 126924K (80%)
Completed execution with 4 iterations
/home/travis/build/icyphy/ptII/ptolemy/actor/lib/test/Distributor.tcl
14 ms. Memory: 158720K Free: 125380K (79%)
4 ms. Memory: 158720K Free: 124876K (79%)
StreamChangeRequest.changeExecuted(): <deleteEntity name="rec2"/> succeeded
StreamChangeRequest.changeExecuted(): <deleteRelation name="r2"/> succeeded
StreamChangeRequest.changeExecuted(): Record firings per iteration succeeded
5 ms. Memory: 158720K Free: 122314K (77%)
/home/travis/build/icyphy/ptII/ptolemy/actor/lib/test/Exit.tcl
Exit.tcl: this will print a message about Manager.exitAfterWrapup, which can be ignored.
14 ms. Memory: 158720K Free: 118842K (75%)
/home/travis/build/icyphy/ptII/ptolemy/actor/lib/test/Expression.tcl
21 ms. Memory: 158720K Free: 115660K (73%)
11 ms. Memory: 158720K Free: 114636K (72%)
8 ms. Memory: 158720K Free: 114122K (72%)
preinitializing
resolving types
initializing
executing number 1
wrapping up
idle
9 ms. Memory: 158720K Free: 112588K (71%)
Completed execution with 6 iterations
15 ms. Memory: 158720K Free: 111564K (70%)
5 ms. Memory: 158720K Free: 111036K (70%)
6 ms. Memory: 158720K Free: 109516K (69%)
5 ms. Memory: 158720K Free: 108492K (68%)
4 ms. Memory: 158720K Free: 107468K (68%)
/home/travis/build/icyphy/ptII/ptolemy/actor/lib/test/Gaussian.tcl
17 ms. Memory: 158720K Free: 144018K (91%)
sleeping 1 seconds: ...........................................................................................................................................................................................................................................................................................................................................................................................................................................................................................................................................................................................................................................................................................................................................................................................................................................................................................................................................................................................................................................................................................................................................................................................................................................................................................................................................................................................................................................................................................................................................................................................................................................................................................................................................................................................................................................................................................................................................................................................................................................................................................................................................................................................................................................................................................................................................................................................................................................................................................................................................................................................................................................................................................................................................................................................................................................................................................................................................................................................................................................................................................................................................................................................................................................................................................................................................................................................................................................................................................................................................................................................................................................................................................................................................................................................................................................................................................................................................................................................................................................................................................................................................................................................................................................................................................................................................................................................................................................................................................................................................................................................................................................................................................................................................................................................................................................................................................................................................................................................................................................................................................................................................................................................................................................................................................................................................................................................................................................................................................................................................................................................................................................................................................................................................................................................................................................................................................................................................................................................................................................................................................................................................................................................................................................................................................................................................................................................................................................................................................................................................................................................................................................................................................................................................................................................................................................................................................................................................................................................................................................................................................................................................................................................................................................................................................................................................................................................................................................................................................................................................................................................................................................................................................................................................................................................................................................................................................................................................................................................................................................................................................................................................................................................................................................................................................................................................................................................................................................................................................................................................................................................................................................................................................................................................................................................................................................................................................................................................................................................................................................................................................................................................................................................................................................................................................................................................................................................................................................................................................................................................................................................................................................................................................................................................................................................................................................................................................................................................................................................................................................................................................................................................................................................................................................................................................................................................................................................................................................................................................................................................................................................................................................................................................................................................................................................................................................................................................................................................................................................................................................................................................................................................................................................................................................................................................................................................................................................................................................................................................................................................................................................................................................................................................................................................................................................................................................................................................................................................................................................................................................................................................................................................................................................................................................................................................................................................................................................................................................................................................................................................................................................................................................................................................................................................................................................................................................................................................................................................................................................................................................................................................................................................................................................................................................................................................................................................................................................................................................................................................................................................................................................................................................................................................................................................................................................................................................................................................................................................................................................................................................................................................................................................................................................................................................................................................................................................................................................................................................................................................................................................................................................................................................................................................................................................................................................................................................................................................................................................................................................................................................................................................................................................................................................................................................................................................................................................................................................................................................................................................................................................................................................................................................................................................................................................................................................................................................................................................................................................................................................................................................................................................................................................................................................................................................................................................................................................................................................................................................................................................................................................................................................................................................................................................................................................................................................................................................................................................................................................................................................................................................................................................................................................................................................................................................................................................................................................................................................................................................................................................................................................................................................................................................................................................................................................................................................................................................................................................................................................................................................................................................................................................................................................................................................................................................................................................................................................................................................................................................................................................................................................................................................................................................................................................................................................................................................................................................................................................................................................................................................................................................................................................................................................................................................................................................................................................................................................................................................................................................................................................................................................................................................................................................................................................................................................................................................................................................................................................................................................................................................................................................................................................................................................................................................................................................................................................................................................................................................................................................................................................................................................................................................................................................................................................................................................................................................................................................................................................................................................................................................................................................................................................................................................................................................................................................................................................................................................................................................................................................................................................................................................................................................................................................................................................................................................................................................................................................................................................................................................................................................................................................................................................................................................................................................................................................................................................................................................................................................................................................................................................................................................................................................................................................................................................................................................................................................................................................................................................................................................................................................................................................................................................................................................................................................................................................................................................................................................................................................................................................................................................................................................................................................................................................................................................................................................................................................................................................................................................................................................................................................................................................................................................................................................................................................................................................................................................................................................................................................................................................................................................................................................................................................................................................................................................................................................................................................................................................................................................................................................................................................................................................................................................................................................................................................................................................................................................................................................................................................................................................................................................................................................................................................................................................................................................................................................................................................................................................................................................................................................................................................................................................................................................................................................................................................................................................................................................................................................................................................................................................................................................................................................................................................................................................................................................................................................................................................................................................................................................................................................................................................................................................................................................................................................................................................................................................................................................................................................................................................................................................................................................................................................................................................................................................................................................................................................................................................................................................................................................................................................................................................................................................................................................................................................................................................................................................................................................................................................................................................................................................................................................................................................................................................................................................................................................................................................................................................................................................................................................................................................................................................................................................................................................................................................................................................................................................................................................................................................................................................................................................................................................................................................................................................................................................................................................................................................................................................................................................................................................................................................................................................................................................................................................................................................................................................................................................................................................................................................................................................................................................................................................................................................................................................................................................................................................................................................................................................................................................................................................................................................................................................................................................................................................................................................................................................................................................................................................................................................................................................................................................................................................................................................................................................................................................................................................................................................................................................................................................................................................................................................................................................................................................................................................................................................................................................................................................................................................................................................................................................................................................................................................................................................................................................................................................................................................................................................................................................................................................................................................................................................................................................................................................................................................................................................................................................................................................................................................................................................................................................................................................................................................................................................................................................................................................................................................................................................................................................................................................................................................................................................................................................................................................................................................................................................................................................................................................................................................................................................................................................................................................................................................................................................................................................................................................................................................................................................................................................................................................................................................................................................................................................................................................................................................................................................................................................................................................................................................................................................................................................................................................................................................................................................................................................................................................................................................................................................................................................................................................................................................................................................................................................................................................................................................................................................................................................................................................................................................................................................................................................................................................................................................................................................................................................................................................................................................................................................................................................................................................................................................................................................................................................................................................................................................................................................................................................................................................................................................................................................................................................................................................................................................................................................................................................................................................................................................................................................................................................................................................................................................................................................................................................................................................................................................................................................................................................................................................................................................................................................................................................................................................................................................................................................................................................................................................................................................................................................................................................................................................................................................................................................................................................................................................................................................................................................................................................................................................................................................................................................................................................................................................................................................................................................................................................................................................................................................................................................................................................................................................................................................................................................................................................................................................................2 ms. Memory: 158720K Free: 64116K (40%)
4 ms. Memory: 158720K Free: 63588K (40%)
2 ms. Memory: 158720K Free: 63092K (40%)
3 ms. Memory: 158720K Free: 62548K (39%)
4 ms. Memory: 158720K Free: 61554K (39%)
/home/travis/build/icyphy/ptII/ptolemy/actor/lib/test/IIR.tcl
/home/travis/build/icyphy/ptII/ptolemy/actor/lib/test/Interpolator.tcl
6 ms. Memory: 158720K Free: 57972K (37%)
3 ms. Memory: 158720K Free: 57458K (36%)
4 ms. Memory: 158720K Free: 56948K (36%)
7 ms. Memory: 158720K Free: 55924K (35%)
3 ms. Memory: 158720K Free: 55404K (35%)
3 ms. Memory: 158720K Free: 54380K (34%)
14 ms. Memory: 158720K Free: 144109K (91%)
2 ms. Memory: 158720K Free: 143599K (90%)
4 ms. Memory: 158720K Free: 142575K (90%)
2 ms. Memory: 158720K Free: 141549K (89%)
/home/travis/build/icyphy/ptII/ptolemy/actor/lib/test/MathFunction.tcl
4 ms. Memory: 158720K Free: 139503K (88%)
3 ms. Memory: 158720K Free: 138479K (87%)
2 ms. Memory: 158720K Free: 137455K (87%)
2 ms. Memory: 158720K Free: 136431K (86%)
4 ms. Memory: 158720K Free: 135407K (85%)
7 ms. Memory: 158720K Free: 133359K (84%)
/home/travis/build/icyphy/ptII/ptolemy/actor/lib/test/Maximum.tcl
4 ms. Memory: 158720K Free: 131815K (83%)
2 ms. Memory: 158720K Free: 130797K (82%)
2 ms. Memory: 158720K Free: 130287K (82%)
3 ms. Memory: 158720K Free: 129767K (82%)
/home/travis/build/icyphy/ptII/ptolemy/actor/lib/test/Minimum.tcl
3 ms. Memory: 158720K Free: 127725K (80%)
2 ms. Memory: 158720K Free: 127215K (80%)
2 ms. Memory: 158720K Free: 126671K (80%)
3 ms. Memory: 158720K Free: 126191K (80%)
/home/travis/build/icyphy/ptII/ptolemy/actor/lib/test/MultiplyDivide.tcl
5 ms. Memory: 158720K Free: 124143K (78%)
3 ms. Memory: 158720K Free: 123119K (78%)
3 ms. Memory: 158720K Free: 122591K (77%)
3 ms. Memory: 158720K Free: 122095K (77%)
2 ms. Memory: 158720K Free: 121071K (76%)
/home/travis/build/icyphy/ptII/ptolemy/actor/lib/test/OrderedMerge.tcl
Connections changed on port: inputA
Connections changed on port: inputB
Connections changed on port: output
Connections changed on port: output
Connections changed on port: output
Connections changed on port: input
.top. Preinitializing ...
Invoking preinitialize():  .top.OrderedMerge
Called preinitialize()
Invoking preinitialize():  .top.Ramp
Called preinitialize()
Invoking preinitialize():  .top.Ramp2
Called preinitialize()
Invoking preinitialize():  .top.Test
Called preinitialize()
Connections changed on port: inputA
Connections changed on port: output
Connections changed on port: output
Connections changed on port: input
Connections changed on port: inputB
Connections changed on port: output
.top. Finished preinitialize().
Called initialize().
Invoking initialize():  .top.OrderedMerge
Initializing actor: .top.OrderedMerge
Adding a thread: .top.OrderedMerge
Invoking initialize():  .top.Ramp
Initializing actor: .top.Ramp
Adding a thread: .top.Ramp
Invoking initialize():  .top.Ramp2
Initializing actor: .top.Ramp2
Adding a thread: .top.Ramp2
Invoking initialize():  .top.Test
Initializing actor: .top.Test
Adding a thread: .top.Test
Called fire().
Checking for deadlock:
-- Starting thread.
-- Starting thread.
Called initialize()
Called initialize()
Called prefire()
Called fire()
There are 0 Blocked actors, 0 Stopped actors, and 4 active threads.
Waiting for actors to stop.
-- Starting thread.
Called initialize()
Checking for deadlock:
Called prefire()
-- Starting thread.
Called initialize()
Called prefire()
Called fire()
Called fire()
Called prefire()
Called fire()
There are 1 Blocked actors, 0 Stopped actors, and 4 active threads.
Waiting for actors to stop.
Called postfire()
Called prefire()
Called fire()
Called postfire()
Called prefire()
Called fire()
Checking for deadlock:
Called postfire()
Called prefire()
There are 2 Blocked actors, 0 Stopped actors, and 4 active threads.
Called fire()
Waiting for actors to stop.
Checking for deadlock:
There are 3 Blocked actors, 0 Stopped actors, and 4 active threads.
Waiting for actors to stop.
Read input token from inputA with value 0.0
Next port to read input from is inputB
Called postfire()
Called prefire()
Called fire()
Read input token from inputB with value 0.0
Sent output token with value 0.0
Next port to read input from is inputA
Called postfire()
Called prefire()
Called fire()
Read input token from inputA with value 1.0
Called postfire()
Called prefire()
Called fire()
-- Read input: 0.0, which is expected to match: 0.0
Called prefire()
Called fire()
Checking for deadlock:
There are 2 Blocked actors, 0 Stopped actors, and 4 active threads.
Waiting for actors to stop.
Called postfire()
Called prefire()
Called fire()
Sent output token with value 0.0
-- Read input: 0.0, which is expected to match: 0.0
Next port to read input from is inputB
Called postfire()
Called prefire()
Called prefire()
Called fire()
Checking for deadlock:
Called fire()
There are 2 Blocked actors, 0 Stopped actors, and 4 active threads.
Waiting for actors to stop.
Read input token from inputB with value 1.5
Sent output token with value 1.0
Next port to read input from is inputA
Called postfire()
Called prefire()
Called fire()
Read input token from inputA with value 2.0
Checking for deadlock:
Called postfire()
There are 1 Blocked actors, 0 Stopped actors, and 4 active threads.
Called prefire()
Waiting for actors to stop.
Called fire()
Called postfire()
Called prefire()
Called fire()
-- Read input: 1.0, which is expected to match: 1.0
Called prefire()
Called fire()
Checking for deadlock:
There are 3 Blocked actors, 0 Stopped actors, and 4 active threads.
Waiting for actors to stop.
Sent output token with value 1.5
Next port to read input from is inputB
Called postfire()
Called prefire()
Called fire()
Read input token from inputB with value 3.0
Called postfire()
Called prefire()
Called fire()
Checking for deadlock:
There are 3 Blocked actors, 0 Stopped actors, and 4 active threads.
Waiting for actors to stop.
-- Read input: 1.5, which is expected to match: 1.5
Called prefire()
Called fire()
Checking for deadlock:
There are 2 Blocked actors, 0 Stopped actors, and 4 active threads.
Waiting for actors to stop.
Sent output token with value 2.0
Next port to read input from is inputA
Called postfire()
Called prefire()
Called fire()
Read input token from inputA with value 3.0
Checking for deadlock:
There are 2 Blocked actors, 0 Stopped actors, and 4 active threads.
Waiting for actors to stop.
Called postfire()
Called prefire()
Called fire()
-- Read input: 2.0, which is expected to match: 2.0
Called prefire()
Called fire()
Checking for deadlock:
There are 3 Blocked actors, 0 Stopped actors, and 4 active threads.
Waiting for actors to stop.
Sent output token with value 3.0
Next port to read input from is inputB
Called postfire()
Called prefire()
Called fire()
Read input token from inputB with value 4.5
-- Read input: 3.0, which is expected to match: 3.0
Called prefire()
Called fire()
Checking for deadlock:
There are 2 Blocked actors, 0 Stopped actors, and 4 active threads.
Waiting for actors to stop.
Called postfire()
Called prefire()
Called fire()
Sent output token with value 3.0
Next port to read input from is inputA
Called postfire()
Called prefire()
Called fire()
Read input token from inputA with value 4.0
-- Read input: 3.0, which is expected to match: 3.0
Called prefire()
Called fire()
Checking for deadlock:
There are 2 Blocked actors, 0 Stopped actors, and 4 active threads.
Waiting for actors to stop.
Called postfire()
Called prefire()
Called fire()
Sent output token with value 4.0
Next port to read input from is inputA
Called postfire()
Called prefire()
Called fire()
Read input token from inputA with value 5.0
Checking for deadlock:
There are 2 Blocked actors, 0 Stopped actors, and 4 active threads.
Waiting for actors to stop.
-- Read input: 4.0, which is expected to match: 4.0
Called postfire()
Called prefire()
Called prefire()
Called fire()
Called fire()
Past the end of training data. Read and discard all inputs.
Checking for deadlock:
There are 3 Blocked actors, 0 Stopped actors, and 4 active threads.
Waiting for actors to stop.
Sent output token with value 4.5
Next port to read input from is inputB
Called postfire()
Called prefire()
Called fire()
Read input token from inputB with value 6.0
Checking for deadlock:
There are 2 Blocked actors, 0 Stopped actors, and 4 active threads.
Waiting for actors to stop.
Called prefire()
Called postfire()
Checking for deadlock:
Called fire()
Past the end of training data. Read and discard all inputs.
Called prefire()
Called fire()
There are 1 Blocked actors, 0 Stopped actors, and 4 active threads.
Waiting for actors to stop.
Sent output token with value 5.0
Next port to read input from is inputA
Called postfire()
Called prefire()
Called fire()
Read input token from inputA with value 6.0
Checking for deadlock:
There are 2 Blocked actors, 0 Stopped actors, and 4 active threads.
Waiting for actors to stop.
Called postfire()
Called prefire()
Called fire()
Called prefire()
Called fire()
Past the end of training data. Read and discard all inputs.
Checking for deadlock:
There are 3 Blocked actors, 0 Stopped actors, and 4 active threads.
Waiting for actors to stop.
Sent output token with value 6.0
Next port to read input from is inputB
Called postfire()
Called prefire()
Called fire()
Read input token from inputB with value 7.5
Checking for deadlock:
There are 2 Blocked actors, 0 Stopped actors, and 4 active threads.
Waiting for actors to stop.
Called prefire()
Called fire()
Past the end of training data. Read and discard all inputs.
Called postfire()
Called prefire()
Called fire()
Checking for deadlock:
There are 2 Blocked actors, 0 Stopped actors, and 4 active threads.
Waiting for actors to stop.
Sent output token with value 6.0
Next port to read input from is inputA
Called postfire()
Called prefire()
Called fire()
Read input token from inputA with value 7.0
Checking for deadlock:
There are 2 Blocked actors, 0 Stopped actors, and 4 active threads.
Waiting for actors to stop.
Called prefire()
Called fire()
Called postfire()
Past the end of training data. Read and discard all inputs.
Called prefire()
Checking for deadlock:
Called fire()
There are 2 Blocked actors, 0 Stopped actors, and 4 active threads.
Waiting for actors to stop.
Sent output token with value 7.0
Next port to read input from is inputA
Called postfire()
Called prefire()
Called fire()
Read input token from inputA with value 8.0
Checking for deadlock:
There are 2 Blocked actors, 0 Stopped actors, and 4 active threads.
Waiting for actors to stop.
Called prefire()
Called fire()
Past the end of training data. Read and discard all inputs.
Checking for deadlock:
There are 2 Blocked actors, 0 Stopped actors, and 4 active threads.
Waiting for actors to stop.
Sent output token with value 7.5
-- Thread wrapup() called.
Called wrapup()
Next port to read input from is inputB
Called postfire()
Called prefire()
Called fire()
Thread .top.Ramp is exiting.
-- Thread stopped.
Called postfire()
Called prefire()
Called fire()
Read input token from inputB with value 9.0
Checking for deadlock:
There are 2 Blocked actors, 0 Stopped actors, and 3 active threads.
Waiting for actors to stop.
Called prefire()
Called fire()
Past the end of training data. Read and discard all inputs.
Checking for deadlock:
There are 2 Blocked actors, 0 Stopped actors, and 3 active threads.
Waiting for actors to stop.
Called prefire()
Called fire()
Checking for deadlock:
Sent output token with value 8.0
Past the end of training data. Read and discard all inputs.
Next port to read input from is inputA
Called postfire()
Called prefire()
Called fire()
There are 1 Blocked actors, 0 Stopped actors, and 3 active threads.
Waiting for actors to stop.
Read input token from inputA with value 9.0
Sent output token with value 9.0
Next port to read input from is inputB
Called postfire()
Called prefire()
Called fire()
Read input token from inputB with value 10.5
Checking for deadlock:
There are 1 Blocked actors, 0 Stopped actors, and 3 active threads.
Waiting for actors to stop.
Called postfire()
Called prefire()
Called fire()
Called prefire()
Called fire()
Past the end of training data. Read and discard all inputs.
Checking for deadlock:
There are 2 Blocked actors, 0 Stopped actors, and 3 active threads.
Waiting for actors to stop.
Sent output token with value 9.0
Called prefire()
Called fire()
Past the end of training data. Read and discard all inputs.
Next port to read input from is inputA
Called postfire()
Called prefire()
Called fire()
Checking for deadlock:
There are 3 Blocked actors, 0 Stopped actors, and 3 active threads.
Actors have stopped.
Checking for deadlock:
There are 3 Blocked actors, 0 Stopped actors, and 3 active threads.
Deadlock detected.
Resolving Deadlock
Checking for deadlock:
There are 3 Blocked actors, 0 Stopped actors, and 3 active threads.
Artificial Deadlock - increasing queue capacity.
increasing the capacity of receiver ptolemy.actor.TypedIOPort {.top.OrderedMerge.inputB} to 2
-- Thread wrapup() called.
Called wrapup()
Thread .top.Ramp2 is exiting.
-- Thread stopped.
Director: Called postfire().
Called postfire().
_stopRequested = false
_stopFireRequested = false
Returning from postfire(): true
Called fire().
Checking for deadlock:
There are 2 Blocked actors, 0 Stopped actors, and 2 active threads.
Actors have stopped.
Checking for deadlock:
There are 2 Blocked actors, 0 Stopped actors, and 2 active threads.
Deadlock detected.
Resolving Deadlock
Checking for deadlock:
There are 2 Blocked actors, 0 Stopped actors, and 2 active threads.
Deadlock detected: no processes blocked on write, but some are blocked on read.
Called postfire().
_stopRequested = false
_stopFireRequested = false
Returning from postfire(): false
Finished deactivating branches.
Called wrapup().
-- Thread wrapup() called.
Called wrapup()
Thread .top.OrderedMerge is exiting.
-- Thread stopped.
-- Blocked Receiver call threw TerminateProcessException.
-- Thread wrapup() called.
Called wrapup()
Thread .top.Test is exiting.
-- Thread stopped.
-- Blocked Receiver call threw TerminateProcessException.
78 ms. Memory: 158720K Free: 115951K (73%)
.top. Preinitializing ...
Invoking preinitialize():  .top.OrderedMerge
Called preinitialize()
Invoking preinitialize():  .top.Ramp
Called preinitialize()
Invoking preinitialize():  .top.Ramp2
Called preinitialize()
Invoking preinitialize():  .top.Test
Called preinitialize()
.top. Finished preinitialize().
Called initialize().
Invoking initialize():  .top.OrderedMerge
Initializing actor: .top.OrderedMerge
Adding a thread: .top.OrderedMerge
Invoking initialize():  .top.Ramp
Initializing actor: .top.Ramp
Adding a thread: .top.Ramp
Invoking initialize():  .top.Ramp2
Initializing actor: .top.Ramp2
Adding a thread: .top.Ramp2
Invoking initialize():  .top.Test
Initializing actor: .top.Test
Adding a thread: .top.Test
-- Starting thread.
Called initialize()
Called prefire()
Called fire()
-- Starting thread.
Called initialize()
Called prefire()
Called fire()
Called postfire()
Called prefire()
Called fire()
-- Starting thread.
Called initialize()
Called prefire()
Called fire()
Called postfire()
Called prefire()
Called fire()
Called fire().
Checking for deadlock:
There are 3 Blocked actors, 0 Stopped actors, and 4 active threads.
Waiting for actors to stop.
-- Starting thread.
Called initialize()
Called prefire()
Called fire()
Read input token from inputA with value 0.0
Next port to read input from is inputB
Called postfire()
Called prefire()
Called fire()
Read input token from inputB with value 0.0
Sent output token with value 0.0
Next port to read input from is inputA
Called postfire()
Called prefire()
Called fire()
Called postfire()
Called prefire()
Called fire()
Checking for deadlock:
There are 1 Blocked actors, 0 Stopped actors, and 4 active threads.
Waiting for actors to stop.
-- Read input: 0.0, which is expected to match: 0.0
Called prefire()
Called fire()
Called postfire()
Called prefire()
Called fire()
Checking for deadlock:
There are 3 Blocked actors, 0 Stopped actors, and 4 active threads.
Waiting for actors to stop.
Read input token from inputA with value 1.0
Sent output token with value 0.0
Next port to read input from is inputB
Called postfire()
Called prefire()
Called fire()
Read input token from inputB with value 1.5
-- Read input: 0.0, which is expected to match: 0.0
Called prefire()
Called fire()
Called postfire()
Called prefire()
Called fire()
Checking for deadlock:
There are 2 Blocked actors, 0 Stopped actors, and 4 active threads.
Waiting for actors to stop.
Called postfire()
Called prefire()
Called fire()
Checking for deadlock:
There are 3 Blocked actors, 0 Stopped actors, and 4 active threads.
Waiting for actors to stop.
Sent output token with value 1.0
Next port to read input from is inputA
Called postfire()
Called prefire()
Called fire()
Read input token from inputA with value 2.0
Checking for deadlock:
There are 2 Blocked actors, 0 Stopped actors, and 4 active threads.
Waiting for actors to stop.
-- Read input: 1.0, which is expected to match: 1.0
Called prefire()
Called fire()
Checking for deadlock:
Called postfire()
There are 2 Blocked actors, 0 Stopped actors, and 4 active threads.
Waiting for actors to stop.
Called prefire()
Called fire()
Checking for deadlock:
There are 3 Blocked actors, 0 Stopped actors, and 4 active threads.
Waiting for actors to stop.
Sent output token with value 1.5
Next port to read input from is inputB
Called postfire()
Called prefire()
Called fire()
Read input token from inputB with value 3.0
Checking for deadlock:
There are 1 Blocked actors, 0 Stopped actors, and 4 active threads.
Waiting for actors to stop.
-- Read input: 1.5, which is expected to match: 1.5
Called prefire()
Called fire()
Checking for deadlock:
There are 2 Blocked actors, 0 Stopped actors, and 4 active threads.
Waiting for actors to stop.
Sent output token with value 2.0
Next port to read input from is inputA
Called postfire()
Called prefire()
Called fire()
Read input token from inputA with value 3.0
Called postfire()
Called prefire()
Called fire()
Checking for deadlock:
There are 2 Blocked actors, 0 Stopped actors, and 4 active threads.
Waiting for actors to stop.
-- Read input: 2.0, which is expected to match: 2.0
Called prefire()
Called fire()
Called postfire()
Called prefire()
Called fire()
Sent output token with value 3.0
Next port to read input from is inputB
Called postfire()
Called prefire()
Called fire()
Read input token from inputB with value 4.5
Checking for deadlock:
There are 1 Blocked actors, 0 Stopped actors, and 4 active threads.
Waiting for actors to stop.
-- Read input: 3.0, which is expected to match: 3.0
Called prefire()
Called fire()
Checking for deadlock:
There are 2 Blocked actors, 0 Stopped actors, and 4 active threads.
Waiting for actors to stop.
Sent output token with value 3.0
Next port to read input from is inputA
Called postfire()
Called prefire()
Called fire()
Read input token from inputA with value 4.0
Checking for deadlock:
There are 1 Blocked actors, 0 Stopped actors, and 4 active threads.
Waiting for actors to stop.
-- Read input: 3.0, which is expected to match: 3.0
Called prefire()
Called fire()
Checking for deadlock:
Called postfire()
There are 1 Blocked actors, 0 Stopped actors, and 4 active threads.
Waiting for actors to stop.
Called prefire()
Called fire()
Sent output token with value 4.0
Next port to read input from is inputA
Called postfire()
Called prefire()
Called fire()
Called postfire()
Called prefire()
Called fire()
Read input token from inputA with value 5.0
Checking for deadlock:
There are 2 Blocked actors, 0 Stopped actors, and 4 active threads.
Waiting for actors to stop.
-- Read input: 4.0, which is expected to match: 4.0
Called prefire()
Called fire()
Past the end of training data. Read and discard all inputs.
Checking for deadlock:
There are 2 Blocked actors, 0 Stopped actors, and 4 active threads.
Waiting for actors to stop.
Sent output token with value 4.5
Next port to read input from is inputB
Called postfire()
Called prefire()
Called fire()
Read input token from inputB with value 6.0
Checking for deadlock:
Called postfire()
There are 1 Blocked actors, 0 Stopped actors, and 4 active threads.
Called prefire()
Waiting for actors to stop.
Called fire()
Called postfire()
Called prefire()
Called fire()
Called prefire()
Called fire()
Past the end of training data. Read and discard all inputs.
Checking for deadlock:
There are 3 Blocked actors, 0 Stopped actors, and 4 active threads.
Waiting for actors to stop.
Sent output token with value 5.0
Next port to read input from is inputA
Called postfire()
Called prefire()
Called fire()
Called postfire()
Called prefire()
Called fire()
Checking for deadlock:
There are 2 Blocked actors, 0 Stopped actors, and 4 active threads.
Waiting for actors to stop.
Read input token from inputA with value 6.0
Checking for deadlock:
Called prefire()
There are 2 Blocked actors, 0 Stopped actors, and 4 active threads.
Waiting for actors to stop.
Called fire()
Past the end of training data. Read and discard all inputs.
Checking for deadlock:
There are 3 Blocked actors, 0 Stopped actors, and 4 active threads.
Waiting for actors to stop.
Sent output token with value 6.0
Next port to read input from is inputB
Called postfire()
Called prefire()
Called fire()
Read input token from inputB with value 7.5
Checking for deadlock:
Called prefire()
There are 1 Blocked actors, 0 Stopped actors, and 4 active threads.
Waiting for actors to stop.
Called fire()
Past the end of training data. Read and discard all inputs.
Called postfire()
Called prefire()
Called fire()
Checking for deadlock:
There are 3 Blocked actors, 0 Stopped actors, and 4 active threads.
Waiting for actors to stop.
Sent output token with value 6.0
Next port to read input from is inputA
Called postfire()
Called prefire()
Called fire()
Read input token from inputA with value 7.0
Checking for deadlock:
There are 2 Blocked actors, 0 Stopped actors, and 4 active threads.
Waiting for actors to stop.
Called prefire()
Called fire()
Past the end of training data. Read and discard all inputs.
Checking for deadlock:
There are 2 Blocked actors, 0 Stopped actors, and 4 active threads.
Waiting for actors to stop.
Sent output token with value 7.0
Next port to read input from is inputA
Called postfire()
Called prefire()
Called fire()
Checking for deadlock:
There are 2 Blocked actors, 0 Stopped actors, and 4 active threads.
Waiting for actors to stop.
Called prefire()
Called fire()
Past the end of training data. Read and discard all inputs.
Called postfire()
Called prefire()
Called fire()
Checking for deadlock:
There are 3 Blocked actors, 0 Stopped actors, and 4 active threads.
Waiting for actors to stop.
Read input token from inputA with value 8.0
Sent output token with value 7.5
Next port to read input from is inputB
Called postfire()
Called prefire()
Called fire()
Read input token from inputB with value 9.0
-- Thread wrapup() called.
Called wrapup()
Thread .top.Ramp is exiting.
-- Thread stopped.
Checking for deadlock:
There are 1 Blocked actors, 0 Stopped actors, and 3 active threads.
Waiting for actors to stop.
Called prefire()
Called fire()
Past the end of training data. Read and discard all inputs.
Called postfire()
Called prefire()
Called fire()
Sent output token with value 8.0
Next port to read input from is inputA
Called postfire()
Called prefire()
Called fire()
Read input token from inputA with value 9.0
Checking for deadlock:
There are 1 Blocked actors, 0 Stopped actors, and 3 active threads.
Called prefire()
Called fire()
Waiting for actors to stop.
Past the end of training data. Read and discard all inputs.
Sent output token with value 9.0
Next port to read input from is inputB
Called postfire()
Called prefire()
Called fire()
Read input token from inputB with value 10.5
Called postfire()
Called prefire()
Called fire()
Checking for deadlock:
Called prefire()
Called fire()
There are 1 Blocked actors, 0 Stopped actors, and 3 active threads.
Waiting for actors to stop.
Past the end of training data. Read and discard all inputs.
Checking for deadlock:
There are 2 Blocked actors, 0 Stopped actors, and 3 active threads.
Waiting for actors to stop.
Sent output token with value 9.0
Next port to read input from is inputA
Called postfire()
Called prefire()
Called fire()
Checking for deadlock:
Called prefire()
There are 2 Blocked actors, 0 Stopped actors, and 3 active threads.
Called fire()
Waiting for actors to stop.
Past the end of training data. Read and discard all inputs.
Checking for deadlock:
There are 3 Blocked actors, 0 Stopped actors, and 3 active threads.
Actors have stopped.
Checking for deadlock:
There are 3 Blocked actors, 0 Stopped actors, and 3 active threads.
Deadlock detected.
Resolving Deadlock
Checking for deadlock:
There are 3 Blocked actors, 0 Stopped actors, and 3 active threads.
Artificial Deadlock - increasing queue capacity.
increasing the capacity of receiver ptolemy.actor.TypedIOPort {.top.OrderedMerge.inputB} to 2
Director: Called postfire().
Called postfire().
_stopRequested = false
_stopFireRequested = false
Returning from postfire(): true
Called fire().
-- Thread wrapup() called.
Checking for deadlock:
Called wrapup()
There are 2 Blocked actors, 0 Stopped actors, and 3 active threads.
Waiting for actors to stop.
Thread .top.Ramp2 is exiting.
-- Thread stopped.
Checking for deadlock:
There are 2 Blocked actors, 0 Stopped actors, and 2 active threads.
Actors have stopped.
Checking for deadlock:
There are 2 Blocked actors, 0 Stopped actors, and 2 active threads.
Deadlock detected.
Resolving Deadlock
Checking for deadlock:
There are 2 Blocked actors, 0 Stopped actors, and 2 active threads.
Deadlock detected: no processes blocked on write, but some are blocked on read.
Called postfire().
_stopRequested = false
_stopFireRequested = false
Returning from postfire(): false
Finished deactivating branches.
Called wrapup().
-- Thread wrapup() called.
Called wrapup()
Thread .top.OrderedMerge is exiting.
-- Thread stopped.
-- Blocked Receiver call threw TerminateProcessException.
-- Thread wrapup() called.
Called wrapup()
Thread .top.Test is exiting.
-- Thread stopped.
-- Blocked Receiver call threw TerminateProcessException.
58 ms. Memory: 158720K Free: 113903K (72%)
/home/travis/build/icyphy/ptII/ptolemy/actor/lib/test/Publisher.tcl
15 ms. Memory: 158720K Free: 107759K (68%)
5 ms. Memory: 158720K Free: 102125K (64%)
6 ms. Memory: 158720K Free: 98543K (62%)
5 ms. Memory: 158720K Free: 97519K (61%)
2 ms. Memory: 158720K Free: 96999K (61%)
3 ms. Memory: 158720K Free: 95967K (60%)
3 ms. Memory: 158720K Free: 94943K (60%)
5 ms. Memory: 158720K Free: 94447K (60%)
24 ms. Memory: 158720K Free: 84717K (53%)
4 ms. Memory: 158720K Free: 80591K (51%)
2 ms. Memory: 158720K Free: 80111K (50%)
4 ms. Memory: 158720K Free: 77549K (49%)
6 ms. Memory: 158720K Free: 69871K (44%)
6 ms. Memory: 158720K Free: 60655K (38%)
13 ms. Memory: 190464K Free: 171013K (90%)
/home/travis/build/icyphy/ptII/ptolemy/actor/lib/test/Pulse.tcl
5 ms. Memory: 190464K Free: 147706K (78%)
11 ms. Memory: 190464K Free: 146682K (77%)
8 ms. Memory: 190464K Free: 146172K (77%)
2 ms. Memory: 190464K Free: 145644K (76%)
1 ms. Memory: 190464K Free: 145148K (76%)
13 ms. Memory: 190464K Free: 144124K (76%)
6 ms. Memory: 190464K Free: 143100K (75%)
3 ms. Memory: 190464K Free: 142586K (75%)
5 ms. Memory: 190464K Free: 141532K (74%)
/home/travis/build/icyphy/ptII/ptolemy/actor/lib/test/Ramp.tcl
5 ms. Memory: 190464K Free: 140028K (74%)
4 ms. Memory: 190464K Free: 139004K (73%)
3 ms. Memory: 190464K Free: 138460K (73%)
2 ms. Memory: 190464K Free: 137460K (72%)
5 ms. Memory: 190464K Free: 136956K (72%)
10 ms. Memory: 190464K Free: 135932K (71%)
6 ms. Memory: 190464K Free: 134908K (71%)
5 actors
4000 microseconds per iteration to create
10 ms. Memory: 190464K Free: 132316K (69%)
1 ms. Memory: 190464K Free: 131836K (69%)
6 ms. Memory: 190464K Free: 131308K (69%)
2 ms. Memory: 190464K Free: 130298K (68%)
50 actors
52000 microseconds per iteration to create
42 ms. Memory: 190464K Free: 114939K (60%)
13 ms. Memory: 190464K Free: 113914K (60%)
9 ms. Memory: 190464K Free: 112890K (59%)
5 ms. Memory: 190464K Free: 111866K (59%)
500 actors
1828000 microseconds per iteration to create
242 ms. Memory: 190464K Free: 152865K (80%)
54 ms. Memory: 190464K Free: 147745K (78%)
60 ms. Memory: 190464K Free: 142625K (75%)
49 ms. Memory: 190464K Free: 136991K (72%)
/home/travis/build/icyphy/ptII/ptolemy/actor/lib/test/RampContinuous.tcl
7 ms. Memory: 190464K Free: 135457K (71%)
/home/travis/build/icyphy/ptII/ptolemy/actor/lib/test/RecordAssembler.tcl
6 ms. Memory: 190464K Free: 133919K (70%)
5 ms. Memory: 190464K Free: 132895K (70%)
/home/travis/build/icyphy/ptII/ptolemy/actor/lib/test/RecordDisassembler.tcl
7 ms. Memory: 190464K Free: 131361K (69%)
5 ms. Memory: 190464K Free: 130337K (68%)
7 ms. Memory: 190464K Free: 129313K (68%)
/home/travis/build/icyphy/ptII/ptolemy/actor/lib/test/Scale.tcl
3 ms. Memory: 190464K Free: 127760K (67%)
1 ms. Memory: 190464K Free: 126736K (67%)
1 ms. Memory: 190464K Free: 126224K (66%)
3 ms. Memory: 190464K Free: 125217K (66%)
11 ms. Memory: 190464K Free: 124193K (65%)
/home/travis/build/icyphy/ptII/ptolemy/actor/lib/test/SequentialClock.tcl
preinitializing
resolving types
initializing
executing number 1
wrapping up
idle
5 ms. Memory: 190464K Free: 123169K (65%)
Completed execution with 5 iterations
preinitializing
resolving types
initializing
executing number 1
wrapping up
idle
1 ms. Memory: 190464K Free: 122655K (64%)
Completed execution with 5 iterations
preinitializing
resolving types
initializing
executing number 1
wrapping up
idle
1 ms. Memory: 190464K Free: 122145K (64%)
Completed execution with 5 iterations
/home/travis/build/icyphy/ptII/ptolemy/actor/lib/test/SetVariable.tcl
3 ms. Memory: 190464K Free: 120097K (63%)


==== $PTII/ptolemy/actor/lib/test/SetVariable.tcl: SetVariable-3.1 changeFailed
==== Contents of test case:

    #Uses 2.1 above
    jdkCaptureErr {
        # This test was failing if we ran Exit.tcl and then this test.
        # MessageHandler.error() now actually throws the Exception.
	catch {$setVariable changeFailed [java::null]  [java::new Exception {Test exception for SetVariable.changeFailed()}]} errMsg
    } results
    list [string range $results 0 89] "\n" $errMsg

==== Result was:
{java.lang.Exception: Test exception for SetVariable.changeFailed()
	at java.base/jdk.inter} {
} {java.lang.RuntimeException: java.lang.Exception: Test exception for SetVariable.changeFailed()}
---- Result should have been:
{java.lang.Exception: Test exception for SetVariable.changeFailed()
	at sun.reflect.NativeC} {
} {java.lang.RuntimeException: java.lang.Exception: Test exception for SetVariable.changeFailed()}
---- SetVariable-3.1 FAILED
/home/travis/build/icyphy/ptII/ptolemy/actor/lib/test/Sinewave.tcl
/home/travis/build/icyphy/ptII/ptolemy/actor/lib/test/SubscriptionAggregator.tcl
5 ms. Memory: 190464K Free: 108319K (57%)
3 ms. Memory: 190464K Free: 107809K (57%)
1 ms. Memory: 190464K Free: 107295K (56%)
1 ms. Memory: 190464K Free: 106785K (56%)
2 ms. Memory: 190464K Free: 103713K (54%)
9 ms. Memory: 190464K Free: 101151K (53%)
...............................................................1053 ms. Memory: 280576K Free: 217298K (77%)
/home/travis/build/icyphy/ptII/ptolemy/actor/lib/test/Test.tcl
 The next command will produce a warning about training mode,
   which may be ignored.
5 ms. Memory: 280576K Free: 215252K (77%)
4 ms. Memory: 280576K Free: 214228K (76%)
2 ms. Memory: 280576K Free: 213700K (76%)
1 ms. Memory: 280576K Free: 213204K (76%)
3 ms. Memory: 280576K Free: 212660K (76%)
3 ms. Memory: 280576K Free: 211156K (75%)
4 ms. Memory: 280576K Free: 210132K (75%)
 The next command will produce a warning about training mode,
   which may be ignored.
11 ms. Memory: 280576K Free: 207570K (74%)
 The next command will produce a warning about training mode,
   which may be ignored.
2 ms. Memory: 280576K Free: 206546K (74%)
1 ms. Memory: 280576K Free: 206036K (73%)
1 ms. Memory: 280576K Free: 205516K (73%)
2 ms. Memory: 280576K Free: 205012K (73%)
6 ms. Memory: 280576K Free: 203988K (73%)
3 ms. Memory: 280576K Free: 200396K (71%)
/home/travis/build/icyphy/ptII/ptolemy/actor/lib/test/TestExceptionHandler.tcl
 The next command will produce a warning about training mode,
   which may be ignored.
3 ms. Memory: 280576K Free: 198868K (71%)
1 ms. Memory: 280576K Free: 198340K (71%)
1 ms. Memory: 280576K Free: 197844K (71%)
/home/travis/build/icyphy/ptII/ptolemy/actor/lib/test/UnionDisassembler.tcl
14 ms. Memory: 280576K Free: 190676K (68%)
/home/travis/build/icyphy/ptII/ptolemy/actor/lib/test/VariableClock.tcl
preinitializing
resolving types
initializing
executing number 1
wrapping up
idle
3 ms. Memory: 280576K Free: 188628K (67%)
Completed execution with 11 iterations
preinitializing
resolving types
initializing
executing number 1
wrapping up
idle
3 ms. Memory: 280576K Free: 187090K (67%)
Completed execution with 10 iterations
06/23/19 04:44:09
Failed: 2  Total Tests: 234  ((Passed: 232, Newly Passed: 0)  Known Failed: 0) /home/travis/build/icyphy/ptII/ptolemy/actor/lib/test
----------------- testing (KnownFailure) /home/travis/build/icyphy/ptII/ptolemy/actor/lib/test/auto/knownFailedTests/PublisherPortToplevelSubscriber.xml
1 ms. Memory: 280576K Free: 184018K (66%)
Known Failure: java.lang.reflect.InvocationTargetException
----------------- testing (KnownFailure) /home/travis/build/icyphy/ptII/ptolemy/actor/lib/test/auto/knownFailedTests/PublisherSubscriberPortToplevel.xml
1 ms. Memory: 280576K Free: 179922K (64%)
Known Failure: java.lang.reflect.InvocationTargetException
----------------- testing (KnownFailure) /home/travis/build/icyphy/ptII/ptolemy/actor/lib/test/auto/knownFailedTests/PublisherSubscriptionAggregatorPort.xml
1 ms. Memory: 280576K Free: 175826K (63%)
Known Failure: java.lang.reflect.InvocationTargetException
----------------- testing (KnownFailure) /home/travis/build/icyphy/ptII/ptolemy/actor/lib/test/auto/knownFailedTests/sizedarray3.xml
5 ms. Memory: 280576K Free: 171730K (61%)
Known Failure: java.lang.reflect.InvocationTargetException
No auto/linux-amd64/*.xml tests in /home/travis/build/icyphy/ptII/ptolemy/actor/lib/test
AutoTests.java: About to close Vertx.
AutoTests.java: Vertx closed.

===========================================================================================
----------------- testing Sun Jun 23 04:44:10 UTC 2019 /home/travis/build/icyphy/ptII/ptolemy/actor/lib/test/auto/AbsoluteValue.xml
----------------- Instantiating /home/travis/build/icyphy/ptII/ptolemy/actor/lib/test/auto/AbsoluteValue.xml
4 ms. Memory: 280576K Free: 148692K (53%)
----------------- Invoking toplevel() on ptolemy.moml.MoMLSimpleApplication@1d6ccc39
----------------- Done invoking toplevel() on ptolemy.moml.MoMLSimpleApplication@1d6ccc39
reloadAllAccessors: .AbsoluteValue

===========================================================================================
----------------- testing Sun Jun 23 04:44:10 UTC 2019 /home/travis/build/icyphy/ptII/ptolemy/actor/lib/test/auto/AbsoluteValue2.xml
----------------- Instantiating /home/travis/build/icyphy/ptII/ptolemy/actor/lib/test/auto/AbsoluteValue2.xml
5 ms. Memory: 280576K Free: 142034K (51%)
----------------- Invoking toplevel() on ptolemy.moml.MoMLSimpleApplication@57529d7
----------------- Done invoking toplevel() on ptolemy.moml.MoMLSimpleApplication@57529d7
reloadAllAccessors: .AbsoluteValue2

===========================================================================================
----------------- testing Sun Jun 23 04:44:10 UTC 2019 /home/travis/build/icyphy/ptII/ptolemy/actor/lib/test/auto/Accumulator.xml
----------------- Instantiating /home/travis/build/icyphy/ptII/ptolemy/actor/lib/test/auto/Accumulator.xml
5 ms. Memory: 280576K Free: 135380K (48%)
----------------- Invoking toplevel() on ptolemy.moml.MoMLSimpleApplication@350a31f3
----------------- Done invoking toplevel() on ptolemy.moml.MoMLSimpleApplication@350a31f3
reloadAllAccessors: .Accumulator

===========================================================================================
----------------- testing Sun Jun 23 04:44:10 UTC 2019 /home/travis/build/icyphy/ptII/ptolemy/actor/lib/test/auto/Accumulator2.xml
----------------- Instantiating /home/travis/build/icyphy/ptII/ptolemy/actor/lib/test/auto/Accumulator2.xml
8 ms. Memory: 280576K Free: 130260K (46%)
----------------- Invoking toplevel() on ptolemy.moml.MoMLSimpleApplication@313a139c
----------------- Done invoking toplevel() on ptolemy.moml.MoMLSimpleApplication@313a139c
reloadAllAccessors: .Accumulator2

===========================================================================================
----------------- testing Sun Jun 23 04:44:10 UTC 2019 /home/travis/build/icyphy/ptII/ptolemy/actor/lib/test/auto/Accumulator3.xml
----------------- Instantiating /home/travis/build/icyphy/ptII/ptolemy/actor/lib/test/auto/Accumulator3.xml
9 ms. Memory: 280576K Free: 125650K (45%)
----------------- Invoking toplevel() on ptolemy.moml.MoMLSimpleApplication@581c2d84
----------------- Done invoking toplevel() on ptolemy.moml.MoMLSimpleApplication@581c2d84
reloadAllAccessors: .Accumulator3

===========================================================================================
----------------- testing Sun Jun 23 04:44:10 UTC 2019 /home/travis/build/icyphy/ptII/ptolemy/actor/lib/test/auto/ArrayAppend.xml
----------------- Instantiating /home/travis/build/icyphy/ptII/ptolemy/actor/lib/test/auto/ArrayAppend.xml
5 ms. Memory: 280576K Free: 119492K (43%)
----------------- Invoking toplevel() on ptolemy.moml.MoMLSimpleApplication@513f1f5e
----------------- Done invoking toplevel() on ptolemy.moml.MoMLSimpleApplication@513f1f5e
reloadAllAccessors: .ArrayAppend

===========================================================================================
----------------- testing Sun Jun 23 04:44:10 UTC 2019 /home/travis/build/icyphy/ptII/ptolemy/actor/lib/test/auto/ArrayAppend2.xml
----------------- Instantiating /home/travis/build/icyphy/ptII/ptolemy/actor/lib/test/auto/ArrayAppend2.xml
470 ms. Memory: 464896K Free: 349737K (75%)
----------------- Invoking toplevel() on ptolemy.moml.MoMLSimpleApplication@6222c7c1
----------------- Done invoking toplevel() on ptolemy.moml.MoMLSimpleApplication@6222c7c1
reloadAllAccessors: .ArrayAppend2

===========================================================================================
----------------- testing Sun Jun 23 04:44:10 UTC 2019 /home/travis/build/icyphy/ptII/ptolemy/actor/lib/test/auto/ArrayAppend3.xml
----------------- Instantiating /home/travis/build/icyphy/ptII/ptolemy/actor/lib/test/auto/ArrayAppend3.xml
7 ms. Memory: 464896K Free: 343593K (74%)
----------------- Invoking toplevel() on ptolemy.moml.MoMLSimpleApplication@197d82e8
----------------- Done invoking toplevel() on ptolemy.moml.MoMLSimpleApplication@197d82e8
reloadAllAccessors: .ArrayAppend3

===========================================================================================
----------------- testing Sun Jun 23 04:44:11 UTC 2019 /home/travis/build/icyphy/ptII/ptolemy/actor/lib/test/auto/ArrayAppend4.xml
----------------- Instantiating /home/travis/build/icyphy/ptII/ptolemy/actor/lib/test/auto/ArrayAppend4.xml
2 ms. Memory: 464896K Free: 338473K (73%)
----------------- Invoking toplevel() on ptolemy.moml.MoMLSimpleApplication@6e8962be
----------------- Done invoking toplevel() on ptolemy.moml.MoMLSimpleApplication@6e8962be
reloadAllAccessors: .ArrayAppend4

===========================================================================================
----------------- testing Sun Jun 23 04:44:11 UTC 2019 /home/travis/build/icyphy/ptII/ptolemy/actor/lib/test/auto/ArrayAppend5.xml
----------------- Instantiating /home/travis/build/icyphy/ptII/ptolemy/actor/lib/test/auto/ArrayAppend5.xml
3 ms. Memory: 464896K Free: 333353K (72%)
----------------- Invoking toplevel() on ptolemy.moml.MoMLSimpleApplication@a9de39a
----------------- Done invoking toplevel() on ptolemy.moml.MoMLSimpleApplication@a9de39a
reloadAllAccessors: .ArrayAppend5

===========================================================================================
----------------- testing Sun Jun 23 04:44:11 UTC 2019 /home/travis/build/icyphy/ptII/ptolemy/actor/lib/test/auto/ArrayAppend6.xml
----------------- Instantiating /home/travis/build/icyphy/ptII/ptolemy/actor/lib/test/auto/ArrayAppend6.xml
2 ms. Memory: 464896K Free: 328233K (71%)
----------------- Invoking toplevel() on ptolemy.moml.MoMLSimpleApplication@1af3ae4b
----------------- Done invoking toplevel() on ptolemy.moml.MoMLSimpleApplication@1af3ae4b
reloadAllAccessors: .ArrayAppend6

===========================================================================================
----------------- testing Sun Jun 23 04:44:11 UTC 2019 /home/travis/build/icyphy/ptII/ptolemy/actor/lib/test/auto/ArrayAppendPerformanceTest.xml
----------------- Instantiating /home/travis/build/icyphy/ptII/ptolemy/actor/lib/test/auto/ArrayAppendPerformanceTest.xml
44 ms. Memory: 464896K Free: 316969K (68%)
----------------- Invoking toplevel() on ptolemy.moml.MoMLSimpleApplication@5a58e8c0
----------------- Done invoking toplevel() on ptolemy.moml.MoMLSimpleApplication@5a58e8c0
reloadAllAccessors: .ArrayAppendPerformanceTest

===========================================================================================
----------------- testing Sun Jun 23 04:44:11 UTC 2019 /home/travis/build/icyphy/ptII/ptolemy/actor/lib/test/auto/ArrayAppendWithEmptyInput.xml
----------------- Instantiating /home/travis/build/icyphy/ptII/ptolemy/actor/lib/test/auto/ArrayAppendWithEmptyInput.xml
13 ms. Memory: 464896K Free: 309291K (67%)
----------------- Invoking toplevel() on ptolemy.moml.MoMLSimpleApplication@7d3ecea7
----------------- Done invoking toplevel() on ptolemy.moml.MoMLSimpleApplication@7d3ecea7
reloadAllAccessors: .ArrayAppendWithEmptyInput

===========================================================================================
----------------- testing Sun Jun 23 04:44:11 UTC 2019 /home/travis/build/icyphy/ptII/ptolemy/actor/lib/test/auto/ArrayAverage.xml
----------------- Instantiating /home/travis/build/icyphy/ptII/ptolemy/actor/lib/test/auto/ArrayAverage.xml
12 ms. Memory: 464896K Free: 302123K (65%)
----------------- Invoking toplevel() on ptolemy.moml.MoMLSimpleApplication@63ddc826
----------------- Done invoking toplevel() on ptolemy.moml.MoMLSimpleApplication@63ddc826
reloadAllAccessors: .ArrayAverage

===========================================================================================
----------------- testing Sun Jun 23 04:44:11 UTC 2019 /home/travis/build/icyphy/ptII/ptolemy/actor/lib/test/auto/ArrayContains.xml
----------------- Instantiating /home/travis/build/icyphy/ptII/ptolemy/actor/lib/test/auto/ArrayContains.xml
12 ms. Memory: 464896K Free: 295979K (64%)
----------------- Invoking toplevel() on ptolemy.moml.MoMLSimpleApplication@4a7969e1
----------------- Done invoking toplevel() on ptolemy.moml.MoMLSimpleApplication@4a7969e1
reloadAllAccessors: .ArrayContains

===========================================================================================
----------------- testing Sun Jun 23 04:44:11 UTC 2019 /home/travis/build/icyphy/ptII/ptolemy/actor/lib/test/auto/ArrayElement.xml
----------------- Instantiating /home/travis/build/icyphy/ptII/ptolemy/actor/lib/test/auto/ArrayElement.xml
4 ms. Memory: 464896K Free: 290345K (62%)
----------------- Invoking toplevel() on ptolemy.moml.MoMLSimpleApplication@599dc685
----------------- Done invoking toplevel() on ptolemy.moml.MoMLSimpleApplication@599dc685
reloadAllAccessors: .ArrayElement

===========================================================================================
----------------- testing Sun Jun 23 04:44:11 UTC 2019 /home/travis/build/icyphy/ptII/ptolemy/actor/lib/test/auto/ArrayElementAsMatrix.xml
----------------- Instantiating /home/travis/build/icyphy/ptII/ptolemy/actor/lib/test/auto/ArrayElementAsMatrix.xml
15 ms. Memory: 464896K Free: 280105K (60%)
----------------- Invoking toplevel() on ptolemy.moml.MoMLSimpleApplication@66cb7b33
----------------- Done invoking toplevel() on ptolemy.moml.MoMLSimpleApplication@66cb7b33
reloadAllAccessors: .ArrayElementAsMatrix

===========================================================================================
----------------- testing Sun Jun 23 04:44:11 UTC 2019 /home/travis/build/icyphy/ptII/ptolemy/actor/lib/test/auto/ArrayElementI.xml
----------------- Instantiating /home/travis/build/icyphy/ptII/ptolemy/actor/lib/test/auto/ArrayElementI.xml
4 ms. Memory: 464896K Free: 275499K (59%)
----------------- Invoking toplevel() on ptolemy.moml.MoMLSimpleApplication@18ae8289
----------------- Done invoking toplevel() on ptolemy.moml.MoMLSimpleApplication@18ae8289
reloadAllAccessors: .ArrayElementI

===========================================================================================
----------------- testing Sun Jun 23 04:44:11 UTC 2019 /home/travis/build/icyphy/ptII/ptolemy/actor/lib/test/auto/ArrayExtract.xml
----------------- Instantiating /home/travis/build/icyphy/ptII/ptolemy/actor/lib/test/auto/ArrayExtract.xml
9 ms. Memory: 464896K Free: 266793K (57%)
----------------- Invoking toplevel() on ptolemy.moml.MoMLSimpleApplication@1e94af23
----------------- Done invoking toplevel() on ptolemy.moml.MoMLSimpleApplication@1e94af23
reloadAllAccessors: .ArrayExtract

===========================================================================================
----------------- testing Sun Jun 23 04:44:11 UTC 2019 /home/travis/build/icyphy/ptII/ptolemy/actor/lib/test/auto/ArrayExtract2.xml
----------------- Instantiating /home/travis/build/icyphy/ptII/ptolemy/actor/lib/test/auto/ArrayExtract2.xml
2 ms. Memory: 464896K Free: 261642K (56%)
----------------- Invoking toplevel() on ptolemy.moml.MoMLSimpleApplication@8a90e61
----------------- Done invoking toplevel() on ptolemy.moml.MoMLSimpleApplication@8a90e61
reloadAllAccessors: .ArrayExtract2

===========================================================================================
----------------- testing Sun Jun 23 04:44:11 UTC 2019 /home/travis/build/icyphy/ptII/ptolemy/actor/lib/test/auto/ArrayLength.xml
----------------- Instantiating /home/travis/build/icyphy/ptII/ptolemy/actor/lib/test/auto/ArrayLength.xml
2 ms. Memory: 464896K Free: 257577K (55%)
----------------- Invoking toplevel() on ptolemy.moml.MoMLSimpleApplication@5e66d8e7
----------------- Done invoking toplevel() on ptolemy.moml.MoMLSimpleApplication@5e66d8e7
reloadAllAccessors: .ArrayLength

===========================================================================================
----------------- testing Sun Jun 23 04:44:11 UTC 2019 /home/travis/build/icyphy/ptII/ptolemy/actor/lib/test/auto/ArrayLevelCrossing.xml
----------------- Instantiating /home/travis/build/icyphy/ptII/ptolemy/actor/lib/test/auto/ArrayLevelCrossing.xml
4 ms. Memory: 464896K Free: 249899K (54%)
----------------- Invoking toplevel() on ptolemy.moml.MoMLSimpleApplication@36705320
----------------- Done invoking toplevel() on ptolemy.moml.MoMLSimpleApplication@36705320
reloadAllAccessors: .ArrayLevelCrossing

===========================================================================================
----------------- testing Sun Jun 23 04:44:11 UTC 2019 /home/travis/build/icyphy/ptII/ptolemy/actor/lib/test/auto/ArrayLevelCrossing2.xml
----------------- Instantiating /home/travis/build/icyphy/ptII/ptolemy/actor/lib/test/auto/ArrayLevelCrossing2.xml
4 ms. Memory: 464896K Free: 242731K (52%)
----------------- Invoking toplevel() on ptolemy.moml.MoMLSimpleApplication@c1d04dc
----------------- Done invoking toplevel() on ptolemy.moml.MoMLSimpleApplication@c1d04dc
reloadAllAccessors: .ArrayLevelCrossing2

===========================================================================================
----------------- testing Sun Jun 23 04:44:11 UTC 2019 /home/travis/build/icyphy/ptII/ptolemy/actor/lib/test/auto/ArrayPeakSearch.xml
----------------- Instantiating /home/travis/build/icyphy/ptII/ptolemy/actor/lib/test/auto/ArrayPeakSearch.xml
9 ms. Memory: 464896K Free: 412186K (89%)
----------------- Invoking toplevel() on ptolemy.moml.MoMLSimpleApplication@3fdbc0a2
----------------- Done invoking toplevel() on ptolemy.moml.MoMLSimpleApplication@3fdbc0a2
reloadAllAccessors: .ArrayPeakSearch

===========================================================================================
----------------- testing Sun Jun 23 04:44:11 UTC 2019 /home/travis/build/icyphy/ptII/ptolemy/actor/lib/test/auto/ArrayPeakSearch2.xml
----------------- Instantiating /home/travis/build/icyphy/ptII/ptolemy/actor/lib/test/auto/ArrayPeakSearch2.xml
7 ms. Memory: 464896K Free: 401451K (86%)
----------------- Invoking toplevel() on ptolemy.moml.MoMLSimpleApplication@79552053
----------------- Done invoking toplevel() on ptolemy.moml.MoMLSimpleApplication@79552053
reloadAllAccessors: .ArrayPeakSearch2

===========================================================================================
----------------- testing Sun Jun 23 04:44:11 UTC 2019 /home/travis/build/icyphy/ptII/ptolemy/actor/lib/test/auto/ArrayPeakSearch3.xml
----------------- Instantiating /home/travis/build/icyphy/ptII/ptolemy/actor/lib/test/auto/ArrayPeakSearch3.xml
7 ms. Memory: 464896K Free: 392745K (84%)
----------------- Invoking toplevel() on ptolemy.moml.MoMLSimpleApplication@146a013a
----------------- Done invoking toplevel() on ptolemy.moml.MoMLSimpleApplication@146a013a
reloadAllAccessors: .ArrayPeakSearch3

===========================================================================================
----------------- testing Sun Jun 23 04:44:11 UTC 2019 /home/travis/build/icyphy/ptII/ptolemy/actor/lib/test/auto/ArrayRemoveElement.xml
----------------- Instantiating /home/travis/build/icyphy/ptII/ptolemy/actor/lib/test/auto/ArrayRemoveElement.xml
4 ms. Memory: 464896K Free: 384553K (83%)
----------------- Invoking toplevel() on ptolemy.moml.MoMLSimpleApplication@7126a2fb
----------------- Done invoking toplevel() on ptolemy.moml.MoMLSimpleApplication@7126a2fb
reloadAllAccessors: .ArrayRemoveElement

===========================================================================================
----------------- testing Sun Jun 23 04:44:11 UTC 2019 /home/travis/build/icyphy/ptII/ptolemy/actor/lib/test/auto/ArraySort.xml
----------------- Instantiating /home/travis/build/icyphy/ptII/ptolemy/actor/lib/test/auto/ArraySort.xml
4 ms. Memory: 464896K Free: 375851K (81%)
----------------- Invoking toplevel() on ptolemy.moml.MoMLSimpleApplication@228b5f51
----------------- Done invoking toplevel() on ptolemy.moml.MoMLSimpleApplication@228b5f51
reloadAllAccessors: .ArraySort

===========================================================================================
----------------- testing Sun Jun 23 04:44:11 UTC 2019 /home/travis/build/icyphy/ptII/ptolemy/actor/lib/test/auto/ArraySum.xml
----------------- Instantiating /home/travis/build/icyphy/ptII/ptolemy/actor/lib/test/auto/ArraySum.xml
8 ms. Memory: 464896K Free: 370217K (80%)
----------------- Invoking toplevel() on ptolemy.moml.MoMLSimpleApplication@4a7e7bc9
----------------- Done invoking toplevel() on ptolemy.moml.MoMLSimpleApplication@4a7e7bc9
reloadAllAccessors: .ArraySum

===========================================================================================
----------------- testing Sun Jun 23 04:44:11 UTC 2019 /home/travis/build/icyphy/ptII/ptolemy/actor/lib/test/auto/ArrayToElements.xml
----------------- Instantiating /home/travis/build/icyphy/ptII/ptolemy/actor/lib/test/auto/ArrayToElements.xml
4 ms. Memory: 464896K Free: 365097K (79%)
----------------- Invoking toplevel() on ptolemy.moml.MoMLSimpleApplication@6aa307ab
----------------- Done invoking toplevel() on ptolemy.moml.MoMLSimpleApplication@6aa307ab
reloadAllAccessors: .ArrayToElements

===========================================================================================
----------------- testing Sun Jun 23 04:44:11 UTC 2019 /home/travis/build/icyphy/ptII/ptolemy/actor/lib/test/auto/ArrayToMatrix.xml
----------------- Instantiating /home/travis/build/icyphy/ptII/ptolemy/actor/lib/test/auto/ArrayToMatrix.xml
17 ms. Memory: 464896K Free: 350761K (75%)
----------------- Invoking toplevel() on ptolemy.moml.MoMLSimpleApplication@784e0ccf
----------------- Done invoking toplevel() on ptolemy.moml.MoMLSimpleApplication@784e0ccf
reloadAllAccessors: .ArrayToMatrix

===========================================================================================
----------------- testing Sun Jun 23 04:44:12 UTC 2019 /home/travis/build/icyphy/ptII/ptolemy/actor/lib/test/auto/ArrayUpdate1.xml
----------------- Instantiating /home/travis/build/icyphy/ptII/ptolemy/actor/lib/test/auto/ArrayUpdate1.xml
3 ms. Memory: 464896K Free: 346155K (74%)
----------------- Invoking toplevel() on ptolemy.moml.MoMLSimpleApplication@43f2d877
----------------- Done invoking toplevel() on ptolemy.moml.MoMLSimpleApplication@43f2d877
reloadAllAccessors: .ArrayUpdate1

===========================================================================================
----------------- testing Sun Jun 23 04:44:12 UTC 2019 /home/travis/build/icyphy/ptII/ptolemy/actor/lib/test/auto/ArrayUpdate2.xml
----------------- Instantiating /home/travis/build/icyphy/ptII/ptolemy/actor/lib/test/auto/ArrayUpdate2.xml
10 ms. Memory: 464896K Free: 339497K (73%)
----------------- Invoking toplevel() on ptolemy.moml.MoMLSimpleApplication@2404e3cf
----------------- Done invoking toplevel() on ptolemy.moml.MoMLSimpleApplication@2404e3cf
reloadAllAccessors: .ArrayUpdate2

===========================================================================================
----------------- testing Sun Jun 23 04:44:12 UTC 2019 /home/travis/build/icyphy/ptII/ptolemy/actor/lib/test/auto/ArrayUpdate3.xml
----------------- Instantiating /home/travis/build/icyphy/ptII/ptolemy/actor/lib/test/auto/ArrayUpdate3.xml
7 ms. Memory: 464896K Free: 334891K (72%)
----------------- Invoking toplevel() on ptolemy.moml.MoMLSimpleApplication@5782730c
----------------- Done invoking toplevel() on ptolemy.moml.MoMLSimpleApplication@5782730c
reloadAllAccessors: .ArrayUpdate3

===========================================================================================
----------------- testing Sun Jun 23 04:44:12 UTC 2019 /home/travis/build/icyphy/ptII/ptolemy/actor/lib/test/auto/Assert1.xml
----------------- Instantiating /home/travis/build/icyphy/ptII/ptolemy/actor/lib/test/auto/Assert1.xml
6 ms. Memory: 464896K Free: 330281K (71%)
----------------- Invoking toplevel() on ptolemy.moml.MoMLSimpleApplication@192054af
----------------- Done invoking toplevel() on ptolemy.moml.MoMLSimpleApplication@192054af
reloadAllAccessors: .Assert1

===========================================================================================
----------------- testing Sun Jun 23 04:44:12 UTC 2019 /home/travis/build/icyphy/ptII/ptolemy/actor/lib/test/auto/Assert2.xml
----------------- Instantiating /home/travis/build/icyphy/ptII/ptolemy/actor/lib/test/auto/Assert2.xml
1 ms. Memory: 464896K Free: 325675K (70%)
----------------- Invoking toplevel() on ptolemy.moml.MoMLSimpleApplication@5df4121f
----------------- Done invoking toplevel() on ptolemy.moml.MoMLSimpleApplication@5df4121f
reloadAllAccessors: .Assert2

===========================================================================================
----------------- testing Sun Jun 23 04:44:12 UTC 2019 /home/travis/build/icyphy/ptII/ptolemy/actor/lib/test/auto/BooleanMultiplexor.xml
----------------- Instantiating /home/travis/build/icyphy/ptII/ptolemy/actor/lib/test/auto/BooleanMultiplexor.xml
2 ms. Memory: 464896K Free: 320010K (69%)
----------------- Invoking toplevel() on ptolemy.moml.MoMLSimpleApplication@27f6d06a
----------------- Done invoking toplevel() on ptolemy.moml.MoMLSimpleApplication@27f6d06a
reloadAllAccessors: .BooleanMultiplexor

===========================================================================================
----------------- testing Sun Jun 23 04:44:12 UTC 2019 /home/travis/build/icyphy/ptII/ptolemy/actor/lib/test/auto/BooleanMultiplexor2.xml
----------------- Instantiating /home/travis/build/icyphy/ptII/ptolemy/actor/lib/test/auto/BooleanMultiplexor2.xml
12 ms. Memory: 464896K Free: 313897K (68%)
----------------- Invoking toplevel() on ptolemy.moml.MoMLSimpleApplication@179c02bd
----------------- Done invoking toplevel() on ptolemy.moml.MoMLSimpleApplication@179c02bd
reloadAllAccessors: .BooleanMultiplexor2

===========================================================================================
----------------- testing Sun Jun 23 04:44:12 UTC 2019 /home/travis/build/icyphy/ptII/ptolemy/actor/lib/test/auto/BooleanMultiplexor3.xml
----------------- Instantiating /home/travis/build/icyphy/ptII/ptolemy/actor/lib/test/auto/BooleanMultiplexor3.xml
9 ms. Memory: 464896K Free: 309801K (67%)
----------------- Invoking toplevel() on ptolemy.moml.MoMLSimpleApplication@79f583fa
----------------- Done invoking toplevel() on ptolemy.moml.MoMLSimpleApplication@79f583fa
reloadAllAccessors: .BooleanMultiplexor3

===========================================================================================
----------------- testing Sun Jun 23 04:44:12 UTC 2019 /home/travis/build/icyphy/ptII/ptolemy/actor/lib/test/auto/BooleanSelect.xml
----------------- Instantiating /home/travis/build/icyphy/ptII/ptolemy/actor/lib/test/auto/BooleanSelect.xml
5 ms. Memory: 464896K Free: 304171K (65%)
----------------- Invoking toplevel() on ptolemy.moml.MoMLSimpleApplication@181ab316
----------------- Done invoking toplevel() on ptolemy.moml.MoMLSimpleApplication@181ab316
reloadAllAccessors: .BooleanSelect

===========================================================================================
----------------- testing Sun Jun 23 04:44:12 UTC 2019 /home/travis/build/icyphy/ptII/ptolemy/actor/lib/test/auto/BooleanSelect2.xml
----------------- Instantiating /home/travis/build/icyphy/ptII/ptolemy/actor/lib/test/auto/BooleanSelect2.xml
3 ms. Memory: 464896K Free: 299561K (64%)
----------------- Invoking toplevel() on ptolemy.moml.MoMLSimpleApplication@2a59339a
----------------- Done invoking toplevel() on ptolemy.moml.MoMLSimpleApplication@2a59339a
reloadAllAccessors: .BooleanSelect2

===========================================================================================
----------------- testing Sun Jun 23 04:44:12 UTC 2019 /home/travis/build/icyphy/ptII/ptolemy/actor/lib/test/auto/BooleanSwitch.xml
----------------- Instantiating /home/travis/build/icyphy/ptII/ptolemy/actor/lib/test/auto/BooleanSwitch.xml
9 ms. Memory: 464896K Free: 293931K (63%)
----------------- Invoking toplevel() on ptolemy.moml.MoMLSimpleApplication@6b7baa27
----------------- Done invoking toplevel() on ptolemy.moml.MoMLSimpleApplication@6b7baa27
reloadAllAccessors: .BooleanSwitch

===========================================================================================
----------------- testing Sun Jun 23 04:44:12 UTC 2019 /home/travis/build/icyphy/ptII/ptolemy/actor/lib/test/auto/BooleanSwitch2.xml
----------------- Instantiating /home/travis/build/icyphy/ptII/ptolemy/actor/lib/test/auto/BooleanSwitch2.xml
3 ms. Memory: 464896K Free: 289321K (62%)
----------------- Invoking toplevel() on ptolemy.moml.MoMLSimpleApplication@4a0fe8df
----------------- Done invoking toplevel() on ptolemy.moml.MoMLSimpleApplication@4a0fe8df
reloadAllAccessors: .BooleanSwitch2

===========================================================================================
----------------- testing Sun Jun 23 04:44:12 UTC 2019 /home/travis/build/icyphy/ptII/ptolemy/actor/lib/test/auto/BooleanSwitchCloningBugWithClassRelationGroup.xml
----------------- Instantiating /home/travis/build/icyphy/ptII/ptolemy/actor/lib/test/auto/BooleanSwitchCloningBugWithClassRelationGroup.xml
5 ms. Memory: 464896K Free: 282667K (61%)
----------------- Invoking toplevel() on ptolemy.moml.MoMLSimpleApplication@483aadda
----------------- Done invoking toplevel() on ptolemy.moml.MoMLSimpleApplication@483aadda
reloadAllAccessors: .BooleanSwitchCloningBugWithClassRelationGroup

===========================================================================================
----------------- testing Sun Jun 23 04:44:12 UTC 2019 /home/travis/build/icyphy/ptII/ptolemy/actor/lib/test/auto/BusActors.xml
----------------- Instantiating /home/travis/build/icyphy/ptII/ptolemy/actor/lib/test/auto/BusActors.xml
5 ms. Memory: 464896K Free: 274985K (59%)
----------------- Invoking toplevel() on ptolemy.moml.MoMLSimpleApplication@be813e5
----------------- Done invoking toplevel() on ptolemy.moml.MoMLSimpleApplication@be813e5
reloadAllAccessors: .BusActors

===========================================================================================
----------------- testing Sun Jun 23 04:44:12 UTC 2019 /home/travis/build/icyphy/ptII/ptolemy/actor/lib/test/auto/ClassWrapper.xml
----------------- Instantiating /home/travis/build/icyphy/ptII/ptolemy/actor/lib/test/auto/ClassWrapper.xml
3 ms. Memory: 464896K Free: 270379K (58%)
----------------- Invoking toplevel() on ptolemy.moml.MoMLSimpleApplication@13388f03
----------------- Done invoking toplevel() on ptolemy.moml.MoMLSimpleApplication@13388f03
reloadAllAccessors: .ClassWrapper

===========================================================================================
----------------- testing Sun Jun 23 04:44:12 UTC 2019 /home/travis/build/icyphy/ptII/ptolemy/actor/lib/test/auto/Clock.xml
----------------- Instantiating /home/travis/build/icyphy/ptII/ptolemy/actor/lib/test/auto/Clock.xml
1 ms. Memory: 464896K Free: 266793K (57%)
----------------- Invoking toplevel() on ptolemy.moml.MoMLSimpleApplication@4d615da2
----------------- Done invoking toplevel() on ptolemy.moml.MoMLSimpleApplication@4d615da2
reloadAllAccessors: .Clock

===========================================================================================
----------------- testing Sun Jun 23 04:44:12 UTC 2019 /home/travis/build/icyphy/ptII/ptolemy/actor/lib/test/auto/Clock10.xml
----------------- Instantiating /home/travis/build/icyphy/ptII/ptolemy/actor/lib/test/auto/Clock10.xml
5 ms. Memory: 464896K Free: 260649K (56%)
----------------- Invoking toplevel() on ptolemy.moml.MoMLSimpleApplication@192e281e
----------------- Done invoking toplevel() on ptolemy.moml.MoMLSimpleApplication@192e281e
reloadAllAccessors: .Clock10

===========================================================================================
----------------- testing Sun Jun 23 04:44:12 UTC 2019 /home/travis/build/icyphy/ptII/ptolemy/actor/lib/test/auto/Clock11.xml
----------------- Instantiating /home/travis/build/icyphy/ptII/ptolemy/actor/lib/test/auto/Clock11.xml
3 ms. Memory: 464896K Free: 255019K (55%)
----------------- Invoking toplevel() on ptolemy.moml.MoMLSimpleApplication@d9432cd
----------------- Done invoking toplevel() on ptolemy.moml.MoMLSimpleApplication@d9432cd
reloadAllAccessors: .Clock11

===========================================================================================
----------------- testing Sun Jun 23 04:44:12 UTC 2019 /home/travis/build/icyphy/ptII/ptolemy/actor/lib/test/auto/Clock12.xml
----------------- Instantiating /home/travis/build/icyphy/ptII/ptolemy/actor/lib/test/auto/Clock12.xml
2 ms. Memory: 464896K Free: 248875K (54%)
----------------- Invoking toplevel() on ptolemy.moml.MoMLSimpleApplication@2585d893
----------------- Done invoking toplevel() on ptolemy.moml.MoMLSimpleApplication@2585d893
reloadAllAccessors: .Clock12

===========================================================================================
----------------- testing Sun Jun 23 04:44:12 UTC 2019 /home/travis/build/icyphy/ptII/ptolemy/actor/lib/test/auto/Clock13.xml
----------------- Instantiating /home/travis/build/icyphy/ptII/ptolemy/actor/lib/test/auto/Clock13.xml
5 ms. Memory: 464896K Free: 243226K (52%)
----------------- Invoking toplevel() on ptolemy.moml.MoMLSimpleApplication@54979ac0
----------------- Done invoking toplevel() on ptolemy.moml.MoMLSimpleApplication@54979ac0
reloadAllAccessors: .Clock13

===========================================================================================
----------------- testing Sun Jun 23 04:44:12 UTC 2019 /home/travis/build/icyphy/ptII/ptolemy/actor/lib/test/auto/Clock14.xml
----------------- Instantiating /home/travis/build/icyphy/ptII/ptolemy/actor/lib/test/auto/Clock14.xml
4 ms. Memory: 464896K Free: 237082K (51%)
----------------- Invoking toplevel() on ptolemy.moml.MoMLSimpleApplication@7ee9b8e7
----------------- Done invoking toplevel() on ptolemy.moml.MoMLSimpleApplication@7ee9b8e7
reloadAllAccessors: .Clock14

===========================================================================================
----------------- testing Sun Jun 23 04:44:12 UTC 2019 /home/travis/build/icyphy/ptII/ptolemy/actor/lib/test/auto/Clock15.xml
----------------- Instantiating /home/travis/build/icyphy/ptII/ptolemy/actor/lib/test/auto/Clock15.xml
8 ms. Memory: 464896K Free: 231467K (50%)
----------------- Invoking toplevel() on ptolemy.moml.MoMLSimpleApplication@4f497b1b
----------------- Done invoking toplevel() on ptolemy.moml.MoMLSimpleApplication@4f497b1b
reloadAllAccessors: .Clock15

===========================================================================================
----------------- testing Sun Jun 23 04:44:12 UTC 2019 /home/travis/build/icyphy/ptII/ptolemy/actor/lib/test/auto/Clock16.xml
----------------- Instantiating /home/travis/build/icyphy/ptII/ptolemy/actor/lib/test/auto/Clock16.xml
37 ms. Memory: 464896K Free: 217114K (47%)
----------------- Invoking toplevel() on ptolemy.moml.MoMLSimpleApplication@38291bab
----------------- Done invoking toplevel() on ptolemy.moml.MoMLSimpleApplication@38291bab
reloadAllAccessors: .Clock16

===========================================================================================
----------------- testing Sun Jun 23 04:44:12 UTC 2019 /home/travis/build/icyphy/ptII/ptolemy/actor/lib/test/auto/Clock17.xml
----------------- Instantiating /home/travis/build/icyphy/ptII/ptolemy/actor/lib/test/auto/Clock17.xml
17 ms. Memory: 464896K Free: 407578K (88%)
----------------- Invoking toplevel() on ptolemy.moml.MoMLSimpleApplication@7c8e3f63
----------------- Done invoking toplevel() on ptolemy.moml.MoMLSimpleApplication@7c8e3f63
reloadAllAccessors: .Clock17

===========================================================================================
----------------- testing Sun Jun 23 04:44:12 UTC 2019 /home/travis/build/icyphy/ptII/ptolemy/actor/lib/test/auto/Clock18.xml
----------------- Instantiating /home/travis/build/icyphy/ptII/ptolemy/actor/lib/test/auto/Clock18.xml
30 ms. Memory: 464896K Free: 394281K (85%)
----------------- Invoking toplevel() on ptolemy.moml.MoMLSimpleApplication@ac3bb38
----------------- Done invoking toplevel() on ptolemy.moml.MoMLSimpleApplication@ac3bb38
reloadAllAccessors: .Clock18

===========================================================================================
----------------- testing Sun Jun 23 04:44:12 UTC 2019 /home/travis/build/icyphy/ptII/ptolemy/actor/lib/test/auto/Clock19.xml
----------------- Instantiating /home/travis/build/icyphy/ptII/ptolemy/actor/lib/test/auto/Clock19.xml
19 ms. Memory: 464896K Free: 380954K (82%)
----------------- Invoking toplevel() on ptolemy.moml.MoMLSimpleApplication@14cb3edc
----------------- Done invoking toplevel() on ptolemy.moml.MoMLSimpleApplication@14cb3edc
reloadAllAccessors: .Clock19

===========================================================================================
----------------- testing Sun Jun 23 04:44:12 UTC 2019 /home/travis/build/icyphy/ptII/ptolemy/actor/lib/test/auto/Clock2.xml
----------------- Instantiating /home/travis/build/icyphy/ptII/ptolemy/actor/lib/test/auto/Clock2.xml
13 ms. Memory: 464896K Free: 376842K (81%)
----------------- Invoking toplevel() on ptolemy.moml.MoMLSimpleApplication@36d84a0c
----------------- Done invoking toplevel() on ptolemy.moml.MoMLSimpleApplication@36d84a0c
reloadAllAccessors: .Clock2

===========================================================================================
----------------- testing Sun Jun 23 04:44:13 UTC 2019 /home/travis/build/icyphy/ptII/ptolemy/actor/lib/test/auto/Clock20.xml
----------------- Instantiating /home/travis/build/icyphy/ptII/ptolemy/actor/lib/test/auto/Clock20.xml
11 ms. Memory: 464896K Free: 371243K (80%)
----------------- Invoking toplevel() on ptolemy.moml.MoMLSimpleApplication@101ed8f1
----------------- Done invoking toplevel() on ptolemy.moml.MoMLSimpleApplication@101ed8f1
reloadAllAccessors: .Clock20

===========================================================================================
----------------- testing Sun Jun 23 04:44:13 UTC 2019 /home/travis/build/icyphy/ptII/ptolemy/actor/lib/test/auto/Clock21.xml
----------------- Instantiating /home/travis/build/icyphy/ptII/ptolemy/actor/lib/test/auto/Clock21.xml
3 ms. Memory: 464896K Free: 366123K (79%)
----------------- Invoking toplevel() on ptolemy.moml.MoMLSimpleApplication@3f96309e
----------------- Done invoking toplevel() on ptolemy.moml.MoMLSimpleApplication@3f96309e
reloadAllAccessors: .Clock21

===========================================================================================
----------------- testing Sun Jun 23 04:44:13 UTC 2019 /home/travis/build/icyphy/ptII/ptolemy/actor/lib/test/auto/Clock22.xml
----------------- Instantiating /home/travis/build/icyphy/ptII/ptolemy/actor/lib/test/auto/Clock22.xml
3 ms. Memory: 464896K Free: 360489K (78%)
----------------- Invoking toplevel() on ptolemy.moml.MoMLSimpleApplication@6d8f154c
----------------- Done invoking toplevel() on ptolemy.moml.MoMLSimpleApplication@6d8f154c
reloadAllAccessors: .Clock22

===========================================================================================
----------------- testing Sun Jun 23 04:44:13 UTC 2019 /home/travis/build/icyphy/ptII/ptolemy/actor/lib/test/auto/Clock23.xml
----------------- Instantiating /home/travis/build/icyphy/ptII/ptolemy/actor/lib/test/auto/Clock23.xml
4 ms. Memory: 464896K Free: 355369K (76%)
----------------- Invoking toplevel() on ptolemy.moml.MoMLSimpleApplication@4ff7636
----------------- Done invoking toplevel() on ptolemy.moml.MoMLSimpleApplication@4ff7636
reloadAllAccessors: .Clock23

===========================================================================================
----------------- testing Sun Jun 23 04:44:13 UTC 2019 /home/travis/build/icyphy/ptII/ptolemy/actor/lib/test/auto/Clock24.xml
----------------- Instantiating /home/travis/build/icyphy/ptII/ptolemy/actor/lib/test/auto/Clock24.xml
3 ms. Memory: 464896K Free: 349739K (75%)
----------------- Invoking toplevel() on ptolemy.moml.MoMLSimpleApplication@1f94d1e3
----------------- Done invoking toplevel() on ptolemy.moml.MoMLSimpleApplication@1f94d1e3
reloadAllAccessors: .Clock24

===========================================================================================
----------------- testing Sun Jun 23 04:44:13 UTC 2019 /home/travis/build/icyphy/ptII/ptolemy/actor/lib/test/auto/Clock4.xml
----------------- Instantiating /home/travis/build/icyphy/ptII/ptolemy/actor/lib/test/auto/Clock4.xml
2 ms. Memory: 464896K Free: 345114K (74%)
----------------- Invoking toplevel() on ptolemy.moml.MoMLSimpleApplication@67f8ad36
----------------- Done invoking toplevel() on ptolemy.moml.MoMLSimpleApplication@67f8ad36
reloadAllAccessors: .Clock4

===========================================================================================
----------------- testing Sun Jun 23 04:44:13 UTC 2019 /home/travis/build/icyphy/ptII/ptolemy/actor/lib/test/auto/Clock5.xml
----------------- Instantiating /home/travis/build/icyphy/ptII/ptolemy/actor/lib/test/auto/Clock5.xml
2 ms. Memory: 464896K Free: 339499K (73%)
----------------- Invoking toplevel() on ptolemy.moml.MoMLSimpleApplication@61fbf64
----------------- Done invoking toplevel() on ptolemy.moml.MoMLSimpleApplication@61fbf64
reloadAllAccessors: .Clock5

===========================================================================================
----------------- testing Sun Jun 23 04:44:13 UTC 2019 /home/travis/build/icyphy/ptII/ptolemy/actor/lib/test/auto/Clock6.xml
----------------- Instantiating /home/travis/build/icyphy/ptII/ptolemy/actor/lib/test/auto/Clock6.xml
1 ms. Memory: 464896K Free: 335403K (72%)
----------------- Invoking toplevel() on ptolemy.moml.MoMLSimpleApplication@49b51e46
----------------- Done invoking toplevel() on ptolemy.moml.MoMLSimpleApplication@49b51e46
reloadAllAccessors: .Clock6

===========================================================================================
----------------- testing Sun Jun 23 04:44:13 UTC 2019 /home/travis/build/icyphy/ptII/ptolemy/actor/lib/test/auto/Clock7.xml
----------------- Instantiating /home/travis/build/icyphy/ptII/ptolemy/actor/lib/test/auto/Clock7.xml
3 ms. Memory: 464896K Free: 330793K (71%)
----------------- Invoking toplevel() on ptolemy.moml.MoMLSimpleApplication@13105320
----------------- Done invoking toplevel() on ptolemy.moml.MoMLSimpleApplication@13105320
reloadAllAccessors: .Clock7

===========================================================================================
----------------- testing Sun Jun 23 04:44:13 UTC 2019 /home/travis/build/icyphy/ptII/ptolemy/actor/lib/test/auto/Clock8.xml
----------------- Instantiating /home/travis/build/icyphy/ptII/ptolemy/actor/lib/test/auto/Clock8.xml
4 ms. Memory: 464896K Free: 325642K (70%)
----------------- Invoking toplevel() on ptolemy.moml.MoMLSimpleApplication@8590a93
----------------- Done invoking toplevel() on ptolemy.moml.MoMLSimpleApplication@8590a93
reloadAllAccessors: .Clock8

===========================================================================================
----------------- testing Sun Jun 23 04:44:13 UTC 2019 /home/travis/build/icyphy/ptII/ptolemy/actor/lib/test/auto/Clock9.xml
----------------- Instantiating /home/travis/build/icyphy/ptII/ptolemy/actor/lib/test/auto/Clock9.xml
3 ms. Memory: 464896K Free: 320043K (69%)
----------------- Invoking toplevel() on ptolemy.moml.MoMLSimpleApplication@22e4a077
----------------- Done invoking toplevel() on ptolemy.moml.MoMLSimpleApplication@22e4a077
reloadAllAccessors: .Clock9

===========================================================================================
----------------- testing Sun Jun 23 04:44:13 UTC 2019 /home/travis/build/icyphy/ptII/ptolemy/actor/lib/test/auto/CommDistDiscard.xml
----------------- Instantiating /home/travis/build/icyphy/ptII/ptolemy/actor/lib/test/auto/CommDistDiscard.xml
3 ms. Memory: 464896K Free: 314409K (68%)
----------------- Invoking toplevel() on ptolemy.moml.MoMLSimpleApplication@4eaa8e20
----------------- Done invoking toplevel() on ptolemy.moml.MoMLSimpleApplication@4eaa8e20
reloadAllAccessors: .CommDistDiscard

===========================================================================================
----------------- testing Sun Jun 23 04:44:13 UTC 2019 /home/travis/build/icyphy/ptII/ptolemy/actor/lib/test/auto/Commutator.xml
----------------- Instantiating /home/travis/build/icyphy/ptII/ptolemy/actor/lib/test/auto/Commutator.xml
2 ms. Memory: 464896K Free: 310313K (67%)
----------------- Invoking toplevel() on ptolemy.moml.MoMLSimpleApplication@77d080da
----------------- Done invoking toplevel() on ptolemy.moml.MoMLSimpleApplication@77d080da
reloadAllAccessors: .Commutator

===========================================================================================
----------------- testing Sun Jun 23 04:44:13 UTC 2019 /home/travis/build/icyphy/ptII/ptolemy/actor/lib/test/auto/Commutator2.xml
----------------- Instantiating /home/travis/build/icyphy/ptII/ptolemy/actor/lib/test/auto/Commutator2.xml
1 ms. Memory: 464896K Free: 305707K (66%)
----------------- Invoking toplevel() on ptolemy.moml.MoMLSimpleApplication@10afc38f
----------------- Done invoking toplevel() on ptolemy.moml.MoMLSimpleApplication@10afc38f
reloadAllAccessors: .Commutator2

===========================================================================================
----------------- testing Sun Jun 23 04:44:13 UTC 2019 /home/travis/build/icyphy/ptII/ptolemy/actor/lib/test/auto/Commutator3.xml
----------------- Instantiating /home/travis/build/icyphy/ptII/ptolemy/actor/lib/test/auto/Commutator3.xml
2 ms. Memory: 464896K Free: 301611K (65%)
----------------- Invoking toplevel() on ptolemy.moml.MoMLSimpleApplication@623f6665
----------------- Done invoking toplevel() on ptolemy.moml.MoMLSimpleApplication@623f6665
reloadAllAccessors: .Commutator3

===========================================================================================
----------------- testing Sun Jun 23 04:44:13 UTC 2019 /home/travis/build/icyphy/ptII/ptolemy/actor/lib/test/auto/Compare.xml
----------------- Instantiating /home/travis/build/icyphy/ptII/ptolemy/actor/lib/test/auto/Compare.xml
2 ms. Memory: 464896K Free: 294953K (63%)
----------------- Invoking toplevel() on ptolemy.moml.MoMLSimpleApplication@490040f9
----------------- Done invoking toplevel() on ptolemy.moml.MoMLSimpleApplication@490040f9
reloadAllAccessors: .Compare

===========================================================================================
----------------- testing Sun Jun 23 04:44:13 UTC 2019 /home/travis/build/icyphy/ptII/ptolemy/actor/lib/test/auto/CompareDE.xml
----------------- Instantiating /home/travis/build/icyphy/ptII/ptolemy/actor/lib/test/auto/CompareDE.xml
5 ms. Memory: 464896K Free: 288299K (62%)
----------------- Invoking toplevel() on ptolemy.moml.MoMLSimpleApplication@15deb2bc
----------------- Done invoking toplevel() on ptolemy.moml.MoMLSimpleApplication@15deb2bc
reloadAllAccessors: .CompareDE

===========================================================================================
----------------- testing Sun Jun 23 04:44:13 UTC 2019 /home/travis/build/icyphy/ptII/ptolemy/actor/lib/test/auto/ComplexDivide.xml
----------------- Instantiating /home/travis/build/icyphy/ptII/ptolemy/actor/lib/test/auto/ComplexDivide.xml
1 ms. Memory: 464896K Free: 284203K (61%)
----------------- Invoking toplevel() on ptolemy.moml.MoMLSimpleApplication@59130c12
----------------- Done invoking toplevel() on ptolemy.moml.MoMLSimpleApplication@59130c12
reloadAllAccessors: .ComplexDivide

===========================================================================================
----------------- testing Sun Jun 23 04:44:13 UTC 2019 /home/travis/build/icyphy/ptII/ptolemy/actor/lib/test/auto/ComputeHistogram.xml
----------------- Instantiating /home/travis/build/icyphy/ptII/ptolemy/actor/lib/test/auto/ComputeHistogram.xml
36 ms. Memory: 464896K Free: 271915K (58%)
----------------- Invoking toplevel() on ptolemy.moml.MoMLSimpleApplication@7f865c3
----------------- Done invoking toplevel() on ptolemy.moml.MoMLSimpleApplication@7f865c3
reloadAllAccessors: .ComputeHistogram

===========================================================================================
----------------- testing Sun Jun 23 04:44:13 UTC 2019 /home/travis/build/icyphy/ptII/ptolemy/actor/lib/test/auto/ConfigurationSelect.xml
----------------- Instantiating /home/travis/build/icyphy/ptII/ptolemy/actor/lib/test/auto/ConfigurationSelect.xml
9 ms. Memory: 464896K Free: 266266K (57%)
----------------- Invoking toplevel() on ptolemy.moml.MoMLSimpleApplication@3bd2088d
----------------- Done invoking toplevel() on ptolemy.moml.MoMLSimpleApplication@3bd2088d
reloadAllAccessors: .ConfigurationSelect

===========================================================================================
----------------- testing Sun Jun 23 04:44:13 UTC 2019 /home/travis/build/icyphy/ptII/ptolemy/actor/lib/test/auto/ConfigurationSelect2.xml
----------------- Instantiating /home/travis/build/icyphy/ptII/ptolemy/actor/lib/test/auto/ConfigurationSelect2.xml
2 ms. Memory: 464896K Free: 261675K (56%)
----------------- Invoking toplevel() on ptolemy.moml.MoMLSimpleApplication@13f31668
----------------- Done invoking toplevel() on ptolemy.moml.MoMLSimpleApplication@13f31668
reloadAllAccessors: .ConfigurationSelect2

===========================================================================================
----------------- testing Sun Jun 23 04:44:13 UTC 2019 /home/travis/build/icyphy/ptII/ptolemy/actor/lib/test/auto/ConfigurationSwitch.xml
----------------- Instantiating /home/travis/build/icyphy/ptII/ptolemy/actor/lib/test/auto/ConfigurationSwitch.xml
2 ms. Memory: 464896K Free: 256555K (55%)
----------------- Invoking toplevel() on ptolemy.moml.MoMLSimpleApplication@32c2954e
----------------- Done invoking toplevel() on ptolemy.moml.MoMLSimpleApplication@32c2954e
reloadAllAccessors: .ConfigurationSwitch

===========================================================================================
----------------- testing Sun Jun 23 04:44:13 UTC 2019 /home/travis/build/icyphy/ptII/ptolemy/actor/lib/test/auto/ConfigurationSwitch2.xml
----------------- Instantiating /home/travis/build/icyphy/ptII/ptolemy/actor/lib/test/auto/ConfigurationSwitch2.xml
4 ms. Memory: 464896K Free: 250921K (54%)
----------------- Invoking toplevel() on ptolemy.moml.MoMLSimpleApplication@582d0f8a
----------------- Done invoking toplevel() on ptolemy.moml.MoMLSimpleApplication@582d0f8a
reloadAllAccessors: .ConfigurationSwitch2

===========================================================================================
----------------- testing Sun Jun 23 04:44:13 UTC 2019 /home/travis/build/icyphy/ptII/ptolemy/actor/lib/test/auto/ConfigurationSwitchCloningBugWithClassRelationGroup.xml
----------------- Instantiating /home/travis/build/icyphy/ptII/ptolemy/actor/lib/test/auto/ConfigurationSwitchCloningBugWithClassRelationGroup.xml
1 ms. Memory: 464896K Free: 244777K (53%)
----------------- Invoking toplevel() on ptolemy.moml.MoMLSimpleApplication@3958ae3
----------------- Done invoking toplevel() on ptolemy.moml.MoMLSimpleApplication@3958ae3
reloadAllAccessors: .ConfigurationSwitchCloningBugWithClassRelationGroup

===========================================================================================
----------------- testing Sun Jun 23 04:44:13 UTC 2019 /home/travis/build/icyphy/ptII/ptolemy/actor/lib/test/auto/ConfigurationSwitchSelectSDF.xml
----------------- Instantiating /home/travis/build/icyphy/ptII/ptolemy/actor/lib/test/auto/ConfigurationSwitchSelectSDF.xml
2 ms. Memory: 464896K Free: 239147K (51%)
----------------- Invoking toplevel() on ptolemy.moml.MoMLSimpleApplication@23c89d31
----------------- Done invoking toplevel() on ptolemy.moml.MoMLSimpleApplication@23c89d31
reloadAllAccessors: .ConfigurationSwitchSelectSDF

===========================================================================================
----------------- testing Sun Jun 23 04:44:13 UTC 2019 /home/travis/build/icyphy/ptII/ptolemy/actor/lib/test/auto/ConfigurationSwitchSelectSDF2.xml
----------------- Instantiating /home/travis/build/icyphy/ptII/ptolemy/actor/lib/test/auto/ConfigurationSwitchSelectSDF2.xml
3 ms. Memory: 464896K Free: 233003K (50%)
----------------- Invoking toplevel() on ptolemy.moml.MoMLSimpleApplication@3d50d74f
----------------- Done invoking toplevel() on ptolemy.moml.MoMLSimpleApplication@3d50d74f
reloadAllAccessors: .ConfigurationSwitchSelectSDF2

===========================================================================================
----------------- testing Sun Jun 23 04:44:13 UTC 2019 /home/travis/build/icyphy/ptII/ptolemy/actor/lib/test/auto/Const.xml
----------------- Instantiating /home/travis/build/icyphy/ptII/ptolemy/actor/lib/test/auto/Const.xml
1 ms. Memory: 464896K Free: 229931K (49%)
----------------- Invoking toplevel() on ptolemy.moml.MoMLSimpleApplication@35714676
----------------- Done invoking toplevel() on ptolemy.moml.MoMLSimpleApplication@35714676
reloadAllAccessors: .Const

===========================================================================================
----------------- testing Sun Jun 23 04:44:13 UTC 2019 /home/travis/build/icyphy/ptII/ptolemy/actor/lib/test/auto/Const2.xml
----------------- Instantiating /home/travis/build/icyphy/ptII/ptolemy/actor/lib/test/auto/Const2.xml
1 ms. Memory: 464896K Free: 225835K (49%)
----------------- Invoking toplevel() on ptolemy.moml.MoMLSimpleApplication@32f73e53
----------------- Done invoking toplevel() on ptolemy.moml.MoMLSimpleApplication@32f73e53
reloadAllAccessors: .Const2

===========================================================================================
----------------- testing Sun Jun 23 04:44:13 UTC 2019 /home/travis/build/icyphy/ptII/ptolemy/actor/lib/test/auto/Const3.xml
----------------- Instantiating /home/travis/build/icyphy/ptII/ptolemy/actor/lib/test/auto/Const3.xml
1 ms. Memory: 464896K Free: 223273K (48%)
----------------- Invoking toplevel() on ptolemy.moml.MoMLSimpleApplication@75152e7e
----------------- Done invoking toplevel() on ptolemy.moml.MoMLSimpleApplication@75152e7e
reloadAllAccessors: .Const3

===========================================================================================
----------------- testing Sun Jun 23 04:44:13 UTC 2019 /home/travis/build/icyphy/ptII/ptolemy/actor/lib/test/auto/ConstantPublisherPort1.xml
----------------- Instantiating /home/travis/build/icyphy/ptII/ptolemy/actor/lib/test/auto/ConstantPublisherPort1.xml
6 ms. Memory: 464896K Free: 214571K (46%)
----------------- Invoking toplevel() on ptolemy.moml.MoMLSimpleApplication@49f4cbfc
----------------- Done invoking toplevel() on ptolemy.moml.MoMLSimpleApplication@49f4cbfc
reloadAllAccessors: .ConstantPublisherPort1

===========================================================================================
----------------- testing Sun Jun 23 04:44:13 UTC 2019 /home/travis/build/icyphy/ptII/ptolemy/actor/lib/test/auto/ConstantPublisherPort2.xml
----------------- Instantiating /home/travis/build/icyphy/ptII/ptolemy/actor/lib/test/auto/ConstantPublisherPort2.xml
12 ms. Memory: 464896K Free: 207403K (45%)
----------------- Invoking toplevel() on ptolemy.moml.MoMLSimpleApplication@94c7a2d
----------------- Done invoking toplevel() on ptolemy.moml.MoMLSimpleApplication@94c7a2d
reloadAllAccessors: .ConstantPublisherPort2

===========================================================================================
----------------- testing Sun Jun 23 04:44:13 UTC 2019 /home/travis/build/icyphy/ptII/ptolemy/actor/lib/test/auto/ConstantPublisherPort3.xml
----------------- Instantiating /home/travis/build/icyphy/ptII/ptolemy/actor/lib/test/auto/ConstantPublisherPort3.xml
5 ms. Memory: 464896K Free: 199721K (43%)
----------------- Invoking toplevel() on ptolemy.moml.MoMLSimpleApplication@342b8aa
----------------- Done invoking toplevel() on ptolemy.moml.MoMLSimpleApplication@342b8aa
reloadAllAccessors: .ConstantPublisherPort3

===========================================================================================
----------------- testing Sun Jun 23 04:44:13 UTC 2019 /home/travis/build/icyphy/ptII/ptolemy/actor/lib/test/auto/ConstantPublisherPort4.xml
----------------- Instantiating /home/travis/build/icyphy/ptII/ptolemy/actor/lib/test/auto/ConstantPublisherPort4.xml
2 ms. Memory: 464896K Free: 193067K (42%)
----------------- Invoking toplevel() on ptolemy.moml.MoMLSimpleApplication@7a325437
----------------- Done invoking toplevel() on ptolemy.moml.MoMLSimpleApplication@7a325437
reloadAllAccessors: .ConstantPublisherPort4

===========================================================================================
----------------- testing Sun Jun 23 04:44:13 UTC 2019 /home/travis/build/icyphy/ptII/ptolemy/actor/lib/test/auto/ConstantPublisherPort5.xml
----------------- Instantiating /home/travis/build/icyphy/ptII/ptolemy/actor/lib/test/auto/ConstantPublisherPort5.xml
28 ms. Memory: 464896K Free: 183337K (39%)
----------------- Invoking toplevel() on ptolemy.moml.MoMLSimpleApplication@654ef29e
----------------- Done invoking toplevel() on ptolemy.moml.MoMLSimpleApplication@654ef29e
reloadAllAccessors: .ConstantPublisherPort5

===========================================================================================
----------------- testing Sun Jun 23 04:44:13 UTC 2019 /home/travis/build/icyphy/ptII/ptolemy/actor/lib/test/auto/ConstantPublisherPort6.xml
----------------- Instantiating /home/travis/build/icyphy/ptII/ptolemy/actor/lib/test/auto/ConstantPublisherPort6.xml
17 ms. Memory: 464896K Free: 174121K (37%)
----------------- Invoking toplevel() on ptolemy.moml.MoMLSimpleApplication@1a8ad818
----------------- Done invoking toplevel() on ptolemy.moml.MoMLSimpleApplication@1a8ad818
reloadAllAccessors: .ConstantPublisherPort6

===========================================================================================
----------------- testing Sun Jun 23 04:44:13 UTC 2019 /home/travis/build/icyphy/ptII/ptolemy/actor/lib/test/auto/ConstantPublisherPort7.xml
----------------- Instantiating /home/travis/build/icyphy/ptII/ptolemy/actor/lib/test/auto/ConstantPublisherPort7.xml
13 ms. Memory: 464896K Free: 165929K (36%)
----------------- Invoking toplevel() on ptolemy.moml.MoMLSimpleApplication@642dd6c5
----------------- Done invoking toplevel() on ptolemy.moml.MoMLSimpleApplication@642dd6c5
reloadAllAccessors: .ConstantPublisherPort7

===========================================================================================
----------------- testing Sun Jun 23 04:44:13 UTC 2019 /home/travis/build/icyphy/ptII/ptolemy/actor/lib/test/auto/ConstraintMonitor1.xml
----------------- Instantiating /home/travis/build/icyphy/ptII/ptolemy/actor/lib/test/auto/ConstraintMonitor1.xml
9 ms. Memory: 464896K Free: 160809K (35%)
----------------- Invoking toplevel() on ptolemy.moml.MoMLSimpleApplication@508e42f0
----------------- Done invoking toplevel() on ptolemy.moml.MoMLSimpleApplication@508e42f0
reloadAllAccessors: .ConstraintMonitor1

===========================================================================================
----------------- testing Sun Jun 23 04:44:13 UTC 2019 /home/travis/build/icyphy/ptII/ptolemy/actor/lib/test/auto/ConstraintMonitor2.xml
----------------- Instantiating /home/travis/build/icyphy/ptII/ptolemy/actor/lib/test/auto/ConstraintMonitor2.xml
6 ms. Memory: 464896K Free: 156203K (34%)
----------------- Invoking toplevel() on ptolemy.moml.MoMLSimpleApplication@7163388e
----------------- Done invoking toplevel() on ptolemy.moml.MoMLSimpleApplication@7163388e
reloadAllAccessors: .ConstraintMonitor2

===========================================================================================
----------------- testing Sun Jun 23 04:44:13 UTC 2019 /home/travis/build/icyphy/ptII/ptolemy/actor/lib/test/auto/ConstraintMonitor3.xml
----------------- Instantiating /home/travis/build/icyphy/ptII/ptolemy/actor/lib/test/auto/ConstraintMonitor3.xml
6 ms. Memory: 464896K Free: 151593K (33%)
----------------- Invoking toplevel() on ptolemy.moml.MoMLSimpleApplication@652905db
----------------- Done invoking toplevel() on ptolemy.moml.MoMLSimpleApplication@652905db
reloadAllAccessors: .ConstraintMonitor3

===========================================================================================
----------------- testing Sun Jun 23 04:44:13 UTC 2019 /home/travis/build/icyphy/ptII/ptolemy/actor/lib/test/auto/ConstraintMonitor4.xml
----------------- Instantiating /home/travis/build/icyphy/ptII/ptolemy/actor/lib/test/auto/ConstraintMonitor4.xml
2 ms. Memory: 464896K Free: 145963K (31%)
----------------- Invoking toplevel() on ptolemy.moml.MoMLSimpleApplication@2d9ac148
----------------- Done invoking toplevel() on ptolemy.moml.MoMLSimpleApplication@2d9ac148
reloadAllAccessors: .ConstraintMonitor4

===========================================================================================
----------------- testing Sun Jun 23 04:44:13 UTC 2019 /home/travis/build/icyphy/ptII/ptolemy/actor/lib/test/auto/ConstraintMonitor5.xml
----------------- Instantiating /home/travis/build/icyphy/ptII/ptolemy/actor/lib/test/auto/ConstraintMonitor5.xml
5 ms. Memory: 464896K Free: 414340K (89%)
----------------- Invoking toplevel() on ptolemy.moml.MoMLSimpleApplication@18ea7f5c
----------------- Done invoking toplevel() on ptolemy.moml.MoMLSimpleApplication@18ea7f5c
reloadAllAccessors: .ConstraintMonitor5

===========================================================================================
----------------- testing Sun Jun 23 04:44:14 UTC 2019 /home/travis/build/icyphy/ptII/ptolemy/actor/lib/test/auto/ConstraintMonitor6.xml
----------------- Instantiating /home/travis/build/icyphy/ptII/ptolemy/actor/lib/test/auto/ConstraintMonitor6.xml
4 ms. Memory: 464896K Free: 407686K (88%)
----------------- Invoking toplevel() on ptolemy.moml.MoMLSimpleApplication@6d26190f
----------------- Done invoking toplevel() on ptolemy.moml.MoMLSimpleApplication@6d26190f
reloadAllAccessors: .ConstraintMonitor6

===========================================================================================
----------------- testing Sun Jun 23 04:44:14 UTC 2019 /home/travis/build/icyphy/ptII/ptolemy/actor/lib/test/auto/ConstraintMonitor7.xml
----------------- Instantiating /home/travis/build/icyphy/ptII/ptolemy/actor/lib/test/auto/ConstraintMonitor7.xml
6 ms. Memory: 464896K Free: 401022K (86%)
----------------- Invoking toplevel() on ptolemy.moml.MoMLSimpleApplication@52760afd
----------------- Done invoking toplevel() on ptolemy.moml.MoMLSimpleApplication@52760afd
reloadAllAccessors: .ConstraintMonitor7

===========================================================================================
----------------- testing Sun Jun 23 04:44:14 UTC 2019 /home/travis/build/icyphy/ptII/ptolemy/actor/lib/test/auto/ConstraintMonitor8.xml
----------------- Instantiating /home/travis/build/icyphy/ptII/ptolemy/actor/lib/test/auto/ConstraintMonitor8.xml
6 ms. Memory: 464896K Free: 393860K (85%)
----------------- Invoking toplevel() on ptolemy.moml.MoMLSimpleApplication@1c1c8672
----------------- Done invoking toplevel() on ptolemy.moml.MoMLSimpleApplication@1c1c8672
reloadAllAccessors: .ConstraintMonitor8

===========================================================================================
----------------- testing Sun Jun 23 04:44:14 UTC 2019 /home/travis/build/icyphy/ptII/ptolemy/actor/lib/test/auto/Counter.xml
----------------- Instantiating /home/travis/build/icyphy/ptII/ptolemy/actor/lib/test/auto/Counter.xml
3 ms. Memory: 464896K Free: 388740K (84%)
----------------- Invoking toplevel() on ptolemy.moml.MoMLSimpleApplication@5e39704b
----------------- Done invoking toplevel() on ptolemy.moml.MoMLSimpleApplication@5e39704b
reloadAllAccessors: .Counter

===========================================================================================
----------------- testing Sun Jun 23 04:44:14 UTC 2019 /home/travis/build/icyphy/ptII/ptolemy/actor/lib/test/auto/CurrentTimeSDF.xml
----------------- Instantiating /home/travis/build/icyphy/ptII/ptolemy/actor/lib/test/auto/CurrentTimeSDF.xml
2 ms. Memory: 464896K Free: 384644K (83%)
----------------- Invoking toplevel() on ptolemy.moml.MoMLSimpleApplication@66b434e2
----------------- Done invoking toplevel() on ptolemy.moml.MoMLSimpleApplication@66b434e2
reloadAllAccessors: .CurrentTimeSDF

===========================================================================================
----------------- testing Sun Jun 23 04:44:14 UTC 2019 /home/travis/build/icyphy/ptII/ptolemy/actor/lib/test/auto/DB.xml
----------------- Instantiating /home/travis/build/icyphy/ptII/ptolemy/actor/lib/test/auto/DB.xml
3 ms. Memory: 464896K Free: 380038K (82%)
----------------- Invoking toplevel() on ptolemy.moml.MoMLSimpleApplication@6d6485ea
----------------- Done invoking toplevel() on ptolemy.moml.MoMLSimpleApplication@6d6485ea
reloadAllAccessors: .DB

===========================================================================================
----------------- testing Sun Jun 23 04:44:14 UTC 2019 /home/travis/build/icyphy/ptII/ptolemy/actor/lib/test/auto/DBDE.xml
----------------- Instantiating /home/travis/build/icyphy/ptII/ptolemy/actor/lib/test/auto/DBDE.xml
2 ms. Memory: 464896K Free: 373894K (80%)
----------------- Invoking toplevel() on ptolemy.moml.MoMLSimpleApplication@1b893027
----------------- Done invoking toplevel() on ptolemy.moml.MoMLSimpleApplication@1b893027
reloadAllAccessors: .DBDE

===========================================================================================
----------------- testing Sun Jun 23 04:44:14 UTC 2019 /home/travis/build/icyphy/ptII/ptolemy/actor/lib/test/auto/DateConstructor.xml
----------------- Instantiating /home/travis/build/icyphy/ptII/ptolemy/actor/lib/test/auto/DateConstructor.xml
30 ms. Memory: 464896K Free: 355972K (77%)
----------------- Invoking toplevel() on ptolemy.moml.MoMLSimpleApplication@58fa15f
----------------- Done invoking toplevel() on ptolemy.moml.MoMLSimpleApplication@58fa15f
reloadAllAccessors: .DateConstructor

===========================================================================================
----------------- testing Sun Jun 23 04:44:14 UTC 2019 /home/travis/build/icyphy/ptII/ptolemy/actor/lib/test/auto/DelayTime.xml
----------------- Instantiating /home/travis/build/icyphy/ptII/ptolemy/actor/lib/test/auto/DelayTime.xml
9 ms. Memory: 464896K Free: 351366K (76%)
----------------- Invoking toplevel() on ptolemy.moml.MoMLSimpleApplication@5d2c3307
----------------- Done invoking toplevel() on ptolemy.moml.MoMLSimpleApplication@5d2c3307
reloadAllAccessors: .DelayTime

===========================================================================================
----------------- testing Sun Jun 23 04:44:14 UTC 2019 /home/travis/build/icyphy/ptII/ptolemy/actor/lib/test/auto/Dictionary1.xml
----------------- Instantiating /home/travis/build/icyphy/ptII/ptolemy/actor/lib/test/auto/Dictionary1.xml
2 ms. Memory: 464896K Free: 345732K (74%)
----------------- Invoking toplevel() on ptolemy.moml.MoMLSimpleApplication@73948624
----------------- Done invoking toplevel() on ptolemy.moml.MoMLSimpleApplication@73948624
reloadAllAccessors: .Dictionary1

===========================================================================================
----------------- testing Sun Jun 23 04:44:14 UTC 2019 /home/travis/build/icyphy/ptII/ptolemy/actor/lib/test/auto/Dictionary2.xml
----------------- Instantiating /home/travis/build/icyphy/ptII/ptolemy/actor/lib/test/auto/Dictionary2.xml
5 ms. Memory: 464896K Free: 340102K (73%)
----------------- Invoking toplevel() on ptolemy.moml.MoMLSimpleApplication@310f3e01
----------------- Done invoking toplevel() on ptolemy.moml.MoMLSimpleApplication@310f3e01
reloadAllAccessors: .Dictionary2

===========================================================================================
----------------- testing Sun Jun 23 04:44:14 UTC 2019 /home/travis/build/icyphy/ptII/ptolemy/actor/lib/test/auto/Dictionary3.xml
----------------- Instantiating /home/travis/build/icyphy/ptII/ptolemy/actor/lib/test/auto/Dictionary3.xml
1 ms. Memory: 464896K Free: 334982K (72%)
----------------- Invoking toplevel() on ptolemy.moml.MoMLSimpleApplication@7d9a2fe
----------------- Done invoking toplevel() on ptolemy.moml.MoMLSimpleApplication@7d9a2fe
reloadAllAccessors: .Dictionary3

===========================================================================================
----------------- testing Sun Jun 23 04:44:14 UTC 2019 /home/travis/build/icyphy/ptII/ptolemy/actor/lib/test/auto/Dictionary4.xml
----------------- Instantiating /home/travis/build/icyphy/ptII/ptolemy/actor/lib/test/auto/Dictionary4.xml
3 ms. Memory: 464896K Free: 327814K (71%)
----------------- Invoking toplevel() on ptolemy.moml.MoMLSimpleApplication@75b51ea5
----------------- Done invoking toplevel() on ptolemy.moml.MoMLSimpleApplication@75b51ea5
reloadAllAccessors: .Dictionary4

===========================================================================================
----------------- testing Sun Jun 23 04:44:14 UTC 2019 /home/travis/build/icyphy/ptII/ptolemy/actor/lib/test/auto/Differential.xml
----------------- Instantiating /home/travis/build/icyphy/ptII/ptolemy/actor/lib/test/auto/Differential.xml
3 ms. Memory: 464896K Free: 323204K (70%)
----------------- Invoking toplevel() on ptolemy.moml.MoMLSimpleApplication@498e1283
----------------- Done invoking toplevel() on ptolemy.moml.MoMLSimpleApplication@498e1283
reloadAllAccessors: .Differential

===========================================================================================
----------------- testing Sun Jun 23 04:44:14 UTC 2019 /home/travis/build/icyphy/ptII/ptolemy/actor/lib/test/auto/Director.xml
----------------- Instantiating /home/travis/build/icyphy/ptII/ptolemy/actor/lib/test/auto/Director.xml
3 ms. Memory: 464896K Free: 319622K (69%)
----------------- Invoking toplevel() on ptolemy.moml.MoMLSimpleApplication@18101bec
----------------- Done invoking toplevel() on ptolemy.moml.MoMLSimpleApplication@18101bec
reloadAllAccessors: .Director

===========================================================================================
----------------- testing Sun Jun 23 04:44:14 UTC 2019 /home/travis/build/icyphy/ptII/ptolemy/actor/lib/test/auto/DiscreteClock.xml
----------------- Instantiating /home/travis/build/icyphy/ptII/ptolemy/actor/lib/test/auto/DiscreteClock.xml
1 ms. Memory: 464896K Free: 315526K (68%)
----------------- Invoking toplevel() on ptolemy.moml.MoMLSimpleApplication@458b7629
----------------- Done invoking toplevel() on ptolemy.moml.MoMLSimpleApplication@458b7629
reloadAllAccessors: .DiscreteClock

===========================================================================================
----------------- testing Sun Jun 23 04:44:14 UTC 2019 /home/travis/build/icyphy/ptII/ptolemy/actor/lib/test/auto/DiscreteClock10.xml
----------------- Instantiating /home/travis/build/icyphy/ptII/ptolemy/actor/lib/test/auto/DiscreteClock10.xml
4 ms. Memory: 464896K Free: 309382K (67%)
----------------- Invoking toplevel() on ptolemy.moml.MoMLSimpleApplication@486ac295
----------------- Done invoking toplevel() on ptolemy.moml.MoMLSimpleApplication@486ac295
reloadAllAccessors: .DiscreteClock10

===========================================================================================
----------------- testing Sun Jun 23 04:44:14 UTC 2019 /home/travis/build/icyphy/ptII/ptolemy/actor/lib/test/auto/DiscreteClock11.xml
----------------- Instantiating /home/travis/build/icyphy/ptII/ptolemy/actor/lib/test/auto/DiscreteClock11.xml
2 ms. Memory: 464896K Free: 303748K (65%)
----------------- Invoking toplevel() on ptolemy.moml.MoMLSimpleApplication@29565c43
----------------- Done invoking toplevel() on ptolemy.moml.MoMLSimpleApplication@29565c43
reloadAllAccessors: .DiscreteClock11

===========================================================================================
----------------- testing Sun Jun 23 04:44:14 UTC 2019 /home/travis/build/icyphy/ptII/ptolemy/actor/lib/test/auto/DiscreteClock12.xml
----------------- Instantiating /home/travis/build/icyphy/ptII/ptolemy/actor/lib/test/auto/DiscreteClock12.xml
2 ms. Memory: 464896K Free: 297604K (64%)
----------------- Invoking toplevel() on ptolemy.moml.MoMLSimpleApplication@4b84c8b7
----------------- Done invoking toplevel() on ptolemy.moml.MoMLSimpleApplication@4b84c8b7
reloadAllAccessors: .DiscreteClock12

===========================================================================================
----------------- testing Sun Jun 23 04:44:14 UTC 2019 /home/travis/build/icyphy/ptII/ptolemy/actor/lib/test/auto/DiscreteClock13.xml
----------------- Instantiating /home/travis/build/icyphy/ptII/ptolemy/actor/lib/test/auto/DiscreteClock13.xml
6 ms. Memory: 464896K Free: 291446K (63%)
----------------- Invoking toplevel() on ptolemy.moml.MoMLSimpleApplication@f07e6
----------------- Done invoking toplevel() on ptolemy.moml.MoMLSimpleApplication@f07e6
reloadAllAccessors: .DiscreteClock13

===========================================================================================
----------------- testing Sun Jun 23 04:44:14 UTC 2019 /home/travis/build/icyphy/ptII/ptolemy/actor/lib/test/auto/DiscreteClock14.xml
----------------- Instantiating /home/travis/build/icyphy/ptII/ptolemy/actor/lib/test/auto/DiscreteClock14.xml
5 ms. Memory: 464896K Free: 285302K (61%)
----------------- Invoking toplevel() on ptolemy.moml.MoMLSimpleApplication@2f677009
----------------- Done invoking toplevel() on ptolemy.moml.MoMLSimpleApplication@2f677009
reloadAllAccessors: .DiscreteClock14

===========================================================================================
----------------- testing Sun Jun 23 04:44:14 UTC 2019 /home/travis/build/icyphy/ptII/ptolemy/actor/lib/test/auto/DiscreteClock15.xml
----------------- Instantiating /home/travis/build/icyphy/ptII/ptolemy/actor/lib/test/auto/DiscreteClock15.xml
5 ms. Memory: 464896K Free: 279686K (60%)
----------------- Invoking toplevel() on ptolemy.moml.MoMLSimpleApplication@2614caf7
----------------- Done invoking toplevel() on ptolemy.moml.MoMLSimpleApplication@2614caf7
reloadAllAccessors: .DiscreteClock15

===========================================================================================
----------------- testing Sun Jun 23 04:44:14 UTC 2019 /home/travis/build/icyphy/ptII/ptolemy/actor/lib/test/auto/DiscreteClock16.xml
----------------- Instantiating /home/travis/build/icyphy/ptII/ptolemy/actor/lib/test/auto/DiscreteClock16.xml
18 ms. Memory: 464896K Free: 265846K (57%)
----------------- Invoking toplevel() on ptolemy.moml.MoMLSimpleApplication@56db67ef
----------------- Done invoking toplevel() on ptolemy.moml.MoMLSimpleApplication@56db67ef
reloadAllAccessors: .DiscreteClock16

===========================================================================================
----------------- testing Sun Jun 23 04:44:14 UTC 2019 /home/travis/build/icyphy/ptII/ptolemy/actor/lib/test/auto/DiscreteClock17.xml
----------------- Instantiating /home/travis/build/icyphy/ptII/ptolemy/actor/lib/test/auto/DiscreteClock17.xml
16 ms. Memory: 464896K Free: 251014K (54%)
----------------- Invoking toplevel() on ptolemy.moml.MoMLSimpleApplication@42aa5bb5
----------------- Done invoking toplevel() on ptolemy.moml.MoMLSimpleApplication@42aa5bb5
reloadAllAccessors: .DiscreteClock17

===========================================================================================
----------------- testing Sun Jun 23 04:44:14 UTC 2019 /home/travis/build/icyphy/ptII/ptolemy/actor/lib/test/auto/DiscreteClock18.xml
----------------- Instantiating /home/travis/build/icyphy/ptII/ptolemy/actor/lib/test/auto/DiscreteClock18.xml
22 ms. Memory: 464896K Free: 237702K (51%)
----------------- Invoking toplevel() on ptolemy.moml.MoMLSimpleApplication@1ec7760
----------------- Done invoking toplevel() on ptolemy.moml.MoMLSimpleApplication@1ec7760
reloadAllAccessors: .DiscreteClock18

===========================================================================================
----------------- testing Sun Jun 23 04:44:14 UTC 2019 /home/travis/build/icyphy/ptII/ptolemy/actor/lib/test/auto/DiscreteClock19.xml
----------------- Instantiating /home/travis/build/icyphy/ptII/ptolemy/actor/lib/test/auto/DiscreteClock19.xml
22 ms. Memory: 464896K Free: 224388K (48%)
----------------- Invoking toplevel() on ptolemy.moml.MoMLSimpleApplication@7481caa
----------------- Done invoking toplevel() on ptolemy.moml.MoMLSimpleApplication@7481caa
reloadAllAccessors: .DiscreteClock19

===========================================================================================
----------------- testing Sun Jun 23 04:44:14 UTC 2019 /home/travis/build/icyphy/ptII/ptolemy/actor/lib/test/auto/DiscreteClock2.xml
----------------- Instantiating /home/travis/build/icyphy/ptII/ptolemy/actor/lib/test/auto/DiscreteClock2.xml
4 ms. Memory: 464896K Free: 219270K (47%)
----------------- Invoking toplevel() on ptolemy.moml.MoMLSimpleApplication@5145e7c8
----------------- Done invoking toplevel() on ptolemy.moml.MoMLSimpleApplication@5145e7c8
reloadAllAccessors: .DiscreteClock2

===========================================================================================
----------------- testing Sun Jun 23 04:44:14 UTC 2019 /home/travis/build/icyphy/ptII/ptolemy/actor/lib/test/auto/DiscreteClock20.xml
----------------- Instantiating /home/travis/build/icyphy/ptII/ptolemy/actor/lib/test/auto/DiscreteClock20.xml
10 ms. Memory: 464896K Free: 213636K (46%)
----------------- Invoking toplevel() on ptolemy.moml.MoMLSimpleApplication@16ec358a
----------------- Done invoking toplevel() on ptolemy.moml.MoMLSimpleApplication@16ec358a
reloadAllAccessors: .DiscreteClock20

===========================================================================================
----------------- testing Sun Jun 23 04:44:14 UTC 2019 /home/travis/build/icyphy/ptII/ptolemy/actor/lib/test/auto/DiscreteClock21.xml
----------------- Instantiating /home/travis/build/icyphy/ptII/ptolemy/actor/lib/test/auto/DiscreteClock21.xml
5 ms. Memory: 464896K Free: 208006K (45%)
----------------- Invoking toplevel() on ptolemy.moml.MoMLSimpleApplication@475ba245
----------------- Done invoking toplevel() on ptolemy.moml.MoMLSimpleApplication@475ba245
reloadAllAccessors: .DiscreteClock21

===========================================================================================
----------------- testing Sun Jun 23 04:44:14 UTC 2019 /home/travis/build/icyphy/ptII/ptolemy/actor/lib/test/auto/DiscreteClock22.xml
----------------- Instantiating /home/travis/build/icyphy/ptII/ptolemy/actor/lib/test/auto/DiscreteClock22.xml
5 ms. Memory: 464896K Free: 202886K (44%)
----------------- Invoking toplevel() on ptolemy.moml.MoMLSimpleApplication@4543c6f6
----------------- Done invoking toplevel() on ptolemy.moml.MoMLSimpleApplication@4543c6f6
reloadAllAccessors: .DiscreteClock22

===========================================================================================
----------------- testing Sun Jun 23 04:44:14 UTC 2019 /home/travis/build/icyphy/ptII/ptolemy/actor/lib/test/auto/DiscreteClock23.xml
----------------- Instantiating /home/travis/build/icyphy/ptII/ptolemy/actor/lib/test/auto/DiscreteClock23.xml
11 ms. Memory: 464896K Free: 197252K (42%)
----------------- Invoking toplevel() on ptolemy.moml.MoMLSimpleApplication@1ff7a7f8
----------------- Done invoking toplevel() on ptolemy.moml.MoMLSimpleApplication@1ff7a7f8
reloadAllAccessors: .DiscreteClock23

===========================================================================================
----------------- testing Sun Jun 23 04:44:14 UTC 2019 /home/travis/build/icyphy/ptII/ptolemy/actor/lib/test/auto/DiscreteClock24.xml
----------------- Instantiating /home/travis/build/icyphy/ptII/ptolemy/actor/lib/test/auto/DiscreteClock24.xml
5 ms. Memory: 464896K Free: 191622K (41%)
----------------- Invoking toplevel() on ptolemy.moml.MoMLSimpleApplication@6868b6d3
----------------- Done invoking toplevel() on ptolemy.moml.MoMLSimpleApplication@6868b6d3
reloadAllAccessors: .DiscreteClock24

===========================================================================================
----------------- testing Sun Jun 23 04:44:14 UTC 2019 /home/travis/build/icyphy/ptII/ptolemy/actor/lib/test/auto/DiscreteClock4.xml
----------------- Instantiating /home/travis/build/icyphy/ptII/ptolemy/actor/lib/test/auto/DiscreteClock4.xml
5 ms. Memory: 464896K Free: 185989K (40%)
----------------- Invoking toplevel() on ptolemy.moml.MoMLSimpleApplication@2a4d80f4
----------------- Done invoking toplevel() on ptolemy.moml.MoMLSimpleApplication@2a4d80f4
reloadAllAccessors: .DiscreteClock4

===========================================================================================
----------------- testing Sun Jun 23 04:44:14 UTC 2019 /home/travis/build/icyphy/ptII/ptolemy/actor/lib/test/auto/DiscreteClock5.xml
----------------- Instantiating /home/travis/build/icyphy/ptII/ptolemy/actor/lib/test/auto/DiscreteClock5.xml
2 ms. Memory: 464896K Free: 180868K (39%)
----------------- Invoking toplevel() on ptolemy.moml.MoMLSimpleApplication@758de3ab
----------------- Done invoking toplevel() on ptolemy.moml.MoMLSimpleApplication@758de3ab
reloadAllAccessors: .DiscreteClock5

===========================================================================================
----------------- testing Sun Jun 23 04:44:15 UTC 2019 /home/travis/build/icyphy/ptII/ptolemy/actor/lib/test/auto/DiscreteClock6.xml
----------------- Instantiating /home/travis/build/icyphy/ptII/ptolemy/actor/lib/test/auto/DiscreteClock6.xml
1 ms. Memory: 464896K Free: 176262K (38%)
----------------- Invoking toplevel() on ptolemy.moml.MoMLSimpleApplication@20888574
----------------- Done invoking toplevel() on ptolemy.moml.MoMLSimpleApplication@20888574
reloadAllAccessors: .DiscreteClock6

===========================================================================================
----------------- testing Sun Jun 23 04:44:15 UTC 2019 /home/travis/build/icyphy/ptII/ptolemy/actor/lib/test/auto/DiscreteClock7.xml
----------------- Instantiating /home/travis/build/icyphy/ptII/ptolemy/actor/lib/test/auto/DiscreteClock7.xml
2 ms. Memory: 464896K Free: 171652K (37%)
----------------- Invoking toplevel() on ptolemy.moml.MoMLSimpleApplication@6d154aeb
----------------- Done invoking toplevel() on ptolemy.moml.MoMLSimpleApplication@6d154aeb
reloadAllAccessors: .DiscreteClock7

===========================================================================================
----------------- testing Sun Jun 23 04:44:15 UTC 2019 /home/travis/build/icyphy/ptII/ptolemy/actor/lib/test/auto/DiscreteClock8.xml
----------------- Instantiating /home/travis/build/icyphy/ptII/ptolemy/actor/lib/test/auto/DiscreteClock8.xml
2 ms. Memory: 464896K Free: 166022K (36%)
----------------- Invoking toplevel() on ptolemy.moml.MoMLSimpleApplication@6adb9d08
----------------- Done invoking toplevel() on ptolemy.moml.MoMLSimpleApplication@6adb9d08
reloadAllAccessors: .DiscreteClock8

===========================================================================================
----------------- testing Sun Jun 23 04:44:15 UTC 2019 /home/travis/build/icyphy/ptII/ptolemy/actor/lib/test/auto/DiscreteClock9.xml
----------------- Instantiating /home/travis/build/icyphy/ptII/ptolemy/actor/lib/test/auto/DiscreteClock9.xml
5 ms. Memory: 464896K Free: 160358K (34%)
----------------- Invoking toplevel() on ptolemy.moml.MoMLSimpleApplication@302b9652
----------------- Done invoking toplevel() on ptolemy.moml.MoMLSimpleApplication@302b9652
reloadAllAccessors: .DiscreteClock9

===========================================================================================
----------------- testing Sun Jun 23 04:44:15 UTC 2019 /home/travis/build/icyphy/ptII/ptolemy/actor/lib/test/auto/DisplayArray.xml
----------------- Instantiating /home/travis/build/icyphy/ptII/ptolemy/actor/lib/test/auto/DisplayArray.xml
1 ms. Memory: 464896K Free: 156806K (34%)
----------------- Invoking toplevel() on ptolemy.moml.MoMLSimpleApplication@61f53927
----------------- Done invoking toplevel() on ptolemy.moml.MoMLSimpleApplication@61f53927
reloadAllAccessors: .DisplayArray

===========================================================================================
----------------- testing Sun Jun 23 04:44:15 UTC 2019 /home/travis/build/icyphy/ptII/ptolemy/actor/lib/test/auto/Distributor.xml
----------------- Instantiating /home/travis/build/icyphy/ptII/ptolemy/actor/lib/test/auto/Distributor.xml
1 ms. Memory: 464896K Free: 151686K (33%)
----------------- Invoking toplevel() on ptolemy.moml.MoMLSimpleApplication@23c69122
----------------- Done invoking toplevel() on ptolemy.moml.MoMLSimpleApplication@23c69122
reloadAllAccessors: .Distributor

===========================================================================================
----------------- testing Sun Jun 23 04:44:15 UTC 2019 /home/travis/build/icyphy/ptII/ptolemy/actor/lib/test/auto/Distributor2.xml
----------------- Instantiating /home/travis/build/icyphy/ptII/ptolemy/actor/lib/test/auto/Distributor2.xml
2 ms. Memory: 464896K Free: 147076K (32%)
----------------- Invoking toplevel() on ptolemy.moml.MoMLSimpleApplication@1d1c5cb5
----------------- Done invoking toplevel() on ptolemy.moml.MoMLSimpleApplication@1d1c5cb5
reloadAllAccessors: .Distributor2

===========================================================================================
----------------- testing Sun Jun 23 04:44:15 UTC 2019 /home/travis/build/icyphy/ptII/ptolemy/actor/lib/test/auto/DownSample.xml
----------------- Instantiating /home/travis/build/icyphy/ptII/ptolemy/actor/lib/test/auto/DownSample.xml
28 ms. Memory: 636928K Free: 587307K (92%)
----------------- Invoking toplevel() on ptolemy.moml.MoMLSimpleApplication@32ca929f
----------------- Done invoking toplevel() on ptolemy.moml.MoMLSimpleApplication@32ca929f
reloadAllAccessors: .DownSample

===========================================================================================
----------------- testing Sun Jun 23 04:44:15 UTC 2019 /home/travis/build/icyphy/ptII/ptolemy/actor/lib/test/auto/ElectronicUnitBase1.xml
----------------- Instantiating /home/travis/build/icyphy/ptII/ptolemy/actor/lib/test/auto/ElectronicUnitBase1.xml
19 ms. Memory: 636928K Free: 570923K (90%)
----------------- Invoking toplevel() on ptolemy.moml.MoMLSimpleApplication@44c30dc1
----------------- Done invoking toplevel() on ptolemy.moml.MoMLSimpleApplication@44c30dc1
reloadAllAccessors: .ElectronicUnitBase1

===========================================================================================
----------------- testing Sun Jun 23 04:44:15 UTC 2019 /home/travis/build/icyphy/ptII/ptolemy/actor/lib/test/auto/ElementsToArray.xml
----------------- Instantiating /home/travis/build/icyphy/ptII/ptolemy/actor/lib/test/auto/ElementsToArray.xml
3 ms. Memory: 636928K Free: 565803K (89%)
----------------- Invoking toplevel() on ptolemy.moml.MoMLSimpleApplication@4447e373
----------------- Done invoking toplevel() on ptolemy.moml.MoMLSimpleApplication@4447e373
reloadAllAccessors: .ElementsToArray

===========================================================================================
----------------- testing Sun Jun 23 04:44:15 UTC 2019 /home/travis/build/icyphy/ptII/ptolemy/actor/lib/test/auto/Equals.xml
----------------- Instantiating /home/travis/build/icyphy/ptII/ptolemy/actor/lib/test/auto/Equals.xml
4 ms. Memory: 636928K Free: 561193K (88%)
----------------- Invoking toplevel() on ptolemy.moml.MoMLSimpleApplication@617a768d
----------------- Done invoking toplevel() on ptolemy.moml.MoMLSimpleApplication@617a768d
reloadAllAccessors: .Equals

===========================================================================================
----------------- testing Sun Jun 23 04:44:15 UTC 2019 /home/travis/build/icyphy/ptII/ptolemy/actor/lib/test/auto/Exec.xml
----------------- Instantiating /home/travis/build/icyphy/ptII/ptolemy/actor/lib/test/auto/Exec.xml
24 ms. Memory: 636928K Free: 556073K (87%)
----------------- Invoking toplevel() on ptolemy.moml.MoMLSimpleApplication@7a0b707d
----------------- Done invoking toplevel() on ptolemy.moml.MoMLSimpleApplication@7a0b707d
reloadAllAccessors: .Exec

===========================================================================================
----------------- testing Sun Jun 23 04:44:15 UTC 2019 /home/travis/build/icyphy/ptII/ptolemy/actor/lib/test/auto/ExecEnvironment.xml
----------------- Instantiating /home/travis/build/icyphy/ptII/ptolemy/actor/lib/test/auto/ExecEnvironment.xml
34 ms. Memory: 636928K Free: 550938K (86%)
----------------- Invoking toplevel() on ptolemy.moml.MoMLSimpleApplication@3bd19269
----------------- Done invoking toplevel() on ptolemy.moml.MoMLSimpleApplication@3bd19269
reloadAllAccessors: .ExecEnvironment

===========================================================================================
----------------- testing Sun Jun 23 04:44:15 UTC 2019 /home/travis/build/icyphy/ptII/ptolemy/actor/lib/test/auto/ExecNonZeroReturnOutput.xml
----------------- Instantiating /home/travis/build/icyphy/ptII/ptolemy/actor/lib/test/auto/ExecNonZeroReturnOutput.xml
191 ms. Memory: 636928K Free: 539689K (85%)
----------------- Invoking toplevel() on ptolemy.moml.MoMLSimpleApplication@2eb2823b
----------------- Done invoking toplevel() on ptolemy.moml.MoMLSimpleApplication@2eb2823b
reloadAllAccessors: .ExecNonZeroReturnOutput

===========================================================================================
----------------- testing Sun Jun 23 04:44:15 UTC 2019 /home/travis/build/icyphy/ptII/ptolemy/actor/lib/test/auto/ExecRunDemos.xml
----------------- Instantiating /home/travis/build/icyphy/ptII/ptolemy/actor/lib/test/auto/ExecRunDemos.xml
11527 ms. Memory: 636928K Free: 519723K (82%)

===========================================================================================
----------------- testing Sun Jun 23 04:44:27 UTC 2019 /home/travis/build/icyphy/ptII/ptolemy/actor/lib/test/auto/ExecStop.xml
----------------- Instantiating /home/travis/build/icyphy/ptII/ptolemy/actor/lib/test/auto/ExecStop.xml
5011 ms. Memory: 636928K Free: 397353K (62%)
----------------- Invoking toplevel() on ptolemy.moml.MoMLSimpleApplication@715338e8
----------------- Done invoking toplevel() on ptolemy.moml.MoMLSimpleApplication@715338e8
reloadAllAccessors: .ExecStop

===========================================================================================
----------------- testing Sun Jun 23 04:44:32 UTC 2019 /home/travis/build/icyphy/ptII/ptolemy/actor/lib/test/auto/ExecutionTimeSDF.xml
----------------- Instantiating /home/travis/build/icyphy/ptII/ptolemy/actor/lib/test/auto/ExecutionTimeSDF.xml
Fired ExecutionTime: -1816967296
Fired ExecutionTime: 1066000000
Fired ExecutionTime: -1054167296
6008 ms. Memory: 636928K Free: 385050K (60%)
----------------- Invoking toplevel() on ptolemy.moml.MoMLSimpleApplication@234c21fc
----------------- Done invoking toplevel() on ptolemy.moml.MoMLSimpleApplication@234c21fc
reloadAllAccessors: .ExecutionTimeSDF

===========================================================================================
----------------- testing Sun Jun 23 04:44:38 UTC 2019 /home/travis/build/icyphy/ptII/ptolemy/actor/lib/test/auto/Expression1.xml
----------------- Instantiating /home/travis/build/icyphy/ptII/ptolemy/actor/lib/test/auto/Expression1.xml
1 ms. Memory: 636928K Free: 381993K (60%)
----------------- Invoking toplevel() on ptolemy.moml.MoMLSimpleApplication@6ffa7d22
----------------- Done invoking toplevel() on ptolemy.moml.MoMLSimpleApplication@6ffa7d22
reloadAllAccessors: .Expression1

===========================================================================================
----------------- testing Sun Jun 23 04:44:38 UTC 2019 /home/travis/build/icyphy/ptII/ptolemy/actor/lib/test/auto/Expression10.xml
----------------- Instantiating /home/travis/build/icyphy/ptII/ptolemy/actor/lib/test/auto/Expression10.xml
5 ms. Memory: 636928K Free: 376363K (59%)
----------------- Invoking toplevel() on ptolemy.moml.MoMLSimpleApplication@982496d
----------------- Done invoking toplevel() on ptolemy.moml.MoMLSimpleApplication@982496d
reloadAllAccessors: .Expression10

===========================================================================================
----------------- testing Sun Jun 23 04:44:38 UTC 2019 /home/travis/build/icyphy/ptII/ptolemy/actor/lib/test/auto/Expression11.xml
----------------- Instantiating /home/travis/build/icyphy/ptII/ptolemy/actor/lib/test/auto/Expression11.xml
3 ms. Memory: 636928K Free: 371753K (58%)
----------------- Invoking toplevel() on ptolemy.moml.MoMLSimpleApplication@2527c74c
----------------- Done invoking toplevel() on ptolemy.moml.MoMLSimpleApplication@2527c74c
reloadAllAccessors: .Expression11

===========================================================================================
----------------- testing Sun Jun 23 04:44:38 UTC 2019 /home/travis/build/icyphy/ptII/ptolemy/actor/lib/test/auto/Expression12.xml
----------------- Instantiating /home/travis/build/icyphy/ptII/ptolemy/actor/lib/test/auto/Expression12.xml
2 ms. Memory: 636928K Free: 366123K (57%)
----------------- Invoking toplevel() on ptolemy.moml.MoMLSimpleApplication@1d4d29d3
----------------- Done invoking toplevel() on ptolemy.moml.MoMLSimpleApplication@1d4d29d3
reloadAllAccessors: .Expression12

===========================================================================================
----------------- testing Sun Jun 23 04:44:38 UTC 2019 /home/travis/build/icyphy/ptII/ptolemy/actor/lib/test/auto/Expression13.xml
----------------- Instantiating /home/travis/build/icyphy/ptII/ptolemy/actor/lib/test/auto/Expression13.xml
4 ms. Memory: 636928K Free: 361003K (57%)
----------------- Invoking toplevel() on ptolemy.moml.MoMLSimpleApplication@20fe5b2b
----------------- Done invoking toplevel() on ptolemy.moml.MoMLSimpleApplication@20fe5b2b
reloadAllAccessors: .Expression13

===========================================================================================
----------------- testing Sun Jun 23 04:44:38 UTC 2019 /home/travis/build/icyphy/ptII/ptolemy/actor/lib/test/auto/Expression14.xml
----------------- Instantiating /home/travis/build/icyphy/ptII/ptolemy/actor/lib/test/auto/Expression14.xml
4 ms. Memory: 636928K Free: 355369K (56%)
----------------- Invoking toplevel() on ptolemy.moml.MoMLSimpleApplication@3e355c17
----------------- Done invoking toplevel() on ptolemy.moml.MoMLSimpleApplication@3e355c17
reloadAllAccessors: .Expression14

===========================================================================================
----------------- testing Sun Jun 23 04:44:38 UTC 2019 /home/travis/build/icyphy/ptII/ptolemy/actor/lib/test/auto/Expression15.xml
----------------- Instantiating /home/travis/build/icyphy/ptII/ptolemy/actor/lib/test/auto/Expression15.xml
2 ms. Memory: 636928K Free: 351273K (55%)
----------------- Invoking toplevel() on ptolemy.moml.MoMLSimpleApplication@6b76719e
----------------- Done invoking toplevel() on ptolemy.moml.MoMLSimpleApplication@6b76719e
reloadAllAccessors: .Expression15

===========================================================================================
----------------- testing Sun Jun 23 04:44:38 UTC 2019 /home/travis/build/icyphy/ptII/ptolemy/actor/lib/test/auto/Expression16.xml
----------------- Instantiating /home/travis/build/icyphy/ptII/ptolemy/actor/lib/test/auto/Expression16.xml
2 ms. Memory: 636928K Free: 346153K (54%)
----------------- Invoking toplevel() on ptolemy.moml.MoMLSimpleApplication@560f75ba
----------------- Done invoking toplevel() on ptolemy.moml.MoMLSimpleApplication@560f75ba
reloadAllAccessors: .Expression16

===========================================================================================
----------------- testing Sun Jun 23 04:44:38 UTC 2019 /home/travis/build/icyphy/ptII/ptolemy/actor/lib/test/auto/Expression17.xml
----------------- Instantiating /home/travis/build/icyphy/ptII/ptolemy/actor/lib/test/auto/Expression17.xml
5 ms. Memory: 636928K Free: 341033K (54%)
----------------- Invoking toplevel() on ptolemy.moml.MoMLSimpleApplication@680d67cf
----------------- Done invoking toplevel() on ptolemy.moml.MoMLSimpleApplication@680d67cf
reloadAllAccessors: .Expression17

===========================================================================================
----------------- testing Sun Jun 23 04:44:38 UTC 2019 /home/travis/build/icyphy/ptII/ptolemy/actor/lib/test/auto/Expression18.xml
----------------- Instantiating /home/travis/build/icyphy/ptII/ptolemy/actor/lib/test/auto/Expression18.xml
2 ms. Memory: 636928K Free: 336425K (53%)
----------------- Invoking toplevel() on ptolemy.moml.MoMLSimpleApplication@7e0dde43
----------------- Done invoking toplevel() on ptolemy.moml.MoMLSimpleApplication@7e0dde43
reloadAllAccessors: .Expression18

===========================================================================================
----------------- testing Sun Jun 23 04:44:38 UTC 2019 /home/travis/build/icyphy/ptII/ptolemy/actor/lib/test/auto/Expression2.xml
----------------- Instantiating /home/travis/build/icyphy/ptII/ptolemy/actor/lib/test/auto/Expression2.xml
2 ms. Memory: 636928K Free: 331817K (52%)
----------------- Invoking toplevel() on ptolemy.moml.MoMLSimpleApplication@ecfd4b
----------------- Done invoking toplevel() on ptolemy.moml.MoMLSimpleApplication@ecfd4b
reloadAllAccessors: .Expression2

===========================================================================================
----------------- testing Sun Jun 23 04:44:38 UTC 2019 /home/travis/build/icyphy/ptII/ptolemy/actor/lib/test/auto/Expression3.xml
----------------- Instantiating /home/travis/build/icyphy/ptII/ptolemy/actor/lib/test/auto/Expression3.xml
3 ms. Memory: 636928K Free: 326697K (51%)
----------------- Invoking toplevel() on ptolemy.moml.MoMLSimpleApplication@6e3d5ff2
----------------- Done invoking toplevel() on ptolemy.moml.MoMLSimpleApplication@6e3d5ff2
reloadAllAccessors: .Expression3

===========================================================================================
----------------- testing Sun Jun 23 04:44:38 UTC 2019 /home/travis/build/icyphy/ptII/ptolemy/actor/lib/test/auto/Expression4.xml
----------------- Instantiating /home/travis/build/icyphy/ptII/ptolemy/actor/lib/test/auto/Expression4.xml
4 ms. Memory: 636928K Free: 319019K (50%)
----------------- Invoking toplevel() on ptolemy.moml.MoMLSimpleApplication@242730bf
----------------- Done invoking toplevel() on ptolemy.moml.MoMLSimpleApplication@242730bf
reloadAllAccessors: .Expression4

===========================================================================================
----------------- testing Sun Jun 23 04:44:38 UTC 2019 /home/travis/build/icyphy/ptII/ptolemy/actor/lib/test/auto/Expression5.xml
----------------- Instantiating /home/travis/build/icyphy/ptII/ptolemy/actor/lib/test/auto/Expression5.xml
3 ms. Memory: 636928K Free: 313899K (49%)
----------------- Invoking toplevel() on ptolemy.moml.MoMLSimpleApplication@3e333c4d
----------------- Done invoking toplevel() on ptolemy.moml.MoMLSimpleApplication@3e333c4d
reloadAllAccessors: .Expression5

===========================================================================================
----------------- testing Sun Jun 23 04:44:38 UTC 2019 /home/travis/build/icyphy/ptII/ptolemy/actor/lib/test/auto/Expression6.xml
----------------- Instantiating /home/travis/build/icyphy/ptII/ptolemy/actor/lib/test/auto/Expression6.xml
2 ms. Memory: 636928K Free: 309289K (49%)
----------------- Invoking toplevel() on ptolemy.moml.MoMLSimpleApplication@4738ae66
----------------- Done invoking toplevel() on ptolemy.moml.MoMLSimpleApplication@4738ae66
reloadAllAccessors: .Expression6

===========================================================================================
----------------- testing Sun Jun 23 04:44:38 UTC 2019 /home/travis/build/icyphy/ptII/ptolemy/actor/lib/test/auto/Expression7.xml
----------------- Instantiating /home/travis/build/icyphy/ptII/ptolemy/actor/lib/test/auto/Expression7.xml
2 ms. Memory: 636928K Free: 304169K (48%)
----------------- Invoking toplevel() on ptolemy.moml.MoMLSimpleApplication@3a6b0c3d
----------------- Done invoking toplevel() on ptolemy.moml.MoMLSimpleApplication@3a6b0c3d
reloadAllAccessors: .Expression7

===========================================================================================
----------------- testing Sun Jun 23 04:44:38 UTC 2019 /home/travis/build/icyphy/ptII/ptolemy/actor/lib/test/auto/Expression8.xml
----------------- Instantiating /home/travis/build/icyphy/ptII/ptolemy/actor/lib/test/auto/Expression8.xml
4 ms. Memory: 636928K Free: 299563K (47%)
----------------- Invoking toplevel() on ptolemy.moml.MoMLSimpleApplication@2e93f18c
----------------- Done invoking toplevel() on ptolemy.moml.MoMLSimpleApplication@2e93f18c
reloadAllAccessors: .Expression8

===========================================================================================
----------------- testing Sun Jun 23 04:44:38 UTC 2019 /home/travis/build/icyphy/ptII/ptolemy/actor/lib/test/auto/Expression9.xml
----------------- Instantiating /home/travis/build/icyphy/ptII/ptolemy/actor/lib/test/auto/Expression9.xml
1 ms. Memory: 636928K Free: 295467K (46%)
----------------- Invoking toplevel() on ptolemy.moml.MoMLSimpleApplication@757db117
----------------- Done invoking toplevel() on ptolemy.moml.MoMLSimpleApplication@757db117
reloadAllAccessors: .Expression9

===========================================================================================
----------------- testing Sun Jun 23 04:44:38 UTC 2019 /home/travis/build/icyphy/ptII/ptolemy/actor/lib/test/auto/ExpressionConcatenateArrayType.xml
----------------- Instantiating /home/travis/build/icyphy/ptII/ptolemy/actor/lib/test/auto/ExpressionConcatenateArrayType.xml
3 ms. Memory: 636928K Free: 288809K (45%)
----------------- Invoking toplevel() on ptolemy.moml.MoMLSimpleApplication@676e23d9
----------------- Done invoking toplevel() on ptolemy.moml.MoMLSimpleApplication@676e23d9
reloadAllAccessors: .ExpressionConcatenateArrayType

===========================================================================================
----------------- testing Sun Jun 23 04:44:38 UTC 2019 /home/travis/build/icyphy/ptII/ptolemy/actor/lib/test/auto/ExpressionConcatenateArrayType2.xml
----------------- Instantiating /home/travis/build/icyphy/ptII/ptolemy/actor/lib/test/auto/ExpressionConcatenateArrayType2.xml
2 ms. Memory: 636928K Free: 283689K (45%)
----------------- Invoking toplevel() on ptolemy.moml.MoMLSimpleApplication@6fae9bdf
----------------- Done invoking toplevel() on ptolemy.moml.MoMLSimpleApplication@6fae9bdf
reloadAllAccessors: .ExpressionConcatenateArrayType2

===========================================================================================
----------------- testing Sun Jun 23 04:44:38 UTC 2019 /home/travis/build/icyphy/ptII/ptolemy/actor/lib/test/auto/ExpressionFix.xml
----------------- Instantiating /home/travis/build/icyphy/ptII/ptolemy/actor/lib/test/auto/ExpressionFix.xml
26 ms. Memory: 636928K Free: 276521K (43%)
----------------- Invoking toplevel() on ptolemy.moml.MoMLSimpleApplication@5960ea44
----------------- Done invoking toplevel() on ptolemy.moml.MoMLSimpleApplication@5960ea44
reloadAllAccessors: .ExpressionFix

===========================================================================================
----------------- testing Sun Jun 23 04:44:38 UTC 2019 /home/travis/build/icyphy/ptII/ptolemy/actor/lib/test/auto/ExpressionFix2.xml
----------------- Instantiating /home/travis/build/icyphy/ptII/ptolemy/actor/lib/test/auto/ExpressionFix2.xml
2 ms. Memory: 636928K Free: 272425K (43%)
----------------- Invoking toplevel() on ptolemy.moml.MoMLSimpleApplication@457b4c7
----------------- Done invoking toplevel() on ptolemy.moml.MoMLSimpleApplication@457b4c7
reloadAllAccessors: .ExpressionFix2

===========================================================================================
----------------- testing Sun Jun 23 04:44:38 UTC 2019 /home/travis/build/icyphy/ptII/ptolemy/actor/lib/test/auto/ExpressionFix3.xml
----------------- Instantiating /home/travis/build/icyphy/ptII/ptolemy/actor/lib/test/auto/ExpressionFix3.xml
2 ms. Memory: 636928K Free: 268329K (42%)
----------------- Invoking toplevel() on ptolemy.moml.MoMLSimpleApplication@1e177fca
----------------- Done invoking toplevel() on ptolemy.moml.MoMLSimpleApplication@1e177fca
reloadAllAccessors: .ExpressionFix3

===========================================================================================
----------------- testing Sun Jun 23 04:44:38 UTC 2019 /home/travis/build/icyphy/ptII/ptolemy/actor/lib/test/auto/FileWriter1.xml
----------------- Instantiating /home/travis/build/icyphy/ptII/ptolemy/actor/lib/test/auto/FileWriter1.xml
2 ms. Memory: 636928K Free: 264233K (41%)
----------------- Invoking toplevel() on ptolemy.moml.MoMLSimpleApplication@316a3b63
----------------- Done invoking toplevel() on ptolemy.moml.MoMLSimpleApplication@316a3b63
reloadAllAccessors: .FileWriter1

===========================================================================================
----------------- testing Sun Jun 23 04:44:38 UTC 2019 /home/travis/build/icyphy/ptII/ptolemy/actor/lib/test/auto/FileWriter2.xml
----------------- Instantiating /home/travis/build/icyphy/ptII/ptolemy/actor/lib/test/auto/FileWriter2.xml
7 ms. Memory: 636928K Free: 259627K (41%)
----------------- Invoking toplevel() on ptolemy.moml.MoMLSimpleApplication@38832269
----------------- Done invoking toplevel() on ptolemy.moml.MoMLSimpleApplication@38832269
reloadAllAccessors: .FileWriter2

===========================================================================================
----------------- testing Sun Jun 23 04:44:38 UTC 2019 /home/travis/build/icyphy/ptII/ptolemy/actor/lib/test/auto/FileWriter3.xml
----------------- Instantiating /home/travis/build/icyphy/ptII/ptolemy/actor/lib/test/auto/FileWriter3.xml
4 ms. Memory: 636928K Free: 255531K (40%)
----------------- Invoking toplevel() on ptolemy.moml.MoMLSimpleApplication@dba75d1
----------------- Done invoking toplevel() on ptolemy.moml.MoMLSimpleApplication@dba75d1
reloadAllAccessors: .FileWriter3

===========================================================================================
----------------- testing Sun Jun 23 04:44:38 UTC 2019 /home/travis/build/icyphy/ptII/ptolemy/actor/lib/test/auto/Gaussian.xml
----------------- Instantiating /home/travis/build/icyphy/ptII/ptolemy/actor/lib/test/auto/Gaussian.xml
3 ms. Memory: 636928K Free: 250921K (39%)
----------------- Invoking toplevel() on ptolemy.moml.MoMLSimpleApplication@15281e3b
----------------- Done invoking toplevel() on ptolemy.moml.MoMLSimpleApplication@15281e3b
reloadAllAccessors: .Gaussian

===========================================================================================
----------------- testing Sun Jun 23 04:44:38 UTC 2019 /home/travis/build/icyphy/ptII/ptolemy/actor/lib/test/auto/Gaussian1.xml
----------------- Instantiating /home/travis/build/icyphy/ptII/ptolemy/actor/lib/test/auto/Gaussian1.xml
2 ms. Memory: 636928K Free: 245291K (39%)
----------------- Invoking toplevel() on ptolemy.moml.MoMLSimpleApplication@552f8109
----------------- Done invoking toplevel() on ptolemy.moml.MoMLSimpleApplication@552f8109
reloadAllAccessors: .Gaussian1

===========================================================================================
----------------- testing Sun Jun 23 04:44:38 UTC 2019 /home/travis/build/icyphy/ptII/ptolemy/actor/lib/test/auto/Gaussian2.xml
----------------- Instantiating /home/travis/build/icyphy/ptII/ptolemy/actor/lib/test/auto/Gaussian2.xml
32 ms. Memory: 636928K Free: 587289K (92%)
----------------- Invoking toplevel() on ptolemy.moml.MoMLSimpleApplication@7e38eab2
----------------- Done invoking toplevel() on ptolemy.moml.MoMLSimpleApplication@7e38eab2
reloadAllAccessors: .Gaussian2

===========================================================================================
----------------- testing Sun Jun 23 04:44:38 UTC 2019 /home/travis/build/icyphy/ptII/ptolemy/actor/lib/test/auto/GradientAdaptiveLattice.xml
----------------- Instantiating /home/travis/build/icyphy/ptII/ptolemy/actor/lib/test/auto/GradientAdaptiveLattice.xml
10 ms. Memory: 636928K Free: 581761K (91%)
----------------- Invoking toplevel() on ptolemy.moml.MoMLSimpleApplication@59ef4aae
----------------- Done invoking toplevel() on ptolemy.moml.MoMLSimpleApplication@59ef4aae
reloadAllAccessors: .GradientAdaptiveLattice

===========================================================================================
----------------- testing Sun Jun 23 04:44:39 UTC 2019 /home/travis/build/icyphy/ptII/ptolemy/actor/lib/test/auto/IIR.xml
----------------- Instantiating /home/travis/build/icyphy/ptII/ptolemy/actor/lib/test/auto/IIR.xml
2 ms. Memory: 636928K Free: 577151K (91%)
----------------- Invoking toplevel() on ptolemy.moml.MoMLSimpleApplication@3277a4b5
----------------- Done invoking toplevel() on ptolemy.moml.MoMLSimpleApplication@3277a4b5
reloadAllAccessors: .IIR

===========================================================================================
----------------- testing Sun Jun 23 04:44:39 UTC 2019 /home/travis/build/icyphy/ptII/ptolemy/actor/lib/test/auto/InputOutputTransparentPorts.xml
----------------- Instantiating /home/travis/build/icyphy/ptII/ptolemy/actor/lib/test/auto/InputOutputTransparentPorts.xml
2 ms. Memory: 636928K Free: 569983K (89%)
----------------- Invoking toplevel() on ptolemy.moml.MoMLSimpleApplication@75bff4f2
----------------- Done invoking toplevel() on ptolemy.moml.MoMLSimpleApplication@75bff4f2
reloadAllAccessors: .InputOutputTransparentPorts

===========================================================================================
----------------- testing Sun Jun 23 04:44:39 UTC 2019 /home/travis/build/icyphy/ptII/ptolemy/actor/lib/test/auto/Interpolator.xml
----------------- Instantiating /home/travis/build/icyphy/ptII/ptolemy/actor/lib/test/auto/Interpolator.xml
7 ms. Memory: 636928K Free: 565375K (89%)
----------------- Invoking toplevel() on ptolemy.moml.MoMLSimpleApplication@54700ceb
----------------- Done invoking toplevel() on ptolemy.moml.MoMLSimpleApplication@54700ceb
reloadAllAccessors: .Interpolator

===========================================================================================
----------------- testing Sun Jun 23 04:44:39 UTC 2019 /home/travis/build/icyphy/ptII/ptolemy/actor/lib/test/auto/InterpolatorFiringLimitDE.xml
----------------- Instantiating /home/travis/build/icyphy/ptII/ptolemy/actor/lib/test/auto/InterpolatorFiringLimitDE.xml
4 ms. Memory: 636928K Free: 559233K (88%)
----------------- Invoking toplevel() on ptolemy.moml.MoMLSimpleApplication@32cc7ff3
----------------- Done invoking toplevel() on ptolemy.moml.MoMLSimpleApplication@32cc7ff3
reloadAllAccessors: .InterpolatorFiringLimitDE

===========================================================================================
----------------- testing Sun Jun 23 04:44:39 UTC 2019 /home/travis/build/icyphy/ptII/ptolemy/actor/lib/test/auto/Lattice.xml
----------------- Instantiating /home/travis/build/icyphy/ptII/ptolemy/actor/lib/test/auto/Lattice.xml
1 ms. Memory: 636928K Free: 555137K (87%)
----------------- Invoking toplevel() on ptolemy.moml.MoMLSimpleApplication@5f263265
----------------- Done invoking toplevel() on ptolemy.moml.MoMLSimpleApplication@5f263265
reloadAllAccessors: .Lattice

===========================================================================================
----------------- testing Sun Jun 23 04:44:39 UTC 2019 /home/travis/build/icyphy/ptII/ptolemy/actor/lib/test/auto/LazyAOCTestLazy.xml
----------------- Instantiating /home/travis/build/icyphy/ptII/ptolemy/actor/lib/test/auto/LazyAOCTestLazy.xml
21 ms. Memory: 636928K Free: 549497K (86%)
----------------- Invoking toplevel() on ptolemy.moml.MoMLSimpleApplication@32d096e9
----------------- Done invoking toplevel() on ptolemy.moml.MoMLSimpleApplication@32d096e9
reloadAllAccessors: .LazyAOCTestLazy

===========================================================================================
----------------- testing Sun Jun 23 04:44:39 UTC 2019 /home/travis/build/icyphy/ptII/ptolemy/actor/lib/test/auto/LazyAOCTestNonLazy.xml
----------------- Instantiating /home/travis/build/icyphy/ptII/ptolemy/actor/lib/test/auto/LazyAOCTestNonLazy.xml
3 ms. Memory: 636928K Free: 543359K (85%)
----------------- Invoking toplevel() on ptolemy.moml.MoMLSimpleApplication@602955f5
----------------- Done invoking toplevel() on ptolemy.moml.MoMLSimpleApplication@602955f5
reloadAllAccessors: .LazyAOCTestNonLazy

===========================================================================================
----------------- testing Sun Jun 23 04:44:39 UTC 2019 /home/travis/build/icyphy/ptII/ptolemy/actor/lib/test/auto/LazyInnerClass.xml
----------------- Instantiating /home/travis/build/icyphy/ptII/ptolemy/actor/lib/test/auto/LazyInnerClass.xml
19 ms. Memory: 636928K Free: 534657K (84%)
----------------- Invoking toplevel() on ptolemy.moml.MoMLSimpleApplication@31abcc03
----------------- Done invoking toplevel() on ptolemy.moml.MoMLSimpleApplication@31abcc03
reloadAllAccessors: .LazyInnerClass

===========================================================================================
----------------- testing Sun Jun 23 04:44:39 UTC 2019 /home/travis/build/icyphy/ptII/ptolemy/actor/lib/test/auto/LazyPubSub.xml
----------------- Instantiating /home/travis/build/icyphy/ptII/ptolemy/actor/lib/test/auto/LazyPubSub.xml
22 ms. Memory: 636928K Free: 524927K (82%)
----------------- Invoking toplevel() on ptolemy.moml.MoMLSimpleApplication@4c82650a
----------------- Done invoking toplevel() on ptolemy.moml.MoMLSimpleApplication@4c82650a
reloadAllAccessors: .LazyPubSub

===========================================================================================
----------------- testing Sun Jun 23 04:44:39 UTC 2019 /home/travis/build/icyphy/ptII/ptolemy/actor/lib/test/auto/LazyPubSub2.xml
----------------- Instantiating /home/travis/build/icyphy/ptII/ptolemy/actor/lib/test/auto/LazyPubSub2.xml
21 ms. Memory: 636928K Free: 514687K (81%)
----------------- Invoking toplevel() on ptolemy.moml.MoMLSimpleApplication@417463b4
----------------- Done invoking toplevel() on ptolemy.moml.MoMLSimpleApplication@417463b4
reloadAllAccessors: .LazyPubSub2

===========================================================================================
----------------- testing Sun Jun 23 04:44:39 UTC 2019 /home/travis/build/icyphy/ptII/ptolemy/actor/lib/test/auto/LazyPubSub3.xml
----------------- Instantiating /home/travis/build/icyphy/ptII/ptolemy/actor/lib/test/auto/LazyPubSub3.xml
16 ms. Memory: 636928K Free: 504447K (79%)
----------------- Invoking toplevel() on ptolemy.moml.MoMLSimpleApplication@5279e15d
----------------- Done invoking toplevel() on ptolemy.moml.MoMLSimpleApplication@5279e15d
reloadAllAccessors: .LazyPubSub3

===========================================================================================
----------------- testing Sun Jun 23 04:44:39 UTC 2019 /home/travis/build/icyphy/ptII/ptolemy/actor/lib/test/auto/LazySubClassModel.xml
----------------- Instantiating /home/travis/build/icyphy/ptII/ptolemy/actor/lib/test/auto/LazySubClassModel.xml
2 ms. Memory: 636928K Free: 495231K (78%)
----------------- Invoking toplevel() on ptolemy.moml.MoMLSimpleApplication@20a3ee2d
----------------- Done invoking toplevel() on ptolemy.moml.MoMLSimpleApplication@20a3ee2d
reloadAllAccessors: .LazySubClassModel

===========================================================================================
----------------- testing Sun Jun 23 04:44:39 UTC 2019 /home/travis/build/icyphy/ptII/ptolemy/actor/lib/test/auto/LevelCrossTest1.xml
----------------- Instantiating /home/travis/build/icyphy/ptII/ptolemy/actor/lib/test/auto/LevelCrossTest1.xml
2 ms. Memory: 636928K Free: 489601K (77%)
----------------- Invoking toplevel() on ptolemy.moml.MoMLSimpleApplication@170d21e4
----------------- Done invoking toplevel() on ptolemy.moml.MoMLSimpleApplication@170d21e4
reloadAllAccessors: .broken

===========================================================================================
----------------- testing Sun Jun 23 04:44:39 UTC 2019 /home/travis/build/icyphy/ptII/ptolemy/actor/lib/test/auto/LevelCrossTest10.xml
----------------- Instantiating /home/travis/build/icyphy/ptII/ptolemy/actor/lib/test/auto/LevelCrossTest10.xml
1 ms. Memory: 636928K Free: 481919K (76%)
----------------- Invoking toplevel() on ptolemy.moml.MoMLSimpleApplication@5abf9399
----------------- Done invoking toplevel() on ptolemy.moml.MoMLSimpleApplication@5abf9399
reloadAllAccessors: .LevelCrossTest10

===========================================================================================
----------------- testing Sun Jun 23 04:44:39 UTC 2019 /home/travis/build/icyphy/ptII/ptolemy/actor/lib/test/auto/LevelCrossTest11.xml
----------------- Instantiating /home/travis/build/icyphy/ptII/ptolemy/actor/lib/test/auto/LevelCrossTest11.xml
1 ms. Memory: 636928K Free: 475265K (75%)
----------------- Invoking toplevel() on ptolemy.moml.MoMLSimpleApplication@4b172cba
----------------- Done invoking toplevel() on ptolemy.moml.MoMLSimpleApplication@4b172cba
reloadAllAccessors: .LevelCrossTest11

===========================================================================================
----------------- testing Sun Jun 23 04:44:39 UTC 2019 /home/travis/build/icyphy/ptII/ptolemy/actor/lib/test/auto/LevelCrossTest12.xml
----------------- Instantiating /home/travis/build/icyphy/ptII/ptolemy/actor/lib/test/auto/LevelCrossTest12.xml
2 ms. Memory: 636928K Free: 468607K (74%)
----------------- Invoking toplevel() on ptolemy.moml.MoMLSimpleApplication@5228de34
----------------- Done invoking toplevel() on ptolemy.moml.MoMLSimpleApplication@5228de34
reloadAllAccessors: .LevelCrossTest12

===========================================================================================
----------------- testing Sun Jun 23 04:44:39 UTC 2019 /home/travis/build/icyphy/ptII/ptolemy/actor/lib/test/auto/LevelCrossTest13.xml
----------------- Instantiating /home/travis/build/icyphy/ptII/ptolemy/actor/lib/test/auto/LevelCrossTest13.xml
1 ms. Memory: 636928K Free: 460929K (72%)
----------------- Invoking toplevel() on ptolemy.moml.MoMLSimpleApplication@76bd6c7a
----------------- Done invoking toplevel() on ptolemy.moml.MoMLSimpleApplication@76bd6c7a
reloadAllAccessors: .LevelCrossTest13

===========================================================================================
----------------- testing Sun Jun 23 04:44:39 UTC 2019 /home/travis/build/icyphy/ptII/ptolemy/actor/lib/test/auto/LevelCrossTest2.xml
----------------- Instantiating /home/travis/build/icyphy/ptII/ptolemy/actor/lib/test/auto/LevelCrossTest2.xml
1 ms. Memory: 636928K Free: 455295K (71%)
----------------- Invoking toplevel() on ptolemy.moml.MoMLSimpleApplication@f02c1f5
----------------- Done invoking toplevel() on ptolemy.moml.MoMLSimpleApplication@f02c1f5
reloadAllAccessors: .broken

===========================================================================================
----------------- testing Sun Jun 23 04:44:39 UTC 2019 /home/travis/build/icyphy/ptII/ptolemy/actor/lib/test/auto/LevelCrossTest3.xml
----------------- Instantiating /home/travis/build/icyphy/ptII/ptolemy/actor/lib/test/auto/LevelCrossTest3.xml
2 ms. Memory: 636928K Free: 449151K (71%)
----------------- Invoking toplevel() on ptolemy.moml.MoMLSimpleApplication@6acab54f
----------------- Done invoking toplevel() on ptolemy.moml.MoMLSimpleApplication@6acab54f
reloadAllAccessors: .LevelCrossTest3

===========================================================================================
----------------- testing Sun Jun 23 04:44:39 UTC 2019 /home/travis/build/icyphy/ptII/ptolemy/actor/lib/test/auto/LevelCrossTest4.xml
----------------- Instantiating /home/travis/build/icyphy/ptII/ptolemy/actor/lib/test/auto/LevelCrossTest4.xml
1 ms. Memory: 636928K Free: 443521K (70%)
----------------- Invoking toplevel() on ptolemy.moml.MoMLSimpleApplication@74ad3f69
----------------- Done invoking toplevel() on ptolemy.moml.MoMLSimpleApplication@74ad3f69
reloadAllAccessors: .broken

===========================================================================================
----------------- testing Sun Jun 23 04:44:39 UTC 2019 /home/travis/build/icyphy/ptII/ptolemy/actor/lib/test/auto/LevelCrossTest5.xml
----------------- Instantiating /home/travis/build/icyphy/ptII/ptolemy/actor/lib/test/auto/LevelCrossTest5.xml
11 ms. Memory: 636928K Free: 436863K (69%)
----------------- Invoking toplevel() on ptolemy.moml.MoMLSimpleApplication@71d82867
----------------- Done invoking toplevel() on ptolemy.moml.MoMLSimpleApplication@71d82867
reloadAllAccessors: .LevelCrossTest5

===========================================================================================
----------------- testing Sun Jun 23 04:44:39 UTC 2019 /home/travis/build/icyphy/ptII/ptolemy/actor/lib/test/auto/LevelCrossTest6.xml
----------------- Instantiating /home/travis/build/icyphy/ptII/ptolemy/actor/lib/test/auto/LevelCrossTest6.xml
2 ms. Memory: 636928K Free: 430209K (68%)
----------------- Invoking toplevel() on ptolemy.moml.MoMLSimpleApplication@4cf0afff
----------------- Done invoking toplevel() on ptolemy.moml.MoMLSimpleApplication@4cf0afff
reloadAllAccessors: .LevelCrossTest6

===========================================================================================
----------------- testing Sun Jun 23 04:44:39 UTC 2019 /home/travis/build/icyphy/ptII/ptolemy/actor/lib/test/auto/LevelCrossTest7.xml
----------------- Instantiating /home/travis/build/icyphy/ptII/ptolemy/actor/lib/test/auto/LevelCrossTest7.xml
2 ms. Memory: 636928K Free: 422527K (66%)
----------------- Invoking toplevel() on ptolemy.moml.MoMLSimpleApplication@7b31e0c
----------------- Done invoking toplevel() on ptolemy.moml.MoMLSimpleApplication@7b31e0c
reloadAllAccessors: .LevelCrossTest7

===========================================================================================
----------------- testing Sun Jun 23 04:44:39 UTC 2019 /home/travis/build/icyphy/ptII/ptolemy/actor/lib/test/auto/LevelCrossTest8.xml
----------------- Instantiating /home/travis/build/icyphy/ptII/ptolemy/actor/lib/test/auto/LevelCrossTest8.xml
2 ms. Memory: 636928K Free: 415359K (65%)
----------------- Invoking toplevel() on ptolemy.moml.MoMLSimpleApplication@193d876c
----------------- Done invoking toplevel() on ptolemy.moml.MoMLSimpleApplication@193d876c
reloadAllAccessors: .LevelCrossTest8

===========================================================================================
----------------- testing Sun Jun 23 04:44:39 UTC 2019 /home/travis/build/icyphy/ptII/ptolemy/actor/lib/test/auto/LevelCrossTest9.xml
----------------- Instantiating /home/travis/build/icyphy/ptII/ptolemy/actor/lib/test/auto/LevelCrossTest9.xml
2 ms. Memory: 636928K Free: 408191K (64%)
----------------- Invoking toplevel() on ptolemy.moml.MoMLSimpleApplication@5883eff1
----------------- Done invoking toplevel() on ptolemy.moml.MoMLSimpleApplication@5883eff1
reloadAllAccessors: .LevelCrossTest9

===========================================================================================
----------------- testing Sun Jun 23 04:44:39 UTC 2019 /home/travis/build/icyphy/ptII/ptolemy/actor/lib/test/auto/LevinsonDurbin.xml
----------------- Instantiating /home/travis/build/icyphy/ptII/ptolemy/actor/lib/test/auto/LevinsonDurbin.xml
3 ms. Memory: 636928K Free: 404095K (63%)
----------------- Invoking toplevel() on ptolemy.moml.MoMLSimpleApplication@740a7c5e
----------------- Done invoking toplevel() on ptolemy.moml.MoMLSimpleApplication@740a7c5e
reloadAllAccessors: .LevinsonDurbin

===========================================================================================
----------------- testing Sun Jun 23 04:44:39 UTC 2019 /home/travis/build/icyphy/ptII/ptolemy/actor/lib/test/auto/LevinsonDurbin2.xml
----------------- Instantiating /home/travis/build/icyphy/ptII/ptolemy/actor/lib/test/auto/LevinsonDurbin2.xml
2 ms. Memory: 636928K Free: 400513K (63%)
----------------- Invoking toplevel() on ptolemy.moml.MoMLSimpleApplication@45543673
----------------- Done invoking toplevel() on ptolemy.moml.MoMLSimpleApplication@45543673
reloadAllAccessors: .LevinsonDurbin2

===========================================================================================
----------------- testing Sun Jun 23 04:44:39 UTC 2019 /home/travis/build/icyphy/ptII/ptolemy/actor/lib/test/auto/LevinsonDurbin3.xml
----------------- Instantiating /home/travis/build/icyphy/ptII/ptolemy/actor/lib/test/auto/LevinsonDurbin3.xml
2 ms. Memory: 636928K Free: 396417K (62%)
----------------- Invoking toplevel() on ptolemy.moml.MoMLSimpleApplication@20d29a3b
----------------- Done invoking toplevel() on ptolemy.moml.MoMLSimpleApplication@20d29a3b
reloadAllAccessors: .LevinsonDurbin3

===========================================================================================
----------------- testing Sun Jun 23 04:44:39 UTC 2019 /home/travis/build/icyphy/ptII/ptolemy/actor/lib/test/auto/Limiter.xml
----------------- Instantiating /home/travis/build/icyphy/ptII/ptolemy/actor/lib/test/auto/Limiter.xml
5 ms. Memory: 636928K Free: 387201K (61%)
----------------- Invoking toplevel() on ptolemy.moml.MoMLSimpleApplication@672184c8
----------------- Done invoking toplevel() on ptolemy.moml.MoMLSimpleApplication@672184c8
reloadAllAccessors: .Limiter

===========================================================================================
----------------- testing Sun Jun 23 04:44:39 UTC 2019 /home/travis/build/icyphy/ptII/ptolemy/actor/lib/test/auto/LinearDifferenceEquationSystem.xml
----------------- Instantiating /home/travis/build/icyphy/ptII/ptolemy/actor/lib/test/auto/LinearDifferenceEquationSystem.xml
4 ms. Memory: 636928K Free: 380033K (60%)
----------------- Invoking toplevel() on ptolemy.moml.MoMLSimpleApplication@21fc278e
----------------- Done invoking toplevel() on ptolemy.moml.MoMLSimpleApplication@21fc278e
reloadAllAccessors: .LinearDifferenceEquationSystem

===========================================================================================
----------------- testing Sun Jun 23 04:44:39 UTC 2019 /home/travis/build/icyphy/ptII/ptolemy/actor/lib/test/auto/LookupTable.xml
----------------- Instantiating /home/travis/build/icyphy/ptII/ptolemy/actor/lib/test/auto/LookupTable.xml
2 ms. Memory: 636928K Free: 375423K (59%)
----------------- Invoking toplevel() on ptolemy.moml.MoMLSimpleApplication@74f967ba
----------------- Done invoking toplevel() on ptolemy.moml.MoMLSimpleApplication@74f967ba
reloadAllAccessors: .LookupTable

===========================================================================================
----------------- testing Sun Jun 23 04:44:39 UTC 2019 /home/travis/build/icyphy/ptII/ptolemy/actor/lib/test/auto/MathFunction.xml
----------------- Instantiating /home/travis/build/icyphy/ptII/ptolemy/actor/lib/test/auto/MathFunction.xml
2 ms. Memory: 636928K Free: 367231K (58%)
----------------- Invoking toplevel() on ptolemy.moml.MoMLSimpleApplication@2c7a5fc1
----------------- Done invoking toplevel() on ptolemy.moml.MoMLSimpleApplication@2c7a5fc1
reloadAllAccessors: .MathFunction

===========================================================================================
----------------- testing Sun Jun 23 04:44:39 UTC 2019 /home/travis/build/icyphy/ptII/ptolemy/actor/lib/test/auto/MathFunction2.xml
----------------- Instantiating /home/travis/build/icyphy/ptII/ptolemy/actor/lib/test/auto/MathFunction2.xml
2 ms. Memory: 636928K Free: 363135K (57%)
----------------- Invoking toplevel() on ptolemy.moml.MoMLSimpleApplication@71c89e52
----------------- Done invoking toplevel() on ptolemy.moml.MoMLSimpleApplication@71c89e52
reloadAllAccessors: .MathFunction2

===========================================================================================
----------------- testing Sun Jun 23 04:44:39 UTC 2019 /home/travis/build/icyphy/ptII/ptolemy/actor/lib/test/auto/MathFunction3.xml
----------------- Instantiating /home/travis/build/icyphy/ptII/ptolemy/actor/lib/test/auto/MathFunction3.xml
1 ms. Memory: 636928K Free: 355967K (56%)
----------------- Invoking toplevel() on ptolemy.moml.MoMLSimpleApplication@2c5f254
----------------- Done invoking toplevel() on ptolemy.moml.MoMLSimpleApplication@2c5f254
reloadAllAccessors: .MathFunction3

===========================================================================================
----------------- testing Sun Jun 23 04:44:39 UTC 2019 /home/travis/build/icyphy/ptII/ptolemy/actor/lib/test/auto/MatrixCropBoolean.xml
----------------- Instantiating /home/travis/build/icyphy/ptII/ptolemy/actor/lib/test/auto/MatrixCropBoolean.xml
2 ms. Memory: 636928K Free: 350833K (55%)
----------------- Invoking toplevel() on ptolemy.moml.MoMLSimpleApplication@2cae48b2
----------------- Done invoking toplevel() on ptolemy.moml.MoMLSimpleApplication@2cae48b2
reloadAllAccessors: .MatrixCropBoolean

===========================================================================================
----------------- testing Sun Jun 23 04:44:39 UTC 2019 /home/travis/build/icyphy/ptII/ptolemy/actor/lib/test/auto/MatrixCropComplex.xml
----------------- Instantiating /home/travis/build/icyphy/ptII/ptolemy/actor/lib/test/auto/MatrixCropComplex.xml
1 ms. Memory: 636928K Free: 345713K (54%)
----------------- Invoking toplevel() on ptolemy.moml.MoMLSimpleApplication@567b07c7
----------------- Done invoking toplevel() on ptolemy.moml.MoMLSimpleApplication@567b07c7
reloadAllAccessors: .MatrixCropComplex

===========================================================================================
----------------- testing Sun Jun 23 04:44:39 UTC 2019 /home/travis/build/icyphy/ptII/ptolemy/actor/lib/test/auto/MatrixCropDouble.xml
----------------- Instantiating /home/travis/build/icyphy/ptII/ptolemy/actor/lib/test/auto/MatrixCropDouble.xml
2 ms. Memory: 636928K Free: 341121K (54%)
----------------- Invoking toplevel() on ptolemy.moml.MoMLSimpleApplication@4ebbed3e
----------------- Done invoking toplevel() on ptolemy.moml.MoMLSimpleApplication@4ebbed3e
reloadAllAccessors: .MatrixCropDouble

===========================================================================================
----------------- testing Sun Jun 23 04:44:39 UTC 2019 /home/travis/build/icyphy/ptII/ptolemy/actor/lib/test/auto/MatrixCropFix.xml
----------------- Instantiating /home/travis/build/icyphy/ptII/ptolemy/actor/lib/test/auto/MatrixCropFix.xml
1 ms. Memory: 636928K Free: 336001K (53%)
----------------- Invoking toplevel() on ptolemy.moml.MoMLSimpleApplication@6e7432c8
----------------- Done invoking toplevel() on ptolemy.moml.MoMLSimpleApplication@6e7432c8
reloadAllAccessors: .MatrixCropFix

===========================================================================================
----------------- testing Sun Jun 23 04:44:39 UTC 2019 /home/travis/build/icyphy/ptII/ptolemy/actor/lib/test/auto/MatrixCropInt.xml
----------------- Instantiating /home/travis/build/icyphy/ptII/ptolemy/actor/lib/test/auto/MatrixCropInt.xml
2 ms. Memory: 636928K Free: 331377K (52%)
----------------- Invoking toplevel() on ptolemy.moml.MoMLSimpleApplication@7ca33565
----------------- Done invoking toplevel() on ptolemy.moml.MoMLSimpleApplication@7ca33565
reloadAllAccessors: .MatrixCropInt

===========================================================================================
----------------- testing Sun Jun 23 04:44:39 UTC 2019 /home/travis/build/icyphy/ptII/ptolemy/actor/lib/test/auto/MatrixCropLong.xml
----------------- Instantiating /home/travis/build/icyphy/ptII/ptolemy/actor/lib/test/auto/MatrixCropLong.xml
2 ms. Memory: 636928K Free: 326785K (51%)
----------------- Invoking toplevel() on ptolemy.moml.MoMLSimpleApplication@77a61372
----------------- Done invoking toplevel() on ptolemy.moml.MoMLSimpleApplication@77a61372
reloadAllAccessors: .MatrixCropLong

===========================================================================================
----------------- testing Sun Jun 23 04:44:39 UTC 2019 /home/travis/build/icyphy/ptII/ptolemy/actor/lib/test/auto/MatrixToArray.xml
----------------- Instantiating /home/travis/build/icyphy/ptII/ptolemy/actor/lib/test/auto/MatrixToArray.xml
12 ms. Memory: 636928K Free: 311935K (49%)
----------------- Invoking toplevel() on ptolemy.moml.MoMLSimpleApplication@575d909
----------------- Done invoking toplevel() on ptolemy.moml.MoMLSimpleApplication@575d909
reloadAllAccessors: .MatrixToArray

===========================================================================================
----------------- testing Sun Jun 23 04:44:40 UTC 2019 /home/travis/build/icyphy/ptII/ptolemy/actor/lib/test/auto/MaxIndex.xml
----------------- Instantiating /home/travis/build/icyphy/ptII/ptolemy/actor/lib/test/auto/MaxIndex.xml
3 ms. Memory: 636928K Free: 306815K (48%)
----------------- Invoking toplevel() on ptolemy.moml.MoMLSimpleApplication@6d92a1aa
----------------- Done invoking toplevel() on ptolemy.moml.MoMLSimpleApplication@6d92a1aa
reloadAllAccessors: .MaxIndex

===========================================================================================
----------------- testing Sun Jun 23 04:44:40 UTC 2019 /home/travis/build/icyphy/ptII/ptolemy/actor/lib/test/auto/Maximum.xml
----------------- Instantiating /home/travis/build/icyphy/ptII/ptolemy/actor/lib/test/auto/Maximum.xml
6 ms. Memory: 636928K Free: 300161K (47%)
----------------- Invoking toplevel() on ptolemy.moml.MoMLSimpleApplication@536ec179
----------------- Done invoking toplevel() on ptolemy.moml.MoMLSimpleApplication@536ec179
reloadAllAccessors: .Maximum

===========================================================================================
----------------- testing Sun Jun 23 04:44:40 UTC 2019 /home/travis/build/icyphy/ptII/ptolemy/actor/lib/test/auto/MaximumComplex.xml
----------------- Instantiating /home/travis/build/icyphy/ptII/ptolemy/actor/lib/test/auto/MaximumComplex.xml
5 ms. Memory: 636928K Free: 294017K (46%)
----------------- Invoking toplevel() on ptolemy.moml.MoMLSimpleApplication@471d7e26
----------------- Done invoking toplevel() on ptolemy.moml.MoMLSimpleApplication@471d7e26
reloadAllAccessors: .MaximumComplex

===========================================================================================
----------------- testing Sun Jun 23 04:44:40 UTC 2019 /home/travis/build/icyphy/ptII/ptolemy/actor/lib/test/auto/MethodCallTest.xml
----------------- Instantiating /home/travis/build/icyphy/ptII/ptolemy/actor/lib/test/auto/MethodCallTest.xml
3 ms. Memory: 636928K Free: 287359K (45%)
----------------- Invoking toplevel() on ptolemy.moml.MoMLSimpleApplication@4ad6271f
----------------- Done invoking toplevel() on ptolemy.moml.MoMLSimpleApplication@4ad6271f
reloadAllAccessors: .MethodCallTest

===========================================================================================
----------------- testing Sun Jun 23 04:44:40 UTC 2019 /home/travis/build/icyphy/ptII/ptolemy/actor/lib/test/auto/Minimum.xml
----------------- Instantiating /home/travis/build/icyphy/ptII/ptolemy/actor/lib/test/auto/Minimum.xml
2 ms. Memory: 636928K Free: 281201K (44%)
----------------- Invoking toplevel() on ptolemy.moml.MoMLSimpleApplication@65a7fe72
----------------- Done invoking toplevel() on ptolemy.moml.MoMLSimpleApplication@65a7fe72
reloadAllAccessors: .Minimum

===========================================================================================
----------------- testing Sun Jun 23 04:44:40 UTC 2019 /home/travis/build/icyphy/ptII/ptolemy/actor/lib/test/auto/MinimumComplex.xml
----------------- Instantiating /home/travis/build/icyphy/ptII/ptolemy/actor/lib/test/auto/MinimumComplex.xml
4 ms. Memory: 636928K Free: 275041K (43%)
----------------- Invoking toplevel() on ptolemy.moml.MoMLSimpleApplication@32d361a
----------------- Done invoking toplevel() on ptolemy.moml.MoMLSimpleApplication@32d361a
reloadAllAccessors: .MinimumComplex

===========================================================================================
----------------- testing Sun Jun 23 04:44:40 UTC 2019 /home/travis/build/icyphy/ptII/ptolemy/actor/lib/test/auto/MinimumMultiports.xml
----------------- Instantiating /home/travis/build/icyphy/ptII/ptolemy/actor/lib/test/auto/MinimumMultiports.xml
5 ms. Memory: 636928K Free: 266369K (42%)
----------------- Invoking toplevel() on ptolemy.moml.MoMLSimpleApplication@6eea672d
----------------- Done invoking toplevel() on ptolemy.moml.MoMLSimpleApplication@6eea672d
reloadAllAccessors: .MinimumMultiports

===========================================================================================
----------------- testing Sun Jun 23 04:44:40 UTC 2019 /home/travis/build/icyphy/ptII/ptolemy/actor/lib/test/auto/ModifyDate.xml
----------------- Instantiating /home/travis/build/icyphy/ptII/ptolemy/actor/lib/test/auto/ModifyDate.xml
10 ms. Memory: 636928K Free: 253567K (40%)
----------------- Invoking toplevel() on ptolemy.moml.MoMLSimpleApplication@7c4d6b89
----------------- Done invoking toplevel() on ptolemy.moml.MoMLSimpleApplication@7c4d6b89
reloadAllAccessors: .ModifyDate

===========================================================================================
----------------- testing Sun Jun 23 04:44:40 UTC 2019 /home/travis/build/icyphy/ptII/ptolemy/actor/lib/test/auto/ModifyDate2.xml
----------------- Instantiating /home/travis/build/icyphy/ptII/ptolemy/actor/lib/test/auto/ModifyDate2.xml
4 ms. Memory: 636928K Free: 244865K (38%)
----------------- Invoking toplevel() on ptolemy.moml.MoMLSimpleApplication@25c2283b
----------------- Done invoking toplevel() on ptolemy.moml.MoMLSimpleApplication@25c2283b
reloadAllAccessors: .ModifyDate2

===========================================================================================
----------------- testing Sun Jun 23 04:44:40 UTC 2019 /home/travis/build/icyphy/ptII/ptolemy/actor/lib/test/auto/MovingAverage.xml
----------------- Instantiating /home/travis/build/icyphy/ptII/ptolemy/actor/lib/test/auto/MovingAverage.xml
5 ms. Memory: 636928K Free: 239745K (38%)
----------------- Invoking toplevel() on ptolemy.moml.MoMLSimpleApplication@f91f773
----------------- Done invoking toplevel() on ptolemy.moml.MoMLSimpleApplication@f91f773
reloadAllAccessors: .MovingAverage

===========================================================================================
----------------- testing Sun Jun 23 04:44:40 UTC 2019 /home/travis/build/icyphy/ptII/ptolemy/actor/lib/test/auto/MovingMaximum.xml
----------------- Instantiating /home/travis/build/icyphy/ptII/ptolemy/actor/lib/test/auto/MovingMaximum.xml
1 ms. Memory: 636928K Free: 235135K (37%)
----------------- Invoking toplevel() on ptolemy.moml.MoMLSimpleApplication@b52e0be
----------------- Done invoking toplevel() on ptolemy.moml.MoMLSimpleApplication@b52e0be
reloadAllAccessors: .MovingMaximum

===========================================================================================
----------------- testing Sun Jun 23 04:44:40 UTC 2019 /home/travis/build/icyphy/ptII/ptolemy/actor/lib/test/auto/MultipleLinksToSameRelation.xml
----------------- Instantiating /home/travis/build/icyphy/ptII/ptolemy/actor/lib/test/auto/MultipleLinksToSameRelation.xml
5 ms. Memory: 636928K Free: 231039K (36%)
----------------- Invoking toplevel() on ptolemy.moml.MoMLSimpleApplication@2f515395
----------------- Done invoking toplevel() on ptolemy.moml.MoMLSimpleApplication@2f515395
reloadAllAccessors: .MultipleLinksToSameRelation

===========================================================================================
----------------- testing Sun Jun 23 04:44:40 UTC 2019 /home/travis/build/icyphy/ptII/ptolemy/actor/lib/test/auto/MultipleLinksToSameRelationDE.xml
----------------- Instantiating /home/travis/build/icyphy/ptII/ptolemy/actor/lib/test/auto/MultipleLinksToSameRelationDE.xml
11 ms. Memory: 636928K Free: 226433K (36%)
----------------- Invoking toplevel() on ptolemy.moml.MoMLSimpleApplication@482052c
----------------- Done invoking toplevel() on ptolemy.moml.MoMLSimpleApplication@482052c
reloadAllAccessors: .MultipleLinksToSameRelationDE

===========================================================================================
----------------- testing Sun Jun 23 04:44:40 UTC 2019 /home/travis/build/icyphy/ptII/ptolemy/actor/lib/test/auto/Multiplexor.xml
----------------- Instantiating /home/travis/build/icyphy/ptII/ptolemy/actor/lib/test/auto/Multiplexor.xml
2 ms. Memory: 636928K Free: 221313K (35%)
----------------- Invoking toplevel() on ptolemy.moml.MoMLSimpleApplication@3dd6178a
----------------- Done invoking toplevel() on ptolemy.moml.MoMLSimpleApplication@3dd6178a
reloadAllAccessors: .Multiplexor

===========================================================================================
----------------- testing Sun Jun 23 04:44:40 UTC 2019 /home/travis/build/icyphy/ptII/ptolemy/actor/lib/test/auto/Multiplexor1.xml
----------------- Instantiating /home/travis/build/icyphy/ptII/ptolemy/actor/lib/test/auto/Multiplexor1.xml
3 ms. Memory: 636928K Free: 215665K (34%)
----------------- Invoking toplevel() on ptolemy.moml.MoMLSimpleApplication@30e84b3a
----------------- Done invoking toplevel() on ptolemy.moml.MoMLSimpleApplication@30e84b3a
reloadAllAccessors: .Multiplexor1

===========================================================================================
----------------- testing Sun Jun 23 04:44:40 UTC 2019 /home/travis/build/icyphy/ptII/ptolemy/actor/lib/test/auto/Multiplexor2.xml
----------------- Instantiating /home/travis/build/icyphy/ptII/ptolemy/actor/lib/test/auto/Multiplexor2.xml
3 ms. Memory: 636928K Free: 584295K (92%)
----------------- Invoking toplevel() on ptolemy.moml.MoMLSimpleApplication@2b7a29ff
----------------- Done invoking toplevel() on ptolemy.moml.MoMLSimpleApplication@2b7a29ff
reloadAllAccessors: .Multiplexor2

===========================================================================================
----------------- testing Sun Jun 23 04:44:40 UTC 2019 /home/travis/build/icyphy/ptII/ptolemy/actor/lib/test/auto/Multiplexor3.xml
----------------- Instantiating /home/travis/build/icyphy/ptII/ptolemy/actor/lib/test/auto/Multiplexor3.xml
2 ms. Memory: 636928K Free: 579685K (91%)
----------------- Invoking toplevel() on ptolemy.moml.MoMLSimpleApplication@42c0bfbd
----------------- Done invoking toplevel() on ptolemy.moml.MoMLSimpleApplication@42c0bfbd
reloadAllAccessors: .Multiplexor3

===========================================================================================
----------------- testing Sun Jun 23 04:44:40 UTC 2019 /home/travis/build/icyphy/ptII/ptolemy/actor/lib/test/auto/MultiplexorDE.xml
----------------- Instantiating /home/travis/build/icyphy/ptII/ptolemy/actor/lib/test/auto/MultiplexorDE.xml
2 ms. Memory: 636928K Free: 572007K (90%)
----------------- Invoking toplevel() on ptolemy.moml.MoMLSimpleApplication@2c060982
----------------- Done invoking toplevel() on ptolemy.moml.MoMLSimpleApplication@2c060982
reloadAllAccessors: .MultiplexorDE

===========================================================================================
----------------- testing Sun Jun 23 04:44:40 UTC 2019 /home/travis/build/icyphy/ptII/ptolemy/actor/lib/test/auto/MultiportBroadcastTest.xml
----------------- Instantiating /home/travis/build/icyphy/ptII/ptolemy/actor/lib/test/auto/MultiportBroadcastTest.xml
99 ms. Memory: 636928K Free: 565863K (89%)
----------------- Invoking toplevel() on ptolemy.moml.MoMLSimpleApplication@7dbeccd7
----------------- Done invoking toplevel() on ptolemy.moml.MoMLSimpleApplication@7dbeccd7
reloadAllAccessors: .MultiportBroadcastTest

===========================================================================================
----------------- testing Sun Jun 23 04:44:40 UTC 2019 /home/travis/build/icyphy/ptII/ptolemy/actor/lib/test/auto/MultiportOutHangDuringGetWidth.xml
----------------- Instantiating /home/travis/build/icyphy/ptII/ptolemy/actor/lib/test/auto/MultiportOutHangDuringGetWidth.xml
5 ms. Memory: 636928K Free: 554085K (87%)
----------------- Invoking toplevel() on ptolemy.moml.MoMLSimpleApplication@1b2cd886
----------------- Done invoking toplevel() on ptolemy.moml.MoMLSimpleApplication@1b2cd886
reloadAllAccessors: .MultiportOutHangDuringGetWidth

===========================================================================================
----------------- testing Sun Jun 23 04:44:40 UTC 2019 /home/travis/build/icyphy/ptII/ptolemy/actor/lib/test/auto/NilToken.xml
----------------- Instantiating /home/travis/build/icyphy/ptII/ptolemy/actor/lib/test/auto/NilToken.xml
1 ms. Memory: 636928K Free: 549989K (86%)
----------------- Invoking toplevel() on ptolemy.moml.MoMLSimpleApplication@7f247315
----------------- Done invoking toplevel() on ptolemy.moml.MoMLSimpleApplication@7f247315
reloadAllAccessors: .NilToken

===========================================================================================
----------------- testing Sun Jun 23 04:44:40 UTC 2019 /home/travis/build/icyphy/ptII/ptolemy/actor/lib/test/auto/NilTokenNonStrictTest.xml
----------------- Instantiating /home/travis/build/icyphy/ptII/ptolemy/actor/lib/test/auto/NilTokenNonStrictTest.xml
3 ms. Memory: 636928K Free: 544869K (86%)
----------------- Invoking toplevel() on ptolemy.moml.MoMLSimpleApplication@47d8e22d
----------------- Done invoking toplevel() on ptolemy.moml.MoMLSimpleApplication@47d8e22d
reloadAllAccessors: .NilTokenNonStrictTest

===========================================================================================
----------------- testing Sun Jun 23 04:44:40 UTC 2019 /home/travis/build/icyphy/ptII/ptolemy/actor/lib/test/auto/NilTokenRecord.xml
----------------- Instantiating /home/travis/build/icyphy/ptII/ptolemy/actor/lib/test/auto/NilTokenRecord.xml
7 ms. Memory: 636928K Free: 538215K (85%)
----------------- Invoking toplevel() on ptolemy.moml.MoMLSimpleApplication@3020f0ce
----------------- Done invoking toplevel() on ptolemy.moml.MoMLSimpleApplication@3020f0ce
reloadAllAccessors: .NilTokenRecord

===========================================================================================
----------------- testing Sun Jun 23 04:44:40 UTC 2019 /home/travis/build/icyphy/ptII/ptolemy/actor/lib/test/auto/NilTokenTypeTest.xml
----------------- Instantiating /home/travis/build/icyphy/ptII/ptolemy/actor/lib/test/auto/NilTokenTypeTest.xml
13 ms. Memory: 636928K Free: 528485K (83%)
----------------- Invoking toplevel() on ptolemy.moml.MoMLSimpleApplication@64a82487
----------------- Done invoking toplevel() on ptolemy.moml.MoMLSimpleApplication@64a82487
reloadAllAccessors: .NilTokenTypeTest

===========================================================================================
----------------- testing Sun Jun 23 04:44:40 UTC 2019 /home/travis/build/icyphy/ptII/ptolemy/actor/lib/test/auto/ObjectToken1.xml
----------------- Instantiating /home/travis/build/icyphy/ptII/ptolemy/actor/lib/test/auto/ObjectToken1.xml
4 ms. Memory: 636928K Free: 524389K (82%)
----------------- Invoking toplevel() on ptolemy.moml.MoMLSimpleApplication@4cd55aa4
----------------- Done invoking toplevel() on ptolemy.moml.MoMLSimpleApplication@4cd55aa4
reloadAllAccessors: .ObjectToken1

===========================================================================================
----------------- testing Sun Jun 23 04:44:40 UTC 2019 /home/travis/build/icyphy/ptII/ptolemy/actor/lib/test/auto/OrderedMerge.xml
----------------- Instantiating /home/travis/build/icyphy/ptII/ptolemy/actor/lib/test/auto/OrderedMerge.xml
7 ms. Memory: 636928K Free: 518759K (81%)
----------------- Invoking toplevel() on ptolemy.moml.MoMLSimpleApplication@531b03f
----------------- Done invoking toplevel() on ptolemy.moml.MoMLSimpleApplication@531b03f
reloadAllAccessors: .OrderedMerge

===========================================================================================
----------------- testing Sun Jun 23 04:44:40 UTC 2019 /home/travis/build/icyphy/ptII/ptolemy/actor/lib/test/auto/OrderedRecordDisassembler.xml
----------------- Instantiating /home/travis/build/icyphy/ptII/ptolemy/actor/lib/test/auto/OrderedRecordDisassembler.xml
3 ms. Memory: 636928K Free: 513639K (81%)
----------------- Invoking toplevel() on ptolemy.moml.MoMLSimpleApplication@64b0a72d
----------------- Done invoking toplevel() on ptolemy.moml.MoMLSimpleApplication@64b0a72d
reloadAllAccessors: .OrderedRecordDisassembler

===========================================================================================
----------------- testing Sun Jun 23 04:44:40 UTC 2019 /home/travis/build/icyphy/ptII/ptolemy/actor/lib/test/auto/OrderedRecordDisassembler2.xml
----------------- Instantiating /home/travis/build/icyphy/ptII/ptolemy/actor/lib/test/auto/OrderedRecordDisassembler2.xml
5 ms. Memory: 636928K Free: 505951K (79%)
----------------- Invoking toplevel() on ptolemy.moml.MoMLSimpleApplication@27d5008c
----------------- Done invoking toplevel() on ptolemy.moml.MoMLSimpleApplication@27d5008c
reloadAllAccessors: .OrderedRecordDisassembler2

===========================================================================================
----------------- testing Sun Jun 23 04:44:40 UTC 2019 /home/travis/build/icyphy/ptII/ptolemy/actor/lib/test/auto/OrderedRecordUpdater.xml
----------------- Instantiating /home/travis/build/icyphy/ptII/ptolemy/actor/lib/test/auto/OrderedRecordUpdater.xml
2 ms. Memory: 636928K Free: 500837K (79%)
----------------- Invoking toplevel() on ptolemy.moml.MoMLSimpleApplication@1fcaf84d
----------------- Done invoking toplevel() on ptolemy.moml.MoMLSimpleApplication@1fcaf84d
reloadAllAccessors: .RecordUpdater

===========================================================================================
----------------- testing Sun Jun 23 04:44:40 UTC 2019 /home/travis/build/icyphy/ptII/ptolemy/actor/lib/test/auto/OrderedRecordUpdater2.xml
----------------- Instantiating /home/travis/build/icyphy/ptII/ptolemy/actor/lib/test/auto/OrderedRecordUpdater2.xml
3 ms. Memory: 636928K Free: 495717K (78%)
----------------- Invoking toplevel() on ptolemy.moml.MoMLSimpleApplication@7b4e8a4c
----------------- Done invoking toplevel() on ptolemy.moml.MoMLSimpleApplication@7b4e8a4c
reloadAllAccessors: .RecordUpdater2

===========================================================================================
----------------- testing Sun Jun 23 04:44:40 UTC 2019 /home/travis/build/icyphy/ptII/ptolemy/actor/lib/test/auto/PhaseUnwrap.xml
----------------- Instantiating /home/travis/build/icyphy/ptII/ptolemy/actor/lib/test/auto/PhaseUnwrap.xml
1 ms. Memory: 636928K Free: 491111K (77%)
----------------- Invoking toplevel() on ptolemy.moml.MoMLSimpleApplication@14fd14fd
----------------- Done invoking toplevel() on ptolemy.moml.MoMLSimpleApplication@14fd14fd
reloadAllAccessors: .PhaseUnwrap

===========================================================================================
----------------- testing Sun Jun 23 04:44:40 UTC 2019 /home/travis/build/icyphy/ptII/ptolemy/actor/lib/test/auto/PoissonClock.xml
----------------- Instantiating /home/travis/build/icyphy/ptII/ptolemy/actor/lib/test/auto/PoissonClock.xml
2 ms. Memory: 636928K Free: 487015K (76%)
----------------- Invoking toplevel() on ptolemy.moml.MoMLSimpleApplication@7becf5db
----------------- Done invoking toplevel() on ptolemy.moml.MoMLSimpleApplication@7becf5db
reloadAllAccessors: .PoissonClock

===========================================================================================
----------------- testing Sun Jun 23 04:44:40 UTC 2019 /home/travis/build/icyphy/ptII/ptolemy/actor/lib/test/auto/PoissonClock2.xml
----------------- Instantiating /home/travis/build/icyphy/ptII/ptolemy/actor/lib/test/auto/PoissonClock2.xml
2 ms. Memory: 636928K Free: 482405K (76%)
----------------- Invoking toplevel() on ptolemy.moml.MoMLSimpleApplication@695ba455
----------------- Done invoking toplevel() on ptolemy.moml.MoMLSimpleApplication@695ba455
reloadAllAccessors: .PoissonClock2

===========================================================================================
----------------- testing Sun Jun 23 04:44:40 UTC 2019 /home/travis/build/icyphy/ptII/ptolemy/actor/lib/test/auto/PoissonClock3.xml
----------------- Instantiating /home/travis/build/icyphy/ptII/ptolemy/actor/lib/test/auto/PoissonClock3.xml
2 ms. Memory: 636928K Free: 477799K (75%)
----------------- Invoking toplevel() on ptolemy.moml.MoMLSimpleApplication@51022e1c
----------------- Done invoking toplevel() on ptolemy.moml.MoMLSimpleApplication@51022e1c
reloadAllAccessors: .PoissonClock3

===========================================================================================
----------------- testing Sun Jun 23 04:44:41 UTC 2019 /home/travis/build/icyphy/ptII/ptolemy/actor/lib/test/auto/PubSubWithInitialTokens.xml
----------------- Instantiating /home/travis/build/icyphy/ptII/ptolemy/actor/lib/test/auto/PubSubWithInitialTokens.xml
4 ms. Memory: 636928K Free: 472159K (74%)
----------------- Invoking toplevel() on ptolemy.moml.MoMLSimpleApplication@63d14349
----------------- Done invoking toplevel() on ptolemy.moml.MoMLSimpleApplication@63d14349
reloadAllAccessors: .PubSubWithInitialTokens

===========================================================================================
----------------- testing Sun Jun 23 04:44:41 UTC 2019 /home/travis/build/icyphy/ptII/ptolemy/actor/lib/test/auto/PubSubWithInitialTokens2.xml
----------------- Instantiating /home/travis/build/icyphy/ptII/ptolemy/actor/lib/test/auto/PubSubWithInitialTokens2.xml
3 ms. Memory: 636928K Free: 466015K (73%)
----------------- Invoking toplevel() on ptolemy.moml.MoMLSimpleApplication@7c2c081d
----------------- Done invoking toplevel() on ptolemy.moml.MoMLSimpleApplication@7c2c081d
reloadAllAccessors: .PubSubWithInitialTokens2

===========================================================================================
----------------- testing Sun Jun 23 04:44:41 UTC 2019 /home/travis/build/icyphy/ptII/ptolemy/actor/lib/test/auto/PublisherClassNoParameter.xml
----------------- Instantiating /home/travis/build/icyphy/ptII/ptolemy/actor/lib/test/auto/PublisherClassNoParameter.xml
2 ms. Memory: 636928K Free: 455271K (71%)
----------------- Invoking toplevel() on ptolemy.moml.MoMLSimpleApplication@1d92ce47
----------------- Done invoking toplevel() on ptolemy.moml.MoMLSimpleApplication@1d92ce47
reloadAllAccessors: .PublisherClassNoParameter

===========================================================================================
----------------- testing Sun Jun 23 04:44:41 UTC 2019 /home/travis/build/icyphy/ptII/ptolemy/actor/lib/test/auto/PublisherClassParameter.xml
----------------- Instantiating /home/travis/build/icyphy/ptII/ptolemy/actor/lib/test/auto/PublisherClassParameter.xml
2 ms. Memory: 636928K Free: 444517K (70%)
----------------- Invoking toplevel() on ptolemy.moml.MoMLSimpleApplication@3381a18d
----------------- Done invoking toplevel() on ptolemy.moml.MoMLSimpleApplication@3381a18d
reloadAllAccessors: .PublisherClassParameter

===========================================================================================
----------------- testing Sun Jun 23 04:44:41 UTC 2019 /home/travis/build/icyphy/ptII/ptolemy/actor/lib/test/auto/PublisherNonStrictTest.xml
----------------- Instantiating /home/travis/build/icyphy/ptII/ptolemy/actor/lib/test/auto/PublisherNonStrictTest.xml
3 ms. Memory: 636928K Free: 436839K (69%)
----------------- Invoking toplevel() on ptolemy.moml.MoMLSimpleApplication@66c01c59
----------------- Done invoking toplevel() on ptolemy.moml.MoMLSimpleApplication@66c01c59
reloadAllAccessors: .PublisherNonStrictTest

===========================================================================================
----------------- testing Sun Jun 23 04:44:41 UTC 2019 /home/travis/build/icyphy/ptII/ptolemy/actor/lib/test/auto/PublisherPort1.xml
----------------- Instantiating /home/travis/build/icyphy/ptII/ptolemy/actor/lib/test/auto/PublisherPort1.xml
2 ms. Memory: 636928K Free: 431191K (68%)
----------------- Invoking toplevel() on ptolemy.moml.MoMLSimpleApplication@678a11c2
----------------- Done invoking toplevel() on ptolemy.moml.MoMLSimpleApplication@678a11c2
reloadAllAccessors: .PublisherPort1

===========================================================================================
----------------- testing Sun Jun 23 04:44:41 UTC 2019 /home/travis/build/icyphy/ptII/ptolemy/actor/lib/test/auto/PublisherPort2.xml
----------------- Instantiating /home/travis/build/icyphy/ptII/ptolemy/actor/lib/test/auto/PublisherPort2.xml
9 ms. Memory: 636928K Free: 426085K (67%)
----------------- Invoking toplevel() on ptolemy.moml.MoMLSimpleApplication@4accbe22
----------------- Done invoking toplevel() on ptolemy.moml.MoMLSimpleApplication@4accbe22
reloadAllAccessors: .PublisherPort2

===========================================================================================
----------------- testing Sun Jun 23 04:44:41 UTC 2019 /home/travis/build/icyphy/ptII/ptolemy/actor/lib/test/auto/PublisherPort3.xml
----------------- Instantiating /home/travis/build/icyphy/ptII/ptolemy/actor/lib/test/auto/PublisherPort3.xml
3 ms. Memory: 636928K Free: 419431K (66%)
----------------- Invoking toplevel() on ptolemy.moml.MoMLSimpleApplication@3af7e358
----------------- Done invoking toplevel() on ptolemy.moml.MoMLSimpleApplication@3af7e358
reloadAllAccessors: .PublisherPort3

===========================================================================================
----------------- testing Sun Jun 23 04:44:41 UTC 2019 /home/travis/build/icyphy/ptII/ptolemy/actor/lib/test/auto/PublisherPort4.xml
----------------- Instantiating /home/travis/build/icyphy/ptII/ptolemy/actor/lib/test/auto/PublisherPort4.xml
2 ms. Memory: 636928K Free: 413791K (65%)
----------------- Invoking toplevel() on ptolemy.moml.MoMLSimpleApplication@7b798662
----------------- Done invoking toplevel() on ptolemy.moml.MoMLSimpleApplication@7b798662
reloadAllAccessors: .PublisherPort4

===========================================================================================
----------------- testing Sun Jun 23 04:44:41 UTC 2019 /home/travis/build/icyphy/ptII/ptolemy/actor/lib/test/auto/PublisherPort5.xml
----------------- Instantiating /home/travis/build/icyphy/ptII/ptolemy/actor/lib/test/auto/PublisherPort5.xml
4 ms. Memory: 636928K Free: 406119K (64%)
----------------- Invoking toplevel() on ptolemy.moml.MoMLSimpleApplication@691dc3a7
----------------- Done invoking toplevel() on ptolemy.moml.MoMLSimpleApplication@691dc3a7
reloadAllAccessors: .PublisherPort5

===========================================================================================
----------------- testing Sun Jun 23 04:44:41 UTC 2019 /home/travis/build/icyphy/ptII/ptolemy/actor/lib/test/auto/PublisherPort5LookAlike.xml
----------------- Instantiating /home/travis/build/icyphy/ptII/ptolemy/actor/lib/test/auto/PublisherPort5LookAlike.xml
9 ms. Memory: 636928K Free: 398437K (63%)
----------------- Invoking toplevel() on ptolemy.moml.MoMLSimpleApplication@beab215
----------------- Done invoking toplevel() on ptolemy.moml.MoMLSimpleApplication@beab215
reloadAllAccessors: .PublisherPort5LookAlike

===========================================================================================
----------------- testing Sun Jun 23 04:44:41 UTC 2019 /home/travis/build/icyphy/ptII/ptolemy/actor/lib/test/auto/PublisherPort6.xml
----------------- Instantiating /home/travis/build/icyphy/ptII/ptolemy/actor/lib/test/auto/PublisherPort6.xml
2 ms. Memory: 636928K Free: 391783K (62%)
----------------- Invoking toplevel() on ptolemy.moml.MoMLSimpleApplication@1688430b
----------------- Done invoking toplevel() on ptolemy.moml.MoMLSimpleApplication@1688430b
reloadAllAccessors: .PublisherPort6

===========================================================================================
----------------- testing Sun Jun 23 04:44:41 UTC 2019 /home/travis/build/icyphy/ptII/ptolemy/actor/lib/test/auto/PublisherPort7.xml
----------------- Instantiating /home/travis/build/icyphy/ptII/ptolemy/actor/lib/test/auto/PublisherPort7.xml
3 ms. Memory: 636928K Free: 384101K (60%)
----------------- Invoking toplevel() on ptolemy.moml.MoMLSimpleApplication@6569bb0c
----------------- Done invoking toplevel() on ptolemy.moml.MoMLSimpleApplication@6569bb0c
reloadAllAccessors: .PublisherPort7

===========================================================================================
----------------- testing Sun Jun 23 04:44:41 UTC 2019 /home/travis/build/icyphy/ptII/ptolemy/actor/lib/test/auto/PublisherPort8.xml
----------------- Instantiating /home/travis/build/icyphy/ptII/ptolemy/actor/lib/test/auto/PublisherPort8.xml
4 ms. Memory: 636928K Free: 374885K (59%)
----------------- Invoking toplevel() on ptolemy.moml.MoMLSimpleApplication@69d79b8e
----------------- Done invoking toplevel() on ptolemy.moml.MoMLSimpleApplication@69d79b8e
reloadAllAccessors: .PublisherPort8

===========================================================================================
----------------- testing Sun Jun 23 04:44:41 UTC 2019 /home/travis/build/icyphy/ptII/ptolemy/actor/lib/test/auto/PublisherPortSubscriberChannelVariablesAOC2.xml
----------------- Instantiating /home/travis/build/icyphy/ptII/ptolemy/actor/lib/test/auto/PublisherPortSubscriberChannelVariablesAOC2.xml
3 ms. Memory: 636928K Free: 357991K (56%)
----------------- Invoking toplevel() on ptolemy.moml.MoMLSimpleApplication@22ef5c94
----------------- Done invoking toplevel() on ptolemy.moml.MoMLSimpleApplication@22ef5c94
reloadAllAccessors: .PublisherPortSubscriberChannelVariablesAOC2

===========================================================================================
----------------- testing Sun Jun 23 04:44:41 UTC 2019 /home/travis/build/icyphy/ptII/ptolemy/actor/lib/test/auto/PublisherPortSubscriberOpaqueWidthInference.xml
----------------- Instantiating /home/travis/build/icyphy/ptII/ptolemy/actor/lib/test/auto/PublisherPortSubscriberOpaqueWidthInference.xml
3 ms. Memory: 636928K Free: 350295K (55%)
----------------- Invoking toplevel() on ptolemy.moml.MoMLSimpleApplication@6fd6733f
----------------- Done invoking toplevel() on ptolemy.moml.MoMLSimpleApplication@6fd6733f
reloadAllAccessors: .PublisherPortSubscriberOpaqueWidthInference

===========================================================================================
----------------- testing Sun Jun 23 04:44:41 UTC 2019 /home/travis/build/icyphy/ptII/ptolemy/actor/lib/test/auto/PublisherPortSubscriberPortAdjacent.xml
----------------- Instantiating /home/travis/build/icyphy/ptII/ptolemy/actor/lib/test/auto/PublisherPortSubscriberPortAdjacent.xml
2 ms. Memory: 636928K Free: 342117K (54%)
----------------- Invoking toplevel() on ptolemy.moml.MoMLSimpleApplication@16c2cf73
----------------- Done invoking toplevel() on ptolemy.moml.MoMLSimpleApplication@16c2cf73
reloadAllAccessors: .PublisherPortSubscriberPortAdjacent

===========================================================================================
----------------- testing Sun Jun 23 04:44:41 UTC 2019 /home/travis/build/icyphy/ptII/ptolemy/actor/lib/test/auto/PublisherPortSubscriberPortExpression.xml
----------------- Instantiating /home/travis/build/icyphy/ptII/ptolemy/actor/lib/test/auto/PublisherPortSubscriberPortExpression.xml
5 ms. Memory: 636928K Free: 334439K (53%)
----------------- Invoking toplevel() on ptolemy.moml.MoMLSimpleApplication@3bdbe4c7
----------------- Done invoking toplevel() on ptolemy.moml.MoMLSimpleApplication@3bdbe4c7
reloadAllAccessors: .PublisherPortSubscriberPortExpression

===========================================================================================
----------------- testing Sun Jun 23 04:44:41 UTC 2019 /home/travis/build/icyphy/ptII/ptolemy/actor/lib/test/auto/PublisherPortSubscriberPortOpaqueD3Reverse.xml
----------------- Instantiating /home/travis/build/icyphy/ptII/ptolemy/actor/lib/test/auto/PublisherPortSubscriberPortOpaqueD3Reverse.xml
6 ms. Memory: 636928K Free: 324199K (51%)
----------------- Invoking toplevel() on ptolemy.moml.MoMLSimpleApplication@54367fec
----------------- Done invoking toplevel() on ptolemy.moml.MoMLSimpleApplication@54367fec
reloadAllAccessors: .PublisherPortSubscriberPortOpaqueD3Reverse

===========================================================================================
----------------- testing Sun Jun 23 04:44:41 UTC 2019 /home/travis/build/icyphy/ptII/ptolemy/actor/lib/test/auto/PublisherPortSubscriberPortOpaqueWidthInference.xml
----------------- Instantiating /home/travis/build/icyphy/ptII/ptolemy/actor/lib/test/auto/PublisherPortSubscriberPortOpaqueWidthInference.xml
3 ms. Memory: 636928K Free: 316503K (50%)
----------------- Invoking toplevel() on ptolemy.moml.MoMLSimpleApplication@2b87eaca
----------------- Done invoking toplevel() on ptolemy.moml.MoMLSimpleApplication@2b87eaca
reloadAllAccessors: .PublisherPortSubscriberPortOpaqueWidthInference

===========================================================================================
----------------- testing Sun Jun 23 04:44:41 UTC 2019 /home/travis/build/icyphy/ptII/ptolemy/actor/lib/test/auto/PublisherPortToplevelSubscriberPortAOC.xml
----------------- Instantiating /home/travis/build/icyphy/ptII/ptolemy/actor/lib/test/auto/PublisherPortToplevelSubscriberPortAOC.xml
.PublisherPortToplevelSubscriberPortAOC.TestExceptionAttribute: initialize() was not invoked, but wrapup() was.  This is unusual, but not always a problem.  For example, exporting JNLP will do this.
1 ms. Memory: 636928K Free: 310887K (49%)
----------------- Invoking toplevel() on ptolemy.moml.MoMLSimpleApplication@60993bf2
----------------- Done invoking toplevel() on ptolemy.moml.MoMLSimpleApplication@60993bf2
reloadAllAccessors: .PublisherPortToplevelSubscriberPortAOC

===========================================================================================
----------------- testing Sun Jun 23 04:44:41 UTC 2019 /home/travis/build/icyphy/ptII/ptolemy/actor/lib/test/auto/PublisherSubscriber.xml
----------------- Instantiating /home/travis/build/icyphy/ptII/ptolemy/actor/lib/test/auto/PublisherSubscriber.xml
6 ms. Memory: 636928K Free: 302695K (48%)
----------------- Invoking toplevel() on ptolemy.moml.MoMLSimpleApplication@5dd3e253
----------------- Done invoking toplevel() on ptolemy.moml.MoMLSimpleApplication@5dd3e253
reloadAllAccessors: .PublisherSubscriber

===========================================================================================
----------------- testing Sun Jun 23 04:44:41 UTC 2019 /home/travis/build/icyphy/ptII/ptolemy/actor/lib/test/auto/PublisherSubscriber10.xml
----------------- Instantiating /home/travis/build/icyphy/ptII/ptolemy/actor/lib/test/auto/PublisherSubscriber10.xml
8 ms. Memory: 636928K Free: 292965K (46%)
----------------- Invoking toplevel() on ptolemy.moml.MoMLSimpleApplication@5c67b2c3
----------------- Done invoking toplevel() on ptolemy.moml.MoMLSimpleApplication@5c67b2c3
reloadAllAccessors: .PublisherSubscriber10

===========================================================================================
----------------- testing Sun Jun 23 04:44:41 UTC 2019 /home/travis/build/icyphy/ptII/ptolemy/actor/lib/test/auto/PublisherSubscriber10InitialOutputs.xml
----------------- Instantiating /home/travis/build/icyphy/ptII/ptolemy/actor/lib/test/auto/PublisherSubscriber10InitialOutputs.xml
14 ms. Memory: 636928K Free: 283749K (45%)
----------------- Invoking toplevel() on ptolemy.moml.MoMLSimpleApplication@271168f4
----------------- Done invoking toplevel() on ptolemy.moml.MoMLSimpleApplication@271168f4
reloadAllAccessors: .PublisherSubscriber10InitialOutputs

===========================================================================================
----------------- testing Sun Jun 23 04:44:41 UTC 2019 /home/travis/build/icyphy/ptII/ptolemy/actor/lib/test/auto/PublisherSubscriber11.xml
----------------- Instantiating /home/travis/build/icyphy/ptII/ptolemy/actor/lib/test/auto/PublisherSubscriber11.xml
4 ms. Memory: 636928K Free: 277591K (44%)
----------------- Invoking toplevel() on ptolemy.moml.MoMLSimpleApplication@2afd0f60
----------------- Done invoking toplevel() on ptolemy.moml.MoMLSimpleApplication@2afd0f60
reloadAllAccessors: .PublisherSubscriber11

===========================================================================================
----------------- testing Sun Jun 23 04:44:41 UTC 2019 /home/travis/build/icyphy/ptII/ptolemy/actor/lib/test/auto/PublisherSubscriber12.xml
----------------- Instantiating /home/travis/build/icyphy/ptII/ptolemy/actor/lib/test/auto/PublisherSubscriber12.xml
7 ms. Memory: 636928K Free: 270951K (43%)
----------------- Invoking toplevel() on ptolemy.moml.MoMLSimpleApplication@ea368b2
----------------- Done invoking toplevel() on ptolemy.moml.MoMLSimpleApplication@ea368b2
reloadAllAccessors: .PublisherSubscriber12

===========================================================================================
----------------- testing Sun Jun 23 04:44:41 UTC 2019 /home/travis/build/icyphy/ptII/ptolemy/actor/lib/test/auto/PublisherSubscriber13.xml
----------------- Instantiating /home/travis/build/icyphy/ptII/ptolemy/actor/lib/test/auto/PublisherSubscriber13.xml
2 ms. Memory: 636928K Free: 265303K (42%)
----------------- Invoking toplevel() on ptolemy.moml.MoMLSimpleApplication@40e6d038
----------------- Done invoking toplevel() on ptolemy.moml.MoMLSimpleApplication@40e6d038
reloadAllAccessors: .PublisherSubscriber13

===========================================================================================
----------------- testing Sun Jun 23 04:44:41 UTC 2019 /home/travis/build/icyphy/ptII/ptolemy/actor/lib/test/auto/PublisherSubscriber14.xml
----------------- Instantiating /home/travis/build/icyphy/ptII/ptolemy/actor/lib/test/auto/PublisherSubscriber14.xml
2 ms. Memory: 636928K Free: 256615K (40%)
----------------- Invoking toplevel() on ptolemy.moml.MoMLSimpleApplication@9c5f25d
----------------- Done invoking toplevel() on ptolemy.moml.MoMLSimpleApplication@9c5f25d
reloadAllAccessors: .PublisherSubscriber14

===========================================================================================
----------------- testing Sun Jun 23 04:44:41 UTC 2019 /home/travis/build/icyphy/ptII/ptolemy/actor/lib/test/auto/PublisherSubscriber2.xml
----------------- Instantiating /home/travis/build/icyphy/ptII/ptolemy/actor/lib/test/auto/PublisherSubscriber2.xml
3 ms. Memory: 636928K Free: 250471K (39%)
----------------- Invoking toplevel() on ptolemy.moml.MoMLSimpleApplication@347cb2f6
----------------- Done invoking toplevel() on ptolemy.moml.MoMLSimpleApplication@347cb2f6
reloadAllAccessors: .PublisherSubscriber2

===========================================================================================
----------------- testing Sun Jun 23 04:44:41 UTC 2019 /home/travis/build/icyphy/ptII/ptolemy/actor/lib/test/auto/PublisherSubscriber3.xml
----------------- Instantiating /home/travis/build/icyphy/ptII/ptolemy/actor/lib/test/auto/PublisherSubscriber3.xml
1 ms. Memory: 636928K Free: 244823K (38%)
----------------- Invoking toplevel() on ptolemy.moml.MoMLSimpleApplication@1ab86507
----------------- Done invoking toplevel() on ptolemy.moml.MoMLSimpleApplication@1ab86507
reloadAllAccessors: .PublisherSubscriber3

===========================================================================================
----------------- testing Sun Jun 23 04:44:41 UTC 2019 /home/travis/build/icyphy/ptII/ptolemy/actor/lib/test/auto/PublisherSubscriber4.xml
----------------- Instantiating /home/travis/build/icyphy/ptII/ptolemy/actor/lib/test/auto/PublisherSubscriber4.xml
2 ms. Memory: 636928K Free: 239207K (38%)
----------------- Invoking toplevel() on ptolemy.moml.MoMLSimpleApplication@4d6a8a10
----------------- Done invoking toplevel() on ptolemy.moml.MoMLSimpleApplication@4d6a8a10
reloadAllAccessors: .PublisherSubscriber4

===========================================================================================
----------------- testing Sun Jun 23 04:44:41 UTC 2019 /home/travis/build/icyphy/ptII/ptolemy/actor/lib/test/auto/PublisherSubscriber5.xml
----------------- Instantiating /home/travis/build/icyphy/ptII/ptolemy/actor/lib/test/auto/PublisherSubscriber5.xml
2 ms. Memory: 636928K Free: 232535K (37%)
----------------- Invoking toplevel() on ptolemy.moml.MoMLSimpleApplication@685aaa49
----------------- Done invoking toplevel() on ptolemy.moml.MoMLSimpleApplication@685aaa49
reloadAllAccessors: .PublisherSubscriber5

===========================================================================================
----------------- testing Sun Jun 23 04:44:41 UTC 2019 /home/travis/build/icyphy/ptII/ptolemy/actor/lib/test/auto/PublisherSubscriber6.xml
----------------- Instantiating /home/travis/build/icyphy/ptII/ptolemy/actor/lib/test/auto/PublisherSubscriber6.xml
5 ms. Memory: 636928K Free: 225895K (35%)
----------------- Invoking toplevel() on ptolemy.moml.MoMLSimpleApplication@3b64e6a1
----------------- Done invoking toplevel() on ptolemy.moml.MoMLSimpleApplication@3b64e6a1
reloadAllAccessors: .PublisherSubscriber6

===========================================================================================
----------------- testing Sun Jun 23 04:44:41 UTC 2019 /home/travis/build/icyphy/ptII/ptolemy/actor/lib/test/auto/PublisherSubscriber7.xml
----------------- Instantiating /home/travis/build/icyphy/ptII/ptolemy/actor/lib/test/auto/PublisherSubscriber7.xml
8 ms. Memory: 636928K Free: 219237K (34%)
----------------- Invoking toplevel() on ptolemy.moml.MoMLSimpleApplication@2f0da89b
----------------- Done invoking toplevel() on ptolemy.moml.MoMLSimpleApplication@2f0da89b
reloadAllAccessors: .PublisherSubscriber7

===========================================================================================
----------------- testing Sun Jun 23 04:44:41 UTC 2019 /home/travis/build/icyphy/ptII/ptolemy/actor/lib/test/auto/PublisherSubscriber8.xml
----------------- Instantiating /home/travis/build/icyphy/ptII/ptolemy/actor/lib/test/auto/PublisherSubscriber8.xml
61 ms. Memory: 636928K Free: 582927K (92%)
----------------- Invoking toplevel() on ptolemy.moml.MoMLSimpleApplication@371dc5b6
----------------- Done invoking toplevel() on ptolemy.moml.MoMLSimpleApplication@371dc5b6
reloadAllAccessors: .PublisherSubscriber8

===========================================================================================
----------------- testing Sun Jun 23 04:44:41 UTC 2019 /home/travis/build/icyphy/ptII/ptolemy/actor/lib/test/auto/PublisherSubscriber9.xml
----------------- Instantiating /home/travis/build/icyphy/ptII/ptolemy/actor/lib/test/auto/PublisherSubscriber9.xml
3 ms. Memory: 636928K Free: 575531K (90%)
----------------- Invoking toplevel() on ptolemy.moml.MoMLSimpleApplication@6b2bd774
----------------- Done invoking toplevel() on ptolemy.moml.MoMLSimpleApplication@6b2bd774
reloadAllAccessors: .PublisherSubscriber9

===========================================================================================
----------------- testing Sun Jun 23 04:44:41 UTC 2019 /home/travis/build/icyphy/ptII/ptolemy/actor/lib/test/auto/PublisherSubscriberAdjacent.xml
----------------- Instantiating /home/travis/build/icyphy/ptII/ptolemy/actor/lib/test/auto/PublisherSubscriberAdjacent.xml
2 ms. Memory: 636928K Free: 566825K (89%)
----------------- Invoking toplevel() on ptolemy.moml.MoMLSimpleApplication@2c3bb774
----------------- Done invoking toplevel() on ptolemy.moml.MoMLSimpleApplication@2c3bb774
reloadAllAccessors: .PublisherSubscriberAdjacent

===========================================================================================
----------------- testing Sun Jun 23 04:44:41 UTC 2019 /home/travis/build/icyphy/ptII/ptolemy/actor/lib/test/auto/PublisherSubscriberChannelVariablesAOC2.xml
----------------- Instantiating /home/travis/build/icyphy/ptII/ptolemy/actor/lib/test/auto/PublisherSubscriberChannelVariablesAOC2.xml
3 ms. Memory: 636928K Free: 551979K (87%)
----------------- Invoking toplevel() on ptolemy.moml.MoMLSimpleApplication@79ec040a
----------------- Done invoking toplevel() on ptolemy.moml.MoMLSimpleApplication@79ec040a
reloadAllAccessors: .PublisherSubscriberChannelVariablesAOC2

===========================================================================================
----------------- testing Sun Jun 23 04:44:41 UTC 2019 /home/travis/build/icyphy/ptII/ptolemy/actor/lib/test/auto/PublisherSubscriberD3.xml
----------------- Instantiating /home/travis/build/icyphy/ptII/ptolemy/actor/lib/test/auto/PublisherSubscriberD3.xml
1 ms. Memory: 636928K Free: 544811K (86%)
----------------- Invoking toplevel() on ptolemy.moml.MoMLSimpleApplication@1a420f2f
----------------- Done invoking toplevel() on ptolemy.moml.MoMLSimpleApplication@1a420f2f
reloadAllAccessors: .PublisherSubscriberD3

===========================================================================================
----------------- testing Sun Jun 23 04:44:41 UTC 2019 /home/travis/build/icyphy/ptII/ptolemy/actor/lib/test/auto/PublisherSubscriberD3Reverse.xml
----------------- Instantiating /home/travis/build/icyphy/ptII/ptolemy/actor/lib/test/auto/PublisherSubscriberD3Reverse.xml
2 ms. Memory: 636928K Free: 538667K (85%)
----------------- Invoking toplevel() on ptolemy.moml.MoMLSimpleApplication@1c1b1da7
----------------- Done invoking toplevel() on ptolemy.moml.MoMLSimpleApplication@1c1b1da7
reloadAllAccessors: .PublisherSubscriberD3Reverse

===========================================================================================
----------------- testing Sun Jun 23 04:44:41 UTC 2019 /home/travis/build/icyphy/ptII/ptolemy/actor/lib/test/auto/PublisherSubscriberExpression.xml
----------------- Instantiating /home/travis/build/icyphy/ptII/ptolemy/actor/lib/test/auto/PublisherSubscriberExpression.xml
4 ms. Memory: 636928K Free: 530475K (83%)
----------------- Invoking toplevel() on ptolemy.moml.MoMLSimpleApplication@1acd4d1f
----------------- Done invoking toplevel() on ptolemy.moml.MoMLSimpleApplication@1acd4d1f
reloadAllAccessors: .PublisherSubscriberExpression

===========================================================================================
----------------- testing Sun Jun 23 04:44:41 UTC 2019 /home/travis/build/icyphy/ptII/ptolemy/actor/lib/test/auto/PublisherSubscriberOpaque.xml
----------------- Instantiating /home/travis/build/icyphy/ptII/ptolemy/actor/lib/test/auto/PublisherSubscriberOpaque.xml
4 ms. Memory: 636928K Free: 522283K (82%)
----------------- Invoking toplevel() on ptolemy.moml.MoMLSimpleApplication@559f2d95
----------------- Done invoking toplevel() on ptolemy.moml.MoMLSimpleApplication@559f2d95
reloadAllAccessors: .PublisherSubscriberOpaque

===========================================================================================
----------------- testing Sun Jun 23 04:44:42 UTC 2019 /home/travis/build/icyphy/ptII/ptolemy/actor/lib/test/auto/PublisherSubscriberOpaqueD3.xml
----------------- Instantiating /home/travis/build/icyphy/ptII/ptolemy/actor/lib/test/auto/PublisherSubscriberOpaqueD3.xml
8 ms. Memory: 636928K Free: 510505K (80%)
----------------- Invoking toplevel() on ptolemy.moml.MoMLSimpleApplication@76e12b4a
----------------- Done invoking toplevel() on ptolemy.moml.MoMLSimpleApplication@76e12b4a
reloadAllAccessors: .PublisherSubscriberOpaqueD3

===========================================================================================
----------------- testing Sun Jun 23 04:44:42 UTC 2019 /home/travis/build/icyphy/ptII/ptolemy/actor/lib/test/auto/PublisherSubscriberOpaqueD3Reverse.xml
----------------- Instantiating /home/travis/build/icyphy/ptII/ptolemy/actor/lib/test/auto/PublisherSubscriberOpaqueD3Reverse.xml
8 ms. Memory: 636928K Free: 499755K (78%)
----------------- Invoking toplevel() on ptolemy.moml.MoMLSimpleApplication@1b2ca829
----------------- Done invoking toplevel() on ptolemy.moml.MoMLSimpleApplication@1b2ca829
reloadAllAccessors: .PublisherSubscriberOpaqueD3Reverse

===========================================================================================
----------------- testing Sun Jun 23 04:44:42 UTC 2019 /home/travis/build/icyphy/ptII/ptolemy/actor/lib/test/auto/PublisherSubscriberOpaqueWidthInference.xml
----------------- Instantiating /home/travis/build/icyphy/ptII/ptolemy/actor/lib/test/auto/PublisherSubscriberOpaqueWidthInference.xml
5 ms. Memory: 636928K Free: 491563K (77%)
----------------- Invoking toplevel() on ptolemy.moml.MoMLSimpleApplication@24a9d385
----------------- Done invoking toplevel() on ptolemy.moml.MoMLSimpleApplication@24a9d385
reloadAllAccessors: .PublisherSubscriberOpaqueWidthInference

===========================================================================================
----------------- testing Sun Jun 23 04:44:42 UTC 2019 /home/travis/build/icyphy/ptII/ptolemy/actor/lib/test/auto/PublisherTestSubscriber.xml
----------------- Instantiating /home/travis/build/icyphy/ptII/ptolemy/actor/lib/test/auto/PublisherTestSubscriber.xml
3 ms. Memory: 636928K Free: 483875K (76%)
----------------- Invoking toplevel() on ptolemy.moml.MoMLSimpleApplication@30f02708
----------------- Done invoking toplevel() on ptolemy.moml.MoMLSimpleApplication@30f02708
reloadAllAccessors: .PublisherTestSubscriber

===========================================================================================
----------------- testing Sun Jun 23 04:44:42 UTC 2019 /home/travis/build/icyphy/ptII/ptolemy/actor/lib/test/auto/PublisherToplevelSubscriberPortAOC.xml
----------------- Instantiating /home/travis/build/icyphy/ptII/ptolemy/actor/lib/test/auto/PublisherToplevelSubscriberPortAOC.xml
2 ms. Memory: 636928K Free: 477227K (75%)
----------------- Invoking toplevel() on ptolemy.moml.MoMLSimpleApplication@70a1ca35
----------------- Done invoking toplevel() on ptolemy.moml.MoMLSimpleApplication@70a1ca35
reloadAllAccessors: .PublisherToplevelSubscriberPortAOC

===========================================================================================
----------------- testing Sun Jun 23 04:44:42 UTC 2019 /home/travis/build/icyphy/ptII/ptolemy/actor/lib/test/auto/PulseFiringLimitDE.xml
----------------- Instantiating /home/travis/build/icyphy/ptII/ptolemy/actor/lib/test/auto/PulseFiringLimitDE.xml
2 ms. Memory: 636928K Free: 470569K (74%)
----------------- Invoking toplevel() on ptolemy.moml.MoMLSimpleApplication@3ea10cbb
----------------- Done invoking toplevel() on ptolemy.moml.MoMLSimpleApplication@3ea10cbb
reloadAllAccessors: .PulseFiringLimitDE

===========================================================================================
----------------- testing Sun Jun 23 04:44:42 UTC 2019 /home/travis/build/icyphy/ptII/ptolemy/actor/lib/test/auto/Ramp1.xml
----------------- Instantiating /home/travis/build/icyphy/ptII/ptolemy/actor/lib/test/auto/Ramp1.xml
1 ms. Memory: 636928K Free: 466467K (73%)
----------------- Invoking toplevel() on ptolemy.moml.MoMLSimpleApplication@5160c0cb
----------------- Done invoking toplevel() on ptolemy.moml.MoMLSimpleApplication@5160c0cb
reloadAllAccessors: .Ramp1

===========================================================================================
----------------- testing Sun Jun 23 04:44:42 UTC 2019 /home/travis/build/icyphy/ptII/ptolemy/actor/lib/test/auto/RampFiringLimitDE.xml
----------------- Instantiating /home/travis/build/icyphy/ptII/ptolemy/actor/lib/test/auto/RampFiringLimitDE.xml
2 ms. Memory: 636928K Free: 460315K (72%)
----------------- Invoking toplevel() on ptolemy.moml.MoMLSimpleApplication@73f7452b
----------------- Done invoking toplevel() on ptolemy.moml.MoMLSimpleApplication@73f7452b
reloadAllAccessors: .RampFiringLimitDE

===========================================================================================
----------------- testing Sun Jun 23 04:44:42 UTC 2019 /home/travis/build/icyphy/ptII/ptolemy/actor/lib/test/auto/RampFiringLimitSDF.xml
----------------- Instantiating /home/travis/build/icyphy/ptII/ptolemy/actor/lib/test/auto/RampFiringLimitSDF.xml
3 ms. Memory: 636928K Free: 455179K (71%)
----------------- Invoking toplevel() on ptolemy.moml.MoMLSimpleApplication@5b59ff4d
----------------- Done invoking toplevel() on ptolemy.moml.MoMLSimpleApplication@5b59ff4d
reloadAllAccessors: .RampFiringLimitSDF

===========================================================================================
----------------- testing Sun Jun 23 04:44:42 UTC 2019 /home/travis/build/icyphy/ptII/ptolemy/actor/lib/test/auto/RandomInteger.xml
----------------- Instantiating /home/travis/build/icyphy/ptII/ptolemy/actor/lib/test/auto/RandomInteger.xml
2 ms. Memory: 636928K Free: 451113K (71%)
----------------- Invoking toplevel() on ptolemy.moml.MoMLSimpleApplication@245ceb42
----------------- Done invoking toplevel() on ptolemy.moml.MoMLSimpleApplication@245ceb42
reloadAllAccessors: .RandomInteger

===========================================================================================
----------------- testing Sun Jun 23 04:44:42 UTC 2019 /home/travis/build/icyphy/ptII/ptolemy/actor/lib/test/auto/ReadFile1.xml
----------------- Instantiating /home/travis/build/icyphy/ptII/ptolemy/actor/lib/test/auto/ReadFile1.xml
1 ms. Memory: 636928K Free: 445979K (70%)
----------------- Invoking toplevel() on ptolemy.moml.MoMLSimpleApplication@7f14515f
----------------- Done invoking toplevel() on ptolemy.moml.MoMLSimpleApplication@7f14515f
reloadAllAccessors: .ReadFile1

===========================================================================================
----------------- testing Sun Jun 23 04:44:42 UTC 2019 /home/travis/build/icyphy/ptII/ptolemy/actor/lib/test/auto/ReadFile2.xml
----------------- Instantiating /home/travis/build/icyphy/ptII/ptolemy/actor/lib/test/auto/ReadFile2.xml
1 ms. Memory: 636928K Free: 441897K (69%)
----------------- Invoking toplevel() on ptolemy.moml.MoMLSimpleApplication@5aa9bf30
----------------- Done invoking toplevel() on ptolemy.moml.MoMLSimpleApplication@5aa9bf30
reloadAllAccessors: .ReadFile2

===========================================================================================
----------------- testing Sun Jun 23 04:44:42 UTC 2019 /home/travis/build/icyphy/ptII/ptolemy/actor/lib/test/auto/Reader.xml
----------------- Instantiating /home/travis/build/icyphy/ptII/ptolemy/actor/lib/test/auto/Reader.xml
actor.lib.Reader is obsolete, use actor.lib.io.ExpressionReader instead
2 ms. Memory: 636928K Free: 437801K (69%)
----------------- Invoking toplevel() on ptolemy.moml.MoMLSimpleApplication@f4ac50d
----------------- Done invoking toplevel() on ptolemy.moml.MoMLSimpleApplication@f4ac50d
reloadAllAccessors: .Reader

===========================================================================================
----------------- testing Sun Jun 23 04:44:42 UTC 2019 /home/travis/build/icyphy/ptII/ptolemy/actor/lib/test/auto/RecordAssemblerDisplayNameTest.xml
----------------- Instantiating /home/travis/build/icyphy/ptII/ptolemy/actor/lib/test/auto/RecordAssemblerDisplayNameTest.xml
3738 ms. Memory: 636928K Free: 369195K (58%)
----------------- Invoking toplevel() on ptolemy.moml.MoMLSimpleApplication@761ef800
----------------- Done invoking toplevel() on ptolemy.moml.MoMLSimpleApplication@761ef800
reloadAllAccessors: .RecordAssemblerDisplayNameTest

===========================================================================================
----------------- testing Sun Jun 23 04:44:46 UTC 2019 /home/travis/build/icyphy/ptII/ptolemy/actor/lib/test/auto/RecordAssemblerTypeError.xml
----------------- Instantiating /home/travis/build/icyphy/ptII/ptolemy/actor/lib/test/auto/RecordAssemblerTypeError.xml
18 ms. Memory: 636928K Free: 359465K (56%)
----------------- Invoking toplevel() on ptolemy.moml.MoMLSimpleApplication@28ab28c8
----------------- Done invoking toplevel() on ptolemy.moml.MoMLSimpleApplication@28ab28c8
reloadAllAccessors: .RecordAssemblerTypeError

===========================================================================================
----------------- testing Sun Jun 23 04:44:46 UTC 2019 /home/travis/build/icyphy/ptII/ptolemy/actor/lib/test/auto/RecordDisassember.xml
----------------- Instantiating /home/travis/build/icyphy/ptII/ptolemy/actor/lib/test/auto/RecordDisassember.xml
3 ms. Memory: 636928K Free: 354330K (56%)
----------------- Invoking toplevel() on ptolemy.moml.MoMLSimpleApplication@72d6602c
----------------- Done invoking toplevel() on ptolemy.moml.MoMLSimpleApplication@72d6602c
reloadAllAccessors: .RecordDisassember

===========================================================================================
----------------- testing Sun Jun 23 04:44:46 UTC 2019 /home/travis/build/icyphy/ptII/ptolemy/actor/lib/test/auto/RecordDisassemberDisplayNameTest.xml
----------------- Instantiating /home/travis/build/icyphy/ptII/ptolemy/actor/lib/test/auto/RecordDisassemberDisplayNameTest.xml
5 ms. Memory: 636928K Free: 346665K (54%)
----------------- Invoking toplevel() on ptolemy.moml.MoMLSimpleApplication@2616232
----------------- Done invoking toplevel() on ptolemy.moml.MoMLSimpleApplication@2616232
reloadAllAccessors: .RecordDisassemberDisplayNameTest

===========================================================================================
----------------- testing Sun Jun 23 04:44:46 UTC 2019 /home/travis/build/icyphy/ptII/ptolemy/actor/lib/test/auto/RecordDisassembler.xml
----------------- Instantiating /home/travis/build/icyphy/ptII/ptolemy/actor/lib/test/auto/RecordDisassembler.xml
3 ms. Memory: 636928K Free: 341018K (54%)
----------------- Invoking toplevel() on ptolemy.moml.MoMLSimpleApplication@703ea351
----------------- Done invoking toplevel() on ptolemy.moml.MoMLSimpleApplication@703ea351
reloadAllAccessors: .RecordDisassembler

===========================================================================================
----------------- testing Sun Jun 23 04:44:46 UTC 2019 /home/travis/build/icyphy/ptII/ptolemy/actor/lib/test/auto/RecordDisassembler2.xml
----------------- Instantiating /home/travis/build/icyphy/ptII/ptolemy/actor/lib/test/auto/RecordDisassembler2.xml
3 ms. Memory: 636928K Free: 335882K (53%)
----------------- Invoking toplevel() on ptolemy.moml.MoMLSimpleApplication@35b949d0
----------------- Done invoking toplevel() on ptolemy.moml.MoMLSimpleApplication@35b949d0
reloadAllAccessors: .RecordDisassembler2

===========================================================================================
----------------- testing Sun Jun 23 04:44:46 UTC 2019 /home/travis/build/icyphy/ptII/ptolemy/actor/lib/test/auto/RecordUpdater.xml
----------------- Instantiating /home/travis/build/icyphy/ptII/ptolemy/actor/lib/test/auto/RecordUpdater.xml
2 ms. Memory: 636928K Free: 330793K (52%)
----------------- Invoking toplevel() on ptolemy.moml.MoMLSimpleApplication@12ecbd34
----------------- Done invoking toplevel() on ptolemy.moml.MoMLSimpleApplication@12ecbd34
reloadAllAccessors: .RecordUpdater

===========================================================================================
----------------- testing Sun Jun 23 04:44:46 UTC 2019 /home/travis/build/icyphy/ptII/ptolemy/actor/lib/test/auto/RecordUpdater2.xml
----------------- Instantiating /home/travis/build/icyphy/ptII/ptolemy/actor/lib/test/auto/RecordUpdater2.xml
1 ms. Memory: 636928K Free: 325163K (51%)
----------------- Invoking toplevel() on ptolemy.moml.MoMLSimpleApplication@14a4c80
----------------- Done invoking toplevel() on ptolemy.moml.MoMLSimpleApplication@14a4c80
reloadAllAccessors: .RecordUpdater2

===========================================================================================
----------------- testing Sun Jun 23 04:44:46 UTC 2019 /home/travis/build/icyphy/ptII/ptolemy/actor/lib/test/auto/RecursiveLattice.xml
----------------- Instantiating /home/travis/build/icyphy/ptII/ptolemy/actor/lib/test/auto/RecursiveLattice.xml
2 ms. Memory: 636928K Free: 320553K (50%)
----------------- Invoking toplevel() on ptolemy.moml.MoMLSimpleApplication@3ce0594
----------------- Done invoking toplevel() on ptolemy.moml.MoMLSimpleApplication@3ce0594
reloadAllAccessors: .RecursiveLattice

===========================================================================================
----------------- testing Sun Jun 23 04:44:46 UTC 2019 /home/travis/build/icyphy/ptII/ptolemy/actor/lib/test/auto/Router.xml
----------------- Instantiating /home/travis/build/icyphy/ptII/ptolemy/actor/lib/test/auto/Router.xml
3004 ms. Memory: 636928K Free: 310827K (49%)
----------------- Invoking toplevel() on ptolemy.moml.MoMLSimpleApplication@2499cb77
----------------- Done invoking toplevel() on ptolemy.moml.MoMLSimpleApplication@2499cb77
reloadAllAccessors: .Router

===========================================================================================
----------------- testing Sun Jun 23 04:44:49 UTC 2019 /home/travis/build/icyphy/ptII/ptolemy/actor/lib/test/auto/Router2.xml
----------------- Instantiating /home/travis/build/icyphy/ptII/ptolemy/actor/lib/test/auto/Router2.xml
3003 ms. Memory: 636928K Free: 300587K (47%)
----------------- Invoking toplevel() on ptolemy.moml.MoMLSimpleApplication@71e3685e
----------------- Done invoking toplevel() on ptolemy.moml.MoMLSimpleApplication@71e3685e
reloadAllAccessors: .Router2

===========================================================================================
----------------- testing Sun Jun 23 04:44:52 UTC 2019 /home/travis/build/icyphy/ptII/ptolemy/actor/lib/test/auto/RunningMaximum.xml
----------------- Instantiating /home/travis/build/icyphy/ptII/ptolemy/actor/lib/test/auto/RunningMaximum.xml
2 ms. Memory: 636928K Free: 295977K (46%)
----------------- Invoking toplevel() on ptolemy.moml.MoMLSimpleApplication@1c164686
----------------- Done invoking toplevel() on ptolemy.moml.MoMLSimpleApplication@1c164686
reloadAllAccessors: .RunningMaximum

===========================================================================================
----------------- testing Sun Jun 23 04:44:52 UTC 2019 /home/travis/build/icyphy/ptII/ptolemy/actor/lib/test/auto/RunningMinimum.xml
----------------- Instantiating /home/travis/build/icyphy/ptII/ptolemy/actor/lib/test/auto/RunningMinimum.xml
10 ms. Memory: 636928K Free: 291371K (46%)
----------------- Invoking toplevel() on ptolemy.moml.MoMLSimpleApplication@59fda149
----------------- Done invoking toplevel() on ptolemy.moml.MoMLSimpleApplication@59fda149
reloadAllAccessors: .RunningMinimum

===========================================================================================
----------------- testing Sun Jun 23 04:44:52 UTC 2019 /home/travis/build/icyphy/ptII/ptolemy/actor/lib/test/auto/Scale.xml
----------------- Instantiating /home/travis/build/icyphy/ptII/ptolemy/actor/lib/test/auto/Scale.xml
2 ms. Memory: 636928K Free: 286761K (45%)
----------------- Invoking toplevel() on ptolemy.moml.MoMLSimpleApplication@4576dfc9
----------------- Done invoking toplevel() on ptolemy.moml.MoMLSimpleApplication@4576dfc9
reloadAllAccessors: .Scale

===========================================================================================
----------------- testing Sun Jun 23 04:44:52 UTC 2019 /home/travis/build/icyphy/ptII/ptolemy/actor/lib/test/auto/Scale2.xml
----------------- Instantiating /home/travis/build/icyphy/ptII/ptolemy/actor/lib/test/auto/Scale2.xml
1 ms. Memory: 636928K Free: 281641K (44%)
----------------- Invoking toplevel() on ptolemy.moml.MoMLSimpleApplication@25cbf1af
----------------- Done invoking toplevel() on ptolemy.moml.MoMLSimpleApplication@25cbf1af
reloadAllAccessors: .Scale2

===========================================================================================
----------------- testing Sun Jun 23 04:44:52 UTC 2019 /home/travis/build/icyphy/ptII/ptolemy/actor/lib/test/auto/Scale3.xml
----------------- Instantiating /home/travis/build/icyphy/ptII/ptolemy/actor/lib/test/auto/Scale3.xml
3 ms. Memory: 636928K Free: 275497K (43%)
----------------- Invoking toplevel() on ptolemy.moml.MoMLSimpleApplication@2e123d95
----------------- Done invoking toplevel() on ptolemy.moml.MoMLSimpleApplication@2e123d95
reloadAllAccessors: .Scale3

===========================================================================================
----------------- testing Sun Jun 23 04:44:52 UTC 2019 /home/travis/build/icyphy/ptII/ptolemy/actor/lib/test/auto/ScaleArray.xml
----------------- Instantiating /home/travis/build/icyphy/ptII/ptolemy/actor/lib/test/auto/ScaleArray.xml
2 ms. Memory: 636928K Free: 270891K (43%)
----------------- Invoking toplevel() on ptolemy.moml.MoMLSimpleApplication@50b03fac
----------------- Done invoking toplevel() on ptolemy.moml.MoMLSimpleApplication@50b03fac
reloadAllAccessors: .ScaleArray

===========================================================================================
----------------- testing Sun Jun 23 04:44:52 UTC 2019 /home/travis/build/icyphy/ptII/ptolemy/actor/lib/test/auto/ScaleArray2.xml
----------------- Instantiating /home/travis/build/icyphy/ptII/ptolemy/actor/lib/test/auto/ScaleArray2.xml
1 ms. Memory: 636928K Free: 266795K (42%)
----------------- Invoking toplevel() on ptolemy.moml.MoMLSimpleApplication@67ef7a52
----------------- Done invoking toplevel() on ptolemy.moml.MoMLSimpleApplication@67ef7a52
reloadAllAccessors: .ScaleArray2

===========================================================================================
----------------- testing Sun Jun 23 04:44:52 UTC 2019 /home/travis/build/icyphy/ptII/ptolemy/actor/lib/test/auto/ScaleMatrix.xml
----------------- Instantiating /home/travis/build/icyphy/ptII/ptolemy/actor/lib/test/auto/ScaleMatrix.xml
161 ms. Memory: 636928K Free: 250921K (39%)
----------------- Invoking toplevel() on ptolemy.moml.MoMLSimpleApplication@1c9be4b3
----------------- Done invoking toplevel() on ptolemy.moml.MoMLSimpleApplication@1c9be4b3
reloadAllAccessors: .ScaleMatrix

===========================================================================================
----------------- testing Sun Jun 23 04:44:52 UTC 2019 /home/travis/build/icyphy/ptII/ptolemy/actor/lib/test/auto/Select.xml
----------------- Instantiating /home/travis/build/icyphy/ptII/ptolemy/actor/lib/test/auto/Select.xml
2 ms. Memory: 636928K Free: 244746K (38%)
----------------- Invoking toplevel() on ptolemy.moml.MoMLSimpleApplication@e044cc4
----------------- Done invoking toplevel() on ptolemy.moml.MoMLSimpleApplication@e044cc4
reloadAllAccessors: .Select

===========================================================================================
----------------- testing Sun Jun 23 04:44:52 UTC 2019 /home/travis/build/icyphy/ptII/ptolemy/actor/lib/test/auto/Select2.xml
----------------- Instantiating /home/travis/build/icyphy/ptII/ptolemy/actor/lib/test/auto/Select2.xml
1 ms. Memory: 636928K Free: 240171K (38%)
----------------- Invoking toplevel() on ptolemy.moml.MoMLSimpleApplication@7b136da8
----------------- Done invoking toplevel() on ptolemy.moml.MoMLSimpleApplication@7b136da8
reloadAllAccessors: .Select2

===========================================================================================
----------------- testing Sun Jun 23 04:44:52 UTC 2019 /home/travis/build/icyphy/ptII/ptolemy/actor/lib/test/auto/SequenceToArray2.xml
----------------- Instantiating /home/travis/build/icyphy/ptII/ptolemy/actor/lib/test/auto/SequenceToArray2.xml
101 ms. Memory: 636928K Free: 216619K (34%)
----------------- Invoking toplevel() on ptolemy.moml.MoMLSimpleApplication@4b1f078f
----------------- Done invoking toplevel() on ptolemy.moml.MoMLSimpleApplication@4b1f078f
reloadAllAccessors: .SequenceToArray2

===========================================================================================
----------------- testing Sun Jun 23 04:44:52 UTC 2019 /home/travis/build/icyphy/ptII/ptolemy/actor/lib/test/auto/SequentialClock.xml
----------------- Instantiating /home/travis/build/icyphy/ptII/ptolemy/actor/lib/test/auto/SequentialClock.xml
1 ms. Memory: 636928K Free: 212009K (33%)
----------------- Invoking toplevel() on ptolemy.moml.MoMLSimpleApplication@10cb0c78
----------------- Done invoking toplevel() on ptolemy.moml.MoMLSimpleApplication@10cb0c78
reloadAllAccessors: .SequentialClock

===========================================================================================
----------------- testing Sun Jun 23 04:44:52 UTC 2019 /home/travis/build/icyphy/ptII/ptolemy/actor/lib/test/auto/SetVariable.xml
----------------- Instantiating /home/travis/build/icyphy/ptII/ptolemy/actor/lib/test/auto/SetVariable.xml
5 ms. Memory: 636928K Free: 582699K (91%)
----------------- Invoking toplevel() on ptolemy.moml.MoMLSimpleApplication@3c147084
----------------- Done invoking toplevel() on ptolemy.moml.MoMLSimpleApplication@3c147084
reloadAllAccessors: .SetVariable

===========================================================================================
----------------- testing Sun Jun 23 04:44:52 UTC 2019 /home/travis/build/icyphy/ptII/ptolemy/actor/lib/test/auto/SetVariable2.xml
----------------- Instantiating /home/travis/build/icyphy/ptII/ptolemy/actor/lib/test/auto/SetVariable2.xml
3 ms. Memory: 636928K Free: 577579K (91%)
----------------- Invoking toplevel() on ptolemy.moml.MoMLSimpleApplication@6e1380e3
----------------- Done invoking toplevel() on ptolemy.moml.MoMLSimpleApplication@6e1380e3
reloadAllAccessors: .SetVariable2

===========================================================================================
----------------- testing Sun Jun 23 04:44:52 UTC 2019 /home/travis/build/icyphy/ptII/ptolemy/actor/lib/test/auto/SetVariable3.xml
----------------- Instantiating /home/travis/build/icyphy/ptII/ptolemy/actor/lib/test/auto/SetVariable3.xml
8 ms. Memory: 636928K Free: 571945K (90%)
----------------- Invoking toplevel() on ptolemy.moml.MoMLSimpleApplication@35fd8350
----------------- Done invoking toplevel() on ptolemy.moml.MoMLSimpleApplication@35fd8350
reloadAllAccessors: .SetVariable3

===========================================================================================
----------------- testing Sun Jun 23 04:44:52 UTC 2019 /home/travis/build/icyphy/ptII/ptolemy/actor/lib/test/auto/SetVariable4.xml
----------------- Instantiating /home/travis/build/icyphy/ptII/ptolemy/actor/lib/test/auto/SetVariable4.xml
21 ms. Memory: 636928K Free: 562219K (88%)
----------------- Invoking toplevel() on ptolemy.moml.MoMLSimpleApplication@32220aa8
----------------- Done invoking toplevel() on ptolemy.moml.MoMLSimpleApplication@32220aa8
reloadAllAccessors: .SetVariable4

===========================================================================================
----------------- testing Sun Jun 23 04:44:52 UTC 2019 /home/travis/build/icyphy/ptII/ptolemy/actor/lib/test/auto/SetVariable5.xml
----------------- Instantiating /home/travis/build/icyphy/ptII/ptolemy/actor/lib/test/auto/SetVariable5.xml
19 ms. Memory: 636928K Free: 553003K (87%)
----------------- Invoking toplevel() on ptolemy.moml.MoMLSimpleApplication@70f821b7
----------------- Done invoking toplevel() on ptolemy.moml.MoMLSimpleApplication@70f821b7
reloadAllAccessors: .SetVariable5

===========================================================================================
----------------- testing Sun Jun 23 04:44:52 UTC 2019 /home/travis/build/icyphy/ptII/ptolemy/actor/lib/test/auto/Sinewave.xml
----------------- Instantiating /home/travis/build/icyphy/ptII/ptolemy/actor/lib/test/auto/Sinewave.xml
4 ms. Memory: 636928K Free: 542763K (85%)
----------------- Invoking toplevel() on ptolemy.moml.MoMLSimpleApplication@4baf8699
----------------- Done invoking toplevel() on ptolemy.moml.MoMLSimpleApplication@4baf8699
reloadAllAccessors: .Sinewave

===========================================================================================
----------------- testing Sun Jun 23 04:44:52 UTC 2019 /home/travis/build/icyphy/ptII/ptolemy/actor/lib/test/auto/Sinewave2.xml
----------------- Instantiating /home/travis/build/icyphy/ptII/ptolemy/actor/lib/test/auto/Sinewave2.xml
12 ms. Memory: 636928K Free: 534057K (84%)
----------------- Invoking toplevel() on ptolemy.moml.MoMLSimpleApplication@1a27f3eb
----------------- Done invoking toplevel() on ptolemy.moml.MoMLSimpleApplication@1a27f3eb
reloadAllAccessors: .Sinewave2

===========================================================================================
----------------- testing Sun Jun 23 04:44:52 UTC 2019 /home/travis/build/icyphy/ptII/ptolemy/actor/lib/test/auto/Sinewave3.xml
----------------- Instantiating /home/travis/build/icyphy/ptII/ptolemy/actor/lib/test/auto/Sinewave3.xml
6 ms. Memory: 636928K Free: 525850K (83%)
----------------- Invoking toplevel() on ptolemy.moml.MoMLSimpleApplication@11cf520b
----------------- Done invoking toplevel() on ptolemy.moml.MoMLSimpleApplication@11cf520b
reloadAllAccessors: .Sinewave3

===========================================================================================
----------------- testing Sun Jun 23 04:44:52 UTC 2019 /home/travis/build/icyphy/ptII/ptolemy/actor/lib/test/auto/SingleEvent.xml
----------------- Instantiating /home/travis/build/icyphy/ptII/ptolemy/actor/lib/test/auto/SingleEvent.xml
1 ms. Memory: 636928K Free: 521769K (82%)
----------------- Invoking toplevel() on ptolemy.moml.MoMLSimpleApplication@4e5aa279
----------------- Done invoking toplevel() on ptolemy.moml.MoMLSimpleApplication@4e5aa279
reloadAllAccessors: .SingleEvent

===========================================================================================
----------------- testing Sun Jun 23 04:44:53 UTC 2019 /home/travis/build/icyphy/ptII/ptolemy/actor/lib/test/auto/Sleep.xml
----------------- Instantiating /home/travis/build/icyphy/ptII/ptolemy/actor/lib/test/auto/Sleep.xml
6004 ms. Memory: 636928K Free: 515625K (81%)
----------------- Invoking toplevel() on ptolemy.moml.MoMLSimpleApplication@232cedc0
----------------- Done invoking toplevel() on ptolemy.moml.MoMLSimpleApplication@232cedc0
reloadAllAccessors: .Sleep

===========================================================================================
----------------- testing Sun Jun 23 04:44:59 UTC 2019 /home/travis/build/icyphy/ptII/ptolemy/actor/lib/test/auto/SleepMultipleFire.xml
----------------- Instantiating /home/travis/build/icyphy/ptII/ptolemy/actor/lib/test/auto/SleepMultipleFire.xml
1005 ms. Memory: 636928K Free: 509995K (80%)
----------------- Invoking toplevel() on ptolemy.moml.MoMLSimpleApplication@419fc322
----------------- Done invoking toplevel() on ptolemy.moml.MoMLSimpleApplication@419fc322
reloadAllAccessors: .SleepMultipleFire

===========================================================================================
----------------- testing Sun Jun 23 04:45:00 UTC 2019 /home/travis/build/icyphy/ptII/ptolemy/actor/lib/test/auto/StopDE.xml
----------------- Instantiating /home/travis/build/icyphy/ptII/ptolemy/actor/lib/test/auto/StopDE.xml
4 ms. Memory: 636928K Free: 504361K (79%)
----------------- Invoking toplevel() on ptolemy.moml.MoMLSimpleApplication@137f6a34
----------------- Done invoking toplevel() on ptolemy.moml.MoMLSimpleApplication@137f6a34
reloadAllAccessors: .StopDE

===========================================================================================
----------------- testing Sun Jun 23 04:45:00 UTC 2019 /home/travis/build/icyphy/ptII/ptolemy/actor/lib/test/auto/StopSDF.xml
----------------- Instantiating /home/travis/build/icyphy/ptII/ptolemy/actor/lib/test/auto/StopSDF.xml
4 ms. Memory: 636928K Free: 498731K (78%)
----------------- Invoking toplevel() on ptolemy.moml.MoMLSimpleApplication@70f6a190
----------------- Done invoking toplevel() on ptolemy.moml.MoMLSimpleApplication@70f6a190
reloadAllAccessors: .StopSDF

===========================================================================================
----------------- testing Sun Jun 23 04:45:00 UTC 2019 /home/travis/build/icyphy/ptII/ptolemy/actor/lib/test/auto/StringConstant.xml
----------------- Instantiating /home/travis/build/icyphy/ptII/ptolemy/actor/lib/test/auto/StringConstant.xml
10 ms. Memory: 636928K Free: 494635K (78%)
----------------- Invoking toplevel() on ptolemy.moml.MoMLSimpleApplication@669a380c
----------------- Done invoking toplevel() on ptolemy.moml.MoMLSimpleApplication@669a380c
reloadAllAccessors: .StringConstant

===========================================================================================
----------------- testing Sun Jun 23 04:45:00 UTC 2019 /home/travis/build/icyphy/ptII/ptolemy/actor/lib/test/auto/SubscriberPortInitialValues1.xml
----------------- Instantiating /home/travis/build/icyphy/ptII/ptolemy/actor/lib/test/auto/SubscriberPortInitialValues1.xml
14 ms. Memory: 636928K Free: 485929K (76%)
----------------- Invoking toplevel() on ptolemy.moml.MoMLSimpleApplication@44baa4c1
----------------- Done invoking toplevel() on ptolemy.moml.MoMLSimpleApplication@44baa4c1
reloadAllAccessors: .SubscriberPortInitialValues1

===========================================================================================
----------------- testing Sun Jun 23 04:45:00 UTC 2019 /home/travis/build/icyphy/ptII/ptolemy/actor/lib/test/auto/SubscriberPortInitialValues13.xml
----------------- Instantiating /home/travis/build/icyphy/ptII/ptolemy/actor/lib/test/auto/SubscriberPortInitialValues13.xml
5 ms. Memory: 636928K Free: 472617K (74%)
----------------- Invoking toplevel() on ptolemy.moml.MoMLSimpleApplication@27a385c7
----------------- Done invoking toplevel() on ptolemy.moml.MoMLSimpleApplication@27a385c7
reloadAllAccessors: .SubscriberPortInitialValues13

===========================================================================================
----------------- testing Sun Jun 23 04:45:00 UTC 2019 /home/travis/build/icyphy/ptII/ptolemy/actor/lib/test/auto/SubscriberPortInitialValues14.xml
----------------- Instantiating /home/travis/build/icyphy/ptII/ptolemy/actor/lib/test/auto/SubscriberPortInitialValues14.xml
7 ms. Memory: 636928K Free: 464939K (73%)
----------------- Invoking toplevel() on ptolemy.moml.MoMLSimpleApplication@4473699e
----------------- Done invoking toplevel() on ptolemy.moml.MoMLSimpleApplication@4473699e
reloadAllAccessors: .SubscriberPortInitialValues14

===========================================================================================
----------------- testing Sun Jun 23 04:45:00 UTC 2019 /home/travis/build/icyphy/ptII/ptolemy/actor/lib/test/auto/SubscriberPortInitialValues2.xml
----------------- Instantiating /home/travis/build/icyphy/ptII/ptolemy/actor/lib/test/auto/SubscriberPortInitialValues2.xml
4 ms. Memory: 636928K Free: 457257K (72%)
----------------- Invoking toplevel() on ptolemy.moml.MoMLSimpleApplication@9780be5
----------------- Done invoking toplevel() on ptolemy.moml.MoMLSimpleApplication@9780be5
reloadAllAccessors: .SubscriberPortInitialValues2

===========================================================================================
----------------- testing Sun Jun 23 04:45:00 UTC 2019 /home/travis/build/icyphy/ptII/ptolemy/actor/lib/test/auto/SubscriberPortInitialValues3.xml
----------------- Instantiating /home/travis/build/icyphy/ptII/ptolemy/actor/lib/test/auto/SubscriberPortInitialValues3.xml
4 ms. Memory: 636928K Free: 445993K (70%)
----------------- Invoking toplevel() on ptolemy.moml.MoMLSimpleApplication@f31dec0
----------------- Done invoking toplevel() on ptolemy.moml.MoMLSimpleApplication@f31dec0
reloadAllAccessors: .SubscriberPortInitialValues3

===========================================================================================
----------------- testing Sun Jun 23 04:45:00 UTC 2019 /home/travis/build/icyphy/ptII/ptolemy/actor/lib/test/auto/SubscriptionAggregator.xml
----------------- Instantiating /home/travis/build/icyphy/ptII/ptolemy/actor/lib/test/auto/SubscriptionAggregator.xml
3 ms. Memory: 636928K Free: 439339K (69%)
----------------- Invoking toplevel() on ptolemy.moml.MoMLSimpleApplication@349166c4
----------------- Done invoking toplevel() on ptolemy.moml.MoMLSimpleApplication@349166c4
reloadAllAccessors: .SubscriptionAggregator

===========================================================================================
----------------- testing Sun Jun 23 04:45:00 UTC 2019 /home/travis/build/icyphy/ptII/ptolemy/actor/lib/test/auto/SubscriptionAggregator2.xml
----------------- Instantiating /home/travis/build/icyphy/ptII/ptolemy/actor/lib/test/auto/SubscriptionAggregator2.xml
3 ms. Memory: 636928K Free: 432674K (68%)
----------------- Invoking toplevel() on ptolemy.moml.MoMLSimpleApplication@682af634
----------------- Done invoking toplevel() on ptolemy.moml.MoMLSimpleApplication@682af634
reloadAllAccessors: .SubscriptionAggregator2

===========================================================================================
----------------- testing Sun Jun 23 04:45:00 UTC 2019 /home/travis/build/icyphy/ptII/ptolemy/actor/lib/test/auto/SubscriptionAggregator3.xml
----------------- Instantiating /home/travis/build/icyphy/ptII/ptolemy/actor/lib/test/auto/SubscriptionAggregator3.xml
4 ms. Memory: 636928K Free: 423465K (66%)
----------------- Invoking toplevel() on ptolemy.moml.MoMLSimpleApplication@39aa5529
----------------- Done invoking toplevel() on ptolemy.moml.MoMLSimpleApplication@39aa5529
reloadAllAccessors: .SubscriptionAggregator3

===========================================================================================
----------------- testing Sun Jun 23 04:45:00 UTC 2019 /home/travis/build/icyphy/ptII/ptolemy/actor/lib/test/auto/SubscriptionAggregatorMultiply.xml
----------------- Instantiating /home/travis/build/icyphy/ptII/ptolemy/actor/lib/test/auto/SubscriptionAggregatorMultiply.xml
19 ms. Memory: 636928K Free: 415273K (65%)
----------------- Invoking toplevel() on ptolemy.moml.MoMLSimpleApplication@7dc58d10
----------------- Done invoking toplevel() on ptolemy.moml.MoMLSimpleApplication@7dc58d10
reloadAllAccessors: .SubscriptionAggregatorMultiply

===========================================================================================
----------------- testing Sun Jun 23 04:45:00 UTC 2019 /home/travis/build/icyphy/ptII/ptolemy/actor/lib/test/auto/SubscriptionAggregatorPortMultiply1.xml
----------------- Instantiating /home/travis/build/icyphy/ptII/ptolemy/actor/lib/test/auto/SubscriptionAggregatorPortMultiply1.xml
4 ms. Memory: 636928K Free: 407081K (64%)
----------------- Invoking toplevel() on ptolemy.moml.MoMLSimpleApplication@37e35f72
----------------- Done invoking toplevel() on ptolemy.moml.MoMLSimpleApplication@37e35f72
reloadAllAccessors: .SubscriptionAggregatorPortMultiply1

===========================================================================================
----------------- testing Sun Jun 23 04:45:00 UTC 2019 /home/travis/build/icyphy/ptII/ptolemy/actor/lib/test/auto/Switch.xml
----------------- Instantiating /home/travis/build/icyphy/ptII/ptolemy/actor/lib/test/auto/Switch.xml
11 ms. Memory: 636928K Free: 397355K (62%)
----------------- Invoking toplevel() on ptolemy.moml.MoMLSimpleApplication@3c0ed986
----------------- Done invoking toplevel() on ptolemy.moml.MoMLSimpleApplication@3c0ed986
reloadAllAccessors: .Switch

===========================================================================================
----------------- testing Sun Jun 23 04:45:00 UTC 2019 /home/travis/build/icyphy/ptII/ptolemy/actor/lib/test/auto/Switch2.xml
----------------- Instantiating /home/travis/build/icyphy/ptII/ptolemy/actor/lib/test/auto/Switch2.xml
1 ms. Memory: 636928K Free: 392745K (62%)
----------------- Invoking toplevel() on ptolemy.moml.MoMLSimpleApplication@7a2beeab
----------------- Done invoking toplevel() on ptolemy.moml.MoMLSimpleApplication@7a2beeab
reloadAllAccessors: .Switch2

===========================================================================================
----------------- testing Sun Jun 23 04:45:00 UTC 2019 /home/travis/build/icyphy/ptII/ptolemy/actor/lib/test/auto/SwitchDE.xml
----------------- Instantiating /home/travis/build/icyphy/ptII/ptolemy/actor/lib/test/auto/SwitchDE.xml
4 ms. Memory: 636928K Free: 386586K (61%)
----------------- Invoking toplevel() on ptolemy.moml.MoMLSimpleApplication@2249d0aa
----------------- Done invoking toplevel() on ptolemy.moml.MoMLSimpleApplication@2249d0aa
reloadAllAccessors: .SwitchDE

===========================================================================================
----------------- testing Sun Jun 23 04:45:00 UTC 2019 /home/travis/build/icyphy/ptII/ptolemy/actor/lib/test/auto/SynchronizerDE.xml
----------------- Instantiating /home/travis/build/icyphy/ptII/ptolemy/actor/lib/test/auto/SynchronizerDE.xml
7 ms. Memory: 636928K Free: 377899K (59%)
----------------- Invoking toplevel() on ptolemy.moml.MoMLSimpleApplication@50e74479
----------------- Done invoking toplevel() on ptolemy.moml.MoMLSimpleApplication@50e74479
reloadAllAccessors: .SynchronizerDE

===========================================================================================
----------------- testing Sun Jun 23 04:45:00 UTC 2019 /home/travis/build/icyphy/ptII/ptolemy/actor/lib/test/auto/Test.xml
----------------- Instantiating /home/travis/build/icyphy/ptII/ptolemy/actor/lib/test/auto/Test.xml
11 ms. Memory: 636928K Free: 372779K (59%)
----------------- Invoking toplevel() on ptolemy.moml.MoMLSimpleApplication@4907720c
----------------- Done invoking toplevel() on ptolemy.moml.MoMLSimpleApplication@4907720c
reloadAllAccessors: .Test

===========================================================================================
----------------- testing Sun Jun 23 04:45:00 UTC 2019 /home/travis/build/icyphy/ptII/ptolemy/actor/lib/test/auto/TestExceptionAttribute1.xml
----------------- Instantiating /home/travis/build/icyphy/ptII/ptolemy/actor/lib/test/auto/TestExceptionAttribute1.xml
1 ms. Memory: 636928K Free: 369193K (58%)
----------------- Invoking toplevel() on ptolemy.moml.MoMLSimpleApplication@3aff6eed
----------------- Done invoking toplevel() on ptolemy.moml.MoMLSimpleApplication@3aff6eed
reloadAllAccessors: .TestExceptionAttribute1

===========================================================================================
----------------- testing Sun Jun 23 04:45:00 UTC 2019 /home/travis/build/icyphy/ptII/ptolemy/actor/lib/test/auto/TestExceptionAttribute2.xml
----------------- Instantiating /home/travis/build/icyphy/ptII/ptolemy/actor/lib/test/auto/TestExceptionAttribute2.xml
2 ms. Memory: 636928K Free: 365097K (57%)
----------------- Invoking toplevel() on ptolemy.moml.MoMLSimpleApplication@2922661a
----------------- Done invoking toplevel() on ptolemy.moml.MoMLSimpleApplication@2922661a
reloadAllAccessors: .TestExceptionAttribute2

===========================================================================================
----------------- testing Sun Jun 23 04:45:00 UTC 2019 /home/travis/build/icyphy/ptII/ptolemy/actor/lib/test/auto/TestExceptionAttribute3.xml
----------------- Instantiating /home/travis/build/icyphy/ptII/ptolemy/actor/lib/test/auto/TestExceptionAttribute3.xml
.TestExceptionAttribute3.TestExceptionAttribute: initialize() was not invoked, but wrapup() was.  This is unusual, but not always a problem.  For example, exporting JNLP will do this.
1 ms. Memory: 636928K Free: 361515K (57%)
----------------- Invoking toplevel() on ptolemy.moml.MoMLSimpleApplication@3e371877
----------------- Done invoking toplevel() on ptolemy.moml.MoMLSimpleApplication@3e371877
reloadAllAccessors: .TestExceptionAttribute3

===========================================================================================
----------------- testing Sun Jun 23 04:45:00 UTC 2019 /home/travis/build/icyphy/ptII/ptolemy/actor/lib/test/auto/TestExceptionAttribute4.xml
----------------- Instantiating /home/travis/build/icyphy/ptII/ptolemy/actor/lib/test/auto/TestExceptionAttribute4.xml
.TestExceptionAttribute4.TestExceptionAttribute: initialize() was not invoked, but wrapup() was.  This is unusual, but not always a problem.  For example, exporting JNLP will do this.
.TestExceptionAttribute4.TestExceptionAttribute2: initialize() was not invoked, but wrapup() was.  This is unusual, but not always a problem.  For example, exporting JNLP will do this.
0 ms. Memory: 636928K Free: 356905K (56%)
----------------- Invoking toplevel() on ptolemy.moml.MoMLSimpleApplication@31446646
----------------- Done invoking toplevel() on ptolemy.moml.MoMLSimpleApplication@31446646
reloadAllAccessors: .TestExceptionAttribute4

===========================================================================================
----------------- testing Sun Jun 23 04:45:00 UTC 2019 /home/travis/build/icyphy/ptII/ptolemy/actor/lib/test/auto/TestExceptionHandler1.xml
----------------- Instantiating /home/travis/build/icyphy/ptII/ptolemy/actor/lib/test/auto/TestExceptionHandler1.xml
1 ms. Memory: 636928K Free: 353323K (55%)
----------------- Invoking toplevel() on ptolemy.moml.MoMLSimpleApplication@714ca227
----------------- Done invoking toplevel() on ptolemy.moml.MoMLSimpleApplication@714ca227
reloadAllAccessors: .TestExceptionHandler1

===========================================================================================
----------------- testing Sun Jun 23 04:45:00 UTC 2019 /home/travis/build/icyphy/ptII/ptolemy/actor/lib/test/auto/TestExceptionHandler2.xml
----------------- Instantiating /home/travis/build/icyphy/ptII/ptolemy/actor/lib/test/auto/TestExceptionHandler2.xml
2 ms. Memory: 636928K Free: 349737K (55%)
----------------- Invoking toplevel() on ptolemy.moml.MoMLSimpleApplication@6fbcd9a1
----------------- Done invoking toplevel() on ptolemy.moml.MoMLSimpleApplication@6fbcd9a1
reloadAllAccessors: .TestExceptionHandler2

===========================================================================================
----------------- testing Sun Jun 23 04:45:00 UTC 2019 /home/travis/build/icyphy/ptII/ptolemy/actor/lib/test/auto/TestExceptionHandler3.xml
----------------- Instantiating /home/travis/build/icyphy/ptII/ptolemy/actor/lib/test/auto/TestExceptionHandler3.xml
1 ms. Memory: 636928K Free: 345641K (54%)
----------------- Invoking toplevel() on ptolemy.moml.MoMLSimpleApplication@6d56c7ea
----------------- Done invoking toplevel() on ptolemy.moml.MoMLSimpleApplication@6d56c7ea
reloadAllAccessors: .TestExceptionHandler3

===========================================================================================
----------------- testing Sun Jun 23 04:45:00 UTC 2019 /home/travis/build/icyphy/ptII/ptolemy/actor/lib/test/auto/TestExceptionHandler4.xml
----------------- Instantiating /home/travis/build/icyphy/ptII/ptolemy/actor/lib/test/auto/TestExceptionHandler4.xml
0 ms. Memory: 636928K Free: 341545K (54%)
----------------- Invoking toplevel() on ptolemy.moml.MoMLSimpleApplication@64c5802e
----------------- Done invoking toplevel() on ptolemy.moml.MoMLSimpleApplication@64c5802e
reloadAllAccessors: .TestExceptionHandler4

===========================================================================================
----------------- testing Sun Jun 23 04:45:00 UTC 2019 /home/travis/build/icyphy/ptII/ptolemy/actor/lib/test/auto/TestRequireCorrectOrder.xml
----------------- Instantiating /home/travis/build/icyphy/ptII/ptolemy/actor/lib/test/auto/TestRequireCorrectOrder.xml
6 ms. Memory: 636928K Free: 336394K (53%)
----------------- Invoking toplevel() on ptolemy.moml.MoMLSimpleApplication@663c8eab
----------------- Done invoking toplevel() on ptolemy.moml.MoMLSimpleApplication@663c8eab
reloadAllAccessors: .TestRequireCorrectOrder

===========================================================================================
----------------- testing Sun Jun 23 04:45:00 UTC 2019 /home/travis/build/icyphy/ptII/ptolemy/actor/lib/test/auto/TestSimple.xml
----------------- Instantiating /home/travis/build/icyphy/ptII/ptolemy/actor/lib/test/auto/TestSimple.xml
2 ms. Memory: 636928K Free: 331305K (52%)
----------------- Invoking toplevel() on ptolemy.moml.MoMLSimpleApplication@2164eed
----------------- Done invoking toplevel() on ptolemy.moml.MoMLSimpleApplication@2164eed
reloadAllAccessors: .TestSimple

===========================================================================================
----------------- testing Sun Jun 23 04:45:00 UTC 2019 /home/travis/build/icyphy/ptII/ptolemy/actor/lib/test/auto/ThrowModelError.xml
----------------- Instantiating /home/travis/build/icyphy/ptII/ptolemy/actor/lib/test/auto/ThrowModelError.xml
1 ms. Memory: 636928K Free: 326699K (51%)
----------------- Invoking toplevel() on ptolemy.moml.MoMLSimpleApplication@7354bdf5
----------------- Done invoking toplevel() on ptolemy.moml.MoMLSimpleApplication@7354bdf5
reloadAllAccessors: .ThrowModelError

===========================================================================================
----------------- testing Sun Jun 23 04:45:00 UTC 2019 /home/travis/build/icyphy/ptII/ptolemy/actor/lib/test/auto/TimeDelayMicrosteps.xml
----------------- Instantiating /home/travis/build/icyphy/ptII/ptolemy/actor/lib/test/auto/TimeDelayMicrosteps.xml
3 ms. Memory: 636928K Free: 320010K (50%)
----------------- Invoking toplevel() on ptolemy.moml.MoMLSimpleApplication@55c2f920
----------------- Done invoking toplevel() on ptolemy.moml.MoMLSimpleApplication@55c2f920
reloadAllAccessors: .TimeDelayMicrosteps

===========================================================================================
----------------- testing Sun Jun 23 04:45:00 UTC 2019 /home/travis/build/icyphy/ptII/ptolemy/actor/lib/test/auto/TimeDelayMicrosteps2.xml
----------------- Instantiating /home/travis/build/icyphy/ptII/ptolemy/actor/lib/test/auto/TimeDelayMicrosteps2.xml
5 ms. Memory: 636928K Free: 312842K (49%)
----------------- Invoking toplevel() on ptolemy.moml.MoMLSimpleApplication@914bb9a
----------------- Done invoking toplevel() on ptolemy.moml.MoMLSimpleApplication@914bb9a
reloadAllAccessors: .TimeDelayMicrosteps2

===========================================================================================
----------------- testing Sun Jun 23 04:45:00 UTC 2019 /home/travis/build/icyphy/ptII/ptolemy/actor/lib/test/auto/TimeDelayMicrosteps3.xml
----------------- Instantiating /home/travis/build/icyphy/ptII/ptolemy/actor/lib/test/auto/TimeDelayMicrosteps3.xml
4 ms. Memory: 636928K Free: 306219K (48%)
----------------- Invoking toplevel() on ptolemy.moml.MoMLSimpleApplication@3756c451
----------------- Done invoking toplevel() on ptolemy.moml.MoMLSimpleApplication@3756c451
reloadAllAccessors: .TimeDelayMicrosteps3

===========================================================================================
----------------- testing Sun Jun 23 04:45:00 UTC 2019 /home/travis/build/icyphy/ptII/ptolemy/actor/lib/test/auto/TimeDelayVariableMicrosteps.xml
----------------- Instantiating /home/travis/build/icyphy/ptII/ptolemy/actor/lib/test/auto/TimeDelayVariableMicrosteps.xml
4 ms. Memory: 636928K Free: 300075K (47%)
----------------- Invoking toplevel() on ptolemy.moml.MoMLSimpleApplication@8432ca7
----------------- Done invoking toplevel() on ptolemy.moml.MoMLSimpleApplication@8432ca7
reloadAllAccessors: .TimeDelayVariableMicrosteps

===========================================================================================
----------------- testing Sun Jun 23 04:45:00 UTC 2019 /home/travis/build/icyphy/ptII/ptolemy/actor/lib/test/auto/TimeGap.xml
----------------- Instantiating /home/travis/build/icyphy/ptII/ptolemy/actor/lib/test/auto/TimeGap.xml
4 ms. Memory: 636928K Free: 294955K (46%)
----------------- Invoking toplevel() on ptolemy.moml.MoMLSimpleApplication@2c0842ae
----------------- Done invoking toplevel() on ptolemy.moml.MoMLSimpleApplication@2c0842ae
reloadAllAccessors: .TimeGap

===========================================================================================
----------------- testing Sun Jun 23 04:45:00 UTC 2019 /home/travis/build/icyphy/ptII/ptolemy/actor/lib/test/auto/TimeGap2.xml
----------------- Instantiating /home/travis/build/icyphy/ptII/ptolemy/actor/lib/test/auto/TimeGap2.xml
2 ms. Memory: 636928K Free: 289290K (45%)
----------------- Invoking toplevel() on ptolemy.moml.MoMLSimpleApplication@7ec9b2ed
----------------- Done invoking toplevel() on ptolemy.moml.MoMLSimpleApplication@7ec9b2ed
reloadAllAccessors: .TimeGap2

===========================================================================================
----------------- testing Sun Jun 23 04:45:00 UTC 2019 /home/travis/build/icyphy/ptII/ptolemy/actor/lib/test/auto/TimedSinewave.xml
----------------- Instantiating /home/travis/build/icyphy/ptII/ptolemy/actor/lib/test/auto/TimedSinewave.xml
25 ms. Memory: 636928K Free: 274985K (43%)
----------------- Invoking toplevel() on ptolemy.moml.MoMLSimpleApplication@29febce7
----------------- Done invoking toplevel() on ptolemy.moml.MoMLSimpleApplication@29febce7
reloadAllAccessors: .TimedSinewave

===========================================================================================
----------------- testing Sun Jun 23 04:45:00 UTC 2019 /home/travis/build/icyphy/ptII/ptolemy/actor/lib/test/auto/TimedSinewavePhase.xml
----------------- Instantiating /home/travis/build/icyphy/ptII/ptolemy/actor/lib/test/auto/TimedSinewavePhase.xml
10 ms. Memory: 636928K Free: 265259K (42%)
----------------- Invoking toplevel() on ptolemy.moml.MoMLSimpleApplication@37c9c44f
----------------- Done invoking toplevel() on ptolemy.moml.MoMLSimpleApplication@37c9c44f
reloadAllAccessors: .TimedSinewavePhase

===========================================================================================
----------------- testing Sun Jun 23 04:45:00 UTC 2019 /home/travis/build/icyphy/ptII/ptolemy/actor/lib/test/auto/Timer.xml
----------------- Instantiating /home/travis/build/icyphy/ptII/ptolemy/actor/lib/test/auto/Timer.xml
2 ms. Memory: 636928K Free: 259115K (41%)
----------------- Invoking toplevel() on ptolemy.moml.MoMLSimpleApplication@47915545
----------------- Done invoking toplevel() on ptolemy.moml.MoMLSimpleApplication@47915545
reloadAllAccessors: .Timer

===========================================================================================
----------------- testing Sun Jun 23 04:45:00 UTC 2019 /home/travis/build/icyphy/ptII/ptolemy/actor/lib/test/auto/TriangularDistTestModel.xml
----------------- Instantiating /home/travis/build/icyphy/ptII/ptolemy/actor/lib/test/auto/TriangularDistTestModel.xml
3 ms. Memory: 636928K Free: 253474K (40%)
----------------- Invoking toplevel() on ptolemy.moml.MoMLSimpleApplication@65e99465
----------------- Done invoking toplevel() on ptolemy.moml.MoMLSimpleApplication@65e99465
reloadAllAccessors: .TriangularDistTestModel

===========================================================================================
----------------- testing Sun Jun 23 04:45:00 UTC 2019 /home/travis/build/icyphy/ptII/ptolemy/actor/lib/test/auto/TrigFunction.xml
----------------- Instantiating /home/travis/build/icyphy/ptII/ptolemy/actor/lib/test/auto/TrigFunction.xml
1 ms. Memory: 636928K Free: 248875K (39%)
----------------- Invoking toplevel() on ptolemy.moml.MoMLSimpleApplication@29a073fa
----------------- Done invoking toplevel() on ptolemy.moml.MoMLSimpleApplication@29a073fa
reloadAllAccessors: .TrigFunction

===========================================================================================
----------------- testing Sun Jun 23 04:45:00 UTC 2019 /home/travis/build/icyphy/ptII/ptolemy/actor/lib/test/auto/TrigFunctionDE.xml
----------------- Instantiating /home/travis/build/icyphy/ptII/ptolemy/actor/lib/test/auto/TrigFunctionDE.xml
2 ms. Memory: 636928K Free: 242731K (38%)
----------------- Invoking toplevel() on ptolemy.moml.MoMLSimpleApplication@1c2498e3
----------------- Done invoking toplevel() on ptolemy.moml.MoMLSimpleApplication@1c2498e3
reloadAllAccessors: .TrigFunctionDE

===========================================================================================
----------------- testing Sun Jun 23 04:45:00 UTC 2019 /home/travis/build/icyphy/ptII/ptolemy/actor/lib/test/auto/TrigFunctionInverse.xml
----------------- Instantiating /home/travis/build/icyphy/ptII/ptolemy/actor/lib/test/auto/TrigFunctionInverse.xml
2 ms. Memory: 636928K Free: 237611K (37%)
----------------- Invoking toplevel() on ptolemy.moml.MoMLSimpleApplication@25f1f17a
----------------- Done invoking toplevel() on ptolemy.moml.MoMLSimpleApplication@25f1f17a
reloadAllAccessors: .TrigFunctionInverse

===========================================================================================
----------------- testing Sun Jun 23 04:45:00 UTC 2019 /home/travis/build/icyphy/ptII/ptolemy/actor/lib/test/auto/TrigFunctionTan.xml
----------------- Instantiating /home/travis/build/icyphy/ptII/ptolemy/actor/lib/test/auto/TrigFunctionTan.xml
2 ms. Memory: 636928K Free: 233001K (37%)
----------------- Invoking toplevel() on ptolemy.moml.MoMLSimpleApplication@31a43e2
----------------- Done invoking toplevel() on ptolemy.moml.MoMLSimpleApplication@31a43e2
reloadAllAccessors: .TrigFunctionTan

===========================================================================================
----------------- testing Sun Jun 23 04:45:00 UTC 2019 /home/travis/build/icyphy/ptII/ptolemy/actor/lib/test/auto/TriggeredClock.xml
----------------- Instantiating /home/travis/build/icyphy/ptII/ptolemy/actor/lib/test/auto/TriggeredClock.xml
1 ms. Memory: 636928K Free: 227371K (36%)
----------------- Invoking toplevel() on ptolemy.moml.MoMLSimpleApplication@11c11dcd
----------------- Done invoking toplevel() on ptolemy.moml.MoMLSimpleApplication@11c11dcd
reloadAllAccessors: .TriggeredClock

===========================================================================================
----------------- testing Sun Jun 23 04:45:00 UTC 2019 /home/travis/build/icyphy/ptII/ptolemy/actor/lib/test/auto/URLDirectoryReader.xml
----------------- Instantiating /home/travis/build/icyphy/ptII/ptolemy/actor/lib/test/auto/URLDirectoryReader.xml
36 ms. Memory: 636928K Free: 218665K (34%)
----------------- Invoking toplevel() on ptolemy.moml.MoMLSimpleApplication@76e069ae
----------------- Done invoking toplevel() on ptolemy.moml.MoMLSimpleApplication@76e069ae
reloadAllAccessors: .URLDirectoryReader

===========================================================================================
----------------- testing Sun Jun 23 04:45:01 UTC 2019 /home/travis/build/icyphy/ptII/ptolemy/actor/lib/test/auto/URLDirectoryReader3.xml
----------------- Instantiating /home/travis/build/icyphy/ptII/ptolemy/actor/lib/test/auto/URLDirectoryReader3.xml
1194 ms. Memory: 636928K Free: 577826K (91%)
----------------- Invoking toplevel() on ptolemy.moml.MoMLSimpleApplication@6f0845a1
----------------- Done invoking toplevel() on ptolemy.moml.MoMLSimpleApplication@6f0845a1
reloadAllAccessors: .URLDirectoryReader3

===========================================================================================
----------------- testing Sun Jun 23 04:45:02 UTC 2019 /home/travis/build/icyphy/ptII/ptolemy/actor/lib/test/auto/UnaryMathFunction.xml
----------------- Instantiating /home/travis/build/icyphy/ptII/ptolemy/actor/lib/test/auto/UnaryMathFunction.xml
2 ms. Memory: 636928K Free: 570409K (90%)
----------------- Invoking toplevel() on ptolemy.moml.MoMLSimpleApplication@6aec1ed5
----------------- Done invoking toplevel() on ptolemy.moml.MoMLSimpleApplication@6aec1ed5
reloadAllAccessors: .UnaryMathFunction

===========================================================================================
----------------- testing Sun Jun 23 04:45:02 UTC 2019 /home/travis/build/icyphy/ptII/ptolemy/actor/lib/test/auto/Uniform.xml
----------------- Instantiating /home/travis/build/icyphy/ptII/ptolemy/actor/lib/test/auto/Uniform.xml
2 ms. Memory: 636928K Free: 565289K (89%)
----------------- Invoking toplevel() on ptolemy.moml.MoMLSimpleApplication@46594aba
----------------- Done invoking toplevel() on ptolemy.moml.MoMLSimpleApplication@46594aba
reloadAllAccessors: .Uniform

===========================================================================================
----------------- testing Sun Jun 23 04:45:02 UTC 2019 /home/travis/build/icyphy/ptII/ptolemy/actor/lib/test/auto/UnionDisassemblerTest.xml
----------------- Instantiating /home/travis/build/icyphy/ptII/ptolemy/actor/lib/test/auto/UnionDisassemblerTest.xml
14 ms. Memory: 636928K Free: 561707K (88%)
----------------- Invoking toplevel() on ptolemy.moml.MoMLSimpleApplication@1182992a
----------------- Done invoking toplevel() on ptolemy.moml.MoMLSimpleApplication@1182992a
reloadAllAccessors: .UnionDisassemblerTest

===========================================================================================
----------------- testing Sun Jun 23 04:45:02 UTC 2019 /home/travis/build/icyphy/ptII/ptolemy/actor/lib/test/auto/UtilityFunctions.xml
----------------- Instantiating /home/travis/build/icyphy/ptII/ptolemy/actor/lib/test/auto/UtilityFunctions.xml
1 ms. Memory: 636928K Free: 557611K (88%)
----------------- Invoking toplevel() on ptolemy.moml.MoMLSimpleApplication@6377446f
----------------- Done invoking toplevel() on ptolemy.moml.MoMLSimpleApplication@6377446f
reloadAllAccessors: .UtilityFunctions

===========================================================================================
----------------- testing Sun Jun 23 04:45:02 UTC 2019 /home/travis/build/icyphy/ptII/ptolemy/actor/lib/test/auto/VariableSleep.xml
----------------- Instantiating /home/travis/build/icyphy/ptII/ptolemy/actor/lib/test/auto/VariableSleep.xml
503 ms. Memory: 636928K Free: 552491K (87%)
----------------- Invoking toplevel() on ptolemy.moml.MoMLSimpleApplication@2129ac6b
----------------- Done invoking toplevel() on ptolemy.moml.MoMLSimpleApplication@2129ac6b
reloadAllAccessors: .VariableSleep

===========================================================================================
----------------- testing Sun Jun 23 04:45:03 UTC 2019 /home/travis/build/icyphy/ptII/ptolemy/actor/lib/test/auto/VectorAssemblerDisassemblerCT.xml
----------------- Instantiating /home/travis/build/icyphy/ptII/ptolemy/actor/lib/test/auto/VectorAssemblerDisassemblerCT.xml
56 ms. Memory: 636928K Free: 532521K (84%)
----------------- Invoking toplevel() on ptolemy.moml.MoMLSimpleApplication@3c05a76b
----------------- Done invoking toplevel() on ptolemy.moml.MoMLSimpleApplication@3c05a76b
reloadAllAccessors: .VectorAssemblerDisassemblerCT

===========================================================================================
----------------- testing Sun Jun 23 04:45:03 UTC 2019 /home/travis/build/icyphy/ptII/ptolemy/actor/lib/test/auto/VectorAssemblerDisassemblerDE.xml
----------------- Instantiating /home/travis/build/icyphy/ptII/ptolemy/actor/lib/test/auto/VectorAssemblerDisassemblerDE.xml
9 ms. Memory: 636928K Free: 524843K (82%)
----------------- Invoking toplevel() on ptolemy.moml.MoMLSimpleApplication@6f8d3f7b
----------------- Done invoking toplevel() on ptolemy.moml.MoMLSimpleApplication@6f8d3f7b
reloadAllAccessors: .VectorAssemblerDisassemblerDE

===========================================================================================
----------------- testing Sun Jun 23 04:45:03 UTC 2019 /home/travis/build/icyphy/ptII/ptolemy/actor/lib/test/auto/VectorAssemblerDisassemblerSDF.xml
----------------- Instantiating /home/travis/build/icyphy/ptII/ptolemy/actor/lib/test/auto/VectorAssemblerDisassemblerSDF.xml
2 ms. Memory: 636928K Free: 518699K (81%)
----------------- Invoking toplevel() on ptolemy.moml.MoMLSimpleApplication@6b97505d
----------------- Done invoking toplevel() on ptolemy.moml.MoMLSimpleApplication@6b97505d
reloadAllAccessors: .VectorAssemblerDisassemblerSDF

===========================================================================================
----------------- testing Sun Jun 23 04:45:03 UTC 2019 /home/travis/build/icyphy/ptII/ptolemy/actor/lib/test/auto/WallClockTime.xml
----------------- Instantiating /home/travis/build/icyphy/ptII/ptolemy/actor/lib/test/auto/WallClockTime.xml
1005 ms. Memory: 636928K Free: 513579K (81%)
----------------- Invoking toplevel() on ptolemy.moml.MoMLSimpleApplication@7fc77363
----------------- Done invoking toplevel() on ptolemy.moml.MoMLSimpleApplication@7fc77363
reloadAllAccessors: .WallClockTime

===========================================================================================
----------------- testing Sun Jun 23 04:45:04 UTC 2019 /home/travis/build/icyphy/ptII/ptolemy/actor/lib/test/auto/WidthTestWithSubscriberPublisher.xml
----------------- Instantiating /home/travis/build/icyphy/ptII/ptolemy/actor/lib/test/auto/WidthTestWithSubscriberPublisher.xml
11 ms. Memory: 636928K Free: 495147K (78%)
----------------- Invoking toplevel() on ptolemy.moml.MoMLSimpleApplication@e3b572c
----------------- Done invoking toplevel() on ptolemy.moml.MoMLSimpleApplication@e3b572c
reloadAllAccessors: .WidthTestWithSubscriberPublisher

===========================================================================================
----------------- testing Sun Jun 23 04:45:04 UTC 2019 /home/travis/build/icyphy/ptII/ptolemy/actor/lib/test/auto/WidthTestWithSubscriberPublisher2.xml
----------------- Instantiating /home/travis/build/icyphy/ptII/ptolemy/actor/lib/test/auto/WidthTestWithSubscriberPublisher2.xml
2 ms. Memory: 636928K Free: 489003K (77%)
----------------- Invoking toplevel() on ptolemy.moml.MoMLSimpleApplication@2c039499
----------------- Done invoking toplevel() on ptolemy.moml.MoMLSimpleApplication@2c039499
reloadAllAccessors: .WidthTestWithSubscriberPublisher2

===========================================================================================
----------------- testing Sun Jun 23 04:45:04 UTC 2019 /home/travis/build/icyphy/ptII/ptolemy/actor/lib/test/auto/WidthTestWithSubscriberPublisher3.xml
----------------- Instantiating /home/travis/build/icyphy/ptII/ptolemy/actor/lib/test/auto/WidthTestWithSubscriberPublisher3.xml
3 ms. Memory: 636928K Free: 483369K (76%)
----------------- Invoking toplevel() on ptolemy.moml.MoMLSimpleApplication@1f498f03
----------------- Done invoking toplevel() on ptolemy.moml.MoMLSimpleApplication@1f498f03
reloadAllAccessors: .WidthTestWithSubscriberPublisher3

===========================================================================================
----------------- testing Sun Jun 23 04:45:04 UTC 2019 /home/travis/build/icyphy/ptII/ptolemy/actor/lib/test/auto/Writer.xml
----------------- Instantiating /home/travis/build/icyphy/ptII/ptolemy/actor/lib/test/auto/Writer.xml
0
1
2
3
4
1 ms. Memory: 636928K Free: 478763K (75%)
----------------- Invoking toplevel() on ptolemy.moml.MoMLSimpleApplication@593a1c8f
----------------- Done invoking toplevel() on ptolemy.moml.MoMLSimpleApplication@593a1c8f
reloadAllAccessors: .Writer

===========================================================================================
----------------- testing Sun Jun 23 04:45:04 UTC 2019 /home/travis/build/icyphy/ptII/ptolemy/actor/lib/test/auto/array.xml
----------------- Instantiating /home/travis/build/icyphy/ptII/ptolemy/actor/lib/test/auto/array.xml
2 ms. Memory: 636928K Free: 474153K (74%)
----------------- Invoking toplevel() on ptolemy.moml.MoMLSimpleApplication@683c23
----------------- Done invoking toplevel() on ptolemy.moml.MoMLSimpleApplication@683c23
reloadAllAccessors: .array

===========================================================================================
----------------- testing Sun Jun 23 04:45:04 UTC 2019 /home/travis/build/icyphy/ptII/ptolemy/actor/lib/test/auto/array2.xml
----------------- Instantiating /home/travis/build/icyphy/ptII/ptolemy/actor/lib/test/auto/array2.xml
5 ms. Memory: 636928K Free: 469033K (74%)
----------------- Invoking toplevel() on ptolemy.moml.MoMLSimpleApplication@1a63d844
----------------- Done invoking toplevel() on ptolemy.moml.MoMLSimpleApplication@1a63d844
reloadAllAccessors: .array2

===========================================================================================
----------------- testing Sun Jun 23 04:45:04 UTC 2019 /home/travis/build/icyphy/ptII/ptolemy/actor/lib/test/auto/arrayType.xml
----------------- Instantiating /home/travis/build/icyphy/ptII/ptolemy/actor/lib/test/auto/arrayType.xml
2 ms. Memory: 636928K Free: 463403K (73%)
----------------- Invoking toplevel() on ptolemy.moml.MoMLSimpleApplication@4527bf0c
----------------- Done invoking toplevel() on ptolemy.moml.MoMLSimpleApplication@4527bf0c
reloadAllAccessors: .arrayType

===========================================================================================
----------------- testing Sun Jun 23 04:45:04 UTC 2019 /home/travis/build/icyphy/ptII/ptolemy/actor/lib/test/auto/arrayType10.xml
----------------- Instantiating /home/travis/build/icyphy/ptII/ptolemy/actor/lib/test/auto/arrayType10.xml
2 ms. Memory: 636928K Free: 458793K (72%)
----------------- Invoking toplevel() on ptolemy.moml.MoMLSimpleApplication@6af810f9
----------------- Done invoking toplevel() on ptolemy.moml.MoMLSimpleApplication@6af810f9
reloadAllAccessors: .arrayType10

===========================================================================================
----------------- testing Sun Jun 23 04:45:04 UTC 2019 /home/travis/build/icyphy/ptII/ptolemy/actor/lib/test/auto/arrayType11.xml
----------------- Instantiating /home/travis/build/icyphy/ptII/ptolemy/actor/lib/test/auto/arrayType11.xml
4 ms. Memory: 636928K Free: 454187K (71%)
----------------- Invoking toplevel() on ptolemy.moml.MoMLSimpleApplication@1757e11d
----------------- Done invoking toplevel() on ptolemy.moml.MoMLSimpleApplication@1757e11d
reloadAllAccessors: .arrayType11

===========================================================================================
----------------- testing Sun Jun 23 04:45:04 UTC 2019 /home/travis/build/icyphy/ptII/ptolemy/actor/lib/test/auto/arrayType12.xml
----------------- Instantiating /home/travis/build/icyphy/ptII/ptolemy/actor/lib/test/auto/arrayType12.xml
1 ms. Memory: 636928K Free: 449067K (71%)
----------------- Invoking toplevel() on ptolemy.moml.MoMLSimpleApplication@2c84936c
----------------- Done invoking toplevel() on ptolemy.moml.MoMLSimpleApplication@2c84936c
reloadAllAccessors: .arrayType12

===========================================================================================
----------------- testing Sun Jun 23 04:45:04 UTC 2019 /home/travis/build/icyphy/ptII/ptolemy/actor/lib/test/auto/arrayType13.xml
----------------- Instantiating /home/travis/build/icyphy/ptII/ptolemy/actor/lib/test/auto/arrayType13.xml
1 ms. Memory: 636928K Free: 443947K (70%)
----------------- Invoking toplevel() on ptolemy.moml.MoMLSimpleApplication@6e55fc8d
----------------- Done invoking toplevel() on ptolemy.moml.MoMLSimpleApplication@6e55fc8d
reloadAllAccessors: .arrayType13

===========================================================================================
----------------- testing Sun Jun 23 04:45:04 UTC 2019 /home/travis/build/icyphy/ptII/ptolemy/actor/lib/test/auto/arrayType14.xml
----------------- Instantiating /home/travis/build/icyphy/ptII/ptolemy/actor/lib/test/auto/arrayType14.xml
3 ms. Memory: 636928K Free: 438827K (69%)
----------------- Invoking toplevel() on ptolemy.moml.MoMLSimpleApplication@3fa10689
----------------- Done invoking toplevel() on ptolemy.moml.MoMLSimpleApplication@3fa10689
reloadAllAccessors: .arrayType14

===========================================================================================
----------------- testing Sun Jun 23 04:45:04 UTC 2019 /home/travis/build/icyphy/ptII/ptolemy/actor/lib/test/auto/arrayType15.xml
----------------- Instantiating /home/travis/build/icyphy/ptII/ptolemy/actor/lib/test/auto/arrayType15.xml
3 ms. Memory: 636928K Free: 433193K (68%)
----------------- Invoking toplevel() on ptolemy.moml.MoMLSimpleApplication@23c3804e
----------------- Done invoking toplevel() on ptolemy.moml.MoMLSimpleApplication@23c3804e
reloadAllAccessors: .arrayType15

===========================================================================================
----------------- testing Sun Jun 23 04:45:04 UTC 2019 /home/travis/build/icyphy/ptII/ptolemy/actor/lib/test/auto/arrayType16.xml
----------------- Instantiating /home/travis/build/icyphy/ptII/ptolemy/actor/lib/test/auto/arrayType16.xml
1 ms. Memory: 636928K Free: 428073K (67%)
----------------- Invoking toplevel() on ptolemy.moml.MoMLSimpleApplication@40cf4aec
----------------- Done invoking toplevel() on ptolemy.moml.MoMLSimpleApplication@40cf4aec
reloadAllAccessors: .arrayType16

===========================================================================================
----------------- testing Sun Jun 23 04:45:04 UTC 2019 /home/travis/build/icyphy/ptII/ptolemy/actor/lib/test/auto/arrayType17.xml
----------------- Instantiating /home/travis/build/icyphy/ptII/ptolemy/actor/lib/test/auto/arrayType17.xml
1 ms. Memory: 636928K Free: 422443K (66%)
----------------- Invoking toplevel() on ptolemy.moml.MoMLSimpleApplication@323affa1
----------------- Done invoking toplevel() on ptolemy.moml.MoMLSimpleApplication@323affa1
reloadAllAccessors: .arrayType17

===========================================================================================
----------------- testing Sun Jun 23 04:45:04 UTC 2019 /home/travis/build/icyphy/ptII/ptolemy/actor/lib/test/auto/arrayType18.xml
----------------- Instantiating /home/travis/build/icyphy/ptII/ptolemy/actor/lib/test/auto/arrayType18.xml
1 ms. Memory: 636928K Free: 417833K (66%)
----------------- Invoking toplevel() on ptolemy.moml.MoMLSimpleApplication@6fbb63a3
----------------- Done invoking toplevel() on ptolemy.moml.MoMLSimpleApplication@6fbb63a3
reloadAllAccessors: .arrayType18

===========================================================================================
----------------- testing Sun Jun 23 04:45:04 UTC 2019 /home/travis/build/icyphy/ptII/ptolemy/actor/lib/test/auto/arrayType19.xml
----------------- Instantiating /home/travis/build/icyphy/ptII/ptolemy/actor/lib/test/auto/arrayType19.xml
2 ms. Memory: 636928K Free: 413227K (65%)
----------------- Invoking toplevel() on ptolemy.moml.MoMLSimpleApplication@24f29f48
----------------- Done invoking toplevel() on ptolemy.moml.MoMLSimpleApplication@24f29f48
reloadAllAccessors: .arrayType19

===========================================================================================
----------------- testing Sun Jun 23 04:45:04 UTC 2019 /home/travis/build/icyphy/ptII/ptolemy/actor/lib/test/auto/arrayType2.xml
----------------- Instantiating /home/travis/build/icyphy/ptII/ptolemy/actor/lib/test/auto/arrayType2.xml
3 ms. Memory: 636928K Free: 407593K (64%)
----------------- Invoking toplevel() on ptolemy.moml.MoMLSimpleApplication@5897a13b
----------------- Done invoking toplevel() on ptolemy.moml.MoMLSimpleApplication@5897a13b
reloadAllAccessors: .arrayType2

===========================================================================================
----------------- testing Sun Jun 23 04:45:04 UTC 2019 /home/travis/build/icyphy/ptII/ptolemy/actor/lib/test/auto/arrayType20.xml
----------------- Instantiating /home/travis/build/icyphy/ptII/ptolemy/actor/lib/test/auto/arrayType20.xml
2 ms. Memory: 636928K Free: 402987K (63%)
----------------- Invoking toplevel() on ptolemy.moml.MoMLSimpleApplication@3e8b9e71
----------------- Done invoking toplevel() on ptolemy.moml.MoMLSimpleApplication@3e8b9e71
reloadAllAccessors: .arrayType20

===========================================================================================
----------------- testing Sun Jun 23 04:45:04 UTC 2019 /home/travis/build/icyphy/ptII/ptolemy/actor/lib/test/auto/arrayType21.xml
----------------- Instantiating /home/travis/build/icyphy/ptII/ptolemy/actor/lib/test/auto/arrayType21.xml
2 ms. Memory: 636928K Free: 398377K (63%)
----------------- Invoking toplevel() on ptolemy.moml.MoMLSimpleApplication@3dc2da8b
----------------- Done invoking toplevel() on ptolemy.moml.MoMLSimpleApplication@3dc2da8b
reloadAllAccessors: .arrayType21

===========================================================================================
----------------- testing Sun Jun 23 04:45:04 UTC 2019 /home/travis/build/icyphy/ptII/ptolemy/actor/lib/test/auto/arrayType22.xml
----------------- Instantiating /home/travis/build/icyphy/ptII/ptolemy/actor/lib/test/auto/arrayType22.xml
1 ms. Memory: 636928K Free: 393257K (62%)
----------------- Invoking toplevel() on ptolemy.moml.MoMLSimpleApplication@1f99756d
----------------- Done invoking toplevel() on ptolemy.moml.MoMLSimpleApplication@1f99756d
reloadAllAccessors: .arrayType22

===========================================================================================
----------------- testing Sun Jun 23 04:45:04 UTC 2019 /home/travis/build/icyphy/ptII/ptolemy/actor/lib/test/auto/arrayType23.xml
----------------- Instantiating /home/travis/build/icyphy/ptII/ptolemy/actor/lib/test/auto/arrayType23.xml
2 ms. Memory: 636928K Free: 388651K (61%)
----------------- Invoking toplevel() on ptolemy.moml.MoMLSimpleApplication@48a4ca33
----------------- Done invoking toplevel() on ptolemy.moml.MoMLSimpleApplication@48a4ca33
reloadAllAccessors: .arrayType23

===========================================================================================
----------------- testing Sun Jun 23 04:45:04 UTC 2019 /home/travis/build/icyphy/ptII/ptolemy/actor/lib/test/auto/arrayType24.xml
----------------- Instantiating /home/travis/build/icyphy/ptII/ptolemy/actor/lib/test/auto/arrayType24.xml
5 ms. Memory: 636928K Free: 383531K (60%)
----------------- Invoking toplevel() on ptolemy.moml.MoMLSimpleApplication@6efda73e
----------------- Done invoking toplevel() on ptolemy.moml.MoMLSimpleApplication@6efda73e
reloadAllAccessors: .arrayType24

===========================================================================================
----------------- testing Sun Jun 23 04:45:04 UTC 2019 /home/travis/build/icyphy/ptII/ptolemy/actor/lib/test/auto/arrayType25.xml
----------------- Instantiating /home/travis/build/icyphy/ptII/ptolemy/actor/lib/test/auto/arrayType25.xml
2 ms. Memory: 636928K Free: 378411K (59%)
----------------- Invoking toplevel() on ptolemy.moml.MoMLSimpleApplication@3d6ca363
----------------- Done invoking toplevel() on ptolemy.moml.MoMLSimpleApplication@3d6ca363
reloadAllAccessors: .arrayType25

===========================================================================================
----------------- testing Sun Jun 23 04:45:04 UTC 2019 /home/travis/build/icyphy/ptII/ptolemy/actor/lib/test/auto/arrayType26.xml
----------------- Instantiating /home/travis/build/icyphy/ptII/ptolemy/actor/lib/test/auto/arrayType26.xml
2 ms. Memory: 636928K Free: 373291K (59%)
----------------- Invoking toplevel() on ptolemy.moml.MoMLSimpleApplication@3ac09306
----------------- Done invoking toplevel() on ptolemy.moml.MoMLSimpleApplication@3ac09306
reloadAllAccessors: .arrayType26

===========================================================================================
----------------- testing Sun Jun 23 04:45:04 UTC 2019 /home/travis/build/icyphy/ptII/ptolemy/actor/lib/test/auto/arrayType27.xml
----------------- Instantiating /home/travis/build/icyphy/ptII/ptolemy/actor/lib/test/auto/arrayType27.xml
2 ms. Memory: 636928K Free: 367657K (58%)
----------------- Invoking toplevel() on ptolemy.moml.MoMLSimpleApplication@3ec6f408
----------------- Done invoking toplevel() on ptolemy.moml.MoMLSimpleApplication@3ec6f408
reloadAllAccessors: .arrayType27

===========================================================================================
----------------- testing Sun Jun 23 04:45:04 UTC 2019 /home/travis/build/icyphy/ptII/ptolemy/actor/lib/test/auto/arrayType28.xml
----------------- Instantiating /home/travis/build/icyphy/ptII/ptolemy/actor/lib/test/auto/arrayType28.xml
2 ms. Memory: 636928K Free: 362537K (57%)
----------------- Invoking toplevel() on ptolemy.moml.MoMLSimpleApplication@424192b2
----------------- Done invoking toplevel() on ptolemy.moml.MoMLSimpleApplication@424192b2
reloadAllAccessors: .arrayType28

===========================================================================================
----------------- testing Sun Jun 23 04:45:04 UTC 2019 /home/travis/build/icyphy/ptII/ptolemy/actor/lib/test/auto/arrayType3.xml
----------------- Instantiating /home/travis/build/icyphy/ptII/ptolemy/actor/lib/test/auto/arrayType3.xml
1 ms. Memory: 636928K Free: 356907K (56%)
----------------- Invoking toplevel() on ptolemy.moml.MoMLSimpleApplication@2a8670b0
----------------- Done invoking toplevel() on ptolemy.moml.MoMLSimpleApplication@2a8670b0
reloadAllAccessors: .arrayType3

===========================================================================================
----------------- testing Sun Jun 23 04:45:04 UTC 2019 /home/travis/build/icyphy/ptII/ptolemy/actor/lib/test/auto/arrayType4.xml
----------------- Instantiating /home/travis/build/icyphy/ptII/ptolemy/actor/lib/test/auto/arrayType4.xml
1 ms. Memory: 636928K Free: 351787K (55%)
----------------- Invoking toplevel() on ptolemy.moml.MoMLSimpleApplication@6d4ee459
----------------- Done invoking toplevel() on ptolemy.moml.MoMLSimpleApplication@6d4ee459
reloadAllAccessors: .arrayType4

===========================================================================================
----------------- testing Sun Jun 23 04:45:04 UTC 2019 /home/travis/build/icyphy/ptII/ptolemy/actor/lib/test/auto/arrayType5.xml
----------------- Instantiating /home/travis/build/icyphy/ptII/ptolemy/actor/lib/test/auto/arrayType5.xml
3 ms. Memory: 636928K Free: 346667K (54%)
----------------- Invoking toplevel() on ptolemy.moml.MoMLSimpleApplication@7c87d3ed
----------------- Done invoking toplevel() on ptolemy.moml.MoMLSimpleApplication@7c87d3ed
reloadAllAccessors: .arrayType5

===========================================================================================
----------------- testing Sun Jun 23 04:45:04 UTC 2019 /home/travis/build/icyphy/ptII/ptolemy/actor/lib/test/auto/arrayType6.xml
----------------- Instantiating /home/travis/build/icyphy/ptII/ptolemy/actor/lib/test/auto/arrayType6.xml
1 ms. Memory: 636928K Free: 341547K (54%)
----------------- Invoking toplevel() on ptolemy.moml.MoMLSimpleApplication@9f02187
----------------- Done invoking toplevel() on ptolemy.moml.MoMLSimpleApplication@9f02187
reloadAllAccessors: .arrayType6

===========================================================================================
----------------- testing Sun Jun 23 04:45:04 UTC 2019 /home/travis/build/icyphy/ptII/ptolemy/actor/lib/test/auto/arrayType7.xml
----------------- Instantiating /home/travis/build/icyphy/ptII/ptolemy/actor/lib/test/auto/arrayType7.xml
2 ms. Memory: 636928K Free: 336937K (53%)
----------------- Invoking toplevel() on ptolemy.moml.MoMLSimpleApplication@2aa3c14f
----------------- Done invoking toplevel() on ptolemy.moml.MoMLSimpleApplication@2aa3c14f
reloadAllAccessors: .arrayType7

===========================================================================================
----------------- testing Sun Jun 23 04:45:04 UTC 2019 /home/travis/build/icyphy/ptII/ptolemy/actor/lib/test/auto/arrayType8.xml
----------------- Instantiating /home/travis/build/icyphy/ptII/ptolemy/actor/lib/test/auto/arrayType8.xml
7 ms. Memory: 636928K Free: 331817K (52%)
----------------- Invoking toplevel() on ptolemy.moml.MoMLSimpleApplication@5e8eddbc
----------------- Done invoking toplevel() on ptolemy.moml.MoMLSimpleApplication@5e8eddbc
reloadAllAccessors: .arrayType8

===========================================================================================
----------------- testing Sun Jun 23 04:45:04 UTC 2019 /home/travis/build/icyphy/ptII/ptolemy/actor/lib/test/auto/arrayType9.xml
----------------- Instantiating /home/travis/build/icyphy/ptII/ptolemy/actor/lib/test/auto/arrayType9.xml
2 ms. Memory: 636928K Free: 327211K (51%)
----------------- Invoking toplevel() on ptolemy.moml.MoMLSimpleApplication@37044dff
----------------- Done invoking toplevel() on ptolemy.moml.MoMLSimpleApplication@37044dff
reloadAllAccessors: .arrayType9

===========================================================================================
----------------- testing Sun Jun 23 04:45:04 UTC 2019 /home/travis/build/icyphy/ptII/ptolemy/actor/lib/test/auto/cast.xml
----------------- Instantiating /home/travis/build/icyphy/ptII/ptolemy/actor/lib/test/auto/cast.xml
2 ms. Memory: 636928K Free: 322091K (51%)
----------------- Invoking toplevel() on ptolemy.moml.MoMLSimpleApplication@621e12a0
----------------- Done invoking toplevel() on ptolemy.moml.MoMLSimpleApplication@621e12a0
reloadAllAccessors: .cast

===========================================================================================
----------------- testing Sun Jun 23 04:45:04 UTC 2019 /home/travis/build/icyphy/ptII/ptolemy/actor/lib/test/auto/compositeMultiPort.xml
----------------- Instantiating /home/travis/build/icyphy/ptII/ptolemy/actor/lib/test/auto/compositeMultiPort.xml
3 ms. Memory: 636928K Free: 313378K (49%)
----------------- Invoking toplevel() on ptolemy.moml.MoMLSimpleApplication@38d9b7bf
----------------- Done invoking toplevel() on ptolemy.moml.MoMLSimpleApplication@38d9b7bf
reloadAllAccessors: .compositeMultiPort

===========================================================================================
----------------- testing Sun Jun 23 04:45:04 UTC 2019 /home/travis/build/icyphy/ptII/ptolemy/actor/lib/test/auto/expressionCastInference.xml
----------------- Instantiating /home/travis/build/icyphy/ptII/ptolemy/actor/lib/test/auto/expressionCastInference.xml
3 ms. Memory: 636928K Free: 308779K (48%)
----------------- Invoking toplevel() on ptolemy.moml.MoMLSimpleApplication@cd8439c
----------------- Done invoking toplevel() on ptolemy.moml.MoMLSimpleApplication@cd8439c
reloadAllAccessors: .expressionCastInference

===========================================================================================
----------------- testing Sun Jun 23 04:45:04 UTC 2019 /home/travis/build/icyphy/ptII/ptolemy/actor/lib/test/auto/expressionCastInference2.xml
----------------- Instantiating /home/travis/build/icyphy/ptII/ptolemy/actor/lib/test/auto/expressionCastInference2.xml
2 ms. Memory: 636928K Free: 303659K (48%)
----------------- Invoking toplevel() on ptolemy.moml.MoMLSimpleApplication@7a401f07
----------------- Done invoking toplevel() on ptolemy.moml.MoMLSimpleApplication@7a401f07
reloadAllAccessors: .expressionCastInference2

===========================================================================================
----------------- testing Sun Jun 23 04:45:04 UTC 2019 /home/travis/build/icyphy/ptII/ptolemy/actor/lib/test/auto/expressionInference.xml
----------------- Instantiating /home/travis/build/icyphy/ptII/ptolemy/actor/lib/test/auto/expressionInference.xml
1 ms. Memory: 636928K Free: 299563K (47%)
----------------- Invoking toplevel() on ptolemy.moml.MoMLSimpleApplication@13f7af08
----------------- Done invoking toplevel() on ptolemy.moml.MoMLSimpleApplication@13f7af08
reloadAllAccessors: .expressionInference

===========================================================================================
----------------- testing Sun Jun 23 04:45:04 UTC 2019 /home/travis/build/icyphy/ptII/ptolemy/actor/lib/test/auto/expression_bug.xml
----------------- Instantiating /home/travis/build/icyphy/ptII/ptolemy/actor/lib/test/auto/expression_bug.xml
2 ms. Memory: 636928K Free: 294953K (46%)
----------------- Invoking toplevel() on ptolemy.moml.MoMLSimpleApplication@1b5807be
----------------- Done invoking toplevel() on ptolemy.moml.MoMLSimpleApplication@1b5807be
reloadAllAccessors: .expression_bug

===========================================================================================
----------------- testing Sun Jun 23 04:45:04 UTC 2019 /home/travis/build/icyphy/ptII/ptolemy/actor/lib/test/auto/factorial.xml
----------------- Instantiating /home/travis/build/icyphy/ptII/ptolemy/actor/lib/test/auto/factorial.xml
42 ms. Memory: 636928K Free: 286251K (45%)
----------------- Invoking toplevel() on ptolemy.moml.MoMLSimpleApplication@abff149
----------------- Done invoking toplevel() on ptolemy.moml.MoMLSimpleApplication@abff149
reloadAllAccessors: .factorial

===========================================================================================
----------------- testing Sun Jun 23 04:45:05 UTC 2019 /home/travis/build/icyphy/ptII/ptolemy/actor/lib/test/auto/filterTest1.xml
----------------- Instantiating /home/travis/build/icyphy/ptII/ptolemy/actor/lib/test/auto/filterTest1.xml
3 ms. Memory: 636928K Free: 280107K (44%)
----------------- Invoking toplevel() on ptolemy.moml.MoMLSimpleApplication@3e811422
----------------- Done invoking toplevel() on ptolemy.moml.MoMLSimpleApplication@3e811422
reloadAllAccessors: .filterTest1

===========================================================================================
----------------- testing Sun Jun 23 04:45:05 UTC 2019 /home/travis/build/icyphy/ptII/ptolemy/actor/lib/test/auto/funcApplyInConst.xml
----------------- Instantiating /home/travis/build/icyphy/ptII/ptolemy/actor/lib/test/auto/funcApplyInConst.xml
1 ms. Memory: 636928K Free: 276521K (43%)
----------------- Invoking toplevel() on ptolemy.moml.MoMLSimpleApplication@60c09726
----------------- Done invoking toplevel() on ptolemy.moml.MoMLSimpleApplication@60c09726
reloadAllAccessors: .funcApplyInConst

===========================================================================================
----------------- testing Sun Jun 23 04:45:05 UTC 2019 /home/travis/build/icyphy/ptII/ptolemy/actor/lib/test/auto/funcApplyInExpr.xml
----------------- Instantiating /home/travis/build/icyphy/ptII/ptolemy/actor/lib/test/auto/funcApplyInExpr.xml
2 ms. Memory: 636928K Free: 581666K (91%)
----------------- Invoking toplevel() on ptolemy.moml.MoMLSimpleApplication@57661f5c
----------------- Done invoking toplevel() on ptolemy.moml.MoMLSimpleApplication@57661f5c
reloadAllAccessors: .funcApplyInExpr

===========================================================================================
----------------- testing Sun Jun 23 04:45:05 UTC 2019 /home/travis/build/icyphy/ptII/ptolemy/actor/lib/test/auto/function.xml
----------------- Instantiating /home/travis/build/icyphy/ptII/ptolemy/actor/lib/test/auto/function.xml
2 ms. Memory: 636928K Free: 576043K (90%)
----------------- Invoking toplevel() on ptolemy.moml.MoMLSimpleApplication@46e991d4
----------------- Done invoking toplevel() on ptolemy.moml.MoMLSimpleApplication@46e991d4
reloadAllAccessors: .function

===========================================================================================
----------------- testing Sun Jun 23 04:45:05 UTC 2019 /home/travis/build/icyphy/ptII/ptolemy/actor/lib/test/auto/function2.xml
----------------- Instantiating /home/travis/build/icyphy/ptII/ptolemy/actor/lib/test/auto/function2.xml
2 ms. Memory: 636928K Free: 571433K (90%)
----------------- Invoking toplevel() on ptolemy.moml.MoMLSimpleApplication@44de7e43
----------------- Done invoking toplevel() on ptolemy.moml.MoMLSimpleApplication@44de7e43
reloadAllAccessors: .function2

===========================================================================================
----------------- testing Sun Jun 23 04:45:05 UTC 2019 /home/travis/build/icyphy/ptII/ptolemy/actor/lib/test/auto/function3.xml
----------------- Instantiating /home/travis/build/icyphy/ptII/ptolemy/actor/lib/test/auto/function3.xml
2 ms. Memory: 636928K Free: 567337K (89%)
----------------- Invoking toplevel() on ptolemy.moml.MoMLSimpleApplication@48386a29
----------------- Done invoking toplevel() on ptolemy.moml.MoMLSimpleApplication@48386a29
reloadAllAccessors: .function3

===========================================================================================
----------------- testing Sun Jun 23 04:45:05 UTC 2019 /home/travis/build/icyphy/ptII/ptolemy/actor/lib/test/auto/functionClosureTest1.xml
----------------- Instantiating /home/travis/build/icyphy/ptII/ptolemy/actor/lib/test/auto/functionClosureTest1.xml
2 ms. Memory: 636928K Free: 561707K (88%)
----------------- Invoking toplevel() on ptolemy.moml.MoMLSimpleApplication@4ff3ca0a
----------------- Done invoking toplevel() on ptolemy.moml.MoMLSimpleApplication@4ff3ca0a
reloadAllAccessors: .functionClosureTest1

===========================================================================================
----------------- testing Sun Jun 23 04:45:05 UTC 2019 /home/travis/build/icyphy/ptII/ptolemy/actor/lib/test/auto/functionClosureTest2.xml
----------------- Instantiating /home/travis/build/icyphy/ptII/ptolemy/actor/lib/test/auto/functionClosureTest2.xml
1 ms. Memory: 636928K Free: 557611K (88%)
----------------- Invoking toplevel() on ptolemy.moml.MoMLSimpleApplication@71d003d0
----------------- Done invoking toplevel() on ptolemy.moml.MoMLSimpleApplication@71d003d0
reloadAllAccessors: .functionClosureTest2

===========================================================================================
----------------- testing Sun Jun 23 04:45:05 UTC 2019 /home/travis/build/icyphy/ptII/ptolemy/actor/lib/test/auto/functionClosureTest3.xml
----------------- Instantiating /home/travis/build/icyphy/ptII/ptolemy/actor/lib/test/auto/functionClosureTest3.xml
9 ms. Memory: 636928K Free: 552491K (87%)
----------------- Invoking toplevel() on ptolemy.moml.MoMLSimpleApplication@c37304a
----------------- Done invoking toplevel() on ptolemy.moml.MoMLSimpleApplication@c37304a
reloadAllAccessors: .functionClosureTest3

===========================================================================================
----------------- testing Sun Jun 23 04:45:05 UTC 2019 /home/travis/build/icyphy/ptII/ptolemy/actor/lib/test/auto/functionClosureTest4.xml
----------------- Instantiating /home/travis/build/icyphy/ptII/ptolemy/actor/lib/test/auto/functionClosureTest4.xml
3 ms. Memory: 636928K Free: 545833K (86%)
----------------- Invoking toplevel() on ptolemy.moml.MoMLSimpleApplication@2ad8c4d8
----------------- Done invoking toplevel() on ptolemy.moml.MoMLSimpleApplication@2ad8c4d8
reloadAllAccessors: .functionClosureTest4

===========================================================================================
----------------- testing Sun Jun 23 04:45:05 UTC 2019 /home/travis/build/icyphy/ptII/ptolemy/actor/lib/test/auto/functionClosureTest5.xml
----------------- Instantiating /home/travis/build/icyphy/ptII/ptolemy/actor/lib/test/auto/functionClosureTest5.xml
4 ms. Memory: 636928K Free: 540713K (85%)
----------------- Invoking toplevel() on ptolemy.moml.MoMLSimpleApplication@94ad761
----------------- Done invoking toplevel() on ptolemy.moml.MoMLSimpleApplication@94ad761
reloadAllAccessors: .functionClosureTest5

===========================================================================================
----------------- testing Sun Jun 23 04:45:05 UTC 2019 /home/travis/build/icyphy/ptII/ptolemy/actor/lib/test/auto/functionClosureTest6.xml
----------------- Instantiating /home/travis/build/icyphy/ptII/ptolemy/actor/lib/test/auto/functionClosureTest6.xml
2 ms. Memory: 636928K Free: 535593K (84%)
----------------- Invoking toplevel() on ptolemy.moml.MoMLSimpleApplication@1358672
----------------- Done invoking toplevel() on ptolemy.moml.MoMLSimpleApplication@1358672
reloadAllAccessors: .functionClosureTest6

===========================================================================================
----------------- testing Sun Jun 23 04:45:05 UTC 2019 /home/travis/build/icyphy/ptII/ptolemy/actor/lib/test/auto/functionsOnArcs.xml
----------------- Instantiating /home/travis/build/icyphy/ptII/ptolemy/actor/lib/test/auto/functionsOnArcs.xml
2 ms. Memory: 636928K Free: 530473K (83%)
----------------- Invoking toplevel() on ptolemy.moml.MoMLSimpleApplication@155a937a
----------------- Done invoking toplevel() on ptolemy.moml.MoMLSimpleApplication@155a937a
reloadAllAccessors: .functionsOnArcs

===========================================================================================
----------------- testing Sun Jun 23 04:45:05 UTC 2019 /home/travis/build/icyphy/ptII/ptolemy/actor/lib/test/auto/functionsOnArcsHOF.xml
----------------- Instantiating /home/travis/build/icyphy/ptII/ptolemy/actor/lib/test/auto/functionsOnArcsHOF.xml
4 ms. Memory: 636928K Free: 524329K (82%)
----------------- Invoking toplevel() on ptolemy.moml.MoMLSimpleApplication@4d0268a4
----------------- Done invoking toplevel() on ptolemy.moml.MoMLSimpleApplication@4d0268a4
reloadAllAccessors: .functionsOnArcsHOF

===========================================================================================
----------------- testing Sun Jun 23 04:45:05 UTC 2019 /home/travis/build/icyphy/ptII/ptolemy/actor/lib/test/auto/logic.xml
----------------- Instantiating /home/travis/build/icyphy/ptII/ptolemy/actor/lib/test/auto/logic.xml
2 ms. Memory: 636928K Free: 517161K (81%)
----------------- Invoking toplevel() on ptolemy.moml.MoMLSimpleApplication@ff63ea1
----------------- Done invoking toplevel() on ptolemy.moml.MoMLSimpleApplication@ff63ea1
reloadAllAccessors: .logic

===========================================================================================
----------------- testing Sun Jun 23 04:45:05 UTC 2019 /home/travis/build/icyphy/ptII/ptolemy/actor/lib/test/auto/matrixType.xml
----------------- Instantiating /home/travis/build/icyphy/ptII/ptolemy/actor/lib/test/auto/matrixType.xml
1 ms. Memory: 636928K Free: 512041K (80%)
----------------- Invoking toplevel() on ptolemy.moml.MoMLSimpleApplication@5468527a
----------------- Done invoking toplevel() on ptolemy.moml.MoMLSimpleApplication@5468527a
reloadAllAccessors: .matrixType

===========================================================================================
----------------- testing Sun Jun 23 04:45:05 UTC 2019 /home/travis/build/icyphy/ptII/ptolemy/actor/lib/test/auto/matrixType10.xml
----------------- Instantiating /home/travis/build/icyphy/ptII/ptolemy/actor/lib/test/auto/matrixType10.xml
3 ms. Memory: 636928K Free: 507435K (80%)
----------------- Invoking toplevel() on ptolemy.moml.MoMLSimpleApplication@6b87b87
----------------- Done invoking toplevel() on ptolemy.moml.MoMLSimpleApplication@6b87b87
reloadAllAccessors: .matrixType10

===========================================================================================
----------------- testing Sun Jun 23 04:45:05 UTC 2019 /home/travis/build/icyphy/ptII/ptolemy/actor/lib/test/auto/matrixType11.xml
----------------- Instantiating /home/travis/build/icyphy/ptII/ptolemy/actor/lib/test/auto/matrixType11.xml
1 ms. Memory: 636928K Free: 502315K (79%)
----------------- Invoking toplevel() on ptolemy.moml.MoMLSimpleApplication@35cc8add
----------------- Done invoking toplevel() on ptolemy.moml.MoMLSimpleApplication@35cc8add
reloadAllAccessors: .matrixType11

===========================================================================================
----------------- testing Sun Jun 23 04:45:05 UTC 2019 /home/travis/build/icyphy/ptII/ptolemy/actor/lib/test/auto/matrixType12.xml
----------------- Instantiating /home/travis/build/icyphy/ptII/ptolemy/actor/lib/test/auto/matrixType12.xml
1 ms. Memory: 636928K Free: 497705K (78%)
----------------- Invoking toplevel() on ptolemy.moml.MoMLSimpleApplication@4a1902b7
----------------- Done invoking toplevel() on ptolemy.moml.MoMLSimpleApplication@4a1902b7
reloadAllAccessors: .matrixType12

===========================================================================================
----------------- testing Sun Jun 23 04:45:05 UTC 2019 /home/travis/build/icyphy/ptII/ptolemy/actor/lib/test/auto/matrixType13.xml
----------------- Instantiating /home/travis/build/icyphy/ptII/ptolemy/actor/lib/test/auto/matrixType13.xml
1 ms. Memory: 636928K Free: 492585K (77%)
----------------- Invoking toplevel() on ptolemy.moml.MoMLSimpleApplication@1cfb3107
----------------- Done invoking toplevel() on ptolemy.moml.MoMLSimpleApplication@1cfb3107
reloadAllAccessors: .matrixType13

===========================================================================================
----------------- testing Sun Jun 23 04:45:05 UTC 2019 /home/travis/build/icyphy/ptII/ptolemy/actor/lib/test/auto/matrixType14.xml
----------------- Instantiating /home/travis/build/icyphy/ptII/ptolemy/actor/lib/test/auto/matrixType14.xml
2 ms. Memory: 636928K Free: 487465K (77%)
----------------- Invoking toplevel() on ptolemy.moml.MoMLSimpleApplication@2d98d87c
----------------- Done invoking toplevel() on ptolemy.moml.MoMLSimpleApplication@2d98d87c
reloadAllAccessors: .matrixType14

===========================================================================================
----------------- testing Sun Jun 23 04:45:05 UTC 2019 /home/travis/build/icyphy/ptII/ptolemy/actor/lib/test/auto/matrixType2.xml
----------------- Instantiating /home/travis/build/icyphy/ptII/ptolemy/actor/lib/test/auto/matrixType2.xml
1 ms. Memory: 636928K Free: 482345K (76%)
----------------- Invoking toplevel() on ptolemy.moml.MoMLSimpleApplication@57c05acb
----------------- Done invoking toplevel() on ptolemy.moml.MoMLSimpleApplication@57c05acb
reloadAllAccessors: .matrixType2

===========================================================================================
----------------- testing Sun Jun 23 04:45:05 UTC 2019 /home/travis/build/icyphy/ptII/ptolemy/actor/lib/test/auto/matrixType3.xml
----------------- Instantiating /home/travis/build/icyphy/ptII/ptolemy/actor/lib/test/auto/matrixType3.xml
4 ms. Memory: 636928K Free: 477739K (75%)
----------------- Invoking toplevel() on ptolemy.moml.MoMLSimpleApplication@38168f45
----------------- Done invoking toplevel() on ptolemy.moml.MoMLSimpleApplication@38168f45
reloadAllAccessors: .matrixType3

===========================================================================================
----------------- testing Sun Jun 23 04:45:05 UTC 2019 /home/travis/build/icyphy/ptII/ptolemy/actor/lib/test/auto/matrixType4.xml
----------------- Instantiating /home/travis/build/icyphy/ptII/ptolemy/actor/lib/test/auto/matrixType4.xml
2 ms. Memory: 636928K Free: 472619K (74%)
----------------- Invoking toplevel() on ptolemy.moml.MoMLSimpleApplication@6b797faa
----------------- Done invoking toplevel() on ptolemy.moml.MoMLSimpleApplication@6b797faa
reloadAllAccessors: .matrixType4

===========================================================================================
----------------- testing Sun Jun 23 04:45:05 UTC 2019 /home/travis/build/icyphy/ptII/ptolemy/actor/lib/test/auto/matrixType5.xml
----------------- Instantiating /home/travis/build/icyphy/ptII/ptolemy/actor/lib/test/auto/matrixType5.xml
1 ms. Memory: 636928K Free: 468009K (73%)
----------------- Invoking toplevel() on ptolemy.moml.MoMLSimpleApplication@64c3bee3
----------------- Done invoking toplevel() on ptolemy.moml.MoMLSimpleApplication@64c3bee3
reloadAllAccessors: .matrixType5

===========================================================================================
----------------- testing Sun Jun 23 04:45:05 UTC 2019 /home/travis/build/icyphy/ptII/ptolemy/actor/lib/test/auto/matrixType6.xml
----------------- Instantiating /home/travis/build/icyphy/ptII/ptolemy/actor/lib/test/auto/matrixType6.xml
1 ms. Memory: 636928K Free: 462889K (73%)
----------------- Invoking toplevel() on ptolemy.moml.MoMLSimpleApplication@65ba4f0a
----------------- Done invoking toplevel() on ptolemy.moml.MoMLSimpleApplication@65ba4f0a
reloadAllAccessors: .matrixType6

===========================================================================================
----------------- testing Sun Jun 23 04:45:05 UTC 2019 /home/travis/build/icyphy/ptII/ptolemy/actor/lib/test/auto/matrixType7.xml
----------------- Instantiating /home/travis/build/icyphy/ptII/ptolemy/actor/lib/test/auto/matrixType7.xml
2 ms. Memory: 636928K Free: 458283K (72%)
----------------- Invoking toplevel() on ptolemy.moml.MoMLSimpleApplication@393efb4
----------------- Done invoking toplevel() on ptolemy.moml.MoMLSimpleApplication@393efb4
reloadAllAccessors: .matrixType7

===========================================================================================
----------------- testing Sun Jun 23 04:45:05 UTC 2019 /home/travis/build/icyphy/ptII/ptolemy/actor/lib/test/auto/matrixType8.xml
----------------- Instantiating /home/travis/build/icyphy/ptII/ptolemy/actor/lib/test/auto/matrixType8.xml
1 ms. Memory: 636928K Free: 453163K (71%)
----------------- Invoking toplevel() on ptolemy.moml.MoMLSimpleApplication@53ca8fbd
----------------- Done invoking toplevel() on ptolemy.moml.MoMLSimpleApplication@53ca8fbd
reloadAllAccessors: .matrixType8

===========================================================================================
----------------- testing Sun Jun 23 04:45:05 UTC 2019 /home/travis/build/icyphy/ptII/ptolemy/actor/lib/test/auto/matrixType9.xml
----------------- Instantiating /home/travis/build/icyphy/ptII/ptolemy/actor/lib/test/auto/matrixType9.xml
1 ms. Memory: 636928K Free: 448553K (70%)
----------------- Invoking toplevel() on ptolemy.moml.MoMLSimpleApplication@19161d8a
----------------- Done invoking toplevel() on ptolemy.moml.MoMLSimpleApplication@19161d8a
reloadAllAccessors: .matrixType9

===========================================================================================
----------------- testing Sun Jun 23 04:45:05 UTC 2019 /home/travis/build/icyphy/ptII/ptolemy/actor/lib/test/auto/paraFunctest.xml
----------------- Instantiating /home/travis/build/icyphy/ptII/ptolemy/actor/lib/test/auto/paraFunctest.xml
2 ms. Memory: 636928K Free: 443947K (70%)
----------------- Invoking toplevel() on ptolemy.moml.MoMLSimpleApplication@11be9273
----------------- Done invoking toplevel() on ptolemy.moml.MoMLSimpleApplication@11be9273
reloadAllAccessors: .paraFunctest

===========================================================================================
----------------- testing Sun Jun 23 04:45:05 UTC 2019 /home/travis/build/icyphy/ptII/ptolemy/actor/lib/test/auto/paraFunctest2.xml
----------------- Instantiating /home/travis/build/icyphy/ptII/ptolemy/actor/lib/test/auto/paraFunctest2.xml
2 ms. Memory: 636928K Free: 439337K (69%)
----------------- Invoking toplevel() on ptolemy.moml.MoMLSimpleApplication@c72eb0d
----------------- Done invoking toplevel() on ptolemy.moml.MoMLSimpleApplication@c72eb0d
reloadAllAccessors: .paraFunctest2

===========================================================================================
----------------- testing Sun Jun 23 04:45:05 UTC 2019 /home/travis/build/icyphy/ptII/ptolemy/actor/lib/test/auto/parameterPassing.xml
----------------- Instantiating /home/travis/build/icyphy/ptII/ptolemy/actor/lib/test/auto/parameterPassing.xml
1 ms. Memory: 636928K Free: 434731K (68%)
----------------- Invoking toplevel() on ptolemy.moml.MoMLSimpleApplication@13a584d5
----------------- Done invoking toplevel() on ptolemy.moml.MoMLSimpleApplication@13a584d5
reloadAllAccessors: .parameterPassing

===========================================================================================
----------------- testing Sun Jun 23 04:45:05 UTC 2019 /home/travis/build/icyphy/ptII/ptolemy/actor/lib/test/auto/record.xml
----------------- Instantiating /home/travis/build/icyphy/ptII/ptolemy/actor/lib/test/auto/record.xml
3 ms. Memory: 636928K Free: 430121K (68%)
----------------- Invoking toplevel() on ptolemy.moml.MoMLSimpleApplication@61a66a80
----------------- Done invoking toplevel() on ptolemy.moml.MoMLSimpleApplication@61a66a80
reloadAllAccessors: .record

===========================================================================================
----------------- testing Sun Jun 23 04:45:05 UTC 2019 /home/travis/build/icyphy/ptII/ptolemy/actor/lib/test/auto/sizedarray1.xml
----------------- Instantiating /home/travis/build/icyphy/ptII/ptolemy/actor/lib/test/auto/sizedarray1.xml
2 ms. Memory: 636928K Free: 424491K (67%)
----------------- Invoking toplevel() on ptolemy.moml.MoMLSimpleApplication@2e217f33
----------------- Done invoking toplevel() on ptolemy.moml.MoMLSimpleApplication@2e217f33
reloadAllAccessors: .sizedarray1

===========================================================================================
----------------- testing Sun Jun 23 04:45:05 UTC 2019 /home/travis/build/icyphy/ptII/ptolemy/actor/lib/test/auto/sizedarray2.xml
----------------- Instantiating /home/travis/build/icyphy/ptII/ptolemy/actor/lib/test/auto/sizedarray2.xml
3 ms. Memory: 636928K Free: 419371K (66%)
----------------- Invoking toplevel() on ptolemy.moml.MoMLSimpleApplication@497b7ec5
----------------- Done invoking toplevel() on ptolemy.moml.MoMLSimpleApplication@497b7ec5
reloadAllAccessors: .sizedarray2

===========================================================================================
----------------- testing Sun Jun 23 04:45:05 UTC 2019 /home/travis/build/icyphy/ptII/ptolemy/actor/lib/test/auto/twoPublishers.xml
----------------- Instantiating /home/travis/build/icyphy/ptII/ptolemy/actor/lib/test/auto/twoPublishers.xml
7 ms. Memory: 636928K Free: 408602K (64%)
----------------- Invoking toplevel() on ptolemy.moml.MoMLSimpleApplication@5e0d8ff0
----------------- Done invoking toplevel() on ptolemy.moml.MoMLSimpleApplication@5e0d8ff0
reloadAllAccessors: .twoPublishers
AutoTests.java: About to close Vertx.
AutoTests.java: Vertx closed.
]]></system-out>
  <system-err><![CDATA[java.lang.RuntimeException: Execution failed
	at ptolemy.moml.MoMLSimpleApplication$UnloadThread.run(MoMLSimpleApplication.java:402)
Caused by: java.lang.RuntimeException: StringUtilities.exit() was called. Normally, we would exit here because Manager.exitAfterWrapup() was called.  However, because the ptolemy.ptII.exitAfterWrapup property is set, we throw this exception instead.
	at ptolemy.util.StringUtilities.exit(StringUtilities.java:363)
	at ptolemy.actor.Manager.wrapup(Manager.java:1531)
	at ptolemy.actor.Manager.execute(Manager.java:407)
	at ptolemy.actor.Manager.run(Manager.java:1263)
	at ptolemy.actor.Manager$PtolemyRunThread.run(Manager.java:1915)
Warning: '.top.test' is in training mode, set the trainingMode parameter to false before checking in
Warning: '.top.test' is in training mode, set the trainingMode parameter to false before checking in
Warning: '.top.test' is in training mode, set the trainingMode parameter to false before checking in
Warning: '.BooleanSwitch_RegressionTest_WrongTrainingValues.Test' is in training mode, set the trainingMode parameter to false before checking in
Warning: '.BooleanSwitch_RegressionTest_WrongTrainingValues.Test2' is in training mode, set the trainingMode parameter to false before checking in
Warning: '.BooleanSwitch_RegressionTest_WrongTrainingValues.Test2' The test produced 0 tokens.
Warning: '.top.testExceptionHandler' is in training mode, set the trainingMode parameter to false before checking in
java.lang.RuntimeException: Execution failed
	at ptolemy.moml.MoMLSimpleApplication$UnloadThread.run(MoMLSimpleApplication.java:402)
Caused by: ptolemy.kernel.util.IllegalActionException: PublisherPorts cannot be used at the top level, use a Publisher actor instead.
  in .PublisherPortToplevelSubscriber.PublisherPort
	at ptolemy.actor.PublisherPort.preinitialize(PublisherPort.java:403)
	at ptolemy.actor.CompositeActor.preinitialize(CompositeActor.java:1769)
	at ptolemy.actor.Manager.preinitializeAndResolveTypes(Manager.java:1040)
	at ptolemy.actor.Manager.initialize(Manager.java:710)
	at ptolemy.actor.Manager.execute(Manager.java:356)
	at ptolemy.actor.Manager.run(Manager.java:1263)
	at ptolemy.actor.Manager$PtolemyRunThread.run(Manager.java:1915)
java.lang.reflect.InvocationTargetException
	at java.base/jdk.internal.reflect.NativeConstructorAccessorImpl.newInstance0(Native Method)
	at java.base/jdk.internal.reflect.NativeConstructorAccessorImpl.newInstance(NativeConstructorAccessorImpl.java:62)
	at java.base/jdk.internal.reflect.DelegatingConstructorAccessorImpl.newInstance(DelegatingConstructorAccessorImpl.java:45)
	at java.base/java.lang.reflect.Constructor.newInstance(Constructor.java:490)
	at ptolemy.util.test.junit.AutoKnownFailedTests.RunModel(AutoKnownFailedTests.java:105)
	at java.base/jdk.internal.reflect.NativeMethodAccessorImpl.invoke0(Native Method)
	at java.base/jdk.internal.reflect.NativeMethodAccessorImpl.invoke(NativeMethodAccessorImpl.java:62)
	at java.base/jdk.internal.reflect.DelegatingMethodAccessorImpl.invoke(DelegatingMethodAccessorImpl.java:43)
	at java.base/java.lang.reflect.Method.invoke(Method.java:566)
	at org.junit.runners.model.FrameworkMethod$1.runReflectiveCall(FrameworkMethod.java:44)
	at org.junit.internal.runners.model.ReflectiveCallable.run(ReflectiveCallable.java:15)
	at org.junit.runners.model.FrameworkMethod.invokeExplosively(FrameworkMethod.java:41)
	at junitparams.internal.InvokeParameterisedMethod.evaluate(InvokeParameterisedMethod.java:102)
	at org.junit.internal.runners.statements.FailOnTimeout$1.run(FailOnTimeout.java:28)
Caused by: ptolemy.kernel.util.IllegalActionException: PublisherPorts cannot be used at the top level, use a Publisher actor instead.
  in .PublisherPortToplevelSubscriber.PublisherPort
	at ptolemy.actor.PublisherPort.preinitialize(PublisherPort.java:403)
	at ptolemy.actor.CompositeActor.preinitialize(CompositeActor.java:1769)
	at ptolemy.actor.Manager.preinitializeAndResolveTypes(Manager.java:1040)
	at ptolemy.actor.Manager.initialize(Manager.java:710)
	at ptolemy.actor.Manager.execute(Manager.java:356)
	at ptolemy.actor.Manager.run(Manager.java:1263)
	at ptolemy.actor.Manager$PtolemyRunThread.run(Manager.java:1915)
java.lang.RuntimeException: Execution failed
	at ptolemy.moml.MoMLSimpleApplication$UnloadThread.run(MoMLSimpleApplication.java:402)
Caused by: ptolemy.kernel.util.IllegalActionException: SubscriberPorts cannot be used at the top level, use a Subscriber actor instead.
  in .PublisherSubscriberPortToplevel.SubscriberPort
	at ptolemy.actor.SubscriberPort.preinitialize(SubscriberPort.java:328)
	at ptolemy.actor.CompositeActor.preinitialize(CompositeActor.java:1769)
	at ptolemy.actor.Manager.preinitializeAndResolveTypes(Manager.java:1040)
	at ptolemy.actor.Manager.initialize(Manager.java:710)
	at ptolemy.actor.Manager.execute(Manager.java:356)
	at ptolemy.actor.Manager.run(Manager.java:1263)
	at ptolemy.actor.Manager$PtolemyRunThread.run(Manager.java:1915)
java.lang.reflect.InvocationTargetException
	at java.base/jdk.internal.reflect.NativeConstructorAccessorImpl.newInstance0(Native Method)
	at java.base/jdk.internal.reflect.NativeConstructorAccessorImpl.newInstance(NativeConstructorAccessorImpl.java:62)
	at java.base/jdk.internal.reflect.DelegatingConstructorAccessorImpl.newInstance(DelegatingConstructorAccessorImpl.java:45)
	at java.base/java.lang.reflect.Constructor.newInstance(Constructor.java:490)
	at ptolemy.util.test.junit.AutoKnownFailedTests.RunModel(AutoKnownFailedTests.java:105)
	at java.base/jdk.internal.reflect.NativeMethodAccessorImpl.invoke0(Native Method)
	at java.base/jdk.internal.reflect.NativeMethodAccessorImpl.invoke(NativeMethodAccessorImpl.java:62)
	at java.base/jdk.internal.reflect.DelegatingMethodAccessorImpl.invoke(DelegatingMethodAccessorImpl.java:43)
	at java.base/java.lang.reflect.Method.invoke(Method.java:566)
	at org.junit.runners.model.FrameworkMethod$1.runReflectiveCall(FrameworkMethod.java:44)
	at org.junit.internal.runners.model.ReflectiveCallable.run(ReflectiveCallable.java:15)
	at org.junit.runners.model.FrameworkMethod.invokeExplosively(FrameworkMethod.java:41)
	at junitparams.internal.InvokeParameterisedMethod.evaluate(InvokeParameterisedMethod.java:102)
	at org.junit.internal.runners.statements.FailOnTimeout$1.run(FailOnTimeout.java:28)
Caused by: ptolemy.kernel.util.IllegalActionException: SubscriberPorts cannot be used at the top level, use a Subscriber actor instead.
  in .PublisherSubscriberPortToplevel.SubscriberPort
	at ptolemy.actor.SubscriberPort.preinitialize(SubscriberPort.java:328)
	at ptolemy.actor.CompositeActor.preinitialize(CompositeActor.java:1769)
	at ptolemy.actor.Manager.preinitializeAndResolveTypes(Manager.java:1040)
	at ptolemy.actor.Manager.initialize(Manager.java:710)
	at ptolemy.actor.Manager.execute(Manager.java:356)
	at ptolemy.actor.Manager.run(Manager.java:1263)
	at ptolemy.actor.Manager$PtolemyRunThread.run(Manager.java:1915)
java.lang.RuntimeException: Execution failed
	at ptolemy.moml.MoMLSimpleApplication$UnloadThread.run(MoMLSimpleApplication.java:402)
Caused by: ptolemy.kernel.util.IllegalActionException: SubscriptionAggregatorPorts cannot be used at the top level, use a SubscriptionAggregator actor instead.
  in .PublisherSubscriptionAggregatorPort.SubscriptionAggregatorPort
	at ptolemy.actor.SubscriptionAggregatorPort.preinitialize(SubscriptionAggregatorPort.java:353)
	at ptolemy.actor.CompositeActor.preinitialize(CompositeActor.java:1769)
	at ptolemy.actor.Manager.preinitializeAndResolveTypes(Manager.java:1040)
	at ptolemy.actor.Manager.initialize(Manager.java:710)
	at ptolemy.actor.Manager.execute(Manager.java:356)
	at ptolemy.actor.Manager.run(Manager.java:1263)
	at ptolemy.actor.Manager$PtolemyRunThread.run(Manager.java:1915)
java.lang.reflect.InvocationTargetException
	at java.base/jdk.internal.reflect.NativeConstructorAccessorImpl.newInstance0(Native Method)
	at java.base/jdk.internal.reflect.NativeConstructorAccessorImpl.newInstance(NativeConstructorAccessorImpl.java:62)
	at java.base/jdk.internal.reflect.DelegatingConstructorAccessorImpl.newInstance(DelegatingConstructorAccessorImpl.java:45)
	at java.base/java.lang.reflect.Constructor.newInstance(Constructor.java:490)
	at ptolemy.util.test.junit.AutoKnownFailedTests.RunModel(AutoKnownFailedTests.java:105)
	at java.base/jdk.internal.reflect.NativeMethodAccessorImpl.invoke0(Native Method)
	at java.base/jdk.internal.reflect.NativeMethodAccessorImpl.invoke(NativeMethodAccessorImpl.java:62)
	at java.base/jdk.internal.reflect.DelegatingMethodAccessorImpl.invoke(DelegatingMethodAccessorImpl.java:43)
	at java.base/java.lang.reflect.Method.invoke(Method.java:566)
	at org.junit.runners.model.FrameworkMethod$1.runReflectiveCall(FrameworkMethod.java:44)
	at org.junit.internal.runners.model.ReflectiveCallable.run(ReflectiveCallable.java:15)
	at org.junit.runners.model.FrameworkMethod.invokeExplosively(FrameworkMethod.java:41)
	at junitparams.internal.InvokeParameterisedMethod.evaluate(InvokeParameterisedMethod.java:102)
	at org.junit.internal.runners.statements.FailOnTimeout$1.run(FailOnTimeout.java:28)
Caused by: ptolemy.kernel.util.IllegalActionException: SubscriptionAggregatorPorts cannot be used at the top level, use a SubscriptionAggregator actor instead.
  in .PublisherSubscriptionAggregatorPort.SubscriptionAggregatorPort
	at ptolemy.actor.SubscriptionAggregatorPort.preinitialize(SubscriptionAggregatorPort.java:353)
	at ptolemy.actor.CompositeActor.preinitialize(CompositeActor.java:1769)
	at ptolemy.actor.Manager.preinitializeAndResolveTypes(Manager.java:1040)
	at ptolemy.actor.Manager.initialize(Manager.java:710)
	at ptolemy.actor.Manager.execute(Manager.java:356)
	at ptolemy.actor.Manager.run(Manager.java:1263)
	at ptolemy.actor.Manager$PtolemyRunThread.run(Manager.java:1915)
java.lang.RuntimeException: Execution failed
	at ptolemy.moml.MoMLSimpleApplication$UnloadThread.run(MoMLSimpleApplication.java:402)
Caused by: ptolemy.kernel.util.IllegalActionException: TypeTest actor has no training data.
  in .sizedarray3.TypeTest
	at ptolemy.actor.lib.TypeTest.initialize(TypeTest.java:250)
	at ptolemy.actor.Director.initialize(Director.java:938)
	at ptolemy.actor.Director.initialize(Director.java:907)
	at ptolemy.actor.sched.StaticSchedulingDirector.initialize(StaticSchedulingDirector.java:159)
	at ptolemy.domains.sdf.kernel.SDFDirector.initialize(SDFDirector.java:544)
	at ptolemy.actor.CompositeActor.initialize(CompositeActor.java:935)
	at ptolemy.actor.Manager.initialize(Manager.java:724)
	at ptolemy.actor.Manager.execute(Manager.java:356)
	at ptolemy.actor.Manager.run(Manager.java:1263)
	at ptolemy.actor.Manager$PtolemyRunThread.run(Manager.java:1915)
java.lang.reflect.InvocationTargetException
	at java.base/jdk.internal.reflect.NativeConstructorAccessorImpl.newInstance0(Native Method)
	at java.base/jdk.internal.reflect.NativeConstructorAccessorImpl.newInstance(NativeConstructorAccessorImpl.java:62)
	at java.base/jdk.internal.reflect.DelegatingConstructorAccessorImpl.newInstance(DelegatingConstructorAccessorImpl.java:45)
	at java.base/java.lang.reflect.Constructor.newInstance(Constructor.java:490)
	at ptolemy.util.test.junit.AutoKnownFailedTests.RunModel(AutoKnownFailedTests.java:105)
	at java.base/jdk.internal.reflect.NativeMethodAccessorImpl.invoke0(Native Method)
	at java.base/jdk.internal.reflect.NativeMethodAccessorImpl.invoke(NativeMethodAccessorImpl.java:62)
	at java.base/jdk.internal.reflect.DelegatingMethodAccessorImpl.invoke(DelegatingMethodAccessorImpl.java:43)
	at java.base/java.lang.reflect.Method.invoke(Method.java:566)
	at org.junit.runners.model.FrameworkMethod$1.runReflectiveCall(FrameworkMethod.java:44)
	at org.junit.internal.runners.model.ReflectiveCallable.run(ReflectiveCallable.java:15)
	at org.junit.runners.model.FrameworkMethod.invokeExplosively(FrameworkMethod.java:41)
	at junitparams.internal.InvokeParameterisedMethod.evaluate(InvokeParameterisedMethod.java:102)
	at org.junit.internal.runners.statements.FailOnTimeout$1.run(FailOnTimeout.java:28)
Caused by: ptolemy.kernel.util.IllegalActionException: TypeTest actor has no training data.
  in .sizedarray3.TypeTest
	at ptolemy.actor.lib.TypeTest.initialize(TypeTest.java:250)
	at ptolemy.actor.Director.initialize(Director.java:938)
	at ptolemy.actor.Director.initialize(Director.java:907)
	at ptolemy.actor.sched.StaticSchedulingDirector.initialize(StaticSchedulingDirector.java:159)
	at ptolemy.domains.sdf.kernel.SDFDirector.initialize(SDFDirector.java:544)
	at ptolemy.actor.CompositeActor.initialize(CompositeActor.java:935)
	at ptolemy.actor.Manager.initialize(Manager.java:724)
	at ptolemy.actor.Manager.execute(Manager.java:356)
	at ptolemy.actor.Manager.run(Manager.java:1263)
	at ptolemy.actor.Manager$PtolemyRunThread.run(Manager.java:1915)
java.lang.RuntimeException: Execution failed
	at ptolemy.moml.MoMLSimpleApplication$UnloadThread.run(MoMLSimpleApplication.java:402)
Caused by: ptolemy.kernel.util.IllegalActionException: Test fails in iteration 0.
Value was: "WARNING: An illegal reflective access operation has occurred\nWARNING: Illegal reflective access by io.netty.util.internal.ReflectionUtil (file:/home/travis/build/icyphy/ptII/lib/netty-common-4.1.19.Final.jar) to constructor java.nio.DirectByteBuffer(long,int)\nWARNING: Please consider reporting this to the maintainers of io.netty.util.internal.ReflectionUtil\nWARNING: Use --illegal-access=warn to enable warnings of further illegal reflective access operations\nWARNING: All illegal access operations will be denied in a future release\n". Should have been: ""
  in .ExecRunDemos.Test
	at ptolemy.actor.lib.Test.fire(Test.java:268)
	at ptolemy.actor.AtomicActor.iterate(AtomicActor.java:512)
	at ptolemy.actor.sched.StaticSchedulingDirector.fire(StaticSchedulingDirector.java:216)
	at ptolemy.domains.sdf.kernel.SDFDirector.fire(SDFDirector.java:500)
	at ptolemy.actor.CompositeActor.fire(CompositeActor.java:455)
	at ptolemy.actor.Manager.iterate(Manager.java:851)
	at ptolemy.actor.Manager.execute(Manager.java:369)
	at ptolemy.actor.Manager.run(Manager.java:1263)
	at ptolemy.actor.Manager$PtolemyRunThread.run(Manager.java:1915)
]]></system-err>
</testsuite>
