<?xml version="1.0" encoding="UTF-8" ?>
<testsuite errors="0" failures="0" hostname="travis-job-b3ca3acd-e8cd-43b0-a0ab-49e791de09b0" name="ptolemy.domains.de.test.junit.JUnitTclTest" skipped="0" tests="101" time="124.0" timestamp="2020-01-14T06:42:39">
  <properties>
    <property name="npm.executable" value="npm" />
    <property name="env.TRAVIS_ROOT" value="/" />
    <property name="ptII.mk.exists" value="true" />
    <property name="env.TRAVIS_APP_HOST" value="build.travis-ci.org" />
    <property name="env.rvm_bin_path" value="/home/travis/.rvm/bin" />
    <property name="java.home" value="/usr/local/lib/jvm/openjdk11" />
    <property name="env.TRAVIS_JOB_NUMBER" value="1467.9" />
    <property name="env.TRAVIS_HOME" value="/home/travis" />
    <property name="env.DISPLAY" value=":99.0" />
    <property name="env.TRAVIS_INIT" value="systemd" />
    <property name="env.SSH_TTY" value="/dev/pts/0" />
    <property name="java.net.preferIPv4Stack" value="true" />
    <property name="env.RUN_TESTS" value="true" />
    <property name="timeout.short" value="1000000" />
    <property name="junit.formatter" value="xml" />
    <property name="env.TRAVIS_SUDO" value="true" />
    <property name="env.TRAVIS_JOB_NAME" value="" />
    <property name="env.TRAVIS_STACK_NODE_ATTRIBUTES" value="/.node-attributes.yml" />
    <property name="env.LOGNAME" value="travis" />
    <property name="jsdoc.home" value="node_modules/@terraswarm/jsdoc" />
    <property name="debuglevel" value="source,lines,vars" />
    <property name="checkstyle.formatter" value="xml" />
    <property name="env._system_version" value="16.04" />
    <property name="bin.vergil.makeable" value="true" />
    <property name="sun.os.patch.level" value="unknown" />
    <property name="java.vendor.url" value="http://java.oracle.com/" />
    <property name="env.TRAVIS_BUILD_WEB_URL" value="https://travis-ci.org/icyphy/ptII/builds/636731345" />
    <property name="java.version" value="11.0.2" />
    <property name="env.TZ" value="UTC" />
    <property name="env.TRAVIS_PULL_REQUEST_SHA" value="" />
    <property name="env.PT_NO_NET" value="true" />
    <property name="env.TRAVIS_SECURE_ENV_VARS" value="true" />
    <property name="env._system_type" value="Linux" />
    <property name="java.vendor.url.bug" value="http://bugreport.java.com/bugreport/" />
    <property name="npmjs-org-is-up" value="true" />
    <property name="env.LANGUAGE" value="en_US.UTF-8" />
    <property name="env.SSH_CLIENT" value="10.16.6.54 56160 22" />
    <property name="env.GEM_HOME" value="/home/travis/.rvm/gems/ruby-2.5.3" />
    <property name="env.HAS_ANTARES_THREE_LITTLE_FRONZIES_BADGE" value="true" />
    <property name="java.version.date" value="2019-01-15" />
    <property name="env.PS4" value="+" />
    <property name="ant.project.invoked-targets" value="build,test.core2.xml" />
    <property name="env.TRAVIS_PULL_REQUEST_BRANCH" value="" />
    <property name="env.TRAVIS_REPO_SLUG" value="icyphy/ptII" />
    <property name="env.XDG_DATA_DIRS" value="/usr/local/share:/usr/share:/var/lib/snapd/desktop" />
    <property name="jdk.debug" value="release" />
    <property name="env.TRAVIS_APT_PROXY" value="http://build-cache.travisci.net" />
    <property name="env.TRAVIS_CPU_ARCH" value="amd64" />
    <property name="node.in.path" value="true" />
    <property name="user.name" value="travis" />
    <property name="java.maxmemory" value="1400m" />
    <property name="env.RUBY_VERSION" value="ruby-2.5.3" />
    <property name="env.LANG" value="en_US.UTF-8" />
    <property name="sun.io.unicode.encoding" value="UnicodeLittle" />
    <property name="sun.jnu.encoding" value="UTF-8" />
    <property name="java.runtime.name" value="OpenJDK Runtime Environment" />
    <property name="usefile" value="false" />
    <property name="return.code" value="0" />
    <property name="junit.single.formatter" value="plain" />
    <property name="env.DYLD_LIBRARY_PATH" value="/home/travis/pthla/certi-tools/lib:" />
    <property name="env.DEBIAN_FRONTEND" value="noninteractive" />
    <property name="env.SSH_CONNECTION" value="10.16.6.54 56160 10.20.0.226 22" />
    <property name="env.MYSQL_UNIX_PORT" value="/var/run/mysqld/mysqld.sock" />
    <property name="env.LC_ALL" value="en_US.UTF-8" />
    <property name="env.TRAVIS_ALLOW_FAILURE" value="false" />
    <property name="env.TRAVIS_JOB_WEB_URL" value="https://travis-ci.org/icyphy/ptII/jobs/636731356" />
    <property name="java.specification.name" value="Java Platform API Specification" />
    <property name="node.works" value="true" />
    <property name="user.timezone" value="" />
    <property name="path.separator" value=":" />
    <property name="env.TRAVIS_ENABLE_INFRA_DETECTION" value="true" />
    <property name="env.PYTHON_CFLAGS" value="-g -fstack-protector --param=ssp-buffer-size=4 -Wformat -Werror=format-security" />
    <property name="timeout.long" value="4000000" />
    <property name="env.CERTI_HOME" value="/home/travis/pthla/certi-tools" />
    <property name="ant.file.ptII" value="/home/travis/build/icyphy/ptII/build.xml" />
    <property name="javadoc.packagenames" value="com.*,diva.*,lbnl.*,org.hlacerti.*,org.json.*,org.ptolemy.*,org.terraswarm.*,ptolemy.*,ptserver.*" />
    <property name="file.encoding" value="UTF-8" />
    <property name="env.TRAVIS_PULL_REQUEST_SLUG" value="" />
    <property name="ant.project.default-target" value="build" />
    <property name="env.GIT_ASKPASS" value="echo" />
    <property name="env.HOME" value="/home/travis" />
    <property name="sun.java.command" value="org.apache.tools.ant.taskdefs.optional.junit.JUnitTestRunner ptolemy.domains.de.test.junit.JUnitTclTest skipNonTests=false filtertrace=true haltOnError=false haltOnFailure=false formatter=org.apache.tools.ant.taskdefs.optional.junit.OutErrSummaryJUnitResultFormatter showoutput=true outputtoformatters=true logfailedtests=true threadid=0 logtestlistenerevents=false formatter=org.apache.tools.ant.taskdefs.optional.junit.XMLJUnitResultFormatter,/home/travis/build/icyphy/ptII/reports/junit/TEST-ptolemy.domains.de.test.junit.JUnitTclTest.xml crashfile=/home/travis/build/icyphy/ptII/junitvmwatcher7030687392215372966.properties propsfile=/home/travis/build/icyphy/ptII/junit4792874870877454439.properties" />
    <property name="env.COMPOSER_NO_INTERACTION" value="1" />
    <property name="env.MANPATH" value="/home/travis/.nvm/versions/node/v7.10.1/share/man:/home/travis/.rvm/rubies/ruby-2.5.3/share/man:/usr/local/cmake-3.12.4/man:/usr/local/clang-7.0.0/share/man:/usr/local/man:/usr/local/share/man:/usr/share/man:/home/travis/.rvm/man" />
    <property name="env.TRAVIS_TIMER_ID" value="044392b0" />
    <property name="ant.file" value="/home/travis/build/icyphy/ptII/build.xml" />
    <property name="env.TRAVIS_COMMIT_RANGE" value="91c18494ffb61df2b5c9e9587cdacc264ddd6f9b...fbd7ecc9139d2f8a4cb1830725c7e7ccf498832a" />
    <property name="env._system_name" value="Ubuntu" />
    <property name="ptII.classpath.optional.property" value="/home/travis/build/icyphy/ptII/lib/bsh-2.0b4.jar:/home/travis/build/icyphy/ptII/lib/ptCal.jar:/home/travis/build/icyphy/ptII/lib/java_cup.jar:/home/travis/build/icyphy/ptII/lib/saxon8.jar:/home/travis/build/icyphy/ptII/lib/saxon8-dom.jar:/home/travis/build/icyphy/ptII/lib/chic.jar:/home/travis/build/icyphy/ptII/lib/ptcolt.jar:/home/travis/build/icyphy/ptII/vendors/misc/itext/iText.jar:/home/travis/build/icyphy/ptII/lib/g4ltl.jar:/home/travis/build/icyphy/ptII/lib/StructuralCoder.jar:/home/travis/build/icyphy/ptII/lib/jcerti.jar:/home/travis/build/icyphy/ptII/lib/javax.mail.jar:/home/travis/build/icyphy/ptII/vendors/JMF-2.1.1e/lib/jmf.jar:/home/travis/build/icyphy/ptII/lib/jna-4.0.0-variadic.jar:/home/travis/build/icyphy/ptII/vendors/misc/joystick/Joystick.jar:/home/travis/build/icyphy/ptII/lib/ptjacl.jar:/home/travis/build/icyphy/ptII/lib/jsoup-1.8.2.jar:/home/travis/build/icyphy/ptII/lib/junit-4.8.2.jar:/home/travis/build/icyphy/ptII/lib/JUnitParams-0.4.0.jar:/home/travis/build/icyphy/ptII/ptolemy/actor/lib/excel/jxl.jar:/home/travis/build/icyphy/ptII/lib/jython.jar:/home/travis/build/icyphy/ptII/lib/kieler.jar:/home/travis/build/icyphy/ptII/vendors/opencv/share/OpenCV/java/opencv-341.jar:/home/travis/build/icyphy/ptII/lib/oscP5.jar:/home/travis/build/icyphy/ptII/lib/nrjavaserial-3.11.0.devel.jar:/home/travis/build/icyphy/ptII/vendors/j3d/lib/Linux/j3dcore.jar:/home/travis/build/icyphy/ptII/vendors/j3d/lib/Linux/j3dutils.jar:/home/travis/build/icyphy/ptII/vendors/j3d/lib/Linux/vecmath.jar:/home/travis/build/icyphy/ptII/vendors/jogl/lib/Linux/gluegen-rt-natives-linux-amd64.jar:/home/travis/build/icyphy/ptII/vendors/jogl/lib/Linux/gluegen-rt.jar:/home/travis/build/icyphy/ptII/vendors/jogl/lib/Linux/jogl-all-natives-linux-amd64.jar:/home/travis/build/icyphy/ptII/vendors/jogl/lib/Linux/jogl-all.jar:/home/travis/build/icyphy/ptII/ptolemy/distributed/jini/jar/jini-core.jar:/home/travis/build/icyphy/ptII/ptolemy/distributed/jini/jar/jini-ext.jar:/home/travis/build/icyphy/ptII/ptolemy/distributed/jini/jar/sun-util.jar:/home/travis/build/icyphy/ptII/lib/protobuf-java-2.4.1.jar:/home/travis/build/icyphy/ptII/lib/org.eclipse.paho.client.mqttv3.jar:/home/travis/build/icyphy/ptII/lib/mapss.jar:/home/travis/build/icyphy/ptII/ptolemy/actor/ptalon/antlr/antlr.jar:/home/travis/build/icyphy/ptII/lib/JRI.jar:/home/travis/build/icyphy/ptII/lib/commons-lang-2.6.jar:/home/travis/build/icyphy/ptII/lib/commons-logging-1.1.1.jar:/home/travis/build/icyphy/ptII/lib/sootclasses.jar:/home/travis/build/icyphy/ptII/ptolemy/actor/lib/database/mysql-connector-java-5.1.6-bin.jar:/home/travis/build/icyphy/ptII/vendors/misc/sphinx4/sphinx4-data-5prealpha.jar:/home/travis/build/icyphy/ptII/vendors/misc/sphinx4/sphinx4-core-5prealpha.jar:/home/travis/build/icyphy/ptII/lib/PDFRenderer.jar:/home/travis/build/icyphy/ptII/lib/svgSalamander.jar:/home/travis/build/icyphy/ptII/lib/rsyntaxtextarea-2.6.0-SNAPSHOT.jar:/home/travis/build/icyphy/ptII/lib/hazelcast-3.8.2.jar:/home/travis/build/icyphy/ptII/lib/jackson-annotations-2.9.0.jar:/home/travis/build/icyphy/ptII/lib/jackson-core-2.9.3.jar:/home/travis/build/icyphy/ptII/lib/jackson-databind-2.9.3.jar:/home/travis/build/icyphy/ptII/lib/netty-buffer-4.1.19.Final.jar:/home/travis/build/icyphy/ptII/lib/netty-codec-4.1.19.Final.jar:/home/travis/build/icyphy/ptII/lib/netty-codec-dns-4.1.19.Final.jar:/home/travis/build/icyphy/ptII/lib/netty-codec-http-4.1.19.Final.jar:/home/travis/build/icyphy/ptII/lib/netty-codec-http2-4.1.19.Final.jar:/home/travis/build/icyphy/ptII/lib/netty-common-4.1.19.Final.jar:/home/travis/build/icyphy/ptII/lib/netty-handler-4.1.19.Final.jar:/home/travis/build/icyphy/ptII/lib/netty-resolver-4.1.19.Final.jar:/home/travis/build/icyphy/ptII/lib/netty-resolver-dns-4.1.19.Final.jar:/home/travis/build/icyphy/ptII/lib/netty-transport-4.1.19.Final.jar:/home/travis/build/icyphy/ptII/lib/vertx-codegen-3.5.1.jar:/home/travis/build/icyphy/ptII/lib/vertx-core-3.5.2-SNAPSHOT.jar:/home/travis/build/icyphy/ptII/lib/vertx-hazelcast-3.5.1.jar:/home/travis/build/icyphy/ptII/lib/vertx-lang-js-3.5.1.jar:/home/travis/build/icyphy/ptII/lib/vertx-service-proxy-3.5.1.jar:/home/travis/build/icyphy/ptII/lib/vertx-web-3.5.1.jar:/home/travis/build/icyphy/ptII/lib/slf4j-api-1.7.13.jar:/home/travis/build/icyphy/ptII/lib/slf4j-simple-1.7.13.jar:/home/travis/build/icyphy/ptII/lib/webcam-capture-0.3.12.jar:/home/travis/build/icyphy/ptII/lib/bridj-0.7.0.jar:/home/travis/build/icyphy/ptII/lib/xbjlib-1.1.0.nrjavaserial.jar" />
    <property name="timeout" value="2400000" />
    <property name="test.batch" value="**/junit/*.java" />
    <property name="env._" value="/usr/bin/timeout" />
    <property name="java.io.tmpdir" value="/tmp" />
    <property name="user.language" value="en" />
    <property name="env.TRAVIS_INTERNAL_RUBY_REGEX" value="^ruby-(2\.[0-4]\.[0-9]|1\.9\.3)" />
    <property name="env.HISTCONTROL" value="ignoredups:ignorespace" />
    <property name="env.GOROOT" value="/home/travis/.gimme/versions/go1.11.1.linux.amd64" />
    <property name="line.separator" value="&#xa;" />
    <property name="target" value="11" />
    <property name="env.TRAVIS_BUILD_DIR" value="/home/travis/build/icyphy/ptII" />
    <property name="env.ANT_OPTS" value="-Xmx2048m" />
    <property name="ant.file.type" value="file" />
    <property name="ptolemy.ptII.batchMode" value="true" />
    <property name="env.HISTSIZE" value="1000" />
    <property name="env.MERB_ENV" value="test" />
    <property name="java.vm.info" value="mixed mode" />
    <property name="source" value="11" />
    <property name="java.vm.specification.name" value="Java Virtual Machine Specification" />
    <property name="env.TRAVIS_TEST_RESULT" value="0" />
    <property name="jsdoc.command" value="node_modules/@terraswarm/jsdoc/jsdoc.js" />
    <property name="npm.works" value="true" />
    <property name="cobertura.dir" value="/home/travis/build/icyphy/ptII/vendors/cobertura-2.0.3" />
    <property name="jsdoc.command.exists" value="true" />
    <property name="env.rvm_path" value="/home/travis/.rvm" />
    <property name="env.GEM_PATH" value="/home/travis/.rvm/gems/ruby-2.5.3:/home/travis/.rvm/gems/ruby-2.5.3@global" />
    <property name="env.LC_CTYPE" value="en_US.UTF-8" />
    <property name="env.TRAVIS_CMD" value="$PTII/bin/ptIITravisBuild.sh $SECONDS" />
    <property name="java.awt.printerjob" value="sun.print.PSPrinterJob" />
    <property name="env.TRAVIS_STACK_NAME" value="sardonyx" />
    <property name="env.TRAVIS_TIMER_START_TIME" value="1578983940351427353" />
    <property name="ant.version" value="Apache Ant(TM) version 1.10.1 compiled on February 2 2017" />
    <property name="ptII.reports" value="/home/travis/build/icyphy/ptII/reports" />
    <property name="env.TRAVIS_STACK_TIMESTAMP" value="2019-03-25 16:16:56 UTC" />
    <property name="ant.file.type.ptII" value="file" />
    <property name="env.RBENV_SHELL" value="bash" />
    <property name="os.name" value="Linux" />
    <property name="java.specification.vendor" value="Oracle Corporation" />
    <property name="env.rvm_version" value="1.29.7 (latest)" />
    <property name="env.TRAVIS_INFRA" value="unknown" />
    <property name="env.TERM" value="xterm" />
    <property name="java.vm.name" value="OpenJDK 64-Bit Server VM" />
    <property name="env.TRAVIS_BUILD_NUMBER" value="1467" />
    <property name="env.CI" value="true" />
    <property name="java.library.path" value="/home/travis/pthla/certi-tools/lib:/usr/lib/jni:/usr/local/share/OpenCV/java/:/usr/share/OpenCV/java::/usr/java/packages/lib:/usr/lib64:/lib64:/lib:/usr/lib" />
    <property name="jdk.module.path" value="/home/travis/build/icyphy/ptII/vendors/javafx/javafx-sdk-11.0.2/lib:" />
    <property name="env.rvm_prefix" value="/home/travis" />
    <property name="env.PATH" value="/home/travis/pthla/certi-tools/share/scripts:/home/travis/.rvm/gems/ruby-2.5.3/bin:/home/travis/.rvm/gems/ruby-2.5.3@global/bin:/home/travis/.rvm/rubies/ruby-2.5.3/bin:/home/travis/.rvm/bin:/home/travis/.nvm/versions/node/v7.10.1/bin:./node_modules/.bin:/home/travis/build/icyphy/ptII/bin:/home/travis/pthla/certi-tools/bin:/home/travis/bin:/home/travis/.local/bin:/usr/local/lib/jvm/openjdk11/bin:/opt/pyenv/shims:/home/travis/.phpenv/shims:/home/travis/perl5/perlbrew/bin:/home/travis/gopath/bin:/home/travis/.gimme/versions/go1.11.1.linux.amd64/bin:/usr/local/maven-3.6.0/bin:/usr/local/cmake-3.12.4/bin:/usr/local/clang-7.0.0/bin:/usr/local/sbin:/usr/local/bin:/usr/sbin:/usr/bin:/sbin:/bin:/snap/bin:/home/travis/.phpenv/bin:/opt/pyenv/bin:/home/travis/.yarn/bin" />
    <property name="env.TRAVIS_OS_NAME" value="linux" />
    <property name="ant.java.version" value="9" />
    <property name="basedir" value="/home/travis/build/icyphy/ptII" />
    <property name="java.class.version" value="55.0" />
    <property name="env.SHLVL" value="3" />
    <property name="env.LD_LIBRARY_PATH" value="/home/travis/pthla/certi-tools/lib:/usr/lib/jni:/usr/local/share/OpenCV/java/:/usr/share/OpenCV/java:" />
    <property name="env.RACK_ENV" value="test" />
    <property name="ant.home" value="/home/travis/build/icyphy/ptII/ant" />
    <property name="env.NVM_DIR" value="/home/travis/.nvm" />
    <property name="env.CERTI_FOM_PATH" value="/home/travis/pthla/certi-tools/share/federations" />
    <property name="env.TRAVIS_BUILD_ID" value="636731345" />
    <property name="env.PYENV_ROOT" value="/opt/pyenv" />
    <property name="env.TRAVIS_UID" value="2000" />
    <property name="prism.verbose" value="true" />
    <property name="env.NVM_BIN" value="/home/travis/.nvm/versions/node/v7.10.1/bin" />
    <property name="env.TRAVIS_COMMIT" value="fbd7ecc9139d2f8a4cb1830725c7e7ccf498832a" />
    <property name="env._system_arch" value="x86_64" />
    <property name="node.executable" value="node" />
    <property name="sun.boot.library.path" value="/usr/local/lib/jvm/openjdk11/lib" />
    <property name="sun.management.compiler" value="HotSpot 64-Bit Tiered Compilers" />
    <property name="java.awt.graphicsenv" value="sun.awt.X11GraphicsEnvironment" />
    <property name="env.GOPATH" value="/home/travis/gopath" />
    <property name="ptolemy.ptII.dir" value="/home/travis/build/icyphy/ptII" />
    <property name="env.USER" value="travis" />
    <property name="env.HISTFILESIZE" value="2000" />
    <property name="timeout.longest" value="19000000" />
    <property name="env.PERLBREW_SHELLRC_VERSION" value="0.86" />
    <property name="env.TRAVIS_STACK_FEATURES" value="basic couchdb disabled-ipv6 docker docker-compose elasticsearch firefox go-toolchain google-chrome jdk memcached mongodb mysql nodejs_interpreter perl_interpreter perlbrew phantomjs postgresql python_interpreter redis ruby_interpreter sqlite xserver" />
    <property name="env.TRAVIS_PULL_REQUEST" value="false" />
    <property name="env.PYENV_SHELL" value="bash" />
    <property name="ant.project.name" value="ptII" />
    <property name="env.ANSI_RESET" value="\033[0m" />
    <property name="java.vm.specification.version" value="11" />
    <property name="env.TRAVIS_DIST" value="xenial" />
    <property name="env.CERTI_VERSION" value="4.0.0" />
    <property name="env.CERTI_HOST" value="localhost" />
    <property name="awt.toolkit" value="sun.awt.X11.XToolkit" />
    <property name="env.MY_RUBY_HOME" value="/home/travis/.rvm/rubies/ruby-2.5.3" />
    <property name="sun.cpu.isalist" value="" />
    <property name="env.TRAVIS_TMPDIR" value="/tmp/tmp.8aoNrnCcDY" />
    <property name="java.vm.compressedOopsMode" value="Zero based" />
    <property name="os.version" value="4.15.0-1028-gcp" />
    <property name="user.home" value="/home/travis" />
    <property name="java.vm.vendor" value="Oracle Corporation" />
    <property name="env.TRAVIS_TAG" value="nightly" />
    <property name="env.ANSI_YELLOW" value="\033[33;1m" />
    <property name="env.TRAVIS_FILTERED" value="redirect_io" />
    <property name="env.ANSI_GREEN" value="\033[32;1m" />
    <property name="env.JAVA_HOME" value="/usr/local/lib/jvm/openjdk11" />
    <property name="javadoc.excludepackagenames" value="adm.cvs2svn.*,build.*,config.*,doc.coding.templates.*,jni.test.jni.meaningOfLife.*,jni.test.jni.testDeux.*,jni.test.jni.testTrois.*,org.terraswarm.accessor.accessors.web.node_modules.*,org.terraswarm.accessor.accessors.web.hosts.cordova.demo.*,org.terraswarm.accessor.accessors.web.hosts.cordova.plugins.*,org.terraswarm.accessor.accessors-svn.*,pt-modules.*,ptolemy.apps.agilent.*,ptolemy.apps.anytimecontrol.*,ptolemy.apps.apes.*,ptolemy.apps.charon.*,ptolemy.apps.crazyboard.*,ptolemy.apps.eclipse.*,ptolemy.apps.etherealSting.*,ptolemy.apps.fullscreen.*,ptolemy.apps.giotto.*,ptolemy.apps.ia.*,ptolemy.apps.interfaces.*,ptolemy.apps.jmf.*,ptolemy.apps.kurt.*,ptolemy.apps.kvm.*,ptolemy.apps.lego.*,ptolemy.apps.lejos.*,ptolemy.apps.midp.*,ptolemy.apps.mobileCoding.*,ptolemy.apps.pendulum.*,ptolemy.apps.rijndael.*,ptolemy.apps.robot.*,ptolemy.apps.security.*,ptolemy.apps.sobel.*,ptolemy.apps.soot.*,ptolemy.apps.throttle.*,ptolemy.apps.tini.*,ptolemy.apps.transmission.*,ptolemy.apps.vergil.*,ptolemy.apps.waba.*,ptolemy.apps.websensor.*,ptolemy.apps.webstart.*,ptolemy.apps.xsl.*,ptolemy.apps.zaurus.*,ptolemy.codegen.c.actor.lib.oldJavaFiles.*,ptolemy.codegen.dsp.lib.*,ptolemy.codegen.kernel.newInterfaces.*,ptolemy.codegen.lib.*,ptolemy.copernicus.kernel.fragment.*,ptolemy.copernicus.shallow.cg.*,ptolemy.domains.giotto.demo.Hierarchy.Hierarchy.*,ptolemy.domains.giotto.demo.Multimode.Multimode.*,ptolemy.domains.giotto.demo.Simple.Simple.*,ptolemy.domains.gr.lib.experimental.*,ptolemy.domains.gro.*,ptolemy.domains.pdf.*,ptolemy.domains.ptinyos.demo.Surge.output.*,ptolemy.moml.test.NoPackageActor.java*,ptolemy.plot.adm.*,ptolemy.plot.servlet.*,reports.*,signed.*,src.*,target.*,vendors.*,ptolemy.copernicus.applet.*,ptolemy.media.viewer.*,ptolemy.actor.corba.*,doc.doclets.*,ptolemy.apps.eclipse.awt.*,ptolemy.backtrack.*,ptolemy.backtrack.ast.*,ptolemy.cg.adapter.generic.program.procedural.c.mbed*,ptolemy.homer.*,ptolemy.actor.lib.jai.*,org.ptolemy.scala.*,diva.util.java2d.svg.*,ptolemy.domains.ptinyos.*,ptolemy.actor.lib.fmi.fmipp.*,,org.terraswarm.accessor.accessors.web.node_modules.*,org.terraswarm.accessor.accessors-svn,ptolemy.apps.*,ptolemy.actor.ptalon.demo.ptinyos.SendAndReceiveCnt.output,ptolemy.actor.ptalon.demo.ptinyos.SenseToLeds.output,ptolemy.domains.ptinyos.demo.CntToLedsAndRfm.output,ptolemy.domains.ptinyos.demo.RfmToLeds.output,ptolemy.domains.ptinyos.demo.SendAndReceiveCnt.output,ptolemy.domains.ptinyos.demo.SenseToLeds.output,ptolemy.actor.lib.jjs.modules.udpSocket.*" />
    <property name="env.PTII" value="/home/travis/build/icyphy/ptII" />
    <property name="env.XDG_SESSION_ID" value="2" />
    <property name="keystore" value="ptKeystore" />
    <property name="env.TRAVIS_COMMIT_MESSAGE" value="Adding a script for installing CERTI following HLA 1516E." />
    <property name="junit.output.dir" value="/home/travis/build/icyphy/ptII/reports/junit" />
    <property name="npm.return.code" value="0" />
    <property name="user.dir" value="/home/travis/build/icyphy/ptII/ptolemy/domains/de/test" />
    <property name="env.TRAVIS_NODE_VERSION" value="7" />
    <property name="env.TRAVIS_EVENT_TYPE" value="cron" />
    <property name="env.MAIL" value="/var/mail/travis" />
    <property name="env.PERLBREW_ROOT" value="/home/travis/perl5/perlbrew" />
    <property name="env.PWD" value="/home/travis/build/icyphy/ptII" />
    <property name="timeout.npm" value="45000" />
    <property name="env.PT_TRAVIS_TEST_CORE2_XML" value="true" />
    <property name="env.TRAVIS_ARCH" value="amd64" />
    <property name="sun.cpu.endian" value="little" />
    <property name="env.PAGER" value="cat" />
    <property name="env.TRAVIS_BUILD_STAGE_NAME" value="Test" />
    <property name="env.PERLBREW_HOME" value="/home/travis/.perlbrew" />
    <property name="java.vm.version" value="11.0.2+9" />
    <property name="env.RAILS_ENV" value="test" />
    <property name="java.class.path" value="/home/travis/build/icyphy/ptII:/home/travis/build/icyphy/ptII/lib/bsh-2.0b4.jar:/home/travis/build/icyphy/ptII/lib/ptCal.jar:/home/travis/build/icyphy/ptII/lib/java_cup.jar:/home/travis/build/icyphy/ptII/lib/saxon8.jar:/home/travis/build/icyphy/ptII/lib/saxon8-dom.jar:/home/travis/build/icyphy/ptII/lib/chic.jar:/home/travis/build/icyphy/ptII/lib/ptcolt.jar:/home/travis/build/icyphy/ptII/vendors/misc/itext/iText.jar:/home/travis/build/icyphy/ptII/lib/g4ltl.jar:/home/travis/build/icyphy/ptII/lib/StructuralCoder.jar:/home/travis/build/icyphy/ptII/lib/jcerti.jar:/home/travis/build/icyphy/ptII/lib/javax.mail.jar:/home/travis/build/icyphy/ptII/vendors/JMF-2.1.1e/lib/jmf.jar:/home/travis/build/icyphy/ptII/lib/jna-4.0.0-variadic.jar:/home/travis/build/icyphy/ptII/vendors/misc/joystick/Joystick.jar:/home/travis/build/icyphy/ptII/lib/ptjacl.jar:/home/travis/build/icyphy/ptII/lib/jsoup-1.8.2.jar:/home/travis/build/icyphy/ptII/lib/junit-4.8.2.jar:/home/travis/build/icyphy/ptII/lib/JUnitParams-0.4.0.jar:/home/travis/build/icyphy/ptII/ptolemy/actor/lib/excel/jxl.jar:/home/travis/build/icyphy/ptII/lib/jython.jar:/home/travis/build/icyphy/ptII/lib/kieler.jar:/home/travis/build/icyphy/ptII/vendors/opencv/share/OpenCV/java/opencv-341.jar:/home/travis/build/icyphy/ptII/lib/oscP5.jar:/home/travis/build/icyphy/ptII/lib/nrjavaserial-3.11.0.devel.jar:/home/travis/build/icyphy/ptII/vendors/j3d/lib/Linux/j3dcore.jar:/home/travis/build/icyphy/ptII/vendors/j3d/lib/Linux/j3dutils.jar:/home/travis/build/icyphy/ptII/vendors/j3d/lib/Linux/vecmath.jar:/home/travis/build/icyphy/ptII/vendors/jogl/lib/Linux/gluegen-rt-natives-linux-amd64.jar:/home/travis/build/icyphy/ptII/vendors/jogl/lib/Linux/gluegen-rt.jar:/home/travis/build/icyphy/ptII/vendors/jogl/lib/Linux/jogl-all-natives-linux-amd64.jar:/home/travis/build/icyphy/ptII/vendors/jogl/lib/Linux/jogl-all.jar:/home/travis/build/icyphy/ptII/ptolemy/distributed/jini/jar/jini-core.jar:/home/travis/build/icyphy/ptII/ptolemy/distributed/jini/jar/jini-ext.jar:/home/travis/build/icyphy/ptII/ptolemy/distributed/jini/jar/sun-util.jar:/home/travis/build/icyphy/ptII/lib/protobuf-java-2.4.1.jar:/home/travis/build/icyphy/ptII/lib/org.eclipse.paho.client.mqttv3.jar:/home/travis/build/icyphy/ptII/lib/mapss.jar:/home/travis/build/icyphy/ptII/ptolemy/actor/ptalon/antlr/antlr.jar:/home/travis/build/icyphy/ptII/lib/JRI.jar:/home/travis/build/icyphy/ptII/lib/commons-lang-2.6.jar:/home/travis/build/icyphy/ptII/lib/commons-logging-1.1.1.jar:/home/travis/build/icyphy/ptII/lib/sootclasses.jar:/home/travis/build/icyphy/ptII/ptolemy/actor/lib/database/mysql-connector-java-5.1.6-bin.jar:/home/travis/build/icyphy/ptII/vendors/misc/sphinx4/sphinx4-data-5prealpha.jar:/home/travis/build/icyphy/ptII/vendors/misc/sphinx4/sphinx4-core-5prealpha.jar:/home/travis/build/icyphy/ptII/lib/PDFRenderer.jar:/home/travis/build/icyphy/ptII/lib/svgSalamander.jar:/home/travis/build/icyphy/ptII/lib/rsyntaxtextarea-2.6.0-SNAPSHOT.jar:/home/travis/build/icyphy/ptII/lib/hazelcast-3.8.2.jar:/home/travis/build/icyphy/ptII/lib/jackson-annotations-2.9.0.jar:/home/travis/build/icyphy/ptII/lib/jackson-core-2.9.3.jar:/home/travis/build/icyphy/ptII/lib/jackson-databind-2.9.3.jar:/home/travis/build/icyphy/ptII/lib/netty-buffer-4.1.19.Final.jar:/home/travis/build/icyphy/ptII/lib/netty-codec-4.1.19.Final.jar:/home/travis/build/icyphy/ptII/lib/netty-codec-dns-4.1.19.Final.jar:/home/travis/build/icyphy/ptII/lib/netty-codec-http-4.1.19.Final.jar:/home/travis/build/icyphy/ptII/lib/netty-codec-http2-4.1.19.Final.jar:/home/travis/build/icyphy/ptII/lib/netty-common-4.1.19.Final.jar:/home/travis/build/icyphy/ptII/lib/netty-handler-4.1.19.Final.jar:/home/travis/build/icyphy/ptII/lib/netty-resolver-4.1.19.Final.jar:/home/travis/build/icyphy/ptII/lib/netty-resolver-dns-4.1.19.Final.jar:/home/travis/build/icyphy/ptII/lib/netty-transport-4.1.19.Final.jar:/home/travis/build/icyphy/ptII/lib/vertx-codegen-3.5.1.jar:/home/travis/build/icyphy/ptII/lib/vertx-core-3.5.2-SNAPSHOT.jar:/home/travis/build/icyphy/ptII/lib/vertx-hazelcast-3.5.1.jar:/home/travis/build/icyphy/ptII/lib/vertx-lang-js-3.5.1.jar:/home/travis/build/icyphy/ptII/lib/vertx-service-proxy-3.5.1.jar:/home/travis/build/icyphy/ptII/lib/vertx-web-3.5.1.jar:/home/travis/build/icyphy/ptII/lib/slf4j-api-1.7.13.jar:/home/travis/build/icyphy/ptII/lib/slf4j-simple-1.7.13.jar:/home/travis/build/icyphy/ptII/lib/webcam-capture-0.3.12.jar:/home/travis/build/icyphy/ptII/lib/bridj-0.7.0.jar:/home/travis/build/icyphy/ptII/lib/xbjlib-1.1.0.nrjavaserial.jar:/home/travis/build/icyphy/ptII/ptolemy/moml/test:/home/travis/build/icyphy/ptII/ant/lib/ant-launcher.jar:/home/travis/build/icyphy/ptII/ant/lib/ant.jar:/home/travis/build/icyphy/ptII/ant/lib/ant-junit.jar:/home/travis/build/icyphy/ptII/ant/lib/ant-junit4.jar" />
    <property name="ant.library.dir" value="/home/travis/build/icyphy/ptII/ant/lib" />
    <property name="os.arch" value="amd64" />
    <property name="env.CONTINUOUS_INTEGRATION" value="true" />
    <property name="env.TRAVIS_LANGUAGE" value="node_js" />
    <property name="env.TRAVIS_STACK_LANGUAGES" value="__sardonyx__ c c++ clojure cplusplus cpp default generic go groovy java node_js php pure_java python ruby scala" />
    <property name="test.name" value="ptolemy.actor.lib.test.junit.JUnitTclTest" />
    <property name="env.APT_KEY_DONT_WARN_ON_DANGEROUS_USAGE" value="1" />
    <property name="sun.java.launcher" value="SUN_STANDARD" />
    <property name="env.PYTHON_CONFIGURE_OPTS" value="--enable-unicode=ucs4 --with-wide-unicode --enable-shared --enable-ipv6 --enable-loadable-sqlite-extensions --with-computed-gotos" />
    <property name="ant.core.lib" value="/home/travis/build/icyphy/ptII/ant/lib/ant.jar" />
    <property name="java.vm.specification.vendor" value="Oracle Corporation" />
    <property name="env.BCVTB_HOME" value="/home/travis/build/icyphy/ptII/lbnl" />
    <property name="file.separator" value="/" />
    <property name="spotbugs.home" value="/home/travis/build/icyphy/ptII/vendors/spotbugs-3.1.1" />
    <property name="java.runtime.version" value="11.0.2+9" />
    <property name="env.ANSI_CLEAR" value="\033[0K" />
    <property name="javafx.verbose" value="true" />
    <property name="env.HAS_JOSH_K_SEAL_OF_APPROVAL" value="true" />
    <property name="env.XDG_RUNTIME_DIR" value="/run/user/2000" />
    <property name="env.TRAVIS_OSX_IMAGE" value="" />
    <property name="env.TRAVIS_JOB_ID" value="636731356" />
    <property name="env.TRAVIS_BRANCH" value="master" />
    <property name="user.country" value="US" />
    <property name="env.CERTI_HOME_TRAVIS" value="/home/travis/pthla/certi-tools" />
    <property name="env.SHELL" value="/bin/bash" />
    <property name="java.maxmemory.large" value="3200m" />
    <property name="model" value="" />
    <property name="env.CASHER_DIR" value="/home/travis/.casher" />
    <property name="env.NVM_CD_FLAGS" value="" />
    <property name="java.vendor.version" value="18.9" />
    <property name="jshint.executable" value="/home/travis/node_modules/jshint/bin/jshint" />
    <property name="env.JRUBY_OPTS" value=" --client -J-XX:+TieredCompilation -J-XX:TieredStopAtLevel=1 -J-Xss2m -Xcompile.invokedynamic=false" />
    <property name="java.vendor" value="Oracle Corporation" />
    <property name="env.TRAVIS_PRE_CHEF_BOOTSTRAP_TIME" value="2019-03-25T16:16:42" />
    <property name="env.TRAVIS_STACK_JOB_BOARD_REGISTER" value="/.job-board-register.yml" />
    <property name="env.ANSI_RED" value="\033[31;1m" />
    <property name="java.specification.version" value="11" />
    <property name="env.IRBRC" value="/home/travis/.rvm/rubies/ruby-2.5.3/.irbrc" />
    <property name="env.TRAVIS" value="true" />
    <property name="sun.arch.data.model" value="64" />
  </properties>
  <testcase classname="ptolemy.util.test.junit.TclTests" name="[0] /home/travis/build/icyphy/ptII/ptolemy/domains/de/test/DependencyLoop.tcl (RunTclFile)" time="0.946" />
  <testcase classname="ptolemy.util.test.junit.TclTests" name="[1] /home/travis/build/icyphy/ptII/ptolemy/domains/de/test/RunDETestsAsQSS.tcl (RunTclFile)" time="84.333" />
  <testcase classname="ptolemy.util.test.junit.AutoKnownFailedTests" name="[0] /home/travis/build/icyphy/ptII/ptolemy/domains/de/test/auto/knownFailedTests/DESDFClockTest.xml (RunModel)" time="2.059" />
  <testcase classname="ptolemy.util.test.junit.AutoKnownFailedTests" name="[1] /home/travis/build/icyphy/ptII/ptolemy/domains/de/test/auto/knownFailedTests/DirectFeedback.xml (RunModel)" time="0.017" />
  <testcase classname="ptolemy.util.test.junit.AutoKnownFailedTests" name="[2] /home/travis/build/icyphy/ptII/ptolemy/domains/de/test/auto/knownFailedTests/FSMSource.xml (RunModel)" time="0.026" />
  <testcase classname="ptolemy.util.test.junit.AutoKnownFailedTests" name="[3] /home/travis/build/icyphy/ptII/ptolemy/domains/de/test/auto/knownFailedTests/HierarchicalModel.xml (RunModel)" time="0.051" />
  <testcase classname="ptolemy.util.test.junit.AutoKnownFailedTests" name="[4] /home/travis/build/icyphy/ptII/ptolemy/domains/de/test/auto/knownFailedTests/dependencyLoop.xml (RunModel)" time="0.041" />
  <testcase classname="ptolemy.util.test.junit.AutoKnownFailedTests" name="[5] /home/travis/build/icyphy/ptII/ptolemy/domains/de/test/auto/knownFailedTests/dependencyLoop2.xml (RunModel)" time="0.047" />
  <testcase classname="ptolemy.util.test.junit.AutoNameArchTests" name="[0] ThereAreNoAutoArchTests (RunModel)" time="0.001" />
  <testcase classname="ptolemy.util.test.junit.AutoTests" name="[0] /home/travis/build/icyphy/ptII/ptolemy/domains/de/test/auto/ActorDepthCalculation_actorWithoutPorts.xml (RunModel)" time="0.018" />
  <testcase classname="ptolemy.util.test.junit.AutoTests" name="[1] /home/travis/build/icyphy/ptII/ptolemy/domains/de/test/auto/AssemblyLine.xml (RunModel)" time="0.023" />
  <testcase classname="ptolemy.util.test.junit.AutoTests" name="[2] /home/travis/build/icyphy/ptII/ptolemy/domains/de/test/auto/CQBug1.xml (RunModel)" time="0.013" />
  <testcase classname="ptolemy.util.test.junit.AutoTests" name="[3] /home/travis/build/icyphy/ptII/ptolemy/domains/de/test/auto/CancelFireAt.xml (RunModel)" time="0.021" />
  <testcase classname="ptolemy.util.test.junit.AutoTests" name="[4] /home/travis/build/icyphy/ptII/ptolemy/domains/de/test/auto/CausalityAndComposabilityAnalysis.xml (RunModel)" time="0.019" />
  <testcase classname="ptolemy.util.test.junit.AutoTests" name="[5] /home/travis/build/icyphy/ptII/ptolemy/domains/de/test/auto/CausalityInterface1.xml (RunModel)" time="0.018" />
  <testcase classname="ptolemy.util.test.junit.AutoTests" name="[6] /home/travis/build/icyphy/ptII/ptolemy/domains/de/test/auto/CausalityInterface15.xml (RunModel)" time="0.015" />
  <testcase classname="ptolemy.util.test.junit.AutoTests" name="[7] /home/travis/build/icyphy/ptII/ptolemy/domains/de/test/auto/CausalityInterface2.xml (RunModel)" time="0.017" />
  <testcase classname="ptolemy.util.test.junit.AutoTests" name="[8] /home/travis/build/icyphy/ptII/ptolemy/domains/de/test/auto/CausalityInterface3.xml (RunModel)" time="0.017" />
  <testcase classname="ptolemy.util.test.junit.AutoTests" name="[9] /home/travis/build/icyphy/ptII/ptolemy/domains/de/test/auto/ClockDrift.xml (RunModel)" time="0.038" />
  <testcase classname="ptolemy.util.test.junit.AutoTests" name="[10] /home/travis/build/icyphy/ptII/ptolemy/domains/de/test/auto/ClockDriftAndValueChange.xml (RunModel)" time="0.029" />
  <testcase classname="ptolemy.util.test.junit.AutoTests" name="[11] /home/travis/build/icyphy/ptII/ptolemy/domains/de/test/auto/ClockDriftChange.xml (RunModel)" time="0.031" />
  <testcase classname="ptolemy.util.test.junit.AutoTests" name="[12] /home/travis/build/icyphy/ptII/ptolemy/domains/de/test/auto/ComposableCausalityAnalysis.xml (RunModel)" time="0.012" />
  <testcase classname="ptolemy.util.test.junit.AutoTests" name="[13] /home/travis/build/icyphy/ptII/ptolemy/domains/de/test/auto/DEFixedPointLimitation.xml (RunModel)" time="0.008" />
  <testcase classname="ptolemy.util.test.junit.AutoTests" name="[14] /home/travis/build/icyphy/ptII/ptolemy/domains/de/test/auto/DEScheduleTest.xml (RunModel)" time="0.021" />
  <testcase classname="ptolemy.util.test.junit.AutoTests" name="[15] /home/travis/build/icyphy/ptII/ptolemy/domains/de/test/auto/DEinDEwithStartTimes.xml (RunModel)" time="0.016" />
  <testcase classname="ptolemy.util.test.junit.AutoTests" name="[16] /home/travis/build/icyphy/ptII/ptolemy/domains/de/test/auto/DEinDEwithStartTimes2.xml (RunModel)" time="0.013" />
  <testcase classname="ptolemy.util.test.junit.AutoTests" name="[17] /home/travis/build/icyphy/ptII/ptolemy/domains/de/test/auto/DateDemo.xml (RunModel)" time="0.03" />
  <testcase classname="ptolemy.util.test.junit.AutoTests" name="[18] /home/travis/build/icyphy/ptII/ptolemy/domains/de/test/auto/DateToEvent.xml (RunModel)" time="2.041" />
  <testcase classname="ptolemy.util.test.junit.AutoTests" name="[19] /home/travis/build/icyphy/ptII/ptolemy/domains/de/test/auto/DepthTest1.xml (RunModel)" time="0.013" />
  <testcase classname="ptolemy.util.test.junit.AutoTests" name="[20] /home/travis/build/icyphy/ptII/ptolemy/domains/de/test/auto/DepthTest2.xml (RunModel)" time="0.019" />
  <testcase classname="ptolemy.util.test.junit.AutoTests" name="[21] /home/travis/build/icyphy/ptII/ptolemy/domains/de/test/auto/DepthTest3.xml (RunModel)" time="0.008" />
  <testcase classname="ptolemy.util.test.junit.AutoTests" name="[22] /home/travis/build/icyphy/ptII/ptolemy/domains/de/test/auto/DepthTest4.xml (RunModel)" time="0.011" />
  <testcase classname="ptolemy.util.test.junit.AutoTests" name="[23] /home/travis/build/icyphy/ptII/ptolemy/domains/de/test/auto/DepthTest5.xml (RunModel)" time="0.016" />
  <testcase classname="ptolemy.util.test.junit.AutoTests" name="[24] /home/travis/build/icyphy/ptII/ptolemy/domains/de/test/auto/DepthTest6.xml (RunModel)" time="0.013" />
  <testcase classname="ptolemy.util.test.junit.AutoTests" name="[25] /home/travis/build/icyphy/ptII/ptolemy/domains/de/test/auto/DepthTest7.xml (RunModel)" time="0.011" />
  <testcase classname="ptolemy.util.test.junit.AutoTests" name="[26] /home/travis/build/icyphy/ptII/ptolemy/domains/de/test/auto/EventToDate.xml (RunModel)" time="3.038" />
  <testcase classname="ptolemy.util.test.junit.AutoTests" name="[27] /home/travis/build/icyphy/ptII/ptolemy/domains/de/test/auto/FSM1.xml (RunModel)" time="0.048" />
  <testcase classname="ptolemy.util.test.junit.AutoTests" name="[28] /home/travis/build/icyphy/ptII/ptolemy/domains/de/test/auto/FSM7.xml (RunModel)" time="0.039" />
  <testcase classname="ptolemy.util.test.junit.AutoTests" name="[29] /home/travis/build/icyphy/ptII/ptolemy/domains/de/test/auto/Inspection.xml (RunModel)" time="0.042" />
  <testcase classname="ptolemy.util.test.junit.AutoTests" name="[30] /home/travis/build/icyphy/ptII/ptolemy/domains/de/test/auto/Iteration.xml (RunModel)" time="0.025" />
  <testcase classname="ptolemy.util.test.junit.AutoTests" name="[31] /home/travis/build/icyphy/ptII/ptolemy/domains/de/test/auto/LineFault.xml (RunModel)" time="0.525" />
  <testcase classname="ptolemy.util.test.junit.AutoTests" name="[32] /home/travis/build/icyphy/ptII/ptolemy/domains/de/test/auto/MergeModel1Add.xml (RunModel)" time="0.043" />
  <testcase classname="ptolemy.util.test.junit.AutoTests" name="[33] /home/travis/build/icyphy/ptII/ptolemy/domains/de/test/auto/MergeModel2Add.xml (RunModel)" time="0.044" />
  <testcase classname="ptolemy.util.test.junit.AutoTests" name="[34] /home/travis/build/icyphy/ptII/ptolemy/domains/de/test/auto/MergeModel3Add.xml (RunModel)" time="0.048" />
  <testcase classname="ptolemy.util.test.junit.AutoTests" name="[35] /home/travis/build/icyphy/ptII/ptolemy/domains/de/test/auto/MergeWithoutDiscard.xml (RunModel)" time="0.011" />
  <testcase classname="ptolemy.util.test.junit.AutoTests" name="[36] /home/travis/build/icyphy/ptII/ptolemy/domains/de/test/auto/Modal1.xml (RunModel)" time="0.035" />
  <testcase classname="ptolemy.util.test.junit.AutoTests" name="[37] /home/travis/build/icyphy/ptII/ptolemy/domains/de/test/auto/Modal2.xml (RunModel)" time="0.027" />
  <testcase classname="ptolemy.util.test.junit.AutoTests" name="[38] /home/travis/build/icyphy/ptII/ptolemy/domains/de/test/auto/Modal3.xml (RunModel)" time="0.026" />
  <testcase classname="ptolemy.util.test.junit.AutoTests" name="[39] /home/travis/build/icyphy/ptII/ptolemy/domains/de/test/auto/Modal4.xml (RunModel)" time="0.032" />
  <testcase classname="ptolemy.util.test.junit.AutoTests" name="[40] /home/travis/build/icyphy/ptII/ptolemy/domains/de/test/auto/Modal5.xml (RunModel)" time="0.032" />
  <testcase classname="ptolemy.util.test.junit.AutoTests" name="[41] /home/travis/build/icyphy/ptII/ptolemy/domains/de/test/auto/Modal6.xml (RunModel)" time="0.03" />
  <testcase classname="ptolemy.util.test.junit.AutoTests" name="[42] /home/travis/build/icyphy/ptII/ptolemy/domains/de/test/auto/Modal7.xml (RunModel)" time="0.031" />
  <testcase classname="ptolemy.util.test.junit.AutoTests" name="[43] /home/travis/build/icyphy/ptII/ptolemy/domains/de/test/auto/ModalModel.xml (RunModel)" time="0.155" />
  <testcase classname="ptolemy.util.test.junit.AutoTests" name="[44] /home/travis/build/icyphy/ptII/ptolemy/domains/de/test/auto/ModalSource.xml (RunModel)" time="0.02" />
  <testcase classname="ptolemy.util.test.junit.AutoTests" name="[45] /home/travis/build/icyphy/ptII/ptolemy/domains/de/test/auto/NonInterruptibleTimerZeroDelay.xml (RunModel)" time="0.009" />
  <testcase classname="ptolemy.util.test.junit.AutoTests" name="[46] /home/travis/build/icyphy/ptII/ptolemy/domains/de/test/auto/OpenQueueingNetwork.xml (RunModel)" time="2.148" />
  <testcase classname="ptolemy.util.test.junit.AutoTests" name="[47] /home/travis/build/icyphy/ptII/ptolemy/domains/de/test/auto/OpenQueuingNetwork.xml (RunModel)" time="0.262" />
  <testcase classname="ptolemy.util.test.junit.AutoTests" name="[48] /home/travis/build/icyphy/ptII/ptolemy/domains/de/test/auto/PeriodicSampler.xml (RunModel)" time="0.011" />
  <testcase classname="ptolemy.util.test.junit.AutoTests" name="[49] /home/travis/build/icyphy/ptII/ptolemy/domains/de/test/auto/PersistentIO.xml (RunModel)" time="0.021" />
  <testcase classname="ptolemy.util.test.junit.AutoTests" name="[50] /home/travis/build/icyphy/ptII/ptolemy/domains/de/test/auto/PortParameterResetOnInitialize.xml (RunModel)" time="0.009" />
  <testcase classname="ptolemy.util.test.junit.AutoTests" name="[51] /home/travis/build/icyphy/ptII/ptolemy/domains/de/test/auto/PortParameterUpdates.xml (RunModel)" time="0.015" />
  <testcase classname="ptolemy.util.test.junit.AutoTests" name="[52] /home/travis/build/icyphy/ptII/ptolemy/domains/de/test/auto/QueueAndServer.xml (RunModel)" time="0.019" />
  <testcase classname="ptolemy.util.test.junit.AutoTests" name="[53] /home/travis/build/icyphy/ptII/ptolemy/domains/de/test/auto/Records.xml (RunModel)" time="0.017" />
  <testcase classname="ptolemy.util.test.junit.AutoTests" name="[54] /home/travis/build/icyphy/ptII/ptolemy/domains/de/test/auto/ResetTransitionWithStartTime1.xml (RunModel)" time="0.018" />
  <testcase classname="ptolemy.util.test.junit.AutoTests" name="[55] /home/travis/build/icyphy/ptII/ptolemy/domains/de/test/auto/ResetTransitionWithStartTime2.xml (RunModel)" time="0.02" />
  <testcase classname="ptolemy.util.test.junit.AutoTests" name="[56] /home/travis/build/icyphy/ptII/ptolemy/domains/de/test/auto/ResetTransitionWithStartTime3.xml (RunModel)" time="0.021" />
  <testcase classname="ptolemy.util.test.junit.AutoTests" name="[57] /home/travis/build/icyphy/ptII/ptolemy/domains/de/test/auto/ResetTransitionWithStartTime4.xml (RunModel)" time="0.016" />
  <testcase classname="ptolemy.util.test.junit.AutoTests" name="[58] /home/travis/build/icyphy/ptII/ptolemy/domains/de/test/auto/ResettableTimer1.xml (RunModel)" time="0.011" />
  <testcase classname="ptolemy.util.test.junit.AutoTests" name="[59] /home/travis/build/icyphy/ptII/ptolemy/domains/de/test/auto/ResettableTimer2.xml (RunModel)" time="0.01" />
  <testcase classname="ptolemy.util.test.junit.AutoTests" name="[60] /home/travis/build/icyphy/ptII/ptolemy/domains/de/test/auto/ResettableTimer3.xml (RunModel)" time="0.009" />
  <testcase classname="ptolemy.util.test.junit.AutoTests" name="[61] /home/travis/build/icyphy/ptII/ptolemy/domains/de/test/auto/ResettableTimer4.xml (RunModel)" time="0.008" />
  <testcase classname="ptolemy.util.test.junit.AutoTests" name="[62] /home/travis/build/icyphy/ptII/ptolemy/domains/de/test/auto/ResettableTimer5.xml (RunModel)" time="0.008" />
  <testcase classname="ptolemy.util.test.junit.AutoTests" name="[63] /home/travis/build/icyphy/ptII/ptolemy/domains/de/test/auto/ResettableTimer6.xml (RunModel)" time="0.017" />
  <testcase classname="ptolemy.util.test.junit.AutoTests" name="[64] /home/travis/build/icyphy/ptII/ptolemy/domains/de/test/auto/ServerZeroDelay.xml (RunModel)" time="0.011" />
  <testcase classname="ptolemy.util.test.junit.AutoTests" name="[65] /home/travis/build/icyphy/ptII/ptolemy/domains/de/test/auto/SmartSender.xml (RunModel)" time="3.008" />
  <testcase classname="ptolemy.util.test.junit.AutoTests" name="[66] /home/travis/build/icyphy/ptII/ptolemy/domains/de/test/auto/ThreadedComposite.xml (RunModel)" time="0.111" />
  <testcase classname="ptolemy.util.test.junit.AutoTests" name="[67] /home/travis/build/icyphy/ptII/ptolemy/domains/de/test/auto/Time.xml (RunModel)" time="0.343" />
  <testcase classname="ptolemy.util.test.junit.AutoTests" name="[68] /home/travis/build/icyphy/ptII/ptolemy/domains/de/test/auto/TimeDelayZeroDelay.xml (RunModel)" time="0.011" />
  <testcase classname="ptolemy.util.test.junit.AutoTests" name="[69] /home/travis/build/icyphy/ptII/ptolemy/domains/de/test/auto/TimerZeroDelay.xml (RunModel)" time="0.01" />
  <testcase classname="ptolemy.util.test.junit.AutoTests" name="[70] /home/travis/build/icyphy/ptII/ptolemy/domains/de/test/auto/TimingParadox.xml (RunModel)" time="0.306" />
  <testcase classname="ptolemy.util.test.junit.AutoTests" name="[71] /home/travis/build/icyphy/ptII/ptolemy/domains/de/test/auto/TransferInputs.xml (RunModel)" time="0.012" />
  <testcase classname="ptolemy.util.test.junit.AutoTests" name="[72] /home/travis/build/icyphy/ptII/ptolemy/domains/de/test/auto/TransferOutputs2.xml (RunModel)" time="0.017" />
  <testcase classname="ptolemy.util.test.junit.AutoTests" name="[73] /home/travis/build/icyphy/ptII/ptolemy/domains/de/test/auto/Trilateration.xml (RunModel)" time="11.091" />
  <testcase classname="ptolemy.util.test.junit.AutoTests" name="[74] /home/travis/build/icyphy/ptII/ptolemy/domains/de/test/auto/TwoSigmaDelta.xml (RunModel)" time="1.616" />
  <testcase classname="ptolemy.util.test.junit.AutoTests" name="[75] /home/travis/build/icyphy/ptII/ptolemy/domains/de/test/auto/VariableDelay.xml (RunModel)" time="0.011" />
  <testcase classname="ptolemy.util.test.junit.AutoTests" name="[76] /home/travis/build/icyphy/ptII/ptolemy/domains/de/test/auto/VariableDelay2.xml (RunModel)" time="0.007" />
  <testcase classname="ptolemy.util.test.junit.AutoTests" name="[77] /home/travis/build/icyphy/ptII/ptolemy/domains/de/test/auto/VariableDelayZeroDelay.xml (RunModel)" time="0.016" />
  <testcase classname="ptolemy.util.test.junit.AutoTests" name="[78] /home/travis/build/icyphy/ptII/ptolemy/domains/de/test/auto/VariableDelayZeroDelay2.xml (RunModel)" time="0.013" />
  <testcase classname="ptolemy.util.test.junit.AutoTests" name="[79] /home/travis/build/icyphy/ptII/ptolemy/domains/de/test/auto/deInCt.xml (RunModel)" time="0.018" />
  <testcase classname="ptolemy.util.test.junit.AutoTests" name="[80] /home/travis/build/icyphy/ptII/ptolemy/domains/de/test/auto/deInCt2.xml (RunModel)" time="0.012" />
  <testcase classname="ptolemy.util.test.junit.AutoTests" name="[81] /home/travis/build/icyphy/ptII/ptolemy/domains/de/test/auto/dynamicCausalityInterface1.xml (RunModel)" time="0.013" />
  <testcase classname="ptolemy.util.test.junit.AutoTests" name="[82] /home/travis/build/icyphy/ptII/ptolemy/domains/de/test/auto/fsm_de_test.xml (RunModel)" time="0.024" />
  <testcase classname="ptolemy.util.test.junit.AutoTests" name="[83] /home/travis/build/icyphy/ptII/ptolemy/domains/de/test/auto/functionDependencyReconstruction.xml (RunModel)" time="0.027" />
  <testcase classname="ptolemy.util.test.junit.AutoTests" name="[84] /home/travis/build/icyphy/ptII/ptolemy/domains/de/test/auto/multirate.xml (RunModel)" time="0.02" />
  <testcase classname="ptolemy.util.test.junit.AutoTests" name="[85] /home/travis/build/icyphy/ptII/ptolemy/domains/de/test/auto/multirate2.xml (RunModel)" time="0.009" />
  <testcase classname="ptolemy.util.test.junit.AutoTests" name="[86] /home/travis/build/icyphy/ptII/ptolemy/domains/de/test/auto/realtime.xml (RunModel)" time="10.009" />
  <testcase classname="ptolemy.util.test.junit.AutoTests" name="[87] /home/travis/build/icyphy/ptII/ptolemy/domains/de/test/auto/relationGroup.xml (RunModel)" time="0.007" />
  <testcase classname="ptolemy.util.test.junit.AutoTests" name="[88] /home/travis/build/icyphy/ptII/ptolemy/domains/de/test/auto/relationGroup2.xml (RunModel)" time="0.009" />
  <testcase classname="ptolemy.util.test.junit.AutoTests" name="[89] /home/travis/build/icyphy/ptII/ptolemy/domains/de/test/auto/sortWithOpaquePorts.xml (RunModel)" time="0.007" />
  <testcase classname="ptolemy.util.test.junit.AutoTests" name="[90] /home/travis/build/icyphy/ptII/ptolemy/domains/de/test/auto/transferInputsandOutputs.xml (RunModel)" time="0.009" />
  <testcase classname="ptolemy.util.test.junit.AutoTests" name="[91] /home/travis/build/icyphy/ptII/ptolemy/domains/de/test/auto/triggerType.xml (RunModel)" time="0.011" />
  <system-out><![CDATA[/home/travis/build/icyphy/ptII/ptolemy/domains/de/test/DependencyLoop.tcl
testDefs.tcl: setting time out to 9000 seconds at Tue Jan 14 06:42:39 UTC 2020
80 ms. Memory: 129024K Free: 79302K (61%)
11 ms. Memory: 129024K Free: 61879K (48%)
/home/travis/build/icyphy/ptII/ptolemy/domains/de/test/RunDETestsAsQSS.tcl
Run the DE tests using ptolemy.domains.qss.test.QSSDirectorTest, which extends QSSDirector and prints a message in the constructors.
------------------ testing $PTII/ptolemy/domains/de/test/auto/knownFailedTests/DirectFeedback.xml (Known Failure) 
59 ms. Memory: 129024K Free: 55750K (43%)


==== $PTIIhome/travis/build/icyphy/ptII/ptolemy/domains/de/test/../../../../: Auto Automatic test in file $PTII/ptolemy/domains/de/test/auto/knownFailedTests/DirectFeedback.xml
==== Contents of test case:

	    # FIXME: we should use $relativeFilename here, but it
	    # might have backslashes under Windows, which causes no end
	    # of trouble.
	    createAndExecute $file
	    list {}
	
.... Test generated KNOWN error:
    while executing
ptolemy.kernel.util.IllegalActionException: Test fails in iteration 1.
Value was: 1.0. Should have been: 2.0
  in .DirectFeedback.Test
	at ptolemy.actor.lib.Test.fire(Test.java:268)
	at ptolemy.domains.de.kernel.DEDirector._fire(DEDirector.java:1949)
	at ptolemy.domains.de.kernel.DEDirector.fire(DEDirector.java:502)
	at ptolemy.actor.CompositeActor.fire(CompositeActor.java:455)
	at ptolemy.actor.Manager.iterate(Manager.java:851)
	at ptolemy.actor.Manager.execute(Manager.java:369)
	at ptolemy.actor.Manager.run(Manager.java:1263)
	at ptolemy.actor.Manager$PtolemyRunThread.run(Manager.java:1933)

    while executing
ptolemy.kernel.util.IllegalActionException: Test fails in iteration 1.
Value was: 1.0. Should have been: 2.0
  in .DirectFeedback.Test
    while executing
"java::new ptolemy.moml.MoMLSimpleApplication $file
"
    (procedure "createAndExecute" line 2)
    invoked from within
"createAndExecute $file"
    ("uplevel" body line 5)
    invoked from within
"uplevel $contents_of_test"
------------------ testing $PTII/ptolemy/domains/de/test/auto/knownFailedTests/dependencyLoop.xml (Known Failure) 
12 ms. Memory: 129024K Free: 52678K (41%)


==== $PTIIhome/travis/build/icyphy/ptII/ptolemy/domains/de/test/../../../../: Auto Automatic test in file $PTII/ptolemy/domains/de/test/auto/knownFailedTests/dependencyLoop.xml
==== Contents of test case:

	    # FIXME: we should use $relativeFilename here, but it
	    # might have backslashes under Windows, which causes no end
	    # of trouble.
	    createAndExecute $file
	    list {}
	
.... Test generated KNOWN error:
    while executing
ptolemy.kernel.util.IllegalActionException: Found a zero delay loop containing .dependencyLoop.original
  in .dependencyLoop and .dependencyLoop.original
	at ptolemy.actor.util.CausalityInterfaceForComposites._computeOutputPortDepth(CausalityInterfaceForComposites.java:759)
	at ptolemy.actor.util.CausalityInterfaceForComposites._computeInputDepth(CausalityInterfaceForComposites.java:696)
	at ptolemy.actor.util.CausalityInterfaceForComposites._computeOutputPortDepth(CausalityInterfaceForComposites.java:765)
	at ptolemy.actor.util.CausalityInterfaceForComposites._computeInputDepth(CausalityInterfaceForComposites.java:696)
	at ptolemy.actor.util.CausalityInterfaceForComposites._computeOutputPortDepth(CausalityInterfaceForComposites.java:765)
	at ptolemy.actor.util.CausalityInterfaceForComposites._computeInputDepth(CausalityInterfaceForComposites.java:696)
	at ptolemy.actor.util.CausalityInterfaceForComposites._computeActorDepth(CausalityInterfaceForComposites.java:532)
	at ptolemy.actor.util.CausalityInterfaceForComposites.checkForCycles(CausalityInterfaceForComposites.java:96)
	at ptolemy.domains.de.kernel.DEDirector.preinitialize(DEDirector.java:1338)
	at ptolemy.actor.CompositeActor.preinitialize(CompositeActor.java:1828)
	at ptolemy.actor.Manager.preinitializeAndResolveTypes(Manager.java:1040)
	at ptolemy.actor.Manager.initialize(Manager.java:710)
	at ptolemy.actor.Manager.execute(Manager.java:356)
	at ptolemy.actor.Manager.run(Manager.java:1263)
	at ptolemy.actor.Manager$PtolemyRunThread.run(Manager.java:1933)

    while executing
ptolemy.kernel.util.IllegalActionException: Found a zero delay loop containing .dependencyLoop.original
  in .dependencyLoop and .dependencyLoop.original
    while executing
"java::new ptolemy.moml.MoMLSimpleApplication $file
"
    (procedure "createAndExecute" line 2)
    invoked from within
"createAndExecute $file"
    ("uplevel" body line 5)
    invoked from within
"uplevel $contents_of_test"
------------------ testing $PTII/ptolemy/domains/de/test/auto/knownFailedTests/FSMSource.xml (Known Failure) 
52 ms. Memory: 129024K Free: 110610K (86%)
!!!! Auto was marked as failing, but now passes
------------------ testing $PTII/ptolemy/domains/de/test/auto/knownFailedTests/HierarchicalModel.xml (Known Failure) 
12 ms. Memory: 129024K Free: 93170K (72%)


==== $PTIIhome/travis/build/icyphy/ptII/ptolemy/domains/de/test/../../../../: Auto Automatic test in file $PTII/ptolemy/domains/de/test/auto/knownFailedTests/HierarchicalModel.xml
==== Contents of test case:

	    # FIXME: we should use $relativeFilename here, but it
	    # might have backslashes under Windows, which causes no end
	    # of trouble.
	    createAndExecute $file
	    list {}
	
.... Test generated KNOWN error:
    while executing
ptolemy.kernel.util.IllegalActionException: Found a zero delay loop containing .HierarchicalModel.A
  in .HierarchicalModel and .HierarchicalModel.A
	at ptolemy.actor.util.CausalityInterfaceForComposites._computeOutputPortDepth(CausalityInterfaceForComposites.java:759)
	at ptolemy.actor.util.CausalityInterfaceForComposites._computeInputDepth(CausalityInterfaceForComposites.java:696)
	at ptolemy.actor.util.CausalityInterfaceForComposites._computeOutputPortDepth(CausalityInterfaceForComposites.java:765)
	at ptolemy.actor.util.CausalityInterfaceForComposites._computeInputDepth(CausalityInterfaceForComposites.java:696)
	at ptolemy.actor.util.CausalityInterfaceForComposites._computeOutputPortDepth(CausalityInterfaceForComposites.java:765)
	at ptolemy.actor.util.CausalityInterfaceForComposites._computeInputDepth(CausalityInterfaceForComposites.java:696)
	at ptolemy.actor.util.CausalityInterfaceForComposites._computeActorDepth(CausalityInterfaceForComposites.java:532)
	at ptolemy.actor.util.CausalityInterfaceForComposites.checkForCycles(CausalityInterfaceForComposites.java:96)
	at ptolemy.domains.de.kernel.DEDirector.preinitialize(DEDirector.java:1338)
	at ptolemy.actor.CompositeActor.preinitialize(CompositeActor.java:1828)
	at ptolemy.actor.Manager.preinitializeAndResolveTypes(Manager.java:1040)
	at ptolemy.actor.Manager.initialize(Manager.java:710)
	at ptolemy.actor.Manager.execute(Manager.java:356)
	at ptolemy.actor.Manager.run(Manager.java:1263)
	at ptolemy.actor.Manager$PtolemyRunThread.run(Manager.java:1933)

    while executing
ptolemy.kernel.util.IllegalActionException: Found a zero delay loop containing .HierarchicalModel.A
  in .HierarchicalModel and .HierarchicalModel.A
    while executing
"java::new ptolemy.moml.MoMLSimpleApplication $file
"
    (procedure "createAndExecute" line 2)
    invoked from within
"createAndExecute $file"
    ("uplevel" body line 5)
    invoked from within
"uplevel $contents_of_test"
------------------ testing $PTII/ptolemy/domains/de/test/auto/knownFailedTests/dependencyLoop2.xml (Known Failure) 
4 ms. Memory: 129024K Free: 76840K (60%)


==== $PTIIhome/travis/build/icyphy/ptII/ptolemy/domains/de/test/../../../../: Auto Automatic test in file $PTII/ptolemy/domains/de/test/auto/knownFailedTests/dependencyLoop2.xml
==== Contents of test case:

	    # FIXME: we should use $relativeFilename here, but it
	    # might have backslashes under Windows, which causes no end
	    # of trouble.
	    createAndExecute $file
	    list {}
	
.... Test generated KNOWN error:
    while executing
ptolemy.kernel.util.IllegalActionException: Found a zero delay loop containing .dependencyLoop2.original
  in .dependencyLoop2 and .dependencyLoop2.original
	at ptolemy.actor.util.CausalityInterfaceForComposites._computeOutputPortDepth(CausalityInterfaceForComposites.java:759)
	at ptolemy.actor.util.CausalityInterfaceForComposites._computeInputDepth(CausalityInterfaceForComposites.java:696)
	at ptolemy.actor.util.CausalityInterfaceForComposites._computeOutputPortDepth(CausalityInterfaceForComposites.java:765)
	at ptolemy.actor.util.CausalityInterfaceForComposites._computeInputDepth(CausalityInterfaceForComposites.java:696)
	at ptolemy.actor.util.CausalityInterfaceForComposites._computeOutputPortDepth(CausalityInterfaceForComposites.java:765)
	at ptolemy.actor.util.CausalityInterfaceForComposites._computeInputDepth(CausalityInterfaceForComposites.java:696)
	at ptolemy.actor.util.CausalityInterfaceForComposites._computeActorDepth(CausalityInterfaceForComposites.java:532)
	at ptolemy.actor.util.CausalityInterfaceForComposites.checkForCycles(CausalityInterfaceForComposites.java:96)
	at ptolemy.domains.de.kernel.DEDirector.preinitialize(DEDirector.java:1338)
	at ptolemy.actor.CompositeActor.preinitialize(CompositeActor.java:1828)
	at ptolemy.actor.Manager.preinitializeAndResolveTypes(Manager.java:1040)
	at ptolemy.actor.Manager.initialize(Manager.java:710)
	at ptolemy.actor.Manager.execute(Manager.java:356)
	at ptolemy.actor.Manager.run(Manager.java:1263)
	at ptolemy.actor.Manager$PtolemyRunThread.run(Manager.java:1933)

    while executing
ptolemy.kernel.util.IllegalActionException: Found a zero delay loop containing .dependencyLoop2.original
  in .dependencyLoop2 and .dependencyLoop2.original
    while executing
"java::new ptolemy.moml.MoMLSimpleApplication $file
"
    (procedure "createAndExecute" line 2)
    invoked from within
"createAndExecute $file"
    ("uplevel" body line 5)
    invoked from within
"uplevel $contents_of_test"
------------------ testing $PTII/ptolemy/domains/de/test/auto/knownFailedTests/DESDFClockTest.xml (Known Failure) 
2044 ms. Memory: 129024K Free: 107404K (83%)


==== $PTIIhome/travis/build/icyphy/ptII/ptolemy/domains/de/test/../../../../: Auto Automatic test in file $PTII/ptolemy/domains/de/test/auto/knownFailedTests/DESDFClockTest.xml
==== Contents of test case:

	    # FIXME: we should use $relativeFilename here, but it
	    # might have backslashes under Windows, which causes no end
	    # of trouble.
	    createAndExecute $file
	    list {}
	
.... Test generated KNOWN error:
    while executing
ptolemy.kernel.util.IllegalActionException: Actor is not ready to fire.  Perhaps UpSample.prefire() returned false? Try debugging the actor by selecting "Listen to Actor".  Also, for SDF check moml for tokenConsumptionRate on input.
  in .DESDFClockTest.Play Bell.Copy1:SDF Director and .DESDFClockTest.Play Bell.UpSample
	at ptolemy.actor.sched.StaticSchedulingDirector.fire(StaticSchedulingDirector.java:227)
	at ptolemy.domains.sdf.kernel.SDFDirector.fire(SDFDirector.java:500)
	at ptolemy.actor.CompositeActor.fire(CompositeActor.java:455)
	at ptolemy.domains.de.kernel.DEDirector._fire(DEDirector.java:1949)
	at ptolemy.domains.de.kernel.DEDirector.fire(DEDirector.java:502)
	at ptolemy.actor.CompositeActor.fire(CompositeActor.java:455)
	at ptolemy.actor.Manager.iterate(Manager.java:851)
	at ptolemy.actor.Manager.execute(Manager.java:369)
	at ptolemy.actor.Manager.run(Manager.java:1263)
	at ptolemy.actor.Manager$PtolemyRunThread.run(Manager.java:1933)

    while executing
ptolemy.kernel.util.IllegalActionException: Actor is not ready to fire.  Perhaps UpSample.prefire() returned false? Try debugging the actor by selecting "Listen to Actor".  Also, for SDF check moml for tokenConsumptionRate on input.
  in .DESDFClockTest.Play Bell.Copy1:SDF Director and .DESDFClockTest.Play Bell.UpSample
    while executing
"java::new ptolemy.moml.MoMLSimpleApplication $file
"
    (procedure "createAndExecute" line 2)
    invoked from within
"createAndExecute $file"
    ("uplevel" body line 5)
    invoked from within
"uplevel $contents_of_test"
------------------ testing $PTII/ptolemy/domains/de/test/auto/ActorDepthCalculation_actorWithoutPorts.xml
auto.tcl: Setting watchdog for 200 seconds at Tue Jan 14 06:42:43 UTC 2020
9 ms. Memory: 129024K Free: 99198K (77%)
ptolemy.util.test.WatchDog.cancel(): canceling Tue Jan 14 06:42:43 UTC 2020
auto.tcl: Setting watchdog for 200 seconds at Tue Jan 14 06:42:43 UTC 2020
4 ms. Memory: 129024K Free: 98174K (76%)
ptolemy.util.test.WatchDog.cancel(): canceling Tue Jan 14 06:42:43 UTC 2020
------------------ testing $PTII/ptolemy/domains/de/test/auto/AssemblyLine.xml
auto.tcl: Setting watchdog for 200 seconds at Tue Jan 14 06:42:43 UTC 2020
24 ms. Memory: 55296K Free: 31585K (57%)
ptolemy.util.test.WatchDog.cancel(): canceling Tue Jan 14 06:42:44 UTC 2020
auto.tcl: Setting watchdog for 200 seconds at Tue Jan 14 06:42:44 UTC 2020
6 ms. Memory: 55296K Free: 31064K (56%)
ptolemy.util.test.WatchDog.cancel(): canceling Tue Jan 14 06:42:44 UTC 2020
------------------ testing $PTII/ptolemy/domains/de/test/auto/CQBug1.xml
auto.tcl: Setting watchdog for 200 seconds at Tue Jan 14 06:42:44 UTC 2020
3 ms. Memory: 55296K Free: 37558K (68%)
ptolemy.util.test.WatchDog.cancel(): canceling Tue Jan 14 06:42:44 UTC 2020
auto.tcl: Setting watchdog for 200 seconds at Tue Jan 14 06:42:44 UTC 2020
3 ms. Memory: 55296K Free: 37558K (68%)
ptolemy.util.test.WatchDog.cancel(): canceling Tue Jan 14 06:42:44 UTC 2020
------------------ testing $PTII/ptolemy/domains/de/test/auto/CancelFireAt.xml
auto.tcl: Setting watchdog for 200 seconds at Tue Jan 14 06:42:44 UTC 2020
3 ms. Memory: 51200K Free: 34499K (67%)
ptolemy.util.test.WatchDog.cancel(): canceling Tue Jan 14 06:42:44 UTC 2020
auto.tcl: Setting watchdog for 200 seconds at Tue Jan 14 06:42:44 UTC 2020
2 ms. Memory: 51200K Free: 34024K (66%)
ptolemy.util.test.WatchDog.cancel(): canceling Tue Jan 14 06:42:44 UTC 2020
------------------ testing $PTII/ptolemy/domains/de/test/auto/CausalityAndComposabilityAnalysis.xml
auto.tcl: Setting watchdog for 200 seconds at Tue Jan 14 06:42:44 UTC 2020
17 ms. Memory: 51200K Free: 32379K (63%)
ptolemy.util.test.WatchDog.cancel(): canceling Tue Jan 14 06:42:44 UTC 2020
auto.tcl: Setting watchdog for 200 seconds at Tue Jan 14 06:42:44 UTC 2020
5 ms. Memory: 51200K Free: 31983K (62%)
ptolemy.util.test.WatchDog.cancel(): canceling Tue Jan 14 06:42:44 UTC 2020
------------------ testing $PTII/ptolemy/domains/de/test/auto/CausalityInterface1.xml
auto.tcl: Setting watchdog for 200 seconds at Tue Jan 14 06:42:44 UTC 2020
23 ms. Memory: 51200K Free: 31387K (61%)
ptolemy.util.test.WatchDog.cancel(): canceling Tue Jan 14 06:42:44 UTC 2020
auto.tcl: Setting watchdog for 200 seconds at Tue Jan 14 06:42:44 UTC 2020
4 ms. Memory: 51200K Free: 30402K (59%)
ptolemy.util.test.WatchDog.cancel(): canceling Tue Jan 14 06:42:44 UTC 2020
------------------ testing $PTII/ptolemy/domains/de/test/auto/CausalityInterface15.xml
auto.tcl: Setting watchdog for 200 seconds at Tue Jan 14 06:42:44 UTC 2020
14 ms. Memory: 51200K Free: 30959K (60%)
ptolemy.util.test.WatchDog.cancel(): canceling Tue Jan 14 06:42:44 UTC 2020
auto.tcl: Setting watchdog for 200 seconds at Tue Jan 14 06:42:44 UTC 2020
3 ms. Memory: 51200K Free: 30373K (59%)
ptolemy.util.test.WatchDog.cancel(): canceling Tue Jan 14 06:42:44 UTC 2020
------------------ testing $PTII/ptolemy/domains/de/test/auto/CausalityInterface2.xml
auto.tcl: Setting watchdog for 200 seconds at Tue Jan 14 06:42:44 UTC 2020
5 ms. Memory: 51200K Free: 32064K (63%)
ptolemy.util.test.WatchDog.cancel(): canceling Tue Jan 14 06:42:44 UTC 2020
auto.tcl: Setting watchdog for 200 seconds at Tue Jan 14 06:42:44 UTC 2020
3 ms. Memory: 51200K Free: 30916K (60%)
ptolemy.util.test.WatchDog.cancel(): canceling Tue Jan 14 06:42:44 UTC 2020
------------------ testing $PTII/ptolemy/domains/de/test/auto/CausalityInterface3.xml
auto.tcl: Setting watchdog for 200 seconds at Tue Jan 14 06:42:44 UTC 2020
7 ms. Memory: 51200K Free: 31588K (62%)
ptolemy.util.test.WatchDog.cancel(): canceling Tue Jan 14 06:42:44 UTC 2020
auto.tcl: Setting watchdog for 200 seconds at Tue Jan 14 06:42:44 UTC 2020
3 ms. Memory: 51200K Free: 30836K (60%)
ptolemy.util.test.WatchDog.cancel(): canceling Tue Jan 14 06:42:44 UTC 2020
------------------ testing $PTII/ptolemy/domains/de/test/auto/ClockDrift.xml
auto.tcl: Setting watchdog for 200 seconds at Tue Jan 14 06:42:44 UTC 2020
84 ms. Memory: 51200K Free: 23656K (46%)
ptolemy.util.test.WatchDog.cancel(): canceling Tue Jan 14 06:42:44 UTC 2020
auto.tcl: Setting watchdog for 200 seconds at Tue Jan 14 06:42:44 UTC 2020
48 ms. Memory: 51200K Free: 20669K (40%)
ptolemy.util.test.WatchDog.cancel(): canceling Tue Jan 14 06:42:44 UTC 2020
------------------ testing $PTII/ptolemy/domains/de/test/auto/ClockDriftAndValueChange.xml
auto.tcl: Setting watchdog for 200 seconds at Tue Jan 14 06:42:45 UTC 2020
40 ms. Memory: 51200K Free: 23991K (47%)
ptolemy.util.test.WatchDog.cancel(): canceling Tue Jan 14 06:42:45 UTC 2020
auto.tcl: Setting watchdog for 200 seconds at Tue Jan 14 06:42:45 UTC 2020
30 ms. Memory: 51200K Free: 21006K (41%)
ptolemy.util.test.WatchDog.cancel(): canceling Tue Jan 14 06:42:45 UTC 2020
------------------ testing $PTII/ptolemy/domains/de/test/auto/ClockDriftChange.xml
auto.tcl: Setting watchdog for 200 seconds at Tue Jan 14 06:42:45 UTC 2020
21 ms. Memory: 51200K Free: 26057K (51%)
ptolemy.util.test.WatchDog.cancel(): canceling Tue Jan 14 06:42:45 UTC 2020
auto.tcl: Setting watchdog for 200 seconds at Tue Jan 14 06:42:45 UTC 2020
27 ms. Memory: 51200K Free: 23499K (46%)
ptolemy.util.test.WatchDog.cancel(): canceling Tue Jan 14 06:42:45 UTC 2020
------------------ testing $PTII/ptolemy/domains/de/test/auto/ComposableCausalityAnalysis.xml
auto.tcl: Setting watchdog for 200 seconds at Tue Jan 14 06:42:45 UTC 2020
4 ms. Memory: 51200K Free: 30913K (60%)
ptolemy.util.test.WatchDog.cancel(): canceling Tue Jan 14 06:42:45 UTC 2020
auto.tcl: Setting watchdog for 200 seconds at Tue Jan 14 06:42:45 UTC 2020
4 ms. Memory: 51200K Free: 29876K (58%)
ptolemy.util.test.WatchDog.cancel(): canceling Tue Jan 14 06:42:45 UTC 2020
------------------ testing $PTII/ptolemy/domains/de/test/auto/DEFixedPointLimitation.xml
auto.tcl: Setting watchdog for 200 seconds at Tue Jan 14 06:42:45 UTC 2020
3 ms. Memory: 51200K Free: 32002K (63%)
ptolemy.util.test.WatchDog.cancel(): canceling Tue Jan 14 06:42:45 UTC 2020
auto.tcl: Setting watchdog for 200 seconds at Tue Jan 14 06:42:45 UTC 2020
1 ms. Memory: 51200K Free: 31371K (61%)
ptolemy.util.test.WatchDog.cancel(): canceling Tue Jan 14 06:42:45 UTC 2020
------------------ testing $PTII/ptolemy/domains/de/test/auto/DEScheduleTest.xml
auto.tcl: Setting watchdog for 200 seconds at Tue Jan 14 06:42:45 UTC 2020
4 ms. Memory: 51200K Free: 32610K (64%)
ptolemy.util.test.WatchDog.cancel(): canceling Tue Jan 14 06:42:45 UTC 2020
auto.tcl: Setting watchdog for 200 seconds at Tue Jan 14 06:42:45 UTC 2020
2 ms. Memory: 51200K Free: 31844K (62%)
ptolemy.util.test.WatchDog.cancel(): canceling Tue Jan 14 06:42:45 UTC 2020
------------------ testing $PTII/ptolemy/domains/de/test/auto/DEinDEwithStartTimes.xml
auto.tcl: Setting watchdog for 200 seconds at Tue Jan 14 06:42:45 UTC 2020
3 ms. Memory: 51200K Free: 30771K (60%)
ptolemy.util.test.WatchDog.cancel(): canceling Tue Jan 14 06:42:45 UTC 2020
auto.tcl: Setting watchdog for 200 seconds at Tue Jan 14 06:42:45 UTC 2020
4 ms. Memory: 51200K Free: 29747K (58%)
ptolemy.util.test.WatchDog.cancel(): canceling Tue Jan 14 06:42:45 UTC 2020
------------------ testing $PTII/ptolemy/domains/de/test/auto/DEinDEwithStartTimes2.xml
auto.tcl: Setting watchdog for 200 seconds at Tue Jan 14 06:42:45 UTC 2020
8 ms. Memory: 51200K Free: 29848K (58%)
ptolemy.util.test.WatchDog.cancel(): canceling Tue Jan 14 06:42:45 UTC 2020
auto.tcl: Setting watchdog for 200 seconds at Tue Jan 14 06:42:45 UTC 2020
4 ms. Memory: 51200K Free: 28702K (56%)
ptolemy.util.test.WatchDog.cancel(): canceling Tue Jan 14 06:42:45 UTC 2020
------------------ testing $PTII/ptolemy/domains/de/test/auto/DateDemo.xml
auto.tcl: Setting watchdog for 200 seconds at Tue Jan 14 06:42:45 UTC 2020
16 ms. Memory: 51200K Free: 24322K (48%)
ptolemy.util.test.WatchDog.cancel(): canceling Tue Jan 14 06:42:45 UTC 2020
auto.tcl: Setting watchdog for 200 seconds at Tue Jan 14 06:42:45 UTC 2020
7 ms. Memory: 51200K Free: 22696K (44%)
ptolemy.util.test.WatchDog.cancel(): canceling Tue Jan 14 06:42:45 UTC 2020
------------------ testing $PTII/ptolemy/domains/de/test/auto/DateToEvent.xml
auto.tcl: Setting watchdog for 200 seconds at Tue Jan 14 06:42:45 UTC 2020
2017 ms. Memory: 51200K Free: 20262K (40%)
ptolemy.util.test.WatchDog.cancel(): canceling Tue Jan 14 06:42:47 UTC 2020
auto.tcl: Setting watchdog for 200 seconds at Tue Jan 14 06:42:47 UTC 2020
2005 ms. Memory: 51200K Free: 19440K (38%)
ptolemy.util.test.WatchDog.cancel(): canceling Tue Jan 14 06:42:49 UTC 2020
------------------ testing $PTII/ptolemy/domains/de/test/auto/DepthTest1.xml
auto.tcl: Setting watchdog for 200 seconds at Tue Jan 14 06:42:49 UTC 2020
2 ms. Memory: 51200K Free: 33413K (65%)
ptolemy.util.test.WatchDog.cancel(): canceling Tue Jan 14 06:42:49 UTC 2020
auto.tcl: Setting watchdog for 200 seconds at Tue Jan 14 06:42:49 UTC 2020
1 ms. Memory: 51200K Free: 32952K (64%)
ptolemy.util.test.WatchDog.cancel(): canceling Tue Jan 14 06:42:49 UTC 2020
------------------ testing $PTII/ptolemy/domains/de/test/auto/DepthTest2.xml
auto.tcl: Setting watchdog for 200 seconds at Tue Jan 14 06:42:50 UTC 2020
3 ms. Memory: 51200K Free: 30213K (59%)
ptolemy.util.test.WatchDog.cancel(): canceling Tue Jan 14 06:42:50 UTC 2020
auto.tcl: Setting watchdog for 200 seconds at Tue Jan 14 06:42:50 UTC 2020
2 ms. Memory: 51200K Free: 29768K (58%)
ptolemy.util.test.WatchDog.cancel(): canceling Tue Jan 14 06:42:50 UTC 2020
------------------ testing $PTII/ptolemy/domains/de/test/auto/DepthTest3.xml
auto.tcl: Setting watchdog for 200 seconds at Tue Jan 14 06:42:50 UTC 2020
4 ms. Memory: 51200K Free: 33772K (66%)
ptolemy.util.test.WatchDog.cancel(): canceling Tue Jan 14 06:42:50 UTC 2020
auto.tcl: Setting watchdog for 200 seconds at Tue Jan 14 06:42:50 UTC 2020
2 ms. Memory: 51200K Free: 33287K (65%)
ptolemy.util.test.WatchDog.cancel(): canceling Tue Jan 14 06:42:50 UTC 2020
------------------ testing $PTII/ptolemy/domains/de/test/auto/DepthTest4.xml
auto.tcl: Setting watchdog for 200 seconds at Tue Jan 14 06:42:50 UTC 2020
6 ms. Memory: 51200K Free: 31989K (62%)
ptolemy.util.test.WatchDog.cancel(): canceling Tue Jan 14 06:42:50 UTC 2020
auto.tcl: Setting watchdog for 200 seconds at Tue Jan 14 06:42:50 UTC 2020
6 ms. Memory: 51200K Free: 30899K (60%)
ptolemy.util.test.WatchDog.cancel(): canceling Tue Jan 14 06:42:50 UTC 2020
------------------ testing $PTII/ptolemy/domains/de/test/auto/DepthTest5.xml
auto.tcl: Setting watchdog for 200 seconds at Tue Jan 14 06:42:50 UTC 2020
3 ms. Memory: 51200K Free: 31468K (61%)
ptolemy.util.test.WatchDog.cancel(): canceling Tue Jan 14 06:42:50 UTC 2020
auto.tcl: Setting watchdog for 200 seconds at Tue Jan 14 06:42:50 UTC 2020
3 ms. Memory: 51200K Free: 30702K (60%)
ptolemy.util.test.WatchDog.cancel(): canceling Tue Jan 14 06:42:50 UTC 2020
------------------ testing $PTII/ptolemy/domains/de/test/auto/DepthTest6.xml
auto.tcl: Setting watchdog for 200 seconds at Tue Jan 14 06:42:50 UTC 2020
5 ms. Memory: 51200K Free: 31167K (61%)
ptolemy.util.test.WatchDog.cancel(): canceling Tue Jan 14 06:42:50 UTC 2020
auto.tcl: Setting watchdog for 200 seconds at Tue Jan 14 06:42:50 UTC 2020
2 ms. Memory: 51200K Free: 30714K (60%)
ptolemy.util.test.WatchDog.cancel(): canceling Tue Jan 14 06:42:50 UTC 2020
------------------ testing $PTII/ptolemy/domains/de/test/auto/DepthTest7.xml
auto.tcl: Setting watchdog for 200 seconds at Tue Jan 14 06:42:50 UTC 2020
3 ms. Memory: 51200K Free: 31914K (62%)
ptolemy.util.test.WatchDog.cancel(): canceling Tue Jan 14 06:42:50 UTC 2020
auto.tcl: Setting watchdog for 200 seconds at Tue Jan 14 06:42:50 UTC 2020
2 ms. Memory: 51200K Free: 31239K (61%)
ptolemy.util.test.WatchDog.cancel(): canceling Tue Jan 14 06:42:50 UTC 2020
------------------ testing $PTII/ptolemy/domains/de/test/auto/EventToDate.xml
auto.tcl: Setting watchdog for 200 seconds at Tue Jan 14 06:42:50 UTC 2020
3007 ms. Memory: 51200K Free: 22682K (44%)
ptolemy.util.test.WatchDog.cancel(): canceling Tue Jan 14 06:42:53 UTC 2020
auto.tcl: Setting watchdog for 200 seconds at Tue Jan 14 06:42:53 UTC 2020
3005 ms. Memory: 51200K Free: 22049K (43%)
ptolemy.util.test.WatchDog.cancel(): canceling Tue Jan 14 06:42:56 UTC 2020
------------------ testing $PTII/ptolemy/domains/de/test/auto/FSM1.xml
auto.tcl: Setting watchdog for 200 seconds at Tue Jan 14 06:42:56 UTC 2020
34 ms. Memory: 51200K Free: 23957K (47%)
ptolemy.util.test.WatchDog.cancel(): canceling Tue Jan 14 06:42:56 UTC 2020
auto.tcl: Setting watchdog for 200 seconds at Tue Jan 14 06:42:56 UTC 2020
17 ms. Memory: 51200K Free: 20711K (40%)
ptolemy.util.test.WatchDog.cancel(): canceling Tue Jan 14 06:42:56 UTC 2020
------------------ testing $PTII/ptolemy/domains/de/test/auto/FSM7.xml
auto.tcl: Setting watchdog for 200 seconds at Tue Jan 14 06:42:56 UTC 2020
15 ms. Memory: 51200K Free: 23637K (46%)
ptolemy.util.test.WatchDog.cancel(): canceling Tue Jan 14 06:42:56 UTC 2020
auto.tcl: Setting watchdog for 200 seconds at Tue Jan 14 06:42:56 UTC 2020
14 ms. Memory: 51200K Free: 20484K (40%)
ptolemy.util.test.WatchDog.cancel(): canceling Tue Jan 14 06:42:56 UTC 2020
------------------ testing $PTII/ptolemy/domains/de/test/auto/Inspection.xml
auto.tcl: Setting watchdog for 200 seconds at Tue Jan 14 06:42:56 UTC 2020
28 ms. Memory: 51200K Free: 23663K (46%)
ptolemy.util.test.WatchDog.cancel(): canceling Tue Jan 14 06:42:56 UTC 2020
auto.tcl: Setting watchdog for 200 seconds at Tue Jan 14 06:42:56 UTC 2020
23 ms. Memory: 51200K Free: 21966K (43%)
ptolemy.util.test.WatchDog.cancel(): canceling Tue Jan 14 06:42:56 UTC 2020
------------------ testing $PTII/ptolemy/domains/de/test/auto/Iteration.xml
auto.tcl: Setting watchdog for 200 seconds at Tue Jan 14 06:42:56 UTC 2020
7 ms. Memory: 51200K Free: 29200K (57%)
ptolemy.util.test.WatchDog.cancel(): canceling Tue Jan 14 06:42:56 UTC 2020
auto.tcl: Setting watchdog for 200 seconds at Tue Jan 14 06:42:56 UTC 2020
6 ms. Memory: 51200K Free: 28010K (55%)
ptolemy.util.test.WatchDog.cancel(): canceling Tue Jan 14 06:42:57 UTC 2020
------------------ testing $PTII/ptolemy/domains/de/test/auto/LineFault.xml
auto.tcl: Setting watchdog for 200 seconds at Tue Jan 14 06:42:57 UTC 2020
596 ms. Memory: 51200K Free: 17639K (34%)
ptolemy.util.test.WatchDog.cancel(): canceling Tue Jan 14 06:42:57 UTC 2020
auto.tcl: Setting watchdog for 200 seconds at Tue Jan 14 06:42:57 UTC 2020
510 ms. Memory: 51200K Free: 10276K (20%)
ptolemy.util.test.WatchDog.cancel(): canceling Tue Jan 14 06:42:58 UTC 2020
------------------ testing $PTII/ptolemy/domains/de/test/auto/MergeModel1Add.xml
auto.tcl: Setting watchdog for 200 seconds at Tue Jan 14 06:42:58 UTC 2020
22 ms. Memory: 58368K Free: 22613K (39%)
ptolemy.util.test.WatchDog.cancel(): canceling Tue Jan 14 06:42:58 UTC 2020
auto.tcl: Setting watchdog for 200 seconds at Tue Jan 14 06:42:58 UTC 2020
10 ms. Memory: 58368K Free: 20983K (36%)
ptolemy.util.test.WatchDog.cancel(): canceling Tue Jan 14 06:42:58 UTC 2020
------------------ testing $PTII/ptolemy/domains/de/test/auto/MergeModel2Add.xml
auto.tcl: Setting watchdog for 200 seconds at Tue Jan 14 06:42:58 UTC 2020
8 ms. Memory: 58368K Free: 22915K (39%)
ptolemy.util.test.WatchDog.cancel(): canceling Tue Jan 14 06:42:58 UTC 2020
auto.tcl: Setting watchdog for 200 seconds at Tue Jan 14 06:42:58 UTC 2020
6 ms. Memory: 58368K Free: 20977K (36%)
ptolemy.util.test.WatchDog.cancel(): canceling Tue Jan 14 06:42:58 UTC 2020
------------------ testing $PTII/ptolemy/domains/de/test/auto/MergeModel3Add.xml
auto.tcl: Setting watchdog for 200 seconds at Tue Jan 14 06:42:58 UTC 2020
9 ms. Memory: 58368K Free: 22914K (39%)
ptolemy.util.test.WatchDog.cancel(): canceling Tue Jan 14 06:42:58 UTC 2020
auto.tcl: Setting watchdog for 200 seconds at Tue Jan 14 06:42:58 UTC 2020
9 ms. Memory: 58368K Free: 21509K (37%)
ptolemy.util.test.WatchDog.cancel(): canceling Tue Jan 14 06:42:58 UTC 2020
------------------ testing $PTII/ptolemy/domains/de/test/auto/MergeWithoutDiscard.xml
auto.tcl: Setting watchdog for 200 seconds at Tue Jan 14 06:42:58 UTC 2020
3 ms. Memory: 58368K Free: 37821K (65%)
ptolemy.util.test.WatchDog.cancel(): canceling Tue Jan 14 06:42:58 UTC 2020
auto.tcl: Setting watchdog for 200 seconds at Tue Jan 14 06:42:58 UTC 2020
2 ms. Memory: 58368K Free: 37356K (64%)
ptolemy.util.test.WatchDog.cancel(): canceling Tue Jan 14 06:42:58 UTC 2020
------------------ testing $PTII/ptolemy/domains/de/test/auto/Modal1.xml
auto.tcl: Setting watchdog for 200 seconds at Tue Jan 14 06:42:58 UTC 2020
10 ms. Memory: 58368K Free: 29424K (50%)
ptolemy.util.test.WatchDog.cancel(): canceling Tue Jan 14 06:42:58 UTC 2020
auto.tcl: Setting watchdog for 200 seconds at Tue Jan 14 06:42:58 UTC 2020
12 ms. Memory: 58368K Free: 25931K (44%)
ptolemy.util.test.WatchDog.cancel(): canceling Tue Jan 14 06:42:58 UTC 2020
------------------ testing $PTII/ptolemy/domains/de/test/auto/Modal2.xml
auto.tcl: Setting watchdog for 200 seconds at Tue Jan 14 06:42:59 UTC 2020
16 ms. Memory: 58368K Free: 29816K (51%)
ptolemy.util.test.WatchDog.cancel(): canceling Tue Jan 14 06:42:59 UTC 2020
auto.tcl: Setting watchdog for 200 seconds at Tue Jan 14 06:42:59 UTC 2020
16 ms. Memory: 58368K Free: 26302K (45%)
ptolemy.util.test.WatchDog.cancel(): canceling Tue Jan 14 06:42:59 UTC 2020
------------------ testing $PTII/ptolemy/domains/de/test/auto/Modal3.xml
auto.tcl: Setting watchdog for 200 seconds at Tue Jan 14 06:42:59 UTC 2020
11 ms. Memory: 58368K Free: 29226K (50%)
ptolemy.util.test.WatchDog.cancel(): canceling Tue Jan 14 06:42:59 UTC 2020
auto.tcl: Setting watchdog for 200 seconds at Tue Jan 14 06:42:59 UTC 2020
12 ms. Memory: 58368K Free: 26291K (45%)
ptolemy.util.test.WatchDog.cancel(): canceling Tue Jan 14 06:42:59 UTC 2020
------------------ testing $PTII/ptolemy/domains/de/test/auto/Modal4.xml
auto.tcl: Setting watchdog for 200 seconds at Tue Jan 14 06:42:59 UTC 2020
20 ms. Memory: 58368K Free: 28511K (49%)
ptolemy.util.test.WatchDog.cancel(): canceling Tue Jan 14 06:42:59 UTC 2020
auto.tcl: Setting watchdog for 200 seconds at Tue Jan 14 06:42:59 UTC 2020
20 ms. Memory: 58368K Free: 24691K (42%)
ptolemy.util.test.WatchDog.cancel(): canceling Tue Jan 14 06:42:59 UTC 2020
------------------ testing $PTII/ptolemy/domains/de/test/auto/Modal5.xml
auto.tcl: Setting watchdog for 200 seconds at Tue Jan 14 06:42:59 UTC 2020
15 ms. Memory: 58368K Free: 28475K (49%)
ptolemy.util.test.WatchDog.cancel(): canceling Tue Jan 14 06:42:59 UTC 2020
auto.tcl: Setting watchdog for 200 seconds at Tue Jan 14 06:42:59 UTC 2020
18 ms. Memory: 58368K Free: 24846K (43%)
ptolemy.util.test.WatchDog.cancel(): canceling Tue Jan 14 06:42:59 UTC 2020
------------------ testing $PTII/ptolemy/domains/de/test/auto/Modal6.xml
auto.tcl: Setting watchdog for 200 seconds at Tue Jan 14 06:42:59 UTC 2020
20 ms. Memory: 58368K Free: 29229K (50%)
ptolemy.util.test.WatchDog.cancel(): canceling Tue Jan 14 06:42:59 UTC 2020
auto.tcl: Setting watchdog for 200 seconds at Tue Jan 14 06:42:59 UTC 2020
15 ms. Memory: 58368K Free: 25288K (43%)
ptolemy.util.test.WatchDog.cancel(): canceling Tue Jan 14 06:42:59 UTC 2020
------------------ testing $PTII/ptolemy/domains/de/test/auto/Modal7.xml
auto.tcl: Setting watchdog for 200 seconds at Tue Jan 14 06:42:59 UTC 2020
16 ms. Memory: 58368K Free: 28483K (49%)
ptolemy.util.test.WatchDog.cancel(): canceling Tue Jan 14 06:42:59 UTC 2020
auto.tcl: Setting watchdog for 200 seconds at Tue Jan 14 06:42:59 UTC 2020
10 ms. Memory: 58368K Free: 24881K (43%)
ptolemy.util.test.WatchDog.cancel(): canceling Tue Jan 14 06:42:59 UTC 2020
------------------ testing $PTII/ptolemy/domains/de/test/auto/ModalModel.xml
auto.tcl: Setting watchdog for 200 seconds at Tue Jan 14 06:42:59 UTC 2020
179 ms. Memory: 58368K Free: 24734K (42%)
ptolemy.util.test.WatchDog.cancel(): canceling Tue Jan 14 06:42:59 UTC 2020
auto.tcl: Setting watchdog for 200 seconds at Tue Jan 14 06:42:59 UTC 2020
187 ms. Memory: 70656K Free: 32946K (47%)
ptolemy.util.test.WatchDog.cancel(): canceling Tue Jan 14 06:43:00 UTC 2020
------------------ testing $PTII/ptolemy/domains/de/test/auto/ModalSource.xml
auto.tcl: Setting watchdog for 200 seconds at Tue Jan 14 06:43:00 UTC 2020
6 ms. Memory: 61440K Free: 35879K (58%)
ptolemy.util.test.WatchDog.cancel(): canceling Tue Jan 14 06:43:00 UTC 2020
auto.tcl: Setting watchdog for 200 seconds at Tue Jan 14 06:43:00 UTC 2020
5 ms. Memory: 61440K Free: 33907K (55%)
ptolemy.util.test.WatchDog.cancel(): canceling Tue Jan 14 06:43:00 UTC 2020
------------------ testing $PTII/ptolemy/domains/de/test/auto/NonInterruptibleTimerZeroDelay.xml
auto.tcl: Setting watchdog for 200 seconds at Tue Jan 14 06:43:00 UTC 2020
4 ms. Memory: 61440K Free: 41243K (67%)
ptolemy.util.test.WatchDog.cancel(): canceling Tue Jan 14 06:43:00 UTC 2020
auto.tcl: Setting watchdog for 200 seconds at Tue Jan 14 06:43:00 UTC 2020
2 ms. Memory: 61440K Free: 40629K (66%)
ptolemy.util.test.WatchDog.cancel(): canceling Tue Jan 14 06:43:00 UTC 2020
------------------ testing $PTII/ptolemy/domains/de/test/auto/OpenQueueingNetwork.xml
auto.tcl: Setting watchdog for 200 seconds at Tue Jan 14 06:43:00 UTC 2020
2833 ms. Memory: 128000K Free: 71145K (56%)
ptolemy.util.test.WatchDog.cancel(): canceling Tue Jan 14 06:43:03 UTC 2020
auto.tcl: Setting watchdog for 200 seconds at Tue Jan 14 06:43:03 UTC 2020
2384 ms. Memory: 153600K Free: 77321K (50%)
ptolemy.util.test.WatchDog.cancel(): canceling Tue Jan 14 06:43:05 UTC 2020
------------------ testing $PTII/ptolemy/domains/de/test/auto/OpenQueuingNetwork.xml
auto.tcl: Setting watchdog for 200 seconds at Tue Jan 14 06:43:05 UTC 2020
233 ms. Memory: 65536K Free: 45629K (70%)
ptolemy.util.test.WatchDog.cancel(): canceling Tue Jan 14 06:43:06 UTC 2020
auto.tcl: Setting watchdog for 200 seconds at Tue Jan 14 06:43:06 UTC 2020
212 ms. Memory: 65536K Free: 31726K (48%)
ptolemy.util.test.WatchDog.cancel(): canceling Tue Jan 14 06:43:06 UTC 2020
------------------ testing $PTII/ptolemy/domains/de/test/auto/PeriodicSampler.xml
auto.tcl: Setting watchdog for 200 seconds at Tue Jan 14 06:43:06 UTC 2020
2 ms. Memory: 61440K Free: 40557K (66%)
ptolemy.util.test.WatchDog.cancel(): canceling Tue Jan 14 06:43:06 UTC 2020
auto.tcl: Setting watchdog for 200 seconds at Tue Jan 14 06:43:06 UTC 2020
2 ms. Memory: 61440K Free: 40037K (65%)
ptolemy.util.test.WatchDog.cancel(): canceling Tue Jan 14 06:43:06 UTC 2020
------------------ testing $PTII/ptolemy/domains/de/test/auto/PersistentIO.xml
auto.tcl: Setting watchdog for 200 seconds at Tue Jan 14 06:43:06 UTC 2020
11 ms. Memory: 58368K Free: 32409K (56%)
ptolemy.util.test.WatchDog.cancel(): canceling Tue Jan 14 06:43:06 UTC 2020
auto.tcl: Setting watchdog for 200 seconds at Tue Jan 14 06:43:06 UTC 2020
4 ms. Memory: 58368K Free: 30889K (53%)
ptolemy.util.test.WatchDog.cancel(): canceling Tue Jan 14 06:43:06 UTC 2020
------------------ testing $PTII/ptolemy/domains/de/test/auto/PortParameterResetOnInitialize.xml
auto.tcl: Setting watchdog for 200 seconds at Tue Jan 14 06:43:06 UTC 2020
5 ms. Memory: 58368K Free: 37407K (64%)
ptolemy.util.test.WatchDog.cancel(): canceling Tue Jan 14 06:43:06 UTC 2020
auto.tcl: Setting watchdog for 200 seconds at Tue Jan 14 06:43:06 UTC 2020
2 ms. Memory: 58368K Free: 36897K (63%)
ptolemy.util.test.WatchDog.cancel(): canceling Tue Jan 14 06:43:06 UTC 2020
------------------ testing $PTII/ptolemy/domains/de/test/auto/PortParameterUpdates.xml
auto.tcl: Setting watchdog for 200 seconds at Tue Jan 14 06:43:06 UTC 2020
6 ms. Memory: 58368K Free: 35662K (61%)
ptolemy.util.test.WatchDog.cancel(): canceling Tue Jan 14 06:43:06 UTC 2020
auto.tcl: Setting watchdog for 200 seconds at Tue Jan 14 06:43:06 UTC 2020
4 ms. Memory: 58368K Free: 34454K (59%)
ptolemy.util.test.WatchDog.cancel(): canceling Tue Jan 14 06:43:06 UTC 2020
------------------ testing $PTII/ptolemy/domains/de/test/auto/QueueAndServer.xml
auto.tcl: Setting watchdog for 200 seconds at Tue Jan 14 06:43:06 UTC 2020
12 ms. Memory: 58368K Free: 34429K (59%)
ptolemy.util.test.WatchDog.cancel(): canceling Tue Jan 14 06:43:06 UTC 2020
auto.tcl: Setting watchdog for 200 seconds at Tue Jan 14 06:43:06 UTC 2020
5 ms. Memory: 58368K Free: 32895K (56%)
ptolemy.util.test.WatchDog.cancel(): canceling Tue Jan 14 06:43:06 UTC 2020
------------------ testing $PTII/ptolemy/domains/de/test/auto/Records.xml
auto.tcl: Setting watchdog for 200 seconds at Tue Jan 14 06:43:06 UTC 2020
3 ms. Memory: 58368K Free: 36605K (63%)
ptolemy.util.test.WatchDog.cancel(): canceling Tue Jan 14 06:43:06 UTC 2020
auto.tcl: Setting watchdog for 200 seconds at Tue Jan 14 06:43:06 UTC 2020
2 ms. Memory: 58368K Free: 36091K (62%)
ptolemy.util.test.WatchDog.cancel(): canceling Tue Jan 14 06:43:06 UTC 2020
------------------ testing $PTII/ptolemy/domains/de/test/auto/ResetTransitionWithStartTime1.xml
auto.tcl: Setting watchdog for 200 seconds at Tue Jan 14 06:43:06 UTC 2020
7 ms. Memory: 58368K Free: 33890K (58%)
ptolemy.util.test.WatchDog.cancel(): canceling Tue Jan 14 06:43:06 UTC 2020
auto.tcl: Setting watchdog for 200 seconds at Tue Jan 14 06:43:06 UTC 2020
6 ms. Memory: 58368K Free: 31842K (55%)
ptolemy.util.test.WatchDog.cancel(): canceling Tue Jan 14 06:43:06 UTC 2020
------------------ testing $PTII/ptolemy/domains/de/test/auto/ResetTransitionWithStartTime2.xml
auto.tcl: Setting watchdog for 200 seconds at Tue Jan 14 06:43:06 UTC 2020
7 ms. Memory: 58368K Free: 33846K (58%)
ptolemy.util.test.WatchDog.cancel(): canceling Tue Jan 14 06:43:06 UTC 2020
auto.tcl: Setting watchdog for 200 seconds at Tue Jan 14 06:43:06 UTC 2020
6 ms. Memory: 58368K Free: 31798K (54%)
ptolemy.util.test.WatchDog.cancel(): canceling Tue Jan 14 06:43:06 UTC 2020
------------------ testing $PTII/ptolemy/domains/de/test/auto/ResetTransitionWithStartTime3.xml
auto.tcl: Setting watchdog for 200 seconds at Tue Jan 14 06:43:06 UTC 2020
6 ms. Memory: 58368K Free: 33845K (58%)
ptolemy.util.test.WatchDog.cancel(): canceling Tue Jan 14 06:43:06 UTC 2020
auto.tcl: Setting watchdog for 200 seconds at Tue Jan 14 06:43:06 UTC 2020
5 ms. Memory: 58368K Free: 31797K (54%)
ptolemy.util.test.WatchDog.cancel(): canceling Tue Jan 14 06:43:06 UTC 2020
------------------ testing $PTII/ptolemy/domains/de/test/auto/ResetTransitionWithStartTime4.xml
auto.tcl: Setting watchdog for 200 seconds at Tue Jan 14 06:43:07 UTC 2020
7 ms. Memory: 58368K Free: 34200K (59%)
ptolemy.util.test.WatchDog.cancel(): canceling Tue Jan 14 06:43:07 UTC 2020
auto.tcl: Setting watchdog for 200 seconds at Tue Jan 14 06:43:07 UTC 2020
3 ms. Memory: 58368K Free: 32819K (56%)
ptolemy.util.test.WatchDog.cancel(): canceling Tue Jan 14 06:43:07 UTC 2020
------------------ testing $PTII/ptolemy/domains/de/test/auto/ResettableTimer1.xml
auto.tcl: Setting watchdog for 200 seconds at Tue Jan 14 06:43:07 UTC 2020
3 ms. Memory: 58368K Free: 37961K (65%)
ptolemy.util.test.WatchDog.cancel(): canceling Tue Jan 14 06:43:07 UTC 2020
auto.tcl: Setting watchdog for 200 seconds at Tue Jan 14 06:43:07 UTC 2020
2 ms. Memory: 58368K Free: 36898K (63%)
ptolemy.util.test.WatchDog.cancel(): canceling Tue Jan 14 06:43:07 UTC 2020
------------------ testing $PTII/ptolemy/domains/de/test/auto/ResettableTimer2.xml
auto.tcl: Setting watchdog for 200 seconds at Tue Jan 14 06:43:07 UTC 2020
3 ms. Memory: 58368K Free: 38017K (65%)
ptolemy.util.test.WatchDog.cancel(): canceling Tue Jan 14 06:43:07 UTC 2020
auto.tcl: Setting watchdog for 200 seconds at Tue Jan 14 06:43:07 UTC 2020
2 ms. Memory: 58368K Free: 36954K (63%)
ptolemy.util.test.WatchDog.cancel(): canceling Tue Jan 14 06:43:07 UTC 2020
------------------ testing $PTII/ptolemy/domains/de/test/auto/ResettableTimer3.xml
auto.tcl: Setting watchdog for 200 seconds at Tue Jan 14 06:43:07 UTC 2020
2 ms. Memory: 58368K Free: 37977K (65%)
ptolemy.util.test.WatchDog.cancel(): canceling Tue Jan 14 06:43:07 UTC 2020
auto.tcl: Setting watchdog for 200 seconds at Tue Jan 14 06:43:07 UTC 2020
3 ms. Memory: 58368K Free: 37977K (65%)
ptolemy.util.test.WatchDog.cancel(): canceling Tue Jan 14 06:43:07 UTC 2020
------------------ testing $PTII/ptolemy/domains/de/test/auto/ResettableTimer4.xml
auto.tcl: Setting watchdog for 200 seconds at Tue Jan 14 06:43:07 UTC 2020
2 ms. Memory: 55296K Free: 34919K (63%)
ptolemy.util.test.WatchDog.cancel(): canceling Tue Jan 14 06:43:07 UTC 2020
auto.tcl: Setting watchdog for 200 seconds at Tue Jan 14 06:43:07 UTC 2020
1 ms. Memory: 55296K Free: 34405K (62%)
ptolemy.util.test.WatchDog.cancel(): canceling Tue Jan 14 06:43:07 UTC 2020
------------------ testing $PTII/ptolemy/domains/de/test/auto/ResettableTimer5.xml
auto.tcl: Setting watchdog for 200 seconds at Tue Jan 14 06:43:07 UTC 2020
2 ms. Memory: 55296K Free: 34403K (62%)
ptolemy.util.test.WatchDog.cancel(): canceling Tue Jan 14 06:43:07 UTC 2020
auto.tcl: Setting watchdog for 200 seconds at Tue Jan 14 06:43:07 UTC 2020
1 ms. Memory: 55296K Free: 33893K (61%)
ptolemy.util.test.WatchDog.cancel(): canceling Tue Jan 14 06:43:07 UTC 2020
------------------ testing $PTII/ptolemy/domains/de/test/auto/ResettableTimer6.xml
auto.tcl: Setting watchdog for 200 seconds at Tue Jan 14 06:43:07 UTC 2020
1 ms. Memory: 55296K Free: 34393K (62%)
ptolemy.util.test.WatchDog.cancel(): canceling Tue Jan 14 06:43:07 UTC 2020
auto.tcl: Setting watchdog for 200 seconds at Tue Jan 14 06:43:07 UTC 2020
1 ms. Memory: 55296K Free: 33883K (61%)
ptolemy.util.test.WatchDog.cancel(): canceling Tue Jan 14 06:43:07 UTC 2020
------------------ testing $PTII/ptolemy/domains/de/test/auto/ServerZeroDelay.xml
auto.tcl: Setting watchdog for 200 seconds at Tue Jan 14 06:43:07 UTC 2020
5 ms. Memory: 55296K Free: 34899K (63%)
ptolemy.util.test.WatchDog.cancel(): canceling Tue Jan 14 06:43:07 UTC 2020
auto.tcl: Setting watchdog for 200 seconds at Tue Jan 14 06:43:07 UTC 2020
2 ms. Memory: 55296K Free: 33875K (61%)
ptolemy.util.test.WatchDog.cancel(): canceling Tue Jan 14 06:43:07 UTC 2020
------------------ testing $PTII/ptolemy/domains/de/test/auto/SmartSender.xml
auto.tcl: Setting watchdog for 200 seconds at Tue Jan 14 06:43:07 UTC 2020
3001 ms. Memory: 55296K Free: 34584K (63%)
ptolemy.util.test.WatchDog.cancel(): canceling Tue Jan 14 06:43:10 UTC 2020
auto.tcl: Setting watchdog for 200 seconds at Tue Jan 14 06:43:10 UTC 2020
3001 ms. Memory: 55296K Free: 34072K (62%)
ptolemy.util.test.WatchDog.cancel(): canceling Tue Jan 14 06:43:13 UTC 2020
------------------ testing $PTII/ptolemy/domains/de/test/auto/ThreadedComposite.xml
auto.tcl: Setting watchdog for 200 seconds at Tue Jan 14 06:43:13 UTC 2020
158 ms. Memory: 55296K Free: 16474K (30%)
ptolemy.util.test.WatchDog.cancel(): canceling Tue Jan 14 06:43:13 UTC 2020
auto.tcl: Setting watchdog for 200 seconds at Tue Jan 14 06:43:13 UTC 2020
125 ms. Memory: 55296K Free: 33929K (61%)
ptolemy.util.test.WatchDog.cancel(): canceling Tue Jan 14 06:43:13 UTC 2020
------------------ testing $PTII/ptolemy/domains/de/test/auto/Time.xml
auto.tcl: Setting watchdog for 200 seconds at Tue Jan 14 06:43:13 UTC 2020
489 ms. Memory: 55296K Free: 9884K (18%)
ptolemy.util.test.WatchDog.cancel(): canceling Tue Jan 14 06:43:14 UTC 2020
auto.tcl: Setting watchdog for 200 seconds at Tue Jan 14 06:43:14 UTC 2020
485 ms. Memory: 55296K Free: 12964K (23%)
ptolemy.util.test.WatchDog.cancel(): canceling Tue Jan 14 06:43:14 UTC 2020
------------------ testing $PTII/ptolemy/domains/de/test/auto/TimeDelayZeroDelay.xml
auto.tcl: Setting watchdog for 200 seconds at Tue Jan 14 06:43:15 UTC 2020
3 ms. Memory: 55296K Free: 34821K (63%)
ptolemy.util.test.WatchDog.cancel(): canceling Tue Jan 14 06:43:15 UTC 2020
auto.tcl: Setting watchdog for 200 seconds at Tue Jan 14 06:43:15 UTC 2020
2 ms. Memory: 55296K Free: 34328K (62%)
ptolemy.util.test.WatchDog.cancel(): canceling Tue Jan 14 06:43:15 UTC 2020
------------------ testing $PTII/ptolemy/domains/de/test/auto/TimerZeroDelay.xml
auto.tcl: Setting watchdog for 200 seconds at Tue Jan 14 06:43:15 UTC 2020
3 ms. Memory: 55296K Free: 35161K (64%)
ptolemy.util.test.WatchDog.cancel(): canceling Tue Jan 14 06:43:15 UTC 2020
auto.tcl: Setting watchdog for 200 seconds at Tue Jan 14 06:43:15 UTC 2020
2 ms. Memory: 55296K Free: 34862K (63%)
ptolemy.util.test.WatchDog.cancel(): canceling Tue Jan 14 06:43:15 UTC 2020
------------------ testing $PTII/ptolemy/domains/de/test/auto/TimingParadox.xml
auto.tcl: Setting watchdog for 200 seconds at Tue Jan 14 06:43:15 UTC 2020
371 ms. Memory: 72704K Free: 41362K (57%)
ptolemy.util.test.WatchDog.cancel(): canceling Tue Jan 14 06:43:15 UTC 2020
auto.tcl: Setting watchdog for 200 seconds at Tue Jan 14 06:43:15 UTC 2020
327 ms. Memory: 72704K Free: 45414K (62%)
ptolemy.util.test.WatchDog.cancel(): canceling Tue Jan 14 06:43:15 UTC 2020
------------------ testing $PTII/ptolemy/domains/de/test/auto/TransferInputs.xml
auto.tcl: Setting watchdog for 200 seconds at Tue Jan 14 06:43:16 UTC 2020
2 ms. Memory: 61440K Free: 39490K (64%)
ptolemy.util.test.WatchDog.cancel(): canceling Tue Jan 14 06:43:16 UTC 2020
auto.tcl: Setting watchdog for 200 seconds at Tue Jan 14 06:43:16 UTC 2020
2 ms. Memory: 61440K Free: 38547K (63%)
ptolemy.util.test.WatchDog.cancel(): canceling Tue Jan 14 06:43:16 UTC 2020
------------------ testing $PTII/ptolemy/domains/de/test/auto/TransferOutputs2.xml
auto.tcl: Setting watchdog for 200 seconds at Tue Jan 14 06:43:16 UTC 2020
4 ms. Memory: 61440K Free: 36918K (60%)
ptolemy.util.test.WatchDog.cancel(): canceling Tue Jan 14 06:43:16 UTC 2020
auto.tcl: Setting watchdog for 200 seconds at Tue Jan 14 06:43:16 UTC 2020
3 ms. Memory: 61440K Free: 35461K (58%)
ptolemy.util.test.WatchDog.cancel(): canceling Tue Jan 14 06:43:16 UTC 2020
------------------ testing $PTII/ptolemy/domains/de/test/auto/Trilateration.xml
auto.tcl: Setting watchdog for 200 seconds at Tue Jan 14 06:43:16 UTC 2020
13216 ms. Memory: 466944K Free: 413390K (89%)
ptolemy.util.test.WatchDog.cancel(): canceling Tue Jan 14 06:43:30 UTC 2020
auto.tcl: Setting watchdog for 200 seconds at Tue Jan 14 06:43:30 UTC 2020
8985 ms. Memory: 466944K Free: 282604K (61%)
ptolemy.util.test.WatchDog.cancel(): canceling Tue Jan 14 06:43:39 UTC 2020
------------------ testing $PTII/ptolemy/domains/de/test/auto/TwoSigmaDelta.xml
auto.tcl: Setting watchdog for 200 seconds at Tue Jan 14 06:43:39 UTC 2020
2258 ms. Memory: 96256K Free: 30479K (32%)
ptolemy.util.test.WatchDog.cancel(): canceling Tue Jan 14 06:43:41 UTC 2020
auto.tcl: Setting watchdog for 200 seconds at Tue Jan 14 06:43:41 UTC 2020
1787 ms. Memory: 96256K Free: 36645K (38%)
ptolemy.util.test.WatchDog.cancel(): canceling Tue Jan 14 06:43:43 UTC 2020
------------------ testing $PTII/ptolemy/domains/de/test/auto/VariableDelay.xml
auto.tcl: Setting watchdog for 200 seconds at Tue Jan 14 06:43:43 UTC 2020
3 ms. Memory: 61440K Free: 39957K (65%)
ptolemy.util.test.WatchDog.cancel(): canceling Tue Jan 14 06:43:43 UTC 2020
auto.tcl: Setting watchdog for 200 seconds at Tue Jan 14 06:43:43 UTC 2020
2 ms. Memory: 61440K Free: 38963K (63%)
ptolemy.util.test.WatchDog.cancel(): canceling Tue Jan 14 06:43:43 UTC 2020
------------------ testing $PTII/ptolemy/domains/de/test/auto/VariableDelay2.xml
auto.tcl: Setting watchdog for 200 seconds at Tue Jan 14 06:43:43 UTC 2020
7 ms. Memory: 58368K Free: 37480K (64%)
ptolemy.util.test.WatchDog.cancel(): canceling Tue Jan 14 06:43:43 UTC 2020
auto.tcl: Setting watchdog for 200 seconds at Tue Jan 14 06:43:43 UTC 2020
2 ms. Memory: 58368K Free: 36968K (63%)
ptolemy.util.test.WatchDog.cancel(): canceling Tue Jan 14 06:43:43 UTC 2020
------------------ testing $PTII/ptolemy/domains/de/test/auto/VariableDelayZeroDelay.xml
auto.tcl: Setting watchdog for 200 seconds at Tue Jan 14 06:43:43 UTC 2020
2 ms. Memory: 58368K Free: 37827K (65%)
ptolemy.util.test.WatchDog.cancel(): canceling Tue Jan 14 06:43:43 UTC 2020
auto.tcl: Setting watchdog for 200 seconds at Tue Jan 14 06:43:43 UTC 2020
2 ms. Memory: 58368K Free: 37299K (64%)
ptolemy.util.test.WatchDog.cancel(): canceling Tue Jan 14 06:43:43 UTC 2020
------------------ testing $PTII/ptolemy/domains/de/test/auto/VariableDelayZeroDelay2.xml
auto.tcl: Setting watchdog for 200 seconds at Tue Jan 14 06:43:44 UTC 2020
1 ms. Memory: 58368K Free: 37826K (65%)
ptolemy.util.test.WatchDog.cancel(): canceling Tue Jan 14 06:43:44 UTC 2020
auto.tcl: Setting watchdog for 200 seconds at Tue Jan 14 06:43:44 UTC 2020
2 ms. Memory: 58368K Free: 36802K (63%)
ptolemy.util.test.WatchDog.cancel(): canceling Tue Jan 14 06:43:44 UTC 2020
------------------ testing $PTII/ptolemy/domains/de/test/auto/deInCt.xml
auto.tcl: Setting watchdog for 200 seconds at Tue Jan 14 06:43:44 UTC 2020
0
1
1
1
0
0
1
1
1
0
0
1
1
1
0
0
0
1
1
1
1
1
1
0
0
0
1
1
1
0
0
0
1
1
1
0
0
0
0
0
1
1
1
1
14 ms. Memory: 58368K Free: 36799K (63%)
ptolemy.util.test.WatchDog.cancel(): canceling Tue Jan 14 06:43:44 UTC 2020
auto.tcl: Setting watchdog for 200 seconds at Tue Jan 14 06:43:44 UTC 2020
0
1
1
1
0
0
0
0
0
1
1
1
1
0
0
1
1
1
1
1
0
0
0
1
1
1
1
1
1
6 ms. Memory: 58368K Free: 35261K (60%)
ptolemy.util.test.WatchDog.cancel(): canceling Tue Jan 14 06:43:44 UTC 2020
------------------ testing $PTII/ptolemy/domains/de/test/auto/deInCt2.xml
auto.tcl: Setting watchdog for 200 seconds at Tue Jan 14 06:43:44 UTC 2020
0
1
1
1
0
0
1
1
1
0
0
1
1
1
0
0
1
1
1
0
0
1
1
1
0
0
1
1
1
0
0
1
1
1
0
0
1
1
1
0
0
0
7 ms. Memory: 58368K Free: 36802K (63%)
ptolemy.util.test.WatchDog.cancel(): canceling Tue Jan 14 06:43:44 UTC 2020
auto.tcl: Setting watchdog for 200 seconds at Tue Jan 14 06:43:44 UTC 2020
0
1
1
1
0
0
1
1
1
0
0
1
1
1
0
0
1
1
1
0
0
1
1
1
0
0
1
1
1
0
0
1
1
1
0
0
1
1
1
0
0
0
6 ms. Memory: 58368K Free: 35250K (60%)
ptolemy.util.test.WatchDog.cancel(): canceling Tue Jan 14 06:43:44 UTC 2020
------------------ testing $PTII/ptolemy/domains/de/test/auto/dynamicCausalityInterface1.xml
auto.tcl: Setting watchdog for 200 seconds at Tue Jan 14 06:43:44 UTC 2020
2 ms. Memory: 58368K Free: 32700K (56%)
ptolemy.util.test.WatchDog.cancel(): canceling Tue Jan 14 06:43:44 UTC 2020
auto.tcl: Setting watchdog for 200 seconds at Tue Jan 14 06:43:44 UTC 2020
1 ms. Memory: 58368K Free: 32186K (55%)
ptolemy.util.test.WatchDog.cancel(): canceling Tue Jan 14 06:43:44 UTC 2020
------------------ testing $PTII/ptolemy/domains/de/test/auto/fsm_de_test.xml
auto.tcl: Setting watchdog for 200 seconds at Tue Jan 14 06:43:44 UTC 2020
11 ms. Memory: 58368K Free: 32598K (56%)
ptolemy.util.test.WatchDog.cancel(): canceling Tue Jan 14 06:43:44 UTC 2020
auto.tcl: Setting watchdog for 200 seconds at Tue Jan 14 06:43:44 UTC 2020
6 ms. Memory: 58368K Free: 30550K (52%)
ptolemy.util.test.WatchDog.cancel(): canceling Tue Jan 14 06:43:44 UTC 2020
------------------ testing $PTII/ptolemy/domains/de/test/auto/functionDependencyReconstruction.xml
auto.tcl: Setting watchdog for 200 seconds at Tue Jan 14 06:43:44 UTC 2020
3 ms. Memory: 58368K Free: 26444K (45%)
ptolemy.util.test.WatchDog.cancel(): canceling Tue Jan 14 06:43:44 UTC 2020
auto.tcl: Setting watchdog for 200 seconds at Tue Jan 14 06:43:44 UTC 2020
2 ms. Memory: 58368K Free: 24396K (42%)
ptolemy.util.test.WatchDog.cancel(): canceling Tue Jan 14 06:43:44 UTC 2020
------------------ testing $PTII/ptolemy/domains/de/test/auto/multirate.xml
auto.tcl: Setting watchdog for 200 seconds at Tue Jan 14 06:43:44 UTC 2020
3 ms. Memory: 58368K Free: 35164K (60%)
ptolemy.util.test.WatchDog.cancel(): canceling Tue Jan 14 06:43:44 UTC 2020
auto.tcl: Setting watchdog for 200 seconds at Tue Jan 14 06:43:44 UTC 2020
3 ms. Memory: 58368K Free: 33494K (57%)
ptolemy.util.test.WatchDog.cancel(): canceling Tue Jan 14 06:43:44 UTC 2020
------------------ testing $PTII/ptolemy/domains/de/test/auto/multirate2.xml
auto.tcl: Setting watchdog for 200 seconds at Tue Jan 14 06:43:44 UTC 2020
3 ms. Memory: 58368K Free: 35363K (61%)
ptolemy.util.test.WatchDog.cancel(): canceling Tue Jan 14 06:43:44 UTC 2020
auto.tcl: Setting watchdog for 200 seconds at Tue Jan 14 06:43:44 UTC 2020
3 ms. Memory: 58368K Free: 33675K (58%)
ptolemy.util.test.WatchDog.cancel(): canceling Tue Jan 14 06:43:44 UTC 2020
------------------ testing $PTII/ptolemy/domains/de/test/auto/realtime.xml
auto.tcl: Setting watchdog for 200 seconds at Tue Jan 14 06:43:44 UTC 2020
10001 ms. Memory: 58368K Free: 37440K (64%)
ptolemy.util.test.WatchDog.cancel(): canceling Tue Jan 14 06:43:54 UTC 2020
auto.tcl: Setting watchdog for 200 seconds at Tue Jan 14 06:43:54 UTC 2020
10002 ms. Memory: 58368K Free: 36746K (63%)
ptolemy.util.test.WatchDog.cancel(): canceling Tue Jan 14 06:44:04 UTC 2020
------------------ testing $PTII/ptolemy/domains/de/test/auto/relationGroup.xml
auto.tcl: Setting watchdog for 200 seconds at Tue Jan 14 06:44:04 UTC 2020
2 ms. Memory: 58368K Free: 38519K (66%)
ptolemy.util.test.WatchDog.cancel(): canceling Tue Jan 14 06:44:04 UTC 2020
auto.tcl: Setting watchdog for 200 seconds at Tue Jan 14 06:44:04 UTC 2020
2 ms. Memory: 58368K Free: 37991K (65%)
ptolemy.util.test.WatchDog.cancel(): canceling Tue Jan 14 06:44:04 UTC 2020
------------------ testing $PTII/ptolemy/domains/de/test/auto/relationGroup2.xml
auto.tcl: Setting watchdog for 200 seconds at Tue Jan 14 06:44:04 UTC 2020
2 ms. Memory: 58368K Free: 38544K (66%)
ptolemy.util.test.WatchDog.cancel(): canceling Tue Jan 14 06:44:04 UTC 2020
auto.tcl: Setting watchdog for 200 seconds at Tue Jan 14 06:44:04 UTC 2020
2 ms. Memory: 58368K Free: 38032K (65%)
ptolemy.util.test.WatchDog.cancel(): canceling Tue Jan 14 06:44:04 UTC 2020
------------------ testing $PTII/ptolemy/domains/de/test/auto/sortWithOpaquePorts.xml
auto.tcl: Setting watchdog for 200 seconds at Tue Jan 14 06:44:04 UTC 2020
2 ms. Memory: 58368K Free: 37323K (64%)
ptolemy.util.test.WatchDog.cancel(): canceling Tue Jan 14 06:44:04 UTC 2020
auto.tcl: Setting watchdog for 200 seconds at Tue Jan 14 06:44:04 UTC 2020
2 ms. Memory: 58368K Free: 36299K (62%)
ptolemy.util.test.WatchDog.cancel(): canceling Tue Jan 14 06:44:04 UTC 2020
------------------ testing $PTII/ptolemy/domains/de/test/auto/transferInputsandOutputs.xml
auto.tcl: Setting watchdog for 200 seconds at Tue Jan 14 06:44:04 UTC 2020
4 ms. Memory: 58368K Free: 34767K (60%)
ptolemy.util.test.WatchDog.cancel(): canceling Tue Jan 14 06:44:04 UTC 2020
auto.tcl: Setting watchdog for 200 seconds at Tue Jan 14 06:44:04 UTC 2020
4 ms. Memory: 58368K Free: 33743K (58%)
ptolemy.util.test.WatchDog.cancel(): canceling Tue Jan 14 06:44:04 UTC 2020
------------------ testing $PTII/ptolemy/domains/de/test/auto/triggerType.xml
auto.tcl: Setting watchdog for 200 seconds at Tue Jan 14 06:44:04 UTC 2020
1 ms. Memory: 58368K Free: 37792K (65%)
ptolemy.util.test.WatchDog.cancel(): canceling Tue Jan 14 06:44:04 UTC 2020
auto.tcl: Setting watchdog for 200 seconds at Tue Jan 14 06:44:04 UTC 2020
2 ms. Memory: 58368K Free: 36768K (63%)
ptolemy.util.test.WatchDog.cancel(): canceling Tue Jan 14 06:44:04 UTC 2020
01/14/20 06:44:05
Failed: 0  Total Tests: 192  ((Passed: 187, Newly Passed: 1)  Known Failed: 5) /home/travis/build/icyphy/ptII/ptolemy/domains/de/test
01/14/20 06:44:05
Failed: 0  Total Tests: 192  ((Passed: 187, Newly Passed: 1)  Known Failed: 5) /home/travis/build/icyphy/ptII/ptolemy/domains/de/test
----------------- testing (KnownFailure) /home/travis/build/icyphy/ptII/ptolemy/domains/de/test/auto/knownFailedTests/DESDFClockTest.xml
2011 ms. Memory: 58368K Free: 31187K (53%)
Known Failure: java.lang.reflect.InvocationTargetException
----------------- testing (KnownFailure) /home/travis/build/icyphy/ptII/ptolemy/domains/de/test/auto/knownFailedTests/DirectFeedback.xml
7 ms. Memory: 58368K Free: 27091K (46%)
Known Failure: java.lang.reflect.InvocationTargetException
----------------- testing (KnownFailure) /home/travis/build/icyphy/ptII/ptolemy/domains/de/test/auto/knownFailedTests/FSMSource.xml
14 ms. Memory: 58368K Free: 19413K (33%)
----------------- testing (KnownFailure) /home/travis/build/icyphy/ptII/ptolemy/domains/de/test/auto/knownFailedTests/HierarchicalModel.xml
2 ms. Memory: 58368K Free: 35665K (61%)
Known Failure: java.lang.reflect.InvocationTargetException
----------------- testing (KnownFailure) /home/travis/build/icyphy/ptII/ptolemy/domains/de/test/auto/knownFailedTests/dependencyLoop.xml
3 ms. Memory: 58368K Free: 19988K (34%)
Known Failure: java.lang.reflect.InvocationTargetException
----------------- testing (KnownFailure) /home/travis/build/icyphy/ptII/ptolemy/domains/de/test/auto/knownFailedTests/dependencyLoop2.xml
6 ms. Memory: 58368K Free: 37014K (63%)
Known Failure: java.lang.reflect.InvocationTargetException
No auto/linux-amd64/*.xml tests in /home/travis/build/icyphy/ptII/ptolemy/domains/de/test
AutoTests.java: About to close Vertx.
AutoTests.java: Vertx closed.

===========================================================================================
----------------- testing Tue Jan 14 06:44:07 UTC 2020 /home/travis/build/icyphy/ptII/ptolemy/domains/de/test/auto/ActorDepthCalculation_actorWithoutPorts.xml
----------------- Instantiating /home/travis/build/icyphy/ptII/ptolemy/domains/de/test/auto/ActorDepthCalculation_actorWithoutPorts.xml
1 ms. Memory: 58368K Free: 30195K (52%)
----------------- Invoking toplevel() on ptolemy.moml.MoMLSimpleApplication@634bc06b
----------------- Done invoking toplevel() on ptolemy.moml.MoMLSimpleApplication@634bc06b
reloadAllAccessors: .ActorDepthCalculation_actorWithoutPorts

===========================================================================================
----------------- testing Tue Jan 14 06:44:07 UTC 2020 /home/travis/build/icyphy/ptII/ptolemy/domains/de/test/auto/AssemblyLine.xml
----------------- Instantiating /home/travis/build/icyphy/ptII/ptolemy/domains/de/test/auto/AssemblyLine.xml
3 ms. Memory: 58368K Free: 23059K (40%)
----------------- Invoking toplevel() on ptolemy.moml.MoMLSimpleApplication@1684a7db
----------------- Done invoking toplevel() on ptolemy.moml.MoMLSimpleApplication@1684a7db
reloadAllAccessors: .AssemblyLine

===========================================================================================
----------------- testing Tue Jan 14 06:44:07 UTC 2020 /home/travis/build/icyphy/ptII/ptolemy/domains/de/test/auto/CQBug1.xml
----------------- Instantiating /home/travis/build/icyphy/ptII/ptolemy/domains/de/test/auto/CQBug1.xml
2 ms. Memory: 58368K Free: 19979K (34%)
----------------- Invoking toplevel() on ptolemy.moml.MoMLSimpleApplication@4966f8b6
----------------- Done invoking toplevel() on ptolemy.moml.MoMLSimpleApplication@4966f8b6
reloadAllAccessors: .CQBug1

===========================================================================================
----------------- testing Tue Jan 14 06:44:07 UTC 2020 /home/travis/build/icyphy/ptII/ptolemy/domains/de/test/auto/CancelFireAt.xml
----------------- Instantiating /home/travis/build/icyphy/ptII/ptolemy/domains/de/test/auto/CancelFireAt.xml
10 ms. Memory: 58368K Free: 17270K (30%)
----------------- Invoking toplevel() on ptolemy.moml.MoMLSimpleApplication@2ec93912
----------------- Done invoking toplevel() on ptolemy.moml.MoMLSimpleApplication@2ec93912
reloadAllAccessors: .CancelFireAt

===========================================================================================
----------------- testing Tue Jan 14 06:44:07 UTC 2020 /home/travis/build/icyphy/ptII/ptolemy/domains/de/test/auto/CausalityAndComposabilityAnalysis.xml
----------------- Instantiating /home/travis/build/icyphy/ptII/ptolemy/domains/de/test/auto/CausalityAndComposabilityAnalysis.xml
2 ms. Memory: 58368K Free: 13158K (23%)
----------------- Invoking toplevel() on ptolemy.moml.MoMLSimpleApplication@25f0f79f
----------------- Done invoking toplevel() on ptolemy.moml.MoMLSimpleApplication@25f0f79f
reloadAllAccessors: .CausalityAndComposabilityAnalysis

===========================================================================================
----------------- testing Tue Jan 14 06:44:07 UTC 2020 /home/travis/build/icyphy/ptII/ptolemy/domains/de/test/auto/CausalityInterface1.xml
----------------- Instantiating /home/travis/build/icyphy/ptII/ptolemy/domains/de/test/auto/CausalityInterface1.xml
6 ms. Memory: 58368K Free: 39930K (68%)
----------------- Invoking toplevel() on ptolemy.moml.MoMLSimpleApplication@3f5fb711
----------------- Done invoking toplevel() on ptolemy.moml.MoMLSimpleApplication@3f5fb711
reloadAllAccessors: .CausalityInterface1

===========================================================================================
----------------- testing Tue Jan 14 06:44:07 UTC 2020 /home/travis/build/icyphy/ptII/ptolemy/domains/de/test/auto/CausalityInterface15.xml
----------------- Instantiating /home/travis/build/icyphy/ptII/ptolemy/domains/de/test/auto/CausalityInterface15.xml
2 ms. Memory: 58368K Free: 34507K (59%)
----------------- Invoking toplevel() on ptolemy.moml.MoMLSimpleApplication@11f32b1b
----------------- Done invoking toplevel() on ptolemy.moml.MoMLSimpleApplication@11f32b1b
reloadAllAccessors: .CausalityInterface15

===========================================================================================
----------------- testing Tue Jan 14 06:44:07 UTC 2020 /home/travis/build/icyphy/ptII/ptolemy/domains/de/test/auto/CausalityInterface2.xml
----------------- Instantiating /home/travis/build/icyphy/ptII/ptolemy/domains/de/test/auto/CausalityInterface2.xml
5 ms. Memory: 58368K Free: 29698K (51%)
----------------- Invoking toplevel() on ptolemy.moml.MoMLSimpleApplication@586b335
----------------- Done invoking toplevel() on ptolemy.moml.MoMLSimpleApplication@586b335
reloadAllAccessors: .CausalityInterface2

===========================================================================================
----------------- testing Tue Jan 14 06:44:07 UTC 2020 /home/travis/build/icyphy/ptII/ptolemy/domains/de/test/auto/CausalityInterface3.xml
----------------- Instantiating /home/travis/build/icyphy/ptII/ptolemy/domains/de/test/auto/CausalityInterface3.xml
2 ms. Memory: 58368K Free: 24586K (42%)
----------------- Invoking toplevel() on ptolemy.moml.MoMLSimpleApplication@4bc6b739
----------------- Done invoking toplevel() on ptolemy.moml.MoMLSimpleApplication@4bc6b739
reloadAllAccessors: .CausalityInterface3

===========================================================================================
----------------- testing Tue Jan 14 06:44:07 UTC 2020 /home/travis/build/icyphy/ptII/ptolemy/domains/de/test/auto/ClockDrift.xml
----------------- Instantiating /home/travis/build/icyphy/ptII/ptolemy/domains/de/test/auto/ClockDrift.xml
15 ms. Memory: 58368K Free: 12630K (22%)
----------------- Invoking toplevel() on ptolemy.moml.MoMLSimpleApplication@35c5a5c7
----------------- Done invoking toplevel() on ptolemy.moml.MoMLSimpleApplication@35c5a5c7
reloadAllAccessors: .ClockDrift

===========================================================================================
----------------- testing Tue Jan 14 06:44:07 UTC 2020 /home/travis/build/icyphy/ptII/ptolemy/domains/de/test/auto/ClockDriftAndValueChange.xml
----------------- Instantiating /home/travis/build/icyphy/ptII/ptolemy/domains/de/test/auto/ClockDriftAndValueChange.xml
10 ms. Memory: 58368K Free: 32468K (56%)
----------------- Invoking toplevel() on ptolemy.moml.MoMLSimpleApplication@4b8d383e
----------------- Done invoking toplevel() on ptolemy.moml.MoMLSimpleApplication@4b8d383e
reloadAllAccessors: .ClockDriftAndValueChange

===========================================================================================
----------------- testing Tue Jan 14 06:44:07 UTC 2020 /home/travis/build/icyphy/ptII/ptolemy/domains/de/test/auto/ClockDriftChange.xml
----------------- Instantiating /home/travis/build/icyphy/ptII/ptolemy/domains/de/test/auto/ClockDriftChange.xml
9 ms. Memory: 58368K Free: 22432K (38%)
----------------- Invoking toplevel() on ptolemy.moml.MoMLSimpleApplication@1351eba4
----------------- Done invoking toplevel() on ptolemy.moml.MoMLSimpleApplication@1351eba4
reloadAllAccessors: .ClockDriftChange

===========================================================================================
----------------- testing Tue Jan 14 06:44:07 UTC 2020 /home/travis/build/icyphy/ptII/ptolemy/domains/de/test/auto/ComposableCausalityAnalysis.xml
----------------- Instantiating /home/travis/build/icyphy/ptII/ptolemy/domains/de/test/auto/ComposableCausalityAnalysis.xml
1 ms. Memory: 58368K Free: 16698K (29%)
----------------- Invoking toplevel() on ptolemy.moml.MoMLSimpleApplication@7809c901
----------------- Done invoking toplevel() on ptolemy.moml.MoMLSimpleApplication@7809c901
reloadAllAccessors: .ComposableCausalityAnalysis

===========================================================================================
----------------- testing Tue Jan 14 06:44:07 UTC 2020 /home/travis/build/icyphy/ptII/ptolemy/domains/de/test/auto/DEFixedPointLimitation.xml
----------------- Instantiating /home/travis/build/icyphy/ptII/ptolemy/domains/de/test/auto/DEFixedPointLimitation.xml
1 ms. Memory: 58368K Free: 11916K (20%)
----------------- Invoking toplevel() on ptolemy.moml.MoMLSimpleApplication@318a605c
----------------- Done invoking toplevel() on ptolemy.moml.MoMLSimpleApplication@318a605c
reloadAllAccessors: .DEFixedPointLimitation

===========================================================================================
----------------- testing Tue Jan 14 06:44:07 UTC 2020 /home/travis/build/icyphy/ptII/ptolemy/domains/de/test/auto/DEScheduleTest.xml
----------------- Instantiating /home/travis/build/icyphy/ptII/ptolemy/domains/de/test/auto/DEScheduleTest.xml
2 ms. Memory: 58368K Free: 38598K (66%)
----------------- Invoking toplevel() on ptolemy.moml.MoMLSimpleApplication@1c5038a9
----------------- Done invoking toplevel() on ptolemy.moml.MoMLSimpleApplication@1c5038a9
reloadAllAccessors: .DEScheduleTest

===========================================================================================
----------------- testing Tue Jan 14 06:44:07 UTC 2020 /home/travis/build/icyphy/ptII/ptolemy/domains/de/test/auto/DEinDEwithStartTimes.xml
----------------- Instantiating /home/travis/build/icyphy/ptII/ptolemy/domains/de/test/auto/DEinDEwithStartTimes.xml
1 ms. Memory: 58368K Free: 32654K (56%)
----------------- Invoking toplevel() on ptolemy.moml.MoMLSimpleApplication@669e7b25
----------------- Done invoking toplevel() on ptolemy.moml.MoMLSimpleApplication@669e7b25
reloadAllAccessors: .DEinDEwithStartTimes

===========================================================================================
----------------- testing Tue Jan 14 06:44:07 UTC 2020 /home/travis/build/icyphy/ptII/ptolemy/domains/de/test/auto/DEinDEwithStartTimes2.xml
----------------- Instantiating /home/travis/build/icyphy/ptII/ptolemy/domains/de/test/auto/DEinDEwithStartTimes2.xml
2 ms. Memory: 58368K Free: 26281K (45%)
----------------- Invoking toplevel() on ptolemy.moml.MoMLSimpleApplication@53bc138e
----------------- Done invoking toplevel() on ptolemy.moml.MoMLSimpleApplication@53bc138e
reloadAllAccessors: .DEinDEwithStartTimes2

===========================================================================================
----------------- testing Tue Jan 14 06:44:07 UTC 2020 /home/travis/build/icyphy/ptII/ptolemy/domains/de/test/auto/DateDemo.xml
----------------- Instantiating /home/travis/build/icyphy/ptII/ptolemy/domains/de/test/auto/DateDemo.xml
8 ms. Memory: 58368K Free: 15085K (26%)
----------------- Invoking toplevel() on ptolemy.moml.MoMLSimpleApplication@7c58eedd
----------------- Done invoking toplevel() on ptolemy.moml.MoMLSimpleApplication@7c58eedd
reloadAllAccessors: .DateDemo

===========================================================================================
----------------- testing Tue Jan 14 06:44:07 UTC 2020 /home/travis/build/icyphy/ptII/ptolemy/domains/de/test/auto/DateToEvent.xml
----------------- Instantiating /home/travis/build/icyphy/ptII/ptolemy/domains/de/test/auto/DateToEvent.xml
2004 ms. Memory: 58368K Free: 30074K (52%)
----------------- Invoking toplevel() on ptolemy.moml.MoMLSimpleApplication@39306715
----------------- Done invoking toplevel() on ptolemy.moml.MoMLSimpleApplication@39306715
reloadAllAccessors: .DateToEvent

===========================================================================================
----------------- testing Tue Jan 14 06:44:09 UTC 2020 /home/travis/build/icyphy/ptII/ptolemy/domains/de/test/auto/DepthTest1.xml
----------------- Instantiating /home/travis/build/icyphy/ptII/ptolemy/domains/de/test/auto/DepthTest1.xml
1 ms. Memory: 58368K Free: 27157K (47%)
----------------- Invoking toplevel() on ptolemy.moml.MoMLSimpleApplication@6e00a3ad
----------------- Done invoking toplevel() on ptolemy.moml.MoMLSimpleApplication@6e00a3ad
reloadAllAccessors: .DepthTest1

===========================================================================================
----------------- testing Tue Jan 14 06:44:09 UTC 2020 /home/travis/build/icyphy/ptII/ptolemy/domains/de/test/auto/DepthTest2.xml
----------------- Instantiating /home/travis/build/icyphy/ptII/ptolemy/domains/de/test/auto/DepthTest2.xml
2 ms. Memory: 58368K Free: 20786K (36%)
----------------- Invoking toplevel() on ptolemy.moml.MoMLSimpleApplication@68518c58
----------------- Done invoking toplevel() on ptolemy.moml.MoMLSimpleApplication@68518c58
reloadAllAccessors: .DepthTest2

===========================================================================================
----------------- testing Tue Jan 14 06:44:09 UTC 2020 /home/travis/build/icyphy/ptII/ptolemy/domains/de/test/auto/DepthTest3.xml
----------------- Instantiating /home/travis/build/icyphy/ptII/ptolemy/domains/de/test/auto/DepthTest3.xml
1 ms. Memory: 58368K Free: 17706K (30%)
----------------- Invoking toplevel() on ptolemy.moml.MoMLSimpleApplication@2abc7678
----------------- Done invoking toplevel() on ptolemy.moml.MoMLSimpleApplication@2abc7678
reloadAllAccessors: .DepthTest3

===========================================================================================
----------------- testing Tue Jan 14 06:44:09 UTC 2020 /home/travis/build/icyphy/ptII/ptolemy/domains/de/test/auto/DepthTest4.xml
----------------- Instantiating /home/travis/build/icyphy/ptII/ptolemy/domains/de/test/auto/DepthTest4.xml
2 ms. Memory: 58368K Free: 12831K (22%)
----------------- Invoking toplevel() on ptolemy.moml.MoMLSimpleApplication@3a0690a
----------------- Done invoking toplevel() on ptolemy.moml.MoMLSimpleApplication@3a0690a
reloadAllAccessors: .DepthTest4

===========================================================================================
----------------- testing Tue Jan 14 06:44:09 UTC 2020 /home/travis/build/icyphy/ptII/ptolemy/domains/de/test/auto/DepthTest5.xml
----------------- Instantiating /home/travis/build/icyphy/ptII/ptolemy/domains/de/test/auto/DepthTest5.xml
3 ms. Memory: 58368K Free: 38632K (66%)
----------------- Invoking toplevel() on ptolemy.moml.MoMLSimpleApplication@6bf388b0
----------------- Done invoking toplevel() on ptolemy.moml.MoMLSimpleApplication@6bf388b0
reloadAllAccessors: .DepthTest5

===========================================================================================
----------------- testing Tue Jan 14 06:44:09 UTC 2020 /home/travis/build/icyphy/ptII/ptolemy/domains/de/test/auto/DepthTest6.xml
----------------- Instantiating /home/travis/build/icyphy/ptII/ptolemy/domains/de/test/auto/DepthTest6.xml
2 ms. Memory: 58368K Free: 33182K (57%)
----------------- Invoking toplevel() on ptolemy.moml.MoMLSimpleApplication@d56e77
----------------- Done invoking toplevel() on ptolemy.moml.MoMLSimpleApplication@d56e77
reloadAllAccessors: .DepthTest6

===========================================================================================
----------------- testing Tue Jan 14 06:44:09 UTC 2020 /home/travis/build/icyphy/ptII/ptolemy/domains/de/test/auto/DepthTest7.xml
----------------- Instantiating /home/travis/build/icyphy/ptII/ptolemy/domains/de/test/auto/DepthTest7.xml
2 ms. Memory: 58368K Free: 28233K (48%)
----------------- Invoking toplevel() on ptolemy.moml.MoMLSimpleApplication@735b57b4
----------------- Done invoking toplevel() on ptolemy.moml.MoMLSimpleApplication@735b57b4
reloadAllAccessors: .DepthTest7

===========================================================================================
----------------- testing Tue Jan 14 06:44:09 UTC 2020 /home/travis/build/icyphy/ptII/ptolemy/domains/de/test/auto/EventToDate.xml
----------------- Instantiating /home/travis/build/icyphy/ptII/ptolemy/domains/de/test/auto/EventToDate.xml
3003 ms. Memory: 58368K Free: 15158K (26%)
----------------- Invoking toplevel() on ptolemy.moml.MoMLSimpleApplication@1368134d
----------------- Done invoking toplevel() on ptolemy.moml.MoMLSimpleApplication@1368134d
reloadAllAccessors: .EventToDate

===========================================================================================
----------------- testing Tue Jan 14 06:44:12 UTC 2020 /home/travis/build/icyphy/ptII/ptolemy/domains/de/test/auto/FSM1.xml
----------------- Instantiating /home/travis/build/icyphy/ptII/ptolemy/domains/de/test/auto/FSM1.xml
22 ms. Memory: 58368K Free: 33703K (58%)
----------------- Invoking toplevel() on ptolemy.moml.MoMLSimpleApplication@12bea705
----------------- Done invoking toplevel() on ptolemy.moml.MoMLSimpleApplication@12bea705
reloadAllAccessors: .FSM1

===========================================================================================
----------------- testing Tue Jan 14 06:44:12 UTC 2020 /home/travis/build/icyphy/ptII/ptolemy/domains/de/test/auto/FSM7.xml
----------------- Instantiating /home/travis/build/icyphy/ptII/ptolemy/domains/de/test/auto/FSM7.xml
16 ms. Memory: 58368K Free: 21429K (37%)
----------------- Invoking toplevel() on ptolemy.moml.MoMLSimpleApplication@3e7dfa49
----------------- Done invoking toplevel() on ptolemy.moml.MoMLSimpleApplication@3e7dfa49
reloadAllAccessors: .FSM7

===========================================================================================
----------------- testing Tue Jan 14 06:44:12 UTC 2020 /home/travis/build/icyphy/ptII/ptolemy/domains/de/test/auto/Inspection.xml
----------------- Instantiating /home/travis/build/icyphy/ptII/ptolemy/domains/de/test/auto/Inspection.xml
12 ms. Memory: 58368K Free: 40204K (69%)
----------------- Invoking toplevel() on ptolemy.moml.MoMLSimpleApplication@66cf2611
----------------- Done invoking toplevel() on ptolemy.moml.MoMLSimpleApplication@66cf2611
reloadAllAccessors: .Inspection

===========================================================================================
----------------- testing Tue Jan 14 06:44:13 UTC 2020 /home/travis/build/icyphy/ptII/ptolemy/domains/de/test/auto/Iteration.xml
----------------- Instantiating /home/travis/build/icyphy/ptII/ptolemy/domains/de/test/auto/Iteration.xml
12 ms. Memory: 58368K Free: 33237K (57%)
----------------- Invoking toplevel() on ptolemy.moml.MoMLSimpleApplication@66e18cc7
----------------- Done invoking toplevel() on ptolemy.moml.MoMLSimpleApplication@66e18cc7
reloadAllAccessors: .Iteration

===========================================================================================
----------------- testing Tue Jan 14 06:44:13 UTC 2020 /home/travis/build/icyphy/ptII/ptolemy/domains/de/test/auto/LineFault.xml
----------------- Instantiating /home/travis/build/icyphy/ptII/ptolemy/domains/de/test/auto/LineFault.xml
405 ms. Memory: 58368K Free: 37053K (63%)
----------------- Invoking toplevel() on ptolemy.moml.MoMLSimpleApplication@733d175d
----------------- Done invoking toplevel() on ptolemy.moml.MoMLSimpleApplication@733d175d
reloadAllAccessors: .LineFault

===========================================================================================
----------------- testing Tue Jan 14 06:44:13 UTC 2020 /home/travis/build/icyphy/ptII/ptolemy/domains/de/test/auto/MergeModel1Add.xml
----------------- Instantiating /home/travis/build/icyphy/ptII/ptolemy/domains/de/test/auto/MergeModel1Add.xml
5 ms. Memory: 58368K Free: 18235K (31%)
----------------- Invoking toplevel() on ptolemy.moml.MoMLSimpleApplication@173e3d85
----------------- Done invoking toplevel() on ptolemy.moml.MoMLSimpleApplication@173e3d85
reloadAllAccessors: .MergeModel1Add

===========================================================================================
----------------- testing Tue Jan 14 06:44:13 UTC 2020 /home/travis/build/icyphy/ptII/ptolemy/domains/de/test/auto/MergeModel2Add.xml
----------------- Instantiating /home/travis/build/icyphy/ptII/ptolemy/domains/de/test/auto/MergeModel2Add.xml
7 ms. Memory: 70656K Free: 40658K (58%)
----------------- Invoking toplevel() on ptolemy.moml.MoMLSimpleApplication@2a232928
----------------- Done invoking toplevel() on ptolemy.moml.MoMLSimpleApplication@2a232928
reloadAllAccessors: .MergeModel2Add

===========================================================================================
----------------- testing Tue Jan 14 06:44:13 UTC 2020 /home/travis/build/icyphy/ptII/ptolemy/domains/de/test/auto/MergeModel3Add.xml
----------------- Instantiating /home/travis/build/icyphy/ptII/ptolemy/domains/de/test/auto/MergeModel3Add.xml
5 ms. Memory: 70656K Free: 22892K (32%)
----------------- Invoking toplevel() on ptolemy.moml.MoMLSimpleApplication@2fd113b0
----------------- Done invoking toplevel() on ptolemy.moml.MoMLSimpleApplication@2fd113b0
reloadAllAccessors: .MergeModel3Add

===========================================================================================
----------------- testing Tue Jan 14 06:44:13 UTC 2020 /home/travis/build/icyphy/ptII/ptolemy/domains/de/test/auto/MergeWithoutDiscard.xml
----------------- Instantiating /home/travis/build/icyphy/ptII/ptolemy/domains/de/test/auto/MergeWithoutDiscard.xml
1 ms. Memory: 70656K Free: 18092K (26%)
----------------- Invoking toplevel() on ptolemy.moml.MoMLSimpleApplication@450e2efe
----------------- Done invoking toplevel() on ptolemy.moml.MoMLSimpleApplication@450e2efe
reloadAllAccessors: .MergeWithoutDiscard

===========================================================================================
----------------- testing Tue Jan 14 06:44:13 UTC 2020 /home/travis/build/icyphy/ptII/ptolemy/domains/de/test/auto/Modal1.xml
----------------- Instantiating /home/travis/build/icyphy/ptII/ptolemy/domains/de/test/auto/Modal1.xml
15 ms. Memory: 70656K Free: 41889K (59%)
----------------- Invoking toplevel() on ptolemy.moml.MoMLSimpleApplication@40be3422
----------------- Done invoking toplevel() on ptolemy.moml.MoMLSimpleApplication@40be3422
reloadAllAccessors: .Modal1

===========================================================================================
----------------- testing Tue Jan 14 06:44:13 UTC 2020 /home/travis/build/icyphy/ptII/ptolemy/domains/de/test/auto/Modal2.xml
----------------- Instantiating /home/travis/build/icyphy/ptII/ptolemy/domains/de/test/auto/Modal2.xml
11 ms. Memory: 70656K Free: 29617K (42%)
----------------- Invoking toplevel() on ptolemy.moml.MoMLSimpleApplication@9c5e80
----------------- Done invoking toplevel() on ptolemy.moml.MoMLSimpleApplication@9c5e80
reloadAllAccessors: .Modal2

===========================================================================================
----------------- testing Tue Jan 14 06:44:13 UTC 2020 /home/travis/build/icyphy/ptII/ptolemy/domains/de/test/auto/Modal3.xml
----------------- Instantiating /home/travis/build/icyphy/ptII/ptolemy/domains/de/test/auto/Modal3.xml
8 ms. Memory: 70656K Free: 16952K (24%)
----------------- Invoking toplevel() on ptolemy.moml.MoMLSimpleApplication@647d9b40
----------------- Done invoking toplevel() on ptolemy.moml.MoMLSimpleApplication@647d9b40
reloadAllAccessors: .Modal3

===========================================================================================
----------------- testing Tue Jan 14 06:44:13 UTC 2020 /home/travis/build/icyphy/ptII/ptolemy/domains/de/test/auto/Modal4.xml
----------------- Instantiating /home/travis/build/icyphy/ptII/ptolemy/domains/de/test/auto/Modal4.xml
14 ms. Memory: 70656K Free: 40961K (58%)
----------------- Invoking toplevel() on ptolemy.moml.MoMLSimpleApplication@6f60a0ce
----------------- Done invoking toplevel() on ptolemy.moml.MoMLSimpleApplication@6f60a0ce
reloadAllAccessors: .Modal4

===========================================================================================
----------------- testing Tue Jan 14 06:44:13 UTC 2020 /home/travis/build/icyphy/ptII/ptolemy/domains/de/test/auto/Modal5.xml
----------------- Instantiating /home/travis/build/icyphy/ptII/ptolemy/domains/de/test/auto/Modal5.xml
10 ms. Memory: 70656K Free: 27911K (40%)
----------------- Invoking toplevel() on ptolemy.moml.MoMLSimpleApplication@37604240
----------------- Done invoking toplevel() on ptolemy.moml.MoMLSimpleApplication@37604240
reloadAllAccessors: .Modal5

===========================================================================================
----------------- testing Tue Jan 14 06:44:13 UTC 2020 /home/travis/build/icyphy/ptII/ptolemy/domains/de/test/auto/Modal6.xml
----------------- Instantiating /home/travis/build/icyphy/ptII/ptolemy/domains/de/test/auto/Modal6.xml
12 ms. Memory: 70656K Free: 52514K (74%)
----------------- Invoking toplevel() on ptolemy.moml.MoMLSimpleApplication@33a8abf9
----------------- Done invoking toplevel() on ptolemy.moml.MoMLSimpleApplication@33a8abf9
reloadAllAccessors: .Modal6

===========================================================================================
----------------- testing Tue Jan 14 06:44:13 UTC 2020 /home/travis/build/icyphy/ptII/ptolemy/domains/de/test/auto/Modal7.xml
----------------- Instantiating /home/travis/build/icyphy/ptII/ptolemy/domains/de/test/auto/Modal7.xml
7 ms. Memory: 70656K Free: 38933K (55%)
----------------- Invoking toplevel() on ptolemy.moml.MoMLSimpleApplication@79e06b36
----------------- Done invoking toplevel() on ptolemy.moml.MoMLSimpleApplication@79e06b36
reloadAllAccessors: .Modal7

===========================================================================================
----------------- testing Tue Jan 14 06:44:13 UTC 2020 /home/travis/build/icyphy/ptII/ptolemy/domains/de/test/auto/ModalModel.xml
----------------- Instantiating /home/travis/build/icyphy/ptII/ptolemy/domains/de/test/auto/ModalModel.xml
119 ms. Memory: 70656K Free: 45877K (65%)
----------------- Invoking toplevel() on ptolemy.moml.MoMLSimpleApplication@6160eea8
----------------- Done invoking toplevel() on ptolemy.moml.MoMLSimpleApplication@6160eea8
reloadAllAccessors: .ModalModel

===========================================================================================
----------------- testing Tue Jan 14 06:44:14 UTC 2020 /home/travis/build/icyphy/ptII/ptolemy/domains/de/test/auto/ModalSource.xml
----------------- Instantiating /home/travis/build/icyphy/ptII/ptolemy/domains/de/test/auto/ModalSource.xml
4 ms. Memory: 70656K Free: 37513K (53%)
----------------- Invoking toplevel() on ptolemy.moml.MoMLSimpleApplication@25c19896
----------------- Done invoking toplevel() on ptolemy.moml.MoMLSimpleApplication@25c19896
reloadAllAccessors: .ModalSource

===========================================================================================
----------------- testing Tue Jan 14 06:44:14 UTC 2020 /home/travis/build/icyphy/ptII/ptolemy/domains/de/test/auto/NonInterruptibleTimerZeroDelay.xml
----------------- Instantiating /home/travis/build/icyphy/ptII/ptolemy/domains/de/test/auto/NonInterruptibleTimerZeroDelay.xml
2 ms. Memory: 70656K Free: 33619K (48%)
----------------- Invoking toplevel() on ptolemy.moml.MoMLSimpleApplication@54a4771a
----------------- Done invoking toplevel() on ptolemy.moml.MoMLSimpleApplication@54a4771a
reloadAllAccessors: .NonInterruptibleTimerZeroDelay

===========================================================================================
----------------- testing Tue Jan 14 06:44:14 UTC 2020 /home/travis/build/icyphy/ptII/ptolemy/domains/de/test/auto/OpenQueueingNetwork.xml
----------------- Instantiating /home/travis/build/icyphy/ptII/ptolemy/domains/de/test/auto/OpenQueueingNetwork.xml
2055 ms. Memory: 140288K Free: 72544K (52%)
----------------- Invoking toplevel() on ptolemy.moml.MoMLSimpleApplication@60bd4cd
----------------- Done invoking toplevel() on ptolemy.moml.MoMLSimpleApplication@60bd4cd
reloadAllAccessors: .OpenQueueingNetwork

===========================================================================================
----------------- testing Tue Jan 14 06:44:16 UTC 2020 /home/travis/build/icyphy/ptII/ptolemy/domains/de/test/auto/OpenQueuingNetwork.xml
----------------- Instantiating /home/travis/build/icyphy/ptII/ptolemy/domains/de/test/auto/OpenQueuingNetwork.xml
214 ms. Memory: 140288K Free: 70175K (50%)
----------------- Invoking toplevel() on ptolemy.moml.MoMLSimpleApplication@2667e8a4
----------------- Done invoking toplevel() on ptolemy.moml.MoMLSimpleApplication@2667e8a4
reloadAllAccessors: .OpenQueuingNetwork

===========================================================================================
----------------- testing Tue Jan 14 06:44:16 UTC 2020 /home/travis/build/icyphy/ptII/ptolemy/domains/de/test/auto/PeriodicSampler.xml
----------------- Instantiating /home/travis/build/icyphy/ptII/ptolemy/domains/de/test/auto/PeriodicSampler.xml
2 ms. Memory: 140288K Free: 66079K (47%)
----------------- Invoking toplevel() on ptolemy.moml.MoMLSimpleApplication@6da8cef8
----------------- Done invoking toplevel() on ptolemy.moml.MoMLSimpleApplication@6da8cef8
reloadAllAccessors: .PeriodicSampler

===========================================================================================
----------------- testing Tue Jan 14 06:44:16 UTC 2020 /home/travis/build/icyphy/ptII/ptolemy/domains/de/test/auto/PersistentIO.xml
----------------- Instantiating /home/travis/build/icyphy/ptII/ptolemy/domains/de/test/auto/PersistentIO.xml
6 ms. Memory: 140288K Free: 56863K (41%)
----------------- Invoking toplevel() on ptolemy.moml.MoMLSimpleApplication@3eda70b2
----------------- Done invoking toplevel() on ptolemy.moml.MoMLSimpleApplication@3eda70b2
reloadAllAccessors: .PersistentIO

===========================================================================================
----------------- testing Tue Jan 14 06:44:16 UTC 2020 /home/travis/build/icyphy/ptII/ptolemy/domains/de/test/auto/PortParameterResetOnInitialize.xml
----------------- Instantiating /home/travis/build/icyphy/ptII/ptolemy/domains/de/test/auto/PortParameterResetOnInitialize.xml
2 ms. Memory: 140288K Free: 52247K (37%)
----------------- Invoking toplevel() on ptolemy.moml.MoMLSimpleApplication@4e3e1aeb
----------------- Done invoking toplevel() on ptolemy.moml.MoMLSimpleApplication@4e3e1aeb
reloadAllAccessors: .PortParameterResetOnInitialize

===========================================================================================
----------------- testing Tue Jan 14 06:44:16 UTC 2020 /home/travis/build/icyphy/ptII/ptolemy/domains/de/test/auto/PortParameterUpdates.xml
----------------- Instantiating /home/travis/build/icyphy/ptII/ptolemy/domains/de/test/auto/PortParameterUpdates.xml
3 ms. Memory: 140288K Free: 46103K (33%)
----------------- Invoking toplevel() on ptolemy.moml.MoMLSimpleApplication@55bf8657
----------------- Done invoking toplevel() on ptolemy.moml.MoMLSimpleApplication@55bf8657
reloadAllAccessors: .PortParameterUpdates

===========================================================================================
----------------- testing Tue Jan 14 06:44:16 UTC 2020 /home/travis/build/icyphy/ptII/ptolemy/domains/de/test/auto/QueueAndServer.xml
----------------- Instantiating /home/travis/build/icyphy/ptII/ptolemy/domains/de/test/auto/QueueAndServer.xml
5 ms. Memory: 140288K Free: 115540K (82%)
----------------- Invoking toplevel() on ptolemy.moml.MoMLSimpleApplication@4be0b959
----------------- Done invoking toplevel() on ptolemy.moml.MoMLSimpleApplication@4be0b959
reloadAllAccessors: .QueueAndServer

===========================================================================================
----------------- testing Tue Jan 14 06:44:16 UTC 2020 /home/travis/build/icyphy/ptII/ptolemy/domains/de/test/auto/Records.xml
----------------- Instantiating /home/travis/build/icyphy/ptII/ptolemy/domains/de/test/auto/Records.xml
6 ms. Memory: 140288K Free: 109910K (78%)
----------------- Invoking toplevel() on ptolemy.moml.MoMLSimpleApplication@5b6855be
----------------- Done invoking toplevel() on ptolemy.moml.MoMLSimpleApplication@5b6855be
reloadAllAccessors: .Records

===========================================================================================
----------------- testing Tue Jan 14 06:44:16 UTC 2020 /home/travis/build/icyphy/ptII/ptolemy/domains/de/test/auto/ResetTransitionWithStartTime1.xml
----------------- Instantiating /home/travis/build/icyphy/ptII/ptolemy/domains/de/test/auto/ResetTransitionWithStartTime1.xml
5 ms. Memory: 140288K Free: 101718K (73%)
----------------- Invoking toplevel() on ptolemy.moml.MoMLSimpleApplication@773bcbaa
----------------- Done invoking toplevel() on ptolemy.moml.MoMLSimpleApplication@773bcbaa
reloadAllAccessors: .ResetTransitionWithStartTime1

===========================================================================================
----------------- testing Tue Jan 14 06:44:16 UTC 2020 /home/travis/build/icyphy/ptII/ptolemy/domains/de/test/auto/ResetTransitionWithStartTime2.xml
----------------- Instantiating /home/travis/build/icyphy/ptII/ptolemy/domains/de/test/auto/ResetTransitionWithStartTime2.xml
6 ms. Memory: 140288K Free: 93526K (67%)
----------------- Invoking toplevel() on ptolemy.moml.MoMLSimpleApplication@78267884
----------------- Done invoking toplevel() on ptolemy.moml.MoMLSimpleApplication@78267884
reloadAllAccessors: .ResetTransitionWithStartTime2

===========================================================================================
----------------- testing Tue Jan 14 06:44:16 UTC 2020 /home/travis/build/icyphy/ptII/ptolemy/domains/de/test/auto/ResetTransitionWithStartTime3.xml
----------------- Instantiating /home/travis/build/icyphy/ptII/ptolemy/domains/de/test/auto/ResetTransitionWithStartTime3.xml
8 ms. Memory: 140288K Free: 85334K (61%)
----------------- Invoking toplevel() on ptolemy.moml.MoMLSimpleApplication@df2f6ac
----------------- Done invoking toplevel() on ptolemy.moml.MoMLSimpleApplication@df2f6ac
reloadAllAccessors: .ResetTransitionWithStartTime3

===========================================================================================
----------------- testing Tue Jan 14 06:44:16 UTC 2020 /home/travis/build/icyphy/ptII/ptolemy/domains/de/test/auto/ResetTransitionWithStartTime4.xml
----------------- Instantiating /home/travis/build/icyphy/ptII/ptolemy/domains/de/test/auto/ResetTransitionWithStartTime4.xml
3 ms. Memory: 140288K Free: 77646K (55%)
----------------- Invoking toplevel() on ptolemy.moml.MoMLSimpleApplication@3e06fa3b
----------------- Done invoking toplevel() on ptolemy.moml.MoMLSimpleApplication@3e06fa3b
reloadAllAccessors: .ResetTransitionWithStartTime4

===========================================================================================
----------------- testing Tue Jan 14 06:44:16 UTC 2020 /home/travis/build/icyphy/ptII/ptolemy/domains/de/test/auto/ResettableTimer1.xml
----------------- Instantiating /home/travis/build/icyphy/ptII/ptolemy/domains/de/test/auto/ResettableTimer1.xml
3 ms. Memory: 140288K Free: 73542K (52%)
----------------- Invoking toplevel() on ptolemy.moml.MoMLSimpleApplication@5f529bfd
----------------- Done invoking toplevel() on ptolemy.moml.MoMLSimpleApplication@5f529bfd
reloadAllAccessors: .ResettableTimer1

===========================================================================================
----------------- testing Tue Jan 14 06:44:16 UTC 2020 /home/travis/build/icyphy/ptII/ptolemy/domains/de/test/auto/ResettableTimer2.xml
----------------- Instantiating /home/travis/build/icyphy/ptII/ptolemy/domains/de/test/auto/ResettableTimer2.xml
2 ms. Memory: 140288K Free: 69446K (50%)
----------------- Invoking toplevel() on ptolemy.moml.MoMLSimpleApplication@6f2609bd
----------------- Done invoking toplevel() on ptolemy.moml.MoMLSimpleApplication@6f2609bd
reloadAllAccessors: .ResettableTimer2

===========================================================================================
----------------- testing Tue Jan 14 06:44:16 UTC 2020 /home/travis/build/icyphy/ptII/ptolemy/domains/de/test/auto/ResettableTimer3.xml
----------------- Instantiating /home/travis/build/icyphy/ptII/ptolemy/domains/de/test/auto/ResettableTimer3.xml
1 ms. Memory: 140288K Free: 65364K (47%)
----------------- Invoking toplevel() on ptolemy.moml.MoMLSimpleApplication@6da0e53d
----------------- Done invoking toplevel() on ptolemy.moml.MoMLSimpleApplication@6da0e53d
reloadAllAccessors: .ResettableTimer3

===========================================================================================
----------------- testing Tue Jan 14 06:44:16 UTC 2020 /home/travis/build/icyphy/ptII/ptolemy/domains/de/test/auto/ResettableTimer4.xml
----------------- Instantiating /home/travis/build/icyphy/ptII/ptolemy/domains/de/test/auto/ResettableTimer4.xml
1 ms. Memory: 140288K Free: 61268K (44%)
----------------- Invoking toplevel() on ptolemy.moml.MoMLSimpleApplication@ef74427
----------------- Done invoking toplevel() on ptolemy.moml.MoMLSimpleApplication@ef74427
reloadAllAccessors: .ResettableTimer4

===========================================================================================
----------------- testing Tue Jan 14 06:44:16 UTC 2020 /home/travis/build/icyphy/ptII/ptolemy/domains/de/test/auto/ResettableTimer5.xml
----------------- Instantiating /home/travis/build/icyphy/ptII/ptolemy/domains/de/test/auto/ResettableTimer5.xml
1 ms. Memory: 140288K Free: 57142K (41%)
----------------- Invoking toplevel() on ptolemy.moml.MoMLSimpleApplication@5a3668a6
----------------- Done invoking toplevel() on ptolemy.moml.MoMLSimpleApplication@5a3668a6
reloadAllAccessors: .ResettableTimer5

===========================================================================================
----------------- testing Tue Jan 14 06:44:16 UTC 2020 /home/travis/build/icyphy/ptII/ptolemy/domains/de/test/auto/ResettableTimer6.xml
----------------- Instantiating /home/travis/build/icyphy/ptII/ptolemy/domains/de/test/auto/ResettableTimer6.xml
6 ms. Memory: 140288K Free: 52566K (37%)
----------------- Invoking toplevel() on ptolemy.moml.MoMLSimpleApplication@334c9b80
----------------- Done invoking toplevel() on ptolemy.moml.MoMLSimpleApplication@334c9b80
reloadAllAccessors: .ResettableTimer6

===========================================================================================
----------------- testing Tue Jan 14 06:44:16 UTC 2020 /home/travis/build/icyphy/ptII/ptolemy/domains/de/test/auto/ServerZeroDelay.xml
----------------- Instantiating /home/travis/build/icyphy/ptII/ptolemy/domains/de/test/auto/ServerZeroDelay.xml
2 ms. Memory: 140288K Free: 48470K (35%)
----------------- Invoking toplevel() on ptolemy.moml.MoMLSimpleApplication@1439afc5
----------------- Done invoking toplevel() on ptolemy.moml.MoMLSimpleApplication@1439afc5
reloadAllAccessors: .ServerZeroDelay

===========================================================================================
----------------- testing Tue Jan 14 06:44:16 UTC 2020 /home/travis/build/icyphy/ptII/ptolemy/domains/de/test/auto/SmartSender.xml
----------------- Instantiating /home/travis/build/icyphy/ptII/ptolemy/domains/de/test/auto/SmartSender.xml
3001 ms. Memory: 140288K Free: 44374K (32%)
----------------- Invoking toplevel() on ptolemy.moml.MoMLSimpleApplication@6a13c7e4
----------------- Done invoking toplevel() on ptolemy.moml.MoMLSimpleApplication@6a13c7e4
reloadAllAccessors: .SmartSender

===========================================================================================
----------------- testing Tue Jan 14 06:44:19 UTC 2020 /home/travis/build/icyphy/ptII/ptolemy/domains/de/test/auto/ThreadedComposite.xml
----------------- Instantiating /home/travis/build/icyphy/ptII/ptolemy/domains/de/test/auto/ThreadedComposite.xml
83 ms. Memory: 140288K Free: 104658K (75%)
----------------- Invoking toplevel() on ptolemy.moml.MoMLSimpleApplication@6464717b
----------------- Done invoking toplevel() on ptolemy.moml.MoMLSimpleApplication@6464717b
reloadAllAccessors: .ThreadedComposite

===========================================================================================
----------------- testing Tue Jan 14 06:44:19 UTC 2020 /home/travis/build/icyphy/ptII/ptolemy/domains/de/test/auto/Time.xml
----------------- Instantiating /home/travis/build/icyphy/ptII/ptolemy/domains/de/test/auto/Time.xml
332 ms. Memory: 140288K Free: 52434K (37%)
----------------- Invoking toplevel() on ptolemy.moml.MoMLSimpleApplication@58c43e6e
----------------- Done invoking toplevel() on ptolemy.moml.MoMLSimpleApplication@58c43e6e
reloadAllAccessors: .Time

===========================================================================================
----------------- testing Tue Jan 14 06:44:20 UTC 2020 /home/travis/build/icyphy/ptII/ptolemy/domains/de/test/auto/TimeDelayZeroDelay.xml
----------------- Instantiating /home/travis/build/icyphy/ptII/ptolemy/domains/de/test/auto/TimeDelayZeroDelay.xml
2 ms. Memory: 140288K Free: 48338K (34%)
----------------- Invoking toplevel() on ptolemy.moml.MoMLSimpleApplication@1c902f35
----------------- Done invoking toplevel() on ptolemy.moml.MoMLSimpleApplication@1c902f35
reloadAllAccessors: .TimeDelayZeroDelay

===========================================================================================
----------------- testing Tue Jan 14 06:44:20 UTC 2020 /home/travis/build/icyphy/ptII/ptolemy/domains/de/test/auto/TimerZeroDelay.xml
----------------- Instantiating /home/travis/build/icyphy/ptII/ptolemy/domains/de/test/auto/TimerZeroDelay.xml
3 ms. Memory: 140288K Free: 44242K (32%)
----------------- Invoking toplevel() on ptolemy.moml.MoMLSimpleApplication@30bb875e
----------------- Done invoking toplevel() on ptolemy.moml.MoMLSimpleApplication@30bb875e
reloadAllAccessors: .TimerZeroDelay

===========================================================================================
----------------- testing Tue Jan 14 06:44:20 UTC 2020 /home/travis/build/icyphy/ptII/ptolemy/domains/de/test/auto/TimingParadox.xml
----------------- Instantiating /home/travis/build/icyphy/ptII/ptolemy/domains/de/test/auto/TimingParadox.xml
247 ms. Memory: 140288K Free: 61486K (44%)
----------------- Invoking toplevel() on ptolemy.moml.MoMLSimpleApplication@1c2854a9
----------------- Done invoking toplevel() on ptolemy.moml.MoMLSimpleApplication@1c2854a9
reloadAllAccessors: .TimingParadox

===========================================================================================
----------------- testing Tue Jan 14 06:44:20 UTC 2020 /home/travis/build/icyphy/ptII/ptolemy/domains/de/test/auto/TransferInputs.xml
----------------- Instantiating /home/travis/build/icyphy/ptII/ptolemy/domains/de/test/auto/TransferInputs.xml
2 ms. Memory: 140288K Free: 56862K (41%)
----------------- Invoking toplevel() on ptolemy.moml.MoMLSimpleApplication@26ece403
----------------- Done invoking toplevel() on ptolemy.moml.MoMLSimpleApplication@26ece403
reloadAllAccessors: .TransferInputs

===========================================================================================
----------------- testing Tue Jan 14 06:44:20 UTC 2020 /home/travis/build/icyphy/ptII/ptolemy/domains/de/test/auto/TransferOutputs2.xml
----------------- Instantiating /home/travis/build/icyphy/ptII/ptolemy/domains/de/test/auto/TransferOutputs2.xml
2 ms. Memory: 140288K Free: 48684K (35%)
----------------- Invoking toplevel() on ptolemy.moml.MoMLSimpleApplication@18dec5b
----------------- Done invoking toplevel() on ptolemy.moml.MoMLSimpleApplication@18dec5b
reloadAllAccessors: .TransferOutputs2

===========================================================================================
----------------- testing Tue Jan 14 06:44:20 UTC 2020 /home/travis/build/icyphy/ptII/ptolemy/domains/de/test/auto/Trilateration.xml
----------------- Instantiating /home/travis/build/icyphy/ptII/ptolemy/domains/de/test/auto/Trilateration.xml
10412 ms. Memory: 406528K Free: 263557K (65%)
----------------- Invoking toplevel() on ptolemy.moml.MoMLSimpleApplication@6687a228
----------------- Done invoking toplevel() on ptolemy.moml.MoMLSimpleApplication@6687a228
reloadAllAccessors: .Trilateration

===========================================================================================
----------------- testing Tue Jan 14 06:44:31 UTC 2020 /home/travis/build/icyphy/ptII/ptolemy/domains/de/test/auto/TwoSigmaDelta.xml
----------------- Instantiating /home/travis/build/icyphy/ptII/ptolemy/domains/de/test/auto/TwoSigmaDelta.xml
1557 ms. Memory: 406528K Free: 301953K (74%)
----------------- Invoking toplevel() on ptolemy.moml.MoMLSimpleApplication@3dbd6227
----------------- Done invoking toplevel() on ptolemy.moml.MoMLSimpleApplication@3dbd6227
reloadAllAccessors: .TwoSigmaDelta

===========================================================================================
----------------- testing Tue Jan 14 06:44:33 UTC 2020 /home/travis/build/icyphy/ptII/ptolemy/domains/de/test/auto/VariableDelay.xml
----------------- Instantiating /home/travis/build/icyphy/ptII/ptolemy/domains/de/test/auto/VariableDelay.xml
2 ms. Memory: 406528K Free: 296803K (73%)
----------------- Invoking toplevel() on ptolemy.moml.MoMLSimpleApplication@8b3bc86
----------------- Done invoking toplevel() on ptolemy.moml.MoMLSimpleApplication@8b3bc86
reloadAllAccessors: .VariableDelay

===========================================================================================
----------------- testing Tue Jan 14 06:44:33 UTC 2020 /home/travis/build/icyphy/ptII/ptolemy/domains/de/test/auto/VariableDelay2.xml
----------------- Instantiating /home/travis/build/icyphy/ptII/ptolemy/domains/de/test/auto/VariableDelay2.xml
2 ms. Memory: 406528K Free: 292227K (72%)
----------------- Invoking toplevel() on ptolemy.moml.MoMLSimpleApplication@527823ba
----------------- Done invoking toplevel() on ptolemy.moml.MoMLSimpleApplication@527823ba
reloadAllAccessors: .VariableDelay2

===========================================================================================
----------------- testing Tue Jan 14 06:44:33 UTC 2020 /home/travis/build/icyphy/ptII/ptolemy/domains/de/test/auto/VariableDelayZeroDelay.xml
----------------- Instantiating /home/travis/build/icyphy/ptII/ptolemy/domains/de/test/auto/VariableDelayZeroDelay.xml
1 ms. Memory: 406528K Free: 288131K (71%)
----------------- Invoking toplevel() on ptolemy.moml.MoMLSimpleApplication@71e5f070
----------------- Done invoking toplevel() on ptolemy.moml.MoMLSimpleApplication@71e5f070
reloadAllAccessors: .VariableDelayZeroDelay

===========================================================================================
----------------- testing Tue Jan 14 06:44:33 UTC 2020 /home/travis/build/icyphy/ptII/ptolemy/domains/de/test/auto/VariableDelayZeroDelay2.xml
----------------- Instantiating /home/travis/build/icyphy/ptII/ptolemy/domains/de/test/auto/VariableDelayZeroDelay2.xml
2 ms. Memory: 406528K Free: 283521K (70%)
----------------- Invoking toplevel() on ptolemy.moml.MoMLSimpleApplication@2057d9b7
----------------- Done invoking toplevel() on ptolemy.moml.MoMLSimpleApplication@2057d9b7
reloadAllAccessors: .VariableDelayZeroDelay2

===========================================================================================
----------------- testing Tue Jan 14 06:44:33 UTC 2020 /home/travis/build/icyphy/ptII/ptolemy/domains/de/test/auto/deInCt.xml
----------------- Instantiating /home/travis/build/icyphy/ptII/ptolemy/domains/de/test/auto/deInCt.xml
0
1
1
1
1
0
0
0
1
1
1
1
0
0
0
1
1
1
0
0
0
0
1
1
1
1
1
1
1
1
4 ms. Memory: 406528K Free: 278401K (68%)
----------------- Invoking toplevel() on ptolemy.moml.MoMLSimpleApplication@5d01faf5
----------------- Done invoking toplevel() on ptolemy.moml.MoMLSimpleApplication@5d01faf5
reloadAllAccessors: .deInCt

===========================================================================================
----------------- testing Tue Jan 14 06:44:33 UTC 2020 /home/travis/build/icyphy/ptII/ptolemy/domains/de/test/auto/deInCt2.xml
----------------- Instantiating /home/travis/build/icyphy/ptII/ptolemy/domains/de/test/auto/deInCt2.xml
0
1
1
1
0
0
1
1
1
0
0
1
1
1
0
0
1
1
1
0
0
1
1
1
0
0
1
1
1
0
0
1
1
1
0
0
1
1
1
0
0
0
5 ms. Memory: 406528K Free: 273275K (67%)
----------------- Invoking toplevel() on ptolemy.moml.MoMLSimpleApplication@534430ca
----------------- Done invoking toplevel() on ptolemy.moml.MoMLSimpleApplication@534430ca
reloadAllAccessors: .deInCt2

===========================================================================================
----------------- testing Tue Jan 14 06:44:33 UTC 2020 /home/travis/build/icyphy/ptII/ptolemy/domains/de/test/auto/dynamicCausalityInterface1.xml
----------------- Instantiating /home/travis/build/icyphy/ptII/ptolemy/domains/de/test/auto/dynamicCausalityInterface1.xml
1 ms. Memory: 406528K Free: 264065K (65%)
----------------- Invoking toplevel() on ptolemy.moml.MoMLSimpleApplication@2e1ba97a
----------------- Done invoking toplevel() on ptolemy.moml.MoMLSimpleApplication@2e1ba97a
reloadAllAccessors: .dynamicCausalityInterface1

===========================================================================================
----------------- testing Tue Jan 14 06:44:33 UTC 2020 /home/travis/build/icyphy/ptII/ptolemy/domains/de/test/auto/fsm_de_test.xml
----------------- Instantiating /home/travis/build/icyphy/ptII/ptolemy/domains/de/test/auto/fsm_de_test.xml
7 ms. Memory: 406528K Free: 254843K (63%)
----------------- Invoking toplevel() on ptolemy.moml.MoMLSimpleApplication@d5ef021
----------------- Done invoking toplevel() on ptolemy.moml.MoMLSimpleApplication@d5ef021
reloadAllAccessors: .fsm_de_test

===========================================================================================
----------------- testing Tue Jan 14 06:44:33 UTC 2020 /home/travis/build/icyphy/ptII/ptolemy/domains/de/test/auto/functionDependencyReconstruction.xml
----------------- Instantiating /home/travis/build/icyphy/ptII/ptolemy/domains/de/test/auto/functionDependencyReconstruction.xml
2 ms. Memory: 406528K Free: 240003K (59%)
----------------- Invoking toplevel() on ptolemy.moml.MoMLSimpleApplication@4633827e
----------------- Done invoking toplevel() on ptolemy.moml.MoMLSimpleApplication@4633827e
reloadAllAccessors: .functionDependencyReconstruction

===========================================================================================
----------------- testing Tue Jan 14 06:44:33 UTC 2020 /home/travis/build/icyphy/ptII/ptolemy/domains/de/test/auto/multirate.xml
----------------- Instantiating /home/travis/build/icyphy/ptII/ptolemy/domains/de/test/auto/multirate.xml
6 ms. Memory: 406528K Free: 233331K (57%)
----------------- Invoking toplevel() on ptolemy.moml.MoMLSimpleApplication@51961732
----------------- Done invoking toplevel() on ptolemy.moml.MoMLSimpleApplication@51961732
reloadAllAccessors: .multirate

===========================================================================================
----------------- testing Tue Jan 14 06:44:33 UTC 2020 /home/travis/build/icyphy/ptII/ptolemy/domains/de/test/auto/multirate2.xml
----------------- Instantiating /home/travis/build/icyphy/ptII/ptolemy/domains/de/test/auto/multirate2.xml
2 ms. Memory: 406528K Free: 226691K (56%)
----------------- Invoking toplevel() on ptolemy.moml.MoMLSimpleApplication@7d715fa1
----------------- Done invoking toplevel() on ptolemy.moml.MoMLSimpleApplication@7d715fa1
reloadAllAccessors: .multirate2

===========================================================================================
----------------- testing Tue Jan 14 06:44:33 UTC 2020 /home/travis/build/icyphy/ptII/ptolemy/domains/de/test/auto/realtime.xml
----------------- Instantiating /home/travis/build/icyphy/ptII/ptolemy/domains/de/test/auto/realtime.xml
10001 ms. Memory: 406528K Free: 222081K (55%)
----------------- Invoking toplevel() on ptolemy.moml.MoMLSimpleApplication@727ebe45
----------------- Done invoking toplevel() on ptolemy.moml.MoMLSimpleApplication@727ebe45
reloadAllAccessors: .realtime

===========================================================================================
----------------- testing Tue Jan 14 06:44:43 UTC 2020 /home/travis/build/icyphy/ptII/ptolemy/domains/de/test/auto/relationGroup.xml
----------------- Instantiating /home/travis/build/icyphy/ptII/ptolemy/domains/de/test/auto/relationGroup.xml
1 ms. Memory: 406528K Free: 218499K (54%)
----------------- Invoking toplevel() on ptolemy.moml.MoMLSimpleApplication@74dca02e
----------------- Done invoking toplevel() on ptolemy.moml.MoMLSimpleApplication@74dca02e
reloadAllAccessors: .relationGroup

===========================================================================================
----------------- testing Tue Jan 14 06:44:43 UTC 2020 /home/travis/build/icyphy/ptII/ptolemy/domains/de/test/auto/relationGroup2.xml
----------------- Instantiating /home/travis/build/icyphy/ptII/ptolemy/domains/de/test/auto/relationGroup2.xml
2 ms. Memory: 406528K Free: 214913K (53%)
----------------- Invoking toplevel() on ptolemy.moml.MoMLSimpleApplication@6a952a33
----------------- Done invoking toplevel() on ptolemy.moml.MoMLSimpleApplication@6a952a33
reloadAllAccessors: .relationGroup2

===========================================================================================
----------------- testing Tue Jan 14 06:44:43 UTC 2020 /home/travis/build/icyphy/ptII/ptolemy/domains/de/test/auto/sortWithOpaquePorts.xml
----------------- Instantiating /home/travis/build/icyphy/ptII/ptolemy/domains/de/test/auto/sortWithOpaquePorts.xml
1 ms. Memory: 406528K Free: 210307K (52%)
----------------- Invoking toplevel() on ptolemy.moml.MoMLSimpleApplication@6a9224f7
----------------- Done invoking toplevel() on ptolemy.moml.MoMLSimpleApplication@6a9224f7
reloadAllAccessors: .sortWithOpaquePorts

===========================================================================================
----------------- testing Tue Jan 14 06:44:43 UTC 2020 /home/travis/build/icyphy/ptII/ptolemy/domains/de/test/auto/transferInputsandOutputs.xml
----------------- Instantiating /home/travis/build/icyphy/ptII/ptolemy/domains/de/test/auto/transferInputsandOutputs.xml
2 ms. Memory: 406528K Free: 203139K (50%)
----------------- Invoking toplevel() on ptolemy.moml.MoMLSimpleApplication@569658a2
----------------- Done invoking toplevel() on ptolemy.moml.MoMLSimpleApplication@569658a2
reloadAllAccessors: .transferInputsandOutputs

===========================================================================================
----------------- testing Tue Jan 14 06:44:43 UTC 2020 /home/travis/build/icyphy/ptII/ptolemy/domains/de/test/auto/triggerType.xml
----------------- Instantiating /home/travis/build/icyphy/ptII/ptolemy/domains/de/test/auto/triggerType.xml
1 ms. Memory: 406528K Free: 199043K (49%)
----------------- Invoking toplevel() on ptolemy.moml.MoMLSimpleApplication@de77464
----------------- Done invoking toplevel() on ptolemy.moml.MoMLSimpleApplication@de77464
reloadAllAccessors: .triggerType
AutoTests.java: About to close Vertx.
AutoTests.java: Vertx closed.
]]></system-out>
  <system-err><![CDATA[java.lang.RuntimeException: Execution failed
	at ptolemy.moml.MoMLSimpleApplication$UnloadThread.run(MoMLSimpleApplication.java:402)
Caused by: ptolemy.kernel.util.IllegalActionException: Found a zero delay loop containing .dependencyLoop.original
  in .dependencyLoop and .dependencyLoop.original
	at ptolemy.actor.util.CausalityInterfaceForComposites._computeOutputPortDepth(CausalityInterfaceForComposites.java:759)
	at ptolemy.actor.util.CausalityInterfaceForComposites._computeInputDepth(CausalityInterfaceForComposites.java:696)
	at ptolemy.actor.util.CausalityInterfaceForComposites._computeOutputPortDepth(CausalityInterfaceForComposites.java:765)
	at ptolemy.actor.util.CausalityInterfaceForComposites._computeInputDepth(CausalityInterfaceForComposites.java:696)
	at ptolemy.actor.util.CausalityInterfaceForComposites._computeOutputPortDepth(CausalityInterfaceForComposites.java:765)
	at ptolemy.actor.util.CausalityInterfaceForComposites._computeInputDepth(CausalityInterfaceForComposites.java:696)
	at ptolemy.actor.util.CausalityInterfaceForComposites._computeActorDepth(CausalityInterfaceForComposites.java:532)
	at ptolemy.actor.util.CausalityInterfaceForComposites.checkForCycles(CausalityInterfaceForComposites.java:96)
	at ptolemy.domains.de.kernel.DEDirector.preinitialize(DEDirector.java:1338)
	at ptolemy.actor.CompositeActor.preinitialize(CompositeActor.java:1828)
	at ptolemy.actor.Manager.preinitializeAndResolveTypes(Manager.java:1040)
	at ptolemy.actor.Manager.initialize(Manager.java:710)
	at ptolemy.actor.Manager.execute(Manager.java:356)
	at ptolemy.actor.Manager.run(Manager.java:1263)
	at ptolemy.actor.Manager$PtolemyRunThread.run(Manager.java:1933)
java.lang.RuntimeException: Execution failed
	at ptolemy.moml.MoMLSimpleApplication$UnloadThread.run(MoMLSimpleApplication.java:402)
Caused by: ptolemy.kernel.util.IllegalActionException: Found a zero delay loop containing .dependencyLoop2.original
  in .dependencyLoop2 and .dependencyLoop2.original
	at ptolemy.actor.util.CausalityInterfaceForComposites._computeOutputPortDepth(CausalityInterfaceForComposites.java:759)
	at ptolemy.actor.util.CausalityInterfaceForComposites._computeInputDepth(CausalityInterfaceForComposites.java:696)
	at ptolemy.actor.util.CausalityInterfaceForComposites._computeOutputPortDepth(CausalityInterfaceForComposites.java:765)
	at ptolemy.actor.util.CausalityInterfaceForComposites._computeInputDepth(CausalityInterfaceForComposites.java:696)
	at ptolemy.actor.util.CausalityInterfaceForComposites._computeOutputPortDepth(CausalityInterfaceForComposites.java:765)
	at ptolemy.actor.util.CausalityInterfaceForComposites._computeInputDepth(CausalityInterfaceForComposites.java:696)
	at ptolemy.actor.util.CausalityInterfaceForComposites._computeActorDepth(CausalityInterfaceForComposites.java:532)
	at ptolemy.actor.util.CausalityInterfaceForComposites.checkForCycles(CausalityInterfaceForComposites.java:96)
	at ptolemy.domains.de.kernel.DEDirector.preinitialize(DEDirector.java:1338)
	at ptolemy.actor.CompositeActor.preinitialize(CompositeActor.java:1828)
	at ptolemy.actor.Manager.preinitializeAndResolveTypes(Manager.java:1040)
	at ptolemy.actor.Manager.initialize(Manager.java:710)
	at ptolemy.actor.Manager.execute(Manager.java:356)
	at ptolemy.actor.Manager.run(Manager.java:1263)
	at ptolemy.actor.Manager$PtolemyRunThread.run(Manager.java:1933)
java.lang.RuntimeException: Execution failed
	at ptolemy.moml.MoMLSimpleApplication$UnloadThread.run(MoMLSimpleApplication.java:402)
Caused by: ptolemy.kernel.util.IllegalActionException: Test fails in iteration 1.
Value was: 1.0. Should have been: 2.0
  in .DirectFeedback.Test
	at ptolemy.actor.lib.Test.fire(Test.java:268)
	at ptolemy.domains.de.kernel.DEDirector._fire(DEDirector.java:1949)
	at ptolemy.domains.de.kernel.DEDirector.fire(DEDirector.java:502)
	at ptolemy.actor.CompositeActor.fire(CompositeActor.java:455)
	at ptolemy.actor.Manager.iterate(Manager.java:851)
	at ptolemy.actor.Manager.execute(Manager.java:369)
	at ptolemy.actor.Manager.run(Manager.java:1263)
	at ptolemy.actor.Manager$PtolemyRunThread.run(Manager.java:1933)
java.lang.RuntimeException: Execution failed
	at ptolemy.moml.MoMLSimpleApplication$UnloadThread.run(MoMLSimpleApplication.java:402)
Caused by: ptolemy.kernel.util.IllegalActionException: Found a zero delay loop containing .dependencyLoop.original
  in .dependencyLoop and .dependencyLoop.original
	at ptolemy.actor.util.CausalityInterfaceForComposites._computeOutputPortDepth(CausalityInterfaceForComposites.java:759)
	at ptolemy.actor.util.CausalityInterfaceForComposites._computeInputDepth(CausalityInterfaceForComposites.java:696)
	at ptolemy.actor.util.CausalityInterfaceForComposites._computeOutputPortDepth(CausalityInterfaceForComposites.java:765)
	at ptolemy.actor.util.CausalityInterfaceForComposites._computeInputDepth(CausalityInterfaceForComposites.java:696)
	at ptolemy.actor.util.CausalityInterfaceForComposites._computeOutputPortDepth(CausalityInterfaceForComposites.java:765)
	at ptolemy.actor.util.CausalityInterfaceForComposites._computeInputDepth(CausalityInterfaceForComposites.java:696)
	at ptolemy.actor.util.CausalityInterfaceForComposites._computeActorDepth(CausalityInterfaceForComposites.java:532)
	at ptolemy.actor.util.CausalityInterfaceForComposites.checkForCycles(CausalityInterfaceForComposites.java:96)
	at ptolemy.domains.de.kernel.DEDirector.preinitialize(DEDirector.java:1338)
	at ptolemy.actor.CompositeActor.preinitialize(CompositeActor.java:1828)
	at ptolemy.actor.Manager.preinitializeAndResolveTypes(Manager.java:1040)
	at ptolemy.actor.Manager.initialize(Manager.java:710)
	at ptolemy.actor.Manager.execute(Manager.java:356)
	at ptolemy.actor.Manager.run(Manager.java:1263)
	at ptolemy.actor.Manager$PtolemyRunThread.run(Manager.java:1933)
java.lang.RuntimeException: Execution failed
	at ptolemy.moml.MoMLSimpleApplication$UnloadThread.run(MoMLSimpleApplication.java:402)
Caused by: ptolemy.kernel.util.IllegalActionException: Found a zero delay loop containing .HierarchicalModel.A
  in .HierarchicalModel and .HierarchicalModel.A
	at ptolemy.actor.util.CausalityInterfaceForComposites._computeOutputPortDepth(CausalityInterfaceForComposites.java:759)
	at ptolemy.actor.util.CausalityInterfaceForComposites._computeInputDepth(CausalityInterfaceForComposites.java:696)
	at ptolemy.actor.util.CausalityInterfaceForComposites._computeOutputPortDepth(CausalityInterfaceForComposites.java:765)
	at ptolemy.actor.util.CausalityInterfaceForComposites._computeInputDepth(CausalityInterfaceForComposites.java:696)
	at ptolemy.actor.util.CausalityInterfaceForComposites._computeOutputPortDepth(CausalityInterfaceForComposites.java:765)
	at ptolemy.actor.util.CausalityInterfaceForComposites._computeInputDepth(CausalityInterfaceForComposites.java:696)
	at ptolemy.actor.util.CausalityInterfaceForComposites._computeActorDepth(CausalityInterfaceForComposites.java:532)
	at ptolemy.actor.util.CausalityInterfaceForComposites.checkForCycles(CausalityInterfaceForComposites.java:96)
	at ptolemy.domains.de.kernel.DEDirector.preinitialize(DEDirector.java:1338)
	at ptolemy.actor.CompositeActor.preinitialize(CompositeActor.java:1828)
	at ptolemy.actor.Manager.preinitializeAndResolveTypes(Manager.java:1040)
	at ptolemy.actor.Manager.initialize(Manager.java:710)
	at ptolemy.actor.Manager.execute(Manager.java:356)
	at ptolemy.actor.Manager.run(Manager.java:1263)
	at ptolemy.actor.Manager$PtolemyRunThread.run(Manager.java:1933)
java.lang.RuntimeException: Execution failed
	at ptolemy.moml.MoMLSimpleApplication$UnloadThread.run(MoMLSimpleApplication.java:402)
Caused by: ptolemy.kernel.util.IllegalActionException: Found a zero delay loop containing .dependencyLoop2.original
  in .dependencyLoop2 and .dependencyLoop2.original
	at ptolemy.actor.util.CausalityInterfaceForComposites._computeOutputPortDepth(CausalityInterfaceForComposites.java:759)
	at ptolemy.actor.util.CausalityInterfaceForComposites._computeInputDepth(CausalityInterfaceForComposites.java:696)
	at ptolemy.actor.util.CausalityInterfaceForComposites._computeOutputPortDepth(CausalityInterfaceForComposites.java:765)
	at ptolemy.actor.util.CausalityInterfaceForComposites._computeInputDepth(CausalityInterfaceForComposites.java:696)
	at ptolemy.actor.util.CausalityInterfaceForComposites._computeOutputPortDepth(CausalityInterfaceForComposites.java:765)
	at ptolemy.actor.util.CausalityInterfaceForComposites._computeInputDepth(CausalityInterfaceForComposites.java:696)
	at ptolemy.actor.util.CausalityInterfaceForComposites._computeActorDepth(CausalityInterfaceForComposites.java:532)
	at ptolemy.actor.util.CausalityInterfaceForComposites.checkForCycles(CausalityInterfaceForComposites.java:96)
	at ptolemy.domains.de.kernel.DEDirector.preinitialize(DEDirector.java:1338)
	at ptolemy.actor.CompositeActor.preinitialize(CompositeActor.java:1828)
	at ptolemy.actor.Manager.preinitializeAndResolveTypes(Manager.java:1040)
	at ptolemy.actor.Manager.initialize(Manager.java:710)
	at ptolemy.actor.Manager.execute(Manager.java:356)
	at ptolemy.actor.Manager.run(Manager.java:1263)
	at ptolemy.actor.Manager$PtolemyRunThread.run(Manager.java:1933)
java.lang.RuntimeException: Execution failed
	at ptolemy.moml.MoMLSimpleApplication$UnloadThread.run(MoMLSimpleApplication.java:402)
Caused by: ptolemy.kernel.util.IllegalActionException: Actor is not ready to fire.  Perhaps UpSample.prefire() returned false? Try debugging the actor by selecting "Listen to Actor".  Also, for SDF check moml for tokenConsumptionRate on input.
  in .DESDFClockTest.Play Bell.Copy1:SDF Director and .DESDFClockTest.Play Bell.UpSample
	at ptolemy.actor.sched.StaticSchedulingDirector.fire(StaticSchedulingDirector.java:227)
	at ptolemy.domains.sdf.kernel.SDFDirector.fire(SDFDirector.java:500)
	at ptolemy.actor.CompositeActor.fire(CompositeActor.java:455)
	at ptolemy.domains.de.kernel.DEDirector._fire(DEDirector.java:1949)
	at ptolemy.domains.de.kernel.DEDirector.fire(DEDirector.java:502)
	at ptolemy.actor.CompositeActor.fire(CompositeActor.java:455)
	at ptolemy.actor.Manager.iterate(Manager.java:851)
	at ptolemy.actor.Manager.execute(Manager.java:369)
	at ptolemy.actor.Manager.run(Manager.java:1263)
	at ptolemy.actor.Manager$PtolemyRunThread.run(Manager.java:1933)
java.lang.RuntimeException: Execution failed
	at ptolemy.moml.MoMLSimpleApplication$UnloadThread.run(MoMLSimpleApplication.java:402)
Caused by: ptolemy.kernel.util.IllegalActionException: Actor is not ready to fire.  Perhaps UpSample.prefire() returned false? Try debugging the actor by selecting "Listen to Actor".  Also, for SDF check moml for tokenConsumptionRate on input.
  in .DESDFClockTest.Play Bell.Copy1:SDF Director and .DESDFClockTest.Play Bell.UpSample
	at ptolemy.actor.sched.StaticSchedulingDirector.fire(StaticSchedulingDirector.java:227)
	at ptolemy.domains.sdf.kernel.SDFDirector.fire(SDFDirector.java:500)
	at ptolemy.actor.CompositeActor.fire(CompositeActor.java:455)
	at ptolemy.domains.de.kernel.DEDirector._fire(DEDirector.java:1949)
	at ptolemy.domains.de.kernel.DEDirector.fire(DEDirector.java:502)
	at ptolemy.actor.CompositeActor.fire(CompositeActor.java:455)
	at ptolemy.actor.Manager.iterate(Manager.java:851)
	at ptolemy.actor.Manager.execute(Manager.java:369)
	at ptolemy.actor.Manager.run(Manager.java:1263)
	at ptolemy.actor.Manager$PtolemyRunThread.run(Manager.java:1933)
java.lang.reflect.InvocationTargetException
	at java.base/jdk.internal.reflect.NativeConstructorAccessorImpl.newInstance0(Native Method)
	at java.base/jdk.internal.reflect.NativeConstructorAccessorImpl.newInstance(NativeConstructorAccessorImpl.java:62)
	at java.base/jdk.internal.reflect.DelegatingConstructorAccessorImpl.newInstance(DelegatingConstructorAccessorImpl.java:45)
	at java.base/java.lang.reflect.Constructor.newInstance(Constructor.java:490)
	at ptolemy.util.test.junit.AutoKnownFailedTests.RunModel(AutoKnownFailedTests.java:105)
	at java.base/jdk.internal.reflect.NativeMethodAccessorImpl.invoke0(Native Method)
	at java.base/jdk.internal.reflect.NativeMethodAccessorImpl.invoke(NativeMethodAccessorImpl.java:62)
	at java.base/jdk.internal.reflect.DelegatingMethodAccessorImpl.invoke(DelegatingMethodAccessorImpl.java:43)
	at java.base/java.lang.reflect.Method.invoke(Method.java:566)
	at org.junit.runners.model.FrameworkMethod$1.runReflectiveCall(FrameworkMethod.java:44)
	at org.junit.internal.runners.model.ReflectiveCallable.run(ReflectiveCallable.java:15)
	at org.junit.runners.model.FrameworkMethod.invokeExplosively(FrameworkMethod.java:41)
	at junitparams.internal.InvokeParameterisedMethod.evaluate(InvokeParameterisedMethod.java:102)
	at org.junit.internal.runners.statements.FailOnTimeout$1.run(FailOnTimeout.java:28)
Caused by: ptolemy.kernel.util.IllegalActionException: Actor is not ready to fire.  Perhaps UpSample.prefire() returned false? Try debugging the actor by selecting "Listen to Actor".  Also, for SDF check moml for tokenConsumptionRate on input.
  in .DESDFClockTest.Play Bell.Copy1:SDF Director and .DESDFClockTest.Play Bell.UpSample
	at ptolemy.actor.sched.StaticSchedulingDirector.fire(StaticSchedulingDirector.java:227)
	at ptolemy.domains.sdf.kernel.SDFDirector.fire(SDFDirector.java:500)
	at ptolemy.actor.CompositeActor.fire(CompositeActor.java:455)
	at ptolemy.domains.de.kernel.DEDirector._fire(DEDirector.java:1949)
	at ptolemy.domains.de.kernel.DEDirector.fire(DEDirector.java:502)
	at ptolemy.actor.CompositeActor.fire(CompositeActor.java:455)
	at ptolemy.actor.Manager.iterate(Manager.java:851)
	at ptolemy.actor.Manager.execute(Manager.java:369)
	at ptolemy.actor.Manager.run(Manager.java:1263)
	at ptolemy.actor.Manager$PtolemyRunThread.run(Manager.java:1933)
java.lang.RuntimeException: Execution failed
	at ptolemy.moml.MoMLSimpleApplication$UnloadThread.run(MoMLSimpleApplication.java:402)
Caused by: ptolemy.kernel.util.IllegalActionException: Test fails in iteration 1.
Value was: 1.0. Should have been: 2.0
  in .DirectFeedback.Test
	at ptolemy.actor.lib.Test.fire(Test.java:268)
	at ptolemy.domains.de.kernel.DEDirector._fire(DEDirector.java:1949)
	at ptolemy.domains.de.kernel.DEDirector.fire(DEDirector.java:502)
	at ptolemy.actor.CompositeActor.fire(CompositeActor.java:455)
	at ptolemy.actor.Manager.iterate(Manager.java:851)
	at ptolemy.actor.Manager.execute(Manager.java:369)
	at ptolemy.actor.Manager.run(Manager.java:1263)
	at ptolemy.actor.Manager$PtolemyRunThread.run(Manager.java:1933)
java.lang.reflect.InvocationTargetException
	at java.base/jdk.internal.reflect.NativeConstructorAccessorImpl.newInstance0(Native Method)
	at java.base/jdk.internal.reflect.NativeConstructorAccessorImpl.newInstance(NativeConstructorAccessorImpl.java:62)
	at java.base/jdk.internal.reflect.DelegatingConstructorAccessorImpl.newInstance(DelegatingConstructorAccessorImpl.java:45)
	at java.base/java.lang.reflect.Constructor.newInstance(Constructor.java:490)
	at ptolemy.util.test.junit.AutoKnownFailedTests.RunModel(AutoKnownFailedTests.java:105)
	at java.base/jdk.internal.reflect.NativeMethodAccessorImpl.invoke0(Native Method)
	at java.base/jdk.internal.reflect.NativeMethodAccessorImpl.invoke(NativeMethodAccessorImpl.java:62)
	at java.base/jdk.internal.reflect.DelegatingMethodAccessorImpl.invoke(DelegatingMethodAccessorImpl.java:43)
	at java.base/java.lang.reflect.Method.invoke(Method.java:566)
	at org.junit.runners.model.FrameworkMethod$1.runReflectiveCall(FrameworkMethod.java:44)
	at org.junit.internal.runners.model.ReflectiveCallable.run(ReflectiveCallable.java:15)
	at org.junit.runners.model.FrameworkMethod.invokeExplosively(FrameworkMethod.java:41)
	at junitparams.internal.InvokeParameterisedMethod.evaluate(InvokeParameterisedMethod.java:102)
	at org.junit.internal.runners.statements.FailOnTimeout$1.run(FailOnTimeout.java:28)
Caused by: ptolemy.kernel.util.IllegalActionException: Test fails in iteration 1.
Value was: 1.0. Should have been: 2.0
  in .DirectFeedback.Test
	at ptolemy.actor.lib.Test.fire(Test.java:268)
	at ptolemy.domains.de.kernel.DEDirector._fire(DEDirector.java:1949)
	at ptolemy.domains.de.kernel.DEDirector.fire(DEDirector.java:502)
	at ptolemy.actor.CompositeActor.fire(CompositeActor.java:455)
	at ptolemy.actor.Manager.iterate(Manager.java:851)
	at ptolemy.actor.Manager.execute(Manager.java:369)
	at ptolemy.actor.Manager.run(Manager.java:1263)
	at ptolemy.actor.Manager$PtolemyRunThread.run(Manager.java:1933)
java.lang.RuntimeException: Execution failed
	at ptolemy.moml.MoMLSimpleApplication$UnloadThread.run(MoMLSimpleApplication.java:402)
Caused by: ptolemy.kernel.util.IllegalActionException: Found a zero delay loop containing .HierarchicalModel.A
  in .HierarchicalModel and .HierarchicalModel.A
	at ptolemy.actor.util.CausalityInterfaceForComposites._computeOutputPortDepth(CausalityInterfaceForComposites.java:759)
	at ptolemy.actor.util.CausalityInterfaceForComposites._computeInputDepth(CausalityInterfaceForComposites.java:696)
	at ptolemy.actor.util.CausalityInterfaceForComposites._computeOutputPortDepth(CausalityInterfaceForComposites.java:765)
	at ptolemy.actor.util.CausalityInterfaceForComposites._computeInputDepth(CausalityInterfaceForComposites.java:696)
	at ptolemy.actor.util.CausalityInterfaceForComposites._computeOutputPortDepth(CausalityInterfaceForComposites.java:765)
	at ptolemy.actor.util.CausalityInterfaceForComposites._computeInputDepth(CausalityInterfaceForComposites.java:696)
	at ptolemy.actor.util.CausalityInterfaceForComposites._computeActorDepth(CausalityInterfaceForComposites.java:532)
	at ptolemy.actor.util.CausalityInterfaceForComposites.checkForCycles(CausalityInterfaceForComposites.java:96)
	at ptolemy.domains.de.kernel.DEDirector.preinitialize(DEDirector.java:1338)
	at ptolemy.actor.CompositeActor.preinitialize(CompositeActor.java:1828)
	at ptolemy.actor.Manager.preinitializeAndResolveTypes(Manager.java:1040)
	at ptolemy.actor.Manager.initialize(Manager.java:710)
	at ptolemy.actor.Manager.execute(Manager.java:356)
	at ptolemy.actor.Manager.run(Manager.java:1263)
	at ptolemy.actor.Manager$PtolemyRunThread.run(Manager.java:1933)
java.lang.reflect.InvocationTargetException
	at java.base/jdk.internal.reflect.NativeConstructorAccessorImpl.newInstance0(Native Method)
	at java.base/jdk.internal.reflect.NativeConstructorAccessorImpl.newInstance(NativeConstructorAccessorImpl.java:62)
	at java.base/jdk.internal.reflect.DelegatingConstructorAccessorImpl.newInstance(DelegatingConstructorAccessorImpl.java:45)
	at java.base/java.lang.reflect.Constructor.newInstance(Constructor.java:490)
	at ptolemy.util.test.junit.AutoKnownFailedTests.RunModel(AutoKnownFailedTests.java:105)
	at java.base/jdk.internal.reflect.NativeMethodAccessorImpl.invoke0(Native Method)
	at java.base/jdk.internal.reflect.NativeMethodAccessorImpl.invoke(NativeMethodAccessorImpl.java:62)
	at java.base/jdk.internal.reflect.DelegatingMethodAccessorImpl.invoke(DelegatingMethodAccessorImpl.java:43)
	at java.base/java.lang.reflect.Method.invoke(Method.java:566)
	at org.junit.runners.model.FrameworkMethod$1.runReflectiveCall(FrameworkMethod.java:44)
	at org.junit.internal.runners.model.ReflectiveCallable.run(ReflectiveCallable.java:15)
	at org.junit.runners.model.FrameworkMethod.invokeExplosively(FrameworkMethod.java:41)
	at junitparams.internal.InvokeParameterisedMethod.evaluate(InvokeParameterisedMethod.java:102)
	at org.junit.internal.runners.statements.FailOnTimeout$1.run(FailOnTimeout.java:28)
Caused by: ptolemy.kernel.util.IllegalActionException: Found a zero delay loop containing .HierarchicalModel.A
  in .HierarchicalModel and .HierarchicalModel.A
	at ptolemy.actor.util.CausalityInterfaceForComposites._computeOutputPortDepth(CausalityInterfaceForComposites.java:759)
	at ptolemy.actor.util.CausalityInterfaceForComposites._computeInputDepth(CausalityInterfaceForComposites.java:696)
	at ptolemy.actor.util.CausalityInterfaceForComposites._computeOutputPortDepth(CausalityInterfaceForComposites.java:765)
	at ptolemy.actor.util.CausalityInterfaceForComposites._computeInputDepth(CausalityInterfaceForComposites.java:696)
	at ptolemy.actor.util.CausalityInterfaceForComposites._computeOutputPortDepth(CausalityInterfaceForComposites.java:765)
	at ptolemy.actor.util.CausalityInterfaceForComposites._computeInputDepth(CausalityInterfaceForComposites.java:696)
	at ptolemy.actor.util.CausalityInterfaceForComposites._computeActorDepth(CausalityInterfaceForComposites.java:532)
	at ptolemy.actor.util.CausalityInterfaceForComposites.checkForCycles(CausalityInterfaceForComposites.java:96)
	at ptolemy.domains.de.kernel.DEDirector.preinitialize(DEDirector.java:1338)
	at ptolemy.actor.CompositeActor.preinitialize(CompositeActor.java:1828)
	at ptolemy.actor.Manager.preinitializeAndResolveTypes(Manager.java:1040)
	at ptolemy.actor.Manager.initialize(Manager.java:710)
	at ptolemy.actor.Manager.execute(Manager.java:356)
	at ptolemy.actor.Manager.run(Manager.java:1263)
	at ptolemy.actor.Manager$PtolemyRunThread.run(Manager.java:1933)
java.lang.RuntimeException: Execution failed
	at ptolemy.moml.MoMLSimpleApplication$UnloadThread.run(MoMLSimpleApplication.java:402)
Caused by: ptolemy.kernel.util.IllegalActionException: Found a zero delay loop containing .dependencyLoop.original
  in .dependencyLoop and .dependencyLoop.original
	at ptolemy.actor.util.CausalityInterfaceForComposites._computeOutputPortDepth(CausalityInterfaceForComposites.java:759)
	at ptolemy.actor.util.CausalityInterfaceForComposites._computeInputDepth(CausalityInterfaceForComposites.java:696)
	at ptolemy.actor.util.CausalityInterfaceForComposites._computeOutputPortDepth(CausalityInterfaceForComposites.java:765)
	at ptolemy.actor.util.CausalityInterfaceForComposites._computeInputDepth(CausalityInterfaceForComposites.java:696)
	at ptolemy.actor.util.CausalityInterfaceForComposites._computeOutputPortDepth(CausalityInterfaceForComposites.java:765)
	at ptolemy.actor.util.CausalityInterfaceForComposites._computeInputDepth(CausalityInterfaceForComposites.java:696)
	at ptolemy.actor.util.CausalityInterfaceForComposites._computeActorDepth(CausalityInterfaceForComposites.java:532)
	at ptolemy.actor.util.CausalityInterfaceForComposites.checkForCycles(CausalityInterfaceForComposites.java:96)
	at ptolemy.domains.de.kernel.DEDirector.preinitialize(DEDirector.java:1338)
	at ptolemy.actor.CompositeActor.preinitialize(CompositeActor.java:1828)
	at ptolemy.actor.Manager.preinitializeAndResolveTypes(Manager.java:1040)
	at ptolemy.actor.Manager.initialize(Manager.java:710)
	at ptolemy.actor.Manager.execute(Manager.java:356)
	at ptolemy.actor.Manager.run(Manager.java:1263)
	at ptolemy.actor.Manager$PtolemyRunThread.run(Manager.java:1933)
java.lang.reflect.InvocationTargetException
	at java.base/jdk.internal.reflect.NativeConstructorAccessorImpl.newInstance0(Native Method)
	at java.base/jdk.internal.reflect.NativeConstructorAccessorImpl.newInstance(NativeConstructorAccessorImpl.java:62)
	at java.base/jdk.internal.reflect.DelegatingConstructorAccessorImpl.newInstance(DelegatingConstructorAccessorImpl.java:45)
	at java.base/java.lang.reflect.Constructor.newInstance(Constructor.java:490)
	at ptolemy.util.test.junit.AutoKnownFailedTests.RunModel(AutoKnownFailedTests.java:105)
	at java.base/jdk.internal.reflect.NativeMethodAccessorImpl.invoke0(Native Method)
	at java.base/jdk.internal.reflect.NativeMethodAccessorImpl.invoke(NativeMethodAccessorImpl.java:62)
	at java.base/jdk.internal.reflect.DelegatingMethodAccessorImpl.invoke(DelegatingMethodAccessorImpl.java:43)
	at java.base/java.lang.reflect.Method.invoke(Method.java:566)
	at org.junit.runners.model.FrameworkMethod$1.runReflectiveCall(FrameworkMethod.java:44)
	at org.junit.internal.runners.model.ReflectiveCallable.run(ReflectiveCallable.java:15)
	at org.junit.runners.model.FrameworkMethod.invokeExplosively(FrameworkMethod.java:41)
	at junitparams.internal.InvokeParameterisedMethod.evaluate(InvokeParameterisedMethod.java:102)
	at org.junit.internal.runners.statements.FailOnTimeout$1.run(FailOnTimeout.java:28)
Caused by: ptolemy.kernel.util.IllegalActionException: Found a zero delay loop containing .dependencyLoop.original
  in .dependencyLoop and .dependencyLoop.original
	at ptolemy.actor.util.CausalityInterfaceForComposites._computeOutputPortDepth(CausalityInterfaceForComposites.java:759)
	at ptolemy.actor.util.CausalityInterfaceForComposites._computeInputDepth(CausalityInterfaceForComposites.java:696)
	at ptolemy.actor.util.CausalityInterfaceForComposites._computeOutputPortDepth(CausalityInterfaceForComposites.java:765)
	at ptolemy.actor.util.CausalityInterfaceForComposites._computeInputDepth(CausalityInterfaceForComposites.java:696)
	at ptolemy.actor.util.CausalityInterfaceForComposites._computeOutputPortDepth(CausalityInterfaceForComposites.java:765)
	at ptolemy.actor.util.CausalityInterfaceForComposites._computeInputDepth(CausalityInterfaceForComposites.java:696)
	at ptolemy.actor.util.CausalityInterfaceForComposites._computeActorDepth(CausalityInterfaceForComposites.java:532)
	at ptolemy.actor.util.CausalityInterfaceForComposites.checkForCycles(CausalityInterfaceForComposites.java:96)
	at ptolemy.domains.de.kernel.DEDirector.preinitialize(DEDirector.java:1338)
	at ptolemy.actor.CompositeActor.preinitialize(CompositeActor.java:1828)
	at ptolemy.actor.Manager.preinitializeAndResolveTypes(Manager.java:1040)
	at ptolemy.actor.Manager.initialize(Manager.java:710)
	at ptolemy.actor.Manager.execute(Manager.java:356)
	at ptolemy.actor.Manager.run(Manager.java:1263)
	at ptolemy.actor.Manager$PtolemyRunThread.run(Manager.java:1933)
java.lang.RuntimeException: Execution failed
	at ptolemy.moml.MoMLSimpleApplication$UnloadThread.run(MoMLSimpleApplication.java:402)
Caused by: ptolemy.kernel.util.IllegalActionException: Found a zero delay loop containing .dependencyLoop2.original
  in .dependencyLoop2 and .dependencyLoop2.original
	at ptolemy.actor.util.CausalityInterfaceForComposites._computeOutputPortDepth(CausalityInterfaceForComposites.java:759)
	at ptolemy.actor.util.CausalityInterfaceForComposites._computeInputDepth(CausalityInterfaceForComposites.java:696)
	at ptolemy.actor.util.CausalityInterfaceForComposites._computeOutputPortDepth(CausalityInterfaceForComposites.java:765)
	at ptolemy.actor.util.CausalityInterfaceForComposites._computeInputDepth(CausalityInterfaceForComposites.java:696)
	at ptolemy.actor.util.CausalityInterfaceForComposites._computeOutputPortDepth(CausalityInterfaceForComposites.java:765)
	at ptolemy.actor.util.CausalityInterfaceForComposites._computeInputDepth(CausalityInterfaceForComposites.java:696)
	at ptolemy.actor.util.CausalityInterfaceForComposites._computeActorDepth(CausalityInterfaceForComposites.java:532)
	at ptolemy.actor.util.CausalityInterfaceForComposites.checkForCycles(CausalityInterfaceForComposites.java:96)
	at ptolemy.domains.de.kernel.DEDirector.preinitialize(DEDirector.java:1338)
	at ptolemy.actor.CompositeActor.preinitialize(CompositeActor.java:1828)
	at ptolemy.actor.Manager.preinitializeAndResolveTypes(Manager.java:1040)
	at ptolemy.actor.Manager.initialize(Manager.java:710)
	at ptolemy.actor.Manager.execute(Manager.java:356)
	at ptolemy.actor.Manager.run(Manager.java:1263)
	at ptolemy.actor.Manager$PtolemyRunThread.run(Manager.java:1933)
java.lang.reflect.InvocationTargetException
	at java.base/jdk.internal.reflect.NativeConstructorAccessorImpl.newInstance0(Native Method)
	at java.base/jdk.internal.reflect.NativeConstructorAccessorImpl.newInstance(NativeConstructorAccessorImpl.java:62)
	at java.base/jdk.internal.reflect.DelegatingConstructorAccessorImpl.newInstance(DelegatingConstructorAccessorImpl.java:45)
	at java.base/java.lang.reflect.Constructor.newInstance(Constructor.java:490)
	at ptolemy.util.test.junit.AutoKnownFailedTests.RunModel(AutoKnownFailedTests.java:105)
	at java.base/jdk.internal.reflect.NativeMethodAccessorImpl.invoke0(Native Method)
	at java.base/jdk.internal.reflect.NativeMethodAccessorImpl.invoke(NativeMethodAccessorImpl.java:62)
	at java.base/jdk.internal.reflect.DelegatingMethodAccessorImpl.invoke(DelegatingMethodAccessorImpl.java:43)
	at java.base/java.lang.reflect.Method.invoke(Method.java:566)
	at org.junit.runners.model.FrameworkMethod$1.runReflectiveCall(FrameworkMethod.java:44)
	at org.junit.internal.runners.model.ReflectiveCallable.run(ReflectiveCallable.java:15)
	at org.junit.runners.model.FrameworkMethod.invokeExplosively(FrameworkMethod.java:41)
	at junitparams.internal.InvokeParameterisedMethod.evaluate(InvokeParameterisedMethod.java:102)
	at org.junit.internal.runners.statements.FailOnTimeout$1.run(FailOnTimeout.java:28)
Caused by: ptolemy.kernel.util.IllegalActionException: Found a zero delay loop containing .dependencyLoop2.original
  in .dependencyLoop2 and .dependencyLoop2.original
	at ptolemy.actor.util.CausalityInterfaceForComposites._computeOutputPortDepth(CausalityInterfaceForComposites.java:759)
	at ptolemy.actor.util.CausalityInterfaceForComposites._computeInputDepth(CausalityInterfaceForComposites.java:696)
	at ptolemy.actor.util.CausalityInterfaceForComposites._computeOutputPortDepth(CausalityInterfaceForComposites.java:765)
	at ptolemy.actor.util.CausalityInterfaceForComposites._computeInputDepth(CausalityInterfaceForComposites.java:696)
	at ptolemy.actor.util.CausalityInterfaceForComposites._computeOutputPortDepth(CausalityInterfaceForComposites.java:765)
	at ptolemy.actor.util.CausalityInterfaceForComposites._computeInputDepth(CausalityInterfaceForComposites.java:696)
	at ptolemy.actor.util.CausalityInterfaceForComposites._computeActorDepth(CausalityInterfaceForComposites.java:532)
	at ptolemy.actor.util.CausalityInterfaceForComposites.checkForCycles(CausalityInterfaceForComposites.java:96)
	at ptolemy.domains.de.kernel.DEDirector.preinitialize(DEDirector.java:1338)
	at ptolemy.actor.CompositeActor.preinitialize(CompositeActor.java:1828)
	at ptolemy.actor.Manager.preinitializeAndResolveTypes(Manager.java:1040)
	at ptolemy.actor.Manager.initialize(Manager.java:710)
	at ptolemy.actor.Manager.execute(Manager.java:356)
	at ptolemy.actor.Manager.run(Manager.java:1263)
	at ptolemy.actor.Manager$PtolemyRunThread.run(Manager.java:1933)
]]></system-err>
</testsuite>
