<?xml version="1.0" encoding="UTF-8" ?>
<testsuite errors="1" failures="1" hostname="travis-job-f37863f8-8183-47e7-8bb3-87e6c9326f22" name="ptolemy.actor.lib.test.junit.JUnitTclTest" skipped="0" tests="517" time="64.708" timestamp="2019-06-28T04:46:28">
  <properties>
    <property name="npm.executable" value="npm" />
    <property name="env.TRAVIS_ROOT" value="/" />
    <property name="ptII.mk.exists" value="true" />
    <property name="env.TRAVIS_APP_HOST" value="build.travis-ci.org" />
    <property name="env.rvm_bin_path" value="/home/travis/.rvm/bin" />
    <property name="java.home" value="/usr/local/lib/jvm/openjdk11" />
    <property name="env.TRAVIS_JOB_NUMBER" value="1186.8" />
    <property name="env.TRAVIS_HOME" value="/home/travis" />
    <property name="env.DISPLAY" value=":99.0" />
    <property name="env.TRAVIS_INIT" value="systemd" />
    <property name="env.SSH_TTY" value="/dev/pts/0" />
    <property name="java.net.preferIPv4Stack" value="true" />
    <property name="env.RUN_TESTS" value="true" />
    <property name="timeout.short" value="1000000" />
    <property name="junit.formatter" value="xml" />
    <property name="env.TRAVIS_SUDO" value="true" />
    <property name="env.TRAVIS_JOB_NAME" value="" />
    <property name="env.TRAVIS_STACK_NODE_ATTRIBUTES" value="/.node-attributes.yml" />
    <property name="env.LOGNAME" value="travis" />
    <property name="env.PT_TRAVIS_TEST_CORE1_XML" value="true" />
    <property name="jsdoc.home" value="node_modules/@terraswarm/jsdoc" />
    <property name="debuglevel" value="source,lines,vars" />
    <property name="checkstyle.formatter" value="xml" />
    <property name="env._system_version" value="16.04" />
    <property name="bin.vergil.makeable" value="true" />
    <property name="sun.os.patch.level" value="unknown" />
    <property name="java.vendor.url" value="http://java.oracle.com/" />
    <property name="env.TRAVIS_BUILD_WEB_URL" value="https://travis-ci.org/icyphy/ptII/builds/551609734" />
    <property name="java.version" value="11.0.2" />
    <property name="env.TZ" value="UTC" />
    <property name="env.TRAVIS_PULL_REQUEST_SHA" value="" />
    <property name="env.PT_NO_NET" value="true" />
    <property name="env.TRAVIS_SECURE_ENV_VARS" value="true" />
    <property name="env._system_type" value="Linux" />
    <property name="java.vendor.url.bug" value="http://bugreport.java.com/bugreport/" />
    <property name="npmjs-org-is-up" value="true" />
    <property name="env.LANGUAGE" value="en_US.UTF-8" />
    <property name="env.SSH_CLIENT" value="10.10.4.75 53552 22" />
    <property name="env.GEM_HOME" value="/home/travis/.rvm/gems/ruby-2.5.3" />
    <property name="env.HAS_ANTARES_THREE_LITTLE_FRONZIES_BADGE" value="true" />
    <property name="java.version.date" value="2019-01-15" />
    <property name="env.PS4" value="+" />
    <property name="ant.project.invoked-targets" value="build,test.core1.xml" />
    <property name="env.TRAVIS_PULL_REQUEST_BRANCH" value="" />
    <property name="env.TRAVIS_REPO_SLUG" value="icyphy/ptII" />
    <property name="env.XDG_DATA_DIRS" value="/usr/local/share:/usr/share:/var/lib/snapd/desktop" />
    <property name="jdk.debug" value="release" />
    <property name="env.TRAVIS_APT_PROXY" value="http://apt.cache.travis-ci.com" />
    <property name="node.in.path" value="true" />
    <property name="user.name" value="travis" />
    <property name="java.maxmemory" value="1400m" />
    <property name="env.RUBY_VERSION" value="ruby-2.5.3" />
    <property name="env.LANG" value="en_US.UTF-8" />
    <property name="sun.io.unicode.encoding" value="UnicodeLittle" />
    <property name="sun.jnu.encoding" value="UTF-8" />
    <property name="java.runtime.name" value="OpenJDK Runtime Environment" />
    <property name="usefile" value="false" />
    <property name="return.code" value="0" />
    <property name="junit.single.formatter" value="plain" />
    <property name="env.DYLD_LIBRARY_PATH" value="/home/travis/pthla/certi-tools/lib:" />
    <property name="env.DEBIAN_FRONTEND" value="noninteractive" />
    <property name="env.SSH_CONNECTION" value="10.10.4.75 53552 10.20.0.6 22" />
    <property name="env.MYSQL_UNIX_PORT" value="/var/run/mysqld/mysqld.sock" />
    <property name="env.LC_ALL" value="en_US.UTF-8" />
    <property name="env.TRAVIS_ALLOW_FAILURE" value="false" />
    <property name="env.TRAVIS_JOB_WEB_URL" value="https://travis-ci.org/icyphy/ptII/jobs/551609743" />
    <property name="java.specification.name" value="Java Platform API Specification" />
    <property name="node.works" value="true" />
    <property name="user.timezone" value="" />
    <property name="path.separator" value=":" />
    <property name="env.TRAVIS_ENABLE_INFRA_DETECTION" value="true" />
    <property name="env.PYTHON_CFLAGS" value="-g -fstack-protector --param=ssp-buffer-size=4 -Wformat -Werror=format-security" />
    <property name="timeout.long" value="4000000" />
    <property name="env.CERTI_HOME" value="/home/travis/pthla/certi-tools" />
    <property name="ant.file.ptII" value="/home/travis/build/icyphy/ptII/build.xml" />
    <property name="javadoc.packagenames" value="com.*,diva.*,lbnl.*,org.hlacerti.*,org.json.*,org.ptolemy.*,org.terraswarm.*,ptolemy.*,ptserver.*" />
    <property name="file.encoding" value="UTF-8" />
    <property name="env.TRAVIS_PULL_REQUEST_SLUG" value="" />
    <property name="ant.project.default-target" value="build" />
    <property name="env.GIT_ASKPASS" value="echo" />
    <property name="env.HOME" value="/home/travis" />
    <property name="sun.java.command" value="org.apache.tools.ant.taskdefs.optional.junit.JUnitTestRunner ptolemy.actor.lib.test.junit.JUnitTclTest skipNonTests=false filtertrace=true haltOnError=false haltOnFailure=false formatter=org.apache.tools.ant.taskdefs.optional.junit.OutErrSummaryJUnitResultFormatter showoutput=true outputtoformatters=true logfailedtests=true threadid=0 logtestlistenerevents=false formatter=org.apache.tools.ant.taskdefs.optional.junit.XMLJUnitResultFormatter,/home/travis/build/icyphy/ptII/reports/junit/TEST-ptolemy.actor.lib.test.junit.JUnitTclTest.xml crashfile=/home/travis/build/icyphy/ptII/junitvmwatcher3897236915232123932.properties propsfile=/home/travis/build/icyphy/ptII/junit10846139882691368464.properties" />
    <property name="env.COMPOSER_NO_INTERACTION" value="1" />
    <property name="env.MANPATH" value="/home/travis/.nvm/versions/node/v7.10.1/share/man:/home/travis/.rvm/rubies/ruby-2.5.3/share/man:/usr/local/cmake-3.12.4/man:/usr/local/clang-7.0.0/share/man:/usr/local/man:/usr/local/share/man:/usr/share/man:/home/travis/.rvm/man" />
    <property name="env.TRAVIS_TIMER_ID" value="1e35bd40" />
    <property name="ant.file" value="/home/travis/build/icyphy/ptII/build.xml" />
    <property name="env.TRAVIS_COMMIT_RANGE" value="fcbd8b5a68c760c19c82e52584d805fab600307d...b6de4a29689c219dd7cbcef974805eca11f91674" />
    <property name="env._system_name" value="Ubuntu" />
    <property name="ptII.classpath.optional.property" value="/home/travis/build/icyphy/ptII/lib/bsh-2.0b4.jar:/home/travis/build/icyphy/ptII/lib/ptCal.jar:/home/travis/build/icyphy/ptII/lib/java_cup.jar:/home/travis/build/icyphy/ptII/lib/saxon8.jar:/home/travis/build/icyphy/ptII/lib/saxon8-dom.jar:/home/travis/build/icyphy/ptII/lib/chic.jar:/home/travis/build/icyphy/ptII/lib/ptcolt.jar:/home/travis/build/icyphy/ptII/vendors/misc/itext/iText.jar:/home/travis/build/icyphy/ptII/lib/g4ltl.jar:/home/travis/build/icyphy/ptII/lib/StructuralCoder.jar:/home/travis/build/icyphy/ptII/vendors/jai-1_1_2_01/lib/jai_core.jar:/home/travis/build/icyphy/ptII/vendors/jai-1_1_2_01/lib/jai_codec.jar:/home/travis/build/icyphy/ptII/lib/jcerti.jar:/home/travis/build/icyphy/ptII/lib/javax.mail.jar:/home/travis/build/icyphy/ptII/vendors/JMF-2.1.1e/lib/jmf.jar:/home/travis/build/icyphy/ptII/lib/jna-4.0.0-variadic.jar:/home/travis/build/icyphy/ptII/vendors/misc/joystick/Joystick.jar:/home/travis/build/icyphy/ptII/lib/ptjacl.jar:/home/travis/build/icyphy/ptII/lib/jsoup-1.8.2.jar:/home/travis/build/icyphy/ptII/lib/junit-4.8.2.jar:/home/travis/build/icyphy/ptII/lib/JUnitParams-0.4.0.jar:/home/travis/build/icyphy/ptII/ptolemy/actor/lib/excel/jxl.jar:/home/travis/build/icyphy/ptII/lib/jython.jar:/home/travis/build/icyphy/ptII/lib/kieler.jar:/home/travis/build/icyphy/ptII/vendors/opencv/share/OpenCV/java/opencv-341.jar:/home/travis/build/icyphy/ptII/lib/oscP5.jar:/home/travis/build/icyphy/ptII/lib/nrjavaserial-3.11.0.devel.jar:/home/travis/build/icyphy/ptII/vendors/j3d/lib/j3dcore.jar:/home/travis/build/icyphy/ptII/vendors/j3d/lib/j3dutils.jar:/home/travis/build/icyphy/ptII/vendors/j3d/lib/vecmath.jar:/home/travis/build/icyphy/ptII/ptolemy/distributed/jini/jar/jini-core.jar:/home/travis/build/icyphy/ptII/ptolemy/distributed/jini/jar/jini-ext.jar:/home/travis/build/icyphy/ptII/ptolemy/distributed/jini/jar/sun-util.jar:/home/travis/build/icyphy/ptII/lib/protobuf-java-2.4.1.jar:/home/travis/build/icyphy/ptII/lib/org.eclipse.paho.client.mqttv3.jar:/home/travis/build/icyphy/ptII/lib/mapss.jar:/home/travis/build/icyphy/ptII/ptolemy/actor/ptalon/antlr/antlr.jar:/home/travis/build/icyphy/ptII/lib/JRI.jar:/home/travis/build/icyphy/ptII/lib/commons-lang-2.6.jar:/home/travis/build/icyphy/ptII/lib/commons-logging-1.1.1.jar:/home/travis/build/icyphy/ptII/lib/sootclasses.jar:/home/travis/build/icyphy/ptII/ptolemy/actor/lib/database/mysql-connector-java-5.1.6-bin.jar:/home/travis/build/icyphy/ptII/vendors/misc/sphinx4/sphinx4-data-5prealpha.jar:/home/travis/build/icyphy/ptII/vendors/misc/sphinx4/sphinx4-core-5prealpha.jar:/home/travis/build/icyphy/ptII/lib/PDFRenderer.jar:/home/travis/build/icyphy/ptII/lib/svgSalamander.jar:/home/travis/build/icyphy/ptII/lib/rsyntaxtextarea-2.6.0-SNAPSHOT.jar:/home/travis/build/icyphy/ptII/lib/hazelcast-3.8.2.jar:/home/travis/build/icyphy/ptII/lib/jackson-annotations-2.9.0.jar:/home/travis/build/icyphy/ptII/lib/jackson-core-2.9.3.jar:/home/travis/build/icyphy/ptII/lib/jackson-databind-2.9.3.jar:/home/travis/build/icyphy/ptII/lib/netty-buffer-4.1.19.Final.jar:/home/travis/build/icyphy/ptII/lib/netty-codec-4.1.19.Final.jar:/home/travis/build/icyphy/ptII/lib/netty-codec-dns-4.1.19.Final.jar:/home/travis/build/icyphy/ptII/lib/netty-codec-http-4.1.19.Final.jar:/home/travis/build/icyphy/ptII/lib/netty-codec-http2-4.1.19.Final.jar:/home/travis/build/icyphy/ptII/lib/netty-common-4.1.19.Final.jar:/home/travis/build/icyphy/ptII/lib/netty-handler-4.1.19.Final.jar:/home/travis/build/icyphy/ptII/lib/netty-resolver-4.1.19.Final.jar:/home/travis/build/icyphy/ptII/lib/netty-resolver-dns-4.1.19.Final.jar:/home/travis/build/icyphy/ptII/lib/netty-transport-4.1.19.Final.jar:/home/travis/build/icyphy/ptII/lib/vertx-codegen-3.5.1.jar:/home/travis/build/icyphy/ptII/lib/vertx-core-3.5.2-SNAPSHOT.jar:/home/travis/build/icyphy/ptII/lib/vertx-hazelcast-3.5.1.jar:/home/travis/build/icyphy/ptII/lib/vertx-lang-js-3.5.1.jar:/home/travis/build/icyphy/ptII/lib/vertx-service-proxy-3.5.1.jar:/home/travis/build/icyphy/ptII/lib/vertx-web-3.5.1.jar:/home/travis/build/icyphy/ptII/lib/slf4j-api-1.7.13.jar:/home/travis/build/icyphy/ptII/lib/slf4j-simple-1.7.13.jar:/home/travis/build/icyphy/ptII/lib/webcam-capture-0.3.12.jar:/home/travis/build/icyphy/ptII/lib/bridj-0.7.0.jar:/home/travis/build/icyphy/ptII/lib/xbjlib-1.1.0.nrjavaserial.jar" />
    <property name="timeout" value="2400000" />
    <property name="test.batch" value="**/junit/*.java" />
    <property name="env._" value="/usr/bin/timeout" />
    <property name="java.io.tmpdir" value="/tmp" />
    <property name="user.language" value="en" />
    <property name="env.TRAVIS_INTERNAL_RUBY_REGEX" value="^ruby-(2\.[0-4]\.[0-9]|1\.9\.3)" />
    <property name="env.HISTCONTROL" value="ignoredups:ignorespace" />
    <property name="env.GOROOT" value="/home/travis/.gimme/versions/go1.11.1.linux.amd64" />
    <property name="line.separator" value="&#xa;" />
    <property name="target" value="11" />
    <property name="env.TRAVIS_BUILD_DIR" value="/home/travis/build/icyphy/ptII" />
    <property name="env.ANT_OPTS" value="-Xmx2048m" />
    <property name="ant.file.type" value="file" />
    <property name="ptolemy.ptII.batchMode" value="true" />
    <property name="env.HISTSIZE" value="1000" />
    <property name="env.MERB_ENV" value="test" />
    <property name="java.vm.info" value="mixed mode" />
    <property name="source" value="11" />
    <property name="java.vm.specification.name" value="Java Virtual Machine Specification" />
    <property name="env.TRAVIS_TEST_RESULT" value="0" />
    <property name="jsdoc.command" value="node_modules/@terraswarm/jsdoc/jsdoc.js" />
    <property name="npm.works" value="true" />
    <property name="cobertura.dir" value="/home/travis/build/icyphy/ptII/vendors/cobertura-2.0.3" />
    <property name="env.rvm_path" value="/home/travis/.rvm" />
    <property name="env.GEM_PATH" value="/home/travis/.rvm/gems/ruby-2.5.3:/home/travis/.rvm/gems/ruby-2.5.3@global" />
    <property name="env.LC_CTYPE" value="en_US.UTF-8" />
    <property name="env.TRAVIS_CMD" value="$PTII/bin/ptIITravisBuild.sh $SECONDS" />
    <property name="java.awt.printerjob" value="sun.print.PSPrinterJob" />
    <property name="env.TRAVIS_STACK_NAME" value="sardonyx" />
    <property name="env.TRAVIS_TIMER_START_TIME" value="1561696532505104329" />
    <property name="ant.version" value="Apache Ant(TM) version 1.10.1 compiled on February 2 2017" />
    <property name="ptII.reports" value="/home/travis/build/icyphy/ptII/reports" />
    <property name="env.TRAVIS_STACK_TIMESTAMP" value="2019-03-25 16:16:56 UTC" />
    <property name="ant.file.type.ptII" value="file" />
    <property name="env.RBENV_SHELL" value="bash" />
    <property name="os.name" value="Linux" />
    <property name="java.specification.vendor" value="Oracle Corporation" />
    <property name="env.rvm_version" value="1.29.7 (latest)" />
    <property name="env.TRAVIS_INFRA" value="gce" />
    <property name="env.TERM" value="xterm" />
    <property name="java.vm.name" value="OpenJDK 64-Bit Server VM" />
    <property name="env.TRAVIS_BUILD_NUMBER" value="1186" />
    <property name="env.CI" value="true" />
    <property name="java.library.path" value="/home/travis/pthla/certi-tools/lib:/usr/lib/jni:/usr/local/share/OpenCV/java/:/usr/share/OpenCV/java::/usr/java/packages/lib:/usr/lib64:/lib64:/lib:/usr/lib" />
    <property name="env.rvm_prefix" value="/home/travis" />
    <property name="env.PATH" value="/home/travis/pthla/certi-tools/share/scripts:/home/travis/.rvm/gems/ruby-2.5.3/bin:/home/travis/.rvm/gems/ruby-2.5.3@global/bin:/home/travis/.rvm/rubies/ruby-2.5.3/bin:/home/travis/.rvm/bin:/home/travis/.nvm/versions/node/v7.10.1/bin:./node_modules/.bin:/home/travis/build/icyphy/ptII/bin:/home/travis/pthla/certi-tools/bin:/home/travis/bin:/home/travis/.local/bin:/usr/local/lib/jvm/openjdk11/bin:/opt/pyenv/shims:/home/travis/.phpenv/shims:/home/travis/perl5/perlbrew/bin:/home/travis/gopath/bin:/home/travis/.gimme/versions/go1.11.1.linux.amd64/bin:/usr/local/maven-3.6.0/bin:/usr/local/cmake-3.12.4/bin:/usr/local/clang-7.0.0/bin:/usr/local/sbin:/usr/local/bin:/usr/sbin:/usr/bin:/sbin:/bin:/snap/bin:/home/travis/.phpenv/bin:/opt/pyenv/bin:/home/travis/.yarn/bin" />
    <property name="env.TRAVIS_OS_NAME" value="linux" />
    <property name="ant.java.version" value="9" />
    <property name="basedir" value="/home/travis/build/icyphy/ptII" />
    <property name="java.class.version" value="55.0" />
    <property name="env.SHLVL" value="3" />
    <property name="env.LD_LIBRARY_PATH" value="/home/travis/pthla/certi-tools/lib:/usr/lib/jni:/usr/local/share/OpenCV/java/:/usr/share/OpenCV/java:" />
    <property name="env.RACK_ENV" value="test" />
    <property name="ant.home" value="/home/travis/build/icyphy/ptII/ant" />
    <property name="env.NVM_DIR" value="/home/travis/.nvm" />
    <property name="env.CERTI_FOM_PATH" value="/home/travis/pthla/certi-tools/share/federations" />
    <property name="env.TRAVIS_BUILD_ID" value="551609734" />
    <property name="env.PYENV_ROOT" value="/opt/pyenv" />
    <property name="env.TRAVIS_UID" value="2000" />
    <property name="env.NVM_BIN" value="/home/travis/.nvm/versions/node/v7.10.1/bin" />
    <property name="env.TRAVIS_COMMIT" value="b6de4a29689c219dd7cbcef974805eca11f91674" />
    <property name="env._system_arch" value="x86_64" />
    <property name="node.executable" value="node" />
    <property name="sun.boot.library.path" value="/usr/local/lib/jvm/openjdk11/lib" />
    <property name="sun.management.compiler" value="HotSpot 64-Bit Tiered Compilers" />
    <property name="java.awt.graphicsenv" value="sun.awt.X11GraphicsEnvironment" />
    <property name="env.GOPATH" value="/home/travis/gopath" />
    <property name="ptolemy.ptII.dir" value="/home/travis/build/icyphy/ptII" />
    <property name="env.USER" value="travis" />
    <property name="env.HISTFILESIZE" value="2000" />
    <property name="timeout.longest" value="19000000" />
    <property name="env.PERLBREW_SHELLRC_VERSION" value="0.86" />
    <property name="env.TRAVIS_STACK_FEATURES" value="basic couchdb disabled-ipv6 docker docker-compose elasticsearch firefox go-toolchain google-chrome jdk memcached mongodb mysql nodejs_interpreter perl_interpreter perlbrew phantomjs postgresql python_interpreter redis ruby_interpreter sqlite xserver" />
    <property name="env.TRAVIS_PULL_REQUEST" value="false" />
    <property name="env.PYENV_SHELL" value="bash" />
    <property name="ant.project.name" value="ptII" />
    <property name="env.ANSI_RESET" value="\033[0m" />
    <property name="java.vm.specification.version" value="11" />
    <property name="env.TRAVIS_DIST" value="xenial" />
    <property name="env.CERTI_VERSION" value="4.0.0" />
    <property name="env.CERTI_HOST" value="localhost" />
    <property name="awt.toolkit" value="sun.awt.X11.XToolkit" />
    <property name="env.MY_RUBY_HOME" value="/home/travis/.rvm/rubies/ruby-2.5.3" />
    <property name="sun.cpu.isalist" value="" />
    <property name="env.TRAVIS_TMPDIR" value="/tmp/tmp.dd2m041INH" />
    <property name="java.vm.compressedOopsMode" value="Zero based" />
    <property name="os.version" value="4.15.0-1028-gcp" />
    <property name="user.home" value="/home/travis" />
    <property name="java.vm.vendor" value="Oracle Corporation" />
    <property name="env.TRAVIS_TAG" value="nightly" />
    <property name="env.ANSI_YELLOW" value="\033[33;1m" />
    <property name="env.TRAVIS_FILTERED" value="redirect_io" />
    <property name="env.ANSI_GREEN" value="\033[32;1m" />
    <property name="env.JAVA_HOME" value="/usr/local/lib/jvm/openjdk11" />
    <property name="javadoc.excludepackagenames" value="adm.cvs2svn.*,build.*,config.*,doc.coding.templates.*,jni.test.jni.meaningOfLife.*,jni.test.jni.testDeux.*,jni.test.jni.testTrois.*,org.terraswarm.accessor.accessors.web.node_modules.*,org.terraswarm.accessor.accessors.web.hosts.cordova.demo.*,org.terraswarm.accessor.accessors.web.hosts.cordova.plugins.*,org.terraswarm.accessor.accessors-svn.*,pt-modules.*,ptolemy.apps.agilent.*,ptolemy.apps.anytimecontrol.*,ptolemy.apps.apes.*,ptolemy.apps.charon.*,ptolemy.apps.crazyboard.*,ptolemy.apps.eclipse.*,ptolemy.apps.etherealSting.*,ptolemy.apps.fullscreen.*,ptolemy.apps.giotto.*,ptolemy.apps.ia.*,ptolemy.apps.interfaces.*,ptolemy.apps.jmf.*,ptolemy.apps.kurt.*,ptolemy.apps.kvm.*,ptolemy.apps.lego.*,ptolemy.apps.lejos.*,ptolemy.apps.midp.*,ptolemy.apps.mobileCoding.*,ptolemy.apps.pendulum.*,ptolemy.apps.rijndael.*,ptolemy.apps.robot.*,ptolemy.apps.security.*,ptolemy.apps.sobel.*,ptolemy.apps.soot.*,ptolemy.apps.throttle.*,ptolemy.apps.tini.*,ptolemy.apps.transmission.*,ptolemy.apps.vergil.*,ptolemy.apps.waba.*,ptolemy.apps.websensor.*,ptolemy.apps.webstart.*,ptolemy.apps.xsl.*,ptolemy.apps.zaurus.*,ptolemy.codegen.c.actor.lib.oldJavaFiles.*,ptolemy.codegen.dsp.lib.*,ptolemy.codegen.kernel.newInterfaces.*,ptolemy.codegen.lib.*,ptolemy.copernicus.kernel.fragment.*,ptolemy.copernicus.shallow.cg.*,ptolemy.domains.giotto.demo.Hierarchy.Hierarchy.*,ptolemy.domains.giotto.demo.Multimode.Multimode.*,ptolemy.domains.giotto.demo.Simple.Simple.*,ptolemy.domains.gr.lib.experimental.*,ptolemy.domains.gro.*,ptolemy.domains.pdf.*,ptolemy.domains.ptinyos.demo.Surge.output.*,ptolemy.moml.test.NoPackageActor.java*,ptolemy.plot.adm.*,ptolemy.plot.servlet.*,reports.*,signed.*,src.*,target.*,vendors.*,ptolemy.copernicus.applet.*,ptolemy.media.viewer.*,ptolemy.actor.corba.*,doc.doclets.*,ptolemy.apps.eclipse.awt.*,ptolemy.backtrack.*,ptolemy.backtrack.ast.*,ptolemy.cg.adapter.generic.program.procedural.c.mbed*,ptolemy.homer.*,ptolemy.actor.lib.jjs.modules.audio.*,org.ptolemy.scala.*,diva.util.java2d.svg.*,ptolemy.domains.ptinyos.*,ptolemy.actor.lib.fmi.fmipp.*,,org.terraswarm.accessor.accessors.web.node_modules.*,org.terraswarm.accessor.accessors-svn,ptolemy.apps.*,ptolemy.actor.ptalon.demo.ptinyos.SendAndReceiveCnt.output,ptolemy.actor.ptalon.demo.ptinyos.SenseToLeds.output,ptolemy.domains.ptinyos.demo.CntToLedsAndRfm.output,ptolemy.domains.ptinyos.demo.RfmToLeds.output,ptolemy.domains.ptinyos.demo.SendAndReceiveCnt.output,ptolemy.domains.ptinyos.demo.SenseToLeds.output,ptolemy.actor.lib.jjs.modules.udpSocket.*" />
    <property name="env.PTII" value="/home/travis/build/icyphy/ptII" />
    <property name="env.XDG_SESSION_ID" value="2" />
    <property name="keystore" value="ptKeystore" />
    <property name="env.TRAVIS_COMMIT_MESSAGE" value="Moved csp and doc tests to core6 so that core2 will run to completion." />
    <property name="junit.output.dir" value="/home/travis/build/icyphy/ptII/reports/junit" />
    <property name="npm.return.code" value="0" />
    <property name="user.dir" value="/home/travis/build/icyphy/ptII/ptolemy/actor/lib/test" />
    <property name="env.TRAVIS_NODE_VERSION" value="7" />
    <property name="env.TRAVIS_EVENT_TYPE" value="cron" />
    <property name="env.MAIL" value="/var/mail/travis" />
    <property name="env.PERLBREW_ROOT" value="/home/travis/perl5/perlbrew" />
    <property name="env.PWD" value="/home/travis/build/icyphy/ptII" />
    <property name="timeout.npm" value="45000" />
    <property name="env.TRAVIS_ARCH" value="amd64" />
    <property name="sun.cpu.endian" value="little" />
    <property name="env.PAGER" value="cat" />
    <property name="env.TRAVIS_BUILD_STAGE_NAME" value="Test" />
    <property name="env.PERLBREW_HOME" value="/home/travis/.perlbrew" />
    <property name="java.vm.version" value="11.0.2+9" />
    <property name="env.RAILS_ENV" value="test" />
    <property name="java.class.path" value="/home/travis/.ptolemyII:/home/travis/.ptolemyII/*:/home/travis/build/icyphy/ptII:/home/travis/build/icyphy/ptII/lib/bsh-2.0b4.jar:/home/travis/build/icyphy/ptII/lib/ptCal.jar:/home/travis/build/icyphy/ptII/lib/java_cup.jar:/home/travis/build/icyphy/ptII/lib/saxon8.jar:/home/travis/build/icyphy/ptII/lib/saxon8-dom.jar:/home/travis/build/icyphy/ptII/lib/chic.jar:/home/travis/build/icyphy/ptII/lib/ptcolt.jar:/home/travis/build/icyphy/ptII/vendors/misc/itext/iText.jar:/home/travis/build/icyphy/ptII/lib/g4ltl.jar:/home/travis/build/icyphy/ptII/lib/StructuralCoder.jar:/home/travis/build/icyphy/ptII/vendors/jai-1_1_2_01/lib/jai_core.jar:/home/travis/build/icyphy/ptII/vendors/jai-1_1_2_01/lib/jai_codec.jar:/home/travis/build/icyphy/ptII/lib/jcerti.jar:/home/travis/build/icyphy/ptII/lib/javax.mail.jar:/home/travis/build/icyphy/ptII/vendors/JMF-2.1.1e/lib/jmf.jar:/home/travis/build/icyphy/ptII/lib/jna-4.0.0-variadic.jar:/home/travis/build/icyphy/ptII/vendors/misc/joystick/Joystick.jar:/home/travis/build/icyphy/ptII/lib/ptjacl.jar:/home/travis/build/icyphy/ptII/lib/jsoup-1.8.2.jar:/home/travis/build/icyphy/ptII/lib/junit-4.8.2.jar:/home/travis/build/icyphy/ptII/lib/JUnitParams-0.4.0.jar:/home/travis/build/icyphy/ptII/ptolemy/actor/lib/excel/jxl.jar:/home/travis/build/icyphy/ptII/lib/jython.jar:/home/travis/build/icyphy/ptII/lib/kieler.jar:/home/travis/build/icyphy/ptII/vendors/opencv/share/OpenCV/java/opencv-341.jar:/home/travis/build/icyphy/ptII/lib/oscP5.jar:/home/travis/build/icyphy/ptII/lib/nrjavaserial-3.11.0.devel.jar:/home/travis/build/icyphy/ptII/vendors/j3d/lib/j3dcore.jar:/home/travis/build/icyphy/ptII/vendors/j3d/lib/j3dutils.jar:/home/travis/build/icyphy/ptII/vendors/j3d/lib/vecmath.jar:/home/travis/build/icyphy/ptII/ptolemy/distributed/jini/jar/jini-core.jar:/home/travis/build/icyphy/ptII/ptolemy/distributed/jini/jar/jini-ext.jar:/home/travis/build/icyphy/ptII/ptolemy/distributed/jini/jar/sun-util.jar:/home/travis/build/icyphy/ptII/lib/protobuf-java-2.4.1.jar:/home/travis/build/icyphy/ptII/lib/org.eclipse.paho.client.mqttv3.jar:/home/travis/build/icyphy/ptII/lib/mapss.jar:/home/travis/build/icyphy/ptII/ptolemy/actor/ptalon/antlr/antlr.jar:/home/travis/build/icyphy/ptII/lib/JRI.jar:/home/travis/build/icyphy/ptII/lib/commons-lang-2.6.jar:/home/travis/build/icyphy/ptII/lib/commons-logging-1.1.1.jar:/home/travis/build/icyphy/ptII/lib/sootclasses.jar:/home/travis/build/icyphy/ptII/ptolemy/actor/lib/database/mysql-connector-java-5.1.6-bin.jar:/home/travis/build/icyphy/ptII/vendors/misc/sphinx4/sphinx4-data-5prealpha.jar:/home/travis/build/icyphy/ptII/vendors/misc/sphinx4/sphinx4-core-5prealpha.jar:/home/travis/build/icyphy/ptII/lib/PDFRenderer.jar:/home/travis/build/icyphy/ptII/lib/svgSalamander.jar:/home/travis/build/icyphy/ptII/lib/rsyntaxtextarea-2.6.0-SNAPSHOT.jar:/home/travis/build/icyphy/ptII/lib/hazelcast-3.8.2.jar:/home/travis/build/icyphy/ptII/lib/jackson-annotations-2.9.0.jar:/home/travis/build/icyphy/ptII/lib/jackson-core-2.9.3.jar:/home/travis/build/icyphy/ptII/lib/jackson-databind-2.9.3.jar:/home/travis/build/icyphy/ptII/lib/netty-buffer-4.1.19.Final.jar:/home/travis/build/icyphy/ptII/lib/netty-codec-4.1.19.Final.jar:/home/travis/build/icyphy/ptII/lib/netty-codec-dns-4.1.19.Final.jar:/home/travis/build/icyphy/ptII/lib/netty-codec-http-4.1.19.Final.jar:/home/travis/build/icyphy/ptII/lib/netty-codec-http2-4.1.19.Final.jar:/home/travis/build/icyphy/ptII/lib/netty-common-4.1.19.Final.jar:/home/travis/build/icyphy/ptII/lib/netty-handler-4.1.19.Final.jar:/home/travis/build/icyphy/ptII/lib/netty-resolver-4.1.19.Final.jar:/home/travis/build/icyphy/ptII/lib/netty-resolver-dns-4.1.19.Final.jar:/home/travis/build/icyphy/ptII/lib/netty-transport-4.1.19.Final.jar:/home/travis/build/icyphy/ptII/lib/vertx-codegen-3.5.1.jar:/home/travis/build/icyphy/ptII/lib/vertx-core-3.5.2-SNAPSHOT.jar:/home/travis/build/icyphy/ptII/lib/vertx-hazelcast-3.5.1.jar:/home/travis/build/icyphy/ptII/lib/vertx-lang-js-3.5.1.jar:/home/travis/build/icyphy/ptII/lib/vertx-service-proxy-3.5.1.jar:/home/travis/build/icyphy/ptII/lib/vertx-web-3.5.1.jar:/home/travis/build/icyphy/ptII/lib/slf4j-api-1.7.13.jar:/home/travis/build/icyphy/ptII/lib/slf4j-simple-1.7.13.jar:/home/travis/build/icyphy/ptII/lib/webcam-capture-0.3.12.jar:/home/travis/build/icyphy/ptII/lib/bridj-0.7.0.jar:/home/travis/build/icyphy/ptII/lib/xbjlib-1.1.0.nrjavaserial.jar:/home/travis/build/icyphy/ptII/ptolemy/moml/test:/home/travis/build/icyphy/ptII/ant/lib/ant-launcher.jar:/home/travis/build/icyphy/ptII/ant/lib/ant.jar:/home/travis/build/icyphy/ptII/ant/lib/ant-junit.jar:/home/travis/build/icyphy/ptII/ant/lib/ant-junit4.jar" />
    <property name="ant.library.dir" value="/home/travis/build/icyphy/ptII/ant/lib" />
    <property name="os.arch" value="amd64" />
    <property name="env.CONTINUOUS_INTEGRATION" value="true" />
    <property name="env.TRAVIS_LANGUAGE" value="node_js" />
    <property name="env.TRAVIS_STACK_LANGUAGES" value="__sardonyx__ c c++ clojure cplusplus cpp default generic go groovy java node_js php pure_java python ruby scala" />
    <property name="test.name" value="ptolemy.actor.lib.test.junit.JUnitTclTest" />
    <property name="env.APT_KEY_DONT_WARN_ON_DANGEROUS_USAGE" value="1" />
    <property name="sun.java.launcher" value="SUN_STANDARD" />
    <property name="env.PYTHON_CONFIGURE_OPTS" value="--enable-unicode=ucs4 --with-wide-unicode --enable-shared --enable-ipv6 --enable-loadable-sqlite-extensions --with-computed-gotos" />
    <property name="ant.core.lib" value="/home/travis/build/icyphy/ptII/ant/lib/ant.jar" />
    <property name="java.vm.specification.vendor" value="Oracle Corporation" />
    <property name="env.BCVTB_HOME" value="/home/travis/build/icyphy/ptII/lbnl" />
    <property name="file.separator" value="/" />
    <property name="spotbugs.home" value="/home/travis/build/icyphy/ptII/vendors/spotbugs-3.1.1" />
    <property name="java.runtime.version" value="11.0.2+9" />
    <property name="env.ANSI_CLEAR" value="\033[0K" />
    <property name="env.HAS_JOSH_K_SEAL_OF_APPROVAL" value="true" />
    <property name="env.XDG_RUNTIME_DIR" value="/run/user/2000" />
    <property name="env.TRAVIS_OSX_IMAGE" value="" />
    <property name="env.TRAVIS_JOB_ID" value="551609743" />
    <property name="env.TRAVIS_BRANCH" value="master" />
    <property name="user.country" value="US" />
    <property name="env.CERTI_HOME_TRAVIS" value="/home/travis/pthla/certi-tools" />
    <property name="env.SHELL" value="/bin/bash" />
    <property name="java.maxmemory.large" value="5000m" />
    <property name="model" value="" />
    <property name="env.CASHER_DIR" value="/home/travis/.casher" />
    <property name="env.NVM_CD_FLAGS" value="" />
    <property name="java.vendor.version" value="18.9" />
    <property name="jshint.executable" value="/home/travis/node_modules/jshint/bin/jshint" />
    <property name="env.JRUBY_OPTS" value=" --client -J-XX:+TieredCompilation -J-XX:TieredStopAtLevel=1 -J-Xss2m -Xcompile.invokedynamic=false" />
    <property name="java.vendor" value="Oracle Corporation" />
    <property name="env.TRAVIS_PRE_CHEF_BOOTSTRAP_TIME" value="2019-03-25T16:16:42" />
    <property name="env.TRAVIS_STACK_JOB_BOARD_REGISTER" value="/.job-board-register.yml" />
    <property name="env.ANSI_RED" value="\033[31;1m" />
    <property name="java.specification.version" value="11" />
    <property name="env.IRBRC" value="/home/travis/.rvm/rubies/ruby-2.5.3/.irbrc" />
    <property name="env.TRAVIS" value="true" />
    <property name="sun.arch.data.model" value="64" />
  </properties>
  <testcase classname="ptolemy.util.test.junit.TclTests" name="[0] /home/travis/build/icyphy/ptII/ptolemy/actor/lib/test/AbsoluteValue.tcl (RunTclFile)" time="0.605" />
  <testcase classname="ptolemy.util.test.junit.TclTests" name="[1] /home/travis/build/icyphy/ptII/ptolemy/actor/lib/test/AddSubtract.tcl (RunTclFile)" time="0.122" />
  <testcase classname="ptolemy.util.test.junit.TclTests" name="[2] /home/travis/build/icyphy/ptII/ptolemy/actor/lib/test/Average.tcl (RunTclFile)" time="0.065" />
  <testcase classname="ptolemy.util.test.junit.TclTests" name="[3] /home/travis/build/icyphy/ptII/ptolemy/actor/lib/test/Bernoulli.tcl (RunTclFile)" time="0.022" />
  <testcase classname="ptolemy.util.test.junit.TclTests" name="[4] /home/travis/build/icyphy/ptII/ptolemy/actor/lib/test/Clock.tcl (RunTclFile)" time="0.093" />
  <testcase classname="ptolemy.util.test.junit.TclTests" name="[5] /home/travis/build/icyphy/ptII/ptolemy/actor/lib/test/Commutator.tcl (RunTclFile)" time="0.211" />
  <testcase classname="ptolemy.util.test.junit.TclTests" name="[6] /home/travis/build/icyphy/ptII/ptolemy/actor/lib/test/Const.tcl (RunTclFile)" time="0.163" />
  <testcase classname="ptolemy.util.test.junit.TclTests" name="[7] /home/travis/build/icyphy/ptII/ptolemy/actor/lib/test/CurrentTime.tcl (RunTclFile)" time="0.049" />
  <testcase classname="ptolemy.util.test.junit.TclTests" name="[8] /home/travis/build/icyphy/ptII/ptolemy/actor/lib/test/DB.tcl (RunTclFile)" time="0.023" />
  <testcase classname="ptolemy.util.test.junit.TclTests" name="[9] /home/travis/build/icyphy/ptII/ptolemy/actor/lib/test/DiscreteRandomSource.tcl (RunTclFile)" time="0.037" />
  <testcase classname="ptolemy.util.test.junit.TclTests" name="[10] /home/travis/build/icyphy/ptII/ptolemy/actor/lib/test/Distributor.tcl (RunTclFile)" time="0.073" />
  <testcase classname="ptolemy.util.test.junit.TclTests" name="[11] /home/travis/build/icyphy/ptII/ptolemy/actor/lib/test/Exit.tcl (RunTclFile)" time="0.126" />
  <testcase classname="ptolemy.util.test.junit.TclTests" name="[12] /home/travis/build/icyphy/ptII/ptolemy/actor/lib/test/Expression.tcl (RunTclFile)" time="0.107" />
  <testcase classname="ptolemy.util.test.junit.TclTests" name="[13] /home/travis/build/icyphy/ptII/ptolemy/actor/lib/test/Gaussian.tcl (RunTclFile)" time="0.448" />
  <testcase classname="ptolemy.util.test.junit.TclTests" name="[14] /home/travis/build/icyphy/ptII/ptolemy/actor/lib/test/IIR.tcl (RunTclFile)" time="0.045" />
  <testcase classname="ptolemy.util.test.junit.TclTests" name="[15] /home/travis/build/icyphy/ptII/ptolemy/actor/lib/test/Interpolator.tcl (RunTclFile)" time="0.138" />
  <testcase classname="ptolemy.util.test.junit.TclTests" name="[16] /home/travis/build/icyphy/ptII/ptolemy/actor/lib/test/MathFunction.tcl (RunTclFile)" time="0.087" />
  <testcase classname="ptolemy.util.test.junit.TclTests" name="[17] /home/travis/build/icyphy/ptII/ptolemy/actor/lib/test/Maximum.tcl (RunTclFile)" time="0.045" />
  <testcase classname="ptolemy.util.test.junit.TclTests" name="[18] /home/travis/build/icyphy/ptII/ptolemy/actor/lib/test/Minimum.tcl (RunTclFile)" time="0.036" />
  <testcase classname="ptolemy.util.test.junit.TclTests" name="[19] /home/travis/build/icyphy/ptII/ptolemy/actor/lib/test/MultiplyDivide.tcl (RunTclFile)" time="0.028" />
  <testcase classname="ptolemy.util.test.junit.TclTests" name="[20] /home/travis/build/icyphy/ptII/ptolemy/actor/lib/test/OrderedMerge.tcl (RunTclFile)" time="0.148" />
  <testcase classname="ptolemy.util.test.junit.TclTests" name="[21] /home/travis/build/icyphy/ptII/ptolemy/actor/lib/test/Publisher.tcl (RunTclFile)" time="0.84" />
  <testcase classname="ptolemy.util.test.junit.TclTests" name="[22] /home/travis/build/icyphy/ptII/ptolemy/actor/lib/test/Pulse.tcl (RunTclFile)" time="0.085" />
  <testcase classname="ptolemy.util.test.junit.TclTests" name="[23] /home/travis/build/icyphy/ptII/ptolemy/actor/lib/test/Ramp.tcl (RunTclFile)" time="2.446" />
  <testcase classname="ptolemy.util.test.junit.TclTests" name="[24] /home/travis/build/icyphy/ptII/ptolemy/actor/lib/test/RampContinuous.tcl (RunTclFile)" time="0.021" />
  <testcase classname="ptolemy.util.test.junit.TclTests" name="[25] /home/travis/build/icyphy/ptII/ptolemy/actor/lib/test/RecordAssembler.tcl (RunTclFile)" time="0.025" />
  <testcase classname="ptolemy.util.test.junit.TclTests" name="[26] /home/travis/build/icyphy/ptII/ptolemy/actor/lib/test/RecordDisassembler.tcl (RunTclFile)" time="0.045" />
  <testcase classname="ptolemy.util.test.junit.TclTests" name="[27] /home/travis/build/icyphy/ptII/ptolemy/actor/lib/test/Scale.tcl (RunTclFile)" time="0.032" />
  <testcase classname="ptolemy.util.test.junit.TclTests" name="[28] /home/travis/build/icyphy/ptII/ptolemy/actor/lib/test/SequentialClock.tcl (RunTclFile)" time="0.017" />
  <testcase classname="ptolemy.util.test.junit.TclTests" name="[29] /home/travis/build/icyphy/ptII/ptolemy/actor/lib/test/SetVariable.tcl (RunTclFile)" time="0.03">
    <failure message="Number of failed tests is has increased. expected:&lt;0&gt; but was:&lt;1&gt;" type="junit.framework.AssertionFailedError">junit.framework.AssertionFailedError: Number of failed tests is has increased. expected:&lt;0&gt; but was:&lt;1&gt;
	at ptolemy.util.test.junit.TclTests.RunTclFile(TclTests.java:286)
	at jdk.internal.reflect.GeneratedMethodAccessor19.invoke(Unknown Source)
	at java.base/jdk.internal.reflect.DelegatingMethodAccessorImpl.invoke(DelegatingMethodAccessorImpl.java:43)
	at junitparams.internal.InvokeParameterisedMethod.evaluate(InvokeParameterisedMethod.java:102)
	at junitparams.internal.ParameterisedTestMethodRunner.runMethodInvoker(ParameterisedTestMethodRunner.java:47)
	at junitparams.internal.ParameterisedTestMethodRunner.runTestMethod(ParameterisedTestMethodRunner.java:41)
	at junitparams.internal.ParameterisedTestClassRunner.runParameterisedTest(ParameterisedTestClassRunner.java:143)
	at junitparams.JUnitParamsRunner.runChild(JUnitParamsRunner.java:237)
	at junitparams.JUnitParamsRunner.runChild(JUnitParamsRunner.java:215)
</failure>
  </testcase>
  <testcase classname="ptolemy.util.test.junit.TclTests" name="[30] /home/travis/build/icyphy/ptII/ptolemy/actor/lib/test/Sinewave.tcl (RunTclFile)" time="0.065" />
  <testcase classname="ptolemy.util.test.junit.TclTests" name="[31] /home/travis/build/icyphy/ptII/ptolemy/actor/lib/test/SubscriptionAggregator.tcl (RunTclFile)" time="2.332" />
  <testcase classname="ptolemy.util.test.junit.TclTests" name="[32] /home/travis/build/icyphy/ptII/ptolemy/actor/lib/test/Test.tcl (RunTclFile)" time="0.13" />
  <testcase classname="ptolemy.util.test.junit.TclTests" name="[33] /home/travis/build/icyphy/ptII/ptolemy/actor/lib/test/TestExceptionHandler.tcl (RunTclFile)" time="0.014" />
  <testcase classname="ptolemy.util.test.junit.TclTests" name="[34] /home/travis/build/icyphy/ptII/ptolemy/actor/lib/test/UnionDisassembler.tcl (RunTclFile)" time="0.076" />
  <testcase classname="ptolemy.util.test.junit.TclTests" name="[35] /home/travis/build/icyphy/ptII/ptolemy/actor/lib/test/VariableClock.tcl (RunTclFile)" time="0.024" />
  <testcase classname="ptolemy.util.test.junit.AutoKnownFailedTests" name="[0] /home/travis/build/icyphy/ptII/ptolemy/actor/lib/test/auto/knownFailedTests/PublisherPortToplevelSubscriber.xml (RunModel)" time="0.019" />
  <testcase classname="ptolemy.util.test.junit.AutoKnownFailedTests" name="[1] /home/travis/build/icyphy/ptII/ptolemy/actor/lib/test/auto/knownFailedTests/PublisherSubscriberPortToplevel.xml (RunModel)" time="0.095" />
  <testcase classname="ptolemy.util.test.junit.AutoKnownFailedTests" name="[2] /home/travis/build/icyphy/ptII/ptolemy/actor/lib/test/auto/knownFailedTests/PublisherSubscriptionAggregatorPort.xml (RunModel)" time="0.018" />
  <testcase classname="ptolemy.util.test.junit.AutoKnownFailedTests" name="[3] /home/travis/build/icyphy/ptII/ptolemy/actor/lib/test/auto/knownFailedTests/sizedarray3.xml (RunModel)" time="0.028" />
  <testcase classname="ptolemy.util.test.junit.AutoNameArchTests" name="[0] ThereAreNoAutoArchTests (RunModel)" time="0.005" />
  <testcase classname="ptolemy.util.test.junit.AutoTests" name="[0] /home/travis/build/icyphy/ptII/ptolemy/actor/lib/test/auto/AbsoluteValue.xml (RunModel)" time="0.117" />
  <testcase classname="ptolemy.util.test.junit.AutoTests" name="[1] /home/travis/build/icyphy/ptII/ptolemy/actor/lib/test/auto/AbsoluteValue2.xml (RunModel)" time="0.075" />
  <testcase classname="ptolemy.util.test.junit.AutoTests" name="[2] /home/travis/build/icyphy/ptII/ptolemy/actor/lib/test/auto/Accumulator.xml (RunModel)" time="0.07" />
  <testcase classname="ptolemy.util.test.junit.AutoTests" name="[3] /home/travis/build/icyphy/ptII/ptolemy/actor/lib/test/auto/Accumulator2.xml (RunModel)" time="0.058" />
  <testcase classname="ptolemy.util.test.junit.AutoTests" name="[4] /home/travis/build/icyphy/ptII/ptolemy/actor/lib/test/auto/Accumulator3.xml (RunModel)" time="0.011" />
  <testcase classname="ptolemy.util.test.junit.AutoTests" name="[5] /home/travis/build/icyphy/ptII/ptolemy/actor/lib/test/auto/ArrayAppend.xml (RunModel)" time="0.029" />
  <testcase classname="ptolemy.util.test.junit.AutoTests" name="[6] /home/travis/build/icyphy/ptII/ptolemy/actor/lib/test/auto/ArrayAppend2.xml (RunModel)" time="0.393" />
  <testcase classname="ptolemy.util.test.junit.AutoTests" name="[7] /home/travis/build/icyphy/ptII/ptolemy/actor/lib/test/auto/ArrayAppend3.xml (RunModel)" time="0.023" />
  <testcase classname="ptolemy.util.test.junit.AutoTests" name="[8] /home/travis/build/icyphy/ptII/ptolemy/actor/lib/test/auto/ArrayAppend4.xml (RunModel)" time="0.023" />
  <testcase classname="ptolemy.util.test.junit.AutoTests" name="[9] /home/travis/build/icyphy/ptII/ptolemy/actor/lib/test/auto/ArrayAppend5.xml (RunModel)" time="0.094" />
  <testcase classname="ptolemy.util.test.junit.AutoTests" name="[10] /home/travis/build/icyphy/ptII/ptolemy/actor/lib/test/auto/ArrayAppend6.xml (RunModel)" time="0.026" />
  <testcase classname="ptolemy.util.test.junit.AutoTests" name="[11] /home/travis/build/icyphy/ptII/ptolemy/actor/lib/test/auto/ArrayAppendPerformanceTest.xml (RunModel)" time="0.072" />
  <testcase classname="ptolemy.util.test.junit.AutoTests" name="[12] /home/travis/build/icyphy/ptII/ptolemy/actor/lib/test/auto/ArrayAppendWithEmptyInput.xml (RunModel)" time="0.064" />
  <testcase classname="ptolemy.util.test.junit.AutoTests" name="[13] /home/travis/build/icyphy/ptII/ptolemy/actor/lib/test/auto/ArrayAverage.xml (RunModel)" time="0.062" />
  <testcase classname="ptolemy.util.test.junit.AutoTests" name="[14] /home/travis/build/icyphy/ptII/ptolemy/actor/lib/test/auto/ArrayContains.xml (RunModel)" time="0.041" />
  <testcase classname="ptolemy.util.test.junit.AutoTests" name="[15] /home/travis/build/icyphy/ptII/ptolemy/actor/lib/test/auto/ArrayElement.xml (RunModel)" time="0.036" />
  <testcase classname="ptolemy.util.test.junit.AutoTests" name="[16] /home/travis/build/icyphy/ptII/ptolemy/actor/lib/test/auto/ArrayElementAsMatrix.xml (RunModel)" time="0.072" />
  <testcase classname="ptolemy.util.test.junit.AutoTests" name="[17] /home/travis/build/icyphy/ptII/ptolemy/actor/lib/test/auto/ArrayElementI.xml (RunModel)" time="0.026" />
  <testcase classname="ptolemy.util.test.junit.AutoTests" name="[18] /home/travis/build/icyphy/ptII/ptolemy/actor/lib/test/auto/ArrayExtract.xml (RunModel)" time="0.046" />
  <testcase classname="ptolemy.util.test.junit.AutoTests" name="[19] /home/travis/build/icyphy/ptII/ptolemy/actor/lib/test/auto/ArrayExtract2.xml (RunModel)" time="0.022" />
  <testcase classname="ptolemy.util.test.junit.AutoTests" name="[20] /home/travis/build/icyphy/ptII/ptolemy/actor/lib/test/auto/ArrayLength.xml (RunModel)" time="0.024" />
  <testcase classname="ptolemy.util.test.junit.AutoTests" name="[21] /home/travis/build/icyphy/ptII/ptolemy/actor/lib/test/auto/ArrayLevelCrossing.xml (RunModel)" time="0.031" />
  <testcase classname="ptolemy.util.test.junit.AutoTests" name="[22] /home/travis/build/icyphy/ptII/ptolemy/actor/lib/test/auto/ArrayLevelCrossing2.xml (RunModel)" time="0.027" />
  <testcase classname="ptolemy.util.test.junit.AutoTests" name="[23] /home/travis/build/icyphy/ptII/ptolemy/actor/lib/test/auto/ArrayPeakSearch.xml (RunModel)" time="0.051" />
  <testcase classname="ptolemy.util.test.junit.AutoTests" name="[24] /home/travis/build/icyphy/ptII/ptolemy/actor/lib/test/auto/ArrayPeakSearch2.xml (RunModel)" time="0.037" />
  <testcase classname="ptolemy.util.test.junit.AutoTests" name="[25] /home/travis/build/icyphy/ptII/ptolemy/actor/lib/test/auto/ArrayPeakSearch3.xml (RunModel)" time="0.029" />
  <testcase classname="ptolemy.util.test.junit.AutoTests" name="[26] /home/travis/build/icyphy/ptII/ptolemy/actor/lib/test/auto/ArrayRemoveElement.xml (RunModel)" time="0.024" />
  <testcase classname="ptolemy.util.test.junit.AutoTests" name="[27] /home/travis/build/icyphy/ptII/ptolemy/actor/lib/test/auto/ArraySort.xml (RunModel)" time="0.029" />
  <testcase classname="ptolemy.util.test.junit.AutoTests" name="[28] /home/travis/build/icyphy/ptII/ptolemy/actor/lib/test/auto/ArraySum.xml (RunModel)" time="0.019" />
  <testcase classname="ptolemy.util.test.junit.AutoTests" name="[29] /home/travis/build/icyphy/ptII/ptolemy/actor/lib/test/auto/ArrayToElements.xml (RunModel)" time="0.023" />
  <testcase classname="ptolemy.util.test.junit.AutoTests" name="[30] /home/travis/build/icyphy/ptII/ptolemy/actor/lib/test/auto/ArrayToMatrix.xml (RunModel)" time="0.068" />
  <testcase classname="ptolemy.util.test.junit.AutoTests" name="[31] /home/travis/build/icyphy/ptII/ptolemy/actor/lib/test/auto/ArrayUpdate1.xml (RunModel)" time="0.025" />
  <testcase classname="ptolemy.util.test.junit.AutoTests" name="[32] /home/travis/build/icyphy/ptII/ptolemy/actor/lib/test/auto/ArrayUpdate2.xml (RunModel)" time="0.036" />
  <testcase classname="ptolemy.util.test.junit.AutoTests" name="[33] /home/travis/build/icyphy/ptII/ptolemy/actor/lib/test/auto/ArrayUpdate3.xml (RunModel)" time="0.022" />
  <testcase classname="ptolemy.util.test.junit.AutoTests" name="[34] /home/travis/build/icyphy/ptII/ptolemy/actor/lib/test/auto/Assert1.xml (RunModel)" time="0.027" />
  <testcase classname="ptolemy.util.test.junit.AutoTests" name="[35] /home/travis/build/icyphy/ptII/ptolemy/actor/lib/test/auto/Assert2.xml (RunModel)" time="0.021" />
  <testcase classname="ptolemy.util.test.junit.AutoTests" name="[36] /home/travis/build/icyphy/ptII/ptolemy/actor/lib/test/auto/BooleanMultiplexor.xml (RunModel)" time="0.017" />
  <testcase classname="ptolemy.util.test.junit.AutoTests" name="[37] /home/travis/build/icyphy/ptII/ptolemy/actor/lib/test/auto/BooleanMultiplexor2.xml (RunModel)" time="0.03" />
  <testcase classname="ptolemy.util.test.junit.AutoTests" name="[38] /home/travis/build/icyphy/ptII/ptolemy/actor/lib/test/auto/BooleanMultiplexor3.xml (RunModel)" time="0.017" />
  <testcase classname="ptolemy.util.test.junit.AutoTests" name="[39] /home/travis/build/icyphy/ptII/ptolemy/actor/lib/test/auto/BooleanSelect.xml (RunModel)" time="0.03" />
  <testcase classname="ptolemy.util.test.junit.AutoTests" name="[40] /home/travis/build/icyphy/ptII/ptolemy/actor/lib/test/auto/BooleanSelect2.xml (RunModel)" time="0.02" />
  <testcase classname="ptolemy.util.test.junit.AutoTests" name="[41] /home/travis/build/icyphy/ptII/ptolemy/actor/lib/test/auto/BooleanSwitch.xml (RunModel)" time="0.03" />
  <testcase classname="ptolemy.util.test.junit.AutoTests" name="[42] /home/travis/build/icyphy/ptII/ptolemy/actor/lib/test/auto/BooleanSwitch2.xml (RunModel)" time="0.026" />
  <testcase classname="ptolemy.util.test.junit.AutoTests" name="[43] /home/travis/build/icyphy/ptII/ptolemy/actor/lib/test/auto/BooleanSwitchCloningBugWithClassRelationGroup.xml (RunModel)" time="0.039" />
  <testcase classname="ptolemy.util.test.junit.AutoTests" name="[44] /home/travis/build/icyphy/ptII/ptolemy/actor/lib/test/auto/BusActors.xml (RunModel)" time="0.051" />
  <testcase classname="ptolemy.util.test.junit.AutoTests" name="[45] /home/travis/build/icyphy/ptII/ptolemy/actor/lib/test/auto/ClassWrapper.xml (RunModel)" time="0.026" />
  <testcase classname="ptolemy.util.test.junit.AutoTests" name="[46] /home/travis/build/icyphy/ptII/ptolemy/actor/lib/test/auto/Clock.xml (RunModel)" time="0.012" />
  <testcase classname="ptolemy.util.test.junit.AutoTests" name="[47] /home/travis/build/icyphy/ptII/ptolemy/actor/lib/test/auto/Clock10.xml (RunModel)" time="0.029" />
  <testcase classname="ptolemy.util.test.junit.AutoTests" name="[48] /home/travis/build/icyphy/ptII/ptolemy/actor/lib/test/auto/Clock11.xml (RunModel)" time="0.024" />
  <testcase classname="ptolemy.util.test.junit.AutoTests" name="[49] /home/travis/build/icyphy/ptII/ptolemy/actor/lib/test/auto/Clock12.xml (RunModel)" time="0.016" />
  <testcase classname="ptolemy.util.test.junit.AutoTests" name="[50] /home/travis/build/icyphy/ptII/ptolemy/actor/lib/test/auto/Clock13.xml (RunModel)" time="0.015" />
  <testcase classname="ptolemy.util.test.junit.AutoTests" name="[51] /home/travis/build/icyphy/ptII/ptolemy/actor/lib/test/auto/Clock14.xml (RunModel)" time="0.015" />
  <testcase classname="ptolemy.util.test.junit.AutoTests" name="[52] /home/travis/build/icyphy/ptII/ptolemy/actor/lib/test/auto/Clock15.xml (RunModel)" time="0.014" />
  <testcase classname="ptolemy.util.test.junit.AutoTests" name="[53] /home/travis/build/icyphy/ptII/ptolemy/actor/lib/test/auto/Clock16.xml (RunModel)" time="0.096" />
  <testcase classname="ptolemy.util.test.junit.AutoTests" name="[54] /home/travis/build/icyphy/ptII/ptolemy/actor/lib/test/auto/Clock17.xml (RunModel)" time="0.064" />
  <testcase classname="ptolemy.util.test.junit.AutoTests" name="[55] /home/travis/build/icyphy/ptII/ptolemy/actor/lib/test/auto/Clock18.xml (RunModel)" time="0.051" />
  <testcase classname="ptolemy.util.test.junit.AutoTests" name="[56] /home/travis/build/icyphy/ptII/ptolemy/actor/lib/test/auto/Clock19.xml (RunModel)" time="0.043" />
  <testcase classname="ptolemy.util.test.junit.AutoTests" name="[57] /home/travis/build/icyphy/ptII/ptolemy/actor/lib/test/auto/Clock2.xml (RunModel)" time="0.014" />
  <testcase classname="ptolemy.util.test.junit.AutoTests" name="[58] /home/travis/build/icyphy/ptII/ptolemy/actor/lib/test/auto/Clock20.xml (RunModel)" time="0.021" />
  <testcase classname="ptolemy.util.test.junit.AutoTests" name="[59] /home/travis/build/icyphy/ptII/ptolemy/actor/lib/test/auto/Clock21.xml (RunModel)" time="0.018" />
  <testcase classname="ptolemy.util.test.junit.AutoTests" name="[60] /home/travis/build/icyphy/ptII/ptolemy/actor/lib/test/auto/Clock22.xml (RunModel)" time="0.017" />
  <testcase classname="ptolemy.util.test.junit.AutoTests" name="[61] /home/travis/build/icyphy/ptII/ptolemy/actor/lib/test/auto/Clock23.xml (RunModel)" time="0.02" />
  <testcase classname="ptolemy.util.test.junit.AutoTests" name="[62] /home/travis/build/icyphy/ptII/ptolemy/actor/lib/test/auto/Clock24.xml (RunModel)" time="0.019" />
  <testcase classname="ptolemy.util.test.junit.AutoTests" name="[63] /home/travis/build/icyphy/ptII/ptolemy/actor/lib/test/auto/Clock4.xml (RunModel)" time="0.012" />
  <testcase classname="ptolemy.util.test.junit.AutoTests" name="[64] /home/travis/build/icyphy/ptII/ptolemy/actor/lib/test/auto/Clock5.xml (RunModel)" time="0.012" />
  <testcase classname="ptolemy.util.test.junit.AutoTests" name="[65] /home/travis/build/icyphy/ptII/ptolemy/actor/lib/test/auto/Clock6.xml (RunModel)" time="0.011" />
  <testcase classname="ptolemy.util.test.junit.AutoTests" name="[66] /home/travis/build/icyphy/ptII/ptolemy/actor/lib/test/auto/Clock7.xml (RunModel)" time="0.01" />
  <testcase classname="ptolemy.util.test.junit.AutoTests" name="[67] /home/travis/build/icyphy/ptII/ptolemy/actor/lib/test/auto/Clock8.xml (RunModel)" time="0.015" />
  <testcase classname="ptolemy.util.test.junit.AutoTests" name="[68] /home/travis/build/icyphy/ptII/ptolemy/actor/lib/test/auto/Clock9.xml (RunModel)" time="0.015" />
  <testcase classname="ptolemy.util.test.junit.AutoTests" name="[69] /home/travis/build/icyphy/ptII/ptolemy/actor/lib/test/auto/CommDistDiscard.xml (RunModel)" time="0.024" />
  <testcase classname="ptolemy.util.test.junit.AutoTests" name="[70] /home/travis/build/icyphy/ptII/ptolemy/actor/lib/test/auto/Commutator.xml (RunModel)" time="0.015" />
  <testcase classname="ptolemy.util.test.junit.AutoTests" name="[71] /home/travis/build/icyphy/ptII/ptolemy/actor/lib/test/auto/Commutator2.xml (RunModel)" time="0.011" />
  <testcase classname="ptolemy.util.test.junit.AutoTests" name="[72] /home/travis/build/icyphy/ptII/ptolemy/actor/lib/test/auto/Commutator3.xml (RunModel)" time="0.011" />
  <testcase classname="ptolemy.util.test.junit.AutoTests" name="[73] /home/travis/build/icyphy/ptII/ptolemy/actor/lib/test/auto/Compare.xml (RunModel)" time="0.02" />
  <testcase classname="ptolemy.util.test.junit.AutoTests" name="[74] /home/travis/build/icyphy/ptII/ptolemy/actor/lib/test/auto/CompareDE.xml (RunModel)" time="0.019" />
  <testcase classname="ptolemy.util.test.junit.AutoTests" name="[75] /home/travis/build/icyphy/ptII/ptolemy/actor/lib/test/auto/ComplexDivide.xml (RunModel)" time="0.008" />
  <testcase classname="ptolemy.util.test.junit.AutoTests" name="[76] /home/travis/build/icyphy/ptII/ptolemy/actor/lib/test/auto/ComputeHistogram.xml (RunModel)" time="0.084" />
  <testcase classname="ptolemy.util.test.junit.AutoTests" name="[77] /home/travis/build/icyphy/ptII/ptolemy/actor/lib/test/auto/ConfigurationSelect.xml (RunModel)" time="0.025" />
  <testcase classname="ptolemy.util.test.junit.AutoTests" name="[78] /home/travis/build/icyphy/ptII/ptolemy/actor/lib/test/auto/ConfigurationSelect2.xml (RunModel)" time="0.015" />
  <testcase classname="ptolemy.util.test.junit.AutoTests" name="[79] /home/travis/build/icyphy/ptII/ptolemy/actor/lib/test/auto/ConfigurationSwitch.xml (RunModel)" time="0.029" />
  <testcase classname="ptolemy.util.test.junit.AutoTests" name="[80] /home/travis/build/icyphy/ptII/ptolemy/actor/lib/test/auto/ConfigurationSwitch2.xml (RunModel)" time="0.025" />
  <testcase classname="ptolemy.util.test.junit.AutoTests" name="[81] /home/travis/build/icyphy/ptII/ptolemy/actor/lib/test/auto/ConfigurationSwitchCloningBugWithClassRelationGroup.xml (RunModel)" time="0.022" />
  <testcase classname="ptolemy.util.test.junit.AutoTests" name="[82] /home/travis/build/icyphy/ptII/ptolemy/actor/lib/test/auto/ConfigurationSwitchSelectSDF.xml (RunModel)" time="0.018" />
  <testcase classname="ptolemy.util.test.junit.AutoTests" name="[83] /home/travis/build/icyphy/ptII/ptolemy/actor/lib/test/auto/ConfigurationSwitchSelectSDF2.xml (RunModel)" time="0.013" />
  <testcase classname="ptolemy.util.test.junit.AutoTests" name="[84] /home/travis/build/icyphy/ptII/ptolemy/actor/lib/test/auto/Const.xml (RunModel)" time="0.007" />
  <testcase classname="ptolemy.util.test.junit.AutoTests" name="[85] /home/travis/build/icyphy/ptII/ptolemy/actor/lib/test/auto/Const2.xml (RunModel)" time="0.01" />
  <testcase classname="ptolemy.util.test.junit.AutoTests" name="[86] /home/travis/build/icyphy/ptII/ptolemy/actor/lib/test/auto/Const3.xml (RunModel)" time="0.005" />
  <testcase classname="ptolemy.util.test.junit.AutoTests" name="[87] /home/travis/build/icyphy/ptII/ptolemy/actor/lib/test/auto/ConstantPublisherPort1.xml (RunModel)" time="0.026" />
  <testcase classname="ptolemy.util.test.junit.AutoTests" name="[88] /home/travis/build/icyphy/ptII/ptolemy/actor/lib/test/auto/ConstantPublisherPort2.xml (RunModel)" time="0.027" />
  <testcase classname="ptolemy.util.test.junit.AutoTests" name="[89] /home/travis/build/icyphy/ptII/ptolemy/actor/lib/test/auto/ConstantPublisherPort3.xml (RunModel)" time="0.022" />
  <testcase classname="ptolemy.util.test.junit.AutoTests" name="[90] /home/travis/build/icyphy/ptII/ptolemy/actor/lib/test/auto/ConstantPublisherPort4.xml (RunModel)" time="0.03" />
  <testcase classname="ptolemy.util.test.junit.AutoTests" name="[91] /home/travis/build/icyphy/ptII/ptolemy/actor/lib/test/auto/ConstantPublisherPort5.xml (RunModel)" time="0.052" />
  <testcase classname="ptolemy.util.test.junit.AutoTests" name="[92] /home/travis/build/icyphy/ptII/ptolemy/actor/lib/test/auto/ConstantPublisherPort6.xml (RunModel)" time="0.034" />
  <testcase classname="ptolemy.util.test.junit.AutoTests" name="[93] /home/travis/build/icyphy/ptII/ptolemy/actor/lib/test/auto/ConstantPublisherPort7.xml (RunModel)" time="0.037" />
  <testcase classname="ptolemy.util.test.junit.AutoTests" name="[94] /home/travis/build/icyphy/ptII/ptolemy/actor/lib/test/auto/ConstraintMonitor1.xml (RunModel)" time="0.044" />
  <testcase classname="ptolemy.util.test.junit.AutoTests" name="[95] /home/travis/build/icyphy/ptII/ptolemy/actor/lib/test/auto/ConstraintMonitor2.xml (RunModel)" time="0.016" />
  <testcase classname="ptolemy.util.test.junit.AutoTests" name="[96] /home/travis/build/icyphy/ptII/ptolemy/actor/lib/test/auto/ConstraintMonitor3.xml (RunModel)" time="0.013" />
  <testcase classname="ptolemy.util.test.junit.AutoTests" name="[97] /home/travis/build/icyphy/ptII/ptolemy/actor/lib/test/auto/ConstraintMonitor4.xml (RunModel)" time="0.015" />
  <testcase classname="ptolemy.util.test.junit.AutoTests" name="[98] /home/travis/build/icyphy/ptII/ptolemy/actor/lib/test/auto/ConstraintMonitor5.xml (RunModel)" time="0.011" />
  <testcase classname="ptolemy.util.test.junit.AutoTests" name="[99] /home/travis/build/icyphy/ptII/ptolemy/actor/lib/test/auto/ConstraintMonitor6.xml (RunModel)" time="0.016" />
  <testcase classname="ptolemy.util.test.junit.AutoTests" name="[100] /home/travis/build/icyphy/ptII/ptolemy/actor/lib/test/auto/ConstraintMonitor7.xml (RunModel)" time="0.027" />
  <testcase classname="ptolemy.util.test.junit.AutoTests" name="[101] /home/travis/build/icyphy/ptII/ptolemy/actor/lib/test/auto/ConstraintMonitor8.xml (RunModel)" time="0.02" />
  <testcase classname="ptolemy.util.test.junit.AutoTests" name="[102] /home/travis/build/icyphy/ptII/ptolemy/actor/lib/test/auto/Counter.xml (RunModel)" time="0.015" />
  <testcase classname="ptolemy.util.test.junit.AutoTests" name="[103] /home/travis/build/icyphy/ptII/ptolemy/actor/lib/test/auto/CurrentTimeSDF.xml (RunModel)" time="0.012" />
  <testcase classname="ptolemy.util.test.junit.AutoTests" name="[104] /home/travis/build/icyphy/ptII/ptolemy/actor/lib/test/auto/DB.xml (RunModel)" time="0.014" />
  <testcase classname="ptolemy.util.test.junit.AutoTests" name="[105] /home/travis/build/icyphy/ptII/ptolemy/actor/lib/test/auto/DBDE.xml (RunModel)" time="0.015" />
  <testcase classname="ptolemy.util.test.junit.AutoTests" name="[106] /home/travis/build/icyphy/ptII/ptolemy/actor/lib/test/auto/DateConstructor.xml (RunModel)" time="0.08" />
  <testcase classname="ptolemy.util.test.junit.AutoTests" name="[107] /home/travis/build/icyphy/ptII/ptolemy/actor/lib/test/auto/DelayTime.xml (RunModel)" time="0.02" />
  <testcase classname="ptolemy.util.test.junit.AutoTests" name="[108] /home/travis/build/icyphy/ptII/ptolemy/actor/lib/test/auto/Dictionary1.xml (RunModel)" time="0.022" />
  <testcase classname="ptolemy.util.test.junit.AutoTests" name="[109] /home/travis/build/icyphy/ptII/ptolemy/actor/lib/test/auto/Dictionary2.xml (RunModel)" time="0.019" />
  <testcase classname="ptolemy.util.test.junit.AutoTests" name="[110] /home/travis/build/icyphy/ptII/ptolemy/actor/lib/test/auto/Dictionary3.xml (RunModel)" time="0.012" />
  <testcase classname="ptolemy.util.test.junit.AutoTests" name="[111] /home/travis/build/icyphy/ptII/ptolemy/actor/lib/test/auto/Dictionary4.xml (RunModel)" time="0.018" />
  <testcase classname="ptolemy.util.test.junit.AutoTests" name="[112] /home/travis/build/icyphy/ptII/ptolemy/actor/lib/test/auto/Differential.xml (RunModel)" time="0.015" />
  <testcase classname="ptolemy.util.test.junit.AutoTests" name="[113] /home/travis/build/icyphy/ptII/ptolemy/actor/lib/test/auto/Director.xml (RunModel)" time="0.012" />
  <testcase classname="ptolemy.util.test.junit.AutoTests" name="[114] /home/travis/build/icyphy/ptII/ptolemy/actor/lib/test/auto/DiscreteClock.xml (RunModel)" time="0.009" />
  <testcase classname="ptolemy.util.test.junit.AutoTests" name="[115] /home/travis/build/icyphy/ptII/ptolemy/actor/lib/test/auto/DiscreteClock10.xml (RunModel)" time="0.012" />
  <testcase classname="ptolemy.util.test.junit.AutoTests" name="[116] /home/travis/build/icyphy/ptII/ptolemy/actor/lib/test/auto/DiscreteClock11.xml (RunModel)" time="0.012" />
  <testcase classname="ptolemy.util.test.junit.AutoTests" name="[117] /home/travis/build/icyphy/ptII/ptolemy/actor/lib/test/auto/DiscreteClock12.xml (RunModel)" time="0.012" />
  <testcase classname="ptolemy.util.test.junit.AutoTests" name="[118] /home/travis/build/icyphy/ptII/ptolemy/actor/lib/test/auto/DiscreteClock13.xml (RunModel)" time="0.016" />
  <testcase classname="ptolemy.util.test.junit.AutoTests" name="[119] /home/travis/build/icyphy/ptII/ptolemy/actor/lib/test/auto/DiscreteClock14.xml (RunModel)" time="0.015" />
  <testcase classname="ptolemy.util.test.junit.AutoTests" name="[120] /home/travis/build/icyphy/ptII/ptolemy/actor/lib/test/auto/DiscreteClock15.xml (RunModel)" time="0.018" />
  <testcase classname="ptolemy.util.test.junit.AutoTests" name="[121] /home/travis/build/icyphy/ptII/ptolemy/actor/lib/test/auto/DiscreteClock16.xml (RunModel)" time="0.064" />
  <testcase classname="ptolemy.util.test.junit.AutoTests" name="[122] /home/travis/build/icyphy/ptII/ptolemy/actor/lib/test/auto/DiscreteClock17.xml (RunModel)" time="0.056" />
  <testcase classname="ptolemy.util.test.junit.AutoTests" name="[123] /home/travis/build/icyphy/ptII/ptolemy/actor/lib/test/auto/DiscreteClock18.xml (RunModel)" time="0.046" />
  <testcase classname="ptolemy.util.test.junit.AutoTests" name="[124] /home/travis/build/icyphy/ptII/ptolemy/actor/lib/test/auto/DiscreteClock19.xml (RunModel)" time="0.055" />
  <testcase classname="ptolemy.util.test.junit.AutoTests" name="[125] /home/travis/build/icyphy/ptII/ptolemy/actor/lib/test/auto/DiscreteClock2.xml (RunModel)" time="0.011" />
  <testcase classname="ptolemy.util.test.junit.AutoTests" name="[126] /home/travis/build/icyphy/ptII/ptolemy/actor/lib/test/auto/DiscreteClock20.xml (RunModel)" time="0.02" />
  <testcase classname="ptolemy.util.test.junit.AutoTests" name="[127] /home/travis/build/icyphy/ptII/ptolemy/actor/lib/test/auto/DiscreteClock21.xml (RunModel)" time="0.017" />
  <testcase classname="ptolemy.util.test.junit.AutoTests" name="[128] /home/travis/build/icyphy/ptII/ptolemy/actor/lib/test/auto/DiscreteClock22.xml (RunModel)" time="0.014" />
  <testcase classname="ptolemy.util.test.junit.AutoTests" name="[129] /home/travis/build/icyphy/ptII/ptolemy/actor/lib/test/auto/DiscreteClock23.xml (RunModel)" time="0.015" />
  <testcase classname="ptolemy.util.test.junit.AutoTests" name="[130] /home/travis/build/icyphy/ptII/ptolemy/actor/lib/test/auto/DiscreteClock24.xml (RunModel)" time="0.014" />
  <testcase classname="ptolemy.util.test.junit.AutoTests" name="[131] /home/travis/build/icyphy/ptII/ptolemy/actor/lib/test/auto/DiscreteClock4.xml (RunModel)" time="0.01" />
  <testcase classname="ptolemy.util.test.junit.AutoTests" name="[132] /home/travis/build/icyphy/ptII/ptolemy/actor/lib/test/auto/DiscreteClock5.xml (RunModel)" time="0.01" />
  <testcase classname="ptolemy.util.test.junit.AutoTests" name="[133] /home/travis/build/icyphy/ptII/ptolemy/actor/lib/test/auto/DiscreteClock6.xml (RunModel)" time="0.009" />
  <testcase classname="ptolemy.util.test.junit.AutoTests" name="[134] /home/travis/build/icyphy/ptII/ptolemy/actor/lib/test/auto/DiscreteClock7.xml (RunModel)" time="0.011" />
  <testcase classname="ptolemy.util.test.junit.AutoTests" name="[135] /home/travis/build/icyphy/ptII/ptolemy/actor/lib/test/auto/DiscreteClock8.xml (RunModel)" time="0.023" />
  <testcase classname="ptolemy.util.test.junit.AutoTests" name="[136] /home/travis/build/icyphy/ptII/ptolemy/actor/lib/test/auto/DiscreteClock9.xml (RunModel)" time="0.013" />
  <testcase classname="ptolemy.util.test.junit.AutoTests" name="[137] /home/travis/build/icyphy/ptII/ptolemy/actor/lib/test/auto/DisplayArray.xml (RunModel)" time="0.009" />
  <testcase classname="ptolemy.util.test.junit.AutoTests" name="[138] /home/travis/build/icyphy/ptII/ptolemy/actor/lib/test/auto/Distributor.xml (RunModel)" time="0.01" />
  <testcase classname="ptolemy.util.test.junit.AutoTests" name="[139] /home/travis/build/icyphy/ptII/ptolemy/actor/lib/test/auto/Distributor2.xml (RunModel)" time="0.013" />
  <testcase classname="ptolemy.util.test.junit.AutoTests" name="[140] /home/travis/build/icyphy/ptII/ptolemy/actor/lib/test/auto/DownSample.xml (RunModel)" time="0.011" />
  <testcase classname="ptolemy.util.test.junit.AutoTests" name="[141] /home/travis/build/icyphy/ptII/ptolemy/actor/lib/test/auto/ElectronicUnitBase1.xml (RunModel)" time="0.086" />
  <testcase classname="ptolemy.util.test.junit.AutoTests" name="[142] /home/travis/build/icyphy/ptII/ptolemy/actor/lib/test/auto/ElementsToArray.xml (RunModel)" time="0.012" />
  <testcase classname="ptolemy.util.test.junit.AutoTests" name="[143] /home/travis/build/icyphy/ptII/ptolemy/actor/lib/test/auto/Equals.xml (RunModel)" time="0.016" />
  <testcase classname="ptolemy.util.test.junit.AutoTests" name="[144] /home/travis/build/icyphy/ptII/ptolemy/actor/lib/test/auto/Exec.xml (RunModel)" time="0.033" />
  <testcase classname="ptolemy.util.test.junit.AutoTests" name="[145] /home/travis/build/icyphy/ptII/ptolemy/actor/lib/test/auto/ExecEnvironment.xml (RunModel)" time="0.041" />
  <testcase classname="ptolemy.util.test.junit.AutoTests" name="[146] /home/travis/build/icyphy/ptII/ptolemy/actor/lib/test/auto/ExecNonZeroReturnOutput.xml (RunModel)" time="0.213" />
  <testcase classname="ptolemy.util.test.junit.AutoTests" name="[147] /home/travis/build/icyphy/ptII/ptolemy/actor/lib/test/auto/ExecRunDemos.xml (RunModel)" time="11.023">
    <error type="java.lang.reflect.InvocationTargetException">java.lang.reflect.InvocationTargetException
	at jdk.internal.reflect.GeneratedConstructorAccessor36.newInstance(Unknown Source)
	at java.base/jdk.internal.reflect.DelegatingConstructorAccessorImpl.newInstance(DelegatingConstructorAccessorImpl.java:45)
	at java.base/java.lang.reflect.Constructor.newInstance(Constructor.java:490)
	at ptolemy.util.test.junit.AutoTests.RunModel(AutoTests.java:193)
	at jdk.internal.reflect.GeneratedMethodAccessor43.invoke(Unknown Source)
	at java.base/jdk.internal.reflect.DelegatingMethodAccessorImpl.invoke(DelegatingMethodAccessorImpl.java:43)
	at junitparams.internal.InvokeParameterisedMethod.evaluate(InvokeParameterisedMethod.java:102)
Caused by: ptolemy.kernel.util.IllegalActionException: Test fails in iteration 0.
Value was: &quot;WARNING: An illegal reflective access operation has occurred\nWARNING: Illegal reflective access by io.netty.util.internal.ReflectionUtil (file:/home/travis/build/icyphy/ptII/lib/netty-common-4.1.19.Final.jar) to constructor java.nio.DirectByteBuffer(long,int)\nWARNING: Please consider reporting this to the maintainers of io.netty.util.internal.ReflectionUtil\nWARNING: Use --illegal-access=warn to enable warnings of further illegal reflective access operations\nWARNING: All illegal access operations will be denied in a future release\n&quot;. Should have been: &quot;&quot;
  in .ExecRunDemos.Test
	at ptolemy.actor.lib.Test.fire(Test.java:268)
	at ptolemy.actor.AtomicActor.iterate(AtomicActor.java:512)
	at ptolemy.actor.sched.StaticSchedulingDirector.fire(StaticSchedulingDirector.java:216)
	at ptolemy.domains.sdf.kernel.SDFDirector.fire(SDFDirector.java:500)
	at ptolemy.actor.CompositeActor.fire(CompositeActor.java:455)
	at ptolemy.actor.Manager.iterate(Manager.java:851)
	at ptolemy.actor.Manager.execute(Manager.java:369)
	at ptolemy.actor.Manager.run(Manager.java:1263)
	at ptolemy.actor.Manager$PtolemyRunThread.run(Manager.java:1915)
</error>
  </testcase>
  <testcase classname="ptolemy.util.test.junit.AutoTests" name="[148] /home/travis/build/icyphy/ptII/ptolemy/actor/lib/test/auto/ExecStop.xml (RunModel)" time="5.032" />
  <testcase classname="ptolemy.util.test.junit.AutoTests" name="[149] /home/travis/build/icyphy/ptII/ptolemy/actor/lib/test/auto/ExecutionTimeSDF.xml (RunModel)" time="6.042" />
  <testcase classname="ptolemy.util.test.junit.AutoTests" name="[150] /home/travis/build/icyphy/ptII/ptolemy/actor/lib/test/auto/Expression1.xml (RunModel)" time="0.019" />
  <testcase classname="ptolemy.util.test.junit.AutoTests" name="[151] /home/travis/build/icyphy/ptII/ptolemy/actor/lib/test/auto/Expression10.xml (RunModel)" time="0.031" />
  <testcase classname="ptolemy.util.test.junit.AutoTests" name="[152] /home/travis/build/icyphy/ptII/ptolemy/actor/lib/test/auto/Expression11.xml (RunModel)" time="0.016" />
  <testcase classname="ptolemy.util.test.junit.AutoTests" name="[153] /home/travis/build/icyphy/ptII/ptolemy/actor/lib/test/auto/Expression12.xml (RunModel)" time="0.019" />
  <testcase classname="ptolemy.util.test.junit.AutoTests" name="[154] /home/travis/build/icyphy/ptII/ptolemy/actor/lib/test/auto/Expression13.xml (RunModel)" time="0.016" />
  <testcase classname="ptolemy.util.test.junit.AutoTests" name="[155] /home/travis/build/icyphy/ptII/ptolemy/actor/lib/test/auto/Expression14.xml (RunModel)" time="0.02" />
  <testcase classname="ptolemy.util.test.junit.AutoTests" name="[156] /home/travis/build/icyphy/ptII/ptolemy/actor/lib/test/auto/Expression15.xml (RunModel)" time="0.008" />
  <testcase classname="ptolemy.util.test.junit.AutoTests" name="[157] /home/travis/build/icyphy/ptII/ptolemy/actor/lib/test/auto/Expression16.xml (RunModel)" time="0.012" />
  <testcase classname="ptolemy.util.test.junit.AutoTests" name="[158] /home/travis/build/icyphy/ptII/ptolemy/actor/lib/test/auto/Expression17.xml (RunModel)" time="0.012" />
  <testcase classname="ptolemy.util.test.junit.AutoTests" name="[159] /home/travis/build/icyphy/ptII/ptolemy/actor/lib/test/auto/Expression18.xml (RunModel)" time="0.013" />
  <testcase classname="ptolemy.util.test.junit.AutoTests" name="[160] /home/travis/build/icyphy/ptII/ptolemy/actor/lib/test/auto/Expression2.xml (RunModel)" time="0.012" />
  <testcase classname="ptolemy.util.test.junit.AutoTests" name="[161] /home/travis/build/icyphy/ptII/ptolemy/actor/lib/test/auto/Expression3.xml (RunModel)" time="0.015" />
  <testcase classname="ptolemy.util.test.junit.AutoTests" name="[162] /home/travis/build/icyphy/ptII/ptolemy/actor/lib/test/auto/Expression4.xml (RunModel)" time="0.021" />
  <testcase classname="ptolemy.util.test.junit.AutoTests" name="[163] /home/travis/build/icyphy/ptII/ptolemy/actor/lib/test/auto/Expression5.xml (RunModel)" time="0.013" />
  <testcase classname="ptolemy.util.test.junit.AutoTests" name="[164] /home/travis/build/icyphy/ptII/ptolemy/actor/lib/test/auto/Expression6.xml (RunModel)" time="0.011" />
  <testcase classname="ptolemy.util.test.junit.AutoTests" name="[165] /home/travis/build/icyphy/ptII/ptolemy/actor/lib/test/auto/Expression7.xml (RunModel)" time="0.013" />
  <testcase classname="ptolemy.util.test.junit.AutoTests" name="[166] /home/travis/build/icyphy/ptII/ptolemy/actor/lib/test/auto/Expression8.xml (RunModel)" time="0.016" />
  <testcase classname="ptolemy.util.test.junit.AutoTests" name="[167] /home/travis/build/icyphy/ptII/ptolemy/actor/lib/test/auto/Expression9.xml (RunModel)" time="0.012" />
  <testcase classname="ptolemy.util.test.junit.AutoTests" name="[168] /home/travis/build/icyphy/ptII/ptolemy/actor/lib/test/auto/ExpressionConcatenateArrayType.xml (RunModel)" time="0.028" />
  <testcase classname="ptolemy.util.test.junit.AutoTests" name="[169] /home/travis/build/icyphy/ptII/ptolemy/actor/lib/test/auto/ExpressionConcatenateArrayType2.xml (RunModel)" time="0.031" />
  <testcase classname="ptolemy.util.test.junit.AutoTests" name="[170] /home/travis/build/icyphy/ptII/ptolemy/actor/lib/test/auto/ExpressionFix.xml (RunModel)" time="0.048" />
  <testcase classname="ptolemy.util.test.junit.AutoTests" name="[171] /home/travis/build/icyphy/ptII/ptolemy/actor/lib/test/auto/ExpressionFix2.xml (RunModel)" time="0.017" />
  <testcase classname="ptolemy.util.test.junit.AutoTests" name="[172] /home/travis/build/icyphy/ptII/ptolemy/actor/lib/test/auto/ExpressionFix3.xml (RunModel)" time="0.015" />
  <testcase classname="ptolemy.util.test.junit.AutoTests" name="[173] /home/travis/build/icyphy/ptII/ptolemy/actor/lib/test/auto/FileWriter1.xml (RunModel)" time="0.011" />
  <testcase classname="ptolemy.util.test.junit.AutoTests" name="[174] /home/travis/build/icyphy/ptII/ptolemy/actor/lib/test/auto/FileWriter2.xml (RunModel)" time="0.013" />
  <testcase classname="ptolemy.util.test.junit.AutoTests" name="[175] /home/travis/build/icyphy/ptII/ptolemy/actor/lib/test/auto/FileWriter3.xml (RunModel)" time="0.015" />
  <testcase classname="ptolemy.util.test.junit.AutoTests" name="[176] /home/travis/build/icyphy/ptII/ptolemy/actor/lib/test/auto/Gaussian.xml (RunModel)" time="0.012" />
  <testcase classname="ptolemy.util.test.junit.AutoTests" name="[177] /home/travis/build/icyphy/ptII/ptolemy/actor/lib/test/auto/Gaussian1.xml (RunModel)" time="0.022" />
  <testcase classname="ptolemy.util.test.junit.AutoTests" name="[178] /home/travis/build/icyphy/ptII/ptolemy/actor/lib/test/auto/Gaussian2.xml (RunModel)" time="0.024" />
  <testcase classname="ptolemy.util.test.junit.AutoTests" name="[179] /home/travis/build/icyphy/ptII/ptolemy/actor/lib/test/auto/GradientAdaptiveLattice.xml (RunModel)" time="0.017" />
  <testcase classname="ptolemy.util.test.junit.AutoTests" name="[180] /home/travis/build/icyphy/ptII/ptolemy/actor/lib/test/auto/IIR.xml (RunModel)" time="0.011" />
  <testcase classname="ptolemy.util.test.junit.AutoTests" name="[181] /home/travis/build/icyphy/ptII/ptolemy/actor/lib/test/auto/InputOutputTransparentPorts.xml (RunModel)" time="0.02" />
  <testcase classname="ptolemy.util.test.junit.AutoTests" name="[182] /home/travis/build/icyphy/ptII/ptolemy/actor/lib/test/auto/Interpolator.xml (RunModel)" time="0.019" />
  <testcase classname="ptolemy.util.test.junit.AutoTests" name="[183] /home/travis/build/icyphy/ptII/ptolemy/actor/lib/test/auto/InterpolatorFiringLimitDE.xml (RunModel)" time="0.015" />
  <testcase classname="ptolemy.util.test.junit.AutoTests" name="[184] /home/travis/build/icyphy/ptII/ptolemy/actor/lib/test/auto/Lattice.xml (RunModel)" time="0.009" />
  <testcase classname="ptolemy.util.test.junit.AutoTests" name="[185] /home/travis/build/icyphy/ptII/ptolemy/actor/lib/test/auto/LazyAOCTestLazy.xml (RunModel)" time="0.029" />
  <testcase classname="ptolemy.util.test.junit.AutoTests" name="[186] /home/travis/build/icyphy/ptII/ptolemy/actor/lib/test/auto/LazyAOCTestNonLazy.xml (RunModel)" time="0.044" />
  <testcase classname="ptolemy.util.test.junit.AutoTests" name="[187] /home/travis/build/icyphy/ptII/ptolemy/actor/lib/test/auto/LazyInnerClass.xml (RunModel)" time="0.028" />
  <testcase classname="ptolemy.util.test.junit.AutoTests" name="[188] /home/travis/build/icyphy/ptII/ptolemy/actor/lib/test/auto/LazyPubSub.xml (RunModel)" time="0.043" />
  <testcase classname="ptolemy.util.test.junit.AutoTests" name="[189] /home/travis/build/icyphy/ptII/ptolemy/actor/lib/test/auto/LazyPubSub2.xml (RunModel)" time="0.067" />
  <testcase classname="ptolemy.util.test.junit.AutoTests" name="[190] /home/travis/build/icyphy/ptII/ptolemy/actor/lib/test/auto/LazyPubSub3.xml (RunModel)" time="0.068" />
  <testcase classname="ptolemy.util.test.junit.AutoTests" name="[191] /home/travis/build/icyphy/ptII/ptolemy/actor/lib/test/auto/LazySubClassModel.xml (RunModel)" time="0.026" />
  <testcase classname="ptolemy.util.test.junit.AutoTests" name="[192] /home/travis/build/icyphy/ptII/ptolemy/actor/lib/test/auto/LevelCrossTest1.xml (RunModel)" time="0.01" />
  <testcase classname="ptolemy.util.test.junit.AutoTests" name="[193] /home/travis/build/icyphy/ptII/ptolemy/actor/lib/test/auto/LevelCrossTest10.xml (RunModel)" time="0.017" />
  <testcase classname="ptolemy.util.test.junit.AutoTests" name="[194] /home/travis/build/icyphy/ptII/ptolemy/actor/lib/test/auto/LevelCrossTest11.xml (RunModel)" time="0.019" />
  <testcase classname="ptolemy.util.test.junit.AutoTests" name="[195] /home/travis/build/icyphy/ptII/ptolemy/actor/lib/test/auto/LevelCrossTest12.xml (RunModel)" time="0.019" />
  <testcase classname="ptolemy.util.test.junit.AutoTests" name="[196] /home/travis/build/icyphy/ptII/ptolemy/actor/lib/test/auto/LevelCrossTest13.xml (RunModel)" time="0.014" />
  <testcase classname="ptolemy.util.test.junit.AutoTests" name="[197] /home/travis/build/icyphy/ptII/ptolemy/actor/lib/test/auto/LevelCrossTest2.xml (RunModel)" time="0.01" />
  <testcase classname="ptolemy.util.test.junit.AutoTests" name="[198] /home/travis/build/icyphy/ptII/ptolemy/actor/lib/test/auto/LevelCrossTest3.xml (RunModel)" time="0.012" />
  <testcase classname="ptolemy.util.test.junit.AutoTests" name="[199] /home/travis/build/icyphy/ptII/ptolemy/actor/lib/test/auto/LevelCrossTest4.xml (RunModel)" time="0.011" />
  <testcase classname="ptolemy.util.test.junit.AutoTests" name="[200] /home/travis/build/icyphy/ptII/ptolemy/actor/lib/test/auto/LevelCrossTest5.xml (RunModel)" time="0.026" />
  <testcase classname="ptolemy.util.test.junit.AutoTests" name="[201] /home/travis/build/icyphy/ptII/ptolemy/actor/lib/test/auto/LevelCrossTest6.xml (RunModel)" time="0.019" />
  <testcase classname="ptolemy.util.test.junit.AutoTests" name="[202] /home/travis/build/icyphy/ptII/ptolemy/actor/lib/test/auto/LevelCrossTest7.xml (RunModel)" time="0.015" />
  <testcase classname="ptolemy.util.test.junit.AutoTests" name="[203] /home/travis/build/icyphy/ptII/ptolemy/actor/lib/test/auto/LevelCrossTest8.xml (RunModel)" time="0.013" />
  <testcase classname="ptolemy.util.test.junit.AutoTests" name="[204] /home/travis/build/icyphy/ptII/ptolemy/actor/lib/test/auto/LevelCrossTest9.xml (RunModel)" time="0.015" />
  <testcase classname="ptolemy.util.test.junit.AutoTests" name="[205] /home/travis/build/icyphy/ptII/ptolemy/actor/lib/test/auto/LevinsonDurbin.xml (RunModel)" time="0.009" />
  <testcase classname="ptolemy.util.test.junit.AutoTests" name="[206] /home/travis/build/icyphy/ptII/ptolemy/actor/lib/test/auto/LevinsonDurbin2.xml (RunModel)" time="0.007" />
  <testcase classname="ptolemy.util.test.junit.AutoTests" name="[207] /home/travis/build/icyphy/ptII/ptolemy/actor/lib/test/auto/LevinsonDurbin3.xml (RunModel)" time="0.014" />
  <testcase classname="ptolemy.util.test.junit.AutoTests" name="[208] /home/travis/build/icyphy/ptII/ptolemy/actor/lib/test/auto/Limiter.xml (RunModel)" time="0.044" />
  <testcase classname="ptolemy.util.test.junit.AutoTests" name="[209] /home/travis/build/icyphy/ptII/ptolemy/actor/lib/test/auto/LinearDifferenceEquationSystem.xml (RunModel)" time="0.022" />
  <testcase classname="ptolemy.util.test.junit.AutoTests" name="[210] /home/travis/build/icyphy/ptII/ptolemy/actor/lib/test/auto/LookupTable.xml (RunModel)" time="0.013" />
  <testcase classname="ptolemy.util.test.junit.AutoTests" name="[211] /home/travis/build/icyphy/ptII/ptolemy/actor/lib/test/auto/MathFunction.xml (RunModel)" time="0.022" />
  <testcase classname="ptolemy.util.test.junit.AutoTests" name="[212] /home/travis/build/icyphy/ptII/ptolemy/actor/lib/test/auto/MathFunction2.xml (RunModel)" time="0.01" />
  <testcase classname="ptolemy.util.test.junit.AutoTests" name="[213] /home/travis/build/icyphy/ptII/ptolemy/actor/lib/test/auto/MathFunction3.xml (RunModel)" time="0.019" />
  <testcase classname="ptolemy.util.test.junit.AutoTests" name="[214] /home/travis/build/icyphy/ptII/ptolemy/actor/lib/test/auto/MatrixCropBoolean.xml (RunModel)" time="0.014" />
  <testcase classname="ptolemy.util.test.junit.AutoTests" name="[215] /home/travis/build/icyphy/ptII/ptolemy/actor/lib/test/auto/MatrixCropComplex.xml (RunModel)" time="0.011" />
  <testcase classname="ptolemy.util.test.junit.AutoTests" name="[216] /home/travis/build/icyphy/ptII/ptolemy/actor/lib/test/auto/MatrixCropDouble.xml (RunModel)" time="0.011" />
  <testcase classname="ptolemy.util.test.junit.AutoTests" name="[217] /home/travis/build/icyphy/ptII/ptolemy/actor/lib/test/auto/MatrixCropFix.xml (RunModel)" time="0.011" />
  <testcase classname="ptolemy.util.test.junit.AutoTests" name="[218] /home/travis/build/icyphy/ptII/ptolemy/actor/lib/test/auto/MatrixCropInt.xml (RunModel)" time="0.011" />
  <testcase classname="ptolemy.util.test.junit.AutoTests" name="[219] /home/travis/build/icyphy/ptII/ptolemy/actor/lib/test/auto/MatrixCropLong.xml (RunModel)" time="0.009" />
  <testcase classname="ptolemy.util.test.junit.AutoTests" name="[220] /home/travis/build/icyphy/ptII/ptolemy/actor/lib/test/auto/MatrixToArray.xml (RunModel)" time="0.057" />
  <testcase classname="ptolemy.util.test.junit.AutoTests" name="[221] /home/travis/build/icyphy/ptII/ptolemy/actor/lib/test/auto/MaxIndex.xml (RunModel)" time="0.014" />
  <testcase classname="ptolemy.util.test.junit.AutoTests" name="[222] /home/travis/build/icyphy/ptII/ptolemy/actor/lib/test/auto/Maximum.xml (RunModel)" time="0.019" />
  <testcase classname="ptolemy.util.test.junit.AutoTests" name="[223] /home/travis/build/icyphy/ptII/ptolemy/actor/lib/test/auto/MaximumComplex.xml (RunModel)" time="0.022" />
  <testcase classname="ptolemy.util.test.junit.AutoTests" name="[224] /home/travis/build/icyphy/ptII/ptolemy/actor/lib/test/auto/MethodCallTest.xml (RunModel)" time="0.022" />
  <testcase classname="ptolemy.util.test.junit.AutoTests" name="[225] /home/travis/build/icyphy/ptII/ptolemy/actor/lib/test/auto/Minimum.xml (RunModel)" time="0.014" />
  <testcase classname="ptolemy.util.test.junit.AutoTests" name="[226] /home/travis/build/icyphy/ptII/ptolemy/actor/lib/test/auto/MinimumComplex.xml (RunModel)" time="0.026" />
  <testcase classname="ptolemy.util.test.junit.AutoTests" name="[227] /home/travis/build/icyphy/ptII/ptolemy/actor/lib/test/auto/MinimumMultiports.xml (RunModel)" time="0.023" />
  <testcase classname="ptolemy.util.test.junit.AutoTests" name="[228] /home/travis/build/icyphy/ptII/ptolemy/actor/lib/test/auto/ModifyDate.xml (RunModel)" time="0.045" />
  <testcase classname="ptolemy.util.test.junit.AutoTests" name="[229] /home/travis/build/icyphy/ptII/ptolemy/actor/lib/test/auto/ModifyDate2.xml (RunModel)" time="0.036" />
  <testcase classname="ptolemy.util.test.junit.AutoTests" name="[230] /home/travis/build/icyphy/ptII/ptolemy/actor/lib/test/auto/MovingAverage.xml (RunModel)" time="0.015" />
  <testcase classname="ptolemy.util.test.junit.AutoTests" name="[231] /home/travis/build/icyphy/ptII/ptolemy/actor/lib/test/auto/MovingMaximum.xml (RunModel)" time="0.012" />
  <testcase classname="ptolemy.util.test.junit.AutoTests" name="[232] /home/travis/build/icyphy/ptII/ptolemy/actor/lib/test/auto/MultipleLinksToSameRelation.xml (RunModel)" time="0.008" />
  <testcase classname="ptolemy.util.test.junit.AutoTests" name="[233] /home/travis/build/icyphy/ptII/ptolemy/actor/lib/test/auto/MultipleLinksToSameRelationDE.xml (RunModel)" time="0.017" />
  <testcase classname="ptolemy.util.test.junit.AutoTests" name="[234] /home/travis/build/icyphy/ptII/ptolemy/actor/lib/test/auto/Multiplexor.xml (RunModel)" time="0.011" />
  <testcase classname="ptolemy.util.test.junit.AutoTests" name="[235] /home/travis/build/icyphy/ptII/ptolemy/actor/lib/test/auto/Multiplexor1.xml (RunModel)" time="0.032" />
  <testcase classname="ptolemy.util.test.junit.AutoTests" name="[236] /home/travis/build/icyphy/ptII/ptolemy/actor/lib/test/auto/Multiplexor2.xml (RunModel)" time="0.014" />
  <testcase classname="ptolemy.util.test.junit.AutoTests" name="[237] /home/travis/build/icyphy/ptII/ptolemy/actor/lib/test/auto/Multiplexor3.xml (RunModel)" time="0.009" />
  <testcase classname="ptolemy.util.test.junit.AutoTests" name="[238] /home/travis/build/icyphy/ptII/ptolemy/actor/lib/test/auto/MultiplexorDE.xml (RunModel)" time="0.02" />
  <testcase classname="ptolemy.util.test.junit.AutoTests" name="[239] /home/travis/build/icyphy/ptII/ptolemy/actor/lib/test/auto/MultiportBroadcastTest.xml (RunModel)" time="0.114" />
  <testcase classname="ptolemy.util.test.junit.AutoTests" name="[240] /home/travis/build/icyphy/ptII/ptolemy/actor/lib/test/auto/MultiportOutHangDuringGetWidth.xml (RunModel)" time="0.034" />
  <testcase classname="ptolemy.util.test.junit.AutoTests" name="[241] /home/travis/build/icyphy/ptII/ptolemy/actor/lib/test/auto/NilToken.xml (RunModel)" time="0.014" />
  <testcase classname="ptolemy.util.test.junit.AutoTests" name="[242] /home/travis/build/icyphy/ptII/ptolemy/actor/lib/test/auto/NilTokenNonStrictTest.xml (RunModel)" time="0.013" />
  <testcase classname="ptolemy.util.test.junit.AutoTests" name="[243] /home/travis/build/icyphy/ptII/ptolemy/actor/lib/test/auto/NilTokenRecord.xml (RunModel)" time="0.024" />
  <testcase classname="ptolemy.util.test.junit.AutoTests" name="[244] /home/travis/build/icyphy/ptII/ptolemy/actor/lib/test/auto/NilTokenTypeTest.xml (RunModel)" time="0.035" />
  <testcase classname="ptolemy.util.test.junit.AutoTests" name="[245] /home/travis/build/icyphy/ptII/ptolemy/actor/lib/test/auto/ObjectToken1.xml (RunModel)" time="0.008" />
  <testcase classname="ptolemy.util.test.junit.AutoTests" name="[246] /home/travis/build/icyphy/ptII/ptolemy/actor/lib/test/auto/OrderedMerge.xml (RunModel)" time="0.022" />
  <testcase classname="ptolemy.util.test.junit.AutoTests" name="[247] /home/travis/build/icyphy/ptII/ptolemy/actor/lib/test/auto/OrderedRecordDisassembler.xml (RunModel)" time="0.02" />
  <testcase classname="ptolemy.util.test.junit.AutoTests" name="[248] /home/travis/build/icyphy/ptII/ptolemy/actor/lib/test/auto/OrderedRecordDisassembler2.xml (RunModel)" time="0.017" />
  <testcase classname="ptolemy.util.test.junit.AutoTests" name="[249] /home/travis/build/icyphy/ptII/ptolemy/actor/lib/test/auto/OrderedRecordUpdater.xml (RunModel)" time="0.011" />
  <testcase classname="ptolemy.util.test.junit.AutoTests" name="[250] /home/travis/build/icyphy/ptII/ptolemy/actor/lib/test/auto/OrderedRecordUpdater2.xml (RunModel)" time="0.019" />
  <testcase classname="ptolemy.util.test.junit.AutoTests" name="[251] /home/travis/build/icyphy/ptII/ptolemy/actor/lib/test/auto/PhaseUnwrap.xml (RunModel)" time="0.014" />
  <testcase classname="ptolemy.util.test.junit.AutoTests" name="[252] /home/travis/build/icyphy/ptII/ptolemy/actor/lib/test/auto/PoissonClock.xml (RunModel)" time="0.01" />
  <testcase classname="ptolemy.util.test.junit.AutoTests" name="[253] /home/travis/build/icyphy/ptII/ptolemy/actor/lib/test/auto/PoissonClock2.xml (RunModel)" time="0.009" />
  <testcase classname="ptolemy.util.test.junit.AutoTests" name="[254] /home/travis/build/icyphy/ptII/ptolemy/actor/lib/test/auto/PoissonClock3.xml (RunModel)" time="0.027" />
  <testcase classname="ptolemy.util.test.junit.AutoTests" name="[255] /home/travis/build/icyphy/ptII/ptolemy/actor/lib/test/auto/PubSubWithInitialTokens.xml (RunModel)" time="0.014" />
  <testcase classname="ptolemy.util.test.junit.AutoTests" name="[256] /home/travis/build/icyphy/ptII/ptolemy/actor/lib/test/auto/PubSubWithInitialTokens2.xml (RunModel)" time="0.014" />
  <testcase classname="ptolemy.util.test.junit.AutoTests" name="[257] /home/travis/build/icyphy/ptII/ptolemy/actor/lib/test/auto/PublisherClassNoParameter.xml (RunModel)" time="0.026" />
  <testcase classname="ptolemy.util.test.junit.AutoTests" name="[258] /home/travis/build/icyphy/ptII/ptolemy/actor/lib/test/auto/PublisherClassParameter.xml (RunModel)" time="0.021" />
  <testcase classname="ptolemy.util.test.junit.AutoTests" name="[259] /home/travis/build/icyphy/ptII/ptolemy/actor/lib/test/auto/PublisherNonStrictTest.xml (RunModel)" time="0.015" />
  <testcase classname="ptolemy.util.test.junit.AutoTests" name="[260] /home/travis/build/icyphy/ptII/ptolemy/actor/lib/test/auto/PublisherPort1.xml (RunModel)" time="0.018" />
  <testcase classname="ptolemy.util.test.junit.AutoTests" name="[261] /home/travis/build/icyphy/ptII/ptolemy/actor/lib/test/auto/PublisherPort2.xml (RunModel)" time="0.009" />
  <testcase classname="ptolemy.util.test.junit.AutoTests" name="[262] /home/travis/build/icyphy/ptII/ptolemy/actor/lib/test/auto/PublisherPort3.xml (RunModel)" time="0.011" />
  <testcase classname="ptolemy.util.test.junit.AutoTests" name="[263] /home/travis/build/icyphy/ptII/ptolemy/actor/lib/test/auto/PublisherPort4.xml (RunModel)" time="0.01" />
  <testcase classname="ptolemy.util.test.junit.AutoTests" name="[264] /home/travis/build/icyphy/ptII/ptolemy/actor/lib/test/auto/PublisherPort5.xml (RunModel)" time="0.013" />
  <testcase classname="ptolemy.util.test.junit.AutoTests" name="[265] /home/travis/build/icyphy/ptII/ptolemy/actor/lib/test/auto/PublisherPort5LookAlike.xml (RunModel)" time="0.018" />
  <testcase classname="ptolemy.util.test.junit.AutoTests" name="[266] /home/travis/build/icyphy/ptII/ptolemy/actor/lib/test/auto/PublisherPort6.xml (RunModel)" time="0.011" />
  <testcase classname="ptolemy.util.test.junit.AutoTests" name="[267] /home/travis/build/icyphy/ptII/ptolemy/actor/lib/test/auto/PublisherPort7.xml (RunModel)" time="0.015" />
  <testcase classname="ptolemy.util.test.junit.AutoTests" name="[268] /home/travis/build/icyphy/ptII/ptolemy/actor/lib/test/auto/PublisherPort8.xml (RunModel)" time="0.025" />
  <testcase classname="ptolemy.util.test.junit.AutoTests" name="[269] /home/travis/build/icyphy/ptII/ptolemy/actor/lib/test/auto/PublisherPortSubscriberChannelVariablesAOC2.xml (RunModel)" time="0.042" />
  <testcase classname="ptolemy.util.test.junit.AutoTests" name="[270] /home/travis/build/icyphy/ptII/ptolemy/actor/lib/test/auto/PublisherPortSubscriberOpaqueWidthInference.xml (RunModel)" time="0.016" />
  <testcase classname="ptolemy.util.test.junit.AutoTests" name="[271] /home/travis/build/icyphy/ptII/ptolemy/actor/lib/test/auto/PublisherPortSubscriberPortAdjacent.xml (RunModel)" time="0.018" />
  <testcase classname="ptolemy.util.test.junit.AutoTests" name="[272] /home/travis/build/icyphy/ptII/ptolemy/actor/lib/test/auto/PublisherPortSubscriberPortExpression.xml (RunModel)" time="0.018" />
  <testcase classname="ptolemy.util.test.junit.AutoTests" name="[273] /home/travis/build/icyphy/ptII/ptolemy/actor/lib/test/auto/PublisherPortSubscriberPortOpaqueD3Reverse.xml (RunModel)" time="0.049" />
  <testcase classname="ptolemy.util.test.junit.AutoTests" name="[274] /home/travis/build/icyphy/ptII/ptolemy/actor/lib/test/auto/PublisherPortSubscriberPortOpaqueWidthInference.xml (RunModel)" time="0.02" />
  <testcase classname="ptolemy.util.test.junit.AutoTests" name="[275] /home/travis/build/icyphy/ptII/ptolemy/actor/lib/test/auto/PublisherPortToplevelSubscriberPortAOC.xml (RunModel)" time="0.012" />
  <testcase classname="ptolemy.util.test.junit.AutoTests" name="[276] /home/travis/build/icyphy/ptII/ptolemy/actor/lib/test/auto/PublisherSubscriber.xml (RunModel)" time="0.017" />
  <testcase classname="ptolemy.util.test.junit.AutoTests" name="[277] /home/travis/build/icyphy/ptII/ptolemy/actor/lib/test/auto/PublisherSubscriber10.xml (RunModel)" time="0.022" />
  <testcase classname="ptolemy.util.test.junit.AutoTests" name="[278] /home/travis/build/icyphy/ptII/ptolemy/actor/lib/test/auto/PublisherSubscriber10InitialOutputs.xml (RunModel)" time="0.03" />
  <testcase classname="ptolemy.util.test.junit.AutoTests" name="[279] /home/travis/build/icyphy/ptII/ptolemy/actor/lib/test/auto/PublisherSubscriber11.xml (RunModel)" time="0.017" />
  <testcase classname="ptolemy.util.test.junit.AutoTests" name="[280] /home/travis/build/icyphy/ptII/ptolemy/actor/lib/test/auto/PublisherSubscriber12.xml (RunModel)" time="0.013" />
  <testcase classname="ptolemy.util.test.junit.AutoTests" name="[281] /home/travis/build/icyphy/ptII/ptolemy/actor/lib/test/auto/PublisherSubscriber13.xml (RunModel)" time="0.01" />
  <testcase classname="ptolemy.util.test.junit.AutoTests" name="[282] /home/travis/build/icyphy/ptII/ptolemy/actor/lib/test/auto/PublisherSubscriber14.xml (RunModel)" time="0.019" />
  <testcase classname="ptolemy.util.test.junit.AutoTests" name="[283] /home/travis/build/icyphy/ptII/ptolemy/actor/lib/test/auto/PublisherSubscriber2.xml (RunModel)" time="0.011" />
  <testcase classname="ptolemy.util.test.junit.AutoTests" name="[284] /home/travis/build/icyphy/ptII/ptolemy/actor/lib/test/auto/PublisherSubscriber3.xml (RunModel)" time="0.012" />
  <testcase classname="ptolemy.util.test.junit.AutoTests" name="[285] /home/travis/build/icyphy/ptII/ptolemy/actor/lib/test/auto/PublisherSubscriber4.xml (RunModel)" time="0.013" />
  <testcase classname="ptolemy.util.test.junit.AutoTests" name="[286] /home/travis/build/icyphy/ptII/ptolemy/actor/lib/test/auto/PublisherSubscriber5.xml (RunModel)" time="0.013" />
  <testcase classname="ptolemy.util.test.junit.AutoTests" name="[287] /home/travis/build/icyphy/ptII/ptolemy/actor/lib/test/auto/PublisherSubscriber6.xml (RunModel)" time="0.017" />
  <testcase classname="ptolemy.util.test.junit.AutoTests" name="[288] /home/travis/build/icyphy/ptII/ptolemy/actor/lib/test/auto/PublisherSubscriber7.xml (RunModel)" time="0.019" />
  <testcase classname="ptolemy.util.test.junit.AutoTests" name="[289] /home/travis/build/icyphy/ptII/ptolemy/actor/lib/test/auto/PublisherSubscriber8.xml (RunModel)" time="0.037" />
  <testcase classname="ptolemy.util.test.junit.AutoTests" name="[290] /home/travis/build/icyphy/ptII/ptolemy/actor/lib/test/auto/PublisherSubscriber9.xml (RunModel)" time="0.015" />
  <testcase classname="ptolemy.util.test.junit.AutoTests" name="[291] /home/travis/build/icyphy/ptII/ptolemy/actor/lib/test/auto/PublisherSubscriberAdjacent.xml (RunModel)" time="0.015" />
  <testcase classname="ptolemy.util.test.junit.AutoTests" name="[292] /home/travis/build/icyphy/ptII/ptolemy/actor/lib/test/auto/PublisherSubscriberChannelVariablesAOC2.xml (RunModel)" time="0.024" />
  <testcase classname="ptolemy.util.test.junit.AutoTests" name="[293] /home/travis/build/icyphy/ptII/ptolemy/actor/lib/test/auto/PublisherSubscriberD3.xml (RunModel)" time="0.012" />
  <testcase classname="ptolemy.util.test.junit.AutoTests" name="[294] /home/travis/build/icyphy/ptII/ptolemy/actor/lib/test/auto/PublisherSubscriberD3Reverse.xml (RunModel)" time="0.011" />
  <testcase classname="ptolemy.util.test.junit.AutoTests" name="[295] /home/travis/build/icyphy/ptII/ptolemy/actor/lib/test/auto/PublisherSubscriberExpression.xml (RunModel)" time="0.018" />
  <testcase classname="ptolemy.util.test.junit.AutoTests" name="[296] /home/travis/build/icyphy/ptII/ptolemy/actor/lib/test/auto/PublisherSubscriberOpaque.xml (RunModel)" time="0.015" />
  <testcase classname="ptolemy.util.test.junit.AutoTests" name="[297] /home/travis/build/icyphy/ptII/ptolemy/actor/lib/test/auto/PublisherSubscriberOpaqueD3.xml (RunModel)" time="0.021" />
  <testcase classname="ptolemy.util.test.junit.AutoTests" name="[298] /home/travis/build/icyphy/ptII/ptolemy/actor/lib/test/auto/PublisherSubscriberOpaqueD3Reverse.xml (RunModel)" time="0.023" />
  <testcase classname="ptolemy.util.test.junit.AutoTests" name="[299] /home/travis/build/icyphy/ptII/ptolemy/actor/lib/test/auto/PublisherSubscriberOpaqueWidthInference.xml (RunModel)" time="0.016" />
  <testcase classname="ptolemy.util.test.junit.AutoTests" name="[300] /home/travis/build/icyphy/ptII/ptolemy/actor/lib/test/auto/PublisherTestSubscriber.xml (RunModel)" time="0.014" />
  <testcase classname="ptolemy.util.test.junit.AutoTests" name="[301] /home/travis/build/icyphy/ptII/ptolemy/actor/lib/test/auto/PublisherToplevelSubscriberPortAOC.xml (RunModel)" time="0.01" />
  <testcase classname="ptolemy.util.test.junit.AutoTests" name="[302] /home/travis/build/icyphy/ptII/ptolemy/actor/lib/test/auto/PulseFiringLimitDE.xml (RunModel)" time="0.019" />
  <testcase classname="ptolemy.util.test.junit.AutoTests" name="[303] /home/travis/build/icyphy/ptII/ptolemy/actor/lib/test/auto/Ramp1.xml (RunModel)" time="0.007" />
  <testcase classname="ptolemy.util.test.junit.AutoTests" name="[304] /home/travis/build/icyphy/ptII/ptolemy/actor/lib/test/auto/RampFiringLimitDE.xml (RunModel)" time="0.011" />
  <testcase classname="ptolemy.util.test.junit.AutoTests" name="[305] /home/travis/build/icyphy/ptII/ptolemy/actor/lib/test/auto/RampFiringLimitSDF.xml (RunModel)" time="0.012" />
  <testcase classname="ptolemy.util.test.junit.AutoTests" name="[306] /home/travis/build/icyphy/ptII/ptolemy/actor/lib/test/auto/RandomInteger.xml (RunModel)" time="0.009" />
  <testcase classname="ptolemy.util.test.junit.AutoTests" name="[307] /home/travis/build/icyphy/ptII/ptolemy/actor/lib/test/auto/ReadFile1.xml (RunModel)" time="0.009" />
  <testcase classname="ptolemy.util.test.junit.AutoTests" name="[308] /home/travis/build/icyphy/ptII/ptolemy/actor/lib/test/auto/ReadFile2.xml (RunModel)" time="0.008" />
  <testcase classname="ptolemy.util.test.junit.AutoTests" name="[309] /home/travis/build/icyphy/ptII/ptolemy/actor/lib/test/auto/Reader.xml (RunModel)" time="0.013" />
  <testcase classname="ptolemy.util.test.junit.AutoTests" name="[310] /home/travis/build/icyphy/ptII/ptolemy/actor/lib/test/auto/RecordAssemblerDisplayNameTest.xml (RunModel)" time="3.539" />
  <testcase classname="ptolemy.util.test.junit.AutoTests" name="[311] /home/travis/build/icyphy/ptII/ptolemy/actor/lib/test/auto/RecordAssemblerTypeError.xml (RunModel)" time="0.032" />
  <testcase classname="ptolemy.util.test.junit.AutoTests" name="[312] /home/travis/build/icyphy/ptII/ptolemy/actor/lib/test/auto/RecordDisassember.xml (RunModel)" time="0.011" />
  <testcase classname="ptolemy.util.test.junit.AutoTests" name="[313] /home/travis/build/icyphy/ptII/ptolemy/actor/lib/test/auto/RecordDisassemberDisplayNameTest.xml (RunModel)" time="0.022" />
  <testcase classname="ptolemy.util.test.junit.AutoTests" name="[314] /home/travis/build/icyphy/ptII/ptolemy/actor/lib/test/auto/RecordDisassembler.xml (RunModel)" time="0.009" />
  <testcase classname="ptolemy.util.test.junit.AutoTests" name="[315] /home/travis/build/icyphy/ptII/ptolemy/actor/lib/test/auto/RecordDisassembler2.xml (RunModel)" time="0.01" />
  <testcase classname="ptolemy.util.test.junit.AutoTests" name="[316] /home/travis/build/icyphy/ptII/ptolemy/actor/lib/test/auto/RecordUpdater.xml (RunModel)" time="0.013" />
  <testcase classname="ptolemy.util.test.junit.AutoTests" name="[317] /home/travis/build/icyphy/ptII/ptolemy/actor/lib/test/auto/RecordUpdater2.xml (RunModel)" time="0.009" />
  <testcase classname="ptolemy.util.test.junit.AutoTests" name="[318] /home/travis/build/icyphy/ptII/ptolemy/actor/lib/test/auto/RecursiveLattice.xml (RunModel)" time="0.023" />
  <testcase classname="ptolemy.util.test.junit.AutoTests" name="[319] /home/travis/build/icyphy/ptII/ptolemy/actor/lib/test/auto/Router.xml (RunModel)" time="3.026" />
  <testcase classname="ptolemy.util.test.junit.AutoTests" name="[320] /home/travis/build/icyphy/ptII/ptolemy/actor/lib/test/auto/Router2.xml (RunModel)" time="3.027" />
  <testcase classname="ptolemy.util.test.junit.AutoTests" name="[321] /home/travis/build/icyphy/ptII/ptolemy/actor/lib/test/auto/RunningMaximum.xml (RunModel)" time="0.017" />
  <testcase classname="ptolemy.util.test.junit.AutoTests" name="[322] /home/travis/build/icyphy/ptII/ptolemy/actor/lib/test/auto/RunningMinimum.xml (RunModel)" time="0.019" />
  <testcase classname="ptolemy.util.test.junit.AutoTests" name="[323] /home/travis/build/icyphy/ptII/ptolemy/actor/lib/test/auto/Scale.xml (RunModel)" time="0.012" />
  <testcase classname="ptolemy.util.test.junit.AutoTests" name="[324] /home/travis/build/icyphy/ptII/ptolemy/actor/lib/test/auto/Scale2.xml (RunModel)" time="0.009" />
  <testcase classname="ptolemy.util.test.junit.AutoTests" name="[325] /home/travis/build/icyphy/ptII/ptolemy/actor/lib/test/auto/Scale3.xml (RunModel)" time="0.014" />
  <testcase classname="ptolemy.util.test.junit.AutoTests" name="[326] /home/travis/build/icyphy/ptII/ptolemy/actor/lib/test/auto/ScaleArray.xml (RunModel)" time="0.007" />
  <testcase classname="ptolemy.util.test.junit.AutoTests" name="[327] /home/travis/build/icyphy/ptII/ptolemy/actor/lib/test/auto/ScaleArray2.xml (RunModel)" time="0.008" />
  <testcase classname="ptolemy.util.test.junit.AutoTests" name="[328] /home/travis/build/icyphy/ptII/ptolemy/actor/lib/test/auto/ScaleMatrix.xml (RunModel)" time="0.18" />
  <testcase classname="ptolemy.util.test.junit.AutoTests" name="[329] /home/travis/build/icyphy/ptII/ptolemy/actor/lib/test/auto/Select.xml (RunModel)" time="0.018" />
  <testcase classname="ptolemy.util.test.junit.AutoTests" name="[330] /home/travis/build/icyphy/ptII/ptolemy/actor/lib/test/auto/Select2.xml (RunModel)" time="0.008" />
  <testcase classname="ptolemy.util.test.junit.AutoTests" name="[331] /home/travis/build/icyphy/ptII/ptolemy/actor/lib/test/auto/SequenceToArray2.xml (RunModel)" time="0.134" />
  <testcase classname="ptolemy.util.test.junit.AutoTests" name="[332] /home/travis/build/icyphy/ptII/ptolemy/actor/lib/test/auto/SequentialClock.xml (RunModel)" time="0.012" />
  <testcase classname="ptolemy.util.test.junit.AutoTests" name="[333] /home/travis/build/icyphy/ptII/ptolemy/actor/lib/test/auto/SetVariable.xml (RunModel)" time="0.013" />
  <testcase classname="ptolemy.util.test.junit.AutoTests" name="[334] /home/travis/build/icyphy/ptII/ptolemy/actor/lib/test/auto/SetVariable2.xml (RunModel)" time="0.01" />
  <testcase classname="ptolemy.util.test.junit.AutoTests" name="[335] /home/travis/build/icyphy/ptII/ptolemy/actor/lib/test/auto/SetVariable3.xml (RunModel)" time="0.014" />
  <testcase classname="ptolemy.util.test.junit.AutoTests" name="[336] /home/travis/build/icyphy/ptII/ptolemy/actor/lib/test/auto/SetVariable4.xml (RunModel)" time="0.029" />
  <testcase classname="ptolemy.util.test.junit.AutoTests" name="[337] /home/travis/build/icyphy/ptII/ptolemy/actor/lib/test/auto/SetVariable5.xml (RunModel)" time="0.039" />
  <testcase classname="ptolemy.util.test.junit.AutoTests" name="[338] /home/travis/build/icyphy/ptII/ptolemy/actor/lib/test/auto/Sinewave.xml (RunModel)" time="0.024" />
  <testcase classname="ptolemy.util.test.junit.AutoTests" name="[339] /home/travis/build/icyphy/ptII/ptolemy/actor/lib/test/auto/Sinewave2.xml (RunModel)" time="0.017" />
  <testcase classname="ptolemy.util.test.junit.AutoTests" name="[340] /home/travis/build/icyphy/ptII/ptolemy/actor/lib/test/auto/Sinewave3.xml (RunModel)" time="0.02" />
  <testcase classname="ptolemy.util.test.junit.AutoTests" name="[341] /home/travis/build/icyphy/ptII/ptolemy/actor/lib/test/auto/SingleEvent.xml (RunModel)" time="0.009" />
  <testcase classname="ptolemy.util.test.junit.AutoTests" name="[342] /home/travis/build/icyphy/ptII/ptolemy/actor/lib/test/auto/Sleep.xml (RunModel)" time="6.017" />
  <testcase classname="ptolemy.util.test.junit.AutoTests" name="[343] /home/travis/build/icyphy/ptII/ptolemy/actor/lib/test/auto/SleepMultipleFire.xml (RunModel)" time="1.024" />
  <testcase classname="ptolemy.util.test.junit.AutoTests" name="[344] /home/travis/build/icyphy/ptII/ptolemy/actor/lib/test/auto/StopDE.xml (RunModel)" time="0.015" />
  <testcase classname="ptolemy.util.test.junit.AutoTests" name="[345] /home/travis/build/icyphy/ptII/ptolemy/actor/lib/test/auto/StopSDF.xml (RunModel)" time="0.011" />
  <testcase classname="ptolemy.util.test.junit.AutoTests" name="[346] /home/travis/build/icyphy/ptII/ptolemy/actor/lib/test/auto/StringConstant.xml (RunModel)" time="0.016" />
  <testcase classname="ptolemy.util.test.junit.AutoTests" name="[347] /home/travis/build/icyphy/ptII/ptolemy/actor/lib/test/auto/SubscriberPortInitialValues1.xml (RunModel)" time="0.024" />
  <testcase classname="ptolemy.util.test.junit.AutoTests" name="[348] /home/travis/build/icyphy/ptII/ptolemy/actor/lib/test/auto/SubscriberPortInitialValues13.xml (RunModel)" time="0.027" />
  <testcase classname="ptolemy.util.test.junit.AutoTests" name="[349] /home/travis/build/icyphy/ptII/ptolemy/actor/lib/test/auto/SubscriberPortInitialValues14.xml (RunModel)" time="0.016" />
  <testcase classname="ptolemy.util.test.junit.AutoTests" name="[350] /home/travis/build/icyphy/ptII/ptolemy/actor/lib/test/auto/SubscriberPortInitialValues2.xml (RunModel)" time="0.021" />
  <testcase classname="ptolemy.util.test.junit.AutoTests" name="[351] /home/travis/build/icyphy/ptII/ptolemy/actor/lib/test/auto/SubscriberPortInitialValues3.xml (RunModel)" time="0.022" />
  <testcase classname="ptolemy.util.test.junit.AutoTests" name="[352] /home/travis/build/icyphy/ptII/ptolemy/actor/lib/test/auto/SubscriptionAggregator.xml (RunModel)" time="0.012" />
  <testcase classname="ptolemy.util.test.junit.AutoTests" name="[353] /home/travis/build/icyphy/ptII/ptolemy/actor/lib/test/auto/SubscriptionAggregator2.xml (RunModel)" time="0.013" />
  <testcase classname="ptolemy.util.test.junit.AutoTests" name="[354] /home/travis/build/icyphy/ptII/ptolemy/actor/lib/test/auto/SubscriptionAggregator3.xml (RunModel)" time="0.017" />
  <testcase classname="ptolemy.util.test.junit.AutoTests" name="[355] /home/travis/build/icyphy/ptII/ptolemy/actor/lib/test/auto/SubscriptionAggregatorMultiply.xml (RunModel)" time="0.03" />
  <testcase classname="ptolemy.util.test.junit.AutoTests" name="[356] /home/travis/build/icyphy/ptII/ptolemy/actor/lib/test/auto/SubscriptionAggregatorPortMultiply1.xml (RunModel)" time="0.016" />
  <testcase classname="ptolemy.util.test.junit.AutoTests" name="[357] /home/travis/build/icyphy/ptII/ptolemy/actor/lib/test/auto/Switch.xml (RunModel)" time="0.032" />
  <testcase classname="ptolemy.util.test.junit.AutoTests" name="[358] /home/travis/build/icyphy/ptII/ptolemy/actor/lib/test/auto/Switch2.xml (RunModel)" time="0.012" />
  <testcase classname="ptolemy.util.test.junit.AutoTests" name="[359] /home/travis/build/icyphy/ptII/ptolemy/actor/lib/test/auto/SwitchDE.xml (RunModel)" time="0.013" />
  <testcase classname="ptolemy.util.test.junit.AutoTests" name="[360] /home/travis/build/icyphy/ptII/ptolemy/actor/lib/test/auto/SynchronizerDE.xml (RunModel)" time="0.021" />
  <testcase classname="ptolemy.util.test.junit.AutoTests" name="[361] /home/travis/build/icyphy/ptII/ptolemy/actor/lib/test/auto/Test.xml (RunModel)" time="0.016" />
  <testcase classname="ptolemy.util.test.junit.AutoTests" name="[362] /home/travis/build/icyphy/ptII/ptolemy/actor/lib/test/auto/TestExceptionAttribute1.xml (RunModel)" time="0.014" />
  <testcase classname="ptolemy.util.test.junit.AutoTests" name="[363] /home/travis/build/icyphy/ptII/ptolemy/actor/lib/test/auto/TestExceptionAttribute2.xml (RunModel)" time="0.007" />
  <testcase classname="ptolemy.util.test.junit.AutoTests" name="[364] /home/travis/build/icyphy/ptII/ptolemy/actor/lib/test/auto/TestExceptionAttribute3.xml (RunModel)" time="0.005" />
  <testcase classname="ptolemy.util.test.junit.AutoTests" name="[365] /home/travis/build/icyphy/ptII/ptolemy/actor/lib/test/auto/TestExceptionAttribute4.xml (RunModel)" time="0.006" />
  <testcase classname="ptolemy.util.test.junit.AutoTests" name="[366] /home/travis/build/icyphy/ptII/ptolemy/actor/lib/test/auto/TestExceptionHandler1.xml (RunModel)" time="0.006" />
  <testcase classname="ptolemy.util.test.junit.AutoTests" name="[367] /home/travis/build/icyphy/ptII/ptolemy/actor/lib/test/auto/TestExceptionHandler2.xml (RunModel)" time="0.014" />
  <testcase classname="ptolemy.util.test.junit.AutoTests" name="[368] /home/travis/build/icyphy/ptII/ptolemy/actor/lib/test/auto/TestExceptionHandler3.xml (RunModel)" time="0.006" />
  <testcase classname="ptolemy.util.test.junit.AutoTests" name="[369] /home/travis/build/icyphy/ptII/ptolemy/actor/lib/test/auto/TestExceptionHandler4.xml (RunModel)" time="0.006" />
  <testcase classname="ptolemy.util.test.junit.AutoTests" name="[370] /home/travis/build/icyphy/ptII/ptolemy/actor/lib/test/auto/TestRequireCorrectOrder.xml (RunModel)" time="0.009" />
  <testcase classname="ptolemy.util.test.junit.AutoTests" name="[371] /home/travis/build/icyphy/ptII/ptolemy/actor/lib/test/auto/TestSimple.xml (RunModel)" time="0.006" />
  <testcase classname="ptolemy.util.test.junit.AutoTests" name="[372] /home/travis/build/icyphy/ptII/ptolemy/actor/lib/test/auto/ThrowModelError.xml (RunModel)" time="0.01" />
  <testcase classname="ptolemy.util.test.junit.AutoTests" name="[373] /home/travis/build/icyphy/ptII/ptolemy/actor/lib/test/auto/TimeDelayMicrosteps.xml (RunModel)" time="0.015" />
  <testcase classname="ptolemy.util.test.junit.AutoTests" name="[374] /home/travis/build/icyphy/ptII/ptolemy/actor/lib/test/auto/TimeDelayMicrosteps2.xml (RunModel)" time="0.026" />
  <testcase classname="ptolemy.util.test.junit.AutoTests" name="[375] /home/travis/build/icyphy/ptII/ptolemy/actor/lib/test/auto/TimeDelayMicrosteps3.xml (RunModel)" time="0.019" />
  <testcase classname="ptolemy.util.test.junit.AutoTests" name="[376] /home/travis/build/icyphy/ptII/ptolemy/actor/lib/test/auto/TimeDelayVariableMicrosteps.xml (RunModel)" time="0.012" />
  <testcase classname="ptolemy.util.test.junit.AutoTests" name="[377] /home/travis/build/icyphy/ptII/ptolemy/actor/lib/test/auto/TimeGap.xml (RunModel)" time="0.018" />
  <testcase classname="ptolemy.util.test.junit.AutoTests" name="[378] /home/travis/build/icyphy/ptII/ptolemy/actor/lib/test/auto/TimeGap2.xml (RunModel)" time="0.011" />
  <testcase classname="ptolemy.util.test.junit.AutoTests" name="[379] /home/travis/build/icyphy/ptII/ptolemy/actor/lib/test/auto/TimedSinewave.xml (RunModel)" time="0.052" />
  <testcase classname="ptolemy.util.test.junit.AutoTests" name="[380] /home/travis/build/icyphy/ptII/ptolemy/actor/lib/test/auto/TimedSinewavePhase.xml (RunModel)" time="0.044" />
  <testcase classname="ptolemy.util.test.junit.AutoTests" name="[381] /home/travis/build/icyphy/ptII/ptolemy/actor/lib/test/auto/Timer.xml (RunModel)" time="0.017" />
  <testcase classname="ptolemy.util.test.junit.AutoTests" name="[382] /home/travis/build/icyphy/ptII/ptolemy/actor/lib/test/auto/TriangularDistTestModel.xml (RunModel)" time="0.021" />
  <testcase classname="ptolemy.util.test.junit.AutoTests" name="[383] /home/travis/build/icyphy/ptII/ptolemy/actor/lib/test/auto/TrigFunction.xml (RunModel)" time="0.008" />
  <testcase classname="ptolemy.util.test.junit.AutoTests" name="[384] /home/travis/build/icyphy/ptII/ptolemy/actor/lib/test/auto/TrigFunctionDE.xml (RunModel)" time="0.01" />
  <testcase classname="ptolemy.util.test.junit.AutoTests" name="[385] /home/travis/build/icyphy/ptII/ptolemy/actor/lib/test/auto/TrigFunctionInverse.xml (RunModel)" time="0.008" />
  <testcase classname="ptolemy.util.test.junit.AutoTests" name="[386] /home/travis/build/icyphy/ptII/ptolemy/actor/lib/test/auto/TrigFunctionTan.xml (RunModel)" time="0.006" />
  <testcase classname="ptolemy.util.test.junit.AutoTests" name="[387] /home/travis/build/icyphy/ptII/ptolemy/actor/lib/test/auto/TriggeredClock.xml (RunModel)" time="0.008" />
  <testcase classname="ptolemy.util.test.junit.AutoTests" name="[388] /home/travis/build/icyphy/ptII/ptolemy/actor/lib/test/auto/URLDirectoryReader.xml (RunModel)" time="0.126" />
  <testcase classname="ptolemy.util.test.junit.AutoTests" name="[389] /home/travis/build/icyphy/ptII/ptolemy/actor/lib/test/auto/URLDirectoryReader3.xml (RunModel)" time="1.94" />
  <testcase classname="ptolemy.util.test.junit.AutoTests" name="[390] /home/travis/build/icyphy/ptII/ptolemy/actor/lib/test/auto/UnaryMathFunction.xml (RunModel)" time="0.031" />
  <testcase classname="ptolemy.util.test.junit.AutoTests" name="[391] /home/travis/build/icyphy/ptII/ptolemy/actor/lib/test/auto/Uniform.xml (RunModel)" time="0.012" />
  <testcase classname="ptolemy.util.test.junit.AutoTests" name="[392] /home/travis/build/icyphy/ptII/ptolemy/actor/lib/test/auto/UnionDisassemblerTest.xml (RunModel)" time="0.018" />
  <testcase classname="ptolemy.util.test.junit.AutoTests" name="[393] /home/travis/build/icyphy/ptII/ptolemy/actor/lib/test/auto/UtilityFunctions.xml (RunModel)" time="0.008" />
  <testcase classname="ptolemy.util.test.junit.AutoTests" name="[394] /home/travis/build/icyphy/ptII/ptolemy/actor/lib/test/auto/VariableSleep.xml (RunModel)" time="0.512" />
  <testcase classname="ptolemy.util.test.junit.AutoTests" name="[395] /home/travis/build/icyphy/ptII/ptolemy/actor/lib/test/auto/VectorAssemblerDisassemblerCT.xml (RunModel)" time="0.133" />
  <testcase classname="ptolemy.util.test.junit.AutoTests" name="[396] /home/travis/build/icyphy/ptII/ptolemy/actor/lib/test/auto/VectorAssemblerDisassemblerDE.xml (RunModel)" time="0.021" />
  <testcase classname="ptolemy.util.test.junit.AutoTests" name="[397] /home/travis/build/icyphy/ptII/ptolemy/actor/lib/test/auto/VectorAssemblerDisassemblerSDF.xml (RunModel)" time="0.012" />
  <testcase classname="ptolemy.util.test.junit.AutoTests" name="[398] /home/travis/build/icyphy/ptII/ptolemy/actor/lib/test/auto/WallClockTime.xml (RunModel)" time="1.013" />
  <testcase classname="ptolemy.util.test.junit.AutoTests" name="[399] /home/travis/build/icyphy/ptII/ptolemy/actor/lib/test/auto/WidthTestWithSubscriberPublisher.xml (RunModel)" time="0.061" />
  <testcase classname="ptolemy.util.test.junit.AutoTests" name="[400] /home/travis/build/icyphy/ptII/ptolemy/actor/lib/test/auto/WidthTestWithSubscriberPublisher2.xml (RunModel)" time="0.03" />
  <testcase classname="ptolemy.util.test.junit.AutoTests" name="[401] /home/travis/build/icyphy/ptII/ptolemy/actor/lib/test/auto/WidthTestWithSubscriberPublisher3.xml (RunModel)" time="0.01" />
  <testcase classname="ptolemy.util.test.junit.AutoTests" name="[402] /home/travis/build/icyphy/ptII/ptolemy/actor/lib/test/auto/Writer.xml (RunModel)" time="0.007" />
  <testcase classname="ptolemy.util.test.junit.AutoTests" name="[403] /home/travis/build/icyphy/ptII/ptolemy/actor/lib/test/auto/array.xml (RunModel)" time="0.025" />
  <testcase classname="ptolemy.util.test.junit.AutoTests" name="[404] /home/travis/build/icyphy/ptII/ptolemy/actor/lib/test/auto/array2.xml (RunModel)" time="0.012" />
  <testcase classname="ptolemy.util.test.junit.AutoTests" name="[405] /home/travis/build/icyphy/ptII/ptolemy/actor/lib/test/auto/arrayType.xml (RunModel)" time="0.01" />
  <testcase classname="ptolemy.util.test.junit.AutoTests" name="[406] /home/travis/build/icyphy/ptII/ptolemy/actor/lib/test/auto/arrayType10.xml (RunModel)" time="0.008" />
  <testcase classname="ptolemy.util.test.junit.AutoTests" name="[407] /home/travis/build/icyphy/ptII/ptolemy/actor/lib/test/auto/arrayType11.xml (RunModel)" time="0.008" />
  <testcase classname="ptolemy.util.test.junit.AutoTests" name="[408] /home/travis/build/icyphy/ptII/ptolemy/actor/lib/test/auto/arrayType12.xml (RunModel)" time="0.008" />
  <testcase classname="ptolemy.util.test.junit.AutoTests" name="[409] /home/travis/build/icyphy/ptII/ptolemy/actor/lib/test/auto/arrayType13.xml (RunModel)" time="0.008" />
  <testcase classname="ptolemy.util.test.junit.AutoTests" name="[410] /home/travis/build/icyphy/ptII/ptolemy/actor/lib/test/auto/arrayType14.xml (RunModel)" time="0.008" />
  <testcase classname="ptolemy.util.test.junit.AutoTests" name="[411] /home/travis/build/icyphy/ptII/ptolemy/actor/lib/test/auto/arrayType15.xml (RunModel)" time="0.009" />
  <testcase classname="ptolemy.util.test.junit.AutoTests" name="[412] /home/travis/build/icyphy/ptII/ptolemy/actor/lib/test/auto/arrayType16.xml (RunModel)" time="0.01" />
  <testcase classname="ptolemy.util.test.junit.AutoTests" name="[413] /home/travis/build/icyphy/ptII/ptolemy/actor/lib/test/auto/arrayType17.xml (RunModel)" time="0.009" />
  <testcase classname="ptolemy.util.test.junit.AutoTests" name="[414] /home/travis/build/icyphy/ptII/ptolemy/actor/lib/test/auto/arrayType18.xml (RunModel)" time="0.008" />
  <testcase classname="ptolemy.util.test.junit.AutoTests" name="[415] /home/travis/build/icyphy/ptII/ptolemy/actor/lib/test/auto/arrayType19.xml (RunModel)" time="0.008" />
  <testcase classname="ptolemy.util.test.junit.AutoTests" name="[416] /home/travis/build/icyphy/ptII/ptolemy/actor/lib/test/auto/arrayType2.xml (RunModel)" time="0.008" />
  <testcase classname="ptolemy.util.test.junit.AutoTests" name="[417] /home/travis/build/icyphy/ptII/ptolemy/actor/lib/test/auto/arrayType20.xml (RunModel)" time="0.008" />
  <testcase classname="ptolemy.util.test.junit.AutoTests" name="[418] /home/travis/build/icyphy/ptII/ptolemy/actor/lib/test/auto/arrayType21.xml (RunModel)" time="0.009" />
  <testcase classname="ptolemy.util.test.junit.AutoTests" name="[419] /home/travis/build/icyphy/ptII/ptolemy/actor/lib/test/auto/arrayType22.xml (RunModel)" time="0.008" />
  <testcase classname="ptolemy.util.test.junit.AutoTests" name="[420] /home/travis/build/icyphy/ptII/ptolemy/actor/lib/test/auto/arrayType23.xml (RunModel)" time="0.007" />
  <testcase classname="ptolemy.util.test.junit.AutoTests" name="[421] /home/travis/build/icyphy/ptII/ptolemy/actor/lib/test/auto/arrayType24.xml (RunModel)" time="0.009" />
  <testcase classname="ptolemy.util.test.junit.AutoTests" name="[422] /home/travis/build/icyphy/ptII/ptolemy/actor/lib/test/auto/arrayType25.xml (RunModel)" time="0.009" />
  <testcase classname="ptolemy.util.test.junit.AutoTests" name="[423] /home/travis/build/icyphy/ptII/ptolemy/actor/lib/test/auto/arrayType26.xml (RunModel)" time="0.01" />
  <testcase classname="ptolemy.util.test.junit.AutoTests" name="[424] /home/travis/build/icyphy/ptII/ptolemy/actor/lib/test/auto/arrayType27.xml (RunModel)" time="0.011" />
  <testcase classname="ptolemy.util.test.junit.AutoTests" name="[425] /home/travis/build/icyphy/ptII/ptolemy/actor/lib/test/auto/arrayType28.xml (RunModel)" time="0.01" />
  <testcase classname="ptolemy.util.test.junit.AutoTests" name="[426] /home/travis/build/icyphy/ptII/ptolemy/actor/lib/test/auto/arrayType3.xml (RunModel)" time="0.008" />
  <testcase classname="ptolemy.util.test.junit.AutoTests" name="[427] /home/travis/build/icyphy/ptII/ptolemy/actor/lib/test/auto/arrayType4.xml (RunModel)" time="0.008" />
  <testcase classname="ptolemy.util.test.junit.AutoTests" name="[428] /home/travis/build/icyphy/ptII/ptolemy/actor/lib/test/auto/arrayType5.xml (RunModel)" time="0.021" />
  <testcase classname="ptolemy.util.test.junit.AutoTests" name="[429] /home/travis/build/icyphy/ptII/ptolemy/actor/lib/test/auto/arrayType6.xml (RunModel)" time="0.012" />
  <testcase classname="ptolemy.util.test.junit.AutoTests" name="[430] /home/travis/build/icyphy/ptII/ptolemy/actor/lib/test/auto/arrayType7.xml (RunModel)" time="0.008" />
  <testcase classname="ptolemy.util.test.junit.AutoTests" name="[431] /home/travis/build/icyphy/ptII/ptolemy/actor/lib/test/auto/arrayType8.xml (RunModel)" time="0.014" />
  <testcase classname="ptolemy.util.test.junit.AutoTests" name="[432] /home/travis/build/icyphy/ptII/ptolemy/actor/lib/test/auto/arrayType9.xml (RunModel)" time="0.007" />
  <testcase classname="ptolemy.util.test.junit.AutoTests" name="[433] /home/travis/build/icyphy/ptII/ptolemy/actor/lib/test/auto/cast.xml (RunModel)" time="0.008" />
  <testcase classname="ptolemy.util.test.junit.AutoTests" name="[434] /home/travis/build/icyphy/ptII/ptolemy/actor/lib/test/auto/compositeMultiPort.xml (RunModel)" time="0.019" />
  <testcase classname="ptolemy.util.test.junit.AutoTests" name="[435] /home/travis/build/icyphy/ptII/ptolemy/actor/lib/test/auto/expressionCastInference.xml (RunModel)" time="0.007" />
  <testcase classname="ptolemy.util.test.junit.AutoTests" name="[436] /home/travis/build/icyphy/ptII/ptolemy/actor/lib/test/auto/expressionCastInference2.xml (RunModel)" time="0.007" />
  <testcase classname="ptolemy.util.test.junit.AutoTests" name="[437] /home/travis/build/icyphy/ptII/ptolemy/actor/lib/test/auto/expressionInference.xml (RunModel)" time="0.007" />
  <testcase classname="ptolemy.util.test.junit.AutoTests" name="[438] /home/travis/build/icyphy/ptII/ptolemy/actor/lib/test/auto/expression_bug.xml (RunModel)" time="0.007" />
  <testcase classname="ptolemy.util.test.junit.AutoTests" name="[439] /home/travis/build/icyphy/ptII/ptolemy/actor/lib/test/auto/factorial.xml (RunModel)" time="0.101" />
  <testcase classname="ptolemy.util.test.junit.AutoTests" name="[440] /home/travis/build/icyphy/ptII/ptolemy/actor/lib/test/auto/filterTest1.xml (RunModel)" time="0.038" />
  <testcase classname="ptolemy.util.test.junit.AutoTests" name="[441] /home/travis/build/icyphy/ptII/ptolemy/actor/lib/test/auto/funcApplyInConst.xml (RunModel)" time="0.03" />
  <testcase classname="ptolemy.util.test.junit.AutoTests" name="[442] /home/travis/build/icyphy/ptII/ptolemy/actor/lib/test/auto/funcApplyInExpr.xml (RunModel)" time="0.064" />
  <testcase classname="ptolemy.util.test.junit.AutoTests" name="[443] /home/travis/build/icyphy/ptII/ptolemy/actor/lib/test/auto/function.xml (RunModel)" time="0.04" />
  <testcase classname="ptolemy.util.test.junit.AutoTests" name="[444] /home/travis/build/icyphy/ptII/ptolemy/actor/lib/test/auto/function2.xml (RunModel)" time="0.009" />
  <testcase classname="ptolemy.util.test.junit.AutoTests" name="[445] /home/travis/build/icyphy/ptII/ptolemy/actor/lib/test/auto/function3.xml (RunModel)" time="0.008" />
  <testcase classname="ptolemy.util.test.junit.AutoTests" name="[446] /home/travis/build/icyphy/ptII/ptolemy/actor/lib/test/auto/functionClosureTest1.xml (RunModel)" time="0.011" />
  <testcase classname="ptolemy.util.test.junit.AutoTests" name="[447] /home/travis/build/icyphy/ptII/ptolemy/actor/lib/test/auto/functionClosureTest2.xml (RunModel)" time="0.008" />
  <testcase classname="ptolemy.util.test.junit.AutoTests" name="[448] /home/travis/build/icyphy/ptII/ptolemy/actor/lib/test/auto/functionClosureTest3.xml (RunModel)" time="0.024" />
  <testcase classname="ptolemy.util.test.junit.AutoTests" name="[449] /home/travis/build/icyphy/ptII/ptolemy/actor/lib/test/auto/functionClosureTest4.xml (RunModel)" time="0.018" />
  <testcase classname="ptolemy.util.test.junit.AutoTests" name="[450] /home/travis/build/icyphy/ptII/ptolemy/actor/lib/test/auto/functionClosureTest5.xml (RunModel)" time="0.013" />
  <testcase classname="ptolemy.util.test.junit.AutoTests" name="[451] /home/travis/build/icyphy/ptII/ptolemy/actor/lib/test/auto/functionClosureTest6.xml (RunModel)" time="0.008" />
  <testcase classname="ptolemy.util.test.junit.AutoTests" name="[452] /home/travis/build/icyphy/ptII/ptolemy/actor/lib/test/auto/functionsOnArcs.xml (RunModel)" time="0.009" />
  <testcase classname="ptolemy.util.test.junit.AutoTests" name="[453] /home/travis/build/icyphy/ptII/ptolemy/actor/lib/test/auto/functionsOnArcsHOF.xml (RunModel)" time="0.014" />
  <testcase classname="ptolemy.util.test.junit.AutoTests" name="[454] /home/travis/build/icyphy/ptII/ptolemy/actor/lib/test/auto/logic.xml (RunModel)" time="0.017" />
  <testcase classname="ptolemy.util.test.junit.AutoTests" name="[455] /home/travis/build/icyphy/ptII/ptolemy/actor/lib/test/auto/matrixType.xml (RunModel)" time="0.008" />
  <testcase classname="ptolemy.util.test.junit.AutoTests" name="[456] /home/travis/build/icyphy/ptII/ptolemy/actor/lib/test/auto/matrixType10.xml (RunModel)" time="0.009" />
  <testcase classname="ptolemy.util.test.junit.AutoTests" name="[457] /home/travis/build/icyphy/ptII/ptolemy/actor/lib/test/auto/matrixType11.xml (RunModel)" time="0.01" />
  <testcase classname="ptolemy.util.test.junit.AutoTests" name="[458] /home/travis/build/icyphy/ptII/ptolemy/actor/lib/test/auto/matrixType12.xml (RunModel)" time="0.011" />
  <testcase classname="ptolemy.util.test.junit.AutoTests" name="[459] /home/travis/build/icyphy/ptII/ptolemy/actor/lib/test/auto/matrixType13.xml (RunModel)" time="0.008" />
  <testcase classname="ptolemy.util.test.junit.AutoTests" name="[460] /home/travis/build/icyphy/ptII/ptolemy/actor/lib/test/auto/matrixType14.xml (RunModel)" time="0.01" />
  <testcase classname="ptolemy.util.test.junit.AutoTests" name="[461] /home/travis/build/icyphy/ptII/ptolemy/actor/lib/test/auto/matrixType2.xml (RunModel)" time="0.009" />
  <testcase classname="ptolemy.util.test.junit.AutoTests" name="[462] /home/travis/build/icyphy/ptII/ptolemy/actor/lib/test/auto/matrixType3.xml (RunModel)" time="0.01" />
  <testcase classname="ptolemy.util.test.junit.AutoTests" name="[463] /home/travis/build/icyphy/ptII/ptolemy/actor/lib/test/auto/matrixType4.xml (RunModel)" time="0.008" />
  <testcase classname="ptolemy.util.test.junit.AutoTests" name="[464] /home/travis/build/icyphy/ptII/ptolemy/actor/lib/test/auto/matrixType5.xml (RunModel)" time="0.009" />
  <testcase classname="ptolemy.util.test.junit.AutoTests" name="[465] /home/travis/build/icyphy/ptII/ptolemy/actor/lib/test/auto/matrixType6.xml (RunModel)" time="0.008" />
  <testcase classname="ptolemy.util.test.junit.AutoTests" name="[466] /home/travis/build/icyphy/ptII/ptolemy/actor/lib/test/auto/matrixType7.xml (RunModel)" time="0.008" />
  <testcase classname="ptolemy.util.test.junit.AutoTests" name="[467] /home/travis/build/icyphy/ptII/ptolemy/actor/lib/test/auto/matrixType8.xml (RunModel)" time="0.008" />
  <testcase classname="ptolemy.util.test.junit.AutoTests" name="[468] /home/travis/build/icyphy/ptII/ptolemy/actor/lib/test/auto/matrixType9.xml (RunModel)" time="0.009" />
  <testcase classname="ptolemy.util.test.junit.AutoTests" name="[469] /home/travis/build/icyphy/ptII/ptolemy/actor/lib/test/auto/paraFunctest.xml (RunModel)" time="0.007" />
  <testcase classname="ptolemy.util.test.junit.AutoTests" name="[470] /home/travis/build/icyphy/ptII/ptolemy/actor/lib/test/auto/paraFunctest2.xml (RunModel)" time="0.012" />
  <testcase classname="ptolemy.util.test.junit.AutoTests" name="[471] /home/travis/build/icyphy/ptII/ptolemy/actor/lib/test/auto/parameterPassing.xml (RunModel)" time="0.008" />
  <testcase classname="ptolemy.util.test.junit.AutoTests" name="[472] /home/travis/build/icyphy/ptII/ptolemy/actor/lib/test/auto/record.xml (RunModel)" time="0.009" />
  <testcase classname="ptolemy.util.test.junit.AutoTests" name="[473] /home/travis/build/icyphy/ptII/ptolemy/actor/lib/test/auto/sizedarray1.xml (RunModel)" time="0.009" />
  <testcase classname="ptolemy.util.test.junit.AutoTests" name="[474] /home/travis/build/icyphy/ptII/ptolemy/actor/lib/test/auto/sizedarray2.xml (RunModel)" time="0.01" />
  <testcase classname="ptolemy.util.test.junit.AutoTests" name="[475] /home/travis/build/icyphy/ptII/ptolemy/actor/lib/test/auto/twoPublishers.xml (RunModel)" time="0.023" />
  <system-out><![CDATA[/home/travis/build/icyphy/ptII/ptolemy/actor/lib/test/AbsoluteValue.tcl
testDefs.tcl: setting time out to 9000 seconds at Fri Jun 28 04:46:28 UTC 2019
109 ms. Memory: 120832K Free: 98790K (82%)
13 ms. Memory: 120832K Free: 107654K (89%)
5 ms. Memory: 120832K Free: 106869K (88%)
5 ms. Memory: 120832K Free: 106218K (88%)
/home/travis/build/icyphy/ptII/ptolemy/actor/lib/test/AddSubtract.tcl
10 ms. Memory: 120832K Free: 104192K (86%)
5 ms. Memory: 120832K Free: 103558K (86%)
14 ms. Memory: 120832K Free: 102771K (85%)
8 ms. Memory: 120832K Free: 101733K (84%)
49 ms. Memory: 120832K Free: 98699K (82%)
10 ms. Memory: 120832K Free: 98034K (81%)
/home/travis/build/icyphy/ptII/ptolemy/actor/lib/test/Average.tcl
17 ms. Memory: 120832K Free: 96621K (80%)
7 ms. Memory: 120832K Free: 95366K (79%)
/home/travis/build/icyphy/ptII/ptolemy/actor/lib/test/Bernoulli.tcl
6 ms. Memory: 120832K Free: 93517K (77%)
2 ms. Memory: 120832K Free: 93318K (77%)
/home/travis/build/icyphy/ptII/ptolemy/actor/lib/test/Clock.tcl
preinitializing
resolving types
initializing
executing number 1
wrapping up
idle
21 ms. Memory: 120832K Free: 90507K (75%)
Completed execution with 5 iterations
preinitializing
18 ms. Memory: 158720K Free: 146117K (92%)
11 ms. Memory: 158720K Free: 145687K (92%)
/home/travis/build/icyphy/ptII/ptolemy/actor/lib/test/Commutator.tcl
21 ms. Memory: 158720K Free: 143639K (90%)
11 ms. Memory: 158720K Free: 142615K (90%)
19 ms. Memory: 158720K Free: 136967K (86%)
/home/travis/build/icyphy/ptII/ptolemy/actor/lib/test/Const.tcl
4 ms. Memory: 158720K Free: 135447K (85%)
1 ms. Memory: 158720K Free: 134933K (85%)
6 ms. Memory: 158720K Free: 134423K (85%)
2 ms. Memory: 158720K Free: 133909K (84%)
3 ms. Memory: 158720K Free: 132879K (84%)
32 ms. Memory: 158720K Free: 131351K (83%)
9 ms. Memory: 158720K Free: 130327K (82%)
5 ms. Memory: 158720K Free: 129303K (81%)
/home/travis/build/icyphy/ptII/ptolemy/actor/lib/test/CurrentTime.tcl
preinitializing
resolving types
initializing
executing number 1
wrapping up
idle
22 ms. Memory: 158720K Free: 127765K (80%)
Completed execution with 11 iterations
/home/travis/build/icyphy/ptII/ptolemy/actor/lib/test/DB.tcl
5 ms. Memory: 158720K Free: 125703K (79%)
2 ms. Memory: 158720K Free: 125207K (79%)
2 ms. Memory: 158720K Free: 124693K (79%)
/home/travis/build/icyphy/ptII/ptolemy/actor/lib/test/DiscreteRandomSource.tcl
preinitializing
resolving types
initializing
executing number 1
wrapping up
idle
4 ms. Memory: 158720K Free: 123669K (78%)
Completed execution with 4 iterations
preinitializing
resolving types
initializing
executing number 1
wrapping up
idle
2 ms. Memory: 158720K Free: 123159K (78%)
Completed execution with 4 iterations
preinitializing
resolving types
initializing
executing number 1
wrapping up
idle
2 ms. Memory: 158720K Free: 122639K (77%)
Completed execution with 4 iterations
preinitializing
resolving types
initializing
executing number 1
wrapping up
idle
3 ms. Memory: 158720K Free: 122135K (77%)
Completed execution with 4 iterations
preinitializing
resolving types
initializing
executing number 1
wrapping up
idle
10 ms. Memory: 158720K Free: 121607K (77%)
Completed execution with 4 iterations
/home/travis/build/icyphy/ptII/ptolemy/actor/lib/test/Distributor.tcl
8 ms. Memory: 158720K Free: 119573K (75%)
10 ms. Memory: 158720K Free: 119063K (75%)
StreamChangeRequest.changeExecuted(): <deleteEntity name="rec2"/> succeeded
StreamChangeRequest.changeExecuted(): <deleteRelation name="r2"/> succeeded
StreamChangeRequest.changeExecuted(): Record firings per iteration succeeded
5 ms. Memory: 158720K Free: 116471K (73%)
/home/travis/build/icyphy/ptII/ptolemy/actor/lib/test/Exit.tcl
Exit.tcl: this will print a message about Manager.exitAfterWrapup, which can be ignored.
18 ms. Memory: 158720K Free: 113204K (71%)
/home/travis/build/icyphy/ptII/ptolemy/actor/lib/test/Expression.tcl
14 ms. Memory: 158720K Free: 109847K (69%)
13 ms. Memory: 158720K Free: 144716K (91%)
2 ms. Memory: 158720K Free: 143798K (91%)
preinitializing
resolving types
initializing
executing number 1
wrapping up
idle
13 ms. Memory: 158720K Free: 142294K (90%)
Completed execution with 6 iterations
3 ms. Memory: 158720K Free: 141270K (89%)
3 ms. Memory: 158720K Free: 140742K (89%)
5 ms. Memory: 158720K Free: 139222K (88%)
4 ms. Memory: 158720K Free: 138198K (87%)
3 ms. Memory: 158720K Free: 137174K (86%)
/home/travis/build/icyphy/ptII/ptolemy/actor/lib/test/Gaussian.tcl
9 ms. Memory: 158720K Free: 135126K (85%)
sleeping 1 seconds: ................................................................................................................................................................................................................................................................................................................................................................................................................................................................................................................................................................................................................................................................................................................................................................................................................................................................................................................................................................................................................................................................................................................................................................................................................................................................................................................................................................................................................................................................................................................................................................................................................................................................................................................................................................................................................................................................................................................................................................................................................................................................................................................................................................................................................................................................................................................................................................................................................................................................................................................................................................................................................................................................................................................................................................................................................................................................................................................................................................................................................................................................................................................................................................................................................................................................................................................................................................................................................................................................................................................................................................................................................................................................................................................................................................................................................................................................................................................................................................................................................................................................................................................................................................................................................................................................................................................................................................................................................................................................................................................................................................................................................................................................................................................................................................................................................................................................................................................................................................................................................................................................................................................................................................................................................................................................................................................................................................................................................................................................................................................................................................................................................................................................................................................................................................................................................................................................................................................................................................................................................................................................................................................................................................................................................................................................................................................................................................................................................................................................................................................................................................................................................................................................................................................................................................................................................................................................................................................................................................................................................................................................................................................................................................................................................................................................................................................................................................................................................................................................................................................................................................................................................................................................................................................................................................................................................................................................................................................................................................................................................................................................................................................................................................................................................................................................................................................................................................................................................................................................................................................................................................................................................................................................................................................................................................................................................................................................................................................................................................................................................................................................................................................................................................................................................................................................................................................................................................................................................................................................................................................................................................................................................................................................................................................................................................................................................................................................................................................................................................................................................................................................................................................................................................................................................................................................................................................................................................................................................................................................................................................................................................................................................................................................................................................................................................................................................................................................................................................................................................................................................................................................................................................................................................................................................................................................................................................................................................................................................................................................................................................................................................................................................................................................................................................................................................................................................................................................................................................................................................................................................................................................................................................................................................................................................................................................................................................................................................................................................................................................................................................................................................................................................................................................................................................................................................................................................................................................................................................................................................................................................................................................................................................................................................................................................................................................................................................................................................................................................................................................................................................................................................................................................................................................................................................................................................................................................................................................................................................................................................................................................................................................................................................................................................................................................................................................................................................................................................................................................................................................................................................................................................................................................................................................................................................................................................................................................................................................................................................................................................................................................................................................................................................................................................................................................................................................................................................................................................................................................................................................................................................................................................................................................................................................................................................................................................................................................................................................................................................................................................................................................................................................................................................................................................................................................................................................................................................................................................................................................................................................................................................................................................................................................................................................................................................................................................................................................................................................................................................................................................................................................8 ms. Memory: 158720K Free: 65974K (42%)
3 ms. Memory: 158720K Free: 64966K (41%)
3 ms. Memory: 158720K Free: 64470K (41%)
5 ms. Memory: 158720K Free: 63942K (40%)
4 ms. Memory: 158720K Free: 63430K (40%)
/home/travis/build/icyphy/ptII/ptolemy/actor/lib/test/IIR.tcl
/home/travis/build/icyphy/ptII/ptolemy/actor/lib/test/Interpolator.tcl
6 ms. Memory: 158720K Free: 59350K (37%)
3 ms. Memory: 158720K Free: 58836K (37%)
3 ms. Memory: 158720K Free: 58326K (37%)
5 ms. Memory: 158720K Free: 57812K (36%)
7 ms. Memory: 158720K Free: 56788K (36%)
3 ms. Memory: 158720K Free: 56278K (35%)
3 ms. Memory: 158720K Free: 55254K (35%)
7 ms. Memory: 158720K Free: 54230K (34%)
5 ms. Memory: 158720K Free: 143909K (91%)
7 ms. Memory: 158720K Free: 143397K (90%)
/home/travis/build/icyphy/ptII/ptolemy/actor/lib/test/MathFunction.tcl
6 ms. Memory: 158720K Free: 140839K (89%)
2 ms. Memory: 158720K Free: 139815K (88%)
2 ms. Memory: 158720K Free: 138791K (87%)
4 ms. Memory: 158720K Free: 138262K (87%)
8 ms. Memory: 158720K Free: 136743K (86%)
9 ms. Memory: 158720K Free: 134695K (85%)
/home/travis/build/icyphy/ptII/ptolemy/actor/lib/test/Maximum.tcl
6 ms. Memory: 158720K Free: 133157K (84%)
6 ms. Memory: 158720K Free: 132102K (83%)
10 ms. Memory: 158720K Free: 131621K (83%)
4 ms. Memory: 158720K Free: 131092K (83%)
/home/travis/build/icyphy/ptII/ptolemy/actor/lib/test/Minimum.tcl
6 ms. Memory: 158720K Free: 129061K (81%)
4 ms. Memory: 158720K Free: 128551K (81%)
3 ms. Memory: 158720K Free: 128022K (81%)
4 ms. Memory: 158720K Free: 127527K (80%)
/home/travis/build/icyphy/ptII/ptolemy/actor/lib/test/MultiplyDivide.tcl
6 ms. Memory: 158720K Free: 125479K (79%)
2 ms. Memory: 158720K Free: 124455K (78%)
2 ms. Memory: 158720K Free: 123934K (78%)
3 ms. Memory: 158720K Free: 122910K (77%)
2 ms. Memory: 158720K Free: 122407K (77%)
/home/travis/build/icyphy/ptII/ptolemy/actor/lib/test/OrderedMerge.tcl
Connections changed on port: inputA
Connections changed on port: inputB
Connections changed on port: output
Connections changed on port: output
Connections changed on port: output
Connections changed on port: input
.top. Preinitializing ...
Invoking preinitialize():  .top.OrderedMerge
Called preinitialize()
Invoking preinitialize():  .top.Ramp
Called preinitialize()
Invoking preinitialize():  .top.Ramp2
Called preinitialize()
Invoking preinitialize():  .top.Test
Called preinitialize()
Connections changed on port: inputA
Connections changed on port: output
Connections changed on port: inputB
Connections changed on port: output
Connections changed on port: output
Connections changed on port: input
.top. Finished preinitialize().
Called initialize().
Invoking initialize():  .top.OrderedMerge
Initializing actor: .top.OrderedMerge
Adding a thread: .top.OrderedMerge
Invoking initialize():  .top.Ramp
Initializing actor: .top.Ramp
Adding a thread: .top.Ramp
Invoking initialize():  .top.Ramp2
Initializing actor: .top.Ramp2
Adding a thread: .top.Ramp2
Invoking initialize():  .top.Test
Initializing actor: .top.Test
Adding a thread: .top.Test
Called fire().
Checking for deadlock:
-- Starting thread.
Called initialize()
Called prefire()
Called fire()
-- Starting thread.
Called initialize()
-- Starting thread.
Called initialize()
Called prefire()
Called prefire()
-- Starting thread.
Called initialize()
Called prefire()
Called fire()
Called fire()
Called fire()
There are 0 Blocked actors, 0 Stopped actors, and 4 active threads.
Waiting for actors to stop.
Called postfire()
Called prefire()
Called fire()
Called postfire()
Called prefire()
Called fire()
Read input token from inputA with value 0.0
Next port to read input from is inputB
Called postfire()
Called prefire()
Called fire()
Read input token from inputB with value 0.0
Sent output token with value 0.0
Next port to read input from is inputA
Called postfire()
Called prefire()
Called fire()
Checking for deadlock:
There are 1 Blocked actors, 0 Stopped actors, and 4 active threads.
Waiting for actors to stop.
-- Read input: 0.0, which is expected to match: 0.0
Called prefire()
Called fire()
Called postfire()
Called prefire()
Called fire()
Called postfire()
Called prefire()
Called fire()
Checking for deadlock:
There are 3 Blocked actors, 0 Stopped actors, and 4 active threads.
Waiting for actors to stop.
Called postfire()
Called prefire()
Called fire()
Read input token from inputA with value 1.0
Sent output token with value 0.0
Next port to read input from is inputB
Called postfire()
Called prefire()
Called fire()
Read input token from inputB with value 1.5
Checking for deadlock:
There are 2 Blocked actors, 0 Stopped actors, and 4 active threads.
Waiting for actors to stop.
-- Read input: 0.0, which is expected to match: 0.0
Called prefire()
Called fire()
Called postfire()
Called prefire()
Called fire()
Checking for deadlock:
There are 3 Blocked actors, 0 Stopped actors, and 4 active threads.
Waiting for actors to stop.
-- Read input: 1.0, which is expected to match: 1.0
Called prefire()
Called fire()
Sent output token with value 1.0
Next port to read input from is inputA
Called postfire()
Called prefire()
Called fire()
Read input token from inputA with value 2.0
Sent output token with value 1.5
Next port to read input from is inputB
Called postfire()
Called prefire()
Called fire()
Read input token from inputB with value 3.0
Checking for deadlock:
There are 1 Blocked actors, 0 Stopped actors, and 4 active threads.
Waiting for actors to stop.
Called postfire()
Called prefire()
Called fire()
-- Read input: 1.5, which is expected to match: 1.5
Called prefire()
Called fire()
Called postfire()
Called prefire()
Called fire()
Checking for deadlock:
There are 3 Blocked actors, 0 Stopped actors, and 4 active threads.
Waiting for actors to stop.
-- Read input: 2.0, which is expected to match: 2.0
Called prefire()
Called fire()
Sent output token with value 2.0
Next port to read input from is inputA
Called postfire()
Called prefire()
Called fire()
Read input token from inputA with value 3.0
Sent output token with value 3.0
Next port to read input from is inputB
Called postfire()
Called prefire()
Called fire()
Read input token from inputB with value 4.5
Checking for deadlock:
There are 1 Blocked actors, 0 Stopped actors, and 4 active threads.
Waiting for actors to stop.
Called postfire()
Called prefire()
Called fire()
-- Read input: 3.0, which is expected to match: 3.0
Called prefire()
Called fire()
Called postfire()
Called prefire()
Called fire()
Checking for deadlock:
There are 3 Blocked actors, 0 Stopped actors, and 4 active threads.
Waiting for actors to stop.
-- Read input: 3.0, which is expected to match: 3.0
Called prefire()
Called fire()
Sent output token with value 3.0
Next port to read input from is inputA
Called postfire()
Called prefire()
Called fire()
Read input token from inputA with value 4.0
Sent output token with value 4.0
Next port to read input from is inputA
Called postfire()
Called prefire()
Called fire()
Checking for deadlock:
There are 2 Blocked actors, 0 Stopped actors, and 4 active threads.
Waiting for actors to stop.
Called postfire()
Called prefire()
Called fire()
-- Read input: 4.0, which is expected to match: 4.0
Called prefire()
Called fire()
Past the end of training data. Read and discard all inputs.
Checking for deadlock:
There are 3 Blocked actors, 0 Stopped actors, and 4 active threads.
Waiting for actors to stop.
Read input token from inputA with value 5.0
Sent output token with value 4.5
Next port to read input from is inputB
Called postfire()
Called prefire()
Called fire()
Read input token from inputB with value 6.0
Checking for deadlock:
There are 1 Blocked actors, 0 Stopped actors, and 4 active threads.
Waiting for actors to stop.
Called postfire()
Called prefire()
Called fire()
Called postfire()
Called prefire()
Called fire()
Checking for deadlock:
There are 3 Blocked actors, 0 Stopped actors, and 4 active threads.
Waiting for actors to stop.
Called prefire()
Called fire()
Past the end of training data. Read and discard all inputs.
Sent output token with value 5.0
Next port to read input from is inputA
Called postfire()
Called prefire()
Called fire()
Read input token from inputA with value 6.0
Checking for deadlock:
There are 2 Blocked actors, 0 Stopped actors, and 4 active threads.
Waiting for actors to stop.
Called postfire()
Called prefire()
Called fire()
Called prefire()
Called fire()
Past the end of training data. Read and discard all inputs.
Checking for deadlock:
There are 3 Blocked actors, 0 Stopped actors, and 4 active threads.
Waiting for actors to stop.
Called prefire()
Called fire()
Past the end of training data. Read and discard all inputs.
Sent output token with value 6.0
Next port to read input from is inputB
Called postfire()
Called prefire()
Called fire()
Read input token from inputB with value 7.5
Sent output token with value 6.0
Next port to read input from is inputA
Called postfire()
Called prefire()
Called fire()
Read input token from inputA with value 7.0
Checking for deadlock:
There are 1 Blocked actors, 0 Stopped actors, and 4 active threads.
Waiting for actors to stop.
Called postfire()
Called prefire()
Called fire()
Called postfire()
Called prefire()
Called fire()
Called prefire()
Called fire()
Past the end of training data. Read and discard all inputs.
Checking for deadlock:
There are 3 Blocked actors, 0 Stopped actors, and 4 active threads.
Waiting for actors to stop.
Called prefire()
Called fire()
Past the end of training data. Read and discard all inputs.
Sent output token with value 7.0
Next port to read input from is inputA
Called postfire()
Called prefire()
Called fire()
Read input token from inputA with value 8.0
Sent output token with value 7.5
Next port to read input from is inputB
Called postfire()
Called prefire()
Called fire()
Read input token from inputB with value 9.0
Checking for deadlock:
There are 1 Blocked actors, 0 Stopped actors, and 4 active threads.
Waiting for actors to stop.
Called postfire()
Called prefire()
Called fire()
-- Thread wrapup() called.
Called wrapup()
Thread .top.Ramp is exiting.
-- Thread stopped.
Called prefire()
Called fire()
Past the end of training data. Read and discard all inputs.
Checking for deadlock:
There are 2 Blocked actors, 0 Stopped actors, and 3 active threads.
Waiting for actors to stop.
Called prefire()
Called fire()
Past the end of training data. Read and discard all inputs.
Sent output token with value 8.0
Next port to read input from is inputA
Called postfire()
Called prefire()
Called fire()
Read input token from inputA with value 9.0
Sent output token with value 9.0
Next port to read input from is inputB
Called postfire()
Called prefire()
Called fire()
Read input token from inputB with value 10.5
Checking for deadlock:
There are 1 Blocked actors, 0 Stopped actors, and 3 active threads.
Waiting for actors to stop.
Called postfire()
Called prefire()
Called fire()
Called prefire()
Called fire()
Past the end of training data. Read and discard all inputs.
Checking for deadlock:
There are 2 Blocked actors, 0 Stopped actors, and 3 active threads.
Waiting for actors to stop.
Called prefire()
Called fire()
Past the end of training data. Read and discard all inputs.
Sent output token with value 9.0
Next port to read input from is inputA
Called postfire()
Called prefire()
Called fire()
Checking for deadlock:
There are 3 Blocked actors, 0 Stopped actors, and 3 active threads.
Actors have stopped.
Checking for deadlock:
There are 3 Blocked actors, 0 Stopped actors, and 3 active threads.
Deadlock detected.
Resolving Deadlock
Checking for deadlock:
There are 3 Blocked actors, 0 Stopped actors, and 3 active threads.
Artificial Deadlock - increasing queue capacity.
increasing the capacity of receiver ptolemy.actor.TypedIOPort {.top.OrderedMerge.inputB} to 2
-- Thread wrapup() called.
Called wrapup()
Thread .top.Ramp2 is exiting.
-- Thread stopped.
Director: Called postfire().
Called postfire().
_stopRequested = false
_stopFireRequested = false
Returning from postfire(): true
Called fire().
Checking for deadlock:
There are 2 Blocked actors, 0 Stopped actors, and 2 active threads.
Actors have stopped.
Checking for deadlock:
There are 2 Blocked actors, 0 Stopped actors, and 2 active threads.
Deadlock detected.
Resolving Deadlock
Checking for deadlock:
There are 2 Blocked actors, 0 Stopped actors, and 2 active threads.
Deadlock detected: no processes blocked on write, but some are blocked on read.
Called postfire().
_stopRequested = false
_stopFireRequested = false
Returning from postfire(): false
Finished deactivating branches.
Called wrapup().
-- Thread wrapup() called.
Called wrapup()
Thread .top.OrderedMerge is exiting.
-- Thread stopped.
-- Blocked Receiver call threw TerminateProcessException.
-- Thread wrapup() called.
Called wrapup()
Thread .top.Test is exiting.
-- Thread stopped.
-- Blocked Receiver call threw TerminateProcessException.
90 ms. Memory: 158720K Free: 117287K (74%)
.top. Preinitializing ...
Invoking preinitialize():  .top.OrderedMerge
Called preinitialize()
Invoking preinitialize():  .top.Ramp
Called preinitialize()
Invoking preinitialize():  .top.Ramp2
Called preinitialize()
Invoking preinitialize():  .top.Test
Called preinitialize()
.top. Finished preinitialize().
Called initialize().
Invoking initialize():  .top.OrderedMerge
Initializing actor: .top.OrderedMerge
Adding a thread: .top.OrderedMerge
Invoking initialize():  .top.Ramp
Initializing actor: .top.Ramp
Adding a thread: .top.Ramp
Invoking initialize():  .top.Ramp2
Initializing actor: .top.Ramp2
Adding a thread: .top.Ramp2
Invoking initialize():  .top.Test
Initializing actor: .top.Test
Adding a thread: .top.Test
-- Starting thread.
Called initialize()
Called prefire()
Called fire()
-- Starting thread.
Called initialize()
Called prefire()
Called fire()
Called postfire()
Called prefire()
Called fire()
-- Starting thread.
Called initialize()
Called prefire()
Called fire()
Called postfire()
Called prefire()
Called fire()
Called fire().
Checking for deadlock:
There are 3 Blocked actors, 0 Stopped actors, and 4 active threads.
Waiting for actors to stop.
-- Starting thread.
Called initialize()
Called prefire()
Called fire()
Checking for deadlock:
There are 2 Blocked actors, 0 Stopped actors, and 4 active threads.
Waiting for actors to stop.
Called postfire()
Called prefire()
Called fire()
Checking for deadlock:
There are 3 Blocked actors, 0 Stopped actors, and 4 active threads.
Waiting for actors to stop.
Read input token from inputA with value 0.0
Next port to read input from is inputB
Called postfire()
Called prefire()
Called fire()
Called postfire()
Called prefire()
Called fire()
Checking for deadlock:
There are 3 Blocked actors, 0 Stopped actors, and 4 active threads.
Waiting for actors to stop.
Read input token from inputB with value 0.0
Checking for deadlock:
There are 2 Blocked actors, 0 Stopped actors, and 4 active threads.
Waiting for actors to stop.
-- Read input: 0.0, which is expected to match: 0.0
Called prefire()
Called fire()
Checking for deadlock:
There are 3 Blocked actors, 0 Stopped actors, and 4 active threads.
Waiting for actors to stop.
Sent output token with value 0.0
Next port to read input from is inputA
Called postfire()
Called prefire()
Called fire()
Checking for deadlock:
There are 2 Blocked actors, 0 Stopped actors, and 4 active threads.
Waiting for actors to stop.
Called postfire()
Called prefire()
Called fire()
Checking for deadlock:
There are 3 Blocked actors, 0 Stopped actors, and 4 active threads.
Waiting for actors to stop.
Read input token from inputA with value 1.0
Checking for deadlock:
There are 2 Blocked actors, 0 Stopped actors, and 4 active threads.
Waiting for actors to stop.
-- Read input: 0.0, which is expected to match: 0.0
Called prefire()
Called fire()
Checking for deadlock:
There are 3 Blocked actors, 0 Stopped actors, and 4 active threads.
Waiting for actors to stop.
Sent output token with value 0.0
Next port to read input from is inputB
Called postfire()
Called prefire()
Called fire()
Called postfire()
Called prefire()
Called fire()
Checking for deadlock:
There are 3 Blocked actors, 0 Stopped actors, and 4 active threads.
Waiting for actors to stop.
Read input token from inputB with value 1.5
-- Read input: 1.0, which is expected to match: 1.0
Called prefire()
Called fire()
Checking for deadlock:
There are 3 Blocked actors, 0 Stopped actors, and 4 active threads.
Waiting for actors to stop.
Sent output token with value 1.0
Next port to read input from is inputA
Called postfire()
Called prefire()
Called fire()
Checking for deadlock:
There are 2 Blocked actors, 0 Stopped actors, and 4 active threads.
Waiting for actors to stop.
Called postfire()
Called prefire()
Called fire()
Checking for deadlock:
There are 3 Blocked actors, 0 Stopped actors, and 4 active threads.
Waiting for actors to stop.
Read input token from inputA with value 2.0
Checking for deadlock:
There are 2 Blocked actors, 0 Stopped actors, and 4 active threads.
Waiting for actors to stop.
-- Read input: 1.5, which is expected to match: 1.5
Called prefire()
Called fire()
Checking for deadlock:
There are 3 Blocked actors, 0 Stopped actors, and 4 active threads.
Waiting for actors to stop.
Sent output token with value 1.5
Next port to read input from is inputB
Called postfire()
Called prefire()
Called fire()
Checking for deadlock:
There are 2 Blocked actors, 0 Stopped actors, and 4 active threads.
Waiting for actors to stop.
Called postfire()
Called prefire()
Called fire()
Checking for deadlock:
There are 3 Blocked actors, 0 Stopped actors, and 4 active threads.
Waiting for actors to stop.
Read input token from inputB with value 3.0
Checking for deadlock:
There are 2 Blocked actors, 0 Stopped actors, and 4 active threads.
Waiting for actors to stop.
-- Read input: 2.0, which is expected to match: 2.0
Called prefire()
Called fire()
Checking for deadlock:
There are 3 Blocked actors, 0 Stopped actors, and 4 active threads.
Waiting for actors to stop.
Sent output token with value 2.0
Next port to read input from is inputA
Called postfire()
Called prefire()
Called fire()
Checking for deadlock:
There are 2 Blocked actors, 0 Stopped actors, and 4 active threads.
Waiting for actors to stop.
Called postfire()
Called prefire()
Called fire()
Checking for deadlock:
There are 3 Blocked actors, 0 Stopped actors, and 4 active threads.
Waiting for actors to stop.
Read input token from inputA with value 3.0
Checking for deadlock:
There are 2 Blocked actors, 0 Stopped actors, and 4 active threads.
Waiting for actors to stop.
-- Read input: 3.0, which is expected to match: 3.0
Called prefire()
Called fire()
Checking for deadlock:
There are 3 Blocked actors, 0 Stopped actors, and 4 active threads.
Waiting for actors to stop.
Sent output token with value 3.0
Next port to read input from is inputB
Called postfire()
Called prefire()
Called fire()
Called postfire()
Called prefire()
Called fire()
Checking for deadlock:
There are 3 Blocked actors, 0 Stopped actors, and 4 active threads.
Waiting for actors to stop.
Read input token from inputB with value 4.5
-- Read input: 3.0, which is expected to match: 3.0
Called prefire()
Called fire()
Checking for deadlock:
There are 3 Blocked actors, 0 Stopped actors, and 4 active threads.
Waiting for actors to stop.
Sent output token with value 3.0
Next port to read input from is inputA
Called postfire()
Called prefire()
Called fire()
Checking for deadlock:
There are 2 Blocked actors, 0 Stopped actors, and 4 active threads.
Waiting for actors to stop.
Called postfire()
Called prefire()
Called fire()
Checking for deadlock:
There are 3 Blocked actors, 0 Stopped actors, and 4 active threads.
Waiting for actors to stop.
Read input token from inputA with value 4.0
Checking for deadlock:
There are 2 Blocked actors, 0 Stopped actors, and 4 active threads.
Waiting for actors to stop.
-- Read input: 4.0, which is expected to match: 4.0
Called prefire()
Called fire()
Past the end of training data. Read and discard all inputs.
Checking for deadlock:
There are 3 Blocked actors, 0 Stopped actors, and 4 active threads.
Waiting for actors to stop.
Sent output token with value 4.0
Next port to read input from is inputA
Called postfire()
Called prefire()
Called fire()
Checking for deadlock:
There are 2 Blocked actors, 0 Stopped actors, and 4 active threads.
Waiting for actors to stop.
Called postfire()
Called prefire()
Called fire()
Checking for deadlock:
There are 3 Blocked actors, 0 Stopped actors, and 4 active threads.
Waiting for actors to stop.
Read input token from inputA with value 5.0
Checking for deadlock:
There are 2 Blocked actors, 0 Stopped actors, and 4 active threads.
Waiting for actors to stop.
Called prefire()
Called fire()
Past the end of training data. Read and discard all inputs.
Checking for deadlock:
There are 3 Blocked actors, 0 Stopped actors, and 4 active threads.
Waiting for actors to stop.
Sent output token with value 4.5
Next port to read input from is inputB
Called postfire()
Called prefire()
Called fire()
Called postfire()
Called prefire()
Called fire()
Checking for deadlock:
There are 3 Blocked actors, 0 Stopped actors, and 4 active threads.
Waiting for actors to stop.
Read input token from inputB with value 6.0
Called prefire()
Called fire()
Past the end of training data. Read and discard all inputs.
Checking for deadlock:
There are 3 Blocked actors, 0 Stopped actors, and 4 active threads.
Waiting for actors to stop.
Sent output token with value 5.0
Next port to read input from is inputA
Called postfire()
Called prefire()
Called fire()
Checking for deadlock:
There are 2 Blocked actors, 0 Stopped actors, and 4 active threads.
Waiting for actors to stop.
Called postfire()
Called prefire()
Called fire()
Checking for deadlock:
There are 3 Blocked actors, 0 Stopped actors, and 4 active threads.
Waiting for actors to stop.
Read input token from inputA with value 6.0
Checking for deadlock:
There are 2 Blocked actors, 0 Stopped actors, and 4 active threads.
Waiting for actors to stop.
Called prefire()
Called fire()
Past the end of training data. Read and discard all inputs.
Checking for deadlock:
There are 3 Blocked actors, 0 Stopped actors, and 4 active threads.
Waiting for actors to stop.
Sent output token with value 6.0
Next port to read input from is inputB
Called postfire()
Called prefire()
Called fire()
Checking for deadlock:
There are 2 Blocked actors, 0 Stopped actors, and 4 active threads.
Waiting for actors to stop.
Called postfire()
Called prefire()
Called fire()
Checking for deadlock:
There are 3 Blocked actors, 0 Stopped actors, and 4 active threads.
Waiting for actors to stop.
Read input token from inputB with value 7.5
Checking for deadlock:
There are 2 Blocked actors, 0 Stopped actors, and 4 active threads.
Waiting for actors to stop.
Called prefire()
Called fire()
Past the end of training data. Read and discard all inputs.
Checking for deadlock:
There are 3 Blocked actors, 0 Stopped actors, and 4 active threads.
Waiting for actors to stop.
Sent output token with value 6.0
Next port to read input from is inputA
Called postfire()
Called prefire()
Called fire()
Called postfire()
Called prefire()
Called fire()
Checking for deadlock:
There are 3 Blocked actors, 0 Stopped actors, and 4 active threads.
Waiting for actors to stop.
Read input token from inputA with value 7.0
Called prefire()
Called fire()
Past the end of training data. Read and discard all inputs.
Checking for deadlock:
There are 3 Blocked actors, 0 Stopped actors, and 4 active threads.
Waiting for actors to stop.
Sent output token with value 7.0
Next port to read input from is inputA
Called postfire()
Called prefire()
Called fire()
-- Thread wrapup() called.
Called wrapup()
Thread .top.Ramp is exiting.
-- Thread stopped.
Checking for deadlock:
There are 2 Blocked actors, 0 Stopped actors, and 3 active threads.
Waiting for actors to stop.
Read input token from inputA with value 8.0
Checking for deadlock:
There are 1 Blocked actors, 0 Stopped actors, and 3 active threads.
Waiting for actors to stop.
Called prefire()
Called fire()
Past the end of training data. Read and discard all inputs.
Checking for deadlock:
There are 2 Blocked actors, 0 Stopped actors, and 3 active threads.
Waiting for actors to stop.
Sent output token with value 7.5
Next port to read input from is inputB
Called postfire()
Called prefire()
Called fire()
Checking for deadlock:
There are 1 Blocked actors, 0 Stopped actors, and 3 active threads.
Waiting for actors to stop.
Called postfire()
Called prefire()
Called fire()
Checking for deadlock:
There are 2 Blocked actors, 0 Stopped actors, and 3 active threads.
Waiting for actors to stop.
Read input token from inputB with value 9.0
Checking for deadlock:
There are 1 Blocked actors, 0 Stopped actors, and 3 active threads.
Waiting for actors to stop.
Called prefire()
Called fire()
Past the end of training data. Read and discard all inputs.
Checking for deadlock:
There are 2 Blocked actors, 0 Stopped actors, and 3 active threads.
Waiting for actors to stop.
Sent output token with value 8.0
Next port to read input from is inputA
Called postfire()
Called prefire()
Called fire()
Read input token from inputA with value 9.0
Called prefire()
Called fire()
Past the end of training data. Read and discard all inputs.
Checking for deadlock:
There are 2 Blocked actors, 0 Stopped actors, and 3 active threads.
Waiting for actors to stop.
Sent output token with value 9.0
Next port to read input from is inputB
Called postfire()
Called prefire()
Called fire()
Called postfire()
Called prefire()
Called fire()
Checking for deadlock:
There are 2 Blocked actors, 0 Stopped actors, and 3 active threads.
Waiting for actors to stop.
Read input token from inputB with value 10.5
Called prefire()
Called fire()
Past the end of training data. Read and discard all inputs.
Checking for deadlock:
There are 2 Blocked actors, 0 Stopped actors, and 3 active threads.
Waiting for actors to stop.
Sent output token with value 9.0
Next port to read input from is inputA
Called postfire()
Called prefire()
Called fire()
Checking for deadlock:
There are 3 Blocked actors, 0 Stopped actors, and 3 active threads.
Actors have stopped.
Checking for deadlock:
There are 3 Blocked actors, 0 Stopped actors, and 3 active threads.
Deadlock detected.
Resolving Deadlock
Checking for deadlock:
There are 3 Blocked actors, 0 Stopped actors, and 3 active threads.
Artificial Deadlock - increasing queue capacity.
increasing the capacity of receiver ptolemy.actor.TypedIOPort {.top.OrderedMerge.inputB} to 2
Director: Called postfire().
Called postfire().
_stopRequested = false
_stopFireRequested = false
Returning from postfire(): true
Called fire().
Checking for deadlock:
There are 2 Blocked actors, 0 Stopped actors, and 3 active threads.
Waiting for actors to stop.
-- Thread wrapup() called.
Called wrapup()
Thread .top.Ramp2 is exiting.
-- Thread stopped.
Checking for deadlock:
There are 2 Blocked actors, 0 Stopped actors, and 2 active threads.
Actors have stopped.
Checking for deadlock:
There are 2 Blocked actors, 0 Stopped actors, and 2 active threads.
Deadlock detected.
Resolving Deadlock
Checking for deadlock:
There are 2 Blocked actors, 0 Stopped actors, and 2 active threads.
Deadlock detected: no processes blocked on write, but some are blocked on read.
Called postfire().
_stopRequested = false
_stopFireRequested = false
Returning from postfire(): false
Finished deactivating branches.
Called wrapup().
-- Thread wrapup() called.
Called wrapup()
-- Thread wrapup() called.
Called wrapup()
Thread .top.Test is exiting.
-- Thread stopped.
-- Blocked Receiver call threw TerminateProcessException.
Thread .top.OrderedMerge is exiting.
-- Thread stopped.
-- Blocked Receiver call threw TerminateProcessException.
37 ms. Memory: 158720K Free: 115239K (73%)
/home/travis/build/icyphy/ptII/ptolemy/actor/lib/test/Publisher.tcl
17 ms. Memory: 158720K Free: 109095K (69%)
11 ms. Memory: 158720K Free: 103461K (65%)
4 ms. Memory: 158720K Free: 99879K (63%)
4 ms. Memory: 158720K Free: 98855K (62%)
5 ms. Memory: 158720K Free: 98326K (62%)
13 ms. Memory: 158720K Free: 97286K (61%)
3 ms. Memory: 158720K Free: 96262K (61%)
4 ms. Memory: 158720K Free: 95783K (60%)
20 ms. Memory: 158720K Free: 85543K (54%)
6 ms. Memory: 158720K Free: 81957K (52%)
3 ms. Memory: 158720K Free: 80933K (51%)
4 ms. Memory: 158720K Free: 78854K (50%)
6 ms. Memory: 158720K Free: 71717K (45%)
5 ms. Memory: 158720K Free: 61991K (39%)
5 ms. Memory: 158720K Free: 140516K (89%)
/home/travis/build/icyphy/ptII/ptolemy/actor/lib/test/Pulse.tcl
4 ms. Memory: 158720K Free: 103156K (65%)
10 ms. Memory: 158720K Free: 102628K (65%)
1 ms. Memory: 158720K Free: 102132K (64%)
1 ms. Memory: 158720K Free: 101612K (64%)
1 ms. Memory: 158720K Free: 101108K (64%)
5 ms. Memory: 158720K Free: 99570K (63%)
26 ms. Memory: 215040K Free: 198137K (92%)
2 ms. Memory: 215040K Free: 197168K (92%)
2 ms. Memory: 215040K Free: 196658K (91%)
/home/travis/build/icyphy/ptII/ptolemy/actor/lib/test/Ramp.tcl
3 ms. Memory: 215040K Free: 194610K (90%)
3 ms. Memory: 215040K Free: 193586K (90%)
2 ms. Memory: 215040K Free: 193066K (90%)
2 ms. Memory: 215040K Free: 192042K (89%)
4 ms. Memory: 215040K Free: 191538K (89%)
4 ms. Memory: 215040K Free: 190514K (89%)
5 ms. Memory: 215040K Free: 189490K (88%)
5 actors
5000 microseconds per iteration to create
6 ms. Memory: 215040K Free: 186928K (87%)
2 ms. Memory: 215040K Free: 186418K (87%)
2 ms. Memory: 215040K Free: 185904K (86%)
2 ms. Memory: 215040K Free: 185394K (86%)
50 actors
33000 microseconds per iteration to create
45 ms. Memory: 215040K Free: 169520K (79%)
19 ms. Memory: 215040K Free: 168496K (78%)
16 ms. Memory: 215040K Free: 167472K (78%)
17 ms. Memory: 215040K Free: 166448K (77%)
500 actors
1789000 microseconds per iteration to create
280 ms. Memory: 215040K Free: 120869K (56%)
56 ms. Memory: 215040K Free: 115239K (54%)
54 ms. Memory: 215040K Free: 109598K (51%)
47 ms. Memory: 215040K Free: 104485K (49%)
/home/travis/build/icyphy/ptII/ptolemy/actor/lib/test/RampContinuous.tcl
8 ms. Memory: 215040K Free: 102951K (48%)
/home/travis/build/icyphy/ptII/ptolemy/actor/lib/test/RecordAssembler.tcl
6 ms. Memory: 215040K Free: 101413K (47%)
4 ms. Memory: 215040K Free: 100382K (47%)
/home/travis/build/icyphy/ptII/ptolemy/actor/lib/test/RecordDisassembler.tcl
10 ms. Memory: 215040K Free: 98326K (46%)
8 ms. Memory: 215040K Free: 97831K (45%)
4 ms. Memory: 215040K Free: 96278K (45%)
/home/travis/build/icyphy/ptII/ptolemy/actor/lib/test/Scale.tcl
3 ms. Memory: 215040K Free: 94759K (44%)
5 ms. Memory: 215040K Free: 93735K (44%)
1 ms. Memory: 215040K Free: 93206K (43%)
2 ms. Memory: 215040K Free: 92197K (43%)
3 ms. Memory: 215040K Free: 91687K (43%)
/home/travis/build/icyphy/ptII/ptolemy/actor/lib/test/SequentialClock.tcl
preinitializing
resolving types
initializing
executing number 1
wrapping up
idle
5 ms. Memory: 215040K Free: 90134K (42%)
Completed execution with 5 iterations
preinitializing
resolving types
initializing
executing number 1
wrapping up
idle
1 ms. Memory: 215040K Free: 89639K (42%)
Completed execution with 5 iterations
preinitializing
resolving types
initializing
executing number 1
wrapping up
idle
2 ms. Memory: 215040K Free: 89110K (41%)
Completed execution with 5 iterations
/home/travis/build/icyphy/ptII/ptolemy/actor/lib/test/SetVariable.tcl
5 ms. Memory: 215040K Free: 87077K (40%)


==== $PTII/ptolemy/actor/lib/test/SetVariable.tcl: SetVariable-3.1 changeFailed
==== Contents of test case:

    #Uses 2.1 above
    jdkCaptureErr {
        # This test was failing if we ran Exit.tcl and then this test.
        # MessageHandler.error() now actually throws the Exception.
	catch {$setVariable changeFailed [java::null]  [java::new Exception {Test exception for SetVariable.changeFailed()}]} errMsg
    } results
    list [string range $results 0 89] "\n" $errMsg

==== Result was:
{java.lang.Exception: Test exception for SetVariable.changeFailed()
	at java.base/jdk.inter} {
} {java.lang.RuntimeException: java.lang.Exception: Test exception for SetVariable.changeFailed()}
---- Result should have been:
{java.lang.Exception: Test exception for SetVariable.changeFailed()
	at sun.reflect.NativeC} {
} {java.lang.RuntimeException: java.lang.Exception: Test exception for SetVariable.changeFailed()}
---- SetVariable-3.1 FAILED
/home/travis/build/icyphy/ptII/ptolemy/actor/lib/test/Sinewave.tcl
/home/travis/build/icyphy/ptII/ptolemy/actor/lib/test/SubscriptionAggregator.tcl
39 ms. Memory: 215040K Free: 192511K (90%)
4 ms. Memory: 215040K Free: 191982K (89%)
2 ms. Memory: 215040K Free: 191487K (89%)
1 ms. Memory: 215040K Free: 190973K (89%)
1 ms. Memory: 215040K Free: 187391K (87%)
8 ms. Memory: 215040K Free: 185343K (86%)
...............................................................1051 ms. Memory: 297984K Free: 137899K (46%)
/home/travis/build/icyphy/ptII/ptolemy/actor/lib/test/Test.tcl
 The next command will produce a warning about training mode,
   which may be ignored.
5 ms. Memory: 297984K Free: 135851K (46%)
3 ms. Memory: 297984K Free: 135307K (45%)
1 ms. Memory: 297984K Free: 134299K (45%)
12 ms. Memory: 297984K Free: 133803K (45%)
1 ms. Memory: 297984K Free: 133283K (45%)
9 ms. Memory: 297984K Free: 132251K (44%)
4 ms. Memory: 297984K Free: 130731K (44%)
 The next command will produce a warning about training mode,
   which may be ignored.
12 ms. Memory: 297984K Free: 128683K (43%)
 The next command will produce a warning about training mode,
   which may be ignored.
2 ms. Memory: 297984K Free: 127139K (43%)
1 ms. Memory: 297984K Free: 126635K (42%)
1 ms. Memory: 297984K Free: 126107K (42%)
3 ms. Memory: 297984K Free: 125611K (42%)
9 ms. Memory: 297984K Free: 124587K (42%)
4 ms. Memory: 297984K Free: 120987K (41%)
/home/travis/build/icyphy/ptII/ptolemy/actor/lib/test/TestExceptionHandler.tcl
 The next command will produce a warning about training mode,
   which may be ignored.
4 ms. Memory: 297984K Free: 119467K (40%)
1 ms. Memory: 297984K Free: 118939K (40%)
1 ms. Memory: 297984K Free: 118443K (40%)
/home/travis/build/icyphy/ptII/ptolemy/actor/lib/test/UnionDisassembler.tcl
28 ms. Memory: 297984K Free: 111275K (37%)
/home/travis/build/icyphy/ptII/ptolemy/actor/lib/test/VariableClock.tcl
preinitializing
resolving types
initializing
executing number 1
wrapping up
idle
4 ms. Memory: 297984K Free: 109723K (37%)
Completed execution with 11 iterations
preinitializing
resolving types
initializing
executing number 1
wrapping up
idle
5 ms. Memory: 297984K Free: 108203K (36%)
Completed execution with 10 iterations
06/28/19 04:46:37
Failed: 1  Total Tests: 234  ((Passed: 233, Newly Passed: 0)  Known Failed: 0) /home/travis/build/icyphy/ptII/ptolemy/actor/lib/test
----------------- testing (KnownFailure) /home/travis/build/icyphy/ptII/ptolemy/actor/lib/test/auto/knownFailedTests/PublisherPortToplevelSubscriber.xml
1 ms. Memory: 297984K Free: 104617K (35%)
Known Failure: java.lang.reflect.InvocationTargetException
----------------- testing (KnownFailure) /home/travis/build/icyphy/ptII/ptolemy/actor/lib/test/auto/knownFailedTests/PublisherSubscriberPortToplevel.xml
80 ms. Memory: 297984K Free: 253469K (85%)
Known Failure: java.lang.reflect.InvocationTargetException
----------------- testing (KnownFailure) /home/travis/build/icyphy/ptII/ptolemy/actor/lib/test/auto/knownFailedTests/PublisherSubscriptionAggregatorPort.xml
0 ms. Memory: 297984K Free: 248832K (84%)
Known Failure: java.lang.reflect.InvocationTargetException
----------------- testing (KnownFailure) /home/travis/build/icyphy/ptII/ptolemy/actor/lib/test/auto/knownFailedTests/sizedarray3.xml
5 ms. Memory: 297984K Free: 244736K (82%)
Known Failure: java.lang.reflect.InvocationTargetException
No auto/linux-amd64/*.xml tests in /home/travis/build/icyphy/ptII/ptolemy/actor/lib/test
AutoTests.java: About to close Vertx.
AutoTests.java: Vertx closed.

===========================================================================================
----------------- testing Fri Jun 28 04:46:38 UTC 2019 /home/travis/build/icyphy/ptII/ptolemy/actor/lib/test/auto/AbsoluteValue.xml
----------------- Instantiating /home/travis/build/icyphy/ptII/ptolemy/actor/lib/test/auto/AbsoluteValue.xml
4 ms. Memory: 297984K Free: 222208K (75%)
----------------- Invoking toplevel() on ptolemy.moml.MoMLSimpleApplication@7f1c9e98
----------------- Done invoking toplevel() on ptolemy.moml.MoMLSimpleApplication@7f1c9e98
reloadAllAccessors: .AbsoluteValue

===========================================================================================
----------------- testing Fri Jun 28 04:46:38 UTC 2019 /home/travis/build/icyphy/ptII/ptolemy/actor/lib/test/auto/AbsoluteValue2.xml
----------------- Instantiating /home/travis/build/icyphy/ptII/ptolemy/actor/lib/test/auto/AbsoluteValue2.xml
6 ms. Memory: 297984K Free: 215040K (72%)
----------------- Invoking toplevel() on ptolemy.moml.MoMLSimpleApplication@10aa0fc4
----------------- Done invoking toplevel() on ptolemy.moml.MoMLSimpleApplication@10aa0fc4
reloadAllAccessors: .AbsoluteValue2

===========================================================================================
----------------- testing Fri Jun 28 04:46:38 UTC 2019 /home/travis/build/icyphy/ptII/ptolemy/actor/lib/test/auto/Accumulator.xml
----------------- Instantiating /home/travis/build/icyphy/ptII/ptolemy/actor/lib/test/auto/Accumulator.xml
9 ms. Memory: 297984K Free: 208896K (70%)
----------------- Invoking toplevel() on ptolemy.moml.MoMLSimpleApplication@330498fa
----------------- Done invoking toplevel() on ptolemy.moml.MoMLSimpleApplication@330498fa
reloadAllAccessors: .Accumulator

===========================================================================================
----------------- testing Fri Jun 28 04:46:38 UTC 2019 /home/travis/build/icyphy/ptII/ptolemy/actor/lib/test/auto/Accumulator2.xml
----------------- Instantiating /home/travis/build/icyphy/ptII/ptolemy/actor/lib/test/auto/Accumulator2.xml
10 ms. Memory: 297984K Free: 203776K (68%)
----------------- Invoking toplevel() on ptolemy.moml.MoMLSimpleApplication@65d7f5d7
----------------- Done invoking toplevel() on ptolemy.moml.MoMLSimpleApplication@65d7f5d7
reloadAllAccessors: .Accumulator2

===========================================================================================
----------------- testing Fri Jun 28 04:46:38 UTC 2019 /home/travis/build/icyphy/ptII/ptolemy/actor/lib/test/auto/Accumulator3.xml
----------------- Instantiating /home/travis/build/icyphy/ptII/ptolemy/actor/lib/test/auto/Accumulator3.xml
2 ms. Memory: 297984K Free: 199166K (67%)
----------------- Invoking toplevel() on ptolemy.moml.MoMLSimpleApplication@1607dae5
----------------- Done invoking toplevel() on ptolemy.moml.MoMLSimpleApplication@1607dae5
reloadAllAccessors: .Accumulator3

===========================================================================================
----------------- testing Fri Jun 28 04:46:38 UTC 2019 /home/travis/build/icyphy/ptII/ptolemy/actor/lib/test/auto/ArrayAppend.xml
----------------- Instantiating /home/travis/build/icyphy/ptII/ptolemy/actor/lib/test/auto/ArrayAppend.xml
4 ms. Memory: 297984K Free: 193536K (65%)
----------------- Invoking toplevel() on ptolemy.moml.MoMLSimpleApplication@756e3362
----------------- Done invoking toplevel() on ptolemy.moml.MoMLSimpleApplication@756e3362
reloadAllAccessors: .ArrayAppend

===========================================================================================
----------------- testing Fri Jun 28 04:46:38 UTC 2019 /home/travis/build/icyphy/ptII/ptolemy/actor/lib/test/auto/ArrayAppend2.xml
----------------- Instantiating /home/travis/build/icyphy/ptII/ptolemy/actor/lib/test/auto/ArrayAppend2.xml
368 ms. Memory: 297984K Free: 110592K (37%)
----------------- Invoking toplevel() on ptolemy.moml.MoMLSimpleApplication@4e937883
----------------- Done invoking toplevel() on ptolemy.moml.MoMLSimpleApplication@4e937883
reloadAllAccessors: .ArrayAppend2

===========================================================================================
----------------- testing Fri Jun 28 04:46:39 UTC 2019 /home/travis/build/icyphy/ptII/ptolemy/actor/lib/test/auto/ArrayAppend3.xml
----------------- Instantiating /home/travis/build/icyphy/ptII/ptolemy/actor/lib/test/auto/ArrayAppend3.xml
7 ms. Memory: 297984K Free: 105472K (35%)
----------------- Invoking toplevel() on ptolemy.moml.MoMLSimpleApplication@1f9b337a
----------------- Done invoking toplevel() on ptolemy.moml.MoMLSimpleApplication@1f9b337a
reloadAllAccessors: .ArrayAppend3

===========================================================================================
----------------- testing Fri Jun 28 04:46:39 UTC 2019 /home/travis/build/icyphy/ptII/ptolemy/actor/lib/test/auto/ArrayAppend4.xml
----------------- Instantiating /home/travis/build/icyphy/ptII/ptolemy/actor/lib/test/auto/ArrayAppend4.xml
4 ms. Memory: 297984K Free: 100352K (34%)
----------------- Invoking toplevel() on ptolemy.moml.MoMLSimpleApplication@4304ef3a
----------------- Done invoking toplevel() on ptolemy.moml.MoMLSimpleApplication@4304ef3a
reloadAllAccessors: .ArrayAppend4

===========================================================================================
----------------- testing Fri Jun 28 04:46:39 UTC 2019 /home/travis/build/icyphy/ptII/ptolemy/actor/lib/test/auto/ArrayAppend5.xml
----------------- Instantiating /home/travis/build/icyphy/ptII/ptolemy/actor/lib/test/auto/ArrayAppend5.xml
7 ms. Memory: 297984K Free: 249150K (84%)
----------------- Invoking toplevel() on ptolemy.moml.MoMLSimpleApplication@18ecfbc7
----------------- Done invoking toplevel() on ptolemy.moml.MoMLSimpleApplication@18ecfbc7
reloadAllAccessors: .ArrayAppend5

===========================================================================================
----------------- testing Fri Jun 28 04:46:39 UTC 2019 /home/travis/build/icyphy/ptII/ptolemy/actor/lib/test/auto/ArrayAppend6.xml
----------------- Instantiating /home/travis/build/icyphy/ptII/ptolemy/actor/lib/test/auto/ArrayAppend6.xml
4 ms. Memory: 297984K Free: 243006K (82%)
----------------- Invoking toplevel() on ptolemy.moml.MoMLSimpleApplication@53424d0f
----------------- Done invoking toplevel() on ptolemy.moml.MoMLSimpleApplication@53424d0f
reloadAllAccessors: .ArrayAppend6

===========================================================================================
----------------- testing Fri Jun 28 04:46:39 UTC 2019 /home/travis/build/icyphy/ptII/ptolemy/actor/lib/test/auto/ArrayAppendPerformanceTest.xml
----------------- Instantiating /home/travis/build/icyphy/ptII/ptolemy/actor/lib/test/auto/ArrayAppendPerformanceTest.xml
44 ms. Memory: 297984K Free: 232766K (78%)
----------------- Invoking toplevel() on ptolemy.moml.MoMLSimpleApplication@1615f888
----------------- Done invoking toplevel() on ptolemy.moml.MoMLSimpleApplication@1615f888
reloadAllAccessors: .ArrayAppendPerformanceTest

===========================================================================================
----------------- testing Fri Jun 28 04:46:39 UTC 2019 /home/travis/build/icyphy/ptII/ptolemy/actor/lib/test/auto/ArrayAppendWithEmptyInput.xml
----------------- Instantiating /home/travis/build/icyphy/ptII/ptolemy/actor/lib/test/auto/ArrayAppendWithEmptyInput.xml
19 ms. Memory: 297984K Free: 224574K (75%)
----------------- Invoking toplevel() on ptolemy.moml.MoMLSimpleApplication@2e98ede1
----------------- Done invoking toplevel() on ptolemy.moml.MoMLSimpleApplication@2e98ede1
reloadAllAccessors: .ArrayAppendWithEmptyInput

===========================================================================================
----------------- testing Fri Jun 28 04:46:39 UTC 2019 /home/travis/build/icyphy/ptII/ptolemy/actor/lib/test/auto/ArrayAverage.xml
----------------- Instantiating /home/travis/build/icyphy/ptII/ptolemy/actor/lib/test/auto/ArrayAverage.xml
5 ms. Memory: 297984K Free: 216896K (73%)
----------------- Invoking toplevel() on ptolemy.moml.MoMLSimpleApplication@19b13c1b
----------------- Done invoking toplevel() on ptolemy.moml.MoMLSimpleApplication@19b13c1b
reloadAllAccessors: .ArrayAverage

===========================================================================================
----------------- testing Fri Jun 28 04:46:39 UTC 2019 /home/travis/build/icyphy/ptII/ptolemy/actor/lib/test/auto/ArrayContains.xml
----------------- Instantiating /home/travis/build/icyphy/ptII/ptolemy/actor/lib/test/auto/ArrayContains.xml
8 ms. Memory: 297984K Free: 210752K (71%)
----------------- Invoking toplevel() on ptolemy.moml.MoMLSimpleApplication@7efba031
----------------- Done invoking toplevel() on ptolemy.moml.MoMLSimpleApplication@7efba031
reloadAllAccessors: .ArrayContains

===========================================================================================
----------------- testing Fri Jun 28 04:46:39 UTC 2019 /home/travis/build/icyphy/ptII/ptolemy/actor/lib/test/auto/ArrayElement.xml
----------------- Instantiating /home/travis/build/icyphy/ptII/ptolemy/actor/lib/test/auto/ArrayElement.xml
9 ms. Memory: 297984K Free: 206112K (69%)
----------------- Invoking toplevel() on ptolemy.moml.MoMLSimpleApplication@4d1038b0
----------------- Done invoking toplevel() on ptolemy.moml.MoMLSimpleApplication@4d1038b0
reloadAllAccessors: .ArrayElement

===========================================================================================
----------------- testing Fri Jun 28 04:46:39 UTC 2019 /home/travis/build/icyphy/ptII/ptolemy/actor/lib/test/auto/ArrayElementAsMatrix.xml
----------------- Instantiating /home/travis/build/icyphy/ptII/ptolemy/actor/lib/test/auto/ArrayElementAsMatrix.xml
17 ms. Memory: 297984K Free: 195392K (66%)
----------------- Invoking toplevel() on ptolemy.moml.MoMLSimpleApplication@5c62d6ae
----------------- Done invoking toplevel() on ptolemy.moml.MoMLSimpleApplication@5c62d6ae
reloadAllAccessors: .ArrayElementAsMatrix

===========================================================================================
----------------- testing Fri Jun 28 04:46:39 UTC 2019 /home/travis/build/icyphy/ptII/ptolemy/actor/lib/test/auto/ArrayElementI.xml
----------------- Instantiating /home/travis/build/icyphy/ptII/ptolemy/actor/lib/test/auto/ArrayElementI.xml
4 ms. Memory: 297984K Free: 190272K (64%)
----------------- Invoking toplevel() on ptolemy.moml.MoMLSimpleApplication@76af6a66
----------------- Done invoking toplevel() on ptolemy.moml.MoMLSimpleApplication@76af6a66
reloadAllAccessors: .ArrayElementI

===========================================================================================
----------------- testing Fri Jun 28 04:46:39 UTC 2019 /home/travis/build/icyphy/ptII/ptolemy/actor/lib/test/auto/ArrayExtract.xml
----------------- Instantiating /home/travis/build/icyphy/ptII/ptolemy/actor/lib/test/auto/ArrayExtract.xml
6 ms. Memory: 297984K Free: 182080K (61%)
----------------- Invoking toplevel() on ptolemy.moml.MoMLSimpleApplication@4684f10a
----------------- Done invoking toplevel() on ptolemy.moml.MoMLSimpleApplication@4684f10a
reloadAllAccessors: .ArrayExtract

===========================================================================================
----------------- testing Fri Jun 28 04:46:39 UTC 2019 /home/travis/build/icyphy/ptII/ptolemy/actor/lib/test/auto/ArrayExtract2.xml
----------------- Instantiating /home/travis/build/icyphy/ptII/ptolemy/actor/lib/test/auto/ArrayExtract2.xml
3 ms. Memory: 297984K Free: 176416K (59%)
----------------- Invoking toplevel() on ptolemy.moml.MoMLSimpleApplication@11bc128c
----------------- Done invoking toplevel() on ptolemy.moml.MoMLSimpleApplication@11bc128c
reloadAllAccessors: .ArrayExtract2

===========================================================================================
----------------- testing Fri Jun 28 04:46:39 UTC 2019 /home/travis/build/icyphy/ptII/ptolemy/actor/lib/test/auto/ArrayLength.xml
----------------- Instantiating /home/travis/build/icyphy/ptII/ptolemy/actor/lib/test/auto/ArrayLength.xml
3 ms. Memory: 297984K Free: 172864K (58%)
----------------- Invoking toplevel() on ptolemy.moml.MoMLSimpleApplication@3399eb9a
----------------- Done invoking toplevel() on ptolemy.moml.MoMLSimpleApplication@3399eb9a
reloadAllAccessors: .ArrayLength

===========================================================================================
----------------- testing Fri Jun 28 04:46:39 UTC 2019 /home/travis/build/icyphy/ptII/ptolemy/actor/lib/test/auto/ArrayLevelCrossing.xml
----------------- Instantiating /home/travis/build/icyphy/ptII/ptolemy/actor/lib/test/auto/ArrayLevelCrossing.xml
4 ms. Memory: 297984K Free: 164672K (55%)
----------------- Invoking toplevel() on ptolemy.moml.MoMLSimpleApplication@32d8953a
----------------- Done invoking toplevel() on ptolemy.moml.MoMLSimpleApplication@32d8953a
reloadAllAccessors: .ArrayLevelCrossing

===========================================================================================
----------------- testing Fri Jun 28 04:46:39 UTC 2019 /home/travis/build/icyphy/ptII/ptolemy/actor/lib/test/auto/ArrayLevelCrossing2.xml
----------------- Instantiating /home/travis/build/icyphy/ptII/ptolemy/actor/lib/test/auto/ArrayLevelCrossing2.xml
3 ms. Memory: 297984K Free: 158014K (53%)
----------------- Invoking toplevel() on ptolemy.moml.MoMLSimpleApplication@1c37b9be
----------------- Done invoking toplevel() on ptolemy.moml.MoMLSimpleApplication@1c37b9be
reloadAllAccessors: .ArrayLevelCrossing2

===========================================================================================
----------------- testing Fri Jun 28 04:46:39 UTC 2019 /home/travis/build/icyphy/ptII/ptolemy/actor/lib/test/auto/ArrayPeakSearch.xml
----------------- Instantiating /home/travis/build/icyphy/ptII/ptolemy/actor/lib/test/auto/ArrayPeakSearch.xml
9 ms. Memory: 297984K Free: 148288K (50%)
----------------- Invoking toplevel() on ptolemy.moml.MoMLSimpleApplication@20b2c758
----------------- Done invoking toplevel() on ptolemy.moml.MoMLSimpleApplication@20b2c758
reloadAllAccessors: .ArrayPeakSearch

===========================================================================================
----------------- testing Fri Jun 28 04:46:39 UTC 2019 /home/travis/build/icyphy/ptII/ptolemy/actor/lib/test/auto/ArrayPeakSearch2.xml
----------------- Instantiating /home/travis/build/icyphy/ptII/ptolemy/actor/lib/test/auto/ArrayPeakSearch2.xml
8 ms. Memory: 297984K Free: 138048K (46%)
----------------- Invoking toplevel() on ptolemy.moml.MoMLSimpleApplication@43aec438
----------------- Done invoking toplevel() on ptolemy.moml.MoMLSimpleApplication@43aec438
reloadAllAccessors: .ArrayPeakSearch2

===========================================================================================
----------------- testing Fri Jun 28 04:46:39 UTC 2019 /home/travis/build/icyphy/ptII/ptolemy/actor/lib/test/auto/ArrayPeakSearch3.xml
----------------- Instantiating /home/travis/build/icyphy/ptII/ptolemy/actor/lib/test/auto/ArrayPeakSearch3.xml
4 ms. Memory: 297984K Free: 128832K (43%)
----------------- Invoking toplevel() on ptolemy.moml.MoMLSimpleApplication@fb2868f
----------------- Done invoking toplevel() on ptolemy.moml.MoMLSimpleApplication@fb2868f
reloadAllAccessors: .ArrayPeakSearch3

===========================================================================================
----------------- testing Fri Jun 28 04:46:40 UTC 2019 /home/travis/build/icyphy/ptII/ptolemy/actor/lib/test/auto/ArrayRemoveElement.xml
----------------- Instantiating /home/travis/build/icyphy/ptII/ptolemy/actor/lib/test/auto/ArrayRemoveElement.xml
3 ms. Memory: 297984K Free: 121150K (41%)
----------------- Invoking toplevel() on ptolemy.moml.MoMLSimpleApplication@61b8ea48
----------------- Done invoking toplevel() on ptolemy.moml.MoMLSimpleApplication@61b8ea48
reloadAllAccessors: .ArrayRemoveElement

===========================================================================================
----------------- testing Fri Jun 28 04:46:40 UTC 2019 /home/travis/build/icyphy/ptII/ptolemy/actor/lib/test/auto/ArraySort.xml
----------------- Instantiating /home/travis/build/icyphy/ptII/ptolemy/actor/lib/test/auto/ArraySort.xml
6 ms. Memory: 297984K Free: 111934K (38%)
----------------- Invoking toplevel() on ptolemy.moml.MoMLSimpleApplication@2eae3793
----------------- Done invoking toplevel() on ptolemy.moml.MoMLSimpleApplication@2eae3793
reloadAllAccessors: .ArraySort

===========================================================================================
----------------- testing Fri Jun 28 04:46:40 UTC 2019 /home/travis/build/icyphy/ptII/ptolemy/actor/lib/test/auto/ArraySum.xml
----------------- Instantiating /home/travis/build/icyphy/ptII/ptolemy/actor/lib/test/auto/ArraySum.xml
6 ms. Memory: 297984K Free: 106814K (36%)
----------------- Invoking toplevel() on ptolemy.moml.MoMLSimpleApplication@27f1b8f7
----------------- Done invoking toplevel() on ptolemy.moml.MoMLSimpleApplication@27f1b8f7
reloadAllAccessors: .ArraySum

===========================================================================================
----------------- testing Fri Jun 28 04:46:40 UTC 2019 /home/travis/build/icyphy/ptII/ptolemy/actor/lib/test/auto/ArrayToElements.xml
----------------- Instantiating /home/travis/build/icyphy/ptII/ptolemy/actor/lib/test/auto/ArrayToElements.xml
8 ms. Memory: 297984K Free: 101184K (34%)
----------------- Invoking toplevel() on ptolemy.moml.MoMLSimpleApplication@3a7ffe3b
----------------- Done invoking toplevel() on ptolemy.moml.MoMLSimpleApplication@3a7ffe3b
reloadAllAccessors: .ArrayToElements

===========================================================================================
----------------- testing Fri Jun 28 04:46:40 UTC 2019 /home/travis/build/icyphy/ptII/ptolemy/actor/lib/test/auto/ArrayToMatrix.xml
----------------- Instantiating /home/travis/build/icyphy/ptII/ptolemy/actor/lib/test/auto/ArrayToMatrix.xml
26 ms. Memory: 297984K Free: 87358K (29%)
----------------- Invoking toplevel() on ptolemy.moml.MoMLSimpleApplication@238e5c40
----------------- Done invoking toplevel() on ptolemy.moml.MoMLSimpleApplication@238e5c40
reloadAllAccessors: .ArrayToMatrix

===========================================================================================
----------------- testing Fri Jun 28 04:46:40 UTC 2019 /home/travis/build/icyphy/ptII/ptolemy/actor/lib/test/auto/ArrayUpdate1.xml
----------------- Instantiating /home/travis/build/icyphy/ptII/ptolemy/actor/lib/test/auto/ArrayUpdate1.xml
5 ms. Memory: 297984K Free: 82238K (28%)
----------------- Invoking toplevel() on ptolemy.moml.MoMLSimpleApplication@2581c252
----------------- Done invoking toplevel() on ptolemy.moml.MoMLSimpleApplication@2581c252
reloadAllAccessors: .ArrayUpdate1

===========================================================================================
----------------- testing Fri Jun 28 04:46:40 UTC 2019 /home/travis/build/icyphy/ptII/ptolemy/actor/lib/test/auto/ArrayUpdate2.xml
----------------- Instantiating /home/travis/build/icyphy/ptII/ptolemy/actor/lib/test/auto/ArrayUpdate2.xml
9 ms. Memory: 493568K Free: 445248K (90%)
----------------- Invoking toplevel() on ptolemy.moml.MoMLSimpleApplication@436d6a44
----------------- Done invoking toplevel() on ptolemy.moml.MoMLSimpleApplication@436d6a44
reloadAllAccessors: .ArrayUpdate2

===========================================================================================
----------------- testing Fri Jun 28 04:46:40 UTC 2019 /home/travis/build/icyphy/ptII/ptolemy/actor/lib/test/auto/ArrayUpdate3.xml
----------------- Instantiating /home/travis/build/icyphy/ptII/ptolemy/actor/lib/test/auto/ArrayUpdate3.xml
6 ms. Memory: 493568K Free: 440128K (89%)
----------------- Invoking toplevel() on ptolemy.moml.MoMLSimpleApplication@98d43bf
----------------- Done invoking toplevel() on ptolemy.moml.MoMLSimpleApplication@98d43bf
reloadAllAccessors: .ArrayUpdate3

===========================================================================================
----------------- testing Fri Jun 28 04:46:40 UTC 2019 /home/travis/build/icyphy/ptII/ptolemy/actor/lib/test/auto/Assert1.xml
----------------- Instantiating /home/travis/build/icyphy/ptII/ptolemy/actor/lib/test/auto/Assert1.xml
7 ms. Memory: 493568K Free: 436032K (88%)
----------------- Invoking toplevel() on ptolemy.moml.MoMLSimpleApplication@517769f4
----------------- Done invoking toplevel() on ptolemy.moml.MoMLSimpleApplication@517769f4
reloadAllAccessors: .Assert1

===========================================================================================
----------------- testing Fri Jun 28 04:46:40 UTC 2019 /home/travis/build/icyphy/ptII/ptolemy/actor/lib/test/auto/Assert2.xml
----------------- Instantiating /home/travis/build/icyphy/ptII/ptolemy/actor/lib/test/auto/Assert2.xml
3 ms. Memory: 493568K Free: 430398K (87%)
----------------- Invoking toplevel() on ptolemy.moml.MoMLSimpleApplication@4c11c6d0
----------------- Done invoking toplevel() on ptolemy.moml.MoMLSimpleApplication@4c11c6d0
reloadAllAccessors: .Assert2

===========================================================================================
----------------- testing Fri Jun 28 04:46:40 UTC 2019 /home/travis/build/icyphy/ptII/ptolemy/actor/lib/test/auto/BooleanMultiplexor.xml
----------------- Instantiating /home/travis/build/icyphy/ptII/ptolemy/actor/lib/test/auto/BooleanMultiplexor.xml
3 ms. Memory: 493568K Free: 425264K (86%)
----------------- Invoking toplevel() on ptolemy.moml.MoMLSimpleApplication@5f715a3f
----------------- Done invoking toplevel() on ptolemy.moml.MoMLSimpleApplication@5f715a3f
reloadAllAccessors: .BooleanMultiplexor

===========================================================================================
----------------- testing Fri Jun 28 04:46:40 UTC 2019 /home/travis/build/icyphy/ptII/ptolemy/actor/lib/test/auto/BooleanMultiplexor2.xml
----------------- Instantiating /home/travis/build/icyphy/ptII/ptolemy/actor/lib/test/auto/BooleanMultiplexor2.xml
11 ms. Memory: 493568K Free: 418624K (85%)
----------------- Invoking toplevel() on ptolemy.moml.MoMLSimpleApplication@4393c8e2
----------------- Done invoking toplevel() on ptolemy.moml.MoMLSimpleApplication@4393c8e2
reloadAllAccessors: .BooleanMultiplexor2

===========================================================================================
----------------- testing Fri Jun 28 04:46:40 UTC 2019 /home/travis/build/icyphy/ptII/ptolemy/actor/lib/test/auto/BooleanMultiplexor3.xml
----------------- Instantiating /home/travis/build/icyphy/ptII/ptolemy/actor/lib/test/auto/BooleanMultiplexor3.xml
2 ms. Memory: 493568K Free: 414528K (84%)
----------------- Invoking toplevel() on ptolemy.moml.MoMLSimpleApplication@4957bfe0
----------------- Done invoking toplevel() on ptolemy.moml.MoMLSimpleApplication@4957bfe0
reloadAllAccessors: .BooleanMultiplexor3

===========================================================================================
----------------- testing Fri Jun 28 04:46:40 UTC 2019 /home/travis/build/icyphy/ptII/ptolemy/actor/lib/test/auto/BooleanSelect.xml
----------------- Instantiating /home/travis/build/icyphy/ptII/ptolemy/actor/lib/test/auto/BooleanSelect.xml
9 ms. Memory: 493568K Free: 408864K (83%)
----------------- Invoking toplevel() on ptolemy.moml.MoMLSimpleApplication@73a8dfeb
----------------- Done invoking toplevel() on ptolemy.moml.MoMLSimpleApplication@73a8dfeb
reloadAllAccessors: .BooleanSelect

===========================================================================================
----------------- testing Fri Jun 28 04:46:40 UTC 2019 /home/travis/build/icyphy/ptII/ptolemy/actor/lib/test/auto/BooleanSelect2.xml
----------------- Instantiating /home/travis/build/icyphy/ptII/ptolemy/actor/lib/test/auto/BooleanSelect2.xml
2 ms. Memory: 493568K Free: 404288K (82%)
----------------- Invoking toplevel() on ptolemy.moml.MoMLSimpleApplication@6faba38f
----------------- Done invoking toplevel() on ptolemy.moml.MoMLSimpleApplication@6faba38f
reloadAllAccessors: .BooleanSelect2

===========================================================================================
----------------- testing Fri Jun 28 04:46:40 UTC 2019 /home/travis/build/icyphy/ptII/ptolemy/actor/lib/test/auto/BooleanSwitch.xml
----------------- Instantiating /home/travis/build/icyphy/ptII/ptolemy/actor/lib/test/auto/BooleanSwitch.xml
13 ms. Memory: 493568K Free: 398654K (81%)
----------------- Invoking toplevel() on ptolemy.moml.MoMLSimpleApplication@3292c85d
----------------- Done invoking toplevel() on ptolemy.moml.MoMLSimpleApplication@3292c85d
reloadAllAccessors: .BooleanSwitch

===========================================================================================
----------------- testing Fri Jun 28 04:46:40 UTC 2019 /home/travis/build/icyphy/ptII/ptolemy/actor/lib/test/auto/BooleanSwitch2.xml
----------------- Instantiating /home/travis/build/icyphy/ptII/ptolemy/actor/lib/test/auto/BooleanSwitch2.xml
2 ms. Memory: 493568K Free: 394048K (80%)
----------------- Invoking toplevel() on ptolemy.moml.MoMLSimpleApplication@580803b8
----------------- Done invoking toplevel() on ptolemy.moml.MoMLSimpleApplication@580803b8
reloadAllAccessors: .BooleanSwitch2

===========================================================================================
----------------- testing Fri Jun 28 04:46:40 UTC 2019 /home/travis/build/icyphy/ptII/ptolemy/actor/lib/test/auto/BooleanSwitchCloningBugWithClassRelationGroup.xml
----------------- Instantiating /home/travis/build/icyphy/ptII/ptolemy/actor/lib/test/auto/BooleanSwitchCloningBugWithClassRelationGroup.xml
3 ms. Memory: 493568K Free: 387904K (79%)
----------------- Invoking toplevel() on ptolemy.moml.MoMLSimpleApplication@52b078b9
----------------- Done invoking toplevel() on ptolemy.moml.MoMLSimpleApplication@52b078b9
reloadAllAccessors: .BooleanSwitchCloningBugWithClassRelationGroup

===========================================================================================
----------------- testing Fri Jun 28 04:46:40 UTC 2019 /home/travis/build/icyphy/ptII/ptolemy/actor/lib/test/auto/BusActors.xml
----------------- Instantiating /home/travis/build/icyphy/ptII/ptolemy/actor/lib/test/auto/BusActors.xml
4 ms. Memory: 493568K Free: 379712K (77%)
----------------- Invoking toplevel() on ptolemy.moml.MoMLSimpleApplication@4a28178
----------------- Done invoking toplevel() on ptolemy.moml.MoMLSimpleApplication@4a28178
reloadAllAccessors: .BusActors

===========================================================================================
----------------- testing Fri Jun 28 04:46:40 UTC 2019 /home/travis/build/icyphy/ptII/ptolemy/actor/lib/test/auto/ClassWrapper.xml
----------------- Instantiating /home/travis/build/icyphy/ptII/ptolemy/actor/lib/test/auto/ClassWrapper.xml
5 ms. Memory: 493568K Free: 375616K (76%)
----------------- Invoking toplevel() on ptolemy.moml.MoMLSimpleApplication@2bdec1ac
----------------- Done invoking toplevel() on ptolemy.moml.MoMLSimpleApplication@2bdec1ac
reloadAllAccessors: .ClassWrapper

===========================================================================================
----------------- testing Fri Jun 28 04:46:40 UTC 2019 /home/travis/build/icyphy/ptII/ptolemy/actor/lib/test/auto/Clock.xml
----------------- Instantiating /home/travis/build/icyphy/ptII/ptolemy/actor/lib/test/auto/Clock.xml
4 ms. Memory: 493568K Free: 371518K (75%)
----------------- Invoking toplevel() on ptolemy.moml.MoMLSimpleApplication@7869e7a6
----------------- Done invoking toplevel() on ptolemy.moml.MoMLSimpleApplication@7869e7a6
reloadAllAccessors: .Clock

===========================================================================================
----------------- testing Fri Jun 28 04:46:40 UTC 2019 /home/travis/build/icyphy/ptII/ptolemy/actor/lib/test/auto/Clock10.xml
----------------- Instantiating /home/travis/build/icyphy/ptII/ptolemy/actor/lib/test/auto/Clock10.xml
5 ms. Memory: 493568K Free: 365886K (74%)
----------------- Invoking toplevel() on ptolemy.moml.MoMLSimpleApplication@1286ed5d
----------------- Done invoking toplevel() on ptolemy.moml.MoMLSimpleApplication@1286ed5d
reloadAllAccessors: .Clock10

===========================================================================================
----------------- testing Fri Jun 28 04:46:40 UTC 2019 /home/travis/build/icyphy/ptII/ptolemy/actor/lib/test/auto/Clock11.xml
----------------- Instantiating /home/travis/build/icyphy/ptII/ptolemy/actor/lib/test/auto/Clock11.xml
5 ms. Memory: 493568K Free: 359742K (73%)
----------------- Invoking toplevel() on ptolemy.moml.MoMLSimpleApplication@4094a7d5
----------------- Done invoking toplevel() on ptolemy.moml.MoMLSimpleApplication@4094a7d5
reloadAllAccessors: .Clock11

===========================================================================================
----------------- testing Fri Jun 28 04:46:40 UTC 2019 /home/travis/build/icyphy/ptII/ptolemy/actor/lib/test/auto/Clock12.xml
----------------- Instantiating /home/travis/build/icyphy/ptII/ptolemy/actor/lib/test/auto/Clock12.xml
2 ms. Memory: 493568K Free: 354112K (72%)
----------------- Invoking toplevel() on ptolemy.moml.MoMLSimpleApplication@53c75941
----------------- Done invoking toplevel() on ptolemy.moml.MoMLSimpleApplication@53c75941
reloadAllAccessors: .Clock12

===========================================================================================
----------------- testing Fri Jun 28 04:46:40 UTC 2019 /home/travis/build/icyphy/ptII/ptolemy/actor/lib/test/auto/Clock13.xml
----------------- Instantiating /home/travis/build/icyphy/ptII/ptolemy/actor/lib/test/auto/Clock13.xml
3 ms. Memory: 493568K Free: 347968K (71%)
----------------- Invoking toplevel() on ptolemy.moml.MoMLSimpleApplication@570750aa
----------------- Done invoking toplevel() on ptolemy.moml.MoMLSimpleApplication@570750aa
reloadAllAccessors: .Clock13

===========================================================================================
----------------- testing Fri Jun 28 04:46:40 UTC 2019 /home/travis/build/icyphy/ptII/ptolemy/actor/lib/test/auto/Clock14.xml
----------------- Instantiating /home/travis/build/icyphy/ptII/ptolemy/actor/lib/test/auto/Clock14.xml
3 ms. Memory: 493568K Free: 342304K (69%)
----------------- Invoking toplevel() on ptolemy.moml.MoMLSimpleApplication@7dcfe457
----------------- Done invoking toplevel() on ptolemy.moml.MoMLSimpleApplication@7dcfe457
reloadAllAccessors: .Clock14

===========================================================================================
----------------- testing Fri Jun 28 04:46:40 UTC 2019 /home/travis/build/icyphy/ptII/ptolemy/actor/lib/test/auto/Clock15.xml
----------------- Instantiating /home/travis/build/icyphy/ptII/ptolemy/actor/lib/test/auto/Clock15.xml
2 ms. Memory: 493568K Free: 336176K (68%)
----------------- Invoking toplevel() on ptolemy.moml.MoMLSimpleApplication@43d90f6a
----------------- Done invoking toplevel() on ptolemy.moml.MoMLSimpleApplication@43d90f6a
reloadAllAccessors: .Clock15

===========================================================================================
----------------- testing Fri Jun 28 04:46:40 UTC 2019 /home/travis/build/icyphy/ptII/ptolemy/actor/lib/test/auto/Clock16.xml
----------------- Instantiating /home/travis/build/icyphy/ptII/ptolemy/actor/lib/test/auto/Clock16.xml
33 ms. Memory: 493568K Free: 320816K (65%)
----------------- Invoking toplevel() on ptolemy.moml.MoMLSimpleApplication@394ef3d1
----------------- Done invoking toplevel() on ptolemy.moml.MoMLSimpleApplication@394ef3d1
reloadAllAccessors: .Clock16

===========================================================================================
----------------- testing Fri Jun 28 04:46:40 UTC 2019 /home/travis/build/icyphy/ptII/ptolemy/actor/lib/test/auto/Clock17.xml
----------------- Instantiating /home/travis/build/icyphy/ptII/ptolemy/actor/lib/test/auto/Clock17.xml
24 ms. Memory: 493568K Free: 307008K (62%)
----------------- Invoking toplevel() on ptolemy.moml.MoMLSimpleApplication@6eb6a472
----------------- Done invoking toplevel() on ptolemy.moml.MoMLSimpleApplication@6eb6a472
reloadAllAccessors: .Clock17

===========================================================================================
----------------- testing Fri Jun 28 04:46:41 UTC 2019 /home/travis/build/icyphy/ptII/ptolemy/actor/lib/test/auto/Clock18.xml
----------------- Instantiating /home/travis/build/icyphy/ptII/ptolemy/actor/lib/test/auto/Clock18.xml
19 ms. Memory: 493568K Free: 293168K (59%)
----------------- Invoking toplevel() on ptolemy.moml.MoMLSimpleApplication@408281f0
----------------- Done invoking toplevel() on ptolemy.moml.MoMLSimpleApplication@408281f0
reloadAllAccessors: .Clock18

===========================================================================================
----------------- testing Fri Jun 28 04:46:41 UTC 2019 /home/travis/build/icyphy/ptII/ptolemy/actor/lib/test/auto/Clock19.xml
----------------- Instantiating /home/travis/build/icyphy/ptII/ptolemy/actor/lib/test/auto/Clock19.xml
13 ms. Memory: 493568K Free: 280384K (57%)
----------------- Invoking toplevel() on ptolemy.moml.MoMLSimpleApplication@7f6fea7c
----------------- Done invoking toplevel() on ptolemy.moml.MoMLSimpleApplication@7f6fea7c
reloadAllAccessors: .Clock19

===========================================================================================
----------------- testing Fri Jun 28 04:46:41 UTC 2019 /home/travis/build/icyphy/ptII/ptolemy/actor/lib/test/auto/Clock2.xml
----------------- Instantiating /home/travis/build/icyphy/ptII/ptolemy/actor/lib/test/auto/Clock2.xml
5 ms. Memory: 493568K Free: 275768K (56%)
----------------- Invoking toplevel() on ptolemy.moml.MoMLSimpleApplication@1d252e58
----------------- Done invoking toplevel() on ptolemy.moml.MoMLSimpleApplication@1d252e58
reloadAllAccessors: .Clock2

===========================================================================================
----------------- testing Fri Jun 28 04:46:41 UTC 2019 /home/travis/build/icyphy/ptII/ptolemy/actor/lib/test/auto/Clock20.xml
----------------- Instantiating /home/travis/build/icyphy/ptII/ptolemy/actor/lib/test/auto/Clock20.xml
7 ms. Memory: 493568K Free: 270654K (55%)
----------------- Invoking toplevel() on ptolemy.moml.MoMLSimpleApplication@72c63040
----------------- Done invoking toplevel() on ptolemy.moml.MoMLSimpleApplication@72c63040
reloadAllAccessors: .Clock20

===========================================================================================
----------------- testing Fri Jun 28 04:46:41 UTC 2019 /home/travis/build/icyphy/ptII/ptolemy/actor/lib/test/auto/Clock21.xml
----------------- Instantiating /home/travis/build/icyphy/ptII/ptolemy/actor/lib/test/auto/Clock21.xml
3 ms. Memory: 493568K Free: 265024K (54%)
----------------- Invoking toplevel() on ptolemy.moml.MoMLSimpleApplication@2e13ae30
----------------- Done invoking toplevel() on ptolemy.moml.MoMLSimpleApplication@2e13ae30
reloadAllAccessors: .Clock21

===========================================================================================
----------------- testing Fri Jun 28 04:46:41 UTC 2019 /home/travis/build/icyphy/ptII/ptolemy/actor/lib/test/auto/Clock22.xml
----------------- Instantiating /home/travis/build/icyphy/ptII/ptolemy/actor/lib/test/auto/Clock22.xml
5 ms. Memory: 493568K Free: 259390K (53%)
----------------- Invoking toplevel() on ptolemy.moml.MoMLSimpleApplication@5ded5fe4
----------------- Done invoking toplevel() on ptolemy.moml.MoMLSimpleApplication@5ded5fe4
reloadAllAccessors: .Clock22

===========================================================================================
----------------- testing Fri Jun 28 04:46:41 UTC 2019 /home/travis/build/icyphy/ptII/ptolemy/actor/lib/test/auto/Clock23.xml
----------------- Instantiating /home/travis/build/icyphy/ptII/ptolemy/actor/lib/test/auto/Clock23.xml
8 ms. Memory: 493568K Free: 254270K (52%)
----------------- Invoking toplevel() on ptolemy.moml.MoMLSimpleApplication@401c34d1
----------------- Done invoking toplevel() on ptolemy.moml.MoMLSimpleApplication@401c34d1
reloadAllAccessors: .Clock23

===========================================================================================
----------------- testing Fri Jun 28 04:46:41 UTC 2019 /home/travis/build/icyphy/ptII/ptolemy/actor/lib/test/auto/Clock24.xml
----------------- Instantiating /home/travis/build/icyphy/ptII/ptolemy/actor/lib/test/auto/Clock24.xml
8 ms. Memory: 493568K Free: 248640K (50%)
----------------- Invoking toplevel() on ptolemy.moml.MoMLSimpleApplication@4864c5ea
----------------- Done invoking toplevel() on ptolemy.moml.MoMLSimpleApplication@4864c5ea
reloadAllAccessors: .Clock24

===========================================================================================
----------------- testing Fri Jun 28 04:46:41 UTC 2019 /home/travis/build/icyphy/ptII/ptolemy/actor/lib/test/auto/Clock4.xml
----------------- Instantiating /home/travis/build/icyphy/ptII/ptolemy/actor/lib/test/auto/Clock4.xml
2 ms. Memory: 493568K Free: 244000K (49%)
----------------- Invoking toplevel() on ptolemy.moml.MoMLSimpleApplication@21297a33
----------------- Done invoking toplevel() on ptolemy.moml.MoMLSimpleApplication@21297a33
reloadAllAccessors: .Clock4

===========================================================================================
----------------- testing Fri Jun 28 04:46:41 UTC 2019 /home/travis/build/icyphy/ptII/ptolemy/actor/lib/test/auto/Clock5.xml
----------------- Instantiating /home/travis/build/icyphy/ptII/ptolemy/actor/lib/test/auto/Clock5.xml
2 ms. Memory: 493568K Free: 238400K (48%)
----------------- Invoking toplevel() on ptolemy.moml.MoMLSimpleApplication@f8058fa
----------------- Done invoking toplevel() on ptolemy.moml.MoMLSimpleApplication@f8058fa
reloadAllAccessors: .Clock5

===========================================================================================
----------------- testing Fri Jun 28 04:46:41 UTC 2019 /home/travis/build/icyphy/ptII/ptolemy/actor/lib/test/auto/Clock6.xml
----------------- Instantiating /home/travis/build/icyphy/ptII/ptolemy/actor/lib/test/auto/Clock6.xml
2 ms. Memory: 493568K Free: 234304K (47%)
----------------- Invoking toplevel() on ptolemy.moml.MoMLSimpleApplication@77d73539
----------------- Done invoking toplevel() on ptolemy.moml.MoMLSimpleApplication@77d73539
reloadAllAccessors: .Clock6

===========================================================================================
----------------- testing Fri Jun 28 04:46:41 UTC 2019 /home/travis/build/icyphy/ptII/ptolemy/actor/lib/test/auto/Clock7.xml
----------------- Instantiating /home/travis/build/icyphy/ptII/ptolemy/actor/lib/test/auto/Clock7.xml
1 ms. Memory: 493568K Free: 229694K (47%)
----------------- Invoking toplevel() on ptolemy.moml.MoMLSimpleApplication@4003f992
----------------- Done invoking toplevel() on ptolemy.moml.MoMLSimpleApplication@4003f992
reloadAllAccessors: .Clock7

===========================================================================================
----------------- testing Fri Jun 28 04:46:41 UTC 2019 /home/travis/build/icyphy/ptII/ptolemy/actor/lib/test/auto/Clock8.xml
----------------- Instantiating /home/travis/build/icyphy/ptII/ptolemy/actor/lib/test/auto/Clock8.xml
5 ms. Memory: 493568K Free: 224064K (45%)
----------------- Invoking toplevel() on ptolemy.moml.MoMLSimpleApplication@720cfd96
----------------- Done invoking toplevel() on ptolemy.moml.MoMLSimpleApplication@720cfd96
reloadAllAccessors: .Clock8

===========================================================================================
----------------- testing Fri Jun 28 04:46:41 UTC 2019 /home/travis/build/icyphy/ptII/ptolemy/actor/lib/test/auto/Clock9.xml
----------------- Instantiating /home/travis/build/icyphy/ptII/ptolemy/actor/lib/test/auto/Clock9.xml
5 ms. Memory: 493568K Free: 218944K (44%)
----------------- Invoking toplevel() on ptolemy.moml.MoMLSimpleApplication@2259e516
----------------- Done invoking toplevel() on ptolemy.moml.MoMLSimpleApplication@2259e516
reloadAllAccessors: .Clock9

===========================================================================================
----------------- testing Fri Jun 28 04:46:41 UTC 2019 /home/travis/build/icyphy/ptII/ptolemy/actor/lib/test/auto/CommDistDiscard.xml
----------------- Instantiating /home/travis/build/icyphy/ptII/ptolemy/actor/lib/test/auto/CommDistDiscard.xml
6 ms. Memory: 493568K Free: 213310K (43%)
----------------- Invoking toplevel() on ptolemy.moml.MoMLSimpleApplication@605186da
----------------- Done invoking toplevel() on ptolemy.moml.MoMLSimpleApplication@605186da
reloadAllAccessors: .CommDistDiscard

===========================================================================================
----------------- testing Fri Jun 28 04:46:41 UTC 2019 /home/travis/build/icyphy/ptII/ptolemy/actor/lib/test/auto/Commutator.xml
----------------- Instantiating /home/travis/build/icyphy/ptII/ptolemy/actor/lib/test/auto/Commutator.xml
2 ms. Memory: 493568K Free: 209214K (42%)
----------------- Invoking toplevel() on ptolemy.moml.MoMLSimpleApplication@10a5e533
----------------- Done invoking toplevel() on ptolemy.moml.MoMLSimpleApplication@10a5e533
reloadAllAccessors: .Commutator

===========================================================================================
----------------- testing Fri Jun 28 04:46:41 UTC 2019 /home/travis/build/icyphy/ptII/ptolemy/actor/lib/test/auto/Commutator2.xml
----------------- Instantiating /home/travis/build/icyphy/ptII/ptolemy/actor/lib/test/auto/Commutator2.xml
1 ms. Memory: 493568K Free: 204608K (41%)
----------------- Invoking toplevel() on ptolemy.moml.MoMLSimpleApplication@883b02b
----------------- Done invoking toplevel() on ptolemy.moml.MoMLSimpleApplication@883b02b
reloadAllAccessors: .Commutator2

===========================================================================================
----------------- testing Fri Jun 28 04:46:41 UTC 2019 /home/travis/build/icyphy/ptII/ptolemy/actor/lib/test/auto/Commutator3.xml
----------------- Instantiating /home/travis/build/icyphy/ptII/ptolemy/actor/lib/test/auto/Commutator3.xml
2 ms. Memory: 493568K Free: 199998K (41%)
----------------- Invoking toplevel() on ptolemy.moml.MoMLSimpleApplication@78378d45
----------------- Done invoking toplevel() on ptolemy.moml.MoMLSimpleApplication@78378d45
reloadAllAccessors: .Commutator3

===========================================================================================
----------------- testing Fri Jun 28 04:46:41 UTC 2019 /home/travis/build/icyphy/ptII/ptolemy/actor/lib/test/auto/Compare.xml
----------------- Instantiating /home/travis/build/icyphy/ptII/ptolemy/actor/lib/test/auto/Compare.xml
2 ms. Memory: 493568K Free: 193854K (39%)
----------------- Invoking toplevel() on ptolemy.moml.MoMLSimpleApplication@521ff2b9
----------------- Done invoking toplevel() on ptolemy.moml.MoMLSimpleApplication@521ff2b9
reloadAllAccessors: .Compare

===========================================================================================
----------------- testing Fri Jun 28 04:46:41 UTC 2019 /home/travis/build/icyphy/ptII/ptolemy/actor/lib/test/auto/CompareDE.xml
----------------- Instantiating /home/travis/build/icyphy/ptII/ptolemy/actor/lib/test/auto/CompareDE.xml
5 ms. Memory: 493568K Free: 186672K (38%)
----------------- Invoking toplevel() on ptolemy.moml.MoMLSimpleApplication@2c20f6f4
----------------- Done invoking toplevel() on ptolemy.moml.MoMLSimpleApplication@2c20f6f4
reloadAllAccessors: .CompareDE

===========================================================================================
----------------- testing Fri Jun 28 04:46:41 UTC 2019 /home/travis/build/icyphy/ptII/ptolemy/actor/lib/test/auto/ComplexDivide.xml
----------------- Instantiating /home/travis/build/icyphy/ptII/ptolemy/actor/lib/test/auto/ComplexDivide.xml
1 ms. Memory: 493568K Free: 183104K (37%)
----------------- Invoking toplevel() on ptolemy.moml.MoMLSimpleApplication@1f99a45e
----------------- Done invoking toplevel() on ptolemy.moml.MoMLSimpleApplication@1f99a45e
reloadAllAccessors: .ComplexDivide

===========================================================================================
----------------- testing Fri Jun 28 04:46:41 UTC 2019 /home/travis/build/icyphy/ptII/ptolemy/actor/lib/test/auto/ComputeHistogram.xml
----------------- Instantiating /home/travis/build/icyphy/ptII/ptolemy/actor/lib/test/auto/ComputeHistogram.xml
49 ms. Memory: 493568K Free: 435590K (88%)
----------------- Invoking toplevel() on ptolemy.moml.MoMLSimpleApplication@446b0d3e
----------------- Done invoking toplevel() on ptolemy.moml.MoMLSimpleApplication@446b0d3e
reloadAllAccessors: .ComputeHistogram

===========================================================================================
----------------- testing Fri Jun 28 04:46:41 UTC 2019 /home/travis/build/icyphy/ptII/ptolemy/actor/lib/test/auto/ConfigurationSelect.xml
----------------- Instantiating /home/travis/build/icyphy/ptII/ptolemy/actor/lib/test/auto/ConfigurationSelect.xml
10 ms. Memory: 493568K Free: 429960K (87%)
----------------- Invoking toplevel() on ptolemy.moml.MoMLSimpleApplication@37bafdbb
----------------- Done invoking toplevel() on ptolemy.moml.MoMLSimpleApplication@37bafdbb
reloadAllAccessors: .ConfigurationSelect

===========================================================================================
----------------- testing Fri Jun 28 04:46:41 UTC 2019 /home/travis/build/icyphy/ptII/ptolemy/actor/lib/test/auto/ConfigurationSelect2.xml
----------------- Instantiating /home/travis/build/icyphy/ptII/ptolemy/actor/lib/test/auto/ConfigurationSelect2.xml
3 ms. Memory: 493568K Free: 425864K (86%)
----------------- Invoking toplevel() on ptolemy.moml.MoMLSimpleApplication@188f3809
----------------- Done invoking toplevel() on ptolemy.moml.MoMLSimpleApplication@188f3809
reloadAllAccessors: .ConfigurationSelect2

===========================================================================================
----------------- testing Fri Jun 28 04:46:41 UTC 2019 /home/travis/build/icyphy/ptII/ptolemy/actor/lib/test/auto/ConfigurationSwitch.xml
----------------- Instantiating /home/travis/build/icyphy/ptII/ptolemy/actor/lib/test/auto/ConfigurationSwitch.xml
2 ms. Memory: 493568K Free: 420230K (85%)
----------------- Invoking toplevel() on ptolemy.moml.MoMLSimpleApplication@552378ab
----------------- Done invoking toplevel() on ptolemy.moml.MoMLSimpleApplication@552378ab
reloadAllAccessors: .ConfigurationSwitch

===========================================================================================
----------------- testing Fri Jun 28 04:46:41 UTC 2019 /home/travis/build/icyphy/ptII/ptolemy/actor/lib/test/auto/ConfigurationSwitch2.xml
----------------- Instantiating /home/travis/build/icyphy/ptII/ptolemy/actor/lib/test/auto/ConfigurationSwitch2.xml
4 ms. Memory: 493568K Free: 414600K (84%)
----------------- Invoking toplevel() on ptolemy.moml.MoMLSimpleApplication@fd2d072
----------------- Done invoking toplevel() on ptolemy.moml.MoMLSimpleApplication@fd2d072
reloadAllAccessors: .ConfigurationSwitch2

===========================================================================================
----------------- testing Fri Jun 28 04:46:41 UTC 2019 /home/travis/build/icyphy/ptII/ptolemy/actor/lib/test/auto/ConfigurationSwitchCloningBugWithClassRelationGroup.xml
----------------- Instantiating /home/travis/build/icyphy/ptII/ptolemy/actor/lib/test/auto/ConfigurationSwitchCloningBugWithClassRelationGroup.xml
1 ms. Memory: 493568K Free: 408456K (83%)
----------------- Invoking toplevel() on ptolemy.moml.MoMLSimpleApplication@1ceba348
----------------- Done invoking toplevel() on ptolemy.moml.MoMLSimpleApplication@1ceba348
reloadAllAccessors: .ConfigurationSwitchCloningBugWithClassRelationGroup

===========================================================================================
----------------- testing Fri Jun 28 04:46:41 UTC 2019 /home/travis/build/icyphy/ptII/ptolemy/actor/lib/test/auto/ConfigurationSwitchSelectSDF.xml
----------------- Instantiating /home/travis/build/icyphy/ptII/ptolemy/actor/lib/test/auto/ConfigurationSwitchSelectSDF.xml
3 ms. Memory: 493568K Free: 402822K (82%)
----------------- Invoking toplevel() on ptolemy.moml.MoMLSimpleApplication@fc3ead8
----------------- Done invoking toplevel() on ptolemy.moml.MoMLSimpleApplication@fc3ead8
reloadAllAccessors: .ConfigurationSwitchSelectSDF

===========================================================================================
----------------- testing Fri Jun 28 04:46:41 UTC 2019 /home/travis/build/icyphy/ptII/ptolemy/actor/lib/test/auto/ConfigurationSwitchSelectSDF2.xml
----------------- Instantiating /home/travis/build/icyphy/ptII/ptolemy/actor/lib/test/auto/ConfigurationSwitchSelectSDF2.xml
2 ms. Memory: 493568K Free: 397702K (81%)
----------------- Invoking toplevel() on ptolemy.moml.MoMLSimpleApplication@64b65341
----------------- Done invoking toplevel() on ptolemy.moml.MoMLSimpleApplication@64b65341
reloadAllAccessors: .ConfigurationSwitchSelectSDF2

===========================================================================================
----------------- testing Fri Jun 28 04:46:41 UTC 2019 /home/travis/build/icyphy/ptII/ptolemy/actor/lib/test/auto/Const.xml
----------------- Instantiating /home/travis/build/icyphy/ptII/ptolemy/actor/lib/test/auto/Const.xml
1 ms. Memory: 493568K Free: 394120K (80%)
----------------- Invoking toplevel() on ptolemy.moml.MoMLSimpleApplication@52c421ed
----------------- Done invoking toplevel() on ptolemy.moml.MoMLSimpleApplication@52c421ed
reloadAllAccessors: .Const

===========================================================================================
----------------- testing Fri Jun 28 04:46:41 UTC 2019 /home/travis/build/icyphy/ptII/ptolemy/actor/lib/test/auto/Const2.xml
----------------- Instantiating /home/travis/build/icyphy/ptII/ptolemy/actor/lib/test/auto/Const2.xml
1 ms. Memory: 493568K Free: 390024K (79%)
----------------- Invoking toplevel() on ptolemy.moml.MoMLSimpleApplication@337c0992
----------------- Done invoking toplevel() on ptolemy.moml.MoMLSimpleApplication@337c0992
reloadAllAccessors: .Const2

===========================================================================================
----------------- testing Fri Jun 28 04:46:41 UTC 2019 /home/travis/build/icyphy/ptII/ptolemy/actor/lib/test/auto/Const3.xml
----------------- Instantiating /home/travis/build/icyphy/ptII/ptolemy/actor/lib/test/auto/Const3.xml
1 ms. Memory: 493568K Free: 387462K (79%)
----------------- Invoking toplevel() on ptolemy.moml.MoMLSimpleApplication@35c58eea
----------------- Done invoking toplevel() on ptolemy.moml.MoMLSimpleApplication@35c58eea
reloadAllAccessors: .Const3

===========================================================================================
----------------- testing Fri Jun 28 04:46:41 UTC 2019 /home/travis/build/icyphy/ptII/ptolemy/actor/lib/test/auto/ConstantPublisherPort1.xml
----------------- Instantiating /home/travis/build/icyphy/ptII/ptolemy/actor/lib/test/auto/ConstantPublisherPort1.xml
7 ms. Memory: 493568K Free: 378246K (77%)
----------------- Invoking toplevel() on ptolemy.moml.MoMLSimpleApplication@dec94d
----------------- Done invoking toplevel() on ptolemy.moml.MoMLSimpleApplication@dec94d
reloadAllAccessors: .ConstantPublisherPort1

===========================================================================================
----------------- testing Fri Jun 28 04:46:41 UTC 2019 /home/travis/build/icyphy/ptII/ptolemy/actor/lib/test/auto/ConstantPublisherPort2.xml
----------------- Instantiating /home/travis/build/icyphy/ptII/ptolemy/actor/lib/test/auto/ConstantPublisherPort2.xml
12 ms. Memory: 493568K Free: 370568K (75%)
----------------- Invoking toplevel() on ptolemy.moml.MoMLSimpleApplication@6739f98d
----------------- Done invoking toplevel() on ptolemy.moml.MoMLSimpleApplication@6739f98d
reloadAllAccessors: .ConstantPublisherPort2

===========================================================================================
----------------- testing Fri Jun 28 04:46:41 UTC 2019 /home/travis/build/icyphy/ptII/ptolemy/actor/lib/test/auto/ConstantPublisherPort3.xml
----------------- Instantiating /home/travis/build/icyphy/ptII/ptolemy/actor/lib/test/auto/ConstantPublisherPort3.xml
7 ms. Memory: 493568K Free: 363400K (74%)
----------------- Invoking toplevel() on ptolemy.moml.MoMLSimpleApplication@50a5329a
----------------- Done invoking toplevel() on ptolemy.moml.MoMLSimpleApplication@50a5329a
reloadAllAccessors: .ConstantPublisherPort3

===========================================================================================
----------------- testing Fri Jun 28 04:46:41 UTC 2019 /home/travis/build/icyphy/ptII/ptolemy/actor/lib/test/auto/ConstantPublisherPort4.xml
----------------- Instantiating /home/travis/build/icyphy/ptII/ptolemy/actor/lib/test/auto/ConstantPublisherPort4.xml
3 ms. Memory: 493568K Free: 356232K (72%)
----------------- Invoking toplevel() on ptolemy.moml.MoMLSimpleApplication@1078f49f
----------------- Done invoking toplevel() on ptolemy.moml.MoMLSimpleApplication@1078f49f
reloadAllAccessors: .ConstantPublisherPort4

===========================================================================================
----------------- testing Fri Jun 28 04:46:41 UTC 2019 /home/travis/build/icyphy/ptII/ptolemy/actor/lib/test/auto/ConstantPublisherPort5.xml
----------------- Instantiating /home/travis/build/icyphy/ptII/ptolemy/actor/lib/test/auto/ConstantPublisherPort5.xml
29 ms. Memory: 493568K Free: 346502K (70%)
----------------- Invoking toplevel() on ptolemy.moml.MoMLSimpleApplication@128233c6
----------------- Done invoking toplevel() on ptolemy.moml.MoMLSimpleApplication@128233c6
reloadAllAccessors: .ConstantPublisherPort5

===========================================================================================
----------------- testing Fri Jun 28 04:46:42 UTC 2019 /home/travis/build/icyphy/ptII/ptolemy/actor/lib/test/auto/ConstantPublisherPort6.xml
----------------- Instantiating /home/travis/build/icyphy/ptII/ptolemy/actor/lib/test/auto/ConstantPublisherPort6.xml
18 ms. Memory: 493568K Free: 337800K (68%)
----------------- Invoking toplevel() on ptolemy.moml.MoMLSimpleApplication@2bac2bfb
----------------- Done invoking toplevel() on ptolemy.moml.MoMLSimpleApplication@2bac2bfb
reloadAllAccessors: .ConstantPublisherPort6

===========================================================================================
----------------- testing Fri Jun 28 04:46:42 UTC 2019 /home/travis/build/icyphy/ptII/ptolemy/actor/lib/test/auto/ConstantPublisherPort7.xml
----------------- Instantiating /home/travis/build/icyphy/ptII/ptolemy/actor/lib/test/auto/ConstantPublisherPort7.xml
18 ms. Memory: 493568K Free: 328584K (67%)
----------------- Invoking toplevel() on ptolemy.moml.MoMLSimpleApplication@5d30f3d4
----------------- Done invoking toplevel() on ptolemy.moml.MoMLSimpleApplication@5d30f3d4
reloadAllAccessors: .ConstantPublisherPort7

===========================================================================================
----------------- testing Fri Jun 28 04:46:42 UTC 2019 /home/travis/build/icyphy/ptII/ptolemy/actor/lib/test/auto/ConstraintMonitor1.xml
----------------- Instantiating /home/travis/build/icyphy/ptII/ptolemy/actor/lib/test/auto/ConstraintMonitor1.xml
10 ms. Memory: 493568K Free: 322950K (65%)
----------------- Invoking toplevel() on ptolemy.moml.MoMLSimpleApplication@2a2eef9
----------------- Done invoking toplevel() on ptolemy.moml.MoMLSimpleApplication@2a2eef9
reloadAllAccessors: .ConstraintMonitor1

===========================================================================================
----------------- testing Fri Jun 28 04:46:42 UTC 2019 /home/travis/build/icyphy/ptII/ptolemy/actor/lib/test/auto/ConstraintMonitor2.xml
----------------- Instantiating /home/travis/build/icyphy/ptII/ptolemy/actor/lib/test/auto/ConstraintMonitor2.xml
8 ms. Memory: 493568K Free: 318854K (65%)
----------------- Invoking toplevel() on ptolemy.moml.MoMLSimpleApplication@7cd1d48e
----------------- Done invoking toplevel() on ptolemy.moml.MoMLSimpleApplication@7cd1d48e
reloadAllAccessors: .ConstraintMonitor2

===========================================================================================
----------------- testing Fri Jun 28 04:46:42 UTC 2019 /home/travis/build/icyphy/ptII/ptolemy/actor/lib/test/auto/ConstraintMonitor3.xml
----------------- Instantiating /home/travis/build/icyphy/ptII/ptolemy/actor/lib/test/auto/ConstraintMonitor3.xml
2 ms. Memory: 493568K Free: 314248K (64%)
----------------- Invoking toplevel() on ptolemy.moml.MoMLSimpleApplication@c8c9386
----------------- Done invoking toplevel() on ptolemy.moml.MoMLSimpleApplication@c8c9386
reloadAllAccessors: .ConstraintMonitor3

===========================================================================================
----------------- testing Fri Jun 28 04:46:42 UTC 2019 /home/travis/build/icyphy/ptII/ptolemy/actor/lib/test/auto/ConstraintMonitor4.xml
----------------- Instantiating /home/travis/build/icyphy/ptII/ptolemy/actor/lib/test/auto/ConstraintMonitor4.xml
3 ms. Memory: 493568K Free: 309128K (63%)
----------------- Invoking toplevel() on ptolemy.moml.MoMLSimpleApplication@736a481d
----------------- Done invoking toplevel() on ptolemy.moml.MoMLSimpleApplication@736a481d
reloadAllAccessors: .ConstraintMonitor4

===========================================================================================
----------------- testing Fri Jun 28 04:46:42 UTC 2019 /home/travis/build/icyphy/ptII/ptolemy/actor/lib/test/auto/ConstraintMonitor5.xml
----------------- Instantiating /home/travis/build/icyphy/ptII/ptolemy/actor/lib/test/auto/ConstraintMonitor5.xml
2 ms. Memory: 493568K Free: 304518K (62%)
----------------- Invoking toplevel() on ptolemy.moml.MoMLSimpleApplication@4134126e
----------------- Done invoking toplevel() on ptolemy.moml.MoMLSimpleApplication@4134126e
reloadAllAccessors: .ConstraintMonitor5

===========================================================================================
----------------- testing Fri Jun 28 04:46:42 UTC 2019 /home/travis/build/icyphy/ptII/ptolemy/actor/lib/test/auto/ConstraintMonitor6.xml
----------------- Instantiating /home/travis/build/icyphy/ptII/ptolemy/actor/lib/test/auto/ConstraintMonitor6.xml
6 ms. Memory: 493568K Free: 297864K (60%)
----------------- Invoking toplevel() on ptolemy.moml.MoMLSimpleApplication@270d2b17
----------------- Done invoking toplevel() on ptolemy.moml.MoMLSimpleApplication@270d2b17
reloadAllAccessors: .ConstraintMonitor6

===========================================================================================
----------------- testing Fri Jun 28 04:46:42 UTC 2019 /home/travis/build/icyphy/ptII/ptolemy/actor/lib/test/auto/ConstraintMonitor7.xml
----------------- Instantiating /home/travis/build/icyphy/ptII/ptolemy/actor/lib/test/auto/ConstraintMonitor7.xml
6 ms. Memory: 493568K Free: 291720K (59%)
----------------- Invoking toplevel() on ptolemy.moml.MoMLSimpleApplication@536f1585
----------------- Done invoking toplevel() on ptolemy.moml.MoMLSimpleApplication@536f1585
reloadAllAccessors: .ConstraintMonitor7

===========================================================================================
----------------- testing Fri Jun 28 04:46:42 UTC 2019 /home/travis/build/icyphy/ptII/ptolemy/actor/lib/test/auto/ConstraintMonitor8.xml
----------------- Instantiating /home/travis/build/icyphy/ptII/ptolemy/actor/lib/test/auto/ConstraintMonitor8.xml
7 ms. Memory: 493568K Free: 284552K (58%)
----------------- Invoking toplevel() on ptolemy.moml.MoMLSimpleApplication@297c8f7a
----------------- Done invoking toplevel() on ptolemy.moml.MoMLSimpleApplication@297c8f7a
reloadAllAccessors: .ConstraintMonitor8

===========================================================================================
----------------- testing Fri Jun 28 04:46:42 UTC 2019 /home/travis/build/icyphy/ptII/ptolemy/actor/lib/test/auto/Counter.xml
----------------- Instantiating /home/travis/build/icyphy/ptII/ptolemy/actor/lib/test/auto/Counter.xml
3 ms. Memory: 493568K Free: 279432K (57%)
----------------- Invoking toplevel() on ptolemy.moml.MoMLSimpleApplication@63987674
----------------- Done invoking toplevel() on ptolemy.moml.MoMLSimpleApplication@63987674
reloadAllAccessors: .Counter

===========================================================================================
----------------- testing Fri Jun 28 04:46:42 UTC 2019 /home/travis/build/icyphy/ptII/ptolemy/actor/lib/test/auto/CurrentTimeSDF.xml
----------------- Instantiating /home/travis/build/icyphy/ptII/ptolemy/actor/lib/test/auto/CurrentTimeSDF.xml
1 ms. Memory: 493568K Free: 275336K (56%)
----------------- Invoking toplevel() on ptolemy.moml.MoMLSimpleApplication@66d7c909
----------------- Done invoking toplevel() on ptolemy.moml.MoMLSimpleApplication@66d7c909
reloadAllAccessors: .CurrentTimeSDF

===========================================================================================
----------------- testing Fri Jun 28 04:46:42 UTC 2019 /home/travis/build/icyphy/ptII/ptolemy/actor/lib/test/auto/DB.xml
----------------- Instantiating /home/travis/build/icyphy/ptII/ptolemy/actor/lib/test/auto/DB.xml
2 ms. Memory: 493568K Free: 270726K (55%)
----------------- Invoking toplevel() on ptolemy.moml.MoMLSimpleApplication@112c8c20
----------------- Done invoking toplevel() on ptolemy.moml.MoMLSimpleApplication@112c8c20
reloadAllAccessors: .DB

===========================================================================================
----------------- testing Fri Jun 28 04:46:42 UTC 2019 /home/travis/build/icyphy/ptII/ptolemy/actor/lib/test/auto/DBDE.xml
----------------- Instantiating /home/travis/build/icyphy/ptII/ptolemy/actor/lib/test/auto/DBDE.xml
2 ms. Memory: 493568K Free: 264552K (54%)
----------------- Invoking toplevel() on ptolemy.moml.MoMLSimpleApplication@7939b0c2
----------------- Done invoking toplevel() on ptolemy.moml.MoMLSimpleApplication@7939b0c2
reloadAllAccessors: .DBDE

===========================================================================================
----------------- testing Fri Jun 28 04:46:42 UTC 2019 /home/travis/build/icyphy/ptII/ptolemy/actor/lib/test/auto/DateConstructor.xml
----------------- Instantiating /home/travis/build/icyphy/ptII/ptolemy/actor/lib/test/auto/DateConstructor.xml
30 ms. Memory: 493568K Free: 246664K (50%)
----------------- Invoking toplevel() on ptolemy.moml.MoMLSimpleApplication@48488bac
----------------- Done invoking toplevel() on ptolemy.moml.MoMLSimpleApplication@48488bac
reloadAllAccessors: .DateConstructor

===========================================================================================
----------------- testing Fri Jun 28 04:46:42 UTC 2019 /home/travis/build/icyphy/ptII/ptolemy/actor/lib/test/auto/DelayTime.xml
----------------- Instantiating /home/travis/build/icyphy/ptII/ptolemy/actor/lib/test/auto/DelayTime.xml
7 ms. Memory: 493568K Free: 242054K (49%)
----------------- Invoking toplevel() on ptolemy.moml.MoMLSimpleApplication@15e575b9
----------------- Done invoking toplevel() on ptolemy.moml.MoMLSimpleApplication@15e575b9
reloadAllAccessors: .DelayTime

===========================================================================================
----------------- testing Fri Jun 28 04:46:42 UTC 2019 /home/travis/build/icyphy/ptII/ptolemy/actor/lib/test/auto/Dictionary1.xml
----------------- Instantiating /home/travis/build/icyphy/ptII/ptolemy/actor/lib/test/auto/Dictionary1.xml
1 ms. Memory: 493568K Free: 236424K (48%)
----------------- Invoking toplevel() on ptolemy.moml.MoMLSimpleApplication@256acf9d
----------------- Done invoking toplevel() on ptolemy.moml.MoMLSimpleApplication@256acf9d
reloadAllAccessors: .Dictionary1

===========================================================================================
----------------- testing Fri Jun 28 04:46:42 UTC 2019 /home/travis/build/icyphy/ptII/ptolemy/actor/lib/test/auto/Dictionary2.xml
----------------- Instantiating /home/travis/build/icyphy/ptII/ptolemy/actor/lib/test/auto/Dictionary2.xml
5 ms. Memory: 493568K Free: 230790K (47%)
----------------- Invoking toplevel() on ptolemy.moml.MoMLSimpleApplication@10555a71
----------------- Done invoking toplevel() on ptolemy.moml.MoMLSimpleApplication@10555a71
reloadAllAccessors: .Dictionary2

===========================================================================================
----------------- testing Fri Jun 28 04:46:42 UTC 2019 /home/travis/build/icyphy/ptII/ptolemy/actor/lib/test/auto/Dictionary3.xml
----------------- Instantiating /home/travis/build/icyphy/ptII/ptolemy/actor/lib/test/auto/Dictionary3.xml
1 ms. Memory: 493568K Free: 225160K (46%)
----------------- Invoking toplevel() on ptolemy.moml.MoMLSimpleApplication@d142cd7
----------------- Done invoking toplevel() on ptolemy.moml.MoMLSimpleApplication@d142cd7
reloadAllAccessors: .Dictionary3

===========================================================================================
----------------- testing Fri Jun 28 04:46:42 UTC 2019 /home/travis/build/icyphy/ptII/ptolemy/actor/lib/test/auto/Dictionary4.xml
----------------- Instantiating /home/travis/build/icyphy/ptII/ptolemy/actor/lib/test/auto/Dictionary4.xml
5 ms. Memory: 493568K Free: 218502K (44%)
----------------- Invoking toplevel() on ptolemy.moml.MoMLSimpleApplication@3b44ed58
----------------- Done invoking toplevel() on ptolemy.moml.MoMLSimpleApplication@3b44ed58
reloadAllAccessors: .Dictionary4

===========================================================================================
----------------- testing Fri Jun 28 04:46:42 UTC 2019 /home/travis/build/icyphy/ptII/ptolemy/actor/lib/test/auto/Differential.xml
----------------- Instantiating /home/travis/build/icyphy/ptII/ptolemy/actor/lib/test/auto/Differential.xml
3 ms. Memory: 493568K Free: 213896K (43%)
----------------- Invoking toplevel() on ptolemy.moml.MoMLSimpleApplication@4f3ef75c
----------------- Done invoking toplevel() on ptolemy.moml.MoMLSimpleApplication@4f3ef75c
reloadAllAccessors: .Differential

===========================================================================================
----------------- testing Fri Jun 28 04:46:42 UTC 2019 /home/travis/build/icyphy/ptII/ptolemy/actor/lib/test/auto/Director.xml
----------------- Instantiating /home/travis/build/icyphy/ptII/ptolemy/actor/lib/test/auto/Director.xml
4 ms. Memory: 493568K Free: 210310K (43%)
----------------- Invoking toplevel() on ptolemy.moml.MoMLSimpleApplication@6eab2dd5
----------------- Done invoking toplevel() on ptolemy.moml.MoMLSimpleApplication@6eab2dd5
reloadAllAccessors: .Director

===========================================================================================
----------------- testing Fri Jun 28 04:46:42 UTC 2019 /home/travis/build/icyphy/ptII/ptolemy/actor/lib/test/auto/DiscreteClock.xml
----------------- Instantiating /home/travis/build/icyphy/ptII/ptolemy/actor/lib/test/auto/DiscreteClock.xml
1 ms. Memory: 493568K Free: 206728K (42%)
----------------- Invoking toplevel() on ptolemy.moml.MoMLSimpleApplication@53b2fb99
----------------- Done invoking toplevel() on ptolemy.moml.MoMLSimpleApplication@53b2fb99
reloadAllAccessors: .DiscreteClock

===========================================================================================
----------------- testing Fri Jun 28 04:46:42 UTC 2019 /home/travis/build/icyphy/ptII/ptolemy/actor/lib/test/auto/DiscreteClock10.xml
----------------- Instantiating /home/travis/build/icyphy/ptII/ptolemy/actor/lib/test/auto/DiscreteClock10.xml
2 ms. Memory: 493568K Free: 200584K (41%)
----------------- Invoking toplevel() on ptolemy.moml.MoMLSimpleApplication@1c57cbb0
----------------- Done invoking toplevel() on ptolemy.moml.MoMLSimpleApplication@1c57cbb0
reloadAllAccessors: .DiscreteClock10

===========================================================================================
----------------- testing Fri Jun 28 04:46:42 UTC 2019 /home/travis/build/icyphy/ptII/ptolemy/actor/lib/test/auto/DiscreteClock11.xml
----------------- Instantiating /home/travis/build/icyphy/ptII/ptolemy/actor/lib/test/auto/DiscreteClock11.xml
2 ms. Memory: 493568K Free: 194440K (39%)
----------------- Invoking toplevel() on ptolemy.moml.MoMLSimpleApplication@7b61b5b8
----------------- Done invoking toplevel() on ptolemy.moml.MoMLSimpleApplication@7b61b5b8
reloadAllAccessors: .DiscreteClock11

===========================================================================================
----------------- testing Fri Jun 28 04:46:42 UTC 2019 /home/travis/build/icyphy/ptII/ptolemy/actor/lib/test/auto/DiscreteClock12.xml
----------------- Instantiating /home/travis/build/icyphy/ptII/ptolemy/actor/lib/test/auto/DiscreteClock12.xml
3 ms. Memory: 493568K Free: 188806K (38%)
----------------- Invoking toplevel() on ptolemy.moml.MoMLSimpleApplication@59e731bc
----------------- Done invoking toplevel() on ptolemy.moml.MoMLSimpleApplication@59e731bc
reloadAllAccessors: .DiscreteClock12

===========================================================================================
----------------- testing Fri Jun 28 04:46:42 UTC 2019 /home/travis/build/icyphy/ptII/ptolemy/actor/lib/test/auto/DiscreteClock13.xml
----------------- Instantiating /home/travis/build/icyphy/ptII/ptolemy/actor/lib/test/auto/DiscreteClock13.xml
5 ms. Memory: 493568K Free: 182648K (37%)
----------------- Invoking toplevel() on ptolemy.moml.MoMLSimpleApplication@69570a4f
----------------- Done invoking toplevel() on ptolemy.moml.MoMLSimpleApplication@69570a4f
reloadAllAccessors: .DiscreteClock13

===========================================================================================
----------------- testing Fri Jun 28 04:46:42 UTC 2019 /home/travis/build/icyphy/ptII/ptolemy/actor/lib/test/auto/DiscreteClock14.xml
----------------- Instantiating /home/travis/build/icyphy/ptII/ptolemy/actor/lib/test/auto/DiscreteClock14.xml
6 ms. Memory: 493568K Free: 176504K (36%)
----------------- Invoking toplevel() on ptolemy.moml.MoMLSimpleApplication@dc123a6
----------------- Done invoking toplevel() on ptolemy.moml.MoMLSimpleApplication@dc123a6
reloadAllAccessors: .DiscreteClock14

===========================================================================================
----------------- testing Fri Jun 28 04:46:42 UTC 2019 /home/travis/build/icyphy/ptII/ptolemy/actor/lib/test/auto/DiscreteClock15.xml
----------------- Instantiating /home/travis/build/icyphy/ptII/ptolemy/actor/lib/test/auto/DiscreteClock15.xml
6 ms. Memory: 493568K Free: 170360K (35%)
----------------- Invoking toplevel() on ptolemy.moml.MoMLSimpleApplication@3b78346c
----------------- Done invoking toplevel() on ptolemy.moml.MoMLSimpleApplication@3b78346c
reloadAllAccessors: .DiscreteClock15

===========================================================================================
----------------- testing Fri Jun 28 04:46:42 UTC 2019 /home/travis/build/icyphy/ptII/ptolemy/actor/lib/test/auto/DiscreteClock16.xml
----------------- Instantiating /home/travis/build/icyphy/ptII/ptolemy/actor/lib/test/auto/DiscreteClock16.xml
18 ms. Memory: 493568K Free: 157048K (32%)
----------------- Invoking toplevel() on ptolemy.moml.MoMLSimpleApplication@7d2a761b
----------------- Done invoking toplevel() on ptolemy.moml.MoMLSimpleApplication@7d2a761b
reloadAllAccessors: .DiscreteClock16

===========================================================================================
----------------- testing Fri Jun 28 04:46:42 UTC 2019 /home/travis/build/icyphy/ptII/ptolemy/actor/lib/test/auto/DiscreteClock17.xml
----------------- Instantiating /home/travis/build/icyphy/ptII/ptolemy/actor/lib/test/auto/DiscreteClock17.xml
17 ms. Memory: 493568K Free: 436005K (88%)
----------------- Invoking toplevel() on ptolemy.moml.MoMLSimpleApplication@36bee219
----------------- Done invoking toplevel() on ptolemy.moml.MoMLSimpleApplication@36bee219
reloadAllAccessors: .DiscreteClock17

===========================================================================================
----------------- testing Fri Jun 28 04:46:42 UTC 2019 /home/travis/build/icyphy/ptII/ptolemy/actor/lib/test/auto/DiscreteClock18.xml
----------------- Instantiating /home/travis/build/icyphy/ptII/ptolemy/actor/lib/test/auto/DiscreteClock18.xml
25 ms. Memory: 493568K Free: 422709K (86%)
----------------- Invoking toplevel() on ptolemy.moml.MoMLSimpleApplication@6cde55dd
----------------- Done invoking toplevel() on ptolemy.moml.MoMLSimpleApplication@6cde55dd
reloadAllAccessors: .DiscreteClock18

===========================================================================================
----------------- testing Fri Jun 28 04:46:42 UTC 2019 /home/travis/build/icyphy/ptII/ptolemy/actor/lib/test/auto/DiscreteClock19.xml
----------------- Instantiating /home/travis/build/icyphy/ptII/ptolemy/actor/lib/test/auto/DiscreteClock19.xml
20 ms. Memory: 493568K Free: 408901K (83%)
----------------- Invoking toplevel() on ptolemy.moml.MoMLSimpleApplication@9e99796
----------------- Done invoking toplevel() on ptolemy.moml.MoMLSimpleApplication@9e99796
reloadAllAccessors: .DiscreteClock19

===========================================================================================
----------------- testing Fri Jun 28 04:46:43 UTC 2019 /home/travis/build/icyphy/ptII/ptolemy/actor/lib/test/auto/DiscreteClock2.xml
----------------- Instantiating /home/travis/build/icyphy/ptII/ptolemy/actor/lib/test/auto/DiscreteClock2.xml
2 ms. Memory: 493568K Free: 403781K (82%)
----------------- Invoking toplevel() on ptolemy.moml.MoMLSimpleApplication@2e5e54b9
----------------- Done invoking toplevel() on ptolemy.moml.MoMLSimpleApplication@2e5e54b9
reloadAllAccessors: .DiscreteClock2

===========================================================================================
----------------- testing Fri Jun 28 04:46:43 UTC 2019 /home/travis/build/icyphy/ptII/ptolemy/actor/lib/test/auto/DiscreteClock20.xml
----------------- Instantiating /home/travis/build/icyphy/ptII/ptolemy/actor/lib/test/auto/DiscreteClock20.xml
9 ms. Memory: 493568K Free: 398147K (81%)
----------------- Invoking toplevel() on ptolemy.moml.MoMLSimpleApplication@6eaa9b5a
----------------- Done invoking toplevel() on ptolemy.moml.MoMLSimpleApplication@6eaa9b5a
reloadAllAccessors: .DiscreteClock20

===========================================================================================
----------------- testing Fri Jun 28 04:46:43 UTC 2019 /home/travis/build/icyphy/ptII/ptolemy/actor/lib/test/auto/DiscreteClock21.xml
----------------- Instantiating /home/travis/build/icyphy/ptII/ptolemy/actor/lib/test/auto/DiscreteClock21.xml
6 ms. Memory: 493568K Free: 393027K (80%)
----------------- Invoking toplevel() on ptolemy.moml.MoMLSimpleApplication@6b043bd9
----------------- Done invoking toplevel() on ptolemy.moml.MoMLSimpleApplication@6b043bd9
reloadAllAccessors: .DiscreteClock21

===========================================================================================
----------------- testing Fri Jun 28 04:46:43 UTC 2019 /home/travis/build/icyphy/ptII/ptolemy/actor/lib/test/auto/DiscreteClock22.xml
----------------- Instantiating /home/travis/build/icyphy/ptII/ptolemy/actor/lib/test/auto/DiscreteClock22.xml
6 ms. Memory: 493568K Free: 387397K (78%)
----------------- Invoking toplevel() on ptolemy.moml.MoMLSimpleApplication@3dc0cb85
----------------- Done invoking toplevel() on ptolemy.moml.MoMLSimpleApplication@3dc0cb85
reloadAllAccessors: .DiscreteClock22

===========================================================================================
----------------- testing Fri Jun 28 04:46:43 UTC 2019 /home/travis/build/icyphy/ptII/ptolemy/actor/lib/test/auto/DiscreteClock23.xml
----------------- Instantiating /home/travis/build/icyphy/ptII/ptolemy/actor/lib/test/auto/DiscreteClock23.xml
5 ms. Memory: 493568K Free: 381763K (77%)
----------------- Invoking toplevel() on ptolemy.moml.MoMLSimpleApplication@7dc020cb
----------------- Done invoking toplevel() on ptolemy.moml.MoMLSimpleApplication@7dc020cb
reloadAllAccessors: .DiscreteClock23

===========================================================================================
----------------- testing Fri Jun 28 04:46:43 UTC 2019 /home/travis/build/icyphy/ptII/ptolemy/actor/lib/test/auto/DiscreteClock24.xml
----------------- Instantiating /home/travis/build/icyphy/ptII/ptolemy/actor/lib/test/auto/DiscreteClock24.xml
4 ms. Memory: 493568K Free: 376133K (76%)
----------------- Invoking toplevel() on ptolemy.moml.MoMLSimpleApplication@108579f6
----------------- Done invoking toplevel() on ptolemy.moml.MoMLSimpleApplication@108579f6
reloadAllAccessors: .DiscreteClock24

===========================================================================================
----------------- testing Fri Jun 28 04:46:43 UTC 2019 /home/travis/build/icyphy/ptII/ptolemy/actor/lib/test/auto/DiscreteClock4.xml
----------------- Instantiating /home/travis/build/icyphy/ptII/ptolemy/actor/lib/test/auto/DiscreteClock4.xml
1 ms. Memory: 493568K Free: 371013K (75%)
----------------- Invoking toplevel() on ptolemy.moml.MoMLSimpleApplication@37961793
----------------- Done invoking toplevel() on ptolemy.moml.MoMLSimpleApplication@37961793
reloadAllAccessors: .DiscreteClock4

===========================================================================================
----------------- testing Fri Jun 28 04:46:43 UTC 2019 /home/travis/build/icyphy/ptII/ptolemy/actor/lib/test/auto/DiscreteClock5.xml
----------------- Instantiating /home/travis/build/icyphy/ptII/ptolemy/actor/lib/test/auto/DiscreteClock5.xml
1 ms. Memory: 493568K Free: 365379K (74%)
----------------- Invoking toplevel() on ptolemy.moml.MoMLSimpleApplication@4145e1c0
----------------- Done invoking toplevel() on ptolemy.moml.MoMLSimpleApplication@4145e1c0
reloadAllAccessors: .DiscreteClock5

===========================================================================================
----------------- testing Fri Jun 28 04:46:43 UTC 2019 /home/travis/build/icyphy/ptII/ptolemy/actor/lib/test/auto/DiscreteClock6.xml
----------------- Instantiating /home/travis/build/icyphy/ptII/ptolemy/actor/lib/test/auto/DiscreteClock6.xml
1 ms. Memory: 493568K Free: 361283K (73%)
----------------- Invoking toplevel() on ptolemy.moml.MoMLSimpleApplication@1e86830d
----------------- Done invoking toplevel() on ptolemy.moml.MoMLSimpleApplication@1e86830d
reloadAllAccessors: .DiscreteClock6

===========================================================================================
----------------- testing Fri Jun 28 04:46:43 UTC 2019 /home/travis/build/icyphy/ptII/ptolemy/actor/lib/test/auto/DiscreteClock7.xml
----------------- Instantiating /home/travis/build/icyphy/ptII/ptolemy/actor/lib/test/auto/DiscreteClock7.xml
2 ms. Memory: 493568K Free: 356163K (72%)
----------------- Invoking toplevel() on ptolemy.moml.MoMLSimpleApplication@62b0aeea
----------------- Done invoking toplevel() on ptolemy.moml.MoMLSimpleApplication@62b0aeea
reloadAllAccessors: .DiscreteClock7

===========================================================================================
----------------- testing Fri Jun 28 04:46:43 UTC 2019 /home/travis/build/icyphy/ptII/ptolemy/actor/lib/test/auto/DiscreteClock8.xml
----------------- Instantiating /home/travis/build/icyphy/ptII/ptolemy/actor/lib/test/auto/DiscreteClock8.xml
5 ms. Memory: 493568K Free: 351029K (71%)
----------------- Invoking toplevel() on ptolemy.moml.MoMLSimpleApplication@23ada205
----------------- Done invoking toplevel() on ptolemy.moml.MoMLSimpleApplication@23ada205
reloadAllAccessors: .DiscreteClock8

===========================================================================================
----------------- testing Fri Jun 28 04:46:43 UTC 2019 /home/travis/build/icyphy/ptII/ptolemy/actor/lib/test/auto/DiscreteClock9.xml
----------------- Instantiating /home/travis/build/icyphy/ptII/ptolemy/actor/lib/test/auto/DiscreteClock9.xml
5 ms. Memory: 493568K Free: 344869K (70%)
----------------- Invoking toplevel() on ptolemy.moml.MoMLSimpleApplication@67729e9e
----------------- Done invoking toplevel() on ptolemy.moml.MoMLSimpleApplication@67729e9e
reloadAllAccessors: .DiscreteClock9

===========================================================================================
----------------- testing Fri Jun 28 04:46:43 UTC 2019 /home/travis/build/icyphy/ptII/ptolemy/actor/lib/test/auto/DisplayArray.xml
----------------- Instantiating /home/travis/build/icyphy/ptII/ptolemy/actor/lib/test/auto/DisplayArray.xml
1 ms. Memory: 493568K Free: 341317K (69%)
----------------- Invoking toplevel() on ptolemy.moml.MoMLSimpleApplication@1b8b75ae
----------------- Done invoking toplevel() on ptolemy.moml.MoMLSimpleApplication@1b8b75ae
reloadAllAccessors: .DisplayArray

===========================================================================================
----------------- testing Fri Jun 28 04:46:43 UTC 2019 /home/travis/build/icyphy/ptII/ptolemy/actor/lib/test/auto/Distributor.xml
----------------- Instantiating /home/travis/build/icyphy/ptII/ptolemy/actor/lib/test/auto/Distributor.xml
1 ms. Memory: 493568K Free: 336707K (68%)
----------------- Invoking toplevel() on ptolemy.moml.MoMLSimpleApplication@5106fe77
----------------- Done invoking toplevel() on ptolemy.moml.MoMLSimpleApplication@5106fe77
reloadAllAccessors: .Distributor

===========================================================================================
----------------- testing Fri Jun 28 04:46:43 UTC 2019 /home/travis/build/icyphy/ptII/ptolemy/actor/lib/test/auto/Distributor2.xml
----------------- Instantiating /home/travis/build/icyphy/ptII/ptolemy/actor/lib/test/auto/Distributor2.xml
1 ms. Memory: 493568K Free: 331587K (67%)
----------------- Invoking toplevel() on ptolemy.moml.MoMLSimpleApplication@a6717a5
----------------- Done invoking toplevel() on ptolemy.moml.MoMLSimpleApplication@a6717a5
reloadAllAccessors: .Distributor2

===========================================================================================
----------------- testing Fri Jun 28 04:46:43 UTC 2019 /home/travis/build/icyphy/ptII/ptolemy/actor/lib/test/auto/DownSample.xml
----------------- Instantiating /home/travis/build/icyphy/ptII/ptolemy/actor/lib/test/auto/DownSample.xml
1 ms. Memory: 493568K Free: 327491K (66%)
----------------- Invoking toplevel() on ptolemy.moml.MoMLSimpleApplication@8d7a2de
----------------- Done invoking toplevel() on ptolemy.moml.MoMLSimpleApplication@8d7a2de
reloadAllAccessors: .DownSample

===========================================================================================
----------------- testing Fri Jun 28 04:46:43 UTC 2019 /home/travis/build/icyphy/ptII/ptolemy/actor/lib/test/auto/ElectronicUnitBase1.xml
----------------- Instantiating /home/travis/build/icyphy/ptII/ptolemy/actor/lib/test/auto/ElectronicUnitBase1.xml
23 ms. Memory: 493568K Free: 311621K (63%)
----------------- Invoking toplevel() on ptolemy.moml.MoMLSimpleApplication@7743ed27
----------------- Done invoking toplevel() on ptolemy.moml.MoMLSimpleApplication@7743ed27
reloadAllAccessors: .ElectronicUnitBase1

===========================================================================================
----------------- testing Fri Jun 28 04:46:43 UTC 2019 /home/travis/build/icyphy/ptII/ptolemy/actor/lib/test/auto/ElementsToArray.xml
----------------- Instantiating /home/travis/build/icyphy/ptII/ptolemy/actor/lib/test/auto/ElementsToArray.xml
3 ms. Memory: 493568K Free: 306501K (62%)
----------------- Invoking toplevel() on ptolemy.moml.MoMLSimpleApplication@4f72a6f8
----------------- Done invoking toplevel() on ptolemy.moml.MoMLSimpleApplication@4f72a6f8
reloadAllAccessors: .ElementsToArray

===========================================================================================
----------------- testing Fri Jun 28 04:46:43 UTC 2019 /home/travis/build/icyphy/ptII/ptolemy/actor/lib/test/auto/Equals.xml
----------------- Instantiating /home/travis/build/icyphy/ptII/ptolemy/actor/lib/test/auto/Equals.xml
3 ms. Memory: 493568K Free: 301891K (61%)
----------------- Invoking toplevel() on ptolemy.moml.MoMLSimpleApplication@7e475899
----------------- Done invoking toplevel() on ptolemy.moml.MoMLSimpleApplication@7e475899
reloadAllAccessors: .Equals

===========================================================================================
----------------- testing Fri Jun 28 04:46:43 UTC 2019 /home/travis/build/icyphy/ptII/ptolemy/actor/lib/test/auto/Exec.xml
----------------- Instantiating /home/travis/build/icyphy/ptII/ptolemy/actor/lib/test/auto/Exec.xml
22 ms. Memory: 493568K Free: 295747K (60%)
----------------- Invoking toplevel() on ptolemy.moml.MoMLSimpleApplication@33ab47a1
----------------- Done invoking toplevel() on ptolemy.moml.MoMLSimpleApplication@33ab47a1
reloadAllAccessors: .Exec

===========================================================================================
----------------- testing Fri Jun 28 04:46:43 UTC 2019 /home/travis/build/icyphy/ptII/ptolemy/actor/lib/test/auto/ExecEnvironment.xml
----------------- Instantiating /home/travis/build/icyphy/ptII/ptolemy/actor/lib/test/auto/ExecEnvironment.xml
26 ms. Memory: 493568K Free: 291141K (59%)
----------------- Invoking toplevel() on ptolemy.moml.MoMLSimpleApplication@17220354
----------------- Done invoking toplevel() on ptolemy.moml.MoMLSimpleApplication@17220354
reloadAllAccessors: .ExecEnvironment

===========================================================================================
----------------- testing Fri Jun 28 04:46:43 UTC 2019 /home/travis/build/icyphy/ptII/ptolemy/actor/lib/test/auto/ExecNonZeroReturnOutput.xml
----------------- Instantiating /home/travis/build/icyphy/ptII/ptolemy/actor/lib/test/auto/ExecNonZeroReturnOutput.xml
191 ms. Memory: 493568K Free: 279877K (57%)
----------------- Invoking toplevel() on ptolemy.moml.MoMLSimpleApplication@f5802c7
----------------- Done invoking toplevel() on ptolemy.moml.MoMLSimpleApplication@f5802c7
reloadAllAccessors: .ExecNonZeroReturnOutput

===========================================================================================
----------------- testing Fri Jun 28 04:46:43 UTC 2019 /home/travis/build/icyphy/ptII/ptolemy/actor/lib/test/auto/ExecRunDemos.xml
----------------- Instantiating /home/travis/build/icyphy/ptII/ptolemy/actor/lib/test/auto/ExecRunDemos.xml
10984 ms. Memory: 493568K Free: 260421K (53%)

===========================================================================================
----------------- testing Fri Jun 28 04:46:54 UTC 2019 /home/travis/build/icyphy/ptII/ptolemy/actor/lib/test/auto/ExecStop.xml
----------------- Instantiating /home/travis/build/icyphy/ptII/ptolemy/actor/lib/test/auto/ExecStop.xml
5013 ms. Memory: 493568K Free: 389440K (79%)
----------------- Invoking toplevel() on ptolemy.moml.MoMLSimpleApplication@2d396dc8
----------------- Done invoking toplevel() on ptolemy.moml.MoMLSimpleApplication@2d396dc8
reloadAllAccessors: .ExecStop

===========================================================================================
----------------- testing Fri Jun 28 04:46:59 UTC 2019 /home/travis/build/icyphy/ptII/ptolemy/actor/lib/test/auto/ExecutionTimeSDF.xml
----------------- Instantiating /home/travis/build/icyphy/ptII/ptolemy/actor/lib/test/auto/ExecutionTimeSDF.xml
Fired ExecutionTime: -1806567296
Fired ExecutionTime: 1070000000
Fired ExecutionTime: -1110567296
6010 ms. Memory: 493568K Free: 376130K (76%)
----------------- Invoking toplevel() on ptolemy.moml.MoMLSimpleApplication@4b7ad2b4
----------------- Done invoking toplevel() on ptolemy.moml.MoMLSimpleApplication@4b7ad2b4
reloadAllAccessors: .ExecutionTimeSDF

===========================================================================================
----------------- testing Fri Jun 28 04:47:05 UTC 2019 /home/travis/build/icyphy/ptII/ptolemy/actor/lib/test/auto/Expression1.xml
----------------- Instantiating /home/travis/build/icyphy/ptII/ptolemy/actor/lib/test/auto/Expression1.xml
2 ms. Memory: 493568K Free: 372548K (75%)
----------------- Invoking toplevel() on ptolemy.moml.MoMLSimpleApplication@606d65fd
----------------- Done invoking toplevel() on ptolemy.moml.MoMLSimpleApplication@606d65fd
reloadAllAccessors: .Expression1

===========================================================================================
----------------- testing Fri Jun 28 04:47:05 UTC 2019 /home/travis/build/icyphy/ptII/ptolemy/actor/lib/test/auto/Expression10.xml
----------------- Instantiating /home/travis/build/icyphy/ptII/ptolemy/actor/lib/test/auto/Expression10.xml
8 ms. Memory: 493568K Free: 366914K (74%)
----------------- Invoking toplevel() on ptolemy.moml.MoMLSimpleApplication@392efd14
----------------- Done invoking toplevel() on ptolemy.moml.MoMLSimpleApplication@392efd14
reloadAllAccessors: .Expression10

===========================================================================================
----------------- testing Fri Jun 28 04:47:05 UTC 2019 /home/travis/build/icyphy/ptII/ptolemy/actor/lib/test/auto/Expression11.xml
----------------- Instantiating /home/travis/build/icyphy/ptII/ptolemy/actor/lib/test/auto/Expression11.xml
2 ms. Memory: 493568K Free: 362308K (73%)
----------------- Invoking toplevel() on ptolemy.moml.MoMLSimpleApplication@676fd697
----------------- Done invoking toplevel() on ptolemy.moml.MoMLSimpleApplication@676fd697
reloadAllAccessors: .Expression11

===========================================================================================
----------------- testing Fri Jun 28 04:47:05 UTC 2019 /home/travis/build/icyphy/ptII/ptolemy/actor/lib/test/auto/Expression12.xml
----------------- Instantiating /home/travis/build/icyphy/ptII/ptolemy/actor/lib/test/auto/Expression12.xml
3 ms. Memory: 493568K Free: 356674K (72%)
----------------- Invoking toplevel() on ptolemy.moml.MoMLSimpleApplication@30e8532
----------------- Done invoking toplevel() on ptolemy.moml.MoMLSimpleApplication@30e8532
reloadAllAccessors: .Expression12

===========================================================================================
----------------- testing Fri Jun 28 04:47:06 UTC 2019 /home/travis/build/icyphy/ptII/ptolemy/actor/lib/test/auto/Expression13.xml
----------------- Instantiating /home/travis/build/icyphy/ptII/ptolemy/actor/lib/test/auto/Expression13.xml
4 ms. Memory: 493568K Free: 351554K (71%)
----------------- Invoking toplevel() on ptolemy.moml.MoMLSimpleApplication@64cd3702
----------------- Done invoking toplevel() on ptolemy.moml.MoMLSimpleApplication@64cd3702
reloadAllAccessors: .Expression13

===========================================================================================
----------------- testing Fri Jun 28 04:47:06 UTC 2019 /home/travis/build/icyphy/ptII/ptolemy/actor/lib/test/auto/Expression14.xml
----------------- Instantiating /home/travis/build/icyphy/ptII/ptolemy/actor/lib/test/auto/Expression14.xml
8 ms. Memory: 493568K Free: 345410K (70%)
----------------- Invoking toplevel() on ptolemy.moml.MoMLSimpleApplication@367483b5
----------------- Done invoking toplevel() on ptolemy.moml.MoMLSimpleApplication@367483b5
reloadAllAccessors: .Expression14

===========================================================================================
----------------- testing Fri Jun 28 04:47:06 UTC 2019 /home/travis/build/icyphy/ptII/ptolemy/actor/lib/test/auto/Expression15.xml
----------------- Instantiating /home/travis/build/icyphy/ptII/ptolemy/actor/lib/test/auto/Expression15.xml
1 ms. Memory: 493568K Free: 341828K (69%)
----------------- Invoking toplevel() on ptolemy.moml.MoMLSimpleApplication@3818c858
----------------- Done invoking toplevel() on ptolemy.moml.MoMLSimpleApplication@3818c858
reloadAllAccessors: .Expression15

===========================================================================================
----------------- testing Fri Jun 28 04:47:06 UTC 2019 /home/travis/build/icyphy/ptII/ptolemy/actor/lib/test/auto/Expression16.xml
----------------- Instantiating /home/travis/build/icyphy/ptII/ptolemy/actor/lib/test/auto/Expression16.xml
3 ms. Memory: 493568K Free: 336708K (68%)
----------------- Invoking toplevel() on ptolemy.moml.MoMLSimpleApplication@6561fbb1
----------------- Done invoking toplevel() on ptolemy.moml.MoMLSimpleApplication@6561fbb1
reloadAllAccessors: .Expression16

===========================================================================================
----------------- testing Fri Jun 28 04:47:06 UTC 2019 /home/travis/build/icyphy/ptII/ptolemy/actor/lib/test/auto/Expression17.xml
----------------- Instantiating /home/travis/build/icyphy/ptII/ptolemy/actor/lib/test/auto/Expression17.xml
3 ms. Memory: 493568K Free: 331588K (67%)
----------------- Invoking toplevel() on ptolemy.moml.MoMLSimpleApplication@224ac3da
----------------- Done invoking toplevel() on ptolemy.moml.MoMLSimpleApplication@224ac3da
reloadAllAccessors: .Expression17

===========================================================================================
----------------- testing Fri Jun 28 04:47:06 UTC 2019 /home/travis/build/icyphy/ptII/ptolemy/actor/lib/test/auto/Expression18.xml
----------------- Instantiating /home/travis/build/icyphy/ptII/ptolemy/actor/lib/test/auto/Expression18.xml
2 ms. Memory: 493568K Free: 325954K (66%)
----------------- Invoking toplevel() on ptolemy.moml.MoMLSimpleApplication@5e535ebf
----------------- Done invoking toplevel() on ptolemy.moml.MoMLSimpleApplication@5e535ebf
reloadAllAccessors: .Expression18

===========================================================================================
----------------- testing Fri Jun 28 04:47:06 UTC 2019 /home/travis/build/icyphy/ptII/ptolemy/actor/lib/test/auto/Expression2.xml
----------------- Instantiating /home/travis/build/icyphy/ptII/ptolemy/actor/lib/test/auto/Expression2.xml
2 ms. Memory: 493568K Free: 320834K (65%)
----------------- Invoking toplevel() on ptolemy.moml.MoMLSimpleApplication@4c09aa1a
----------------- Done invoking toplevel() on ptolemy.moml.MoMLSimpleApplication@4c09aa1a
reloadAllAccessors: .Expression2

===========================================================================================
----------------- testing Fri Jun 28 04:47:06 UTC 2019 /home/travis/build/icyphy/ptII/ptolemy/actor/lib/test/auto/Expression3.xml
----------------- Instantiating /home/travis/build/icyphy/ptII/ptolemy/actor/lib/test/auto/Expression3.xml
7 ms. Memory: 493568K Free: 316228K (64%)
----------------- Invoking toplevel() on ptolemy.moml.MoMLSimpleApplication@21a2ce98
----------------- Done invoking toplevel() on ptolemy.moml.MoMLSimpleApplication@21a2ce98
reloadAllAccessors: .Expression3

===========================================================================================
----------------- testing Fri Jun 28 04:47:06 UTC 2019 /home/travis/build/icyphy/ptII/ptolemy/actor/lib/test/auto/Expression4.xml
----------------- Instantiating /home/travis/build/icyphy/ptII/ptolemy/actor/lib/test/auto/Expression4.xml
6 ms. Memory: 493568K Free: 308546K (63%)
----------------- Invoking toplevel() on ptolemy.moml.MoMLSimpleApplication@3a274e59
----------------- Done invoking toplevel() on ptolemy.moml.MoMLSimpleApplication@3a274e59
reloadAllAccessors: .Expression4

===========================================================================================
----------------- testing Fri Jun 28 04:47:06 UTC 2019 /home/travis/build/icyphy/ptII/ptolemy/actor/lib/test/auto/Expression5.xml
----------------- Instantiating /home/travis/build/icyphy/ptII/ptolemy/actor/lib/test/auto/Expression5.xml
4 ms. Memory: 493568K Free: 303426K (61%)
----------------- Invoking toplevel() on ptolemy.moml.MoMLSimpleApplication@757302be
----------------- Done invoking toplevel() on ptolemy.moml.MoMLSimpleApplication@757302be
reloadAllAccessors: .Expression5

===========================================================================================
----------------- testing Fri Jun 28 04:47:06 UTC 2019 /home/travis/build/icyphy/ptII/ptolemy/actor/lib/test/auto/Expression6.xml
----------------- Instantiating /home/travis/build/icyphy/ptII/ptolemy/actor/lib/test/auto/Expression6.xml
2 ms. Memory: 493568K Free: 298820K (61%)
----------------- Invoking toplevel() on ptolemy.moml.MoMLSimpleApplication@1b670338
----------------- Done invoking toplevel() on ptolemy.moml.MoMLSimpleApplication@1b670338
reloadAllAccessors: .Expression6

===========================================================================================
----------------- testing Fri Jun 28 04:47:06 UTC 2019 /home/travis/build/icyphy/ptII/ptolemy/actor/lib/test/auto/Expression7.xml
----------------- Instantiating /home/travis/build/icyphy/ptII/ptolemy/actor/lib/test/auto/Expression7.xml
3 ms. Memory: 493568K Free: 293700K (60%)
----------------- Invoking toplevel() on ptolemy.moml.MoMLSimpleApplication@7a71d22e
----------------- Done invoking toplevel() on ptolemy.moml.MoMLSimpleApplication@7a71d22e
reloadAllAccessors: .Expression7

===========================================================================================
----------------- testing Fri Jun 28 04:47:06 UTC 2019 /home/travis/build/icyphy/ptII/ptolemy/actor/lib/test/auto/Expression8.xml
----------------- Instantiating /home/travis/build/icyphy/ptII/ptolemy/actor/lib/test/auto/Expression8.xml
8 ms. Memory: 493568K Free: 289090K (59%)
----------------- Invoking toplevel() on ptolemy.moml.MoMLSimpleApplication@2bdae186
----------------- Done invoking toplevel() on ptolemy.moml.MoMLSimpleApplication@2bdae186
reloadAllAccessors: .Expression8

===========================================================================================
----------------- testing Fri Jun 28 04:47:06 UTC 2019 /home/travis/build/icyphy/ptII/ptolemy/actor/lib/test/auto/Expression9.xml
----------------- Instantiating /home/travis/build/icyphy/ptII/ptolemy/actor/lib/test/auto/Expression9.xml
3 ms. Memory: 493568K Free: 284994K (58%)
----------------- Invoking toplevel() on ptolemy.moml.MoMLSimpleApplication@746a22d9
----------------- Done invoking toplevel() on ptolemy.moml.MoMLSimpleApplication@746a22d9
reloadAllAccessors: .Expression9

===========================================================================================
----------------- testing Fri Jun 28 04:47:06 UTC 2019 /home/travis/build/icyphy/ptII/ptolemy/actor/lib/test/auto/ExpressionConcatenateArrayType.xml
----------------- Instantiating /home/travis/build/icyphy/ptII/ptolemy/actor/lib/test/auto/ExpressionConcatenateArrayType.xml
3 ms. Memory: 493568K Free: 278340K (56%)
----------------- Invoking toplevel() on ptolemy.moml.MoMLSimpleApplication@2b8ed0a3
----------------- Done invoking toplevel() on ptolemy.moml.MoMLSimpleApplication@2b8ed0a3
reloadAllAccessors: .ExpressionConcatenateArrayType

===========================================================================================
----------------- testing Fri Jun 28 04:47:06 UTC 2019 /home/travis/build/icyphy/ptII/ptolemy/actor/lib/test/auto/ExpressionConcatenateArrayType2.xml
----------------- Instantiating /home/travis/build/icyphy/ptII/ptolemy/actor/lib/test/auto/ExpressionConcatenateArrayType2.xml
3 ms. Memory: 493568K Free: 272706K (55%)
----------------- Invoking toplevel() on ptolemy.moml.MoMLSimpleApplication@212e86cf
----------------- Done invoking toplevel() on ptolemy.moml.MoMLSimpleApplication@212e86cf
reloadAllAccessors: .ExpressionConcatenateArrayType2

===========================================================================================
----------------- testing Fri Jun 28 04:47:06 UTC 2019 /home/travis/build/icyphy/ptII/ptolemy/actor/lib/test/auto/ExpressionFix.xml
----------------- Instantiating /home/travis/build/icyphy/ptII/ptolemy/actor/lib/test/auto/ExpressionFix.xml
25 ms. Memory: 493568K Free: 266052K (54%)
----------------- Invoking toplevel() on ptolemy.moml.MoMLSimpleApplication@6b6c6653
----------------- Done invoking toplevel() on ptolemy.moml.MoMLSimpleApplication@6b6c6653
reloadAllAccessors: .ExpressionFix

===========================================================================================
----------------- testing Fri Jun 28 04:47:06 UTC 2019 /home/travis/build/icyphy/ptII/ptolemy/actor/lib/test/auto/ExpressionFix2.xml
----------------- Instantiating /home/travis/build/icyphy/ptII/ptolemy/actor/lib/test/auto/ExpressionFix2.xml
7 ms. Memory: 493568K Free: 261956K (53%)
----------------- Invoking toplevel() on ptolemy.moml.MoMLSimpleApplication@49b6309e
----------------- Done invoking toplevel() on ptolemy.moml.MoMLSimpleApplication@49b6309e
reloadAllAccessors: .ExpressionFix2

===========================================================================================
----------------- testing Fri Jun 28 04:47:06 UTC 2019 /home/travis/build/icyphy/ptII/ptolemy/actor/lib/test/auto/ExpressionFix3.xml
----------------- Instantiating /home/travis/build/icyphy/ptII/ptolemy/actor/lib/test/auto/ExpressionFix3.xml
3 ms. Memory: 493568K Free: 257346K (52%)
----------------- Invoking toplevel() on ptolemy.moml.MoMLSimpleApplication@d5cf04d
----------------- Done invoking toplevel() on ptolemy.moml.MoMLSimpleApplication@d5cf04d
reloadAllAccessors: .ExpressionFix3

===========================================================================================
----------------- testing Fri Jun 28 04:47:06 UTC 2019 /home/travis/build/icyphy/ptII/ptolemy/actor/lib/test/auto/FileWriter1.xml
----------------- Instantiating /home/travis/build/icyphy/ptII/ptolemy/actor/lib/test/auto/FileWriter1.xml
3 ms. Memory: 493568K Free: 253764K (51%)
----------------- Invoking toplevel() on ptolemy.moml.MoMLSimpleApplication@c66a3ac
----------------- Done invoking toplevel() on ptolemy.moml.MoMLSimpleApplication@c66a3ac
reloadAllAccessors: .FileWriter1

===========================================================================================
----------------- testing Fri Jun 28 04:47:06 UTC 2019 /home/travis/build/icyphy/ptII/ptolemy/actor/lib/test/auto/FileWriter2.xml
----------------- Instantiating /home/travis/build/icyphy/ptII/ptolemy/actor/lib/test/auto/FileWriter2.xml
6 ms. Memory: 493568K Free: 249154K (50%)
----------------- Invoking toplevel() on ptolemy.moml.MoMLSimpleApplication@42c47658
----------------- Done invoking toplevel() on ptolemy.moml.MoMLSimpleApplication@42c47658
reloadAllAccessors: .FileWriter2

===========================================================================================
----------------- testing Fri Jun 28 04:47:06 UTC 2019 /home/travis/build/icyphy/ptII/ptolemy/actor/lib/test/auto/FileWriter3.xml
----------------- Instantiating /home/travis/build/icyphy/ptII/ptolemy/actor/lib/test/auto/FileWriter3.xml
6 ms. Memory: 493568K Free: 245058K (50%)
----------------- Invoking toplevel() on ptolemy.moml.MoMLSimpleApplication@693a54f5
----------------- Done invoking toplevel() on ptolemy.moml.MoMLSimpleApplication@693a54f5
reloadAllAccessors: .FileWriter3

===========================================================================================
----------------- testing Fri Jun 28 04:47:06 UTC 2019 /home/travis/build/icyphy/ptII/ptolemy/actor/lib/test/auto/Gaussian.xml
----------------- Instantiating /home/travis/build/icyphy/ptII/ptolemy/actor/lib/test/auto/Gaussian.xml
4 ms. Memory: 493568K Free: 240452K (49%)
----------------- Invoking toplevel() on ptolemy.moml.MoMLSimpleApplication@1e177fca
----------------- Done invoking toplevel() on ptolemy.moml.MoMLSimpleApplication@1e177fca
reloadAllAccessors: .Gaussian

===========================================================================================
----------------- testing Fri Jun 28 04:47:06 UTC 2019 /home/travis/build/icyphy/ptII/ptolemy/actor/lib/test/auto/Gaussian1.xml
----------------- Instantiating /home/travis/build/icyphy/ptII/ptolemy/actor/lib/test/auto/Gaussian1.xml
11 ms. Memory: 493568K Free: 235332K (48%)
----------------- Invoking toplevel() on ptolemy.moml.MoMLSimpleApplication@11e0c3e
----------------- Done invoking toplevel() on ptolemy.moml.MoMLSimpleApplication@11e0c3e
reloadAllAccessors: .Gaussian1

===========================================================================================
----------------- testing Fri Jun 28 04:47:06 UTC 2019 /home/travis/build/icyphy/ptII/ptolemy/actor/lib/test/auto/Gaussian2.xml
----------------- Instantiating /home/travis/build/icyphy/ptII/ptolemy/actor/lib/test/auto/Gaussian2.xml
2 ms. Memory: 493568K Free: 229684K (47%)
----------------- Invoking toplevel() on ptolemy.moml.MoMLSimpleApplication@1c362f02
----------------- Done invoking toplevel() on ptolemy.moml.MoMLSimpleApplication@1c362f02
reloadAllAccessors: .Gaussian2

===========================================================================================
----------------- testing Fri Jun 28 04:47:06 UTC 2019 /home/travis/build/icyphy/ptII/ptolemy/actor/lib/test/auto/GradientAdaptiveLattice.xml
----------------- Instantiating /home/travis/build/icyphy/ptII/ptolemy/actor/lib/test/auto/GradientAdaptiveLattice.xml
3 ms. Memory: 493568K Free: 225092K (46%)
----------------- Invoking toplevel() on ptolemy.moml.MoMLSimpleApplication@63258fb
----------------- Done invoking toplevel() on ptolemy.moml.MoMLSimpleApplication@63258fb
reloadAllAccessors: .GradientAdaptiveLattice

===========================================================================================
----------------- testing Fri Jun 28 04:47:06 UTC 2019 /home/travis/build/icyphy/ptII/ptolemy/actor/lib/test/auto/IIR.xml
----------------- Instantiating /home/travis/build/icyphy/ptII/ptolemy/actor/lib/test/auto/IIR.xml
1 ms. Memory: 493568K Free: 220482K (45%)
----------------- Invoking toplevel() on ptolemy.moml.MoMLSimpleApplication@744f9b0b
----------------- Done invoking toplevel() on ptolemy.moml.MoMLSimpleApplication@744f9b0b
reloadAllAccessors: .IIR

===========================================================================================
----------------- testing Fri Jun 28 04:47:06 UTC 2019 /home/travis/build/icyphy/ptII/ptolemy/actor/lib/test/auto/InputOutputTransparentPorts.xml
----------------- Instantiating /home/travis/build/icyphy/ptII/ptolemy/actor/lib/test/auto/InputOutputTransparentPorts.xml
2 ms. Memory: 493568K Free: 213314K (43%)
----------------- Invoking toplevel() on ptolemy.moml.MoMLSimpleApplication@1b1e9eea
----------------- Done invoking toplevel() on ptolemy.moml.MoMLSimpleApplication@1b1e9eea
reloadAllAccessors: .InputOutputTransparentPorts

===========================================================================================
----------------- testing Fri Jun 28 04:47:06 UTC 2019 /home/travis/build/icyphy/ptII/ptolemy/actor/lib/test/auto/Interpolator.xml
----------------- Instantiating /home/travis/build/icyphy/ptII/ptolemy/actor/lib/test/auto/Interpolator.xml
5 ms. Memory: 493568K Free: 209218K (42%)
----------------- Invoking toplevel() on ptolemy.moml.MoMLSimpleApplication@73cdb0c1
----------------- Done invoking toplevel() on ptolemy.moml.MoMLSimpleApplication@73cdb0c1
reloadAllAccessors: .Interpolator

===========================================================================================
----------------- testing Fri Jun 28 04:47:06 UTC 2019 /home/travis/build/icyphy/ptII/ptolemy/actor/lib/test/auto/InterpolatorFiringLimitDE.xml
----------------- Instantiating /home/travis/build/icyphy/ptII/ptolemy/actor/lib/test/auto/InterpolatorFiringLimitDE.xml
2 ms. Memory: 493568K Free: 203074K (41%)
----------------- Invoking toplevel() on ptolemy.moml.MoMLSimpleApplication@2ad3a201
----------------- Done invoking toplevel() on ptolemy.moml.MoMLSimpleApplication@2ad3a201
reloadAllAccessors: .InterpolatorFiringLimitDE

===========================================================================================
----------------- testing Fri Jun 28 04:47:06 UTC 2019 /home/travis/build/icyphy/ptII/ptolemy/actor/lib/test/auto/Lattice.xml
----------------- Instantiating /home/travis/build/icyphy/ptII/ptolemy/actor/lib/test/auto/Lattice.xml
2 ms. Memory: 493568K Free: 198978K (40%)
----------------- Invoking toplevel() on ptolemy.moml.MoMLSimpleApplication@10912167
----------------- Done invoking toplevel() on ptolemy.moml.MoMLSimpleApplication@10912167
reloadAllAccessors: .Lattice

===========================================================================================
----------------- testing Fri Jun 28 04:47:06 UTC 2019 /home/travis/build/icyphy/ptII/ptolemy/actor/lib/test/auto/LazyAOCTestLazy.xml
----------------- Instantiating /home/travis/build/icyphy/ptII/ptolemy/actor/lib/test/auto/LazyAOCTestLazy.xml
15 ms. Memory: 493568K Free: 192828K (39%)
----------------- Invoking toplevel() on ptolemy.moml.MoMLSimpleApplication@251b1ebe
----------------- Done invoking toplevel() on ptolemy.moml.MoMLSimpleApplication@251b1ebe
reloadAllAccessors: .LazyAOCTestLazy

===========================================================================================
----------------- testing Fri Jun 28 04:47:06 UTC 2019 /home/travis/build/icyphy/ptII/ptolemy/actor/lib/test/auto/LazyAOCTestNonLazy.xml
----------------- Instantiating /home/travis/build/icyphy/ptII/ptolemy/actor/lib/test/auto/LazyAOCTestNonLazy.xml
3 ms. Memory: 493568K Free: 186180K (38%)
----------------- Invoking toplevel() on ptolemy.moml.MoMLSimpleApplication@4fe4a76d
----------------- Done invoking toplevel() on ptolemy.moml.MoMLSimpleApplication@4fe4a76d
reloadAllAccessors: .LazyAOCTestNonLazy

===========================================================================================
----------------- testing Fri Jun 28 04:47:06 UTC 2019 /home/travis/build/icyphy/ptII/ptolemy/actor/lib/test/auto/LazyInnerClass.xml
----------------- Instantiating /home/travis/build/icyphy/ptII/ptolemy/actor/lib/test/auto/LazyInnerClass.xml
10 ms. Memory: 493568K Free: 177474K (36%)
----------------- Invoking toplevel() on ptolemy.moml.MoMLSimpleApplication@2c104aae
----------------- Done invoking toplevel() on ptolemy.moml.MoMLSimpleApplication@2c104aae
reloadAllAccessors: .LazyInnerClass

===========================================================================================
----------------- testing Fri Jun 28 04:47:06 UTC 2019 /home/travis/build/icyphy/ptII/ptolemy/actor/lib/test/auto/LazyPubSub.xml
----------------- Instantiating /home/travis/build/icyphy/ptII/ptolemy/actor/lib/test/auto/LazyPubSub.xml
18 ms. Memory: 493568K Free: 167748K (34%)
----------------- Invoking toplevel() on ptolemy.moml.MoMLSimpleApplication@6b85b300
----------------- Done invoking toplevel() on ptolemy.moml.MoMLSimpleApplication@6b85b300
reloadAllAccessors: .LazyPubSub

===========================================================================================
----------------- testing Fri Jun 28 04:47:06 UTC 2019 /home/travis/build/icyphy/ptII/ptolemy/actor/lib/test/auto/LazyPubSub2.xml
----------------- Instantiating /home/travis/build/icyphy/ptII/ptolemy/actor/lib/test/auto/LazyPubSub2.xml
21 ms. Memory: 493568K Free: 158018K (32%)
----------------- Invoking toplevel() on ptolemy.moml.MoMLSimpleApplication@5096ad2f
----------------- Done invoking toplevel() on ptolemy.moml.MoMLSimpleApplication@5096ad2f
reloadAllAccessors: .LazyPubSub2

===========================================================================================
----------------- testing Fri Jun 28 04:47:06 UTC 2019 /home/travis/build/icyphy/ptII/ptolemy/actor/lib/test/auto/LazyPubSub3.xml
----------------- Instantiating /home/travis/build/icyphy/ptII/ptolemy/actor/lib/test/auto/LazyPubSub3.xml
17 ms. Memory: 493568K Free: 440134K (89%)
----------------- Invoking toplevel() on ptolemy.moml.MoMLSimpleApplication@5da8eccc
----------------- Done invoking toplevel() on ptolemy.moml.MoMLSimpleApplication@5da8eccc
reloadAllAccessors: .LazyPubSub3

===========================================================================================
----------------- testing Fri Jun 28 04:47:06 UTC 2019 /home/travis/build/icyphy/ptII/ptolemy/actor/lib/test/auto/LazySubClassModel.xml
----------------- Instantiating /home/travis/build/icyphy/ptII/ptolemy/actor/lib/test/auto/LazySubClassModel.xml
1 ms. Memory: 493568K Free: 430918K (87%)
----------------- Invoking toplevel() on ptolemy.moml.MoMLSimpleApplication@31988df
----------------- Done invoking toplevel() on ptolemy.moml.MoMLSimpleApplication@31988df
reloadAllAccessors: .LazySubClassModel

===========================================================================================
----------------- testing Fri Jun 28 04:47:06 UTC 2019 /home/travis/build/icyphy/ptII/ptolemy/actor/lib/test/auto/LevelCrossTest1.xml
----------------- Instantiating /home/travis/build/icyphy/ptII/ptolemy/actor/lib/test/auto/LevelCrossTest1.xml
1 ms. Memory: 493568K Free: 425288K (86%)
----------------- Invoking toplevel() on ptolemy.moml.MoMLSimpleApplication@7dc4cf7b
----------------- Done invoking toplevel() on ptolemy.moml.MoMLSimpleApplication@7dc4cf7b
reloadAllAccessors: .broken

===========================================================================================
----------------- testing Fri Jun 28 04:47:06 UTC 2019 /home/travis/build/icyphy/ptII/ptolemy/actor/lib/test/auto/LevelCrossTest10.xml
----------------- Instantiating /home/travis/build/icyphy/ptII/ptolemy/actor/lib/test/auto/LevelCrossTest10.xml
1 ms. Memory: 493568K Free: 417606K (85%)
----------------- Invoking toplevel() on ptolemy.moml.MoMLSimpleApplication@5f94d780
----------------- Done invoking toplevel() on ptolemy.moml.MoMLSimpleApplication@5f94d780
reloadAllAccessors: .LevelCrossTest10

===========================================================================================
----------------- testing Fri Jun 28 04:47:06 UTC 2019 /home/travis/build/icyphy/ptII/ptolemy/actor/lib/test/auto/LevelCrossTest11.xml
----------------- Instantiating /home/travis/build/icyphy/ptII/ptolemy/actor/lib/test/auto/LevelCrossTest11.xml
1 ms. Memory: 493568K Free: 409928K (83%)
----------------- Invoking toplevel() on ptolemy.moml.MoMLSimpleApplication@54b8496e
----------------- Done invoking toplevel() on ptolemy.moml.MoMLSimpleApplication@54b8496e
reloadAllAccessors: .LevelCrossTest11

===========================================================================================
----------------- testing Fri Jun 28 04:47:07 UTC 2019 /home/travis/build/icyphy/ptII/ptolemy/actor/lib/test/auto/LevelCrossTest12.xml
----------------- Instantiating /home/travis/build/icyphy/ptII/ptolemy/actor/lib/test/auto/LevelCrossTest12.xml
1 ms. Memory: 493568K Free: 403270K (82%)
----------------- Invoking toplevel() on ptolemy.moml.MoMLSimpleApplication@7ce53bd6
----------------- Done invoking toplevel() on ptolemy.moml.MoMLSimpleApplication@7ce53bd6
reloadAllAccessors: .LevelCrossTest12

===========================================================================================
----------------- testing Fri Jun 28 04:47:07 UTC 2019 /home/travis/build/icyphy/ptII/ptolemy/actor/lib/test/auto/LevelCrossTest13.xml
----------------- Instantiating /home/travis/build/icyphy/ptII/ptolemy/actor/lib/test/auto/LevelCrossTest13.xml
1 ms. Memory: 493568K Free: 395592K (80%)
----------------- Invoking toplevel() on ptolemy.moml.MoMLSimpleApplication@13cb4014
----------------- Done invoking toplevel() on ptolemy.moml.MoMLSimpleApplication@13cb4014
reloadAllAccessors: .LevelCrossTest13

===========================================================================================
----------------- testing Fri Jun 28 04:47:07 UTC 2019 /home/travis/build/icyphy/ptII/ptolemy/actor/lib/test/auto/LevelCrossTest2.xml
----------------- Instantiating /home/travis/build/icyphy/ptII/ptolemy/actor/lib/test/auto/LevelCrossTest2.xml
2 ms. Memory: 493568K Free: 389958K (79%)
----------------- Invoking toplevel() on ptolemy.moml.MoMLSimpleApplication@58db0021
----------------- Done invoking toplevel() on ptolemy.moml.MoMLSimpleApplication@58db0021
reloadAllAccessors: .broken

===========================================================================================
----------------- testing Fri Jun 28 04:47:07 UTC 2019 /home/travis/build/icyphy/ptII/ptolemy/actor/lib/test/auto/LevelCrossTest3.xml
----------------- Instantiating /home/travis/build/icyphy/ptII/ptolemy/actor/lib/test/auto/LevelCrossTest3.xml
2 ms. Memory: 493568K Free: 383304K (78%)
----------------- Invoking toplevel() on ptolemy.moml.MoMLSimpleApplication@1fd0343b
----------------- Done invoking toplevel() on ptolemy.moml.MoMLSimpleApplication@1fd0343b
reloadAllAccessors: .LevelCrossTest3

===========================================================================================
----------------- testing Fri Jun 28 04:47:07 UTC 2019 /home/travis/build/icyphy/ptII/ptolemy/actor/lib/test/auto/LevelCrossTest4.xml
----------------- Instantiating /home/travis/build/icyphy/ptII/ptolemy/actor/lib/test/auto/LevelCrossTest4.xml
1 ms. Memory: 493568K Free: 378184K (77%)
----------------- Invoking toplevel() on ptolemy.moml.MoMLSimpleApplication@15a7976
----------------- Done invoking toplevel() on ptolemy.moml.MoMLSimpleApplication@15a7976
reloadAllAccessors: .broken

===========================================================================================
----------------- testing Fri Jun 28 04:47:07 UTC 2019 /home/travis/build/icyphy/ptII/ptolemy/actor/lib/test/auto/LevelCrossTest5.xml
----------------- Instantiating /home/travis/build/icyphy/ptII/ptolemy/actor/lib/test/auto/LevelCrossTest5.xml
14 ms. Memory: 493568K Free: 371526K (75%)
----------------- Invoking toplevel() on ptolemy.moml.MoMLSimpleApplication@6723d0ba
----------------- Done invoking toplevel() on ptolemy.moml.MoMLSimpleApplication@6723d0ba
reloadAllAccessors: .LevelCrossTest5

===========================================================================================
----------------- testing Fri Jun 28 04:47:07 UTC 2019 /home/travis/build/icyphy/ptII/ptolemy/actor/lib/test/auto/LevelCrossTest6.xml
----------------- Instantiating /home/travis/build/icyphy/ptII/ptolemy/actor/lib/test/auto/LevelCrossTest6.xml
1 ms. Memory: 493568K Free: 365382K (74%)
----------------- Invoking toplevel() on ptolemy.moml.MoMLSimpleApplication@172fe224
----------------- Done invoking toplevel() on ptolemy.moml.MoMLSimpleApplication@172fe224
reloadAllAccessors: .LevelCrossTest6

===========================================================================================
----------------- testing Fri Jun 28 04:47:07 UTC 2019 /home/travis/build/icyphy/ptII/ptolemy/actor/lib/test/auto/LevelCrossTest7.xml
----------------- Instantiating /home/travis/build/icyphy/ptII/ptolemy/actor/lib/test/auto/LevelCrossTest7.xml
1 ms. Memory: 493568K Free: 357704K (72%)
----------------- Invoking toplevel() on ptolemy.moml.MoMLSimpleApplication@7c89f60
----------------- Done invoking toplevel() on ptolemy.moml.MoMLSimpleApplication@7c89f60
reloadAllAccessors: .LevelCrossTest7

===========================================================================================
----------------- testing Fri Jun 28 04:47:07 UTC 2019 /home/travis/build/icyphy/ptII/ptolemy/actor/lib/test/auto/LevelCrossTest8.xml
----------------- Instantiating /home/travis/build/icyphy/ptII/ptolemy/actor/lib/test/auto/LevelCrossTest8.xml
2 ms. Memory: 493568K Free: 350536K (71%)
----------------- Invoking toplevel() on ptolemy.moml.MoMLSimpleApplication@5ac8f686
----------------- Done invoking toplevel() on ptolemy.moml.MoMLSimpleApplication@5ac8f686
reloadAllAccessors: .LevelCrossTest8

===========================================================================================
----------------- testing Fri Jun 28 04:47:07 UTC 2019 /home/travis/build/icyphy/ptII/ptolemy/actor/lib/test/auto/LevelCrossTest9.xml
----------------- Instantiating /home/travis/build/icyphy/ptII/ptolemy/actor/lib/test/auto/LevelCrossTest9.xml
1 ms. Memory: 493568K Free: 343368K (70%)
----------------- Invoking toplevel() on ptolemy.moml.MoMLSimpleApplication@463145f6
----------------- Done invoking toplevel() on ptolemy.moml.MoMLSimpleApplication@463145f6
reloadAllAccessors: .LevelCrossTest9

===========================================================================================
----------------- testing Fri Jun 28 04:47:07 UTC 2019 /home/travis/build/icyphy/ptII/ptolemy/actor/lib/test/auto/LevinsonDurbin.xml
----------------- Instantiating /home/travis/build/icyphy/ptII/ptolemy/actor/lib/test/auto/LevinsonDurbin.xml
1 ms. Memory: 493568K Free: 339272K (69%)
----------------- Invoking toplevel() on ptolemy.moml.MoMLSimpleApplication@74184a54
----------------- Done invoking toplevel() on ptolemy.moml.MoMLSimpleApplication@74184a54
reloadAllAccessors: .LevinsonDurbin

===========================================================================================
----------------- testing Fri Jun 28 04:47:07 UTC 2019 /home/travis/build/icyphy/ptII/ptolemy/actor/lib/test/auto/LevinsonDurbin2.xml
----------------- Instantiating /home/travis/build/icyphy/ptII/ptolemy/actor/lib/test/auto/LevinsonDurbin2.xml
1 ms. Memory: 493568K Free: 335176K (68%)
----------------- Invoking toplevel() on ptolemy.moml.MoMLSimpleApplication@682bdd4e
----------------- Done invoking toplevel() on ptolemy.moml.MoMLSimpleApplication@682bdd4e
reloadAllAccessors: .LevinsonDurbin2

===========================================================================================
----------------- testing Fri Jun 28 04:47:07 UTC 2019 /home/travis/build/icyphy/ptII/ptolemy/actor/lib/test/auto/LevinsonDurbin3.xml
----------------- Instantiating /home/travis/build/icyphy/ptII/ptolemy/actor/lib/test/auto/LevinsonDurbin3.xml
6 ms. Memory: 493568K Free: 331080K (67%)
----------------- Invoking toplevel() on ptolemy.moml.MoMLSimpleApplication@6d69d0d0
----------------- Done invoking toplevel() on ptolemy.moml.MoMLSimpleApplication@6d69d0d0
reloadAllAccessors: .LevinsonDurbin3

===========================================================================================
----------------- testing Fri Jun 28 04:47:07 UTC 2019 /home/travis/build/icyphy/ptII/ptolemy/actor/lib/test/auto/Limiter.xml
----------------- Instantiating /home/travis/build/icyphy/ptII/ptolemy/actor/lib/test/auto/Limiter.xml
5 ms. Memory: 493568K Free: 321864K (65%)
----------------- Invoking toplevel() on ptolemy.moml.MoMLSimpleApplication@150050c5
----------------- Done invoking toplevel() on ptolemy.moml.MoMLSimpleApplication@150050c5
reloadAllAccessors: .Limiter

===========================================================================================
----------------- testing Fri Jun 28 04:47:07 UTC 2019 /home/travis/build/icyphy/ptII/ptolemy/actor/lib/test/auto/LinearDifferenceEquationSystem.xml
----------------- Instantiating /home/travis/build/icyphy/ptII/ptolemy/actor/lib/test/auto/LinearDifferenceEquationSystem.xml
4 ms. Memory: 493568K Free: 314696K (64%)
----------------- Invoking toplevel() on ptolemy.moml.MoMLSimpleApplication@17a5f9df
----------------- Done invoking toplevel() on ptolemy.moml.MoMLSimpleApplication@17a5f9df
reloadAllAccessors: .LinearDifferenceEquationSystem

===========================================================================================
----------------- testing Fri Jun 28 04:47:07 UTC 2019 /home/travis/build/icyphy/ptII/ptolemy/actor/lib/test/auto/LookupTable.xml
----------------- Instantiating /home/travis/build/icyphy/ptII/ptolemy/actor/lib/test/auto/LookupTable.xml
1 ms. Memory: 493568K Free: 310086K (63%)
----------------- Invoking toplevel() on ptolemy.moml.MoMLSimpleApplication@7193296d
----------------- Done invoking toplevel() on ptolemy.moml.MoMLSimpleApplication@7193296d
reloadAllAccessors: .LookupTable

===========================================================================================
----------------- testing Fri Jun 28 04:47:07 UTC 2019 /home/travis/build/icyphy/ptII/ptolemy/actor/lib/test/auto/MathFunction.xml
----------------- Instantiating /home/travis/build/icyphy/ptII/ptolemy/actor/lib/test/auto/MathFunction.xml
3 ms. Memory: 493568K Free: 301894K (61%)
----------------- Invoking toplevel() on ptolemy.moml.MoMLSimpleApplication@36e0b575
----------------- Done invoking toplevel() on ptolemy.moml.MoMLSimpleApplication@36e0b575
reloadAllAccessors: .MathFunction

===========================================================================================
----------------- testing Fri Jun 28 04:47:07 UTC 2019 /home/travis/build/icyphy/ptII/ptolemy/actor/lib/test/auto/MathFunction2.xml
----------------- Instantiating /home/travis/build/icyphy/ptII/ptolemy/actor/lib/test/auto/MathFunction2.xml
2 ms. Memory: 493568K Free: 297798K (60%)
----------------- Invoking toplevel() on ptolemy.moml.MoMLSimpleApplication@16cb05a4
----------------- Done invoking toplevel() on ptolemy.moml.MoMLSimpleApplication@16cb05a4
reloadAllAccessors: .MathFunction2

===========================================================================================
----------------- testing Fri Jun 28 04:47:07 UTC 2019 /home/travis/build/icyphy/ptII/ptolemy/actor/lib/test/auto/MathFunction3.xml
----------------- Instantiating /home/travis/build/icyphy/ptII/ptolemy/actor/lib/test/auto/MathFunction3.xml
2 ms. Memory: 493568K Free: 290630K (59%)
----------------- Invoking toplevel() on ptolemy.moml.MoMLSimpleApplication@6f56471f
----------------- Done invoking toplevel() on ptolemy.moml.MoMLSimpleApplication@6f56471f
reloadAllAccessors: .MathFunction3

===========================================================================================
----------------- testing Fri Jun 28 04:47:07 UTC 2019 /home/travis/build/icyphy/ptII/ptolemy/actor/lib/test/auto/MatrixCropBoolean.xml
----------------- Instantiating /home/travis/build/icyphy/ptII/ptolemy/actor/lib/test/auto/MatrixCropBoolean.xml
1 ms. Memory: 493568K Free: 285496K (58%)
----------------- Invoking toplevel() on ptolemy.moml.MoMLSimpleApplication@13260c73
----------------- Done invoking toplevel() on ptolemy.moml.MoMLSimpleApplication@13260c73
reloadAllAccessors: .MatrixCropBoolean

===========================================================================================
----------------- testing Fri Jun 28 04:47:07 UTC 2019 /home/travis/build/icyphy/ptII/ptolemy/actor/lib/test/auto/MatrixCropComplex.xml
----------------- Instantiating /home/travis/build/icyphy/ptII/ptolemy/actor/lib/test/auto/MatrixCropComplex.xml
2 ms. Memory: 493568K Free: 280376K (57%)
----------------- Invoking toplevel() on ptolemy.moml.MoMLSimpleApplication@3fe75cf8
----------------- Done invoking toplevel() on ptolemy.moml.MoMLSimpleApplication@3fe75cf8
reloadAllAccessors: .MatrixCropComplex

===========================================================================================
----------------- testing Fri Jun 28 04:47:07 UTC 2019 /home/travis/build/icyphy/ptII/ptolemy/actor/lib/test/auto/MatrixCropDouble.xml
----------------- Instantiating /home/travis/build/icyphy/ptII/ptolemy/actor/lib/test/auto/MatrixCropDouble.xml
2 ms. Memory: 493568K Free: 275240K (56%)
----------------- Invoking toplevel() on ptolemy.moml.MoMLSimpleApplication@5f1f80ca
----------------- Done invoking toplevel() on ptolemy.moml.MoMLSimpleApplication@5f1f80ca
reloadAllAccessors: .MatrixCropDouble

===========================================================================================
----------------- testing Fri Jun 28 04:47:07 UTC 2019 /home/travis/build/icyphy/ptII/ptolemy/actor/lib/test/auto/MatrixCropFix.xml
----------------- Instantiating /home/travis/build/icyphy/ptII/ptolemy/actor/lib/test/auto/MatrixCropFix.xml
2 ms. Memory: 493568K Free: 270136K (55%)
----------------- Invoking toplevel() on ptolemy.moml.MoMLSimpleApplication@73832f9b
----------------- Done invoking toplevel() on ptolemy.moml.MoMLSimpleApplication@73832f9b
reloadAllAccessors: .MatrixCropFix

===========================================================================================
----------------- testing Fri Jun 28 04:47:07 UTC 2019 /home/travis/build/icyphy/ptII/ptolemy/actor/lib/test/auto/MatrixCropInt.xml
----------------- Instantiating /home/travis/build/icyphy/ptII/ptolemy/actor/lib/test/auto/MatrixCropInt.xml
3 ms. Memory: 493568K Free: 265544K (54%)
----------------- Invoking toplevel() on ptolemy.moml.MoMLSimpleApplication@405b61c2
----------------- Done invoking toplevel() on ptolemy.moml.MoMLSimpleApplication@405b61c2
reloadAllAccessors: .MatrixCropInt

===========================================================================================
----------------- testing Fri Jun 28 04:47:07 UTC 2019 /home/travis/build/icyphy/ptII/ptolemy/actor/lib/test/auto/MatrixCropLong.xml
----------------- Instantiating /home/travis/build/icyphy/ptII/ptolemy/actor/lib/test/auto/MatrixCropLong.xml
1 ms. Memory: 493568K Free: 260904K (53%)
----------------- Invoking toplevel() on ptolemy.moml.MoMLSimpleApplication@44dfeb7d
----------------- Done invoking toplevel() on ptolemy.moml.MoMLSimpleApplication@44dfeb7d
reloadAllAccessors: .MatrixCropLong

===========================================================================================
----------------- testing Fri Jun 28 04:47:07 UTC 2019 /home/travis/build/icyphy/ptII/ptolemy/actor/lib/test/auto/MatrixToArray.xml
----------------- Instantiating /home/travis/build/icyphy/ptII/ptolemy/actor/lib/test/auto/MatrixToArray.xml
9 ms. Memory: 493568K Free: 245574K (50%)
----------------- Invoking toplevel() on ptolemy.moml.MoMLSimpleApplication@3ef8ce08
----------------- Done invoking toplevel() on ptolemy.moml.MoMLSimpleApplication@3ef8ce08
reloadAllAccessors: .MatrixToArray

===========================================================================================
----------------- testing Fri Jun 28 04:47:07 UTC 2019 /home/travis/build/icyphy/ptII/ptolemy/actor/lib/test/auto/MaxIndex.xml
----------------- Instantiating /home/travis/build/icyphy/ptII/ptolemy/actor/lib/test/auto/MaxIndex.xml
2 ms. Memory: 493568K Free: 240454K (49%)
----------------- Invoking toplevel() on ptolemy.moml.MoMLSimpleApplication@f210eed
----------------- Done invoking toplevel() on ptolemy.moml.MoMLSimpleApplication@f210eed
reloadAllAccessors: .MaxIndex

===========================================================================================
----------------- testing Fri Jun 28 04:47:07 UTC 2019 /home/travis/build/icyphy/ptII/ptolemy/actor/lib/test/auto/Maximum.xml
----------------- Instantiating /home/travis/build/icyphy/ptII/ptolemy/actor/lib/test/auto/Maximum.xml
9 ms. Memory: 493568K Free: 233800K (47%)
----------------- Invoking toplevel() on ptolemy.moml.MoMLSimpleApplication@20c4b34e
----------------- Done invoking toplevel() on ptolemy.moml.MoMLSimpleApplication@20c4b34e
reloadAllAccessors: .Maximum

===========================================================================================
----------------- testing Fri Jun 28 04:47:07 UTC 2019 /home/travis/build/icyphy/ptII/ptolemy/actor/lib/test/auto/MaximumComplex.xml
----------------- Instantiating /home/travis/build/icyphy/ptII/ptolemy/actor/lib/test/auto/MaximumComplex.xml
5 ms. Memory: 493568K Free: 227656K (46%)
----------------- Invoking toplevel() on ptolemy.moml.MoMLSimpleApplication@63eafcd3
----------------- Done invoking toplevel() on ptolemy.moml.MoMLSimpleApplication@63eafcd3
reloadAllAccessors: .MaximumComplex

===========================================================================================
----------------- testing Fri Jun 28 04:47:07 UTC 2019 /home/travis/build/icyphy/ptII/ptolemy/actor/lib/test/auto/MethodCallTest.xml
----------------- Instantiating /home/travis/build/icyphy/ptII/ptolemy/actor/lib/test/auto/MethodCallTest.xml
2 ms. Memory: 493568K Free: 220998K (45%)
----------------- Invoking toplevel() on ptolemy.moml.MoMLSimpleApplication@4398b7f
----------------- Done invoking toplevel() on ptolemy.moml.MoMLSimpleApplication@4398b7f
reloadAllAccessors: .MethodCallTest

===========================================================================================
----------------- testing Fri Jun 28 04:47:07 UTC 2019 /home/travis/build/icyphy/ptII/ptolemy/actor/lib/test/auto/Minimum.xml
----------------- Instantiating /home/travis/build/icyphy/ptII/ptolemy/actor/lib/test/auto/Minimum.xml
4 ms. Memory: 493568K Free: 214840K (44%)
----------------- Invoking toplevel() on ptolemy.moml.MoMLSimpleApplication@1ff25cd
----------------- Done invoking toplevel() on ptolemy.moml.MoMLSimpleApplication@1ff25cd
reloadAllAccessors: .Minimum

===========================================================================================
----------------- testing Fri Jun 28 04:47:07 UTC 2019 /home/travis/build/icyphy/ptII/ptolemy/actor/lib/test/auto/MinimumComplex.xml
----------------- Instantiating /home/travis/build/icyphy/ptII/ptolemy/actor/lib/test/auto/MinimumComplex.xml
3 ms. Memory: 493568K Free: 208710K (42%)
----------------- Invoking toplevel() on ptolemy.moml.MoMLSimpleApplication@4e87b59
----------------- Done invoking toplevel() on ptolemy.moml.MoMLSimpleApplication@4e87b59
reloadAllAccessors: .MinimumComplex

===========================================================================================
----------------- testing Fri Jun 28 04:47:07 UTC 2019 /home/travis/build/icyphy/ptII/ptolemy/actor/lib/test/auto/MinimumMultiports.xml
----------------- Instantiating /home/travis/build/icyphy/ptII/ptolemy/actor/lib/test/auto/MinimumMultiports.xml
5 ms. Memory: 493568K Free: 200518K (41%)
----------------- Invoking toplevel() on ptolemy.moml.MoMLSimpleApplication@2bf6411e
----------------- Done invoking toplevel() on ptolemy.moml.MoMLSimpleApplication@2bf6411e
reloadAllAccessors: .MinimumMultiports

===========================================================================================
----------------- testing Fri Jun 28 04:47:07 UTC 2019 /home/travis/build/icyphy/ptII/ptolemy/actor/lib/test/auto/ModifyDate.xml
----------------- Instantiating /home/travis/build/icyphy/ptII/ptolemy/actor/lib/test/auto/ModifyDate.xml
10 ms. Memory: 493568K Free: 187720K (38%)
----------------- Invoking toplevel() on ptolemy.moml.MoMLSimpleApplication@969b4b3
----------------- Done invoking toplevel() on ptolemy.moml.MoMLSimpleApplication@969b4b3
reloadAllAccessors: .ModifyDate

===========================================================================================
----------------- testing Fri Jun 28 04:47:07 UTC 2019 /home/travis/build/icyphy/ptII/ptolemy/actor/lib/test/auto/ModifyDate2.xml
----------------- Instantiating /home/travis/build/icyphy/ptII/ptolemy/actor/lib/test/auto/ModifyDate2.xml
4 ms. Memory: 493568K Free: 179014K (36%)
----------------- Invoking toplevel() on ptolemy.moml.MoMLSimpleApplication@31ed3790
----------------- Done invoking toplevel() on ptolemy.moml.MoMLSimpleApplication@31ed3790
reloadAllAccessors: .ModifyDate2

===========================================================================================
----------------- testing Fri Jun 28 04:47:07 UTC 2019 /home/travis/build/icyphy/ptII/ptolemy/actor/lib/test/auto/MovingAverage.xml
----------------- Instantiating /home/travis/build/icyphy/ptII/ptolemy/actor/lib/test/auto/MovingAverage.xml
6 ms. Memory: 493568K Free: 173894K (35%)
----------------- Invoking toplevel() on ptolemy.moml.MoMLSimpleApplication@2a5191cd
----------------- Done invoking toplevel() on ptolemy.moml.MoMLSimpleApplication@2a5191cd
reloadAllAccessors: .MovingAverage

===========================================================================================
----------------- testing Fri Jun 28 04:47:07 UTC 2019 /home/travis/build/icyphy/ptII/ptolemy/actor/lib/test/auto/MovingMaximum.xml
----------------- Instantiating /home/travis/build/icyphy/ptII/ptolemy/actor/lib/test/auto/MovingMaximum.xml
2 ms. Memory: 493568K Free: 169288K (34%)
----------------- Invoking toplevel() on ptolemy.moml.MoMLSimpleApplication@5e63a9a7
----------------- Done invoking toplevel() on ptolemy.moml.MoMLSimpleApplication@5e63a9a7
reloadAllAccessors: .MovingMaximum

===========================================================================================
----------------- testing Fri Jun 28 04:47:07 UTC 2019 /home/travis/build/icyphy/ptII/ptolemy/actor/lib/test/auto/MultipleLinksToSameRelation.xml
----------------- Instantiating /home/travis/build/icyphy/ptII/ptolemy/actor/lib/test/auto/MultipleLinksToSameRelation.xml
2 ms. Memory: 493568K Free: 165192K (33%)
----------------- Invoking toplevel() on ptolemy.moml.MoMLSimpleApplication@35e59ae9
----------------- Done invoking toplevel() on ptolemy.moml.MoMLSimpleApplication@35e59ae9
reloadAllAccessors: .MultipleLinksToSameRelation

===========================================================================================
----------------- testing Fri Jun 28 04:47:07 UTC 2019 /home/travis/build/icyphy/ptII/ptolemy/actor/lib/test/auto/MultipleLinksToSameRelationDE.xml
----------------- Instantiating /home/travis/build/icyphy/ptII/ptolemy/actor/lib/test/auto/MultipleLinksToSameRelationDE.xml
11 ms. Memory: 493568K Free: 160552K (33%)
----------------- Invoking toplevel() on ptolemy.moml.MoMLSimpleApplication@1069bd7d
----------------- Done invoking toplevel() on ptolemy.moml.MoMLSimpleApplication@1069bd7d
reloadAllAccessors: .MultipleLinksToSameRelationDE

===========================================================================================
----------------- testing Fri Jun 28 04:47:07 UTC 2019 /home/travis/build/icyphy/ptII/ptolemy/actor/lib/test/auto/Multiplexor.xml
----------------- Instantiating /home/travis/build/icyphy/ptII/ptolemy/actor/lib/test/auto/Multiplexor.xml
2 ms. Memory: 493568K Free: 155462K (31%)
----------------- Invoking toplevel() on ptolemy.moml.MoMLSimpleApplication@3ba5480c
----------------- Done invoking toplevel() on ptolemy.moml.MoMLSimpleApplication@3ba5480c
reloadAllAccessors: .Multiplexor

===========================================================================================
----------------- testing Fri Jun 28 04:47:07 UTC 2019 /home/travis/build/icyphy/ptII/ptolemy/actor/lib/test/auto/Multiplexor1.xml
----------------- Instantiating /home/travis/build/icyphy/ptII/ptolemy/actor/lib/test/auto/Multiplexor1.xml
5 ms. Memory: 493568K Free: 441888K (90%)
----------------- Invoking toplevel() on ptolemy.moml.MoMLSimpleApplication@26032ef7
----------------- Done invoking toplevel() on ptolemy.moml.MoMLSimpleApplication@26032ef7
reloadAllAccessors: .Multiplexor1

===========================================================================================
----------------- testing Fri Jun 28 04:47:07 UTC 2019 /home/travis/build/icyphy/ptII/ptolemy/actor/lib/test/auto/Multiplexor2.xml
----------------- Instantiating /home/travis/build/icyphy/ptII/ptolemy/actor/lib/test/auto/Multiplexor2.xml
2 ms. Memory: 493568K Free: 434720K (88%)
----------------- Invoking toplevel() on ptolemy.moml.MoMLSimpleApplication@7b5ee809
----------------- Done invoking toplevel() on ptolemy.moml.MoMLSimpleApplication@7b5ee809
reloadAllAccessors: .Multiplexor2

===========================================================================================
----------------- testing Fri Jun 28 04:47:07 UTC 2019 /home/travis/build/icyphy/ptII/ptolemy/actor/lib/test/auto/Multiplexor3.xml
----------------- Instantiating /home/travis/build/icyphy/ptII/ptolemy/actor/lib/test/auto/Multiplexor3.xml
3 ms. Memory: 493568K Free: 430624K (87%)
----------------- Invoking toplevel() on ptolemy.moml.MoMLSimpleApplication@5f72873a
----------------- Done invoking toplevel() on ptolemy.moml.MoMLSimpleApplication@5f72873a
reloadAllAccessors: .Multiplexor3

===========================================================================================
----------------- testing Fri Jun 28 04:47:07 UTC 2019 /home/travis/build/icyphy/ptII/ptolemy/actor/lib/test/auto/MultiplexorDE.xml
----------------- Instantiating /home/travis/build/icyphy/ptII/ptolemy/actor/lib/test/auto/MultiplexorDE.xml
3 ms. Memory: 493568K Free: 422912K (86%)
----------------- Invoking toplevel() on ptolemy.moml.MoMLSimpleApplication@39d914b6
----------------- Done invoking toplevel() on ptolemy.moml.MoMLSimpleApplication@39d914b6
reloadAllAccessors: .MultiplexorDE

===========================================================================================
----------------- testing Fri Jun 28 04:47:07 UTC 2019 /home/travis/build/icyphy/ptII/ptolemy/actor/lib/test/auto/MultiportBroadcastTest.xml
----------------- Instantiating /home/travis/build/icyphy/ptII/ptolemy/actor/lib/test/auto/MultiportBroadcastTest.xml
105 ms. Memory: 493568K Free: 416798K (84%)
----------------- Invoking toplevel() on ptolemy.moml.MoMLSimpleApplication@74f8ff6
----------------- Done invoking toplevel() on ptolemy.moml.MoMLSimpleApplication@74f8ff6
reloadAllAccessors: .MultiportBroadcastTest

===========================================================================================
----------------- testing Fri Jun 28 04:47:08 UTC 2019 /home/travis/build/icyphy/ptII/ptolemy/actor/lib/test/auto/MultiportOutHangDuringGetWidth.xml
----------------- Instantiating /home/travis/build/icyphy/ptII/ptolemy/actor/lib/test/auto/MultiportOutHangDuringGetWidth.xml
5 ms. Memory: 493568K Free: 404510K (82%)
----------------- Invoking toplevel() on ptolemy.moml.MoMLSimpleApplication@49ac483b
----------------- Done invoking toplevel() on ptolemy.moml.MoMLSimpleApplication@49ac483b
reloadAllAccessors: .MultiportOutHangDuringGetWidth

===========================================================================================
----------------- testing Fri Jun 28 04:47:08 UTC 2019 /home/travis/build/icyphy/ptII/ptolemy/actor/lib/test/auto/NilToken.xml
----------------- Instantiating /home/travis/build/icyphy/ptII/ptolemy/actor/lib/test/auto/NilToken.xml
1 ms. Memory: 493568K Free: 400414K (81%)
----------------- Invoking toplevel() on ptolemy.moml.MoMLSimpleApplication@69862fa6
----------------- Done invoking toplevel() on ptolemy.moml.MoMLSimpleApplication@69862fa6
reloadAllAccessors: .NilToken

===========================================================================================
----------------- testing Fri Jun 28 04:47:08 UTC 2019 /home/travis/build/icyphy/ptII/ptolemy/actor/lib/test/auto/NilTokenNonStrictTest.xml
----------------- Instantiating /home/travis/build/icyphy/ptII/ptolemy/actor/lib/test/auto/NilTokenNonStrictTest.xml
3 ms. Memory: 493568K Free: 395294K (80%)
----------------- Invoking toplevel() on ptolemy.moml.MoMLSimpleApplication@23824eb2
----------------- Done invoking toplevel() on ptolemy.moml.MoMLSimpleApplication@23824eb2
reloadAllAccessors: .NilTokenNonStrictTest

===========================================================================================
----------------- testing Fri Jun 28 04:47:08 UTC 2019 /home/travis/build/icyphy/ptII/ptolemy/actor/lib/test/auto/NilTokenRecord.xml
----------------- Instantiating /home/travis/build/icyphy/ptII/ptolemy/actor/lib/test/auto/NilTokenRecord.xml
6 ms. Memory: 493568K Free: 388640K (79%)
----------------- Invoking toplevel() on ptolemy.moml.MoMLSimpleApplication@15aeddf2
----------------- Done invoking toplevel() on ptolemy.moml.MoMLSimpleApplication@15aeddf2
reloadAllAccessors: .NilTokenRecord

===========================================================================================
----------------- testing Fri Jun 28 04:47:08 UTC 2019 /home/travis/build/icyphy/ptII/ptolemy/actor/lib/test/auto/NilTokenTypeTest.xml
----------------- Instantiating /home/travis/build/icyphy/ptII/ptolemy/actor/lib/test/auto/NilTokenTypeTest.xml
13 ms. Memory: 493568K Free: 378910K (77%)
----------------- Invoking toplevel() on ptolemy.moml.MoMLSimpleApplication@287ea77f
----------------- Done invoking toplevel() on ptolemy.moml.MoMLSimpleApplication@287ea77f
reloadAllAccessors: .NilTokenTypeTest

===========================================================================================
----------------- testing Fri Jun 28 04:47:08 UTC 2019 /home/travis/build/icyphy/ptII/ptolemy/actor/lib/test/auto/ObjectToken1.xml
----------------- Instantiating /home/travis/build/icyphy/ptII/ptolemy/actor/lib/test/auto/ObjectToken1.xml
3 ms. Memory: 493568K Free: 374814K (76%)
----------------- Invoking toplevel() on ptolemy.moml.MoMLSimpleApplication@2d706e9e
----------------- Done invoking toplevel() on ptolemy.moml.MoMLSimpleApplication@2d706e9e
reloadAllAccessors: .ObjectToken1

===========================================================================================
----------------- testing Fri Jun 28 04:47:08 UTC 2019 /home/travis/build/icyphy/ptII/ptolemy/actor/lib/test/auto/OrderedMerge.xml
----------------- Instantiating /home/travis/build/icyphy/ptII/ptolemy/actor/lib/test/auto/OrderedMerge.xml
12 ms. Memory: 493568K Free: 369184K (75%)
----------------- Invoking toplevel() on ptolemy.moml.MoMLSimpleApplication@51f848ef
----------------- Done invoking toplevel() on ptolemy.moml.MoMLSimpleApplication@51f848ef
reloadAllAccessors: .OrderedMerge

===========================================================================================
----------------- testing Fri Jun 28 04:47:08 UTC 2019 /home/travis/build/icyphy/ptII/ptolemy/actor/lib/test/auto/OrderedRecordDisassembler.xml
----------------- Instantiating /home/travis/build/icyphy/ptII/ptolemy/actor/lib/test/auto/OrderedRecordDisassembler.xml
3 ms. Memory: 493568K Free: 364064K (74%)
----------------- Invoking toplevel() on ptolemy.moml.MoMLSimpleApplication@27a40831
----------------- Done invoking toplevel() on ptolemy.moml.MoMLSimpleApplication@27a40831
reloadAllAccessors: .OrderedRecordDisassembler

===========================================================================================
----------------- testing Fri Jun 28 04:47:08 UTC 2019 /home/travis/build/icyphy/ptII/ptolemy/actor/lib/test/auto/OrderedRecordDisassembler2.xml
----------------- Instantiating /home/travis/build/icyphy/ptII/ptolemy/actor/lib/test/auto/OrderedRecordDisassembler2.xml
4 ms. Memory: 493568K Free: 356368K (72%)
----------------- Invoking toplevel() on ptolemy.moml.MoMLSimpleApplication@51737f49
----------------- Done invoking toplevel() on ptolemy.moml.MoMLSimpleApplication@51737f49
reloadAllAccessors: .OrderedRecordDisassembler2

===========================================================================================
----------------- testing Fri Jun 28 04:47:08 UTC 2019 /home/travis/build/icyphy/ptII/ptolemy/actor/lib/test/auto/OrderedRecordUpdater.xml
----------------- Instantiating /home/travis/build/icyphy/ptII/ptolemy/actor/lib/test/auto/OrderedRecordUpdater.xml
2 ms. Memory: 493568K Free: 351262K (71%)
----------------- Invoking toplevel() on ptolemy.moml.MoMLSimpleApplication@6033c391
----------------- Done invoking toplevel() on ptolemy.moml.MoMLSimpleApplication@6033c391
reloadAllAccessors: .RecordUpdater

===========================================================================================
----------------- testing Fri Jun 28 04:47:08 UTC 2019 /home/travis/build/icyphy/ptII/ptolemy/actor/lib/test/auto/OrderedRecordUpdater2.xml
----------------- Instantiating /home/travis/build/icyphy/ptII/ptolemy/actor/lib/test/auto/OrderedRecordUpdater2.xml
2 ms. Memory: 493568K Free: 346656K (70%)
----------------- Invoking toplevel() on ptolemy.moml.MoMLSimpleApplication@145d5095
----------------- Done invoking toplevel() on ptolemy.moml.MoMLSimpleApplication@145d5095
reloadAllAccessors: .RecordUpdater2

===========================================================================================
----------------- testing Fri Jun 28 04:47:08 UTC 2019 /home/travis/build/icyphy/ptII/ptolemy/actor/lib/test/auto/PhaseUnwrap.xml
----------------- Instantiating /home/travis/build/icyphy/ptII/ptolemy/actor/lib/test/auto/PhaseUnwrap.xml
2 ms. Memory: 493568K Free: 342046K (69%)
----------------- Invoking toplevel() on ptolemy.moml.MoMLSimpleApplication@2dfc4928
----------------- Done invoking toplevel() on ptolemy.moml.MoMLSimpleApplication@2dfc4928
reloadAllAccessors: .PhaseUnwrap

===========================================================================================
----------------- testing Fri Jun 28 04:47:08 UTC 2019 /home/travis/build/icyphy/ptII/ptolemy/actor/lib/test/auto/PoissonClock.xml
----------------- Instantiating /home/travis/build/icyphy/ptII/ptolemy/actor/lib/test/auto/PoissonClock.xml
2 ms. Memory: 493568K Free: 337950K (68%)
----------------- Invoking toplevel() on ptolemy.moml.MoMLSimpleApplication@1a670219
----------------- Done invoking toplevel() on ptolemy.moml.MoMLSimpleApplication@1a670219
reloadAllAccessors: .PoissonClock

===========================================================================================
----------------- testing Fri Jun 28 04:47:08 UTC 2019 /home/travis/build/icyphy/ptII/ptolemy/actor/lib/test/auto/PoissonClock2.xml
----------------- Instantiating /home/travis/build/icyphy/ptII/ptolemy/actor/lib/test/auto/PoissonClock2.xml
1 ms. Memory: 493568K Free: 333824K (68%)
----------------- Invoking toplevel() on ptolemy.moml.MoMLSimpleApplication@33d23718
----------------- Done invoking toplevel() on ptolemy.moml.MoMLSimpleApplication@33d23718
reloadAllAccessors: .PoissonClock2

===========================================================================================
----------------- testing Fri Jun 28 04:47:08 UTC 2019 /home/travis/build/icyphy/ptII/ptolemy/actor/lib/test/auto/PoissonClock3.xml
----------------- Instantiating /home/travis/build/icyphy/ptII/ptolemy/actor/lib/test/auto/PoissonClock3.xml
1 ms. Memory: 493568K Free: 329248K (67%)
----------------- Invoking toplevel() on ptolemy.moml.MoMLSimpleApplication@425ceaab
----------------- Done invoking toplevel() on ptolemy.moml.MoMLSimpleApplication@425ceaab
reloadAllAccessors: .PoissonClock3

===========================================================================================
----------------- testing Fri Jun 28 04:47:08 UTC 2019 /home/travis/build/icyphy/ptII/ptolemy/actor/lib/test/auto/PubSubWithInitialTokens.xml
----------------- Instantiating /home/travis/build/icyphy/ptII/ptolemy/actor/lib/test/auto/PubSubWithInitialTokens.xml
2 ms. Memory: 493568K Free: 323104K (65%)
----------------- Invoking toplevel() on ptolemy.moml.MoMLSimpleApplication@67f066d7
----------------- Done invoking toplevel() on ptolemy.moml.MoMLSimpleApplication@67f066d7
reloadAllAccessors: .PubSubWithInitialTokens

===========================================================================================
----------------- testing Fri Jun 28 04:47:08 UTC 2019 /home/travis/build/icyphy/ptII/ptolemy/actor/lib/test/auto/PubSubWithInitialTokens2.xml
----------------- Instantiating /home/travis/build/icyphy/ptII/ptolemy/actor/lib/test/auto/PubSubWithInitialTokens2.xml
2 ms. Memory: 493568K Free: 316960K (64%)
----------------- Invoking toplevel() on ptolemy.moml.MoMLSimpleApplication@2aed763d
----------------- Done invoking toplevel() on ptolemy.moml.MoMLSimpleApplication@2aed763d
reloadAllAccessors: .PubSubWithInitialTokens2

===========================================================================================
----------------- testing Fri Jun 28 04:47:08 UTC 2019 /home/travis/build/icyphy/ptII/ptolemy/actor/lib/test/auto/PublisherClassNoParameter.xml
----------------- Instantiating /home/travis/build/icyphy/ptII/ptolemy/actor/lib/test/auto/PublisherClassNoParameter.xml
2 ms. Memory: 493568K Free: 307216K (62%)
----------------- Invoking toplevel() on ptolemy.moml.MoMLSimpleApplication@1e627049
----------------- Done invoking toplevel() on ptolemy.moml.MoMLSimpleApplication@1e627049
reloadAllAccessors: .PublisherClassNoParameter

===========================================================================================
----------------- testing Fri Jun 28 04:47:08 UTC 2019 /home/travis/build/icyphy/ptII/ptolemy/actor/lib/test/auto/PublisherClassParameter.xml
----------------- Instantiating /home/travis/build/icyphy/ptII/ptolemy/actor/lib/test/auto/PublisherClassParameter.xml
2 ms. Memory: 493568K Free: 296976K (60%)
----------------- Invoking toplevel() on ptolemy.moml.MoMLSimpleApplication@7ff53703
----------------- Done invoking toplevel() on ptolemy.moml.MoMLSimpleApplication@7ff53703
reloadAllAccessors: .PublisherClassParameter

===========================================================================================
----------------- testing Fri Jun 28 04:47:08 UTC 2019 /home/travis/build/icyphy/ptII/ptolemy/actor/lib/test/auto/PublisherNonStrictTest.xml
----------------- Instantiating /home/travis/build/icyphy/ptII/ptolemy/actor/lib/test/auto/PublisherNonStrictTest.xml
2 ms. Memory: 493568K Free: 289312K (59%)
----------------- Invoking toplevel() on ptolemy.moml.MoMLSimpleApplication@5610093d
----------------- Done invoking toplevel() on ptolemy.moml.MoMLSimpleApplication@5610093d
reloadAllAccessors: .PublisherNonStrictTest

===========================================================================================
----------------- testing Fri Jun 28 04:47:08 UTC 2019 /home/travis/build/icyphy/ptII/ptolemy/actor/lib/test/auto/PublisherPort1.xml
----------------- Instantiating /home/travis/build/icyphy/ptII/ptolemy/actor/lib/test/auto/PublisherPort1.xml
11 ms. Memory: 493568K Free: 283664K (57%)
----------------- Invoking toplevel() on ptolemy.moml.MoMLSimpleApplication@4cdd1edf
----------------- Done invoking toplevel() on ptolemy.moml.MoMLSimpleApplication@4cdd1edf
reloadAllAccessors: .PublisherPort1

===========================================================================================
----------------- testing Fri Jun 28 04:47:08 UTC 2019 /home/travis/build/icyphy/ptII/ptolemy/actor/lib/test/auto/PublisherPort2.xml
----------------- Instantiating /home/travis/build/icyphy/ptII/ptolemy/actor/lib/test/auto/PublisherPort2.xml
1 ms. Memory: 493568K Free: 278558K (56%)
----------------- Invoking toplevel() on ptolemy.moml.MoMLSimpleApplication@607454f2
----------------- Done invoking toplevel() on ptolemy.moml.MoMLSimpleApplication@607454f2
reloadAllAccessors: .PublisherPort2

===========================================================================================
----------------- testing Fri Jun 28 04:47:08 UTC 2019 /home/travis/build/icyphy/ptII/ptolemy/actor/lib/test/auto/PublisherPort3.xml
----------------- Instantiating /home/travis/build/icyphy/ptII/ptolemy/actor/lib/test/auto/PublisherPort3.xml
3 ms. Memory: 493568K Free: 271904K (55%)
----------------- Invoking toplevel() on ptolemy.moml.MoMLSimpleApplication@2835860d
----------------- Done invoking toplevel() on ptolemy.moml.MoMLSimpleApplication@2835860d
reloadAllAccessors: .PublisherPort3

===========================================================================================
----------------- testing Fri Jun 28 04:47:08 UTC 2019 /home/travis/build/icyphy/ptII/ptolemy/actor/lib/test/auto/PublisherPort4.xml
----------------- Instantiating /home/travis/build/icyphy/ptII/ptolemy/actor/lib/test/auto/PublisherPort4.xml
1 ms. Memory: 493568K Free: 266264K (54%)
----------------- Invoking toplevel() on ptolemy.moml.MoMLSimpleApplication@10af44d8
----------------- Done invoking toplevel() on ptolemy.moml.MoMLSimpleApplication@10af44d8
reloadAllAccessors: .PublisherPort4

===========================================================================================
----------------- testing Fri Jun 28 04:47:08 UTC 2019 /home/travis/build/icyphy/ptII/ptolemy/actor/lib/test/auto/PublisherPort5.xml
----------------- Instantiating /home/travis/build/icyphy/ptII/ptolemy/actor/lib/test/auto/PublisherPort5.xml
3 ms. Memory: 493568K Free: 258592K (52%)
----------------- Invoking toplevel() on ptolemy.moml.MoMLSimpleApplication@5a343c5e
----------------- Done invoking toplevel() on ptolemy.moml.MoMLSimpleApplication@5a343c5e
reloadAllAccessors: .PublisherPort5

===========================================================================================
----------------- testing Fri Jun 28 04:47:08 UTC 2019 /home/travis/build/icyphy/ptII/ptolemy/actor/lib/test/auto/PublisherPort5LookAlike.xml
----------------- Instantiating /home/travis/build/icyphy/ptII/ptolemy/actor/lib/test/auto/PublisherPort5LookAlike.xml
8 ms. Memory: 493568K Free: 250910K (51%)
----------------- Invoking toplevel() on ptolemy.moml.MoMLSimpleApplication@76acf7
----------------- Done invoking toplevel() on ptolemy.moml.MoMLSimpleApplication@76acf7
reloadAllAccessors: .PublisherPort5LookAlike

===========================================================================================
----------------- testing Fri Jun 28 04:47:08 UTC 2019 /home/travis/build/icyphy/ptII/ptolemy/actor/lib/test/auto/PublisherPort6.xml
----------------- Instantiating /home/travis/build/icyphy/ptII/ptolemy/actor/lib/test/auto/PublisherPort6.xml
2 ms. Memory: 493568K Free: 243728K (49%)
----------------- Invoking toplevel() on ptolemy.moml.MoMLSimpleApplication@5b8af6bf
----------------- Done invoking toplevel() on ptolemy.moml.MoMLSimpleApplication@5b8af6bf
reloadAllAccessors: .PublisherPort6

===========================================================================================
----------------- testing Fri Jun 28 04:47:08 UTC 2019 /home/travis/build/icyphy/ptII/ptolemy/actor/lib/test/auto/PublisherPort7.xml
----------------- Instantiating /home/travis/build/icyphy/ptII/ptolemy/actor/lib/test/auto/PublisherPort7.xml
3 ms. Memory: 493568K Free: 236064K (48%)
----------------- Invoking toplevel() on ptolemy.moml.MoMLSimpleApplication@4699068b
----------------- Done invoking toplevel() on ptolemy.moml.MoMLSimpleApplication@4699068b
reloadAllAccessors: .PublisherPort7

===========================================================================================
----------------- testing Fri Jun 28 04:47:08 UTC 2019 /home/travis/build/icyphy/ptII/ptolemy/actor/lib/test/auto/PublisherPort8.xml
----------------- Instantiating /home/travis/build/icyphy/ptII/ptolemy/actor/lib/test/auto/PublisherPort8.xml
5 ms. Memory: 493568K Free: 227358K (46%)
----------------- Invoking toplevel() on ptolemy.moml.MoMLSimpleApplication@385d1607
----------------- Done invoking toplevel() on ptolemy.moml.MoMLSimpleApplication@385d1607
reloadAllAccessors: .PublisherPort8

===========================================================================================
----------------- testing Fri Jun 28 04:47:08 UTC 2019 /home/travis/build/icyphy/ptII/ptolemy/actor/lib/test/auto/PublisherPortSubscriberChannelVariablesAOC2.xml
----------------- Instantiating /home/travis/build/icyphy/ptII/ptolemy/actor/lib/test/auto/PublisherPortSubscriberChannelVariablesAOC2.xml
3 ms. Memory: 493568K Free: 209950K (43%)
----------------- Invoking toplevel() on ptolemy.moml.MoMLSimpleApplication@1fc26c13
----------------- Done invoking toplevel() on ptolemy.moml.MoMLSimpleApplication@1fc26c13
reloadAllAccessors: .PublisherPortSubscriberChannelVariablesAOC2

===========================================================================================
----------------- testing Fri Jun 28 04:47:08 UTC 2019 /home/travis/build/icyphy/ptII/ptolemy/actor/lib/test/auto/PublisherPortSubscriberOpaqueWidthInference.xml
----------------- Instantiating /home/travis/build/icyphy/ptII/ptolemy/actor/lib/test/auto/PublisherPortSubscriberOpaqueWidthInference.xml
4 ms. Memory: 493568K Free: 202272K (41%)
----------------- Invoking toplevel() on ptolemy.moml.MoMLSimpleApplication@3bc117ae
----------------- Done invoking toplevel() on ptolemy.moml.MoMLSimpleApplication@3bc117ae
reloadAllAccessors: .PublisherPortSubscriberOpaqueWidthInference

===========================================================================================
----------------- testing Fri Jun 28 04:47:08 UTC 2019 /home/travis/build/icyphy/ptII/ptolemy/actor/lib/test/auto/PublisherPortSubscriberPortAdjacent.xml
----------------- Instantiating /home/travis/build/icyphy/ptII/ptolemy/actor/lib/test/auto/PublisherPortSubscriberPortAdjacent.xml
1 ms. Memory: 493568K Free: 194590K (39%)
----------------- Invoking toplevel() on ptolemy.moml.MoMLSimpleApplication@595f9cca
----------------- Done invoking toplevel() on ptolemy.moml.MoMLSimpleApplication@595f9cca
reloadAllAccessors: .PublisherPortSubscriberPortAdjacent

===========================================================================================
----------------- testing Fri Jun 28 04:47:08 UTC 2019 /home/travis/build/icyphy/ptII/ptolemy/actor/lib/test/auto/PublisherPortSubscriberPortExpression.xml
----------------- Instantiating /home/travis/build/icyphy/ptII/ptolemy/actor/lib/test/auto/PublisherPortSubscriberPortExpression.xml
4 ms. Memory: 493568K Free: 186912K (38%)
----------------- Invoking toplevel() on ptolemy.moml.MoMLSimpleApplication@10b57919
----------------- Done invoking toplevel() on ptolemy.moml.MoMLSimpleApplication@10b57919
reloadAllAccessors: .PublisherPortSubscriberPortExpression

===========================================================================================
----------------- testing Fri Jun 28 04:47:08 UTC 2019 /home/travis/build/icyphy/ptII/ptolemy/actor/lib/test/auto/PublisherPortSubscriberPortOpaqueD3Reverse.xml
----------------- Instantiating /home/travis/build/icyphy/ptII/ptolemy/actor/lib/test/auto/PublisherPortSubscriberPortOpaqueD3Reverse.xml
16 ms. Memory: 493568K Free: 176672K (36%)
----------------- Invoking toplevel() on ptolemy.moml.MoMLSimpleApplication@695b39b5
----------------- Done invoking toplevel() on ptolemy.moml.MoMLSimpleApplication@695b39b5
reloadAllAccessors: .PublisherPortSubscriberPortOpaqueD3Reverse

===========================================================================================
----------------- testing Fri Jun 28 04:47:08 UTC 2019 /home/travis/build/icyphy/ptII/ptolemy/actor/lib/test/auto/PublisherPortSubscriberPortOpaqueWidthInference.xml
----------------- Instantiating /home/travis/build/icyphy/ptII/ptolemy/actor/lib/test/auto/PublisherPortSubscriberPortOpaqueWidthInference.xml
4 ms. Memory: 493568K Free: 168976K (34%)
----------------- Invoking toplevel() on ptolemy.moml.MoMLSimpleApplication@506364f
----------------- Done invoking toplevel() on ptolemy.moml.MoMLSimpleApplication@506364f
reloadAllAccessors: .PublisherPortSubscriberPortOpaqueWidthInference

===========================================================================================
----------------- testing Fri Jun 28 04:47:08 UTC 2019 /home/travis/build/icyphy/ptII/ptolemy/actor/lib/test/auto/PublisherPortToplevelSubscriberPortAOC.xml
----------------- Instantiating /home/travis/build/icyphy/ptII/ptolemy/actor/lib/test/auto/PublisherPortToplevelSubscriberPortAOC.xml
.PublisherPortToplevelSubscriberPortAOC.TestExceptionAttribute: initialize() was not invoked, but wrapup() was.  This is unusual, but not always a problem.  For example, exporting JNLP will do this.
1 ms. Memory: 493568K Free: 162846K (33%)
----------------- Invoking toplevel() on ptolemy.moml.MoMLSimpleApplication@587479a2
----------------- Done invoking toplevel() on ptolemy.moml.MoMLSimpleApplication@587479a2
reloadAllAccessors: .PublisherPortToplevelSubscriberPortAOC

===========================================================================================
----------------- testing Fri Jun 28 04:47:08 UTC 2019 /home/travis/build/icyphy/ptII/ptolemy/actor/lib/test/auto/PublisherSubscriber.xml
----------------- Instantiating /home/travis/build/icyphy/ptII/ptolemy/actor/lib/test/auto/PublisherSubscriber.xml
2 ms. Memory: 493568K Free: 155168K (31%)
----------------- Invoking toplevel() on ptolemy.moml.MoMLSimpleApplication@59de36d3
----------------- Done invoking toplevel() on ptolemy.moml.MoMLSimpleApplication@59de36d3
reloadAllAccessors: .PublisherSubscriber

===========================================================================================
----------------- testing Fri Jun 28 04:47:08 UTC 2019 /home/travis/build/icyphy/ptII/ptolemy/actor/lib/test/auto/PublisherSubscriber10.xml
----------------- Instantiating /home/travis/build/icyphy/ptII/ptolemy/actor/lib/test/auto/PublisherSubscriber10.xml
6 ms. Memory: 493568K Free: 437228K (89%)
----------------- Invoking toplevel() on ptolemy.moml.MoMLSimpleApplication@17d46d8e
----------------- Done invoking toplevel() on ptolemy.moml.MoMLSimpleApplication@17d46d8e
reloadAllAccessors: .PublisherSubscriber10

===========================================================================================
----------------- testing Fri Jun 28 04:47:08 UTC 2019 /home/travis/build/icyphy/ptII/ptolemy/actor/lib/test/auto/PublisherSubscriber10InitialOutputs.xml
----------------- Instantiating /home/travis/build/icyphy/ptII/ptolemy/actor/lib/test/auto/PublisherSubscriber10InitialOutputs.xml
15 ms. Memory: 493568K Free: 428012K (87%)
----------------- Invoking toplevel() on ptolemy.moml.MoMLSimpleApplication@1667ed6f
----------------- Done invoking toplevel() on ptolemy.moml.MoMLSimpleApplication@1667ed6f
reloadAllAccessors: .PublisherSubscriber10InitialOutputs

===========================================================================================
----------------- testing Fri Jun 28 04:47:09 UTC 2019 /home/travis/build/icyphy/ptII/ptolemy/actor/lib/test/auto/PublisherSubscriber11.xml
----------------- Instantiating /home/travis/build/icyphy/ptII/ptolemy/actor/lib/test/auto/PublisherSubscriber11.xml
2 ms. Memory: 493568K Free: 421868K (85%)
----------------- Invoking toplevel() on ptolemy.moml.MoMLSimpleApplication@481d2aec
----------------- Done invoking toplevel() on ptolemy.moml.MoMLSimpleApplication@481d2aec
reloadAllAccessors: .PublisherSubscriber11

===========================================================================================
----------------- testing Fri Jun 28 04:47:09 UTC 2019 /home/travis/build/icyphy/ptII/ptolemy/actor/lib/test/auto/PublisherSubscriber12.xml
----------------- Instantiating /home/travis/build/icyphy/ptII/ptolemy/actor/lib/test/auto/PublisherSubscriber12.xml
3 ms. Memory: 493568K Free: 415210K (84%)
----------------- Invoking toplevel() on ptolemy.moml.MoMLSimpleApplication@4926bf20
----------------- Done invoking toplevel() on ptolemy.moml.MoMLSimpleApplication@4926bf20
reloadAllAccessors: .PublisherSubscriber12

===========================================================================================
----------------- testing Fri Jun 28 04:47:09 UTC 2019 /home/travis/build/icyphy/ptII/ptolemy/actor/lib/test/auto/PublisherSubscriber13.xml
----------------- Instantiating /home/travis/build/icyphy/ptII/ptolemy/actor/lib/test/auto/PublisherSubscriber13.xml
2 ms. Memory: 493568K Free: 409580K (83%)
----------------- Invoking toplevel() on ptolemy.moml.MoMLSimpleApplication@48a24f19
----------------- Done invoking toplevel() on ptolemy.moml.MoMLSimpleApplication@48a24f19
reloadAllAccessors: .PublisherSubscriber13

===========================================================================================
----------------- testing Fri Jun 28 04:47:09 UTC 2019 /home/travis/build/icyphy/ptII/ptolemy/actor/lib/test/auto/PublisherSubscriber14.xml
----------------- Instantiating /home/travis/build/icyphy/ptII/ptolemy/actor/lib/test/auto/PublisherSubscriber14.xml
2 ms. Memory: 493568K Free: 400860K (81%)
----------------- Invoking toplevel() on ptolemy.moml.MoMLSimpleApplication@120f42d1
----------------- Done invoking toplevel() on ptolemy.moml.MoMLSimpleApplication@120f42d1
reloadAllAccessors: .PublisherSubscriber14

===========================================================================================
----------------- testing Fri Jun 28 04:47:09 UTC 2019 /home/travis/build/icyphy/ptII/ptolemy/actor/lib/test/auto/PublisherSubscriber2.xml
----------------- Instantiating /home/travis/build/icyphy/ptII/ptolemy/actor/lib/test/auto/PublisherSubscriber2.xml
3 ms. Memory: 493568K Free: 395244K (80%)
----------------- Invoking toplevel() on ptolemy.moml.MoMLSimpleApplication@4c974bb7
----------------- Done invoking toplevel() on ptolemy.moml.MoMLSimpleApplication@4c974bb7
reloadAllAccessors: .PublisherSubscriber2

===========================================================================================
----------------- testing Fri Jun 28 04:47:09 UTC 2019 /home/travis/build/icyphy/ptII/ptolemy/actor/lib/test/auto/PublisherSubscriber3.xml
----------------- Instantiating /home/travis/build/icyphy/ptII/ptolemy/actor/lib/test/auto/PublisherSubscriber3.xml
4 ms. Memory: 493568K Free: 389596K (79%)
----------------- Invoking toplevel() on ptolemy.moml.MoMLSimpleApplication@1ca019a6
----------------- Done invoking toplevel() on ptolemy.moml.MoMLSimpleApplication@1ca019a6
reloadAllAccessors: .PublisherSubscriber3

===========================================================================================
----------------- testing Fri Jun 28 04:47:09 UTC 2019 /home/travis/build/icyphy/ptII/ptolemy/actor/lib/test/auto/PublisherSubscriber4.xml
----------------- Instantiating /home/travis/build/icyphy/ptII/ptolemy/actor/lib/test/auto/PublisherSubscriber4.xml
5 ms. Memory: 493568K Free: 384476K (78%)
----------------- Invoking toplevel() on ptolemy.moml.MoMLSimpleApplication@409819fe
----------------- Done invoking toplevel() on ptolemy.moml.MoMLSimpleApplication@409819fe
reloadAllAccessors: .PublisherSubscriber4

===========================================================================================
----------------- testing Fri Jun 28 04:47:09 UTC 2019 /home/travis/build/icyphy/ptII/ptolemy/actor/lib/test/auto/PublisherSubscriber5.xml
----------------- Instantiating /home/travis/build/icyphy/ptII/ptolemy/actor/lib/test/auto/PublisherSubscriber5.xml
3 ms. Memory: 493568K Free: 377836K (77%)
----------------- Invoking toplevel() on ptolemy.moml.MoMLSimpleApplication@7b7aa08b
----------------- Done invoking toplevel() on ptolemy.moml.MoMLSimpleApplication@7b7aa08b
reloadAllAccessors: .PublisherSubscriber5

===========================================================================================
----------------- testing Fri Jun 28 04:47:09 UTC 2019 /home/travis/build/icyphy/ptII/ptolemy/actor/lib/test/auto/PublisherSubscriber6.xml
----------------- Instantiating /home/travis/build/icyphy/ptII/ptolemy/actor/lib/test/auto/PublisherSubscriber6.xml
4 ms. Memory: 493568K Free: 371172K (75%)
----------------- Invoking toplevel() on ptolemy.moml.MoMLSimpleApplication@41221438
----------------- Done invoking toplevel() on ptolemy.moml.MoMLSimpleApplication@41221438
reloadAllAccessors: .PublisherSubscriber6

===========================================================================================
----------------- testing Fri Jun 28 04:47:09 UTC 2019 /home/travis/build/icyphy/ptII/ptolemy/actor/lib/test/auto/PublisherSubscriber7.xml
----------------- Instantiating /home/travis/build/icyphy/ptII/ptolemy/actor/lib/test/auto/PublisherSubscriber7.xml
8 ms. Memory: 493568K Free: 364010K (74%)
----------------- Invoking toplevel() on ptolemy.moml.MoMLSimpleApplication@63c6d37f
----------------- Done invoking toplevel() on ptolemy.moml.MoMLSimpleApplication@63c6d37f
reloadAllAccessors: .PublisherSubscriber7

===========================================================================================
----------------- testing Fri Jun 28 04:47:09 UTC 2019 /home/travis/build/icyphy/ptII/ptolemy/actor/lib/test/auto/PublisherSubscriber8.xml
----------------- Instantiating /home/travis/build/icyphy/ptII/ptolemy/actor/lib/test/auto/PublisherSubscriber8.xml
19 ms. Memory: 493568K Free: 352236K (71%)
----------------- Invoking toplevel() on ptolemy.moml.MoMLSimpleApplication@6869580b
----------------- Done invoking toplevel() on ptolemy.moml.MoMLSimpleApplication@6869580b
reloadAllAccessors: .PublisherSubscriber8

===========================================================================================
----------------- testing Fri Jun 28 04:47:09 UTC 2019 /home/travis/build/icyphy/ptII/ptolemy/actor/lib/test/auto/PublisherSubscriber9.xml
----------------- Instantiating /home/travis/build/icyphy/ptII/ptolemy/actor/lib/test/auto/PublisherSubscriber9.xml
3 ms. Memory: 493568K Free: 345068K (70%)
----------------- Invoking toplevel() on ptolemy.moml.MoMLSimpleApplication@657a8dbd
----------------- Done invoking toplevel() on ptolemy.moml.MoMLSimpleApplication@657a8dbd
reloadAllAccessors: .PublisherSubscriber9

===========================================================================================
----------------- testing Fri Jun 28 04:47:09 UTC 2019 /home/travis/build/icyphy/ptII/ptolemy/actor/lib/test/auto/PublisherSubscriberAdjacent.xml
----------------- Instantiating /home/travis/build/icyphy/ptII/ptolemy/actor/lib/test/auto/PublisherSubscriberAdjacent.xml
2 ms. Memory: 493568K Free: 336876K (68%)
----------------- Invoking toplevel() on ptolemy.moml.MoMLSimpleApplication@33d6712c
----------------- Done invoking toplevel() on ptolemy.moml.MoMLSimpleApplication@33d6712c
reloadAllAccessors: .PublisherSubscriberAdjacent

===========================================================================================
----------------- testing Fri Jun 28 04:47:09 UTC 2019 /home/travis/build/icyphy/ptII/ptolemy/actor/lib/test/auto/PublisherSubscriberChannelVariablesAOC2.xml
----------------- Instantiating /home/travis/build/icyphy/ptII/ptolemy/actor/lib/test/auto/PublisherSubscriberChannelVariablesAOC2.xml
2 ms. Memory: 493568K Free: 322540K (65%)
----------------- Invoking toplevel() on ptolemy.moml.MoMLSimpleApplication@8e51499
----------------- Done invoking toplevel() on ptolemy.moml.MoMLSimpleApplication@8e51499
reloadAllAccessors: .PublisherSubscriberChannelVariablesAOC2

===========================================================================================
----------------- testing Fri Jun 28 04:47:09 UTC 2019 /home/travis/build/icyphy/ptII/ptolemy/actor/lib/test/auto/PublisherSubscriberD3.xml
----------------- Instantiating /home/travis/build/icyphy/ptII/ptolemy/actor/lib/test/auto/PublisherSubscriberD3.xml
2 ms. Memory: 493568K Free: 315372K (64%)
----------------- Invoking toplevel() on ptolemy.moml.MoMLSimpleApplication@56cc207d
----------------- Done invoking toplevel() on ptolemy.moml.MoMLSimpleApplication@56cc207d
reloadAllAccessors: .PublisherSubscriberD3

===========================================================================================
----------------- testing Fri Jun 28 04:47:09 UTC 2019 /home/travis/build/icyphy/ptII/ptolemy/actor/lib/test/auto/PublisherSubscriberD3Reverse.xml
----------------- Instantiating /home/travis/build/icyphy/ptII/ptolemy/actor/lib/test/auto/PublisherSubscriberD3Reverse.xml
1 ms. Memory: 493568K Free: 308714K (63%)
----------------- Invoking toplevel() on ptolemy.moml.MoMLSimpleApplication@2c2edec4
----------------- Done invoking toplevel() on ptolemy.moml.MoMLSimpleApplication@2c2edec4
reloadAllAccessors: .PublisherSubscriberD3Reverse

===========================================================================================
----------------- testing Fri Jun 28 04:47:09 UTC 2019 /home/travis/build/icyphy/ptII/ptolemy/actor/lib/test/auto/PublisherSubscriberExpression.xml
----------------- Instantiating /home/travis/build/icyphy/ptII/ptolemy/actor/lib/test/auto/PublisherSubscriberExpression.xml
4 ms. Memory: 493568K Free: 300492K (61%)
----------------- Invoking toplevel() on ptolemy.moml.MoMLSimpleApplication@779dc5d
----------------- Done invoking toplevel() on ptolemy.moml.MoMLSimpleApplication@779dc5d
reloadAllAccessors: .PublisherSubscriberExpression

===========================================================================================
----------------- testing Fri Jun 28 04:47:09 UTC 2019 /home/travis/build/icyphy/ptII/ptolemy/actor/lib/test/auto/PublisherSubscriberOpaque.xml
----------------- Instantiating /home/travis/build/icyphy/ptII/ptolemy/actor/lib/test/auto/PublisherSubscriberOpaque.xml
4 ms. Memory: 493568K Free: 292330K (59%)
----------------- Invoking toplevel() on ptolemy.moml.MoMLSimpleApplication@39e00ede
----------------- Done invoking toplevel() on ptolemy.moml.MoMLSimpleApplication@39e00ede
reloadAllAccessors: .PublisherSubscriberOpaque

===========================================================================================
----------------- testing Fri Jun 28 04:47:09 UTC 2019 /home/travis/build/icyphy/ptII/ptolemy/actor/lib/test/auto/PublisherSubscriberOpaqueD3.xml
----------------- Instantiating /home/travis/build/icyphy/ptII/ptolemy/actor/lib/test/auto/PublisherSubscriberOpaqueD3.xml
5 ms. Memory: 493568K Free: 281066K (57%)
----------------- Invoking toplevel() on ptolemy.moml.MoMLSimpleApplication@702f3917
----------------- Done invoking toplevel() on ptolemy.moml.MoMLSimpleApplication@702f3917
reloadAllAccessors: .PublisherSubscriberOpaqueD3

===========================================================================================
----------------- testing Fri Jun 28 04:47:09 UTC 2019 /home/travis/build/icyphy/ptII/ptolemy/actor/lib/test/auto/PublisherSubscriberOpaqueD3Reverse.xml
----------------- Instantiating /home/travis/build/icyphy/ptII/ptolemy/actor/lib/test/auto/PublisherSubscriberOpaqueD3Reverse.xml
8 ms. Memory: 493568K Free: 270316K (55%)
----------------- Invoking toplevel() on ptolemy.moml.MoMLSimpleApplication@c992c84
----------------- Done invoking toplevel() on ptolemy.moml.MoMLSimpleApplication@c992c84
reloadAllAccessors: .PublisherSubscriberOpaqueD3Reverse

===========================================================================================
----------------- testing Fri Jun 28 04:47:09 UTC 2019 /home/travis/build/icyphy/ptII/ptolemy/actor/lib/test/auto/PublisherSubscriberOpaqueWidthInference.xml
----------------- Instantiating /home/travis/build/icyphy/ptII/ptolemy/actor/lib/test/auto/PublisherSubscriberOpaqueWidthInference.xml
4 ms. Memory: 493568K Free: 261596K (53%)
----------------- Invoking toplevel() on ptolemy.moml.MoMLSimpleApplication@dbc49b8
----------------- Done invoking toplevel() on ptolemy.moml.MoMLSimpleApplication@dbc49b8
reloadAllAccessors: .PublisherSubscriberOpaqueWidthInference

===========================================================================================
----------------- testing Fri Jun 28 04:47:09 UTC 2019 /home/travis/build/icyphy/ptII/ptolemy/actor/lib/test/auto/PublisherTestSubscriber.xml
----------------- Instantiating /home/travis/build/icyphy/ptII/ptolemy/actor/lib/test/auto/PublisherTestSubscriber.xml
3 ms. Memory: 493568K Free: 253932K (51%)
----------------- Invoking toplevel() on ptolemy.moml.MoMLSimpleApplication@6a1558e9
----------------- Done invoking toplevel() on ptolemy.moml.MoMLSimpleApplication@6a1558e9
reloadAllAccessors: .PublisherTestSubscriber

===========================================================================================
----------------- testing Fri Jun 28 04:47:09 UTC 2019 /home/travis/build/icyphy/ptII/ptolemy/actor/lib/test/auto/PublisherToplevelSubscriberPortAOC.xml
----------------- Instantiating /home/travis/build/icyphy/ptII/ptolemy/actor/lib/test/auto/PublisherToplevelSubscriberPortAOC.xml
1 ms. Memory: 493568K Free: 247788K (50%)
----------------- Invoking toplevel() on ptolemy.moml.MoMLSimpleApplication@6aa9de14
----------------- Done invoking toplevel() on ptolemy.moml.MoMLSimpleApplication@6aa9de14
reloadAllAccessors: .PublisherToplevelSubscriberPortAOC

===========================================================================================
----------------- testing Fri Jun 28 04:47:09 UTC 2019 /home/travis/build/icyphy/ptII/ptolemy/actor/lib/test/auto/PulseFiringLimitDE.xml
----------------- Instantiating /home/travis/build/icyphy/ptII/ptolemy/actor/lib/test/auto/PulseFiringLimitDE.xml
2 ms. Memory: 493568K Free: 241130K (49%)
----------------- Invoking toplevel() on ptolemy.moml.MoMLSimpleApplication@1fe3de46
----------------- Done invoking toplevel() on ptolemy.moml.MoMLSimpleApplication@1fe3de46
reloadAllAccessors: .PulseFiringLimitDE

===========================================================================================
----------------- testing Fri Jun 28 04:47:09 UTC 2019 /home/travis/build/icyphy/ptII/ptolemy/actor/lib/test/auto/Ramp1.xml
----------------- Instantiating /home/travis/build/icyphy/ptII/ptolemy/actor/lib/test/auto/Ramp1.xml
1 ms. Memory: 493568K Free: 237028K (48%)
----------------- Invoking toplevel() on ptolemy.moml.MoMLSimpleApplication@5e01b559
----------------- Done invoking toplevel() on ptolemy.moml.MoMLSimpleApplication@5e01b559
reloadAllAccessors: .Ramp1

===========================================================================================
----------------- testing Fri Jun 28 04:47:09 UTC 2019 /home/travis/build/icyphy/ptII/ptolemy/actor/lib/test/auto/RampFiringLimitDE.xml
----------------- Instantiating /home/travis/build/icyphy/ptII/ptolemy/actor/lib/test/auto/RampFiringLimitDE.xml
2 ms. Memory: 493568K Free: 230380K (47%)
----------------- Invoking toplevel() on ptolemy.moml.MoMLSimpleApplication@5d5cd6c2
----------------- Done invoking toplevel() on ptolemy.moml.MoMLSimpleApplication@5d5cd6c2
reloadAllAccessors: .RampFiringLimitDE

===========================================================================================
----------------- testing Fri Jun 28 04:47:09 UTC 2019 /home/travis/build/icyphy/ptII/ptolemy/actor/lib/test/auto/RampFiringLimitSDF.xml
----------------- Instantiating /home/travis/build/icyphy/ptII/ptolemy/actor/lib/test/auto/RampFiringLimitSDF.xml
3 ms. Memory: 493568K Free: 225260K (46%)
----------------- Invoking toplevel() on ptolemy.moml.MoMLSimpleApplication@14ac6f23
----------------- Done invoking toplevel() on ptolemy.moml.MoMLSimpleApplication@14ac6f23
reloadAllAccessors: .RampFiringLimitSDF

===========================================================================================
----------------- testing Fri Jun 28 04:47:09 UTC 2019 /home/travis/build/icyphy/ptII/ptolemy/actor/lib/test/auto/RandomInteger.xml
----------------- Instantiating /home/travis/build/icyphy/ptII/ptolemy/actor/lib/test/auto/RandomInteger.xml
2 ms. Memory: 493568K Free: 221164K (45%)
----------------- Invoking toplevel() on ptolemy.moml.MoMLSimpleApplication@48e3d7e2
----------------- Done invoking toplevel() on ptolemy.moml.MoMLSimpleApplication@48e3d7e2
reloadAllAccessors: .RandomInteger

===========================================================================================
----------------- testing Fri Jun 28 04:47:09 UTC 2019 /home/travis/build/icyphy/ptII/ptolemy/actor/lib/test/auto/ReadFile1.xml
----------------- Instantiating /home/travis/build/icyphy/ptII/ptolemy/actor/lib/test/auto/ReadFile1.xml
1 ms. Memory: 493568K Free: 216554K (44%)
----------------- Invoking toplevel() on ptolemy.moml.MoMLSimpleApplication@4b84cf80
----------------- Done invoking toplevel() on ptolemy.moml.MoMLSimpleApplication@4b84cf80
reloadAllAccessors: .ReadFile1

===========================================================================================
----------------- testing Fri Jun 28 04:47:09 UTC 2019 /home/travis/build/icyphy/ptII/ptolemy/actor/lib/test/auto/ReadFile2.xml
----------------- Instantiating /home/travis/build/icyphy/ptII/ptolemy/actor/lib/test/auto/ReadFile2.xml
1 ms. Memory: 493568K Free: 212458K (43%)
----------------- Invoking toplevel() on ptolemy.moml.MoMLSimpleApplication@79a9b0ea
----------------- Done invoking toplevel() on ptolemy.moml.MoMLSimpleApplication@79a9b0ea
reloadAllAccessors: .ReadFile2

===========================================================================================
----------------- testing Fri Jun 28 04:47:09 UTC 2019 /home/travis/build/icyphy/ptII/ptolemy/actor/lib/test/auto/Reader.xml
----------------- Instantiating /home/travis/build/icyphy/ptII/ptolemy/actor/lib/test/auto/Reader.xml
actor.lib.Reader is obsolete, use actor.lib.io.ExpressionReader instead
4 ms. Memory: 493568K Free: 207852K (42%)
----------------- Invoking toplevel() on ptolemy.moml.MoMLSimpleApplication@6a8ef7dc
----------------- Done invoking toplevel() on ptolemy.moml.MoMLSimpleApplication@6a8ef7dc
reloadAllAccessors: .Reader

===========================================================================================
----------------- testing Fri Jun 28 04:47:09 UTC 2019 /home/travis/build/icyphy/ptII/ptolemy/actor/lib/test/auto/RecordAssemblerDisplayNameTest.xml
----------------- Instantiating /home/travis/build/icyphy/ptII/ptolemy/actor/lib/test/auto/RecordAssemblerDisplayNameTest.xml
3527 ms. Memory: 493568K Free: 198380K (40%)
----------------- Invoking toplevel() on ptolemy.moml.MoMLSimpleApplication@36e7beb1
----------------- Done invoking toplevel() on ptolemy.moml.MoMLSimpleApplication@36e7beb1
reloadAllAccessors: .RecordAssemblerDisplayNameTest

===========================================================================================
----------------- testing Fri Jun 28 04:47:13 UTC 2019 /home/travis/build/icyphy/ptII/ptolemy/actor/lib/test/auto/RecordAssemblerTypeError.xml
----------------- Instantiating /home/travis/build/icyphy/ptII/ptolemy/actor/lib/test/auto/RecordAssemblerTypeError.xml
8 ms. Memory: 493568K Free: 189164K (38%)
----------------- Invoking toplevel() on ptolemy.moml.MoMLSimpleApplication@47fe83f7
----------------- Done invoking toplevel() on ptolemy.moml.MoMLSimpleApplication@47fe83f7
reloadAllAccessors: .RecordAssemblerTypeError

===========================================================================================
----------------- testing Fri Jun 28 04:47:13 UTC 2019 /home/travis/build/icyphy/ptII/ptolemy/actor/lib/test/auto/RecordDisassember.xml
----------------- Instantiating /home/travis/build/icyphy/ptII/ptolemy/actor/lib/test/auto/RecordDisassember.xml
5 ms. Memory: 493568K Free: 184558K (37%)
----------------- Invoking toplevel() on ptolemy.moml.MoMLSimpleApplication@546129c7
----------------- Done invoking toplevel() on ptolemy.moml.MoMLSimpleApplication@546129c7
reloadAllAccessors: .RecordDisassember

===========================================================================================
----------------- testing Fri Jun 28 04:47:13 UTC 2019 /home/travis/build/icyphy/ptII/ptolemy/actor/lib/test/auto/RecordDisassemberDisplayNameTest.xml
----------------- Instantiating /home/travis/build/icyphy/ptII/ptolemy/actor/lib/test/auto/RecordDisassemberDisplayNameTest.xml
6 ms. Memory: 493568K Free: 176876K (36%)
----------------- Invoking toplevel() on ptolemy.moml.MoMLSimpleApplication@428670c8
----------------- Done invoking toplevel() on ptolemy.moml.MoMLSimpleApplication@428670c8
reloadAllAccessors: .RecordDisassemberDisplayNameTest

===========================================================================================
----------------- testing Fri Jun 28 04:47:13 UTC 2019 /home/travis/build/icyphy/ptII/ptolemy/actor/lib/test/auto/RecordDisassembler.xml
----------------- Instantiating /home/travis/build/icyphy/ptII/ptolemy/actor/lib/test/auto/RecordDisassembler.xml
3 ms. Memory: 493568K Free: 171742K (35%)
----------------- Invoking toplevel() on ptolemy.moml.MoMLSimpleApplication@2b186eb4
----------------- Done invoking toplevel() on ptolemy.moml.MoMLSimpleApplication@2b186eb4
reloadAllAccessors: .RecordDisassembler

===========================================================================================
----------------- testing Fri Jun 28 04:47:13 UTC 2019 /home/travis/build/icyphy/ptII/ptolemy/actor/lib/test/auto/RecordDisassembler2.xml
----------------- Instantiating /home/travis/build/icyphy/ptII/ptolemy/actor/lib/test/auto/RecordDisassembler2.xml
3 ms. Memory: 493568K Free: 166622K (34%)
----------------- Invoking toplevel() on ptolemy.moml.MoMLSimpleApplication@7ba74809
----------------- Done invoking toplevel() on ptolemy.moml.MoMLSimpleApplication@7ba74809
reloadAllAccessors: .RecordDisassembler2

===========================================================================================
----------------- testing Fri Jun 28 04:47:13 UTC 2019 /home/travis/build/icyphy/ptII/ptolemy/actor/lib/test/auto/RecordUpdater.xml
----------------- Instantiating /home/travis/build/icyphy/ptII/ptolemy/actor/lib/test/auto/RecordUpdater.xml
2 ms. Memory: 493568K Free: 161516K (33%)
----------------- Invoking toplevel() on ptolemy.moml.MoMLSimpleApplication@1b21c3c0
----------------- Done invoking toplevel() on ptolemy.moml.MoMLSimpleApplication@1b21c3c0
reloadAllAccessors: .RecordUpdater

===========================================================================================
----------------- testing Fri Jun 28 04:47:13 UTC 2019 /home/travis/build/icyphy/ptII/ptolemy/actor/lib/test/auto/RecordUpdater2.xml
----------------- Instantiating /home/travis/build/icyphy/ptII/ptolemy/actor/lib/test/auto/RecordUpdater2.xml
1 ms. Memory: 493568K Free: 156908K (32%)
----------------- Invoking toplevel() on ptolemy.moml.MoMLSimpleApplication@45efbf94
----------------- Done invoking toplevel() on ptolemy.moml.MoMLSimpleApplication@45efbf94
reloadAllAccessors: .RecordUpdater2

===========================================================================================
----------------- testing Fri Jun 28 04:47:13 UTC 2019 /home/travis/build/icyphy/ptII/ptolemy/actor/lib/test/auto/RecursiveLattice.xml
----------------- Instantiating /home/travis/build/icyphy/ptII/ptolemy/actor/lib/test/auto/RecursiveLattice.xml
3 ms. Memory: 493568K Free: 444303K (90%)
----------------- Invoking toplevel() on ptolemy.moml.MoMLSimpleApplication@2da40410
----------------- Done invoking toplevel() on ptolemy.moml.MoMLSimpleApplication@2da40410
reloadAllAccessors: .RecursiveLattice

===========================================================================================
----------------- testing Fri Jun 28 04:47:13 UTC 2019 /home/travis/build/icyphy/ptII/ptolemy/actor/lib/test/auto/Router.xml
----------------- Instantiating /home/travis/build/icyphy/ptII/ptolemy/actor/lib/test/auto/Router.xml
3003 ms. Memory: 493568K Free: 433549K (88%)
----------------- Invoking toplevel() on ptolemy.moml.MoMLSimpleApplication@3a1e693b
----------------- Done invoking toplevel() on ptolemy.moml.MoMLSimpleApplication@3a1e693b
reloadAllAccessors: .Router

===========================================================================================
----------------- testing Fri Jun 28 04:47:16 UTC 2019 /home/travis/build/icyphy/ptII/ptolemy/actor/lib/test/auto/Router2.xml
----------------- Instantiating /home/travis/build/icyphy/ptII/ptolemy/actor/lib/test/auto/Router2.xml
3004 ms. Memory: 493568K Free: 422799K (86%)
----------------- Invoking toplevel() on ptolemy.moml.MoMLSimpleApplication@de06790
----------------- Done invoking toplevel() on ptolemy.moml.MoMLSimpleApplication@de06790
reloadAllAccessors: .Router2

===========================================================================================
----------------- testing Fri Jun 28 04:47:19 UTC 2019 /home/travis/build/icyphy/ptII/ptolemy/actor/lib/test/auto/RunningMaximum.xml
----------------- Instantiating /home/travis/build/icyphy/ptII/ptolemy/actor/lib/test/auto/RunningMaximum.xml
2 ms. Memory: 493568K Free: 418189K (85%)
----------------- Invoking toplevel() on ptolemy.moml.MoMLSimpleApplication@13412808
----------------- Done invoking toplevel() on ptolemy.moml.MoMLSimpleApplication@13412808
reloadAllAccessors: .RunningMaximum

===========================================================================================
----------------- testing Fri Jun 28 04:47:19 UTC 2019 /home/travis/build/icyphy/ptII/ptolemy/actor/lib/test/auto/RunningMinimum.xml
----------------- Instantiating /home/travis/build/icyphy/ptII/ptolemy/actor/lib/test/auto/RunningMinimum.xml
8 ms. Memory: 493568K Free: 413583K (84%)
----------------- Invoking toplevel() on ptolemy.moml.MoMLSimpleApplication@690fad2e
----------------- Done invoking toplevel() on ptolemy.moml.MoMLSimpleApplication@690fad2e
reloadAllAccessors: .RunningMinimum

===========================================================================================
----------------- testing Fri Jun 28 04:47:19 UTC 2019 /home/travis/build/icyphy/ptII/ptolemy/actor/lib/test/auto/Scale.xml
----------------- Instantiating /home/travis/build/icyphy/ptII/ptolemy/actor/lib/test/auto/Scale.xml
1 ms. Memory: 493568K Free: 408973K (83%)
----------------- Invoking toplevel() on ptolemy.moml.MoMLSimpleApplication@75fe2b17
----------------- Done invoking toplevel() on ptolemy.moml.MoMLSimpleApplication@75fe2b17
reloadAllAccessors: .Scale

===========================================================================================
----------------- testing Fri Jun 28 04:47:19 UTC 2019 /home/travis/build/icyphy/ptII/ptolemy/actor/lib/test/auto/Scale2.xml
----------------- Instantiating /home/travis/build/icyphy/ptII/ptolemy/actor/lib/test/auto/Scale2.xml
2 ms. Memory: 493568K Free: 404367K (82%)
----------------- Invoking toplevel() on ptolemy.moml.MoMLSimpleApplication@4abcfa2c
----------------- Done invoking toplevel() on ptolemy.moml.MoMLSimpleApplication@4abcfa2c
reloadAllAccessors: .Scale2

===========================================================================================
----------------- testing Fri Jun 28 04:47:19 UTC 2019 /home/travis/build/icyphy/ptII/ptolemy/actor/lib/test/auto/Scale3.xml
----------------- Instantiating /home/travis/build/icyphy/ptII/ptolemy/actor/lib/test/auto/Scale3.xml
3 ms. Memory: 493568K Free: 398223K (81%)
----------------- Invoking toplevel() on ptolemy.moml.MoMLSimpleApplication@39102679
----------------- Done invoking toplevel() on ptolemy.moml.MoMLSimpleApplication@39102679
reloadAllAccessors: .Scale3

===========================================================================================
----------------- testing Fri Jun 28 04:47:19 UTC 2019 /home/travis/build/icyphy/ptII/ptolemy/actor/lib/test/auto/ScaleArray.xml
----------------- Instantiating /home/travis/build/icyphy/ptII/ptolemy/actor/lib/test/auto/ScaleArray.xml
2 ms. Memory: 493568K Free: 393613K (80%)
----------------- Invoking toplevel() on ptolemy.moml.MoMLSimpleApplication@70d5f42e
----------------- Done invoking toplevel() on ptolemy.moml.MoMLSimpleApplication@70d5f42e
reloadAllAccessors: .ScaleArray

===========================================================================================
----------------- testing Fri Jun 28 04:47:19 UTC 2019 /home/travis/build/icyphy/ptII/ptolemy/actor/lib/test/auto/ScaleArray2.xml
----------------- Instantiating /home/travis/build/icyphy/ptII/ptolemy/actor/lib/test/auto/ScaleArray2.xml
2 ms. Memory: 493568K Free: 389007K (79%)
----------------- Invoking toplevel() on ptolemy.moml.MoMLSimpleApplication@76084df2
----------------- Done invoking toplevel() on ptolemy.moml.MoMLSimpleApplication@76084df2
reloadAllAccessors: .ScaleArray2

===========================================================================================
----------------- testing Fri Jun 28 04:47:19 UTC 2019 /home/travis/build/icyphy/ptII/ptolemy/actor/lib/test/auto/ScaleMatrix.xml
----------------- Instantiating /home/travis/build/icyphy/ptII/ptolemy/actor/lib/test/auto/ScaleMatrix.xml
175 ms. Memory: 493568K Free: 375181K (76%)
----------------- Invoking toplevel() on ptolemy.moml.MoMLSimpleApplication@42880b5
----------------- Done invoking toplevel() on ptolemy.moml.MoMLSimpleApplication@42880b5
reloadAllAccessors: .ScaleMatrix

===========================================================================================
----------------- testing Fri Jun 28 04:47:19 UTC 2019 /home/travis/build/icyphy/ptII/ptolemy/actor/lib/test/auto/Select.xml
----------------- Instantiating /home/travis/build/icyphy/ptII/ptolemy/actor/lib/test/auto/Select.xml
2 ms. Memory: 493568K Free: 369023K (75%)
----------------- Invoking toplevel() on ptolemy.moml.MoMLSimpleApplication@30408479
----------------- Done invoking toplevel() on ptolemy.moml.MoMLSimpleApplication@30408479
reloadAllAccessors: .Select

===========================================================================================
----------------- testing Fri Jun 28 04:47:19 UTC 2019 /home/travis/build/icyphy/ptII/ptolemy/actor/lib/test/auto/Select2.xml
----------------- Instantiating /home/travis/build/icyphy/ptII/ptolemy/actor/lib/test/auto/Select2.xml
1 ms. Memory: 493568K Free: 364431K (74%)
----------------- Invoking toplevel() on ptolemy.moml.MoMLSimpleApplication@13a6116b
----------------- Done invoking toplevel() on ptolemy.moml.MoMLSimpleApplication@13a6116b
reloadAllAccessors: .Select2

===========================================================================================
----------------- testing Fri Jun 28 04:47:19 UTC 2019 /home/travis/build/icyphy/ptII/ptolemy/actor/lib/test/auto/SequenceToArray2.xml
----------------- Instantiating /home/travis/build/icyphy/ptII/ptolemy/actor/lib/test/auto/SequenceToArray2.xml
100 ms. Memory: 493568K Free: 340879K (69%)
----------------- Invoking toplevel() on ptolemy.moml.MoMLSimpleApplication@3279076d
----------------- Done invoking toplevel() on ptolemy.moml.MoMLSimpleApplication@3279076d
reloadAllAccessors: .SequenceToArray2

===========================================================================================
----------------- testing Fri Jun 28 04:47:19 UTC 2019 /home/travis/build/icyphy/ptII/ptolemy/actor/lib/test/auto/SequentialClock.xml
----------------- Instantiating /home/travis/build/icyphy/ptII/ptolemy/actor/lib/test/auto/SequentialClock.xml
1 ms. Memory: 493568K Free: 337263K (68%)
----------------- Invoking toplevel() on ptolemy.moml.MoMLSimpleApplication@674bfea5
----------------- Done invoking toplevel() on ptolemy.moml.MoMLSimpleApplication@674bfea5
reloadAllAccessors: .SequentialClock

===========================================================================================
----------------- testing Fri Jun 28 04:47:19 UTC 2019 /home/travis/build/icyphy/ptII/ptolemy/actor/lib/test/auto/SetVariable.xml
----------------- Instantiating /home/travis/build/icyphy/ptII/ptolemy/actor/lib/test/auto/SetVariable.xml
4 ms. Memory: 493568K Free: 332173K (67%)
----------------- Invoking toplevel() on ptolemy.moml.MoMLSimpleApplication@53e689c3
----------------- Done invoking toplevel() on ptolemy.moml.MoMLSimpleApplication@53e689c3
reloadAllAccessors: .SetVariable

===========================================================================================
----------------- testing Fri Jun 28 04:47:19 UTC 2019 /home/travis/build/icyphy/ptII/ptolemy/actor/lib/test/auto/SetVariable2.xml
----------------- Instantiating /home/travis/build/icyphy/ptII/ptolemy/actor/lib/test/auto/SetVariable2.xml
4 ms. Memory: 493568K Free: 327053K (66%)
----------------- Invoking toplevel() on ptolemy.moml.MoMLSimpleApplication@6ca46631
----------------- Done invoking toplevel() on ptolemy.moml.MoMLSimpleApplication@6ca46631
reloadAllAccessors: .SetVariable2

===========================================================================================
----------------- testing Fri Jun 28 04:47:19 UTC 2019 /home/travis/build/icyphy/ptII/ptolemy/actor/lib/test/auto/SetVariable3.xml
----------------- Instantiating /home/travis/build/icyphy/ptII/ptolemy/actor/lib/test/auto/SetVariable3.xml
3 ms. Memory: 493568K Free: 321933K (65%)
----------------- Invoking toplevel() on ptolemy.moml.MoMLSimpleApplication@3ea4c103
----------------- Done invoking toplevel() on ptolemy.moml.MoMLSimpleApplication@3ea4c103
reloadAllAccessors: .SetVariable3

===========================================================================================
----------------- testing Fri Jun 28 04:47:19 UTC 2019 /home/travis/build/icyphy/ptII/ptolemy/actor/lib/test/auto/SetVariable4.xml
----------------- Instantiating /home/travis/build/icyphy/ptII/ptolemy/actor/lib/test/auto/SetVariable4.xml
15 ms. Memory: 493568K Free: 312205K (63%)
----------------- Invoking toplevel() on ptolemy.moml.MoMLSimpleApplication@1fc5d116
----------------- Done invoking toplevel() on ptolemy.moml.MoMLSimpleApplication@1fc5d116
reloadAllAccessors: .SetVariable4

===========================================================================================
----------------- testing Fri Jun 28 04:47:19 UTC 2019 /home/travis/build/icyphy/ptII/ptolemy/actor/lib/test/auto/SetVariable5.xml
----------------- Instantiating /home/travis/build/icyphy/ptII/ptolemy/actor/lib/test/auto/SetVariable5.xml
19 ms. Memory: 493568K Free: 302991K (61%)
----------------- Invoking toplevel() on ptolemy.moml.MoMLSimpleApplication@69cbccd9
----------------- Done invoking toplevel() on ptolemy.moml.MoMLSimpleApplication@69cbccd9
reloadAllAccessors: .SetVariable5

===========================================================================================
----------------- testing Fri Jun 28 04:47:19 UTC 2019 /home/travis/build/icyphy/ptII/ptolemy/actor/lib/test/auto/Sinewave.xml
----------------- Instantiating /home/travis/build/icyphy/ptII/ptolemy/actor/lib/test/auto/Sinewave.xml
4 ms. Memory: 493568K Free: 292751K (59%)
----------------- Invoking toplevel() on ptolemy.moml.MoMLSimpleApplication@7926fdc3
----------------- Done invoking toplevel() on ptolemy.moml.MoMLSimpleApplication@7926fdc3
reloadAllAccessors: .Sinewave

===========================================================================================
----------------- testing Fri Jun 28 04:47:20 UTC 2019 /home/travis/build/icyphy/ptII/ptolemy/actor/lib/test/auto/Sinewave2.xml
----------------- Instantiating /home/travis/build/icyphy/ptII/ptolemy/actor/lib/test/auto/Sinewave2.xml
6 ms. Memory: 493568K Free: 284559K (58%)
----------------- Invoking toplevel() on ptolemy.moml.MoMLSimpleApplication@5407eb98
----------------- Done invoking toplevel() on ptolemy.moml.MoMLSimpleApplication@5407eb98
reloadAllAccessors: .Sinewave2

===========================================================================================
----------------- testing Fri Jun 28 04:47:20 UTC 2019 /home/travis/build/icyphy/ptII/ptolemy/actor/lib/test/auto/Sinewave3.xml
----------------- Instantiating /home/travis/build/icyphy/ptII/ptolemy/actor/lib/test/auto/Sinewave3.xml
7 ms. Memory: 493568K Free: 276367K (56%)
----------------- Invoking toplevel() on ptolemy.moml.MoMLSimpleApplication@7b8e6b7b
----------------- Done invoking toplevel() on ptolemy.moml.MoMLSimpleApplication@7b8e6b7b
reloadAllAccessors: .Sinewave3

===========================================================================================
----------------- testing Fri Jun 28 04:47:20 UTC 2019 /home/travis/build/icyphy/ptII/ptolemy/actor/lib/test/auto/SingleEvent.xml
----------------- Instantiating /home/travis/build/icyphy/ptII/ptolemy/actor/lib/test/auto/SingleEvent.xml
1 ms. Memory: 493568K Free: 272271K (55%)
----------------- Invoking toplevel() on ptolemy.moml.MoMLSimpleApplication@50f31c7
----------------- Done invoking toplevel() on ptolemy.moml.MoMLSimpleApplication@50f31c7
reloadAllAccessors: .SingleEvent

===========================================================================================
----------------- testing Fri Jun 28 04:47:20 UTC 2019 /home/travis/build/icyphy/ptII/ptolemy/actor/lib/test/auto/Sleep.xml
----------------- Instantiating /home/travis/build/icyphy/ptII/ptolemy/actor/lib/test/auto/Sleep.xml
6004 ms. Memory: 493568K Free: 266637K (54%)
----------------- Invoking toplevel() on ptolemy.moml.MoMLSimpleApplication@43af23eb
----------------- Done invoking toplevel() on ptolemy.moml.MoMLSimpleApplication@43af23eb
reloadAllAccessors: .Sleep

===========================================================================================
----------------- testing Fri Jun 28 04:47:26 UTC 2019 /home/travis/build/icyphy/ptII/ptolemy/actor/lib/test/auto/SleepMultipleFire.xml
----------------- Instantiating /home/travis/build/icyphy/ptII/ptolemy/actor/lib/test/auto/SleepMultipleFire.xml
1005 ms. Memory: 493568K Free: 260493K (53%)
----------------- Invoking toplevel() on ptolemy.moml.MoMLSimpleApplication@32184a2d
----------------- Done invoking toplevel() on ptolemy.moml.MoMLSimpleApplication@32184a2d
reloadAllAccessors: .SleepMultipleFire

===========================================================================================
----------------- testing Fri Jun 28 04:47:27 UTC 2019 /home/travis/build/icyphy/ptII/ptolemy/actor/lib/test/auto/StopDE.xml
----------------- Instantiating /home/travis/build/icyphy/ptII/ptolemy/actor/lib/test/auto/StopDE.xml
4 ms. Memory: 493568K Free: 254863K (52%)
----------------- Invoking toplevel() on ptolemy.moml.MoMLSimpleApplication@52091a85
----------------- Done invoking toplevel() on ptolemy.moml.MoMLSimpleApplication@52091a85
reloadAllAccessors: .StopDE

===========================================================================================
----------------- testing Fri Jun 28 04:47:27 UTC 2019 /home/travis/build/icyphy/ptII/ptolemy/actor/lib/test/auto/StopSDF.xml
----------------- Instantiating /home/travis/build/icyphy/ptII/ptolemy/actor/lib/test/auto/StopSDF.xml
3 ms. Memory: 493568K Free: 249743K (51%)
----------------- Invoking toplevel() on ptolemy.moml.MoMLSimpleApplication@7168e361
----------------- Done invoking toplevel() on ptolemy.moml.MoMLSimpleApplication@7168e361
reloadAllAccessors: .StopSDF

===========================================================================================
----------------- testing Fri Jun 28 04:47:27 UTC 2019 /home/travis/build/icyphy/ptII/ptolemy/actor/lib/test/auto/StringConstant.xml
----------------- Instantiating /home/travis/build/icyphy/ptII/ptolemy/actor/lib/test/auto/StringConstant.xml
9 ms. Memory: 493568K Free: 245647K (50%)
----------------- Invoking toplevel() on ptolemy.moml.MoMLSimpleApplication@3be075b
----------------- Done invoking toplevel() on ptolemy.moml.MoMLSimpleApplication@3be075b
reloadAllAccessors: .StringConstant

===========================================================================================
----------------- testing Fri Jun 28 04:47:27 UTC 2019 /home/travis/build/icyphy/ptII/ptolemy/actor/lib/test/auto/SubscriberPortInitialValues1.xml
----------------- Instantiating /home/travis/build/icyphy/ptII/ptolemy/actor/lib/test/auto/SubscriberPortInitialValues1.xml
11 ms. Memory: 493568K Free: 236941K (48%)
----------------- Invoking toplevel() on ptolemy.moml.MoMLSimpleApplication@4e32329c
----------------- Done invoking toplevel() on ptolemy.moml.MoMLSimpleApplication@4e32329c
reloadAllAccessors: .SubscriberPortInitialValues1

===========================================================================================
----------------- testing Fri Jun 28 04:47:27 UTC 2019 /home/travis/build/icyphy/ptII/ptolemy/actor/lib/test/auto/SubscriberPortInitialValues13.xml
----------------- Instantiating /home/travis/build/icyphy/ptII/ptolemy/actor/lib/test/auto/SubscriberPortInitialValues13.xml
4 ms. Memory: 493568K Free: 224653K (46%)
----------------- Invoking toplevel() on ptolemy.moml.MoMLSimpleApplication@4af9be47
----------------- Done invoking toplevel() on ptolemy.moml.MoMLSimpleApplication@4af9be47
reloadAllAccessors: .SubscriberPortInitialValues13

===========================================================================================
----------------- testing Fri Jun 28 04:47:27 UTC 2019 /home/travis/build/icyphy/ptII/ptolemy/actor/lib/test/auto/SubscriberPortInitialValues14.xml
----------------- Instantiating /home/travis/build/icyphy/ptII/ptolemy/actor/lib/test/auto/SubscriberPortInitialValues14.xml
5 ms. Memory: 493568K Free: 216461K (44%)
----------------- Invoking toplevel() on ptolemy.moml.MoMLSimpleApplication@d813faf
----------------- Done invoking toplevel() on ptolemy.moml.MoMLSimpleApplication@d813faf
reloadAllAccessors: .SubscriberPortInitialValues14

===========================================================================================
----------------- testing Fri Jun 28 04:47:27 UTC 2019 /home/travis/build/icyphy/ptII/ptolemy/actor/lib/test/auto/SubscriberPortInitialValues2.xml
----------------- Instantiating /home/travis/build/icyphy/ptII/ptolemy/actor/lib/test/auto/SubscriberPortInitialValues2.xml
4 ms. Memory: 493568K Free: 208783K (42%)
----------------- Invoking toplevel() on ptolemy.moml.MoMLSimpleApplication@145f37f2
----------------- Done invoking toplevel() on ptolemy.moml.MoMLSimpleApplication@145f37f2
reloadAllAccessors: .SubscriberPortInitialValues2

===========================================================================================
----------------- testing Fri Jun 28 04:47:27 UTC 2019 /home/travis/build/icyphy/ptII/ptolemy/actor/lib/test/auto/SubscriberPortInitialValues3.xml
----------------- Instantiating /home/travis/build/icyphy/ptII/ptolemy/actor/lib/test/auto/SubscriberPortInitialValues3.xml
6 ms. Memory: 493568K Free: 198029K (40%)
----------------- Invoking toplevel() on ptolemy.moml.MoMLSimpleApplication@ecefbdd
----------------- Done invoking toplevel() on ptolemy.moml.MoMLSimpleApplication@ecefbdd
reloadAllAccessors: .SubscriberPortInitialValues3

===========================================================================================
----------------- testing Fri Jun 28 04:47:27 UTC 2019 /home/travis/build/icyphy/ptII/ptolemy/actor/lib/test/auto/SubscriptionAggregator.xml
----------------- Instantiating /home/travis/build/icyphy/ptII/ptolemy/actor/lib/test/auto/SubscriptionAggregator.xml
4 ms. Memory: 493568K Free: 191375K (39%)
----------------- Invoking toplevel() on ptolemy.moml.MoMLSimpleApplication@77aeab8b
----------------- Done invoking toplevel() on ptolemy.moml.MoMLSimpleApplication@77aeab8b
reloadAllAccessors: .SubscriptionAggregator

===========================================================================================
----------------- testing Fri Jun 28 04:47:27 UTC 2019 /home/travis/build/icyphy/ptII/ptolemy/actor/lib/test/auto/SubscriptionAggregator2.xml
----------------- Instantiating /home/travis/build/icyphy/ptII/ptolemy/actor/lib/test/auto/SubscriptionAggregator2.xml
3 ms. Memory: 493568K Free: 184711K (37%)
----------------- Invoking toplevel() on ptolemy.moml.MoMLSimpleApplication@53fbda89
----------------- Done invoking toplevel() on ptolemy.moml.MoMLSimpleApplication@53fbda89
reloadAllAccessors: .SubscriptionAggregator2

===========================================================================================
----------------- testing Fri Jun 28 04:47:27 UTC 2019 /home/travis/build/icyphy/ptII/ptolemy/actor/lib/test/auto/SubscriptionAggregator3.xml
----------------- Instantiating /home/travis/build/icyphy/ptII/ptolemy/actor/lib/test/auto/SubscriptionAggregator3.xml
3 ms. Memory: 493568K Free: 176015K (36%)
----------------- Invoking toplevel() on ptolemy.moml.MoMLSimpleApplication@6cf0d073
----------------- Done invoking toplevel() on ptolemy.moml.MoMLSimpleApplication@6cf0d073
reloadAllAccessors: .SubscriptionAggregator3

===========================================================================================
----------------- testing Fri Jun 28 04:47:27 UTC 2019 /home/travis/build/icyphy/ptII/ptolemy/actor/lib/test/auto/SubscriptionAggregatorMultiply.xml
----------------- Instantiating /home/travis/build/icyphy/ptII/ptolemy/actor/lib/test/auto/SubscriptionAggregatorMultiply.xml
16 ms. Memory: 493568K Free: 166799K (34%)
----------------- Invoking toplevel() on ptolemy.moml.MoMLSimpleApplication@29861867
----------------- Done invoking toplevel() on ptolemy.moml.MoMLSimpleApplication@29861867
reloadAllAccessors: .SubscriptionAggregatorMultiply

===========================================================================================
----------------- testing Fri Jun 28 04:47:27 UTC 2019 /home/travis/build/icyphy/ptII/ptolemy/actor/lib/test/auto/SubscriptionAggregatorPortMultiply1.xml
----------------- Instantiating /home/travis/build/icyphy/ptII/ptolemy/actor/lib/test/auto/SubscriptionAggregatorPortMultiply1.xml
5 ms. Memory: 493568K Free: 158607K (32%)
----------------- Invoking toplevel() on ptolemy.moml.MoMLSimpleApplication@63534627
----------------- Done invoking toplevel() on ptolemy.moml.MoMLSimpleApplication@63534627
reloadAllAccessors: .SubscriptionAggregatorPortMultiply1

===========================================================================================
----------------- testing Fri Jun 28 04:47:27 UTC 2019 /home/travis/build/icyphy/ptII/ptolemy/actor/lib/test/auto/Switch.xml
----------------- Instantiating /home/travis/build/icyphy/ptII/ptolemy/actor/lib/test/auto/Switch.xml
22 ms. Memory: 493568K Free: 441968K (90%)
----------------- Invoking toplevel() on ptolemy.moml.MoMLSimpleApplication@414e054c
----------------- Done invoking toplevel() on ptolemy.moml.MoMLSimpleApplication@414e054c
reloadAllAccessors: .Switch

===========================================================================================
----------------- testing Fri Jun 28 04:47:27 UTC 2019 /home/travis/build/icyphy/ptII/ptolemy/actor/lib/test/auto/Switch2.xml
----------------- Instantiating /home/travis/build/icyphy/ptII/ptolemy/actor/lib/test/auto/Switch2.xml
1 ms. Memory: 493568K Free: 436592K (88%)
----------------- Invoking toplevel() on ptolemy.moml.MoMLSimpleApplication@69ed0816
----------------- Done invoking toplevel() on ptolemy.moml.MoMLSimpleApplication@69ed0816
reloadAllAccessors: .Switch2

===========================================================================================
----------------- testing Fri Jun 28 04:47:27 UTC 2019 /home/travis/build/icyphy/ptII/ptolemy/actor/lib/test/auto/SwitchDE.xml
----------------- Instantiating /home/travis/build/icyphy/ptII/ptolemy/actor/lib/test/auto/SwitchDE.xml
3 ms. Memory: 493568K Free: 430418K (87%)
----------------- Invoking toplevel() on ptolemy.moml.MoMLSimpleApplication@52fa5eb6
----------------- Done invoking toplevel() on ptolemy.moml.MoMLSimpleApplication@52fa5eb6
reloadAllAccessors: .SwitchDE

===========================================================================================
----------------- testing Fri Jun 28 04:47:27 UTC 2019 /home/travis/build/icyphy/ptII/ptolemy/actor/lib/test/auto/SynchronizerDE.xml
----------------- Instantiating /home/travis/build/icyphy/ptII/ptolemy/actor/lib/test/auto/SynchronizerDE.xml
7 ms. Memory: 493568K Free: 422242K (86%)
----------------- Invoking toplevel() on ptolemy.moml.MoMLSimpleApplication@32b592bc
----------------- Done invoking toplevel() on ptolemy.moml.MoMLSimpleApplication@32b592bc
reloadAllAccessors: .SynchronizerDE

===========================================================================================
----------------- testing Fri Jun 28 04:47:27 UTC 2019 /home/travis/build/icyphy/ptII/ptolemy/actor/lib/test/auto/Test.xml
----------------- Instantiating /home/travis/build/icyphy/ptII/ptolemy/actor/lib/test/auto/Test.xml
8 ms. Memory: 493568K Free: 417130K (85%)
----------------- Invoking toplevel() on ptolemy.moml.MoMLSimpleApplication@3fcdee70
----------------- Done invoking toplevel() on ptolemy.moml.MoMLSimpleApplication@3fcdee70
reloadAllAccessors: .Test

===========================================================================================
----------------- testing Fri Jun 28 04:47:27 UTC 2019 /home/travis/build/icyphy/ptII/ptolemy/actor/lib/test/auto/TestExceptionAttribute1.xml
----------------- Instantiating /home/travis/build/icyphy/ptII/ptolemy/actor/lib/test/auto/TestExceptionAttribute1.xml
1 ms. Memory: 493568K Free: 413040K (84%)
----------------- Invoking toplevel() on ptolemy.moml.MoMLSimpleApplication@b95d4f4
----------------- Done invoking toplevel() on ptolemy.moml.MoMLSimpleApplication@b95d4f4
reloadAllAccessors: .TestExceptionAttribute1

===========================================================================================
----------------- testing Fri Jun 28 04:47:27 UTC 2019 /home/travis/build/icyphy/ptII/ptolemy/actor/lib/test/auto/TestExceptionAttribute2.xml
----------------- Instantiating /home/travis/build/icyphy/ptII/ptolemy/actor/lib/test/auto/TestExceptionAttribute2.xml
2 ms. Memory: 493568K Free: 409458K (83%)
----------------- Invoking toplevel() on ptolemy.moml.MoMLSimpleApplication@557eb90a
----------------- Done invoking toplevel() on ptolemy.moml.MoMLSimpleApplication@557eb90a
reloadAllAccessors: .TestExceptionAttribute2

===========================================================================================
----------------- testing Fri Jun 28 04:47:27 UTC 2019 /home/travis/build/icyphy/ptII/ptolemy/actor/lib/test/auto/TestExceptionAttribute3.xml
----------------- Instantiating /home/travis/build/icyphy/ptII/ptolemy/actor/lib/test/auto/TestExceptionAttribute3.xml
.TestExceptionAttribute3.TestExceptionAttribute: initialize() was not invoked, but wrapup() was.  This is unusual, but not always a problem.  For example, exporting JNLP will do this.
1 ms. Memory: 493568K Free: 405872K (82%)
----------------- Invoking toplevel() on ptolemy.moml.MoMLSimpleApplication@314d9ea8
----------------- Done invoking toplevel() on ptolemy.moml.MoMLSimpleApplication@314d9ea8
reloadAllAccessors: .TestExceptionAttribute3

===========================================================================================
----------------- testing Fri Jun 28 04:47:27 UTC 2019 /home/travis/build/icyphy/ptII/ptolemy/actor/lib/test/auto/TestExceptionAttribute4.xml
----------------- Instantiating /home/travis/build/icyphy/ptII/ptolemy/actor/lib/test/auto/TestExceptionAttribute4.xml
.TestExceptionAttribute4.TestExceptionAttribute: initialize() was not invoked, but wrapup() was.  This is unusual, but not always a problem.  For example, exporting JNLP will do this.
.TestExceptionAttribute4.TestExceptionAttribute2: initialize() was not invoked, but wrapup() was.  This is unusual, but not always a problem.  For example, exporting JNLP will do this.
1 ms. Memory: 493568K Free: 401776K (81%)
----------------- Invoking toplevel() on ptolemy.moml.MoMLSimpleApplication@53d98017
----------------- Done invoking toplevel() on ptolemy.moml.MoMLSimpleApplication@53d98017
reloadAllAccessors: .TestExceptionAttribute4

===========================================================================================
----------------- testing Fri Jun 28 04:47:27 UTC 2019 /home/travis/build/icyphy/ptII/ptolemy/actor/lib/test/auto/TestExceptionHandler1.xml
----------------- Instantiating /home/travis/build/icyphy/ptII/ptolemy/actor/lib/test/auto/TestExceptionHandler1.xml
1 ms. Memory: 493568K Free: 397680K (81%)
----------------- Invoking toplevel() on ptolemy.moml.MoMLSimpleApplication@3783782e
----------------- Done invoking toplevel() on ptolemy.moml.MoMLSimpleApplication@3783782e
reloadAllAccessors: .TestExceptionHandler1

===========================================================================================
----------------- testing Fri Jun 28 04:47:27 UTC 2019 /home/travis/build/icyphy/ptII/ptolemy/actor/lib/test/auto/TestExceptionHandler2.xml
----------------- Instantiating /home/travis/build/icyphy/ptII/ptolemy/actor/lib/test/auto/TestExceptionHandler2.xml
1 ms. Memory: 493568K Free: 394098K (80%)
----------------- Invoking toplevel() on ptolemy.moml.MoMLSimpleApplication@4f48953c
----------------- Done invoking toplevel() on ptolemy.moml.MoMLSimpleApplication@4f48953c
reloadAllAccessors: .TestExceptionHandler2

===========================================================================================
----------------- testing Fri Jun 28 04:47:27 UTC 2019 /home/travis/build/icyphy/ptII/ptolemy/actor/lib/test/auto/TestExceptionHandler3.xml
----------------- Instantiating /home/travis/build/icyphy/ptII/ptolemy/actor/lib/test/auto/TestExceptionHandler3.xml
0 ms. Memory: 493568K Free: 390512K (79%)
----------------- Invoking toplevel() on ptolemy.moml.MoMLSimpleApplication@2bc4cf75
----------------- Done invoking toplevel() on ptolemy.moml.MoMLSimpleApplication@2bc4cf75
reloadAllAccessors: .TestExceptionHandler3

===========================================================================================
----------------- testing Fri Jun 28 04:47:27 UTC 2019 /home/travis/build/icyphy/ptII/ptolemy/actor/lib/test/auto/TestExceptionHandler4.xml
----------------- Instantiating /home/travis/build/icyphy/ptII/ptolemy/actor/lib/test/auto/TestExceptionHandler4.xml
0 ms. Memory: 493568K Free: 386416K (78%)
----------------- Invoking toplevel() on ptolemy.moml.MoMLSimpleApplication@358b1a22
----------------- Done invoking toplevel() on ptolemy.moml.MoMLSimpleApplication@358b1a22
reloadAllAccessors: .TestExceptionHandler4

===========================================================================================
----------------- testing Fri Jun 28 04:47:27 UTC 2019 /home/travis/build/icyphy/ptII/ptolemy/actor/lib/test/auto/TestRequireCorrectOrder.xml
----------------- Instantiating /home/travis/build/icyphy/ptII/ptolemy/actor/lib/test/auto/TestRequireCorrectOrder.xml
2 ms. Memory: 493568K Free: 381266K (77%)
----------------- Invoking toplevel() on ptolemy.moml.MoMLSimpleApplication@2398791b
----------------- Done invoking toplevel() on ptolemy.moml.MoMLSimpleApplication@2398791b
reloadAllAccessors: .TestRequireCorrectOrder

===========================================================================================
----------------- testing Fri Jun 28 04:47:27 UTC 2019 /home/travis/build/icyphy/ptII/ptolemy/actor/lib/test/auto/TestSimple.xml
----------------- Instantiating /home/travis/build/icyphy/ptII/ptolemy/actor/lib/test/auto/TestSimple.xml
1 ms. Memory: 493568K Free: 376690K (76%)
----------------- Invoking toplevel() on ptolemy.moml.MoMLSimpleApplication@7210c09
----------------- Done invoking toplevel() on ptolemy.moml.MoMLSimpleApplication@7210c09
reloadAllAccessors: .TestSimple

===========================================================================================
----------------- testing Fri Jun 28 04:47:27 UTC 2019 /home/travis/build/icyphy/ptII/ptolemy/actor/lib/test/auto/ThrowModelError.xml
----------------- Instantiating /home/travis/build/icyphy/ptII/ptolemy/actor/lib/test/auto/ThrowModelError.xml
1 ms. Memory: 493568K Free: 372080K (75%)
----------------- Invoking toplevel() on ptolemy.moml.MoMLSimpleApplication@ec70c51
----------------- Done invoking toplevel() on ptolemy.moml.MoMLSimpleApplication@ec70c51
reloadAllAccessors: .ThrowModelError

===========================================================================================
----------------- testing Fri Jun 28 04:47:27 UTC 2019 /home/travis/build/icyphy/ptII/ptolemy/actor/lib/test/auto/TimeDelayMicrosteps.xml
----------------- Instantiating /home/travis/build/icyphy/ptII/ptolemy/actor/lib/test/auto/TimeDelayMicrosteps.xml
3 ms. Memory: 493568K Free: 365426K (74%)
----------------- Invoking toplevel() on ptolemy.moml.MoMLSimpleApplication@1e59a61c
----------------- Done invoking toplevel() on ptolemy.moml.MoMLSimpleApplication@1e59a61c
reloadAllAccessors: .TimeDelayMicrosteps

===========================================================================================
----------------- testing Fri Jun 28 04:47:27 UTC 2019 /home/travis/build/icyphy/ptII/ptolemy/actor/lib/test/auto/TimeDelayMicrosteps2.xml
----------------- Instantiating /home/travis/build/icyphy/ptII/ptolemy/actor/lib/test/auto/TimeDelayMicrosteps2.xml
11 ms. Memory: 493568K Free: 358258K (73%)
----------------- Invoking toplevel() on ptolemy.moml.MoMLSimpleApplication@3e6da4bd
----------------- Done invoking toplevel() on ptolemy.moml.MoMLSimpleApplication@3e6da4bd
reloadAllAccessors: .TimeDelayMicrosteps2

===========================================================================================
----------------- testing Fri Jun 28 04:47:27 UTC 2019 /home/travis/build/icyphy/ptII/ptolemy/actor/lib/test/auto/TimeDelayMicrosteps3.xml
----------------- Instantiating /home/travis/build/icyphy/ptII/ptolemy/actor/lib/test/auto/TimeDelayMicrosteps3.xml
2 ms. Memory: 493568K Free: 351090K (71%)
----------------- Invoking toplevel() on ptolemy.moml.MoMLSimpleApplication@4c05bed5
----------------- Done invoking toplevel() on ptolemy.moml.MoMLSimpleApplication@4c05bed5
reloadAllAccessors: .TimeDelayMicrosteps3

===========================================================================================
----------------- testing Fri Jun 28 04:47:27 UTC 2019 /home/travis/build/icyphy/ptII/ptolemy/actor/lib/test/auto/TimeDelayVariableMicrosteps.xml
----------------- Instantiating /home/travis/build/icyphy/ptII/ptolemy/actor/lib/test/auto/TimeDelayVariableMicrosteps.xml
4 ms. Memory: 493568K Free: 344432K (70%)
----------------- Invoking toplevel() on ptolemy.moml.MoMLSimpleApplication@e47dd1
----------------- Done invoking toplevel() on ptolemy.moml.MoMLSimpleApplication@e47dd1
reloadAllAccessors: .TimeDelayVariableMicrosteps

===========================================================================================
----------------- testing Fri Jun 28 04:47:27 UTC 2019 /home/travis/build/icyphy/ptII/ptolemy/actor/lib/test/auto/TimeGap.xml
----------------- Instantiating /home/travis/build/icyphy/ptII/ptolemy/actor/lib/test/auto/TimeGap.xml
4 ms. Memory: 493568K Free: 339282K (69%)
----------------- Invoking toplevel() on ptolemy.moml.MoMLSimpleApplication@53080b61
----------------- Done invoking toplevel() on ptolemy.moml.MoMLSimpleApplication@53080b61
reloadAllAccessors: .TimeGap

===========================================================================================
----------------- testing Fri Jun 28 04:47:27 UTC 2019 /home/travis/build/icyphy/ptII/ptolemy/actor/lib/test/auto/TimeGap2.xml
----------------- Instantiating /home/travis/build/icyphy/ptII/ptolemy/actor/lib/test/auto/TimeGap2.xml
2 ms. Memory: 493568K Free: 333682K (68%)
----------------- Invoking toplevel() on ptolemy.moml.MoMLSimpleApplication@7f8944a6
----------------- Done invoking toplevel() on ptolemy.moml.MoMLSimpleApplication@7f8944a6
reloadAllAccessors: .TimeGap2

===========================================================================================
----------------- testing Fri Jun 28 04:47:27 UTC 2019 /home/travis/build/icyphy/ptII/ptolemy/actor/lib/test/auto/TimedSinewave.xml
----------------- Instantiating /home/travis/build/icyphy/ptII/ptolemy/actor/lib/test/auto/TimedSinewave.xml
28 ms. Memory: 493568K Free: 319346K (65%)
----------------- Invoking toplevel() on ptolemy.moml.MoMLSimpleApplication@13ad3d46
----------------- Done invoking toplevel() on ptolemy.moml.MoMLSimpleApplication@13ad3d46
reloadAllAccessors: .TimedSinewave

===========================================================================================
----------------- testing Fri Jun 28 04:47:27 UTC 2019 /home/travis/build/icyphy/ptII/ptolemy/actor/lib/test/auto/TimedSinewavePhase.xml
----------------- Instantiating /home/travis/build/icyphy/ptII/ptolemy/actor/lib/test/auto/TimedSinewavePhase.xml
10 ms. Memory: 493568K Free: 309616K (63%)
----------------- Invoking toplevel() on ptolemy.moml.MoMLSimpleApplication@284dba5e
----------------- Done invoking toplevel() on ptolemy.moml.MoMLSimpleApplication@284dba5e
reloadAllAccessors: .TimedSinewavePhase

===========================================================================================
----------------- testing Fri Jun 28 04:47:27 UTC 2019 /home/travis/build/icyphy/ptII/ptolemy/actor/lib/test/auto/Timer.xml
----------------- Instantiating /home/travis/build/icyphy/ptII/ptolemy/actor/lib/test/auto/Timer.xml
2 ms. Memory: 493568K Free: 303986K (62%)
----------------- Invoking toplevel() on ptolemy.moml.MoMLSimpleApplication@18b61cb4
----------------- Done invoking toplevel() on ptolemy.moml.MoMLSimpleApplication@18b61cb4
reloadAllAccessors: .Timer

===========================================================================================
----------------- testing Fri Jun 28 04:47:27 UTC 2019 /home/travis/build/icyphy/ptII/ptolemy/actor/lib/test/auto/TriangularDistTestModel.xml
----------------- Instantiating /home/travis/build/icyphy/ptII/ptolemy/actor/lib/test/auto/TriangularDistTestModel.xml
2 ms. Memory: 493568K Free: 297842K (60%)
----------------- Invoking toplevel() on ptolemy.moml.MoMLSimpleApplication@401677da
----------------- Done invoking toplevel() on ptolemy.moml.MoMLSimpleApplication@401677da
reloadAllAccessors: .TriangularDistTestModel

===========================================================================================
----------------- testing Fri Jun 28 04:47:27 UTC 2019 /home/travis/build/icyphy/ptII/ptolemy/actor/lib/test/auto/TrigFunction.xml
----------------- Instantiating /home/travis/build/icyphy/ptII/ptolemy/actor/lib/test/auto/TrigFunction.xml
1 ms. Memory: 493568K Free: 293232K (59%)
----------------- Invoking toplevel() on ptolemy.moml.MoMLSimpleApplication@402e5297
----------------- Done invoking toplevel() on ptolemy.moml.MoMLSimpleApplication@402e5297
reloadAllAccessors: .TrigFunction

===========================================================================================
----------------- testing Fri Jun 28 04:47:27 UTC 2019 /home/travis/build/icyphy/ptII/ptolemy/actor/lib/test/auto/TrigFunctionDE.xml
----------------- Instantiating /home/travis/build/icyphy/ptII/ptolemy/actor/lib/test/auto/TrigFunctionDE.xml
1 ms. Memory: 493568K Free: 287602K (58%)
----------------- Invoking toplevel() on ptolemy.moml.MoMLSimpleApplication@25a6238
----------------- Done invoking toplevel() on ptolemy.moml.MoMLSimpleApplication@25a6238
reloadAllAccessors: .TrigFunctionDE

===========================================================================================
----------------- testing Fri Jun 28 04:47:27 UTC 2019 /home/travis/build/icyphy/ptII/ptolemy/actor/lib/test/auto/TrigFunctionInverse.xml
----------------- Instantiating /home/travis/build/icyphy/ptII/ptolemy/actor/lib/test/auto/TrigFunctionInverse.xml
2 ms. Memory: 493568K Free: 282482K (57%)
----------------- Invoking toplevel() on ptolemy.moml.MoMLSimpleApplication@4f25841c
----------------- Done invoking toplevel() on ptolemy.moml.MoMLSimpleApplication@4f25841c
reloadAllAccessors: .TrigFunctionInverse

===========================================================================================
----------------- testing Fri Jun 28 04:47:27 UTC 2019 /home/travis/build/icyphy/ptII/ptolemy/actor/lib/test/auto/TrigFunctionTan.xml
----------------- Instantiating /home/travis/build/icyphy/ptII/ptolemy/actor/lib/test/auto/TrigFunctionTan.xml
2 ms. Memory: 493568K Free: 277362K (56%)
----------------- Invoking toplevel() on ptolemy.moml.MoMLSimpleApplication@26362091
----------------- Done invoking toplevel() on ptolemy.moml.MoMLSimpleApplication@26362091
reloadAllAccessors: .TrigFunctionTan

===========================================================================================
----------------- testing Fri Jun 28 04:47:27 UTC 2019 /home/travis/build/icyphy/ptII/ptolemy/actor/lib/test/auto/TriggeredClock.xml
----------------- Instantiating /home/travis/build/icyphy/ptII/ptolemy/actor/lib/test/auto/TriggeredClock.xml
2 ms. Memory: 493568K Free: 272242K (55%)
----------------- Invoking toplevel() on ptolemy.moml.MoMLSimpleApplication@7e0a8aa3
----------------- Done invoking toplevel() on ptolemy.moml.MoMLSimpleApplication@7e0a8aa3
reloadAllAccessors: .TriggeredClock

===========================================================================================
----------------- testing Fri Jun 28 04:47:28 UTC 2019 /home/travis/build/icyphy/ptII/ptolemy/actor/lib/test/auto/URLDirectoryReader.xml
----------------- Instantiating /home/travis/build/icyphy/ptII/ptolemy/actor/lib/test/auto/URLDirectoryReader.xml
39 ms. Memory: 493568K Free: 264050K (53%)
----------------- Invoking toplevel() on ptolemy.moml.MoMLSimpleApplication@10cb0281
----------------- Done invoking toplevel() on ptolemy.moml.MoMLSimpleApplication@10cb0281
reloadAllAccessors: .URLDirectoryReader

===========================================================================================
----------------- testing Fri Jun 28 04:47:28 UTC 2019 /home/travis/build/icyphy/ptII/ptolemy/actor/lib/test/auto/URLDirectoryReader3.xml
----------------- Instantiating /home/travis/build/icyphy/ptII/ptolemy/actor/lib/test/auto/URLDirectoryReader3.xml
1717 ms. Memory: 493568K Free: 437665K (89%)
----------------- Invoking toplevel() on ptolemy.moml.MoMLSimpleApplication@47c98126
----------------- Done invoking toplevel() on ptolemy.moml.MoMLSimpleApplication@47c98126
reloadAllAccessors: .URLDirectoryReader3

===========================================================================================
----------------- testing Fri Jun 28 04:47:30 UTC 2019 /home/travis/build/icyphy/ptII/ptolemy/actor/lib/test/auto/UnaryMathFunction.xml
----------------- Instantiating /home/travis/build/icyphy/ptII/ptolemy/actor/lib/test/auto/UnaryMathFunction.xml
3 ms. Memory: 493568K Free: 429888K (87%)
----------------- Invoking toplevel() on ptolemy.moml.MoMLSimpleApplication@38fc1ec7
----------------- Done invoking toplevel() on ptolemy.moml.MoMLSimpleApplication@38fc1ec7
reloadAllAccessors: .UnaryMathFunction

===========================================================================================
----------------- testing Fri Jun 28 04:47:30 UTC 2019 /home/travis/build/icyphy/ptII/ptolemy/actor/lib/test/auto/Uniform.xml
----------------- Instantiating /home/travis/build/icyphy/ptII/ptolemy/actor/lib/test/auto/Uniform.xml
2 ms. Memory: 493568K Free: 425272K (86%)
----------------- Invoking toplevel() on ptolemy.moml.MoMLSimpleApplication@6d2783fd
----------------- Done invoking toplevel() on ptolemy.moml.MoMLSimpleApplication@6d2783fd
reloadAllAccessors: .Uniform

===========================================================================================
----------------- testing Fri Jun 28 04:47:30 UTC 2019 /home/travis/build/icyphy/ptII/ptolemy/actor/lib/test/auto/UnionDisassemblerTest.xml
----------------- Instantiating /home/travis/build/icyphy/ptII/ptolemy/actor/lib/test/auto/UnionDisassemblerTest.xml
16 ms. Memory: 493568K Free: 421152K (85%)
----------------- Invoking toplevel() on ptolemy.moml.MoMLSimpleApplication@3638a867
----------------- Done invoking toplevel() on ptolemy.moml.MoMLSimpleApplication@3638a867
reloadAllAccessors: .UnionDisassemblerTest

===========================================================================================
----------------- testing Fri Jun 28 04:47:30 UTC 2019 /home/travis/build/icyphy/ptII/ptolemy/actor/lib/test/auto/UtilityFunctions.xml
----------------- Instantiating /home/travis/build/icyphy/ptII/ptolemy/actor/lib/test/auto/UtilityFunctions.xml
1 ms. Memory: 493568K Free: 416062K (84%)
----------------- Invoking toplevel() on ptolemy.moml.MoMLSimpleApplication@66385008
----------------- Done invoking toplevel() on ptolemy.moml.MoMLSimpleApplication@66385008
reloadAllAccessors: .UtilityFunctions

===========================================================================================
----------------- testing Fri Jun 28 04:47:30 UTC 2019 /home/travis/build/icyphy/ptII/ptolemy/actor/lib/test/auto/VariableSleep.xml
----------------- Instantiating /home/travis/build/icyphy/ptII/ptolemy/actor/lib/test/auto/VariableSleep.xml
504 ms. Memory: 493568K Free: 410432K (83%)
----------------- Invoking toplevel() on ptolemy.moml.MoMLSimpleApplication@3ee8b495
----------------- Done invoking toplevel() on ptolemy.moml.MoMLSimpleApplication@3ee8b495
reloadAllAccessors: .VariableSleep

===========================================================================================
----------------- testing Fri Jun 28 04:47:30 UTC 2019 /home/travis/build/icyphy/ptII/ptolemy/actor/lib/test/auto/VectorAssemblerDisassemblerCT.xml
----------------- Instantiating /home/travis/build/icyphy/ptII/ptolemy/actor/lib/test/auto/VectorAssemblerDisassemblerCT.xml
88 ms. Memory: 493568K Free: 390462K (79%)
----------------- Invoking toplevel() on ptolemy.moml.MoMLSimpleApplication@fd12098
----------------- Done invoking toplevel() on ptolemy.moml.MoMLSimpleApplication@fd12098
reloadAllAccessors: .VectorAssemblerDisassemblerCT

===========================================================================================
----------------- testing Fri Jun 28 04:47:30 UTC 2019 /home/travis/build/icyphy/ptII/ptolemy/actor/lib/test/auto/VectorAssemblerDisassemblerDE.xml
----------------- Instantiating /home/travis/build/icyphy/ptII/ptolemy/actor/lib/test/auto/VectorAssemblerDisassemblerDE.xml
10 ms. Memory: 493568K Free: 383294K (78%)
----------------- Invoking toplevel() on ptolemy.moml.MoMLSimpleApplication@4ae1c727
----------------- Done invoking toplevel() on ptolemy.moml.MoMLSimpleApplication@4ae1c727
reloadAllAccessors: .VectorAssemblerDisassemblerDE

===========================================================================================
----------------- testing Fri Jun 28 04:47:30 UTC 2019 /home/travis/build/icyphy/ptII/ptolemy/actor/lib/test/auto/VectorAssemblerDisassemblerSDF.xml
----------------- Instantiating /home/travis/build/icyphy/ptII/ptolemy/actor/lib/test/auto/VectorAssemblerDisassemblerSDF.xml
3 ms. Memory: 493568K Free: 377136K (76%)
----------------- Invoking toplevel() on ptolemy.moml.MoMLSimpleApplication@15490ef
----------------- Done invoking toplevel() on ptolemy.moml.MoMLSimpleApplication@15490ef
reloadAllAccessors: .VectorAssemblerDisassemblerSDF

===========================================================================================
----------------- testing Fri Jun 28 04:47:30 UTC 2019 /home/travis/build/icyphy/ptII/ptolemy/actor/lib/test/auto/WallClockTime.xml
----------------- Instantiating /home/travis/build/icyphy/ptII/ptolemy/actor/lib/test/auto/WallClockTime.xml
1005 ms. Memory: 493568K Free: 371520K (75%)
----------------- Invoking toplevel() on ptolemy.moml.MoMLSimpleApplication@128c978e
----------------- Done invoking toplevel() on ptolemy.moml.MoMLSimpleApplication@128c978e
reloadAllAccessors: .WallClockTime

===========================================================================================
----------------- testing Fri Jun 28 04:47:31 UTC 2019 /home/travis/build/icyphy/ptII/ptolemy/actor/lib/test/auto/WidthTestWithSubscriberPublisher.xml
----------------- Instantiating /home/travis/build/icyphy/ptII/ptolemy/actor/lib/test/auto/WidthTestWithSubscriberPublisher.xml
7 ms. Memory: 493568K Free: 353598K (72%)
----------------- Invoking toplevel() on ptolemy.moml.MoMLSimpleApplication@19380c5b
----------------- Done invoking toplevel() on ptolemy.moml.MoMLSimpleApplication@19380c5b
reloadAllAccessors: .WidthTestWithSubscriberPublisher

===========================================================================================
----------------- testing Fri Jun 28 04:47:31 UTC 2019 /home/travis/build/icyphy/ptII/ptolemy/actor/lib/test/auto/WidthTestWithSubscriberPublisher2.xml
----------------- Instantiating /home/travis/build/icyphy/ptII/ptolemy/actor/lib/test/auto/WidthTestWithSubscriberPublisher2.xml
2 ms. Memory: 493568K Free: 346944K (70%)
----------------- Invoking toplevel() on ptolemy.moml.MoMLSimpleApplication@24236aa5
----------------- Done invoking toplevel() on ptolemy.moml.MoMLSimpleApplication@24236aa5
reloadAllAccessors: .WidthTestWithSubscriberPublisher2

===========================================================================================
----------------- testing Fri Jun 28 04:47:31 UTC 2019 /home/travis/build/icyphy/ptII/ptolemy/actor/lib/test/auto/WidthTestWithSubscriberPublisher3.xml
----------------- Instantiating /home/travis/build/icyphy/ptII/ptolemy/actor/lib/test/auto/WidthTestWithSubscriberPublisher3.xml
2 ms. Memory: 493568K Free: 341310K (69%)
----------------- Invoking toplevel() on ptolemy.moml.MoMLSimpleApplication@6448f50f
----------------- Done invoking toplevel() on ptolemy.moml.MoMLSimpleApplication@6448f50f
reloadAllAccessors: .WidthTestWithSubscriberPublisher3

===========================================================================================
----------------- testing Fri Jun 28 04:47:32 UTC 2019 /home/travis/build/icyphy/ptII/ptolemy/actor/lib/test/auto/Writer.xml
----------------- Instantiating /home/travis/build/icyphy/ptII/ptolemy/actor/lib/test/auto/Writer.xml
0
1
2
3
4
2 ms. Memory: 493568K Free: 337208K (68%)
----------------- Invoking toplevel() on ptolemy.moml.MoMLSimpleApplication@6719ed5e
----------------- Done invoking toplevel() on ptolemy.moml.MoMLSimpleApplication@6719ed5e
reloadAllAccessors: .Writer

===========================================================================================
----------------- testing Fri Jun 28 04:47:32 UTC 2019 /home/travis/build/icyphy/ptII/ptolemy/actor/lib/test/auto/array.xml
----------------- Instantiating /home/travis/build/icyphy/ptII/ptolemy/actor/lib/test/auto/array.xml
2 ms. Memory: 493568K Free: 332094K (67%)
----------------- Invoking toplevel() on ptolemy.moml.MoMLSimpleApplication@50a11b66
----------------- Done invoking toplevel() on ptolemy.moml.MoMLSimpleApplication@50a11b66
reloadAllAccessors: .array

===========================================================================================
----------------- testing Fri Jun 28 04:47:32 UTC 2019 /home/travis/build/icyphy/ptII/ptolemy/actor/lib/test/auto/array2.xml
----------------- Instantiating /home/travis/build/icyphy/ptII/ptolemy/actor/lib/test/auto/array2.xml
5 ms. Memory: 493568K Free: 326960K (66%)
----------------- Invoking toplevel() on ptolemy.moml.MoMLSimpleApplication@73cf10b8
----------------- Done invoking toplevel() on ptolemy.moml.MoMLSimpleApplication@73cf10b8
reloadAllAccessors: .array2

===========================================================================================
----------------- testing Fri Jun 28 04:47:32 UTC 2019 /home/travis/build/icyphy/ptII/ptolemy/actor/lib/test/auto/arrayType.xml
----------------- Instantiating /home/travis/build/icyphy/ptII/ptolemy/actor/lib/test/auto/arrayType.xml
2 ms. Memory: 493568K Free: 321854K (65%)
----------------- Invoking toplevel() on ptolemy.moml.MoMLSimpleApplication@3c0bddee
----------------- Done invoking toplevel() on ptolemy.moml.MoMLSimpleApplication@3c0bddee
reloadAllAccessors: .arrayType

===========================================================================================
----------------- testing Fri Jun 28 04:47:32 UTC 2019 /home/travis/build/icyphy/ptII/ptolemy/actor/lib/test/auto/arrayType10.xml
----------------- Instantiating /home/travis/build/icyphy/ptII/ptolemy/actor/lib/test/auto/arrayType10.xml
2 ms. Memory: 493568K Free: 316734K (64%)
----------------- Invoking toplevel() on ptolemy.moml.MoMLSimpleApplication@4a3a5da2
----------------- Done invoking toplevel() on ptolemy.moml.MoMLSimpleApplication@4a3a5da2
reloadAllAccessors: .arrayType10

===========================================================================================
----------------- testing Fri Jun 28 04:47:32 UTC 2019 /home/travis/build/icyphy/ptII/ptolemy/actor/lib/test/auto/arrayType11.xml
----------------- Instantiating /home/travis/build/icyphy/ptII/ptolemy/actor/lib/test/auto/arrayType11.xml
2 ms. Memory: 493568K Free: 312128K (63%)
----------------- Invoking toplevel() on ptolemy.moml.MoMLSimpleApplication@31fa8ea2
----------------- Done invoking toplevel() on ptolemy.moml.MoMLSimpleApplication@31fa8ea2
reloadAllAccessors: .arrayType11

===========================================================================================
----------------- testing Fri Jun 28 04:47:32 UTC 2019 /home/travis/build/icyphy/ptII/ptolemy/actor/lib/test/auto/arrayType12.xml
----------------- Instantiating /home/travis/build/icyphy/ptII/ptolemy/actor/lib/test/auto/arrayType12.xml
2 ms. Memory: 493568K Free: 307518K (62%)
----------------- Invoking toplevel() on ptolemy.moml.MoMLSimpleApplication@95bcfe8
----------------- Done invoking toplevel() on ptolemy.moml.MoMLSimpleApplication@95bcfe8
reloadAllAccessors: .arrayType12

===========================================================================================
----------------- testing Fri Jun 28 04:47:32 UTC 2019 /home/travis/build/icyphy/ptII/ptolemy/actor/lib/test/auto/arrayType13.xml
----------------- Instantiating /home/travis/build/icyphy/ptII/ptolemy/actor/lib/test/auto/arrayType13.xml
1 ms. Memory: 493568K Free: 301888K (61%)
----------------- Invoking toplevel() on ptolemy.moml.MoMLSimpleApplication@26283e1c
----------------- Done invoking toplevel() on ptolemy.moml.MoMLSimpleApplication@26283e1c
reloadAllAccessors: .arrayType13

===========================================================================================
----------------- testing Fri Jun 28 04:47:32 UTC 2019 /home/travis/build/icyphy/ptII/ptolemy/actor/lib/test/auto/arrayType14.xml
----------------- Instantiating /home/travis/build/icyphy/ptII/ptolemy/actor/lib/test/auto/arrayType14.xml
2 ms. Memory: 493568K Free: 296768K (60%)
----------------- Invoking toplevel() on ptolemy.moml.MoMLSimpleApplication@1a60f5cf
----------------- Done invoking toplevel() on ptolemy.moml.MoMLSimpleApplication@1a60f5cf
reloadAllAccessors: .arrayType14

===========================================================================================
----------------- testing Fri Jun 28 04:47:32 UTC 2019 /home/travis/build/icyphy/ptII/ptolemy/actor/lib/test/auto/arrayType15.xml
----------------- Instantiating /home/travis/build/icyphy/ptII/ptolemy/actor/lib/test/auto/arrayType15.xml
3 ms. Memory: 493568K Free: 291648K (59%)
----------------- Invoking toplevel() on ptolemy.moml.MoMLSimpleApplication@70d5e46f
----------------- Done invoking toplevel() on ptolemy.moml.MoMLSimpleApplication@70d5e46f
reloadAllAccessors: .arrayType15

===========================================================================================
----------------- testing Fri Jun 28 04:47:32 UTC 2019 /home/travis/build/icyphy/ptII/ptolemy/actor/lib/test/auto/arrayType16.xml
----------------- Instantiating /home/travis/build/icyphy/ptII/ptolemy/actor/lib/test/auto/arrayType16.xml
2 ms. Memory: 493568K Free: 286000K (58%)
----------------- Invoking toplevel() on ptolemy.moml.MoMLSimpleApplication@18f6ce0b
----------------- Done invoking toplevel() on ptolemy.moml.MoMLSimpleApplication@18f6ce0b
reloadAllAccessors: .arrayType16

===========================================================================================
----------------- testing Fri Jun 28 04:47:32 UTC 2019 /home/travis/build/icyphy/ptII/ptolemy/actor/lib/test/auto/arrayType17.xml
----------------- Instantiating /home/travis/build/icyphy/ptII/ptolemy/actor/lib/test/auto/arrayType17.xml
1 ms. Memory: 493568K Free: 280894K (57%)
----------------- Invoking toplevel() on ptolemy.moml.MoMLSimpleApplication@56b490e5
----------------- Done invoking toplevel() on ptolemy.moml.MoMLSimpleApplication@56b490e5
reloadAllAccessors: .arrayType17

===========================================================================================
----------------- testing Fri Jun 28 04:47:32 UTC 2019 /home/travis/build/icyphy/ptII/ptolemy/actor/lib/test/auto/arrayType18.xml
----------------- Instantiating /home/travis/build/icyphy/ptII/ptolemy/actor/lib/test/auto/arrayType18.xml
2 ms. Memory: 493568K Free: 275774K (56%)
----------------- Invoking toplevel() on ptolemy.moml.MoMLSimpleApplication@7604a80b
----------------- Done invoking toplevel() on ptolemy.moml.MoMLSimpleApplication@7604a80b
reloadAllAccessors: .arrayType18

===========================================================================================
----------------- testing Fri Jun 28 04:47:32 UTC 2019 /home/travis/build/icyphy/ptII/ptolemy/actor/lib/test/auto/arrayType19.xml
----------------- Instantiating /home/travis/build/icyphy/ptII/ptolemy/actor/lib/test/auto/arrayType19.xml
1 ms. Memory: 493568K Free: 271168K (55%)
----------------- Invoking toplevel() on ptolemy.moml.MoMLSimpleApplication@22da5b6c
----------------- Done invoking toplevel() on ptolemy.moml.MoMLSimpleApplication@22da5b6c
reloadAllAccessors: .arrayType19

===========================================================================================
----------------- testing Fri Jun 28 04:47:32 UTC 2019 /home/travis/build/icyphy/ptII/ptolemy/actor/lib/test/auto/arrayType2.xml
----------------- Instantiating /home/travis/build/icyphy/ptII/ptolemy/actor/lib/test/auto/arrayType2.xml
1 ms. Memory: 493568K Free: 266048K (54%)
----------------- Invoking toplevel() on ptolemy.moml.MoMLSimpleApplication@75307fdd
----------------- Done invoking toplevel() on ptolemy.moml.MoMLSimpleApplication@75307fdd
reloadAllAccessors: .arrayType2

===========================================================================================
----------------- testing Fri Jun 28 04:47:32 UTC 2019 /home/travis/build/icyphy/ptII/ptolemy/actor/lib/test/auto/arrayType20.xml
----------------- Instantiating /home/travis/build/icyphy/ptII/ptolemy/actor/lib/test/auto/arrayType20.xml
1 ms. Memory: 493568K Free: 260414K (53%)
----------------- Invoking toplevel() on ptolemy.moml.MoMLSimpleApplication@197bab12
----------------- Done invoking toplevel() on ptolemy.moml.MoMLSimpleApplication@197bab12
reloadAllAccessors: .arrayType20

===========================================================================================
----------------- testing Fri Jun 28 04:47:32 UTC 2019 /home/travis/build/icyphy/ptII/ptolemy/actor/lib/test/auto/arrayType21.xml
----------------- Instantiating /home/travis/build/icyphy/ptII/ptolemy/actor/lib/test/auto/arrayType21.xml
1 ms. Memory: 493568K Free: 255808K (52%)
----------------- Invoking toplevel() on ptolemy.moml.MoMLSimpleApplication@5a18e053
----------------- Done invoking toplevel() on ptolemy.moml.MoMLSimpleApplication@5a18e053
reloadAllAccessors: .arrayType21

===========================================================================================
----------------- testing Fri Jun 28 04:47:32 UTC 2019 /home/travis/build/icyphy/ptII/ptolemy/actor/lib/test/auto/arrayType22.xml
----------------- Instantiating /home/travis/build/icyphy/ptII/ptolemy/actor/lib/test/auto/arrayType22.xml
2 ms. Memory: 493568K Free: 251198K (51%)
----------------- Invoking toplevel() on ptolemy.moml.MoMLSimpleApplication@3128f885
----------------- Done invoking toplevel() on ptolemy.moml.MoMLSimpleApplication@3128f885
reloadAllAccessors: .arrayType22

===========================================================================================
----------------- testing Fri Jun 28 04:47:32 UTC 2019 /home/travis/build/icyphy/ptII/ptolemy/actor/lib/test/auto/arrayType23.xml
----------------- Instantiating /home/travis/build/icyphy/ptII/ptolemy/actor/lib/test/auto/arrayType23.xml
2 ms. Memory: 493568K Free: 246078K (50%)
----------------- Invoking toplevel() on ptolemy.moml.MoMLSimpleApplication@6382cde4
----------------- Done invoking toplevel() on ptolemy.moml.MoMLSimpleApplication@6382cde4
reloadAllAccessors: .arrayType23

===========================================================================================
----------------- testing Fri Jun 28 04:47:32 UTC 2019 /home/travis/build/icyphy/ptII/ptolemy/actor/lib/test/auto/arrayType24.xml
----------------- Instantiating /home/travis/build/icyphy/ptII/ptolemy/actor/lib/test/auto/arrayType24.xml
1 ms. Memory: 493568K Free: 241472K (49%)
----------------- Invoking toplevel() on ptolemy.moml.MoMLSimpleApplication@3e0a0a9f
----------------- Done invoking toplevel() on ptolemy.moml.MoMLSimpleApplication@3e0a0a9f
reloadAllAccessors: .arrayType24

===========================================================================================
----------------- testing Fri Jun 28 04:47:32 UTC 2019 /home/travis/build/icyphy/ptII/ptolemy/actor/lib/test/auto/arrayType25.xml
----------------- Instantiating /home/travis/build/icyphy/ptII/ptolemy/actor/lib/test/auto/arrayType25.xml
2 ms. Memory: 493568K Free: 235824K (48%)
----------------- Invoking toplevel() on ptolemy.moml.MoMLSimpleApplication@6c1566bc
----------------- Done invoking toplevel() on ptolemy.moml.MoMLSimpleApplication@6c1566bc
reloadAllAccessors: .arrayType25

===========================================================================================
----------------- testing Fri Jun 28 04:47:32 UTC 2019 /home/travis/build/icyphy/ptII/ptolemy/actor/lib/test/auto/arrayType26.xml
----------------- Instantiating /home/travis/build/icyphy/ptII/ptolemy/actor/lib/test/auto/arrayType26.xml
1 ms. Memory: 493568K Free: 230718K (47%)
----------------- Invoking toplevel() on ptolemy.moml.MoMLSimpleApplication@1b400422
----------------- Done invoking toplevel() on ptolemy.moml.MoMLSimpleApplication@1b400422
reloadAllAccessors: .arrayType26

===========================================================================================
----------------- testing Fri Jun 28 04:47:32 UTC 2019 /home/travis/build/icyphy/ptII/ptolemy/actor/lib/test/auto/arrayType27.xml
----------------- Instantiating /home/travis/build/icyphy/ptII/ptolemy/actor/lib/test/auto/arrayType27.xml
3 ms. Memory: 493568K Free: 225598K (46%)
----------------- Invoking toplevel() on ptolemy.moml.MoMLSimpleApplication@48714328
----------------- Done invoking toplevel() on ptolemy.moml.MoMLSimpleApplication@48714328
reloadAllAccessors: .arrayType27

===========================================================================================
----------------- testing Fri Jun 28 04:47:32 UTC 2019 /home/travis/build/icyphy/ptII/ptolemy/actor/lib/test/auto/arrayType28.xml
----------------- Instantiating /home/travis/build/icyphy/ptII/ptolemy/actor/lib/test/auto/arrayType28.xml
3 ms. Memory: 493568K Free: 219968K (45%)
----------------- Invoking toplevel() on ptolemy.moml.MoMLSimpleApplication@2d08233a
----------------- Done invoking toplevel() on ptolemy.moml.MoMLSimpleApplication@2d08233a
reloadAllAccessors: .arrayType28

===========================================================================================
----------------- testing Fri Jun 28 04:47:32 UTC 2019 /home/travis/build/icyphy/ptII/ptolemy/actor/lib/test/auto/arrayType3.xml
----------------- Instantiating /home/travis/build/icyphy/ptII/ptolemy/actor/lib/test/auto/arrayType3.xml
2 ms. Memory: 493568K Free: 214848K (44%)
----------------- Invoking toplevel() on ptolemy.moml.MoMLSimpleApplication@50d4bfa7
----------------- Done invoking toplevel() on ptolemy.moml.MoMLSimpleApplication@50d4bfa7
reloadAllAccessors: .arrayType3

===========================================================================================
----------------- testing Fri Jun 28 04:47:32 UTC 2019 /home/travis/build/icyphy/ptII/ptolemy/actor/lib/test/auto/arrayType4.xml
----------------- Instantiating /home/travis/build/icyphy/ptII/ptolemy/actor/lib/test/auto/arrayType4.xml
1 ms. Memory: 493568K Free: 209214K (42%)
----------------- Invoking toplevel() on ptolemy.moml.MoMLSimpleApplication@9d14738
----------------- Done invoking toplevel() on ptolemy.moml.MoMLSimpleApplication@9d14738
reloadAllAccessors: .arrayType4

===========================================================================================
----------------- testing Fri Jun 28 04:47:32 UTC 2019 /home/travis/build/icyphy/ptII/ptolemy/actor/lib/test/auto/arrayType5.xml
----------------- Instantiating /home/travis/build/icyphy/ptII/ptolemy/actor/lib/test/auto/arrayType5.xml
2 ms. Memory: 493568K Free: 204094K (41%)
----------------- Invoking toplevel() on ptolemy.moml.MoMLSimpleApplication@726e4755
----------------- Done invoking toplevel() on ptolemy.moml.MoMLSimpleApplication@726e4755
reloadAllAccessors: .arrayType5

===========================================================================================
----------------- testing Fri Jun 28 04:47:32 UTC 2019 /home/travis/build/icyphy/ptII/ptolemy/actor/lib/test/auto/arrayType6.xml
----------------- Instantiating /home/travis/build/icyphy/ptII/ptolemy/actor/lib/test/auto/arrayType6.xml
2 ms. Memory: 493568K Free: 198974K (40%)
----------------- Invoking toplevel() on ptolemy.moml.MoMLSimpleApplication@1757e11d
----------------- Done invoking toplevel() on ptolemy.moml.MoMLSimpleApplication@1757e11d
reloadAllAccessors: .arrayType6

===========================================================================================
----------------- testing Fri Jun 28 04:47:32 UTC 2019 /home/travis/build/icyphy/ptII/ptolemy/actor/lib/test/auto/arrayType7.xml
----------------- Instantiating /home/travis/build/icyphy/ptII/ptolemy/actor/lib/test/auto/arrayType7.xml
2 ms. Memory: 493568K Free: 194368K (39%)
----------------- Invoking toplevel() on ptolemy.moml.MoMLSimpleApplication@3a858506
----------------- Done invoking toplevel() on ptolemy.moml.MoMLSimpleApplication@3a858506
reloadAllAccessors: .arrayType7

===========================================================================================
----------------- testing Fri Jun 28 04:47:32 UTC 2019 /home/travis/build/icyphy/ptII/ptolemy/actor/lib/test/auto/arrayType8.xml
----------------- Instantiating /home/travis/build/icyphy/ptII/ptolemy/actor/lib/test/auto/arrayType8.xml
6 ms. Memory: 493568K Free: 189758K (38%)
----------------- Invoking toplevel() on ptolemy.moml.MoMLSimpleApplication@79c7918d
----------------- Done invoking toplevel() on ptolemy.moml.MoMLSimpleApplication@79c7918d
reloadAllAccessors: .arrayType8

===========================================================================================
----------------- testing Fri Jun 28 04:47:32 UTC 2019 /home/travis/build/icyphy/ptII/ptolemy/actor/lib/test/auto/arrayType9.xml
----------------- Instantiating /home/travis/build/icyphy/ptII/ptolemy/actor/lib/test/auto/arrayType9.xml
1 ms. Memory: 493568K Free: 184638K (37%)
----------------- Invoking toplevel() on ptolemy.moml.MoMLSimpleApplication@37700f57
----------------- Done invoking toplevel() on ptolemy.moml.MoMLSimpleApplication@37700f57
reloadAllAccessors: .arrayType9

===========================================================================================
----------------- testing Fri Jun 28 04:47:32 UTC 2019 /home/travis/build/icyphy/ptII/ptolemy/actor/lib/test/auto/cast.xml
----------------- Instantiating /home/travis/build/icyphy/ptII/ptolemy/actor/lib/test/auto/cast.xml
2 ms. Memory: 493568K Free: 180032K (36%)
----------------- Invoking toplevel() on ptolemy.moml.MoMLSimpleApplication@6eb1b06a
----------------- Done invoking toplevel() on ptolemy.moml.MoMLSimpleApplication@6eb1b06a
reloadAllAccessors: .cast

===========================================================================================
----------------- testing Fri Jun 28 04:47:32 UTC 2019 /home/travis/build/icyphy/ptII/ptolemy/actor/lib/test/auto/compositeMultiPort.xml
----------------- Instantiating /home/travis/build/icyphy/ptII/ptolemy/actor/lib/test/auto/compositeMultiPort.xml
3 ms. Memory: 493568K Free: 170816K (35%)
----------------- Invoking toplevel() on ptolemy.moml.MoMLSimpleApplication@43e50147
----------------- Done invoking toplevel() on ptolemy.moml.MoMLSimpleApplication@43e50147
reloadAllAccessors: .compositeMultiPort

===========================================================================================
----------------- testing Fri Jun 28 04:47:32 UTC 2019 /home/travis/build/icyphy/ptII/ptolemy/actor/lib/test/auto/expressionCastInference.xml
----------------- Instantiating /home/travis/build/icyphy/ptII/ptolemy/actor/lib/test/auto/expressionCastInference.xml
2 ms. Memory: 493568K Free: 166206K (34%)
----------------- Invoking toplevel() on ptolemy.moml.MoMLSimpleApplication@19bd2d37
----------------- Done invoking toplevel() on ptolemy.moml.MoMLSimpleApplication@19bd2d37
reloadAllAccessors: .expressionCastInference

===========================================================================================
----------------- testing Fri Jun 28 04:47:32 UTC 2019 /home/travis/build/icyphy/ptII/ptolemy/actor/lib/test/auto/expressionCastInference2.xml
----------------- Instantiating /home/travis/build/icyphy/ptII/ptolemy/actor/lib/test/auto/expressionCastInference2.xml
3 ms. Memory: 493568K Free: 161086K (33%)
----------------- Invoking toplevel() on ptolemy.moml.MoMLSimpleApplication@2d48090
----------------- Done invoking toplevel() on ptolemy.moml.MoMLSimpleApplication@2d48090
reloadAllAccessors: .expressionCastInference2

===========================================================================================
----------------- testing Fri Jun 28 04:47:32 UTC 2019 /home/travis/build/icyphy/ptII/ptolemy/actor/lib/test/auto/expressionInference.xml
----------------- Instantiating /home/travis/build/icyphy/ptII/ptolemy/actor/lib/test/auto/expressionInference.xml
2 ms. Memory: 493568K Free: 156990K (32%)
----------------- Invoking toplevel() on ptolemy.moml.MoMLSimpleApplication@34c5bdd4
----------------- Done invoking toplevel() on ptolemy.moml.MoMLSimpleApplication@34c5bdd4
reloadAllAccessors: .expressionInference

===========================================================================================
----------------- testing Fri Jun 28 04:47:32 UTC 2019 /home/travis/build/icyphy/ptII/ptolemy/actor/lib/test/auto/expression_bug.xml
----------------- Instantiating /home/travis/build/icyphy/ptII/ptolemy/actor/lib/test/auto/expression_bug.xml
2 ms. Memory: 493568K Free: 152894K (31%)
----------------- Invoking toplevel() on ptolemy.moml.MoMLSimpleApplication@d34bd3a
----------------- Done invoking toplevel() on ptolemy.moml.MoMLSimpleApplication@d34bd3a
reloadAllAccessors: .expression_bug

===========================================================================================
----------------- testing Fri Jun 28 04:47:32 UTC 2019 /home/travis/build/icyphy/ptII/ptolemy/actor/lib/test/auto/factorial.xml
----------------- Instantiating /home/travis/build/icyphy/ptII/ptolemy/actor/lib/test/auto/factorial.xml
45 ms. Memory: 493568K Free: 433059K (88%)
----------------- Invoking toplevel() on ptolemy.moml.MoMLSimpleApplication@248c92bc
----------------- Done invoking toplevel() on ptolemy.moml.MoMLSimpleApplication@248c92bc
reloadAllAccessors: .factorial

===========================================================================================
----------------- testing Fri Jun 28 04:47:32 UTC 2019 /home/travis/build/icyphy/ptII/ptolemy/actor/lib/test/auto/filterTest1.xml
----------------- Instantiating /home/travis/build/icyphy/ptII/ptolemy/actor/lib/test/auto/filterTest1.xml
4 ms. Memory: 493568K Free: 427429K (87%)
----------------- Invoking toplevel() on ptolemy.moml.MoMLSimpleApplication@5258a994
----------------- Done invoking toplevel() on ptolemy.moml.MoMLSimpleApplication@5258a994
reloadAllAccessors: .filterTest1

===========================================================================================
----------------- testing Fri Jun 28 04:47:32 UTC 2019 /home/travis/build/icyphy/ptII/ptolemy/actor/lib/test/auto/funcApplyInConst.xml
----------------- Instantiating /home/travis/build/icyphy/ptII/ptolemy/actor/lib/test/auto/funcApplyInConst.xml
1 ms. Memory: 493568K Free: 423333K (86%)
----------------- Invoking toplevel() on ptolemy.moml.MoMLSimpleApplication@6c590e4b
----------------- Done invoking toplevel() on ptolemy.moml.MoMLSimpleApplication@6c590e4b
reloadAllAccessors: .funcApplyInConst

===========================================================================================
----------------- testing Fri Jun 28 04:47:32 UTC 2019 /home/travis/build/icyphy/ptII/ptolemy/actor/lib/test/auto/funcApplyInExpr.xml
----------------- Instantiating /home/travis/build/icyphy/ptII/ptolemy/actor/lib/test/auto/funcApplyInExpr.xml
38 ms. Memory: 493568K Free: 419747K (85%)
----------------- Invoking toplevel() on ptolemy.moml.MoMLSimpleApplication@37f3ee7c
----------------- Done invoking toplevel() on ptolemy.moml.MoMLSimpleApplication@37f3ee7c
reloadAllAccessors: .funcApplyInExpr

===========================================================================================
----------------- testing Fri Jun 28 04:47:32 UTC 2019 /home/travis/build/icyphy/ptII/ptolemy/actor/lib/test/auto/function.xml
----------------- Instantiating /home/travis/build/icyphy/ptII/ptolemy/actor/lib/test/auto/function.xml
3 ms. Memory: 493568K Free: 414627K (84%)
----------------- Invoking toplevel() on ptolemy.moml.MoMLSimpleApplication@2ee05f37
----------------- Done invoking toplevel() on ptolemy.moml.MoMLSimpleApplication@2ee05f37
reloadAllAccessors: .function

===========================================================================================
----------------- testing Fri Jun 28 04:47:32 UTC 2019 /home/travis/build/icyphy/ptII/ptolemy/actor/lib/test/auto/function2.xml
----------------- Instantiating /home/travis/build/icyphy/ptII/ptolemy/actor/lib/test/auto/function2.xml
2 ms. Memory: 493568K Free: 410021K (83%)
----------------- Invoking toplevel() on ptolemy.moml.MoMLSimpleApplication@55597584
----------------- Done invoking toplevel() on ptolemy.moml.MoMLSimpleApplication@55597584
reloadAllAccessors: .function2

===========================================================================================
----------------- testing Fri Jun 28 04:47:32 UTC 2019 /home/travis/build/icyphy/ptII/ptolemy/actor/lib/test/auto/function3.xml
----------------- Instantiating /home/travis/build/icyphy/ptII/ptolemy/actor/lib/test/auto/function3.xml
2 ms. Memory: 493568K Free: 405925K (82%)
----------------- Invoking toplevel() on ptolemy.moml.MoMLSimpleApplication@17b1e0
----------------- Done invoking toplevel() on ptolemy.moml.MoMLSimpleApplication@17b1e0
reloadAllAccessors: .function3

===========================================================================================
----------------- testing Fri Jun 28 04:47:32 UTC 2019 /home/travis/build/icyphy/ptII/ptolemy/actor/lib/test/auto/functionClosureTest1.xml
----------------- Instantiating /home/travis/build/icyphy/ptII/ptolemy/actor/lib/test/auto/functionClosureTest1.xml
2 ms. Memory: 493568K Free: 400276K (81%)
----------------- Invoking toplevel() on ptolemy.moml.MoMLSimpleApplication@5219020
----------------- Done invoking toplevel() on ptolemy.moml.MoMLSimpleApplication@5219020
reloadAllAccessors: .functionClosureTest1

===========================================================================================
----------------- testing Fri Jun 28 04:47:32 UTC 2019 /home/travis/build/icyphy/ptII/ptolemy/actor/lib/test/auto/functionClosureTest2.xml
----------------- Instantiating /home/travis/build/icyphy/ptII/ptolemy/actor/lib/test/auto/functionClosureTest2.xml
1 ms. Memory: 493568K Free: 396195K (80%)
----------------- Invoking toplevel() on ptolemy.moml.MoMLSimpleApplication@662dfa4d
----------------- Done invoking toplevel() on ptolemy.moml.MoMLSimpleApplication@662dfa4d
reloadAllAccessors: .functionClosureTest2

===========================================================================================
----------------- testing Fri Jun 28 04:47:32 UTC 2019 /home/travis/build/icyphy/ptII/ptolemy/actor/lib/test/auto/functionClosureTest3.xml
----------------- Instantiating /home/travis/build/icyphy/ptII/ptolemy/actor/lib/test/auto/functionClosureTest3.xml
2 ms. Memory: 493568K Free: 391060K (79%)
----------------- Invoking toplevel() on ptolemy.moml.MoMLSimpleApplication@741e27f3
----------------- Done invoking toplevel() on ptolemy.moml.MoMLSimpleApplication@741e27f3
reloadAllAccessors: .functionClosureTest3

===========================================================================================
----------------- testing Fri Jun 28 04:47:32 UTC 2019 /home/travis/build/icyphy/ptII/ptolemy/actor/lib/test/auto/functionClosureTest4.xml
----------------- Instantiating /home/travis/build/icyphy/ptII/ptolemy/actor/lib/test/auto/functionClosureTest4.xml
5 ms. Memory: 493568K Free: 384421K (78%)
----------------- Invoking toplevel() on ptolemy.moml.MoMLSimpleApplication@57ab638a
----------------- Done invoking toplevel() on ptolemy.moml.MoMLSimpleApplication@57ab638a
reloadAllAccessors: .functionClosureTest4

===========================================================================================
----------------- testing Fri Jun 28 04:47:32 UTC 2019 /home/travis/build/icyphy/ptII/ptolemy/actor/lib/test/auto/functionClosureTest5.xml
----------------- Instantiating /home/travis/build/icyphy/ptII/ptolemy/actor/lib/test/auto/functionClosureTest5.xml
4 ms. Memory: 493568K Free: 379301K (77%)
----------------- Invoking toplevel() on ptolemy.moml.MoMLSimpleApplication@76997dbb
----------------- Done invoking toplevel() on ptolemy.moml.MoMLSimpleApplication@76997dbb
reloadAllAccessors: .functionClosureTest5

===========================================================================================
----------------- testing Fri Jun 28 04:47:32 UTC 2019 /home/travis/build/icyphy/ptII/ptolemy/actor/lib/test/auto/functionClosureTest6.xml
----------------- Instantiating /home/travis/build/icyphy/ptII/ptolemy/actor/lib/test/auto/functionClosureTest6.xml
2 ms. Memory: 493568K Free: 374691K (76%)
----------------- Invoking toplevel() on ptolemy.moml.MoMLSimpleApplication@29fee4ba
----------------- Done invoking toplevel() on ptolemy.moml.MoMLSimpleApplication@29fee4ba
reloadAllAccessors: .functionClosureTest6

===========================================================================================
----------------- testing Fri Jun 28 04:47:32 UTC 2019 /home/travis/build/icyphy/ptII/ptolemy/actor/lib/test/auto/functionsOnArcs.xml
----------------- Instantiating /home/travis/build/icyphy/ptII/ptolemy/actor/lib/test/auto/functionsOnArcs.xml
1 ms. Memory: 493568K Free: 369061K (75%)
----------------- Invoking toplevel() on ptolemy.moml.MoMLSimpleApplication@515c8727
----------------- Done invoking toplevel() on ptolemy.moml.MoMLSimpleApplication@515c8727
reloadAllAccessors: .functionsOnArcs

===========================================================================================
----------------- testing Fri Jun 28 04:47:33 UTC 2019 /home/travis/build/icyphy/ptII/ptolemy/actor/lib/test/auto/functionsOnArcsHOF.xml
----------------- Instantiating /home/travis/build/icyphy/ptII/ptolemy/actor/lib/test/auto/functionsOnArcsHOF.xml
7 ms. Memory: 493568K Free: 363427K (74%)
----------------- Invoking toplevel() on ptolemy.moml.MoMLSimpleApplication@3ac0abbd
----------------- Done invoking toplevel() on ptolemy.moml.MoMLSimpleApplication@3ac0abbd
reloadAllAccessors: .functionsOnArcsHOF

===========================================================================================
----------------- testing Fri Jun 28 04:47:33 UTC 2019 /home/travis/build/icyphy/ptII/ptolemy/actor/lib/test/auto/logic.xml
----------------- Instantiating /home/travis/build/icyphy/ptII/ptolemy/actor/lib/test/auto/logic.xml
2 ms. Memory: 493568K Free: 355749K (72%)
----------------- Invoking toplevel() on ptolemy.moml.MoMLSimpleApplication@17489e3f
----------------- Done invoking toplevel() on ptolemy.moml.MoMLSimpleApplication@17489e3f
reloadAllAccessors: .logic

===========================================================================================
----------------- testing Fri Jun 28 04:47:33 UTC 2019 /home/travis/build/icyphy/ptII/ptolemy/actor/lib/test/auto/matrixType.xml
----------------- Instantiating /home/travis/build/icyphy/ptII/ptolemy/actor/lib/test/auto/matrixType.xml
1 ms. Memory: 493568K Free: 351139K (71%)
----------------- Invoking toplevel() on ptolemy.moml.MoMLSimpleApplication@50f0ef3a
----------------- Done invoking toplevel() on ptolemy.moml.MoMLSimpleApplication@50f0ef3a
reloadAllAccessors: .matrixType

===========================================================================================
----------------- testing Fri Jun 28 04:47:33 UTC 2019 /home/travis/build/icyphy/ptII/ptolemy/actor/lib/test/auto/matrixType10.xml
----------------- Instantiating /home/travis/build/icyphy/ptII/ptolemy/actor/lib/test/auto/matrixType10.xml
2 ms. Memory: 493568K Free: 346019K (70%)
----------------- Invoking toplevel() on ptolemy.moml.MoMLSimpleApplication@4a7fe6f4
----------------- Done invoking toplevel() on ptolemy.moml.MoMLSimpleApplication@4a7fe6f4
reloadAllAccessors: .matrixType10

===========================================================================================
----------------- testing Fri Jun 28 04:47:33 UTC 2019 /home/travis/build/icyphy/ptII/ptolemy/actor/lib/test/auto/matrixType11.xml
----------------- Instantiating /home/travis/build/icyphy/ptII/ptolemy/actor/lib/test/auto/matrixType11.xml
2 ms. Memory: 493568K Free: 341413K (69%)
----------------- Invoking toplevel() on ptolemy.moml.MoMLSimpleApplication@2e008722
----------------- Done invoking toplevel() on ptolemy.moml.MoMLSimpleApplication@2e008722
reloadAllAccessors: .matrixType11

===========================================================================================
----------------- testing Fri Jun 28 04:47:33 UTC 2019 /home/travis/build/icyphy/ptII/ptolemy/actor/lib/test/auto/matrixType12.xml
----------------- Instantiating /home/travis/build/icyphy/ptII/ptolemy/actor/lib/test/auto/matrixType12.xml
1 ms. Memory: 493568K Free: 336293K (68%)
----------------- Invoking toplevel() on ptolemy.moml.MoMLSimpleApplication@796e4ec4
----------------- Done invoking toplevel() on ptolemy.moml.MoMLSimpleApplication@796e4ec4
reloadAllAccessors: .matrixType12

===========================================================================================
----------------- testing Fri Jun 28 04:47:33 UTC 2019 /home/travis/build/icyphy/ptII/ptolemy/actor/lib/test/auto/matrixType13.xml
----------------- Instantiating /home/travis/build/icyphy/ptII/ptolemy/actor/lib/test/auto/matrixType13.xml
2 ms. Memory: 493568K Free: 331683K (67%)
----------------- Invoking toplevel() on ptolemy.moml.MoMLSimpleApplication@54cbfa59
----------------- Done invoking toplevel() on ptolemy.moml.MoMLSimpleApplication@54cbfa59
reloadAllAccessors: .matrixType13

===========================================================================================
----------------- testing Fri Jun 28 04:47:33 UTC 2019 /home/travis/build/icyphy/ptII/ptolemy/actor/lib/test/auto/matrixType14.xml
----------------- Instantiating /home/travis/build/icyphy/ptII/ptolemy/actor/lib/test/auto/matrixType14.xml
1 ms. Memory: 493568K Free: 326563K (66%)
----------------- Invoking toplevel() on ptolemy.moml.MoMLSimpleApplication@43529f07
----------------- Done invoking toplevel() on ptolemy.moml.MoMLSimpleApplication@43529f07
reloadAllAccessors: .matrixType14

===========================================================================================
----------------- testing Fri Jun 28 04:47:33 UTC 2019 /home/travis/build/icyphy/ptII/ptolemy/actor/lib/test/auto/matrixType2.xml
----------------- Instantiating /home/travis/build/icyphy/ptII/ptolemy/actor/lib/test/auto/matrixType2.xml
2 ms. Memory: 493568K Free: 321443K (65%)
----------------- Invoking toplevel() on ptolemy.moml.MoMLSimpleApplication@7d2169f7
----------------- Done invoking toplevel() on ptolemy.moml.MoMLSimpleApplication@7d2169f7
reloadAllAccessors: .matrixType2

===========================================================================================
----------------- testing Fri Jun 28 04:47:33 UTC 2019 /home/travis/build/icyphy/ptII/ptolemy/actor/lib/test/auto/matrixType3.xml
----------------- Instantiating /home/travis/build/icyphy/ptII/ptolemy/actor/lib/test/auto/matrixType3.xml
4 ms. Memory: 493568K Free: 316323K (64%)
----------------- Invoking toplevel() on ptolemy.moml.MoMLSimpleApplication@5c66aed0
----------------- Done invoking toplevel() on ptolemy.moml.MoMLSimpleApplication@5c66aed0
reloadAllAccessors: .matrixType3

===========================================================================================
----------------- testing Fri Jun 28 04:47:33 UTC 2019 /home/travis/build/icyphy/ptII/ptolemy/actor/lib/test/auto/matrixType4.xml
----------------- Instantiating /home/travis/build/icyphy/ptII/ptolemy/actor/lib/test/auto/matrixType4.xml
1 ms. Memory: 493568K Free: 311717K (63%)
----------------- Invoking toplevel() on ptolemy.moml.MoMLSimpleApplication@62dd6a54
----------------- Done invoking toplevel() on ptolemy.moml.MoMLSimpleApplication@62dd6a54
reloadAllAccessors: .matrixType4

===========================================================================================
----------------- testing Fri Jun 28 04:47:33 UTC 2019 /home/travis/build/icyphy/ptII/ptolemy/actor/lib/test/auto/matrixType5.xml
----------------- Instantiating /home/travis/build/icyphy/ptII/ptolemy/actor/lib/test/auto/matrixType5.xml
2 ms. Memory: 493568K Free: 306597K (62%)
----------------- Invoking toplevel() on ptolemy.moml.MoMLSimpleApplication@70f16052
----------------- Done invoking toplevel() on ptolemy.moml.MoMLSimpleApplication@70f16052
reloadAllAccessors: .matrixType5

===========================================================================================
----------------- testing Fri Jun 28 04:47:33 UTC 2019 /home/travis/build/icyphy/ptII/ptolemy/actor/lib/test/auto/matrixType6.xml
----------------- Instantiating /home/travis/build/icyphy/ptII/ptolemy/actor/lib/test/auto/matrixType6.xml
1 ms. Memory: 493568K Free: 301987K (61%)
----------------- Invoking toplevel() on ptolemy.moml.MoMLSimpleApplication@4d3d1f47
----------------- Done invoking toplevel() on ptolemy.moml.MoMLSimpleApplication@4d3d1f47
reloadAllAccessors: .matrixType6

===========================================================================================
----------------- testing Fri Jun 28 04:47:33 UTC 2019 /home/travis/build/icyphy/ptII/ptolemy/actor/lib/test/auto/matrixType7.xml
----------------- Instantiating /home/travis/build/icyphy/ptII/ptolemy/actor/lib/test/auto/matrixType7.xml
2 ms. Memory: 493568K Free: 296867K (60%)
----------------- Invoking toplevel() on ptolemy.moml.MoMLSimpleApplication@e340da
----------------- Done invoking toplevel() on ptolemy.moml.MoMLSimpleApplication@e340da
reloadAllAccessors: .matrixType7

===========================================================================================
----------------- testing Fri Jun 28 04:47:33 UTC 2019 /home/travis/build/icyphy/ptII/ptolemy/actor/lib/test/auto/matrixType8.xml
----------------- Instantiating /home/travis/build/icyphy/ptII/ptolemy/actor/lib/test/auto/matrixType8.xml
1 ms. Memory: 493568K Free: 292261K (59%)
----------------- Invoking toplevel() on ptolemy.moml.MoMLSimpleApplication@6b2a1b09
----------------- Done invoking toplevel() on ptolemy.moml.MoMLSimpleApplication@6b2a1b09
reloadAllAccessors: .matrixType8

===========================================================================================
----------------- testing Fri Jun 28 04:47:33 UTC 2019 /home/travis/build/icyphy/ptII/ptolemy/actor/lib/test/auto/matrixType9.xml
----------------- Instantiating /home/travis/build/icyphy/ptII/ptolemy/actor/lib/test/auto/matrixType9.xml
1 ms. Memory: 493568K Free: 287141K (58%)
----------------- Invoking toplevel() on ptolemy.moml.MoMLSimpleApplication@1e1388e
----------------- Done invoking toplevel() on ptolemy.moml.MoMLSimpleApplication@1e1388e
reloadAllAccessors: .matrixType9

===========================================================================================
----------------- testing Fri Jun 28 04:47:33 UTC 2019 /home/travis/build/icyphy/ptII/ptolemy/actor/lib/test/auto/paraFunctest.xml
----------------- Instantiating /home/travis/build/icyphy/ptII/ptolemy/actor/lib/test/auto/paraFunctest.xml
2 ms. Memory: 493568K Free: 283045K (57%)
----------------- Invoking toplevel() on ptolemy.moml.MoMLSimpleApplication@27d8dfcb
----------------- Done invoking toplevel() on ptolemy.moml.MoMLSimpleApplication@27d8dfcb
reloadAllAccessors: .paraFunctest

===========================================================================================
----------------- testing Fri Jun 28 04:47:33 UTC 2019 /home/travis/build/icyphy/ptII/ptolemy/actor/lib/test/auto/paraFunctest2.xml
----------------- Instantiating /home/travis/build/icyphy/ptII/ptolemy/actor/lib/test/auto/paraFunctest2.xml
1 ms. Memory: 493568K Free: 278435K (56%)
----------------- Invoking toplevel() on ptolemy.moml.MoMLSimpleApplication@22e1a3b3
----------------- Done invoking toplevel() on ptolemy.moml.MoMLSimpleApplication@22e1a3b3
reloadAllAccessors: .paraFunctest2

===========================================================================================
----------------- testing Fri Jun 28 04:47:33 UTC 2019 /home/travis/build/icyphy/ptII/ptolemy/actor/lib/test/auto/parameterPassing.xml
----------------- Instantiating /home/travis/build/icyphy/ptII/ptolemy/actor/lib/test/auto/parameterPassing.xml
1 ms. Memory: 493568K Free: 273829K (55%)
----------------- Invoking toplevel() on ptolemy.moml.MoMLSimpleApplication@4c03cc1f
----------------- Done invoking toplevel() on ptolemy.moml.MoMLSimpleApplication@4c03cc1f
reloadAllAccessors: .parameterPassing

===========================================================================================
----------------- testing Fri Jun 28 04:47:33 UTC 2019 /home/travis/build/icyphy/ptII/ptolemy/actor/lib/test/auto/record.xml
----------------- Instantiating /home/travis/build/icyphy/ptII/ptolemy/actor/lib/test/auto/record.xml
3 ms. Memory: 493568K Free: 269219K (55%)
----------------- Invoking toplevel() on ptolemy.moml.MoMLSimpleApplication@2b8360e5
----------------- Done invoking toplevel() on ptolemy.moml.MoMLSimpleApplication@2b8360e5
reloadAllAccessors: .record

===========================================================================================
----------------- testing Fri Jun 28 04:47:33 UTC 2019 /home/travis/build/icyphy/ptII/ptolemy/actor/lib/test/auto/sizedarray1.xml
----------------- Instantiating /home/travis/build/icyphy/ptII/ptolemy/actor/lib/test/auto/sizedarray1.xml
2 ms. Memory: 493568K Free: 263589K (53%)
----------------- Invoking toplevel() on ptolemy.moml.MoMLSimpleApplication@1eb35cee
----------------- Done invoking toplevel() on ptolemy.moml.MoMLSimpleApplication@1eb35cee
reloadAllAccessors: .sizedarray1

===========================================================================================
----------------- testing Fri Jun 28 04:47:33 UTC 2019 /home/travis/build/icyphy/ptII/ptolemy/actor/lib/test/auto/sizedarray2.xml
----------------- Instantiating /home/travis/build/icyphy/ptII/ptolemy/actor/lib/test/auto/sizedarray2.xml
2 ms. Memory: 493568K Free: 258469K (52%)
----------------- Invoking toplevel() on ptolemy.moml.MoMLSimpleApplication@623400b1
----------------- Done invoking toplevel() on ptolemy.moml.MoMLSimpleApplication@623400b1
reloadAllAccessors: .sizedarray2

===========================================================================================
----------------- testing Fri Jun 28 04:47:33 UTC 2019 /home/travis/build/icyphy/ptII/ptolemy/actor/lib/test/auto/twoPublishers.xml
----------------- Instantiating /home/travis/build/icyphy/ptII/ptolemy/actor/lib/test/auto/twoPublishers.xml
7 ms. Memory: 493568K Free: 247205K (50%)
----------------- Invoking toplevel() on ptolemy.moml.MoMLSimpleApplication@e51891a
----------------- Done invoking toplevel() on ptolemy.moml.MoMLSimpleApplication@e51891a
reloadAllAccessors: .twoPublishers
AutoTests.java: About to close Vertx.
AutoTests.java: Vertx closed.
]]></system-out>
  <system-err><![CDATA[java.lang.RuntimeException: Execution failed
	at ptolemy.moml.MoMLSimpleApplication$UnloadThread.run(MoMLSimpleApplication.java:402)
Caused by: java.lang.RuntimeException: StringUtilities.exit() was called. Normally, we would exit here because Manager.exitAfterWrapup() was called.  However, because the ptolemy.ptII.exitAfterWrapup property is set, we throw this exception instead.
	at ptolemy.util.StringUtilities.exit(StringUtilities.java:363)
	at ptolemy.actor.Manager.wrapup(Manager.java:1531)
	at ptolemy.actor.Manager.execute(Manager.java:407)
	at ptolemy.actor.Manager.run(Manager.java:1263)
	at ptolemy.actor.Manager$PtolemyRunThread.run(Manager.java:1915)
Warning: '.top.test' is in training mode, set the trainingMode parameter to false before checking in
Warning: '.top.test' is in training mode, set the trainingMode parameter to false before checking in
Warning: '.top.test' is in training mode, set the trainingMode parameter to false before checking in
Warning: '.BooleanSwitch_RegressionTest_WrongTrainingValues.Test' is in training mode, set the trainingMode parameter to false before checking in
Warning: '.BooleanSwitch_RegressionTest_WrongTrainingValues.Test2' is in training mode, set the trainingMode parameter to false before checking in
Warning: '.BooleanSwitch_RegressionTest_WrongTrainingValues.Test2' The test produced 0 tokens.
Warning: '.top.testExceptionHandler' is in training mode, set the trainingMode parameter to false before checking in
java.lang.RuntimeException: Execution failed
	at ptolemy.moml.MoMLSimpleApplication$UnloadThread.run(MoMLSimpleApplication.java:402)
Caused by: ptolemy.kernel.util.IllegalActionException: PublisherPorts cannot be used at the top level, use a Publisher actor instead.
  in .PublisherPortToplevelSubscriber.PublisherPort
	at ptolemy.actor.PublisherPort.preinitialize(PublisherPort.java:403)
	at ptolemy.actor.CompositeActor.preinitialize(CompositeActor.java:1769)
	at ptolemy.actor.Manager.preinitializeAndResolveTypes(Manager.java:1040)
	at ptolemy.actor.Manager.initialize(Manager.java:710)
	at ptolemy.actor.Manager.execute(Manager.java:356)
	at ptolemy.actor.Manager.run(Manager.java:1263)
	at ptolemy.actor.Manager$PtolemyRunThread.run(Manager.java:1915)
java.lang.reflect.InvocationTargetException
	at java.base/jdk.internal.reflect.NativeConstructorAccessorImpl.newInstance0(Native Method)
	at java.base/jdk.internal.reflect.NativeConstructorAccessorImpl.newInstance(NativeConstructorAccessorImpl.java:62)
	at java.base/jdk.internal.reflect.DelegatingConstructorAccessorImpl.newInstance(DelegatingConstructorAccessorImpl.java:45)
	at java.base/java.lang.reflect.Constructor.newInstance(Constructor.java:490)
	at ptolemy.util.test.junit.AutoKnownFailedTests.RunModel(AutoKnownFailedTests.java:105)
	at java.base/jdk.internal.reflect.NativeMethodAccessorImpl.invoke0(Native Method)
	at java.base/jdk.internal.reflect.NativeMethodAccessorImpl.invoke(NativeMethodAccessorImpl.java:62)
	at java.base/jdk.internal.reflect.DelegatingMethodAccessorImpl.invoke(DelegatingMethodAccessorImpl.java:43)
	at java.base/java.lang.reflect.Method.invoke(Method.java:566)
	at org.junit.runners.model.FrameworkMethod$1.runReflectiveCall(FrameworkMethod.java:44)
	at org.junit.internal.runners.model.ReflectiveCallable.run(ReflectiveCallable.java:15)
	at org.junit.runners.model.FrameworkMethod.invokeExplosively(FrameworkMethod.java:41)
	at junitparams.internal.InvokeParameterisedMethod.evaluate(InvokeParameterisedMethod.java:102)
	at org.junit.internal.runners.statements.FailOnTimeout$1.run(FailOnTimeout.java:28)
Caused by: ptolemy.kernel.util.IllegalActionException: PublisherPorts cannot be used at the top level, use a Publisher actor instead.
  in .PublisherPortToplevelSubscriber.PublisherPort
	at ptolemy.actor.PublisherPort.preinitialize(PublisherPort.java:403)
	at ptolemy.actor.CompositeActor.preinitialize(CompositeActor.java:1769)
	at ptolemy.actor.Manager.preinitializeAndResolveTypes(Manager.java:1040)
	at ptolemy.actor.Manager.initialize(Manager.java:710)
	at ptolemy.actor.Manager.execute(Manager.java:356)
	at ptolemy.actor.Manager.run(Manager.java:1263)
	at ptolemy.actor.Manager$PtolemyRunThread.run(Manager.java:1915)
java.lang.RuntimeException: Execution failed
	at ptolemy.moml.MoMLSimpleApplication$UnloadThread.run(MoMLSimpleApplication.java:402)
Caused by: ptolemy.kernel.util.IllegalActionException: SubscriberPorts cannot be used at the top level, use a Subscriber actor instead.
  in .PublisherSubscriberPortToplevel.SubscriberPort
	at ptolemy.actor.SubscriberPort.preinitialize(SubscriberPort.java:328)
	at ptolemy.actor.CompositeActor.preinitialize(CompositeActor.java:1769)
	at ptolemy.actor.Manager.preinitializeAndResolveTypes(Manager.java:1040)
	at ptolemy.actor.Manager.initialize(Manager.java:710)
	at ptolemy.actor.Manager.execute(Manager.java:356)
	at ptolemy.actor.Manager.run(Manager.java:1263)
	at ptolemy.actor.Manager$PtolemyRunThread.run(Manager.java:1915)
java.lang.reflect.InvocationTargetException
	at java.base/jdk.internal.reflect.NativeConstructorAccessorImpl.newInstance0(Native Method)
	at java.base/jdk.internal.reflect.NativeConstructorAccessorImpl.newInstance(NativeConstructorAccessorImpl.java:62)
	at java.base/jdk.internal.reflect.DelegatingConstructorAccessorImpl.newInstance(DelegatingConstructorAccessorImpl.java:45)
	at java.base/java.lang.reflect.Constructor.newInstance(Constructor.java:490)
	at ptolemy.util.test.junit.AutoKnownFailedTests.RunModel(AutoKnownFailedTests.java:105)
	at java.base/jdk.internal.reflect.NativeMethodAccessorImpl.invoke0(Native Method)
	at java.base/jdk.internal.reflect.NativeMethodAccessorImpl.invoke(NativeMethodAccessorImpl.java:62)
	at java.base/jdk.internal.reflect.DelegatingMethodAccessorImpl.invoke(DelegatingMethodAccessorImpl.java:43)
	at java.base/java.lang.reflect.Method.invoke(Method.java:566)
	at org.junit.runners.model.FrameworkMethod$1.runReflectiveCall(FrameworkMethod.java:44)
	at org.junit.internal.runners.model.ReflectiveCallable.run(ReflectiveCallable.java:15)
	at org.junit.runners.model.FrameworkMethod.invokeExplosively(FrameworkMethod.java:41)
	at junitparams.internal.InvokeParameterisedMethod.evaluate(InvokeParameterisedMethod.java:102)
	at org.junit.internal.runners.statements.FailOnTimeout$1.run(FailOnTimeout.java:28)
Caused by: ptolemy.kernel.util.IllegalActionException: SubscriberPorts cannot be used at the top level, use a Subscriber actor instead.
  in .PublisherSubscriberPortToplevel.SubscriberPort
	at ptolemy.actor.SubscriberPort.preinitialize(SubscriberPort.java:328)
	at ptolemy.actor.CompositeActor.preinitialize(CompositeActor.java:1769)
	at ptolemy.actor.Manager.preinitializeAndResolveTypes(Manager.java:1040)
	at ptolemy.actor.Manager.initialize(Manager.java:710)
	at ptolemy.actor.Manager.execute(Manager.java:356)
	at ptolemy.actor.Manager.run(Manager.java:1263)
	at ptolemy.actor.Manager$PtolemyRunThread.run(Manager.java:1915)
java.lang.RuntimeException: Execution failed
	at ptolemy.moml.MoMLSimpleApplication$UnloadThread.run(MoMLSimpleApplication.java:402)
Caused by: ptolemy.kernel.util.IllegalActionException: SubscriptionAggregatorPorts cannot be used at the top level, use a SubscriptionAggregator actor instead.
  in .PublisherSubscriptionAggregatorPort.SubscriptionAggregatorPort
	at ptolemy.actor.SubscriptionAggregatorPort.preinitialize(SubscriptionAggregatorPort.java:353)
	at ptolemy.actor.CompositeActor.preinitialize(CompositeActor.java:1769)
	at ptolemy.actor.Manager.preinitializeAndResolveTypes(Manager.java:1040)
	at ptolemy.actor.Manager.initialize(Manager.java:710)
	at ptolemy.actor.Manager.execute(Manager.java:356)
	at ptolemy.actor.Manager.run(Manager.java:1263)
	at ptolemy.actor.Manager$PtolemyRunThread.run(Manager.java:1915)
java.lang.reflect.InvocationTargetException
	at java.base/jdk.internal.reflect.NativeConstructorAccessorImpl.newInstance0(Native Method)
	at java.base/jdk.internal.reflect.NativeConstructorAccessorImpl.newInstance(NativeConstructorAccessorImpl.java:62)
	at java.base/jdk.internal.reflect.DelegatingConstructorAccessorImpl.newInstance(DelegatingConstructorAccessorImpl.java:45)
	at java.base/java.lang.reflect.Constructor.newInstance(Constructor.java:490)
	at ptolemy.util.test.junit.AutoKnownFailedTests.RunModel(AutoKnownFailedTests.java:105)
	at java.base/jdk.internal.reflect.NativeMethodAccessorImpl.invoke0(Native Method)
	at java.base/jdk.internal.reflect.NativeMethodAccessorImpl.invoke(NativeMethodAccessorImpl.java:62)
	at java.base/jdk.internal.reflect.DelegatingMethodAccessorImpl.invoke(DelegatingMethodAccessorImpl.java:43)
	at java.base/java.lang.reflect.Method.invoke(Method.java:566)
	at org.junit.runners.model.FrameworkMethod$1.runReflectiveCall(FrameworkMethod.java:44)
	at org.junit.internal.runners.model.ReflectiveCallable.run(ReflectiveCallable.java:15)
	at org.junit.runners.model.FrameworkMethod.invokeExplosively(FrameworkMethod.java:41)
	at junitparams.internal.InvokeParameterisedMethod.evaluate(InvokeParameterisedMethod.java:102)
	at org.junit.internal.runners.statements.FailOnTimeout$1.run(FailOnTimeout.java:28)
Caused by: ptolemy.kernel.util.IllegalActionException: SubscriptionAggregatorPorts cannot be used at the top level, use a SubscriptionAggregator actor instead.
  in .PublisherSubscriptionAggregatorPort.SubscriptionAggregatorPort
	at ptolemy.actor.SubscriptionAggregatorPort.preinitialize(SubscriptionAggregatorPort.java:353)
	at ptolemy.actor.CompositeActor.preinitialize(CompositeActor.java:1769)
	at ptolemy.actor.Manager.preinitializeAndResolveTypes(Manager.java:1040)
	at ptolemy.actor.Manager.initialize(Manager.java:710)
	at ptolemy.actor.Manager.execute(Manager.java:356)
	at ptolemy.actor.Manager.run(Manager.java:1263)
	at ptolemy.actor.Manager$PtolemyRunThread.run(Manager.java:1915)
java.lang.RuntimeException: Execution failed
	at ptolemy.moml.MoMLSimpleApplication$UnloadThread.run(MoMLSimpleApplication.java:402)
Caused by: ptolemy.kernel.util.IllegalActionException: TypeTest actor has no training data.
  in .sizedarray3.TypeTest
	at ptolemy.actor.lib.TypeTest.initialize(TypeTest.java:250)
	at ptolemy.actor.Director.initialize(Director.java:938)
	at ptolemy.actor.Director.initialize(Director.java:907)
	at ptolemy.actor.sched.StaticSchedulingDirector.initialize(StaticSchedulingDirector.java:159)
	at ptolemy.domains.sdf.kernel.SDFDirector.initialize(SDFDirector.java:544)
	at ptolemy.actor.CompositeActor.initialize(CompositeActor.java:935)
	at ptolemy.actor.Manager.initialize(Manager.java:724)
	at ptolemy.actor.Manager.execute(Manager.java:356)
	at ptolemy.actor.Manager.run(Manager.java:1263)
	at ptolemy.actor.Manager$PtolemyRunThread.run(Manager.java:1915)
java.lang.reflect.InvocationTargetException
	at java.base/jdk.internal.reflect.NativeConstructorAccessorImpl.newInstance0(Native Method)
	at java.base/jdk.internal.reflect.NativeConstructorAccessorImpl.newInstance(NativeConstructorAccessorImpl.java:62)
	at java.base/jdk.internal.reflect.DelegatingConstructorAccessorImpl.newInstance(DelegatingConstructorAccessorImpl.java:45)
	at java.base/java.lang.reflect.Constructor.newInstance(Constructor.java:490)
	at ptolemy.util.test.junit.AutoKnownFailedTests.RunModel(AutoKnownFailedTests.java:105)
	at java.base/jdk.internal.reflect.NativeMethodAccessorImpl.invoke0(Native Method)
	at java.base/jdk.internal.reflect.NativeMethodAccessorImpl.invoke(NativeMethodAccessorImpl.java:62)
	at java.base/jdk.internal.reflect.DelegatingMethodAccessorImpl.invoke(DelegatingMethodAccessorImpl.java:43)
	at java.base/java.lang.reflect.Method.invoke(Method.java:566)
	at org.junit.runners.model.FrameworkMethod$1.runReflectiveCall(FrameworkMethod.java:44)
	at org.junit.internal.runners.model.ReflectiveCallable.run(ReflectiveCallable.java:15)
	at org.junit.runners.model.FrameworkMethod.invokeExplosively(FrameworkMethod.java:41)
	at junitparams.internal.InvokeParameterisedMethod.evaluate(InvokeParameterisedMethod.java:102)
	at org.junit.internal.runners.statements.FailOnTimeout$1.run(FailOnTimeout.java:28)
Caused by: ptolemy.kernel.util.IllegalActionException: TypeTest actor has no training data.
  in .sizedarray3.TypeTest
	at ptolemy.actor.lib.TypeTest.initialize(TypeTest.java:250)
	at ptolemy.actor.Director.initialize(Director.java:938)
	at ptolemy.actor.Director.initialize(Director.java:907)
	at ptolemy.actor.sched.StaticSchedulingDirector.initialize(StaticSchedulingDirector.java:159)
	at ptolemy.domains.sdf.kernel.SDFDirector.initialize(SDFDirector.java:544)
	at ptolemy.actor.CompositeActor.initialize(CompositeActor.java:935)
	at ptolemy.actor.Manager.initialize(Manager.java:724)
	at ptolemy.actor.Manager.execute(Manager.java:356)
	at ptolemy.actor.Manager.run(Manager.java:1263)
	at ptolemy.actor.Manager$PtolemyRunThread.run(Manager.java:1915)
java.lang.RuntimeException: Execution failed
	at ptolemy.moml.MoMLSimpleApplication$UnloadThread.run(MoMLSimpleApplication.java:402)
Caused by: ptolemy.kernel.util.IllegalActionException: Test fails in iteration 0.
Value was: "WARNING: An illegal reflective access operation has occurred\nWARNING: Illegal reflective access by io.netty.util.internal.ReflectionUtil (file:/home/travis/build/icyphy/ptII/lib/netty-common-4.1.19.Final.jar) to constructor java.nio.DirectByteBuffer(long,int)\nWARNING: Please consider reporting this to the maintainers of io.netty.util.internal.ReflectionUtil\nWARNING: Use --illegal-access=warn to enable warnings of further illegal reflective access operations\nWARNING: All illegal access operations will be denied in a future release\n". Should have been: ""
  in .ExecRunDemos.Test
	at ptolemy.actor.lib.Test.fire(Test.java:268)
	at ptolemy.actor.AtomicActor.iterate(AtomicActor.java:512)
	at ptolemy.actor.sched.StaticSchedulingDirector.fire(StaticSchedulingDirector.java:216)
	at ptolemy.domains.sdf.kernel.SDFDirector.fire(SDFDirector.java:500)
	at ptolemy.actor.CompositeActor.fire(CompositeActor.java:455)
	at ptolemy.actor.Manager.iterate(Manager.java:851)
	at ptolemy.actor.Manager.execute(Manager.java:369)
	at ptolemy.actor.Manager.run(Manager.java:1263)
	at ptolemy.actor.Manager$PtolemyRunThread.run(Manager.java:1915)
]]></system-err>
</testsuite>
