<?xml version="1.0" encoding="UTF-8" ?>
<testsuite errors="0" failures="0" hostname="travis-job-007efb00-e42f-4ed3-ba07-f1944b591774" name="ptolemy.domains.modal.test.junit.JUnitTclTest" skipped="0" tests="148" time="10.218" timestamp="2022-05-11T19:56:31">
  <properties>
    <property name="env.OLDPWD" value="/home/travis/build/icyphy/ptII" />
    <property name="npm.executable" value="npm" />
    <property name="env.TRAVIS_ROOT" value="/" />
    <property name="ptII.mk.exists" value="true" />
    <property name="env.TRAVIS_APP_HOST" value="build.travis-ci.com" />
    <property name="env.rvm_bin_path" value="/home/travis/.rvm/bin" />
    <property name="java.home" value="/usr/local/lib/jvm/openjdk11" />
    <property name="env.TRAVIS_JOB_NUMBER" value="1860.10" />
    <property name="env.TRAVIS_HOME" value="/home/travis" />
    <property name="env.DISPLAY" value=":99.0" />
    <property name="env.TRAVIS_INIT" value="systemd" />
    <property name="env.SSH_TTY" value="/dev/pts/0" />
    <property name="java.net.preferIPv4Stack" value="true" />
    <property name="env.RUN_TESTS" value="true" />
    <property name="timeout.short" value="1000000" />
    <property name="junit.formatter" value="xml" />
    <property name="env.TRAVIS_SUDO" value="true" />
    <property name="env.TRAVIS_JOB_NAME" value="" />
    <property name="env.TRAVIS_STACK_NODE_ATTRIBUTES" value="/.node-attributes.yml" />
    <property name="env.LOGNAME" value="travis" />
    <property name="jsdoc.home" value="node_modules/@terraswarm/jsdoc" />
    <property name="debuglevel" value="source,lines,vars" />
    <property name="checkstyle.formatter" value="xml" />
    <property name="bin.vergil.makeable" value="true" />
    <property name="sun.os.patch.level" value="unknown" />
    <property name="java.vendor.url" value="http://java.oracle.com/" />
    <property name="env.TRAVIS_BUILD_WEB_URL" value="https://app.travis-ci.com/icyphy/ptII/builds/250534553" />
    <property name="java.version" value="11.0.2" />
    <property name="env.TZ" value="UTC" />
    <property name="env.TRAVIS_PULL_REQUEST_SHA" value="" />
    <property name="env.PT_NO_NET" value="true" />
    <property name="env.TRAVIS_SECURE_ENV_VARS" value="true" />
    <property name="java.vendor.url.bug" value="http://bugreport.java.com/bugreport/" />
    <property name="npmjs-org-is-up" value="true" />
    <property name="env.LANGUAGE" value="en_US.UTF-8" />
    <property name="env.SSH_CLIENT" value="10.16.0.16 57064 22" />
    <property name="env.GEM_HOME" value="/home/travis/.rvm/gems/ruby-2.5.3" />
    <property name="env.HAS_ANTARES_THREE_LITTLE_FRONZIES_BADGE" value="true" />
    <property name="java.version.date" value="2019-01-15" />
    <property name="env.PS4" value="+" />
    <property name="ant.project.invoked-targets" value="build,test.core2.xml" />
    <property name="env.TRAVIS_PULL_REQUEST_BRANCH" value="" />
    <property name="env.TRAVIS_REPO_SLUG" value="icyphy/ptII" />
    <property name="env.XDG_DATA_DIRS" value="/usr/local/share:/usr/share:/var/lib/snapd/desktop" />
    <property name="jdk.debug" value="release" />
    <property name="env.TRAVIS_APT_PROXY" value="http://build-cache.travisci.net" />
    <property name="env.TRAVIS_CPU_ARCH" value="amd64" />
    <property name="node.in.path" value="true" />
    <property name="user.name" value="travis" />
    <property name="java.maxmemory" value="1400m" />
    <property name="env.RUBY_VERSION" value="ruby-2.5.3" />
    <property name="env.LANG" value="en_US.UTF-8" />
    <property name="sun.io.unicode.encoding" value="UnicodeLittle" />
    <property name="sun.jnu.encoding" value="UTF-8" />
    <property name="java.runtime.name" value="OpenJDK Runtime Environment" />
    <property name="usefile" value="false" />
    <property name="return.code" value="0" />
    <property name="junit.single.formatter" value="plain" />
    <property name="env.DYLD_LIBRARY_PATH" value="/home/travis/pthla/certi-tools/lib:" />
    <property name="env.DEBIAN_FRONTEND" value="noninteractive" />
    <property name="env.SSH_CONNECTION" value="10.16.0.16 57064 10.30.0.90 22" />
    <property name="env.MYSQL_UNIX_PORT" value="/var/run/mysqld/mysqld.sock" />
    <property name="env.LC_ALL" value="en_US.UTF-8" />
    <property name="env.TRAVIS_ALLOW_FAILURE" value="" />
    <property name="env.TRAVIS_JOB_WEB_URL" value="https://app.travis-ci.com/icyphy/ptII/jobs/569911864" />
    <property name="java.specification.name" value="Java Platform API Specification" />
    <property name="node.works" value="true" />
    <property name="user.timezone" value="" />
    <property name="path.separator" value=":" />
    <property name="env.TRAVIS_ENABLE_INFRA_DETECTION" value="true" />
    <property name="env.PYTHON_CFLAGS" value="-g -fstack-protector --param=ssp-buffer-size=4 -Wformat -Werror=format-security" />
    <property name="timeout.long" value="4000000" />
    <property name="env.CERTI_HOME" value="/home/travis/pthla/certi-tools" />
    <property name="ant.file.ptII" value="/home/travis/build/icyphy/ptII/build.xml" />
    <property name="javadoc.packagenames" value="com.*,diva.*,lbnl.*,org.hlacerti.*,org.json.*,org.ptolemy.*,org.terraswarm.*,ptolemy.*,ptserver.*" />
    <property name="file.encoding" value="UTF-8" />
    <property name="env.TRAVIS_PULL_REQUEST_SLUG" value="" />
    <property name="ant.project.default-target" value="build" />
    <property name="env.GIT_ASKPASS" value="echo" />
    <property name="env.HOME" value="/home/travis" />
    <property name="sun.java.command" value="org.apache.tools.ant.taskdefs.optional.junit.JUnitTestRunner ptolemy.domains.modal.test.junit.JUnitTclTest skipNonTests=false filtertrace=true haltOnError=false haltOnFailure=false formatter=org.apache.tools.ant.taskdefs.optional.junit.OutErrSummaryJUnitResultFormatter showoutput=true outputtoformatters=true logfailedtests=true threadid=0 logtestlistenerevents=false formatter=org.apache.tools.ant.taskdefs.optional.junit.XMLJUnitResultFormatter,/home/travis/build/icyphy/ptII/reports/junit/TEST-ptolemy.domains.modal.test.junit.JUnitTclTest.xml crashfile=/home/travis/build/icyphy/ptII/junitvmwatcher16411568335287439652.properties propsfile=/home/travis/build/icyphy/ptII/junit14855367759024145838.properties" />
    <property name="env.COMPOSER_NO_INTERACTION" value="1" />
    <property name="env.MANPATH" value="/home/travis/.nvm/versions/node/v7.10.1/share/man:/home/travis/.rvm/rubies/ruby-2.5.3/share/man:/usr/local/cmake-3.12.4/man:/usr/local/clang-7.0.0/share/man:/usr/local/man:/usr/local/share/man:/usr/share/man:/home/travis/.rvm/man" />
    <property name="env.TRAVIS_TIMER_ID" value="09ef3060" />
    <property name="ant.file" value="/home/travis/build/icyphy/ptII/build.xml" />
    <property name="env.TRAVIS_COMMIT_RANGE" value="8058dcf000028a49a5794cb259e756e0eb9196a8...9dcac6a5b6ad53d4f13b7d3c598835ad8186d905" />
    <property name="ptII.classpath.optional.property" value="/home/travis/build/icyphy/ptII/lib/asm-all-5.2.jar:/home/travis/build/icyphy/ptII/lib/nashorn-core-15.3.jar:/home/travis/build/icyphy/ptII/lib/bsh-2.0b4.jar:/home/travis/build/icyphy/ptII/lib/ptCal.jar:/home/travis/build/icyphy/ptII/lib/java_cup.jar:/home/travis/build/icyphy/ptII/lib/saxon8.jar:/home/travis/build/icyphy/ptII/lib/saxon8-dom.jar:/home/travis/build/icyphy/ptII/lib/chic.jar:/home/travis/build/icyphy/ptII/lib/ptcolt.jar:/home/travis/build/icyphy/ptII/vendors/misc/itext/iText.jar:/home/travis/build/icyphy/ptII/lib/g4ltl.jar:/home/travis/build/icyphy/ptII/lib/StructuralCoder.jar:/home/travis/build/icyphy/ptII/lib/jcerti.jar:/home/travis/build/icyphy/ptII/lib/javax.mail.jar:/home/travis/build/icyphy/ptII/vendors/JMF-2.1.1e/lib/jmf.jar:/home/travis/build/icyphy/ptII/lib/jna-4.0.0-variadic.jar:/home/travis/build/icyphy/ptII/vendors/misc/joystick/Joystick.jar:/home/travis/build/icyphy/ptII/lib/ptjacl.jar:/home/travis/build/icyphy/ptII/lib/jsoup-1.14.2.jar:/home/travis/build/icyphy/ptII/lib/junit-4.8.2.jar:/home/travis/build/icyphy/ptII/lib/JUnitParams-0.4.0.jar:/home/travis/build/icyphy/ptII/ptolemy/actor/lib/excel/jxl.jar:/home/travis/build/icyphy/ptII/lib/jython.jar:/home/travis/build/icyphy/ptII/lib/kieler.jar:/home/travis/build/icyphy/ptII/vendors/opencv/share/OpenCV/java/opencv-341.jar:/home/travis/build/icyphy/ptII/lib/oscP5.jar:/home/travis/build/icyphy/ptII/lib/nrjavaserial-3.11.0.devel.jar:/home/travis/build/icyphy/ptII/vendors/j3d/lib/Linux/j3dcore.jar:/home/travis/build/icyphy/ptII/vendors/j3d/lib/Linux/j3dutils.jar:/home/travis/build/icyphy/ptII/vendors/j3d/lib/Linux/vecmath.jar:/home/travis/build/icyphy/ptII/vendors/jogl/lib/Linux/gluegen-rt-natives-linux-amd64.jar:/home/travis/build/icyphy/ptII/vendors/jogl/lib/Linux/gluegen-rt.jar:/home/travis/build/icyphy/ptII/vendors/jogl/lib/Linux/jogl-all-natives-linux-amd64.jar:/home/travis/build/icyphy/ptII/vendors/jogl/lib/Linux/jogl-all.jar:/home/travis/build/icyphy/ptII/ptolemy/distributed/jini/jar/jini-core.jar:/home/travis/build/icyphy/ptII/ptolemy/distributed/jini/jar/jini-ext.jar:/home/travis/build/icyphy/ptII/ptolemy/distributed/jini/jar/sun-util.jar:/home/travis/build/icyphy/ptII/lib/protobuf-java-2.4.1.jar:/home/travis/build/icyphy/ptII/lib/org.eclipse.paho.client.mqttv3.jar:/home/travis/build/icyphy/ptII/lib/mapss.jar:/home/travis/build/icyphy/ptII/ptolemy/actor/ptalon/antlr/antlr.jar:/home/travis/build/icyphy/ptII/lib/JRI.jar:/home/travis/build/icyphy/ptII/lib/commons-lang-2.6.jar:/home/travis/build/icyphy/ptII/lib/commons-logging-1.1.1.jar:/home/travis/build/icyphy/ptII/lib/sootclasses.jar:/home/travis/build/icyphy/ptII/ptolemy/actor/lib/database/mysql-connector-java-8.0.26.jar:/home/travis/build/icyphy/ptII/vendors/misc/sphinx4/sphinx4-data-5prealpha.jar:/home/travis/build/icyphy/ptII/vendors/misc/sphinx4/sphinx4-core-5prealpha.jar:/home/travis/build/icyphy/ptII/lib/PDFRenderer.jar:/home/travis/build/icyphy/ptII/lib/svgSalamander.jar:/home/travis/build/icyphy/ptII/lib/rsyntaxtextarea-2.6.0-SNAPSHOT.jar:/home/travis/build/icyphy/ptII/lib/hazelcast-3.8.2.jar:/home/travis/build/icyphy/ptII/lib/jackson-annotations-2.9.0.jar:/home/travis/build/icyphy/ptII/lib/jackson-core-2.9.3.jar:/home/travis/build/icyphy/ptII/lib/jackson-databind-2.9.3.jar:/home/travis/build/icyphy/ptII/lib/netty-buffer-4.1.19.Final.jar:/home/travis/build/icyphy/ptII/lib/netty-codec-4.1.19.Final.jar:/home/travis/build/icyphy/ptII/lib/netty-codec-dns-4.1.19.Final.jar:/home/travis/build/icyphy/ptII/lib/netty-codec-http-4.1.19.Final.jar:/home/travis/build/icyphy/ptII/lib/netty-codec-http2-4.1.19.Final.jar:/home/travis/build/icyphy/ptII/lib/netty-common-4.1.19.Final.jar:/home/travis/build/icyphy/ptII/lib/netty-handler-4.1.19.Final.jar:/home/travis/build/icyphy/ptII/lib/netty-resolver-4.1.19.Final.jar:/home/travis/build/icyphy/ptII/lib/netty-resolver-dns-4.1.19.Final.jar:/home/travis/build/icyphy/ptII/lib/netty-transport-4.1.19.Final.jar:/home/travis/build/icyphy/ptII/lib/vertx-codegen-3.5.1.jar:/home/travis/build/icyphy/ptII/lib/vertx-core-3.5.2-SNAPSHOT.jar:/home/travis/build/icyphy/ptII/lib/vertx-hazelcast-3.5.1.jar:/home/travis/build/icyphy/ptII/lib/vertx-lang-js-3.5.1.jar:/home/travis/build/icyphy/ptII/lib/vertx-service-proxy-3.5.1.jar:/home/travis/build/icyphy/ptII/lib/vertx-web-3.5.1.jar:/home/travis/build/icyphy/ptII/lib/slf4j-api-1.7.13.jar:/home/travis/build/icyphy/ptII/lib/slf4j-simple-1.7.13.jar:/home/travis/build/icyphy/ptII/lib/webcam-capture-0.3.12.jar:/home/travis/build/icyphy/ptII/lib/bridj-0.7.0.jar:/home/travis/build/icyphy/ptII/lib/xbjlib-1.1.0.nrjavaserial.jar" />
    <property name="timeout" value="2400000" />
    <property name="test.batch" value="**/junit/*.java" />
    <property name="env._" value="/usr/bin/timeout" />
    <property name="java.io.tmpdir" value="/tmp" />
    <property name="user.language" value="en" />
    <property name="env.TRAVIS_INTERNAL_RUBY_REGEX" value="^ruby-(2\.[0-4]\.[0-9]|1\.9\.3)" />
    <property name="env.HISTCONTROL" value="ignoredups:ignorespace" />
    <property name="env.GOROOT" value="/home/travis/.gimme/versions/go1.11.1.linux.amd64" />
    <property name="line.separator" value="&#xa;" />
    <property name="target" value="11" />
    <property name="env.TRAVIS_BUILD_DIR" value="/home/travis/build/icyphy/ptII" />
    <property name="env.ANT_OPTS" value="-Xmx2048m" />
    <property name="ant.file.type" value="file" />
    <property name="ptolemy.ptII.batchMode" value="true" />
    <property name="env.HISTSIZE" value="1000" />
    <property name="env.MERB_ENV" value="test" />
    <property name="java.vm.info" value="mixed mode" />
    <property name="source" value="11" />
    <property name="java.vm.specification.name" value="Java Virtual Machine Specification" />
    <property name="env.TRAVIS_TEST_RESULT" value="0" />
    <property name="jsdoc.command" value="node_modules/@terraswarm/jsdoc/jsdoc.js" />
    <property name="npm.works" value="true" />
    <property name="cobertura.dir" value="/home/travis/build/icyphy/ptII/vendors/cobertura-2.0.3" />
    <property name="env.rvm_path" value="/home/travis/.rvm" />
    <property name="env.GEM_PATH" value="/home/travis/.rvm/gems/ruby-2.5.3:/home/travis/.rvm/gems/ruby-2.5.3@global" />
    <property name="env.LC_CTYPE" value="en_US.UTF-8" />
    <property name="env.TRAVIS_CMD" value="$PTII/bin/ptIITravisBuild.sh $SECONDS" />
    <property name="java.awt.printerjob" value="sun.print.PSPrinterJob" />
    <property name="env.TRAVIS_STACK_NAME" value="sardonyx" />
    <property name="env.TRAVIS_TIMER_START_TIME" value="1652298632435206458" />
    <property name="ant.version" value="Apache Ant(TM) version 1.10.1 compiled on February 2 2017" />
    <property name="ptII.reports" value="/home/travis/build/icyphy/ptII/reports" />
    <property name="env.TRAVIS_STACK_TIMESTAMP" value="2022-03-21 11:29:05 UTC" />
    <property name="ant.file.type.ptII" value="file" />
    <property name="env.RBENV_SHELL" value="bash" />
    <property name="os.name" value="Linux" />
    <property name="java.specification.vendor" value="Oracle Corporation" />
    <property name="env.rvm_version" value="1.29.12 (latest)" />
    <property name="env.TRAVIS_INFRA" value="unknown" />
    <property name="env.TERM" value="xterm" />
    <property name="java.vm.name" value="OpenJDK 64-Bit Server VM" />
    <property name="env.TRAVIS_BUILD_NUMBER" value="1860" />
    <property name="env.CI" value="true" />
    <property name="java.library.path" value="/home/travis/pthla/certi-tools/lib:/usr/lib/jni:/usr/local/share/OpenCV/java/:/usr/share/OpenCV/java::/usr/java/packages/lib:/usr/lib64:/lib64:/lib:/usr/lib" />
    <property name="jdk.module.path" value="/home/travis/build/icyphy/ptII/vendors/javafx/javafx-sdk-11.0.2/lib:" />
    <property name="env.rvm_prefix" value="/home/travis" />
    <property name="env.PATH" value="/home/travis/pthla/certi-tools/share/scripts:/home/travis/.rvm/gems/ruby-2.5.3/bin:/home/travis/.rvm/gems/ruby-2.5.3@global/bin:/home/travis/.rvm/rubies/ruby-2.5.3/bin:/home/travis/.rvm/bin:./node_modules/.bin:/home/travis/build/icyphy/ptII/bin:/home/travis/pthla/certi-tools/bin:/home/travis/bin:/home/travis/.local/bin:/usr/local/lib/jvm/openjdk11/bin:/opt/pyenv/shims:/home/travis/.phpenv/shims:/home/travis/perl5/perlbrew/bin:/home/travis/.nvm/versions/node/v7.10.1/bin:/home/travis/gopath/bin:/home/travis/.gimme/versions/go1.11.1.linux.amd64/bin:/usr/local/maven-3.6.3/bin:/usr/local/cmake-3.12.4/bin:/usr/local/clang-7.0.0/bin:/usr/local/sbin:/usr/local/bin:/usr/sbin:/usr/bin:/sbin:/bin:/snap/bin:/home/travis/.phpenv/bin:/opt/pyenv/bin:/home/travis/.yarn/bin" />
    <property name="env.TRAVIS_OS_NAME" value="linux" />
    <property name="ant.java.version" value="9" />
    <property name="basedir" value="/home/travis/build/icyphy/ptII" />
    <property name="java.class.version" value="55.0" />
    <property name="env.SHLVL" value="3" />
    <property name="env.LD_LIBRARY_PATH" value="/home/travis/pthla/certi-tools/lib:/usr/lib/jni:/usr/local/share/OpenCV/java/:/usr/share/OpenCV/java:" />
    <property name="env.RACK_ENV" value="test" />
    <property name="ant.home" value="/home/travis/build/icyphy/ptII/ant" />
    <property name="env.NVM_DIR" value="/home/travis/.nvm" />
    <property name="env.CERTI_FOM_PATH" value="/home/travis/pthla/certi-tools/share/federations" />
    <property name="env.TRAVIS_BUILD_ID" value="250534553" />
    <property name="env.PYENV_ROOT" value="/opt/pyenv" />
    <property name="env.TRAVIS_UID" value="2000" />
    <property name="prism.verbose" value="true" />
    <property name="env.NVM_BIN" value="/home/travis/.nvm/versions/node/v7.10.1/bin" />
    <property name="env.TRAVIS_COMMIT" value="9dcac6a5b6ad53d4f13b7d3c598835ad8186d905" />
    <property name="node.executable" value="node" />
    <property name="sun.boot.library.path" value="/usr/local/lib/jvm/openjdk11/lib" />
    <property name="sun.management.compiler" value="HotSpot 64-Bit Tiered Compilers" />
    <property name="java.awt.graphicsenv" value="sun.awt.X11GraphicsEnvironment" />
    <property name="env.GOPATH" value="/home/travis/gopath" />
    <property name="ptolemy.ptII.dir" value="/home/travis/build/icyphy/ptII" />
    <property name="env.USER" value="travis" />
    <property name="env.HISTFILESIZE" value="2000" />
    <property name="env.NVM_INC" value="/home/travis/.nvm/versions/node/v7.10.1/include/node" />
    <property name="timeout.longest" value="19000000" />
    <property name="env.PERLBREW_SHELLRC_VERSION" value="0.94" />
    <property name="env.TRAVIS_STACK_FEATURES" value="basic couchdb disabled-ipv6 docker docker-compose elasticsearch firefox go-toolchain google-chrome jdk memcached mongodb mysql nodejs_interpreter perl_interpreter perlbrew phantomjs postgresql python_interpreter redis ruby_interpreter sqlite xserver" />
    <property name="env.TRAVIS_PULL_REQUEST" value="false" />
    <property name="env.PYENV_SHELL" value="bash" />
    <property name="ant.project.name" value="ptII" />
    <property name="env.ANSI_RESET" value="\033[0m" />
    <property name="java.vm.specification.version" value="11" />
    <property name="env.TRAVIS_DIST" value="xenial" />
    <property name="env.CERTI_VERSION" value="4.0.0" />
    <property name="env.CERTI_HOST" value="localhost" />
    <property name="awt.toolkit" value="sun.awt.X11.XToolkit" />
    <property name="env.MY_RUBY_HOME" value="/home/travis/.rvm/rubies/ruby-2.5.3" />
    <property name="sun.cpu.isalist" value="" />
    <property name="env.TRAVIS_TMPDIR" value="/tmp/tmp.xjgviALEgg" />
    <property name="java.vm.compressedOopsMode" value="Zero based" />
    <property name="os.version" value="4.15.0-1098-gcp" />
    <property name="user.home" value="/home/travis" />
    <property name="java.vm.vendor" value="Oracle Corporation" />
    <property name="env.TRAVIS_TAG" value="nightly" />
    <property name="env.ANSI_YELLOW" value="\033[33;1m" />
    <property name="env.TRAVIS_FILTERED" value="redirect_io" />
    <property name="env.ANSI_GREEN" value="\033[32;1m" />
    <property name="env.JAVA_HOME" value="/usr/local/lib/jvm/openjdk11" />
    <property name="javadoc.excludepackagenames" value="adm.cvs2svn.*,build.*,config.*,doc.coding.templates.*,jni.test.jni.meaningOfLife.*,jni.test.jni.testDeux.*,jni.test.jni.testTrois.*,org.terraswarm.accessor.accessors.web.node_modules.*,org.terraswarm.accessor.accessors.web.hosts.cordova.demo.*,org.terraswarm.accessor.accessors.web.hosts.cordova.plugins.*,org.terraswarm.accessor.accessors-svn.*,pt-modules.*,ptolemy.apps.agilent.*,ptolemy.apps.anytimecontrol.*,ptolemy.apps.apes.*,ptolemy.apps.charon.*,ptolemy.apps.crazyboard.*,ptolemy.apps.eclipse.*,ptolemy.apps.etherealSting.*,ptolemy.apps.fullscreen.*,ptolemy.apps.giotto.*,ptolemy.apps.ia.*,ptolemy.apps.interfaces.*,ptolemy.apps.jmf.*,ptolemy.apps.kurt.*,ptolemy.apps.kvm.*,ptolemy.apps.lego.*,ptolemy.apps.lejos.*,ptolemy.apps.midp.*,ptolemy.apps.mobileCoding.*,ptolemy.apps.pendulum.*,ptolemy.apps.rijndael.*,ptolemy.apps.robot.*,ptolemy.apps.security.*,ptolemy.apps.sobel.*,ptolemy.apps.soot.*,ptolemy.apps.throttle.*,ptolemy.apps.tini.*,ptolemy.apps.transmission.*,ptolemy.apps.vergil.*,ptolemy.apps.waba.*,ptolemy.apps.websensor.*,ptolemy.apps.webstart.*,ptolemy.apps.xsl.*,ptolemy.apps.zaurus.*,ptolemy.codegen.c.actor.lib.oldJavaFiles.*,ptolemy.codegen.dsp.lib.*,ptolemy.codegen.kernel.newInterfaces.*,ptolemy.codegen.lib.*,ptolemy.copernicus.kernel.fragment.*,ptolemy.copernicus.shallow.cg.*,ptolemy.domains.giotto.demo.Hierarchy.Hierarchy.*,ptolemy.domains.giotto.demo.Multimode.Multimode.*,ptolemy.domains.giotto.demo.Simple.Simple.*,ptolemy.domains.gr.lib.experimental.*,ptolemy.domains.gro.*,ptolemy.domains.pdf.*,ptolemy.domains.ptinyos.demo.Surge.output.*,ptolemy.moml.test.NoPackageActor.java*,ptolemy.plot.adm.*,ptolemy.plot.servlet.*,reports.*,signed.*,src.*,target.*,vendors.*,ptolemy.copernicus.applet.*,ptolemy.media.viewer.*,ptolemy.actor.corba.*,doc.doclets.*,ptolemy.apps.eclipse.awt.*,ptolemy.backtrack.*,ptolemy.backtrack.ast.*,ptolemy.cg.adapter.generic.program.procedural.c.mbed*,ptolemy.homer.*,ptolemy.actor.lib.jai.*,org.ptolemy.scala.*,diva.util.java2d.svg.*,ptolemy.domains.ptinyos.*,ptolemy.actor.lib.fmi.fmipp.*,,org.terraswarm.accessor.accessors.web.node_modules.*,org.terraswarm.accessor.accessors-svn,ptolemy.apps.*,ptolemy.actor.ptalon.demo.ptinyos.SendAndReceiveCnt.output,ptolemy.actor.ptalon.demo.ptinyos.SenseToLeds.output,ptolemy.domains.ptinyos.demo.CntToLedsAndRfm.output,ptolemy.domains.ptinyos.demo.RfmToLeds.output,ptolemy.domains.ptinyos.demo.SendAndReceiveCnt.output,ptolemy.domains.ptinyos.demo.SenseToLeds.output,ptolemy.actor.lib.jjs.modules.udpSocket.*" />
    <property name="env.PTII" value="/home/travis/build/icyphy/ptII" />
    <property name="env.XDG_SESSION_ID" value="2" />
    <property name="keystore" value="ptKeystore" />
    <property name="env.TRAVIS_COMMIT_MESSAGE" value="Use sudo when trying to remove directories.&#xa;&#xa;This could cause problems when run under Darwin and ant." />
    <property name="junit.output.dir" value="/home/travis/build/icyphy/ptII/reports/junit" />
    <property name="npm.return.code" value="0" />
    <property name="user.dir" value="/home/travis/build/icyphy/ptII/ptolemy/domains/modal/test" />
    <property name="env.TRAVIS_NODE_VERSION" value="7" />
    <property name="env.TRAVIS_EVENT_TYPE" value="api" />
    <property name="env.MAIL" value="/var/mail/travis" />
    <property name="env.PERLBREW_ROOT" value="/home/travis/perl5/perlbrew" />
    <property name="env.PWD" value="/home/travis/build/icyphy/ptII" />
    <property name="timeout.npm" value="45000" />
    <property name="env.PT_TRAVIS_TEST_CORE2_XML" value="true" />
    <property name="env.TRAVIS_ARCH" value="amd64" />
    <property name="sun.cpu.endian" value="little" />
    <property name="env.PAGER" value="cat" />
    <property name="env.TRAVIS_BUILD_STAGE_NAME" value="test" />
    <property name="env.PERLBREW_HOME" value="/home/travis/.perlbrew" />
    <property name="java.vm.version" value="11.0.2+9" />
    <property name="env.RAILS_ENV" value="test" />
    <property name="java.class.path" value="/home/travis/build/icyphy/ptII:/home/travis/build/icyphy/ptII/lib/asm-all-5.2.jar:/home/travis/build/icyphy/ptII/lib/nashorn-core-15.3.jar:/home/travis/build/icyphy/ptII/lib/bsh-2.0b4.jar:/home/travis/build/icyphy/ptII/lib/ptCal.jar:/home/travis/build/icyphy/ptII/lib/java_cup.jar:/home/travis/build/icyphy/ptII/lib/saxon8.jar:/home/travis/build/icyphy/ptII/lib/saxon8-dom.jar:/home/travis/build/icyphy/ptII/lib/chic.jar:/home/travis/build/icyphy/ptII/lib/ptcolt.jar:/home/travis/build/icyphy/ptII/vendors/misc/itext/iText.jar:/home/travis/build/icyphy/ptII/lib/g4ltl.jar:/home/travis/build/icyphy/ptII/lib/StructuralCoder.jar:/home/travis/build/icyphy/ptII/lib/jcerti.jar:/home/travis/build/icyphy/ptII/lib/javax.mail.jar:/home/travis/build/icyphy/ptII/vendors/JMF-2.1.1e/lib/jmf.jar:/home/travis/build/icyphy/ptII/lib/jna-4.0.0-variadic.jar:/home/travis/build/icyphy/ptII/vendors/misc/joystick/Joystick.jar:/home/travis/build/icyphy/ptII/lib/ptjacl.jar:/home/travis/build/icyphy/ptII/lib/jsoup-1.14.2.jar:/home/travis/build/icyphy/ptII/lib/junit-4.8.2.jar:/home/travis/build/icyphy/ptII/lib/JUnitParams-0.4.0.jar:/home/travis/build/icyphy/ptII/ptolemy/actor/lib/excel/jxl.jar:/home/travis/build/icyphy/ptII/lib/jython.jar:/home/travis/build/icyphy/ptII/lib/kieler.jar:/home/travis/build/icyphy/ptII/vendors/opencv/share/OpenCV/java/opencv-341.jar:/home/travis/build/icyphy/ptII/lib/oscP5.jar:/home/travis/build/icyphy/ptII/lib/nrjavaserial-3.11.0.devel.jar:/home/travis/build/icyphy/ptII/vendors/j3d/lib/Linux/j3dcore.jar:/home/travis/build/icyphy/ptII/vendors/j3d/lib/Linux/j3dutils.jar:/home/travis/build/icyphy/ptII/vendors/j3d/lib/Linux/vecmath.jar:/home/travis/build/icyphy/ptII/vendors/jogl/lib/Linux/gluegen-rt-natives-linux-amd64.jar:/home/travis/build/icyphy/ptII/vendors/jogl/lib/Linux/gluegen-rt.jar:/home/travis/build/icyphy/ptII/vendors/jogl/lib/Linux/jogl-all-natives-linux-amd64.jar:/home/travis/build/icyphy/ptII/vendors/jogl/lib/Linux/jogl-all.jar:/home/travis/build/icyphy/ptII/ptolemy/distributed/jini/jar/jini-core.jar:/home/travis/build/icyphy/ptII/ptolemy/distributed/jini/jar/jini-ext.jar:/home/travis/build/icyphy/ptII/ptolemy/distributed/jini/jar/sun-util.jar:/home/travis/build/icyphy/ptII/lib/protobuf-java-2.4.1.jar:/home/travis/build/icyphy/ptII/lib/org.eclipse.paho.client.mqttv3.jar:/home/travis/build/icyphy/ptII/lib/mapss.jar:/home/travis/build/icyphy/ptII/ptolemy/actor/ptalon/antlr/antlr.jar:/home/travis/build/icyphy/ptII/lib/JRI.jar:/home/travis/build/icyphy/ptII/lib/commons-lang-2.6.jar:/home/travis/build/icyphy/ptII/lib/commons-logging-1.1.1.jar:/home/travis/build/icyphy/ptII/lib/sootclasses.jar:/home/travis/build/icyphy/ptII/ptolemy/actor/lib/database/mysql-connector-java-8.0.26.jar:/home/travis/build/icyphy/ptII/vendors/misc/sphinx4/sphinx4-data-5prealpha.jar:/home/travis/build/icyphy/ptII/vendors/misc/sphinx4/sphinx4-core-5prealpha.jar:/home/travis/build/icyphy/ptII/lib/PDFRenderer.jar:/home/travis/build/icyphy/ptII/lib/svgSalamander.jar:/home/travis/build/icyphy/ptII/lib/rsyntaxtextarea-2.6.0-SNAPSHOT.jar:/home/travis/build/icyphy/ptII/lib/hazelcast-3.8.2.jar:/home/travis/build/icyphy/ptII/lib/jackson-annotations-2.9.0.jar:/home/travis/build/icyphy/ptII/lib/jackson-core-2.9.3.jar:/home/travis/build/icyphy/ptII/lib/jackson-databind-2.9.3.jar:/home/travis/build/icyphy/ptII/lib/netty-buffer-4.1.19.Final.jar:/home/travis/build/icyphy/ptII/lib/netty-codec-4.1.19.Final.jar:/home/travis/build/icyphy/ptII/lib/netty-codec-dns-4.1.19.Final.jar:/home/travis/build/icyphy/ptII/lib/netty-codec-http-4.1.19.Final.jar:/home/travis/build/icyphy/ptII/lib/netty-codec-http2-4.1.19.Final.jar:/home/travis/build/icyphy/ptII/lib/netty-common-4.1.19.Final.jar:/home/travis/build/icyphy/ptII/lib/netty-handler-4.1.19.Final.jar:/home/travis/build/icyphy/ptII/lib/netty-resolver-4.1.19.Final.jar:/home/travis/build/icyphy/ptII/lib/netty-resolver-dns-4.1.19.Final.jar:/home/travis/build/icyphy/ptII/lib/netty-transport-4.1.19.Final.jar:/home/travis/build/icyphy/ptII/lib/vertx-codegen-3.5.1.jar:/home/travis/build/icyphy/ptII/lib/vertx-core-3.5.2-SNAPSHOT.jar:/home/travis/build/icyphy/ptII/lib/vertx-hazelcast-3.5.1.jar:/home/travis/build/icyphy/ptII/lib/vertx-lang-js-3.5.1.jar:/home/travis/build/icyphy/ptII/lib/vertx-service-proxy-3.5.1.jar:/home/travis/build/icyphy/ptII/lib/vertx-web-3.5.1.jar:/home/travis/build/icyphy/ptII/lib/slf4j-api-1.7.13.jar:/home/travis/build/icyphy/ptII/lib/slf4j-simple-1.7.13.jar:/home/travis/build/icyphy/ptII/lib/webcam-capture-0.3.12.jar:/home/travis/build/icyphy/ptII/lib/bridj-0.7.0.jar:/home/travis/build/icyphy/ptII/lib/xbjlib-1.1.0.nrjavaserial.jar:/home/travis/build/icyphy/ptII/ptolemy/moml/test:/home/travis/build/icyphy/ptII/ant/lib/ant-launcher.jar:/home/travis/build/icyphy/ptII/ant/lib/ant.jar:/home/travis/build/icyphy/ptII/ant/lib/ant-junit.jar:/home/travis/build/icyphy/ptII/ant/lib/ant-junit4.jar" />
    <property name="ant.library.dir" value="/home/travis/build/icyphy/ptII/ant/lib" />
    <property name="os.arch" value="amd64" />
    <property name="env.CONTINUOUS_INTEGRATION" value="true" />
    <property name="env.TRAVIS_LANGUAGE" value="node_js" />
    <property name="env.TRAVIS_STACK_LANGUAGES" value="__sardonyx__ c c++ clojure cplusplus cpp default generic go groovy java node_js php pure_java python ruby scala" />
    <property name="test.name" value="ptolemy.actor.lib.test.junit.JUnitTclTest" />
    <property name="env.APT_KEY_DONT_WARN_ON_DANGEROUS_USAGE" value="1" />
    <property name="sun.java.launcher" value="SUN_STANDARD" />
    <property name="env.PYTHON_CONFIGURE_OPTS" value="--enable-unicode=ucs4 --with-wide-unicode --enable-shared --enable-ipv6 --enable-loadable-sqlite-extensions --with-computed-gotos" />
    <property name="ant.core.lib" value="/home/travis/build/icyphy/ptII/ant/lib/ant.jar" />
    <property name="java.vm.specification.vendor" value="Oracle Corporation" />
    <property name="env.BCVTB_HOME" value="/home/travis/build/icyphy/ptII/lbnl" />
    <property name="file.separator" value="/" />
    <property name="spotbugs.home" value="/home/travis/build/icyphy/ptII/vendors/spotbugs-3.1.1" />
    <property name="java.runtime.version" value="11.0.2+9" />
    <property name="javafx.verbose" value="true" />
    <property name="env.ANSI_CLEAR" value="\033[0K" />
    <property name="env.HAS_JOSH_K_SEAL_OF_APPROVAL" value="true" />
    <property name="env.XDG_RUNTIME_DIR" value="/run/user/2000" />
    <property name="env.TRAVIS_OSX_IMAGE" value="" />
    <property name="env.TRAVIS_JOB_ID" value="569911864" />
    <property name="env.TRAVIS_BRANCH" value="master" />
    <property name="user.country" value="US" />
    <property name="env.CERTI_HOME_TRAVIS" value="/home/travis/pthla/certi-tools" />
    <property name="env.SHELL" value="/bin/bash" />
    <property name="java.maxmemory.large" value="3200m" />
    <property name="model" value="" />
    <property name="env.CASHER_DIR" value="/home/travis/.casher" />
    <property name="env.NVM_CD_FLAGS" value="" />
    <property name="java.vendor.version" value="18.9" />
    <property name="jshint.executable" value="/home/travis/node_modules/jshint/bin/jshint" />
    <property name="env.JRUBY_OPTS" value=" --client -J-XX:+TieredCompilation -J-XX:TieredStopAtLevel=1 -J-Xss2m -Xcompile.invokedynamic=false" />
    <property name="java.vendor" value="Oracle Corporation" />
    <property name="env.TRAVIS_PRE_CHEF_BOOTSTRAP_TIME" value="2022-03-21T11:28:53" />
    <property name="env.TRAVIS_STACK_JOB_BOARD_REGISTER" value="/.job-board-register.yml" />
    <property name="env.ANSI_RED" value="\033[31;1m" />
    <property name="java.specification.version" value="11" />
    <property name="env.IRBRC" value="/home/travis/.rvm/rubies/ruby-2.5.3/.irbrc" />
    <property name="env.TRAVIS" value="true" />
    <property name="sun.arch.data.model" value="64" />
  </properties>
  <testcase classname="ptolemy.util.test.junit.TclTests" name="[0] /home/travis/build/icyphy/ptII/ptolemy/domains/modal/test/SystemLevelType.tcl (RunTclFile)" time="1.863" />
  <testcase classname="ptolemy.util.test.junit.AutoKnownFailedTests" name="[0] /home/travis/build/icyphy/ptII/ptolemy/domains/modal/test/auto/knownFailedTests/CannotAnalysisWithPreemption.xml (RunModel)" time="0.291" />
  <testcase classname="ptolemy.util.test.junit.AutoNameArchTests" name="[0] ThereAreNoAutoArchTests (RunModel)" time="0.007" />
  <testcase classname="ptolemy.util.test.junit.AutoTests" name="[0] /home/travis/build/icyphy/ptII/ptolemy/domains/modal/test/auto/ABPTest.xml (RunModel)" time="0.725" />
  <testcase classname="ptolemy.util.test.junit.AutoTests" name="[1] /home/travis/build/icyphy/ptII/ptolemy/domains/modal/test/auto/ABROFlat.xml (RunModel)" time="0.068" />
  <testcase classname="ptolemy.util.test.junit.AutoTests" name="[2] /home/travis/build/icyphy/ptII/ptolemy/domains/modal/test/auto/ABROFlat2.xml (RunModel)" time="0.08" />
  <testcase classname="ptolemy.util.test.junit.AutoTests" name="[3] /home/travis/build/icyphy/ptII/ptolemy/domains/modal/test/auto/ABRO_present_hmm.xml (RunModel)" time="0.123" />
  <testcase classname="ptolemy.util.test.junit.AutoTests" name="[4] /home/travis/build/icyphy/ptII/ptolemy/domains/modal/test/auto/AMICoderExample.xml (RunModel)" time="0.046" />
  <testcase classname="ptolemy.util.test.junit.AutoTests" name="[5] /home/travis/build/icyphy/ptII/ptolemy/domains/modal/test/auto/AbsentToPresent.xml (RunModel)" time="0.024" />
  <testcase classname="ptolemy.util.test.junit.AutoTests" name="[6] /home/travis/build/icyphy/ptII/ptolemy/domains/modal/test/auto/Blending.xml (RunModel)" time="0.277" />
  <testcase classname="ptolemy.util.test.junit.AutoTests" name="[7] /home/travis/build/icyphy/ptII/ptolemy/domains/modal/test/auto/Broadcast.xml (RunModel)" time="0.049" />
  <testcase classname="ptolemy.util.test.junit.AutoTests" name="[8] /home/travis/build/icyphy/ptII/ptolemy/domains/modal/test/auto/BroadcastHierarchy.xml (RunModel)" time="0.077" />
  <testcase classname="ptolemy.util.test.junit.AutoTests" name="[9] /home/travis/build/icyphy/ptII/ptolemy/domains/modal/test/auto/BroadcastHierarchy2.xml (RunModel)" time="0.11" />
  <testcase classname="ptolemy.util.test.junit.AutoTests" name="[10] /home/travis/build/icyphy/ptII/ptolemy/domains/modal/test/auto/BroadcastHierarchy3.xml (RunModel)" time="0.061" />
  <testcase classname="ptolemy.util.test.junit.AutoTests" name="[11] /home/travis/build/icyphy/ptII/ptolemy/domains/modal/test/auto/BroadcastHierarchy4.xml (RunModel)" time="0.074" />
  <testcase classname="ptolemy.util.test.junit.AutoTests" name="[12] /home/travis/build/icyphy/ptII/ptolemy/domains/modal/test/auto/CannotAnalysisWithPreemption2.xml (RunModel)" time="0.025" />
  <testcase classname="ptolemy.util.test.junit.AutoTests" name="[13] /home/travis/build/icyphy/ptII/ptolemy/domains/modal/test/auto/CannotAnalysisWithPreemption3.xml (RunModel)" time="0.035" />
  <testcase classname="ptolemy.util.test.junit.AutoTests" name="[14] /home/travis/build/icyphy/ptII/ptolemy/domains/modal/test/auto/CannotProduce.xml (RunModel)" time="0.044" />
  <testcase classname="ptolemy.util.test.junit.AutoTests" name="[15] /home/travis/build/icyphy/ptII/ptolemy/domains/modal/test/auto/CannotProduceModal.xml (RunModel)" time="0.023" />
  <testcase classname="ptolemy.util.test.junit.AutoTests" name="[16] /home/travis/build/icyphy/ptII/ptolemy/domains/modal/test/auto/Case.xml (RunModel)" time="0.082" />
  <testcase classname="ptolemy.util.test.junit.AutoTests" name="[17] /home/travis/build/icyphy/ptII/ptolemy/domains/modal/test/auto/Case1.xml (RunModel)" time="0.04" />
  <testcase classname="ptolemy.util.test.junit.AutoTests" name="[18] /home/travis/build/icyphy/ptII/ptolemy/domains/modal/test/auto/Case2.xml (RunModel)" time="0.058" />
  <testcase classname="ptolemy.util.test.junit.AutoTests" name="[19] /home/travis/build/icyphy/ptII/ptolemy/domains/modal/test/auto/CausalityInterface1.xml (RunModel)" time="0.039" />
  <testcase classname="ptolemy.util.test.junit.AutoTests" name="[20] /home/travis/build/icyphy/ptII/ptolemy/domains/modal/test/auto/CausalityInterface10.xml (RunModel)" time="0.066" />
  <testcase classname="ptolemy.util.test.junit.AutoTests" name="[21] /home/travis/build/icyphy/ptII/ptolemy/domains/modal/test/auto/CausalityInterface11.xml (RunModel)" time="0.052" />
  <testcase classname="ptolemy.util.test.junit.AutoTests" name="[22] /home/travis/build/icyphy/ptII/ptolemy/domains/modal/test/auto/CausalityInterface12.xml (RunModel)" time="0.045" />
  <testcase classname="ptolemy.util.test.junit.AutoTests" name="[23] /home/travis/build/icyphy/ptII/ptolemy/domains/modal/test/auto/CausalityInterface13.xml (RunModel)" time="0.071" />
  <testcase classname="ptolemy.util.test.junit.AutoTests" name="[24] /home/travis/build/icyphy/ptII/ptolemy/domains/modal/test/auto/CausalityInterface14.xml (RunModel)" time="0.06" />
  <testcase classname="ptolemy.util.test.junit.AutoTests" name="[25] /home/travis/build/icyphy/ptII/ptolemy/domains/modal/test/auto/CausalityInterface2.xml (RunModel)" time="0.03" />
  <testcase classname="ptolemy.util.test.junit.AutoTests" name="[26] /home/travis/build/icyphy/ptII/ptolemy/domains/modal/test/auto/CausalityInterface3.xml (RunModel)" time="0.029" />
  <testcase classname="ptolemy.util.test.junit.AutoTests" name="[27] /home/travis/build/icyphy/ptII/ptolemy/domains/modal/test/auto/CausalityInterface4.xml (RunModel)" time="0.023" />
  <testcase classname="ptolemy.util.test.junit.AutoTests" name="[28] /home/travis/build/icyphy/ptII/ptolemy/domains/modal/test/auto/CausalityInterface5.xml (RunModel)" time="0.046" />
  <testcase classname="ptolemy.util.test.junit.AutoTests" name="[29] /home/travis/build/icyphy/ptII/ptolemy/domains/modal/test/auto/CausalityInterface6.xml (RunModel)" time="0.033" />
  <testcase classname="ptolemy.util.test.junit.AutoTests" name="[30] /home/travis/build/icyphy/ptII/ptolemy/domains/modal/test/auto/CausalityInterface7.xml (RunModel)" time="0.035" />
  <testcase classname="ptolemy.util.test.junit.AutoTests" name="[31] /home/travis/build/icyphy/ptII/ptolemy/domains/modal/test/auto/CausalityInterface8.xml (RunModel)" time="0.032" />
  <testcase classname="ptolemy.util.test.junit.AutoTests" name="[32] /home/travis/build/icyphy/ptII/ptolemy/domains/modal/test/auto/CausalityInterface9.xml (RunModel)" time="0.029" />
  <testcase classname="ptolemy.util.test.junit.AutoTests" name="[33] /home/travis/build/icyphy/ptII/ptolemy/domains/modal/test/auto/ChainedTransitions.xml (RunModel)" time="0.17" />
  <testcase classname="ptolemy.util.test.junit.AutoTests" name="[34] /home/travis/build/icyphy/ptII/ptolemy/domains/modal/test/auto/CycleOfImmediateTransitionsFSM.xml (RunModel)" time="0.028" />
  <testcase classname="ptolemy.util.test.junit.AutoTests" name="[35] /home/travis/build/icyphy/ptII/ptolemy/domains/modal/test/auto/CycleOfImmediateTransitionsModal.xml (RunModel)" time="0.022" />
  <testcase classname="ptolemy.util.test.junit.AutoTests" name="[36] /home/travis/build/icyphy/ptII/ptolemy/domains/modal/test/auto/CycleOfImmediateTransitionsModal2.xml (RunModel)" time="0.028" />
  <testcase classname="ptolemy.util.test.junit.AutoTests" name="[37] /home/travis/build/icyphy/ptII/ptolemy/domains/modal/test/auto/CycleOfImmediateTransitionsModal3.xml (RunModel)" time="0.068" />
  <testcase classname="ptolemy.util.test.junit.AutoTests" name="[38] /home/travis/build/icyphy/ptII/ptolemy/domains/modal/test/auto/DeepModal1.xml (RunModel)" time="0.047" />
  <testcase classname="ptolemy.util.test.junit.AutoTests" name="[39] /home/travis/build/icyphy/ptII/ptolemy/domains/modal/test/auto/DeepModal2.xml (RunModel)" time="0.057" />
  <testcase classname="ptolemy.util.test.junit.AutoTests" name="[40] /home/travis/build/icyphy/ptII/ptolemy/domains/modal/test/auto/DeepModal3.xml (RunModel)" time="0.058" />
  <testcase classname="ptolemy.util.test.junit.AutoTests" name="[41] /home/travis/build/icyphy/ptII/ptolemy/domains/modal/test/auto/DeepModal4.xml (RunModel)" time="0.054" />
  <testcase classname="ptolemy.util.test.junit.AutoTests" name="[42] /home/travis/build/icyphy/ptII/ptolemy/domains/modal/test/auto/Default1.xml (RunModel)" time="0.034" />
  <testcase classname="ptolemy.util.test.junit.AutoTests" name="[43] /home/travis/build/icyphy/ptII/ptolemy/domains/modal/test/auto/Default2.xml (RunModel)" time="0.018" />
  <testcase classname="ptolemy.util.test.junit.AutoTests" name="[44] /home/travis/build/icyphy/ptII/ptolemy/domains/modal/test/auto/Default3.xml (RunModel)" time="0.022" />
  <testcase classname="ptolemy.util.test.junit.AutoTests" name="[45] /home/travis/build/icyphy/ptII/ptolemy/domains/modal/test/auto/Default4.xml (RunModel)" time="0.013" />
  <testcase classname="ptolemy.util.test.junit.AutoTests" name="[46] /home/travis/build/icyphy/ptII/ptolemy/domains/modal/test/auto/Default5.xml (RunModel)" time="0.025" />
  <testcase classname="ptolemy.util.test.junit.AutoTests" name="[47] /home/travis/build/icyphy/ptII/ptolemy/domains/modal/test/auto/EmptyGuard.xml (RunModel)" time="0.018" />
  <testcase classname="ptolemy.util.test.junit.AutoTests" name="[48] /home/travis/build/icyphy/ptII/ptolemy/domains/modal/test/auto/ErrorTransition1.xml (RunModel)" time="0.024" />
  <testcase classname="ptolemy.util.test.junit.AutoTests" name="[49] /home/travis/build/icyphy/ptII/ptolemy/domains/modal/test/auto/ErrorTransition10.xml (RunModel)" time="0.036" />
  <testcase classname="ptolemy.util.test.junit.AutoTests" name="[50] /home/travis/build/icyphy/ptII/ptolemy/domains/modal/test/auto/ErrorTransition11.xml (RunModel)" time="0.03" />
  <testcase classname="ptolemy.util.test.junit.AutoTests" name="[51] /home/travis/build/icyphy/ptII/ptolemy/domains/modal/test/auto/ErrorTransition2.xml (RunModel)" time="0.026" />
  <testcase classname="ptolemy.util.test.junit.AutoTests" name="[52] /home/travis/build/icyphy/ptII/ptolemy/domains/modal/test/auto/ErrorTransition3.xml (RunModel)" time="0.039" />
  <testcase classname="ptolemy.util.test.junit.AutoTests" name="[53] /home/travis/build/icyphy/ptII/ptolemy/domains/modal/test/auto/ErrorTransition4.xml (RunModel)" time="0.042" />
  <testcase classname="ptolemy.util.test.junit.AutoTests" name="[54] /home/travis/build/icyphy/ptII/ptolemy/domains/modal/test/auto/ErrorTransition5.xml (RunModel)" time="0.028" />
  <testcase classname="ptolemy.util.test.junit.AutoTests" name="[55] /home/travis/build/icyphy/ptII/ptolemy/domains/modal/test/auto/ErrorTransition6.xml (RunModel)" time="0.04" />
  <testcase classname="ptolemy.util.test.junit.AutoTests" name="[56] /home/travis/build/icyphy/ptII/ptolemy/domains/modal/test/auto/ErrorTransition7.xml (RunModel)" time="0.041" />
  <testcase classname="ptolemy.util.test.junit.AutoTests" name="[57] /home/travis/build/icyphy/ptII/ptolemy/domains/modal/test/auto/ErrorTransition8.xml (RunModel)" time="0.049" />
  <testcase classname="ptolemy.util.test.junit.AutoTests" name="[58] /home/travis/build/icyphy/ptII/ptolemy/domains/modal/test/auto/ErrorTransition9.xml (RunModel)" time="0.05" />
  <testcase classname="ptolemy.util.test.junit.AutoTests" name="[59] /home/travis/build/icyphy/ptII/ptolemy/domains/modal/test/auto/ExtendedFSM.xml (RunModel)" time="0.019" />
  <testcase classname="ptolemy.util.test.junit.AutoTests" name="[60] /home/travis/build/icyphy/ptII/ptolemy/domains/modal/test/auto/FinalStates.xml (RunModel)" time="0.021" />
  <testcase classname="ptolemy.util.test.junit.AutoTests" name="[61] /home/travis/build/icyphy/ptII/ptolemy/domains/modal/test/auto/FixedPointFSM.xml (RunModel)" time="0.042" />
  <testcase classname="ptolemy.util.test.junit.AutoTests" name="[62] /home/travis/build/icyphy/ptII/ptolemy/domains/modal/test/auto/FixedPointIterationFSMActor.xml (RunModel)" time="0.026" />
  <testcase classname="ptolemy.util.test.junit.AutoTests" name="[63] /home/travis/build/icyphy/ptII/ptolemy/domains/modal/test/auto/FixedPointIterationFSMActor2.xml (RunModel)" time="0.031" />
  <testcase classname="ptolemy.util.test.junit.AutoTests" name="[64] /home/travis/build/icyphy/ptII/ptolemy/domains/modal/test/auto/ForbiddenInstantanousLoop.xml (RunModel)" time="0.047" />
  <testcase classname="ptolemy.util.test.junit.AutoTests" name="[65] /home/travis/build/icyphy/ptII/ptolemy/domains/modal/test/auto/FunctionDependencyOfFSMActorTest.xml (RunModel)" time="0.03" />
  <testcase classname="ptolemy.util.test.junit.AutoTests" name="[66] /home/travis/build/icyphy/ptII/ptolemy/domains/modal/test/auto/GuardExpression.xml (RunModel)" time="0.016" />
  <testcase classname="ptolemy.util.test.junit.AutoTests" name="[67] /home/travis/build/icyphy/ptII/ptolemy/domains/modal/test/auto/GuardNotEvaluated.xml (RunModel)" time="0.03" />
  <testcase classname="ptolemy.util.test.junit.AutoTests" name="[68] /home/travis/build/icyphy/ptII/ptolemy/domains/modal/test/auto/GuardNotEvaluated2.xml (RunModel)" time="0.031" />
  <testcase classname="ptolemy.util.test.junit.AutoTests" name="[69] /home/travis/build/icyphy/ptII/ptolemy/domains/modal/test/auto/GuardOnAbsent.xml (RunModel)" time="0.024" />
  <testcase classname="ptolemy.util.test.junit.AutoTests" name="[70] /home/travis/build/icyphy/ptII/ptolemy/domains/modal/test/auto/HierarchicalFSMTypeInference.xml (RunModel)" time="0.025" />
  <testcase classname="ptolemy.util.test.junit.AutoTests" name="[71] /home/travis/build/icyphy/ptII/ptolemy/domains/modal/test/auto/Hysteresis.xml (RunModel)" time="0.04" />
  <testcase classname="ptolemy.util.test.junit.AutoTests" name="[72] /home/travis/build/icyphy/ptII/ptolemy/domains/modal/test/auto/HysteresisWithDefault.xml (RunModel)" time="0.063" />
  <testcase classname="ptolemy.util.test.junit.AutoTests" name="[73] /home/travis/build/icyphy/ptII/ptolemy/domains/modal/test/auto/HysteresisWithDefault2.xml (RunModel)" time="0.065" />
  <testcase classname="ptolemy.util.test.junit.AutoTests" name="[74] /home/travis/build/icyphy/ptII/ptolemy/domains/modal/test/auto/ImmediateNonConstructiveness.xml (RunModel)" time="0.019" />
  <testcase classname="ptolemy.util.test.junit.AutoTests" name="[75] /home/travis/build/icyphy/ptII/ptolemy/domains/modal/test/auto/ImmediateNonConstructiveness2.xml (RunModel)" time="0.015" />
  <testcase classname="ptolemy.util.test.junit.AutoTests" name="[76] /home/travis/build/icyphy/ptII/ptolemy/domains/modal/test/auto/ImmediateTransitionReset.xml (RunModel)" time="0.053" />
  <testcase classname="ptolemy.util.test.junit.AutoTests" name="[77] /home/travis/build/icyphy/ptII/ptolemy/domains/modal/test/auto/ImmediateTransitions1.xml (RunModel)" time="0.012" />
  <testcase classname="ptolemy.util.test.junit.AutoTests" name="[78] /home/travis/build/icyphy/ptII/ptolemy/domains/modal/test/auto/ImmediateTransitionsInstantaneousCommunication.xml (RunModel)" time="0.032" />
  <testcase classname="ptolemy.util.test.junit.AutoTests" name="[79] /home/travis/build/icyphy/ptII/ptolemy/domains/modal/test/auto/InitialImmediateTransition.xml (RunModel)" time="0.014" />
  <testcase classname="ptolemy.util.test.junit.AutoTests" name="[80] /home/travis/build/icyphy/ptII/ptolemy/domains/modal/test/auto/InitialOutputs.xml (RunModel)" time="0.013" />
  <testcase classname="ptolemy.util.test.junit.AutoTests" name="[81] /home/travis/build/icyphy/ptII/ptolemy/domains/modal/test/auto/InitialStateTransition1.xml (RunModel)" time="0.018" />
  <testcase classname="ptolemy.util.test.junit.AutoTests" name="[82] /home/travis/build/icyphy/ptII/ptolemy/domains/modal/test/auto/InitialStateTransition2.xml (RunModel)" time="0.021" />
  <testcase classname="ptolemy.util.test.junit.AutoTests" name="[83] /home/travis/build/icyphy/ptII/ptolemy/domains/modal/test/auto/InitialStateTransition3.xml (RunModel)" time="0.022" />
  <testcase classname="ptolemy.util.test.junit.AutoTests" name="[84] /home/travis/build/icyphy/ptII/ptolemy/domains/modal/test/auto/InitialStateTransition4.xml (RunModel)" time="0.023" />
  <testcase classname="ptolemy.util.test.junit.AutoTests" name="[85] /home/travis/build/icyphy/ptII/ptolemy/domains/modal/test/auto/MalformedGuardExpressionNotCaught.xml (RunModel)" time="0.024" />
  <testcase classname="ptolemy.util.test.junit.AutoTests" name="[86] /home/travis/build/icyphy/ptII/ptolemy/domains/modal/test/auto/ModalBSC.xml (RunModel)" time="0.081" />
  <testcase classname="ptolemy.util.test.junit.AutoTests" name="[87] /home/travis/build/icyphy/ptII/ptolemy/domains/modal/test/auto/ModalClocks.xml (RunModel)" time="0.06" />
  <testcase classname="ptolemy.util.test.junit.AutoTests" name="[88] /home/travis/build/icyphy/ptII/ptolemy/domains/modal/test/auto/ModalDelay.xml (RunModel)" time="0.071" />
  <testcase classname="ptolemy.util.test.junit.AutoTests" name="[89] /home/travis/build/icyphy/ptII/ptolemy/domains/modal/test/auto/ModalDelay2.xml (RunModel)" time="0.044" />
  <testcase classname="ptolemy.util.test.junit.AutoTests" name="[90] /home/travis/build/icyphy/ptII/ptolemy/domains/modal/test/auto/ModalModelFromMemo.xml (RunModel)" time="0.086" />
  <testcase classname="ptolemy.util.test.junit.AutoTests" name="[91] /home/travis/build/icyphy/ptII/ptolemy/domains/modal/test/auto/ModalModelWithMultirateTransient.xml (RunModel)" time="0.038" />
  <testcase classname="ptolemy.util.test.junit.AutoTests" name="[92] /home/travis/build/icyphy/ptII/ptolemy/domains/modal/test/auto/ModalModelWithReset.xml (RunModel)" time="0.076" />
  <testcase classname="ptolemy.util.test.junit.AutoTests" name="[93] /home/travis/build/icyphy/ptII/ptolemy/domains/modal/test/auto/MouseClickFSM.xml (RunModel)" time="0.051" />
  <testcase classname="ptolemy.util.test.junit.AutoTests" name="[94] /home/travis/build/icyphy/ptII/ptolemy/domains/modal/test/auto/MouseClickFSMModal.xml (RunModel)" time="0.034" />
  <testcase classname="ptolemy.util.test.junit.AutoTests" name="[95] /home/travis/build/icyphy/ptII/ptolemy/domains/modal/test/auto/NonStrictFSM_FeedbackLoop.xml (RunModel)" time="0.047" />
  <testcase classname="ptolemy.util.test.junit.AutoTests" name="[96] /home/travis/build/icyphy/ptII/ptolemy/domains/modal/test/auto/NonStrictFSM_FeedbackLoop_Refinement.xml (RunModel)" time="0.113" />
  <testcase classname="ptolemy.util.test.junit.AutoTests" name="[97] /home/travis/build/icyphy/ptII/ptolemy/domains/modal/test/auto/NonStrictFSM_FeedbackLoop_preemptive.xml (RunModel)" time="0.063" />
  <testcase classname="ptolemy.util.test.junit.AutoTests" name="[98] /home/travis/build/icyphy/ptII/ptolemy/domains/modal/test/auto/NormalTermination.xml (RunModel)" time="0.036" />
  <testcase classname="ptolemy.util.test.junit.AutoTests" name="[99] /home/travis/build/icyphy/ptII/ptolemy/domains/modal/test/auto/Pong.xml (RunModel)" time="0.083" />
  <testcase classname="ptolemy.util.test.junit.AutoTests" name="[100] /home/travis/build/icyphy/ptII/ptolemy/domains/modal/test/auto/Pong_test.xml (RunModel)" time="0.103" />
  <testcase classname="ptolemy.util.test.junit.AutoTests" name="[101] /home/travis/build/icyphy/ptII/ptolemy/domains/modal/test/auto/PreemptionHierarchy.xml (RunModel)" time="0.022" />
  <testcase classname="ptolemy.util.test.junit.AutoTests" name="[102] /home/travis/build/icyphy/ptII/ptolemy/domains/modal/test/auto/PreemptionHierarchy2.xml (RunModel)" time="0.027" />
  <testcase classname="ptolemy.util.test.junit.AutoTests" name="[103] /home/travis/build/icyphy/ptII/ptolemy/domains/modal/test/auto/PreemptiveTransition.xml (RunModel)" time="0.023" />
  <testcase classname="ptolemy.util.test.junit.AutoTests" name="[104] /home/travis/build/icyphy/ptII/ptolemy/domains/modal/test/auto/Priorities.xml (RunModel)" time="0.09" />
  <testcase classname="ptolemy.util.test.junit.AutoTests" name="[105] /home/travis/build/icyphy/ptII/ptolemy/domains/modal/test/auto/ResetFinal.xml (RunModel)" time="0.057" />
  <testcase classname="ptolemy.util.test.junit.AutoTests" name="[106] /home/travis/build/icyphy/ptII/ptolemy/domains/modal/test/auto/ResetFinal2.xml (RunModel)" time="0.037" />
  <testcase classname="ptolemy.util.test.junit.AutoTests" name="[107] /home/travis/build/icyphy/ptII/ptolemy/domains/modal/test/auto/ResetTransitionWithStartTime.xml (RunModel)" time="0.035" />
  <testcase classname="ptolemy.util.test.junit.AutoTests" name="[108] /home/travis/build/icyphy/ptII/ptolemy/domains/modal/test/auto/SDF-FSMComposite.xml (RunModel)" time="0.025" />
  <testcase classname="ptolemy.util.test.junit.AutoTests" name="[109] /home/travis/build/icyphy/ptII/ptolemy/domains/modal/test/auto/SeeminglyNondeterminate.xml (RunModel)" time="0.089" />
  <testcase classname="ptolemy.util.test.junit.AutoTests" name="[110] /home/travis/build/icyphy/ptII/ptolemy/domains/modal/test/auto/SeeminglyNondeterminate2.xml (RunModel)" time="0.067" />
  <testcase classname="ptolemy.util.test.junit.AutoTests" name="[111] /home/travis/build/icyphy/ptII/ptolemy/domains/modal/test/auto/SpontaneousFSM.xml (RunModel)" time="0.045" />
  <testcase classname="ptolemy.util.test.junit.AutoTests" name="[112] /home/travis/build/icyphy/ptII/ptolemy/domains/modal/test/auto/SpontaneousFSM2.xml (RunModel)" time="0.027" />
  <testcase classname="ptolemy.util.test.junit.AutoTests" name="[113] /home/travis/build/icyphy/ptII/ptolemy/domains/modal/test/auto/SpontaneousFSM3.xml (RunModel)" time="0.038" />
  <testcase classname="ptolemy.util.test.junit.AutoTests" name="[114] /home/travis/build/icyphy/ptII/ptolemy/domains/modal/test/auto/SpontaneousFSM4.xml (RunModel)" time="0.04" />
  <testcase classname="ptolemy.util.test.junit.AutoTests" name="[115] /home/travis/build/icyphy/ptII/ptolemy/domains/modal/test/auto/StateTrackerTest.xml (RunModel)" time="0.092" />
  <testcase classname="ptolemy.util.test.junit.AutoTests" name="[116] /home/travis/build/icyphy/ptII/ptolemy/domains/modal/test/auto/StrongImmediateTransition.xml (RunModel)" time="0.02" />
  <testcase classname="ptolemy.util.test.junit.AutoTests" name="[117] /home/travis/build/icyphy/ptII/ptolemy/domains/modal/test/auto/SustainHierarchy.xml (RunModel)" time="0.028" />
  <testcase classname="ptolemy.util.test.junit.AutoTests" name="[118] /home/travis/build/icyphy/ptII/ptolemy/domains/modal/test/auto/TerminationTransition1.xml (RunModel)" time="0.017" />
  <testcase classname="ptolemy.util.test.junit.AutoTests" name="[119] /home/travis/build/icyphy/ptII/ptolemy/domains/modal/test/auto/TerminationTransition2.xml (RunModel)" time="0.024" />
  <testcase classname="ptolemy.util.test.junit.AutoTests" name="[120] /home/travis/build/icyphy/ptII/ptolemy/domains/modal/test/auto/TerminationTransition3.xml (RunModel)" time="0.021" />
  <testcase classname="ptolemy.util.test.junit.AutoTests" name="[121] /home/travis/build/icyphy/ptII/ptolemy/domains/modal/test/auto/TerminationTransition4.xml (RunModel)" time="0.033" />
  <testcase classname="ptolemy.util.test.junit.AutoTests" name="[122] /home/travis/build/icyphy/ptII/ptolemy/domains/modal/test/auto/TerminationTransition5.xml (RunModel)" time="0.033" />
  <testcase classname="ptolemy.util.test.junit.AutoTests" name="[123] /home/travis/build/icyphy/ptII/ptolemy/domains/modal/test/auto/TerminationTransition6.xml (RunModel)" time="0.02" />
  <testcase classname="ptolemy.util.test.junit.AutoTests" name="[124] /home/travis/build/icyphy/ptII/ptolemy/domains/modal/test/auto/TerminationTransition7.xml (RunModel)" time="0.021" />
  <testcase classname="ptolemy.util.test.junit.AutoTests" name="[125] /home/travis/build/icyphy/ptII/ptolemy/domains/modal/test/auto/TerminationTransition8.xml (RunModel)" time="0.02" />
  <testcase classname="ptolemy.util.test.junit.AutoTests" name="[126] /home/travis/build/icyphy/ptII/ptolemy/domains/modal/test/auto/Thermostat_NoHysteresis.xml (RunModel)" time="0.053" />
  <testcase classname="ptolemy.util.test.junit.AutoTests" name="[127] /home/travis/build/icyphy/ptII/ptolemy/domains/modal/test/auto/TimedFSM.xml (RunModel)" time="0.025" />
  <testcase classname="ptolemy.util.test.junit.AutoTests" name="[128] /home/travis/build/icyphy/ptII/ptolemy/domains/modal/test/auto/Timeout1.xml (RunModel)" time="0.011" />
  <testcase classname="ptolemy.util.test.junit.AutoTests" name="[129] /home/travis/build/icyphy/ptII/ptolemy/domains/modal/test/auto/Timeout2.xml (RunModel)" time="0.02" />
  <testcase classname="ptolemy.util.test.junit.AutoTests" name="[130] /home/travis/build/icyphy/ptII/ptolemy/domains/modal/test/auto/Timeout3.xml (RunModel)" time="0.013" />
  <testcase classname="ptolemy.util.test.junit.AutoTests" name="[131] /home/travis/build/icyphy/ptII/ptolemy/domains/modal/test/auto/Timeout4.xml (RunModel)" time="0.015" />
  <testcase classname="ptolemy.util.test.junit.AutoTests" name="[132] /home/travis/build/icyphy/ptII/ptolemy/domains/modal/test/auto/TransientstateModelAdvanced.xml (RunModel)" time="0.035" />
  <testcase classname="ptolemy.util.test.junit.AutoTests" name="[133] /home/travis/build/icyphy/ptII/ptolemy/domains/modal/test/auto/TransientstateModelAdvanced2.xml (RunModel)" time="0.032" />
  <testcase classname="ptolemy.util.test.junit.AutoTests" name="[134] /home/travis/build/icyphy/ptII/ptolemy/domains/modal/test/auto/TransitionRefinements.xml (RunModel)" time="0.025" />
  <testcase classname="ptolemy.util.test.junit.AutoTests" name="[135] /home/travis/build/icyphy/ptII/ptolemy/domains/modal/test/auto/TwoRefinements1.xml (RunModel)" time="0.023" />
  <testcase classname="ptolemy.util.test.junit.AutoTests" name="[136] /home/travis/build/icyphy/ptII/ptolemy/domains/modal/test/auto/TwoRefinements2.xml (RunModel)" time="0.021" />
  <testcase classname="ptolemy.util.test.junit.AutoTests" name="[137] /home/travis/build/icyphy/ptII/ptolemy/domains/modal/test/auto/WeakImmediateTransition.xml (RunModel)" time="0.023" />
  <testcase classname="ptolemy.util.test.junit.AutoTests" name="[138] /home/travis/build/icyphy/ptII/ptolemy/domains/modal/test/auto/booleanSelect.xml (RunModel)" time="0.054" />
  <testcase classname="ptolemy.util.test.junit.AutoTests" name="[139] /home/travis/build/icyphy/ptII/ptolemy/domains/modal/test/auto/modalChangingParams.xml (RunModel)" time="0.286" />
  <testcase classname="ptolemy.util.test.junit.AutoTests" name="[140] /home/travis/build/icyphy/ptII/ptolemy/domains/modal/test/auto/modalModel.xml (RunModel)" time="0.03" />
  <testcase classname="ptolemy.util.test.junit.AutoTests" name="[141] /home/travis/build/icyphy/ptII/ptolemy/domains/modal/test/auto/modalModel2.xml (RunModel)" time="0.026" />
  <testcase classname="ptolemy.util.test.junit.AutoTests" name="[142] /home/travis/build/icyphy/ptII/ptolemy/domains/modal/test/auto/modalModel3.xml (RunModel)" time="0.041" />
  <testcase classname="ptolemy.util.test.junit.AutoTests" name="[143] /home/travis/build/icyphy/ptII/ptolemy/domains/modal/test/auto/model1.xml (RunModel)" time="0.018" />
  <testcase classname="ptolemy.util.test.junit.AutoTests" name="[144] /home/travis/build/icyphy/ptII/ptolemy/domains/modal/test/auto/test-direct-in-out.xml (RunModel)" time="0.023" />
  <system-out><![CDATA[/home/travis/build/icyphy/ptII/ptolemy/domains/modal/test/SystemLevelType.tcl
testDefs.tcl: setting time out to 9000 seconds at Wed May 11 19:56:32 UTC 2022
05/11/22 07:56:33
Failed: 0  Total Tests: 1  ((Passed: 1, Newly Passed: 0)  Known Failed: 0) /home/travis/build/icyphy/ptII/ptolemy/domains/modal/test
----------------- testing (KnownFailure) /home/travis/build/icyphy/ptII/ptolemy/domains/modal/test/auto/knownFailedTests/CannotAnalysisWithPreemption.xml
126 ms. Memory: 129024K Free: 64120K (50%)
Known Failure: java.lang.reflect.InvocationTargetException
No auto/linux-amd64/*.xml tests in /home/travis/build/icyphy/ptII/ptolemy/domains/modal/test
AutoTests.java: About to close Vertx.
AutoTests.java: Vertx closed.

===========================================================================================
----------------- testing Wed May 11 19:56:34 UTC 2022 /home/travis/build/icyphy/ptII/ptolemy/domains/modal/test/auto/ABPTest.xml
----------------- Instantiating /home/travis/build/icyphy/ptII/ptolemy/domains/modal/test/auto/ABPTest.xml
358 ms. Memory: 160768K Free: 108543K (68%)
----------------- Invoking toplevel() on ptolemy.moml.MoMLSimpleApplication@6eef9ffe
----------------- Done invoking toplevel() on ptolemy.moml.MoMLSimpleApplication@6eef9ffe
reloadAllAccessors: .ABPTest

===========================================================================================
----------------- testing Wed May 11 19:56:35 UTC 2022 /home/travis/build/icyphy/ptII/ptolemy/domains/modal/test/auto/ABROFlat.xml
----------------- Instantiating /home/travis/build/icyphy/ptII/ptolemy/domains/modal/test/auto/ABROFlat.xml
14 ms. Memory: 160768K Free: 93065K (58%)
----------------- Invoking toplevel() on ptolemy.moml.MoMLSimpleApplication@31a609ca
----------------- Done invoking toplevel() on ptolemy.moml.MoMLSimpleApplication@31a609ca
reloadAllAccessors: .ABROFlat

===========================================================================================
----------------- testing Wed May 11 19:56:35 UTC 2022 /home/travis/build/icyphy/ptII/ptolemy/domains/modal/test/auto/ABROFlat2.xml
----------------- Instantiating /home/travis/build/icyphy/ptII/ptolemy/domains/modal/test/auto/ABROFlat2.xml
22 ms. Memory: 160768K Free: 75681K (47%)
----------------- Invoking toplevel() on ptolemy.moml.MoMLSimpleApplication@3c91597b
----------------- Done invoking toplevel() on ptolemy.moml.MoMLSimpleApplication@3c91597b
reloadAllAccessors: .ABROFlat2

===========================================================================================
----------------- testing Wed May 11 19:56:35 UTC 2022 /home/travis/build/icyphy/ptII/ptolemy/domains/modal/test/auto/ABRO_present_hmm.xml
----------------- Instantiating /home/travis/build/icyphy/ptII/ptolemy/domains/modal/test/auto/ABRO_present_hmm.xml
30 ms. Memory: 160768K Free: 138453K (86%)
----------------- Invoking toplevel() on ptolemy.moml.MoMLSimpleApplication@3ba8490a
----------------- Done invoking toplevel() on ptolemy.moml.MoMLSimpleApplication@3ba8490a
reloadAllAccessors: .ABRO_present_hmm

===========================================================================================
----------------- testing Wed May 11 19:56:35 UTC 2022 /home/travis/build/icyphy/ptII/ptolemy/domains/modal/test/auto/AMICoderExample.xml
----------------- Instantiating /home/travis/build/icyphy/ptII/ptolemy/domains/modal/test/auto/AMICoderExample.xml
22 ms. Memory: 160768K Free: 127880K (80%)
----------------- Invoking toplevel() on ptolemy.moml.MoMLSimpleApplication@c69cd33
----------------- Done invoking toplevel() on ptolemy.moml.MoMLSimpleApplication@c69cd33
reloadAllAccessors: .AMICoderExample

===========================================================================================
----------------- testing Wed May 11 19:56:35 UTC 2022 /home/travis/build/icyphy/ptII/ptolemy/domains/modal/test/auto/AbsentToPresent.xml
----------------- Instantiating /home/travis/build/icyphy/ptII/ptolemy/domains/modal/test/auto/AbsentToPresent.xml
5 ms. Memory: 160768K Free: 123226K (77%)
----------------- Invoking toplevel() on ptolemy.moml.MoMLSimpleApplication@81c83d1
----------------- Done invoking toplevel() on ptolemy.moml.MoMLSimpleApplication@81c83d1
reloadAllAccessors: .AbsentToPresent

===========================================================================================
----------------- testing Wed May 11 19:56:35 UTC 2022 /home/travis/build/icyphy/ptII/ptolemy/domains/modal/test/auto/Blending.xml
----------------- Instantiating /home/travis/build/icyphy/ptII/ptolemy/domains/modal/test/auto/Blending.xml
161 ms. Memory: 160768K Free: 78170K (49%)
----------------- Invoking toplevel() on ptolemy.moml.MoMLSimpleApplication@271fcb2
----------------- Done invoking toplevel() on ptolemy.moml.MoMLSimpleApplication@271fcb2
reloadAllAccessors: .Blending

===========================================================================================
----------------- testing Wed May 11 19:56:35 UTC 2022 /home/travis/build/icyphy/ptII/ptolemy/domains/modal/test/auto/Broadcast.xml
----------------- Instantiating /home/travis/build/icyphy/ptII/ptolemy/domains/modal/test/auto/Broadcast.xml
11 ms. Memory: 160768K Free: 67946K (42%)
----------------- Invoking toplevel() on ptolemy.moml.MoMLSimpleApplication@f0c16c2
----------------- Done invoking toplevel() on ptolemy.moml.MoMLSimpleApplication@f0c16c2
reloadAllAccessors: .Broadcast

===========================================================================================
----------------- testing Wed May 11 19:56:35 UTC 2022 /home/travis/build/icyphy/ptII/ptolemy/domains/modal/test/auto/BroadcastHierarchy.xml
----------------- Instantiating /home/travis/build/icyphy/ptII/ptolemy/domains/modal/test/auto/BroadcastHierarchy.xml
18 ms. Memory: 160768K Free: 54618K (34%)
----------------- Invoking toplevel() on ptolemy.moml.MoMLSimpleApplication@611054b7
----------------- Done invoking toplevel() on ptolemy.moml.MoMLSimpleApplication@611054b7
reloadAllAccessors: .BroadcastHierarchy

===========================================================================================
----------------- testing Wed May 11 19:56:35 UTC 2022 /home/travis/build/icyphy/ptII/ptolemy/domains/modal/test/auto/BroadcastHierarchy2.xml
----------------- Instantiating /home/travis/build/icyphy/ptII/ptolemy/domains/modal/test/auto/BroadcastHierarchy2.xml
15 ms. Memory: 160768K Free: 117686K (73%)
----------------- Invoking toplevel() on ptolemy.moml.MoMLSimpleApplication@4a5af5eb
----------------- Done invoking toplevel() on ptolemy.moml.MoMLSimpleApplication@4a5af5eb
reloadAllAccessors: .BroadcastHierarchy2

===========================================================================================
----------------- testing Wed May 11 19:56:36 UTC 2022 /home/travis/build/icyphy/ptII/ptolemy/domains/modal/test/auto/BroadcastHierarchy3.xml
----------------- Instantiating /home/travis/build/icyphy/ptII/ptolemy/domains/modal/test/auto/BroadcastHierarchy3.xml
13 ms. Memory: 160768K Free: 97144K (60%)
----------------- Invoking toplevel() on ptolemy.moml.MoMLSimpleApplication@3e7fcaff
----------------- Done invoking toplevel() on ptolemy.moml.MoMLSimpleApplication@3e7fcaff
reloadAllAccessors: .BroadcastHierarchy3

===========================================================================================
----------------- testing Wed May 11 19:56:36 UTC 2022 /home/travis/build/icyphy/ptII/ptolemy/domains/modal/test/auto/BroadcastHierarchy4.xml
----------------- Instantiating /home/travis/build/icyphy/ptII/ptolemy/domains/modal/test/auto/BroadcastHierarchy4.xml
12 ms. Memory: 160768K Free: 72584K (45%)
----------------- Invoking toplevel() on ptolemy.moml.MoMLSimpleApplication@7417749e
----------------- Done invoking toplevel() on ptolemy.moml.MoMLSimpleApplication@7417749e
reloadAllAccessors: .BroadcastHierarchy4

===========================================================================================
----------------- testing Wed May 11 19:56:36 UTC 2022 /home/travis/build/icyphy/ptII/ptolemy/domains/modal/test/auto/CannotAnalysisWithPreemption2.xml
----------------- Instantiating /home/travis/build/icyphy/ptII/ptolemy/domains/modal/test/auto/CannotAnalysisWithPreemption2.xml
3 ms. Memory: 160768K Free: 65882K (41%)
----------------- Invoking toplevel() on ptolemy.moml.MoMLSimpleApplication@d977c28
----------------- Done invoking toplevel() on ptolemy.moml.MoMLSimpleApplication@d977c28
reloadAllAccessors: .CannotAnalysisWithPreemption2

===========================================================================================
----------------- testing Wed May 11 19:56:36 UTC 2022 /home/travis/build/icyphy/ptII/ptolemy/domains/modal/test/auto/CannotAnalysisWithPreemption3.xml
----------------- Instantiating /home/travis/build/icyphy/ptII/ptolemy/domains/modal/test/auto/CannotAnalysisWithPreemption3.xml
4 ms. Memory: 160768K Free: 55658K (35%)
----------------- Invoking toplevel() on ptolemy.moml.MoMLSimpleApplication@4bf9ab35
----------------- Done invoking toplevel() on ptolemy.moml.MoMLSimpleApplication@4bf9ab35
reloadAllAccessors: .CannotAnalysisWithPreemption3

===========================================================================================
----------------- testing Wed May 11 19:56:36 UTC 2022 /home/travis/build/icyphy/ptII/ptolemy/domains/modal/test/auto/CannotProduce.xml
----------------- Instantiating /home/travis/build/icyphy/ptII/ptolemy/domains/modal/test/auto/CannotProduce.xml
27 ms. Memory: 160768K Free: 140088K (87%)
----------------- Invoking toplevel() on ptolemy.moml.MoMLSimpleApplication@14e51cc9
----------------- Done invoking toplevel() on ptolemy.moml.MoMLSimpleApplication@14e51cc9
reloadAllAccessors: .CannotProduce

===========================================================================================
----------------- testing Wed May 11 19:56:36 UTC 2022 /home/travis/build/icyphy/ptII/ptolemy/domains/modal/test/auto/CannotProduceModal.xml
----------------- Instantiating /home/travis/build/icyphy/ptII/ptolemy/domains/modal/test/auto/CannotProduceModal.xml
6 ms. Memory: 160768K Free: 132962K (83%)
----------------- Invoking toplevel() on ptolemy.moml.MoMLSimpleApplication@ef4ba34
----------------- Done invoking toplevel() on ptolemy.moml.MoMLSimpleApplication@ef4ba34
reloadAllAccessors: .CannotProduceModal

===========================================================================================
----------------- testing Wed May 11 19:56:36 UTC 2022 /home/travis/build/icyphy/ptII/ptolemy/domains/modal/test/auto/Case.xml
----------------- Instantiating /home/travis/build/icyphy/ptII/ptolemy/domains/modal/test/auto/Case.xml
34 ms. Memory: 160768K Free: 121720K (76%)
----------------- Invoking toplevel() on ptolemy.moml.MoMLSimpleApplication@dc50ede
----------------- Done invoking toplevel() on ptolemy.moml.MoMLSimpleApplication@dc50ede
reloadAllAccessors: .Case

===========================================================================================
----------------- testing Wed May 11 19:56:36 UTC 2022 /home/travis/build/icyphy/ptII/ptolemy/domains/modal/test/auto/Case1.xml
----------------- Instantiating /home/travis/build/icyphy/ptII/ptolemy/domains/modal/test/auto/Case1.xml
12 ms. Memory: 160768K Free: 114522K (71%)
----------------- Invoking toplevel() on ptolemy.moml.MoMLSimpleApplication@505f6e07
----------------- Done invoking toplevel() on ptolemy.moml.MoMLSimpleApplication@505f6e07
reloadAllAccessors: .Case1

===========================================================================================
----------------- testing Wed May 11 19:56:36 UTC 2022 /home/travis/build/icyphy/ptII/ptolemy/domains/modal/test/auto/Case2.xml
----------------- Instantiating /home/travis/build/icyphy/ptII/ptolemy/domains/modal/test/auto/Case2.xml
27 ms. Memory: 160768K Free: 103862K (65%)
----------------- Invoking toplevel() on ptolemy.moml.MoMLSimpleApplication@31d52866
----------------- Done invoking toplevel() on ptolemy.moml.MoMLSimpleApplication@31d52866
reloadAllAccessors: .Case2

===========================================================================================
----------------- testing Wed May 11 19:56:36 UTC 2022 /home/travis/build/icyphy/ptII/ptolemy/domains/modal/test/auto/CausalityInterface1.xml
----------------- Instantiating /home/travis/build/icyphy/ptII/ptolemy/domains/modal/test/auto/CausalityInterface1.xml
5 ms. Memory: 160768K Free: 98720K (61%)
----------------- Invoking toplevel() on ptolemy.moml.MoMLSimpleApplication@4c837bf0
----------------- Done invoking toplevel() on ptolemy.moml.MoMLSimpleApplication@4c837bf0
reloadAllAccessors: .CausalityInterface1

===========================================================================================
----------------- testing Wed May 11 19:56:36 UTC 2022 /home/travis/build/icyphy/ptII/ptolemy/domains/modal/test/auto/CausalityInterface10.xml
----------------- Instantiating /home/travis/build/icyphy/ptII/ptolemy/domains/modal/test/auto/CausalityInterface10.xml
18 ms. Memory: 160768K Free: 85400K (53%)
----------------- Invoking toplevel() on ptolemy.moml.MoMLSimpleApplication@2c1b1753
----------------- Done invoking toplevel() on ptolemy.moml.MoMLSimpleApplication@2c1b1753
reloadAllAccessors: .CausalityInterface10

===========================================================================================
----------------- testing Wed May 11 19:56:36 UTC 2022 /home/travis/build/icyphy/ptII/ptolemy/domains/modal/test/auto/CausalityInterface11.xml
----------------- Instantiating /home/travis/build/icyphy/ptII/ptolemy/domains/modal/test/auto/CausalityInterface11.xml
7 ms. Memory: 160768K Free: 72110K (45%)
----------------- Invoking toplevel() on ptolemy.moml.MoMLSimpleApplication@300157b9
----------------- Done invoking toplevel() on ptolemy.moml.MoMLSimpleApplication@300157b9
reloadAllAccessors: .CausalityInterface11

===========================================================================================
----------------- testing Wed May 11 19:56:36 UTC 2022 /home/travis/build/icyphy/ptII/ptolemy/domains/modal/test/auto/CausalityInterface12.xml
----------------- Instantiating /home/travis/build/icyphy/ptII/ptolemy/domains/modal/test/auto/CausalityInterface12.xml
8 ms. Memory: 160768K Free: 58768K (37%)
----------------- Invoking toplevel() on ptolemy.moml.MoMLSimpleApplication@70f92113
----------------- Done invoking toplevel() on ptolemy.moml.MoMLSimpleApplication@70f92113
reloadAllAccessors: .CausalityInterface12

===========================================================================================
----------------- testing Wed May 11 19:56:36 UTC 2022 /home/travis/build/icyphy/ptII/ptolemy/domains/modal/test/auto/CausalityInterface13.xml
----------------- Instantiating /home/travis/build/icyphy/ptII/ptolemy/domains/modal/test/auto/CausalityInterface13.xml
12 ms. Memory: 198656K Free: 172333K (87%)
----------------- Invoking toplevel() on ptolemy.moml.MoMLSimpleApplication@128d47d9
----------------- Done invoking toplevel() on ptolemy.moml.MoMLSimpleApplication@128d47d9
reloadAllAccessors: .CausalityInterface13

===========================================================================================
----------------- testing Wed May 11 19:56:36 UTC 2022 /home/travis/build/icyphy/ptII/ptolemy/domains/modal/test/auto/CausalityInterface14.xml
----------------- Instantiating /home/travis/build/icyphy/ptII/ptolemy/domains/modal/test/auto/CausalityInterface14.xml
12 ms. Memory: 198656K Free: 158523K (80%)
----------------- Invoking toplevel() on ptolemy.moml.MoMLSimpleApplication@5a95992f
----------------- Done invoking toplevel() on ptolemy.moml.MoMLSimpleApplication@5a95992f
reloadAllAccessors: .CausalityInterface14

===========================================================================================
----------------- testing Wed May 11 19:56:36 UTC 2022 /home/travis/build/icyphy/ptII/ptolemy/domains/modal/test/auto/CausalityInterface2.xml
----------------- Instantiating /home/travis/build/icyphy/ptII/ptolemy/domains/modal/test/auto/CausalityInterface2.xml
2 ms. Memory: 198656K Free: 151837K (76%)
----------------- Invoking toplevel() on ptolemy.moml.MoMLSimpleApplication@38bec85
----------------- Done invoking toplevel() on ptolemy.moml.MoMLSimpleApplication@38bec85
reloadAllAccessors: .CausalityInterface2

===========================================================================================
----------------- testing Wed May 11 19:56:36 UTC 2022 /home/travis/build/icyphy/ptII/ptolemy/domains/modal/test/auto/CausalityInterface3.xml
----------------- Instantiating /home/travis/build/icyphy/ptII/ptolemy/domains/modal/test/auto/CausalityInterface3.xml
6 ms. Memory: 198656K Free: 145213K (73%)
----------------- Invoking toplevel() on ptolemy.moml.MoMLSimpleApplication@6d30172f
----------------- Done invoking toplevel() on ptolemy.moml.MoMLSimpleApplication@6d30172f
reloadAllAccessors: .CausalityInterface3

===========================================================================================
----------------- testing Wed May 11 19:56:36 UTC 2022 /home/travis/build/icyphy/ptII/ptolemy/domains/modal/test/auto/CausalityInterface4.xml
----------------- Instantiating /home/travis/build/icyphy/ptII/ptolemy/domains/modal/test/auto/CausalityInterface4.xml
2 ms. Memory: 198656K Free: 138525K (70%)
----------------- Invoking toplevel() on ptolemy.moml.MoMLSimpleApplication@342631f7
----------------- Done invoking toplevel() on ptolemy.moml.MoMLSimpleApplication@342631f7
reloadAllAccessors: .CausalityInterface4

===========================================================================================
----------------- testing Wed May 11 19:56:36 UTC 2022 /home/travis/build/icyphy/ptII/ptolemy/domains/modal/test/auto/CausalityInterface5.xml
----------------- Instantiating /home/travis/build/icyphy/ptII/ptolemy/domains/modal/test/auto/CausalityInterface5.xml
6 ms. Memory: 198656K Free: 130349K (66%)
----------------- Invoking toplevel() on ptolemy.moml.MoMLSimpleApplication@146eaf40
----------------- Done invoking toplevel() on ptolemy.moml.MoMLSimpleApplication@146eaf40
reloadAllAccessors: .CausalityInterface5

===========================================================================================
----------------- testing Wed May 11 19:56:37 UTC 2022 /home/travis/build/icyphy/ptII/ptolemy/domains/modal/test/auto/CausalityInterface6.xml
----------------- Instantiating /home/travis/build/icyphy/ptII/ptolemy/domains/modal/test/auto/CausalityInterface6.xml
4 ms. Memory: 198656K Free: 122141K (61%)
----------------- Invoking toplevel() on ptolemy.moml.MoMLSimpleApplication@1c4f44d9
----------------- Done invoking toplevel() on ptolemy.moml.MoMLSimpleApplication@1c4f44d9
reloadAllAccessors: .CausalityInterface6

===========================================================================================
----------------- testing Wed May 11 19:56:37 UTC 2022 /home/travis/build/icyphy/ptII/ptolemy/domains/modal/test/auto/CausalityInterface7.xml
----------------- Instantiating /home/travis/build/icyphy/ptII/ptolemy/domains/modal/test/auto/CausalityInterface7.xml
5 ms. Memory: 198656K Free: 113469K (57%)
----------------- Invoking toplevel() on ptolemy.moml.MoMLSimpleApplication@2aac614
----------------- Done invoking toplevel() on ptolemy.moml.MoMLSimpleApplication@2aac614
reloadAllAccessors: .CausalityInterface7

===========================================================================================
----------------- testing Wed May 11 19:56:37 UTC 2022 /home/travis/build/icyphy/ptII/ptolemy/domains/modal/test/auto/CausalityInterface8.xml
----------------- Instantiating /home/travis/build/icyphy/ptII/ptolemy/domains/modal/test/auto/CausalityInterface8.xml
5 ms. Memory: 198656K Free: 104757K (53%)
----------------- Invoking toplevel() on ptolemy.moml.MoMLSimpleApplication@72a0e66a
----------------- Done invoking toplevel() on ptolemy.moml.MoMLSimpleApplication@72a0e66a
reloadAllAccessors: .CausalityInterface8

===========================================================================================
----------------- testing Wed May 11 19:56:37 UTC 2022 /home/travis/build/icyphy/ptII/ptolemy/domains/modal/test/auto/CausalityInterface9.xml
----------------- Instantiating /home/travis/build/icyphy/ptII/ptolemy/domains/modal/test/auto/CausalityInterface9.xml
4 ms. Memory: 198656K Free: 95547K (48%)
----------------- Invoking toplevel() on ptolemy.moml.MoMLSimpleApplication@4816f872
----------------- Done invoking toplevel() on ptolemy.moml.MoMLSimpleApplication@4816f872
reloadAllAccessors: .CausalityInterface9

===========================================================================================
----------------- testing Wed May 11 19:56:37 UTC 2022 /home/travis/build/icyphy/ptII/ptolemy/domains/modal/test/auto/ChainedTransitions.xml
----------------- Instantiating /home/travis/build/icyphy/ptII/ptolemy/domains/modal/test/auto/ChainedTransitions.xml
93 ms. Memory: 198656K Free: 70461K (35%)
----------------- Invoking toplevel() on ptolemy.moml.MoMLSimpleApplication@2a635cb7
----------------- Done invoking toplevel() on ptolemy.moml.MoMLSimpleApplication@2a635cb7
reloadAllAccessors: .ChainedTransitions

===========================================================================================
----------------- testing Wed May 11 19:56:37 UTC 2022 /home/travis/build/icyphy/ptII/ptolemy/domains/modal/test/auto/CycleOfImmediateTransitionsFSM.xml
----------------- Instantiating /home/travis/build/icyphy/ptII/ptolemy/domains/modal/test/auto/CycleOfImmediateTransitionsFSM.xml
3 ms. Memory: 198656K Free: 177467K (89%)
----------------- Invoking toplevel() on ptolemy.moml.MoMLSimpleApplication@270c49e2
----------------- Done invoking toplevel() on ptolemy.moml.MoMLSimpleApplication@270c49e2
reloadAllAccessors: .CycleOfImmediateTransitionsFSM

===========================================================================================
----------------- testing Wed May 11 19:56:37 UTC 2022 /home/travis/build/icyphy/ptII/ptolemy/domains/modal/test/auto/CycleOfImmediateTransitionsModal.xml
----------------- Instantiating /home/travis/build/icyphy/ptII/ptolemy/domains/modal/test/auto/CycleOfImmediateTransitionsModal.xml
2 ms. Memory: 198656K Free: 171323K (86%)
----------------- Invoking toplevel() on ptolemy.moml.MoMLSimpleApplication@77c2ab36
----------------- Done invoking toplevel() on ptolemy.moml.MoMLSimpleApplication@77c2ab36
reloadAllAccessors: .CycleOfImmediateTransitionsModal

===========================================================================================
----------------- testing Wed May 11 19:56:37 UTC 2022 /home/travis/build/icyphy/ptII/ptolemy/domains/modal/test/auto/CycleOfImmediateTransitionsModal2.xml
----------------- Instantiating /home/travis/build/icyphy/ptII/ptolemy/domains/modal/test/auto/CycleOfImmediateTransitionsModal2.xml
7 ms. Memory: 198656K Free: 164669K (83%)
----------------- Invoking toplevel() on ptolemy.moml.MoMLSimpleApplication@78118f0f
----------------- Done invoking toplevel() on ptolemy.moml.MoMLSimpleApplication@78118f0f
reloadAllAccessors: .CycleOfImmediateTransitionsModal2

===========================================================================================
----------------- testing Wed May 11 19:56:37 UTC 2022 /home/travis/build/icyphy/ptII/ptolemy/domains/modal/test/auto/CycleOfImmediateTransitionsModal3.xml
----------------- Instantiating /home/travis/build/icyphy/ptII/ptolemy/domains/modal/test/auto/CycleOfImmediateTransitionsModal3.xml
10 ms. Memory: 198656K Free: 142141K (72%)
----------------- Invoking toplevel() on ptolemy.moml.MoMLSimpleApplication@6c3f3c12
----------------- Done invoking toplevel() on ptolemy.moml.MoMLSimpleApplication@6c3f3c12
reloadAllAccessors: .CycleOfImmediateTransitionsModal3

===========================================================================================
----------------- testing Wed May 11 19:56:37 UTC 2022 /home/travis/build/icyphy/ptII/ptolemy/domains/modal/test/auto/DeepModal1.xml
----------------- Instantiating /home/travis/build/icyphy/ptII/ptolemy/domains/modal/test/auto/DeepModal1.xml
26 ms. Memory: 198656K Free: 128285K (65%)
----------------- Invoking toplevel() on ptolemy.moml.MoMLSimpleApplication@6d9af6d8
----------------- Done invoking toplevel() on ptolemy.moml.MoMLSimpleApplication@6d9af6d8
reloadAllAccessors: .DeepModal1

===========================================================================================
----------------- testing Wed May 11 19:56:37 UTC 2022 /home/travis/build/icyphy/ptII/ptolemy/domains/modal/test/auto/DeepModal2.xml
----------------- Instantiating /home/travis/build/icyphy/ptII/ptolemy/domains/modal/test/auto/DeepModal2.xml
21 ms. Memory: 198656K Free: 109373K (55%)
----------------- Invoking toplevel() on ptolemy.moml.MoMLSimpleApplication@588b02c7
----------------- Done invoking toplevel() on ptolemy.moml.MoMLSimpleApplication@588b02c7
reloadAllAccessors: .DeepModal2

===========================================================================================
----------------- testing Wed May 11 19:56:37 UTC 2022 /home/travis/build/icyphy/ptII/ptolemy/domains/modal/test/auto/DeepModal3.xml
----------------- Instantiating /home/travis/build/icyphy/ptII/ptolemy/domains/modal/test/auto/DeepModal3.xml
29 ms. Memory: 198656K Free: 89917K (45%)
----------------- Invoking toplevel() on ptolemy.moml.MoMLSimpleApplication@177aa46a
----------------- Done invoking toplevel() on ptolemy.moml.MoMLSimpleApplication@177aa46a
reloadAllAccessors: .DeepModal3

===========================================================================================
----------------- testing Wed May 11 19:56:37 UTC 2022 /home/travis/build/icyphy/ptII/ptolemy/domains/modal/test/auto/DeepModal4.xml
----------------- Instantiating /home/travis/build/icyphy/ptII/ptolemy/domains/modal/test/auto/DeepModal4.xml
24 ms. Memory: 198656K Free: 70461K (35%)
----------------- Invoking toplevel() on ptolemy.moml.MoMLSimpleApplication@458abc1d
----------------- Done invoking toplevel() on ptolemy.moml.MoMLSimpleApplication@458abc1d
reloadAllAccessors: .DeepModal4

===========================================================================================
----------------- testing Wed May 11 19:56:37 UTC 2022 /home/travis/build/icyphy/ptII/ptolemy/domains/modal/test/auto/Default1.xml
----------------- Instantiating /home/travis/build/icyphy/ptII/ptolemy/domains/modal/test/auto/Default1.xml
2 ms. Memory: 198656K Free: 177137K (89%)
----------------- Invoking toplevel() on ptolemy.moml.MoMLSimpleApplication@6571dedf
----------------- Done invoking toplevel() on ptolemy.moml.MoMLSimpleApplication@6571dedf
reloadAllAccessors: .Default1

===========================================================================================
----------------- testing Wed May 11 19:56:37 UTC 2022 /home/travis/build/icyphy/ptII/ptolemy/domains/modal/test/auto/Default2.xml
----------------- Instantiating /home/travis/build/icyphy/ptII/ptolemy/domains/modal/test/auto/Default2.xml
7 ms. Memory: 198656K Free: 171323K (86%)
----------------- Invoking toplevel() on ptolemy.moml.MoMLSimpleApplication@5fac6fb
----------------- Done invoking toplevel() on ptolemy.moml.MoMLSimpleApplication@5fac6fb
reloadAllAccessors: .Default2

===========================================================================================
----------------- testing Wed May 11 19:56:37 UTC 2022 /home/travis/build/icyphy/ptII/ptolemy/domains/modal/test/auto/Default3.xml
----------------- Instantiating /home/travis/build/icyphy/ptII/ptolemy/domains/modal/test/auto/Default3.xml
4 ms. Memory: 198656K Free: 165179K (83%)
----------------- Invoking toplevel() on ptolemy.moml.MoMLSimpleApplication@27d9b7f8
----------------- Done invoking toplevel() on ptolemy.moml.MoMLSimpleApplication@27d9b7f8
reloadAllAccessors: .Default3

===========================================================================================
----------------- testing Wed May 11 19:56:37 UTC 2022 /home/travis/build/icyphy/ptII/ptolemy/domains/modal/test/auto/Default4.xml
----------------- Instantiating /home/travis/build/icyphy/ptII/ptolemy/domains/modal/test/auto/Default4.xml
4 ms. Memory: 198656K Free: 159035K (80%)
----------------- Invoking toplevel() on ptolemy.moml.MoMLSimpleApplication@58717c14
----------------- Done invoking toplevel() on ptolemy.moml.MoMLSimpleApplication@58717c14
reloadAllAccessors: .Default4

===========================================================================================
----------------- testing Wed May 11 19:56:37 UTC 2022 /home/travis/build/icyphy/ptII/ptolemy/domains/modal/test/auto/Default5.xml
----------------- Instantiating /home/travis/build/icyphy/ptII/ptolemy/domains/modal/test/auto/Default5.xml
6 ms. Memory: 198656K Free: 150829K (76%)
----------------- Invoking toplevel() on ptolemy.moml.MoMLSimpleApplication@16aa3f8
----------------- Done invoking toplevel() on ptolemy.moml.MoMLSimpleApplication@16aa3f8
reloadAllAccessors: .Default5

===========================================================================================
----------------- testing Wed May 11 19:56:37 UTC 2022 /home/travis/build/icyphy/ptII/ptolemy/domains/modal/test/auto/EmptyGuard.xml
----------------- Instantiating /home/travis/build/icyphy/ptII/ptolemy/domains/modal/test/auto/EmptyGuard.xml
4 ms. Memory: 198656K Free: 142645K (72%)
----------------- Invoking toplevel() on ptolemy.moml.MoMLSimpleApplication@302baf72
----------------- Done invoking toplevel() on ptolemy.moml.MoMLSimpleApplication@302baf72
reloadAllAccessors: .EmptyGuard

===========================================================================================
----------------- testing Wed May 11 19:56:37 UTC 2022 /home/travis/build/icyphy/ptII/ptolemy/domains/modal/test/auto/ErrorTransition1.xml
----------------- Instantiating /home/travis/build/icyphy/ptII/ptolemy/domains/modal/test/auto/ErrorTransition1.xml
8 ms. Memory: 198656K Free: 133947K (67%)
----------------- Invoking toplevel() on ptolemy.moml.MoMLSimpleApplication@6e6127ab
----------------- Done invoking toplevel() on ptolemy.moml.MoMLSimpleApplication@6e6127ab
reloadAllAccessors: .ErrorTransition1

===========================================================================================
----------------- testing Wed May 11 19:56:37 UTC 2022 /home/travis/build/icyphy/ptII/ptolemy/domains/modal/test/auto/ErrorTransition10.xml
----------------- Instantiating /home/travis/build/icyphy/ptII/ptolemy/domains/modal/test/auto/ErrorTransition10.xml
12 ms. Memory: 198656K Free: 120637K (61%)
----------------- Invoking toplevel() on ptolemy.moml.MoMLSimpleApplication@7e2c7c75
----------------- Done invoking toplevel() on ptolemy.moml.MoMLSimpleApplication@7e2c7c75
reloadAllAccessors: .ErrorTransition10

===========================================================================================
----------------- testing Wed May 11 19:56:37 UTC 2022 /home/travis/build/icyphy/ptII/ptolemy/domains/modal/test/auto/ErrorTransition11.xml
----------------- Instantiating /home/travis/build/icyphy/ptII/ptolemy/domains/modal/test/auto/ErrorTransition11.xml
4 ms. Memory: 198656K Free: 108859K (55%)
----------------- Invoking toplevel() on ptolemy.moml.MoMLSimpleApplication@431ab0e1
----------------- Done invoking toplevel() on ptolemy.moml.MoMLSimpleApplication@431ab0e1
reloadAllAccessors: .ErrorTransition11

===========================================================================================
----------------- testing Wed May 11 19:56:37 UTC 2022 /home/travis/build/icyphy/ptII/ptolemy/domains/modal/test/auto/ErrorTransition2.xml
----------------- Instantiating /home/travis/build/icyphy/ptII/ptolemy/domains/modal/test/auto/ErrorTransition2.xml
9 ms. Memory: 198656K Free: 99643K (50%)
----------------- Invoking toplevel() on ptolemy.moml.MoMLSimpleApplication@58362609
----------------- Done invoking toplevel() on ptolemy.moml.MoMLSimpleApplication@58362609
reloadAllAccessors: .ErrorTransition2

===========================================================================================
----------------- testing Wed May 11 19:56:37 UTC 2022 /home/travis/build/icyphy/ptII/ptolemy/domains/modal/test/auto/ErrorTransition3.xml
----------------- Instantiating /home/travis/build/icyphy/ptII/ptolemy/domains/modal/test/auto/ErrorTransition3.xml
20 ms. Memory: 198656K Free: 89917K (45%)
----------------- Invoking toplevel() on ptolemy.moml.MoMLSimpleApplication@388f8562
----------------- Done invoking toplevel() on ptolemy.moml.MoMLSimpleApplication@388f8562
reloadAllAccessors: .ErrorTransition3

===========================================================================================
----------------- testing Wed May 11 19:56:38 UTC 2022 /home/travis/build/icyphy/ptII/ptolemy/domains/modal/test/auto/ErrorTransition4.xml
----------------- Instantiating /home/travis/build/icyphy/ptII/ptolemy/domains/modal/test/auto/ErrorTransition4.xml
14 ms. Memory: 198656K Free: 78653K (40%)
----------------- Invoking toplevel() on ptolemy.moml.MoMLSimpleApplication@457a7e0c
----------------- Done invoking toplevel() on ptolemy.moml.MoMLSimpleApplication@457a7e0c
reloadAllAccessors: .ErrorTransition4

===========================================================================================
----------------- testing Wed May 11 19:56:38 UTC 2022 /home/travis/build/icyphy/ptII/ptolemy/domains/modal/test/auto/ErrorTransition5.xml
----------------- Instantiating /home/travis/build/icyphy/ptII/ptolemy/domains/modal/test/auto/ErrorTransition5.xml
8 ms. Memory: 198656K Free: 68413K (34%)
----------------- Invoking toplevel() on ptolemy.moml.MoMLSimpleApplication@37b08aea
----------------- Done invoking toplevel() on ptolemy.moml.MoMLSimpleApplication@37b08aea
reloadAllAccessors: .ErrorTransition5

===========================================================================================
----------------- testing Wed May 11 19:56:38 UTC 2022 /home/travis/build/icyphy/ptII/ptolemy/domains/modal/test/auto/ErrorTransition6.xml
----------------- Instantiating /home/travis/build/icyphy/ptII/ptolemy/domains/modal/test/auto/ErrorTransition6.xml
10 ms. Memory: 198656K Free: 170299K (86%)
----------------- Invoking toplevel() on ptolemy.moml.MoMLSimpleApplication@7ced4fd
----------------- Done invoking toplevel() on ptolemy.moml.MoMLSimpleApplication@7ced4fd
reloadAllAccessors: .ErrorTransition6

===========================================================================================
----------------- testing Wed May 11 19:56:38 UTC 2022 /home/travis/build/icyphy/ptII/ptolemy/domains/modal/test/auto/ErrorTransition7.xml
----------------- Instantiating /home/travis/build/icyphy/ptII/ptolemy/domains/modal/test/auto/ErrorTransition7.xml
13 ms. Memory: 198656K Free: 157501K (79%)
----------------- Invoking toplevel() on ptolemy.moml.MoMLSimpleApplication@63e651eb
----------------- Done invoking toplevel() on ptolemy.moml.MoMLSimpleApplication@63e651eb
reloadAllAccessors: .ErrorTransition7

===========================================================================================
----------------- testing Wed May 11 19:56:38 UTC 2022 /home/travis/build/icyphy/ptII/ptolemy/domains/modal/test/auto/ErrorTransition8.xml
----------------- Instantiating /home/travis/build/icyphy/ptII/ptolemy/domains/modal/test/auto/ErrorTransition8.xml
26 ms. Memory: 198656K Free: 144189K (73%)
----------------- Invoking toplevel() on ptolemy.moml.MoMLSimpleApplication@5eeb0d17
----------------- Done invoking toplevel() on ptolemy.moml.MoMLSimpleApplication@5eeb0d17
reloadAllAccessors: .ErrorTransition8

===========================================================================================
----------------- testing Wed May 11 19:56:38 UTC 2022 /home/travis/build/icyphy/ptII/ptolemy/domains/modal/test/auto/ErrorTransition9.xml
----------------- Instantiating /home/travis/build/icyphy/ptII/ptolemy/domains/modal/test/auto/ErrorTransition9.xml
17 ms. Memory: 198656K Free: 130349K (66%)
----------------- Invoking toplevel() on ptolemy.moml.MoMLSimpleApplication@6330c077
----------------- Done invoking toplevel() on ptolemy.moml.MoMLSimpleApplication@6330c077
reloadAllAccessors: .ErrorTransition9

===========================================================================================
----------------- testing Wed May 11 19:56:38 UTC 2022 /home/travis/build/icyphy/ptII/ptolemy/domains/modal/test/auto/ExtendedFSM.xml
----------------- Instantiating /home/travis/build/icyphy/ptII/ptolemy/domains/modal/test/auto/ExtendedFSM.xml
5 ms. Memory: 198656K Free: 121661K (61%)
----------------- Invoking toplevel() on ptolemy.moml.MoMLSimpleApplication@4d745577
----------------- Done invoking toplevel() on ptolemy.moml.MoMLSimpleApplication@4d745577
reloadAllAccessors: .ExtendedFSM

===========================================================================================
----------------- testing Wed May 11 19:56:38 UTC 2022 /home/travis/build/icyphy/ptII/ptolemy/domains/modal/test/auto/FinalStates.xml
----------------- Instantiating /home/travis/build/icyphy/ptII/ptolemy/domains/modal/test/auto/FinalStates.xml
8 ms. Memory: 198656K Free: 113469K (57%)
----------------- Invoking toplevel() on ptolemy.moml.MoMLSimpleApplication@442ed627
----------------- Done invoking toplevel() on ptolemy.moml.MoMLSimpleApplication@442ed627
reloadAllAccessors: .FinalStates

===========================================================================================
----------------- testing Wed May 11 19:56:38 UTC 2022 /home/travis/build/icyphy/ptII/ptolemy/domains/modal/test/auto/FixedPointFSM.xml
----------------- Instantiating /home/travis/build/icyphy/ptII/ptolemy/domains/modal/test/auto/FixedPointFSM.xml
19 ms. Memory: 198656K Free: 98613K (50%)
----------------- Invoking toplevel() on ptolemy.moml.MoMLSimpleApplication@5beda00c
----------------- Done invoking toplevel() on ptolemy.moml.MoMLSimpleApplication@5beda00c
reloadAllAccessors: .FixedPointFSM

===========================================================================================
----------------- testing Wed May 11 19:56:38 UTC 2022 /home/travis/build/icyphy/ptII/ptolemy/domains/modal/test/auto/FixedPointIterationFSMActor.xml
----------------- Instantiating /home/travis/build/icyphy/ptII/ptolemy/domains/modal/test/auto/FixedPointIterationFSMActor.xml
6 ms. Memory: 198656K Free: 87869K (44%)
----------------- Invoking toplevel() on ptolemy.moml.MoMLSimpleApplication@11b408c8
----------------- Done invoking toplevel() on ptolemy.moml.MoMLSimpleApplication@11b408c8
reloadAllAccessors: .FixedPointIterationFSMActor

===========================================================================================
----------------- testing Wed May 11 19:56:38 UTC 2022 /home/travis/build/icyphy/ptII/ptolemy/domains/modal/test/auto/FixedPointIterationFSMActor2.xml
----------------- Instantiating /home/travis/build/icyphy/ptII/ptolemy/domains/modal/test/auto/FixedPointIterationFSMActor2.xml
11 ms. Memory: 198656K Free: 75581K (38%)
----------------- Invoking toplevel() on ptolemy.moml.MoMLSimpleApplication@21b87d6a
----------------- Done invoking toplevel() on ptolemy.moml.MoMLSimpleApplication@21b87d6a
reloadAllAccessors: .FixedPointIterationFSMActor2

===========================================================================================
----------------- testing Wed May 11 19:56:38 UTC 2022 /home/travis/build/icyphy/ptII/ptolemy/domains/modal/test/auto/ForbiddenInstantanousLoop.xml
----------------- Instantiating /home/travis/build/icyphy/ptII/ptolemy/domains/modal/test/auto/ForbiddenInstantanousLoop.xml
6 ms. Memory: 238592K Free: 215357K (90%)
----------------- Invoking toplevel() on ptolemy.moml.MoMLSimpleApplication@33708bd8
----------------- Done invoking toplevel() on ptolemy.moml.MoMLSimpleApplication@33708bd8
reloadAllAccessors: .ForbiddenInstantanousLoop

===========================================================================================
----------------- testing Wed May 11 19:56:38 UTC 2022 /home/travis/build/icyphy/ptII/ptolemy/domains/modal/test/auto/FunctionDependencyOfFSMActorTest.xml
----------------- Instantiating /home/travis/build/icyphy/ptII/ptolemy/domains/modal/test/auto/FunctionDependencyOfFSMActorTest.xml
13 ms. Memory: 238592K Free: 208189K (87%)
----------------- Invoking toplevel() on ptolemy.moml.MoMLSimpleApplication@34e46665
----------------- Done invoking toplevel() on ptolemy.moml.MoMLSimpleApplication@34e46665
reloadAllAccessors: .FunctionDependencyOfFSMActorTest

===========================================================================================
----------------- testing Wed May 11 19:56:38 UTC 2022 /home/travis/build/icyphy/ptII/ptolemy/domains/modal/test/auto/GuardExpression.xml
----------------- Instantiating /home/travis/build/icyphy/ptII/ptolemy/domains/modal/test/auto/GuardExpression.xml
2 ms. Memory: 238592K Free: 203069K (85%)
----------------- Invoking toplevel() on ptolemy.moml.MoMLSimpleApplication@6472a45
----------------- Done invoking toplevel() on ptolemy.moml.MoMLSimpleApplication@6472a45
reloadAllAccessors: .GuardExpression

===========================================================================================
----------------- testing Wed May 11 19:56:38 UTC 2022 /home/travis/build/icyphy/ptII/ptolemy/domains/modal/test/auto/GuardNotEvaluated.xml
----------------- Instantiating /home/travis/build/icyphy/ptII/ptolemy/domains/modal/test/auto/GuardNotEvaluated.xml
7 ms. Memory: 238592K Free: 194349K (81%)
----------------- Invoking toplevel() on ptolemy.moml.MoMLSimpleApplication@5230b13e
----------------- Done invoking toplevel() on ptolemy.moml.MoMLSimpleApplication@5230b13e
reloadAllAccessors: .GuardNotEvaluated

===========================================================================================
----------------- testing Wed May 11 19:56:38 UTC 2022 /home/travis/build/icyphy/ptII/ptolemy/domains/modal/test/auto/GuardNotEvaluated2.xml
----------------- Instantiating /home/travis/build/icyphy/ptII/ptolemy/domains/modal/test/auto/GuardNotEvaluated2.xml
11 ms. Memory: 238592K Free: 184637K (77%)
----------------- Invoking toplevel() on ptolemy.moml.MoMLSimpleApplication@6acb8b67
----------------- Done invoking toplevel() on ptolemy.moml.MoMLSimpleApplication@6acb8b67
reloadAllAccessors: .GuardNotEvaluated2

===========================================================================================
----------------- testing Wed May 11 19:56:38 UTC 2022 /home/travis/build/icyphy/ptII/ptolemy/domains/modal/test/auto/GuardOnAbsent.xml
----------------- Instantiating /home/travis/build/icyphy/ptII/ptolemy/domains/modal/test/auto/GuardOnAbsent.xml
7 ms. Memory: 238592K Free: 176925K (74%)
----------------- Invoking toplevel() on ptolemy.moml.MoMLSimpleApplication@43a899c4
----------------- Done invoking toplevel() on ptolemy.moml.MoMLSimpleApplication@43a899c4
reloadAllAccessors: .GuardOnAbsent

===========================================================================================
----------------- testing Wed May 11 19:56:38 UTC 2022 /home/travis/build/icyphy/ptII/ptolemy/domains/modal/test/auto/HierarchicalFSMTypeInference.xml
----------------- Instantiating /home/travis/build/icyphy/ptII/ptolemy/domains/modal/test/auto/HierarchicalFSMTypeInference.xml
4 ms. Memory: 238592K Free: 166715K (70%)
----------------- Invoking toplevel() on ptolemy.moml.MoMLSimpleApplication@4511ec52
----------------- Done invoking toplevel() on ptolemy.moml.MoMLSimpleApplication@4511ec52
reloadAllAccessors: .HierarchicalFSMTypeInference

===========================================================================================
----------------- testing Wed May 11 19:56:38 UTC 2022 /home/travis/build/icyphy/ptII/ptolemy/domains/modal/test/auto/Hysteresis.xml
----------------- Instantiating /home/travis/build/icyphy/ptII/ptolemy/domains/modal/test/auto/Hysteresis.xml
11 ms. Memory: 238592K Free: 153389K (64%)
----------------- Invoking toplevel() on ptolemy.moml.MoMLSimpleApplication@7d85c5d2
----------------- Done invoking toplevel() on ptolemy.moml.MoMLSimpleApplication@7d85c5d2
reloadAllAccessors: .Hysteresis

===========================================================================================
----------------- testing Wed May 11 19:56:38 UTC 2022 /home/travis/build/icyphy/ptII/ptolemy/domains/modal/test/auto/HysteresisWithDefault.xml
----------------- Instantiating /home/travis/build/icyphy/ptII/ptolemy/domains/modal/test/auto/HysteresisWithDefault.xml
37 ms. Memory: 238592K Free: 130365K (55%)
----------------- Invoking toplevel() on ptolemy.moml.MoMLSimpleApplication@1a526f4b
----------------- Done invoking toplevel() on ptolemy.moml.MoMLSimpleApplication@1a526f4b
reloadAllAccessors: .HysteresisWithDefault

===========================================================================================
----------------- testing Wed May 11 19:56:38 UTC 2022 /home/travis/build/icyphy/ptII/ptolemy/domains/modal/test/auto/HysteresisWithDefault2.xml
----------------- Instantiating /home/travis/build/icyphy/ptII/ptolemy/domains/modal/test/auto/HysteresisWithDefault2.xml
41 ms. Memory: 238592K Free: 101179K (42%)
----------------- Invoking toplevel() on ptolemy.moml.MoMLSimpleApplication@72a30440
----------------- Done invoking toplevel() on ptolemy.moml.MoMLSimpleApplication@72a30440
reloadAllAccessors: .HysteresisWithDefault2

===========================================================================================
----------------- testing Wed May 11 19:56:38 UTC 2022 /home/travis/build/icyphy/ptII/ptolemy/domains/modal/test/auto/ImmediateNonConstructiveness.xml
----------------- Instantiating /home/travis/build/icyphy/ptII/ptolemy/domains/modal/test/auto/ImmediateNonConstructiveness.xml
2 ms. Memory: 238592K Free: 93981K (39%)
----------------- Invoking toplevel() on ptolemy.moml.MoMLSimpleApplication@2f48b8dc
----------------- Done invoking toplevel() on ptolemy.moml.MoMLSimpleApplication@2f48b8dc
reloadAllAccessors: .ImmediateNonConstructiveness

===========================================================================================
----------------- testing Wed May 11 19:56:38 UTC 2022 /home/travis/build/icyphy/ptII/ptolemy/domains/modal/test/auto/ImmediateNonConstructiveness2.xml
----------------- Instantiating /home/travis/build/icyphy/ptII/ptolemy/domains/modal/test/auto/ImmediateNonConstructiveness2.xml
2 ms. Memory: 238592K Free: 87357K (37%)
----------------- Invoking toplevel() on ptolemy.moml.MoMLSimpleApplication@348f0f54
----------------- Done invoking toplevel() on ptolemy.moml.MoMLSimpleApplication@348f0f54
reloadAllAccessors: .ImmediateNonConstructiveness2

===========================================================================================
----------------- testing Wed May 11 19:56:38 UTC 2022 /home/travis/build/icyphy/ptII/ptolemy/domains/modal/test/auto/ImmediateTransitionReset.xml
----------------- Instantiating /home/travis/build/icyphy/ptII/ptolemy/domains/modal/test/auto/ImmediateTransitionReset.xml
6 ms. Memory: 238592K Free: 210747K (88%)
----------------- Invoking toplevel() on ptolemy.moml.MoMLSimpleApplication@3ac3d72b
----------------- Done invoking toplevel() on ptolemy.moml.MoMLSimpleApplication@3ac3d72b
reloadAllAccessors: .ImmediateTransitionReset

===========================================================================================
----------------- testing Wed May 11 19:56:38 UTC 2022 /home/travis/build/icyphy/ptII/ptolemy/domains/modal/test/auto/ImmediateTransitions1.xml
----------------- Instantiating /home/travis/build/icyphy/ptII/ptolemy/domains/modal/test/auto/ImmediateTransitions1.xml
1 ms. Memory: 238592K Free: 205627K (86%)
----------------- Invoking toplevel() on ptolemy.moml.MoMLSimpleApplication@96e66e7
----------------- Done invoking toplevel() on ptolemy.moml.MoMLSimpleApplication@96e66e7
reloadAllAccessors: .ImmediateTransitions1

===========================================================================================
----------------- testing Wed May 11 19:56:38 UTC 2022 /home/travis/build/icyphy/ptII/ptolemy/domains/modal/test/auto/ImmediateTransitionsInstantaneousCommunication.xml
----------------- Instantiating /home/travis/build/icyphy/ptII/ptolemy/domains/modal/test/auto/ImmediateTransitionsInstantaneousCommunication.xml
4 ms. Memory: 238592K Free: 193325K (81%)
----------------- Invoking toplevel() on ptolemy.moml.MoMLSimpleApplication@735e4c47
----------------- Done invoking toplevel() on ptolemy.moml.MoMLSimpleApplication@735e4c47
reloadAllAccessors: .ImmediateTransitionsInstantaneousCommunication

===========================================================================================
----------------- testing Wed May 11 19:56:38 UTC 2022 /home/travis/build/icyphy/ptII/ptolemy/domains/modal/test/auto/InitialImmediateTransition.xml
----------------- Instantiating /home/travis/build/icyphy/ptII/ptolemy/domains/modal/test/auto/InitialImmediateTransition.xml
3 ms. Memory: 238592K Free: 186165K (78%)
----------------- Invoking toplevel() on ptolemy.moml.MoMLSimpleApplication@5f237757
----------------- Done invoking toplevel() on ptolemy.moml.MoMLSimpleApplication@5f237757
reloadAllAccessors: .InitialImmediateTransition

===========================================================================================
----------------- testing Wed May 11 19:56:38 UTC 2022 /home/travis/build/icyphy/ptII/ptolemy/domains/modal/test/auto/InitialOutputs.xml
----------------- Instantiating /home/travis/build/icyphy/ptII/ptolemy/domains/modal/test/auto/InitialOutputs.xml
3 ms. Memory: 238592K Free: 180027K (75%)
----------------- Invoking toplevel() on ptolemy.moml.MoMLSimpleApplication@408bb513
----------------- Done invoking toplevel() on ptolemy.moml.MoMLSimpleApplication@408bb513
reloadAllAccessors: .InitialOutputs

===========================================================================================
----------------- testing Wed May 11 19:56:39 UTC 2022 /home/travis/build/icyphy/ptII/ptolemy/domains/modal/test/auto/InitialStateTransition1.xml
----------------- Instantiating /home/travis/build/icyphy/ptII/ptolemy/domains/modal/test/auto/InitialStateTransition1.xml
2 ms. Memory: 238592K Free: 172859K (72%)
----------------- Invoking toplevel() on ptolemy.moml.MoMLSimpleApplication@11962a09
----------------- Done invoking toplevel() on ptolemy.moml.MoMLSimpleApplication@11962a09
reloadAllAccessors: .InitialStateTransition1

===========================================================================================
----------------- testing Wed May 11 19:56:39 UTC 2022 /home/travis/build/icyphy/ptII/ptolemy/domains/modal/test/auto/InitialStateTransition2.xml
----------------- Instantiating /home/travis/build/icyphy/ptII/ptolemy/domains/modal/test/auto/InitialStateTransition2.xml
.InitialStateTransition2.TestExceptionAttributeNonConstructive: initialize() was not invoked, but wrapup() was.  This is unusual, but not always a problem.  For example, exporting JNLP will do this.
3 ms. Memory: 238592K Free: 165181K (69%)
----------------- Invoking toplevel() on ptolemy.moml.MoMLSimpleApplication@595f3ba2
----------------- Done invoking toplevel() on ptolemy.moml.MoMLSimpleApplication@595f3ba2
reloadAllAccessors: .InitialStateTransition2

===========================================================================================
----------------- testing Wed May 11 19:56:39 UTC 2022 /home/travis/build/icyphy/ptII/ptolemy/domains/modal/test/auto/InitialStateTransition3.xml
----------------- Instantiating /home/travis/build/icyphy/ptII/ptolemy/domains/modal/test/auto/InitialStateTransition3.xml
4 ms. Memory: 238592K Free: 156987K (66%)
----------------- Invoking toplevel() on ptolemy.moml.MoMLSimpleApplication@7f4a0a28
----------------- Done invoking toplevel() on ptolemy.moml.MoMLSimpleApplication@7f4a0a28
reloadAllAccessors: .InitialStateTransition3

===========================================================================================
----------------- testing Wed May 11 19:56:39 UTC 2022 /home/travis/build/icyphy/ptII/ptolemy/domains/modal/test/auto/InitialStateTransition4.xml
----------------- Instantiating /home/travis/build/icyphy/ptII/ptolemy/domains/modal/test/auto/InitialStateTransition4.xml
3 ms. Memory: 238592K Free: 147259K (62%)
----------------- Invoking toplevel() on ptolemy.moml.MoMLSimpleApplication@35960366
----------------- Done invoking toplevel() on ptolemy.moml.MoMLSimpleApplication@35960366
reloadAllAccessors: .InitialStateTransition4

===========================================================================================
----------------- testing Wed May 11 19:56:39 UTC 2022 /home/travis/build/icyphy/ptII/ptolemy/domains/modal/test/auto/MalformedGuardExpressionNotCaught.xml
----------------- Instantiating /home/travis/build/icyphy/ptII/ptolemy/domains/modal/test/auto/MalformedGuardExpressionNotCaught.xml
8 ms. Memory: 238592K Free: 140085K (59%)
----------------- Invoking toplevel() on ptolemy.moml.MoMLSimpleApplication@753ded78
----------------- Done invoking toplevel() on ptolemy.moml.MoMLSimpleApplication@753ded78
reloadAllAccessors: .MalformedGuardExpressionNotCaught

===========================================================================================
----------------- testing Wed May 11 19:56:39 UTC 2022 /home/travis/build/icyphy/ptII/ptolemy/domains/modal/test/auto/ModalBSC.xml
----------------- Instantiating /home/travis/build/icyphy/ptII/ptolemy/domains/modal/test/auto/ModalBSC.xml
37 ms. Memory: 238592K Free: 112957K (47%)
----------------- Invoking toplevel() on ptolemy.moml.MoMLSimpleApplication@7b7c0776
----------------- Done invoking toplevel() on ptolemy.moml.MoMLSimpleApplication@7b7c0776
reloadAllAccessors: .ModalBSC

===========================================================================================
----------------- testing Wed May 11 19:56:39 UTC 2022 /home/travis/build/icyphy/ptII/ptolemy/domains/modal/test/auto/ModalClocks.xml
----------------- Instantiating /home/travis/build/icyphy/ptII/ptolemy/domains/modal/test/auto/ModalClocks.xml
21 ms. Memory: 238592K Free: 90429K (38%)
----------------- Invoking toplevel() on ptolemy.moml.MoMLSimpleApplication@4704b0d
----------------- Done invoking toplevel() on ptolemy.moml.MoMLSimpleApplication@4704b0d
reloadAllAccessors: .ModalClocks

===========================================================================================
----------------- testing Wed May 11 19:56:39 UTC 2022 /home/travis/build/icyphy/ptII/ptolemy/domains/modal/test/auto/ModalDelay.xml
----------------- Instantiating /home/travis/build/icyphy/ptII/ptolemy/domains/modal/test/auto/ModalDelay.xml
15 ms. Memory: 238592K Free: 212269K (89%)
----------------- Invoking toplevel() on ptolemy.moml.MoMLSimpleApplication@66836a54
----------------- Done invoking toplevel() on ptolemy.moml.MoMLSimpleApplication@66836a54
reloadAllAccessors: .ModalDelay

===========================================================================================
----------------- testing Wed May 11 19:56:39 UTC 2022 /home/travis/build/icyphy/ptII/ptolemy/domains/modal/test/auto/ModalDelay2.xml
----------------- Instantiating /home/travis/build/icyphy/ptII/ptolemy/domains/modal/test/auto/ModalDelay2.xml
13 ms. Memory: 238592K Free: 197949K (83%)
----------------- Invoking toplevel() on ptolemy.moml.MoMLSimpleApplication@5417673
----------------- Done invoking toplevel() on ptolemy.moml.MoMLSimpleApplication@5417673
reloadAllAccessors: .ModalDelay2

===========================================================================================
----------------- testing Wed May 11 19:56:39 UTC 2022 /home/travis/build/icyphy/ptII/ptolemy/domains/modal/test/auto/ModalModelFromMemo.xml
----------------- Instantiating /home/travis/build/icyphy/ptII/ptolemy/domains/modal/test/auto/ModalModelFromMemo.xml
14 ms. Memory: 238592K Free: 177965K (75%)
----------------- Invoking toplevel() on ptolemy.moml.MoMLSimpleApplication@4687f9e8
----------------- Done invoking toplevel() on ptolemy.moml.MoMLSimpleApplication@4687f9e8
reloadAllAccessors: .ModalModelFromMemo

===========================================================================================
----------------- testing Wed May 11 19:56:39 UTC 2022 /home/travis/build/icyphy/ptII/ptolemy/domains/modal/test/auto/ModalModelWithMultirateTransient.xml
----------------- Instantiating /home/travis/build/icyphy/ptII/ptolemy/domains/modal/test/auto/ModalModelWithMultirateTransient.xml
12 ms. Memory: 238592K Free: 162589K (68%)
----------------- Invoking toplevel() on ptolemy.moml.MoMLSimpleApplication@81ea247
----------------- Done invoking toplevel() on ptolemy.moml.MoMLSimpleApplication@81ea247
reloadAllAccessors: .ModalModelWithMultirateTransient

===========================================================================================
----------------- testing Wed May 11 19:56:39 UTC 2022 /home/travis/build/icyphy/ptII/ptolemy/domains/modal/test/auto/ModalModelWithReset.xml
----------------- Instantiating /home/travis/build/icyphy/ptII/ptolemy/domains/modal/test/auto/ModalModelWithReset.xml
18 ms. Memory: 238592K Free: 148797K (62%)
----------------- Invoking toplevel() on ptolemy.moml.MoMLSimpleApplication@18de28c9
----------------- Done invoking toplevel() on ptolemy.moml.MoMLSimpleApplication@18de28c9
reloadAllAccessors: .ModalModelWithReset

===========================================================================================
----------------- testing Wed May 11 19:56:39 UTC 2022 /home/travis/build/icyphy/ptII/ptolemy/domains/modal/test/auto/MouseClickFSM.xml
----------------- Instantiating /home/travis/build/icyphy/ptII/ptolemy/domains/modal/test/auto/MouseClickFSM.xml
17 ms. Memory: 238592K Free: 132413K (55%)
----------------- Invoking toplevel() on ptolemy.moml.MoMLSimpleApplication@4c501ded
----------------- Done invoking toplevel() on ptolemy.moml.MoMLSimpleApplication@4c501ded
reloadAllAccessors: .MouseClickFSM

===========================================================================================
----------------- testing Wed May 11 19:56:39 UTC 2022 /home/travis/build/icyphy/ptII/ptolemy/domains/modal/test/auto/MouseClickFSMModal.xml
----------------- Instantiating /home/travis/build/icyphy/ptII/ptolemy/domains/modal/test/auto/MouseClickFSMModal.xml
10 ms. Memory: 238592K Free: 118557K (50%)
----------------- Invoking toplevel() on ptolemy.moml.MoMLSimpleApplication@b6b3c18
----------------- Done invoking toplevel() on ptolemy.moml.MoMLSimpleApplication@b6b3c18
reloadAllAccessors: .MouseClickFSMModal

===========================================================================================
----------------- testing Wed May 11 19:56:39 UTC 2022 /home/travis/build/icyphy/ptII/ptolemy/domains/modal/test/auto/NonStrictFSM_FeedbackLoop.xml
----------------- Instantiating /home/travis/build/icyphy/ptII/ptolemy/domains/modal/test/auto/NonStrictFSM_FeedbackLoop.xml
26 ms. Memory: 238592K Free: 105789K (44%)
----------------- Invoking toplevel() on ptolemy.moml.MoMLSimpleApplication@df7c067
----------------- Done invoking toplevel() on ptolemy.moml.MoMLSimpleApplication@df7c067
reloadAllAccessors: .NonStrictFSM_FeedbackLoop

===========================================================================================
----------------- testing Wed May 11 19:56:39 UTC 2022 /home/travis/build/icyphy/ptII/ptolemy/domains/modal/test/auto/NonStrictFSM_FeedbackLoop_Refinement.xml
----------------- Instantiating /home/travis/build/icyphy/ptII/ptolemy/domains/modal/test/auto/NonStrictFSM_FeedbackLoop_Refinement.xml
90 ms. Memory: 238592K Free: 87837K (37%)
----------------- Invoking toplevel() on ptolemy.moml.MoMLSimpleApplication@2dcad515
----------------- Done invoking toplevel() on ptolemy.moml.MoMLSimpleApplication@2dcad515
reloadAllAccessors: .NonStrictFSM_FeedbackLoop_Refinement

===========================================================================================
----------------- testing Wed May 11 19:56:39 UTC 2022 /home/travis/build/icyphy/ptII/ptolemy/domains/modal/test/auto/NonStrictFSM_FeedbackLoop_preemptive.xml
----------------- Instantiating /home/travis/build/icyphy/ptII/ptolemy/domains/modal/test/auto/NonStrictFSM_FeedbackLoop_preemptive.xml
13 ms. Memory: 238592K Free: 205426K (86%)
----------------- Invoking toplevel() on ptolemy.moml.MoMLSimpleApplication@43718e30
----------------- Done invoking toplevel() on ptolemy.moml.MoMLSimpleApplication@43718e30
reloadAllAccessors: .NonStrictFSM_FeedbackLoop_preemptive

===========================================================================================
----------------- testing Wed May 11 19:56:39 UTC 2022 /home/travis/build/icyphy/ptII/ptolemy/domains/modal/test/auto/NormalTermination.xml
----------------- Instantiating /home/travis/build/icyphy/ptII/ptolemy/domains/modal/test/auto/NormalTermination.xml
5 ms. Memory: 238592K Free: 189538K (79%)
----------------- Invoking toplevel() on ptolemy.moml.MoMLSimpleApplication@23a0a0a6
----------------- Done invoking toplevel() on ptolemy.moml.MoMLSimpleApplication@23a0a0a6
reloadAllAccessors: .NormalTermination

===========================================================================================
----------------- testing Wed May 11 19:56:39 UTC 2022 /home/travis/build/icyphy/ptII/ptolemy/domains/modal/test/auto/Pong.xml
----------------- Instantiating /home/travis/build/icyphy/ptII/ptolemy/domains/modal/test/auto/Pong.xml
67 ms. Memory: 238592K Free: 169586K (71%)
----------------- Invoking toplevel() on ptolemy.moml.MoMLSimpleApplication@351a7b82
----------------- Done invoking toplevel() on ptolemy.moml.MoMLSimpleApplication@351a7b82
reloadAllAccessors: .Pong

===========================================================================================
----------------- testing Wed May 11 19:56:40 UTC 2022 /home/travis/build/icyphy/ptII/ptolemy/domains/modal/test/auto/Pong_test.xml
----------------- Instantiating /home/travis/build/icyphy/ptII/ptolemy/domains/modal/test/auto/Pong_test.xml
73 ms. Memory: 238592K Free: 145010K (61%)
----------------- Invoking toplevel() on ptolemy.moml.MoMLSimpleApplication@2697eef
----------------- Done invoking toplevel() on ptolemy.moml.MoMLSimpleApplication@2697eef
reloadAllAccessors: .Pong_test

===========================================================================================
----------------- testing Wed May 11 19:56:40 UTC 2022 /home/travis/build/icyphy/ptII/ptolemy/domains/modal/test/auto/PreemptionHierarchy.xml
----------------- Instantiating /home/travis/build/icyphy/ptII/ptolemy/domains/modal/test/auto/PreemptionHierarchy.xml
3 ms. Memory: 238592K Free: 136304K (57%)
----------------- Invoking toplevel() on ptolemy.moml.MoMLSimpleApplication@2c687c10
----------------- Done invoking toplevel() on ptolemy.moml.MoMLSimpleApplication@2c687c10
reloadAllAccessors: .PreemptionHierarchy

===========================================================================================
----------------- testing Wed May 11 19:56:40 UTC 2022 /home/travis/build/icyphy/ptII/ptolemy/domains/modal/test/auto/PreemptionHierarchy2.xml
----------------- Instantiating /home/travis/build/icyphy/ptII/ptolemy/domains/modal/test/auto/PreemptionHierarchy2.xml
3 ms. Memory: 238592K Free: 125040K (52%)
----------------- Invoking toplevel() on ptolemy.moml.MoMLSimpleApplication@10f9a5b7
----------------- Done invoking toplevel() on ptolemy.moml.MoMLSimpleApplication@10f9a5b7
reloadAllAccessors: .PreemptionHierarchy2

===========================================================================================
----------------- testing Wed May 11 19:56:40 UTC 2022 /home/travis/build/icyphy/ptII/ptolemy/domains/modal/test/auto/PreemptiveTransition.xml
----------------- Instantiating /home/travis/build/icyphy/ptII/ptolemy/domains/modal/test/auto/PreemptiveTransition.xml
8 ms. Memory: 238592K Free: 117872K (49%)
----------------- Invoking toplevel() on ptolemy.moml.MoMLSimpleApplication@66aec109
----------------- Done invoking toplevel() on ptolemy.moml.MoMLSimpleApplication@66aec109
reloadAllAccessors: .PreemptiveTransition

===========================================================================================
----------------- testing Wed May 11 19:56:40 UTC 2022 /home/travis/build/icyphy/ptII/ptolemy/domains/modal/test/auto/Priorities.xml
----------------- Instantiating /home/travis/build/icyphy/ptII/ptolemy/domains/modal/test/auto/Priorities.xml
34 ms. Memory: 320512K Free: 296858K (93%)
----------------- Invoking toplevel() on ptolemy.moml.MoMLSimpleApplication@2b0ff599
----------------- Done invoking toplevel() on ptolemy.moml.MoMLSimpleApplication@2b0ff599
reloadAllAccessors: .Priorities

===========================================================================================
----------------- testing Wed May 11 19:56:40 UTC 2022 /home/travis/build/icyphy/ptII/ptolemy/domains/modal/test/auto/ResetFinal.xml
----------------- Instantiating /home/travis/build/icyphy/ptII/ptolemy/domains/modal/test/auto/ResetFinal.xml
24 ms. Memory: 320512K Free: 278905K (87%)
----------------- Invoking toplevel() on ptolemy.moml.MoMLSimpleApplication@2d121b50
----------------- Done invoking toplevel() on ptolemy.moml.MoMLSimpleApplication@2d121b50
reloadAllAccessors: .ResetFinal

===========================================================================================
----------------- testing Wed May 11 19:56:40 UTC 2022 /home/travis/build/icyphy/ptII/ptolemy/domains/modal/test/auto/ResetFinal2.xml
----------------- Instantiating /home/travis/build/icyphy/ptII/ptolemy/domains/modal/test/auto/ResetFinal2.xml
14 ms. Memory: 320512K Free: 266138K (83%)
----------------- Invoking toplevel() on ptolemy.moml.MoMLSimpleApplication@1780fe7e
----------------- Done invoking toplevel() on ptolemy.moml.MoMLSimpleApplication@1780fe7e
reloadAllAccessors: .ResetFinal2

===========================================================================================
----------------- testing Wed May 11 19:56:40 UTC 2022 /home/travis/build/icyphy/ptII/ptolemy/domains/modal/test/auto/ResetTransitionWithStartTime.xml
----------------- Instantiating /home/travis/build/icyphy/ptII/ptolemy/domains/modal/test/auto/ResetTransitionWithStartTime.xml
12 ms. Memory: 320512K Free: 256393K (80%)
----------------- Invoking toplevel() on ptolemy.moml.MoMLSimpleApplication@6f530051
----------------- Done invoking toplevel() on ptolemy.moml.MoMLSimpleApplication@6f530051
reloadAllAccessors: .ResetTransitionWithStartTime

===========================================================================================
----------------- testing Wed May 11 19:56:40 UTC 2022 /home/travis/build/icyphy/ptII/ptolemy/domains/modal/test/auto/SDF-FSMComposite.xml
----------------- Instantiating /home/travis/build/icyphy/ptII/ptolemy/domains/modal/test/auto/SDF-FSMComposite.xml
6 ms. Memory: 320512K Free: 248730K (78%)
----------------- Invoking toplevel() on ptolemy.moml.MoMLSimpleApplication@7577aa72
----------------- Done invoking toplevel() on ptolemy.moml.MoMLSimpleApplication@7577aa72
reloadAllAccessors: .SDF-FSMComposite

===========================================================================================
----------------- testing Wed May 11 19:56:40 UTC 2022 /home/travis/build/icyphy/ptII/ptolemy/domains/modal/test/auto/SeeminglyNondeterminate.xml
----------------- Instantiating /home/travis/build/icyphy/ptII/ptolemy/domains/modal/test/auto/SeeminglyNondeterminate.xml
5 ms. Memory: 320512K Free: 218010K (68%)
----------------- Invoking toplevel() on ptolemy.moml.MoMLSimpleApplication@737d0193
----------------- Done invoking toplevel() on ptolemy.moml.MoMLSimpleApplication@737d0193
reloadAllAccessors: .SeeminglyNondeterminate

===========================================================================================
----------------- testing Wed May 11 19:56:40 UTC 2022 /home/travis/build/icyphy/ptII/ptolemy/domains/modal/test/auto/SeeminglyNondeterminate2.xml
----------------- Instantiating /home/travis/build/icyphy/ptII/ptolemy/domains/modal/test/auto/SeeminglyNondeterminate2.xml
6 ms. Memory: 320512K Free: 184218K (57%)
----------------- Invoking toplevel() on ptolemy.moml.MoMLSimpleApplication@7d0d83da
----------------- Done invoking toplevel() on ptolemy.moml.MoMLSimpleApplication@7d0d83da
reloadAllAccessors: .SeeminglyNondeterminate2

===========================================================================================
----------------- testing Wed May 11 19:56:40 UTC 2022 /home/travis/build/icyphy/ptII/ptolemy/domains/modal/test/auto/SpontaneousFSM.xml
----------------- Instantiating /home/travis/build/icyphy/ptII/ptolemy/domains/modal/test/auto/SpontaneousFSM.xml
19 ms. Memory: 320512K Free: 169361K (53%)
----------------- Invoking toplevel() on ptolemy.moml.MoMLSimpleApplication@7aae7425
----------------- Done invoking toplevel() on ptolemy.moml.MoMLSimpleApplication@7aae7425
reloadAllAccessors: .SpontaneousFSM

===========================================================================================
----------------- testing Wed May 11 19:56:40 UTC 2022 /home/travis/build/icyphy/ptII/ptolemy/domains/modal/test/auto/SpontaneousFSM2.xml
----------------- Instantiating /home/travis/build/icyphy/ptII/ptolemy/domains/modal/test/auto/SpontaneousFSM2.xml
7 ms. Memory: 320512K Free: 157594K (49%)
----------------- Invoking toplevel() on ptolemy.moml.MoMLSimpleApplication@1abd3291
----------------- Done invoking toplevel() on ptolemy.moml.MoMLSimpleApplication@1abd3291
reloadAllAccessors: .SpontaneousFSM2

===========================================================================================
----------------- testing Wed May 11 19:56:40 UTC 2022 /home/travis/build/icyphy/ptII/ptolemy/domains/modal/test/auto/SpontaneousFSM3.xml
----------------- Instantiating /home/travis/build/icyphy/ptII/ptolemy/domains/modal/test/auto/SpontaneousFSM3.xml
17 ms. Memory: 320512K Free: 142234K (44%)
----------------- Invoking toplevel() on ptolemy.moml.MoMLSimpleApplication@8e23eb8
----------------- Done invoking toplevel() on ptolemy.moml.MoMLSimpleApplication@8e23eb8
reloadAllAccessors: .SpontaneousFSM3

===========================================================================================
----------------- testing Wed May 11 19:56:40 UTC 2022 /home/travis/build/icyphy/ptII/ptolemy/domains/modal/test/auto/SpontaneousFSM4.xml
----------------- Instantiating /home/travis/build/icyphy/ptII/ptolemy/domains/modal/test/auto/SpontaneousFSM4.xml
19 ms. Memory: 320512K Free: 127384K (40%)
----------------- Invoking toplevel() on ptolemy.moml.MoMLSimpleApplication@7387922
----------------- Done invoking toplevel() on ptolemy.moml.MoMLSimpleApplication@7387922
reloadAllAccessors: .SpontaneousFSM4

===========================================================================================
----------------- testing Wed May 11 19:56:40 UTC 2022 /home/travis/build/icyphy/ptII/ptolemy/domains/modal/test/auto/StateTrackerTest.xml
----------------- Instantiating /home/travis/build/icyphy/ptII/ptolemy/domains/modal/test/auto/StateTrackerTest.xml
26 ms. Memory: 320512K Free: 285917K (89%)
----------------- Invoking toplevel() on ptolemy.moml.MoMLSimpleApplication@6e9ede3e
----------------- Done invoking toplevel() on ptolemy.moml.MoMLSimpleApplication@6e9ede3e
reloadAllAccessors: .StateTrackerTest

===========================================================================================
----------------- testing Wed May 11 19:56:40 UTC 2022 /home/travis/build/icyphy/ptII/ptolemy/domains/modal/test/auto/StrongImmediateTransition.xml
----------------- Instantiating /home/travis/build/icyphy/ptII/ptolemy/domains/modal/test/auto/StrongImmediateTransition.xml
2 ms. Memory: 320512K Free: 277739K (87%)
----------------- Invoking toplevel() on ptolemy.moml.MoMLSimpleApplication@91fb2f7
----------------- Done invoking toplevel() on ptolemy.moml.MoMLSimpleApplication@91fb2f7
reloadAllAccessors: .StrongImmediateTransition

===========================================================================================
----------------- testing Wed May 11 19:56:40 UTC 2022 /home/travis/build/icyphy/ptII/ptolemy/domains/modal/test/auto/SustainHierarchy.xml
----------------- Instantiating /home/travis/build/icyphy/ptII/ptolemy/domains/modal/test/auto/SustainHierarchy.xml
5 ms. Memory: 320512K Free: 266989K (83%)
----------------- Invoking toplevel() on ptolemy.moml.MoMLSimpleApplication@6de4c0c8
----------------- Done invoking toplevel() on ptolemy.moml.MoMLSimpleApplication@6de4c0c8
reloadAllAccessors: .SustainHierarchy

===========================================================================================
----------------- testing Wed May 11 19:56:40 UTC 2022 /home/travis/build/icyphy/ptII/ptolemy/domains/modal/test/auto/TerminationTransition1.xml
----------------- Instantiating /home/travis/build/icyphy/ptII/ptolemy/domains/modal/test/auto/TerminationTransition1.xml
2 ms. Memory: 320512K Free: 258797K (81%)
----------------- Invoking toplevel() on ptolemy.moml.MoMLSimpleApplication@6070d037
----------------- Done invoking toplevel() on ptolemy.moml.MoMLSimpleApplication@6070d037
reloadAllAccessors: .TerminationTransition1

===========================================================================================
----------------- testing Wed May 11 19:56:41 UTC 2022 /home/travis/build/icyphy/ptII/ptolemy/domains/modal/test/auto/TerminationTransition2.xml
----------------- Instantiating /home/travis/build/icyphy/ptII/ptolemy/domains/modal/test/auto/TerminationTransition2.xml
3 ms. Memory: 320512K Free: 249581K (78%)
----------------- Invoking toplevel() on ptolemy.moml.MoMLSimpleApplication@2ca47355
----------------- Done invoking toplevel() on ptolemy.moml.MoMLSimpleApplication@2ca47355
reloadAllAccessors: .TerminationTransition2

===========================================================================================
----------------- testing Wed May 11 19:56:41 UTC 2022 /home/travis/build/icyphy/ptII/ptolemy/domains/modal/test/auto/TerminationTransition3.xml
----------------- Instantiating /home/travis/build/icyphy/ptII/ptolemy/domains/modal/test/auto/TerminationTransition3.xml
2 ms. Memory: 320512K Free: 239851K (75%)
----------------- Invoking toplevel() on ptolemy.moml.MoMLSimpleApplication@30c8a874
----------------- Done invoking toplevel() on ptolemy.moml.MoMLSimpleApplication@30c8a874
reloadAllAccessors: .TerminationTransition3

===========================================================================================
----------------- testing Wed May 11 19:56:41 UTC 2022 /home/travis/build/icyphy/ptII/ptolemy/domains/modal/test/auto/TerminationTransition4.xml
----------------- Instantiating /home/travis/build/icyphy/ptII/ptolemy/domains/modal/test/auto/TerminationTransition4.xml
5 ms. Memory: 320512K Free: 226029K (71%)
----------------- Invoking toplevel() on ptolemy.moml.MoMLSimpleApplication@43d7c682
----------------- Done invoking toplevel() on ptolemy.moml.MoMLSimpleApplication@43d7c682
reloadAllAccessors: .TerminationTransition4

===========================================================================================
----------------- testing Wed May 11 19:56:41 UTC 2022 /home/travis/build/icyphy/ptII/ptolemy/domains/modal/test/auto/TerminationTransition5.xml
----------------- Instantiating /home/travis/build/icyphy/ptII/ptolemy/domains/modal/test/auto/TerminationTransition5.xml
3 ms. Memory: 320512K Free: 212203K (66%)
----------------- Invoking toplevel() on ptolemy.moml.MoMLSimpleApplication@79ecf6e3
----------------- Done invoking toplevel() on ptolemy.moml.MoMLSimpleApplication@79ecf6e3
reloadAllAccessors: .TerminationTransition5

===========================================================================================
----------------- testing Wed May 11 19:56:41 UTC 2022 /home/travis/build/icyphy/ptII/ptolemy/domains/modal/test/auto/TerminationTransition6.xml
----------------- Instantiating /home/travis/build/icyphy/ptII/ptolemy/domains/modal/test/auto/TerminationTransition6.xml
1 ms. Memory: 320512K Free: 204011K (64%)
----------------- Invoking toplevel() on ptolemy.moml.MoMLSimpleApplication@5eb273fb
----------------- Done invoking toplevel() on ptolemy.moml.MoMLSimpleApplication@5eb273fb
reloadAllAccessors: .TerminationTransition6

===========================================================================================
----------------- testing Wed May 11 19:56:41 UTC 2022 /home/travis/build/icyphy/ptII/ptolemy/domains/modal/test/auto/TerminationTransition7.xml
----------------- Instantiating /home/travis/build/icyphy/ptII/ptolemy/domains/modal/test/auto/TerminationTransition7.xml
2 ms. Memory: 320512K Free: 194285K (61%)
----------------- Invoking toplevel() on ptolemy.moml.MoMLSimpleApplication@1d3d12e6
----------------- Done invoking toplevel() on ptolemy.moml.MoMLSimpleApplication@1d3d12e6
reloadAllAccessors: .TerminationTransition7

===========================================================================================
----------------- testing Wed May 11 19:56:41 UTC 2022 /home/travis/build/icyphy/ptII/ptolemy/domains/modal/test/auto/TerminationTransition8.xml
----------------- Instantiating /home/travis/build/icyphy/ptII/ptolemy/domains/modal/test/auto/TerminationTransition8.xml
2 ms. Memory: 320512K Free: 184555K (58%)
----------------- Invoking toplevel() on ptolemy.moml.MoMLSimpleApplication@5a1d2297
----------------- Done invoking toplevel() on ptolemy.moml.MoMLSimpleApplication@5a1d2297
reloadAllAccessors: .TerminationTransition8

===========================================================================================
----------------- testing Wed May 11 19:56:41 UTC 2022 /home/travis/build/icyphy/ptII/ptolemy/domains/modal/test/auto/Thermostat_NoHysteresis.xml
----------------- Instantiating /home/travis/build/icyphy/ptII/ptolemy/domains/modal/test/auto/Thermostat_NoHysteresis.xml
26 ms. Memory: 320512K Free: 159979K (50%)
----------------- Invoking toplevel() on ptolemy.moml.MoMLSimpleApplication@24715d03
----------------- Done invoking toplevel() on ptolemy.moml.MoMLSimpleApplication@24715d03
reloadAllAccessors: .Thermostat_NoHysteresis

===========================================================================================
----------------- testing Wed May 11 19:56:41 UTC 2022 /home/travis/build/icyphy/ptII/ptolemy/domains/modal/test/auto/TimedFSM.xml
----------------- Instantiating /home/travis/build/icyphy/ptII/ptolemy/domains/modal/test/auto/TimedFSM.xml
7 ms. Memory: 320512K Free: 148205K (46%)
----------------- Invoking toplevel() on ptolemy.moml.MoMLSimpleApplication@5193d9ac
----------------- Done invoking toplevel() on ptolemy.moml.MoMLSimpleApplication@5193d9ac
reloadAllAccessors: .TimedFSM

===========================================================================================
----------------- testing Wed May 11 19:56:41 UTC 2022 /home/travis/build/icyphy/ptII/ptolemy/domains/modal/test/auto/Timeout1.xml
----------------- Instantiating /home/travis/build/icyphy/ptII/ptolemy/domains/modal/test/auto/Timeout1.xml
3 ms. Memory: 320512K Free: 142557K (44%)
----------------- Invoking toplevel() on ptolemy.moml.MoMLSimpleApplication@54014efe
----------------- Done invoking toplevel() on ptolemy.moml.MoMLSimpleApplication@54014efe
reloadAllAccessors: .Timeout1

===========================================================================================
----------------- testing Wed May 11 19:56:41 UTC 2022 /home/travis/build/icyphy/ptII/ptolemy/domains/modal/test/auto/Timeout2.xml
----------------- Instantiating /home/travis/build/icyphy/ptII/ptolemy/domains/modal/test/auto/Timeout2.xml
8 ms. Memory: 320512K Free: 133869K (42%)
----------------- Invoking toplevel() on ptolemy.moml.MoMLSimpleApplication@a7b44e9
----------------- Done invoking toplevel() on ptolemy.moml.MoMLSimpleApplication@a7b44e9
reloadAllAccessors: .Timeout2

===========================================================================================
----------------- testing Wed May 11 19:56:41 UTC 2022 /home/travis/build/icyphy/ptII/ptolemy/domains/modal/test/auto/Timeout3.xml
----------------- Instantiating /home/travis/build/icyphy/ptII/ptolemy/domains/modal/test/auto/Timeout3.xml
2 ms. Memory: 320512K Free: 128749K (40%)
----------------- Invoking toplevel() on ptolemy.moml.MoMLSimpleApplication@2af7aa56
----------------- Done invoking toplevel() on ptolemy.moml.MoMLSimpleApplication@2af7aa56
reloadAllAccessors: .Timeout3

===========================================================================================
----------------- testing Wed May 11 19:56:41 UTC 2022 /home/travis/build/icyphy/ptII/ptolemy/domains/modal/test/auto/Timeout4.xml
----------------- Instantiating /home/travis/build/icyphy/ptII/ptolemy/domains/modal/test/auto/Timeout4.xml
2 ms. Memory: 320512K Free: 123629K (39%)
----------------- Invoking toplevel() on ptolemy.moml.MoMLSimpleApplication@60936d2f
----------------- Done invoking toplevel() on ptolemy.moml.MoMLSimpleApplication@60936d2f
reloadAllAccessors: .Timeout4

===========================================================================================
----------------- testing Wed May 11 19:56:41 UTC 2022 /home/travis/build/icyphy/ptII/ptolemy/domains/modal/test/auto/TransientstateModelAdvanced.xml
----------------- Instantiating /home/travis/build/icyphy/ptII/ptolemy/domains/modal/test/auto/TransientstateModelAdvanced.xml
14 ms. Memory: 320512K Free: 298979K (93%)
----------------- Invoking toplevel() on ptolemy.moml.MoMLSimpleApplication@56d92c1a
----------------- Done invoking toplevel() on ptolemy.moml.MoMLSimpleApplication@56d92c1a
reloadAllAccessors: .TransientstateModelAdvanced

===========================================================================================
----------------- testing Wed May 11 19:56:41 UTC 2022 /home/travis/build/icyphy/ptII/ptolemy/domains/modal/test/auto/TransientstateModelAdvanced2.xml
----------------- Instantiating /home/travis/build/icyphy/ptII/ptolemy/domains/modal/test/auto/TransientstateModelAdvanced2.xml
2 ms. Memory: 320512K Free: 284129K (89%)
----------------- Invoking toplevel() on ptolemy.moml.MoMLSimpleApplication@776da22f
----------------- Done invoking toplevel() on ptolemy.moml.MoMLSimpleApplication@776da22f
reloadAllAccessors: .transientstatemodelAdvanced

===========================================================================================
----------------- testing Wed May 11 19:56:41 UTC 2022 /home/travis/build/icyphy/ptII/ptolemy/domains/modal/test/auto/TransitionRefinements.xml
----------------- Instantiating /home/travis/build/icyphy/ptII/ptolemy/domains/modal/test/auto/TransitionRefinements.xml
7 ms. Memory: 320512K Free: 274403K (86%)
----------------- Invoking toplevel() on ptolemy.moml.MoMLSimpleApplication@4b240c11
----------------- Done invoking toplevel() on ptolemy.moml.MoMLSimpleApplication@4b240c11
reloadAllAccessors: .TransitionRefinements

===========================================================================================
----------------- testing Wed May 11 19:56:41 UTC 2022 /home/travis/build/icyphy/ptII/ptolemy/domains/modal/test/auto/TwoRefinements1.xml
----------------- Instantiating /home/travis/build/icyphy/ptII/ptolemy/domains/modal/test/auto/TwoRefinements1.xml
3 ms. Memory: 320512K Free: 264673K (83%)
----------------- Invoking toplevel() on ptolemy.moml.MoMLSimpleApplication@203dc378
----------------- Done invoking toplevel() on ptolemy.moml.MoMLSimpleApplication@203dc378
reloadAllAccessors: .TwoRefinements1

===========================================================================================
----------------- testing Wed May 11 19:56:41 UTC 2022 /home/travis/build/icyphy/ptII/ptolemy/domains/modal/test/auto/TwoRefinements2.xml
----------------- Instantiating /home/travis/build/icyphy/ptII/ptolemy/domains/modal/test/auto/TwoRefinements2.xml
3 ms. Memory: 320512K Free: 254433K (79%)
----------------- Invoking toplevel() on ptolemy.moml.MoMLSimpleApplication@3febdca0
----------------- Done invoking toplevel() on ptolemy.moml.MoMLSimpleApplication@3febdca0
reloadAllAccessors: .TwoRefinements2

===========================================================================================
----------------- testing Wed May 11 19:56:41 UTC 2022 /home/travis/build/icyphy/ptII/ptolemy/domains/modal/test/auto/WeakImmediateTransition.xml
----------------- Instantiating /home/travis/build/icyphy/ptII/ptolemy/domains/modal/test/auto/WeakImmediateTransition.xml
3 ms. Memory: 320512K Free: 245731K (77%)
----------------- Invoking toplevel() on ptolemy.moml.MoMLSimpleApplication@2b0cbe6c
----------------- Done invoking toplevel() on ptolemy.moml.MoMLSimpleApplication@2b0cbe6c
reloadAllAccessors: .WeakImmediateTransition

===========================================================================================
----------------- testing Wed May 11 19:56:41 UTC 2022 /home/travis/build/icyphy/ptII/ptolemy/domains/modal/test/auto/booleanSelect.xml
----------------- Instantiating /home/travis/build/icyphy/ptII/ptolemy/domains/modal/test/auto/booleanSelect.xml
32 ms. Memory: 320512K Free: 227299K (71%)
----------------- Invoking toplevel() on ptolemy.moml.MoMLSimpleApplication@5ab4e921
----------------- Done invoking toplevel() on ptolemy.moml.MoMLSimpleApplication@5ab4e921
reloadAllAccessors: .booleanSelect

===========================================================================================
----------------- testing Wed May 11 19:56:41 UTC 2022 /home/travis/build/icyphy/ptII/ptolemy/domains/modal/test/auto/modalChangingParams.xml
----------------- Instantiating /home/travis/build/icyphy/ptII/ptolemy/domains/modal/test/auto/modalChangingParams.xml
0
1
0
2
4
6
8
7
0
2
4
6
8
13
0
2
4
6
8
19
0
2
4
6
8
25
0
2
4
6
8
31
0
2
4
6
8
37
0
2
4
6
8
43
0
2
4
6
8
49
0
2
4
6
8
55
0
2
4
6
8
61
0
2
4
6
8
67
0
2
4
6
8
73
0
2
4
6
8
79
0
2
4
6
8
85
0
2
4
6
8
91
0
2
4
6
8
97
0
2
4
6
8
103
0
2
4
6
8
109
0
2
4
6
8
115
0
2
4
6
8
121
0
2
4
6
8
127
0
2
4
6
8
133
0
2
4
6
8
139
0
2
4
6
8
145
0
2
4
6
8
151
0
2
4
6
8
157
0
2
4
6
8
163
0
2
4
6
8
169
0
2
4
6
8
175
0
2
4
6
8
181
0
2
4
6
8
187
0
2
4
6
8
193
0
2
4
6
8
199
0
2
4
6
8
205
0
2
4
6
8
211
0
2
4
6
8
217
0
2
4
6
8
223
0
2
4
6
8
229
0
2
4
6
8
235
0
2
4
6
8
241
0
2
4
6
8
247
0
2
4
6
8
253
0
2
4
6
8
259
0
2
4
6
8
265
0
2
4
6
8
271
0
2
4
6
8
277
0
2
4
6
8
283
0
2
4
6
8
289
0
2
4
6
8
295
0
2
4
6
8
301
0
2
4
6
8
307
0
2
4
6
8
313
0
2
4
6
8
319
0
2
4
6
8
325
0
2
4
6
8
331
0
2
4
6
8
337
0
2
4
6
8
343
0
2
4
6
8
349
0
2
4
6
8
355
0
2
4
6
8
361
0
2
4
6
8
367
0
2
4
6
8
373
0
2
4
6
8
379
0
2
4
6
8
385
0
2
4
6
8
391
0
2
4
6
8
397
0
2
4
6
8
403
0
2
4
6
8
409
0
2
4
6
8
415
0
2
4
6
8
421
0
2
4
6
8
427
0
2
4
6
8
433
0
2
4
6
8
439
0
2
4
6
8
445
0
2
4
6
8
451
0
2
4
6
8
457
0
2
4
6
8
463
0
2
4
6
8
469
0
2
4
6
8
475
0
2
4
6
8
481
0
2
4
6
8
487
0
2
4
6
8
493
0
2
4
6
8
499
0
2
4
6
8
505
0
2
4
6
8
511
0
2
4
6
8
517
0
2
4
6
8
523
0
2
4
6
8
529
0
2
4
6
8
535
0
2
4
6
8
541
0
2
4
6
8
547
0
2
4
6
8
553
0
2
4
6
8
559
0
2
4
6
8
565
0
2
4
6
8
571
0
2
4
6
8
577
0
2
4
6
8
583
0
2
4
6
8
589
0
2
4
6
8
595
0
2
4
6
8
601
0
2
4
6
8
607
0
2
4
6
8
613
0
2
4
6
8
619
0
2
4
6
8
625
0
2
4
6
8
631
0
2
4
6
8
637
0
2
4
6
8
643
0
2
4
6
8
649
0
2
4
6
8
655
0
2
4
6
8
661
0
2
4
6
8
667
0
2
4
6
8
673
0
2
4
6
8
679
0
2
4
6
8
685
0
2
4
6
8
691
0
2
4
6
8
697
0
2
4
6
8
703
0
2
4
6
8
709
0
2
4
6
8
715
0
2
4
6
8
721
0
2
4
6
8
727
0
2
4
6
8
733
0
2
4
6
8
739
0
2
4
6
8
745
0
2
4
6
8
751
0
2
4
6
8
757
0
2
4
6
8
763
0
2
4
6
8
769
0
2
4
6
8
775
0
2
4
6
8
781
0
2
4
6
8
787
0
2
4
6
8
793
0
2
4
6
8
799
0
2
4
6
8
805
0
2
4
6
8
811
0
2
4
6
8
817
0
2
4
6
8
823
0
2
4
6
8
829
0
2
4
6
8
835
0
2
4
6
8
841
0
2
4
6
8
847
0
2
4
6
8
853
0
2
4
6
8
859
0
2
4
6
8
865
0
2
4
6
8
871
0
2
4
6
8
877
0
2
4
6
8
883
0
2
4
6
8
889
0
2
4
6
8
895
0
2
4
6
8
901
0
2
4
6
8
907
0
2
4
6
8
913
0
2
4
6
8
919
0
2
4
6
8
925
0
2
4
6
8
931
0
2
4
6
8
937
0
2
4
6
8
943
0
2
4
6
8
949
0
2
4
6
8
955
0
2
4
6
8
961
0
2
4
6
8
967
0
2
4
6
8
973
0
2
4
6
8
979
0
2
4
6
8
985
0
2
4
6
8
991
0
2
4
6
8
997
0
2
262 ms. Memory: 320512K Free: 112611K (35%)
----------------- Invoking toplevel() on ptolemy.moml.MoMLSimpleApplication@41a7786f
----------------- Done invoking toplevel() on ptolemy.moml.MoMLSimpleApplication@41a7786f
reloadAllAccessors: .modalChangingParams

===========================================================================================
----------------- testing Wed May 11 19:56:41 UTC 2022 /home/travis/build/icyphy/ptII/ptolemy/domains/modal/test/auto/modalModel.xml
----------------- Instantiating /home/travis/build/icyphy/ptII/ptolemy/domains/modal/test/auto/modalModel.xml
5 ms. Memory: 320512K Free: 292100K (91%)
----------------- Invoking toplevel() on ptolemy.moml.MoMLSimpleApplication@b227c08
----------------- Done invoking toplevel() on ptolemy.moml.MoMLSimpleApplication@b227c08
reloadAllAccessors: .modalModel

===========================================================================================
----------------- testing Wed May 11 19:56:41 UTC 2022 /home/travis/build/icyphy/ptII/ptolemy/domains/modal/test/auto/modalModel2.xml
----------------- Instantiating /home/travis/build/icyphy/ptII/ptolemy/domains/modal/test/auto/modalModel2.xml
10 ms. Memory: 320512K Free: 281380K (88%)
----------------- Invoking toplevel() on ptolemy.moml.MoMLSimpleApplication@5a74ccfb
----------------- Done invoking toplevel() on ptolemy.moml.MoMLSimpleApplication@5a74ccfb
reloadAllAccessors: .modalModel2

===========================================================================================
----------------- testing Wed May 11 19:56:41 UTC 2022 /home/travis/build/icyphy/ptII/ptolemy/domains/modal/test/auto/modalModel3.xml
----------------- Instantiating /home/travis/build/icyphy/ptII/ptolemy/domains/modal/test/auto/modalModel3.xml
0	0	0
1	0	1
4	2	2
7	4	3
10	6	4
5	0	5
8	2	6
11	4	7
14	6	8
9	0	9
12	2	10
15	4	11
18	6	12
13	0	13
16	2	14
16 ms. Memory: 320512K Free: 266530K (83%)
----------------- Invoking toplevel() on ptolemy.moml.MoMLSimpleApplication@47b42029
----------------- Done invoking toplevel() on ptolemy.moml.MoMLSimpleApplication@47b42029
reloadAllAccessors: .modalModel3

===========================================================================================
----------------- testing Wed May 11 19:56:41 UTC 2022 /home/travis/build/icyphy/ptII/ptolemy/domains/modal/test/auto/model1.xml
----------------- Instantiating /home/travis/build/icyphy/ptII/ptolemy/domains/modal/test/auto/model1.xml
10 ms. Memory: 320512K Free: 260900K (81%)
----------------- Invoking toplevel() on ptolemy.moml.MoMLSimpleApplication@7aae4ac8
----------------- Done invoking toplevel() on ptolemy.moml.MoMLSimpleApplication@7aae4ac8
reloadAllAccessors: .model1

===========================================================================================
----------------- testing Wed May 11 19:56:41 UTC 2022 /home/travis/build/icyphy/ptII/ptolemy/domains/modal/test/auto/test-direct-in-out.xml
----------------- Instantiating /home/travis/build/icyphy/ptII/ptolemy/domains/modal/test/auto/test-direct-in-out.xml
4 ms. Memory: 320512K Free: 253202K (79%)
----------------- Invoking toplevel() on ptolemy.moml.MoMLSimpleApplication@786c0ce0
----------------- Done invoking toplevel() on ptolemy.moml.MoMLSimpleApplication@786c0ce0
reloadAllAccessors: .test-direct-in-out
AutoTests.java: About to close Vertx.
AutoTests.java: Vertx closed.
]]></system-out>
  <system-err><![CDATA[java.lang.RuntimeException: Execution failed
	at ptolemy.moml.MoMLSimpleApplication$UnloadThread.run(MoMLSimpleApplication.java:402)
Caused by: ptolemy.kernel.util.IllegalActionException: Unknown inputs remain. Possible causality loop:
L_model_1893289564i

  in .CannotAnalysisWithPreemption.model_1893289564_region_1 and .CannotAnalysisWithPreemption.model_1893289564_region_1.L_model_1893289564i
	at ptolemy.actor.sched.FixedPointDirector.postfire(FixedPointDirector.java:515)
	at ptolemy.domains.sr.kernel.SRDirector.postfire(SRDirector.java:417)
	at ptolemy.actor.CompositeActor.postfire(CompositeActor.java:1668)
	at ptolemy.actor.Manager.iterate(Manager.java:852)
	at ptolemy.actor.Manager.execute(Manager.java:369)
	at ptolemy.actor.Manager.run(Manager.java:1263)
	at ptolemy.actor.Manager$PtolemyRunThread.run(Manager.java:1933)
java.lang.reflect.InvocationTargetException
	at java.base/jdk.internal.reflect.NativeConstructorAccessorImpl.newInstance0(Native Method)
	at java.base/jdk.internal.reflect.NativeConstructorAccessorImpl.newInstance(NativeConstructorAccessorImpl.java:62)
	at java.base/jdk.internal.reflect.DelegatingConstructorAccessorImpl.newInstance(DelegatingConstructorAccessorImpl.java:45)
	at java.base/java.lang.reflect.Constructor.newInstance(Constructor.java:490)
	at ptolemy.util.test.junit.AutoKnownFailedTests.RunModel(AutoKnownFailedTests.java:105)
	at java.base/jdk.internal.reflect.NativeMethodAccessorImpl.invoke0(Native Method)
	at java.base/jdk.internal.reflect.NativeMethodAccessorImpl.invoke(NativeMethodAccessorImpl.java:62)
	at java.base/jdk.internal.reflect.DelegatingMethodAccessorImpl.invoke(DelegatingMethodAccessorImpl.java:43)
	at java.base/java.lang.reflect.Method.invoke(Method.java:566)
	at org.junit.runners.model.FrameworkMethod$1.runReflectiveCall(FrameworkMethod.java:44)
	at org.junit.internal.runners.model.ReflectiveCallable.run(ReflectiveCallable.java:15)
	at org.junit.runners.model.FrameworkMethod.invokeExplosively(FrameworkMethod.java:41)
	at junitparams.internal.InvokeParameterisedMethod.evaluate(InvokeParameterisedMethod.java:102)
	at org.junit.internal.runners.statements.FailOnTimeout$1.run(FailOnTimeout.java:28)
Caused by: ptolemy.kernel.util.IllegalActionException: Unknown inputs remain. Possible causality loop:
L_model_1893289564i

  in .CannotAnalysisWithPreemption.model_1893289564_region_1 and .CannotAnalysisWithPreemption.model_1893289564_region_1.L_model_1893289564i
	at ptolemy.actor.sched.FixedPointDirector.postfire(FixedPointDirector.java:515)
	at ptolemy.domains.sr.kernel.SRDirector.postfire(SRDirector.java:417)
	at ptolemy.actor.CompositeActor.postfire(CompositeActor.java:1668)
	at ptolemy.actor.Manager.iterate(Manager.java:852)
	at ptolemy.actor.Manager.execute(Manager.java:369)
	at ptolemy.actor.Manager.run(Manager.java:1263)
	at ptolemy.actor.Manager$PtolemyRunThread.run(Manager.java:1933)
]]></system-err>
</testsuite>
