<?xml version="1.0" encoding="UTF-8" ?>
<testsuite errors="0" failures="0" hostname="travis-job-4d1be9eb-f2f0-4f04-b4a7-63b61b4f98ed" name="ptolemy.actor.lib.test.junit.JUnitTclTest" skipped="0" tests="517" time="62.644" timestamp="2018-08-20T01:54:35">
  <properties>
    <property name="npm.executable" value="npm" />
    <property name="file.encoding.pkg" value="sun.io" />
    <property name="ptII.mk.exists" value="true" />
    <property name="env.rvm_bin_path" value="/home/travis/.rvm/bin" />
    <property name="java.home" value="/usr/lib/jvm/java-8-oracle/jre" />
    <property name="env.TRAVIS_JOB_NUMBER" value="701.8" />
    <property name="env.DISPLAY" value=":99.0" />
    <property name="java.net.preferIPv4Stack" value="true" />
    <property name="env.TRAVIS_INIT" value="upstart" />
    <property name="env.SSH_TTY" value="/dev/pts/0" />
    <property name="env.RUN_TESTS" value="false" />
    <property name="timeout.short" value="1000000" />
    <property name="env.TRAVIS_STACK_NODE_ATTRIBUTES" value="/.node-attributes.yml" />
    <property name="junit.formatter" value="xml" />
    <property name="java.endorsed.dirs" value="/usr/lib/jvm/java-8-oracle/jre/lib/endorsed" />
    <property name="env.TRAVIS_SUDO" value="true" />
    <property name="env.LOGNAME" value="travis" />
    <property name="env.PT_TRAVIS_TEST_CORE1_XML" value="true" />
    <property name="jsdoc.home" value="node_modules/@terraswarm/jsdoc" />
    <property name="debuglevel" value="source,lines,vars" />
    <property name="checkstyle.formatter" value="xml" />
    <property name="bin.vergil.makeable" value="true" />
    <property name="env._system_version" value="14.04" />
    <property name="sun.os.patch.level" value="unknown" />
    <property name="java.vendor.url" value="http://java.oracle.com/" />
    <property name="java.version" value="1.8.0_151" />
    <property name="env.TZ" value="UTC" />
    <property name="env.PT_NO_NET" value="true" />
    <property name="env.TRAVIS_PULL_REQUEST_SHA" value="" />
    <property name="env.TRAVIS_SECURE_ENV_VARS" value="true" />
    <property name="env._system_type" value="Linux" />
    <property name="java.vendor.url.bug" value="http://bugreport.sun.com/bugreport/" />
    <property name="env.SSH_CLIENT" value="10.10.16.3 43624 22" />
    <property name="npmjs-org-is-up" value="true" />
    <property name="env.GEM_HOME" value="/home/travis/.rvm/gems/ruby-2.4.1" />
    <property name="env.HAS_ANTARES_THREE_LITTLE_FRONZIES_BADGE" value="true" />
    <property name="env.PS4" value="+" />
    <property name="ant.project.invoked-targets" value="build,test.core1.xml" />
    <property name="env.TRAVIS_PULL_REQUEST_BRANCH" value="" />
    <property name="env.TRAVIS_REPO_SLUG" value="icyphy/ptII" />
    <property name="node.in.path" value="true" />
    <property name="java.maxmemory" value="1400m" />
    <property name="env.RUBY_VERSION" value="ruby-2.4.1" />
    <property name="user.name" value="travis" />
    <property name="env.LANG" value="en_US.UTF-8" />
    <property name="sun.io.unicode.encoding" value="UnicodeLittle" />
    <property name="sun.jnu.encoding" value="UTF-8" />
    <property name="java.runtime.name" value="Java(TM) SE Runtime Environment" />
    <property name="usefile" value="false" />
    <property name="return.code" value="0" />
    <property name="junit.single.formatter" value="plain" />
    <property name="env.DYLD_LIBRARY_PATH" value="/home/travis/pthla/certi-tools/lib:" />
    <property name="env.DEBIAN_FRONTEND" value="noninteractive" />
    <property name="env.SSH_CONNECTION" value="10.10.16.3 43624 10.20.0.79 22" />
    <property name="env.MYSQL_UNIX_PORT" value="/var/run/mysqld/mysqld.sock" />
    <property name="env.TRAVIS_ALLOW_FAILURE" value="false" />
    <property name="env.LC_ALL" value="en_US.UTF-8" />
    <property name="java.specification.name" value="Java Platform API Specification" />
    <property name="node.works" value="true" />
    <property name="user.timezone" value="" />
    <property name="path.separator" value=":" />
    <property name="env.PYTHON_CFLAGS" value="-g -fstack-protector --param=ssp-buffer-size=4 -Wformat -Werror=format-security" />
    <property name="timeout.long" value="4000000" />
    <property name="env.CERTI_HOME" value="/home/travis/pthla/certi-tools" />
    <property name="file.encoding" value="UTF-8" />
    <property name="ant.file.ptII" value="/home/travis/build/icyphy/ptII/build.xml" />
    <property name="javadoc.packagenames" value="com.*,diva.*,lbnl.*,org.hlacerti.*,org.json.*,org.ptolemy.*,org.terraswarm.*,ptolemy.*,ptserver.*" />
    <property name="env.TRAVIS_PULL_REQUEST_SLUG" value="" />
    <property name="ant.project.default-target" value="build" />
    <property name="env.GIT_ASKPASS" value="echo" />
    <property name="env.HOME" value="/home/travis" />
    <property name="sun.java.command" value="org.apache.tools.ant.taskdefs.optional.junit.JUnitTestRunner ptolemy.actor.lib.test.junit.JUnitTclTest skipNonTests=false filtertrace=true haltOnError=false haltOnFailure=false formatter=org.apache.tools.ant.taskdefs.optional.junit.OutErrSummaryJUnitResultFormatter showoutput=true outputtoformatters=true logfailedtests=true threadid=0 logtestlistenerevents=false formatter=org.apache.tools.ant.taskdefs.optional.junit.XMLJUnitResultFormatter,/home/travis/build/icyphy/ptII/reports/junit/TEST-ptolemy.actor.lib.test.junit.JUnitTclTest.xml crashfile=/home/travis/build/icyphy/ptII/junitvmwatcher6877374931204665172.properties propsfile=/home/travis/build/icyphy/ptII/junit4884321054349704146.properties" />
    <property name="env.MANPATH" value="/home/travis/.nvm/versions/node/v7.10.1/share/man:/home/travis/.kiex/elixirs/elixir-1.4.5/man:/home/travis/.rvm/rubies/ruby-2.4.1/share/man:/usr/local/man:/usr/local/cmake-3.9.2/man:/usr/local/clang-5.0.0/share/man:/usr/local/share/man:/usr/share/man:/home/travis/.rvm/man" />
    <property name="env.COMPOSER_NO_INTERACTION" value="1" />
    <property name="env.JDK_SWITCHER_DEFAULT" value="oraclejdk8" />
    <property name="ant.file" value="/home/travis/build/icyphy/ptII/build.xml" />
    <property name="env.TRAVIS_COMMIT_RANGE" value="2e758fa6b88f550f4f54ac6cc24163a7e8264260...0cf022ad24b2272dc9a802466af2a6a9926137bb" />
    <property name="env._system_name" value="Ubuntu" />
    <property name="timeout" value="2400000" />
    <property name="ptII.classpath.optional.property" value="/home/travis/build/icyphy/ptII/lib/bsh-2.0b4.jar:/home/travis/build/icyphy/ptII/lib/ptCal.jar:/home/travis/build/icyphy/ptII/lib/java_cup.jar:/home/travis/build/icyphy/ptII/lib/saxon8.jar:/home/travis/build/icyphy/ptII/lib/saxon8-dom.jar:/home/travis/build/icyphy/ptII/lib/chic.jar:/home/travis/build/icyphy/ptII/lib/ptcolt.jar:/usr/lib/jvm/java-8-oracle/lib/tools.jar:/usr/lib/eclipse/plugins/org.eclipse.jdt.core_3.8.2.dist.jar:/usr/lib/eclipse/plugins/org.eclipse.core.runtime_3.8.0.dist.jar:/usr/lib/eclipse/plugins/org.eclipse.osgi_3.8.1.dist.jar:/usr/lib/eclipse/plugins/org.eclipse.core.resources_3.8.1.dist.jar:/usr/lib/eclipse/plugins/org.eclipse.equinox.common_3.6.100.dist.jar:/usr/lib/eclipse/plugins/org.eclipse.core.jobs_3.5.200.dist.jar:/usr/lib/eclipse/plugins/org.eclipse.core.contenttype_3.4.200.dist.jar:/usr/lib/eclipse/plugins/org.eclipse.equinox.preferences_3.5.0.dist.jar:/usr/lib/eclipse/plugins/org.eclipse.text_3.5.200.dist.jar:/usr/lib/eclipse/plugins/org.eclipse.ui.workbench_3.8.1.dist.jar:/usr/lib/eclipse/plugins/org.eclipse.jface_3.8.0.dist.jar:/usr/lib/eclipse/plugins/org.eclipse.swt_3.8.2.jar:/usr/lib/eclipse/plugins/org.eclipse.jface.text_3.8.1.dist.jar:/usr/lib/eclipse/plugins/org.eclipse.ui.workbench.texteditor_3.8.0.dist.jar:/usr/lib/eclipse/plugins/org.eclipse.ui.editors_3.8.0.dist.jar:/usr/lib/eclipse/plugins/org.eclipse.core.commands_3.6.1.dist.jar:/usr/lib/eclipse/plugins/org.eclipse.equinox.registry_3.5.200.dist.jar:/usr/lib/eclipse/plugins/org.eclipse.ui.console_3.5.100.dist.jar:/usr/lib/eclipse/plugins/org.eclipse.ui.forms_3.5.200.dist.jar:/usr/lib/eclipse/plugins/org.eclipse.ui.ide_3.8.1.dist.jar:/home/travis/build/icyphy/ptII/vendors/oracle/dbxml.jar:/home/travis/build/icyphy/ptII/vendors/oracle/db.jar:/home/travis/build/icyphy/ptII/vendors/misc/itext/iText.jar:/home/travis/build/icyphy/ptII/lib/g4ltl.jar:/home/travis/build/icyphy/ptII/lib/StructuralCoder.jar:/home/travis/build/icyphy/ptII/lib/org-openide-util.jar:/home/travis/build/icyphy/ptII/lib/org-openide-util-lookup.jar:/home/travis/build/icyphy/ptII/lib/org-netbeans-api-visual.jar:/home/travis/build/icyphy/ptII/vendors/jai-1_1_2_01/lib/jai_core.jar:/home/travis/build/icyphy/ptII/vendors/jai-1_1_2_01/lib/jai_codec.jar:/home/travis/build/icyphy/ptII/lib/jcerti.jar:/home/travis/build/icyphy/ptII/lib/smack.jar:/home/travis/build/icyphy/ptII/lib/smackx.jar:/home/travis/build/icyphy/ptII/lib/jetty-all-8.1.5-v20120716.jar:/home/travis/build/icyphy/ptII/lib/javax.servlet-api-3.0.1.jar:/home/travis/build/icyphy/ptII/lib/javax.mail.jar:/home/travis/build/icyphy/ptII/vendors/JMF-2.1.1e/lib/jmf.jar:/home/travis/build/icyphy/ptII/lib/jna-4.0.0-variadic.jar:/home/travis/build/icyphy/ptII/vendors/misc/joystick/Joystick.jar:/home/travis/build/icyphy/ptII/lib/ptjacl.jar:/home/travis/build/icyphy/ptII/lib/jsoup-1.8.2.jar:/home/travis/build/icyphy/ptII/lib/junit-4.8.2.jar:/home/travis/build/icyphy/ptII/lib/JUnitParams-0.4.0.jar:/home/travis/build/icyphy/ptII/ptolemy/actor/lib/excel/jxl.jar:/home/travis/build/icyphy/ptII/lib/jython.jar:/home/travis/build/icyphy/ptII/lib/kieler.jar:/home/travis/build/icyphy/ptII/vendors/opencv/share/OpenCV/java/opencv-341.jar:/home/travis/build/icyphy/ptII/lib/oscP5.jar:/home/travis/build/icyphy/ptII/lib/nrjavaserial-3.11.0.devel.jar:/home/travis/build/icyphy/ptII/vendors/j3d/lib/j3dcore.jar:/home/travis/build/icyphy/ptII/vendors/j3d/lib/j3dutils.jar:/home/travis/build/icyphy/ptII/vendors/j3d/lib/vecmath.jar:/home/travis/build/icyphy/ptII/ptolemy/distributed/jini/jar/jini-core.jar:/home/travis/build/icyphy/ptII/ptolemy/distributed/jini/jar/jini-ext.jar:/home/travis/build/icyphy/ptII/ptolemy/distributed/jini/jar/sun-util.jar:/home/travis/build/icyphy/ptII/lib/protobuf-java-2.4.1.jar:/home/travis/build/icyphy/ptII/lib/org.eclipse.paho.client.mqttv3.jar:/home/travis/build/icyphy/ptII/ptserver/lib/hessian-4.0.7.jar:/home/travis/build/icyphy/ptII/ptserver/lib/wmqtt.jar:/home/travis/build/icyphy/ptII/lib/mapss.jar:/home/travis/build/icyphy/ptII/ptolemy/actor/ptalon/antlr/antlr.jar:/home/travis/build/icyphy/ptII/lib/JRI.jar:/home/travis/build/icyphy/ptII/lib/commons-lang-2.6.jar:/home/travis/build/icyphy/ptII/lib/commons-logging-1.1.1.jar:/home/travis/build/icyphy/ptII/lib/sootclasses.jar:/home/travis/build/icyphy/ptII/ptolemy/actor/lib/database/mysql-connector-java-5.1.6-bin.jar:/home/travis/build/icyphy/ptII/vendors/misc/sphinx4/sphinx4-data-5prealpha.jar:/home/travis/build/icyphy/ptII/vendors/misc/sphinx4/sphinx4-core-5prealpha.jar:/home/travis/build/icyphy/ptII/lib/PDFRenderer.jar:/home/travis/build/icyphy/ptII/lib/svgSalamander.jar:/home/travis/build/icyphy/ptII/lib/rsyntaxtextarea-2.6.0-SNAPSHOT.jar:/home/travis/build/icyphy/ptII/lib/hazelcast-3.8.2.jar:/home/travis/build/icyphy/ptII/lib/jackson-annotations-2.9.0.jar:/home/travis/build/icyphy/ptII/lib/jackson-core-2.9.3.jar:/home/travis/build/icyphy/ptII/lib/jackson-databind-2.9.3.jar:/home/travis/build/icyphy/ptII/lib/netty-buffer-4.1.19.Final.jar:/home/travis/build/icyphy/ptII/lib/netty-codec-4.1.19.Final.jar:/home/travis/build/icyphy/ptII/lib/netty-codec-dns-4.1.19.Final.jar:/home/travis/build/icyphy/ptII/lib/netty-codec-http-4.1.19.Final.jar:/home/travis/build/icyphy/ptII/lib/netty-codec-http2-4.1.19.Final.jar:/home/travis/build/icyphy/ptII/lib/netty-common-4.1.19.Final.jar:/home/travis/build/icyphy/ptII/lib/netty-handler-4.1.19.Final.jar:/home/travis/build/icyphy/ptII/lib/netty-resolver-4.1.19.Final.jar:/home/travis/build/icyphy/ptII/lib/netty-resolver-dns-4.1.19.Final.jar:/home/travis/build/icyphy/ptII/lib/netty-transport-4.1.19.Final.jar:/home/travis/build/icyphy/ptII/lib/vertx-codegen-3.5.1.jar:/home/travis/build/icyphy/ptII/lib/vertx-core-3.5.2-SNAPSHOT.jar:/home/travis/build/icyphy/ptII/lib/vertx-hazelcast-3.5.1.jar:/home/travis/build/icyphy/ptII/lib/vertx-lang-js-3.5.1.jar:/home/travis/build/icyphy/ptII/lib/vertx-service-proxy-3.5.1.jar:/home/travis/build/icyphy/ptII/lib/vertx-web-3.5.1.jar:/home/travis/build/icyphy/ptII/lib/slf4j-api-1.7.13.jar:/home/travis/build/icyphy/ptII/lib/slf4j-simple-1.7.13.jar:/home/travis/build/icyphy/ptII/lib/webcam-capture-0.3.12.jar:/home/travis/build/icyphy/ptII/lib/bridj-0.7.0.jar:/home/travis/build/icyphy/ptII/lib/xbjlib-1.1.0.nrjavaserial.jar" />
    <property name="test.batch" value="**/junit/*.java" />
    <property name="env._" value="/usr/bin/timeout" />
    <property name="java.io.tmpdir" value="/tmp" />
    <property name="user.language" value="en" />
    <property name="env.HISTCONTROL" value="ignoredups:ignorespace" />
    <property name="env.GOROOT" value="/home/travis/.gimme/versions/go1.7.4.linux.amd64" />
    <property name="line.separator" value="&#xa;" />
    <property name="target" value="1.8" />
    <property name="env.TRAVIS_BUILD_DIR" value="/home/travis/build/icyphy/ptII" />
    <property name="env.ANT_OPTS" value="-Xmx2048m" />
    <property name="ant.file.type" value="file" />
    <property name="ptolemy.ptII.batchMode" value="true" />
    <property name="env.HISTSIZE" value="1000" />
    <property name="env.MERB_ENV" value="test" />
    <property name="java.vm.info" value="mixed mode" />
    <property name="source" value="1.8" />
    <property name="java.vm.specification.name" value="Java Virtual Machine Specification" />
    <property name="env.TRAVIS_TEST_RESULT" value="0" />
    <property name="jsdoc.command" value="node_modules/@terraswarm/jsdoc/jsdoc.js" />
    <property name="npm.works" value="true" />
    <property name="cobertura.dir" value="/home/travis/build/icyphy/ptII/vendors/cobertura-2.0.3" />
    <property name="env.rvm_path" value="/home/travis/.rvm" />
    <property name="env.GEM_PATH" value="/home/travis/.rvm/gems/ruby-2.4.1:/home/travis/.rvm/gems/ruby-2.4.1@global" />
    <property name="env.LC_CTYPE" value="en_US.UTF-8" />
    <property name="java.awt.printerjob" value="sun.print.PSPrinterJob" />
    <property name="env.TRAVIS_STACK_NAME" value="garnet" />
    <property name="ant.version" value="Apache Ant(TM) version 1.10.1 compiled on February 2 2017" />
    <property name="ptII.reports" value="/home/travis/build/icyphy/ptII/reports" />
    <property name="env.TRAVIS_STACK_TIMESTAMP" value="2017-12-05 19:33:09 UTC" />
    <property name="ant.file.type.ptII" value="file" />
    <property name="env.RBENV_SHELL" value="bash" />
    <property name="os.name" value="Linux" />
    <property name="java.specification.vendor" value="Oracle Corporation" />
    <property name="env.rvm_version" value="1.29.3 (latest)" />
    <property name="env.TERM" value="xterm" />
    <property name="java.vm.name" value="Java HotSpot(TM) 64-Bit Server VM" />
    <property name="env.TRAVIS_BUILD_NUMBER" value="701" />
    <property name="env.CI" value="true" />
    <property name="java.library.path" value="/home/travis/pthla/certi-tools/lib:/usr/lib/jni:/usr/local/share/OpenCV/java/:/usr/share/OpenCV/java::/usr/java/packages/lib/amd64:/usr/lib64:/lib64:/lib:/usr/lib" />
    <property name="env.rvm_prefix" value="/home/travis" />
    <property name="env.PATH" value="/home/travis/pthla/certi-tools/share/scripts:/home/travis/.rvm/gems/ruby-2.4.1/bin:/home/travis/.rvm/gems/ruby-2.4.1@global/bin:/home/travis/.rvm/rubies/ruby-2.4.1/bin:/home/travis/.rvm/bin:/home/travis/.nvm/versions/node/v7.10.1/bin:./node_modules/.bin:/home/travis/build/icyphy/ptII/bin:/home/travis/pthla/certi-tools/bin:/home/travis/bin:/home/travis/.local/bin:/opt/pyenv/shims:/home/travis/.phpenv/shims:/home/travis/perl5/perlbrew/bin:/home/travis/.kiex/elixirs/elixir-1.4.5/bin:/home/travis/.kiex/bin:/home/travis/gopath/bin:/home/travis/.gimme/versions/go1.7.4.linux.amd64/bin:/usr/local/phantomjs/bin:/usr/local/phantomjs:/usr/local/neo4j-3.2.7/bin:/usr/local/maven-3.5.2/bin:/usr/local/cmake-3.9.2/bin:/usr/local/clang-5.0.0/bin:/usr/local/sbin:/usr/local/bin:/usr/sbin:/usr/bin:/sbin:/bin:/home/travis/.phpenv/bin:/opt/pyenv/bin:/home/travis/.yarn/bin" />
    <property name="env.TRAVIS_OS_NAME" value="linux" />
    <property name="ant.java.version" value="1.8" />
    <property name="basedir" value="/home/travis/build/icyphy/ptII" />
    <property name="java.class.version" value="52.0" />
    <property name="env.SHLVL" value="3" />
    <property name="env.LD_LIBRARY_PATH" value="/home/travis/pthla/certi-tools/lib:/usr/lib/jni:/usr/local/share/OpenCV/java/:/usr/share/OpenCV/java:" />
    <property name="env.RACK_ENV" value="test" />
    <property name="ant.home" value="/home/travis/build/icyphy/ptII/ant" />
    <property name="env.NVM_DIR" value="/home/travis/.nvm" />
    <property name="env.PERLBREW_BASHRC_VERSION" value="0.80" />
    <property name="env.CERTI_FOM_PATH" value="/home/travis/pthla/certi-tools/share/federations" />
    <property name="env.TRAVIS_BUILD_ID" value="418040664" />
    <property name="env.PYENV_ROOT" value="/opt/pyenv" />
    <property name="env.TRAVIS_UID" value="2000" />
    <property name="env.rvm_pretty_print_flag" value="auto" />
    <property name="env.NVM_BIN" value="/home/travis/.nvm/versions/node/v7.10.1/bin" />
    <property name="env.TRAVIS_COMMIT" value="0cf022ad24b2272dc9a802466af2a6a9926137bb" />
    <property name="env._system_arch" value="x86_64" />
    <property name="node.executable" value="node" />
    <property name="sun.boot.library.path" value="/usr/lib/jvm/java-8-oracle/jre/lib/amd64" />
    <property name="sun.management.compiler" value="HotSpot 64-Bit Tiered Compilers" />
    <property name="env.GOPATH" value="/home/travis/gopath" />
    <property name="java.awt.graphicsenv" value="sun.awt.X11GraphicsEnvironment" />
    <property name="ptolemy.ptII.dir" value="/home/travis/build/icyphy/ptII" />
    <property name="env.USER" value="travis" />
    <property name="env.HISTFILESIZE" value="2000" />
    <property name="timeout.longest" value="19000000" />
    <property name="env.TRAVIS_STACK_FEATURES" value="basic cassandra chromium couchdb disabled-ipv6 docker docker-compose elasticsearch firefox go-toolchain google-chrome jdk memcached mongodb mysql neo4j nodejs_interpreter perl_interpreter perlbrew phantomjs postgresql python_interpreter rabbitmq redis riak ruby_interpreter sqlite xserver" />
    <property name="env.TRAVIS_PULL_REQUEST" value="false" />
    <property name="env.PYENV_SHELL" value="bash" />
    <property name="ant.project.name" value="ptII" />
    <property name="java.vm.specification.version" value="1.8" />
    <property name="env.TRAVIS_DIST" value="trusty" />
    <property name="env.CERTI_VERSION" value="4.0.0" />
    <property name="env.NLSPATH" value="/usr/dt/lib/nls/msg/%L/%N.cat" />
    <property name="awt.toolkit" value="sun.awt.X11.XToolkit" />
    <property name="env.CERTI_HOST" value="localhost" />
    <property name="env.MY_RUBY_HOME" value="/home/travis/.rvm/rubies/ruby-2.4.1" />
    <property name="sun.cpu.isalist" value="" />
    <property name="java.ext.dirs" value="/usr/lib/jvm/java-8-oracle/jre/lib/ext:/usr/java/packages/lib/ext" />
    <property name="os.version" value="4.4.0-101-generic" />
    <property name="user.home" value="/home/travis" />
    <property name="env.MIX_ARCHIVES" value="/home/travis/.kiex/mix/elixir-1.4.5" />
    <property name="java.vm.vendor" value="Oracle Corporation" />
    <property name="env.TRAVIS_TAG" value="nightly" />
    <property name="env.TRAVIS_FILTERED" value="redirect_io" />
    <property name="env.JAVA_HOME" value="/usr/lib/jvm/java-8-oracle" />
    <property name="env.PTII" value="/home/travis/build/icyphy/ptII" />
    <property name="javadoc.excludepackagenames" value="adm.cvs2svn.*,build.*,config.*,doc.coding.templates.*,jni.test.jni.meaningOfLife.*,jni.test.jni.testDeux.*,jni.test.jni.testTrois.*,org.terraswarm.accessor.accessors.web.node_modules.*,org.terraswarm.accessor.accessors.web.hosts.cordova.demo.*,org.terraswarm.accessor.accessors.web.hosts.cordova.plugins.*,org.terraswarm.accessor.accessors-svn.*,pt-modules.*,ptolemy.apps.agilent.*,ptolemy.apps.anytimecontrol.*,ptolemy.apps.apes.*,ptolemy.apps.charon.*,ptolemy.apps.crazyboard.*,ptolemy.apps.eclipse.*,ptolemy.apps.etherealSting.*,ptolemy.apps.fullscreen.*,ptolemy.apps.giotto.*,ptolemy.apps.ia.*,ptolemy.apps.interfaces.*,ptolemy.apps.jmf.*,ptolemy.apps.kurt.*,ptolemy.apps.kvm.*,ptolemy.apps.lego.*,ptolemy.apps.lejos.*,ptolemy.apps.midp.*,ptolemy.apps.mobileCoding.*,ptolemy.apps.pendulum.*,ptolemy.apps.rijndael.*,ptolemy.apps.robot.*,ptolemy.apps.security.*,ptolemy.apps.sobel.*,ptolemy.apps.soot.*,ptolemy.apps.throttle.*,ptolemy.apps.tini.*,ptolemy.apps.transmission.*,ptolemy.apps.vergil.*,ptolemy.apps.waba.*,ptolemy.apps.websensor.*,ptolemy.apps.webstart.*,ptolemy.apps.xsl.*,ptolemy.apps.zaurus.*,ptolemy.backtrack.eclipse.plugin.*,ptolemy.backtrack.test.*,ptolemy.codegen.c.actor.lib.oldJavaFiles.*,ptolemy.codegen.dsp.lib.*,ptolemy.codegen.kernel.newInterfaces.*,ptolemy.codegen.lib.*,ptolemy.copernicus.kernel.fragment.*,ptolemy.copernicus.shallow.cg.*,ptolemy.domains.giotto.demo.Hierarchy.Hierarchy.*,ptolemy.domains.giotto.demo.Multimode.Multimode.*,ptolemy.domains.giotto.demo.Simple.Simple.*,ptolemy.domains.gr.lib.experimental.*,ptolemy.domains.gro.*,ptolemy.domains.pdf.*,ptolemy.domains.ptinyos.demo.Surge.output.*,ptolemy.moml.test.NoPackageActor.java*,ptolemy.plot.adm.*,ptolemy.plot.servlet.*,reports.*,signed.*,src.*,target.*,vendors.*,ptolemy.cg.adapter.generic.program.procedural.c.mbed*,ptolemy.actor.lib.fmi.fmus.omc*,ptolemy.domains.openmodelica*,ptdb.kernel.bl.save.test.*,ptdb.kernel.bl.load.test.*,ptdb.kernel.bl.search.test.*,ptdb.kernel.bl.migration.test.*,ptdb.kernel.database.test.*,ptdb.test.*,ptdb.gui.test.*,org.ptolemy.scala.*,diva.util.java2d.svg.*,ptolemy.domains.ptinyos.*,ptolemy.actor.lib.fmi.fmipp.*,,org.terraswarm.accessor.accessors.web.node_modules.*,org.terraswarm.accessor.accessors-svn,ptolemy.apps.*,ptolemy.actor.ptalon.demo.ptinyos.SendAndReceiveCnt.output,ptolemy.actor.ptalon.demo.ptinyos.SenseToLeds.output,ptolemy.domains.ptinyos.demo.CntToLedsAndRfm.output,ptolemy.domains.ptinyos.demo.RfmToLeds.output,ptolemy.domains.ptinyos.demo.SendAndReceiveCnt.output,ptolemy.domains.ptinyos.demo.SenseToLeds.output,ptolemy.actor.lib.jjs.modules.udpSocket.*" />
    <property name="env.TRAVIS_COMMIT_MESSAGE" value="If the ant target exits with non-zero, delay exiting until after update the repository with the log." />
    <property name="keystore" value="ptKeystore" />
    <property name="env.XDG_SESSION_ID" value="2" />
    <property name="junit.output.dir" value="/home/travis/build/icyphy/ptII/reports/junit" />
    <property name="npm.return.code" value="0" />
    <property name="user.dir" value="/home/travis/build/icyphy/ptII/ptolemy/actor/lib/test" />
    <property name="env.TRAVIS_NODE_VERSION" value="7" />
    <property name="env.XFILESEARCHPATH" value="/usr/dt/app-defaults/%L/Dt" />
    <property name="env.TRAVIS_EVENT_TYPE" value="cron" />
    <property name="env.MAIL" value="/var/mail/travis" />
    <property name="env.PERLBREW_ROOT" value="/home/travis/perl5/perlbrew" />
    <property name="env.PWD" value="/home/travis/build/icyphy/ptII" />
    <property name="timeout.npm" value="45000" />
    <property name="env.PAGER" value="cat" />
    <property name="sun.cpu.endian" value="little" />
    <property name="env.TRAVIS_BUILD_STAGE_NAME" value="Test" />
    <property name="env.PERLBREW_HOME" value="/home/travis/.perlbrew" />
    <property name="env.RAILS_ENV" value="test" />
    <property name="java.vm.version" value="25.151-b12" />
    <property name="java.class.path" value="/home/travis/.ptolemyII:/home/travis/.ptolemyII/*:/home/travis/build/icyphy/ptII:/home/travis/build/icyphy/ptII/lib/bsh-2.0b4.jar:/home/travis/build/icyphy/ptII/lib/ptCal.jar:/home/travis/build/icyphy/ptII/lib/java_cup.jar:/home/travis/build/icyphy/ptII/lib/saxon8.jar:/home/travis/build/icyphy/ptII/lib/saxon8-dom.jar:/home/travis/build/icyphy/ptII/lib/chic.jar:/home/travis/build/icyphy/ptII/lib/ptcolt.jar:/usr/lib/jvm/java-8-oracle/lib/tools.jar:/usr/lib/eclipse/plugins/org.eclipse.jdt.core_3.8.2.dist.jar:/usr/lib/eclipse/plugins/org.eclipse.core.runtime_3.8.0.dist.jar:/usr/lib/eclipse/plugins/org.eclipse.osgi_3.8.1.dist.jar:/usr/lib/eclipse/plugins/org.eclipse.core.resources_3.8.1.dist.jar:/usr/lib/eclipse/plugins/org.eclipse.equinox.common_3.6.100.dist.jar:/usr/lib/eclipse/plugins/org.eclipse.core.jobs_3.5.200.dist.jar:/usr/lib/eclipse/plugins/org.eclipse.core.contenttype_3.4.200.dist.jar:/usr/lib/eclipse/plugins/org.eclipse.equinox.preferences_3.5.0.dist.jar:/usr/lib/eclipse/plugins/org.eclipse.text_3.5.200.dist.jar:/usr/lib/eclipse/plugins/org.eclipse.ui.workbench_3.8.1.dist.jar:/usr/lib/eclipse/plugins/org.eclipse.jface_3.8.0.dist.jar:/usr/lib/eclipse/plugins/org.eclipse.swt_3.8.2.jar:/usr/lib/eclipse/plugins/org.eclipse.jface.text_3.8.1.dist.jar:/usr/lib/eclipse/plugins/org.eclipse.ui.workbench.texteditor_3.8.0.dist.jar:/usr/lib/eclipse/plugins/org.eclipse.ui.editors_3.8.0.dist.jar:/usr/lib/eclipse/plugins/org.eclipse.core.commands_3.6.1.dist.jar:/usr/lib/eclipse/plugins/org.eclipse.equinox.registry_3.5.200.dist.jar:/usr/lib/eclipse/plugins/org.eclipse.ui.console_3.5.100.dist.jar:/usr/lib/eclipse/plugins/org.eclipse.ui.forms_3.5.200.dist.jar:/usr/lib/eclipse/plugins/org.eclipse.ui.ide_3.8.1.dist.jar:/home/travis/build/icyphy/ptII/vendors/oracle/dbxml.jar:/home/travis/build/icyphy/ptII/vendors/oracle/db.jar:/home/travis/build/icyphy/ptII/vendors/misc/itext/iText.jar:/home/travis/build/icyphy/ptII/lib/g4ltl.jar:/home/travis/build/icyphy/ptII/lib/StructuralCoder.jar:/home/travis/build/icyphy/ptII/lib/org-openide-util.jar:/home/travis/build/icyphy/ptII/lib/org-openide-util-lookup.jar:/home/travis/build/icyphy/ptII/lib/org-netbeans-api-visual.jar:/home/travis/build/icyphy/ptII/vendors/jai-1_1_2_01/lib/jai_core.jar:/home/travis/build/icyphy/ptII/vendors/jai-1_1_2_01/lib/jai_codec.jar:/home/travis/build/icyphy/ptII/lib/jcerti.jar:/home/travis/build/icyphy/ptII/lib/smack.jar:/home/travis/build/icyphy/ptII/lib/smackx.jar:/home/travis/build/icyphy/ptII/lib/jetty-all-8.1.5-v20120716.jar:/home/travis/build/icyphy/ptII/lib/javax.servlet-api-3.0.1.jar:/home/travis/build/icyphy/ptII/lib/javax.mail.jar:/home/travis/build/icyphy/ptII/vendors/JMF-2.1.1e/lib/jmf.jar:/home/travis/build/icyphy/ptII/lib/jna-4.0.0-variadic.jar:/home/travis/build/icyphy/ptII/vendors/misc/joystick/Joystick.jar:/home/travis/build/icyphy/ptII/lib/ptjacl.jar:/home/travis/build/icyphy/ptII/lib/jsoup-1.8.2.jar:/home/travis/build/icyphy/ptII/lib/junit-4.8.2.jar:/home/travis/build/icyphy/ptII/lib/JUnitParams-0.4.0.jar:/home/travis/build/icyphy/ptII/ptolemy/actor/lib/excel/jxl.jar:/home/travis/build/icyphy/ptII/lib/jython.jar:/home/travis/build/icyphy/ptII/lib/kieler.jar:/home/travis/build/icyphy/ptII/vendors/opencv/share/OpenCV/java/opencv-341.jar:/home/travis/build/icyphy/ptII/lib/oscP5.jar:/home/travis/build/icyphy/ptII/lib/nrjavaserial-3.11.0.devel.jar:/home/travis/build/icyphy/ptII/vendors/j3d/lib/j3dcore.jar:/home/travis/build/icyphy/ptII/vendors/j3d/lib/j3dutils.jar:/home/travis/build/icyphy/ptII/vendors/j3d/lib/vecmath.jar:/home/travis/build/icyphy/ptII/ptolemy/distributed/jini/jar/jini-core.jar:/home/travis/build/icyphy/ptII/ptolemy/distributed/jini/jar/jini-ext.jar:/home/travis/build/icyphy/ptII/ptolemy/distributed/jini/jar/sun-util.jar:/home/travis/build/icyphy/ptII/lib/protobuf-java-2.4.1.jar:/home/travis/build/icyphy/ptII/lib/org.eclipse.paho.client.mqttv3.jar:/home/travis/build/icyphy/ptII/ptserver/lib/hessian-4.0.7.jar:/home/travis/build/icyphy/ptII/ptserver/lib/wmqtt.jar:/home/travis/build/icyphy/ptII/lib/mapss.jar:/home/travis/build/icyphy/ptII/ptolemy/actor/ptalon/antlr/antlr.jar:/home/travis/build/icyphy/ptII/lib/JRI.jar:/home/travis/build/icyphy/ptII/lib/commons-lang-2.6.jar:/home/travis/build/icyphy/ptII/lib/commons-logging-1.1.1.jar:/home/travis/build/icyphy/ptII/lib/sootclasses.jar:/home/travis/build/icyphy/ptII/ptolemy/actor/lib/database/mysql-connector-java-5.1.6-bin.jar:/home/travis/build/icyphy/ptII/vendors/misc/sphinx4/sphinx4-data-5prealpha.jar:/home/travis/build/icyphy/ptII/vendors/misc/sphinx4/sphinx4-core-5prealpha.jar:/home/travis/build/icyphy/ptII/lib/PDFRenderer.jar:/home/travis/build/icyphy/ptII/lib/svgSalamander.jar:/home/travis/build/icyphy/ptII/lib/rsyntaxtextarea-2.6.0-SNAPSHOT.jar:/home/travis/build/icyphy/ptII/lib/hazelcast-3.8.2.jar:/home/travis/build/icyphy/ptII/lib/jackson-annotations-2.9.0.jar:/home/travis/build/icyphy/ptII/lib/jackson-core-2.9.3.jar:/home/travis/build/icyphy/ptII/lib/jackson-databind-2.9.3.jar:/home/travis/build/icyphy/ptII/lib/netty-buffer-4.1.19.Final.jar:/home/travis/build/icyphy/ptII/lib/netty-codec-4.1.19.Final.jar:/home/travis/build/icyphy/ptII/lib/netty-codec-dns-4.1.19.Final.jar:/home/travis/build/icyphy/ptII/lib/netty-codec-http-4.1.19.Final.jar:/home/travis/build/icyphy/ptII/lib/netty-codec-http2-4.1.19.Final.jar:/home/travis/build/icyphy/ptII/lib/netty-common-4.1.19.Final.jar:/home/travis/build/icyphy/ptII/lib/netty-handler-4.1.19.Final.jar:/home/travis/build/icyphy/ptII/lib/netty-resolver-4.1.19.Final.jar:/home/travis/build/icyphy/ptII/lib/netty-resolver-dns-4.1.19.Final.jar:/home/travis/build/icyphy/ptII/lib/netty-transport-4.1.19.Final.jar:/home/travis/build/icyphy/ptII/lib/vertx-codegen-3.5.1.jar:/home/travis/build/icyphy/ptII/lib/vertx-core-3.5.2-SNAPSHOT.jar:/home/travis/build/icyphy/ptII/lib/vertx-hazelcast-3.5.1.jar:/home/travis/build/icyphy/ptII/lib/vertx-lang-js-3.5.1.jar:/home/travis/build/icyphy/ptII/lib/vertx-service-proxy-3.5.1.jar:/home/travis/build/icyphy/ptII/lib/vertx-web-3.5.1.jar:/home/travis/build/icyphy/ptII/lib/slf4j-api-1.7.13.jar:/home/travis/build/icyphy/ptII/lib/slf4j-simple-1.7.13.jar:/home/travis/build/icyphy/ptII/lib/webcam-capture-0.3.12.jar:/home/travis/build/icyphy/ptII/lib/bridj-0.7.0.jar:/home/travis/build/icyphy/ptII/lib/xbjlib-1.1.0.nrjavaserial.jar:/home/travis/build/icyphy/ptII/ptolemy/moml/test:/home/travis/build/icyphy/ptII/ant/lib/ant-launcher.jar:/home/travis/build/icyphy/ptII/ant/lib/ant.jar:/home/travis/build/icyphy/ptII/ant/lib/ant-junit.jar:/home/travis/build/icyphy/ptII/ant/lib/ant-junit4.jar" />
    <property name="ant.library.dir" value="/home/travis/build/icyphy/ptII/ant/lib" />
    <property name="os.arch" value="amd64" />
    <property name="env.TRAVIS_LANGUAGE" value="node_js" />
    <property name="env.CONTINUOUS_INTEGRATION" value="true" />
    <property name="env.TRAVIS_STACK_LANGUAGES" value="__garnet__ c c++ clojure cplusplus cpp default go groovy java node_js php pure_java python ruby scala" />
    <property name="test.name" value="ptolemy.actor.lib.test.junit.JUnitTclTest" />
    <property name="sun.java.launcher" value="SUN_STANDARD" />
    <property name="env.PYTHON_CONFIGURE_OPTS" value="--enable-unicode=ucs4 --with-wide-unicode --enable-shared --enable-ipv6 --enable-loadable-sqlite-extensions --with-computed-gotos" />
    <property name="ant.core.lib" value="/home/travis/build/icyphy/ptII/ant/lib/ant.jar" />
    <property name="java.vm.specification.vendor" value="Oracle Corporation" />
    <property name="env.BCVTB_HOME" value="/home/travis/build/icyphy/ptII/lbnl" />
    <property name="file.separator" value="/" />
    <property name="java.runtime.version" value="1.8.0_151-b12" />
    <property name="spotbugs.home" value="/home/travis/build/icyphy/ptII/vendors/spotbugs-3.1.1" />
    <property name="sun.boot.class.path" value="/usr/lib/jvm/java-8-oracle/jre/lib/resources.jar:/usr/lib/jvm/java-8-oracle/jre/lib/rt.jar:/usr/lib/jvm/java-8-oracle/jre/lib/sunrsasign.jar:/usr/lib/jvm/java-8-oracle/jre/lib/jsse.jar:/usr/lib/jvm/java-8-oracle/jre/lib/jce.jar:/usr/lib/jvm/java-8-oracle/jre/lib/charsets.jar:/usr/lib/jvm/java-8-oracle/jre/lib/jfr.jar:/usr/lib/jvm/java-8-oracle/jre/classes" />
    <property name="env.HAS_JOSH_K_SEAL_OF_APPROVAL" value="true" />
    <property name="env.XDG_RUNTIME_DIR" value="/run/user/2000" />
    <property name="env.TRAVIS_OSX_IMAGE" value="" />
    <property name="env.TRAVIS_BRANCH" value="master" />
    <property name="env.TRAVIS_JOB_ID" value="418040672" />
    <property name="user.country" value="US" />
    <property name="env.CERTI_HOME_TRAVIS" value="/home/travis/pthla/certi-tools" />
    <property name="env.SHELL" value="/bin/bash" />
    <property name="java.maxmemory.large" value="5000m" />
    <property name="model" value="" />
    <property name="env.CASHER_DIR" value="/home/travis/.casher" />
    <property name="env.NVM_CD_FLAGS" value="" />
    <property name="jshint.executable" value="/home/travis/node_modules/jshint/bin/jshint" />
    <property name="java.vendor" value="Oracle Corporation" />
    <property name="env.JRUBY_OPTS" value=" --client -J-XX:+TieredCompilation -J-XX:TieredStopAtLevel=1 -J-Xss2m -Xcompile.invokedynamic=false" />
    <property name="env.TRAVIS_PRE_CHEF_BOOTSTRAP_TIME" value="2017-12-05T19:32:55" />
    <property name="env.ELIXIR_VERSION" value="1.4.5" />
    <property name="env.TRAVIS_STACK_JOB_BOARD_REGISTER" value="/.job-board-register.yml" />
    <property name="java.specification.version" value="1.8" />
    <property name="env.TRAVIS" value="true" />
    <property name="env.IRBRC" value="/home/travis/.rvm/rubies/ruby-2.4.1/.irbrc" />
    <property name="sun.arch.data.model" value="64" />
  </properties>
  <testcase classname="ptolemy.util.test.junit.TclTests" name="[0] /home/travis/build/icyphy/ptII/ptolemy/actor/lib/test/AbsoluteValue.tcl (RunTclFile)" time="0.49" />
  <testcase classname="ptolemy.util.test.junit.TclTests" name="[1] /home/travis/build/icyphy/ptII/ptolemy/actor/lib/test/AddSubtract.tcl (RunTclFile)" time="0.074" />
  <testcase classname="ptolemy.util.test.junit.TclTests" name="[2] /home/travis/build/icyphy/ptII/ptolemy/actor/lib/test/Average.tcl (RunTclFile)" time="0.034" />
  <testcase classname="ptolemy.util.test.junit.TclTests" name="[3] /home/travis/build/icyphy/ptII/ptolemy/actor/lib/test/Bernoulli.tcl (RunTclFile)" time="0.02" />
  <testcase classname="ptolemy.util.test.junit.TclTests" name="[4] /home/travis/build/icyphy/ptII/ptolemy/actor/lib/test/Clock.tcl (RunTclFile)" time="0.081" />
  <testcase classname="ptolemy.util.test.junit.TclTests" name="[5] /home/travis/build/icyphy/ptII/ptolemy/actor/lib/test/Commutator.tcl (RunTclFile)" time="0.174" />
  <testcase classname="ptolemy.util.test.junit.TclTests" name="[6] /home/travis/build/icyphy/ptII/ptolemy/actor/lib/test/Const.tcl (RunTclFile)" time="0.119" />
  <testcase classname="ptolemy.util.test.junit.TclTests" name="[7] /home/travis/build/icyphy/ptII/ptolemy/actor/lib/test/CurrentTime.tcl (RunTclFile)" time="0.023" />
  <testcase classname="ptolemy.util.test.junit.TclTests" name="[8] /home/travis/build/icyphy/ptII/ptolemy/actor/lib/test/DB.tcl (RunTclFile)" time="0.03" />
  <testcase classname="ptolemy.util.test.junit.TclTests" name="[9] /home/travis/build/icyphy/ptII/ptolemy/actor/lib/test/DiscreteRandomSource.tcl (RunTclFile)" time="0.025" />
  <testcase classname="ptolemy.util.test.junit.TclTests" name="[10] /home/travis/build/icyphy/ptII/ptolemy/actor/lib/test/Distributor.tcl (RunTclFile)" time="0.081" />
  <testcase classname="ptolemy.util.test.junit.TclTests" name="[11] /home/travis/build/icyphy/ptII/ptolemy/actor/lib/test/Exit.tcl (RunTclFile)" time="0.068" />
  <testcase classname="ptolemy.util.test.junit.TclTests" name="[12] /home/travis/build/icyphy/ptII/ptolemy/actor/lib/test/Expression.tcl (RunTclFile)" time="0.124" />
  <testcase classname="ptolemy.util.test.junit.TclTests" name="[13] /home/travis/build/icyphy/ptII/ptolemy/actor/lib/test/Gaussian.tcl (RunTclFile)" time="0.172" />
  <testcase classname="ptolemy.util.test.junit.TclTests" name="[14] /home/travis/build/icyphy/ptII/ptolemy/actor/lib/test/IIR.tcl (RunTclFile)" time="0.044" />
  <testcase classname="ptolemy.util.test.junit.TclTests" name="[15] /home/travis/build/icyphy/ptII/ptolemy/actor/lib/test/Interpolator.tcl (RunTclFile)" time="0.146" />
  <testcase classname="ptolemy.util.test.junit.TclTests" name="[16] /home/travis/build/icyphy/ptII/ptolemy/actor/lib/test/MathFunction.tcl (RunTclFile)" time="0.088" />
  <testcase classname="ptolemy.util.test.junit.TclTests" name="[17] /home/travis/build/icyphy/ptII/ptolemy/actor/lib/test/Maximum.tcl (RunTclFile)" time="0.04" />
  <testcase classname="ptolemy.util.test.junit.TclTests" name="[18] /home/travis/build/icyphy/ptII/ptolemy/actor/lib/test/Minimum.tcl (RunTclFile)" time="0.038" />
  <testcase classname="ptolemy.util.test.junit.TclTests" name="[19] /home/travis/build/icyphy/ptII/ptolemy/actor/lib/test/MultiplyDivide.tcl (RunTclFile)" time="0.05" />
  <testcase classname="ptolemy.util.test.junit.TclTests" name="[20] /home/travis/build/icyphy/ptII/ptolemy/actor/lib/test/OrderedMerge.tcl (RunTclFile)" time="0.102" />
  <testcase classname="ptolemy.util.test.junit.TclTests" name="[21] /home/travis/build/icyphy/ptII/ptolemy/actor/lib/test/Publisher.tcl (RunTclFile)" time="0.678" />
  <testcase classname="ptolemy.util.test.junit.TclTests" name="[22] /home/travis/build/icyphy/ptII/ptolemy/actor/lib/test/Pulse.tcl (RunTclFile)" time="0.035" />
  <testcase classname="ptolemy.util.test.junit.TclTests" name="[23] /home/travis/build/icyphy/ptII/ptolemy/actor/lib/test/Ramp.tcl (RunTclFile)" time="2.325" />
  <testcase classname="ptolemy.util.test.junit.TclTests" name="[24] /home/travis/build/icyphy/ptII/ptolemy/actor/lib/test/RampContinuous.tcl (RunTclFile)" time="0.024" />
  <testcase classname="ptolemy.util.test.junit.TclTests" name="[25] /home/travis/build/icyphy/ptII/ptolemy/actor/lib/test/RecordAssembler.tcl (RunTclFile)" time="0.017" />
  <testcase classname="ptolemy.util.test.junit.TclTests" name="[26] /home/travis/build/icyphy/ptII/ptolemy/actor/lib/test/RecordDisassembler.tcl (RunTclFile)" time="0.053" />
  <testcase classname="ptolemy.util.test.junit.TclTests" name="[27] /home/travis/build/icyphy/ptII/ptolemy/actor/lib/test/Scale.tcl (RunTclFile)" time="0.034" />
  <testcase classname="ptolemy.util.test.junit.TclTests" name="[28] /home/travis/build/icyphy/ptII/ptolemy/actor/lib/test/SequentialClock.tcl (RunTclFile)" time="0.019" />
  <testcase classname="ptolemy.util.test.junit.TclTests" name="[29] /home/travis/build/icyphy/ptII/ptolemy/actor/lib/test/SetVariable.tcl (RunTclFile)" time="0.015" />
  <testcase classname="ptolemy.util.test.junit.TclTests" name="[30] /home/travis/build/icyphy/ptII/ptolemy/actor/lib/test/Sinewave.tcl (RunTclFile)" time="0.071" />
  <testcase classname="ptolemy.util.test.junit.TclTests" name="[31] /home/travis/build/icyphy/ptII/ptolemy/actor/lib/test/SubscriptionAggregator.tcl (RunTclFile)" time="2.08" />
  <testcase classname="ptolemy.util.test.junit.TclTests" name="[32] /home/travis/build/icyphy/ptII/ptolemy/actor/lib/test/Test.tcl (RunTclFile)" time="0.114" />
  <testcase classname="ptolemy.util.test.junit.TclTests" name="[33] /home/travis/build/icyphy/ptII/ptolemy/actor/lib/test/TestExceptionHandler.tcl (RunTclFile)" time="0.01" />
  <testcase classname="ptolemy.util.test.junit.TclTests" name="[34] /home/travis/build/icyphy/ptII/ptolemy/actor/lib/test/UnionDisassembler.tcl (RunTclFile)" time="0.069" />
  <testcase classname="ptolemy.util.test.junit.TclTests" name="[35] /home/travis/build/icyphy/ptII/ptolemy/actor/lib/test/VariableClock.tcl (RunTclFile)" time="0.033" />
  <testcase classname="ptolemy.util.test.junit.AutoKnownFailedTests" name="[0] /home/travis/build/icyphy/ptII/ptolemy/actor/lib/test/auto/knownFailedTests/PublisherPortToplevelSubscriber.xml (RunModel)" time="0.017" />
  <testcase classname="ptolemy.util.test.junit.AutoKnownFailedTests" name="[1] /home/travis/build/icyphy/ptII/ptolemy/actor/lib/test/auto/knownFailedTests/PublisherSubscriberPortToplevel.xml (RunModel)" time="0.02" />
  <testcase classname="ptolemy.util.test.junit.AutoKnownFailedTests" name="[2] /home/travis/build/icyphy/ptII/ptolemy/actor/lib/test/auto/knownFailedTests/PublisherSubscriptionAggregatorPort.xml (RunModel)" time="0.023" />
  <testcase classname="ptolemy.util.test.junit.AutoKnownFailedTests" name="[3] /home/travis/build/icyphy/ptII/ptolemy/actor/lib/test/auto/knownFailedTests/sizedarray3.xml (RunModel)" time="0.026" />
  <testcase classname="ptolemy.util.test.junit.AutoNameArchTests" name="[0] ThereAreNoAutoArchTests (RunModel)" time="0.005" />
  <testcase classname="ptolemy.util.test.junit.AutoTests" name="[0] /home/travis/build/icyphy/ptII/ptolemy/actor/lib/test/auto/AbsoluteValue.xml (RunModel)" time="0.1" />
  <testcase classname="ptolemy.util.test.junit.AutoTests" name="[1] /home/travis/build/icyphy/ptII/ptolemy/actor/lib/test/auto/AbsoluteValue2.xml (RunModel)" time="0.088" />
  <testcase classname="ptolemy.util.test.junit.AutoTests" name="[2] /home/travis/build/icyphy/ptII/ptolemy/actor/lib/test/auto/Accumulator.xml (RunModel)" time="0.084" />
  <testcase classname="ptolemy.util.test.junit.AutoTests" name="[3] /home/travis/build/icyphy/ptII/ptolemy/actor/lib/test/auto/Accumulator2.xml (RunModel)" time="0.063" />
  <testcase classname="ptolemy.util.test.junit.AutoTests" name="[4] /home/travis/build/icyphy/ptII/ptolemy/actor/lib/test/auto/Accumulator3.xml (RunModel)" time="0.059" />
  <testcase classname="ptolemy.util.test.junit.AutoTests" name="[5] /home/travis/build/icyphy/ptII/ptolemy/actor/lib/test/auto/ArrayAppend.xml (RunModel)" time="0.033" />
  <testcase classname="ptolemy.util.test.junit.AutoTests" name="[6] /home/travis/build/icyphy/ptII/ptolemy/actor/lib/test/auto/ArrayAppend2.xml (RunModel)" time="0.56" />
  <testcase classname="ptolemy.util.test.junit.AutoTests" name="[7] /home/travis/build/icyphy/ptII/ptolemy/actor/lib/test/auto/ArrayAppend3.xml (RunModel)" time="0.038" />
  <testcase classname="ptolemy.util.test.junit.AutoTests" name="[8] /home/travis/build/icyphy/ptII/ptolemy/actor/lib/test/auto/ArrayAppend4.xml (RunModel)" time="0.082" />
  <testcase classname="ptolemy.util.test.junit.AutoTests" name="[9] /home/travis/build/icyphy/ptII/ptolemy/actor/lib/test/auto/ArrayAppend5.xml (RunModel)" time="0.028" />
  <testcase classname="ptolemy.util.test.junit.AutoTests" name="[10] /home/travis/build/icyphy/ptII/ptolemy/actor/lib/test/auto/ArrayAppend6.xml (RunModel)" time="0.022" />
  <testcase classname="ptolemy.util.test.junit.AutoTests" name="[11] /home/travis/build/icyphy/ptII/ptolemy/actor/lib/test/auto/ArrayAppendPerformanceTest.xml (RunModel)" time="0.055" />
  <testcase classname="ptolemy.util.test.junit.AutoTests" name="[12] /home/travis/build/icyphy/ptII/ptolemy/actor/lib/test/auto/ArrayAppendWithEmptyInput.xml (RunModel)" time="0.035" />
  <testcase classname="ptolemy.util.test.junit.AutoTests" name="[13] /home/travis/build/icyphy/ptII/ptolemy/actor/lib/test/auto/ArrayAverage.xml (RunModel)" time="0.074" />
  <testcase classname="ptolemy.util.test.junit.AutoTests" name="[14] /home/travis/build/icyphy/ptII/ptolemy/actor/lib/test/auto/ArrayContains.xml (RunModel)" time="0.041" />
  <testcase classname="ptolemy.util.test.junit.AutoTests" name="[15] /home/travis/build/icyphy/ptII/ptolemy/actor/lib/test/auto/ArrayElement.xml (RunModel)" time="0.032" />
  <testcase classname="ptolemy.util.test.junit.AutoTests" name="[16] /home/travis/build/icyphy/ptII/ptolemy/actor/lib/test/auto/ArrayElementAsMatrix.xml (RunModel)" time="0.059" />
  <testcase classname="ptolemy.util.test.junit.AutoTests" name="[17] /home/travis/build/icyphy/ptII/ptolemy/actor/lib/test/auto/ArrayElementI.xml (RunModel)" time="0.022" />
  <testcase classname="ptolemy.util.test.junit.AutoTests" name="[18] /home/travis/build/icyphy/ptII/ptolemy/actor/lib/test/auto/ArrayExtract.xml (RunModel)" time="0.027" />
  <testcase classname="ptolemy.util.test.junit.AutoTests" name="[19] /home/travis/build/icyphy/ptII/ptolemy/actor/lib/test/auto/ArrayExtract2.xml (RunModel)" time="0.023" />
  <testcase classname="ptolemy.util.test.junit.AutoTests" name="[20] /home/travis/build/icyphy/ptII/ptolemy/actor/lib/test/auto/ArrayLength.xml (RunModel)" time="0.029" />
  <testcase classname="ptolemy.util.test.junit.AutoTests" name="[21] /home/travis/build/icyphy/ptII/ptolemy/actor/lib/test/auto/ArrayLevelCrossing.xml (RunModel)" time="0.04" />
  <testcase classname="ptolemy.util.test.junit.AutoTests" name="[22] /home/travis/build/icyphy/ptII/ptolemy/actor/lib/test/auto/ArrayLevelCrossing2.xml (RunModel)" time="0.025" />
  <testcase classname="ptolemy.util.test.junit.AutoTests" name="[23] /home/travis/build/icyphy/ptII/ptolemy/actor/lib/test/auto/ArrayPeakSearch.xml (RunModel)" time="0.051" />
  <testcase classname="ptolemy.util.test.junit.AutoTests" name="[24] /home/travis/build/icyphy/ptII/ptolemy/actor/lib/test/auto/ArrayPeakSearch2.xml (RunModel)" time="0.05" />
  <testcase classname="ptolemy.util.test.junit.AutoTests" name="[25] /home/travis/build/icyphy/ptII/ptolemy/actor/lib/test/auto/ArrayPeakSearch3.xml (RunModel)" time="0.038" />
  <testcase classname="ptolemy.util.test.junit.AutoTests" name="[26] /home/travis/build/icyphy/ptII/ptolemy/actor/lib/test/auto/ArrayRemoveElement.xml (RunModel)" time="0.033" />
  <testcase classname="ptolemy.util.test.junit.AutoTests" name="[27] /home/travis/build/icyphy/ptII/ptolemy/actor/lib/test/auto/ArraySort.xml (RunModel)" time="0.044" />
  <testcase classname="ptolemy.util.test.junit.AutoTests" name="[28] /home/travis/build/icyphy/ptII/ptolemy/actor/lib/test/auto/ArraySum.xml (RunModel)" time="0.025" />
  <testcase classname="ptolemy.util.test.junit.AutoTests" name="[29] /home/travis/build/icyphy/ptII/ptolemy/actor/lib/test/auto/ArrayToElements.xml (RunModel)" time="0.021" />
  <testcase classname="ptolemy.util.test.junit.AutoTests" name="[30] /home/travis/build/icyphy/ptII/ptolemy/actor/lib/test/auto/ArrayToMatrix.xml (RunModel)" time="0.064" />
  <testcase classname="ptolemy.util.test.junit.AutoTests" name="[31] /home/travis/build/icyphy/ptII/ptolemy/actor/lib/test/auto/ArrayUpdate1.xml (RunModel)" time="0.017" />
  <testcase classname="ptolemy.util.test.junit.AutoTests" name="[32] /home/travis/build/icyphy/ptII/ptolemy/actor/lib/test/auto/ArrayUpdate2.xml (RunModel)" time="0.032" />
  <testcase classname="ptolemy.util.test.junit.AutoTests" name="[33] /home/travis/build/icyphy/ptII/ptolemy/actor/lib/test/auto/ArrayUpdate3.xml (RunModel)" time="0.03" />
  <testcase classname="ptolemy.util.test.junit.AutoTests" name="[34] /home/travis/build/icyphy/ptII/ptolemy/actor/lib/test/auto/Assert1.xml (RunModel)" time="0.029" />
  <testcase classname="ptolemy.util.test.junit.AutoTests" name="[35] /home/travis/build/icyphy/ptII/ptolemy/actor/lib/test/auto/Assert2.xml (RunModel)" time="0.018" />
  <testcase classname="ptolemy.util.test.junit.AutoTests" name="[36] /home/travis/build/icyphy/ptII/ptolemy/actor/lib/test/auto/BooleanMultiplexor.xml (RunModel)" time="0.021" />
  <testcase classname="ptolemy.util.test.junit.AutoTests" name="[37] /home/travis/build/icyphy/ptII/ptolemy/actor/lib/test/auto/BooleanMultiplexor2.xml (RunModel)" time="0.033" />
  <testcase classname="ptolemy.util.test.junit.AutoTests" name="[38] /home/travis/build/icyphy/ptII/ptolemy/actor/lib/test/auto/BooleanMultiplexor3.xml (RunModel)" time="0.021" />
  <testcase classname="ptolemy.util.test.junit.AutoTests" name="[39] /home/travis/build/icyphy/ptII/ptolemy/actor/lib/test/auto/BooleanSelect.xml (RunModel)" time="0.028" />
  <testcase classname="ptolemy.util.test.junit.AutoTests" name="[40] /home/travis/build/icyphy/ptII/ptolemy/actor/lib/test/auto/BooleanSelect2.xml (RunModel)" time="0.024" />
  <testcase classname="ptolemy.util.test.junit.AutoTests" name="[41] /home/travis/build/icyphy/ptII/ptolemy/actor/lib/test/auto/BooleanSwitch.xml (RunModel)" time="0.02" />
  <testcase classname="ptolemy.util.test.junit.AutoTests" name="[42] /home/travis/build/icyphy/ptII/ptolemy/actor/lib/test/auto/BooleanSwitch2.xml (RunModel)" time="0.016" />
  <testcase classname="ptolemy.util.test.junit.AutoTests" name="[43] /home/travis/build/icyphy/ptII/ptolemy/actor/lib/test/auto/BooleanSwitchCloningBugWithClassRelationGroup.xml (RunModel)" time="0.059" />
  <testcase classname="ptolemy.util.test.junit.AutoTests" name="[44] /home/travis/build/icyphy/ptII/ptolemy/actor/lib/test/auto/BusActors.xml (RunModel)" time="0.029" />
  <testcase classname="ptolemy.util.test.junit.AutoTests" name="[45] /home/travis/build/icyphy/ptII/ptolemy/actor/lib/test/auto/ClassWrapper.xml (RunModel)" time="0.014" />
  <testcase classname="ptolemy.util.test.junit.AutoTests" name="[46] /home/travis/build/icyphy/ptII/ptolemy/actor/lib/test/auto/Clock.xml (RunModel)" time="0.009" />
  <testcase classname="ptolemy.util.test.junit.AutoTests" name="[47] /home/travis/build/icyphy/ptII/ptolemy/actor/lib/test/auto/Clock10.xml (RunModel)" time="0.016" />
  <testcase classname="ptolemy.util.test.junit.AutoTests" name="[48] /home/travis/build/icyphy/ptII/ptolemy/actor/lib/test/auto/Clock11.xml (RunModel)" time="0.021" />
  <testcase classname="ptolemy.util.test.junit.AutoTests" name="[49] /home/travis/build/icyphy/ptII/ptolemy/actor/lib/test/auto/Clock12.xml (RunModel)" time="0.025" />
  <testcase classname="ptolemy.util.test.junit.AutoTests" name="[50] /home/travis/build/icyphy/ptII/ptolemy/actor/lib/test/auto/Clock13.xml (RunModel)" time="0.018" />
  <testcase classname="ptolemy.util.test.junit.AutoTests" name="[51] /home/travis/build/icyphy/ptII/ptolemy/actor/lib/test/auto/Clock14.xml (RunModel)" time="0.02" />
  <testcase classname="ptolemy.util.test.junit.AutoTests" name="[52] /home/travis/build/icyphy/ptII/ptolemy/actor/lib/test/auto/Clock15.xml (RunModel)" time="0.02" />
  <testcase classname="ptolemy.util.test.junit.AutoTests" name="[53] /home/travis/build/icyphy/ptII/ptolemy/actor/lib/test/auto/Clock16.xml (RunModel)" time="0.091" />
  <testcase classname="ptolemy.util.test.junit.AutoTests" name="[54] /home/travis/build/icyphy/ptII/ptolemy/actor/lib/test/auto/Clock17.xml (RunModel)" time="0.063" />
  <testcase classname="ptolemy.util.test.junit.AutoTests" name="[55] /home/travis/build/icyphy/ptII/ptolemy/actor/lib/test/auto/Clock18.xml (RunModel)" time="0.066" />
  <testcase classname="ptolemy.util.test.junit.AutoTests" name="[56] /home/travis/build/icyphy/ptII/ptolemy/actor/lib/test/auto/Clock19.xml (RunModel)" time="0.046" />
  <testcase classname="ptolemy.util.test.junit.AutoTests" name="[57] /home/travis/build/icyphy/ptII/ptolemy/actor/lib/test/auto/Clock2.xml (RunModel)" time="0.013" />
  <testcase classname="ptolemy.util.test.junit.AutoTests" name="[58] /home/travis/build/icyphy/ptII/ptolemy/actor/lib/test/auto/Clock20.xml (RunModel)" time="0.019" />
  <testcase classname="ptolemy.util.test.junit.AutoTests" name="[59] /home/travis/build/icyphy/ptII/ptolemy/actor/lib/test/auto/Clock21.xml (RunModel)" time="0.013" />
  <testcase classname="ptolemy.util.test.junit.AutoTests" name="[60] /home/travis/build/icyphy/ptII/ptolemy/actor/lib/test/auto/Clock22.xml (RunModel)" time="0.014" />
  <testcase classname="ptolemy.util.test.junit.AutoTests" name="[61] /home/travis/build/icyphy/ptII/ptolemy/actor/lib/test/auto/Clock23.xml (RunModel)" time="0.014" />
  <testcase classname="ptolemy.util.test.junit.AutoTests" name="[62] /home/travis/build/icyphy/ptII/ptolemy/actor/lib/test/auto/Clock24.xml (RunModel)" time="0.015" />
  <testcase classname="ptolemy.util.test.junit.AutoTests" name="[63] /home/travis/build/icyphy/ptII/ptolemy/actor/lib/test/auto/Clock4.xml (RunModel)" time="0.012" />
  <testcase classname="ptolemy.util.test.junit.AutoTests" name="[64] /home/travis/build/icyphy/ptII/ptolemy/actor/lib/test/auto/Clock5.xml (RunModel)" time="0.015" />
  <testcase classname="ptolemy.util.test.junit.AutoTests" name="[65] /home/travis/build/icyphy/ptII/ptolemy/actor/lib/test/auto/Clock6.xml (RunModel)" time="0.011" />
  <testcase classname="ptolemy.util.test.junit.AutoTests" name="[66] /home/travis/build/icyphy/ptII/ptolemy/actor/lib/test/auto/Clock7.xml (RunModel)" time="0.012" />
  <testcase classname="ptolemy.util.test.junit.AutoTests" name="[67] /home/travis/build/icyphy/ptII/ptolemy/actor/lib/test/auto/Clock8.xml (RunModel)" time="0.013" />
  <testcase classname="ptolemy.util.test.junit.AutoTests" name="[68] /home/travis/build/icyphy/ptII/ptolemy/actor/lib/test/auto/Clock9.xml (RunModel)" time="0.014" />
  <testcase classname="ptolemy.util.test.junit.AutoTests" name="[69] /home/travis/build/icyphy/ptII/ptolemy/actor/lib/test/auto/CommDistDiscard.xml (RunModel)" time="0.025" />
  <testcase classname="ptolemy.util.test.junit.AutoTests" name="[70] /home/travis/build/icyphy/ptII/ptolemy/actor/lib/test/auto/Commutator.xml (RunModel)" time="0.012" />
  <testcase classname="ptolemy.util.test.junit.AutoTests" name="[71] /home/travis/build/icyphy/ptII/ptolemy/actor/lib/test/auto/Commutator2.xml (RunModel)" time="0.011" />
  <testcase classname="ptolemy.util.test.junit.AutoTests" name="[72] /home/travis/build/icyphy/ptII/ptolemy/actor/lib/test/auto/Commutator3.xml (RunModel)" time="0.011" />
  <testcase classname="ptolemy.util.test.junit.AutoTests" name="[73] /home/travis/build/icyphy/ptII/ptolemy/actor/lib/test/auto/Compare.xml (RunModel)" time="0.018" />
  <testcase classname="ptolemy.util.test.junit.AutoTests" name="[74] /home/travis/build/icyphy/ptII/ptolemy/actor/lib/test/auto/CompareDE.xml (RunModel)" time="0.019" />
  <testcase classname="ptolemy.util.test.junit.AutoTests" name="[75] /home/travis/build/icyphy/ptII/ptolemy/actor/lib/test/auto/ComplexDivide.xml (RunModel)" time="0.009" />
  <testcase classname="ptolemy.util.test.junit.AutoTests" name="[76] /home/travis/build/icyphy/ptII/ptolemy/actor/lib/test/auto/ComputeHistogram.xml (RunModel)" time="0.062" />
  <testcase classname="ptolemy.util.test.junit.AutoTests" name="[77] /home/travis/build/icyphy/ptII/ptolemy/actor/lib/test/auto/ConfigurationSelect.xml (RunModel)" time="0.016" />
  <testcase classname="ptolemy.util.test.junit.AutoTests" name="[78] /home/travis/build/icyphy/ptII/ptolemy/actor/lib/test/auto/ConfigurationSelect2.xml (RunModel)" time="0.013" />
  <testcase classname="ptolemy.util.test.junit.AutoTests" name="[79] /home/travis/build/icyphy/ptII/ptolemy/actor/lib/test/auto/ConfigurationSwitch.xml (RunModel)" time="0.015" />
  <testcase classname="ptolemy.util.test.junit.AutoTests" name="[80] /home/travis/build/icyphy/ptII/ptolemy/actor/lib/test/auto/ConfigurationSwitch2.xml (RunModel)" time="0.014" />
  <testcase classname="ptolemy.util.test.junit.AutoTests" name="[81] /home/travis/build/icyphy/ptII/ptolemy/actor/lib/test/auto/ConfigurationSwitchCloningBugWithClassRelationGroup.xml (RunModel)" time="0.02" />
  <testcase classname="ptolemy.util.test.junit.AutoTests" name="[82] /home/travis/build/icyphy/ptII/ptolemy/actor/lib/test/auto/ConfigurationSwitchSelectSDF.xml (RunModel)" time="0.014" />
  <testcase classname="ptolemy.util.test.junit.AutoTests" name="[83] /home/travis/build/icyphy/ptII/ptolemy/actor/lib/test/auto/ConfigurationSwitchSelectSDF2.xml (RunModel)" time="0.015" />
  <testcase classname="ptolemy.util.test.junit.AutoTests" name="[84] /home/travis/build/icyphy/ptII/ptolemy/actor/lib/test/auto/Const.xml (RunModel)" time="0.008" />
  <testcase classname="ptolemy.util.test.junit.AutoTests" name="[85] /home/travis/build/icyphy/ptII/ptolemy/actor/lib/test/auto/Const2.xml (RunModel)" time="0.01" />
  <testcase classname="ptolemy.util.test.junit.AutoTests" name="[86] /home/travis/build/icyphy/ptII/ptolemy/actor/lib/test/auto/Const3.xml (RunModel)" time="0.006" />
  <testcase classname="ptolemy.util.test.junit.AutoTests" name="[87] /home/travis/build/icyphy/ptII/ptolemy/actor/lib/test/auto/ConstantPublisherPort1.xml (RunModel)" time="0.023" />
  <testcase classname="ptolemy.util.test.junit.AutoTests" name="[88] /home/travis/build/icyphy/ptII/ptolemy/actor/lib/test/auto/ConstantPublisherPort2.xml (RunModel)" time="0.023" />
  <testcase classname="ptolemy.util.test.junit.AutoTests" name="[89] /home/travis/build/icyphy/ptII/ptolemy/actor/lib/test/auto/ConstantPublisherPort3.xml (RunModel)" time="0.021" />
  <testcase classname="ptolemy.util.test.junit.AutoTests" name="[90] /home/travis/build/icyphy/ptII/ptolemy/actor/lib/test/auto/ConstantPublisherPort4.xml (RunModel)" time="0.019" />
  <testcase classname="ptolemy.util.test.junit.AutoTests" name="[91] /home/travis/build/icyphy/ptII/ptolemy/actor/lib/test/auto/ConstantPublisherPort5.xml (RunModel)" time="0.028" />
  <testcase classname="ptolemy.util.test.junit.AutoTests" name="[92] /home/travis/build/icyphy/ptII/ptolemy/actor/lib/test/auto/ConstantPublisherPort6.xml (RunModel)" time="0.052" />
  <testcase classname="ptolemy.util.test.junit.AutoTests" name="[93] /home/travis/build/icyphy/ptII/ptolemy/actor/lib/test/auto/ConstantPublisherPort7.xml (RunModel)" time="0.033" />
  <testcase classname="ptolemy.util.test.junit.AutoTests" name="[94] /home/travis/build/icyphy/ptII/ptolemy/actor/lib/test/auto/ConstraintMonitor1.xml (RunModel)" time="0.04" />
  <testcase classname="ptolemy.util.test.junit.AutoTests" name="[95] /home/travis/build/icyphy/ptII/ptolemy/actor/lib/test/auto/ConstraintMonitor2.xml (RunModel)" time="0.016" />
  <testcase classname="ptolemy.util.test.junit.AutoTests" name="[96] /home/travis/build/icyphy/ptII/ptolemy/actor/lib/test/auto/ConstraintMonitor3.xml (RunModel)" time="0.023" />
  <testcase classname="ptolemy.util.test.junit.AutoTests" name="[97] /home/travis/build/icyphy/ptII/ptolemy/actor/lib/test/auto/ConstraintMonitor4.xml (RunModel)" time="0.012" />
  <testcase classname="ptolemy.util.test.junit.AutoTests" name="[98] /home/travis/build/icyphy/ptII/ptolemy/actor/lib/test/auto/ConstraintMonitor5.xml (RunModel)" time="0.016" />
  <testcase classname="ptolemy.util.test.junit.AutoTests" name="[99] /home/travis/build/icyphy/ptII/ptolemy/actor/lib/test/auto/ConstraintMonitor6.xml (RunModel)" time="0.02" />
  <testcase classname="ptolemy.util.test.junit.AutoTests" name="[100] /home/travis/build/icyphy/ptII/ptolemy/actor/lib/test/auto/ConstraintMonitor7.xml (RunModel)" time="0.029" />
  <testcase classname="ptolemy.util.test.junit.AutoTests" name="[101] /home/travis/build/icyphy/ptII/ptolemy/actor/lib/test/auto/ConstraintMonitor8.xml (RunModel)" time="0.023" />
  <testcase classname="ptolemy.util.test.junit.AutoTests" name="[102] /home/travis/build/icyphy/ptII/ptolemy/actor/lib/test/auto/Counter.xml (RunModel)" time="0.012" />
  <testcase classname="ptolemy.util.test.junit.AutoTests" name="[103] /home/travis/build/icyphy/ptII/ptolemy/actor/lib/test/auto/CurrentTimeSDF.xml (RunModel)" time="0.011" />
  <testcase classname="ptolemy.util.test.junit.AutoTests" name="[104] /home/travis/build/icyphy/ptII/ptolemy/actor/lib/test/auto/DB.xml (RunModel)" time="0.017" />
  <testcase classname="ptolemy.util.test.junit.AutoTests" name="[105] /home/travis/build/icyphy/ptII/ptolemy/actor/lib/test/auto/DBDE.xml (RunModel)" time="0.026" />
  <testcase classname="ptolemy.util.test.junit.AutoTests" name="[106] /home/travis/build/icyphy/ptII/ptolemy/actor/lib/test/auto/DateConstructor.xml (RunModel)" time="0.059" />
  <testcase classname="ptolemy.util.test.junit.AutoTests" name="[107] /home/travis/build/icyphy/ptII/ptolemy/actor/lib/test/auto/DelayTime.xml (RunModel)" time="0.017" />
  <testcase classname="ptolemy.util.test.junit.AutoTests" name="[108] /home/travis/build/icyphy/ptII/ptolemy/actor/lib/test/auto/Dictionary1.xml (RunModel)" time="0.019" />
  <testcase classname="ptolemy.util.test.junit.AutoTests" name="[109] /home/travis/build/icyphy/ptII/ptolemy/actor/lib/test/auto/Dictionary2.xml (RunModel)" time="0.015" />
  <testcase classname="ptolemy.util.test.junit.AutoTests" name="[110] /home/travis/build/icyphy/ptII/ptolemy/actor/lib/test/auto/Dictionary3.xml (RunModel)" time="0.016" />
  <testcase classname="ptolemy.util.test.junit.AutoTests" name="[111] /home/travis/build/icyphy/ptII/ptolemy/actor/lib/test/auto/Dictionary4.xml (RunModel)" time="0.017" />
  <testcase classname="ptolemy.util.test.junit.AutoTests" name="[112] /home/travis/build/icyphy/ptII/ptolemy/actor/lib/test/auto/Differential.xml (RunModel)" time="0.012" />
  <testcase classname="ptolemy.util.test.junit.AutoTests" name="[113] /home/travis/build/icyphy/ptII/ptolemy/actor/lib/test/auto/Director.xml (RunModel)" time="0.009" />
  <testcase classname="ptolemy.util.test.junit.AutoTests" name="[114] /home/travis/build/icyphy/ptII/ptolemy/actor/lib/test/auto/DiscreteClock.xml (RunModel)" time="0.008" />
  <testcase classname="ptolemy.util.test.junit.AutoTests" name="[115] /home/travis/build/icyphy/ptII/ptolemy/actor/lib/test/auto/DiscreteClock10.xml (RunModel)" time="0.017" />
  <testcase classname="ptolemy.util.test.junit.AutoTests" name="[116] /home/travis/build/icyphy/ptII/ptolemy/actor/lib/test/auto/DiscreteClock11.xml (RunModel)" time="0.014" />
  <testcase classname="ptolemy.util.test.junit.AutoTests" name="[117] /home/travis/build/icyphy/ptII/ptolemy/actor/lib/test/auto/DiscreteClock12.xml (RunModel)" time="0.017" />
  <testcase classname="ptolemy.util.test.junit.AutoTests" name="[118] /home/travis/build/icyphy/ptII/ptolemy/actor/lib/test/auto/DiscreteClock13.xml (RunModel)" time="0.015" />
  <testcase classname="ptolemy.util.test.junit.AutoTests" name="[119] /home/travis/build/icyphy/ptII/ptolemy/actor/lib/test/auto/DiscreteClock14.xml (RunModel)" time="0.013" />
  <testcase classname="ptolemy.util.test.junit.AutoTests" name="[120] /home/travis/build/icyphy/ptII/ptolemy/actor/lib/test/auto/DiscreteClock15.xml (RunModel)" time="0.012" />
  <testcase classname="ptolemy.util.test.junit.AutoTests" name="[121] /home/travis/build/icyphy/ptII/ptolemy/actor/lib/test/auto/DiscreteClock16.xml (RunModel)" time="0.044" />
  <testcase classname="ptolemy.util.test.junit.AutoTests" name="[122] /home/travis/build/icyphy/ptII/ptolemy/actor/lib/test/auto/DiscreteClock17.xml (RunModel)" time="0.039" />
  <testcase classname="ptolemy.util.test.junit.AutoTests" name="[123] /home/travis/build/icyphy/ptII/ptolemy/actor/lib/test/auto/DiscreteClock18.xml (RunModel)" time="0.034" />
  <testcase classname="ptolemy.util.test.junit.AutoTests" name="[124] /home/travis/build/icyphy/ptII/ptolemy/actor/lib/test/auto/DiscreteClock19.xml (RunModel)" time="0.535" />
  <testcase classname="ptolemy.util.test.junit.AutoTests" name="[125] /home/travis/build/icyphy/ptII/ptolemy/actor/lib/test/auto/DiscreteClock2.xml (RunModel)" time="0.015" />
  <testcase classname="ptolemy.util.test.junit.AutoTests" name="[126] /home/travis/build/icyphy/ptII/ptolemy/actor/lib/test/auto/DiscreteClock20.xml (RunModel)" time="0.022" />
  <testcase classname="ptolemy.util.test.junit.AutoTests" name="[127] /home/travis/build/icyphy/ptII/ptolemy/actor/lib/test/auto/DiscreteClock21.xml (RunModel)" time="0.024" />
  <testcase classname="ptolemy.util.test.junit.AutoTests" name="[128] /home/travis/build/icyphy/ptII/ptolemy/actor/lib/test/auto/DiscreteClock22.xml (RunModel)" time="0.019" />
  <testcase classname="ptolemy.util.test.junit.AutoTests" name="[129] /home/travis/build/icyphy/ptII/ptolemy/actor/lib/test/auto/DiscreteClock23.xml (RunModel)" time="0.02" />
  <testcase classname="ptolemy.util.test.junit.AutoTests" name="[130] /home/travis/build/icyphy/ptII/ptolemy/actor/lib/test/auto/DiscreteClock24.xml (RunModel)" time="0.017" />
  <testcase classname="ptolemy.util.test.junit.AutoTests" name="[131] /home/travis/build/icyphy/ptII/ptolemy/actor/lib/test/auto/DiscreteClock4.xml (RunModel)" time="0.011" />
  <testcase classname="ptolemy.util.test.junit.AutoTests" name="[132] /home/travis/build/icyphy/ptII/ptolemy/actor/lib/test/auto/DiscreteClock5.xml (RunModel)" time="0.012" />
  <testcase classname="ptolemy.util.test.junit.AutoTests" name="[133] /home/travis/build/icyphy/ptII/ptolemy/actor/lib/test/auto/DiscreteClock6.xml (RunModel)" time="0.01" />
  <testcase classname="ptolemy.util.test.junit.AutoTests" name="[134] /home/travis/build/icyphy/ptII/ptolemy/actor/lib/test/auto/DiscreteClock7.xml (RunModel)" time="0.01" />
  <testcase classname="ptolemy.util.test.junit.AutoTests" name="[135] /home/travis/build/icyphy/ptII/ptolemy/actor/lib/test/auto/DiscreteClock8.xml (RunModel)" time="0.015" />
  <testcase classname="ptolemy.util.test.junit.AutoTests" name="[136] /home/travis/build/icyphy/ptII/ptolemy/actor/lib/test/auto/DiscreteClock9.xml (RunModel)" time="0.015" />
  <testcase classname="ptolemy.util.test.junit.AutoTests" name="[137] /home/travis/build/icyphy/ptII/ptolemy/actor/lib/test/auto/DisplayArray.xml (RunModel)" time="0.022" />
  <testcase classname="ptolemy.util.test.junit.AutoTests" name="[138] /home/travis/build/icyphy/ptII/ptolemy/actor/lib/test/auto/Distributor.xml (RunModel)" time="0.01" />
  <testcase classname="ptolemy.util.test.junit.AutoTests" name="[139] /home/travis/build/icyphy/ptII/ptolemy/actor/lib/test/auto/Distributor2.xml (RunModel)" time="0.01" />
  <testcase classname="ptolemy.util.test.junit.AutoTests" name="[140] /home/travis/build/icyphy/ptII/ptolemy/actor/lib/test/auto/DownSample.xml (RunModel)" time="0.013" />
  <testcase classname="ptolemy.util.test.junit.AutoTests" name="[141] /home/travis/build/icyphy/ptII/ptolemy/actor/lib/test/auto/ElectronicUnitBase1.xml (RunModel)" time="0.115" />
  <testcase classname="ptolemy.util.test.junit.AutoTests" name="[142] /home/travis/build/icyphy/ptII/ptolemy/actor/lib/test/auto/ElementsToArray.xml (RunModel)" time="0.013" />
  <testcase classname="ptolemy.util.test.junit.AutoTests" name="[143] /home/travis/build/icyphy/ptII/ptolemy/actor/lib/test/auto/Equals.xml (RunModel)" time="0.016" />
  <testcase classname="ptolemy.util.test.junit.AutoTests" name="[144] /home/travis/build/icyphy/ptII/ptolemy/actor/lib/test/auto/Exec.xml (RunModel)" time="0.016" />
  <testcase classname="ptolemy.util.test.junit.AutoTests" name="[145] /home/travis/build/icyphy/ptII/ptolemy/actor/lib/test/auto/ExecEnvironment.xml (RunModel)" time="0.038" />
  <testcase classname="ptolemy.util.test.junit.AutoTests" name="[146] /home/travis/build/icyphy/ptII/ptolemy/actor/lib/test/auto/ExecNonZeroReturnOutput.xml (RunModel)" time="0.154" />
  <testcase classname="ptolemy.util.test.junit.AutoTests" name="[147] /home/travis/build/icyphy/ptII/ptolemy/actor/lib/test/auto/ExecRunDemos.xml (RunModel)" time="9.748" />
  <testcase classname="ptolemy.util.test.junit.AutoTests" name="[148] /home/travis/build/icyphy/ptII/ptolemy/actor/lib/test/auto/ExecStop.xml (RunModel)" time="5.037" />
  <testcase classname="ptolemy.util.test.junit.AutoTests" name="[149] /home/travis/build/icyphy/ptII/ptolemy/actor/lib/test/auto/ExecutionTimeSDF.xml (RunModel)" time="6.034" />
  <testcase classname="ptolemy.util.test.junit.AutoTests" name="[150] /home/travis/build/icyphy/ptII/ptolemy/actor/lib/test/auto/Expression1.xml (RunModel)" time="0.013" />
  <testcase classname="ptolemy.util.test.junit.AutoTests" name="[151] /home/travis/build/icyphy/ptII/ptolemy/actor/lib/test/auto/Expression10.xml (RunModel)" time="0.018" />
  <testcase classname="ptolemy.util.test.junit.AutoTests" name="[152] /home/travis/build/icyphy/ptII/ptolemy/actor/lib/test/auto/Expression11.xml (RunModel)" time="0.013" />
  <testcase classname="ptolemy.util.test.junit.AutoTests" name="[153] /home/travis/build/icyphy/ptII/ptolemy/actor/lib/test/auto/Expression12.xml (RunModel)" time="0.016" />
  <testcase classname="ptolemy.util.test.junit.AutoTests" name="[154] /home/travis/build/icyphy/ptII/ptolemy/actor/lib/test/auto/Expression13.xml (RunModel)" time="0.016" />
  <testcase classname="ptolemy.util.test.junit.AutoTests" name="[155] /home/travis/build/icyphy/ptII/ptolemy/actor/lib/test/auto/Expression14.xml (RunModel)" time="0.023" />
  <testcase classname="ptolemy.util.test.junit.AutoTests" name="[156] /home/travis/build/icyphy/ptII/ptolemy/actor/lib/test/auto/Expression15.xml (RunModel)" time="0.01" />
  <testcase classname="ptolemy.util.test.junit.AutoTests" name="[157] /home/travis/build/icyphy/ptII/ptolemy/actor/lib/test/auto/Expression16.xml (RunModel)" time="0.015" />
  <testcase classname="ptolemy.util.test.junit.AutoTests" name="[158] /home/travis/build/icyphy/ptII/ptolemy/actor/lib/test/auto/Expression17.xml (RunModel)" time="0.016" />
  <testcase classname="ptolemy.util.test.junit.AutoTests" name="[159] /home/travis/build/icyphy/ptII/ptolemy/actor/lib/test/auto/Expression18.xml (RunModel)" time="0.016" />
  <testcase classname="ptolemy.util.test.junit.AutoTests" name="[160] /home/travis/build/icyphy/ptII/ptolemy/actor/lib/test/auto/Expression2.xml (RunModel)" time="0.016" />
  <testcase classname="ptolemy.util.test.junit.AutoTests" name="[161] /home/travis/build/icyphy/ptII/ptolemy/actor/lib/test/auto/Expression3.xml (RunModel)" time="0.015" />
  <testcase classname="ptolemy.util.test.junit.AutoTests" name="[162] /home/travis/build/icyphy/ptII/ptolemy/actor/lib/test/auto/Expression4.xml (RunModel)" time="0.023" />
  <testcase classname="ptolemy.util.test.junit.AutoTests" name="[163] /home/travis/build/icyphy/ptII/ptolemy/actor/lib/test/auto/Expression5.xml (RunModel)" time="0.019" />
  <testcase classname="ptolemy.util.test.junit.AutoTests" name="[164] /home/travis/build/icyphy/ptII/ptolemy/actor/lib/test/auto/Expression6.xml (RunModel)" time="0.012" />
  <testcase classname="ptolemy.util.test.junit.AutoTests" name="[165] /home/travis/build/icyphy/ptII/ptolemy/actor/lib/test/auto/Expression7.xml (RunModel)" time="0.016" />
  <testcase classname="ptolemy.util.test.junit.AutoTests" name="[166] /home/travis/build/icyphy/ptII/ptolemy/actor/lib/test/auto/Expression8.xml (RunModel)" time="0.021" />
  <testcase classname="ptolemy.util.test.junit.AutoTests" name="[167] /home/travis/build/icyphy/ptII/ptolemy/actor/lib/test/auto/Expression9.xml (RunModel)" time="0.011" />
  <testcase classname="ptolemy.util.test.junit.AutoTests" name="[168] /home/travis/build/icyphy/ptII/ptolemy/actor/lib/test/auto/ExpressionConcatenateArrayType.xml (RunModel)" time="0.045" />
  <testcase classname="ptolemy.util.test.junit.AutoTests" name="[169] /home/travis/build/icyphy/ptII/ptolemy/actor/lib/test/auto/ExpressionConcatenateArrayType2.xml (RunModel)" time="0.017" />
  <testcase classname="ptolemy.util.test.junit.AutoTests" name="[170] /home/travis/build/icyphy/ptII/ptolemy/actor/lib/test/auto/ExpressionFix.xml (RunModel)" time="0.028" />
  <testcase classname="ptolemy.util.test.junit.AutoTests" name="[171] /home/travis/build/icyphy/ptII/ptolemy/actor/lib/test/auto/ExpressionFix2.xml (RunModel)" time="0.011" />
  <testcase classname="ptolemy.util.test.junit.AutoTests" name="[172] /home/travis/build/icyphy/ptII/ptolemy/actor/lib/test/auto/ExpressionFix3.xml (RunModel)" time="0.012" />
  <testcase classname="ptolemy.util.test.junit.AutoTests" name="[173] /home/travis/build/icyphy/ptII/ptolemy/actor/lib/test/auto/FileWriter1.xml (RunModel)" time="0.011" />
  <testcase classname="ptolemy.util.test.junit.AutoTests" name="[174] /home/travis/build/icyphy/ptII/ptolemy/actor/lib/test/auto/FileWriter2.xml (RunModel)" time="0.012" />
  <testcase classname="ptolemy.util.test.junit.AutoTests" name="[175] /home/travis/build/icyphy/ptII/ptolemy/actor/lib/test/auto/FileWriter3.xml (RunModel)" time="0.015" />
  <testcase classname="ptolemy.util.test.junit.AutoTests" name="[176] /home/travis/build/icyphy/ptII/ptolemy/actor/lib/test/auto/Gaussian.xml (RunModel)" time="0.013" />
  <testcase classname="ptolemy.util.test.junit.AutoTests" name="[177] /home/travis/build/icyphy/ptII/ptolemy/actor/lib/test/auto/Gaussian1.xml (RunModel)" time="0.03" />
  <testcase classname="ptolemy.util.test.junit.AutoTests" name="[178] /home/travis/build/icyphy/ptII/ptolemy/actor/lib/test/auto/Gaussian2.xml (RunModel)" time="0.023" />
  <testcase classname="ptolemy.util.test.junit.AutoTests" name="[179] /home/travis/build/icyphy/ptII/ptolemy/actor/lib/test/auto/GradientAdaptiveLattice.xml (RunModel)" time="0.016" />
  <testcase classname="ptolemy.util.test.junit.AutoTests" name="[180] /home/travis/build/icyphy/ptII/ptolemy/actor/lib/test/auto/IIR.xml (RunModel)" time="0.011" />
  <testcase classname="ptolemy.util.test.junit.AutoTests" name="[181] /home/travis/build/icyphy/ptII/ptolemy/actor/lib/test/auto/InputOutputTransparentPorts.xml (RunModel)" time="0.021" />
  <testcase classname="ptolemy.util.test.junit.AutoTests" name="[182] /home/travis/build/icyphy/ptII/ptolemy/actor/lib/test/auto/Interpolator.xml (RunModel)" time="0.014" />
  <testcase classname="ptolemy.util.test.junit.AutoTests" name="[183] /home/travis/build/icyphy/ptII/ptolemy/actor/lib/test/auto/InterpolatorFiringLimitDE.xml (RunModel)" time="0.015" />
  <testcase classname="ptolemy.util.test.junit.AutoTests" name="[184] /home/travis/build/icyphy/ptII/ptolemy/actor/lib/test/auto/Lattice.xml (RunModel)" time="0.011" />
  <testcase classname="ptolemy.util.test.junit.AutoTests" name="[185] /home/travis/build/icyphy/ptII/ptolemy/actor/lib/test/auto/LazyAOCTestLazy.xml (RunModel)" time="0.024" />
  <testcase classname="ptolemy.util.test.junit.AutoTests" name="[186] /home/travis/build/icyphy/ptII/ptolemy/actor/lib/test/auto/LazyAOCTestNonLazy.xml (RunModel)" time="0.05" />
  <testcase classname="ptolemy.util.test.junit.AutoTests" name="[187] /home/travis/build/icyphy/ptII/ptolemy/actor/lib/test/auto/LazyInnerClass.xml (RunModel)" time="0.053" />
  <testcase classname="ptolemy.util.test.junit.AutoTests" name="[188] /home/travis/build/icyphy/ptII/ptolemy/actor/lib/test/auto/LazyPubSub.xml (RunModel)" time="0.06" />
  <testcase classname="ptolemy.util.test.junit.AutoTests" name="[189] /home/travis/build/icyphy/ptII/ptolemy/actor/lib/test/auto/LazyPubSub2.xml (RunModel)" time="0.069" />
  <testcase classname="ptolemy.util.test.junit.AutoTests" name="[190] /home/travis/build/icyphy/ptII/ptolemy/actor/lib/test/auto/LazyPubSub3.xml (RunModel)" time="0.059" />
  <testcase classname="ptolemy.util.test.junit.AutoTests" name="[191] /home/travis/build/icyphy/ptII/ptolemy/actor/lib/test/auto/LazySubClassModel.xml (RunModel)" time="0.025" />
  <testcase classname="ptolemy.util.test.junit.AutoTests" name="[192] /home/travis/build/icyphy/ptII/ptolemy/actor/lib/test/auto/LevelCrossTest1.xml (RunModel)" time="0.012" />
  <testcase classname="ptolemy.util.test.junit.AutoTests" name="[193] /home/travis/build/icyphy/ptII/ptolemy/actor/lib/test/auto/LevelCrossTest10.xml (RunModel)" time="0.02" />
  <testcase classname="ptolemy.util.test.junit.AutoTests" name="[194] /home/travis/build/icyphy/ptII/ptolemy/actor/lib/test/auto/LevelCrossTest11.xml (RunModel)" time="0.014" />
  <testcase classname="ptolemy.util.test.junit.AutoTests" name="[195] /home/travis/build/icyphy/ptII/ptolemy/actor/lib/test/auto/LevelCrossTest12.xml (RunModel)" time="0.017" />
  <testcase classname="ptolemy.util.test.junit.AutoTests" name="[196] /home/travis/build/icyphy/ptII/ptolemy/actor/lib/test/auto/LevelCrossTest13.xml (RunModel)" time="0.016" />
  <testcase classname="ptolemy.util.test.junit.AutoTests" name="[197] /home/travis/build/icyphy/ptII/ptolemy/actor/lib/test/auto/LevelCrossTest2.xml (RunModel)" time="0.012" />
  <testcase classname="ptolemy.util.test.junit.AutoTests" name="[198] /home/travis/build/icyphy/ptII/ptolemy/actor/lib/test/auto/LevelCrossTest3.xml (RunModel)" time="0.014" />
  <testcase classname="ptolemy.util.test.junit.AutoTests" name="[199] /home/travis/build/icyphy/ptII/ptolemy/actor/lib/test/auto/LevelCrossTest4.xml (RunModel)" time="0.012" />
  <testcase classname="ptolemy.util.test.junit.AutoTests" name="[200] /home/travis/build/icyphy/ptII/ptolemy/actor/lib/test/auto/LevelCrossTest5.xml (RunModel)" time="0.018" />
  <testcase classname="ptolemy.util.test.junit.AutoTests" name="[201] /home/travis/build/icyphy/ptII/ptolemy/actor/lib/test/auto/LevelCrossTest6.xml (RunModel)" time="0.015" />
  <testcase classname="ptolemy.util.test.junit.AutoTests" name="[202] /home/travis/build/icyphy/ptII/ptolemy/actor/lib/test/auto/LevelCrossTest7.xml (RunModel)" time="0.02" />
  <testcase classname="ptolemy.util.test.junit.AutoTests" name="[203] /home/travis/build/icyphy/ptII/ptolemy/actor/lib/test/auto/LevelCrossTest8.xml (RunModel)" time="0.015" />
  <testcase classname="ptolemy.util.test.junit.AutoTests" name="[204] /home/travis/build/icyphy/ptII/ptolemy/actor/lib/test/auto/LevelCrossTest9.xml (RunModel)" time="0.018" />
  <testcase classname="ptolemy.util.test.junit.AutoTests" name="[205] /home/travis/build/icyphy/ptII/ptolemy/actor/lib/test/auto/LevinsonDurbin.xml (RunModel)" time="0.014" />
  <testcase classname="ptolemy.util.test.junit.AutoTests" name="[206] /home/travis/build/icyphy/ptII/ptolemy/actor/lib/test/auto/LevinsonDurbin2.xml (RunModel)" time="0.009" />
  <testcase classname="ptolemy.util.test.junit.AutoTests" name="[207] /home/travis/build/icyphy/ptII/ptolemy/actor/lib/test/auto/LevinsonDurbin3.xml (RunModel)" time="0.011" />
  <testcase classname="ptolemy.util.test.junit.AutoTests" name="[208] /home/travis/build/icyphy/ptII/ptolemy/actor/lib/test/auto/Limiter.xml (RunModel)" time="0.034" />
  <testcase classname="ptolemy.util.test.junit.AutoTests" name="[209] /home/travis/build/icyphy/ptII/ptolemy/actor/lib/test/auto/LinearDifferenceEquationSystem.xml (RunModel)" time="0.028" />
  <testcase classname="ptolemy.util.test.junit.AutoTests" name="[210] /home/travis/build/icyphy/ptII/ptolemy/actor/lib/test/auto/LookupTable.xml (RunModel)" time="0.012" />
  <testcase classname="ptolemy.util.test.junit.AutoTests" name="[211] /home/travis/build/icyphy/ptII/ptolemy/actor/lib/test/auto/MathFunction.xml (RunModel)" time="0.023" />
  <testcase classname="ptolemy.util.test.junit.AutoTests" name="[212] /home/travis/build/icyphy/ptII/ptolemy/actor/lib/test/auto/MathFunction2.xml (RunModel)" time="0.017" />
  <testcase classname="ptolemy.util.test.junit.AutoTests" name="[213] /home/travis/build/icyphy/ptII/ptolemy/actor/lib/test/auto/MathFunction3.xml (RunModel)" time="0.026" />
  <testcase classname="ptolemy.util.test.junit.AutoTests" name="[214] /home/travis/build/icyphy/ptII/ptolemy/actor/lib/test/auto/MatrixCropBoolean.xml (RunModel)" time="0.011" />
  <testcase classname="ptolemy.util.test.junit.AutoTests" name="[215] /home/travis/build/icyphy/ptII/ptolemy/actor/lib/test/auto/MatrixCropComplex.xml (RunModel)" time="0.011" />
  <testcase classname="ptolemy.util.test.junit.AutoTests" name="[216] /home/travis/build/icyphy/ptII/ptolemy/actor/lib/test/auto/MatrixCropDouble.xml (RunModel)" time="0.009" />
  <testcase classname="ptolemy.util.test.junit.AutoTests" name="[217] /home/travis/build/icyphy/ptII/ptolemy/actor/lib/test/auto/MatrixCropFix.xml (RunModel)" time="0.012" />
  <testcase classname="ptolemy.util.test.junit.AutoTests" name="[218] /home/travis/build/icyphy/ptII/ptolemy/actor/lib/test/auto/MatrixCropInt.xml (RunModel)" time="0.01" />
  <testcase classname="ptolemy.util.test.junit.AutoTests" name="[219] /home/travis/build/icyphy/ptII/ptolemy/actor/lib/test/auto/MatrixCropLong.xml (RunModel)" time="0.01" />
  <testcase classname="ptolemy.util.test.junit.AutoTests" name="[220] /home/travis/build/icyphy/ptII/ptolemy/actor/lib/test/auto/MatrixToArray.xml (RunModel)" time="0.061" />
  <testcase classname="ptolemy.util.test.junit.AutoTests" name="[221] /home/travis/build/icyphy/ptII/ptolemy/actor/lib/test/auto/MaxIndex.xml (RunModel)" time="0.013" />
  <testcase classname="ptolemy.util.test.junit.AutoTests" name="[222] /home/travis/build/icyphy/ptII/ptolemy/actor/lib/test/auto/Maximum.xml (RunModel)" time="0.02" />
  <testcase classname="ptolemy.util.test.junit.AutoTests" name="[223] /home/travis/build/icyphy/ptII/ptolemy/actor/lib/test/auto/MaximumComplex.xml (RunModel)" time="0.02" />
  <testcase classname="ptolemy.util.test.junit.AutoTests" name="[224] /home/travis/build/icyphy/ptII/ptolemy/actor/lib/test/auto/MethodCallTest.xml (RunModel)" time="0.022" />
  <testcase classname="ptolemy.util.test.junit.AutoTests" name="[225] /home/travis/build/icyphy/ptII/ptolemy/actor/lib/test/auto/Minimum.xml (RunModel)" time="0.015" />
  <testcase classname="ptolemy.util.test.junit.AutoTests" name="[226] /home/travis/build/icyphy/ptII/ptolemy/actor/lib/test/auto/MinimumComplex.xml (RunModel)" time="0.017" />
  <testcase classname="ptolemy.util.test.junit.AutoTests" name="[227] /home/travis/build/icyphy/ptII/ptolemy/actor/lib/test/auto/MinimumMultiports.xml (RunModel)" time="0.025" />
  <testcase classname="ptolemy.util.test.junit.AutoTests" name="[228] /home/travis/build/icyphy/ptII/ptolemy/actor/lib/test/auto/ModifyDate.xml (RunModel)" time="0.048" />
  <testcase classname="ptolemy.util.test.junit.AutoTests" name="[229] /home/travis/build/icyphy/ptII/ptolemy/actor/lib/test/auto/ModifyDate2.xml (RunModel)" time="0.035" />
  <testcase classname="ptolemy.util.test.junit.AutoTests" name="[230] /home/travis/build/icyphy/ptII/ptolemy/actor/lib/test/auto/MovingAverage.xml (RunModel)" time="0.012" />
  <testcase classname="ptolemy.util.test.junit.AutoTests" name="[231] /home/travis/build/icyphy/ptII/ptolemy/actor/lib/test/auto/MovingMaximum.xml (RunModel)" time="0.012" />
  <testcase classname="ptolemy.util.test.junit.AutoTests" name="[232] /home/travis/build/icyphy/ptII/ptolemy/actor/lib/test/auto/MultipleLinksToSameRelation.xml (RunModel)" time="0.013" />
  <testcase classname="ptolemy.util.test.junit.AutoTests" name="[233] /home/travis/build/icyphy/ptII/ptolemy/actor/lib/test/auto/MultipleLinksToSameRelationDE.xml (RunModel)" time="0.01" />
  <testcase classname="ptolemy.util.test.junit.AutoTests" name="[234] /home/travis/build/icyphy/ptII/ptolemy/actor/lib/test/auto/Multiplexor.xml (RunModel)" time="0.013" />
  <testcase classname="ptolemy.util.test.junit.AutoTests" name="[235] /home/travis/build/icyphy/ptII/ptolemy/actor/lib/test/auto/Multiplexor1.xml (RunModel)" time="0.012" />
  <testcase classname="ptolemy.util.test.junit.AutoTests" name="[236] /home/travis/build/icyphy/ptII/ptolemy/actor/lib/test/auto/Multiplexor2.xml (RunModel)" time="0.021" />
  <testcase classname="ptolemy.util.test.junit.AutoTests" name="[237] /home/travis/build/icyphy/ptII/ptolemy/actor/lib/test/auto/Multiplexor3.xml (RunModel)" time="0.01" />
  <testcase classname="ptolemy.util.test.junit.AutoTests" name="[238] /home/travis/build/icyphy/ptII/ptolemy/actor/lib/test/auto/MultiplexorDE.xml (RunModel)" time="0.019" />
  <testcase classname="ptolemy.util.test.junit.AutoTests" name="[239] /home/travis/build/icyphy/ptII/ptolemy/actor/lib/test/auto/MultiportBroadcastTest.xml (RunModel)" time="0.107" />
  <testcase classname="ptolemy.util.test.junit.AutoTests" name="[240] /home/travis/build/icyphy/ptII/ptolemy/actor/lib/test/auto/MultiportOutHangDuringGetWidth.xml (RunModel)" time="0.049" />
  <testcase classname="ptolemy.util.test.junit.AutoTests" name="[241] /home/travis/build/icyphy/ptII/ptolemy/actor/lib/test/auto/NilToken.xml (RunModel)" time="0.018" />
  <testcase classname="ptolemy.util.test.junit.AutoTests" name="[242] /home/travis/build/icyphy/ptII/ptolemy/actor/lib/test/auto/NilTokenNonStrictTest.xml (RunModel)" time="0.015" />
  <testcase classname="ptolemy.util.test.junit.AutoTests" name="[243] /home/travis/build/icyphy/ptII/ptolemy/actor/lib/test/auto/NilTokenRecord.xml (RunModel)" time="0.029" />
  <testcase classname="ptolemy.util.test.junit.AutoTests" name="[244] /home/travis/build/icyphy/ptII/ptolemy/actor/lib/test/auto/NilTokenTypeTest.xml (RunModel)" time="0.031" />
  <testcase classname="ptolemy.util.test.junit.AutoTests" name="[245] /home/travis/build/icyphy/ptII/ptolemy/actor/lib/test/auto/ObjectToken1.xml (RunModel)" time="0.007" />
  <testcase classname="ptolemy.util.test.junit.AutoTests" name="[246] /home/travis/build/icyphy/ptII/ptolemy/actor/lib/test/auto/OrderedMerge.xml (RunModel)" time="0.021" />
  <testcase classname="ptolemy.util.test.junit.AutoTests" name="[247] /home/travis/build/icyphy/ptII/ptolemy/actor/lib/test/auto/OrderedRecordDisassembler.xml (RunModel)" time="0.011" />
  <testcase classname="ptolemy.util.test.junit.AutoTests" name="[248] /home/travis/build/icyphy/ptII/ptolemy/actor/lib/test/auto/OrderedRecordDisassembler2.xml (RunModel)" time="0.018" />
  <testcase classname="ptolemy.util.test.junit.AutoTests" name="[249] /home/travis/build/icyphy/ptII/ptolemy/actor/lib/test/auto/OrderedRecordUpdater.xml (RunModel)" time="0.009" />
  <testcase classname="ptolemy.util.test.junit.AutoTests" name="[250] /home/travis/build/icyphy/ptII/ptolemy/actor/lib/test/auto/OrderedRecordUpdater2.xml (RunModel)" time="0.014" />
  <testcase classname="ptolemy.util.test.junit.AutoTests" name="[251] /home/travis/build/icyphy/ptII/ptolemy/actor/lib/test/auto/PhaseUnwrap.xml (RunModel)" time="0.012" />
  <testcase classname="ptolemy.util.test.junit.AutoTests" name="[252] /home/travis/build/icyphy/ptII/ptolemy/actor/lib/test/auto/PoissonClock.xml (RunModel)" time="0.009" />
  <testcase classname="ptolemy.util.test.junit.AutoTests" name="[253] /home/travis/build/icyphy/ptII/ptolemy/actor/lib/test/auto/PoissonClock2.xml (RunModel)" time="0.008" />
  <testcase classname="ptolemy.util.test.junit.AutoTests" name="[254] /home/travis/build/icyphy/ptII/ptolemy/actor/lib/test/auto/PoissonClock3.xml (RunModel)" time="0.009" />
  <testcase classname="ptolemy.util.test.junit.AutoTests" name="[255] /home/travis/build/icyphy/ptII/ptolemy/actor/lib/test/auto/PubSubWithInitialTokens.xml (RunModel)" time="0.012" />
  <testcase classname="ptolemy.util.test.junit.AutoTests" name="[256] /home/travis/build/icyphy/ptII/ptolemy/actor/lib/test/auto/PubSubWithInitialTokens2.xml (RunModel)" time="0.011" />
  <testcase classname="ptolemy.util.test.junit.AutoTests" name="[257] /home/travis/build/icyphy/ptII/ptolemy/actor/lib/test/auto/PublisherClassNoParameter.xml (RunModel)" time="0.021" />
  <testcase classname="ptolemy.util.test.junit.AutoTests" name="[258] /home/travis/build/icyphy/ptII/ptolemy/actor/lib/test/auto/PublisherClassParameter.xml (RunModel)" time="0.021" />
  <testcase classname="ptolemy.util.test.junit.AutoTests" name="[259] /home/travis/build/icyphy/ptII/ptolemy/actor/lib/test/auto/PublisherNonStrictTest.xml (RunModel)" time="0.015" />
  <testcase classname="ptolemy.util.test.junit.AutoTests" name="[260] /home/travis/build/icyphy/ptII/ptolemy/actor/lib/test/auto/PublisherPort1.xml (RunModel)" time="0.01" />
  <testcase classname="ptolemy.util.test.junit.AutoTests" name="[261] /home/travis/build/icyphy/ptII/ptolemy/actor/lib/test/auto/PublisherPort2.xml (RunModel)" time="0.013" />
  <testcase classname="ptolemy.util.test.junit.AutoTests" name="[262] /home/travis/build/icyphy/ptII/ptolemy/actor/lib/test/auto/PublisherPort3.xml (RunModel)" time="0.012" />
  <testcase classname="ptolemy.util.test.junit.AutoTests" name="[263] /home/travis/build/icyphy/ptII/ptolemy/actor/lib/test/auto/PublisherPort4.xml (RunModel)" time="0.012" />
  <testcase classname="ptolemy.util.test.junit.AutoTests" name="[264] /home/travis/build/icyphy/ptII/ptolemy/actor/lib/test/auto/PublisherPort5.xml (RunModel)" time="0.016" />
  <testcase classname="ptolemy.util.test.junit.AutoTests" name="[265] /home/travis/build/icyphy/ptII/ptolemy/actor/lib/test/auto/PublisherPort5LookAlike.xml (RunModel)" time="0.021" />
  <testcase classname="ptolemy.util.test.junit.AutoTests" name="[266] /home/travis/build/icyphy/ptII/ptolemy/actor/lib/test/auto/PublisherPort6.xml (RunModel)" time="0.015" />
  <testcase classname="ptolemy.util.test.junit.AutoTests" name="[267] /home/travis/build/icyphy/ptII/ptolemy/actor/lib/test/auto/PublisherPort7.xml (RunModel)" time="0.017" />
  <testcase classname="ptolemy.util.test.junit.AutoTests" name="[268] /home/travis/build/icyphy/ptII/ptolemy/actor/lib/test/auto/PublisherPort8.xml (RunModel)" time="0.019" />
  <testcase classname="ptolemy.util.test.junit.AutoTests" name="[269] /home/travis/build/icyphy/ptII/ptolemy/actor/lib/test/auto/PublisherPortSubscriberChannelVariablesAOC2.xml (RunModel)" time="0.035" />
  <testcase classname="ptolemy.util.test.junit.AutoTests" name="[270] /home/travis/build/icyphy/ptII/ptolemy/actor/lib/test/auto/PublisherPortSubscriberOpaqueWidthInference.xml (RunModel)" time="0.016" />
  <testcase classname="ptolemy.util.test.junit.AutoTests" name="[271] /home/travis/build/icyphy/ptII/ptolemy/actor/lib/test/auto/PublisherPortSubscriberPortAdjacent.xml (RunModel)" time="0.023" />
  <testcase classname="ptolemy.util.test.junit.AutoTests" name="[272] /home/travis/build/icyphy/ptII/ptolemy/actor/lib/test/auto/PublisherPortSubscriberPortExpression.xml (RunModel)" time="0.019" />
  <testcase classname="ptolemy.util.test.junit.AutoTests" name="[273] /home/travis/build/icyphy/ptII/ptolemy/actor/lib/test/auto/PublisherPortSubscriberPortOpaqueD3Reverse.xml (RunModel)" time="0.039" />
  <testcase classname="ptolemy.util.test.junit.AutoTests" name="[274] /home/travis/build/icyphy/ptII/ptolemy/actor/lib/test/auto/PublisherPortSubscriberPortOpaqueWidthInference.xml (RunModel)" time="0.017" />
  <testcase classname="ptolemy.util.test.junit.AutoTests" name="[275] /home/travis/build/icyphy/ptII/ptolemy/actor/lib/test/auto/PublisherPortToplevelSubscriberPortAOC.xml (RunModel)" time="0.011" />
  <testcase classname="ptolemy.util.test.junit.AutoTests" name="[276] /home/travis/build/icyphy/ptII/ptolemy/actor/lib/test/auto/PublisherSubscriber.xml (RunModel)" time="0.013" />
  <testcase classname="ptolemy.util.test.junit.AutoTests" name="[277] /home/travis/build/icyphy/ptII/ptolemy/actor/lib/test/auto/PublisherSubscriber10.xml (RunModel)" time="0.022" />
  <testcase classname="ptolemy.util.test.junit.AutoTests" name="[278] /home/travis/build/icyphy/ptII/ptolemy/actor/lib/test/auto/PublisherSubscriber10InitialOutputs.xml (RunModel)" time="0.029" />
  <testcase classname="ptolemy.util.test.junit.AutoTests" name="[279] /home/travis/build/icyphy/ptII/ptolemy/actor/lib/test/auto/PublisherSubscriber11.xml (RunModel)" time="0.021" />
  <testcase classname="ptolemy.util.test.junit.AutoTests" name="[280] /home/travis/build/icyphy/ptII/ptolemy/actor/lib/test/auto/PublisherSubscriber12.xml (RunModel)" time="0.016" />
  <testcase classname="ptolemy.util.test.junit.AutoTests" name="[281] /home/travis/build/icyphy/ptII/ptolemy/actor/lib/test/auto/PublisherSubscriber13.xml (RunModel)" time="0.01" />
  <testcase classname="ptolemy.util.test.junit.AutoTests" name="[282] /home/travis/build/icyphy/ptII/ptolemy/actor/lib/test/auto/PublisherSubscriber14.xml (RunModel)" time="0.029" />
  <testcase classname="ptolemy.util.test.junit.AutoTests" name="[283] /home/travis/build/icyphy/ptII/ptolemy/actor/lib/test/auto/PublisherSubscriber2.xml (RunModel)" time="0.012" />
  <testcase classname="ptolemy.util.test.junit.AutoTests" name="[284] /home/travis/build/icyphy/ptII/ptolemy/actor/lib/test/auto/PublisherSubscriber3.xml (RunModel)" time="0.011" />
  <testcase classname="ptolemy.util.test.junit.AutoTests" name="[285] /home/travis/build/icyphy/ptII/ptolemy/actor/lib/test/auto/PublisherSubscriber4.xml (RunModel)" time="0.009" />
  <testcase classname="ptolemy.util.test.junit.AutoTests" name="[286] /home/travis/build/icyphy/ptII/ptolemy/actor/lib/test/auto/PublisherSubscriber5.xml (RunModel)" time="0.013" />
  <testcase classname="ptolemy.util.test.junit.AutoTests" name="[287] /home/travis/build/icyphy/ptII/ptolemy/actor/lib/test/auto/PublisherSubscriber6.xml (RunModel)" time="0.016" />
  <testcase classname="ptolemy.util.test.junit.AutoTests" name="[288] /home/travis/build/icyphy/ptII/ptolemy/actor/lib/test/auto/PublisherSubscriber7.xml (RunModel)" time="0.025" />
  <testcase classname="ptolemy.util.test.junit.AutoTests" name="[289] /home/travis/build/icyphy/ptII/ptolemy/actor/lib/test/auto/PublisherSubscriber8.xml (RunModel)" time="0.036" />
  <testcase classname="ptolemy.util.test.junit.AutoTests" name="[290] /home/travis/build/icyphy/ptII/ptolemy/actor/lib/test/auto/PublisherSubscriber9.xml (RunModel)" time="0.015" />
  <testcase classname="ptolemy.util.test.junit.AutoTests" name="[291] /home/travis/build/icyphy/ptII/ptolemy/actor/lib/test/auto/PublisherSubscriberAdjacent.xml (RunModel)" time="0.018" />
  <testcase classname="ptolemy.util.test.junit.AutoTests" name="[292] /home/travis/build/icyphy/ptII/ptolemy/actor/lib/test/auto/PublisherSubscriberChannelVariablesAOC2.xml (RunModel)" time="0.029" />
  <testcase classname="ptolemy.util.test.junit.AutoTests" name="[293] /home/travis/build/icyphy/ptII/ptolemy/actor/lib/test/auto/PublisherSubscriberD3.xml (RunModel)" time="0.014" />
  <testcase classname="ptolemy.util.test.junit.AutoTests" name="[294] /home/travis/build/icyphy/ptII/ptolemy/actor/lib/test/auto/PublisherSubscriberD3Reverse.xml (RunModel)" time="0.012" />
  <testcase classname="ptolemy.util.test.junit.AutoTests" name="[295] /home/travis/build/icyphy/ptII/ptolemy/actor/lib/test/auto/PublisherSubscriberExpression.xml (RunModel)" time="0.02" />
  <testcase classname="ptolemy.util.test.junit.AutoTests" name="[296] /home/travis/build/icyphy/ptII/ptolemy/actor/lib/test/auto/PublisherSubscriberOpaque.xml (RunModel)" time="0.019" />
  <testcase classname="ptolemy.util.test.junit.AutoTests" name="[297] /home/travis/build/icyphy/ptII/ptolemy/actor/lib/test/auto/PublisherSubscriberOpaqueD3.xml (RunModel)" time="0.027" />
  <testcase classname="ptolemy.util.test.junit.AutoTests" name="[298] /home/travis/build/icyphy/ptII/ptolemy/actor/lib/test/auto/PublisherSubscriberOpaqueD3Reverse.xml (RunModel)" time="0.029" />
  <testcase classname="ptolemy.util.test.junit.AutoTests" name="[299] /home/travis/build/icyphy/ptII/ptolemy/actor/lib/test/auto/PublisherSubscriberOpaqueWidthInference.xml (RunModel)" time="0.022" />
  <testcase classname="ptolemy.util.test.junit.AutoTests" name="[300] /home/travis/build/icyphy/ptII/ptolemy/actor/lib/test/auto/PublisherTestSubscriber.xml (RunModel)" time="0.018" />
  <testcase classname="ptolemy.util.test.junit.AutoTests" name="[301] /home/travis/build/icyphy/ptII/ptolemy/actor/lib/test/auto/PublisherToplevelSubscriberPortAOC.xml (RunModel)" time="0.014" />
  <testcase classname="ptolemy.util.test.junit.AutoTests" name="[302] /home/travis/build/icyphy/ptII/ptolemy/actor/lib/test/auto/PulseFiringLimitDE.xml (RunModel)" time="0.018" />
  <testcase classname="ptolemy.util.test.junit.AutoTests" name="[303] /home/travis/build/icyphy/ptII/ptolemy/actor/lib/test/auto/Ramp1.xml (RunModel)" time="0.013" />
  <testcase classname="ptolemy.util.test.junit.AutoTests" name="[304] /home/travis/build/icyphy/ptII/ptolemy/actor/lib/test/auto/RampFiringLimitDE.xml (RunModel)" time="0.011" />
  <testcase classname="ptolemy.util.test.junit.AutoTests" name="[305] /home/travis/build/icyphy/ptII/ptolemy/actor/lib/test/auto/RampFiringLimitSDF.xml (RunModel)" time="0.011" />
  <testcase classname="ptolemy.util.test.junit.AutoTests" name="[306] /home/travis/build/icyphy/ptII/ptolemy/actor/lib/test/auto/RandomInteger.xml (RunModel)" time="0.009" />
  <testcase classname="ptolemy.util.test.junit.AutoTests" name="[307] /home/travis/build/icyphy/ptII/ptolemy/actor/lib/test/auto/ReadFile1.xml (RunModel)" time="0.008" />
  <testcase classname="ptolemy.util.test.junit.AutoTests" name="[308] /home/travis/build/icyphy/ptII/ptolemy/actor/lib/test/auto/ReadFile2.xml (RunModel)" time="0.008" />
  <testcase classname="ptolemy.util.test.junit.AutoTests" name="[309] /home/travis/build/icyphy/ptII/ptolemy/actor/lib/test/auto/Reader.xml (RunModel)" time="0.009" />
  <testcase classname="ptolemy.util.test.junit.AutoTests" name="[310] /home/travis/build/icyphy/ptII/ptolemy/actor/lib/test/auto/RecordAssemblerDisplayNameTest.xml (RunModel)" time="3.793" />
  <testcase classname="ptolemy.util.test.junit.AutoTests" name="[311] /home/travis/build/icyphy/ptII/ptolemy/actor/lib/test/auto/RecordAssemblerTypeError.xml (RunModel)" time="0.047" />
  <testcase classname="ptolemy.util.test.junit.AutoTests" name="[312] /home/travis/build/icyphy/ptII/ptolemy/actor/lib/test/auto/RecordDisassember.xml (RunModel)" time="0.011" />
  <testcase classname="ptolemy.util.test.junit.AutoTests" name="[313] /home/travis/build/icyphy/ptII/ptolemy/actor/lib/test/auto/RecordDisassemberDisplayNameTest.xml (RunModel)" time="0.023" />
  <testcase classname="ptolemy.util.test.junit.AutoTests" name="[314] /home/travis/build/icyphy/ptII/ptolemy/actor/lib/test/auto/RecordDisassembler.xml (RunModel)" time="0.01" />
  <testcase classname="ptolemy.util.test.junit.AutoTests" name="[315] /home/travis/build/icyphy/ptII/ptolemy/actor/lib/test/auto/RecordDisassembler2.xml (RunModel)" time="0.01" />
  <testcase classname="ptolemy.util.test.junit.AutoTests" name="[316] /home/travis/build/icyphy/ptII/ptolemy/actor/lib/test/auto/RecordUpdater.xml (RunModel)" time="0.013" />
  <testcase classname="ptolemy.util.test.junit.AutoTests" name="[317] /home/travis/build/icyphy/ptII/ptolemy/actor/lib/test/auto/RecordUpdater2.xml (RunModel)" time="0.009" />
  <testcase classname="ptolemy.util.test.junit.AutoTests" name="[318] /home/travis/build/icyphy/ptII/ptolemy/actor/lib/test/auto/RecursiveLattice.xml (RunModel)" time="0.008" />
  <testcase classname="ptolemy.util.test.junit.AutoTests" name="[319] /home/travis/build/icyphy/ptII/ptolemy/actor/lib/test/auto/Router.xml (RunModel)" time="3.027" />
  <testcase classname="ptolemy.util.test.junit.AutoTests" name="[320] /home/travis/build/icyphy/ptII/ptolemy/actor/lib/test/auto/Router2.xml (RunModel)" time="3.031" />
  <testcase classname="ptolemy.util.test.junit.AutoTests" name="[321] /home/travis/build/icyphy/ptII/ptolemy/actor/lib/test/auto/RunningMaximum.xml (RunModel)" time="0.024" />
  <testcase classname="ptolemy.util.test.junit.AutoTests" name="[322] /home/travis/build/icyphy/ptII/ptolemy/actor/lib/test/auto/RunningMinimum.xml (RunModel)" time="0.017" />
  <testcase classname="ptolemy.util.test.junit.AutoTests" name="[323] /home/travis/build/icyphy/ptII/ptolemy/actor/lib/test/auto/Scale.xml (RunModel)" time="0.007" />
  <testcase classname="ptolemy.util.test.junit.AutoTests" name="[324] /home/travis/build/icyphy/ptII/ptolemy/actor/lib/test/auto/Scale2.xml (RunModel)" time="0.01" />
  <testcase classname="ptolemy.util.test.junit.AutoTests" name="[325] /home/travis/build/icyphy/ptII/ptolemy/actor/lib/test/auto/Scale3.xml (RunModel)" time="0.018" />
  <testcase classname="ptolemy.util.test.junit.AutoTests" name="[326] /home/travis/build/icyphy/ptII/ptolemy/actor/lib/test/auto/ScaleArray.xml (RunModel)" time="0.008" />
  <testcase classname="ptolemy.util.test.junit.AutoTests" name="[327] /home/travis/build/icyphy/ptII/ptolemy/actor/lib/test/auto/ScaleArray2.xml (RunModel)" time="0.009" />
  <testcase classname="ptolemy.util.test.junit.AutoTests" name="[328] /home/travis/build/icyphy/ptII/ptolemy/actor/lib/test/auto/ScaleMatrix.xml (RunModel)" time="0.106" />
  <testcase classname="ptolemy.util.test.junit.AutoTests" name="[329] /home/travis/build/icyphy/ptII/ptolemy/actor/lib/test/auto/Select.xml (RunModel)" time="0.013" />
  <testcase classname="ptolemy.util.test.junit.AutoTests" name="[330] /home/travis/build/icyphy/ptII/ptolemy/actor/lib/test/auto/Select2.xml (RunModel)" time="0.008" />
  <testcase classname="ptolemy.util.test.junit.AutoTests" name="[331] /home/travis/build/icyphy/ptII/ptolemy/actor/lib/test/auto/SequenceToArray2.xml (RunModel)" time="0.107" />
  <testcase classname="ptolemy.util.test.junit.AutoTests" name="[332] /home/travis/build/icyphy/ptII/ptolemy/actor/lib/test/auto/SequentialClock.xml (RunModel)" time="0.011" />
  <testcase classname="ptolemy.util.test.junit.AutoTests" name="[333] /home/travis/build/icyphy/ptII/ptolemy/actor/lib/test/auto/SetVariable.xml (RunModel)" time="0.012" />
  <testcase classname="ptolemy.util.test.junit.AutoTests" name="[334] /home/travis/build/icyphy/ptII/ptolemy/actor/lib/test/auto/SetVariable2.xml (RunModel)" time="0.01" />
  <testcase classname="ptolemy.util.test.junit.AutoTests" name="[335] /home/travis/build/icyphy/ptII/ptolemy/actor/lib/test/auto/SetVariable3.xml (RunModel)" time="0.011" />
  <testcase classname="ptolemy.util.test.junit.AutoTests" name="[336] /home/travis/build/icyphy/ptII/ptolemy/actor/lib/test/auto/SetVariable4.xml (RunModel)" time="0.026" />
  <testcase classname="ptolemy.util.test.junit.AutoTests" name="[337] /home/travis/build/icyphy/ptII/ptolemy/actor/lib/test/auto/SetVariable5.xml (RunModel)" time="0.029" />
  <testcase classname="ptolemy.util.test.junit.AutoTests" name="[338] /home/travis/build/icyphy/ptII/ptolemy/actor/lib/test/auto/Sinewave.xml (RunModel)" time="0.027" />
  <testcase classname="ptolemy.util.test.junit.AutoTests" name="[339] /home/travis/build/icyphy/ptII/ptolemy/actor/lib/test/auto/Sinewave2.xml (RunModel)" time="0.018" />
  <testcase classname="ptolemy.util.test.junit.AutoTests" name="[340] /home/travis/build/icyphy/ptII/ptolemy/actor/lib/test/auto/Sinewave3.xml (RunModel)" time="0.017" />
  <testcase classname="ptolemy.util.test.junit.AutoTests" name="[341] /home/travis/build/icyphy/ptII/ptolemy/actor/lib/test/auto/SingleEvent.xml (RunModel)" time="0.007" />
  <testcase classname="ptolemy.util.test.junit.AutoTests" name="[342] /home/travis/build/icyphy/ptII/ptolemy/actor/lib/test/auto/Sleep.xml (RunModel)" time="6.021" />
  <testcase classname="ptolemy.util.test.junit.AutoTests" name="[343] /home/travis/build/icyphy/ptII/ptolemy/actor/lib/test/auto/SleepMultipleFire.xml (RunModel)" time="1.018" />
  <testcase classname="ptolemy.util.test.junit.AutoTests" name="[344] /home/travis/build/icyphy/ptII/ptolemy/actor/lib/test/auto/StopDE.xml (RunModel)" time="0.013" />
  <testcase classname="ptolemy.util.test.junit.AutoTests" name="[345] /home/travis/build/icyphy/ptII/ptolemy/actor/lib/test/auto/StopSDF.xml (RunModel)" time="0.012" />
  <testcase classname="ptolemy.util.test.junit.AutoTests" name="[346] /home/travis/build/icyphy/ptII/ptolemy/actor/lib/test/auto/StringConstant.xml (RunModel)" time="0.01" />
  <testcase classname="ptolemy.util.test.junit.AutoTests" name="[347] /home/travis/build/icyphy/ptII/ptolemy/actor/lib/test/auto/SubscriberPortInitialValues1.xml (RunModel)" time="0.017" />
  <testcase classname="ptolemy.util.test.junit.AutoTests" name="[348] /home/travis/build/icyphy/ptII/ptolemy/actor/lib/test/auto/SubscriberPortInitialValues13.xml (RunModel)" time="0.023" />
  <testcase classname="ptolemy.util.test.junit.AutoTests" name="[349] /home/travis/build/icyphy/ptII/ptolemy/actor/lib/test/auto/SubscriberPortInitialValues14.xml (RunModel)" time="0.014" />
  <testcase classname="ptolemy.util.test.junit.AutoTests" name="[350] /home/travis/build/icyphy/ptII/ptolemy/actor/lib/test/auto/SubscriberPortInitialValues2.xml (RunModel)" time="0.015" />
  <testcase classname="ptolemy.util.test.junit.AutoTests" name="[351] /home/travis/build/icyphy/ptII/ptolemy/actor/lib/test/auto/SubscriberPortInitialValues3.xml (RunModel)" time="0.02" />
  <testcase classname="ptolemy.util.test.junit.AutoTests" name="[352] /home/travis/build/icyphy/ptII/ptolemy/actor/lib/test/auto/SubscriptionAggregator.xml (RunModel)" time="0.011" />
  <testcase classname="ptolemy.util.test.junit.AutoTests" name="[353] /home/travis/build/icyphy/ptII/ptolemy/actor/lib/test/auto/SubscriptionAggregator2.xml (RunModel)" time="0.011" />
  <testcase classname="ptolemy.util.test.junit.AutoTests" name="[354] /home/travis/build/icyphy/ptII/ptolemy/actor/lib/test/auto/SubscriptionAggregator3.xml (RunModel)" time="0.016" />
  <testcase classname="ptolemy.util.test.junit.AutoTests" name="[355] /home/travis/build/icyphy/ptII/ptolemy/actor/lib/test/auto/SubscriptionAggregatorMultiply.xml (RunModel)" time="0.016" />
  <testcase classname="ptolemy.util.test.junit.AutoTests" name="[356] /home/travis/build/icyphy/ptII/ptolemy/actor/lib/test/auto/SubscriptionAggregatorPortMultiply1.xml (RunModel)" time="0.014" />
  <testcase classname="ptolemy.util.test.junit.AutoTests" name="[357] /home/travis/build/icyphy/ptII/ptolemy/actor/lib/test/auto/Switch.xml (RunModel)" time="0.014" />
  <testcase classname="ptolemy.util.test.junit.AutoTests" name="[358] /home/travis/build/icyphy/ptII/ptolemy/actor/lib/test/auto/Switch2.xml (RunModel)" time="0.035" />
  <testcase classname="ptolemy.util.test.junit.AutoTests" name="[359] /home/travis/build/icyphy/ptII/ptolemy/actor/lib/test/auto/SwitchDE.xml (RunModel)" time="0.044" />
  <testcase classname="ptolemy.util.test.junit.AutoTests" name="[360] /home/travis/build/icyphy/ptII/ptolemy/actor/lib/test/auto/SynchronizerDE.xml (RunModel)" time="0.045" />
  <testcase classname="ptolemy.util.test.junit.AutoTests" name="[361] /home/travis/build/icyphy/ptII/ptolemy/actor/lib/test/auto/Test.xml (RunModel)" time="0.032" />
  <testcase classname="ptolemy.util.test.junit.AutoTests" name="[362] /home/travis/build/icyphy/ptII/ptolemy/actor/lib/test/auto/TestExceptionAttribute1.xml (RunModel)" time="0.01" />
  <testcase classname="ptolemy.util.test.junit.AutoTests" name="[363] /home/travis/build/icyphy/ptII/ptolemy/actor/lib/test/auto/TestExceptionAttribute2.xml (RunModel)" time="0.007" />
  <testcase classname="ptolemy.util.test.junit.AutoTests" name="[364] /home/travis/build/icyphy/ptII/ptolemy/actor/lib/test/auto/TestExceptionAttribute3.xml (RunModel)" time="0.007" />
  <testcase classname="ptolemy.util.test.junit.AutoTests" name="[365] /home/travis/build/icyphy/ptII/ptolemy/actor/lib/test/auto/TestExceptionAttribute4.xml (RunModel)" time="0.018" />
  <testcase classname="ptolemy.util.test.junit.AutoTests" name="[366] /home/travis/build/icyphy/ptII/ptolemy/actor/lib/test/auto/TestExceptionHandler1.xml (RunModel)" time="0.007" />
  <testcase classname="ptolemy.util.test.junit.AutoTests" name="[367] /home/travis/build/icyphy/ptII/ptolemy/actor/lib/test/auto/TestExceptionHandler2.xml (RunModel)" time="0.012" />
  <testcase classname="ptolemy.util.test.junit.AutoTests" name="[368] /home/travis/build/icyphy/ptII/ptolemy/actor/lib/test/auto/TestExceptionHandler3.xml (RunModel)" time="0.006" />
  <testcase classname="ptolemy.util.test.junit.AutoTests" name="[369] /home/travis/build/icyphy/ptII/ptolemy/actor/lib/test/auto/TestExceptionHandler4.xml (RunModel)" time="0.005" />
  <testcase classname="ptolemy.util.test.junit.AutoTests" name="[370] /home/travis/build/icyphy/ptII/ptolemy/actor/lib/test/auto/TestRequireCorrectOrder.xml (RunModel)" time="0.01" />
  <testcase classname="ptolemy.util.test.junit.AutoTests" name="[371] /home/travis/build/icyphy/ptII/ptolemy/actor/lib/test/auto/TestSimple.xml (RunModel)" time="0.01" />
  <testcase classname="ptolemy.util.test.junit.AutoTests" name="[372] /home/travis/build/icyphy/ptII/ptolemy/actor/lib/test/auto/ThrowModelError.xml (RunModel)" time="0.011" />
  <testcase classname="ptolemy.util.test.junit.AutoTests" name="[373] /home/travis/build/icyphy/ptII/ptolemy/actor/lib/test/auto/TimeDelayMicrosteps.xml (RunModel)" time="0.013" />
  <testcase classname="ptolemy.util.test.junit.AutoTests" name="[374] /home/travis/build/icyphy/ptII/ptolemy/actor/lib/test/auto/TimeDelayMicrosteps2.xml (RunModel)" time="0.017" />
  <testcase classname="ptolemy.util.test.junit.AutoTests" name="[375] /home/travis/build/icyphy/ptII/ptolemy/actor/lib/test/auto/TimeDelayMicrosteps3.xml (RunModel)" time="0.013" />
  <testcase classname="ptolemy.util.test.junit.AutoTests" name="[376] /home/travis/build/icyphy/ptII/ptolemy/actor/lib/test/auto/TimeDelayVariableMicrosteps.xml (RunModel)" time="0.011" />
  <testcase classname="ptolemy.util.test.junit.AutoTests" name="[377] /home/travis/build/icyphy/ptII/ptolemy/actor/lib/test/auto/TimeGap.xml (RunModel)" time="0.011" />
  <testcase classname="ptolemy.util.test.junit.AutoTests" name="[378] /home/travis/build/icyphy/ptII/ptolemy/actor/lib/test/auto/TimeGap2.xml (RunModel)" time="0.01" />
  <testcase classname="ptolemy.util.test.junit.AutoTests" name="[379] /home/travis/build/icyphy/ptII/ptolemy/actor/lib/test/auto/TimedSinewave.xml (RunModel)" time="0.044" />
  <testcase classname="ptolemy.util.test.junit.AutoTests" name="[380] /home/travis/build/icyphy/ptII/ptolemy/actor/lib/test/auto/TimedSinewavePhase.xml (RunModel)" time="0.023" />
  <testcase classname="ptolemy.util.test.junit.AutoTests" name="[381] /home/travis/build/icyphy/ptII/ptolemy/actor/lib/test/auto/Timer.xml (RunModel)" time="0.011" />
  <testcase classname="ptolemy.util.test.junit.AutoTests" name="[382] /home/travis/build/icyphy/ptII/ptolemy/actor/lib/test/auto/TriangularDistTestModel.xml (RunModel)" time="0.015" />
  <testcase classname="ptolemy.util.test.junit.AutoTests" name="[383] /home/travis/build/icyphy/ptII/ptolemy/actor/lib/test/auto/TrigFunction.xml (RunModel)" time="0.009" />
  <testcase classname="ptolemy.util.test.junit.AutoTests" name="[384] /home/travis/build/icyphy/ptII/ptolemy/actor/lib/test/auto/TrigFunctionDE.xml (RunModel)" time="0.013" />
  <testcase classname="ptolemy.util.test.junit.AutoTests" name="[385] /home/travis/build/icyphy/ptII/ptolemy/actor/lib/test/auto/TrigFunctionInverse.xml (RunModel)" time="0.01" />
  <testcase classname="ptolemy.util.test.junit.AutoTests" name="[386] /home/travis/build/icyphy/ptII/ptolemy/actor/lib/test/auto/TrigFunctionTan.xml (RunModel)" time="0.006" />
  <testcase classname="ptolemy.util.test.junit.AutoTests" name="[387] /home/travis/build/icyphy/ptII/ptolemy/actor/lib/test/auto/TriggeredClock.xml (RunModel)" time="0.007" />
  <testcase classname="ptolemy.util.test.junit.AutoTests" name="[388] /home/travis/build/icyphy/ptII/ptolemy/actor/lib/test/auto/URLDirectoryReader.xml (RunModel)" time="0.084" />
  <testcase classname="ptolemy.util.test.junit.AutoTests" name="[389] /home/travis/build/icyphy/ptII/ptolemy/actor/lib/test/auto/URLDirectoryReader3.xml (RunModel)" time="1.545" />
  <testcase classname="ptolemy.util.test.junit.AutoTests" name="[390] /home/travis/build/icyphy/ptII/ptolemy/actor/lib/test/auto/UnaryMathFunction.xml (RunModel)" time="0.069" />
  <testcase classname="ptolemy.util.test.junit.AutoTests" name="[391] /home/travis/build/icyphy/ptII/ptolemy/actor/lib/test/auto/Uniform.xml (RunModel)" time="0.04" />
  <testcase classname="ptolemy.util.test.junit.AutoTests" name="[392] /home/travis/build/icyphy/ptII/ptolemy/actor/lib/test/auto/UnionDisassemblerTest.xml (RunModel)" time="0.031" />
  <testcase classname="ptolemy.util.test.junit.AutoTests" name="[393] /home/travis/build/icyphy/ptII/ptolemy/actor/lib/test/auto/UtilityFunctions.xml (RunModel)" time="0.031" />
  <testcase classname="ptolemy.util.test.junit.AutoTests" name="[394] /home/travis/build/icyphy/ptII/ptolemy/actor/lib/test/auto/VariableSleep.xml (RunModel)" time="0.527" />
  <testcase classname="ptolemy.util.test.junit.AutoTests" name="[395] /home/travis/build/icyphy/ptII/ptolemy/actor/lib/test/auto/VectorAssemblerDisassemblerCT.xml (RunModel)" time="0.138" />
  <testcase classname="ptolemy.util.test.junit.AutoTests" name="[396] /home/travis/build/icyphy/ptII/ptolemy/actor/lib/test/auto/VectorAssemblerDisassemblerDE.xml (RunModel)" time="0.015" />
  <testcase classname="ptolemy.util.test.junit.AutoTests" name="[397] /home/travis/build/icyphy/ptII/ptolemy/actor/lib/test/auto/VectorAssemblerDisassemblerSDF.xml (RunModel)" time="0.016" />
  <testcase classname="ptolemy.util.test.junit.AutoTests" name="[398] /home/travis/build/icyphy/ptII/ptolemy/actor/lib/test/auto/WallClockTime.xml (RunModel)" time="1.015" />
  <testcase classname="ptolemy.util.test.junit.AutoTests" name="[399] /home/travis/build/icyphy/ptII/ptolemy/actor/lib/test/auto/WidthTestWithSubscriberPublisher.xml (RunModel)" time="0.055" />
  <testcase classname="ptolemy.util.test.junit.AutoTests" name="[400] /home/travis/build/icyphy/ptII/ptolemy/actor/lib/test/auto/WidthTestWithSubscriberPublisher2.xml (RunModel)" time="0.015" />
  <testcase classname="ptolemy.util.test.junit.AutoTests" name="[401] /home/travis/build/icyphy/ptII/ptolemy/actor/lib/test/auto/WidthTestWithSubscriberPublisher3.xml (RunModel)" time="0.011" />
  <testcase classname="ptolemy.util.test.junit.AutoTests" name="[402] /home/travis/build/icyphy/ptII/ptolemy/actor/lib/test/auto/Writer.xml (RunModel)" time="0.013" />
  <testcase classname="ptolemy.util.test.junit.AutoTests" name="[403] /home/travis/build/icyphy/ptII/ptolemy/actor/lib/test/auto/array.xml (RunModel)" time="0.009" />
  <testcase classname="ptolemy.util.test.junit.AutoTests" name="[404] /home/travis/build/icyphy/ptII/ptolemy/actor/lib/test/auto/array2.xml (RunModel)" time="0.012" />
  <testcase classname="ptolemy.util.test.junit.AutoTests" name="[405] /home/travis/build/icyphy/ptII/ptolemy/actor/lib/test/auto/arrayType.xml (RunModel)" time="0.011" />
  <testcase classname="ptolemy.util.test.junit.AutoTests" name="[406] /home/travis/build/icyphy/ptII/ptolemy/actor/lib/test/auto/arrayType10.xml (RunModel)" time="0.011" />
  <testcase classname="ptolemy.util.test.junit.AutoTests" name="[407] /home/travis/build/icyphy/ptII/ptolemy/actor/lib/test/auto/arrayType11.xml (RunModel)" time="0.009" />
  <testcase classname="ptolemy.util.test.junit.AutoTests" name="[408] /home/travis/build/icyphy/ptII/ptolemy/actor/lib/test/auto/arrayType12.xml (RunModel)" time="0.01" />
  <testcase classname="ptolemy.util.test.junit.AutoTests" name="[409] /home/travis/build/icyphy/ptII/ptolemy/actor/lib/test/auto/arrayType13.xml (RunModel)" time="0.01" />
  <testcase classname="ptolemy.util.test.junit.AutoTests" name="[410] /home/travis/build/icyphy/ptII/ptolemy/actor/lib/test/auto/arrayType14.xml (RunModel)" time="0.009" />
  <testcase classname="ptolemy.util.test.junit.AutoTests" name="[411] /home/travis/build/icyphy/ptII/ptolemy/actor/lib/test/auto/arrayType15.xml (RunModel)" time="0.01" />
  <testcase classname="ptolemy.util.test.junit.AutoTests" name="[412] /home/travis/build/icyphy/ptII/ptolemy/actor/lib/test/auto/arrayType16.xml (RunModel)" time="0.011" />
  <testcase classname="ptolemy.util.test.junit.AutoTests" name="[413] /home/travis/build/icyphy/ptII/ptolemy/actor/lib/test/auto/arrayType17.xml (RunModel)" time="0.011" />
  <testcase classname="ptolemy.util.test.junit.AutoTests" name="[414] /home/travis/build/icyphy/ptII/ptolemy/actor/lib/test/auto/arrayType18.xml (RunModel)" time="0.01" />
  <testcase classname="ptolemy.util.test.junit.AutoTests" name="[415] /home/travis/build/icyphy/ptII/ptolemy/actor/lib/test/auto/arrayType19.xml (RunModel)" time="0.009" />
  <testcase classname="ptolemy.util.test.junit.AutoTests" name="[416] /home/travis/build/icyphy/ptII/ptolemy/actor/lib/test/auto/arrayType2.xml (RunModel)" time="0.009" />
  <testcase classname="ptolemy.util.test.junit.AutoTests" name="[417] /home/travis/build/icyphy/ptII/ptolemy/actor/lib/test/auto/arrayType20.xml (RunModel)" time="0.01" />
  <testcase classname="ptolemy.util.test.junit.AutoTests" name="[418] /home/travis/build/icyphy/ptII/ptolemy/actor/lib/test/auto/arrayType21.xml (RunModel)" time="0.009" />
  <testcase classname="ptolemy.util.test.junit.AutoTests" name="[419] /home/travis/build/icyphy/ptII/ptolemy/actor/lib/test/auto/arrayType22.xml (RunModel)" time="0.01" />
  <testcase classname="ptolemy.util.test.junit.AutoTests" name="[420] /home/travis/build/icyphy/ptII/ptolemy/actor/lib/test/auto/arrayType23.xml (RunModel)" time="0.009" />
  <testcase classname="ptolemy.util.test.junit.AutoTests" name="[421] /home/travis/build/icyphy/ptII/ptolemy/actor/lib/test/auto/arrayType24.xml (RunModel)" time="0.01" />
  <testcase classname="ptolemy.util.test.junit.AutoTests" name="[422] /home/travis/build/icyphy/ptII/ptolemy/actor/lib/test/auto/arrayType25.xml (RunModel)" time="0.009" />
  <testcase classname="ptolemy.util.test.junit.AutoTests" name="[423] /home/travis/build/icyphy/ptII/ptolemy/actor/lib/test/auto/arrayType26.xml (RunModel)" time="0.01" />
  <testcase classname="ptolemy.util.test.junit.AutoTests" name="[424] /home/travis/build/icyphy/ptII/ptolemy/actor/lib/test/auto/arrayType27.xml (RunModel)" time="0.01" />
  <testcase classname="ptolemy.util.test.junit.AutoTests" name="[425] /home/travis/build/icyphy/ptII/ptolemy/actor/lib/test/auto/arrayType28.xml (RunModel)" time="0.009" />
  <testcase classname="ptolemy.util.test.junit.AutoTests" name="[426] /home/travis/build/icyphy/ptII/ptolemy/actor/lib/test/auto/arrayType3.xml (RunModel)" time="0.01" />
  <testcase classname="ptolemy.util.test.junit.AutoTests" name="[427] /home/travis/build/icyphy/ptII/ptolemy/actor/lib/test/auto/arrayType4.xml (RunModel)" time="0.01" />
  <testcase classname="ptolemy.util.test.junit.AutoTests" name="[428] /home/travis/build/icyphy/ptII/ptolemy/actor/lib/test/auto/arrayType5.xml (RunModel)" time="0.01" />
  <testcase classname="ptolemy.util.test.junit.AutoTests" name="[429] /home/travis/build/icyphy/ptII/ptolemy/actor/lib/test/auto/arrayType6.xml (RunModel)" time="0.009" />
  <testcase classname="ptolemy.util.test.junit.AutoTests" name="[430] /home/travis/build/icyphy/ptII/ptolemy/actor/lib/test/auto/arrayType7.xml (RunModel)" time="0.009" />
  <testcase classname="ptolemy.util.test.junit.AutoTests" name="[431] /home/travis/build/icyphy/ptII/ptolemy/actor/lib/test/auto/arrayType8.xml (RunModel)" time="0.009" />
  <testcase classname="ptolemy.util.test.junit.AutoTests" name="[432] /home/travis/build/icyphy/ptII/ptolemy/actor/lib/test/auto/arrayType9.xml (RunModel)" time="0.008" />
  <testcase classname="ptolemy.util.test.junit.AutoTests" name="[433] /home/travis/build/icyphy/ptII/ptolemy/actor/lib/test/auto/cast.xml (RunModel)" time="0.012" />
  <testcase classname="ptolemy.util.test.junit.AutoTests" name="[434] /home/travis/build/icyphy/ptII/ptolemy/actor/lib/test/auto/compositeMultiPort.xml (RunModel)" time="0.018" />
  <testcase classname="ptolemy.util.test.junit.AutoTests" name="[435] /home/travis/build/icyphy/ptII/ptolemy/actor/lib/test/auto/expressionCastInference.xml (RunModel)" time="0.008" />
  <testcase classname="ptolemy.util.test.junit.AutoTests" name="[436] /home/travis/build/icyphy/ptII/ptolemy/actor/lib/test/auto/expressionCastInference2.xml (RunModel)" time="0.008" />
  <testcase classname="ptolemy.util.test.junit.AutoTests" name="[437] /home/travis/build/icyphy/ptII/ptolemy/actor/lib/test/auto/expressionInference.xml (RunModel)" time="0.008" />
  <testcase classname="ptolemy.util.test.junit.AutoTests" name="[438] /home/travis/build/icyphy/ptII/ptolemy/actor/lib/test/auto/expression_bug.xml (RunModel)" time="0.009" />
  <testcase classname="ptolemy.util.test.junit.AutoTests" name="[439] /home/travis/build/icyphy/ptII/ptolemy/actor/lib/test/auto/factorial.xml (RunModel)" time="0.042" />
  <testcase classname="ptolemy.util.test.junit.AutoTests" name="[440] /home/travis/build/icyphy/ptII/ptolemy/actor/lib/test/auto/filterTest1.xml (RunModel)" time="0.015" />
  <testcase classname="ptolemy.util.test.junit.AutoTests" name="[441] /home/travis/build/icyphy/ptII/ptolemy/actor/lib/test/auto/funcApplyInConst.xml (RunModel)" time="0.007" />
  <testcase classname="ptolemy.util.test.junit.AutoTests" name="[442] /home/travis/build/icyphy/ptII/ptolemy/actor/lib/test/auto/funcApplyInExpr.xml (RunModel)" time="0.007" />
  <testcase classname="ptolemy.util.test.junit.AutoTests" name="[443] /home/travis/build/icyphy/ptII/ptolemy/actor/lib/test/auto/function.xml (RunModel)" time="0.018" />
  <testcase classname="ptolemy.util.test.junit.AutoTests" name="[444] /home/travis/build/icyphy/ptII/ptolemy/actor/lib/test/auto/function2.xml (RunModel)" time="0.009" />
  <testcase classname="ptolemy.util.test.junit.AutoTests" name="[445] /home/travis/build/icyphy/ptII/ptolemy/actor/lib/test/auto/function3.xml (RunModel)" time="0.007" />
  <testcase classname="ptolemy.util.test.junit.AutoTests" name="[446] /home/travis/build/icyphy/ptII/ptolemy/actor/lib/test/auto/functionClosureTest1.xml (RunModel)" time="0.017" />
  <testcase classname="ptolemy.util.test.junit.AutoTests" name="[447] /home/travis/build/icyphy/ptII/ptolemy/actor/lib/test/auto/functionClosureTest2.xml (RunModel)" time="0.006" />
  <testcase classname="ptolemy.util.test.junit.AutoTests" name="[448] /home/travis/build/icyphy/ptII/ptolemy/actor/lib/test/auto/functionClosureTest3.xml (RunModel)" time="0.01" />
  <testcase classname="ptolemy.util.test.junit.AutoTests" name="[449] /home/travis/build/icyphy/ptII/ptolemy/actor/lib/test/auto/functionClosureTest4.xml (RunModel)" time="0.02" />
  <testcase classname="ptolemy.util.test.junit.AutoTests" name="[450] /home/travis/build/icyphy/ptII/ptolemy/actor/lib/test/auto/functionClosureTest5.xml (RunModel)" time="0.014" />
  <testcase classname="ptolemy.util.test.junit.AutoTests" name="[451] /home/travis/build/icyphy/ptII/ptolemy/actor/lib/test/auto/functionClosureTest6.xml (RunModel)" time="0.013" />
  <testcase classname="ptolemy.util.test.junit.AutoTests" name="[452] /home/travis/build/icyphy/ptII/ptolemy/actor/lib/test/auto/functionsOnArcs.xml (RunModel)" time="0.01" />
  <testcase classname="ptolemy.util.test.junit.AutoTests" name="[453] /home/travis/build/icyphy/ptII/ptolemy/actor/lib/test/auto/functionsOnArcsHOF.xml (RunModel)" time="0.013" />
  <testcase classname="ptolemy.util.test.junit.AutoTests" name="[454] /home/travis/build/icyphy/ptII/ptolemy/actor/lib/test/auto/logic.xml (RunModel)" time="0.018" />
  <testcase classname="ptolemy.util.test.junit.AutoTests" name="[455] /home/travis/build/icyphy/ptII/ptolemy/actor/lib/test/auto/matrixType.xml (RunModel)" time="0.009" />
  <testcase classname="ptolemy.util.test.junit.AutoTests" name="[456] /home/travis/build/icyphy/ptII/ptolemy/actor/lib/test/auto/matrixType10.xml (RunModel)" time="0.011" />
  <testcase classname="ptolemy.util.test.junit.AutoTests" name="[457] /home/travis/build/icyphy/ptII/ptolemy/actor/lib/test/auto/matrixType11.xml (RunModel)" time="0.009" />
  <testcase classname="ptolemy.util.test.junit.AutoTests" name="[458] /home/travis/build/icyphy/ptII/ptolemy/actor/lib/test/auto/matrixType12.xml (RunModel)" time="0.012" />
  <testcase classname="ptolemy.util.test.junit.AutoTests" name="[459] /home/travis/build/icyphy/ptII/ptolemy/actor/lib/test/auto/matrixType13.xml (RunModel)" time="0.008" />
  <testcase classname="ptolemy.util.test.junit.AutoTests" name="[460] /home/travis/build/icyphy/ptII/ptolemy/actor/lib/test/auto/matrixType14.xml (RunModel)" time="0.011" />
  <testcase classname="ptolemy.util.test.junit.AutoTests" name="[461] /home/travis/build/icyphy/ptII/ptolemy/actor/lib/test/auto/matrixType2.xml (RunModel)" time="0.01" />
  <testcase classname="ptolemy.util.test.junit.AutoTests" name="[462] /home/travis/build/icyphy/ptII/ptolemy/actor/lib/test/auto/matrixType3.xml (RunModel)" time="0.011" />
  <testcase classname="ptolemy.util.test.junit.AutoTests" name="[463] /home/travis/build/icyphy/ptII/ptolemy/actor/lib/test/auto/matrixType4.xml (RunModel)" time="0.009" />
  <testcase classname="ptolemy.util.test.junit.AutoTests" name="[464] /home/travis/build/icyphy/ptII/ptolemy/actor/lib/test/auto/matrixType5.xml (RunModel)" time="0.012" />
  <testcase classname="ptolemy.util.test.junit.AutoTests" name="[465] /home/travis/build/icyphy/ptII/ptolemy/actor/lib/test/auto/matrixType6.xml (RunModel)" time="0.008" />
  <testcase classname="ptolemy.util.test.junit.AutoTests" name="[466] /home/travis/build/icyphy/ptII/ptolemy/actor/lib/test/auto/matrixType7.xml (RunModel)" time="0.009" />
  <testcase classname="ptolemy.util.test.junit.AutoTests" name="[467] /home/travis/build/icyphy/ptII/ptolemy/actor/lib/test/auto/matrixType8.xml (RunModel)" time="0.011" />
  <testcase classname="ptolemy.util.test.junit.AutoTests" name="[468] /home/travis/build/icyphy/ptII/ptolemy/actor/lib/test/auto/matrixType9.xml (RunModel)" time="0.009" />
  <testcase classname="ptolemy.util.test.junit.AutoTests" name="[469] /home/travis/build/icyphy/ptII/ptolemy/actor/lib/test/auto/paraFunctest.xml (RunModel)" time="0.007" />
  <testcase classname="ptolemy.util.test.junit.AutoTests" name="[470] /home/travis/build/icyphy/ptII/ptolemy/actor/lib/test/auto/paraFunctest2.xml (RunModel)" time="0.008" />
  <testcase classname="ptolemy.util.test.junit.AutoTests" name="[471] /home/travis/build/icyphy/ptII/ptolemy/actor/lib/test/auto/parameterPassing.xml (RunModel)" time="0.01" />
  <testcase classname="ptolemy.util.test.junit.AutoTests" name="[472] /home/travis/build/icyphy/ptII/ptolemy/actor/lib/test/auto/record.xml (RunModel)" time="0.01" />
  <testcase classname="ptolemy.util.test.junit.AutoTests" name="[473] /home/travis/build/icyphy/ptII/ptolemy/actor/lib/test/auto/sizedarray1.xml (RunModel)" time="0.012" />
  <testcase classname="ptolemy.util.test.junit.AutoTests" name="[474] /home/travis/build/icyphy/ptII/ptolemy/actor/lib/test/auto/sizedarray2.xml (RunModel)" time="0.01" />
  <testcase classname="ptolemy.util.test.junit.AutoTests" name="[475] /home/travis/build/icyphy/ptII/ptolemy/actor/lib/test/auto/twoPublishers.xml (RunModel)" time="0.027" />
  <system-out><![CDATA[/home/travis/build/icyphy/ptII/ptolemy/actor/lib/test/AbsoluteValue.tcl
testDefs.tcl: setting time out to 9000 seconds at Mon Aug 20 01:54:35 UTC 2018
78 ms. Memory: 116224K Free: 106790K (92%)
4 ms. Memory: 116224K Free: 105598K (91%)
4 ms. Memory: 116224K Free: 105002K (90%)
5 ms. Memory: 116224K Free: 103811K (89%)
/home/travis/build/icyphy/ptII/ptolemy/actor/lib/test/AddSubtract.tcl
9 ms. Memory: 116224K Free: 101992K (88%)
5 ms. Memory: 116224K Free: 100777K (87%)
5 ms. Memory: 116224K Free: 100181K (86%)
6 ms. Memory: 116224K Free: 99578K (86%)
7 ms. Memory: 116224K Free: 98958K (85%)
4 ms. Memory: 116224K Free: 98323K (85%)
/home/travis/build/icyphy/ptII/ptolemy/actor/lib/test/Average.tcl
7 ms. Memory: 116224K Free: 96504K (83%)
6 ms. Memory: 116224K Free: 95296K (82%)
/home/travis/build/icyphy/ptII/ptolemy/actor/lib/test/Bernoulli.tcl
5 ms. Memory: 116224K Free: 93470K (80%)
2 ms. Memory: 116224K Free: 92866K (80%)
/home/travis/build/icyphy/ptII/ptolemy/actor/lib/test/Clock.tcl
preinitializing
resolving types
initializing
executing number 1
wrapping up
idle
24 ms. Memory: 116224K Free: 90468K (78%)
Completed execution with 5 iterations
preinitializing
resolving types
initializing
executing number 1
wrapping up
idle
4 ms. Memory: 116224K Free: 89832K (77%)
Completed execution with 5 iterations
preinitializing
resolving types
initializing
executing number 1
wrapping up
idle
3 ms. Memory: 116224K Free: 89229K (77%)
Completed execution with 5 iterations
/home/travis/build/icyphy/ptII/ptolemy/actor/lib/test/Commutator.tcl
13 ms. Memory: 116224K Free: 87410K (75%)
14 ms. Memory: 116224K Free: 86203K (74%)
18 ms. Memory: 116224K Free: 81914K (70%)
/home/travis/build/icyphy/ptII/ptolemy/actor/lib/test/Const.tcl
4 ms. Memory: 116224K Free: 110024K (95%)
3 ms. Memory: 116224K Free: 109406K (94%)
3 ms. Memory: 116224K Free: 108788K (94%)
2 ms. Memory: 116224K Free: 108170K (93%)
2 ms. Memory: 116224K Free: 107551K (93%)
18 ms. Memory: 116224K Free: 105721K (91%)
5 ms. Memory: 116224K Free: 105119K (90%)
9 ms. Memory: 116224K Free: 103914K (89%)
/home/travis/build/icyphy/ptII/ptolemy/actor/lib/test/CurrentTime.tcl
preinitializing
resolving types
initializing
executing number 1
wrapping up
idle
9 ms. Memory: 116224K Free: 102092K (88%)
Completed execution with 11 iterations
/home/travis/build/icyphy/ptII/ptolemy/actor/lib/test/DB.tcl
4 ms. Memory: 116224K Free: 100285K (86%)
2 ms. Memory: 116224K Free: 99667K (86%)
2 ms. Memory: 116224K Free: 99065K (85%)
/home/travis/build/icyphy/ptII/ptolemy/actor/lib/test/DiscreteRandomSource.tcl
preinitializing
resolving types
initializing
executing number 1
wrapping up
idle
4 ms. Memory: 116224K Free: 97841K (84%)
Completed execution with 4 iterations
preinitializing
resolving types
initializing
executing number 1
wrapping up
idle
2 ms. Memory: 116224K Free: 97223K (84%)
Completed execution with 4 iterations
preinitializing
resolving types
initializing
executing number 1
wrapping up
idle
2 ms. Memory: 116224K Free: 96621K (83%)
Completed execution with 4 iterations
preinitializing
resolving types
initializing
executing number 1
wrapping up
idle
3 ms. Memory: 116224K Free: 96621K (83%)
Completed execution with 4 iterations
preinitializing
resolving types
initializing
executing number 1
wrapping up
idle
4 ms. Memory: 116224K Free: 96002K (83%)
Completed execution with 4 iterations
/home/travis/build/icyphy/ptII/ptolemy/actor/lib/test/Distributor.tcl
14 ms. Memory: 116224K Free: 94172K (81%)
11 ms. Memory: 116224K Free: 93546K (80%)
StreamChangeRequest.changeExecuted(): <deleteEntity name="rec2"/> succeeded
StreamChangeRequest.changeExecuted(): <deleteRelation name="r2"/> succeeded
StreamChangeRequest.changeExecuted(): Record firings per iteration succeeded
19 ms. Memory: 116224K Free: 91121K (78%)
/home/travis/build/icyphy/ptII/ptolemy/actor/lib/test/Exit.tcl
Exit.tcl: this will print a message about Manager.exitAfterWrapup, which can be ignored.
6 ms. Memory: 116224K Free: 88017K (76%)
/home/travis/build/icyphy/ptII/ptolemy/actor/lib/test/Expression.tcl
13 ms. Memory: 116224K Free: 84994K (73%)
11 ms. Memory: 116224K Free: 84359K (73%)
3 ms. Memory: 116224K Free: 83741K (72%)
preinitializing
resolving types
initializing
executing number 1
wrapping up
idle
6 ms. Memory: 116224K Free: 82537K (71%)
Completed execution with 6 iterations
7 ms. Memory: 116224K Free: 81363K (70%)
14 ms. Memory: 116224K Free: 110710K (95%)
11 ms. Memory: 116224K Free: 109510K (94%)
5 ms. Memory: 116224K Free: 107535K (93%)
7 ms. Memory: 116224K Free: 106304K (91%)
/home/travis/build/icyphy/ptII/ptolemy/actor/lib/test/Gaussian.tcl
4 ms. Memory: 116224K Free: 104505K (90%)
sleeping 1 seconds: .................................................................................................................................................................................................................................................................................................................................................................................................................................................................................................................................................................................................................................................................................................................................................................................................................................................................................................................................................................................................................................................................................................................................................................................................................................................................................................................................................................................................................................................................................................................................................................................................................................................................................................................................................................................................................................................................................................................................................................................................................................................................................................................................................................................................................................................................................................................................................................................................................................................................................................................................................................................................................................................................................................................................................................................................................................................................................................................................................................................................................................................................................................................................................................................................................................................................................................................4 ms. Memory: 116224K Free: 90683K (78%)
3 ms. Memory: 116224K Free: 89468K (77%)
3 ms. Memory: 116224K Free: 88869K (76%)
5 ms. Memory: 116224K Free: 88269K (76%)
7 ms. Memory: 116224K Free: 87670K (75%)
/home/travis/build/icyphy/ptII/ptolemy/actor/lib/test/IIR.tcl
/home/travis/build/icyphy/ptII/ptolemy/actor/lib/test/Interpolator.tcl
3 ms. Memory: 116224K Free: 84024K (72%)
4 ms. Memory: 116224K Free: 83425K (72%)
6 ms. Memory: 116224K Free: 82825K (71%)
2 ms. Memory: 116224K Free: 82225K (71%)
11 ms. Memory: 116224K Free: 81026K (70%)
5 ms. Memory: 116224K Free: 80605K (69%)
7 ms. Memory: 146944K Free: 140306K (95%)
2 ms. Memory: 146944K Free: 139096K (95%)
2 ms. Memory: 146944K Free: 137887K (94%)
6 ms. Memory: 146944K Free: 137887K (94%)
/home/travis/build/icyphy/ptII/ptolemy/actor/lib/test/MathFunction.tcl
7 ms. Memory: 146944K Free: 135468K (92%)
2 ms. Memory: 146944K Free: 134258K (91%)
10 ms. Memory: 146944K Free: 133049K (91%)
7 ms. Memory: 146944K Free: 131839K (90%)
4 ms. Memory: 146944K Free: 130630K (89%)
11 ms. Memory: 146944K Free: 129420K (88%)
/home/travis/build/icyphy/ptII/ptolemy/actor/lib/test/Maximum.tcl
5 ms. Memory: 146944K Free: 126996K (86%)
8 ms. Memory: 146944K Free: 125787K (86%)
2 ms. Memory: 146944K Free: 125787K (86%)
5 ms. Memory: 146944K Free: 124577K (85%)
/home/travis/build/icyphy/ptII/ptolemy/actor/lib/test/Minimum.tcl
4 ms. Memory: 146944K Free: 123368K (84%)
6 ms. Memory: 146944K Free: 122158K (83%)
5 ms. Memory: 146944K Free: 122158K (83%)
8 ms. Memory: 146944K Free: 120949K (82%)
/home/travis/build/icyphy/ptII/ptolemy/actor/lib/test/MultiplyDivide.tcl
12 ms. Memory: 146944K Free: 118530K (81%)
14 ms. Memory: 146944K Free: 118530K (81%)
2 ms. Memory: 146944K Free: 117320K (80%)
3 ms. Memory: 146944K Free: 117320K (80%)
2 ms. Memory: 146944K Free: 116111K (79%)
/home/travis/build/icyphy/ptII/ptolemy/actor/lib/test/OrderedMerge.tcl
Connections changed on port: inputA
Connections changed on port: inputB
Connections changed on port: output
Connections changed on port: output
Connections changed on port: output
Connections changed on port: input
.top. Preinitializing ...
Invoking preinitialize():  .top.OrderedMerge
Called preinitialize()
Invoking preinitialize():  .top.Ramp
Called preinitialize()
Invoking preinitialize():  .top.Ramp2
Called preinitialize()
Invoking preinitialize():  .top.Test
Called preinitialize()
Connections changed on port: inputA
Connections changed on port: output
Connections changed on port: inputB
Connections changed on port: output
Connections changed on port: output
Connections changed on port: input
.top. Finished preinitialize().
Called initialize().
Invoking initialize():  .top.OrderedMerge
Initializing actor: .top.OrderedMerge
Adding a thread: .top.OrderedMerge
Invoking initialize():  .top.Ramp
Initializing actor: .top.Ramp
Adding a thread: .top.Ramp
Invoking initialize():  .top.Ramp2
Initializing actor: .top.Ramp2
Adding a thread: .top.Ramp2
Invoking initialize():  .top.Test
Initializing actor: .top.Test
Adding a thread: .top.Test
-- Starting thread.
Called initialize()
Called prefire()
Called fire()
-- Starting thread.
Called initialize()
Called prefire()
Called fire()
Called postfire()
Called prefire()
Called fire()
-- Starting thread.
Called initialize()
Called prefire()
Called fire()
Called postfire()
Called prefire()
Called fire()
Called fire().
Checking for deadlock:
There are 3 Blocked actors, 0 Stopped actors, and 4 active threads.
Waiting for actors to stop.
-- Starting thread.
Called initialize()
Called prefire()
Called fire()
Checking for deadlock:
There are 2 Blocked actors, 0 Stopped actors, and 4 active threads.
Waiting for actors to stop.
Called postfire()
Called prefire()
Called fire()
Checking for deadlock:
There are 3 Blocked actors, 0 Stopped actors, and 4 active threads.
Waiting for actors to stop.
Read input token from inputA with value 0.0
Next port to read input from is inputB
Called postfire()
Called prefire()
Called fire()
Checking for deadlock:
There are 2 Blocked actors, 0 Stopped actors, and 4 active threads.
Waiting for actors to stop.
Called postfire()
Called prefire()
Called fire()
Checking for deadlock:
There are 3 Blocked actors, 0 Stopped actors, and 4 active threads.
Waiting for actors to stop.
Read input token from inputB with value 0.0
Checking for deadlock:
There are 2 Blocked actors, 0 Stopped actors, and 4 active threads.
Waiting for actors to stop.
-- Read input: 0.0, which is expected to match: 0.0
Called prefire()
Called fire()
Checking for deadlock:
There are 3 Blocked actors, 0 Stopped actors, and 4 active threads.
Waiting for actors to stop.
Sent output token with value 0.0
Next port to read input from is inputA
Called postfire()
Called prefire()
Called fire()
Called postfire()
Called prefire()
Called fire()
Checking for deadlock:
There are 3 Blocked actors, 0 Stopped actors, and 4 active threads.
Waiting for actors to stop.
Read input token from inputA with value 1.0
-- Read input: 0.0, which is expected to match: 0.0
Called prefire()
Called fire()
Checking for deadlock:
There are 3 Blocked actors, 0 Stopped actors, and 4 active threads.
Waiting for actors to stop.
Sent output token with value 0.0
Next port to read input from is inputB
Called postfire()
Called prefire()
Called fire()
Checking for deadlock:
There are 2 Blocked actors, 0 Stopped actors, and 4 active threads.
Waiting for actors to stop.
Called postfire()
Called prefire()
Called fire()
Checking for deadlock:
There are 3 Blocked actors, 0 Stopped actors, and 4 active threads.
Waiting for actors to stop.
Read input token from inputB with value 1.5
Checking for deadlock:
There are 2 Blocked actors, 0 Stopped actors, and 4 active threads.
Waiting for actors to stop.
-- Read input: 1.0, which is expected to match: 1.0
Called prefire()
Called fire()
Checking for deadlock:
There are 3 Blocked actors, 0 Stopped actors, and 4 active threads.
Waiting for actors to stop.
Sent output token with value 1.0
Next port to read input from is inputA
Called postfire()
Called prefire()
Called fire()
Called postfire()
Called prefire()
Called fire()
Checking for deadlock:
There are 3 Blocked actors, 0 Stopped actors, and 4 active threads.
Waiting for actors to stop.
Read input token from inputA with value 2.0
-- Read input: 1.5, which is expected to match: 1.5
Called prefire()
Called fire()
Checking for deadlock:
There are 3 Blocked actors, 0 Stopped actors, and 4 active threads.
Waiting for actors to stop.
Sent output token with value 1.5
Next port to read input from is inputB
Called postfire()
Called prefire()
Called fire()
Checking for deadlock:
There are 2 Blocked actors, 0 Stopped actors, and 4 active threads.
Waiting for actors to stop.
Called postfire()
Called prefire()
Called fire()
Checking for deadlock:
There are 3 Blocked actors, 0 Stopped actors, and 4 active threads.
Waiting for actors to stop.
Read input token from inputB with value 3.0
Checking for deadlock:
There are 2 Blocked actors, 0 Stopped actors, and 4 active threads.
Waiting for actors to stop.
-- Read input: 2.0, which is expected to match: 2.0
Called prefire()
Called fire()
Checking for deadlock:
There are 3 Blocked actors, 0 Stopped actors, and 4 active threads.
Waiting for actors to stop.
Sent output token with value 2.0
Next port to read input from is inputA
Called postfire()
Called prefire()
Called fire()
Called postfire()
Called prefire()
Called fire()
Checking for deadlock:
There are 3 Blocked actors, 0 Stopped actors, and 4 active threads.
Waiting for actors to stop.
Read input token from inputA with value 3.0
-- Read input: 3.0, which is expected to match: 3.0
Called prefire()
Called fire()
Checking for deadlock:
There are 3 Blocked actors, 0 Stopped actors, and 4 active threads.
Waiting for actors to stop.
Sent output token with value 3.0
Next port to read input from is inputB
Called postfire()
Called prefire()
Called fire()
Read input token from inputB with value 4.5
Checking for deadlock:
There are 2 Blocked actors, 0 Stopped actors, and 4 active threads.
Waiting for actors to stop.
Called postfire()
Called prefire()
Called fire()
Checking for deadlock:
There are 3 Blocked actors, 0 Stopped actors, and 4 active threads.
Waiting for actors to stop.
Checking for deadlock:
There are 2 Blocked actors, 0 Stopped actors, and 4 active threads.
Waiting for actors to stop.
Sent output token with value 3.0
-- Read input: 3.0, which is expected to match: 3.0
Called prefire()
Called fire()
Next port to read input from is inputA
Called postfire()
Checking for deadlock:
There are 3 Blocked actors, 0 Stopped actors, and 4 active threads.
Waiting for actors to stop.
Called prefire()
Called fire()
Read input token from inputA with value 4.0
Checking for deadlock:
There are 2 Blocked actors, 0 Stopped actors, and 4 active threads.
Waiting for actors to stop.
Called postfire()
Called prefire()
Called fire()
Sent output token with value 4.0
Next port to read input from is inputA
Called postfire()
Called prefire()
-- Read input: 4.0, which is expected to match: 4.0
Called fire()
Called prefire()
Called fire()
Read input token from inputA with value 5.0
Past the end of training data. Read and discard all inputs.
Sent output token with value 4.5
Called prefire()
Called fire()
Past the end of training data. Read and discard all inputs.
Checking for deadlock:
There are 2 Blocked actors, 0 Stopped actors, and 4 active threads.
Waiting for actors to stop.
Next port to read input from is inputB
Called postfire()
Called prefire()
Called fire()
Called postfire()
Called prefire()
Called fire()
Called postfire()
Called prefire()
Called fire()
Checking for deadlock:
There are 3 Blocked actors, 0 Stopped actors, and 4 active threads.
Waiting for actors to stop.
Read input token from inputB with value 6.0
Sent output token with value 5.0
Called prefire()
Checking for deadlock:
Called fire()
There are 2 Blocked actors, 0 Stopped actors, and 4 active threads.
Waiting for actors to stop.
Past the end of training data. Read and discard all inputs.
Checking for deadlock:
There are 3 Blocked actors, 0 Stopped actors, and 4 active threads.
Waiting for actors to stop.
Next port to read input from is inputA
Called postfire()
Called prefire()
Called fire()
Checking for deadlock:
There are 2 Blocked actors, 0 Stopped actors, and 4 active threads.
Waiting for actors to stop.
Read input token from inputA with value 6.0
Called postfire()
Called prefire()
Called fire()
Checking for deadlock:
Called prefire()
There are 1 Blocked actors, 0 Stopped actors, and 4 active threads.
Called fire()
Waiting for actors to stop.
Past the end of training data. Read and discard all inputs.
Checking for deadlock:
There are 3 Blocked actors, 0 Stopped actors, and 4 active threads.
Waiting for actors to stop.
Sent output token with value 6.0
Next port to read input from is inputB
Called postfire()
Called prefire()
Called fire()
Called postfire()
Called prefire()
Called fire()
Checking for deadlock:
There are 3 Blocked actors, 0 Stopped actors, and 4 active threads.
Waiting for actors to stop.
Read input token from inputB with value 7.5
Sent output token with value 6.0
Called prefire()
Called fire()
Past the end of training data. Read and discard all inputs.
Next port to read input from is inputA
Called postfire()
Checking for deadlock:
There are 3 Blocked actors, 0 Stopped actors, and 4 active threads.
Waiting for actors to stop.
Called prefire()
Called fire()
Called postfire()
Read input token from inputA with value 7.0
Called prefire()
Called fire()
Sent output token with value 7.0
Checking for deadlock:
There are 2 Blocked actors, 0 Stopped actors, and 4 active threads.
Waiting for actors to stop.
Next port to read input from is inputA
Called prefire()
Called postfire()
Called fire()
Past the end of training data. Read and discard all inputs.
Checking for deadlock:
There are 3 Blocked actors, 0 Stopped actors, and 4 active threads.
Waiting for actors to stop.
Called prefire()
Called fire()
Read input token from inputA with value 8.0
-- Thread wrapup() called.
Called wrapup()
Sent output token with value 7.5
Thread .top.Ramp is exiting.
-- Thread stopped.
Next port to read input from is inputB
Called postfire()
Called prefire()
Called fire()
Read input token from inputB with value 9.0
Checking for deadlock:
There are 1 Blocked actors, 0 Stopped actors, and 3 active threads.
Waiting for actors to stop.
Called prefire()
Called fire()
Past the end of training data. Read and discard all inputs.
Called postfire()
Called prefire()
Called fire()
Checking for deadlock:
There are 2 Blocked actors, 0 Stopped actors, and 3 active threads.
Waiting for actors to stop.
Called prefire()
Called fire()
Past the end of training data. Read and discard all inputs.
Checking for deadlock:
There are 2 Blocked actors, 0 Stopped actors, and 3 active threads.
Waiting for actors to stop.
Sent output token with value 8.0
Next port to read input from is inputA
Called postfire()
Called prefire()
Called fire()
Read input token from inputA with value 9.0
Checking for deadlock:
There are 1 Blocked actors, 0 Stopped actors, and 3 active threads.
Waiting for actors to stop.
Called prefire()
Called fire()
Past the end of training data. Read and discard all inputs.
Checking for deadlock:
There are 2 Blocked actors, 0 Stopped actors, and 3 active threads.
Waiting for actors to stop.
Sent output token with value 9.0
Next port to read input from is inputB
Called postfire()
Called prefire()
Called fire()
Called postfire()
Called prefire()
Called fire()
Checking for deadlock:
There are 2 Blocked actors, 0 Stopped actors, and 3 active threads.
Waiting for actors to stop.
Read input token from inputB with value 10.5
Called prefire()
Called fire()
Past the end of training data. Read and discard all inputs.
Checking for deadlock:
There are 2 Blocked actors, 0 Stopped actors, and 3 active threads.
Waiting for actors to stop.
Sent output token with value 9.0
Next port to read input from is inputA
Called postfire()
Called prefire()
Called fire()
Checking for deadlock:
There are 3 Blocked actors, 0 Stopped actors, and 3 active threads.
Actors have stopped.
Checking for deadlock:
There are 3 Blocked actors, 0 Stopped actors, and 3 active threads.
Deadlock detected.
Resolving Deadlock
Checking for deadlock:
There are 3 Blocked actors, 0 Stopped actors, and 3 active threads.
Artificial Deadlock - increasing queue capacity.
increasing the capacity of receiver ptolemy.actor.TypedIOPort {.top.OrderedMerge.inputB} to 2
Director: Called postfire().
Called postfire().
_stopRequested = false
_stopFireRequested = false
Returning from postfire(): true
Called fire().
Checking for deadlock:
There are 2 Blocked actors, 0 Stopped actors, and 3 active threads.
Waiting for actors to stop.
-- Thread wrapup() called.
Called wrapup()
Thread .top.Ramp2 is exiting.
-- Thread stopped.
Checking for deadlock:
There are 2 Blocked actors, 0 Stopped actors, and 2 active threads.
Actors have stopped.
Checking for deadlock:
There are 2 Blocked actors, 0 Stopped actors, and 2 active threads.
Deadlock detected.
Resolving Deadlock
Checking for deadlock:
There are 2 Blocked actors, 0 Stopped actors, and 2 active threads.
Deadlock detected: no processes blocked on write, but some are blocked on read.
Called postfire().
_stopRequested = false
_stopFireRequested = false
Returning from postfire(): false
Finished deactivating branches.
Called wrapup().
-- Thread wrapup() called.
Called wrapup()
Thread .top.OrderedMerge is exiting.
-- Thread wrapup() called.
Called wrapup()
Thread .top.Test is exiting.
-- Thread stopped.
-- Blocked Receiver call threw TerminateProcessException.
38 ms. Memory: 146944K Free: 112053K (76%)
.top. Preinitializing ...
Invoking preinitialize():  .top.OrderedMerge
Called preinitialize()
Invoking preinitialize():  .top.Ramp
Called preinitialize()
-- Thread stopped.
-- Blocked Receiver call threw TerminateProcessException.
Invoking preinitialize():  .top.Ramp2
Called preinitialize()
Invoking preinitialize():  .top.Test
Called preinitialize()
.top. Finished preinitialize().
Called initialize().
Invoking initialize():  .top.OrderedMerge
Initializing actor: .top.OrderedMerge
Adding a thread: .top.OrderedMerge
Invoking initialize():  .top.Ramp
Initializing actor: .top.Ramp
Adding a thread: .top.Ramp
Invoking initialize():  .top.Ramp2
Initializing actor: .top.Ramp2
Adding a thread: .top.Ramp2
Invoking initialize():  .top.Test
Initializing actor: .top.Test
Adding a thread: .top.Test
-- Starting thread.
Called initialize()
Called prefire()
Called fire()
-- Starting thread.
Called initialize()
Called prefire()
Called fire()
Called postfire()
Called prefire()
Called fire()
-- Starting thread.
Called initialize()
Called prefire()
Called fire()
Called postfire()
Called prefire()
Called fire()
Called fire().
Checking for deadlock:
There are 3 Blocked actors, 0 Stopped actors, and 4 active threads.
Waiting for actors to stop.
-- Starting thread.
Called initialize()
Called prefire()
Called fire()
Checking for deadlock:
There are 2 Blocked actors, 0 Stopped actors, and 4 active threads.
Waiting for actors to stop.
Read input token from inputA with value 0.0
Called postfire()
Called prefire()
Next port to read input from is inputB
Called fire()
Checking for deadlock:
There are 3 Blocked actors, 0 Stopped actors, and 4 active threads.
Called postfire()
Waiting for actors to stop.
Called prefire()
Called fire()
Read input token from inputB with value 0.0
Called postfire()
Called prefire()
Called fire()
Sent output token with value 0.0
Checking for deadlock:
There are 2 Blocked actors, 0 Stopped actors, and 4 active threads.
Next port to read input from is inputA
Waiting for actors to stop.
Called postfire()
-- Read input: 0.0, which is expected to match: 0.0
Called prefire()
Called fire()
Checking for deadlock:
There are 3 Blocked actors, 0 Stopped actors, and 4 active threads.
Waiting for actors to stop.
Called prefire()
Called fire()
Checking for deadlock:
There are 2 Blocked actors, 0 Stopped actors, and 4 active threads.
Waiting for actors to stop.
Called postfire()
Called prefire()
Called fire()
Checking for deadlock:
There are 3 Blocked actors, 0 Stopped actors, and 4 active threads.
Waiting for actors to stop.
Read input token from inputA with value 1.0
Sent output token with value 0.0
Checking for deadlock:
There are 2 Blocked actors, 0 Stopped actors, and 4 active threads.
Waiting for actors to stop.
Next port to read input from is inputB
Called postfire()
-- Read input: 0.0, which is expected to match: 0.0
Called prefire()
Called fire()
Called prefire()
Called fire()
Checking for deadlock:
There are 1 Blocked actors, 0 Stopped actors, and 4 active threads.
Waiting for actors to stop.
Checking for deadlock:
There are 2 Blocked actors, 0 Stopped actors, and 4 active threads.
Waiting for actors to stop.
Called postfire()
Read input token from inputB with value 1.5
Called prefire()
Called fire()
Checking for deadlock:
There are 2 Blocked actors, 0 Stopped actors, and 4 active threads.
Waiting for actors to stop.
Sent output token with value 1.0
-- Read input: 1.0, which is expected to match: 1.0
Called prefire()
Called fire()
Next port to read input from is inputA
Called postfire()
Called prefire()
Called fire()
Checking for deadlock:
There are 3 Blocked actors, 0 Stopped actors, and 4 active threads.
Waiting for actors to stop.
Checking for deadlock:
There are 2 Blocked actors, 0 Stopped actors, and 4 active threads.
Waiting for actors to stop.
Called postfire()
Called prefire()
Called fire()
Read input token from inputA with value 2.0
Checking for deadlock:
There are 3 Blocked actors, 0 Stopped actors, and 4 active threads.
Waiting for actors to stop.
Checking for deadlock:
There are 2 Blocked actors, 0 Stopped actors, and 4 active threads.
Waiting for actors to stop.
Sent output token with value 1.5
-- Read input: 1.5, which is expected to match: 1.5
Called prefire()
Called fire()
Checking for deadlock:
There are 3 Blocked actors, 0 Stopped actors, and 4 active threads.
Waiting for actors to stop.
Next port to read input from is inputB
Called postfire()
Called prefire()
Called fire()
Checking for deadlock:
There are 2 Blocked actors, 0 Stopped actors, and 4 active threads.
Waiting for actors to stop.
Called postfire()
Called prefire()
Called fire()
Checking for deadlock:
There are 3 Blocked actors, 0 Stopped actors, and 4 active threads.
Waiting for actors to stop.
Read input token from inputB with value 3.0
Checking for deadlock:
There are 2 Blocked actors, 0 Stopped actors, and 4 active threads.
Waiting for actors to stop.
Sent output token with value 2.0
-- Read input: 2.0, which is expected to match: 2.0
Called prefire()
Called fire()
Next port to read input from is inputA
Called postfire()
Called prefire()
Called fire()
Checking for deadlock:
There are 2 Blocked actors, 0 Stopped actors, and 4 active threads.
Waiting for actors to stop.
Called postfire()
Called prefire()
Called fire()
Read input token from inputA with value 3.0
Checking for deadlock:
There are 3 Blocked actors, 0 Stopped actors, and 4 active threads.
Waiting for actors to stop.
Checking for deadlock:
There are 2 Blocked actors, 0 Stopped actors, and 4 active threads.
Waiting for actors to stop.
Sent output token with value 3.0
-- Read input: 3.0, which is expected to match: 3.0
Next port to read input from is inputB
Called postfire()
Called prefire()
Called fire()
Called prefire()
Called fire()
Checking for deadlock:
There are 2 Blocked actors, 0 Stopped actors, and 4 active threads.
Waiting for actors to stop.
Read input token from inputB with value 4.5
Called postfire()
Called prefire()
Called fire()
Checking for deadlock:
There are 2 Blocked actors, 0 Stopped actors, and 4 active threads.
Waiting for actors to stop.
-- Read input: 3.0, which is expected to match: 3.0
Sent output token with value 3.0
Called prefire()
Called fire()
Checking for deadlock:
There are 3 Blocked actors, 0 Stopped actors, and 4 active threads.
Waiting for actors to stop.
Next port to read input from is inputA
Called postfire()
Called prefire()
Called fire()
Called postfire()
Called prefire()
Called fire()
Checking for deadlock:
There are 3 Blocked actors, 0 Stopped actors, and 4 active threads.
Waiting for actors to stop.
Read input token from inputA with value 4.0
Sent output token with value 4.0
Checking for deadlock:
-- Read input: 4.0, which is expected to match: 4.0
There are 2 Blocked actors, 0 Stopped actors, and 4 active threads.
Called prefire()
Called fire()
Waiting for actors to stop.
Past the end of training data. Read and discard all inputs.
Next port to read input from is inputA
Checking for deadlock:
There are 3 Blocked actors, 0 Stopped actors, and 4 active threads.
Waiting for actors to stop.
Called postfire()
Called prefire()
Called fire()
Checking for deadlock:
There are 2 Blocked actors, 0 Stopped actors, and 4 active threads.
Waiting for actors to stop.
Called postfire()
Called prefire()
Called fire()
Read input token from inputA with value 5.0
Checking for deadlock:
There are 3 Blocked actors, 0 Stopped actors, and 4 active threads.
Waiting for actors to stop.
Checking for deadlock:
There are 2 Blocked actors, 0 Stopped actors, and 4 active threads.
Waiting for actors to stop.
Called prefire()
Sent output token with value 4.5
Called fire()
Past the end of training data. Read and discard all inputs.
Next port to read input from is inputB
Called postfire()
Checking for deadlock:
There are 3 Blocked actors, 0 Stopped actors, and 4 active threads.
Waiting for actors to stop.
Called prefire()
Called fire()
Checking for deadlock:
There are 2 Blocked actors, 0 Stopped actors, and 4 active threads.
Waiting for actors to stop.
Read input token from inputB with value 6.0
Called postfire()
Called prefire()
Called fire()
Checking for deadlock:
Called prefire()
Called fire()
There are 2 Blocked actors, 0 Stopped actors, and 4 active threads.
Past the end of training data. Read and discard all inputs.
Waiting for actors to stop.
Checking for deadlock:
There are 3 Blocked actors, 0 Stopped actors, and 4 active threads.
Waiting for actors to stop.
Sent output token with value 5.0
Next port to read input from is inputA
Called postfire()
Called prefire()
Called fire()
Called postfire()
Called prefire()
Called fire()
Checking for deadlock:
There are 3 Blocked actors, 0 Stopped actors, and 4 active threads.
Waiting for actors to stop.
Read input token from inputA with value 6.0
Sent output token with value 6.0
Called prefire()
Called fire()
Past the end of training data. Read and discard all inputs.
Next port to read input from is inputB
Called postfire()
Called prefire()
Called fire()
Checking for deadlock:
There are 3 Blocked actors, 0 Stopped actors, and 4 active threads.
Waiting for actors to stop.
Called postfire()
Called prefire()
Called fire()
Checking for deadlock:
There are 3 Blocked actors, 0 Stopped actors, and 4 active threads.
Waiting for actors to stop.
Read input token from inputB with value 7.5
Sent output token with value 6.0
Called prefire()
Called fire()
Next port to read input from is inputA
Called postfire()
Checking for deadlock:
There are 2 Blocked actors, 0 Stopped actors, and 4 active threads.
Waiting for actors to stop.
Past the end of training data. Read and discard all inputs.
Called prefire()
Checking for deadlock:
There are 3 Blocked actors, 0 Stopped actors, and 4 active threads.
Waiting for actors to stop.
Called fire()
Checking for deadlock:
There are 2 Blocked actors, 0 Stopped actors, and 4 active threads.
Waiting for actors to stop.
Called postfire()
Read input token from inputA with value 7.0
Called prefire()
Called fire()
Called prefire()
Called fire()
Checking for deadlock:
Past the end of training data. Read and discard all inputs.
There are 2 Blocked actors, 0 Stopped actors, and 4 active threads.
Waiting for actors to stop.
Sent output token with value 7.0
Checking for deadlock:
There are 3 Blocked actors, 0 Stopped actors, and 4 active threads.
Waiting for actors to stop.
Next port to read input from is inputA
Called postfire()
Called prefire()
Called fire()
Checking for deadlock:
-- Thread wrapup() called.
Called wrapup()
There are 2 Blocked actors, 0 Stopped actors, and 4 active threads.
Waiting for actors to stop.
Thread .top.Ramp is exiting.
Read input token from inputA with value 8.0
-- Thread stopped.
Sent output token with value 7.5
Checking for deadlock:
Called prefire()
Called fire()
There are 1 Blocked actors, 0 Stopped actors, and 3 active threads.
Waiting for actors to stop.
Past the end of training data. Read and discard all inputs.
Checking for deadlock:
There are 2 Blocked actors, 0 Stopped actors, and 3 active threads.
Waiting for actors to stop.
Next port to read input from is inputB
Called postfire()
Called prefire()
Called fire()
Checking for deadlock:
There are 1 Blocked actors, 0 Stopped actors, and 3 active threads.
Waiting for actors to stop.
Read input token from inputB with value 9.0
Called postfire()
Called prefire()
Called fire()
Sent output token with value 8.0
Checking for deadlock:
Called prefire()
Called fire()
There are 1 Blocked actors, 0 Stopped actors, and 3 active threads.
Waiting for actors to stop.
Past the end of training data. Read and discard all inputs.
Next port to read input from is inputA
Checking for deadlock:
There are 2 Blocked actors, 0 Stopped actors, and 3 active threads.
Waiting for actors to stop.
Called postfire()
Called prefire()
Called fire()
Read input token from inputA with value 9.0
Checking for deadlock:
There are 1 Blocked actors, 0 Stopped actors, and 3 active threads.
Waiting for actors to stop.
Sent output token with value 9.0
Called prefire()
Called fire()
Next port to read input from is inputB
Called postfire()
Past the end of training data. Read and discard all inputs.
Called prefire()
Called fire()
Called postfire()
Read input token from inputB with value 10.5
Called prefire()
Called fire()
Sent output token with value 9.0
Checking for deadlock:
Called prefire()
There are 1 Blocked actors, 0 Stopped actors, and 3 active threads.
Waiting for actors to stop.
Called fire()
Past the end of training data. Read and discard all inputs.
Checking for deadlock:
There are 2 Blocked actors, 0 Stopped actors, and 3 active threads.
Waiting for actors to stop.
Next port to read input from is inputA
Called postfire()
Called prefire()
Called fire()
Checking for deadlock:
There are 3 Blocked actors, 0 Stopped actors, and 3 active threads.
Actors have stopped.
Checking for deadlock:
There are 3 Blocked actors, 0 Stopped actors, and 3 active threads.
Deadlock detected.
Resolving Deadlock
Checking for deadlock:
There are 3 Blocked actors, 0 Stopped actors, and 3 active threads.
Artificial Deadlock - increasing queue capacity.
increasing the capacity of receiver ptolemy.actor.TypedIOPort {.top.OrderedMerge.inputB} to 2
Director: Called postfire().
Called postfire().
_stopRequested = false
_stopFireRequested = false
Returning from postfire(): true
Called fire().
Checking for deadlock:
There are 2 Blocked actors, 0 Stopped actors, and 3 active threads.
Waiting for actors to stop.
-- Thread wrapup() called.
Called wrapup()
Thread .top.Ramp2 is exiting.
-- Thread stopped.
Checking for deadlock:
There are 2 Blocked actors, 0 Stopped actors, and 2 active threads.
Actors have stopped.
Checking for deadlock:
There are 2 Blocked actors, 0 Stopped actors, and 2 active threads.
Deadlock detected.
Resolving Deadlock
Checking for deadlock:
There are 2 Blocked actors, 0 Stopped actors, and 2 active threads.
Deadlock detected: no processes blocked on write, but some are blocked on read.
Called postfire().
_stopRequested = false
_stopFireRequested = false
Returning from postfire(): false
Finished deactivating branches.
Called wrapup().
-- Thread wrapup() called.
Called wrapup()
Thread .top.OrderedMerge is exiting.
-- Thread stopped.
-- Blocked Receiver call threw TerminateProcessException.
-- Thread wrapup() called.
Called wrapup()
Thread .top.Test is exiting.
-- Thread stopped.
-- Blocked Receiver call threw TerminateProcessException.
31 ms. Memory: 146944K Free: 110415K (75%)
/home/travis/build/icyphy/ptII/ptolemy/actor/lib/test/Publisher.tcl
6 ms. Memory: 146944K Free: 103158K (70%)
3 ms. Memory: 146944K Free: 98320K (67%)
3 ms. Memory: 146944K Free: 93482K (64%)
5 ms. Memory: 146944K Free: 93482K (64%)
7 ms. Memory: 146944K Free: 92240K (63%)
4 ms. Memory: 146944K Free: 91031K (62%)
4 ms. Memory: 146944K Free: 91031K (62%)
5 ms. Memory: 146944K Free: 89821K (61%)
1 ms. Memory: 146944K Free: 80245K (55%)
6 ms. Memory: 146944K Free: 136940K (93%)
2 ms. Memory: 146944K Free: 135741K (92%)
1 ms. Memory: 146944K Free: 133344K (91%)
7 ms. Memory: 146944K Free: 124841K (85%)
6 ms. Memory: 146944K Free: 115249K (78%)
9 ms. Memory: 146944K Free: 103259K (70%)
/home/travis/build/icyphy/ptII/ptolemy/actor/lib/test/Pulse.tcl
3 ms. Memory: 209920K Free: 183219K (87%)
1 ms. Memory: 209920K Free: 183219K (87%)
2 ms. Memory: 209920K Free: 183219K (87%)
2 ms. Memory: 209920K Free: 183219K (87%)
1 ms. Memory: 209920K Free: 180800K (86%)
1 ms. Memory: 209920K Free: 180800K (86%)
3 ms. Memory: 209920K Free: 180800K (86%)
2 ms. Memory: 209920K Free: 178381K (85%)
1 ms. Memory: 209920K Free: 178381K (85%)
/home/travis/build/icyphy/ptII/ptolemy/actor/lib/test/Ramp.tcl
3 ms. Memory: 209920K Free: 175962K (84%)
2 ms. Memory: 209920K Free: 175962K (84%)
2 ms. Memory: 209920K Free: 175962K (84%)
2 ms. Memory: 209920K Free: 173543K (83%)
3 ms. Memory: 209920K Free: 173543K (83%)
9 ms. Memory: 209920K Free: 171125K (82%)
4 ms. Memory: 209920K Free: 170982K (81%)
5 actors
7000 microseconds per iteration to create
12 ms. Memory: 209920K Free: 168555K (80%)
2 ms. Memory: 209920K Free: 168555K (80%)
3 ms. Memory: 209920K Free: 166128K (79%)
5 ms. Memory: 209920K Free: 166128K (79%)
50 actors
62000 microseconds per iteration to create
62 ms. Memory: 209920K Free: 151551K (72%)
16 ms. Memory: 209920K Free: 149132K (71%)
6 ms. Memory: 209920K Free: 149132K (71%)
13 ms. Memory: 209920K Free: 149132K (71%)
500 actors
1622000 microseconds per iteration to create
317 ms. Memory: 209920K Free: 96505K (46%)
72 ms. Memory: 209920K Free: 91643K (44%)
36 ms. Memory: 209920K Free: 86781K (41%)
35 ms. Memory: 209920K Free: 81920K (39%)
/home/travis/build/icyphy/ptII/ptolemy/actor/lib/test/RampContinuous.tcl
8 ms. Memory: 209920K Free: 79489K (38%)
/home/travis/build/icyphy/ptII/ptolemy/actor/lib/test/RecordAssembler.tcl
4 ms. Memory: 209920K Free: 77050K (37%)
4 ms. Memory: 209920K Free: 77050K (37%)
/home/travis/build/icyphy/ptII/ptolemy/actor/lib/test/RecordDisassembler.tcl
6 ms. Memory: 209920K Free: 76212K (36%)
23 ms. Memory: 334336K Free: 316913K (95%)
11 ms. Memory: 334336K Free: 316913K (95%)
/home/travis/build/icyphy/ptII/ptolemy/actor/lib/test/Scale.tcl
3 ms. Memory: 334336K Free: 316792K (95%)
2 ms. Memory: 334336K Free: 316792K (95%)
1 ms. Memory: 334336K Free: 311909K (93%)
3 ms. Memory: 334336K Free: 311909K (93%)
2 ms. Memory: 334336K Free: 311909K (93%)
/home/travis/build/icyphy/ptII/ptolemy/actor/lib/test/SequentialClock.tcl
preinitializing
resolving types
initializing
executing number 1
wrapping up
idle
3 ms. Memory: 334336K Free: 311909K (93%)
Completed execution with 5 iterations
preinitializing
resolving types
initializing
executing number 1
wrapping up
idle
2 ms. Memory: 334336K Free: 311909K (93%)
Completed execution with 5 iterations
preinitializing
resolving types
initializing
executing number 1
wrapping up
idle
1 ms. Memory: 334336K Free: 311909K (93%)
Completed execution with 5 iterations
/home/travis/build/icyphy/ptII/ptolemy/actor/lib/test/SetVariable.tcl
6 ms. Memory: 334336K Free: 307042K (92%)
/home/travis/build/icyphy/ptII/ptolemy/actor/lib/test/Sinewave.tcl
/home/travis/build/icyphy/ptII/ptolemy/actor/lib/test/SubscriptionAggregator.tcl
9 ms. Memory: 334336K Free: 292410K (87%)
7 ms. Memory: 334336K Free: 292410K (87%)
0 ms. Memory: 334336K Free: 292410K (87%)
1 ms. Memory: 334336K Free: 292410K (87%)
1 ms. Memory: 334336K Free: 287543K (86%)
7 ms. Memory: 334336K Free: 287543K (86%)
...............................................................889 ms. Memory: 480768K Free: 379555K (79%)
/home/travis/build/icyphy/ptII/ptolemy/actor/lib/test/Test.tcl
 The next command will produce a warning about training mode,
   which may be ignored.
4 ms. Memory: 480768K Free: 379555K (79%)
3 ms. Memory: 480768K Free: 379555K (79%)
1 ms. Memory: 480768K Free: 379555K (79%)
1 ms. Memory: 480768K Free: 379555K (79%)
3 ms. Memory: 480768K Free: 379555K (79%)
2 ms. Memory: 480768K Free: 379555K (79%)
3 ms. Memory: 480768K Free: 371820K (77%)
 The next command will produce a warning about training mode,
   which may be ignored.
4 ms. Memory: 480768K Free: 371820K (77%)
 The next command will produce a warning about training mode,
   which may be ignored.
6 ms. Memory: 480768K Free: 371820K (77%)
9 ms. Memory: 480768K Free: 371820K (77%)
1 ms. Memory: 480768K Free: 371820K (77%)
1 ms. Memory: 480768K Free: 371820K (77%)
1 ms. Memory: 480768K Free: 371820K (77%)
7 ms. Memory: 480768K Free: 364070K (76%)
/home/travis/build/icyphy/ptII/ptolemy/actor/lib/test/TestExceptionHandler.tcl
 The next command will produce a warning about training mode,
   which may be ignored.
1 ms. Memory: 480768K Free: 364070K (76%)
1 ms. Memory: 480768K Free: 364070K (76%)
0 ms. Memory: 480768K Free: 364070K (76%)
/home/travis/build/icyphy/ptII/ptolemy/actor/lib/test/UnionDisassembler.tcl
27 ms. Memory: 480768K Free: 356327K (74%)
/home/travis/build/icyphy/ptII/ptolemy/actor/lib/test/VariableClock.tcl
preinitializing
resolving types
initializing
executing number 1
wrapping up
idle
9 ms. Memory: 480768K Free: 356327K (74%)
Completed execution with 11 iterations
preinitializing
resolving types
initializing
executing number 1
wrapping up
idle
9 ms. Memory: 480768K Free: 348576K (73%)
Completed execution with 10 iterations
08/20/18 01:54:43
Failed: 0  Total Tests: 234  ((Passed: 234, Newly Passed: 0)  Known Failed: 0) /home/travis/build/icyphy/ptII/ptolemy/actor/lib/test
----------------- testing (KnownFailure) /home/travis/build/icyphy/ptII/ptolemy/actor/lib/test/auto/knownFailedTests/PublisherPortToplevelSubscriber.xml
0 ms. Memory: 480768K Free: 340814K (71%)
Known Failure: java.lang.reflect.InvocationTargetException
----------------- testing (KnownFailure) /home/travis/build/icyphy/ptII/ptolemy/actor/lib/test/auto/knownFailedTests/PublisherSubscriberPortToplevel.xml
1 ms. Memory: 480768K Free: 325290K (68%)
Known Failure: java.lang.reflect.InvocationTargetException
----------------- testing (KnownFailure) /home/travis/build/icyphy/ptII/ptolemy/actor/lib/test/auto/knownFailedTests/PublisherSubscriptionAggregatorPort.xml
1 ms. Memory: 480768K Free: 309766K (64%)
Known Failure: java.lang.reflect.InvocationTargetException
----------------- testing (KnownFailure) /home/travis/build/icyphy/ptII/ptolemy/actor/lib/test/auto/knownFailedTests/sizedarray3.xml
3 ms. Memory: 480768K Free: 294242K (61%)
Known Failure: java.lang.reflect.InvocationTargetException
No auto/linux-amd64/*.xml tests in /home/travis/build/icyphy/ptII/ptolemy/actor/lib/test
AutoTests.java: About to close Vertx.
AutoTests.java: Vertx closed.

===========================================================================================
----------------- testing Mon Aug 20 01:54:43 UTC 2018 /home/travis/build/icyphy/ptII/ptolemy/actor/lib/test/auto/AbsoluteValue.xml
----------------- Instantiating /home/travis/build/icyphy/ptII/ptolemy/actor/lib/test/auto/AbsoluteValue.xml
12 ms. Memory: 480768K Free: 224466K (47%)
----------------- Invoking toplevel() on ptolemy.moml.MoMLSimpleApplication@22dd8125
----------------- Done invoking toplevel() on ptolemy.moml.MoMLSimpleApplication@22dd8125
reloadAllAccessors: .AbsoluteValue

===========================================================================================
----------------- testing Mon Aug 20 01:54:43 UTC 2018 /home/travis/build/icyphy/ptII/ptolemy/actor/lib/test/auto/AbsoluteValue2.xml
----------------- Instantiating /home/travis/build/icyphy/ptII/ptolemy/actor/lib/test/auto/AbsoluteValue2.xml
7 ms. Memory: 480768K Free: 212807K (44%)
----------------- Invoking toplevel() on ptolemy.moml.MoMLSimpleApplication@6b107dc6
----------------- Done invoking toplevel() on ptolemy.moml.MoMLSimpleApplication@6b107dc6
reloadAllAccessors: .AbsoluteValue2

===========================================================================================
----------------- testing Mon Aug 20 01:54:43 UTC 2018 /home/travis/build/icyphy/ptII/ptolemy/actor/lib/test/auto/Accumulator.xml
----------------- Instantiating /home/travis/build/icyphy/ptII/ptolemy/actor/lib/test/auto/Accumulator.xml
19 ms. Memory: 480768K Free: 193413K (40%)
----------------- Invoking toplevel() on ptolemy.moml.MoMLSimpleApplication@68b2019c
----------------- Done invoking toplevel() on ptolemy.moml.MoMLSimpleApplication@68b2019c
reloadAllAccessors: .Accumulator

===========================================================================================
----------------- testing Mon Aug 20 01:54:43 UTC 2018 /home/travis/build/icyphy/ptII/ptolemy/actor/lib/test/auto/Accumulator2.xml
----------------- Instantiating /home/travis/build/icyphy/ptII/ptolemy/actor/lib/test/auto/Accumulator2.xml
3 ms. Memory: 480768K Free: 185651K (39%)
----------------- Invoking toplevel() on ptolemy.moml.MoMLSimpleApplication@56dd00fb
----------------- Done invoking toplevel() on ptolemy.moml.MoMLSimpleApplication@56dd00fb
reloadAllAccessors: .Accumulator2

===========================================================================================
----------------- testing Mon Aug 20 01:54:44 UTC 2018 /home/travis/build/icyphy/ptII/ptolemy/actor/lib/test/auto/Accumulator3.xml
----------------- Instantiating /home/travis/build/icyphy/ptII/ptolemy/actor/lib/test/auto/Accumulator3.xml
7 ms. Memory: 480768K Free: 177889K (37%)
----------------- Invoking toplevel() on ptolemy.moml.MoMLSimpleApplication@4486bc81
----------------- Done invoking toplevel() on ptolemy.moml.MoMLSimpleApplication@4486bc81
reloadAllAccessors: .Accumulator3

===========================================================================================
----------------- testing Mon Aug 20 01:54:44 UTC 2018 /home/travis/build/icyphy/ptII/ptolemy/actor/lib/test/auto/ArrayAppend.xml
----------------- Instantiating /home/travis/build/icyphy/ptII/ptolemy/actor/lib/test/auto/ArrayAppend.xml
5 ms. Memory: 480768K Free: 158496K (33%)
----------------- Invoking toplevel() on ptolemy.moml.MoMLSimpleApplication@7f8139ce
----------------- Done invoking toplevel() on ptolemy.moml.MoMLSimpleApplication@7f8139ce
reloadAllAccessors: .ArrayAppend

===========================================================================================
----------------- testing Mon Aug 20 01:54:44 UTC 2018 /home/travis/build/icyphy/ptII/ptolemy/actor/lib/test/auto/ArrayAppend2.xml
----------------- Instantiating /home/travis/build/icyphy/ptII/ptolemy/actor/lib/test/auto/ArrayAppend2.xml
538 ms. Memory: 480768K Free: 69233K (14%)
----------------- Invoking toplevel() on ptolemy.moml.MoMLSimpleApplication@646b7107
----------------- Done invoking toplevel() on ptolemy.moml.MoMLSimpleApplication@646b7107
reloadAllAccessors: .ArrayAppend2

===========================================================================================
----------------- testing Mon Aug 20 01:54:44 UTC 2018 /home/travis/build/icyphy/ptII/ptolemy/actor/lib/test/auto/ArrayAppend3.xml
----------------- Instantiating /home/travis/build/icyphy/ptII/ptolemy/actor/lib/test/auto/ArrayAppend3.xml
9 ms. Memory: 480768K Free: 61471K (13%)
----------------- Invoking toplevel() on ptolemy.moml.MoMLSimpleApplication@59415eee
----------------- Done invoking toplevel() on ptolemy.moml.MoMLSimpleApplication@59415eee
reloadAllAccessors: .ArrayAppend3

===========================================================================================
----------------- testing Mon Aug 20 01:54:44 UTC 2018 /home/travis/build/icyphy/ptII/ptolemy/actor/lib/test/auto/ArrayAppend4.xml
----------------- Instantiating /home/travis/build/icyphy/ptII/ptolemy/actor/lib/test/auto/ArrayAppend4.xml
10 ms. Memory: 485376K Free: 435480K (90%)
----------------- Invoking toplevel() on ptolemy.moml.MoMLSimpleApplication@7ae9aeff
----------------- Done invoking toplevel() on ptolemy.moml.MoMLSimpleApplication@7ae9aeff
reloadAllAccessors: .ArrayAppend4

===========================================================================================
----------------- testing Mon Aug 20 01:54:44 UTC 2018 /home/travis/build/icyphy/ptII/ptolemy/actor/lib/test/auto/ArrayAppend5.xml
----------------- Instantiating /home/travis/build/icyphy/ptII/ptolemy/actor/lib/test/auto/ArrayAppend5.xml
1 ms. Memory: 485376K Free: 421754K (87%)
----------------- Invoking toplevel() on ptolemy.moml.MoMLSimpleApplication@2b7704d
----------------- Done invoking toplevel() on ptolemy.moml.MoMLSimpleApplication@2b7704d
reloadAllAccessors: .ArrayAppend5

===========================================================================================
----------------- testing Mon Aug 20 01:54:44 UTC 2018 /home/travis/build/icyphy/ptII/ptolemy/actor/lib/test/auto/ArrayAppend6.xml
----------------- Instantiating /home/travis/build/icyphy/ptII/ptolemy/actor/lib/test/auto/ArrayAppend6.xml
2 ms. Memory: 485376K Free: 413976K (85%)
----------------- Invoking toplevel() on ptolemy.moml.MoMLSimpleApplication@773930b8
----------------- Done invoking toplevel() on ptolemy.moml.MoMLSimpleApplication@773930b8
reloadAllAccessors: .ArrayAppend6

===========================================================================================
----------------- testing Mon Aug 20 01:54:44 UTC 2018 /home/travis/build/icyphy/ptII/ptolemy/actor/lib/test/auto/ArrayAppendPerformanceTest.xml
----------------- Instantiating /home/travis/build/icyphy/ptII/ptolemy/actor/lib/test/auto/ArrayAppendPerformanceTest.xml
22 ms. Memory: 485376K Free: 397663K (82%)
----------------- Invoking toplevel() on ptolemy.moml.MoMLSimpleApplication@63927a4d
----------------- Done invoking toplevel() on ptolemy.moml.MoMLSimpleApplication@63927a4d
reloadAllAccessors: .ArrayAppendPerformanceTest

===========================================================================================
----------------- testing Mon Aug 20 01:54:44 UTC 2018 /home/travis/build/icyphy/ptII/ptolemy/actor/lib/test/auto/ArrayAppendWithEmptyInput.xml
----------------- Instantiating /home/travis/build/icyphy/ptII/ptolemy/actor/lib/test/auto/ArrayAppendWithEmptyInput.xml
10 ms. Memory: 485376K Free: 387297K (80%)
----------------- Invoking toplevel() on ptolemy.moml.MoMLSimpleApplication@70ed273d
----------------- Done invoking toplevel() on ptolemy.moml.MoMLSimpleApplication@70ed273d
reloadAllAccessors: .ArrayAppendWithEmptyInput

===========================================================================================
----------------- testing Mon Aug 20 01:54:44 UTC 2018 /home/travis/build/icyphy/ptII/ptolemy/actor/lib/test/auto/ArrayAverage.xml
----------------- Instantiating /home/travis/build/icyphy/ptII/ptolemy/actor/lib/test/auto/ArrayAverage.xml
12 ms. Memory: 485376K Free: 376932K (78%)
----------------- Invoking toplevel() on ptolemy.moml.MoMLSimpleApplication@3b4f13e1
----------------- Done invoking toplevel() on ptolemy.moml.MoMLSimpleApplication@3b4f13e1
reloadAllAccessors: .ArrayAverage

===========================================================================================
----------------- testing Mon Aug 20 01:54:45 UTC 2018 /home/travis/build/icyphy/ptII/ptolemy/actor/lib/test/auto/ArrayContains.xml
----------------- Instantiating /home/travis/build/icyphy/ptII/ptolemy/actor/lib/test/auto/ArrayContains.xml
8 ms. Memory: 485376K Free: 363206K (75%)
----------------- Invoking toplevel() on ptolemy.moml.MoMLSimpleApplication@3cf04d5d
----------------- Done invoking toplevel() on ptolemy.moml.MoMLSimpleApplication@3cf04d5d
reloadAllAccessors: .ArrayContains

===========================================================================================
----------------- testing Mon Aug 20 01:54:45 UTC 2018 /home/travis/build/icyphy/ptII/ptolemy/actor/lib/test/auto/ArrayElement.xml
----------------- Instantiating /home/travis/build/icyphy/ptII/ptolemy/actor/lib/test/auto/ArrayElement.xml
3 ms. Memory: 485376K Free: 355428K (73%)
----------------- Invoking toplevel() on ptolemy.moml.MoMLSimpleApplication@4ce178aa
----------------- Done invoking toplevel() on ptolemy.moml.MoMLSimpleApplication@4ce178aa
reloadAllAccessors: .ArrayElement

===========================================================================================
----------------- testing Mon Aug 20 01:54:45 UTC 2018 /home/travis/build/icyphy/ptII/ptolemy/actor/lib/test/auto/ArrayElementAsMatrix.xml
----------------- Instantiating /home/travis/build/icyphy/ptII/ptolemy/actor/lib/test/auto/ArrayElementAsMatrix.xml
20 ms. Memory: 485376K Free: 345047K (71%)
----------------- Invoking toplevel() on ptolemy.moml.MoMLSimpleApplication@437d2baf
----------------- Done invoking toplevel() on ptolemy.moml.MoMLSimpleApplication@437d2baf
reloadAllAccessors: .ArrayElementAsMatrix

===========================================================================================
----------------- testing Mon Aug 20 01:54:45 UTC 2018 /home/travis/build/icyphy/ptII/ptolemy/actor/lib/test/auto/ArrayElementI.xml
----------------- Instantiating /home/travis/build/icyphy/ptII/ptolemy/actor/lib/test/auto/ArrayElementI.xml
3 ms. Memory: 485376K Free: 331321K (68%)
----------------- Invoking toplevel() on ptolemy.moml.MoMLSimpleApplication@38994429
----------------- Done invoking toplevel() on ptolemy.moml.MoMLSimpleApplication@38994429
reloadAllAccessors: .ArrayElementI

===========================================================================================
----------------- testing Mon Aug 20 01:54:45 UTC 2018 /home/travis/build/icyphy/ptII/ptolemy/actor/lib/test/auto/ArrayExtract.xml
----------------- Instantiating /home/travis/build/icyphy/ptII/ptolemy/actor/lib/test/auto/ArrayExtract.xml
5 ms. Memory: 485376K Free: 323543K (67%)
----------------- Invoking toplevel() on ptolemy.moml.MoMLSimpleApplication@7286fffa
----------------- Done invoking toplevel() on ptolemy.moml.MoMLSimpleApplication@7286fffa
reloadAllAccessors: .ArrayExtract

===========================================================================================
----------------- testing Mon Aug 20 01:54:45 UTC 2018 /home/travis/build/icyphy/ptII/ptolemy/actor/lib/test/auto/ArrayExtract2.xml
----------------- Instantiating /home/travis/build/icyphy/ptII/ptolemy/actor/lib/test/auto/ArrayExtract2.xml
3 ms. Memory: 485376K Free: 309816K (64%)
----------------- Invoking toplevel() on ptolemy.moml.MoMLSimpleApplication@703d67a6
----------------- Done invoking toplevel() on ptolemy.moml.MoMLSimpleApplication@703d67a6
reloadAllAccessors: .ArrayExtract2

===========================================================================================
----------------- testing Mon Aug 20 01:54:45 UTC 2018 /home/travis/build/icyphy/ptII/ptolemy/actor/lib/test/auto/ArrayLength.xml
----------------- Instantiating /home/travis/build/icyphy/ptII/ptolemy/actor/lib/test/auto/ArrayLength.xml
4 ms. Memory: 485376K Free: 304642K (63%)
----------------- Invoking toplevel() on ptolemy.moml.MoMLSimpleApplication@61fe7d15
----------------- Done invoking toplevel() on ptolemy.moml.MoMLSimpleApplication@61fe7d15
reloadAllAccessors: .ArrayLength

===========================================================================================
----------------- testing Mon Aug 20 01:54:45 UTC 2018 /home/travis/build/icyphy/ptII/ptolemy/actor/lib/test/auto/ArrayLevelCrossing.xml
----------------- Instantiating /home/travis/build/icyphy/ptII/ptolemy/actor/lib/test/auto/ArrayLevelCrossing.xml
7 ms. Memory: 485376K Free: 294268K (61%)
----------------- Invoking toplevel() on ptolemy.moml.MoMLSimpleApplication@3e5ab1ef
----------------- Done invoking toplevel() on ptolemy.moml.MoMLSimpleApplication@3e5ab1ef
reloadAllAccessors: .ArrayLevelCrossing

===========================================================================================
----------------- testing Mon Aug 20 01:54:45 UTC 2018 /home/travis/build/icyphy/ptII/ptolemy/actor/lib/test/auto/ArrayLevelCrossing2.xml
----------------- Instantiating /home/travis/build/icyphy/ptII/ptolemy/actor/lib/test/auto/ArrayLevelCrossing2.xml
3 ms. Memory: 485376K Free: 280558K (58%)
----------------- Invoking toplevel() on ptolemy.moml.MoMLSimpleApplication@660b0250
----------------- Done invoking toplevel() on ptolemy.moml.MoMLSimpleApplication@660b0250
reloadAllAccessors: .ArrayLevelCrossing2

===========================================================================================
----------------- testing Mon Aug 20 01:54:45 UTC 2018 /home/travis/build/icyphy/ptII/ptolemy/actor/lib/test/auto/ArrayPeakSearch.xml
----------------- Instantiating /home/travis/build/icyphy/ptII/ptolemy/actor/lib/test/auto/ArrayPeakSearch.xml
3 ms. Memory: 485376K Free: 270193K (56%)
----------------- Invoking toplevel() on ptolemy.moml.MoMLSimpleApplication@3a156d03
----------------- Done invoking toplevel() on ptolemy.moml.MoMLSimpleApplication@3a156d03
reloadAllAccessors: .ArrayPeakSearch

===========================================================================================
----------------- testing Mon Aug 20 01:54:45 UTC 2018 /home/travis/build/icyphy/ptII/ptolemy/actor/lib/test/auto/ArrayPeakSearch2.xml
----------------- Instantiating /home/travis/build/icyphy/ptII/ptolemy/actor/lib/test/auto/ArrayPeakSearch2.xml
6 ms. Memory: 485376K Free: 257224K (53%)
----------------- Invoking toplevel() on ptolemy.moml.MoMLSimpleApplication@65f19482
----------------- Done invoking toplevel() on ptolemy.moml.MoMLSimpleApplication@65f19482
reloadAllAccessors: .ArrayPeakSearch2

===========================================================================================
----------------- testing Mon Aug 20 01:54:45 UTC 2018 /home/travis/build/icyphy/ptII/ptolemy/actor/lib/test/auto/ArrayPeakSearch3.xml
----------------- Instantiating /home/travis/build/icyphy/ptII/ptolemy/actor/lib/test/auto/ArrayPeakSearch3.xml
6 ms. Memory: 485376K Free: 240919K (50%)
----------------- Invoking toplevel() on ptolemy.moml.MoMLSimpleApplication@4c5c0f89
----------------- Done invoking toplevel() on ptolemy.moml.MoMLSimpleApplication@4c5c0f89
reloadAllAccessors: .ArrayPeakSearch3

===========================================================================================
----------------- testing Mon Aug 20 01:54:45 UTC 2018 /home/travis/build/icyphy/ptII/ptolemy/actor/lib/test/auto/ArrayRemoveElement.xml
----------------- Instantiating /home/travis/build/icyphy/ptII/ptolemy/actor/lib/test/auto/ArrayRemoveElement.xml
3 ms. Memory: 485376K Free: 230553K (47%)
----------------- Invoking toplevel() on ptolemy.moml.MoMLSimpleApplication@4e942f4
----------------- Done invoking toplevel() on ptolemy.moml.MoMLSimpleApplication@4e942f4
reloadAllAccessors: .ArrayRemoveElement

===========================================================================================
----------------- testing Mon Aug 20 01:54:45 UTC 2018 /home/travis/build/icyphy/ptII/ptolemy/actor/lib/test/auto/ArraySort.xml
----------------- Instantiating /home/travis/build/icyphy/ptII/ptolemy/actor/lib/test/auto/ArraySort.xml
5 ms. Memory: 485376K Free: 214240K (44%)
----------------- Invoking toplevel() on ptolemy.moml.MoMLSimpleApplication@3ba87018
----------------- Done invoking toplevel() on ptolemy.moml.MoMLSimpleApplication@3ba87018
reloadAllAccessors: .ArraySort

===========================================================================================
----------------- testing Mon Aug 20 01:54:45 UTC 2018 /home/travis/build/icyphy/ptII/ptolemy/actor/lib/test/auto/ArraySum.xml
----------------- Instantiating /home/travis/build/icyphy/ptII/ptolemy/actor/lib/test/auto/ArraySum.xml
7 ms. Memory: 485376K Free: 206462K (43%)
----------------- Invoking toplevel() on ptolemy.moml.MoMLSimpleApplication@45b80b2c
----------------- Done invoking toplevel() on ptolemy.moml.MoMLSimpleApplication@45b80b2c
reloadAllAccessors: .ArraySum

===========================================================================================
----------------- testing Mon Aug 20 01:54:45 UTC 2018 /home/travis/build/icyphy/ptII/ptolemy/actor/lib/test/auto/ArrayToElements.xml
----------------- Instantiating /home/travis/build/icyphy/ptII/ptolemy/actor/lib/test/auto/ArrayToElements.xml
4 ms. Memory: 485376K Free: 198684K (41%)
----------------- Invoking toplevel() on ptolemy.moml.MoMLSimpleApplication@6e100982
----------------- Done invoking toplevel() on ptolemy.moml.MoMLSimpleApplication@6e100982
reloadAllAccessors: .ArrayToElements

===========================================================================================
----------------- testing Mon Aug 20 01:54:45 UTC 2018 /home/travis/build/icyphy/ptII/ptolemy/actor/lib/test/auto/ArrayToMatrix.xml
----------------- Instantiating /home/travis/build/icyphy/ptII/ptolemy/actor/lib/test/auto/ArrayToMatrix.xml
10 ms. Memory: 485376K Free: 174584K (36%)
----------------- Invoking toplevel() on ptolemy.moml.MoMLSimpleApplication@46a4b61
----------------- Done invoking toplevel() on ptolemy.moml.MoMLSimpleApplication@46a4b61
reloadAllAccessors: .ArrayToMatrix

===========================================================================================
----------------- testing Mon Aug 20 01:54:45 UTC 2018 /home/travis/build/icyphy/ptII/ptolemy/actor/lib/test/auto/ArrayUpdate1.xml
----------------- Instantiating /home/travis/build/icyphy/ptII/ptolemy/actor/lib/test/auto/ArrayUpdate1.xml
2 ms. Memory: 485376K Free: 166806K (34%)
----------------- Invoking toplevel() on ptolemy.moml.MoMLSimpleApplication@4d50560d
----------------- Done invoking toplevel() on ptolemy.moml.MoMLSimpleApplication@4d50560d
reloadAllAccessors: .ArrayUpdate1

===========================================================================================
----------------- testing Mon Aug 20 01:54:45 UTC 2018 /home/travis/build/icyphy/ptII/ptolemy/actor/lib/test/auto/ArrayUpdate2.xml
----------------- Instantiating /home/travis/build/icyphy/ptII/ptolemy/actor/lib/test/auto/ArrayUpdate2.xml
5 ms. Memory: 485376K Free: 159044K (33%)
----------------- Invoking toplevel() on ptolemy.moml.MoMLSimpleApplication@ef4fe5
----------------- Done invoking toplevel() on ptolemy.moml.MoMLSimpleApplication@ef4fe5
reloadAllAccessors: .ArrayUpdate2

===========================================================================================
----------------- testing Mon Aug 20 01:54:45 UTC 2018 /home/travis/build/icyphy/ptII/ptolemy/actor/lib/test/auto/ArrayUpdate3.xml
----------------- Instantiating /home/travis/build/icyphy/ptII/ptolemy/actor/lib/test/auto/ArrayUpdate3.xml
2 ms. Memory: 485376K Free: 145318K (30%)
----------------- Invoking toplevel() on ptolemy.moml.MoMLSimpleApplication@33db4669
----------------- Done invoking toplevel() on ptolemy.moml.MoMLSimpleApplication@33db4669
reloadAllAccessors: .ArrayUpdate3

===========================================================================================
----------------- testing Mon Aug 20 01:54:45 UTC 2018 /home/travis/build/icyphy/ptII/ptolemy/actor/lib/test/auto/Assert1.xml
----------------- Instantiating /home/travis/build/icyphy/ptII/ptolemy/actor/lib/test/auto/Assert1.xml
4 ms. Memory: 485376K Free: 137540K (28%)
----------------- Invoking toplevel() on ptolemy.moml.MoMLSimpleApplication@36544404
----------------- Done invoking toplevel() on ptolemy.moml.MoMLSimpleApplication@36544404
reloadAllAccessors: .Assert1

===========================================================================================
----------------- testing Mon Aug 20 01:54:45 UTC 2018 /home/travis/build/icyphy/ptII/ptolemy/actor/lib/test/auto/Assert2.xml
----------------- Instantiating /home/travis/build/icyphy/ptII/ptolemy/actor/lib/test/auto/Assert2.xml
6 ms. Memory: 485376K Free: 129762K (27%)
----------------- Invoking toplevel() on ptolemy.moml.MoMLSimpleApplication@1a1e4610
----------------- Done invoking toplevel() on ptolemy.moml.MoMLSimpleApplication@1a1e4610
reloadAllAccessors: .Assert2

===========================================================================================
----------------- testing Mon Aug 20 01:54:46 UTC 2018 /home/travis/build/icyphy/ptII/ptolemy/actor/lib/test/auto/BooleanMultiplexor.xml
----------------- Instantiating /home/travis/build/icyphy/ptII/ptolemy/actor/lib/test/auto/BooleanMultiplexor.xml
6 ms. Memory: 485376K Free: 116044K (24%)
----------------- Invoking toplevel() on ptolemy.moml.MoMLSimpleApplication@35af4ef3
----------------- Done invoking toplevel() on ptolemy.moml.MoMLSimpleApplication@35af4ef3
reloadAllAccessors: .BooleanMultiplexor

===========================================================================================
----------------- testing Mon Aug 20 01:54:46 UTC 2018 /home/travis/build/icyphy/ptII/ptolemy/actor/lib/test/auto/BooleanMultiplexor2.xml
----------------- Instantiating /home/travis/build/icyphy/ptII/ptolemy/actor/lib/test/auto/BooleanMultiplexor2.xml
9 ms. Memory: 485376K Free: 108266K (22%)
----------------- Invoking toplevel() on ptolemy.moml.MoMLSimpleApplication@55de2986
----------------- Done invoking toplevel() on ptolemy.moml.MoMLSimpleApplication@55de2986
reloadAllAccessors: .BooleanMultiplexor2

===========================================================================================
----------------- testing Mon Aug 20 01:54:46 UTC 2018 /home/travis/build/icyphy/ptII/ptolemy/actor/lib/test/auto/BooleanMultiplexor3.xml
----------------- Instantiating /home/travis/build/icyphy/ptII/ptolemy/actor/lib/test/auto/BooleanMultiplexor3.xml
6 ms. Memory: 485376K Free: 97144K (20%)
----------------- Invoking toplevel() on ptolemy.moml.MoMLSimpleApplication@3073849a
----------------- Done invoking toplevel() on ptolemy.moml.MoMLSimpleApplication@3073849a
reloadAllAccessors: .BooleanMultiplexor3

===========================================================================================
----------------- testing Mon Aug 20 01:54:46 UTC 2018 /home/travis/build/icyphy/ptII/ptolemy/actor/lib/test/auto/BooleanSelect.xml
----------------- Instantiating /home/travis/build/icyphy/ptII/ptolemy/actor/lib/test/auto/BooleanSelect.xml
8 ms. Memory: 485376K Free: 89366K (18%)
----------------- Invoking toplevel() on ptolemy.moml.MoMLSimpleApplication@75c1aaa0
----------------- Done invoking toplevel() on ptolemy.moml.MoMLSimpleApplication@75c1aaa0
reloadAllAccessors: .BooleanSelect

===========================================================================================
----------------- testing Mon Aug 20 01:54:46 UTC 2018 /home/travis/build/icyphy/ptII/ptolemy/actor/lib/test/auto/BooleanSelect2.xml
----------------- Instantiating /home/travis/build/icyphy/ptII/ptolemy/actor/lib/test/auto/BooleanSelect2.xml
3 ms. Memory: 485376K Free: 81588K (17%)
----------------- Invoking toplevel() on ptolemy.moml.MoMLSimpleApplication@5f38d238
----------------- Done invoking toplevel() on ptolemy.moml.MoMLSimpleApplication@5f38d238
reloadAllAccessors: .BooleanSelect2

===========================================================================================
----------------- testing Mon Aug 20 01:54:46 UTC 2018 /home/travis/build/icyphy/ptII/ptolemy/actor/lib/test/auto/BooleanSwitch.xml
----------------- Instantiating /home/travis/build/icyphy/ptII/ptolemy/actor/lib/test/auto/BooleanSwitch.xml
4 ms. Memory: 485376K Free: 67861K (14%)
----------------- Invoking toplevel() on ptolemy.moml.MoMLSimpleApplication@4e85130c
----------------- Done invoking toplevel() on ptolemy.moml.MoMLSimpleApplication@4e85130c
reloadAllAccessors: .BooleanSwitch

===========================================================================================
----------------- testing Mon Aug 20 01:54:46 UTC 2018 /home/travis/build/icyphy/ptII/ptolemy/actor/lib/test/auto/BooleanSwitch2.xml
----------------- Instantiating /home/travis/build/icyphy/ptII/ptolemy/actor/lib/test/auto/BooleanSwitch2.xml
1 ms. Memory: 485376K Free: 60084K (12%)
----------------- Invoking toplevel() on ptolemy.moml.MoMLSimpleApplication@3ea5e550
----------------- Done invoking toplevel() on ptolemy.moml.MoMLSimpleApplication@3ea5e550
reloadAllAccessors: .BooleanSwitch2

===========================================================================================
----------------- testing Mon Aug 20 01:54:46 UTC 2018 /home/travis/build/icyphy/ptII/ptolemy/actor/lib/test/auto/BooleanSwitchCloningBugWithClassRelationGroup.xml
----------------- Instantiating /home/travis/build/icyphy/ptII/ptolemy/actor/lib/test/auto/BooleanSwitchCloningBugWithClassRelationGroup.xml
4 ms. Memory: 717824K Free: 671188K (94%)
----------------- Invoking toplevel() on ptolemy.moml.MoMLSimpleApplication@2a9ebe1
----------------- Done invoking toplevel() on ptolemy.moml.MoMLSimpleApplication@2a9ebe1
reloadAllAccessors: .BooleanSwitchCloningBugWithClassRelationGroup

===========================================================================================
----------------- testing Mon Aug 20 01:54:46 UTC 2018 /home/travis/build/icyphy/ptII/ptolemy/actor/lib/test/auto/BusActors.xml
----------------- Instantiating /home/travis/build/icyphy/ptII/ptolemy/actor/lib/test/auto/BusActors.xml
4 ms. Memory: 717824K Free: 651705K (91%)
----------------- Invoking toplevel() on ptolemy.moml.MoMLSimpleApplication@49651359
----------------- Done invoking toplevel() on ptolemy.moml.MoMLSimpleApplication@49651359
reloadAllAccessors: .BusActors

===========================================================================================
----------------- testing Mon Aug 20 01:54:46 UTC 2018 /home/travis/build/icyphy/ptII/ptolemy/actor/lib/test/auto/ClassWrapper.xml
----------------- Instantiating /home/travis/build/icyphy/ptII/ptolemy/actor/lib/test/auto/ClassWrapper.xml
2 ms. Memory: 717824K Free: 643431K (90%)
----------------- Invoking toplevel() on ptolemy.moml.MoMLSimpleApplication@3941b780
----------------- Done invoking toplevel() on ptolemy.moml.MoMLSimpleApplication@3941b780
reloadAllAccessors: .ClassWrapper

===========================================================================================
----------------- testing Mon Aug 20 01:54:46 UTC 2018 /home/travis/build/icyphy/ptII/ptolemy/actor/lib/test/auto/Clock.xml
----------------- Instantiating /home/travis/build/icyphy/ptII/ptolemy/actor/lib/test/auto/Clock.xml
1 ms. Memory: 717824K Free: 635157K (88%)
----------------- Invoking toplevel() on ptolemy.moml.MoMLSimpleApplication@1a610022
----------------- Done invoking toplevel() on ptolemy.moml.MoMLSimpleApplication@1a610022
reloadAllAccessors: .Clock

===========================================================================================
----------------- testing Mon Aug 20 01:54:46 UTC 2018 /home/travis/build/icyphy/ptII/ptolemy/actor/lib/test/auto/Clock10.xml
----------------- Instantiating /home/travis/build/icyphy/ptII/ptolemy/actor/lib/test/auto/Clock10.xml
3 ms. Memory: 717824K Free: 619774K (86%)
----------------- Invoking toplevel() on ptolemy.moml.MoMLSimpleApplication@10b48285
----------------- Done invoking toplevel() on ptolemy.moml.MoMLSimpleApplication@10b48285
reloadAllAccessors: .Clock10

===========================================================================================
----------------- testing Mon Aug 20 01:54:46 UTC 2018 /home/travis/build/icyphy/ptII/ptolemy/actor/lib/test/auto/Clock11.xml
----------------- Instantiating /home/travis/build/icyphy/ptII/ptolemy/actor/lib/test/auto/Clock11.xml
6 ms. Memory: 717824K Free: 611500K (85%)
----------------- Invoking toplevel() on ptolemy.moml.MoMLSimpleApplication@62e25cf6
----------------- Done invoking toplevel() on ptolemy.moml.MoMLSimpleApplication@62e25cf6
reloadAllAccessors: .Clock11

===========================================================================================
----------------- testing Mon Aug 20 01:54:46 UTC 2018 /home/travis/build/icyphy/ptII/ptolemy/actor/lib/test/auto/Clock12.xml
----------------- Instantiating /home/travis/build/icyphy/ptII/ptolemy/actor/lib/test/auto/Clock12.xml
5 ms. Memory: 717824K Free: 603226K (84%)
----------------- Invoking toplevel() on ptolemy.moml.MoMLSimpleApplication@5b843dbc
----------------- Done invoking toplevel() on ptolemy.moml.MoMLSimpleApplication@5b843dbc
reloadAllAccessors: .Clock12

===========================================================================================
----------------- testing Mon Aug 20 01:54:46 UTC 2018 /home/travis/build/icyphy/ptII/ptolemy/actor/lib/test/auto/Clock13.xml
----------------- Instantiating /home/travis/build/icyphy/ptII/ptolemy/actor/lib/test/auto/Clock13.xml
2 ms. Memory: 717824K Free: 587896K (82%)
----------------- Invoking toplevel() on ptolemy.moml.MoMLSimpleApplication@5a5538c0
----------------- Done invoking toplevel() on ptolemy.moml.MoMLSimpleApplication@5a5538c0
reloadAllAccessors: .Clock13

===========================================================================================
----------------- testing Mon Aug 20 01:54:46 UTC 2018 /home/travis/build/icyphy/ptII/ptolemy/actor/lib/test/auto/Clock14.xml
----------------- Instantiating /home/travis/build/icyphy/ptII/ptolemy/actor/lib/test/auto/Clock14.xml
5 ms. Memory: 717824K Free: 579622K (81%)
----------------- Invoking toplevel() on ptolemy.moml.MoMLSimpleApplication@3a3016ac
----------------- Done invoking toplevel() on ptolemy.moml.MoMLSimpleApplication@3a3016ac
reloadAllAccessors: .Clock14

===========================================================================================
----------------- testing Mon Aug 20 01:54:46 UTC 2018 /home/travis/build/icyphy/ptII/ptolemy/actor/lib/test/auto/Clock15.xml
----------------- Instantiating /home/travis/build/icyphy/ptII/ptolemy/actor/lib/test/auto/Clock15.xml
6 ms. Memory: 717824K Free: 571348K (80%)
----------------- Invoking toplevel() on ptolemy.moml.MoMLSimpleApplication@a35301c
----------------- Done invoking toplevel() on ptolemy.moml.MoMLSimpleApplication@a35301c
reloadAllAccessors: .Clock15

===========================================================================================
----------------- testing Mon Aug 20 01:54:46 UTC 2018 /home/travis/build/icyphy/ptII/ptolemy/actor/lib/test/auto/Clock16.xml
----------------- Instantiating /home/travis/build/icyphy/ptII/ptolemy/actor/lib/test/auto/Clock16.xml
27 ms. Memory: 717824K Free: 547729K (76%)
----------------- Invoking toplevel() on ptolemy.moml.MoMLSimpleApplication@43cc75de
----------------- Done invoking toplevel() on ptolemy.moml.MoMLSimpleApplication@43cc75de
reloadAllAccessors: .Clock16

===========================================================================================
----------------- testing Mon Aug 20 01:54:46 UTC 2018 /home/travis/build/icyphy/ptII/ptolemy/actor/lib/test/auto/Clock17.xml
----------------- Instantiating /home/travis/build/icyphy/ptII/ptolemy/actor/lib/test/auto/Clock17.xml
16 ms. Memory: 717824K Free: 527116K (73%)
----------------- Invoking toplevel() on ptolemy.moml.MoMLSimpleApplication@437739aa
----------------- Done invoking toplevel() on ptolemy.moml.MoMLSimpleApplication@437739aa
reloadAllAccessors: .Clock17

===========================================================================================
----------------- testing Mon Aug 20 01:54:46 UTC 2018 /home/travis/build/icyphy/ptII/ptolemy/actor/lib/test/auto/Clock18.xml
----------------- Instantiating /home/travis/build/icyphy/ptII/ptolemy/actor/lib/test/auto/Clock18.xml
18 ms. Memory: 717824K Free: 510552K (71%)
----------------- Invoking toplevel() on ptolemy.moml.MoMLSimpleApplication@5942b68
----------------- Done invoking toplevel() on ptolemy.moml.MoMLSimpleApplication@5942b68
reloadAllAccessors: .Clock18

===========================================================================================
----------------- testing Mon Aug 20 01:54:46 UTC 2018 /home/travis/build/icyphy/ptII/ptolemy/actor/lib/test/auto/Clock19.xml
----------------- Instantiating /home/travis/build/icyphy/ptII/ptolemy/actor/lib/test/auto/Clock19.xml
17 ms. Memory: 717824K Free: 486932K (68%)
----------------- Invoking toplevel() on ptolemy.moml.MoMLSimpleApplication@23e31732
----------------- Done invoking toplevel() on ptolemy.moml.MoMLSimpleApplication@23e31732
reloadAllAccessors: .Clock19

===========================================================================================
----------------- testing Mon Aug 20 01:54:46 UTC 2018 /home/travis/build/icyphy/ptII/ptolemy/actor/lib/test/auto/Clock2.xml
----------------- Instantiating /home/travis/build/icyphy/ptII/ptolemy/actor/lib/test/auto/Clock2.xml
4 ms. Memory: 717824K Free: 478658K (67%)
----------------- Invoking toplevel() on ptolemy.moml.MoMLSimpleApplication@54553150
----------------- Done invoking toplevel() on ptolemy.moml.MoMLSimpleApplication@54553150
reloadAllAccessors: .Clock2

===========================================================================================
----------------- testing Mon Aug 20 01:54:46 UTC 2018 /home/travis/build/icyphy/ptII/ptolemy/actor/lib/test/auto/Clock20.xml
----------------- Instantiating /home/travis/build/icyphy/ptII/ptolemy/actor/lib/test/auto/Clock20.xml
7 ms. Memory: 717824K Free: 470384K (66%)
----------------- Invoking toplevel() on ptolemy.moml.MoMLSimpleApplication@2ce67ee5
----------------- Done invoking toplevel() on ptolemy.moml.MoMLSimpleApplication@2ce67ee5
reloadAllAccessors: .Clock20

===========================================================================================
----------------- testing Mon Aug 20 01:54:46 UTC 2018 /home/travis/build/icyphy/ptII/ptolemy/actor/lib/test/auto/Clock21.xml
----------------- Instantiating /home/travis/build/icyphy/ptII/ptolemy/actor/lib/test/auto/Clock21.xml
2 ms. Memory: 717824K Free: 455055K (63%)
----------------- Invoking toplevel() on ptolemy.moml.MoMLSimpleApplication@4c85fa64
----------------- Done invoking toplevel() on ptolemy.moml.MoMLSimpleApplication@4c85fa64
reloadAllAccessors: .Clock21

===========================================================================================
----------------- testing Mon Aug 20 01:54:46 UTC 2018 /home/travis/build/icyphy/ptII/ptolemy/actor/lib/test/auto/Clock22.xml
----------------- Instantiating /home/travis/build/icyphy/ptII/ptolemy/actor/lib/test/auto/Clock22.xml
2 ms. Memory: 717824K Free: 446781K (62%)
----------------- Invoking toplevel() on ptolemy.moml.MoMLSimpleApplication@3395f715
----------------- Done invoking toplevel() on ptolemy.moml.MoMLSimpleApplication@3395f715
reloadAllAccessors: .Clock22

===========================================================================================
----------------- testing Mon Aug 20 01:54:46 UTC 2018 /home/travis/build/icyphy/ptII/ptolemy/actor/lib/test/auto/Clock23.xml
----------------- Instantiating /home/travis/build/icyphy/ptII/ptolemy/actor/lib/test/auto/Clock23.xml
2 ms. Memory: 717824K Free: 438507K (61%)
----------------- Invoking toplevel() on ptolemy.moml.MoMLSimpleApplication@3260b3eb
----------------- Done invoking toplevel() on ptolemy.moml.MoMLSimpleApplication@3260b3eb
reloadAllAccessors: .Clock23

===========================================================================================
----------------- testing Mon Aug 20 01:54:46 UTC 2018 /home/travis/build/icyphy/ptII/ptolemy/actor/lib/test/auto/Clock24.xml
----------------- Instantiating /home/travis/build/icyphy/ptII/ptolemy/actor/lib/test/auto/Clock24.xml
2 ms. Memory: 717824K Free: 423178K (59%)
----------------- Invoking toplevel() on ptolemy.moml.MoMLSimpleApplication@17b374b5
----------------- Done invoking toplevel() on ptolemy.moml.MoMLSimpleApplication@17b374b5
reloadAllAccessors: .Clock24

===========================================================================================
----------------- testing Mon Aug 20 01:54:46 UTC 2018 /home/travis/build/icyphy/ptII/ptolemy/actor/lib/test/auto/Clock4.xml
----------------- Instantiating /home/travis/build/icyphy/ptII/ptolemy/actor/lib/test/auto/Clock4.xml
2 ms. Memory: 717824K Free: 414904K (58%)
----------------- Invoking toplevel() on ptolemy.moml.MoMLSimpleApplication@3afaf8bc
----------------- Done invoking toplevel() on ptolemy.moml.MoMLSimpleApplication@3afaf8bc
reloadAllAccessors: .Clock4

===========================================================================================
----------------- testing Mon Aug 20 01:54:46 UTC 2018 /home/travis/build/icyphy/ptII/ptolemy/actor/lib/test/auto/Clock5.xml
----------------- Instantiating /home/travis/build/icyphy/ptII/ptolemy/actor/lib/test/auto/Clock5.xml
2 ms. Memory: 717824K Free: 406630K (57%)
----------------- Invoking toplevel() on ptolemy.moml.MoMLSimpleApplication@156ce9a1
----------------- Done invoking toplevel() on ptolemy.moml.MoMLSimpleApplication@156ce9a1
reloadAllAccessors: .Clock5

===========================================================================================
----------------- testing Mon Aug 20 01:54:47 UTC 2018 /home/travis/build/icyphy/ptII/ptolemy/actor/lib/test/auto/Clock6.xml
----------------- Instantiating /home/travis/build/icyphy/ptII/ptolemy/actor/lib/test/auto/Clock6.xml
2 ms. Memory: 717824K Free: 398356K (55%)
----------------- Invoking toplevel() on ptolemy.moml.MoMLSimpleApplication@26aea2f6
----------------- Done invoking toplevel() on ptolemy.moml.MoMLSimpleApplication@26aea2f6
reloadAllAccessors: .Clock6

===========================================================================================
----------------- testing Mon Aug 20 01:54:47 UTC 2018 /home/travis/build/icyphy/ptII/ptolemy/actor/lib/test/auto/Clock7.xml
----------------- Instantiating /home/travis/build/icyphy/ptII/ptolemy/actor/lib/test/auto/Clock7.xml
3 ms. Memory: 717824K Free: 383026K (53%)
----------------- Invoking toplevel() on ptolemy.moml.MoMLSimpleApplication@3f100342
----------------- Done invoking toplevel() on ptolemy.moml.MoMLSimpleApplication@3f100342
reloadAllAccessors: .Clock7

===========================================================================================
----------------- testing Mon Aug 20 01:54:47 UTC 2018 /home/travis/build/icyphy/ptII/ptolemy/actor/lib/test/auto/Clock8.xml
----------------- Instantiating /home/travis/build/icyphy/ptII/ptolemy/actor/lib/test/auto/Clock8.xml
2 ms. Memory: 717824K Free: 374752K (52%)
----------------- Invoking toplevel() on ptolemy.moml.MoMLSimpleApplication@19d615a8
----------------- Done invoking toplevel() on ptolemy.moml.MoMLSimpleApplication@19d615a8
reloadAllAccessors: .Clock8

===========================================================================================
----------------- testing Mon Aug 20 01:54:47 UTC 2018 /home/travis/build/icyphy/ptII/ptolemy/actor/lib/test/auto/Clock9.xml
----------------- Instantiating /home/travis/build/icyphy/ptII/ptolemy/actor/lib/test/auto/Clock9.xml
3 ms. Memory: 717824K Free: 366479K (51%)
----------------- Invoking toplevel() on ptolemy.moml.MoMLSimpleApplication@64112c2a
----------------- Done invoking toplevel() on ptolemy.moml.MoMLSimpleApplication@64112c2a
reloadAllAccessors: .Clock9

===========================================================================================
----------------- testing Mon Aug 20 01:54:47 UTC 2018 /home/travis/build/icyphy/ptII/ptolemy/actor/lib/test/auto/CommDistDiscard.xml
----------------- Instantiating /home/travis/build/icyphy/ptII/ptolemy/actor/lib/test/auto/CommDistDiscard.xml
4 ms. Memory: 717824K Free: 351149K (49%)
----------------- Invoking toplevel() on ptolemy.moml.MoMLSimpleApplication@3a0c2059
----------------- Done invoking toplevel() on ptolemy.moml.MoMLSimpleApplication@3a0c2059
reloadAllAccessors: .CommDistDiscard

===========================================================================================
----------------- testing Mon Aug 20 01:54:47 UTC 2018 /home/travis/build/icyphy/ptII/ptolemy/actor/lib/test/auto/Commutator.xml
----------------- Instantiating /home/travis/build/icyphy/ptII/ptolemy/actor/lib/test/auto/Commutator.xml
2 ms. Memory: 717824K Free: 342875K (48%)
----------------- Invoking toplevel() on ptolemy.moml.MoMLSimpleApplication@a51bae3
----------------- Done invoking toplevel() on ptolemy.moml.MoMLSimpleApplication@a51bae3
reloadAllAccessors: .Commutator

===========================================================================================
----------------- testing Mon Aug 20 01:54:47 UTC 2018 /home/travis/build/icyphy/ptII/ptolemy/actor/lib/test/auto/Commutator2.xml
----------------- Instantiating /home/travis/build/icyphy/ptII/ptolemy/actor/lib/test/auto/Commutator2.xml
2 ms. Memory: 717824K Free: 334601K (47%)
----------------- Invoking toplevel() on ptolemy.moml.MoMLSimpleApplication@7237f49d
----------------- Done invoking toplevel() on ptolemy.moml.MoMLSimpleApplication@7237f49d
reloadAllAccessors: .Commutator2

===========================================================================================
----------------- testing Mon Aug 20 01:54:47 UTC 2018 /home/travis/build/icyphy/ptII/ptolemy/actor/lib/test/auto/Commutator3.xml
----------------- Instantiating /home/travis/build/icyphy/ptII/ptolemy/actor/lib/test/auto/Commutator3.xml
2 ms. Memory: 717824K Free: 319272K (44%)
----------------- Invoking toplevel() on ptolemy.moml.MoMLSimpleApplication@373e2b64
----------------- Done invoking toplevel() on ptolemy.moml.MoMLSimpleApplication@373e2b64
reloadAllAccessors: .Commutator3

===========================================================================================
----------------- testing Mon Aug 20 01:54:47 UTC 2018 /home/travis/build/icyphy/ptII/ptolemy/actor/lib/test/auto/Compare.xml
----------------- Instantiating /home/travis/build/icyphy/ptII/ptolemy/actor/lib/test/auto/Compare.xml
1 ms. Memory: 717824K Free: 306845K (43%)
----------------- Invoking toplevel() on ptolemy.moml.MoMLSimpleApplication@262908ed
----------------- Done invoking toplevel() on ptolemy.moml.MoMLSimpleApplication@262908ed
reloadAllAccessors: .Compare

===========================================================================================
----------------- testing Mon Aug 20 01:54:47 UTC 2018 /home/travis/build/icyphy/ptII/ptolemy/actor/lib/test/auto/CompareDE.xml
----------------- Instantiating /home/travis/build/icyphy/ptII/ptolemy/actor/lib/test/auto/CompareDE.xml
4 ms. Memory: 717824K Free: 294418K (41%)
----------------- Invoking toplevel() on ptolemy.moml.MoMLSimpleApplication@13b97bba
----------------- Done invoking toplevel() on ptolemy.moml.MoMLSimpleApplication@13b97bba
reloadAllAccessors: .CompareDE

===========================================================================================
----------------- testing Mon Aug 20 01:54:47 UTC 2018 /home/travis/build/icyphy/ptII/ptolemy/actor/lib/test/auto/ComplexDivide.xml
----------------- Instantiating /home/travis/build/icyphy/ptII/ptolemy/actor/lib/test/auto/ComplexDivide.xml
1 ms. Memory: 717824K Free: 279089K (39%)
----------------- Invoking toplevel() on ptolemy.moml.MoMLSimpleApplication@32f2e8c4
----------------- Done invoking toplevel() on ptolemy.moml.MoMLSimpleApplication@32f2e8c4
reloadAllAccessors: .ComplexDivide

===========================================================================================
----------------- testing Mon Aug 20 01:54:47 UTC 2018 /home/travis/build/icyphy/ptII/ptolemy/actor/lib/test/auto/ComputeHistogram.xml
----------------- Instantiating /home/travis/build/icyphy/ptII/ptolemy/actor/lib/test/auto/ComputeHistogram.xml
28 ms. Memory: 717824K Free: 262525K (37%)
----------------- Invoking toplevel() on ptolemy.moml.MoMLSimpleApplication@2195a5af
----------------- Done invoking toplevel() on ptolemy.moml.MoMLSimpleApplication@2195a5af
reloadAllAccessors: .ComputeHistogram

===========================================================================================
----------------- testing Mon Aug 20 01:54:47 UTC 2018 /home/travis/build/icyphy/ptII/ptolemy/actor/lib/test/auto/ConfigurationSelect.xml
----------------- Instantiating /home/travis/build/icyphy/ptII/ptolemy/actor/lib/test/auto/ConfigurationSelect.xml
2 ms. Memory: 717824K Free: 254251K (35%)
----------------- Invoking toplevel() on ptolemy.moml.MoMLSimpleApplication@1e667f99
----------------- Done invoking toplevel() on ptolemy.moml.MoMLSimpleApplication@1e667f99
reloadAllAccessors: .ConfigurationSelect

===========================================================================================
----------------- testing Mon Aug 20 01:54:47 UTC 2018 /home/travis/build/icyphy/ptII/ptolemy/actor/lib/test/auto/ConfigurationSelect2.xml
----------------- Instantiating /home/travis/build/icyphy/ptII/ptolemy/actor/lib/test/auto/ConfigurationSelect2.xml
2 ms. Memory: 717824K Free: 238921K (33%)
----------------- Invoking toplevel() on ptolemy.moml.MoMLSimpleApplication@6a3474fe
----------------- Done invoking toplevel() on ptolemy.moml.MoMLSimpleApplication@6a3474fe
reloadAllAccessors: .ConfigurationSelect2

===========================================================================================
----------------- testing Mon Aug 20 01:54:47 UTC 2018 /home/travis/build/icyphy/ptII/ptolemy/actor/lib/test/auto/ConfigurationSwitch.xml
----------------- Instantiating /home/travis/build/icyphy/ptII/ptolemy/actor/lib/test/auto/ConfigurationSwitch.xml
2 ms. Memory: 717824K Free: 230647K (32%)
----------------- Invoking toplevel() on ptolemy.moml.MoMLSimpleApplication@7498cee9
----------------- Done invoking toplevel() on ptolemy.moml.MoMLSimpleApplication@7498cee9
reloadAllAccessors: .ConfigurationSwitch

===========================================================================================
----------------- testing Mon Aug 20 01:54:47 UTC 2018 /home/travis/build/icyphy/ptII/ptolemy/actor/lib/test/auto/ConfigurationSwitch2.xml
----------------- Instantiating /home/travis/build/icyphy/ptII/ptolemy/actor/lib/test/auto/ConfigurationSwitch2.xml
3 ms. Memory: 717824K Free: 222374K (31%)
----------------- Invoking toplevel() on ptolemy.moml.MoMLSimpleApplication@59c4d056
----------------- Done invoking toplevel() on ptolemy.moml.MoMLSimpleApplication@59c4d056
reloadAllAccessors: .ConfigurationSwitch2

===========================================================================================
----------------- testing Mon Aug 20 01:54:47 UTC 2018 /home/travis/build/icyphy/ptII/ptolemy/actor/lib/test/auto/ConfigurationSwitchCloningBugWithClassRelationGroup.xml
----------------- Instantiating /home/travis/build/icyphy/ptII/ptolemy/actor/lib/test/auto/ConfigurationSwitchCloningBugWithClassRelationGroup.xml
2 ms. Memory: 717824K Free: 202907K (28%)
----------------- Invoking toplevel() on ptolemy.moml.MoMLSimpleApplication@11ab7c7d
----------------- Done invoking toplevel() on ptolemy.moml.MoMLSimpleApplication@11ab7c7d
reloadAllAccessors: .ConfigurationSwitchCloningBugWithClassRelationGroup

===========================================================================================
----------------- testing Mon Aug 20 01:54:47 UTC 2018 /home/travis/build/icyphy/ptII/ptolemy/actor/lib/test/auto/ConfigurationSwitchSelectSDF.xml
----------------- Instantiating /home/travis/build/icyphy/ptII/ptolemy/actor/lib/test/auto/ConfigurationSwitchSelectSDF.xml
2 ms. Memory: 717824K Free: 194633K (27%)
----------------- Invoking toplevel() on ptolemy.moml.MoMLSimpleApplication@dbd2163
----------------- Done invoking toplevel() on ptolemy.moml.MoMLSimpleApplication@dbd2163
reloadAllAccessors: .ConfigurationSwitchSelectSDF

===========================================================================================
----------------- testing Mon Aug 20 01:54:47 UTC 2018 /home/travis/build/icyphy/ptII/ptolemy/actor/lib/test/auto/ConfigurationSwitchSelectSDF2.xml
----------------- Instantiating /home/travis/build/icyphy/ptII/ptolemy/actor/lib/test/auto/ConfigurationSwitchSelectSDF2.xml
2 ms. Memory: 717824K Free: 186359K (26%)
----------------- Invoking toplevel() on ptolemy.moml.MoMLSimpleApplication@64d9e829
----------------- Done invoking toplevel() on ptolemy.moml.MoMLSimpleApplication@64d9e829
reloadAllAccessors: .ConfigurationSwitchSelectSDF2

===========================================================================================
----------------- testing Mon Aug 20 01:54:47 UTC 2018 /home/travis/build/icyphy/ptII/ptolemy/actor/lib/test/auto/Const.xml
----------------- Instantiating /home/travis/build/icyphy/ptII/ptolemy/actor/lib/test/auto/Const.xml
2 ms. Memory: 717824K Free: 171030K (24%)
----------------- Invoking toplevel() on ptolemy.moml.MoMLSimpleApplication@7813d76
----------------- Done invoking toplevel() on ptolemy.moml.MoMLSimpleApplication@7813d76
reloadAllAccessors: .Const

===========================================================================================
----------------- testing Mon Aug 20 01:54:47 UTC 2018 /home/travis/build/icyphy/ptII/ptolemy/actor/lib/test/auto/Const2.xml
----------------- Instantiating /home/travis/build/icyphy/ptII/ptolemy/actor/lib/test/auto/Const2.xml
2 ms. Memory: 717824K Free: 162756K (23%)
----------------- Invoking toplevel() on ptolemy.moml.MoMLSimpleApplication@2f87b129
----------------- Done invoking toplevel() on ptolemy.moml.MoMLSimpleApplication@2f87b129
reloadAllAccessors: .Const2

===========================================================================================
----------------- testing Mon Aug 20 01:54:47 UTC 2018 /home/travis/build/icyphy/ptII/ptolemy/actor/lib/test/auto/Const3.xml
----------------- Instantiating /home/travis/build/icyphy/ptII/ptolemy/actor/lib/test/auto/Const3.xml
1 ms. Memory: 717824K Free: 154482K (22%)
----------------- Invoking toplevel() on ptolemy.moml.MoMLSimpleApplication@3ca05350
----------------- Done invoking toplevel() on ptolemy.moml.MoMLSimpleApplication@3ca05350
reloadAllAccessors: .Const3

===========================================================================================
----------------- testing Mon Aug 20 01:54:47 UTC 2018 /home/travis/build/icyphy/ptII/ptolemy/actor/lib/test/auto/ConstantPublisherPort1.xml
----------------- Instantiating /home/travis/build/icyphy/ptII/ptolemy/actor/lib/test/auto/ConstantPublisherPort1.xml
6 ms. Memory: 717824K Free: 134999K (19%)
----------------- Invoking toplevel() on ptolemy.moml.MoMLSimpleApplication@10c53e7b
----------------- Done invoking toplevel() on ptolemy.moml.MoMLSimpleApplication@10c53e7b
reloadAllAccessors: .ConstantPublisherPort1

===========================================================================================
----------------- testing Mon Aug 20 01:54:47 UTC 2018 /home/travis/build/icyphy/ptII/ptolemy/actor/lib/test/auto/ConstantPublisherPort2.xml
----------------- Instantiating /home/travis/build/icyphy/ptII/ptolemy/actor/lib/test/auto/ConstantPublisherPort2.xml
5 ms. Memory: 717824K Free: 122572K (17%)
----------------- Invoking toplevel() on ptolemy.moml.MoMLSimpleApplication@3250277f
----------------- Done invoking toplevel() on ptolemy.moml.MoMLSimpleApplication@3250277f
reloadAllAccessors: .ConstantPublisherPort2

===========================================================================================
----------------- testing Mon Aug 20 01:54:47 UTC 2018 /home/travis/build/icyphy/ptII/ptolemy/actor/lib/test/auto/ConstantPublisherPort3.xml
----------------- Instantiating /home/travis/build/icyphy/ptII/ptolemy/actor/lib/test/auto/ConstantPublisherPort3.xml
5 ms. Memory: 717824K Free: 110161K (15%)
----------------- Invoking toplevel() on ptolemy.moml.MoMLSimpleApplication@4e5bfeb8
----------------- Done invoking toplevel() on ptolemy.moml.MoMLSimpleApplication@4e5bfeb8
reloadAllAccessors: .ConstantPublisherPort3

===========================================================================================
----------------- testing Mon Aug 20 01:54:47 UTC 2018 /home/travis/build/icyphy/ptII/ptolemy/actor/lib/test/auto/ConstantPublisherPort4.xml
----------------- Instantiating /home/travis/build/icyphy/ptII/ptolemy/actor/lib/test/auto/ConstantPublisherPort4.xml
3 ms. Memory: 717824K Free: 90679K (13%)
----------------- Invoking toplevel() on ptolemy.moml.MoMLSimpleApplication@893517a
----------------- Done invoking toplevel() on ptolemy.moml.MoMLSimpleApplication@893517a
reloadAllAccessors: .ConstantPublisherPort4

===========================================================================================
----------------- testing Mon Aug 20 01:54:47 UTC 2018 /home/travis/build/icyphy/ptII/ptolemy/actor/lib/test/auto/ConstantPublisherPort5.xml
----------------- Instantiating /home/travis/build/icyphy/ptII/ptolemy/actor/lib/test/auto/ConstantPublisherPort5.xml
9 ms. Memory: 717824K Free: 69978K (10%)
----------------- Invoking toplevel() on ptolemy.moml.MoMLSimpleApplication@4247ae02
----------------- Done invoking toplevel() on ptolemy.moml.MoMLSimpleApplication@4247ae02
reloadAllAccessors: .ConstantPublisherPort5

===========================================================================================
----------------- testing Mon Aug 20 01:54:47 UTC 2018 /home/travis/build/icyphy/ptII/ptolemy/actor/lib/test/auto/ConstantPublisherPort6.xml
----------------- Instantiating /home/travis/build/icyphy/ptII/ptolemy/actor/lib/test/auto/ConstantPublisherPort6.xml
33 ms. Memory: 718336K Free: 665220K (93%)
----------------- Invoking toplevel() on ptolemy.moml.MoMLSimpleApplication@1e4f65b1
----------------- Done invoking toplevel() on ptolemy.moml.MoMLSimpleApplication@1e4f65b1
reloadAllAccessors: .ConstantPublisherPort6

===========================================================================================
----------------- testing Mon Aug 20 01:54:47 UTC 2018 /home/travis/build/icyphy/ptII/ptolemy/actor/lib/test/auto/ConstantPublisherPort7.xml
----------------- Instantiating /home/travis/build/icyphy/ptII/ptolemy/actor/lib/test/auto/ConstantPublisherPort7.xml
17 ms. Memory: 718336K Free: 639118K (89%)
----------------- Invoking toplevel() on ptolemy.moml.MoMLSimpleApplication@5e338e15
----------------- Done invoking toplevel() on ptolemy.moml.MoMLSimpleApplication@5e338e15
reloadAllAccessors: .ConstantPublisherPort7

===========================================================================================
----------------- testing Mon Aug 20 01:54:47 UTC 2018 /home/travis/build/icyphy/ptII/ptolemy/actor/lib/test/auto/ConstraintMonitor1.xml
----------------- Instantiating /home/travis/build/icyphy/ptII/ptolemy/actor/lib/test/auto/ConstraintMonitor1.xml
8 ms. Memory: 718336K Free: 629793K (88%)
----------------- Invoking toplevel() on ptolemy.moml.MoMLSimpleApplication@3c92bdcf
----------------- Done invoking toplevel() on ptolemy.moml.MoMLSimpleApplication@3c92bdcf
reloadAllAccessors: .ConstraintMonitor1

===========================================================================================
----------------- testing Mon Aug 20 01:54:47 UTC 2018 /home/travis/build/icyphy/ptII/ptolemy/actor/lib/test/auto/ConstraintMonitor2.xml
----------------- Instantiating /home/travis/build/icyphy/ptII/ptolemy/actor/lib/test/auto/ConstraintMonitor2.xml
5 ms. Memory: 718336K Free: 618220K (86%)
----------------- Invoking toplevel() on ptolemy.moml.MoMLSimpleApplication@62c1c15e
----------------- Done invoking toplevel() on ptolemy.moml.MoMLSimpleApplication@62c1c15e
reloadAllAccessors: .ConstraintMonitor2

===========================================================================================
----------------- testing Mon Aug 20 01:54:47 UTC 2018 /home/travis/build/icyphy/ptII/ptolemy/actor/lib/test/auto/ConstraintMonitor3.xml
----------------- Instantiating /home/travis/build/icyphy/ptII/ptolemy/actor/lib/test/auto/ConstraintMonitor3.xml
5 ms. Memory: 718336K Free: 612015K (85%)
----------------- Invoking toplevel() on ptolemy.moml.MoMLSimpleApplication@46fee6ff
----------------- Done invoking toplevel() on ptolemy.moml.MoMLSimpleApplication@46fee6ff
reloadAllAccessors: .ConstraintMonitor3

===========================================================================================
----------------- testing Mon Aug 20 01:54:47 UTC 2018 /home/travis/build/icyphy/ptII/ptolemy/actor/lib/test/auto/ConstraintMonitor4.xml
----------------- Instantiating /home/travis/build/icyphy/ptII/ptolemy/actor/lib/test/auto/ConstraintMonitor4.xml
3 ms. Memory: 718336K Free: 597323K (83%)
----------------- Invoking toplevel() on ptolemy.moml.MoMLSimpleApplication@541335ca
----------------- Done invoking toplevel() on ptolemy.moml.MoMLSimpleApplication@541335ca
reloadAllAccessors: .ConstraintMonitor4

===========================================================================================
----------------- testing Mon Aug 20 01:54:47 UTC 2018 /home/travis/build/icyphy/ptII/ptolemy/actor/lib/test/auto/ConstraintMonitor5.xml
----------------- Instantiating /home/travis/build/icyphy/ptII/ptolemy/actor/lib/test/auto/ConstraintMonitor5.xml
6 ms. Memory: 718336K Free: 588015K (82%)
----------------- Invoking toplevel() on ptolemy.moml.MoMLSimpleApplication@1bc32ed9
----------------- Done invoking toplevel() on ptolemy.moml.MoMLSimpleApplication@1bc32ed9
reloadAllAccessors: .ConstraintMonitor5

===========================================================================================
----------------- testing Mon Aug 20 01:54:47 UTC 2018 /home/travis/build/icyphy/ptII/ptolemy/actor/lib/test/auto/ConstraintMonitor6.xml
----------------- Instantiating /home/travis/build/icyphy/ptII/ptolemy/actor/lib/test/auto/ConstraintMonitor6.xml
7 ms. Memory: 718336K Free: 578698K (81%)
----------------- Invoking toplevel() on ptolemy.moml.MoMLSimpleApplication@5041057f
----------------- Done invoking toplevel() on ptolemy.moml.MoMLSimpleApplication@5041057f
reloadAllAccessors: .ConstraintMonitor6

===========================================================================================
----------------- testing Mon Aug 20 01:54:47 UTC 2018 /home/travis/build/icyphy/ptII/ptolemy/actor/lib/test/auto/ConstraintMonitor7.xml
----------------- Instantiating /home/travis/build/icyphy/ptII/ptolemy/actor/lib/test/auto/ConstraintMonitor7.xml
3 ms. Memory: 718336K Free: 564014K (79%)
----------------- Invoking toplevel() on ptolemy.moml.MoMLSimpleApplication@215f96d7
----------------- Done invoking toplevel() on ptolemy.moml.MoMLSimpleApplication@215f96d7
reloadAllAccessors: .ConstraintMonitor7

===========================================================================================
----------------- testing Mon Aug 20 01:54:47 UTC 2018 /home/travis/build/icyphy/ptII/ptolemy/actor/lib/test/auto/ConstraintMonitor8.xml
----------------- Instantiating /home/travis/build/icyphy/ptII/ptolemy/actor/lib/test/auto/ConstraintMonitor8.xml
8 ms. Memory: 718336K Free: 554690K (77%)
----------------- Invoking toplevel() on ptolemy.moml.MoMLSimpleApplication@614113cc
----------------- Done invoking toplevel() on ptolemy.moml.MoMLSimpleApplication@614113cc
reloadAllAccessors: .ConstraintMonitor8

===========================================================================================
----------------- testing Mon Aug 20 01:54:47 UTC 2018 /home/travis/build/icyphy/ptII/ptolemy/actor/lib/test/auto/Counter.xml
----------------- Instantiating /home/travis/build/icyphy/ptII/ptolemy/actor/lib/test/auto/Counter.xml
3 ms. Memory: 718336K Free: 543117K (76%)
----------------- Invoking toplevel() on ptolemy.moml.MoMLSimpleApplication@7476b5ab
----------------- Done invoking toplevel() on ptolemy.moml.MoMLSimpleApplication@7476b5ab
reloadAllAccessors: .Counter

===========================================================================================
----------------- testing Mon Aug 20 01:54:47 UTC 2018 /home/travis/build/icyphy/ptII/ptolemy/actor/lib/test/auto/CurrentTimeSDF.xml
----------------- Instantiating /home/travis/build/icyphy/ptII/ptolemy/actor/lib/test/auto/CurrentTimeSDF.xml
1 ms. Memory: 718336K Free: 536911K (75%)
----------------- Invoking toplevel() on ptolemy.moml.MoMLSimpleApplication@54d9ae27
----------------- Done invoking toplevel() on ptolemy.moml.MoMLSimpleApplication@54d9ae27
reloadAllAccessors: .CurrentTimeSDF

===========================================================================================
----------------- testing Mon Aug 20 01:54:47 UTC 2018 /home/travis/build/icyphy/ptII/ptolemy/actor/lib/test/auto/DB.xml
----------------- Instantiating /home/travis/build/icyphy/ptII/ptolemy/actor/lib/test/auto/DB.xml
2 ms. Memory: 718336K Free: 525338K (73%)
----------------- Invoking toplevel() on ptolemy.moml.MoMLSimpleApplication@37616424
----------------- Done invoking toplevel() on ptolemy.moml.MoMLSimpleApplication@37616424
reloadAllAccessors: .DB

===========================================================================================
----------------- testing Mon Aug 20 01:54:48 UTC 2018 /home/travis/build/icyphy/ptII/ptolemy/actor/lib/test/auto/DBDE.xml
----------------- Instantiating /home/travis/build/icyphy/ptII/ptolemy/actor/lib/test/auto/DBDE.xml
3 ms. Memory: 718336K Free: 516030K (72%)
----------------- Invoking toplevel() on ptolemy.moml.MoMLSimpleApplication@246ea3d6
----------------- Done invoking toplevel() on ptolemy.moml.MoMLSimpleApplication@246ea3d6
reloadAllAccessors: .DBDE

===========================================================================================
----------------- testing Mon Aug 20 01:54:48 UTC 2018 /home/travis/build/icyphy/ptII/ptolemy/actor/lib/test/auto/DateConstructor.xml
----------------- Instantiating /home/travis/build/icyphy/ptII/ptolemy/actor/lib/test/auto/DateConstructor.xml
16 ms. Memory: 718336K Free: 497365K (69%)
----------------- Invoking toplevel() on ptolemy.moml.MoMLSimpleApplication@5aff483f
----------------- Done invoking toplevel() on ptolemy.moml.MoMLSimpleApplication@5aff483f
reloadAllAccessors: .DateConstructor

===========================================================================================
----------------- testing Mon Aug 20 01:54:48 UTC 2018 /home/travis/build/icyphy/ptII/ptolemy/actor/lib/test/auto/DelayTime.xml
----------------- Instantiating /home/travis/build/icyphy/ptII/ptolemy/actor/lib/test/auto/DelayTime.xml
3 ms. Memory: 718336K Free: 482673K (67%)
----------------- Invoking toplevel() on ptolemy.moml.MoMLSimpleApplication@9f94864
----------------- Done invoking toplevel() on ptolemy.moml.MoMLSimpleApplication@9f94864
reloadAllAccessors: .DelayTime

===========================================================================================
----------------- testing Mon Aug 20 01:54:48 UTC 2018 /home/travis/build/icyphy/ptII/ptolemy/actor/lib/test/auto/Dictionary1.xml
----------------- Instantiating /home/travis/build/icyphy/ptII/ptolemy/actor/lib/test/auto/Dictionary1.xml
3 ms. Memory: 718336K Free: 473364K (66%)
----------------- Invoking toplevel() on ptolemy.moml.MoMLSimpleApplication@608612fa
----------------- Done invoking toplevel() on ptolemy.moml.MoMLSimpleApplication@608612fa
reloadAllAccessors: .Dictionary1

===========================================================================================
----------------- testing Mon Aug 20 01:54:48 UTC 2018 /home/travis/build/icyphy/ptII/ptolemy/actor/lib/test/auto/Dictionary2.xml
----------------- Instantiating /home/travis/build/icyphy/ptII/ptolemy/actor/lib/test/auto/Dictionary2.xml
4 ms. Memory: 718336K Free: 458672K (64%)
----------------- Invoking toplevel() on ptolemy.moml.MoMLSimpleApplication@5e1c8126
----------------- Done invoking toplevel() on ptolemy.moml.MoMLSimpleApplication@5e1c8126
reloadAllAccessors: .Dictionary2

===========================================================================================
----------------- testing Mon Aug 20 01:54:48 UTC 2018 /home/travis/build/icyphy/ptII/ptolemy/actor/lib/test/auto/Dictionary3.xml
----------------- Instantiating /home/travis/build/icyphy/ptII/ptolemy/actor/lib/test/auto/Dictionary3.xml
1 ms. Memory: 718336K Free: 449348K (63%)
----------------- Invoking toplevel() on ptolemy.moml.MoMLSimpleApplication@a4748aa
----------------- Done invoking toplevel() on ptolemy.moml.MoMLSimpleApplication@a4748aa
reloadAllAccessors: .Dictionary3

===========================================================================================
----------------- testing Mon Aug 20 01:54:48 UTC 2018 /home/travis/build/icyphy/ptII/ptolemy/actor/lib/test/auto/Dictionary4.xml
----------------- Instantiating /home/travis/build/icyphy/ptII/ptolemy/actor/lib/test/auto/Dictionary4.xml
3 ms. Memory: 718336K Free: 434656K (61%)
----------------- Invoking toplevel() on ptolemy.moml.MoMLSimpleApplication@993c51b
----------------- Done invoking toplevel() on ptolemy.moml.MoMLSimpleApplication@993c51b
reloadAllAccessors: .Dictionary4

===========================================================================================
----------------- testing Mon Aug 20 01:54:48 UTC 2018 /home/travis/build/icyphy/ptII/ptolemy/actor/lib/test/auto/Differential.xml
----------------- Instantiating /home/travis/build/icyphy/ptII/ptolemy/actor/lib/test/auto/Differential.xml
3 ms. Memory: 718336K Free: 428450K (60%)
----------------- Invoking toplevel() on ptolemy.moml.MoMLSimpleApplication@667dc133
----------------- Done invoking toplevel() on ptolemy.moml.MoMLSimpleApplication@667dc133
reloadAllAccessors: .Differential

===========================================================================================
----------------- testing Mon Aug 20 01:54:48 UTC 2018 /home/travis/build/icyphy/ptII/ptolemy/actor/lib/test/auto/Director.xml
----------------- Instantiating /home/travis/build/icyphy/ptII/ptolemy/actor/lib/test/auto/Director.xml
2 ms. Memory: 718336K Free: 416877K (58%)
----------------- Invoking toplevel() on ptolemy.moml.MoMLSimpleApplication@7fca2849
----------------- Done invoking toplevel() on ptolemy.moml.MoMLSimpleApplication@7fca2849
reloadAllAccessors: .Director

===========================================================================================
----------------- testing Mon Aug 20 01:54:48 UTC 2018 /home/travis/build/icyphy/ptII/ptolemy/actor/lib/test/auto/DiscreteClock.xml
----------------- Instantiating /home/travis/build/icyphy/ptII/ptolemy/actor/lib/test/auto/DiscreteClock.xml
1 ms. Memory: 718336K Free: 410672K (57%)
----------------- Invoking toplevel() on ptolemy.moml.MoMLSimpleApplication@3730c225
----------------- Done invoking toplevel() on ptolemy.moml.MoMLSimpleApplication@3730c225
reloadAllAccessors: .DiscreteClock

===========================================================================================
----------------- testing Mon Aug 20 01:54:48 UTC 2018 /home/travis/build/icyphy/ptII/ptolemy/actor/lib/test/auto/DiscreteClock10.xml
----------------- Instantiating /home/travis/build/icyphy/ptII/ptolemy/actor/lib/test/auto/DiscreteClock10.xml
6 ms. Memory: 718336K Free: 401347K (56%)
----------------- Invoking toplevel() on ptolemy.moml.MoMLSimpleApplication@49a994dc
----------------- Done invoking toplevel() on ptolemy.moml.MoMLSimpleApplication@49a994dc
reloadAllAccessors: .DiscreteClock10

===========================================================================================
----------------- testing Mon Aug 20 01:54:48 UTC 2018 /home/travis/build/icyphy/ptII/ptolemy/actor/lib/test/auto/DiscreteClock11.xml
----------------- Instantiating /home/travis/build/icyphy/ptII/ptolemy/actor/lib/test/auto/DiscreteClock11.xml
3 ms. Memory: 718336K Free: 386663K (54%)
----------------- Invoking toplevel() on ptolemy.moml.MoMLSimpleApplication@6c76aa8b
----------------- Done invoking toplevel() on ptolemy.moml.MoMLSimpleApplication@6c76aa8b
reloadAllAccessors: .DiscreteClock11

===========================================================================================
----------------- testing Mon Aug 20 01:54:48 UTC 2018 /home/travis/build/icyphy/ptII/ptolemy/actor/lib/test/auto/DiscreteClock12.xml
----------------- Instantiating /home/travis/build/icyphy/ptII/ptolemy/actor/lib/test/auto/DiscreteClock12.xml
3 ms. Memory: 718336K Free: 377339K (53%)
----------------- Invoking toplevel() on ptolemy.moml.MoMLSimpleApplication@3a7b4a4d
----------------- Done invoking toplevel() on ptolemy.moml.MoMLSimpleApplication@3a7b4a4d
reloadAllAccessors: .DiscreteClock12

===========================================================================================
----------------- testing Mon Aug 20 01:54:48 UTC 2018 /home/travis/build/icyphy/ptII/ptolemy/actor/lib/test/auto/DiscreteClock13.xml
----------------- Instantiating /home/travis/build/icyphy/ptII/ptolemy/actor/lib/test/auto/DiscreteClock13.xml
4 ms. Memory: 718336K Free: 362647K (50%)
----------------- Invoking toplevel() on ptolemy.moml.MoMLSimpleApplication@1e0801c9
----------------- Done invoking toplevel() on ptolemy.moml.MoMLSimpleApplication@1e0801c9
reloadAllAccessors: .DiscreteClock13

===========================================================================================
----------------- testing Mon Aug 20 01:54:48 UTC 2018 /home/travis/build/icyphy/ptII/ptolemy/actor/lib/test/auto/DiscreteClock14.xml
----------------- Instantiating /home/travis/build/icyphy/ptII/ptolemy/actor/lib/test/auto/DiscreteClock14.xml
2 ms. Memory: 718336K Free: 353323K (49%)
----------------- Invoking toplevel() on ptolemy.moml.MoMLSimpleApplication@707939a4
----------------- Done invoking toplevel() on ptolemy.moml.MoMLSimpleApplication@707939a4
reloadAllAccessors: .DiscreteClock14

===========================================================================================
----------------- testing Mon Aug 20 01:54:48 UTC 2018 /home/travis/build/icyphy/ptII/ptolemy/actor/lib/test/auto/DiscreteClock15.xml
----------------- Instantiating /home/travis/build/icyphy/ptII/ptolemy/actor/lib/test/auto/DiscreteClock15.xml
3 ms. Memory: 718336K Free: 338631K (47%)
----------------- Invoking toplevel() on ptolemy.moml.MoMLSimpleApplication@bd45ad5
----------------- Done invoking toplevel() on ptolemy.moml.MoMLSimpleApplication@bd45ad5
reloadAllAccessors: .DiscreteClock15

===========================================================================================
----------------- testing Mon Aug 20 01:54:48 UTC 2018 /home/travis/build/icyphy/ptII/ptolemy/actor/lib/test/auto/DiscreteClock16.xml
----------------- Instantiating /home/travis/build/icyphy/ptII/ptolemy/actor/lib/test/auto/DiscreteClock16.xml
10 ms. Memory: 718336K Free: 323109K (45%)
----------------- Invoking toplevel() on ptolemy.moml.MoMLSimpleApplication@bd37c35
----------------- Done invoking toplevel() on ptolemy.moml.MoMLSimpleApplication@bd37c35
reloadAllAccessors: .DiscreteClock16

===========================================================================================
----------------- testing Mon Aug 20 01:54:48 UTC 2018 /home/travis/build/icyphy/ptII/ptolemy/actor/lib/test/auto/DiscreteClock17.xml
----------------- Instantiating /home/travis/build/icyphy/ptII/ptolemy/actor/lib/test/auto/DiscreteClock17.xml
13 ms. Memory: 718336K Free: 304461K (42%)
----------------- Invoking toplevel() on ptolemy.moml.MoMLSimpleApplication@763f1cf2
----------------- Done invoking toplevel() on ptolemy.moml.MoMLSimpleApplication@763f1cf2
reloadAllAccessors: .DiscreteClock17

===========================================================================================
----------------- testing Mon Aug 20 01:54:48 UTC 2018 /home/travis/build/icyphy/ptII/ptolemy/actor/lib/test/auto/DiscreteClock18.xml
----------------- Instantiating /home/travis/build/icyphy/ptII/ptolemy/actor/lib/test/auto/DiscreteClock18.xml
9 ms. Memory: 718336K Free: 283539K (39%)
----------------- Invoking toplevel() on ptolemy.moml.MoMLSimpleApplication@29b3be63
----------------- Done invoking toplevel() on ptolemy.moml.MoMLSimpleApplication@29b3be63
reloadAllAccessors: .DiscreteClock18

===========================================================================================
----------------- testing Mon Aug 20 01:54:49 UTC 2018 /home/travis/build/icyphy/ptII/ptolemy/actor/lib/test/auto/DiscreteClock19.xml
----------------- Instantiating /home/travis/build/icyphy/ptII/ptolemy/actor/lib/test/auto/DiscreteClock19.xml
25 ms. Memory: 1107968K Free: 1044476K (94%)
----------------- Invoking toplevel() on ptolemy.moml.MoMLSimpleApplication@5577248c
----------------- Done invoking toplevel() on ptolemy.moml.MoMLSimpleApplication@5577248c
reloadAllAccessors: .DiscreteClock19

===========================================================================================
----------------- testing Mon Aug 20 01:54:49 UTC 2018 /home/travis/build/icyphy/ptII/ptolemy/actor/lib/test/auto/DiscreteClock2.xml
----------------- Instantiating /home/travis/build/icyphy/ptII/ptolemy/actor/lib/test/auto/DiscreteClock2.xml
7 ms. Memory: 1107968K Free: 1027646K (93%)
----------------- Invoking toplevel() on ptolemy.moml.MoMLSimpleApplication@40286aca
----------------- Done invoking toplevel() on ptolemy.moml.MoMLSimpleApplication@40286aca
reloadAllAccessors: .DiscreteClock2

===========================================================================================
----------------- testing Mon Aug 20 01:54:49 UTC 2018 /home/travis/build/icyphy/ptII/ptolemy/actor/lib/test/auto/DiscreteClock20.xml
----------------- Instantiating /home/travis/build/icyphy/ptII/ptolemy/actor/lib/test/auto/DiscreteClock20.xml
9 ms. Memory: 1107968K Free: 1017713K (92%)
----------------- Invoking toplevel() on ptolemy.moml.MoMLSimpleApplication@33d6925a
----------------- Done invoking toplevel() on ptolemy.moml.MoMLSimpleApplication@33d6925a
reloadAllAccessors: .DiscreteClock20

===========================================================================================
----------------- testing Mon Aug 20 01:54:49 UTC 2018 /home/travis/build/icyphy/ptII/ptolemy/actor/lib/test/auto/DiscreteClock21.xml
----------------- Instantiating /home/travis/build/icyphy/ptII/ptolemy/actor/lib/test/auto/DiscreteClock21.xml
8 ms. Memory: 1107968K Free: 1000883K (90%)
----------------- Invoking toplevel() on ptolemy.moml.MoMLSimpleApplication@be69dc4
----------------- Done invoking toplevel() on ptolemy.moml.MoMLSimpleApplication@be69dc4
reloadAllAccessors: .DiscreteClock21

===========================================================================================
----------------- testing Mon Aug 20 01:54:49 UTC 2018 /home/travis/build/icyphy/ptII/ptolemy/actor/lib/test/auto/DiscreteClock22.xml
----------------- Instantiating /home/travis/build/icyphy/ptII/ptolemy/actor/lib/test/auto/DiscreteClock22.xml
8 ms. Memory: 1107968K Free: 990950K (89%)
----------------- Invoking toplevel() on ptolemy.moml.MoMLSimpleApplication@510cbdf
----------------- Done invoking toplevel() on ptolemy.moml.MoMLSimpleApplication@510cbdf
reloadAllAccessors: .DiscreteClock22

===========================================================================================
----------------- testing Mon Aug 20 01:54:49 UTC 2018 /home/travis/build/icyphy/ptII/ptolemy/actor/lib/test/auto/DiscreteClock23.xml
----------------- Instantiating /home/travis/build/icyphy/ptII/ptolemy/actor/lib/test/auto/DiscreteClock23.xml
7 ms. Memory: 1107968K Free: 981017K (89%)
----------------- Invoking toplevel() on ptolemy.moml.MoMLSimpleApplication@22fde4c8
----------------- Done invoking toplevel() on ptolemy.moml.MoMLSimpleApplication@22fde4c8
reloadAllAccessors: .DiscreteClock23

===========================================================================================
----------------- testing Mon Aug 20 01:54:49 UTC 2018 /home/travis/build/icyphy/ptII/ptolemy/actor/lib/test/auto/DiscreteClock24.xml
----------------- Instantiating /home/travis/build/icyphy/ptII/ptolemy/actor/lib/test/auto/DiscreteClock24.xml
7 ms. Memory: 1107968K Free: 964187K (87%)
----------------- Invoking toplevel() on ptolemy.moml.MoMLSimpleApplication@70ca8568
----------------- Done invoking toplevel() on ptolemy.moml.MoMLSimpleApplication@70ca8568
reloadAllAccessors: .DiscreteClock24

===========================================================================================
----------------- testing Mon Aug 20 01:54:49 UTC 2018 /home/travis/build/icyphy/ptII/ptolemy/actor/lib/test/auto/DiscreteClock4.xml
----------------- Instantiating /home/travis/build/icyphy/ptII/ptolemy/actor/lib/test/auto/DiscreteClock4.xml
2 ms. Memory: 1107968K Free: 954254K (86%)
----------------- Invoking toplevel() on ptolemy.moml.MoMLSimpleApplication@21798b71
----------------- Done invoking toplevel() on ptolemy.moml.MoMLSimpleApplication@21798b71
reloadAllAccessors: .DiscreteClock4

===========================================================================================
----------------- testing Mon Aug 20 01:54:49 UTC 2018 /home/travis/build/icyphy/ptII/ptolemy/actor/lib/test/auto/DiscreteClock5.xml
----------------- Instantiating /home/travis/build/icyphy/ptII/ptolemy/actor/lib/test/auto/DiscreteClock5.xml
1 ms. Memory: 1107968K Free: 944321K (85%)
----------------- Invoking toplevel() on ptolemy.moml.MoMLSimpleApplication@1b964df5
----------------- Done invoking toplevel() on ptolemy.moml.MoMLSimpleApplication@1b964df5
reloadAllAccessors: .DiscreteClock5

===========================================================================================
----------------- testing Mon Aug 20 01:54:49 UTC 2018 /home/travis/build/icyphy/ptII/ptolemy/actor/lib/test/auto/DiscreteClock6.xml
----------------- Instantiating /home/travis/build/icyphy/ptII/ptolemy/actor/lib/test/auto/DiscreteClock6.xml
1 ms. Memory: 1107968K Free: 927491K (84%)
----------------- Invoking toplevel() on ptolemy.moml.MoMLSimpleApplication@67b2e466
----------------- Done invoking toplevel() on ptolemy.moml.MoMLSimpleApplication@67b2e466
reloadAllAccessors: .DiscreteClock6

===========================================================================================
----------------- testing Mon Aug 20 01:54:49 UTC 2018 /home/travis/build/icyphy/ptII/ptolemy/actor/lib/test/auto/DiscreteClock7.xml
----------------- Instantiating /home/travis/build/icyphy/ptII/ptolemy/actor/lib/test/auto/DiscreteClock7.xml
2 ms. Memory: 1107968K Free: 917558K (83%)
----------------- Invoking toplevel() on ptolemy.moml.MoMLSimpleApplication@35befe1a
----------------- Done invoking toplevel() on ptolemy.moml.MoMLSimpleApplication@35befe1a
reloadAllAccessors: .DiscreteClock7

===========================================================================================
----------------- testing Mon Aug 20 01:54:49 UTC 2018 /home/travis/build/icyphy/ptII/ptolemy/actor/lib/test/auto/DiscreteClock8.xml
----------------- Instantiating /home/travis/build/icyphy/ptII/ptolemy/actor/lib/test/auto/DiscreteClock8.xml
3 ms. Memory: 1107968K Free: 907625K (82%)
----------------- Invoking toplevel() on ptolemy.moml.MoMLSimpleApplication@7549ede5
----------------- Done invoking toplevel() on ptolemy.moml.MoMLSimpleApplication@7549ede5
reloadAllAccessors: .DiscreteClock8

===========================================================================================
----------------- testing Mon Aug 20 01:54:49 UTC 2018 /home/travis/build/icyphy/ptII/ptolemy/actor/lib/test/auto/DiscreteClock9.xml
----------------- Instantiating /home/travis/build/icyphy/ptII/ptolemy/actor/lib/test/auto/DiscreteClock9.xml
2 ms. Memory: 1107968K Free: 890795K (80%)
----------------- Invoking toplevel() on ptolemy.moml.MoMLSimpleApplication@58292725
----------------- Done invoking toplevel() on ptolemy.moml.MoMLSimpleApplication@58292725
reloadAllAccessors: .DiscreteClock9

===========================================================================================
----------------- testing Mon Aug 20 01:54:49 UTC 2018 /home/travis/build/icyphy/ptII/ptolemy/actor/lib/test/auto/DisplayArray.xml
----------------- Instantiating /home/travis/build/icyphy/ptII/ptolemy/actor/lib/test/auto/DisplayArray.xml
2 ms. Memory: 1107968K Free: 880862K (80%)
----------------- Invoking toplevel() on ptolemy.moml.MoMLSimpleApplication@2e774055
----------------- Done invoking toplevel() on ptolemy.moml.MoMLSimpleApplication@2e774055
reloadAllAccessors: .DisplayArray

===========================================================================================
----------------- testing Mon Aug 20 01:54:49 UTC 2018 /home/travis/build/icyphy/ptII/ptolemy/actor/lib/test/auto/Distributor.xml
----------------- Instantiating /home/travis/build/icyphy/ptII/ptolemy/actor/lib/test/auto/Distributor.xml
1 ms. Memory: 1107968K Free: 870929K (79%)
----------------- Invoking toplevel() on ptolemy.moml.MoMLSimpleApplication@6ed239d6
----------------- Done invoking toplevel() on ptolemy.moml.MoMLSimpleApplication@6ed239d6
reloadAllAccessors: .Distributor

===========================================================================================
----------------- testing Mon Aug 20 01:54:49 UTC 2018 /home/travis/build/icyphy/ptII/ptolemy/actor/lib/test/auto/Distributor2.xml
----------------- Instantiating /home/travis/build/icyphy/ptII/ptolemy/actor/lib/test/auto/Distributor2.xml
1 ms. Memory: 1107968K Free: 854099K (77%)
----------------- Invoking toplevel() on ptolemy.moml.MoMLSimpleApplication@cd7b406
----------------- Done invoking toplevel() on ptolemy.moml.MoMLSimpleApplication@cd7b406
reloadAllAccessors: .Distributor2

===========================================================================================
----------------- testing Mon Aug 20 01:54:49 UTC 2018 /home/travis/build/icyphy/ptII/ptolemy/actor/lib/test/auto/DownSample.xml
----------------- Instantiating /home/travis/build/icyphy/ptII/ptolemy/actor/lib/test/auto/DownSample.xml
1 ms. Memory: 1107968K Free: 844166K (76%)
----------------- Invoking toplevel() on ptolemy.moml.MoMLSimpleApplication@37cb0bb2
----------------- Done invoking toplevel() on ptolemy.moml.MoMLSimpleApplication@37cb0bb2
reloadAllAccessors: .DownSample

===========================================================================================
----------------- testing Mon Aug 20 01:54:49 UTC 2018 /home/travis/build/icyphy/ptII/ptolemy/actor/lib/test/auto/ElectronicUnitBase1.xml
----------------- Instantiating /home/travis/build/icyphy/ptII/ptolemy/actor/lib/test/auto/ElectronicUnitBase1.xml
34 ms. Memory: 1107968K Free: 824284K (74%)
----------------- Invoking toplevel() on ptolemy.moml.MoMLSimpleApplication@3c7d9b64
----------------- Done invoking toplevel() on ptolemy.moml.MoMLSimpleApplication@3c7d9b64
reloadAllAccessors: .ElectronicUnitBase1

===========================================================================================
----------------- testing Mon Aug 20 01:54:49 UTC 2018 /home/travis/build/icyphy/ptII/ptolemy/actor/lib/test/auto/ElementsToArray.xml
----------------- Instantiating /home/travis/build/icyphy/ptII/ptolemy/actor/lib/test/auto/ElementsToArray.xml
3 ms. Memory: 1107968K Free: 807454K (73%)
----------------- Invoking toplevel() on ptolemy.moml.MoMLSimpleApplication@906be63
----------------- Done invoking toplevel() on ptolemy.moml.MoMLSimpleApplication@906be63
reloadAllAccessors: .ElementsToArray

===========================================================================================
----------------- testing Mon Aug 20 01:54:49 UTC 2018 /home/travis/build/icyphy/ptII/ptolemy/actor/lib/test/auto/Equals.xml
----------------- Instantiating /home/travis/build/icyphy/ptII/ptolemy/actor/lib/test/auto/Equals.xml
1 ms. Memory: 1107968K Free: 797521K (72%)
----------------- Invoking toplevel() on ptolemy.moml.MoMLSimpleApplication@1f2dbb5c
----------------- Done invoking toplevel() on ptolemy.moml.MoMLSimpleApplication@1f2dbb5c
reloadAllAccessors: .Equals

===========================================================================================
----------------- testing Mon Aug 20 01:54:49 UTC 2018 /home/travis/build/icyphy/ptII/ptolemy/actor/lib/test/auto/Exec.xml
----------------- Instantiating /home/travis/build/icyphy/ptII/ptolemy/actor/lib/test/auto/Exec.xml
7 ms. Memory: 1107968K Free: 772688K (70%)
----------------- Invoking toplevel() on ptolemy.moml.MoMLSimpleApplication@74da54f
----------------- Done invoking toplevel() on ptolemy.moml.MoMLSimpleApplication@74da54f
reloadAllAccessors: .Exec

===========================================================================================
----------------- testing Mon Aug 20 01:54:49 UTC 2018 /home/travis/build/icyphy/ptII/ptolemy/actor/lib/test/auto/ExecEnvironment.xml
----------------- Instantiating /home/travis/build/icyphy/ptII/ptolemy/actor/lib/test/auto/ExecEnvironment.xml
23 ms. Memory: 1107968K Free: 745925K (67%)
----------------- Invoking toplevel() on ptolemy.moml.MoMLSimpleApplication@394b33b0
----------------- Done invoking toplevel() on ptolemy.moml.MoMLSimpleApplication@394b33b0
reloadAllAccessors: .ExecEnvironment

===========================================================================================
----------------- testing Mon Aug 20 01:54:49 UTC 2018 /home/travis/build/icyphy/ptII/ptolemy/actor/lib/test/auto/ExecNonZeroReturnOutput.xml
----------------- Instantiating /home/travis/build/icyphy/ptII/ptolemy/actor/lib/test/auto/ExecNonZeroReturnOutput.xml
134 ms. Memory: 1107968K Free: 671428K (61%)
----------------- Invoking toplevel() on ptolemy.moml.MoMLSimpleApplication@40cf9bfa
----------------- Done invoking toplevel() on ptolemy.moml.MoMLSimpleApplication@40cf9bfa
reloadAllAccessors: .ExecNonZeroReturnOutput

===========================================================================================
----------------- testing Mon Aug 20 01:54:49 UTC 2018 /home/travis/build/icyphy/ptII/ptolemy/actor/lib/test/auto/ExecRunDemos.xml
----------------- Instantiating /home/travis/build/icyphy/ptII/ptolemy/actor/lib/test/auto/ExecRunDemos.xml
Finished: 61 ms. Memory: 116224K Free: 100135K (86%)

Finished: 33 ms. Memory: 116224K Free: 96359K (83%)

Finished: 46 ms. Memory: 116224K Free: 96957K (83%)

Finished: 69 ms. Memory: 116224K Free: 98268K (85%)

Finished: 40 ms. Memory: 116224K Free: 99505K (86%)

9697 ms. Memory: 1107968K Free: 601881K (54%)
----------------- Invoking toplevel() on ptolemy.moml.MoMLSimpleApplication@262e7adf
----------------- Done invoking toplevel() on ptolemy.moml.MoMLSimpleApplication@262e7adf
reloadAllAccessors: .ExecRunDemos

===========================================================================================
----------------- testing Mon Aug 20 01:54:59 UTC 2018 /home/travis/build/icyphy/ptII/ptolemy/actor/lib/test/auto/ExecStop.xml
----------------- Instantiating /home/travis/build/icyphy/ptII/ptolemy/actor/lib/test/auto/ExecStop.xml
5017 ms. Memory: 1107968K Free: 436057K (39%)
----------------- Invoking toplevel() on ptolemy.moml.MoMLSimpleApplication@d7bc97a
----------------- Done invoking toplevel() on ptolemy.moml.MoMLSimpleApplication@d7bc97a
reloadAllAccessors: .ExecStop

===========================================================================================
----------------- testing Mon Aug 20 01:55:04 UTC 2018 /home/travis/build/icyphy/ptII/ptolemy/actor/lib/test/auto/ExecutionTimeSDF.xml
----------------- Instantiating /home/travis/build/icyphy/ptII/ptolemy/actor/lib/test/auto/ExecutionTimeSDF.xml
Fired ExecutionTime: -410967296
Fired ExecutionTime: 892400000
Fired ExecutionTime: 910400000
6009 ms. Memory: 1107968K Free: 416160K (38%)
----------------- Invoking toplevel() on ptolemy.moml.MoMLSimpleApplication@49774
----------------- Done invoking toplevel() on ptolemy.moml.MoMLSimpleApplication@49774
reloadAllAccessors: .ExecutionTimeSDF

===========================================================================================
----------------- testing Mon Aug 20 01:55:10 UTC 2018 /home/travis/build/icyphy/ptII/ptolemy/actor/lib/test/auto/Expression1.xml
----------------- Instantiating /home/travis/build/icyphy/ptII/ptolemy/actor/lib/test/auto/Expression1.xml
2 ms. Memory: 1107968K Free: 406227K (37%)
----------------- Invoking toplevel() on ptolemy.moml.MoMLSimpleApplication@76c50cf6
----------------- Done invoking toplevel() on ptolemy.moml.MoMLSimpleApplication@76c50cf6
reloadAllAccessors: .Expression1

===========================================================================================
----------------- testing Mon Aug 20 01:55:10 UTC 2018 /home/travis/build/icyphy/ptII/ptolemy/actor/lib/test/auto/Expression10.xml
----------------- Instantiating /home/travis/build/icyphy/ptII/ptolemy/actor/lib/test/auto/Expression10.xml
8 ms. Memory: 1107968K Free: 389397K (35%)
----------------- Invoking toplevel() on ptolemy.moml.MoMLSimpleApplication@507f292f
----------------- Done invoking toplevel() on ptolemy.moml.MoMLSimpleApplication@507f292f
reloadAllAccessors: .Expression10

===========================================================================================
----------------- testing Mon Aug 20 01:55:10 UTC 2018 /home/travis/build/icyphy/ptII/ptolemy/actor/lib/test/auto/Expression11.xml
----------------- Instantiating /home/travis/build/icyphy/ptII/ptolemy/actor/lib/test/auto/Expression11.xml
3 ms. Memory: 1107968K Free: 379464K (34%)
----------------- Invoking toplevel() on ptolemy.moml.MoMLSimpleApplication@51682442
----------------- Done invoking toplevel() on ptolemy.moml.MoMLSimpleApplication@51682442
reloadAllAccessors: .Expression11

===========================================================================================
----------------- testing Mon Aug 20 01:55:10 UTC 2018 /home/travis/build/icyphy/ptII/ptolemy/actor/lib/test/auto/Expression12.xml
----------------- Instantiating /home/travis/build/icyphy/ptII/ptolemy/actor/lib/test/auto/Expression12.xml
6 ms. Memory: 1107968K Free: 369531K (33%)
----------------- Invoking toplevel() on ptolemy.moml.MoMLSimpleApplication@873bde3
----------------- Done invoking toplevel() on ptolemy.moml.MoMLSimpleApplication@873bde3
reloadAllAccessors: .Expression12

===========================================================================================
----------------- testing Mon Aug 20 01:55:10 UTC 2018 /home/travis/build/icyphy/ptII/ptolemy/actor/lib/test/auto/Expression13.xml
----------------- Instantiating /home/travis/build/icyphy/ptII/ptolemy/actor/lib/test/auto/Expression13.xml
4 ms. Memory: 1107968K Free: 352701K (32%)
----------------- Invoking toplevel() on ptolemy.moml.MoMLSimpleApplication@42a093d0
----------------- Done invoking toplevel() on ptolemy.moml.MoMLSimpleApplication@42a093d0
reloadAllAccessors: .Expression13

===========================================================================================
----------------- testing Mon Aug 20 01:55:10 UTC 2018 /home/travis/build/icyphy/ptII/ptolemy/actor/lib/test/auto/Expression14.xml
----------------- Instantiating /home/travis/build/icyphy/ptII/ptolemy/actor/lib/test/auto/Expression14.xml
8 ms. Memory: 1107968K Free: 342768K (31%)
----------------- Invoking toplevel() on ptolemy.moml.MoMLSimpleApplication@6a34ff87
----------------- Done invoking toplevel() on ptolemy.moml.MoMLSimpleApplication@6a34ff87
reloadAllAccessors: .Expression14

===========================================================================================
----------------- testing Mon Aug 20 01:55:10 UTC 2018 /home/travis/build/icyphy/ptII/ptolemy/actor/lib/test/auto/Expression15.xml
----------------- Instantiating /home/travis/build/icyphy/ptII/ptolemy/actor/lib/test/auto/Expression15.xml
2 ms. Memory: 1107968K Free: 332835K (30%)
----------------- Invoking toplevel() on ptolemy.moml.MoMLSimpleApplication@6d81d0bf
----------------- Done invoking toplevel() on ptolemy.moml.MoMLSimpleApplication@6d81d0bf
reloadAllAccessors: .Expression15

===========================================================================================
----------------- testing Mon Aug 20 01:55:10 UTC 2018 /home/travis/build/icyphy/ptII/ptolemy/actor/lib/test/auto/Expression16.xml
----------------- Instantiating /home/travis/build/icyphy/ptII/ptolemy/actor/lib/test/auto/Expression16.xml
4 ms. Memory: 1107968K Free: 316005K (29%)
----------------- Invoking toplevel() on ptolemy.moml.MoMLSimpleApplication@6dcfab62
----------------- Done invoking toplevel() on ptolemy.moml.MoMLSimpleApplication@6dcfab62
reloadAllAccessors: .Expression16

===========================================================================================
----------------- testing Mon Aug 20 01:55:10 UTC 2018 /home/travis/build/icyphy/ptII/ptolemy/actor/lib/test/auto/Expression17.xml
----------------- Instantiating /home/travis/build/icyphy/ptII/ptolemy/actor/lib/test/auto/Expression17.xml
5 ms. Memory: 1107968K Free: 306072K (28%)
----------------- Invoking toplevel() on ptolemy.moml.MoMLSimpleApplication@77691780
----------------- Done invoking toplevel() on ptolemy.moml.MoMLSimpleApplication@77691780
reloadAllAccessors: .Expression17

===========================================================================================
----------------- testing Mon Aug 20 01:55:10 UTC 2018 /home/travis/build/icyphy/ptII/ptolemy/actor/lib/test/auto/Expression18.xml
----------------- Instantiating /home/travis/build/icyphy/ptII/ptolemy/actor/lib/test/auto/Expression18.xml
4 ms. Memory: 1107968K Free: 296139K (27%)
----------------- Invoking toplevel() on ptolemy.moml.MoMLSimpleApplication@173620e3
----------------- Done invoking toplevel() on ptolemy.moml.MoMLSimpleApplication@173620e3
reloadAllAccessors: .Expression18

===========================================================================================
----------------- testing Mon Aug 20 01:55:10 UTC 2018 /home/travis/build/icyphy/ptII/ptolemy/actor/lib/test/auto/Expression2.xml
----------------- Instantiating /home/travis/build/icyphy/ptII/ptolemy/actor/lib/test/auto/Expression2.xml
4 ms. Memory: 1107968K Free: 279309K (25%)
----------------- Invoking toplevel() on ptolemy.moml.MoMLSimpleApplication@60ec956c
----------------- Done invoking toplevel() on ptolemy.moml.MoMLSimpleApplication@60ec956c
reloadAllAccessors: .Expression2

===========================================================================================
----------------- testing Mon Aug 20 01:55:10 UTC 2018 /home/travis/build/icyphy/ptII/ptolemy/actor/lib/test/auto/Expression3.xml
----------------- Instantiating /home/travis/build/icyphy/ptII/ptolemy/actor/lib/test/auto/Expression3.xml
6 ms. Memory: 1107968K Free: 269376K (24%)
----------------- Invoking toplevel() on ptolemy.moml.MoMLSimpleApplication@4584047a
----------------- Done invoking toplevel() on ptolemy.moml.MoMLSimpleApplication@4584047a
reloadAllAccessors: .Expression3

===========================================================================================
----------------- testing Mon Aug 20 01:55:10 UTC 2018 /home/travis/build/icyphy/ptII/ptolemy/actor/lib/test/auto/Expression4.xml
----------------- Instantiating /home/travis/build/icyphy/ptII/ptolemy/actor/lib/test/auto/Expression4.xml
5 ms. Memory: 1107968K Free: 254460K (23%)
----------------- Invoking toplevel() on ptolemy.moml.MoMLSimpleApplication@488306f6
----------------- Done invoking toplevel() on ptolemy.moml.MoMLSimpleApplication@488306f6
reloadAllAccessors: .Expression4

===========================================================================================
----------------- testing Mon Aug 20 01:55:10 UTC 2018 /home/travis/build/icyphy/ptII/ptolemy/actor/lib/test/auto/Expression5.xml
----------------- Instantiating /home/travis/build/icyphy/ptII/ptolemy/actor/lib/test/auto/Expression5.xml
6 ms. Memory: 1107968K Free: 237630K (21%)
----------------- Invoking toplevel() on ptolemy.moml.MoMLSimpleApplication@479a2dc6
----------------- Done invoking toplevel() on ptolemy.moml.MoMLSimpleApplication@479a2dc6
reloadAllAccessors: .Expression5

===========================================================================================
----------------- testing Mon Aug 20 01:55:10 UTC 2018 /home/travis/build/icyphy/ptII/ptolemy/actor/lib/test/auto/Expression6.xml
----------------- Instantiating /home/travis/build/icyphy/ptII/ptolemy/actor/lib/test/auto/Expression6.xml
2 ms. Memory: 1107968K Free: 227697K (21%)
----------------- Invoking toplevel() on ptolemy.moml.MoMLSimpleApplication@34cd74c8
----------------- Done invoking toplevel() on ptolemy.moml.MoMLSimpleApplication@34cd74c8
reloadAllAccessors: .Expression6

===========================================================================================
----------------- testing Mon Aug 20 01:55:10 UTC 2018 /home/travis/build/icyphy/ptII/ptolemy/actor/lib/test/auto/Expression7.xml
----------------- Instantiating /home/travis/build/icyphy/ptII/ptolemy/actor/lib/test/auto/Expression7.xml
3 ms. Memory: 1107968K Free: 217765K (20%)
----------------- Invoking toplevel() on ptolemy.moml.MoMLSimpleApplication@6ace44cd
----------------- Done invoking toplevel() on ptolemy.moml.MoMLSimpleApplication@6ace44cd
reloadAllAccessors: .Expression7

===========================================================================================
----------------- testing Mon Aug 20 01:55:11 UTC 2018 /home/travis/build/icyphy/ptII/ptolemy/actor/lib/test/auto/Expression8.xml
----------------- Instantiating /home/travis/build/icyphy/ptII/ptolemy/actor/lib/test/auto/Expression8.xml
12 ms. Memory: 1107968K Free: 200934K (18%)
----------------- Invoking toplevel() on ptolemy.moml.MoMLSimpleApplication@304d0b4f
----------------- Done invoking toplevel() on ptolemy.moml.MoMLSimpleApplication@304d0b4f
reloadAllAccessors: .Expression8

===========================================================================================
----------------- testing Mon Aug 20 01:55:11 UTC 2018 /home/travis/build/icyphy/ptII/ptolemy/actor/lib/test/auto/Expression9.xml
----------------- Instantiating /home/travis/build/icyphy/ptII/ptolemy/actor/lib/test/auto/Expression9.xml
2 ms. Memory: 1107968K Free: 191001K (17%)
----------------- Invoking toplevel() on ptolemy.moml.MoMLSimpleApplication@712d0267
----------------- Done invoking toplevel() on ptolemy.moml.MoMLSimpleApplication@712d0267
reloadAllAccessors: .Expression9

===========================================================================================
----------------- testing Mon Aug 20 01:55:11 UTC 2018 /home/travis/build/icyphy/ptII/ptolemy/actor/lib/test/auto/ExpressionConcatenateArrayType.xml
----------------- Instantiating /home/travis/build/icyphy/ptII/ptolemy/actor/lib/test/auto/ExpressionConcatenateArrayType.xml
2 ms. Memory: 1107968K Free: 176102K (16%)
----------------- Invoking toplevel() on ptolemy.moml.MoMLSimpleApplication@4969aba5
----------------- Done invoking toplevel() on ptolemy.moml.MoMLSimpleApplication@4969aba5
reloadAllAccessors: .ExpressionConcatenateArrayType

===========================================================================================
----------------- testing Mon Aug 20 01:55:11 UTC 2018 /home/travis/build/icyphy/ptII/ptolemy/actor/lib/test/auto/ExpressionConcatenateArrayType2.xml
----------------- Instantiating /home/travis/build/icyphy/ptII/ptolemy/actor/lib/test/auto/ExpressionConcatenateArrayType2.xml
2 ms. Memory: 1107968K Free: 159272K (14%)
----------------- Invoking toplevel() on ptolemy.moml.MoMLSimpleApplication@4479279
----------------- Done invoking toplevel() on ptolemy.moml.MoMLSimpleApplication@4479279
reloadAllAccessors: .ExpressionConcatenateArrayType2

===========================================================================================
----------------- testing Mon Aug 20 01:55:11 UTC 2018 /home/travis/build/icyphy/ptII/ptolemy/actor/lib/test/auto/ExpressionFix.xml
----------------- Instantiating /home/travis/build/icyphy/ptII/ptolemy/actor/lib/test/auto/ExpressionFix.xml
9 ms. Memory: 1107968K Free: 149339K (13%)
----------------- Invoking toplevel() on ptolemy.moml.MoMLSimpleApplication@2f798522
----------------- Done invoking toplevel() on ptolemy.moml.MoMLSimpleApplication@2f798522
reloadAllAccessors: .ExpressionFix

===========================================================================================
----------------- testing Mon Aug 20 01:55:11 UTC 2018 /home/travis/build/icyphy/ptII/ptolemy/actor/lib/test/auto/ExpressionFix2.xml
----------------- Instantiating /home/travis/build/icyphy/ptII/ptolemy/actor/lib/test/auto/ExpressionFix2.xml
2 ms. Memory: 1107968K Free: 139406K (13%)
----------------- Invoking toplevel() on ptolemy.moml.MoMLSimpleApplication@15d69081
----------------- Done invoking toplevel() on ptolemy.moml.MoMLSimpleApplication@15d69081
reloadAllAccessors: .ExpressionFix2

===========================================================================================
----------------- testing Mon Aug 20 01:55:11 UTC 2018 /home/travis/build/icyphy/ptII/ptolemy/actor/lib/test/auto/ExpressionFix3.xml
----------------- Instantiating /home/travis/build/icyphy/ptII/ptolemy/actor/lib/test/auto/ExpressionFix3.xml
3 ms. Memory: 1107968K Free: 122576K (11%)
----------------- Invoking toplevel() on ptolemy.moml.MoMLSimpleApplication@7bce81f
----------------- Done invoking toplevel() on ptolemy.moml.MoMLSimpleApplication@7bce81f
reloadAllAccessors: .ExpressionFix3

===========================================================================================
----------------- testing Mon Aug 20 01:55:11 UTC 2018 /home/travis/build/icyphy/ptII/ptolemy/actor/lib/test/auto/FileWriter1.xml
----------------- Instantiating /home/travis/build/icyphy/ptII/ptolemy/actor/lib/test/auto/FileWriter1.xml
2 ms. Memory: 1107968K Free: 112643K (10%)
----------------- Invoking toplevel() on ptolemy.moml.MoMLSimpleApplication@4f1b9ca1
----------------- Done invoking toplevel() on ptolemy.moml.MoMLSimpleApplication@4f1b9ca1
reloadAllAccessors: .FileWriter1

===========================================================================================
----------------- testing Mon Aug 20 01:55:11 UTC 2018 /home/travis/build/icyphy/ptII/ptolemy/actor/lib/test/auto/FileWriter2.xml
----------------- Instantiating /home/travis/build/icyphy/ptII/ptolemy/actor/lib/test/auto/FileWriter2.xml
2 ms. Memory: 1107968K Free: 102710K (9%)
----------------- Invoking toplevel() on ptolemy.moml.MoMLSimpleApplication@188c9fb5
----------------- Done invoking toplevel() on ptolemy.moml.MoMLSimpleApplication@188c9fb5
reloadAllAccessors: .FileWriter2

===========================================================================================
----------------- testing Mon Aug 20 01:55:11 UTC 2018 /home/travis/build/icyphy/ptII/ptolemy/actor/lib/test/auto/FileWriter3.xml
----------------- Instantiating /home/travis/build/icyphy/ptII/ptolemy/actor/lib/test/auto/FileWriter3.xml
5 ms. Memory: 1107968K Free: 85880K (8%)
----------------- Invoking toplevel() on ptolemy.moml.MoMLSimpleApplication@cebef87
----------------- Done invoking toplevel() on ptolemy.moml.MoMLSimpleApplication@cebef87
reloadAllAccessors: .FileWriter3

===========================================================================================
----------------- testing Mon Aug 20 01:55:11 UTC 2018 /home/travis/build/icyphy/ptII/ptolemy/actor/lib/test/auto/Gaussian.xml
----------------- Instantiating /home/travis/build/icyphy/ptII/ptolemy/actor/lib/test/auto/Gaussian.xml
2 ms. Memory: 1107968K Free: 77587K (7%)
----------------- Invoking toplevel() on ptolemy.moml.MoMLSimpleApplication@4b86a54
----------------- Done invoking toplevel() on ptolemy.moml.MoMLSimpleApplication@4b86a54
reloadAllAccessors: .Gaussian

===========================================================================================
----------------- testing Mon Aug 20 01:55:11 UTC 2018 /home/travis/build/icyphy/ptII/ptolemy/actor/lib/test/auto/Gaussian1.xml
----------------- Instantiating /home/travis/build/icyphy/ptII/ptolemy/actor/lib/test/auto/Gaussian1.xml
6 ms. Memory: 1107968K Free: 1059874K (96%)
----------------- Invoking toplevel() on ptolemy.moml.MoMLSimpleApplication@3f3f37e4
----------------- Done invoking toplevel() on ptolemy.moml.MoMLSimpleApplication@3f3f37e4
reloadAllAccessors: .Gaussian1

===========================================================================================
----------------- testing Mon Aug 20 01:55:11 UTC 2018 /home/travis/build/icyphy/ptII/ptolemy/actor/lib/test/auto/Gaussian2.xml
----------------- Instantiating /home/travis/build/icyphy/ptII/ptolemy/actor/lib/test/auto/Gaussian2.xml
2 ms. Memory: 1107968K Free: 1044637K (94%)
----------------- Invoking toplevel() on ptolemy.moml.MoMLSimpleApplication@6539c3d1
----------------- Done invoking toplevel() on ptolemy.moml.MoMLSimpleApplication@6539c3d1
reloadAllAccessors: .Gaussian2

===========================================================================================
----------------- testing Mon Aug 20 01:55:11 UTC 2018 /home/travis/build/icyphy/ptII/ptolemy/actor/lib/test/auto/GradientAdaptiveLattice.xml
----------------- Instantiating /home/travis/build/icyphy/ptII/ptolemy/actor/lib/test/auto/GradientAdaptiveLattice.xml
3 ms. Memory: 1107968K Free: 1034704K (93%)
----------------- Invoking toplevel() on ptolemy.moml.MoMLSimpleApplication@6a3a9616
----------------- Done invoking toplevel() on ptolemy.moml.MoMLSimpleApplication@6a3a9616
reloadAllAccessors: .GradientAdaptiveLattice

===========================================================================================
----------------- testing Mon Aug 20 01:55:11 UTC 2018 /home/travis/build/icyphy/ptII/ptolemy/actor/lib/test/auto/IIR.xml
----------------- Instantiating /home/travis/build/icyphy/ptII/ptolemy/actor/lib/test/auto/IIR.xml
1 ms. Memory: 1107968K Free: 1019467K (92%)
----------------- Invoking toplevel() on ptolemy.moml.MoMLSimpleApplication@4fd80b77
----------------- Done invoking toplevel() on ptolemy.moml.MoMLSimpleApplication@4fd80b77
reloadAllAccessors: .IIR

===========================================================================================
----------------- testing Mon Aug 20 01:55:11 UTC 2018 /home/travis/build/icyphy/ptII/ptolemy/actor/lib/test/auto/InputOutputTransparentPorts.xml
----------------- Instantiating /home/travis/build/icyphy/ptII/ptolemy/actor/lib/test/auto/InputOutputTransparentPorts.xml
2 ms. Memory: 1107968K Free: 1004560K (91%)
----------------- Invoking toplevel() on ptolemy.moml.MoMLSimpleApplication@1ef18a9
----------------- Done invoking toplevel() on ptolemy.moml.MoMLSimpleApplication@1ef18a9
reloadAllAccessors: .InputOutputTransparentPorts

===========================================================================================
----------------- testing Mon Aug 20 01:55:11 UTC 2018 /home/travis/build/icyphy/ptII/ptolemy/actor/lib/test/auto/Interpolator.xml
----------------- Instantiating /home/travis/build/icyphy/ptII/ptolemy/actor/lib/test/auto/Interpolator.xml
3 ms. Memory: 1107968K Free: 989323K (89%)
----------------- Invoking toplevel() on ptolemy.moml.MoMLSimpleApplication@e54de1b
----------------- Done invoking toplevel() on ptolemy.moml.MoMLSimpleApplication@e54de1b
reloadAllAccessors: .Interpolator

===========================================================================================
----------------- testing Mon Aug 20 01:55:11 UTC 2018 /home/travis/build/icyphy/ptII/ptolemy/actor/lib/test/auto/InterpolatorFiringLimitDE.xml
----------------- Instantiating /home/travis/build/icyphy/ptII/ptolemy/actor/lib/test/auto/InterpolatorFiringLimitDE.xml
2 ms. Memory: 1107968K Free: 979390K (88%)
----------------- Invoking toplevel() on ptolemy.moml.MoMLSimpleApplication@224a2349
----------------- Done invoking toplevel() on ptolemy.moml.MoMLSimpleApplication@224a2349
reloadAllAccessors: .InterpolatorFiringLimitDE

===========================================================================================
----------------- testing Mon Aug 20 01:55:11 UTC 2018 /home/travis/build/icyphy/ptII/ptolemy/actor/lib/test/auto/Lattice.xml
----------------- Instantiating /home/travis/build/icyphy/ptII/ptolemy/actor/lib/test/auto/Lattice.xml
2 ms. Memory: 1107968K Free: 964153K (87%)
----------------- Invoking toplevel() on ptolemy.moml.MoMLSimpleApplication@6e97f3b6
----------------- Done invoking toplevel() on ptolemy.moml.MoMLSimpleApplication@6e97f3b6
reloadAllAccessors: .Lattice

===========================================================================================
----------------- testing Mon Aug 20 01:55:11 UTC 2018 /home/travis/build/icyphy/ptII/ptolemy/actor/lib/test/auto/LazyAOCTestLazy.xml
----------------- Instantiating /home/travis/build/icyphy/ptII/ptolemy/actor/lib/test/auto/LazyAOCTestLazy.xml
9 ms. Memory: 1107968K Free: 954220K (86%)
----------------- Invoking toplevel() on ptolemy.moml.MoMLSimpleApplication@25401ad6
----------------- Done invoking toplevel() on ptolemy.moml.MoMLSimpleApplication@25401ad6
reloadAllAccessors: .LazyAOCTestLazy

===========================================================================================
----------------- testing Mon Aug 20 01:55:11 UTC 2018 /home/travis/build/icyphy/ptII/ptolemy/actor/lib/test/auto/LazyAOCTestNonLazy.xml
----------------- Instantiating /home/travis/build/icyphy/ptII/ptolemy/actor/lib/test/auto/LazyAOCTestNonLazy.xml
2 ms. Memory: 1107968K Free: 944288K (85%)
----------------- Invoking toplevel() on ptolemy.moml.MoMLSimpleApplication@1707cbd4
----------------- Done invoking toplevel() on ptolemy.moml.MoMLSimpleApplication@1707cbd4
reloadAllAccessors: .LazyAOCTestNonLazy

===========================================================================================
----------------- testing Mon Aug 20 01:55:11 UTC 2018 /home/travis/build/icyphy/ptII/ptolemy/actor/lib/test/auto/LazyInnerClass.xml
----------------- Instantiating /home/travis/build/icyphy/ptII/ptolemy/actor/lib/test/auto/LazyInnerClass.xml
20 ms. Memory: 1107968K Free: 929051K (84%)
----------------- Invoking toplevel() on ptolemy.moml.MoMLSimpleApplication@72efaecb
----------------- Done invoking toplevel() on ptolemy.moml.MoMLSimpleApplication@72efaecb
reloadAllAccessors: .LazyInnerClass

===========================================================================================
----------------- testing Mon Aug 20 01:55:11 UTC 2018 /home/travis/build/icyphy/ptII/ptolemy/actor/lib/test/auto/LazyPubSub.xml
----------------- Instantiating /home/travis/build/icyphy/ptII/ptolemy/actor/lib/test/auto/LazyPubSub.xml
20 ms. Memory: 1107968K Free: 914151K (83%)
----------------- Invoking toplevel() on ptolemy.moml.MoMLSimpleApplication@669de94e
----------------- Done invoking toplevel() on ptolemy.moml.MoMLSimpleApplication@669de94e
reloadAllAccessors: .LazyPubSub

===========================================================================================
----------------- testing Mon Aug 20 01:55:11 UTC 2018 /home/travis/build/icyphy/ptII/ptolemy/actor/lib/test/auto/LazyPubSub2.xml
----------------- Instantiating /home/travis/build/icyphy/ptII/ptolemy/actor/lib/test/auto/LazyPubSub2.xml
25 ms. Memory: 1107968K Free: 893932K (81%)
----------------- Invoking toplevel() on ptolemy.moml.MoMLSimpleApplication@1b9ca01a
----------------- Done invoking toplevel() on ptolemy.moml.MoMLSimpleApplication@1b9ca01a
reloadAllAccessors: .LazyPubSub2

===========================================================================================
----------------- testing Mon Aug 20 01:55:11 UTC 2018 /home/travis/build/icyphy/ptII/ptolemy/actor/lib/test/auto/LazyPubSub3.xml
----------------- Instantiating /home/travis/build/icyphy/ptII/ptolemy/actor/lib/test/auto/LazyPubSub3.xml
25 ms. Memory: 1107968K Free: 879017K (79%)
----------------- Invoking toplevel() on ptolemy.moml.MoMLSimpleApplication@56b4699d
----------------- Done invoking toplevel() on ptolemy.moml.MoMLSimpleApplication@56b4699d
reloadAllAccessors: .LazyPubSub3

===========================================================================================
----------------- testing Mon Aug 20 01:55:11 UTC 2018 /home/travis/build/icyphy/ptII/ptolemy/actor/lib/test/auto/LazySubClassModel.xml
----------------- Instantiating /home/travis/build/icyphy/ptII/ptolemy/actor/lib/test/auto/LazySubClassModel.xml
2 ms. Memory: 1107968K Free: 858773K (78%)
----------------- Invoking toplevel() on ptolemy.moml.MoMLSimpleApplication@32c6322a
----------------- Done invoking toplevel() on ptolemy.moml.MoMLSimpleApplication@32c6322a
reloadAllAccessors: .LazySubClassModel

===========================================================================================
----------------- testing Mon Aug 20 01:55:11 UTC 2018 /home/travis/build/icyphy/ptII/ptolemy/actor/lib/test/auto/LevelCrossTest1.xml
----------------- Instantiating /home/travis/build/icyphy/ptII/ptolemy/actor/lib/test/auto/LevelCrossTest1.xml
1 ms. Memory: 1107968K Free: 848840K (77%)
----------------- Invoking toplevel() on ptolemy.moml.MoMLSimpleApplication@c413a3d
----------------- Done invoking toplevel() on ptolemy.moml.MoMLSimpleApplication@c413a3d
reloadAllAccessors: .broken

===========================================================================================
----------------- testing Mon Aug 20 01:55:11 UTC 2018 /home/travis/build/icyphy/ptII/ptolemy/actor/lib/test/auto/LevelCrossTest10.xml
----------------- Instantiating /home/travis/build/icyphy/ptII/ptolemy/actor/lib/test/auto/LevelCrossTest10.xml
1 ms. Memory: 1107968K Free: 833925K (75%)
----------------- Invoking toplevel() on ptolemy.moml.MoMLSimpleApplication@4344d492
----------------- Done invoking toplevel() on ptolemy.moml.MoMLSimpleApplication@4344d492
reloadAllAccessors: .LevelCrossTest10

===========================================================================================
----------------- testing Mon Aug 20 01:55:11 UTC 2018 /home/travis/build/icyphy/ptII/ptolemy/actor/lib/test/auto/LevelCrossTest11.xml
----------------- Instantiating /home/travis/build/icyphy/ptII/ptolemy/actor/lib/test/auto/LevelCrossTest11.xml
1 ms. Memory: 1107968K Free: 813714K (73%)
----------------- Invoking toplevel() on ptolemy.moml.MoMLSimpleApplication@7aa06080
----------------- Done invoking toplevel() on ptolemy.moml.MoMLSimpleApplication@7aa06080
reloadAllAccessors: .LevelCrossTest11

===========================================================================================
----------------- testing Mon Aug 20 01:55:11 UTC 2018 /home/travis/build/icyphy/ptII/ptolemy/actor/lib/test/auto/LevelCrossTest12.xml
----------------- Instantiating /home/travis/build/icyphy/ptII/ptolemy/actor/lib/test/auto/LevelCrossTest12.xml
1 ms. Memory: 1107968K Free: 798813K (72%)
----------------- Invoking toplevel() on ptolemy.moml.MoMLSimpleApplication@71d3980c
----------------- Done invoking toplevel() on ptolemy.moml.MoMLSimpleApplication@71d3980c
reloadAllAccessors: .LevelCrossTest12

===========================================================================================
----------------- testing Mon Aug 20 01:55:11 UTC 2018 /home/travis/build/icyphy/ptII/ptolemy/actor/lib/test/auto/LevelCrossTest13.xml
----------------- Instantiating /home/travis/build/icyphy/ptII/ptolemy/actor/lib/test/auto/LevelCrossTest13.xml
1 ms. Memory: 1107968K Free: 778602K (70%)
----------------- Invoking toplevel() on ptolemy.moml.MoMLSimpleApplication@70f5f24a
----------------- Done invoking toplevel() on ptolemy.moml.MoMLSimpleApplication@70f5f24a
reloadAllAccessors: .LevelCrossTest13

===========================================================================================
----------------- testing Mon Aug 20 01:55:11 UTC 2018 /home/travis/build/icyphy/ptII/ptolemy/actor/lib/test/auto/LevelCrossTest2.xml
----------------- Instantiating /home/travis/build/icyphy/ptII/ptolemy/actor/lib/test/auto/LevelCrossTest2.xml
1 ms. Memory: 1107968K Free: 768669K (69%)
----------------- Invoking toplevel() on ptolemy.moml.MoMLSimpleApplication@2f17ecdd
----------------- Done invoking toplevel() on ptolemy.moml.MoMLSimpleApplication@2f17ecdd
reloadAllAccessors: .broken

===========================================================================================
----------------- testing Mon Aug 20 01:55:11 UTC 2018 /home/travis/build/icyphy/ptII/ptolemy/actor/lib/test/auto/LevelCrossTest3.xml
----------------- Instantiating /home/travis/build/icyphy/ptII/ptolemy/actor/lib/test/auto/LevelCrossTest3.xml
1 ms. Memory: 1107968K Free: 753432K (68%)
----------------- Invoking toplevel() on ptolemy.moml.MoMLSimpleApplication@521dee34
----------------- Done invoking toplevel() on ptolemy.moml.MoMLSimpleApplication@521dee34
reloadAllAccessors: .LevelCrossTest3

===========================================================================================
----------------- testing Mon Aug 20 01:55:11 UTC 2018 /home/travis/build/icyphy/ptII/ptolemy/actor/lib/test/auto/LevelCrossTest4.xml
----------------- Instantiating /home/travis/build/icyphy/ptII/ptolemy/actor/lib/test/auto/LevelCrossTest4.xml
2 ms. Memory: 1107968K Free: 743499K (67%)
----------------- Invoking toplevel() on ptolemy.moml.MoMLSimpleApplication@2f3f9670
----------------- Done invoking toplevel() on ptolemy.moml.MoMLSimpleApplication@2f3f9670
reloadAllAccessors: .broken

===========================================================================================
----------------- testing Mon Aug 20 01:55:11 UTC 2018 /home/travis/build/icyphy/ptII/ptolemy/actor/lib/test/auto/LevelCrossTest5.xml
----------------- Instantiating /home/travis/build/icyphy/ptII/ptolemy/actor/lib/test/auto/LevelCrossTest5.xml
4 ms. Memory: 1107968K Free: 733566K (66%)
----------------- Invoking toplevel() on ptolemy.moml.MoMLSimpleApplication@520bf213
----------------- Done invoking toplevel() on ptolemy.moml.MoMLSimpleApplication@520bf213
reloadAllAccessors: .LevelCrossTest5

===========================================================================================
----------------- testing Mon Aug 20 01:55:11 UTC 2018 /home/travis/build/icyphy/ptII/ptolemy/actor/lib/test/auto/LevelCrossTest6.xml
----------------- Instantiating /home/travis/build/icyphy/ptII/ptolemy/actor/lib/test/auto/LevelCrossTest6.xml
1 ms. Memory: 1107968K Free: 713355K (64%)
----------------- Invoking toplevel() on ptolemy.moml.MoMLSimpleApplication@617e345d
----------------- Done invoking toplevel() on ptolemy.moml.MoMLSimpleApplication@617e345d
reloadAllAccessors: .LevelCrossTest6

===========================================================================================
----------------- testing Mon Aug 20 01:55:11 UTC 2018 /home/travis/build/icyphy/ptII/ptolemy/actor/lib/test/auto/LevelCrossTest7.xml
----------------- Instantiating /home/travis/build/icyphy/ptII/ptolemy/actor/lib/test/auto/LevelCrossTest7.xml
2 ms. Memory: 1107968K Free: 698440K (63%)
----------------- Invoking toplevel() on ptolemy.moml.MoMLSimpleApplication@7c7347ee
----------------- Done invoking toplevel() on ptolemy.moml.MoMLSimpleApplication@7c7347ee
reloadAllAccessors: .LevelCrossTest7

===========================================================================================
----------------- testing Mon Aug 20 01:55:12 UTC 2018 /home/travis/build/icyphy/ptII/ptolemy/actor/lib/test/auto/LevelCrossTest8.xml
----------------- Instantiating /home/travis/build/icyphy/ptII/ptolemy/actor/lib/test/auto/LevelCrossTest8.xml
1 ms. Memory: 1107968K Free: 678237K (61%)
----------------- Invoking toplevel() on ptolemy.moml.MoMLSimpleApplication@2ecc98b4
----------------- Done invoking toplevel() on ptolemy.moml.MoMLSimpleApplication@2ecc98b4
reloadAllAccessors: .LevelCrossTest8

===========================================================================================
----------------- testing Mon Aug 20 01:55:12 UTC 2018 /home/travis/build/icyphy/ptII/ptolemy/actor/lib/test/auto/LevelCrossTest9.xml
----------------- Instantiating /home/travis/build/icyphy/ptII/ptolemy/actor/lib/test/auto/LevelCrossTest9.xml
1 ms. Memory: 1107968K Free: 663337K (60%)
----------------- Invoking toplevel() on ptolemy.moml.MoMLSimpleApplication@109071ac
----------------- Done invoking toplevel() on ptolemy.moml.MoMLSimpleApplication@109071ac
reloadAllAccessors: .LevelCrossTest9

===========================================================================================
----------------- testing Mon Aug 20 01:55:12 UTC 2018 /home/travis/build/icyphy/ptII/ptolemy/actor/lib/test/auto/LevinsonDurbin.xml
----------------- Instantiating /home/travis/build/icyphy/ptII/ptolemy/actor/lib/test/auto/LevinsonDurbin.xml
7 ms. Memory: 1107968K Free: 648100K (58%)
----------------- Invoking toplevel() on ptolemy.moml.MoMLSimpleApplication@22ae4211
----------------- Done invoking toplevel() on ptolemy.moml.MoMLSimpleApplication@22ae4211
reloadAllAccessors: .LevinsonDurbin

===========================================================================================
----------------- testing Mon Aug 20 01:55:12 UTC 2018 /home/travis/build/icyphy/ptII/ptolemy/actor/lib/test/auto/LevinsonDurbin2.xml
----------------- Instantiating /home/travis/build/icyphy/ptII/ptolemy/actor/lib/test/auto/LevinsonDurbin2.xml
1 ms. Memory: 1107968K Free: 638167K (58%)
----------------- Invoking toplevel() on ptolemy.moml.MoMLSimpleApplication@60d60a92
----------------- Done invoking toplevel() on ptolemy.moml.MoMLSimpleApplication@60d60a92
reloadAllAccessors: .LevinsonDurbin2

===========================================================================================
----------------- testing Mon Aug 20 01:55:12 UTC 2018 /home/travis/build/icyphy/ptII/ptolemy/actor/lib/test/auto/LevinsonDurbin3.xml
----------------- Instantiating /home/travis/build/icyphy/ptII/ptolemy/actor/lib/test/auto/LevinsonDurbin3.xml
3 ms. Memory: 1107968K Free: 622930K (56%)
----------------- Invoking toplevel() on ptolemy.moml.MoMLSimpleApplication@1b191e54
----------------- Done invoking toplevel() on ptolemy.moml.MoMLSimpleApplication@1b191e54
reloadAllAccessors: .LevinsonDurbin3

===========================================================================================
----------------- testing Mon Aug 20 01:55:12 UTC 2018 /home/travis/build/icyphy/ptII/ptolemy/actor/lib/test/auto/Limiter.xml
----------------- Instantiating /home/travis/build/icyphy/ptII/ptolemy/actor/lib/test/auto/Limiter.xml
4 ms. Memory: 1107968K Free: 608015K (55%)
----------------- Invoking toplevel() on ptolemy.moml.MoMLSimpleApplication@1ca32ce2
----------------- Done invoking toplevel() on ptolemy.moml.MoMLSimpleApplication@1ca32ce2
reloadAllAccessors: .Limiter

===========================================================================================
----------------- testing Mon Aug 20 01:55:12 UTC 2018 /home/travis/build/icyphy/ptII/ptolemy/actor/lib/test/auto/LinearDifferenceEquationSystem.xml
----------------- Instantiating /home/travis/build/icyphy/ptII/ptolemy/actor/lib/test/auto/LinearDifferenceEquationSystem.xml
6 ms. Memory: 1107968K Free: 593100K (54%)
----------------- Invoking toplevel() on ptolemy.moml.MoMLSimpleApplication@52513267
----------------- Done invoking toplevel() on ptolemy.moml.MoMLSimpleApplication@52513267
reloadAllAccessors: .LinearDifferenceEquationSystem

===========================================================================================
----------------- testing Mon Aug 20 01:55:12 UTC 2018 /home/travis/build/icyphy/ptII/ptolemy/actor/lib/test/auto/LookupTable.xml
----------------- Instantiating /home/travis/build/icyphy/ptII/ptolemy/actor/lib/test/auto/LookupTable.xml
2 ms. Memory: 1107968K Free: 577863K (52%)
----------------- Invoking toplevel() on ptolemy.moml.MoMLSimpleApplication@2456872e
----------------- Done invoking toplevel() on ptolemy.moml.MoMLSimpleApplication@2456872e
reloadAllAccessors: .LookupTable

===========================================================================================
----------------- testing Mon Aug 20 01:55:12 UTC 2018 /home/travis/build/icyphy/ptII/ptolemy/actor/lib/test/auto/MathFunction.xml
----------------- Instantiating /home/travis/build/icyphy/ptII/ptolemy/actor/lib/test/auto/MathFunction.xml
2 ms. Memory: 1107968K Free: 562947K (51%)
----------------- Invoking toplevel() on ptolemy.moml.MoMLSimpleApplication@3cbe665d
----------------- Done invoking toplevel() on ptolemy.moml.MoMLSimpleApplication@3cbe665d
reloadAllAccessors: .MathFunction

===========================================================================================
----------------- testing Mon Aug 20 01:55:12 UTC 2018 /home/travis/build/icyphy/ptII/ptolemy/actor/lib/test/auto/MathFunction2.xml
----------------- Instantiating /home/travis/build/icyphy/ptII/ptolemy/actor/lib/test/auto/MathFunction2.xml
8 ms. Memory: 1107968K Free: 547710K (49%)
----------------- Invoking toplevel() on ptolemy.moml.MoMLSimpleApplication@6b89018
----------------- Done invoking toplevel() on ptolemy.moml.MoMLSimpleApplication@6b89018
reloadAllAccessors: .MathFunction2

===========================================================================================
----------------- testing Mon Aug 20 01:55:12 UTC 2018 /home/travis/build/icyphy/ptII/ptolemy/actor/lib/test/auto/MathFunction3.xml
----------------- Instantiating /home/travis/build/icyphy/ptII/ptolemy/actor/lib/test/auto/MathFunction3.xml
2 ms. Memory: 1107968K Free: 532795K (48%)
----------------- Invoking toplevel() on ptolemy.moml.MoMLSimpleApplication@5b02f09f
----------------- Done invoking toplevel() on ptolemy.moml.MoMLSimpleApplication@5b02f09f
reloadAllAccessors: .MathFunction3

===========================================================================================
----------------- testing Mon Aug 20 01:55:12 UTC 2018 /home/travis/build/icyphy/ptII/ptolemy/actor/lib/test/auto/MatrixCropBoolean.xml
----------------- Instantiating /home/travis/build/icyphy/ptII/ptolemy/actor/lib/test/auto/MatrixCropBoolean.xml
2 ms. Memory: 1107968K Free: 517558K (47%)
----------------- Invoking toplevel() on ptolemy.moml.MoMLSimpleApplication@33b316f3
----------------- Done invoking toplevel() on ptolemy.moml.MoMLSimpleApplication@33b316f3
reloadAllAccessors: .MatrixCropBoolean

===========================================================================================
----------------- testing Mon Aug 20 01:55:12 UTC 2018 /home/travis/build/icyphy/ptII/ptolemy/actor/lib/test/auto/MatrixCropComplex.xml
----------------- Instantiating /home/travis/build/icyphy/ptII/ptolemy/actor/lib/test/auto/MatrixCropComplex.xml
1 ms. Memory: 1107968K Free: 507625K (46%)
----------------- Invoking toplevel() on ptolemy.moml.MoMLSimpleApplication@66807809
----------------- Done invoking toplevel() on ptolemy.moml.MoMLSimpleApplication@66807809
reloadAllAccessors: .MatrixCropComplex

===========================================================================================
----------------- testing Mon Aug 20 01:55:12 UTC 2018 /home/travis/build/icyphy/ptII/ptolemy/actor/lib/test/auto/MatrixCropDouble.xml
----------------- Instantiating /home/travis/build/icyphy/ptII/ptolemy/actor/lib/test/auto/MatrixCropDouble.xml
2 ms. Memory: 1107968K Free: 497693K (45%)
----------------- Invoking toplevel() on ptolemy.moml.MoMLSimpleApplication@da0d74b
----------------- Done invoking toplevel() on ptolemy.moml.MoMLSimpleApplication@da0d74b
reloadAllAccessors: .MatrixCropDouble

===========================================================================================
----------------- testing Mon Aug 20 01:55:12 UTC 2018 /home/travis/build/icyphy/ptII/ptolemy/actor/lib/test/auto/MatrixCropFix.xml
----------------- Instantiating /home/travis/build/icyphy/ptII/ptolemy/actor/lib/test/auto/MatrixCropFix.xml
2 ms. Memory: 1107968K Free: 482456K (44%)
----------------- Invoking toplevel() on ptolemy.moml.MoMLSimpleApplication@70573f69
----------------- Done invoking toplevel() on ptolemy.moml.MoMLSimpleApplication@70573f69
reloadAllAccessors: .MatrixCropFix

===========================================================================================
----------------- testing Mon Aug 20 01:55:12 UTC 2018 /home/travis/build/icyphy/ptII/ptolemy/actor/lib/test/auto/MatrixCropInt.xml
----------------- Instantiating /home/travis/build/icyphy/ptII/ptolemy/actor/lib/test/auto/MatrixCropInt.xml
2 ms. Memory: 1107968K Free: 472523K (43%)
----------------- Invoking toplevel() on ptolemy.moml.MoMLSimpleApplication@896505f
----------------- Done invoking toplevel() on ptolemy.moml.MoMLSimpleApplication@896505f
reloadAllAccessors: .MatrixCropInt

===========================================================================================
----------------- testing Mon Aug 20 01:55:12 UTC 2018 /home/travis/build/icyphy/ptII/ptolemy/actor/lib/test/auto/MatrixCropLong.xml
----------------- Instantiating /home/travis/build/icyphy/ptII/ptolemy/actor/lib/test/auto/MatrixCropLong.xml
2 ms. Memory: 1107968K Free: 457286K (41%)
----------------- Invoking toplevel() on ptolemy.moml.MoMLSimpleApplication@1a23d28
----------------- Done invoking toplevel() on ptolemy.moml.MoMLSimpleApplication@1a23d28
reloadAllAccessors: .MatrixCropLong

===========================================================================================
----------------- testing Mon Aug 20 01:55:12 UTC 2018 /home/travis/build/icyphy/ptII/ptolemy/actor/lib/test/auto/MatrixToArray.xml
----------------- Instantiating /home/travis/build/icyphy/ptII/ptolemy/actor/lib/test/auto/MatrixToArray.xml
6 ms. Memory: 1107968K Free: 437404K (39%)
----------------- Invoking toplevel() on ptolemy.moml.MoMLSimpleApplication@25e5a2fa
----------------- Done invoking toplevel() on ptolemy.moml.MoMLSimpleApplication@25e5a2fa
reloadAllAccessors: .MatrixToArray

===========================================================================================
----------------- testing Mon Aug 20 01:55:12 UTC 2018 /home/travis/build/icyphy/ptII/ptolemy/actor/lib/test/auto/MaxIndex.xml
----------------- Instantiating /home/travis/build/icyphy/ptII/ptolemy/actor/lib/test/auto/MaxIndex.xml
2 ms. Memory: 1107968K Free: 422167K (38%)
----------------- Invoking toplevel() on ptolemy.moml.MoMLSimpleApplication@4e162406
----------------- Done invoking toplevel() on ptolemy.moml.MoMLSimpleApplication@4e162406
reloadAllAccessors: .MaxIndex

===========================================================================================
----------------- testing Mon Aug 20 01:55:12 UTC 2018 /home/travis/build/icyphy/ptII/ptolemy/actor/lib/test/auto/Maximum.xml
----------------- Instantiating /home/travis/build/icyphy/ptII/ptolemy/actor/lib/test/auto/Maximum.xml
7 ms. Memory: 1107968K Free: 412234K (37%)
----------------- Invoking toplevel() on ptolemy.moml.MoMLSimpleApplication@38354039
----------------- Done invoking toplevel() on ptolemy.moml.MoMLSimpleApplication@38354039
reloadAllAccessors: .Maximum

===========================================================================================
----------------- testing Mon Aug 20 01:55:12 UTC 2018 /home/travis/build/icyphy/ptII/ptolemy/actor/lib/test/auto/MaximumComplex.xml
----------------- Instantiating /home/travis/build/icyphy/ptII/ptolemy/actor/lib/test/auto/MaximumComplex.xml
5 ms. Memory: 1107968K Free: 396997K (36%)
----------------- Invoking toplevel() on ptolemy.moml.MoMLSimpleApplication@36fc56af
----------------- Done invoking toplevel() on ptolemy.moml.MoMLSimpleApplication@36fc56af
reloadAllAccessors: .MaximumComplex

===========================================================================================
----------------- testing Mon Aug 20 01:55:12 UTC 2018 /home/travis/build/icyphy/ptII/ptolemy/actor/lib/test/auto/MethodCallTest.xml
----------------- Instantiating /home/travis/build/icyphy/ptII/ptolemy/actor/lib/test/auto/MethodCallTest.xml
3 ms. Memory: 1107968K Free: 382082K (34%)
----------------- Invoking toplevel() on ptolemy.moml.MoMLSimpleApplication@a25626d
----------------- Done invoking toplevel() on ptolemy.moml.MoMLSimpleApplication@a25626d
reloadAllAccessors: .MethodCallTest

===========================================================================================
----------------- testing Mon Aug 20 01:55:12 UTC 2018 /home/travis/build/icyphy/ptII/ptolemy/actor/lib/test/auto/Minimum.xml
----------------- Instantiating /home/travis/build/icyphy/ptII/ptolemy/actor/lib/test/auto/Minimum.xml
2 ms. Memory: 1107968K Free: 372149K (34%)
----------------- Invoking toplevel() on ptolemy.moml.MoMLSimpleApplication@ac19402
----------------- Done invoking toplevel() on ptolemy.moml.MoMLSimpleApplication@ac19402
reloadAllAccessors: .Minimum

===========================================================================================
----------------- testing Mon Aug 20 01:55:12 UTC 2018 /home/travis/build/icyphy/ptII/ptolemy/actor/lib/test/auto/MinimumComplex.xml
----------------- Instantiating /home/travis/build/icyphy/ptII/ptolemy/actor/lib/test/auto/MinimumComplex.xml
3 ms. Memory: 1107968K Free: 356912K (32%)
----------------- Invoking toplevel() on ptolemy.moml.MoMLSimpleApplication@122f1508
----------------- Done invoking toplevel() on ptolemy.moml.MoMLSimpleApplication@122f1508
reloadAllAccessors: .MinimumComplex

===========================================================================================
----------------- testing Mon Aug 20 01:55:12 UTC 2018 /home/travis/build/icyphy/ptII/ptolemy/actor/lib/test/auto/MinimumMultiports.xml
----------------- Instantiating /home/travis/build/icyphy/ptII/ptolemy/actor/lib/test/auto/MinimumMultiports.xml
4 ms. Memory: 1107968K Free: 341997K (31%)
----------------- Invoking toplevel() on ptolemy.moml.MoMLSimpleApplication@3fcffb21
----------------- Done invoking toplevel() on ptolemy.moml.MoMLSimpleApplication@3fcffb21
reloadAllAccessors: .MinimumMultiports

===========================================================================================
----------------- testing Mon Aug 20 01:55:12 UTC 2018 /home/travis/build/icyphy/ptII/ptolemy/actor/lib/test/auto/ModifyDate.xml
----------------- Instantiating /home/travis/build/icyphy/ptII/ptolemy/actor/lib/test/auto/ModifyDate.xml
6 ms. Memory: 1107968K Free: 316811K (29%)
----------------- Invoking toplevel() on ptolemy.moml.MoMLSimpleApplication@352e264
----------------- Done invoking toplevel() on ptolemy.moml.MoMLSimpleApplication@352e264
reloadAllAccessors: .ModifyDate

===========================================================================================
----------------- testing Mon Aug 20 01:55:12 UTC 2018 /home/travis/build/icyphy/ptII/ptolemy/actor/lib/test/auto/ModifyDate2.xml
----------------- Instantiating /home/travis/build/icyphy/ptII/ptolemy/actor/lib/test/auto/ModifyDate2.xml
5 ms. Memory: 1107968K Free: 301912K (27%)
----------------- Invoking toplevel() on ptolemy.moml.MoMLSimpleApplication@25fc3688
----------------- Done invoking toplevel() on ptolemy.moml.MoMLSimpleApplication@25fc3688
reloadAllAccessors: .ModifyDate2

===========================================================================================
----------------- testing Mon Aug 20 01:55:12 UTC 2018 /home/travis/build/icyphy/ptII/ptolemy/actor/lib/test/auto/MovingAverage.xml
----------------- Instantiating /home/travis/build/icyphy/ptII/ptolemy/actor/lib/test/auto/MovingAverage.xml
2 ms. Memory: 1107968K Free: 286675K (26%)
----------------- Invoking toplevel() on ptolemy.moml.MoMLSimpleApplication@4e3b84a7
----------------- Done invoking toplevel() on ptolemy.moml.MoMLSimpleApplication@4e3b84a7
reloadAllAccessors: .MovingAverage

===========================================================================================
----------------- testing Mon Aug 20 01:55:12 UTC 2018 /home/travis/build/icyphy/ptII/ptolemy/actor/lib/test/auto/MovingMaximum.xml
----------------- Instantiating /home/travis/build/icyphy/ptII/ptolemy/actor/lib/test/auto/MovingMaximum.xml
2 ms. Memory: 1107968K Free: 276742K (25%)
----------------- Invoking toplevel() on ptolemy.moml.MoMLSimpleApplication@2d9d3068
----------------- Done invoking toplevel() on ptolemy.moml.MoMLSimpleApplication@2d9d3068
reloadAllAccessors: .MovingMaximum

===========================================================================================
----------------- testing Mon Aug 20 01:55:12 UTC 2018 /home/travis/build/icyphy/ptII/ptolemy/actor/lib/test/auto/MultipleLinksToSameRelation.xml
----------------- Instantiating /home/travis/build/icyphy/ptII/ptolemy/actor/lib/test/auto/MultipleLinksToSameRelation.xml
5 ms. Memory: 1107968K Free: 261505K (24%)
----------------- Invoking toplevel() on ptolemy.moml.MoMLSimpleApplication@2ae83771
----------------- Done invoking toplevel() on ptolemy.moml.MoMLSimpleApplication@2ae83771
reloadAllAccessors: .MultipleLinksToSameRelation

===========================================================================================
----------------- testing Mon Aug 20 01:55:12 UTC 2018 /home/travis/build/icyphy/ptII/ptolemy/actor/lib/test/auto/MultipleLinksToSameRelationDE.xml
----------------- Instantiating /home/travis/build/icyphy/ptII/ptolemy/actor/lib/test/auto/MultipleLinksToSameRelationDE.xml
2 ms. Memory: 1107968K Free: 251572K (23%)
----------------- Invoking toplevel() on ptolemy.moml.MoMLSimpleApplication@721f1000
----------------- Done invoking toplevel() on ptolemy.moml.MoMLSimpleApplication@721f1000
reloadAllAccessors: .MultipleLinksToSameRelationDE

===========================================================================================
----------------- testing Mon Aug 20 01:55:12 UTC 2018 /home/travis/build/icyphy/ptII/ptolemy/actor/lib/test/auto/Multiplexor.xml
----------------- Instantiating /home/travis/build/icyphy/ptII/ptolemy/actor/lib/test/auto/Multiplexor.xml
1 ms. Memory: 1107968K Free: 241639K (22%)
----------------- Invoking toplevel() on ptolemy.moml.MoMLSimpleApplication@7fd2935d
----------------- Done invoking toplevel() on ptolemy.moml.MoMLSimpleApplication@7fd2935d
reloadAllAccessors: .Multiplexor

===========================================================================================
----------------- testing Mon Aug 20 01:55:12 UTC 2018 /home/travis/build/icyphy/ptII/ptolemy/actor/lib/test/auto/Multiplexor1.xml
----------------- Instantiating /home/travis/build/icyphy/ptII/ptolemy/actor/lib/test/auto/Multiplexor1.xml
2 ms. Memory: 1107968K Free: 226402K (20%)
----------------- Invoking toplevel() on ptolemy.moml.MoMLSimpleApplication@65b21981
----------------- Done invoking toplevel() on ptolemy.moml.MoMLSimpleApplication@65b21981
reloadAllAccessors: .Multiplexor1

===========================================================================================
----------------- testing Mon Aug 20 01:55:12 UTC 2018 /home/travis/build/icyphy/ptII/ptolemy/actor/lib/test/auto/Multiplexor2.xml
----------------- Instantiating /home/travis/build/icyphy/ptII/ptolemy/actor/lib/test/auto/Multiplexor2.xml
7 ms. Memory: 1107968K Free: 216469K (20%)
----------------- Invoking toplevel() on ptolemy.moml.MoMLSimpleApplication@5a07d406
----------------- Done invoking toplevel() on ptolemy.moml.MoMLSimpleApplication@5a07d406
reloadAllAccessors: .Multiplexor2

===========================================================================================
----------------- testing Mon Aug 20 01:55:12 UTC 2018 /home/travis/build/icyphy/ptII/ptolemy/actor/lib/test/auto/Multiplexor3.xml
----------------- Instantiating /home/travis/build/icyphy/ptII/ptolemy/actor/lib/test/auto/Multiplexor3.xml
2 ms. Memory: 1107968K Free: 201232K (18%)
----------------- Invoking toplevel() on ptolemy.moml.MoMLSimpleApplication@72b6e4a3
----------------- Done invoking toplevel() on ptolemy.moml.MoMLSimpleApplication@72b6e4a3
reloadAllAccessors: .Multiplexor3

===========================================================================================
----------------- testing Mon Aug 20 01:55:12 UTC 2018 /home/travis/build/icyphy/ptII/ptolemy/actor/lib/test/auto/MultiplexorDE.xml
----------------- Instantiating /home/travis/build/icyphy/ptII/ptolemy/actor/lib/test/auto/MultiplexorDE.xml
2 ms. Memory: 1107968K Free: 186317K (17%)
----------------- Invoking toplevel() on ptolemy.moml.MoMLSimpleApplication@53182d1c
----------------- Done invoking toplevel() on ptolemy.moml.MoMLSimpleApplication@53182d1c
reloadAllAccessors: .MultiplexorDE

===========================================================================================
----------------- testing Mon Aug 20 01:55:12 UTC 2018 /home/travis/build/icyphy/ptII/ptolemy/actor/lib/test/auto/MultiportBroadcastTest.xml
----------------- Instantiating /home/travis/build/icyphy/ptII/ptolemy/actor/lib/test/auto/MultiportBroadcastTest.xml
98 ms. Memory: 1107968K Free: 171080K (15%)
----------------- Invoking toplevel() on ptolemy.moml.MoMLSimpleApplication@591c6bc9
----------------- Done invoking toplevel() on ptolemy.moml.MoMLSimpleApplication@591c6bc9
reloadAllAccessors: .MultiportBroadcastTest

===========================================================================================
----------------- testing Mon Aug 20 01:55:12 UTC 2018 /home/travis/build/icyphy/ptII/ptolemy/actor/lib/test/auto/MultiportOutHangDuringGetWidth.xml
----------------- Instantiating /home/travis/build/icyphy/ptII/ptolemy/actor/lib/test/auto/MultiportOutHangDuringGetWidth.xml
6 ms. Memory: 1107968K Free: 151182K (14%)
----------------- Invoking toplevel() on ptolemy.moml.MoMLSimpleApplication@9db8284
----------------- Done invoking toplevel() on ptolemy.moml.MoMLSimpleApplication@9db8284
reloadAllAccessors: .MultiportOutHangDuringGetWidth

===========================================================================================
----------------- testing Mon Aug 20 01:55:13 UTC 2018 /home/travis/build/icyphy/ptII/ptolemy/actor/lib/test/auto/NilToken.xml
----------------- Instantiating /home/travis/build/icyphy/ptII/ptolemy/actor/lib/test/auto/NilToken.xml
2 ms. Memory: 1107968K Free: 135945K (12%)
----------------- Invoking toplevel() on ptolemy.moml.MoMLSimpleApplication@226fcc15
----------------- Done invoking toplevel() on ptolemy.moml.MoMLSimpleApplication@226fcc15
reloadAllAccessors: .NilToken

===========================================================================================
----------------- testing Mon Aug 20 01:55:13 UTC 2018 /home/travis/build/icyphy/ptII/ptolemy/actor/lib/test/auto/NilTokenNonStrictTest.xml
----------------- Instantiating /home/travis/build/icyphy/ptII/ptolemy/actor/lib/test/auto/NilTokenNonStrictTest.xml
2 ms. Memory: 1107968K Free: 126012K (11%)
----------------- Invoking toplevel() on ptolemy.moml.MoMLSimpleApplication@158a7dcb
----------------- Done invoking toplevel() on ptolemy.moml.MoMLSimpleApplication@158a7dcb
reloadAllAccessors: .NilTokenNonStrictTest

===========================================================================================
----------------- testing Mon Aug 20 01:55:13 UTC 2018 /home/travis/build/icyphy/ptII/ptolemy/actor/lib/test/auto/NilTokenRecord.xml
----------------- Instantiating /home/travis/build/icyphy/ptII/ptolemy/actor/lib/test/auto/NilTokenRecord.xml
10 ms. Memory: 1107968K Free: 116080K (10%)
----------------- Invoking toplevel() on ptolemy.moml.MoMLSimpleApplication@3dc883fa
----------------- Done invoking toplevel() on ptolemy.moml.MoMLSimpleApplication@3dc883fa
reloadAllAccessors: .NilTokenRecord

===========================================================================================
----------------- testing Mon Aug 20 01:55:13 UTC 2018 /home/travis/build/icyphy/ptII/ptolemy/actor/lib/test/auto/NilTokenTypeTest.xml
----------------- Instantiating /home/travis/build/icyphy/ptII/ptolemy/actor/lib/test/auto/NilTokenTypeTest.xml
4 ms. Memory: 1107968K Free: 95860K (9%)
----------------- Invoking toplevel() on ptolemy.moml.MoMLSimpleApplication@1824b501
----------------- Done invoking toplevel() on ptolemy.moml.MoMLSimpleApplication@1824b501
reloadAllAccessors: .NilTokenTypeTest

===========================================================================================
----------------- testing Mon Aug 20 01:55:13 UTC 2018 /home/travis/build/icyphy/ptII/ptolemy/actor/lib/test/auto/ObjectToken1.xml
----------------- Instantiating /home/travis/build/icyphy/ptII/ptolemy/actor/lib/test/auto/ObjectToken1.xml
1 ms. Memory: 1107968K Free: 85927K (8%)
----------------- Invoking toplevel() on ptolemy.moml.MoMLSimpleApplication@160c9996
----------------- Done invoking toplevel() on ptolemy.moml.MoMLSimpleApplication@160c9996
reloadAllAccessors: .ObjectToken1

===========================================================================================
----------------- testing Mon Aug 20 01:55:13 UTC 2018 /home/travis/build/icyphy/ptII/ptolemy/actor/lib/test/auto/OrderedMerge.xml
----------------- Instantiating /home/travis/build/icyphy/ptII/ptolemy/actor/lib/test/auto/OrderedMerge.xml
10 ms. Memory: 1250816K Free: 1175671K (94%)
----------------- Invoking toplevel() on ptolemy.moml.MoMLSimpleApplication@36075b38
----------------- Done invoking toplevel() on ptolemy.moml.MoMLSimpleApplication@36075b38
reloadAllAccessors: .OrderedMerge

===========================================================================================
----------------- testing Mon Aug 20 01:55:13 UTC 2018 /home/travis/build/icyphy/ptII/ptolemy/actor/lib/test/auto/OrderedRecordDisassembler.xml
----------------- Instantiating /home/travis/build/icyphy/ptII/ptolemy/actor/lib/test/auto/OrderedRecordDisassembler.xml
3 ms. Memory: 1250816K Free: 1152094K (92%)
----------------- Invoking toplevel() on ptolemy.moml.MoMLSimpleApplication@13a04fd4
----------------- Done invoking toplevel() on ptolemy.moml.MoMLSimpleApplication@13a04fd4
reloadAllAccessors: .OrderedRecordDisassembler

===========================================================================================
----------------- testing Mon Aug 20 01:55:13 UTC 2018 /home/travis/build/icyphy/ptII/ptolemy/actor/lib/test/auto/OrderedRecordDisassembler2.xml
----------------- Instantiating /home/travis/build/icyphy/ptII/ptolemy/actor/lib/test/auto/OrderedRecordDisassembler2.xml
3 ms. Memory: 1250816K Free: 1136741K (91%)
----------------- Invoking toplevel() on ptolemy.moml.MoMLSimpleApplication@3a36d839
----------------- Done invoking toplevel() on ptolemy.moml.MoMLSimpleApplication@3a36d839
reloadAllAccessors: .OrderedRecordDisassembler2

===========================================================================================
----------------- testing Mon Aug 20 01:55:13 UTC 2018 /home/travis/build/icyphy/ptII/ptolemy/actor/lib/test/auto/OrderedRecordUpdater.xml
----------------- Instantiating /home/travis/build/icyphy/ptII/ptolemy/actor/lib/test/auto/OrderedRecordUpdater.xml
2 ms. Memory: 1250816K Free: 1116061K (89%)
----------------- Invoking toplevel() on ptolemy.moml.MoMLSimpleApplication@7f8ca1c7
----------------- Done invoking toplevel() on ptolemy.moml.MoMLSimpleApplication@7f8ca1c7
reloadAllAccessors: .RecordUpdater

===========================================================================================
----------------- testing Mon Aug 20 01:55:13 UTC 2018 /home/travis/build/icyphy/ptII/ptolemy/actor/lib/test/auto/OrderedRecordUpdater2.xml
----------------- Instantiating /home/travis/build/icyphy/ptII/ptolemy/actor/lib/test/auto/OrderedRecordUpdater2.xml
5 ms. Memory: 1250816K Free: 1100708K (88%)
----------------- Invoking toplevel() on ptolemy.moml.MoMLSimpleApplication@9257c85
----------------- Done invoking toplevel() on ptolemy.moml.MoMLSimpleApplication@9257c85
reloadAllAccessors: .RecordUpdater2

===========================================================================================
----------------- testing Mon Aug 20 01:55:13 UTC 2018 /home/travis/build/icyphy/ptII/ptolemy/actor/lib/test/auto/PhaseUnwrap.xml
----------------- Instantiating /home/travis/build/icyphy/ptII/ptolemy/actor/lib/test/auto/PhaseUnwrap.xml
1 ms. Memory: 1250816K Free: 1080028K (86%)
----------------- Invoking toplevel() on ptolemy.moml.MoMLSimpleApplication@796bf4be
----------------- Done invoking toplevel() on ptolemy.moml.MoMLSimpleApplication@796bf4be
reloadAllAccessors: .PhaseUnwrap

===========================================================================================
----------------- testing Mon Aug 20 01:55:13 UTC 2018 /home/travis/build/icyphy/ptII/ptolemy/actor/lib/test/auto/PoissonClock.xml
----------------- Instantiating /home/travis/build/icyphy/ptII/ptolemy/actor/lib/test/auto/PoissonClock.xml
1 ms. Memory: 1250816K Free: 1064675K (85%)
----------------- Invoking toplevel() on ptolemy.moml.MoMLSimpleApplication@52610799
----------------- Done invoking toplevel() on ptolemy.moml.MoMLSimpleApplication@52610799
reloadAllAccessors: .PoissonClock

===========================================================================================
----------------- testing Mon Aug 20 01:55:13 UTC 2018 /home/travis/build/icyphy/ptII/ptolemy/actor/lib/test/auto/PoissonClock2.xml
----------------- Instantiating /home/travis/build/icyphy/ptII/ptolemy/actor/lib/test/auto/PoissonClock2.xml
1 ms. Memory: 1250816K Free: 1043995K (83%)
----------------- Invoking toplevel() on ptolemy.moml.MoMLSimpleApplication@3b98d491
----------------- Done invoking toplevel() on ptolemy.moml.MoMLSimpleApplication@3b98d491
reloadAllAccessors: .PoissonClock2

===========================================================================================
----------------- testing Mon Aug 20 01:55:13 UTC 2018 /home/travis/build/icyphy/ptII/ptolemy/actor/lib/test/auto/PoissonClock3.xml
----------------- Instantiating /home/travis/build/icyphy/ptII/ptolemy/actor/lib/test/auto/PoissonClock3.xml
0 ms. Memory: 1250816K Free: 1028642K (82%)
----------------- Invoking toplevel() on ptolemy.moml.MoMLSimpleApplication@4c206f6e
----------------- Done invoking toplevel() on ptolemy.moml.MoMLSimpleApplication@4c206f6e
reloadAllAccessors: .PoissonClock3

===========================================================================================
----------------- testing Mon Aug 20 01:55:13 UTC 2018 /home/travis/build/icyphy/ptII/ptolemy/actor/lib/test/auto/PubSubWithInitialTokens.xml
----------------- Instantiating /home/travis/build/icyphy/ptII/ptolemy/actor/lib/test/auto/PubSubWithInitialTokens.xml
2 ms. Memory: 1250816K Free: 1007962K (81%)
----------------- Invoking toplevel() on ptolemy.moml.MoMLSimpleApplication@38afe9bc
----------------- Done invoking toplevel() on ptolemy.moml.MoMLSimpleApplication@38afe9bc
reloadAllAccessors: .PubSubWithInitialTokens

===========================================================================================
----------------- testing Mon Aug 20 01:55:13 UTC 2018 /home/travis/build/icyphy/ptII/ptolemy/actor/lib/test/auto/PubSubWithInitialTokens2.xml
----------------- Instantiating /home/travis/build/icyphy/ptII/ptolemy/actor/lib/test/auto/PubSubWithInitialTokens2.xml
2 ms. Memory: 1250816K Free: 992609K (79%)
----------------- Invoking toplevel() on ptolemy.moml.MoMLSimpleApplication@1a58295a
----------------- Done invoking toplevel() on ptolemy.moml.MoMLSimpleApplication@1a58295a
reloadAllAccessors: .PubSubWithInitialTokens2

===========================================================================================
----------------- testing Mon Aug 20 01:55:13 UTC 2018 /home/travis/build/icyphy/ptII/ptolemy/actor/lib/test/auto/PublisherClassNoParameter.xml
----------------- Instantiating /home/travis/build/icyphy/ptII/ptolemy/actor/lib/test/auto/PublisherClassNoParameter.xml
2 ms. Memory: 1250816K Free: 969579K (78%)
----------------- Invoking toplevel() on ptolemy.moml.MoMLSimpleApplication@b04ce65
----------------- Done invoking toplevel() on ptolemy.moml.MoMLSimpleApplication@b04ce65
reloadAllAccessors: .PublisherClassNoParameter

===========================================================================================
----------------- testing Mon Aug 20 01:55:13 UTC 2018 /home/travis/build/icyphy/ptII/ptolemy/actor/lib/test/auto/PublisherClassParameter.xml
----------------- Instantiating /home/travis/build/icyphy/ptII/ptolemy/actor/lib/test/auto/PublisherClassParameter.xml
2 ms. Memory: 1250816K Free: 941223K (75%)
----------------- Invoking toplevel() on ptolemy.moml.MoMLSimpleApplication@55bc2b8c
----------------- Done invoking toplevel() on ptolemy.moml.MoMLSimpleApplication@55bc2b8c
reloadAllAccessors: .PublisherClassParameter

===========================================================================================
----------------- testing Mon Aug 20 01:55:13 UTC 2018 /home/travis/build/icyphy/ptII/ptolemy/actor/lib/test/auto/PublisherNonStrictTest.xml
----------------- Instantiating /home/travis/build/icyphy/ptII/ptolemy/actor/lib/test/auto/PublisherNonStrictTest.xml
3 ms. Memory: 1250816K Free: 925870K (74%)
----------------- Invoking toplevel() on ptolemy.moml.MoMLSimpleApplication@4bf4e1ce
----------------- Done invoking toplevel() on ptolemy.moml.MoMLSimpleApplication@4bf4e1ce
reloadAllAccessors: .PublisherNonStrictTest

===========================================================================================
----------------- testing Mon Aug 20 01:55:13 UTC 2018 /home/travis/build/icyphy/ptII/ptolemy/actor/lib/test/auto/PublisherPort1.xml
----------------- Instantiating /home/travis/build/icyphy/ptII/ptolemy/actor/lib/test/auto/PublisherPort1.xml
3 ms. Memory: 1250816K Free: 905190K (72%)
----------------- Invoking toplevel() on ptolemy.moml.MoMLSimpleApplication@13dce226
----------------- Done invoking toplevel() on ptolemy.moml.MoMLSimpleApplication@13dce226
reloadAllAccessors: .PublisherPort1

===========================================================================================
----------------- testing Mon Aug 20 01:55:13 UTC 2018 /home/travis/build/icyphy/ptII/ptolemy/actor/lib/test/auto/PublisherPort2.xml
----------------- Instantiating /home/travis/build/icyphy/ptII/ptolemy/actor/lib/test/auto/PublisherPort2.xml
6 ms. Memory: 1250816K Free: 889837K (71%)
----------------- Invoking toplevel() on ptolemy.moml.MoMLSimpleApplication@7a8ac774
----------------- Done invoking toplevel() on ptolemy.moml.MoMLSimpleApplication@7a8ac774
reloadAllAccessors: .PublisherPort2

===========================================================================================
----------------- testing Mon Aug 20 01:55:13 UTC 2018 /home/travis/build/icyphy/ptII/ptolemy/actor/lib/test/auto/PublisherPort3.xml
----------------- Instantiating /home/travis/build/icyphy/ptII/ptolemy/actor/lib/test/auto/PublisherPort3.xml
3 ms. Memory: 1250816K Free: 869157K (69%)
----------------- Invoking toplevel() on ptolemy.moml.MoMLSimpleApplication@5886d669
----------------- Done invoking toplevel() on ptolemy.moml.MoMLSimpleApplication@5886d669
reloadAllAccessors: .PublisherPort3

===========================================================================================
----------------- testing Mon Aug 20 01:55:13 UTC 2018 /home/travis/build/icyphy/ptII/ptolemy/actor/lib/test/auto/PublisherPort4.xml
----------------- Instantiating /home/travis/build/icyphy/ptII/ptolemy/actor/lib/test/auto/PublisherPort4.xml
2 ms. Memory: 1250816K Free: 853804K (68%)
----------------- Invoking toplevel() on ptolemy.moml.MoMLSimpleApplication@4d5b4ca8
----------------- Done invoking toplevel() on ptolemy.moml.MoMLSimpleApplication@4d5b4ca8
reloadAllAccessors: .PublisherPort4

===========================================================================================
----------------- testing Mon Aug 20 01:55:13 UTC 2018 /home/travis/build/icyphy/ptII/ptolemy/actor/lib/test/auto/PublisherPort5.xml
----------------- Instantiating /home/travis/build/icyphy/ptII/ptolemy/actor/lib/test/auto/PublisherPort5.xml
3 ms. Memory: 1250816K Free: 833124K (67%)
----------------- Invoking toplevel() on ptolemy.moml.MoMLSimpleApplication@a4b9985
----------------- Done invoking toplevel() on ptolemy.moml.MoMLSimpleApplication@a4b9985
reloadAllAccessors: .PublisherPort5

===========================================================================================
----------------- testing Mon Aug 20 01:55:13 UTC 2018 /home/travis/build/icyphy/ptII/ptolemy/actor/lib/test/auto/PublisherPort5LookAlike.xml
----------------- Instantiating /home/travis/build/icyphy/ptII/ptolemy/actor/lib/test/auto/PublisherPort5LookAlike.xml
6 ms. Memory: 1250816K Free: 817771K (65%)
----------------- Invoking toplevel() on ptolemy.moml.MoMLSimpleApplication@564276ec
----------------- Done invoking toplevel() on ptolemy.moml.MoMLSimpleApplication@564276ec
reloadAllAccessors: .PublisherPort5LookAlike

===========================================================================================
----------------- testing Mon Aug 20 01:55:13 UTC 2018 /home/travis/build/icyphy/ptII/ptolemy/actor/lib/test/auto/PublisherPort6.xml
----------------- Instantiating /home/travis/build/icyphy/ptII/ptolemy/actor/lib/test/auto/PublisherPort6.xml
2 ms. Memory: 1250816K Free: 802418K (64%)
----------------- Invoking toplevel() on ptolemy.moml.MoMLSimpleApplication@561f34b7
----------------- Done invoking toplevel() on ptolemy.moml.MoMLSimpleApplication@561f34b7
reloadAllAccessors: .PublisherPort6

===========================================================================================
----------------- testing Mon Aug 20 01:55:13 UTC 2018 /home/travis/build/icyphy/ptII/ptolemy/actor/lib/test/auto/PublisherPort7.xml
----------------- Instantiating /home/travis/build/icyphy/ptII/ptolemy/actor/lib/test/auto/PublisherPort7.xml
3 ms. Memory: 1250816K Free: 781738K (62%)
----------------- Invoking toplevel() on ptolemy.moml.MoMLSimpleApplication@5b5caf0d
----------------- Done invoking toplevel() on ptolemy.moml.MoMLSimpleApplication@5b5caf0d
reloadAllAccessors: .PublisherPort7

===========================================================================================
----------------- testing Mon Aug 20 01:55:13 UTC 2018 /home/travis/build/icyphy/ptII/ptolemy/actor/lib/test/auto/PublisherPort8.xml
----------------- Instantiating /home/travis/build/icyphy/ptII/ptolemy/actor/lib/test/auto/PublisherPort8.xml
4 ms. Memory: 1250816K Free: 766385K (61%)
----------------- Invoking toplevel() on ptolemy.moml.MoMLSimpleApplication@6bf9989c
----------------- Done invoking toplevel() on ptolemy.moml.MoMLSimpleApplication@6bf9989c
reloadAllAccessors: .PublisherPort8

===========================================================================================
----------------- testing Mon Aug 20 01:55:13 UTC 2018 /home/travis/build/icyphy/ptII/ptolemy/actor/lib/test/auto/PublisherPortSubscriberChannelVariablesAOC2.xml
----------------- Instantiating /home/travis/build/icyphy/ptII/ptolemy/actor/lib/test/auto/PublisherPortSubscriberChannelVariablesAOC2.xml
3 ms. Memory: 1250816K Free: 738020K (59%)
----------------- Invoking toplevel() on ptolemy.moml.MoMLSimpleApplication@1d28ded4
----------------- Done invoking toplevel() on ptolemy.moml.MoMLSimpleApplication@1d28ded4
reloadAllAccessors: .PublisherPortSubscriberChannelVariablesAOC2

===========================================================================================
----------------- testing Mon Aug 20 01:55:13 UTC 2018 /home/travis/build/icyphy/ptII/ptolemy/actor/lib/test/auto/PublisherPortSubscriberOpaqueWidthInference.xml
----------------- Instantiating /home/travis/build/icyphy/ptII/ptolemy/actor/lib/test/auto/PublisherPortSubscriberOpaqueWidthInference.xml
4 ms. Memory: 1250816K Free: 722667K (58%)
----------------- Invoking toplevel() on ptolemy.moml.MoMLSimpleApplication@485ee939
----------------- Done invoking toplevel() on ptolemy.moml.MoMLSimpleApplication@485ee939
reloadAllAccessors: .PublisherPortSubscriberOpaqueWidthInference

===========================================================================================
----------------- testing Mon Aug 20 01:55:13 UTC 2018 /home/travis/build/icyphy/ptII/ptolemy/actor/lib/test/auto/PublisherPortSubscriberPortAdjacent.xml
----------------- Instantiating /home/travis/build/icyphy/ptII/ptolemy/actor/lib/test/auto/PublisherPortSubscriberPortAdjacent.xml
1 ms. Memory: 1250816K Free: 701988K (56%)
----------------- Invoking toplevel() on ptolemy.moml.MoMLSimpleApplication@17be6779
----------------- Done invoking toplevel() on ptolemy.moml.MoMLSimpleApplication@17be6779
reloadAllAccessors: .PublisherPortSubscriberPortAdjacent

===========================================================================================
----------------- testing Mon Aug 20 01:55:13 UTC 2018 /home/travis/build/icyphy/ptII/ptolemy/actor/lib/test/auto/PublisherPortSubscriberPortExpression.xml
----------------- Instantiating /home/travis/build/icyphy/ptII/ptolemy/actor/lib/test/auto/PublisherPortSubscriberPortExpression.xml
4 ms. Memory: 1250816K Free: 686634K (55%)
----------------- Invoking toplevel() on ptolemy.moml.MoMLSimpleApplication@76e03a63
----------------- Done invoking toplevel() on ptolemy.moml.MoMLSimpleApplication@76e03a63
reloadAllAccessors: .PublisherPortSubscriberPortExpression

===========================================================================================
----------------- testing Mon Aug 20 01:55:13 UTC 2018 /home/travis/build/icyphy/ptII/ptolemy/actor/lib/test/auto/PublisherPortSubscriberPortOpaqueD3Reverse.xml
----------------- Instantiating /home/travis/build/icyphy/ptII/ptolemy/actor/lib/test/auto/PublisherPortSubscriberPortOpaqueD3Reverse.xml
6 ms. Memory: 1250816K Free: 665955K (53%)
----------------- Invoking toplevel() on ptolemy.moml.MoMLSimpleApplication@60c13e53
----------------- Done invoking toplevel() on ptolemy.moml.MoMLSimpleApplication@60c13e53
reloadAllAccessors: .PublisherPortSubscriberPortOpaqueD3Reverse

===========================================================================================
----------------- testing Mon Aug 20 01:55:13 UTC 2018 /home/travis/build/icyphy/ptII/ptolemy/actor/lib/test/auto/PublisherPortSubscriberPortOpaqueWidthInference.xml
----------------- Instantiating /home/travis/build/icyphy/ptII/ptolemy/actor/lib/test/auto/PublisherPortSubscriberPortOpaqueWidthInference.xml
3 ms. Memory: 1250816K Free: 650601K (52%)
----------------- Invoking toplevel() on ptolemy.moml.MoMLSimpleApplication@792dbc71
----------------- Done invoking toplevel() on ptolemy.moml.MoMLSimpleApplication@792dbc71
reloadAllAccessors: .PublisherPortSubscriberPortOpaqueWidthInference

===========================================================================================
----------------- testing Mon Aug 20 01:55:13 UTC 2018 /home/travis/build/icyphy/ptII/ptolemy/actor/lib/test/auto/PublisherPortToplevelSubscriberPortAOC.xml
----------------- Instantiating /home/travis/build/icyphy/ptII/ptolemy/actor/lib/test/auto/PublisherPortToplevelSubscriberPortAOC.xml
.PublisherPortToplevelSubscriberPortAOC.TestExceptionAttribute: initialize() was not invoked, but wrapup() was.  This is unusual, but not always a problem.  For example, exporting JNLP will do this.
0 ms. Memory: 1250816K Free: 629922K (50%)
----------------- Invoking toplevel() on ptolemy.moml.MoMLSimpleApplication@e451b5f
----------------- Done invoking toplevel() on ptolemy.moml.MoMLSimpleApplication@e451b5f
reloadAllAccessors: .PublisherPortToplevelSubscriberPortAOC

===========================================================================================
----------------- testing Mon Aug 20 01:55:13 UTC 2018 /home/travis/build/icyphy/ptII/ptolemy/actor/lib/test/auto/PublisherSubscriber.xml
----------------- Instantiating /home/travis/build/icyphy/ptII/ptolemy/actor/lib/test/auto/PublisherSubscriber.xml
2 ms. Memory: 1250816K Free: 614569K (49%)
----------------- Invoking toplevel() on ptolemy.moml.MoMLSimpleApplication@537b12f1
----------------- Done invoking toplevel() on ptolemy.moml.MoMLSimpleApplication@537b12f1
reloadAllAccessors: .PublisherSubscriber

===========================================================================================
----------------- testing Mon Aug 20 01:55:13 UTC 2018 /home/travis/build/icyphy/ptII/ptolemy/actor/lib/test/auto/PublisherSubscriber10.xml
----------------- Instantiating /home/travis/build/icyphy/ptII/ptolemy/actor/lib/test/auto/PublisherSubscriber10.xml
6 ms. Memory: 1250816K Free: 599215K (48%)
----------------- Invoking toplevel() on ptolemy.moml.MoMLSimpleApplication@2fd36584
----------------- Done invoking toplevel() on ptolemy.moml.MoMLSimpleApplication@2fd36584
reloadAllAccessors: .PublisherSubscriber10

===========================================================================================
----------------- testing Mon Aug 20 01:55:13 UTC 2018 /home/travis/build/icyphy/ptII/ptolemy/actor/lib/test/auto/PublisherSubscriber10InitialOutputs.xml
----------------- Instantiating /home/travis/build/icyphy/ptII/ptolemy/actor/lib/test/auto/PublisherSubscriber10InitialOutputs.xml
11 ms. Memory: 1250816K Free: 578536K (46%)
----------------- Invoking toplevel() on ptolemy.moml.MoMLSimpleApplication@4d1215d0
----------------- Done invoking toplevel() on ptolemy.moml.MoMLSimpleApplication@4d1215d0
reloadAllAccessors: .PublisherSubscriber10InitialOutputs

===========================================================================================
----------------- testing Mon Aug 20 01:55:13 UTC 2018 /home/travis/build/icyphy/ptII/ptolemy/actor/lib/test/auto/PublisherSubscriber11.xml
----------------- Instantiating /home/travis/build/icyphy/ptII/ptolemy/actor/lib/test/auto/PublisherSubscriber11.xml
3 ms. Memory: 1250816K Free: 563183K (45%)
----------------- Invoking toplevel() on ptolemy.moml.MoMLSimpleApplication@2f4b1f1b
----------------- Done invoking toplevel() on ptolemy.moml.MoMLSimpleApplication@2f4b1f1b
reloadAllAccessors: .PublisherSubscriber11

===========================================================================================
----------------- testing Mon Aug 20 01:55:13 UTC 2018 /home/travis/build/icyphy/ptII/ptolemy/actor/lib/test/auto/PublisherSubscriber12.xml
----------------- Instantiating /home/travis/build/icyphy/ptII/ptolemy/actor/lib/test/auto/PublisherSubscriber12.xml
5 ms. Memory: 1250816K Free: 542503K (43%)
----------------- Invoking toplevel() on ptolemy.moml.MoMLSimpleApplication@44437f5d
----------------- Done invoking toplevel() on ptolemy.moml.MoMLSimpleApplication@44437f5d
reloadAllAccessors: .PublisherSubscriber12

===========================================================================================
----------------- testing Mon Aug 20 01:55:13 UTC 2018 /home/travis/build/icyphy/ptII/ptolemy/actor/lib/test/auto/PublisherSubscriber13.xml
----------------- Instantiating /home/travis/build/icyphy/ptII/ptolemy/actor/lib/test/auto/PublisherSubscriber13.xml
2 ms. Memory: 1250816K Free: 527150K (42%)
----------------- Invoking toplevel() on ptolemy.moml.MoMLSimpleApplication@1e2eab7b
----------------- Done invoking toplevel() on ptolemy.moml.MoMLSimpleApplication@1e2eab7b
reloadAllAccessors: .PublisherSubscriber13

===========================================================================================
----------------- testing Mon Aug 20 01:55:13 UTC 2018 /home/travis/build/icyphy/ptII/ptolemy/actor/lib/test/auto/PublisherSubscriber14.xml
----------------- Instantiating /home/travis/build/icyphy/ptII/ptolemy/actor/lib/test/auto/PublisherSubscriber14.xml
2 ms. Memory: 1250816K Free: 506470K (40%)
----------------- Invoking toplevel() on ptolemy.moml.MoMLSimpleApplication@1d6c2246
----------------- Done invoking toplevel() on ptolemy.moml.MoMLSimpleApplication@1d6c2246
reloadAllAccessors: .PublisherSubscriber14

===========================================================================================
----------------- testing Mon Aug 20 01:55:13 UTC 2018 /home/travis/build/icyphy/ptII/ptolemy/actor/lib/test/auto/PublisherSubscriber2.xml
----------------- Instantiating /home/travis/build/icyphy/ptII/ptolemy/actor/lib/test/auto/PublisherSubscriber2.xml
4 ms. Memory: 1250816K Free: 491117K (39%)
----------------- Invoking toplevel() on ptolemy.moml.MoMLSimpleApplication@38838958
----------------- Done invoking toplevel() on ptolemy.moml.MoMLSimpleApplication@38838958
reloadAllAccessors: .PublisherSubscriber2

===========================================================================================
----------------- testing Mon Aug 20 01:55:13 UTC 2018 /home/travis/build/icyphy/ptII/ptolemy/actor/lib/test/auto/PublisherSubscriber3.xml
----------------- Instantiating /home/travis/build/icyphy/ptII/ptolemy/actor/lib/test/auto/PublisherSubscriber3.xml
2 ms. Memory: 1250816K Free: 470437K (38%)
----------------- Invoking toplevel() on ptolemy.moml.MoMLSimpleApplication@44e3f25
----------------- Done invoking toplevel() on ptolemy.moml.MoMLSimpleApplication@44e3f25
reloadAllAccessors: .PublisherSubscriber3

===========================================================================================
----------------- testing Mon Aug 20 01:55:13 UTC 2018 /home/travis/build/icyphy/ptII/ptolemy/actor/lib/test/auto/PublisherSubscriber4.xml
----------------- Instantiating /home/travis/build/icyphy/ptII/ptolemy/actor/lib/test/auto/PublisherSubscriber4.xml
2 ms. Memory: 1250816K Free: 455084K (36%)
----------------- Invoking toplevel() on ptolemy.moml.MoMLSimpleApplication@3fa4c58d
----------------- Done invoking toplevel() on ptolemy.moml.MoMLSimpleApplication@3fa4c58d
reloadAllAccessors: .PublisherSubscriber4

===========================================================================================
----------------- testing Mon Aug 20 01:55:13 UTC 2018 /home/travis/build/icyphy/ptII/ptolemy/actor/lib/test/auto/PublisherSubscriber5.xml
----------------- Instantiating /home/travis/build/icyphy/ptII/ptolemy/actor/lib/test/auto/PublisherSubscriber5.xml
2 ms. Memory: 1250816K Free: 434404K (35%)
----------------- Invoking toplevel() on ptolemy.moml.MoMLSimpleApplication@350d2245
----------------- Done invoking toplevel() on ptolemy.moml.MoMLSimpleApplication@350d2245
reloadAllAccessors: .PublisherSubscriber5

===========================================================================================
----------------- testing Mon Aug 20 01:55:13 UTC 2018 /home/travis/build/icyphy/ptII/ptolemy/actor/lib/test/auto/PublisherSubscriber6.xml
----------------- Instantiating /home/travis/build/icyphy/ptII/ptolemy/actor/lib/test/auto/PublisherSubscriber6.xml
4 ms. Memory: 1250816K Free: 419051K (34%)
----------------- Invoking toplevel() on ptolemy.moml.MoMLSimpleApplication@2a74fc93
----------------- Done invoking toplevel() on ptolemy.moml.MoMLSimpleApplication@2a74fc93
reloadAllAccessors: .PublisherSubscriber6

===========================================================================================
----------------- testing Mon Aug 20 01:55:14 UTC 2018 /home/travis/build/icyphy/ptII/ptolemy/actor/lib/test/auto/PublisherSubscriber7.xml
----------------- Instantiating /home/travis/build/icyphy/ptII/ptolemy/actor/lib/test/auto/PublisherSubscriber7.xml
6 ms. Memory: 1250816K Free: 403698K (32%)
----------------- Invoking toplevel() on ptolemy.moml.MoMLSimpleApplication@fe3fd79
----------------- Done invoking toplevel() on ptolemy.moml.MoMLSimpleApplication@fe3fd79
reloadAllAccessors: .PublisherSubscriber7

===========================================================================================
----------------- testing Mon Aug 20 01:55:14 UTC 2018 /home/travis/build/icyphy/ptII/ptolemy/actor/lib/test/auto/PublisherSubscriber8.xml
----------------- Instantiating /home/travis/build/icyphy/ptII/ptolemy/actor/lib/test/auto/PublisherSubscriber8.xml
21 ms. Memory: 1250816K Free: 306251K (24%)
----------------- Invoking toplevel() on ptolemy.moml.MoMLSimpleApplication@35f5599f
----------------- Done invoking toplevel() on ptolemy.moml.MoMLSimpleApplication@35f5599f
reloadAllAccessors: .PublisherSubscriber8

===========================================================================================
----------------- testing Mon Aug 20 01:55:14 UTC 2018 /home/travis/build/icyphy/ptII/ptolemy/actor/lib/test/auto/PublisherSubscriber9.xml
----------------- Instantiating /home/travis/build/icyphy/ptII/ptolemy/actor/lib/test/auto/PublisherSubscriber9.xml
2 ms. Memory: 1250816K Free: 290898K (23%)
----------------- Invoking toplevel() on ptolemy.moml.MoMLSimpleApplication@766d62ff
----------------- Done invoking toplevel() on ptolemy.moml.MoMLSimpleApplication@766d62ff
reloadAllAccessors: .PublisherSubscriber9

===========================================================================================
----------------- testing Mon Aug 20 01:55:14 UTC 2018 /home/travis/build/icyphy/ptII/ptolemy/actor/lib/test/auto/PublisherSubscriberAdjacent.xml
----------------- Instantiating /home/travis/build/icyphy/ptII/ptolemy/actor/lib/test/auto/PublisherSubscriberAdjacent.xml
2 ms. Memory: 1250816K Free: 270219K (22%)
----------------- Invoking toplevel() on ptolemy.moml.MoMLSimpleApplication@53b9de6b
----------------- Done invoking toplevel() on ptolemy.moml.MoMLSimpleApplication@53b9de6b
reloadAllAccessors: .PublisherSubscriberAdjacent

===========================================================================================
----------------- testing Mon Aug 20 01:55:14 UTC 2018 /home/travis/build/icyphy/ptII/ptolemy/actor/lib/test/auto/PublisherSubscriberChannelVariablesAOC2.xml
----------------- Instantiating /home/travis/build/icyphy/ptII/ptolemy/actor/lib/test/auto/PublisherSubscriberChannelVariablesAOC2.xml
3 ms. Memory: 1250816K Free: 247173K (20%)
----------------- Invoking toplevel() on ptolemy.moml.MoMLSimpleApplication@516bc27c
----------------- Done invoking toplevel() on ptolemy.moml.MoMLSimpleApplication@516bc27c
reloadAllAccessors: .PublisherSubscriberChannelVariablesAOC2

===========================================================================================
----------------- testing Mon Aug 20 01:55:14 UTC 2018 /home/travis/build/icyphy/ptII/ptolemy/actor/lib/test/auto/PublisherSubscriberD3.xml
----------------- Instantiating /home/travis/build/icyphy/ptII/ptolemy/actor/lib/test/auto/PublisherSubscriberD3.xml
1 ms. Memory: 1250816K Free: 226493K (18%)
----------------- Invoking toplevel() on ptolemy.moml.MoMLSimpleApplication@124f173d
----------------- Done invoking toplevel() on ptolemy.moml.MoMLSimpleApplication@124f173d
reloadAllAccessors: .PublisherSubscriberD3

===========================================================================================
----------------- testing Mon Aug 20 01:55:14 UTC 2018 /home/travis/build/icyphy/ptII/ptolemy/actor/lib/test/auto/PublisherSubscriberD3Reverse.xml
----------------- Instantiating /home/travis/build/icyphy/ptII/ptolemy/actor/lib/test/auto/PublisherSubscriberD3Reverse.xml
2 ms. Memory: 1250816K Free: 211139K (17%)
----------------- Invoking toplevel() on ptolemy.moml.MoMLSimpleApplication@32d4c9cc
----------------- Done invoking toplevel() on ptolemy.moml.MoMLSimpleApplication@32d4c9cc
reloadAllAccessors: .PublisherSubscriberD3Reverse

===========================================================================================
----------------- testing Mon Aug 20 01:55:14 UTC 2018 /home/travis/build/icyphy/ptII/ptolemy/actor/lib/test/auto/PublisherSubscriberExpression.xml
----------------- Instantiating /home/travis/build/icyphy/ptII/ptolemy/actor/lib/test/auto/PublisherSubscriberExpression.xml
3 ms. Memory: 1250816K Free: 190460K (15%)
----------------- Invoking toplevel() on ptolemy.moml.MoMLSimpleApplication@5c2d853
----------------- Done invoking toplevel() on ptolemy.moml.MoMLSimpleApplication@5c2d853
reloadAllAccessors: .PublisherSubscriberExpression

===========================================================================================
----------------- testing Mon Aug 20 01:55:14 UTC 2018 /home/travis/build/icyphy/ptII/ptolemy/actor/lib/test/auto/PublisherSubscriberOpaque.xml
----------------- Instantiating /home/travis/build/icyphy/ptII/ptolemy/actor/lib/test/auto/PublisherSubscriberOpaque.xml
4 ms. Memory: 1250816K Free: 175107K (14%)
----------------- Invoking toplevel() on ptolemy.moml.MoMLSimpleApplication@745d6dd8
----------------- Done invoking toplevel() on ptolemy.moml.MoMLSimpleApplication@745d6dd8
reloadAllAccessors: .PublisherSubscriberOpaque

===========================================================================================
----------------- testing Mon Aug 20 01:55:14 UTC 2018 /home/travis/build/icyphy/ptII/ptolemy/actor/lib/test/auto/PublisherSubscriberOpaqueD3.xml
----------------- Instantiating /home/travis/build/icyphy/ptII/ptolemy/actor/lib/test/auto/PublisherSubscriberOpaqueD3.xml
6 ms. Memory: 1250816K Free: 146742K (12%)
----------------- Invoking toplevel() on ptolemy.moml.MoMLSimpleApplication@109a0554
----------------- Done invoking toplevel() on ptolemy.moml.MoMLSimpleApplication@109a0554
reloadAllAccessors: .PublisherSubscriberOpaqueD3

===========================================================================================
----------------- testing Mon Aug 20 01:55:14 UTC 2018 /home/travis/build/icyphy/ptII/ptolemy/actor/lib/test/auto/PublisherSubscriberOpaqueD3Reverse.xml
----------------- Instantiating /home/travis/build/icyphy/ptII/ptolemy/actor/lib/test/auto/PublisherSubscriberOpaqueD3Reverse.xml
8 ms. Memory: 1250816K Free: 131389K (11%)
----------------- Invoking toplevel() on ptolemy.moml.MoMLSimpleApplication@d2502e4
----------------- Done invoking toplevel() on ptolemy.moml.MoMLSimpleApplication@d2502e4
reloadAllAccessors: .PublisherSubscriberOpaqueD3Reverse

===========================================================================================
----------------- testing Mon Aug 20 01:55:14 UTC 2018 /home/travis/build/icyphy/ptII/ptolemy/actor/lib/test/auto/PublisherSubscriberOpaqueWidthInference.xml
----------------- Instantiating /home/travis/build/icyphy/ptII/ptolemy/actor/lib/test/auto/PublisherSubscriberOpaqueWidthInference.xml
5 ms. Memory: 1250816K Free: 116036K (9%)
----------------- Invoking toplevel() on ptolemy.moml.MoMLSimpleApplication@be09e15
----------------- Done invoking toplevel() on ptolemy.moml.MoMLSimpleApplication@be09e15
reloadAllAccessors: .PublisherSubscriberOpaqueWidthInference

===========================================================================================
----------------- testing Mon Aug 20 01:55:14 UTC 2018 /home/travis/build/icyphy/ptII/ptolemy/actor/lib/test/auto/PublisherTestSubscriber.xml
----------------- Instantiating /home/travis/build/icyphy/ptII/ptolemy/actor/lib/test/auto/PublisherTestSubscriber.xml
3 ms. Memory: 1250816K Free: 95356K (8%)
----------------- Invoking toplevel() on ptolemy.moml.MoMLSimpleApplication@56d89e5
----------------- Done invoking toplevel() on ptolemy.moml.MoMLSimpleApplication@56d89e5
reloadAllAccessors: .PublisherTestSubscriber

===========================================================================================
----------------- testing Mon Aug 20 01:55:14 UTC 2018 /home/travis/build/icyphy/ptII/ptolemy/actor/lib/test/auto/PublisherToplevelSubscriberPortAOC.xml
----------------- Instantiating /home/travis/build/icyphy/ptII/ptolemy/actor/lib/test/auto/PublisherToplevelSubscriberPortAOC.xml
2 ms. Memory: 1250816K Free: 80003K (6%)
----------------- Invoking toplevel() on ptolemy.moml.MoMLSimpleApplication@14cc7125
----------------- Done invoking toplevel() on ptolemy.moml.MoMLSimpleApplication@14cc7125
reloadAllAccessors: .PublisherToplevelSubscriberPortAOC

===========================================================================================
----------------- testing Mon Aug 20 01:55:14 UTC 2018 /home/travis/build/icyphy/ptII/ptolemy/actor/lib/test/auto/PulseFiringLimitDE.xml
----------------- Instantiating /home/travis/build/icyphy/ptII/ptolemy/actor/lib/test/auto/PulseFiringLimitDE.xml
3 ms. Memory: 1250816K Free: 60647K (5%)
----------------- Invoking toplevel() on ptolemy.moml.MoMLSimpleApplication@7f24a5e5
----------------- Done invoking toplevel() on ptolemy.moml.MoMLSimpleApplication@7f24a5e5
reloadAllAccessors: .PulseFiringLimitDE

===========================================================================================
----------------- testing Mon Aug 20 01:55:14 UTC 2018 /home/travis/build/icyphy/ptII/ptolemy/actor/lib/test/auto/Ramp1.xml
----------------- Instantiating /home/travis/build/icyphy/ptII/ptolemy/actor/lib/test/auto/Ramp1.xml
1 ms. Memory: 1279488K Free: 1229082K (96%)
----------------- Invoking toplevel() on ptolemy.moml.MoMLSimpleApplication@7d57cc42
----------------- Done invoking toplevel() on ptolemy.moml.MoMLSimpleApplication@7d57cc42
reloadAllAccessors: .Ramp1

===========================================================================================
----------------- testing Mon Aug 20 01:55:14 UTC 2018 /home/travis/build/icyphy/ptII/ptolemy/actor/lib/test/auto/RampFiringLimitDE.xml
----------------- Instantiating /home/travis/build/icyphy/ptII/ptolemy/actor/lib/test/auto/RampFiringLimitDE.xml
2 ms. Memory: 1279488K Free: 1209087K (94%)
----------------- Invoking toplevel() on ptolemy.moml.MoMLSimpleApplication@340672ba
----------------- Done invoking toplevel() on ptolemy.moml.MoMLSimpleApplication@340672ba
reloadAllAccessors: .RampFiringLimitDE

===========================================================================================
----------------- testing Mon Aug 20 01:55:14 UTC 2018 /home/travis/build/icyphy/ptII/ptolemy/actor/lib/test/auto/RampFiringLimitSDF.xml
----------------- Instantiating /home/travis/build/icyphy/ptII/ptolemy/actor/lib/test/auto/RampFiringLimitSDF.xml
2 ms. Memory: 1279488K Free: 1189091K (93%)
----------------- Invoking toplevel() on ptolemy.moml.MoMLSimpleApplication@466bcf67
----------------- Done invoking toplevel() on ptolemy.moml.MoMLSimpleApplication@466bcf67
reloadAllAccessors: .RampFiringLimitSDF

===========================================================================================
----------------- testing Mon Aug 20 01:55:14 UTC 2018 /home/travis/build/icyphy/ptII/ptolemy/actor/lib/test/auto/RandomInteger.xml
----------------- Instantiating /home/travis/build/icyphy/ptII/ptolemy/actor/lib/test/auto/RandomInteger.xml
1 ms. Memory: 1279488K Free: 1173554K (92%)
----------------- Invoking toplevel() on ptolemy.moml.MoMLSimpleApplication@8535580
----------------- Done invoking toplevel() on ptolemy.moml.MoMLSimpleApplication@8535580
reloadAllAccessors: .RandomInteger

===========================================================================================
----------------- testing Mon Aug 20 01:55:14 UTC 2018 /home/travis/build/icyphy/ptII/ptolemy/actor/lib/test/auto/ReadFile1.xml
----------------- Instantiating /home/travis/build/icyphy/ptII/ptolemy/actor/lib/test/auto/ReadFile1.xml
2 ms. Memory: 1279488K Free: 1153558K (90%)
----------------- Invoking toplevel() on ptolemy.moml.MoMLSimpleApplication@282f1791
----------------- Done invoking toplevel() on ptolemy.moml.MoMLSimpleApplication@282f1791
reloadAllAccessors: .ReadFile1

===========================================================================================
----------------- testing Mon Aug 20 01:55:14 UTC 2018 /home/travis/build/icyphy/ptII/ptolemy/actor/lib/test/auto/ReadFile2.xml
----------------- Instantiating /home/travis/build/icyphy/ptII/ptolemy/actor/lib/test/auto/ReadFile2.xml
2 ms. Memory: 1279488K Free: 1138021K (89%)
----------------- Invoking toplevel() on ptolemy.moml.MoMLSimpleApplication@24771750
----------------- Done invoking toplevel() on ptolemy.moml.MoMLSimpleApplication@24771750
reloadAllAccessors: .ReadFile2

===========================================================================================
----------------- testing Mon Aug 20 01:55:14 UTC 2018 /home/travis/build/icyphy/ptII/ptolemy/actor/lib/test/auto/Reader.xml
----------------- Instantiating /home/travis/build/icyphy/ptII/ptolemy/actor/lib/test/auto/Reader.xml
actor.lib.Reader is obsolete, use actor.lib.io.ExpressionReader instead
2 ms. Memory: 1279488K Free: 1118026K (87%)
----------------- Invoking toplevel() on ptolemy.moml.MoMLSimpleApplication@16838eb
----------------- Done invoking toplevel() on ptolemy.moml.MoMLSimpleApplication@16838eb
reloadAllAccessors: .Reader

===========================================================================================
----------------- testing Mon Aug 20 01:55:14 UTC 2018 /home/travis/build/icyphy/ptII/ptolemy/actor/lib/test/auto/RecordAssemblerDisplayNameTest.xml
----------------- Instantiating /home/travis/build/icyphy/ptII/ptolemy/actor/lib/test/auto/RecordAssemblerDisplayNameTest.xml
3782 ms. Memory: 1363968K Free: 1096096K (80%)
----------------- Invoking toplevel() on ptolemy.moml.MoMLSimpleApplication@fbe67dd
----------------- Done invoking toplevel() on ptolemy.moml.MoMLSimpleApplication@fbe67dd
reloadAllAccessors: .RecordAssemblerDisplayNameTest

===========================================================================================
----------------- testing Mon Aug 20 01:55:18 UTC 2018 /home/travis/build/icyphy/ptII/ptolemy/actor/lib/test/auto/RecordAssemblerTypeError.xml
----------------- Instantiating /home/travis/build/icyphy/ptII/ptolemy/actor/lib/test/auto/RecordAssemblerTypeError.xml
9 ms. Memory: 1363968K Free: 1069837K (78%)
----------------- Invoking toplevel() on ptolemy.moml.MoMLSimpleApplication@32197d02
----------------- Done invoking toplevel() on ptolemy.moml.MoMLSimpleApplication@32197d02
reloadAllAccessors: .RecordAssemblerTypeError

===========================================================================================
----------------- testing Mon Aug 20 01:55:18 UTC 2018 /home/travis/build/icyphy/ptII/ptolemy/actor/lib/test/auto/RecordDisassember.xml
----------------- Instantiating /home/travis/build/icyphy/ptII/ptolemy/actor/lib/test/auto/RecordDisassember.xml
3 ms. Memory: 1363968K Free: 1054040K (77%)
----------------- Invoking toplevel() on ptolemy.moml.MoMLSimpleApplication@4e881266
----------------- Done invoking toplevel() on ptolemy.moml.MoMLSimpleApplication@4e881266
reloadAllAccessors: .RecordDisassember

===========================================================================================
----------------- testing Mon Aug 20 01:55:18 UTC 2018 /home/travis/build/icyphy/ptII/ptolemy/actor/lib/test/auto/RecordDisassemberDisplayNameTest.xml
----------------- Instantiating /home/travis/build/icyphy/ptII/ptolemy/actor/lib/test/auto/RecordDisassemberDisplayNameTest.xml
6 ms. Memory: 1363968K Free: 1038243K (76%)
----------------- Invoking toplevel() on ptolemy.moml.MoMLSimpleApplication@323e561c
----------------- Done invoking toplevel() on ptolemy.moml.MoMLSimpleApplication@323e561c
reloadAllAccessors: .RecordDisassemberDisplayNameTest

===========================================================================================
----------------- testing Mon Aug 20 01:55:18 UTC 2018 /home/travis/build/icyphy/ptII/ptolemy/actor/lib/test/auto/RecordDisassembler.xml
----------------- Instantiating /home/travis/build/icyphy/ptII/ptolemy/actor/lib/test/auto/RecordDisassembler.xml
3 ms. Memory: 1363968K Free: 1022446K (75%)
----------------- Invoking toplevel() on ptolemy.moml.MoMLSimpleApplication@47760c92
----------------- Done invoking toplevel() on ptolemy.moml.MoMLSimpleApplication@47760c92
reloadAllAccessors: .RecordDisassembler

===========================================================================================
----------------- testing Mon Aug 20 01:55:18 UTC 2018 /home/travis/build/icyphy/ptII/ptolemy/actor/lib/test/auto/RecordDisassembler2.xml
----------------- Instantiating /home/travis/build/icyphy/ptII/ptolemy/actor/lib/test/auto/RecordDisassembler2.xml
2 ms. Memory: 1363968K Free: 1009902K (74%)
----------------- Invoking toplevel() on ptolemy.moml.MoMLSimpleApplication@a996bcb
----------------- Done invoking toplevel() on ptolemy.moml.MoMLSimpleApplication@a996bcb
reloadAllAccessors: .RecordDisassembler2

===========================================================================================
----------------- testing Mon Aug 20 01:55:18 UTC 2018 /home/travis/build/icyphy/ptII/ptolemy/actor/lib/test/auto/RecordUpdater.xml
----------------- Instantiating /home/travis/build/icyphy/ptII/ptolemy/actor/lib/test/auto/RecordUpdater.xml
1 ms. Memory: 1363968K Free: 994105K (73%)
----------------- Invoking toplevel() on ptolemy.moml.MoMLSimpleApplication@4f0ceb80
----------------- Done invoking toplevel() on ptolemy.moml.MoMLSimpleApplication@4f0ceb80
reloadAllAccessors: .RecordUpdater

===========================================================================================
----------------- testing Mon Aug 20 01:55:18 UTC 2018 /home/travis/build/icyphy/ptII/ptolemy/actor/lib/test/auto/RecordUpdater2.xml
----------------- Instantiating /home/travis/build/icyphy/ptII/ptolemy/actor/lib/test/auto/RecordUpdater2.xml
1 ms. Memory: 1363968K Free: 978308K (72%)
----------------- Invoking toplevel() on ptolemy.moml.MoMLSimpleApplication@579f6237
----------------- Done invoking toplevel() on ptolemy.moml.MoMLSimpleApplication@579f6237
reloadAllAccessors: .RecordUpdater2

===========================================================================================
----------------- testing Mon Aug 20 01:55:18 UTC 2018 /home/travis/build/icyphy/ptII/ptolemy/actor/lib/test/auto/RecursiveLattice.xml
----------------- Instantiating /home/travis/build/icyphy/ptII/ptolemy/actor/lib/test/auto/RecursiveLattice.xml
1 ms. Memory: 1363968K Free: 962511K (71%)
----------------- Invoking toplevel() on ptolemy.moml.MoMLSimpleApplication@2cebde16
----------------- Done invoking toplevel() on ptolemy.moml.MoMLSimpleApplication@2cebde16
reloadAllAccessors: .RecursiveLattice

===========================================================================================
----------------- testing Mon Aug 20 01:55:18 UTC 2018 /home/travis/build/icyphy/ptII/ptolemy/actor/lib/test/auto/Router.xml
----------------- Instantiating /home/travis/build/icyphy/ptII/ptolemy/actor/lib/test/auto/Router.xml
3005 ms. Memory: 1363968K Free: 949967K (70%)
----------------- Invoking toplevel() on ptolemy.moml.MoMLSimpleApplication@4796ff94
----------------- Done invoking toplevel() on ptolemy.moml.MoMLSimpleApplication@4796ff94
reloadAllAccessors: .Router

===========================================================================================
----------------- testing Mon Aug 20 01:55:21 UTC 2018 /home/travis/build/icyphy/ptII/ptolemy/actor/lib/test/auto/Router2.xml
----------------- Instantiating /home/travis/build/icyphy/ptII/ptolemy/actor/lib/test/auto/Router2.xml
3003 ms. Memory: 1363968K Free: 934170K (68%)
----------------- Invoking toplevel() on ptolemy.moml.MoMLSimpleApplication@196141a1
----------------- Done invoking toplevel() on ptolemy.moml.MoMLSimpleApplication@196141a1
reloadAllAccessors: .Router2

===========================================================================================
----------------- testing Mon Aug 20 01:55:24 UTC 2018 /home/travis/build/icyphy/ptII/ptolemy/actor/lib/test/auto/RunningMaximum.xml
----------------- Instantiating /home/travis/build/icyphy/ptII/ptolemy/actor/lib/test/auto/RunningMaximum.xml
1 ms. Memory: 1363968K Free: 918373K (67%)
----------------- Invoking toplevel() on ptolemy.moml.MoMLSimpleApplication@2a8564e9
----------------- Done invoking toplevel() on ptolemy.moml.MoMLSimpleApplication@2a8564e9
reloadAllAccessors: .RunningMaximum

===========================================================================================
----------------- testing Mon Aug 20 01:55:24 UTC 2018 /home/travis/build/icyphy/ptII/ptolemy/actor/lib/test/auto/RunningMinimum.xml
----------------- Instantiating /home/travis/build/icyphy/ptII/ptolemy/actor/lib/test/auto/RunningMinimum.xml
3 ms. Memory: 1363968K Free: 902576K (66%)
----------------- Invoking toplevel() on ptolemy.moml.MoMLSimpleApplication@28f0c0b3
----------------- Done invoking toplevel() on ptolemy.moml.MoMLSimpleApplication@28f0c0b3
reloadAllAccessors: .RunningMinimum

===========================================================================================
----------------- testing Mon Aug 20 01:55:24 UTC 2018 /home/travis/build/icyphy/ptII/ptolemy/actor/lib/test/auto/Scale.xml
----------------- Instantiating /home/travis/build/icyphy/ptII/ptolemy/actor/lib/test/auto/Scale.xml
1 ms. Memory: 1363968K Free: 890032K (65%)
----------------- Invoking toplevel() on ptolemy.moml.MoMLSimpleApplication@628ee744
----------------- Done invoking toplevel() on ptolemy.moml.MoMLSimpleApplication@628ee744
reloadAllAccessors: .Scale

===========================================================================================
----------------- testing Mon Aug 20 01:55:24 UTC 2018 /home/travis/build/icyphy/ptII/ptolemy/actor/lib/test/auto/Scale2.xml
----------------- Instantiating /home/travis/build/icyphy/ptII/ptolemy/actor/lib/test/auto/Scale2.xml
1 ms. Memory: 1363968K Free: 874235K (64%)
----------------- Invoking toplevel() on ptolemy.moml.MoMLSimpleApplication@1242e71
----------------- Done invoking toplevel() on ptolemy.moml.MoMLSimpleApplication@1242e71
reloadAllAccessors: .Scale2

===========================================================================================
----------------- testing Mon Aug 20 01:55:24 UTC 2018 /home/travis/build/icyphy/ptII/ptolemy/actor/lib/test/auto/Scale3.xml
----------------- Instantiating /home/travis/build/icyphy/ptII/ptolemy/actor/lib/test/auto/Scale3.xml
7 ms. Memory: 1363968K Free: 858437K (63%)
----------------- Invoking toplevel() on ptolemy.moml.MoMLSimpleApplication@3294aa3
----------------- Done invoking toplevel() on ptolemy.moml.MoMLSimpleApplication@3294aa3
reloadAllAccessors: .Scale3

===========================================================================================
----------------- testing Mon Aug 20 01:55:24 UTC 2018 /home/travis/build/icyphy/ptII/ptolemy/actor/lib/test/auto/ScaleArray.xml
----------------- Instantiating /home/travis/build/icyphy/ptII/ptolemy/actor/lib/test/auto/ScaleArray.xml
2 ms. Memory: 1363968K Free: 842640K (62%)
----------------- Invoking toplevel() on ptolemy.moml.MoMLSimpleApplication@4852bb67
----------------- Done invoking toplevel() on ptolemy.moml.MoMLSimpleApplication@4852bb67
reloadAllAccessors: .ScaleArray

===========================================================================================
----------------- testing Mon Aug 20 01:55:24 UTC 2018 /home/travis/build/icyphy/ptII/ptolemy/actor/lib/test/auto/ScaleArray2.xml
----------------- Instantiating /home/travis/build/icyphy/ptII/ptolemy/actor/lib/test/auto/ScaleArray2.xml
1 ms. Memory: 1363968K Free: 830096K (61%)
----------------- Invoking toplevel() on ptolemy.moml.MoMLSimpleApplication@6f4123ce
----------------- Done invoking toplevel() on ptolemy.moml.MoMLSimpleApplication@6f4123ce
reloadAllAccessors: .ScaleArray2

===========================================================================================
----------------- testing Mon Aug 20 01:55:24 UTC 2018 /home/travis/build/icyphy/ptII/ptolemy/actor/lib/test/auto/ScaleMatrix.xml
----------------- Instantiating /home/travis/build/icyphy/ptII/ptolemy/actor/lib/test/auto/ScaleMatrix.xml
98 ms. Memory: 1363968K Free: 808027K (59%)
----------------- Invoking toplevel() on ptolemy.moml.MoMLSimpleApplication@77b4053a
----------------- Done invoking toplevel() on ptolemy.moml.MoMLSimpleApplication@77b4053a
reloadAllAccessors: .ScaleMatrix

===========================================================================================
----------------- testing Mon Aug 20 01:55:24 UTC 2018 /home/travis/build/icyphy/ptII/ptolemy/actor/lib/test/auto/Select.xml
----------------- Instantiating /home/travis/build/icyphy/ptII/ptolemy/actor/lib/test/auto/Select.xml
2 ms. Memory: 1363968K Free: 792230K (58%)
----------------- Invoking toplevel() on ptolemy.moml.MoMLSimpleApplication@21cf115b
----------------- Done invoking toplevel() on ptolemy.moml.MoMLSimpleApplication@21cf115b
reloadAllAccessors: .Select

===========================================================================================
----------------- testing Mon Aug 20 01:55:24 UTC 2018 /home/travis/build/icyphy/ptII/ptolemy/actor/lib/test/auto/Select2.xml
----------------- Instantiating /home/travis/build/icyphy/ptII/ptolemy/actor/lib/test/auto/Select2.xml
1 ms. Memory: 1363968K Free: 776433K (57%)
----------------- Invoking toplevel() on ptolemy.moml.MoMLSimpleApplication@6e7e0a5a
----------------- Done invoking toplevel() on ptolemy.moml.MoMLSimpleApplication@6e7e0a5a
reloadAllAccessors: .Select2

===========================================================================================
----------------- testing Mon Aug 20 01:55:24 UTC 2018 /home/travis/build/icyphy/ptII/ptolemy/actor/lib/test/auto/SequenceToArray2.xml
----------------- Instantiating /home/travis/build/icyphy/ptII/ptolemy/actor/lib/test/auto/SequenceToArray2.xml
69 ms. Memory: 1363968K Free: 694897K (51%)
----------------- Invoking toplevel() on ptolemy.moml.MoMLSimpleApplication@56c22105
----------------- Done invoking toplevel() on ptolemy.moml.MoMLSimpleApplication@56c22105
reloadAllAccessors: .SequenceToArray2

===========================================================================================
----------------- testing Mon Aug 20 01:55:24 UTC 2018 /home/travis/build/icyphy/ptII/ptolemy/actor/lib/test/auto/SequentialClock.xml
----------------- Instantiating /home/travis/build/icyphy/ptII/ptolemy/actor/lib/test/auto/SequentialClock.xml
2 ms. Memory: 1363968K Free: 679100K (50%)
----------------- Invoking toplevel() on ptolemy.moml.MoMLSimpleApplication@25725c6b
----------------- Done invoking toplevel() on ptolemy.moml.MoMLSimpleApplication@25725c6b
reloadAllAccessors: .SequentialClock

===========================================================================================
----------------- testing Mon Aug 20 01:55:24 UTC 2018 /home/travis/build/icyphy/ptII/ptolemy/actor/lib/test/auto/SetVariable.xml
----------------- Instantiating /home/travis/build/icyphy/ptII/ptolemy/actor/lib/test/auto/SetVariable.xml
3 ms. Memory: 1363968K Free: 663303K (49%)
----------------- Invoking toplevel() on ptolemy.moml.MoMLSimpleApplication@386599c2
----------------- Done invoking toplevel() on ptolemy.moml.MoMLSimpleApplication@386599c2
reloadAllAccessors: .SetVariable

===========================================================================================
----------------- testing Mon Aug 20 01:55:24 UTC 2018 /home/travis/build/icyphy/ptII/ptolemy/actor/lib/test/auto/SetVariable2.xml
----------------- Instantiating /home/travis/build/icyphy/ptII/ptolemy/actor/lib/test/auto/SetVariable2.xml
2 ms. Memory: 1363968K Free: 647506K (47%)
----------------- Invoking toplevel() on ptolemy.moml.MoMLSimpleApplication@476acf21
----------------- Done invoking toplevel() on ptolemy.moml.MoMLSimpleApplication@476acf21
reloadAllAccessors: .SetVariable2

===========================================================================================
----------------- testing Mon Aug 20 01:55:24 UTC 2018 /home/travis/build/icyphy/ptII/ptolemy/actor/lib/test/auto/SetVariable3.xml
----------------- Instantiating /home/travis/build/icyphy/ptII/ptolemy/actor/lib/test/auto/SetVariable3.xml
2 ms. Memory: 1363968K Free: 631709K (46%)
----------------- Invoking toplevel() on ptolemy.moml.MoMLSimpleApplication@14d0ac27
----------------- Done invoking toplevel() on ptolemy.moml.MoMLSimpleApplication@14d0ac27
reloadAllAccessors: .SetVariable3

===========================================================================================
----------------- testing Mon Aug 20 01:55:25 UTC 2018 /home/travis/build/icyphy/ptII/ptolemy/actor/lib/test/auto/SetVariable4.xml
----------------- Instantiating /home/travis/build/icyphy/ptII/ptolemy/actor/lib/test/auto/SetVariable4.xml
13 ms. Memory: 1363968K Free: 575260K (42%)
----------------- Invoking toplevel() on ptolemy.moml.MoMLSimpleApplication@2900a7f4
----------------- Done invoking toplevel() on ptolemy.moml.MoMLSimpleApplication@2900a7f4
reloadAllAccessors: .SetVariable4

===========================================================================================
----------------- testing Mon Aug 20 01:55:25 UTC 2018 /home/travis/build/icyphy/ptII/ptolemy/actor/lib/test/auto/SetVariable5.xml
----------------- Instantiating /home/travis/build/icyphy/ptII/ptolemy/actor/lib/test/auto/SetVariable5.xml
9 ms. Memory: 1363968K Free: 553191K (41%)
----------------- Invoking toplevel() on ptolemy.moml.MoMLSimpleApplication@593335ce
----------------- Done invoking toplevel() on ptolemy.moml.MoMLSimpleApplication@593335ce
reloadAllAccessors: .SetVariable5

===========================================================================================
----------------- testing Mon Aug 20 01:55:25 UTC 2018 /home/travis/build/icyphy/ptII/ptolemy/actor/lib/test/auto/Sinewave.xml
----------------- Instantiating /home/travis/build/icyphy/ptII/ptolemy/actor/lib/test/auto/Sinewave.xml
3 ms. Memory: 1363968K Free: 531122K (39%)
----------------- Invoking toplevel() on ptolemy.moml.MoMLSimpleApplication@226d8889
----------------- Done invoking toplevel() on ptolemy.moml.MoMLSimpleApplication@226d8889
reloadAllAccessors: .Sinewave

===========================================================================================
----------------- testing Mon Aug 20 01:55:25 UTC 2018 /home/travis/build/icyphy/ptII/ptolemy/actor/lib/test/auto/Sinewave2.xml
----------------- Instantiating /home/travis/build/icyphy/ptII/ptolemy/actor/lib/test/auto/Sinewave2.xml
5 ms. Memory: 1363968K Free: 515325K (38%)
----------------- Invoking toplevel() on ptolemy.moml.MoMLSimpleApplication@18a249a6
----------------- Done invoking toplevel() on ptolemy.moml.MoMLSimpleApplication@18a249a6
reloadAllAccessors: .Sinewave2

===========================================================================================
----------------- testing Mon Aug 20 01:55:25 UTC 2018 /home/travis/build/icyphy/ptII/ptolemy/actor/lib/test/auto/Sinewave3.xml
----------------- Instantiating /home/travis/build/icyphy/ptII/ptolemy/actor/lib/test/auto/Sinewave3.xml
6 ms. Memory: 1363968K Free: 502781K (37%)
----------------- Invoking toplevel() on ptolemy.moml.MoMLSimpleApplication@6ca1d8d5
----------------- Done invoking toplevel() on ptolemy.moml.MoMLSimpleApplication@6ca1d8d5
reloadAllAccessors: .Sinewave3

===========================================================================================
----------------- testing Mon Aug 20 01:55:25 UTC 2018 /home/travis/build/icyphy/ptII/ptolemy/actor/lib/test/auto/SingleEvent.xml
----------------- Instantiating /home/travis/build/icyphy/ptII/ptolemy/actor/lib/test/auto/SingleEvent.xml
1 ms. Memory: 1363968K Free: 486984K (36%)
----------------- Invoking toplevel() on ptolemy.moml.MoMLSimpleApplication@2ea77761
----------------- Done invoking toplevel() on ptolemy.moml.MoMLSimpleApplication@2ea77761
reloadAllAccessors: .SingleEvent

===========================================================================================
----------------- testing Mon Aug 20 01:55:25 UTC 2018 /home/travis/build/icyphy/ptII/ptolemy/actor/lib/test/auto/Sleep.xml
----------------- Instantiating /home/travis/build/icyphy/ptII/ptolemy/actor/lib/test/auto/Sleep.xml
6002 ms. Memory: 1363968K Free: 471187K (35%)
----------------- Invoking toplevel() on ptolemy.moml.MoMLSimpleApplication@3a7c29e8
----------------- Done invoking toplevel() on ptolemy.moml.MoMLSimpleApplication@3a7c29e8
reloadAllAccessors: .Sleep

===========================================================================================
----------------- testing Mon Aug 20 01:55:31 UTC 2018 /home/travis/build/icyphy/ptII/ptolemy/actor/lib/test/auto/SleepMultipleFire.xml
----------------- Instantiating /home/travis/build/icyphy/ptII/ptolemy/actor/lib/test/auto/SleepMultipleFire.xml
1005 ms. Memory: 1363968K Free: 455390K (33%)
----------------- Invoking toplevel() on ptolemy.moml.MoMLSimpleApplication@3f3d367d
----------------- Done invoking toplevel() on ptolemy.moml.MoMLSimpleApplication@3f3d367d
reloadAllAccessors: .SleepMultipleFire

===========================================================================================
----------------- testing Mon Aug 20 01:55:32 UTC 2018 /home/travis/build/icyphy/ptII/ptolemy/actor/lib/test/auto/StopDE.xml
----------------- Instantiating /home/travis/build/icyphy/ptII/ptolemy/actor/lib/test/auto/StopDE.xml
2 ms. Memory: 1363968K Free: 442846K (32%)
----------------- Invoking toplevel() on ptolemy.moml.MoMLSimpleApplication@37bb4bb9
----------------- Done invoking toplevel() on ptolemy.moml.MoMLSimpleApplication@37bb4bb9
reloadAllAccessors: .StopDE

===========================================================================================
----------------- testing Mon Aug 20 01:55:32 UTC 2018 /home/travis/build/icyphy/ptII/ptolemy/actor/lib/test/auto/StopSDF.xml
----------------- Instantiating /home/travis/build/icyphy/ptII/ptolemy/actor/lib/test/auto/StopSDF.xml
2 ms. Memory: 1363968K Free: 427049K (31%)
----------------- Invoking toplevel() on ptolemy.moml.MoMLSimpleApplication@150bdf12
----------------- Done invoking toplevel() on ptolemy.moml.MoMLSimpleApplication@150bdf12
reloadAllAccessors: .StopSDF

===========================================================================================
----------------- testing Mon Aug 20 01:55:32 UTC 2018 /home/travis/build/icyphy/ptII/ptolemy/actor/lib/test/auto/StringConstant.xml
----------------- Instantiating /home/travis/build/icyphy/ptII/ptolemy/actor/lib/test/auto/StringConstant.xml
1 ms. Memory: 1363968K Free: 411252K (30%)
----------------- Invoking toplevel() on ptolemy.moml.MoMLSimpleApplication@7b4b310d
----------------- Done invoking toplevel() on ptolemy.moml.MoMLSimpleApplication@7b4b310d
reloadAllAccessors: .StringConstant

===========================================================================================
----------------- testing Mon Aug 20 01:55:32 UTC 2018 /home/travis/build/icyphy/ptII/ptolemy/actor/lib/test/auto/SubscriberPortInitialValues1.xml
----------------- Instantiating /home/travis/build/icyphy/ptII/ptolemy/actor/lib/test/auto/SubscriberPortInitialValues1.xml
5 ms. Memory: 1363968K Free: 395454K (29%)
----------------- Invoking toplevel() on ptolemy.moml.MoMLSimpleApplication@7b331cc5
----------------- Done invoking toplevel() on ptolemy.moml.MoMLSimpleApplication@7b331cc5
reloadAllAccessors: .SubscriberPortInitialValues1

===========================================================================================
----------------- testing Mon Aug 20 01:55:32 UTC 2018 /home/travis/build/icyphy/ptII/ptolemy/actor/lib/test/auto/SubscriberPortInitialValues13.xml
----------------- Instantiating /home/travis/build/icyphy/ptII/ptolemy/actor/lib/test/auto/SubscriberPortInitialValues13.xml
3 ms. Memory: 1363968K Free: 373385K (27%)
----------------- Invoking toplevel() on ptolemy.moml.MoMLSimpleApplication@1573457d
----------------- Done invoking toplevel() on ptolemy.moml.MoMLSimpleApplication@1573457d
reloadAllAccessors: .SubscriberPortInitialValues13

===========================================================================================
----------------- testing Mon Aug 20 01:55:32 UTC 2018 /home/travis/build/icyphy/ptII/ptolemy/actor/lib/test/auto/SubscriberPortInitialValues14.xml
----------------- Instantiating /home/travis/build/icyphy/ptII/ptolemy/actor/lib/test/auto/SubscriberPortInitialValues14.xml
3 ms. Memory: 1363968K Free: 360841K (26%)
----------------- Invoking toplevel() on ptolemy.moml.MoMLSimpleApplication@73d57085
----------------- Done invoking toplevel() on ptolemy.moml.MoMLSimpleApplication@73d57085
reloadAllAccessors: .SubscriberPortInitialValues14

===========================================================================================
----------------- testing Mon Aug 20 01:55:32 UTC 2018 /home/travis/build/icyphy/ptII/ptolemy/actor/lib/test/auto/SubscriberPortInitialValues2.xml
----------------- Instantiating /home/travis/build/icyphy/ptII/ptolemy/actor/lib/test/auto/SubscriberPortInitialValues2.xml
3 ms. Memory: 1363968K Free: 345044K (25%)
----------------- Invoking toplevel() on ptolemy.moml.MoMLSimpleApplication@6a396ee
----------------- Done invoking toplevel() on ptolemy.moml.MoMLSimpleApplication@6a396ee
reloadAllAccessors: .SubscriberPortInitialValues2

===========================================================================================
----------------- testing Mon Aug 20 01:55:32 UTC 2018 /home/travis/build/icyphy/ptII/ptolemy/actor/lib/test/auto/SubscriberPortInitialValues3.xml
----------------- Instantiating /home/travis/build/icyphy/ptII/ptolemy/actor/lib/test/auto/SubscriberPortInitialValues3.xml
4 ms. Memory: 1363968K Free: 322959K (24%)
----------------- Invoking toplevel() on ptolemy.moml.MoMLSimpleApplication@34143166
----------------- Done invoking toplevel() on ptolemy.moml.MoMLSimpleApplication@34143166
reloadAllAccessors: .SubscriberPortInitialValues3

===========================================================================================
----------------- testing Mon Aug 20 01:55:32 UTC 2018 /home/travis/build/icyphy/ptII/ptolemy/actor/lib/test/auto/SubscriptionAggregator.xml
----------------- Instantiating /home/travis/build/icyphy/ptII/ptolemy/actor/lib/test/auto/SubscriptionAggregator.xml
3 ms. Memory: 1363968K Free: 307162K (23%)
----------------- Invoking toplevel() on ptolemy.moml.MoMLSimpleApplication@14ea3714
----------------- Done invoking toplevel() on ptolemy.moml.MoMLSimpleApplication@14ea3714
reloadAllAccessors: .SubscriptionAggregator

===========================================================================================
----------------- testing Mon Aug 20 01:55:32 UTC 2018 /home/travis/build/icyphy/ptII/ptolemy/actor/lib/test/auto/SubscriptionAggregator2.xml
----------------- Instantiating /home/travis/build/icyphy/ptII/ptolemy/actor/lib/test/auto/SubscriptionAggregator2.xml
2 ms. Memory: 1363968K Free: 294618K (22%)
----------------- Invoking toplevel() on ptolemy.moml.MoMLSimpleApplication@4a0d729
----------------- Done invoking toplevel() on ptolemy.moml.MoMLSimpleApplication@4a0d729
reloadAllAccessors: .SubscriptionAggregator2

===========================================================================================
----------------- testing Mon Aug 20 01:55:32 UTC 2018 /home/travis/build/icyphy/ptII/ptolemy/actor/lib/test/auto/SubscriptionAggregator3.xml
----------------- Instantiating /home/travis/build/icyphy/ptII/ptolemy/actor/lib/test/auto/SubscriptionAggregator3.xml
2 ms. Memory: 1363968K Free: 272533K (20%)
----------------- Invoking toplevel() on ptolemy.moml.MoMLSimpleApplication@46f261b5
----------------- Done invoking toplevel() on ptolemy.moml.MoMLSimpleApplication@46f261b5
reloadAllAccessors: .SubscriptionAggregator3

===========================================================================================
----------------- testing Mon Aug 20 01:55:32 UTC 2018 /home/travis/build/icyphy/ptII/ptolemy/actor/lib/test/auto/SubscriptionAggregatorMultiply.xml
----------------- Instantiating /home/travis/build/icyphy/ptII/ptolemy/actor/lib/test/auto/SubscriptionAggregatorMultiply.xml
2 ms. Memory: 1363968K Free: 256736K (19%)
----------------- Invoking toplevel() on ptolemy.moml.MoMLSimpleApplication@b8de5b1
----------------- Done invoking toplevel() on ptolemy.moml.MoMLSimpleApplication@b8de5b1
reloadAllAccessors: .SubscriptionAggregatorMultiply

===========================================================================================
----------------- testing Mon Aug 20 01:55:32 UTC 2018 /home/travis/build/icyphy/ptII/ptolemy/actor/lib/test/auto/SubscriptionAggregatorPortMultiply1.xml
----------------- Instantiating /home/travis/build/icyphy/ptII/ptolemy/actor/lib/test/auto/SubscriptionAggregatorPortMultiply1.xml
3 ms. Memory: 1363968K Free: 240939K (18%)
----------------- Invoking toplevel() on ptolemy.moml.MoMLSimpleApplication@2da58046
----------------- Done invoking toplevel() on ptolemy.moml.MoMLSimpleApplication@2da58046
reloadAllAccessors: .SubscriptionAggregatorPortMultiply1

===========================================================================================
----------------- testing Mon Aug 20 01:55:32 UTC 2018 /home/travis/build/icyphy/ptII/ptolemy/actor/lib/test/auto/Switch.xml
----------------- Instantiating /home/travis/build/icyphy/ptII/ptolemy/actor/lib/test/auto/Switch.xml
4 ms. Memory: 1363968K Free: 187510K (14%)
----------------- Invoking toplevel() on ptolemy.moml.MoMLSimpleApplication@5004160
----------------- Done invoking toplevel() on ptolemy.moml.MoMLSimpleApplication@5004160
reloadAllAccessors: .Switch

===========================================================================================
----------------- testing Mon Aug 20 01:55:32 UTC 2018 /home/travis/build/icyphy/ptII/ptolemy/actor/lib/test/auto/Switch2.xml
----------------- Instantiating /home/travis/build/icyphy/ptII/ptolemy/actor/lib/test/auto/Switch2.xml
2 ms. Memory: 1363968K Free: 174966K (13%)
----------------- Invoking toplevel() on ptolemy.moml.MoMLSimpleApplication@6246fb21
----------------- Done invoking toplevel() on ptolemy.moml.MoMLSimpleApplication@6246fb21
reloadAllAccessors: .Switch2

===========================================================================================
----------------- testing Mon Aug 20 01:55:32 UTC 2018 /home/travis/build/icyphy/ptII/ptolemy/actor/lib/test/auto/SwitchDE.xml
----------------- Instantiating /home/travis/build/icyphy/ptII/ptolemy/actor/lib/test/auto/SwitchDE.xml
10 ms. Memory: 1363968K Free: 159169K (12%)
----------------- Invoking toplevel() on ptolemy.moml.MoMLSimpleApplication@2bbf71c9
----------------- Done invoking toplevel() on ptolemy.moml.MoMLSimpleApplication@2bbf71c9
reloadAllAccessors: .SwitchDE

===========================================================================================
----------------- testing Mon Aug 20 01:55:32 UTC 2018 /home/travis/build/icyphy/ptII/ptolemy/actor/lib/test/auto/SynchronizerDE.xml
----------------- Instantiating /home/travis/build/icyphy/ptII/ptolemy/actor/lib/test/auto/SynchronizerDE.xml
11 ms. Memory: 1363968K Free: 137091K (10%)
----------------- Invoking toplevel() on ptolemy.moml.MoMLSimpleApplication@544ded6b
----------------- Done invoking toplevel() on ptolemy.moml.MoMLSimpleApplication@544ded6b
reloadAllAccessors: .SynchronizerDE

===========================================================================================
----------------- testing Mon Aug 20 01:55:32 UTC 2018 /home/travis/build/icyphy/ptII/ptolemy/actor/lib/test/auto/Test.xml
----------------- Instantiating /home/travis/build/icyphy/ptII/ptolemy/actor/lib/test/auto/Test.xml
1 ms. Memory: 1363968K Free: 121294K (9%)
----------------- Invoking toplevel() on ptolemy.moml.MoMLSimpleApplication@308d095f
----------------- Done invoking toplevel() on ptolemy.moml.MoMLSimpleApplication@308d095f
reloadAllAccessors: .Test

===========================================================================================
----------------- testing Mon Aug 20 01:55:32 UTC 2018 /home/travis/build/icyphy/ptII/ptolemy/actor/lib/test/auto/TestExceptionAttribute1.xml
----------------- Instantiating /home/travis/build/icyphy/ptII/ptolemy/actor/lib/test/auto/TestExceptionAttribute1.xml
2 ms. Memory: 1363968K Free: 108750K (8%)
----------------- Invoking toplevel() on ptolemy.moml.MoMLSimpleApplication@7744949a
----------------- Done invoking toplevel() on ptolemy.moml.MoMLSimpleApplication@7744949a
reloadAllAccessors: .TestExceptionAttribute1

===========================================================================================
----------------- testing Mon Aug 20 01:55:32 UTC 2018 /home/travis/build/icyphy/ptII/ptolemy/actor/lib/test/auto/TestExceptionAttribute2.xml
----------------- Instantiating /home/travis/build/icyphy/ptII/ptolemy/actor/lib/test/auto/TestExceptionAttribute2.xml
2 ms. Memory: 1363968K Free: 92953K (7%)
----------------- Invoking toplevel() on ptolemy.moml.MoMLSimpleApplication@5bf5b19
----------------- Done invoking toplevel() on ptolemy.moml.MoMLSimpleApplication@5bf5b19
reloadAllAccessors: .TestExceptionAttribute2

===========================================================================================
----------------- testing Mon Aug 20 01:55:32 UTC 2018 /home/travis/build/icyphy/ptII/ptolemy/actor/lib/test/auto/TestExceptionAttribute3.xml
----------------- Instantiating /home/travis/build/icyphy/ptII/ptolemy/actor/lib/test/auto/TestExceptionAttribute3.xml
.TestExceptionAttribute3.TestExceptionAttribute: initialize() was not invoked, but wrapup() was.  This is unusual, but not always a problem.  For example, exporting JNLP will do this.
1 ms. Memory: 1363968K Free: 77156K (6%)
----------------- Invoking toplevel() on ptolemy.moml.MoMLSimpleApplication@2080d7ad
----------------- Done invoking toplevel() on ptolemy.moml.MoMLSimpleApplication@2080d7ad
reloadAllAccessors: .TestExceptionAttribute3

===========================================================================================
----------------- testing Mon Aug 20 01:55:32 UTC 2018 /home/travis/build/icyphy/ptII/ptolemy/actor/lib/test/auto/TestExceptionAttribute4.xml
----------------- Instantiating /home/travis/build/icyphy/ptII/ptolemy/actor/lib/test/auto/TestExceptionAttribute4.xml
.TestExceptionAttribute4.TestExceptionAttribute: initialize() was not invoked, but wrapup() was.  This is unusual, but not always a problem.  For example, exporting JNLP will do this.
.TestExceptionAttribute4.TestExceptionAttribute2: initialize() was not invoked, but wrapup() was.  This is unusual, but not always a problem.  For example, exporting JNLP will do this.
10 ms. Memory: 1367552K Free: 1321913K (97%)
----------------- Invoking toplevel() on ptolemy.moml.MoMLSimpleApplication@33151453
----------------- Done invoking toplevel() on ptolemy.moml.MoMLSimpleApplication@33151453
reloadAllAccessors: .TestExceptionAttribute4

===========================================================================================
----------------- testing Mon Aug 20 01:55:32 UTC 2018 /home/travis/build/icyphy/ptII/ptolemy/actor/lib/test/auto/TestExceptionHandler1.xml
----------------- Instantiating /home/travis/build/icyphy/ptII/ptolemy/actor/lib/test/auto/TestExceptionHandler1.xml
1 ms. Memory: 1367552K Free: 1303135K (95%)
----------------- Invoking toplevel() on ptolemy.moml.MoMLSimpleApplication@6b8158e9
----------------- Done invoking toplevel() on ptolemy.moml.MoMLSimpleApplication@6b8158e9
reloadAllAccessors: .TestExceptionHandler1

===========================================================================================
----------------- testing Mon Aug 20 01:55:32 UTC 2018 /home/travis/build/icyphy/ptII/ptolemy/actor/lib/test/auto/TestExceptionHandler2.xml
----------------- Instantiating /home/travis/build/icyphy/ptII/ptolemy/actor/lib/test/auto/TestExceptionHandler2.xml
1 ms. Memory: 1367552K Free: 1287494K (94%)
----------------- Invoking toplevel() on ptolemy.moml.MoMLSimpleApplication@636f7490
----------------- Done invoking toplevel() on ptolemy.moml.MoMLSimpleApplication@636f7490
reloadAllAccessors: .TestExceptionHandler2

===========================================================================================
----------------- testing Mon Aug 20 01:55:32 UTC 2018 /home/travis/build/icyphy/ptII/ptolemy/actor/lib/test/auto/TestExceptionHandler3.xml
----------------- Instantiating /home/travis/build/icyphy/ptII/ptolemy/actor/lib/test/auto/TestExceptionHandler3.xml
1 ms. Memory: 1367552K Free: 1271852K (93%)
----------------- Invoking toplevel() on ptolemy.moml.MoMLSimpleApplication@40eb984a
----------------- Done invoking toplevel() on ptolemy.moml.MoMLSimpleApplication@40eb984a
reloadAllAccessors: .TestExceptionHandler3

===========================================================================================
----------------- testing Mon Aug 20 01:55:32 UTC 2018 /home/travis/build/icyphy/ptII/ptolemy/actor/lib/test/auto/TestExceptionHandler4.xml
----------------- Instantiating /home/travis/build/icyphy/ptII/ptolemy/actor/lib/test/auto/TestExceptionHandler4.xml
0 ms. Memory: 1367552K Free: 1256210K (92%)
----------------- Invoking toplevel() on ptolemy.moml.MoMLSimpleApplication@2f104c0e
----------------- Done invoking toplevel() on ptolemy.moml.MoMLSimpleApplication@2f104c0e
reloadAllAccessors: .TestExceptionHandler4

===========================================================================================
----------------- testing Mon Aug 20 01:55:32 UTC 2018 /home/travis/build/icyphy/ptII/ptolemy/actor/lib/test/auto/TestRequireCorrectOrder.xml
----------------- Instantiating /home/travis/build/icyphy/ptII/ptolemy/actor/lib/test/auto/TestRequireCorrectOrder.xml
2 ms. Memory: 1367552K Free: 1240569K (91%)
----------------- Invoking toplevel() on ptolemy.moml.MoMLSimpleApplication@3cce123e
----------------- Done invoking toplevel() on ptolemy.moml.MoMLSimpleApplication@3cce123e
reloadAllAccessors: .TestRequireCorrectOrder

===========================================================================================
----------------- testing Mon Aug 20 01:55:32 UTC 2018 /home/travis/build/icyphy/ptII/ptolemy/actor/lib/test/auto/TestSimple.xml
----------------- Instantiating /home/travis/build/icyphy/ptII/ptolemy/actor/lib/test/auto/TestSimple.xml
2 ms. Memory: 1367552K Free: 1228025K (90%)
----------------- Invoking toplevel() on ptolemy.moml.MoMLSimpleApplication@74263d14
----------------- Done invoking toplevel() on ptolemy.moml.MoMLSimpleApplication@74263d14
reloadAllAccessors: .TestSimple

===========================================================================================
----------------- testing Mon Aug 20 01:55:32 UTC 2018 /home/travis/build/icyphy/ptII/ptolemy/actor/lib/test/auto/ThrowModelError.xml
----------------- Instantiating /home/travis/build/icyphy/ptII/ptolemy/actor/lib/test/auto/ThrowModelError.xml
2 ms. Memory: 1367552K Free: 1212383K (89%)
----------------- Invoking toplevel() on ptolemy.moml.MoMLSimpleApplication@73791b0f
----------------- Done invoking toplevel() on ptolemy.moml.MoMLSimpleApplication@73791b0f
reloadAllAccessors: .ThrowModelError

===========================================================================================
----------------- testing Mon Aug 20 01:55:32 UTC 2018 /home/travis/build/icyphy/ptII/ptolemy/actor/lib/test/auto/TimeDelayMicrosteps.xml
----------------- Instantiating /home/travis/build/icyphy/ptII/ptolemy/actor/lib/test/auto/TimeDelayMicrosteps.xml
3 ms. Memory: 1367552K Free: 1196741K (88%)
----------------- Invoking toplevel() on ptolemy.moml.MoMLSimpleApplication@573841fe
----------------- Done invoking toplevel() on ptolemy.moml.MoMLSimpleApplication@573841fe
reloadAllAccessors: .TimeDelayMicrosteps

===========================================================================================
----------------- testing Mon Aug 20 01:55:32 UTC 2018 /home/travis/build/icyphy/ptII/ptolemy/actor/lib/test/auto/TimeDelayMicrosteps2.xml
----------------- Instantiating /home/travis/build/icyphy/ptII/ptolemy/actor/lib/test/auto/TimeDelayMicrosteps2.xml
3 ms. Memory: 1367552K Free: 1181099K (86%)
----------------- Invoking toplevel() on ptolemy.moml.MoMLSimpleApplication@293d3470
----------------- Done invoking toplevel() on ptolemy.moml.MoMLSimpleApplication@293d3470
reloadAllAccessors: .TimeDelayMicrosteps2

===========================================================================================
----------------- testing Mon Aug 20 01:55:32 UTC 2018 /home/travis/build/icyphy/ptII/ptolemy/actor/lib/test/auto/TimeDelayMicrosteps3.xml
----------------- Instantiating /home/travis/build/icyphy/ptII/ptolemy/actor/lib/test/auto/TimeDelayMicrosteps3.xml
3 ms. Memory: 1367552K Free: 1165458K (85%)
----------------- Invoking toplevel() on ptolemy.moml.MoMLSimpleApplication@16f76332
----------------- Done invoking toplevel() on ptolemy.moml.MoMLSimpleApplication@16f76332
reloadAllAccessors: .TimeDelayMicrosteps3

===========================================================================================
----------------- testing Mon Aug 20 01:55:32 UTC 2018 /home/travis/build/icyphy/ptII/ptolemy/actor/lib/test/auto/TimeDelayVariableMicrosteps.xml
----------------- Instantiating /home/travis/build/icyphy/ptII/ptolemy/actor/lib/test/auto/TimeDelayVariableMicrosteps.xml
2 ms. Memory: 1367552K Free: 1152914K (84%)
----------------- Invoking toplevel() on ptolemy.moml.MoMLSimpleApplication@7ec68a38
----------------- Done invoking toplevel() on ptolemy.moml.MoMLSimpleApplication@7ec68a38
reloadAllAccessors: .TimeDelayVariableMicrosteps

===========================================================================================
----------------- testing Mon Aug 20 01:55:32 UTC 2018 /home/travis/build/icyphy/ptII/ptolemy/actor/lib/test/auto/TimeGap.xml
----------------- Instantiating /home/travis/build/icyphy/ptII/ptolemy/actor/lib/test/auto/TimeGap.xml
2 ms. Memory: 1367552K Free: 1137267K (83%)
----------------- Invoking toplevel() on ptolemy.moml.MoMLSimpleApplication@35250252
----------------- Done invoking toplevel() on ptolemy.moml.MoMLSimpleApplication@35250252
reloadAllAccessors: .TimeGap

===========================================================================================
----------------- testing Mon Aug 20 01:55:32 UTC 2018 /home/travis/build/icyphy/ptII/ptolemy/actor/lib/test/auto/TimeGap2.xml
----------------- Instantiating /home/travis/build/icyphy/ptII/ptolemy/actor/lib/test/auto/TimeGap2.xml
2 ms. Memory: 1367552K Free: 1121625K (82%)
----------------- Invoking toplevel() on ptolemy.moml.MoMLSimpleApplication@320dc81a
----------------- Done invoking toplevel() on ptolemy.moml.MoMLSimpleApplication@320dc81a
reloadAllAccessors: .TimeGap2

===========================================================================================
----------------- testing Mon Aug 20 01:55:32 UTC 2018 /home/travis/build/icyphy/ptII/ptolemy/actor/lib/test/auto/TimedSinewave.xml
----------------- Instantiating /home/travis/build/icyphy/ptII/ptolemy/actor/lib/test/auto/TimedSinewave.xml
14 ms. Memory: 1367552K Free: 1099711K (80%)
----------------- Invoking toplevel() on ptolemy.moml.MoMLSimpleApplication@2ec0237c
----------------- Done invoking toplevel() on ptolemy.moml.MoMLSimpleApplication@2ec0237c
reloadAllAccessors: .TimedSinewave

===========================================================================================
----------------- testing Mon Aug 20 01:55:32 UTC 2018 /home/travis/build/icyphy/ptII/ptolemy/actor/lib/test/auto/TimedSinewavePhase.xml
----------------- Instantiating /home/travis/build/icyphy/ptII/ptolemy/actor/lib/test/auto/TimedSinewavePhase.xml
10 ms. Memory: 1367552K Free: 1077782K (79%)
----------------- Invoking toplevel() on ptolemy.moml.MoMLSimpleApplication@7ad7d395
----------------- Done invoking toplevel() on ptolemy.moml.MoMLSimpleApplication@7ad7d395
reloadAllAccessors: .TimedSinewavePhase

===========================================================================================
----------------- testing Mon Aug 20 01:55:32 UTC 2018 /home/travis/build/icyphy/ptII/ptolemy/actor/lib/test/auto/Timer.xml
----------------- Instantiating /home/travis/build/icyphy/ptII/ptolemy/actor/lib/test/auto/Timer.xml
2 ms. Memory: 1367552K Free: 1065238K (78%)
----------------- Invoking toplevel() on ptolemy.moml.MoMLSimpleApplication@41d24dd1
----------------- Done invoking toplevel() on ptolemy.moml.MoMLSimpleApplication@41d24dd1
reloadAllAccessors: .Timer

===========================================================================================
----------------- testing Mon Aug 20 01:55:33 UTC 2018 /home/travis/build/icyphy/ptII/ptolemy/actor/lib/test/auto/TriangularDistTestModel.xml
----------------- Instantiating /home/travis/build/icyphy/ptII/ptolemy/actor/lib/test/auto/TriangularDistTestModel.xml
2 ms. Memory: 1367552K Free: 1049596K (77%)
----------------- Invoking toplevel() on ptolemy.moml.MoMLSimpleApplication@4eb4d7cc
----------------- Done invoking toplevel() on ptolemy.moml.MoMLSimpleApplication@4eb4d7cc
reloadAllAccessors: .TriangularDistTestModel

===========================================================================================
----------------- testing Mon Aug 20 01:55:33 UTC 2018 /home/travis/build/icyphy/ptII/ptolemy/actor/lib/test/auto/TrigFunction.xml
----------------- Instantiating /home/travis/build/icyphy/ptII/ptolemy/actor/lib/test/auto/TrigFunction.xml
1 ms. Memory: 1367552K Free: 1033955K (76%)
----------------- Invoking toplevel() on ptolemy.moml.MoMLSimpleApplication@2982775e
----------------- Done invoking toplevel() on ptolemy.moml.MoMLSimpleApplication@2982775e
reloadAllAccessors: .TrigFunction

===========================================================================================
----------------- testing Mon Aug 20 01:55:33 UTC 2018 /home/travis/build/icyphy/ptII/ptolemy/actor/lib/test/auto/TrigFunctionDE.xml
----------------- Instantiating /home/travis/build/icyphy/ptII/ptolemy/actor/lib/test/auto/TrigFunctionDE.xml
1 ms. Memory: 1367552K Free: 1018313K (74%)
----------------- Invoking toplevel() on ptolemy.moml.MoMLSimpleApplication@76648467
----------------- Done invoking toplevel() on ptolemy.moml.MoMLSimpleApplication@76648467
reloadAllAccessors: .TrigFunctionDE

===========================================================================================
----------------- testing Mon Aug 20 01:55:33 UTC 2018 /home/travis/build/icyphy/ptII/ptolemy/actor/lib/test/auto/TrigFunctionInverse.xml
----------------- Instantiating /home/travis/build/icyphy/ptII/ptolemy/actor/lib/test/auto/TrigFunctionInverse.xml
2 ms. Memory: 1367552K Free: 1002672K (73%)
----------------- Invoking toplevel() on ptolemy.moml.MoMLSimpleApplication@645c7b59
----------------- Done invoking toplevel() on ptolemy.moml.MoMLSimpleApplication@645c7b59
reloadAllAccessors: .TrigFunctionInverse

===========================================================================================
----------------- testing Mon Aug 20 01:55:33 UTC 2018 /home/travis/build/icyphy/ptII/ptolemy/actor/lib/test/auto/TrigFunctionTan.xml
----------------- Instantiating /home/travis/build/icyphy/ptII/ptolemy/actor/lib/test/auto/TrigFunctionTan.xml
2 ms. Memory: 1367552K Free: 990127K (72%)
----------------- Invoking toplevel() on ptolemy.moml.MoMLSimpleApplication@719cb3ce
----------------- Done invoking toplevel() on ptolemy.moml.MoMLSimpleApplication@719cb3ce
reloadAllAccessors: .TrigFunctionTan

===========================================================================================
----------------- testing Mon Aug 20 01:55:33 UTC 2018 /home/travis/build/icyphy/ptII/ptolemy/actor/lib/test/auto/TriggeredClock.xml
----------------- Instantiating /home/travis/build/icyphy/ptII/ptolemy/actor/lib/test/auto/TriggeredClock.xml
1 ms. Memory: 1367552K Free: 974486K (71%)
----------------- Invoking toplevel() on ptolemy.moml.MoMLSimpleApplication@694a595c
----------------- Done invoking toplevel() on ptolemy.moml.MoMLSimpleApplication@694a595c
reloadAllAccessors: .TriggeredClock

===========================================================================================
----------------- testing Mon Aug 20 01:55:33 UTC 2018 /home/travis/build/icyphy/ptII/ptolemy/actor/lib/test/auto/URLDirectoryReader.xml
----------------- Instantiating /home/travis/build/icyphy/ptII/ptolemy/actor/lib/test/auto/URLDirectoryReader.xml
24 ms. Memory: 1367552K Free: 958844K (70%)
----------------- Invoking toplevel() on ptolemy.moml.MoMLSimpleApplication@7c328360
----------------- Done invoking toplevel() on ptolemy.moml.MoMLSimpleApplication@7c328360
reloadAllAccessors: .URLDirectoryReader

===========================================================================================
----------------- testing Mon Aug 20 01:55:33 UTC 2018 /home/travis/build/icyphy/ptII/ptolemy/actor/lib/test/auto/URLDirectoryReader3.xml
----------------- Instantiating /home/travis/build/icyphy/ptII/ptolemy/actor/lib/test/auto/URLDirectoryReader3.xml
1338 ms. Memory: 1367552K Free: 899285K (66%)
----------------- Invoking toplevel() on ptolemy.moml.MoMLSimpleApplication@7bca4c37
----------------- Done invoking toplevel() on ptolemy.moml.MoMLSimpleApplication@7bca4c37
reloadAllAccessors: .URLDirectoryReader3

===========================================================================================
----------------- testing Mon Aug 20 01:55:34 UTC 2018 /home/travis/build/icyphy/ptII/ptolemy/actor/lib/test/auto/UnaryMathFunction.xml
----------------- Instantiating /home/travis/build/icyphy/ptII/ptolemy/actor/lib/test/auto/UnaryMathFunction.xml
6 ms. Memory: 1367552K Free: 883643K (65%)
----------------- Invoking toplevel() on ptolemy.moml.MoMLSimpleApplication@65e8e85d
----------------- Done invoking toplevel() on ptolemy.moml.MoMLSimpleApplication@65e8e85d
reloadAllAccessors: .UnaryMathFunction

===========================================================================================
----------------- testing Mon Aug 20 01:55:34 UTC 2018 /home/travis/build/icyphy/ptII/ptolemy/actor/lib/test/auto/Uniform.xml
----------------- Instantiating /home/travis/build/icyphy/ptII/ptolemy/actor/lib/test/auto/Uniform.xml
10 ms. Memory: 1367552K Free: 868002K (63%)
----------------- Invoking toplevel() on ptolemy.moml.MoMLSimpleApplication@17c62b65
----------------- Done invoking toplevel() on ptolemy.moml.MoMLSimpleApplication@17c62b65
reloadAllAccessors: .Uniform

===========================================================================================
----------------- testing Mon Aug 20 01:55:34 UTC 2018 /home/travis/build/icyphy/ptII/ptolemy/actor/lib/test/auto/UnionDisassemblerTest.xml
----------------- Instantiating /home/travis/build/icyphy/ptII/ptolemy/actor/lib/test/auto/UnionDisassemblerTest.xml
12 ms. Memory: 1367552K Free: 855458K (63%)
----------------- Invoking toplevel() on ptolemy.moml.MoMLSimpleApplication@593417cb
----------------- Done invoking toplevel() on ptolemy.moml.MoMLSimpleApplication@593417cb
reloadAllAccessors: .UnionDisassemblerTest

===========================================================================================
----------------- testing Mon Aug 20 01:55:34 UTC 2018 /home/travis/build/icyphy/ptII/ptolemy/actor/lib/test/auto/UtilityFunctions.xml
----------------- Instantiating /home/travis/build/icyphy/ptII/ptolemy/actor/lib/test/auto/UtilityFunctions.xml
10 ms. Memory: 1367552K Free: 839816K (61%)
----------------- Invoking toplevel() on ptolemy.moml.MoMLSimpleApplication@4db3b20f
----------------- Done invoking toplevel() on ptolemy.moml.MoMLSimpleApplication@4db3b20f
reloadAllAccessors: .UtilityFunctions

===========================================================================================
----------------- testing Mon Aug 20 01:55:34 UTC 2018 /home/travis/build/icyphy/ptII/ptolemy/actor/lib/test/auto/VariableSleep.xml
----------------- Instantiating /home/travis/build/icyphy/ptII/ptolemy/actor/lib/test/auto/VariableSleep.xml
502 ms. Memory: 1367552K Free: 824175K (60%)
----------------- Invoking toplevel() on ptolemy.moml.MoMLSimpleApplication@41bd77d6
----------------- Done invoking toplevel() on ptolemy.moml.MoMLSimpleApplication@41bd77d6
reloadAllAccessors: .VariableSleep

===========================================================================================
----------------- testing Mon Aug 20 01:55:35 UTC 2018 /home/travis/build/icyphy/ptII/ptolemy/actor/lib/test/auto/VectorAssemblerDisassemblerCT.xml
----------------- Instantiating /home/travis/build/icyphy/ptII/ptolemy/actor/lib/test/auto/VectorAssemblerDisassemblerCT.xml
77 ms. Memory: 1367552K Free: 795951K (58%)
----------------- Invoking toplevel() on ptolemy.moml.MoMLSimpleApplication@14bc04fb
----------------- Done invoking toplevel() on ptolemy.moml.MoMLSimpleApplication@14bc04fb
reloadAllAccessors: .VectorAssemblerDisassemblerCT

===========================================================================================
----------------- testing Mon Aug 20 01:55:35 UTC 2018 /home/travis/build/icyphy/ptII/ptolemy/actor/lib/test/auto/VectorAssemblerDisassemblerDE.xml
----------------- Instantiating /home/travis/build/icyphy/ptII/ptolemy/actor/lib/test/auto/VectorAssemblerDisassemblerDE.xml
2 ms. Memory: 1367552K Free: 780310K (57%)
----------------- Invoking toplevel() on ptolemy.moml.MoMLSimpleApplication@3ef5dda5
----------------- Done invoking toplevel() on ptolemy.moml.MoMLSimpleApplication@3ef5dda5
reloadAllAccessors: .VectorAssemblerDisassemblerDE

===========================================================================================
----------------- testing Mon Aug 20 01:55:35 UTC 2018 /home/travis/build/icyphy/ptII/ptolemy/actor/lib/test/auto/VectorAssemblerDisassemblerSDF.xml
----------------- Instantiating /home/travis/build/icyphy/ptII/ptolemy/actor/lib/test/auto/VectorAssemblerDisassemblerSDF.xml
2 ms. Memory: 1367552K Free: 767766K (56%)
----------------- Invoking toplevel() on ptolemy.moml.MoMLSimpleApplication@2e49a0d9
----------------- Done invoking toplevel() on ptolemy.moml.MoMLSimpleApplication@2e49a0d9
reloadAllAccessors: .VectorAssemblerDisassemblerSDF

===========================================================================================
----------------- testing Mon Aug 20 01:55:35 UTC 2018 /home/travis/build/icyphy/ptII/ptolemy/actor/lib/test/auto/WallClockTime.xml
----------------- Instantiating /home/travis/build/icyphy/ptII/ptolemy/actor/lib/test/auto/WallClockTime.xml
1004 ms. Memory: 1367552K Free: 752124K (55%)
----------------- Invoking toplevel() on ptolemy.moml.MoMLSimpleApplication@267eed6b
----------------- Done invoking toplevel() on ptolemy.moml.MoMLSimpleApplication@267eed6b
reloadAllAccessors: .WallClockTime

===========================================================================================
----------------- testing Mon Aug 20 01:55:36 UTC 2018 /home/travis/build/icyphy/ptII/ptolemy/actor/lib/test/auto/WidthTestWithSubscriberPublisher.xml
----------------- Instantiating /home/travis/build/icyphy/ptII/ptolemy/actor/lib/test/auto/WidthTestWithSubscriberPublisher.xml
6 ms. Memory: 1367552K Free: 723906K (53%)
----------------- Invoking toplevel() on ptolemy.moml.MoMLSimpleApplication@5c6d5c3e
----------------- Done invoking toplevel() on ptolemy.moml.MoMLSimpleApplication@5c6d5c3e
reloadAllAccessors: .WidthTestWithSubscriberPublisher

===========================================================================================
----------------- testing Mon Aug 20 01:55:36 UTC 2018 /home/travis/build/icyphy/ptII/ptolemy/actor/lib/test/auto/WidthTestWithSubscriberPublisher2.xml
----------------- Instantiating /home/travis/build/icyphy/ptII/ptolemy/actor/lib/test/auto/WidthTestWithSubscriberPublisher2.xml
2 ms. Memory: 1367552K Free: 708265K (52%)
----------------- Invoking toplevel() on ptolemy.moml.MoMLSimpleApplication@4de2581a
----------------- Done invoking toplevel() on ptolemy.moml.MoMLSimpleApplication@4de2581a
reloadAllAccessors: .WidthTestWithSubscriberPublisher2

===========================================================================================
----------------- testing Mon Aug 20 01:55:36 UTC 2018 /home/travis/build/icyphy/ptII/ptolemy/actor/lib/test/auto/WidthTestWithSubscriberPublisher3.xml
----------------- Instantiating /home/travis/build/icyphy/ptII/ptolemy/actor/lib/test/auto/WidthTestWithSubscriberPublisher3.xml
2 ms. Memory: 1367552K Free: 692623K (51%)
----------------- Invoking toplevel() on ptolemy.moml.MoMLSimpleApplication@68155ff
----------------- Done invoking toplevel() on ptolemy.moml.MoMLSimpleApplication@68155ff
reloadAllAccessors: .WidthTestWithSubscriberPublisher3

===========================================================================================
----------------- testing Mon Aug 20 01:55:36 UTC 2018 /home/travis/build/icyphy/ptII/ptolemy/actor/lib/test/auto/Writer.xml
----------------- Instantiating /home/travis/build/icyphy/ptII/ptolemy/actor/lib/test/auto/Writer.xml
0
1
2
3
4
1 ms. Memory: 1367552K Free: 676981K (50%)
----------------- Invoking toplevel() on ptolemy.moml.MoMLSimpleApplication@14a11355
----------------- Done invoking toplevel() on ptolemy.moml.MoMLSimpleApplication@14a11355
reloadAllAccessors: .Writer

===========================================================================================
----------------- testing Mon Aug 20 01:55:36 UTC 2018 /home/travis/build/icyphy/ptII/ptolemy/actor/lib/test/auto/array.xml
----------------- Instantiating /home/travis/build/icyphy/ptII/ptolemy/actor/lib/test/auto/array.xml
2 ms. Memory: 1367552K Free: 664437K (49%)
----------------- Invoking toplevel() on ptolemy.moml.MoMLSimpleApplication@53ad6a2a
----------------- Done invoking toplevel() on ptolemy.moml.MoMLSimpleApplication@53ad6a2a
reloadAllAccessors: .array

===========================================================================================
----------------- testing Mon Aug 20 01:55:36 UTC 2018 /home/travis/build/icyphy/ptII/ptolemy/actor/lib/test/auto/array2.xml
----------------- Instantiating /home/travis/build/icyphy/ptII/ptolemy/actor/lib/test/auto/array2.xml
2 ms. Memory: 1367552K Free: 648796K (47%)
----------------- Invoking toplevel() on ptolemy.moml.MoMLSimpleApplication@1a239e4f
----------------- Done invoking toplevel() on ptolemy.moml.MoMLSimpleApplication@1a239e4f
reloadAllAccessors: .array2

===========================================================================================
----------------- testing Mon Aug 20 01:55:36 UTC 2018 /home/travis/build/icyphy/ptII/ptolemy/actor/lib/test/auto/arrayType.xml
----------------- Instantiating /home/travis/build/icyphy/ptII/ptolemy/actor/lib/test/auto/arrayType.xml
1 ms. Memory: 1367552K Free: 633154K (46%)
----------------- Invoking toplevel() on ptolemy.moml.MoMLSimpleApplication@25588c29
----------------- Done invoking toplevel() on ptolemy.moml.MoMLSimpleApplication@25588c29
reloadAllAccessors: .arrayType

===========================================================================================
----------------- testing Mon Aug 20 01:55:36 UTC 2018 /home/travis/build/icyphy/ptII/ptolemy/actor/lib/test/auto/arrayType10.xml
----------------- Instantiating /home/travis/build/icyphy/ptII/ptolemy/actor/lib/test/auto/arrayType10.xml
2 ms. Memory: 1367552K Free: 617512K (45%)
----------------- Invoking toplevel() on ptolemy.moml.MoMLSimpleApplication@56266c8c
----------------- Done invoking toplevel() on ptolemy.moml.MoMLSimpleApplication@56266c8c
reloadAllAccessors: .arrayType10

===========================================================================================
----------------- testing Mon Aug 20 01:55:36 UTC 2018 /home/travis/build/icyphy/ptII/ptolemy/actor/lib/test/auto/arrayType11.xml
----------------- Instantiating /home/travis/build/icyphy/ptII/ptolemy/actor/lib/test/auto/arrayType11.xml
1 ms. Memory: 1367552K Free: 601871K (44%)
----------------- Invoking toplevel() on ptolemy.moml.MoMLSimpleApplication@10c798c3
----------------- Done invoking toplevel() on ptolemy.moml.MoMLSimpleApplication@10c798c3
reloadAllAccessors: .arrayType11

===========================================================================================
----------------- testing Mon Aug 20 01:55:36 UTC 2018 /home/travis/build/icyphy/ptII/ptolemy/actor/lib/test/auto/arrayType12.xml
----------------- Instantiating /home/travis/build/icyphy/ptII/ptolemy/actor/lib/test/auto/arrayType12.xml
1 ms. Memory: 1367552K Free: 589327K (43%)
----------------- Invoking toplevel() on ptolemy.moml.MoMLSimpleApplication@41a13f26
----------------- Done invoking toplevel() on ptolemy.moml.MoMLSimpleApplication@41a13f26
reloadAllAccessors: .arrayType12

===========================================================================================
----------------- testing Mon Aug 20 01:55:36 UTC 2018 /home/travis/build/icyphy/ptII/ptolemy/actor/lib/test/auto/arrayType13.xml
----------------- Instantiating /home/travis/build/icyphy/ptII/ptolemy/actor/lib/test/auto/arrayType13.xml
1 ms. Memory: 1367552K Free: 573685K (42%)
----------------- Invoking toplevel() on ptolemy.moml.MoMLSimpleApplication@68276932
----------------- Done invoking toplevel() on ptolemy.moml.MoMLSimpleApplication@68276932
reloadAllAccessors: .arrayType13

===========================================================================================
----------------- testing Mon Aug 20 01:55:36 UTC 2018 /home/travis/build/icyphy/ptII/ptolemy/actor/lib/test/auto/arrayType14.xml
----------------- Instantiating /home/travis/build/icyphy/ptII/ptolemy/actor/lib/test/auto/arrayType14.xml
1 ms. Memory: 1367552K Free: 558043K (41%)
----------------- Invoking toplevel() on ptolemy.moml.MoMLSimpleApplication@5a2bc648
----------------- Done invoking toplevel() on ptolemy.moml.MoMLSimpleApplication@5a2bc648
reloadAllAccessors: .arrayType14

===========================================================================================
----------------- testing Mon Aug 20 01:55:36 UTC 2018 /home/travis/build/icyphy/ptII/ptolemy/actor/lib/test/auto/arrayType15.xml
----------------- Instantiating /home/travis/build/icyphy/ptII/ptolemy/actor/lib/test/auto/arrayType15.xml
1 ms. Memory: 1367552K Free: 542402K (40%)
----------------- Invoking toplevel() on ptolemy.moml.MoMLSimpleApplication@5690649d
----------------- Done invoking toplevel() on ptolemy.moml.MoMLSimpleApplication@5690649d
reloadAllAccessors: .arrayType15

===========================================================================================
----------------- testing Mon Aug 20 01:55:36 UTC 2018 /home/travis/build/icyphy/ptII/ptolemy/actor/lib/test/auto/arrayType16.xml
----------------- Instantiating /home/travis/build/icyphy/ptII/ptolemy/actor/lib/test/auto/arrayType16.xml
1 ms. Memory: 1367552K Free: 526760K (39%)
----------------- Invoking toplevel() on ptolemy.moml.MoMLSimpleApplication@b3d1c94
----------------- Done invoking toplevel() on ptolemy.moml.MoMLSimpleApplication@b3d1c94
reloadAllAccessors: .arrayType16

===========================================================================================
----------------- testing Mon Aug 20 01:55:36 UTC 2018 /home/travis/build/icyphy/ptII/ptolemy/actor/lib/test/auto/arrayType17.xml
----------------- Instantiating /home/travis/build/icyphy/ptII/ptolemy/actor/lib/test/auto/arrayType17.xml
2 ms. Memory: 1367552K Free: 511119K (37%)
----------------- Invoking toplevel() on ptolemy.moml.MoMLSimpleApplication@37f7912a
----------------- Done invoking toplevel() on ptolemy.moml.MoMLSimpleApplication@37f7912a
reloadAllAccessors: .arrayType17

===========================================================================================
----------------- testing Mon Aug 20 01:55:36 UTC 2018 /home/travis/build/icyphy/ptII/ptolemy/actor/lib/test/auto/arrayType18.xml
----------------- Instantiating /home/travis/build/icyphy/ptII/ptolemy/actor/lib/test/auto/arrayType18.xml
1 ms. Memory: 1367552K Free: 498574K (36%)
----------------- Invoking toplevel() on ptolemy.moml.MoMLSimpleApplication@1c9241ae
----------------- Done invoking toplevel() on ptolemy.moml.MoMLSimpleApplication@1c9241ae
reloadAllAccessors: .arrayType18

===========================================================================================
----------------- testing Mon Aug 20 01:55:36 UTC 2018 /home/travis/build/icyphy/ptII/ptolemy/actor/lib/test/auto/arrayType19.xml
----------------- Instantiating /home/travis/build/icyphy/ptII/ptolemy/actor/lib/test/auto/arrayType19.xml
1 ms. Memory: 1367552K Free: 482933K (35%)
----------------- Invoking toplevel() on ptolemy.moml.MoMLSimpleApplication@399bbb4d
----------------- Done invoking toplevel() on ptolemy.moml.MoMLSimpleApplication@399bbb4d
reloadAllAccessors: .arrayType19

===========================================================================================
----------------- testing Mon Aug 20 01:55:36 UTC 2018 /home/travis/build/icyphy/ptII/ptolemy/actor/lib/test/auto/arrayType2.xml
----------------- Instantiating /home/travis/build/icyphy/ptII/ptolemy/actor/lib/test/auto/arrayType2.xml
2 ms. Memory: 1367552K Free: 467291K (34%)
----------------- Invoking toplevel() on ptolemy.moml.MoMLSimpleApplication@1d3d83a5
----------------- Done invoking toplevel() on ptolemy.moml.MoMLSimpleApplication@1d3d83a5
reloadAllAccessors: .arrayType2

===========================================================================================
----------------- testing Mon Aug 20 01:55:37 UTC 2018 /home/travis/build/icyphy/ptII/ptolemy/actor/lib/test/auto/arrayType20.xml
----------------- Instantiating /home/travis/build/icyphy/ptII/ptolemy/actor/lib/test/auto/arrayType20.xml
1 ms. Memory: 1367552K Free: 451650K (33%)
----------------- Invoking toplevel() on ptolemy.moml.MoMLSimpleApplication@68bd8730
----------------- Done invoking toplevel() on ptolemy.moml.MoMLSimpleApplication@68bd8730
reloadAllAccessors: .arrayType20

===========================================================================================
----------------- testing Mon Aug 20 01:55:37 UTC 2018 /home/travis/build/icyphy/ptII/ptolemy/actor/lib/test/auto/arrayType21.xml
----------------- Instantiating /home/travis/build/icyphy/ptII/ptolemy/actor/lib/test/auto/arrayType21.xml
2 ms. Memory: 1367552K Free: 436008K (32%)
----------------- Invoking toplevel() on ptolemy.moml.MoMLSimpleApplication@41193a9f
----------------- Done invoking toplevel() on ptolemy.moml.MoMLSimpleApplication@41193a9f
reloadAllAccessors: .arrayType21

===========================================================================================
----------------- testing Mon Aug 20 01:55:37 UTC 2018 /home/travis/build/icyphy/ptII/ptolemy/actor/lib/test/auto/arrayType22.xml
----------------- Instantiating /home/travis/build/icyphy/ptII/ptolemy/actor/lib/test/auto/arrayType22.xml
1 ms. Memory: 1367552K Free: 420367K (31%)
----------------- Invoking toplevel() on ptolemy.moml.MoMLSimpleApplication@226ef505
----------------- Done invoking toplevel() on ptolemy.moml.MoMLSimpleApplication@226ef505
reloadAllAccessors: .arrayType22

===========================================================================================
----------------- testing Mon Aug 20 01:55:37 UTC 2018 /home/travis/build/icyphy/ptII/ptolemy/actor/lib/test/auto/arrayType23.xml
----------------- Instantiating /home/travis/build/icyphy/ptII/ptolemy/actor/lib/test/auto/arrayType23.xml
2 ms. Memory: 1367552K Free: 407823K (30%)
----------------- Invoking toplevel() on ptolemy.moml.MoMLSimpleApplication@663416a2
----------------- Done invoking toplevel() on ptolemy.moml.MoMLSimpleApplication@663416a2
reloadAllAccessors: .arrayType23

===========================================================================================
----------------- testing Mon Aug 20 01:55:37 UTC 2018 /home/travis/build/icyphy/ptII/ptolemy/actor/lib/test/auto/arrayType24.xml
----------------- Instantiating /home/travis/build/icyphy/ptII/ptolemy/actor/lib/test/auto/arrayType24.xml
1 ms. Memory: 1367552K Free: 392181K (29%)
----------------- Invoking toplevel() on ptolemy.moml.MoMLSimpleApplication@34082289
----------------- Done invoking toplevel() on ptolemy.moml.MoMLSimpleApplication@34082289
reloadAllAccessors: .arrayType24

===========================================================================================
----------------- testing Mon Aug 20 01:55:37 UTC 2018 /home/travis/build/icyphy/ptII/ptolemy/actor/lib/test/auto/arrayType25.xml
----------------- Instantiating /home/travis/build/icyphy/ptII/ptolemy/actor/lib/test/auto/arrayType25.xml
1 ms. Memory: 1367552K Free: 376540K (28%)
----------------- Invoking toplevel() on ptolemy.moml.MoMLSimpleApplication@29ae82bc
----------------- Done invoking toplevel() on ptolemy.moml.MoMLSimpleApplication@29ae82bc
reloadAllAccessors: .arrayType25

===========================================================================================
----------------- testing Mon Aug 20 01:55:37 UTC 2018 /home/travis/build/icyphy/ptII/ptolemy/actor/lib/test/auto/arrayType26.xml
----------------- Instantiating /home/travis/build/icyphy/ptII/ptolemy/actor/lib/test/auto/arrayType26.xml
2 ms. Memory: 1367552K Free: 360898K (26%)
----------------- Invoking toplevel() on ptolemy.moml.MoMLSimpleApplication@5869c7ac
----------------- Done invoking toplevel() on ptolemy.moml.MoMLSimpleApplication@5869c7ac
reloadAllAccessors: .arrayType26

===========================================================================================
----------------- testing Mon Aug 20 01:55:37 UTC 2018 /home/travis/build/icyphy/ptII/ptolemy/actor/lib/test/auto/arrayType27.xml
----------------- Instantiating /home/travis/build/icyphy/ptII/ptolemy/actor/lib/test/auto/arrayType27.xml
1 ms. Memory: 1367552K Free: 345256K (25%)
----------------- Invoking toplevel() on ptolemy.moml.MoMLSimpleApplication@42f98c82
----------------- Done invoking toplevel() on ptolemy.moml.MoMLSimpleApplication@42f98c82
reloadAllAccessors: .arrayType27

===========================================================================================
----------------- testing Mon Aug 20 01:55:37 UTC 2018 /home/travis/build/icyphy/ptII/ptolemy/actor/lib/test/auto/arrayType28.xml
----------------- Instantiating /home/travis/build/icyphy/ptII/ptolemy/actor/lib/test/auto/arrayType28.xml
1 ms. Memory: 1367552K Free: 329615K (24%)
----------------- Invoking toplevel() on ptolemy.moml.MoMLSimpleApplication@27b4186a
----------------- Done invoking toplevel() on ptolemy.moml.MoMLSimpleApplication@27b4186a
reloadAllAccessors: .arrayType28

===========================================================================================
----------------- testing Mon Aug 20 01:55:37 UTC 2018 /home/travis/build/icyphy/ptII/ptolemy/actor/lib/test/auto/arrayType3.xml
----------------- Instantiating /home/travis/build/icyphy/ptII/ptolemy/actor/lib/test/auto/arrayType3.xml
1 ms. Memory: 1367552K Free: 317071K (23%)
----------------- Invoking toplevel() on ptolemy.moml.MoMLSimpleApplication@5d13fe41
----------------- Done invoking toplevel() on ptolemy.moml.MoMLSimpleApplication@5d13fe41
reloadAllAccessors: .arrayType3

===========================================================================================
----------------- testing Mon Aug 20 01:55:37 UTC 2018 /home/travis/build/icyphy/ptII/ptolemy/actor/lib/test/auto/arrayType4.xml
----------------- Instantiating /home/travis/build/icyphy/ptII/ptolemy/actor/lib/test/auto/arrayType4.xml
1 ms. Memory: 1367552K Free: 301429K (22%)
----------------- Invoking toplevel() on ptolemy.moml.MoMLSimpleApplication@37f911b1
----------------- Done invoking toplevel() on ptolemy.moml.MoMLSimpleApplication@37f911b1
reloadAllAccessors: .arrayType4

===========================================================================================
----------------- testing Mon Aug 20 01:55:37 UTC 2018 /home/travis/build/icyphy/ptII/ptolemy/actor/lib/test/auto/arrayType5.xml
----------------- Instantiating /home/travis/build/icyphy/ptII/ptolemy/actor/lib/test/auto/arrayType5.xml
1 ms. Memory: 1367552K Free: 285787K (21%)
----------------- Invoking toplevel() on ptolemy.moml.MoMLSimpleApplication@53e7567b
----------------- Done invoking toplevel() on ptolemy.moml.MoMLSimpleApplication@53e7567b
reloadAllAccessors: .arrayType5

===========================================================================================
----------------- testing Mon Aug 20 01:55:37 UTC 2018 /home/travis/build/icyphy/ptII/ptolemy/actor/lib/test/auto/arrayType6.xml
----------------- Instantiating /home/travis/build/icyphy/ptII/ptolemy/actor/lib/test/auto/arrayType6.xml
1 ms. Memory: 1367552K Free: 270145K (20%)
----------------- Invoking toplevel() on ptolemy.moml.MoMLSimpleApplication@5752327d
----------------- Done invoking toplevel() on ptolemy.moml.MoMLSimpleApplication@5752327d
reloadAllAccessors: .arrayType6

===========================================================================================
----------------- testing Mon Aug 20 01:55:37 UTC 2018 /home/travis/build/icyphy/ptII/ptolemy/actor/lib/test/auto/arrayType7.xml
----------------- Instantiating /home/travis/build/icyphy/ptII/ptolemy/actor/lib/test/auto/arrayType7.xml
1 ms. Memory: 1367552K Free: 254504K (19%)
----------------- Invoking toplevel() on ptolemy.moml.MoMLSimpleApplication@5aea5e7d
----------------- Done invoking toplevel() on ptolemy.moml.MoMLSimpleApplication@5aea5e7d
reloadAllAccessors: .arrayType7

===========================================================================================
----------------- testing Mon Aug 20 01:55:37 UTC 2018 /home/travis/build/icyphy/ptII/ptolemy/actor/lib/test/auto/arrayType8.xml
----------------- Instantiating /home/travis/build/icyphy/ptII/ptolemy/actor/lib/test/auto/arrayType8.xml
1 ms. Memory: 1367552K Free: 238862K (17%)
----------------- Invoking toplevel() on ptolemy.moml.MoMLSimpleApplication@7ec1c5a0
----------------- Done invoking toplevel() on ptolemy.moml.MoMLSimpleApplication@7ec1c5a0
reloadAllAccessors: .arrayType8

===========================================================================================
----------------- testing Mon Aug 20 01:55:37 UTC 2018 /home/travis/build/icyphy/ptII/ptolemy/actor/lib/test/auto/arrayType9.xml
----------------- Instantiating /home/travis/build/icyphy/ptII/ptolemy/actor/lib/test/auto/arrayType9.xml
1 ms. Memory: 1367552K Free: 226318K (17%)
----------------- Invoking toplevel() on ptolemy.moml.MoMLSimpleApplication@5ed4857f
----------------- Done invoking toplevel() on ptolemy.moml.MoMLSimpleApplication@5ed4857f
reloadAllAccessors: .arrayType9

===========================================================================================
----------------- testing Mon Aug 20 01:55:37 UTC 2018 /home/travis/build/icyphy/ptII/ptolemy/actor/lib/test/auto/cast.xml
----------------- Instantiating /home/travis/build/icyphy/ptII/ptolemy/actor/lib/test/auto/cast.xml
2 ms. Memory: 1367552K Free: 210677K (15%)
----------------- Invoking toplevel() on ptolemy.moml.MoMLSimpleApplication@6b33635c
----------------- Done invoking toplevel() on ptolemy.moml.MoMLSimpleApplication@6b33635c
reloadAllAccessors: .cast

===========================================================================================
----------------- testing Mon Aug 20 01:55:37 UTC 2018 /home/travis/build/icyphy/ptII/ptolemy/actor/lib/test/auto/compositeMultiPort.xml
----------------- Instantiating /home/travis/build/icyphy/ptII/ptolemy/actor/lib/test/auto/compositeMultiPort.xml
3 ms. Memory: 1367552K Free: 195035K (14%)
----------------- Invoking toplevel() on ptolemy.moml.MoMLSimpleApplication@6c3ef124
----------------- Done invoking toplevel() on ptolemy.moml.MoMLSimpleApplication@6c3ef124
reloadAllAccessors: .compositeMultiPort

===========================================================================================
----------------- testing Mon Aug 20 01:55:37 UTC 2018 /home/travis/build/icyphy/ptII/ptolemy/actor/lib/test/auto/expressionCastInference.xml
----------------- Instantiating /home/travis/build/icyphy/ptII/ptolemy/actor/lib/test/auto/expressionCastInference.xml
2 ms. Memory: 1367552K Free: 179394K (13%)
----------------- Invoking toplevel() on ptolemy.moml.MoMLSimpleApplication@70e235fb
----------------- Done invoking toplevel() on ptolemy.moml.MoMLSimpleApplication@70e235fb
reloadAllAccessors: .expressionCastInference

===========================================================================================
----------------- testing Mon Aug 20 01:55:37 UTC 2018 /home/travis/build/icyphy/ptII/ptolemy/actor/lib/test/auto/expressionCastInference2.xml
----------------- Instantiating /home/travis/build/icyphy/ptII/ptolemy/actor/lib/test/auto/expressionCastInference2.xml
2 ms. Memory: 1367552K Free: 163752K (12%)
----------------- Invoking toplevel() on ptolemy.moml.MoMLSimpleApplication@b15024
----------------- Done invoking toplevel() on ptolemy.moml.MoMLSimpleApplication@b15024
reloadAllAccessors: .expressionCastInference2

===========================================================================================
----------------- testing Mon Aug 20 01:55:37 UTC 2018 /home/travis/build/icyphy/ptII/ptolemy/actor/lib/test/auto/expressionInference.xml
----------------- Instantiating /home/travis/build/icyphy/ptII/ptolemy/actor/lib/test/auto/expressionInference.xml
1 ms. Memory: 1367552K Free: 148111K (11%)
----------------- Invoking toplevel() on ptolemy.moml.MoMLSimpleApplication@1c9dd1b1
----------------- Done invoking toplevel() on ptolemy.moml.MoMLSimpleApplication@1c9dd1b1
reloadAllAccessors: .expressionInference

===========================================================================================
----------------- testing Mon Aug 20 01:55:37 UTC 2018 /home/travis/build/icyphy/ptII/ptolemy/actor/lib/test/auto/expression_bug.xml
----------------- Instantiating /home/travis/build/icyphy/ptII/ptolemy/actor/lib/test/auto/expression_bug.xml
1 ms. Memory: 1367552K Free: 135567K (10%)
----------------- Invoking toplevel() on ptolemy.moml.MoMLSimpleApplication@4a913a0e
----------------- Done invoking toplevel() on ptolemy.moml.MoMLSimpleApplication@4a913a0e
reloadAllAccessors: .expression_bug

===========================================================================================
----------------- testing Mon Aug 20 01:55:37 UTC 2018 /home/travis/build/icyphy/ptII/ptolemy/actor/lib/test/auto/factorial.xml
----------------- Instantiating /home/travis/build/icyphy/ptII/ptolemy/actor/lib/test/auto/factorial.xml
27 ms. Memory: 1367552K Free: 119925K (9%)
----------------- Invoking toplevel() on ptolemy.moml.MoMLSimpleApplication@21c674e5
----------------- Done invoking toplevel() on ptolemy.moml.MoMLSimpleApplication@21c674e5
reloadAllAccessors: .factorial

===========================================================================================
----------------- testing Mon Aug 20 01:55:37 UTC 2018 /home/travis/build/icyphy/ptII/ptolemy/actor/lib/test/auto/filterTest1.xml
----------------- Instantiating /home/travis/build/icyphy/ptII/ptolemy/actor/lib/test/auto/filterTest1.xml
2 ms. Memory: 1367552K Free: 104283K (8%)
----------------- Invoking toplevel() on ptolemy.moml.MoMLSimpleApplication@1a04bb76
----------------- Done invoking toplevel() on ptolemy.moml.MoMLSimpleApplication@1a04bb76
reloadAllAccessors: .filterTest1

===========================================================================================
----------------- testing Mon Aug 20 01:55:37 UTC 2018 /home/travis/build/icyphy/ptII/ptolemy/actor/lib/test/auto/funcApplyInConst.xml
----------------- Instantiating /home/travis/build/icyphy/ptII/ptolemy/actor/lib/test/auto/funcApplyInConst.xml
1 ms. Memory: 1367552K Free: 88641K (6%)
----------------- Invoking toplevel() on ptolemy.moml.MoMLSimpleApplication@1007e7f8
----------------- Done invoking toplevel() on ptolemy.moml.MoMLSimpleApplication@1007e7f8
reloadAllAccessors: .funcApplyInConst

===========================================================================================
----------------- testing Mon Aug 20 01:55:37 UTC 2018 /home/travis/build/icyphy/ptII/ptolemy/actor/lib/test/auto/funcApplyInExpr.xml
----------------- Instantiating /home/travis/build/icyphy/ptII/ptolemy/actor/lib/test/auto/funcApplyInExpr.xml
1 ms. Memory: 1367552K Free: 73785K (5%)
----------------- Invoking toplevel() on ptolemy.moml.MoMLSimpleApplication@5c8f80b0
----------------- Done invoking toplevel() on ptolemy.moml.MoMLSimpleApplication@5c8f80b0
reloadAllAccessors: .funcApplyInExpr

===========================================================================================
----------------- testing Mon Aug 20 01:55:37 UTC 2018 /home/travis/build/icyphy/ptII/ptolemy/actor/lib/test/auto/function.xml
----------------- Instantiating /home/travis/build/icyphy/ptII/ptolemy/actor/lib/test/auto/function.xml
2 ms. Memory: 1425408K Free: 1354743K (95%)
----------------- Invoking toplevel() on ptolemy.moml.MoMLSimpleApplication@32a0fd47
----------------- Done invoking toplevel() on ptolemy.moml.MoMLSimpleApplication@32a0fd47
reloadAllAccessors: .function

===========================================================================================
----------------- testing Mon Aug 20 01:55:37 UTC 2018 /home/travis/build/icyphy/ptII/ptolemy/actor/lib/test/auto/function2.xml
----------------- Instantiating /home/travis/build/icyphy/ptII/ptolemy/actor/lib/test/auto/function2.xml
2 ms. Memory: 1425408K Free: 1337130K (94%)
----------------- Invoking toplevel() on ptolemy.moml.MoMLSimpleApplication@126e8f30
----------------- Done invoking toplevel() on ptolemy.moml.MoMLSimpleApplication@126e8f30
reloadAllAccessors: .function2

===========================================================================================
----------------- testing Mon Aug 20 01:55:37 UTC 2018 /home/travis/build/icyphy/ptII/ptolemy/actor/lib/test/auto/function3.xml
----------------- Instantiating /home/travis/build/icyphy/ptII/ptolemy/actor/lib/test/auto/function3.xml
1 ms. Memory: 1425408K Free: 1315933K (92%)
----------------- Invoking toplevel() on ptolemy.moml.MoMLSimpleApplication@5f2be7b9
----------------- Done invoking toplevel() on ptolemy.moml.MoMLSimpleApplication@5f2be7b9
reloadAllAccessors: .function3

===========================================================================================
----------------- testing Mon Aug 20 01:55:37 UTC 2018 /home/travis/build/icyphy/ptII/ptolemy/actor/lib/test/auto/functionClosureTest1.xml
----------------- Instantiating /home/travis/build/icyphy/ptII/ptolemy/actor/lib/test/auto/functionClosureTest1.xml
4 ms. Memory: 1425408K Free: 1294736K (91%)
----------------- Invoking toplevel() on ptolemy.moml.MoMLSimpleApplication@5d7e898c
----------------- Done invoking toplevel() on ptolemy.moml.MoMLSimpleApplication@5d7e898c
reloadAllAccessors: .functionClosureTest1

===========================================================================================
----------------- testing Mon Aug 20 01:55:37 UTC 2018 /home/travis/build/icyphy/ptII/ptolemy/actor/lib/test/auto/functionClosureTest2.xml
----------------- Instantiating /home/travis/build/icyphy/ptII/ptolemy/actor/lib/test/auto/functionClosureTest2.xml
1 ms. Memory: 1425408K Free: 1277123K (90%)
----------------- Invoking toplevel() on ptolemy.moml.MoMLSimpleApplication@5f2c5d46
----------------- Done invoking toplevel() on ptolemy.moml.MoMLSimpleApplication@5f2c5d46
reloadAllAccessors: .functionClosureTest2

===========================================================================================
----------------- testing Mon Aug 20 01:55:37 UTC 2018 /home/travis/build/icyphy/ptII/ptolemy/actor/lib/test/auto/functionClosureTest3.xml
----------------- Instantiating /home/travis/build/icyphy/ptII/ptolemy/actor/lib/test/auto/functionClosureTest3.xml
3 ms. Memory: 1425408K Free: 1255926K (88%)
----------------- Invoking toplevel() on ptolemy.moml.MoMLSimpleApplication@3f818c54
----------------- Done invoking toplevel() on ptolemy.moml.MoMLSimpleApplication@3f818c54
reloadAllAccessors: .functionClosureTest3

===========================================================================================
----------------- testing Mon Aug 20 01:55:37 UTC 2018 /home/travis/build/icyphy/ptII/ptolemy/actor/lib/test/auto/functionClosureTest4.xml
----------------- Instantiating /home/travis/build/icyphy/ptII/ptolemy/actor/lib/test/auto/functionClosureTest4.xml
5 ms. Memory: 1425408K Free: 1234729K (87%)
----------------- Invoking toplevel() on ptolemy.moml.MoMLSimpleApplication@23db13b3
----------------- Done invoking toplevel() on ptolemy.moml.MoMLSimpleApplication@23db13b3
reloadAllAccessors: .functionClosureTest4

===========================================================================================
----------------- testing Mon Aug 20 01:55:37 UTC 2018 /home/travis/build/icyphy/ptII/ptolemy/actor/lib/test/auto/functionClosureTest5.xml
----------------- Instantiating /home/travis/build/icyphy/ptII/ptolemy/actor/lib/test/auto/functionClosureTest5.xml
4 ms. Memory: 1425408K Free: 1213532K (85%)
----------------- Invoking toplevel() on ptolemy.moml.MoMLSimpleApplication@51b1895a
----------------- Done invoking toplevel() on ptolemy.moml.MoMLSimpleApplication@51b1895a
reloadAllAccessors: .functionClosureTest5

===========================================================================================
----------------- testing Mon Aug 20 01:55:37 UTC 2018 /home/travis/build/icyphy/ptII/ptolemy/actor/lib/test/auto/functionClosureTest6.xml
----------------- Instantiating /home/travis/build/icyphy/ptII/ptolemy/actor/lib/test/auto/functionClosureTest6.xml
1 ms. Memory: 1425408K Free: 1195919K (84%)
----------------- Invoking toplevel() on ptolemy.moml.MoMLSimpleApplication@7f1e682
----------------- Done invoking toplevel() on ptolemy.moml.MoMLSimpleApplication@7f1e682
reloadAllAccessors: .functionClosureTest6

===========================================================================================
----------------- testing Mon Aug 20 01:55:37 UTC 2018 /home/travis/build/icyphy/ptII/ptolemy/actor/lib/test/auto/functionsOnArcs.xml
----------------- Instantiating /home/travis/build/icyphy/ptII/ptolemy/actor/lib/test/auto/functionsOnArcs.xml
1 ms. Memory: 1425408K Free: 1174722K (82%)
----------------- Invoking toplevel() on ptolemy.moml.MoMLSimpleApplication@15bcc1f8
----------------- Done invoking toplevel() on ptolemy.moml.MoMLSimpleApplication@15bcc1f8
reloadAllAccessors: .functionsOnArcs

===========================================================================================
----------------- testing Mon Aug 20 01:55:37 UTC 2018 /home/travis/build/icyphy/ptII/ptolemy/actor/lib/test/auto/functionsOnArcsHOF.xml
----------------- Instantiating /home/travis/build/icyphy/ptII/ptolemy/actor/lib/test/auto/functionsOnArcsHOF.xml
4 ms. Memory: 1425408K Free: 1153524K (81%)
----------------- Invoking toplevel() on ptolemy.moml.MoMLSimpleApplication@7186b0b2
----------------- Done invoking toplevel() on ptolemy.moml.MoMLSimpleApplication@7186b0b2
reloadAllAccessors: .functionsOnArcsHOF

===========================================================================================
----------------- testing Mon Aug 20 01:55:37 UTC 2018 /home/travis/build/icyphy/ptII/ptolemy/actor/lib/test/auto/logic.xml
----------------- Instantiating /home/travis/build/icyphy/ptII/ptolemy/actor/lib/test/auto/logic.xml
1 ms. Memory: 1425408K Free: 1135912K (80%)
----------------- Invoking toplevel() on ptolemy.moml.MoMLSimpleApplication@3e23e3cb
----------------- Done invoking toplevel() on ptolemy.moml.MoMLSimpleApplication@3e23e3cb
reloadAllAccessors: .logic

===========================================================================================
----------------- testing Mon Aug 20 01:55:37 UTC 2018 /home/travis/build/icyphy/ptII/ptolemy/actor/lib/test/auto/matrixType.xml
----------------- Instantiating /home/travis/build/icyphy/ptII/ptolemy/actor/lib/test/auto/matrixType.xml
1 ms. Memory: 1425408K Free: 1114715K (78%)
----------------- Invoking toplevel() on ptolemy.moml.MoMLSimpleApplication@e7f37bc
----------------- Done invoking toplevel() on ptolemy.moml.MoMLSimpleApplication@e7f37bc
reloadAllAccessors: .matrixType

===========================================================================================
----------------- testing Mon Aug 20 01:55:37 UTC 2018 /home/travis/build/icyphy/ptII/ptolemy/actor/lib/test/auto/matrixType10.xml
----------------- Instantiating /home/travis/build/icyphy/ptII/ptolemy/actor/lib/test/auto/matrixType10.xml
2 ms. Memory: 1425408K Free: 1093517K (77%)
----------------- Invoking toplevel() on ptolemy.moml.MoMLSimpleApplication@6ba32ec9
----------------- Done invoking toplevel() on ptolemy.moml.MoMLSimpleApplication@6ba32ec9
reloadAllAccessors: .matrixType10

===========================================================================================
----------------- testing Mon Aug 20 01:55:37 UTC 2018 /home/travis/build/icyphy/ptII/ptolemy/actor/lib/test/auto/matrixType11.xml
----------------- Instantiating /home/travis/build/icyphy/ptII/ptolemy/actor/lib/test/auto/matrixType11.xml
1 ms. Memory: 1425408K Free: 1072320K (75%)
----------------- Invoking toplevel() on ptolemy.moml.MoMLSimpleApplication@3bbfc9b7
----------------- Done invoking toplevel() on ptolemy.moml.MoMLSimpleApplication@3bbfc9b7
reloadAllAccessors: .matrixType11

===========================================================================================
----------------- testing Mon Aug 20 01:55:37 UTC 2018 /home/travis/build/icyphy/ptII/ptolemy/actor/lib/test/auto/matrixType12.xml
----------------- Instantiating /home/travis/build/icyphy/ptII/ptolemy/actor/lib/test/auto/matrixType12.xml
2 ms. Memory: 1425408K Free: 1054704K (74%)
----------------- Invoking toplevel() on ptolemy.moml.MoMLSimpleApplication@7bd3f355
----------------- Done invoking toplevel() on ptolemy.moml.MoMLSimpleApplication@7bd3f355
reloadAllAccessors: .matrixType12

===========================================================================================
----------------- testing Mon Aug 20 01:55:37 UTC 2018 /home/travis/build/icyphy/ptII/ptolemy/actor/lib/test/auto/matrixType13.xml
----------------- Instantiating /home/travis/build/icyphy/ptII/ptolemy/actor/lib/test/auto/matrixType13.xml
1 ms. Memory: 1425408K Free: 1033507K (73%)
----------------- Invoking toplevel() on ptolemy.moml.MoMLSimpleApplication@4eba3448
----------------- Done invoking toplevel() on ptolemy.moml.MoMLSimpleApplication@4eba3448
reloadAllAccessors: .matrixType13

===========================================================================================
----------------- testing Mon Aug 20 01:55:37 UTC 2018 /home/travis/build/icyphy/ptII/ptolemy/actor/lib/test/auto/matrixType14.xml
----------------- Instantiating /home/travis/build/icyphy/ptII/ptolemy/actor/lib/test/auto/matrixType14.xml
1 ms. Memory: 1425408K Free: 1012309K (71%)
----------------- Invoking toplevel() on ptolemy.moml.MoMLSimpleApplication@31e69933
----------------- Done invoking toplevel() on ptolemy.moml.MoMLSimpleApplication@31e69933
reloadAllAccessors: .matrixType14

===========================================================================================
----------------- testing Mon Aug 20 01:55:37 UTC 2018 /home/travis/build/icyphy/ptII/ptolemy/actor/lib/test/auto/matrixType2.xml
----------------- Instantiating /home/travis/build/icyphy/ptII/ptolemy/actor/lib/test/auto/matrixType2.xml
2 ms. Memory: 1425408K Free: 991112K (70%)
----------------- Invoking toplevel() on ptolemy.moml.MoMLSimpleApplication@72a5e796
----------------- Done invoking toplevel() on ptolemy.moml.MoMLSimpleApplication@72a5e796
reloadAllAccessors: .matrixType2

===========================================================================================
----------------- testing Mon Aug 20 01:55:37 UTC 2018 /home/travis/build/icyphy/ptII/ptolemy/actor/lib/test/auto/matrixType3.xml
----------------- Instantiating /home/travis/build/icyphy/ptII/ptolemy/actor/lib/test/auto/matrixType3.xml
4 ms. Memory: 1425408K Free: 973500K (68%)
----------------- Invoking toplevel() on ptolemy.moml.MoMLSimpleApplication@20bd2fa5
----------------- Done invoking toplevel() on ptolemy.moml.MoMLSimpleApplication@20bd2fa5
reloadAllAccessors: .matrixType3

===========================================================================================
----------------- testing Mon Aug 20 01:55:37 UTC 2018 /home/travis/build/icyphy/ptII/ptolemy/actor/lib/test/auto/matrixType4.xml
----------------- Instantiating /home/travis/build/icyphy/ptII/ptolemy/actor/lib/test/auto/matrixType4.xml
1 ms. Memory: 1425408K Free: 952302K (67%)
----------------- Invoking toplevel() on ptolemy.moml.MoMLSimpleApplication@5e2e1ce5
----------------- Done invoking toplevel() on ptolemy.moml.MoMLSimpleApplication@5e2e1ce5
reloadAllAccessors: .matrixType4

===========================================================================================
----------------- testing Mon Aug 20 01:55:37 UTC 2018 /home/travis/build/icyphy/ptII/ptolemy/actor/lib/test/auto/matrixType5.xml
----------------- Instantiating /home/travis/build/icyphy/ptII/ptolemy/actor/lib/test/auto/matrixType5.xml
2 ms. Memory: 1425408K Free: 931105K (65%)
----------------- Invoking toplevel() on ptolemy.moml.MoMLSimpleApplication@d4fe59f
----------------- Done invoking toplevel() on ptolemy.moml.MoMLSimpleApplication@d4fe59f
reloadAllAccessors: .matrixType5

===========================================================================================
----------------- testing Mon Aug 20 01:55:37 UTC 2018 /home/travis/build/icyphy/ptII/ptolemy/actor/lib/test/auto/matrixType6.xml
----------------- Instantiating /home/travis/build/icyphy/ptII/ptolemy/actor/lib/test/auto/matrixType6.xml
2 ms. Memory: 1425408K Free: 909908K (64%)
----------------- Invoking toplevel() on ptolemy.moml.MoMLSimpleApplication@1b6c7a94
----------------- Done invoking toplevel() on ptolemy.moml.MoMLSimpleApplication@1b6c7a94
reloadAllAccessors: .matrixType6

===========================================================================================
----------------- testing Mon Aug 20 01:55:37 UTC 2018 /home/travis/build/icyphy/ptII/ptolemy/actor/lib/test/auto/matrixType7.xml
----------------- Instantiating /home/travis/build/icyphy/ptII/ptolemy/actor/lib/test/auto/matrixType7.xml
2 ms. Memory: 1425408K Free: 892295K (63%)
----------------- Invoking toplevel() on ptolemy.moml.MoMLSimpleApplication@570a451e
----------------- Done invoking toplevel() on ptolemy.moml.MoMLSimpleApplication@570a451e
reloadAllAccessors: .matrixType7

===========================================================================================
----------------- testing Mon Aug 20 01:55:37 UTC 2018 /home/travis/build/icyphy/ptII/ptolemy/actor/lib/test/auto/matrixType8.xml
----------------- Instantiating /home/travis/build/icyphy/ptII/ptolemy/actor/lib/test/auto/matrixType8.xml
2 ms. Memory: 1425408K Free: 871098K (61%)
----------------- Invoking toplevel() on ptolemy.moml.MoMLSimpleApplication@32ce42e7
----------------- Done invoking toplevel() on ptolemy.moml.MoMLSimpleApplication@32ce42e7
reloadAllAccessors: .matrixType8

===========================================================================================
----------------- testing Mon Aug 20 01:55:37 UTC 2018 /home/travis/build/icyphy/ptII/ptolemy/actor/lib/test/auto/matrixType9.xml
----------------- Instantiating /home/travis/build/icyphy/ptII/ptolemy/actor/lib/test/auto/matrixType9.xml
1 ms. Memory: 1425408K Free: 849901K (60%)
----------------- Invoking toplevel() on ptolemy.moml.MoMLSimpleApplication@45170173
----------------- Done invoking toplevel() on ptolemy.moml.MoMLSimpleApplication@45170173
reloadAllAccessors: .matrixType9

===========================================================================================
----------------- testing Mon Aug 20 01:55:37 UTC 2018 /home/travis/build/icyphy/ptII/ptolemy/actor/lib/test/auto/paraFunctest.xml
----------------- Instantiating /home/travis/build/icyphy/ptII/ptolemy/actor/lib/test/auto/paraFunctest.xml
2 ms. Memory: 1425408K Free: 832288K (58%)
----------------- Invoking toplevel() on ptolemy.moml.MoMLSimpleApplication@6acf841d
----------------- Done invoking toplevel() on ptolemy.moml.MoMLSimpleApplication@6acf841d
reloadAllAccessors: .paraFunctest

===========================================================================================
----------------- testing Mon Aug 20 01:55:37 UTC 2018 /home/travis/build/icyphy/ptII/ptolemy/actor/lib/test/auto/paraFunctest2.xml
----------------- Instantiating /home/travis/build/icyphy/ptII/ptolemy/actor/lib/test/auto/paraFunctest2.xml
1 ms. Memory: 1425408K Free: 811091K (57%)
----------------- Invoking toplevel() on ptolemy.moml.MoMLSimpleApplication@1e30bff3
----------------- Done invoking toplevel() on ptolemy.moml.MoMLSimpleApplication@1e30bff3
reloadAllAccessors: .paraFunctest2

===========================================================================================
----------------- testing Mon Aug 20 01:55:37 UTC 2018 /home/travis/build/icyphy/ptII/ptolemy/actor/lib/test/auto/parameterPassing.xml
----------------- Instantiating /home/travis/build/icyphy/ptII/ptolemy/actor/lib/test/auto/parameterPassing.xml
1 ms. Memory: 1425408K Free: 789894K (55%)
----------------- Invoking toplevel() on ptolemy.moml.MoMLSimpleApplication@33c2fbd8
----------------- Done invoking toplevel() on ptolemy.moml.MoMLSimpleApplication@33c2fbd8
reloadAllAccessors: .parameterPassing

===========================================================================================
----------------- testing Mon Aug 20 01:55:37 UTC 2018 /home/travis/build/icyphy/ptII/ptolemy/actor/lib/test/auto/record.xml
----------------- Instantiating /home/travis/build/icyphy/ptII/ptolemy/actor/lib/test/auto/record.xml
3 ms. Memory: 1425408K Free: 768697K (54%)
----------------- Invoking toplevel() on ptolemy.moml.MoMLSimpleApplication@428f7353
----------------- Done invoking toplevel() on ptolemy.moml.MoMLSimpleApplication@428f7353
reloadAllAccessors: .record

===========================================================================================
----------------- testing Mon Aug 20 01:55:37 UTC 2018 /home/travis/build/icyphy/ptII/ptolemy/actor/lib/test/auto/sizedarray1.xml
----------------- Instantiating /home/travis/build/icyphy/ptII/ptolemy/actor/lib/test/auto/sizedarray1.xml
2 ms. Memory: 1425408K Free: 751084K (53%)
----------------- Invoking toplevel() on ptolemy.moml.MoMLSimpleApplication@7d49d9d0
----------------- Done invoking toplevel() on ptolemy.moml.MoMLSimpleApplication@7d49d9d0
reloadAllAccessors: .sizedarray1

===========================================================================================
----------------- testing Mon Aug 20 01:55:37 UTC 2018 /home/travis/build/icyphy/ptII/ptolemy/actor/lib/test/auto/sizedarray2.xml
----------------- Instantiating /home/travis/build/icyphy/ptII/ptolemy/actor/lib/test/auto/sizedarray2.xml
2 ms. Memory: 1425408K Free: 729887K (51%)
----------------- Invoking toplevel() on ptolemy.moml.MoMLSimpleApplication@21061163
----------------- Done invoking toplevel() on ptolemy.moml.MoMLSimpleApplication@21061163
reloadAllAccessors: .sizedarray2

===========================================================================================
----------------- testing Mon Aug 20 01:55:37 UTC 2018 /home/travis/build/icyphy/ptII/ptolemy/actor/lib/test/auto/twoPublishers.xml
----------------- Instantiating /home/travis/build/icyphy/ptII/ptolemy/actor/lib/test/auto/twoPublishers.xml
6 ms. Memory: 1425408K Free: 708690K (50%)
----------------- Invoking toplevel() on ptolemy.moml.MoMLSimpleApplication@6eefa7ba
----------------- Done invoking toplevel() on ptolemy.moml.MoMLSimpleApplication@6eefa7ba
reloadAllAccessors: .twoPublishers
AutoTests.java: About to close Vertx.
AutoTests.java: Vertx closed.
]]></system-out>
  <system-err><![CDATA[java.lang.RuntimeException: Execution failed
	at ptolemy.moml.MoMLSimpleApplication$UnloadThread.run(MoMLSimpleApplication.java:402)
Caused by: java.lang.RuntimeException: Normally, we would exit here because Manager.exitAfterWrapup() was called.  However, because the ptolemy.ptII.exitAfterWrapup property is set, we throw this exception instead.
	at ptolemy.util.StringUtilities.exit(StringUtilities.java:363)
	at ptolemy.actor.Manager.wrapup(Manager.java:1531)
	at ptolemy.actor.Manager.execute(Manager.java:407)
	at ptolemy.actor.Manager.run(Manager.java:1263)
	at ptolemy.actor.Manager$PtolemyRunThread.run(Manager.java:1915)
Warning: '.top.test' is in training mode, set the trainingMode parameter to false before checking in
Warning: '.top.test' is in training mode, set the trainingMode parameter to false before checking in
Warning: '.top.test' is in training mode, set the trainingMode parameter to false before checking in
Warning: '.BooleanSwitch_RegressionTest_WrongTrainingValues.Test' is in training mode, set the trainingMode parameter to false before checking in
Warning: '.BooleanSwitch_RegressionTest_WrongTrainingValues.Test2' is in training mode, set the trainingMode parameter to false before checking in
Warning: '.BooleanSwitch_RegressionTest_WrongTrainingValues.Test2' The test produced 0 tokens.
Warning: '.top.testExceptionHandler' is in training mode, set the trainingMode parameter to false before checking in
java.lang.RuntimeException: Execution failed
	at ptolemy.moml.MoMLSimpleApplication$UnloadThread.run(MoMLSimpleApplication.java:402)
Caused by: ptolemy.kernel.util.IllegalActionException: PublisherPorts cannot be used at the top level, use a Publisher actor instead.
  in .PublisherPortToplevelSubscriber.PublisherPort
	at ptolemy.actor.PublisherPort.preinitialize(PublisherPort.java:403)
	at ptolemy.actor.CompositeActor.preinitialize(CompositeActor.java:1769)
	at ptolemy.actor.Manager.preinitializeAndResolveTypes(Manager.java:1040)
	at ptolemy.actor.Manager.initialize(Manager.java:710)
	at ptolemy.actor.Manager.execute(Manager.java:356)
	at ptolemy.actor.Manager.run(Manager.java:1263)
	at ptolemy.actor.Manager$PtolemyRunThread.run(Manager.java:1915)
java.lang.reflect.InvocationTargetException
	at sun.reflect.NativeConstructorAccessorImpl.newInstance0(Native Method)
	at sun.reflect.NativeConstructorAccessorImpl.newInstance(NativeConstructorAccessorImpl.java:62)
	at sun.reflect.DelegatingConstructorAccessorImpl.newInstance(DelegatingConstructorAccessorImpl.java:45)
	at java.lang.reflect.Constructor.newInstance(Constructor.java:423)
	at ptolemy.util.test.junit.AutoKnownFailedTests.RunModel(AutoKnownFailedTests.java:107)
	at sun.reflect.NativeMethodAccessorImpl.invoke0(Native Method)
	at sun.reflect.NativeMethodAccessorImpl.invoke(NativeMethodAccessorImpl.java:62)
	at sun.reflect.DelegatingMethodAccessorImpl.invoke(DelegatingMethodAccessorImpl.java:43)
	at java.lang.reflect.Method.invoke(Method.java:498)
	at org.junit.runners.model.FrameworkMethod$1.runReflectiveCall(FrameworkMethod.java:44)
	at org.junit.internal.runners.model.ReflectiveCallable.run(ReflectiveCallable.java:15)
	at org.junit.runners.model.FrameworkMethod.invokeExplosively(FrameworkMethod.java:41)
	at junitparams.internal.InvokeParameterisedMethod.evaluate(InvokeParameterisedMethod.java:102)
	at org.junit.internal.runners.statements.FailOnTimeout$1.run(FailOnTimeout.java:28)
Caused by: ptolemy.kernel.util.IllegalActionException: PublisherPorts cannot be used at the top level, use a Publisher actor instead.
  in .PublisherPortToplevelSubscriber.PublisherPort
	at ptolemy.actor.PublisherPort.preinitialize(PublisherPort.java:403)
	at ptolemy.actor.CompositeActor.preinitialize(CompositeActor.java:1769)
	at ptolemy.actor.Manager.preinitializeAndResolveTypes(Manager.java:1040)
	at ptolemy.actor.Manager.initialize(Manager.java:710)
	at ptolemy.actor.Manager.execute(Manager.java:356)
	at ptolemy.actor.Manager.run(Manager.java:1263)
	at ptolemy.actor.Manager$PtolemyRunThread.run(Manager.java:1915)
java.lang.RuntimeException: Execution failed
	at ptolemy.moml.MoMLSimpleApplication$UnloadThread.run(MoMLSimpleApplication.java:402)
Caused by: ptolemy.kernel.util.IllegalActionException: SubscriberPorts cannot be used at the top level, use a Subscriber actor instead.
  in .PublisherSubscriberPortToplevel.SubscriberPort
	at ptolemy.actor.SubscriberPort.preinitialize(SubscriberPort.java:328)
	at ptolemy.actor.CompositeActor.preinitialize(CompositeActor.java:1769)
	at ptolemy.actor.Manager.preinitializeAndResolveTypes(Manager.java:1040)
	at ptolemy.actor.Manager.initialize(Manager.java:710)
	at ptolemy.actor.Manager.execute(Manager.java:356)
	at ptolemy.actor.Manager.run(Manager.java:1263)
	at ptolemy.actor.Manager$PtolemyRunThread.run(Manager.java:1915)
java.lang.reflect.InvocationTargetException
	at sun.reflect.NativeConstructorAccessorImpl.newInstance0(Native Method)
	at sun.reflect.NativeConstructorAccessorImpl.newInstance(NativeConstructorAccessorImpl.java:62)
	at sun.reflect.DelegatingConstructorAccessorImpl.newInstance(DelegatingConstructorAccessorImpl.java:45)
	at java.lang.reflect.Constructor.newInstance(Constructor.java:423)
	at ptolemy.util.test.junit.AutoKnownFailedTests.RunModel(AutoKnownFailedTests.java:107)
	at sun.reflect.NativeMethodAccessorImpl.invoke0(Native Method)
	at sun.reflect.NativeMethodAccessorImpl.invoke(NativeMethodAccessorImpl.java:62)
	at sun.reflect.DelegatingMethodAccessorImpl.invoke(DelegatingMethodAccessorImpl.java:43)
	at java.lang.reflect.Method.invoke(Method.java:498)
	at org.junit.runners.model.FrameworkMethod$1.runReflectiveCall(FrameworkMethod.java:44)
	at org.junit.internal.runners.model.ReflectiveCallable.run(ReflectiveCallable.java:15)
	at org.junit.runners.model.FrameworkMethod.invokeExplosively(FrameworkMethod.java:41)
	at junitparams.internal.InvokeParameterisedMethod.evaluate(InvokeParameterisedMethod.java:102)
	at org.junit.internal.runners.statements.FailOnTimeout$1.run(FailOnTimeout.java:28)
Caused by: ptolemy.kernel.util.IllegalActionException: SubscriberPorts cannot be used at the top level, use a Subscriber actor instead.
  in .PublisherSubscriberPortToplevel.SubscriberPort
	at ptolemy.actor.SubscriberPort.preinitialize(SubscriberPort.java:328)
	at ptolemy.actor.CompositeActor.preinitialize(CompositeActor.java:1769)
	at ptolemy.actor.Manager.preinitializeAndResolveTypes(Manager.java:1040)
	at ptolemy.actor.Manager.initialize(Manager.java:710)
	at ptolemy.actor.Manager.execute(Manager.java:356)
	at ptolemy.actor.Manager.run(Manager.java:1263)
	at ptolemy.actor.Manager$PtolemyRunThread.run(Manager.java:1915)
java.lang.RuntimeException: Execution failed
	at ptolemy.moml.MoMLSimpleApplication$UnloadThread.run(MoMLSimpleApplication.java:402)
Caused by: ptolemy.kernel.util.IllegalActionException: SubscriptionAggregatorPorts cannot be used at the top level, use a SubscriptionAggregator actor instead.
  in .PublisherSubscriptionAggregatorPort.SubscriptionAggregatorPort
	at ptolemy.actor.SubscriptionAggregatorPort.preinitialize(SubscriptionAggregatorPort.java:353)
	at ptolemy.actor.CompositeActor.preinitialize(CompositeActor.java:1769)
	at ptolemy.actor.Manager.preinitializeAndResolveTypes(Manager.java:1040)
	at ptolemy.actor.Manager.initialize(Manager.java:710)
	at ptolemy.actor.Manager.execute(Manager.java:356)
	at ptolemy.actor.Manager.run(Manager.java:1263)
	at ptolemy.actor.Manager$PtolemyRunThread.run(Manager.java:1915)
java.lang.reflect.InvocationTargetException
	at sun.reflect.NativeConstructorAccessorImpl.newInstance0(Native Method)
	at sun.reflect.NativeConstructorAccessorImpl.newInstance(NativeConstructorAccessorImpl.java:62)
	at sun.reflect.DelegatingConstructorAccessorImpl.newInstance(DelegatingConstructorAccessorImpl.java:45)
	at java.lang.reflect.Constructor.newInstance(Constructor.java:423)
	at ptolemy.util.test.junit.AutoKnownFailedTests.RunModel(AutoKnownFailedTests.java:107)
	at sun.reflect.NativeMethodAccessorImpl.invoke0(Native Method)
	at sun.reflect.NativeMethodAccessorImpl.invoke(NativeMethodAccessorImpl.java:62)
	at sun.reflect.DelegatingMethodAccessorImpl.invoke(DelegatingMethodAccessorImpl.java:43)
	at java.lang.reflect.Method.invoke(Method.java:498)
	at org.junit.runners.model.FrameworkMethod$1.runReflectiveCall(FrameworkMethod.java:44)
	at org.junit.internal.runners.model.ReflectiveCallable.run(ReflectiveCallable.java:15)
	at org.junit.runners.model.FrameworkMethod.invokeExplosively(FrameworkMethod.java:41)
	at junitparams.internal.InvokeParameterisedMethod.evaluate(InvokeParameterisedMethod.java:102)
	at org.junit.internal.runners.statements.FailOnTimeout$1.run(FailOnTimeout.java:28)
Caused by: ptolemy.kernel.util.IllegalActionException: SubscriptionAggregatorPorts cannot be used at the top level, use a SubscriptionAggregator actor instead.
  in .PublisherSubscriptionAggregatorPort.SubscriptionAggregatorPort
	at ptolemy.actor.SubscriptionAggregatorPort.preinitialize(SubscriptionAggregatorPort.java:353)
	at ptolemy.actor.CompositeActor.preinitialize(CompositeActor.java:1769)
	at ptolemy.actor.Manager.preinitializeAndResolveTypes(Manager.java:1040)
	at ptolemy.actor.Manager.initialize(Manager.java:710)
	at ptolemy.actor.Manager.execute(Manager.java:356)
	at ptolemy.actor.Manager.run(Manager.java:1263)
	at ptolemy.actor.Manager$PtolemyRunThread.run(Manager.java:1915)
java.lang.RuntimeException: Execution failed
	at ptolemy.moml.MoMLSimpleApplication$UnloadThread.run(MoMLSimpleApplication.java:402)
Caused by: ptolemy.kernel.util.IllegalActionException: TypeTest actor has no training data.
  in .sizedarray3.TypeTest
	at ptolemy.actor.lib.TypeTest.initialize(TypeTest.java:250)
	at ptolemy.actor.Director.initialize(Director.java:938)
	at ptolemy.actor.Director.initialize(Director.java:907)
	at ptolemy.actor.sched.StaticSchedulingDirector.initialize(StaticSchedulingDirector.java:159)
	at ptolemy.domains.sdf.kernel.SDFDirector.initialize(SDFDirector.java:544)
	at ptolemy.actor.CompositeActor.initialize(CompositeActor.java:935)
	at ptolemy.actor.Manager.initialize(Manager.java:724)
	at ptolemy.actor.Manager.execute(Manager.java:356)
	at ptolemy.actor.Manager.run(Manager.java:1263)
	at ptolemy.actor.Manager$PtolemyRunThread.run(Manager.java:1915)
java.lang.reflect.InvocationTargetException
	at sun.reflect.NativeConstructorAccessorImpl.newInstance0(Native Method)
	at sun.reflect.NativeConstructorAccessorImpl.newInstance(NativeConstructorAccessorImpl.java:62)
	at sun.reflect.DelegatingConstructorAccessorImpl.newInstance(DelegatingConstructorAccessorImpl.java:45)
	at java.lang.reflect.Constructor.newInstance(Constructor.java:423)
	at ptolemy.util.test.junit.AutoKnownFailedTests.RunModel(AutoKnownFailedTests.java:107)
	at sun.reflect.NativeMethodAccessorImpl.invoke0(Native Method)
	at sun.reflect.NativeMethodAccessorImpl.invoke(NativeMethodAccessorImpl.java:62)
	at sun.reflect.DelegatingMethodAccessorImpl.invoke(DelegatingMethodAccessorImpl.java:43)
	at java.lang.reflect.Method.invoke(Method.java:498)
	at org.junit.runners.model.FrameworkMethod$1.runReflectiveCall(FrameworkMethod.java:44)
	at org.junit.internal.runners.model.ReflectiveCallable.run(ReflectiveCallable.java:15)
	at org.junit.runners.model.FrameworkMethod.invokeExplosively(FrameworkMethod.java:41)
	at junitparams.internal.InvokeParameterisedMethod.evaluate(InvokeParameterisedMethod.java:102)
	at org.junit.internal.runners.statements.FailOnTimeout$1.run(FailOnTimeout.java:28)
Caused by: ptolemy.kernel.util.IllegalActionException: TypeTest actor has no training data.
  in .sizedarray3.TypeTest
	at ptolemy.actor.lib.TypeTest.initialize(TypeTest.java:250)
	at ptolemy.actor.Director.initialize(Director.java:938)
	at ptolemy.actor.Director.initialize(Director.java:907)
	at ptolemy.actor.sched.StaticSchedulingDirector.initialize(StaticSchedulingDirector.java:159)
	at ptolemy.domains.sdf.kernel.SDFDirector.initialize(SDFDirector.java:544)
	at ptolemy.actor.CompositeActor.initialize(CompositeActor.java:935)
	at ptolemy.actor.Manager.initialize(Manager.java:724)
	at ptolemy.actor.Manager.execute(Manager.java:356)
	at ptolemy.actor.Manager.run(Manager.java:1263)
	at ptolemy.actor.Manager$PtolemyRunThread.run(Manager.java:1915)
]]></system-err>
</testsuite>
