<?xml version="1.0" encoding="UTF-8" ?>
<testsuite errors="1" failures="0" hostname="travis-job-380d54b2-fb18-4d76-9ae5-787ec5d937f6" name="ptolemy.actor.lib.test.junit.JUnitTclTest" skipped="0" tests="517" time="62.61" timestamp="2020-04-01T13:47:46">
  <properties>
    <property name="npm.executable" value="npm" />
    <property name="env.TRAVIS_ROOT" value="/" />
    <property name="ptII.mk.exists" value="true" />
    <property name="env.TRAVIS_APP_HOST" value="build.travis-ci.org" />
    <property name="env.rvm_bin_path" value="/home/travis/.rvm/bin" />
    <property name="java.home" value="/usr/local/lib/jvm/openjdk11" />
    <property name="env.TRAVIS_JOB_NUMBER" value="1588.8" />
    <property name="env.TRAVIS_HOME" value="/home/travis" />
    <property name="env.DISPLAY" value=":99.0" />
    <property name="env.TRAVIS_INIT" value="systemd" />
    <property name="env.SSH_TTY" value="/dev/pts/0" />
    <property name="java.net.preferIPv4Stack" value="true" />
    <property name="env.RUN_TESTS" value="true" />
    <property name="timeout.short" value="1000000" />
    <property name="junit.formatter" value="xml" />
    <property name="env.TRAVIS_SUDO" value="true" />
    <property name="env.TRAVIS_JOB_NAME" value="" />
    <property name="env.TRAVIS_STACK_NODE_ATTRIBUTES" value="/.node-attributes.yml" />
    <property name="env.LOGNAME" value="travis" />
    <property name="env.PT_TRAVIS_TEST_CORE1_XML" value="true" />
    <property name="jsdoc.home" value="node_modules/@terraswarm/jsdoc" />
    <property name="debuglevel" value="source,lines,vars" />
    <property name="checkstyle.formatter" value="xml" />
    <property name="env._system_version" value="16.04" />
    <property name="bin.vergil.makeable" value="true" />
    <property name="sun.os.patch.level" value="unknown" />
    <property name="java.vendor.url" value="http://java.oracle.com/" />
    <property name="env.TRAVIS_BUILD_WEB_URL" value="https://travis-ci.org/icyphy/ptII/builds/669694678" />
    <property name="java.version" value="11.0.2" />
    <property name="env.TZ" value="UTC" />
    <property name="env.TRAVIS_PULL_REQUEST_SHA" value="" />
    <property name="env.PT_NO_NET" value="true" />
    <property name="env.TRAVIS_SECURE_ENV_VARS" value="true" />
    <property name="env._system_type" value="Linux" />
    <property name="java.vendor.url.bug" value="http://bugreport.java.com/bugreport/" />
    <property name="npmjs-org-is-up" value="true" />
    <property name="env.LANGUAGE" value="en_US.UTF-8" />
    <property name="env.SSH_CLIENT" value="10.52.1.81 60380 22" />
    <property name="env.GEM_HOME" value="/home/travis/.rvm/gems/ruby-2.5.3" />
    <property name="env.HAS_ANTARES_THREE_LITTLE_FRONZIES_BADGE" value="true" />
    <property name="java.version.date" value="2019-01-15" />
    <property name="env.PS4" value="+" />
    <property name="ant.project.invoked-targets" value="build,test.core1.xml" />
    <property name="env.TRAVIS_PULL_REQUEST_BRANCH" value="" />
    <property name="env.TRAVIS_REPO_SLUG" value="icyphy/ptII" />
    <property name="env.XDG_DATA_DIRS" value="/usr/local/share:/usr/share:/var/lib/snapd/desktop" />
    <property name="jdk.debug" value="release" />
    <property name="env.TRAVIS_APT_PROXY" value="http://build-cache.travisci.net" />
    <property name="env.TRAVIS_CPU_ARCH" value="amd64" />
    <property name="node.in.path" value="true" />
    <property name="user.name" value="travis" />
    <property name="java.maxmemory" value="1400m" />
    <property name="env.RUBY_VERSION" value="ruby-2.5.3" />
    <property name="env.LANG" value="en_US.UTF-8" />
    <property name="sun.io.unicode.encoding" value="UnicodeLittle" />
    <property name="sun.jnu.encoding" value="UTF-8" />
    <property name="java.runtime.name" value="OpenJDK Runtime Environment" />
    <property name="usefile" value="false" />
    <property name="return.code" value="0" />
    <property name="junit.single.formatter" value="plain" />
    <property name="env.DYLD_LIBRARY_PATH" value="/home/travis/pthla/certi-tools/lib:" />
    <property name="env.DEBIAN_FRONTEND" value="noninteractive" />
    <property name="env.SSH_CONNECTION" value="10.52.1.81 60380 10.20.0.119 22" />
    <property name="env.MYSQL_UNIX_PORT" value="/var/run/mysqld/mysqld.sock" />
    <property name="env.LC_ALL" value="en_US.UTF-8" />
    <property name="env.TRAVIS_ALLOW_FAILURE" value="" />
    <property name="env.TRAVIS_JOB_WEB_URL" value="https://travis-ci.org/icyphy/ptII/jobs/669694686" />
    <property name="java.specification.name" value="Java Platform API Specification" />
    <property name="node.works" value="true" />
    <property name="user.timezone" value="" />
    <property name="path.separator" value=":" />
    <property name="env.TRAVIS_ENABLE_INFRA_DETECTION" value="true" />
    <property name="env.PYTHON_CFLAGS" value="-g -fstack-protector --param=ssp-buffer-size=4 -Wformat -Werror=format-security" />
    <property name="timeout.long" value="4000000" />
    <property name="env.CERTI_HOME" value="/home/travis/pthla/certi-tools" />
    <property name="ant.file.ptII" value="/home/travis/build/icyphy/ptII/build.xml" />
    <property name="javadoc.packagenames" value="com.*,diva.*,lbnl.*,org.hlacerti.*,org.json.*,org.ptolemy.*,org.terraswarm.*,ptolemy.*,ptserver.*" />
    <property name="file.encoding" value="UTF-8" />
    <property name="env.TRAVIS_PULL_REQUEST_SLUG" value="" />
    <property name="ant.project.default-target" value="build" />
    <property name="env.GIT_ASKPASS" value="echo" />
    <property name="env.HOME" value="/home/travis" />
    <property name="sun.java.command" value="org.apache.tools.ant.taskdefs.optional.junit.JUnitTestRunner ptolemy.actor.lib.test.junit.JUnitTclTest skipNonTests=false filtertrace=true haltOnError=false haltOnFailure=false formatter=org.apache.tools.ant.taskdefs.optional.junit.OutErrSummaryJUnitResultFormatter showoutput=true outputtoformatters=true logfailedtests=true threadid=0 logtestlistenerevents=false formatter=org.apache.tools.ant.taskdefs.optional.junit.XMLJUnitResultFormatter,/home/travis/build/icyphy/ptII/reports/junit/TEST-ptolemy.actor.lib.test.junit.JUnitTclTest.xml crashfile=/home/travis/build/icyphy/ptII/junitvmwatcher2823619499846679790.properties propsfile=/home/travis/build/icyphy/ptII/junit2048920346253357892.properties" />
    <property name="env.COMPOSER_NO_INTERACTION" value="1" />
    <property name="env.MANPATH" value="/home/travis/.nvm/versions/node/v7.10.1/share/man:/home/travis/.rvm/rubies/ruby-2.5.3/share/man:/usr/local/cmake-3.12.4/man:/usr/local/clang-7.0.0/share/man:/usr/local/man:/usr/local/share/man:/usr/share/man:/home/travis/.rvm/man" />
    <property name="env.TRAVIS_TIMER_ID" value="16a44152" />
    <property name="ant.file" value="/home/travis/build/icyphy/ptII/build.xml" />
    <property name="env.TRAVIS_COMMIT_RANGE" value="3e950cfe0f3c004454147d0a7dfedd7f8d8e77cc...52bfcaaec950ad6b43d11ffdb9cd3f924b0c1f76" />
    <property name="env._system_name" value="Ubuntu" />
    <property name="ptII.classpath.optional.property" value="/home/travis/build/icyphy/ptII/lib/bsh-2.0b4.jar:/home/travis/build/icyphy/ptII/lib/ptCal.jar:/home/travis/build/icyphy/ptII/lib/java_cup.jar:/home/travis/build/icyphy/ptII/lib/saxon8.jar:/home/travis/build/icyphy/ptII/lib/saxon8-dom.jar:/home/travis/build/icyphy/ptII/lib/chic.jar:/home/travis/build/icyphy/ptII/lib/ptcolt.jar:/home/travis/build/icyphy/ptII/vendors/misc/itext/iText.jar:/home/travis/build/icyphy/ptII/lib/g4ltl.jar:/home/travis/build/icyphy/ptII/lib/StructuralCoder.jar:/home/travis/build/icyphy/ptII/lib/jcerti.jar:/home/travis/build/icyphy/ptII/lib/javax.mail.jar:/home/travis/build/icyphy/ptII/vendors/JMF-2.1.1e/lib/jmf.jar:/home/travis/build/icyphy/ptII/lib/jna-4.0.0-variadic.jar:/home/travis/build/icyphy/ptII/vendors/misc/joystick/Joystick.jar:/home/travis/build/icyphy/ptII/lib/ptjacl.jar:/home/travis/build/icyphy/ptII/lib/jsoup-1.8.2.jar:/home/travis/build/icyphy/ptII/lib/junit-4.8.2.jar:/home/travis/build/icyphy/ptII/lib/JUnitParams-0.4.0.jar:/home/travis/build/icyphy/ptII/ptolemy/actor/lib/excel/jxl.jar:/home/travis/build/icyphy/ptII/lib/jython.jar:/home/travis/build/icyphy/ptII/lib/kieler.jar:/home/travis/build/icyphy/ptII/vendors/opencv/share/OpenCV/java/opencv-341.jar:/home/travis/build/icyphy/ptII/lib/oscP5.jar:/home/travis/build/icyphy/ptII/lib/nrjavaserial-3.11.0.devel.jar:/home/travis/build/icyphy/ptII/vendors/j3d/lib/Linux/j3dcore.jar:/home/travis/build/icyphy/ptII/vendors/j3d/lib/Linux/j3dutils.jar:/home/travis/build/icyphy/ptII/vendors/j3d/lib/Linux/vecmath.jar:/home/travis/build/icyphy/ptII/vendors/jogl/lib/Linux/gluegen-rt-natives-linux-amd64.jar:/home/travis/build/icyphy/ptII/vendors/jogl/lib/Linux/gluegen-rt.jar:/home/travis/build/icyphy/ptII/vendors/jogl/lib/Linux/jogl-all-natives-linux-amd64.jar:/home/travis/build/icyphy/ptII/vendors/jogl/lib/Linux/jogl-all.jar:/home/travis/build/icyphy/ptII/ptolemy/distributed/jini/jar/jini-core.jar:/home/travis/build/icyphy/ptII/ptolemy/distributed/jini/jar/jini-ext.jar:/home/travis/build/icyphy/ptII/ptolemy/distributed/jini/jar/sun-util.jar:/home/travis/build/icyphy/ptII/lib/protobuf-java-2.4.1.jar:/home/travis/build/icyphy/ptII/lib/org.eclipse.paho.client.mqttv3.jar:/home/travis/build/icyphy/ptII/lib/mapss.jar:/home/travis/build/icyphy/ptII/ptolemy/actor/ptalon/antlr/antlr.jar:/home/travis/build/icyphy/ptII/lib/JRI.jar:/home/travis/build/icyphy/ptII/lib/commons-lang-2.6.jar:/home/travis/build/icyphy/ptII/lib/commons-logging-1.1.1.jar:/home/travis/build/icyphy/ptII/lib/sootclasses.jar:/home/travis/build/icyphy/ptII/ptolemy/actor/lib/database/mysql-connector-java-5.1.6-bin.jar:/home/travis/build/icyphy/ptII/vendors/misc/sphinx4/sphinx4-data-5prealpha.jar:/home/travis/build/icyphy/ptII/vendors/misc/sphinx4/sphinx4-core-5prealpha.jar:/home/travis/build/icyphy/ptII/lib/PDFRenderer.jar:/home/travis/build/icyphy/ptII/lib/svgSalamander.jar:/home/travis/build/icyphy/ptII/lib/rsyntaxtextarea-2.6.0-SNAPSHOT.jar:/home/travis/build/icyphy/ptII/lib/hazelcast-3.8.2.jar:/home/travis/build/icyphy/ptII/lib/jackson-annotations-2.9.0.jar:/home/travis/build/icyphy/ptII/lib/jackson-core-2.9.3.jar:/home/travis/build/icyphy/ptII/lib/jackson-databind-2.9.3.jar:/home/travis/build/icyphy/ptII/lib/netty-buffer-4.1.19.Final.jar:/home/travis/build/icyphy/ptII/lib/netty-codec-4.1.19.Final.jar:/home/travis/build/icyphy/ptII/lib/netty-codec-dns-4.1.19.Final.jar:/home/travis/build/icyphy/ptII/lib/netty-codec-http-4.1.19.Final.jar:/home/travis/build/icyphy/ptII/lib/netty-codec-http2-4.1.19.Final.jar:/home/travis/build/icyphy/ptII/lib/netty-common-4.1.19.Final.jar:/home/travis/build/icyphy/ptII/lib/netty-handler-4.1.19.Final.jar:/home/travis/build/icyphy/ptII/lib/netty-resolver-4.1.19.Final.jar:/home/travis/build/icyphy/ptII/lib/netty-resolver-dns-4.1.19.Final.jar:/home/travis/build/icyphy/ptII/lib/netty-transport-4.1.19.Final.jar:/home/travis/build/icyphy/ptII/lib/vertx-codegen-3.5.1.jar:/home/travis/build/icyphy/ptII/lib/vertx-core-3.5.2-SNAPSHOT.jar:/home/travis/build/icyphy/ptII/lib/vertx-hazelcast-3.5.1.jar:/home/travis/build/icyphy/ptII/lib/vertx-lang-js-3.5.1.jar:/home/travis/build/icyphy/ptII/lib/vertx-service-proxy-3.5.1.jar:/home/travis/build/icyphy/ptII/lib/vertx-web-3.5.1.jar:/home/travis/build/icyphy/ptII/lib/slf4j-api-1.7.13.jar:/home/travis/build/icyphy/ptII/lib/slf4j-simple-1.7.13.jar:/home/travis/build/icyphy/ptII/lib/webcam-capture-0.3.12.jar:/home/travis/build/icyphy/ptII/lib/bridj-0.7.0.jar:/home/travis/build/icyphy/ptII/lib/xbjlib-1.1.0.nrjavaserial.jar" />
    <property name="timeout" value="2400000" />
    <property name="test.batch" value="**/junit/*.java" />
    <property name="env._" value="/usr/bin/timeout" />
    <property name="java.io.tmpdir" value="/tmp" />
    <property name="user.language" value="en" />
    <property name="env.TRAVIS_INTERNAL_RUBY_REGEX" value="^ruby-(2\.[0-4]\.[0-9]|1\.9\.3)" />
    <property name="env.HISTCONTROL" value="ignoredups:ignorespace" />
    <property name="env.GOROOT" value="/home/travis/.gimme/versions/go1.11.1.linux.amd64" />
    <property name="line.separator" value="&#xa;" />
    <property name="target" value="11" />
    <property name="env.TRAVIS_BUILD_DIR" value="/home/travis/build/icyphy/ptII" />
    <property name="env.ANT_OPTS" value="-Xmx2048m" />
    <property name="ant.file.type" value="file" />
    <property name="ptolemy.ptII.batchMode" value="true" />
    <property name="env.HISTSIZE" value="1000" />
    <property name="env.MERB_ENV" value="test" />
    <property name="java.vm.info" value="mixed mode" />
    <property name="source" value="11" />
    <property name="java.vm.specification.name" value="Java Virtual Machine Specification" />
    <property name="env.TRAVIS_TEST_RESULT" value="0" />
    <property name="jsdoc.command" value="node_modules/@terraswarm/jsdoc/jsdoc.js" />
    <property name="npm.works" value="true" />
    <property name="cobertura.dir" value="/home/travis/build/icyphy/ptII/vendors/cobertura-2.0.3" />
    <property name="jsdoc.command.exists" value="true" />
    <property name="env.rvm_path" value="/home/travis/.rvm" />
    <property name="env.GEM_PATH" value="/home/travis/.rvm/gems/ruby-2.5.3:/home/travis/.rvm/gems/ruby-2.5.3@global" />
    <property name="env.LC_CTYPE" value="en_US.UTF-8" />
    <property name="env.TRAVIS_CMD" value="$PTII/bin/ptIITravisBuild.sh $SECONDS" />
    <property name="java.awt.printerjob" value="sun.print.PSPrinterJob" />
    <property name="env.TRAVIS_STACK_NAME" value="sardonyx" />
    <property name="env.TRAVIS_TIMER_START_TIME" value="1585748228580337183" />
    <property name="ant.version" value="Apache Ant(TM) version 1.10.1 compiled on February 2 2017" />
    <property name="ptII.reports" value="/home/travis/build/icyphy/ptII/reports" />
    <property name="env.TRAVIS_STACK_TIMESTAMP" value="2019-03-25 16:16:56 UTC" />
    <property name="ant.file.type.ptII" value="file" />
    <property name="env.RBENV_SHELL" value="bash" />
    <property name="os.name" value="Linux" />
    <property name="java.specification.vendor" value="Oracle Corporation" />
    <property name="env.rvm_version" value="1.29.7 (latest)" />
    <property name="env.TRAVIS_INFRA" value="unknown" />
    <property name="env.TERM" value="xterm" />
    <property name="java.vm.name" value="OpenJDK 64-Bit Server VM" />
    <property name="env.TRAVIS_BUILD_NUMBER" value="1588" />
    <property name="env.CI" value="true" />
    <property name="java.library.path" value="/home/travis/pthla/certi-tools/lib:/usr/lib/jni:/usr/local/share/OpenCV/java/:/usr/share/OpenCV/java::/usr/java/packages/lib:/usr/lib64:/lib64:/lib:/usr/lib" />
    <property name="jdk.module.path" value="/home/travis/build/icyphy/ptII/vendors/javafx/javafx-sdk-11.0.2/lib:" />
    <property name="env.rvm_prefix" value="/home/travis" />
    <property name="env.PATH" value="/home/travis/pthla/certi-tools/share/scripts:/home/travis/.rvm/gems/ruby-2.5.3/bin:/home/travis/.rvm/gems/ruby-2.5.3@global/bin:/home/travis/.rvm/rubies/ruby-2.5.3/bin:/home/travis/.rvm/bin:/home/travis/.nvm/versions/node/v7.10.1/bin:./node_modules/.bin:/home/travis/build/icyphy/ptII/bin:/home/travis/pthla/certi-tools/bin:/home/travis/bin:/home/travis/.local/bin:/usr/local/lib/jvm/openjdk11/bin:/opt/pyenv/shims:/home/travis/.phpenv/shims:/home/travis/perl5/perlbrew/bin:/home/travis/gopath/bin:/home/travis/.gimme/versions/go1.11.1.linux.amd64/bin:/usr/local/maven-3.6.0/bin:/usr/local/cmake-3.12.4/bin:/usr/local/clang-7.0.0/bin:/usr/local/sbin:/usr/local/bin:/usr/sbin:/usr/bin:/sbin:/bin:/snap/bin:/home/travis/.phpenv/bin:/opt/pyenv/bin:/home/travis/.yarn/bin" />
    <property name="env.TRAVIS_OS_NAME" value="linux" />
    <property name="ant.java.version" value="9" />
    <property name="basedir" value="/home/travis/build/icyphy/ptII" />
    <property name="java.class.version" value="55.0" />
    <property name="env.SHLVL" value="3" />
    <property name="env.LD_LIBRARY_PATH" value="/home/travis/pthla/certi-tools/lib:/usr/lib/jni:/usr/local/share/OpenCV/java/:/usr/share/OpenCV/java:" />
    <property name="env.RACK_ENV" value="test" />
    <property name="ant.home" value="/home/travis/build/icyphy/ptII/ant" />
    <property name="env.NVM_DIR" value="/home/travis/.nvm" />
    <property name="env.CERTI_FOM_PATH" value="/home/travis/pthla/certi-tools/share/federations" />
    <property name="env.TRAVIS_BUILD_ID" value="669694678" />
    <property name="env.PYENV_ROOT" value="/opt/pyenv" />
    <property name="env.TRAVIS_UID" value="2000" />
    <property name="prism.verbose" value="true" />
    <property name="env.NVM_BIN" value="/home/travis/.nvm/versions/node/v7.10.1/bin" />
    <property name="env.TRAVIS_COMMIT" value="52bfcaaec950ad6b43d11ffdb9cd3f924b0c1f76" />
    <property name="env._system_arch" value="x86_64" />
    <property name="node.executable" value="node" />
    <property name="sun.boot.library.path" value="/usr/local/lib/jvm/openjdk11/lib" />
    <property name="sun.management.compiler" value="HotSpot 64-Bit Tiered Compilers" />
    <property name="java.awt.graphicsenv" value="sun.awt.X11GraphicsEnvironment" />
    <property name="env.GOPATH" value="/home/travis/gopath" />
    <property name="ptolemy.ptII.dir" value="/home/travis/build/icyphy/ptII" />
    <property name="env.USER" value="travis" />
    <property name="env.HISTFILESIZE" value="2000" />
    <property name="env.NVM_INC" value="/home/travis/.nvm/versions/node/v7.10.1/include/node" />
    <property name="timeout.longest" value="19000000" />
    <property name="env.PERLBREW_SHELLRC_VERSION" value="0.86" />
    <property name="env.TRAVIS_STACK_FEATURES" value="basic couchdb disabled-ipv6 docker docker-compose elasticsearch firefox go-toolchain google-chrome jdk memcached mongodb mysql nodejs_interpreter perl_interpreter perlbrew phantomjs postgresql python_interpreter redis ruby_interpreter sqlite xserver" />
    <property name="env.TRAVIS_PULL_REQUEST" value="false" />
    <property name="env.PYENV_SHELL" value="bash" />
    <property name="ant.project.name" value="ptII" />
    <property name="env.ANSI_RESET" value="\033[0m" />
    <property name="java.vm.specification.version" value="11" />
    <property name="env.TRAVIS_DIST" value="xenial" />
    <property name="env.CERTI_VERSION" value="4.0.0" />
    <property name="env.CERTI_HOST" value="localhost" />
    <property name="awt.toolkit" value="sun.awt.X11.XToolkit" />
    <property name="env.MY_RUBY_HOME" value="/home/travis/.rvm/rubies/ruby-2.5.3" />
    <property name="sun.cpu.isalist" value="" />
    <property name="env.TRAVIS_TMPDIR" value="/tmp/tmp.BYsvRKUTTO" />
    <property name="java.vm.compressedOopsMode" value="Zero based" />
    <property name="os.version" value="4.15.0-1028-gcp" />
    <property name="user.home" value="/home/travis" />
    <property name="java.vm.vendor" value="Oracle Corporation" />
    <property name="env.TRAVIS_TAG" value="nightly" />
    <property name="env.ANSI_YELLOW" value="\033[33;1m" />
    <property name="env.TRAVIS_FILTERED" value="redirect_io" />
    <property name="env.ANSI_GREEN" value="\033[32;1m" />
    <property name="env.JAVA_HOME" value="/usr/local/lib/jvm/openjdk11" />
    <property name="javadoc.excludepackagenames" value="adm.cvs2svn.*,build.*,config.*,doc.coding.templates.*,jni.test.jni.meaningOfLife.*,jni.test.jni.testDeux.*,jni.test.jni.testTrois.*,org.terraswarm.accessor.accessors.web.node_modules.*,org.terraswarm.accessor.accessors.web.hosts.cordova.demo.*,org.terraswarm.accessor.accessors.web.hosts.cordova.plugins.*,org.terraswarm.accessor.accessors-svn.*,pt-modules.*,ptolemy.apps.agilent.*,ptolemy.apps.anytimecontrol.*,ptolemy.apps.apes.*,ptolemy.apps.charon.*,ptolemy.apps.crazyboard.*,ptolemy.apps.eclipse.*,ptolemy.apps.etherealSting.*,ptolemy.apps.fullscreen.*,ptolemy.apps.giotto.*,ptolemy.apps.ia.*,ptolemy.apps.interfaces.*,ptolemy.apps.jmf.*,ptolemy.apps.kurt.*,ptolemy.apps.kvm.*,ptolemy.apps.lego.*,ptolemy.apps.lejos.*,ptolemy.apps.midp.*,ptolemy.apps.mobileCoding.*,ptolemy.apps.pendulum.*,ptolemy.apps.rijndael.*,ptolemy.apps.robot.*,ptolemy.apps.security.*,ptolemy.apps.sobel.*,ptolemy.apps.soot.*,ptolemy.apps.throttle.*,ptolemy.apps.tini.*,ptolemy.apps.transmission.*,ptolemy.apps.vergil.*,ptolemy.apps.waba.*,ptolemy.apps.websensor.*,ptolemy.apps.webstart.*,ptolemy.apps.xsl.*,ptolemy.apps.zaurus.*,ptolemy.codegen.c.actor.lib.oldJavaFiles.*,ptolemy.codegen.dsp.lib.*,ptolemy.codegen.kernel.newInterfaces.*,ptolemy.codegen.lib.*,ptolemy.copernicus.kernel.fragment.*,ptolemy.copernicus.shallow.cg.*,ptolemy.domains.giotto.demo.Hierarchy.Hierarchy.*,ptolemy.domains.giotto.demo.Multimode.Multimode.*,ptolemy.domains.giotto.demo.Simple.Simple.*,ptolemy.domains.gr.lib.experimental.*,ptolemy.domains.gro.*,ptolemy.domains.pdf.*,ptolemy.domains.ptinyos.demo.Surge.output.*,ptolemy.moml.test.NoPackageActor.java*,ptolemy.plot.adm.*,ptolemy.plot.servlet.*,reports.*,signed.*,src.*,target.*,vendors.*,ptolemy.copernicus.applet.*,ptolemy.media.viewer.*,ptolemy.actor.corba.*,doc.doclets.*,ptolemy.apps.eclipse.awt.*,ptolemy.backtrack.*,ptolemy.backtrack.ast.*,ptolemy.cg.adapter.generic.program.procedural.c.mbed*,ptolemy.homer.*,ptolemy.actor.lib.jai.*,org.ptolemy.scala.*,diva.util.java2d.svg.*,ptolemy.domains.ptinyos.*,ptolemy.actor.lib.fmi.fmipp.*,,org.terraswarm.accessor.accessors.web.node_modules.*,org.terraswarm.accessor.accessors-svn,ptolemy.apps.*,ptolemy.actor.ptalon.demo.ptinyos.SendAndReceiveCnt.output,ptolemy.actor.ptalon.demo.ptinyos.SenseToLeds.output,ptolemy.domains.ptinyos.demo.CntToLedsAndRfm.output,ptolemy.domains.ptinyos.demo.RfmToLeds.output,ptolemy.domains.ptinyos.demo.SendAndReceiveCnt.output,ptolemy.domains.ptinyos.demo.SenseToLeds.output,ptolemy.actor.lib.jjs.modules.udpSocket.*" />
    <property name="env.PTII" value="/home/travis/build/icyphy/ptII" />
    <property name="env.XDG_SESSION_ID" value="2" />
    <property name="keystore" value="ptKeystore" />
    <property name="env.TRAVIS_COMMIT_MESSAGE" value="Updating models using array data type." />
    <property name="junit.output.dir" value="/home/travis/build/icyphy/ptII/reports/junit" />
    <property name="npm.return.code" value="0" />
    <property name="user.dir" value="/home/travis/build/icyphy/ptII/ptolemy/actor/lib/test" />
    <property name="env.TRAVIS_NODE_VERSION" value="7" />
    <property name="env.TRAVIS_EVENT_TYPE" value="cron" />
    <property name="env.MAIL" value="/var/mail/travis" />
    <property name="env.PERLBREW_ROOT" value="/home/travis/perl5/perlbrew" />
    <property name="env.PWD" value="/home/travis/build/icyphy/ptII" />
    <property name="timeout.npm" value="45000" />
    <property name="env.TRAVIS_ARCH" value="amd64" />
    <property name="sun.cpu.endian" value="little" />
    <property name="env.PAGER" value="cat" />
    <property name="env.TRAVIS_BUILD_STAGE_NAME" value="test" />
    <property name="env.PERLBREW_HOME" value="/home/travis/.perlbrew" />
    <property name="java.vm.version" value="11.0.2+9" />
    <property name="env.RAILS_ENV" value="test" />
    <property name="java.class.path" value="/home/travis/.ptolemyII:/home/travis/.ptolemyII/*:/home/travis/build/icyphy/ptII:/home/travis/build/icyphy/ptII/lib/bsh-2.0b4.jar:/home/travis/build/icyphy/ptII/lib/ptCal.jar:/home/travis/build/icyphy/ptII/lib/java_cup.jar:/home/travis/build/icyphy/ptII/lib/saxon8.jar:/home/travis/build/icyphy/ptII/lib/saxon8-dom.jar:/home/travis/build/icyphy/ptII/lib/chic.jar:/home/travis/build/icyphy/ptII/lib/ptcolt.jar:/home/travis/build/icyphy/ptII/vendors/misc/itext/iText.jar:/home/travis/build/icyphy/ptII/lib/g4ltl.jar:/home/travis/build/icyphy/ptII/lib/StructuralCoder.jar:/home/travis/build/icyphy/ptII/lib/jcerti.jar:/home/travis/build/icyphy/ptII/lib/javax.mail.jar:/home/travis/build/icyphy/ptII/vendors/JMF-2.1.1e/lib/jmf.jar:/home/travis/build/icyphy/ptII/lib/jna-4.0.0-variadic.jar:/home/travis/build/icyphy/ptII/vendors/misc/joystick/Joystick.jar:/home/travis/build/icyphy/ptII/lib/ptjacl.jar:/home/travis/build/icyphy/ptII/lib/jsoup-1.8.2.jar:/home/travis/build/icyphy/ptII/lib/junit-4.8.2.jar:/home/travis/build/icyphy/ptII/lib/JUnitParams-0.4.0.jar:/home/travis/build/icyphy/ptII/ptolemy/actor/lib/excel/jxl.jar:/home/travis/build/icyphy/ptII/lib/jython.jar:/home/travis/build/icyphy/ptII/lib/kieler.jar:/home/travis/build/icyphy/ptII/vendors/opencv/share/OpenCV/java/opencv-341.jar:/home/travis/build/icyphy/ptII/lib/oscP5.jar:/home/travis/build/icyphy/ptII/lib/nrjavaserial-3.11.0.devel.jar:/home/travis/build/icyphy/ptII/vendors/j3d/lib/Linux/j3dcore.jar:/home/travis/build/icyphy/ptII/vendors/j3d/lib/Linux/j3dutils.jar:/home/travis/build/icyphy/ptII/vendors/j3d/lib/Linux/vecmath.jar:/home/travis/build/icyphy/ptII/vendors/jogl/lib/Linux/gluegen-rt-natives-linux-amd64.jar:/home/travis/build/icyphy/ptII/vendors/jogl/lib/Linux/gluegen-rt.jar:/home/travis/build/icyphy/ptII/vendors/jogl/lib/Linux/jogl-all-natives-linux-amd64.jar:/home/travis/build/icyphy/ptII/vendors/jogl/lib/Linux/jogl-all.jar:/home/travis/build/icyphy/ptII/ptolemy/distributed/jini/jar/jini-core.jar:/home/travis/build/icyphy/ptII/ptolemy/distributed/jini/jar/jini-ext.jar:/home/travis/build/icyphy/ptII/ptolemy/distributed/jini/jar/sun-util.jar:/home/travis/build/icyphy/ptII/lib/protobuf-java-2.4.1.jar:/home/travis/build/icyphy/ptII/lib/org.eclipse.paho.client.mqttv3.jar:/home/travis/build/icyphy/ptII/lib/mapss.jar:/home/travis/build/icyphy/ptII/ptolemy/actor/ptalon/antlr/antlr.jar:/home/travis/build/icyphy/ptII/lib/JRI.jar:/home/travis/build/icyphy/ptII/lib/commons-lang-2.6.jar:/home/travis/build/icyphy/ptII/lib/commons-logging-1.1.1.jar:/home/travis/build/icyphy/ptII/lib/sootclasses.jar:/home/travis/build/icyphy/ptII/ptolemy/actor/lib/database/mysql-connector-java-5.1.6-bin.jar:/home/travis/build/icyphy/ptII/vendors/misc/sphinx4/sphinx4-data-5prealpha.jar:/home/travis/build/icyphy/ptII/vendors/misc/sphinx4/sphinx4-core-5prealpha.jar:/home/travis/build/icyphy/ptII/lib/PDFRenderer.jar:/home/travis/build/icyphy/ptII/lib/svgSalamander.jar:/home/travis/build/icyphy/ptII/lib/rsyntaxtextarea-2.6.0-SNAPSHOT.jar:/home/travis/build/icyphy/ptII/lib/hazelcast-3.8.2.jar:/home/travis/build/icyphy/ptII/lib/jackson-annotations-2.9.0.jar:/home/travis/build/icyphy/ptII/lib/jackson-core-2.9.3.jar:/home/travis/build/icyphy/ptII/lib/jackson-databind-2.9.3.jar:/home/travis/build/icyphy/ptII/lib/netty-buffer-4.1.19.Final.jar:/home/travis/build/icyphy/ptII/lib/netty-codec-4.1.19.Final.jar:/home/travis/build/icyphy/ptII/lib/netty-codec-dns-4.1.19.Final.jar:/home/travis/build/icyphy/ptII/lib/netty-codec-http-4.1.19.Final.jar:/home/travis/build/icyphy/ptII/lib/netty-codec-http2-4.1.19.Final.jar:/home/travis/build/icyphy/ptII/lib/netty-common-4.1.19.Final.jar:/home/travis/build/icyphy/ptII/lib/netty-handler-4.1.19.Final.jar:/home/travis/build/icyphy/ptII/lib/netty-resolver-4.1.19.Final.jar:/home/travis/build/icyphy/ptII/lib/netty-resolver-dns-4.1.19.Final.jar:/home/travis/build/icyphy/ptII/lib/netty-transport-4.1.19.Final.jar:/home/travis/build/icyphy/ptII/lib/vertx-codegen-3.5.1.jar:/home/travis/build/icyphy/ptII/lib/vertx-core-3.5.2-SNAPSHOT.jar:/home/travis/build/icyphy/ptII/lib/vertx-hazelcast-3.5.1.jar:/home/travis/build/icyphy/ptII/lib/vertx-lang-js-3.5.1.jar:/home/travis/build/icyphy/ptII/lib/vertx-service-proxy-3.5.1.jar:/home/travis/build/icyphy/ptII/lib/vertx-web-3.5.1.jar:/home/travis/build/icyphy/ptII/lib/slf4j-api-1.7.13.jar:/home/travis/build/icyphy/ptII/lib/slf4j-simple-1.7.13.jar:/home/travis/build/icyphy/ptII/lib/webcam-capture-0.3.12.jar:/home/travis/build/icyphy/ptII/lib/bridj-0.7.0.jar:/home/travis/build/icyphy/ptII/lib/xbjlib-1.1.0.nrjavaserial.jar:/home/travis/build/icyphy/ptII/ptolemy/moml/test:/home/travis/build/icyphy/ptII/ant/lib/ant-launcher.jar:/home/travis/build/icyphy/ptII/ant/lib/ant.jar:/home/travis/build/icyphy/ptII/ant/lib/ant-junit.jar:/home/travis/build/icyphy/ptII/ant/lib/ant-junit4.jar" />
    <property name="ant.library.dir" value="/home/travis/build/icyphy/ptII/ant/lib" />
    <property name="os.arch" value="amd64" />
    <property name="env.CONTINUOUS_INTEGRATION" value="true" />
    <property name="env.TRAVIS_LANGUAGE" value="node_js" />
    <property name="env.TRAVIS_STACK_LANGUAGES" value="__sardonyx__ c c++ clojure cplusplus cpp default generic go groovy java node_js php pure_java python ruby scala" />
    <property name="test.name" value="ptolemy.actor.lib.test.junit.JUnitTclTest" />
    <property name="env.APT_KEY_DONT_WARN_ON_DANGEROUS_USAGE" value="1" />
    <property name="sun.java.launcher" value="SUN_STANDARD" />
    <property name="env.PYTHON_CONFIGURE_OPTS" value="--enable-unicode=ucs4 --with-wide-unicode --enable-shared --enable-ipv6 --enable-loadable-sqlite-extensions --with-computed-gotos" />
    <property name="ant.core.lib" value="/home/travis/build/icyphy/ptII/ant/lib/ant.jar" />
    <property name="java.vm.specification.vendor" value="Oracle Corporation" />
    <property name="env.BCVTB_HOME" value="/home/travis/build/icyphy/ptII/lbnl" />
    <property name="file.separator" value="/" />
    <property name="spotbugs.home" value="/home/travis/build/icyphy/ptII/vendors/spotbugs-3.1.1" />
    <property name="java.runtime.version" value="11.0.2+9" />
    <property name="env.ANSI_CLEAR" value="\033[0K" />
    <property name="javafx.verbose" value="true" />
    <property name="env.HAS_JOSH_K_SEAL_OF_APPROVAL" value="true" />
    <property name="env.XDG_RUNTIME_DIR" value="/run/user/2000" />
    <property name="env.TRAVIS_OSX_IMAGE" value="" />
    <property name="env.TRAVIS_JOB_ID" value="669694686" />
    <property name="env.TRAVIS_BRANCH" value="master" />
    <property name="user.country" value="US" />
    <property name="env.CERTI_HOME_TRAVIS" value="/home/travis/pthla/certi-tools" />
    <property name="env.SHELL" value="/bin/bash" />
    <property name="java.maxmemory.large" value="3200m" />
    <property name="model" value="" />
    <property name="env.CASHER_DIR" value="/home/travis/.casher" />
    <property name="env.NVM_CD_FLAGS" value="" />
    <property name="java.vendor.version" value="18.9" />
    <property name="jshint.executable" value="/home/travis/node_modules/jshint/bin/jshint" />
    <property name="env.JRUBY_OPTS" value=" --client -J-XX:+TieredCompilation -J-XX:TieredStopAtLevel=1 -J-Xss2m -Xcompile.invokedynamic=false" />
    <property name="java.vendor" value="Oracle Corporation" />
    <property name="env.TRAVIS_PRE_CHEF_BOOTSTRAP_TIME" value="2019-03-25T16:16:42" />
    <property name="env.TRAVIS_STACK_JOB_BOARD_REGISTER" value="/.job-board-register.yml" />
    <property name="env.ANSI_RED" value="\033[31;1m" />
    <property name="java.specification.version" value="11" />
    <property name="env.IRBRC" value="/home/travis/.rvm/rubies/ruby-2.5.3/.irbrc" />
    <property name="env.TRAVIS" value="true" />
    <property name="sun.arch.data.model" value="64" />
  </properties>
  <testcase classname="ptolemy.util.test.junit.TclTests" name="[0] /home/travis/build/icyphy/ptII/ptolemy/actor/lib/test/AbsoluteValue.tcl (RunTclFile)" time="0.532" />
  <testcase classname="ptolemy.util.test.junit.TclTests" name="[1] /home/travis/build/icyphy/ptII/ptolemy/actor/lib/test/AddSubtract.tcl (RunTclFile)" time="0.197" />
  <testcase classname="ptolemy.util.test.junit.TclTests" name="[2] /home/travis/build/icyphy/ptII/ptolemy/actor/lib/test/Average.tcl (RunTclFile)" time="0.08" />
  <testcase classname="ptolemy.util.test.junit.TclTests" name="[3] /home/travis/build/icyphy/ptII/ptolemy/actor/lib/test/Bernoulli.tcl (RunTclFile)" time="0.026" />
  <testcase classname="ptolemy.util.test.junit.TclTests" name="[4] /home/travis/build/icyphy/ptII/ptolemy/actor/lib/test/Clock.tcl (RunTclFile)" time="0.11" />
  <testcase classname="ptolemy.util.test.junit.TclTests" name="[5] /home/travis/build/icyphy/ptII/ptolemy/actor/lib/test/Commutator.tcl (RunTclFile)" time="0.161" />
  <testcase classname="ptolemy.util.test.junit.TclTests" name="[6] /home/travis/build/icyphy/ptII/ptolemy/actor/lib/test/Const.tcl (RunTclFile)" time="0.073" />
  <testcase classname="ptolemy.util.test.junit.TclTests" name="[7] /home/travis/build/icyphy/ptII/ptolemy/actor/lib/test/CurrentTime.tcl (RunTclFile)" time="0.021" />
  <testcase classname="ptolemy.util.test.junit.TclTests" name="[8] /home/travis/build/icyphy/ptII/ptolemy/actor/lib/test/DB.tcl (RunTclFile)" time="0.023" />
  <testcase classname="ptolemy.util.test.junit.TclTests" name="[9] /home/travis/build/icyphy/ptII/ptolemy/actor/lib/test/DiscreteRandomSource.tcl (RunTclFile)" time="0.026" />
  <testcase classname="ptolemy.util.test.junit.TclTests" name="[10] /home/travis/build/icyphy/ptII/ptolemy/actor/lib/test/Distributor.tcl (RunTclFile)" time="0.091" />
  <testcase classname="ptolemy.util.test.junit.TclTests" name="[11] /home/travis/build/icyphy/ptII/ptolemy/actor/lib/test/Exit.tcl (RunTclFile)" time="0.108" />
  <testcase classname="ptolemy.util.test.junit.TclTests" name="[12] /home/travis/build/icyphy/ptII/ptolemy/actor/lib/test/Expression.tcl (RunTclFile)" time="0.147" />
  <testcase classname="ptolemy.util.test.junit.TclTests" name="[13] /home/travis/build/icyphy/ptII/ptolemy/actor/lib/test/Gaussian.tcl (RunTclFile)" time="0.717" />
  <testcase classname="ptolemy.util.test.junit.TclTests" name="[14] /home/travis/build/icyphy/ptII/ptolemy/actor/lib/test/IIR.tcl (RunTclFile)" time="0.043" />
  <testcase classname="ptolemy.util.test.junit.TclTests" name="[15] /home/travis/build/icyphy/ptII/ptolemy/actor/lib/test/Interpolator.tcl (RunTclFile)" time="0.063" />
  <testcase classname="ptolemy.util.test.junit.TclTests" name="[16] /home/travis/build/icyphy/ptII/ptolemy/actor/lib/test/MathFunction.tcl (RunTclFile)" time="0.051" />
  <testcase classname="ptolemy.util.test.junit.TclTests" name="[17] /home/travis/build/icyphy/ptII/ptolemy/actor/lib/test/Maximum.tcl (RunTclFile)" time="0.054" />
  <testcase classname="ptolemy.util.test.junit.TclTests" name="[18] /home/travis/build/icyphy/ptII/ptolemy/actor/lib/test/Minimum.tcl (RunTclFile)" time="0.033" />
  <testcase classname="ptolemy.util.test.junit.TclTests" name="[19] /home/travis/build/icyphy/ptII/ptolemy/actor/lib/test/MultiplyDivide.tcl (RunTclFile)" time="0.061" />
  <testcase classname="ptolemy.util.test.junit.TclTests" name="[20] /home/travis/build/icyphy/ptII/ptolemy/actor/lib/test/OrderedMerge.tcl (RunTclFile)" time="0.139" />
  <testcase classname="ptolemy.util.test.junit.TclTests" name="[21] /home/travis/build/icyphy/ptII/ptolemy/actor/lib/test/Publisher.tcl (RunTclFile)" time="0.88" />
  <testcase classname="ptolemy.util.test.junit.TclTests" name="[22] /home/travis/build/icyphy/ptII/ptolemy/actor/lib/test/Pulse.tcl (RunTclFile)" time="0.039" />
  <testcase classname="ptolemy.util.test.junit.TclTests" name="[23] /home/travis/build/icyphy/ptII/ptolemy/actor/lib/test/Ramp.tcl (RunTclFile)" time="2.205" />
  <testcase classname="ptolemy.util.test.junit.TclTests" name="[24] /home/travis/build/icyphy/ptII/ptolemy/actor/lib/test/RampContinuous.tcl (RunTclFile)" time="0.021" />
  <testcase classname="ptolemy.util.test.junit.TclTests" name="[25] /home/travis/build/icyphy/ptII/ptolemy/actor/lib/test/RecordAssembler.tcl (RunTclFile)" time="0.016" />
  <testcase classname="ptolemy.util.test.junit.TclTests" name="[26] /home/travis/build/icyphy/ptII/ptolemy/actor/lib/test/RecordDisassembler.tcl (RunTclFile)" time="0.02" />
  <testcase classname="ptolemy.util.test.junit.TclTests" name="[27] /home/travis/build/icyphy/ptII/ptolemy/actor/lib/test/Scale.tcl (RunTclFile)" time="0.018" />
  <testcase classname="ptolemy.util.test.junit.TclTests" name="[28] /home/travis/build/icyphy/ptII/ptolemy/actor/lib/test/SequentialClock.tcl (RunTclFile)" time="0.018" />
  <testcase classname="ptolemy.util.test.junit.TclTests" name="[29] /home/travis/build/icyphy/ptII/ptolemy/actor/lib/test/SetVariable.tcl (RunTclFile)" time="0.013" />
  <testcase classname="ptolemy.util.test.junit.TclTests" name="[30] /home/travis/build/icyphy/ptII/ptolemy/actor/lib/test/Sinewave.tcl (RunTclFile)" time="0.048" />
  <testcase classname="ptolemy.util.test.junit.TclTests" name="[31] /home/travis/build/icyphy/ptII/ptolemy/actor/lib/test/SubscriptionAggregator.tcl (RunTclFile)" time="2.08" />
  <testcase classname="ptolemy.util.test.junit.TclTests" name="[32] /home/travis/build/icyphy/ptII/ptolemy/actor/lib/test/Test.tcl (RunTclFile)" time="0.088" />
  <testcase classname="ptolemy.util.test.junit.TclTests" name="[33] /home/travis/build/icyphy/ptII/ptolemy/actor/lib/test/TestExceptionHandler.tcl (RunTclFile)" time="0.012" />
  <testcase classname="ptolemy.util.test.junit.TclTests" name="[34] /home/travis/build/icyphy/ptII/ptolemy/actor/lib/test/UnionDisassembler.tcl (RunTclFile)" time="0.068" />
  <testcase classname="ptolemy.util.test.junit.TclTests" name="[35] /home/travis/build/icyphy/ptII/ptolemy/actor/lib/test/VariableClock.tcl (RunTclFile)" time="0.015" />
  <testcase classname="ptolemy.util.test.junit.AutoKnownFailedTests" name="[0] /home/travis/build/icyphy/ptII/ptolemy/actor/lib/test/auto/knownFailedTests/PublisherPortToplevelSubscriber.xml (RunModel)" time="0.025" />
  <testcase classname="ptolemy.util.test.junit.AutoKnownFailedTests" name="[1] /home/travis/build/icyphy/ptII/ptolemy/actor/lib/test/auto/knownFailedTests/PublisherSubscriberPortToplevel.xml (RunModel)" time="0.015" />
  <testcase classname="ptolemy.util.test.junit.AutoKnownFailedTests" name="[2] /home/travis/build/icyphy/ptII/ptolemy/actor/lib/test/auto/knownFailedTests/PublisherSubscriptionAggregatorPort.xml (RunModel)" time="0.023" />
  <testcase classname="ptolemy.util.test.junit.AutoKnownFailedTests" name="[3] /home/travis/build/icyphy/ptII/ptolemy/actor/lib/test/auto/knownFailedTests/sizedarray3.xml (RunModel)" time="0.029" />
  <testcase classname="ptolemy.util.test.junit.AutoNameArchTests" name="[0] ThereAreNoAutoArchTests (RunModel)" time="0.001" />
  <testcase classname="ptolemy.util.test.junit.AutoTests" name="[0] /home/travis/build/icyphy/ptII/ptolemy/actor/lib/test/auto/AbsoluteValue.xml (RunModel)" time="0.103" />
  <testcase classname="ptolemy.util.test.junit.AutoTests" name="[1] /home/travis/build/icyphy/ptII/ptolemy/actor/lib/test/auto/AbsoluteValue2.xml (RunModel)" time="0.064" />
  <testcase classname="ptolemy.util.test.junit.AutoTests" name="[2] /home/travis/build/icyphy/ptII/ptolemy/actor/lib/test/auto/Accumulator.xml (RunModel)" time="0.067" />
  <testcase classname="ptolemy.util.test.junit.AutoTests" name="[3] /home/travis/build/icyphy/ptII/ptolemy/actor/lib/test/auto/Accumulator2.xml (RunModel)" time="0.052" />
  <testcase classname="ptolemy.util.test.junit.AutoTests" name="[4] /home/travis/build/icyphy/ptII/ptolemy/actor/lib/test/auto/Accumulator3.xml (RunModel)" time="0.035" />
  <testcase classname="ptolemy.util.test.junit.AutoTests" name="[5] /home/travis/build/icyphy/ptII/ptolemy/actor/lib/test/auto/ArrayAppend.xml (RunModel)" time="0.027" />
  <testcase classname="ptolemy.util.test.junit.AutoTests" name="[6] /home/travis/build/icyphy/ptII/ptolemy/actor/lib/test/auto/ArrayAppend2.xml (RunModel)" time="0.515" />
  <testcase classname="ptolemy.util.test.junit.AutoTests" name="[7] /home/travis/build/icyphy/ptII/ptolemy/actor/lib/test/auto/ArrayAppend3.xml (RunModel)" time="0.033" />
  <testcase classname="ptolemy.util.test.junit.AutoTests" name="[8] /home/travis/build/icyphy/ptII/ptolemy/actor/lib/test/auto/ArrayAppend4.xml (RunModel)" time="0.024" />
  <testcase classname="ptolemy.util.test.junit.AutoTests" name="[9] /home/travis/build/icyphy/ptII/ptolemy/actor/lib/test/auto/ArrayAppend5.xml (RunModel)" time="0.017" />
  <testcase classname="ptolemy.util.test.junit.AutoTests" name="[10] /home/travis/build/icyphy/ptII/ptolemy/actor/lib/test/auto/ArrayAppend6.xml (RunModel)" time="0.02" />
  <testcase classname="ptolemy.util.test.junit.AutoTests" name="[11] /home/travis/build/icyphy/ptII/ptolemy/actor/lib/test/auto/ArrayAppendPerformanceTest.xml (RunModel)" time="0.072" />
  <testcase classname="ptolemy.util.test.junit.AutoTests" name="[12] /home/travis/build/icyphy/ptII/ptolemy/actor/lib/test/auto/ArrayAppendWithEmptyInput.xml (RunModel)" time="0.036" />
  <testcase classname="ptolemy.util.test.junit.AutoTests" name="[13] /home/travis/build/icyphy/ptII/ptolemy/actor/lib/test/auto/ArrayAverage.xml (RunModel)" time="0.046" />
  <testcase classname="ptolemy.util.test.junit.AutoTests" name="[14] /home/travis/build/icyphy/ptII/ptolemy/actor/lib/test/auto/ArrayContains.xml (RunModel)" time="0.039" />
  <testcase classname="ptolemy.util.test.junit.AutoTests" name="[15] /home/travis/build/icyphy/ptII/ptolemy/actor/lib/test/auto/ArrayElement.xml (RunModel)" time="0.033" />
  <testcase classname="ptolemy.util.test.junit.AutoTests" name="[16] /home/travis/build/icyphy/ptII/ptolemy/actor/lib/test/auto/ArrayElementAsMatrix.xml (RunModel)" time="0.047" />
  <testcase classname="ptolemy.util.test.junit.AutoTests" name="[17] /home/travis/build/icyphy/ptII/ptolemy/actor/lib/test/auto/ArrayElementI.xml (RunModel)" time="0.03" />
  <testcase classname="ptolemy.util.test.junit.AutoTests" name="[18] /home/travis/build/icyphy/ptII/ptolemy/actor/lib/test/auto/ArrayExtract.xml (RunModel)" time="0.041" />
  <testcase classname="ptolemy.util.test.junit.AutoTests" name="[19] /home/travis/build/icyphy/ptII/ptolemy/actor/lib/test/auto/ArrayExtract2.xml (RunModel)" time="0.017" />
  <testcase classname="ptolemy.util.test.junit.AutoTests" name="[20] /home/travis/build/icyphy/ptII/ptolemy/actor/lib/test/auto/ArrayLength.xml (RunModel)" time="0.026" />
  <testcase classname="ptolemy.util.test.junit.AutoTests" name="[21] /home/travis/build/icyphy/ptII/ptolemy/actor/lib/test/auto/ArrayLevelCrossing.xml (RunModel)" time="0.027" />
  <testcase classname="ptolemy.util.test.junit.AutoTests" name="[22] /home/travis/build/icyphy/ptII/ptolemy/actor/lib/test/auto/ArrayLevelCrossing2.xml (RunModel)" time="0.024" />
  <testcase classname="ptolemy.util.test.junit.AutoTests" name="[23] /home/travis/build/icyphy/ptII/ptolemy/actor/lib/test/auto/ArrayPeakSearch.xml (RunModel)" time="0.041" />
  <testcase classname="ptolemy.util.test.junit.AutoTests" name="[24] /home/travis/build/icyphy/ptII/ptolemy/actor/lib/test/auto/ArrayPeakSearch2.xml (RunModel)" time="0.061" />
  <testcase classname="ptolemy.util.test.junit.AutoTests" name="[25] /home/travis/build/icyphy/ptII/ptolemy/actor/lib/test/auto/ArrayPeakSearch3.xml (RunModel)" time="0.033" />
  <testcase classname="ptolemy.util.test.junit.AutoTests" name="[26] /home/travis/build/icyphy/ptII/ptolemy/actor/lib/test/auto/ArrayRemoveElement.xml (RunModel)" time="0.027" />
  <testcase classname="ptolemy.util.test.junit.AutoTests" name="[27] /home/travis/build/icyphy/ptII/ptolemy/actor/lib/test/auto/ArraySort.xml (RunModel)" time="0.028" />
  <testcase classname="ptolemy.util.test.junit.AutoTests" name="[28] /home/travis/build/icyphy/ptII/ptolemy/actor/lib/test/auto/ArraySum.xml (RunModel)" time="0.016" />
  <testcase classname="ptolemy.util.test.junit.AutoTests" name="[29] /home/travis/build/icyphy/ptII/ptolemy/actor/lib/test/auto/ArrayToElements.xml (RunModel)" time="0.016" />
  <testcase classname="ptolemy.util.test.junit.AutoTests" name="[30] /home/travis/build/icyphy/ptII/ptolemy/actor/lib/test/auto/ArrayToMatrix.xml (RunModel)" time="0.074" />
  <testcase classname="ptolemy.util.test.junit.AutoTests" name="[31] /home/travis/build/icyphy/ptII/ptolemy/actor/lib/test/auto/ArrayUpdate1.xml (RunModel)" time="0.019" />
  <testcase classname="ptolemy.util.test.junit.AutoTests" name="[32] /home/travis/build/icyphy/ptII/ptolemy/actor/lib/test/auto/ArrayUpdate2.xml (RunModel)" time="0.021" />
  <testcase classname="ptolemy.util.test.junit.AutoTests" name="[33] /home/travis/build/icyphy/ptII/ptolemy/actor/lib/test/auto/ArrayUpdate3.xml (RunModel)" time="0.016" />
  <testcase classname="ptolemy.util.test.junit.AutoTests" name="[34] /home/travis/build/icyphy/ptII/ptolemy/actor/lib/test/auto/Assert1.xml (RunModel)" time="0.017" />
  <testcase classname="ptolemy.util.test.junit.AutoTests" name="[35] /home/travis/build/icyphy/ptII/ptolemy/actor/lib/test/auto/Assert2.xml (RunModel)" time="0.01" />
  <testcase classname="ptolemy.util.test.junit.AutoTests" name="[36] /home/travis/build/icyphy/ptII/ptolemy/actor/lib/test/auto/BooleanMultiplexor.xml (RunModel)" time="0.018" />
  <testcase classname="ptolemy.util.test.junit.AutoTests" name="[37] /home/travis/build/icyphy/ptII/ptolemy/actor/lib/test/auto/BooleanMultiplexor2.xml (RunModel)" time="0.022" />
  <testcase classname="ptolemy.util.test.junit.AutoTests" name="[38] /home/travis/build/icyphy/ptII/ptolemy/actor/lib/test/auto/BooleanMultiplexor3.xml (RunModel)" time="0.019" />
  <testcase classname="ptolemy.util.test.junit.AutoTests" name="[39] /home/travis/build/icyphy/ptII/ptolemy/actor/lib/test/auto/BooleanSelect.xml (RunModel)" time="0.02" />
  <testcase classname="ptolemy.util.test.junit.AutoTests" name="[40] /home/travis/build/icyphy/ptII/ptolemy/actor/lib/test/auto/BooleanSelect2.xml (RunModel)" time="0.018" />
  <testcase classname="ptolemy.util.test.junit.AutoTests" name="[41] /home/travis/build/icyphy/ptII/ptolemy/actor/lib/test/auto/BooleanSwitch.xml (RunModel)" time="0.025" />
  <testcase classname="ptolemy.util.test.junit.AutoTests" name="[42] /home/travis/build/icyphy/ptII/ptolemy/actor/lib/test/auto/BooleanSwitch2.xml (RunModel)" time="0.023" />
  <testcase classname="ptolemy.util.test.junit.AutoTests" name="[43] /home/travis/build/icyphy/ptII/ptolemy/actor/lib/test/auto/BooleanSwitchCloningBugWithClassRelationGroup.xml (RunModel)" time="0.035" />
  <testcase classname="ptolemy.util.test.junit.AutoTests" name="[44] /home/travis/build/icyphy/ptII/ptolemy/actor/lib/test/auto/BusActors.xml (RunModel)" time="0.027" />
  <testcase classname="ptolemy.util.test.junit.AutoTests" name="[45] /home/travis/build/icyphy/ptII/ptolemy/actor/lib/test/auto/ClassWrapper.xml (RunModel)" time="0.011" />
  <testcase classname="ptolemy.util.test.junit.AutoTests" name="[46] /home/travis/build/icyphy/ptII/ptolemy/actor/lib/test/auto/Clock.xml (RunModel)" time="0.01" />
  <testcase classname="ptolemy.util.test.junit.AutoTests" name="[47] /home/travis/build/icyphy/ptII/ptolemy/actor/lib/test/auto/Clock10.xml (RunModel)" time="0.019" />
  <testcase classname="ptolemy.util.test.junit.AutoTests" name="[48] /home/travis/build/icyphy/ptII/ptolemy/actor/lib/test/auto/Clock11.xml (RunModel)" time="0.019" />
  <testcase classname="ptolemy.util.test.junit.AutoTests" name="[49] /home/travis/build/icyphy/ptII/ptolemy/actor/lib/test/auto/Clock12.xml (RunModel)" time="0.021" />
  <testcase classname="ptolemy.util.test.junit.AutoTests" name="[50] /home/travis/build/icyphy/ptII/ptolemy/actor/lib/test/auto/Clock13.xml (RunModel)" time="0.018" />
  <testcase classname="ptolemy.util.test.junit.AutoTests" name="[51] /home/travis/build/icyphy/ptII/ptolemy/actor/lib/test/auto/Clock14.xml (RunModel)" time="0.018" />
  <testcase classname="ptolemy.util.test.junit.AutoTests" name="[52] /home/travis/build/icyphy/ptII/ptolemy/actor/lib/test/auto/Clock15.xml (RunModel)" time="0.02" />
  <testcase classname="ptolemy.util.test.junit.AutoTests" name="[53] /home/travis/build/icyphy/ptII/ptolemy/actor/lib/test/auto/Clock16.xml (RunModel)" time="0.108" />
  <testcase classname="ptolemy.util.test.junit.AutoTests" name="[54] /home/travis/build/icyphy/ptII/ptolemy/actor/lib/test/auto/Clock17.xml (RunModel)" time="0.081" />
  <testcase classname="ptolemy.util.test.junit.AutoTests" name="[55] /home/travis/build/icyphy/ptII/ptolemy/actor/lib/test/auto/Clock18.xml (RunModel)" time="0.049" />
  <testcase classname="ptolemy.util.test.junit.AutoTests" name="[56] /home/travis/build/icyphy/ptII/ptolemy/actor/lib/test/auto/Clock19.xml (RunModel)" time="0.045" />
  <testcase classname="ptolemy.util.test.junit.AutoTests" name="[57] /home/travis/build/icyphy/ptII/ptolemy/actor/lib/test/auto/Clock2.xml (RunModel)" time="0.013" />
  <testcase classname="ptolemy.util.test.junit.AutoTests" name="[58] /home/travis/build/icyphy/ptII/ptolemy/actor/lib/test/auto/Clock20.xml (RunModel)" time="0.025" />
  <testcase classname="ptolemy.util.test.junit.AutoTests" name="[59] /home/travis/build/icyphy/ptII/ptolemy/actor/lib/test/auto/Clock21.xml (RunModel)" time="0.014" />
  <testcase classname="ptolemy.util.test.junit.AutoTests" name="[60] /home/travis/build/icyphy/ptII/ptolemy/actor/lib/test/auto/Clock22.xml (RunModel)" time="0.021" />
  <testcase classname="ptolemy.util.test.junit.AutoTests" name="[61] /home/travis/build/icyphy/ptII/ptolemy/actor/lib/test/auto/Clock23.xml (RunModel)" time="0.017" />
  <testcase classname="ptolemy.util.test.junit.AutoTests" name="[62] /home/travis/build/icyphy/ptII/ptolemy/actor/lib/test/auto/Clock24.xml (RunModel)" time="0.016" />
  <testcase classname="ptolemy.util.test.junit.AutoTests" name="[63] /home/travis/build/icyphy/ptII/ptolemy/actor/lib/test/auto/Clock4.xml (RunModel)" time="0.014" />
  <testcase classname="ptolemy.util.test.junit.AutoTests" name="[64] /home/travis/build/icyphy/ptII/ptolemy/actor/lib/test/auto/Clock5.xml (RunModel)" time="0.013" />
  <testcase classname="ptolemy.util.test.junit.AutoTests" name="[65] /home/travis/build/icyphy/ptII/ptolemy/actor/lib/test/auto/Clock6.xml (RunModel)" time="0.01" />
  <testcase classname="ptolemy.util.test.junit.AutoTests" name="[66] /home/travis/build/icyphy/ptII/ptolemy/actor/lib/test/auto/Clock7.xml (RunModel)" time="0.011" />
  <testcase classname="ptolemy.util.test.junit.AutoTests" name="[67] /home/travis/build/icyphy/ptII/ptolemy/actor/lib/test/auto/Clock8.xml (RunModel)" time="0.013" />
  <testcase classname="ptolemy.util.test.junit.AutoTests" name="[68] /home/travis/build/icyphy/ptII/ptolemy/actor/lib/test/auto/Clock9.xml (RunModel)" time="0.016" />
  <testcase classname="ptolemy.util.test.junit.AutoTests" name="[69] /home/travis/build/icyphy/ptII/ptolemy/actor/lib/test/auto/CommDistDiscard.xml (RunModel)" time="0.028" />
  <testcase classname="ptolemy.util.test.junit.AutoTests" name="[70] /home/travis/build/icyphy/ptII/ptolemy/actor/lib/test/auto/Commutator.xml (RunModel)" time="0.016" />
  <testcase classname="ptolemy.util.test.junit.AutoTests" name="[71] /home/travis/build/icyphy/ptII/ptolemy/actor/lib/test/auto/Commutator2.xml (RunModel)" time="0.012" />
  <testcase classname="ptolemy.util.test.junit.AutoTests" name="[72] /home/travis/build/icyphy/ptII/ptolemy/actor/lib/test/auto/Commutator3.xml (RunModel)" time="0.014" />
  <testcase classname="ptolemy.util.test.junit.AutoTests" name="[73] /home/travis/build/icyphy/ptII/ptolemy/actor/lib/test/auto/Compare.xml (RunModel)" time="0.021" />
  <testcase classname="ptolemy.util.test.junit.AutoTests" name="[74] /home/travis/build/icyphy/ptII/ptolemy/actor/lib/test/auto/CompareDE.xml (RunModel)" time="0.02" />
  <testcase classname="ptolemy.util.test.junit.AutoTests" name="[75] /home/travis/build/icyphy/ptII/ptolemy/actor/lib/test/auto/ComplexDivide.xml (RunModel)" time="0.01" />
  <testcase classname="ptolemy.util.test.junit.AutoTests" name="[76] /home/travis/build/icyphy/ptII/ptolemy/actor/lib/test/auto/ComputeHistogram.xml (RunModel)" time="0.069" />
  <testcase classname="ptolemy.util.test.junit.AutoTests" name="[77] /home/travis/build/icyphy/ptII/ptolemy/actor/lib/test/auto/ConfigurationSelect.xml (RunModel)" time="0.023" />
  <testcase classname="ptolemy.util.test.junit.AutoTests" name="[78] /home/travis/build/icyphy/ptII/ptolemy/actor/lib/test/auto/ConfigurationSelect2.xml (RunModel)" time="0.018" />
  <testcase classname="ptolemy.util.test.junit.AutoTests" name="[79] /home/travis/build/icyphy/ptII/ptolemy/actor/lib/test/auto/ConfigurationSwitch.xml (RunModel)" time="0.027" />
  <testcase classname="ptolemy.util.test.junit.AutoTests" name="[80] /home/travis/build/icyphy/ptII/ptolemy/actor/lib/test/auto/ConfigurationSwitch2.xml (RunModel)" time="0.02" />
  <testcase classname="ptolemy.util.test.junit.AutoTests" name="[81] /home/travis/build/icyphy/ptII/ptolemy/actor/lib/test/auto/ConfigurationSwitchCloningBugWithClassRelationGroup.xml (RunModel)" time="0.02" />
  <testcase classname="ptolemy.util.test.junit.AutoTests" name="[82] /home/travis/build/icyphy/ptII/ptolemy/actor/lib/test/auto/ConfigurationSwitchSelectSDF.xml (RunModel)" time="0.015" />
  <testcase classname="ptolemy.util.test.junit.AutoTests" name="[83] /home/travis/build/icyphy/ptII/ptolemy/actor/lib/test/auto/ConfigurationSwitchSelectSDF2.xml (RunModel)" time="0.016" />
  <testcase classname="ptolemy.util.test.junit.AutoTests" name="[84] /home/travis/build/icyphy/ptII/ptolemy/actor/lib/test/auto/Const.xml (RunModel)" time="0.008" />
  <testcase classname="ptolemy.util.test.junit.AutoTests" name="[85] /home/travis/build/icyphy/ptII/ptolemy/actor/lib/test/auto/Const2.xml (RunModel)" time="0.015" />
  <testcase classname="ptolemy.util.test.junit.AutoTests" name="[86] /home/travis/build/icyphy/ptII/ptolemy/actor/lib/test/auto/Const3.xml (RunModel)" time="0.006" />
  <testcase classname="ptolemy.util.test.junit.AutoTests" name="[87] /home/travis/build/icyphy/ptII/ptolemy/actor/lib/test/auto/ConstantPublisherPort1.xml (RunModel)" time="0.024" />
  <testcase classname="ptolemy.util.test.junit.AutoTests" name="[88] /home/travis/build/icyphy/ptII/ptolemy/actor/lib/test/auto/ConstantPublisherPort2.xml (RunModel)" time="0.031" />
  <testcase classname="ptolemy.util.test.junit.AutoTests" name="[89] /home/travis/build/icyphy/ptII/ptolemy/actor/lib/test/auto/ConstantPublisherPort3.xml (RunModel)" time="0.023" />
  <testcase classname="ptolemy.util.test.junit.AutoTests" name="[90] /home/travis/build/icyphy/ptII/ptolemy/actor/lib/test/auto/ConstantPublisherPort4.xml (RunModel)" time="0.018" />
  <testcase classname="ptolemy.util.test.junit.AutoTests" name="[91] /home/travis/build/icyphy/ptII/ptolemy/actor/lib/test/auto/ConstantPublisherPort5.xml (RunModel)" time="0.042" />
  <testcase classname="ptolemy.util.test.junit.AutoTests" name="[92] /home/travis/build/icyphy/ptII/ptolemy/actor/lib/test/auto/ConstantPublisherPort6.xml (RunModel)" time="0.029" />
  <testcase classname="ptolemy.util.test.junit.AutoTests" name="[93] /home/travis/build/icyphy/ptII/ptolemy/actor/lib/test/auto/ConstantPublisherPort7.xml (RunModel)" time="0.032" />
  <testcase classname="ptolemy.util.test.junit.AutoTests" name="[94] /home/travis/build/icyphy/ptII/ptolemy/actor/lib/test/auto/ConstraintMonitor1.xml (RunModel)" time="0.04" />
  <testcase classname="ptolemy.util.test.junit.AutoTests" name="[95] /home/travis/build/icyphy/ptII/ptolemy/actor/lib/test/auto/ConstraintMonitor2.xml (RunModel)" time="0.016" />
  <testcase classname="ptolemy.util.test.junit.AutoTests" name="[96] /home/travis/build/icyphy/ptII/ptolemy/actor/lib/test/auto/ConstraintMonitor3.xml (RunModel)" time="0.016" />
  <testcase classname="ptolemy.util.test.junit.AutoTests" name="[97] /home/travis/build/icyphy/ptII/ptolemy/actor/lib/test/auto/ConstraintMonitor4.xml (RunModel)" time="0.022" />
  <testcase classname="ptolemy.util.test.junit.AutoTests" name="[98] /home/travis/build/icyphy/ptII/ptolemy/actor/lib/test/auto/ConstraintMonitor5.xml (RunModel)" time="0.011" />
  <testcase classname="ptolemy.util.test.junit.AutoTests" name="[99] /home/travis/build/icyphy/ptII/ptolemy/actor/lib/test/auto/ConstraintMonitor6.xml (RunModel)" time="0.014" />
  <testcase classname="ptolemy.util.test.junit.AutoTests" name="[100] /home/travis/build/icyphy/ptII/ptolemy/actor/lib/test/auto/ConstraintMonitor7.xml (RunModel)" time="0.019" />
  <testcase classname="ptolemy.util.test.junit.AutoTests" name="[101] /home/travis/build/icyphy/ptII/ptolemy/actor/lib/test/auto/ConstraintMonitor8.xml (RunModel)" time="0.019" />
  <testcase classname="ptolemy.util.test.junit.AutoTests" name="[102] /home/travis/build/icyphy/ptII/ptolemy/actor/lib/test/auto/Counter.xml (RunModel)" time="0.015" />
  <testcase classname="ptolemy.util.test.junit.AutoTests" name="[103] /home/travis/build/icyphy/ptII/ptolemy/actor/lib/test/auto/CurrentTimeSDF.xml (RunModel)" time="0.011" />
  <testcase classname="ptolemy.util.test.junit.AutoTests" name="[104] /home/travis/build/icyphy/ptII/ptolemy/actor/lib/test/auto/DB.xml (RunModel)" time="0.026" />
  <testcase classname="ptolemy.util.test.junit.AutoTests" name="[105] /home/travis/build/icyphy/ptII/ptolemy/actor/lib/test/auto/DBDE.xml (RunModel)" time="0.017" />
  <testcase classname="ptolemy.util.test.junit.AutoTests" name="[106] /home/travis/build/icyphy/ptII/ptolemy/actor/lib/test/auto/DateConstructor.xml (RunModel)" time="0.059" />
  <testcase classname="ptolemy.util.test.junit.AutoTests" name="[107] /home/travis/build/icyphy/ptII/ptolemy/actor/lib/test/auto/DelayTime.xml (RunModel)" time="0.017" />
  <testcase classname="ptolemy.util.test.junit.AutoTests" name="[108] /home/travis/build/icyphy/ptII/ptolemy/actor/lib/test/auto/Dictionary1.xml (RunModel)" time="0.022" />
  <testcase classname="ptolemy.util.test.junit.AutoTests" name="[109] /home/travis/build/icyphy/ptII/ptolemy/actor/lib/test/auto/Dictionary2.xml (RunModel)" time="0.018" />
  <testcase classname="ptolemy.util.test.junit.AutoTests" name="[110] /home/travis/build/icyphy/ptII/ptolemy/actor/lib/test/auto/Dictionary3.xml (RunModel)" time="0.014" />
  <testcase classname="ptolemy.util.test.junit.AutoTests" name="[111] /home/travis/build/icyphy/ptII/ptolemy/actor/lib/test/auto/Dictionary4.xml (RunModel)" time="0.018" />
  <testcase classname="ptolemy.util.test.junit.AutoTests" name="[112] /home/travis/build/icyphy/ptII/ptolemy/actor/lib/test/auto/Differential.xml (RunModel)" time="0.013" />
  <testcase classname="ptolemy.util.test.junit.AutoTests" name="[113] /home/travis/build/icyphy/ptII/ptolemy/actor/lib/test/auto/Director.xml (RunModel)" time="0.012" />
  <testcase classname="ptolemy.util.test.junit.AutoTests" name="[114] /home/travis/build/icyphy/ptII/ptolemy/actor/lib/test/auto/DiscreteClock.xml (RunModel)" time="0.011" />
  <testcase classname="ptolemy.util.test.junit.AutoTests" name="[115] /home/travis/build/icyphy/ptII/ptolemy/actor/lib/test/auto/DiscreteClock10.xml (RunModel)" time="0.012" />
  <testcase classname="ptolemy.util.test.junit.AutoTests" name="[116] /home/travis/build/icyphy/ptII/ptolemy/actor/lib/test/auto/DiscreteClock11.xml (RunModel)" time="0.011" />
  <testcase classname="ptolemy.util.test.junit.AutoTests" name="[117] /home/travis/build/icyphy/ptII/ptolemy/actor/lib/test/auto/DiscreteClock12.xml (RunModel)" time="0.015" />
  <testcase classname="ptolemy.util.test.junit.AutoTests" name="[118] /home/travis/build/icyphy/ptII/ptolemy/actor/lib/test/auto/DiscreteClock13.xml (RunModel)" time="0.016" />
  <testcase classname="ptolemy.util.test.junit.AutoTests" name="[119] /home/travis/build/icyphy/ptII/ptolemy/actor/lib/test/auto/DiscreteClock14.xml (RunModel)" time="0.016" />
  <testcase classname="ptolemy.util.test.junit.AutoTests" name="[120] /home/travis/build/icyphy/ptII/ptolemy/actor/lib/test/auto/DiscreteClock15.xml (RunModel)" time="0.015" />
  <testcase classname="ptolemy.util.test.junit.AutoTests" name="[121] /home/travis/build/icyphy/ptII/ptolemy/actor/lib/test/auto/DiscreteClock16.xml (RunModel)" time="0.042" />
  <testcase classname="ptolemy.util.test.junit.AutoTests" name="[122] /home/travis/build/icyphy/ptII/ptolemy/actor/lib/test/auto/DiscreteClock17.xml (RunModel)" time="0.038" />
  <testcase classname="ptolemy.util.test.junit.AutoTests" name="[123] /home/travis/build/icyphy/ptII/ptolemy/actor/lib/test/auto/DiscreteClock18.xml (RunModel)" time="0.045" />
  <testcase classname="ptolemy.util.test.junit.AutoTests" name="[124] /home/travis/build/icyphy/ptII/ptolemy/actor/lib/test/auto/DiscreteClock19.xml (RunModel)" time="0.047" />
  <testcase classname="ptolemy.util.test.junit.AutoTests" name="[125] /home/travis/build/icyphy/ptII/ptolemy/actor/lib/test/auto/DiscreteClock2.xml (RunModel)" time="0.012" />
  <testcase classname="ptolemy.util.test.junit.AutoTests" name="[126] /home/travis/build/icyphy/ptII/ptolemy/actor/lib/test/auto/DiscreteClock20.xml (RunModel)" time="0.02" />
  <testcase classname="ptolemy.util.test.junit.AutoTests" name="[127] /home/travis/build/icyphy/ptII/ptolemy/actor/lib/test/auto/DiscreteClock21.xml (RunModel)" time="0.016" />
  <testcase classname="ptolemy.util.test.junit.AutoTests" name="[128] /home/travis/build/icyphy/ptII/ptolemy/actor/lib/test/auto/DiscreteClock22.xml (RunModel)" time="0.016" />
  <testcase classname="ptolemy.util.test.junit.AutoTests" name="[129] /home/travis/build/icyphy/ptII/ptolemy/actor/lib/test/auto/DiscreteClock23.xml (RunModel)" time="0.013" />
  <testcase classname="ptolemy.util.test.junit.AutoTests" name="[130] /home/travis/build/icyphy/ptII/ptolemy/actor/lib/test/auto/DiscreteClock24.xml (RunModel)" time="0.02" />
  <testcase classname="ptolemy.util.test.junit.AutoTests" name="[131] /home/travis/build/icyphy/ptII/ptolemy/actor/lib/test/auto/DiscreteClock4.xml (RunModel)" time="0.015" />
  <testcase classname="ptolemy.util.test.junit.AutoTests" name="[132] /home/travis/build/icyphy/ptII/ptolemy/actor/lib/test/auto/DiscreteClock5.xml (RunModel)" time="0.012" />
  <testcase classname="ptolemy.util.test.junit.AutoTests" name="[133] /home/travis/build/icyphy/ptII/ptolemy/actor/lib/test/auto/DiscreteClock6.xml (RunModel)" time="0.012" />
  <testcase classname="ptolemy.util.test.junit.AutoTests" name="[134] /home/travis/build/icyphy/ptII/ptolemy/actor/lib/test/auto/DiscreteClock7.xml (RunModel)" time="0.012" />
  <testcase classname="ptolemy.util.test.junit.AutoTests" name="[135] /home/travis/build/icyphy/ptII/ptolemy/actor/lib/test/auto/DiscreteClock8.xml (RunModel)" time="0.02" />
  <testcase classname="ptolemy.util.test.junit.AutoTests" name="[136] /home/travis/build/icyphy/ptII/ptolemy/actor/lib/test/auto/DiscreteClock9.xml (RunModel)" time="0.014" />
  <testcase classname="ptolemy.util.test.junit.AutoTests" name="[137] /home/travis/build/icyphy/ptII/ptolemy/actor/lib/test/auto/DisplayArray.xml (RunModel)" time="0.011" />
  <testcase classname="ptolemy.util.test.junit.AutoTests" name="[138] /home/travis/build/icyphy/ptII/ptolemy/actor/lib/test/auto/Distributor.xml (RunModel)" time="0.01" />
  <testcase classname="ptolemy.util.test.junit.AutoTests" name="[139] /home/travis/build/icyphy/ptII/ptolemy/actor/lib/test/auto/Distributor2.xml (RunModel)" time="0.012" />
  <testcase classname="ptolemy.util.test.junit.AutoTests" name="[140] /home/travis/build/icyphy/ptII/ptolemy/actor/lib/test/auto/DownSample.xml (RunModel)" time="0.011" />
  <testcase classname="ptolemy.util.test.junit.AutoTests" name="[141] /home/travis/build/icyphy/ptII/ptolemy/actor/lib/test/auto/ElectronicUnitBase1.xml (RunModel)" time="0.066" />
  <testcase classname="ptolemy.util.test.junit.AutoTests" name="[142] /home/travis/build/icyphy/ptII/ptolemy/actor/lib/test/auto/ElementsToArray.xml (RunModel)" time="0.01" />
  <testcase classname="ptolemy.util.test.junit.AutoTests" name="[143] /home/travis/build/icyphy/ptII/ptolemy/actor/lib/test/auto/Equals.xml (RunModel)" time="0.014" />
  <testcase classname="ptolemy.util.test.junit.AutoTests" name="[144] /home/travis/build/icyphy/ptII/ptolemy/actor/lib/test/auto/Exec.xml (RunModel)" time="0.026" />
  <testcase classname="ptolemy.util.test.junit.AutoTests" name="[145] /home/travis/build/icyphy/ptII/ptolemy/actor/lib/test/auto/ExecEnvironment.xml (RunModel)" time="0.039" />
  <testcase classname="ptolemy.util.test.junit.AutoTests" name="[146] /home/travis/build/icyphy/ptII/ptolemy/actor/lib/test/auto/ExecNonZeroReturnOutput.xml (RunModel)" time="0.191" />
  <testcase classname="ptolemy.util.test.junit.AutoTests" name="[147] /home/travis/build/icyphy/ptII/ptolemy/actor/lib/test/auto/ExecRunDemos.xml (RunModel)" time="10.883" />
  <testcase classname="ptolemy.util.test.junit.AutoTests" name="[148] /home/travis/build/icyphy/ptII/ptolemy/actor/lib/test/auto/ExecStop.xml (RunModel)" time="5.044" />
  <testcase classname="ptolemy.util.test.junit.AutoTests" name="[149] /home/travis/build/icyphy/ptII/ptolemy/actor/lib/test/auto/ExecutionTimeSDF.xml (RunModel)" time="6.051">
    <error type="java.lang.reflect.InvocationTargetException">java.lang.reflect.InvocationTargetException
	at jdk.internal.reflect.GeneratedConstructorAccessor36.newInstance(Unknown Source)
	at java.base/jdk.internal.reflect.DelegatingConstructorAccessorImpl.newInstance(DelegatingConstructorAccessorImpl.java:45)
	at java.base/java.lang.reflect.Constructor.newInstance(Constructor.java:490)
	at ptolemy.util.test.junit.AutoTests.RunModel(AutoTests.java:193)
	at jdk.internal.reflect.GeneratedMethodAccessor43.invoke(Unknown Source)
	at java.base/jdk.internal.reflect.DelegatingMethodAccessorImpl.invoke(DelegatingMethodAccessorImpl.java:43)
	at junitparams.internal.InvokeParameterisedMethod.evaluate(InvokeParameterisedMethod.java:102)
Caused by: ptolemy.kernel.util.IllegalActionException: Test fails in iteration 0.
Value was: 6001L. Should have been: 6000L
  in .ExecutionTimeSDF.NonStrictTest
	at ptolemy.actor.lib.NonStrictTest.postfire(NonStrictTest.java:328)
	at ptolemy.actor.AtomicActor.iterate(AtomicActor.java:518)
	at ptolemy.actor.sched.StaticSchedulingDirector.fire(StaticSchedulingDirector.java:216)
	at ptolemy.domains.sdf.kernel.SDFDirector.fire(SDFDirector.java:500)
	at ptolemy.actor.CompositeActor.fire(CompositeActor.java:455)
	at ptolemy.actor.Manager.iterate(Manager.java:851)
	at ptolemy.actor.Manager.execute(Manager.java:369)
	at ptolemy.actor.Manager.run(Manager.java:1263)
	at ptolemy.actor.Manager$PtolemyRunThread.run(Manager.java:1933)
</error>
  </testcase>
  <testcase classname="ptolemy.util.test.junit.AutoTests" name="[150] /home/travis/build/icyphy/ptII/ptolemy/actor/lib/test/auto/Expression1.xml (RunModel)" time="0.017" />
  <testcase classname="ptolemy.util.test.junit.AutoTests" name="[151] /home/travis/build/icyphy/ptII/ptolemy/actor/lib/test/auto/Expression10.xml (RunModel)" time="0.037" />
  <testcase classname="ptolemy.util.test.junit.AutoTests" name="[152] /home/travis/build/icyphy/ptII/ptolemy/actor/lib/test/auto/Expression11.xml (RunModel)" time="0.014" />
  <testcase classname="ptolemy.util.test.junit.AutoTests" name="[153] /home/travis/build/icyphy/ptII/ptolemy/actor/lib/test/auto/Expression12.xml (RunModel)" time="0.013" />
  <testcase classname="ptolemy.util.test.junit.AutoTests" name="[154] /home/travis/build/icyphy/ptII/ptolemy/actor/lib/test/auto/Expression13.xml (RunModel)" time="0.035" />
  <testcase classname="ptolemy.util.test.junit.AutoTests" name="[155] /home/travis/build/icyphy/ptII/ptolemy/actor/lib/test/auto/Expression14.xml (RunModel)" time="0.022" />
  <testcase classname="ptolemy.util.test.junit.AutoTests" name="[156] /home/travis/build/icyphy/ptII/ptolemy/actor/lib/test/auto/Expression15.xml (RunModel)" time="0.007" />
  <testcase classname="ptolemy.util.test.junit.AutoTests" name="[157] /home/travis/build/icyphy/ptII/ptolemy/actor/lib/test/auto/Expression16.xml (RunModel)" time="0.014" />
  <testcase classname="ptolemy.util.test.junit.AutoTests" name="[158] /home/travis/build/icyphy/ptII/ptolemy/actor/lib/test/auto/Expression17.xml (RunModel)" time="0.014" />
  <testcase classname="ptolemy.util.test.junit.AutoTests" name="[159] /home/travis/build/icyphy/ptII/ptolemy/actor/lib/test/auto/Expression18.xml (RunModel)" time="0.015" />
  <testcase classname="ptolemy.util.test.junit.AutoTests" name="[160] /home/travis/build/icyphy/ptII/ptolemy/actor/lib/test/auto/Expression2.xml (RunModel)" time="0.014" />
  <testcase classname="ptolemy.util.test.junit.AutoTests" name="[161] /home/travis/build/icyphy/ptII/ptolemy/actor/lib/test/auto/Expression3.xml (RunModel)" time="0.014" />
  <testcase classname="ptolemy.util.test.junit.AutoTests" name="[162] /home/travis/build/icyphy/ptII/ptolemy/actor/lib/test/auto/Expression4.xml (RunModel)" time="0.018" />
  <testcase classname="ptolemy.util.test.junit.AutoTests" name="[163] /home/travis/build/icyphy/ptII/ptolemy/actor/lib/test/auto/Expression5.xml (RunModel)" time="0.015" />
  <testcase classname="ptolemy.util.test.junit.AutoTests" name="[164] /home/travis/build/icyphy/ptII/ptolemy/actor/lib/test/auto/Expression6.xml (RunModel)" time="0.013" />
  <testcase classname="ptolemy.util.test.junit.AutoTests" name="[165] /home/travis/build/icyphy/ptII/ptolemy/actor/lib/test/auto/Expression7.xml (RunModel)" time="0.013" />
  <testcase classname="ptolemy.util.test.junit.AutoTests" name="[166] /home/travis/build/icyphy/ptII/ptolemy/actor/lib/test/auto/Expression8.xml (RunModel)" time="0.015" />
  <testcase classname="ptolemy.util.test.junit.AutoTests" name="[167] /home/travis/build/icyphy/ptII/ptolemy/actor/lib/test/auto/Expression9.xml (RunModel)" time="0.01" />
  <testcase classname="ptolemy.util.test.junit.AutoTests" name="[168] /home/travis/build/icyphy/ptII/ptolemy/actor/lib/test/auto/ExpressionConcatenateArrayType.xml (RunModel)" time="0.041" />
  <testcase classname="ptolemy.util.test.junit.AutoTests" name="[169] /home/travis/build/icyphy/ptII/ptolemy/actor/lib/test/auto/ExpressionConcatenateArrayType2.xml (RunModel)" time="0.022" />
  <testcase classname="ptolemy.util.test.junit.AutoTests" name="[170] /home/travis/build/icyphy/ptII/ptolemy/actor/lib/test/auto/ExpressionFix.xml (RunModel)" time="0.047" />
  <testcase classname="ptolemy.util.test.junit.AutoTests" name="[171] /home/travis/build/icyphy/ptII/ptolemy/actor/lib/test/auto/ExpressionFix2.xml (RunModel)" time="0.011" />
  <testcase classname="ptolemy.util.test.junit.AutoTests" name="[172] /home/travis/build/icyphy/ptII/ptolemy/actor/lib/test/auto/ExpressionFix3.xml (RunModel)" time="0.014" />
  <testcase classname="ptolemy.util.test.junit.AutoTests" name="[173] /home/travis/build/icyphy/ptII/ptolemy/actor/lib/test/auto/FileWriter1.xml (RunModel)" time="0.009" />
  <testcase classname="ptolemy.util.test.junit.AutoTests" name="[174] /home/travis/build/icyphy/ptII/ptolemy/actor/lib/test/auto/FileWriter2.xml (RunModel)" time="0.014" />
  <testcase classname="ptolemy.util.test.junit.AutoTests" name="[175] /home/travis/build/icyphy/ptII/ptolemy/actor/lib/test/auto/FileWriter3.xml (RunModel)" time="0.011" />
  <testcase classname="ptolemy.util.test.junit.AutoTests" name="[176] /home/travis/build/icyphy/ptII/ptolemy/actor/lib/test/auto/Gaussian.xml (RunModel)" time="0.017" />
  <testcase classname="ptolemy.util.test.junit.AutoTests" name="[177] /home/travis/build/icyphy/ptII/ptolemy/actor/lib/test/auto/Gaussian1.xml (RunModel)" time="0.019" />
  <testcase classname="ptolemy.util.test.junit.AutoTests" name="[178] /home/travis/build/icyphy/ptII/ptolemy/actor/lib/test/auto/Gaussian2.xml (RunModel)" time="0.034" />
  <testcase classname="ptolemy.util.test.junit.AutoTests" name="[179] /home/travis/build/icyphy/ptII/ptolemy/actor/lib/test/auto/GradientAdaptiveLattice.xml (RunModel)" time="0.016" />
  <testcase classname="ptolemy.util.test.junit.AutoTests" name="[180] /home/travis/build/icyphy/ptII/ptolemy/actor/lib/test/auto/IIR.xml (RunModel)" time="0.009" />
  <testcase classname="ptolemy.util.test.junit.AutoTests" name="[181] /home/travis/build/icyphy/ptII/ptolemy/actor/lib/test/auto/InputOutputTransparentPorts.xml (RunModel)" time="0.016" />
  <testcase classname="ptolemy.util.test.junit.AutoTests" name="[182] /home/travis/build/icyphy/ptII/ptolemy/actor/lib/test/auto/Interpolator.xml (RunModel)" time="0.012" />
  <testcase classname="ptolemy.util.test.junit.AutoTests" name="[183] /home/travis/build/icyphy/ptII/ptolemy/actor/lib/test/auto/InterpolatorFiringLimitDE.xml (RunModel)" time="0.014" />
  <testcase classname="ptolemy.util.test.junit.AutoTests" name="[184] /home/travis/build/icyphy/ptII/ptolemy/actor/lib/test/auto/Lattice.xml (RunModel)" time="0.028" />
  <testcase classname="ptolemy.util.test.junit.AutoTests" name="[185] /home/travis/build/icyphy/ptII/ptolemy/actor/lib/test/auto/LazyAOCTestLazy.xml (RunModel)" time="0.039" />
  <testcase classname="ptolemy.util.test.junit.AutoTests" name="[186] /home/travis/build/icyphy/ptII/ptolemy/actor/lib/test/auto/LazyAOCTestNonLazy.xml (RunModel)" time="0.054" />
  <testcase classname="ptolemy.util.test.junit.AutoTests" name="[187] /home/travis/build/icyphy/ptII/ptolemy/actor/lib/test/auto/LazyInnerClass.xml (RunModel)" time="0.022" />
  <testcase classname="ptolemy.util.test.junit.AutoTests" name="[188] /home/travis/build/icyphy/ptII/ptolemy/actor/lib/test/auto/LazyPubSub.xml (RunModel)" time="0.027" />
  <testcase classname="ptolemy.util.test.junit.AutoTests" name="[189] /home/travis/build/icyphy/ptII/ptolemy/actor/lib/test/auto/LazyPubSub2.xml (RunModel)" time="0.027" />
  <testcase classname="ptolemy.util.test.junit.AutoTests" name="[190] /home/travis/build/icyphy/ptII/ptolemy/actor/lib/test/auto/LazyPubSub3.xml (RunModel)" time="0.048" />
  <testcase classname="ptolemy.util.test.junit.AutoTests" name="[191] /home/travis/build/icyphy/ptII/ptolemy/actor/lib/test/auto/LazySubClassModel.xml (RunModel)" time="0.022" />
  <testcase classname="ptolemy.util.test.junit.AutoTests" name="[192] /home/travis/build/icyphy/ptII/ptolemy/actor/lib/test/auto/LevelCrossTest1.xml (RunModel)" time="0.013" />
  <testcase classname="ptolemy.util.test.junit.AutoTests" name="[193] /home/travis/build/icyphy/ptII/ptolemy/actor/lib/test/auto/LevelCrossTest10.xml (RunModel)" time="0.016" />
  <testcase classname="ptolemy.util.test.junit.AutoTests" name="[194] /home/travis/build/icyphy/ptII/ptolemy/actor/lib/test/auto/LevelCrossTest11.xml (RunModel)" time="0.015" />
  <testcase classname="ptolemy.util.test.junit.AutoTests" name="[195] /home/travis/build/icyphy/ptII/ptolemy/actor/lib/test/auto/LevelCrossTest12.xml (RunModel)" time="0.018" />
  <testcase classname="ptolemy.util.test.junit.AutoTests" name="[196] /home/travis/build/icyphy/ptII/ptolemy/actor/lib/test/auto/LevelCrossTest13.xml (RunModel)" time="0.015" />
  <testcase classname="ptolemy.util.test.junit.AutoTests" name="[197] /home/travis/build/icyphy/ptII/ptolemy/actor/lib/test/auto/LevelCrossTest2.xml (RunModel)" time="0.011" />
  <testcase classname="ptolemy.util.test.junit.AutoTests" name="[198] /home/travis/build/icyphy/ptII/ptolemy/actor/lib/test/auto/LevelCrossTest3.xml (RunModel)" time="0.011" />
  <testcase classname="ptolemy.util.test.junit.AutoTests" name="[199] /home/travis/build/icyphy/ptII/ptolemy/actor/lib/test/auto/LevelCrossTest4.xml (RunModel)" time="0.011" />
  <testcase classname="ptolemy.util.test.junit.AutoTests" name="[200] /home/travis/build/icyphy/ptII/ptolemy/actor/lib/test/auto/LevelCrossTest5.xml (RunModel)" time="0.012" />
  <testcase classname="ptolemy.util.test.junit.AutoTests" name="[201] /home/travis/build/icyphy/ptII/ptolemy/actor/lib/test/auto/LevelCrossTest6.xml (RunModel)" time="0.015" />
  <testcase classname="ptolemy.util.test.junit.AutoTests" name="[202] /home/travis/build/icyphy/ptII/ptolemy/actor/lib/test/auto/LevelCrossTest7.xml (RunModel)" time="0.021" />
  <testcase classname="ptolemy.util.test.junit.AutoTests" name="[203] /home/travis/build/icyphy/ptII/ptolemy/actor/lib/test/auto/LevelCrossTest8.xml (RunModel)" time="0.015" />
  <testcase classname="ptolemy.util.test.junit.AutoTests" name="[204] /home/travis/build/icyphy/ptII/ptolemy/actor/lib/test/auto/LevelCrossTest9.xml (RunModel)" time="0.015" />
  <testcase classname="ptolemy.util.test.junit.AutoTests" name="[205] /home/travis/build/icyphy/ptII/ptolemy/actor/lib/test/auto/LevinsonDurbin.xml (RunModel)" time="0.022" />
  <testcase classname="ptolemy.util.test.junit.AutoTests" name="[206] /home/travis/build/icyphy/ptII/ptolemy/actor/lib/test/auto/LevinsonDurbin2.xml (RunModel)" time="0.009" />
  <testcase classname="ptolemy.util.test.junit.AutoTests" name="[207] /home/travis/build/icyphy/ptII/ptolemy/actor/lib/test/auto/LevinsonDurbin3.xml (RunModel)" time="0.014" />
  <testcase classname="ptolemy.util.test.junit.AutoTests" name="[208] /home/travis/build/icyphy/ptII/ptolemy/actor/lib/test/auto/Limiter.xml (RunModel)" time="0.046" />
  <testcase classname="ptolemy.util.test.junit.AutoTests" name="[209] /home/travis/build/icyphy/ptII/ptolemy/actor/lib/test/auto/LinearDifferenceEquationSystem.xml (RunModel)" time="0.027" />
  <testcase classname="ptolemy.util.test.junit.AutoTests" name="[210] /home/travis/build/icyphy/ptII/ptolemy/actor/lib/test/auto/LookupTable.xml (RunModel)" time="0.009" />
  <testcase classname="ptolemy.util.test.junit.AutoTests" name="[211] /home/travis/build/icyphy/ptII/ptolemy/actor/lib/test/auto/MathFunction.xml (RunModel)" time="0.017" />
  <testcase classname="ptolemy.util.test.junit.AutoTests" name="[212] /home/travis/build/icyphy/ptII/ptolemy/actor/lib/test/auto/MathFunction2.xml (RunModel)" time="0.009" />
  <testcase classname="ptolemy.util.test.junit.AutoTests" name="[213] /home/travis/build/icyphy/ptII/ptolemy/actor/lib/test/auto/MathFunction3.xml (RunModel)" time="0.019" />
  <testcase classname="ptolemy.util.test.junit.AutoTests" name="[214] /home/travis/build/icyphy/ptII/ptolemy/actor/lib/test/auto/MatrixCropBoolean.xml (RunModel)" time="0.014" />
  <testcase classname="ptolemy.util.test.junit.AutoTests" name="[215] /home/travis/build/icyphy/ptII/ptolemy/actor/lib/test/auto/MatrixCropComplex.xml (RunModel)" time="0.009" />
  <testcase classname="ptolemy.util.test.junit.AutoTests" name="[216] /home/travis/build/icyphy/ptII/ptolemy/actor/lib/test/auto/MatrixCropDouble.xml (RunModel)" time="0.009" />
  <testcase classname="ptolemy.util.test.junit.AutoTests" name="[217] /home/travis/build/icyphy/ptII/ptolemy/actor/lib/test/auto/MatrixCropFix.xml (RunModel)" time="0.013" />
  <testcase classname="ptolemy.util.test.junit.AutoTests" name="[218] /home/travis/build/icyphy/ptII/ptolemy/actor/lib/test/auto/MatrixCropInt.xml (RunModel)" time="0.01" />
  <testcase classname="ptolemy.util.test.junit.AutoTests" name="[219] /home/travis/build/icyphy/ptII/ptolemy/actor/lib/test/auto/MatrixCropLong.xml (RunModel)" time="0.008" />
  <testcase classname="ptolemy.util.test.junit.AutoTests" name="[220] /home/travis/build/icyphy/ptII/ptolemy/actor/lib/test/auto/MatrixToArray.xml (RunModel)" time="0.054" />
  <testcase classname="ptolemy.util.test.junit.AutoTests" name="[221] /home/travis/build/icyphy/ptII/ptolemy/actor/lib/test/auto/MaxIndex.xml (RunModel)" time="0.018" />
  <testcase classname="ptolemy.util.test.junit.AutoTests" name="[222] /home/travis/build/icyphy/ptII/ptolemy/actor/lib/test/auto/Maximum.xml (RunModel)" time="0.017" />
  <testcase classname="ptolemy.util.test.junit.AutoTests" name="[223] /home/travis/build/icyphy/ptII/ptolemy/actor/lib/test/auto/MaximumComplex.xml (RunModel)" time="0.018" />
  <testcase classname="ptolemy.util.test.junit.AutoTests" name="[224] /home/travis/build/icyphy/ptII/ptolemy/actor/lib/test/auto/MethodCallTest.xml (RunModel)" time="0.021" />
  <testcase classname="ptolemy.util.test.junit.AutoTests" name="[225] /home/travis/build/icyphy/ptII/ptolemy/actor/lib/test/auto/Minimum.xml (RunModel)" time="0.014" />
  <testcase classname="ptolemy.util.test.junit.AutoTests" name="[226] /home/travis/build/icyphy/ptII/ptolemy/actor/lib/test/auto/MinimumComplex.xml (RunModel)" time="0.024" />
  <testcase classname="ptolemy.util.test.junit.AutoTests" name="[227] /home/travis/build/icyphy/ptII/ptolemy/actor/lib/test/auto/MinimumMultiports.xml (RunModel)" time="0.017" />
  <testcase classname="ptolemy.util.test.junit.AutoTests" name="[228] /home/travis/build/icyphy/ptII/ptolemy/actor/lib/test/auto/ModifyDate.xml (RunModel)" time="0.043" />
  <testcase classname="ptolemy.util.test.junit.AutoTests" name="[229] /home/travis/build/icyphy/ptII/ptolemy/actor/lib/test/auto/ModifyDate2.xml (RunModel)" time="0.034" />
  <testcase classname="ptolemy.util.test.junit.AutoTests" name="[230] /home/travis/build/icyphy/ptII/ptolemy/actor/lib/test/auto/MovingAverage.xml (RunModel)" time="0.012" />
  <testcase classname="ptolemy.util.test.junit.AutoTests" name="[231] /home/travis/build/icyphy/ptII/ptolemy/actor/lib/test/auto/MovingMaximum.xml (RunModel)" time="0.012" />
  <testcase classname="ptolemy.util.test.junit.AutoTests" name="[232] /home/travis/build/icyphy/ptII/ptolemy/actor/lib/test/auto/MultipleLinksToSameRelation.xml (RunModel)" time="0.007" />
  <testcase classname="ptolemy.util.test.junit.AutoTests" name="[233] /home/travis/build/icyphy/ptII/ptolemy/actor/lib/test/auto/MultipleLinksToSameRelationDE.xml (RunModel)" time="0.009" />
  <testcase classname="ptolemy.util.test.junit.AutoTests" name="[234] /home/travis/build/icyphy/ptII/ptolemy/actor/lib/test/auto/Multiplexor.xml (RunModel)" time="0.011" />
  <testcase classname="ptolemy.util.test.junit.AutoTests" name="[235] /home/travis/build/icyphy/ptII/ptolemy/actor/lib/test/auto/Multiplexor1.xml (RunModel)" time="0.011" />
  <testcase classname="ptolemy.util.test.junit.AutoTests" name="[236] /home/travis/build/icyphy/ptII/ptolemy/actor/lib/test/auto/Multiplexor2.xml (RunModel)" time="0.011" />
  <testcase classname="ptolemy.util.test.junit.AutoTests" name="[237] /home/travis/build/icyphy/ptII/ptolemy/actor/lib/test/auto/Multiplexor3.xml (RunModel)" time="0.01" />
  <testcase classname="ptolemy.util.test.junit.AutoTests" name="[238] /home/travis/build/icyphy/ptII/ptolemy/actor/lib/test/auto/MultiplexorDE.xml (RunModel)" time="0.017" />
  <testcase classname="ptolemy.util.test.junit.AutoTests" name="[239] /home/travis/build/icyphy/ptII/ptolemy/actor/lib/test/auto/MultiportBroadcastTest.xml (RunModel)" time="0.135" />
  <testcase classname="ptolemy.util.test.junit.AutoTests" name="[240] /home/travis/build/icyphy/ptII/ptolemy/actor/lib/test/auto/MultiportOutHangDuringGetWidth.xml (RunModel)" time="0.035" />
  <testcase classname="ptolemy.util.test.junit.AutoTests" name="[241] /home/travis/build/icyphy/ptII/ptolemy/actor/lib/test/auto/NilToken.xml (RunModel)" time="0.007" />
  <testcase classname="ptolemy.util.test.junit.AutoTests" name="[242] /home/travis/build/icyphy/ptII/ptolemy/actor/lib/test/auto/NilTokenNonStrictTest.xml (RunModel)" time="0.009" />
  <testcase classname="ptolemy.util.test.junit.AutoTests" name="[243] /home/travis/build/icyphy/ptII/ptolemy/actor/lib/test/auto/NilTokenRecord.xml (RunModel)" time="0.02" />
  <testcase classname="ptolemy.util.test.junit.AutoTests" name="[244] /home/travis/build/icyphy/ptII/ptolemy/actor/lib/test/auto/NilTokenTypeTest.xml (RunModel)" time="0.031" />
  <testcase classname="ptolemy.util.test.junit.AutoTests" name="[245] /home/travis/build/icyphy/ptII/ptolemy/actor/lib/test/auto/ObjectToken1.xml (RunModel)" time="0.007" />
  <testcase classname="ptolemy.util.test.junit.AutoTests" name="[246] /home/travis/build/icyphy/ptII/ptolemy/actor/lib/test/auto/OrderedMerge.xml (RunModel)" time="0.019" />
  <testcase classname="ptolemy.util.test.junit.AutoTests" name="[247] /home/travis/build/icyphy/ptII/ptolemy/actor/lib/test/auto/OrderedRecordDisassembler.xml (RunModel)" time="0.018" />
  <testcase classname="ptolemy.util.test.junit.AutoTests" name="[248] /home/travis/build/icyphy/ptII/ptolemy/actor/lib/test/auto/OrderedRecordDisassembler2.xml (RunModel)" time="0.018" />
  <testcase classname="ptolemy.util.test.junit.AutoTests" name="[249] /home/travis/build/icyphy/ptII/ptolemy/actor/lib/test/auto/OrderedRecordUpdater.xml (RunModel)" time="0.013" />
  <testcase classname="ptolemy.util.test.junit.AutoTests" name="[250] /home/travis/build/icyphy/ptII/ptolemy/actor/lib/test/auto/OrderedRecordUpdater2.xml (RunModel)" time="0.018" />
  <testcase classname="ptolemy.util.test.junit.AutoTests" name="[251] /home/travis/build/icyphy/ptII/ptolemy/actor/lib/test/auto/PhaseUnwrap.xml (RunModel)" time="0.013" />
  <testcase classname="ptolemy.util.test.junit.AutoTests" name="[252] /home/travis/build/icyphy/ptII/ptolemy/actor/lib/test/auto/PoissonClock.xml (RunModel)" time="0.01" />
  <testcase classname="ptolemy.util.test.junit.AutoTests" name="[253] /home/travis/build/icyphy/ptII/ptolemy/actor/lib/test/auto/PoissonClock2.xml (RunModel)" time="0.008" />
  <testcase classname="ptolemy.util.test.junit.AutoTests" name="[254] /home/travis/build/icyphy/ptII/ptolemy/actor/lib/test/auto/PoissonClock3.xml (RunModel)" time="0.025" />
  <testcase classname="ptolemy.util.test.junit.AutoTests" name="[255] /home/travis/build/icyphy/ptII/ptolemy/actor/lib/test/auto/PubSubWithInitialTokens.xml (RunModel)" time="0.013" />
  <testcase classname="ptolemy.util.test.junit.AutoTests" name="[256] /home/travis/build/icyphy/ptII/ptolemy/actor/lib/test/auto/PubSubWithInitialTokens2.xml (RunModel)" time="0.014" />
  <testcase classname="ptolemy.util.test.junit.AutoTests" name="[257] /home/travis/build/icyphy/ptII/ptolemy/actor/lib/test/auto/PublisherClassNoParameter.xml (RunModel)" time="0.025" />
  <testcase classname="ptolemy.util.test.junit.AutoTests" name="[258] /home/travis/build/icyphy/ptII/ptolemy/actor/lib/test/auto/PublisherClassParameter.xml (RunModel)" time="0.021" />
  <testcase classname="ptolemy.util.test.junit.AutoTests" name="[259] /home/travis/build/icyphy/ptII/ptolemy/actor/lib/test/auto/PublisherNonStrictTest.xml (RunModel)" time="0.016" />
  <testcase classname="ptolemy.util.test.junit.AutoTests" name="[260] /home/travis/build/icyphy/ptII/ptolemy/actor/lib/test/auto/PublisherPort1.xml (RunModel)" time="0.022" />
  <testcase classname="ptolemy.util.test.junit.AutoTests" name="[261] /home/travis/build/icyphy/ptII/ptolemy/actor/lib/test/auto/PublisherPort2.xml (RunModel)" time="0.011" />
  <testcase classname="ptolemy.util.test.junit.AutoTests" name="[262] /home/travis/build/icyphy/ptII/ptolemy/actor/lib/test/auto/PublisherPort3.xml (RunModel)" time="0.013" />
  <testcase classname="ptolemy.util.test.junit.AutoTests" name="[263] /home/travis/build/icyphy/ptII/ptolemy/actor/lib/test/auto/PublisherPort4.xml (RunModel)" time="0.013" />
  <testcase classname="ptolemy.util.test.junit.AutoTests" name="[264] /home/travis/build/icyphy/ptII/ptolemy/actor/lib/test/auto/PublisherPort5.xml (RunModel)" time="0.017" />
  <testcase classname="ptolemy.util.test.junit.AutoTests" name="[265] /home/travis/build/icyphy/ptII/ptolemy/actor/lib/test/auto/PublisherPort5LookAlike.xml (RunModel)" time="0.018" />
  <testcase classname="ptolemy.util.test.junit.AutoTests" name="[266] /home/travis/build/icyphy/ptII/ptolemy/actor/lib/test/auto/PublisherPort6.xml (RunModel)" time="0.011" />
  <testcase classname="ptolemy.util.test.junit.AutoTests" name="[267] /home/travis/build/icyphy/ptII/ptolemy/actor/lib/test/auto/PublisherPort7.xml (RunModel)" time="0.015" />
  <testcase classname="ptolemy.util.test.junit.AutoTests" name="[268] /home/travis/build/icyphy/ptII/ptolemy/actor/lib/test/auto/PublisherPort8.xml (RunModel)" time="0.023" />
  <testcase classname="ptolemy.util.test.junit.AutoTests" name="[269] /home/travis/build/icyphy/ptII/ptolemy/actor/lib/test/auto/PublisherPortSubscriberChannelVariablesAOC2.xml (RunModel)" time="0.032" />
  <testcase classname="ptolemy.util.test.junit.AutoTests" name="[270] /home/travis/build/icyphy/ptII/ptolemy/actor/lib/test/auto/PublisherPortSubscriberOpaqueWidthInference.xml (RunModel)" time="0.014" />
  <testcase classname="ptolemy.util.test.junit.AutoTests" name="[271] /home/travis/build/icyphy/ptII/ptolemy/actor/lib/test/auto/PublisherPortSubscriberPortAdjacent.xml (RunModel)" time="0.016" />
  <testcase classname="ptolemy.util.test.junit.AutoTests" name="[272] /home/travis/build/icyphy/ptII/ptolemy/actor/lib/test/auto/PublisherPortSubscriberPortExpression.xml (RunModel)" time="0.016" />
  <testcase classname="ptolemy.util.test.junit.AutoTests" name="[273] /home/travis/build/icyphy/ptII/ptolemy/actor/lib/test/auto/PublisherPortSubscriberPortOpaqueD3Reverse.xml (RunModel)" time="0.018" />
  <testcase classname="ptolemy.util.test.junit.AutoTests" name="[274] /home/travis/build/icyphy/ptII/ptolemy/actor/lib/test/auto/PublisherPortSubscriberPortOpaqueWidthInference.xml (RunModel)" time="0.016" />
  <testcase classname="ptolemy.util.test.junit.AutoTests" name="[275] /home/travis/build/icyphy/ptII/ptolemy/actor/lib/test/auto/PublisherPortToplevelSubscriberPortAOC.xml (RunModel)" time="0.01" />
  <testcase classname="ptolemy.util.test.junit.AutoTests" name="[276] /home/travis/build/icyphy/ptII/ptolemy/actor/lib/test/auto/PublisherSubscriber.xml (RunModel)" time="0.012" />
  <testcase classname="ptolemy.util.test.junit.AutoTests" name="[277] /home/travis/build/icyphy/ptII/ptolemy/actor/lib/test/auto/PublisherSubscriber10.xml (RunModel)" time="0.021" />
  <testcase classname="ptolemy.util.test.junit.AutoTests" name="[278] /home/travis/build/icyphy/ptII/ptolemy/actor/lib/test/auto/PublisherSubscriber10InitialOutputs.xml (RunModel)" time="0.035" />
  <testcase classname="ptolemy.util.test.junit.AutoTests" name="[279] /home/travis/build/icyphy/ptII/ptolemy/actor/lib/test/auto/PublisherSubscriber11.xml (RunModel)" time="0.014" />
  <testcase classname="ptolemy.util.test.junit.AutoTests" name="[280] /home/travis/build/icyphy/ptII/ptolemy/actor/lib/test/auto/PublisherSubscriber12.xml (RunModel)" time="0.022" />
  <testcase classname="ptolemy.util.test.junit.AutoTests" name="[281] /home/travis/build/icyphy/ptII/ptolemy/actor/lib/test/auto/PublisherSubscriber13.xml (RunModel)" time="0.01" />
  <testcase classname="ptolemy.util.test.junit.AutoTests" name="[282] /home/travis/build/icyphy/ptII/ptolemy/actor/lib/test/auto/PublisherSubscriber14.xml (RunModel)" time="0.018" />
  <testcase classname="ptolemy.util.test.junit.AutoTests" name="[283] /home/travis/build/icyphy/ptII/ptolemy/actor/lib/test/auto/PublisherSubscriber2.xml (RunModel)" time="0.011" />
  <testcase classname="ptolemy.util.test.junit.AutoTests" name="[284] /home/travis/build/icyphy/ptII/ptolemy/actor/lib/test/auto/PublisherSubscriber3.xml (RunModel)" time="0.009" />
  <testcase classname="ptolemy.util.test.junit.AutoTests" name="[285] /home/travis/build/icyphy/ptII/ptolemy/actor/lib/test/auto/PublisherSubscriber4.xml (RunModel)" time="0.032" />
  <testcase classname="ptolemy.util.test.junit.AutoTests" name="[286] /home/travis/build/icyphy/ptII/ptolemy/actor/lib/test/auto/PublisherSubscriber5.xml (RunModel)" time="0.012" />
  <testcase classname="ptolemy.util.test.junit.AutoTests" name="[287] /home/travis/build/icyphy/ptII/ptolemy/actor/lib/test/auto/PublisherSubscriber6.xml (RunModel)" time="0.012" />
  <testcase classname="ptolemy.util.test.junit.AutoTests" name="[288] /home/travis/build/icyphy/ptII/ptolemy/actor/lib/test/auto/PublisherSubscriber7.xml (RunModel)" time="0.012" />
  <testcase classname="ptolemy.util.test.junit.AutoTests" name="[289] /home/travis/build/icyphy/ptII/ptolemy/actor/lib/test/auto/PublisherSubscriber8.xml (RunModel)" time="0.022" />
  <testcase classname="ptolemy.util.test.junit.AutoTests" name="[290] /home/travis/build/icyphy/ptII/ptolemy/actor/lib/test/auto/PublisherSubscriber9.xml (RunModel)" time="0.013" />
  <testcase classname="ptolemy.util.test.junit.AutoTests" name="[291] /home/travis/build/icyphy/ptII/ptolemy/actor/lib/test/auto/PublisherSubscriberAdjacent.xml (RunModel)" time="0.014" />
  <testcase classname="ptolemy.util.test.junit.AutoTests" name="[292] /home/travis/build/icyphy/ptII/ptolemy/actor/lib/test/auto/PublisherSubscriberChannelVariablesAOC2.xml (RunModel)" time="0.027" />
  <testcase classname="ptolemy.util.test.junit.AutoTests" name="[293] /home/travis/build/icyphy/ptII/ptolemy/actor/lib/test/auto/PublisherSubscriberD3.xml (RunModel)" time="0.011" />
  <testcase classname="ptolemy.util.test.junit.AutoTests" name="[294] /home/travis/build/icyphy/ptII/ptolemy/actor/lib/test/auto/PublisherSubscriberD3Reverse.xml (RunModel)" time="0.011" />
  <testcase classname="ptolemy.util.test.junit.AutoTests" name="[295] /home/travis/build/icyphy/ptII/ptolemy/actor/lib/test/auto/PublisherSubscriberExpression.xml (RunModel)" time="0.018" />
  <testcase classname="ptolemy.util.test.junit.AutoTests" name="[296] /home/travis/build/icyphy/ptII/ptolemy/actor/lib/test/auto/PublisherSubscriberOpaque.xml (RunModel)" time="0.03" />
  <testcase classname="ptolemy.util.test.junit.AutoTests" name="[297] /home/travis/build/icyphy/ptII/ptolemy/actor/lib/test/auto/PublisherSubscriberOpaqueD3.xml (RunModel)" time="0.02" />
  <testcase classname="ptolemy.util.test.junit.AutoTests" name="[298] /home/travis/build/icyphy/ptII/ptolemy/actor/lib/test/auto/PublisherSubscriberOpaqueD3Reverse.xml (RunModel)" time="0.019" />
  <testcase classname="ptolemy.util.test.junit.AutoTests" name="[299] /home/travis/build/icyphy/ptII/ptolemy/actor/lib/test/auto/PublisherSubscriberOpaqueWidthInference.xml (RunModel)" time="0.016" />
  <testcase classname="ptolemy.util.test.junit.AutoTests" name="[300] /home/travis/build/icyphy/ptII/ptolemy/actor/lib/test/auto/PublisherTestSubscriber.xml (RunModel)" time="0.014" />
  <testcase classname="ptolemy.util.test.junit.AutoTests" name="[301] /home/travis/build/icyphy/ptII/ptolemy/actor/lib/test/auto/PublisherToplevelSubscriberPortAOC.xml (RunModel)" time="0.011" />
  <testcase classname="ptolemy.util.test.junit.AutoTests" name="[302] /home/travis/build/icyphy/ptII/ptolemy/actor/lib/test/auto/PulseFiringLimitDE.xml (RunModel)" time="0.014" />
  <testcase classname="ptolemy.util.test.junit.AutoTests" name="[303] /home/travis/build/icyphy/ptII/ptolemy/actor/lib/test/auto/Ramp1.xml (RunModel)" time="0.008" />
  <testcase classname="ptolemy.util.test.junit.AutoTests" name="[304] /home/travis/build/icyphy/ptII/ptolemy/actor/lib/test/auto/RampFiringLimitDE.xml (RunModel)" time="0.011" />
  <testcase classname="ptolemy.util.test.junit.AutoTests" name="[305] /home/travis/build/icyphy/ptII/ptolemy/actor/lib/test/auto/RampFiringLimitSDF.xml (RunModel)" time="0.01" />
  <testcase classname="ptolemy.util.test.junit.AutoTests" name="[306] /home/travis/build/icyphy/ptII/ptolemy/actor/lib/test/auto/RandomInteger.xml (RunModel)" time="0.009" />
  <testcase classname="ptolemy.util.test.junit.AutoTests" name="[307] /home/travis/build/icyphy/ptII/ptolemy/actor/lib/test/auto/ReadFile1.xml (RunModel)" time="0.008" />
  <testcase classname="ptolemy.util.test.junit.AutoTests" name="[308] /home/travis/build/icyphy/ptII/ptolemy/actor/lib/test/auto/ReadFile2.xml (RunModel)" time="0.008" />
  <testcase classname="ptolemy.util.test.junit.AutoTests" name="[309] /home/travis/build/icyphy/ptII/ptolemy/actor/lib/test/auto/Reader.xml (RunModel)" time="0.015" />
  <testcase classname="ptolemy.util.test.junit.AutoTests" name="[310] /home/travis/build/icyphy/ptII/ptolemy/actor/lib/test/auto/RecordAssemblerDisplayNameTest.xml (RunModel)" time="3.322" />
  <testcase classname="ptolemy.util.test.junit.AutoTests" name="[311] /home/travis/build/icyphy/ptII/ptolemy/actor/lib/test/auto/RecordAssemblerTypeError.xml (RunModel)" time="0.025" />
  <testcase classname="ptolemy.util.test.junit.AutoTests" name="[312] /home/travis/build/icyphy/ptII/ptolemy/actor/lib/test/auto/RecordDisassember.xml (RunModel)" time="0.01" />
  <testcase classname="ptolemy.util.test.junit.AutoTests" name="[313] /home/travis/build/icyphy/ptII/ptolemy/actor/lib/test/auto/RecordDisassemberDisplayNameTest.xml (RunModel)" time="0.02" />
  <testcase classname="ptolemy.util.test.junit.AutoTests" name="[314] /home/travis/build/icyphy/ptII/ptolemy/actor/lib/test/auto/RecordDisassembler.xml (RunModel)" time="0.009" />
  <testcase classname="ptolemy.util.test.junit.AutoTests" name="[315] /home/travis/build/icyphy/ptII/ptolemy/actor/lib/test/auto/RecordDisassembler2.xml (RunModel)" time="0.009" />
  <testcase classname="ptolemy.util.test.junit.AutoTests" name="[316] /home/travis/build/icyphy/ptII/ptolemy/actor/lib/test/auto/RecordUpdater.xml (RunModel)" time="0.008" />
  <testcase classname="ptolemy.util.test.junit.AutoTests" name="[317] /home/travis/build/icyphy/ptII/ptolemy/actor/lib/test/auto/RecordUpdater2.xml (RunModel)" time="0.024" />
  <testcase classname="ptolemy.util.test.junit.AutoTests" name="[318] /home/travis/build/icyphy/ptII/ptolemy/actor/lib/test/auto/RecursiveLattice.xml (RunModel)" time="0.009" />
  <testcase classname="ptolemy.util.test.junit.AutoTests" name="[319] /home/travis/build/icyphy/ptII/ptolemy/actor/lib/test/auto/Router.xml (RunModel)" time="3.025" />
  <testcase classname="ptolemy.util.test.junit.AutoTests" name="[320] /home/travis/build/icyphy/ptII/ptolemy/actor/lib/test/auto/Router2.xml (RunModel)" time="3.033" />
  <testcase classname="ptolemy.util.test.junit.AutoTests" name="[321] /home/travis/build/icyphy/ptII/ptolemy/actor/lib/test/auto/RunningMaximum.xml (RunModel)" time="0.021" />
  <testcase classname="ptolemy.util.test.junit.AutoTests" name="[322] /home/travis/build/icyphy/ptII/ptolemy/actor/lib/test/auto/RunningMinimum.xml (RunModel)" time="0.034" />
  <testcase classname="ptolemy.util.test.junit.AutoTests" name="[323] /home/travis/build/icyphy/ptII/ptolemy/actor/lib/test/auto/Scale.xml (RunModel)" time="0.009" />
  <testcase classname="ptolemy.util.test.junit.AutoTests" name="[324] /home/travis/build/icyphy/ptII/ptolemy/actor/lib/test/auto/Scale2.xml (RunModel)" time="0.009" />
  <testcase classname="ptolemy.util.test.junit.AutoTests" name="[325] /home/travis/build/icyphy/ptII/ptolemy/actor/lib/test/auto/Scale3.xml (RunModel)" time="0.012" />
  <testcase classname="ptolemy.util.test.junit.AutoTests" name="[326] /home/travis/build/icyphy/ptII/ptolemy/actor/lib/test/auto/ScaleArray.xml (RunModel)" time="0.007" />
  <testcase classname="ptolemy.util.test.junit.AutoTests" name="[327] /home/travis/build/icyphy/ptII/ptolemy/actor/lib/test/auto/ScaleArray2.xml (RunModel)" time="0.008" />
  <testcase classname="ptolemy.util.test.junit.AutoTests" name="[328] /home/travis/build/icyphy/ptII/ptolemy/actor/lib/test/auto/ScaleMatrix.xml (RunModel)" time="0.115" />
  <testcase classname="ptolemy.util.test.junit.AutoTests" name="[329] /home/travis/build/icyphy/ptII/ptolemy/actor/lib/test/auto/Select.xml (RunModel)" time="0.015" />
  <testcase classname="ptolemy.util.test.junit.AutoTests" name="[330] /home/travis/build/icyphy/ptII/ptolemy/actor/lib/test/auto/Select2.xml (RunModel)" time="0.008" />
  <testcase classname="ptolemy.util.test.junit.AutoTests" name="[331] /home/travis/build/icyphy/ptII/ptolemy/actor/lib/test/auto/SequenceToArray2.xml (RunModel)" time="0.14" />
  <testcase classname="ptolemy.util.test.junit.AutoTests" name="[332] /home/travis/build/icyphy/ptII/ptolemy/actor/lib/test/auto/SequentialClock.xml (RunModel)" time="0.011" />
  <testcase classname="ptolemy.util.test.junit.AutoTests" name="[333] /home/travis/build/icyphy/ptII/ptolemy/actor/lib/test/auto/SetVariable.xml (RunModel)" time="0.011" />
  <testcase classname="ptolemy.util.test.junit.AutoTests" name="[334] /home/travis/build/icyphy/ptII/ptolemy/actor/lib/test/auto/SetVariable2.xml (RunModel)" time="0.012" />
  <testcase classname="ptolemy.util.test.junit.AutoTests" name="[335] /home/travis/build/icyphy/ptII/ptolemy/actor/lib/test/auto/SetVariable3.xml (RunModel)" time="0.014" />
  <testcase classname="ptolemy.util.test.junit.AutoTests" name="[336] /home/travis/build/icyphy/ptII/ptolemy/actor/lib/test/auto/SetVariable4.xml (RunModel)" time="0.026" />
  <testcase classname="ptolemy.util.test.junit.AutoTests" name="[337] /home/travis/build/icyphy/ptII/ptolemy/actor/lib/test/auto/SetVariable5.xml (RunModel)" time="0.034" />
  <testcase classname="ptolemy.util.test.junit.AutoTests" name="[338] /home/travis/build/icyphy/ptII/ptolemy/actor/lib/test/auto/Sinewave.xml (RunModel)" time="0.025" />
  <testcase classname="ptolemy.util.test.junit.AutoTests" name="[339] /home/travis/build/icyphy/ptII/ptolemy/actor/lib/test/auto/Sinewave2.xml (RunModel)" time="0.016" />
  <testcase classname="ptolemy.util.test.junit.AutoTests" name="[340] /home/travis/build/icyphy/ptII/ptolemy/actor/lib/test/auto/Sinewave3.xml (RunModel)" time="0.023" />
  <testcase classname="ptolemy.util.test.junit.AutoTests" name="[341] /home/travis/build/icyphy/ptII/ptolemy/actor/lib/test/auto/SingleEvent.xml (RunModel)" time="0.008" />
  <testcase classname="ptolemy.util.test.junit.AutoTests" name="[342] /home/travis/build/icyphy/ptII/ptolemy/actor/lib/test/auto/Sleep.xml (RunModel)" time="6.052" />
  <testcase classname="ptolemy.util.test.junit.AutoTests" name="[343] /home/travis/build/icyphy/ptII/ptolemy/actor/lib/test/auto/SleepMultipleFire.xml (RunModel)" time="1.022" />
  <testcase classname="ptolemy.util.test.junit.AutoTests" name="[344] /home/travis/build/icyphy/ptII/ptolemy/actor/lib/test/auto/StopDE.xml (RunModel)" time="0.017" />
  <testcase classname="ptolemy.util.test.junit.AutoTests" name="[345] /home/travis/build/icyphy/ptII/ptolemy/actor/lib/test/auto/StopSDF.xml (RunModel)" time="0.013" />
  <testcase classname="ptolemy.util.test.junit.AutoTests" name="[346] /home/travis/build/icyphy/ptII/ptolemy/actor/lib/test/auto/StringConstant.xml (RunModel)" time="0.016" />
  <testcase classname="ptolemy.util.test.junit.AutoTests" name="[347] /home/travis/build/icyphy/ptII/ptolemy/actor/lib/test/auto/SubscriberPortInitialValues1.xml (RunModel)" time="0.023" />
  <testcase classname="ptolemy.util.test.junit.AutoTests" name="[348] /home/travis/build/icyphy/ptII/ptolemy/actor/lib/test/auto/SubscriberPortInitialValues13.xml (RunModel)" time="0.023" />
  <testcase classname="ptolemy.util.test.junit.AutoTests" name="[349] /home/travis/build/icyphy/ptII/ptolemy/actor/lib/test/auto/SubscriberPortInitialValues14.xml (RunModel)" time="0.015" />
  <testcase classname="ptolemy.util.test.junit.AutoTests" name="[350] /home/travis/build/icyphy/ptII/ptolemy/actor/lib/test/auto/SubscriberPortInitialValues2.xml (RunModel)" time="0.015" />
  <testcase classname="ptolemy.util.test.junit.AutoTests" name="[351] /home/travis/build/icyphy/ptII/ptolemy/actor/lib/test/auto/SubscriberPortInitialValues3.xml (RunModel)" time="0.021" />
  <testcase classname="ptolemy.util.test.junit.AutoTests" name="[352] /home/travis/build/icyphy/ptII/ptolemy/actor/lib/test/auto/SubscriptionAggregator.xml (RunModel)" time="0.012" />
  <testcase classname="ptolemy.util.test.junit.AutoTests" name="[353] /home/travis/build/icyphy/ptII/ptolemy/actor/lib/test/auto/SubscriptionAggregator2.xml (RunModel)" time="0.011" />
  <testcase classname="ptolemy.util.test.junit.AutoTests" name="[354] /home/travis/build/icyphy/ptII/ptolemy/actor/lib/test/auto/SubscriptionAggregator3.xml (RunModel)" time="0.014" />
  <testcase classname="ptolemy.util.test.junit.AutoTests" name="[355] /home/travis/build/icyphy/ptII/ptolemy/actor/lib/test/auto/SubscriptionAggregatorMultiply.xml (RunModel)" time="0.02" />
  <testcase classname="ptolemy.util.test.junit.AutoTests" name="[356] /home/travis/build/icyphy/ptII/ptolemy/actor/lib/test/auto/SubscriptionAggregatorPortMultiply1.xml (RunModel)" time="0.016" />
  <testcase classname="ptolemy.util.test.junit.AutoTests" name="[357] /home/travis/build/icyphy/ptII/ptolemy/actor/lib/test/auto/Switch.xml (RunModel)" time="0.018" />
  <testcase classname="ptolemy.util.test.junit.AutoTests" name="[358] /home/travis/build/icyphy/ptII/ptolemy/actor/lib/test/auto/Switch2.xml (RunModel)" time="0.012" />
  <testcase classname="ptolemy.util.test.junit.AutoTests" name="[359] /home/travis/build/icyphy/ptII/ptolemy/actor/lib/test/auto/SwitchDE.xml (RunModel)" time="0.013" />
  <testcase classname="ptolemy.util.test.junit.AutoTests" name="[360] /home/travis/build/icyphy/ptII/ptolemy/actor/lib/test/auto/SynchronizerDE.xml (RunModel)" time="0.02" />
  <testcase classname="ptolemy.util.test.junit.AutoTests" name="[361] /home/travis/build/icyphy/ptII/ptolemy/actor/lib/test/auto/Test.xml (RunModel)" time="0.019" />
  <testcase classname="ptolemy.util.test.junit.AutoTests" name="[362] /home/travis/build/icyphy/ptII/ptolemy/actor/lib/test/auto/TestExceptionAttribute1.xml (RunModel)" time="0.011" />
  <testcase classname="ptolemy.util.test.junit.AutoTests" name="[363] /home/travis/build/icyphy/ptII/ptolemy/actor/lib/test/auto/TestExceptionAttribute2.xml (RunModel)" time="0.007" />
  <testcase classname="ptolemy.util.test.junit.AutoTests" name="[364] /home/travis/build/icyphy/ptII/ptolemy/actor/lib/test/auto/TestExceptionAttribute3.xml (RunModel)" time="0.01" />
  <testcase classname="ptolemy.util.test.junit.AutoTests" name="[365] /home/travis/build/icyphy/ptII/ptolemy/actor/lib/test/auto/TestExceptionAttribute4.xml (RunModel)" time="0.008" />
  <testcase classname="ptolemy.util.test.junit.AutoTests" name="[366] /home/travis/build/icyphy/ptII/ptolemy/actor/lib/test/auto/TestExceptionHandler1.xml (RunModel)" time="0.008" />
  <testcase classname="ptolemy.util.test.junit.AutoTests" name="[367] /home/travis/build/icyphy/ptII/ptolemy/actor/lib/test/auto/TestExceptionHandler2.xml (RunModel)" time="0.007" />
  <testcase classname="ptolemy.util.test.junit.AutoTests" name="[368] /home/travis/build/icyphy/ptII/ptolemy/actor/lib/test/auto/TestExceptionHandler3.xml (RunModel)" time="0.007" />
  <testcase classname="ptolemy.util.test.junit.AutoTests" name="[369] /home/travis/build/icyphy/ptII/ptolemy/actor/lib/test/auto/TestExceptionHandler4.xml (RunModel)" time="0.006" />
  <testcase classname="ptolemy.util.test.junit.AutoTests" name="[370] /home/travis/build/icyphy/ptII/ptolemy/actor/lib/test/auto/TestRequireCorrectOrder.xml (RunModel)" time="0.008" />
  <testcase classname="ptolemy.util.test.junit.AutoTests" name="[371] /home/travis/build/icyphy/ptII/ptolemy/actor/lib/test/auto/TestSimple.xml (RunModel)" time="0.005" />
  <testcase classname="ptolemy.util.test.junit.AutoTests" name="[372] /home/travis/build/icyphy/ptII/ptolemy/actor/lib/test/auto/ThrowModelError.xml (RunModel)" time="0.01" />
  <testcase classname="ptolemy.util.test.junit.AutoTests" name="[373] /home/travis/build/icyphy/ptII/ptolemy/actor/lib/test/auto/TimeDelayMicrosteps.xml (RunModel)" time="0.013" />
  <testcase classname="ptolemy.util.test.junit.AutoTests" name="[374] /home/travis/build/icyphy/ptII/ptolemy/actor/lib/test/auto/TimeDelayMicrosteps2.xml (RunModel)" time="0.016" />
  <testcase classname="ptolemy.util.test.junit.AutoTests" name="[375] /home/travis/build/icyphy/ptII/ptolemy/actor/lib/test/auto/TimeDelayMicrosteps3.xml (RunModel)" time="0.012" />
  <testcase classname="ptolemy.util.test.junit.AutoTests" name="[376] /home/travis/build/icyphy/ptII/ptolemy/actor/lib/test/auto/TimeDelayVariableMicrosteps.xml (RunModel)" time="0.012" />
  <testcase classname="ptolemy.util.test.junit.AutoTests" name="[377] /home/travis/build/icyphy/ptII/ptolemy/actor/lib/test/auto/TimeGap.xml (RunModel)" time="0.026" />
  <testcase classname="ptolemy.util.test.junit.AutoTests" name="[378] /home/travis/build/icyphy/ptII/ptolemy/actor/lib/test/auto/TimeGap2.xml (RunModel)" time="0.012" />
  <testcase classname="ptolemy.util.test.junit.AutoTests" name="[379] /home/travis/build/icyphy/ptII/ptolemy/actor/lib/test/auto/TimedSinewave.xml (RunModel)" time="0.056" />
  <testcase classname="ptolemy.util.test.junit.AutoTests" name="[380] /home/travis/build/icyphy/ptII/ptolemy/actor/lib/test/auto/TimedSinewavePhase.xml (RunModel)" time="0.041" />
  <testcase classname="ptolemy.util.test.junit.AutoTests" name="[381] /home/travis/build/icyphy/ptII/ptolemy/actor/lib/test/auto/Timer.xml (RunModel)" time="0.017" />
  <testcase classname="ptolemy.util.test.junit.AutoTests" name="[382] /home/travis/build/icyphy/ptII/ptolemy/actor/lib/test/auto/TriangularDistTestModel.xml (RunModel)" time="0.016" />
  <testcase classname="ptolemy.util.test.junit.AutoTests" name="[383] /home/travis/build/icyphy/ptII/ptolemy/actor/lib/test/auto/TrigFunction.xml (RunModel)" time="0.009" />
  <testcase classname="ptolemy.util.test.junit.AutoTests" name="[384] /home/travis/build/icyphy/ptII/ptolemy/actor/lib/test/auto/TrigFunctionDE.xml (RunModel)" time="0.01" />
  <testcase classname="ptolemy.util.test.junit.AutoTests" name="[385] /home/travis/build/icyphy/ptII/ptolemy/actor/lib/test/auto/TrigFunctionInverse.xml (RunModel)" time="0.009" />
  <testcase classname="ptolemy.util.test.junit.AutoTests" name="[386] /home/travis/build/icyphy/ptII/ptolemy/actor/lib/test/auto/TrigFunctionTan.xml (RunModel)" time="0.006" />
  <testcase classname="ptolemy.util.test.junit.AutoTests" name="[387] /home/travis/build/icyphy/ptII/ptolemy/actor/lib/test/auto/TriggeredClock.xml (RunModel)" time="0.008" />
  <testcase classname="ptolemy.util.test.junit.AutoTests" name="[388] /home/travis/build/icyphy/ptII/ptolemy/actor/lib/test/auto/URLDirectoryReader.xml (RunModel)" time="0.124" />
  <testcase classname="ptolemy.util.test.junit.AutoTests" name="[389] /home/travis/build/icyphy/ptII/ptolemy/actor/lib/test/auto/URLDirectoryReader3.xml (RunModel)" time="1.716" />
  <testcase classname="ptolemy.util.test.junit.AutoTests" name="[390] /home/travis/build/icyphy/ptII/ptolemy/actor/lib/test/auto/UnaryMathFunction.xml (RunModel)" time="0.035" />
  <testcase classname="ptolemy.util.test.junit.AutoTests" name="[391] /home/travis/build/icyphy/ptII/ptolemy/actor/lib/test/auto/Uniform.xml (RunModel)" time="0.014" />
  <testcase classname="ptolemy.util.test.junit.AutoTests" name="[392] /home/travis/build/icyphy/ptII/ptolemy/actor/lib/test/auto/UnionDisassemblerTest.xml (RunModel)" time="0.024" />
  <testcase classname="ptolemy.util.test.junit.AutoTests" name="[393] /home/travis/build/icyphy/ptII/ptolemy/actor/lib/test/auto/UtilityFunctions.xml (RunModel)" time="0.011" />
  <testcase classname="ptolemy.util.test.junit.AutoTests" name="[394] /home/travis/build/icyphy/ptII/ptolemy/actor/lib/test/auto/VariableSleep.xml (RunModel)" time="0.511" />
  <testcase classname="ptolemy.util.test.junit.AutoTests" name="[395] /home/travis/build/icyphy/ptII/ptolemy/actor/lib/test/auto/VectorAssemblerDisassemblerCT.xml (RunModel)" time="0.116" />
  <testcase classname="ptolemy.util.test.junit.AutoTests" name="[396] /home/travis/build/icyphy/ptII/ptolemy/actor/lib/test/auto/VectorAssemblerDisassemblerDE.xml (RunModel)" time="0.013" />
  <testcase classname="ptolemy.util.test.junit.AutoTests" name="[397] /home/travis/build/icyphy/ptII/ptolemy/actor/lib/test/auto/VectorAssemblerDisassemblerSDF.xml (RunModel)" time="0.012" />
  <testcase classname="ptolemy.util.test.junit.AutoTests" name="[398] /home/travis/build/icyphy/ptII/ptolemy/actor/lib/test/auto/WallClockTime.xml (RunModel)" time="1.012" />
  <testcase classname="ptolemy.util.test.junit.AutoTests" name="[399] /home/travis/build/icyphy/ptII/ptolemy/actor/lib/test/auto/WidthTestWithSubscriberPublisher.xml (RunModel)" time="0.051" />
  <testcase classname="ptolemy.util.test.junit.AutoTests" name="[400] /home/travis/build/icyphy/ptII/ptolemy/actor/lib/test/auto/WidthTestWithSubscriberPublisher2.xml (RunModel)" time="0.015" />
  <testcase classname="ptolemy.util.test.junit.AutoTests" name="[401] /home/travis/build/icyphy/ptII/ptolemy/actor/lib/test/auto/WidthTestWithSubscriberPublisher3.xml (RunModel)" time="0.01" />
  <testcase classname="ptolemy.util.test.junit.AutoTests" name="[402] /home/travis/build/icyphy/ptII/ptolemy/actor/lib/test/auto/Writer.xml (RunModel)" time="0.008" />
  <testcase classname="ptolemy.util.test.junit.AutoTests" name="[403] /home/travis/build/icyphy/ptII/ptolemy/actor/lib/test/auto/array.xml (RunModel)" time="0.009" />
  <testcase classname="ptolemy.util.test.junit.AutoTests" name="[404] /home/travis/build/icyphy/ptII/ptolemy/actor/lib/test/auto/array2.xml (RunModel)" time="0.008" />
  <testcase classname="ptolemy.util.test.junit.AutoTests" name="[405] /home/travis/build/icyphy/ptII/ptolemy/actor/lib/test/auto/arrayType.xml (RunModel)" time="0.009" />
  <testcase classname="ptolemy.util.test.junit.AutoTests" name="[406] /home/travis/build/icyphy/ptII/ptolemy/actor/lib/test/auto/arrayType10.xml (RunModel)" time="0.007" />
  <testcase classname="ptolemy.util.test.junit.AutoTests" name="[407] /home/travis/build/icyphy/ptII/ptolemy/actor/lib/test/auto/arrayType11.xml (RunModel)" time="0.007" />
  <testcase classname="ptolemy.util.test.junit.AutoTests" name="[408] /home/travis/build/icyphy/ptII/ptolemy/actor/lib/test/auto/arrayType12.xml (RunModel)" time="0.009" />
  <testcase classname="ptolemy.util.test.junit.AutoTests" name="[409] /home/travis/build/icyphy/ptII/ptolemy/actor/lib/test/auto/arrayType13.xml (RunModel)" time="0.008" />
  <testcase classname="ptolemy.util.test.junit.AutoTests" name="[410] /home/travis/build/icyphy/ptII/ptolemy/actor/lib/test/auto/arrayType14.xml (RunModel)" time="0.008" />
  <testcase classname="ptolemy.util.test.junit.AutoTests" name="[411] /home/travis/build/icyphy/ptII/ptolemy/actor/lib/test/auto/arrayType15.xml (RunModel)" time="0.009" />
  <testcase classname="ptolemy.util.test.junit.AutoTests" name="[412] /home/travis/build/icyphy/ptII/ptolemy/actor/lib/test/auto/arrayType16.xml (RunModel)" time="0.01" />
  <testcase classname="ptolemy.util.test.junit.AutoTests" name="[413] /home/travis/build/icyphy/ptII/ptolemy/actor/lib/test/auto/arrayType17.xml (RunModel)" time="0.009" />
  <testcase classname="ptolemy.util.test.junit.AutoTests" name="[414] /home/travis/build/icyphy/ptII/ptolemy/actor/lib/test/auto/arrayType18.xml (RunModel)" time="0.008" />
  <testcase classname="ptolemy.util.test.junit.AutoTests" name="[415] /home/travis/build/icyphy/ptII/ptolemy/actor/lib/test/auto/arrayType19.xml (RunModel)" time="0.008" />
  <testcase classname="ptolemy.util.test.junit.AutoTests" name="[416] /home/travis/build/icyphy/ptII/ptolemy/actor/lib/test/auto/arrayType2.xml (RunModel)" time="0.008" />
  <testcase classname="ptolemy.util.test.junit.AutoTests" name="[417] /home/travis/build/icyphy/ptII/ptolemy/actor/lib/test/auto/arrayType20.xml (RunModel)" time="0.008" />
  <testcase classname="ptolemy.util.test.junit.AutoTests" name="[418] /home/travis/build/icyphy/ptII/ptolemy/actor/lib/test/auto/arrayType21.xml (RunModel)" time="0.008" />
  <testcase classname="ptolemy.util.test.junit.AutoTests" name="[419] /home/travis/build/icyphy/ptII/ptolemy/actor/lib/test/auto/arrayType22.xml (RunModel)" time="0.012" />
  <testcase classname="ptolemy.util.test.junit.AutoTests" name="[420] /home/travis/build/icyphy/ptII/ptolemy/actor/lib/test/auto/arrayType23.xml (RunModel)" time="0.007" />
  <testcase classname="ptolemy.util.test.junit.AutoTests" name="[421] /home/travis/build/icyphy/ptII/ptolemy/actor/lib/test/auto/arrayType24.xml (RunModel)" time="0.009" />
  <testcase classname="ptolemy.util.test.junit.AutoTests" name="[422] /home/travis/build/icyphy/ptII/ptolemy/actor/lib/test/auto/arrayType25.xml (RunModel)" time="0.009" />
  <testcase classname="ptolemy.util.test.junit.AutoTests" name="[423] /home/travis/build/icyphy/ptII/ptolemy/actor/lib/test/auto/arrayType26.xml (RunModel)" time="0.008" />
  <testcase classname="ptolemy.util.test.junit.AutoTests" name="[424] /home/travis/build/icyphy/ptII/ptolemy/actor/lib/test/auto/arrayType27.xml (RunModel)" time="0.008" />
  <testcase classname="ptolemy.util.test.junit.AutoTests" name="[425] /home/travis/build/icyphy/ptII/ptolemy/actor/lib/test/auto/arrayType28.xml (RunModel)" time="0.009" />
  <testcase classname="ptolemy.util.test.junit.AutoTests" name="[426] /home/travis/build/icyphy/ptII/ptolemy/actor/lib/test/auto/arrayType3.xml (RunModel)" time="0.01" />
  <testcase classname="ptolemy.util.test.junit.AutoTests" name="[427] /home/travis/build/icyphy/ptII/ptolemy/actor/lib/test/auto/arrayType4.xml (RunModel)" time="0.011" />
  <testcase classname="ptolemy.util.test.junit.AutoTests" name="[428] /home/travis/build/icyphy/ptII/ptolemy/actor/lib/test/auto/arrayType5.xml (RunModel)" time="0.009" />
  <testcase classname="ptolemy.util.test.junit.AutoTests" name="[429] /home/travis/build/icyphy/ptII/ptolemy/actor/lib/test/auto/arrayType6.xml (RunModel)" time="0.012" />
  <testcase classname="ptolemy.util.test.junit.AutoTests" name="[430] /home/travis/build/icyphy/ptII/ptolemy/actor/lib/test/auto/arrayType7.xml (RunModel)" time="0.008" />
  <testcase classname="ptolemy.util.test.junit.AutoTests" name="[431] /home/travis/build/icyphy/ptII/ptolemy/actor/lib/test/auto/arrayType8.xml (RunModel)" time="0.014" />
  <testcase classname="ptolemy.util.test.junit.AutoTests" name="[432] /home/travis/build/icyphy/ptII/ptolemy/actor/lib/test/auto/arrayType9.xml (RunModel)" time="0.019" />
  <testcase classname="ptolemy.util.test.junit.AutoTests" name="[433] /home/travis/build/icyphy/ptII/ptolemy/actor/lib/test/auto/cast.xml (RunModel)" time="0.009" />
  <testcase classname="ptolemy.util.test.junit.AutoTests" name="[434] /home/travis/build/icyphy/ptII/ptolemy/actor/lib/test/auto/compositeMultiPort.xml (RunModel)" time="0.016" />
  <testcase classname="ptolemy.util.test.junit.AutoTests" name="[435] /home/travis/build/icyphy/ptII/ptolemy/actor/lib/test/auto/expressionCastInference.xml (RunModel)" time="0.007" />
  <testcase classname="ptolemy.util.test.junit.AutoTests" name="[436] /home/travis/build/icyphy/ptII/ptolemy/actor/lib/test/auto/expressionCastInference2.xml (RunModel)" time="0.007" />
  <testcase classname="ptolemy.util.test.junit.AutoTests" name="[437] /home/travis/build/icyphy/ptII/ptolemy/actor/lib/test/auto/expressionInference.xml (RunModel)" time="0.007" />
  <testcase classname="ptolemy.util.test.junit.AutoTests" name="[438] /home/travis/build/icyphy/ptII/ptolemy/actor/lib/test/auto/expression_bug.xml (RunModel)" time="0.007" />
  <testcase classname="ptolemy.util.test.junit.AutoTests" name="[439] /home/travis/build/icyphy/ptII/ptolemy/actor/lib/test/auto/factorial.xml (RunModel)" time="0.062" />
  <testcase classname="ptolemy.util.test.junit.AutoTests" name="[440] /home/travis/build/icyphy/ptII/ptolemy/actor/lib/test/auto/filterTest1.xml (RunModel)" time="0.013" />
  <testcase classname="ptolemy.util.test.junit.AutoTests" name="[441] /home/travis/build/icyphy/ptII/ptolemy/actor/lib/test/auto/funcApplyInConst.xml (RunModel)" time="0.005" />
  <testcase classname="ptolemy.util.test.junit.AutoTests" name="[442] /home/travis/build/icyphy/ptII/ptolemy/actor/lib/test/auto/funcApplyInExpr.xml (RunModel)" time="0.008" />
  <testcase classname="ptolemy.util.test.junit.AutoTests" name="[443] /home/travis/build/icyphy/ptII/ptolemy/actor/lib/test/auto/function.xml (RunModel)" time="0.01" />
  <testcase classname="ptolemy.util.test.junit.AutoTests" name="[444] /home/travis/build/icyphy/ptII/ptolemy/actor/lib/test/auto/function2.xml (RunModel)" time="0.05" />
  <testcase classname="ptolemy.util.test.junit.AutoTests" name="[445] /home/travis/build/icyphy/ptII/ptolemy/actor/lib/test/auto/function3.xml (RunModel)" time="0.009" />
  <testcase classname="ptolemy.util.test.junit.AutoTests" name="[446] /home/travis/build/icyphy/ptII/ptolemy/actor/lib/test/auto/functionClosureTest1.xml (RunModel)" time="0.01" />
  <testcase classname="ptolemy.util.test.junit.AutoTests" name="[447] /home/travis/build/icyphy/ptII/ptolemy/actor/lib/test/auto/functionClosureTest2.xml (RunModel)" time="0.006" />
  <testcase classname="ptolemy.util.test.junit.AutoTests" name="[448] /home/travis/build/icyphy/ptII/ptolemy/actor/lib/test/auto/functionClosureTest3.xml (RunModel)" time="0.008" />
  <testcase classname="ptolemy.util.test.junit.AutoTests" name="[449] /home/travis/build/icyphy/ptII/ptolemy/actor/lib/test/auto/functionClosureTest4.xml (RunModel)" time="0.015" />
  <testcase classname="ptolemy.util.test.junit.AutoTests" name="[450] /home/travis/build/icyphy/ptII/ptolemy/actor/lib/test/auto/functionClosureTest5.xml (RunModel)" time="0.011" />
  <testcase classname="ptolemy.util.test.junit.AutoTests" name="[451] /home/travis/build/icyphy/ptII/ptolemy/actor/lib/test/auto/functionClosureTest6.xml (RunModel)" time="0.007" />
  <testcase classname="ptolemy.util.test.junit.AutoTests" name="[452] /home/travis/build/icyphy/ptII/ptolemy/actor/lib/test/auto/functionsOnArcs.xml (RunModel)" time="0.009" />
  <testcase classname="ptolemy.util.test.junit.AutoTests" name="[453] /home/travis/build/icyphy/ptII/ptolemy/actor/lib/test/auto/functionsOnArcsHOF.xml (RunModel)" time="0.014" />
  <testcase classname="ptolemy.util.test.junit.AutoTests" name="[454] /home/travis/build/icyphy/ptII/ptolemy/actor/lib/test/auto/logic.xml (RunModel)" time="0.016" />
  <testcase classname="ptolemy.util.test.junit.AutoTests" name="[455] /home/travis/build/icyphy/ptII/ptolemy/actor/lib/test/auto/matrixType.xml (RunModel)" time="0.009" />
  <testcase classname="ptolemy.util.test.junit.AutoTests" name="[456] /home/travis/build/icyphy/ptII/ptolemy/actor/lib/test/auto/matrixType10.xml (RunModel)" time="0.011" />
  <testcase classname="ptolemy.util.test.junit.AutoTests" name="[457] /home/travis/build/icyphy/ptII/ptolemy/actor/lib/test/auto/matrixType11.xml (RunModel)" time="0.008" />
  <testcase classname="ptolemy.util.test.junit.AutoTests" name="[458] /home/travis/build/icyphy/ptII/ptolemy/actor/lib/test/auto/matrixType12.xml (RunModel)" time="0.011" />
  <testcase classname="ptolemy.util.test.junit.AutoTests" name="[459] /home/travis/build/icyphy/ptII/ptolemy/actor/lib/test/auto/matrixType13.xml (RunModel)" time="0.008" />
  <testcase classname="ptolemy.util.test.junit.AutoTests" name="[460] /home/travis/build/icyphy/ptII/ptolemy/actor/lib/test/auto/matrixType14.xml (RunModel)" time="0.01" />
  <testcase classname="ptolemy.util.test.junit.AutoTests" name="[461] /home/travis/build/icyphy/ptII/ptolemy/actor/lib/test/auto/matrixType2.xml (RunModel)" time="0.009" />
  <testcase classname="ptolemy.util.test.junit.AutoTests" name="[462] /home/travis/build/icyphy/ptII/ptolemy/actor/lib/test/auto/matrixType3.xml (RunModel)" time="0.012" />
  <testcase classname="ptolemy.util.test.junit.AutoTests" name="[463] /home/travis/build/icyphy/ptII/ptolemy/actor/lib/test/auto/matrixType4.xml (RunModel)" time="0.009" />
  <testcase classname="ptolemy.util.test.junit.AutoTests" name="[464] /home/travis/build/icyphy/ptII/ptolemy/actor/lib/test/auto/matrixType5.xml (RunModel)" time="0.008" />
  <testcase classname="ptolemy.util.test.junit.AutoTests" name="[465] /home/travis/build/icyphy/ptII/ptolemy/actor/lib/test/auto/matrixType6.xml (RunModel)" time="0.008" />
  <testcase classname="ptolemy.util.test.junit.AutoTests" name="[466] /home/travis/build/icyphy/ptII/ptolemy/actor/lib/test/auto/matrixType7.xml (RunModel)" time="0.009" />
  <testcase classname="ptolemy.util.test.junit.AutoTests" name="[467] /home/travis/build/icyphy/ptII/ptolemy/actor/lib/test/auto/matrixType8.xml (RunModel)" time="0.008" />
  <testcase classname="ptolemy.util.test.junit.AutoTests" name="[468] /home/travis/build/icyphy/ptII/ptolemy/actor/lib/test/auto/matrixType9.xml (RunModel)" time="0.007" />
  <testcase classname="ptolemy.util.test.junit.AutoTests" name="[469] /home/travis/build/icyphy/ptII/ptolemy/actor/lib/test/auto/paraFunctest.xml (RunModel)" time="0.007" />
  <testcase classname="ptolemy.util.test.junit.AutoTests" name="[470] /home/travis/build/icyphy/ptII/ptolemy/actor/lib/test/auto/paraFunctest2.xml (RunModel)" time="0.012" />
  <testcase classname="ptolemy.util.test.junit.AutoTests" name="[471] /home/travis/build/icyphy/ptII/ptolemy/actor/lib/test/auto/parameterPassing.xml (RunModel)" time="0.006" />
  <testcase classname="ptolemy.util.test.junit.AutoTests" name="[472] /home/travis/build/icyphy/ptII/ptolemy/actor/lib/test/auto/record.xml (RunModel)" time="0.009" />
  <testcase classname="ptolemy.util.test.junit.AutoTests" name="[473] /home/travis/build/icyphy/ptII/ptolemy/actor/lib/test/auto/sizedarray1.xml (RunModel)" time="0.009" />
  <testcase classname="ptolemy.util.test.junit.AutoTests" name="[474] /home/travis/build/icyphy/ptII/ptolemy/actor/lib/test/auto/sizedarray2.xml (RunModel)" time="0.01" />
  <testcase classname="ptolemy.util.test.junit.AutoTests" name="[475] /home/travis/build/icyphy/ptII/ptolemy/actor/lib/test/auto/twoPublishers.xml (RunModel)" time="0.029" />
  <system-out><![CDATA[/home/travis/build/icyphy/ptII/ptolemy/actor/lib/test/AbsoluteValue.tcl
testDefs.tcl: setting time out to 9000 seconds at Wed Apr 01 13:47:46 UTC 2020
99 ms. Memory: 129024K Free: 93122K (72%)
4 ms. Memory: 129024K Free: 91076K (71%)
13 ms. Memory: 129024K Free: 90052K (70%)
8 ms. Memory: 129024K Free: 89523K (69%)
/home/travis/build/icyphy/ptII/ptolemy/actor/lib/test/AddSubtract.tcl
19 ms. Memory: 129024K Free: 87490K (68%)
14 ms. Memory: 129024K Free: 86980K (67%)
13 ms. Memory: 129024K Free: 85956K (67%)
16 ms. Memory: 129024K Free: 85435K (66%)
77 ms. Memory: 129024K Free: 82370K (64%)
5 ms. Memory: 129024K Free: 81346K (63%)
/home/travis/build/icyphy/ptII/ptolemy/actor/lib/test/Average.tcl
11 ms. Memory: 129024K Free: 79812K (62%)
8 ms. Memory: 129024K Free: 78788K (61%)
/home/travis/build/icyphy/ptII/ptolemy/actor/lib/test/Bernoulli.tcl
13 ms. Memory: 129024K Free: 77235K (60%)
2 ms. Memory: 129024K Free: 76740K (59%)
/home/travis/build/icyphy/ptII/ptolemy/actor/lib/test/Clock.tcl
preinitializing
resolving types
initializing
executing number 1
wrapping up
idle
32 ms. Memory: 129024K Free: 74178K (57%)
Completed execution with 5 iterations
preinitializing
resolving types
initializing
executing number 1
wrapping up
idle
8 ms. Memory: 129024K Free: 73123K (57%)
Completed execution with 5 iterations
preinitializing
resolving types
initializing
executing number 1
wrapping up
idle
8 ms. Memory: 129024K Free: 72644K (56%)
Completed execution with 5 iterations
/home/travis/build/icyphy/ptII/ptolemy/actor/lib/test/Commutator.tcl
8 ms. Memory: 129024K Free: 70596K (55%)
20 ms. Memory: 129024K Free: 69572K (54%)
11 ms. Memory: 129024K Free: 63907K (50%)
/home/travis/build/icyphy/ptII/ptolemy/actor/lib/test/Const.tcl
5 ms. Memory: 129024K Free: 62404K (48%)
2 ms. Memory: 129024K Free: 61875K (48%)
3 ms. Memory: 129024K Free: 61380K (48%)
2 ms. Memory: 129024K Free: 60859K (47%)
2 ms. Memory: 129024K Free: 60356K (47%)
12 ms. Memory: 129024K Free: 58818K (46%)
4 ms. Memory: 129024K Free: 57284K (44%)
3 ms. Memory: 129024K Free: 56763K (44%)
/home/travis/build/icyphy/ptII/ptolemy/actor/lib/test/CurrentTime.tcl
preinitializing
resolving types
initializing
executing number 1
wrapping up
idle
8 ms. Memory: 129024K Free: 54707K (42%)
Completed execution with 11 iterations
/home/travis/build/icyphy/ptII/ptolemy/actor/lib/test/DB.tcl
5 ms. Memory: 129024K Free: 53188K (41%)
2 ms. Memory: 129024K Free: 52673K (41%)
2 ms. Memory: 129024K Free: 52164K (40%)
/home/travis/build/icyphy/ptII/ptolemy/actor/lib/test/DiscreteRandomSource.tcl
preinitializing
resolving types
initializing
executing number 1
wrapping up
idle
5 ms. Memory: 129024K Free: 50611K (39%)
Completed execution with 4 iterations
preinitializing
resolving types
initializing
executing number 1
wrapping up
idle
2 ms. Memory: 129024K Free: 50116K (39%)
Completed execution with 4 iterations
preinitializing
resolving types
initializing
executing number 1
wrapping up
idle
2 ms. Memory: 129024K Free: 49602K (38%)
Completed execution with 4 iterations
preinitializing
resolving types
initializing
executing number 1
wrapping up
idle
2 ms. Memory: 129024K Free: 49092K (38%)
Completed execution with 4 iterations
preinitializing
resolving types
initializing
executing number 1
wrapping up
idle
4 ms. Memory: 129024K Free: 48578K (38%)
Completed execution with 4 iterations
/home/travis/build/icyphy/ptII/ptolemy/actor/lib/test/Distributor.tcl
29 ms. Memory: 129024K Free: 113450K (88%)
11 ms. Memory: 129024K Free: 112426K (87%)
StreamChangeRequest.changeExecuted(): <deleteEntity name="rec2"/> succeeded
StreamChangeRequest.changeExecuted(): <deleteRelation name="r2"/> succeeded
StreamChangeRequest.changeExecuted(): Record firings per iteration succeeded
23 ms. Memory: 129024K Free: 113294K (88%)
/home/travis/build/icyphy/ptII/ptolemy/actor/lib/test/Exit.tcl
Exit.tcl: this will print a message about Manager.exitAfterWrapup, which can be ignored.
12 ms. Memory: 129024K Free: 110445K (86%)
/home/travis/build/icyphy/ptII/ptolemy/actor/lib/test/Expression.tcl
20 ms. Memory: 129024K Free: 107163K (83%)
13 ms. Memory: 129024K Free: 106510K (83%)
5 ms. Memory: 129024K Free: 105756K (82%)
preinitializing
resolving types
initializing
executing number 1
wrapping up
idle
18 ms. Memory: 129024K Free: 104070K (81%)
Completed execution with 6 iterations
4 ms. Memory: 129024K Free: 103438K (80%)
7 ms. Memory: 129024K Free: 102699K (80%)
4 ms. Memory: 129024K Free: 101390K (79%)
8 ms. Memory: 129024K Free: 99996K (78%)
8 ms. Memory: 129024K Free: 98942K (77%)
/home/travis/build/icyphy/ptII/ptolemy/actor/lib/test/Gaussian.tcl
8 ms. Memory: 129024K Free: 97294K (75%)
sleeping 1 seconds: ..........................................................................................................................................................................................................................................................................................................................................................................................................................................................................................................................................................................................................................................................................................................................................................................................................................................................................................................................................................................................................................................................................................................................................................................................................................................................................................................................................................................................................................................................................................................................................................................................................................................................................................................................................................................................................................................................................................................................................................................................................................................................................................................................................................................................................................................................................................................................................................................................................................................................................................................................................................................................................................................................................................................................................................................................................................................................................................................................................................................................................................................................................................................................................................................................................................................................................................................................................................................................................................................................................................................................................................................................................................................................................................................................................................................................................................................................................................................................................................................................................................................................................................................................................................................................................................................................................................................................................................................................................................................................................................................................................................................................................................................................................................................................................................................................................................................................................................................................................................................................................................................................................................................................................................................................................................................................................................................................................................................................................................................................................................................................................................................................................................................................................................................................................................................................................................................................................................................................................................................................................................................................................................................................................................................................................................................................................................................................................................................................................................................................................................................................................................................................................................................................................................................................................................................................................................................................................................................................................................................................................................................................................................................................................................................................................................................................................................................................................................................................................................................................................................................................................................................................................................................................................................................................................................................................................................................................................................................................................................................................................................................................................................................................................................................................................................................................................................................................................................................................................................................................................................................................................................................................................................................................................................................................................................................................................................................................................................................................................................................................................................................................................................................................................................................................................................................................................................................................................................................................................................................................................................................................................................................................................................................................................................................................................................................................................................................................................................................................................................................................................................................................................................................................................................................................................................................................................................................................................................................................................................................................................................................................................................................................................................................................................................................................................................................................................................................................................................................................................................................................................................................................................................................................................................................................................................................................................................................................................................................................................................................................................................................................................................................................................................................................................................................................................................................................................................................................................................................................................................................................................................................................................................................................................................................................................................................................................................................................................................................................................................................................................................................................................................................................................................................................................................................................................................................................................................................................................................................................................................................................................................................................................................................................................................................................................................................................................................................................................................................................................................................................................................................................................................................................................................................................................................................................................................................................................................................................................................................................................................................................................................................................................................................................................................................................................................................................................................................................................................................................................................................................................................................................................................................................................................................................................................................................................................................................................................................................................................................................................................................................................................................................................................................................................................................................................................................................................................................................................................................................................................................................................................................................................................................................................................................................................................................................................................................................................................................................................................................................................................................................................................................................................................................................................................................................................................................................................................................................................................................................................................................................................................................................................................................................................................................................................................................................................................................................................................................................................................................................................................................................................................................................................................................................................................................................................................................................................................................................................................................................................................................................................................................................................................................................................................................................................................................................................................................................................................................................................................................................................................................................................................................................................................................................................................................................................................................................................................................................................................................................................................................................................................................................................................................................................................................................................................................................................................................................................................................................................................................................................................................................................................................................................................................................................................................................................................................................................................................................................................................................................................................................................................................................................................................................................................................................................................................................................................................................................................................................................................................................................................................................................................................................................................................................................................................................................................................................................................................................................................................................................................................................................................................................................................................................................................................................................................................................................................................................................................................................................................................................................................................................................................................................................................................................................................................................................................................................................................................................................................................................................................................................................................................................................................................................................................................................................................................................................................................................................................................................................................................................................................................................................................................................................................................................................................................................................................................................................................................................................................................................................................................................................................................................................................................................................................................................................................................................................................................................................................................................................................................................................................................................................................................................................................................................................................................................................................................................................................................................................................................................................................................................................................................................................................................................................................................................................................................................................................................................................................................................................................................................................................................................................................................................................................................................................................................................................................................................................................................................................................................................................................................................................................................................................................................................................................................................................................................................................................................................................................................................................................................................................................................................................................................................................................................................................................................................................................................................................................................................................................................................................................................................................................................................................................................................................................................................................................................................................................................................................................................................................................................................................................................................................................................................................................................................................................................................................................................................................................................................................................................................................................................................................................................................................................................................................................................................................................................................................................................................................................................................................................................................................................................................................................................................................................................................................................................................................................................................................................................................................................................................................................................................................................................................................................................................................................................................................................................................................................................................................................................................................................................................................................................................................................................................................................................................................................................................................................................................................................................................................................................................................................................................................................................................................................................................................................................................................................................................................................................................................................................................................................................................................................................................................................................................................................................................................................................................................................................................................................................................................................................................................................................................................................................................................................................................................................................................................................................................................................................................................................................................................................................................................................................................................................................................................................................................................................................................................................................................................................................................................................................................................................................................................................................................................................................................................................................................................................................................................................................................................................................................................................................................................................................................................................................................................................................................................................................................................................................................................................................................................................................................................................................................................................................................................................................................................................................................................................................................................................................................................................................................................................................................................................................................................................................................................................................................................................................................................................................................................................................................................................................................................................................................................................................................................................................................................................................................................................................................................................................................................................................................................................................................................................................................................................................................................................................................................................................................................................................................................................................................................................................................................................................................................................................................................................................................................................................................................................................................................................................................................................................................................................................................................................................................................................................................................................................................................................................................................................................................................................................................................................................................................................................................................................................................................................................................................................................................................................................................................................................................................................................................................................................................................................................................................................................................................................................................................................................................................................................................................................................................................................................................................................................................................................................................................................................................................................................................................................................................................................................................................................................................................................................................................................................................................................................................................................................................................................................................................................................................................................................................................................................................................................................................................................................................................................................................................................................................................................................................................................................................................................................................................................................................................................................................................................................................................................................................................................................................................................................................................................................................................................................................................................................................................................................................................................................................................................................................................................................................................................................................................................................................................................................................................................................................................................................................................................................................................................................................................................................................................................................................................................................................................................................................................................................................................................................................................................................................................................................................................................................................................................................................................................................................................................................................................................................................................................................................................................................................................................................................................................................................................................................................................................................................................................................................................................................................................................................................................................................................................................................................................................................................................................................................................................................................................................................................................................................................................................................................................................................................................................................................................................................................................................................................................................................................................................................................................................................................................................................................................................................................................................................................................................................................................................................................................................................................................................................................................................................................................................................................................................................................................................................................................................................................................................................................................................................................................................................................................................................................................................................................................................................................................................................................................................................................................................................................................................................................................................................................................................................................................................................................................................................................................................................................................................................................................................................................................................................................................................................................................................................................................................................................................................................................................................................................................................................................................................................................................................................................................................................................................................................................................................................................................................................................................................................................................................................................................................................................................................................................................................................................................................................................................................................................................................................................................................................................................................................................................................................................................................................................................................................................................................................................................................................................................................................................................................................................................................................................................................................................................................................................................................................................................................................................................................................................................................................................................................................................................................................................................................................................................................................................................................................................................................................................................................................................................................................................................................................................................................................................................................................................................................................................................................................................................................................................................................................................................................................................................................................................................................................................................................................................................................................................................................................................................................................................................................................................................................................................................................................................................................................................................................................................................................................................................................................................................................................................................................................................................................................................................................................................................................................................................................................................................................................................................................................................................................................................................................................................................................................................................................................................................................................................................................................................................................................................................................................................................................................................................................................................................................................................................................................................................................................................................................................................................................................................................................................................................................................................................................................................................................................................................................................................................................................................................................................................................................................................................................................................................................................................................................................................................................................................................................................................................................................................................................................................................................................................................................................................................................................................................................................................................................................................................................................................................................................................................................................................................................................................................................................................................................................................................................................3 ms. Memory: 129024K Free: 53391K (41%)
12 ms. Memory: 129024K Free: 112785K (87%)
3 ms. Memory: 129024K Free: 112271K (87%)
4 ms. Memory: 129024K Free: 111761K (87%)
2 ms. Memory: 129024K Free: 111247K (86%)
/home/travis/build/icyphy/ptII/ptolemy/actor/lib/test/IIR.tcl
/home/travis/build/icyphy/ptII/ptolemy/actor/lib/test/Interpolator.tcl
4 ms. Memory: 129024K Free: 107137K (83%)
2 ms. Memory: 129024K Free: 106641K (83%)
2 ms. Memory: 129024K Free: 106113K (82%)
2 ms. Memory: 129024K Free: 105617K (82%)
2 ms. Memory: 129024K Free: 104593K (81%)
2 ms. Memory: 129024K Free: 104049K (81%)
4 ms. Memory: 129024K Free: 103049K (80%)
3 ms. Memory: 129024K Free: 102031K (79%)
2 ms. Memory: 129024K Free: 101521K (79%)
2 ms. Memory: 129024K Free: 100497K (78%)
/home/travis/build/icyphy/ptII/ptolemy/actor/lib/test/MathFunction.tcl
4 ms. Memory: 129024K Free: 98449K (76%)
2 ms. Memory: 129024K Free: 97425K (76%)
2 ms. Memory: 129024K Free: 96401K (75%)
2 ms. Memory: 129024K Free: 95377K (74%)
4 ms. Memory: 129024K Free: 93809K (73%)
10 ms. Memory: 129024K Free: 92305K (72%)
/home/travis/build/icyphy/ptII/ptolemy/actor/lib/test/Maximum.tcl
5 ms. Memory: 129024K Free: 90257K (70%)
5 ms. Memory: 129024K Free: 89737K (70%)
9 ms. Memory: 129024K Free: 88713K (69%)
5 ms. Memory: 129024K Free: 88209K (68%)
/home/travis/build/icyphy/ptII/ptolemy/actor/lib/test/Minimum.tcl
7 ms. Memory: 129024K Free: 86641K (67%)
4 ms. Memory: 129024K Free: 85647K (66%)
4 ms. Memory: 129024K Free: 85137K (66%)
3 ms. Memory: 129024K Free: 84609K (66%)
/home/travis/build/icyphy/ptII/ptolemy/actor/lib/test/MultiplyDivide.tcl
14 ms. Memory: 129024K Free: 82569K (64%)
3 ms. Memory: 129024K Free: 82065K (64%)
8 ms. Memory: 129024K Free: 81041K (63%)
3 ms. Memory: 129024K Free: 80513K (62%)
13 ms. Memory: 129024K Free: 80017K (62%)
/home/travis/build/icyphy/ptII/ptolemy/actor/lib/test/OrderedMerge.tcl
Connections changed on port: inputA
Connections changed on port: inputB
Connections changed on port: output
Connections changed on port: output
Connections changed on port: output
Connections changed on port: input
.top. Preinitializing ...
Invoking preinitialize():  .top.OrderedMerge
Called preinitialize()
Invoking preinitialize():  .top.Ramp
Called preinitialize()
Invoking preinitialize():  .top.Ramp2
Called preinitialize()
Invoking preinitialize():  .top.Test
Called preinitialize()
Connections changed on port: inputA
Connections changed on port: output
Connections changed on port: output
Connections changed on port: input
Connections changed on port: inputB
Connections changed on port: output
.top. Finished preinitialize().
Called initialize().
Invoking initialize():  .top.OrderedMerge
Initializing actor: .top.OrderedMerge
Adding a thread: .top.OrderedMerge
Invoking initialize():  .top.Ramp
Initializing actor: .top.Ramp
Adding a thread: .top.Ramp
Invoking initialize():  .top.Ramp2
Initializing actor: .top.Ramp2
Adding a thread: .top.Ramp2
Invoking initialize():  .top.Test
Initializing actor: .top.Test
Adding a thread: .top.Test
-- Starting thread.
Called initialize()
Called prefire()
Called fire()
Called fire().
Checking for deadlock:
-- Starting thread.
Called initialize()
-- Starting thread.
Called initialize()
-- Starting thread.
Called initialize()
Called prefire()
Called fire()
There are 1 Blocked actors, 0 Stopped actors, and 4 active threads.
Waiting for actors to stop.
Called prefire()
Called prefire()
Called fire()
Called fire()
Checking for deadlock:
There are 2 Blocked actors, 0 Stopped actors, and 4 active threads.
Waiting for actors to stop.
Called postfire()
Called prefire()
Called fire()
Checking for deadlock:
There are 2 Blocked actors, 0 Stopped actors, and 4 active threads.
Waiting for actors to stop.
Read input token from inputA with value 0.0
Next port to read input from is inputB
Called postfire()
Called prefire()
Called fire()
Read input token from inputB with value 0.0
Sent output token with value 0.0
Next port to read input from is inputA
Called postfire()
Called prefire()
Called fire()
Called postfire()
Called prefire()
Called fire()
-- Read input: 0.0, which is expected to match: 0.0
Called prefire()
Called fire()
Called postfire()
Called prefire()
Called fire()
Called postfire()
Called prefire()
Called fire()
Checking for deadlock:
There are 3 Blocked actors, 0 Stopped actors, and 4 active threads.
Waiting for actors to stop.
Read input token from inputA with value 1.0
Sent output token with value 0.0
Next port to read input from is inputB
Called postfire()
Called prefire()
Called fire()
Called postfire()
Called prefire()
Called fire()
-- Read input: 0.0, which is expected to match: 0.0
Called prefire()
Called fire()
Read input token from inputB with value 1.5
Sent output token with value 1.0
Next port to read input from is inputA
Called postfire()
Called prefire()
Called fire()
Called postfire()
Called prefire()
Called fire()
Checking for deadlock:
There are 2 Blocked actors, 0 Stopped actors, and 4 active threads.
Waiting for actors to stop.
-- Read input: 1.0, which is expected to match: 1.0
Called prefire()
Called fire()
Read input token from inputA with value 2.0
Sent output token with value 1.5
Next port to read input from is inputB
Called postfire()
Called prefire()
Called fire()
Read input token from inputB with value 3.0
Checking for deadlock:
There are 1 Blocked actors, 0 Stopped actors, and 4 active threads.
Waiting for actors to stop.
Called postfire()
Called prefire()
Called fire()
-- Read input: 1.5, which is expected to match: 1.5
Called prefire()
Called fire()
Called postfire()
Called prefire()
Called fire()
Checking for deadlock:
There are 3 Blocked actors, 0 Stopped actors, and 4 active threads.
Waiting for actors to stop.
Sent output token with value 2.0
Next port to read input from is inputA
Called postfire()
Called prefire()
Called fire()
Read input token from inputA with value 3.0
-- Read input: 2.0, which is expected to match: 2.0
Called prefire()
Called fire()
Called postfire()
Called prefire()
Called fire()
Checking for deadlock:
There are 3 Blocked actors, 0 Stopped actors, and 4 active threads.
Waiting for actors to stop.
Sent output token with value 3.0
Next port to read input from is inputB
Called postfire()
Called prefire()
Called fire()
Read input token from inputB with value 4.5
Called postfire()
Called prefire()
Called fire()
-- Read input: 3.0, which is expected to match: 3.0
Called prefire()
Called fire()
Checking for deadlock:
There are 3 Blocked actors, 0 Stopped actors, and 4 active threads.
Waiting for actors to stop.
-- Read input: 3.0, which is expected to match: 3.0
Called prefire()
Called fire()
Sent output token with value 3.0
Next port to read input from is inputA
Called postfire()
Called prefire()
Called fire()
Read input token from inputA with value 4.0
Sent output token with value 4.0
Next port to read input from is inputA
Called postfire()
Called prefire()
Called fire()
Checking for deadlock:
There are 2 Blocked actors, 0 Stopped actors, and 4 active threads.
Waiting for actors to stop.
-- Read input: 4.0, which is expected to match: 4.0
Called prefire()
Called fire()
Past the end of training data. Read and discard all inputs.
Called postfire()
Called prefire()
Called fire()
Read input token from inputA with value 5.0
Sent output token with value 4.5
Next port to read input from is inputB
Called postfire()
Called prefire()
Called fire()
Read input token from inputB with value 6.0
Checking for deadlock:
There are 1 Blocked actors, 0 Stopped actors, and 4 active threads.
Waiting for actors to stop.
Called postfire()
Called prefire()
Called fire()
Called prefire()
Called fire()
Past the end of training data. Read and discard all inputs.
Called postfire()
Called prefire()
Called fire()
Checking for deadlock:
There are 3 Blocked actors, 0 Stopped actors, and 4 active threads.
Waiting for actors to stop.
Sent output token with value 5.0
Next port to read input from is inputA
Called postfire()
Called prefire()
Called fire()
Read input token from inputA with value 6.0
Called prefire()
Called fire()
Past the end of training data. Read and discard all inputs.
Called postfire()
Called prefire()
Called fire()
Checking for deadlock:
There are 3 Blocked actors, 0 Stopped actors, and 4 active threads.
Waiting for actors to stop.
Sent output token with value 6.0
Next port to read input from is inputB
Called postfire()
Called prefire()
Called fire()
Read input token from inputB with value 7.5
Called prefire()
Called fire()
Past the end of training data. Read and discard all inputs.
Called postfire()
Called prefire()
Called fire()
Checking for deadlock:
There are 3 Blocked actors, 0 Stopped actors, and 4 active threads.
Waiting for actors to stop.
Called prefire()
Called fire()
Past the end of training data. Read and discard all inputs.
Sent output token with value 6.0
Next port to read input from is inputA
Called postfire()
Called prefire()
Called fire()
Read input token from inputA with value 7.0
Sent output token with value 7.0
Next port to read input from is inputA
Called postfire()
Called prefire()
Called fire()
Checking for deadlock:
There are 2 Blocked actors, 0 Stopped actors, and 4 active threads.
Waiting for actors to stop.
Called prefire()
Called fire()
Past the end of training data. Read and discard all inputs.
Called postfire()
Called prefire()
Called fire()
Checking for deadlock:
There are 3 Blocked actors, 0 Stopped actors, and 4 active threads.
Waiting for actors to stop.
Read input token from inputA with value 8.0
Sent output token with value 7.5
Next port to read input from is inputB
Called postfire()
Called prefire()
Called fire()
Read input token from inputB with value 9.0
Called prefire()
Called fire()
Past the end of training data. Read and discard all inputs.
Called postfire()
Called prefire()
Called fire()
-- Thread wrapup() called.
Called wrapup()
Thread .top.Ramp is exiting.
-- Thread stopped.
Checking for deadlock:
There are 2 Blocked actors, 0 Stopped actors, and 3 active threads.
Waiting for actors to stop.
Sent output token with value 8.0
Next port to read input from is inputA
Called postfire()
Called prefire()
Called fire()
Read input token from inputA with value 9.0
Checking for deadlock:
There are 2 Blocked actors, 0 Stopped actors, and 3 active threads.
Waiting for actors to stop.
Called prefire()
Called fire()
Past the end of training data. Read and discard all inputs.
Checking for deadlock:
There are 2 Blocked actors, 0 Stopped actors, and 3 active threads.
Waiting for actors to stop.
Called prefire()
Called fire()
Past the end of training data. Read and discard all inputs.
Checking for deadlock:
There are 2 Blocked actors, 0 Stopped actors, and 3 active threads.
Waiting for actors to stop.
Sent output token with value 9.0
Next port to read input from is inputB
Called postfire()
Called prefire()
Called fire()
Called postfire()
Called prefire()
Called fire()
Checking for deadlock:
There are 2 Blocked actors, 0 Stopped actors, and 3 active threads.
Waiting for actors to stop.
Read input token from inputB with value 10.5
Called prefire()
Called fire()
Past the end of training data. Read and discard all inputs.
Checking for deadlock:
There are 2 Blocked actors, 0 Stopped actors, and 3 active threads.
Waiting for actors to stop.
Sent output token with value 9.0
Next port to read input from is inputA
Called postfire()
Called prefire()
Called fire()
Checking for deadlock:
There are 3 Blocked actors, 0 Stopped actors, and 3 active threads.
Actors have stopped.
Checking for deadlock:
There are 3 Blocked actors, 0 Stopped actors, and 3 active threads.
Deadlock detected.
Resolving Deadlock
Checking for deadlock:
There are 3 Blocked actors, 0 Stopped actors, and 3 active threads.
Artificial Deadlock - increasing queue capacity.
increasing the capacity of receiver ptolemy.actor.TypedIOPort {.top.OrderedMerge.inputB} to 2
-- Thread wrapup() called.
Called wrapup()
Thread .top.Ramp2 is exiting.
-- Thread stopped.
Director: Called postfire().
Called postfire().
_stopRequested = false
_stopFireRequested = false
Returning from postfire(): true
Called fire().
Checking for deadlock:
There are 2 Blocked actors, 0 Stopped actors, and 2 active threads.
Actors have stopped.
Checking for deadlock:
There are 2 Blocked actors, 0 Stopped actors, and 2 active threads.
Deadlock detected.
Resolving Deadlock
Checking for deadlock:
There are 2 Blocked actors, 0 Stopped actors, and 2 active threads.
Deadlock detected: no processes blocked on write, but some are blocked on read.
Called postfire().
_stopRequested = false
_stopFireRequested = false
Returning from postfire(): false
Finished deactivating branches.
Called wrapup().
-- Thread wrapup() called.
Called wrapup()
Thread .top.Test is exiting.
-- Thread stopped.
-- Blocked Receiver call threw TerminateProcessException.
-- Thread wrapup() called.
Called wrapup()
Thread .top.OrderedMerge is exiting.
-- Thread stopped.
-- Blocked Receiver call threw TerminateProcessException.
68 ms. Memory: 129024K Free: 74897K (58%)
.top. Preinitializing ...
Invoking preinitialize():  .top.OrderedMerge
Called preinitialize()
Invoking preinitialize():  .top.Ramp
Called preinitialize()
Invoking preinitialize():  .top.Ramp2
Called preinitialize()
Invoking preinitialize():  .top.Test
Called preinitialize()
.top. Finished preinitialize().
Called initialize().
Invoking initialize():  .top.OrderedMerge
Initializing actor: .top.OrderedMerge
Adding a thread: .top.OrderedMerge
Invoking initialize():  .top.Ramp
Initializing actor: .top.Ramp
Adding a thread: .top.Ramp
Invoking initialize():  .top.Ramp2
Initializing actor: .top.Ramp2
Adding a thread: .top.Ramp2
Invoking initialize():  .top.Test
Initializing actor: .top.Test
Adding a thread: .top.Test
-- Starting thread.
Called initialize()
Called prefire()
Called fire()
-- Starting thread.
Called initialize()
Called prefire()
Called fire()
Called postfire()
Called prefire()
Called fire()
-- Starting thread.
Called initialize()
Called fire().
Checking for deadlock:
There are 2 Blocked actors, 0 Stopped actors, and 4 active threads.
Waiting for actors to stop.
Called prefire()
Called fire()
Called postfire()
Called prefire()
Called fire()
Checking for deadlock:
There are 3 Blocked actors, 0 Stopped actors, and 4 active threads.
Waiting for actors to stop.
-- Starting thread.
Called initialize()
Called prefire()
Called fire()
Read input token from inputA with value 0.0
Next port to read input from is inputB
Called postfire()
Called prefire()
Called fire()
Read input token from inputB with value 0.0
Sent output token with value 0.0
Next port to read input from is inputA
Called postfire()
Called prefire()
Called fire()
Called postfire()
Called prefire()
Called fire()
-- Read input: 0.0, which is expected to match: 0.0
Called prefire()
Called fire()
Checking for deadlock:
There are 1 Blocked actors, 0 Stopped actors, and 4 active threads.
Waiting for actors to stop.
Called postfire()
Called prefire()
Called fire()
Checking for deadlock:
There are 3 Blocked actors, 0 Stopped actors, and 4 active threads.
Waiting for actors to stop.
Read input token from inputA with value 1.0
Sent output token with value 0.0
Next port to read input from is inputB
Called postfire()
Called prefire()
Called fire()
Read input token from inputB with value 1.5
Checking for deadlock:
There are 1 Blocked actors, 0 Stopped actors, and 4 active threads.
Waiting for actors to stop.
Called postfire()
Called prefire()
Called fire()
-- Read input: 0.0, which is expected to match: 0.0
Called prefire()
Called fire()
Called postfire()
Called prefire()
Called fire()
Checking for deadlock:
There are 2 Blocked actors, 0 Stopped actors, and 4 active threads.
Waiting for actors to stop.
-- Read input: 1.0, which is expected to match: 1.0
Called prefire()
Called fire()
Checking for deadlock:
There are 3 Blocked actors, 0 Stopped actors, and 4 active threads.
Waiting for actors to stop.
Sent output token with value 1.0
Next port to read input from is inputA
Called postfire()
Called prefire()
Called fire()
Checking for deadlock:
There are 2 Blocked actors, 0 Stopped actors, and 4 active threads.
Waiting for actors to stop.
Called postfire()
Called prefire()
Called fire()
Read input token from inputA with value 2.0
Checking for deadlock:
There are 3 Blocked actors, 0 Stopped actors, and 4 active threads.
Waiting for actors to stop.
Checking for deadlock:
There are 2 Blocked actors, 0 Stopped actors, and 4 active threads.
Waiting for actors to stop.
Sent output token with value 1.5
-- Read input: 1.5, which is expected to match: 1.5
Called prefire()
Called fire()
Next port to read input from is inputB
Called postfire()
Called prefire()
Called fire()
Checking for deadlock:
There are 3 Blocked actors, 0 Stopped actors, and 4 active threads.
Waiting for actors to stop.
Called postfire()
Called prefire()
Called fire()
Checking for deadlock:
There are 3 Blocked actors, 0 Stopped actors, and 4 active threads.
Waiting for actors to stop.
Read input token from inputB with value 3.0
Sent output token with value 2.0
-- Read input: 2.0, which is expected to match: 2.0
Next port to read input from is inputA
Called postfire()
Called prefire()
Called prefire()
Called fire()
Called fire()
Checking for deadlock:
There are 2 Blocked actors, 0 Stopped actors, and 4 active threads.
Waiting for actors to stop.
Read input token from inputA with value 3.0
Called postfire()
Called prefire()
Called fire()
Checking for deadlock:
There are 3 Blocked actors, 0 Stopped actors, and 4 active threads.
Waiting for actors to stop.
Sent output token with value 3.0
-- Read input: 3.0, which is expected to match: 3.0
Called prefire()
Called fire()
Next port to read input from is inputB
Called postfire()
Called prefire()
Called fire()
Checking for deadlock:
There are 3 Blocked actors, 0 Stopped actors, and 4 active threads.
Waiting for actors to stop.
Called postfire()
Called prefire()
Called fire()
Checking for deadlock:
There are 3 Blocked actors, 0 Stopped actors, and 4 active threads.
Waiting for actors to stop.
Read input token from inputB with value 4.5
Sent output token with value 3.0
-- Read input: 3.0, which is expected to match: 3.0
Called prefire()
Called fire()
Next port to read input from is inputA
Called postfire()
Called prefire()
Called fire()
Checking for deadlock:
There are 2 Blocked actors, 0 Stopped actors, and 4 active threads.
Read input token from inputA with value 4.0
Waiting for actors to stop.
Called postfire()
Called prefire()
Called fire()
Checking for deadlock:
Sent output token with value 4.0
Next port to read input from is inputA
Called postfire()
Called prefire()
Called fire()
-- Read input: 4.0, which is expected to match: 4.0
Called prefire()
Called fire()
Past the end of training data. Read and discard all inputs.
There are 2 Blocked actors, 0 Stopped actors, and 4 active threads.
Waiting for actors to stop.
Checking for deadlock:
There are 2 Blocked actors, 0 Stopped actors, and 4 active threads.
Waiting for actors to stop.
Read input token from inputA with value 5.0
Called postfire()
Called prefire()
Called fire()
Checking for deadlock:
There are 3 Blocked actors, 0 Stopped actors, and 4 active threads.
Waiting for actors to stop.
Checking for deadlock:
There are 2 Blocked actors, 0 Stopped actors, and 4 active threads.
Waiting for actors to stop.
Called prefire()
Called fire()
Sent output token with value 4.5
Past the end of training data. Read and discard all inputs.
Checking for deadlock:
There are 3 Blocked actors, 0 Stopped actors, and 4 active threads.
Waiting for actors to stop.
Next port to read input from is inputB
Called postfire()
Called prefire()
Called fire()
Checking for deadlock:
There are 2 Blocked actors, 0 Stopped actors, and 4 active threads.
Waiting for actors to stop.
Read input token from inputB with value 6.0
Called postfire()
Called prefire()
Called fire()
Checking for deadlock:
There are 3 Blocked actors, 0 Stopped actors, and 4 active threads.
Waiting for actors to stop.
Checking for deadlock:
There are 2 Blocked actors, 0 Stopped actors, and 4 active threads.
Waiting for actors to stop.
Called prefire()
Called fire()
Past the end of training data. Read and discard all inputs.
Sent output token with value 5.0
Checking for deadlock:
There are 3 Blocked actors, 0 Stopped actors, and 4 active threads.
Waiting for actors to stop.
Next port to read input from is inputA
Called postfire()
Called prefire()
Called fire()
Called postfire()
Called prefire()
Called fire()
Checking for deadlock:
There are 3 Blocked actors, 0 Stopped actors, and 4 active threads.
Waiting for actors to stop.
Read input token from inputA with value 6.0
Called prefire()
Called fire()
Past the end of training data. Read and discard all inputs.
Checking for deadlock:
Sent output token with value 6.0
There are 3 Blocked actors, 0 Stopped actors, and 4 active threads.
Waiting for actors to stop.
Next port to read input from is inputB
Called postfire()
Called prefire()
Called fire()
Checking for deadlock:
There are 2 Blocked actors, 0 Stopped actors, and 4 active threads.
Waiting for actors to stop.
Called postfire()
Called prefire()
Called fire()
Read input token from inputB with value 7.5
Checking for deadlock:
There are 3 Blocked actors, 0 Stopped actors, and 4 active threads.
Waiting for actors to stop.
Checking for deadlock:
There are 2 Blocked actors, 0 Stopped actors, and 4 active threads.
Waiting for actors to stop.
Called prefire()
Called fire()
Sent output token with value 6.0
Past the end of training data. Read and discard all inputs.
Checking for deadlock:
There are 3 Blocked actors, 0 Stopped actors, and 4 active threads.
Waiting for actors to stop.
Next port to read input from is inputA
Called postfire()
Called prefire()
Called fire()
Checking for deadlock:
There are 2 Blocked actors, 0 Stopped actors, and 4 active threads.
Waiting for actors to stop.
Called postfire()
Called prefire()
Called fire()
Read input token from inputA with value 7.0
Checking for deadlock:
There are 3 Blocked actors, 0 Stopped actors, and 4 active threads.
Waiting for actors to stop.
Checking for deadlock:
There are 2 Blocked actors, 0 Stopped actors, and 4 active threads.
Waiting for actors to stop.
Sent output token with value 7.0
Called prefire()
Called fire()
Next port to read input from is inputA
Past the end of training data. Read and discard all inputs.
Called postfire()
Called prefire()
Called fire()
Checking for deadlock:
There are 3 Blocked actors, 0 Stopped actors, and 4 active threads.
Waiting for actors to stop.
Checking for deadlock:
There are 2 Blocked actors, 0 Stopped actors, and 4 active threads.
Waiting for actors to stop.
Read input token from inputA with value 8.0
-- Thread wrapup() called.
Called wrapup()
Thread .top.Ramp is exiting.
-- Thread stopped.
Checking for deadlock:
There are 2 Blocked actors, 0 Stopped actors, and 3 active threads.
Waiting for actors to stop.
Checking for deadlock:
There are 1 Blocked actors, 0 Stopped actors, and 3 active threads.
Waiting for actors to stop.
Sent output token with value 7.5
Called prefire()
Called fire()
Past the end of training data. Read and discard all inputs.
Next port to read input from is inputB
Called postfire()
Called prefire()
Checking for deadlock:
Called fire()
There are 2 Blocked actors, 0 Stopped actors, and 3 active threads.
Waiting for actors to stop.
Checking for deadlock:
Called postfire()
There are 1 Blocked actors, 0 Stopped actors, and 3 active threads.
Waiting for actors to stop.
Called prefire()
Called fire()
Checking for deadlock:
There are 2 Blocked actors, 0 Stopped actors, and 3 active threads.
Waiting for actors to stop.
Read input token from inputB with value 9.0
Called prefire()
Called fire()
Sent output token with value 8.0
Checking for deadlock:
There are 1 Blocked actors, 0 Stopped actors, and 3 active threads.
Waiting for actors to stop.
Past the end of training data. Read and discard all inputs.
Checking for deadlock:
There are 2 Blocked actors, 0 Stopped actors, and 3 active threads.
Waiting for actors to stop.
Next port to read input from is inputA
Called postfire()
Called prefire()
Called fire()
Read input token from inputA with value 9.0
Called prefire()
Called fire()
Past the end of training data. Read and discard all inputs.
Sent output token with value 9.0
Checking for deadlock:
There are 2 Blocked actors, 0 Stopped actors, and 3 active threads.
Waiting for actors to stop.
Next port to read input from is inputB
Called postfire()
Called prefire()
Called fire()
Checking for deadlock:
There are 1 Blocked actors, 0 Stopped actors, and 3 active threads.
Waiting for actors to stop.
Called postfire()
Called prefire()
Called fire()
Read input token from inputB with value 10.5
Checking for deadlock:
There are 2 Blocked actors, 0 Stopped actors, and 3 active threads.
Waiting for actors to stop.
Checking for deadlock:
There are 1 Blocked actors, 0 Stopped actors, and 3 active threads.
Waiting for actors to stop.
Sent output token with value 9.0
Called prefire()
Called fire()
Past the end of training data. Read and discard all inputs.
Checking for deadlock:
Next port to read input from is inputA
Called postfire()
There are 2 Blocked actors, 0 Stopped actors, and 3 active threads.
Waiting for actors to stop.
Called prefire()
Called fire()
Checking for deadlock:
There are 3 Blocked actors, 0 Stopped actors, and 3 active threads.
Actors have stopped.
Checking for deadlock:
There are 3 Blocked actors, 0 Stopped actors, and 3 active threads.
Deadlock detected.
Resolving Deadlock
Checking for deadlock:
There are 3 Blocked actors, 0 Stopped actors, and 3 active threads.
Artificial Deadlock - increasing queue capacity.
increasing the capacity of receiver ptolemy.actor.TypedIOPort {.top.OrderedMerge.inputB} to 2
Director: Called postfire().
Called postfire().
_stopRequested = false
_stopFireRequested = false
Returning from postfire(): true
Called fire().
Checking for deadlock:
There are 2 Blocked actors, 0 Stopped actors, and 3 active threads.
Waiting for actors to stop.
-- Thread wrapup() called.
Called wrapup()
Thread .top.Ramp2 is exiting.
-- Thread stopped.
Checking for deadlock:
There are 2 Blocked actors, 0 Stopped actors, and 2 active threads.
Actors have stopped.
Checking for deadlock:
There are 2 Blocked actors, 0 Stopped actors, and 2 active threads.
Deadlock detected.
Resolving Deadlock
Checking for deadlock:
There are 2 Blocked actors, 0 Stopped actors, and 2 active threads.
Deadlock detected: no processes blocked on write, but some are blocked on read.
Called postfire().
_stopRequested = false
_stopFireRequested = false
Returning from postfire(): false
Finished deactivating branches.
Called wrapup().
-- Thread wrapup() called.
Called wrapup()
-- Thread wrapup() called.
Called wrapup()
Thread .top.OrderedMerge is exiting.
-- Thread stopped.
-- Blocked Receiver call threw TerminateProcessException.
Thread .top.Test is exiting.
-- Thread stopped.
-- Blocked Receiver call threw TerminateProcessException.
44 ms. Memory: 129024K Free: 72335K (56%)
/home/travis/build/icyphy/ptII/ptolemy/actor/lib/test/Publisher.tcl
16 ms. Memory: 129024K Free: 66191K (51%)
17 ms. Memory: 129024K Free: 61057K (47%)
10 ms. Memory: 129024K Free: 57489K (45%)
3 ms. Memory: 129024K Free: 56465K (44%)
11 ms. Memory: 129024K Free: 55441K (43%)
4 ms. Memory: 129024K Free: 54913K (43%)
10 ms. Memory: 129024K Free: 53889K (42%)
11 ms. Memory: 129024K Free: 52873K (41%)
27 ms. Memory: 155648K Free: 138585K (89%)
3 ms. Memory: 155648K Free: 134487K (86%)
2 ms. Memory: 155648K Free: 133977K (86%)
4 ms. Memory: 155648K Free: 131929K (85%)
7 ms. Memory: 155648K Free: 124247K (80%)
14 ms. Memory: 155648K Free: 114521K (74%)
6 ms. Memory: 155648K Free: 103767K (67%)
/home/travis/build/icyphy/ptII/ptolemy/actor/lib/test/Pulse.tcl
3 ms. Memory: 155648K Free: 66393K (43%)
2 ms. Memory: 155648K Free: 65369K (42%)
1 ms. Memory: 155648K Free: 64855K (42%)
1 ms. Memory: 155648K Free: 64345K (41%)
1 ms. Memory: 155648K Free: 63817K (41%)
6 ms. Memory: 155648K Free: 62807K (40%)
2 ms. Memory: 155648K Free: 61753K (40%)
1 ms. Memory: 155648K Free: 61273K (39%)
1 ms. Memory: 155648K Free: 60249K (39%)
/home/travis/build/icyphy/ptII/ptolemy/actor/lib/test/Ramp.tcl
3 ms. Memory: 155648K Free: 136457K (88%)
2 ms. Memory: 155648K Free: 135511K (87%)
1 ms. Memory: 155648K Free: 135001K (87%)
2 ms. Memory: 155648K Free: 133977K (86%)
3 ms. Memory: 155648K Free: 133433K (86%)
4 ms. Memory: 155648K Free: 132425K (85%)
5 ms. Memory: 155648K Free: 131401K (84%)
5 actors
4000 microseconds per iteration to create
5 ms. Memory: 155648K Free: 128857K (83%)
2 ms. Memory: 155648K Free: 127833K (82%)
2 ms. Memory: 155648K Free: 127319K (82%)
2 ms. Memory: 155648K Free: 126809K (81%)
50 actors
31000 microseconds per iteration to create
25 ms. Memory: 155648K Free: 111449K (72%)
5 ms. Memory: 155648K Free: 110425K (71%)
5 ms. Memory: 155648K Free: 109401K (70%)
5 ms. Memory: 155648K Free: 108377K (70%)
500 actors
1643000 microseconds per iteration to create
288 ms. Memory: 187392K Free: 143248K (76%)
43 ms. Memory: 187392K Free: 138128K (74%)
53 ms. Memory: 187392K Free: 133008K (71%)
42 ms. Memory: 187392K Free: 127378K (68%)
/home/travis/build/icyphy/ptII/ptolemy/actor/lib/test/RampContinuous.tcl
9 ms. Memory: 187392K Free: 126354K (67%)
/home/travis/build/icyphy/ptII/ptolemy/actor/lib/test/RecordAssembler.tcl
5 ms. Memory: 187392K Free: 124801K (67%)
3 ms. Memory: 187392K Free: 123777K (66%)
/home/travis/build/icyphy/ptII/ptolemy/actor/lib/test/RecordDisassembler.tcl
6 ms. Memory: 187392K Free: 121744K (65%)
3 ms. Memory: 187392K Free: 121234K (65%)
3 ms. Memory: 187392K Free: 119681K (64%)
/home/travis/build/icyphy/ptII/ptolemy/actor/lib/test/Scale.tcl
2 ms. Memory: 187392K Free: 118162K (63%)
2 ms. Memory: 187392K Free: 117138K (63%)
1 ms. Memory: 187392K Free: 116609K (62%)
2 ms. Memory: 187392K Free: 115600K (62%)
3 ms. Memory: 187392K Free: 115090K (61%)
/home/travis/build/icyphy/ptII/ptolemy/actor/lib/test/SequentialClock.tcl
preinitializing
resolving types
initializing
executing number 1
wrapping up
idle
4 ms. Memory: 187392K Free: 113552K (61%)
Completed execution with 5 iterations
preinitializing
resolving types
initializing
executing number 1
wrapping up
idle
1 ms. Memory: 187392K Free: 113042K (60%)
Completed execution with 5 iterations
preinitializing
resolving types
initializing
executing number 1
wrapping up
idle
2 ms. Memory: 187392K Free: 112528K (60%)
Completed execution with 5 iterations
/home/travis/build/icyphy/ptII/ptolemy/actor/lib/test/SetVariable.tcl
5 ms. Memory: 187392K Free: 110449K (59%)
/home/travis/build/icyphy/ptII/ptolemy/actor/lib/test/Sinewave.tcl
/home/travis/build/icyphy/ptII/ptolemy/actor/lib/test/SubscriptionAggregator.tcl
4 ms. Memory: 187392K Free: 99216K (53%)
3 ms. Memory: 187392K Free: 98706K (53%)
1 ms. Memory: 187392K Free: 98161K (52%)
1 ms. Memory: 187392K Free: 97682K (52%)
2 ms. Memory: 187392K Free: 94081K (50%)
7 ms. Memory: 187392K Free: 92048K (49%)
...............................................................966 ms. Memory: 295936K Free: 229410K (78%)
/home/travis/build/icyphy/ptII/ptolemy/actor/lib/test/Test.tcl
 The next command will produce a warning about training mode,
   which may be ignored.
5 ms. Memory: 295936K Free: 227364K (77%)
3 ms. Memory: 295936K Free: 226340K (76%)
1 ms. Memory: 295936K Free: 225820K (76%)
1 ms. Memory: 295936K Free: 225316K (76%)
1 ms. Memory: 295936K Free: 224788K (76%)
3 ms. Memory: 295936K Free: 223268K (75%)
2 ms. Memory: 295936K Free: 222244K (75%)
 The next command will produce a warning about training mode,
   which may be ignored.
4 ms. Memory: 295936K Free: 219668K (74%)
 The next command will produce a warning about training mode,
   which may be ignored.
2 ms. Memory: 295936K Free: 218628K (74%)
1 ms. Memory: 295936K Free: 218148K (74%)
1 ms. Memory: 295936K Free: 217620K (74%)
1 ms. Memory: 295936K Free: 217124K (73%)
7 ms. Memory: 295936K Free: 216100K (73%)
4 ms. Memory: 295936K Free: 212514K (72%)
/home/travis/build/icyphy/ptII/ptolemy/actor/lib/test/TestExceptionHandler.tcl
 The next command will produce a warning about training mode,
   which may be ignored.
2 ms. Memory: 295936K Free: 210980K (71%)
1 ms. Memory: 295936K Free: 210466K (71%)
1 ms. Memory: 295936K Free: 209956K (71%)
/home/travis/build/icyphy/ptII/ptolemy/actor/lib/test/UnionDisassembler.tcl
23 ms. Memory: 295936K Free: 202788K (69%)
/home/travis/build/icyphy/ptII/ptolemy/actor/lib/test/VariableClock.tcl
preinitializing
resolving types
initializing
executing number 1
wrapping up
idle
4 ms. Memory: 295936K Free: 200740K (68%)
Completed execution with 11 iterations
preinitializing
resolving types
initializing
executing number 1
wrapping up
idle
3 ms. Memory: 295936K Free: 199188K (67%)
Completed execution with 10 iterations
04/01/20 01:47:55
Failed: 0  Total Tests: 233  ((Passed: 233, Newly Passed: 0)  Known Failed: 0) /home/travis/build/icyphy/ptII/ptolemy/actor/lib/test
----------------- testing (KnownFailure) /home/travis/build/icyphy/ptII/ptolemy/actor/lib/test/auto/knownFailedTests/PublisherPortToplevelSubscriber.xml
1 ms. Memory: 295936K Free: 196130K (66%)
Known Failure: java.lang.reflect.InvocationTargetException
----------------- testing (KnownFailure) /home/travis/build/icyphy/ptII/ptolemy/actor/lib/test/auto/knownFailedTests/PublisherSubscriberPortToplevel.xml
0 ms. Memory: 295936K Free: 192034K (65%)
Known Failure: java.lang.reflect.InvocationTargetException
----------------- testing (KnownFailure) /home/travis/build/icyphy/ptII/ptolemy/actor/lib/test/auto/knownFailedTests/PublisherSubscriptionAggregatorPort.xml
0 ms. Memory: 295936K Free: 187428K (63%)
Known Failure: java.lang.reflect.InvocationTargetException
----------------- testing (KnownFailure) /home/travis/build/icyphy/ptII/ptolemy/actor/lib/test/auto/knownFailedTests/sizedarray3.xml
9 ms. Memory: 295936K Free: 182818K (62%)
Known Failure: java.lang.reflect.InvocationTargetException
No auto/linux-amd64/*.xml tests in /home/travis/build/icyphy/ptII/ptolemy/actor/lib/test
AutoTests.java: About to close Vertx.
AutoTests.java: Vertx closed.

===========================================================================================
----------------- testing Wed Apr 01 13:47:55 UTC 2020 /home/travis/build/icyphy/ptII/ptolemy/actor/lib/test/auto/AbsoluteValue.xml
----------------- Instantiating /home/travis/build/icyphy/ptII/ptolemy/actor/lib/test/auto/AbsoluteValue.xml
6 ms. Memory: 295936K Free: 159780K (54%)
----------------- Invoking toplevel() on ptolemy.moml.MoMLSimpleApplication@423c56b9
----------------- Done invoking toplevel() on ptolemy.moml.MoMLSimpleApplication@423c56b9
reloadAllAccessors: .AbsoluteValue

===========================================================================================
----------------- testing Wed Apr 01 13:47:55 UTC 2020 /home/travis/build/icyphy/ptII/ptolemy/actor/lib/test/auto/AbsoluteValue2.xml
----------------- Instantiating /home/travis/build/icyphy/ptII/ptolemy/actor/lib/test/auto/AbsoluteValue2.xml
18 ms. Memory: 295936K Free: 153122K (52%)
----------------- Invoking toplevel() on ptolemy.moml.MoMLSimpleApplication@59d3778c
----------------- Done invoking toplevel() on ptolemy.moml.MoMLSimpleApplication@59d3778c
reloadAllAccessors: .AbsoluteValue2

===========================================================================================
----------------- testing Wed Apr 01 13:47:55 UTC 2020 /home/travis/build/icyphy/ptII/ptolemy/actor/lib/test/auto/Accumulator.xml
----------------- Instantiating /home/travis/build/icyphy/ptII/ptolemy/actor/lib/test/auto/Accumulator.xml
5 ms. Memory: 295936K Free: 146468K (49%)
----------------- Invoking toplevel() on ptolemy.moml.MoMLSimpleApplication@68a6a51c
----------------- Done invoking toplevel() on ptolemy.moml.MoMLSimpleApplication@68a6a51c
reloadAllAccessors: .Accumulator

===========================================================================================
----------------- testing Wed Apr 01 13:47:55 UTC 2020 /home/travis/build/icyphy/ptII/ptolemy/actor/lib/test/auto/Accumulator2.xml
----------------- Instantiating /home/travis/build/icyphy/ptII/ptolemy/actor/lib/test/auto/Accumulator2.xml
3 ms. Memory: 295936K Free: 141348K (48%)
----------------- Invoking toplevel() on ptolemy.moml.MoMLSimpleApplication@4ee7ec83
----------------- Done invoking toplevel() on ptolemy.moml.MoMLSimpleApplication@4ee7ec83
reloadAllAccessors: .Accumulator2

===========================================================================================
----------------- testing Wed Apr 01 13:47:55 UTC 2020 /home/travis/build/icyphy/ptII/ptolemy/actor/lib/test/auto/Accumulator3.xml
----------------- Instantiating /home/travis/build/icyphy/ptII/ptolemy/actor/lib/test/auto/Accumulator3.xml
3 ms. Memory: 295936K Free: 136738K (46%)
----------------- Invoking toplevel() on ptolemy.moml.MoMLSimpleApplication@7a4daa36
----------------- Done invoking toplevel() on ptolemy.moml.MoMLSimpleApplication@7a4daa36
reloadAllAccessors: .Accumulator3

===========================================================================================
----------------- testing Wed Apr 01 13:47:55 UTC 2020 /home/travis/build/icyphy/ptII/ptolemy/actor/lib/test/auto/ArrayAppend.xml
----------------- Instantiating /home/travis/build/icyphy/ptII/ptolemy/actor/lib/test/auto/ArrayAppend.xml
4 ms. Memory: 295936K Free: 131108K (44%)
----------------- Invoking toplevel() on ptolemy.moml.MoMLSimpleApplication@2a41bfe0
----------------- Done invoking toplevel() on ptolemy.moml.MoMLSimpleApplication@2a41bfe0
reloadAllAccessors: .ArrayAppend

===========================================================================================
----------------- testing Wed Apr 01 13:47:55 UTC 2020 /home/travis/build/icyphy/ptII/ptolemy/actor/lib/test/auto/ArrayAppend2.xml
----------------- Instantiating /home/travis/build/icyphy/ptII/ptolemy/actor/lib/test/auto/ArrayAppend2.xml
496 ms. Memory: 295936K Free: 202575K (68%)
----------------- Invoking toplevel() on ptolemy.moml.MoMLSimpleApplication@44a0542e
----------------- Done invoking toplevel() on ptolemy.moml.MoMLSimpleApplication@44a0542e
reloadAllAccessors: .ArrayAppend2

===========================================================================================
----------------- testing Wed Apr 01 13:47:56 UTC 2020 /home/travis/build/icyphy/ptII/ptolemy/actor/lib/test/auto/ArrayAppend3.xml
----------------- Instantiating /home/travis/build/icyphy/ptII/ptolemy/actor/lib/test/auto/ArrayAppend3.xml
2 ms. Memory: 295936K Free: 196431K (66%)
----------------- Invoking toplevel() on ptolemy.moml.MoMLSimpleApplication@6a882c5b
----------------- Done invoking toplevel() on ptolemy.moml.MoMLSimpleApplication@6a882c5b
reloadAllAccessors: .ArrayAppend3

===========================================================================================
----------------- testing Wed Apr 01 13:47:56 UTC 2020 /home/travis/build/icyphy/ptII/ptolemy/actor/lib/test/auto/ArrayAppend4.xml
----------------- Instantiating /home/travis/build/icyphy/ptII/ptolemy/actor/lib/test/auto/ArrayAppend4.xml
2 ms. Memory: 295936K Free: 191311K (65%)
----------------- Invoking toplevel() on ptolemy.moml.MoMLSimpleApplication@7557d9a8
----------------- Done invoking toplevel() on ptolemy.moml.MoMLSimpleApplication@7557d9a8
reloadAllAccessors: .ArrayAppend4

===========================================================================================
----------------- testing Wed Apr 01 13:47:56 UTC 2020 /home/travis/build/icyphy/ptII/ptolemy/actor/lib/test/auto/ArrayAppend5.xml
----------------- Instantiating /home/travis/build/icyphy/ptII/ptolemy/actor/lib/test/auto/ArrayAppend5.xml
2 ms. Memory: 295936K Free: 186191K (63%)
----------------- Invoking toplevel() on ptolemy.moml.MoMLSimpleApplication@3d1c6e3a
----------------- Done invoking toplevel() on ptolemy.moml.MoMLSimpleApplication@3d1c6e3a
reloadAllAccessors: .ArrayAppend5

===========================================================================================
----------------- testing Wed Apr 01 13:47:56 UTC 2020 /home/travis/build/icyphy/ptII/ptolemy/actor/lib/test/auto/ArrayAppend6.xml
----------------- Instantiating /home/travis/build/icyphy/ptII/ptolemy/actor/lib/test/auto/ArrayAppend6.xml
3 ms. Memory: 295936K Free: 181071K (61%)
----------------- Invoking toplevel() on ptolemy.moml.MoMLSimpleApplication@8772c8d
----------------- Done invoking toplevel() on ptolemy.moml.MoMLSimpleApplication@8772c8d
reloadAllAccessors: .ArrayAppend6

===========================================================================================
----------------- testing Wed Apr 01 13:47:56 UTC 2020 /home/travis/build/icyphy/ptII/ptolemy/actor/lib/test/auto/ArrayAppendPerformanceTest.xml
----------------- Instantiating /home/travis/build/icyphy/ptII/ptolemy/actor/lib/test/auto/ArrayAppendPerformanceTest.xml
47 ms. Memory: 295936K Free: 170831K (58%)
----------------- Invoking toplevel() on ptolemy.moml.MoMLSimpleApplication@300cfd90
----------------- Done invoking toplevel() on ptolemy.moml.MoMLSimpleApplication@300cfd90
reloadAllAccessors: .ArrayAppendPerformanceTest

===========================================================================================
----------------- testing Wed Apr 01 13:47:56 UTC 2020 /home/travis/build/icyphy/ptII/ptolemy/actor/lib/test/auto/ArrayAppendWithEmptyInput.xml
----------------- Instantiating /home/travis/build/icyphy/ptII/ptolemy/actor/lib/test/auto/ArrayAppendWithEmptyInput.xml
8 ms. Memory: 295936K Free: 162639K (55%)
----------------- Invoking toplevel() on ptolemy.moml.MoMLSimpleApplication@de41323
----------------- Done invoking toplevel() on ptolemy.moml.MoMLSimpleApplication@de41323
reloadAllAccessors: .ArrayAppendWithEmptyInput

===========================================================================================
----------------- testing Wed Apr 01 13:47:56 UTC 2020 /home/travis/build/icyphy/ptII/ptolemy/actor/lib/test/auto/ArrayAverage.xml
----------------- Instantiating /home/travis/build/icyphy/ptII/ptolemy/actor/lib/test/auto/ArrayAverage.xml
7 ms. Memory: 295936K Free: 154961K (52%)
----------------- Invoking toplevel() on ptolemy.moml.MoMLSimpleApplication@6efad8eb
----------------- Done invoking toplevel() on ptolemy.moml.MoMLSimpleApplication@6efad8eb
reloadAllAccessors: .ArrayAverage

===========================================================================================
----------------- testing Wed Apr 01 13:47:56 UTC 2020 /home/travis/build/icyphy/ptII/ptolemy/actor/lib/test/auto/ArrayContains.xml
----------------- Instantiating /home/travis/build/icyphy/ptII/ptolemy/actor/lib/test/auto/ArrayContains.xml
11 ms. Memory: 295936K Free: 148817K (50%)
----------------- Invoking toplevel() on ptolemy.moml.MoMLSimpleApplication@703fbed3
----------------- Done invoking toplevel() on ptolemy.moml.MoMLSimpleApplication@703fbed3
reloadAllAccessors: .ArrayContains

===========================================================================================
----------------- testing Wed Apr 01 13:47:56 UTC 2020 /home/travis/build/icyphy/ptII/ptolemy/actor/lib/test/auto/ArrayElement.xml
----------------- Instantiating /home/travis/build/icyphy/ptII/ptolemy/actor/lib/test/auto/ArrayElement.xml
8 ms. Memory: 295936K Free: 143183K (48%)
----------------- Invoking toplevel() on ptolemy.moml.MoMLSimpleApplication@3079ce29
----------------- Done invoking toplevel() on ptolemy.moml.MoMLSimpleApplication@3079ce29
reloadAllAccessors: .ArrayElement

===========================================================================================
----------------- testing Wed Apr 01 13:47:56 UTC 2020 /home/travis/build/icyphy/ptII/ptolemy/actor/lib/test/auto/ArrayElementAsMatrix.xml
----------------- Instantiating /home/travis/build/icyphy/ptII/ptolemy/actor/lib/test/auto/ArrayElementAsMatrix.xml
14 ms. Memory: 295936K Free: 132943K (45%)
----------------- Invoking toplevel() on ptolemy.moml.MoMLSimpleApplication@47b8e886
----------------- Done invoking toplevel() on ptolemy.moml.MoMLSimpleApplication@47b8e886
reloadAllAccessors: .ArrayElementAsMatrix

===========================================================================================
----------------- testing Wed Apr 01 13:47:56 UTC 2020 /home/travis/build/icyphy/ptII/ptolemy/actor/lib/test/auto/ArrayElementI.xml
----------------- Instantiating /home/travis/build/icyphy/ptII/ptolemy/actor/lib/test/auto/ArrayElementI.xml
7 ms. Memory: 295936K Free: 127313K (43%)
----------------- Invoking toplevel() on ptolemy.moml.MoMLSimpleApplication@373eed98
----------------- Done invoking toplevel() on ptolemy.moml.MoMLSimpleApplication@373eed98
reloadAllAccessors: .ArrayElementI

===========================================================================================
----------------- testing Wed Apr 01 13:47:56 UTC 2020 /home/travis/build/icyphy/ptII/ptolemy/actor/lib/test/auto/ArrayExtract.xml
----------------- Instantiating /home/travis/build/icyphy/ptII/ptolemy/actor/lib/test/auto/ArrayExtract.xml
3 ms. Memory: 295936K Free: 119121K (40%)
----------------- Invoking toplevel() on ptolemy.moml.MoMLSimpleApplication@68e68a41
----------------- Done invoking toplevel() on ptolemy.moml.MoMLSimpleApplication@68e68a41
reloadAllAccessors: .ArrayExtract

===========================================================================================
----------------- testing Wed Apr 01 13:47:56 UTC 2020 /home/travis/build/icyphy/ptII/ptolemy/actor/lib/test/auto/ArrayExtract2.xml
----------------- Instantiating /home/travis/build/icyphy/ptII/ptolemy/actor/lib/test/auto/ArrayExtract2.xml
3 ms. Memory: 295936K Free: 113473K (38%)
----------------- Invoking toplevel() on ptolemy.moml.MoMLSimpleApplication@4ca7aed5
----------------- Done invoking toplevel() on ptolemy.moml.MoMLSimpleApplication@4ca7aed5
reloadAllAccessors: .ArrayExtract2

===========================================================================================
----------------- testing Wed Apr 01 13:47:56 UTC 2020 /home/travis/build/icyphy/ptII/ptolemy/actor/lib/test/auto/ArrayLength.xml
----------------- Instantiating /home/travis/build/icyphy/ptII/ptolemy/actor/lib/test/auto/ArrayLength.xml
2 ms. Memory: 295936K Free: 109905K (37%)
----------------- Invoking toplevel() on ptolemy.moml.MoMLSimpleApplication@1be36479
----------------- Done invoking toplevel() on ptolemy.moml.MoMLSimpleApplication@1be36479
reloadAllAccessors: .ArrayLength

===========================================================================================
----------------- testing Wed Apr 01 13:47:56 UTC 2020 /home/travis/build/icyphy/ptII/ptolemy/actor/lib/test/auto/ArrayLevelCrossing.xml
----------------- Instantiating /home/travis/build/icyphy/ptII/ptolemy/actor/lib/test/auto/ArrayLevelCrossing.xml
3 ms. Memory: 295936K Free: 101713K (34%)
----------------- Invoking toplevel() on ptolemy.moml.MoMLSimpleApplication@58eeeb9d
----------------- Done invoking toplevel() on ptolemy.moml.MoMLSimpleApplication@58eeeb9d
reloadAllAccessors: .ArrayLevelCrossing

===========================================================================================
----------------- testing Wed Apr 01 13:47:56 UTC 2020 /home/travis/build/icyphy/ptII/ptolemy/actor/lib/test/auto/ArrayLevelCrossing2.xml
----------------- Instantiating /home/travis/build/icyphy/ptII/ptolemy/actor/lib/test/auto/ArrayLevelCrossing2.xml
3 ms. Memory: 295936K Free: 95041K (32%)
----------------- Invoking toplevel() on ptolemy.moml.MoMLSimpleApplication@32c63423
----------------- Done invoking toplevel() on ptolemy.moml.MoMLSimpleApplication@32c63423
reloadAllAccessors: .ArrayLevelCrossing2

===========================================================================================
----------------- testing Wed Apr 01 13:47:56 UTC 2020 /home/travis/build/icyphy/ptII/ptolemy/actor/lib/test/auto/ArrayPeakSearch.xml
----------------- Instantiating /home/travis/build/icyphy/ptII/ptolemy/actor/lib/test/auto/ArrayPeakSearch.xml
5 ms. Memory: 295936K Free: 85839K (29%)
----------------- Invoking toplevel() on ptolemy.moml.MoMLSimpleApplication@462c18c2
----------------- Done invoking toplevel() on ptolemy.moml.MoMLSimpleApplication@462c18c2
reloadAllAccessors: .ArrayPeakSearch

===========================================================================================
----------------- testing Wed Apr 01 13:47:57 UTC 2020 /home/travis/build/icyphy/ptII/ptolemy/actor/lib/test/auto/ArrayPeakSearch2.xml
----------------- Instantiating /home/travis/build/icyphy/ptII/ptolemy/actor/lib/test/auto/ArrayPeakSearch2.xml
23 ms. Memory: 295936K Free: 247850K (84%)
----------------- Invoking toplevel() on ptolemy.moml.MoMLSimpleApplication@28da431
----------------- Done invoking toplevel() on ptolemy.moml.MoMLSimpleApplication@28da431
reloadAllAccessors: .ArrayPeakSearch2

===========================================================================================
----------------- testing Wed Apr 01 13:47:57 UTC 2020 /home/travis/build/icyphy/ptII/ptolemy/actor/lib/test/auto/ArrayPeakSearch3.xml
----------------- Instantiating /home/travis/build/icyphy/ptII/ptolemy/actor/lib/test/auto/ArrayPeakSearch3.xml
4 ms. Memory: 295936K Free: 238415K (81%)
----------------- Invoking toplevel() on ptolemy.moml.MoMLSimpleApplication@64e62bba
----------------- Done invoking toplevel() on ptolemy.moml.MoMLSimpleApplication@64e62bba
reloadAllAccessors: .ArrayPeakSearch3

===========================================================================================
----------------- testing Wed Apr 01 13:47:57 UTC 2020 /home/travis/build/icyphy/ptII/ptolemy/actor/lib/test/auto/ArrayRemoveElement.xml
----------------- Instantiating /home/travis/build/icyphy/ptII/ptolemy/actor/lib/test/auto/ArrayRemoveElement.xml
3 ms. Memory: 295936K Free: 230223K (78%)
----------------- Invoking toplevel() on ptolemy.moml.MoMLSimpleApplication@7a0a5115
----------------- Done invoking toplevel() on ptolemy.moml.MoMLSimpleApplication@7a0a5115
reloadAllAccessors: .ArrayRemoveElement

===========================================================================================
----------------- testing Wed Apr 01 13:47:57 UTC 2020 /home/travis/build/icyphy/ptII/ptolemy/actor/lib/test/auto/ArraySort.xml
----------------- Instantiating /home/travis/build/icyphy/ptII/ptolemy/actor/lib/test/auto/ArraySort.xml
5 ms. Memory: 295936K Free: 221521K (75%)
----------------- Invoking toplevel() on ptolemy.moml.MoMLSimpleApplication@53656185
----------------- Done invoking toplevel() on ptolemy.moml.MoMLSimpleApplication@53656185
reloadAllAccessors: .ArraySort

===========================================================================================
----------------- testing Wed Apr 01 13:47:57 UTC 2020 /home/travis/build/icyphy/ptII/ptolemy/actor/lib/test/auto/ArraySum.xml
----------------- Instantiating /home/travis/build/icyphy/ptII/ptolemy/actor/lib/test/auto/ArraySum.xml
4 ms. Memory: 295936K Free: 215887K (73%)
----------------- Invoking toplevel() on ptolemy.moml.MoMLSimpleApplication@5d083294
----------------- Done invoking toplevel() on ptolemy.moml.MoMLSimpleApplication@5d083294
reloadAllAccessors: .ArraySum

===========================================================================================
----------------- testing Wed Apr 01 13:47:57 UTC 2020 /home/travis/build/icyphy/ptII/ptolemy/actor/lib/test/auto/ArrayToElements.xml
----------------- Instantiating /home/travis/build/icyphy/ptII/ptolemy/actor/lib/test/auto/ArrayToElements.xml
6 ms. Memory: 295936K Free: 210767K (71%)
----------------- Invoking toplevel() on ptolemy.moml.MoMLSimpleApplication@373b215a
----------------- Done invoking toplevel() on ptolemy.moml.MoMLSimpleApplication@373b215a
reloadAllAccessors: .ArrayToElements

===========================================================================================
----------------- testing Wed Apr 01 13:47:57 UTC 2020 /home/travis/build/icyphy/ptII/ptolemy/actor/lib/test/auto/ArrayToMatrix.xml
----------------- Instantiating /home/travis/build/icyphy/ptII/ptolemy/actor/lib/test/auto/ArrayToMatrix.xml
15 ms. Memory: 295936K Free: 196431K (66%)
----------------- Invoking toplevel() on ptolemy.moml.MoMLSimpleApplication@53f4e4c
----------------- Done invoking toplevel() on ptolemy.moml.MoMLSimpleApplication@53f4e4c
reloadAllAccessors: .ArrayToMatrix

===========================================================================================
----------------- testing Wed Apr 01 13:47:57 UTC 2020 /home/travis/build/icyphy/ptII/ptolemy/actor/lib/test/auto/ArrayUpdate1.xml
----------------- Instantiating /home/travis/build/icyphy/ptII/ptolemy/actor/lib/test/auto/ArrayUpdate1.xml
5 ms. Memory: 295936K Free: 191825K (65%)
----------------- Invoking toplevel() on ptolemy.moml.MoMLSimpleApplication@2012eb26
----------------- Done invoking toplevel() on ptolemy.moml.MoMLSimpleApplication@2012eb26
reloadAllAccessors: .ArrayUpdate1

===========================================================================================
----------------- testing Wed Apr 01 13:47:57 UTC 2020 /home/travis/build/icyphy/ptII/ptolemy/actor/lib/test/auto/ArrayUpdate2.xml
----------------- Instantiating /home/travis/build/icyphy/ptII/ptolemy/actor/lib/test/auto/ArrayUpdate2.xml
6 ms. Memory: 295936K Free: 185167K (63%)
----------------- Invoking toplevel() on ptolemy.moml.MoMLSimpleApplication@7b9aaf63
----------------- Done invoking toplevel() on ptolemy.moml.MoMLSimpleApplication@7b9aaf63
reloadAllAccessors: .ArrayUpdate2

===========================================================================================
----------------- testing Wed Apr 01 13:47:57 UTC 2020 /home/travis/build/icyphy/ptII/ptolemy/actor/lib/test/auto/ArrayUpdate3.xml
----------------- Instantiating /home/travis/build/icyphy/ptII/ptolemy/actor/lib/test/auto/ArrayUpdate3.xml
6 ms. Memory: 295936K Free: 180561K (61%)
----------------- Invoking toplevel() on ptolemy.moml.MoMLSimpleApplication@3d14ef64
----------------- Done invoking toplevel() on ptolemy.moml.MoMLSimpleApplication@3d14ef64
reloadAllAccessors: .ArrayUpdate3

===========================================================================================
----------------- testing Wed Apr 01 13:47:57 UTC 2020 /home/travis/build/icyphy/ptII/ptolemy/actor/lib/test/auto/Assert1.xml
----------------- Instantiating /home/travis/build/icyphy/ptII/ptolemy/actor/lib/test/auto/Assert1.xml
2 ms. Memory: 295936K Free: 175951K (59%)
----------------- Invoking toplevel() on ptolemy.moml.MoMLSimpleApplication@5a7a1358
----------------- Done invoking toplevel() on ptolemy.moml.MoMLSimpleApplication@5a7a1358
reloadAllAccessors: .Assert1

===========================================================================================
----------------- testing Wed Apr 01 13:47:57 UTC 2020 /home/travis/build/icyphy/ptII/ptolemy/actor/lib/test/auto/Assert2.xml
----------------- Instantiating /home/travis/build/icyphy/ptII/ptolemy/actor/lib/test/auto/Assert2.xml
2 ms. Memory: 295936K Free: 170831K (58%)
----------------- Invoking toplevel() on ptolemy.moml.MoMLSimpleApplication@29c00f75
----------------- Done invoking toplevel() on ptolemy.moml.MoMLSimpleApplication@29c00f75
reloadAllAccessors: .Assert2

===========================================================================================
----------------- testing Wed Apr 01 13:47:57 UTC 2020 /home/travis/build/icyphy/ptII/ptolemy/actor/lib/test/auto/BooleanMultiplexor.xml
----------------- Instantiating /home/travis/build/icyphy/ptII/ptolemy/actor/lib/test/auto/BooleanMultiplexor.xml
2 ms. Memory: 295936K Free: 165201K (56%)
----------------- Invoking toplevel() on ptolemy.moml.MoMLSimpleApplication@11f9c0aa
----------------- Done invoking toplevel() on ptolemy.moml.MoMLSimpleApplication@11f9c0aa
reloadAllAccessors: .BooleanMultiplexor

===========================================================================================
----------------- testing Wed Apr 01 13:47:57 UTC 2020 /home/travis/build/icyphy/ptII/ptolemy/actor/lib/test/auto/BooleanMultiplexor2.xml
----------------- Instantiating /home/travis/build/icyphy/ptII/ptolemy/actor/lib/test/auto/BooleanMultiplexor2.xml
10 ms. Memory: 295936K Free: 159057K (54%)
----------------- Invoking toplevel() on ptolemy.moml.MoMLSimpleApplication@66661eb4
----------------- Done invoking toplevel() on ptolemy.moml.MoMLSimpleApplication@66661eb4
reloadAllAccessors: .BooleanMultiplexor2

===========================================================================================
----------------- testing Wed Apr 01 13:47:57 UTC 2020 /home/travis/build/icyphy/ptII/ptolemy/actor/lib/test/auto/BooleanMultiplexor3.xml
----------------- Instantiating /home/travis/build/icyphy/ptII/ptolemy/actor/lib/test/auto/BooleanMultiplexor3.xml
5 ms. Memory: 295936K Free: 154961K (52%)
----------------- Invoking toplevel() on ptolemy.moml.MoMLSimpleApplication@296d827b
----------------- Done invoking toplevel() on ptolemy.moml.MoMLSimpleApplication@296d827b
reloadAllAccessors: .BooleanMultiplexor3

===========================================================================================
----------------- testing Wed Apr 01 13:47:57 UTC 2020 /home/travis/build/icyphy/ptII/ptolemy/actor/lib/test/auto/BooleanSelect.xml
----------------- Instantiating /home/travis/build/icyphy/ptII/ptolemy/actor/lib/test/auto/BooleanSelect.xml
4 ms. Memory: 295936K Free: 149313K (50%)
----------------- Invoking toplevel() on ptolemy.moml.MoMLSimpleApplication@7761a5fa
----------------- Done invoking toplevel() on ptolemy.moml.MoMLSimpleApplication@7761a5fa
reloadAllAccessors: .BooleanSelect

===========================================================================================
----------------- testing Wed Apr 01 13:47:57 UTC 2020 /home/travis/build/icyphy/ptII/ptolemy/actor/lib/test/auto/BooleanSelect2.xml
----------------- Instantiating /home/travis/build/icyphy/ptII/ptolemy/actor/lib/test/auto/BooleanSelect2.xml
3 ms. Memory: 295936K Free: 144721K (49%)
----------------- Invoking toplevel() on ptolemy.moml.MoMLSimpleApplication@529104cd
----------------- Done invoking toplevel() on ptolemy.moml.MoMLSimpleApplication@529104cd
reloadAllAccessors: .BooleanSelect2

===========================================================================================
----------------- testing Wed Apr 01 13:47:57 UTC 2020 /home/travis/build/icyphy/ptII/ptolemy/actor/lib/test/auto/BooleanSwitch.xml
----------------- Instantiating /home/travis/build/icyphy/ptII/ptolemy/actor/lib/test/auto/BooleanSwitch.xml
12 ms. Memory: 295936K Free: 139087K (47%)
----------------- Invoking toplevel() on ptolemy.moml.MoMLSimpleApplication@693781e0
----------------- Done invoking toplevel() on ptolemy.moml.MoMLSimpleApplication@693781e0
reloadAllAccessors: .BooleanSwitch

===========================================================================================
----------------- testing Wed Apr 01 13:47:57 UTC 2020 /home/travis/build/icyphy/ptII/ptolemy/actor/lib/test/auto/BooleanSwitch2.xml
----------------- Instantiating /home/travis/build/icyphy/ptII/ptolemy/actor/lib/test/auto/BooleanSwitch2.xml
2 ms. Memory: 295936K Free: 134481K (45%)
----------------- Invoking toplevel() on ptolemy.moml.MoMLSimpleApplication@726c3164
----------------- Done invoking toplevel() on ptolemy.moml.MoMLSimpleApplication@726c3164
reloadAllAccessors: .BooleanSwitch2

===========================================================================================
----------------- testing Wed Apr 01 13:47:57 UTC 2020 /home/travis/build/icyphy/ptII/ptolemy/actor/lib/test/auto/BooleanSwitchCloningBugWithClassRelationGroup.xml
----------------- Instantiating /home/travis/build/icyphy/ptII/ptolemy/actor/lib/test/auto/BooleanSwitchCloningBugWithClassRelationGroup.xml
4 ms. Memory: 295936K Free: 128337K (43%)
----------------- Invoking toplevel() on ptolemy.moml.MoMLSimpleApplication@14620792
----------------- Done invoking toplevel() on ptolemy.moml.MoMLSimpleApplication@14620792
reloadAllAccessors: .BooleanSwitchCloningBugWithClassRelationGroup

===========================================================================================
----------------- testing Wed Apr 01 13:47:57 UTC 2020 /home/travis/build/icyphy/ptII/ptolemy/actor/lib/test/auto/BusActors.xml
----------------- Instantiating /home/travis/build/icyphy/ptII/ptolemy/actor/lib/test/auto/BusActors.xml
6 ms. Memory: 295936K Free: 120145K (41%)
----------------- Invoking toplevel() on ptolemy.moml.MoMLSimpleApplication@1426909b
----------------- Done invoking toplevel() on ptolemy.moml.MoMLSimpleApplication@1426909b
reloadAllAccessors: .BusActors

===========================================================================================
----------------- testing Wed Apr 01 13:47:57 UTC 2020 /home/travis/build/icyphy/ptII/ptolemy/actor/lib/test/auto/ClassWrapper.xml
----------------- Instantiating /home/travis/build/icyphy/ptII/ptolemy/actor/lib/test/auto/ClassWrapper.xml
3 ms. Memory: 295936K Free: 116049K (39%)
----------------- Invoking toplevel() on ptolemy.moml.MoMLSimpleApplication@159acd50
----------------- Done invoking toplevel() on ptolemy.moml.MoMLSimpleApplication@159acd50
reloadAllAccessors: .ClassWrapper

===========================================================================================
----------------- testing Wed Apr 01 13:47:57 UTC 2020 /home/travis/build/icyphy/ptII/ptolemy/actor/lib/test/auto/Clock.xml
----------------- Instantiating /home/travis/build/icyphy/ptII/ptolemy/actor/lib/test/auto/Clock.xml
3 ms. Memory: 295936K Free: 111953K (38%)
----------------- Invoking toplevel() on ptolemy.moml.MoMLSimpleApplication@364f064d
----------------- Done invoking toplevel() on ptolemy.moml.MoMLSimpleApplication@364f064d
reloadAllAccessors: .Clock

===========================================================================================
----------------- testing Wed Apr 01 13:47:57 UTC 2020 /home/travis/build/icyphy/ptII/ptolemy/actor/lib/test/auto/Clock10.xml
----------------- Instantiating /home/travis/build/icyphy/ptII/ptolemy/actor/lib/test/auto/Clock10.xml
4 ms. Memory: 295936K Free: 106319K (36%)
----------------- Invoking toplevel() on ptolemy.moml.MoMLSimpleApplication@7282a94b
----------------- Done invoking toplevel() on ptolemy.moml.MoMLSimpleApplication@7282a94b
reloadAllAccessors: .Clock10

===========================================================================================
----------------- testing Wed Apr 01 13:47:57 UTC 2020 /home/travis/build/icyphy/ptII/ptolemy/actor/lib/test/auto/Clock11.xml
----------------- Instantiating /home/travis/build/icyphy/ptII/ptolemy/actor/lib/test/auto/Clock11.xml
7 ms. Memory: 295936K Free: 100175K (34%)
----------------- Invoking toplevel() on ptolemy.moml.MoMLSimpleApplication@3a321529
----------------- Done invoking toplevel() on ptolemy.moml.MoMLSimpleApplication@3a321529
reloadAllAccessors: .Clock11

===========================================================================================
----------------- testing Wed Apr 01 13:47:57 UTC 2020 /home/travis/build/icyphy/ptII/ptolemy/actor/lib/test/auto/Clock12.xml
----------------- Instantiating /home/travis/build/icyphy/ptII/ptolemy/actor/lib/test/auto/Clock12.xml
5 ms. Memory: 295936K Free: 94545K (32%)
----------------- Invoking toplevel() on ptolemy.moml.MoMLSimpleApplication@324d71e9
----------------- Done invoking toplevel() on ptolemy.moml.MoMLSimpleApplication@324d71e9
reloadAllAccessors: .Clock12

===========================================================================================
----------------- testing Wed Apr 01 13:47:57 UTC 2020 /home/travis/build/icyphy/ptII/ptolemy/actor/lib/test/auto/Clock13.xml
----------------- Instantiating /home/travis/build/icyphy/ptII/ptolemy/actor/lib/test/auto/Clock13.xml
6 ms. Memory: 295936K Free: 88401K (30%)
----------------- Invoking toplevel() on ptolemy.moml.MoMLSimpleApplication@5d6a0623
----------------- Done invoking toplevel() on ptolemy.moml.MoMLSimpleApplication@5d6a0623
reloadAllAccessors: .Clock13

===========================================================================================
----------------- testing Wed Apr 01 13:47:57 UTC 2020 /home/travis/build/icyphy/ptII/ptolemy/actor/lib/test/auto/Clock14.xml
----------------- Instantiating /home/travis/build/icyphy/ptII/ptolemy/actor/lib/test/auto/Clock14.xml
4 ms. Memory: 295936K Free: 82761K (28%)
----------------- Invoking toplevel() on ptolemy.moml.MoMLSimpleApplication@48296cc7
----------------- Done invoking toplevel() on ptolemy.moml.MoMLSimpleApplication@48296cc7
reloadAllAccessors: .Clock14

===========================================================================================
----------------- testing Wed Apr 01 13:47:57 UTC 2020 /home/travis/build/icyphy/ptII/ptolemy/actor/lib/test/auto/Clock15.xml
----------------- Instantiating /home/travis/build/icyphy/ptII/ptolemy/actor/lib/test/auto/Clock15.xml
7 ms. Memory: 295936K Free: 76593K (26%)
----------------- Invoking toplevel() on ptolemy.moml.MoMLSimpleApplication@ea02189
----------------- Done invoking toplevel() on ptolemy.moml.MoMLSimpleApplication@ea02189
reloadAllAccessors: .Clock15

===========================================================================================
----------------- testing Wed Apr 01 13:47:57 UTC 2020 /home/travis/build/icyphy/ptII/ptolemy/actor/lib/test/auto/Clock16.xml
----------------- Instantiating /home/travis/build/icyphy/ptII/ptolemy/actor/lib/test/auto/Clock16.xml
37 ms. Memory: 556032K Free: 493904K (89%)
----------------- Invoking toplevel() on ptolemy.moml.MoMLSimpleApplication@21058e41
----------------- Done invoking toplevel() on ptolemy.moml.MoMLSimpleApplication@21058e41
reloadAllAccessors: .Clock16

===========================================================================================
----------------- testing Wed Apr 01 13:47:57 UTC 2020 /home/travis/build/icyphy/ptII/ptolemy/actor/lib/test/auto/Clock17.xml
----------------- Instantiating /home/travis/build/icyphy/ptII/ptolemy/actor/lib/test/auto/Clock17.xml
30 ms. Memory: 556032K Free: 480080K (86%)
----------------- Invoking toplevel() on ptolemy.moml.MoMLSimpleApplication@3b62989b
----------------- Done invoking toplevel() on ptolemy.moml.MoMLSimpleApplication@3b62989b
reloadAllAccessors: .Clock17

===========================================================================================
----------------- testing Wed Apr 01 13:47:58 UTC 2020 /home/travis/build/icyphy/ptII/ptolemy/actor/lib/test/auto/Clock18.xml
----------------- Instantiating /home/travis/build/icyphy/ptII/ptolemy/actor/lib/test/auto/Clock18.xml
12 ms. Memory: 556032K Free: 466273K (84%)
----------------- Invoking toplevel() on ptolemy.moml.MoMLSimpleApplication@2887fb18
----------------- Done invoking toplevel() on ptolemy.moml.MoMLSimpleApplication@2887fb18
reloadAllAccessors: .Clock18

===========================================================================================
----------------- testing Wed Apr 01 13:47:58 UTC 2020 /home/travis/build/icyphy/ptII/ptolemy/actor/lib/test/auto/Clock19.xml
----------------- Instantiating /home/travis/build/icyphy/ptII/ptolemy/actor/lib/test/auto/Clock19.xml
15 ms. Memory: 556032K Free: 453456K (82%)
----------------- Invoking toplevel() on ptolemy.moml.MoMLSimpleApplication@6c989f1b
----------------- Done invoking toplevel() on ptolemy.moml.MoMLSimpleApplication@6c989f1b
reloadAllAccessors: .Clock19

===========================================================================================
----------------- testing Wed Apr 01 13:47:58 UTC 2020 /home/travis/build/icyphy/ptII/ptolemy/actor/lib/test/auto/Clock2.xml
----------------- Instantiating /home/travis/build/icyphy/ptII/ptolemy/actor/lib/test/auto/Clock2.xml
5 ms. Memory: 556032K Free: 448865K (81%)
----------------- Invoking toplevel() on ptolemy.moml.MoMLSimpleApplication@561497f1
----------------- Done invoking toplevel() on ptolemy.moml.MoMLSimpleApplication@561497f1
reloadAllAccessors: .Clock2

===========================================================================================
----------------- testing Wed Apr 01 13:47:58 UTC 2020 /home/travis/build/icyphy/ptII/ptolemy/actor/lib/test/auto/Clock20.xml
----------------- Instantiating /home/travis/build/icyphy/ptII/ptolemy/actor/lib/test/auto/Clock20.xml
11 ms. Memory: 556032K Free: 443231K (80%)
----------------- Invoking toplevel() on ptolemy.moml.MoMLSimpleApplication@73827666
----------------- Done invoking toplevel() on ptolemy.moml.MoMLSimpleApplication@73827666
reloadAllAccessors: .Clock20

===========================================================================================
----------------- testing Wed Apr 01 13:47:58 UTC 2020 /home/travis/build/icyphy/ptII/ptolemy/actor/lib/test/auto/Clock21.xml
----------------- Instantiating /home/travis/build/icyphy/ptII/ptolemy/actor/lib/test/auto/Clock21.xml
2 ms. Memory: 556032K Free: 438111K (79%)
----------------- Invoking toplevel() on ptolemy.moml.MoMLSimpleApplication@2e766dba
----------------- Done invoking toplevel() on ptolemy.moml.MoMLSimpleApplication@2e766dba
reloadAllAccessors: .Clock21

===========================================================================================
----------------- testing Wed Apr 01 13:47:58 UTC 2020 /home/travis/build/icyphy/ptII/ptolemy/actor/lib/test/auto/Clock22.xml
----------------- Instantiating /home/travis/build/icyphy/ptII/ptolemy/actor/lib/test/auto/Clock22.xml
6 ms. Memory: 556032K Free: 432481K (78%)
----------------- Invoking toplevel() on ptolemy.moml.MoMLSimpleApplication@3a150232
----------------- Done invoking toplevel() on ptolemy.moml.MoMLSimpleApplication@3a150232
reloadAllAccessors: .Clock22

===========================================================================================
----------------- testing Wed Apr 01 13:47:58 UTC 2020 /home/travis/build/icyphy/ptII/ptolemy/actor/lib/test/auto/Clock23.xml
----------------- Instantiating /home/travis/build/icyphy/ptII/ptolemy/actor/lib/test/auto/Clock23.xml
4 ms. Memory: 556032K Free: 427361K (77%)
----------------- Invoking toplevel() on ptolemy.moml.MoMLSimpleApplication@5c4bba11
----------------- Done invoking toplevel() on ptolemy.moml.MoMLSimpleApplication@5c4bba11
reloadAllAccessors: .Clock23

===========================================================================================
----------------- testing Wed Apr 01 13:47:58 UTC 2020 /home/travis/build/icyphy/ptII/ptolemy/actor/lib/test/auto/Clock24.xml
----------------- Instantiating /home/travis/build/icyphy/ptII/ptolemy/actor/lib/test/auto/Clock24.xml
3 ms. Memory: 556032K Free: 421727K (76%)
----------------- Invoking toplevel() on ptolemy.moml.MoMLSimpleApplication@79e685d
----------------- Done invoking toplevel() on ptolemy.moml.MoMLSimpleApplication@79e685d
reloadAllAccessors: .Clock24

===========================================================================================
----------------- testing Wed Apr 01 13:47:58 UTC 2020 /home/travis/build/icyphy/ptII/ptolemy/actor/lib/test/auto/Clock4.xml
----------------- Instantiating /home/travis/build/icyphy/ptII/ptolemy/actor/lib/test/auto/Clock4.xml
2 ms. Memory: 556032K Free: 417121K (75%)
----------------- Invoking toplevel() on ptolemy.moml.MoMLSimpleApplication@2b5389c6
----------------- Done invoking toplevel() on ptolemy.moml.MoMLSimpleApplication@2b5389c6
reloadAllAccessors: .Clock4

===========================================================================================
----------------- testing Wed Apr 01 13:47:58 UTC 2020 /home/travis/build/icyphy/ptII/ptolemy/actor/lib/test/auto/Clock5.xml
----------------- Instantiating /home/travis/build/icyphy/ptII/ptolemy/actor/lib/test/auto/Clock5.xml
2 ms. Memory: 556032K Free: 411480K (74%)
----------------- Invoking toplevel() on ptolemy.moml.MoMLSimpleApplication@35129641
----------------- Done invoking toplevel() on ptolemy.moml.MoMLSimpleApplication@35129641
reloadAllAccessors: .Clock5

===========================================================================================
----------------- testing Wed Apr 01 13:47:58 UTC 2020 /home/travis/build/icyphy/ptII/ptolemy/actor/lib/test/auto/Clock6.xml
----------------- Instantiating /home/travis/build/icyphy/ptII/ptolemy/actor/lib/test/auto/Clock6.xml
3 ms. Memory: 556032K Free: 406881K (73%)
----------------- Invoking toplevel() on ptolemy.moml.MoMLSimpleApplication@1a35b1f7
----------------- Done invoking toplevel() on ptolemy.moml.MoMLSimpleApplication@1a35b1f7
reloadAllAccessors: .Clock6

===========================================================================================
----------------- testing Wed Apr 01 13:47:58 UTC 2020 /home/travis/build/icyphy/ptII/ptolemy/actor/lib/test/auto/Clock7.xml
----------------- Instantiating /home/travis/build/icyphy/ptII/ptolemy/actor/lib/test/auto/Clock7.xml
3 ms. Memory: 556032K Free: 402271K (72%)
----------------- Invoking toplevel() on ptolemy.moml.MoMLSimpleApplication@5e527fcc
----------------- Done invoking toplevel() on ptolemy.moml.MoMLSimpleApplication@5e527fcc
reloadAllAccessors: .Clock7

===========================================================================================
----------------- testing Wed Apr 01 13:47:58 UTC 2020 /home/travis/build/icyphy/ptII/ptolemy/actor/lib/test/auto/Clock8.xml
----------------- Instantiating /home/travis/build/icyphy/ptII/ptolemy/actor/lib/test/auto/Clock8.xml
3 ms. Memory: 556032K Free: 396641K (71%)
----------------- Invoking toplevel() on ptolemy.moml.MoMLSimpleApplication@d8908e5
----------------- Done invoking toplevel() on ptolemy.moml.MoMLSimpleApplication@d8908e5
reloadAllAccessors: .Clock8

===========================================================================================
----------------- testing Wed Apr 01 13:47:58 UTC 2020 /home/travis/build/icyphy/ptII/ptolemy/actor/lib/test/auto/Clock9.xml
----------------- Instantiating /home/travis/build/icyphy/ptII/ptolemy/actor/lib/test/auto/Clock9.xml
5 ms. Memory: 556032K Free: 391521K (70%)
----------------- Invoking toplevel() on ptolemy.moml.MoMLSimpleApplication@30a6a19
----------------- Done invoking toplevel() on ptolemy.moml.MoMLSimpleApplication@30a6a19
reloadAllAccessors: .Clock9

===========================================================================================
----------------- testing Wed Apr 01 13:47:58 UTC 2020 /home/travis/build/icyphy/ptII/ptolemy/actor/lib/test/auto/CommDistDiscard.xml
----------------- Instantiating /home/travis/build/icyphy/ptII/ptolemy/actor/lib/test/auto/CommDistDiscard.xml
4 ms. Memory: 556032K Free: 385887K (69%)
----------------- Invoking toplevel() on ptolemy.moml.MoMLSimpleApplication@342132ae
----------------- Done invoking toplevel() on ptolemy.moml.MoMLSimpleApplication@342132ae
reloadAllAccessors: .CommDistDiscard

===========================================================================================
----------------- testing Wed Apr 01 13:47:58 UTC 2020 /home/travis/build/icyphy/ptII/ptolemy/actor/lib/test/auto/Commutator.xml
----------------- Instantiating /home/travis/build/icyphy/ptII/ptolemy/actor/lib/test/auto/Commutator.xml
3 ms. Memory: 556032K Free: 381281K (69%)
----------------- Invoking toplevel() on ptolemy.moml.MoMLSimpleApplication@35528523
----------------- Done invoking toplevel() on ptolemy.moml.MoMLSimpleApplication@35528523
reloadAllAccessors: .Commutator

===========================================================================================
----------------- testing Wed Apr 01 13:47:58 UTC 2020 /home/travis/build/icyphy/ptII/ptolemy/actor/lib/test/auto/Commutator2.xml
----------------- Instantiating /home/travis/build/icyphy/ptII/ptolemy/actor/lib/test/auto/Commutator2.xml
2 ms. Memory: 556032K Free: 377185K (68%)
----------------- Invoking toplevel() on ptolemy.moml.MoMLSimpleApplication@10f62ca1
----------------- Done invoking toplevel() on ptolemy.moml.MoMLSimpleApplication@10f62ca1
reloadAllAccessors: .Commutator2

===========================================================================================
----------------- testing Wed Apr 01 13:47:58 UTC 2020 /home/travis/build/icyphy/ptII/ptolemy/actor/lib/test/auto/Commutator3.xml
----------------- Instantiating /home/travis/build/icyphy/ptII/ptolemy/actor/lib/test/auto/Commutator3.xml
2 ms. Memory: 556032K Free: 372575K (67%)
----------------- Invoking toplevel() on ptolemy.moml.MoMLSimpleApplication@1e4c368e
----------------- Done invoking toplevel() on ptolemy.moml.MoMLSimpleApplication@1e4c368e
reloadAllAccessors: .Commutator3

===========================================================================================
----------------- testing Wed Apr 01 13:47:58 UTC 2020 /home/travis/build/icyphy/ptII/ptolemy/actor/lib/test/auto/Compare.xml
----------------- Instantiating /home/travis/build/icyphy/ptII/ptolemy/actor/lib/test/auto/Compare.xml
2 ms. Memory: 556032K Free: 366431K (66%)
----------------- Invoking toplevel() on ptolemy.moml.MoMLSimpleApplication@51f5b5f5
----------------- Done invoking toplevel() on ptolemy.moml.MoMLSimpleApplication@51f5b5f5
reloadAllAccessors: .Compare

===========================================================================================
----------------- testing Wed Apr 01 13:47:58 UTC 2020 /home/travis/build/icyphy/ptII/ptolemy/actor/lib/test/auto/CompareDE.xml
----------------- Instantiating /home/travis/build/icyphy/ptII/ptolemy/actor/lib/test/auto/CompareDE.xml
4 ms. Memory: 556032K Free: 359248K (65%)
----------------- Invoking toplevel() on ptolemy.moml.MoMLSimpleApplication@c86d099
----------------- Done invoking toplevel() on ptolemy.moml.MoMLSimpleApplication@c86d099
reloadAllAccessors: .CompareDE

===========================================================================================
----------------- testing Wed Apr 01 13:47:58 UTC 2020 /home/travis/build/icyphy/ptII/ptolemy/actor/lib/test/auto/ComplexDivide.xml
----------------- Instantiating /home/travis/build/icyphy/ptII/ptolemy/actor/lib/test/auto/ComplexDivide.xml
1 ms. Memory: 556032K Free: 355167K (64%)
----------------- Invoking toplevel() on ptolemy.moml.MoMLSimpleApplication@7b4bf272
----------------- Done invoking toplevel() on ptolemy.moml.MoMLSimpleApplication@7b4bf272
reloadAllAccessors: .ComplexDivide

===========================================================================================
----------------- testing Wed Apr 01 13:47:58 UTC 2020 /home/travis/build/icyphy/ptII/ptolemy/actor/lib/test/auto/ComputeHistogram.xml
----------------- Instantiating /home/travis/build/icyphy/ptII/ptolemy/actor/lib/test/auto/ComputeHistogram.xml
33 ms. Memory: 556032K Free: 342879K (62%)
----------------- Invoking toplevel() on ptolemy.moml.MoMLSimpleApplication@5db9cccd
----------------- Done invoking toplevel() on ptolemy.moml.MoMLSimpleApplication@5db9cccd
reloadAllAccessors: .ComputeHistogram

===========================================================================================
----------------- testing Wed Apr 01 13:47:58 UTC 2020 /home/travis/build/icyphy/ptII/ptolemy/actor/lib/test/auto/ConfigurationSelect.xml
----------------- Instantiating /home/travis/build/icyphy/ptII/ptolemy/actor/lib/test/auto/ConfigurationSelect.xml
10 ms. Memory: 556032K Free: 337249K (61%)
----------------- Invoking toplevel() on ptolemy.moml.MoMLSimpleApplication@607a570c
----------------- Done invoking toplevel() on ptolemy.moml.MoMLSimpleApplication@607a570c
reloadAllAccessors: .ConfigurationSelect

===========================================================================================
----------------- testing Wed Apr 01 13:47:58 UTC 2020 /home/travis/build/icyphy/ptII/ptolemy/actor/lib/test/auto/ConfigurationSelect2.xml
----------------- Instantiating /home/travis/build/icyphy/ptII/ptolemy/actor/lib/test/auto/ConfigurationSelect2.xml
3 ms. Memory: 556032K Free: 333153K (60%)
----------------- Invoking toplevel() on ptolemy.moml.MoMLSimpleApplication@6288a5e5
----------------- Done invoking toplevel() on ptolemy.moml.MoMLSimpleApplication@6288a5e5
reloadAllAccessors: .ConfigurationSelect2

===========================================================================================
----------------- testing Wed Apr 01 13:47:58 UTC 2020 /home/travis/build/icyphy/ptII/ptolemy/actor/lib/test/auto/ConfigurationSwitch.xml
----------------- Instantiating /home/travis/build/icyphy/ptII/ptolemy/actor/lib/test/auto/ConfigurationSwitch.xml
2 ms. Memory: 556032K Free: 327519K (59%)
----------------- Invoking toplevel() on ptolemy.moml.MoMLSimpleApplication@1600d4d7
----------------- Done invoking toplevel() on ptolemy.moml.MoMLSimpleApplication@1600d4d7
reloadAllAccessors: .ConfigurationSwitch

===========================================================================================
----------------- testing Wed Apr 01 13:47:58 UTC 2020 /home/travis/build/icyphy/ptII/ptolemy/actor/lib/test/auto/ConfigurationSwitch2.xml
----------------- Instantiating /home/travis/build/icyphy/ptII/ptolemy/actor/lib/test/auto/ConfigurationSwitch2.xml
2 ms. Memory: 556032K Free: 321889K (58%)
----------------- Invoking toplevel() on ptolemy.moml.MoMLSimpleApplication@2803aaba
----------------- Done invoking toplevel() on ptolemy.moml.MoMLSimpleApplication@2803aaba
reloadAllAccessors: .ConfigurationSwitch2

===========================================================================================
----------------- testing Wed Apr 01 13:47:58 UTC 2020 /home/travis/build/icyphy/ptII/ptolemy/actor/lib/test/auto/ConfigurationSwitchCloningBugWithClassRelationGroup.xml
----------------- Instantiating /home/travis/build/icyphy/ptII/ptolemy/actor/lib/test/auto/ConfigurationSwitchCloningBugWithClassRelationGroup.xml
2 ms. Memory: 556032K Free: 315745K (57%)
----------------- Invoking toplevel() on ptolemy.moml.MoMLSimpleApplication@460ef91b
----------------- Done invoking toplevel() on ptolemy.moml.MoMLSimpleApplication@460ef91b
reloadAllAccessors: .ConfigurationSwitchCloningBugWithClassRelationGroup

===========================================================================================
----------------- testing Wed Apr 01 13:47:58 UTC 2020 /home/travis/build/icyphy/ptII/ptolemy/actor/lib/test/auto/ConfigurationSwitchSelectSDF.xml
----------------- Instantiating /home/travis/build/icyphy/ptII/ptolemy/actor/lib/test/auto/ConfigurationSwitchSelectSDF.xml
3 ms. Memory: 556032K Free: 310111K (56%)
----------------- Invoking toplevel() on ptolemy.moml.MoMLSimpleApplication@7161fb8f
----------------- Done invoking toplevel() on ptolemy.moml.MoMLSimpleApplication@7161fb8f
reloadAllAccessors: .ConfigurationSwitchSelectSDF

===========================================================================================
----------------- testing Wed Apr 01 13:47:58 UTC 2020 /home/travis/build/icyphy/ptII/ptolemy/actor/lib/test/auto/ConfigurationSwitchSelectSDF2.xml
----------------- Instantiating /home/travis/build/icyphy/ptII/ptolemy/actor/lib/test/auto/ConfigurationSwitchSelectSDF2.xml
3 ms. Memory: 556032K Free: 303967K (55%)
----------------- Invoking toplevel() on ptolemy.moml.MoMLSimpleApplication@1c557e00
----------------- Done invoking toplevel() on ptolemy.moml.MoMLSimpleApplication@1c557e00
reloadAllAccessors: .ConfigurationSwitchSelectSDF2

===========================================================================================
----------------- testing Wed Apr 01 13:47:58 UTC 2020 /home/travis/build/icyphy/ptII/ptolemy/actor/lib/test/auto/Const.xml
----------------- Instantiating /home/travis/build/icyphy/ptII/ptolemy/actor/lib/test/auto/Const.xml
2 ms. Memory: 556032K Free: 300895K (54%)
----------------- Invoking toplevel() on ptolemy.moml.MoMLSimpleApplication@423aa7cd
----------------- Done invoking toplevel() on ptolemy.moml.MoMLSimpleApplication@423aa7cd
reloadAllAccessors: .Const

===========================================================================================
----------------- testing Wed Apr 01 13:47:58 UTC 2020 /home/travis/build/icyphy/ptII/ptolemy/actor/lib/test/auto/Const2.xml
----------------- Instantiating /home/travis/build/icyphy/ptII/ptolemy/actor/lib/test/auto/Const2.xml
2 ms. Memory: 556032K Free: 296799K (53%)
----------------- Invoking toplevel() on ptolemy.moml.MoMLSimpleApplication@1158887a
----------------- Done invoking toplevel() on ptolemy.moml.MoMLSimpleApplication@1158887a
reloadAllAccessors: .Const2

===========================================================================================
----------------- testing Wed Apr 01 13:47:58 UTC 2020 /home/travis/build/icyphy/ptII/ptolemy/actor/lib/test/auto/Const3.xml
----------------- Instantiating /home/travis/build/icyphy/ptII/ptolemy/actor/lib/test/auto/Const3.xml
1 ms. Memory: 556032K Free: 293727K (53%)
----------------- Invoking toplevel() on ptolemy.moml.MoMLSimpleApplication@56272c72
----------------- Done invoking toplevel() on ptolemy.moml.MoMLSimpleApplication@56272c72
reloadAllAccessors: .Const3

===========================================================================================
----------------- testing Wed Apr 01 13:47:58 UTC 2020 /home/travis/build/icyphy/ptII/ptolemy/actor/lib/test/auto/ConstantPublisherPort1.xml
----------------- Instantiating /home/travis/build/icyphy/ptII/ptolemy/actor/lib/test/auto/ConstantPublisherPort1.xml
8 ms. Memory: 556032K Free: 285025K (51%)
----------------- Invoking toplevel() on ptolemy.moml.MoMLSimpleApplication@2196e322
----------------- Done invoking toplevel() on ptolemy.moml.MoMLSimpleApplication@2196e322
reloadAllAccessors: .ConstantPublisherPort1

===========================================================================================
----------------- testing Wed Apr 01 13:47:58 UTC 2020 /home/travis/build/icyphy/ptII/ptolemy/actor/lib/test/auto/ConstantPublisherPort2.xml
----------------- Instantiating /home/travis/build/icyphy/ptII/ptolemy/actor/lib/test/auto/ConstantPublisherPort2.xml
11 ms. Memory: 556032K Free: 276833K (50%)
----------------- Invoking toplevel() on ptolemy.moml.MoMLSimpleApplication@2bd55f0d
----------------- Done invoking toplevel() on ptolemy.moml.MoMLSimpleApplication@2bd55f0d
reloadAllAccessors: .ConstantPublisherPort2

===========================================================================================
----------------- testing Wed Apr 01 13:47:58 UTC 2020 /home/travis/build/icyphy/ptII/ptolemy/actor/lib/test/auto/ConstantPublisherPort3.xml
----------------- Instantiating /home/travis/build/icyphy/ptII/ptolemy/actor/lib/test/auto/ConstantPublisherPort3.xml
7 ms. Memory: 556032K Free: 269665K (48%)
----------------- Invoking toplevel() on ptolemy.moml.MoMLSimpleApplication@4009a73c
----------------- Done invoking toplevel() on ptolemy.moml.MoMLSimpleApplication@4009a73c
reloadAllAccessors: .ConstantPublisherPort3

===========================================================================================
----------------- testing Wed Apr 01 13:47:58 UTC 2020 /home/travis/build/icyphy/ptII/ptolemy/actor/lib/test/auto/ConstantPublisherPort4.xml
----------------- Instantiating /home/travis/build/icyphy/ptII/ptolemy/actor/lib/test/auto/ConstantPublisherPort4.xml
3 ms. Memory: 556032K Free: 262497K (47%)
----------------- Invoking toplevel() on ptolemy.moml.MoMLSimpleApplication@283a00c9
----------------- Done invoking toplevel() on ptolemy.moml.MoMLSimpleApplication@283a00c9
reloadAllAccessors: .ConstantPublisherPort4

===========================================================================================
----------------- testing Wed Apr 01 13:47:59 UTC 2020 /home/travis/build/icyphy/ptII/ptolemy/actor/lib/test/auto/ConstantPublisherPort5.xml
----------------- Instantiating /home/travis/build/icyphy/ptII/ptolemy/actor/lib/test/auto/ConstantPublisherPort5.xml
24 ms. Memory: 556032K Free: 252767K (45%)
----------------- Invoking toplevel() on ptolemy.moml.MoMLSimpleApplication@57e2189d
----------------- Done invoking toplevel() on ptolemy.moml.MoMLSimpleApplication@57e2189d
reloadAllAccessors: .ConstantPublisherPort5

===========================================================================================
----------------- testing Wed Apr 01 13:47:59 UTC 2020 /home/travis/build/icyphy/ptII/ptolemy/actor/lib/test/auto/ConstantPublisherPort6.xml
----------------- Instantiating /home/travis/build/icyphy/ptII/ptolemy/actor/lib/test/auto/ConstantPublisherPort6.xml
15 ms. Memory: 556032K Free: 244065K (44%)
----------------- Invoking toplevel() on ptolemy.moml.MoMLSimpleApplication@dc30eee
----------------- Done invoking toplevel() on ptolemy.moml.MoMLSimpleApplication@dc30eee
reloadAllAccessors: .ConstantPublisherPort6

===========================================================================================
----------------- testing Wed Apr 01 13:47:59 UTC 2020 /home/travis/build/icyphy/ptII/ptolemy/actor/lib/test/auto/ConstantPublisherPort7.xml
----------------- Instantiating /home/travis/build/icyphy/ptII/ptolemy/actor/lib/test/auto/ConstantPublisherPort7.xml
19 ms. Memory: 556032K Free: 234849K (42%)
----------------- Invoking toplevel() on ptolemy.moml.MoMLSimpleApplication@251827ac
----------------- Done invoking toplevel() on ptolemy.moml.MoMLSimpleApplication@251827ac
reloadAllAccessors: .ConstantPublisherPort7

===========================================================================================
----------------- testing Wed Apr 01 13:47:59 UTC 2020 /home/travis/build/icyphy/ptII/ptolemy/actor/lib/test/auto/ConstraintMonitor1.xml
----------------- Instantiating /home/travis/build/icyphy/ptII/ptolemy/actor/lib/test/auto/ConstraintMonitor1.xml
7 ms. Memory: 556032K Free: 229727K (41%)
----------------- Invoking toplevel() on ptolemy.moml.MoMLSimpleApplication@22eed2ec
----------------- Done invoking toplevel() on ptolemy.moml.MoMLSimpleApplication@22eed2ec
reloadAllAccessors: .ConstraintMonitor1

===========================================================================================
----------------- testing Wed Apr 01 13:47:59 UTC 2020 /home/travis/build/icyphy/ptII/ptolemy/actor/lib/test/auto/ConstraintMonitor2.xml
----------------- Instantiating /home/travis/build/icyphy/ptII/ptolemy/actor/lib/test/auto/ConstraintMonitor2.xml
6 ms. Memory: 556032K Free: 225633K (41%)
----------------- Invoking toplevel() on ptolemy.moml.MoMLSimpleApplication@65d0a5b5
----------------- Done invoking toplevel() on ptolemy.moml.MoMLSimpleApplication@65d0a5b5
reloadAllAccessors: .ConstraintMonitor2

===========================================================================================
----------------- testing Wed Apr 01 13:47:59 UTC 2020 /home/travis/build/icyphy/ptII/ptolemy/actor/lib/test/auto/ConstraintMonitor3.xml
----------------- Instantiating /home/travis/build/icyphy/ptII/ptolemy/actor/lib/test/auto/ConstraintMonitor3.xml
1 ms. Memory: 556032K Free: 221023K (40%)
----------------- Invoking toplevel() on ptolemy.moml.MoMLSimpleApplication@1892ab
----------------- Done invoking toplevel() on ptolemy.moml.MoMLSimpleApplication@1892ab
reloadAllAccessors: .ConstraintMonitor3

===========================================================================================
----------------- testing Wed Apr 01 13:47:59 UTC 2020 /home/travis/build/icyphy/ptII/ptolemy/actor/lib/test/auto/ConstraintMonitor4.xml
----------------- Instantiating /home/travis/build/icyphy/ptII/ptolemy/actor/lib/test/auto/ConstraintMonitor4.xml
2 ms. Memory: 556032K Free: 215903K (39%)
----------------- Invoking toplevel() on ptolemy.moml.MoMLSimpleApplication@398edeff
----------------- Done invoking toplevel() on ptolemy.moml.MoMLSimpleApplication@398edeff
reloadAllAccessors: .ConstraintMonitor4

===========================================================================================
----------------- testing Wed Apr 01 13:47:59 UTC 2020 /home/travis/build/icyphy/ptII/ptolemy/actor/lib/test/auto/ConstraintMonitor5.xml
----------------- Instantiating /home/travis/build/icyphy/ptII/ptolemy/actor/lib/test/auto/ConstraintMonitor5.xml
1 ms. Memory: 556032K Free: 211297K (38%)
----------------- Invoking toplevel() on ptolemy.moml.MoMLSimpleApplication@550e0252
----------------- Done invoking toplevel() on ptolemy.moml.MoMLSimpleApplication@550e0252
reloadAllAccessors: .ConstraintMonitor5

===========================================================================================
----------------- testing Wed Apr 01 13:47:59 UTC 2020 /home/travis/build/icyphy/ptII/ptolemy/actor/lib/test/auto/ConstraintMonitor6.xml
----------------- Instantiating /home/travis/build/icyphy/ptII/ptolemy/actor/lib/test/auto/ConstraintMonitor6.xml
3 ms. Memory: 556032K Free: 204632K (37%)
----------------- Invoking toplevel() on ptolemy.moml.MoMLSimpleApplication@7e834b7f
----------------- Done invoking toplevel() on ptolemy.moml.MoMLSimpleApplication@7e834b7f
reloadAllAccessors: .ConstraintMonitor6

===========================================================================================
----------------- testing Wed Apr 01 13:47:59 UTC 2020 /home/travis/build/icyphy/ptII/ptolemy/actor/lib/test/auto/ConstraintMonitor7.xml
----------------- Instantiating /home/travis/build/icyphy/ptII/ptolemy/actor/lib/test/auto/ConstraintMonitor7.xml
5 ms. Memory: 556032K Free: 197985K (36%)
----------------- Invoking toplevel() on ptolemy.moml.MoMLSimpleApplication@247f8f9a
----------------- Done invoking toplevel() on ptolemy.moml.MoMLSimpleApplication@247f8f9a
reloadAllAccessors: .ConstraintMonitor7

===========================================================================================
----------------- testing Wed Apr 01 13:47:59 UTC 2020 /home/travis/build/icyphy/ptII/ptolemy/actor/lib/test/auto/ConstraintMonitor8.xml
----------------- Instantiating /home/travis/build/icyphy/ptII/ptolemy/actor/lib/test/auto/ConstraintMonitor8.xml
6 ms. Memory: 556032K Free: 190817K (34%)
----------------- Invoking toplevel() on ptolemy.moml.MoMLSimpleApplication@5020356f
----------------- Done invoking toplevel() on ptolemy.moml.MoMLSimpleApplication@5020356f
reloadAllAccessors: .ConstraintMonitor8

===========================================================================================
----------------- testing Wed Apr 01 13:47:59 UTC 2020 /home/travis/build/icyphy/ptII/ptolemy/actor/lib/test/auto/Counter.xml
----------------- Instantiating /home/travis/build/icyphy/ptII/ptolemy/actor/lib/test/auto/Counter.xml
2 ms. Memory: 556032K Free: 185183K (33%)
----------------- Invoking toplevel() on ptolemy.moml.MoMLSimpleApplication@117fd4d8
----------------- Done invoking toplevel() on ptolemy.moml.MoMLSimpleApplication@117fd4d8
reloadAllAccessors: .Counter

===========================================================================================
----------------- testing Wed Apr 01 13:47:59 UTC 2020 /home/travis/build/icyphy/ptII/ptolemy/actor/lib/test/auto/CurrentTimeSDF.xml
----------------- Instantiating /home/travis/build/icyphy/ptII/ptolemy/actor/lib/test/auto/CurrentTimeSDF.xml
2 ms. Memory: 556032K Free: 181087K (33%)
----------------- Invoking toplevel() on ptolemy.moml.MoMLSimpleApplication@795c9a50
----------------- Done invoking toplevel() on ptolemy.moml.MoMLSimpleApplication@795c9a50
reloadAllAccessors: .CurrentTimeSDF

===========================================================================================
----------------- testing Wed Apr 01 13:47:59 UTC 2020 /home/travis/build/icyphy/ptII/ptolemy/actor/lib/test/auto/DB.xml
----------------- Instantiating /home/travis/build/icyphy/ptII/ptolemy/actor/lib/test/auto/DB.xml
2 ms. Memory: 556032K Free: 503288K (91%)
----------------- Invoking toplevel() on ptolemy.moml.MoMLSimpleApplication@19114ef7
----------------- Done invoking toplevel() on ptolemy.moml.MoMLSimpleApplication@19114ef7
reloadAllAccessors: .DB

===========================================================================================
----------------- testing Wed Apr 01 13:47:59 UTC 2020 /home/travis/build/icyphy/ptII/ptolemy/actor/lib/test/auto/DBDE.xml
----------------- Instantiating /home/travis/build/icyphy/ptII/ptolemy/actor/lib/test/auto/DBDE.xml
2 ms. Memory: 556032K Free: 497658K (90%)
----------------- Invoking toplevel() on ptolemy.moml.MoMLSimpleApplication@3eed0c15
----------------- Done invoking toplevel() on ptolemy.moml.MoMLSimpleApplication@3eed0c15
reloadAllAccessors: .DBDE

===========================================================================================
----------------- testing Wed Apr 01 13:47:59 UTC 2020 /home/travis/build/icyphy/ptII/ptolemy/actor/lib/test/auto/DateConstructor.xml
----------------- Instantiating /home/travis/build/icyphy/ptII/ptolemy/actor/lib/test/auto/DateConstructor.xml
25 ms. Memory: 556032K Free: 479736K (86%)
----------------- Invoking toplevel() on ptolemy.moml.MoMLSimpleApplication@34950183
----------------- Done invoking toplevel() on ptolemy.moml.MoMLSimpleApplication@34950183
reloadAllAccessors: .DateConstructor

===========================================================================================
----------------- testing Wed Apr 01 13:47:59 UTC 2020 /home/travis/build/icyphy/ptII/ptolemy/actor/lib/test/auto/DelayTime.xml
----------------- Instantiating /home/travis/build/icyphy/ptII/ptolemy/actor/lib/test/auto/DelayTime.xml
6 ms. Memory: 556032K Free: 474616K (85%)
----------------- Invoking toplevel() on ptolemy.moml.MoMLSimpleApplication@7b7e3c96
----------------- Done invoking toplevel() on ptolemy.moml.MoMLSimpleApplication@7b7e3c96
reloadAllAccessors: .DelayTime

===========================================================================================
----------------- testing Wed Apr 01 13:47:59 UTC 2020 /home/travis/build/icyphy/ptII/ptolemy/actor/lib/test/auto/Dictionary1.xml
----------------- Instantiating /home/travis/build/icyphy/ptII/ptolemy/actor/lib/test/auto/Dictionary1.xml
5 ms. Memory: 556032K Free: 469496K (84%)
----------------- Invoking toplevel() on ptolemy.moml.MoMLSimpleApplication@41f16e0
----------------- Done invoking toplevel() on ptolemy.moml.MoMLSimpleApplication@41f16e0
reloadAllAccessors: .Dictionary1

===========================================================================================
----------------- testing Wed Apr 01 13:47:59 UTC 2020 /home/travis/build/icyphy/ptII/ptolemy/actor/lib/test/auto/Dictionary2.xml
----------------- Instantiating /home/travis/build/icyphy/ptII/ptolemy/actor/lib/test/auto/Dictionary2.xml
4 ms. Memory: 556032K Free: 463866K (83%)
----------------- Invoking toplevel() on ptolemy.moml.MoMLSimpleApplication@3c5ad9bc
----------------- Done invoking toplevel() on ptolemy.moml.MoMLSimpleApplication@3c5ad9bc
reloadAllAccessors: .Dictionary2

===========================================================================================
----------------- testing Wed Apr 01 13:47:59 UTC 2020 /home/travis/build/icyphy/ptII/ptolemy/actor/lib/test/auto/Dictionary3.xml
----------------- Instantiating /home/travis/build/icyphy/ptII/ptolemy/actor/lib/test/auto/Dictionary3.xml
2 ms. Memory: 556032K Free: 458232K (82%)
----------------- Invoking toplevel() on ptolemy.moml.MoMLSimpleApplication@3cc1c59a
----------------- Done invoking toplevel() on ptolemy.moml.MoMLSimpleApplication@3cc1c59a
reloadAllAccessors: .Dictionary3

===========================================================================================
----------------- testing Wed Apr 01 13:47:59 UTC 2020 /home/travis/build/icyphy/ptII/ptolemy/actor/lib/test/auto/Dictionary4.xml
----------------- Instantiating /home/travis/build/icyphy/ptII/ptolemy/actor/lib/test/auto/Dictionary4.xml
3 ms. Memory: 556032K Free: 451578K (81%)
----------------- Invoking toplevel() on ptolemy.moml.MoMLSimpleApplication@2b46407f
----------------- Done invoking toplevel() on ptolemy.moml.MoMLSimpleApplication@2b46407f
reloadAllAccessors: .Dictionary4

===========================================================================================
----------------- testing Wed Apr 01 13:47:59 UTC 2020 /home/travis/build/icyphy/ptII/ptolemy/actor/lib/test/auto/Differential.xml
----------------- Instantiating /home/travis/build/icyphy/ptII/ptolemy/actor/lib/test/auto/Differential.xml
3 ms. Memory: 556032K Free: 446968K (80%)
----------------- Invoking toplevel() on ptolemy.moml.MoMLSimpleApplication@3c2fd7da
----------------- Done invoking toplevel() on ptolemy.moml.MoMLSimpleApplication@3c2fd7da
reloadAllAccessors: .Differential

===========================================================================================
----------------- testing Wed Apr 01 13:47:59 UTC 2020 /home/travis/build/icyphy/ptII/ptolemy/actor/lib/test/auto/Director.xml
----------------- Instantiating /home/travis/build/icyphy/ptII/ptolemy/actor/lib/test/auto/Director.xml
4 ms. Memory: 556032K Free: 443386K (80%)
----------------- Invoking toplevel() on ptolemy.moml.MoMLSimpleApplication@63ffa6b1
----------------- Done invoking toplevel() on ptolemy.moml.MoMLSimpleApplication@63ffa6b1
reloadAllAccessors: .Director

===========================================================================================
----------------- testing Wed Apr 01 13:47:59 UTC 2020 /home/travis/build/icyphy/ptII/ptolemy/actor/lib/test/auto/DiscreteClock.xml
----------------- Instantiating /home/travis/build/icyphy/ptII/ptolemy/actor/lib/test/auto/DiscreteClock.xml
3 ms. Memory: 556032K Free: 439290K (79%)
----------------- Invoking toplevel() on ptolemy.moml.MoMLSimpleApplication@134ee2ca
----------------- Done invoking toplevel() on ptolemy.moml.MoMLSimpleApplication@134ee2ca
reloadAllAccessors: .DiscreteClock

===========================================================================================
----------------- testing Wed Apr 01 13:47:59 UTC 2020 /home/travis/build/icyphy/ptII/ptolemy/actor/lib/test/auto/DiscreteClock10.xml
----------------- Instantiating /home/travis/build/icyphy/ptII/ptolemy/actor/lib/test/auto/DiscreteClock10.xml
2 ms. Memory: 556032K Free: 433656K (78%)
----------------- Invoking toplevel() on ptolemy.moml.MoMLSimpleApplication@59faf307
----------------- Done invoking toplevel() on ptolemy.moml.MoMLSimpleApplication@59faf307
reloadAllAccessors: .DiscreteClock10

===========================================================================================
----------------- testing Wed Apr 01 13:47:59 UTC 2020 /home/travis/build/icyphy/ptII/ptolemy/actor/lib/test/auto/DiscreteClock11.xml
----------------- Instantiating /home/travis/build/icyphy/ptII/ptolemy/actor/lib/test/auto/DiscreteClock11.xml
2 ms. Memory: 556032K Free: 427512K (77%)
----------------- Invoking toplevel() on ptolemy.moml.MoMLSimpleApplication@178ffb77
----------------- Done invoking toplevel() on ptolemy.moml.MoMLSimpleApplication@178ffb77
reloadAllAccessors: .DiscreteClock11

===========================================================================================
----------------- testing Wed Apr 01 13:47:59 UTC 2020 /home/travis/build/icyphy/ptII/ptolemy/actor/lib/test/auto/DiscreteClock12.xml
----------------- Instantiating /home/travis/build/icyphy/ptII/ptolemy/actor/lib/test/auto/DiscreteClock12.xml
3 ms. Memory: 556032K Free: 421368K (76%)
----------------- Invoking toplevel() on ptolemy.moml.MoMLSimpleApplication@2d15adc6
----------------- Done invoking toplevel() on ptolemy.moml.MoMLSimpleApplication@2d15adc6
reloadAllAccessors: .DiscreteClock12

===========================================================================================
----------------- testing Wed Apr 01 13:47:59 UTC 2020 /home/travis/build/icyphy/ptII/ptolemy/actor/lib/test/auto/DiscreteClock13.xml
----------------- Instantiating /home/travis/build/icyphy/ptII/ptolemy/actor/lib/test/auto/DiscreteClock13.xml
5 ms. Memory: 556032K Free: 415218K (75%)
----------------- Invoking toplevel() on ptolemy.moml.MoMLSimpleApplication@3f9266a8
----------------- Done invoking toplevel() on ptolemy.moml.MoMLSimpleApplication@3f9266a8
reloadAllAccessors: .DiscreteClock13

===========================================================================================
----------------- testing Wed Apr 01 13:47:59 UTC 2020 /home/travis/build/icyphy/ptII/ptolemy/actor/lib/test/auto/DiscreteClock14.xml
----------------- Instantiating /home/travis/build/icyphy/ptII/ptolemy/actor/lib/test/auto/DiscreteClock14.xml
5 ms. Memory: 556032K Free: 409594K (74%)
----------------- Invoking toplevel() on ptolemy.moml.MoMLSimpleApplication@2543066f
----------------- Done invoking toplevel() on ptolemy.moml.MoMLSimpleApplication@2543066f
reloadAllAccessors: .DiscreteClock14

===========================================================================================
----------------- testing Wed Apr 01 13:47:59 UTC 2020 /home/travis/build/icyphy/ptII/ptolemy/actor/lib/test/auto/DiscreteClock15.xml
----------------- Instantiating /home/travis/build/icyphy/ptII/ptolemy/actor/lib/test/auto/DiscreteClock15.xml
4 ms. Memory: 556032K Free: 403450K (73%)
----------------- Invoking toplevel() on ptolemy.moml.MoMLSimpleApplication@3b46cbc4
----------------- Done invoking toplevel() on ptolemy.moml.MoMLSimpleApplication@3b46cbc4
reloadAllAccessors: .DiscreteClock15

===========================================================================================
----------------- testing Wed Apr 01 13:47:59 UTC 2020 /home/travis/build/icyphy/ptII/ptolemy/actor/lib/test/auto/DiscreteClock16.xml
----------------- Instantiating /home/travis/build/icyphy/ptII/ptolemy/actor/lib/test/auto/DiscreteClock16.xml
17 ms. Memory: 556032K Free: 389624K (70%)
----------------- Invoking toplevel() on ptolemy.moml.MoMLSimpleApplication@3637c01
----------------- Done invoking toplevel() on ptolemy.moml.MoMLSimpleApplication@3637c01
reloadAllAccessors: .DiscreteClock16

===========================================================================================
----------------- testing Wed Apr 01 13:47:59 UTC 2020 /home/travis/build/icyphy/ptII/ptolemy/actor/lib/test/auto/DiscreteClock17.xml
----------------- Instantiating /home/travis/build/icyphy/ptII/ptolemy/actor/lib/test/auto/DiscreteClock17.xml
15 ms. Memory: 556032K Free: 374778K (67%)
----------------- Invoking toplevel() on ptolemy.moml.MoMLSimpleApplication@30a08b5c
----------------- Done invoking toplevel() on ptolemy.moml.MoMLSimpleApplication@30a08b5c
reloadAllAccessors: .DiscreteClock17

===========================================================================================
----------------- testing Wed Apr 01 13:47:59 UTC 2020 /home/travis/build/icyphy/ptII/ptolemy/actor/lib/test/auto/DiscreteClock18.xml
----------------- Instantiating /home/travis/build/icyphy/ptII/ptolemy/actor/lib/test/auto/DiscreteClock18.xml
23 ms. Memory: 556032K Free: 361466K (65%)
----------------- Invoking toplevel() on ptolemy.moml.MoMLSimpleApplication@1ba0c345
----------------- Done invoking toplevel() on ptolemy.moml.MoMLSimpleApplication@1ba0c345
reloadAllAccessors: .DiscreteClock18

===========================================================================================
----------------- testing Wed Apr 01 13:47:59 UTC 2020 /home/travis/build/icyphy/ptII/ptolemy/actor/lib/test/auto/DiscreteClock19.xml
----------------- Instantiating /home/travis/build/icyphy/ptII/ptolemy/actor/lib/test/auto/DiscreteClock19.xml
19 ms. Memory: 556032K Free: 347640K (63%)
----------------- Invoking toplevel() on ptolemy.moml.MoMLSimpleApplication@7033f5c5
----------------- Done invoking toplevel() on ptolemy.moml.MoMLSimpleApplication@7033f5c5
reloadAllAccessors: .DiscreteClock19

===========================================================================================
----------------- testing Wed Apr 01 13:47:59 UTC 2020 /home/travis/build/icyphy/ptII/ptolemy/actor/lib/test/auto/DiscreteClock2.xml
----------------- Instantiating /home/travis/build/icyphy/ptII/ptolemy/actor/lib/test/auto/DiscreteClock2.xml
4 ms. Memory: 556032K Free: 342490K (62%)
----------------- Invoking toplevel() on ptolemy.moml.MoMLSimpleApplication@68ab33fb
----------------- Done invoking toplevel() on ptolemy.moml.MoMLSimpleApplication@68ab33fb
reloadAllAccessors: .DiscreteClock2

===========================================================================================
----------------- testing Wed Apr 01 13:48:00 UTC 2020 /home/travis/build/icyphy/ptII/ptolemy/actor/lib/test/auto/DiscreteClock20.xml
----------------- Instantiating /home/travis/build/icyphy/ptII/ptolemy/actor/lib/test/auto/DiscreteClock20.xml
6 ms. Memory: 556032K Free: 336888K (61%)
----------------- Invoking toplevel() on ptolemy.moml.MoMLSimpleApplication@3754423e
----------------- Done invoking toplevel() on ptolemy.moml.MoMLSimpleApplication@3754423e
reloadAllAccessors: .DiscreteClock20

===========================================================================================
----------------- testing Wed Apr 01 13:48:00 UTC 2020 /home/travis/build/icyphy/ptII/ptolemy/actor/lib/test/auto/DiscreteClock21.xml
----------------- Instantiating /home/travis/build/icyphy/ptII/ptolemy/actor/lib/test/auto/DiscreteClock21.xml
3 ms. Memory: 556032K Free: 331770K (60%)
----------------- Invoking toplevel() on ptolemy.moml.MoMLSimpleApplication@2d185759
----------------- Done invoking toplevel() on ptolemy.moml.MoMLSimpleApplication@2d185759
reloadAllAccessors: .DiscreteClock21

===========================================================================================
----------------- testing Wed Apr 01 13:48:00 UTC 2020 /home/travis/build/icyphy/ptII/ptolemy/actor/lib/test/auto/DiscreteClock22.xml
----------------- Instantiating /home/travis/build/icyphy/ptII/ptolemy/actor/lib/test/auto/DiscreteClock22.xml
2 ms. Memory: 556032K Free: 326136K (59%)
----------------- Invoking toplevel() on ptolemy.moml.MoMLSimpleApplication@613c2439
----------------- Done invoking toplevel() on ptolemy.moml.MoMLSimpleApplication@613c2439
reloadAllAccessors: .DiscreteClock22

===========================================================================================
----------------- testing Wed Apr 01 13:48:00 UTC 2020 /home/travis/build/icyphy/ptII/ptolemy/actor/lib/test/auto/DiscreteClock23.xml
----------------- Instantiating /home/travis/build/icyphy/ptII/ptolemy/actor/lib/test/auto/DiscreteClock23.xml
2 ms. Memory: 556032K Free: 320506K (58%)
----------------- Invoking toplevel() on ptolemy.moml.MoMLSimpleApplication@6b0776f9
----------------- Done invoking toplevel() on ptolemy.moml.MoMLSimpleApplication@6b0776f9
reloadAllAccessors: .DiscreteClock23

===========================================================================================
----------------- testing Wed Apr 01 13:48:00 UTC 2020 /home/travis/build/icyphy/ptII/ptolemy/actor/lib/test/auto/DiscreteClock24.xml
----------------- Instantiating /home/travis/build/icyphy/ptII/ptolemy/actor/lib/test/auto/DiscreteClock24.xml
6 ms. Memory: 556032K Free: 314872K (57%)
----------------- Invoking toplevel() on ptolemy.moml.MoMLSimpleApplication@4588ff53
----------------- Done invoking toplevel() on ptolemy.moml.MoMLSimpleApplication@4588ff53
reloadAllAccessors: .DiscreteClock24

===========================================================================================
----------------- testing Wed Apr 01 13:48:00 UTC 2020 /home/travis/build/icyphy/ptII/ptolemy/actor/lib/test/auto/DiscreteClock4.xml
----------------- Instantiating /home/travis/build/icyphy/ptII/ptolemy/actor/lib/test/auto/DiscreteClock4.xml
4 ms. Memory: 556032K Free: 309738K (56%)
----------------- Invoking toplevel() on ptolemy.moml.MoMLSimpleApplication@171ca110
----------------- Done invoking toplevel() on ptolemy.moml.MoMLSimpleApplication@171ca110
reloadAllAccessors: .DiscreteClock4

===========================================================================================
----------------- testing Wed Apr 01 13:48:00 UTC 2020 /home/travis/build/icyphy/ptII/ptolemy/actor/lib/test/auto/DiscreteClock5.xml
----------------- Instantiating /home/travis/build/icyphy/ptII/ptolemy/actor/lib/test/auto/DiscreteClock5.xml
1 ms. Memory: 556032K Free: 304122K (55%)
----------------- Invoking toplevel() on ptolemy.moml.MoMLSimpleApplication@71a9ec95
----------------- Done invoking toplevel() on ptolemy.moml.MoMLSimpleApplication@71a9ec95
reloadAllAccessors: .DiscreteClock5

===========================================================================================
----------------- testing Wed Apr 01 13:48:00 UTC 2020 /home/travis/build/icyphy/ptII/ptolemy/actor/lib/test/auto/DiscreteClock6.xml
----------------- Instantiating /home/travis/build/icyphy/ptII/ptolemy/actor/lib/test/auto/DiscreteClock6.xml
1 ms. Memory: 556032K Free: 300026K (54%)
----------------- Invoking toplevel() on ptolemy.moml.MoMLSimpleApplication@4b001e4c
----------------- Done invoking toplevel() on ptolemy.moml.MoMLSimpleApplication@4b001e4c
reloadAllAccessors: .DiscreteClock6

===========================================================================================
----------------- testing Wed Apr 01 13:48:00 UTC 2020 /home/travis/build/icyphy/ptII/ptolemy/actor/lib/test/auto/DiscreteClock7.xml
----------------- Instantiating /home/travis/build/icyphy/ptII/ptolemy/actor/lib/test/auto/DiscreteClock7.xml
2 ms. Memory: 556032K Free: 295416K (53%)
----------------- Invoking toplevel() on ptolemy.moml.MoMLSimpleApplication@3633415d
----------------- Done invoking toplevel() on ptolemy.moml.MoMLSimpleApplication@3633415d
reloadAllAccessors: .DiscreteClock7

===========================================================================================
----------------- testing Wed Apr 01 13:48:00 UTC 2020 /home/travis/build/icyphy/ptII/ptolemy/actor/lib/test/auto/DiscreteClock8.xml
----------------- Instantiating /home/travis/build/icyphy/ptII/ptolemy/actor/lib/test/auto/DiscreteClock8.xml
4 ms. Memory: 556032K Free: 289786K (52%)
----------------- Invoking toplevel() on ptolemy.moml.MoMLSimpleApplication@2ba855c1
----------------- Done invoking toplevel() on ptolemy.moml.MoMLSimpleApplication@2ba855c1
reloadAllAccessors: .DiscreteClock8

===========================================================================================
----------------- testing Wed Apr 01 13:48:00 UTC 2020 /home/travis/build/icyphy/ptII/ptolemy/actor/lib/test/auto/DiscreteClock9.xml
----------------- Instantiating /home/travis/build/icyphy/ptII/ptolemy/actor/lib/test/auto/DiscreteClock9.xml
4 ms. Memory: 556032K Free: 284138K (51%)
----------------- Invoking toplevel() on ptolemy.moml.MoMLSimpleApplication@5a47dbb6
----------------- Done invoking toplevel() on ptolemy.moml.MoMLSimpleApplication@5a47dbb6
reloadAllAccessors: .DiscreteClock9

===========================================================================================
----------------- testing Wed Apr 01 13:48:00 UTC 2020 /home/travis/build/icyphy/ptII/ptolemy/actor/lib/test/auto/DisplayArray.xml
----------------- Instantiating /home/travis/build/icyphy/ptII/ptolemy/actor/lib/test/auto/DisplayArray.xml
3 ms. Memory: 556032K Free: 280570K (50%)
----------------- Invoking toplevel() on ptolemy.moml.MoMLSimpleApplication@709cd0fc
----------------- Done invoking toplevel() on ptolemy.moml.MoMLSimpleApplication@709cd0fc
reloadAllAccessors: .DisplayArray

===========================================================================================
----------------- testing Wed Apr 01 13:48:00 UTC 2020 /home/travis/build/icyphy/ptII/ptolemy/actor/lib/test/auto/Distributor.xml
----------------- Instantiating /home/travis/build/icyphy/ptII/ptolemy/actor/lib/test/auto/Distributor.xml
2 ms. Memory: 556032K Free: 275450K (50%)
----------------- Invoking toplevel() on ptolemy.moml.MoMLSimpleApplication@7ee6eac5
----------------- Done invoking toplevel() on ptolemy.moml.MoMLSimpleApplication@7ee6eac5
reloadAllAccessors: .Distributor

===========================================================================================
----------------- testing Wed Apr 01 13:48:00 UTC 2020 /home/travis/build/icyphy/ptII/ptolemy/actor/lib/test/auto/Distributor2.xml
----------------- Instantiating /home/travis/build/icyphy/ptII/ptolemy/actor/lib/test/auto/Distributor2.xml
2 ms. Memory: 556032K Free: 270840K (49%)
----------------- Invoking toplevel() on ptolemy.moml.MoMLSimpleApplication@575711e6
----------------- Done invoking toplevel() on ptolemy.moml.MoMLSimpleApplication@575711e6
reloadAllAccessors: .Distributor2

===========================================================================================
----------------- testing Wed Apr 01 13:48:00 UTC 2020 /home/travis/build/icyphy/ptII/ptolemy/actor/lib/test/auto/DownSample.xml
----------------- Instantiating /home/travis/build/icyphy/ptII/ptolemy/actor/lib/test/auto/DownSample.xml
2 ms. Memory: 556032K Free: 266744K (48%)
----------------- Invoking toplevel() on ptolemy.moml.MoMLSimpleApplication@5c305b89
----------------- Done invoking toplevel() on ptolemy.moml.MoMLSimpleApplication@5c305b89
reloadAllAccessors: .DownSample

===========================================================================================
----------------- testing Wed Apr 01 13:48:00 UTC 2020 /home/travis/build/icyphy/ptII/ptolemy/actor/lib/test/auto/ElectronicUnitBase1.xml
----------------- Instantiating /home/travis/build/icyphy/ptII/ptolemy/actor/lib/test/auto/ElectronicUnitBase1.xml
17 ms. Memory: 556032K Free: 250874K (45%)
----------------- Invoking toplevel() on ptolemy.moml.MoMLSimpleApplication@7500eca7
----------------- Done invoking toplevel() on ptolemy.moml.MoMLSimpleApplication@7500eca7
reloadAllAccessors: .ElectronicUnitBase1

===========================================================================================
----------------- testing Wed Apr 01 13:48:00 UTC 2020 /home/travis/build/icyphy/ptII/ptolemy/actor/lib/test/auto/ElementsToArray.xml
----------------- Instantiating /home/travis/build/icyphy/ptII/ptolemy/actor/lib/test/auto/ElementsToArray.xml
3 ms. Memory: 556032K Free: 245754K (44%)
----------------- Invoking toplevel() on ptolemy.moml.MoMLSimpleApplication@8a3b420
----------------- Done invoking toplevel() on ptolemy.moml.MoMLSimpleApplication@8a3b420
reloadAllAccessors: .ElementsToArray

===========================================================================================
----------------- testing Wed Apr 01 13:48:00 UTC 2020 /home/travis/build/icyphy/ptII/ptolemy/actor/lib/test/auto/Equals.xml
----------------- Instantiating /home/travis/build/icyphy/ptII/ptolemy/actor/lib/test/auto/Equals.xml
3 ms. Memory: 556032K Free: 241144K (43%)
----------------- Invoking toplevel() on ptolemy.moml.MoMLSimpleApplication@51f52efc
----------------- Done invoking toplevel() on ptolemy.moml.MoMLSimpleApplication@51f52efc
reloadAllAccessors: .Equals

===========================================================================================
----------------- testing Wed Apr 01 13:48:00 UTC 2020 /home/travis/build/icyphy/ptII/ptolemy/actor/lib/test/auto/Exec.xml
----------------- Instantiating /home/travis/build/icyphy/ptII/ptolemy/actor/lib/test/auto/Exec.xml
15 ms. Memory: 556032K Free: 235000K (42%)
----------------- Invoking toplevel() on ptolemy.moml.MoMLSimpleApplication@5f2b67cd
----------------- Done invoking toplevel() on ptolemy.moml.MoMLSimpleApplication@5f2b67cd
reloadAllAccessors: .Exec

===========================================================================================
----------------- testing Wed Apr 01 13:48:00 UTC 2020 /home/travis/build/icyphy/ptII/ptolemy/actor/lib/test/auto/ExecEnvironment.xml
----------------- Instantiating /home/travis/build/icyphy/ptII/ptolemy/actor/lib/test/auto/ExecEnvironment.xml
24 ms. Memory: 556032K Free: 230392K (41%)
----------------- Invoking toplevel() on ptolemy.moml.MoMLSimpleApplication@45b0943e
----------------- Done invoking toplevel() on ptolemy.moml.MoMLSimpleApplication@45b0943e
reloadAllAccessors: .ExecEnvironment

===========================================================================================
----------------- testing Wed Apr 01 13:48:00 UTC 2020 /home/travis/build/icyphy/ptII/ptolemy/actor/lib/test/auto/ExecNonZeroReturnOutput.xml
----------------- Instantiating /home/travis/build/icyphy/ptII/ptolemy/actor/lib/test/auto/ExecNonZeroReturnOutput.xml
169 ms. Memory: 556032K Free: 218616K (39%)
----------------- Invoking toplevel() on ptolemy.moml.MoMLSimpleApplication@3ca720a0
----------------- Done invoking toplevel() on ptolemy.moml.MoMLSimpleApplication@3ca720a0
reloadAllAccessors: .ExecNonZeroReturnOutput

===========================================================================================
----------------- testing Wed Apr 01 13:48:00 UTC 2020 /home/travis/build/icyphy/ptII/ptolemy/actor/lib/test/auto/ExecRunDemos.xml
----------------- Instantiating /home/travis/build/icyphy/ptII/ptolemy/actor/lib/test/auto/ExecRunDemos.xml
Finished: 88 ms. Memory: 129024K Free: 112470K (87%)

Finished: 71 ms. Memory: 129024K Free: 109453K (85%)

Finished: 106 ms. Memory: 129024K Free: 109570K (85%)

Finished: 89 ms. Memory: 129024K Free: 111005K (86%)

Finished: 74 ms. Memory: 129024K Free: 112007K (87%)

10836 ms. Memory: 556032K Free: 197624K (36%)
----------------- Invoking toplevel() on ptolemy.moml.MoMLSimpleApplication@28d3da16
----------------- Done invoking toplevel() on ptolemy.moml.MoMLSimpleApplication@28d3da16
reloadAllAccessors: .ExecRunDemos

===========================================================================================
----------------- testing Wed Apr 01 13:48:11 UTC 2020 /home/travis/build/icyphy/ptII/ptolemy/actor/lib/test/auto/ExecStop.xml
----------------- Instantiating /home/travis/build/icyphy/ptII/ptolemy/actor/lib/test/auto/ExecStop.xml
5029 ms. Memory: 556032K Free: 416160K (75%)
----------------- Invoking toplevel() on ptolemy.moml.MoMLSimpleApplication@63bef4f4
----------------- Done invoking toplevel() on ptolemy.moml.MoMLSimpleApplication@63bef4f4
reloadAllAccessors: .ExecStop

===========================================================================================
----------------- testing Wed Apr 01 13:48:16 UTC 2020 /home/travis/build/icyphy/ptII/ptolemy/actor/lib/test/auto/ExecutionTimeSDF.xml
----------------- Instantiating /home/travis/build/icyphy/ptII/ptolemy/actor/lib/test/auto/ExecutionTimeSDF.xml
Fired ExecutionTime: -380967296
Fired ExecutionTime: 1328400000
Fired ExecutionTime: -289367296
6008 ms. Memory: 556032K Free: 402848K (72%)

===========================================================================================
----------------- testing Wed Apr 01 13:48:22 UTC 2020 /home/travis/build/icyphy/ptII/ptolemy/actor/lib/test/auto/Expression1.xml
----------------- Instantiating /home/travis/build/icyphy/ptII/ptolemy/actor/lib/test/auto/Expression1.xml
2 ms. Memory: 556032K Free: 398752K (72%)
----------------- Invoking toplevel() on ptolemy.moml.MoMLSimpleApplication@751625af
----------------- Done invoking toplevel() on ptolemy.moml.MoMLSimpleApplication@751625af
reloadAllAccessors: .Expression1

===========================================================================================
----------------- testing Wed Apr 01 13:48:22 UTC 2020 /home/travis/build/icyphy/ptII/ptolemy/actor/lib/test/auto/Expression10.xml
----------------- Instantiating /home/travis/build/icyphy/ptII/ptolemy/actor/lib/test/auto/Expression10.xml
5 ms. Memory: 556032K Free: 393118K (71%)
----------------- Invoking toplevel() on ptolemy.moml.MoMLSimpleApplication@8239452
----------------- Done invoking toplevel() on ptolemy.moml.MoMLSimpleApplication@8239452
reloadAllAccessors: .Expression10

===========================================================================================
----------------- testing Wed Apr 01 13:48:22 UTC 2020 /home/travis/build/icyphy/ptII/ptolemy/actor/lib/test/auto/Expression11.xml
----------------- Instantiating /home/travis/build/icyphy/ptII/ptolemy/actor/lib/test/auto/Expression11.xml
2 ms. Memory: 556032K Free: 387998K (70%)
----------------- Invoking toplevel() on ptolemy.moml.MoMLSimpleApplication@aab814a
----------------- Done invoking toplevel() on ptolemy.moml.MoMLSimpleApplication@aab814a
reloadAllAccessors: .Expression11

===========================================================================================
----------------- testing Wed Apr 01 13:48:22 UTC 2020 /home/travis/build/icyphy/ptII/ptolemy/actor/lib/test/auto/Expression12.xml
----------------- Instantiating /home/travis/build/icyphy/ptII/ptolemy/actor/lib/test/auto/Expression12.xml
2 ms. Memory: 556032K Free: 382878K (69%)
----------------- Invoking toplevel() on ptolemy.moml.MoMLSimpleApplication@6d6cd1fc
----------------- Done invoking toplevel() on ptolemy.moml.MoMLSimpleApplication@6d6cd1fc
reloadAllAccessors: .Expression12

===========================================================================================
----------------- testing Wed Apr 01 13:48:22 UTC 2020 /home/travis/build/icyphy/ptII/ptolemy/actor/lib/test/auto/Expression13.xml
----------------- Instantiating /home/travis/build/icyphy/ptII/ptolemy/actor/lib/test/auto/Expression13.xml
3 ms. Memory: 556032K Free: 377758K (68%)
----------------- Invoking toplevel() on ptolemy.moml.MoMLSimpleApplication@2982b2f8
----------------- Done invoking toplevel() on ptolemy.moml.MoMLSimpleApplication@2982b2f8
reloadAllAccessors: .Expression13

===========================================================================================
----------------- testing Wed Apr 01 13:48:22 UTC 2020 /home/travis/build/icyphy/ptII/ptolemy/actor/lib/test/auto/Expression14.xml
----------------- Instantiating /home/travis/build/icyphy/ptII/ptolemy/actor/lib/test/auto/Expression14.xml
8 ms. Memory: 556032K Free: 371614K (67%)
----------------- Invoking toplevel() on ptolemy.moml.MoMLSimpleApplication@4c3f6be4
----------------- Done invoking toplevel() on ptolemy.moml.MoMLSimpleApplication@4c3f6be4
reloadAllAccessors: .Expression14

===========================================================================================
----------------- testing Wed Apr 01 13:48:22 UTC 2020 /home/travis/build/icyphy/ptII/ptolemy/actor/lib/test/auto/Expression15.xml
----------------- Instantiating /home/travis/build/icyphy/ptII/ptolemy/actor/lib/test/auto/Expression15.xml
1 ms. Memory: 556032K Free: 368032K (66%)
----------------- Invoking toplevel() on ptolemy.moml.MoMLSimpleApplication@7a1b3ac3
----------------- Done invoking toplevel() on ptolemy.moml.MoMLSimpleApplication@7a1b3ac3
reloadAllAccessors: .Expression15

===========================================================================================
----------------- testing Wed Apr 01 13:48:22 UTC 2020 /home/travis/build/icyphy/ptII/ptolemy/actor/lib/test/auto/Expression16.xml
----------------- Instantiating /home/travis/build/icyphy/ptII/ptolemy/actor/lib/test/auto/Expression16.xml
3 ms. Memory: 556032K Free: 362912K (65%)
----------------- Invoking toplevel() on ptolemy.moml.MoMLSimpleApplication@396bbc60
----------------- Done invoking toplevel() on ptolemy.moml.MoMLSimpleApplication@396bbc60
reloadAllAccessors: .Expression16

===========================================================================================
----------------- testing Wed Apr 01 13:48:22 UTC 2020 /home/travis/build/icyphy/ptII/ptolemy/actor/lib/test/auto/Expression17.xml
----------------- Instantiating /home/travis/build/icyphy/ptII/ptolemy/actor/lib/test/auto/Expression17.xml
3 ms. Memory: 556032K Free: 357792K (64%)
----------------- Invoking toplevel() on ptolemy.moml.MoMLSimpleApplication@70f58005
----------------- Done invoking toplevel() on ptolemy.moml.MoMLSimpleApplication@70f58005
reloadAllAccessors: .Expression17

===========================================================================================
----------------- testing Wed Apr 01 13:48:22 UTC 2020 /home/travis/build/icyphy/ptII/ptolemy/actor/lib/test/auto/Expression18.xml
----------------- Instantiating /home/travis/build/icyphy/ptII/ptolemy/actor/lib/test/auto/Expression18.xml
2 ms. Memory: 556032K Free: 353182K (64%)
----------------- Invoking toplevel() on ptolemy.moml.MoMLSimpleApplication@59bb1f40
----------------- Done invoking toplevel() on ptolemy.moml.MoMLSimpleApplication@59bb1f40
reloadAllAccessors: .Expression18

===========================================================================================
----------------- testing Wed Apr 01 13:48:22 UTC 2020 /home/travis/build/icyphy/ptII/ptolemy/actor/lib/test/auto/Expression2.xml
----------------- Instantiating /home/travis/build/icyphy/ptII/ptolemy/actor/lib/test/auto/Expression2.xml
3 ms. Memory: 556032K Free: 348062K (63%)
----------------- Invoking toplevel() on ptolemy.moml.MoMLSimpleApplication@52cadba2
----------------- Done invoking toplevel() on ptolemy.moml.MoMLSimpleApplication@52cadba2
reloadAllAccessors: .Expression2

===========================================================================================
----------------- testing Wed Apr 01 13:48:22 UTC 2020 /home/travis/build/icyphy/ptII/ptolemy/actor/lib/test/auto/Expression3.xml
----------------- Instantiating /home/travis/build/icyphy/ptII/ptolemy/actor/lib/test/auto/Expression3.xml
6 ms. Memory: 556032K Free: 342942K (62%)
----------------- Invoking toplevel() on ptolemy.moml.MoMLSimpleApplication@3ffaafeb
----------------- Done invoking toplevel() on ptolemy.moml.MoMLSimpleApplication@3ffaafeb
reloadAllAccessors: .Expression3

===========================================================================================
----------------- testing Wed Apr 01 13:48:22 UTC 2020 /home/travis/build/icyphy/ptII/ptolemy/actor/lib/test/auto/Expression4.xml
----------------- Instantiating /home/travis/build/icyphy/ptII/ptolemy/actor/lib/test/auto/Expression4.xml
4 ms. Memory: 556032K Free: 335264K (60%)
----------------- Invoking toplevel() on ptolemy.moml.MoMLSimpleApplication@40b6b84
----------------- Done invoking toplevel() on ptolemy.moml.MoMLSimpleApplication@40b6b84
reloadAllAccessors: .Expression4

===========================================================================================
----------------- testing Wed Apr 01 13:48:22 UTC 2020 /home/travis/build/icyphy/ptII/ptolemy/actor/lib/test/auto/Expression5.xml
----------------- Instantiating /home/travis/build/icyphy/ptII/ptolemy/actor/lib/test/auto/Expression5.xml
6 ms. Memory: 556032K Free: 330144K (59%)
----------------- Invoking toplevel() on ptolemy.moml.MoMLSimpleApplication@6f865862
----------------- Done invoking toplevel() on ptolemy.moml.MoMLSimpleApplication@6f865862
reloadAllAccessors: .Expression5

===========================================================================================
----------------- testing Wed Apr 01 13:48:22 UTC 2020 /home/travis/build/icyphy/ptII/ptolemy/actor/lib/test/auto/Expression6.xml
----------------- Instantiating /home/travis/build/icyphy/ptII/ptolemy/actor/lib/test/auto/Expression6.xml
2 ms. Memory: 556032K Free: 325534K (59%)
----------------- Invoking toplevel() on ptolemy.moml.MoMLSimpleApplication@dc70758
----------------- Done invoking toplevel() on ptolemy.moml.MoMLSimpleApplication@dc70758
reloadAllAccessors: .Expression6

===========================================================================================
----------------- testing Wed Apr 01 13:48:22 UTC 2020 /home/travis/build/icyphy/ptII/ptolemy/actor/lib/test/auto/Expression7.xml
----------------- Instantiating /home/travis/build/icyphy/ptII/ptolemy/actor/lib/test/auto/Expression7.xml
2 ms. Memory: 556032K Free: 320928K (58%)
----------------- Invoking toplevel() on ptolemy.moml.MoMLSimpleApplication@75bdfe83
----------------- Done invoking toplevel() on ptolemy.moml.MoMLSimpleApplication@75bdfe83
reloadAllAccessors: .Expression7

===========================================================================================
----------------- testing Wed Apr 01 13:48:23 UTC 2020 /home/travis/build/icyphy/ptII/ptolemy/actor/lib/test/auto/Expression8.xml
----------------- Instantiating /home/travis/build/icyphy/ptII/ptolemy/actor/lib/test/auto/Expression8.xml
8 ms. Memory: 556032K Free: 315808K (57%)
----------------- Invoking toplevel() on ptolemy.moml.MoMLSimpleApplication@6a46a85c
----------------- Done invoking toplevel() on ptolemy.moml.MoMLSimpleApplication@6a46a85c
reloadAllAccessors: .Expression8

===========================================================================================
----------------- testing Wed Apr 01 13:48:23 UTC 2020 /home/travis/build/icyphy/ptII/ptolemy/actor/lib/test/auto/Expression9.xml
----------------- Instantiating /home/travis/build/icyphy/ptII/ptolemy/actor/lib/test/auto/Expression9.xml
3 ms. Memory: 556032K Free: 311712K (56%)
----------------- Invoking toplevel() on ptolemy.moml.MoMLSimpleApplication@5cdfe340
----------------- Done invoking toplevel() on ptolemy.moml.MoMLSimpleApplication@5cdfe340
reloadAllAccessors: .Expression9

===========================================================================================
----------------- testing Wed Apr 01 13:48:23 UTC 2020 /home/travis/build/icyphy/ptII/ptolemy/actor/lib/test/auto/ExpressionConcatenateArrayType.xml
----------------- Instantiating /home/travis/build/icyphy/ptII/ptolemy/actor/lib/test/auto/ExpressionConcatenateArrayType.xml
3 ms. Memory: 556032K Free: 305054K (55%)
----------------- Invoking toplevel() on ptolemy.moml.MoMLSimpleApplication@5317ece0
----------------- Done invoking toplevel() on ptolemy.moml.MoMLSimpleApplication@5317ece0
reloadAllAccessors: .ExpressionConcatenateArrayType

===========================================================================================
----------------- testing Wed Apr 01 13:48:23 UTC 2020 /home/travis/build/icyphy/ptII/ptolemy/actor/lib/test/auto/ExpressionConcatenateArrayType2.xml
----------------- Instantiating /home/travis/build/icyphy/ptII/ptolemy/actor/lib/test/auto/ExpressionConcatenateArrayType2.xml
2 ms. Memory: 556032K Free: 298910K (54%)
----------------- Invoking toplevel() on ptolemy.moml.MoMLSimpleApplication@10e83f93
----------------- Done invoking toplevel() on ptolemy.moml.MoMLSimpleApplication@10e83f93
reloadAllAccessors: .ExpressionConcatenateArrayType2

===========================================================================================
----------------- testing Wed Apr 01 13:48:23 UTC 2020 /home/travis/build/icyphy/ptII/ptolemy/actor/lib/test/auto/ExpressionFix.xml
----------------- Instantiating /home/travis/build/icyphy/ptII/ptolemy/actor/lib/test/auto/ExpressionFix.xml
23 ms. Memory: 556032K Free: 292256K (53%)
----------------- Invoking toplevel() on ptolemy.moml.MoMLSimpleApplication@379c6a7b
----------------- Done invoking toplevel() on ptolemy.moml.MoMLSimpleApplication@379c6a7b
reloadAllAccessors: .ExpressionFix

===========================================================================================
----------------- testing Wed Apr 01 13:48:23 UTC 2020 /home/travis/build/icyphy/ptII/ptolemy/actor/lib/test/auto/ExpressionFix2.xml
----------------- Instantiating /home/travis/build/icyphy/ptII/ptolemy/actor/lib/test/auto/ExpressionFix2.xml
4 ms. Memory: 556032K Free: 288160K (52%)
----------------- Invoking toplevel() on ptolemy.moml.MoMLSimpleApplication@676b8a38
----------------- Done invoking toplevel() on ptolemy.moml.MoMLSimpleApplication@676b8a38
reloadAllAccessors: .ExpressionFix2

===========================================================================================
----------------- testing Wed Apr 01 13:48:23 UTC 2020 /home/travis/build/icyphy/ptII/ptolemy/actor/lib/test/auto/ExpressionFix3.xml
----------------- Instantiating /home/travis/build/icyphy/ptII/ptolemy/actor/lib/test/auto/ExpressionFix3.xml
3 ms. Memory: 556032K Free: 284064K (51%)
----------------- Invoking toplevel() on ptolemy.moml.MoMLSimpleApplication@8929f7f
----------------- Done invoking toplevel() on ptolemy.moml.MoMLSimpleApplication@8929f7f
reloadAllAccessors: .ExpressionFix3

===========================================================================================
----------------- testing Wed Apr 01 13:48:23 UTC 2020 /home/travis/build/icyphy/ptII/ptolemy/actor/lib/test/auto/FileWriter1.xml
----------------- Instantiating /home/travis/build/icyphy/ptII/ptolemy/actor/lib/test/auto/FileWriter1.xml
2 ms. Memory: 556032K Free: 279968K (50%)
----------------- Invoking toplevel() on ptolemy.moml.MoMLSimpleApplication@62db12f9
----------------- Done invoking toplevel() on ptolemy.moml.MoMLSimpleApplication@62db12f9
reloadAllAccessors: .FileWriter1

===========================================================================================
----------------- testing Wed Apr 01 13:48:23 UTC 2020 /home/travis/build/icyphy/ptII/ptolemy/actor/lib/test/auto/FileWriter2.xml
----------------- Instantiating /home/travis/build/icyphy/ptII/ptolemy/actor/lib/test/auto/FileWriter2.xml
6 ms. Memory: 556032K Free: 275344K (50%)
----------------- Invoking toplevel() on ptolemy.moml.MoMLSimpleApplication@77e6975f
----------------- Done invoking toplevel() on ptolemy.moml.MoMLSimpleApplication@77e6975f
reloadAllAccessors: .FileWriter2

===========================================================================================
----------------- testing Wed Apr 01 13:48:23 UTC 2020 /home/travis/build/icyphy/ptII/ptolemy/actor/lib/test/auto/FileWriter3.xml
----------------- Instantiating /home/travis/build/icyphy/ptII/ptolemy/actor/lib/test/auto/FileWriter3.xml
2 ms. Memory: 556032K Free: 271262K (49%)
----------------- Invoking toplevel() on ptolemy.moml.MoMLSimpleApplication@2cf9b1ad
----------------- Done invoking toplevel() on ptolemy.moml.MoMLSimpleApplication@2cf9b1ad
reloadAllAccessors: .FileWriter3

===========================================================================================
----------------- testing Wed Apr 01 13:48:23 UTC 2020 /home/travis/build/icyphy/ptII/ptolemy/actor/lib/test/auto/Gaussian.xml
----------------- Instantiating /home/travis/build/icyphy/ptII/ptolemy/actor/lib/test/auto/Gaussian.xml
4 ms. Memory: 556032K Free: 266656K (48%)
----------------- Invoking toplevel() on ptolemy.moml.MoMLSimpleApplication@16abc2e8
----------------- Done invoking toplevel() on ptolemy.moml.MoMLSimpleApplication@16abc2e8
reloadAllAccessors: .Gaussian

===========================================================================================
----------------- testing Wed Apr 01 13:48:23 UTC 2020 /home/travis/build/icyphy/ptII/ptolemy/actor/lib/test/auto/Gaussian1.xml
----------------- Instantiating /home/travis/build/icyphy/ptII/ptolemy/actor/lib/test/auto/Gaussian1.xml
8 ms. Memory: 556032K Free: 261008K (47%)
----------------- Invoking toplevel() on ptolemy.moml.MoMLSimpleApplication@78533760
----------------- Done invoking toplevel() on ptolemy.moml.MoMLSimpleApplication@78533760
reloadAllAccessors: .Gaussian1

===========================================================================================
----------------- testing Wed Apr 01 13:48:23 UTC 2020 /home/travis/build/icyphy/ptII/ptolemy/actor/lib/test/auto/Gaussian2.xml
----------------- Instantiating /home/travis/build/icyphy/ptII/ptolemy/actor/lib/test/auto/Gaussian2.xml
1 ms. Memory: 556032K Free: 255392K (46%)
----------------- Invoking toplevel() on ptolemy.moml.MoMLSimpleApplication@39c16fba
----------------- Done invoking toplevel() on ptolemy.moml.MoMLSimpleApplication@39c16fba
reloadAllAccessors: .Gaussian2

===========================================================================================
----------------- testing Wed Apr 01 13:48:23 UTC 2020 /home/travis/build/icyphy/ptII/ptolemy/actor/lib/test/auto/GradientAdaptiveLattice.xml
----------------- Instantiating /home/travis/build/icyphy/ptII/ptolemy/actor/lib/test/auto/GradientAdaptiveLattice.xml
3 ms. Memory: 556032K Free: 249758K (45%)
----------------- Invoking toplevel() on ptolemy.moml.MoMLSimpleApplication@2e0466f6
----------------- Done invoking toplevel() on ptolemy.moml.MoMLSimpleApplication@2e0466f6
reloadAllAccessors: .GradientAdaptiveLattice

===========================================================================================
----------------- testing Wed Apr 01 13:48:23 UTC 2020 /home/travis/build/icyphy/ptII/ptolemy/actor/lib/test/auto/IIR.xml
----------------- Instantiating /home/travis/build/icyphy/ptII/ptolemy/actor/lib/test/auto/IIR.xml
1 ms. Memory: 556032K Free: 245152K (44%)
----------------- Invoking toplevel() on ptolemy.moml.MoMLSimpleApplication@117882fd
----------------- Done invoking toplevel() on ptolemy.moml.MoMLSimpleApplication@117882fd
reloadAllAccessors: .IIR

===========================================================================================
----------------- testing Wed Apr 01 13:48:23 UTC 2020 /home/travis/build/icyphy/ptII/ptolemy/actor/lib/test/auto/InputOutputTransparentPorts.xml
----------------- Instantiating /home/travis/build/icyphy/ptII/ptolemy/actor/lib/test/auto/InputOutputTransparentPorts.xml
2 ms. Memory: 556032K Free: 237470K (43%)
----------------- Invoking toplevel() on ptolemy.moml.MoMLSimpleApplication@177a4858
----------------- Done invoking toplevel() on ptolemy.moml.MoMLSimpleApplication@177a4858
reloadAllAccessors: .InputOutputTransparentPorts

===========================================================================================
----------------- testing Wed Apr 01 13:48:23 UTC 2020 /home/travis/build/icyphy/ptII/ptolemy/actor/lib/test/auto/Interpolator.xml
----------------- Instantiating /home/travis/build/icyphy/ptII/ptolemy/actor/lib/test/auto/Interpolator.xml
3 ms. Memory: 556032K Free: 233374K (42%)
----------------- Invoking toplevel() on ptolemy.moml.MoMLSimpleApplication@27797efc
----------------- Done invoking toplevel() on ptolemy.moml.MoMLSimpleApplication@27797efc
reloadAllAccessors: .Interpolator

===========================================================================================
----------------- testing Wed Apr 01 13:48:23 UTC 2020 /home/travis/build/icyphy/ptII/ptolemy/actor/lib/test/auto/InterpolatorFiringLimitDE.xml
----------------- Instantiating /home/travis/build/icyphy/ptII/ptolemy/actor/lib/test/auto/InterpolatorFiringLimitDE.xml
2 ms. Memory: 556032K Free: 227230K (41%)
----------------- Invoking toplevel() on ptolemy.moml.MoMLSimpleApplication@4f4a0835
----------------- Done invoking toplevel() on ptolemy.moml.MoMLSimpleApplication@4f4a0835
reloadAllAccessors: .InterpolatorFiringLimitDE

===========================================================================================
----------------- testing Wed Apr 01 13:48:23 UTC 2020 /home/travis/build/icyphy/ptII/ptolemy/actor/lib/test/auto/Lattice.xml
----------------- Instantiating /home/travis/build/icyphy/ptII/ptolemy/actor/lib/test/auto/Lattice.xml
1 ms. Memory: 556032K Free: 223134K (40%)
----------------- Invoking toplevel() on ptolemy.moml.MoMLSimpleApplication@536714bd
----------------- Done invoking toplevel() on ptolemy.moml.MoMLSimpleApplication@536714bd
reloadAllAccessors: .Lattice

===========================================================================================
----------------- testing Wed Apr 01 13:48:23 UTC 2020 /home/travis/build/icyphy/ptII/ptolemy/actor/lib/test/auto/LazyAOCTestLazy.xml
----------------- Instantiating /home/travis/build/icyphy/ptII/ptolemy/actor/lib/test/auto/LazyAOCTestLazy.xml
7 ms. Memory: 556032K Free: 216976K (39%)
----------------- Invoking toplevel() on ptolemy.moml.MoMLSimpleApplication@940c2b7
----------------- Done invoking toplevel() on ptolemy.moml.MoMLSimpleApplication@940c2b7
reloadAllAccessors: .LazyAOCTestLazy

===========================================================================================
----------------- testing Wed Apr 01 13:48:23 UTC 2020 /home/travis/build/icyphy/ptII/ptolemy/actor/lib/test/auto/LazyAOCTestNonLazy.xml
----------------- Instantiating /home/travis/build/icyphy/ptII/ptolemy/actor/lib/test/auto/LazyAOCTestNonLazy.xml
2 ms. Memory: 556032K Free: 210336K (38%)
----------------- Invoking toplevel() on ptolemy.moml.MoMLSimpleApplication@35a5075c
----------------- Done invoking toplevel() on ptolemy.moml.MoMLSimpleApplication@35a5075c
reloadAllAccessors: .LazyAOCTestNonLazy

===========================================================================================
----------------- testing Wed Apr 01 13:48:23 UTC 2020 /home/travis/build/icyphy/ptII/ptolemy/actor/lib/test/auto/LazyInnerClass.xml
----------------- Instantiating /home/travis/build/icyphy/ptII/ptolemy/actor/lib/test/auto/LazyInnerClass.xml
11 ms. Memory: 556032K Free: 201616K (36%)
----------------- Invoking toplevel() on ptolemy.moml.MoMLSimpleApplication@2a3eca5e
----------------- Done invoking toplevel() on ptolemy.moml.MoMLSimpleApplication@2a3eca5e
reloadAllAccessors: .LazyInnerClass

===========================================================================================
----------------- testing Wed Apr 01 13:48:23 UTC 2020 /home/travis/build/icyphy/ptII/ptolemy/actor/lib/test/auto/LazyPubSub.xml
----------------- Instantiating /home/travis/build/icyphy/ptII/ptolemy/actor/lib/test/auto/LazyPubSub.xml
12 ms. Memory: 556032K Free: 190880K (34%)
----------------- Invoking toplevel() on ptolemy.moml.MoMLSimpleApplication@74bfa61
----------------- Done invoking toplevel() on ptolemy.moml.MoMLSimpleApplication@74bfa61
reloadAllAccessors: .LazyPubSub

===========================================================================================
----------------- testing Wed Apr 01 13:48:23 UTC 2020 /home/travis/build/icyphy/ptII/ptolemy/actor/lib/test/auto/LazyPubSub2.xml
----------------- Instantiating /home/travis/build/icyphy/ptII/ptolemy/actor/lib/test/auto/LazyPubSub2.xml
14 ms. Memory: 556032K Free: 181150K (33%)
----------------- Invoking toplevel() on ptolemy.moml.MoMLSimpleApplication@16c14621
----------------- Done invoking toplevel() on ptolemy.moml.MoMLSimpleApplication@16c14621
reloadAllAccessors: .LazyPubSub2

===========================================================================================
----------------- testing Wed Apr 01 13:48:23 UTC 2020 /home/travis/build/icyphy/ptII/ptolemy/actor/lib/test/auto/LazyPubSub3.xml
----------------- Instantiating /home/travis/build/icyphy/ptII/ptolemy/actor/lib/test/auto/LazyPubSub3.xml
17 ms. Memory: 556032K Free: 497574K (89%)
----------------- Invoking toplevel() on ptolemy.moml.MoMLSimpleApplication@62de09ad
----------------- Done invoking toplevel() on ptolemy.moml.MoMLSimpleApplication@62de09ad
reloadAllAccessors: .LazyPubSub3

===========================================================================================
----------------- testing Wed Apr 01 13:48:23 UTC 2020 /home/travis/build/icyphy/ptII/ptolemy/actor/lib/test/auto/LazySubClassModel.xml
----------------- Instantiating /home/travis/build/icyphy/ptII/ptolemy/actor/lib/test/auto/LazySubClassModel.xml
2 ms. Memory: 556032K Free: 487844K (88%)
----------------- Invoking toplevel() on ptolemy.moml.MoMLSimpleApplication@283dca5f
----------------- Done invoking toplevel() on ptolemy.moml.MoMLSimpleApplication@283dca5f
reloadAllAccessors: .LazySubClassModel

===========================================================================================
----------------- testing Wed Apr 01 13:48:23 UTC 2020 /home/travis/build/icyphy/ptII/ptolemy/actor/lib/test/auto/LevelCrossTest1.xml
----------------- Instantiating /home/travis/build/icyphy/ptII/ptolemy/actor/lib/test/auto/LevelCrossTest1.xml
1 ms. Memory: 556032K Free: 482214K (87%)
----------------- Invoking toplevel() on ptolemy.moml.MoMLSimpleApplication@781585a8
----------------- Done invoking toplevel() on ptolemy.moml.MoMLSimpleApplication@781585a8
reloadAllAccessors: .broken

===========================================================================================
----------------- testing Wed Apr 01 13:48:23 UTC 2020 /home/travis/build/icyphy/ptII/ptolemy/actor/lib/test/auto/LevelCrossTest10.xml
----------------- Instantiating /home/travis/build/icyphy/ptII/ptolemy/actor/lib/test/auto/LevelCrossTest10.xml
1 ms. Memory: 556032K Free: 474532K (85%)
----------------- Invoking toplevel() on ptolemy.moml.MoMLSimpleApplication@3d94ebd4
----------------- Done invoking toplevel() on ptolemy.moml.MoMLSimpleApplication@3d94ebd4
reloadAllAccessors: .LevelCrossTest10

===========================================================================================
----------------- testing Wed Apr 01 13:48:23 UTC 2020 /home/travis/build/icyphy/ptII/ptolemy/actor/lib/test/auto/LevelCrossTest11.xml
----------------- Instantiating /home/travis/build/icyphy/ptII/ptolemy/actor/lib/test/auto/LevelCrossTest11.xml
1 ms. Memory: 556032K Free: 467364K (84%)
----------------- Invoking toplevel() on ptolemy.moml.MoMLSimpleApplication@53de31e7
----------------- Done invoking toplevel() on ptolemy.moml.MoMLSimpleApplication@53de31e7
reloadAllAccessors: .LevelCrossTest11

===========================================================================================
----------------- testing Wed Apr 01 13:48:23 UTC 2020 /home/travis/build/icyphy/ptII/ptolemy/actor/lib/test/auto/LevelCrossTest12.xml
----------------- Instantiating /home/travis/build/icyphy/ptII/ptolemy/actor/lib/test/auto/LevelCrossTest12.xml
1 ms. Memory: 556032K Free: 460196K (83%)
----------------- Invoking toplevel() on ptolemy.moml.MoMLSimpleApplication@125b09ff
----------------- Done invoking toplevel() on ptolemy.moml.MoMLSimpleApplication@125b09ff
reloadAllAccessors: .LevelCrossTest12

===========================================================================================
----------------- testing Wed Apr 01 13:48:23 UTC 2020 /home/travis/build/icyphy/ptII/ptolemy/actor/lib/test/auto/LevelCrossTest13.xml
----------------- Instantiating /home/travis/build/icyphy/ptII/ptolemy/actor/lib/test/auto/LevelCrossTest13.xml
1 ms. Memory: 556032K Free: 452004K (81%)
----------------- Invoking toplevel() on ptolemy.moml.MoMLSimpleApplication@32b4ae4
----------------- Done invoking toplevel() on ptolemy.moml.MoMLSimpleApplication@32b4ae4
reloadAllAccessors: .LevelCrossTest13

===========================================================================================
----------------- testing Wed Apr 01 13:48:23 UTC 2020 /home/travis/build/icyphy/ptII/ptolemy/actor/lib/test/auto/LevelCrossTest2.xml
----------------- Instantiating /home/travis/build/icyphy/ptII/ptolemy/actor/lib/test/auto/LevelCrossTest2.xml
1 ms. Memory: 556032K Free: 446374K (80%)
----------------- Invoking toplevel() on ptolemy.moml.MoMLSimpleApplication@6209de1c
----------------- Done invoking toplevel() on ptolemy.moml.MoMLSimpleApplication@6209de1c
reloadAllAccessors: .broken

===========================================================================================
----------------- testing Wed Apr 01 13:48:23 UTC 2020 /home/travis/build/icyphy/ptII/ptolemy/actor/lib/test/auto/LevelCrossTest3.xml
----------------- Instantiating /home/travis/build/icyphy/ptII/ptolemy/actor/lib/test/auto/LevelCrossTest3.xml
1 ms. Memory: 556032K Free: 440230K (79%)
----------------- Invoking toplevel() on ptolemy.moml.MoMLSimpleApplication@6f3d4ede
----------------- Done invoking toplevel() on ptolemy.moml.MoMLSimpleApplication@6f3d4ede
reloadAllAccessors: .LevelCrossTest3

===========================================================================================
----------------- testing Wed Apr 01 13:48:23 UTC 2020 /home/travis/build/icyphy/ptII/ptolemy/actor/lib/test/auto/LevelCrossTest4.xml
----------------- Instantiating /home/travis/build/icyphy/ptII/ptolemy/actor/lib/test/auto/LevelCrossTest4.xml
2 ms. Memory: 556032K Free: 435110K (78%)
----------------- Invoking toplevel() on ptolemy.moml.MoMLSimpleApplication@78309a79
----------------- Done invoking toplevel() on ptolemy.moml.MoMLSimpleApplication@78309a79
reloadAllAccessors: .broken

===========================================================================================
----------------- testing Wed Apr 01 13:48:23 UTC 2020 /home/travis/build/icyphy/ptII/ptolemy/actor/lib/test/auto/LevelCrossTest5.xml
----------------- Instantiating /home/travis/build/icyphy/ptII/ptolemy/actor/lib/test/auto/LevelCrossTest5.xml
1 ms. Memory: 556032K Free: 427942K (77%)
----------------- Invoking toplevel() on ptolemy.moml.MoMLSimpleApplication@52eba53f
----------------- Done invoking toplevel() on ptolemy.moml.MoMLSimpleApplication@52eba53f
reloadAllAccessors: .LevelCrossTest5

===========================================================================================
----------------- testing Wed Apr 01 13:48:23 UTC 2020 /home/travis/build/icyphy/ptII/ptolemy/actor/lib/test/auto/LevelCrossTest6.xml
----------------- Instantiating /home/travis/build/icyphy/ptII/ptolemy/actor/lib/test/auto/LevelCrossTest6.xml
3 ms. Memory: 556032K Free: 420774K (76%)
----------------- Invoking toplevel() on ptolemy.moml.MoMLSimpleApplication@672b9457
----------------- Done invoking toplevel() on ptolemy.moml.MoMLSimpleApplication@672b9457
reloadAllAccessors: .LevelCrossTest6

===========================================================================================
----------------- testing Wed Apr 01 13:48:23 UTC 2020 /home/travis/build/icyphy/ptII/ptolemy/actor/lib/test/auto/LevelCrossTest7.xml
----------------- Instantiating /home/travis/build/icyphy/ptII/ptolemy/actor/lib/test/auto/LevelCrossTest7.xml
1 ms. Memory: 556032K Free: 412582K (74%)
----------------- Invoking toplevel() on ptolemy.moml.MoMLSimpleApplication@7358861a
----------------- Done invoking toplevel() on ptolemy.moml.MoMLSimpleApplication@7358861a
reloadAllAccessors: .LevelCrossTest7

===========================================================================================
----------------- testing Wed Apr 01 13:48:23 UTC 2020 /home/travis/build/icyphy/ptII/ptolemy/actor/lib/test/auto/LevelCrossTest8.xml
----------------- Instantiating /home/travis/build/icyphy/ptII/ptolemy/actor/lib/test/auto/LevelCrossTest8.xml
2 ms. Memory: 556032K Free: 405924K (73%)
----------------- Invoking toplevel() on ptolemy.moml.MoMLSimpleApplication@3015e89a
----------------- Done invoking toplevel() on ptolemy.moml.MoMLSimpleApplication@3015e89a
reloadAllAccessors: .LevelCrossTest8

===========================================================================================
----------------- testing Wed Apr 01 13:48:23 UTC 2020 /home/travis/build/icyphy/ptII/ptolemy/actor/lib/test/auto/LevelCrossTest9.xml
----------------- Instantiating /home/travis/build/icyphy/ptII/ptolemy/actor/lib/test/auto/LevelCrossTest9.xml
2 ms. Memory: 556032K Free: 397732K (72%)
----------------- Invoking toplevel() on ptolemy.moml.MoMLSimpleApplication@28b6047c
----------------- Done invoking toplevel() on ptolemy.moml.MoMLSimpleApplication@28b6047c
reloadAllAccessors: .LevelCrossTest9

===========================================================================================
----------------- testing Wed Apr 01 13:48:23 UTC 2020 /home/travis/build/icyphy/ptII/ptolemy/actor/lib/test/auto/LevinsonDurbin.xml
----------------- Instantiating /home/travis/build/icyphy/ptII/ptolemy/actor/lib/test/auto/LevinsonDurbin.xml
11 ms. Memory: 556032K Free: 393636K (71%)
----------------- Invoking toplevel() on ptolemy.moml.MoMLSimpleApplication@69aa5124
----------------- Done invoking toplevel() on ptolemy.moml.MoMLSimpleApplication@69aa5124
reloadAllAccessors: .LevinsonDurbin

===========================================================================================
----------------- testing Wed Apr 01 13:48:23 UTC 2020 /home/travis/build/icyphy/ptII/ptolemy/actor/lib/test/auto/LevinsonDurbin2.xml
----------------- Instantiating /home/travis/build/icyphy/ptII/ptolemy/actor/lib/test/auto/LevinsonDurbin2.xml
1 ms. Memory: 556032K Free: 389540K (70%)
----------------- Invoking toplevel() on ptolemy.moml.MoMLSimpleApplication@76b60062
----------------- Done invoking toplevel() on ptolemy.moml.MoMLSimpleApplication@76b60062
reloadAllAccessors: .LevinsonDurbin2

===========================================================================================
----------------- testing Wed Apr 01 13:48:23 UTC 2020 /home/travis/build/icyphy/ptII/ptolemy/actor/lib/test/auto/LevinsonDurbin3.xml
----------------- Instantiating /home/travis/build/icyphy/ptII/ptolemy/actor/lib/test/auto/LevinsonDurbin3.xml
3 ms. Memory: 556032K Free: 385444K (69%)
----------------- Invoking toplevel() on ptolemy.moml.MoMLSimpleApplication@47a05e9d
----------------- Done invoking toplevel() on ptolemy.moml.MoMLSimpleApplication@47a05e9d
reloadAllAccessors: .LevinsonDurbin3

===========================================================================================
----------------- testing Wed Apr 01 13:48:24 UTC 2020 /home/travis/build/icyphy/ptII/ptolemy/actor/lib/test/auto/Limiter.xml
----------------- Instantiating /home/travis/build/icyphy/ptII/ptolemy/actor/lib/test/auto/Limiter.xml
10 ms. Memory: 556032K Free: 376222K (68%)
----------------- Invoking toplevel() on ptolemy.moml.MoMLSimpleApplication@10b9adc4
----------------- Done invoking toplevel() on ptolemy.moml.MoMLSimpleApplication@10b9adc4
reloadAllAccessors: .Limiter

===========================================================================================
----------------- testing Wed Apr 01 13:48:24 UTC 2020 /home/travis/build/icyphy/ptII/ptolemy/actor/lib/test/auto/LinearDifferenceEquationSystem.xml
----------------- Instantiating /home/travis/build/icyphy/ptII/ptolemy/actor/lib/test/auto/LinearDifferenceEquationSystem.xml
3 ms. Memory: 556032K Free: 369060K (66%)
----------------- Invoking toplevel() on ptolemy.moml.MoMLSimpleApplication@44b8109f
----------------- Done invoking toplevel() on ptolemy.moml.MoMLSimpleApplication@44b8109f
reloadAllAccessors: .LinearDifferenceEquationSystem

===========================================================================================
----------------- testing Wed Apr 01 13:48:24 UTC 2020 /home/travis/build/icyphy/ptII/ptolemy/actor/lib/test/auto/LookupTable.xml
----------------- Instantiating /home/travis/build/icyphy/ptII/ptolemy/actor/lib/test/auto/LookupTable.xml
1 ms. Memory: 556032K Free: 364454K (66%)
----------------- Invoking toplevel() on ptolemy.moml.MoMLSimpleApplication@644bd6ad
----------------- Done invoking toplevel() on ptolemy.moml.MoMLSimpleApplication@644bd6ad
reloadAllAccessors: .LookupTable

===========================================================================================
----------------- testing Wed Apr 01 13:48:24 UTC 2020 /home/travis/build/icyphy/ptII/ptolemy/actor/lib/test/auto/MathFunction.xml
----------------- Instantiating /home/travis/build/icyphy/ptII/ptolemy/actor/lib/test/auto/MathFunction.xml
2 ms. Memory: 556032K Free: 356262K (64%)
----------------- Invoking toplevel() on ptolemy.moml.MoMLSimpleApplication@36ad12a6
----------------- Done invoking toplevel() on ptolemy.moml.MoMLSimpleApplication@36ad12a6
reloadAllAccessors: .MathFunction

===========================================================================================
----------------- testing Wed Apr 01 13:48:24 UTC 2020 /home/travis/build/icyphy/ptII/ptolemy/actor/lib/test/auto/MathFunction2.xml
----------------- Instantiating /home/travis/build/icyphy/ptII/ptolemy/actor/lib/test/auto/MathFunction2.xml
2 ms. Memory: 556032K Free: 352166K (63%)
----------------- Invoking toplevel() on ptolemy.moml.MoMLSimpleApplication@615ec08e
----------------- Done invoking toplevel() on ptolemy.moml.MoMLSimpleApplication@615ec08e
reloadAllAccessors: .MathFunction2

===========================================================================================
----------------- testing Wed Apr 01 13:48:24 UTC 2020 /home/travis/build/icyphy/ptII/ptolemy/actor/lib/test/auto/MathFunction3.xml
----------------- Instantiating /home/travis/build/icyphy/ptII/ptolemy/actor/lib/test/auto/MathFunction3.xml
2 ms. Memory: 556032K Free: 344998K (62%)
----------------- Invoking toplevel() on ptolemy.moml.MoMLSimpleApplication@1eaa2d9
----------------- Done invoking toplevel() on ptolemy.moml.MoMLSimpleApplication@1eaa2d9
reloadAllAccessors: .MathFunction3

===========================================================================================
----------------- testing Wed Apr 01 13:48:24 UTC 2020 /home/travis/build/icyphy/ptII/ptolemy/actor/lib/test/auto/MatrixCropBoolean.xml
----------------- Instantiating /home/travis/build/icyphy/ptII/ptolemy/actor/lib/test/auto/MatrixCropBoolean.xml
1 ms. Memory: 556032K Free: 339878K (61%)
----------------- Invoking toplevel() on ptolemy.moml.MoMLSimpleApplication@3187fda
----------------- Done invoking toplevel() on ptolemy.moml.MoMLSimpleApplication@3187fda
reloadAllAccessors: .MatrixCropBoolean

===========================================================================================
----------------- testing Wed Apr 01 13:48:24 UTC 2020 /home/travis/build/icyphy/ptII/ptolemy/actor/lib/test/auto/MatrixCropComplex.xml
----------------- Instantiating /home/travis/build/icyphy/ptII/ptolemy/actor/lib/test/auto/MatrixCropComplex.xml
1 ms. Memory: 556032K Free: 334758K (60%)
----------------- Invoking toplevel() on ptolemy.moml.MoMLSimpleApplication@5464fa72
----------------- Done invoking toplevel() on ptolemy.moml.MoMLSimpleApplication@5464fa72
reloadAllAccessors: .MatrixCropComplex

===========================================================================================
----------------- testing Wed Apr 01 13:48:24 UTC 2020 /home/travis/build/icyphy/ptII/ptolemy/actor/lib/test/auto/MatrixCropDouble.xml
----------------- Instantiating /home/travis/build/icyphy/ptII/ptolemy/actor/lib/test/auto/MatrixCropDouble.xml
2 ms. Memory: 556032K Free: 329638K (59%)
----------------- Invoking toplevel() on ptolemy.moml.MoMLSimpleApplication@64ff6108
----------------- Done invoking toplevel() on ptolemy.moml.MoMLSimpleApplication@64ff6108
reloadAllAccessors: .MatrixCropDouble

===========================================================================================
----------------- testing Wed Apr 01 13:48:24 UTC 2020 /home/travis/build/icyphy/ptII/ptolemy/actor/lib/test/auto/MatrixCropFix.xml
----------------- Instantiating /home/travis/build/icyphy/ptII/ptolemy/actor/lib/test/auto/MatrixCropFix.xml
1 ms. Memory: 556032K Free: 324518K (58%)
----------------- Invoking toplevel() on ptolemy.moml.MoMLSimpleApplication@3f383d39
----------------- Done invoking toplevel() on ptolemy.moml.MoMLSimpleApplication@3f383d39
reloadAllAccessors: .MatrixCropFix

===========================================================================================
----------------- testing Wed Apr 01 13:48:24 UTC 2020 /home/travis/build/icyphy/ptII/ptolemy/actor/lib/test/auto/MatrixCropInt.xml
----------------- Instantiating /home/travis/build/icyphy/ptII/ptolemy/actor/lib/test/auto/MatrixCropInt.xml
2 ms. Memory: 556032K Free: 319398K (57%)
----------------- Invoking toplevel() on ptolemy.moml.MoMLSimpleApplication@4afbfa57
----------------- Done invoking toplevel() on ptolemy.moml.MoMLSimpleApplication@4afbfa57
reloadAllAccessors: .MatrixCropInt

===========================================================================================
----------------- testing Wed Apr 01 13:48:24 UTC 2020 /home/travis/build/icyphy/ptII/ptolemy/actor/lib/test/auto/MatrixCropLong.xml
----------------- Instantiating /home/travis/build/icyphy/ptII/ptolemy/actor/lib/test/auto/MatrixCropLong.xml
2 ms. Memory: 556032K Free: 314278K (57%)
----------------- Invoking toplevel() on ptolemy.moml.MoMLSimpleApplication@74f5e2c2
----------------- Done invoking toplevel() on ptolemy.moml.MoMLSimpleApplication@74f5e2c2
reloadAllAccessors: .MatrixCropLong

===========================================================================================
----------------- testing Wed Apr 01 13:48:24 UTC 2020 /home/travis/build/icyphy/ptII/ptolemy/actor/lib/test/auto/MatrixToArray.xml
----------------- Instantiating /home/travis/build/icyphy/ptII/ptolemy/actor/lib/test/auto/MatrixToArray.xml
12 ms. Memory: 556032K Free: 298918K (54%)
----------------- Invoking toplevel() on ptolemy.moml.MoMLSimpleApplication@4371a56b
----------------- Done invoking toplevel() on ptolemy.moml.MoMLSimpleApplication@4371a56b
reloadAllAccessors: .MatrixToArray

===========================================================================================
----------------- testing Wed Apr 01 13:48:24 UTC 2020 /home/travis/build/icyphy/ptII/ptolemy/actor/lib/test/auto/MaxIndex.xml
----------------- Instantiating /home/travis/build/icyphy/ptII/ptolemy/actor/lib/test/auto/MaxIndex.xml
2 ms. Memory: 556032K Free: 293798K (53%)
----------------- Invoking toplevel() on ptolemy.moml.MoMLSimpleApplication@3ff9edc7
----------------- Done invoking toplevel() on ptolemy.moml.MoMLSimpleApplication@3ff9edc7
reloadAllAccessors: .MaxIndex

===========================================================================================
----------------- testing Wed Apr 01 13:48:24 UTC 2020 /home/travis/build/icyphy/ptII/ptolemy/actor/lib/test/auto/Maximum.xml
----------------- Instantiating /home/travis/build/icyphy/ptII/ptolemy/actor/lib/test/auto/Maximum.xml
7 ms. Memory: 556032K Free: 287110K (52%)
----------------- Invoking toplevel() on ptolemy.moml.MoMLSimpleApplication@7300f12f
----------------- Done invoking toplevel() on ptolemy.moml.MoMLSimpleApplication@7300f12f
reloadAllAccessors: .Maximum

===========================================================================================
----------------- testing Wed Apr 01 13:48:24 UTC 2020 /home/travis/build/icyphy/ptII/ptolemy/actor/lib/test/auto/MaximumComplex.xml
----------------- Instantiating /home/travis/build/icyphy/ptII/ptolemy/actor/lib/test/auto/MaximumComplex.xml
5 ms. Memory: 556032K Free: 280996K (51%)
----------------- Invoking toplevel() on ptolemy.moml.MoMLSimpleApplication@8210def
----------------- Done invoking toplevel() on ptolemy.moml.MoMLSimpleApplication@8210def
reloadAllAccessors: .MaximumComplex

===========================================================================================
----------------- testing Wed Apr 01 13:48:24 UTC 2020 /home/travis/build/icyphy/ptII/ptolemy/actor/lib/test/auto/MethodCallTest.xml
----------------- Instantiating /home/travis/build/icyphy/ptII/ptolemy/actor/lib/test/auto/MethodCallTest.xml
2 ms. Memory: 556032K Free: 274342K (49%)
----------------- Invoking toplevel() on ptolemy.moml.MoMLSimpleApplication@115c8d2b
----------------- Done invoking toplevel() on ptolemy.moml.MoMLSimpleApplication@115c8d2b
reloadAllAccessors: .MethodCallTest

===========================================================================================
----------------- testing Wed Apr 01 13:48:24 UTC 2020 /home/travis/build/icyphy/ptII/ptolemy/actor/lib/test/auto/Minimum.xml
----------------- Instantiating /home/travis/build/icyphy/ptII/ptolemy/actor/lib/test/auto/Minimum.xml
3 ms. Memory: 556032K Free: 267670K (48%)
----------------- Invoking toplevel() on ptolemy.moml.MoMLSimpleApplication@2a8707fe
----------------- Done invoking toplevel() on ptolemy.moml.MoMLSimpleApplication@2a8707fe
reloadAllAccessors: .Minimum

===========================================================================================
----------------- testing Wed Apr 01 13:48:24 UTC 2020 /home/travis/build/icyphy/ptII/ptolemy/actor/lib/test/auto/MinimumComplex.xml
----------------- Instantiating /home/travis/build/icyphy/ptII/ptolemy/actor/lib/test/auto/MinimumComplex.xml
3 ms. Memory: 556032K Free: 261510K (47%)
----------------- Invoking toplevel() on ptolemy.moml.MoMLSimpleApplication@21441072
----------------- Done invoking toplevel() on ptolemy.moml.MoMLSimpleApplication@21441072
reloadAllAccessors: .MinimumComplex

===========================================================================================
----------------- testing Wed Apr 01 13:48:24 UTC 2020 /home/travis/build/icyphy/ptII/ptolemy/actor/lib/test/auto/MinimumMultiports.xml
----------------- Instantiating /home/travis/build/icyphy/ptII/ptolemy/actor/lib/test/auto/MinimumMultiports.xml
3 ms. Memory: 556032K Free: 252838K (45%)
----------------- Invoking toplevel() on ptolemy.moml.MoMLSimpleApplication@5db17bb7
----------------- Done invoking toplevel() on ptolemy.moml.MoMLSimpleApplication@5db17bb7
reloadAllAccessors: .MinimumMultiports

===========================================================================================
----------------- testing Wed Apr 01 13:48:24 UTC 2020 /home/travis/build/icyphy/ptII/ptolemy/actor/lib/test/auto/ModifyDate.xml
----------------- Instantiating /home/travis/build/icyphy/ptII/ptolemy/actor/lib/test/auto/ModifyDate.xml
6 ms. Memory: 556032K Free: 239526K (43%)
----------------- Invoking toplevel() on ptolemy.moml.MoMLSimpleApplication@e44a45c
----------------- Done invoking toplevel() on ptolemy.moml.MoMLSimpleApplication@e44a45c
reloadAllAccessors: .ModifyDate

===========================================================================================
----------------- testing Wed Apr 01 13:48:24 UTC 2020 /home/travis/build/icyphy/ptII/ptolemy/actor/lib/test/auto/ModifyDate2.xml
----------------- Instantiating /home/travis/build/icyphy/ptII/ptolemy/actor/lib/test/auto/ModifyDate2.xml
5 ms. Memory: 556032K Free: 230820K (42%)
----------------- Invoking toplevel() on ptolemy.moml.MoMLSimpleApplication@15f57ae2
----------------- Done invoking toplevel() on ptolemy.moml.MoMLSimpleApplication@15f57ae2
reloadAllAccessors: .ModifyDate2

===========================================================================================
----------------- testing Wed Apr 01 13:48:24 UTC 2020 /home/travis/build/icyphy/ptII/ptolemy/actor/lib/test/auto/MovingAverage.xml
----------------- Instantiating /home/travis/build/icyphy/ptII/ptolemy/actor/lib/test/auto/MovingAverage.xml
1 ms. Memory: 556032K Free: 225700K (41%)
----------------- Invoking toplevel() on ptolemy.moml.MoMLSimpleApplication@1427c96f
----------------- Done invoking toplevel() on ptolemy.moml.MoMLSimpleApplication@1427c96f
reloadAllAccessors: .MovingAverage

===========================================================================================
----------------- testing Wed Apr 01 13:48:24 UTC 2020 /home/travis/build/icyphy/ptII/ptolemy/actor/lib/test/auto/MovingMaximum.xml
----------------- Instantiating /home/travis/build/icyphy/ptII/ptolemy/actor/lib/test/auto/MovingMaximum.xml
1 ms. Memory: 556032K Free: 221094K (40%)
----------------- Invoking toplevel() on ptolemy.moml.MoMLSimpleApplication@22861cfd
----------------- Done invoking toplevel() on ptolemy.moml.MoMLSimpleApplication@22861cfd
reloadAllAccessors: .MovingMaximum

===========================================================================================
----------------- testing Wed Apr 01 13:48:24 UTC 2020 /home/travis/build/icyphy/ptII/ptolemy/actor/lib/test/auto/MultipleLinksToSameRelation.xml
----------------- Instantiating /home/travis/build/icyphy/ptII/ptolemy/actor/lib/test/auto/MultipleLinksToSameRelation.xml
2 ms. Memory: 556032K Free: 216998K (39%)
----------------- Invoking toplevel() on ptolemy.moml.MoMLSimpleApplication@7c8cccd7
----------------- Done invoking toplevel() on ptolemy.moml.MoMLSimpleApplication@7c8cccd7
reloadAllAccessors: .MultipleLinksToSameRelation

===========================================================================================
----------------- testing Wed Apr 01 13:48:24 UTC 2020 /home/travis/build/icyphy/ptII/ptolemy/actor/lib/test/auto/MultipleLinksToSameRelationDE.xml
----------------- Instantiating /home/travis/build/icyphy/ptII/ptolemy/actor/lib/test/auto/MultipleLinksToSameRelationDE.xml
1 ms. Memory: 556032K Free: 212374K (38%)
----------------- Invoking toplevel() on ptolemy.moml.MoMLSimpleApplication@67b4f8a0
----------------- Done invoking toplevel() on ptolemy.moml.MoMLSimpleApplication@67b4f8a0
reloadAllAccessors: .MultipleLinksToSameRelationDE

===========================================================================================
----------------- testing Wed Apr 01 13:48:24 UTC 2020 /home/travis/build/icyphy/ptII/ptolemy/actor/lib/test/auto/Multiplexor.xml
----------------- Instantiating /home/travis/build/icyphy/ptII/ptolemy/actor/lib/test/auto/Multiplexor.xml
1 ms. Memory: 556032K Free: 206758K (37%)
----------------- Invoking toplevel() on ptolemy.moml.MoMLSimpleApplication@4719a63d
----------------- Done invoking toplevel() on ptolemy.moml.MoMLSimpleApplication@4719a63d
reloadAllAccessors: .Multiplexor

===========================================================================================
----------------- testing Wed Apr 01 13:48:24 UTC 2020 /home/travis/build/icyphy/ptII/ptolemy/actor/lib/test/auto/Multiplexor1.xml
----------------- Instantiating /home/travis/build/icyphy/ptII/ptolemy/actor/lib/test/auto/Multiplexor1.xml
2 ms. Memory: 556032K Free: 201094K (36%)
----------------- Invoking toplevel() on ptolemy.moml.MoMLSimpleApplication@2db5726a
----------------- Done invoking toplevel() on ptolemy.moml.MoMLSimpleApplication@2db5726a
reloadAllAccessors: .Multiplexor1

===========================================================================================
----------------- testing Wed Apr 01 13:48:24 UTC 2020 /home/travis/build/icyphy/ptII/ptolemy/actor/lib/test/auto/Multiplexor2.xml
----------------- Instantiating /home/travis/build/icyphy/ptII/ptolemy/actor/lib/test/auto/Multiplexor2.xml
2 ms. Memory: 556032K Free: 194470K (35%)
----------------- Invoking toplevel() on ptolemy.moml.MoMLSimpleApplication@14129a57
----------------- Done invoking toplevel() on ptolemy.moml.MoMLSimpleApplication@14129a57
reloadAllAccessors: .Multiplexor2

===========================================================================================
----------------- testing Wed Apr 01 13:48:24 UTC 2020 /home/travis/build/icyphy/ptII/ptolemy/actor/lib/test/auto/Multiplexor3.xml
----------------- Instantiating /home/travis/build/icyphy/ptII/ptolemy/actor/lib/test/auto/Multiplexor3.xml
2 ms. Memory: 556032K Free: 190374K (34%)
----------------- Invoking toplevel() on ptolemy.moml.MoMLSimpleApplication@51f52417
----------------- Done invoking toplevel() on ptolemy.moml.MoMLSimpleApplication@51f52417
reloadAllAccessors: .Multiplexor3

===========================================================================================
----------------- testing Wed Apr 01 13:48:24 UTC 2020 /home/travis/build/icyphy/ptII/ptolemy/actor/lib/test/auto/MultiplexorDE.xml
----------------- Instantiating /home/travis/build/icyphy/ptII/ptolemy/actor/lib/test/auto/MultiplexorDE.xml
2 ms. Memory: 556032K Free: 182662K (33%)
----------------- Invoking toplevel() on ptolemy.moml.MoMLSimpleApplication@618e742a
----------------- Done invoking toplevel() on ptolemy.moml.MoMLSimpleApplication@618e742a
reloadAllAccessors: .MultiplexorDE

===========================================================================================
----------------- testing Wed Apr 01 13:48:24 UTC 2020 /home/travis/build/icyphy/ptII/ptolemy/actor/lib/test/auto/MultiportBroadcastTest.xml
----------------- Instantiating /home/travis/build/icyphy/ptII/ptolemy/actor/lib/test/auto/MultiportBroadcastTest.xml
91 ms. Memory: 556032K Free: 503129K (90%)
----------------- Invoking toplevel() on ptolemy.moml.MoMLSimpleApplication@771eb87f
----------------- Done invoking toplevel() on ptolemy.moml.MoMLSimpleApplication@771eb87f
reloadAllAccessors: .MultiportBroadcastTest

===========================================================================================
----------------- testing Wed Apr 01 13:48:24 UTC 2020 /home/travis/build/icyphy/ptII/ptolemy/actor/lib/test/auto/MultiportOutHangDuringGetWidth.xml
----------------- Instantiating /home/travis/build/icyphy/ptII/ptolemy/actor/lib/test/auto/MultiportOutHangDuringGetWidth.xml
7 ms. Memory: 556032K Free: 490833K (88%)
----------------- Invoking toplevel() on ptolemy.moml.MoMLSimpleApplication@1e161812
----------------- Done invoking toplevel() on ptolemy.moml.MoMLSimpleApplication@1e161812
reloadAllAccessors: .MultiportOutHangDuringGetWidth

===========================================================================================
----------------- testing Wed Apr 01 13:48:24 UTC 2020 /home/travis/build/icyphy/ptII/ptolemy/actor/lib/test/auto/NilToken.xml
----------------- Instantiating /home/travis/build/icyphy/ptII/ptolemy/actor/lib/test/auto/NilToken.xml
1 ms. Memory: 556032K Free: 486751K (88%)
----------------- Invoking toplevel() on ptolemy.moml.MoMLSimpleApplication@29b994d7
----------------- Done invoking toplevel() on ptolemy.moml.MoMLSimpleApplication@29b994d7
reloadAllAccessors: .NilToken

===========================================================================================
----------------- testing Wed Apr 01 13:48:24 UTC 2020 /home/travis/build/icyphy/ptII/ptolemy/actor/lib/test/auto/NilTokenNonStrictTest.xml
----------------- Instantiating /home/travis/build/icyphy/ptII/ptolemy/actor/lib/test/auto/NilTokenNonStrictTest.xml
2 ms. Memory: 556032K Free: 481631K (87%)
----------------- Invoking toplevel() on ptolemy.moml.MoMLSimpleApplication@34b06390
----------------- Done invoking toplevel() on ptolemy.moml.MoMLSimpleApplication@34b06390
reloadAllAccessors: .NilTokenNonStrictTest

===========================================================================================
----------------- testing Wed Apr 01 13:48:24 UTC 2020 /home/travis/build/icyphy/ptII/ptolemy/actor/lib/test/auto/NilTokenRecord.xml
----------------- Instantiating /home/travis/build/icyphy/ptII/ptolemy/actor/lib/test/auto/NilTokenRecord.xml
6 ms. Memory: 556032K Free: 474977K (85%)
----------------- Invoking toplevel() on ptolemy.moml.MoMLSimpleApplication@3e604ebd
----------------- Done invoking toplevel() on ptolemy.moml.MoMLSimpleApplication@3e604ebd
reloadAllAccessors: .NilTokenRecord

===========================================================================================
----------------- testing Wed Apr 01 13:48:24 UTC 2020 /home/travis/build/icyphy/ptII/ptolemy/actor/lib/test/auto/NilTokenTypeTest.xml
----------------- Instantiating /home/travis/build/icyphy/ptII/ptolemy/actor/lib/test/auto/NilTokenTypeTest.xml
9 ms. Memory: 556032K Free: 465247K (84%)
----------------- Invoking toplevel() on ptolemy.moml.MoMLSimpleApplication@711baa86
----------------- Done invoking toplevel() on ptolemy.moml.MoMLSimpleApplication@711baa86
reloadAllAccessors: .NilTokenTypeTest

===========================================================================================
----------------- testing Wed Apr 01 13:48:24 UTC 2020 /home/travis/build/icyphy/ptII/ptolemy/actor/lib/test/auto/ObjectToken1.xml
----------------- Instantiating /home/travis/build/icyphy/ptII/ptolemy/actor/lib/test/auto/ObjectToken1.xml
2 ms. Memory: 556032K Free: 461151K (83%)
----------------- Invoking toplevel() on ptolemy.moml.MoMLSimpleApplication@373da95f
----------------- Done invoking toplevel() on ptolemy.moml.MoMLSimpleApplication@373da95f
reloadAllAccessors: .ObjectToken1

===========================================================================================
----------------- testing Wed Apr 01 13:48:24 UTC 2020 /home/travis/build/icyphy/ptII/ptolemy/actor/lib/test/auto/OrderedMerge.xml
----------------- Instantiating /home/travis/build/icyphy/ptII/ptolemy/actor/lib/test/auto/OrderedMerge.xml
9 ms. Memory: 556032K Free: 455521K (82%)
----------------- Invoking toplevel() on ptolemy.moml.MoMLSimpleApplication@513ce079
----------------- Done invoking toplevel() on ptolemy.moml.MoMLSimpleApplication@513ce079
reloadAllAccessors: .OrderedMerge

===========================================================================================
----------------- testing Wed Apr 01 13:48:24 UTC 2020 /home/travis/build/icyphy/ptII/ptolemy/actor/lib/test/auto/OrderedRecordDisassembler.xml
----------------- Instantiating /home/travis/build/icyphy/ptII/ptolemy/actor/lib/test/auto/OrderedRecordDisassembler.xml
3 ms. Memory: 556032K Free: 450401K (81%)
----------------- Invoking toplevel() on ptolemy.moml.MoMLSimpleApplication@68b26830
----------------- Done invoking toplevel() on ptolemy.moml.MoMLSimpleApplication@68b26830
reloadAllAccessors: .OrderedRecordDisassembler

===========================================================================================
----------------- testing Wed Apr 01 13:48:24 UTC 2020 /home/travis/build/icyphy/ptII/ptolemy/actor/lib/test/auto/OrderedRecordDisassembler2.xml
----------------- Instantiating /home/travis/build/icyphy/ptII/ptolemy/actor/lib/test/auto/OrderedRecordDisassembler2.xml
4 ms. Memory: 556032K Free: 442705K (80%)
----------------- Invoking toplevel() on ptolemy.moml.MoMLSimpleApplication@547e8d19
----------------- Done invoking toplevel() on ptolemy.moml.MoMLSimpleApplication@547e8d19
reloadAllAccessors: .OrderedRecordDisassembler2

===========================================================================================
----------------- testing Wed Apr 01 13:48:25 UTC 2020 /home/travis/build/icyphy/ptII/ptolemy/actor/lib/test/auto/OrderedRecordUpdater.xml
----------------- Instantiating /home/travis/build/icyphy/ptII/ptolemy/actor/lib/test/auto/OrderedRecordUpdater.xml
2 ms. Memory: 556032K Free: 437599K (79%)
----------------- Invoking toplevel() on ptolemy.moml.MoMLSimpleApplication@779549f
----------------- Done invoking toplevel() on ptolemy.moml.MoMLSimpleApplication@779549f
reloadAllAccessors: .RecordUpdater

===========================================================================================
----------------- testing Wed Apr 01 13:48:25 UTC 2020 /home/travis/build/icyphy/ptII/ptolemy/actor/lib/test/auto/OrderedRecordUpdater2.xml
----------------- Instantiating /home/travis/build/icyphy/ptII/ptolemy/actor/lib/test/auto/OrderedRecordUpdater2.xml
3 ms. Memory: 556032K Free: 431969K (78%)
----------------- Invoking toplevel() on ptolemy.moml.MoMLSimpleApplication@43f949f8
----------------- Done invoking toplevel() on ptolemy.moml.MoMLSimpleApplication@43f949f8
reloadAllAccessors: .RecordUpdater2

===========================================================================================
----------------- testing Wed Apr 01 13:48:25 UTC 2020 /home/travis/build/icyphy/ptII/ptolemy/actor/lib/test/auto/PhaseUnwrap.xml
----------------- Instantiating /home/travis/build/icyphy/ptII/ptolemy/actor/lib/test/auto/PhaseUnwrap.xml
2 ms. Memory: 556032K Free: 427359K (77%)
----------------- Invoking toplevel() on ptolemy.moml.MoMLSimpleApplication@1810ce02
----------------- Done invoking toplevel() on ptolemy.moml.MoMLSimpleApplication@1810ce02
reloadAllAccessors: .PhaseUnwrap

===========================================================================================
----------------- testing Wed Apr 01 13:48:25 UTC 2020 /home/travis/build/icyphy/ptII/ptolemy/actor/lib/test/auto/PoissonClock.xml
----------------- Instantiating /home/travis/build/icyphy/ptII/ptolemy/actor/lib/test/auto/PoissonClock.xml
2 ms. Memory: 556032K Free: 423263K (76%)
----------------- Invoking toplevel() on ptolemy.moml.MoMLSimpleApplication@14eedc5f
----------------- Done invoking toplevel() on ptolemy.moml.MoMLSimpleApplication@14eedc5f
reloadAllAccessors: .PoissonClock

===========================================================================================
----------------- testing Wed Apr 01 13:48:25 UTC 2020 /home/travis/build/icyphy/ptII/ptolemy/actor/lib/test/auto/PoissonClock2.xml
----------------- Instantiating /home/travis/build/icyphy/ptII/ptolemy/actor/lib/test/auto/PoissonClock2.xml
1 ms. Memory: 556032K Free: 418657K (75%)
----------------- Invoking toplevel() on ptolemy.moml.MoMLSimpleApplication@2635774a
----------------- Done invoking toplevel() on ptolemy.moml.MoMLSimpleApplication@2635774a
reloadAllAccessors: .PoissonClock2

===========================================================================================
----------------- testing Wed Apr 01 13:48:25 UTC 2020 /home/travis/build/icyphy/ptII/ptolemy/actor/lib/test/auto/PoissonClock3.xml
----------------- Instantiating /home/travis/build/icyphy/ptII/ptolemy/actor/lib/test/auto/PoissonClock3.xml
1 ms. Memory: 556032K Free: 414047K (74%)
----------------- Invoking toplevel() on ptolemy.moml.MoMLSimpleApplication@edad254
----------------- Done invoking toplevel() on ptolemy.moml.MoMLSimpleApplication@edad254
reloadAllAccessors: .PoissonClock3

===========================================================================================
----------------- testing Wed Apr 01 13:48:25 UTC 2020 /home/travis/build/icyphy/ptII/ptolemy/actor/lib/test/auto/PubSubWithInitialTokens.xml
----------------- Instantiating /home/travis/build/icyphy/ptII/ptolemy/actor/lib/test/auto/PubSubWithInitialTokens.xml
2 ms. Memory: 556032K Free: 408417K (73%)
----------------- Invoking toplevel() on ptolemy.moml.MoMLSimpleApplication@2cb47c3a
----------------- Done invoking toplevel() on ptolemy.moml.MoMLSimpleApplication@2cb47c3a
reloadAllAccessors: .PubSubWithInitialTokens

===========================================================================================
----------------- testing Wed Apr 01 13:48:25 UTC 2020 /home/travis/build/icyphy/ptII/ptolemy/actor/lib/test/auto/PubSubWithInitialTokens2.xml
----------------- Instantiating /home/travis/build/icyphy/ptII/ptolemy/actor/lib/test/auto/PubSubWithInitialTokens2.xml
2 ms. Memory: 556032K Free: 402273K (72%)
----------------- Invoking toplevel() on ptolemy.moml.MoMLSimpleApplication@6042d86f
----------------- Done invoking toplevel() on ptolemy.moml.MoMLSimpleApplication@6042d86f
reloadAllAccessors: .PubSubWithInitialTokens2

===========================================================================================
----------------- testing Wed Apr 01 13:48:25 UTC 2020 /home/travis/build/icyphy/ptII/ptolemy/actor/lib/test/auto/PublisherClassNoParameter.xml
----------------- Instantiating /home/travis/build/icyphy/ptII/ptolemy/actor/lib/test/auto/PublisherClassNoParameter.xml
2 ms. Memory: 556032K Free: 392537K (71%)
----------------- Invoking toplevel() on ptolemy.moml.MoMLSimpleApplication@64767031
----------------- Done invoking toplevel() on ptolemy.moml.MoMLSimpleApplication@64767031
reloadAllAccessors: .PublisherClassNoParameter

===========================================================================================
----------------- testing Wed Apr 01 13:48:25 UTC 2020 /home/travis/build/icyphy/ptII/ptolemy/actor/lib/test/auto/PublisherClassParameter.xml
----------------- Instantiating /home/travis/build/icyphy/ptII/ptolemy/actor/lib/test/auto/PublisherClassParameter.xml
2 ms. Memory: 556032K Free: 382297K (69%)
----------------- Invoking toplevel() on ptolemy.moml.MoMLSimpleApplication@70bc84d2
----------------- Done invoking toplevel() on ptolemy.moml.MoMLSimpleApplication@70bc84d2
reloadAllAccessors: .PublisherClassParameter

===========================================================================================
----------------- testing Wed Apr 01 13:48:25 UTC 2020 /home/travis/build/icyphy/ptII/ptolemy/actor/lib/test/auto/PublisherNonStrictTest.xml
----------------- Instantiating /home/travis/build/icyphy/ptII/ptolemy/actor/lib/test/auto/PublisherNonStrictTest.xml
3 ms. Memory: 556032K Free: 374105K (67%)
----------------- Invoking toplevel() on ptolemy.moml.MoMLSimpleApplication@765917f5
----------------- Done invoking toplevel() on ptolemy.moml.MoMLSimpleApplication@765917f5
reloadAllAccessors: .PublisherNonStrictTest

===========================================================================================
----------------- testing Wed Apr 01 13:48:25 UTC 2020 /home/travis/build/icyphy/ptII/ptolemy/actor/lib/test/auto/PublisherPort1.xml
----------------- Instantiating /home/travis/build/icyphy/ptII/ptolemy/actor/lib/test/auto/PublisherPort1.xml
13 ms. Memory: 556032K Free: 368481K (66%)
----------------- Invoking toplevel() on ptolemy.moml.MoMLSimpleApplication@615c680e
----------------- Done invoking toplevel() on ptolemy.moml.MoMLSimpleApplication@615c680e
reloadAllAccessors: .PublisherPort1

===========================================================================================
----------------- testing Wed Apr 01 13:48:25 UTC 2020 /home/travis/build/icyphy/ptII/ptolemy/actor/lib/test/auto/PublisherPort2.xml
----------------- Instantiating /home/travis/build/icyphy/ptII/ptolemy/actor/lib/test/auto/PublisherPort2.xml
1 ms. Memory: 556032K Free: 363361K (65%)
----------------- Invoking toplevel() on ptolemy.moml.MoMLSimpleApplication@23c0025c
----------------- Done invoking toplevel() on ptolemy.moml.MoMLSimpleApplication@23c0025c
reloadAllAccessors: .PublisherPort2

===========================================================================================
----------------- testing Wed Apr 01 13:48:25 UTC 2020 /home/travis/build/icyphy/ptII/ptolemy/actor/lib/test/auto/PublisherPort3.xml
----------------- Instantiating /home/travis/build/icyphy/ptII/ptolemy/actor/lib/test/auto/PublisherPort3.xml
3 ms. Memory: 556032K Free: 356673K (64%)
----------------- Invoking toplevel() on ptolemy.moml.MoMLSimpleApplication@1c165c87
----------------- Done invoking toplevel() on ptolemy.moml.MoMLSimpleApplication@1c165c87
reloadAllAccessors: .PublisherPort3

===========================================================================================
----------------- testing Wed Apr 01 13:48:25 UTC 2020 /home/travis/build/icyphy/ptII/ptolemy/actor/lib/test/auto/PublisherPort4.xml
----------------- Instantiating /home/travis/build/icyphy/ptII/ptolemy/actor/lib/test/auto/PublisherPort4.xml
2 ms. Memory: 556032K Free: 351073K (63%)
----------------- Invoking toplevel() on ptolemy.moml.MoMLSimpleApplication@64fb415b
----------------- Done invoking toplevel() on ptolemy.moml.MoMLSimpleApplication@64fb415b
reloadAllAccessors: .PublisherPort4

===========================================================================================
----------------- testing Wed Apr 01 13:48:25 UTC 2020 /home/travis/build/icyphy/ptII/ptolemy/actor/lib/test/auto/PublisherPort5.xml
----------------- Instantiating /home/travis/build/icyphy/ptII/ptolemy/actor/lib/test/auto/PublisherPort5.xml
6 ms. Memory: 556032K Free: 343391K (62%)
----------------- Invoking toplevel() on ptolemy.moml.MoMLSimpleApplication@4d843e70
----------------- Done invoking toplevel() on ptolemy.moml.MoMLSimpleApplication@4d843e70
reloadAllAccessors: .PublisherPort5

===========================================================================================
----------------- testing Wed Apr 01 13:48:25 UTC 2020 /home/travis/build/icyphy/ptII/ptolemy/actor/lib/test/auto/PublisherPort5LookAlike.xml
----------------- Instantiating /home/travis/build/icyphy/ptII/ptolemy/actor/lib/test/auto/PublisherPort5LookAlike.xml
7 ms. Memory: 556032K Free: 335713K (60%)
----------------- Invoking toplevel() on ptolemy.moml.MoMLSimpleApplication@2236c5c2
----------------- Done invoking toplevel() on ptolemy.moml.MoMLSimpleApplication@2236c5c2
reloadAllAccessors: .PublisherPort5LookAlike

===========================================================================================
----------------- testing Wed Apr 01 13:48:25 UTC 2020 /home/travis/build/icyphy/ptII/ptolemy/actor/lib/test/auto/PublisherPort6.xml
----------------- Instantiating /home/travis/build/icyphy/ptII/ptolemy/actor/lib/test/auto/PublisherPort6.xml
2 ms. Memory: 556032K Free: 329041K (59%)
----------------- Invoking toplevel() on ptolemy.moml.MoMLSimpleApplication@bb16c77
----------------- Done invoking toplevel() on ptolemy.moml.MoMLSimpleApplication@bb16c77
reloadAllAccessors: .PublisherPort6

===========================================================================================
----------------- testing Wed Apr 01 13:48:25 UTC 2020 /home/travis/build/icyphy/ptII/ptolemy/actor/lib/test/auto/PublisherPort7.xml
----------------- Instantiating /home/travis/build/icyphy/ptII/ptolemy/actor/lib/test/auto/PublisherPort7.xml
4 ms. Memory: 556032K Free: 321377K (58%)
----------------- Invoking toplevel() on ptolemy.moml.MoMLSimpleApplication@1466884f
----------------- Done invoking toplevel() on ptolemy.moml.MoMLSimpleApplication@1466884f
reloadAllAccessors: .PublisherPort7

===========================================================================================
----------------- testing Wed Apr 01 13:48:25 UTC 2020 /home/travis/build/icyphy/ptII/ptolemy/actor/lib/test/auto/PublisherPort8.xml
----------------- Instantiating /home/travis/build/icyphy/ptII/ptolemy/actor/lib/test/auto/PublisherPort8.xml
4 ms. Memory: 556032K Free: 312671K (56%)
----------------- Invoking toplevel() on ptolemy.moml.MoMLSimpleApplication@313309c5
----------------- Done invoking toplevel() on ptolemy.moml.MoMLSimpleApplication@313309c5
reloadAllAccessors: .PublisherPort8

===========================================================================================
----------------- testing Wed Apr 01 13:48:25 UTC 2020 /home/travis/build/icyphy/ptII/ptolemy/actor/lib/test/auto/PublisherPortSubscriberChannelVariablesAOC2.xml
----------------- Instantiating /home/travis/build/icyphy/ptII/ptolemy/actor/lib/test/auto/PublisherPortSubscriberChannelVariablesAOC2.xml
3 ms. Memory: 556032K Free: 294753K (53%)
----------------- Invoking toplevel() on ptolemy.moml.MoMLSimpleApplication@245f0ca8
----------------- Done invoking toplevel() on ptolemy.moml.MoMLSimpleApplication@245f0ca8
reloadAllAccessors: .PublisherPortSubscriberChannelVariablesAOC2

===========================================================================================
----------------- testing Wed Apr 01 13:48:25 UTC 2020 /home/travis/build/icyphy/ptII/ptolemy/actor/lib/test/auto/PublisherPortSubscriberOpaqueWidthInference.xml
----------------- Instantiating /home/travis/build/icyphy/ptII/ptolemy/actor/lib/test/auto/PublisherPortSubscriberOpaqueWidthInference.xml
4 ms. Memory: 556032K Free: 287057K (52%)
----------------- Invoking toplevel() on ptolemy.moml.MoMLSimpleApplication@1a934b4f
----------------- Done invoking toplevel() on ptolemy.moml.MoMLSimpleApplication@1a934b4f
reloadAllAccessors: .PublisherPortSubscriberOpaqueWidthInference

===========================================================================================
----------------- testing Wed Apr 01 13:48:25 UTC 2020 /home/travis/build/icyphy/ptII/ptolemy/actor/lib/test/auto/PublisherPortSubscriberPortAdjacent.xml
----------------- Instantiating /home/travis/build/icyphy/ptII/ptolemy/actor/lib/test/auto/PublisherPortSubscriberPortAdjacent.xml
2 ms. Memory: 556032K Free: 278879K (50%)
----------------- Invoking toplevel() on ptolemy.moml.MoMLSimpleApplication@377e01b3
----------------- Done invoking toplevel() on ptolemy.moml.MoMLSimpleApplication@377e01b3
reloadAllAccessors: .PublisherPortSubscriberPortAdjacent

===========================================================================================
----------------- testing Wed Apr 01 13:48:25 UTC 2020 /home/travis/build/icyphy/ptII/ptolemy/actor/lib/test/auto/PublisherPortSubscriberPortExpression.xml
----------------- Instantiating /home/travis/build/icyphy/ptII/ptolemy/actor/lib/test/auto/PublisherPortSubscriberPortExpression.xml
4 ms. Memory: 556032K Free: 271201K (49%)
----------------- Invoking toplevel() on ptolemy.moml.MoMLSimpleApplication@6eafd6b8
----------------- Done invoking toplevel() on ptolemy.moml.MoMLSimpleApplication@6eafd6b8
reloadAllAccessors: .PublisherPortSubscriberPortExpression

===========================================================================================
----------------- testing Wed Apr 01 13:48:25 UTC 2020 /home/travis/build/icyphy/ptII/ptolemy/actor/lib/test/auto/PublisherPortSubscriberPortOpaqueD3Reverse.xml
----------------- Instantiating /home/travis/build/icyphy/ptII/ptolemy/actor/lib/test/auto/PublisherPortSubscriberPortOpaqueD3Reverse.xml
6 ms. Memory: 556032K Free: 260961K (47%)
----------------- Invoking toplevel() on ptolemy.moml.MoMLSimpleApplication@53888480
----------------- Done invoking toplevel() on ptolemy.moml.MoMLSimpleApplication@53888480
reloadAllAccessors: .PublisherPortSubscriberPortOpaqueD3Reverse

===========================================================================================
----------------- testing Wed Apr 01 13:48:25 UTC 2020 /home/travis/build/icyphy/ptII/ptolemy/actor/lib/test/auto/PublisherPortSubscriberPortOpaqueWidthInference.xml
----------------- Instantiating /home/travis/build/icyphy/ptII/ptolemy/actor/lib/test/auto/PublisherPortSubscriberPortOpaqueWidthInference.xml
3 ms. Memory: 556032K Free: 252769K (45%)
----------------- Invoking toplevel() on ptolemy.moml.MoMLSimpleApplication@3f210e79
----------------- Done invoking toplevel() on ptolemy.moml.MoMLSimpleApplication@3f210e79
reloadAllAccessors: .PublisherPortSubscriberPortOpaqueWidthInference

===========================================================================================
----------------- testing Wed Apr 01 13:48:25 UTC 2020 /home/travis/build/icyphy/ptII/ptolemy/actor/lib/test/auto/PublisherPortToplevelSubscriberPortAOC.xml
----------------- Instantiating /home/travis/build/icyphy/ptII/ptolemy/actor/lib/test/auto/PublisherPortToplevelSubscriberPortAOC.xml
.PublisherPortToplevelSubscriberPortAOC.TestExceptionAttribute: initialize() was not invoked, but wrapup() was.  This is unusual, but not always a problem.  For example, exporting JNLP will do this.
1 ms. Memory: 556032K Free: 247135K (44%)
----------------- Invoking toplevel() on ptolemy.moml.MoMLSimpleApplication@18ad7038
----------------- Done invoking toplevel() on ptolemy.moml.MoMLSimpleApplication@18ad7038
reloadAllAccessors: .PublisherPortToplevelSubscriberPortAOC

===========================================================================================
----------------- testing Wed Apr 01 13:48:25 UTC 2020 /home/travis/build/icyphy/ptII/ptolemy/actor/lib/test/auto/PublisherSubscriber.xml
----------------- Instantiating /home/travis/build/icyphy/ptII/ptolemy/actor/lib/test/auto/PublisherSubscriber.xml
3 ms. Memory: 556032K Free: 239457K (43%)
----------------- Invoking toplevel() on ptolemy.moml.MoMLSimpleApplication@1d6dd730
----------------- Done invoking toplevel() on ptolemy.moml.MoMLSimpleApplication@1d6dd730
reloadAllAccessors: .PublisherSubscriber

===========================================================================================
----------------- testing Wed Apr 01 13:48:25 UTC 2020 /home/travis/build/icyphy/ptII/ptolemy/actor/lib/test/auto/PublisherSubscriber10.xml
----------------- Instantiating /home/travis/build/icyphy/ptII/ptolemy/actor/lib/test/auto/PublisherSubscriber10.xml
7 ms. Memory: 556032K Free: 229727K (41%)
----------------- Invoking toplevel() on ptolemy.moml.MoMLSimpleApplication@5375b07d
----------------- Done invoking toplevel() on ptolemy.moml.MoMLSimpleApplication@5375b07d
reloadAllAccessors: .PublisherSubscriber10

===========================================================================================
----------------- testing Wed Apr 01 13:48:25 UTC 2020 /home/travis/build/icyphy/ptII/ptolemy/actor/lib/test/auto/PublisherSubscriber10InitialOutputs.xml
----------------- Instantiating /home/travis/build/icyphy/ptII/ptolemy/actor/lib/test/auto/PublisherSubscriber10InitialOutputs.xml
16 ms. Memory: 556032K Free: 220511K (40%)
----------------- Invoking toplevel() on ptolemy.moml.MoMLSimpleApplication@39a00534
----------------- Done invoking toplevel() on ptolemy.moml.MoMLSimpleApplication@39a00534
reloadAllAccessors: .PublisherSubscriber10InitialOutputs

===========================================================================================
----------------- testing Wed Apr 01 13:48:25 UTC 2020 /home/travis/build/icyphy/ptII/ptolemy/actor/lib/test/auto/PublisherSubscriber11.xml
----------------- Instantiating /home/travis/build/icyphy/ptII/ptolemy/actor/lib/test/auto/PublisherSubscriber11.xml
3 ms. Memory: 556032K Free: 214337K (39%)
----------------- Invoking toplevel() on ptolemy.moml.MoMLSimpleApplication@6461b9ec
----------------- Done invoking toplevel() on ptolemy.moml.MoMLSimpleApplication@6461b9ec
reloadAllAccessors: .PublisherSubscriber11

===========================================================================================
----------------- testing Wed Apr 01 13:48:25 UTC 2020 /home/travis/build/icyphy/ptII/ptolemy/actor/lib/test/auto/PublisherSubscriber12.xml
----------------- Instantiating /home/travis/build/icyphy/ptII/ptolemy/actor/lib/test/auto/PublisherSubscriber12.xml
5 ms. Memory: 556032K Free: 207199K (37%)
----------------- Invoking toplevel() on ptolemy.moml.MoMLSimpleApplication@6a545c88
----------------- Done invoking toplevel() on ptolemy.moml.MoMLSimpleApplication@6a545c88
reloadAllAccessors: .PublisherSubscriber12

===========================================================================================
----------------- testing Wed Apr 01 13:48:25 UTC 2020 /home/travis/build/icyphy/ptII/ptolemy/actor/lib/test/auto/PublisherSubscriber13.xml
----------------- Instantiating /home/travis/build/icyphy/ptII/ptolemy/actor/lib/test/auto/PublisherSubscriber13.xml
2 ms. Memory: 556032K Free: 201569K (36%)
----------------- Invoking toplevel() on ptolemy.moml.MoMLSimpleApplication@398b29d1
----------------- Done invoking toplevel() on ptolemy.moml.MoMLSimpleApplication@398b29d1
reloadAllAccessors: .PublisherSubscriber13

===========================================================================================
----------------- testing Wed Apr 01 13:48:25 UTC 2020 /home/travis/build/icyphy/ptII/ptolemy/actor/lib/test/auto/PublisherSubscriber14.xml
----------------- Instantiating /home/travis/build/icyphy/ptII/ptolemy/actor/lib/test/auto/PublisherSubscriber14.xml
1 ms. Memory: 556032K Free: 192849K (35%)
----------------- Invoking toplevel() on ptolemy.moml.MoMLSimpleApplication@78c5f483
----------------- Done invoking toplevel() on ptolemy.moml.MoMLSimpleApplication@78c5f483
reloadAllAccessors: .PublisherSubscriber14

===========================================================================================
----------------- testing Wed Apr 01 13:48:25 UTC 2020 /home/travis/build/icyphy/ptII/ptolemy/actor/lib/test/auto/PublisherSubscriber2.xml
----------------- Instantiating /home/travis/build/icyphy/ptII/ptolemy/actor/lib/test/auto/PublisherSubscriber2.xml
3 ms. Memory: 556032K Free: 187233K (34%)
----------------- Invoking toplevel() on ptolemy.moml.MoMLSimpleApplication@4bde6b62
----------------- Done invoking toplevel() on ptolemy.moml.MoMLSimpleApplication@4bde6b62
reloadAllAccessors: .PublisherSubscriber2

===========================================================================================
----------------- testing Wed Apr 01 13:48:25 UTC 2020 /home/travis/build/icyphy/ptII/ptolemy/actor/lib/test/auto/PublisherSubscriber3.xml
----------------- Instantiating /home/travis/build/icyphy/ptII/ptolemy/actor/lib/test/auto/PublisherSubscriber3.xml
2 ms. Memory: 556032K Free: 181569K (33%)
----------------- Invoking toplevel() on ptolemy.moml.MoMLSimpleApplication@22c5e650
----------------- Done invoking toplevel() on ptolemy.moml.MoMLSimpleApplication@22c5e650
reloadAllAccessors: .PublisherSubscriber3

===========================================================================================
----------------- testing Wed Apr 01 13:48:25 UTC 2020 /home/travis/build/icyphy/ptII/ptolemy/actor/lib/test/auto/PublisherSubscriber4.xml
----------------- Instantiating /home/travis/build/icyphy/ptII/ptolemy/actor/lib/test/auto/PublisherSubscriber4.xml
2 ms. Memory: 556032K Free: 503089K (90%)
----------------- Invoking toplevel() on ptolemy.moml.MoMLSimpleApplication@7956569f
----------------- Done invoking toplevel() on ptolemy.moml.MoMLSimpleApplication@7956569f
reloadAllAccessors: .PublisherSubscriber4

===========================================================================================
----------------- testing Wed Apr 01 13:48:25 UTC 2020 /home/travis/build/icyphy/ptII/ptolemy/actor/lib/test/auto/PublisherSubscriber5.xml
----------------- Instantiating /home/travis/build/icyphy/ptII/ptolemy/actor/lib/test/auto/PublisherSubscriber5.xml
2 ms. Memory: 556032K Free: 495937K (89%)
----------------- Invoking toplevel() on ptolemy.moml.MoMLSimpleApplication@5919246f
----------------- Done invoking toplevel() on ptolemy.moml.MoMLSimpleApplication@5919246f
reloadAllAccessors: .PublisherSubscriber5

===========================================================================================
----------------- testing Wed Apr 01 13:48:25 UTC 2020 /home/travis/build/icyphy/ptII/ptolemy/actor/lib/test/auto/PublisherSubscriber6.xml
----------------- Instantiating /home/travis/build/icyphy/ptII/ptolemy/actor/lib/test/auto/PublisherSubscriber6.xml
2 ms. Memory: 556032K Free: 489297K (88%)
----------------- Invoking toplevel() on ptolemy.moml.MoMLSimpleApplication@4907ebdb
----------------- Done invoking toplevel() on ptolemy.moml.MoMLSimpleApplication@4907ebdb
reloadAllAccessors: .PublisherSubscriber6

===========================================================================================
----------------- testing Wed Apr 01 13:48:25 UTC 2020 /home/travis/build/icyphy/ptII/ptolemy/actor/lib/test/auto/PublisherSubscriber7.xml
----------------- Instantiating /home/travis/build/icyphy/ptII/ptolemy/actor/lib/test/auto/PublisherSubscriber7.xml
3 ms. Memory: 556032K Free: 482129K (87%)
----------------- Invoking toplevel() on ptolemy.moml.MoMLSimpleApplication@78aed6cb
----------------- Done invoking toplevel() on ptolemy.moml.MoMLSimpleApplication@78aed6cb
reloadAllAccessors: .PublisherSubscriber7

===========================================================================================
----------------- testing Wed Apr 01 13:48:25 UTC 2020 /home/travis/build/icyphy/ptII/ptolemy/actor/lib/test/auto/PublisherSubscriber8.xml
----------------- Instantiating /home/travis/build/icyphy/ptII/ptolemy/actor/lib/test/auto/PublisherSubscriber8.xml
10 ms. Memory: 556032K Free: 470351K (85%)
----------------- Invoking toplevel() on ptolemy.moml.MoMLSimpleApplication@49b160c8
----------------- Done invoking toplevel() on ptolemy.moml.MoMLSimpleApplication@49b160c8
reloadAllAccessors: .PublisherSubscriber8

===========================================================================================
----------------- testing Wed Apr 01 13:48:25 UTC 2020 /home/travis/build/icyphy/ptII/ptolemy/actor/lib/test/auto/PublisherSubscriber9.xml
----------------- Instantiating /home/travis/build/icyphy/ptII/ptolemy/actor/lib/test/auto/PublisherSubscriber9.xml
3 ms. Memory: 556032K Free: 463183K (83%)
----------------- Invoking toplevel() on ptolemy.moml.MoMLSimpleApplication@512772d9
----------------- Done invoking toplevel() on ptolemy.moml.MoMLSimpleApplication@512772d9
reloadAllAccessors: .PublisherSubscriber9

===========================================================================================
----------------- testing Wed Apr 01 13:48:25 UTC 2020 /home/travis/build/icyphy/ptII/ptolemy/actor/lib/test/auto/PublisherSubscriberAdjacent.xml
----------------- Instantiating /home/travis/build/icyphy/ptII/ptolemy/actor/lib/test/auto/PublisherSubscriberAdjacent.xml
1 ms. Memory: 556032K Free: 454991K (82%)
----------------- Invoking toplevel() on ptolemy.moml.MoMLSimpleApplication@48660ea1
----------------- Done invoking toplevel() on ptolemy.moml.MoMLSimpleApplication@48660ea1
reloadAllAccessors: .PublisherSubscriberAdjacent

===========================================================================================
----------------- testing Wed Apr 01 13:48:25 UTC 2020 /home/travis/build/icyphy/ptII/ptolemy/actor/lib/test/auto/PublisherSubscriberChannelVariablesAOC2.xml
----------------- Instantiating /home/travis/build/icyphy/ptII/ptolemy/actor/lib/test/auto/PublisherSubscriberChannelVariablesAOC2.xml
3 ms. Memory: 556032K Free: 439617K (79%)
----------------- Invoking toplevel() on ptolemy.moml.MoMLSimpleApplication@63b0d1b4
----------------- Done invoking toplevel() on ptolemy.moml.MoMLSimpleApplication@63b0d1b4
reloadAllAccessors: .PublisherSubscriberChannelVariablesAOC2

===========================================================================================
----------------- testing Wed Apr 01 13:48:25 UTC 2020 /home/travis/build/icyphy/ptII/ptolemy/actor/lib/test/auto/PublisherSubscriberD3.xml
----------------- Instantiating /home/travis/build/icyphy/ptII/ptolemy/actor/lib/test/auto/PublisherSubscriberD3.xml
2 ms. Memory: 556032K Free: 432463K (78%)
----------------- Invoking toplevel() on ptolemy.moml.MoMLSimpleApplication@1d4d4f56
----------------- Done invoking toplevel() on ptolemy.moml.MoMLSimpleApplication@1d4d4f56
reloadAllAccessors: .PublisherSubscriberD3

===========================================================================================
----------------- testing Wed Apr 01 13:48:25 UTC 2020 /home/travis/build/icyphy/ptII/ptolemy/actor/lib/test/auto/PublisherSubscriberD3Reverse.xml
----------------- Instantiating /home/travis/build/icyphy/ptII/ptolemy/actor/lib/test/auto/PublisherSubscriberD3Reverse.xml
2 ms. Memory: 556032K Free: 426319K (77%)
----------------- Invoking toplevel() on ptolemy.moml.MoMLSimpleApplication@26749020
----------------- Done invoking toplevel() on ptolemy.moml.MoMLSimpleApplication@26749020
reloadAllAccessors: .PublisherSubscriberD3Reverse

===========================================================================================
----------------- testing Wed Apr 01 13:48:25 UTC 2020 /home/travis/build/icyphy/ptII/ptolemy/actor/lib/test/auto/PublisherSubscriberExpression.xml
----------------- Instantiating /home/travis/build/icyphy/ptII/ptolemy/actor/lib/test/auto/PublisherSubscriberExpression.xml
3 ms. Memory: 556032K Free: 418113K (75%)
----------------- Invoking toplevel() on ptolemy.moml.MoMLSimpleApplication@305c0021
----------------- Done invoking toplevel() on ptolemy.moml.MoMLSimpleApplication@305c0021
reloadAllAccessors: .PublisherSubscriberExpression

===========================================================================================
----------------- testing Wed Apr 01 13:48:25 UTC 2020 /home/travis/build/icyphy/ptII/ptolemy/actor/lib/test/auto/PublisherSubscriberOpaque.xml
----------------- Instantiating /home/travis/build/icyphy/ptII/ptolemy/actor/lib/test/auto/PublisherSubscriberOpaque.xml
4 ms. Memory: 556032K Free: 409935K (74%)
----------------- Invoking toplevel() on ptolemy.moml.MoMLSimpleApplication@4e06d32c
----------------- Done invoking toplevel() on ptolemy.moml.MoMLSimpleApplication@4e06d32c
reloadAllAccessors: .PublisherSubscriberOpaque

===========================================================================================
----------------- testing Wed Apr 01 13:48:25 UTC 2020 /home/travis/build/icyphy/ptII/ptolemy/actor/lib/test/auto/PublisherSubscriberOpaqueD3.xml
----------------- Instantiating /home/travis/build/icyphy/ptII/ptolemy/actor/lib/test/auto/PublisherSubscriberOpaqueD3.xml
5 ms. Memory: 556032K Free: 398161K (72%)
----------------- Invoking toplevel() on ptolemy.moml.MoMLSimpleApplication@111f7069
----------------- Done invoking toplevel() on ptolemy.moml.MoMLSimpleApplication@111f7069
reloadAllAccessors: .PublisherSubscriberOpaqueD3

===========================================================================================
----------------- testing Wed Apr 01 13:48:26 UTC 2020 /home/travis/build/icyphy/ptII/ptolemy/actor/lib/test/auto/PublisherSubscriberOpaqueD3Reverse.xml
----------------- Instantiating /home/travis/build/icyphy/ptII/ptolemy/actor/lib/test/auto/PublisherSubscriberOpaqueD3Reverse.xml
8 ms. Memory: 556032K Free: 387407K (70%)
----------------- Invoking toplevel() on ptolemy.moml.MoMLSimpleApplication@675e22a8
----------------- Done invoking toplevel() on ptolemy.moml.MoMLSimpleApplication@675e22a8
reloadAllAccessors: .PublisherSubscriberOpaqueD3Reverse

===========================================================================================
----------------- testing Wed Apr 01 13:48:26 UTC 2020 /home/travis/build/icyphy/ptII/ptolemy/actor/lib/test/auto/PublisherSubscriberOpaqueWidthInference.xml
----------------- Instantiating /home/travis/build/icyphy/ptII/ptolemy/actor/lib/test/auto/PublisherSubscriberOpaqueWidthInference.xml
4 ms. Memory: 556032K Free: 378705K (68%)
----------------- Invoking toplevel() on ptolemy.moml.MoMLSimpleApplication@1dc76839
----------------- Done invoking toplevel() on ptolemy.moml.MoMLSimpleApplication@1dc76839
reloadAllAccessors: .PublisherSubscriberOpaqueWidthInference

===========================================================================================
----------------- testing Wed Apr 01 13:48:26 UTC 2020 /home/travis/build/icyphy/ptII/ptolemy/actor/lib/test/auto/PublisherTestSubscriber.xml
----------------- Instantiating /home/travis/build/icyphy/ptII/ptolemy/actor/lib/test/auto/PublisherTestSubscriber.xml
3 ms. Memory: 556032K Free: 371017K (67%)
----------------- Invoking toplevel() on ptolemy.moml.MoMLSimpleApplication@1d787986
----------------- Done invoking toplevel() on ptolemy.moml.MoMLSimpleApplication@1d787986
reloadAllAccessors: .PublisherTestSubscriber

===========================================================================================
----------------- testing Wed Apr 01 13:48:26 UTC 2020 /home/travis/build/icyphy/ptII/ptolemy/actor/lib/test/auto/PublisherToplevelSubscriberPortAOC.xml
----------------- Instantiating /home/travis/build/icyphy/ptII/ptolemy/actor/lib/test/auto/PublisherToplevelSubscriberPortAOC.xml
2 ms. Memory: 556032K Free: 364369K (66%)
----------------- Invoking toplevel() on ptolemy.moml.MoMLSimpleApplication@6eefa519
----------------- Done invoking toplevel() on ptolemy.moml.MoMLSimpleApplication@6eefa519
reloadAllAccessors: .PublisherToplevelSubscriberPortAOC

===========================================================================================
----------------- testing Wed Apr 01 13:48:26 UTC 2020 /home/travis/build/icyphy/ptII/ptolemy/actor/lib/test/auto/PulseFiringLimitDE.xml
----------------- Instantiating /home/travis/build/icyphy/ptII/ptolemy/actor/lib/test/auto/PulseFiringLimitDE.xml
2 ms. Memory: 556032K Free: 358225K (64%)
----------------- Invoking toplevel() on ptolemy.moml.MoMLSimpleApplication@23c22060
----------------- Done invoking toplevel() on ptolemy.moml.MoMLSimpleApplication@23c22060
reloadAllAccessors: .PulseFiringLimitDE

===========================================================================================
----------------- testing Wed Apr 01 13:48:26 UTC 2020 /home/travis/build/icyphy/ptII/ptolemy/actor/lib/test/auto/Ramp1.xml
----------------- Instantiating /home/travis/build/icyphy/ptII/ptolemy/actor/lib/test/auto/Ramp1.xml
1 ms. Memory: 556032K Free: 354129K (64%)
----------------- Invoking toplevel() on ptolemy.moml.MoMLSimpleApplication@5a2ee8fa
----------------- Done invoking toplevel() on ptolemy.moml.MoMLSimpleApplication@5a2ee8fa
reloadAllAccessors: .Ramp1

===========================================================================================
----------------- testing Wed Apr 01 13:48:26 UTC 2020 /home/travis/build/icyphy/ptII/ptolemy/actor/lib/test/auto/RampFiringLimitDE.xml
----------------- Instantiating /home/travis/build/icyphy/ptII/ptolemy/actor/lib/test/auto/RampFiringLimitDE.xml
2 ms. Memory: 556032K Free: 347985K (63%)
----------------- Invoking toplevel() on ptolemy.moml.MoMLSimpleApplication@50d1bba3
----------------- Done invoking toplevel() on ptolemy.moml.MoMLSimpleApplication@50d1bba3
reloadAllAccessors: .RampFiringLimitDE

===========================================================================================
----------------- testing Wed Apr 01 13:48:26 UTC 2020 /home/travis/build/icyphy/ptII/ptolemy/actor/lib/test/auto/RampFiringLimitSDF.xml
----------------- Instantiating /home/travis/build/icyphy/ptII/ptolemy/actor/lib/test/auto/RampFiringLimitSDF.xml
2 ms. Memory: 556032K Free: 342865K (62%)
----------------- Invoking toplevel() on ptolemy.moml.MoMLSimpleApplication@7aa8c935
----------------- Done invoking toplevel() on ptolemy.moml.MoMLSimpleApplication@7aa8c935
reloadAllAccessors: .RampFiringLimitSDF

===========================================================================================
----------------- testing Wed Apr 01 13:48:26 UTC 2020 /home/travis/build/icyphy/ptII/ptolemy/actor/lib/test/auto/RandomInteger.xml
----------------- Instantiating /home/travis/build/icyphy/ptII/ptolemy/actor/lib/test/auto/RandomInteger.xml
1 ms. Memory: 556032K Free: 338769K (61%)
----------------- Invoking toplevel() on ptolemy.moml.MoMLSimpleApplication@71d6e378
----------------- Done invoking toplevel() on ptolemy.moml.MoMLSimpleApplication@71d6e378
reloadAllAccessors: .RandomInteger

===========================================================================================
----------------- testing Wed Apr 01 13:48:26 UTC 2020 /home/travis/build/icyphy/ptII/ptolemy/actor/lib/test/auto/ReadFile1.xml
----------------- Instantiating /home/travis/build/icyphy/ptII/ptolemy/actor/lib/test/auto/ReadFile1.xml
2 ms. Memory: 556032K Free: 334159K (60%)
----------------- Invoking toplevel() on ptolemy.moml.MoMLSimpleApplication@5992c455
----------------- Done invoking toplevel() on ptolemy.moml.MoMLSimpleApplication@5992c455
reloadAllAccessors: .ReadFile1

===========================================================================================
----------------- testing Wed Apr 01 13:48:26 UTC 2020 /home/travis/build/icyphy/ptII/ptolemy/actor/lib/test/auto/ReadFile2.xml
----------------- Instantiating /home/travis/build/icyphy/ptII/ptolemy/actor/lib/test/auto/ReadFile2.xml
1 ms. Memory: 556032K Free: 330063K (59%)
----------------- Invoking toplevel() on ptolemy.moml.MoMLSimpleApplication@51d9be05
----------------- Done invoking toplevel() on ptolemy.moml.MoMLSimpleApplication@51d9be05
reloadAllAccessors: .ReadFile2

===========================================================================================
----------------- testing Wed Apr 01 13:48:26 UTC 2020 /home/travis/build/icyphy/ptII/ptolemy/actor/lib/test/auto/Reader.xml
----------------- Instantiating /home/travis/build/icyphy/ptII/ptolemy/actor/lib/test/auto/Reader.xml
actor.lib.Reader is obsolete, use actor.lib.io.ExpressionReader instead
5 ms. Memory: 556032K Free: 325457K (59%)
----------------- Invoking toplevel() on ptolemy.moml.MoMLSimpleApplication@7486dd57
----------------- Done invoking toplevel() on ptolemy.moml.MoMLSimpleApplication@7486dd57
reloadAllAccessors: .Reader

===========================================================================================
----------------- testing Wed Apr 01 13:48:26 UTC 2020 /home/travis/build/icyphy/ptII/ptolemy/actor/lib/test/auto/RecordAssemblerDisplayNameTest.xml
----------------- Instantiating /home/travis/build/icyphy/ptII/ptolemy/actor/lib/test/auto/RecordAssemblerDisplayNameTest.xml
3312 ms. Memory: 556032K Free: 406353K (73%)
----------------- Invoking toplevel() on ptolemy.moml.MoMLSimpleApplication@10290d7
----------------- Done invoking toplevel() on ptolemy.moml.MoMLSimpleApplication@10290d7
reloadAllAccessors: .RecordAssemblerDisplayNameTest

===========================================================================================
----------------- testing Wed Apr 01 13:48:29 UTC 2020 /home/travis/build/icyphy/ptII/ptolemy/actor/lib/test/auto/RecordAssemblerTypeError.xml
----------------- Instantiating /home/travis/build/icyphy/ptII/ptolemy/actor/lib/test/auto/RecordAssemblerTypeError.xml
5 ms. Memory: 556032K Free: 396623K (71%)
----------------- Invoking toplevel() on ptolemy.moml.MoMLSimpleApplication@1f57761e
----------------- Done invoking toplevel() on ptolemy.moml.MoMLSimpleApplication@1f57761e
reloadAllAccessors: .RecordAssemblerTypeError

===========================================================================================
----------------- testing Wed Apr 01 13:48:29 UTC 2020 /home/travis/build/icyphy/ptII/ptolemy/actor/lib/test/auto/RecordDisassember.xml
----------------- Instantiating /home/travis/build/icyphy/ptII/ptolemy/actor/lib/test/auto/RecordDisassember.xml
3 ms. Memory: 556032K Free: 392017K (71%)
----------------- Invoking toplevel() on ptolemy.moml.MoMLSimpleApplication@31e8d49d
----------------- Done invoking toplevel() on ptolemy.moml.MoMLSimpleApplication@31e8d49d
reloadAllAccessors: .RecordDisassember

===========================================================================================
----------------- testing Wed Apr 01 13:48:29 UTC 2020 /home/travis/build/icyphy/ptII/ptolemy/actor/lib/test/auto/RecordDisassemberDisplayNameTest.xml
----------------- Instantiating /home/travis/build/icyphy/ptII/ptolemy/actor/lib/test/auto/RecordDisassemberDisplayNameTest.xml
5 ms. Memory: 556032K Free: 384335K (69%)
----------------- Invoking toplevel() on ptolemy.moml.MoMLSimpleApplication@2ae7a238
----------------- Done invoking toplevel() on ptolemy.moml.MoMLSimpleApplication@2ae7a238
reloadAllAccessors: .RecordDisassemberDisplayNameTest

===========================================================================================
----------------- testing Wed Apr 01 13:48:29 UTC 2020 /home/travis/build/icyphy/ptII/ptolemy/actor/lib/test/auto/RecordDisassembler.xml
----------------- Instantiating /home/travis/build/icyphy/ptII/ptolemy/actor/lib/test/auto/RecordDisassembler.xml
2 ms. Memory: 556032K Free: 378705K (68%)
----------------- Invoking toplevel() on ptolemy.moml.MoMLSimpleApplication@4553e08b
----------------- Done invoking toplevel() on ptolemy.moml.MoMLSimpleApplication@4553e08b
reloadAllAccessors: .RecordDisassembler

===========================================================================================
----------------- testing Wed Apr 01 13:48:29 UTC 2020 /home/travis/build/icyphy/ptII/ptolemy/actor/lib/test/auto/RecordDisassembler2.xml
----------------- Instantiating /home/travis/build/icyphy/ptII/ptolemy/actor/lib/test/auto/RecordDisassembler2.xml
3 ms. Memory: 556032K Free: 373585K (67%)
----------------- Invoking toplevel() on ptolemy.moml.MoMLSimpleApplication@52389566
----------------- Done invoking toplevel() on ptolemy.moml.MoMLSimpleApplication@52389566
reloadAllAccessors: .RecordDisassembler2

===========================================================================================
----------------- testing Wed Apr 01 13:48:29 UTC 2020 /home/travis/build/icyphy/ptII/ptolemy/actor/lib/test/auto/RecordUpdater.xml
----------------- Instantiating /home/travis/build/icyphy/ptII/ptolemy/actor/lib/test/auto/RecordUpdater.xml
2 ms. Memory: 556032K Free: 368975K (66%)
----------------- Invoking toplevel() on ptolemy.moml.MoMLSimpleApplication@2efe81d2
----------------- Done invoking toplevel() on ptolemy.moml.MoMLSimpleApplication@2efe81d2
reloadAllAccessors: .RecordUpdater

===========================================================================================
----------------- testing Wed Apr 01 13:48:29 UTC 2020 /home/travis/build/icyphy/ptII/ptolemy/actor/lib/test/auto/RecordUpdater2.xml
----------------- Instantiating /home/travis/build/icyphy/ptII/ptolemy/actor/lib/test/auto/RecordUpdater2.xml
3 ms. Memory: 556032K Free: 363855K (65%)
----------------- Invoking toplevel() on ptolemy.moml.MoMLSimpleApplication@23ef82ae
----------------- Done invoking toplevel() on ptolemy.moml.MoMLSimpleApplication@23ef82ae
reloadAllAccessors: .RecordUpdater2

===========================================================================================
----------------- testing Wed Apr 01 13:48:29 UTC 2020 /home/travis/build/icyphy/ptII/ptolemy/actor/lib/test/auto/RecursiveLattice.xml
----------------- Instantiating /home/travis/build/icyphy/ptII/ptolemy/actor/lib/test/auto/RecursiveLattice.xml
1 ms. Memory: 556032K Free: 359759K (65%)
----------------- Invoking toplevel() on ptolemy.moml.MoMLSimpleApplication@5bbdca1c
----------------- Done invoking toplevel() on ptolemy.moml.MoMLSimpleApplication@5bbdca1c
reloadAllAccessors: .RecursiveLattice

===========================================================================================
----------------- testing Wed Apr 01 13:48:29 UTC 2020 /home/travis/build/icyphy/ptII/ptolemy/actor/lib/test/auto/Router.xml
----------------- Instantiating /home/travis/build/icyphy/ptII/ptolemy/actor/lib/test/auto/Router.xml
3004 ms. Memory: 556032K Free: 349009K (63%)
----------------- Invoking toplevel() on ptolemy.moml.MoMLSimpleApplication@72f47800
----------------- Done invoking toplevel() on ptolemy.moml.MoMLSimpleApplication@72f47800
reloadAllAccessors: .Router

===========================================================================================
----------------- testing Wed Apr 01 13:48:32 UTC 2020 /home/travis/build/icyphy/ptII/ptolemy/actor/lib/test/auto/Router2.xml
----------------- Instantiating /home/travis/build/icyphy/ptII/ptolemy/actor/lib/test/auto/Router2.xml
3003 ms. Memory: 556032K Free: 338255K (61%)
----------------- Invoking toplevel() on ptolemy.moml.MoMLSimpleApplication@4c250e40
----------------- Done invoking toplevel() on ptolemy.moml.MoMLSimpleApplication@4c250e40
reloadAllAccessors: .Router2

===========================================================================================
----------------- testing Wed Apr 01 13:48:35 UTC 2020 /home/travis/build/icyphy/ptII/ptolemy/actor/lib/test/auto/RunningMaximum.xml
----------------- Instantiating /home/travis/build/icyphy/ptII/ptolemy/actor/lib/test/auto/RunningMaximum.xml
3 ms. Memory: 556032K Free: 333135K (60%)
----------------- Invoking toplevel() on ptolemy.moml.MoMLSimpleApplication@644e8c4f
----------------- Done invoking toplevel() on ptolemy.moml.MoMLSimpleApplication@644e8c4f
reloadAllAccessors: .RunningMaximum

===========================================================================================
----------------- testing Wed Apr 01 13:48:35 UTC 2020 /home/travis/build/icyphy/ptII/ptolemy/actor/lib/test/auto/RunningMinimum.xml
----------------- Instantiating /home/travis/build/icyphy/ptII/ptolemy/actor/lib/test/auto/RunningMinimum.xml
9 ms. Memory: 556032K Free: 328529K (59%)
----------------- Invoking toplevel() on ptolemy.moml.MoMLSimpleApplication@7e7df1df
----------------- Done invoking toplevel() on ptolemy.moml.MoMLSimpleApplication@7e7df1df
reloadAllAccessors: .RunningMinimum

===========================================================================================
----------------- testing Wed Apr 01 13:48:35 UTC 2020 /home/travis/build/icyphy/ptII/ptolemy/actor/lib/test/auto/Scale.xml
----------------- Instantiating /home/travis/build/icyphy/ptII/ptolemy/actor/lib/test/auto/Scale.xml
1 ms. Memory: 556032K Free: 323919K (58%)
----------------- Invoking toplevel() on ptolemy.moml.MoMLSimpleApplication@6b3f666b
----------------- Done invoking toplevel() on ptolemy.moml.MoMLSimpleApplication@6b3f666b
reloadAllAccessors: .Scale

===========================================================================================
----------------- testing Wed Apr 01 13:48:35 UTC 2020 /home/travis/build/icyphy/ptII/ptolemy/actor/lib/test/auto/Scale2.xml
----------------- Instantiating /home/travis/build/icyphy/ptII/ptolemy/actor/lib/test/auto/Scale2.xml
2 ms. Memory: 556032K Free: 319313K (57%)
----------------- Invoking toplevel() on ptolemy.moml.MoMLSimpleApplication@73c6cb60
----------------- Done invoking toplevel() on ptolemy.moml.MoMLSimpleApplication@73c6cb60
reloadAllAccessors: .Scale2

===========================================================================================
----------------- testing Wed Apr 01 13:48:35 UTC 2020 /home/travis/build/icyphy/ptII/ptolemy/actor/lib/test/auto/Scale3.xml
----------------- Instantiating /home/travis/build/icyphy/ptII/ptolemy/actor/lib/test/auto/Scale3.xml
2 ms. Memory: 556032K Free: 313169K (56%)
----------------- Invoking toplevel() on ptolemy.moml.MoMLSimpleApplication@5bb1905f
----------------- Done invoking toplevel() on ptolemy.moml.MoMLSimpleApplication@5bb1905f
reloadAllAccessors: .Scale3

===========================================================================================
----------------- testing Wed Apr 01 13:48:35 UTC 2020 /home/travis/build/icyphy/ptII/ptolemy/actor/lib/test/auto/ScaleArray.xml
----------------- Instantiating /home/travis/build/icyphy/ptII/ptolemy/actor/lib/test/auto/ScaleArray.xml
2 ms. Memory: 556032K Free: 308559K (55%)
----------------- Invoking toplevel() on ptolemy.moml.MoMLSimpleApplication@5d49990c
----------------- Done invoking toplevel() on ptolemy.moml.MoMLSimpleApplication@5d49990c
reloadAllAccessors: .ScaleArray

===========================================================================================
----------------- testing Wed Apr 01 13:48:35 UTC 2020 /home/travis/build/icyphy/ptII/ptolemy/actor/lib/test/auto/ScaleArray2.xml
----------------- Instantiating /home/travis/build/icyphy/ptII/ptolemy/actor/lib/test/auto/ScaleArray2.xml
1 ms. Memory: 556032K Free: 303953K (55%)
----------------- Invoking toplevel() on ptolemy.moml.MoMLSimpleApplication@130a155a
----------------- Done invoking toplevel() on ptolemy.moml.MoMLSimpleApplication@130a155a
reloadAllAccessors: .ScaleArray2

===========================================================================================
----------------- testing Wed Apr 01 13:48:35 UTC 2020 /home/travis/build/icyphy/ptII/ptolemy/actor/lib/test/auto/ScaleMatrix.xml
----------------- Instantiating /home/travis/build/icyphy/ptII/ptolemy/actor/lib/test/auto/ScaleMatrix.xml
108 ms. Memory: 556032K Free: 289103K (52%)
----------------- Invoking toplevel() on ptolemy.moml.MoMLSimpleApplication@210d34d9
----------------- Done invoking toplevel() on ptolemy.moml.MoMLSimpleApplication@210d34d9
reloadAllAccessors: .ScaleMatrix

===========================================================================================
----------------- testing Wed Apr 01 13:48:35 UTC 2020 /home/travis/build/icyphy/ptII/ptolemy/actor/lib/test/auto/Select.xml
----------------- Instantiating /home/travis/build/icyphy/ptII/ptolemy/actor/lib/test/auto/Select.xml
3 ms. Memory: 556032K Free: 282945K (51%)
----------------- Invoking toplevel() on ptolemy.moml.MoMLSimpleApplication@28171a64
----------------- Done invoking toplevel() on ptolemy.moml.MoMLSimpleApplication@28171a64
reloadAllAccessors: .Select

===========================================================================================
----------------- testing Wed Apr 01 13:48:35 UTC 2020 /home/travis/build/icyphy/ptII/ptolemy/actor/lib/test/auto/Select2.xml
----------------- Instantiating /home/travis/build/icyphy/ptII/ptolemy/actor/lib/test/auto/Select2.xml
1 ms. Memory: 556032K Free: 278353K (50%)
----------------- Invoking toplevel() on ptolemy.moml.MoMLSimpleApplication@1f9212a6
----------------- Done invoking toplevel() on ptolemy.moml.MoMLSimpleApplication@1f9212a6
reloadAllAccessors: .Select2

===========================================================================================
----------------- testing Wed Apr 01 13:48:35 UTC 2020 /home/travis/build/icyphy/ptII/ptolemy/actor/lib/test/auto/SequenceToArray2.xml
----------------- Instantiating /home/travis/build/icyphy/ptII/ptolemy/actor/lib/test/auto/SequenceToArray2.xml
105 ms. Memory: 556032K Free: 254287K (46%)
----------------- Invoking toplevel() on ptolemy.moml.MoMLSimpleApplication@45ec31f9
----------------- Done invoking toplevel() on ptolemy.moml.MoMLSimpleApplication@45ec31f9
reloadAllAccessors: .SequenceToArray2

===========================================================================================
----------------- testing Wed Apr 01 13:48:36 UTC 2020 /home/travis/build/icyphy/ptII/ptolemy/actor/lib/test/auto/SequentialClock.xml
----------------- Instantiating /home/travis/build/icyphy/ptII/ptolemy/actor/lib/test/auto/SequentialClock.xml
1 ms. Memory: 556032K Free: 250191K (45%)
----------------- Invoking toplevel() on ptolemy.moml.MoMLSimpleApplication@2dc936fa
----------------- Done invoking toplevel() on ptolemy.moml.MoMLSimpleApplication@2dc936fa
reloadAllAccessors: .SequentialClock

===========================================================================================
----------------- testing Wed Apr 01 13:48:36 UTC 2020 /home/travis/build/icyphy/ptII/ptolemy/actor/lib/test/auto/SetVariable.xml
----------------- Instantiating /home/travis/build/icyphy/ptII/ptolemy/actor/lib/test/auto/SetVariable.xml
4 ms. Memory: 556032K Free: 245071K (44%)
----------------- Invoking toplevel() on ptolemy.moml.MoMLSimpleApplication@2db79254
----------------- Done invoking toplevel() on ptolemy.moml.MoMLSimpleApplication@2db79254
reloadAllAccessors: .SetVariable

===========================================================================================
----------------- testing Wed Apr 01 13:48:36 UTC 2020 /home/travis/build/icyphy/ptII/ptolemy/actor/lib/test/auto/SetVariable2.xml
----------------- Instantiating /home/travis/build/icyphy/ptII/ptolemy/actor/lib/test/auto/SetVariable2.xml
5 ms. Memory: 556032K Free: 239441K (43%)
----------------- Invoking toplevel() on ptolemy.moml.MoMLSimpleApplication@5d81c718
----------------- Done invoking toplevel() on ptolemy.moml.MoMLSimpleApplication@5d81c718
reloadAllAccessors: .SetVariable2

===========================================================================================
----------------- testing Wed Apr 01 13:48:36 UTC 2020 /home/travis/build/icyphy/ptII/ptolemy/actor/lib/test/auto/SetVariable3.xml
----------------- Instantiating /home/travis/build/icyphy/ptII/ptolemy/actor/lib/test/auto/SetVariable3.xml
6 ms. Memory: 556032K Free: 234321K (42%)
----------------- Invoking toplevel() on ptolemy.moml.MoMLSimpleApplication@4877f043
----------------- Done invoking toplevel() on ptolemy.moml.MoMLSimpleApplication@4877f043
reloadAllAccessors: .SetVariable3

===========================================================================================
----------------- testing Wed Apr 01 13:48:36 UTC 2020 /home/travis/build/icyphy/ptII/ptolemy/actor/lib/test/auto/SetVariable4.xml
----------------- Instantiating /home/travis/build/icyphy/ptII/ptolemy/actor/lib/test/auto/SetVariable4.xml
15 ms. Memory: 556032K Free: 225103K (40%)
----------------- Invoking toplevel() on ptolemy.moml.MoMLSimpleApplication@4c19d03e
----------------- Done invoking toplevel() on ptolemy.moml.MoMLSimpleApplication@4c19d03e
reloadAllAccessors: .SetVariable4

===========================================================================================
----------------- testing Wed Apr 01 13:48:36 UTC 2020 /home/travis/build/icyphy/ptII/ptolemy/actor/lib/test/auto/SetVariable5.xml
----------------- Instantiating /home/travis/build/icyphy/ptII/ptolemy/actor/lib/test/auto/SetVariable5.xml
19 ms. Memory: 556032K Free: 215889K (39%)
----------------- Invoking toplevel() on ptolemy.moml.MoMLSimpleApplication@525532ee
----------------- Done invoking toplevel() on ptolemy.moml.MoMLSimpleApplication@525532ee
reloadAllAccessors: .SetVariable5

===========================================================================================
----------------- testing Wed Apr 01 13:48:36 UTC 2020 /home/travis/build/icyphy/ptII/ptolemy/actor/lib/test/auto/Sinewave.xml
----------------- Instantiating /home/travis/build/icyphy/ptII/ptolemy/actor/lib/test/auto/Sinewave.xml
4 ms. Memory: 556032K Free: 205649K (37%)
----------------- Invoking toplevel() on ptolemy.moml.MoMLSimpleApplication@647ec5de
----------------- Done invoking toplevel() on ptolemy.moml.MoMLSimpleApplication@647ec5de
reloadAllAccessors: .Sinewave

===========================================================================================
----------------- testing Wed Apr 01 13:48:36 UTC 2020 /home/travis/build/icyphy/ptII/ptolemy/actor/lib/test/auto/Sinewave2.xml
----------------- Instantiating /home/travis/build/icyphy/ptII/ptolemy/actor/lib/test/auto/Sinewave2.xml
5 ms. Memory: 556032K Free: 196943K (35%)
----------------- Invoking toplevel() on ptolemy.moml.MoMLSimpleApplication@77d9f78c
----------------- Done invoking toplevel() on ptolemy.moml.MoMLSimpleApplication@77d9f78c
reloadAllAccessors: .Sinewave2

===========================================================================================
----------------- testing Wed Apr 01 13:48:36 UTC 2020 /home/travis/build/icyphy/ptII/ptolemy/actor/lib/test/auto/Sinewave3.xml
----------------- Instantiating /home/travis/build/icyphy/ptII/ptolemy/actor/lib/test/auto/Sinewave3.xml
10 ms. Memory: 556032K Free: 187727K (34%)
----------------- Invoking toplevel() on ptolemy.moml.MoMLSimpleApplication@b957325
----------------- Done invoking toplevel() on ptolemy.moml.MoMLSimpleApplication@b957325
reloadAllAccessors: .Sinewave3

===========================================================================================
----------------- testing Wed Apr 01 13:48:36 UTC 2020 /home/travis/build/icyphy/ptII/ptolemy/actor/lib/test/auto/SingleEvent.xml
----------------- Instantiating /home/travis/build/icyphy/ptII/ptolemy/actor/lib/test/auto/SingleEvent.xml
1 ms. Memory: 556032K Free: 183631K (33%)
----------------- Invoking toplevel() on ptolemy.moml.MoMLSimpleApplication@69778b66
----------------- Done invoking toplevel() on ptolemy.moml.MoMLSimpleApplication@69778b66
reloadAllAccessors: .SingleEvent

===========================================================================================
----------------- testing Wed Apr 01 13:48:36 UTC 2020 /home/travis/build/icyphy/ptII/ptolemy/actor/lib/test/auto/Sleep.xml
----------------- Instantiating /home/travis/build/icyphy/ptII/ptolemy/actor/lib/test/auto/Sleep.xml
6004 ms. Memory: 556032K Free: 504593K (91%)
----------------- Invoking toplevel() on ptolemy.moml.MoMLSimpleApplication@696f5d3e
----------------- Done invoking toplevel() on ptolemy.moml.MoMLSimpleApplication@696f5d3e
reloadAllAccessors: .Sleep

===========================================================================================
----------------- testing Wed Apr 01 13:48:42 UTC 2020 /home/travis/build/icyphy/ptII/ptolemy/actor/lib/test/auto/SleepMultipleFire.xml
----------------- Instantiating /home/travis/build/icyphy/ptII/ptolemy/actor/lib/test/auto/SleepMultipleFire.xml
1004 ms. Memory: 556032K Free: 497487K (89%)
----------------- Invoking toplevel() on ptolemy.moml.MoMLSimpleApplication@4eb33604
----------------- Done invoking toplevel() on ptolemy.moml.MoMLSimpleApplication@4eb33604
reloadAllAccessors: .SleepMultipleFire

===========================================================================================
----------------- testing Wed Apr 01 13:48:43 UTC 2020 /home/travis/build/icyphy/ptII/ptolemy/actor/lib/test/auto/StopDE.xml
----------------- Instantiating /home/travis/build/icyphy/ptII/ptolemy/actor/lib/test/auto/StopDE.xml
3 ms. Memory: 556032K Free: 491857K (88%)
----------------- Invoking toplevel() on ptolemy.moml.MoMLSimpleApplication@7a407197
----------------- Done invoking toplevel() on ptolemy.moml.MoMLSimpleApplication@7a407197
reloadAllAccessors: .StopDE

===========================================================================================
----------------- testing Wed Apr 01 13:48:43 UTC 2020 /home/travis/build/icyphy/ptII/ptolemy/actor/lib/test/auto/StopSDF.xml
----------------- Instantiating /home/travis/build/icyphy/ptII/ptolemy/actor/lib/test/auto/StopSDF.xml
5 ms. Memory: 556032K Free: 486737K (88%)
----------------- Invoking toplevel() on ptolemy.moml.MoMLSimpleApplication@16bf2e89
----------------- Done invoking toplevel() on ptolemy.moml.MoMLSimpleApplication@16bf2e89
reloadAllAccessors: .StopSDF

===========================================================================================
----------------- testing Wed Apr 01 13:48:43 UTC 2020 /home/travis/build/icyphy/ptII/ptolemy/actor/lib/test/auto/StringConstant.xml
----------------- Instantiating /home/travis/build/icyphy/ptII/ptolemy/actor/lib/test/auto/StringConstant.xml
9 ms. Memory: 556032K Free: 482124K (87%)
----------------- Invoking toplevel() on ptolemy.moml.MoMLSimpleApplication@411cfc19
----------------- Done invoking toplevel() on ptolemy.moml.MoMLSimpleApplication@411cfc19
reloadAllAccessors: .StringConstant

===========================================================================================
----------------- testing Wed Apr 01 13:48:43 UTC 2020 /home/travis/build/icyphy/ptII/ptolemy/actor/lib/test/auto/SubscriberPortInitialValues1.xml
----------------- Instantiating /home/travis/build/icyphy/ptII/ptolemy/actor/lib/test/auto/SubscriberPortInitialValues1.xml
8 ms. Memory: 556032K Free: 472911K (85%)
----------------- Invoking toplevel() on ptolemy.moml.MoMLSimpleApplication@55f37e83
----------------- Done invoking toplevel() on ptolemy.moml.MoMLSimpleApplication@55f37e83
reloadAllAccessors: .SubscriberPortInitialValues1

===========================================================================================
----------------- testing Wed Apr 01 13:48:43 UTC 2020 /home/travis/build/icyphy/ptII/ptolemy/actor/lib/test/auto/SubscriberPortInitialValues13.xml
----------------- Instantiating /home/travis/build/icyphy/ptII/ptolemy/actor/lib/test/auto/SubscriberPortInitialValues13.xml
4 ms. Memory: 556032K Free: 460113K (83%)
----------------- Invoking toplevel() on ptolemy.moml.MoMLSimpleApplication@7a22a447
----------------- Done invoking toplevel() on ptolemy.moml.MoMLSimpleApplication@7a22a447
reloadAllAccessors: .SubscriberPortInitialValues13

===========================================================================================
----------------- testing Wed Apr 01 13:48:43 UTC 2020 /home/travis/build/icyphy/ptII/ptolemy/actor/lib/test/auto/SubscriberPortInitialValues14.xml
----------------- Instantiating /home/travis/build/icyphy/ptII/ptolemy/actor/lib/test/auto/SubscriberPortInitialValues14.xml
4 ms. Memory: 556032K Free: 452431K (81%)
----------------- Invoking toplevel() on ptolemy.moml.MoMLSimpleApplication@4b110686
----------------- Done invoking toplevel() on ptolemy.moml.MoMLSimpleApplication@4b110686
reloadAllAccessors: .SubscriberPortInitialValues14

===========================================================================================
----------------- testing Wed Apr 01 13:48:43 UTC 2020 /home/travis/build/icyphy/ptII/ptolemy/actor/lib/test/auto/SubscriberPortInitialValues2.xml
----------------- Instantiating /home/travis/build/icyphy/ptII/ptolemy/actor/lib/test/auto/SubscriberPortInitialValues2.xml
4 ms. Memory: 556032K Free: 444753K (80%)
----------------- Invoking toplevel() on ptolemy.moml.MoMLSimpleApplication@775f7dd3
----------------- Done invoking toplevel() on ptolemy.moml.MoMLSimpleApplication@775f7dd3
reloadAllAccessors: .SubscriberPortInitialValues2

===========================================================================================
----------------- testing Wed Apr 01 13:48:43 UTC 2020 /home/travis/build/icyphy/ptII/ptolemy/actor/lib/test/auto/SubscriberPortInitialValues3.xml
----------------- Instantiating /home/travis/build/icyphy/ptII/ptolemy/actor/lib/test/auto/SubscriberPortInitialValues3.xml
6 ms. Memory: 556032K Free: 433489K (78%)
----------------- Invoking toplevel() on ptolemy.moml.MoMLSimpleApplication@249890ee
----------------- Done invoking toplevel() on ptolemy.moml.MoMLSimpleApplication@249890ee
reloadAllAccessors: .SubscriberPortInitialValues3

===========================================================================================
----------------- testing Wed Apr 01 13:48:43 UTC 2020 /home/travis/build/icyphy/ptII/ptolemy/actor/lib/test/auto/SubscriptionAggregator.xml
----------------- Instantiating /home/travis/build/icyphy/ptII/ptolemy/actor/lib/test/auto/SubscriptionAggregator.xml
3 ms. Memory: 556032K Free: 426321K (77%)
----------------- Invoking toplevel() on ptolemy.moml.MoMLSimpleApplication@1b66b435
----------------- Done invoking toplevel() on ptolemy.moml.MoMLSimpleApplication@1b66b435
reloadAllAccessors: .SubscriptionAggregator

===========================================================================================
----------------- testing Wed Apr 01 13:48:43 UTC 2020 /home/travis/build/icyphy/ptII/ptolemy/actor/lib/test/auto/SubscriptionAggregator2.xml
----------------- Instantiating /home/travis/build/icyphy/ptII/ptolemy/actor/lib/test/auto/SubscriptionAggregator2.xml
3 ms. Memory: 556032K Free: 419153K (75%)
----------------- Invoking toplevel() on ptolemy.moml.MoMLSimpleApplication@6c90a058
----------------- Done invoking toplevel() on ptolemy.moml.MoMLSimpleApplication@6c90a058
reloadAllAccessors: .SubscriptionAggregator2

===========================================================================================
----------------- testing Wed Apr 01 13:48:43 UTC 2020 /home/travis/build/icyphy/ptII/ptolemy/actor/lib/test/auto/SubscriptionAggregator3.xml
----------------- Instantiating /home/travis/build/icyphy/ptII/ptolemy/actor/lib/test/auto/SubscriptionAggregator3.xml
4 ms. Memory: 556032K Free: 410417K (74%)
----------------- Invoking toplevel() on ptolemy.moml.MoMLSimpleApplication@7475236e
----------------- Done invoking toplevel() on ptolemy.moml.MoMLSimpleApplication@7475236e
reloadAllAccessors: .SubscriptionAggregator3

===========================================================================================
----------------- testing Wed Apr 01 13:48:43 UTC 2020 /home/travis/build/icyphy/ptII/ptolemy/actor/lib/test/auto/SubscriptionAggregatorMultiply.xml
----------------- Instantiating /home/travis/build/icyphy/ptII/ptolemy/actor/lib/test/auto/SubscriptionAggregatorMultiply.xml
10 ms. Memory: 556032K Free: 401231K (72%)
----------------- Invoking toplevel() on ptolemy.moml.MoMLSimpleApplication@786ae72b
----------------- Done invoking toplevel() on ptolemy.moml.MoMLSimpleApplication@786ae72b
reloadAllAccessors: .SubscriptionAggregatorMultiply

===========================================================================================
----------------- testing Wed Apr 01 13:48:43 UTC 2020 /home/travis/build/icyphy/ptII/ptolemy/actor/lib/test/auto/SubscriptionAggregatorPortMultiply1.xml
----------------- Instantiating /home/travis/build/icyphy/ptII/ptolemy/actor/lib/test/auto/SubscriptionAggregatorPortMultiply1.xml
3 ms. Memory: 556032K Free: 393553K (71%)
----------------- Invoking toplevel() on ptolemy.moml.MoMLSimpleApplication@673fe3fe
----------------- Done invoking toplevel() on ptolemy.moml.MoMLSimpleApplication@673fe3fe
reloadAllAccessors: .SubscriptionAggregatorPortMultiply1

===========================================================================================
----------------- testing Wed Apr 01 13:48:43 UTC 2020 /home/travis/build/icyphy/ptII/ptolemy/actor/lib/test/auto/Switch.xml
----------------- Instantiating /home/travis/build/icyphy/ptII/ptolemy/actor/lib/test/auto/Switch.xml
8 ms. Memory: 556032K Free: 385361K (69%)
----------------- Invoking toplevel() on ptolemy.moml.MoMLSimpleApplication@5e15acc1
----------------- Done invoking toplevel() on ptolemy.moml.MoMLSimpleApplication@5e15acc1
reloadAllAccessors: .Switch

===========================================================================================
----------------- testing Wed Apr 01 13:48:43 UTC 2020 /home/travis/build/icyphy/ptII/ptolemy/actor/lib/test/auto/Switch2.xml
----------------- Instantiating /home/travis/build/icyphy/ptII/ptolemy/actor/lib/test/auto/Switch2.xml
1 ms. Memory: 556032K Free: 380751K (68%)
----------------- Invoking toplevel() on ptolemy.moml.MoMLSimpleApplication@4f56e3f0
----------------- Done invoking toplevel() on ptolemy.moml.MoMLSimpleApplication@4f56e3f0
reloadAllAccessors: .Switch2

===========================================================================================
----------------- testing Wed Apr 01 13:48:43 UTC 2020 /home/travis/build/icyphy/ptII/ptolemy/actor/lib/test/auto/SwitchDE.xml
----------------- Instantiating /home/travis/build/icyphy/ptII/ptolemy/actor/lib/test/auto/SwitchDE.xml
3 ms. Memory: 556032K Free: 374097K (67%)
----------------- Invoking toplevel() on ptolemy.moml.MoMLSimpleApplication@25ede2e1
----------------- Done invoking toplevel() on ptolemy.moml.MoMLSimpleApplication@25ede2e1
reloadAllAccessors: .SwitchDE

===========================================================================================
----------------- testing Wed Apr 01 13:48:43 UTC 2020 /home/travis/build/icyphy/ptII/ptolemy/actor/lib/test/auto/SynchronizerDE.xml
----------------- Instantiating /home/travis/build/icyphy/ptII/ptolemy/actor/lib/test/auto/SynchronizerDE.xml
7 ms. Memory: 556032K Free: 365905K (66%)
----------------- Invoking toplevel() on ptolemy.moml.MoMLSimpleApplication@609334f8
----------------- Done invoking toplevel() on ptolemy.moml.MoMLSimpleApplication@609334f8
reloadAllAccessors: .SynchronizerDE

===========================================================================================
----------------- testing Wed Apr 01 13:48:43 UTC 2020 /home/travis/build/icyphy/ptII/ptolemy/actor/lib/test/auto/Test.xml
----------------- Instantiating /home/travis/build/icyphy/ptII/ptolemy/actor/lib/test/auto/Test.xml
11 ms. Memory: 556032K Free: 360785K (65%)
----------------- Invoking toplevel() on ptolemy.moml.MoMLSimpleApplication@1d1edba3
----------------- Done invoking toplevel() on ptolemy.moml.MoMLSimpleApplication@1d1edba3
reloadAllAccessors: .Test

===========================================================================================
----------------- testing Wed Apr 01 13:48:43 UTC 2020 /home/travis/build/icyphy/ptII/ptolemy/actor/lib/test/auto/TestExceptionAttribute1.xml
----------------- Instantiating /home/travis/build/icyphy/ptII/ptolemy/actor/lib/test/auto/TestExceptionAttribute1.xml
1 ms. Memory: 556032K Free: 357199K (64%)
----------------- Invoking toplevel() on ptolemy.moml.MoMLSimpleApplication@33d6ddfd
----------------- Done invoking toplevel() on ptolemy.moml.MoMLSimpleApplication@33d6ddfd
reloadAllAccessors: .TestExceptionAttribute1

===========================================================================================
----------------- testing Wed Apr 01 13:48:43 UTC 2020 /home/travis/build/icyphy/ptII/ptolemy/actor/lib/test/auto/TestExceptionAttribute2.xml
----------------- Instantiating /home/travis/build/icyphy/ptII/ptolemy/actor/lib/test/auto/TestExceptionAttribute2.xml
2 ms. Memory: 556032K Free: 353103K (64%)
----------------- Invoking toplevel() on ptolemy.moml.MoMLSimpleApplication@736dcd6b
----------------- Done invoking toplevel() on ptolemy.moml.MoMLSimpleApplication@736dcd6b
reloadAllAccessors: .TestExceptionAttribute2

===========================================================================================
----------------- testing Wed Apr 01 13:48:43 UTC 2020 /home/travis/build/icyphy/ptII/ptolemy/actor/lib/test/auto/TestExceptionAttribute3.xml
----------------- Instantiating /home/travis/build/icyphy/ptII/ptolemy/actor/lib/test/auto/TestExceptionAttribute3.xml
.TestExceptionAttribute3.TestExceptionAttribute: initialize() was not invoked, but wrapup() was.  This is unusual, but not always a problem.  For example, exporting JNLP will do this.
2 ms. Memory: 556032K Free: 349521K (63%)
----------------- Invoking toplevel() on ptolemy.moml.MoMLSimpleApplication@21b07f91
----------------- Done invoking toplevel() on ptolemy.moml.MoMLSimpleApplication@21b07f91
reloadAllAccessors: .TestExceptionAttribute3

===========================================================================================
----------------- testing Wed Apr 01 13:48:43 UTC 2020 /home/travis/build/icyphy/ptII/ptolemy/actor/lib/test/auto/TestExceptionAttribute4.xml
----------------- Instantiating /home/travis/build/icyphy/ptII/ptolemy/actor/lib/test/auto/TestExceptionAttribute4.xml
.TestExceptionAttribute4.TestExceptionAttribute: initialize() was not invoked, but wrapup() was.  This is unusual, but not always a problem.  For example, exporting JNLP will do this.
.TestExceptionAttribute4.TestExceptionAttribute2: initialize() was not invoked, but wrapup() was.  This is unusual, but not always a problem.  For example, exporting JNLP will do this.
0 ms. Memory: 556032K Free: 345425K (62%)
----------------- Invoking toplevel() on ptolemy.moml.MoMLSimpleApplication@3ade5582
----------------- Done invoking toplevel() on ptolemy.moml.MoMLSimpleApplication@3ade5582
reloadAllAccessors: .TestExceptionAttribute4

===========================================================================================
----------------- testing Wed Apr 01 13:48:43 UTC 2020 /home/travis/build/icyphy/ptII/ptolemy/actor/lib/test/auto/TestExceptionHandler1.xml
----------------- Instantiating /home/travis/build/icyphy/ptII/ptolemy/actor/lib/test/auto/TestExceptionHandler1.xml
0 ms. Memory: 556032K Free: 341839K (61%)
----------------- Invoking toplevel() on ptolemy.moml.MoMLSimpleApplication@772c8460
----------------- Done invoking toplevel() on ptolemy.moml.MoMLSimpleApplication@772c8460
reloadAllAccessors: .TestExceptionHandler1

===========================================================================================
----------------- testing Wed Apr 01 13:48:43 UTC 2020 /home/travis/build/icyphy/ptII/ptolemy/actor/lib/test/auto/TestExceptionHandler2.xml
----------------- Instantiating /home/travis/build/icyphy/ptII/ptolemy/actor/lib/test/auto/TestExceptionHandler2.xml
1 ms. Memory: 556032K Free: 337743K (61%)
----------------- Invoking toplevel() on ptolemy.moml.MoMLSimpleApplication@22405aba
----------------- Done invoking toplevel() on ptolemy.moml.MoMLSimpleApplication@22405aba
reloadAllAccessors: .TestExceptionHandler2

===========================================================================================
----------------- testing Wed Apr 01 13:48:43 UTC 2020 /home/travis/build/icyphy/ptII/ptolemy/actor/lib/test/auto/TestExceptionHandler3.xml
----------------- Instantiating /home/travis/build/icyphy/ptII/ptolemy/actor/lib/test/auto/TestExceptionHandler3.xml
1 ms. Memory: 556032K Free: 334161K (60%)
----------------- Invoking toplevel() on ptolemy.moml.MoMLSimpleApplication@5adcde60
----------------- Done invoking toplevel() on ptolemy.moml.MoMLSimpleApplication@5adcde60
reloadAllAccessors: .TestExceptionHandler3

===========================================================================================
----------------- testing Wed Apr 01 13:48:43 UTC 2020 /home/travis/build/icyphy/ptII/ptolemy/actor/lib/test/auto/TestExceptionHandler4.xml
----------------- Instantiating /home/travis/build/icyphy/ptII/ptolemy/actor/lib/test/auto/TestExceptionHandler4.xml
1 ms. Memory: 556032K Free: 330065K (59%)
----------------- Invoking toplevel() on ptolemy.moml.MoMLSimpleApplication@18a15335
----------------- Done invoking toplevel() on ptolemy.moml.MoMLSimpleApplication@18a15335
reloadAllAccessors: .TestExceptionHandler4

===========================================================================================
----------------- testing Wed Apr 01 13:48:43 UTC 2020 /home/travis/build/icyphy/ptII/ptolemy/actor/lib/test/auto/TestRequireCorrectOrder.xml
----------------- Instantiating /home/travis/build/icyphy/ptII/ptolemy/actor/lib/test/auto/TestRequireCorrectOrder.xml
2 ms. Memory: 556032K Free: 324945K (58%)
----------------- Invoking toplevel() on ptolemy.moml.MoMLSimpleApplication@145d404e
----------------- Done invoking toplevel() on ptolemy.moml.MoMLSimpleApplication@145d404e
reloadAllAccessors: .TestRequireCorrectOrder

===========================================================================================
----------------- testing Wed Apr 01 13:48:43 UTC 2020 /home/travis/build/icyphy/ptII/ptolemy/actor/lib/test/auto/TestSimple.xml
----------------- Instantiating /home/travis/build/icyphy/ptII/ptolemy/actor/lib/test/auto/TestSimple.xml
1 ms. Memory: 556032K Free: 320335K (58%)
----------------- Invoking toplevel() on ptolemy.moml.MoMLSimpleApplication@4e98d302
----------------- Done invoking toplevel() on ptolemy.moml.MoMLSimpleApplication@4e98d302
reloadAllAccessors: .TestSimple

===========================================================================================
----------------- testing Wed Apr 01 13:48:43 UTC 2020 /home/travis/build/icyphy/ptII/ptolemy/actor/lib/test/auto/ThrowModelError.xml
----------------- Instantiating /home/travis/build/icyphy/ptII/ptolemy/actor/lib/test/auto/ThrowModelError.xml
2 ms. Memory: 556032K Free: 315729K (57%)
----------------- Invoking toplevel() on ptolemy.moml.MoMLSimpleApplication@310fe993
----------------- Done invoking toplevel() on ptolemy.moml.MoMLSimpleApplication@310fe993
reloadAllAccessors: .ThrowModelError

===========================================================================================
----------------- testing Wed Apr 01 13:48:43 UTC 2020 /home/travis/build/icyphy/ptII/ptolemy/actor/lib/test/auto/TimeDelayMicrosteps.xml
----------------- Instantiating /home/travis/build/icyphy/ptII/ptolemy/actor/lib/test/auto/TimeDelayMicrosteps.xml
3 ms. Memory: 556032K Free: 309065K (56%)
----------------- Invoking toplevel() on ptolemy.moml.MoMLSimpleApplication@75a69cfb
----------------- Done invoking toplevel() on ptolemy.moml.MoMLSimpleApplication@75a69cfb
reloadAllAccessors: .TimeDelayMicrosteps

===========================================================================================
----------------- testing Wed Apr 01 13:48:43 UTC 2020 /home/travis/build/icyphy/ptII/ptolemy/actor/lib/test/auto/TimeDelayMicrosteps2.xml
----------------- Instantiating /home/travis/build/icyphy/ptII/ptolemy/actor/lib/test/auto/TimeDelayMicrosteps2.xml
4 ms. Memory: 556032K Free: 301393K (54%)
----------------- Invoking toplevel() on ptolemy.moml.MoMLSimpleApplication@61dae9dd
----------------- Done invoking toplevel() on ptolemy.moml.MoMLSimpleApplication@61dae9dd
reloadAllAccessors: .TimeDelayMicrosteps2

===========================================================================================
----------------- testing Wed Apr 01 13:48:43 UTC 2020 /home/travis/build/icyphy/ptII/ptolemy/actor/lib/test/auto/TimeDelayMicrosteps3.xml
----------------- Instantiating /home/travis/build/icyphy/ptII/ptolemy/actor/lib/test/auto/TimeDelayMicrosteps3.xml
2 ms. Memory: 556032K Free: 294705K (53%)
----------------- Invoking toplevel() on ptolemy.moml.MoMLSimpleApplication@a4d00eb
----------------- Done invoking toplevel() on ptolemy.moml.MoMLSimpleApplication@a4d00eb
reloadAllAccessors: .TimeDelayMicrosteps3

===========================================================================================
----------------- testing Wed Apr 01 13:48:43 UTC 2020 /home/travis/build/icyphy/ptII/ptolemy/actor/lib/test/auto/TimeDelayVariableMicrosteps.xml
----------------- Instantiating /home/travis/build/icyphy/ptII/ptolemy/actor/lib/test/auto/TimeDelayVariableMicrosteps.xml
4 ms. Memory: 556032K Free: 288081K (52%)
----------------- Invoking toplevel() on ptolemy.moml.MoMLSimpleApplication@449e96c7
----------------- Done invoking toplevel() on ptolemy.moml.MoMLSimpleApplication@449e96c7
reloadAllAccessors: .TimeDelayVariableMicrosteps

===========================================================================================
----------------- testing Wed Apr 01 13:48:43 UTC 2020 /home/travis/build/icyphy/ptII/ptolemy/actor/lib/test/auto/TimeGap.xml
----------------- Instantiating /home/travis/build/icyphy/ptII/ptolemy/actor/lib/test/auto/TimeGap.xml
4 ms. Memory: 556032K Free: 282417K (51%)
----------------- Invoking toplevel() on ptolemy.moml.MoMLSimpleApplication@6f5a9024
----------------- Done invoking toplevel() on ptolemy.moml.MoMLSimpleApplication@6f5a9024
reloadAllAccessors: .TimeGap

===========================================================================================
----------------- testing Wed Apr 01 13:48:44 UTC 2020 /home/travis/build/icyphy/ptII/ptolemy/actor/lib/test/auto/TimeGap2.xml
----------------- Instantiating /home/travis/build/icyphy/ptII/ptolemy/actor/lib/test/auto/TimeGap2.xml
2 ms. Memory: 556032K Free: 276817K (50%)
----------------- Invoking toplevel() on ptolemy.moml.MoMLSimpleApplication@6bc05331
----------------- Done invoking toplevel() on ptolemy.moml.MoMLSimpleApplication@6bc05331
reloadAllAccessors: .TimeGap2

===========================================================================================
----------------- testing Wed Apr 01 13:48:44 UTC 2020 /home/travis/build/icyphy/ptII/ptolemy/actor/lib/test/auto/TimedSinewave.xml
----------------- Instantiating /home/travis/build/icyphy/ptII/ptolemy/actor/lib/test/auto/TimedSinewave.xml
25 ms. Memory: 556032K Free: 262481K (47%)
----------------- Invoking toplevel() on ptolemy.moml.MoMLSimpleApplication@4f44eb54
----------------- Done invoking toplevel() on ptolemy.moml.MoMLSimpleApplication@4f44eb54
reloadAllAccessors: .TimedSinewave

===========================================================================================
----------------- testing Wed Apr 01 13:48:44 UTC 2020 /home/travis/build/icyphy/ptII/ptolemy/actor/lib/test/auto/TimedSinewavePhase.xml
----------------- Instantiating /home/travis/build/icyphy/ptII/ptolemy/actor/lib/test/auto/TimedSinewavePhase.xml
9 ms. Memory: 556032K Free: 252241K (45%)
----------------- Invoking toplevel() on ptolemy.moml.MoMLSimpleApplication@ed50c20
----------------- Done invoking toplevel() on ptolemy.moml.MoMLSimpleApplication@ed50c20
reloadAllAccessors: .TimedSinewavePhase

===========================================================================================
----------------- testing Wed Apr 01 13:48:44 UTC 2020 /home/travis/build/icyphy/ptII/ptolemy/actor/lib/test/auto/Timer.xml
----------------- Instantiating /home/travis/build/icyphy/ptII/ptolemy/actor/lib/test/auto/Timer.xml
3 ms. Memory: 556032K Free: 246607K (44%)
----------------- Invoking toplevel() on ptolemy.moml.MoMLSimpleApplication@328863e
----------------- Done invoking toplevel() on ptolemy.moml.MoMLSimpleApplication@328863e
reloadAllAccessors: .Timer

===========================================================================================
----------------- testing Wed Apr 01 13:48:44 UTC 2020 /home/travis/build/icyphy/ptII/ptolemy/actor/lib/test/auto/TriangularDistTestModel.xml
----------------- Instantiating /home/travis/build/icyphy/ptII/ptolemy/actor/lib/test/auto/TriangularDistTestModel.xml
1 ms. Memory: 556032K Free: 240977K (43%)
----------------- Invoking toplevel() on ptolemy.moml.MoMLSimpleApplication@2ed86c88
----------------- Done invoking toplevel() on ptolemy.moml.MoMLSimpleApplication@2ed86c88
reloadAllAccessors: .TriangularDistTestModel

===========================================================================================
----------------- testing Wed Apr 01 13:48:44 UTC 2020 /home/travis/build/icyphy/ptII/ptolemy/actor/lib/test/auto/TrigFunction.xml
----------------- Instantiating /home/travis/build/icyphy/ptII/ptolemy/actor/lib/test/auto/TrigFunction.xml
2 ms. Memory: 556032K Free: 235857K (42%)
----------------- Invoking toplevel() on ptolemy.moml.MoMLSimpleApplication@289ed020
----------------- Done invoking toplevel() on ptolemy.moml.MoMLSimpleApplication@289ed020
reloadAllAccessors: .TrigFunction

===========================================================================================
----------------- testing Wed Apr 01 13:48:44 UTC 2020 /home/travis/build/icyphy/ptII/ptolemy/actor/lib/test/auto/TrigFunctionDE.xml
----------------- Instantiating /home/travis/build/icyphy/ptII/ptolemy/actor/lib/test/auto/TrigFunctionDE.xml
2 ms. Memory: 556032K Free: 230223K (41%)
----------------- Invoking toplevel() on ptolemy.moml.MoMLSimpleApplication@113abc30
----------------- Done invoking toplevel() on ptolemy.moml.MoMLSimpleApplication@113abc30
reloadAllAccessors: .TrigFunctionDE

===========================================================================================
----------------- testing Wed Apr 01 13:48:44 UTC 2020 /home/travis/build/icyphy/ptII/ptolemy/actor/lib/test/auto/TrigFunctionInverse.xml
----------------- Instantiating /home/travis/build/icyphy/ptII/ptolemy/actor/lib/test/auto/TrigFunctionInverse.xml
2 ms. Memory: 556032K Free: 225103K (40%)
----------------- Invoking toplevel() on ptolemy.moml.MoMLSimpleApplication@104c1548
----------------- Done invoking toplevel() on ptolemy.moml.MoMLSimpleApplication@104c1548
reloadAllAccessors: .TrigFunctionInverse

===========================================================================================
----------------- testing Wed Apr 01 13:48:44 UTC 2020 /home/travis/build/icyphy/ptII/ptolemy/actor/lib/test/auto/TrigFunctionTan.xml
----------------- Instantiating /home/travis/build/icyphy/ptII/ptolemy/actor/lib/test/auto/TrigFunctionTan.xml
1 ms. Memory: 556032K Free: 221007K (40%)
----------------- Invoking toplevel() on ptolemy.moml.MoMLSimpleApplication@67ffab5e
----------------- Done invoking toplevel() on ptolemy.moml.MoMLSimpleApplication@67ffab5e
reloadAllAccessors: .TrigFunctionTan

===========================================================================================
----------------- testing Wed Apr 01 13:48:44 UTC 2020 /home/travis/build/icyphy/ptII/ptolemy/actor/lib/test/auto/TriggeredClock.xml
----------------- Instantiating /home/travis/build/icyphy/ptII/ptolemy/actor/lib/test/auto/TriggeredClock.xml
1 ms. Memory: 556032K Free: 215871K (39%)
----------------- Invoking toplevel() on ptolemy.moml.MoMLSimpleApplication@2d09e059
----------------- Done invoking toplevel() on ptolemy.moml.MoMLSimpleApplication@2d09e059
reloadAllAccessors: .TriggeredClock

===========================================================================================
----------------- testing Wed Apr 01 13:48:44 UTC 2020 /home/travis/build/icyphy/ptII/ptolemy/actor/lib/test/auto/URLDirectoryReader.xml
----------------- Instantiating /home/travis/build/icyphy/ptII/ptolemy/actor/lib/test/auto/URLDirectoryReader.xml
42 ms. Memory: 556032K Free: 206671K (37%)
----------------- Invoking toplevel() on ptolemy.moml.MoMLSimpleApplication@b78c102
----------------- Done invoking toplevel() on ptolemy.moml.MoMLSimpleApplication@b78c102
reloadAllAccessors: .URLDirectoryReader

===========================================================================================
----------------- testing Wed Apr 01 13:48:44 UTC 2020 /home/travis/build/icyphy/ptII/ptolemy/actor/lib/test/auto/URLDirectoryReader3.xml
----------------- Instantiating /home/travis/build/icyphy/ptII/ptolemy/actor/lib/test/auto/URLDirectoryReader3.xml
1376 ms. Memory: 556032K Free: 496465K (89%)
----------------- Invoking toplevel() on ptolemy.moml.MoMLSimpleApplication@10daf107
----------------- Done invoking toplevel() on ptolemy.moml.MoMLSimpleApplication@10daf107
reloadAllAccessors: .URLDirectoryReader3

===========================================================================================
----------------- testing Wed Apr 01 13:48:46 UTC 2020 /home/travis/build/icyphy/ptII/ptolemy/actor/lib/test/auto/UnaryMathFunction.xml
----------------- Instantiating /home/travis/build/icyphy/ptII/ptolemy/actor/lib/test/auto/UnaryMathFunction.xml
3 ms. Memory: 556032K Free: 488783K (88%)
----------------- Invoking toplevel() on ptolemy.moml.MoMLSimpleApplication@6c435f15
----------------- Done invoking toplevel() on ptolemy.moml.MoMLSimpleApplication@6c435f15
reloadAllAccessors: .UnaryMathFunction

===========================================================================================
----------------- testing Wed Apr 01 13:48:46 UTC 2020 /home/travis/build/icyphy/ptII/ptolemy/actor/lib/test/auto/Uniform.xml
----------------- Instantiating /home/travis/build/icyphy/ptII/ptolemy/actor/lib/test/auto/Uniform.xml
4 ms. Memory: 556032K Free: 483663K (87%)
----------------- Invoking toplevel() on ptolemy.moml.MoMLSimpleApplication@2f70c26b
----------------- Done invoking toplevel() on ptolemy.moml.MoMLSimpleApplication@2f70c26b
reloadAllAccessors: .Uniform

===========================================================================================
----------------- testing Wed Apr 01 13:48:46 UTC 2020 /home/travis/build/icyphy/ptII/ptolemy/actor/lib/test/auto/UnionDisassemblerTest.xml
----------------- Instantiating /home/travis/build/icyphy/ptII/ptolemy/actor/lib/test/auto/UnionDisassemblerTest.xml
23 ms. Memory: 556032K Free: 480081K (86%)
----------------- Invoking toplevel() on ptolemy.moml.MoMLSimpleApplication@4e87f62a
----------------- Done invoking toplevel() on ptolemy.moml.MoMLSimpleApplication@4e87f62a
reloadAllAccessors: .UnionDisassemblerTest

===========================================================================================
----------------- testing Wed Apr 01 13:48:46 UTC 2020 /home/travis/build/icyphy/ptII/ptolemy/actor/lib/test/auto/UtilityFunctions.xml
----------------- Instantiating /home/travis/build/icyphy/ptII/ptolemy/actor/lib/test/auto/UtilityFunctions.xml
1 ms. Memory: 556032K Free: 475985K (86%)
----------------- Invoking toplevel() on ptolemy.moml.MoMLSimpleApplication@19c826aa
----------------- Done invoking toplevel() on ptolemy.moml.MoMLSimpleApplication@19c826aa
reloadAllAccessors: .UtilityFunctions

===========================================================================================
----------------- testing Wed Apr 01 13:48:46 UTC 2020 /home/travis/build/icyphy/ptII/ptolemy/actor/lib/test/auto/VariableSleep.xml
----------------- Instantiating /home/travis/build/icyphy/ptII/ptolemy/actor/lib/test/auto/VariableSleep.xml
503 ms. Memory: 556032K Free: 470351K (85%)
----------------- Invoking toplevel() on ptolemy.moml.MoMLSimpleApplication@51d3159d
----------------- Done invoking toplevel() on ptolemy.moml.MoMLSimpleApplication@51d3159d
reloadAllAccessors: .VariableSleep

===========================================================================================
----------------- testing Wed Apr 01 13:48:46 UTC 2020 /home/travis/build/icyphy/ptII/ptolemy/actor/lib/test/auto/VectorAssemblerDisassemblerCT.xml
----------------- Instantiating /home/travis/build/icyphy/ptII/ptolemy/actor/lib/test/auto/VectorAssemblerDisassemblerCT.xml
76 ms. Memory: 556032K Free: 449871K (81%)
----------------- Invoking toplevel() on ptolemy.moml.MoMLSimpleApplication@337e2216
----------------- Done invoking toplevel() on ptolemy.moml.MoMLSimpleApplication@337e2216
reloadAllAccessors: .VectorAssemblerDisassemblerCT

===========================================================================================
----------------- testing Wed Apr 01 13:48:46 UTC 2020 /home/travis/build/icyphy/ptII/ptolemy/actor/lib/test/auto/VectorAssemblerDisassemblerDE.xml
----------------- Instantiating /home/travis/build/icyphy/ptII/ptolemy/actor/lib/test/auto/VectorAssemblerDisassemblerDE.xml
2 ms. Memory: 556032K Free: 442703K (80%)
----------------- Invoking toplevel() on ptolemy.moml.MoMLSimpleApplication@66b821a6
----------------- Done invoking toplevel() on ptolemy.moml.MoMLSimpleApplication@66b821a6
reloadAllAccessors: .VectorAssemblerDisassemblerDE

===========================================================================================
----------------- testing Wed Apr 01 13:48:46 UTC 2020 /home/travis/build/icyphy/ptII/ptolemy/actor/lib/test/auto/VectorAssemblerDisassemblerSDF.xml
----------------- Instantiating /home/travis/build/icyphy/ptII/ptolemy/actor/lib/test/auto/VectorAssemblerDisassemblerSDF.xml
3 ms. Memory: 556032K Free: 435521K (78%)
----------------- Invoking toplevel() on ptolemy.moml.MoMLSimpleApplication@2fe5d8f7
----------------- Done invoking toplevel() on ptolemy.moml.MoMLSimpleApplication@2fe5d8f7
reloadAllAccessors: .VectorAssemblerDisassemblerSDF

===========================================================================================
----------------- testing Wed Apr 01 13:48:46 UTC 2020 /home/travis/build/icyphy/ptII/ptolemy/actor/lib/test/auto/WallClockTime.xml
----------------- Instantiating /home/travis/build/icyphy/ptII/ptolemy/actor/lib/test/auto/WallClockTime.xml
1004 ms. Memory: 556032K Free: 430415K (77%)
----------------- Invoking toplevel() on ptolemy.moml.MoMLSimpleApplication@7c34fe91
----------------- Done invoking toplevel() on ptolemy.moml.MoMLSimpleApplication@7c34fe91
reloadAllAccessors: .WallClockTime

===========================================================================================
----------------- testing Wed Apr 01 13:48:47 UTC 2020 /home/travis/build/icyphy/ptII/ptolemy/actor/lib/test/auto/WidthTestWithSubscriberPublisher.xml
----------------- Instantiating /home/travis/build/icyphy/ptII/ptolemy/actor/lib/test/auto/WidthTestWithSubscriberPublisher.xml
7 ms. Memory: 556032K Free: 412497K (74%)
----------------- Invoking toplevel() on ptolemy.moml.MoMLSimpleApplication@385fd7a
----------------- Done invoking toplevel() on ptolemy.moml.MoMLSimpleApplication@385fd7a
reloadAllAccessors: .WidthTestWithSubscriberPublisher

===========================================================================================
----------------- testing Wed Apr 01 13:48:47 UTC 2020 /home/travis/build/icyphy/ptII/ptolemy/actor/lib/test/auto/WidthTestWithSubscriberPublisher2.xml
----------------- Instantiating /home/travis/build/icyphy/ptII/ptolemy/actor/lib/test/auto/WidthTestWithSubscriberPublisher2.xml
2 ms. Memory: 556032K Free: 405839K (73%)
----------------- Invoking toplevel() on ptolemy.moml.MoMLSimpleApplication@816d67
----------------- Done invoking toplevel() on ptolemy.moml.MoMLSimpleApplication@816d67
reloadAllAccessors: .WidthTestWithSubscriberPublisher2

===========================================================================================
----------------- testing Wed Apr 01 13:48:47 UTC 2020 /home/travis/build/icyphy/ptII/ptolemy/actor/lib/test/auto/WidthTestWithSubscriberPublisher3.xml
----------------- Instantiating /home/travis/build/icyphy/ptII/ptolemy/actor/lib/test/auto/WidthTestWithSubscriberPublisher3.xml
2 ms. Memory: 556032K Free: 400209K (72%)
----------------- Invoking toplevel() on ptolemy.moml.MoMLSimpleApplication@4409d9d1
----------------- Done invoking toplevel() on ptolemy.moml.MoMLSimpleApplication@4409d9d1
reloadAllAccessors: .WidthTestWithSubscriberPublisher3

===========================================================================================
----------------- testing Wed Apr 01 13:48:47 UTC 2020 /home/travis/build/icyphy/ptII/ptolemy/actor/lib/test/auto/Writer.xml
----------------- Instantiating /home/travis/build/icyphy/ptII/ptolemy/actor/lib/test/auto/Writer.xml
0
1
2
3
4
1 ms. Memory: 556032K Free: 395585K (71%)
----------------- Invoking toplevel() on ptolemy.moml.MoMLSimpleApplication@155f6422
----------------- Done invoking toplevel() on ptolemy.moml.MoMLSimpleApplication@155f6422
reloadAllAccessors: .Writer

===========================================================================================
----------------- testing Wed Apr 01 13:48:47 UTC 2020 /home/travis/build/icyphy/ptII/ptolemy/actor/lib/test/auto/array.xml
----------------- Instantiating /home/travis/build/icyphy/ptII/ptolemy/actor/lib/test/auto/array.xml
2 ms. Memory: 556032K Free: 390993K (70%)
----------------- Invoking toplevel() on ptolemy.moml.MoMLSimpleApplication@616f54c7
----------------- Done invoking toplevel() on ptolemy.moml.MoMLSimpleApplication@616f54c7
reloadAllAccessors: .array

===========================================================================================
----------------- testing Wed Apr 01 13:48:47 UTC 2020 /home/travis/build/icyphy/ptII/ptolemy/actor/lib/test/auto/array2.xml
----------------- Instantiating /home/travis/build/icyphy/ptII/ptolemy/actor/lib/test/auto/array2.xml
2 ms. Memory: 556032K Free: 385873K (69%)
----------------- Invoking toplevel() on ptolemy.moml.MoMLSimpleApplication@298fc16a
----------------- Done invoking toplevel() on ptolemy.moml.MoMLSimpleApplication@298fc16a
reloadAllAccessors: .array2

===========================================================================================
----------------- testing Wed Apr 01 13:48:48 UTC 2020 /home/travis/build/icyphy/ptII/ptolemy/actor/lib/test/auto/arrayType.xml
----------------- Instantiating /home/travis/build/icyphy/ptII/ptolemy/actor/lib/test/auto/arrayType.xml
2 ms. Memory: 556032K Free: 380239K (68%)
----------------- Invoking toplevel() on ptolemy.moml.MoMLSimpleApplication@59bcde1c
----------------- Done invoking toplevel() on ptolemy.moml.MoMLSimpleApplication@59bcde1c
reloadAllAccessors: .arrayType

===========================================================================================
----------------- testing Wed Apr 01 13:48:48 UTC 2020 /home/travis/build/icyphy/ptII/ptolemy/actor/lib/test/auto/arrayType10.xml
----------------- Instantiating /home/travis/build/icyphy/ptII/ptolemy/actor/lib/test/auto/arrayType10.xml
2 ms. Memory: 556032K Free: 375633K (68%)
----------------- Invoking toplevel() on ptolemy.moml.MoMLSimpleApplication@1d5854d
----------------- Done invoking toplevel() on ptolemy.moml.MoMLSimpleApplication@1d5854d
reloadAllAccessors: .arrayType10

===========================================================================================
----------------- testing Wed Apr 01 13:48:48 UTC 2020 /home/travis/build/icyphy/ptII/ptolemy/actor/lib/test/auto/arrayType11.xml
----------------- Instantiating /home/travis/build/icyphy/ptII/ptolemy/actor/lib/test/auto/arrayType11.xml
2 ms. Memory: 556032K Free: 370513K (67%)
----------------- Invoking toplevel() on ptolemy.moml.MoMLSimpleApplication@2b0671ab
----------------- Done invoking toplevel() on ptolemy.moml.MoMLSimpleApplication@2b0671ab
reloadAllAccessors: .arrayType11

===========================================================================================
----------------- testing Wed Apr 01 13:48:48 UTC 2020 /home/travis/build/icyphy/ptII/ptolemy/actor/lib/test/auto/arrayType12.xml
----------------- Instantiating /home/travis/build/icyphy/ptII/ptolemy/actor/lib/test/auto/arrayType12.xml
1 ms. Memory: 556032K Free: 365393K (66%)
----------------- Invoking toplevel() on ptolemy.moml.MoMLSimpleApplication@6a95a6b2
----------------- Done invoking toplevel() on ptolemy.moml.MoMLSimpleApplication@6a95a6b2
reloadAllAccessors: .arrayType12

===========================================================================================
----------------- testing Wed Apr 01 13:48:48 UTC 2020 /home/travis/build/icyphy/ptII/ptolemy/actor/lib/test/auto/arrayType13.xml
----------------- Instantiating /home/travis/build/icyphy/ptII/ptolemy/actor/lib/test/auto/arrayType13.xml
2 ms. Memory: 556032K Free: 360273K (65%)
----------------- Invoking toplevel() on ptolemy.moml.MoMLSimpleApplication@3c0700c9
----------------- Done invoking toplevel() on ptolemy.moml.MoMLSimpleApplication@3c0700c9
reloadAllAccessors: .arrayType13

===========================================================================================
----------------- testing Wed Apr 01 13:48:48 UTC 2020 /home/travis/build/icyphy/ptII/ptolemy/actor/lib/test/auto/arrayType14.xml
----------------- Instantiating /home/travis/build/icyphy/ptII/ptolemy/actor/lib/test/auto/arrayType14.xml
1 ms. Memory: 556032K Free: 354639K (64%)
----------------- Invoking toplevel() on ptolemy.moml.MoMLSimpleApplication@3a8da35b
----------------- Done invoking toplevel() on ptolemy.moml.MoMLSimpleApplication@3a8da35b
reloadAllAccessors: .arrayType14

===========================================================================================
----------------- testing Wed Apr 01 13:48:48 UTC 2020 /home/travis/build/icyphy/ptII/ptolemy/actor/lib/test/auto/arrayType15.xml
----------------- Instantiating /home/travis/build/icyphy/ptII/ptolemy/actor/lib/test/auto/arrayType15.xml
3 ms. Memory: 556032K Free: 349519K (63%)
----------------- Invoking toplevel() on ptolemy.moml.MoMLSimpleApplication@3c556eba
----------------- Done invoking toplevel() on ptolemy.moml.MoMLSimpleApplication@3c556eba
reloadAllAccessors: .arrayType15

===========================================================================================
----------------- testing Wed Apr 01 13:48:48 UTC 2020 /home/travis/build/icyphy/ptII/ptolemy/actor/lib/test/auto/arrayType16.xml
----------------- Instantiating /home/travis/build/icyphy/ptII/ptolemy/actor/lib/test/auto/arrayType16.xml
2 ms. Memory: 556032K Free: 343889K (62%)
----------------- Invoking toplevel() on ptolemy.moml.MoMLSimpleApplication@503bc603
----------------- Done invoking toplevel() on ptolemy.moml.MoMLSimpleApplication@503bc603
reloadAllAccessors: .arrayType16

===========================================================================================
----------------- testing Wed Apr 01 13:48:48 UTC 2020 /home/travis/build/icyphy/ptII/ptolemy/actor/lib/test/auto/arrayType17.xml
----------------- Instantiating /home/travis/build/icyphy/ptII/ptolemy/actor/lib/test/auto/arrayType17.xml
1 ms. Memory: 556032K Free: 338769K (61%)
----------------- Invoking toplevel() on ptolemy.moml.MoMLSimpleApplication@75d12568
----------------- Done invoking toplevel() on ptolemy.moml.MoMLSimpleApplication@75d12568
reloadAllAccessors: .arrayType17

===========================================================================================
----------------- testing Wed Apr 01 13:48:48 UTC 2020 /home/travis/build/icyphy/ptII/ptolemy/actor/lib/test/auto/arrayType18.xml
----------------- Instantiating /home/travis/build/icyphy/ptII/ptolemy/actor/lib/test/auto/arrayType18.xml
2 ms. Memory: 556032K Free: 334159K (60%)
----------------- Invoking toplevel() on ptolemy.moml.MoMLSimpleApplication@2d130ced
----------------- Done invoking toplevel() on ptolemy.moml.MoMLSimpleApplication@2d130ced
reloadAllAccessors: .arrayType18

===========================================================================================
----------------- testing Wed Apr 01 13:48:48 UTC 2020 /home/travis/build/icyphy/ptII/ptolemy/actor/lib/test/auto/arrayType19.xml
----------------- Instantiating /home/travis/build/icyphy/ptII/ptolemy/actor/lib/test/auto/arrayType19.xml
1 ms. Memory: 556032K Free: 329039K (59%)
----------------- Invoking toplevel() on ptolemy.moml.MoMLSimpleApplication@2009d22e
----------------- Done invoking toplevel() on ptolemy.moml.MoMLSimpleApplication@2009d22e
reloadAllAccessors: .arrayType19

===========================================================================================
----------------- testing Wed Apr 01 13:48:48 UTC 2020 /home/travis/build/icyphy/ptII/ptolemy/actor/lib/test/auto/arrayType2.xml
----------------- Instantiating /home/travis/build/icyphy/ptII/ptolemy/actor/lib/test/auto/arrayType2.xml
2 ms. Memory: 556032K Free: 323919K (58%)
----------------- Invoking toplevel() on ptolemy.moml.MoMLSimpleApplication@49396cdf
----------------- Done invoking toplevel() on ptolemy.moml.MoMLSimpleApplication@49396cdf
reloadAllAccessors: .arrayType2

===========================================================================================
----------------- testing Wed Apr 01 13:48:48 UTC 2020 /home/travis/build/icyphy/ptII/ptolemy/actor/lib/test/auto/arrayType20.xml
----------------- Instantiating /home/travis/build/icyphy/ptII/ptolemy/actor/lib/test/auto/arrayType20.xml
1 ms. Memory: 556032K Free: 318799K (57%)
----------------- Invoking toplevel() on ptolemy.moml.MoMLSimpleApplication@688b79cf
----------------- Done invoking toplevel() on ptolemy.moml.MoMLSimpleApplication@688b79cf
reloadAllAccessors: .arrayType20

===========================================================================================
----------------- testing Wed Apr 01 13:48:48 UTC 2020 /home/travis/build/icyphy/ptII/ptolemy/actor/lib/test/auto/arrayType21.xml
----------------- Instantiating /home/travis/build/icyphy/ptII/ptolemy/actor/lib/test/auto/arrayType21.xml
2 ms. Memory: 556032K Free: 313679K (56%)
----------------- Invoking toplevel() on ptolemy.moml.MoMLSimpleApplication@641bbfe7
----------------- Done invoking toplevel() on ptolemy.moml.MoMLSimpleApplication@641bbfe7
reloadAllAccessors: .arrayType21

===========================================================================================
----------------- testing Wed Apr 01 13:48:48 UTC 2020 /home/travis/build/icyphy/ptII/ptolemy/actor/lib/test/auto/arrayType22.xml
----------------- Instantiating /home/travis/build/icyphy/ptII/ptolemy/actor/lib/test/auto/arrayType22.xml
3 ms. Memory: 556032K Free: 309073K (56%)
----------------- Invoking toplevel() on ptolemy.moml.MoMLSimpleApplication@26b1b057
----------------- Done invoking toplevel() on ptolemy.moml.MoMLSimpleApplication@26b1b057
reloadAllAccessors: .arrayType22

===========================================================================================
----------------- testing Wed Apr 01 13:48:48 UTC 2020 /home/travis/build/icyphy/ptII/ptolemy/actor/lib/test/auto/arrayType23.xml
----------------- Instantiating /home/travis/build/icyphy/ptII/ptolemy/actor/lib/test/auto/arrayType23.xml
1 ms. Memory: 556032K Free: 303953K (55%)
----------------- Invoking toplevel() on ptolemy.moml.MoMLSimpleApplication@18d739ae
----------------- Done invoking toplevel() on ptolemy.moml.MoMLSimpleApplication@18d739ae
reloadAllAccessors: .arrayType23

===========================================================================================
----------------- testing Wed Apr 01 13:48:48 UTC 2020 /home/travis/build/icyphy/ptII/ptolemy/actor/lib/test/auto/arrayType24.xml
----------------- Instantiating /home/travis/build/icyphy/ptII/ptolemy/actor/lib/test/auto/arrayType24.xml
1 ms. Memory: 556032K Free: 299329K (54%)
----------------- Invoking toplevel() on ptolemy.moml.MoMLSimpleApplication@2147e086
----------------- Done invoking toplevel() on ptolemy.moml.MoMLSimpleApplication@2147e086
reloadAllAccessors: .arrayType24

===========================================================================================
----------------- testing Wed Apr 01 13:48:48 UTC 2020 /home/travis/build/icyphy/ptII/ptolemy/actor/lib/test/auto/arrayType25.xml
----------------- Instantiating /home/travis/build/icyphy/ptII/ptolemy/actor/lib/test/auto/arrayType25.xml
2 ms. Memory: 556032K Free: 293713K (53%)
----------------- Invoking toplevel() on ptolemy.moml.MoMLSimpleApplication@6b84f36a
----------------- Done invoking toplevel() on ptolemy.moml.MoMLSimpleApplication@6b84f36a
reloadAllAccessors: .arrayType25

===========================================================================================
----------------- testing Wed Apr 01 13:48:48 UTC 2020 /home/travis/build/icyphy/ptII/ptolemy/actor/lib/test/auto/arrayType26.xml
----------------- Instantiating /home/travis/build/icyphy/ptII/ptolemy/actor/lib/test/auto/arrayType26.xml
1 ms. Memory: 556032K Free: 288593K (52%)
----------------- Invoking toplevel() on ptolemy.moml.MoMLSimpleApplication@1c79fc2
----------------- Done invoking toplevel() on ptolemy.moml.MoMLSimpleApplication@1c79fc2
reloadAllAccessors: .arrayType26

===========================================================================================
----------------- testing Wed Apr 01 13:48:48 UTC 2020 /home/travis/build/icyphy/ptII/ptolemy/actor/lib/test/auto/arrayType27.xml
----------------- Instantiating /home/travis/build/icyphy/ptII/ptolemy/actor/lib/test/auto/arrayType27.xml
1 ms. Memory: 556032K Free: 282959K (51%)
----------------- Invoking toplevel() on ptolemy.moml.MoMLSimpleApplication@476436e6
----------------- Done invoking toplevel() on ptolemy.moml.MoMLSimpleApplication@476436e6
reloadAllAccessors: .arrayType27

===========================================================================================
----------------- testing Wed Apr 01 13:48:48 UTC 2020 /home/travis/build/icyphy/ptII/ptolemy/actor/lib/test/auto/arrayType28.xml
----------------- Instantiating /home/travis/build/icyphy/ptII/ptolemy/actor/lib/test/auto/arrayType28.xml
2 ms. Memory: 556032K Free: 277839K (50%)
----------------- Invoking toplevel() on ptolemy.moml.MoMLSimpleApplication@1ecfe01b
----------------- Done invoking toplevel() on ptolemy.moml.MoMLSimpleApplication@1ecfe01b
reloadAllAccessors: .arrayType28

===========================================================================================
----------------- testing Wed Apr 01 13:48:48 UTC 2020 /home/travis/build/icyphy/ptII/ptolemy/actor/lib/test/auto/arrayType3.xml
----------------- Instantiating /home/travis/build/icyphy/ptII/ptolemy/actor/lib/test/auto/arrayType3.xml
2 ms. Memory: 556032K Free: 272719K (49%)
----------------- Invoking toplevel() on ptolemy.moml.MoMLSimpleApplication@777620ad
----------------- Done invoking toplevel() on ptolemy.moml.MoMLSimpleApplication@777620ad
reloadAllAccessors: .arrayType3

===========================================================================================
----------------- testing Wed Apr 01 13:48:48 UTC 2020 /home/travis/build/icyphy/ptII/ptolemy/actor/lib/test/auto/arrayType4.xml
----------------- Instantiating /home/travis/build/icyphy/ptII/ptolemy/actor/lib/test/auto/arrayType4.xml
4 ms. Memory: 556032K Free: 267089K (48%)
----------------- Invoking toplevel() on ptolemy.moml.MoMLSimpleApplication@59990c8e
----------------- Done invoking toplevel() on ptolemy.moml.MoMLSimpleApplication@59990c8e
reloadAllAccessors: .arrayType4

===========================================================================================
----------------- testing Wed Apr 01 13:48:48 UTC 2020 /home/travis/build/icyphy/ptII/ptolemy/actor/lib/test/auto/arrayType5.xml
----------------- Instantiating /home/travis/build/icyphy/ptII/ptolemy/actor/lib/test/auto/arrayType5.xml
1 ms. Memory: 556032K Free: 261969K (47%)
----------------- Invoking toplevel() on ptolemy.moml.MoMLSimpleApplication@720bc16c
----------------- Done invoking toplevel() on ptolemy.moml.MoMLSimpleApplication@720bc16c
reloadAllAccessors: .arrayType5

===========================================================================================
----------------- testing Wed Apr 01 13:48:48 UTC 2020 /home/travis/build/icyphy/ptII/ptolemy/actor/lib/test/auto/arrayType6.xml
----------------- Instantiating /home/travis/build/icyphy/ptII/ptolemy/actor/lib/test/auto/arrayType6.xml
1 ms. Memory: 556032K Free: 256849K (46%)
----------------- Invoking toplevel() on ptolemy.moml.MoMLSimpleApplication@6d0f55bc
----------------- Done invoking toplevel() on ptolemy.moml.MoMLSimpleApplication@6d0f55bc
reloadAllAccessors: .arrayType6

===========================================================================================
----------------- testing Wed Apr 01 13:48:48 UTC 2020 /home/travis/build/icyphy/ptII/ptolemy/actor/lib/test/auto/arrayType7.xml
----------------- Instantiating /home/travis/build/icyphy/ptII/ptolemy/actor/lib/test/auto/arrayType7.xml
2 ms. Memory: 556032K Free: 252239K (45%)
----------------- Invoking toplevel() on ptolemy.moml.MoMLSimpleApplication@350dfacd
----------------- Done invoking toplevel() on ptolemy.moml.MoMLSimpleApplication@350dfacd
reloadAllAccessors: .arrayType7

===========================================================================================
----------------- testing Wed Apr 01 13:48:48 UTC 2020 /home/travis/build/icyphy/ptII/ptolemy/actor/lib/test/auto/arrayType8.xml
----------------- Instantiating /home/travis/build/icyphy/ptII/ptolemy/actor/lib/test/auto/arrayType8.xml
6 ms. Memory: 556032K Free: 247119K (44%)
----------------- Invoking toplevel() on ptolemy.moml.MoMLSimpleApplication@155b6a24
----------------- Done invoking toplevel() on ptolemy.moml.MoMLSimpleApplication@155b6a24
reloadAllAccessors: .arrayType8

===========================================================================================
----------------- testing Wed Apr 01 13:48:48 UTC 2020 /home/travis/build/icyphy/ptII/ptolemy/actor/lib/test/auto/arrayType9.xml
----------------- Instantiating /home/travis/build/icyphy/ptII/ptolemy/actor/lib/test/auto/arrayType9.xml
1 ms. Memory: 556032K Free: 242513K (44%)
----------------- Invoking toplevel() on ptolemy.moml.MoMLSimpleApplication@c18355d
----------------- Done invoking toplevel() on ptolemy.moml.MoMLSimpleApplication@c18355d
reloadAllAccessors: .arrayType9

===========================================================================================
----------------- testing Wed Apr 01 13:48:48 UTC 2020 /home/travis/build/icyphy/ptII/ptolemy/actor/lib/test/auto/cast.xml
----------------- Instantiating /home/travis/build/icyphy/ptII/ptolemy/actor/lib/test/auto/cast.xml
2 ms. Memory: 556032K Free: 237393K (43%)
----------------- Invoking toplevel() on ptolemy.moml.MoMLSimpleApplication@5204b835
----------------- Done invoking toplevel() on ptolemy.moml.MoMLSimpleApplication@5204b835
reloadAllAccessors: .cast

===========================================================================================
----------------- testing Wed Apr 01 13:48:48 UTC 2020 /home/travis/build/icyphy/ptII/ptolemy/actor/lib/test/auto/compositeMultiPort.xml
----------------- Instantiating /home/travis/build/icyphy/ptII/ptolemy/actor/lib/test/auto/compositeMultiPort.xml
3 ms. Memory: 556032K Free: 228673K (41%)
----------------- Invoking toplevel() on ptolemy.moml.MoMLSimpleApplication@3ecfcccc
----------------- Done invoking toplevel() on ptolemy.moml.MoMLSimpleApplication@3ecfcccc
reloadAllAccessors: .compositeMultiPort

===========================================================================================
----------------- testing Wed Apr 01 13:48:48 UTC 2020 /home/travis/build/icyphy/ptII/ptolemy/actor/lib/test/auto/expressionCastInference.xml
----------------- Instantiating /home/travis/build/icyphy/ptII/ptolemy/actor/lib/test/auto/expressionCastInference.xml
2 ms. Memory: 556032K Free: 223567K (40%)
----------------- Invoking toplevel() on ptolemy.moml.MoMLSimpleApplication@72f18b93
----------------- Done invoking toplevel() on ptolemy.moml.MoMLSimpleApplication@72f18b93
reloadAllAccessors: .expressionCastInference

===========================================================================================
----------------- testing Wed Apr 01 13:48:48 UTC 2020 /home/travis/build/icyphy/ptII/ptolemy/actor/lib/test/auto/expressionCastInference2.xml
----------------- Instantiating /home/travis/build/icyphy/ptII/ptolemy/actor/lib/test/auto/expressionCastInference2.xml
2 ms. Memory: 556032K Free: 218961K (39%)
----------------- Invoking toplevel() on ptolemy.moml.MoMLSimpleApplication@7d408a2b
----------------- Done invoking toplevel() on ptolemy.moml.MoMLSimpleApplication@7d408a2b
reloadAllAccessors: .expressionCastInference2

===========================================================================================
----------------- testing Wed Apr 01 13:48:48 UTC 2020 /home/travis/build/icyphy/ptII/ptolemy/actor/lib/test/auto/expressionInference.xml
----------------- Instantiating /home/travis/build/icyphy/ptII/ptolemy/actor/lib/test/auto/expressionInference.xml
1 ms. Memory: 556032K Free: 214351K (39%)
----------------- Invoking toplevel() on ptolemy.moml.MoMLSimpleApplication@38ab8c00
----------------- Done invoking toplevel() on ptolemy.moml.MoMLSimpleApplication@38ab8c00
reloadAllAccessors: .expressionInference

===========================================================================================
----------------- testing Wed Apr 01 13:48:48 UTC 2020 /home/travis/build/icyphy/ptII/ptolemy/actor/lib/test/auto/expression_bug.xml
----------------- Instantiating /home/travis/build/icyphy/ptII/ptolemy/actor/lib/test/auto/expression_bug.xml
1 ms. Memory: 556032K Free: 209231K (38%)
----------------- Invoking toplevel() on ptolemy.moml.MoMLSimpleApplication@1014a42c
----------------- Done invoking toplevel() on ptolemy.moml.MoMLSimpleApplication@1014a42c
reloadAllAccessors: .expression_bug

===========================================================================================
----------------- testing Wed Apr 01 13:48:48 UTC 2020 /home/travis/build/icyphy/ptII/ptolemy/actor/lib/test/auto/factorial.xml
----------------- Instantiating /home/travis/build/icyphy/ptII/ptolemy/actor/lib/test/auto/factorial.xml
45 ms. Memory: 556032K Free: 200529K (36%)
----------------- Invoking toplevel() on ptolemy.moml.MoMLSimpleApplication@2680e69b
----------------- Done invoking toplevel() on ptolemy.moml.MoMLSimpleApplication@2680e69b
reloadAllAccessors: .factorial

===========================================================================================
----------------- testing Wed Apr 01 13:48:48 UTC 2020 /home/travis/build/icyphy/ptII/ptolemy/actor/lib/test/auto/filterTest1.xml
----------------- Instantiating /home/travis/build/icyphy/ptII/ptolemy/actor/lib/test/auto/filterTest1.xml
3 ms. Memory: 556032K Free: 194385K (35%)
----------------- Invoking toplevel() on ptolemy.moml.MoMLSimpleApplication@2a269911
----------------- Done invoking toplevel() on ptolemy.moml.MoMLSimpleApplication@2a269911
reloadAllAccessors: .filterTest1

===========================================================================================
----------------- testing Wed Apr 01 13:48:48 UTC 2020 /home/travis/build/icyphy/ptII/ptolemy/actor/lib/test/auto/funcApplyInConst.xml
----------------- Instantiating /home/travis/build/icyphy/ptII/ptolemy/actor/lib/test/auto/funcApplyInConst.xml
1 ms. Memory: 556032K Free: 190799K (34%)
----------------- Invoking toplevel() on ptolemy.moml.MoMLSimpleApplication@4c504e75
----------------- Done invoking toplevel() on ptolemy.moml.MoMLSimpleApplication@4c504e75
reloadAllAccessors: .funcApplyInConst

===========================================================================================
----------------- testing Wed Apr 01 13:48:48 UTC 2020 /home/travis/build/icyphy/ptII/ptolemy/actor/lib/test/auto/funcApplyInExpr.xml
----------------- Instantiating /home/travis/build/icyphy/ptII/ptolemy/actor/lib/test/auto/funcApplyInExpr.xml
2 ms. Memory: 556032K Free: 186703K (34%)
----------------- Invoking toplevel() on ptolemy.moml.MoMLSimpleApplication@375754df
----------------- Done invoking toplevel() on ptolemy.moml.MoMLSimpleApplication@375754df
reloadAllAccessors: .funcApplyInExpr

===========================================================================================
----------------- testing Wed Apr 01 13:48:48 UTC 2020 /home/travis/build/icyphy/ptII/ptolemy/actor/lib/test/auto/function.xml
----------------- Instantiating /home/travis/build/icyphy/ptII/ptolemy/actor/lib/test/auto/function.xml
2 ms. Memory: 556032K Free: 182097K (33%)
----------------- Invoking toplevel() on ptolemy.moml.MoMLSimpleApplication@3da122db
----------------- Done invoking toplevel() on ptolemy.moml.MoMLSimpleApplication@3da122db
reloadAllAccessors: .function

===========================================================================================
----------------- testing Wed Apr 01 13:48:48 UTC 2020 /home/travis/build/icyphy/ptII/ptolemy/actor/lib/test/auto/function2.xml
----------------- Instantiating /home/travis/build/icyphy/ptII/ptolemy/actor/lib/test/auto/function2.xml
3 ms. Memory: 556032K Free: 500561K (90%)
----------------- Invoking toplevel() on ptolemy.moml.MoMLSimpleApplication@2f337514
----------------- Done invoking toplevel() on ptolemy.moml.MoMLSimpleApplication@2f337514
reloadAllAccessors: .function2

===========================================================================================
----------------- testing Wed Apr 01 13:48:48 UTC 2020 /home/travis/build/icyphy/ptII/ptolemy/actor/lib/test/auto/function3.xml
----------------- Instantiating /home/travis/build/icyphy/ptII/ptolemy/actor/lib/test/auto/function3.xml
2 ms. Memory: 556032K Free: 495951K (89%)
----------------- Invoking toplevel() on ptolemy.moml.MoMLSimpleApplication@3123f84d
----------------- Done invoking toplevel() on ptolemy.moml.MoMLSimpleApplication@3123f84d
reloadAllAccessors: .function3

===========================================================================================
----------------- testing Wed Apr 01 13:48:48 UTC 2020 /home/travis/build/icyphy/ptII/ptolemy/actor/lib/test/auto/functionClosureTest1.xml
----------------- Instantiating /home/travis/build/icyphy/ptII/ptolemy/actor/lib/test/auto/functionClosureTest1.xml
2 ms. Memory: 556032K Free: 490321K (88%)
----------------- Invoking toplevel() on ptolemy.moml.MoMLSimpleApplication@7da9bd9f
----------------- Done invoking toplevel() on ptolemy.moml.MoMLSimpleApplication@7da9bd9f
reloadAllAccessors: .functionClosureTest1

===========================================================================================
----------------- testing Wed Apr 01 13:48:48 UTC 2020 /home/travis/build/icyphy/ptII/ptolemy/actor/lib/test/auto/functionClosureTest2.xml
----------------- Instantiating /home/travis/build/icyphy/ptII/ptolemy/actor/lib/test/auto/functionClosureTest2.xml
1 ms. Memory: 556032K Free: 486225K (87%)
----------------- Invoking toplevel() on ptolemy.moml.MoMLSimpleApplication@656c57cc
----------------- Done invoking toplevel() on ptolemy.moml.MoMLSimpleApplication@656c57cc
reloadAllAccessors: .functionClosureTest2

===========================================================================================
----------------- testing Wed Apr 01 13:48:48 UTC 2020 /home/travis/build/icyphy/ptII/ptolemy/actor/lib/test/auto/functionClosureTest3.xml
----------------- Instantiating /home/travis/build/icyphy/ptII/ptolemy/actor/lib/test/auto/functionClosureTest3.xml
2 ms. Memory: 556032K Free: 481105K (87%)
----------------- Invoking toplevel() on ptolemy.moml.MoMLSimpleApplication@2f739f38
----------------- Done invoking toplevel() on ptolemy.moml.MoMLSimpleApplication@2f739f38
reloadAllAccessors: .functionClosureTest3

===========================================================================================
----------------- testing Wed Apr 01 13:48:48 UTC 2020 /home/travis/build/icyphy/ptII/ptolemy/actor/lib/test/auto/functionClosureTest4.xml
----------------- Instantiating /home/travis/build/icyphy/ptII/ptolemy/actor/lib/test/auto/functionClosureTest4.xml
4 ms. Memory: 556032K Free: 474447K (85%)
----------------- Invoking toplevel() on ptolemy.moml.MoMLSimpleApplication@5aea5360
----------------- Done invoking toplevel() on ptolemy.moml.MoMLSimpleApplication@5aea5360
reloadAllAccessors: .functionClosureTest4

===========================================================================================
----------------- testing Wed Apr 01 13:48:48 UTC 2020 /home/travis/build/icyphy/ptII/ptolemy/actor/lib/test/auto/functionClosureTest5.xml
----------------- Instantiating /home/travis/build/icyphy/ptII/ptolemy/actor/lib/test/auto/functionClosureTest5.xml
4 ms. Memory: 556032K Free: 469321K (84%)
----------------- Invoking toplevel() on ptolemy.moml.MoMLSimpleApplication@31db68ea
----------------- Done invoking toplevel() on ptolemy.moml.MoMLSimpleApplication@31db68ea
reloadAllAccessors: .functionClosureTest5

===========================================================================================
----------------- testing Wed Apr 01 13:48:48 UTC 2020 /home/travis/build/icyphy/ptII/ptolemy/actor/lib/test/auto/functionClosureTest6.xml
----------------- Instantiating /home/travis/build/icyphy/ptII/ptolemy/actor/lib/test/auto/functionClosureTest6.xml
1 ms. Memory: 556032K Free: 464201K (83%)
----------------- Invoking toplevel() on ptolemy.moml.MoMLSimpleApplication@2d8adb0a
----------------- Done invoking toplevel() on ptolemy.moml.MoMLSimpleApplication@2d8adb0a
reloadAllAccessors: .functionClosureTest6

===========================================================================================
----------------- testing Wed Apr 01 13:48:48 UTC 2020 /home/travis/build/icyphy/ptII/ptolemy/actor/lib/test/auto/functionsOnArcs.xml
----------------- Instantiating /home/travis/build/icyphy/ptII/ptolemy/actor/lib/test/auto/functionsOnArcs.xml
2 ms. Memory: 556032K Free: 458577K (82%)
----------------- Invoking toplevel() on ptolemy.moml.MoMLSimpleApplication@1ef04e9
----------------- Done invoking toplevel() on ptolemy.moml.MoMLSimpleApplication@1ef04e9
reloadAllAccessors: .functionsOnArcs

===========================================================================================
----------------- testing Wed Apr 01 13:48:48 UTC 2020 /home/travis/build/icyphy/ptII/ptolemy/actor/lib/test/auto/functionsOnArcsHOF.xml
----------------- Instantiating /home/travis/build/icyphy/ptII/ptolemy/actor/lib/test/auto/functionsOnArcsHOF.xml
4 ms. Memory: 556032K Free: 452943K (81%)
----------------- Invoking toplevel() on ptolemy.moml.MoMLSimpleApplication@74ea6e37
----------------- Done invoking toplevel() on ptolemy.moml.MoMLSimpleApplication@74ea6e37
reloadAllAccessors: .functionsOnArcsHOF

===========================================================================================
----------------- testing Wed Apr 01 13:48:48 UTC 2020 /home/travis/build/icyphy/ptII/ptolemy/actor/lib/test/auto/logic.xml
----------------- Instantiating /home/travis/build/icyphy/ptII/ptolemy/actor/lib/test/auto/logic.xml
2 ms. Memory: 556032K Free: 445265K (80%)
----------------- Invoking toplevel() on ptolemy.moml.MoMLSimpleApplication@6c0b29bd
----------------- Done invoking toplevel() on ptolemy.moml.MoMLSimpleApplication@6c0b29bd
reloadAllAccessors: .logic

===========================================================================================
----------------- testing Wed Apr 01 13:48:48 UTC 2020 /home/travis/build/icyphy/ptII/ptolemy/actor/lib/test/auto/matrixType.xml
----------------- Instantiating /home/travis/build/icyphy/ptII/ptolemy/actor/lib/test/auto/matrixType.xml
2 ms. Memory: 556032K Free: 440655K (79%)
----------------- Invoking toplevel() on ptolemy.moml.MoMLSimpleApplication@3612f37c
----------------- Done invoking toplevel() on ptolemy.moml.MoMLSimpleApplication@3612f37c
reloadAllAccessors: .matrixType

===========================================================================================
----------------- testing Wed Apr 01 13:48:48 UTC 2020 /home/travis/build/icyphy/ptII/ptolemy/actor/lib/test/auto/matrixType10.xml
----------------- Instantiating /home/travis/build/icyphy/ptII/ptolemy/actor/lib/test/auto/matrixType10.xml
2 ms. Memory: 556032K Free: 435535K (78%)
----------------- Invoking toplevel() on ptolemy.moml.MoMLSimpleApplication@6a3f2105
----------------- Done invoking toplevel() on ptolemy.moml.MoMLSimpleApplication@6a3f2105
reloadAllAccessors: .matrixType10

===========================================================================================
----------------- testing Wed Apr 01 13:48:48 UTC 2020 /home/travis/build/icyphy/ptII/ptolemy/actor/lib/test/auto/matrixType11.xml
----------------- Instantiating /home/travis/build/icyphy/ptII/ptolemy/actor/lib/test/auto/matrixType11.xml
2 ms. Memory: 556032K Free: 430929K (78%)
----------------- Invoking toplevel() on ptolemy.moml.MoMLSimpleApplication@6256c091
----------------- Done invoking toplevel() on ptolemy.moml.MoMLSimpleApplication@6256c091
reloadAllAccessors: .matrixType11

===========================================================================================
----------------- testing Wed Apr 01 13:48:48 UTC 2020 /home/travis/build/icyphy/ptII/ptolemy/actor/lib/test/auto/matrixType12.xml
----------------- Instantiating /home/travis/build/icyphy/ptII/ptolemy/actor/lib/test/auto/matrixType12.xml
1 ms. Memory: 556032K Free: 425809K (77%)
----------------- Invoking toplevel() on ptolemy.moml.MoMLSimpleApplication@3c7530ca
----------------- Done invoking toplevel() on ptolemy.moml.MoMLSimpleApplication@3c7530ca
reloadAllAccessors: .matrixType12

===========================================================================================
----------------- testing Wed Apr 01 13:48:48 UTC 2020 /home/travis/build/icyphy/ptII/ptolemy/actor/lib/test/auto/matrixType13.xml
----------------- Instantiating /home/travis/build/icyphy/ptII/ptolemy/actor/lib/test/auto/matrixType13.xml
1 ms. Memory: 556032K Free: 421199K (76%)
----------------- Invoking toplevel() on ptolemy.moml.MoMLSimpleApplication@4485c385
----------------- Done invoking toplevel() on ptolemy.moml.MoMLSimpleApplication@4485c385
reloadAllAccessors: .matrixType13

===========================================================================================
----------------- testing Wed Apr 01 13:48:48 UTC 2020 /home/travis/build/icyphy/ptII/ptolemy/actor/lib/test/auto/matrixType14.xml
----------------- Instantiating /home/travis/build/icyphy/ptII/ptolemy/actor/lib/test/auto/matrixType14.xml
1 ms. Memory: 556032K Free: 416079K (75%)
----------------- Invoking toplevel() on ptolemy.moml.MoMLSimpleApplication@2b3ad9f3
----------------- Done invoking toplevel() on ptolemy.moml.MoMLSimpleApplication@2b3ad9f3
reloadAllAccessors: .matrixType14

===========================================================================================
----------------- testing Wed Apr 01 13:48:48 UTC 2020 /home/travis/build/icyphy/ptII/ptolemy/actor/lib/test/auto/matrixType2.xml
----------------- Instantiating /home/travis/build/icyphy/ptII/ptolemy/actor/lib/test/auto/matrixType2.xml
1 ms. Memory: 556032K Free: 410959K (74%)
----------------- Invoking toplevel() on ptolemy.moml.MoMLSimpleApplication@ccae705
----------------- Done invoking toplevel() on ptolemy.moml.MoMLSimpleApplication@ccae705
reloadAllAccessors: .matrixType2

===========================================================================================
----------------- testing Wed Apr 01 13:48:48 UTC 2020 /home/travis/build/icyphy/ptII/ptolemy/actor/lib/test/auto/matrixType3.xml
----------------- Instantiating /home/travis/build/icyphy/ptII/ptolemy/actor/lib/test/auto/matrixType3.xml
4 ms. Memory: 556032K Free: 405839K (73%)
----------------- Invoking toplevel() on ptolemy.moml.MoMLSimpleApplication@28363578
----------------- Done invoking toplevel() on ptolemy.moml.MoMLSimpleApplication@28363578
reloadAllAccessors: .matrixType3

===========================================================================================
----------------- testing Wed Apr 01 13:48:48 UTC 2020 /home/travis/build/icyphy/ptII/ptolemy/actor/lib/test/auto/matrixType4.xml
----------------- Instantiating /home/travis/build/icyphy/ptII/ptolemy/actor/lib/test/auto/matrixType4.xml
2 ms. Memory: 556032K Free: 401233K (72%)
----------------- Invoking toplevel() on ptolemy.moml.MoMLSimpleApplication@2c64559e
----------------- Done invoking toplevel() on ptolemy.moml.MoMLSimpleApplication@2c64559e
reloadAllAccessors: .matrixType4

===========================================================================================
----------------- testing Wed Apr 01 13:48:48 UTC 2020 /home/travis/build/icyphy/ptII/ptolemy/actor/lib/test/auto/matrixType5.xml
----------------- Instantiating /home/travis/build/icyphy/ptII/ptolemy/actor/lib/test/auto/matrixType5.xml
2 ms. Memory: 556032K Free: 396113K (71%)
----------------- Invoking toplevel() on ptolemy.moml.MoMLSimpleApplication@7a25aef9
----------------- Done invoking toplevel() on ptolemy.moml.MoMLSimpleApplication@7a25aef9
reloadAllAccessors: .matrixType5

===========================================================================================
----------------- testing Wed Apr 01 13:48:48 UTC 2020 /home/travis/build/icyphy/ptII/ptolemy/actor/lib/test/auto/matrixType6.xml
----------------- Instantiating /home/travis/build/icyphy/ptII/ptolemy/actor/lib/test/auto/matrixType6.xml
2 ms. Memory: 556032K Free: 391503K (70%)
----------------- Invoking toplevel() on ptolemy.moml.MoMLSimpleApplication@67e5e61
----------------- Done invoking toplevel() on ptolemy.moml.MoMLSimpleApplication@67e5e61
reloadAllAccessors: .matrixType6

===========================================================================================
----------------- testing Wed Apr 01 13:48:48 UTC 2020 /home/travis/build/icyphy/ptII/ptolemy/actor/lib/test/auto/matrixType7.xml
----------------- Instantiating /home/travis/build/icyphy/ptII/ptolemy/actor/lib/test/auto/matrixType7.xml
2 ms. Memory: 556032K Free: 386383K (69%)
----------------- Invoking toplevel() on ptolemy.moml.MoMLSimpleApplication@1bd76885
----------------- Done invoking toplevel() on ptolemy.moml.MoMLSimpleApplication@1bd76885
reloadAllAccessors: .matrixType7

===========================================================================================
----------------- testing Wed Apr 01 13:48:48 UTC 2020 /home/travis/build/icyphy/ptII/ptolemy/actor/lib/test/auto/matrixType8.xml
----------------- Instantiating /home/travis/build/icyphy/ptII/ptolemy/actor/lib/test/auto/matrixType8.xml
1 ms. Memory: 556032K Free: 381777K (69%)
----------------- Invoking toplevel() on ptolemy.moml.MoMLSimpleApplication@45665a33
----------------- Done invoking toplevel() on ptolemy.moml.MoMLSimpleApplication@45665a33
reloadAllAccessors: .matrixType8

===========================================================================================
----------------- testing Wed Apr 01 13:48:48 UTC 2020 /home/travis/build/icyphy/ptII/ptolemy/actor/lib/test/auto/matrixType9.xml
----------------- Instantiating /home/travis/build/icyphy/ptII/ptolemy/actor/lib/test/auto/matrixType9.xml
2 ms. Memory: 556032K Free: 376657K (68%)
----------------- Invoking toplevel() on ptolemy.moml.MoMLSimpleApplication@31d4a3c
----------------- Done invoking toplevel() on ptolemy.moml.MoMLSimpleApplication@31d4a3c
reloadAllAccessors: .matrixType9

===========================================================================================
----------------- testing Wed Apr 01 13:48:48 UTC 2020 /home/travis/build/icyphy/ptII/ptolemy/actor/lib/test/auto/paraFunctest.xml
----------------- Instantiating /home/travis/build/icyphy/ptII/ptolemy/actor/lib/test/auto/paraFunctest.xml
2 ms. Memory: 556032K Free: 372047K (67%)
----------------- Invoking toplevel() on ptolemy.moml.MoMLSimpleApplication@1c0910d5
----------------- Done invoking toplevel() on ptolemy.moml.MoMLSimpleApplication@1c0910d5
reloadAllAccessors: .paraFunctest

===========================================================================================
----------------- testing Wed Apr 01 13:48:48 UTC 2020 /home/travis/build/icyphy/ptII/ptolemy/actor/lib/test/auto/paraFunctest2.xml
----------------- Instantiating /home/travis/build/icyphy/ptII/ptolemy/actor/lib/test/auto/paraFunctest2.xml
2 ms. Memory: 556032K Free: 367951K (66%)
----------------- Invoking toplevel() on ptolemy.moml.MoMLSimpleApplication@2c7f63e4
----------------- Done invoking toplevel() on ptolemy.moml.MoMLSimpleApplication@2c7f63e4
reloadAllAccessors: .paraFunctest2

===========================================================================================
----------------- testing Wed Apr 01 13:48:48 UTC 2020 /home/travis/build/icyphy/ptII/ptolemy/actor/lib/test/auto/parameterPassing.xml
----------------- Instantiating /home/travis/build/icyphy/ptII/ptolemy/actor/lib/test/auto/parameterPassing.xml
1 ms. Memory: 556032K Free: 363345K (65%)
----------------- Invoking toplevel() on ptolemy.moml.MoMLSimpleApplication@46af1744
----------------- Done invoking toplevel() on ptolemy.moml.MoMLSimpleApplication@46af1744
reloadAllAccessors: .parameterPassing

===========================================================================================
----------------- testing Wed Apr 01 13:48:48 UTC 2020 /home/travis/build/icyphy/ptII/ptolemy/actor/lib/test/auto/record.xml
----------------- Instantiating /home/travis/build/icyphy/ptII/ptolemy/actor/lib/test/auto/record.xml
2 ms. Memory: 556032K Free: 358735K (65%)
----------------- Invoking toplevel() on ptolemy.moml.MoMLSimpleApplication@5c1d12c1
----------------- Done invoking toplevel() on ptolemy.moml.MoMLSimpleApplication@5c1d12c1
reloadAllAccessors: .record

===========================================================================================
----------------- testing Wed Apr 01 13:48:48 UTC 2020 /home/travis/build/icyphy/ptII/ptolemy/actor/lib/test/auto/sizedarray1.xml
----------------- Instantiating /home/travis/build/icyphy/ptII/ptolemy/actor/lib/test/auto/sizedarray1.xml
2 ms. Memory: 556032K Free: 353105K (64%)
----------------- Invoking toplevel() on ptolemy.moml.MoMLSimpleApplication@4497c17a
----------------- Done invoking toplevel() on ptolemy.moml.MoMLSimpleApplication@4497c17a
reloadAllAccessors: .sizedarray1

===========================================================================================
----------------- testing Wed Apr 01 13:48:49 UTC 2020 /home/travis/build/icyphy/ptII/ptolemy/actor/lib/test/auto/sizedarray2.xml
----------------- Instantiating /home/travis/build/icyphy/ptII/ptolemy/actor/lib/test/auto/sizedarray2.xml
3 ms. Memory: 556032K Free: 347985K (63%)
----------------- Invoking toplevel() on ptolemy.moml.MoMLSimpleApplication@75778d30
----------------- Done invoking toplevel() on ptolemy.moml.MoMLSimpleApplication@75778d30
reloadAllAccessors: .sizedarray2

===========================================================================================
----------------- testing Wed Apr 01 13:48:49 UTC 2020 /home/travis/build/icyphy/ptII/ptolemy/actor/lib/test/auto/twoPublishers.xml
----------------- Instantiating /home/travis/build/icyphy/ptII/ptolemy/actor/lib/test/auto/twoPublishers.xml
6 ms. Memory: 556032K Free: 337217K (61%)
----------------- Invoking toplevel() on ptolemy.moml.MoMLSimpleApplication@5af5d8fb
----------------- Done invoking toplevel() on ptolemy.moml.MoMLSimpleApplication@5af5d8fb
reloadAllAccessors: .twoPublishers
AutoTests.java: About to close Vertx.
AutoTests.java: Vertx closed.
]]></system-out>
  <system-err><![CDATA[java.lang.RuntimeException: Execution failed
	at ptolemy.moml.MoMLSimpleApplication$UnloadThread.run(MoMLSimpleApplication.java:402)
Caused by: java.lang.RuntimeException: StringUtilities.exit() was called. Normally, we would exit here because Manager.exitAfterWrapup() was called.  However, because the ptolemy.ptII.exitAfterWrapup property is set, we throw this exception instead.
	at ptolemy.util.StringUtilities.exit(StringUtilities.java:365)
	at ptolemy.actor.Manager.wrapup(Manager.java:1549)
	at ptolemy.actor.Manager.execute(Manager.java:407)
	at ptolemy.actor.Manager.run(Manager.java:1263)
	at ptolemy.actor.Manager$PtolemyRunThread.run(Manager.java:1933)
Warning: '.top.test' is in training mode, set the trainingMode parameter to false before checking in
Warning: '.top.test' is in training mode, set the trainingMode parameter to false before checking in
Warning: '.top.test' is in training mode, set the trainingMode parameter to false before checking in
Warning: '.BooleanSwitch_RegressionTest_WrongTrainingValues.Test' is in training mode, set the trainingMode parameter to false before checking in
Warning: '.BooleanSwitch_RegressionTest_WrongTrainingValues.Test2' is in training mode, set the trainingMode parameter to false before checking in
Warning: '.BooleanSwitch_RegressionTest_WrongTrainingValues.Test2' The test produced 0 tokens.
Warning: '.top.testExceptionHandler' is in training mode, set the trainingMode parameter to false before checking in
java.lang.RuntimeException: Execution failed
	at ptolemy.moml.MoMLSimpleApplication$UnloadThread.run(MoMLSimpleApplication.java:402)
Caused by: ptolemy.kernel.util.IllegalActionException: PublisherPorts cannot be used at the top level, use a Publisher actor instead.
  in .PublisherPortToplevelSubscriber.PublisherPort
	at ptolemy.actor.PublisherPort.preinitialize(PublisherPort.java:403)
	at ptolemy.actor.CompositeActor.preinitialize(CompositeActor.java:1769)
	at ptolemy.actor.Manager.preinitializeAndResolveTypes(Manager.java:1040)
	at ptolemy.actor.Manager.initialize(Manager.java:710)
	at ptolemy.actor.Manager.execute(Manager.java:356)
	at ptolemy.actor.Manager.run(Manager.java:1263)
	at ptolemy.actor.Manager$PtolemyRunThread.run(Manager.java:1933)
java.lang.reflect.InvocationTargetException
	at java.base/jdk.internal.reflect.NativeConstructorAccessorImpl.newInstance0(Native Method)
	at java.base/jdk.internal.reflect.NativeConstructorAccessorImpl.newInstance(NativeConstructorAccessorImpl.java:62)
	at java.base/jdk.internal.reflect.DelegatingConstructorAccessorImpl.newInstance(DelegatingConstructorAccessorImpl.java:45)
	at java.base/java.lang.reflect.Constructor.newInstance(Constructor.java:490)
	at ptolemy.util.test.junit.AutoKnownFailedTests.RunModel(AutoKnownFailedTests.java:105)
	at java.base/jdk.internal.reflect.NativeMethodAccessorImpl.invoke0(Native Method)
	at java.base/jdk.internal.reflect.NativeMethodAccessorImpl.invoke(NativeMethodAccessorImpl.java:62)
	at java.base/jdk.internal.reflect.DelegatingMethodAccessorImpl.invoke(DelegatingMethodAccessorImpl.java:43)
	at java.base/java.lang.reflect.Method.invoke(Method.java:566)
	at org.junit.runners.model.FrameworkMethod$1.runReflectiveCall(FrameworkMethod.java:44)
	at org.junit.internal.runners.model.ReflectiveCallable.run(ReflectiveCallable.java:15)
	at org.junit.runners.model.FrameworkMethod.invokeExplosively(FrameworkMethod.java:41)
	at junitparams.internal.InvokeParameterisedMethod.evaluate(InvokeParameterisedMethod.java:102)
	at org.junit.internal.runners.statements.FailOnTimeout$1.run(FailOnTimeout.java:28)
Caused by: ptolemy.kernel.util.IllegalActionException: PublisherPorts cannot be used at the top level, use a Publisher actor instead.
  in .PublisherPortToplevelSubscriber.PublisherPort
	at ptolemy.actor.PublisherPort.preinitialize(PublisherPort.java:403)
	at ptolemy.actor.CompositeActor.preinitialize(CompositeActor.java:1769)
	at ptolemy.actor.Manager.preinitializeAndResolveTypes(Manager.java:1040)
	at ptolemy.actor.Manager.initialize(Manager.java:710)
	at ptolemy.actor.Manager.execute(Manager.java:356)
	at ptolemy.actor.Manager.run(Manager.java:1263)
	at ptolemy.actor.Manager$PtolemyRunThread.run(Manager.java:1933)
java.lang.RuntimeException: Execution failed
	at ptolemy.moml.MoMLSimpleApplication$UnloadThread.run(MoMLSimpleApplication.java:402)
Caused by: ptolemy.kernel.util.IllegalActionException: SubscriberPorts cannot be used at the top level, use a Subscriber actor instead.
  in .PublisherSubscriberPortToplevel.SubscriberPort
	at ptolemy.actor.SubscriberPort.preinitialize(SubscriberPort.java:328)
	at ptolemy.actor.CompositeActor.preinitialize(CompositeActor.java:1769)
	at ptolemy.actor.Manager.preinitializeAndResolveTypes(Manager.java:1040)
	at ptolemy.actor.Manager.initialize(Manager.java:710)
	at ptolemy.actor.Manager.execute(Manager.java:356)
	at ptolemy.actor.Manager.run(Manager.java:1263)
	at ptolemy.actor.Manager$PtolemyRunThread.run(Manager.java:1933)
java.lang.reflect.InvocationTargetException
	at java.base/jdk.internal.reflect.NativeConstructorAccessorImpl.newInstance0(Native Method)
	at java.base/jdk.internal.reflect.NativeConstructorAccessorImpl.newInstance(NativeConstructorAccessorImpl.java:62)
	at java.base/jdk.internal.reflect.DelegatingConstructorAccessorImpl.newInstance(DelegatingConstructorAccessorImpl.java:45)
	at java.base/java.lang.reflect.Constructor.newInstance(Constructor.java:490)
	at ptolemy.util.test.junit.AutoKnownFailedTests.RunModel(AutoKnownFailedTests.java:105)
	at java.base/jdk.internal.reflect.NativeMethodAccessorImpl.invoke0(Native Method)
	at java.base/jdk.internal.reflect.NativeMethodAccessorImpl.invoke(NativeMethodAccessorImpl.java:62)
	at java.base/jdk.internal.reflect.DelegatingMethodAccessorImpl.invoke(DelegatingMethodAccessorImpl.java:43)
	at java.base/java.lang.reflect.Method.invoke(Method.java:566)
	at org.junit.runners.model.FrameworkMethod$1.runReflectiveCall(FrameworkMethod.java:44)
	at org.junit.internal.runners.model.ReflectiveCallable.run(ReflectiveCallable.java:15)
	at org.junit.runners.model.FrameworkMethod.invokeExplosively(FrameworkMethod.java:41)
	at junitparams.internal.InvokeParameterisedMethod.evaluate(InvokeParameterisedMethod.java:102)
	at org.junit.internal.runners.statements.FailOnTimeout$1.run(FailOnTimeout.java:28)
Caused by: ptolemy.kernel.util.IllegalActionException: SubscriberPorts cannot be used at the top level, use a Subscriber actor instead.
  in .PublisherSubscriberPortToplevel.SubscriberPort
	at ptolemy.actor.SubscriberPort.preinitialize(SubscriberPort.java:328)
	at ptolemy.actor.CompositeActor.preinitialize(CompositeActor.java:1769)
	at ptolemy.actor.Manager.preinitializeAndResolveTypes(Manager.java:1040)
	at ptolemy.actor.Manager.initialize(Manager.java:710)
	at ptolemy.actor.Manager.execute(Manager.java:356)
	at ptolemy.actor.Manager.run(Manager.java:1263)
	at ptolemy.actor.Manager$PtolemyRunThread.run(Manager.java:1933)
java.lang.RuntimeException: Execution failed
	at ptolemy.moml.MoMLSimpleApplication$UnloadThread.run(MoMLSimpleApplication.java:402)
Caused by: ptolemy.kernel.util.IllegalActionException: SubscriptionAggregatorPorts cannot be used at the top level, use a SubscriptionAggregator actor instead.
  in .PublisherSubscriptionAggregatorPort.SubscriptionAggregatorPort
	at ptolemy.actor.SubscriptionAggregatorPort.preinitialize(SubscriptionAggregatorPort.java:353)
	at ptolemy.actor.CompositeActor.preinitialize(CompositeActor.java:1769)
	at ptolemy.actor.Manager.preinitializeAndResolveTypes(Manager.java:1040)
	at ptolemy.actor.Manager.initialize(Manager.java:710)
	at ptolemy.actor.Manager.execute(Manager.java:356)
	at ptolemy.actor.Manager.run(Manager.java:1263)
	at ptolemy.actor.Manager$PtolemyRunThread.run(Manager.java:1933)
java.lang.reflect.InvocationTargetException
	at java.base/jdk.internal.reflect.NativeConstructorAccessorImpl.newInstance0(Native Method)
	at java.base/jdk.internal.reflect.NativeConstructorAccessorImpl.newInstance(NativeConstructorAccessorImpl.java:62)
	at java.base/jdk.internal.reflect.DelegatingConstructorAccessorImpl.newInstance(DelegatingConstructorAccessorImpl.java:45)
	at java.base/java.lang.reflect.Constructor.newInstance(Constructor.java:490)
	at ptolemy.util.test.junit.AutoKnownFailedTests.RunModel(AutoKnownFailedTests.java:105)
	at java.base/jdk.internal.reflect.NativeMethodAccessorImpl.invoke0(Native Method)
	at java.base/jdk.internal.reflect.NativeMethodAccessorImpl.invoke(NativeMethodAccessorImpl.java:62)
	at java.base/jdk.internal.reflect.DelegatingMethodAccessorImpl.invoke(DelegatingMethodAccessorImpl.java:43)
	at java.base/java.lang.reflect.Method.invoke(Method.java:566)
	at org.junit.runners.model.FrameworkMethod$1.runReflectiveCall(FrameworkMethod.java:44)
	at org.junit.internal.runners.model.ReflectiveCallable.run(ReflectiveCallable.java:15)
	at org.junit.runners.model.FrameworkMethod.invokeExplosively(FrameworkMethod.java:41)
	at junitparams.internal.InvokeParameterisedMethod.evaluate(InvokeParameterisedMethod.java:102)
	at org.junit.internal.runners.statements.FailOnTimeout$1.run(FailOnTimeout.java:28)
Caused by: ptolemy.kernel.util.IllegalActionException: SubscriptionAggregatorPorts cannot be used at the top level, use a SubscriptionAggregator actor instead.
  in .PublisherSubscriptionAggregatorPort.SubscriptionAggregatorPort
	at ptolemy.actor.SubscriptionAggregatorPort.preinitialize(SubscriptionAggregatorPort.java:353)
	at ptolemy.actor.CompositeActor.preinitialize(CompositeActor.java:1769)
	at ptolemy.actor.Manager.preinitializeAndResolveTypes(Manager.java:1040)
	at ptolemy.actor.Manager.initialize(Manager.java:710)
	at ptolemy.actor.Manager.execute(Manager.java:356)
	at ptolemy.actor.Manager.run(Manager.java:1263)
	at ptolemy.actor.Manager$PtolemyRunThread.run(Manager.java:1933)
java.lang.RuntimeException: Execution failed
	at ptolemy.moml.MoMLSimpleApplication$UnloadThread.run(MoMLSimpleApplication.java:402)
Caused by: ptolemy.kernel.util.IllegalActionException: TypeTest actor has no training data.
  in .sizedarray3.TypeTest
	at ptolemy.actor.lib.TypeTest.initialize(TypeTest.java:250)
	at ptolemy.actor.Director.initialize(Director.java:938)
	at ptolemy.actor.Director.initialize(Director.java:907)
	at ptolemy.actor.sched.StaticSchedulingDirector.initialize(StaticSchedulingDirector.java:159)
	at ptolemy.domains.sdf.kernel.SDFDirector.initialize(SDFDirector.java:544)
	at ptolemy.actor.CompositeActor.initialize(CompositeActor.java:935)
	at ptolemy.actor.Manager.initialize(Manager.java:724)
	at ptolemy.actor.Manager.execute(Manager.java:356)
	at ptolemy.actor.Manager.run(Manager.java:1263)
	at ptolemy.actor.Manager$PtolemyRunThread.run(Manager.java:1933)
java.lang.reflect.InvocationTargetException
	at java.base/jdk.internal.reflect.NativeConstructorAccessorImpl.newInstance0(Native Method)
	at java.base/jdk.internal.reflect.NativeConstructorAccessorImpl.newInstance(NativeConstructorAccessorImpl.java:62)
	at java.base/jdk.internal.reflect.DelegatingConstructorAccessorImpl.newInstance(DelegatingConstructorAccessorImpl.java:45)
	at java.base/java.lang.reflect.Constructor.newInstance(Constructor.java:490)
	at ptolemy.util.test.junit.AutoKnownFailedTests.RunModel(AutoKnownFailedTests.java:105)
	at java.base/jdk.internal.reflect.NativeMethodAccessorImpl.invoke0(Native Method)
	at java.base/jdk.internal.reflect.NativeMethodAccessorImpl.invoke(NativeMethodAccessorImpl.java:62)
	at java.base/jdk.internal.reflect.DelegatingMethodAccessorImpl.invoke(DelegatingMethodAccessorImpl.java:43)
	at java.base/java.lang.reflect.Method.invoke(Method.java:566)
	at org.junit.runners.model.FrameworkMethod$1.runReflectiveCall(FrameworkMethod.java:44)
	at org.junit.internal.runners.model.ReflectiveCallable.run(ReflectiveCallable.java:15)
	at org.junit.runners.model.FrameworkMethod.invokeExplosively(FrameworkMethod.java:41)
	at junitparams.internal.InvokeParameterisedMethod.evaluate(InvokeParameterisedMethod.java:102)
	at org.junit.internal.runners.statements.FailOnTimeout$1.run(FailOnTimeout.java:28)
Caused by: ptolemy.kernel.util.IllegalActionException: TypeTest actor has no training data.
  in .sizedarray3.TypeTest
	at ptolemy.actor.lib.TypeTest.initialize(TypeTest.java:250)
	at ptolemy.actor.Director.initialize(Director.java:938)
	at ptolemy.actor.Director.initialize(Director.java:907)
	at ptolemy.actor.sched.StaticSchedulingDirector.initialize(StaticSchedulingDirector.java:159)
	at ptolemy.domains.sdf.kernel.SDFDirector.initialize(SDFDirector.java:544)
	at ptolemy.actor.CompositeActor.initialize(CompositeActor.java:935)
	at ptolemy.actor.Manager.initialize(Manager.java:724)
	at ptolemy.actor.Manager.execute(Manager.java:356)
	at ptolemy.actor.Manager.run(Manager.java:1263)
	at ptolemy.actor.Manager$PtolemyRunThread.run(Manager.java:1933)
java.lang.RuntimeException: Execution failed
	at ptolemy.moml.MoMLSimpleApplication$UnloadThread.run(MoMLSimpleApplication.java:402)
Caused by: ptolemy.kernel.util.IllegalActionException: Test fails in iteration 0.
Value was: 6001L. Should have been: 6000L
  in .ExecutionTimeSDF.NonStrictTest
	at ptolemy.actor.lib.NonStrictTest.postfire(NonStrictTest.java:328)
	at ptolemy.actor.AtomicActor.iterate(AtomicActor.java:518)
	at ptolemy.actor.sched.StaticSchedulingDirector.fire(StaticSchedulingDirector.java:216)
	at ptolemy.domains.sdf.kernel.SDFDirector.fire(SDFDirector.java:500)
	at ptolemy.actor.CompositeActor.fire(CompositeActor.java:455)
	at ptolemy.actor.Manager.iterate(Manager.java:851)
	at ptolemy.actor.Manager.execute(Manager.java:369)
	at ptolemy.actor.Manager.run(Manager.java:1263)
	at ptolemy.actor.Manager$PtolemyRunThread.run(Manager.java:1933)
]]></system-err>
</testsuite>
