<?xml version="1.0" encoding="UTF-8" ?>
<testsuite errors="0" failures="1" hostname="travis-job-b75ce685-81e3-4950-a379-214f681672c3" name="ptolemy.actor.lib.test.junit.JUnitTclTest" skipped="0" tests="517" time="63.749" timestamp="2019-08-06T05:23:29">
  <properties>
    <property name="npm.executable" value="npm" />
    <property name="env.TRAVIS_ROOT" value="/" />
    <property name="ptII.mk.exists" value="true" />
    <property name="env.TRAVIS_APP_HOST" value="build.travis-ci.org" />
    <property name="env.rvm_bin_path" value="/home/travis/.rvm/bin" />
    <property name="java.home" value="/usr/local/lib/jvm/openjdk11" />
    <property name="env.TRAVIS_JOB_NUMBER" value="1288.8" />
    <property name="env.TRAVIS_HOME" value="/home/travis" />
    <property name="env.DISPLAY" value=":99.0" />
    <property name="env.TRAVIS_INIT" value="systemd" />
    <property name="env.SSH_TTY" value="/dev/pts/0" />
    <property name="java.net.preferIPv4Stack" value="true" />
    <property name="env.RUN_TESTS" value="true" />
    <property name="timeout.short" value="1000000" />
    <property name="junit.formatter" value="xml" />
    <property name="env.TRAVIS_SUDO" value="true" />
    <property name="env.TRAVIS_JOB_NAME" value="" />
    <property name="env.TRAVIS_STACK_NODE_ATTRIBUTES" value="/.node-attributes.yml" />
    <property name="env.LOGNAME" value="travis" />
    <property name="env.PT_TRAVIS_TEST_CORE1_XML" value="true" />
    <property name="jsdoc.home" value="node_modules/@terraswarm/jsdoc" />
    <property name="debuglevel" value="source,lines,vars" />
    <property name="checkstyle.formatter" value="xml" />
    <property name="env._system_version" value="16.04" />
    <property name="bin.vergil.makeable" value="true" />
    <property name="sun.os.patch.level" value="unknown" />
    <property name="java.vendor.url" value="http://java.oracle.com/" />
    <property name="env.TRAVIS_BUILD_WEB_URL" value="https://travis-ci.org/icyphy/ptII/builds/568195531" />
    <property name="java.version" value="11.0.2" />
    <property name="env.TZ" value="UTC" />
    <property name="env.TRAVIS_PULL_REQUEST_SHA" value="" />
    <property name="env.PT_NO_NET" value="true" />
    <property name="env.TRAVIS_SECURE_ENV_VARS" value="true" />
    <property name="env._system_type" value="Linux" />
    <property name="java.vendor.url.bug" value="http://bugreport.java.com/bugreport/" />
    <property name="npmjs-org-is-up" value="true" />
    <property name="env.LANGUAGE" value="en_US.UTF-8" />
    <property name="env.SSH_CLIENT" value="10.24.7.20 40982 22" />
    <property name="env.GEM_HOME" value="/home/travis/.rvm/gems/ruby-2.5.3" />
    <property name="env.HAS_ANTARES_THREE_LITTLE_FRONZIES_BADGE" value="true" />
    <property name="java.version.date" value="2019-01-15" />
    <property name="env.PS4" value="+" />
    <property name="ant.project.invoked-targets" value="build,test.core1.xml" />
    <property name="env.TRAVIS_PULL_REQUEST_BRANCH" value="" />
    <property name="env.TRAVIS_REPO_SLUG" value="icyphy/ptII" />
    <property name="env.XDG_DATA_DIRS" value="/usr/local/share:/usr/share:/var/lib/snapd/desktop" />
    <property name="jdk.debug" value="release" />
    <property name="env.TRAVIS_APT_PROXY" value="http://apt.cache.travis-ci.com" />
    <property name="node.in.path" value="true" />
    <property name="user.name" value="travis" />
    <property name="java.maxmemory" value="1400m" />
    <property name="env.RUBY_VERSION" value="ruby-2.5.3" />
    <property name="env.LANG" value="en_US.UTF-8" />
    <property name="sun.io.unicode.encoding" value="UnicodeLittle" />
    <property name="sun.jnu.encoding" value="UTF-8" />
    <property name="java.runtime.name" value="OpenJDK Runtime Environment" />
    <property name="usefile" value="false" />
    <property name="return.code" value="0" />
    <property name="junit.single.formatter" value="plain" />
    <property name="env.DYLD_LIBRARY_PATH" value="/home/travis/pthla/certi-tools/lib:" />
    <property name="env.DEBIAN_FRONTEND" value="noninteractive" />
    <property name="env.SSH_CONNECTION" value="10.24.7.20 40982 10.20.0.117 22" />
    <property name="env.MYSQL_UNIX_PORT" value="/var/run/mysqld/mysqld.sock" />
    <property name="env.LC_ALL" value="en_US.UTF-8" />
    <property name="env.TRAVIS_ALLOW_FAILURE" value="false" />
    <property name="env.TRAVIS_JOB_WEB_URL" value="https://travis-ci.org/icyphy/ptII/jobs/568195539" />
    <property name="java.specification.name" value="Java Platform API Specification" />
    <property name="node.works" value="true" />
    <property name="user.timezone" value="" />
    <property name="path.separator" value=":" />
    <property name="env.TRAVIS_ENABLE_INFRA_DETECTION" value="true" />
    <property name="env.PYTHON_CFLAGS" value="-g -fstack-protector --param=ssp-buffer-size=4 -Wformat -Werror=format-security" />
    <property name="timeout.long" value="4000000" />
    <property name="env.CERTI_HOME" value="/home/travis/pthla/certi-tools" />
    <property name="ant.file.ptII" value="/home/travis/build/icyphy/ptII/build.xml" />
    <property name="javadoc.packagenames" value="com.*,diva.*,lbnl.*,org.hlacerti.*,org.json.*,org.ptolemy.*,org.terraswarm.*,ptolemy.*,ptserver.*" />
    <property name="file.encoding" value="UTF-8" />
    <property name="env.TRAVIS_PULL_REQUEST_SLUG" value="" />
    <property name="ant.project.default-target" value="build" />
    <property name="env.GIT_ASKPASS" value="echo" />
    <property name="env.HOME" value="/home/travis" />
    <property name="sun.java.command" value="org.apache.tools.ant.taskdefs.optional.junit.JUnitTestRunner ptolemy.actor.lib.test.junit.JUnitTclTest skipNonTests=false filtertrace=true haltOnError=false haltOnFailure=false formatter=org.apache.tools.ant.taskdefs.optional.junit.OutErrSummaryJUnitResultFormatter showoutput=true outputtoformatters=true logfailedtests=true threadid=0 logtestlistenerevents=false formatter=org.apache.tools.ant.taskdefs.optional.junit.XMLJUnitResultFormatter,/home/travis/build/icyphy/ptII/reports/junit/TEST-ptolemy.actor.lib.test.junit.JUnitTclTest.xml crashfile=/home/travis/build/icyphy/ptII/junitvmwatcher6322866395099811214.properties propsfile=/home/travis/build/icyphy/ptII/junit4439336603249897168.properties" />
    <property name="env.COMPOSER_NO_INTERACTION" value="1" />
    <property name="env.MANPATH" value="/home/travis/.nvm/versions/node/v7.10.1/share/man:/home/travis/.rvm/rubies/ruby-2.5.3/share/man:/usr/local/cmake-3.12.4/man:/usr/local/clang-7.0.0/share/man:/usr/local/man:/usr/local/share/man:/usr/share/man:/home/travis/.rvm/man" />
    <property name="env.TRAVIS_TIMER_ID" value="20fcd6a2" />
    <property name="ant.file" value="/home/travis/build/icyphy/ptII/build.xml" />
    <property name="env.TRAVIS_COMMIT_RANGE" value="42e172ae347fdc5d0e580488fa33ff6bc00cac99...f9c12c6b2ccbd758ceec4e9ffc44e2f31da246f0" />
    <property name="env._system_name" value="Ubuntu" />
    <property name="ptII.classpath.optional.property" value="/home/travis/build/icyphy/ptII/lib/bsh-2.0b4.jar:/home/travis/build/icyphy/ptII/lib/ptCal.jar:/home/travis/build/icyphy/ptII/lib/java_cup.jar:/home/travis/build/icyphy/ptII/lib/saxon8.jar:/home/travis/build/icyphy/ptII/lib/saxon8-dom.jar:/home/travis/build/icyphy/ptII/lib/chic.jar:/home/travis/build/icyphy/ptII/lib/ptcolt.jar:/home/travis/build/icyphy/ptII/vendors/misc/itext/iText.jar:/home/travis/build/icyphy/ptII/lib/g4ltl.jar:/home/travis/build/icyphy/ptII/lib/StructuralCoder.jar:/home/travis/build/icyphy/ptII/lib/jcerti.jar:/home/travis/build/icyphy/ptII/lib/javax.mail.jar:/home/travis/build/icyphy/ptII/vendors/JMF-2.1.1e/lib/jmf.jar:/home/travis/build/icyphy/ptII/lib/jna-4.0.0-variadic.jar:/home/travis/build/icyphy/ptII/vendors/misc/joystick/Joystick.jar:/home/travis/build/icyphy/ptII/lib/ptjacl.jar:/home/travis/build/icyphy/ptII/lib/jsoup-1.8.2.jar:/home/travis/build/icyphy/ptII/lib/junit-4.8.2.jar:/home/travis/build/icyphy/ptII/lib/JUnitParams-0.4.0.jar:/home/travis/build/icyphy/ptII/ptolemy/actor/lib/excel/jxl.jar:/home/travis/build/icyphy/ptII/lib/jython.jar:/home/travis/build/icyphy/ptII/lib/kieler.jar:/home/travis/build/icyphy/ptII/vendors/opencv/share/OpenCV/java/opencv-341.jar:/home/travis/build/icyphy/ptII/lib/oscP5.jar:/home/travis/build/icyphy/ptII/lib/nrjavaserial-3.11.0.devel.jar:/home/travis/build/icyphy/ptII/vendors/j3d/lib/Linux/j3dcore.jar:/home/travis/build/icyphy/ptII/vendors/j3d/lib/Linux/j3dutils.jar:/home/travis/build/icyphy/ptII/vendors/j3d/lib/Linux/vecmath.jar:/home/travis/build/icyphy/ptII/vendors/jogl/lib/Linux/gluegen-rt-natives-linux-amd64.jar:/home/travis/build/icyphy/ptII/vendors/jogl/lib/Linux/gluegen-rt.jar:/home/travis/build/icyphy/ptII/vendors/jogl/lib/Linux/jogl-all-natives-linux-amd64.jar:/home/travis/build/icyphy/ptII/vendors/jogl/lib/Linux/jogl-all.jar:/home/travis/build/icyphy/ptII/ptolemy/distributed/jini/jar/jini-core.jar:/home/travis/build/icyphy/ptII/ptolemy/distributed/jini/jar/jini-ext.jar:/home/travis/build/icyphy/ptII/ptolemy/distributed/jini/jar/sun-util.jar:/home/travis/build/icyphy/ptII/lib/protobuf-java-2.4.1.jar:/home/travis/build/icyphy/ptII/lib/org.eclipse.paho.client.mqttv3.jar:/home/travis/build/icyphy/ptII/lib/mapss.jar:/home/travis/build/icyphy/ptII/ptolemy/actor/ptalon/antlr/antlr.jar:/home/travis/build/icyphy/ptII/lib/JRI.jar:/home/travis/build/icyphy/ptII/lib/commons-lang-2.6.jar:/home/travis/build/icyphy/ptII/lib/commons-logging-1.1.1.jar:/home/travis/build/icyphy/ptII/lib/sootclasses.jar:/home/travis/build/icyphy/ptII/ptolemy/actor/lib/database/mysql-connector-java-5.1.6-bin.jar:/home/travis/build/icyphy/ptII/vendors/misc/sphinx4/sphinx4-data-5prealpha.jar:/home/travis/build/icyphy/ptII/vendors/misc/sphinx4/sphinx4-core-5prealpha.jar:/home/travis/build/icyphy/ptII/lib/PDFRenderer.jar:/home/travis/build/icyphy/ptII/lib/svgSalamander.jar:/home/travis/build/icyphy/ptII/lib/rsyntaxtextarea-2.6.0-SNAPSHOT.jar:/home/travis/build/icyphy/ptII/lib/hazelcast-3.8.2.jar:/home/travis/build/icyphy/ptII/lib/jackson-annotations-2.9.0.jar:/home/travis/build/icyphy/ptII/lib/jackson-core-2.9.3.jar:/home/travis/build/icyphy/ptII/lib/jackson-databind-2.9.3.jar:/home/travis/build/icyphy/ptII/lib/netty-buffer-4.1.19.Final.jar:/home/travis/build/icyphy/ptII/lib/netty-codec-4.1.19.Final.jar:/home/travis/build/icyphy/ptII/lib/netty-codec-dns-4.1.19.Final.jar:/home/travis/build/icyphy/ptII/lib/netty-codec-http-4.1.19.Final.jar:/home/travis/build/icyphy/ptII/lib/netty-codec-http2-4.1.19.Final.jar:/home/travis/build/icyphy/ptII/lib/netty-common-4.1.19.Final.jar:/home/travis/build/icyphy/ptII/lib/netty-handler-4.1.19.Final.jar:/home/travis/build/icyphy/ptII/lib/netty-resolver-4.1.19.Final.jar:/home/travis/build/icyphy/ptII/lib/netty-resolver-dns-4.1.19.Final.jar:/home/travis/build/icyphy/ptII/lib/netty-transport-4.1.19.Final.jar:/home/travis/build/icyphy/ptII/lib/vertx-codegen-3.5.1.jar:/home/travis/build/icyphy/ptII/lib/vertx-core-3.5.2-SNAPSHOT.jar:/home/travis/build/icyphy/ptII/lib/vertx-hazelcast-3.5.1.jar:/home/travis/build/icyphy/ptII/lib/vertx-lang-js-3.5.1.jar:/home/travis/build/icyphy/ptII/lib/vertx-service-proxy-3.5.1.jar:/home/travis/build/icyphy/ptII/lib/vertx-web-3.5.1.jar:/home/travis/build/icyphy/ptII/lib/slf4j-api-1.7.13.jar:/home/travis/build/icyphy/ptII/lib/slf4j-simple-1.7.13.jar:/home/travis/build/icyphy/ptII/lib/webcam-capture-0.3.12.jar:/home/travis/build/icyphy/ptII/lib/bridj-0.7.0.jar:/home/travis/build/icyphy/ptII/lib/xbjlib-1.1.0.nrjavaserial.jar" />
    <property name="timeout" value="2400000" />
    <property name="test.batch" value="**/junit/*.java" />
    <property name="env._" value="/usr/bin/timeout" />
    <property name="java.io.tmpdir" value="/tmp" />
    <property name="user.language" value="en" />
    <property name="env.TRAVIS_INTERNAL_RUBY_REGEX" value="^ruby-(2\.[0-4]\.[0-9]|1\.9\.3)" />
    <property name="env.HISTCONTROL" value="ignoredups:ignorespace" />
    <property name="env.GOROOT" value="/home/travis/.gimme/versions/go1.11.1.linux.amd64" />
    <property name="line.separator" value="&#xa;" />
    <property name="target" value="11" />
    <property name="env.TRAVIS_BUILD_DIR" value="/home/travis/build/icyphy/ptII" />
    <property name="env.ANT_OPTS" value="-Xmx2048m" />
    <property name="ant.file.type" value="file" />
    <property name="ptolemy.ptII.batchMode" value="true" />
    <property name="env.HISTSIZE" value="1000" />
    <property name="env.MERB_ENV" value="test" />
    <property name="java.vm.info" value="mixed mode" />
    <property name="source" value="11" />
    <property name="java.vm.specification.name" value="Java Virtual Machine Specification" />
    <property name="env.TRAVIS_TEST_RESULT" value="0" />
    <property name="jsdoc.command" value="node_modules/@terraswarm/jsdoc/jsdoc.js" />
    <property name="npm.works" value="true" />
    <property name="cobertura.dir" value="/home/travis/build/icyphy/ptII/vendors/cobertura-2.0.3" />
    <property name="jsdoc.command.exists" value="true" />
    <property name="env.rvm_path" value="/home/travis/.rvm" />
    <property name="env.GEM_PATH" value="/home/travis/.rvm/gems/ruby-2.5.3:/home/travis/.rvm/gems/ruby-2.5.3@global" />
    <property name="env.LC_CTYPE" value="en_US.UTF-8" />
    <property name="env.TRAVIS_CMD" value="$PTII/bin/ptIITravisBuild.sh $SECONDS" />
    <property name="java.awt.printerjob" value="sun.print.PSPrinterJob" />
    <property name="env.TRAVIS_STACK_NAME" value="sardonyx" />
    <property name="env.TRAVIS_TIMER_START_TIME" value="1565068333556441396" />
    <property name="ant.version" value="Apache Ant(TM) version 1.10.1 compiled on February 2 2017" />
    <property name="ptII.reports" value="/home/travis/build/icyphy/ptII/reports" />
    <property name="env.TRAVIS_STACK_TIMESTAMP" value="2019-03-25 16:16:56 UTC" />
    <property name="ant.file.type.ptII" value="file" />
    <property name="env.RBENV_SHELL" value="bash" />
    <property name="os.name" value="Linux" />
    <property name="java.specification.vendor" value="Oracle Corporation" />
    <property name="env.rvm_version" value="1.29.7 (latest)" />
    <property name="env.TRAVIS_INFRA" value="unknown" />
    <property name="env.TERM" value="xterm" />
    <property name="java.vm.name" value="OpenJDK 64-Bit Server VM" />
    <property name="env.TRAVIS_BUILD_NUMBER" value="1288" />
    <property name="env.CI" value="true" />
    <property name="java.library.path" value="/home/travis/pthla/certi-tools/lib:/usr/lib/jni:/usr/local/share/OpenCV/java/:/usr/share/OpenCV/java::/usr/java/packages/lib:/usr/lib64:/lib64:/lib:/usr/lib" />
    <property name="jdk.module.path" value="/home/travis/build/icyphy/ptII/vendors/javafx/javafx-sdk-11.0.2/lib:" />
    <property name="env.rvm_prefix" value="/home/travis" />
    <property name="env.PATH" value="/home/travis/pthla/certi-tools/share/scripts:/home/travis/.rvm/gems/ruby-2.5.3/bin:/home/travis/.rvm/gems/ruby-2.5.3@global/bin:/home/travis/.rvm/rubies/ruby-2.5.3/bin:/home/travis/.rvm/bin:/home/travis/.nvm/versions/node/v7.10.1/bin:./node_modules/.bin:/home/travis/build/icyphy/ptII/bin:/home/travis/pthla/certi-tools/bin:/home/travis/bin:/home/travis/.local/bin:/usr/local/lib/jvm/openjdk11/bin:/opt/pyenv/shims:/home/travis/.phpenv/shims:/home/travis/perl5/perlbrew/bin:/home/travis/gopath/bin:/home/travis/.gimme/versions/go1.11.1.linux.amd64/bin:/usr/local/maven-3.6.0/bin:/usr/local/cmake-3.12.4/bin:/usr/local/clang-7.0.0/bin:/usr/local/sbin:/usr/local/bin:/usr/sbin:/usr/bin:/sbin:/bin:/snap/bin:/home/travis/.phpenv/bin:/opt/pyenv/bin:/home/travis/.yarn/bin" />
    <property name="env.TRAVIS_OS_NAME" value="linux" />
    <property name="ant.java.version" value="9" />
    <property name="basedir" value="/home/travis/build/icyphy/ptII" />
    <property name="java.class.version" value="55.0" />
    <property name="env.SHLVL" value="3" />
    <property name="env.LD_LIBRARY_PATH" value="/home/travis/pthla/certi-tools/lib:/usr/lib/jni:/usr/local/share/OpenCV/java/:/usr/share/OpenCV/java:" />
    <property name="env.RACK_ENV" value="test" />
    <property name="ant.home" value="/home/travis/build/icyphy/ptII/ant" />
    <property name="env.NVM_DIR" value="/home/travis/.nvm" />
    <property name="env.CERTI_FOM_PATH" value="/home/travis/pthla/certi-tools/share/federations" />
    <property name="env.TRAVIS_BUILD_ID" value="568195531" />
    <property name="env.PYENV_ROOT" value="/opt/pyenv" />
    <property name="env.TRAVIS_UID" value="2000" />
    <property name="prism.verbose" value="true" />
    <property name="env.NVM_BIN" value="/home/travis/.nvm/versions/node/v7.10.1/bin" />
    <property name="env.TRAVIS_COMMIT" value="f9c12c6b2ccbd758ceec4e9ffc44e2f31da246f0" />
    <property name="env._system_arch" value="x86_64" />
    <property name="node.executable" value="node" />
    <property name="sun.boot.library.path" value="/usr/local/lib/jvm/openjdk11/lib" />
    <property name="sun.management.compiler" value="HotSpot 64-Bit Tiered Compilers" />
    <property name="java.awt.graphicsenv" value="sun.awt.X11GraphicsEnvironment" />
    <property name="env.GOPATH" value="/home/travis/gopath" />
    <property name="ptolemy.ptII.dir" value="/home/travis/build/icyphy/ptII" />
    <property name="env.USER" value="travis" />
    <property name="env.HISTFILESIZE" value="2000" />
    <property name="timeout.longest" value="19000000" />
    <property name="env.PERLBREW_SHELLRC_VERSION" value="0.86" />
    <property name="env.TRAVIS_STACK_FEATURES" value="basic couchdb disabled-ipv6 docker docker-compose elasticsearch firefox go-toolchain google-chrome jdk memcached mongodb mysql nodejs_interpreter perl_interpreter perlbrew phantomjs postgresql python_interpreter redis ruby_interpreter sqlite xserver" />
    <property name="env.TRAVIS_PULL_REQUEST" value="false" />
    <property name="env.PYENV_SHELL" value="bash" />
    <property name="ant.project.name" value="ptII" />
    <property name="env.ANSI_RESET" value="\033[0m" />
    <property name="java.vm.specification.version" value="11" />
    <property name="env.TRAVIS_DIST" value="xenial" />
    <property name="env.CERTI_VERSION" value="4.0.0" />
    <property name="env.CERTI_HOST" value="localhost" />
    <property name="awt.toolkit" value="sun.awt.X11.XToolkit" />
    <property name="env.MY_RUBY_HOME" value="/home/travis/.rvm/rubies/ruby-2.5.3" />
    <property name="sun.cpu.isalist" value="" />
    <property name="env.TRAVIS_TMPDIR" value="/tmp/tmp.7LuAtMLGWr" />
    <property name="java.vm.compressedOopsMode" value="Zero based" />
    <property name="os.version" value="4.15.0-1028-gcp" />
    <property name="user.home" value="/home/travis" />
    <property name="java.vm.vendor" value="Oracle Corporation" />
    <property name="env.TRAVIS_TAG" value="nightly" />
    <property name="env.ANSI_YELLOW" value="\033[33;1m" />
    <property name="env.TRAVIS_FILTERED" value="redirect_io" />
    <property name="env.ANSI_GREEN" value="\033[32;1m" />
    <property name="env.JAVA_HOME" value="/usr/local/lib/jvm/openjdk11" />
    <property name="javadoc.excludepackagenames" value="adm.cvs2svn.*,build.*,config.*,doc.coding.templates.*,jni.test.jni.meaningOfLife.*,jni.test.jni.testDeux.*,jni.test.jni.testTrois.*,org.terraswarm.accessor.accessors.web.node_modules.*,org.terraswarm.accessor.accessors.web.hosts.cordova.demo.*,org.terraswarm.accessor.accessors.web.hosts.cordova.plugins.*,org.terraswarm.accessor.accessors-svn.*,pt-modules.*,ptolemy.apps.agilent.*,ptolemy.apps.anytimecontrol.*,ptolemy.apps.apes.*,ptolemy.apps.charon.*,ptolemy.apps.crazyboard.*,ptolemy.apps.eclipse.*,ptolemy.apps.etherealSting.*,ptolemy.apps.fullscreen.*,ptolemy.apps.giotto.*,ptolemy.apps.ia.*,ptolemy.apps.interfaces.*,ptolemy.apps.jmf.*,ptolemy.apps.kurt.*,ptolemy.apps.kvm.*,ptolemy.apps.lego.*,ptolemy.apps.lejos.*,ptolemy.apps.midp.*,ptolemy.apps.mobileCoding.*,ptolemy.apps.pendulum.*,ptolemy.apps.rijndael.*,ptolemy.apps.robot.*,ptolemy.apps.security.*,ptolemy.apps.sobel.*,ptolemy.apps.soot.*,ptolemy.apps.throttle.*,ptolemy.apps.tini.*,ptolemy.apps.transmission.*,ptolemy.apps.vergil.*,ptolemy.apps.waba.*,ptolemy.apps.websensor.*,ptolemy.apps.webstart.*,ptolemy.apps.xsl.*,ptolemy.apps.zaurus.*,ptolemy.codegen.c.actor.lib.oldJavaFiles.*,ptolemy.codegen.dsp.lib.*,ptolemy.codegen.kernel.newInterfaces.*,ptolemy.codegen.lib.*,ptolemy.copernicus.kernel.fragment.*,ptolemy.copernicus.shallow.cg.*,ptolemy.domains.giotto.demo.Hierarchy.Hierarchy.*,ptolemy.domains.giotto.demo.Multimode.Multimode.*,ptolemy.domains.giotto.demo.Simple.Simple.*,ptolemy.domains.gr.lib.experimental.*,ptolemy.domains.gro.*,ptolemy.domains.pdf.*,ptolemy.domains.ptinyos.demo.Surge.output.*,ptolemy.moml.test.NoPackageActor.java*,ptolemy.plot.adm.*,ptolemy.plot.servlet.*,reports.*,signed.*,src.*,target.*,vendors.*,ptolemy.copernicus.applet.*,ptolemy.media.viewer.*,ptolemy.actor.corba.*,doc.doclets.*,ptolemy.apps.eclipse.awt.*,ptolemy.backtrack.*,ptolemy.backtrack.ast.*,ptolemy.cg.adapter.generic.program.procedural.c.mbed*,ptolemy.homer.*,ptolemy.actor.lib.jai.*,org.ptolemy.scala.*,diva.util.java2d.svg.*,ptolemy.domains.ptinyos.*,ptolemy.actor.lib.fmi.fmipp.*,,org.terraswarm.accessor.accessors.web.node_modules.*,org.terraswarm.accessor.accessors-svn,ptolemy.apps.*,ptolemy.actor.ptalon.demo.ptinyos.SendAndReceiveCnt.output,ptolemy.actor.ptalon.demo.ptinyos.SenseToLeds.output,ptolemy.domains.ptinyos.demo.CntToLedsAndRfm.output,ptolemy.domains.ptinyos.demo.RfmToLeds.output,ptolemy.domains.ptinyos.demo.SendAndReceiveCnt.output,ptolemy.domains.ptinyos.demo.SenseToLeds.output,ptolemy.actor.lib.jjs.modules.udpSocket.*" />
    <property name="env.PTII" value="/home/travis/build/icyphy/ptII" />
    <property name="env.XDG_SESSION_ID" value="2" />
    <property name="keystore" value="ptKeystore" />
    <property name="env.TRAVIS_COMMIT_MESSAGE" value="Removed mention of svn." />
    <property name="junit.output.dir" value="/home/travis/build/icyphy/ptII/reports/junit" />
    <property name="npm.return.code" value="0" />
    <property name="user.dir" value="/home/travis/build/icyphy/ptII/ptolemy/actor/lib/test" />
    <property name="env.TRAVIS_NODE_VERSION" value="7" />
    <property name="env.TRAVIS_EVENT_TYPE" value="cron" />
    <property name="env.MAIL" value="/var/mail/travis" />
    <property name="env.PERLBREW_ROOT" value="/home/travis/perl5/perlbrew" />
    <property name="env.PWD" value="/home/travis/build/icyphy/ptII" />
    <property name="timeout.npm" value="45000" />
    <property name="env.TRAVIS_ARCH" value="amd64" />
    <property name="sun.cpu.endian" value="little" />
    <property name="env.PAGER" value="cat" />
    <property name="env.TRAVIS_BUILD_STAGE_NAME" value="Test" />
    <property name="env.PERLBREW_HOME" value="/home/travis/.perlbrew" />
    <property name="java.vm.version" value="11.0.2+9" />
    <property name="env.RAILS_ENV" value="test" />
    <property name="java.class.path" value="/home/travis/.ptolemyII:/home/travis/.ptolemyII/*:/home/travis/build/icyphy/ptII:/home/travis/build/icyphy/ptII/lib/bsh-2.0b4.jar:/home/travis/build/icyphy/ptII/lib/ptCal.jar:/home/travis/build/icyphy/ptII/lib/java_cup.jar:/home/travis/build/icyphy/ptII/lib/saxon8.jar:/home/travis/build/icyphy/ptII/lib/saxon8-dom.jar:/home/travis/build/icyphy/ptII/lib/chic.jar:/home/travis/build/icyphy/ptII/lib/ptcolt.jar:/home/travis/build/icyphy/ptII/vendors/misc/itext/iText.jar:/home/travis/build/icyphy/ptII/lib/g4ltl.jar:/home/travis/build/icyphy/ptII/lib/StructuralCoder.jar:/home/travis/build/icyphy/ptII/lib/jcerti.jar:/home/travis/build/icyphy/ptII/lib/javax.mail.jar:/home/travis/build/icyphy/ptII/vendors/JMF-2.1.1e/lib/jmf.jar:/home/travis/build/icyphy/ptII/lib/jna-4.0.0-variadic.jar:/home/travis/build/icyphy/ptII/vendors/misc/joystick/Joystick.jar:/home/travis/build/icyphy/ptII/lib/ptjacl.jar:/home/travis/build/icyphy/ptII/lib/jsoup-1.8.2.jar:/home/travis/build/icyphy/ptII/lib/junit-4.8.2.jar:/home/travis/build/icyphy/ptII/lib/JUnitParams-0.4.0.jar:/home/travis/build/icyphy/ptII/ptolemy/actor/lib/excel/jxl.jar:/home/travis/build/icyphy/ptII/lib/jython.jar:/home/travis/build/icyphy/ptII/lib/kieler.jar:/home/travis/build/icyphy/ptII/vendors/opencv/share/OpenCV/java/opencv-341.jar:/home/travis/build/icyphy/ptII/lib/oscP5.jar:/home/travis/build/icyphy/ptII/lib/nrjavaserial-3.11.0.devel.jar:/home/travis/build/icyphy/ptII/vendors/j3d/lib/Linux/j3dcore.jar:/home/travis/build/icyphy/ptII/vendors/j3d/lib/Linux/j3dutils.jar:/home/travis/build/icyphy/ptII/vendors/j3d/lib/Linux/vecmath.jar:/home/travis/build/icyphy/ptII/vendors/jogl/lib/Linux/gluegen-rt-natives-linux-amd64.jar:/home/travis/build/icyphy/ptII/vendors/jogl/lib/Linux/gluegen-rt.jar:/home/travis/build/icyphy/ptII/vendors/jogl/lib/Linux/jogl-all-natives-linux-amd64.jar:/home/travis/build/icyphy/ptII/vendors/jogl/lib/Linux/jogl-all.jar:/home/travis/build/icyphy/ptII/ptolemy/distributed/jini/jar/jini-core.jar:/home/travis/build/icyphy/ptII/ptolemy/distributed/jini/jar/jini-ext.jar:/home/travis/build/icyphy/ptII/ptolemy/distributed/jini/jar/sun-util.jar:/home/travis/build/icyphy/ptII/lib/protobuf-java-2.4.1.jar:/home/travis/build/icyphy/ptII/lib/org.eclipse.paho.client.mqttv3.jar:/home/travis/build/icyphy/ptII/lib/mapss.jar:/home/travis/build/icyphy/ptII/ptolemy/actor/ptalon/antlr/antlr.jar:/home/travis/build/icyphy/ptII/lib/JRI.jar:/home/travis/build/icyphy/ptII/lib/commons-lang-2.6.jar:/home/travis/build/icyphy/ptII/lib/commons-logging-1.1.1.jar:/home/travis/build/icyphy/ptII/lib/sootclasses.jar:/home/travis/build/icyphy/ptII/ptolemy/actor/lib/database/mysql-connector-java-5.1.6-bin.jar:/home/travis/build/icyphy/ptII/vendors/misc/sphinx4/sphinx4-data-5prealpha.jar:/home/travis/build/icyphy/ptII/vendors/misc/sphinx4/sphinx4-core-5prealpha.jar:/home/travis/build/icyphy/ptII/lib/PDFRenderer.jar:/home/travis/build/icyphy/ptII/lib/svgSalamander.jar:/home/travis/build/icyphy/ptII/lib/rsyntaxtextarea-2.6.0-SNAPSHOT.jar:/home/travis/build/icyphy/ptII/lib/hazelcast-3.8.2.jar:/home/travis/build/icyphy/ptII/lib/jackson-annotations-2.9.0.jar:/home/travis/build/icyphy/ptII/lib/jackson-core-2.9.3.jar:/home/travis/build/icyphy/ptII/lib/jackson-databind-2.9.3.jar:/home/travis/build/icyphy/ptII/lib/netty-buffer-4.1.19.Final.jar:/home/travis/build/icyphy/ptII/lib/netty-codec-4.1.19.Final.jar:/home/travis/build/icyphy/ptII/lib/netty-codec-dns-4.1.19.Final.jar:/home/travis/build/icyphy/ptII/lib/netty-codec-http-4.1.19.Final.jar:/home/travis/build/icyphy/ptII/lib/netty-codec-http2-4.1.19.Final.jar:/home/travis/build/icyphy/ptII/lib/netty-common-4.1.19.Final.jar:/home/travis/build/icyphy/ptII/lib/netty-handler-4.1.19.Final.jar:/home/travis/build/icyphy/ptII/lib/netty-resolver-4.1.19.Final.jar:/home/travis/build/icyphy/ptII/lib/netty-resolver-dns-4.1.19.Final.jar:/home/travis/build/icyphy/ptII/lib/netty-transport-4.1.19.Final.jar:/home/travis/build/icyphy/ptII/lib/vertx-codegen-3.5.1.jar:/home/travis/build/icyphy/ptII/lib/vertx-core-3.5.2-SNAPSHOT.jar:/home/travis/build/icyphy/ptII/lib/vertx-hazelcast-3.5.1.jar:/home/travis/build/icyphy/ptII/lib/vertx-lang-js-3.5.1.jar:/home/travis/build/icyphy/ptII/lib/vertx-service-proxy-3.5.1.jar:/home/travis/build/icyphy/ptII/lib/vertx-web-3.5.1.jar:/home/travis/build/icyphy/ptII/lib/slf4j-api-1.7.13.jar:/home/travis/build/icyphy/ptII/lib/slf4j-simple-1.7.13.jar:/home/travis/build/icyphy/ptII/lib/webcam-capture-0.3.12.jar:/home/travis/build/icyphy/ptII/lib/bridj-0.7.0.jar:/home/travis/build/icyphy/ptII/lib/xbjlib-1.1.0.nrjavaserial.jar:/home/travis/build/icyphy/ptII/ptolemy/moml/test:/home/travis/build/icyphy/ptII/ant/lib/ant-launcher.jar:/home/travis/build/icyphy/ptII/ant/lib/ant.jar:/home/travis/build/icyphy/ptII/ant/lib/ant-junit.jar:/home/travis/build/icyphy/ptII/ant/lib/ant-junit4.jar" />
    <property name="ant.library.dir" value="/home/travis/build/icyphy/ptII/ant/lib" />
    <property name="os.arch" value="amd64" />
    <property name="env.CONTINUOUS_INTEGRATION" value="true" />
    <property name="env.TRAVIS_LANGUAGE" value="node_js" />
    <property name="env.TRAVIS_STACK_LANGUAGES" value="__sardonyx__ c c++ clojure cplusplus cpp default generic go groovy java node_js php pure_java python ruby scala" />
    <property name="test.name" value="ptolemy.actor.lib.test.junit.JUnitTclTest" />
    <property name="env.APT_KEY_DONT_WARN_ON_DANGEROUS_USAGE" value="1" />
    <property name="sun.java.launcher" value="SUN_STANDARD" />
    <property name="env.PYTHON_CONFIGURE_OPTS" value="--enable-unicode=ucs4 --with-wide-unicode --enable-shared --enable-ipv6 --enable-loadable-sqlite-extensions --with-computed-gotos" />
    <property name="ant.core.lib" value="/home/travis/build/icyphy/ptII/ant/lib/ant.jar" />
    <property name="java.vm.specification.vendor" value="Oracle Corporation" />
    <property name="env.BCVTB_HOME" value="/home/travis/build/icyphy/ptII/lbnl" />
    <property name="file.separator" value="/" />
    <property name="spotbugs.home" value="/home/travis/build/icyphy/ptII/vendors/spotbugs-3.1.1" />
    <property name="java.runtime.version" value="11.0.2+9" />
    <property name="env.ANSI_CLEAR" value="\033[0K" />
    <property name="javafx.verbose" value="true" />
    <property name="env.HAS_JOSH_K_SEAL_OF_APPROVAL" value="true" />
    <property name="env.XDG_RUNTIME_DIR" value="/run/user/2000" />
    <property name="env.TRAVIS_OSX_IMAGE" value="" />
    <property name="env.TRAVIS_JOB_ID" value="568195539" />
    <property name="env.TRAVIS_BRANCH" value="master" />
    <property name="user.country" value="US" />
    <property name="env.CERTI_HOME_TRAVIS" value="/home/travis/pthla/certi-tools" />
    <property name="env.SHELL" value="/bin/bash" />
    <property name="java.maxmemory.large" value="3200m" />
    <property name="model" value="" />
    <property name="env.CASHER_DIR" value="/home/travis/.casher" />
    <property name="env.NVM_CD_FLAGS" value="" />
    <property name="java.vendor.version" value="18.9" />
    <property name="jshint.executable" value="/home/travis/node_modules/jshint/bin/jshint" />
    <property name="env.JRUBY_OPTS" value=" --client -J-XX:+TieredCompilation -J-XX:TieredStopAtLevel=1 -J-Xss2m -Xcompile.invokedynamic=false" />
    <property name="java.vendor" value="Oracle Corporation" />
    <property name="env.TRAVIS_PRE_CHEF_BOOTSTRAP_TIME" value="2019-03-25T16:16:42" />
    <property name="env.TRAVIS_STACK_JOB_BOARD_REGISTER" value="/.job-board-register.yml" />
    <property name="env.ANSI_RED" value="\033[31;1m" />
    <property name="java.specification.version" value="11" />
    <property name="env.IRBRC" value="/home/travis/.rvm/rubies/ruby-2.5.3/.irbrc" />
    <property name="env.TRAVIS" value="true" />
    <property name="sun.arch.data.model" value="64" />
  </properties>
  <testcase classname="ptolemy.util.test.junit.TclTests" name="[0] /home/travis/build/icyphy/ptII/ptolemy/actor/lib/test/AbsoluteValue.tcl (RunTclFile)" time="0.63" />
  <testcase classname="ptolemy.util.test.junit.TclTests" name="[1] /home/travis/build/icyphy/ptII/ptolemy/actor/lib/test/AddSubtract.tcl (RunTclFile)" time="0.169" />
  <testcase classname="ptolemy.util.test.junit.TclTests" name="[2] /home/travis/build/icyphy/ptII/ptolemy/actor/lib/test/Average.tcl (RunTclFile)" time="0.089" />
  <testcase classname="ptolemy.util.test.junit.TclTests" name="[3] /home/travis/build/icyphy/ptII/ptolemy/actor/lib/test/Bernoulli.tcl (RunTclFile)" time="0.032" />
  <testcase classname="ptolemy.util.test.junit.TclTests" name="[4] /home/travis/build/icyphy/ptII/ptolemy/actor/lib/test/Clock.tcl (RunTclFile)" time="0.064" />
  <testcase classname="ptolemy.util.test.junit.TclTests" name="[5] /home/travis/build/icyphy/ptII/ptolemy/actor/lib/test/Commutator.tcl (RunTclFile)" time="0.195" />
  <testcase classname="ptolemy.util.test.junit.TclTests" name="[6] /home/travis/build/icyphy/ptII/ptolemy/actor/lib/test/Const.tcl (RunTclFile)" time="0.138" />
  <testcase classname="ptolemy.util.test.junit.TclTests" name="[7] /home/travis/build/icyphy/ptII/ptolemy/actor/lib/test/CurrentTime.tcl (RunTclFile)" time="0.051" />
  <testcase classname="ptolemy.util.test.junit.TclTests" name="[8] /home/travis/build/icyphy/ptII/ptolemy/actor/lib/test/DB.tcl (RunTclFile)" time="0.063" />
  <testcase classname="ptolemy.util.test.junit.TclTests" name="[9] /home/travis/build/icyphy/ptII/ptolemy/actor/lib/test/DiscreteRandomSource.tcl (RunTclFile)" time="0.061" />
  <testcase classname="ptolemy.util.test.junit.TclTests" name="[10] /home/travis/build/icyphy/ptII/ptolemy/actor/lib/test/Distributor.tcl (RunTclFile)" time="0.056" />
  <testcase classname="ptolemy.util.test.junit.TclTests" name="[11] /home/travis/build/icyphy/ptII/ptolemy/actor/lib/test/Exit.tcl (RunTclFile)" time="0.122" />
  <testcase classname="ptolemy.util.test.junit.TclTests" name="[12] /home/travis/build/icyphy/ptII/ptolemy/actor/lib/test/Expression.tcl (RunTclFile)" time="0.073" />
  <testcase classname="ptolemy.util.test.junit.TclTests" name="[13] /home/travis/build/icyphy/ptII/ptolemy/actor/lib/test/Gaussian.tcl (RunTclFile)" time="0.675" />
  <testcase classname="ptolemy.util.test.junit.TclTests" name="[14] /home/travis/build/icyphy/ptII/ptolemy/actor/lib/test/IIR.tcl (RunTclFile)" time="0.023" />
  <testcase classname="ptolemy.util.test.junit.TclTests" name="[15] /home/travis/build/icyphy/ptII/ptolemy/actor/lib/test/Interpolator.tcl (RunTclFile)" time="0.068" />
  <testcase classname="ptolemy.util.test.junit.TclTests" name="[16] /home/travis/build/icyphy/ptII/ptolemy/actor/lib/test/MathFunction.tcl (RunTclFile)" time="0.048" />
  <testcase classname="ptolemy.util.test.junit.TclTests" name="[17] /home/travis/build/icyphy/ptII/ptolemy/actor/lib/test/Maximum.tcl (RunTclFile)" time="0.071" />
  <testcase classname="ptolemy.util.test.junit.TclTests" name="[18] /home/travis/build/icyphy/ptII/ptolemy/actor/lib/test/Minimum.tcl (RunTclFile)" time="0.04" />
  <testcase classname="ptolemy.util.test.junit.TclTests" name="[19] /home/travis/build/icyphy/ptII/ptolemy/actor/lib/test/MultiplyDivide.tcl (RunTclFile)" time="0.035" />
  <testcase classname="ptolemy.util.test.junit.TclTests" name="[20] /home/travis/build/icyphy/ptII/ptolemy/actor/lib/test/OrderedMerge.tcl (RunTclFile)" time="0.122" />
  <testcase classname="ptolemy.util.test.junit.TclTests" name="[21] /home/travis/build/icyphy/ptII/ptolemy/actor/lib/test/Publisher.tcl (RunTclFile)" time="0.837" />
  <testcase classname="ptolemy.util.test.junit.TclTests" name="[22] /home/travis/build/icyphy/ptII/ptolemy/actor/lib/test/Pulse.tcl (RunTclFile)" time="0.081" />
  <testcase classname="ptolemy.util.test.junit.TclTests" name="[23] /home/travis/build/icyphy/ptII/ptolemy/actor/lib/test/Ramp.tcl (RunTclFile)" time="2.19" />
  <testcase classname="ptolemy.util.test.junit.TclTests" name="[24] /home/travis/build/icyphy/ptII/ptolemy/actor/lib/test/RampContinuous.tcl (RunTclFile)" time="0.027" />
  <testcase classname="ptolemy.util.test.junit.TclTests" name="[25] /home/travis/build/icyphy/ptII/ptolemy/actor/lib/test/RecordAssembler.tcl (RunTclFile)" time="0.018" />
  <testcase classname="ptolemy.util.test.junit.TclTests" name="[26] /home/travis/build/icyphy/ptII/ptolemy/actor/lib/test/RecordDisassembler.tcl (RunTclFile)" time="0.037" />
  <testcase classname="ptolemy.util.test.junit.TclTests" name="[27] /home/travis/build/icyphy/ptII/ptolemy/actor/lib/test/Scale.tcl (RunTclFile)" time="0.036" />
  <testcase classname="ptolemy.util.test.junit.TclTests" name="[28] /home/travis/build/icyphy/ptII/ptolemy/actor/lib/test/SequentialClock.tcl (RunTclFile)" time="0.021" />
  <testcase classname="ptolemy.util.test.junit.TclTests" name="[29] /home/travis/build/icyphy/ptII/ptolemy/actor/lib/test/SetVariable.tcl (RunTclFile)" time="0.037">
    <failure message="Number of failed tests is has increased. expected:&lt;0&gt; but was:&lt;1&gt;" type="junit.framework.AssertionFailedError">junit.framework.AssertionFailedError: Number of failed tests is has increased. expected:&lt;0&gt; but was:&lt;1&gt;
	at ptolemy.util.test.junit.TclTests.RunTclFile(TclTests.java:286)
	at jdk.internal.reflect.GeneratedMethodAccessor19.invoke(Unknown Source)
	at java.base/jdk.internal.reflect.DelegatingMethodAccessorImpl.invoke(DelegatingMethodAccessorImpl.java:43)
	at junitparams.internal.InvokeParameterisedMethod.evaluate(InvokeParameterisedMethod.java:102)
	at junitparams.internal.ParameterisedTestMethodRunner.runMethodInvoker(ParameterisedTestMethodRunner.java:47)
	at junitparams.internal.ParameterisedTestMethodRunner.runTestMethod(ParameterisedTestMethodRunner.java:41)
	at junitparams.internal.ParameterisedTestClassRunner.runParameterisedTest(ParameterisedTestClassRunner.java:143)
	at junitparams.JUnitParamsRunner.runChild(JUnitParamsRunner.java:237)
	at junitparams.JUnitParamsRunner.runChild(JUnitParamsRunner.java:215)
</failure>
  </testcase>
  <testcase classname="ptolemy.util.test.junit.TclTests" name="[30] /home/travis/build/icyphy/ptII/ptolemy/actor/lib/test/Sinewave.tcl (RunTclFile)" time="0.047" />
  <testcase classname="ptolemy.util.test.junit.TclTests" name="[31] /home/travis/build/icyphy/ptII/ptolemy/actor/lib/test/SubscriptionAggregator.tcl (RunTclFile)" time="2.28" />
  <testcase classname="ptolemy.util.test.junit.TclTests" name="[32] /home/travis/build/icyphy/ptII/ptolemy/actor/lib/test/Test.tcl (RunTclFile)" time="0.097" />
  <testcase classname="ptolemy.util.test.junit.TclTests" name="[33] /home/travis/build/icyphy/ptII/ptolemy/actor/lib/test/TestExceptionHandler.tcl (RunTclFile)" time="0.01" />
  <testcase classname="ptolemy.util.test.junit.TclTests" name="[34] /home/travis/build/icyphy/ptII/ptolemy/actor/lib/test/UnionDisassembler.tcl (RunTclFile)" time="0.049" />
  <testcase classname="ptolemy.util.test.junit.TclTests" name="[35] /home/travis/build/icyphy/ptII/ptolemy/actor/lib/test/VariableClock.tcl (RunTclFile)" time="0.024" />
  <testcase classname="ptolemy.util.test.junit.AutoKnownFailedTests" name="[0] /home/travis/build/icyphy/ptII/ptolemy/actor/lib/test/auto/knownFailedTests/PublisherPortToplevelSubscriber.xml (RunModel)" time="0.025" />
  <testcase classname="ptolemy.util.test.junit.AutoKnownFailedTests" name="[1] /home/travis/build/icyphy/ptII/ptolemy/actor/lib/test/auto/knownFailedTests/PublisherSubscriberPortToplevel.xml (RunModel)" time="0.027" />
  <testcase classname="ptolemy.util.test.junit.AutoKnownFailedTests" name="[2] /home/travis/build/icyphy/ptII/ptolemy/actor/lib/test/auto/knownFailedTests/PublisherSubscriptionAggregatorPort.xml (RunModel)" time="0.024" />
  <testcase classname="ptolemy.util.test.junit.AutoKnownFailedTests" name="[3] /home/travis/build/icyphy/ptII/ptolemy/actor/lib/test/auto/knownFailedTests/sizedarray3.xml (RunModel)" time="0.023" />
  <testcase classname="ptolemy.util.test.junit.AutoNameArchTests" name="[0] ThereAreNoAutoArchTests (RunModel)" time="0.001" />
  <testcase classname="ptolemy.util.test.junit.AutoTests" name="[0] /home/travis/build/icyphy/ptII/ptolemy/actor/lib/test/auto/AbsoluteValue.xml (RunModel)" time="0.091" />
  <testcase classname="ptolemy.util.test.junit.AutoTests" name="[1] /home/travis/build/icyphy/ptII/ptolemy/actor/lib/test/auto/AbsoluteValue2.xml (RunModel)" time="0.073" />
  <testcase classname="ptolemy.util.test.junit.AutoTests" name="[2] /home/travis/build/icyphy/ptII/ptolemy/actor/lib/test/auto/Accumulator.xml (RunModel)" time="0.073" />
  <testcase classname="ptolemy.util.test.junit.AutoTests" name="[3] /home/travis/build/icyphy/ptII/ptolemy/actor/lib/test/auto/Accumulator2.xml (RunModel)" time="0.05" />
  <testcase classname="ptolemy.util.test.junit.AutoTests" name="[4] /home/travis/build/icyphy/ptII/ptolemy/actor/lib/test/auto/Accumulator3.xml (RunModel)" time="0.028" />
  <testcase classname="ptolemy.util.test.junit.AutoTests" name="[5] /home/travis/build/icyphy/ptII/ptolemy/actor/lib/test/auto/ArrayAppend.xml (RunModel)" time="0.066" />
  <testcase classname="ptolemy.util.test.junit.AutoTests" name="[6] /home/travis/build/icyphy/ptII/ptolemy/actor/lib/test/auto/ArrayAppend2.xml (RunModel)" time="0.439" />
  <testcase classname="ptolemy.util.test.junit.AutoTests" name="[7] /home/travis/build/icyphy/ptII/ptolemy/actor/lib/test/auto/ArrayAppend3.xml (RunModel)" time="0.049" />
  <testcase classname="ptolemy.util.test.junit.AutoTests" name="[8] /home/travis/build/icyphy/ptII/ptolemy/actor/lib/test/auto/ArrayAppend4.xml (RunModel)" time="0.036" />
  <testcase classname="ptolemy.util.test.junit.AutoTests" name="[9] /home/travis/build/icyphy/ptII/ptolemy/actor/lib/test/auto/ArrayAppend5.xml (RunModel)" time="0.028" />
  <testcase classname="ptolemy.util.test.junit.AutoTests" name="[10] /home/travis/build/icyphy/ptII/ptolemy/actor/lib/test/auto/ArrayAppend6.xml (RunModel)" time="0.03" />
  <testcase classname="ptolemy.util.test.junit.AutoTests" name="[11] /home/travis/build/icyphy/ptII/ptolemy/actor/lib/test/auto/ArrayAppendPerformanceTest.xml (RunModel)" time="0.079" />
  <testcase classname="ptolemy.util.test.junit.AutoTests" name="[12] /home/travis/build/icyphy/ptII/ptolemy/actor/lib/test/auto/ArrayAppendWithEmptyInput.xml (RunModel)" time="0.062" />
  <testcase classname="ptolemy.util.test.junit.AutoTests" name="[13] /home/travis/build/icyphy/ptII/ptolemy/actor/lib/test/auto/ArrayAverage.xml (RunModel)" time="0.078" />
  <testcase classname="ptolemy.util.test.junit.AutoTests" name="[14] /home/travis/build/icyphy/ptII/ptolemy/actor/lib/test/auto/ArrayContains.xml (RunModel)" time="0.032" />
  <testcase classname="ptolemy.util.test.junit.AutoTests" name="[15] /home/travis/build/icyphy/ptII/ptolemy/actor/lib/test/auto/ArrayElement.xml (RunModel)" time="0.041" />
  <testcase classname="ptolemy.util.test.junit.AutoTests" name="[16] /home/travis/build/icyphy/ptII/ptolemy/actor/lib/test/auto/ArrayElementAsMatrix.xml (RunModel)" time="0.08" />
  <testcase classname="ptolemy.util.test.junit.AutoTests" name="[17] /home/travis/build/icyphy/ptII/ptolemy/actor/lib/test/auto/ArrayElementI.xml (RunModel)" time="0.03" />
  <testcase classname="ptolemy.util.test.junit.AutoTests" name="[18] /home/travis/build/icyphy/ptII/ptolemy/actor/lib/test/auto/ArrayExtract.xml (RunModel)" time="0.027" />
  <testcase classname="ptolemy.util.test.junit.AutoTests" name="[19] /home/travis/build/icyphy/ptII/ptolemy/actor/lib/test/auto/ArrayExtract2.xml (RunModel)" time="0.023" />
  <testcase classname="ptolemy.util.test.junit.AutoTests" name="[20] /home/travis/build/icyphy/ptII/ptolemy/actor/lib/test/auto/ArrayLength.xml (RunModel)" time="0.025" />
  <testcase classname="ptolemy.util.test.junit.AutoTests" name="[21] /home/travis/build/icyphy/ptII/ptolemy/actor/lib/test/auto/ArrayLevelCrossing.xml (RunModel)" time="0.036" />
  <testcase classname="ptolemy.util.test.junit.AutoTests" name="[22] /home/travis/build/icyphy/ptII/ptolemy/actor/lib/test/auto/ArrayLevelCrossing2.xml (RunModel)" time="0.029" />
  <testcase classname="ptolemy.util.test.junit.AutoTests" name="[23] /home/travis/build/icyphy/ptII/ptolemy/actor/lib/test/auto/ArrayPeakSearch.xml (RunModel)" time="0.057" />
  <testcase classname="ptolemy.util.test.junit.AutoTests" name="[24] /home/travis/build/icyphy/ptII/ptolemy/actor/lib/test/auto/ArrayPeakSearch2.xml (RunModel)" time="0.047" />
  <testcase classname="ptolemy.util.test.junit.AutoTests" name="[25] /home/travis/build/icyphy/ptII/ptolemy/actor/lib/test/auto/ArrayPeakSearch3.xml (RunModel)" time="0.046" />
  <testcase classname="ptolemy.util.test.junit.AutoTests" name="[26] /home/travis/build/icyphy/ptII/ptolemy/actor/lib/test/auto/ArrayRemoveElement.xml (RunModel)" time="0.035" />
  <testcase classname="ptolemy.util.test.junit.AutoTests" name="[27] /home/travis/build/icyphy/ptII/ptolemy/actor/lib/test/auto/ArraySort.xml (RunModel)" time="0.047" />
  <testcase classname="ptolemy.util.test.junit.AutoTests" name="[28] /home/travis/build/icyphy/ptII/ptolemy/actor/lib/test/auto/ArraySum.xml (RunModel)" time="0.023" />
  <testcase classname="ptolemy.util.test.junit.AutoTests" name="[29] /home/travis/build/icyphy/ptII/ptolemy/actor/lib/test/auto/ArrayToElements.xml (RunModel)" time="0.029" />
  <testcase classname="ptolemy.util.test.junit.AutoTests" name="[30] /home/travis/build/icyphy/ptII/ptolemy/actor/lib/test/auto/ArrayToMatrix.xml (RunModel)" time="0.069" />
  <testcase classname="ptolemy.util.test.junit.AutoTests" name="[31] /home/travis/build/icyphy/ptII/ptolemy/actor/lib/test/auto/ArrayUpdate1.xml (RunModel)" time="0.034" />
  <testcase classname="ptolemy.util.test.junit.AutoTests" name="[32] /home/travis/build/icyphy/ptII/ptolemy/actor/lib/test/auto/ArrayUpdate2.xml (RunModel)" time="0.025" />
  <testcase classname="ptolemy.util.test.junit.AutoTests" name="[33] /home/travis/build/icyphy/ptII/ptolemy/actor/lib/test/auto/ArrayUpdate3.xml (RunModel)" time="0.017" />
  <testcase classname="ptolemy.util.test.junit.AutoTests" name="[34] /home/travis/build/icyphy/ptII/ptolemy/actor/lib/test/auto/Assert1.xml (RunModel)" time="0.022" />
  <testcase classname="ptolemy.util.test.junit.AutoTests" name="[35] /home/travis/build/icyphy/ptII/ptolemy/actor/lib/test/auto/Assert2.xml (RunModel)" time="0.029" />
  <testcase classname="ptolemy.util.test.junit.AutoTests" name="[36] /home/travis/build/icyphy/ptII/ptolemy/actor/lib/test/auto/BooleanMultiplexor.xml (RunModel)" time="0.017" />
  <testcase classname="ptolemy.util.test.junit.AutoTests" name="[37] /home/travis/build/icyphy/ptII/ptolemy/actor/lib/test/auto/BooleanMultiplexor2.xml (RunModel)" time="0.017" />
  <testcase classname="ptolemy.util.test.junit.AutoTests" name="[38] /home/travis/build/icyphy/ptII/ptolemy/actor/lib/test/auto/BooleanMultiplexor3.xml (RunModel)" time="0.029" />
  <testcase classname="ptolemy.util.test.junit.AutoTests" name="[39] /home/travis/build/icyphy/ptII/ptolemy/actor/lib/test/auto/BooleanSelect.xml (RunModel)" time="0.018" />
  <testcase classname="ptolemy.util.test.junit.AutoTests" name="[40] /home/travis/build/icyphy/ptII/ptolemy/actor/lib/test/auto/BooleanSelect2.xml (RunModel)" time="0.016" />
  <testcase classname="ptolemy.util.test.junit.AutoTests" name="[41] /home/travis/build/icyphy/ptII/ptolemy/actor/lib/test/auto/BooleanSwitch.xml (RunModel)" time="0.017" />
  <testcase classname="ptolemy.util.test.junit.AutoTests" name="[42] /home/travis/build/icyphy/ptII/ptolemy/actor/lib/test/auto/BooleanSwitch2.xml (RunModel)" time="0.016" />
  <testcase classname="ptolemy.util.test.junit.AutoTests" name="[43] /home/travis/build/icyphy/ptII/ptolemy/actor/lib/test/auto/BooleanSwitchCloningBugWithClassRelationGroup.xml (RunModel)" time="0.023" />
  <testcase classname="ptolemy.util.test.junit.AutoTests" name="[44] /home/travis/build/icyphy/ptII/ptolemy/actor/lib/test/auto/BusActors.xml (RunModel)" time="0.03" />
  <testcase classname="ptolemy.util.test.junit.AutoTests" name="[45] /home/travis/build/icyphy/ptII/ptolemy/actor/lib/test/auto/ClassWrapper.xml (RunModel)" time="0.026" />
  <testcase classname="ptolemy.util.test.junit.AutoTests" name="[46] /home/travis/build/icyphy/ptII/ptolemy/actor/lib/test/auto/Clock.xml (RunModel)" time="0.01" />
  <testcase classname="ptolemy.util.test.junit.AutoTests" name="[47] /home/travis/build/icyphy/ptII/ptolemy/actor/lib/test/auto/Clock10.xml (RunModel)" time="0.035" />
  <testcase classname="ptolemy.util.test.junit.AutoTests" name="[48] /home/travis/build/icyphy/ptII/ptolemy/actor/lib/test/auto/Clock11.xml (RunModel)" time="0.018" />
  <testcase classname="ptolemy.util.test.junit.AutoTests" name="[49] /home/travis/build/icyphy/ptII/ptolemy/actor/lib/test/auto/Clock12.xml (RunModel)" time="0.03" />
  <testcase classname="ptolemy.util.test.junit.AutoTests" name="[50] /home/travis/build/icyphy/ptII/ptolemy/actor/lib/test/auto/Clock13.xml (RunModel)" time="0.018" />
  <testcase classname="ptolemy.util.test.junit.AutoTests" name="[51] /home/travis/build/icyphy/ptII/ptolemy/actor/lib/test/auto/Clock14.xml (RunModel)" time="0.017" />
  <testcase classname="ptolemy.util.test.junit.AutoTests" name="[52] /home/travis/build/icyphy/ptII/ptolemy/actor/lib/test/auto/Clock15.xml (RunModel)" time="0.015" />
  <testcase classname="ptolemy.util.test.junit.AutoTests" name="[53] /home/travis/build/icyphy/ptII/ptolemy/actor/lib/test/auto/Clock16.xml (RunModel)" time="0.12" />
  <testcase classname="ptolemy.util.test.junit.AutoTests" name="[54] /home/travis/build/icyphy/ptII/ptolemy/actor/lib/test/auto/Clock17.xml (RunModel)" time="0.072" />
  <testcase classname="ptolemy.util.test.junit.AutoTests" name="[55] /home/travis/build/icyphy/ptII/ptolemy/actor/lib/test/auto/Clock18.xml (RunModel)" time="0.055" />
  <testcase classname="ptolemy.util.test.junit.AutoTests" name="[56] /home/travis/build/icyphy/ptII/ptolemy/actor/lib/test/auto/Clock19.xml (RunModel)" time="0.043" />
  <testcase classname="ptolemy.util.test.junit.AutoTests" name="[57] /home/travis/build/icyphy/ptII/ptolemy/actor/lib/test/auto/Clock2.xml (RunModel)" time="0.015" />
  <testcase classname="ptolemy.util.test.junit.AutoTests" name="[58] /home/travis/build/icyphy/ptII/ptolemy/actor/lib/test/auto/Clock20.xml (RunModel)" time="0.024" />
  <testcase classname="ptolemy.util.test.junit.AutoTests" name="[59] /home/travis/build/icyphy/ptII/ptolemy/actor/lib/test/auto/Clock21.xml (RunModel)" time="0.015" />
  <testcase classname="ptolemy.util.test.junit.AutoTests" name="[60] /home/travis/build/icyphy/ptII/ptolemy/actor/lib/test/auto/Clock22.xml (RunModel)" time="0.016" />
  <testcase classname="ptolemy.util.test.junit.AutoTests" name="[61] /home/travis/build/icyphy/ptII/ptolemy/actor/lib/test/auto/Clock23.xml (RunModel)" time="0.026" />
  <testcase classname="ptolemy.util.test.junit.AutoTests" name="[62] /home/travis/build/icyphy/ptII/ptolemy/actor/lib/test/auto/Clock24.xml (RunModel)" time="0.016" />
  <testcase classname="ptolemy.util.test.junit.AutoTests" name="[63] /home/travis/build/icyphy/ptII/ptolemy/actor/lib/test/auto/Clock4.xml (RunModel)" time="0.012" />
  <testcase classname="ptolemy.util.test.junit.AutoTests" name="[64] /home/travis/build/icyphy/ptII/ptolemy/actor/lib/test/auto/Clock5.xml (RunModel)" time="0.011" />
  <testcase classname="ptolemy.util.test.junit.AutoTests" name="[65] /home/travis/build/icyphy/ptII/ptolemy/actor/lib/test/auto/Clock6.xml (RunModel)" time="0.009" />
  <testcase classname="ptolemy.util.test.junit.AutoTests" name="[66] /home/travis/build/icyphy/ptII/ptolemy/actor/lib/test/auto/Clock7.xml (RunModel)" time="0.009" />
  <testcase classname="ptolemy.util.test.junit.AutoTests" name="[67] /home/travis/build/icyphy/ptII/ptolemy/actor/lib/test/auto/Clock8.xml (RunModel)" time="0.017" />
  <testcase classname="ptolemy.util.test.junit.AutoTests" name="[68] /home/travis/build/icyphy/ptII/ptolemy/actor/lib/test/auto/Clock9.xml (RunModel)" time="0.017" />
  <testcase classname="ptolemy.util.test.junit.AutoTests" name="[69] /home/travis/build/icyphy/ptII/ptolemy/actor/lib/test/auto/CommDistDiscard.xml (RunModel)" time="0.022" />
  <testcase classname="ptolemy.util.test.junit.AutoTests" name="[70] /home/travis/build/icyphy/ptII/ptolemy/actor/lib/test/auto/Commutator.xml (RunModel)" time="0.018" />
  <testcase classname="ptolemy.util.test.junit.AutoTests" name="[71] /home/travis/build/icyphy/ptII/ptolemy/actor/lib/test/auto/Commutator2.xml (RunModel)" time="0.01" />
  <testcase classname="ptolemy.util.test.junit.AutoTests" name="[72] /home/travis/build/icyphy/ptII/ptolemy/actor/lib/test/auto/Commutator3.xml (RunModel)" time="0.011" />
  <testcase classname="ptolemy.util.test.junit.AutoTests" name="[73] /home/travis/build/icyphy/ptII/ptolemy/actor/lib/test/auto/Compare.xml (RunModel)" time="0.021" />
  <testcase classname="ptolemy.util.test.junit.AutoTests" name="[74] /home/travis/build/icyphy/ptII/ptolemy/actor/lib/test/auto/CompareDE.xml (RunModel)" time="0.019" />
  <testcase classname="ptolemy.util.test.junit.AutoTests" name="[75] /home/travis/build/icyphy/ptII/ptolemy/actor/lib/test/auto/ComplexDivide.xml (RunModel)" time="0.016" />
  <testcase classname="ptolemy.util.test.junit.AutoTests" name="[76] /home/travis/build/icyphy/ptII/ptolemy/actor/lib/test/auto/ComputeHistogram.xml (RunModel)" time="0.054" />
  <testcase classname="ptolemy.util.test.junit.AutoTests" name="[77] /home/travis/build/icyphy/ptII/ptolemy/actor/lib/test/auto/ConfigurationSelect.xml (RunModel)" time="0.021" />
  <testcase classname="ptolemy.util.test.junit.AutoTests" name="[78] /home/travis/build/icyphy/ptII/ptolemy/actor/lib/test/auto/ConfigurationSelect2.xml (RunModel)" time="0.021" />
  <testcase classname="ptolemy.util.test.junit.AutoTests" name="[79] /home/travis/build/icyphy/ptII/ptolemy/actor/lib/test/auto/ConfigurationSwitch.xml (RunModel)" time="0.023" />
  <testcase classname="ptolemy.util.test.junit.AutoTests" name="[80] /home/travis/build/icyphy/ptII/ptolemy/actor/lib/test/auto/ConfigurationSwitch2.xml (RunModel)" time="0.023" />
  <testcase classname="ptolemy.util.test.junit.AutoTests" name="[81] /home/travis/build/icyphy/ptII/ptolemy/actor/lib/test/auto/ConfigurationSwitchCloningBugWithClassRelationGroup.xml (RunModel)" time="0.02" />
  <testcase classname="ptolemy.util.test.junit.AutoTests" name="[82] /home/travis/build/icyphy/ptII/ptolemy/actor/lib/test/auto/ConfigurationSwitchSelectSDF.xml (RunModel)" time="0.014" />
  <testcase classname="ptolemy.util.test.junit.AutoTests" name="[83] /home/travis/build/icyphy/ptII/ptolemy/actor/lib/test/auto/ConfigurationSwitchSelectSDF2.xml (RunModel)" time="0.013" />
  <testcase classname="ptolemy.util.test.junit.AutoTests" name="[84] /home/travis/build/icyphy/ptII/ptolemy/actor/lib/test/auto/Const.xml (RunModel)" time="0.007" />
  <testcase classname="ptolemy.util.test.junit.AutoTests" name="[85] /home/travis/build/icyphy/ptII/ptolemy/actor/lib/test/auto/Const2.xml (RunModel)" time="0.008" />
  <testcase classname="ptolemy.util.test.junit.AutoTests" name="[86] /home/travis/build/icyphy/ptII/ptolemy/actor/lib/test/auto/Const3.xml (RunModel)" time="0.006" />
  <testcase classname="ptolemy.util.test.junit.AutoTests" name="[87] /home/travis/build/icyphy/ptII/ptolemy/actor/lib/test/auto/ConstantPublisherPort1.xml (RunModel)" time="0.018" />
  <testcase classname="ptolemy.util.test.junit.AutoTests" name="[88] /home/travis/build/icyphy/ptII/ptolemy/actor/lib/test/auto/ConstantPublisherPort2.xml (RunModel)" time="0.029" />
  <testcase classname="ptolemy.util.test.junit.AutoTests" name="[89] /home/travis/build/icyphy/ptII/ptolemy/actor/lib/test/auto/ConstantPublisherPort3.xml (RunModel)" time="0.019" />
  <testcase classname="ptolemy.util.test.junit.AutoTests" name="[90] /home/travis/build/icyphy/ptII/ptolemy/actor/lib/test/auto/ConstantPublisherPort4.xml (RunModel)" time="0.015" />
  <testcase classname="ptolemy.util.test.junit.AutoTests" name="[91] /home/travis/build/icyphy/ptII/ptolemy/actor/lib/test/auto/ConstantPublisherPort5.xml (RunModel)" time="0.048" />
  <testcase classname="ptolemy.util.test.junit.AutoTests" name="[92] /home/travis/build/icyphy/ptII/ptolemy/actor/lib/test/auto/ConstantPublisherPort6.xml (RunModel)" time="0.032" />
  <testcase classname="ptolemy.util.test.junit.AutoTests" name="[93] /home/travis/build/icyphy/ptII/ptolemy/actor/lib/test/auto/ConstantPublisherPort7.xml (RunModel)" time="0.05" />
  <testcase classname="ptolemy.util.test.junit.AutoTests" name="[94] /home/travis/build/icyphy/ptII/ptolemy/actor/lib/test/auto/ConstraintMonitor1.xml (RunModel)" time="0.048" />
  <testcase classname="ptolemy.util.test.junit.AutoTests" name="[95] /home/travis/build/icyphy/ptII/ptolemy/actor/lib/test/auto/ConstraintMonitor2.xml (RunModel)" time="0.016" />
  <testcase classname="ptolemy.util.test.junit.AutoTests" name="[96] /home/travis/build/icyphy/ptII/ptolemy/actor/lib/test/auto/ConstraintMonitor3.xml (RunModel)" time="0.016" />
  <testcase classname="ptolemy.util.test.junit.AutoTests" name="[97] /home/travis/build/icyphy/ptII/ptolemy/actor/lib/test/auto/ConstraintMonitor4.xml (RunModel)" time="0.016" />
  <testcase classname="ptolemy.util.test.junit.AutoTests" name="[98] /home/travis/build/icyphy/ptII/ptolemy/actor/lib/test/auto/ConstraintMonitor5.xml (RunModel)" time="0.011" />
  <testcase classname="ptolemy.util.test.junit.AutoTests" name="[99] /home/travis/build/icyphy/ptII/ptolemy/actor/lib/test/auto/ConstraintMonitor6.xml (RunModel)" time="0.02" />
  <testcase classname="ptolemy.util.test.junit.AutoTests" name="[100] /home/travis/build/icyphy/ptII/ptolemy/actor/lib/test/auto/ConstraintMonitor7.xml (RunModel)" time="0.024" />
  <testcase classname="ptolemy.util.test.junit.AutoTests" name="[101] /home/travis/build/icyphy/ptII/ptolemy/actor/lib/test/auto/ConstraintMonitor8.xml (RunModel)" time="0.015" />
  <testcase classname="ptolemy.util.test.junit.AutoTests" name="[102] /home/travis/build/icyphy/ptII/ptolemy/actor/lib/test/auto/Counter.xml (RunModel)" time="0.015" />
  <testcase classname="ptolemy.util.test.junit.AutoTests" name="[103] /home/travis/build/icyphy/ptII/ptolemy/actor/lib/test/auto/CurrentTimeSDF.xml (RunModel)" time="0.009" />
  <testcase classname="ptolemy.util.test.junit.AutoTests" name="[104] /home/travis/build/icyphy/ptII/ptolemy/actor/lib/test/auto/DB.xml (RunModel)" time="0.014" />
  <testcase classname="ptolemy.util.test.junit.AutoTests" name="[105] /home/travis/build/icyphy/ptII/ptolemy/actor/lib/test/auto/DBDE.xml (RunModel)" time="0.015" />
  <testcase classname="ptolemy.util.test.junit.AutoTests" name="[106] /home/travis/build/icyphy/ptII/ptolemy/actor/lib/test/auto/DateConstructor.xml (RunModel)" time="0.074" />
  <testcase classname="ptolemy.util.test.junit.AutoTests" name="[107] /home/travis/build/icyphy/ptII/ptolemy/actor/lib/test/auto/DelayTime.xml (RunModel)" time="0.02" />
  <testcase classname="ptolemy.util.test.junit.AutoTests" name="[108] /home/travis/build/icyphy/ptII/ptolemy/actor/lib/test/auto/Dictionary1.xml (RunModel)" time="0.026" />
  <testcase classname="ptolemy.util.test.junit.AutoTests" name="[109] /home/travis/build/icyphy/ptII/ptolemy/actor/lib/test/auto/Dictionary2.xml (RunModel)" time="0.019" />
  <testcase classname="ptolemy.util.test.junit.AutoTests" name="[110] /home/travis/build/icyphy/ptII/ptolemy/actor/lib/test/auto/Dictionary3.xml (RunModel)" time="0.014" />
  <testcase classname="ptolemy.util.test.junit.AutoTests" name="[111] /home/travis/build/icyphy/ptII/ptolemy/actor/lib/test/auto/Dictionary4.xml (RunModel)" time="0.02" />
  <testcase classname="ptolemy.util.test.junit.AutoTests" name="[112] /home/travis/build/icyphy/ptII/ptolemy/actor/lib/test/auto/Differential.xml (RunModel)" time="0.013" />
  <testcase classname="ptolemy.util.test.junit.AutoTests" name="[113] /home/travis/build/icyphy/ptII/ptolemy/actor/lib/test/auto/Director.xml (RunModel)" time="0.013" />
  <testcase classname="ptolemy.util.test.junit.AutoTests" name="[114] /home/travis/build/icyphy/ptII/ptolemy/actor/lib/test/auto/DiscreteClock.xml (RunModel)" time="0.009" />
  <testcase classname="ptolemy.util.test.junit.AutoTests" name="[115] /home/travis/build/icyphy/ptII/ptolemy/actor/lib/test/auto/DiscreteClock10.xml (RunModel)" time="0.025" />
  <testcase classname="ptolemy.util.test.junit.AutoTests" name="[116] /home/travis/build/icyphy/ptII/ptolemy/actor/lib/test/auto/DiscreteClock11.xml (RunModel)" time="0.013" />
  <testcase classname="ptolemy.util.test.junit.AutoTests" name="[117] /home/travis/build/icyphy/ptII/ptolemy/actor/lib/test/auto/DiscreteClock12.xml (RunModel)" time="0.015" />
  <testcase classname="ptolemy.util.test.junit.AutoTests" name="[118] /home/travis/build/icyphy/ptII/ptolemy/actor/lib/test/auto/DiscreteClock13.xml (RunModel)" time="0.017" />
  <testcase classname="ptolemy.util.test.junit.AutoTests" name="[119] /home/travis/build/icyphy/ptII/ptolemy/actor/lib/test/auto/DiscreteClock14.xml (RunModel)" time="0.015" />
  <testcase classname="ptolemy.util.test.junit.AutoTests" name="[120] /home/travis/build/icyphy/ptII/ptolemy/actor/lib/test/auto/DiscreteClock15.xml (RunModel)" time="0.015" />
  <testcase classname="ptolemy.util.test.junit.AutoTests" name="[121] /home/travis/build/icyphy/ptII/ptolemy/actor/lib/test/auto/DiscreteClock16.xml (RunModel)" time="0.045" />
  <testcase classname="ptolemy.util.test.junit.AutoTests" name="[122] /home/travis/build/icyphy/ptII/ptolemy/actor/lib/test/auto/DiscreteClock17.xml (RunModel)" time="0.041" />
  <testcase classname="ptolemy.util.test.junit.AutoTests" name="[123] /home/travis/build/icyphy/ptII/ptolemy/actor/lib/test/auto/DiscreteClock18.xml (RunModel)" time="0.047" />
  <testcase classname="ptolemy.util.test.junit.AutoTests" name="[124] /home/travis/build/icyphy/ptII/ptolemy/actor/lib/test/auto/DiscreteClock19.xml (RunModel)" time="0.048" />
  <testcase classname="ptolemy.util.test.junit.AutoTests" name="[125] /home/travis/build/icyphy/ptII/ptolemy/actor/lib/test/auto/DiscreteClock2.xml (RunModel)" time="0.009" />
  <testcase classname="ptolemy.util.test.junit.AutoTests" name="[126] /home/travis/build/icyphy/ptII/ptolemy/actor/lib/test/auto/DiscreteClock20.xml (RunModel)" time="0.013" />
  <testcase classname="ptolemy.util.test.junit.AutoTests" name="[127] /home/travis/build/icyphy/ptII/ptolemy/actor/lib/test/auto/DiscreteClock21.xml (RunModel)" time="0.016" />
  <testcase classname="ptolemy.util.test.junit.AutoTests" name="[128] /home/travis/build/icyphy/ptII/ptolemy/actor/lib/test/auto/DiscreteClock22.xml (RunModel)" time="0.012" />
  <testcase classname="ptolemy.util.test.junit.AutoTests" name="[129] /home/travis/build/icyphy/ptII/ptolemy/actor/lib/test/auto/DiscreteClock23.xml (RunModel)" time="0.016" />
  <testcase classname="ptolemy.util.test.junit.AutoTests" name="[130] /home/travis/build/icyphy/ptII/ptolemy/actor/lib/test/auto/DiscreteClock24.xml (RunModel)" time="0.015" />
  <testcase classname="ptolemy.util.test.junit.AutoTests" name="[131] /home/travis/build/icyphy/ptII/ptolemy/actor/lib/test/auto/DiscreteClock4.xml (RunModel)" time="0.013" />
  <testcase classname="ptolemy.util.test.junit.AutoTests" name="[132] /home/travis/build/icyphy/ptII/ptolemy/actor/lib/test/auto/DiscreteClock5.xml (RunModel)" time="0.012" />
  <testcase classname="ptolemy.util.test.junit.AutoTests" name="[133] /home/travis/build/icyphy/ptII/ptolemy/actor/lib/test/auto/DiscreteClock6.xml (RunModel)" time="0.012" />
  <testcase classname="ptolemy.util.test.junit.AutoTests" name="[134] /home/travis/build/icyphy/ptII/ptolemy/actor/lib/test/auto/DiscreteClock7.xml (RunModel)" time="0.011" />
  <testcase classname="ptolemy.util.test.junit.AutoTests" name="[135] /home/travis/build/icyphy/ptII/ptolemy/actor/lib/test/auto/DiscreteClock8.xml (RunModel)" time="0.023" />
  <testcase classname="ptolemy.util.test.junit.AutoTests" name="[136] /home/travis/build/icyphy/ptII/ptolemy/actor/lib/test/auto/DiscreteClock9.xml (RunModel)" time="0.017" />
  <testcase classname="ptolemy.util.test.junit.AutoTests" name="[137] /home/travis/build/icyphy/ptII/ptolemy/actor/lib/test/auto/DisplayArray.xml (RunModel)" time="0.011" />
  <testcase classname="ptolemy.util.test.junit.AutoTests" name="[138] /home/travis/build/icyphy/ptII/ptolemy/actor/lib/test/auto/Distributor.xml (RunModel)" time="0.011" />
  <testcase classname="ptolemy.util.test.junit.AutoTests" name="[139] /home/travis/build/icyphy/ptII/ptolemy/actor/lib/test/auto/Distributor2.xml (RunModel)" time="0.013" />
  <testcase classname="ptolemy.util.test.junit.AutoTests" name="[140] /home/travis/build/icyphy/ptII/ptolemy/actor/lib/test/auto/DownSample.xml (RunModel)" time="0.014" />
  <testcase classname="ptolemy.util.test.junit.AutoTests" name="[141] /home/travis/build/icyphy/ptII/ptolemy/actor/lib/test/auto/ElectronicUnitBase1.xml (RunModel)" time="0.093" />
  <testcase classname="ptolemy.util.test.junit.AutoTests" name="[142] /home/travis/build/icyphy/ptII/ptolemy/actor/lib/test/auto/ElementsToArray.xml (RunModel)" time="0.014" />
  <testcase classname="ptolemy.util.test.junit.AutoTests" name="[143] /home/travis/build/icyphy/ptII/ptolemy/actor/lib/test/auto/Equals.xml (RunModel)" time="0.016" />
  <testcase classname="ptolemy.util.test.junit.AutoTests" name="[144] /home/travis/build/icyphy/ptII/ptolemy/actor/lib/test/auto/Exec.xml (RunModel)" time="0.042" />
  <testcase classname="ptolemy.util.test.junit.AutoTests" name="[145] /home/travis/build/icyphy/ptII/ptolemy/actor/lib/test/auto/ExecEnvironment.xml (RunModel)" time="0.041" />
  <testcase classname="ptolemy.util.test.junit.AutoTests" name="[146] /home/travis/build/icyphy/ptII/ptolemy/actor/lib/test/auto/ExecNonZeroReturnOutput.xml (RunModel)" time="0.22" />
  <testcase classname="ptolemy.util.test.junit.AutoTests" name="[147] /home/travis/build/icyphy/ptII/ptolemy/actor/lib/test/auto/ExecRunDemos.xml (RunModel)" time="11.002" />
  <testcase classname="ptolemy.util.test.junit.AutoTests" name="[148] /home/travis/build/icyphy/ptII/ptolemy/actor/lib/test/auto/ExecStop.xml (RunModel)" time="5.037" />
  <testcase classname="ptolemy.util.test.junit.AutoTests" name="[149] /home/travis/build/icyphy/ptII/ptolemy/actor/lib/test/auto/ExecutionTimeSDF.xml (RunModel)" time="6.034" />
  <testcase classname="ptolemy.util.test.junit.AutoTests" name="[150] /home/travis/build/icyphy/ptII/ptolemy/actor/lib/test/auto/Expression1.xml (RunModel)" time="0.009" />
  <testcase classname="ptolemy.util.test.junit.AutoTests" name="[151] /home/travis/build/icyphy/ptII/ptolemy/actor/lib/test/auto/Expression10.xml (RunModel)" time="0.024" />
  <testcase classname="ptolemy.util.test.junit.AutoTests" name="[152] /home/travis/build/icyphy/ptII/ptolemy/actor/lib/test/auto/Expression11.xml (RunModel)" time="0.012" />
  <testcase classname="ptolemy.util.test.junit.AutoTests" name="[153] /home/travis/build/icyphy/ptII/ptolemy/actor/lib/test/auto/Expression12.xml (RunModel)" time="0.015" />
  <testcase classname="ptolemy.util.test.junit.AutoTests" name="[154] /home/travis/build/icyphy/ptII/ptolemy/actor/lib/test/auto/Expression13.xml (RunModel)" time="0.012" />
  <testcase classname="ptolemy.util.test.junit.AutoTests" name="[155] /home/travis/build/icyphy/ptII/ptolemy/actor/lib/test/auto/Expression14.xml (RunModel)" time="0.022" />
  <testcase classname="ptolemy.util.test.junit.AutoTests" name="[156] /home/travis/build/icyphy/ptII/ptolemy/actor/lib/test/auto/Expression15.xml (RunModel)" time="0.009" />
  <testcase classname="ptolemy.util.test.junit.AutoTests" name="[157] /home/travis/build/icyphy/ptII/ptolemy/actor/lib/test/auto/Expression16.xml (RunModel)" time="0.013" />
  <testcase classname="ptolemy.util.test.junit.AutoTests" name="[158] /home/travis/build/icyphy/ptII/ptolemy/actor/lib/test/auto/Expression17.xml (RunModel)" time="0.012" />
  <testcase classname="ptolemy.util.test.junit.AutoTests" name="[159] /home/travis/build/icyphy/ptII/ptolemy/actor/lib/test/auto/Expression18.xml (RunModel)" time="0.017" />
  <testcase classname="ptolemy.util.test.junit.AutoTests" name="[160] /home/travis/build/icyphy/ptII/ptolemy/actor/lib/test/auto/Expression2.xml (RunModel)" time="0.016" />
  <testcase classname="ptolemy.util.test.junit.AutoTests" name="[161] /home/travis/build/icyphy/ptII/ptolemy/actor/lib/test/auto/Expression3.xml (RunModel)" time="0.016" />
  <testcase classname="ptolemy.util.test.junit.AutoTests" name="[162] /home/travis/build/icyphy/ptII/ptolemy/actor/lib/test/auto/Expression4.xml (RunModel)" time="0.023" />
  <testcase classname="ptolemy.util.test.junit.AutoTests" name="[163] /home/travis/build/icyphy/ptII/ptolemy/actor/lib/test/auto/Expression5.xml (RunModel)" time="0.016" />
  <testcase classname="ptolemy.util.test.junit.AutoTests" name="[164] /home/travis/build/icyphy/ptII/ptolemy/actor/lib/test/auto/Expression6.xml (RunModel)" time="0.011" />
  <testcase classname="ptolemy.util.test.junit.AutoTests" name="[165] /home/travis/build/icyphy/ptII/ptolemy/actor/lib/test/auto/Expression7.xml (RunModel)" time="0.013" />
  <testcase classname="ptolemy.util.test.junit.AutoTests" name="[166] /home/travis/build/icyphy/ptII/ptolemy/actor/lib/test/auto/Expression8.xml (RunModel)" time="0.018" />
  <testcase classname="ptolemy.util.test.junit.AutoTests" name="[167] /home/travis/build/icyphy/ptII/ptolemy/actor/lib/test/auto/Expression9.xml (RunModel)" time="0.009" />
  <testcase classname="ptolemy.util.test.junit.AutoTests" name="[168] /home/travis/build/icyphy/ptII/ptolemy/actor/lib/test/auto/ExpressionConcatenateArrayType.xml (RunModel)" time="0.028" />
  <testcase classname="ptolemy.util.test.junit.AutoTests" name="[169] /home/travis/build/icyphy/ptII/ptolemy/actor/lib/test/auto/ExpressionConcatenateArrayType2.xml (RunModel)" time="0.023" />
  <testcase classname="ptolemy.util.test.junit.AutoTests" name="[170] /home/travis/build/icyphy/ptII/ptolemy/actor/lib/test/auto/ExpressionFix.xml (RunModel)" time="0.051" />
  <testcase classname="ptolemy.util.test.junit.AutoTests" name="[171] /home/travis/build/icyphy/ptII/ptolemy/actor/lib/test/auto/ExpressionFix2.xml (RunModel)" time="0.015" />
  <testcase classname="ptolemy.util.test.junit.AutoTests" name="[172] /home/travis/build/icyphy/ptII/ptolemy/actor/lib/test/auto/ExpressionFix3.xml (RunModel)" time="0.01" />
  <testcase classname="ptolemy.util.test.junit.AutoTests" name="[173] /home/travis/build/icyphy/ptII/ptolemy/actor/lib/test/auto/FileWriter1.xml (RunModel)" time="0.011" />
  <testcase classname="ptolemy.util.test.junit.AutoTests" name="[174] /home/travis/build/icyphy/ptII/ptolemy/actor/lib/test/auto/FileWriter2.xml (RunModel)" time="0.027" />
  <testcase classname="ptolemy.util.test.junit.AutoTests" name="[175] /home/travis/build/icyphy/ptII/ptolemy/actor/lib/test/auto/FileWriter3.xml (RunModel)" time="0.014" />
  <testcase classname="ptolemy.util.test.junit.AutoTests" name="[176] /home/travis/build/icyphy/ptII/ptolemy/actor/lib/test/auto/Gaussian.xml (RunModel)" time="0.011" />
  <testcase classname="ptolemy.util.test.junit.AutoTests" name="[177] /home/travis/build/icyphy/ptII/ptolemy/actor/lib/test/auto/Gaussian1.xml (RunModel)" time="0.014" />
  <testcase classname="ptolemy.util.test.junit.AutoTests" name="[178] /home/travis/build/icyphy/ptII/ptolemy/actor/lib/test/auto/Gaussian2.xml (RunModel)" time="0.027" />
  <testcase classname="ptolemy.util.test.junit.AutoTests" name="[179] /home/travis/build/icyphy/ptII/ptolemy/actor/lib/test/auto/GradientAdaptiveLattice.xml (RunModel)" time="0.018" />
  <testcase classname="ptolemy.util.test.junit.AutoTests" name="[180] /home/travis/build/icyphy/ptII/ptolemy/actor/lib/test/auto/IIR.xml (RunModel)" time="0.01" />
  <testcase classname="ptolemy.util.test.junit.AutoTests" name="[181] /home/travis/build/icyphy/ptII/ptolemy/actor/lib/test/auto/InputOutputTransparentPorts.xml (RunModel)" time="0.019" />
  <testcase classname="ptolemy.util.test.junit.AutoTests" name="[182] /home/travis/build/icyphy/ptII/ptolemy/actor/lib/test/auto/Interpolator.xml (RunModel)" time="0.012" />
  <testcase classname="ptolemy.util.test.junit.AutoTests" name="[183] /home/travis/build/icyphy/ptII/ptolemy/actor/lib/test/auto/InterpolatorFiringLimitDE.xml (RunModel)" time="0.019" />
  <testcase classname="ptolemy.util.test.junit.AutoTests" name="[184] /home/travis/build/icyphy/ptII/ptolemy/actor/lib/test/auto/Lattice.xml (RunModel)" time="0.011" />
  <testcase classname="ptolemy.util.test.junit.AutoTests" name="[185] /home/travis/build/icyphy/ptII/ptolemy/actor/lib/test/auto/LazyAOCTestLazy.xml (RunModel)" time="0.052" />
  <testcase classname="ptolemy.util.test.junit.AutoTests" name="[186] /home/travis/build/icyphy/ptII/ptolemy/actor/lib/test/auto/LazyAOCTestNonLazy.xml (RunModel)" time="0.049" />
  <testcase classname="ptolemy.util.test.junit.AutoTests" name="[187] /home/travis/build/icyphy/ptII/ptolemy/actor/lib/test/auto/LazyInnerClass.xml (RunModel)" time="0.043" />
  <testcase classname="ptolemy.util.test.junit.AutoTests" name="[188] /home/travis/build/icyphy/ptII/ptolemy/actor/lib/test/auto/LazyPubSub.xml (RunModel)" time="0.062" />
  <testcase classname="ptolemy.util.test.junit.AutoTests" name="[189] /home/travis/build/icyphy/ptII/ptolemy/actor/lib/test/auto/LazyPubSub2.xml (RunModel)" time="0.035" />
  <testcase classname="ptolemy.util.test.junit.AutoTests" name="[190] /home/travis/build/icyphy/ptII/ptolemy/actor/lib/test/auto/LazyPubSub3.xml (RunModel)" time="0.027" />
  <testcase classname="ptolemy.util.test.junit.AutoTests" name="[191] /home/travis/build/icyphy/ptII/ptolemy/actor/lib/test/auto/LazySubClassModel.xml (RunModel)" time="0.022" />
  <testcase classname="ptolemy.util.test.junit.AutoTests" name="[192] /home/travis/build/icyphy/ptII/ptolemy/actor/lib/test/auto/LevelCrossTest1.xml (RunModel)" time="0.01" />
  <testcase classname="ptolemy.util.test.junit.AutoTests" name="[193] /home/travis/build/icyphy/ptII/ptolemy/actor/lib/test/auto/LevelCrossTest10.xml (RunModel)" time="0.016" />
  <testcase classname="ptolemy.util.test.junit.AutoTests" name="[194] /home/travis/build/icyphy/ptII/ptolemy/actor/lib/test/auto/LevelCrossTest11.xml (RunModel)" time="0.017" />
  <testcase classname="ptolemy.util.test.junit.AutoTests" name="[195] /home/travis/build/icyphy/ptII/ptolemy/actor/lib/test/auto/LevelCrossTest12.xml (RunModel)" time="0.018" />
  <testcase classname="ptolemy.util.test.junit.AutoTests" name="[196] /home/travis/build/icyphy/ptII/ptolemy/actor/lib/test/auto/LevelCrossTest13.xml (RunModel)" time="0.014" />
  <testcase classname="ptolemy.util.test.junit.AutoTests" name="[197] /home/travis/build/icyphy/ptII/ptolemy/actor/lib/test/auto/LevelCrossTest2.xml (RunModel)" time="0.01" />
  <testcase classname="ptolemy.util.test.junit.AutoTests" name="[198] /home/travis/build/icyphy/ptII/ptolemy/actor/lib/test/auto/LevelCrossTest3.xml (RunModel)" time="0.012" />
  <testcase classname="ptolemy.util.test.junit.AutoTests" name="[199] /home/travis/build/icyphy/ptII/ptolemy/actor/lib/test/auto/LevelCrossTest4.xml (RunModel)" time="0.011" />
  <testcase classname="ptolemy.util.test.junit.AutoTests" name="[200] /home/travis/build/icyphy/ptII/ptolemy/actor/lib/test/auto/LevelCrossTest5.xml (RunModel)" time="0.018" />
  <testcase classname="ptolemy.util.test.junit.AutoTests" name="[201] /home/travis/build/icyphy/ptII/ptolemy/actor/lib/test/auto/LevelCrossTest6.xml (RunModel)" time="0.015" />
  <testcase classname="ptolemy.util.test.junit.AutoTests" name="[202] /home/travis/build/icyphy/ptII/ptolemy/actor/lib/test/auto/LevelCrossTest7.xml (RunModel)" time="0.024" />
  <testcase classname="ptolemy.util.test.junit.AutoTests" name="[203] /home/travis/build/icyphy/ptII/ptolemy/actor/lib/test/auto/LevelCrossTest8.xml (RunModel)" time="0.014" />
  <testcase classname="ptolemy.util.test.junit.AutoTests" name="[204] /home/travis/build/icyphy/ptII/ptolemy/actor/lib/test/auto/LevelCrossTest9.xml (RunModel)" time="0.016" />
  <testcase classname="ptolemy.util.test.junit.AutoTests" name="[205] /home/travis/build/icyphy/ptII/ptolemy/actor/lib/test/auto/LevinsonDurbin.xml (RunModel)" time="0.02" />
  <testcase classname="ptolemy.util.test.junit.AutoTests" name="[206] /home/travis/build/icyphy/ptII/ptolemy/actor/lib/test/auto/LevinsonDurbin2.xml (RunModel)" time="0.026" />
  <testcase classname="ptolemy.util.test.junit.AutoTests" name="[207] /home/travis/build/icyphy/ptII/ptolemy/actor/lib/test/auto/LevinsonDurbin3.xml (RunModel)" time="0.014" />
  <testcase classname="ptolemy.util.test.junit.AutoTests" name="[208] /home/travis/build/icyphy/ptII/ptolemy/actor/lib/test/auto/Limiter.xml (RunModel)" time="0.03" />
  <testcase classname="ptolemy.util.test.junit.AutoTests" name="[209] /home/travis/build/icyphy/ptII/ptolemy/actor/lib/test/auto/LinearDifferenceEquationSystem.xml (RunModel)" time="0.022" />
  <testcase classname="ptolemy.util.test.junit.AutoTests" name="[210] /home/travis/build/icyphy/ptII/ptolemy/actor/lib/test/auto/LookupTable.xml (RunModel)" time="0.017" />
  <testcase classname="ptolemy.util.test.junit.AutoTests" name="[211] /home/travis/build/icyphy/ptII/ptolemy/actor/lib/test/auto/MathFunction.xml (RunModel)" time="0.019" />
  <testcase classname="ptolemy.util.test.junit.AutoTests" name="[212] /home/travis/build/icyphy/ptII/ptolemy/actor/lib/test/auto/MathFunction2.xml (RunModel)" time="0.012" />
  <testcase classname="ptolemy.util.test.junit.AutoTests" name="[213] /home/travis/build/icyphy/ptII/ptolemy/actor/lib/test/auto/MathFunction3.xml (RunModel)" time="0.015" />
  <testcase classname="ptolemy.util.test.junit.AutoTests" name="[214] /home/travis/build/icyphy/ptII/ptolemy/actor/lib/test/auto/MatrixCropBoolean.xml (RunModel)" time="0.014" />
  <testcase classname="ptolemy.util.test.junit.AutoTests" name="[215] /home/travis/build/icyphy/ptII/ptolemy/actor/lib/test/auto/MatrixCropComplex.xml (RunModel)" time="0.015" />
  <testcase classname="ptolemy.util.test.junit.AutoTests" name="[216] /home/travis/build/icyphy/ptII/ptolemy/actor/lib/test/auto/MatrixCropDouble.xml (RunModel)" time="0.011" />
  <testcase classname="ptolemy.util.test.junit.AutoTests" name="[217] /home/travis/build/icyphy/ptII/ptolemy/actor/lib/test/auto/MatrixCropFix.xml (RunModel)" time="0.014" />
  <testcase classname="ptolemy.util.test.junit.AutoTests" name="[218] /home/travis/build/icyphy/ptII/ptolemy/actor/lib/test/auto/MatrixCropInt.xml (RunModel)" time="0.01" />
  <testcase classname="ptolemy.util.test.junit.AutoTests" name="[219] /home/travis/build/icyphy/ptII/ptolemy/actor/lib/test/auto/MatrixCropLong.xml (RunModel)" time="0.008" />
  <testcase classname="ptolemy.util.test.junit.AutoTests" name="[220] /home/travis/build/icyphy/ptII/ptolemy/actor/lib/test/auto/MatrixToArray.xml (RunModel)" time="0.055" />
  <testcase classname="ptolemy.util.test.junit.AutoTests" name="[221] /home/travis/build/icyphy/ptII/ptolemy/actor/lib/test/auto/MaxIndex.xml (RunModel)" time="0.014" />
  <testcase classname="ptolemy.util.test.junit.AutoTests" name="[222] /home/travis/build/icyphy/ptII/ptolemy/actor/lib/test/auto/Maximum.xml (RunModel)" time="0.017" />
  <testcase classname="ptolemy.util.test.junit.AutoTests" name="[223] /home/travis/build/icyphy/ptII/ptolemy/actor/lib/test/auto/MaximumComplex.xml (RunModel)" time="0.02" />
  <testcase classname="ptolemy.util.test.junit.AutoTests" name="[224] /home/travis/build/icyphy/ptII/ptolemy/actor/lib/test/auto/MethodCallTest.xml (RunModel)" time="0.023" />
  <testcase classname="ptolemy.util.test.junit.AutoTests" name="[225] /home/travis/build/icyphy/ptII/ptolemy/actor/lib/test/auto/Minimum.xml (RunModel)" time="0.015" />
  <testcase classname="ptolemy.util.test.junit.AutoTests" name="[226] /home/travis/build/icyphy/ptII/ptolemy/actor/lib/test/auto/MinimumComplex.xml (RunModel)" time="0.032" />
  <testcase classname="ptolemy.util.test.junit.AutoTests" name="[227] /home/travis/build/icyphy/ptII/ptolemy/actor/lib/test/auto/MinimumMultiports.xml (RunModel)" time="0.017" />
  <testcase classname="ptolemy.util.test.junit.AutoTests" name="[228] /home/travis/build/icyphy/ptII/ptolemy/actor/lib/test/auto/ModifyDate.xml (RunModel)" time="0.045" />
  <testcase classname="ptolemy.util.test.junit.AutoTests" name="[229] /home/travis/build/icyphy/ptII/ptolemy/actor/lib/test/auto/ModifyDate2.xml (RunModel)" time="0.029" />
  <testcase classname="ptolemy.util.test.junit.AutoTests" name="[230] /home/travis/build/icyphy/ptII/ptolemy/actor/lib/test/auto/MovingAverage.xml (RunModel)" time="0.011" />
  <testcase classname="ptolemy.util.test.junit.AutoTests" name="[231] /home/travis/build/icyphy/ptII/ptolemy/actor/lib/test/auto/MovingMaximum.xml (RunModel)" time="0.013" />
  <testcase classname="ptolemy.util.test.junit.AutoTests" name="[232] /home/travis/build/icyphy/ptII/ptolemy/actor/lib/test/auto/MultipleLinksToSameRelation.xml (RunModel)" time="0.008" />
  <testcase classname="ptolemy.util.test.junit.AutoTests" name="[233] /home/travis/build/icyphy/ptII/ptolemy/actor/lib/test/auto/MultipleLinksToSameRelationDE.xml (RunModel)" time="0.008" />
  <testcase classname="ptolemy.util.test.junit.AutoTests" name="[234] /home/travis/build/icyphy/ptII/ptolemy/actor/lib/test/auto/Multiplexor.xml (RunModel)" time="0.012" />
  <testcase classname="ptolemy.util.test.junit.AutoTests" name="[235] /home/travis/build/icyphy/ptII/ptolemy/actor/lib/test/auto/Multiplexor1.xml (RunModel)" time="0.012" />
  <testcase classname="ptolemy.util.test.junit.AutoTests" name="[236] /home/travis/build/icyphy/ptII/ptolemy/actor/lib/test/auto/Multiplexor2.xml (RunModel)" time="0.018" />
  <testcase classname="ptolemy.util.test.junit.AutoTests" name="[237] /home/travis/build/icyphy/ptII/ptolemy/actor/lib/test/auto/Multiplexor3.xml (RunModel)" time="0.011" />
  <testcase classname="ptolemy.util.test.junit.AutoTests" name="[238] /home/travis/build/icyphy/ptII/ptolemy/actor/lib/test/auto/MultiplexorDE.xml (RunModel)" time="0.018" />
  <testcase classname="ptolemy.util.test.junit.AutoTests" name="[239] /home/travis/build/icyphy/ptII/ptolemy/actor/lib/test/auto/MultiportBroadcastTest.xml (RunModel)" time="0.108" />
  <testcase classname="ptolemy.util.test.junit.AutoTests" name="[240] /home/travis/build/icyphy/ptII/ptolemy/actor/lib/test/auto/MultiportOutHangDuringGetWidth.xml (RunModel)" time="0.035" />
  <testcase classname="ptolemy.util.test.junit.AutoTests" name="[241] /home/travis/build/icyphy/ptII/ptolemy/actor/lib/test/auto/NilToken.xml (RunModel)" time="0.014" />
  <testcase classname="ptolemy.util.test.junit.AutoTests" name="[242] /home/travis/build/icyphy/ptII/ptolemy/actor/lib/test/auto/NilTokenNonStrictTest.xml (RunModel)" time="0.013" />
  <testcase classname="ptolemy.util.test.junit.AutoTests" name="[243] /home/travis/build/icyphy/ptII/ptolemy/actor/lib/test/auto/NilTokenRecord.xml (RunModel)" time="0.024" />
  <testcase classname="ptolemy.util.test.junit.AutoTests" name="[244] /home/travis/build/icyphy/ptII/ptolemy/actor/lib/test/auto/NilTokenTypeTest.xml (RunModel)" time="0.032" />
  <testcase classname="ptolemy.util.test.junit.AutoTests" name="[245] /home/travis/build/icyphy/ptII/ptolemy/actor/lib/test/auto/ObjectToken1.xml (RunModel)" time="0.016" />
  <testcase classname="ptolemy.util.test.junit.AutoTests" name="[246] /home/travis/build/icyphy/ptII/ptolemy/actor/lib/test/auto/OrderedMerge.xml (RunModel)" time="0.018" />
  <testcase classname="ptolemy.util.test.junit.AutoTests" name="[247] /home/travis/build/icyphy/ptII/ptolemy/actor/lib/test/auto/OrderedRecordDisassembler.xml (RunModel)" time="0.02" />
  <testcase classname="ptolemy.util.test.junit.AutoTests" name="[248] /home/travis/build/icyphy/ptII/ptolemy/actor/lib/test/auto/OrderedRecordDisassembler2.xml (RunModel)" time="0.019" />
  <testcase classname="ptolemy.util.test.junit.AutoTests" name="[249] /home/travis/build/icyphy/ptII/ptolemy/actor/lib/test/auto/OrderedRecordUpdater.xml (RunModel)" time="0.02" />
  <testcase classname="ptolemy.util.test.junit.AutoTests" name="[250] /home/travis/build/icyphy/ptII/ptolemy/actor/lib/test/auto/OrderedRecordUpdater2.xml (RunModel)" time="0.02" />
  <testcase classname="ptolemy.util.test.junit.AutoTests" name="[251] /home/travis/build/icyphy/ptII/ptolemy/actor/lib/test/auto/PhaseUnwrap.xml (RunModel)" time="0.014" />
  <testcase classname="ptolemy.util.test.junit.AutoTests" name="[252] /home/travis/build/icyphy/ptII/ptolemy/actor/lib/test/auto/PoissonClock.xml (RunModel)" time="0.01" />
  <testcase classname="ptolemy.util.test.junit.AutoTests" name="[253] /home/travis/build/icyphy/ptII/ptolemy/actor/lib/test/auto/PoissonClock2.xml (RunModel)" time="0.008" />
  <testcase classname="ptolemy.util.test.junit.AutoTests" name="[254] /home/travis/build/icyphy/ptII/ptolemy/actor/lib/test/auto/PoissonClock3.xml (RunModel)" time="0.027" />
  <testcase classname="ptolemy.util.test.junit.AutoTests" name="[255] /home/travis/build/icyphy/ptII/ptolemy/actor/lib/test/auto/PubSubWithInitialTokens.xml (RunModel)" time="0.019" />
  <testcase classname="ptolemy.util.test.junit.AutoTests" name="[256] /home/travis/build/icyphy/ptII/ptolemy/actor/lib/test/auto/PubSubWithInitialTokens2.xml (RunModel)" time="0.011" />
  <testcase classname="ptolemy.util.test.junit.AutoTests" name="[257] /home/travis/build/icyphy/ptII/ptolemy/actor/lib/test/auto/PublisherClassNoParameter.xml (RunModel)" time="0.028" />
  <testcase classname="ptolemy.util.test.junit.AutoTests" name="[258] /home/travis/build/icyphy/ptII/ptolemy/actor/lib/test/auto/PublisherClassParameter.xml (RunModel)" time="0.023" />
  <testcase classname="ptolemy.util.test.junit.AutoTests" name="[259] /home/travis/build/icyphy/ptII/ptolemy/actor/lib/test/auto/PublisherNonStrictTest.xml (RunModel)" time="0.017" />
  <testcase classname="ptolemy.util.test.junit.AutoTests" name="[260] /home/travis/build/icyphy/ptII/ptolemy/actor/lib/test/auto/PublisherPort1.xml (RunModel)" time="0.011" />
  <testcase classname="ptolemy.util.test.junit.AutoTests" name="[261] /home/travis/build/icyphy/ptII/ptolemy/actor/lib/test/auto/PublisherPort2.xml (RunModel)" time="0.011" />
  <testcase classname="ptolemy.util.test.junit.AutoTests" name="[262] /home/travis/build/icyphy/ptII/ptolemy/actor/lib/test/auto/PublisherPort3.xml (RunModel)" time="0.022" />
  <testcase classname="ptolemy.util.test.junit.AutoTests" name="[263] /home/travis/build/icyphy/ptII/ptolemy/actor/lib/test/auto/PublisherPort4.xml (RunModel)" time="0.015" />
  <testcase classname="ptolemy.util.test.junit.AutoTests" name="[264] /home/travis/build/icyphy/ptII/ptolemy/actor/lib/test/auto/PublisherPort5.xml (RunModel)" time="0.014" />
  <testcase classname="ptolemy.util.test.junit.AutoTests" name="[265] /home/travis/build/icyphy/ptII/ptolemy/actor/lib/test/auto/PublisherPort5LookAlike.xml (RunModel)" time="0.02" />
  <testcase classname="ptolemy.util.test.junit.AutoTests" name="[266] /home/travis/build/icyphy/ptII/ptolemy/actor/lib/test/auto/PublisherPort6.xml (RunModel)" time="0.013" />
  <testcase classname="ptolemy.util.test.junit.AutoTests" name="[267] /home/travis/build/icyphy/ptII/ptolemy/actor/lib/test/auto/PublisherPort7.xml (RunModel)" time="0.016" />
  <testcase classname="ptolemy.util.test.junit.AutoTests" name="[268] /home/travis/build/icyphy/ptII/ptolemy/actor/lib/test/auto/PublisherPort8.xml (RunModel)" time="0.018" />
  <testcase classname="ptolemy.util.test.junit.AutoTests" name="[269] /home/travis/build/icyphy/ptII/ptolemy/actor/lib/test/auto/PublisherPortSubscriberChannelVariablesAOC2.xml (RunModel)" time="0.035" />
  <testcase classname="ptolemy.util.test.junit.AutoTests" name="[270] /home/travis/build/icyphy/ptII/ptolemy/actor/lib/test/auto/PublisherPortSubscriberOpaqueWidthInference.xml (RunModel)" time="0.015" />
  <testcase classname="ptolemy.util.test.junit.AutoTests" name="[271] /home/travis/build/icyphy/ptII/ptolemy/actor/lib/test/auto/PublisherPortSubscriberPortAdjacent.xml (RunModel)" time="0.019" />
  <testcase classname="ptolemy.util.test.junit.AutoTests" name="[272] /home/travis/build/icyphy/ptII/ptolemy/actor/lib/test/auto/PublisherPortSubscriberPortExpression.xml (RunModel)" time="0.025" />
  <testcase classname="ptolemy.util.test.junit.AutoTests" name="[273] /home/travis/build/icyphy/ptII/ptolemy/actor/lib/test/auto/PublisherPortSubscriberPortOpaqueD3Reverse.xml (RunModel)" time="0.019" />
  <testcase classname="ptolemy.util.test.junit.AutoTests" name="[274] /home/travis/build/icyphy/ptII/ptolemy/actor/lib/test/auto/PublisherPortSubscriberPortOpaqueWidthInference.xml (RunModel)" time="0.015" />
  <testcase classname="ptolemy.util.test.junit.AutoTests" name="[275] /home/travis/build/icyphy/ptII/ptolemy/actor/lib/test/auto/PublisherPortToplevelSubscriberPortAOC.xml (RunModel)" time="0.011" />
  <testcase classname="ptolemy.util.test.junit.AutoTests" name="[276] /home/travis/build/icyphy/ptII/ptolemy/actor/lib/test/auto/PublisherSubscriber.xml (RunModel)" time="0.014" />
  <testcase classname="ptolemy.util.test.junit.AutoTests" name="[277] /home/travis/build/icyphy/ptII/ptolemy/actor/lib/test/auto/PublisherSubscriber10.xml (RunModel)" time="0.023" />
  <testcase classname="ptolemy.util.test.junit.AutoTests" name="[278] /home/travis/build/icyphy/ptII/ptolemy/actor/lib/test/auto/PublisherSubscriber10InitialOutputs.xml (RunModel)" time="0.037" />
  <testcase classname="ptolemy.util.test.junit.AutoTests" name="[279] /home/travis/build/icyphy/ptII/ptolemy/actor/lib/test/auto/PublisherSubscriber11.xml (RunModel)" time="0.019" />
  <testcase classname="ptolemy.util.test.junit.AutoTests" name="[280] /home/travis/build/icyphy/ptII/ptolemy/actor/lib/test/auto/PublisherSubscriber12.xml (RunModel)" time="0.021" />
  <testcase classname="ptolemy.util.test.junit.AutoTests" name="[281] /home/travis/build/icyphy/ptII/ptolemy/actor/lib/test/auto/PublisherSubscriber13.xml (RunModel)" time="0.014" />
  <testcase classname="ptolemy.util.test.junit.AutoTests" name="[282] /home/travis/build/icyphy/ptII/ptolemy/actor/lib/test/auto/PublisherSubscriber14.xml (RunModel)" time="0.023" />
  <testcase classname="ptolemy.util.test.junit.AutoTests" name="[283] /home/travis/build/icyphy/ptII/ptolemy/actor/lib/test/auto/PublisherSubscriber2.xml (RunModel)" time="0.011" />
  <testcase classname="ptolemy.util.test.junit.AutoTests" name="[284] /home/travis/build/icyphy/ptII/ptolemy/actor/lib/test/auto/PublisherSubscriber3.xml (RunModel)" time="0.009" />
  <testcase classname="ptolemy.util.test.junit.AutoTests" name="[285] /home/travis/build/icyphy/ptII/ptolemy/actor/lib/test/auto/PublisherSubscriber4.xml (RunModel)" time="0.011" />
  <testcase classname="ptolemy.util.test.junit.AutoTests" name="[286] /home/travis/build/icyphy/ptII/ptolemy/actor/lib/test/auto/PublisherSubscriber5.xml (RunModel)" time="0.011" />
  <testcase classname="ptolemy.util.test.junit.AutoTests" name="[287] /home/travis/build/icyphy/ptII/ptolemy/actor/lib/test/auto/PublisherSubscriber6.xml (RunModel)" time="0.014" />
  <testcase classname="ptolemy.util.test.junit.AutoTests" name="[288] /home/travis/build/icyphy/ptII/ptolemy/actor/lib/test/auto/PublisherSubscriber7.xml (RunModel)" time="0.019" />
  <testcase classname="ptolemy.util.test.junit.AutoTests" name="[289] /home/travis/build/icyphy/ptII/ptolemy/actor/lib/test/auto/PublisherSubscriber8.xml (RunModel)" time="0.034" />
  <testcase classname="ptolemy.util.test.junit.AutoTests" name="[290] /home/travis/build/icyphy/ptII/ptolemy/actor/lib/test/auto/PublisherSubscriber9.xml (RunModel)" time="0.018" />
  <testcase classname="ptolemy.util.test.junit.AutoTests" name="[291] /home/travis/build/icyphy/ptII/ptolemy/actor/lib/test/auto/PublisherSubscriberAdjacent.xml (RunModel)" time="0.016" />
  <testcase classname="ptolemy.util.test.junit.AutoTests" name="[292] /home/travis/build/icyphy/ptII/ptolemy/actor/lib/test/auto/PublisherSubscriberChannelVariablesAOC2.xml (RunModel)" time="0.028" />
  <testcase classname="ptolemy.util.test.junit.AutoTests" name="[293] /home/travis/build/icyphy/ptII/ptolemy/actor/lib/test/auto/PublisherSubscriberD3.xml (RunModel)" time="0.014" />
  <testcase classname="ptolemy.util.test.junit.AutoTests" name="[294] /home/travis/build/icyphy/ptII/ptolemy/actor/lib/test/auto/PublisherSubscriberD3Reverse.xml (RunModel)" time="0.012" />
  <testcase classname="ptolemy.util.test.junit.AutoTests" name="[295] /home/travis/build/icyphy/ptII/ptolemy/actor/lib/test/auto/PublisherSubscriberExpression.xml (RunModel)" time="0.018" />
  <testcase classname="ptolemy.util.test.junit.AutoTests" name="[296] /home/travis/build/icyphy/ptII/ptolemy/actor/lib/test/auto/PublisherSubscriberOpaque.xml (RunModel)" time="0.037" />
  <testcase classname="ptolemy.util.test.junit.AutoTests" name="[297] /home/travis/build/icyphy/ptII/ptolemy/actor/lib/test/auto/PublisherSubscriberOpaqueD3.xml (RunModel)" time="0.032" />
  <testcase classname="ptolemy.util.test.junit.AutoTests" name="[298] /home/travis/build/icyphy/ptII/ptolemy/actor/lib/test/auto/PublisherSubscriberOpaqueD3Reverse.xml (RunModel)" time="0.022" />
  <testcase classname="ptolemy.util.test.junit.AutoTests" name="[299] /home/travis/build/icyphy/ptII/ptolemy/actor/lib/test/auto/PublisherSubscriberOpaqueWidthInference.xml (RunModel)" time="0.017" />
  <testcase classname="ptolemy.util.test.junit.AutoTests" name="[300] /home/travis/build/icyphy/ptII/ptolemy/actor/lib/test/auto/PublisherTestSubscriber.xml (RunModel)" time="0.017" />
  <testcase classname="ptolemy.util.test.junit.AutoTests" name="[301] /home/travis/build/icyphy/ptII/ptolemy/actor/lib/test/auto/PublisherToplevelSubscriberPortAOC.xml (RunModel)" time="0.011" />
  <testcase classname="ptolemy.util.test.junit.AutoTests" name="[302] /home/travis/build/icyphy/ptII/ptolemy/actor/lib/test/auto/PulseFiringLimitDE.xml (RunModel)" time="0.015" />
  <testcase classname="ptolemy.util.test.junit.AutoTests" name="[303] /home/travis/build/icyphy/ptII/ptolemy/actor/lib/test/auto/Ramp1.xml (RunModel)" time="0.007" />
  <testcase classname="ptolemy.util.test.junit.AutoTests" name="[304] /home/travis/build/icyphy/ptII/ptolemy/actor/lib/test/auto/RampFiringLimitDE.xml (RunModel)" time="0.01" />
  <testcase classname="ptolemy.util.test.junit.AutoTests" name="[305] /home/travis/build/icyphy/ptII/ptolemy/actor/lib/test/auto/RampFiringLimitSDF.xml (RunModel)" time="0.01" />
  <testcase classname="ptolemy.util.test.junit.AutoTests" name="[306] /home/travis/build/icyphy/ptII/ptolemy/actor/lib/test/auto/RandomInteger.xml (RunModel)" time="0.009" />
  <testcase classname="ptolemy.util.test.junit.AutoTests" name="[307] /home/travis/build/icyphy/ptII/ptolemy/actor/lib/test/auto/ReadFile1.xml (RunModel)" time="0.008" />
  <testcase classname="ptolemy.util.test.junit.AutoTests" name="[308] /home/travis/build/icyphy/ptII/ptolemy/actor/lib/test/auto/ReadFile2.xml (RunModel)" time="0.008" />
  <testcase classname="ptolemy.util.test.junit.AutoTests" name="[309] /home/travis/build/icyphy/ptII/ptolemy/actor/lib/test/auto/Reader.xml (RunModel)" time="0.013" />
  <testcase classname="ptolemy.util.test.junit.AutoTests" name="[310] /home/travis/build/icyphy/ptII/ptolemy/actor/lib/test/auto/RecordAssemblerDisplayNameTest.xml (RunModel)" time="3.338" />
  <testcase classname="ptolemy.util.test.junit.AutoTests" name="[311] /home/travis/build/icyphy/ptII/ptolemy/actor/lib/test/auto/RecordAssemblerTypeError.xml (RunModel)" time="0.033" />
  <testcase classname="ptolemy.util.test.junit.AutoTests" name="[312] /home/travis/build/icyphy/ptII/ptolemy/actor/lib/test/auto/RecordDisassember.xml (RunModel)" time="0.013" />
  <testcase classname="ptolemy.util.test.junit.AutoTests" name="[313] /home/travis/build/icyphy/ptII/ptolemy/actor/lib/test/auto/RecordDisassemberDisplayNameTest.xml (RunModel)" time="0.019" />
  <testcase classname="ptolemy.util.test.junit.AutoTests" name="[314] /home/travis/build/icyphy/ptII/ptolemy/actor/lib/test/auto/RecordDisassembler.xml (RunModel)" time="0.009" />
  <testcase classname="ptolemy.util.test.junit.AutoTests" name="[315] /home/travis/build/icyphy/ptII/ptolemy/actor/lib/test/auto/RecordDisassembler2.xml (RunModel)" time="0.011" />
  <testcase classname="ptolemy.util.test.junit.AutoTests" name="[316] /home/travis/build/icyphy/ptII/ptolemy/actor/lib/test/auto/RecordUpdater.xml (RunModel)" time="0.01" />
  <testcase classname="ptolemy.util.test.junit.AutoTests" name="[317] /home/travis/build/icyphy/ptII/ptolemy/actor/lib/test/auto/RecordUpdater2.xml (RunModel)" time="0.01" />
  <testcase classname="ptolemy.util.test.junit.AutoTests" name="[318] /home/travis/build/icyphy/ptII/ptolemy/actor/lib/test/auto/RecursiveLattice.xml (RunModel)" time="0.009" />
  <testcase classname="ptolemy.util.test.junit.AutoTests" name="[319] /home/travis/build/icyphy/ptII/ptolemy/actor/lib/test/auto/Router.xml (RunModel)" time="3.026" />
  <testcase classname="ptolemy.util.test.junit.AutoTests" name="[320] /home/travis/build/icyphy/ptII/ptolemy/actor/lib/test/auto/Router2.xml (RunModel)" time="3.037" />
  <testcase classname="ptolemy.util.test.junit.AutoTests" name="[321] /home/travis/build/icyphy/ptII/ptolemy/actor/lib/test/auto/RunningMaximum.xml (RunModel)" time="0.018" />
  <testcase classname="ptolemy.util.test.junit.AutoTests" name="[322] /home/travis/build/icyphy/ptII/ptolemy/actor/lib/test/auto/RunningMinimum.xml (RunModel)" time="0.02" />
  <testcase classname="ptolemy.util.test.junit.AutoTests" name="[323] /home/travis/build/icyphy/ptII/ptolemy/actor/lib/test/auto/Scale.xml (RunModel)" time="0.014" />
  <testcase classname="ptolemy.util.test.junit.AutoTests" name="[324] /home/travis/build/icyphy/ptII/ptolemy/actor/lib/test/auto/Scale2.xml (RunModel)" time="0.01" />
  <testcase classname="ptolemy.util.test.junit.AutoTests" name="[325] /home/travis/build/icyphy/ptII/ptolemy/actor/lib/test/auto/Scale3.xml (RunModel)" time="0.021" />
  <testcase classname="ptolemy.util.test.junit.AutoTests" name="[326] /home/travis/build/icyphy/ptII/ptolemy/actor/lib/test/auto/ScaleArray.xml (RunModel)" time="0.012" />
  <testcase classname="ptolemy.util.test.junit.AutoTests" name="[327] /home/travis/build/icyphy/ptII/ptolemy/actor/lib/test/auto/ScaleArray2.xml (RunModel)" time="0.008" />
  <testcase classname="ptolemy.util.test.junit.AutoTests" name="[328] /home/travis/build/icyphy/ptII/ptolemy/actor/lib/test/auto/ScaleMatrix.xml (RunModel)" time="0.186" />
  <testcase classname="ptolemy.util.test.junit.AutoTests" name="[329] /home/travis/build/icyphy/ptII/ptolemy/actor/lib/test/auto/Select.xml (RunModel)" time="0.016" />
  <testcase classname="ptolemy.util.test.junit.AutoTests" name="[330] /home/travis/build/icyphy/ptII/ptolemy/actor/lib/test/auto/Select2.xml (RunModel)" time="0.008" />
  <testcase classname="ptolemy.util.test.junit.AutoTests" name="[331] /home/travis/build/icyphy/ptII/ptolemy/actor/lib/test/auto/SequenceToArray2.xml (RunModel)" time="0.153" />
  <testcase classname="ptolemy.util.test.junit.AutoTests" name="[332] /home/travis/build/icyphy/ptII/ptolemy/actor/lib/test/auto/SequentialClock.xml (RunModel)" time="0.008" />
  <testcase classname="ptolemy.util.test.junit.AutoTests" name="[333] /home/travis/build/icyphy/ptII/ptolemy/actor/lib/test/auto/SetVariable.xml (RunModel)" time="0.01" />
  <testcase classname="ptolemy.util.test.junit.AutoTests" name="[334] /home/travis/build/icyphy/ptII/ptolemy/actor/lib/test/auto/SetVariable2.xml (RunModel)" time="0.011" />
  <testcase classname="ptolemy.util.test.junit.AutoTests" name="[335] /home/travis/build/icyphy/ptII/ptolemy/actor/lib/test/auto/SetVariable3.xml (RunModel)" time="0.016" />
  <testcase classname="ptolemy.util.test.junit.AutoTests" name="[336] /home/travis/build/icyphy/ptII/ptolemy/actor/lib/test/auto/SetVariable4.xml (RunModel)" time="0.032" />
  <testcase classname="ptolemy.util.test.junit.AutoTests" name="[337] /home/travis/build/icyphy/ptII/ptolemy/actor/lib/test/auto/SetVariable5.xml (RunModel)" time="0.037" />
  <testcase classname="ptolemy.util.test.junit.AutoTests" name="[338] /home/travis/build/icyphy/ptII/ptolemy/actor/lib/test/auto/Sinewave.xml (RunModel)" time="0.026" />
  <testcase classname="ptolemy.util.test.junit.AutoTests" name="[339] /home/travis/build/icyphy/ptII/ptolemy/actor/lib/test/auto/Sinewave2.xml (RunModel)" time="0.017" />
  <testcase classname="ptolemy.util.test.junit.AutoTests" name="[340] /home/travis/build/icyphy/ptII/ptolemy/actor/lib/test/auto/Sinewave3.xml (RunModel)" time="0.022" />
  <testcase classname="ptolemy.util.test.junit.AutoTests" name="[341] /home/travis/build/icyphy/ptII/ptolemy/actor/lib/test/auto/SingleEvent.xml (RunModel)" time="0.007" />
  <testcase classname="ptolemy.util.test.junit.AutoTests" name="[342] /home/travis/build/icyphy/ptII/ptolemy/actor/lib/test/auto/Sleep.xml (RunModel)" time="6.016" />
  <testcase classname="ptolemy.util.test.junit.AutoTests" name="[343] /home/travis/build/icyphy/ptII/ptolemy/actor/lib/test/auto/SleepMultipleFire.xml (RunModel)" time="1.02" />
  <testcase classname="ptolemy.util.test.junit.AutoTests" name="[344] /home/travis/build/icyphy/ptII/ptolemy/actor/lib/test/auto/StopDE.xml (RunModel)" time="0.015" />
  <testcase classname="ptolemy.util.test.junit.AutoTests" name="[345] /home/travis/build/icyphy/ptII/ptolemy/actor/lib/test/auto/StopSDF.xml (RunModel)" time="0.022" />
  <testcase classname="ptolemy.util.test.junit.AutoTests" name="[346] /home/travis/build/icyphy/ptII/ptolemy/actor/lib/test/auto/StringConstant.xml (RunModel)" time="0.028" />
  <testcase classname="ptolemy.util.test.junit.AutoTests" name="[347] /home/travis/build/icyphy/ptII/ptolemy/actor/lib/test/auto/SubscriberPortInitialValues1.xml (RunModel)" time="0.045" />
  <testcase classname="ptolemy.util.test.junit.AutoTests" name="[348] /home/travis/build/icyphy/ptII/ptolemy/actor/lib/test/auto/SubscriberPortInitialValues13.xml (RunModel)" time="0.029" />
  <testcase classname="ptolemy.util.test.junit.AutoTests" name="[349] /home/travis/build/icyphy/ptII/ptolemy/actor/lib/test/auto/SubscriberPortInitialValues14.xml (RunModel)" time="0.016" />
  <testcase classname="ptolemy.util.test.junit.AutoTests" name="[350] /home/travis/build/icyphy/ptII/ptolemy/actor/lib/test/auto/SubscriberPortInitialValues2.xml (RunModel)" time="0.026" />
  <testcase classname="ptolemy.util.test.junit.AutoTests" name="[351] /home/travis/build/icyphy/ptII/ptolemy/actor/lib/test/auto/SubscriberPortInitialValues3.xml (RunModel)" time="0.026" />
  <testcase classname="ptolemy.util.test.junit.AutoTests" name="[352] /home/travis/build/icyphy/ptII/ptolemy/actor/lib/test/auto/SubscriptionAggregator.xml (RunModel)" time="0.015" />
  <testcase classname="ptolemy.util.test.junit.AutoTests" name="[353] /home/travis/build/icyphy/ptII/ptolemy/actor/lib/test/auto/SubscriptionAggregator2.xml (RunModel)" time="0.012" />
  <testcase classname="ptolemy.util.test.junit.AutoTests" name="[354] /home/travis/build/icyphy/ptII/ptolemy/actor/lib/test/auto/SubscriptionAggregator3.xml (RunModel)" time="0.031" />
  <testcase classname="ptolemy.util.test.junit.AutoTests" name="[355] /home/travis/build/icyphy/ptII/ptolemy/actor/lib/test/auto/SubscriptionAggregatorMultiply.xml (RunModel)" time="0.014" />
  <testcase classname="ptolemy.util.test.junit.AutoTests" name="[356] /home/travis/build/icyphy/ptII/ptolemy/actor/lib/test/auto/SubscriptionAggregatorPortMultiply1.xml (RunModel)" time="0.014" />
  <testcase classname="ptolemy.util.test.junit.AutoTests" name="[357] /home/travis/build/icyphy/ptII/ptolemy/actor/lib/test/auto/Switch.xml (RunModel)" time="0.019" />
  <testcase classname="ptolemy.util.test.junit.AutoTests" name="[358] /home/travis/build/icyphy/ptII/ptolemy/actor/lib/test/auto/Switch2.xml (RunModel)" time="0.016" />
  <testcase classname="ptolemy.util.test.junit.AutoTests" name="[359] /home/travis/build/icyphy/ptII/ptolemy/actor/lib/test/auto/SwitchDE.xml (RunModel)" time="0.015" />
  <testcase classname="ptolemy.util.test.junit.AutoTests" name="[360] /home/travis/build/icyphy/ptII/ptolemy/actor/lib/test/auto/SynchronizerDE.xml (RunModel)" time="0.023" />
  <testcase classname="ptolemy.util.test.junit.AutoTests" name="[361] /home/travis/build/icyphy/ptII/ptolemy/actor/lib/test/auto/Test.xml (RunModel)" time="0.008" />
  <testcase classname="ptolemy.util.test.junit.AutoTests" name="[362] /home/travis/build/icyphy/ptII/ptolemy/actor/lib/test/auto/TestExceptionAttribute1.xml (RunModel)" time="0.008" />
  <testcase classname="ptolemy.util.test.junit.AutoTests" name="[363] /home/travis/build/icyphy/ptII/ptolemy/actor/lib/test/auto/TestExceptionAttribute2.xml (RunModel)" time="0.011" />
  <testcase classname="ptolemy.util.test.junit.AutoTests" name="[364] /home/travis/build/icyphy/ptII/ptolemy/actor/lib/test/auto/TestExceptionAttribute3.xml (RunModel)" time="0.012" />
  <testcase classname="ptolemy.util.test.junit.AutoTests" name="[365] /home/travis/build/icyphy/ptII/ptolemy/actor/lib/test/auto/TestExceptionAttribute4.xml (RunModel)" time="0.009" />
  <testcase classname="ptolemy.util.test.junit.AutoTests" name="[366] /home/travis/build/icyphy/ptII/ptolemy/actor/lib/test/auto/TestExceptionHandler1.xml (RunModel)" time="0.007" />
  <testcase classname="ptolemy.util.test.junit.AutoTests" name="[367] /home/travis/build/icyphy/ptII/ptolemy/actor/lib/test/auto/TestExceptionHandler2.xml (RunModel)" time="0.011" />
  <testcase classname="ptolemy.util.test.junit.AutoTests" name="[368] /home/travis/build/icyphy/ptII/ptolemy/actor/lib/test/auto/TestExceptionHandler3.xml (RunModel)" time="0.006" />
  <testcase classname="ptolemy.util.test.junit.AutoTests" name="[369] /home/travis/build/icyphy/ptII/ptolemy/actor/lib/test/auto/TestExceptionHandler4.xml (RunModel)" time="0.006" />
  <testcase classname="ptolemy.util.test.junit.AutoTests" name="[370] /home/travis/build/icyphy/ptII/ptolemy/actor/lib/test/auto/TestRequireCorrectOrder.xml (RunModel)" time="0.02" />
  <testcase classname="ptolemy.util.test.junit.AutoTests" name="[371] /home/travis/build/icyphy/ptII/ptolemy/actor/lib/test/auto/TestSimple.xml (RunModel)" time="0.007" />
  <testcase classname="ptolemy.util.test.junit.AutoTests" name="[372] /home/travis/build/icyphy/ptII/ptolemy/actor/lib/test/auto/ThrowModelError.xml (RunModel)" time="0.01" />
  <testcase classname="ptolemy.util.test.junit.AutoTests" name="[373] /home/travis/build/icyphy/ptII/ptolemy/actor/lib/test/auto/TimeDelayMicrosteps.xml (RunModel)" time="0.013" />
  <testcase classname="ptolemy.util.test.junit.AutoTests" name="[374] /home/travis/build/icyphy/ptII/ptolemy/actor/lib/test/auto/TimeDelayMicrosteps2.xml (RunModel)" time="0.015" />
  <testcase classname="ptolemy.util.test.junit.AutoTests" name="[375] /home/travis/build/icyphy/ptII/ptolemy/actor/lib/test/auto/TimeDelayMicrosteps3.xml (RunModel)" time="0.012" />
  <testcase classname="ptolemy.util.test.junit.AutoTests" name="[376] /home/travis/build/icyphy/ptII/ptolemy/actor/lib/test/auto/TimeDelayVariableMicrosteps.xml (RunModel)" time="0.011" />
  <testcase classname="ptolemy.util.test.junit.AutoTests" name="[377] /home/travis/build/icyphy/ptII/ptolemy/actor/lib/test/auto/TimeGap.xml (RunModel)" time="0.018" />
  <testcase classname="ptolemy.util.test.junit.AutoTests" name="[378] /home/travis/build/icyphy/ptII/ptolemy/actor/lib/test/auto/TimeGap2.xml (RunModel)" time="0.018" />
  <testcase classname="ptolemy.util.test.junit.AutoTests" name="[379] /home/travis/build/icyphy/ptII/ptolemy/actor/lib/test/auto/TimedSinewave.xml (RunModel)" time="0.059" />
  <testcase classname="ptolemy.util.test.junit.AutoTests" name="[380] /home/travis/build/icyphy/ptII/ptolemy/actor/lib/test/auto/TimedSinewavePhase.xml (RunModel)" time="0.041" />
  <testcase classname="ptolemy.util.test.junit.AutoTests" name="[381] /home/travis/build/icyphy/ptII/ptolemy/actor/lib/test/auto/Timer.xml (RunModel)" time="0.018" />
  <testcase classname="ptolemy.util.test.junit.AutoTests" name="[382] /home/travis/build/icyphy/ptII/ptolemy/actor/lib/test/auto/TriangularDistTestModel.xml (RunModel)" time="0.019" />
  <testcase classname="ptolemy.util.test.junit.AutoTests" name="[383] /home/travis/build/icyphy/ptII/ptolemy/actor/lib/test/auto/TrigFunction.xml (RunModel)" time="0.012" />
  <testcase classname="ptolemy.util.test.junit.AutoTests" name="[384] /home/travis/build/icyphy/ptII/ptolemy/actor/lib/test/auto/TrigFunctionDE.xml (RunModel)" time="0.012" />
  <testcase classname="ptolemy.util.test.junit.AutoTests" name="[385] /home/travis/build/icyphy/ptII/ptolemy/actor/lib/test/auto/TrigFunctionInverse.xml (RunModel)" time="0.01" />
  <testcase classname="ptolemy.util.test.junit.AutoTests" name="[386] /home/travis/build/icyphy/ptII/ptolemy/actor/lib/test/auto/TrigFunctionTan.xml (RunModel)" time="0.007" />
  <testcase classname="ptolemy.util.test.junit.AutoTests" name="[387] /home/travis/build/icyphy/ptII/ptolemy/actor/lib/test/auto/TriggeredClock.xml (RunModel)" time="0.009" />
  <testcase classname="ptolemy.util.test.junit.AutoTests" name="[388] /home/travis/build/icyphy/ptII/ptolemy/actor/lib/test/auto/URLDirectoryReader.xml (RunModel)" time="0.139" />
  <testcase classname="ptolemy.util.test.junit.AutoTests" name="[389] /home/travis/build/icyphy/ptII/ptolemy/actor/lib/test/auto/URLDirectoryReader3.xml (RunModel)" time="1.365" />
  <testcase classname="ptolemy.util.test.junit.AutoTests" name="[390] /home/travis/build/icyphy/ptII/ptolemy/actor/lib/test/auto/UnaryMathFunction.xml (RunModel)" time="0.037" />
  <testcase classname="ptolemy.util.test.junit.AutoTests" name="[391] /home/travis/build/icyphy/ptII/ptolemy/actor/lib/test/auto/Uniform.xml (RunModel)" time="0.019" />
  <testcase classname="ptolemy.util.test.junit.AutoTests" name="[392] /home/travis/build/icyphy/ptII/ptolemy/actor/lib/test/auto/UnionDisassemblerTest.xml (RunModel)" time="0.01" />
  <testcase classname="ptolemy.util.test.junit.AutoTests" name="[393] /home/travis/build/icyphy/ptII/ptolemy/actor/lib/test/auto/UtilityFunctions.xml (RunModel)" time="0.007" />
  <testcase classname="ptolemy.util.test.junit.AutoTests" name="[394] /home/travis/build/icyphy/ptII/ptolemy/actor/lib/test/auto/VariableSleep.xml (RunModel)" time="0.513" />
  <testcase classname="ptolemy.util.test.junit.AutoTests" name="[395] /home/travis/build/icyphy/ptII/ptolemy/actor/lib/test/auto/VectorAssemblerDisassemblerCT.xml (RunModel)" time="0.127" />
  <testcase classname="ptolemy.util.test.junit.AutoTests" name="[396] /home/travis/build/icyphy/ptII/ptolemy/actor/lib/test/auto/VectorAssemblerDisassemblerDE.xml (RunModel)" time="0.021" />
  <testcase classname="ptolemy.util.test.junit.AutoTests" name="[397] /home/travis/build/icyphy/ptII/ptolemy/actor/lib/test/auto/VectorAssemblerDisassemblerSDF.xml (RunModel)" time="0.016" />
  <testcase classname="ptolemy.util.test.junit.AutoTests" name="[398] /home/travis/build/icyphy/ptII/ptolemy/actor/lib/test/auto/WallClockTime.xml (RunModel)" time="1.014" />
  <testcase classname="ptolemy.util.test.junit.AutoTests" name="[399] /home/travis/build/icyphy/ptII/ptolemy/actor/lib/test/auto/WidthTestWithSubscriberPublisher.xml (RunModel)" time="0.042" />
  <testcase classname="ptolemy.util.test.junit.AutoTests" name="[400] /home/travis/build/icyphy/ptII/ptolemy/actor/lib/test/auto/WidthTestWithSubscriberPublisher2.xml (RunModel)" time="0.014" />
  <testcase classname="ptolemy.util.test.junit.AutoTests" name="[401] /home/travis/build/icyphy/ptII/ptolemy/actor/lib/test/auto/WidthTestWithSubscriberPublisher3.xml (RunModel)" time="0.011" />
  <testcase classname="ptolemy.util.test.junit.AutoTests" name="[402] /home/travis/build/icyphy/ptII/ptolemy/actor/lib/test/auto/Writer.xml (RunModel)" time="0.008" />
  <testcase classname="ptolemy.util.test.junit.AutoTests" name="[403] /home/travis/build/icyphy/ptII/ptolemy/actor/lib/test/auto/array.xml (RunModel)" time="0.009" />
  <testcase classname="ptolemy.util.test.junit.AutoTests" name="[404] /home/travis/build/icyphy/ptII/ptolemy/actor/lib/test/auto/array2.xml (RunModel)" time="0.031" />
  <testcase classname="ptolemy.util.test.junit.AutoTests" name="[405] /home/travis/build/icyphy/ptII/ptolemy/actor/lib/test/auto/arrayType.xml (RunModel)" time="0.03" />
  <testcase classname="ptolemy.util.test.junit.AutoTests" name="[406] /home/travis/build/icyphy/ptII/ptolemy/actor/lib/test/auto/arrayType10.xml (RunModel)" time="0.008" />
  <testcase classname="ptolemy.util.test.junit.AutoTests" name="[407] /home/travis/build/icyphy/ptII/ptolemy/actor/lib/test/auto/arrayType11.xml (RunModel)" time="0.008" />
  <testcase classname="ptolemy.util.test.junit.AutoTests" name="[408] /home/travis/build/icyphy/ptII/ptolemy/actor/lib/test/auto/arrayType12.xml (RunModel)" time="0.009" />
  <testcase classname="ptolemy.util.test.junit.AutoTests" name="[409] /home/travis/build/icyphy/ptII/ptolemy/actor/lib/test/auto/arrayType13.xml (RunModel)" time="0.009" />
  <testcase classname="ptolemy.util.test.junit.AutoTests" name="[410] /home/travis/build/icyphy/ptII/ptolemy/actor/lib/test/auto/arrayType14.xml (RunModel)" time="0.009" />
  <testcase classname="ptolemy.util.test.junit.AutoTests" name="[411] /home/travis/build/icyphy/ptII/ptolemy/actor/lib/test/auto/arrayType15.xml (RunModel)" time="0.01" />
  <testcase classname="ptolemy.util.test.junit.AutoTests" name="[412] /home/travis/build/icyphy/ptII/ptolemy/actor/lib/test/auto/arrayType16.xml (RunModel)" time="0.008" />
  <testcase classname="ptolemy.util.test.junit.AutoTests" name="[413] /home/travis/build/icyphy/ptII/ptolemy/actor/lib/test/auto/arrayType17.xml (RunModel)" time="0.008" />
  <testcase classname="ptolemy.util.test.junit.AutoTests" name="[414] /home/travis/build/icyphy/ptII/ptolemy/actor/lib/test/auto/arrayType18.xml (RunModel)" time="0.008" />
  <testcase classname="ptolemy.util.test.junit.AutoTests" name="[415] /home/travis/build/icyphy/ptII/ptolemy/actor/lib/test/auto/arrayType19.xml (RunModel)" time="0.008" />
  <testcase classname="ptolemy.util.test.junit.AutoTests" name="[416] /home/travis/build/icyphy/ptII/ptolemy/actor/lib/test/auto/arrayType2.xml (RunModel)" time="0.009" />
  <testcase classname="ptolemy.util.test.junit.AutoTests" name="[417] /home/travis/build/icyphy/ptII/ptolemy/actor/lib/test/auto/arrayType20.xml (RunModel)" time="0.009" />
  <testcase classname="ptolemy.util.test.junit.AutoTests" name="[418] /home/travis/build/icyphy/ptII/ptolemy/actor/lib/test/auto/arrayType21.xml (RunModel)" time="0.008" />
  <testcase classname="ptolemy.util.test.junit.AutoTests" name="[419] /home/travis/build/icyphy/ptII/ptolemy/actor/lib/test/auto/arrayType22.xml (RunModel)" time="0.008" />
  <testcase classname="ptolemy.util.test.junit.AutoTests" name="[420] /home/travis/build/icyphy/ptII/ptolemy/actor/lib/test/auto/arrayType23.xml (RunModel)" time="0.008" />
  <testcase classname="ptolemy.util.test.junit.AutoTests" name="[421] /home/travis/build/icyphy/ptII/ptolemy/actor/lib/test/auto/arrayType24.xml (RunModel)" time="0.009" />
  <testcase classname="ptolemy.util.test.junit.AutoTests" name="[422] /home/travis/build/icyphy/ptII/ptolemy/actor/lib/test/auto/arrayType25.xml (RunModel)" time="0.009" />
  <testcase classname="ptolemy.util.test.junit.AutoTests" name="[423] /home/travis/build/icyphy/ptII/ptolemy/actor/lib/test/auto/arrayType26.xml (RunModel)" time="0.009" />
  <testcase classname="ptolemy.util.test.junit.AutoTests" name="[424] /home/travis/build/icyphy/ptII/ptolemy/actor/lib/test/auto/arrayType27.xml (RunModel)" time="0.008" />
  <testcase classname="ptolemy.util.test.junit.AutoTests" name="[425] /home/travis/build/icyphy/ptII/ptolemy/actor/lib/test/auto/arrayType28.xml (RunModel)" time="0.008" />
  <testcase classname="ptolemy.util.test.junit.AutoTests" name="[426] /home/travis/build/icyphy/ptII/ptolemy/actor/lib/test/auto/arrayType3.xml (RunModel)" time="0.008" />
  <testcase classname="ptolemy.util.test.junit.AutoTests" name="[427] /home/travis/build/icyphy/ptII/ptolemy/actor/lib/test/auto/arrayType4.xml (RunModel)" time="0.009" />
  <testcase classname="ptolemy.util.test.junit.AutoTests" name="[428] /home/travis/build/icyphy/ptII/ptolemy/actor/lib/test/auto/arrayType5.xml (RunModel)" time="0.009" />
  <testcase classname="ptolemy.util.test.junit.AutoTests" name="[429] /home/travis/build/icyphy/ptII/ptolemy/actor/lib/test/auto/arrayType6.xml (RunModel)" time="0.008" />
  <testcase classname="ptolemy.util.test.junit.AutoTests" name="[430] /home/travis/build/icyphy/ptII/ptolemy/actor/lib/test/auto/arrayType7.xml (RunModel)" time="0.032" />
  <testcase classname="ptolemy.util.test.junit.AutoTests" name="[431] /home/travis/build/icyphy/ptII/ptolemy/actor/lib/test/auto/arrayType8.xml (RunModel)" time="0.035" />
  <testcase classname="ptolemy.util.test.junit.AutoTests" name="[432] /home/travis/build/icyphy/ptII/ptolemy/actor/lib/test/auto/arrayType9.xml (RunModel)" time="0.009" />
  <testcase classname="ptolemy.util.test.junit.AutoTests" name="[433] /home/travis/build/icyphy/ptII/ptolemy/actor/lib/test/auto/cast.xml (RunModel)" time="0.031" />
  <testcase classname="ptolemy.util.test.junit.AutoTests" name="[434] /home/travis/build/icyphy/ptII/ptolemy/actor/lib/test/auto/compositeMultiPort.xml (RunModel)" time="0.048" />
  <testcase classname="ptolemy.util.test.junit.AutoTests" name="[435] /home/travis/build/icyphy/ptII/ptolemy/actor/lib/test/auto/expressionCastInference.xml (RunModel)" time="0.036" />
  <testcase classname="ptolemy.util.test.junit.AutoTests" name="[436] /home/travis/build/icyphy/ptII/ptolemy/actor/lib/test/auto/expressionCastInference2.xml (RunModel)" time="0.063" />
  <testcase classname="ptolemy.util.test.junit.AutoTests" name="[437] /home/travis/build/icyphy/ptII/ptolemy/actor/lib/test/auto/expressionInference.xml (RunModel)" time="0.036" />
  <testcase classname="ptolemy.util.test.junit.AutoTests" name="[438] /home/travis/build/icyphy/ptII/ptolemy/actor/lib/test/auto/expression_bug.xml (RunModel)" time="0.033" />
  <testcase classname="ptolemy.util.test.junit.AutoTests" name="[439] /home/travis/build/icyphy/ptII/ptolemy/actor/lib/test/auto/factorial.xml (RunModel)" time="0.061" />
  <testcase classname="ptolemy.util.test.junit.AutoTests" name="[440] /home/travis/build/icyphy/ptII/ptolemy/actor/lib/test/auto/filterTest1.xml (RunModel)" time="0.014" />
  <testcase classname="ptolemy.util.test.junit.AutoTests" name="[441] /home/travis/build/icyphy/ptII/ptolemy/actor/lib/test/auto/funcApplyInConst.xml (RunModel)" time="0.007" />
  <testcase classname="ptolemy.util.test.junit.AutoTests" name="[442] /home/travis/build/icyphy/ptII/ptolemy/actor/lib/test/auto/funcApplyInExpr.xml (RunModel)" time="0.006" />
  <testcase classname="ptolemy.util.test.junit.AutoTests" name="[443] /home/travis/build/icyphy/ptII/ptolemy/actor/lib/test/auto/function.xml (RunModel)" time="0.014" />
  <testcase classname="ptolemy.util.test.junit.AutoTests" name="[444] /home/travis/build/icyphy/ptII/ptolemy/actor/lib/test/auto/function2.xml (RunModel)" time="0.009" />
  <testcase classname="ptolemy.util.test.junit.AutoTests" name="[445] /home/travis/build/icyphy/ptII/ptolemy/actor/lib/test/auto/function3.xml (RunModel)" time="0.007" />
  <testcase classname="ptolemy.util.test.junit.AutoTests" name="[446] /home/travis/build/icyphy/ptII/ptolemy/actor/lib/test/auto/functionClosureTest1.xml (RunModel)" time="0.01" />
  <testcase classname="ptolemy.util.test.junit.AutoTests" name="[447] /home/travis/build/icyphy/ptII/ptolemy/actor/lib/test/auto/functionClosureTest2.xml (RunModel)" time="0.006" />
  <testcase classname="ptolemy.util.test.junit.AutoTests" name="[448] /home/travis/build/icyphy/ptII/ptolemy/actor/lib/test/auto/functionClosureTest3.xml (RunModel)" time="0.009" />
  <testcase classname="ptolemy.util.test.junit.AutoTests" name="[449] /home/travis/build/icyphy/ptII/ptolemy/actor/lib/test/auto/functionClosureTest4.xml (RunModel)" time="0.015" />
  <testcase classname="ptolemy.util.test.junit.AutoTests" name="[450] /home/travis/build/icyphy/ptII/ptolemy/actor/lib/test/auto/functionClosureTest5.xml (RunModel)" time="0.012" />
  <testcase classname="ptolemy.util.test.junit.AutoTests" name="[451] /home/travis/build/icyphy/ptII/ptolemy/actor/lib/test/auto/functionClosureTest6.xml (RunModel)" time="0.007" />
  <testcase classname="ptolemy.util.test.junit.AutoTests" name="[452] /home/travis/build/icyphy/ptII/ptolemy/actor/lib/test/auto/functionsOnArcs.xml (RunModel)" time="0.008" />
  <testcase classname="ptolemy.util.test.junit.AutoTests" name="[453] /home/travis/build/icyphy/ptII/ptolemy/actor/lib/test/auto/functionsOnArcsHOF.xml (RunModel)" time="0.011" />
  <testcase classname="ptolemy.util.test.junit.AutoTests" name="[454] /home/travis/build/icyphy/ptII/ptolemy/actor/lib/test/auto/logic.xml (RunModel)" time="0.016" />
  <testcase classname="ptolemy.util.test.junit.AutoTests" name="[455] /home/travis/build/icyphy/ptII/ptolemy/actor/lib/test/auto/matrixType.xml (RunModel)" time="0.01" />
  <testcase classname="ptolemy.util.test.junit.AutoTests" name="[456] /home/travis/build/icyphy/ptII/ptolemy/actor/lib/test/auto/matrixType10.xml (RunModel)" time="0.008" />
  <testcase classname="ptolemy.util.test.junit.AutoTests" name="[457] /home/travis/build/icyphy/ptII/ptolemy/actor/lib/test/auto/matrixType11.xml (RunModel)" time="0.009" />
  <testcase classname="ptolemy.util.test.junit.AutoTests" name="[458] /home/travis/build/icyphy/ptII/ptolemy/actor/lib/test/auto/matrixType12.xml (RunModel)" time="0.012" />
  <testcase classname="ptolemy.util.test.junit.AutoTests" name="[459] /home/travis/build/icyphy/ptII/ptolemy/actor/lib/test/auto/matrixType13.xml (RunModel)" time="0.009" />
  <testcase classname="ptolemy.util.test.junit.AutoTests" name="[460] /home/travis/build/icyphy/ptII/ptolemy/actor/lib/test/auto/matrixType14.xml (RunModel)" time="0.01" />
  <testcase classname="ptolemy.util.test.junit.AutoTests" name="[461] /home/travis/build/icyphy/ptII/ptolemy/actor/lib/test/auto/matrixType2.xml (RunModel)" time="0.009" />
  <testcase classname="ptolemy.util.test.junit.AutoTests" name="[462] /home/travis/build/icyphy/ptII/ptolemy/actor/lib/test/auto/matrixType3.xml (RunModel)" time="0.011" />
  <testcase classname="ptolemy.util.test.junit.AutoTests" name="[463] /home/travis/build/icyphy/ptII/ptolemy/actor/lib/test/auto/matrixType4.xml (RunModel)" time="0.009" />
  <testcase classname="ptolemy.util.test.junit.AutoTests" name="[464] /home/travis/build/icyphy/ptII/ptolemy/actor/lib/test/auto/matrixType5.xml (RunModel)" time="0.008" />
  <testcase classname="ptolemy.util.test.junit.AutoTests" name="[465] /home/travis/build/icyphy/ptII/ptolemy/actor/lib/test/auto/matrixType6.xml (RunModel)" time="0.008" />
  <testcase classname="ptolemy.util.test.junit.AutoTests" name="[466] /home/travis/build/icyphy/ptII/ptolemy/actor/lib/test/auto/matrixType7.xml (RunModel)" time="0.009" />
  <testcase classname="ptolemy.util.test.junit.AutoTests" name="[467] /home/travis/build/icyphy/ptII/ptolemy/actor/lib/test/auto/matrixType8.xml (RunModel)" time="0.009" />
  <testcase classname="ptolemy.util.test.junit.AutoTests" name="[468] /home/travis/build/icyphy/ptII/ptolemy/actor/lib/test/auto/matrixType9.xml (RunModel)" time="0.007" />
  <testcase classname="ptolemy.util.test.junit.AutoTests" name="[469] /home/travis/build/icyphy/ptII/ptolemy/actor/lib/test/auto/paraFunctest.xml (RunModel)" time="0.008" />
  <testcase classname="ptolemy.util.test.junit.AutoTests" name="[470] /home/travis/build/icyphy/ptII/ptolemy/actor/lib/test/auto/paraFunctest2.xml (RunModel)" time="0.015" />
  <testcase classname="ptolemy.util.test.junit.AutoTests" name="[471] /home/travis/build/icyphy/ptII/ptolemy/actor/lib/test/auto/parameterPassing.xml (RunModel)" time="0.007" />
  <testcase classname="ptolemy.util.test.junit.AutoTests" name="[472] /home/travis/build/icyphy/ptII/ptolemy/actor/lib/test/auto/record.xml (RunModel)" time="0.01" />
  <testcase classname="ptolemy.util.test.junit.AutoTests" name="[473] /home/travis/build/icyphy/ptII/ptolemy/actor/lib/test/auto/sizedarray1.xml (RunModel)" time="0.011" />
  <testcase classname="ptolemy.util.test.junit.AutoTests" name="[474] /home/travis/build/icyphy/ptII/ptolemy/actor/lib/test/auto/sizedarray2.xml (RunModel)" time="0.01" />
  <testcase classname="ptolemy.util.test.junit.AutoTests" name="[475] /home/travis/build/icyphy/ptII/ptolemy/actor/lib/test/auto/twoPublishers.xml (RunModel)" time="0.022" />
  <system-out><![CDATA[/home/travis/build/icyphy/ptII/ptolemy/actor/lib/test/AbsoluteValue.tcl
testDefs.tcl: setting time out to 9000 seconds at Tue Aug 06 05:23:29 UTC 2019
107 ms. Memory: 120832K Free: 85431K (71%)
5 ms. Memory: 120832K Free: 83912K (69%)
7 ms. Memory: 120832K Free: 82888K (69%)
6 ms. Memory: 120832K Free: 82374K (68%)
/home/travis/build/icyphy/ptII/ptolemy/actor/lib/test/AddSubtract.tcl
11 ms. Memory: 120832K Free: 80326K (66%)
7 ms. Memory: 120832K Free: 79302K (66%)
7 ms. Memory: 120832K Free: 78792K (65%)
10 ms. Memory: 120832K Free: 77768K (64%)
75 ms. Memory: 120832K Free: 75204K (62%)
16 ms. Memory: 120832K Free: 74182K (61%)
/home/travis/build/icyphy/ptII/ptolemy/actor/lib/test/Average.tcl
21 ms. Memory: 120832K Free: 72648K (60%)
17 ms. Memory: 120832K Free: 71095K (59%)
/home/travis/build/icyphy/ptII/ptolemy/actor/lib/test/Bernoulli.tcl
5 ms. Memory: 120832K Free: 69576K (58%)
2 ms. Memory: 120832K Free: 69576K (58%)
/home/travis/build/icyphy/ptII/ptolemy/actor/lib/test/Clock.tcl
preinitializing
resolving types
initializing
executing number 1
wrapping up
idle
21 ms. Memory: 120832K Free: 66504K (55%)
Completed execution with 5 iterations
preinitializing
resolving types
initializing
executing number 1
wrapping up
idle
4 ms. Memory: 120832K Free: 65975K (55%)
Completed execution with 5 iterations
preinitializing
resolving types
initializing
executing number 1
wrapping up
idle
4 ms. Memory: 120832K Free: 65480K (54%)
Completed execution with 5 iterations
/home/travis/build/icyphy/ptII/ptolemy/actor/lib/test/Commutator.tcl
6 ms. Memory: 120832K Free: 63432K (52%)
16 ms. Memory: 120832K Free: 62408K (52%)
28 ms. Memory: 120832K Free: 56774K (47%)
/home/travis/build/icyphy/ptII/ptolemy/actor/lib/test/Const.tcl
17 ms. Memory: 120832K Free: 55240K (46%)
2 ms. Memory: 120832K Free: 54726K (45%)
4 ms. Memory: 120832K Free: 54216K (45%)
6 ms. Memory: 120832K Free: 53702K (44%)
6 ms. Memory: 120832K Free: 52671K (44%)
13 ms. Memory: 120832K Free: 51144K (42%)
5 ms. Memory: 120832K Free: 50120K (41%)
11 ms. Memory: 120832K Free: 49096K (41%)
/home/travis/build/icyphy/ptII/ptolemy/actor/lib/test/CurrentTime.tcl
preinitializing
resolving types
initializing
executing number 1
wrapping up
idle
21 ms. Memory: 120832K Free: 47558K (39%)
Completed execution with 11 iterations
/home/travis/build/icyphy/ptII/ptolemy/actor/lib/test/DB.tcl
25 ms. Memory: 120832K Free: 107063K (89%)
2 ms. Memory: 120832K Free: 106568K (88%)
2 ms. Memory: 120832K Free: 106054K (88%)
/home/travis/build/icyphy/ptII/ptolemy/actor/lib/test/DiscreteRandomSource.tcl
preinitializing
resolving types
initializing
executing number 1
wrapping up
idle
4 ms. Memory: 120832K Free: 104520K (87%)
Completed execution with 4 iterations
preinitializing
resolving types
initializing
executing number 1
wrapping up
idle
9 ms. Memory: 120832K Free: 104006K (86%)
Completed execution with 4 iterations
preinitializing
resolving types
initializing
executing number 1
wrapping up
idle
2 ms. Memory: 120832K Free: 103496K (86%)
Completed execution with 4 iterations
preinitializing
resolving types
initializing
executing number 1
wrapping up
idle
3 ms. Memory: 120832K Free: 103496K (86%)
Completed execution with 4 iterations
preinitializing
resolving types
initializing
executing number 1
wrapping up
idle
12 ms. Memory: 120832K Free: 102982K (85%)
Completed execution with 4 iterations
/home/travis/build/icyphy/ptII/ptolemy/actor/lib/test/Distributor.tcl
11 ms. Memory: 120832K Free: 101448K (84%)
11 ms. Memory: 120832K Free: 100424K (83%)
StreamChangeRequest.changeExecuted(): <deleteEntity name="rec2"/> succeeded
StreamChangeRequest.changeExecuted(): <deleteRelation name="r2"/> succeeded
StreamChangeRequest.changeExecuted(): Record firings per iteration succeeded
5 ms. Memory: 120832K Free: 97862K (81%)
/home/travis/build/icyphy/ptII/ptolemy/actor/lib/test/Exit.tcl
Exit.tcl: this will print a message about Manager.exitAfterWrapup, which can be ignored.
10 ms. Memory: 120832K Free: 94728K (78%)
/home/travis/build/icyphy/ptII/ptolemy/actor/lib/test/Expression.tcl
14 ms. Memory: 120832K Free: 103531K (86%)
3 ms. Memory: 120832K Free: 102912K (85%)
3 ms. Memory: 120832K Free: 101986K (84%)
preinitializing
resolving types
initializing
executing number 1
wrapping up
idle
5 ms. Memory: 120832K Free: 100458K (83%)
Completed execution with 6 iterations
3 ms. Memory: 120832K Free: 99436K (82%)
3 ms. Memory: 120832K Free: 98907K (82%)
5 ms. Memory: 120832K Free: 97882K (81%)
4 ms. Memory: 120832K Free: 96364K (80%)
3 ms. Memory: 120832K Free: 95345K (79%)
/home/travis/build/icyphy/ptII/ptolemy/actor/lib/test/Gaussian.tcl
4 ms. Memory: 120832K Free: 93290K (77%)
sleeping 1 seconds: ......................................................................................................................................................................................................................................................................................................................................................................................................................................................................................................................................................................................................................................................................................................................................................................................................................................................................................................................................................................................................................................................................................................................................................................................................................................................................................................................................................................................................................................................................................................................................................................................................................................................................................................................................................................................................................................................................................................................................................................................................................................................................................................................................................................................................................................................................................................................................................................................................................................................................................................................................................................................................................................................................................................................................................................................................................................................................................................................................................................................................................................................................................................................................................................................................................................................................................................................................................................................................................................................................................................................................................................................................................................................................................................................................................................................................................................................................................................................................................................................................................................................................................................................................................................................................................................................................................................................................................................................................................................................................................................................................................................................................................................................................................................................................................................................................................................................................................................................................................................................................................................................................................................................................................................................................................................................................................................................................................................................................................................................................................................................................................................................................................................................................................................................................................................................................................................................................................................................................................................................................................................................................................................................................................................................................................................................................................................................................................................................................................................................................................................................................................................................................................................................................................................................................................................................................................................................................................................................................................................................................................................................................................................................................................................................................................................................................................................................................................................................................................................................................................................................................................................................................................................................................................................................................................................................................................................................................................................................................................................................................................................................................................................................................................................................................................................................................................................................................................................................................................................................................................................................................................................................................................................................................................................................................................................................................................................................................................................................................................................................................................................................................................................................................................................................................................................................................................................................................................................................................................................................................................................................................................................................................................................................................................................................................................................................................................................................................................................................................................................................................................................................................................................................................................................................................................................................................................................................................................................................................................................................................................................................................................................................................................................................................................................................................................................................................................................................................................................................................................................................................................................................................................................................................................................................................................................................................................................................................................................................................................................................................................................................................................................................................................................................................................................................................................................................................................................................................................................................................................................................................................................................................................................................................................................................................................................................................................................................................................................................................................................................................................................................................................................................................................................................................................................................................................................................................................................................................................................................................................................................................................................................................................................................................................................................................................................................................................................................................................................................................................................................................................................................................................................................................................................................................................................................................................................................................................................................................................................................................................................................................................................................................................................................................................................................................................................................................................................................................................................................................................................................................................................................................................................................................................................................................................................................................................................................................................................................................................................................................................................................................................................................................................................................................................................................................................................................................................................................................................................................................................................................................................................................................................................................................................................................................................................................................................................................................................................................................................................................................................................................................................................................................................................................................................................................................................................................................................................................................................................................................................................................................................................................................................................................................................................................................................................................................................................................................................................................................................................................................................................................................................................................................................................................................................................................................................................................................................................................................................................................................................................................................................................................................................................................................................................................................................................................................................................................................................................................................................................................................................................................................................................................................................................................................................................................................................................................................................................................................................................................................................................................................................................................................................................................................................................................................................................................................................................................................................................................................................................................................................................................................................................................................................................................................................................................................................................................................................................................................................................................................................................................................................................................................................................................................................................................................................................................................................................................................................................................................................................................................................................................................................................................................................................................................................................................................................................................................................................................................................................................................................................................................................................................................................................................................................................................................................................................................................................................................................................................................................................................................................................................................................................................................................................................................................................................................................................................................................................................................................................................................................................................................................................................................................................................................................................................................................................................................................................................................................................................................................................................................................................................................................................................................................................................................................................................................................................................................................................................................................................................................................................................................................................................................................................................................................................................................................................................................................................................................................................................................................................................................................................................................................................................................................................................................................................................................................................................................................................................................................................................................................................................................................................................................................................................................................................................................................................................................................................................................................................................................................................................................................................................................................................................................................................................................................................................................................................................................................................................................................................................................................................................................................................................................................................................................................................................................................................................................................................................................................................................................................................................................................................................................................................................................................................................................................................................................................................................................................................................................................................................................................................................................................................................................................................................................................................................................................................................................................................................................................................................................................................................................................................................................................................................................................................................................................................................................................................................................................................................................................................................................................................................................................................................................................................................................................................................................................................................................................................................................................................................................................................................................................................................................................................................................................................................................................................................................................................................................................................................................................................................................................................................................................................................................................................................................................................................................................................................................................................................................................................................................................................................................................................................................................................................................................................................................................................................................................................................................................................................................................................................................................................................................................................................................................................................................................................................................................................................................................................................................................................................................................................................................................................................................................................................................................................................................................................................................................................................................................................................................................................................................................................................................................................................................................................................................................................................................................................................................................................................................................................................................................................................................................................................................................................................................................................................................................................................................................................................................................................................................................................................................................................................................................................................................................................................................................................................................................................................................................................................................................................................................................................................................................................................................................................................................................................................................................................................................................................................................................................................................................................................................................................................................................................................................................................................................................................................................................................................................................................................................................................................................................................................................................................................................................................................................................................................................................................................................................................................................................................................................................................................................................................................................................................................................................................................................................................................................................................................................................................................................................................................................................................................................................................................................................................................................................................................................................................................................................................................2 ms. Memory: 145408K Free: 95397K (66%)
2 ms. Memory: 145408K Free: 94375K (65%)
1 ms. Memory: 145408K Free: 93855K (65%)
2 ms. Memory: 145408K Free: 93351K (64%)
2 ms. Memory: 145408K Free: 92837K (64%)
/home/travis/build/icyphy/ptII/ptolemy/actor/lib/test/IIR.tcl
/home/travis/build/icyphy/ptII/ptolemy/actor/lib/test/Interpolator.tcl
4 ms. Memory: 145408K Free: 88741K (61%)
2 ms. Memory: 145408K Free: 88231K (61%)
2 ms. Memory: 145408K Free: 87717K (60%)
2 ms. Memory: 145408K Free: 87207K (60%)
2 ms. Memory: 145408K Free: 86183K (59%)
2 ms. Memory: 145408K Free: 85655K (59%)
3 ms. Memory: 145408K Free: 84631K (58%)
2 ms. Memory: 145408K Free: 83621K (58%)
3 ms. Memory: 145408K Free: 83111K (57%)
2 ms. Memory: 145408K Free: 82087K (56%)
/home/travis/build/icyphy/ptII/ptolemy/actor/lib/test/MathFunction.tcl
4 ms. Memory: 145408K Free: 80039K (55%)
3 ms. Memory: 145408K Free: 79015K (54%)
2 ms. Memory: 145408K Free: 77989K (54%)
2 ms. Memory: 145408K Free: 76967K (53%)
3 ms. Memory: 145408K Free: 75415K (52%)
10 ms. Memory: 145408K Free: 73895K (51%)
/home/travis/build/icyphy/ptII/ptolemy/actor/lib/test/Maximum.tcl
5 ms. Memory: 145408K Free: 71847K (49%)
11 ms. Memory: 145408K Free: 130021K (89%)
7 ms. Memory: 145408K Free: 129114K (89%)
8 ms. Memory: 145408K Free: 128604K (88%)
/home/travis/build/icyphy/ptII/ptolemy/actor/lib/test/Minimum.tcl
10 ms. Memory: 145408K Free: 127060K (87%)
4 ms. Memory: 145408K Free: 126028K (87%)
3 ms. Memory: 145408K Free: 125532K (86%)
3 ms. Memory: 145408K Free: 125004K (86%)
/home/travis/build/icyphy/ptII/ptolemy/actor/lib/test/MultiplyDivide.tcl
4 ms. Memory: 145408K Free: 122956K (85%)
3 ms. Memory: 145408K Free: 121932K (84%)
2 ms. Memory: 145408K Free: 121436K (84%)
2 ms. Memory: 145408K Free: 120908K (83%)
2 ms. Memory: 145408K Free: 119884K (82%)
/home/travis/build/icyphy/ptII/ptolemy/actor/lib/test/OrderedMerge.tcl
Connections changed on port: inputA
Connections changed on port: inputB
Connections changed on port: output
Connections changed on port: output
Connections changed on port: output
Connections changed on port: input
.top. Preinitializing ...
Invoking preinitialize():  .top.OrderedMerge
Called preinitialize()
Invoking preinitialize():  .top.Ramp
Called preinitialize()
Invoking preinitialize():  .top.Ramp2
Called preinitialize()
Invoking preinitialize():  .top.Test
Called preinitialize()
Connections changed on port: inputA
Connections changed on port: output
Connections changed on port: output
Connections changed on port: input
Connections changed on port: inputB
Connections changed on port: output
.top. Finished preinitialize().
Called initialize().
Invoking initialize():  .top.OrderedMerge
Initializing actor: .top.OrderedMerge
Adding a thread: .top.OrderedMerge
Invoking initialize():  .top.Ramp
Initializing actor: .top.Ramp
Adding a thread: .top.Ramp
Invoking initialize():  .top.Ramp2
Initializing actor: .top.Ramp2
Adding a thread: .top.Ramp2
Invoking initialize():  .top.Test
Initializing actor: .top.Test
Adding a thread: .top.Test
Called fire().
Checking for deadlock:
-- Starting thread.
Called initialize()
Called prefire()
Called fire()
-- Starting thread.
Called initialize()
-- Starting thread.
Called initialize()
Called prefire()
Called prefire()
-- Starting thread.
Called initialize()
Called prefire()
Called fire()
There are 0 Blocked actors, 0 Stopped actors, and 4 active threads.
Waiting for actors to stop.
Called fire()
Called fire()
Called postfire()
Called prefire()
Called fire()
Read input token from inputA with value 0.0
Next port to read input from is inputB
Called postfire()
Called prefire()
Called fire()
Checking for deadlock:
There are 2 Blocked actors, 0 Stopped actors, and 4 active threads.
Waiting for actors to stop.
Called postfire()
Called prefire()
Called fire()
Called postfire()
Called prefire()
Called fire()
Read input token from inputB with value 0.0
Sent output token with value 0.0
Next port to read input from is inputA
Called postfire()
Called prefire()
Called fire()
Read input token from inputA with value 1.0
Checking for deadlock:
There are 1 Blocked actors, 0 Stopped actors, and 4 active threads.
Waiting for actors to stop.
Called postfire()
Called prefire()
Called fire()
Called postfire()
Called prefire()
Called fire()
Checking for deadlock:
There are 2 Blocked actors, 0 Stopped actors, and 4 active threads.
Waiting for actors to stop.
Sent output token with value 0.0
Next port to read input from is inputB
Called postfire()
Called prefire()
Called fire()
Called postfire()
Called prefire()
Called fire()
Read input token from inputB with value 1.5
-- Read input: 0.0, which is expected to match: 0.0
Checking for deadlock:
There are 3 Blocked actors, 0 Stopped actors, and 4 active threads.
Waiting for actors to stop.
Called prefire()
Called fire()
-- Read input: 0.0, which is expected to match: 0.0
Called prefire()
Sent output token with value 1.0
Called fire()
Next port to read input from is inputA
Called postfire()
Called prefire()
Called fire()
-- Read input: 1.0, which is expected to match: 1.0
Called prefire()
Called fire()
Checking for deadlock:
There are 1 Blocked actors, 0 Stopped actors, and 4 active threads.
Waiting for actors to stop.
Read input token from inputA with value 2.0
Called postfire()
Called prefire()
Called fire()
Sent output token with value 1.5
Next port to read input from is inputB
Called postfire()
Called prefire()
Called fire()
Read input token from inputB with value 3.0
Checking for deadlock:
There are 2 Blocked actors, 0 Stopped actors, and 4 active threads.
Waiting for actors to stop.
Called postfire()
Called prefire()
Called fire()
Checking for deadlock:
There are 3 Blocked actors, 0 Stopped actors, and 4 active threads.
Waiting for actors to stop.
Sent output token with value 2.0
-- Read input: 1.5, which is expected to match: 1.5
Next port to read input from is inputA
Called postfire()
Called prefire()
Called prefire()
Called fire()
Called fire()
Read input token from inputA with value 3.0
Checking for deadlock:
-- Read input: 2.0, which is expected to match: 2.0
Called prefire()
There are 1 Blocked actors, 0 Stopped actors, and 4 active threads.
Called fire()
Sent output token with value 3.0
Next port to read input from is inputB
Called postfire()
Called prefire()
Called fire()
Waiting for actors to stop.
Called postfire()
Called prefire()
Called fire()
Checking for deadlock:
There are 2 Blocked actors, 0 Stopped actors, and 4 active threads.
Waiting for actors to stop.
Read input token from inputB with value 4.5
-- Read input: 3.0, which is expected to match: 3.0
Sent output token with value 3.0
Called prefire()
Called fire()
Next port to read input from is inputA
Called postfire()
Called prefire()
Called fire()
-- Read input: 3.0, which is expected to match: 3.0
Called prefire()
Read input token from inputA with value 4.0
Called fire()
-- Read input: 4.0, which is expected to match: 4.0
Called prefire()
Called fire()
Past the end of training data. Read and discard all inputs.
Sent output token with value 4.0
Next port to read input from is inputA
Called postfire()
Called prefire()
Called fire()
Checking for deadlock:
There are 2 Blocked actors, 0 Stopped actors, and 4 active threads.
Waiting for actors to stop.
Called postfire()
Called prefire()
Called fire()
Called postfire()
Called prefire()
Called fire()
Checking for deadlock:
There are 3 Blocked actors, 0 Stopped actors, and 4 active threads.
Waiting for actors to stop.
Read input token from inputA with value 5.0
Sent output token with value 4.5
Next port to read input from is inputB
Called postfire()
Called prefire()
Called fire()
Read input token from inputB with value 6.0
Checking for deadlock:
There are 1 Blocked actors, 0 Stopped actors, and 4 active threads.
Waiting for actors to stop.
Called postfire()
Called prefire()
Called fire()
Called postfire()
Called prefire()
Called fire()
Checking for deadlock:
There are 3 Blocked actors, 0 Stopped actors, and 4 active threads.
Waiting for actors to stop.
Called prefire()
Called fire()
Checking for deadlock:
Past the end of training data. Read and discard all inputs.
There are 2 Blocked actors, 0 Stopped actors, and 4 active threads.
Waiting for actors to stop.
Checking for deadlock:
There are 3 Blocked actors, 0 Stopped actors, and 4 active threads.
Waiting for actors to stop.
Called prefire()
Called fire()
Sent output token with value 5.0
Past the end of training data. Read and discard all inputs.
Next port to read input from is inputA
Called postfire()
Called prefire()
Called fire()
Read input token from inputA with value 6.0
Sent output token with value 6.0
Next port to read input from is inputB
Called postfire()
Called prefire()
Called fire()
Read input token from inputB with value 7.5
Checking for deadlock:
There are 1 Blocked actors, 0 Stopped actors, and 4 active threads.
Waiting for actors to stop.
Called postfire()
Called prefire()
Called fire()
Called postfire()
Called prefire()
Called fire()
Checking for deadlock:
There are 3 Blocked actors, 0 Stopped actors, and 4 active threads.
Waiting for actors to stop.
Called prefire()
Checking for deadlock:
Called fire()
There are 2 Blocked actors, 0 Stopped actors, and 4 active threads.
Past the end of training data. Read and discard all inputs.
Waiting for actors to stop.
Checking for deadlock:
There are 3 Blocked actors, 0 Stopped actors, and 4 active threads.
Waiting for actors to stop.
Called prefire()
Called fire()
Checking for deadlock:
Past the end of training data. Read and discard all inputs.
There are 2 Blocked actors, 0 Stopped actors, and 4 active threads.
Waiting for actors to stop.
Checking for deadlock:
There are 3 Blocked actors, 0 Stopped actors, and 4 active threads.
Waiting for actors to stop.
Sent output token with value 6.0
Next port to read input from is inputA
Called postfire()
Called prefire()
Called fire()
Called postfire()
Called prefire()
Called fire()
Checking for deadlock:
There are 3 Blocked actors, 0 Stopped actors, and 4 active threads.
Waiting for actors to stop.
Read input token from inputA with value 7.0
Checking for deadlock:
Called prefire()
There are 2 Blocked actors, 0 Stopped actors, and 4 active threads.
Called fire()
Past the end of training data. Read and discard all inputs.
Sent output token with value 7.0
Next port to read input from is inputA
Called postfire()
Called prefire()
Called fire()
Waiting for actors to stop.
Read input token from inputA with value 8.0
Sent output token with value 7.5
Next port to read input from is inputB
Called postfire()
Called prefire()
Called fire()
Read input token from inputB with value 9.0
Checking for deadlock:
There are 1 Blocked actors, 0 Stopped actors, and 4 active threads.
Waiting for actors to stop.
Called postfire()
Called prefire()
Called fire()
-- Thread wrapup() called.
Called wrapup()
Thread .top.Ramp is exiting.
-- Thread stopped.
Checking for deadlock:
There are 2 Blocked actors, 0 Stopped actors, and 3 active threads.
Waiting for actors to stop.
Checking for deadlock:
There are 1 Blocked actors, 0 Stopped actors, and 3 active threads.
Waiting for actors to stop.
Called prefire()
Called fire()
Past the end of training data. Read and discard all inputs.
Sent output token with value 8.0
Called prefire()
Called fire()
Past the end of training data. Read and discard all inputs.
Next port to read input from is inputA
Called postfire()
Called prefire()
Called fire()
Read input token from inputA with value 9.0
Sent output token with value 9.0
Next port to read input from is inputB
Called postfire()
Called prefire()
Called fire()
Read input token from inputB with value 10.5
Checking for deadlock:
There are 1 Blocked actors, 0 Stopped actors, and 3 active threads.
Waiting for actors to stop.
Called prefire()
Called fire()
Past the end of training data. Read and discard all inputs.
Called postfire()
Called prefire()
Called fire()
Checking for deadlock:
There are 2 Blocked actors, 0 Stopped actors, and 3 active threads.
Waiting for actors to stop.
Called prefire()
Called fire()
Past the end of training data. Read and discard all inputs.
Checking for deadlock:
There are 2 Blocked actors, 0 Stopped actors, and 3 active threads.
Waiting for actors to stop.
Sent output token with value 9.0
Next port to read input from is inputA
Called postfire()
Called prefire()
Called fire()
Checking for deadlock:
There are 3 Blocked actors, 0 Stopped actors, and 3 active threads.
Actors have stopped.
Checking for deadlock:
There are 3 Blocked actors, 0 Stopped actors, and 3 active threads.
Deadlock detected.
Resolving Deadlock
Checking for deadlock:
There are 3 Blocked actors, 0 Stopped actors, and 3 active threads.
Artificial Deadlock - increasing queue capacity.
increasing the capacity of receiver ptolemy.actor.TypedIOPort {.top.OrderedMerge.inputB} to 2
-- Thread wrapup() called.
Called wrapup()
Thread .top.Ramp2 is exiting.
-- Thread stopped.
Director: Called postfire().
Called postfire().
_stopRequested = false
_stopFireRequested = false
Returning from postfire(): true
Called fire().
Checking for deadlock:
There are 2 Blocked actors, 0 Stopped actors, and 2 active threads.
Actors have stopped.
Checking for deadlock:
There are 2 Blocked actors, 0 Stopped actors, and 2 active threads.
Deadlock detected.
Resolving Deadlock
Checking for deadlock:
There are 2 Blocked actors, 0 Stopped actors, and 2 active threads.
Deadlock detected: no processes blocked on write, but some are blocked on read.
Called postfire().
_stopRequested = false
_stopFireRequested = false
Returning from postfire(): false
Finished deactivating branches.
Called wrapup().
-- Thread wrapup() called.
Called wrapup()
Thread .top.Test is exiting.
-- Thread stopped.
-- Blocked Receiver call threw TerminateProcessException.
-- Thread wrapup() called.
Called wrapup()
Thread .top.OrderedMerge is exiting.
-- Thread stopped.
-- Blocked Receiver call threw TerminateProcessException.
47 ms. Memory: 145408K Free: 115292K (79%)
.top. Preinitializing ...
Invoking preinitialize():  .top.OrderedMerge
Called preinitialize()
Invoking preinitialize():  .top.Ramp
Called preinitialize()
Invoking preinitialize():  .top.Ramp2
Called preinitialize()
Invoking preinitialize():  .top.Test
Called preinitialize()
.top. Finished preinitialize().
Called initialize().
Invoking initialize():  .top.OrderedMerge
Initializing actor: .top.OrderedMerge
Adding a thread: .top.OrderedMerge
Invoking initialize():  .top.Ramp
Initializing actor: .top.Ramp
Adding a thread: .top.Ramp
Invoking initialize():  .top.Ramp2
Initializing actor: .top.Ramp2
Adding a thread: .top.Ramp2
Invoking initialize():  .top.Test
Initializing actor: .top.Test
Adding a thread: .top.Test
-- Starting thread.
Called initialize()
Called prefire()
Called fire()
-- Starting thread.
Called initialize()
Called prefire()
Called fire()
Called postfire()
Called prefire()
Called fire()
-- Starting thread.
Called initialize()
Called prefire()
Called fire()
Called postfire()
Called prefire()
Called fire()
Called fire().
Checking for deadlock:
There are 3 Blocked actors, 0 Stopped actors, and 4 active threads.
Waiting for actors to stop.
-- Starting thread.
Called initialize()
Called prefire()
Called fire()
Called postfire()
Called prefire()
Called fire()
Read input token from inputA with value 0.0
Checking for deadlock:
There are 3 Blocked actors, 0 Stopped actors, and 4 active threads.
Waiting for actors to stop.
Next port to read input from is inputB
Called postfire()
Called prefire()
Called fire()
Read input token from inputB with value 0.0
Called postfire()
Called prefire()
Sent output token with value 0.0
Called fire()
Checking for deadlock:
Next port to read input from is inputA
Called postfire()
There are 2 Blocked actors, 0 Stopped actors, and 4 active threads.
Called prefire()
Waiting for actors to stop.
-- Read input: 0.0, which is expected to match: 0.0
Called prefire()
Called fire()
Called fire()
Called postfire()
Read input token from inputA with value 1.0
Called prefire()
Called fire()
Sent output token with value 0.0
Checking for deadlock:
There are 2 Blocked actors, 0 Stopped actors, and 4 active threads.
Next port to read input from is inputB
Called postfire()
Called prefire()
Waiting for actors to stop.
Called fire()
-- Read input: 0.0, which is expected to match: 0.0
Read input token from inputB with value 1.5
Called prefire()
Called fire()
Sent output token with value 1.0
Next port to read input from is inputA
Called postfire()
Called prefire()
-- Read input: 1.0, which is expected to match: 1.0
Called fire()
Called prefire()
Called fire()
Read input token from inputA with value 2.0
Called postfire()
Called prefire()
Called fire()
Sent output token with value 1.5
Checking for deadlock:
Next port to read input from is inputB
Called postfire()
There are 1 Blocked actors, 0 Stopped actors, and 4 active threads.
Waiting for actors to stop.
Called prefire()
Called fire()
-- Read input: 1.5, which is expected to match: 1.5
Called prefire()
Called fire()
Called postfire()
Called prefire()
Called fire()
Checking for deadlock:
There are 2 Blocked actors, 0 Stopped actors, and 4 active threads.
Waiting for actors to stop.
Called postfire()
Called prefire()
Called fire()
Checking for deadlock:
There are 3 Blocked actors, 0 Stopped actors, and 4 active threads.
Waiting for actors to stop.
Read input token from inputB with value 3.0
Checking for deadlock:
There are 2 Blocked actors, 0 Stopped actors, and 4 active threads.
Waiting for actors to stop.
-- Read input: 2.0, which is expected to match: 2.0
Called prefire()
Called fire()
Checking for deadlock:
There are 3 Blocked actors, 0 Stopped actors, and 4 active threads.
Waiting for actors to stop.
Sent output token with value 2.0
Next port to read input from is inputA
Called postfire()
Called prefire()
Called fire()
Called postfire()
Called prefire()
Called fire()
Checking for deadlock:
There are 3 Blocked actors, 0 Stopped actors, and 4 active threads.
Waiting for actors to stop.
Read input token from inputA with value 3.0
-- Read input: 3.0, which is expected to match: 3.0
Called prefire()
Called fire()
Checking for deadlock:
There are 3 Blocked actors, 0 Stopped actors, and 4 active threads.
Waiting for actors to stop.
Sent output token with value 3.0
Next port to read input from is inputB
Called postfire()
Called prefire()
Called fire()
Checking for deadlock:
There are 2 Blocked actors, 0 Stopped actors, and 4 active threads.
Waiting for actors to stop.
Called postfire()
Called prefire()
Called fire()
Checking for deadlock:
There are 3 Blocked actors, 0 Stopped actors, and 4 active threads.
Waiting for actors to stop.
Read input token from inputB with value 4.5
Checking for deadlock:
There are 2 Blocked actors, 0 Stopped actors, and 4 active threads.
Waiting for actors to stop.
-- Read input: 3.0, which is expected to match: 3.0
Called prefire()
Called fire()
Checking for deadlock:
There are 3 Blocked actors, 0 Stopped actors, and 4 active threads.
Waiting for actors to stop.
Sent output token with value 3.0
Next port to read input from is inputA
Called postfire()
Called prefire()
Called fire()
Called postfire()
Called prefire()
Called fire()
Checking for deadlock:
There are 3 Blocked actors, 0 Stopped actors, and 4 active threads.
Waiting for actors to stop.
Read input token from inputA with value 4.0
-- Read input: 4.0, which is expected to match: 4.0
Called prefire()
Called fire()
Past the end of training data. Read and discard all inputs.
Checking for deadlock:
There are 3 Blocked actors, 0 Stopped actors, and 4 active threads.
Waiting for actors to stop.
Sent output token with value 4.0
Next port to read input from is inputA
Called postfire()
Called prefire()
Called fire()
Called postfire()
Called prefire()
Called fire()
Checking for deadlock:
There are 3 Blocked actors, 0 Stopped actors, and 4 active threads.
Waiting for actors to stop.
Read input token from inputA with value 5.0
Called prefire()
Called fire()
Past the end of training data. Read and discard all inputs.
Checking for deadlock:
There are 3 Blocked actors, 0 Stopped actors, and 4 active threads.
Waiting for actors to stop.
Sent output token with value 4.5
Next port to read input from is inputB
Called postfire()
Called prefire()
Called fire()
Checking for deadlock:
There are 2 Blocked actors, 0 Stopped actors, and 4 active threads.
Waiting for actors to stop.
Called postfire()
Called prefire()
Called fire()
Checking for deadlock:
There are 3 Blocked actors, 0 Stopped actors, and 4 active threads.
Waiting for actors to stop.
Read input token from inputB with value 6.0
Checking for deadlock:
There are 2 Blocked actors, 0 Stopped actors, and 4 active threads.
Waiting for actors to stop.
Called prefire()
Called fire()
Past the end of training data. Read and discard all inputs.
Checking for deadlock:
There are 3 Blocked actors, 0 Stopped actors, and 4 active threads.
Waiting for actors to stop.
Sent output token with value 5.0
Next port to read input from is inputA
Called postfire()
Called prefire()
Called fire()
Called postfire()
Called prefire()
Called fire()
Checking for deadlock:
There are 3 Blocked actors, 0 Stopped actors, and 4 active threads.
Waiting for actors to stop.
Read input token from inputA with value 6.0
Called prefire()
Called fire()
Past the end of training data. Read and discard all inputs.
Checking for deadlock:
There are 3 Blocked actors, 0 Stopped actors, and 4 active threads.
Waiting for actors to stop.
Sent output token with value 6.0
Next port to read input from is inputB
Called postfire()
Called prefire()
Called fire()
Checking for deadlock:
There are 2 Blocked actors, 0 Stopped actors, and 4 active threads.
Waiting for actors to stop.
Called postfire()
Called prefire()
Called fire()
Checking for deadlock:
There are 3 Blocked actors, 0 Stopped actors, and 4 active threads.
Waiting for actors to stop.
Read input token from inputB with value 7.5
Checking for deadlock:
There are 2 Blocked actors, 0 Stopped actors, and 4 active threads.
Waiting for actors to stop.
Called prefire()
Called fire()
Past the end of training data. Read and discard all inputs.
Checking for deadlock:
There are 3 Blocked actors, 0 Stopped actors, and 4 active threads.
Waiting for actors to stop.
Sent output token with value 6.0
Next port to read input from is inputA
Called postfire()
Called prefire()
Called fire()
Called postfire()
Called prefire()
Called fire()
Checking for deadlock:
There are 3 Blocked actors, 0 Stopped actors, and 4 active threads.
Waiting for actors to stop.
Read input token from inputA with value 7.0
Called prefire()
Called fire()
Past the end of training data. Read and discard all inputs.
Checking for deadlock:
There are 3 Blocked actors, 0 Stopped actors, and 4 active threads.
Waiting for actors to stop.
Sent output token with value 7.0
Next port to read input from is inputA
Called postfire()
Called prefire()
Called fire()
-- Thread wrapup() called.
Called wrapup()
Thread .top.Ramp is exiting.
-- Thread stopped.
Checking for deadlock:
There are 2 Blocked actors, 0 Stopped actors, and 3 active threads.
Waiting for actors to stop.
Read input token from inputA with value 8.0
Checking for deadlock:
There are 1 Blocked actors, 0 Stopped actors, and 3 active threads.
Waiting for actors to stop.
Called prefire()
Called fire()
Past the end of training data. Read and discard all inputs.
Checking for deadlock:
There are 2 Blocked actors, 0 Stopped actors, and 3 active threads.
Waiting for actors to stop.
Sent output token with value 7.5
Next port to read input from is inputB
Called postfire()
Called prefire()
Called fire()
Checking for deadlock:
There are 1 Blocked actors, 0 Stopped actors, and 3 active threads.
Waiting for actors to stop.
Called postfire()
Called prefire()
Called fire()
Checking for deadlock:
There are 2 Blocked actors, 0 Stopped actors, and 3 active threads.
Waiting for actors to stop.
Read input token from inputB with value 9.0
Checking for deadlock:
There are 1 Blocked actors, 0 Stopped actors, and 3 active threads.
Waiting for actors to stop.
Called prefire()
Called fire()
Past the end of training data. Read and discard all inputs.
Checking for deadlock:
There are 2 Blocked actors, 0 Stopped actors, and 3 active threads.
Waiting for actors to stop.
Sent output token with value 8.0
Next port to read input from is inputA
Called postfire()
Called prefire()
Called fire()
Read input token from inputA with value 9.0
Called prefire()
Called fire()
Past the end of training data. Read and discard all inputs.
Checking for deadlock:
There are 2 Blocked actors, 0 Stopped actors, and 3 active threads.
Waiting for actors to stop.
Sent output token with value 9.0
Next port to read input from is inputB
Called postfire()
Called prefire()
Called fire()
Called postfire()
Called prefire()
Called fire()
Checking for deadlock:
There are 2 Blocked actors, 0 Stopped actors, and 3 active threads.
Waiting for actors to stop.
Read input token from inputB with value 10.5
Called prefire()
Called fire()
Past the end of training data. Read and discard all inputs.
Checking for deadlock:
There are 2 Blocked actors, 0 Stopped actors, and 3 active threads.
Waiting for actors to stop.
Sent output token with value 9.0
Next port to read input from is inputA
Called postfire()
Called prefire()
Called fire()
Checking for deadlock:
There are 3 Blocked actors, 0 Stopped actors, and 3 active threads.
Actors have stopped.
Checking for deadlock:
There are 3 Blocked actors, 0 Stopped actors, and 3 active threads.
Deadlock detected.
Resolving Deadlock
Checking for deadlock:
There are 3 Blocked actors, 0 Stopped actors, and 3 active threads.
Artificial Deadlock - increasing queue capacity.
increasing the capacity of receiver ptolemy.actor.TypedIOPort {.top.OrderedMerge.inputB} to 2
Director: Called postfire().
Called postfire().
_stopRequested = false
_stopFireRequested = false
Returning from postfire(): true
Called fire().
Checking for deadlock:
There are 2 Blocked actors, 0 Stopped actors, and 3 active threads.
Waiting for actors to stop.
-- Thread wrapup() called.
Called wrapup()
Thread .top.Ramp2 is exiting.
-- Thread stopped.
Checking for deadlock:
There are 2 Blocked actors, 0 Stopped actors, and 2 active threads.
Actors have stopped.
Checking for deadlock:
There are 2 Blocked actors, 0 Stopped actors, and 2 active threads.
Deadlock detected.
Resolving Deadlock
Checking for deadlock:
There are 2 Blocked actors, 0 Stopped actors, and 2 active threads.
Deadlock detected: no processes blocked on write, but some are blocked on read.
Called postfire().
_stopRequested = false
_stopFireRequested = false
Returning from postfire(): false
Finished deactivating branches.
Called wrapup().
-- Thread wrapup() called.
Called wrapup()
-- Thread wrapup() called.
Called wrapup()
Thread .top.Test is exiting.
-- Thread stopped.
-- Blocked Receiver call threw TerminateProcessException.
Thread .top.OrderedMerge is exiting.
-- Thread stopped.
-- Blocked Receiver call threw TerminateProcessException.
54 ms. Memory: 145408K Free: 112730K (78%)
/home/travis/build/icyphy/ptII/ptolemy/actor/lib/test/Publisher.tcl
21 ms. Memory: 145408K Free: 106586K (73%)
13 ms. Memory: 145408K Free: 101466K (70%)
2 ms. Memory: 145408K Free: 97340K (67%)
13 ms. Memory: 145408K Free: 96860K (67%)
8 ms. Memory: 145408K Free: 95836K (66%)
11 ms. Memory: 145408K Free: 94812K (65%)
3 ms. Memory: 145408K Free: 94284K (65%)
6 ms. Memory: 145408K Free: 93274K (64%)
24 ms. Memory: 145408K Free: 83548K (57%)
4 ms. Memory: 145408K Free: 128666K (88%)
2 ms. Memory: 145408K Free: 127642K (88%)
14 ms. Memory: 145408K Free: 125594K (86%)
6 ms. Memory: 145408K Free: 117912K (81%)
10 ms. Memory: 145408K Free: 108696K (75%)
6 ms. Memory: 145408K Free: 97432K (67%)
/home/travis/build/icyphy/ptII/ptolemy/actor/lib/test/Pulse.tcl
3 ms. Memory: 145408K Free: 127730K (88%)
1 ms. Memory: 145408K Free: 127216K (87%)
9 ms. Memory: 145408K Free: 126706K (87%)
2 ms. Memory: 145408K Free: 126192K (87%)
1 ms. Memory: 145408K Free: 125682K (86%)
11 ms. Memory: 145408K Free: 124144K (85%)
5 ms. Memory: 145408K Free: 123120K (85%)
2 ms. Memory: 145408K Free: 122610K (84%)
1 ms. Memory: 145408K Free: 122096K (84%)
/home/travis/build/icyphy/ptII/ptolemy/actor/lib/test/Ramp.tcl
3 ms. Memory: 145408K Free: 120048K (83%)
1 ms. Memory: 145408K Free: 119024K (82%)
1 ms. Memory: 145408K Free: 118514K (82%)
1 ms. Memory: 145408K Free: 117490K (81%)
4 ms. Memory: 145408K Free: 116976K (80%)
5 ms. Memory: 145408K Free: 115946K (80%)
5 ms. Memory: 145408K Free: 114928K (79%)
5 actors
7000 microseconds per iteration to create
5 ms. Memory: 145408K Free: 112370K (77%)
2 ms. Memory: 145408K Free: 111842K (77%)
2 ms. Memory: 145408K Free: 111346K (77%)
2 ms. Memory: 145408K Free: 110322K (76%)
50 actors
44000 microseconds per iteration to create
44 ms. Memory: 145408K Free: 94962K (65%)
25 ms. Memory: 145408K Free: 93938K (65%)
6 ms. Memory: 145408K Free: 92914K (64%)
13 ms. Memory: 145408K Free: 91890K (63%)
500 actors
1604000 microseconds per iteration to create
283 ms. Memory: 175104K Free: 120851K (69%)
37 ms. Memory: 175104K Free: 115731K (66%)
36 ms. Memory: 175104K Free: 110611K (63%)
37 ms. Memory: 175104K Free: 105491K (60%)
/home/travis/build/icyphy/ptII/ptolemy/actor/lib/test/RampContinuous.tcl
15 ms. Memory: 175104K Free: 103953K (59%)
/home/travis/build/icyphy/ptII/ptolemy/actor/lib/test/RecordAssembler.tcl
6 ms. Memory: 175104K Free: 102419K (58%)
4 ms. Memory: 175104K Free: 101395K (58%)
/home/travis/build/icyphy/ptII/ptolemy/actor/lib/test/RecordDisassembler.tcl
11 ms. Memory: 175104K Free: 99347K (57%)
2 ms. Memory: 175104K Free: 98803K (56%)
10 ms. Memory: 175104K Free: 97795K (56%)
/home/travis/build/icyphy/ptII/ptolemy/actor/lib/test/Scale.tcl
3 ms. Memory: 175104K Free: 95731K (55%)
2 ms. Memory: 175104K Free: 95251K (54%)
1 ms. Memory: 175104K Free: 94227K (54%)
3 ms. Memory: 175104K Free: 93203K (53%)
9 ms. Memory: 175104K Free: 92675K (53%)
/home/travis/build/icyphy/ptII/ptolemy/actor/lib/test/SequentialClock.tcl
preinitializing
resolving types
initializing
executing number 1
wrapping up
idle
3 ms. Memory: 175104K Free: 91155K (52%)
Completed execution with 5 iterations
preinitializing
resolving types
initializing
executing number 1
wrapping up
idle
5 ms. Memory: 175104K Free: 90635K (52%)
Completed execution with 5 iterations
preinitializing
resolving types
initializing
executing number 1
wrapping up
idle
2 ms. Memory: 175104K Free: 90131K (51%)
Completed execution with 5 iterations
/home/travis/build/icyphy/ptII/ptolemy/actor/lib/test/SetVariable.tcl
9 ms. Memory: 175104K Free: 88579K (51%)


==== $PTII/ptolemy/actor/lib/test/SetVariable.tcl: SetVariable-3.1 changeFailed
==== Contents of test case:

    #Uses 2.1 above
    jdkCaptureErr {
        # This test was failing if we ran Exit.tcl and then this test.
        # MessageHandler.error() now actually throws the Exception.
	catch {$setVariable changeFailed [java::null]  [java::new Exception {Test exception for SetVariable.changeFailed()}]} errMsg
    } results
    list [string range $results 0 89] "\n" $errMsg

==== Result was:
{java.lang.Exception: Test exception for SetVariable.changeFailed()
	at java.base/jdk.inter} {
} {java.lang.RuntimeException: java.lang.Exception: Test exception for SetVariable.changeFailed()}
---- Result should have been:
{Failed to set variable.
java.lang.Exception: Test exception for SetVariable.changeFailed()} {
} {java.lang.RuntimeException: java.lang.Exception: Test exception for SetVariable.changeFailed()}
---- SetVariable-3.1 FAILED
/home/travis/build/icyphy/ptII/ptolemy/actor/lib/test/Sinewave.tcl
/home/travis/build/icyphy/ptII/ptolemy/actor/lib/test/SubscriptionAggregator.tcl
4 ms. Memory: 175104K Free: 76305K (44%)
2 ms. Memory: 175104K Free: 75795K (43%)
0 ms. Memory: 175104K Free: 75281K (43%)
1 ms. Memory: 175104K Free: 74771K (43%)
2 ms. Memory: 175104K Free: 71185K (41%)
16 ms. Memory: 175104K Free: 69137K (39%)
...............................................................994 ms. Memory: 231424K Free: 119144K (51%)
/home/travis/build/icyphy/ptII/ptolemy/actor/lib/test/Test.tcl
 The next command will produce a warning about training mode,
   which may be ignored.
10 ms. Memory: 231424K Free: 117098K (51%)
3 ms. Memory: 231424K Free: 116584K (50%)
1 ms. Memory: 231424K Free: 116074K (50%)
2 ms. Memory: 231424K Free: 115050K (50%)
2 ms. Memory: 231424K Free: 114521K (49%)
3 ms. Memory: 231424K Free: 113497K (49%)
3 ms. Memory: 231424K Free: 111978K (48%)
 The next command will produce a warning about training mode,
   which may be ignored.
4 ms. Memory: 231424K Free: 109930K (48%)
 The next command will produce a warning about training mode,
   which may be ignored.
2 ms. Memory: 231424K Free: 108377K (47%)
1 ms. Memory: 231424K Free: 107882K (47%)
1 ms. Memory: 231424K Free: 107882K (47%)
2 ms. Memory: 231424K Free: 106858K (46%)
14 ms. Memory: 231424K Free: 105834K (46%)
3 ms. Memory: 231424K Free: 102248K (44%)
/home/travis/build/icyphy/ptII/ptolemy/actor/lib/test/TestExceptionHandler.tcl
 The next command will produce a warning about training mode,
   which may be ignored.
2 ms. Memory: 231424K Free: 101217K (44%)
1 ms. Memory: 231424K Free: 100697K (44%)
1 ms. Memory: 231424K Free: 99690K (43%)
/home/travis/build/icyphy/ptII/ptolemy/actor/lib/test/UnionDisassembler.tcl
14 ms. Memory: 231424K Free: 92522K (40%)
/home/travis/build/icyphy/ptII/ptolemy/actor/lib/test/VariableClock.tcl
preinitializing
resolving types
initializing
executing number 1
wrapping up
idle
3 ms. Memory: 231424K Free: 90969K (39%)
Completed execution with 11 iterations
preinitializing
resolving types
initializing
executing number 1
wrapping up
idle
11 ms. Memory: 231424K Free: 89450K (39%)
Completed execution with 10 iterations
08/06/19 05:23:38
Failed: 1  Total Tests: 234  ((Passed: 233, Newly Passed: 0)  Known Failed: 0) /home/travis/build/icyphy/ptII/ptolemy/actor/lib/test
----------------- testing (KnownFailure) /home/travis/build/icyphy/ptII/ptolemy/actor/lib/test/auto/knownFailedTests/PublisherPortToplevelSubscriber.xml
1 ms. Memory: 231424K Free: 85864K (37%)
Known Failure: java.lang.reflect.InvocationTargetException
----------------- testing (KnownFailure) /home/travis/build/icyphy/ptII/ptolemy/actor/lib/test/auto/knownFailedTests/PublisherSubscriberPortToplevel.xml
0 ms. Memory: 231424K Free: 81768K (35%)
Known Failure: java.lang.reflect.InvocationTargetException
----------------- testing (KnownFailure) /home/travis/build/icyphy/ptII/ptolemy/actor/lib/test/auto/knownFailedTests/PublisherSubscriptionAggregatorPort.xml
1 ms. Memory: 231424K Free: 77672K (34%)
Known Failure: java.lang.reflect.InvocationTargetException
----------------- testing (KnownFailure) /home/travis/build/icyphy/ptII/ptolemy/actor/lib/test/auto/knownFailedTests/sizedarray3.xml
5 ms. Memory: 231424K Free: 73576K (32%)
Known Failure: java.lang.reflect.InvocationTargetException
No auto/linux-amd64/*.xml tests in /home/travis/build/icyphy/ptII/ptolemy/actor/lib/test
AutoTests.java: About to close Vertx.
AutoTests.java: Vertx closed.

===========================================================================================
----------------- testing Tue Aug 06 05:23:38 UTC 2019 /home/travis/build/icyphy/ptII/ptolemy/actor/lib/test/auto/AbsoluteValue.xml
----------------- Instantiating /home/travis/build/icyphy/ptII/ptolemy/actor/lib/test/auto/AbsoluteValue.xml
4 ms. Memory: 231424K Free: 166268K (72%)
----------------- Invoking toplevel() on ptolemy.moml.MoMLSimpleApplication@6d9fe939
----------------- Done invoking toplevel() on ptolemy.moml.MoMLSimpleApplication@6d9fe939
reloadAllAccessors: .AbsoluteValue

===========================================================================================
----------------- testing Tue Aug 06 05:23:38 UTC 2019 /home/travis/build/icyphy/ptII/ptolemy/actor/lib/test/auto/AbsoluteValue2.xml
----------------- Instantiating /home/travis/build/icyphy/ptII/ptolemy/actor/lib/test/auto/AbsoluteValue2.xml
5 ms. Memory: 231424K Free: 159100K (69%)
----------------- Invoking toplevel() on ptolemy.moml.MoMLSimpleApplication@e758fa9
----------------- Done invoking toplevel() on ptolemy.moml.MoMLSimpleApplication@e758fa9
reloadAllAccessors: .AbsoluteValue2

===========================================================================================
----------------- testing Tue Aug 06 05:23:38 UTC 2019 /home/travis/build/icyphy/ptII/ptolemy/actor/lib/test/auto/Accumulator.xml
----------------- Instantiating /home/travis/build/icyphy/ptII/ptolemy/actor/lib/test/auto/Accumulator.xml
6 ms. Memory: 231424K Free: 152956K (66%)
----------------- Invoking toplevel() on ptolemy.moml.MoMLSimpleApplication@39c29006
----------------- Done invoking toplevel() on ptolemy.moml.MoMLSimpleApplication@39c29006
reloadAllAccessors: .Accumulator

===========================================================================================
----------------- testing Tue Aug 06 05:23:39 UTC 2019 /home/travis/build/icyphy/ptII/ptolemy/actor/lib/test/auto/Accumulator2.xml
----------------- Instantiating /home/travis/build/icyphy/ptII/ptolemy/actor/lib/test/auto/Accumulator2.xml
7 ms. Memory: 231424K Free: 147322K (64%)
----------------- Invoking toplevel() on ptolemy.moml.MoMLSimpleApplication@2ed5d5ea
----------------- Done invoking toplevel() on ptolemy.moml.MoMLSimpleApplication@2ed5d5ea
reloadAllAccessors: .Accumulator2

===========================================================================================
----------------- testing Tue Aug 06 05:23:39 UTC 2019 /home/travis/build/icyphy/ptII/ptolemy/actor/lib/test/auto/Accumulator3.xml
----------------- Instantiating /home/travis/build/icyphy/ptII/ptolemy/actor/lib/test/auto/Accumulator3.xml
4 ms. Memory: 231424K Free: 143226K (62%)
----------------- Invoking toplevel() on ptolemy.moml.MoMLSimpleApplication@976b949
----------------- Done invoking toplevel() on ptolemy.moml.MoMLSimpleApplication@976b949
reloadAllAccessors: .Accumulator3

===========================================================================================
----------------- testing Tue Aug 06 05:23:39 UTC 2019 /home/travis/build/icyphy/ptII/ptolemy/actor/lib/test/auto/ArrayAppend.xml
----------------- Instantiating /home/travis/build/icyphy/ptII/ptolemy/actor/lib/test/auto/ArrayAppend.xml
7 ms. Memory: 231424K Free: 137596K (59%)
----------------- Invoking toplevel() on ptolemy.moml.MoMLSimpleApplication@7dee69c9
----------------- Done invoking toplevel() on ptolemy.moml.MoMLSimpleApplication@7dee69c9
reloadAllAccessors: .ArrayAppend

===========================================================================================
----------------- testing Tue Aug 06 05:23:39 UTC 2019 /home/travis/build/icyphy/ptII/ptolemy/actor/lib/test/auto/ArrayAppend2.xml
----------------- Instantiating /home/travis/build/icyphy/ptII/ptolemy/actor/lib/test/auto/ArrayAppend2.xml
415 ms. Memory: 414720K Free: 357891K (86%)
----------------- Invoking toplevel() on ptolemy.moml.MoMLSimpleApplication@3ed1cedc
----------------- Done invoking toplevel() on ptolemy.moml.MoMLSimpleApplication@3ed1cedc
reloadAllAccessors: .ArrayAppend2

===========================================================================================
----------------- testing Tue Aug 06 05:23:39 UTC 2019 /home/travis/build/icyphy/ptII/ptolemy/actor/lib/test/auto/ArrayAppend3.xml
----------------- Instantiating /home/travis/build/icyphy/ptII/ptolemy/actor/lib/test/auto/ArrayAppend3.xml
8 ms. Memory: 414720K Free: 351233K (85%)
----------------- Invoking toplevel() on ptolemy.moml.MoMLSimpleApplication@9429e7e
----------------- Done invoking toplevel() on ptolemy.moml.MoMLSimpleApplication@9429e7e
reloadAllAccessors: .ArrayAppend3

===========================================================================================
----------------- testing Tue Aug 06 05:23:39 UTC 2019 /home/travis/build/icyphy/ptII/ptolemy/actor/lib/test/auto/ArrayAppend4.xml
----------------- Instantiating /home/travis/build/icyphy/ptII/ptolemy/actor/lib/test/auto/ArrayAppend4.xml
2 ms. Memory: 414720K Free: 346113K (83%)
----------------- Invoking toplevel() on ptolemy.moml.MoMLSimpleApplication@105bc15f
----------------- Done invoking toplevel() on ptolemy.moml.MoMLSimpleApplication@105bc15f
reloadAllAccessors: .ArrayAppend4

===========================================================================================
----------------- testing Tue Aug 06 05:23:39 UTC 2019 /home/travis/build/icyphy/ptII/ptolemy/actor/lib/test/auto/ArrayAppend5.xml
----------------- Instantiating /home/travis/build/icyphy/ptII/ptolemy/actor/lib/test/auto/ArrayAppend5.xml
3 ms. Memory: 414720K Free: 340483K (82%)
----------------- Invoking toplevel() on ptolemy.moml.MoMLSimpleApplication@1a4702f4
----------------- Done invoking toplevel() on ptolemy.moml.MoMLSimpleApplication@1a4702f4
reloadAllAccessors: .ArrayAppend5

===========================================================================================
----------------- testing Tue Aug 06 05:23:39 UTC 2019 /home/travis/build/icyphy/ptII/ptolemy/actor/lib/test/auto/ArrayAppend6.xml
----------------- Instantiating /home/travis/build/icyphy/ptII/ptolemy/actor/lib/test/auto/ArrayAppend6.xml
4 ms. Memory: 414720K Free: 335873K (81%)
----------------- Invoking toplevel() on ptolemy.moml.MoMLSimpleApplication@1b39427f
----------------- Done invoking toplevel() on ptolemy.moml.MoMLSimpleApplication@1b39427f
reloadAllAccessors: .ArrayAppend6

===========================================================================================
----------------- testing Tue Aug 06 05:23:39 UTC 2019 /home/travis/build/icyphy/ptII/ptolemy/actor/lib/test/auto/ArrayAppendPerformanceTest.xml
----------------- Instantiating /home/travis/build/icyphy/ptII/ptolemy/actor/lib/test/auto/ArrayAppendPerformanceTest.xml
36 ms. Memory: 414720K Free: 325123K (78%)
----------------- Invoking toplevel() on ptolemy.moml.MoMLSimpleApplication@59b74349
----------------- Done invoking toplevel() on ptolemy.moml.MoMLSimpleApplication@59b74349
reloadAllAccessors: .ArrayAppendPerformanceTest

===========================================================================================
----------------- testing Tue Aug 06 05:23:39 UTC 2019 /home/travis/build/icyphy/ptII/ptolemy/actor/lib/test/auto/ArrayAppendWithEmptyInput.xml
----------------- Instantiating /home/travis/build/icyphy/ptII/ptolemy/actor/lib/test/auto/ArrayAppendWithEmptyInput.xml
16 ms. Memory: 414720K Free: 316931K (76%)
----------------- Invoking toplevel() on ptolemy.moml.MoMLSimpleApplication@428d324
----------------- Done invoking toplevel() on ptolemy.moml.MoMLSimpleApplication@428d324
reloadAllAccessors: .ArrayAppendWithEmptyInput

===========================================================================================
----------------- testing Tue Aug 06 05:23:39 UTC 2019 /home/travis/build/icyphy/ptII/ptolemy/actor/lib/test/auto/ArrayAverage.xml
----------------- Instantiating /home/travis/build/icyphy/ptII/ptolemy/actor/lib/test/auto/ArrayAverage.xml
17 ms. Memory: 414720K Free: 309249K (75%)
----------------- Invoking toplevel() on ptolemy.moml.MoMLSimpleApplication@23371973
----------------- Done invoking toplevel() on ptolemy.moml.MoMLSimpleApplication@23371973
reloadAllAccessors: .ArrayAverage

===========================================================================================
----------------- testing Tue Aug 06 05:23:40 UTC 2019 /home/travis/build/icyphy/ptII/ptolemy/actor/lib/test/auto/ArrayContains.xml
----------------- Instantiating /home/travis/build/icyphy/ptII/ptolemy/actor/lib/test/auto/ArrayContains.xml
4 ms. Memory: 414720K Free: 303105K (73%)
----------------- Invoking toplevel() on ptolemy.moml.MoMLSimpleApplication@4721c608
----------------- Done invoking toplevel() on ptolemy.moml.MoMLSimpleApplication@4721c608
reloadAllAccessors: .ArrayContains

===========================================================================================
----------------- testing Tue Aug 06 05:23:40 UTC 2019 /home/travis/build/icyphy/ptII/ptolemy/actor/lib/test/auto/ArrayElement.xml
----------------- Instantiating /home/travis/build/icyphy/ptII/ptolemy/actor/lib/test/auto/ArrayElement.xml
5 ms. Memory: 414720K Free: 297954K (72%)
----------------- Invoking toplevel() on ptolemy.moml.MoMLSimpleApplication@a00bd0f
----------------- Done invoking toplevel() on ptolemy.moml.MoMLSimpleApplication@a00bd0f
reloadAllAccessors: .ArrayElement

===========================================================================================
----------------- testing Tue Aug 06 05:23:40 UTC 2019 /home/travis/build/icyphy/ptII/ptolemy/actor/lib/test/auto/ArrayElementAsMatrix.xml
----------------- Instantiating /home/travis/build/icyphy/ptII/ptolemy/actor/lib/test/auto/ArrayElementAsMatrix.xml
28 ms. Memory: 414720K Free: 287745K (69%)
----------------- Invoking toplevel() on ptolemy.moml.MoMLSimpleApplication@3aa21237
----------------- Done invoking toplevel() on ptolemy.moml.MoMLSimpleApplication@3aa21237
reloadAllAccessors: .ArrayElementAsMatrix

===========================================================================================
----------------- testing Tue Aug 06 05:23:40 UTC 2019 /home/travis/build/icyphy/ptII/ptolemy/actor/lib/test/auto/ArrayElementI.xml
----------------- Instantiating /home/travis/build/icyphy/ptII/ptolemy/actor/lib/test/auto/ArrayElementI.xml
9 ms. Memory: 414720K Free: 282625K (68%)
----------------- Invoking toplevel() on ptolemy.moml.MoMLSimpleApplication@a495348
----------------- Done invoking toplevel() on ptolemy.moml.MoMLSimpleApplication@a495348
reloadAllAccessors: .ArrayElementI

===========================================================================================
----------------- testing Tue Aug 06 05:23:40 UTC 2019 /home/travis/build/icyphy/ptII/ptolemy/actor/lib/test/auto/ArrayExtract.xml
----------------- Instantiating /home/travis/build/icyphy/ptII/ptolemy/actor/lib/test/auto/ArrayExtract.xml
6 ms. Memory: 414720K Free: 273923K (66%)
----------------- Invoking toplevel() on ptolemy.moml.MoMLSimpleApplication@32260fad
----------------- Done invoking toplevel() on ptolemy.moml.MoMLSimpleApplication@32260fad
reloadAllAccessors: .ArrayExtract

===========================================================================================
----------------- testing Tue Aug 06 05:23:40 UTC 2019 /home/travis/build/icyphy/ptII/ptolemy/actor/lib/test/auto/ArrayExtract2.xml
----------------- Instantiating /home/travis/build/icyphy/ptII/ptolemy/actor/lib/test/auto/ArrayExtract2.xml
3 ms. Memory: 414720K Free: 268803K (65%)
----------------- Invoking toplevel() on ptolemy.moml.MoMLSimpleApplication@6d1e02a3
----------------- Done invoking toplevel() on ptolemy.moml.MoMLSimpleApplication@6d1e02a3
reloadAllAccessors: .ArrayExtract2

===========================================================================================
----------------- testing Tue Aug 06 05:23:40 UTC 2019 /home/travis/build/icyphy/ptII/ptolemy/actor/lib/test/auto/ArrayLength.xml
----------------- Instantiating /home/travis/build/icyphy/ptII/ptolemy/actor/lib/test/auto/ArrayLength.xml
2 ms. Memory: 414720K Free: 264707K (64%)
----------------- Invoking toplevel() on ptolemy.moml.MoMLSimpleApplication@347d4d53
----------------- Done invoking toplevel() on ptolemy.moml.MoMLSimpleApplication@347d4d53
reloadAllAccessors: .ArrayLength

===========================================================================================
----------------- testing Tue Aug 06 05:23:40 UTC 2019 /home/travis/build/icyphy/ptII/ptolemy/actor/lib/test/auto/ArrayLevelCrossing.xml
----------------- Instantiating /home/travis/build/icyphy/ptII/ptolemy/actor/lib/test/auto/ArrayLevelCrossing.xml
5 ms. Memory: 414720K Free: 257025K (62%)
----------------- Invoking toplevel() on ptolemy.moml.MoMLSimpleApplication@20d3a9a5
----------------- Done invoking toplevel() on ptolemy.moml.MoMLSimpleApplication@20d3a9a5
reloadAllAccessors: .ArrayLevelCrossing

===========================================================================================
----------------- testing Tue Aug 06 05:23:40 UTC 2019 /home/travis/build/icyphy/ptII/ptolemy/actor/lib/test/auto/ArrayLevelCrossing2.xml
----------------- Instantiating /home/travis/build/icyphy/ptII/ptolemy/actor/lib/test/auto/ArrayLevelCrossing2.xml
4 ms. Memory: 414720K Free: 250371K (60%)
----------------- Invoking toplevel() on ptolemy.moml.MoMLSimpleApplication@8c3f277
----------------- Done invoking toplevel() on ptolemy.moml.MoMLSimpleApplication@8c3f277
reloadAllAccessors: .ArrayLevelCrossing2

===========================================================================================
----------------- testing Tue Aug 06 05:23:40 UTC 2019 /home/travis/build/icyphy/ptII/ptolemy/actor/lib/test/auto/ArrayPeakSearch.xml
----------------- Instantiating /home/travis/build/icyphy/ptII/ptolemy/actor/lib/test/auto/ArrayPeakSearch.xml
10 ms. Memory: 414720K Free: 241155K (58%)
----------------- Invoking toplevel() on ptolemy.moml.MoMLSimpleApplication@59166ef8
----------------- Done invoking toplevel() on ptolemy.moml.MoMLSimpleApplication@59166ef8
reloadAllAccessors: .ArrayPeakSearch

===========================================================================================
----------------- testing Tue Aug 06 05:23:40 UTC 2019 /home/travis/build/icyphy/ptII/ptolemy/actor/lib/test/auto/ArrayPeakSearch2.xml
----------------- Instantiating /home/travis/build/icyphy/ptII/ptolemy/actor/lib/test/auto/ArrayPeakSearch2.xml
9 ms. Memory: 414720K Free: 230915K (56%)
----------------- Invoking toplevel() on ptolemy.moml.MoMLSimpleApplication@89f2c2d
----------------- Done invoking toplevel() on ptolemy.moml.MoMLSimpleApplication@89f2c2d
reloadAllAccessors: .ArrayPeakSearch2

===========================================================================================
----------------- testing Tue Aug 06 05:23:40 UTC 2019 /home/travis/build/icyphy/ptII/ptolemy/actor/lib/test/auto/ArrayPeakSearch3.xml
----------------- Instantiating /home/travis/build/icyphy/ptII/ptolemy/actor/lib/test/auto/ArrayPeakSearch3.xml
7 ms. Memory: 414720K Free: 221699K (53%)
----------------- Invoking toplevel() on ptolemy.moml.MoMLSimpleApplication@6e1791b1
----------------- Done invoking toplevel() on ptolemy.moml.MoMLSimpleApplication@6e1791b1
reloadAllAccessors: .ArrayPeakSearch3

===========================================================================================
----------------- testing Tue Aug 06 05:23:40 UTC 2019 /home/travis/build/icyphy/ptII/ptolemy/actor/lib/test/auto/ArrayRemoveElement.xml
----------------- Instantiating /home/travis/build/icyphy/ptII/ptolemy/actor/lib/test/auto/ArrayRemoveElement.xml
5 ms. Memory: 414720K Free: 214017K (52%)
----------------- Invoking toplevel() on ptolemy.moml.MoMLSimpleApplication@58e6604c
----------------- Done invoking toplevel() on ptolemy.moml.MoMLSimpleApplication@58e6604c
reloadAllAccessors: .ArrayRemoveElement

===========================================================================================
----------------- testing Tue Aug 06 05:23:40 UTC 2019 /home/travis/build/icyphy/ptII/ptolemy/actor/lib/test/auto/ArraySort.xml
----------------- Instantiating /home/travis/build/icyphy/ptII/ptolemy/actor/lib/test/auto/ArraySort.xml
5 ms. Memory: 414720K Free: 204801K (49%)
----------------- Invoking toplevel() on ptolemy.moml.MoMLSimpleApplication@5f4b33b6
----------------- Done invoking toplevel() on ptolemy.moml.MoMLSimpleApplication@5f4b33b6
reloadAllAccessors: .ArraySort

===========================================================================================
----------------- testing Tue Aug 06 05:23:40 UTC 2019 /home/travis/build/icyphy/ptII/ptolemy/actor/lib/test/auto/ArraySum.xml
----------------- Instantiating /home/travis/build/icyphy/ptII/ptolemy/actor/lib/test/auto/ArraySum.xml
6 ms. Memory: 414720K Free: 199681K (48%)
----------------- Invoking toplevel() on ptolemy.moml.MoMLSimpleApplication@591bbe20
----------------- Done invoking toplevel() on ptolemy.moml.MoMLSimpleApplication@591bbe20
reloadAllAccessors: .ArraySum

===========================================================================================
----------------- testing Tue Aug 06 05:23:40 UTC 2019 /home/travis/build/icyphy/ptII/ptolemy/actor/lib/test/auto/ArrayToElements.xml
----------------- Instantiating /home/travis/build/icyphy/ptII/ptolemy/actor/lib/test/auto/ArrayToElements.xml
11 ms. Memory: 414720K Free: 194051K (47%)
----------------- Invoking toplevel() on ptolemy.moml.MoMLSimpleApplication@4c2232d5
----------------- Done invoking toplevel() on ptolemy.moml.MoMLSimpleApplication@4c2232d5
reloadAllAccessors: .ArrayToElements

===========================================================================================
----------------- testing Tue Aug 06 05:23:40 UTC 2019 /home/travis/build/icyphy/ptII/ptolemy/actor/lib/test/auto/ArrayToMatrix.xml
----------------- Instantiating /home/travis/build/icyphy/ptII/ptolemy/actor/lib/test/auto/ArrayToMatrix.xml
15 ms. Memory: 414720K Free: 180225K (43%)
----------------- Invoking toplevel() on ptolemy.moml.MoMLSimpleApplication@2c04f968
----------------- Done invoking toplevel() on ptolemy.moml.MoMLSimpleApplication@2c04f968
reloadAllAccessors: .ArrayToMatrix

===========================================================================================
----------------- testing Tue Aug 06 05:23:40 UTC 2019 /home/travis/build/icyphy/ptII/ptolemy/actor/lib/test/auto/ArrayUpdate1.xml
----------------- Instantiating /home/travis/build/icyphy/ptII/ptolemy/actor/lib/test/auto/ArrayUpdate1.xml
3 ms. Memory: 414720K Free: 175105K (42%)
----------------- Invoking toplevel() on ptolemy.moml.MoMLSimpleApplication@464742f3
----------------- Done invoking toplevel() on ptolemy.moml.MoMLSimpleApplication@464742f3
reloadAllAccessors: .ArrayUpdate1

===========================================================================================
----------------- testing Tue Aug 06 05:23:40 UTC 2019 /home/travis/build/icyphy/ptII/ptolemy/actor/lib/test/auto/ArrayUpdate2.xml
----------------- Instantiating /home/travis/build/icyphy/ptII/ptolemy/actor/lib/test/auto/ArrayUpdate2.xml
8 ms. Memory: 414720K Free: 168961K (41%)
----------------- Invoking toplevel() on ptolemy.moml.MoMLSimpleApplication@60b46636
----------------- Done invoking toplevel() on ptolemy.moml.MoMLSimpleApplication@60b46636
reloadAllAccessors: .ArrayUpdate2

===========================================================================================
----------------- testing Tue Aug 06 05:23:40 UTC 2019 /home/travis/build/icyphy/ptII/ptolemy/actor/lib/test/auto/ArrayUpdate3.xml
----------------- Instantiating /home/travis/build/icyphy/ptII/ptolemy/actor/lib/test/auto/ArrayUpdate3.xml
5 ms. Memory: 414720K Free: 163841K (40%)
----------------- Invoking toplevel() on ptolemy.moml.MoMLSimpleApplication@494b114
----------------- Done invoking toplevel() on ptolemy.moml.MoMLSimpleApplication@494b114
reloadAllAccessors: .ArrayUpdate3

===========================================================================================
----------------- testing Tue Aug 06 05:23:40 UTC 2019 /home/travis/build/icyphy/ptII/ptolemy/actor/lib/test/auto/Assert1.xml
----------------- Instantiating /home/travis/build/icyphy/ptII/ptolemy/actor/lib/test/auto/Assert1.xml
6 ms. Memory: 414720K Free: 159745K (39%)
----------------- Invoking toplevel() on ptolemy.moml.MoMLSimpleApplication@39384b42
----------------- Done invoking toplevel() on ptolemy.moml.MoMLSimpleApplication@39384b42
reloadAllAccessors: .Assert1

===========================================================================================
----------------- testing Tue Aug 06 05:23:40 UTC 2019 /home/travis/build/icyphy/ptII/ptolemy/actor/lib/test/auto/Assert2.xml
----------------- Instantiating /home/travis/build/icyphy/ptII/ptolemy/actor/lib/test/auto/Assert2.xml
2 ms. Memory: 414720K Free: 364651K (88%)
----------------- Invoking toplevel() on ptolemy.moml.MoMLSimpleApplication@390984aa
----------------- Done invoking toplevel() on ptolemy.moml.MoMLSimpleApplication@390984aa
reloadAllAccessors: .Assert2

===========================================================================================
----------------- testing Tue Aug 06 05:23:40 UTC 2019 /home/travis/build/icyphy/ptII/ptolemy/actor/lib/test/auto/BooleanMultiplexor.xml
----------------- Instantiating /home/travis/build/icyphy/ptII/ptolemy/actor/lib/test/auto/BooleanMultiplexor.xml
2 ms. Memory: 414720K Free: 359021K (87%)
----------------- Invoking toplevel() on ptolemy.moml.MoMLSimpleApplication@6f4d9c10
----------------- Done invoking toplevel() on ptolemy.moml.MoMLSimpleApplication@6f4d9c10
reloadAllAccessors: .BooleanMultiplexor

===========================================================================================
----------------- testing Tue Aug 06 05:23:40 UTC 2019 /home/travis/build/icyphy/ptII/ptolemy/actor/lib/test/auto/BooleanMultiplexor2.xml
----------------- Instantiating /home/travis/build/icyphy/ptII/ptolemy/actor/lib/test/auto/BooleanMultiplexor2.xml
4 ms. Memory: 414720K Free: 352363K (85%)
----------------- Invoking toplevel() on ptolemy.moml.MoMLSimpleApplication@7a203e89
----------------- Done invoking toplevel() on ptolemy.moml.MoMLSimpleApplication@7a203e89
reloadAllAccessors: .BooleanMultiplexor2

===========================================================================================
----------------- testing Tue Aug 06 05:23:40 UTC 2019 /home/travis/build/icyphy/ptII/ptolemy/actor/lib/test/auto/BooleanMultiplexor3.xml
----------------- Instantiating /home/travis/build/icyphy/ptII/ptolemy/actor/lib/test/auto/BooleanMultiplexor3.xml
2 ms. Memory: 414720K Free: 348781K (84%)
----------------- Invoking toplevel() on ptolemy.moml.MoMLSimpleApplication@3cd1661b
----------------- Done invoking toplevel() on ptolemy.moml.MoMLSimpleApplication@3cd1661b
reloadAllAccessors: .BooleanMultiplexor3

===========================================================================================
----------------- testing Tue Aug 06 05:23:41 UTC 2019 /home/travis/build/icyphy/ptII/ptolemy/actor/lib/test/auto/BooleanSelect.xml
----------------- Instantiating /home/travis/build/icyphy/ptII/ptolemy/actor/lib/test/auto/BooleanSelect.xml
3 ms. Memory: 414720K Free: 342637K (83%)
----------------- Invoking toplevel() on ptolemy.moml.MoMLSimpleApplication@4fe297c7
----------------- Done invoking toplevel() on ptolemy.moml.MoMLSimpleApplication@4fe297c7
reloadAllAccessors: .BooleanSelect

===========================================================================================
----------------- testing Tue Aug 06 05:23:41 UTC 2019 /home/travis/build/icyphy/ptII/ptolemy/actor/lib/test/auto/BooleanSelect2.xml
----------------- Instantiating /home/travis/build/icyphy/ptII/ptolemy/actor/lib/test/auto/BooleanSelect2.xml
1 ms. Memory: 414720K Free: 338541K (82%)
----------------- Invoking toplevel() on ptolemy.moml.MoMLSimpleApplication@2f8f31d8
----------------- Done invoking toplevel() on ptolemy.moml.MoMLSimpleApplication@2f8f31d8
reloadAllAccessors: .BooleanSelect2

===========================================================================================
----------------- testing Tue Aug 06 05:23:41 UTC 2019 /home/travis/build/icyphy/ptII/ptolemy/actor/lib/test/auto/BooleanSwitch.xml
----------------- Instantiating /home/travis/build/icyphy/ptII/ptolemy/actor/lib/test/auto/BooleanSwitch.xml
2 ms. Memory: 414720K Free: 331883K (80%)
----------------- Invoking toplevel() on ptolemy.moml.MoMLSimpleApplication@19c1ae20
----------------- Done invoking toplevel() on ptolemy.moml.MoMLSimpleApplication@19c1ae20
reloadAllAccessors: .BooleanSwitch

===========================================================================================
----------------- testing Tue Aug 06 05:23:41 UTC 2019 /home/travis/build/icyphy/ptII/ptolemy/actor/lib/test/auto/BooleanSwitch2.xml
----------------- Instantiating /home/travis/build/icyphy/ptII/ptolemy/actor/lib/test/auto/BooleanSwitch2.xml
1 ms. Memory: 414720K Free: 327787K (79%)
----------------- Invoking toplevel() on ptolemy.moml.MoMLSimpleApplication@41414197
----------------- Done invoking toplevel() on ptolemy.moml.MoMLSimpleApplication@41414197
reloadAllAccessors: .BooleanSwitch2

===========================================================================================
----------------- testing Tue Aug 06 05:23:41 UTC 2019 /home/travis/build/icyphy/ptII/ptolemy/actor/lib/test/auto/BooleanSwitchCloningBugWithClassRelationGroup.xml
----------------- Instantiating /home/travis/build/icyphy/ptII/ptolemy/actor/lib/test/auto/BooleanSwitchCloningBugWithClassRelationGroup.xml
2 ms. Memory: 414720K Free: 321133K (77%)
----------------- Invoking toplevel() on ptolemy.moml.MoMLSimpleApplication@7bd122a0
----------------- Done invoking toplevel() on ptolemy.moml.MoMLSimpleApplication@7bd122a0
reloadAllAccessors: .BooleanSwitchCloningBugWithClassRelationGroup

===========================================================================================
----------------- testing Tue Aug 06 05:23:41 UTC 2019 /home/travis/build/icyphy/ptII/ptolemy/actor/lib/test/auto/BusActors.xml
----------------- Instantiating /home/travis/build/icyphy/ptII/ptolemy/actor/lib/test/auto/BusActors.xml
4 ms. Memory: 414720K Free: 313451K (76%)
----------------- Invoking toplevel() on ptolemy.moml.MoMLSimpleApplication@193c3ebc
----------------- Done invoking toplevel() on ptolemy.moml.MoMLSimpleApplication@193c3ebc
reloadAllAccessors: .BusActors

===========================================================================================
----------------- testing Tue Aug 06 05:23:41 UTC 2019 /home/travis/build/icyphy/ptII/ptolemy/actor/lib/test/auto/ClassWrapper.xml
----------------- Instantiating /home/travis/build/icyphy/ptII/ptolemy/actor/lib/test/auto/ClassWrapper.xml
3 ms. Memory: 414720K Free: 308845K (74%)
----------------- Invoking toplevel() on ptolemy.moml.MoMLSimpleApplication@7de7323c
----------------- Done invoking toplevel() on ptolemy.moml.MoMLSimpleApplication@7de7323c
reloadAllAccessors: .ClassWrapper

===========================================================================================
----------------- testing Tue Aug 06 05:23:41 UTC 2019 /home/travis/build/icyphy/ptII/ptolemy/actor/lib/test/auto/Clock.xml
----------------- Instantiating /home/travis/build/icyphy/ptII/ptolemy/actor/lib/test/auto/Clock.xml
4 ms. Memory: 414720K Free: 305259K (74%)
----------------- Invoking toplevel() on ptolemy.moml.MoMLSimpleApplication@7eb0add4
----------------- Done invoking toplevel() on ptolemy.moml.MoMLSimpleApplication@7eb0add4
reloadAllAccessors: .Clock

===========================================================================================
----------------- testing Tue Aug 06 05:23:41 UTC 2019 /home/travis/build/icyphy/ptII/ptolemy/actor/lib/test/auto/Clock10.xml
----------------- Instantiating /home/travis/build/icyphy/ptII/ptolemy/actor/lib/test/auto/Clock10.xml
3 ms. Memory: 414720K Free: 299115K (72%)
----------------- Invoking toplevel() on ptolemy.moml.MoMLSimpleApplication@25e9815
----------------- Done invoking toplevel() on ptolemy.moml.MoMLSimpleApplication@25e9815
reloadAllAccessors: .Clock10

===========================================================================================
----------------- testing Tue Aug 06 05:23:41 UTC 2019 /home/travis/build/icyphy/ptII/ptolemy/actor/lib/test/auto/Clock11.xml
----------------- Instantiating /home/travis/build/icyphy/ptII/ptolemy/actor/lib/test/auto/Clock11.xml
4 ms. Memory: 414720K Free: 293485K (71%)
----------------- Invoking toplevel() on ptolemy.moml.MoMLSimpleApplication@7d1cac28
----------------- Done invoking toplevel() on ptolemy.moml.MoMLSimpleApplication@7d1cac28
reloadAllAccessors: .Clock11

===========================================================================================
----------------- testing Tue Aug 06 05:23:41 UTC 2019 /home/travis/build/icyphy/ptII/ptolemy/actor/lib/test/auto/Clock12.xml
----------------- Instantiating /home/travis/build/icyphy/ptII/ptolemy/actor/lib/test/auto/Clock12.xml
5 ms. Memory: 414720K Free: 287341K (69%)
----------------- Invoking toplevel() on ptolemy.moml.MoMLSimpleApplication@7e968e92
----------------- Done invoking toplevel() on ptolemy.moml.MoMLSimpleApplication@7e968e92
reloadAllAccessors: .Clock12

===========================================================================================
----------------- testing Tue Aug 06 05:23:41 UTC 2019 /home/travis/build/icyphy/ptII/ptolemy/actor/lib/test/auto/Clock13.xml
----------------- Instantiating /home/travis/build/icyphy/ptII/ptolemy/actor/lib/test/auto/Clock13.xml
6 ms. Memory: 414720K Free: 281677K (68%)
----------------- Invoking toplevel() on ptolemy.moml.MoMLSimpleApplication@6c24729
----------------- Done invoking toplevel() on ptolemy.moml.MoMLSimpleApplication@6c24729
reloadAllAccessors: .Clock13

===========================================================================================
----------------- testing Tue Aug 06 05:23:41 UTC 2019 /home/travis/build/icyphy/ptII/ptolemy/actor/lib/test/auto/Clock14.xml
----------------- Instantiating /home/travis/build/icyphy/ptII/ptolemy/actor/lib/test/auto/Clock14.xml
2 ms. Memory: 414720K Free: 275557K (66%)
----------------- Invoking toplevel() on ptolemy.moml.MoMLSimpleApplication@59bdc8c1
----------------- Done invoking toplevel() on ptolemy.moml.MoMLSimpleApplication@59bdc8c1
reloadAllAccessors: .Clock14

===========================================================================================
----------------- testing Tue Aug 06 05:23:41 UTC 2019 /home/travis/build/icyphy/ptII/ptolemy/actor/lib/test/auto/Clock15.xml
----------------- Instantiating /home/travis/build/icyphy/ptII/ptolemy/actor/lib/test/auto/Clock15.xml
5 ms. Memory: 414720K Free: 269933K (65%)
----------------- Invoking toplevel() on ptolemy.moml.MoMLSimpleApplication@23879281
----------------- Done invoking toplevel() on ptolemy.moml.MoMLSimpleApplication@23879281
reloadAllAccessors: .Clock15

===========================================================================================
----------------- testing Tue Aug 06 05:23:41 UTC 2019 /home/travis/build/icyphy/ptII/ptolemy/actor/lib/test/auto/Clock16.xml
----------------- Instantiating /home/travis/build/icyphy/ptII/ptolemy/actor/lib/test/auto/Clock16.xml
46 ms. Memory: 414720K Free: 255053K (62%)
----------------- Invoking toplevel() on ptolemy.moml.MoMLSimpleApplication@6252679c
----------------- Done invoking toplevel() on ptolemy.moml.MoMLSimpleApplication@6252679c
reloadAllAccessors: .Clock16

===========================================================================================
----------------- testing Tue Aug 06 05:23:41 UTC 2019 /home/travis/build/icyphy/ptII/ptolemy/actor/lib/test/auto/Clock17.xml
----------------- Instantiating /home/travis/build/icyphy/ptII/ptolemy/actor/lib/test/auto/Clock17.xml
24 ms. Memory: 414720K Free: 241261K (58%)
----------------- Invoking toplevel() on ptolemy.moml.MoMLSimpleApplication@2282ec13
----------------- Done invoking toplevel() on ptolemy.moml.MoMLSimpleApplication@2282ec13
reloadAllAccessors: .Clock17

===========================================================================================
----------------- testing Tue Aug 06 05:23:41 UTC 2019 /home/travis/build/icyphy/ptII/ptolemy/actor/lib/test/auto/Clock18.xml
----------------- Instantiating /home/travis/build/icyphy/ptII/ptolemy/actor/lib/test/auto/Clock18.xml
24 ms. Memory: 414720K Free: 227949K (55%)
----------------- Invoking toplevel() on ptolemy.moml.MoMLSimpleApplication@30b7b8fc
----------------- Done invoking toplevel() on ptolemy.moml.MoMLSimpleApplication@30b7b8fc
reloadAllAccessors: .Clock18

===========================================================================================
----------------- testing Tue Aug 06 05:23:41 UTC 2019 /home/travis/build/icyphy/ptII/ptolemy/actor/lib/test/auto/Clock19.xml
----------------- Instantiating /home/travis/build/icyphy/ptII/ptolemy/actor/lib/test/auto/Clock19.xml
15 ms. Memory: 414720K Free: 215133K (52%)
----------------- Invoking toplevel() on ptolemy.moml.MoMLSimpleApplication@391ca20a
----------------- Done invoking toplevel() on ptolemy.moml.MoMLSimpleApplication@391ca20a
reloadAllAccessors: .Clock19

===========================================================================================
----------------- testing Tue Aug 06 05:23:41 UTC 2019 /home/travis/build/icyphy/ptII/ptolemy/actor/lib/test/auto/Clock2.xml
----------------- Instantiating /home/travis/build/icyphy/ptII/ptolemy/actor/lib/test/auto/Clock2.xml
8 ms. Memory: 414720K Free: 210541K (51%)
----------------- Invoking toplevel() on ptolemy.moml.MoMLSimpleApplication@263eee2f
----------------- Done invoking toplevel() on ptolemy.moml.MoMLSimpleApplication@263eee2f
reloadAllAccessors: .Clock2

===========================================================================================
----------------- testing Tue Aug 06 05:23:41 UTC 2019 /home/travis/build/icyphy/ptII/ptolemy/actor/lib/test/auto/Clock20.xml
----------------- Instantiating /home/travis/build/icyphy/ptII/ptolemy/actor/lib/test/auto/Clock20.xml
11 ms. Memory: 414720K Free: 205421K (50%)
----------------- Invoking toplevel() on ptolemy.moml.MoMLSimpleApplication@17d24b86
----------------- Done invoking toplevel() on ptolemy.moml.MoMLSimpleApplication@17d24b86
reloadAllAccessors: .Clock20

===========================================================================================
----------------- testing Tue Aug 06 05:23:41 UTC 2019 /home/travis/build/icyphy/ptII/ptolemy/actor/lib/test/auto/Clock21.xml
----------------- Instantiating /home/travis/build/icyphy/ptII/ptolemy/actor/lib/test/auto/Clock21.xml
6 ms. Memory: 414720K Free: 199787K (48%)
----------------- Invoking toplevel() on ptolemy.moml.MoMLSimpleApplication@6da000b6
----------------- Done invoking toplevel() on ptolemy.moml.MoMLSimpleApplication@6da000b6
reloadAllAccessors: .Clock21

===========================================================================================
----------------- testing Tue Aug 06 05:23:41 UTC 2019 /home/travis/build/icyphy/ptII/ptolemy/actor/lib/test/auto/Clock22.xml
----------------- Instantiating /home/travis/build/icyphy/ptII/ptolemy/actor/lib/test/auto/Clock22.xml
5 ms. Memory: 414720K Free: 194667K (47%)
----------------- Invoking toplevel() on ptolemy.moml.MoMLSimpleApplication@9b922b9
----------------- Done invoking toplevel() on ptolemy.moml.MoMLSimpleApplication@9b922b9
reloadAllAccessors: .Clock22

===========================================================================================
----------------- testing Tue Aug 06 05:23:41 UTC 2019 /home/travis/build/icyphy/ptII/ptolemy/actor/lib/test/auto/Clock23.xml
----------------- Instantiating /home/travis/build/icyphy/ptII/ptolemy/actor/lib/test/auto/Clock23.xml
6 ms. Memory: 414720K Free: 189037K (46%)
----------------- Invoking toplevel() on ptolemy.moml.MoMLSimpleApplication@612ed965
----------------- Done invoking toplevel() on ptolemy.moml.MoMLSimpleApplication@612ed965
reloadAllAccessors: .Clock23

===========================================================================================
----------------- testing Tue Aug 06 05:23:41 UTC 2019 /home/travis/build/icyphy/ptII/ptolemy/actor/lib/test/auto/Clock24.xml
----------------- Instantiating /home/travis/build/icyphy/ptII/ptolemy/actor/lib/test/auto/Clock24.xml
7 ms. Memory: 414720K Free: 183917K (44%)
----------------- Invoking toplevel() on ptolemy.moml.MoMLSimpleApplication@20c71aa8
----------------- Done invoking toplevel() on ptolemy.moml.MoMLSimpleApplication@20c71aa8
reloadAllAccessors: .Clock24

===========================================================================================
----------------- testing Tue Aug 06 05:23:41 UTC 2019 /home/travis/build/icyphy/ptII/ptolemy/actor/lib/test/auto/Clock4.xml
----------------- Instantiating /home/travis/build/icyphy/ptII/ptolemy/actor/lib/test/auto/Clock4.xml
1 ms. Memory: 414720K Free: 178797K (43%)
----------------- Invoking toplevel() on ptolemy.moml.MoMLSimpleApplication@17927d67
----------------- Done invoking toplevel() on ptolemy.moml.MoMLSimpleApplication@17927d67
reloadAllAccessors: .Clock4

===========================================================================================
----------------- testing Tue Aug 06 05:23:41 UTC 2019 /home/travis/build/icyphy/ptII/ptolemy/actor/lib/test/auto/Clock5.xml
----------------- Instantiating /home/travis/build/icyphy/ptII/ptolemy/actor/lib/test/auto/Clock5.xml
2 ms. Memory: 414720K Free: 173157K (42%)
----------------- Invoking toplevel() on ptolemy.moml.MoMLSimpleApplication@266fff70
----------------- Done invoking toplevel() on ptolemy.moml.MoMLSimpleApplication@266fff70
reloadAllAccessors: .Clock5

===========================================================================================
----------------- testing Tue Aug 06 05:23:41 UTC 2019 /home/travis/build/icyphy/ptII/ptolemy/actor/lib/test/auto/Clock6.xml
----------------- Instantiating /home/travis/build/icyphy/ptII/ptolemy/actor/lib/test/auto/Clock6.xml
3 ms. Memory: 414720K Free: 169067K (41%)
----------------- Invoking toplevel() on ptolemy.moml.MoMLSimpleApplication@6d3827f1
----------------- Done invoking toplevel() on ptolemy.moml.MoMLSimpleApplication@6d3827f1
reloadAllAccessors: .Clock6

===========================================================================================
----------------- testing Tue Aug 06 05:23:41 UTC 2019 /home/travis/build/icyphy/ptII/ptolemy/actor/lib/test/auto/Clock7.xml
----------------- Instantiating /home/travis/build/icyphy/ptII/ptolemy/actor/lib/test/auto/Clock7.xml
2 ms. Memory: 414720K Free: 163947K (40%)
----------------- Invoking toplevel() on ptolemy.moml.MoMLSimpleApplication@492ddaff
----------------- Done invoking toplevel() on ptolemy.moml.MoMLSimpleApplication@492ddaff
reloadAllAccessors: .Clock7

===========================================================================================
----------------- testing Tue Aug 06 05:23:41 UTC 2019 /home/travis/build/icyphy/ptII/ptolemy/actor/lib/test/auto/Clock8.xml
----------------- Instantiating /home/travis/build/icyphy/ptII/ptolemy/actor/lib/test/auto/Clock8.xml
5 ms. Memory: 414720K Free: 158797K (38%)
----------------- Invoking toplevel() on ptolemy.moml.MoMLSimpleApplication@47ed45d9
----------------- Done invoking toplevel() on ptolemy.moml.MoMLSimpleApplication@47ed45d9
reloadAllAccessors: .Clock8

===========================================================================================
----------------- testing Tue Aug 06 05:23:41 UTC 2019 /home/travis/build/icyphy/ptII/ptolemy/actor/lib/test/auto/Clock9.xml
----------------- Instantiating /home/travis/build/icyphy/ptII/ptolemy/actor/lib/test/auto/Clock9.xml
7 ms. Memory: 414720K Free: 153197K (37%)
----------------- Invoking toplevel() on ptolemy.moml.MoMLSimpleApplication@d595587
----------------- Done invoking toplevel() on ptolemy.moml.MoMLSimpleApplication@d595587
reloadAllAccessors: .Clock9

===========================================================================================
----------------- testing Tue Aug 06 05:23:41 UTC 2019 /home/travis/build/icyphy/ptII/ptolemy/actor/lib/test/auto/CommDistDiscard.xml
----------------- Instantiating /home/travis/build/icyphy/ptII/ptolemy/actor/lib/test/auto/CommDistDiscard.xml
4 ms. Memory: 414720K Free: 148077K (36%)
----------------- Invoking toplevel() on ptolemy.moml.MoMLSimpleApplication@5d85c67b
----------------- Done invoking toplevel() on ptolemy.moml.MoMLSimpleApplication@5d85c67b
reloadAllAccessors: .CommDistDiscard

===========================================================================================
----------------- testing Tue Aug 06 05:23:41 UTC 2019 /home/travis/build/icyphy/ptII/ptolemy/actor/lib/test/auto/Commutator.xml
----------------- Instantiating /home/travis/build/icyphy/ptII/ptolemy/actor/lib/test/auto/Commutator.xml
4 ms. Memory: 414720K Free: 143467K (35%)
----------------- Invoking toplevel() on ptolemy.moml.MoMLSimpleApplication@23bbed9a
----------------- Done invoking toplevel() on ptolemy.moml.MoMLSimpleApplication@23bbed9a
reloadAllAccessors: .Commutator

===========================================================================================
----------------- testing Tue Aug 06 05:23:41 UTC 2019 /home/travis/build/icyphy/ptII/ptolemy/actor/lib/test/auto/Commutator2.xml
----------------- Instantiating /home/travis/build/icyphy/ptII/ptolemy/actor/lib/test/auto/Commutator2.xml
2 ms. Memory: 414720K Free: 139371K (34%)
----------------- Invoking toplevel() on ptolemy.moml.MoMLSimpleApplication@19740717
----------------- Done invoking toplevel() on ptolemy.moml.MoMLSimpleApplication@19740717
reloadAllAccessors: .Commutator2

===========================================================================================
----------------- testing Tue Aug 06 05:23:41 UTC 2019 /home/travis/build/icyphy/ptII/ptolemy/actor/lib/test/auto/Commutator3.xml
----------------- Instantiating /home/travis/build/icyphy/ptII/ptolemy/actor/lib/test/auto/Commutator3.xml
2 ms. Memory: 414720K Free: 134765K (32%)
----------------- Invoking toplevel() on ptolemy.moml.MoMLSimpleApplication@5037594c
----------------- Done invoking toplevel() on ptolemy.moml.MoMLSimpleApplication@5037594c
reloadAllAccessors: .Commutator3

===========================================================================================
----------------- testing Tue Aug 06 05:23:41 UTC 2019 /home/travis/build/icyphy/ptII/ptolemy/actor/lib/test/auto/Compare.xml
----------------- Instantiating /home/travis/build/icyphy/ptII/ptolemy/actor/lib/test/auto/Compare.xml
3 ms. Memory: 414720K Free: 128621K (31%)
----------------- Invoking toplevel() on ptolemy.moml.MoMLSimpleApplication@3b4cae41
----------------- Done invoking toplevel() on ptolemy.moml.MoMLSimpleApplication@3b4cae41
reloadAllAccessors: .Compare

===========================================================================================
----------------- testing Tue Aug 06 05:23:42 UTC 2019 /home/travis/build/icyphy/ptII/ptolemy/actor/lib/test/auto/CompareDE.xml
----------------- Instantiating /home/travis/build/icyphy/ptII/ptolemy/actor/lib/test/auto/CompareDE.xml
4 ms. Memory: 414720K Free: 121453K (29%)
----------------- Invoking toplevel() on ptolemy.moml.MoMLSimpleApplication@79910a29
----------------- Done invoking toplevel() on ptolemy.moml.MoMLSimpleApplication@79910a29
reloadAllAccessors: .CompareDE

===========================================================================================
----------------- testing Tue Aug 06 05:23:42 UTC 2019 /home/travis/build/icyphy/ptII/ptolemy/actor/lib/test/auto/ComplexDivide.xml
----------------- Instantiating /home/travis/build/icyphy/ptII/ptolemy/actor/lib/test/auto/ComplexDivide.xml
2 ms. Memory: 414720K Free: 364222K (88%)
----------------- Invoking toplevel() on ptolemy.moml.MoMLSimpleApplication@9f72d30
----------------- Done invoking toplevel() on ptolemy.moml.MoMLSimpleApplication@9f72d30
reloadAllAccessors: .ComplexDivide

===========================================================================================
----------------- testing Tue Aug 06 05:23:42 UTC 2019 /home/travis/build/icyphy/ptII/ptolemy/actor/lib/test/auto/ComputeHistogram.xml
----------------- Instantiating /home/travis/build/icyphy/ptII/ptolemy/actor/lib/test/auto/ComputeHistogram.xml
24 ms. Memory: 414720K Free: 351934K (85%)
----------------- Invoking toplevel() on ptolemy.moml.MoMLSimpleApplication@14e94415
----------------- Done invoking toplevel() on ptolemy.moml.MoMLSimpleApplication@14e94415
reloadAllAccessors: .ComputeHistogram

===========================================================================================
----------------- testing Tue Aug 06 05:23:42 UTC 2019 /home/travis/build/icyphy/ptII/ptolemy/actor/lib/test/auto/ConfigurationSelect.xml
----------------- Instantiating /home/travis/build/icyphy/ptII/ptolemy/actor/lib/test/auto/ConfigurationSelect.xml
2 ms. Memory: 414720K Free: 346270K (83%)
----------------- Invoking toplevel() on ptolemy.moml.MoMLSimpleApplication@600760b2
----------------- Done invoking toplevel() on ptolemy.moml.MoMLSimpleApplication@600760b2
reloadAllAccessors: .ConfigurationSelect

===========================================================================================
----------------- testing Tue Aug 06 05:23:42 UTC 2019 /home/travis/build/icyphy/ptII/ptolemy/actor/lib/test/auto/ConfigurationSelect2.xml
----------------- Instantiating /home/travis/build/icyphy/ptII/ptolemy/actor/lib/test/auto/ConfigurationSelect2.xml
2 ms. Memory: 414720K Free: 342204K (83%)
----------------- Invoking toplevel() on ptolemy.moml.MoMLSimpleApplication@4d5d2ea5
----------------- Done invoking toplevel() on ptolemy.moml.MoMLSimpleApplication@4d5d2ea5
reloadAllAccessors: .ConfigurationSelect2

===========================================================================================
----------------- testing Tue Aug 06 05:23:42 UTC 2019 /home/travis/build/icyphy/ptII/ptolemy/actor/lib/test/auto/ConfigurationSwitch.xml
----------------- Instantiating /home/travis/build/icyphy/ptII/ptolemy/actor/lib/test/auto/ConfigurationSwitch.xml
3 ms. Memory: 414720K Free: 336574K (81%)
----------------- Invoking toplevel() on ptolemy.moml.MoMLSimpleApplication@53a61f2d
----------------- Done invoking toplevel() on ptolemy.moml.MoMLSimpleApplication@53a61f2d
reloadAllAccessors: .ConfigurationSwitch

===========================================================================================
----------------- testing Tue Aug 06 05:23:42 UTC 2019 /home/travis/build/icyphy/ptII/ptolemy/actor/lib/test/auto/ConfigurationSwitch2.xml
----------------- Instantiating /home/travis/build/icyphy/ptII/ptolemy/actor/lib/test/auto/ConfigurationSwitch2.xml
1 ms. Memory: 414720K Free: 331454K (80%)
----------------- Invoking toplevel() on ptolemy.moml.MoMLSimpleApplication@3a61edb0
----------------- Done invoking toplevel() on ptolemy.moml.MoMLSimpleApplication@3a61edb0
reloadAllAccessors: .ConfigurationSwitch2

===========================================================================================
----------------- testing Tue Aug 06 05:23:42 UTC 2019 /home/travis/build/icyphy/ptII/ptolemy/actor/lib/test/auto/ConfigurationSwitchCloningBugWithClassRelationGroup.xml
----------------- Instantiating /home/travis/build/icyphy/ptII/ptolemy/actor/lib/test/auto/ConfigurationSwitchCloningBugWithClassRelationGroup.xml
1 ms. Memory: 414720K Free: 324796K (78%)
----------------- Invoking toplevel() on ptolemy.moml.MoMLSimpleApplication@780582fb
----------------- Done invoking toplevel() on ptolemy.moml.MoMLSimpleApplication@780582fb
reloadAllAccessors: .ConfigurationSwitchCloningBugWithClassRelationGroup

===========================================================================================
----------------- testing Tue Aug 06 05:23:42 UTC 2019 /home/travis/build/icyphy/ptII/ptolemy/actor/lib/test/auto/ConfigurationSwitchSelectSDF.xml
----------------- Instantiating /home/travis/build/icyphy/ptII/ptolemy/actor/lib/test/auto/ConfigurationSwitchSelectSDF.xml
2 ms. Memory: 414720K Free: 319166K (77%)
----------------- Invoking toplevel() on ptolemy.moml.MoMLSimpleApplication@1d1ca28e
----------------- Done invoking toplevel() on ptolemy.moml.MoMLSimpleApplication@1d1ca28e
reloadAllAccessors: .ConfigurationSwitchSelectSDF

===========================================================================================
----------------- testing Tue Aug 06 05:23:42 UTC 2019 /home/travis/build/icyphy/ptII/ptolemy/actor/lib/test/auto/ConfigurationSwitchSelectSDF2.xml
----------------- Instantiating /home/travis/build/icyphy/ptII/ptolemy/actor/lib/test/auto/ConfigurationSwitchSelectSDF2.xml
2 ms. Memory: 414720K Free: 313532K (76%)
----------------- Invoking toplevel() on ptolemy.moml.MoMLSimpleApplication@26035544
----------------- Done invoking toplevel() on ptolemy.moml.MoMLSimpleApplication@26035544
reloadAllAccessors: .ConfigurationSwitchSelectSDF2

===========================================================================================
----------------- testing Tue Aug 06 05:23:42 UTC 2019 /home/travis/build/icyphy/ptII/ptolemy/actor/lib/test/auto/Const.xml
----------------- Instantiating /home/travis/build/icyphy/ptII/ptolemy/actor/lib/test/auto/Const.xml
1 ms. Memory: 414720K Free: 309950K (75%)
----------------- Invoking toplevel() on ptolemy.moml.MoMLSimpleApplication@76a07923
----------------- Done invoking toplevel() on ptolemy.moml.MoMLSimpleApplication@76a07923
reloadAllAccessors: .Const

===========================================================================================
----------------- testing Tue Aug 06 05:23:42 UTC 2019 /home/travis/build/icyphy/ptII/ptolemy/actor/lib/test/auto/Const2.xml
----------------- Instantiating /home/travis/build/icyphy/ptII/ptolemy/actor/lib/test/auto/Const2.xml
2 ms. Memory: 414720K Free: 306364K (74%)
----------------- Invoking toplevel() on ptolemy.moml.MoMLSimpleApplication@27556bf
----------------- Done invoking toplevel() on ptolemy.moml.MoMLSimpleApplication@27556bf
reloadAllAccessors: .Const2

===========================================================================================
----------------- testing Tue Aug 06 05:23:42 UTC 2019 /home/travis/build/icyphy/ptII/ptolemy/actor/lib/test/auto/Const3.xml
----------------- Instantiating /home/travis/build/icyphy/ptII/ptolemy/actor/lib/test/auto/Const3.xml
1 ms. Memory: 414720K Free: 303292K (73%)
----------------- Invoking toplevel() on ptolemy.moml.MoMLSimpleApplication@771d5b3f
----------------- Done invoking toplevel() on ptolemy.moml.MoMLSimpleApplication@771d5b3f
reloadAllAccessors: .Const3

===========================================================================================
----------------- testing Tue Aug 06 05:23:42 UTC 2019 /home/travis/build/icyphy/ptII/ptolemy/actor/lib/test/auto/ConstantPublisherPort1.xml
----------------- Instantiating /home/travis/build/icyphy/ptII/ptolemy/actor/lib/test/auto/ConstantPublisherPort1.xml
4 ms. Memory: 414720K Free: 294590K (71%)
----------------- Invoking toplevel() on ptolemy.moml.MoMLSimpleApplication@5be7b0a3
----------------- Done invoking toplevel() on ptolemy.moml.MoMLSimpleApplication@5be7b0a3
reloadAllAccessors: .ConstantPublisherPort1

===========================================================================================
----------------- testing Tue Aug 06 05:23:42 UTC 2019 /home/travis/build/icyphy/ptII/ptolemy/actor/lib/test/auto/ConstantPublisherPort2.xml
----------------- Instantiating /home/travis/build/icyphy/ptII/ptolemy/actor/lib/test/auto/ConstantPublisherPort2.xml
11 ms. Memory: 414720K Free: 287422K (69%)
----------------- Invoking toplevel() on ptolemy.moml.MoMLSimpleApplication@71ecd592
----------------- Done invoking toplevel() on ptolemy.moml.MoMLSimpleApplication@71ecd592
reloadAllAccessors: .ConstantPublisherPort2

===========================================================================================
----------------- testing Tue Aug 06 05:23:42 UTC 2019 /home/travis/build/icyphy/ptII/ptolemy/actor/lib/test/auto/ConstantPublisherPort3.xml
----------------- Instantiating /home/travis/build/icyphy/ptII/ptolemy/actor/lib/test/auto/ConstantPublisherPort3.xml
5 ms. Memory: 414720K Free: 279230K (67%)
----------------- Invoking toplevel() on ptolemy.moml.MoMLSimpleApplication@77acddb4
----------------- Done invoking toplevel() on ptolemy.moml.MoMLSimpleApplication@77acddb4
reloadAllAccessors: .ConstantPublisherPort3

===========================================================================================
----------------- testing Tue Aug 06 05:23:42 UTC 2019 /home/travis/build/icyphy/ptII/ptolemy/actor/lib/test/auto/ConstantPublisherPort4.xml
----------------- Instantiating /home/travis/build/icyphy/ptII/ptolemy/actor/lib/test/auto/ConstantPublisherPort4.xml
2 ms. Memory: 414720K Free: 272572K (66%)
----------------- Invoking toplevel() on ptolemy.moml.MoMLSimpleApplication@1b6301da
----------------- Done invoking toplevel() on ptolemy.moml.MoMLSimpleApplication@1b6301da
reloadAllAccessors: .ConstantPublisherPort4

===========================================================================================
----------------- testing Tue Aug 06 05:23:42 UTC 2019 /home/travis/build/icyphy/ptII/ptolemy/actor/lib/test/auto/ConstantPublisherPort5.xml
----------------- Instantiating /home/travis/build/icyphy/ptII/ptolemy/actor/lib/test/auto/ConstantPublisherPort5.xml
27 ms. Memory: 414720K Free: 263356K (64%)
----------------- Invoking toplevel() on ptolemy.moml.MoMLSimpleApplication@49ff57ba
----------------- Done invoking toplevel() on ptolemy.moml.MoMLSimpleApplication@49ff57ba
reloadAllAccessors: .ConstantPublisherPort5

===========================================================================================
----------------- testing Tue Aug 06 05:23:42 UTC 2019 /home/travis/build/icyphy/ptII/ptolemy/actor/lib/test/auto/ConstantPublisherPort6.xml
----------------- Instantiating /home/travis/build/icyphy/ptII/ptolemy/actor/lib/test/auto/ConstantPublisherPort6.xml
17 ms. Memory: 414720K Free: 253630K (61%)
----------------- Invoking toplevel() on ptolemy.moml.MoMLSimpleApplication@6b024050
----------------- Done invoking toplevel() on ptolemy.moml.MoMLSimpleApplication@6b024050
reloadAllAccessors: .ConstantPublisherPort6

===========================================================================================
----------------- testing Tue Aug 06 05:23:42 UTC 2019 /home/travis/build/icyphy/ptII/ptolemy/actor/lib/test/auto/ConstantPublisherPort7.xml
----------------- Instantiating /home/travis/build/icyphy/ptII/ptolemy/actor/lib/test/auto/ConstantPublisherPort7.xml
19 ms. Memory: 414720K Free: 244924K (59%)
----------------- Invoking toplevel() on ptolemy.moml.MoMLSimpleApplication@4ede30be
----------------- Done invoking toplevel() on ptolemy.moml.MoMLSimpleApplication@4ede30be
reloadAllAccessors: .ConstantPublisherPort7

===========================================================================================
----------------- testing Tue Aug 06 05:23:42 UTC 2019 /home/travis/build/icyphy/ptII/ptolemy/actor/lib/test/auto/ConstraintMonitor1.xml
----------------- Instantiating /home/travis/build/icyphy/ptII/ptolemy/actor/lib/test/auto/ConstraintMonitor1.xml
8 ms. Memory: 414720K Free: 239804K (58%)
----------------- Invoking toplevel() on ptolemy.moml.MoMLSimpleApplication@16c4531d
----------------- Done invoking toplevel() on ptolemy.moml.MoMLSimpleApplication@16c4531d
reloadAllAccessors: .ConstraintMonitor1

===========================================================================================
----------------- testing Tue Aug 06 05:23:42 UTC 2019 /home/travis/build/icyphy/ptII/ptolemy/actor/lib/test/auto/ConstraintMonitor2.xml
----------------- Instantiating /home/travis/build/icyphy/ptII/ptolemy/actor/lib/test/auto/ConstraintMonitor2.xml
2 ms. Memory: 414720K Free: 235708K (57%)
----------------- Invoking toplevel() on ptolemy.moml.MoMLSimpleApplication@788e5e1f
----------------- Done invoking toplevel() on ptolemy.moml.MoMLSimpleApplication@788e5e1f
reloadAllAccessors: .ConstraintMonitor2

===========================================================================================
----------------- testing Tue Aug 06 05:23:42 UTC 2019 /home/travis/build/icyphy/ptII/ptolemy/actor/lib/test/auto/ConstraintMonitor3.xml
----------------- Instantiating /home/travis/build/icyphy/ptII/ptolemy/actor/lib/test/auto/ConstraintMonitor3.xml
4 ms. Memory: 414720K Free: 231102K (56%)
----------------- Invoking toplevel() on ptolemy.moml.MoMLSimpleApplication@f71785f
----------------- Done invoking toplevel() on ptolemy.moml.MoMLSimpleApplication@f71785f
reloadAllAccessors: .ConstraintMonitor3

===========================================================================================
----------------- testing Tue Aug 06 05:23:42 UTC 2019 /home/travis/build/icyphy/ptII/ptolemy/actor/lib/test/auto/ConstraintMonitor4.xml
----------------- Instantiating /home/travis/build/icyphy/ptII/ptolemy/actor/lib/test/auto/ConstraintMonitor4.xml
5 ms. Memory: 414720K Free: 225980K (54%)
----------------- Invoking toplevel() on ptolemy.moml.MoMLSimpleApplication@57c47f99
----------------- Done invoking toplevel() on ptolemy.moml.MoMLSimpleApplication@57c47f99
reloadAllAccessors: .ConstraintMonitor4

===========================================================================================
----------------- testing Tue Aug 06 05:23:42 UTC 2019 /home/travis/build/icyphy/ptII/ptolemy/actor/lib/test/auto/ConstraintMonitor5.xml
----------------- Instantiating /home/travis/build/icyphy/ptII/ptolemy/actor/lib/test/auto/ConstraintMonitor5.xml
1 ms. Memory: 414720K Free: 221372K (53%)
----------------- Invoking toplevel() on ptolemy.moml.MoMLSimpleApplication@7e586609
----------------- Done invoking toplevel() on ptolemy.moml.MoMLSimpleApplication@7e586609
reloadAllAccessors: .ConstraintMonitor5

===========================================================================================
----------------- testing Tue Aug 06 05:23:42 UTC 2019 /home/travis/build/icyphy/ptII/ptolemy/actor/lib/test/auto/ConstraintMonitor6.xml
----------------- Instantiating /home/travis/build/icyphy/ptII/ptolemy/actor/lib/test/auto/ConstraintMonitor6.xml
2 ms. Memory: 414720K Free: 215214K (52%)
----------------- Invoking toplevel() on ptolemy.moml.MoMLSimpleApplication@57946bb5
----------------- Done invoking toplevel() on ptolemy.moml.MoMLSimpleApplication@57946bb5
reloadAllAccessors: .ConstraintMonitor6

===========================================================================================
----------------- testing Tue Aug 06 05:23:42 UTC 2019 /home/travis/build/icyphy/ptII/ptolemy/actor/lib/test/auto/ConstraintMonitor7.xml
----------------- Instantiating /home/travis/build/icyphy/ptII/ptolemy/actor/lib/test/auto/ConstraintMonitor7.xml
9 ms. Memory: 414720K Free: 209070K (50%)
----------------- Invoking toplevel() on ptolemy.moml.MoMLSimpleApplication@1a125f61
----------------- Done invoking toplevel() on ptolemy.moml.MoMLSimpleApplication@1a125f61
reloadAllAccessors: .ConstraintMonitor7

===========================================================================================
----------------- testing Tue Aug 06 05:23:42 UTC 2019 /home/travis/build/icyphy/ptII/ptolemy/actor/lib/test/auto/ConstraintMonitor8.xml
----------------- Instantiating /home/travis/build/icyphy/ptII/ptolemy/actor/lib/test/auto/ConstraintMonitor8.xml
4 ms. Memory: 414720K Free: 201406K (49%)
----------------- Invoking toplevel() on ptolemy.moml.MoMLSimpleApplication@5b6addd0
----------------- Done invoking toplevel() on ptolemy.moml.MoMLSimpleApplication@5b6addd0
reloadAllAccessors: .ConstraintMonitor8

===========================================================================================
----------------- testing Tue Aug 06 05:23:42 UTC 2019 /home/travis/build/icyphy/ptII/ptolemy/actor/lib/test/auto/Counter.xml
----------------- Instantiating /home/travis/build/icyphy/ptII/ptolemy/actor/lib/test/auto/Counter.xml
3 ms. Memory: 414720K Free: 196286K (47%)
----------------- Invoking toplevel() on ptolemy.moml.MoMLSimpleApplication@737abf89
----------------- Done invoking toplevel() on ptolemy.moml.MoMLSimpleApplication@737abf89
reloadAllAccessors: .Counter

===========================================================================================
----------------- testing Tue Aug 06 05:23:42 UTC 2019 /home/travis/build/icyphy/ptII/ptolemy/actor/lib/test/auto/CurrentTimeSDF.xml
----------------- Instantiating /home/travis/build/icyphy/ptII/ptolemy/actor/lib/test/auto/CurrentTimeSDF.xml
1 ms. Memory: 414720K Free: 192700K (46%)
----------------- Invoking toplevel() on ptolemy.moml.MoMLSimpleApplication@157161f2
----------------- Done invoking toplevel() on ptolemy.moml.MoMLSimpleApplication@157161f2
reloadAllAccessors: .CurrentTimeSDF

===========================================================================================
----------------- testing Tue Aug 06 05:23:42 UTC 2019 /home/travis/build/icyphy/ptII/ptolemy/actor/lib/test/auto/DB.xml
----------------- Instantiating /home/travis/build/icyphy/ptII/ptolemy/actor/lib/test/auto/DB.xml
3 ms. Memory: 414720K Free: 187070K (45%)
----------------- Invoking toplevel() on ptolemy.moml.MoMLSimpleApplication@7b1e6886
----------------- Done invoking toplevel() on ptolemy.moml.MoMLSimpleApplication@7b1e6886
reloadAllAccessors: .DB

===========================================================================================
----------------- testing Tue Aug 06 05:23:42 UTC 2019 /home/travis/build/icyphy/ptII/ptolemy/actor/lib/test/auto/DBDE.xml
----------------- Instantiating /home/travis/build/icyphy/ptII/ptolemy/actor/lib/test/auto/DBDE.xml
2 ms. Memory: 414720K Free: 180926K (44%)
----------------- Invoking toplevel() on ptolemy.moml.MoMLSimpleApplication@389391b2
----------------- Done invoking toplevel() on ptolemy.moml.MoMLSimpleApplication@389391b2
reloadAllAccessors: .DBDE

===========================================================================================
----------------- testing Tue Aug 06 05:23:42 UTC 2019 /home/travis/build/icyphy/ptII/ptolemy/actor/lib/test/auto/DateConstructor.xml
----------------- Instantiating /home/travis/build/icyphy/ptII/ptolemy/actor/lib/test/auto/DateConstructor.xml
28 ms. Memory: 414720K Free: 164028K (40%)
----------------- Invoking toplevel() on ptolemy.moml.MoMLSimpleApplication@742c1160
----------------- Done invoking toplevel() on ptolemy.moml.MoMLSimpleApplication@742c1160
reloadAllAccessors: .DateConstructor

===========================================================================================
----------------- testing Tue Aug 06 05:23:42 UTC 2019 /home/travis/build/icyphy/ptII/ptolemy/actor/lib/test/auto/DelayTime.xml
----------------- Instantiating /home/travis/build/icyphy/ptII/ptolemy/actor/lib/test/auto/DelayTime.xml
7 ms. Memory: 414720K Free: 158908K (38%)
----------------- Invoking toplevel() on ptolemy.moml.MoMLSimpleApplication@2a2f3c0c
----------------- Done invoking toplevel() on ptolemy.moml.MoMLSimpleApplication@2a2f3c0c
reloadAllAccessors: .DelayTime

===========================================================================================
----------------- testing Tue Aug 06 05:23:42 UTC 2019 /home/travis/build/icyphy/ptII/ptolemy/actor/lib/test/auto/Dictionary1.xml
----------------- Instantiating /home/travis/build/icyphy/ptII/ptolemy/actor/lib/test/auto/Dictionary1.xml
1 ms. Memory: 414720K Free: 153278K (37%)
----------------- Invoking toplevel() on ptolemy.moml.MoMLSimpleApplication@1de77b27
----------------- Done invoking toplevel() on ptolemy.moml.MoMLSimpleApplication@1de77b27
reloadAllAccessors: .Dictionary1

===========================================================================================
----------------- testing Tue Aug 06 05:23:42 UTC 2019 /home/travis/build/icyphy/ptII/ptolemy/actor/lib/test/auto/Dictionary2.xml
----------------- Instantiating /home/travis/build/icyphy/ptII/ptolemy/actor/lib/test/auto/Dictionary2.xml
4 ms. Memory: 414720K Free: 148158K (36%)
----------------- Invoking toplevel() on ptolemy.moml.MoMLSimpleApplication@45c8317f
----------------- Done invoking toplevel() on ptolemy.moml.MoMLSimpleApplication@45c8317f
reloadAllAccessors: .Dictionary2

===========================================================================================
----------------- testing Tue Aug 06 05:23:42 UTC 2019 /home/travis/build/icyphy/ptII/ptolemy/actor/lib/test/auto/Dictionary3.xml
----------------- Instantiating /home/travis/build/icyphy/ptII/ptolemy/actor/lib/test/auto/Dictionary3.xml
2 ms. Memory: 414720K Free: 142524K (34%)
----------------- Invoking toplevel() on ptolemy.moml.MoMLSimpleApplication@7e5a7ce4
----------------- Done invoking toplevel() on ptolemy.moml.MoMLSimpleApplication@7e5a7ce4
reloadAllAccessors: .Dictionary3

===========================================================================================
----------------- testing Tue Aug 06 05:23:42 UTC 2019 /home/travis/build/icyphy/ptII/ptolemy/actor/lib/test/auto/Dictionary4.xml
----------------- Instantiating /home/travis/build/icyphy/ptII/ptolemy/actor/lib/test/auto/Dictionary4.xml
3 ms. Memory: 414720K Free: 135350K (33%)
----------------- Invoking toplevel() on ptolemy.moml.MoMLSimpleApplication@1966d3d5
----------------- Done invoking toplevel() on ptolemy.moml.MoMLSimpleApplication@1966d3d5
reloadAllAccessors: .Dictionary4

===========================================================================================
----------------- testing Tue Aug 06 05:23:43 UTC 2019 /home/travis/build/icyphy/ptII/ptolemy/actor/lib/test/auto/Differential.xml
----------------- Instantiating /home/travis/build/icyphy/ptII/ptolemy/actor/lib/test/auto/Differential.xml
3 ms. Memory: 414720K Free: 130750K (32%)
----------------- Invoking toplevel() on ptolemy.moml.MoMLSimpleApplication@18728fbc
----------------- Done invoking toplevel() on ptolemy.moml.MoMLSimpleApplication@18728fbc
reloadAllAccessors: .Differential

===========================================================================================
----------------- testing Tue Aug 06 05:23:43 UTC 2019 /home/travis/build/icyphy/ptII/ptolemy/actor/lib/test/auto/Director.xml
----------------- Instantiating /home/travis/build/icyphy/ptII/ptolemy/actor/lib/test/auto/Director.xml
3 ms. Memory: 414720K Free: 127678K (31%)
----------------- Invoking toplevel() on ptolemy.moml.MoMLSimpleApplication@2ab71714
----------------- Done invoking toplevel() on ptolemy.moml.MoMLSimpleApplication@2ab71714
reloadAllAccessors: .Director

===========================================================================================
----------------- testing Tue Aug 06 05:23:43 UTC 2019 /home/travis/build/icyphy/ptII/ptolemy/actor/lib/test/auto/DiscreteClock.xml
----------------- Instantiating /home/travis/build/icyphy/ptII/ptolemy/actor/lib/test/auto/DiscreteClock.xml
1 ms. Memory: 414720K Free: 123582K (30%)
----------------- Invoking toplevel() on ptolemy.moml.MoMLSimpleApplication@764f43d9
----------------- Done invoking toplevel() on ptolemy.moml.MoMLSimpleApplication@764f43d9
reloadAllAccessors: .DiscreteClock

===========================================================================================
----------------- testing Tue Aug 06 05:23:43 UTC 2019 /home/travis/build/icyphy/ptII/ptolemy/actor/lib/test/auto/DiscreteClock10.xml
----------------- Instantiating /home/travis/build/icyphy/ptII/ptolemy/actor/lib/test/auto/DiscreteClock10.xml
4 ms. Memory: 414720K Free: 363679K (88%)
----------------- Invoking toplevel() on ptolemy.moml.MoMLSimpleApplication@3c1157e0
----------------- Done invoking toplevel() on ptolemy.moml.MoMLSimpleApplication@3c1157e0
reloadAllAccessors: .DiscreteClock10

===========================================================================================
----------------- testing Tue Aug 06 05:23:43 UTC 2019 /home/travis/build/icyphy/ptII/ptolemy/actor/lib/test/auto/DiscreteClock11.xml
----------------- Instantiating /home/travis/build/icyphy/ptII/ptolemy/actor/lib/test/auto/DiscreteClock11.xml
2 ms. Memory: 414720K Free: 357535K (86%)
----------------- Invoking toplevel() on ptolemy.moml.MoMLSimpleApplication@2245ab43
----------------- Done invoking toplevel() on ptolemy.moml.MoMLSimpleApplication@2245ab43
reloadAllAccessors: .DiscreteClock11

===========================================================================================
----------------- testing Tue Aug 06 05:23:43 UTC 2019 /home/travis/build/icyphy/ptII/ptolemy/actor/lib/test/auto/DiscreteClock12.xml
----------------- Instantiating /home/travis/build/icyphy/ptII/ptolemy/actor/lib/test/auto/DiscreteClock12.xml
3 ms. Memory: 414720K Free: 351391K (85%)
----------------- Invoking toplevel() on ptolemy.moml.MoMLSimpleApplication@39e90d39
----------------- Done invoking toplevel() on ptolemy.moml.MoMLSimpleApplication@39e90d39
reloadAllAccessors: .DiscreteClock12

===========================================================================================
----------------- testing Tue Aug 06 05:23:43 UTC 2019 /home/travis/build/icyphy/ptII/ptolemy/actor/lib/test/auto/DiscreteClock13.xml
----------------- Instantiating /home/travis/build/icyphy/ptII/ptolemy/actor/lib/test/auto/DiscreteClock13.xml
5 ms. Memory: 414720K Free: 345247K (83%)
----------------- Invoking toplevel() on ptolemy.moml.MoMLSimpleApplication@151d56ea
----------------- Done invoking toplevel() on ptolemy.moml.MoMLSimpleApplication@151d56ea
reloadAllAccessors: .DiscreteClock13

===========================================================================================
----------------- testing Tue Aug 06 05:23:43 UTC 2019 /home/travis/build/icyphy/ptII/ptolemy/actor/lib/test/auto/DiscreteClock14.xml
----------------- Instantiating /home/travis/build/icyphy/ptII/ptolemy/actor/lib/test/auto/DiscreteClock14.xml
6 ms. Memory: 414720K Free: 339580K (82%)
----------------- Invoking toplevel() on ptolemy.moml.MoMLSimpleApplication@19946c78
----------------- Done invoking toplevel() on ptolemy.moml.MoMLSimpleApplication@19946c78
reloadAllAccessors: .DiscreteClock14

===========================================================================================
----------------- testing Tue Aug 06 05:23:43 UTC 2019 /home/travis/build/icyphy/ptII/ptolemy/actor/lib/test/auto/DiscreteClock15.xml
----------------- Instantiating /home/travis/build/icyphy/ptII/ptolemy/actor/lib/test/auto/DiscreteClock15.xml
5 ms. Memory: 414720K Free: 333463K (80%)
----------------- Invoking toplevel() on ptolemy.moml.MoMLSimpleApplication@65e5be1b
----------------- Done invoking toplevel() on ptolemy.moml.MoMLSimpleApplication@65e5be1b
reloadAllAccessors: .DiscreteClock15

===========================================================================================
----------------- testing Tue Aug 06 05:23:43 UTC 2019 /home/travis/build/icyphy/ptII/ptolemy/actor/lib/test/auto/DiscreteClock16.xml
----------------- Instantiating /home/travis/build/icyphy/ptII/ptolemy/actor/lib/test/auto/DiscreteClock16.xml
18 ms. Memory: 414720K Free: 319647K (77%)
----------------- Invoking toplevel() on ptolemy.moml.MoMLSimpleApplication@25572be1
----------------- Done invoking toplevel() on ptolemy.moml.MoMLSimpleApplication@25572be1
reloadAllAccessors: .DiscreteClock16

===========================================================================================
----------------- testing Tue Aug 06 05:23:43 UTC 2019 /home/travis/build/icyphy/ptII/ptolemy/actor/lib/test/auto/DiscreteClock17.xml
----------------- Instantiating /home/travis/build/icyphy/ptII/ptolemy/actor/lib/test/auto/DiscreteClock17.xml
17 ms. Memory: 414720K Free: 304767K (73%)
----------------- Invoking toplevel() on ptolemy.moml.MoMLSimpleApplication@5e53087d
----------------- Done invoking toplevel() on ptolemy.moml.MoMLSimpleApplication@5e53087d
reloadAllAccessors: .DiscreteClock17

===========================================================================================
----------------- testing Tue Aug 06 05:23:43 UTC 2019 /home/travis/build/icyphy/ptII/ptolemy/actor/lib/test/auto/DiscreteClock18.xml
----------------- Instantiating /home/travis/build/icyphy/ptII/ptolemy/actor/lib/test/auto/DiscreteClock18.xml
24 ms. Memory: 414720K Free: 291471K (70%)
----------------- Invoking toplevel() on ptolemy.moml.MoMLSimpleApplication@6343e0c6
----------------- Done invoking toplevel() on ptolemy.moml.MoMLSimpleApplication@6343e0c6
reloadAllAccessors: .DiscreteClock18

===========================================================================================
----------------- testing Tue Aug 06 05:23:43 UTC 2019 /home/travis/build/icyphy/ptII/ptolemy/actor/lib/test/auto/DiscreteClock19.xml
----------------- Instantiating /home/travis/build/icyphy/ptII/ptolemy/actor/lib/test/auto/DiscreteClock19.xml
12 ms. Memory: 414720K Free: 277663K (67%)
----------------- Invoking toplevel() on ptolemy.moml.MoMLSimpleApplication@2d0a054a
----------------- Done invoking toplevel() on ptolemy.moml.MoMLSimpleApplication@2d0a054a
reloadAllAccessors: .DiscreteClock19

===========================================================================================
----------------- testing Tue Aug 06 05:23:43 UTC 2019 /home/travis/build/icyphy/ptII/ptolemy/actor/lib/test/auto/DiscreteClock2.xml
----------------- Instantiating /home/travis/build/icyphy/ptII/ptolemy/actor/lib/test/auto/DiscreteClock2.xml
2 ms. Memory: 414720K Free: 272543K (66%)
----------------- Invoking toplevel() on ptolemy.moml.MoMLSimpleApplication@7fbe0510
----------------- Done invoking toplevel() on ptolemy.moml.MoMLSimpleApplication@7fbe0510
reloadAllAccessors: .DiscreteClock2

===========================================================================================
----------------- testing Tue Aug 06 05:23:43 UTC 2019 /home/travis/build/icyphy/ptII/ptolemy/actor/lib/test/auto/DiscreteClock20.xml
----------------- Instantiating /home/travis/build/icyphy/ptII/ptolemy/actor/lib/test/auto/DiscreteClock20.xml
4 ms. Memory: 414720K Free: 266909K (64%)
----------------- Invoking toplevel() on ptolemy.moml.MoMLSimpleApplication@6f477a21
----------------- Done invoking toplevel() on ptolemy.moml.MoMLSimpleApplication@6f477a21
reloadAllAccessors: .DiscreteClock20

===========================================================================================
----------------- testing Tue Aug 06 05:23:43 UTC 2019 /home/travis/build/icyphy/ptII/ptolemy/actor/lib/test/auto/DiscreteClock21.xml
----------------- Instantiating /home/travis/build/icyphy/ptII/ptolemy/actor/lib/test/auto/DiscreteClock21.xml
8 ms. Memory: 414720K Free: 261789K (63%)
----------------- Invoking toplevel() on ptolemy.moml.MoMLSimpleApplication@2161c110
----------------- Done invoking toplevel() on ptolemy.moml.MoMLSimpleApplication@2161c110
reloadAllAccessors: .DiscreteClock21

===========================================================================================
----------------- testing Tue Aug 06 05:23:43 UTC 2019 /home/travis/build/icyphy/ptII/ptolemy/actor/lib/test/auto/DiscreteClock22.xml
----------------- Instantiating /home/travis/build/icyphy/ptII/ptolemy/actor/lib/test/auto/DiscreteClock22.xml
2 ms. Memory: 414720K Free: 256159K (62%)
----------------- Invoking toplevel() on ptolemy.moml.MoMLSimpleApplication@70f4c12f
----------------- Done invoking toplevel() on ptolemy.moml.MoMLSimpleApplication@70f4c12f
reloadAllAccessors: .DiscreteClock22

===========================================================================================
----------------- testing Tue Aug 06 05:23:43 UTC 2019 /home/travis/build/icyphy/ptII/ptolemy/actor/lib/test/auto/DiscreteClock23.xml
----------------- Instantiating /home/travis/build/icyphy/ptII/ptolemy/actor/lib/test/auto/DiscreteClock23.xml
5 ms. Memory: 414720K Free: 250525K (60%)
----------------- Invoking toplevel() on ptolemy.moml.MoMLSimpleApplication@729437f5
----------------- Done invoking toplevel() on ptolemy.moml.MoMLSimpleApplication@729437f5
reloadAllAccessors: .DiscreteClock23

===========================================================================================
----------------- testing Tue Aug 06 05:23:43 UTC 2019 /home/travis/build/icyphy/ptII/ptolemy/actor/lib/test/auto/DiscreteClock24.xml
----------------- Instantiating /home/travis/build/icyphy/ptII/ptolemy/actor/lib/test/auto/DiscreteClock24.xml
5 ms. Memory: 414720K Free: 244895K (59%)
----------------- Invoking toplevel() on ptolemy.moml.MoMLSimpleApplication@2372587b
----------------- Done invoking toplevel() on ptolemy.moml.MoMLSimpleApplication@2372587b
reloadAllAccessors: .DiscreteClock24

===========================================================================================
----------------- testing Tue Aug 06 05:23:43 UTC 2019 /home/travis/build/icyphy/ptII/ptolemy/actor/lib/test/auto/DiscreteClock4.xml
----------------- Instantiating /home/travis/build/icyphy/ptII/ptolemy/actor/lib/test/auto/DiscreteClock4.xml
5 ms. Memory: 414720K Free: 239775K (58%)
----------------- Invoking toplevel() on ptolemy.moml.MoMLSimpleApplication@2f362667
----------------- Done invoking toplevel() on ptolemy.moml.MoMLSimpleApplication@2f362667
reloadAllAccessors: .DiscreteClock4

===========================================================================================
----------------- testing Tue Aug 06 05:23:43 UTC 2019 /home/travis/build/icyphy/ptII/ptolemy/actor/lib/test/auto/DiscreteClock5.xml
----------------- Instantiating /home/travis/build/icyphy/ptII/ptolemy/actor/lib/test/auto/DiscreteClock5.xml
1 ms. Memory: 414720K Free: 234127K (56%)
----------------- Invoking toplevel() on ptolemy.moml.MoMLSimpleApplication@718bcd47
----------------- Done invoking toplevel() on ptolemy.moml.MoMLSimpleApplication@718bcd47
reloadAllAccessors: .DiscreteClock5

===========================================================================================
----------------- testing Tue Aug 06 05:23:43 UTC 2019 /home/travis/build/icyphy/ptII/ptolemy/actor/lib/test/auto/DiscreteClock6.xml
----------------- Instantiating /home/travis/build/icyphy/ptII/ptolemy/actor/lib/test/auto/DiscreteClock6.xml
1 ms. Memory: 414720K Free: 229535K (55%)
----------------- Invoking toplevel() on ptolemy.moml.MoMLSimpleApplication@7ff44817
----------------- Done invoking toplevel() on ptolemy.moml.MoMLSimpleApplication@7ff44817
reloadAllAccessors: .DiscreteClock6

===========================================================================================
----------------- testing Tue Aug 06 05:23:43 UTC 2019 /home/travis/build/icyphy/ptII/ptolemy/actor/lib/test/auto/DiscreteClock7.xml
----------------- Instantiating /home/travis/build/icyphy/ptII/ptolemy/actor/lib/test/auto/DiscreteClock7.xml
1 ms. Memory: 414720K Free: 224925K (54%)
----------------- Invoking toplevel() on ptolemy.moml.MoMLSimpleApplication@74a85561
----------------- Done invoking toplevel() on ptolemy.moml.MoMLSimpleApplication@74a85561
reloadAllAccessors: .DiscreteClock7

===========================================================================================
----------------- testing Tue Aug 06 05:23:43 UTC 2019 /home/travis/build/icyphy/ptII/ptolemy/actor/lib/test/auto/DiscreteClock8.xml
----------------- Instantiating /home/travis/build/icyphy/ptII/ptolemy/actor/lib/test/auto/DiscreteClock8.xml
6 ms. Memory: 414720K Free: 219295K (53%)
----------------- Invoking toplevel() on ptolemy.moml.MoMLSimpleApplication@6c85c123
----------------- Done invoking toplevel() on ptolemy.moml.MoMLSimpleApplication@6c85c123
reloadAllAccessors: .DiscreteClock8

===========================================================================================
----------------- testing Tue Aug 06 05:23:43 UTC 2019 /home/travis/build/icyphy/ptII/ptolemy/actor/lib/test/auto/DiscreteClock9.xml
----------------- Instantiating /home/travis/build/icyphy/ptII/ptolemy/actor/lib/test/auto/DiscreteClock9.xml
5 ms. Memory: 414720K Free: 213631K (52%)
----------------- Invoking toplevel() on ptolemy.moml.MoMLSimpleApplication@30e73b43
----------------- Done invoking toplevel() on ptolemy.moml.MoMLSimpleApplication@30e73b43
reloadAllAccessors: .DiscreteClock9

===========================================================================================
----------------- testing Tue Aug 06 05:23:43 UTC 2019 /home/travis/build/icyphy/ptII/ptolemy/actor/lib/test/auto/DisplayArray.xml
----------------- Instantiating /home/travis/build/icyphy/ptII/ptolemy/actor/lib/test/auto/DisplayArray.xml
4 ms. Memory: 414720K Free: 210079K (51%)
----------------- Invoking toplevel() on ptolemy.moml.MoMLSimpleApplication@4d7da75d
----------------- Done invoking toplevel() on ptolemy.moml.MoMLSimpleApplication@4d7da75d
reloadAllAccessors: .DisplayArray

===========================================================================================
----------------- testing Tue Aug 06 05:23:43 UTC 2019 /home/travis/build/icyphy/ptII/ptolemy/actor/lib/test/auto/Distributor.xml
----------------- Instantiating /home/travis/build/icyphy/ptII/ptolemy/actor/lib/test/auto/Distributor.xml
1 ms. Memory: 414720K Free: 205469K (50%)
----------------- Invoking toplevel() on ptolemy.moml.MoMLSimpleApplication@b04aba
----------------- Done invoking toplevel() on ptolemy.moml.MoMLSimpleApplication@b04aba
reloadAllAccessors: .Distributor

===========================================================================================
----------------- testing Tue Aug 06 05:23:43 UTC 2019 /home/travis/build/icyphy/ptII/ptolemy/actor/lib/test/auto/Distributor2.xml
----------------- Instantiating /home/travis/build/icyphy/ptII/ptolemy/actor/lib/test/auto/Distributor2.xml
1 ms. Memory: 414720K Free: 200349K (48%)
----------------- Invoking toplevel() on ptolemy.moml.MoMLSimpleApplication@3bad35a7
----------------- Done invoking toplevel() on ptolemy.moml.MoMLSimpleApplication@3bad35a7
reloadAllAccessors: .Distributor2

===========================================================================================
----------------- testing Tue Aug 06 05:23:43 UTC 2019 /home/travis/build/icyphy/ptII/ptolemy/actor/lib/test/auto/DownSample.xml
----------------- Instantiating /home/travis/build/icyphy/ptII/ptolemy/actor/lib/test/auto/DownSample.xml
3 ms. Memory: 414720K Free: 195743K (47%)
----------------- Invoking toplevel() on ptolemy.moml.MoMLSimpleApplication@35ba55c3
----------------- Done invoking toplevel() on ptolemy.moml.MoMLSimpleApplication@35ba55c3
reloadAllAccessors: .DownSample

===========================================================================================
----------------- testing Tue Aug 06 05:23:43 UTC 2019 /home/travis/build/icyphy/ptII/ptolemy/actor/lib/test/auto/ElectronicUnitBase1.xml
----------------- Instantiating /home/travis/build/icyphy/ptII/ptolemy/actor/lib/test/auto/ElectronicUnitBase1.xml
18 ms. Memory: 414720K Free: 180383K (43%)
----------------- Invoking toplevel() on ptolemy.moml.MoMLSimpleApplication@64d439c
----------------- Done invoking toplevel() on ptolemy.moml.MoMLSimpleApplication@64d439c
reloadAllAccessors: .ElectronicUnitBase1

===========================================================================================
----------------- testing Tue Aug 06 05:23:43 UTC 2019 /home/travis/build/icyphy/ptII/ptolemy/actor/lib/test/auto/ElementsToArray.xml
----------------- Instantiating /home/travis/build/icyphy/ptII/ptolemy/actor/lib/test/auto/ElementsToArray.xml
3 ms. Memory: 414720K Free: 175263K (42%)
----------------- Invoking toplevel() on ptolemy.moml.MoMLSimpleApplication@470c1761
----------------- Done invoking toplevel() on ptolemy.moml.MoMLSimpleApplication@470c1761
reloadAllAccessors: .ElementsToArray

===========================================================================================
----------------- testing Tue Aug 06 05:23:43 UTC 2019 /home/travis/build/icyphy/ptII/ptolemy/actor/lib/test/auto/Equals.xml
----------------- Instantiating /home/travis/build/icyphy/ptII/ptolemy/actor/lib/test/auto/Equals.xml
4 ms. Memory: 414720K Free: 170653K (41%)
----------------- Invoking toplevel() on ptolemy.moml.MoMLSimpleApplication@57bf9162
----------------- Done invoking toplevel() on ptolemy.moml.MoMLSimpleApplication@57bf9162
reloadAllAccessors: .Equals

===========================================================================================
----------------- testing Tue Aug 06 05:23:43 UTC 2019 /home/travis/build/icyphy/ptII/ptolemy/actor/lib/test/auto/Exec.xml
----------------- Instantiating /home/travis/build/icyphy/ptII/ptolemy/actor/lib/test/auto/Exec.xml
26 ms. Memory: 414720K Free: 165533K (40%)
----------------- Invoking toplevel() on ptolemy.moml.MoMLSimpleApplication@540667f4
----------------- Done invoking toplevel() on ptolemy.moml.MoMLSimpleApplication@540667f4
reloadAllAccessors: .Exec

===========================================================================================
----------------- testing Tue Aug 06 05:23:43 UTC 2019 /home/travis/build/icyphy/ptII/ptolemy/actor/lib/test/auto/ExecEnvironment.xml
----------------- Instantiating /home/travis/build/icyphy/ptII/ptolemy/actor/lib/test/auto/ExecEnvironment.xml
25 ms. Memory: 414720K Free: 160383K (39%)
----------------- Invoking toplevel() on ptolemy.moml.MoMLSimpleApplication@676b5545
----------------- Done invoking toplevel() on ptolemy.moml.MoMLSimpleApplication@676b5545
reloadAllAccessors: .ExecEnvironment

===========================================================================================
----------------- testing Tue Aug 06 05:23:43 UTC 2019 /home/travis/build/icyphy/ptII/ptolemy/actor/lib/test/auto/ExecNonZeroReturnOutput.xml
----------------- Instantiating /home/travis/build/icyphy/ptII/ptolemy/actor/lib/test/auto/ExecNonZeroReturnOutput.xml
195 ms. Memory: 414720K Free: 149149K (36%)
----------------- Invoking toplevel() on ptolemy.moml.MoMLSimpleApplication@6421a28a
----------------- Done invoking toplevel() on ptolemy.moml.MoMLSimpleApplication@6421a28a
reloadAllAccessors: .ExecNonZeroReturnOutput

===========================================================================================
----------------- testing Tue Aug 06 05:23:44 UTC 2019 /home/travis/build/icyphy/ptII/ptolemy/actor/lib/test/auto/ExecRunDemos.xml
----------------- Instantiating /home/travis/build/icyphy/ptII/ptolemy/actor/lib/test/auto/ExecRunDemos.xml
Finished: 62 ms. Memory: 120832K Free: 104585K (87%)

Finished: 92 ms. Memory: 120832K Free: 110632K (92%)

Finished: 93 ms. Memory: 120832K Free: 110787K (92%)

Finished: 86 ms. Memory: 120832K Free: 103291K (85%)

Finished: 99 ms. Memory: 120832K Free: 104206K (86%)

10957 ms. Memory: 414720K Free: 128157K (31%)
----------------- Invoking toplevel() on ptolemy.moml.MoMLSimpleApplication@1fbd71e4
----------------- Done invoking toplevel() on ptolemy.moml.MoMLSimpleApplication@1fbd71e4
reloadAllAccessors: .ExecRunDemos

===========================================================================================
----------------- testing Tue Aug 06 05:23:55 UTC 2019 /home/travis/build/icyphy/ptII/ptolemy/actor/lib/test/auto/ExecStop.xml
----------------- Instantiating /home/travis/build/icyphy/ptII/ptolemy/actor/lib/test/auto/ExecStop.xml
5018 ms. Memory: 414720K Free: 259691K (63%)
----------------- Invoking toplevel() on ptolemy.moml.MoMLSimpleApplication@25b08797
----------------- Done invoking toplevel() on ptolemy.moml.MoMLSimpleApplication@25b08797
reloadAllAccessors: .ExecStop

===========================================================================================
----------------- testing Tue Aug 06 05:24:00 UTC 2019 /home/travis/build/icyphy/ptII/ptolemy/actor/lib/test/auto/ExecutionTimeSDF.xml
----------------- Instantiating /home/travis/build/icyphy/ptII/ptolemy/actor/lib/test/auto/ExecutionTimeSDF.xml
Fired ExecutionTime: 2045600000
Fired ExecutionTime: 1068000000
Fired ExecutionTime: -1056167296
6005 ms. Memory: 414720K Free: 246893K (60%)
----------------- Invoking toplevel() on ptolemy.moml.MoMLSimpleApplication@1f2e4ba2
----------------- Done invoking toplevel() on ptolemy.moml.MoMLSimpleApplication@1f2e4ba2
reloadAllAccessors: .ExecutionTimeSDF

===========================================================================================
----------------- testing Tue Aug 06 05:24:06 UTC 2019 /home/travis/build/icyphy/ptII/ptolemy/actor/lib/test/auto/Expression1.xml
----------------- Instantiating /home/travis/build/icyphy/ptII/ptolemy/actor/lib/test/auto/Expression1.xml
2 ms. Memory: 414720K Free: 243307K (59%)
----------------- Invoking toplevel() on ptolemy.moml.MoMLSimpleApplication@14b1ba6e
----------------- Done invoking toplevel() on ptolemy.moml.MoMLSimpleApplication@14b1ba6e
reloadAllAccessors: .Expression1

===========================================================================================
----------------- testing Tue Aug 06 05:24:06 UTC 2019 /home/travis/build/icyphy/ptII/ptolemy/actor/lib/test/auto/Expression10.xml
----------------- Instantiating /home/travis/build/icyphy/ptII/ptolemy/actor/lib/test/auto/Expression10.xml
12 ms. Memory: 414720K Free: 238187K (57%)
----------------- Invoking toplevel() on ptolemy.moml.MoMLSimpleApplication@e4f6ff9
----------------- Done invoking toplevel() on ptolemy.moml.MoMLSimpleApplication@e4f6ff9
reloadAllAccessors: .Expression10

===========================================================================================
----------------- testing Tue Aug 06 05:24:06 UTC 2019 /home/travis/build/icyphy/ptII/ptolemy/actor/lib/test/auto/Expression11.xml
----------------- Instantiating /home/travis/build/icyphy/ptII/ptolemy/actor/lib/test/auto/Expression11.xml
3 ms. Memory: 414720K Free: 233067K (56%)
----------------- Invoking toplevel() on ptolemy.moml.MoMLSimpleApplication@5a305b78
----------------- Done invoking toplevel() on ptolemy.moml.MoMLSimpleApplication@5a305b78
reloadAllAccessors: .Expression11

===========================================================================================
----------------- testing Tue Aug 06 05:24:06 UTC 2019 /home/travis/build/icyphy/ptII/ptolemy/actor/lib/test/auto/Expression12.xml
----------------- Instantiating /home/travis/build/icyphy/ptII/ptolemy/actor/lib/test/auto/Expression12.xml
3 ms. Memory: 414720K Free: 227437K (55%)
----------------- Invoking toplevel() on ptolemy.moml.MoMLSimpleApplication@5ed9e483
----------------- Done invoking toplevel() on ptolemy.moml.MoMLSimpleApplication@5ed9e483
reloadAllAccessors: .Expression12

===========================================================================================
----------------- testing Tue Aug 06 05:24:06 UTC 2019 /home/travis/build/icyphy/ptII/ptolemy/actor/lib/test/auto/Expression13.xml
----------------- Instantiating /home/travis/build/icyphy/ptII/ptolemy/actor/lib/test/auto/Expression13.xml
3 ms. Memory: 414720K Free: 222317K (54%)
----------------- Invoking toplevel() on ptolemy.moml.MoMLSimpleApplication@47f5ddda
----------------- Done invoking toplevel() on ptolemy.moml.MoMLSimpleApplication@47f5ddda
reloadAllAccessors: .Expression13

===========================================================================================
----------------- testing Tue Aug 06 05:24:06 UTC 2019 /home/travis/build/icyphy/ptII/ptolemy/actor/lib/test/auto/Expression14.xml
----------------- Instantiating /home/travis/build/icyphy/ptII/ptolemy/actor/lib/test/auto/Expression14.xml
9 ms. Memory: 414720K Free: 216173K (52%)
----------------- Invoking toplevel() on ptolemy.moml.MoMLSimpleApplication@325b3deb
----------------- Done invoking toplevel() on ptolemy.moml.MoMLSimpleApplication@325b3deb
reloadAllAccessors: .Expression14

===========================================================================================
----------------- testing Tue Aug 06 05:24:06 UTC 2019 /home/travis/build/icyphy/ptII/ptolemy/actor/lib/test/auto/Expression15.xml
----------------- Instantiating /home/travis/build/icyphy/ptII/ptolemy/actor/lib/test/auto/Expression15.xml
2 ms. Memory: 414720K Free: 212587K (51%)
----------------- Invoking toplevel() on ptolemy.moml.MoMLSimpleApplication@6d4118f3
----------------- Done invoking toplevel() on ptolemy.moml.MoMLSimpleApplication@6d4118f3
reloadAllAccessors: .Expression15

===========================================================================================
----------------- testing Tue Aug 06 05:24:06 UTC 2019 /home/travis/build/icyphy/ptII/ptolemy/actor/lib/test/auto/Expression16.xml
----------------- Instantiating /home/travis/build/icyphy/ptII/ptolemy/actor/lib/test/auto/Expression16.xml
3 ms. Memory: 414720K Free: 206957K (50%)
----------------- Invoking toplevel() on ptolemy.moml.MoMLSimpleApplication@3ab74594
----------------- Done invoking toplevel() on ptolemy.moml.MoMLSimpleApplication@3ab74594
reloadAllAccessors: .Expression16

===========================================================================================
----------------- testing Tue Aug 06 05:24:06 UTC 2019 /home/travis/build/icyphy/ptII/ptolemy/actor/lib/test/auto/Expression17.xml
----------------- Instantiating /home/travis/build/icyphy/ptII/ptolemy/actor/lib/test/auto/Expression17.xml
3 ms. Memory: 414720K Free: 201837K (49%)
----------------- Invoking toplevel() on ptolemy.moml.MoMLSimpleApplication@2c87ea38
----------------- Done invoking toplevel() on ptolemy.moml.MoMLSimpleApplication@2c87ea38
reloadAllAccessors: .Expression17

===========================================================================================
----------------- testing Tue Aug 06 05:24:06 UTC 2019 /home/travis/build/icyphy/ptII/ptolemy/actor/lib/test/auto/Expression18.xml
----------------- Instantiating /home/travis/build/icyphy/ptII/ptolemy/actor/lib/test/auto/Expression18.xml
3 ms. Memory: 414720K Free: 196203K (47%)
----------------- Invoking toplevel() on ptolemy.moml.MoMLSimpleApplication@4784f15a
----------------- Done invoking toplevel() on ptolemy.moml.MoMLSimpleApplication@4784f15a
reloadAllAccessors: .Expression18

===========================================================================================
----------------- testing Tue Aug 06 05:24:06 UTC 2019 /home/travis/build/icyphy/ptII/ptolemy/actor/lib/test/auto/Expression2.xml
----------------- Instantiating /home/travis/build/icyphy/ptII/ptolemy/actor/lib/test/auto/Expression2.xml
3 ms. Memory: 414720K Free: 191597K (46%)
----------------- Invoking toplevel() on ptolemy.moml.MoMLSimpleApplication@75e35f74
----------------- Done invoking toplevel() on ptolemy.moml.MoMLSimpleApplication@75e35f74
reloadAllAccessors: .Expression2

===========================================================================================
----------------- testing Tue Aug 06 05:24:06 UTC 2019 /home/travis/build/icyphy/ptII/ptolemy/actor/lib/test/auto/Expression3.xml
----------------- Instantiating /home/travis/build/icyphy/ptII/ptolemy/actor/lib/test/auto/Expression3.xml
7 ms. Memory: 414720K Free: 186477K (45%)
----------------- Invoking toplevel() on ptolemy.moml.MoMLSimpleApplication@2d4b96aa
----------------- Done invoking toplevel() on ptolemy.moml.MoMLSimpleApplication@2d4b96aa
reloadAllAccessors: .Expression3

===========================================================================================
----------------- testing Tue Aug 06 05:24:06 UTC 2019 /home/travis/build/icyphy/ptII/ptolemy/actor/lib/test/auto/Expression4.xml
----------------- Instantiating /home/travis/build/icyphy/ptII/ptolemy/actor/lib/test/auto/Expression4.xml
6 ms. Memory: 414720K Free: 178795K (43%)
----------------- Invoking toplevel() on ptolemy.moml.MoMLSimpleApplication@7b3dfe58
----------------- Done invoking toplevel() on ptolemy.moml.MoMLSimpleApplication@7b3dfe58
reloadAllAccessors: .Expression4

===========================================================================================
----------------- testing Tue Aug 06 05:24:06 UTC 2019 /home/travis/build/icyphy/ptII/ptolemy/actor/lib/test/auto/Expression5.xml
----------------- Instantiating /home/travis/build/icyphy/ptII/ptolemy/actor/lib/test/auto/Expression5.xml
4 ms. Memory: 414720K Free: 173675K (42%)
----------------- Invoking toplevel() on ptolemy.moml.MoMLSimpleApplication@5c0ab884
----------------- Done invoking toplevel() on ptolemy.moml.MoMLSimpleApplication@5c0ab884
reloadAllAccessors: .Expression5

===========================================================================================
----------------- testing Tue Aug 06 05:24:06 UTC 2019 /home/travis/build/icyphy/ptII/ptolemy/actor/lib/test/auto/Expression6.xml
----------------- Instantiating /home/travis/build/icyphy/ptII/ptolemy/actor/lib/test/auto/Expression6.xml
3 ms. Memory: 414720K Free: 169069K (41%)
----------------- Invoking toplevel() on ptolemy.moml.MoMLSimpleApplication@1b334165
----------------- Done invoking toplevel() on ptolemy.moml.MoMLSimpleApplication@1b334165
reloadAllAccessors: .Expression6

===========================================================================================
----------------- testing Tue Aug 06 05:24:06 UTC 2019 /home/travis/build/icyphy/ptII/ptolemy/actor/lib/test/auto/Expression7.xml
----------------- Instantiating /home/travis/build/icyphy/ptII/ptolemy/actor/lib/test/auto/Expression7.xml
3 ms. Memory: 414720K Free: 164459K (40%)
----------------- Invoking toplevel() on ptolemy.moml.MoMLSimpleApplication@5d6952
----------------- Done invoking toplevel() on ptolemy.moml.MoMLSimpleApplication@5d6952
reloadAllAccessors: .Expression7

===========================================================================================
----------------- testing Tue Aug 06 05:24:06 UTC 2019 /home/travis/build/icyphy/ptII/ptolemy/actor/lib/test/auto/Expression8.xml
----------------- Instantiating /home/travis/build/icyphy/ptII/ptolemy/actor/lib/test/auto/Expression8.xml
9 ms. Memory: 414720K Free: 159339K (38%)
----------------- Invoking toplevel() on ptolemy.moml.MoMLSimpleApplication@396d9841
----------------- Done invoking toplevel() on ptolemy.moml.MoMLSimpleApplication@396d9841
reloadAllAccessors: .Expression8

===========================================================================================
----------------- testing Tue Aug 06 05:24:06 UTC 2019 /home/travis/build/icyphy/ptII/ptolemy/actor/lib/test/auto/Expression9.xml
----------------- Instantiating /home/travis/build/icyphy/ptII/ptolemy/actor/lib/test/auto/Expression9.xml
1 ms. Memory: 414720K Free: 155243K (37%)
----------------- Invoking toplevel() on ptolemy.moml.MoMLSimpleApplication@2e9b5175
----------------- Done invoking toplevel() on ptolemy.moml.MoMLSimpleApplication@2e9b5175
reloadAllAccessors: .Expression9

===========================================================================================
----------------- testing Tue Aug 06 05:24:06 UTC 2019 /home/travis/build/icyphy/ptII/ptolemy/actor/lib/test/auto/ExpressionConcatenateArrayType.xml
----------------- Instantiating /home/travis/build/icyphy/ptII/ptolemy/actor/lib/test/auto/ExpressionConcatenateArrayType.xml
4 ms. Memory: 414720K Free: 148589K (36%)
----------------- Invoking toplevel() on ptolemy.moml.MoMLSimpleApplication@9bd3761
----------------- Done invoking toplevel() on ptolemy.moml.MoMLSimpleApplication@9bd3761
reloadAllAccessors: .ExpressionConcatenateArrayType

===========================================================================================
----------------- testing Tue Aug 06 05:24:06 UTC 2019 /home/travis/build/icyphy/ptII/ptolemy/actor/lib/test/auto/ExpressionConcatenateArrayType2.xml
----------------- Instantiating /home/travis/build/icyphy/ptII/ptolemy/actor/lib/test/auto/ExpressionConcatenateArrayType2.xml
3 ms. Memory: 414720K Free: 142955K (34%)
----------------- Invoking toplevel() on ptolemy.moml.MoMLSimpleApplication@790e17b4
----------------- Done invoking toplevel() on ptolemy.moml.MoMLSimpleApplication@790e17b4
reloadAllAccessors: .ExpressionConcatenateArrayType2

===========================================================================================
----------------- testing Tue Aug 06 05:24:06 UTC 2019 /home/travis/build/icyphy/ptII/ptolemy/actor/lib/test/auto/ExpressionFix.xml
----------------- Instantiating /home/travis/build/icyphy/ptII/ptolemy/actor/lib/test/auto/ExpressionFix.xml
25 ms. Memory: 414720K Free: 136301K (33%)
----------------- Invoking toplevel() on ptolemy.moml.MoMLSimpleApplication@7bb8cd5b
----------------- Done invoking toplevel() on ptolemy.moml.MoMLSimpleApplication@7bb8cd5b
reloadAllAccessors: .ExpressionFix

===========================================================================================
----------------- testing Tue Aug 06 05:24:06 UTC 2019 /home/travis/build/icyphy/ptII/ptolemy/actor/lib/test/auto/ExpressionFix2.xml
----------------- Instantiating /home/travis/build/icyphy/ptII/ptolemy/actor/lib/test/auto/ExpressionFix2.xml
2 ms. Memory: 414720K Free: 132715K (32%)
----------------- Invoking toplevel() on ptolemy.moml.MoMLSimpleApplication@229eff39
----------------- Done invoking toplevel() on ptolemy.moml.MoMLSimpleApplication@229eff39
reloadAllAccessors: .ExpressionFix2

===========================================================================================
----------------- testing Tue Aug 06 05:24:06 UTC 2019 /home/travis/build/icyphy/ptII/ptolemy/actor/lib/test/auto/ExpressionFix3.xml
----------------- Instantiating /home/travis/build/icyphy/ptII/ptolemy/actor/lib/test/auto/ExpressionFix3.xml
2 ms. Memory: 414720K Free: 128109K (31%)
----------------- Invoking toplevel() on ptolemy.moml.MoMLSimpleApplication@38310f84
----------------- Done invoking toplevel() on ptolemy.moml.MoMLSimpleApplication@38310f84
reloadAllAccessors: .ExpressionFix3

===========================================================================================
----------------- testing Tue Aug 06 05:24:06 UTC 2019 /home/travis/build/icyphy/ptII/ptolemy/actor/lib/test/auto/FileWriter1.xml
----------------- Instantiating /home/travis/build/icyphy/ptII/ptolemy/actor/lib/test/auto/FileWriter1.xml
2 ms. Memory: 414720K Free: 124013K (30%)
----------------- Invoking toplevel() on ptolemy.moml.MoMLSimpleApplication@346761a0
----------------- Done invoking toplevel() on ptolemy.moml.MoMLSimpleApplication@346761a0
reloadAllAccessors: .FileWriter1

===========================================================================================
----------------- testing Tue Aug 06 05:24:06 UTC 2019 /home/travis/build/icyphy/ptII/ptolemy/actor/lib/test/auto/FileWriter2.xml
----------------- Instantiating /home/travis/build/icyphy/ptII/ptolemy/actor/lib/test/auto/FileWriter2.xml
2 ms. Memory: 414720K Free: 364869K (88%)
----------------- Invoking toplevel() on ptolemy.moml.MoMLSimpleApplication@77dc096
----------------- Done invoking toplevel() on ptolemy.moml.MoMLSimpleApplication@77dc096
reloadAllAccessors: .FileWriter2

===========================================================================================
----------------- testing Tue Aug 06 05:24:06 UTC 2019 /home/travis/build/icyphy/ptII/ptolemy/actor/lib/test/auto/FileWriter3.xml
----------------- Instantiating /home/travis/build/icyphy/ptII/ptolemy/actor/lib/test/auto/FileWriter3.xml
4 ms. Memory: 414720K Free: 360779K (87%)
----------------- Invoking toplevel() on ptolemy.moml.MoMLSimpleApplication@64857989
----------------- Done invoking toplevel() on ptolemy.moml.MoMLSimpleApplication@64857989
reloadAllAccessors: .FileWriter3

===========================================================================================
----------------- testing Tue Aug 06 05:24:06 UTC 2019 /home/travis/build/icyphy/ptII/ptolemy/actor/lib/test/auto/Gaussian.xml
----------------- Instantiating /home/travis/build/icyphy/ptII/ptolemy/actor/lib/test/auto/Gaussian.xml
3 ms. Memory: 414720K Free: 356173K (86%)
----------------- Invoking toplevel() on ptolemy.moml.MoMLSimpleApplication@1aad45c
----------------- Done invoking toplevel() on ptolemy.moml.MoMLSimpleApplication@1aad45c
reloadAllAccessors: .Gaussian

===========================================================================================
----------------- testing Tue Aug 06 05:24:06 UTC 2019 /home/travis/build/icyphy/ptII/ptolemy/actor/lib/test/auto/Gaussian1.xml
----------------- Instantiating /home/travis/build/icyphy/ptII/ptolemy/actor/lib/test/auto/Gaussian1.xml
2 ms. Memory: 414720K Free: 350525K (85%)
----------------- Invoking toplevel() on ptolemy.moml.MoMLSimpleApplication@7c12a824
----------------- Done invoking toplevel() on ptolemy.moml.MoMLSimpleApplication@7c12a824
reloadAllAccessors: .Gaussian1

===========================================================================================
----------------- testing Tue Aug 06 05:24:06 UTC 2019 /home/travis/build/icyphy/ptII/ptolemy/actor/lib/test/auto/Gaussian2.xml
----------------- Instantiating /home/travis/build/icyphy/ptII/ptolemy/actor/lib/test/auto/Gaussian2.xml
12 ms. Memory: 414720K Free: 344909K (83%)
----------------- Invoking toplevel() on ptolemy.moml.MoMLSimpleApplication@7c7cd395
----------------- Done invoking toplevel() on ptolemy.moml.MoMLSimpleApplication@7c7cd395
reloadAllAccessors: .Gaussian2

===========================================================================================
----------------- testing Tue Aug 06 05:24:06 UTC 2019 /home/travis/build/icyphy/ptII/ptolemy/actor/lib/test/auto/GradientAdaptiveLattice.xml
----------------- Instantiating /home/travis/build/icyphy/ptII/ptolemy/actor/lib/test/auto/GradientAdaptiveLattice.xml
3 ms. Memory: 414720K Free: 339789K (82%)
----------------- Invoking toplevel() on ptolemy.moml.MoMLSimpleApplication@612d2732
----------------- Done invoking toplevel() on ptolemy.moml.MoMLSimpleApplication@612d2732
reloadAllAccessors: .GradientAdaptiveLattice

===========================================================================================
----------------- testing Tue Aug 06 05:24:06 UTC 2019 /home/travis/build/icyphy/ptII/ptolemy/actor/lib/test/auto/IIR.xml
----------------- Instantiating /home/travis/build/icyphy/ptII/ptolemy/actor/lib/test/auto/IIR.xml
2 ms. Memory: 414720K Free: 335179K (81%)
----------------- Invoking toplevel() on ptolemy.moml.MoMLSimpleApplication@1aa72eea
----------------- Done invoking toplevel() on ptolemy.moml.MoMLSimpleApplication@1aa72eea
reloadAllAccessors: .IIR

===========================================================================================
----------------- testing Tue Aug 06 05:24:06 UTC 2019 /home/travis/build/icyphy/ptII/ptolemy/actor/lib/test/auto/InputOutputTransparentPorts.xml
----------------- Instantiating /home/travis/build/icyphy/ptII/ptolemy/actor/lib/test/auto/InputOutputTransparentPorts.xml
2 ms. Memory: 414720K Free: 328011K (79%)
----------------- Invoking toplevel() on ptolemy.moml.MoMLSimpleApplication@43b9cf12
----------------- Done invoking toplevel() on ptolemy.moml.MoMLSimpleApplication@43b9cf12
reloadAllAccessors: .InputOutputTransparentPorts

===========================================================================================
----------------- testing Tue Aug 06 05:24:06 UTC 2019 /home/travis/build/icyphy/ptII/ptolemy/actor/lib/test/auto/Interpolator.xml
----------------- Instantiating /home/travis/build/icyphy/ptII/ptolemy/actor/lib/test/auto/Interpolator.xml
4 ms. Memory: 414720K Free: 323915K (78%)
----------------- Invoking toplevel() on ptolemy.moml.MoMLSimpleApplication@3a011934
----------------- Done invoking toplevel() on ptolemy.moml.MoMLSimpleApplication@3a011934
reloadAllAccessors: .Interpolator

===========================================================================================
----------------- testing Tue Aug 06 05:24:06 UTC 2019 /home/travis/build/icyphy/ptII/ptolemy/actor/lib/test/auto/InterpolatorFiringLimitDE.xml
----------------- Instantiating /home/travis/build/icyphy/ptII/ptolemy/actor/lib/test/auto/InterpolatorFiringLimitDE.xml
3 ms. Memory: 414720K Free: 317771K (77%)
----------------- Invoking toplevel() on ptolemy.moml.MoMLSimpleApplication@4f8f7607
----------------- Done invoking toplevel() on ptolemy.moml.MoMLSimpleApplication@4f8f7607
reloadAllAccessors: .InterpolatorFiringLimitDE

===========================================================================================
----------------- testing Tue Aug 06 05:24:06 UTC 2019 /home/travis/build/icyphy/ptII/ptolemy/actor/lib/test/auto/Lattice.xml
----------------- Instantiating /home/travis/build/icyphy/ptII/ptolemy/actor/lib/test/auto/Lattice.xml
1 ms. Memory: 414720K Free: 313675K (76%)
----------------- Invoking toplevel() on ptolemy.moml.MoMLSimpleApplication@710ca4bf
----------------- Done invoking toplevel() on ptolemy.moml.MoMLSimpleApplication@710ca4bf
reloadAllAccessors: .Lattice

===========================================================================================
----------------- testing Tue Aug 06 05:24:07 UTC 2019 /home/travis/build/icyphy/ptII/ptolemy/actor/lib/test/auto/LazyAOCTestLazy.xml
----------------- Instantiating /home/travis/build/icyphy/ptII/ptolemy/actor/lib/test/auto/LazyAOCTestLazy.xml
7 ms. Memory: 414720K Free: 307517K (74%)
----------------- Invoking toplevel() on ptolemy.moml.MoMLSimpleApplication@58732d1b
----------------- Done invoking toplevel() on ptolemy.moml.MoMLSimpleApplication@58732d1b
reloadAllAccessors: .LazyAOCTestLazy

===========================================================================================
----------------- testing Tue Aug 06 05:24:07 UTC 2019 /home/travis/build/icyphy/ptII/ptolemy/actor/lib/test/auto/LazyAOCTestNonLazy.xml
----------------- Instantiating /home/travis/build/icyphy/ptII/ptolemy/actor/lib/test/auto/LazyAOCTestNonLazy.xml
2 ms. Memory: 414720K Free: 300877K (73%)
----------------- Invoking toplevel() on ptolemy.moml.MoMLSimpleApplication@650a8e6b
----------------- Done invoking toplevel() on ptolemy.moml.MoMLSimpleApplication@650a8e6b
reloadAllAccessors: .LazyAOCTestNonLazy

===========================================================================================
----------------- testing Tue Aug 06 05:24:07 UTC 2019 /home/travis/build/icyphy/ptII/ptolemy/actor/lib/test/auto/LazyInnerClass.xml
----------------- Instantiating /home/travis/build/icyphy/ptII/ptolemy/actor/lib/test/auto/LazyInnerClass.xml
11 ms. Memory: 414720K Free: 292157K (70%)
----------------- Invoking toplevel() on ptolemy.moml.MoMLSimpleApplication@3047092a
----------------- Done invoking toplevel() on ptolemy.moml.MoMLSimpleApplication@3047092a
reloadAllAccessors: .LazyInnerClass

===========================================================================================
----------------- testing Tue Aug 06 05:24:07 UTC 2019 /home/travis/build/icyphy/ptII/ptolemy/actor/lib/test/auto/LazyPubSub.xml
----------------- Instantiating /home/travis/build/icyphy/ptII/ptolemy/actor/lib/test/auto/LazyPubSub.xml
28 ms. Memory: 414720K Free: 281931K (68%)
----------------- Invoking toplevel() on ptolemy.moml.MoMLSimpleApplication@4199715d
----------------- Done invoking toplevel() on ptolemy.moml.MoMLSimpleApplication@4199715d
reloadAllAccessors: .LazyPubSub

===========================================================================================
----------------- testing Tue Aug 06 05:24:07 UTC 2019 /home/travis/build/icyphy/ptII/ptolemy/actor/lib/test/auto/LazyPubSub2.xml
----------------- Instantiating /home/travis/build/icyphy/ptII/ptolemy/actor/lib/test/auto/LazyPubSub2.xml
15 ms. Memory: 414720K Free: 272699K (66%)
----------------- Invoking toplevel() on ptolemy.moml.MoMLSimpleApplication@44597e1d
----------------- Done invoking toplevel() on ptolemy.moml.MoMLSimpleApplication@44597e1d
reloadAllAccessors: .LazyPubSub2

===========================================================================================
----------------- testing Tue Aug 06 05:24:07 UTC 2019 /home/travis/build/icyphy/ptII/ptolemy/actor/lib/test/auto/LazyPubSub3.xml
----------------- Instantiating /home/travis/build/icyphy/ptII/ptolemy/actor/lib/test/auto/LazyPubSub3.xml
15 ms. Memory: 414720K Free: 262475K (63%)
----------------- Invoking toplevel() on ptolemy.moml.MoMLSimpleApplication@7f931f93
----------------- Done invoking toplevel() on ptolemy.moml.MoMLSimpleApplication@7f931f93
reloadAllAccessors: .LazyPubSub3

===========================================================================================
----------------- testing Tue Aug 06 05:24:07 UTC 2019 /home/travis/build/icyphy/ptII/ptolemy/actor/lib/test/auto/LazySubClassModel.xml
----------------- Instantiating /home/travis/build/icyphy/ptII/ptolemy/actor/lib/test/auto/LazySubClassModel.xml
1 ms. Memory: 414720K Free: 253259K (61%)
----------------- Invoking toplevel() on ptolemy.moml.MoMLSimpleApplication@3f90f71
----------------- Done invoking toplevel() on ptolemy.moml.MoMLSimpleApplication@3f90f71
reloadAllAccessors: .LazySubClassModel

===========================================================================================
----------------- testing Tue Aug 06 05:24:07 UTC 2019 /home/travis/build/icyphy/ptII/ptolemy/actor/lib/test/auto/LevelCrossTest1.xml
----------------- Instantiating /home/travis/build/icyphy/ptII/ptolemy/actor/lib/test/auto/LevelCrossTest1.xml
1 ms. Memory: 414720K Free: 248109K (60%)
----------------- Invoking toplevel() on ptolemy.moml.MoMLSimpleApplication@1159a9bb
----------------- Done invoking toplevel() on ptolemy.moml.MoMLSimpleApplication@1159a9bb
reloadAllAccessors: .broken

===========================================================================================
----------------- testing Tue Aug 06 05:24:07 UTC 2019 /home/travis/build/icyphy/ptII/ptolemy/actor/lib/test/auto/LevelCrossTest10.xml
----------------- Instantiating /home/travis/build/icyphy/ptII/ptolemy/actor/lib/test/auto/LevelCrossTest10.xml
2 ms. Memory: 414720K Free: 240461K (58%)
----------------- Invoking toplevel() on ptolemy.moml.MoMLSimpleApplication@1eac6967
----------------- Done invoking toplevel() on ptolemy.moml.MoMLSimpleApplication@1eac6967
reloadAllAccessors: .LevelCrossTest10

===========================================================================================
----------------- testing Tue Aug 06 05:24:07 UTC 2019 /home/travis/build/icyphy/ptII/ptolemy/actor/lib/test/auto/LevelCrossTest11.xml
----------------- Instantiating /home/travis/build/icyphy/ptII/ptolemy/actor/lib/test/auto/LevelCrossTest11.xml
1 ms. Memory: 414720K Free: 233293K (56%)
----------------- Invoking toplevel() on ptolemy.moml.MoMLSimpleApplication@85895d9
----------------- Done invoking toplevel() on ptolemy.moml.MoMLSimpleApplication@85895d9
reloadAllAccessors: .LevelCrossTest11

===========================================================================================
----------------- testing Tue Aug 06 05:24:07 UTC 2019 /home/travis/build/icyphy/ptII/ptolemy/actor/lib/test/auto/LevelCrossTest12.xml
----------------- Instantiating /home/travis/build/icyphy/ptII/ptolemy/actor/lib/test/auto/LevelCrossTest12.xml
1 ms. Memory: 414720K Free: 226635K (55%)
----------------- Invoking toplevel() on ptolemy.moml.MoMLSimpleApplication@77853ce8
----------------- Done invoking toplevel() on ptolemy.moml.MoMLSimpleApplication@77853ce8
reloadAllAccessors: .LevelCrossTest12

===========================================================================================
----------------- testing Tue Aug 06 05:24:07 UTC 2019 /home/travis/build/icyphy/ptII/ptolemy/actor/lib/test/auto/LevelCrossTest13.xml
----------------- Instantiating /home/travis/build/icyphy/ptII/ptolemy/actor/lib/test/auto/LevelCrossTest13.xml
1 ms. Memory: 414720K Free: 218957K (53%)
----------------- Invoking toplevel() on ptolemy.moml.MoMLSimpleApplication@23d1853e
----------------- Done invoking toplevel() on ptolemy.moml.MoMLSimpleApplication@23d1853e
reloadAllAccessors: .LevelCrossTest13

===========================================================================================
----------------- testing Tue Aug 06 05:24:07 UTC 2019 /home/travis/build/icyphy/ptII/ptolemy/actor/lib/test/auto/LevelCrossTest2.xml
----------------- Instantiating /home/travis/build/icyphy/ptII/ptolemy/actor/lib/test/auto/LevelCrossTest2.xml
2 ms. Memory: 414720K Free: 213323K (51%)
----------------- Invoking toplevel() on ptolemy.moml.MoMLSimpleApplication@2b4a0717
----------------- Done invoking toplevel() on ptolemy.moml.MoMLSimpleApplication@2b4a0717
reloadAllAccessors: .broken

===========================================================================================
----------------- testing Tue Aug 06 05:24:07 UTC 2019 /home/travis/build/icyphy/ptII/ptolemy/actor/lib/test/auto/LevelCrossTest3.xml
----------------- Instantiating /home/travis/build/icyphy/ptII/ptolemy/actor/lib/test/auto/LevelCrossTest3.xml
1 ms. Memory: 414720K Free: 206669K (50%)
----------------- Invoking toplevel() on ptolemy.moml.MoMLSimpleApplication@5b9db05c
----------------- Done invoking toplevel() on ptolemy.moml.MoMLSimpleApplication@5b9db05c
reloadAllAccessors: .LevelCrossTest3

===========================================================================================
----------------- testing Tue Aug 06 05:24:07 UTC 2019 /home/travis/build/icyphy/ptII/ptolemy/actor/lib/test/auto/LevelCrossTest4.xml
----------------- Instantiating /home/travis/build/icyphy/ptII/ptolemy/actor/lib/test/auto/LevelCrossTest4.xml
1 ms. Memory: 414720K Free: 201549K (49%)
----------------- Invoking toplevel() on ptolemy.moml.MoMLSimpleApplication@68305ba
----------------- Done invoking toplevel() on ptolemy.moml.MoMLSimpleApplication@68305ba
reloadAllAccessors: .broken

===========================================================================================
----------------- testing Tue Aug 06 05:24:07 UTC 2019 /home/travis/build/icyphy/ptII/ptolemy/actor/lib/test/auto/LevelCrossTest5.xml
----------------- Instantiating /home/travis/build/icyphy/ptII/ptolemy/actor/lib/test/auto/LevelCrossTest5.xml
5 ms. Memory: 414720K Free: 194381K (47%)
----------------- Invoking toplevel() on ptolemy.moml.MoMLSimpleApplication@194d1996
----------------- Done invoking toplevel() on ptolemy.moml.MoMLSimpleApplication@194d1996
reloadAllAccessors: .LevelCrossTest5

===========================================================================================
----------------- testing Tue Aug 06 05:24:07 UTC 2019 /home/travis/build/icyphy/ptII/ptolemy/actor/lib/test/auto/LevelCrossTest6.xml
----------------- Instantiating /home/travis/build/icyphy/ptII/ptolemy/actor/lib/test/auto/LevelCrossTest6.xml
1 ms. Memory: 414720K Free: 187723K (45%)
----------------- Invoking toplevel() on ptolemy.moml.MoMLSimpleApplication@3265af7f
----------------- Done invoking toplevel() on ptolemy.moml.MoMLSimpleApplication@3265af7f
reloadAllAccessors: .LevelCrossTest6

===========================================================================================
----------------- testing Tue Aug 06 05:24:07 UTC 2019 /home/travis/build/icyphy/ptII/ptolemy/actor/lib/test/auto/LevelCrossTest7.xml
----------------- Instantiating /home/travis/build/icyphy/ptII/ptolemy/actor/lib/test/auto/LevelCrossTest7.xml
1 ms. Memory: 414720K Free: 179531K (43%)
----------------- Invoking toplevel() on ptolemy.moml.MoMLSimpleApplication@5ab5f27c
----------------- Done invoking toplevel() on ptolemy.moml.MoMLSimpleApplication@5ab5f27c
reloadAllAccessors: .LevelCrossTest7

===========================================================================================
----------------- testing Tue Aug 06 05:24:07 UTC 2019 /home/travis/build/icyphy/ptII/ptolemy/actor/lib/test/auto/LevelCrossTest8.xml
----------------- Instantiating /home/travis/build/icyphy/ptII/ptolemy/actor/lib/test/auto/LevelCrossTest8.xml
2 ms. Memory: 414720K Free: 172877K (42%)
----------------- Invoking toplevel() on ptolemy.moml.MoMLSimpleApplication@7d1045da
----------------- Done invoking toplevel() on ptolemy.moml.MoMLSimpleApplication@7d1045da
reloadAllAccessors: .LevelCrossTest8

===========================================================================================
----------------- testing Tue Aug 06 05:24:07 UTC 2019 /home/travis/build/icyphy/ptII/ptolemy/actor/lib/test/auto/LevelCrossTest9.xml
----------------- Instantiating /home/travis/build/icyphy/ptII/ptolemy/actor/lib/test/auto/LevelCrossTest9.xml
3 ms. Memory: 414720K Free: 165709K (40%)
----------------- Invoking toplevel() on ptolemy.moml.MoMLSimpleApplication@45234dda
----------------- Done invoking toplevel() on ptolemy.moml.MoMLSimpleApplication@45234dda
reloadAllAccessors: .LevelCrossTest9

===========================================================================================
----------------- testing Tue Aug 06 05:24:07 UTC 2019 /home/travis/build/icyphy/ptII/ptolemy/actor/lib/test/auto/LevinsonDurbin.xml
----------------- Instantiating /home/travis/build/icyphy/ptII/ptolemy/actor/lib/test/auto/LevinsonDurbin.xml
11 ms. Memory: 414720K Free: 161613K (39%)
----------------- Invoking toplevel() on ptolemy.moml.MoMLSimpleApplication@6af57daa
----------------- Done invoking toplevel() on ptolemy.moml.MoMLSimpleApplication@6af57daa
reloadAllAccessors: .LevinsonDurbin

===========================================================================================
----------------- testing Tue Aug 06 05:24:07 UTC 2019 /home/travis/build/icyphy/ptII/ptolemy/actor/lib/test/auto/LevinsonDurbin2.xml
----------------- Instantiating /home/travis/build/icyphy/ptII/ptolemy/actor/lib/test/auto/LevinsonDurbin2.xml
1 ms. Memory: 414720K Free: 157517K (38%)
----------------- Invoking toplevel() on ptolemy.moml.MoMLSimpleApplication@12e5941d
----------------- Done invoking toplevel() on ptolemy.moml.MoMLSimpleApplication@12e5941d
reloadAllAccessors: .LevinsonDurbin2

===========================================================================================
----------------- testing Tue Aug 06 05:24:07 UTC 2019 /home/travis/build/icyphy/ptII/ptolemy/actor/lib/test/auto/LevinsonDurbin3.xml
----------------- Instantiating /home/travis/build/icyphy/ptII/ptolemy/actor/lib/test/auto/LevinsonDurbin3.xml
2 ms. Memory: 414720K Free: 153421K (37%)
----------------- Invoking toplevel() on ptolemy.moml.MoMLSimpleApplication@7afec985
----------------- Done invoking toplevel() on ptolemy.moml.MoMLSimpleApplication@7afec985
reloadAllAccessors: .LevinsonDurbin3

===========================================================================================
----------------- testing Tue Aug 06 05:24:07 UTC 2019 /home/travis/build/icyphy/ptII/ptolemy/actor/lib/test/auto/Limiter.xml
----------------- Instantiating /home/travis/build/icyphy/ptII/ptolemy/actor/lib/test/auto/Limiter.xml
4 ms. Memory: 414720K Free: 144205K (35%)
----------------- Invoking toplevel() on ptolemy.moml.MoMLSimpleApplication@7bb084f9
----------------- Done invoking toplevel() on ptolemy.moml.MoMLSimpleApplication@7bb084f9
reloadAllAccessors: .Limiter

===========================================================================================
----------------- testing Tue Aug 06 05:24:07 UTC 2019 /home/travis/build/icyphy/ptII/ptolemy/actor/lib/test/auto/LinearDifferenceEquationSystem.xml
----------------- Instantiating /home/travis/build/icyphy/ptII/ptolemy/actor/lib/test/auto/LinearDifferenceEquationSystem.xml
4 ms. Memory: 414720K Free: 137037K (33%)
----------------- Invoking toplevel() on ptolemy.moml.MoMLSimpleApplication@73b88ed7
----------------- Done invoking toplevel() on ptolemy.moml.MoMLSimpleApplication@73b88ed7
reloadAllAccessors: .LinearDifferenceEquationSystem

===========================================================================================
----------------- testing Tue Aug 06 05:24:07 UTC 2019 /home/travis/build/icyphy/ptII/ptolemy/actor/lib/test/auto/LookupTable.xml
----------------- Instantiating /home/travis/build/icyphy/ptII/ptolemy/actor/lib/test/auto/LookupTable.xml
1 ms. Memory: 414720K Free: 132427K (32%)
----------------- Invoking toplevel() on ptolemy.moml.MoMLSimpleApplication@1b7ddb93
----------------- Done invoking toplevel() on ptolemy.moml.MoMLSimpleApplication@1b7ddb93
reloadAllAccessors: .LookupTable

===========================================================================================
----------------- testing Tue Aug 06 05:24:07 UTC 2019 /home/travis/build/icyphy/ptII/ptolemy/actor/lib/test/auto/MathFunction.xml
----------------- Instantiating /home/travis/build/icyphy/ptII/ptolemy/actor/lib/test/auto/MathFunction.xml
3 ms. Memory: 414720K Free: 124235K (30%)
----------------- Invoking toplevel() on ptolemy.moml.MoMLSimpleApplication@598fc51e
----------------- Done invoking toplevel() on ptolemy.moml.MoMLSimpleApplication@598fc51e
reloadAllAccessors: .MathFunction

===========================================================================================
----------------- testing Tue Aug 06 05:24:07 UTC 2019 /home/travis/build/icyphy/ptII/ptolemy/actor/lib/test/auto/MathFunction2.xml
----------------- Instantiating /home/travis/build/icyphy/ptII/ptolemy/actor/lib/test/auto/MathFunction2.xml
1 ms. Memory: 414720K Free: 120653K (29%)
----------------- Invoking toplevel() on ptolemy.moml.MoMLSimpleApplication@1a4f4919
----------------- Done invoking toplevel() on ptolemy.moml.MoMLSimpleApplication@1a4f4919
reloadAllAccessors: .MathFunction2

===========================================================================================
----------------- testing Tue Aug 06 05:24:07 UTC 2019 /home/travis/build/icyphy/ptII/ptolemy/actor/lib/test/auto/MathFunction3.xml
----------------- Instantiating /home/travis/build/icyphy/ptII/ptolemy/actor/lib/test/auto/MathFunction3.xml
2 ms. Memory: 414720K Free: 359221K (87%)
----------------- Invoking toplevel() on ptolemy.moml.MoMLSimpleApplication@3e676f89
----------------- Done invoking toplevel() on ptolemy.moml.MoMLSimpleApplication@3e676f89
reloadAllAccessors: .MathFunction3

===========================================================================================
----------------- testing Tue Aug 06 05:24:07 UTC 2019 /home/travis/build/icyphy/ptII/ptolemy/actor/lib/test/auto/MatrixCropBoolean.xml
----------------- Instantiating /home/travis/build/icyphy/ptII/ptolemy/actor/lib/test/auto/MatrixCropBoolean.xml
2 ms. Memory: 414720K Free: 354611K (86%)
----------------- Invoking toplevel() on ptolemy.moml.MoMLSimpleApplication@b93bd88
----------------- Done invoking toplevel() on ptolemy.moml.MoMLSimpleApplication@b93bd88
reloadAllAccessors: .MatrixCropBoolean

===========================================================================================
----------------- testing Tue Aug 06 05:24:07 UTC 2019 /home/travis/build/icyphy/ptII/ptolemy/actor/lib/test/auto/MatrixCropComplex.xml
----------------- Instantiating /home/travis/build/icyphy/ptII/ptolemy/actor/lib/test/auto/MatrixCropComplex.xml
2 ms. Memory: 414720K Free: 348981K (84%)
----------------- Invoking toplevel() on ptolemy.moml.MoMLSimpleApplication@7c143aba
----------------- Done invoking toplevel() on ptolemy.moml.MoMLSimpleApplication@7c143aba
reloadAllAccessors: .MatrixCropComplex

===========================================================================================
----------------- testing Tue Aug 06 05:24:07 UTC 2019 /home/travis/build/icyphy/ptII/ptolemy/actor/lib/test/auto/MatrixCropDouble.xml
----------------- Instantiating /home/travis/build/icyphy/ptII/ptolemy/actor/lib/test/auto/MatrixCropDouble.xml
3 ms. Memory: 414720K Free: 344365K (83%)
----------------- Invoking toplevel() on ptolemy.moml.MoMLSimpleApplication@2637a57
----------------- Done invoking toplevel() on ptolemy.moml.MoMLSimpleApplication@2637a57
reloadAllAccessors: .MatrixCropDouble

===========================================================================================
----------------- testing Tue Aug 06 05:24:07 UTC 2019 /home/travis/build/icyphy/ptII/ptolemy/actor/lib/test/auto/MatrixCropFix.xml
----------------- Instantiating /home/travis/build/icyphy/ptII/ptolemy/actor/lib/test/auto/MatrixCropFix.xml
2 ms. Memory: 414720K Free: 339245K (82%)
----------------- Invoking toplevel() on ptolemy.moml.MoMLSimpleApplication@50e62fe3
----------------- Done invoking toplevel() on ptolemy.moml.MoMLSimpleApplication@50e62fe3
reloadAllAccessors: .MatrixCropFix

===========================================================================================
----------------- testing Tue Aug 06 05:24:07 UTC 2019 /home/travis/build/icyphy/ptII/ptolemy/actor/lib/test/auto/MatrixCropInt.xml
----------------- Instantiating /home/travis/build/icyphy/ptII/ptolemy/actor/lib/test/auto/MatrixCropInt.xml
1 ms. Memory: 414720K Free: 334645K (81%)
----------------- Invoking toplevel() on ptolemy.moml.MoMLSimpleApplication@5e130584
----------------- Done invoking toplevel() on ptolemy.moml.MoMLSimpleApplication@5e130584
reloadAllAccessors: .MatrixCropInt

===========================================================================================
----------------- testing Tue Aug 06 05:24:07 UTC 2019 /home/travis/build/icyphy/ptII/ptolemy/actor/lib/test/auto/MatrixCropLong.xml
----------------- Instantiating /home/travis/build/icyphy/ptII/ptolemy/actor/lib/test/auto/MatrixCropLong.xml
1 ms. Memory: 414720K Free: 329525K (79%)
----------------- Invoking toplevel() on ptolemy.moml.MoMLSimpleApplication@638c0eb8
----------------- Done invoking toplevel() on ptolemy.moml.MoMLSimpleApplication@638c0eb8
reloadAllAccessors: .MatrixCropLong

===========================================================================================
----------------- testing Tue Aug 06 05:24:07 UTC 2019 /home/travis/build/icyphy/ptII/ptolemy/actor/lib/test/auto/MatrixToArray.xml
----------------- Instantiating /home/travis/build/icyphy/ptII/ptolemy/actor/lib/test/auto/MatrixToArray.xml
10 ms. Memory: 414720K Free: 314165K (76%)
----------------- Invoking toplevel() on ptolemy.moml.MoMLSimpleApplication@77bef6e2
----------------- Done invoking toplevel() on ptolemy.moml.MoMLSimpleApplication@77bef6e2
reloadAllAccessors: .MatrixToArray

===========================================================================================
----------------- testing Tue Aug 06 05:24:07 UTC 2019 /home/travis/build/icyphy/ptII/ptolemy/actor/lib/test/auto/MaxIndex.xml
----------------- Instantiating /home/travis/build/icyphy/ptII/ptolemy/actor/lib/test/auto/MaxIndex.xml
3 ms. Memory: 414720K Free: 309045K (75%)
----------------- Invoking toplevel() on ptolemy.moml.MoMLSimpleApplication@5f06f9b7
----------------- Done invoking toplevel() on ptolemy.moml.MoMLSimpleApplication@5f06f9b7
reloadAllAccessors: .MaxIndex

===========================================================================================
----------------- testing Tue Aug 06 05:24:07 UTC 2019 /home/travis/build/icyphy/ptII/ptolemy/actor/lib/test/auto/Maximum.xml
----------------- Instantiating /home/travis/build/icyphy/ptII/ptolemy/actor/lib/test/auto/Maximum.xml
7 ms. Memory: 414720K Free: 302357K (73%)
----------------- Invoking toplevel() on ptolemy.moml.MoMLSimpleApplication@7b5f21c8
----------------- Done invoking toplevel() on ptolemy.moml.MoMLSimpleApplication@7b5f21c8
reloadAllAccessors: .Maximum

===========================================================================================
----------------- testing Tue Aug 06 05:24:07 UTC 2019 /home/travis/build/icyphy/ptII/ptolemy/actor/lib/test/auto/MaximumComplex.xml
----------------- Instantiating /home/travis/build/icyphy/ptII/ptolemy/actor/lib/test/auto/MaximumComplex.xml
5 ms. Memory: 414720K Free: 296229K (71%)
----------------- Invoking toplevel() on ptolemy.moml.MoMLSimpleApplication@24f5ce7e
----------------- Done invoking toplevel() on ptolemy.moml.MoMLSimpleApplication@24f5ce7e
reloadAllAccessors: .MaximumComplex

===========================================================================================
----------------- testing Tue Aug 06 05:24:08 UTC 2019 /home/travis/build/icyphy/ptII/ptolemy/actor/lib/test/auto/MethodCallTest.xml
----------------- Instantiating /home/travis/build/icyphy/ptII/ptolemy/actor/lib/test/auto/MethodCallTest.xml
3 ms. Memory: 414720K Free: 289589K (70%)
----------------- Invoking toplevel() on ptolemy.moml.MoMLSimpleApplication@76aa4df4
----------------- Done invoking toplevel() on ptolemy.moml.MoMLSimpleApplication@76aa4df4
reloadAllAccessors: .MethodCallTest

===========================================================================================
----------------- testing Tue Aug 06 05:24:08 UTC 2019 /home/travis/build/icyphy/ptII/ptolemy/actor/lib/test/auto/Minimum.xml
----------------- Instantiating /home/travis/build/icyphy/ptII/ptolemy/actor/lib/test/auto/Minimum.xml
3 ms. Memory: 414720K Free: 282917K (68%)
----------------- Invoking toplevel() on ptolemy.moml.MoMLSimpleApplication@244070
----------------- Done invoking toplevel() on ptolemy.moml.MoMLSimpleApplication@244070
reloadAllAccessors: .Minimum

===========================================================================================
----------------- testing Tue Aug 06 05:24:08 UTC 2019 /home/travis/build/icyphy/ptII/ptolemy/actor/lib/test/auto/MinimumComplex.xml
----------------- Instantiating /home/travis/build/icyphy/ptII/ptolemy/actor/lib/test/auto/MinimumComplex.xml
4 ms. Memory: 414720K Free: 276787K (67%)
----------------- Invoking toplevel() on ptolemy.moml.MoMLSimpleApplication@45199899
----------------- Done invoking toplevel() on ptolemy.moml.MoMLSimpleApplication@45199899
reloadAllAccessors: .MinimumComplex

===========================================================================================
----------------- testing Tue Aug 06 05:24:08 UTC 2019 /home/travis/build/icyphy/ptII/ptolemy/actor/lib/test/auto/MinimumMultiports.xml
----------------- Instantiating /home/travis/build/icyphy/ptII/ptolemy/actor/lib/test/auto/MinimumMultiports.xml
4 ms. Memory: 414720K Free: 268085K (65%)
----------------- Invoking toplevel() on ptolemy.moml.MoMLSimpleApplication@30dafc13
----------------- Done invoking toplevel() on ptolemy.moml.MoMLSimpleApplication@30dafc13
reloadAllAccessors: .MinimumMultiports

===========================================================================================
----------------- testing Tue Aug 06 05:24:08 UTC 2019 /home/travis/build/icyphy/ptII/ptolemy/actor/lib/test/auto/ModifyDate.xml
----------------- Instantiating /home/travis/build/icyphy/ptII/ptolemy/actor/lib/test/auto/ModifyDate.xml
7 ms. Memory: 414720K Free: 255283K (62%)
----------------- Invoking toplevel() on ptolemy.moml.MoMLSimpleApplication@1e972401
----------------- Done invoking toplevel() on ptolemy.moml.MoMLSimpleApplication@1e972401
reloadAllAccessors: .ModifyDate

===========================================================================================
----------------- testing Tue Aug 06 05:24:08 UTC 2019 /home/travis/build/icyphy/ptII/ptolemy/actor/lib/test/auto/ModifyDate2.xml
----------------- Instantiating /home/travis/build/icyphy/ptII/ptolemy/actor/lib/test/auto/ModifyDate2.xml
6 ms. Memory: 414720K Free: 246581K (59%)
----------------- Invoking toplevel() on ptolemy.moml.MoMLSimpleApplication@366db64a
----------------- Done invoking toplevel() on ptolemy.moml.MoMLSimpleApplication@366db64a
reloadAllAccessors: .ModifyDate2

===========================================================================================
----------------- testing Tue Aug 06 05:24:08 UTC 2019 /home/travis/build/icyphy/ptII/ptolemy/actor/lib/test/auto/MovingAverage.xml
----------------- Instantiating /home/travis/build/icyphy/ptII/ptolemy/actor/lib/test/auto/MovingAverage.xml
2 ms. Memory: 414720K Free: 241461K (58%)
----------------- Invoking toplevel() on ptolemy.moml.MoMLSimpleApplication@118328c5
----------------- Done invoking toplevel() on ptolemy.moml.MoMLSimpleApplication@118328c5
reloadAllAccessors: .MovingAverage

===========================================================================================
----------------- testing Tue Aug 06 05:24:08 UTC 2019 /home/travis/build/icyphy/ptII/ptolemy/actor/lib/test/auto/MovingMaximum.xml
----------------- Instantiating /home/travis/build/icyphy/ptII/ptolemy/actor/lib/test/auto/MovingMaximum.xml
1 ms. Memory: 414720K Free: 236851K (57%)
----------------- Invoking toplevel() on ptolemy.moml.MoMLSimpleApplication@30e26365
----------------- Done invoking toplevel() on ptolemy.moml.MoMLSimpleApplication@30e26365
reloadAllAccessors: .MovingMaximum

===========================================================================================
----------------- testing Tue Aug 06 05:24:08 UTC 2019 /home/travis/build/icyphy/ptII/ptolemy/actor/lib/test/auto/MultipleLinksToSameRelation.xml
----------------- Instantiating /home/travis/build/icyphy/ptII/ptolemy/actor/lib/test/auto/MultipleLinksToSameRelation.xml
2 ms. Memory: 414720K Free: 232755K (56%)
----------------- Invoking toplevel() on ptolemy.moml.MoMLSimpleApplication@481f0801
----------------- Done invoking toplevel() on ptolemy.moml.MoMLSimpleApplication@481f0801
reloadAllAccessors: .MultipleLinksToSameRelation

===========================================================================================
----------------- testing Tue Aug 06 05:24:08 UTC 2019 /home/travis/build/icyphy/ptII/ptolemy/actor/lib/test/auto/MultipleLinksToSameRelationDE.xml
----------------- Instantiating /home/travis/build/icyphy/ptII/ptolemy/actor/lib/test/auto/MultipleLinksToSameRelationDE.xml
2 ms. Memory: 414720K Free: 228149K (55%)
----------------- Invoking toplevel() on ptolemy.moml.MoMLSimpleApplication@72af90cf
----------------- Done invoking toplevel() on ptolemy.moml.MoMLSimpleApplication@72af90cf
reloadAllAccessors: .MultipleLinksToSameRelationDE

===========================================================================================
----------------- testing Tue Aug 06 05:24:08 UTC 2019 /home/travis/build/icyphy/ptII/ptolemy/actor/lib/test/auto/Multiplexor.xml
----------------- Instantiating /home/travis/build/icyphy/ptII/ptolemy/actor/lib/test/auto/Multiplexor.xml
1 ms. Memory: 414720K Free: 222515K (54%)
----------------- Invoking toplevel() on ptolemy.moml.MoMLSimpleApplication@2fee7bf2
----------------- Done invoking toplevel() on ptolemy.moml.MoMLSimpleApplication@2fee7bf2
reloadAllAccessors: .Multiplexor

===========================================================================================
----------------- testing Tue Aug 06 05:24:08 UTC 2019 /home/travis/build/icyphy/ptII/ptolemy/actor/lib/test/auto/Multiplexor1.xml
----------------- Instantiating /home/travis/build/icyphy/ptII/ptolemy/actor/lib/test/auto/Multiplexor1.xml
2 ms. Memory: 414720K Free: 216885K (52%)
----------------- Invoking toplevel() on ptolemy.moml.MoMLSimpleApplication@2a7d7a82
----------------- Done invoking toplevel() on ptolemy.moml.MoMLSimpleApplication@2a7d7a82
reloadAllAccessors: .Multiplexor1

===========================================================================================
----------------- testing Tue Aug 06 05:24:08 UTC 2019 /home/travis/build/icyphy/ptII/ptolemy/actor/lib/test/auto/Multiplexor2.xml
----------------- Instantiating /home/travis/build/icyphy/ptII/ptolemy/actor/lib/test/auto/Multiplexor2.xml
7 ms. Memory: 414720K Free: 210227K (51%)
----------------- Invoking toplevel() on ptolemy.moml.MoMLSimpleApplication@1f7f1c1d
----------------- Done invoking toplevel() on ptolemy.moml.MoMLSimpleApplication@1f7f1c1d
reloadAllAccessors: .Multiplexor2

===========================================================================================
----------------- testing Tue Aug 06 05:24:08 UTC 2019 /home/travis/build/icyphy/ptII/ptolemy/actor/lib/test/auto/Multiplexor3.xml
----------------- Instantiating /home/travis/build/icyphy/ptII/ptolemy/actor/lib/test/auto/Multiplexor3.xml
2 ms. Memory: 414720K Free: 206131K (50%)
----------------- Invoking toplevel() on ptolemy.moml.MoMLSimpleApplication@26e3dc83
----------------- Done invoking toplevel() on ptolemy.moml.MoMLSimpleApplication@26e3dc83
reloadAllAccessors: .Multiplexor3

===========================================================================================
----------------- testing Tue Aug 06 05:24:08 UTC 2019 /home/travis/build/icyphy/ptII/ptolemy/actor/lib/test/auto/MultiplexorDE.xml
----------------- Instantiating /home/travis/build/icyphy/ptII/ptolemy/actor/lib/test/auto/MultiplexorDE.xml
3 ms. Memory: 414720K Free: 198453K (48%)
----------------- Invoking toplevel() on ptolemy.moml.MoMLSimpleApplication@3f33bc12
----------------- Done invoking toplevel() on ptolemy.moml.MoMLSimpleApplication@3f33bc12
reloadAllAccessors: .MultiplexorDE

===========================================================================================
----------------- testing Tue Aug 06 05:24:08 UTC 2019 /home/travis/build/icyphy/ptII/ptolemy/actor/lib/test/auto/MultiportBroadcastTest.xml
----------------- Instantiating /home/travis/build/icyphy/ptII/ptolemy/actor/lib/test/auto/MultiportBroadcastTest.xml
98 ms. Memory: 414720K Free: 191789K (46%)
----------------- Invoking toplevel() on ptolemy.moml.MoMLSimpleApplication@1b21b3de
----------------- Done invoking toplevel() on ptolemy.moml.MoMLSimpleApplication@1b21b3de
reloadAllAccessors: .MultiportBroadcastTest

===========================================================================================
----------------- testing Tue Aug 06 05:24:08 UTC 2019 /home/travis/build/icyphy/ptII/ptolemy/actor/lib/test/auto/MultiportOutHangDuringGetWidth.xml
----------------- Instantiating /home/travis/build/icyphy/ptII/ptolemy/actor/lib/test/auto/MultiportOutHangDuringGetWidth.xml
6 ms. Memory: 414720K Free: 179493K (43%)
----------------- Invoking toplevel() on ptolemy.moml.MoMLSimpleApplication@70cbf142
----------------- Done invoking toplevel() on ptolemy.moml.MoMLSimpleApplication@70cbf142
reloadAllAccessors: .MultiportOutHangDuringGetWidth

===========================================================================================
----------------- testing Tue Aug 06 05:24:08 UTC 2019 /home/travis/build/icyphy/ptII/ptolemy/actor/lib/test/auto/NilToken.xml
----------------- Instantiating /home/travis/build/icyphy/ptII/ptolemy/actor/lib/test/auto/NilToken.xml
2 ms. Memory: 414720K Free: 175411K (42%)
----------------- Invoking toplevel() on ptolemy.moml.MoMLSimpleApplication@2eb39d4b
----------------- Done invoking toplevel() on ptolemy.moml.MoMLSimpleApplication@2eb39d4b
reloadAllAccessors: .NilToken

===========================================================================================
----------------- testing Tue Aug 06 05:24:08 UTC 2019 /home/travis/build/icyphy/ptII/ptolemy/actor/lib/test/auto/NilTokenNonStrictTest.xml
----------------- Instantiating /home/travis/build/icyphy/ptII/ptolemy/actor/lib/test/auto/NilTokenNonStrictTest.xml
3 ms. Memory: 414720K Free: 170291K (41%)
----------------- Invoking toplevel() on ptolemy.moml.MoMLSimpleApplication@26de2a76
----------------- Done invoking toplevel() on ptolemy.moml.MoMLSimpleApplication@26de2a76
reloadAllAccessors: .NilTokenNonStrictTest

===========================================================================================
----------------- testing Tue Aug 06 05:24:08 UTC 2019 /home/travis/build/icyphy/ptII/ptolemy/actor/lib/test/auto/NilTokenRecord.xml
----------------- Instantiating /home/travis/build/icyphy/ptII/ptolemy/actor/lib/test/auto/NilTokenRecord.xml
7 ms. Memory: 414720K Free: 163637K (39%)
----------------- Invoking toplevel() on ptolemy.moml.MoMLSimpleApplication@bf9b7b8
----------------- Done invoking toplevel() on ptolemy.moml.MoMLSimpleApplication@bf9b7b8
reloadAllAccessors: .NilTokenRecord

===========================================================================================
----------------- testing Tue Aug 06 05:24:08 UTC 2019 /home/travis/build/icyphy/ptII/ptolemy/actor/lib/test/auto/NilTokenTypeTest.xml
----------------- Instantiating /home/travis/build/icyphy/ptII/ptolemy/actor/lib/test/auto/NilTokenTypeTest.xml
11 ms. Memory: 414720K Free: 153907K (37%)
----------------- Invoking toplevel() on ptolemy.moml.MoMLSimpleApplication@261a394c
----------------- Done invoking toplevel() on ptolemy.moml.MoMLSimpleApplication@261a394c
reloadAllAccessors: .NilTokenTypeTest

===========================================================================================
----------------- testing Tue Aug 06 05:24:08 UTC 2019 /home/travis/build/icyphy/ptII/ptolemy/actor/lib/test/auto/ObjectToken1.xml
----------------- Instantiating /home/travis/build/icyphy/ptII/ptolemy/actor/lib/test/auto/ObjectToken1.xml
3 ms. Memory: 414720K Free: 149811K (36%)
----------------- Invoking toplevel() on ptolemy.moml.MoMLSimpleApplication@103b6021
----------------- Done invoking toplevel() on ptolemy.moml.MoMLSimpleApplication@103b6021
reloadAllAccessors: .ObjectToken1

===========================================================================================
----------------- testing Tue Aug 06 05:24:08 UTC 2019 /home/travis/build/icyphy/ptII/ptolemy/actor/lib/test/auto/OrderedMerge.xml
----------------- Instantiating /home/travis/build/icyphy/ptII/ptolemy/actor/lib/test/auto/OrderedMerge.xml
9 ms. Memory: 414720K Free: 144181K (35%)
----------------- Invoking toplevel() on ptolemy.moml.MoMLSimpleApplication@3844a4cd
----------------- Done invoking toplevel() on ptolemy.moml.MoMLSimpleApplication@3844a4cd
reloadAllAccessors: .OrderedMerge

===========================================================================================
----------------- testing Tue Aug 06 05:24:08 UTC 2019 /home/travis/build/icyphy/ptII/ptolemy/actor/lib/test/auto/OrderedRecordDisassembler.xml
----------------- Instantiating /home/travis/build/icyphy/ptII/ptolemy/actor/lib/test/auto/OrderedRecordDisassembler.xml
3 ms. Memory: 414720K Free: 139061K (34%)
----------------- Invoking toplevel() on ptolemy.moml.MoMLSimpleApplication@fe70bb3
----------------- Done invoking toplevel() on ptolemy.moml.MoMLSimpleApplication@fe70bb3
reloadAllAccessors: .OrderedRecordDisassembler

===========================================================================================
----------------- testing Tue Aug 06 05:24:08 UTC 2019 /home/travis/build/icyphy/ptII/ptolemy/actor/lib/test/auto/OrderedRecordDisassembler2.xml
----------------- Instantiating /home/travis/build/icyphy/ptII/ptolemy/actor/lib/test/auto/OrderedRecordDisassembler2.xml
4 ms. Memory: 414720K Free: 131365K (32%)
----------------- Invoking toplevel() on ptolemy.moml.MoMLSimpleApplication@69b51f3d
----------------- Done invoking toplevel() on ptolemy.moml.MoMLSimpleApplication@69b51f3d
reloadAllAccessors: .OrderedRecordDisassembler2

===========================================================================================
----------------- testing Tue Aug 06 05:24:08 UTC 2019 /home/travis/build/icyphy/ptII/ptolemy/actor/lib/test/auto/OrderedRecordUpdater.xml
----------------- Instantiating /home/travis/build/icyphy/ptII/ptolemy/actor/lib/test/auto/OrderedRecordUpdater.xml
2 ms. Memory: 414720K Free: 126259K (30%)
----------------- Invoking toplevel() on ptolemy.moml.MoMLSimpleApplication@562cfb42
----------------- Done invoking toplevel() on ptolemy.moml.MoMLSimpleApplication@562cfb42
reloadAllAccessors: .RecordUpdater

===========================================================================================
----------------- testing Tue Aug 06 05:24:08 UTC 2019 /home/travis/build/icyphy/ptII/ptolemy/actor/lib/test/auto/OrderedRecordUpdater2.xml
----------------- Instantiating /home/travis/build/icyphy/ptII/ptolemy/actor/lib/test/auto/OrderedRecordUpdater2.xml
3 ms. Memory: 414720K Free: 121139K (29%)
----------------- Invoking toplevel() on ptolemy.moml.MoMLSimpleApplication@51b97298
----------------- Done invoking toplevel() on ptolemy.moml.MoMLSimpleApplication@51b97298
reloadAllAccessors: .RecordUpdater2

===========================================================================================
----------------- testing Tue Aug 06 05:24:08 UTC 2019 /home/travis/build/icyphy/ptII/ptolemy/actor/lib/test/auto/PhaseUnwrap.xml
----------------- Instantiating /home/travis/build/icyphy/ptII/ptolemy/actor/lib/test/auto/PhaseUnwrap.xml
2 ms. Memory: 414720K Free: 362132K (87%)
----------------- Invoking toplevel() on ptolemy.moml.MoMLSimpleApplication@535be912
----------------- Done invoking toplevel() on ptolemy.moml.MoMLSimpleApplication@535be912
reloadAllAccessors: .PhaseUnwrap

===========================================================================================
----------------- testing Tue Aug 06 05:24:08 UTC 2019 /home/travis/build/icyphy/ptII/ptolemy/actor/lib/test/auto/PoissonClock.xml
----------------- Instantiating /home/travis/build/icyphy/ptII/ptolemy/actor/lib/test/auto/PoissonClock.xml
1 ms. Memory: 414720K Free: 358036K (86%)
----------------- Invoking toplevel() on ptolemy.moml.MoMLSimpleApplication@52b6cd40
----------------- Done invoking toplevel() on ptolemy.moml.MoMLSimpleApplication@52b6cd40
reloadAllAccessors: .PoissonClock

===========================================================================================
----------------- testing Tue Aug 06 05:24:08 UTC 2019 /home/travis/build/icyphy/ptII/ptolemy/actor/lib/test/auto/PoissonClock2.xml
----------------- Instantiating /home/travis/build/icyphy/ptII/ptolemy/actor/lib/test/auto/PoissonClock2.xml
1 ms. Memory: 414720K Free: 353426K (85%)
----------------- Invoking toplevel() on ptolemy.moml.MoMLSimpleApplication@453c98d2
----------------- Done invoking toplevel() on ptolemy.moml.MoMLSimpleApplication@453c98d2
reloadAllAccessors: .PoissonClock2

===========================================================================================
----------------- testing Tue Aug 06 05:24:08 UTC 2019 /home/travis/build/icyphy/ptII/ptolemy/actor/lib/test/auto/PoissonClock3.xml
----------------- Instantiating /home/travis/build/icyphy/ptII/ptolemy/actor/lib/test/auto/PoissonClock3.xml
2 ms. Memory: 414720K Free: 348820K (84%)
----------------- Invoking toplevel() on ptolemy.moml.MoMLSimpleApplication@4a556583
----------------- Done invoking toplevel() on ptolemy.moml.MoMLSimpleApplication@4a556583
reloadAllAccessors: .PoissonClock3

===========================================================================================
----------------- testing Tue Aug 06 05:24:08 UTC 2019 /home/travis/build/icyphy/ptII/ptolemy/actor/lib/test/auto/PubSubWithInitialTokens.xml
----------------- Instantiating /home/travis/build/icyphy/ptII/ptolemy/actor/lib/test/auto/PubSubWithInitialTokens.xml
2 ms. Memory: 414720K Free: 343156K (83%)
----------------- Invoking toplevel() on ptolemy.moml.MoMLSimpleApplication@6b647534
----------------- Done invoking toplevel() on ptolemy.moml.MoMLSimpleApplication@6b647534
reloadAllAccessors: .PubSubWithInitialTokens

===========================================================================================
----------------- testing Tue Aug 06 05:24:08 UTC 2019 /home/travis/build/icyphy/ptII/ptolemy/actor/lib/test/auto/PubSubWithInitialTokens2.xml
----------------- Instantiating /home/travis/build/icyphy/ptII/ptolemy/actor/lib/test/auto/PubSubWithInitialTokens2.xml
2 ms. Memory: 414720K Free: 337028K (81%)
----------------- Invoking toplevel() on ptolemy.moml.MoMLSimpleApplication@74723912
----------------- Done invoking toplevel() on ptolemy.moml.MoMLSimpleApplication@74723912
reloadAllAccessors: .PubSubWithInitialTokens2

===========================================================================================
----------------- testing Tue Aug 06 05:24:08 UTC 2019 /home/travis/build/icyphy/ptII/ptolemy/actor/lib/test/auto/PublisherClassNoParameter.xml
----------------- Instantiating /home/travis/build/icyphy/ptII/ptolemy/actor/lib/test/auto/PublisherClassNoParameter.xml
3 ms. Memory: 414720K Free: 326796K (79%)
----------------- Invoking toplevel() on ptolemy.moml.MoMLSimpleApplication@936de3
----------------- Done invoking toplevel() on ptolemy.moml.MoMLSimpleApplication@936de3
reloadAllAccessors: .PublisherClassNoParameter

===========================================================================================
----------------- testing Tue Aug 06 05:24:08 UTC 2019 /home/travis/build/icyphy/ptII/ptolemy/actor/lib/test/auto/PublisherClassParameter.xml
----------------- Instantiating /home/travis/build/icyphy/ptII/ptolemy/actor/lib/test/auto/PublisherClassParameter.xml
2 ms. Memory: 414720K Free: 316548K (76%)
----------------- Invoking toplevel() on ptolemy.moml.MoMLSimpleApplication@5226b699
----------------- Done invoking toplevel() on ptolemy.moml.MoMLSimpleApplication@5226b699
reloadAllAccessors: .PublisherClassParameter

===========================================================================================
----------------- testing Tue Aug 06 05:24:08 UTC 2019 /home/travis/build/icyphy/ptII/ptolemy/actor/lib/test/auto/PublisherNonStrictTest.xml
----------------- Instantiating /home/travis/build/icyphy/ptII/ptolemy/actor/lib/test/auto/PublisherNonStrictTest.xml
3 ms. Memory: 414720K Free: 308364K (74%)
----------------- Invoking toplevel() on ptolemy.moml.MoMLSimpleApplication@7ee2211f
----------------- Done invoking toplevel() on ptolemy.moml.MoMLSimpleApplication@7ee2211f
reloadAllAccessors: .PublisherNonStrictTest

===========================================================================================
----------------- testing Tue Aug 06 05:24:08 UTC 2019 /home/travis/build/icyphy/ptII/ptolemy/actor/lib/test/auto/PublisherPort1.xml
----------------- Instantiating /home/travis/build/icyphy/ptII/ptolemy/actor/lib/test/auto/PublisherPort1.xml
3 ms. Memory: 414720K Free: 302740K (73%)
----------------- Invoking toplevel() on ptolemy.moml.MoMLSimpleApplication@3ab36c33
----------------- Done invoking toplevel() on ptolemy.moml.MoMLSimpleApplication@3ab36c33
reloadAllAccessors: .PublisherPort1

===========================================================================================
----------------- testing Tue Aug 06 05:24:08 UTC 2019 /home/travis/build/icyphy/ptII/ptolemy/actor/lib/test/auto/PublisherPort2.xml
----------------- Instantiating /home/travis/build/icyphy/ptII/ptolemy/actor/lib/test/auto/PublisherPort2.xml
2 ms. Memory: 414720K Free: 297620K (72%)
----------------- Invoking toplevel() on ptolemy.moml.MoMLSimpleApplication@685b834c
----------------- Done invoking toplevel() on ptolemy.moml.MoMLSimpleApplication@685b834c
reloadAllAccessors: .PublisherPort2

===========================================================================================
----------------- testing Tue Aug 06 05:24:08 UTC 2019 /home/travis/build/icyphy/ptII/ptolemy/actor/lib/test/auto/PublisherPort3.xml
----------------- Instantiating /home/travis/build/icyphy/ptII/ptolemy/actor/lib/test/auto/PublisherPort3.xml
13 ms. Memory: 414720K Free: 290932K (70%)
----------------- Invoking toplevel() on ptolemy.moml.MoMLSimpleApplication@2204a321
----------------- Done invoking toplevel() on ptolemy.moml.MoMLSimpleApplication@2204a321
reloadAllAccessors: .PublisherPort3

===========================================================================================
----------------- testing Tue Aug 06 05:24:08 UTC 2019 /home/travis/build/icyphy/ptII/ptolemy/actor/lib/test/auto/PublisherPort4.xml
----------------- Instantiating /home/travis/build/icyphy/ptII/ptolemy/actor/lib/test/auto/PublisherPort4.xml
2 ms. Memory: 414720K Free: 284812K (69%)
----------------- Invoking toplevel() on ptolemy.moml.MoMLSimpleApplication@7eff0cd5
----------------- Done invoking toplevel() on ptolemy.moml.MoMLSimpleApplication@7eff0cd5
reloadAllAccessors: .PublisherPort4

===========================================================================================
----------------- testing Tue Aug 06 05:24:09 UTC 2019 /home/travis/build/icyphy/ptII/ptolemy/actor/lib/test/auto/PublisherPort5.xml
----------------- Instantiating /home/travis/build/icyphy/ptII/ptolemy/actor/lib/test/auto/PublisherPort5.xml
4 ms. Memory: 414720K Free: 277140K (67%)
----------------- Invoking toplevel() on ptolemy.moml.MoMLSimpleApplication@12a77a80
----------------- Done invoking toplevel() on ptolemy.moml.MoMLSimpleApplication@12a77a80
reloadAllAccessors: .PublisherPort5

===========================================================================================
----------------- testing Tue Aug 06 05:24:09 UTC 2019 /home/travis/build/icyphy/ptII/ptolemy/actor/lib/test/auto/PublisherPort5LookAlike.xml
----------------- Instantiating /home/travis/build/icyphy/ptII/ptolemy/actor/lib/test/auto/PublisherPort5LookAlike.xml
9 ms. Memory: 414720K Free: 269458K (65%)
----------------- Invoking toplevel() on ptolemy.moml.MoMLSimpleApplication@7790def4
----------------- Done invoking toplevel() on ptolemy.moml.MoMLSimpleApplication@7790def4
reloadAllAccessors: .PublisherPort5LookAlike

===========================================================================================
----------------- testing Tue Aug 06 05:24:09 UTC 2019 /home/travis/build/icyphy/ptII/ptolemy/actor/lib/test/auto/PublisherPort6.xml
----------------- Instantiating /home/travis/build/icyphy/ptII/ptolemy/actor/lib/test/auto/PublisherPort6.xml
2 ms. Memory: 414720K Free: 262804K (63%)
----------------- Invoking toplevel() on ptolemy.moml.MoMLSimpleApplication@11a195ff
----------------- Done invoking toplevel() on ptolemy.moml.MoMLSimpleApplication@11a195ff
reloadAllAccessors: .PublisherPort6

===========================================================================================
----------------- testing Tue Aug 06 05:24:09 UTC 2019 /home/travis/build/icyphy/ptII/ptolemy/actor/lib/test/auto/PublisherPort7.xml
----------------- Instantiating /home/travis/build/icyphy/ptII/ptolemy/actor/lib/test/auto/PublisherPort7.xml
4 ms. Memory: 414720K Free: 255122K (62%)
----------------- Invoking toplevel() on ptolemy.moml.MoMLSimpleApplication@7b8095c5
----------------- Done invoking toplevel() on ptolemy.moml.MoMLSimpleApplication@7b8095c5
reloadAllAccessors: .PublisherPort7

===========================================================================================
----------------- testing Tue Aug 06 05:24:09 UTC 2019 /home/travis/build/icyphy/ptII/ptolemy/actor/lib/test/auto/PublisherPort8.xml
----------------- Instantiating /home/travis/build/icyphy/ptII/ptolemy/actor/lib/test/auto/PublisherPort8.xml
4 ms. Memory: 414720K Free: 246420K (59%)
----------------- Invoking toplevel() on ptolemy.moml.MoMLSimpleApplication@3f9316e8
----------------- Done invoking toplevel() on ptolemy.moml.MoMLSimpleApplication@3f9316e8
reloadAllAccessors: .PublisherPort8

===========================================================================================
----------------- testing Tue Aug 06 05:24:09 UTC 2019 /home/travis/build/icyphy/ptII/ptolemy/actor/lib/test/auto/PublisherPortSubscriberChannelVariablesAOC2.xml
----------------- Instantiating /home/travis/build/icyphy/ptII/ptolemy/actor/lib/test/auto/PublisherPortSubscriberChannelVariablesAOC2.xml
3 ms. Memory: 414720K Free: 229522K (55%)
----------------- Invoking toplevel() on ptolemy.moml.MoMLSimpleApplication@4d81067b
----------------- Done invoking toplevel() on ptolemy.moml.MoMLSimpleApplication@4d81067b
reloadAllAccessors: .PublisherPortSubscriberChannelVariablesAOC2

===========================================================================================
----------------- testing Tue Aug 06 05:24:09 UTC 2019 /home/travis/build/icyphy/ptII/ptolemy/actor/lib/test/auto/PublisherPortSubscriberOpaqueWidthInference.xml
----------------- Instantiating /home/travis/build/icyphy/ptII/ptolemy/actor/lib/test/auto/PublisherPortSubscriberOpaqueWidthInference.xml
4 ms. Memory: 414720K Free: 221316K (53%)
----------------- Invoking toplevel() on ptolemy.moml.MoMLSimpleApplication@2688264a
----------------- Done invoking toplevel() on ptolemy.moml.MoMLSimpleApplication@2688264a
reloadAllAccessors: .PublisherPortSubscriberOpaqueWidthInference

===========================================================================================
----------------- testing Tue Aug 06 05:24:09 UTC 2019 /home/travis/build/icyphy/ptII/ptolemy/actor/lib/test/auto/PublisherPortSubscriberPortAdjacent.xml
----------------- Instantiating /home/travis/build/icyphy/ptII/ptolemy/actor/lib/test/auto/PublisherPortSubscriberPortAdjacent.xml
1 ms. Memory: 414720K Free: 213138K (51%)
----------------- Invoking toplevel() on ptolemy.moml.MoMLSimpleApplication@1f2f3130
----------------- Done invoking toplevel() on ptolemy.moml.MoMLSimpleApplication@1f2f3130
reloadAllAccessors: .PublisherPortSubscriberPortAdjacent

===========================================================================================
----------------- testing Tue Aug 06 05:24:09 UTC 2019 /home/travis/build/icyphy/ptII/ptolemy/actor/lib/test/auto/PublisherPortSubscriberPortExpression.xml
----------------- Instantiating /home/travis/build/icyphy/ptII/ptolemy/actor/lib/test/auto/PublisherPortSubscriberPortExpression.xml
5 ms. Memory: 414720K Free: 204932K (49%)
----------------- Invoking toplevel() on ptolemy.moml.MoMLSimpleApplication@2844f228
----------------- Done invoking toplevel() on ptolemy.moml.MoMLSimpleApplication@2844f228
reloadAllAccessors: .PublisherPortSubscriberPortExpression

===========================================================================================
----------------- testing Tue Aug 06 05:24:09 UTC 2019 /home/travis/build/icyphy/ptII/ptolemy/actor/lib/test/auto/PublisherPortSubscriberPortOpaqueD3Reverse.xml
----------------- Instantiating /home/travis/build/icyphy/ptII/ptolemy/actor/lib/test/auto/PublisherPortSubscriberPortOpaqueD3Reverse.xml
6 ms. Memory: 414720K Free: 194706K (47%)
----------------- Invoking toplevel() on ptolemy.moml.MoMLSimpleApplication@7743bd98
----------------- Done invoking toplevel() on ptolemy.moml.MoMLSimpleApplication@7743bd98
reloadAllAccessors: .PublisherPortSubscriberPortOpaqueD3Reverse

===========================================================================================
----------------- testing Tue Aug 06 05:24:09 UTC 2019 /home/travis/build/icyphy/ptII/ptolemy/actor/lib/test/auto/PublisherPortSubscriberPortOpaqueWidthInference.xml
----------------- Instantiating /home/travis/build/icyphy/ptII/ptolemy/actor/lib/test/auto/PublisherPortSubscriberPortOpaqueWidthInference.xml
3 ms. Memory: 414720K Free: 187028K (45%)
----------------- Invoking toplevel() on ptolemy.moml.MoMLSimpleApplication@29e9adfd
----------------- Done invoking toplevel() on ptolemy.moml.MoMLSimpleApplication@29e9adfd
reloadAllAccessors: .PublisherPortSubscriberPortOpaqueWidthInference

===========================================================================================
----------------- testing Tue Aug 06 05:24:09 UTC 2019 /home/travis/build/icyphy/ptII/ptolemy/actor/lib/test/auto/PublisherPortToplevelSubscriberPortAOC.xml
----------------- Instantiating /home/travis/build/icyphy/ptII/ptolemy/actor/lib/test/auto/PublisherPortToplevelSubscriberPortAOC.xml
.PublisherPortToplevelSubscriberPortAOC.TestExceptionAttribute: initialize() was not invoked, but wrapup() was.  This is unusual, but not always a problem.  For example, exporting JNLP will do this.
1 ms. Memory: 414720K Free: 181394K (44%)
----------------- Invoking toplevel() on ptolemy.moml.MoMLSimpleApplication@44d4669a
----------------- Done invoking toplevel() on ptolemy.moml.MoMLSimpleApplication@44d4669a
reloadAllAccessors: .PublisherPortToplevelSubscriberPortAOC

===========================================================================================
----------------- testing Tue Aug 06 05:24:09 UTC 2019 /home/travis/build/icyphy/ptII/ptolemy/actor/lib/test/auto/PublisherSubscriber.xml
----------------- Instantiating /home/travis/build/icyphy/ptII/ptolemy/actor/lib/test/auto/PublisherSubscriber.xml
3 ms. Memory: 414720K Free: 173716K (42%)
----------------- Invoking toplevel() on ptolemy.moml.MoMLSimpleApplication@270355cb
----------------- Done invoking toplevel() on ptolemy.moml.MoMLSimpleApplication@270355cb
reloadAllAccessors: .PublisherSubscriber

===========================================================================================
----------------- testing Tue Aug 06 05:24:09 UTC 2019 /home/travis/build/icyphy/ptII/ptolemy/actor/lib/test/auto/PublisherSubscriber10.xml
----------------- Instantiating /home/travis/build/icyphy/ptII/ptolemy/actor/lib/test/auto/PublisherSubscriber10.xml
7 ms. Memory: 414720K Free: 163986K (40%)
----------------- Invoking toplevel() on ptolemy.moml.MoMLSimpleApplication@635f05d4
----------------- Done invoking toplevel() on ptolemy.moml.MoMLSimpleApplication@635f05d4
reloadAllAccessors: .PublisherSubscriber10

===========================================================================================
----------------- testing Tue Aug 06 05:24:09 UTC 2019 /home/travis/build/icyphy/ptII/ptolemy/actor/lib/test/auto/PublisherSubscriber10InitialOutputs.xml
----------------- Instantiating /home/travis/build/icyphy/ptII/ptolemy/actor/lib/test/auto/PublisherSubscriber10InitialOutputs.xml
12 ms. Memory: 414720K Free: 154770K (37%)
----------------- Invoking toplevel() on ptolemy.moml.MoMLSimpleApplication@21a42985
----------------- Done invoking toplevel() on ptolemy.moml.MoMLSimpleApplication@21a42985
reloadAllAccessors: .PublisherSubscriber10InitialOutputs

===========================================================================================
----------------- testing Tue Aug 06 05:24:09 UTC 2019 /home/travis/build/icyphy/ptII/ptolemy/actor/lib/test/auto/PublisherSubscriber11.xml
----------------- Instantiating /home/travis/build/icyphy/ptII/ptolemy/actor/lib/test/auto/PublisherSubscriber11.xml
3 ms. Memory: 414720K Free: 148596K (36%)
----------------- Invoking toplevel() on ptolemy.moml.MoMLSimpleApplication@219bf56c
----------------- Done invoking toplevel() on ptolemy.moml.MoMLSimpleApplication@219bf56c
reloadAllAccessors: .PublisherSubscriber11

===========================================================================================
----------------- testing Tue Aug 06 05:24:09 UTC 2019 /home/travis/build/icyphy/ptII/ptolemy/actor/lib/test/auto/PublisherSubscriber12.xml
----------------- Instantiating /home/travis/build/icyphy/ptII/ptolemy/actor/lib/test/auto/PublisherSubscriber12.xml
3 ms. Memory: 414720K Free: 140948K (34%)
----------------- Invoking toplevel() on ptolemy.moml.MoMLSimpleApplication@42e5f381
----------------- Done invoking toplevel() on ptolemy.moml.MoMLSimpleApplication@42e5f381
reloadAllAccessors: .PublisherSubscriber12

===========================================================================================
----------------- testing Tue Aug 06 05:24:09 UTC 2019 /home/travis/build/icyphy/ptII/ptolemy/actor/lib/test/auto/PublisherSubscriber13.xml
----------------- Instantiating /home/travis/build/icyphy/ptII/ptolemy/actor/lib/test/auto/PublisherSubscriber13.xml
4 ms. Memory: 414720K Free: 135300K (33%)
----------------- Invoking toplevel() on ptolemy.moml.MoMLSimpleApplication@11911b7f
----------------- Done invoking toplevel() on ptolemy.moml.MoMLSimpleApplication@11911b7f
reloadAllAccessors: .PublisherSubscriber13

===========================================================================================
----------------- testing Tue Aug 06 05:24:09 UTC 2019 /home/travis/build/icyphy/ptII/ptolemy/actor/lib/test/auto/PublisherSubscriber14.xml
----------------- Instantiating /home/travis/build/icyphy/ptII/ptolemy/actor/lib/test/auto/PublisherSubscriber14.xml
2 ms. Memory: 414720K Free: 126612K (31%)
----------------- Invoking toplevel() on ptolemy.moml.MoMLSimpleApplication@544b0faf
----------------- Done invoking toplevel() on ptolemy.moml.MoMLSimpleApplication@544b0faf
reloadAllAccessors: .PublisherSubscriber14

===========================================================================================
----------------- testing Tue Aug 06 05:24:09 UTC 2019 /home/travis/build/icyphy/ptII/ptolemy/actor/lib/test/auto/PublisherSubscriber2.xml
----------------- Instantiating /home/travis/build/icyphy/ptII/ptolemy/actor/lib/test/auto/PublisherSubscriber2.xml
3 ms. Memory: 414720K Free: 120948K (29%)
----------------- Invoking toplevel() on ptolemy.moml.MoMLSimpleApplication@48d3b5e2
----------------- Done invoking toplevel() on ptolemy.moml.MoMLSimpleApplication@48d3b5e2
reloadAllAccessors: .PublisherSubscriber2

===========================================================================================
----------------- testing Tue Aug 06 05:24:09 UTC 2019 /home/travis/build/icyphy/ptII/ptolemy/actor/lib/test/auto/PublisherSubscriber3.xml
----------------- Instantiating /home/travis/build/icyphy/ptII/ptolemy/actor/lib/test/auto/PublisherSubscriber3.xml
2 ms. Memory: 414720K Free: 361011K (87%)
----------------- Invoking toplevel() on ptolemy.moml.MoMLSimpleApplication@388232a3
----------------- Done invoking toplevel() on ptolemy.moml.MoMLSimpleApplication@388232a3
reloadAllAccessors: .PublisherSubscriber3

===========================================================================================
----------------- testing Tue Aug 06 05:24:09 UTC 2019 /home/travis/build/icyphy/ptII/ptolemy/actor/lib/test/auto/PublisherSubscriber4.xml
----------------- Instantiating /home/travis/build/icyphy/ptII/ptolemy/actor/lib/test/auto/PublisherSubscriber4.xml
2 ms. Memory: 414720K Free: 355891K (86%)
----------------- Invoking toplevel() on ptolemy.moml.MoMLSimpleApplication@3a33de19
----------------- Done invoking toplevel() on ptolemy.moml.MoMLSimpleApplication@3a33de19
reloadAllAccessors: .PublisherSubscriber4

===========================================================================================
----------------- testing Tue Aug 06 05:24:09 UTC 2019 /home/travis/build/icyphy/ptII/ptolemy/actor/lib/test/auto/PublisherSubscriber5.xml
----------------- Instantiating /home/travis/build/icyphy/ptII/ptolemy/actor/lib/test/auto/PublisherSubscriber5.xml
2 ms. Memory: 414720K Free: 348723K (84%)
----------------- Invoking toplevel() on ptolemy.moml.MoMLSimpleApplication@28a68cf4
----------------- Done invoking toplevel() on ptolemy.moml.MoMLSimpleApplication@28a68cf4
reloadAllAccessors: .PublisherSubscriber5

===========================================================================================
----------------- testing Tue Aug 06 05:24:09 UTC 2019 /home/travis/build/icyphy/ptII/ptolemy/actor/lib/test/auto/PublisherSubscriber6.xml
----------------- Instantiating /home/travis/build/icyphy/ptII/ptolemy/actor/lib/test/auto/PublisherSubscriber6.xml
4 ms. Memory: 414720K Free: 342051K (82%)
----------------- Invoking toplevel() on ptolemy.moml.MoMLSimpleApplication@55bf2b6
----------------- Done invoking toplevel() on ptolemy.moml.MoMLSimpleApplication@55bf2b6
reloadAllAccessors: .PublisherSubscriber6

===========================================================================================
----------------- testing Tue Aug 06 05:24:09 UTC 2019 /home/travis/build/icyphy/ptII/ptolemy/actor/lib/test/auto/PublisherSubscriber7.xml
----------------- Instantiating /home/travis/build/icyphy/ptII/ptolemy/actor/lib/test/auto/PublisherSubscriber7.xml
7 ms. Memory: 414720K Free: 335411K (81%)
----------------- Invoking toplevel() on ptolemy.moml.MoMLSimpleApplication@58e761e4
----------------- Done invoking toplevel() on ptolemy.moml.MoMLSimpleApplication@58e761e4
reloadAllAccessors: .PublisherSubscriber7

===========================================================================================
----------------- testing Tue Aug 06 05:24:09 UTC 2019 /home/travis/build/icyphy/ptII/ptolemy/actor/lib/test/auto/PublisherSubscriber8.xml
----------------- Instantiating /home/travis/build/icyphy/ptII/ptolemy/actor/lib/test/auto/PublisherSubscriber8.xml
22 ms. Memory: 414720K Free: 323633K (78%)
----------------- Invoking toplevel() on ptolemy.moml.MoMLSimpleApplication@617c8f3f
----------------- Done invoking toplevel() on ptolemy.moml.MoMLSimpleApplication@617c8f3f
reloadAllAccessors: .PublisherSubscriber8

===========================================================================================
----------------- testing Tue Aug 06 05:24:09 UTC 2019 /home/travis/build/icyphy/ptII/ptolemy/actor/lib/test/auto/PublisherSubscriber9.xml
----------------- Instantiating /home/travis/build/icyphy/ptII/ptolemy/actor/lib/test/auto/PublisherSubscriber9.xml
3 ms. Memory: 414720K Free: 316451K (76%)
----------------- Invoking toplevel() on ptolemy.moml.MoMLSimpleApplication@278b7bb5
----------------- Done invoking toplevel() on ptolemy.moml.MoMLSimpleApplication@278b7bb5
reloadAllAccessors: .PublisherSubscriber9

===========================================================================================
----------------- testing Tue Aug 06 05:24:09 UTC 2019 /home/travis/build/icyphy/ptII/ptolemy/actor/lib/test/auto/PublisherSubscriberAdjacent.xml
----------------- Instantiating /home/travis/build/icyphy/ptII/ptolemy/actor/lib/test/auto/PublisherSubscriberAdjacent.xml
1 ms. Memory: 414720K Free: 308273K (74%)
----------------- Invoking toplevel() on ptolemy.moml.MoMLSimpleApplication@56e48aea
----------------- Done invoking toplevel() on ptolemy.moml.MoMLSimpleApplication@56e48aea
reloadAllAccessors: .PublisherSubscriberAdjacent

===========================================================================================
----------------- testing Tue Aug 06 05:24:09 UTC 2019 /home/travis/build/icyphy/ptII/ptolemy/actor/lib/test/auto/PublisherSubscriberChannelVariablesAOC2.xml
----------------- Instantiating /home/travis/build/icyphy/ptII/ptolemy/actor/lib/test/auto/PublisherSubscriberChannelVariablesAOC2.xml
2 ms. Memory: 414720K Free: 293427K (71%)
----------------- Invoking toplevel() on ptolemy.moml.MoMLSimpleApplication@5d926b57
----------------- Done invoking toplevel() on ptolemy.moml.MoMLSimpleApplication@5d926b57
reloadAllAccessors: .PublisherSubscriberChannelVariablesAOC2

===========================================================================================
----------------- testing Tue Aug 06 05:24:09 UTC 2019 /home/travis/build/icyphy/ptII/ptolemy/actor/lib/test/auto/PublisherSubscriberD3.xml
----------------- Instantiating /home/travis/build/icyphy/ptII/ptolemy/actor/lib/test/auto/PublisherSubscriberD3.xml
2 ms. Memory: 414720K Free: 286259K (69%)
----------------- Invoking toplevel() on ptolemy.moml.MoMLSimpleApplication@1862aa7e
----------------- Done invoking toplevel() on ptolemy.moml.MoMLSimpleApplication@1862aa7e
reloadAllAccessors: .PublisherSubscriberD3

===========================================================================================
----------------- testing Tue Aug 06 05:24:09 UTC 2019 /home/travis/build/icyphy/ptII/ptolemy/actor/lib/test/auto/PublisherSubscriberD3Reverse.xml
----------------- Instantiating /home/travis/build/icyphy/ptII/ptolemy/actor/lib/test/auto/PublisherSubscriberD3Reverse.xml
1 ms. Memory: 414720K Free: 280115K (68%)
----------------- Invoking toplevel() on ptolemy.moml.MoMLSimpleApplication@1997f563
----------------- Done invoking toplevel() on ptolemy.moml.MoMLSimpleApplication@1997f563
reloadAllAccessors: .PublisherSubscriberD3Reverse

===========================================================================================
----------------- testing Tue Aug 06 05:24:09 UTC 2019 /home/travis/build/icyphy/ptII/ptolemy/actor/lib/test/auto/PublisherSubscriberExpression.xml
----------------- Instantiating /home/travis/build/icyphy/ptII/ptolemy/actor/lib/test/auto/PublisherSubscriberExpression.xml
4 ms. Memory: 414720K Free: 271923K (66%)
----------------- Invoking toplevel() on ptolemy.moml.MoMLSimpleApplication@172ce9d9
----------------- Done invoking toplevel() on ptolemy.moml.MoMLSimpleApplication@172ce9d9
reloadAllAccessors: .PublisherSubscriberExpression

===========================================================================================
----------------- testing Tue Aug 06 05:24:09 UTC 2019 /home/travis/build/icyphy/ptII/ptolemy/actor/lib/test/auto/PublisherSubscriberOpaque.xml
----------------- Instantiating /home/travis/build/icyphy/ptII/ptolemy/actor/lib/test/auto/PublisherSubscriberOpaque.xml
4 ms. Memory: 414720K Free: 263731K (64%)
----------------- Invoking toplevel() on ptolemy.moml.MoMLSimpleApplication@229a498c
----------------- Done invoking toplevel() on ptolemy.moml.MoMLSimpleApplication@229a498c
reloadAllAccessors: .PublisherSubscriberOpaque

===========================================================================================
----------------- testing Tue Aug 06 05:24:09 UTC 2019 /home/travis/build/icyphy/ptII/ptolemy/actor/lib/test/auto/PublisherSubscriberOpaqueD3.xml
----------------- Instantiating /home/travis/build/icyphy/ptII/ptolemy/actor/lib/test/auto/PublisherSubscriberOpaqueD3.xml
5 ms. Memory: 414720K Free: 251953K (61%)
----------------- Invoking toplevel() on ptolemy.moml.MoMLSimpleApplication@4a902319
----------------- Done invoking toplevel() on ptolemy.moml.MoMLSimpleApplication@4a902319
reloadAllAccessors: .PublisherSubscriberOpaqueD3

===========================================================================================
----------------- testing Tue Aug 06 05:24:09 UTC 2019 /home/travis/build/icyphy/ptII/ptolemy/actor/lib/test/auto/PublisherSubscriberOpaqueD3Reverse.xml
----------------- Instantiating /home/travis/build/icyphy/ptII/ptolemy/actor/lib/test/auto/PublisherSubscriberOpaqueD3Reverse.xml
8 ms. Memory: 414720K Free: 240689K (58%)
----------------- Invoking toplevel() on ptolemy.moml.MoMLSimpleApplication@3670178c
----------------- Done invoking toplevel() on ptolemy.moml.MoMLSimpleApplication@3670178c
reloadAllAccessors: .PublisherSubscriberOpaqueD3Reverse

===========================================================================================
----------------- testing Tue Aug 06 05:24:09 UTC 2019 /home/travis/build/icyphy/ptII/ptolemy/actor/lib/test/auto/PublisherSubscriberOpaqueWidthInference.xml
----------------- Instantiating /home/travis/build/icyphy/ptII/ptolemy/actor/lib/test/auto/PublisherSubscriberOpaqueWidthInference.xml
5 ms. Memory: 414720K Free: 232483K (56%)
----------------- Invoking toplevel() on ptolemy.moml.MoMLSimpleApplication@5c5ff0a2
----------------- Done invoking toplevel() on ptolemy.moml.MoMLSimpleApplication@5c5ff0a2
reloadAllAccessors: .PublisherSubscriberOpaqueWidthInference

===========================================================================================
----------------- testing Tue Aug 06 05:24:09 UTC 2019 /home/travis/build/icyphy/ptII/ptolemy/actor/lib/test/auto/PublisherTestSubscriber.xml
----------------- Instantiating /home/travis/build/icyphy/ptII/ptolemy/actor/lib/test/auto/PublisherTestSubscriber.xml
6 ms. Memory: 414720K Free: 224819K (54%)
----------------- Invoking toplevel() on ptolemy.moml.MoMLSimpleApplication@17a39cd5
----------------- Done invoking toplevel() on ptolemy.moml.MoMLSimpleApplication@17a39cd5
reloadAllAccessors: .PublisherTestSubscriber

===========================================================================================
----------------- testing Tue Aug 06 05:24:09 UTC 2019 /home/travis/build/icyphy/ptII/ptolemy/actor/lib/test/auto/PublisherToplevelSubscriberPortAOC.xml
----------------- Instantiating /home/travis/build/icyphy/ptII/ptolemy/actor/lib/test/auto/PublisherToplevelSubscriberPortAOC.xml
2 ms. Memory: 414720K Free: 218675K (53%)
----------------- Invoking toplevel() on ptolemy.moml.MoMLSimpleApplication@4ebe5cdf
----------------- Done invoking toplevel() on ptolemy.moml.MoMLSimpleApplication@4ebe5cdf
reloadAllAccessors: .PublisherToplevelSubscriberPortAOC

===========================================================================================
----------------- testing Tue Aug 06 05:24:09 UTC 2019 /home/travis/build/icyphy/ptII/ptolemy/actor/lib/test/auto/PulseFiringLimitDE.xml
----------------- Instantiating /home/travis/build/icyphy/ptII/ptolemy/actor/lib/test/auto/PulseFiringLimitDE.xml
2 ms. Memory: 414720K Free: 212017K (51%)
----------------- Invoking toplevel() on ptolemy.moml.MoMLSimpleApplication@358d1945
----------------- Done invoking toplevel() on ptolemy.moml.MoMLSimpleApplication@358d1945
reloadAllAccessors: .PulseFiringLimitDE

===========================================================================================
----------------- testing Tue Aug 06 05:24:09 UTC 2019 /home/travis/build/icyphy/ptII/ptolemy/actor/lib/test/auto/Ramp1.xml
----------------- Instantiating /home/travis/build/icyphy/ptII/ptolemy/actor/lib/test/auto/Ramp1.xml
1 ms. Memory: 414720K Free: 206883K (50%)
----------------- Invoking toplevel() on ptolemy.moml.MoMLSimpleApplication@3b7ab363
----------------- Done invoking toplevel() on ptolemy.moml.MoMLSimpleApplication@3b7ab363
reloadAllAccessors: .Ramp1

===========================================================================================
----------------- testing Tue Aug 06 05:24:09 UTC 2019 /home/travis/build/icyphy/ptII/ptolemy/actor/lib/test/auto/RampFiringLimitDE.xml
----------------- Instantiating /home/travis/build/icyphy/ptII/ptolemy/actor/lib/test/auto/RampFiringLimitDE.xml
3 ms. Memory: 414720K Free: 200739K (48%)
----------------- Invoking toplevel() on ptolemy.moml.MoMLSimpleApplication@61ec6dfb
----------------- Done invoking toplevel() on ptolemy.moml.MoMLSimpleApplication@61ec6dfb
reloadAllAccessors: .RampFiringLimitDE

===========================================================================================
----------------- testing Tue Aug 06 05:24:09 UTC 2019 /home/travis/build/icyphy/ptII/ptolemy/actor/lib/test/auto/RampFiringLimitSDF.xml
----------------- Instantiating /home/travis/build/icyphy/ptII/ptolemy/actor/lib/test/auto/RampFiringLimitSDF.xml
2 ms. Memory: 414720K Free: 195619K (47%)
----------------- Invoking toplevel() on ptolemy.moml.MoMLSimpleApplication@6dbb68f1
----------------- Done invoking toplevel() on ptolemy.moml.MoMLSimpleApplication@6dbb68f1
reloadAllAccessors: .RampFiringLimitSDF

===========================================================================================
----------------- testing Tue Aug 06 05:24:09 UTC 2019 /home/travis/build/icyphy/ptII/ptolemy/actor/lib/test/auto/RandomInteger.xml
----------------- Instantiating /home/travis/build/icyphy/ptII/ptolemy/actor/lib/test/auto/RandomInteger.xml
2 ms. Memory: 414720K Free: 191537K (46%)
----------------- Invoking toplevel() on ptolemy.moml.MoMLSimpleApplication@374a9613
----------------- Done invoking toplevel() on ptolemy.moml.MoMLSimpleApplication@374a9613
reloadAllAccessors: .RandomInteger

===========================================================================================
----------------- testing Tue Aug 06 05:24:09 UTC 2019 /home/travis/build/icyphy/ptII/ptolemy/actor/lib/test/auto/ReadFile1.xml
----------------- Instantiating /home/travis/build/icyphy/ptII/ptolemy/actor/lib/test/auto/ReadFile1.xml
2 ms. Memory: 414720K Free: 186417K (45%)
----------------- Invoking toplevel() on ptolemy.moml.MoMLSimpleApplication@57f1158b
----------------- Done invoking toplevel() on ptolemy.moml.MoMLSimpleApplication@57f1158b
reloadAllAccessors: .ReadFile1

===========================================================================================
----------------- testing Tue Aug 06 05:24:09 UTC 2019 /home/travis/build/icyphy/ptII/ptolemy/actor/lib/test/auto/ReadFile2.xml
----------------- Instantiating /home/travis/build/icyphy/ptII/ptolemy/actor/lib/test/auto/ReadFile2.xml
1 ms. Memory: 414720K Free: 182321K (44%)
----------------- Invoking toplevel() on ptolemy.moml.MoMLSimpleApplication@2d7be770
----------------- Done invoking toplevel() on ptolemy.moml.MoMLSimpleApplication@2d7be770
reloadAllAccessors: .ReadFile2

===========================================================================================
----------------- testing Tue Aug 06 05:24:09 UTC 2019 /home/travis/build/icyphy/ptII/ptolemy/actor/lib/test/auto/Reader.xml
----------------- Instantiating /home/travis/build/icyphy/ptII/ptolemy/actor/lib/test/auto/Reader.xml
actor.lib.Reader is obsolete, use actor.lib.io.ExpressionReader instead
1 ms. Memory: 414720K Free: 178225K (43%)
----------------- Invoking toplevel() on ptolemy.moml.MoMLSimpleApplication@37ff56a6
----------------- Done invoking toplevel() on ptolemy.moml.MoMLSimpleApplication@37ff56a6
reloadAllAccessors: .Reader

===========================================================================================
----------------- testing Tue Aug 06 05:24:10 UTC 2019 /home/travis/build/icyphy/ptII/ptolemy/actor/lib/test/auto/RecordAssemblerDisplayNameTest.xml
----------------- Instantiating /home/travis/build/icyphy/ptII/ptolemy/actor/lib/test/auto/RecordAssemblerDisplayNameTest.xml
3325 ms. Memory: 414720K Free: 192249K (46%)
----------------- Invoking toplevel() on ptolemy.moml.MoMLSimpleApplication@2cb8a18a
----------------- Done invoking toplevel() on ptolemy.moml.MoMLSimpleApplication@2cb8a18a
reloadAllAccessors: .RecordAssemblerDisplayNameTest

===========================================================================================
----------------- testing Tue Aug 06 05:24:13 UTC 2019 /home/travis/build/icyphy/ptII/ptolemy/actor/lib/test/auto/RecordAssemblerTypeError.xml
----------------- Instantiating /home/travis/build/icyphy/ptII/ptolemy/actor/lib/test/auto/RecordAssemblerTypeError.xml
5 ms. Memory: 414720K Free: 182523K (44%)
----------------- Invoking toplevel() on ptolemy.moml.MoMLSimpleApplication@61a35dcc
----------------- Done invoking toplevel() on ptolemy.moml.MoMLSimpleApplication@61a35dcc
reloadAllAccessors: .RecordAssemblerTypeError

===========================================================================================
----------------- testing Tue Aug 06 05:24:13 UTC 2019 /home/travis/build/icyphy/ptII/ptolemy/actor/lib/test/auto/RecordDisassember.xml
----------------- Instantiating /home/travis/build/icyphy/ptII/ptolemy/actor/lib/test/auto/RecordDisassember.xml
3 ms. Memory: 414720K Free: 177883K (43%)
----------------- Invoking toplevel() on ptolemy.moml.MoMLSimpleApplication@75d47070
----------------- Done invoking toplevel() on ptolemy.moml.MoMLSimpleApplication@75d47070
reloadAllAccessors: .RecordDisassember

===========================================================================================
----------------- testing Tue Aug 06 05:24:13 UTC 2019 /home/travis/build/icyphy/ptII/ptolemy/actor/lib/test/auto/RecordDisassemberDisplayNameTest.xml
----------------- Instantiating /home/travis/build/icyphy/ptII/ptolemy/actor/lib/test/auto/RecordDisassemberDisplayNameTest.xml
6 ms. Memory: 414720K Free: 169211K (41%)
----------------- Invoking toplevel() on ptolemy.moml.MoMLSimpleApplication@43216759
----------------- Done invoking toplevel() on ptolemy.moml.MoMLSimpleApplication@43216759
reloadAllAccessors: .RecordDisassemberDisplayNameTest

===========================================================================================
----------------- testing Tue Aug 06 05:24:13 UTC 2019 /home/travis/build/icyphy/ptII/ptolemy/actor/lib/test/auto/RecordDisassembler.xml
----------------- Instantiating /home/travis/build/icyphy/ptII/ptolemy/actor/lib/test/auto/RecordDisassembler.xml
3 ms. Memory: 414720K Free: 164091K (40%)
----------------- Invoking toplevel() on ptolemy.moml.MoMLSimpleApplication@10ccca68
----------------- Done invoking toplevel() on ptolemy.moml.MoMLSimpleApplication@10ccca68
reloadAllAccessors: .RecordDisassembler

===========================================================================================
----------------- testing Tue Aug 06 05:24:13 UTC 2019 /home/travis/build/icyphy/ptII/ptolemy/actor/lib/test/auto/RecordDisassembler2.xml
----------------- Instantiating /home/travis/build/icyphy/ptII/ptolemy/actor/lib/test/auto/RecordDisassembler2.xml
3 ms. Memory: 414720K Free: 158971K (38%)
----------------- Invoking toplevel() on ptolemy.moml.MoMLSimpleApplication@357ff848
----------------- Done invoking toplevel() on ptolemy.moml.MoMLSimpleApplication@357ff848
reloadAllAccessors: .RecordDisassembler2

===========================================================================================
----------------- testing Tue Aug 06 05:24:13 UTC 2019 /home/travis/build/icyphy/ptII/ptolemy/actor/lib/test/auto/RecordUpdater.xml
----------------- Instantiating /home/travis/build/icyphy/ptII/ptolemy/actor/lib/test/auto/RecordUpdater.xml
2 ms. Memory: 414720K Free: 154361K (37%)
----------------- Invoking toplevel() on ptolemy.moml.MoMLSimpleApplication@6031e36
----------------- Done invoking toplevel() on ptolemy.moml.MoMLSimpleApplication@6031e36
reloadAllAccessors: .RecordUpdater

===========================================================================================
----------------- testing Tue Aug 06 05:24:13 UTC 2019 /home/travis/build/icyphy/ptII/ptolemy/actor/lib/test/auto/RecordUpdater2.xml
----------------- Instantiating /home/travis/build/icyphy/ptII/ptolemy/actor/lib/test/auto/RecordUpdater2.xml
2 ms. Memory: 414720K Free: 148731K (36%)
----------------- Invoking toplevel() on ptolemy.moml.MoMLSimpleApplication@19db8471
----------------- Done invoking toplevel() on ptolemy.moml.MoMLSimpleApplication@19db8471
reloadAllAccessors: .RecordUpdater2

===========================================================================================
----------------- testing Tue Aug 06 05:24:13 UTC 2019 /home/travis/build/icyphy/ptII/ptolemy/actor/lib/test/auto/RecursiveLattice.xml
----------------- Instantiating /home/travis/build/icyphy/ptII/ptolemy/actor/lib/test/auto/RecursiveLattice.xml
2 ms. Memory: 414720K Free: 144635K (35%)
----------------- Invoking toplevel() on ptolemy.moml.MoMLSimpleApplication@12c10d96
----------------- Done invoking toplevel() on ptolemy.moml.MoMLSimpleApplication@12c10d96
reloadAllAccessors: .RecursiveLattice

===========================================================================================
----------------- testing Tue Aug 06 05:24:13 UTC 2019 /home/travis/build/icyphy/ptII/ptolemy/actor/lib/test/auto/Router.xml
----------------- Instantiating /home/travis/build/icyphy/ptII/ptolemy/actor/lib/test/auto/Router.xml
3003 ms. Memory: 414720K Free: 133371K (32%)
----------------- Invoking toplevel() on ptolemy.moml.MoMLSimpleApplication@703be8be
----------------- Done invoking toplevel() on ptolemy.moml.MoMLSimpleApplication@703be8be
reloadAllAccessors: .Router

===========================================================================================
----------------- testing Tue Aug 06 05:24:16 UTC 2019 /home/travis/build/icyphy/ptII/ptolemy/actor/lib/test/auto/Router2.xml
----------------- Instantiating /home/travis/build/icyphy/ptII/ptolemy/actor/lib/test/auto/Router2.xml
3005 ms. Memory: 414720K Free: 122617K (30%)
----------------- Invoking toplevel() on ptolemy.moml.MoMLSimpleApplication@38c3956c
----------------- Done invoking toplevel() on ptolemy.moml.MoMLSimpleApplication@38c3956c
reloadAllAccessors: .Router2

===========================================================================================
----------------- testing Tue Aug 06 05:24:19 UTC 2019 /home/travis/build/icyphy/ptII/ptolemy/actor/lib/test/auto/RunningMaximum.xml
----------------- Instantiating /home/travis/build/icyphy/ptII/ptolemy/actor/lib/test/auto/RunningMaximum.xml
2 ms. Memory: 414720K Free: 362497K (87%)
----------------- Invoking toplevel() on ptolemy.moml.MoMLSimpleApplication@5b9154e7
----------------- Done invoking toplevel() on ptolemy.moml.MoMLSimpleApplication@5b9154e7
reloadAllAccessors: .RunningMaximum

===========================================================================================
----------------- testing Tue Aug 06 05:24:19 UTC 2019 /home/travis/build/icyphy/ptII/ptolemy/actor/lib/test/auto/RunningMinimum.xml
----------------- Instantiating /home/travis/build/icyphy/ptII/ptolemy/actor/lib/test/auto/RunningMinimum.xml
2 ms. Memory: 414720K Free: 357891K (86%)
----------------- Invoking toplevel() on ptolemy.moml.MoMLSimpleApplication@45c176d0
----------------- Done invoking toplevel() on ptolemy.moml.MoMLSimpleApplication@45c176d0
reloadAllAccessors: .RunningMinimum

===========================================================================================
----------------- testing Tue Aug 06 05:24:19 UTC 2019 /home/travis/build/icyphy/ptII/ptolemy/actor/lib/test/auto/Scale.xml
----------------- Instantiating /home/travis/build/icyphy/ptII/ptolemy/actor/lib/test/auto/Scale.xml
1 ms. Memory: 414720K Free: 353281K (85%)
----------------- Invoking toplevel() on ptolemy.moml.MoMLSimpleApplication@593b78d4
----------------- Done invoking toplevel() on ptolemy.moml.MoMLSimpleApplication@593b78d4
reloadAllAccessors: .Scale

===========================================================================================
----------------- testing Tue Aug 06 05:24:19 UTC 2019 /home/travis/build/icyphy/ptII/ptolemy/actor/lib/test/auto/Scale2.xml
----------------- Instantiating /home/travis/build/icyphy/ptII/ptolemy/actor/lib/test/auto/Scale2.xml
2 ms. Memory: 414720K Free: 348675K (84%)
----------------- Invoking toplevel() on ptolemy.moml.MoMLSimpleApplication@20b75275
----------------- Done invoking toplevel() on ptolemy.moml.MoMLSimpleApplication@20b75275
reloadAllAccessors: .Scale2

===========================================================================================
----------------- testing Tue Aug 06 05:24:19 UTC 2019 /home/travis/build/icyphy/ptII/ptolemy/actor/lib/test/auto/Scale3.xml
----------------- Instantiating /home/travis/build/icyphy/ptII/ptolemy/actor/lib/test/auto/Scale3.xml
10 ms. Memory: 414720K Free: 342017K (82%)
----------------- Invoking toplevel() on ptolemy.moml.MoMLSimpleApplication@67e66f7e
----------------- Done invoking toplevel() on ptolemy.moml.MoMLSimpleApplication@67e66f7e
reloadAllAccessors: .Scale3

===========================================================================================
----------------- testing Tue Aug 06 05:24:19 UTC 2019 /home/travis/build/icyphy/ptII/ptolemy/actor/lib/test/auto/ScaleArray.xml
----------------- Instantiating /home/travis/build/icyphy/ptII/ptolemy/actor/lib/test/auto/ScaleArray.xml
2 ms. Memory: 414720K Free: 337411K (81%)
----------------- Invoking toplevel() on ptolemy.moml.MoMLSimpleApplication@5cb9eb36
----------------- Done invoking toplevel() on ptolemy.moml.MoMLSimpleApplication@5cb9eb36
reloadAllAccessors: .ScaleArray

===========================================================================================
----------------- testing Tue Aug 06 05:24:19 UTC 2019 /home/travis/build/icyphy/ptII/ptolemy/actor/lib/test/auto/ScaleArray2.xml
----------------- Instantiating /home/travis/build/icyphy/ptII/ptolemy/actor/lib/test/auto/ScaleArray2.xml
1 ms. Memory: 414720K Free: 333315K (80%)
----------------- Invoking toplevel() on ptolemy.moml.MoMLSimpleApplication@36ea91a7
----------------- Done invoking toplevel() on ptolemy.moml.MoMLSimpleApplication@36ea91a7
reloadAllAccessors: .ScaleArray2

===========================================================================================
----------------- testing Tue Aug 06 05:24:19 UTC 2019 /home/travis/build/icyphy/ptII/ptolemy/actor/lib/test/auto/ScaleMatrix.xml
----------------- Instantiating /home/travis/build/icyphy/ptII/ptolemy/actor/lib/test/auto/ScaleMatrix.xml
179 ms. Memory: 414720K Free: 318979K (77%)
----------------- Invoking toplevel() on ptolemy.moml.MoMLSimpleApplication@799708f5
----------------- Done invoking toplevel() on ptolemy.moml.MoMLSimpleApplication@799708f5
reloadAllAccessors: .ScaleMatrix

===========================================================================================
----------------- testing Tue Aug 06 05:24:19 UTC 2019 /home/travis/build/icyphy/ptII/ptolemy/actor/lib/test/auto/Select.xml
----------------- Instantiating /home/travis/build/icyphy/ptII/ptolemy/actor/lib/test/auto/Select.xml
3 ms. Memory: 414720K Free: 312306K (75%)
----------------- Invoking toplevel() on ptolemy.moml.MoMLSimpleApplication@67d17671
----------------- Done invoking toplevel() on ptolemy.moml.MoMLSimpleApplication@67d17671
reloadAllAccessors: .Select

===========================================================================================
----------------- testing Tue Aug 06 05:24:19 UTC 2019 /home/travis/build/icyphy/ptII/ptolemy/actor/lib/test/auto/Select2.xml
----------------- Instantiating /home/travis/build/icyphy/ptII/ptolemy/actor/lib/test/auto/Select2.xml
1 ms. Memory: 414720K Free: 307715K (74%)
----------------- Invoking toplevel() on ptolemy.moml.MoMLSimpleApplication@7e30a470
----------------- Done invoking toplevel() on ptolemy.moml.MoMLSimpleApplication@7e30a470
reloadAllAccessors: .Select2

===========================================================================================
----------------- testing Tue Aug 06 05:24:19 UTC 2019 /home/travis/build/icyphy/ptII/ptolemy/actor/lib/test/auto/SequenceToArray2.xml
----------------- Instantiating /home/travis/build/icyphy/ptII/ptolemy/actor/lib/test/auto/SequenceToArray2.xml
111 ms. Memory: 414720K Free: 283139K (68%)
----------------- Invoking toplevel() on ptolemy.moml.MoMLSimpleApplication@f6ea89f
----------------- Done invoking toplevel() on ptolemy.moml.MoMLSimpleApplication@f6ea89f
reloadAllAccessors: .SequenceToArray2

===========================================================================================
----------------- testing Tue Aug 06 05:24:20 UTC 2019 /home/travis/build/icyphy/ptII/ptolemy/actor/lib/test/auto/SequentialClock.xml
----------------- Instantiating /home/travis/build/icyphy/ptII/ptolemy/actor/lib/test/auto/SequentialClock.xml
1 ms. Memory: 414720K Free: 278529K (67%)
----------------- Invoking toplevel() on ptolemy.moml.MoMLSimpleApplication@5249f7f1
----------------- Done invoking toplevel() on ptolemy.moml.MoMLSimpleApplication@5249f7f1
reloadAllAccessors: .SequentialClock

===========================================================================================
----------------- testing Tue Aug 06 05:24:20 UTC 2019 /home/travis/build/icyphy/ptII/ptolemy/actor/lib/test/auto/SetVariable.xml
----------------- Instantiating /home/travis/build/icyphy/ptII/ptolemy/actor/lib/test/auto/SetVariable.xml
2 ms. Memory: 414720K Free: 273923K (66%)
----------------- Invoking toplevel() on ptolemy.moml.MoMLSimpleApplication@34730287
----------------- Done invoking toplevel() on ptolemy.moml.MoMLSimpleApplication@34730287
reloadAllAccessors: .SetVariable

===========================================================================================
----------------- testing Tue Aug 06 05:24:20 UTC 2019 /home/travis/build/icyphy/ptII/ptolemy/actor/lib/test/auto/SetVariable2.xml
----------------- Instantiating /home/travis/build/icyphy/ptII/ptolemy/actor/lib/test/auto/SetVariable2.xml
5 ms. Memory: 414720K Free: 268803K (65%)
----------------- Invoking toplevel() on ptolemy.moml.MoMLSimpleApplication@3a1e526b
----------------- Done invoking toplevel() on ptolemy.moml.MoMLSimpleApplication@3a1e526b
reloadAllAccessors: .SetVariable2

===========================================================================================
----------------- testing Tue Aug 06 05:24:20 UTC 2019 /home/travis/build/icyphy/ptII/ptolemy/actor/lib/test/auto/SetVariable3.xml
----------------- Instantiating /home/travis/build/icyphy/ptII/ptolemy/actor/lib/test/auto/SetVariable3.xml
8 ms. Memory: 414720K Free: 263683K (64%)
----------------- Invoking toplevel() on ptolemy.moml.MoMLSimpleApplication@3aec5609
----------------- Done invoking toplevel() on ptolemy.moml.MoMLSimpleApplication@3aec5609
reloadAllAccessors: .SetVariable3

===========================================================================================
----------------- testing Tue Aug 06 05:24:20 UTC 2019 /home/travis/build/icyphy/ptII/ptolemy/actor/lib/test/auto/SetVariable4.xml
----------------- Instantiating /home/travis/build/icyphy/ptII/ptolemy/actor/lib/test/auto/SetVariable4.xml
21 ms. Memory: 414720K Free: 253441K (61%)
----------------- Invoking toplevel() on ptolemy.moml.MoMLSimpleApplication@23f41d53
----------------- Done invoking toplevel() on ptolemy.moml.MoMLSimpleApplication@23f41d53
reloadAllAccessors: .SetVariable4

===========================================================================================
----------------- testing Tue Aug 06 05:24:20 UTC 2019 /home/travis/build/icyphy/ptII/ptolemy/actor/lib/test/auto/SetVariable5.xml
----------------- Instantiating /home/travis/build/icyphy/ptII/ptolemy/actor/lib/test/auto/SetVariable5.xml
19 ms. Memory: 414720K Free: 244227K (59%)
----------------- Invoking toplevel() on ptolemy.moml.MoMLSimpleApplication@29c2f155
----------------- Done invoking toplevel() on ptolemy.moml.MoMLSimpleApplication@29c2f155
reloadAllAccessors: .SetVariable5

===========================================================================================
----------------- testing Tue Aug 06 05:24:20 UTC 2019 /home/travis/build/icyphy/ptII/ptolemy/actor/lib/test/auto/Sinewave.xml
----------------- Instantiating /home/travis/build/icyphy/ptII/ptolemy/actor/lib/test/auto/Sinewave.xml
4 ms. Memory: 414720K Free: 233473K (56%)
----------------- Invoking toplevel() on ptolemy.moml.MoMLSimpleApplication@15b2df3
----------------- Done invoking toplevel() on ptolemy.moml.MoMLSimpleApplication@15b2df3
reloadAllAccessors: .Sinewave

===========================================================================================
----------------- testing Tue Aug 06 05:24:20 UTC 2019 /home/travis/build/icyphy/ptII/ptolemy/actor/lib/test/auto/Sinewave2.xml
----------------- Instantiating /home/travis/build/icyphy/ptII/ptolemy/actor/lib/test/auto/Sinewave2.xml
7 ms. Memory: 414720K Free: 224771K (54%)
----------------- Invoking toplevel() on ptolemy.moml.MoMLSimpleApplication@2d8429c7
----------------- Done invoking toplevel() on ptolemy.moml.MoMLSimpleApplication@2d8429c7
reloadAllAccessors: .Sinewave2

===========================================================================================
----------------- testing Tue Aug 06 05:24:20 UTC 2019 /home/travis/build/icyphy/ptII/ptolemy/actor/lib/test/auto/Sinewave3.xml
----------------- Instantiating /home/travis/build/icyphy/ptII/ptolemy/actor/lib/test/auto/Sinewave3.xml
10 ms. Memory: 414720K Free: 216579K (52%)
----------------- Invoking toplevel() on ptolemy.moml.MoMLSimpleApplication@623302f0
----------------- Done invoking toplevel() on ptolemy.moml.MoMLSimpleApplication@623302f0
reloadAllAccessors: .Sinewave3

===========================================================================================
----------------- testing Tue Aug 06 05:24:20 UTC 2019 /home/travis/build/icyphy/ptII/ptolemy/actor/lib/test/auto/SingleEvent.xml
----------------- Instantiating /home/travis/build/icyphy/ptII/ptolemy/actor/lib/test/auto/SingleEvent.xml
1 ms. Memory: 414720K Free: 212483K (51%)
----------------- Invoking toplevel() on ptolemy.moml.MoMLSimpleApplication@66b21d75
----------------- Done invoking toplevel() on ptolemy.moml.MoMLSimpleApplication@66b21d75
reloadAllAccessors: .SingleEvent

===========================================================================================
----------------- testing Tue Aug 06 05:24:20 UTC 2019 /home/travis/build/icyphy/ptII/ptolemy/actor/lib/test/auto/Sleep.xml
----------------- Instantiating /home/travis/build/icyphy/ptII/ptolemy/actor/lib/test/auto/Sleep.xml
6004 ms. Memory: 414720K Free: 206818K (50%)
----------------- Invoking toplevel() on ptolemy.moml.MoMLSimpleApplication@35e0ab87
----------------- Done invoking toplevel() on ptolemy.moml.MoMLSimpleApplication@35e0ab87
reloadAllAccessors: .Sleep

===========================================================================================
----------------- testing Tue Aug 06 05:24:26 UTC 2019 /home/travis/build/icyphy/ptII/ptolemy/actor/lib/test/auto/SleepMultipleFire.xml
----------------- Instantiating /home/travis/build/icyphy/ptII/ptolemy/actor/lib/test/auto/SleepMultipleFire.xml
1007 ms. Memory: 414720K Free: 200705K (48%)
----------------- Invoking toplevel() on ptolemy.moml.MoMLSimpleApplication@5c268059
----------------- Done invoking toplevel() on ptolemy.moml.MoMLSimpleApplication@5c268059
reloadAllAccessors: .SleepMultipleFire

===========================================================================================
----------------- testing Tue Aug 06 05:24:27 UTC 2019 /home/travis/build/icyphy/ptII/ptolemy/actor/lib/test/auto/StopDE.xml
----------------- Instantiating /home/travis/build/icyphy/ptII/ptolemy/actor/lib/test/auto/StopDE.xml
5 ms. Memory: 414720K Free: 195075K (47%)
----------------- Invoking toplevel() on ptolemy.moml.MoMLSimpleApplication@11acf2e7
----------------- Done invoking toplevel() on ptolemy.moml.MoMLSimpleApplication@11acf2e7
reloadAllAccessors: .StopDE

===========================================================================================
----------------- testing Tue Aug 06 05:24:27 UTC 2019 /home/travis/build/icyphy/ptII/ptolemy/actor/lib/test/auto/StopSDF.xml
----------------- Instantiating /home/travis/build/icyphy/ptII/ptolemy/actor/lib/test/auto/StopSDF.xml
3 ms. Memory: 414720K Free: 189955K (46%)
----------------- Invoking toplevel() on ptolemy.moml.MoMLSimpleApplication@41bcdbcf
----------------- Done invoking toplevel() on ptolemy.moml.MoMLSimpleApplication@41bcdbcf
reloadAllAccessors: .StopSDF

===========================================================================================
----------------- testing Tue Aug 06 05:24:27 UTC 2019 /home/travis/build/icyphy/ptII/ptolemy/actor/lib/test/auto/StringConstant.xml
----------------- Instantiating /home/travis/build/icyphy/ptII/ptolemy/actor/lib/test/auto/StringConstant.xml
16 ms. Memory: 414720K Free: 184835K (45%)
----------------- Invoking toplevel() on ptolemy.moml.MoMLSimpleApplication@4ae2c6e9
----------------- Done invoking toplevel() on ptolemy.moml.MoMLSimpleApplication@4ae2c6e9
reloadAllAccessors: .StringConstant

===========================================================================================
----------------- testing Tue Aug 06 05:24:27 UTC 2019 /home/travis/build/icyphy/ptII/ptolemy/actor/lib/test/auto/SubscriberPortInitialValues1.xml
----------------- Instantiating /home/travis/build/icyphy/ptII/ptolemy/actor/lib/test/auto/SubscriberPortInitialValues1.xml
7 ms. Memory: 414720K Free: 176129K (42%)
----------------- Invoking toplevel() on ptolemy.moml.MoMLSimpleApplication@2c4969cc
----------------- Done invoking toplevel() on ptolemy.moml.MoMLSimpleApplication@2c4969cc
reloadAllAccessors: .SubscriberPortInitialValues1

===========================================================================================
----------------- testing Tue Aug 06 05:24:27 UTC 2019 /home/travis/build/icyphy/ptII/ptolemy/actor/lib/test/auto/SubscriberPortInitialValues13.xml
----------------- Instantiating /home/travis/build/icyphy/ptII/ptolemy/actor/lib/test/auto/SubscriberPortInitialValues13.xml
6 ms. Memory: 414720K Free: 162817K (39%)
----------------- Invoking toplevel() on ptolemy.moml.MoMLSimpleApplication@55475f16
----------------- Done invoking toplevel() on ptolemy.moml.MoMLSimpleApplication@55475f16
reloadAllAccessors: .SubscriberPortInitialValues13

===========================================================================================
----------------- testing Tue Aug 06 05:24:27 UTC 2019 /home/travis/build/icyphy/ptII/ptolemy/actor/lib/test/auto/SubscriberPortInitialValues14.xml
----------------- Instantiating /home/travis/build/icyphy/ptII/ptolemy/actor/lib/test/auto/SubscriberPortInitialValues14.xml
5 ms. Memory: 414720K Free: 154625K (37%)
----------------- Invoking toplevel() on ptolemy.moml.MoMLSimpleApplication@5d0a4612
----------------- Done invoking toplevel() on ptolemy.moml.MoMLSimpleApplication@5d0a4612
reloadAllAccessors: .SubscriberPortInitialValues14

===========================================================================================
----------------- testing Tue Aug 06 05:24:27 UTC 2019 /home/travis/build/icyphy/ptII/ptolemy/actor/lib/test/auto/SubscriberPortInitialValues2.xml
----------------- Instantiating /home/travis/build/icyphy/ptII/ptolemy/actor/lib/test/auto/SubscriberPortInitialValues2.xml
13 ms. Memory: 414720K Free: 146947K (35%)
----------------- Invoking toplevel() on ptolemy.moml.MoMLSimpleApplication@384c8c17
----------------- Done invoking toplevel() on ptolemy.moml.MoMLSimpleApplication@384c8c17
reloadAllAccessors: .SubscriberPortInitialValues2

===========================================================================================
----------------- testing Tue Aug 06 05:24:27 UTC 2019 /home/travis/build/icyphy/ptII/ptolemy/actor/lib/test/auto/SubscriberPortInitialValues3.xml
----------------- Instantiating /home/travis/build/icyphy/ptII/ptolemy/actor/lib/test/auto/SubscriberPortInitialValues3.xml
5 ms. Memory: 414720K Free: 136193K (33%)
----------------- Invoking toplevel() on ptolemy.moml.MoMLSimpleApplication@32570cd
----------------- Done invoking toplevel() on ptolemy.moml.MoMLSimpleApplication@32570cd
reloadAllAccessors: .SubscriberPortInitialValues3

===========================================================================================
----------------- testing Tue Aug 06 05:24:27 UTC 2019 /home/travis/build/icyphy/ptII/ptolemy/actor/lib/test/auto/SubscriptionAggregator.xml
----------------- Instantiating /home/travis/build/icyphy/ptII/ptolemy/actor/lib/test/auto/SubscriptionAggregator.xml
3 ms. Memory: 414720K Free: 129010K (31%)
----------------- Invoking toplevel() on ptolemy.moml.MoMLSimpleApplication@2907cf33
----------------- Done invoking toplevel() on ptolemy.moml.MoMLSimpleApplication@2907cf33
reloadAllAccessors: .SubscriptionAggregator

===========================================================================================
----------------- testing Tue Aug 06 05:24:27 UTC 2019 /home/travis/build/icyphy/ptII/ptolemy/actor/lib/test/auto/SubscriptionAggregator2.xml
----------------- Instantiating /home/travis/build/icyphy/ptII/ptolemy/actor/lib/test/auto/SubscriptionAggregator2.xml
3 ms. Memory: 414720K Free: 122371K (30%)
----------------- Invoking toplevel() on ptolemy.moml.MoMLSimpleApplication@3473caa0
----------------- Done invoking toplevel() on ptolemy.moml.MoMLSimpleApplication@3473caa0
reloadAllAccessors: .SubscriptionAggregator2

===========================================================================================
----------------- testing Tue Aug 06 05:24:27 UTC 2019 /home/travis/build/icyphy/ptII/ptolemy/actor/lib/test/auto/SubscriptionAggregator3.xml
----------------- Instantiating /home/travis/build/icyphy/ptII/ptolemy/actor/lib/test/auto/SubscriptionAggregator3.xml
3 ms. Memory: 414720K Free: 358780K (87%)
----------------- Invoking toplevel() on ptolemy.moml.MoMLSimpleApplication@531c44b9
----------------- Done invoking toplevel() on ptolemy.moml.MoMLSimpleApplication@531c44b9
reloadAllAccessors: .SubscriptionAggregator3

===========================================================================================
----------------- testing Tue Aug 06 05:24:27 UTC 2019 /home/travis/build/icyphy/ptII/ptolemy/actor/lib/test/auto/SubscriptionAggregatorMultiply.xml
----------------- Instantiating /home/travis/build/icyphy/ptII/ptolemy/actor/lib/test/auto/SubscriptionAggregatorMultiply.xml
3 ms. Memory: 414720K Free: 349558K (84%)
----------------- Invoking toplevel() on ptolemy.moml.MoMLSimpleApplication@6fb99977
----------------- Done invoking toplevel() on ptolemy.moml.MoMLSimpleApplication@6fb99977
reloadAllAccessors: .SubscriptionAggregatorMultiply

===========================================================================================
----------------- testing Tue Aug 06 05:24:27 UTC 2019 /home/travis/build/icyphy/ptII/ptolemy/actor/lib/test/auto/SubscriptionAggregatorPortMultiply1.xml
----------------- Instantiating /home/travis/build/icyphy/ptII/ptolemy/actor/lib/test/auto/SubscriptionAggregatorPortMultiply1.xml
3 ms. Memory: 414720K Free: 341886K (82%)
----------------- Invoking toplevel() on ptolemy.moml.MoMLSimpleApplication@1c28ce28
----------------- Done invoking toplevel() on ptolemy.moml.MoMLSimpleApplication@1c28ce28
reloadAllAccessors: .SubscriptionAggregatorPortMultiply1

===========================================================================================
----------------- testing Tue Aug 06 05:24:27 UTC 2019 /home/travis/build/icyphy/ptII/ptolemy/actor/lib/test/auto/Switch.xml
----------------- Instantiating /home/travis/build/icyphy/ptII/ptolemy/actor/lib/test/auto/Switch.xml
8 ms. Memory: 414720K Free: 332670K (80%)
----------------- Invoking toplevel() on ptolemy.moml.MoMLSimpleApplication@284c1b69
----------------- Done invoking toplevel() on ptolemy.moml.MoMLSimpleApplication@284c1b69
reloadAllAccessors: .Switch

===========================================================================================
----------------- testing Tue Aug 06 05:24:27 UTC 2019 /home/travis/build/icyphy/ptII/ptolemy/actor/lib/test/auto/Switch2.xml
----------------- Instantiating /home/travis/build/icyphy/ptII/ptolemy/actor/lib/test/auto/Switch2.xml
2 ms. Memory: 414720K Free: 328060K (79%)
----------------- Invoking toplevel() on ptolemy.moml.MoMLSimpleApplication@4cbfba6e
----------------- Done invoking toplevel() on ptolemy.moml.MoMLSimpleApplication@4cbfba6e
reloadAllAccessors: .Switch2

===========================================================================================
----------------- testing Tue Aug 06 05:24:27 UTC 2019 /home/travis/build/icyphy/ptII/ptolemy/actor/lib/test/auto/SwitchDE.xml
----------------- Instantiating /home/travis/build/icyphy/ptII/ptolemy/actor/lib/test/auto/SwitchDE.xml
4 ms. Memory: 414720K Free: 321902K (78%)
----------------- Invoking toplevel() on ptolemy.moml.MoMLSimpleApplication@69dbed0b
----------------- Done invoking toplevel() on ptolemy.moml.MoMLSimpleApplication@69dbed0b
reloadAllAccessors: .SwitchDE

===========================================================================================
----------------- testing Tue Aug 06 05:24:27 UTC 2019 /home/travis/build/icyphy/ptII/ptolemy/actor/lib/test/auto/SynchronizerDE.xml
----------------- Instantiating /home/travis/build/icyphy/ptII/ptolemy/actor/lib/test/auto/SynchronizerDE.xml
8 ms. Memory: 414720K Free: 313214K (76%)
----------------- Invoking toplevel() on ptolemy.moml.MoMLSimpleApplication@7e16c4ce
----------------- Done invoking toplevel() on ptolemy.moml.MoMLSimpleApplication@7e16c4ce
reloadAllAccessors: .SynchronizerDE

===========================================================================================
----------------- testing Tue Aug 06 05:24:27 UTC 2019 /home/travis/build/icyphy/ptII/ptolemy/actor/lib/test/auto/Test.xml
----------------- Instantiating /home/travis/build/icyphy/ptII/ptolemy/actor/lib/test/auto/Test.xml
2 ms. Memory: 414720K Free: 308094K (74%)
----------------- Invoking toplevel() on ptolemy.moml.MoMLSimpleApplication@2d141b7e
----------------- Done invoking toplevel() on ptolemy.moml.MoMLSimpleApplication@2d141b7e
reloadAllAccessors: .Test

===========================================================================================
----------------- testing Tue Aug 06 05:24:27 UTC 2019 /home/travis/build/icyphy/ptII/ptolemy/actor/lib/test/auto/TestExceptionAttribute1.xml
----------------- Instantiating /home/travis/build/icyphy/ptII/ptolemy/actor/lib/test/auto/TestExceptionAttribute1.xml
2 ms. Memory: 414720K Free: 304508K (73%)
----------------- Invoking toplevel() on ptolemy.moml.MoMLSimpleApplication@205b244f
----------------- Done invoking toplevel() on ptolemy.moml.MoMLSimpleApplication@205b244f
reloadAllAccessors: .TestExceptionAttribute1

===========================================================================================
----------------- testing Tue Aug 06 05:24:27 UTC 2019 /home/travis/build/icyphy/ptII/ptolemy/actor/lib/test/auto/TestExceptionAttribute2.xml
----------------- Instantiating /home/travis/build/icyphy/ptII/ptolemy/actor/lib/test/auto/TestExceptionAttribute2.xml
1 ms. Memory: 414720K Free: 300412K (72%)
----------------- Invoking toplevel() on ptolemy.moml.MoMLSimpleApplication@46696a11
----------------- Done invoking toplevel() on ptolemy.moml.MoMLSimpleApplication@46696a11
reloadAllAccessors: .TestExceptionAttribute2

===========================================================================================
----------------- testing Tue Aug 06 05:24:27 UTC 2019 /home/travis/build/icyphy/ptII/ptolemy/actor/lib/test/auto/TestExceptionAttribute3.xml
----------------- Instantiating /home/travis/build/icyphy/ptII/ptolemy/actor/lib/test/auto/TestExceptionAttribute3.xml
.TestExceptionAttribute3.TestExceptionAttribute: initialize() was not invoked, but wrapup() was.  This is unusual, but not always a problem.  For example, exporting JNLP will do this.
0 ms. Memory: 414720K Free: 296830K (72%)
----------------- Invoking toplevel() on ptolemy.moml.MoMLSimpleApplication@2185779d
----------------- Done invoking toplevel() on ptolemy.moml.MoMLSimpleApplication@2185779d
reloadAllAccessors: .TestExceptionAttribute3

===========================================================================================
----------------- testing Tue Aug 06 05:24:27 UTC 2019 /home/travis/build/icyphy/ptII/ptolemy/actor/lib/test/auto/TestExceptionAttribute4.xml
----------------- Instantiating /home/travis/build/icyphy/ptII/ptolemy/actor/lib/test/auto/TestExceptionAttribute4.xml
.TestExceptionAttribute4.TestExceptionAttribute: initialize() was not invoked, but wrapup() was.  This is unusual, but not always a problem.  For example, exporting JNLP will do this.
.TestExceptionAttribute4.TestExceptionAttribute2: initialize() was not invoked, but wrapup() was.  This is unusual, but not always a problem.  For example, exporting JNLP will do this.
0 ms. Memory: 414720K Free: 292734K (71%)
----------------- Invoking toplevel() on ptolemy.moml.MoMLSimpleApplication@56ba1025
----------------- Done invoking toplevel() on ptolemy.moml.MoMLSimpleApplication@56ba1025
reloadAllAccessors: .TestExceptionAttribute4

===========================================================================================
----------------- testing Tue Aug 06 05:24:27 UTC 2019 /home/travis/build/icyphy/ptII/ptolemy/actor/lib/test/auto/TestExceptionHandler1.xml
----------------- Instantiating /home/travis/build/icyphy/ptII/ptolemy/actor/lib/test/auto/TestExceptionHandler1.xml
1 ms. Memory: 414720K Free: 288638K (70%)
----------------- Invoking toplevel() on ptolemy.moml.MoMLSimpleApplication@22dd1f7d
----------------- Done invoking toplevel() on ptolemy.moml.MoMLSimpleApplication@22dd1f7d
reloadAllAccessors: .TestExceptionHandler1

===========================================================================================
----------------- testing Tue Aug 06 05:24:27 UTC 2019 /home/travis/build/icyphy/ptII/ptolemy/actor/lib/test/auto/TestExceptionHandler2.xml
----------------- Instantiating /home/travis/build/icyphy/ptII/ptolemy/actor/lib/test/auto/TestExceptionHandler2.xml
1 ms. Memory: 414720K Free: 284028K (68%)
----------------- Invoking toplevel() on ptolemy.moml.MoMLSimpleApplication@540fdaec
----------------- Done invoking toplevel() on ptolemy.moml.MoMLSimpleApplication@540fdaec
reloadAllAccessors: .TestExceptionHandler2

===========================================================================================
----------------- testing Tue Aug 06 05:24:27 UTC 2019 /home/travis/build/icyphy/ptII/ptolemy/actor/lib/test/auto/TestExceptionHandler3.xml
----------------- Instantiating /home/travis/build/icyphy/ptII/ptolemy/actor/lib/test/auto/TestExceptionHandler3.xml
1 ms. Memory: 414720K Free: 279932K (67%)
----------------- Invoking toplevel() on ptolemy.moml.MoMLSimpleApplication@b45190c
----------------- Done invoking toplevel() on ptolemy.moml.MoMLSimpleApplication@b45190c
reloadAllAccessors: .TestExceptionHandler3

===========================================================================================
----------------- testing Tue Aug 06 05:24:27 UTC 2019 /home/travis/build/icyphy/ptII/ptolemy/actor/lib/test/auto/TestExceptionHandler4.xml
----------------- Instantiating /home/travis/build/icyphy/ptII/ptolemy/actor/lib/test/auto/TestExceptionHandler4.xml
0 ms. Memory: 414720K Free: 275836K (67%)
----------------- Invoking toplevel() on ptolemy.moml.MoMLSimpleApplication@579650c4
----------------- Done invoking toplevel() on ptolemy.moml.MoMLSimpleApplication@579650c4
reloadAllAccessors: .TestExceptionHandler4

===========================================================================================
----------------- testing Tue Aug 06 05:24:27 UTC 2019 /home/travis/build/icyphy/ptII/ptolemy/actor/lib/test/auto/TestRequireCorrectOrder.xml
----------------- Instantiating /home/travis/build/icyphy/ptII/ptolemy/actor/lib/test/auto/TestRequireCorrectOrder.xml
11 ms. Memory: 414720K Free: 270710K (65%)
----------------- Invoking toplevel() on ptolemy.moml.MoMLSimpleApplication@794c14f3
----------------- Done invoking toplevel() on ptolemy.moml.MoMLSimpleApplication@794c14f3
reloadAllAccessors: .TestRequireCorrectOrder

===========================================================================================
----------------- testing Tue Aug 06 05:24:27 UTC 2019 /home/travis/build/icyphy/ptII/ptolemy/actor/lib/test/auto/TestSimple.xml
----------------- Instantiating /home/travis/build/icyphy/ptII/ptolemy/actor/lib/test/auto/TestSimple.xml
1 ms. Memory: 414720K Free: 265596K (64%)
----------------- Invoking toplevel() on ptolemy.moml.MoMLSimpleApplication@6735d4b0
----------------- Done invoking toplevel() on ptolemy.moml.MoMLSimpleApplication@6735d4b0
reloadAllAccessors: .TestSimple

===========================================================================================
----------------- testing Tue Aug 06 05:24:27 UTC 2019 /home/travis/build/icyphy/ptII/ptolemy/actor/lib/test/auto/ThrowModelError.xml
----------------- Instantiating /home/travis/build/icyphy/ptII/ptolemy/actor/lib/test/auto/ThrowModelError.xml
1 ms. Memory: 414720K Free: 260990K (63%)
----------------- Invoking toplevel() on ptolemy.moml.MoMLSimpleApplication@49f9194a
----------------- Done invoking toplevel() on ptolemy.moml.MoMLSimpleApplication@49f9194a
reloadAllAccessors: .ThrowModelError

===========================================================================================
----------------- testing Tue Aug 06 05:24:27 UTC 2019 /home/travis/build/icyphy/ptII/ptolemy/actor/lib/test/auto/TimeDelayMicrosteps.xml
----------------- Instantiating /home/travis/build/icyphy/ptII/ptolemy/actor/lib/test/auto/TimeDelayMicrosteps.xml
3 ms. Memory: 414720K Free: 253822K (61%)
----------------- Invoking toplevel() on ptolemy.moml.MoMLSimpleApplication@1542b821
----------------- Done invoking toplevel() on ptolemy.moml.MoMLSimpleApplication@1542b821
reloadAllAccessors: .TimeDelayMicrosteps

===========================================================================================
----------------- testing Tue Aug 06 05:24:27 UTC 2019 /home/travis/build/icyphy/ptII/ptolemy/actor/lib/test/auto/TimeDelayMicrosteps2.xml
----------------- Instantiating /home/travis/build/icyphy/ptII/ptolemy/actor/lib/test/auto/TimeDelayMicrosteps2.xml
3 ms. Memory: 414720K Free: 246654K (59%)
----------------- Invoking toplevel() on ptolemy.moml.MoMLSimpleApplication@376ad55e
----------------- Done invoking toplevel() on ptolemy.moml.MoMLSimpleApplication@376ad55e
reloadAllAccessors: .TimeDelayMicrosteps2

===========================================================================================
----------------- testing Tue Aug 06 05:24:28 UTC 2019 /home/travis/build/icyphy/ptII/ptolemy/actor/lib/test/auto/TimeDelayMicrosteps3.xml
----------------- Instantiating /home/travis/build/icyphy/ptII/ptolemy/actor/lib/test/auto/TimeDelayMicrosteps3.xml
2 ms. Memory: 414720K Free: 239990K (58%)
----------------- Invoking toplevel() on ptolemy.moml.MoMLSimpleApplication@611868c6
----------------- Done invoking toplevel() on ptolemy.moml.MoMLSimpleApplication@611868c6
reloadAllAccessors: .TimeDelayMicrosteps3

===========================================================================================
----------------- testing Tue Aug 06 05:24:28 UTC 2019 /home/travis/build/icyphy/ptII/ptolemy/actor/lib/test/auto/TimeDelayVariableMicrosteps.xml
----------------- Instantiating /home/travis/build/icyphy/ptII/ptolemy/actor/lib/test/auto/TimeDelayVariableMicrosteps.xml
2 ms. Memory: 414720K Free: 232828K (56%)
----------------- Invoking toplevel() on ptolemy.moml.MoMLSimpleApplication@205e19a1
----------------- Done invoking toplevel() on ptolemy.moml.MoMLSimpleApplication@205e19a1
reloadAllAccessors: .TimeDelayVariableMicrosteps

===========================================================================================
----------------- testing Tue Aug 06 05:24:28 UTC 2019 /home/travis/build/icyphy/ptII/ptolemy/actor/lib/test/auto/TimeGap.xml
----------------- Instantiating /home/travis/build/icyphy/ptII/ptolemy/actor/lib/test/auto/TimeGap.xml
4 ms. Memory: 414720K Free: 227694K (55%)
----------------- Invoking toplevel() on ptolemy.moml.MoMLSimpleApplication@54058e3e
----------------- Done invoking toplevel() on ptolemy.moml.MoMLSimpleApplication@54058e3e
reloadAllAccessors: .TimeGap

===========================================================================================
----------------- testing Tue Aug 06 05:24:28 UTC 2019 /home/travis/build/icyphy/ptII/ptolemy/actor/lib/test/auto/TimeGap2.xml
----------------- Instantiating /home/travis/build/icyphy/ptII/ptolemy/actor/lib/test/auto/TimeGap2.xml
9 ms. Memory: 414720K Free: 221534K (53%)
----------------- Invoking toplevel() on ptolemy.moml.MoMLSimpleApplication@2122a77a
----------------- Done invoking toplevel() on ptolemy.moml.MoMLSimpleApplication@2122a77a
reloadAllAccessors: .TimeGap2

===========================================================================================
----------------- testing Tue Aug 06 05:24:28 UTC 2019 /home/travis/build/icyphy/ptII/ptolemy/actor/lib/test/auto/TimedSinewave.xml
----------------- Instantiating /home/travis/build/icyphy/ptII/ptolemy/actor/lib/test/auto/TimedSinewave.xml
24 ms. Memory: 414720K Free: 207228K (50%)
----------------- Invoking toplevel() on ptolemy.moml.MoMLSimpleApplication@38ee079a
----------------- Done invoking toplevel() on ptolemy.moml.MoMLSimpleApplication@38ee079a
reloadAllAccessors: .TimedSinewave

===========================================================================================
----------------- testing Tue Aug 06 05:24:28 UTC 2019 /home/travis/build/icyphy/ptII/ptolemy/actor/lib/test/auto/TimedSinewavePhase.xml
----------------- Instantiating /home/travis/build/icyphy/ptII/ptolemy/actor/lib/test/auto/TimedSinewavePhase.xml
10 ms. Memory: 414720K Free: 197502K (48%)
----------------- Invoking toplevel() on ptolemy.moml.MoMLSimpleApplication@f87cc74
----------------- Done invoking toplevel() on ptolemy.moml.MoMLSimpleApplication@f87cc74
reloadAllAccessors: .TimedSinewavePhase

===========================================================================================
----------------- testing Tue Aug 06 05:24:28 UTC 2019 /home/travis/build/icyphy/ptII/ptolemy/actor/lib/test/auto/Timer.xml
----------------- Instantiating /home/travis/build/icyphy/ptII/ptolemy/actor/lib/test/auto/Timer.xml
3 ms. Memory: 414720K Free: 191358K (46%)
----------------- Invoking toplevel() on ptolemy.moml.MoMLSimpleApplication@1c9042b5
----------------- Done invoking toplevel() on ptolemy.moml.MoMLSimpleApplication@1c9042b5
reloadAllAccessors: .Timer

===========================================================================================
----------------- testing Tue Aug 06 05:24:28 UTC 2019 /home/travis/build/icyphy/ptII/ptolemy/actor/lib/test/auto/TriangularDistTestModel.xml
----------------- Instantiating /home/travis/build/icyphy/ptII/ptolemy/actor/lib/test/auto/TriangularDistTestModel.xml
2 ms. Memory: 414720K Free: 185710K (45%)
----------------- Invoking toplevel() on ptolemy.moml.MoMLSimpleApplication@675e7ccb
----------------- Done invoking toplevel() on ptolemy.moml.MoMLSimpleApplication@675e7ccb
reloadAllAccessors: .TriangularDistTestModel

===========================================================================================
----------------- testing Tue Aug 06 05:24:28 UTC 2019 /home/travis/build/icyphy/ptII/ptolemy/actor/lib/test/auto/TrigFunction.xml
----------------- Instantiating /home/travis/build/icyphy/ptII/ptolemy/actor/lib/test/auto/TrigFunction.xml
3 ms. Memory: 414720K Free: 180604K (44%)
----------------- Invoking toplevel() on ptolemy.moml.MoMLSimpleApplication@462ebf9d
----------------- Done invoking toplevel() on ptolemy.moml.MoMLSimpleApplication@462ebf9d
reloadAllAccessors: .TrigFunction

===========================================================================================
----------------- testing Tue Aug 06 05:24:28 UTC 2019 /home/travis/build/icyphy/ptII/ptolemy/actor/lib/test/auto/TrigFunctionDE.xml
----------------- Instantiating /home/travis/build/icyphy/ptII/ptolemy/actor/lib/test/auto/TrigFunctionDE.xml
3 ms. Memory: 414720K Free: 174974K (42%)
----------------- Invoking toplevel() on ptolemy.moml.MoMLSimpleApplication@74a37cf3
----------------- Done invoking toplevel() on ptolemy.moml.MoMLSimpleApplication@74a37cf3
reloadAllAccessors: .TrigFunctionDE

===========================================================================================
----------------- testing Tue Aug 06 05:24:28 UTC 2019 /home/travis/build/icyphy/ptII/ptolemy/actor/lib/test/auto/TrigFunctionInverse.xml
----------------- Instantiating /home/travis/build/icyphy/ptII/ptolemy/actor/lib/test/auto/TrigFunctionInverse.xml
2 ms. Memory: 414720K Free: 169340K (41%)
----------------- Invoking toplevel() on ptolemy.moml.MoMLSimpleApplication@10000989
----------------- Done invoking toplevel() on ptolemy.moml.MoMLSimpleApplication@10000989
reloadAllAccessors: .TrigFunctionInverse

===========================================================================================
----------------- testing Tue Aug 06 05:24:28 UTC 2019 /home/travis/build/icyphy/ptII/ptolemy/actor/lib/test/auto/TrigFunctionTan.xml
----------------- Instantiating /home/travis/build/icyphy/ptII/ptolemy/actor/lib/test/auto/TrigFunctionTan.xml
1 ms. Memory: 414720K Free: 165244K (40%)
----------------- Invoking toplevel() on ptolemy.moml.MoMLSimpleApplication@2585c4db
----------------- Done invoking toplevel() on ptolemy.moml.MoMLSimpleApplication@2585c4db
reloadAllAccessors: .TrigFunctionTan

===========================================================================================
----------------- testing Tue Aug 06 05:24:28 UTC 2019 /home/travis/build/icyphy/ptII/ptolemy/actor/lib/test/auto/TriggeredClock.xml
----------------- Instantiating /home/travis/build/icyphy/ptII/ptolemy/actor/lib/test/auto/TriggeredClock.xml
1 ms. Memory: 414720K Free: 160118K (39%)
----------------- Invoking toplevel() on ptolemy.moml.MoMLSimpleApplication@3b083062
----------------- Done invoking toplevel() on ptolemy.moml.MoMLSimpleApplication@3b083062
reloadAllAccessors: .TriggeredClock

===========================================================================================
----------------- testing Tue Aug 06 05:24:28 UTC 2019 /home/travis/build/icyphy/ptII/ptolemy/actor/lib/test/auto/URLDirectoryReader.xml
----------------- Instantiating /home/travis/build/icyphy/ptII/ptolemy/actor/lib/test/auto/URLDirectoryReader.xml
51 ms. Memory: 414720K Free: 150398K (36%)
----------------- Invoking toplevel() on ptolemy.moml.MoMLSimpleApplication@7ed5fe55
----------------- Done invoking toplevel() on ptolemy.moml.MoMLSimpleApplication@7ed5fe55
reloadAllAccessors: .URLDirectoryReader

===========================================================================================
----------------- testing Tue Aug 06 05:24:28 UTC 2019 /home/travis/build/icyphy/ptII/ptolemy/actor/lib/test/auto/URLDirectoryReader3.xml
----------------- Instantiating /home/travis/build/icyphy/ptII/ptolemy/actor/lib/test/auto/URLDirectoryReader3.xml
1145 ms. Memory: 414720K Free: 356432K (86%)
----------------- Invoking toplevel() on ptolemy.moml.MoMLSimpleApplication@7a37f433
----------------- Done invoking toplevel() on ptolemy.moml.MoMLSimpleApplication@7a37f433
reloadAllAccessors: .URLDirectoryReader3

===========================================================================================
----------------- testing Tue Aug 06 05:24:29 UTC 2019 /home/travis/build/icyphy/ptII/ptolemy/actor/lib/test/auto/UnaryMathFunction.xml
----------------- Instantiating /home/travis/build/icyphy/ptII/ptolemy/actor/lib/test/auto/UnaryMathFunction.xml
3 ms. Memory: 414720K Free: 348600K (84%)
----------------- Invoking toplevel() on ptolemy.moml.MoMLSimpleApplication@3330e1e1
----------------- Done invoking toplevel() on ptolemy.moml.MoMLSimpleApplication@3330e1e1
reloadAllAccessors: .UnaryMathFunction

===========================================================================================
----------------- testing Tue Aug 06 05:24:29 UTC 2019 /home/travis/build/icyphy/ptII/ptolemy/actor/lib/test/auto/Uniform.xml
----------------- Instantiating /home/travis/build/icyphy/ptII/ptolemy/actor/lib/test/auto/Uniform.xml
2 ms. Memory: 414720K Free: 343480K (83%)
----------------- Invoking toplevel() on ptolemy.moml.MoMLSimpleApplication@31bd31dd
----------------- Done invoking toplevel() on ptolemy.moml.MoMLSimpleApplication@31bd31dd
reloadAllAccessors: .Uniform

===========================================================================================
----------------- testing Tue Aug 06 05:24:29 UTC 2019 /home/travis/build/icyphy/ptII/ptolemy/actor/lib/test/auto/UnionDisassemblerTest.xml
----------------- Instantiating /home/travis/build/icyphy/ptII/ptolemy/actor/lib/test/auto/UnionDisassemblerTest.xml
8 ms. Memory: 414720K Free: 339880K (82%)
----------------- Invoking toplevel() on ptolemy.moml.MoMLSimpleApplication@1e0fc0f3
----------------- Done invoking toplevel() on ptolemy.moml.MoMLSimpleApplication@1e0fc0f3
reloadAllAccessors: .UnionDisassemblerTest

===========================================================================================
----------------- testing Tue Aug 06 05:24:29 UTC 2019 /home/travis/build/icyphy/ptII/ptolemy/actor/lib/test/auto/UtilityFunctions.xml
----------------- Instantiating /home/travis/build/icyphy/ptII/ptolemy/actor/lib/test/auto/UtilityFunctions.xml
1 ms. Memory: 414720K Free: 336312K (81%)
----------------- Invoking toplevel() on ptolemy.moml.MoMLSimpleApplication@417c4f4d
----------------- Done invoking toplevel() on ptolemy.moml.MoMLSimpleApplication@417c4f4d
reloadAllAccessors: .UtilityFunctions

===========================================================================================
----------------- testing Tue Aug 06 05:24:29 UTC 2019 /home/travis/build/icyphy/ptII/ptolemy/actor/lib/test/auto/VariableSleep.xml
----------------- Instantiating /home/travis/build/icyphy/ptII/ptolemy/actor/lib/test/auto/VariableSleep.xml
503 ms. Memory: 414720K Free: 330678K (80%)
----------------- Invoking toplevel() on ptolemy.moml.MoMLSimpleApplication@9d93e85
----------------- Done invoking toplevel() on ptolemy.moml.MoMLSimpleApplication@9d93e85
reloadAllAccessors: .VariableSleep

===========================================================================================
----------------- testing Tue Aug 06 05:24:30 UTC 2019 /home/travis/build/icyphy/ptII/ptolemy/actor/lib/test/auto/VectorAssemblerDisassemblerCT.xml
----------------- Instantiating /home/travis/build/icyphy/ptII/ptolemy/actor/lib/test/auto/VectorAssemblerDisassemblerCT.xml
83 ms. Memory: 414720K Free: 310712K (75%)
----------------- Invoking toplevel() on ptolemy.moml.MoMLSimpleApplication@5476a07b
----------------- Done invoking toplevel() on ptolemy.moml.MoMLSimpleApplication@5476a07b
reloadAllAccessors: .VectorAssemblerDisassemblerCT

===========================================================================================
----------------- testing Tue Aug 06 05:24:30 UTC 2019 /home/travis/build/icyphy/ptII/ptolemy/actor/lib/test/auto/VectorAssemblerDisassemblerDE.xml
----------------- Instantiating /home/travis/build/icyphy/ptII/ptolemy/actor/lib/test/auto/VectorAssemblerDisassemblerDE.xml
10 ms. Memory: 414720K Free: 303544K (73%)
----------------- Invoking toplevel() on ptolemy.moml.MoMLSimpleApplication@351dddbd
----------------- Done invoking toplevel() on ptolemy.moml.MoMLSimpleApplication@351dddbd
reloadAllAccessors: .VectorAssemblerDisassemblerDE

===========================================================================================
----------------- testing Tue Aug 06 05:24:30 UTC 2019 /home/travis/build/icyphy/ptII/ptolemy/actor/lib/test/auto/VectorAssemblerDisassemblerSDF.xml
----------------- Instantiating /home/travis/build/icyphy/ptII/ptolemy/actor/lib/test/auto/VectorAssemblerDisassemblerSDF.xml
3 ms. Memory: 414720K Free: 296376K (71%)
----------------- Invoking toplevel() on ptolemy.moml.MoMLSimpleApplication@5c159534
----------------- Done invoking toplevel() on ptolemy.moml.MoMLSimpleApplication@5c159534
reloadAllAccessors: .VectorAssemblerDisassemblerSDF

===========================================================================================
----------------- testing Tue Aug 06 05:24:30 UTC 2019 /home/travis/build/icyphy/ptII/ptolemy/actor/lib/test/auto/WallClockTime.xml
----------------- Instantiating /home/travis/build/icyphy/ptII/ptolemy/actor/lib/test/auto/WallClockTime.xml
1005 ms. Memory: 414720K Free: 291256K (70%)
----------------- Invoking toplevel() on ptolemy.moml.MoMLSimpleApplication@f059903
----------------- Done invoking toplevel() on ptolemy.moml.MoMLSimpleApplication@f059903
reloadAllAccessors: .WallClockTime

===========================================================================================
----------------- testing Tue Aug 06 05:24:31 UTC 2019 /home/travis/build/icyphy/ptII/ptolemy/actor/lib/test/auto/WidthTestWithSubscriberPublisher.xml
----------------- Instantiating /home/travis/build/icyphy/ptII/ptolemy/actor/lib/test/auto/WidthTestWithSubscriberPublisher.xml
8 ms. Memory: 414720K Free: 272824K (66%)
----------------- Invoking toplevel() on ptolemy.moml.MoMLSimpleApplication@402bbfed
----------------- Done invoking toplevel() on ptolemy.moml.MoMLSimpleApplication@402bbfed
reloadAllAccessors: .WidthTestWithSubscriberPublisher

===========================================================================================
----------------- testing Tue Aug 06 05:24:31 UTC 2019 /home/travis/build/icyphy/ptII/ptolemy/actor/lib/test/auto/WidthTestWithSubscriberPublisher2.xml
----------------- Instantiating /home/travis/build/icyphy/ptII/ptolemy/actor/lib/test/auto/WidthTestWithSubscriberPublisher2.xml
2 ms. Memory: 414720K Free: 266166K (64%)
----------------- Invoking toplevel() on ptolemy.moml.MoMLSimpleApplication@7653dfd8
----------------- Done invoking toplevel() on ptolemy.moml.MoMLSimpleApplication@7653dfd8
reloadAllAccessors: .WidthTestWithSubscriberPublisher2

===========================================================================================
----------------- testing Tue Aug 06 05:24:31 UTC 2019 /home/travis/build/icyphy/ptII/ptolemy/actor/lib/test/auto/WidthTestWithSubscriberPublisher3.xml
----------------- Instantiating /home/travis/build/icyphy/ptII/ptolemy/actor/lib/test/auto/WidthTestWithSubscriberPublisher3.xml
2 ms. Memory: 414720K Free: 260536K (63%)
----------------- Invoking toplevel() on ptolemy.moml.MoMLSimpleApplication@5e048f10
----------------- Done invoking toplevel() on ptolemy.moml.MoMLSimpleApplication@5e048f10
reloadAllAccessors: .WidthTestWithSubscriberPublisher3

===========================================================================================
----------------- testing Tue Aug 06 05:24:31 UTC 2019 /home/travis/build/icyphy/ptII/ptolemy/actor/lib/test/auto/Writer.xml
----------------- Instantiating /home/travis/build/icyphy/ptII/ptolemy/actor/lib/test/auto/Writer.xml
0
1
2
3
4
2 ms. Memory: 414720K Free: 256440K (62%)
----------------- Invoking toplevel() on ptolemy.moml.MoMLSimpleApplication@3c9e800c
----------------- Done invoking toplevel() on ptolemy.moml.MoMLSimpleApplication@3c9e800c
reloadAllAccessors: .Writer

===========================================================================================
----------------- testing Tue Aug 06 05:24:31 UTC 2019 /home/travis/build/icyphy/ptII/ptolemy/actor/lib/test/auto/array.xml
----------------- Instantiating /home/travis/build/icyphy/ptII/ptolemy/actor/lib/test/auto/array.xml
2 ms. Memory: 414720K Free: 251320K (61%)
----------------- Invoking toplevel() on ptolemy.moml.MoMLSimpleApplication@231c9c6d
----------------- Done invoking toplevel() on ptolemy.moml.MoMLSimpleApplication@231c9c6d
reloadAllAccessors: .array

===========================================================================================
----------------- testing Tue Aug 06 05:24:31 UTC 2019 /home/travis/build/icyphy/ptII/ptolemy/actor/lib/test/auto/array2.xml
----------------- Instantiating /home/travis/build/icyphy/ptII/ptolemy/actor/lib/test/auto/array2.xml
7 ms. Memory: 414720K Free: 246696K (59%)
----------------- Invoking toplevel() on ptolemy.moml.MoMLSimpleApplication@2676654d
----------------- Done invoking toplevel() on ptolemy.moml.MoMLSimpleApplication@2676654d
reloadAllAccessors: .array2

===========================================================================================
----------------- testing Tue Aug 06 05:24:31 UTC 2019 /home/travis/build/icyphy/ptII/ptolemy/actor/lib/test/auto/arrayType.xml
----------------- Instantiating /home/travis/build/icyphy/ptII/ptolemy/actor/lib/test/auto/arrayType.xml
2 ms. Memory: 414720K Free: 241590K (58%)
----------------- Invoking toplevel() on ptolemy.moml.MoMLSimpleApplication@11de2875
----------------- Done invoking toplevel() on ptolemy.moml.MoMLSimpleApplication@11de2875
reloadAllAccessors: .arrayType

===========================================================================================
----------------- testing Tue Aug 06 05:24:31 UTC 2019 /home/travis/build/icyphy/ptII/ptolemy/actor/lib/test/auto/arrayType10.xml
----------------- Instantiating /home/travis/build/icyphy/ptII/ptolemy/actor/lib/test/auto/arrayType10.xml
1 ms. Memory: 414720K Free: 236470K (57%)
----------------- Invoking toplevel() on ptolemy.moml.MoMLSimpleApplication@255fe86c
----------------- Done invoking toplevel() on ptolemy.moml.MoMLSimpleApplication@255fe86c
reloadAllAccessors: .arrayType10

===========================================================================================
----------------- testing Tue Aug 06 05:24:31 UTC 2019 /home/travis/build/icyphy/ptII/ptolemy/actor/lib/test/auto/arrayType11.xml
----------------- Instantiating /home/travis/build/icyphy/ptII/ptolemy/actor/lib/test/auto/arrayType11.xml
2 ms. Memory: 414720K Free: 231864K (56%)
----------------- Invoking toplevel() on ptolemy.moml.MoMLSimpleApplication@22b38875
----------------- Done invoking toplevel() on ptolemy.moml.MoMLSimpleApplication@22b38875
reloadAllAccessors: .arrayType11

===========================================================================================
----------------- testing Tue Aug 06 05:24:31 UTC 2019 /home/travis/build/icyphy/ptII/ptolemy/actor/lib/test/auto/arrayType12.xml
----------------- Instantiating /home/travis/build/icyphy/ptII/ptolemy/actor/lib/test/auto/arrayType12.xml
1 ms. Memory: 414720K Free: 227254K (55%)
----------------- Invoking toplevel() on ptolemy.moml.MoMLSimpleApplication@3be4aa7e
----------------- Done invoking toplevel() on ptolemy.moml.MoMLSimpleApplication@3be4aa7e
reloadAllAccessors: .arrayType12

===========================================================================================
----------------- testing Tue Aug 06 05:24:31 UTC 2019 /home/travis/build/icyphy/ptII/ptolemy/actor/lib/test/auto/arrayType13.xml
----------------- Instantiating /home/travis/build/icyphy/ptII/ptolemy/actor/lib/test/auto/arrayType13.xml
2 ms. Memory: 414720K Free: 221624K (53%)
----------------- Invoking toplevel() on ptolemy.moml.MoMLSimpleApplication@3085a803
----------------- Done invoking toplevel() on ptolemy.moml.MoMLSimpleApplication@3085a803
reloadAllAccessors: .arrayType13

===========================================================================================
----------------- testing Tue Aug 06 05:24:31 UTC 2019 /home/travis/build/icyphy/ptII/ptolemy/actor/lib/test/auto/arrayType14.xml
----------------- Instantiating /home/travis/build/icyphy/ptII/ptolemy/actor/lib/test/auto/arrayType14.xml
2 ms. Memory: 414720K Free: 216504K (52%)
----------------- Invoking toplevel() on ptolemy.moml.MoMLSimpleApplication@65ef322e
----------------- Done invoking toplevel() on ptolemy.moml.MoMLSimpleApplication@65ef322e
reloadAllAccessors: .arrayType14

===========================================================================================
----------------- testing Tue Aug 06 05:24:31 UTC 2019 /home/travis/build/icyphy/ptII/ptolemy/actor/lib/test/auto/arrayType15.xml
----------------- Instantiating /home/travis/build/icyphy/ptII/ptolemy/actor/lib/test/auto/arrayType15.xml
2 ms. Memory: 414720K Free: 211384K (51%)
----------------- Invoking toplevel() on ptolemy.moml.MoMLSimpleApplication@37e8e70a
----------------- Done invoking toplevel() on ptolemy.moml.MoMLSimpleApplication@37e8e70a
reloadAllAccessors: .arrayType15

===========================================================================================
----------------- testing Tue Aug 06 05:24:31 UTC 2019 /home/travis/build/icyphy/ptII/ptolemy/actor/lib/test/auto/arrayType16.xml
----------------- Instantiating /home/travis/build/icyphy/ptII/ptolemy/actor/lib/test/auto/arrayType16.xml
1 ms. Memory: 414720K Free: 205750K (50%)
----------------- Invoking toplevel() on ptolemy.moml.MoMLSimpleApplication@cc6b01
----------------- Done invoking toplevel() on ptolemy.moml.MoMLSimpleApplication@cc6b01
reloadAllAccessors: .arrayType16

===========================================================================================
----------------- testing Tue Aug 06 05:24:31 UTC 2019 /home/travis/build/icyphy/ptII/ptolemy/actor/lib/test/auto/arrayType17.xml
----------------- Instantiating /home/travis/build/icyphy/ptII/ptolemy/actor/lib/test/auto/arrayType17.xml
2 ms. Memory: 414720K Free: 200630K (48%)
----------------- Invoking toplevel() on ptolemy.moml.MoMLSimpleApplication@98f7878
----------------- Done invoking toplevel() on ptolemy.moml.MoMLSimpleApplication@98f7878
reloadAllAccessors: .arrayType17

===========================================================================================
----------------- testing Tue Aug 06 05:24:31 UTC 2019 /home/travis/build/icyphy/ptII/ptolemy/actor/lib/test/auto/arrayType18.xml
----------------- Instantiating /home/travis/build/icyphy/ptII/ptolemy/actor/lib/test/auto/arrayType18.xml
1 ms. Memory: 414720K Free: 196024K (47%)
----------------- Invoking toplevel() on ptolemy.moml.MoMLSimpleApplication@2c382b9d
----------------- Done invoking toplevel() on ptolemy.moml.MoMLSimpleApplication@2c382b9d
reloadAllAccessors: .arrayType18

===========================================================================================
----------------- testing Tue Aug 06 05:24:31 UTC 2019 /home/travis/build/icyphy/ptII/ptolemy/actor/lib/test/auto/arrayType19.xml
----------------- Instantiating /home/travis/build/icyphy/ptII/ptolemy/actor/lib/test/auto/arrayType19.xml
2 ms. Memory: 414720K Free: 190904K (46%)
----------------- Invoking toplevel() on ptolemy.moml.MoMLSimpleApplication@2e0ce14d
----------------- Done invoking toplevel() on ptolemy.moml.MoMLSimpleApplication@2e0ce14d
reloadAllAccessors: .arrayType19

===========================================================================================
----------------- testing Tue Aug 06 05:24:31 UTC 2019 /home/travis/build/icyphy/ptII/ptolemy/actor/lib/test/auto/arrayType2.xml
----------------- Instantiating /home/travis/build/icyphy/ptII/ptolemy/actor/lib/test/auto/arrayType2.xml
2 ms. Memory: 414720K Free: 185784K (45%)
----------------- Invoking toplevel() on ptolemy.moml.MoMLSimpleApplication@29057000
----------------- Done invoking toplevel() on ptolemy.moml.MoMLSimpleApplication@29057000
reloadAllAccessors: .arrayType2

===========================================================================================
----------------- testing Tue Aug 06 05:24:31 UTC 2019 /home/travis/build/icyphy/ptII/ptolemy/actor/lib/test/auto/arrayType20.xml
----------------- Instantiating /home/travis/build/icyphy/ptII/ptolemy/actor/lib/test/auto/arrayType20.xml
1 ms. Memory: 414720K Free: 181174K (44%)
----------------- Invoking toplevel() on ptolemy.moml.MoMLSimpleApplication@b0d678
----------------- Done invoking toplevel() on ptolemy.moml.MoMLSimpleApplication@b0d678
reloadAllAccessors: .arrayType20

===========================================================================================
----------------- testing Tue Aug 06 05:24:31 UTC 2019 /home/travis/build/icyphy/ptII/ptolemy/actor/lib/test/auto/arrayType21.xml
----------------- Instantiating /home/travis/build/icyphy/ptII/ptolemy/actor/lib/test/auto/arrayType21.xml
1 ms. Memory: 414720K Free: 176054K (42%)
----------------- Invoking toplevel() on ptolemy.moml.MoMLSimpleApplication@6c27c45d
----------------- Done invoking toplevel() on ptolemy.moml.MoMLSimpleApplication@6c27c45d
reloadAllAccessors: .arrayType21

===========================================================================================
----------------- testing Tue Aug 06 05:24:31 UTC 2019 /home/travis/build/icyphy/ptII/ptolemy/actor/lib/test/auto/arrayType22.xml
----------------- Instantiating /home/travis/build/icyphy/ptII/ptolemy/actor/lib/test/auto/arrayType22.xml
2 ms. Memory: 414720K Free: 171448K (41%)
----------------- Invoking toplevel() on ptolemy.moml.MoMLSimpleApplication@494d4841
----------------- Done invoking toplevel() on ptolemy.moml.MoMLSimpleApplication@494d4841
reloadAllAccessors: .arrayType22

===========================================================================================
----------------- testing Tue Aug 06 05:24:31 UTC 2019 /home/travis/build/icyphy/ptII/ptolemy/actor/lib/test/auto/arrayType23.xml
----------------- Instantiating /home/travis/build/icyphy/ptII/ptolemy/actor/lib/test/auto/arrayType23.xml
1 ms. Memory: 414720K Free: 166838K (40%)
----------------- Invoking toplevel() on ptolemy.moml.MoMLSimpleApplication@2b0671ab
----------------- Done invoking toplevel() on ptolemy.moml.MoMLSimpleApplication@2b0671ab
reloadAllAccessors: .arrayType23

===========================================================================================
----------------- testing Tue Aug 06 05:24:32 UTC 2019 /home/travis/build/icyphy/ptII/ptolemy/actor/lib/test/auto/arrayType24.xml
----------------- Instantiating /home/travis/build/icyphy/ptII/ptolemy/actor/lib/test/auto/arrayType24.xml
1 ms. Memory: 414720K Free: 161718K (39%)
----------------- Invoking toplevel() on ptolemy.moml.MoMLSimpleApplication@1f395ac4
----------------- Done invoking toplevel() on ptolemy.moml.MoMLSimpleApplication@1f395ac4
reloadAllAccessors: .arrayType24

===========================================================================================
----------------- testing Tue Aug 06 05:24:32 UTC 2019 /home/travis/build/icyphy/ptII/ptolemy/actor/lib/test/auto/arrayType25.xml
----------------- Instantiating /home/travis/build/icyphy/ptII/ptolemy/actor/lib/test/auto/arrayType25.xml
1 ms. Memory: 414720K Free: 156598K (38%)
----------------- Invoking toplevel() on ptolemy.moml.MoMLSimpleApplication@3c0700c9
----------------- Done invoking toplevel() on ptolemy.moml.MoMLSimpleApplication@3c0700c9
reloadAllAccessors: .arrayType25

===========================================================================================
----------------- testing Tue Aug 06 05:24:32 UTC 2019 /home/travis/build/icyphy/ptII/ptolemy/actor/lib/test/auto/arrayType26.xml
----------------- Instantiating /home/travis/build/icyphy/ptII/ptolemy/actor/lib/test/auto/arrayType26.xml
1 ms. Memory: 414720K Free: 150968K (36%)
----------------- Invoking toplevel() on ptolemy.moml.MoMLSimpleApplication@3a8da35b
----------------- Done invoking toplevel() on ptolemy.moml.MoMLSimpleApplication@3a8da35b
reloadAllAccessors: .arrayType26

===========================================================================================
----------------- testing Tue Aug 06 05:24:32 UTC 2019 /home/travis/build/icyphy/ptII/ptolemy/actor/lib/test/auto/arrayType27.xml
----------------- Instantiating /home/travis/build/icyphy/ptII/ptolemy/actor/lib/test/auto/arrayType27.xml
2 ms. Memory: 414720K Free: 145848K (35%)
----------------- Invoking toplevel() on ptolemy.moml.MoMLSimpleApplication@3c556eba
----------------- Done invoking toplevel() on ptolemy.moml.MoMLSimpleApplication@3c556eba
reloadAllAccessors: .arrayType27

===========================================================================================
----------------- testing Tue Aug 06 05:24:32 UTC 2019 /home/travis/build/icyphy/ptII/ptolemy/actor/lib/test/auto/arrayType28.xml
----------------- Instantiating /home/travis/build/icyphy/ptII/ptolemy/actor/lib/test/auto/arrayType28.xml
2 ms. Memory: 414720K Free: 140728K (34%)
----------------- Invoking toplevel() on ptolemy.moml.MoMLSimpleApplication@1e85b71d
----------------- Done invoking toplevel() on ptolemy.moml.MoMLSimpleApplication@1e85b71d
reloadAllAccessors: .arrayType28

===========================================================================================
----------------- testing Tue Aug 06 05:24:32 UTC 2019 /home/travis/build/icyphy/ptII/ptolemy/actor/lib/test/auto/arrayType3.xml
----------------- Instantiating /home/travis/build/icyphy/ptII/ptolemy/actor/lib/test/auto/arrayType3.xml
2 ms. Memory: 414720K Free: 135080K (33%)
----------------- Invoking toplevel() on ptolemy.moml.MoMLSimpleApplication@112d663e
----------------- Done invoking toplevel() on ptolemy.moml.MoMLSimpleApplication@112d663e
reloadAllAccessors: .arrayType3

===========================================================================================
----------------- testing Tue Aug 06 05:24:32 UTC 2019 /home/travis/build/icyphy/ptII/ptolemy/actor/lib/test/auto/arrayType4.xml
----------------- Instantiating /home/travis/build/icyphy/ptII/ptolemy/actor/lib/test/auto/arrayType4.xml
2 ms. Memory: 414720K Free: 129960K (31%)
----------------- Invoking toplevel() on ptolemy.moml.MoMLSimpleApplication@33d33fe2
----------------- Done invoking toplevel() on ptolemy.moml.MoMLSimpleApplication@33d33fe2
reloadAllAccessors: .arrayType4

===========================================================================================
----------------- testing Tue Aug 06 05:24:32 UTC 2019 /home/travis/build/icyphy/ptII/ptolemy/actor/lib/test/auto/arrayType5.xml
----------------- Instantiating /home/travis/build/icyphy/ptII/ptolemy/actor/lib/test/auto/arrayType5.xml
1 ms. Memory: 414720K Free: 124344K (30%)
----------------- Invoking toplevel() on ptolemy.moml.MoMLSimpleApplication@72376bb9
----------------- Done invoking toplevel() on ptolemy.moml.MoMLSimpleApplication@72376bb9
reloadAllAccessors: .arrayType5

===========================================================================================
----------------- testing Tue Aug 06 05:24:32 UTC 2019 /home/travis/build/icyphy/ptII/ptolemy/actor/lib/test/auto/arrayType6.xml
----------------- Instantiating /home/travis/build/icyphy/ptII/ptolemy/actor/lib/test/auto/arrayType6.xml
2 ms. Memory: 414720K Free: 119734K (29%)
----------------- Invoking toplevel() on ptolemy.moml.MoMLSimpleApplication@4044adbb
----------------- Done invoking toplevel() on ptolemy.moml.MoMLSimpleApplication@4044adbb
reloadAllAccessors: .arrayType6

===========================================================================================
----------------- testing Tue Aug 06 05:24:32 UTC 2019 /home/travis/build/icyphy/ptII/ptolemy/actor/lib/test/auto/arrayType7.xml
----------------- Instantiating /home/travis/build/icyphy/ptII/ptolemy/actor/lib/test/auto/arrayType7.xml
2 ms. Memory: 414720K Free: 359197K (87%)
----------------- Invoking toplevel() on ptolemy.moml.MoMLSimpleApplication@269e2a86
----------------- Done invoking toplevel() on ptolemy.moml.MoMLSimpleApplication@269e2a86
reloadAllAccessors: .arrayType7

===========================================================================================
----------------- testing Tue Aug 06 05:24:32 UTC 2019 /home/travis/build/icyphy/ptII/ptolemy/actor/lib/test/auto/arrayType8.xml
----------------- Instantiating /home/travis/build/icyphy/ptII/ptolemy/actor/lib/test/auto/arrayType8.xml
7 ms. Memory: 414720K Free: 354075K (85%)
----------------- Invoking toplevel() on ptolemy.moml.MoMLSimpleApplication@498846a4
----------------- Done invoking toplevel() on ptolemy.moml.MoMLSimpleApplication@498846a4
reloadAllAccessors: .arrayType8

===========================================================================================
----------------- testing Tue Aug 06 05:24:32 UTC 2019 /home/travis/build/icyphy/ptII/ptolemy/actor/lib/test/auto/arrayType9.xml
----------------- Instantiating /home/travis/build/icyphy/ptII/ptolemy/actor/lib/test/auto/arrayType9.xml
1 ms. Memory: 414720K Free: 349467K (84%)
----------------- Invoking toplevel() on ptolemy.moml.MoMLSimpleApplication@5acec28d
----------------- Done invoking toplevel() on ptolemy.moml.MoMLSimpleApplication@5acec28d
reloadAllAccessors: .arrayType9

===========================================================================================
----------------- testing Tue Aug 06 05:24:32 UTC 2019 /home/travis/build/icyphy/ptII/ptolemy/actor/lib/test/auto/cast.xml
----------------- Instantiating /home/travis/build/icyphy/ptII/ptolemy/actor/lib/test/auto/cast.xml
2 ms. Memory: 414720K Free: 344347K (83%)
----------------- Invoking toplevel() on ptolemy.moml.MoMLSimpleApplication@171e948f
----------------- Done invoking toplevel() on ptolemy.moml.MoMLSimpleApplication@171e948f
reloadAllAccessors: .cast

===========================================================================================
----------------- testing Tue Aug 06 05:24:32 UTC 2019 /home/travis/build/icyphy/ptII/ptolemy/actor/lib/test/auto/compositeMultiPort.xml
----------------- Instantiating /home/travis/build/icyphy/ptII/ptolemy/actor/lib/test/auto/compositeMultiPort.xml
6 ms. Memory: 414720K Free: 335645K (81%)
----------------- Invoking toplevel() on ptolemy.moml.MoMLSimpleApplication@79135df0
----------------- Done invoking toplevel() on ptolemy.moml.MoMLSimpleApplication@79135df0
reloadAllAccessors: .compositeMultiPort

===========================================================================================
----------------- testing Tue Aug 06 05:24:32 UTC 2019 /home/travis/build/icyphy/ptII/ptolemy/actor/lib/test/auto/expressionCastInference.xml
----------------- Instantiating /home/travis/build/icyphy/ptII/ptolemy/actor/lib/test/auto/expressionCastInference.xml
12 ms. Memory: 414720K Free: 330525K (80%)
----------------- Invoking toplevel() on ptolemy.moml.MoMLSimpleApplication@9bd5c5e
----------------- Done invoking toplevel() on ptolemy.moml.MoMLSimpleApplication@9bd5c5e
reloadAllAccessors: .expressionCastInference

===========================================================================================
----------------- testing Tue Aug 06 05:24:32 UTC 2019 /home/travis/build/icyphy/ptII/ptolemy/actor/lib/test/auto/expressionCastInference2.xml
----------------- Instantiating /home/travis/build/icyphy/ptII/ptolemy/actor/lib/test/auto/expressionCastInference2.xml
2 ms. Memory: 414720K Free: 325915K (79%)
----------------- Invoking toplevel() on ptolemy.moml.MoMLSimpleApplication@33df295a
----------------- Done invoking toplevel() on ptolemy.moml.MoMLSimpleApplication@33df295a
reloadAllAccessors: .expressionCastInference2

===========================================================================================
----------------- testing Tue Aug 06 05:24:32 UTC 2019 /home/travis/build/icyphy/ptII/ptolemy/actor/lib/test/auto/expressionInference.xml
----------------- Instantiating /home/travis/build/icyphy/ptII/ptolemy/actor/lib/test/auto/expressionInference.xml
1 ms. Memory: 414720K Free: 321819K (78%)
----------------- Invoking toplevel() on ptolemy.moml.MoMLSimpleApplication@2ce62075
----------------- Done invoking toplevel() on ptolemy.moml.MoMLSimpleApplication@2ce62075
reloadAllAccessors: .expressionInference

===========================================================================================
----------------- testing Tue Aug 06 05:24:32 UTC 2019 /home/travis/build/icyphy/ptII/ptolemy/actor/lib/test/auto/expression_bug.xml
----------------- Instantiating /home/travis/build/icyphy/ptII/ptolemy/actor/lib/test/auto/expression_bug.xml
1 ms. Memory: 414720K Free: 317213K (76%)
----------------- Invoking toplevel() on ptolemy.moml.MoMLSimpleApplication@305d7ba3
----------------- Done invoking toplevel() on ptolemy.moml.MoMLSimpleApplication@305d7ba3
reloadAllAccessors: .expression_bug

===========================================================================================
----------------- testing Tue Aug 06 05:24:32 UTC 2019 /home/travis/build/icyphy/ptII/ptolemy/actor/lib/test/auto/factorial.xml
----------------- Instantiating /home/travis/build/icyphy/ptII/ptolemy/actor/lib/test/auto/factorial.xml
31 ms. Memory: 414720K Free: 308507K (74%)
----------------- Invoking toplevel() on ptolemy.moml.MoMLSimpleApplication@3484df7e
----------------- Done invoking toplevel() on ptolemy.moml.MoMLSimpleApplication@3484df7e
reloadAllAccessors: .factorial

===========================================================================================
----------------- testing Tue Aug 06 05:24:32 UTC 2019 /home/travis/build/icyphy/ptII/ptolemy/actor/lib/test/auto/filterTest1.xml
----------------- Instantiating /home/travis/build/icyphy/ptII/ptolemy/actor/lib/test/auto/filterTest1.xml
3 ms. Memory: 414720K Free: 302363K (73%)
----------------- Invoking toplevel() on ptolemy.moml.MoMLSimpleApplication@2c95c67d
----------------- Done invoking toplevel() on ptolemy.moml.MoMLSimpleApplication@2c95c67d
reloadAllAccessors: .filterTest1

===========================================================================================
----------------- testing Tue Aug 06 05:24:32 UTC 2019 /home/travis/build/icyphy/ptII/ptolemy/actor/lib/test/auto/funcApplyInConst.xml
----------------- Instantiating /home/travis/build/icyphy/ptII/ptolemy/actor/lib/test/auto/funcApplyInConst.xml
1 ms. Memory: 414720K Free: 298781K (72%)
----------------- Invoking toplevel() on ptolemy.moml.MoMLSimpleApplication@58ce6bc9
----------------- Done invoking toplevel() on ptolemy.moml.MoMLSimpleApplication@58ce6bc9
reloadAllAccessors: .funcApplyInConst

===========================================================================================
----------------- testing Tue Aug 06 05:24:32 UTC 2019 /home/travis/build/icyphy/ptII/ptolemy/actor/lib/test/auto/funcApplyInExpr.xml
----------------- Instantiating /home/travis/build/icyphy/ptII/ptolemy/actor/lib/test/auto/funcApplyInExpr.xml
1 ms. Memory: 414720K Free: 295195K (71%)
----------------- Invoking toplevel() on ptolemy.moml.MoMLSimpleApplication@2d1f1464
----------------- Done invoking toplevel() on ptolemy.moml.MoMLSimpleApplication@2d1f1464
reloadAllAccessors: .funcApplyInExpr

===========================================================================================
----------------- testing Tue Aug 06 05:24:32 UTC 2019 /home/travis/build/icyphy/ptII/ptolemy/actor/lib/test/auto/function.xml
----------------- Instantiating /home/travis/build/icyphy/ptII/ptolemy/actor/lib/test/auto/function.xml
4 ms. Memory: 414720K Free: 290075K (70%)
----------------- Invoking toplevel() on ptolemy.moml.MoMLSimpleApplication@77466834
----------------- Done invoking toplevel() on ptolemy.moml.MoMLSimpleApplication@77466834
reloadAllAccessors: .function

===========================================================================================
----------------- testing Tue Aug 06 05:24:32 UTC 2019 /home/travis/build/icyphy/ptII/ptolemy/actor/lib/test/auto/function2.xml
----------------- Instantiating /home/travis/build/icyphy/ptII/ptolemy/actor/lib/test/auto/function2.xml
2 ms. Memory: 414720K Free: 285469K (69%)
----------------- Invoking toplevel() on ptolemy.moml.MoMLSimpleApplication@3d43b162
----------------- Done invoking toplevel() on ptolemy.moml.MoMLSimpleApplication@3d43b162
reloadAllAccessors: .function2

===========================================================================================
----------------- testing Tue Aug 06 05:24:32 UTC 2019 /home/travis/build/icyphy/ptII/ptolemy/actor/lib/test/auto/function3.xml
----------------- Instantiating /home/travis/build/icyphy/ptII/ptolemy/actor/lib/test/auto/function3.xml
2 ms. Memory: 414720K Free: 281373K (68%)
----------------- Invoking toplevel() on ptolemy.moml.MoMLSimpleApplication@514e6024
----------------- Done invoking toplevel() on ptolemy.moml.MoMLSimpleApplication@514e6024
reloadAllAccessors: .function3

===========================================================================================
----------------- testing Tue Aug 06 05:24:32 UTC 2019 /home/travis/build/icyphy/ptII/ptolemy/actor/lib/test/auto/functionClosureTest1.xml
----------------- Instantiating /home/travis/build/icyphy/ptII/ptolemy/actor/lib/test/auto/functionClosureTest1.xml
2 ms. Memory: 414720K Free: 275739K (66%)
----------------- Invoking toplevel() on ptolemy.moml.MoMLSimpleApplication@c806659
----------------- Done invoking toplevel() on ptolemy.moml.MoMLSimpleApplication@c806659
reloadAllAccessors: .functionClosureTest1

===========================================================================================
----------------- testing Tue Aug 06 05:24:32 UTC 2019 /home/travis/build/icyphy/ptII/ptolemy/actor/lib/test/auto/functionClosureTest2.xml
----------------- Instantiating /home/travis/build/icyphy/ptII/ptolemy/actor/lib/test/auto/functionClosureTest2.xml
2 ms. Memory: 414720K Free: 271643K (66%)
----------------- Invoking toplevel() on ptolemy.moml.MoMLSimpleApplication@710e98ea
----------------- Done invoking toplevel() on ptolemy.moml.MoMLSimpleApplication@710e98ea
reloadAllAccessors: .functionClosureTest2

===========================================================================================
----------------- testing Tue Aug 06 05:24:32 UTC 2019 /home/travis/build/icyphy/ptII/ptolemy/actor/lib/test/auto/functionClosureTest3.xml
----------------- Instantiating /home/travis/build/icyphy/ptII/ptolemy/actor/lib/test/auto/functionClosureTest3.xml
2 ms. Memory: 414720K Free: 266509K (64%)
----------------- Invoking toplevel() on ptolemy.moml.MoMLSimpleApplication@49a819eb
----------------- Done invoking toplevel() on ptolemy.moml.MoMLSimpleApplication@49a819eb
reloadAllAccessors: .functionClosureTest3

===========================================================================================
----------------- testing Tue Aug 06 05:24:32 UTC 2019 /home/travis/build/icyphy/ptII/ptolemy/actor/lib/test/auto/functionClosureTest4.xml
----------------- Instantiating /home/travis/build/icyphy/ptII/ptolemy/actor/lib/test/auto/functionClosureTest4.xml
4 ms. Memory: 414720K Free: 259869K (63%)
----------------- Invoking toplevel() on ptolemy.moml.MoMLSimpleApplication@27e2118f
----------------- Done invoking toplevel() on ptolemy.moml.MoMLSimpleApplication@27e2118f
reloadAllAccessors: .functionClosureTest4

===========================================================================================
----------------- testing Tue Aug 06 05:24:32 UTC 2019 /home/travis/build/icyphy/ptII/ptolemy/actor/lib/test/auto/functionClosureTest5.xml
----------------- Instantiating /home/travis/build/icyphy/ptII/ptolemy/actor/lib/test/auto/functionClosureTest5.xml
4 ms. Memory: 414720K Free: 254749K (61%)
----------------- Invoking toplevel() on ptolemy.moml.MoMLSimpleApplication@129003dd
----------------- Done invoking toplevel() on ptolemy.moml.MoMLSimpleApplication@129003dd
reloadAllAccessors: .functionClosureTest5

===========================================================================================
----------------- testing Tue Aug 06 05:24:32 UTC 2019 /home/travis/build/icyphy/ptII/ptolemy/actor/lib/test/auto/functionClosureTest6.xml
----------------- Instantiating /home/travis/build/icyphy/ptII/ptolemy/actor/lib/test/auto/functionClosureTest6.xml
2 ms. Memory: 414720K Free: 249629K (60%)
----------------- Invoking toplevel() on ptolemy.moml.MoMLSimpleApplication@5d24267e
----------------- Done invoking toplevel() on ptolemy.moml.MoMLSimpleApplication@5d24267e
reloadAllAccessors: .functionClosureTest6

===========================================================================================
----------------- testing Tue Aug 06 05:24:32 UTC 2019 /home/travis/build/icyphy/ptII/ptolemy/actor/lib/test/auto/functionsOnArcs.xml
----------------- Instantiating /home/travis/build/icyphy/ptII/ptolemy/actor/lib/test/auto/functionsOnArcs.xml
2 ms. Memory: 414720K Free: 244509K (59%)
----------------- Invoking toplevel() on ptolemy.moml.MoMLSimpleApplication@2f6c1fa
----------------- Done invoking toplevel() on ptolemy.moml.MoMLSimpleApplication@2f6c1fa
reloadAllAccessors: .functionsOnArcs

===========================================================================================
----------------- testing Tue Aug 06 05:24:32 UTC 2019 /home/travis/build/icyphy/ptII/ptolemy/actor/lib/test/auto/functionsOnArcsHOF.xml
----------------- Instantiating /home/travis/build/icyphy/ptII/ptolemy/actor/lib/test/auto/functionsOnArcsHOF.xml
3 ms. Memory: 414720K Free: 238875K (58%)
----------------- Invoking toplevel() on ptolemy.moml.MoMLSimpleApplication@33bc77c1
----------------- Done invoking toplevel() on ptolemy.moml.MoMLSimpleApplication@33bc77c1
reloadAllAccessors: .functionsOnArcsHOF

===========================================================================================
----------------- testing Tue Aug 06 05:24:32 UTC 2019 /home/travis/build/icyphy/ptII/ptolemy/actor/lib/test/auto/logic.xml
----------------- Instantiating /home/travis/build/icyphy/ptII/ptolemy/actor/lib/test/auto/logic.xml
2 ms. Memory: 414720K Free: 231197K (56%)
----------------- Invoking toplevel() on ptolemy.moml.MoMLSimpleApplication@13307c92
----------------- Done invoking toplevel() on ptolemy.moml.MoMLSimpleApplication@13307c92
reloadAllAccessors: .logic

===========================================================================================
----------------- testing Tue Aug 06 05:24:32 UTC 2019 /home/travis/build/icyphy/ptII/ptolemy/actor/lib/test/auto/matrixType.xml
----------------- Instantiating /home/travis/build/icyphy/ptII/ptolemy/actor/lib/test/auto/matrixType.xml
2 ms. Memory: 414720K Free: 226587K (55%)
----------------- Invoking toplevel() on ptolemy.moml.MoMLSimpleApplication@23165a91
----------------- Done invoking toplevel() on ptolemy.moml.MoMLSimpleApplication@23165a91
reloadAllAccessors: .matrixType

===========================================================================================
----------------- testing Tue Aug 06 05:24:32 UTC 2019 /home/travis/build/icyphy/ptII/ptolemy/actor/lib/test/auto/matrixType10.xml
----------------- Instantiating /home/travis/build/icyphy/ptII/ptolemy/actor/lib/test/auto/matrixType10.xml
2 ms. Memory: 414720K Free: 221467K (53%)
----------------- Invoking toplevel() on ptolemy.moml.MoMLSimpleApplication@2471e355
----------------- Done invoking toplevel() on ptolemy.moml.MoMLSimpleApplication@2471e355
reloadAllAccessors: .matrixType10

===========================================================================================
----------------- testing Tue Aug 06 05:24:32 UTC 2019 /home/travis/build/icyphy/ptII/ptolemy/actor/lib/test/auto/matrixType11.xml
----------------- Instantiating /home/travis/build/icyphy/ptII/ptolemy/actor/lib/test/auto/matrixType11.xml
1 ms. Memory: 414720K Free: 216861K (52%)
----------------- Invoking toplevel() on ptolemy.moml.MoMLSimpleApplication@6099c6d4
----------------- Done invoking toplevel() on ptolemy.moml.MoMLSimpleApplication@6099c6d4
reloadAllAccessors: .matrixType11

===========================================================================================
----------------- testing Tue Aug 06 05:24:32 UTC 2019 /home/travis/build/icyphy/ptII/ptolemy/actor/lib/test/auto/matrixType12.xml
----------------- Instantiating /home/travis/build/icyphy/ptII/ptolemy/actor/lib/test/auto/matrixType12.xml
1 ms. Memory: 414720K Free: 211741K (51%)
----------------- Invoking toplevel() on ptolemy.moml.MoMLSimpleApplication@6717ed74
----------------- Done invoking toplevel() on ptolemy.moml.MoMLSimpleApplication@6717ed74
reloadAllAccessors: .matrixType12

===========================================================================================
----------------- testing Tue Aug 06 05:24:32 UTC 2019 /home/travis/build/icyphy/ptII/ptolemy/actor/lib/test/auto/matrixType13.xml
----------------- Instantiating /home/travis/build/icyphy/ptII/ptolemy/actor/lib/test/auto/matrixType13.xml
1 ms. Memory: 414720K Free: 206696K (50%)
----------------- Invoking toplevel() on ptolemy.moml.MoMLSimpleApplication@52cc6b75
----------------- Done invoking toplevel() on ptolemy.moml.MoMLSimpleApplication@52cc6b75
reloadAllAccessors: .matrixType13

===========================================================================================
----------------- testing Tue Aug 06 05:24:32 UTC 2019 /home/travis/build/icyphy/ptII/ptolemy/actor/lib/test/auto/matrixType14.xml
----------------- Instantiating /home/travis/build/icyphy/ptII/ptolemy/actor/lib/test/auto/matrixType14.xml
2 ms. Memory: 414720K Free: 200973K (48%)
----------------- Invoking toplevel() on ptolemy.moml.MoMLSimpleApplication@7fd15e6
----------------- Done invoking toplevel() on ptolemy.moml.MoMLSimpleApplication@7fd15e6
reloadAllAccessors: .matrixType14

===========================================================================================
----------------- testing Tue Aug 06 05:24:32 UTC 2019 /home/travis/build/icyphy/ptII/ptolemy/actor/lib/test/auto/matrixType2.xml
----------------- Instantiating /home/travis/build/icyphy/ptII/ptolemy/actor/lib/test/auto/matrixType2.xml
2 ms. Memory: 414720K Free: 195853K (47%)
----------------- Invoking toplevel() on ptolemy.moml.MoMLSimpleApplication@23a1bd55
----------------- Done invoking toplevel() on ptolemy.moml.MoMLSimpleApplication@23a1bd55
reloadAllAccessors: .matrixType2

===========================================================================================
----------------- testing Tue Aug 06 05:24:32 UTC 2019 /home/travis/build/icyphy/ptII/ptolemy/actor/lib/test/auto/matrixType3.xml
----------------- Instantiating /home/travis/build/icyphy/ptII/ptolemy/actor/lib/test/auto/matrixType3.xml
4 ms. Memory: 414720K Free: 190747K (46%)
----------------- Invoking toplevel() on ptolemy.moml.MoMLSimpleApplication@372ff1ea
----------------- Done invoking toplevel() on ptolemy.moml.MoMLSimpleApplication@372ff1ea
reloadAllAccessors: .matrixType3

===========================================================================================
----------------- testing Tue Aug 06 05:24:32 UTC 2019 /home/travis/build/icyphy/ptII/ptolemy/actor/lib/test/auto/matrixType4.xml
----------------- Instantiating /home/travis/build/icyphy/ptII/ptolemy/actor/lib/test/auto/matrixType4.xml
2 ms. Memory: 414720K Free: 186141K (45%)
----------------- Invoking toplevel() on ptolemy.moml.MoMLSimpleApplication@6e4cea39
----------------- Done invoking toplevel() on ptolemy.moml.MoMLSimpleApplication@6e4cea39
reloadAllAccessors: .matrixType4

===========================================================================================
----------------- testing Tue Aug 06 05:24:32 UTC 2019 /home/travis/build/icyphy/ptII/ptolemy/actor/lib/test/auto/matrixType5.xml
----------------- Instantiating /home/travis/build/icyphy/ptII/ptolemy/actor/lib/test/auto/matrixType5.xml
2 ms. Memory: 414720K Free: 181021K (44%)
----------------- Invoking toplevel() on ptolemy.moml.MoMLSimpleApplication@4f22d59a
----------------- Done invoking toplevel() on ptolemy.moml.MoMLSimpleApplication@4f22d59a
reloadAllAccessors: .matrixType5

===========================================================================================
----------------- testing Tue Aug 06 05:24:32 UTC 2019 /home/travis/build/icyphy/ptII/ptolemy/actor/lib/test/auto/matrixType6.xml
----------------- Instantiating /home/travis/build/icyphy/ptII/ptolemy/actor/lib/test/auto/matrixType6.xml
1 ms. Memory: 414720K Free: 176411K (43%)
----------------- Invoking toplevel() on ptolemy.moml.MoMLSimpleApplication@6be0b026
----------------- Done invoking toplevel() on ptolemy.moml.MoMLSimpleApplication@6be0b026
reloadAllAccessors: .matrixType6

===========================================================================================
----------------- testing Tue Aug 06 05:24:32 UTC 2019 /home/travis/build/icyphy/ptII/ptolemy/actor/lib/test/auto/matrixType7.xml
----------------- Instantiating /home/travis/build/icyphy/ptII/ptolemy/actor/lib/test/auto/matrixType7.xml
1 ms. Memory: 414720K Free: 171291K (41%)
----------------- Invoking toplevel() on ptolemy.moml.MoMLSimpleApplication@1588c7a5
----------------- Done invoking toplevel() on ptolemy.moml.MoMLSimpleApplication@1588c7a5
reloadAllAccessors: .matrixType7

===========================================================================================
----------------- testing Tue Aug 06 05:24:32 UTC 2019 /home/travis/build/icyphy/ptII/ptolemy/actor/lib/test/auto/matrixType8.xml
----------------- Instantiating /home/travis/build/icyphy/ptII/ptolemy/actor/lib/test/auto/matrixType8.xml
2 ms. Memory: 414720K Free: 166685K (40%)
----------------- Invoking toplevel() on ptolemy.moml.MoMLSimpleApplication@4bee2740
----------------- Done invoking toplevel() on ptolemy.moml.MoMLSimpleApplication@4bee2740
reloadAllAccessors: .matrixType8

===========================================================================================
----------------- testing Tue Aug 06 05:24:32 UTC 2019 /home/travis/build/icyphy/ptII/ptolemy/actor/lib/test/auto/matrixType9.xml
----------------- Instantiating /home/travis/build/icyphy/ptII/ptolemy/actor/lib/test/auto/matrixType9.xml
2 ms. Memory: 414720K Free: 161565K (39%)
----------------- Invoking toplevel() on ptolemy.moml.MoMLSimpleApplication@65f097a9
----------------- Done invoking toplevel() on ptolemy.moml.MoMLSimpleApplication@65f097a9
reloadAllAccessors: .matrixType9

===========================================================================================
----------------- testing Tue Aug 06 05:24:32 UTC 2019 /home/travis/build/icyphy/ptII/ptolemy/actor/lib/test/auto/paraFunctest.xml
----------------- Instantiating /home/travis/build/icyphy/ptII/ptolemy/actor/lib/test/auto/paraFunctest.xml
2 ms. Memory: 414720K Free: 157469K (38%)
----------------- Invoking toplevel() on ptolemy.moml.MoMLSimpleApplication@74045
----------------- Done invoking toplevel() on ptolemy.moml.MoMLSimpleApplication@74045
reloadAllAccessors: .paraFunctest

===========================================================================================
----------------- testing Tue Aug 06 05:24:32 UTC 2019 /home/travis/build/icyphy/ptII/ptolemy/actor/lib/test/auto/paraFunctest2.xml
----------------- Instantiating /home/travis/build/icyphy/ptII/ptolemy/actor/lib/test/auto/paraFunctest2.xml
1 ms. Memory: 414720K Free: 152859K (37%)
----------------- Invoking toplevel() on ptolemy.moml.MoMLSimpleApplication@64eb7ae1
----------------- Done invoking toplevel() on ptolemy.moml.MoMLSimpleApplication@64eb7ae1
reloadAllAccessors: .paraFunctest2

===========================================================================================
----------------- testing Tue Aug 06 05:24:32 UTC 2019 /home/travis/build/icyphy/ptII/ptolemy/actor/lib/test/auto/parameterPassing.xml
----------------- Instantiating /home/travis/build/icyphy/ptII/ptolemy/actor/lib/test/auto/parameterPassing.xml
1 ms. Memory: 414720K Free: 148763K (36%)
----------------- Invoking toplevel() on ptolemy.moml.MoMLSimpleApplication@2e11591b
----------------- Done invoking toplevel() on ptolemy.moml.MoMLSimpleApplication@2e11591b
reloadAllAccessors: .parameterPassing

===========================================================================================
----------------- testing Tue Aug 06 05:24:32 UTC 2019 /home/travis/build/icyphy/ptII/ptolemy/actor/lib/test/auto/record.xml
----------------- Instantiating /home/travis/build/icyphy/ptII/ptolemy/actor/lib/test/auto/record.xml
3 ms. Memory: 414720K Free: 143643K (35%)
----------------- Invoking toplevel() on ptolemy.moml.MoMLSimpleApplication@47300d79
----------------- Done invoking toplevel() on ptolemy.moml.MoMLSimpleApplication@47300d79
reloadAllAccessors: .record

===========================================================================================
----------------- testing Tue Aug 06 05:24:33 UTC 2019 /home/travis/build/icyphy/ptII/ptolemy/actor/lib/test/auto/sizedarray1.xml
----------------- Instantiating /home/travis/build/icyphy/ptII/ptolemy/actor/lib/test/auto/sizedarray1.xml
2 ms. Memory: 414720K Free: 138523K (33%)
----------------- Invoking toplevel() on ptolemy.moml.MoMLSimpleApplication@361cb20d
----------------- Done invoking toplevel() on ptolemy.moml.MoMLSimpleApplication@361cb20d
reloadAllAccessors: .sizedarray1

===========================================================================================
----------------- testing Tue Aug 06 05:24:33 UTC 2019 /home/travis/build/icyphy/ptII/ptolemy/actor/lib/test/auto/sizedarray2.xml
----------------- Instantiating /home/travis/build/icyphy/ptII/ptolemy/actor/lib/test/auto/sizedarray2.xml
3 ms. Memory: 414720K Free: 132893K (32%)
----------------- Invoking toplevel() on ptolemy.moml.MoMLSimpleApplication@6a5ccfb8
----------------- Done invoking toplevel() on ptolemy.moml.MoMLSimpleApplication@6a5ccfb8
reloadAllAccessors: .sizedarray2

===========================================================================================
----------------- testing Tue Aug 06 05:24:33 UTC 2019 /home/travis/build/icyphy/ptII/ptolemy/actor/lib/test/auto/twoPublishers.xml
----------------- Instantiating /home/travis/build/icyphy/ptII/ptolemy/actor/lib/test/auto/twoPublishers.xml
6 ms. Memory: 414720K Free: 122653K (30%)
----------------- Invoking toplevel() on ptolemy.moml.MoMLSimpleApplication@17c3a14d
----------------- Done invoking toplevel() on ptolemy.moml.MoMLSimpleApplication@17c3a14d
reloadAllAccessors: .twoPublishers
AutoTests.java: About to close Vertx.
AutoTests.java: Vertx closed.
]]></system-out>
  <system-err><![CDATA[java.lang.RuntimeException: Execution failed
	at ptolemy.moml.MoMLSimpleApplication$UnloadThread.run(MoMLSimpleApplication.java:402)
Caused by: java.lang.RuntimeException: StringUtilities.exit() was called. Normally, we would exit here because Manager.exitAfterWrapup() was called.  However, because the ptolemy.ptII.exitAfterWrapup property is set, we throw this exception instead.
	at ptolemy.util.StringUtilities.exit(StringUtilities.java:365)
	at ptolemy.actor.Manager.wrapup(Manager.java:1549)
	at ptolemy.actor.Manager.execute(Manager.java:407)
	at ptolemy.actor.Manager.run(Manager.java:1263)
	at ptolemy.actor.Manager$PtolemyRunThread.run(Manager.java:1933)
Warning: '.top.test' is in training mode, set the trainingMode parameter to false before checking in
Warning: '.top.test' is in training mode, set the trainingMode parameter to false before checking in
Warning: '.top.test' is in training mode, set the trainingMode parameter to false before checking in
Warning: '.BooleanSwitch_RegressionTest_WrongTrainingValues.Test' is in training mode, set the trainingMode parameter to false before checking in
Warning: '.BooleanSwitch_RegressionTest_WrongTrainingValues.Test2' is in training mode, set the trainingMode parameter to false before checking in
Warning: '.BooleanSwitch_RegressionTest_WrongTrainingValues.Test2' The test produced 0 tokens.
Warning: '.top.testExceptionHandler' is in training mode, set the trainingMode parameter to false before checking in
java.lang.RuntimeException: Execution failed
	at ptolemy.moml.MoMLSimpleApplication$UnloadThread.run(MoMLSimpleApplication.java:402)
Caused by: ptolemy.kernel.util.IllegalActionException: PublisherPorts cannot be used at the top level, use a Publisher actor instead.
  in .PublisherPortToplevelSubscriber.PublisherPort
	at ptolemy.actor.PublisherPort.preinitialize(PublisherPort.java:403)
	at ptolemy.actor.CompositeActor.preinitialize(CompositeActor.java:1769)
	at ptolemy.actor.Manager.preinitializeAndResolveTypes(Manager.java:1040)
	at ptolemy.actor.Manager.initialize(Manager.java:710)
	at ptolemy.actor.Manager.execute(Manager.java:356)
	at ptolemy.actor.Manager.run(Manager.java:1263)
	at ptolemy.actor.Manager$PtolemyRunThread.run(Manager.java:1933)
java.lang.reflect.InvocationTargetException
	at java.base/jdk.internal.reflect.NativeConstructorAccessorImpl.newInstance0(Native Method)
	at java.base/jdk.internal.reflect.NativeConstructorAccessorImpl.newInstance(NativeConstructorAccessorImpl.java:62)
	at java.base/jdk.internal.reflect.DelegatingConstructorAccessorImpl.newInstance(DelegatingConstructorAccessorImpl.java:45)
	at java.base/java.lang.reflect.Constructor.newInstance(Constructor.java:490)
	at ptolemy.util.test.junit.AutoKnownFailedTests.RunModel(AutoKnownFailedTests.java:105)
	at java.base/jdk.internal.reflect.NativeMethodAccessorImpl.invoke0(Native Method)
	at java.base/jdk.internal.reflect.NativeMethodAccessorImpl.invoke(NativeMethodAccessorImpl.java:62)
	at java.base/jdk.internal.reflect.DelegatingMethodAccessorImpl.invoke(DelegatingMethodAccessorImpl.java:43)
	at java.base/java.lang.reflect.Method.invoke(Method.java:566)
	at org.junit.runners.model.FrameworkMethod$1.runReflectiveCall(FrameworkMethod.java:44)
	at org.junit.internal.runners.model.ReflectiveCallable.run(ReflectiveCallable.java:15)
	at org.junit.runners.model.FrameworkMethod.invokeExplosively(FrameworkMethod.java:41)
	at junitparams.internal.InvokeParameterisedMethod.evaluate(InvokeParameterisedMethod.java:102)
	at org.junit.internal.runners.statements.FailOnTimeout$1.run(FailOnTimeout.java:28)
Caused by: ptolemy.kernel.util.IllegalActionException: PublisherPorts cannot be used at the top level, use a Publisher actor instead.
  in .PublisherPortToplevelSubscriber.PublisherPort
	at ptolemy.actor.PublisherPort.preinitialize(PublisherPort.java:403)
	at ptolemy.actor.CompositeActor.preinitialize(CompositeActor.java:1769)
	at ptolemy.actor.Manager.preinitializeAndResolveTypes(Manager.java:1040)
	at ptolemy.actor.Manager.initialize(Manager.java:710)
	at ptolemy.actor.Manager.execute(Manager.java:356)
	at ptolemy.actor.Manager.run(Manager.java:1263)
	at ptolemy.actor.Manager$PtolemyRunThread.run(Manager.java:1933)
java.lang.RuntimeException: Execution failed
	at ptolemy.moml.MoMLSimpleApplication$UnloadThread.run(MoMLSimpleApplication.java:402)
Caused by: ptolemy.kernel.util.IllegalActionException: SubscriberPorts cannot be used at the top level, use a Subscriber actor instead.
  in .PublisherSubscriberPortToplevel.SubscriberPort
	at ptolemy.actor.SubscriberPort.preinitialize(SubscriberPort.java:328)
	at ptolemy.actor.CompositeActor.preinitialize(CompositeActor.java:1769)
	at ptolemy.actor.Manager.preinitializeAndResolveTypes(Manager.java:1040)
	at ptolemy.actor.Manager.initialize(Manager.java:710)
	at ptolemy.actor.Manager.execute(Manager.java:356)
	at ptolemy.actor.Manager.run(Manager.java:1263)
	at ptolemy.actor.Manager$PtolemyRunThread.run(Manager.java:1933)
java.lang.reflect.InvocationTargetException
	at java.base/jdk.internal.reflect.NativeConstructorAccessorImpl.newInstance0(Native Method)
	at java.base/jdk.internal.reflect.NativeConstructorAccessorImpl.newInstance(NativeConstructorAccessorImpl.java:62)
	at java.base/jdk.internal.reflect.DelegatingConstructorAccessorImpl.newInstance(DelegatingConstructorAccessorImpl.java:45)
	at java.base/java.lang.reflect.Constructor.newInstance(Constructor.java:490)
	at ptolemy.util.test.junit.AutoKnownFailedTests.RunModel(AutoKnownFailedTests.java:105)
	at java.base/jdk.internal.reflect.NativeMethodAccessorImpl.invoke0(Native Method)
	at java.base/jdk.internal.reflect.NativeMethodAccessorImpl.invoke(NativeMethodAccessorImpl.java:62)
	at java.base/jdk.internal.reflect.DelegatingMethodAccessorImpl.invoke(DelegatingMethodAccessorImpl.java:43)
	at java.base/java.lang.reflect.Method.invoke(Method.java:566)
	at org.junit.runners.model.FrameworkMethod$1.runReflectiveCall(FrameworkMethod.java:44)
	at org.junit.internal.runners.model.ReflectiveCallable.run(ReflectiveCallable.java:15)
	at org.junit.runners.model.FrameworkMethod.invokeExplosively(FrameworkMethod.java:41)
	at junitparams.internal.InvokeParameterisedMethod.evaluate(InvokeParameterisedMethod.java:102)
	at org.junit.internal.runners.statements.FailOnTimeout$1.run(FailOnTimeout.java:28)
Caused by: ptolemy.kernel.util.IllegalActionException: SubscriberPorts cannot be used at the top level, use a Subscriber actor instead.
  in .PublisherSubscriberPortToplevel.SubscriberPort
	at ptolemy.actor.SubscriberPort.preinitialize(SubscriberPort.java:328)
	at ptolemy.actor.CompositeActor.preinitialize(CompositeActor.java:1769)
	at ptolemy.actor.Manager.preinitializeAndResolveTypes(Manager.java:1040)
	at ptolemy.actor.Manager.initialize(Manager.java:710)
	at ptolemy.actor.Manager.execute(Manager.java:356)
	at ptolemy.actor.Manager.run(Manager.java:1263)
	at ptolemy.actor.Manager$PtolemyRunThread.run(Manager.java:1933)
java.lang.RuntimeException: Execution failed
	at ptolemy.moml.MoMLSimpleApplication$UnloadThread.run(MoMLSimpleApplication.java:402)
Caused by: ptolemy.kernel.util.IllegalActionException: SubscriptionAggregatorPorts cannot be used at the top level, use a SubscriptionAggregator actor instead.
  in .PublisherSubscriptionAggregatorPort.SubscriptionAggregatorPort
	at ptolemy.actor.SubscriptionAggregatorPort.preinitialize(SubscriptionAggregatorPort.java:353)
	at ptolemy.actor.CompositeActor.preinitialize(CompositeActor.java:1769)
	at ptolemy.actor.Manager.preinitializeAndResolveTypes(Manager.java:1040)
	at ptolemy.actor.Manager.initialize(Manager.java:710)
	at ptolemy.actor.Manager.execute(Manager.java:356)
	at ptolemy.actor.Manager.run(Manager.java:1263)
	at ptolemy.actor.Manager$PtolemyRunThread.run(Manager.java:1933)
java.lang.reflect.InvocationTargetException
	at java.base/jdk.internal.reflect.NativeConstructorAccessorImpl.newInstance0(Native Method)
	at java.base/jdk.internal.reflect.NativeConstructorAccessorImpl.newInstance(NativeConstructorAccessorImpl.java:62)
	at java.base/jdk.internal.reflect.DelegatingConstructorAccessorImpl.newInstance(DelegatingConstructorAccessorImpl.java:45)
	at java.base/java.lang.reflect.Constructor.newInstance(Constructor.java:490)
	at ptolemy.util.test.junit.AutoKnownFailedTests.RunModel(AutoKnownFailedTests.java:105)
	at java.base/jdk.internal.reflect.NativeMethodAccessorImpl.invoke0(Native Method)
	at java.base/jdk.internal.reflect.NativeMethodAccessorImpl.invoke(NativeMethodAccessorImpl.java:62)
	at java.base/jdk.internal.reflect.DelegatingMethodAccessorImpl.invoke(DelegatingMethodAccessorImpl.java:43)
	at java.base/java.lang.reflect.Method.invoke(Method.java:566)
	at org.junit.runners.model.FrameworkMethod$1.runReflectiveCall(FrameworkMethod.java:44)
	at org.junit.internal.runners.model.ReflectiveCallable.run(ReflectiveCallable.java:15)
	at org.junit.runners.model.FrameworkMethod.invokeExplosively(FrameworkMethod.java:41)
	at junitparams.internal.InvokeParameterisedMethod.evaluate(InvokeParameterisedMethod.java:102)
	at org.junit.internal.runners.statements.FailOnTimeout$1.run(FailOnTimeout.java:28)
Caused by: ptolemy.kernel.util.IllegalActionException: SubscriptionAggregatorPorts cannot be used at the top level, use a SubscriptionAggregator actor instead.
  in .PublisherSubscriptionAggregatorPort.SubscriptionAggregatorPort
	at ptolemy.actor.SubscriptionAggregatorPort.preinitialize(SubscriptionAggregatorPort.java:353)
	at ptolemy.actor.CompositeActor.preinitialize(CompositeActor.java:1769)
	at ptolemy.actor.Manager.preinitializeAndResolveTypes(Manager.java:1040)
	at ptolemy.actor.Manager.initialize(Manager.java:710)
	at ptolemy.actor.Manager.execute(Manager.java:356)
	at ptolemy.actor.Manager.run(Manager.java:1263)
	at ptolemy.actor.Manager$PtolemyRunThread.run(Manager.java:1933)
java.lang.RuntimeException: Execution failed
	at ptolemy.moml.MoMLSimpleApplication$UnloadThread.run(MoMLSimpleApplication.java:402)
Caused by: ptolemy.kernel.util.IllegalActionException: TypeTest actor has no training data.
  in .sizedarray3.TypeTest
	at ptolemy.actor.lib.TypeTest.initialize(TypeTest.java:250)
	at ptolemy.actor.Director.initialize(Director.java:938)
	at ptolemy.actor.Director.initialize(Director.java:907)
	at ptolemy.actor.sched.StaticSchedulingDirector.initialize(StaticSchedulingDirector.java:159)
	at ptolemy.domains.sdf.kernel.SDFDirector.initialize(SDFDirector.java:544)
	at ptolemy.actor.CompositeActor.initialize(CompositeActor.java:935)
	at ptolemy.actor.Manager.initialize(Manager.java:724)
	at ptolemy.actor.Manager.execute(Manager.java:356)
	at ptolemy.actor.Manager.run(Manager.java:1263)
	at ptolemy.actor.Manager$PtolemyRunThread.run(Manager.java:1933)
java.lang.reflect.InvocationTargetException
	at java.base/jdk.internal.reflect.NativeConstructorAccessorImpl.newInstance0(Native Method)
	at java.base/jdk.internal.reflect.NativeConstructorAccessorImpl.newInstance(NativeConstructorAccessorImpl.java:62)
	at java.base/jdk.internal.reflect.DelegatingConstructorAccessorImpl.newInstance(DelegatingConstructorAccessorImpl.java:45)
	at java.base/java.lang.reflect.Constructor.newInstance(Constructor.java:490)
	at ptolemy.util.test.junit.AutoKnownFailedTests.RunModel(AutoKnownFailedTests.java:105)
	at java.base/jdk.internal.reflect.NativeMethodAccessorImpl.invoke0(Native Method)
	at java.base/jdk.internal.reflect.NativeMethodAccessorImpl.invoke(NativeMethodAccessorImpl.java:62)
	at java.base/jdk.internal.reflect.DelegatingMethodAccessorImpl.invoke(DelegatingMethodAccessorImpl.java:43)
	at java.base/java.lang.reflect.Method.invoke(Method.java:566)
	at org.junit.runners.model.FrameworkMethod$1.runReflectiveCall(FrameworkMethod.java:44)
	at org.junit.internal.runners.model.ReflectiveCallable.run(ReflectiveCallable.java:15)
	at org.junit.runners.model.FrameworkMethod.invokeExplosively(FrameworkMethod.java:41)
	at junitparams.internal.InvokeParameterisedMethod.evaluate(InvokeParameterisedMethod.java:102)
	at org.junit.internal.runners.statements.FailOnTimeout$1.run(FailOnTimeout.java:28)
Caused by: ptolemy.kernel.util.IllegalActionException: TypeTest actor has no training data.
  in .sizedarray3.TypeTest
	at ptolemy.actor.lib.TypeTest.initialize(TypeTest.java:250)
	at ptolemy.actor.Director.initialize(Director.java:938)
	at ptolemy.actor.Director.initialize(Director.java:907)
	at ptolemy.actor.sched.StaticSchedulingDirector.initialize(StaticSchedulingDirector.java:159)
	at ptolemy.domains.sdf.kernel.SDFDirector.initialize(SDFDirector.java:544)
	at ptolemy.actor.CompositeActor.initialize(CompositeActor.java:935)
	at ptolemy.actor.Manager.initialize(Manager.java:724)
	at ptolemy.actor.Manager.execute(Manager.java:356)
	at ptolemy.actor.Manager.run(Manager.java:1263)
	at ptolemy.actor.Manager$PtolemyRunThread.run(Manager.java:1933)
]]></system-err>
</testsuite>
