<?xml version="1.0" encoding="UTF-8" ?>
<testsuite errors="0" failures="1" hostname="travis-job-dda747e8-d24a-499c-ae80-c1bca3abe839" name="ptolemy.actor.lib.test.junit.JUnitTclTest" skipped="0" tests="517" time="62.714" timestamp="2019-07-22T05:12:13">
  <properties>
    <property name="npm.executable" value="npm" />
    <property name="env.TRAVIS_ROOT" value="/" />
    <property name="ptII.mk.exists" value="true" />
    <property name="env.TRAVIS_APP_HOST" value="build.travis-ci.org" />
    <property name="env.rvm_bin_path" value="/home/travis/.rvm/bin" />
    <property name="java.home" value="/usr/local/lib/jvm/openjdk11" />
    <property name="env.TRAVIS_JOB_NUMBER" value="1267.8" />
    <property name="env.TRAVIS_HOME" value="/home/travis" />
    <property name="env.DISPLAY" value=":99.0" />
    <property name="env.TRAVIS_INIT" value="systemd" />
    <property name="env.SSH_TTY" value="/dev/pts/0" />
    <property name="java.net.preferIPv4Stack" value="true" />
    <property name="env.RUN_TESTS" value="true" />
    <property name="timeout.short" value="1000000" />
    <property name="junit.formatter" value="xml" />
    <property name="env.TRAVIS_SUDO" value="true" />
    <property name="env.TRAVIS_JOB_NAME" value="" />
    <property name="env.TRAVIS_STACK_NODE_ATTRIBUTES" value="/.node-attributes.yml" />
    <property name="env.LOGNAME" value="travis" />
    <property name="env.PT_TRAVIS_TEST_CORE1_XML" value="true" />
    <property name="jsdoc.home" value="node_modules/@terraswarm/jsdoc" />
    <property name="debuglevel" value="source,lines,vars" />
    <property name="checkstyle.formatter" value="xml" />
    <property name="env._system_version" value="16.04" />
    <property name="bin.vergil.makeable" value="true" />
    <property name="sun.os.patch.level" value="unknown" />
    <property name="java.vendor.url" value="http://java.oracle.com/" />
    <property name="env.TRAVIS_BUILD_WEB_URL" value="https://travis-ci.org/icyphy/ptII/builds/561918499" />
    <property name="java.version" value="11.0.2" />
    <property name="env.TZ" value="UTC" />
    <property name="env.TRAVIS_PULL_REQUEST_SHA" value="" />
    <property name="env.PT_NO_NET" value="true" />
    <property name="env.TRAVIS_SECURE_ENV_VARS" value="true" />
    <property name="env._system_type" value="Linux" />
    <property name="java.vendor.url.bug" value="http://bugreport.java.com/bugreport/" />
    <property name="npmjs-org-is-up" value="true" />
    <property name="env.LANGUAGE" value="en_US.UTF-8" />
    <property name="env.SSH_CLIENT" value="10.10.4.127 45260 22" />
    <property name="env.GEM_HOME" value="/home/travis/.rvm/gems/ruby-2.5.3" />
    <property name="env.HAS_ANTARES_THREE_LITTLE_FRONZIES_BADGE" value="true" />
    <property name="java.version.date" value="2019-01-15" />
    <property name="env.PS4" value="+" />
    <property name="ant.project.invoked-targets" value="build,test.core1.xml" />
    <property name="env.TRAVIS_PULL_REQUEST_BRANCH" value="" />
    <property name="env.TRAVIS_REPO_SLUG" value="icyphy/ptII" />
    <property name="env.XDG_DATA_DIRS" value="/usr/local/share:/usr/share:/var/lib/snapd/desktop" />
    <property name="jdk.debug" value="release" />
    <property name="env.TRAVIS_APT_PROXY" value="http://apt.cache.travis-ci.com" />
    <property name="node.in.path" value="true" />
    <property name="user.name" value="travis" />
    <property name="java.maxmemory" value="1400m" />
    <property name="env.RUBY_VERSION" value="ruby-2.5.3" />
    <property name="env.LANG" value="en_US.UTF-8" />
    <property name="sun.io.unicode.encoding" value="UnicodeLittle" />
    <property name="sun.jnu.encoding" value="UTF-8" />
    <property name="java.runtime.name" value="OpenJDK Runtime Environment" />
    <property name="usefile" value="false" />
    <property name="return.code" value="0" />
    <property name="junit.single.formatter" value="plain" />
    <property name="env.DYLD_LIBRARY_PATH" value="/home/travis/pthla/certi-tools/lib:" />
    <property name="env.DEBIAN_FRONTEND" value="noninteractive" />
    <property name="env.SSH_CONNECTION" value="10.10.4.127 45260 10.20.1.115 22" />
    <property name="env.MYSQL_UNIX_PORT" value="/var/run/mysqld/mysqld.sock" />
    <property name="env.LC_ALL" value="en_US.UTF-8" />
    <property name="env.TRAVIS_ALLOW_FAILURE" value="false" />
    <property name="env.TRAVIS_JOB_WEB_URL" value="https://travis-ci.org/icyphy/ptII/jobs/561918511" />
    <property name="java.specification.name" value="Java Platform API Specification" />
    <property name="node.works" value="true" />
    <property name="user.timezone" value="" />
    <property name="path.separator" value=":" />
    <property name="env.TRAVIS_ENABLE_INFRA_DETECTION" value="true" />
    <property name="env.PYTHON_CFLAGS" value="-g -fstack-protector --param=ssp-buffer-size=4 -Wformat -Werror=format-security" />
    <property name="timeout.long" value="4000000" />
    <property name="env.CERTI_HOME" value="/home/travis/pthla/certi-tools" />
    <property name="ant.file.ptII" value="/home/travis/build/icyphy/ptII/build.xml" />
    <property name="javadoc.packagenames" value="com.*,diva.*,lbnl.*,org.hlacerti.*,org.json.*,org.ptolemy.*,org.terraswarm.*,ptolemy.*,ptserver.*" />
    <property name="file.encoding" value="UTF-8" />
    <property name="env.TRAVIS_PULL_REQUEST_SLUG" value="" />
    <property name="ant.project.default-target" value="build" />
    <property name="env.GIT_ASKPASS" value="echo" />
    <property name="env.HOME" value="/home/travis" />
    <property name="sun.java.command" value="org.apache.tools.ant.taskdefs.optional.junit.JUnitTestRunner ptolemy.actor.lib.test.junit.JUnitTclTest skipNonTests=false filtertrace=true haltOnError=false haltOnFailure=false formatter=org.apache.tools.ant.taskdefs.optional.junit.OutErrSummaryJUnitResultFormatter showoutput=true outputtoformatters=true logfailedtests=true threadid=0 logtestlistenerevents=false formatter=org.apache.tools.ant.taskdefs.optional.junit.XMLJUnitResultFormatter,/home/travis/build/icyphy/ptII/reports/junit/TEST-ptolemy.actor.lib.test.junit.JUnitTclTest.xml crashfile=/home/travis/build/icyphy/ptII/junitvmwatcher4044105109174633217.properties propsfile=/home/travis/build/icyphy/ptII/junit10770027988479082481.properties" />
    <property name="env.COMPOSER_NO_INTERACTION" value="1" />
    <property name="env.MANPATH" value="/home/travis/.nvm/versions/node/v7.10.1/share/man:/home/travis/.rvm/rubies/ruby-2.5.3/share/man:/usr/local/cmake-3.12.4/man:/usr/local/clang-7.0.0/share/man:/usr/local/man:/usr/local/share/man:/usr/share/man:/home/travis/.rvm/man" />
    <property name="env.TRAVIS_TIMER_ID" value="007e2b18" />
    <property name="ant.file" value="/home/travis/build/icyphy/ptII/build.xml" />
    <property name="env.TRAVIS_COMMIT_RANGE" value="c4511184e160710772cce5249ca3fb205998aa3c...dc7d6535bd3930c0d2c08778d86d107a0caf4067" />
    <property name="env._system_name" value="Ubuntu" />
    <property name="ptII.classpath.optional.property" value="/home/travis/build/icyphy/ptII/lib/bsh-2.0b4.jar:/home/travis/build/icyphy/ptII/lib/ptCal.jar:/home/travis/build/icyphy/ptII/lib/java_cup.jar:/home/travis/build/icyphy/ptII/lib/saxon8.jar:/home/travis/build/icyphy/ptII/lib/saxon8-dom.jar:/home/travis/build/icyphy/ptII/lib/chic.jar:/home/travis/build/icyphy/ptII/lib/ptcolt.jar:/home/travis/build/icyphy/ptII/vendors/misc/itext/iText.jar:/home/travis/build/icyphy/ptII/lib/g4ltl.jar:/home/travis/build/icyphy/ptII/lib/StructuralCoder.jar:/home/travis/build/icyphy/ptII/lib/jcerti.jar:/home/travis/build/icyphy/ptII/lib/javax.mail.jar:/home/travis/build/icyphy/ptII/vendors/JMF-2.1.1e/lib/jmf.jar:/home/travis/build/icyphy/ptII/lib/jna-4.0.0-variadic.jar:/home/travis/build/icyphy/ptII/vendors/misc/joystick/Joystick.jar:/home/travis/build/icyphy/ptII/lib/ptjacl.jar:/home/travis/build/icyphy/ptII/lib/jsoup-1.8.2.jar:/home/travis/build/icyphy/ptII/lib/junit-4.8.2.jar:/home/travis/build/icyphy/ptII/lib/JUnitParams-0.4.0.jar:/home/travis/build/icyphy/ptII/ptolemy/actor/lib/excel/jxl.jar:/home/travis/build/icyphy/ptII/lib/jython.jar:/home/travis/build/icyphy/ptII/lib/kieler.jar:/home/travis/build/icyphy/ptII/vendors/opencv/share/OpenCV/java/opencv-341.jar:/home/travis/build/icyphy/ptII/lib/oscP5.jar:/home/travis/build/icyphy/ptII/lib/nrjavaserial-3.11.0.devel.jar:/home/travis/build/icyphy/ptII/vendors/j3d/lib/Linux/j3dcore.jar:/home/travis/build/icyphy/ptII/vendors/j3d/lib/Linux/j3dutils.jar:/home/travis/build/icyphy/ptII/vendors/j3d/lib/Linux/vecmath.jar:/home/travis/build/icyphy/ptII/vendors/jogl/lib/Linux/gluegen-rt-natives-linux-amd64.jar:/home/travis/build/icyphy/ptII/vendors/jogl/lib/Linux/gluegen-rt.jar:/home/travis/build/icyphy/ptII/vendors/jogl/lib/Linux/jogl-all-natives-linux-amd64.jar:/home/travis/build/icyphy/ptII/vendors/jogl/lib/Linux/jogl-all.jar:/home/travis/build/icyphy/ptII/ptolemy/distributed/jini/jar/jini-core.jar:/home/travis/build/icyphy/ptII/ptolemy/distributed/jini/jar/jini-ext.jar:/home/travis/build/icyphy/ptII/ptolemy/distributed/jini/jar/sun-util.jar:/home/travis/build/icyphy/ptII/lib/protobuf-java-2.4.1.jar:/home/travis/build/icyphy/ptII/lib/org.eclipse.paho.client.mqttv3.jar:/home/travis/build/icyphy/ptII/lib/mapss.jar:/home/travis/build/icyphy/ptII/ptolemy/actor/ptalon/antlr/antlr.jar:/home/travis/build/icyphy/ptII/lib/JRI.jar:/home/travis/build/icyphy/ptII/lib/commons-lang-2.6.jar:/home/travis/build/icyphy/ptII/lib/commons-logging-1.1.1.jar:/home/travis/build/icyphy/ptII/lib/sootclasses.jar:/home/travis/build/icyphy/ptII/ptolemy/actor/lib/database/mysql-connector-java-5.1.6-bin.jar:/home/travis/build/icyphy/ptII/vendors/misc/sphinx4/sphinx4-data-5prealpha.jar:/home/travis/build/icyphy/ptII/vendors/misc/sphinx4/sphinx4-core-5prealpha.jar:/home/travis/build/icyphy/ptII/lib/PDFRenderer.jar:/home/travis/build/icyphy/ptII/lib/svgSalamander.jar:/home/travis/build/icyphy/ptII/lib/rsyntaxtextarea-2.6.0-SNAPSHOT.jar:/home/travis/build/icyphy/ptII/lib/hazelcast-3.8.2.jar:/home/travis/build/icyphy/ptII/lib/jackson-annotations-2.9.0.jar:/home/travis/build/icyphy/ptII/lib/jackson-core-2.9.3.jar:/home/travis/build/icyphy/ptII/lib/jackson-databind-2.9.3.jar:/home/travis/build/icyphy/ptII/lib/netty-buffer-4.1.19.Final.jar:/home/travis/build/icyphy/ptII/lib/netty-codec-4.1.19.Final.jar:/home/travis/build/icyphy/ptII/lib/netty-codec-dns-4.1.19.Final.jar:/home/travis/build/icyphy/ptII/lib/netty-codec-http-4.1.19.Final.jar:/home/travis/build/icyphy/ptII/lib/netty-codec-http2-4.1.19.Final.jar:/home/travis/build/icyphy/ptII/lib/netty-common-4.1.19.Final.jar:/home/travis/build/icyphy/ptII/lib/netty-handler-4.1.19.Final.jar:/home/travis/build/icyphy/ptII/lib/netty-resolver-4.1.19.Final.jar:/home/travis/build/icyphy/ptII/lib/netty-resolver-dns-4.1.19.Final.jar:/home/travis/build/icyphy/ptII/lib/netty-transport-4.1.19.Final.jar:/home/travis/build/icyphy/ptII/lib/vertx-codegen-3.5.1.jar:/home/travis/build/icyphy/ptII/lib/vertx-core-3.5.2-SNAPSHOT.jar:/home/travis/build/icyphy/ptII/lib/vertx-hazelcast-3.5.1.jar:/home/travis/build/icyphy/ptII/lib/vertx-lang-js-3.5.1.jar:/home/travis/build/icyphy/ptII/lib/vertx-service-proxy-3.5.1.jar:/home/travis/build/icyphy/ptII/lib/vertx-web-3.5.1.jar:/home/travis/build/icyphy/ptII/lib/slf4j-api-1.7.13.jar:/home/travis/build/icyphy/ptII/lib/slf4j-simple-1.7.13.jar:/home/travis/build/icyphy/ptII/lib/webcam-capture-0.3.12.jar:/home/travis/build/icyphy/ptII/lib/bridj-0.7.0.jar:/home/travis/build/icyphy/ptII/lib/xbjlib-1.1.0.nrjavaserial.jar" />
    <property name="timeout" value="2400000" />
    <property name="test.batch" value="**/junit/*.java" />
    <property name="env._" value="/usr/bin/timeout" />
    <property name="java.io.tmpdir" value="/tmp" />
    <property name="user.language" value="en" />
    <property name="env.TRAVIS_INTERNAL_RUBY_REGEX" value="^ruby-(2\.[0-4]\.[0-9]|1\.9\.3)" />
    <property name="env.HISTCONTROL" value="ignoredups:ignorespace" />
    <property name="env.GOROOT" value="/home/travis/.gimme/versions/go1.11.1.linux.amd64" />
    <property name="line.separator" value="&#xa;" />
    <property name="target" value="11" />
    <property name="env.TRAVIS_BUILD_DIR" value="/home/travis/build/icyphy/ptII" />
    <property name="env.ANT_OPTS" value="-Xmx2048m" />
    <property name="ant.file.type" value="file" />
    <property name="ptolemy.ptII.batchMode" value="true" />
    <property name="env.HISTSIZE" value="1000" />
    <property name="env.MERB_ENV" value="test" />
    <property name="java.vm.info" value="mixed mode" />
    <property name="source" value="11" />
    <property name="java.vm.specification.name" value="Java Virtual Machine Specification" />
    <property name="env.TRAVIS_TEST_RESULT" value="0" />
    <property name="jsdoc.command" value="node_modules/@terraswarm/jsdoc/jsdoc.js" />
    <property name="npm.works" value="true" />
    <property name="cobertura.dir" value="/home/travis/build/icyphy/ptII/vendors/cobertura-2.0.3" />
    <property name="jsdoc.command.exists" value="true" />
    <property name="env.rvm_path" value="/home/travis/.rvm" />
    <property name="env.GEM_PATH" value="/home/travis/.rvm/gems/ruby-2.5.3:/home/travis/.rvm/gems/ruby-2.5.3@global" />
    <property name="env.LC_CTYPE" value="en_US.UTF-8" />
    <property name="env.TRAVIS_CMD" value="$PTII/bin/ptIITravisBuild.sh $SECONDS" />
    <property name="java.awt.printerjob" value="sun.print.PSPrinterJob" />
    <property name="env.TRAVIS_STACK_NAME" value="sardonyx" />
    <property name="env.TRAVIS_TIMER_START_TIME" value="1563771700850930821" />
    <property name="ant.version" value="Apache Ant(TM) version 1.10.1 compiled on February 2 2017" />
    <property name="ptII.reports" value="/home/travis/build/icyphy/ptII/reports" />
    <property name="env.TRAVIS_STACK_TIMESTAMP" value="2019-03-25 16:16:56 UTC" />
    <property name="ant.file.type.ptII" value="file" />
    <property name="env.RBENV_SHELL" value="bash" />
    <property name="os.name" value="Linux" />
    <property name="java.specification.vendor" value="Oracle Corporation" />
    <property name="env.rvm_version" value="1.29.7 (latest)" />
    <property name="env.TRAVIS_INFRA" value="gce" />
    <property name="env.TERM" value="xterm" />
    <property name="java.vm.name" value="OpenJDK 64-Bit Server VM" />
    <property name="env.TRAVIS_BUILD_NUMBER" value="1267" />
    <property name="env.CI" value="true" />
    <property name="java.library.path" value="/home/travis/pthla/certi-tools/lib:/usr/lib/jni:/usr/local/share/OpenCV/java/:/usr/share/OpenCV/java::/usr/java/packages/lib:/usr/lib64:/lib64:/lib:/usr/lib" />
    <property name="jdk.module.path" value="/home/travis/build/icyphy/ptII/vendors/javafx/javafx-sdk-11.0.2/lib:" />
    <property name="env.rvm_prefix" value="/home/travis" />
    <property name="env.PATH" value="/home/travis/pthla/certi-tools/share/scripts:/home/travis/.rvm/gems/ruby-2.5.3/bin:/home/travis/.rvm/gems/ruby-2.5.3@global/bin:/home/travis/.rvm/rubies/ruby-2.5.3/bin:/home/travis/.rvm/bin:/home/travis/.nvm/versions/node/v7.10.1/bin:./node_modules/.bin:/home/travis/build/icyphy/ptII/bin:/home/travis/pthla/certi-tools/bin:/home/travis/bin:/home/travis/.local/bin:/usr/local/lib/jvm/openjdk11/bin:/opt/pyenv/shims:/home/travis/.phpenv/shims:/home/travis/perl5/perlbrew/bin:/home/travis/gopath/bin:/home/travis/.gimme/versions/go1.11.1.linux.amd64/bin:/usr/local/maven-3.6.0/bin:/usr/local/cmake-3.12.4/bin:/usr/local/clang-7.0.0/bin:/usr/local/sbin:/usr/local/bin:/usr/sbin:/usr/bin:/sbin:/bin:/snap/bin:/home/travis/.phpenv/bin:/opt/pyenv/bin:/home/travis/.yarn/bin" />
    <property name="env.TRAVIS_OS_NAME" value="linux" />
    <property name="ant.java.version" value="9" />
    <property name="basedir" value="/home/travis/build/icyphy/ptII" />
    <property name="java.class.version" value="55.0" />
    <property name="env.SHLVL" value="3" />
    <property name="env.LD_LIBRARY_PATH" value="/home/travis/pthla/certi-tools/lib:/usr/lib/jni:/usr/local/share/OpenCV/java/:/usr/share/OpenCV/java:" />
    <property name="env.RACK_ENV" value="test" />
    <property name="ant.home" value="/home/travis/build/icyphy/ptII/ant" />
    <property name="env.NVM_DIR" value="/home/travis/.nvm" />
    <property name="env.CERTI_FOM_PATH" value="/home/travis/pthla/certi-tools/share/federations" />
    <property name="env.TRAVIS_BUILD_ID" value="561918499" />
    <property name="env.PYENV_ROOT" value="/opt/pyenv" />
    <property name="env.TRAVIS_UID" value="2000" />
    <property name="prism.verbose" value="true" />
    <property name="env.NVM_BIN" value="/home/travis/.nvm/versions/node/v7.10.1/bin" />
    <property name="env.TRAVIS_COMMIT" value="dc7d6535bd3930c0d2c08778d86d107a0caf4067" />
    <property name="env._system_arch" value="x86_64" />
    <property name="node.executable" value="node" />
    <property name="sun.boot.library.path" value="/usr/local/lib/jvm/openjdk11/lib" />
    <property name="sun.management.compiler" value="HotSpot 64-Bit Tiered Compilers" />
    <property name="java.awt.graphicsenv" value="sun.awt.X11GraphicsEnvironment" />
    <property name="env.GOPATH" value="/home/travis/gopath" />
    <property name="ptolemy.ptII.dir" value="/home/travis/build/icyphy/ptII" />
    <property name="env.USER" value="travis" />
    <property name="env.HISTFILESIZE" value="2000" />
    <property name="timeout.longest" value="19000000" />
    <property name="env.PERLBREW_SHELLRC_VERSION" value="0.86" />
    <property name="env.TRAVIS_STACK_FEATURES" value="basic couchdb disabled-ipv6 docker docker-compose elasticsearch firefox go-toolchain google-chrome jdk memcached mongodb mysql nodejs_interpreter perl_interpreter perlbrew phantomjs postgresql python_interpreter redis ruby_interpreter sqlite xserver" />
    <property name="env.TRAVIS_PULL_REQUEST" value="false" />
    <property name="env.PYENV_SHELL" value="bash" />
    <property name="ant.project.name" value="ptII" />
    <property name="env.ANSI_RESET" value="\033[0m" />
    <property name="java.vm.specification.version" value="11" />
    <property name="env.TRAVIS_DIST" value="xenial" />
    <property name="env.CERTI_VERSION" value="4.0.0" />
    <property name="env.CERTI_HOST" value="localhost" />
    <property name="awt.toolkit" value="sun.awt.X11.XToolkit" />
    <property name="env.MY_RUBY_HOME" value="/home/travis/.rvm/rubies/ruby-2.5.3" />
    <property name="sun.cpu.isalist" value="" />
    <property name="env.TRAVIS_TMPDIR" value="/tmp/tmp.visT9Av0Gx" />
    <property name="java.vm.compressedOopsMode" value="Zero based" />
    <property name="os.version" value="4.15.0-1028-gcp" />
    <property name="user.home" value="/home/travis" />
    <property name="java.vm.vendor" value="Oracle Corporation" />
    <property name="env.TRAVIS_TAG" value="nightly" />
    <property name="env.ANSI_YELLOW" value="\033[33;1m" />
    <property name="env.TRAVIS_FILTERED" value="redirect_io" />
    <property name="env.ANSI_GREEN" value="\033[32;1m" />
    <property name="env.JAVA_HOME" value="/usr/local/lib/jvm/openjdk11" />
    <property name="javadoc.excludepackagenames" value="adm.cvs2svn.*,build.*,config.*,doc.coding.templates.*,jni.test.jni.meaningOfLife.*,jni.test.jni.testDeux.*,jni.test.jni.testTrois.*,org.terraswarm.accessor.accessors.web.node_modules.*,org.terraswarm.accessor.accessors.web.hosts.cordova.demo.*,org.terraswarm.accessor.accessors.web.hosts.cordova.plugins.*,org.terraswarm.accessor.accessors-svn.*,pt-modules.*,ptolemy.apps.agilent.*,ptolemy.apps.anytimecontrol.*,ptolemy.apps.apes.*,ptolemy.apps.charon.*,ptolemy.apps.crazyboard.*,ptolemy.apps.eclipse.*,ptolemy.apps.etherealSting.*,ptolemy.apps.fullscreen.*,ptolemy.apps.giotto.*,ptolemy.apps.ia.*,ptolemy.apps.interfaces.*,ptolemy.apps.jmf.*,ptolemy.apps.kurt.*,ptolemy.apps.kvm.*,ptolemy.apps.lego.*,ptolemy.apps.lejos.*,ptolemy.apps.midp.*,ptolemy.apps.mobileCoding.*,ptolemy.apps.pendulum.*,ptolemy.apps.rijndael.*,ptolemy.apps.robot.*,ptolemy.apps.security.*,ptolemy.apps.sobel.*,ptolemy.apps.soot.*,ptolemy.apps.throttle.*,ptolemy.apps.tini.*,ptolemy.apps.transmission.*,ptolemy.apps.vergil.*,ptolemy.apps.waba.*,ptolemy.apps.websensor.*,ptolemy.apps.webstart.*,ptolemy.apps.xsl.*,ptolemy.apps.zaurus.*,ptolemy.codegen.c.actor.lib.oldJavaFiles.*,ptolemy.codegen.dsp.lib.*,ptolemy.codegen.kernel.newInterfaces.*,ptolemy.codegen.lib.*,ptolemy.copernicus.kernel.fragment.*,ptolemy.copernicus.shallow.cg.*,ptolemy.domains.giotto.demo.Hierarchy.Hierarchy.*,ptolemy.domains.giotto.demo.Multimode.Multimode.*,ptolemy.domains.giotto.demo.Simple.Simple.*,ptolemy.domains.gr.lib.experimental.*,ptolemy.domains.gro.*,ptolemy.domains.pdf.*,ptolemy.domains.ptinyos.demo.Surge.output.*,ptolemy.moml.test.NoPackageActor.java*,ptolemy.plot.adm.*,ptolemy.plot.servlet.*,reports.*,signed.*,src.*,target.*,vendors.*,ptolemy.copernicus.applet.*,ptolemy.media.viewer.*,ptolemy.actor.corba.*,doc.doclets.*,ptolemy.apps.eclipse.awt.*,ptolemy.backtrack.*,ptolemy.backtrack.ast.*,ptolemy.cg.adapter.generic.program.procedural.c.mbed*,ptolemy.homer.*,ptolemy.actor.lib.jai.*,org.ptolemy.scala.*,diva.util.java2d.svg.*,ptolemy.domains.ptinyos.*,ptolemy.actor.lib.fmi.fmipp.*,,org.terraswarm.accessor.accessors.web.node_modules.*,org.terraswarm.accessor.accessors-svn,ptolemy.apps.*,ptolemy.actor.ptalon.demo.ptinyos.SendAndReceiveCnt.output,ptolemy.actor.ptalon.demo.ptinyos.SenseToLeds.output,ptolemy.domains.ptinyos.demo.CntToLedsAndRfm.output,ptolemy.domains.ptinyos.demo.RfmToLeds.output,ptolemy.domains.ptinyos.demo.SendAndReceiveCnt.output,ptolemy.domains.ptinyos.demo.SenseToLeds.output,ptolemy.actor.lib.jjs.modules.udpSocket.*" />
    <property name="env.PTII" value="/home/travis/build/icyphy/ptII" />
    <property name="env.XDG_SESSION_ID" value="2" />
    <property name="keystore" value="ptKeystore" />
    <property name="env.TRAVIS_COMMIT_MESSAGE" value="No longer print a message if we can&apos;t update ClassLoader.usr_paths.  This should only affect the rxtx serial code." />
    <property name="junit.output.dir" value="/home/travis/build/icyphy/ptII/reports/junit" />
    <property name="npm.return.code" value="0" />
    <property name="user.dir" value="/home/travis/build/icyphy/ptII/ptolemy/actor/lib/test" />
    <property name="env.TRAVIS_NODE_VERSION" value="7" />
    <property name="env.TRAVIS_EVENT_TYPE" value="cron" />
    <property name="env.MAIL" value="/var/mail/travis" />
    <property name="env.PERLBREW_ROOT" value="/home/travis/perl5/perlbrew" />
    <property name="env.PWD" value="/home/travis/build/icyphy/ptII" />
    <property name="timeout.npm" value="45000" />
    <property name="env.TRAVIS_ARCH" value="amd64" />
    <property name="sun.cpu.endian" value="little" />
    <property name="env.PAGER" value="cat" />
    <property name="env.TRAVIS_BUILD_STAGE_NAME" value="Test" />
    <property name="env.PERLBREW_HOME" value="/home/travis/.perlbrew" />
    <property name="java.vm.version" value="11.0.2+9" />
    <property name="env.RAILS_ENV" value="test" />
    <property name="java.class.path" value="/home/travis/.ptolemyII:/home/travis/.ptolemyII/*:/home/travis/build/icyphy/ptII:/home/travis/build/icyphy/ptII/lib/bsh-2.0b4.jar:/home/travis/build/icyphy/ptII/lib/ptCal.jar:/home/travis/build/icyphy/ptII/lib/java_cup.jar:/home/travis/build/icyphy/ptII/lib/saxon8.jar:/home/travis/build/icyphy/ptII/lib/saxon8-dom.jar:/home/travis/build/icyphy/ptII/lib/chic.jar:/home/travis/build/icyphy/ptII/lib/ptcolt.jar:/home/travis/build/icyphy/ptII/vendors/misc/itext/iText.jar:/home/travis/build/icyphy/ptII/lib/g4ltl.jar:/home/travis/build/icyphy/ptII/lib/StructuralCoder.jar:/home/travis/build/icyphy/ptII/lib/jcerti.jar:/home/travis/build/icyphy/ptII/lib/javax.mail.jar:/home/travis/build/icyphy/ptII/vendors/JMF-2.1.1e/lib/jmf.jar:/home/travis/build/icyphy/ptII/lib/jna-4.0.0-variadic.jar:/home/travis/build/icyphy/ptII/vendors/misc/joystick/Joystick.jar:/home/travis/build/icyphy/ptII/lib/ptjacl.jar:/home/travis/build/icyphy/ptII/lib/jsoup-1.8.2.jar:/home/travis/build/icyphy/ptII/lib/junit-4.8.2.jar:/home/travis/build/icyphy/ptII/lib/JUnitParams-0.4.0.jar:/home/travis/build/icyphy/ptII/ptolemy/actor/lib/excel/jxl.jar:/home/travis/build/icyphy/ptII/lib/jython.jar:/home/travis/build/icyphy/ptII/lib/kieler.jar:/home/travis/build/icyphy/ptII/vendors/opencv/share/OpenCV/java/opencv-341.jar:/home/travis/build/icyphy/ptII/lib/oscP5.jar:/home/travis/build/icyphy/ptII/lib/nrjavaserial-3.11.0.devel.jar:/home/travis/build/icyphy/ptII/vendors/j3d/lib/Linux/j3dcore.jar:/home/travis/build/icyphy/ptII/vendors/j3d/lib/Linux/j3dutils.jar:/home/travis/build/icyphy/ptII/vendors/j3d/lib/Linux/vecmath.jar:/home/travis/build/icyphy/ptII/vendors/jogl/lib/Linux/gluegen-rt-natives-linux-amd64.jar:/home/travis/build/icyphy/ptII/vendors/jogl/lib/Linux/gluegen-rt.jar:/home/travis/build/icyphy/ptII/vendors/jogl/lib/Linux/jogl-all-natives-linux-amd64.jar:/home/travis/build/icyphy/ptII/vendors/jogl/lib/Linux/jogl-all.jar:/home/travis/build/icyphy/ptII/ptolemy/distributed/jini/jar/jini-core.jar:/home/travis/build/icyphy/ptII/ptolemy/distributed/jini/jar/jini-ext.jar:/home/travis/build/icyphy/ptII/ptolemy/distributed/jini/jar/sun-util.jar:/home/travis/build/icyphy/ptII/lib/protobuf-java-2.4.1.jar:/home/travis/build/icyphy/ptII/lib/org.eclipse.paho.client.mqttv3.jar:/home/travis/build/icyphy/ptII/lib/mapss.jar:/home/travis/build/icyphy/ptII/ptolemy/actor/ptalon/antlr/antlr.jar:/home/travis/build/icyphy/ptII/lib/JRI.jar:/home/travis/build/icyphy/ptII/lib/commons-lang-2.6.jar:/home/travis/build/icyphy/ptII/lib/commons-logging-1.1.1.jar:/home/travis/build/icyphy/ptII/lib/sootclasses.jar:/home/travis/build/icyphy/ptII/ptolemy/actor/lib/database/mysql-connector-java-5.1.6-bin.jar:/home/travis/build/icyphy/ptII/vendors/misc/sphinx4/sphinx4-data-5prealpha.jar:/home/travis/build/icyphy/ptII/vendors/misc/sphinx4/sphinx4-core-5prealpha.jar:/home/travis/build/icyphy/ptII/lib/PDFRenderer.jar:/home/travis/build/icyphy/ptII/lib/svgSalamander.jar:/home/travis/build/icyphy/ptII/lib/rsyntaxtextarea-2.6.0-SNAPSHOT.jar:/home/travis/build/icyphy/ptII/lib/hazelcast-3.8.2.jar:/home/travis/build/icyphy/ptII/lib/jackson-annotations-2.9.0.jar:/home/travis/build/icyphy/ptII/lib/jackson-core-2.9.3.jar:/home/travis/build/icyphy/ptII/lib/jackson-databind-2.9.3.jar:/home/travis/build/icyphy/ptII/lib/netty-buffer-4.1.19.Final.jar:/home/travis/build/icyphy/ptII/lib/netty-codec-4.1.19.Final.jar:/home/travis/build/icyphy/ptII/lib/netty-codec-dns-4.1.19.Final.jar:/home/travis/build/icyphy/ptII/lib/netty-codec-http-4.1.19.Final.jar:/home/travis/build/icyphy/ptII/lib/netty-codec-http2-4.1.19.Final.jar:/home/travis/build/icyphy/ptII/lib/netty-common-4.1.19.Final.jar:/home/travis/build/icyphy/ptII/lib/netty-handler-4.1.19.Final.jar:/home/travis/build/icyphy/ptII/lib/netty-resolver-4.1.19.Final.jar:/home/travis/build/icyphy/ptII/lib/netty-resolver-dns-4.1.19.Final.jar:/home/travis/build/icyphy/ptII/lib/netty-transport-4.1.19.Final.jar:/home/travis/build/icyphy/ptII/lib/vertx-codegen-3.5.1.jar:/home/travis/build/icyphy/ptII/lib/vertx-core-3.5.2-SNAPSHOT.jar:/home/travis/build/icyphy/ptII/lib/vertx-hazelcast-3.5.1.jar:/home/travis/build/icyphy/ptII/lib/vertx-lang-js-3.5.1.jar:/home/travis/build/icyphy/ptII/lib/vertx-service-proxy-3.5.1.jar:/home/travis/build/icyphy/ptII/lib/vertx-web-3.5.1.jar:/home/travis/build/icyphy/ptII/lib/slf4j-api-1.7.13.jar:/home/travis/build/icyphy/ptII/lib/slf4j-simple-1.7.13.jar:/home/travis/build/icyphy/ptII/lib/webcam-capture-0.3.12.jar:/home/travis/build/icyphy/ptII/lib/bridj-0.7.0.jar:/home/travis/build/icyphy/ptII/lib/xbjlib-1.1.0.nrjavaserial.jar:/home/travis/build/icyphy/ptII/ptolemy/moml/test:/home/travis/build/icyphy/ptII/ant/lib/ant-launcher.jar:/home/travis/build/icyphy/ptII/ant/lib/ant.jar:/home/travis/build/icyphy/ptII/ant/lib/ant-junit.jar:/home/travis/build/icyphy/ptII/ant/lib/ant-junit4.jar" />
    <property name="ant.library.dir" value="/home/travis/build/icyphy/ptII/ant/lib" />
    <property name="os.arch" value="amd64" />
    <property name="env.CONTINUOUS_INTEGRATION" value="true" />
    <property name="env.TRAVIS_LANGUAGE" value="node_js" />
    <property name="env.TRAVIS_STACK_LANGUAGES" value="__sardonyx__ c c++ clojure cplusplus cpp default generic go groovy java node_js php pure_java python ruby scala" />
    <property name="test.name" value="ptolemy.actor.lib.test.junit.JUnitTclTest" />
    <property name="env.APT_KEY_DONT_WARN_ON_DANGEROUS_USAGE" value="1" />
    <property name="sun.java.launcher" value="SUN_STANDARD" />
    <property name="env.PYTHON_CONFIGURE_OPTS" value="--enable-unicode=ucs4 --with-wide-unicode --enable-shared --enable-ipv6 --enable-loadable-sqlite-extensions --with-computed-gotos" />
    <property name="ant.core.lib" value="/home/travis/build/icyphy/ptII/ant/lib/ant.jar" />
    <property name="java.vm.specification.vendor" value="Oracle Corporation" />
    <property name="env.BCVTB_HOME" value="/home/travis/build/icyphy/ptII/lbnl" />
    <property name="file.separator" value="/" />
    <property name="spotbugs.home" value="/home/travis/build/icyphy/ptII/vendors/spotbugs-3.1.1" />
    <property name="java.runtime.version" value="11.0.2+9" />
    <property name="env.ANSI_CLEAR" value="\033[0K" />
    <property name="javafx.verbose" value="true" />
    <property name="env.HAS_JOSH_K_SEAL_OF_APPROVAL" value="true" />
    <property name="env.XDG_RUNTIME_DIR" value="/run/user/2000" />
    <property name="env.TRAVIS_OSX_IMAGE" value="" />
    <property name="env.TRAVIS_JOB_ID" value="561918511" />
    <property name="env.TRAVIS_BRANCH" value="master" />
    <property name="user.country" value="US" />
    <property name="env.CERTI_HOME_TRAVIS" value="/home/travis/pthla/certi-tools" />
    <property name="env.SHELL" value="/bin/bash" />
    <property name="java.maxmemory.large" value="3500m" />
    <property name="model" value="" />
    <property name="env.CASHER_DIR" value="/home/travis/.casher" />
    <property name="env.NVM_CD_FLAGS" value="" />
    <property name="java.vendor.version" value="18.9" />
    <property name="jshint.executable" value="/home/travis/node_modules/jshint/bin/jshint" />
    <property name="env.JRUBY_OPTS" value=" --client -J-XX:+TieredCompilation -J-XX:TieredStopAtLevel=1 -J-Xss2m -Xcompile.invokedynamic=false" />
    <property name="java.vendor" value="Oracle Corporation" />
    <property name="env.TRAVIS_PRE_CHEF_BOOTSTRAP_TIME" value="2019-03-25T16:16:42" />
    <property name="env.TRAVIS_STACK_JOB_BOARD_REGISTER" value="/.job-board-register.yml" />
    <property name="env.ANSI_RED" value="\033[31;1m" />
    <property name="java.specification.version" value="11" />
    <property name="env.IRBRC" value="/home/travis/.rvm/rubies/ruby-2.5.3/.irbrc" />
    <property name="env.TRAVIS" value="true" />
    <property name="sun.arch.data.model" value="64" />
  </properties>
  <testcase classname="ptolemy.util.test.junit.TclTests" name="[0] /home/travis/build/icyphy/ptII/ptolemy/actor/lib/test/AbsoluteValue.tcl (RunTclFile)" time="0.57" />
  <testcase classname="ptolemy.util.test.junit.TclTests" name="[1] /home/travis/build/icyphy/ptII/ptolemy/actor/lib/test/AddSubtract.tcl (RunTclFile)" time="0.161" />
  <testcase classname="ptolemy.util.test.junit.TclTests" name="[2] /home/travis/build/icyphy/ptII/ptolemy/actor/lib/test/Average.tcl (RunTclFile)" time="0.074" />
  <testcase classname="ptolemy.util.test.junit.TclTests" name="[3] /home/travis/build/icyphy/ptII/ptolemy/actor/lib/test/Bernoulli.tcl (RunTclFile)" time="0.04" />
  <testcase classname="ptolemy.util.test.junit.TclTests" name="[4] /home/travis/build/icyphy/ptII/ptolemy/actor/lib/test/Clock.tcl (RunTclFile)" time="0.123" />
  <testcase classname="ptolemy.util.test.junit.TclTests" name="[5] /home/travis/build/icyphy/ptII/ptolemy/actor/lib/test/Commutator.tcl (RunTclFile)" time="0.184" />
  <testcase classname="ptolemy.util.test.junit.TclTests" name="[6] /home/travis/build/icyphy/ptII/ptolemy/actor/lib/test/Const.tcl (RunTclFile)" time="0.158" />
  <testcase classname="ptolemy.util.test.junit.TclTests" name="[7] /home/travis/build/icyphy/ptII/ptolemy/actor/lib/test/CurrentTime.tcl (RunTclFile)" time="0.041" />
  <testcase classname="ptolemy.util.test.junit.TclTests" name="[8] /home/travis/build/icyphy/ptII/ptolemy/actor/lib/test/DB.tcl (RunTclFile)" time="0.069" />
  <testcase classname="ptolemy.util.test.junit.TclTests" name="[9] /home/travis/build/icyphy/ptII/ptolemy/actor/lib/test/DiscreteRandomSource.tcl (RunTclFile)" time="0.05" />
  <testcase classname="ptolemy.util.test.junit.TclTests" name="[10] /home/travis/build/icyphy/ptII/ptolemy/actor/lib/test/Distributor.tcl (RunTclFile)" time="0.056" />
  <testcase classname="ptolemy.util.test.junit.TclTests" name="[11] /home/travis/build/icyphy/ptII/ptolemy/actor/lib/test/Exit.tcl (RunTclFile)" time="0.089" />
  <testcase classname="ptolemy.util.test.junit.TclTests" name="[12] /home/travis/build/icyphy/ptII/ptolemy/actor/lib/test/Expression.tcl (RunTclFile)" time="0.102" />
  <testcase classname="ptolemy.util.test.junit.TclTests" name="[13] /home/travis/build/icyphy/ptII/ptolemy/actor/lib/test/Gaussian.tcl (RunTclFile)" time="0.93" />
  <testcase classname="ptolemy.util.test.junit.TclTests" name="[14] /home/travis/build/icyphy/ptII/ptolemy/actor/lib/test/IIR.tcl (RunTclFile)" time="0.049" />
  <testcase classname="ptolemy.util.test.junit.TclTests" name="[15] /home/travis/build/icyphy/ptII/ptolemy/actor/lib/test/Interpolator.tcl (RunTclFile)" time="0.059" />
  <testcase classname="ptolemy.util.test.junit.TclTests" name="[16] /home/travis/build/icyphy/ptII/ptolemy/actor/lib/test/MathFunction.tcl (RunTclFile)" time="0.085" />
  <testcase classname="ptolemy.util.test.junit.TclTests" name="[17] /home/travis/build/icyphy/ptII/ptolemy/actor/lib/test/Maximum.tcl (RunTclFile)" time="0.053" />
  <testcase classname="ptolemy.util.test.junit.TclTests" name="[18] /home/travis/build/icyphy/ptII/ptolemy/actor/lib/test/Minimum.tcl (RunTclFile)" time="0.041" />
  <testcase classname="ptolemy.util.test.junit.TclTests" name="[19] /home/travis/build/icyphy/ptII/ptolemy/actor/lib/test/MultiplyDivide.tcl (RunTclFile)" time="0.031" />
  <testcase classname="ptolemy.util.test.junit.TclTests" name="[20] /home/travis/build/icyphy/ptII/ptolemy/actor/lib/test/OrderedMerge.tcl (RunTclFile)" time="0.091" />
  <testcase classname="ptolemy.util.test.junit.TclTests" name="[21] /home/travis/build/icyphy/ptII/ptolemy/actor/lib/test/Publisher.tcl (RunTclFile)" time="0.861" />
  <testcase classname="ptolemy.util.test.junit.TclTests" name="[22] /home/travis/build/icyphy/ptII/ptolemy/actor/lib/test/Pulse.tcl (RunTclFile)" time="0.045" />
  <testcase classname="ptolemy.util.test.junit.TclTests" name="[23] /home/travis/build/icyphy/ptII/ptolemy/actor/lib/test/Ramp.tcl (RunTclFile)" time="2.174" />
  <testcase classname="ptolemy.util.test.junit.TclTests" name="[24] /home/travis/build/icyphy/ptII/ptolemy/actor/lib/test/RampContinuous.tcl (RunTclFile)" time="0.019" />
  <testcase classname="ptolemy.util.test.junit.TclTests" name="[25] /home/travis/build/icyphy/ptII/ptolemy/actor/lib/test/RecordAssembler.tcl (RunTclFile)" time="0.017" />
  <testcase classname="ptolemy.util.test.junit.TclTests" name="[26] /home/travis/build/icyphy/ptII/ptolemy/actor/lib/test/RecordDisassembler.tcl (RunTclFile)" time="0.032" />
  <testcase classname="ptolemy.util.test.junit.TclTests" name="[27] /home/travis/build/icyphy/ptII/ptolemy/actor/lib/test/Scale.tcl (RunTclFile)" time="0.033" />
  <testcase classname="ptolemy.util.test.junit.TclTests" name="[28] /home/travis/build/icyphy/ptII/ptolemy/actor/lib/test/SequentialClock.tcl (RunTclFile)" time="0.012" />
  <testcase classname="ptolemy.util.test.junit.TclTests" name="[29] /home/travis/build/icyphy/ptII/ptolemy/actor/lib/test/SetVariable.tcl (RunTclFile)" time="0.023">
    <failure message="Number of failed tests is has increased. expected:&lt;0&gt; but was:&lt;1&gt;" type="junit.framework.AssertionFailedError">junit.framework.AssertionFailedError: Number of failed tests is has increased. expected:&lt;0&gt; but was:&lt;1&gt;
	at ptolemy.util.test.junit.TclTests.RunTclFile(TclTests.java:286)
	at jdk.internal.reflect.GeneratedMethodAccessor19.invoke(Unknown Source)
	at java.base/jdk.internal.reflect.DelegatingMethodAccessorImpl.invoke(DelegatingMethodAccessorImpl.java:43)
	at junitparams.internal.InvokeParameterisedMethod.evaluate(InvokeParameterisedMethod.java:102)
	at junitparams.internal.ParameterisedTestMethodRunner.runMethodInvoker(ParameterisedTestMethodRunner.java:47)
	at junitparams.internal.ParameterisedTestMethodRunner.runTestMethod(ParameterisedTestMethodRunner.java:41)
	at junitparams.internal.ParameterisedTestClassRunner.runParameterisedTest(ParameterisedTestClassRunner.java:143)
	at junitparams.JUnitParamsRunner.runChild(JUnitParamsRunner.java:237)
	at junitparams.JUnitParamsRunner.runChild(JUnitParamsRunner.java:215)
</failure>
  </testcase>
  <testcase classname="ptolemy.util.test.junit.TclTests" name="[30] /home/travis/build/icyphy/ptII/ptolemy/actor/lib/test/Sinewave.tcl (RunTclFile)" time="0.048" />
  <testcase classname="ptolemy.util.test.junit.TclTests" name="[31] /home/travis/build/icyphy/ptII/ptolemy/actor/lib/test/SubscriptionAggregator.tcl (RunTclFile)" time="2.254" />
  <testcase classname="ptolemy.util.test.junit.TclTests" name="[32] /home/travis/build/icyphy/ptII/ptolemy/actor/lib/test/Test.tcl (RunTclFile)" time="0.08" />
  <testcase classname="ptolemy.util.test.junit.TclTests" name="[33] /home/travis/build/icyphy/ptII/ptolemy/actor/lib/test/TestExceptionHandler.tcl (RunTclFile)" time="0.011" />
  <testcase classname="ptolemy.util.test.junit.TclTests" name="[34] /home/travis/build/icyphy/ptII/ptolemy/actor/lib/test/UnionDisassembler.tcl (RunTclFile)" time="0.06" />
  <testcase classname="ptolemy.util.test.junit.TclTests" name="[35] /home/travis/build/icyphy/ptII/ptolemy/actor/lib/test/VariableClock.tcl (RunTclFile)" time="0.036" />
  <testcase classname="ptolemy.util.test.junit.AutoKnownFailedTests" name="[0] /home/travis/build/icyphy/ptII/ptolemy/actor/lib/test/auto/knownFailedTests/PublisherPortToplevelSubscriber.xml (RunModel)" time="0.032" />
  <testcase classname="ptolemy.util.test.junit.AutoKnownFailedTests" name="[1] /home/travis/build/icyphy/ptII/ptolemy/actor/lib/test/auto/knownFailedTests/PublisherSubscriberPortToplevel.xml (RunModel)" time="0.019" />
  <testcase classname="ptolemy.util.test.junit.AutoKnownFailedTests" name="[2] /home/travis/build/icyphy/ptII/ptolemy/actor/lib/test/auto/knownFailedTests/PublisherSubscriptionAggregatorPort.xml (RunModel)" time="0.015" />
  <testcase classname="ptolemy.util.test.junit.AutoKnownFailedTests" name="[3] /home/travis/build/icyphy/ptII/ptolemy/actor/lib/test/auto/knownFailedTests/sizedarray3.xml (RunModel)" time="0.029" />
  <testcase classname="ptolemy.util.test.junit.AutoNameArchTests" name="[0] ThereAreNoAutoArchTests (RunModel)" time="0.001" />
  <testcase classname="ptolemy.util.test.junit.AutoTests" name="[0] /home/travis/build/icyphy/ptII/ptolemy/actor/lib/test/auto/AbsoluteValue.xml (RunModel)" time="0.115" />
  <testcase classname="ptolemy.util.test.junit.AutoTests" name="[1] /home/travis/build/icyphy/ptII/ptolemy/actor/lib/test/auto/AbsoluteValue2.xml (RunModel)" time="0.065" />
  <testcase classname="ptolemy.util.test.junit.AutoTests" name="[2] /home/travis/build/icyphy/ptII/ptolemy/actor/lib/test/auto/Accumulator.xml (RunModel)" time="0.143" />
  <testcase classname="ptolemy.util.test.junit.AutoTests" name="[3] /home/travis/build/icyphy/ptII/ptolemy/actor/lib/test/auto/Accumulator2.xml (RunModel)" time="0.052" />
  <testcase classname="ptolemy.util.test.junit.AutoTests" name="[4] /home/travis/build/icyphy/ptII/ptolemy/actor/lib/test/auto/Accumulator3.xml (RunModel)" time="0.045" />
  <testcase classname="ptolemy.util.test.junit.AutoTests" name="[5] /home/travis/build/icyphy/ptII/ptolemy/actor/lib/test/auto/ArrayAppend.xml (RunModel)" time="0.062" />
  <testcase classname="ptolemy.util.test.junit.AutoTests" name="[6] /home/travis/build/icyphy/ptII/ptolemy/actor/lib/test/auto/ArrayAppend2.xml (RunModel)" time="0.323" />
  <testcase classname="ptolemy.util.test.junit.AutoTests" name="[7] /home/travis/build/icyphy/ptII/ptolemy/actor/lib/test/auto/ArrayAppend3.xml (RunModel)" time="0.025" />
  <testcase classname="ptolemy.util.test.junit.AutoTests" name="[8] /home/travis/build/icyphy/ptII/ptolemy/actor/lib/test/auto/ArrayAppend4.xml (RunModel)" time="0.029" />
  <testcase classname="ptolemy.util.test.junit.AutoTests" name="[9] /home/travis/build/icyphy/ptII/ptolemy/actor/lib/test/auto/ArrayAppend5.xml (RunModel)" time="0.018" />
  <testcase classname="ptolemy.util.test.junit.AutoTests" name="[10] /home/travis/build/icyphy/ptII/ptolemy/actor/lib/test/auto/ArrayAppend6.xml (RunModel)" time="0.022" />
  <testcase classname="ptolemy.util.test.junit.AutoTests" name="[11] /home/travis/build/icyphy/ptII/ptolemy/actor/lib/test/auto/ArrayAppendPerformanceTest.xml (RunModel)" time="0.053" />
  <testcase classname="ptolemy.util.test.junit.AutoTests" name="[12] /home/travis/build/icyphy/ptII/ptolemy/actor/lib/test/auto/ArrayAppendWithEmptyInput.xml (RunModel)" time="0.07" />
  <testcase classname="ptolemy.util.test.junit.AutoTests" name="[13] /home/travis/build/icyphy/ptII/ptolemy/actor/lib/test/auto/ArrayAverage.xml (RunModel)" time="0.058" />
  <testcase classname="ptolemy.util.test.junit.AutoTests" name="[14] /home/travis/build/icyphy/ptII/ptolemy/actor/lib/test/auto/ArrayContains.xml (RunModel)" time="0.037" />
  <testcase classname="ptolemy.util.test.junit.AutoTests" name="[15] /home/travis/build/icyphy/ptII/ptolemy/actor/lib/test/auto/ArrayElement.xml (RunModel)" time="0.119" />
  <testcase classname="ptolemy.util.test.junit.AutoTests" name="[16] /home/travis/build/icyphy/ptII/ptolemy/actor/lib/test/auto/ArrayElementAsMatrix.xml (RunModel)" time="0.059" />
  <testcase classname="ptolemy.util.test.junit.AutoTests" name="[17] /home/travis/build/icyphy/ptII/ptolemy/actor/lib/test/auto/ArrayElementI.xml (RunModel)" time="0.015" />
  <testcase classname="ptolemy.util.test.junit.AutoTests" name="[18] /home/travis/build/icyphy/ptII/ptolemy/actor/lib/test/auto/ArrayExtract.xml (RunModel)" time="0.035" />
  <testcase classname="ptolemy.util.test.junit.AutoTests" name="[19] /home/travis/build/icyphy/ptII/ptolemy/actor/lib/test/auto/ArrayExtract2.xml (RunModel)" time="0.026" />
  <testcase classname="ptolemy.util.test.junit.AutoTests" name="[20] /home/travis/build/icyphy/ptII/ptolemy/actor/lib/test/auto/ArrayLength.xml (RunModel)" time="0.014" />
  <testcase classname="ptolemy.util.test.junit.AutoTests" name="[21] /home/travis/build/icyphy/ptII/ptolemy/actor/lib/test/auto/ArrayLevelCrossing.xml (RunModel)" time="0.029" />
  <testcase classname="ptolemy.util.test.junit.AutoTests" name="[22] /home/travis/build/icyphy/ptII/ptolemy/actor/lib/test/auto/ArrayLevelCrossing2.xml (RunModel)" time="0.022" />
  <testcase classname="ptolemy.util.test.junit.AutoTests" name="[23] /home/travis/build/icyphy/ptII/ptolemy/actor/lib/test/auto/ArrayPeakSearch.xml (RunModel)" time="0.032" />
  <testcase classname="ptolemy.util.test.junit.AutoTests" name="[24] /home/travis/build/icyphy/ptII/ptolemy/actor/lib/test/auto/ArrayPeakSearch2.xml (RunModel)" time="0.034" />
  <testcase classname="ptolemy.util.test.junit.AutoTests" name="[25] /home/travis/build/icyphy/ptII/ptolemy/actor/lib/test/auto/ArrayPeakSearch3.xml (RunModel)" time="0.033" />
  <testcase classname="ptolemy.util.test.junit.AutoTests" name="[26] /home/travis/build/icyphy/ptII/ptolemy/actor/lib/test/auto/ArrayRemoveElement.xml (RunModel)" time="0.03" />
  <testcase classname="ptolemy.util.test.junit.AutoTests" name="[27] /home/travis/build/icyphy/ptII/ptolemy/actor/lib/test/auto/ArraySort.xml (RunModel)" time="0.031" />
  <testcase classname="ptolemy.util.test.junit.AutoTests" name="[28] /home/travis/build/icyphy/ptII/ptolemy/actor/lib/test/auto/ArraySum.xml (RunModel)" time="0.023" />
  <testcase classname="ptolemy.util.test.junit.AutoTests" name="[29] /home/travis/build/icyphy/ptII/ptolemy/actor/lib/test/auto/ArrayToElements.xml (RunModel)" time="0.023" />
  <testcase classname="ptolemy.util.test.junit.AutoTests" name="[30] /home/travis/build/icyphy/ptII/ptolemy/actor/lib/test/auto/ArrayToMatrix.xml (RunModel)" time="0.049" />
  <testcase classname="ptolemy.util.test.junit.AutoTests" name="[31] /home/travis/build/icyphy/ptII/ptolemy/actor/lib/test/auto/ArrayUpdate1.xml (RunModel)" time="0.022" />
  <testcase classname="ptolemy.util.test.junit.AutoTests" name="[32] /home/travis/build/icyphy/ptII/ptolemy/actor/lib/test/auto/ArrayUpdate2.xml (RunModel)" time="0.019" />
  <testcase classname="ptolemy.util.test.junit.AutoTests" name="[33] /home/travis/build/icyphy/ptII/ptolemy/actor/lib/test/auto/ArrayUpdate3.xml (RunModel)" time="0.015" />
  <testcase classname="ptolemy.util.test.junit.AutoTests" name="[34] /home/travis/build/icyphy/ptII/ptolemy/actor/lib/test/auto/Assert1.xml (RunModel)" time="0.021" />
  <testcase classname="ptolemy.util.test.junit.AutoTests" name="[35] /home/travis/build/icyphy/ptII/ptolemy/actor/lib/test/auto/Assert2.xml (RunModel)" time="0.011" />
  <testcase classname="ptolemy.util.test.junit.AutoTests" name="[36] /home/travis/build/icyphy/ptII/ptolemy/actor/lib/test/auto/BooleanMultiplexor.xml (RunModel)" time="0.022" />
  <testcase classname="ptolemy.util.test.junit.AutoTests" name="[37] /home/travis/build/icyphy/ptII/ptolemy/actor/lib/test/auto/BooleanMultiplexor2.xml (RunModel)" time="0.026" />
  <testcase classname="ptolemy.util.test.junit.AutoTests" name="[38] /home/travis/build/icyphy/ptII/ptolemy/actor/lib/test/auto/BooleanMultiplexor3.xml (RunModel)" time="0.04" />
  <testcase classname="ptolemy.util.test.junit.AutoTests" name="[39] /home/travis/build/icyphy/ptII/ptolemy/actor/lib/test/auto/BooleanSelect.xml (RunModel)" time="0.023" />
  <testcase classname="ptolemy.util.test.junit.AutoTests" name="[40] /home/travis/build/icyphy/ptII/ptolemy/actor/lib/test/auto/BooleanSelect2.xml (RunModel)" time="0.013" />
  <testcase classname="ptolemy.util.test.junit.AutoTests" name="[41] /home/travis/build/icyphy/ptII/ptolemy/actor/lib/test/auto/BooleanSwitch.xml (RunModel)" time="0.021" />
  <testcase classname="ptolemy.util.test.junit.AutoTests" name="[42] /home/travis/build/icyphy/ptII/ptolemy/actor/lib/test/auto/BooleanSwitch2.xml (RunModel)" time="0.029" />
  <testcase classname="ptolemy.util.test.junit.AutoTests" name="[43] /home/travis/build/icyphy/ptII/ptolemy/actor/lib/test/auto/BooleanSwitchCloningBugWithClassRelationGroup.xml (RunModel)" time="0.036" />
  <testcase classname="ptolemy.util.test.junit.AutoTests" name="[44] /home/travis/build/icyphy/ptII/ptolemy/actor/lib/test/auto/BusActors.xml (RunModel)" time="0.037" />
  <testcase classname="ptolemy.util.test.junit.AutoTests" name="[45] /home/travis/build/icyphy/ptII/ptolemy/actor/lib/test/auto/ClassWrapper.xml (RunModel)" time="0.027" />
  <testcase classname="ptolemy.util.test.junit.AutoTests" name="[46] /home/travis/build/icyphy/ptII/ptolemy/actor/lib/test/auto/Clock.xml (RunModel)" time="0.009" />
  <testcase classname="ptolemy.util.test.junit.AutoTests" name="[47] /home/travis/build/icyphy/ptII/ptolemy/actor/lib/test/auto/Clock10.xml (RunModel)" time="0.021" />
  <testcase classname="ptolemy.util.test.junit.AutoTests" name="[48] /home/travis/build/icyphy/ptII/ptolemy/actor/lib/test/auto/Clock11.xml (RunModel)" time="0.027" />
  <testcase classname="ptolemy.util.test.junit.AutoTests" name="[49] /home/travis/build/icyphy/ptII/ptolemy/actor/lib/test/auto/Clock12.xml (RunModel)" time="0.02" />
  <testcase classname="ptolemy.util.test.junit.AutoTests" name="[50] /home/travis/build/icyphy/ptII/ptolemy/actor/lib/test/auto/Clock13.xml (RunModel)" time="0.016" />
  <testcase classname="ptolemy.util.test.junit.AutoTests" name="[51] /home/travis/build/icyphy/ptII/ptolemy/actor/lib/test/auto/Clock14.xml (RunModel)" time="0.015" />
  <testcase classname="ptolemy.util.test.junit.AutoTests" name="[52] /home/travis/build/icyphy/ptII/ptolemy/actor/lib/test/auto/Clock15.xml (RunModel)" time="0.013" />
  <testcase classname="ptolemy.util.test.junit.AutoTests" name="[53] /home/travis/build/icyphy/ptII/ptolemy/actor/lib/test/auto/Clock16.xml (RunModel)" time="0.08" />
  <testcase classname="ptolemy.util.test.junit.AutoTests" name="[54] /home/travis/build/icyphy/ptII/ptolemy/actor/lib/test/auto/Clock17.xml (RunModel)" time="0.045" />
  <testcase classname="ptolemy.util.test.junit.AutoTests" name="[55] /home/travis/build/icyphy/ptII/ptolemy/actor/lib/test/auto/Clock18.xml (RunModel)" time="0.06" />
  <testcase classname="ptolemy.util.test.junit.AutoTests" name="[56] /home/travis/build/icyphy/ptII/ptolemy/actor/lib/test/auto/Clock19.xml (RunModel)" time="0.045" />
  <testcase classname="ptolemy.util.test.junit.AutoTests" name="[57] /home/travis/build/icyphy/ptII/ptolemy/actor/lib/test/auto/Clock2.xml (RunModel)" time="0.017" />
  <testcase classname="ptolemy.util.test.junit.AutoTests" name="[58] /home/travis/build/icyphy/ptII/ptolemy/actor/lib/test/auto/Clock20.xml (RunModel)" time="0.024" />
  <testcase classname="ptolemy.util.test.junit.AutoTests" name="[59] /home/travis/build/icyphy/ptII/ptolemy/actor/lib/test/auto/Clock21.xml (RunModel)" time="0.017" />
  <testcase classname="ptolemy.util.test.junit.AutoTests" name="[60] /home/travis/build/icyphy/ptII/ptolemy/actor/lib/test/auto/Clock22.xml (RunModel)" time="0.017" />
  <testcase classname="ptolemy.util.test.junit.AutoTests" name="[61] /home/travis/build/icyphy/ptII/ptolemy/actor/lib/test/auto/Clock23.xml (RunModel)" time="0.017" />
  <testcase classname="ptolemy.util.test.junit.AutoTests" name="[62] /home/travis/build/icyphy/ptII/ptolemy/actor/lib/test/auto/Clock24.xml (RunModel)" time="0.017" />
  <testcase classname="ptolemy.util.test.junit.AutoTests" name="[63] /home/travis/build/icyphy/ptII/ptolemy/actor/lib/test/auto/Clock4.xml (RunModel)" time="0.015" />
  <testcase classname="ptolemy.util.test.junit.AutoTests" name="[64] /home/travis/build/icyphy/ptII/ptolemy/actor/lib/test/auto/Clock5.xml (RunModel)" time="0.012" />
  <testcase classname="ptolemy.util.test.junit.AutoTests" name="[65] /home/travis/build/icyphy/ptII/ptolemy/actor/lib/test/auto/Clock6.xml (RunModel)" time="0.015" />
  <testcase classname="ptolemy.util.test.junit.AutoTests" name="[66] /home/travis/build/icyphy/ptII/ptolemy/actor/lib/test/auto/Clock7.xml (RunModel)" time="0.011" />
  <testcase classname="ptolemy.util.test.junit.AutoTests" name="[67] /home/travis/build/icyphy/ptII/ptolemy/actor/lib/test/auto/Clock8.xml (RunModel)" time="0.014" />
  <testcase classname="ptolemy.util.test.junit.AutoTests" name="[68] /home/travis/build/icyphy/ptII/ptolemy/actor/lib/test/auto/Clock9.xml (RunModel)" time="0.02" />
  <testcase classname="ptolemy.util.test.junit.AutoTests" name="[69] /home/travis/build/icyphy/ptII/ptolemy/actor/lib/test/auto/CommDistDiscard.xml (RunModel)" time="0.027" />
  <testcase classname="ptolemy.util.test.junit.AutoTests" name="[70] /home/travis/build/icyphy/ptII/ptolemy/actor/lib/test/auto/Commutator.xml (RunModel)" time="0.019" />
  <testcase classname="ptolemy.util.test.junit.AutoTests" name="[71] /home/travis/build/icyphy/ptII/ptolemy/actor/lib/test/auto/Commutator2.xml (RunModel)" time="0.011" />
  <testcase classname="ptolemy.util.test.junit.AutoTests" name="[72] /home/travis/build/icyphy/ptII/ptolemy/actor/lib/test/auto/Commutator3.xml (RunModel)" time="0.014" />
  <testcase classname="ptolemy.util.test.junit.AutoTests" name="[73] /home/travis/build/icyphy/ptII/ptolemy/actor/lib/test/auto/Compare.xml (RunModel)" time="0.02" />
  <testcase classname="ptolemy.util.test.junit.AutoTests" name="[74] /home/travis/build/icyphy/ptII/ptolemy/actor/lib/test/auto/CompareDE.xml (RunModel)" time="0.02" />
  <testcase classname="ptolemy.util.test.junit.AutoTests" name="[75] /home/travis/build/icyphy/ptII/ptolemy/actor/lib/test/auto/ComplexDivide.xml (RunModel)" time="0.014" />
  <testcase classname="ptolemy.util.test.junit.AutoTests" name="[76] /home/travis/build/icyphy/ptII/ptolemy/actor/lib/test/auto/ComputeHistogram.xml (RunModel)" time="0.073" />
  <testcase classname="ptolemy.util.test.junit.AutoTests" name="[77] /home/travis/build/icyphy/ptII/ptolemy/actor/lib/test/auto/ConfigurationSelect.xml (RunModel)" time="0.024" />
  <testcase classname="ptolemy.util.test.junit.AutoTests" name="[78] /home/travis/build/icyphy/ptII/ptolemy/actor/lib/test/auto/ConfigurationSelect2.xml (RunModel)" time="0.017" />
  <testcase classname="ptolemy.util.test.junit.AutoTests" name="[79] /home/travis/build/icyphy/ptII/ptolemy/actor/lib/test/auto/ConfigurationSwitch.xml (RunModel)" time="0.027" />
  <testcase classname="ptolemy.util.test.junit.AutoTests" name="[80] /home/travis/build/icyphy/ptII/ptolemy/actor/lib/test/auto/ConfigurationSwitch2.xml (RunModel)" time="0.023" />
  <testcase classname="ptolemy.util.test.junit.AutoTests" name="[81] /home/travis/build/icyphy/ptII/ptolemy/actor/lib/test/auto/ConfigurationSwitchCloningBugWithClassRelationGroup.xml (RunModel)" time="0.02" />
  <testcase classname="ptolemy.util.test.junit.AutoTests" name="[82] /home/travis/build/icyphy/ptII/ptolemy/actor/lib/test/auto/ConfigurationSwitchSelectSDF.xml (RunModel)" time="0.02" />
  <testcase classname="ptolemy.util.test.junit.AutoTests" name="[83] /home/travis/build/icyphy/ptII/ptolemy/actor/lib/test/auto/ConfigurationSwitchSelectSDF2.xml (RunModel)" time="0.015" />
  <testcase classname="ptolemy.util.test.junit.AutoTests" name="[84] /home/travis/build/icyphy/ptII/ptolemy/actor/lib/test/auto/Const.xml (RunModel)" time="0.008" />
  <testcase classname="ptolemy.util.test.junit.AutoTests" name="[85] /home/travis/build/icyphy/ptII/ptolemy/actor/lib/test/auto/Const2.xml (RunModel)" time="0.012" />
  <testcase classname="ptolemy.util.test.junit.AutoTests" name="[86] /home/travis/build/icyphy/ptII/ptolemy/actor/lib/test/auto/Const3.xml (RunModel)" time="0.006" />
  <testcase classname="ptolemy.util.test.junit.AutoTests" name="[87] /home/travis/build/icyphy/ptII/ptolemy/actor/lib/test/auto/ConstantPublisherPort1.xml (RunModel)" time="0.04" />
  <testcase classname="ptolemy.util.test.junit.AutoTests" name="[88] /home/travis/build/icyphy/ptII/ptolemy/actor/lib/test/auto/ConstantPublisherPort2.xml (RunModel)" time="0.021" />
  <testcase classname="ptolemy.util.test.junit.AutoTests" name="[89] /home/travis/build/icyphy/ptII/ptolemy/actor/lib/test/auto/ConstantPublisherPort3.xml (RunModel)" time="0.019" />
  <testcase classname="ptolemy.util.test.junit.AutoTests" name="[90] /home/travis/build/icyphy/ptII/ptolemy/actor/lib/test/auto/ConstantPublisherPort4.xml (RunModel)" time="0.014" />
  <testcase classname="ptolemy.util.test.junit.AutoTests" name="[91] /home/travis/build/icyphy/ptII/ptolemy/actor/lib/test/auto/ConstantPublisherPort5.xml (RunModel)" time="0.041" />
  <testcase classname="ptolemy.util.test.junit.AutoTests" name="[92] /home/travis/build/icyphy/ptII/ptolemy/actor/lib/test/auto/ConstantPublisherPort6.xml (RunModel)" time="0.03" />
  <testcase classname="ptolemy.util.test.junit.AutoTests" name="[93] /home/travis/build/icyphy/ptII/ptolemy/actor/lib/test/auto/ConstantPublisherPort7.xml (RunModel)" time="0.033" />
  <testcase classname="ptolemy.util.test.junit.AutoTests" name="[94] /home/travis/build/icyphy/ptII/ptolemy/actor/lib/test/auto/ConstraintMonitor1.xml (RunModel)" time="0.039" />
  <testcase classname="ptolemy.util.test.junit.AutoTests" name="[95] /home/travis/build/icyphy/ptII/ptolemy/actor/lib/test/auto/ConstraintMonitor2.xml (RunModel)" time="0.032" />
  <testcase classname="ptolemy.util.test.junit.AutoTests" name="[96] /home/travis/build/icyphy/ptII/ptolemy/actor/lib/test/auto/ConstraintMonitor3.xml (RunModel)" time="0.01" />
  <testcase classname="ptolemy.util.test.junit.AutoTests" name="[97] /home/travis/build/icyphy/ptII/ptolemy/actor/lib/test/auto/ConstraintMonitor4.xml (RunModel)" time="0.013" />
  <testcase classname="ptolemy.util.test.junit.AutoTests" name="[98] /home/travis/build/icyphy/ptII/ptolemy/actor/lib/test/auto/ConstraintMonitor5.xml (RunModel)" time="0.016" />
  <testcase classname="ptolemy.util.test.junit.AutoTests" name="[99] /home/travis/build/icyphy/ptII/ptolemy/actor/lib/test/auto/ConstraintMonitor6.xml (RunModel)" time="0.016" />
  <testcase classname="ptolemy.util.test.junit.AutoTests" name="[100] /home/travis/build/icyphy/ptII/ptolemy/actor/lib/test/auto/ConstraintMonitor7.xml (RunModel)" time="0.022" />
  <testcase classname="ptolemy.util.test.junit.AutoTests" name="[101] /home/travis/build/icyphy/ptII/ptolemy/actor/lib/test/auto/ConstraintMonitor8.xml (RunModel)" time="0.018" />
  <testcase classname="ptolemy.util.test.junit.AutoTests" name="[102] /home/travis/build/icyphy/ptII/ptolemy/actor/lib/test/auto/Counter.xml (RunModel)" time="0.011" />
  <testcase classname="ptolemy.util.test.junit.AutoTests" name="[103] /home/travis/build/icyphy/ptII/ptolemy/actor/lib/test/auto/CurrentTimeSDF.xml (RunModel)" time="0.007" />
  <testcase classname="ptolemy.util.test.junit.AutoTests" name="[104] /home/travis/build/icyphy/ptII/ptolemy/actor/lib/test/auto/DB.xml (RunModel)" time="0.01" />
  <testcase classname="ptolemy.util.test.junit.AutoTests" name="[105] /home/travis/build/icyphy/ptII/ptolemy/actor/lib/test/auto/DBDE.xml (RunModel)" time="0.011" />
  <testcase classname="ptolemy.util.test.junit.AutoTests" name="[106] /home/travis/build/icyphy/ptII/ptolemy/actor/lib/test/auto/DateConstructor.xml (RunModel)" time="0.059" />
  <testcase classname="ptolemy.util.test.junit.AutoTests" name="[107] /home/travis/build/icyphy/ptII/ptolemy/actor/lib/test/auto/DelayTime.xml (RunModel)" time="0.023" />
  <testcase classname="ptolemy.util.test.junit.AutoTests" name="[108] /home/travis/build/icyphy/ptII/ptolemy/actor/lib/test/auto/Dictionary1.xml (RunModel)" time="0.018" />
  <testcase classname="ptolemy.util.test.junit.AutoTests" name="[109] /home/travis/build/icyphy/ptII/ptolemy/actor/lib/test/auto/Dictionary2.xml (RunModel)" time="0.017" />
  <testcase classname="ptolemy.util.test.junit.AutoTests" name="[110] /home/travis/build/icyphy/ptII/ptolemy/actor/lib/test/auto/Dictionary3.xml (RunModel)" time="0.011" />
  <testcase classname="ptolemy.util.test.junit.AutoTests" name="[111] /home/travis/build/icyphy/ptII/ptolemy/actor/lib/test/auto/Dictionary4.xml (RunModel)" time="0.019" />
  <testcase classname="ptolemy.util.test.junit.AutoTests" name="[112] /home/travis/build/icyphy/ptII/ptolemy/actor/lib/test/auto/Differential.xml (RunModel)" time="0.012" />
  <testcase classname="ptolemy.util.test.junit.AutoTests" name="[113] /home/travis/build/icyphy/ptII/ptolemy/actor/lib/test/auto/Director.xml (RunModel)" time="0.01" />
  <testcase classname="ptolemy.util.test.junit.AutoTests" name="[114] /home/travis/build/icyphy/ptII/ptolemy/actor/lib/test/auto/DiscreteClock.xml (RunModel)" time="0.007" />
  <testcase classname="ptolemy.util.test.junit.AutoTests" name="[115] /home/travis/build/icyphy/ptII/ptolemy/actor/lib/test/auto/DiscreteClock10.xml (RunModel)" time="0.013" />
  <testcase classname="ptolemy.util.test.junit.AutoTests" name="[116] /home/travis/build/icyphy/ptII/ptolemy/actor/lib/test/auto/DiscreteClock11.xml (RunModel)" time="0.011" />
  <testcase classname="ptolemy.util.test.junit.AutoTests" name="[117] /home/travis/build/icyphy/ptII/ptolemy/actor/lib/test/auto/DiscreteClock12.xml (RunModel)" time="0.013" />
  <testcase classname="ptolemy.util.test.junit.AutoTests" name="[118] /home/travis/build/icyphy/ptII/ptolemy/actor/lib/test/auto/DiscreteClock13.xml (RunModel)" time="0.017" />
  <testcase classname="ptolemy.util.test.junit.AutoTests" name="[119] /home/travis/build/icyphy/ptII/ptolemy/actor/lib/test/auto/DiscreteClock14.xml (RunModel)" time="0.014" />
  <testcase classname="ptolemy.util.test.junit.AutoTests" name="[120] /home/travis/build/icyphy/ptII/ptolemy/actor/lib/test/auto/DiscreteClock15.xml (RunModel)" time="0.017" />
  <testcase classname="ptolemy.util.test.junit.AutoTests" name="[121] /home/travis/build/icyphy/ptII/ptolemy/actor/lib/test/auto/DiscreteClock16.xml (RunModel)" time="0.035" />
  <testcase classname="ptolemy.util.test.junit.AutoTests" name="[122] /home/travis/build/icyphy/ptII/ptolemy/actor/lib/test/auto/DiscreteClock17.xml (RunModel)" time="0.035" />
  <testcase classname="ptolemy.util.test.junit.AutoTests" name="[123] /home/travis/build/icyphy/ptII/ptolemy/actor/lib/test/auto/DiscreteClock18.xml (RunModel)" time="0.035" />
  <testcase classname="ptolemy.util.test.junit.AutoTests" name="[124] /home/travis/build/icyphy/ptII/ptolemy/actor/lib/test/auto/DiscreteClock19.xml (RunModel)" time="0.036" />
  <testcase classname="ptolemy.util.test.junit.AutoTests" name="[125] /home/travis/build/icyphy/ptII/ptolemy/actor/lib/test/auto/DiscreteClock2.xml (RunModel)" time="0.012" />
  <testcase classname="ptolemy.util.test.junit.AutoTests" name="[126] /home/travis/build/icyphy/ptII/ptolemy/actor/lib/test/auto/DiscreteClock20.xml (RunModel)" time="0.018" />
  <testcase classname="ptolemy.util.test.junit.AutoTests" name="[127] /home/travis/build/icyphy/ptII/ptolemy/actor/lib/test/auto/DiscreteClock21.xml (RunModel)" time="0.014" />
  <testcase classname="ptolemy.util.test.junit.AutoTests" name="[128] /home/travis/build/icyphy/ptII/ptolemy/actor/lib/test/auto/DiscreteClock22.xml (RunModel)" time="0.016" />
  <testcase classname="ptolemy.util.test.junit.AutoTests" name="[129] /home/travis/build/icyphy/ptII/ptolemy/actor/lib/test/auto/DiscreteClock23.xml (RunModel)" time="0.017" />
  <testcase classname="ptolemy.util.test.junit.AutoTests" name="[130] /home/travis/build/icyphy/ptII/ptolemy/actor/lib/test/auto/DiscreteClock24.xml (RunModel)" time="0.015" />
  <testcase classname="ptolemy.util.test.junit.AutoTests" name="[131] /home/travis/build/icyphy/ptII/ptolemy/actor/lib/test/auto/DiscreteClock4.xml (RunModel)" time="0.013" />
  <testcase classname="ptolemy.util.test.junit.AutoTests" name="[132] /home/travis/build/icyphy/ptII/ptolemy/actor/lib/test/auto/DiscreteClock5.xml (RunModel)" time="0.009" />
  <testcase classname="ptolemy.util.test.junit.AutoTests" name="[133] /home/travis/build/icyphy/ptII/ptolemy/actor/lib/test/auto/DiscreteClock6.xml (RunModel)" time="0.016" />
  <testcase classname="ptolemy.util.test.junit.AutoTests" name="[134] /home/travis/build/icyphy/ptII/ptolemy/actor/lib/test/auto/DiscreteClock7.xml (RunModel)" time="0.009" />
  <testcase classname="ptolemy.util.test.junit.AutoTests" name="[135] /home/travis/build/icyphy/ptII/ptolemy/actor/lib/test/auto/DiscreteClock8.xml (RunModel)" time="0.019" />
  <testcase classname="ptolemy.util.test.junit.AutoTests" name="[136] /home/travis/build/icyphy/ptII/ptolemy/actor/lib/test/auto/DiscreteClock9.xml (RunModel)" time="0.013" />
  <testcase classname="ptolemy.util.test.junit.AutoTests" name="[137] /home/travis/build/icyphy/ptII/ptolemy/actor/lib/test/auto/DisplayArray.xml (RunModel)" time="0.017" />
  <testcase classname="ptolemy.util.test.junit.AutoTests" name="[138] /home/travis/build/icyphy/ptII/ptolemy/actor/lib/test/auto/Distributor.xml (RunModel)" time="0.012" />
  <testcase classname="ptolemy.util.test.junit.AutoTests" name="[139] /home/travis/build/icyphy/ptII/ptolemy/actor/lib/test/auto/Distributor2.xml (RunModel)" time="0.008" />
  <testcase classname="ptolemy.util.test.junit.AutoTests" name="[140] /home/travis/build/icyphy/ptII/ptolemy/actor/lib/test/auto/DownSample.xml (RunModel)" time="0.008" />
  <testcase classname="ptolemy.util.test.junit.AutoTests" name="[141] /home/travis/build/icyphy/ptII/ptolemy/actor/lib/test/auto/ElectronicUnitBase1.xml (RunModel)" time="0.046" />
  <testcase classname="ptolemy.util.test.junit.AutoTests" name="[142] /home/travis/build/icyphy/ptII/ptolemy/actor/lib/test/auto/ElementsToArray.xml (RunModel)" time="0.008" />
  <testcase classname="ptolemy.util.test.junit.AutoTests" name="[143] /home/travis/build/icyphy/ptII/ptolemy/actor/lib/test/auto/Equals.xml (RunModel)" time="0.013" />
  <testcase classname="ptolemy.util.test.junit.AutoTests" name="[144] /home/travis/build/icyphy/ptII/ptolemy/actor/lib/test/auto/Exec.xml (RunModel)" time="0.031" />
  <testcase classname="ptolemy.util.test.junit.AutoTests" name="[145] /home/travis/build/icyphy/ptII/ptolemy/actor/lib/test/auto/ExecEnvironment.xml (RunModel)" time="0.046" />
  <testcase classname="ptolemy.util.test.junit.AutoTests" name="[146] /home/travis/build/icyphy/ptII/ptolemy/actor/lib/test/auto/ExecNonZeroReturnOutput.xml (RunModel)" time="0.204" />
  <testcase classname="ptolemy.util.test.junit.AutoTests" name="[147] /home/travis/build/icyphy/ptII/ptolemy/actor/lib/test/auto/ExecRunDemos.xml (RunModel)" time="10.513" />
  <testcase classname="ptolemy.util.test.junit.AutoTests" name="[148] /home/travis/build/icyphy/ptII/ptolemy/actor/lib/test/auto/ExecStop.xml (RunModel)" time="5.039" />
  <testcase classname="ptolemy.util.test.junit.AutoTests" name="[149] /home/travis/build/icyphy/ptII/ptolemy/actor/lib/test/auto/ExecutionTimeSDF.xml (RunModel)" time="6.041" />
  <testcase classname="ptolemy.util.test.junit.AutoTests" name="[150] /home/travis/build/icyphy/ptII/ptolemy/actor/lib/test/auto/Expression1.xml (RunModel)" time="0.014" />
  <testcase classname="ptolemy.util.test.junit.AutoTests" name="[151] /home/travis/build/icyphy/ptII/ptolemy/actor/lib/test/auto/Expression10.xml (RunModel)" time="0.038" />
  <testcase classname="ptolemy.util.test.junit.AutoTests" name="[152] /home/travis/build/icyphy/ptII/ptolemy/actor/lib/test/auto/Expression11.xml (RunModel)" time="0.014" />
  <testcase classname="ptolemy.util.test.junit.AutoTests" name="[153] /home/travis/build/icyphy/ptII/ptolemy/actor/lib/test/auto/Expression12.xml (RunModel)" time="0.013" />
  <testcase classname="ptolemy.util.test.junit.AutoTests" name="[154] /home/travis/build/icyphy/ptII/ptolemy/actor/lib/test/auto/Expression13.xml (RunModel)" time="0.011" />
  <testcase classname="ptolemy.util.test.junit.AutoTests" name="[155] /home/travis/build/icyphy/ptII/ptolemy/actor/lib/test/auto/Expression14.xml (RunModel)" time="0.017" />
  <testcase classname="ptolemy.util.test.junit.AutoTests" name="[156] /home/travis/build/icyphy/ptII/ptolemy/actor/lib/test/auto/Expression15.xml (RunModel)" time="0.007" />
  <testcase classname="ptolemy.util.test.junit.AutoTests" name="[157] /home/travis/build/icyphy/ptII/ptolemy/actor/lib/test/auto/Expression16.xml (RunModel)" time="0.014" />
  <testcase classname="ptolemy.util.test.junit.AutoTests" name="[158] /home/travis/build/icyphy/ptII/ptolemy/actor/lib/test/auto/Expression17.xml (RunModel)" time="0.012" />
  <testcase classname="ptolemy.util.test.junit.AutoTests" name="[159] /home/travis/build/icyphy/ptII/ptolemy/actor/lib/test/auto/Expression18.xml (RunModel)" time="0.018" />
  <testcase classname="ptolemy.util.test.junit.AutoTests" name="[160] /home/travis/build/icyphy/ptII/ptolemy/actor/lib/test/auto/Expression2.xml (RunModel)" time="0.014" />
  <testcase classname="ptolemy.util.test.junit.AutoTests" name="[161] /home/travis/build/icyphy/ptII/ptolemy/actor/lib/test/auto/Expression3.xml (RunModel)" time="0.014" />
  <testcase classname="ptolemy.util.test.junit.AutoTests" name="[162] /home/travis/build/icyphy/ptII/ptolemy/actor/lib/test/auto/Expression4.xml (RunModel)" time="0.017" />
  <testcase classname="ptolemy.util.test.junit.AutoTests" name="[163] /home/travis/build/icyphy/ptII/ptolemy/actor/lib/test/auto/Expression5.xml (RunModel)" time="0.013" />
  <testcase classname="ptolemy.util.test.junit.AutoTests" name="[164] /home/travis/build/icyphy/ptII/ptolemy/actor/lib/test/auto/Expression6.xml (RunModel)" time="0.009" />
  <testcase classname="ptolemy.util.test.junit.AutoTests" name="[165] /home/travis/build/icyphy/ptII/ptolemy/actor/lib/test/auto/Expression7.xml (RunModel)" time="0.012" />
  <testcase classname="ptolemy.util.test.junit.AutoTests" name="[166] /home/travis/build/icyphy/ptII/ptolemy/actor/lib/test/auto/Expression8.xml (RunModel)" time="0.016" />
  <testcase classname="ptolemy.util.test.junit.AutoTests" name="[167] /home/travis/build/icyphy/ptII/ptolemy/actor/lib/test/auto/Expression9.xml (RunModel)" time="0.008" />
  <testcase classname="ptolemy.util.test.junit.AutoTests" name="[168] /home/travis/build/icyphy/ptII/ptolemy/actor/lib/test/auto/ExpressionConcatenateArrayType.xml (RunModel)" time="0.031" />
  <testcase classname="ptolemy.util.test.junit.AutoTests" name="[169] /home/travis/build/icyphy/ptII/ptolemy/actor/lib/test/auto/ExpressionConcatenateArrayType2.xml (RunModel)" time="0.023" />
  <testcase classname="ptolemy.util.test.junit.AutoTests" name="[170] /home/travis/build/icyphy/ptII/ptolemy/actor/lib/test/auto/ExpressionFix.xml (RunModel)" time="0.048" />
  <testcase classname="ptolemy.util.test.junit.AutoTests" name="[171] /home/travis/build/icyphy/ptII/ptolemy/actor/lib/test/auto/ExpressionFix2.xml (RunModel)" time="0.012" />
  <testcase classname="ptolemy.util.test.junit.AutoTests" name="[172] /home/travis/build/icyphy/ptII/ptolemy/actor/lib/test/auto/ExpressionFix3.xml (RunModel)" time="0.012" />
  <testcase classname="ptolemy.util.test.junit.AutoTests" name="[173] /home/travis/build/icyphy/ptII/ptolemy/actor/lib/test/auto/FileWriter1.xml (RunModel)" time="0.009" />
  <testcase classname="ptolemy.util.test.junit.AutoTests" name="[174] /home/travis/build/icyphy/ptII/ptolemy/actor/lib/test/auto/FileWriter2.xml (RunModel)" time="0.009" />
  <testcase classname="ptolemy.util.test.junit.AutoTests" name="[175] /home/travis/build/icyphy/ptII/ptolemy/actor/lib/test/auto/FileWriter3.xml (RunModel)" time="0.011" />
  <testcase classname="ptolemy.util.test.junit.AutoTests" name="[176] /home/travis/build/icyphy/ptII/ptolemy/actor/lib/test/auto/Gaussian.xml (RunModel)" time="0.014" />
  <testcase classname="ptolemy.util.test.junit.AutoTests" name="[177] /home/travis/build/icyphy/ptII/ptolemy/actor/lib/test/auto/Gaussian1.xml (RunModel)" time="0.022" />
  <testcase classname="ptolemy.util.test.junit.AutoTests" name="[178] /home/travis/build/icyphy/ptII/ptolemy/actor/lib/test/auto/Gaussian2.xml (RunModel)" time="0.021" />
  <testcase classname="ptolemy.util.test.junit.AutoTests" name="[179] /home/travis/build/icyphy/ptII/ptolemy/actor/lib/test/auto/GradientAdaptiveLattice.xml (RunModel)" time="0.017" />
  <testcase classname="ptolemy.util.test.junit.AutoTests" name="[180] /home/travis/build/icyphy/ptII/ptolemy/actor/lib/test/auto/IIR.xml (RunModel)" time="0.01" />
  <testcase classname="ptolemy.util.test.junit.AutoTests" name="[181] /home/travis/build/icyphy/ptII/ptolemy/actor/lib/test/auto/InputOutputTransparentPorts.xml (RunModel)" time="0.029" />
  <testcase classname="ptolemy.util.test.junit.AutoTests" name="[182] /home/travis/build/icyphy/ptII/ptolemy/actor/lib/test/auto/Interpolator.xml (RunModel)" time="0.013" />
  <testcase classname="ptolemy.util.test.junit.AutoTests" name="[183] /home/travis/build/icyphy/ptII/ptolemy/actor/lib/test/auto/InterpolatorFiringLimitDE.xml (RunModel)" time="0.013" />
  <testcase classname="ptolemy.util.test.junit.AutoTests" name="[184] /home/travis/build/icyphy/ptII/ptolemy/actor/lib/test/auto/Lattice.xml (RunModel)" time="0.011" />
  <testcase classname="ptolemy.util.test.junit.AutoTests" name="[185] /home/travis/build/icyphy/ptII/ptolemy/actor/lib/test/auto/LazyAOCTestLazy.xml (RunModel)" time="0.021" />
  <testcase classname="ptolemy.util.test.junit.AutoTests" name="[186] /home/travis/build/icyphy/ptII/ptolemy/actor/lib/test/auto/LazyAOCTestNonLazy.xml (RunModel)" time="0.041" />
  <testcase classname="ptolemy.util.test.junit.AutoTests" name="[187] /home/travis/build/icyphy/ptII/ptolemy/actor/lib/test/auto/LazyInnerClass.xml (RunModel)" time="0.044" />
  <testcase classname="ptolemy.util.test.junit.AutoTests" name="[188] /home/travis/build/icyphy/ptII/ptolemy/actor/lib/test/auto/LazyPubSub.xml (RunModel)" time="0.054" />
  <testcase classname="ptolemy.util.test.junit.AutoTests" name="[189] /home/travis/build/icyphy/ptII/ptolemy/actor/lib/test/auto/LazyPubSub2.xml (RunModel)" time="0.057" />
  <testcase classname="ptolemy.util.test.junit.AutoTests" name="[190] /home/travis/build/icyphy/ptII/ptolemy/actor/lib/test/auto/LazyPubSub3.xml (RunModel)" time="0.028" />
  <testcase classname="ptolemy.util.test.junit.AutoTests" name="[191] /home/travis/build/icyphy/ptII/ptolemy/actor/lib/test/auto/LazySubClassModel.xml (RunModel)" time="0.023" />
  <testcase classname="ptolemy.util.test.junit.AutoTests" name="[192] /home/travis/build/icyphy/ptII/ptolemy/actor/lib/test/auto/LevelCrossTest1.xml (RunModel)" time="0.013" />
  <testcase classname="ptolemy.util.test.junit.AutoTests" name="[193] /home/travis/build/icyphy/ptII/ptolemy/actor/lib/test/auto/LevelCrossTest10.xml (RunModel)" time="0.014" />
  <testcase classname="ptolemy.util.test.junit.AutoTests" name="[194] /home/travis/build/icyphy/ptII/ptolemy/actor/lib/test/auto/LevelCrossTest11.xml (RunModel)" time="0.015" />
  <testcase classname="ptolemy.util.test.junit.AutoTests" name="[195] /home/travis/build/icyphy/ptII/ptolemy/actor/lib/test/auto/LevelCrossTest12.xml (RunModel)" time="0.016" />
  <testcase classname="ptolemy.util.test.junit.AutoTests" name="[196] /home/travis/build/icyphy/ptII/ptolemy/actor/lib/test/auto/LevelCrossTest13.xml (RunModel)" time="0.013" />
  <testcase classname="ptolemy.util.test.junit.AutoTests" name="[197] /home/travis/build/icyphy/ptII/ptolemy/actor/lib/test/auto/LevelCrossTest2.xml (RunModel)" time="0.01" />
  <testcase classname="ptolemy.util.test.junit.AutoTests" name="[198] /home/travis/build/icyphy/ptII/ptolemy/actor/lib/test/auto/LevelCrossTest3.xml (RunModel)" time="0.011" />
  <testcase classname="ptolemy.util.test.junit.AutoTests" name="[199] /home/travis/build/icyphy/ptII/ptolemy/actor/lib/test/auto/LevelCrossTest4.xml (RunModel)" time="0.011" />
  <testcase classname="ptolemy.util.test.junit.AutoTests" name="[200] /home/travis/build/icyphy/ptII/ptolemy/actor/lib/test/auto/LevelCrossTest5.xml (RunModel)" time="0.015" />
  <testcase classname="ptolemy.util.test.junit.AutoTests" name="[201] /home/travis/build/icyphy/ptII/ptolemy/actor/lib/test/auto/LevelCrossTest6.xml (RunModel)" time="0.017" />
  <testcase classname="ptolemy.util.test.junit.AutoTests" name="[202] /home/travis/build/icyphy/ptII/ptolemy/actor/lib/test/auto/LevelCrossTest7.xml (RunModel)" time="0.015" />
  <testcase classname="ptolemy.util.test.junit.AutoTests" name="[203] /home/travis/build/icyphy/ptII/ptolemy/actor/lib/test/auto/LevelCrossTest8.xml (RunModel)" time="0.013" />
  <testcase classname="ptolemy.util.test.junit.AutoTests" name="[204] /home/travis/build/icyphy/ptII/ptolemy/actor/lib/test/auto/LevelCrossTest9.xml (RunModel)" time="0.014" />
  <testcase classname="ptolemy.util.test.junit.AutoTests" name="[205] /home/travis/build/icyphy/ptII/ptolemy/actor/lib/test/auto/LevinsonDurbin.xml (RunModel)" time="0.009" />
  <testcase classname="ptolemy.util.test.junit.AutoTests" name="[206] /home/travis/build/icyphy/ptII/ptolemy/actor/lib/test/auto/LevinsonDurbin2.xml (RunModel)" time="0.009" />
  <testcase classname="ptolemy.util.test.junit.AutoTests" name="[207] /home/travis/build/icyphy/ptII/ptolemy/actor/lib/test/auto/LevinsonDurbin3.xml (RunModel)" time="0.008" />
  <testcase classname="ptolemy.util.test.junit.AutoTests" name="[208] /home/travis/build/icyphy/ptII/ptolemy/actor/lib/test/auto/Limiter.xml (RunModel)" time="0.04" />
  <testcase classname="ptolemy.util.test.junit.AutoTests" name="[209] /home/travis/build/icyphy/ptII/ptolemy/actor/lib/test/auto/LinearDifferenceEquationSystem.xml (RunModel)" time="0.022" />
  <testcase classname="ptolemy.util.test.junit.AutoTests" name="[210] /home/travis/build/icyphy/ptII/ptolemy/actor/lib/test/auto/LookupTable.xml (RunModel)" time="0.014" />
  <testcase classname="ptolemy.util.test.junit.AutoTests" name="[211] /home/travis/build/icyphy/ptII/ptolemy/actor/lib/test/auto/MathFunction.xml (RunModel)" time="0.02" />
  <testcase classname="ptolemy.util.test.junit.AutoTests" name="[212] /home/travis/build/icyphy/ptII/ptolemy/actor/lib/test/auto/MathFunction2.xml (RunModel)" time="0.01" />
  <testcase classname="ptolemy.util.test.junit.AutoTests" name="[213] /home/travis/build/icyphy/ptII/ptolemy/actor/lib/test/auto/MathFunction3.xml (RunModel)" time="0.025" />
  <testcase classname="ptolemy.util.test.junit.AutoTests" name="[214] /home/travis/build/icyphy/ptII/ptolemy/actor/lib/test/auto/MatrixCropBoolean.xml (RunModel)" time="0.019" />
  <testcase classname="ptolemy.util.test.junit.AutoTests" name="[215] /home/travis/build/icyphy/ptII/ptolemy/actor/lib/test/auto/MatrixCropComplex.xml (RunModel)" time="0.01" />
  <testcase classname="ptolemy.util.test.junit.AutoTests" name="[216] /home/travis/build/icyphy/ptII/ptolemy/actor/lib/test/auto/MatrixCropDouble.xml (RunModel)" time="0.008" />
  <testcase classname="ptolemy.util.test.junit.AutoTests" name="[217] /home/travis/build/icyphy/ptII/ptolemy/actor/lib/test/auto/MatrixCropFix.xml (RunModel)" time="0.014" />
  <testcase classname="ptolemy.util.test.junit.AutoTests" name="[218] /home/travis/build/icyphy/ptII/ptolemy/actor/lib/test/auto/MatrixCropInt.xml (RunModel)" time="0.009" />
  <testcase classname="ptolemy.util.test.junit.AutoTests" name="[219] /home/travis/build/icyphy/ptII/ptolemy/actor/lib/test/auto/MatrixCropLong.xml (RunModel)" time="0.007" />
  <testcase classname="ptolemy.util.test.junit.AutoTests" name="[220] /home/travis/build/icyphy/ptII/ptolemy/actor/lib/test/auto/MatrixToArray.xml (RunModel)" time="0.049" />
  <testcase classname="ptolemy.util.test.junit.AutoTests" name="[221] /home/travis/build/icyphy/ptII/ptolemy/actor/lib/test/auto/MaxIndex.xml (RunModel)" time="0.02" />
  <testcase classname="ptolemy.util.test.junit.AutoTests" name="[222] /home/travis/build/icyphy/ptII/ptolemy/actor/lib/test/auto/Maximum.xml (RunModel)" time="0.027" />
  <testcase classname="ptolemy.util.test.junit.AutoTests" name="[223] /home/travis/build/icyphy/ptII/ptolemy/actor/lib/test/auto/MaximumComplex.xml (RunModel)" time="0.014" />
  <testcase classname="ptolemy.util.test.junit.AutoTests" name="[224] /home/travis/build/icyphy/ptII/ptolemy/actor/lib/test/auto/MethodCallTest.xml (RunModel)" time="0.02" />
  <testcase classname="ptolemy.util.test.junit.AutoTests" name="[225] /home/travis/build/icyphy/ptII/ptolemy/actor/lib/test/auto/Minimum.xml (RunModel)" time="0.015" />
  <testcase classname="ptolemy.util.test.junit.AutoTests" name="[226] /home/travis/build/icyphy/ptII/ptolemy/actor/lib/test/auto/MinimumComplex.xml (RunModel)" time="0.023" />
  <testcase classname="ptolemy.util.test.junit.AutoTests" name="[227] /home/travis/build/icyphy/ptII/ptolemy/actor/lib/test/auto/MinimumMultiports.xml (RunModel)" time="0.016" />
  <testcase classname="ptolemy.util.test.junit.AutoTests" name="[228] /home/travis/build/icyphy/ptII/ptolemy/actor/lib/test/auto/ModifyDate.xml (RunModel)" time="0.042" />
  <testcase classname="ptolemy.util.test.junit.AutoTests" name="[229] /home/travis/build/icyphy/ptII/ptolemy/actor/lib/test/auto/ModifyDate2.xml (RunModel)" time="0.025" />
  <testcase classname="ptolemy.util.test.junit.AutoTests" name="[230] /home/travis/build/icyphy/ptII/ptolemy/actor/lib/test/auto/MovingAverage.xml (RunModel)" time="0.024" />
  <testcase classname="ptolemy.util.test.junit.AutoTests" name="[231] /home/travis/build/icyphy/ptII/ptolemy/actor/lib/test/auto/MovingMaximum.xml (RunModel)" time="0.018" />
  <testcase classname="ptolemy.util.test.junit.AutoTests" name="[232] /home/travis/build/icyphy/ptII/ptolemy/actor/lib/test/auto/MultipleLinksToSameRelation.xml (RunModel)" time="0.007" />
  <testcase classname="ptolemy.util.test.junit.AutoTests" name="[233] /home/travis/build/icyphy/ptII/ptolemy/actor/lib/test/auto/MultipleLinksToSameRelationDE.xml (RunModel)" time="0.01" />
  <testcase classname="ptolemy.util.test.junit.AutoTests" name="[234] /home/travis/build/icyphy/ptII/ptolemy/actor/lib/test/auto/Multiplexor.xml (RunModel)" time="0.011" />
  <testcase classname="ptolemy.util.test.junit.AutoTests" name="[235] /home/travis/build/icyphy/ptII/ptolemy/actor/lib/test/auto/Multiplexor1.xml (RunModel)" time="0.009" />
  <testcase classname="ptolemy.util.test.junit.AutoTests" name="[236] /home/travis/build/icyphy/ptII/ptolemy/actor/lib/test/auto/Multiplexor2.xml (RunModel)" time="0.018" />
  <testcase classname="ptolemy.util.test.junit.AutoTests" name="[237] /home/travis/build/icyphy/ptII/ptolemy/actor/lib/test/auto/Multiplexor3.xml (RunModel)" time="0.011" />
  <testcase classname="ptolemy.util.test.junit.AutoTests" name="[238] /home/travis/build/icyphy/ptII/ptolemy/actor/lib/test/auto/MultiplexorDE.xml (RunModel)" time="0.016" />
  <testcase classname="ptolemy.util.test.junit.AutoTests" name="[239] /home/travis/build/icyphy/ptII/ptolemy/actor/lib/test/auto/MultiportBroadcastTest.xml (RunModel)" time="0.095" />
  <testcase classname="ptolemy.util.test.junit.AutoTests" name="[240] /home/travis/build/icyphy/ptII/ptolemy/actor/lib/test/auto/MultiportOutHangDuringGetWidth.xml (RunModel)" time="0.034" />
  <testcase classname="ptolemy.util.test.junit.AutoTests" name="[241] /home/travis/build/icyphy/ptII/ptolemy/actor/lib/test/auto/NilToken.xml (RunModel)" time="0.01" />
  <testcase classname="ptolemy.util.test.junit.AutoTests" name="[242] /home/travis/build/icyphy/ptII/ptolemy/actor/lib/test/auto/NilTokenNonStrictTest.xml (RunModel)" time="0.019" />
  <testcase classname="ptolemy.util.test.junit.AutoTests" name="[243] /home/travis/build/icyphy/ptII/ptolemy/actor/lib/test/auto/NilTokenRecord.xml (RunModel)" time="0.02" />
  <testcase classname="ptolemy.util.test.junit.AutoTests" name="[244] /home/travis/build/icyphy/ptII/ptolemy/actor/lib/test/auto/NilTokenTypeTest.xml (RunModel)" time="0.032" />
  <testcase classname="ptolemy.util.test.junit.AutoTests" name="[245] /home/travis/build/icyphy/ptII/ptolemy/actor/lib/test/auto/ObjectToken1.xml (RunModel)" time="0.01" />
  <testcase classname="ptolemy.util.test.junit.AutoTests" name="[246] /home/travis/build/icyphy/ptII/ptolemy/actor/lib/test/auto/OrderedMerge.xml (RunModel)" time="0.019" />
  <testcase classname="ptolemy.util.test.junit.AutoTests" name="[247] /home/travis/build/icyphy/ptII/ptolemy/actor/lib/test/auto/OrderedRecordDisassembler.xml (RunModel)" time="0.021" />
  <testcase classname="ptolemy.util.test.junit.AutoTests" name="[248] /home/travis/build/icyphy/ptII/ptolemy/actor/lib/test/auto/OrderedRecordDisassembler2.xml (RunModel)" time="0.017" />
  <testcase classname="ptolemy.util.test.junit.AutoTests" name="[249] /home/travis/build/icyphy/ptII/ptolemy/actor/lib/test/auto/OrderedRecordUpdater.xml (RunModel)" time="0.01" />
  <testcase classname="ptolemy.util.test.junit.AutoTests" name="[250] /home/travis/build/icyphy/ptII/ptolemy/actor/lib/test/auto/OrderedRecordUpdater2.xml (RunModel)" time="0.016" />
  <testcase classname="ptolemy.util.test.junit.AutoTests" name="[251] /home/travis/build/icyphy/ptII/ptolemy/actor/lib/test/auto/PhaseUnwrap.xml (RunModel)" time="0.017" />
  <testcase classname="ptolemy.util.test.junit.AutoTests" name="[252] /home/travis/build/icyphy/ptII/ptolemy/actor/lib/test/auto/PoissonClock.xml (RunModel)" time="0.011" />
  <testcase classname="ptolemy.util.test.junit.AutoTests" name="[253] /home/travis/build/icyphy/ptII/ptolemy/actor/lib/test/auto/PoissonClock2.xml (RunModel)" time="0.01" />
  <testcase classname="ptolemy.util.test.junit.AutoTests" name="[254] /home/travis/build/icyphy/ptII/ptolemy/actor/lib/test/auto/PoissonClock3.xml (RunModel)" time="0.023" />
  <testcase classname="ptolemy.util.test.junit.AutoTests" name="[255] /home/travis/build/icyphy/ptII/ptolemy/actor/lib/test/auto/PubSubWithInitialTokens.xml (RunModel)" time="0.01" />
  <testcase classname="ptolemy.util.test.junit.AutoTests" name="[256] /home/travis/build/icyphy/ptII/ptolemy/actor/lib/test/auto/PubSubWithInitialTokens2.xml (RunModel)" time="0.012" />
  <testcase classname="ptolemy.util.test.junit.AutoTests" name="[257] /home/travis/build/icyphy/ptII/ptolemy/actor/lib/test/auto/PublisherClassNoParameter.xml (RunModel)" time="0.022" />
  <testcase classname="ptolemy.util.test.junit.AutoTests" name="[258] /home/travis/build/icyphy/ptII/ptolemy/actor/lib/test/auto/PublisherClassParameter.xml (RunModel)" time="0.021" />
  <testcase classname="ptolemy.util.test.junit.AutoTests" name="[259] /home/travis/build/icyphy/ptII/ptolemy/actor/lib/test/auto/PublisherNonStrictTest.xml (RunModel)" time="0.013" />
  <testcase classname="ptolemy.util.test.junit.AutoTests" name="[260] /home/travis/build/icyphy/ptII/ptolemy/actor/lib/test/auto/PublisherPort1.xml (RunModel)" time="0.01" />
  <testcase classname="ptolemy.util.test.junit.AutoTests" name="[261] /home/travis/build/icyphy/ptII/ptolemy/actor/lib/test/auto/PublisherPort2.xml (RunModel)" time="0.009" />
  <testcase classname="ptolemy.util.test.junit.AutoTests" name="[262] /home/travis/build/icyphy/ptII/ptolemy/actor/lib/test/auto/PublisherPort3.xml (RunModel)" time="0.021" />
  <testcase classname="ptolemy.util.test.junit.AutoTests" name="[263] /home/travis/build/icyphy/ptII/ptolemy/actor/lib/test/auto/PublisherPort4.xml (RunModel)" time="0.014" />
  <testcase classname="ptolemy.util.test.junit.AutoTests" name="[264] /home/travis/build/icyphy/ptII/ptolemy/actor/lib/test/auto/PublisherPort5.xml (RunModel)" time="0.013" />
  <testcase classname="ptolemy.util.test.junit.AutoTests" name="[265] /home/travis/build/icyphy/ptII/ptolemy/actor/lib/test/auto/PublisherPort5LookAlike.xml (RunModel)" time="0.018" />
  <testcase classname="ptolemy.util.test.junit.AutoTests" name="[266] /home/travis/build/icyphy/ptII/ptolemy/actor/lib/test/auto/PublisherPort6.xml (RunModel)" time="0.011" />
  <testcase classname="ptolemy.util.test.junit.AutoTests" name="[267] /home/travis/build/icyphy/ptII/ptolemy/actor/lib/test/auto/PublisherPort7.xml (RunModel)" time="0.014" />
  <testcase classname="ptolemy.util.test.junit.AutoTests" name="[268] /home/travis/build/icyphy/ptII/ptolemy/actor/lib/test/auto/PublisherPort8.xml (RunModel)" time="0.018" />
  <testcase classname="ptolemy.util.test.junit.AutoTests" name="[269] /home/travis/build/icyphy/ptII/ptolemy/actor/lib/test/auto/PublisherPortSubscriberChannelVariablesAOC2.xml (RunModel)" time="0.032" />
  <testcase classname="ptolemy.util.test.junit.AutoTests" name="[270] /home/travis/build/icyphy/ptII/ptolemy/actor/lib/test/auto/PublisherPortSubscriberOpaqueWidthInference.xml (RunModel)" time="0.015" />
  <testcase classname="ptolemy.util.test.junit.AutoTests" name="[271] /home/travis/build/icyphy/ptII/ptolemy/actor/lib/test/auto/PublisherPortSubscriberPortAdjacent.xml (RunModel)" time="0.022" />
  <testcase classname="ptolemy.util.test.junit.AutoTests" name="[272] /home/travis/build/icyphy/ptII/ptolemy/actor/lib/test/auto/PublisherPortSubscriberPortExpression.xml (RunModel)" time="0.033" />
  <testcase classname="ptolemy.util.test.junit.AutoTests" name="[273] /home/travis/build/icyphy/ptII/ptolemy/actor/lib/test/auto/PublisherPortSubscriberPortOpaqueD3Reverse.xml (RunModel)" time="0.02" />
  <testcase classname="ptolemy.util.test.junit.AutoTests" name="[274] /home/travis/build/icyphy/ptII/ptolemy/actor/lib/test/auto/PublisherPortSubscriberPortOpaqueWidthInference.xml (RunModel)" time="0.014" />
  <testcase classname="ptolemy.util.test.junit.AutoTests" name="[275] /home/travis/build/icyphy/ptII/ptolemy/actor/lib/test/auto/PublisherPortToplevelSubscriberPortAOC.xml (RunModel)" time="0.01" />
  <testcase classname="ptolemy.util.test.junit.AutoTests" name="[276] /home/travis/build/icyphy/ptII/ptolemy/actor/lib/test/auto/PublisherSubscriber.xml (RunModel)" time="0.011" />
  <testcase classname="ptolemy.util.test.junit.AutoTests" name="[277] /home/travis/build/icyphy/ptII/ptolemy/actor/lib/test/auto/PublisherSubscriber10.xml (RunModel)" time="0.019" />
  <testcase classname="ptolemy.util.test.junit.AutoTests" name="[278] /home/travis/build/icyphy/ptII/ptolemy/actor/lib/test/auto/PublisherSubscriber10InitialOutputs.xml (RunModel)" time="0.029" />
  <testcase classname="ptolemy.util.test.junit.AutoTests" name="[279] /home/travis/build/icyphy/ptII/ptolemy/actor/lib/test/auto/PublisherSubscriber11.xml (RunModel)" time="0.014" />
  <testcase classname="ptolemy.util.test.junit.AutoTests" name="[280] /home/travis/build/icyphy/ptII/ptolemy/actor/lib/test/auto/PublisherSubscriber12.xml (RunModel)" time="0.028" />
  <testcase classname="ptolemy.util.test.junit.AutoTests" name="[281] /home/travis/build/icyphy/ptII/ptolemy/actor/lib/test/auto/PublisherSubscriber13.xml (RunModel)" time="0.014" />
  <testcase classname="ptolemy.util.test.junit.AutoTests" name="[282] /home/travis/build/icyphy/ptII/ptolemy/actor/lib/test/auto/PublisherSubscriber14.xml (RunModel)" time="0.021" />
  <testcase classname="ptolemy.util.test.junit.AutoTests" name="[283] /home/travis/build/icyphy/ptII/ptolemy/actor/lib/test/auto/PublisherSubscriber2.xml (RunModel)" time="0.009" />
  <testcase classname="ptolemy.util.test.junit.AutoTests" name="[284] /home/travis/build/icyphy/ptII/ptolemy/actor/lib/test/auto/PublisherSubscriber3.xml (RunModel)" time="0.008" />
  <testcase classname="ptolemy.util.test.junit.AutoTests" name="[285] /home/travis/build/icyphy/ptII/ptolemy/actor/lib/test/auto/PublisherSubscriber4.xml (RunModel)" time="0.007" />
  <testcase classname="ptolemy.util.test.junit.AutoTests" name="[286] /home/travis/build/icyphy/ptII/ptolemy/actor/lib/test/auto/PublisherSubscriber5.xml (RunModel)" time="0.011" />
  <testcase classname="ptolemy.util.test.junit.AutoTests" name="[287] /home/travis/build/icyphy/ptII/ptolemy/actor/lib/test/auto/PublisherSubscriber6.xml (RunModel)" time="0.014" />
  <testcase classname="ptolemy.util.test.junit.AutoTests" name="[288] /home/travis/build/icyphy/ptII/ptolemy/actor/lib/test/auto/PublisherSubscriber7.xml (RunModel)" time="0.016" />
  <testcase classname="ptolemy.util.test.junit.AutoTests" name="[289] /home/travis/build/icyphy/ptII/ptolemy/actor/lib/test/auto/PublisherSubscriber8.xml (RunModel)" time="0.029" />
  <testcase classname="ptolemy.util.test.junit.AutoTests" name="[290] /home/travis/build/icyphy/ptII/ptolemy/actor/lib/test/auto/PublisherSubscriber9.xml (RunModel)" time="0.017" />
  <testcase classname="ptolemy.util.test.junit.AutoTests" name="[291] /home/travis/build/icyphy/ptII/ptolemy/actor/lib/test/auto/PublisherSubscriberAdjacent.xml (RunModel)" time="0.014" />
  <testcase classname="ptolemy.util.test.junit.AutoTests" name="[292] /home/travis/build/icyphy/ptII/ptolemy/actor/lib/test/auto/PublisherSubscriberChannelVariablesAOC2.xml (RunModel)" time="0.026" />
  <testcase classname="ptolemy.util.test.junit.AutoTests" name="[293] /home/travis/build/icyphy/ptII/ptolemy/actor/lib/test/auto/PublisherSubscriberD3.xml (RunModel)" time="0.011" />
  <testcase classname="ptolemy.util.test.junit.AutoTests" name="[294] /home/travis/build/icyphy/ptII/ptolemy/actor/lib/test/auto/PublisherSubscriberD3Reverse.xml (RunModel)" time="0.018" />
  <testcase classname="ptolemy.util.test.junit.AutoTests" name="[295] /home/travis/build/icyphy/ptII/ptolemy/actor/lib/test/auto/PublisherSubscriberExpression.xml (RunModel)" time="0.02" />
  <testcase classname="ptolemy.util.test.junit.AutoTests" name="[296] /home/travis/build/icyphy/ptII/ptolemy/actor/lib/test/auto/PublisherSubscriberOpaque.xml (RunModel)" time="0.015" />
  <testcase classname="ptolemy.util.test.junit.AutoTests" name="[297] /home/travis/build/icyphy/ptII/ptolemy/actor/lib/test/auto/PublisherSubscriberOpaqueD3.xml (RunModel)" time="0.021" />
  <testcase classname="ptolemy.util.test.junit.AutoTests" name="[298] /home/travis/build/icyphy/ptII/ptolemy/actor/lib/test/auto/PublisherSubscriberOpaqueD3Reverse.xml (RunModel)" time="0.02" />
  <testcase classname="ptolemy.util.test.junit.AutoTests" name="[299] /home/travis/build/icyphy/ptII/ptolemy/actor/lib/test/auto/PublisherSubscriberOpaqueWidthInference.xml (RunModel)" time="0.016" />
  <testcase classname="ptolemy.util.test.junit.AutoTests" name="[300] /home/travis/build/icyphy/ptII/ptolemy/actor/lib/test/auto/PublisherTestSubscriber.xml (RunModel)" time="0.015" />
  <testcase classname="ptolemy.util.test.junit.AutoTests" name="[301] /home/travis/build/icyphy/ptII/ptolemy/actor/lib/test/auto/PublisherToplevelSubscriberPortAOC.xml (RunModel)" time="0.01" />
  <testcase classname="ptolemy.util.test.junit.AutoTests" name="[302] /home/travis/build/icyphy/ptII/ptolemy/actor/lib/test/auto/PulseFiringLimitDE.xml (RunModel)" time="0.014" />
  <testcase classname="ptolemy.util.test.junit.AutoTests" name="[303] /home/travis/build/icyphy/ptII/ptolemy/actor/lib/test/auto/Ramp1.xml (RunModel)" time="0.007" />
  <testcase classname="ptolemy.util.test.junit.AutoTests" name="[304] /home/travis/build/icyphy/ptII/ptolemy/actor/lib/test/auto/RampFiringLimitDE.xml (RunModel)" time="0.013" />
  <testcase classname="ptolemy.util.test.junit.AutoTests" name="[305] /home/travis/build/icyphy/ptII/ptolemy/actor/lib/test/auto/RampFiringLimitSDF.xml (RunModel)" time="0.009" />
  <testcase classname="ptolemy.util.test.junit.AutoTests" name="[306] /home/travis/build/icyphy/ptII/ptolemy/actor/lib/test/auto/RandomInteger.xml (RunModel)" time="0.008" />
  <testcase classname="ptolemy.util.test.junit.AutoTests" name="[307] /home/travis/build/icyphy/ptII/ptolemy/actor/lib/test/auto/ReadFile1.xml (RunModel)" time="0.008" />
  <testcase classname="ptolemy.util.test.junit.AutoTests" name="[308] /home/travis/build/icyphy/ptII/ptolemy/actor/lib/test/auto/ReadFile2.xml (RunModel)" time="0.01" />
  <testcase classname="ptolemy.util.test.junit.AutoTests" name="[309] /home/travis/build/icyphy/ptII/ptolemy/actor/lib/test/auto/Reader.xml (RunModel)" time="0.012" />
  <testcase classname="ptolemy.util.test.junit.AutoTests" name="[310] /home/travis/build/icyphy/ptII/ptolemy/actor/lib/test/auto/RecordAssemblerDisplayNameTest.xml (RunModel)" time="3.846" />
  <testcase classname="ptolemy.util.test.junit.AutoTests" name="[311] /home/travis/build/icyphy/ptII/ptolemy/actor/lib/test/auto/RecordAssemblerTypeError.xml (RunModel)" time="0.048" />
  <testcase classname="ptolemy.util.test.junit.AutoTests" name="[312] /home/travis/build/icyphy/ptII/ptolemy/actor/lib/test/auto/RecordDisassember.xml (RunModel)" time="0.02" />
  <testcase classname="ptolemy.util.test.junit.AutoTests" name="[313] /home/travis/build/icyphy/ptII/ptolemy/actor/lib/test/auto/RecordDisassemberDisplayNameTest.xml (RunModel)" time="0.017" />
  <testcase classname="ptolemy.util.test.junit.AutoTests" name="[314] /home/travis/build/icyphy/ptII/ptolemy/actor/lib/test/auto/RecordDisassembler.xml (RunModel)" time="0.01" />
  <testcase classname="ptolemy.util.test.junit.AutoTests" name="[315] /home/travis/build/icyphy/ptII/ptolemy/actor/lib/test/auto/RecordDisassembler2.xml (RunModel)" time="0.01" />
  <testcase classname="ptolemy.util.test.junit.AutoTests" name="[316] /home/travis/build/icyphy/ptII/ptolemy/actor/lib/test/auto/RecordUpdater.xml (RunModel)" time="0.011" />
  <testcase classname="ptolemy.util.test.junit.AutoTests" name="[317] /home/travis/build/icyphy/ptII/ptolemy/actor/lib/test/auto/RecordUpdater2.xml (RunModel)" time="0.009" />
  <testcase classname="ptolemy.util.test.junit.AutoTests" name="[318] /home/travis/build/icyphy/ptII/ptolemy/actor/lib/test/auto/RecursiveLattice.xml (RunModel)" time="0.008" />
  <testcase classname="ptolemy.util.test.junit.AutoTests" name="[319] /home/travis/build/icyphy/ptII/ptolemy/actor/lib/test/auto/Router.xml (RunModel)" time="3.022" />
  <testcase classname="ptolemy.util.test.junit.AutoTests" name="[320] /home/travis/build/icyphy/ptII/ptolemy/actor/lib/test/auto/Router2.xml (RunModel)" time="3.053" />
  <testcase classname="ptolemy.util.test.junit.AutoTests" name="[321] /home/travis/build/icyphy/ptII/ptolemy/actor/lib/test/auto/RunningMaximum.xml (RunModel)" time="0.024" />
  <testcase classname="ptolemy.util.test.junit.AutoTests" name="[322] /home/travis/build/icyphy/ptII/ptolemy/actor/lib/test/auto/RunningMinimum.xml (RunModel)" time="0.018" />
  <testcase classname="ptolemy.util.test.junit.AutoTests" name="[323] /home/travis/build/icyphy/ptII/ptolemy/actor/lib/test/auto/Scale.xml (RunModel)" time="0.016" />
  <testcase classname="ptolemy.util.test.junit.AutoTests" name="[324] /home/travis/build/icyphy/ptII/ptolemy/actor/lib/test/auto/Scale2.xml (RunModel)" time="0.01" />
  <testcase classname="ptolemy.util.test.junit.AutoTests" name="[325] /home/travis/build/icyphy/ptII/ptolemy/actor/lib/test/auto/Scale3.xml (RunModel)" time="0.013" />
  <testcase classname="ptolemy.util.test.junit.AutoTests" name="[326] /home/travis/build/icyphy/ptII/ptolemy/actor/lib/test/auto/ScaleArray.xml (RunModel)" time="0.007" />
  <testcase classname="ptolemy.util.test.junit.AutoTests" name="[327] /home/travis/build/icyphy/ptII/ptolemy/actor/lib/test/auto/ScaleArray2.xml (RunModel)" time="0.007" />
  <testcase classname="ptolemy.util.test.junit.AutoTests" name="[328] /home/travis/build/icyphy/ptII/ptolemy/actor/lib/test/auto/ScaleMatrix.xml (RunModel)" time="0.175" />
  <testcase classname="ptolemy.util.test.junit.AutoTests" name="[329] /home/travis/build/icyphy/ptII/ptolemy/actor/lib/test/auto/Select.xml (RunModel)" time="0.02" />
  <testcase classname="ptolemy.util.test.junit.AutoTests" name="[330] /home/travis/build/icyphy/ptII/ptolemy/actor/lib/test/auto/Select2.xml (RunModel)" time="0.008" />
  <testcase classname="ptolemy.util.test.junit.AutoTests" name="[331] /home/travis/build/icyphy/ptII/ptolemy/actor/lib/test/auto/SequenceToArray2.xml (RunModel)" time="0.135" />
  <testcase classname="ptolemy.util.test.junit.AutoTests" name="[332] /home/travis/build/icyphy/ptII/ptolemy/actor/lib/test/auto/SequentialClock.xml (RunModel)" time="0.011" />
  <testcase classname="ptolemy.util.test.junit.AutoTests" name="[333] /home/travis/build/icyphy/ptII/ptolemy/actor/lib/test/auto/SetVariable.xml (RunModel)" time="0.011" />
  <testcase classname="ptolemy.util.test.junit.AutoTests" name="[334] /home/travis/build/icyphy/ptII/ptolemy/actor/lib/test/auto/SetVariable2.xml (RunModel)" time="0.011" />
  <testcase classname="ptolemy.util.test.junit.AutoTests" name="[335] /home/travis/build/icyphy/ptII/ptolemy/actor/lib/test/auto/SetVariable3.xml (RunModel)" time="0.014" />
  <testcase classname="ptolemy.util.test.junit.AutoTests" name="[336] /home/travis/build/icyphy/ptII/ptolemy/actor/lib/test/auto/SetVariable4.xml (RunModel)" time="0.024" />
  <testcase classname="ptolemy.util.test.junit.AutoTests" name="[337] /home/travis/build/icyphy/ptII/ptolemy/actor/lib/test/auto/SetVariable5.xml (RunModel)" time="0.033" />
  <testcase classname="ptolemy.util.test.junit.AutoTests" name="[338] /home/travis/build/icyphy/ptII/ptolemy/actor/lib/test/auto/Sinewave.xml (RunModel)" time="0.026" />
  <testcase classname="ptolemy.util.test.junit.AutoTests" name="[339] /home/travis/build/icyphy/ptII/ptolemy/actor/lib/test/auto/Sinewave2.xml (RunModel)" time="0.015" />
  <testcase classname="ptolemy.util.test.junit.AutoTests" name="[340] /home/travis/build/icyphy/ptII/ptolemy/actor/lib/test/auto/Sinewave3.xml (RunModel)" time="0.02" />
  <testcase classname="ptolemy.util.test.junit.AutoTests" name="[341] /home/travis/build/icyphy/ptII/ptolemy/actor/lib/test/auto/SingleEvent.xml (RunModel)" time="0.007" />
  <testcase classname="ptolemy.util.test.junit.AutoTests" name="[342] /home/travis/build/icyphy/ptII/ptolemy/actor/lib/test/auto/Sleep.xml (RunModel)" time="6.023" />
  <testcase classname="ptolemy.util.test.junit.AutoTests" name="[343] /home/travis/build/icyphy/ptII/ptolemy/actor/lib/test/auto/SleepMultipleFire.xml (RunModel)" time="1.029" />
  <testcase classname="ptolemy.util.test.junit.AutoTests" name="[344] /home/travis/build/icyphy/ptII/ptolemy/actor/lib/test/auto/StopDE.xml (RunModel)" time="0.014" />
  <testcase classname="ptolemy.util.test.junit.AutoTests" name="[345] /home/travis/build/icyphy/ptII/ptolemy/actor/lib/test/auto/StopSDF.xml (RunModel)" time="0.011" />
  <testcase classname="ptolemy.util.test.junit.AutoTests" name="[346] /home/travis/build/icyphy/ptII/ptolemy/actor/lib/test/auto/StringConstant.xml (RunModel)" time="0.015" />
  <testcase classname="ptolemy.util.test.junit.AutoTests" name="[347] /home/travis/build/icyphy/ptII/ptolemy/actor/lib/test/auto/SubscriberPortInitialValues1.xml (RunModel)" time="0.021" />
  <testcase classname="ptolemy.util.test.junit.AutoTests" name="[348] /home/travis/build/icyphy/ptII/ptolemy/actor/lib/test/auto/SubscriberPortInitialValues13.xml (RunModel)" time="0.037" />
  <testcase classname="ptolemy.util.test.junit.AutoTests" name="[349] /home/travis/build/icyphy/ptII/ptolemy/actor/lib/test/auto/SubscriberPortInitialValues14.xml (RunModel)" time="0.014" />
  <testcase classname="ptolemy.util.test.junit.AutoTests" name="[350] /home/travis/build/icyphy/ptII/ptolemy/actor/lib/test/auto/SubscriberPortInitialValues2.xml (RunModel)" time="0.016" />
  <testcase classname="ptolemy.util.test.junit.AutoTests" name="[351] /home/travis/build/icyphy/ptII/ptolemy/actor/lib/test/auto/SubscriberPortInitialValues3.xml (RunModel)" time="0.021" />
  <testcase classname="ptolemy.util.test.junit.AutoTests" name="[352] /home/travis/build/icyphy/ptII/ptolemy/actor/lib/test/auto/SubscriptionAggregator.xml (RunModel)" time="0.011" />
  <testcase classname="ptolemy.util.test.junit.AutoTests" name="[353] /home/travis/build/icyphy/ptII/ptolemy/actor/lib/test/auto/SubscriptionAggregator2.xml (RunModel)" time="0.011" />
  <testcase classname="ptolemy.util.test.junit.AutoTests" name="[354] /home/travis/build/icyphy/ptII/ptolemy/actor/lib/test/auto/SubscriptionAggregator3.xml (RunModel)" time="0.016" />
  <testcase classname="ptolemy.util.test.junit.AutoTests" name="[355] /home/travis/build/icyphy/ptII/ptolemy/actor/lib/test/auto/SubscriptionAggregatorMultiply.xml (RunModel)" time="0.024" />
  <testcase classname="ptolemy.util.test.junit.AutoTests" name="[356] /home/travis/build/icyphy/ptII/ptolemy/actor/lib/test/auto/SubscriptionAggregatorPortMultiply1.xml (RunModel)" time="0.016" />
  <testcase classname="ptolemy.util.test.junit.AutoTests" name="[357] /home/travis/build/icyphy/ptII/ptolemy/actor/lib/test/auto/Switch.xml (RunModel)" time="0.016" />
  <testcase classname="ptolemy.util.test.junit.AutoTests" name="[358] /home/travis/build/icyphy/ptII/ptolemy/actor/lib/test/auto/Switch2.xml (RunModel)" time="0.013" />
  <testcase classname="ptolemy.util.test.junit.AutoTests" name="[359] /home/travis/build/icyphy/ptII/ptolemy/actor/lib/test/auto/SwitchDE.xml (RunModel)" time="0.014" />
  <testcase classname="ptolemy.util.test.junit.AutoTests" name="[360] /home/travis/build/icyphy/ptII/ptolemy/actor/lib/test/auto/SynchronizerDE.xml (RunModel)" time="0.021" />
  <testcase classname="ptolemy.util.test.junit.AutoTests" name="[361] /home/travis/build/icyphy/ptII/ptolemy/actor/lib/test/auto/Test.xml (RunModel)" time="0.017" />
  <testcase classname="ptolemy.util.test.junit.AutoTests" name="[362] /home/travis/build/icyphy/ptII/ptolemy/actor/lib/test/auto/TestExceptionAttribute1.xml (RunModel)" time="0.009" />
  <testcase classname="ptolemy.util.test.junit.AutoTests" name="[363] /home/travis/build/icyphy/ptII/ptolemy/actor/lib/test/auto/TestExceptionAttribute2.xml (RunModel)" time="0.008" />
  <testcase classname="ptolemy.util.test.junit.AutoTests" name="[364] /home/travis/build/icyphy/ptII/ptolemy/actor/lib/test/auto/TestExceptionAttribute3.xml (RunModel)" time="0.011" />
  <testcase classname="ptolemy.util.test.junit.AutoTests" name="[365] /home/travis/build/icyphy/ptII/ptolemy/actor/lib/test/auto/TestExceptionAttribute4.xml (RunModel)" time="0.007" />
  <testcase classname="ptolemy.util.test.junit.AutoTests" name="[366] /home/travis/build/icyphy/ptII/ptolemy/actor/lib/test/auto/TestExceptionHandler1.xml (RunModel)" time="0.006" />
  <testcase classname="ptolemy.util.test.junit.AutoTests" name="[367] /home/travis/build/icyphy/ptII/ptolemy/actor/lib/test/auto/TestExceptionHandler2.xml (RunModel)" time="0.012" />
  <testcase classname="ptolemy.util.test.junit.AutoTests" name="[368] /home/travis/build/icyphy/ptII/ptolemy/actor/lib/test/auto/TestExceptionHandler3.xml (RunModel)" time="0.006" />
  <testcase classname="ptolemy.util.test.junit.AutoTests" name="[369] /home/travis/build/icyphy/ptII/ptolemy/actor/lib/test/auto/TestExceptionHandler4.xml (RunModel)" time="0.007" />
  <testcase classname="ptolemy.util.test.junit.AutoTests" name="[370] /home/travis/build/icyphy/ptII/ptolemy/actor/lib/test/auto/TestRequireCorrectOrder.xml (RunModel)" time="0.013" />
  <testcase classname="ptolemy.util.test.junit.AutoTests" name="[371] /home/travis/build/icyphy/ptII/ptolemy/actor/lib/test/auto/TestSimple.xml (RunModel)" time="0.007" />
  <testcase classname="ptolemy.util.test.junit.AutoTests" name="[372] /home/travis/build/icyphy/ptII/ptolemy/actor/lib/test/auto/ThrowModelError.xml (RunModel)" time="0.01" />
  <testcase classname="ptolemy.util.test.junit.AutoTests" name="[373] /home/travis/build/icyphy/ptII/ptolemy/actor/lib/test/auto/TimeDelayMicrosteps.xml (RunModel)" time="0.016" />
  <testcase classname="ptolemy.util.test.junit.AutoTests" name="[374] /home/travis/build/icyphy/ptII/ptolemy/actor/lib/test/auto/TimeDelayMicrosteps2.xml (RunModel)" time="0.015" />
  <testcase classname="ptolemy.util.test.junit.AutoTests" name="[375] /home/travis/build/icyphy/ptII/ptolemy/actor/lib/test/auto/TimeDelayMicrosteps3.xml (RunModel)" time="0.013" />
  <testcase classname="ptolemy.util.test.junit.AutoTests" name="[376] /home/travis/build/icyphy/ptII/ptolemy/actor/lib/test/auto/TimeDelayVariableMicrosteps.xml (RunModel)" time="0.013" />
  <testcase classname="ptolemy.util.test.junit.AutoTests" name="[377] /home/travis/build/icyphy/ptII/ptolemy/actor/lib/test/auto/TimeGap.xml (RunModel)" time="0.029" />
  <testcase classname="ptolemy.util.test.junit.AutoTests" name="[378] /home/travis/build/icyphy/ptII/ptolemy/actor/lib/test/auto/TimeGap2.xml (RunModel)" time="0.016" />
  <testcase classname="ptolemy.util.test.junit.AutoTests" name="[379] /home/travis/build/icyphy/ptII/ptolemy/actor/lib/test/auto/TimedSinewave.xml (RunModel)" time="0.046" />
  <testcase classname="ptolemy.util.test.junit.AutoTests" name="[380] /home/travis/build/icyphy/ptII/ptolemy/actor/lib/test/auto/TimedSinewavePhase.xml (RunModel)" time="0.023" />
  <testcase classname="ptolemy.util.test.junit.AutoTests" name="[381] /home/travis/build/icyphy/ptII/ptolemy/actor/lib/test/auto/Timer.xml (RunModel)" time="0.014" />
  <testcase classname="ptolemy.util.test.junit.AutoTests" name="[382] /home/travis/build/icyphy/ptII/ptolemy/actor/lib/test/auto/TriangularDistTestModel.xml (RunModel)" time="0.021" />
  <testcase classname="ptolemy.util.test.junit.AutoTests" name="[383] /home/travis/build/icyphy/ptII/ptolemy/actor/lib/test/auto/TrigFunction.xml (RunModel)" time="0.01" />
  <testcase classname="ptolemy.util.test.junit.AutoTests" name="[384] /home/travis/build/icyphy/ptII/ptolemy/actor/lib/test/auto/TrigFunctionDE.xml (RunModel)" time="0.01" />
  <testcase classname="ptolemy.util.test.junit.AutoTests" name="[385] /home/travis/build/icyphy/ptII/ptolemy/actor/lib/test/auto/TrigFunctionInverse.xml (RunModel)" time="0.009" />
  <testcase classname="ptolemy.util.test.junit.AutoTests" name="[386] /home/travis/build/icyphy/ptII/ptolemy/actor/lib/test/auto/TrigFunctionTan.xml (RunModel)" time="0.007" />
  <testcase classname="ptolemy.util.test.junit.AutoTests" name="[387] /home/travis/build/icyphy/ptII/ptolemy/actor/lib/test/auto/TriggeredClock.xml (RunModel)" time="0.008" />
  <testcase classname="ptolemy.util.test.junit.AutoTests" name="[388] /home/travis/build/icyphy/ptII/ptolemy/actor/lib/test/auto/URLDirectoryReader.xml (RunModel)" time="0.114" />
  <testcase classname="ptolemy.util.test.junit.AutoTests" name="[389] /home/travis/build/icyphy/ptII/ptolemy/actor/lib/test/auto/URLDirectoryReader3.xml (RunModel)" time="1.293" />
  <testcase classname="ptolemy.util.test.junit.AutoTests" name="[390] /home/travis/build/icyphy/ptII/ptolemy/actor/lib/test/auto/UnaryMathFunction.xml (RunModel)" time="0.036" />
  <testcase classname="ptolemy.util.test.junit.AutoTests" name="[391] /home/travis/build/icyphy/ptII/ptolemy/actor/lib/test/auto/Uniform.xml (RunModel)" time="0.014" />
  <testcase classname="ptolemy.util.test.junit.AutoTests" name="[392] /home/travis/build/icyphy/ptII/ptolemy/actor/lib/test/auto/UnionDisassemblerTest.xml (RunModel)" time="0.015" />
  <testcase classname="ptolemy.util.test.junit.AutoTests" name="[393] /home/travis/build/icyphy/ptII/ptolemy/actor/lib/test/auto/UtilityFunctions.xml (RunModel)" time="0.007" />
  <testcase classname="ptolemy.util.test.junit.AutoTests" name="[394] /home/travis/build/icyphy/ptII/ptolemy/actor/lib/test/auto/VariableSleep.xml (RunModel)" time="0.512" />
  <testcase classname="ptolemy.util.test.junit.AutoTests" name="[395] /home/travis/build/icyphy/ptII/ptolemy/actor/lib/test/auto/VectorAssemblerDisassemblerCT.xml (RunModel)" time="0.114" />
  <testcase classname="ptolemy.util.test.junit.AutoTests" name="[396] /home/travis/build/icyphy/ptII/ptolemy/actor/lib/test/auto/VectorAssemblerDisassemblerDE.xml (RunModel)" time="0.021" />
  <testcase classname="ptolemy.util.test.junit.AutoTests" name="[397] /home/travis/build/icyphy/ptII/ptolemy/actor/lib/test/auto/VectorAssemblerDisassemblerSDF.xml (RunModel)" time="0.012" />
  <testcase classname="ptolemy.util.test.junit.AutoTests" name="[398] /home/travis/build/icyphy/ptII/ptolemy/actor/lib/test/auto/WallClockTime.xml (RunModel)" time="1.012" />
  <testcase classname="ptolemy.util.test.junit.AutoTests" name="[399] /home/travis/build/icyphy/ptII/ptolemy/actor/lib/test/auto/WidthTestWithSubscriberPublisher.xml (RunModel)" time="0.04" />
  <testcase classname="ptolemy.util.test.junit.AutoTests" name="[400] /home/travis/build/icyphy/ptII/ptolemy/actor/lib/test/auto/WidthTestWithSubscriberPublisher2.xml (RunModel)" time="0.017" />
  <testcase classname="ptolemy.util.test.junit.AutoTests" name="[401] /home/travis/build/icyphy/ptII/ptolemy/actor/lib/test/auto/WidthTestWithSubscriberPublisher3.xml (RunModel)" time="0.012" />
  <testcase classname="ptolemy.util.test.junit.AutoTests" name="[402] /home/travis/build/icyphy/ptII/ptolemy/actor/lib/test/auto/Writer.xml (RunModel)" time="0.007" />
  <testcase classname="ptolemy.util.test.junit.AutoTests" name="[403] /home/travis/build/icyphy/ptII/ptolemy/actor/lib/test/auto/array.xml (RunModel)" time="0.026" />
  <testcase classname="ptolemy.util.test.junit.AutoTests" name="[404] /home/travis/build/icyphy/ptII/ptolemy/actor/lib/test/auto/array2.xml (RunModel)" time="0.014" />
  <testcase classname="ptolemy.util.test.junit.AutoTests" name="[405] /home/travis/build/icyphy/ptII/ptolemy/actor/lib/test/auto/arrayType.xml (RunModel)" time="0.028" />
  <testcase classname="ptolemy.util.test.junit.AutoTests" name="[406] /home/travis/build/icyphy/ptII/ptolemy/actor/lib/test/auto/arrayType10.xml (RunModel)" time="0.012" />
  <testcase classname="ptolemy.util.test.junit.AutoTests" name="[407] /home/travis/build/icyphy/ptII/ptolemy/actor/lib/test/auto/arrayType11.xml (RunModel)" time="0.009" />
  <testcase classname="ptolemy.util.test.junit.AutoTests" name="[408] /home/travis/build/icyphy/ptII/ptolemy/actor/lib/test/auto/arrayType12.xml (RunModel)" time="0.009" />
  <testcase classname="ptolemy.util.test.junit.AutoTests" name="[409] /home/travis/build/icyphy/ptII/ptolemy/actor/lib/test/auto/arrayType13.xml (RunModel)" time="0.009" />
  <testcase classname="ptolemy.util.test.junit.AutoTests" name="[410] /home/travis/build/icyphy/ptII/ptolemy/actor/lib/test/auto/arrayType14.xml (RunModel)" time="0.009" />
  <testcase classname="ptolemy.util.test.junit.AutoTests" name="[411] /home/travis/build/icyphy/ptII/ptolemy/actor/lib/test/auto/arrayType15.xml (RunModel)" time="0.011" />
  <testcase classname="ptolemy.util.test.junit.AutoTests" name="[412] /home/travis/build/icyphy/ptII/ptolemy/actor/lib/test/auto/arrayType16.xml (RunModel)" time="0.008" />
  <testcase classname="ptolemy.util.test.junit.AutoTests" name="[413] /home/travis/build/icyphy/ptII/ptolemy/actor/lib/test/auto/arrayType17.xml (RunModel)" time="0.009" />
  <testcase classname="ptolemy.util.test.junit.AutoTests" name="[414] /home/travis/build/icyphy/ptII/ptolemy/actor/lib/test/auto/arrayType18.xml (RunModel)" time="0.008" />
  <testcase classname="ptolemy.util.test.junit.AutoTests" name="[415] /home/travis/build/icyphy/ptII/ptolemy/actor/lib/test/auto/arrayType19.xml (RunModel)" time="0.008" />
  <testcase classname="ptolemy.util.test.junit.AutoTests" name="[416] /home/travis/build/icyphy/ptII/ptolemy/actor/lib/test/auto/arrayType2.xml (RunModel)" time="0.008" />
  <testcase classname="ptolemy.util.test.junit.AutoTests" name="[417] /home/travis/build/icyphy/ptII/ptolemy/actor/lib/test/auto/arrayType20.xml (RunModel)" time="0.008" />
  <testcase classname="ptolemy.util.test.junit.AutoTests" name="[418] /home/travis/build/icyphy/ptII/ptolemy/actor/lib/test/auto/arrayType21.xml (RunModel)" time="0.008" />
  <testcase classname="ptolemy.util.test.junit.AutoTests" name="[419] /home/travis/build/icyphy/ptII/ptolemy/actor/lib/test/auto/arrayType22.xml (RunModel)" time="0.008" />
  <testcase classname="ptolemy.util.test.junit.AutoTests" name="[420] /home/travis/build/icyphy/ptII/ptolemy/actor/lib/test/auto/arrayType23.xml (RunModel)" time="0.008" />
  <testcase classname="ptolemy.util.test.junit.AutoTests" name="[421] /home/travis/build/icyphy/ptII/ptolemy/actor/lib/test/auto/arrayType24.xml (RunModel)" time="0.012" />
  <testcase classname="ptolemy.util.test.junit.AutoTests" name="[422] /home/travis/build/icyphy/ptII/ptolemy/actor/lib/test/auto/arrayType25.xml (RunModel)" time="0.008" />
  <testcase classname="ptolemy.util.test.junit.AutoTests" name="[423] /home/travis/build/icyphy/ptII/ptolemy/actor/lib/test/auto/arrayType26.xml (RunModel)" time="0.009" />
  <testcase classname="ptolemy.util.test.junit.AutoTests" name="[424] /home/travis/build/icyphy/ptII/ptolemy/actor/lib/test/auto/arrayType27.xml (RunModel)" time="0.01" />
  <testcase classname="ptolemy.util.test.junit.AutoTests" name="[425] /home/travis/build/icyphy/ptII/ptolemy/actor/lib/test/auto/arrayType28.xml (RunModel)" time="0.009" />
  <testcase classname="ptolemy.util.test.junit.AutoTests" name="[426] /home/travis/build/icyphy/ptII/ptolemy/actor/lib/test/auto/arrayType3.xml (RunModel)" time="0.008" />
  <testcase classname="ptolemy.util.test.junit.AutoTests" name="[427] /home/travis/build/icyphy/ptII/ptolemy/actor/lib/test/auto/arrayType4.xml (RunModel)" time="0.016" />
  <testcase classname="ptolemy.util.test.junit.AutoTests" name="[428] /home/travis/build/icyphy/ptII/ptolemy/actor/lib/test/auto/arrayType5.xml (RunModel)" time="0.011" />
  <testcase classname="ptolemy.util.test.junit.AutoTests" name="[429] /home/travis/build/icyphy/ptII/ptolemy/actor/lib/test/auto/arrayType6.xml (RunModel)" time="0.008" />
  <testcase classname="ptolemy.util.test.junit.AutoTests" name="[430] /home/travis/build/icyphy/ptII/ptolemy/actor/lib/test/auto/arrayType7.xml (RunModel)" time="0.019" />
  <testcase classname="ptolemy.util.test.junit.AutoTests" name="[431] /home/travis/build/icyphy/ptII/ptolemy/actor/lib/test/auto/arrayType8.xml (RunModel)" time="0.013" />
  <testcase classname="ptolemy.util.test.junit.AutoTests" name="[432] /home/travis/build/icyphy/ptII/ptolemy/actor/lib/test/auto/arrayType9.xml (RunModel)" time="0.008" />
  <testcase classname="ptolemy.util.test.junit.AutoTests" name="[433] /home/travis/build/icyphy/ptII/ptolemy/actor/lib/test/auto/cast.xml (RunModel)" time="0.008" />
  <testcase classname="ptolemy.util.test.junit.AutoTests" name="[434] /home/travis/build/icyphy/ptII/ptolemy/actor/lib/test/auto/compositeMultiPort.xml (RunModel)" time="0.016" />
  <testcase classname="ptolemy.util.test.junit.AutoTests" name="[435] /home/travis/build/icyphy/ptII/ptolemy/actor/lib/test/auto/expressionCastInference.xml (RunModel)" time="0.01" />
  <testcase classname="ptolemy.util.test.junit.AutoTests" name="[436] /home/travis/build/icyphy/ptII/ptolemy/actor/lib/test/auto/expressionCastInference2.xml (RunModel)" time="0.007" />
  <testcase classname="ptolemy.util.test.junit.AutoTests" name="[437] /home/travis/build/icyphy/ptII/ptolemy/actor/lib/test/auto/expressionInference.xml (RunModel)" time="0.007" />
  <testcase classname="ptolemy.util.test.junit.AutoTests" name="[438] /home/travis/build/icyphy/ptII/ptolemy/actor/lib/test/auto/expression_bug.xml (RunModel)" time="0.007" />
  <testcase classname="ptolemy.util.test.junit.AutoTests" name="[439] /home/travis/build/icyphy/ptII/ptolemy/actor/lib/test/auto/factorial.xml (RunModel)" time="0.054" />
  <testcase classname="ptolemy.util.test.junit.AutoTests" name="[440] /home/travis/build/icyphy/ptII/ptolemy/actor/lib/test/auto/filterTest1.xml (RunModel)" time="0.012" />
  <testcase classname="ptolemy.util.test.junit.AutoTests" name="[441] /home/travis/build/icyphy/ptII/ptolemy/actor/lib/test/auto/funcApplyInConst.xml (RunModel)" time="0.006" />
  <testcase classname="ptolemy.util.test.junit.AutoTests" name="[442] /home/travis/build/icyphy/ptII/ptolemy/actor/lib/test/auto/funcApplyInExpr.xml (RunModel)" time="0.005" />
  <testcase classname="ptolemy.util.test.junit.AutoTests" name="[443] /home/travis/build/icyphy/ptII/ptolemy/actor/lib/test/auto/function.xml (RunModel)" time="0.01" />
  <testcase classname="ptolemy.util.test.junit.AutoTests" name="[444] /home/travis/build/icyphy/ptII/ptolemy/actor/lib/test/auto/function2.xml (RunModel)" time="0.009" />
  <testcase classname="ptolemy.util.test.junit.AutoTests" name="[445] /home/travis/build/icyphy/ptII/ptolemy/actor/lib/test/auto/function3.xml (RunModel)" time="0.008" />
  <testcase classname="ptolemy.util.test.junit.AutoTests" name="[446] /home/travis/build/icyphy/ptII/ptolemy/actor/lib/test/auto/functionClosureTest1.xml (RunModel)" time="0.01" />
  <testcase classname="ptolemy.util.test.junit.AutoTests" name="[447] /home/travis/build/icyphy/ptII/ptolemy/actor/lib/test/auto/functionClosureTest2.xml (RunModel)" time="0.01" />
  <testcase classname="ptolemy.util.test.junit.AutoTests" name="[448] /home/travis/build/icyphy/ptII/ptolemy/actor/lib/test/auto/functionClosureTest3.xml (RunModel)" time="0.036" />
  <testcase classname="ptolemy.util.test.junit.AutoTests" name="[449] /home/travis/build/icyphy/ptII/ptolemy/actor/lib/test/auto/functionClosureTest4.xml (RunModel)" time="0.018" />
  <testcase classname="ptolemy.util.test.junit.AutoTests" name="[450] /home/travis/build/icyphy/ptII/ptolemy/actor/lib/test/auto/functionClosureTest5.xml (RunModel)" time="0.012" />
  <testcase classname="ptolemy.util.test.junit.AutoTests" name="[451] /home/travis/build/icyphy/ptII/ptolemy/actor/lib/test/auto/functionClosureTest6.xml (RunModel)" time="0.021" />
  <testcase classname="ptolemy.util.test.junit.AutoTests" name="[452] /home/travis/build/icyphy/ptII/ptolemy/actor/lib/test/auto/functionsOnArcs.xml (RunModel)" time="0.03" />
  <testcase classname="ptolemy.util.test.junit.AutoTests" name="[453] /home/travis/build/icyphy/ptII/ptolemy/actor/lib/test/auto/functionsOnArcsHOF.xml (RunModel)" time="0.046" />
  <testcase classname="ptolemy.util.test.junit.AutoTests" name="[454] /home/travis/build/icyphy/ptII/ptolemy/actor/lib/test/auto/logic.xml (RunModel)" time="0.064" />
  <testcase classname="ptolemy.util.test.junit.AutoTests" name="[455] /home/travis/build/icyphy/ptII/ptolemy/actor/lib/test/auto/matrixType.xml (RunModel)" time="0.029" />
  <testcase classname="ptolemy.util.test.junit.AutoTests" name="[456] /home/travis/build/icyphy/ptII/ptolemy/actor/lib/test/auto/matrixType10.xml (RunModel)" time="0.031" />
  <testcase classname="ptolemy.util.test.junit.AutoTests" name="[457] /home/travis/build/icyphy/ptII/ptolemy/actor/lib/test/auto/matrixType11.xml (RunModel)" time="0.016" />
  <testcase classname="ptolemy.util.test.junit.AutoTests" name="[458] /home/travis/build/icyphy/ptII/ptolemy/actor/lib/test/auto/matrixType12.xml (RunModel)" time="0.011" />
  <testcase classname="ptolemy.util.test.junit.AutoTests" name="[459] /home/travis/build/icyphy/ptII/ptolemy/actor/lib/test/auto/matrixType13.xml (RunModel)" time="0.007" />
  <testcase classname="ptolemy.util.test.junit.AutoTests" name="[460] /home/travis/build/icyphy/ptII/ptolemy/actor/lib/test/auto/matrixType14.xml (RunModel)" time="0.01" />
  <testcase classname="ptolemy.util.test.junit.AutoTests" name="[461] /home/travis/build/icyphy/ptII/ptolemy/actor/lib/test/auto/matrixType2.xml (RunModel)" time="0.012" />
  <testcase classname="ptolemy.util.test.junit.AutoTests" name="[462] /home/travis/build/icyphy/ptII/ptolemy/actor/lib/test/auto/matrixType3.xml (RunModel)" time="0.01" />
  <testcase classname="ptolemy.util.test.junit.AutoTests" name="[463] /home/travis/build/icyphy/ptII/ptolemy/actor/lib/test/auto/matrixType4.xml (RunModel)" time="0.007" />
  <testcase classname="ptolemy.util.test.junit.AutoTests" name="[464] /home/travis/build/icyphy/ptII/ptolemy/actor/lib/test/auto/matrixType5.xml (RunModel)" time="0.007" />
  <testcase classname="ptolemy.util.test.junit.AutoTests" name="[465] /home/travis/build/icyphy/ptII/ptolemy/actor/lib/test/auto/matrixType6.xml (RunModel)" time="0.007" />
  <testcase classname="ptolemy.util.test.junit.AutoTests" name="[466] /home/travis/build/icyphy/ptII/ptolemy/actor/lib/test/auto/matrixType7.xml (RunModel)" time="0.008" />
  <testcase classname="ptolemy.util.test.junit.AutoTests" name="[467] /home/travis/build/icyphy/ptII/ptolemy/actor/lib/test/auto/matrixType8.xml (RunModel)" time="0.008" />
  <testcase classname="ptolemy.util.test.junit.AutoTests" name="[468] /home/travis/build/icyphy/ptII/ptolemy/actor/lib/test/auto/matrixType9.xml (RunModel)" time="0.007" />
  <testcase classname="ptolemy.util.test.junit.AutoTests" name="[469] /home/travis/build/icyphy/ptII/ptolemy/actor/lib/test/auto/paraFunctest.xml (RunModel)" time="0.007" />
  <testcase classname="ptolemy.util.test.junit.AutoTests" name="[470] /home/travis/build/icyphy/ptII/ptolemy/actor/lib/test/auto/paraFunctest2.xml (RunModel)" time="0.015" />
  <testcase classname="ptolemy.util.test.junit.AutoTests" name="[471] /home/travis/build/icyphy/ptII/ptolemy/actor/lib/test/auto/parameterPassing.xml (RunModel)" time="0.01" />
  <testcase classname="ptolemy.util.test.junit.AutoTests" name="[472] /home/travis/build/icyphy/ptII/ptolemy/actor/lib/test/auto/record.xml (RunModel)" time="0.009" />
  <testcase classname="ptolemy.util.test.junit.AutoTests" name="[473] /home/travis/build/icyphy/ptII/ptolemy/actor/lib/test/auto/sizedarray1.xml (RunModel)" time="0.009" />
  <testcase classname="ptolemy.util.test.junit.AutoTests" name="[474] /home/travis/build/icyphy/ptII/ptolemy/actor/lib/test/auto/sizedarray2.xml (RunModel)" time="0.009" />
  <testcase classname="ptolemy.util.test.junit.AutoTests" name="[475] /home/travis/build/icyphy/ptII/ptolemy/actor/lib/test/auto/twoPublishers.xml (RunModel)" time="0.025" />
  <system-out><![CDATA[/home/travis/build/icyphy/ptII/ptolemy/actor/lib/test/AbsoluteValue.tcl
testDefs.tcl: setting time out to 9000 seconds at Mon Jul 22 05:12:13 UTC 2019
132 ms. Memory: 120832K Free: 85955K (71%)
6 ms. Memory: 120832K Free: 84417K (70%)
5 ms. Memory: 120832K Free: 83378K (69%)
5 ms. Memory: 120832K Free: 82883K (69%)
/home/travis/build/icyphy/ptII/ptolemy/actor/lib/test/AddSubtract.tcl
11 ms. Memory: 120832K Free: 80835K (67%)
6 ms. Memory: 120832K Free: 80314K (66%)
5 ms. Memory: 120832K Free: 79297K (66%)
13 ms. Memory: 120832K Free: 78273K (65%)
84 ms. Memory: 120832K Free: 75715K (63%)
13 ms. Memory: 120832K Free: 74691K (62%)
/home/travis/build/icyphy/ptII/ptolemy/actor/lib/test/Average.tcl
15 ms. Memory: 120832K Free: 73153K (61%)
8 ms. Memory: 120832K Free: 72114K (60%)
/home/travis/build/icyphy/ptII/ptolemy/actor/lib/test/Bernoulli.tcl
4 ms. Memory: 120832K Free: 70595K (58%)
7 ms. Memory: 120832K Free: 70081K (58%)
/home/travis/build/icyphy/ptII/ptolemy/actor/lib/test/Clock.tcl
preinitializing
resolving types
initializing
executing number 1
wrapping up
idle
45 ms. Memory: 120832K Free: 67523K (56%)
Completed execution with 5 iterations
preinitializing
resolving types
initializing
executing number 1
wrapping up
idle
7 ms. Memory: 120832K Free: 66499K (55%)
Completed execution with 5 iterations
preinitializing
resolving types
initializing
executing number 1
wrapping up
idle
4 ms. Memory: 120832K Free: 65985K (55%)
Completed execution with 5 iterations
/home/travis/build/icyphy/ptII/ptolemy/actor/lib/test/Commutator.tcl
17 ms. Memory: 120832K Free: 63922K (53%)
11 ms. Memory: 120832K Free: 62913K (52%)
19 ms. Memory: 120832K Free: 57283K (47%)
/home/travis/build/icyphy/ptII/ptolemy/actor/lib/test/Const.tcl
10 ms. Memory: 120832K Free: 55714K (46%)
16 ms. Memory: 120832K Free: 55235K (46%)
12 ms. Memory: 120832K Free: 54721K (45%)
2 ms. Memory: 120832K Free: 54211K (45%)
3 ms. Memory: 120832K Free: 53187K (44%)
25 ms. Memory: 120832K Free: 51649K (43%)
12 ms. Memory: 120832K Free: 50625K (42%)
7 ms. Memory: 120832K Free: 50115K (41%)
/home/travis/build/icyphy/ptII/ptolemy/actor/lib/test/CurrentTime.tcl
preinitializing
resolving types
initializing
executing number 1
wrapping up
idle
19 ms. Memory: 120832K Free: 48067K (40%)
Completed execution with 11 iterations
/home/travis/build/icyphy/ptII/ptolemy/actor/lib/test/DB.tcl
6 ms. Memory: 120832K Free: 46019K (38%)
31 ms. Memory: 120832K Free: 107301K (89%)
1 ms. Memory: 120832K Free: 107301K (89%)
/home/travis/build/icyphy/ptII/ptolemy/actor/lib/test/DiscreteRandomSource.tcl
preinitializing
resolving types
initializing
executing number 1
wrapping up
idle
4 ms. Memory: 120832K Free: 105781K (88%)
Completed execution with 4 iterations
preinitializing
21 ms. Memory: 120832K Free: 106019K (88%)
2 ms. Memory: 120832K Free: 105700K (87%)
3 ms. Memory: 120832K Free: 105323K (87%)
12 ms. Memory: 120832K Free: 104978K (87%)
/home/travis/build/icyphy/ptII/ptolemy/actor/lib/test/Distributor.tcl
9 ms. Memory: 120832K Free: 103306K (85%)
4 ms. Memory: 120832K Free: 102628K (85%)
StreamChangeRequest.changeExecuted(): <deleteEntity name="rec2"/> succeeded
StreamChangeRequest.changeExecuted(): <deleteRelation name="r2"/> succeeded
StreamChangeRequest.changeExecuted(): Record firings per iteration succeeded
8 ms. Memory: 120832K Free: 99875K (83%)
/home/travis/build/icyphy/ptII/ptolemy/actor/lib/test/Exit.tcl
Exit.tcl: this will print a message about Manager.exitAfterWrapup, which can be ignored.
8 ms. Memory: 120832K Free: 96968K (80%)
/home/travis/build/icyphy/ptII/ptolemy/actor/lib/test/Expression.tcl
21 ms. Memory: 120832K Free: 93744K (78%)
9 ms. Memory: 120832K Free: 93035K (77%)
3 ms. Memory: 120832K Free: 92388K (76%)
preinitializing
resolving types
initializing
executing number 1
wrapping up
idle
6 ms. Memory: 120832K Free: 90651K (75%)
Completed execution with 6 iterations
4 ms. Memory: 120832K Free: 89994K (74%)
2 ms. Memory: 120832K Free: 89316K (74%)
4 ms. Memory: 120832K Free: 105347K (87%)
4 ms. Memory: 120832K Free: 104323K (86%)
4 ms. Memory: 120832K Free: 102819K (85%)
/home/travis/build/icyphy/ptII/ptolemy/actor/lib/test/Gaussian.tcl
4 ms. Memory: 120832K Free: 101281K (84%)
sleeping 1 seconds: ...........................................................................................................................................................................................................................................................................................................................................................................................................................................................................................................................................................................................................................................................................................................................................................................................................................................................................................................................................................................................................................................................................................................................................................................................................................................................................................................................................................................................................................................................................................................................................................................................................................................................................................................................................................................................................................................................................................................................................................................................................................................................................................................................................................................................................................................................................................................................................................................................................................................................................................................................................................................................................................................................................................................................................................................................................................................................................................................................................................................................................................................................................................................................................................................................................................................................................................................................................................................................................................................................................................................................................................................................................................................................................................................................................................................................................................................................................................................................................................................................................................................................................................................................................................................................................................................................................................................................................................................................................................................................................................................................................................................................................................................................................................................................................................................................................................................................................................................................................................................................................................................................................................................................................................................................................................................................................................................................................................................................................................................................................................................................................................................................................................................................................................................................................................................................................................................................................................................................................................................................................................................................................................................................................................................................................................................................................................................................................................................................................................................................................................................................................................................................................................................................................................................................................................................................................................................................................................................................................................................................................................................................................................................................................................................................................................................................................................................................................................................................................................................................................................................................................................................................................................................................................................................................................................................................................................................................................................................................................................................................................................................................................................................................................................................................................................................................................................................................................................................................................................................................................................................................................................................................................................................................................................................................................................................................................................................................................................................................................................................................................................................................................................................................................................................................................................................................................................................................................................................................................................................................................................................................................................................................................................................................................................................................................................................................................................................................................................................................................................................................................................................................................................................................................................................................................................................................................................................................................................................................................................................................................................................................................................................................................................................................................................................................................................................................................................................................................................................................................................................................................................................................................................................................................................................................................................................................................................................................................................................................................................................................................................................................................................................................................................................................................................................................................................................................................................................................................................................................................................................................................................................................................................................................................................................................................................................................................................................................................................................................................................................................................................................................................................................................................................................................................................................................................................................................................................................................................................................................................................................................................................................................................................................................................................................................................................................................................................................................................................................................................................................................................................................................................................................................................................................................................................................................................................................................................................................................................................................................................................................................................................................................................................................................................................................................................................................................................................................................................................................................................................................................................................................................................................................................................................................................................................................................................................................................................................................................................................................................................................................................................................................................................................................................................................................................................................................................................................................................................................................................................................................................................................................................................................................................................................................................................................................................................................................................................................................................................................................................................................................................................................................................................................................................................................................................................................................................................................................................................................................................................................................................................................................................................................................................................................................................................................................................................................................................................................................................................................................................................................................................................................................................................................................................................................................................................................................................................................................................................................................................................................................................................................................................................................................................................................................................................................................................................................................................................................................................................................................................................................................................................................................................................................................................................................................................................................................................................................................................................................................................................................................................................................................................................................................................................................................................................................................................................................................................................................................................................................................................................................................................................................................................................................................................................................................................................................................................................................................................................................................................................................................................................................................................................................................................................................................................................................................................................................................................................................................................................................................................................................................................................................................................................................................................................................................................................................................................................................................................................................................................................................................................................................................................................................................................................................................................................................................................................................................................................................................................................................................................................................................................................................................................................................................................................................................................................................................................................................................................................................................................................................................................................................................................................................................................................................................................................................................................................................................................................................................................................................................................................................................................................................................................................................................................................................................................................................................................................................................................................................................................................................................................................................................................................................................................................................................................................................................................................................................................................................................................................................................................................................................................................................................................................................................................................................................................................................................................................................................................................................................................................................................................................................................................................................................................................................................................................................................................................................................................................................................................................................................................................................................................................................................................................................................................................................................................................................................................................................................................................................................................................................................................................................................................................................................................................................................................................................................................................................................................................................................................................................................................................................................................................................................................................................................................................................................................................................................................................................................................................................................................................................................................................................................................................................................................................................................................................................................................................................................................................................................................................................................................................................................................................................................................................................................................................................................................................................................................................................................................................................................................................................................................................................................................................................................................................................................................................................................................................................................................................................................................................................................................................................................................................................................................................................................................................................................................................................................................................................................................................................................................................................................................................................................................................................................................................................................................................................................................................................................................................................................................................................................................................................................................................................................................................................................................................................................................................................................................................................................................................................................................................................................................................................................................................................................................................................................................................................................................................................................................................................................................................................................................................................................................................................................................................................................................................................................................................................................................................................................................................................................................................................................................................................................................................................................................................................................................................................................................................................................................................................................................................................................................................................................................................................................................................................................................................................................................................................................................................................................................................................................................................................................................................................................................................................................................................................................................................................................................................................................................................................................................................................................................................................................................................................................................................................................................................................................................................................................................................................................................................................................................................................................................................................................................................................................................................................................................................................................................................................................................................................................................................................................................................................................................................................................................................................................................................................................................................................................................................................................................................................................................................................................................................................................................................................................................................................................................................................................................................................................................................................................................................................................................................................................................................................................................................................................................................................................................................................................................................................................................................................................................................................................................................................................................................................................................................................................................................................................................................................................................................................................................................................................................................................................................................................................................................................................................................................................................................................................................................................................................................................................................................................................................................................................................................................................................................................................................................................................................................................................................................................................................................................................................................................................................................................................................................................................................................................................................................................................................................................................................................................................................................................................................................................................................................................................................................................................................................................................................................................................................................................................................................................................................................................................................................................................................................................................................................................................................................................................................................................................................................................................................................................................................................................................................................................................................................................................................................................................................................................................................................................................................................................................................................................................................................................................................................................................................................................................................................................................................................................................................................................................................................................................................................................................................................................................................................................................................................................................................................................................................................................................................................................................................................................................................................................................................................................................................................................................................................................................................................................................................................................................................................................................................................................................................................................................................................................................................................................................................................................................................................................................................................................................................................................................................................................................................................................................................................................................................................................................................................................................................................................................................................................................................................................................................................................................................................................................................................................................................................................................................................................................................................................................................................................................................................................................................................................................................................................................................................................................................................................................................................................................................................................................................................................................................................................................................................................................................................................................................................................................................................................................................................................................................................................................................................................................................................................................................................................................................................................................................................................................................................................................................................................................................................................................................................................................................................................................................................................................................................................................................................................................................................................................................................................................................................................................................................................................................................................................................................................................................................................................................................................................................................................................................................................................................................................................................................................................................................................................................................................................................................................................................................................................................................................................................................................................................................................................................................................................................................................................................................................................................................................................................................................................................................................................................................................................................................................................................................................................................................................................................................................................................................................................................................................................................................................................................................................................................................................................................................................................................................................................................................................................................................................................................................................................................................................................................................................................................................................................................................................................................................................................................................................................................................................................................................................................................................................................................................................................................................................................................................................................................................................................................................................................................................................................................................................................................................................................................................................................................................................................................................................................................................................................................................................................................................................................................................................................................................................................................................................................................................................................................................................................................................................................................................................................................................................................................................................................................................................................................................................................................................................................................................................................................................................................................................................................................................................................................................................................................................................................................................................................................................................................................................................................................................................................................................................................................................................................................................................................................................................................................................................................................................................................................................................................................................................................................................................................................................................................................................................................................................................................................................................................................................................................................................................................................................................................................................................................................................................................................................................................................................................................................................................................................................................................................................................................................................................................................................................................................................................................................................................................................................................................................................................................................................................................................................................................................................................................................................................................................................................................................................................................................................................................................................................................................................................................................................................................................................................................................................................................................................................................................................................................................................................................................................................................................................................................................................................................................................................................................................................................................................................................................................................................................................................................................................................................................................................................................................................................................................................................................................................................................................................................................................................................................................................................................................................................................................................................................................................................................................................................................................................................................................................................................................................................................................................................................................................................................................................................................................................................................................................................................................................................................................................................................................................................................................................................................................................................................................................................................................................................................................................................................................................................................................................................................................................................................................................................................................................................................................................................................................................................................................................................................................................................................................................................................................................................................................................................................................................................................................................................................................................................................................................................................................................................................................................................................................................................................................................................................................................................................................................................................................................................................................................................................................................................................................................................................................................................................................................................................................................................................................................................................................................................................................................................................................................................................................................................................................................................................................................................................................................................................................................................................................................................................................................................................................................................................................................................................................................................................................................................................................................................................................................................................................................................................................................................................................................................................................................................................................................................................................................................................................................................................................................................................................................................................................................................................................................................................................................................................................................................................................................................................................................................................................................................................................................................................................................................................................................................................................................................................................................................................................................................................................................................................................................................................................................................................................................................................................................................................................................................................................................................................................................................................................................................................................................................................................................................................................................................................................................................................................................................................................................................................................................................................................................................................................5 ms. Memory: 120832K Free: 52452K (43%)
4 ms. Memory: 120832K Free: 51428K (43%)
2 ms. Memory: 120832K Free: 50900K (42%)
2 ms. Memory: 120832K Free: 50404K (42%)
1 ms. Memory: 120832K Free: 49884K (41%)
/home/travis/build/icyphy/ptII/ptolemy/actor/lib/test/IIR.tcl
/home/travis/build/icyphy/ptII/ptolemy/actor/lib/test/Interpolator.tcl
4 ms. Memory: 145408K Free: 128521K (88%)
2 ms. Memory: 145408K Free: 128011K (88%)
2 ms. Memory: 145408K Free: 127483K (88%)
2 ms. Memory: 145408K Free: 126987K (87%)
3 ms. Memory: 145408K Free: 125963K (87%)
2 ms. Memory: 145408K Free: 125435K (86%)
2 ms. Memory: 145408K Free: 124411K (86%)
2 ms. Memory: 145408K Free: 123395K (85%)
2 ms. Memory: 145408K Free: 122891K (85%)
3 ms. Memory: 145408K Free: 121867K (84%)
/home/travis/build/icyphy/ptII/ptolemy/actor/lib/test/MathFunction.tcl
6 ms. Memory: 145408K Free: 119819K (82%)
10 ms. Memory: 145408K Free: 118795K (82%)
13 ms. Memory: 145408K Free: 117257K (81%)
3 ms. Memory: 145408K Free: 116747K (80%)
7 ms. Memory: 145408K Free: 115209K (79%)
11 ms. Memory: 145408K Free: 113675K (78%)
/home/travis/build/icyphy/ptII/ptolemy/actor/lib/test/Maximum.tcl
8 ms. Memory: 145408K Free: 111627K (77%)
4 ms. Memory: 145408K Free: 110603K (76%)
10 ms. Memory: 145408K Free: 110075K (76%)
5 ms. Memory: 145408K Free: 109579K (75%)
/home/travis/build/icyphy/ptII/ptolemy/actor/lib/test/Minimum.tcl
8 ms. Memory: 145408K Free: 108027K (74%)
3 ms. Memory: 145408K Free: 107017K (74%)
4 ms. Memory: 145408K Free: 106507K (73%)
4 ms. Memory: 145408K Free: 105993K (73%)
/home/travis/build/icyphy/ptII/ptolemy/actor/lib/test/MultiplyDivide.tcl
10 ms. Memory: 145408K Free: 103931K (71%)
2 ms. Memory: 145408K Free: 103435K (71%)
3 ms. Memory: 145408K Free: 102411K (70%)
3 ms. Memory: 145408K Free: 101883K (70%)
2 ms. Memory: 145408K Free: 100867K (69%)
/home/travis/build/icyphy/ptII/ptolemy/actor/lib/test/OrderedMerge.tcl
Connections changed on port: inputA
Connections changed on port: inputB
Connections changed on port: output
Connections changed on port: output
Connections changed on port: output
Connections changed on port: input
.top. Preinitializing ...
Invoking preinitialize():  .top.OrderedMerge
Called preinitialize()
Invoking preinitialize():  .top.Ramp
Called preinitialize()
Invoking preinitialize():  .top.Ramp2
Called preinitialize()
Invoking preinitialize():  .top.Test
Called preinitialize()
Connections changed on port: inputA
Connections changed on port: output
Connections changed on port: output
Connections changed on port: input
Connections changed on port: inputB
Connections changed on port: output
.top. Finished preinitialize().
Called initialize().
Invoking initialize():  .top.OrderedMerge
Initializing actor: .top.OrderedMerge
Adding a thread: .top.OrderedMerge
Invoking initialize():  .top.Ramp
Initializing actor: .top.Ramp
Adding a thread: .top.Ramp
Invoking initialize():  .top.Ramp2
Initializing actor: .top.Ramp2
Adding a thread: .top.Ramp2
Invoking initialize():  .top.Test
Initializing actor: .top.Test
Adding a thread: .top.Test
Called fire().
Checking for deadlock:
-- Starting thread.
Called initialize()
Called prefire()
Called fire()
-- Starting thread.
Called initialize()
-- Starting thread.
Called initialize()
Called prefire()
Called prefire()
Called fire()
Called fire()
There are 0 Blocked actors, 0 Stopped actors, and 4 active threads.
Waiting for actors to stop.
-- Starting thread.
Called initialize()
Checking for deadlock:
There are 1 Blocked actors, 0 Stopped actors, and 4 active threads.
Waiting for actors to stop.
Called postfire()
Called prefire()
Called fire()
Called postfire()
Called prefire()
Called fire()
Called prefire()
Called fire()
Read input token from inputA with value 0.0
Next port to read input from is inputB
Called postfire()
Called prefire()
Called fire()
Checking for deadlock:
There are 1 Blocked actors, 0 Stopped actors, and 4 active threads.
Waiting for actors to stop.
Called postfire()
Called prefire()
Called fire()
Called postfire()
Called prefire()
Called fire()
Read input token from inputB with value 0.0
Sent output token with value 0.0
Next port to read input from is inputA
Called postfire()
Called prefire()
Called fire()
Checking for deadlock:
There are 2 Blocked actors, 0 Stopped actors, and 4 active threads.
Waiting for actors to stop.
-- Read input: 0.0, which is expected to match: 0.0
Called prefire()
Called fire()
Checking for deadlock:
There are 3 Blocked actors, 0 Stopped actors, and 4 active threads.
Waiting for actors to stop.
Checking for deadlock:
There are 2 Blocked actors, 0 Stopped actors, and 4 active threads.
Waiting for actors to stop.
Called postfire()
Called prefire()
Called fire()
Checking for deadlock:
There are 3 Blocked actors, 0 Stopped actors, and 4 active threads.
Waiting for actors to stop.
Read input token from inputA with value 1.0
Checking for deadlock:
There are 2 Blocked actors, 0 Stopped actors, and 4 active threads.
Waiting for actors to stop.
-- Read input: 0.0, which is expected to match: 0.0
Called prefire()
Called fire()
Checking for deadlock:
There are 3 Blocked actors, 0 Stopped actors, and 4 active threads.
Waiting for actors to stop.
Sent output token with value 0.0
Next port to read input from is inputB
Called postfire()
Called prefire()
Called fire()
Checking for deadlock:
There are 2 Blocked actors, 0 Stopped actors, and 4 active threads.
Waiting for actors to stop.
Called postfire()
Called prefire()
Called fire()
Checking for deadlock:
There are 3 Blocked actors, 0 Stopped actors, and 4 active threads.
Waiting for actors to stop.
Read input token from inputB with value 1.5
Checking for deadlock:
There are 2 Blocked actors, 0 Stopped actors, and 4 active threads.
Waiting for actors to stop.
-- Read input: 1.0, which is expected to match: 1.0
Called prefire()
Called fire()
Checking for deadlock:
There are 3 Blocked actors, 0 Stopped actors, and 4 active threads.
Waiting for actors to stop.
Sent output token with value 1.0
Next port to read input from is inputA
Called postfire()
Called prefire()
Called fire()
Called postfire()
Called prefire()
Called fire()
Checking for deadlock:
There are 3 Blocked actors, 0 Stopped actors, and 4 active threads.
Waiting for actors to stop.
Read input token from inputA with value 2.0
-- Read input: 1.5, which is expected to match: 1.5
Called prefire()
Called fire()
Checking for deadlock:
There are 3 Blocked actors, 0 Stopped actors, and 4 active threads.
Waiting for actors to stop.
Sent output token with value 1.5
Next port to read input from is inputB
Called postfire()
Called prefire()
Called fire()
Checking for deadlock:
There are 2 Blocked actors, 0 Stopped actors, and 4 active threads.
Waiting for actors to stop.
Called postfire()
Called prefire()
Called fire()
Checking for deadlock:
There are 3 Blocked actors, 0 Stopped actors, and 4 active threads.
Waiting for actors to stop.
Read input token from inputB with value 3.0
Checking for deadlock:
There are 2 Blocked actors, 0 Stopped actors, and 4 active threads.
Waiting for actors to stop.
-- Read input: 2.0, which is expected to match: 2.0
Called prefire()
Called fire()
Checking for deadlock:
There are 3 Blocked actors, 0 Stopped actors, and 4 active threads.
Waiting for actors to stop.
Sent output token with value 2.0
Next port to read input from is inputA
Called postfire()
Called prefire()
Called fire()
Checking for deadlock:
There are 2 Blocked actors, 0 Stopped actors, and 4 active threads.
Waiting for actors to stop.
Called postfire()
Called prefire()
Called fire()
Checking for deadlock:
There are 3 Blocked actors, 0 Stopped actors, and 4 active threads.
Waiting for actors to stop.
Read input token from inputA with value 3.0
Checking for deadlock:
There are 2 Blocked actors, 0 Stopped actors, and 4 active threads.
Waiting for actors to stop.
-- Read input: 3.0, which is expected to match: 3.0
Called prefire()
Called fire()
Checking for deadlock:
There are 3 Blocked actors, 0 Stopped actors, and 4 active threads.
Waiting for actors to stop.
Sent output token with value 3.0
Next port to read input from is inputB
Called postfire()
Called prefire()
Called fire()
Checking for deadlock:
There are 2 Blocked actors, 0 Stopped actors, and 4 active threads.
Waiting for actors to stop.
Called postfire()
Called prefire()
Called fire()
Checking for deadlock:
There are 3 Blocked actors, 0 Stopped actors, and 4 active threads.
Waiting for actors to stop.
Read input token from inputB with value 4.5
Checking for deadlock:
There are 2 Blocked actors, 0 Stopped actors, and 4 active threads.
Waiting for actors to stop.
-- Read input: 3.0, which is expected to match: 3.0
Called prefire()
Called fire()
Checking for deadlock:
There are 3 Blocked actors, 0 Stopped actors, and 4 active threads.
Waiting for actors to stop.
Sent output token with value 3.0
Next port to read input from is inputA
Called postfire()
Called prefire()
Called fire()
Checking for deadlock:
There are 2 Blocked actors, 0 Stopped actors, and 4 active threads.
Waiting for actors to stop.
Called postfire()
Called prefire()
Called fire()
Checking for deadlock:
There are 3 Blocked actors, 0 Stopped actors, and 4 active threads.
Waiting for actors to stop.
Read input token from inputA with value 4.0
-- Read input: 4.0, which is expected to match: 4.0
Called prefire()
Called fire()
Past the end of training data. Read and discard all inputs.
Checking for deadlock:
There are 3 Blocked actors, 0 Stopped actors, and 4 active threads.
Waiting for actors to stop.
Sent output token with value 4.0
Next port to read input from is inputA
Called postfire()
Called prefire()
Called fire()
Called postfire()
Called prefire()
Called fire()
Checking for deadlock:
There are 3 Blocked actors, 0 Stopped actors, and 4 active threads.
Waiting for actors to stop.
Read input token from inputA with value 5.0
Called prefire()
Called fire()
Past the end of training data. Read and discard all inputs.
Checking for deadlock:
There are 3 Blocked actors, 0 Stopped actors, and 4 active threads.
Waiting for actors to stop.
Sent output token with value 4.5
Next port to read input from is inputB
Called postfire()
Called prefire()
Called fire()
Checking for deadlock:
Called postfire()
There are 2 Blocked actors, 0 Stopped actors, and 4 active threads.
Called prefire()
Waiting for actors to stop.
Called fire()
Checking for deadlock:
There are 3 Blocked actors, 0 Stopped actors, and 4 active threads.
Waiting for actors to stop.
Read input token from inputB with value 6.0
Checking for deadlock:
There are 2 Blocked actors, 0 Stopped actors, and 4 active threads.
Waiting for actors to stop.
Called prefire()
Called fire()
Past the end of training data. Read and discard all inputs.
Checking for deadlock:
There are 3 Blocked actors, 0 Stopped actors, and 4 active threads.
Waiting for actors to stop.
Sent output token with value 5.0
Next port to read input from is inputA
Called postfire()
Called prefire()
Called fire()
Read input token from inputA with value 6.0
Sent output token with value 6.0
Next port to read input from is inputB
Called postfire()
Called prefire()
Called fire()
Read input token from inputB with value 7.5
Checking for deadlock:
There are 1 Blocked actors, 0 Stopped actors, and 4 active threads.
Waiting for actors to stop.
Called postfire()
Called prefire()
Called postfire()
Called prefire()
Called fire()
Called prefire()
Called fire()
Past the end of training data. Read and discard all inputs.
Called fire()
Checking for deadlock:
There are 3 Blocked actors, 0 Stopped actors, and 4 active threads.
Waiting for actors to stop.
Called prefire()
Called fire()
Past the end of training data. Read and discard all inputs.
Checking for deadlock:
There are 3 Blocked actors, 0 Stopped actors, and 4 active threads.
Waiting for actors to stop.
Sent output token with value 6.0
Next port to read input from is inputA
Called postfire()
Called prefire()
Called fire()
Called postfire()
Called prefire()
Called fire()
Checking for deadlock:
There are 3 Blocked actors, 0 Stopped actors, and 4 active threads.
Waiting for actors to stop.
Read input token from inputA with value 7.0
Called prefire()
Called fire()
Past the end of training data. Read and discard all inputs.
Checking for deadlock:
There are 3 Blocked actors, 0 Stopped actors, and 4 active threads.
Waiting for actors to stop.
Sent output token with value 7.0
Next port to read input from is inputA
Called postfire()
Called prefire()
Called fire()
-- Thread wrapup() called.
Called wrapup()
Thread .top.Ramp is exiting.
-- Thread stopped.
Checking for deadlock:
There are 2 Blocked actors, 0 Stopped actors, and 3 active threads.
Waiting for actors to stop.
Read input token from inputA with value 8.0
Sent output token with value 7.5
Next port to read input from is inputB
Called postfire()
Called prefire()
Called fire()
Read input token from inputB with value 9.0
Checking for deadlock:
There are 1 Blocked actors, 0 Stopped actors, and 3 active threads.
Waiting for actors to stop.
Called postfire()
Called prefire()
Called fire()
Called prefire()
Called fire()
Past the end of training data. Read and discard all inputs.
Checking for deadlock:
There are 2 Blocked actors, 0 Stopped actors, and 3 active threads.
Waiting for actors to stop.
Called prefire()
Called fire()
Past the end of training data. Read and discard all inputs.
Checking for deadlock:
There are 2 Blocked actors, 0 Stopped actors, and 3 active threads.
Waiting for actors to stop.
Sent output token with value 8.0
Next port to read input from is inputA
Called postfire()
Called prefire()
Called fire()
Read input token from inputA with value 9.0
Called prefire()
Called fire()
Past the end of training data. Read and discard all inputs.
Checking for deadlock:
There are 2 Blocked actors, 0 Stopped actors, and 3 active threads.
Waiting for actors to stop.
Sent output token with value 9.0
Next port to read input from is inputB
Called postfire()
Called prefire()
Called fire()
Called postfire()
Called prefire()
Called fire()
Checking for deadlock:
There are 2 Blocked actors, 0 Stopped actors, and 3 active threads.
Waiting for actors to stop.
Read input token from inputB with value 10.5
Called prefire()
Called fire()
Past the end of training data. Read and discard all inputs.
Checking for deadlock:
There are 2 Blocked actors, 0 Stopped actors, and 3 active threads.
Waiting for actors to stop.
Sent output token with value 9.0
Next port to read input from is inputA
Called postfire()
Called prefire()
Called fire()
Checking for deadlock:
There are 3 Blocked actors, 0 Stopped actors, and 3 active threads.
Actors have stopped.
Checking for deadlock:
There are 3 Blocked actors, 0 Stopped actors, and 3 active threads.
Deadlock detected.
Resolving Deadlock
Checking for deadlock:
There are 3 Blocked actors, 0 Stopped actors, and 3 active threads.
Artificial Deadlock - increasing queue capacity.
increasing the capacity of receiver ptolemy.actor.TypedIOPort {.top.OrderedMerge.inputB} to 2
Director: Called postfire().
Called postfire().
_stopRequested = false
_stopFireRequested = false
Returning from postfire(): true
Called fire().
Checking for deadlock:
There are 2 Blocked actors, 0 Stopped actors, and 3 active threads.
Waiting for actors to stop.
-- Thread wrapup() called.
Called wrapup()
Thread .top.Ramp2 is exiting.
-- Thread stopped.
Checking for deadlock:
There are 2 Blocked actors, 0 Stopped actors, and 2 active threads.
Actors have stopped.
Checking for deadlock:
There are 2 Blocked actors, 0 Stopped actors, and 2 active threads.
Deadlock detected.
Resolving Deadlock
Checking for deadlock:
There are 2 Blocked actors, 0 Stopped actors, and 2 active threads.
Deadlock detected: no processes blocked on write, but some are blocked on read.
Called postfire().
_stopRequested = false
_stopFireRequested = false
Returning from postfire(): false
Finished deactivating branches.
Called wrapup().
-- Thread wrapup() called.
Called wrapup()
Thread .top.Test is exiting.
-- Thread stopped.
-- Blocked Receiver call threw TerminateProcessException.
-- Thread wrapup() called.
Called wrapup()
Thread .top.OrderedMerge is exiting.
-- Thread stopped.
-- Blocked Receiver call threw TerminateProcessException.
47 ms. Memory: 145408K Free: 95753K (66%)
.top. Preinitializing ...
Invoking preinitialize():  .top.OrderedMerge
Called preinitialize()
Invoking preinitialize():  .top.Ramp
Called preinitialize()
Invoking preinitialize():  .top.Ramp2
Called preinitialize()
Invoking preinitialize():  .top.Test
Called preinitialize()
.top. Finished preinitialize().
Called initialize().
Invoking initialize():  .top.OrderedMerge
Initializing actor: .top.OrderedMerge
Adding a thread: .top.OrderedMerge
Invoking initialize():  .top.Ramp
Initializing actor: .top.Ramp
Adding a thread: .top.Ramp
Invoking initialize():  .top.Ramp2
Initializing actor: .top.Ramp2
Adding a thread: .top.Ramp2
Invoking initialize():  .top.Test
Initializing actor: .top.Test
Adding a thread: .top.Test
-- Starting thread.
Called initialize()
Called prefire()
Called fire()
-- Starting thread.
Called initialize()
-- Starting thread.
Called initialize()
Called prefire()
Called fire()
Called prefire()
Called fire()
Called postfire()
Called prefire()
Called postfire()
Called fire()
Called prefire()
Called fire()
Called fire().
Checking for deadlock:
There are 3 Blocked actors, 0 Stopped actors, and 4 active threads.
Waiting for actors to stop.
-- Starting thread.
Called initialize()
Called prefire()
Called fire()
Checking for deadlock:
There are 2 Blocked actors, 0 Stopped actors, and 4 active threads.
Read input token from inputA with value 0.0
Waiting for actors to stop.
Next port to read input from is inputB
Called postfire()
Called postfire()
Called prefire()
Called fire()
Called prefire()
Called fire()
Checking for deadlock:
Read input token from inputB with value 0.0
There are 1 Blocked actors, 0 Stopped actors, and 4 active threads.
Waiting for actors to stop.
Sent output token with value 0.0
-- Read input: 0.0, which is expected to match: 0.0
Next port to read input from is inputA
Called postfire()
Called prefire()
Called fire()
Called prefire()
Called fire()
Checking for deadlock:
There are 1 Blocked actors, 0 Stopped actors, and 4 active threads.
Waiting for actors to stop.
Called postfire()
Called prefire()
Called fire()
Checking for deadlock:
There are 2 Blocked actors, 0 Stopped actors, and 4 active threads.
Waiting for actors to stop.
Called postfire()
Called prefire()
Called fire()
Checking for deadlock:
There are 3 Blocked actors, 0 Stopped actors, and 4 active threads.
Waiting for actors to stop.
Read input token from inputA with value 1.0
Sent output token with value 0.0
Next port to read input from is inputB
Called postfire()
Called prefire()
Called fire()
-- Read input: 0.0, which is expected to match: 0.0
Called prefire()
Called fire()
Read input token from inputB with value 1.5
Checking for deadlock:
There are 2 Blocked actors, 0 Stopped actors, and 4 active threads.
Waiting for actors to stop.
Sent output token with value 1.0
Next port to read input from is inputA
Called postfire()
Called prefire()
Called fire()
Checking for deadlock:
There are 1 Blocked actors, 0 Stopped actors, and 4 active threads.
Waiting for actors to stop.
Checking for deadlock:
There are 0 Blocked actors, 0 Stopped actors, and 4 active threads.
Waiting for actors to stop.
-- Read input: 1.0, which is expected to match: 1.0
Called postfire()
Called prefire()
Called prefire()
Called fire()
Called fire()
Checking for deadlock:
There are 2 Blocked actors, 0 Stopped actors, and 4 active threads.
Waiting for actors to stop.
Called postfire()
Called prefire()
Called fire()
Checking for deadlock:
There are 3 Blocked actors, 0 Stopped actors, and 4 active threads.
Waiting for actors to stop.
Read input token from inputA with value 2.0
Checking for deadlock:
There are 2 Blocked actors, 0 Stopped actors, and 4 active threads.
Waiting for actors to stop.
Sent output token with value 1.5
-- Read input: 1.5, which is expected to match: 1.5
Called prefire()
Called fire()
Checking for deadlock:
There are 3 Blocked actors, 0 Stopped actors, and 4 active threads.
Waiting for actors to stop.
Next port to read input from is inputB
Called postfire()
Called prefire()
Called fire()
Read input token from inputB with value 3.0
Called postfire()
Called prefire()
Called fire()
Checking for deadlock:
There are 3 Blocked actors, 0 Stopped actors, and 4 active threads.
Waiting for actors to stop.
Checking for deadlock:
There are 2 Blocked actors, 0 Stopped actors, and 4 active threads.
Waiting for actors to stop.
-- Read input: 2.0, which is expected to match: 2.0
Called prefire()
Called fire()
Checking for deadlock:
There are 3 Blocked actors, 0 Stopped actors, and 4 active threads.
Waiting for actors to stop.
Sent output token with value 2.0
Next port to read input from is inputA
Called postfire()
Called prefire()
Called fire()
Checking for deadlock:
There are 2 Blocked actors, 0 Stopped actors, and 4 active threads.
Waiting for actors to stop.
Called postfire()
Called prefire()
Called fire()
Checking for deadlock:
There are 3 Blocked actors, 0 Stopped actors, and 4 active threads.
Waiting for actors to stop.
Read input token from inputA with value 3.0
Sent output token with value 3.0
Next port to read input from is inputB
Called postfire()
Called prefire()
Called fire()
Read input token from inputB with value 4.5
Checking for deadlock:
There are 2 Blocked actors, 0 Stopped actors, and 4 active threads.
Waiting for actors to stop.
-- Read input: 3.0, which is expected to match: 3.0
Called prefire()
Called fire()
Called postfire()
Called prefire()
Called fire()
Checking for deadlock:
There are 3 Blocked actors, 0 Stopped actors, and 4 active threads.
Waiting for actors to stop.
Checking for deadlock:
There are 2 Blocked actors, 0 Stopped actors, and 4 active threads.
Waiting for actors to stop.
-- Read input: 3.0, which is expected to match: 3.0
Called prefire()
Called fire()
Checking for deadlock:
There are 3 Blocked actors, 0 Stopped actors, and 4 active threads.
Waiting for actors to stop.
Sent output token with value 3.0
Next port to read input from is inputA
Called postfire()
Called prefire()
Called fire()
Checking for deadlock:
There are 2 Blocked actors, 0 Stopped actors, and 4 active threads.
Waiting for actors to stop.
Called postfire()
Called prefire()
Called fire()
Checking for deadlock:
There are 3 Blocked actors, 0 Stopped actors, and 4 active threads.
Waiting for actors to stop.
Read input token from inputA with value 4.0
Sent output token with value 4.0
Next port to read input from is inputA
Called postfire()
Called prefire()
Called fire()
Read input token from inputA with value 5.0
Checking for deadlock:
There are 2 Blocked actors, 0 Stopped actors, and 4 active threads.
Waiting for actors to stop.
-- Read input: 4.0, which is expected to match: 4.0
Called prefire()
Called fire()
Past the end of training data. Read and discard all inputs.
Called postfire()
Called prefire()
Called fire()
Checking for deadlock:
There are 3 Blocked actors, 0 Stopped actors, and 4 active threads.
Waiting for actors to stop.
Sent output token with value 4.5
Next port to read input from is inputB
Called postfire()
Called prefire()
Called fire()
Read input token from inputB with value 6.0
Checking for deadlock:
There are 2 Blocked actors, 0 Stopped actors, and 4 active threads.
Waiting for actors to stop.
Called prefire()
Called fire()
Past the end of training data. Read and discard all inputs.
Checking for deadlock:
There are 2 Blocked actors, 0 Stopped actors, and 4 active threads.
Waiting for actors to stop.
Called postfire()
Called prefire()
Called fire()
Checking for deadlock:
There are 3 Blocked actors, 0 Stopped actors, and 4 active threads.
Waiting for actors to stop.
Checking for deadlock:
There are 2 Blocked actors, 0 Stopped actors, and 4 active threads.
Waiting for actors to stop.
Called prefire()
Called fire()
Past the end of training data. Read and discard all inputs.
Checking for deadlock:
There are 3 Blocked actors, 0 Stopped actors, and 4 active threads.
Waiting for actors to stop.
Sent output token with value 5.0
Next port to read input from is inputA
Called postfire()
Called prefire()
Called fire()
Checking for deadlock:
There are 2 Blocked actors, 0 Stopped actors, and 4 active threads.
Waiting for actors to stop.
Called postfire()
Called prefire()
Called fire()
Checking for deadlock:
There are 3 Blocked actors, 0 Stopped actors, and 4 active threads.
Waiting for actors to stop.
Read input token from inputA with value 6.0
Sent output token with value 6.0
Next port to read input from is inputB
Called postfire()
Called prefire()
Called fire()
Read input token from inputB with value 7.5
Checking for deadlock:
There are 2 Blocked actors, 0 Stopped actors, and 4 active threads.
Waiting for actors to stop.
Called prefire()
Called fire()
Past the end of training data. Read and discard all inputs.
Called postfire()
Called prefire()
Called fire()
Checking for deadlock:
There are 3 Blocked actors, 0 Stopped actors, and 4 active threads.
Waiting for actors to stop.
Checking for deadlock:
There are 2 Blocked actors, 0 Stopped actors, and 4 active threads.
Waiting for actors to stop.
Called prefire()
Called fire()
Past the end of training data. Read and discard all inputs.
Checking for deadlock:
There are 3 Blocked actors, 0 Stopped actors, and 4 active threads.
Waiting for actors to stop.
Sent output token with value 6.0
Next port to read input from is inputA
Called postfire()
Called prefire()
Called fire()
Checking for deadlock:
There are 2 Blocked actors, 0 Stopped actors, and 4 active threads.
Waiting for actors to stop.
Called postfire()
Called prefire()
Called fire()
Checking for deadlock:
There are 3 Blocked actors, 0 Stopped actors, and 4 active threads.
Waiting for actors to stop.
Read input token from inputA with value 7.0
Sent output token with value 7.0
Next port to read input from is inputA
Called postfire()
Called prefire()
Called fire()
Read input token from inputA with value 8.0
Checking for deadlock:
There are 2 Blocked actors, 0 Stopped actors, and 4 active threads.
Waiting for actors to stop.
Called prefire()
Called fire()
Past the end of training data. Read and discard all inputs.
-- Thread wrapup() called.
Called wrapup()
Thread .top.Ramp is exiting.
-- Thread stopped.
Checking for deadlock:
There are 2 Blocked actors, 0 Stopped actors, and 3 active threads.
Waiting for actors to stop.
Checking for deadlock:
There are 1 Blocked actors, 0 Stopped actors, and 3 active threads.
Waiting for actors to stop.
Called prefire()
Called fire()
Past the end of training data. Read and discard all inputs.
Checking for deadlock:
There are 2 Blocked actors, 0 Stopped actors, and 3 active threads.
Waiting for actors to stop.
Sent output token with value 7.5
Next port to read input from is inputB
Called postfire()
Called prefire()
Called fire()
Checking for deadlock:
There are 1 Blocked actors, 0 Stopped actors, and 3 active threads.
Waiting for actors to stop.
Called postfire()
Called prefire()
Called fire()
Checking for deadlock:
There are 2 Blocked actors, 0 Stopped actors, and 3 active threads.
Waiting for actors to stop.
Read input token from inputB with value 9.0
Checking for deadlock:
There are 1 Blocked actors, 0 Stopped actors, and 3 active threads.
Waiting for actors to stop.
Called prefire()
Called fire()
Past the end of training data. Read and discard all inputs.
Checking for deadlock:
There are 2 Blocked actors, 0 Stopped actors, and 3 active threads.
Waiting for actors to stop.
Sent output token with value 8.0
Next port to read input from is inputA
Called postfire()
Called prefire()
Called fire()
Read input token from inputA with value 9.0
Called prefire()
Called fire()
Past the end of training data. Read and discard all inputs.
Checking for deadlock:
There are 2 Blocked actors, 0 Stopped actors, and 3 active threads.
Waiting for actors to stop.
Sent output token with value 9.0
Next port to read input from is inputB
Called postfire()
Called prefire()
Called fire()
Called postfire()
Called prefire()
Called fire()
Checking for deadlock:
There are 2 Blocked actors, 0 Stopped actors, and 3 active threads.
Waiting for actors to stop.
Read input token from inputB with value 10.5
Called prefire()
Called fire()
Past the end of training data. Read and discard all inputs.
Checking for deadlock:
There are 2 Blocked actors, 0 Stopped actors, and 3 active threads.
Waiting for actors to stop.
Sent output token with value 9.0
Next port to read input from is inputA
Called postfire()
Called prefire()
Called fire()
Checking for deadlock:
There are 3 Blocked actors, 0 Stopped actors, and 3 active threads.
Actors have stopped.
Checking for deadlock:
There are 3 Blocked actors, 0 Stopped actors, and 3 active threads.
Deadlock detected.
Resolving Deadlock
Checking for deadlock:
There are 3 Blocked actors, 0 Stopped actors, and 3 active threads.
Artificial Deadlock - increasing queue capacity.
increasing the capacity of receiver ptolemy.actor.TypedIOPort {.top.OrderedMerge.inputB} to 2
Director: Called postfire().
Called postfire().
_stopRequested = false
_stopFireRequested = false
Returning from postfire(): true
Called fire().
Checking for deadlock:
There are 2 Blocked actors, 0 Stopped actors, and 3 active threads.
Waiting for actors to stop.
-- Thread wrapup() called.
Called wrapup()
Thread .top.Ramp2 is exiting.
-- Thread stopped.
Checking for deadlock:
There are 2 Blocked actors, 0 Stopped actors, and 2 active threads.
Actors have stopped.
Checking for deadlock:
There are 2 Blocked actors, 0 Stopped actors, and 2 active threads.
Deadlock detected.
Resolving Deadlock
Checking for deadlock:
There are 2 Blocked actors, 0 Stopped actors, and 2 active threads.
Deadlock detected: no processes blocked on write, but some are blocked on read.
Called postfire().
_stopRequested = false
_stopFireRequested = false
Returning from postfire(): false
Finished deactivating branches.
Called wrapup().
-- Thread wrapup() called.
Called wrapup()
-- Thread wrapup() called.
Called wrapup()
Thread .top.Test is exiting.
-- Thread stopped.
-- Blocked Receiver call threw TerminateProcessException.
Thread .top.OrderedMerge is exiting.
28 ms. Memory: 145408K Free: 93705K (64%)
-- Thread stopped.
-- Blocked Receiver call threw TerminateProcessException.
/home/travis/build/icyphy/ptII/ptolemy/actor/lib/test/Publisher.tcl
20 ms. Memory: 145408K Free: 87558K (60%)
7 ms. Memory: 145408K Free: 81931K (56%)
6 ms. Memory: 145408K Free: 126282K (87%)
5 ms. Memory: 145408K Free: 125326K (86%)
11 ms. Memory: 145408K Free: 124302K (85%)
14 ms. Memory: 145408K Free: 123792K (85%)
3 ms. Memory: 145408K Free: 122768K (84%)
2 ms. Memory: 145408K Free: 121744K (84%)
17 ms. Memory: 145408K Free: 112014K (77%)
6 ms. Memory: 145408K Free: 107918K (74%)
2 ms. Memory: 145408K Free: 107408K (74%)
3 ms. Memory: 145408K Free: 105360K (72%)
9 ms. Memory: 145408K Free: 97678K (67%)
14 ms. Memory: 145408K Free: 87952K (60%)
6 ms. Memory: 145408K Free: 77184K (53%)
/home/travis/build/icyphy/ptII/ptolemy/actor/lib/test/Pulse.tcl
2 ms. Memory: 145408K Free: 109237K (75%)
2 ms. Memory: 145408K Free: 108733K (75%)
1 ms. Memory: 145408K Free: 108189K (74%)
2 ms. Memory: 145408K Free: 107709K (74%)
1 ms. Memory: 145408K Free: 107181K (74%)
5 ms. Memory: 145408K Free: 106171K (73%)
2 ms. Memory: 145408K Free: 105117K (72%)
1 ms. Memory: 145408K Free: 104109K (72%)
1 ms. Memory: 145408K Free: 103613K (71%)
/home/travis/build/icyphy/ptII/ptolemy/actor/lib/test/Ramp.tcl
8 ms. Memory: 145408K Free: 101565K (70%)
3 ms. Memory: 145408K Free: 101021K (69%)
4 ms. Memory: 145408K Free: 100027K (69%)
1 ms. Memory: 145408K Free: 99517K (68%)
8 ms. Memory: 145408K Free: 98493K (68%)
8 ms. Memory: 145408K Free: 97973K (67%)
5 ms. Memory: 145408K Free: 96941K (67%)
5 actors
4000 microseconds per iteration to create
12 ms. Memory: 145408K Free: 93883K (65%)
2 ms. Memory: 145408K Free: 93373K (64%)
5 ms. Memory: 145408K Free: 92845K (64%)
2 ms. Memory: 145408K Free: 92349K (64%)
50 actors
45000 microseconds per iteration to create
37 ms. Memory: 145408K Free: 76989K (53%)
15 ms. Memory: 145408K Free: 75965K (52%)
5 ms. Memory: 145408K Free: 74427K (51%)
15 ms. Memory: 145408K Free: 73403K (50%)
500 actors
1562000 microseconds per iteration to create
277 ms. Memory: 181248K Free: 92357K (51%)
40 ms. Memory: 181248K Free: 87237K (48%)
43 ms. Memory: 181248K Free: 81603K (45%)
38 ms. Memory: 181248K Free: 76483K (42%)
/home/travis/build/icyphy/ptII/ptolemy/actor/lib/test/RampContinuous.tcl
8 ms. Memory: 181248K Free: 74949K (41%)
/home/travis/build/icyphy/ptII/ptolemy/actor/lib/test/RecordAssembler.tcl
6 ms. Memory: 181248K Free: 73411K (41%)
3 ms. Memory: 181248K Free: 72387K (40%)
/home/travis/build/icyphy/ptII/ptolemy/actor/lib/test/RecordDisassembler.tcl
12 ms. Memory: 181248K Free: 70853K (39%)
2 ms. Memory: 181248K Free: 69829K (39%)
3 ms. Memory: 181248K Free: 68805K (38%)
/home/travis/build/icyphy/ptII/ptolemy/actor/lib/test/Scale.tcl
6 ms. Memory: 181248K Free: 157304K (87%)
1 ms. Memory: 181248K Free: 156790K (87%)
2 ms. Memory: 181248K Free: 155735K (86%)
12 ms. Memory: 181248K Free: 155256K (86%)
2 ms. Memory: 181248K Free: 154232K (85%)
/home/travis/build/icyphy/ptII/ptolemy/actor/lib/test/SequentialClock.tcl
preinitializing
resolving types
initializing
executing number 1
wrapping up
idle
2 ms. Memory: 181248K Free: 153208K (85%)
Completed execution with 5 iterations
preinitializing
resolving types
initializing
executing number 1
wrapping up
idle
2 ms. Memory: 181248K Free: 152694K (84%)
Completed execution with 5 iterations
preinitializing
resolving types
initializing
executing number 1
wrapping up
idle
1 ms. Memory: 181248K Free: 152184K (84%)
Completed execution with 5 iterations
/home/travis/build/icyphy/ptII/ptolemy/actor/lib/test/SetVariable.tcl
3 ms. Memory: 181248K Free: 150136K (83%)


==== $PTII/ptolemy/actor/lib/test/SetVariable.tcl: SetVariable-3.1 changeFailed
==== Contents of test case:

    #Uses 2.1 above
    jdkCaptureErr {
        # This test was failing if we ran Exit.tcl and then this test.
        # MessageHandler.error() now actually throws the Exception.
	catch {$setVariable changeFailed [java::null]  [java::new Exception {Test exception for SetVariable.changeFailed()}]} errMsg
    } results
    list [string range $results 0 89] "\n" $errMsg

==== Result was:
{java.lang.Exception: Test exception for SetVariable.changeFailed()
	at java.base/jdk.inter} {
} {java.lang.RuntimeException: java.lang.Exception: Test exception for SetVariable.changeFailed()}
---- Result should have been:
{Failed to set variable.
java.lang.Exception: Test exception for SetVariable.changeFailed()} {
} {java.lang.RuntimeException: java.lang.Exception: Test exception for SetVariable.changeFailed()}
---- SetVariable-3.1 FAILED
/home/travis/build/icyphy/ptII/ptolemy/actor/lib/test/Sinewave.tcl
/home/travis/build/icyphy/ptII/ptolemy/actor/lib/test/SubscriptionAggregator.tcl
15 ms. Memory: 181248K Free: 138343K (76%)
8 ms. Memory: 181248K Free: 137334K (76%)
1 ms. Memory: 181248K Free: 136824K (75%)
1 ms. Memory: 181248K Free: 136824K (75%)
2 ms. Memory: 181248K Free: 133207K (73%)
8 ms. Memory: 181248K Free: 131175K (72%)
...............................................................1012 ms. Memory: 302080K Free: 176052K (58%)
/home/travis/build/icyphy/ptII/ptolemy/actor/lib/test/Test.tcl
 The next command will produce a warning about training mode,
   which may be ignored.
4 ms. Memory: 302080K Free: 174013K (58%)
3 ms. Memory: 302080K Free: 172989K (57%)
1 ms. Memory: 302080K Free: 172479K (57%)
1 ms. Memory: 302080K Free: 171935K (57%)
2 ms. Memory: 302080K Free: 171455K (57%)
3 ms. Memory: 302080K Free: 169917K (56%)
3 ms. Memory: 302080K Free: 168863K (56%)
 The next command will produce a warning about training mode,
   which may be ignored.
3 ms. Memory: 302080K Free: 166335K (55%)
 The next command will produce a warning about training mode,
   which may be ignored.
2 ms. Memory: 302080K Free: 165311K (55%)
1 ms. Memory: 302080K Free: 164767K (55%)
1 ms. Memory: 302080K Free: 164287K (54%)
1 ms. Memory: 302080K Free: 163743K (54%)
7 ms. Memory: 302080K Free: 162749K (54%)
4 ms. Memory: 302080K Free: 158647K (53%)
/home/travis/build/icyphy/ptII/ptolemy/actor/lib/test/TestExceptionHandler.tcl
 The next command will produce a warning about training mode,
   which may be ignored.
2 ms. Memory: 302080K Free: 157623K (52%)
1 ms. Memory: 302080K Free: 157119K (52%)
0 ms. Memory: 302080K Free: 156599K (52%)
/home/travis/build/icyphy/ptII/ptolemy/actor/lib/test/UnionDisassembler.tcl
20 ms. Memory: 302080K Free: 149423K (49%)
/home/travis/build/icyphy/ptII/ptolemy/actor/lib/test/VariableClock.tcl
preinitializing
resolving types
initializing
executing number 1
wrapping up
idle
3 ms. Memory: 302080K Free: 147375K (49%)
Completed execution with 11 iterations
preinitializing
resolving types
initializing
executing number 1
wrapping up
idle
4 ms. Memory: 302080K Free: 145855K (48%)
Completed execution with 10 iterations
07/22/19 05:12:22
Failed: 1  Total Tests: 234  ((Passed: 233, Newly Passed: 0)  Known Failed: 0) /home/travis/build/icyphy/ptII/ptolemy/actor/lib/test
----------------- testing (KnownFailure) /home/travis/build/icyphy/ptII/ptolemy/actor/lib/test/auto/knownFailedTests/PublisherPortToplevelSubscriber.xml
0 ms. Memory: 302080K Free: 142783K (47%)
Known Failure: java.lang.reflect.InvocationTargetException
----------------- testing (KnownFailure) /home/travis/build/icyphy/ptII/ptolemy/actor/lib/test/auto/knownFailedTests/PublisherSubscriberPortToplevel.xml
0 ms. Memory: 302080K Free: 138687K (46%)
Known Failure: java.lang.reflect.InvocationTargetException
----------------- testing (KnownFailure) /home/travis/build/icyphy/ptII/ptolemy/actor/lib/test/auto/knownFailedTests/PublisherSubscriptionAggregatorPort.xml
0 ms. Memory: 302080K Free: 135101K (45%)
Known Failure: java.lang.reflect.InvocationTargetException
----------------- testing (KnownFailure) /home/travis/build/icyphy/ptII/ptolemy/actor/lib/test/auto/knownFailedTests/sizedarray3.xml
7 ms. Memory: 302080K Free: 131005K (43%)
Known Failure: java.lang.reflect.InvocationTargetException
No auto/linux-amd64/*.xml tests in /home/travis/build/icyphy/ptII/ptolemy/actor/lib/test
AutoTests.java: About to close Vertx.
AutoTests.java: Vertx closed.

===========================================================================================
----------------- testing Mon Jul 22 05:12:22 UTC 2019 /home/travis/build/icyphy/ptII/ptolemy/actor/lib/test/auto/AbsoluteValue.xml
----------------- Instantiating /home/travis/build/icyphy/ptII/ptolemy/actor/lib/test/auto/AbsoluteValue.xml
10 ms. Memory: 302080K Free: 107967K (36%)
----------------- Invoking toplevel() on ptolemy.moml.MoMLSimpleApplication@52d1a8d2
----------------- Done invoking toplevel() on ptolemy.moml.MoMLSimpleApplication@52d1a8d2
reloadAllAccessors: .AbsoluteValue

===========================================================================================
----------------- testing Mon Jul 22 05:12:22 UTC 2019 /home/travis/build/icyphy/ptII/ptolemy/actor/lib/test/auto/AbsoluteValue2.xml
----------------- Instantiating /home/travis/build/icyphy/ptII/ptolemy/actor/lib/test/auto/AbsoluteValue2.xml
5 ms. Memory: 302080K Free: 101309K (34%)
----------------- Invoking toplevel() on ptolemy.moml.MoMLSimpleApplication@3a61d07a
----------------- Done invoking toplevel() on ptolemy.moml.MoMLSimpleApplication@3a61d07a
reloadAllAccessors: .AbsoluteValue2

===========================================================================================
----------------- testing Mon Jul 22 05:12:22 UTC 2019 /home/travis/build/icyphy/ptII/ptolemy/actor/lib/test/auto/Accumulator.xml
----------------- Instantiating /home/travis/build/icyphy/ptII/ptolemy/actor/lib/test/auto/Accumulator.xml
76 ms. Memory: 302080K Free: 253983K (84%)
----------------- Invoking toplevel() on ptolemy.moml.MoMLSimpleApplication@765529f3
----------------- Done invoking toplevel() on ptolemy.moml.MoMLSimpleApplication@765529f3
reloadAllAccessors: .Accumulator

===========================================================================================
----------------- testing Mon Jul 22 05:12:22 UTC 2019 /home/travis/build/icyphy/ptII/ptolemy/actor/lib/test/auto/Accumulator2.xml
----------------- Instantiating /home/travis/build/icyphy/ptII/ptolemy/actor/lib/test/auto/Accumulator2.xml
3 ms. Memory: 302080K Free: 248320K (82%)
----------------- Invoking toplevel() on ptolemy.moml.MoMLSimpleApplication@61c54366
----------------- Done invoking toplevel() on ptolemy.moml.MoMLSimpleApplication@61c54366
reloadAllAccessors: .Accumulator2

===========================================================================================
----------------- testing Mon Jul 22 05:12:23 UTC 2019 /home/travis/build/icyphy/ptII/ptolemy/actor/lib/test/auto/Accumulator3.xml
----------------- Instantiating /home/travis/build/icyphy/ptII/ptolemy/actor/lib/test/auto/Accumulator3.xml
2 ms. Memory: 302080K Free: 243710K (81%)
----------------- Invoking toplevel() on ptolemy.moml.MoMLSimpleApplication@3d654284
----------------- Done invoking toplevel() on ptolemy.moml.MoMLSimpleApplication@3d654284
reloadAllAccessors: .Accumulator3

===========================================================================================
----------------- testing Mon Jul 22 05:12:23 UTC 2019 /home/travis/build/icyphy/ptII/ptolemy/actor/lib/test/auto/ArrayAppend.xml
----------------- Instantiating /home/travis/build/icyphy/ptII/ptolemy/actor/lib/test/auto/ArrayAppend.xml
7 ms. Memory: 302080K Free: 237551K (79%)
----------------- Invoking toplevel() on ptolemy.moml.MoMLSimpleApplication@5659acd8
----------------- Done invoking toplevel() on ptolemy.moml.MoMLSimpleApplication@5659acd8
reloadAllAccessors: .ArrayAppend

===========================================================================================
----------------- testing Mon Jul 22 05:12:23 UTC 2019 /home/travis/build/icyphy/ptII/ptolemy/actor/lib/test/auto/ArrayAppend2.xml
----------------- Instantiating /home/travis/build/icyphy/ptII/ptolemy/actor/lib/test/auto/ArrayAppend2.xml
294 ms. Memory: 302080K Free: 154622K (51%)
----------------- Invoking toplevel() on ptolemy.moml.MoMLSimpleApplication@14ed8223
----------------- Done invoking toplevel() on ptolemy.moml.MoMLSimpleApplication@14ed8223
reloadAllAccessors: .ArrayAppend2

===========================================================================================
----------------- testing Mon Jul 22 05:12:23 UTC 2019 /home/travis/build/icyphy/ptII/ptolemy/actor/lib/test/auto/ArrayAppend3.xml
----------------- Instantiating /home/travis/build/icyphy/ptII/ptolemy/actor/lib/test/auto/ArrayAppend3.xml
7 ms. Memory: 302080K Free: 149502K (49%)
----------------- Invoking toplevel() on ptolemy.moml.MoMLSimpleApplication@2a4c5588
----------------- Done invoking toplevel() on ptolemy.moml.MoMLSimpleApplication@2a4c5588
reloadAllAccessors: .ArrayAppend3

===========================================================================================
----------------- testing Mon Jul 22 05:12:23 UTC 2019 /home/travis/build/icyphy/ptII/ptolemy/actor/lib/test/auto/ArrayAppend4.xml
----------------- Instantiating /home/travis/build/icyphy/ptII/ptolemy/actor/lib/test/auto/ArrayAppend4.xml
4 ms. Memory: 302080K Free: 144382K (48%)
----------------- Invoking toplevel() on ptolemy.moml.MoMLSimpleApplication@5444c446
----------------- Done invoking toplevel() on ptolemy.moml.MoMLSimpleApplication@5444c446
reloadAllAccessors: .ArrayAppend4

===========================================================================================
----------------- testing Mon Jul 22 05:12:23 UTC 2019 /home/travis/build/icyphy/ptII/ptolemy/actor/lib/test/auto/ArrayAppend5.xml
----------------- Instantiating /home/travis/build/icyphy/ptII/ptolemy/actor/lib/test/auto/ArrayAppend5.xml
3 ms. Memory: 302080K Free: 138752K (46%)
----------------- Invoking toplevel() on ptolemy.moml.MoMLSimpleApplication@2e1e4fb7
----------------- Done invoking toplevel() on ptolemy.moml.MoMLSimpleApplication@2e1e4fb7
reloadAllAccessors: .ArrayAppend5

===========================================================================================
----------------- testing Mon Jul 22 05:12:23 UTC 2019 /home/travis/build/icyphy/ptII/ptolemy/actor/lib/test/auto/ArrayAppend6.xml
----------------- Instantiating /home/travis/build/icyphy/ptII/ptolemy/actor/lib/test/auto/ArrayAppend6.xml
3 ms. Memory: 302080K Free: 134142K (44%)
----------------- Invoking toplevel() on ptolemy.moml.MoMLSimpleApplication@39d2c63d
----------------- Done invoking toplevel() on ptolemy.moml.MoMLSimpleApplication@39d2c63d
reloadAllAccessors: .ArrayAppend6

===========================================================================================
----------------- testing Mon Jul 22 05:12:23 UTC 2019 /home/travis/build/icyphy/ptII/ptolemy/actor/lib/test/auto/ArrayAppendPerformanceTest.xml
----------------- Instantiating /home/travis/build/icyphy/ptII/ptolemy/actor/lib/test/auto/ArrayAppendPerformanceTest.xml
33 ms. Memory: 302080K Free: 122878K (41%)
----------------- Invoking toplevel() on ptolemy.moml.MoMLSimpleApplication@616c8bb8
----------------- Done invoking toplevel() on ptolemy.moml.MoMLSimpleApplication@616c8bb8
reloadAllAccessors: .ArrayAppendPerformanceTest

===========================================================================================
----------------- testing Mon Jul 22 05:12:23 UTC 2019 /home/travis/build/icyphy/ptII/ptolemy/actor/lib/test/auto/ArrayAppendWithEmptyInput.xml
----------------- Instantiating /home/travis/build/icyphy/ptII/ptolemy/actor/lib/test/auto/ArrayAppendWithEmptyInput.xml
11 ms. Memory: 302080K Free: 115198K (38%)
----------------- Invoking toplevel() on ptolemy.moml.MoMLSimpleApplication@407515a9
----------------- Done invoking toplevel() on ptolemy.moml.MoMLSimpleApplication@407515a9
reloadAllAccessors: .ArrayAppendWithEmptyInput

===========================================================================================
----------------- testing Mon Jul 22 05:12:23 UTC 2019 /home/travis/build/icyphy/ptII/ptolemy/actor/lib/test/auto/ArrayAverage.xml
----------------- Instantiating /home/travis/build/icyphy/ptII/ptolemy/actor/lib/test/auto/ArrayAverage.xml
8 ms. Memory: 302080K Free: 107008K (35%)
----------------- Invoking toplevel() on ptolemy.moml.MoMLSimpleApplication@28938eb5
----------------- Done invoking toplevel() on ptolemy.moml.MoMLSimpleApplication@28938eb5
reloadAllAccessors: .ArrayAverage

===========================================================================================
----------------- testing Mon Jul 22 05:12:23 UTC 2019 /home/travis/build/icyphy/ptII/ptolemy/actor/lib/test/auto/ArrayContains.xml
----------------- Instantiating /home/travis/build/icyphy/ptII/ptolemy/actor/lib/test/auto/ArrayContains.xml
9 ms. Memory: 302080K Free: 101374K (34%)
----------------- Invoking toplevel() on ptolemy.moml.MoMLSimpleApplication@3e88085b
----------------- Done invoking toplevel() on ptolemy.moml.MoMLSimpleApplication@3e88085b
reloadAllAccessors: .ArrayContains

===========================================================================================
----------------- testing Mon Jul 22 05:12:23 UTC 2019 /home/travis/build/icyphy/ptII/ptolemy/actor/lib/test/auto/ArrayElement.xml
----------------- Instantiating /home/travis/build/icyphy/ptII/ptolemy/actor/lib/test/auto/ArrayElement.xml
3 ms. Memory: 302080K Free: 95744K (32%)
----------------- Invoking toplevel() on ptolemy.moml.MoMLSimpleApplication@2bcf0c2f
----------------- Done invoking toplevel() on ptolemy.moml.MoMLSimpleApplication@2bcf0c2f
reloadAllAccessors: .ArrayElement

===========================================================================================
----------------- testing Mon Jul 22 05:12:23 UTC 2019 /home/travis/build/icyphy/ptII/ptolemy/actor/lib/test/auto/ArrayElementAsMatrix.xml
----------------- Instantiating /home/travis/build/icyphy/ptII/ptolemy/actor/lib/test/auto/ArrayElementAsMatrix.xml
18 ms. Memory: 302080K Free: 244528K (81%)
----------------- Invoking toplevel() on ptolemy.moml.MoMLSimpleApplication@753023a2
----------------- Done invoking toplevel() on ptolemy.moml.MoMLSimpleApplication@753023a2
reloadAllAccessors: .ArrayElementAsMatrix

===========================================================================================
----------------- testing Mon Jul 22 05:12:23 UTC 2019 /home/travis/build/icyphy/ptII/ptolemy/actor/lib/test/auto/ArrayElementI.xml
----------------- Instantiating /home/travis/build/icyphy/ptII/ptolemy/actor/lib/test/auto/ArrayElementI.xml
2 ms. Memory: 302080K Free: 239408K (79%)
----------------- Invoking toplevel() on ptolemy.moml.MoMLSimpleApplication@43edaa48
----------------- Done invoking toplevel() on ptolemy.moml.MoMLSimpleApplication@43edaa48
reloadAllAccessors: .ArrayElementI

===========================================================================================
----------------- testing Mon Jul 22 05:12:24 UTC 2019 /home/travis/build/icyphy/ptII/ptolemy/actor/lib/test/auto/ArrayExtract.xml
----------------- Instantiating /home/travis/build/icyphy/ptII/ptolemy/actor/lib/test/auto/ArrayExtract.xml
11 ms. Memory: 302080K Free: 231216K (77%)
----------------- Invoking toplevel() on ptolemy.moml.MoMLSimpleApplication@3dc65278
----------------- Done invoking toplevel() on ptolemy.moml.MoMLSimpleApplication@3dc65278
reloadAllAccessors: .ArrayExtract

===========================================================================================
----------------- testing Mon Jul 22 05:12:24 UTC 2019 /home/travis/build/icyphy/ptII/ptolemy/actor/lib/test/auto/ArrayExtract2.xml
----------------- Instantiating /home/travis/build/icyphy/ptII/ptolemy/actor/lib/test/auto/ArrayExtract2.xml
4 ms. Memory: 302080K Free: 225586K (75%)
----------------- Invoking toplevel() on ptolemy.moml.MoMLSimpleApplication@6b0ec773
----------------- Done invoking toplevel() on ptolemy.moml.MoMLSimpleApplication@6b0ec773
reloadAllAccessors: .ArrayExtract2

===========================================================================================
----------------- testing Mon Jul 22 05:12:24 UTC 2019 /home/travis/build/icyphy/ptII/ptolemy/actor/lib/test/auto/ArrayLength.xml
----------------- Instantiating /home/travis/build/icyphy/ptII/ptolemy/actor/lib/test/auto/ArrayLength.xml
1 ms. Memory: 302080K Free: 222000K (73%)
----------------- Invoking toplevel() on ptolemy.moml.MoMLSimpleApplication@937661c
----------------- Done invoking toplevel() on ptolemy.moml.MoMLSimpleApplication@937661c
reloadAllAccessors: .ArrayLength

===========================================================================================
----------------- testing Mon Jul 22 05:12:24 UTC 2019 /home/travis/build/icyphy/ptII/ptolemy/actor/lib/test/auto/ArrayLevelCrossing.xml
----------------- Instantiating /home/travis/build/icyphy/ptII/ptolemy/actor/lib/test/auto/ArrayLevelCrossing.xml
3 ms. Memory: 302080K Free: 213808K (71%)
----------------- Invoking toplevel() on ptolemy.moml.MoMLSimpleApplication@68f37a2
----------------- Done invoking toplevel() on ptolemy.moml.MoMLSimpleApplication@68f37a2
reloadAllAccessors: .ArrayLevelCrossing

===========================================================================================
----------------- testing Mon Jul 22 05:12:24 UTC 2019 /home/travis/build/icyphy/ptII/ptolemy/actor/lib/test/auto/ArrayLevelCrossing2.xml
----------------- Instantiating /home/travis/build/icyphy/ptII/ptolemy/actor/lib/test/auto/ArrayLevelCrossing2.xml
3 ms. Memory: 302080K Free: 207154K (69%)
----------------- Invoking toplevel() on ptolemy.moml.MoMLSimpleApplication@6b8859c7
----------------- Done invoking toplevel() on ptolemy.moml.MoMLSimpleApplication@6b8859c7
reloadAllAccessors: .ArrayLevelCrossing2

===========================================================================================
----------------- testing Mon Jul 22 05:12:24 UTC 2019 /home/travis/build/icyphy/ptII/ptolemy/actor/lib/test/auto/ArrayPeakSearch.xml
----------------- Instantiating /home/travis/build/icyphy/ptII/ptolemy/actor/lib/test/auto/ArrayPeakSearch.xml
4 ms. Memory: 302080K Free: 197938K (66%)
----------------- Invoking toplevel() on ptolemy.moml.MoMLSimpleApplication@18dbb9a2
----------------- Done invoking toplevel() on ptolemy.moml.MoMLSimpleApplication@18dbb9a2
reloadAllAccessors: .ArrayPeakSearch

===========================================================================================
----------------- testing Mon Jul 22 05:12:24 UTC 2019 /home/travis/build/icyphy/ptII/ptolemy/actor/lib/test/auto/ArrayPeakSearch2.xml
----------------- Instantiating /home/travis/build/icyphy/ptII/ptolemy/actor/lib/test/auto/ArrayPeakSearch2.xml
7 ms. Memory: 302080K Free: 187698K (62%)
----------------- Invoking toplevel() on ptolemy.moml.MoMLSimpleApplication@2ebbeada
----------------- Done invoking toplevel() on ptolemy.moml.MoMLSimpleApplication@2ebbeada
reloadAllAccessors: .ArrayPeakSearch2

===========================================================================================
----------------- testing Mon Jul 22 05:12:24 UTC 2019 /home/travis/build/icyphy/ptII/ptolemy/actor/lib/test/auto/ArrayPeakSearch3.xml
----------------- Instantiating /home/travis/build/icyphy/ptII/ptolemy/actor/lib/test/auto/ArrayPeakSearch3.xml
4 ms. Memory: 302080K Free: 178482K (59%)
----------------- Invoking toplevel() on ptolemy.moml.MoMLSimpleApplication@ffe7c2c
----------------- Done invoking toplevel() on ptolemy.moml.MoMLSimpleApplication@ffe7c2c
reloadAllAccessors: .ArrayPeakSearch3

===========================================================================================
----------------- testing Mon Jul 22 05:12:24 UTC 2019 /home/travis/build/icyphy/ptII/ptolemy/actor/lib/test/auto/ArrayRemoveElement.xml
----------------- Instantiating /home/travis/build/icyphy/ptII/ptolemy/actor/lib/test/auto/ArrayRemoveElement.xml
3 ms. Memory: 302080K Free: 170800K (57%)
----------------- Invoking toplevel() on ptolemy.moml.MoMLSimpleApplication@65a0f1bc
----------------- Done invoking toplevel() on ptolemy.moml.MoMLSimpleApplication@65a0f1bc
reloadAllAccessors: .ArrayRemoveElement

===========================================================================================
----------------- testing Mon Jul 22 05:12:24 UTC 2019 /home/travis/build/icyphy/ptII/ptolemy/actor/lib/test/auto/ArraySort.xml
----------------- Instantiating /home/travis/build/icyphy/ptII/ptolemy/actor/lib/test/auto/ArraySort.xml
6 ms. Memory: 302080K Free: 161584K (53%)
----------------- Invoking toplevel() on ptolemy.moml.MoMLSimpleApplication@4a9bf621
----------------- Done invoking toplevel() on ptolemy.moml.MoMLSimpleApplication@4a9bf621
reloadAllAccessors: .ArraySort

===========================================================================================
----------------- testing Mon Jul 22 05:12:24 UTC 2019 /home/travis/build/icyphy/ptII/ptolemy/actor/lib/test/auto/ArraySum.xml
----------------- Instantiating /home/travis/build/icyphy/ptII/ptolemy/actor/lib/test/auto/ArraySum.xml
5 ms. Memory: 302080K Free: 156464K (52%)
----------------- Invoking toplevel() on ptolemy.moml.MoMLSimpleApplication@2c5a0a82
----------------- Done invoking toplevel() on ptolemy.moml.MoMLSimpleApplication@2c5a0a82
reloadAllAccessors: .ArraySum

===========================================================================================
----------------- testing Mon Jul 22 05:12:24 UTC 2019 /home/travis/build/icyphy/ptII/ptolemy/actor/lib/test/auto/ArrayToElements.xml
----------------- Instantiating /home/travis/build/icyphy/ptII/ptolemy/actor/lib/test/auto/ArrayToElements.xml
9 ms. Memory: 302080K Free: 150834K (50%)
----------------- Invoking toplevel() on ptolemy.moml.MoMLSimpleApplication@2332a047
----------------- Done invoking toplevel() on ptolemy.moml.MoMLSimpleApplication@2332a047
reloadAllAccessors: .ArrayToElements

===========================================================================================
----------------- testing Mon Jul 22 05:12:24 UTC 2019 /home/travis/build/icyphy/ptII/ptolemy/actor/lib/test/auto/ArrayToMatrix.xml
----------------- Instantiating /home/travis/build/icyphy/ptII/ptolemy/actor/lib/test/auto/ArrayToMatrix.xml
12 ms. Memory: 302080K Free: 136498K (45%)
----------------- Invoking toplevel() on ptolemy.moml.MoMLSimpleApplication@2f2deb62
----------------- Done invoking toplevel() on ptolemy.moml.MoMLSimpleApplication@2f2deb62
reloadAllAccessors: .ArrayToMatrix

===========================================================================================
----------------- testing Mon Jul 22 05:12:24 UTC 2019 /home/travis/build/icyphy/ptII/ptolemy/actor/lib/test/auto/ArrayUpdate1.xml
----------------- Instantiating /home/travis/build/icyphy/ptII/ptolemy/actor/lib/test/auto/ArrayUpdate1.xml
5 ms. Memory: 302080K Free: 131378K (43%)
----------------- Invoking toplevel() on ptolemy.moml.MoMLSimpleApplication@60ae956
----------------- Done invoking toplevel() on ptolemy.moml.MoMLSimpleApplication@60ae956
reloadAllAccessors: .ArrayUpdate1

===========================================================================================
----------------- testing Mon Jul 22 05:12:24 UTC 2019 /home/travis/build/icyphy/ptII/ptolemy/actor/lib/test/auto/ArrayUpdate2.xml
----------------- Instantiating /home/travis/build/icyphy/ptII/ptolemy/actor/lib/test/auto/ArrayUpdate2.xml
7 ms. Memory: 302080K Free: 125234K (41%)
----------------- Invoking toplevel() on ptolemy.moml.MoMLSimpleApplication@52d724aa
----------------- Done invoking toplevel() on ptolemy.moml.MoMLSimpleApplication@52d724aa
reloadAllAccessors: .ArrayUpdate2

===========================================================================================
----------------- testing Mon Jul 22 05:12:24 UTC 2019 /home/travis/build/icyphy/ptII/ptolemy/actor/lib/test/auto/ArrayUpdate3.xml
----------------- Instantiating /home/travis/build/icyphy/ptII/ptolemy/actor/lib/test/auto/ArrayUpdate3.xml
5 ms. Memory: 302080K Free: 120114K (40%)
----------------- Invoking toplevel() on ptolemy.moml.MoMLSimpleApplication@50077c64
----------------- Done invoking toplevel() on ptolemy.moml.MoMLSimpleApplication@50077c64
reloadAllAccessors: .ArrayUpdate3

===========================================================================================
----------------- testing Mon Jul 22 05:12:24 UTC 2019 /home/travis/build/icyphy/ptII/ptolemy/actor/lib/test/auto/Assert1.xml
----------------- Instantiating /home/travis/build/icyphy/ptII/ptolemy/actor/lib/test/auto/Assert1.xml
5 ms. Memory: 302080K Free: 116018K (38%)
----------------- Invoking toplevel() on ptolemy.moml.MoMLSimpleApplication@12ff033b
----------------- Done invoking toplevel() on ptolemy.moml.MoMLSimpleApplication@12ff033b
reloadAllAccessors: .Assert1

===========================================================================================
----------------- testing Mon Jul 22 05:12:24 UTC 2019 /home/travis/build/icyphy/ptII/ptolemy/actor/lib/test/auto/Assert2.xml
----------------- Instantiating /home/travis/build/icyphy/ptII/ptolemy/actor/lib/test/auto/Assert2.xml
2 ms. Memory: 302080K Free: 110384K (37%)
----------------- Invoking toplevel() on ptolemy.moml.MoMLSimpleApplication@7baf2d4e
----------------- Done invoking toplevel() on ptolemy.moml.MoMLSimpleApplication@7baf2d4e
reloadAllAccessors: .Assert2

===========================================================================================
----------------- testing Mon Jul 22 05:12:24 UTC 2019 /home/travis/build/icyphy/ptII/ptolemy/actor/lib/test/auto/BooleanMultiplexor.xml
----------------- Instantiating /home/travis/build/icyphy/ptII/ptolemy/actor/lib/test/auto/BooleanMultiplexor.xml
9 ms. Memory: 302080K Free: 105249K (35%)
----------------- Invoking toplevel() on ptolemy.moml.MoMLSimpleApplication@569b9850
----------------- Done invoking toplevel() on ptolemy.moml.MoMLSimpleApplication@569b9850
reloadAllAccessors: .BooleanMultiplexor

===========================================================================================
----------------- testing Mon Jul 22 05:12:24 UTC 2019 /home/travis/build/icyphy/ptII/ptolemy/actor/lib/test/auto/BooleanMultiplexor2.xml
----------------- Instantiating /home/travis/build/icyphy/ptII/ptolemy/actor/lib/test/auto/BooleanMultiplexor2.xml
4 ms. Memory: 302080K Free: 98610K (33%)
----------------- Invoking toplevel() on ptolemy.moml.MoMLSimpleApplication@3fc16cfc
----------------- Done invoking toplevel() on ptolemy.moml.MoMLSimpleApplication@3fc16cfc
reloadAllAccessors: .BooleanMultiplexor2

===========================================================================================
----------------- testing Mon Jul 22 05:12:24 UTC 2019 /home/travis/build/icyphy/ptII/ptolemy/actor/lib/test/auto/BooleanMultiplexor3.xml
----------------- Instantiating /home/travis/build/icyphy/ptII/ptolemy/actor/lib/test/auto/BooleanMultiplexor3.xml
1 ms. Memory: 302080K Free: 95024K (31%)
----------------- Invoking toplevel() on ptolemy.moml.MoMLSimpleApplication@f648949
----------------- Done invoking toplevel() on ptolemy.moml.MoMLSimpleApplication@f648949
reloadAllAccessors: .BooleanMultiplexor3

===========================================================================================
----------------- testing Mon Jul 22 05:12:24 UTC 2019 /home/travis/build/icyphy/ptII/ptolemy/actor/lib/test/auto/BooleanSelect.xml
----------------- Instantiating /home/travis/build/icyphy/ptII/ptolemy/actor/lib/test/auto/BooleanSelect.xml
6 ms. Memory: 302080K Free: 88865K (29%)
----------------- Invoking toplevel() on ptolemy.moml.MoMLSimpleApplication@64db5c26
----------------- Done invoking toplevel() on ptolemy.moml.MoMLSimpleApplication@64db5c26
reloadAllAccessors: .BooleanSelect

===========================================================================================
----------------- testing Mon Jul 22 05:12:24 UTC 2019 /home/travis/build/icyphy/ptII/ptolemy/actor/lib/test/auto/BooleanSelect2.xml
----------------- Instantiating /home/travis/build/icyphy/ptII/ptolemy/actor/lib/test/auto/BooleanSelect2.xml
2 ms. Memory: 302080K Free: 84784K (28%)
----------------- Invoking toplevel() on ptolemy.moml.MoMLSimpleApplication@1d2fd320
----------------- Done invoking toplevel() on ptolemy.moml.MoMLSimpleApplication@1d2fd320
reloadAllAccessors: .BooleanSelect2

===========================================================================================
----------------- testing Mon Jul 22 05:12:24 UTC 2019 /home/travis/build/icyphy/ptII/ptolemy/actor/lib/test/auto/BooleanSwitch.xml
----------------- Instantiating /home/travis/build/icyphy/ptII/ptolemy/actor/lib/test/auto/BooleanSwitch.xml
8 ms. Memory: 302080K Free: 78130K (26%)
----------------- Invoking toplevel() on ptolemy.moml.MoMLSimpleApplication@6434845f
----------------- Done invoking toplevel() on ptolemy.moml.MoMLSimpleApplication@6434845f
reloadAllAccessors: .BooleanSwitch

===========================================================================================
----------------- testing Mon Jul 22 05:12:24 UTC 2019 /home/travis/build/icyphy/ptII/ptolemy/actor/lib/test/auto/BooleanSwitch2.xml
----------------- Instantiating /home/travis/build/icyphy/ptII/ptolemy/actor/lib/test/auto/BooleanSwitch2.xml
3 ms. Memory: 562176K Free: 513907K (91%)
----------------- Invoking toplevel() on ptolemy.moml.MoMLSimpleApplication@6169c9e2
----------------- Done invoking toplevel() on ptolemy.moml.MoMLSimpleApplication@6169c9e2
reloadAllAccessors: .BooleanSwitch2

===========================================================================================
----------------- testing Mon Jul 22 05:12:24 UTC 2019 /home/travis/build/icyphy/ptII/ptolemy/actor/lib/test/auto/BooleanSwitchCloningBugWithClassRelationGroup.xml
----------------- Instantiating /home/travis/build/icyphy/ptII/ptolemy/actor/lib/test/auto/BooleanSwitchCloningBugWithClassRelationGroup.xml
3 ms. Memory: 562176K Free: 507259K (90%)
----------------- Invoking toplevel() on ptolemy.moml.MoMLSimpleApplication@23892781
----------------- Done invoking toplevel() on ptolemy.moml.MoMLSimpleApplication@23892781
reloadAllAccessors: .BooleanSwitchCloningBugWithClassRelationGroup

===========================================================================================
----------------- testing Mon Jul 22 05:12:24 UTC 2019 /home/travis/build/icyphy/ptII/ptolemy/actor/lib/test/auto/BusActors.xml
----------------- Instantiating /home/travis/build/icyphy/ptII/ptolemy/actor/lib/test/auto/BusActors.xml
6 ms. Memory: 562176K Free: 499067K (89%)
----------------- Invoking toplevel() on ptolemy.moml.MoMLSimpleApplication@66a82eb6
----------------- Done invoking toplevel() on ptolemy.moml.MoMLSimpleApplication@66a82eb6
reloadAllAccessors: .BusActors

===========================================================================================
----------------- testing Mon Jul 22 05:12:24 UTC 2019 /home/travis/build/icyphy/ptII/ptolemy/actor/lib/test/auto/ClassWrapper.xml
----------------- Instantiating /home/travis/build/icyphy/ptII/ptolemy/actor/lib/test/auto/ClassWrapper.xml
3 ms. Memory: 562176K Free: 494971K (88%)
----------------- Invoking toplevel() on ptolemy.moml.MoMLSimpleApplication@71de35f
----------------- Done invoking toplevel() on ptolemy.moml.MoMLSimpleApplication@71de35f
reloadAllAccessors: .ClassWrapper

===========================================================================================
----------------- testing Mon Jul 22 05:12:24 UTC 2019 /home/travis/build/icyphy/ptII/ptolemy/actor/lib/test/auto/Clock.xml
----------------- Instantiating /home/travis/build/icyphy/ptII/ptolemy/actor/lib/test/auto/Clock.xml
1 ms. Memory: 562176K Free: 490875K (87%)
----------------- Invoking toplevel() on ptolemy.moml.MoMLSimpleApplication@acc6aa0
----------------- Done invoking toplevel() on ptolemy.moml.MoMLSimpleApplication@acc6aa0
reloadAllAccessors: .Clock

===========================================================================================
----------------- testing Mon Jul 22 05:12:24 UTC 2019 /home/travis/build/icyphy/ptII/ptolemy/actor/lib/test/auto/Clock10.xml
----------------- Instantiating /home/travis/build/icyphy/ptII/ptolemy/actor/lib/test/auto/Clock10.xml
4 ms. Memory: 562176K Free: 485241K (86%)
----------------- Invoking toplevel() on ptolemy.moml.MoMLSimpleApplication@3d186107
----------------- Done invoking toplevel() on ptolemy.moml.MoMLSimpleApplication@3d186107
reloadAllAccessors: .Clock10

===========================================================================================
----------------- testing Mon Jul 22 05:12:24 UTC 2019 /home/travis/build/icyphy/ptII/ptolemy/actor/lib/test/auto/Clock11.xml
----------------- Instantiating /home/travis/build/icyphy/ptII/ptolemy/actor/lib/test/auto/Clock11.xml
9 ms. Memory: 562176K Free: 479097K (85%)
----------------- Invoking toplevel() on ptolemy.moml.MoMLSimpleApplication@24546860
----------------- Done invoking toplevel() on ptolemy.moml.MoMLSimpleApplication@24546860
reloadAllAccessors: .Clock11

===========================================================================================
----------------- testing Mon Jul 22 05:12:24 UTC 2019 /home/travis/build/icyphy/ptII/ptolemy/actor/lib/test/auto/Clock12.xml
----------------- Instantiating /home/travis/build/icyphy/ptII/ptolemy/actor/lib/test/auto/Clock12.xml
6 ms. Memory: 562176K Free: 473467K (84%)
----------------- Invoking toplevel() on ptolemy.moml.MoMLSimpleApplication@17f29ae3
----------------- Done invoking toplevel() on ptolemy.moml.MoMLSimpleApplication@17f29ae3
reloadAllAccessors: .Clock12

===========================================================================================
----------------- testing Mon Jul 22 05:12:24 UTC 2019 /home/travis/build/icyphy/ptII/ptolemy/actor/lib/test/auto/Clock13.xml
----------------- Instantiating /home/travis/build/icyphy/ptII/ptolemy/actor/lib/test/auto/Clock13.xml
2 ms. Memory: 562176K Free: 467323K (83%)
----------------- Invoking toplevel() on ptolemy.moml.MoMLSimpleApplication@3229706
----------------- Done invoking toplevel() on ptolemy.moml.MoMLSimpleApplication@3229706
reloadAllAccessors: .Clock13

===========================================================================================
----------------- testing Mon Jul 22 05:12:25 UTC 2019 /home/travis/build/icyphy/ptII/ptolemy/actor/lib/test/auto/Clock14.xml
----------------- Instantiating /home/travis/build/icyphy/ptII/ptolemy/actor/lib/test/auto/Clock14.xml
3 ms. Memory: 562176K Free: 461659K (82%)
----------------- Invoking toplevel() on ptolemy.moml.MoMLSimpleApplication@5f627726
----------------- Done invoking toplevel() on ptolemy.moml.MoMLSimpleApplication@5f627726
reloadAllAccessors: .Clock14

===========================================================================================
----------------- testing Mon Jul 22 05:12:25 UTC 2019 /home/travis/build/icyphy/ptII/ptolemy/actor/lib/test/auto/Clock15.xml
----------------- Instantiating /home/travis/build/icyphy/ptII/ptolemy/actor/lib/test/auto/Clock15.xml
3 ms. Memory: 562176K Free: 455515K (81%)
----------------- Invoking toplevel() on ptolemy.moml.MoMLSimpleApplication@1b706ab7
----------------- Done invoking toplevel() on ptolemy.moml.MoMLSimpleApplication@1b706ab7
reloadAllAccessors: .Clock15

===========================================================================================
----------------- testing Mon Jul 22 05:12:25 UTC 2019 /home/travis/build/icyphy/ptII/ptolemy/actor/lib/test/auto/Clock16.xml
----------------- Instantiating /home/travis/build/icyphy/ptII/ptolemy/actor/lib/test/auto/Clock16.xml
25 ms. Memory: 562176K Free: 441203K (78%)
----------------- Invoking toplevel() on ptolemy.moml.MoMLSimpleApplication@23657c97
----------------- Done invoking toplevel() on ptolemy.moml.MoMLSimpleApplication@23657c97
reloadAllAccessors: .Clock16

===========================================================================================
----------------- testing Mon Jul 22 05:12:25 UTC 2019 /home/travis/build/icyphy/ptII/ptolemy/actor/lib/test/auto/Clock17.xml
----------------- Instantiating /home/travis/build/icyphy/ptII/ptolemy/actor/lib/test/auto/Clock17.xml
16 ms. Memory: 562176K Free: 427387K (76%)
----------------- Invoking toplevel() on ptolemy.moml.MoMLSimpleApplication@6e2c6b8b
----------------- Done invoking toplevel() on ptolemy.moml.MoMLSimpleApplication@6e2c6b8b
reloadAllAccessors: .Clock17

===========================================================================================
----------------- testing Mon Jul 22 05:12:25 UTC 2019 /home/travis/build/icyphy/ptII/ptolemy/actor/lib/test/auto/Clock18.xml
----------------- Instantiating /home/travis/build/icyphy/ptII/ptolemy/actor/lib/test/auto/Clock18.xml
25 ms. Memory: 562176K Free: 414075K (74%)
----------------- Invoking toplevel() on ptolemy.moml.MoMLSimpleApplication@8a2cc08
----------------- Done invoking toplevel() on ptolemy.moml.MoMLSimpleApplication@8a2cc08
reloadAllAccessors: .Clock18

===========================================================================================
----------------- testing Mon Jul 22 05:12:25 UTC 2019 /home/travis/build/icyphy/ptII/ptolemy/actor/lib/test/auto/Clock19.xml
----------------- Instantiating /home/travis/build/icyphy/ptII/ptolemy/actor/lib/test/auto/Clock19.xml
16 ms. Memory: 562176K Free: 401259K (71%)
----------------- Invoking toplevel() on ptolemy.moml.MoMLSimpleApplication@1e8c9bdd
----------------- Done invoking toplevel() on ptolemy.moml.MoMLSimpleApplication@1e8c9bdd
reloadAllAccessors: .Clock19

===========================================================================================
----------------- testing Mon Jul 22 05:12:25 UTC 2019 /home/travis/build/icyphy/ptII/ptolemy/actor/lib/test/auto/Clock2.xml
----------------- Instantiating /home/travis/build/icyphy/ptII/ptolemy/actor/lib/test/auto/Clock2.xml
9 ms. Memory: 562176K Free: 396667K (71%)
----------------- Invoking toplevel() on ptolemy.moml.MoMLSimpleApplication@10c45709
----------------- Done invoking toplevel() on ptolemy.moml.MoMLSimpleApplication@10c45709
reloadAllAccessors: .Clock2

===========================================================================================
----------------- testing Mon Jul 22 05:12:25 UTC 2019 /home/travis/build/icyphy/ptII/ptolemy/actor/lib/test/auto/Clock20.xml
----------------- Instantiating /home/travis/build/icyphy/ptII/ptolemy/actor/lib/test/auto/Clock20.xml
10 ms. Memory: 562176K Free: 391547K (70%)
----------------- Invoking toplevel() on ptolemy.moml.MoMLSimpleApplication@45e674ce
----------------- Done invoking toplevel() on ptolemy.moml.MoMLSimpleApplication@45e674ce
reloadAllAccessors: .Clock20

===========================================================================================
----------------- testing Mon Jul 22 05:12:25 UTC 2019 /home/travis/build/icyphy/ptII/ptolemy/actor/lib/test/auto/Clock21.xml
----------------- Instantiating /home/travis/build/icyphy/ptII/ptolemy/actor/lib/test/auto/Clock21.xml
3 ms. Memory: 562176K Free: 385913K (69%)
----------------- Invoking toplevel() on ptolemy.moml.MoMLSimpleApplication@5ccd7722
----------------- Done invoking toplevel() on ptolemy.moml.MoMLSimpleApplication@5ccd7722
reloadAllAccessors: .Clock21

===========================================================================================
----------------- testing Mon Jul 22 05:12:25 UTC 2019 /home/travis/build/icyphy/ptII/ptolemy/actor/lib/test/auto/Clock22.xml
----------------- Instantiating /home/travis/build/icyphy/ptII/ptolemy/actor/lib/test/auto/Clock22.xml
3 ms. Memory: 562176K Free: 380793K (68%)
----------------- Invoking toplevel() on ptolemy.moml.MoMLSimpleApplication@7a11eb16
----------------- Done invoking toplevel() on ptolemy.moml.MoMLSimpleApplication@7a11eb16
reloadAllAccessors: .Clock22

===========================================================================================
----------------- testing Mon Jul 22 05:12:25 UTC 2019 /home/travis/build/icyphy/ptII/ptolemy/actor/lib/test/auto/Clock23.xml
----------------- Instantiating /home/travis/build/icyphy/ptII/ptolemy/actor/lib/test/auto/Clock23.xml
4 ms. Memory: 562176K Free: 375163K (67%)
----------------- Invoking toplevel() on ptolemy.moml.MoMLSimpleApplication@6ab24961
----------------- Done invoking toplevel() on ptolemy.moml.MoMLSimpleApplication@6ab24961
reloadAllAccessors: .Clock23

===========================================================================================
----------------- testing Mon Jul 22 05:12:25 UTC 2019 /home/travis/build/icyphy/ptII/ptolemy/actor/lib/test/auto/Clock24.xml
----------------- Instantiating /home/travis/build/icyphy/ptII/ptolemy/actor/lib/test/auto/Clock24.xml
3 ms. Memory: 562176K Free: 370043K (66%)
----------------- Invoking toplevel() on ptolemy.moml.MoMLSimpleApplication@6eb22eee
----------------- Done invoking toplevel() on ptolemy.moml.MoMLSimpleApplication@6eb22eee
reloadAllAccessors: .Clock24

===========================================================================================
----------------- testing Mon Jul 22 05:12:25 UTC 2019 /home/travis/build/icyphy/ptII/ptolemy/actor/lib/test/auto/Clock4.xml
----------------- Instantiating /home/travis/build/icyphy/ptII/ptolemy/actor/lib/test/auto/Clock4.xml
2 ms. Memory: 562176K Free: 364923K (65%)
----------------- Invoking toplevel() on ptolemy.moml.MoMLSimpleApplication@7d8c8157
----------------- Done invoking toplevel() on ptolemy.moml.MoMLSimpleApplication@7d8c8157
reloadAllAccessors: .Clock4

===========================================================================================
----------------- testing Mon Jul 22 05:12:25 UTC 2019 /home/travis/build/icyphy/ptII/ptolemy/actor/lib/test/auto/Clock5.xml
----------------- Instantiating /home/travis/build/icyphy/ptII/ptolemy/actor/lib/test/auto/Clock5.xml
2 ms. Memory: 562176K Free: 359803K (64%)
----------------- Invoking toplevel() on ptolemy.moml.MoMLSimpleApplication@314ac1e3
----------------- Done invoking toplevel() on ptolemy.moml.MoMLSimpleApplication@314ac1e3
reloadAllAccessors: .Clock5

===========================================================================================
----------------- testing Mon Jul 22 05:12:25 UTC 2019 /home/travis/build/icyphy/ptII/ptolemy/actor/lib/test/auto/Clock6.xml
----------------- Instantiating /home/travis/build/icyphy/ptII/ptolemy/actor/lib/test/auto/Clock6.xml
1 ms. Memory: 562176K Free: 355707K (63%)
----------------- Invoking toplevel() on ptolemy.moml.MoMLSimpleApplication@406ba109
----------------- Done invoking toplevel() on ptolemy.moml.MoMLSimpleApplication@406ba109
reloadAllAccessors: .Clock6

===========================================================================================
----------------- testing Mon Jul 22 05:12:25 UTC 2019 /home/travis/build/icyphy/ptII/ptolemy/actor/lib/test/auto/Clock7.xml
----------------- Instantiating /home/travis/build/icyphy/ptII/ptolemy/actor/lib/test/auto/Clock7.xml
3 ms. Memory: 562176K Free: 351097K (62%)
----------------- Invoking toplevel() on ptolemy.moml.MoMLSimpleApplication@10a34fca
----------------- Done invoking toplevel() on ptolemy.moml.MoMLSimpleApplication@10a34fca
reloadAllAccessors: .Clock7

===========================================================================================
----------------- testing Mon Jul 22 05:12:25 UTC 2019 /home/travis/build/icyphy/ptII/ptolemy/actor/lib/test/auto/Clock8.xml
----------------- Instantiating /home/travis/build/icyphy/ptII/ptolemy/actor/lib/test/auto/Clock8.xml
3 ms. Memory: 562176K Free: 345467K (61%)
----------------- Invoking toplevel() on ptolemy.moml.MoMLSimpleApplication@27783e
----------------- Done invoking toplevel() on ptolemy.moml.MoMLSimpleApplication@27783e
reloadAllAccessors: .Clock8

===========================================================================================
----------------- testing Mon Jul 22 05:12:25 UTC 2019 /home/travis/build/icyphy/ptII/ptolemy/actor/lib/test/auto/Clock9.xml
----------------- Instantiating /home/travis/build/icyphy/ptII/ptolemy/actor/lib/test/auto/Clock9.xml
7 ms. Memory: 562176K Free: 339827K (60%)
----------------- Invoking toplevel() on ptolemy.moml.MoMLSimpleApplication@58e782c6
----------------- Done invoking toplevel() on ptolemy.moml.MoMLSimpleApplication@58e782c6
reloadAllAccessors: .Clock9

===========================================================================================
----------------- testing Mon Jul 22 05:12:25 UTC 2019 /home/travis/build/icyphy/ptII/ptolemy/actor/lib/test/auto/CommDistDiscard.xml
----------------- Instantiating /home/travis/build/icyphy/ptII/ptolemy/actor/lib/test/auto/CommDistDiscard.xml
3 ms. Memory: 562176K Free: 334713K (60%)
----------------- Invoking toplevel() on ptolemy.moml.MoMLSimpleApplication@7635b4b1
----------------- Done invoking toplevel() on ptolemy.moml.MoMLSimpleApplication@7635b4b1
reloadAllAccessors: .CommDistDiscard

===========================================================================================
----------------- testing Mon Jul 22 05:12:25 UTC 2019 /home/travis/build/icyphy/ptII/ptolemy/actor/lib/test/auto/Commutator.xml
----------------- Instantiating /home/travis/build/icyphy/ptII/ptolemy/actor/lib/test/auto/Commutator.xml
2 ms. Memory: 562176K Free: 330107K (59%)
----------------- Invoking toplevel() on ptolemy.moml.MoMLSimpleApplication@2729ee00
----------------- Done invoking toplevel() on ptolemy.moml.MoMLSimpleApplication@2729ee00
reloadAllAccessors: .Commutator

===========================================================================================
----------------- testing Mon Jul 22 05:12:25 UTC 2019 /home/travis/build/icyphy/ptII/ptolemy/actor/lib/test/auto/Commutator2.xml
----------------- Instantiating /home/travis/build/icyphy/ptII/ptolemy/actor/lib/test/auto/Commutator2.xml
1 ms. Memory: 562176K Free: 326011K (58%)
----------------- Invoking toplevel() on ptolemy.moml.MoMLSimpleApplication@5c7ae1c4
----------------- Done invoking toplevel() on ptolemy.moml.MoMLSimpleApplication@5c7ae1c4
reloadAllAccessors: .Commutator2

===========================================================================================
----------------- testing Mon Jul 22 05:12:25 UTC 2019 /home/travis/build/icyphy/ptII/ptolemy/actor/lib/test/auto/Commutator3.xml
----------------- Instantiating /home/travis/build/icyphy/ptII/ptolemy/actor/lib/test/auto/Commutator3.xml
2 ms. Memory: 562176K Free: 321401K (57%)
----------------- Invoking toplevel() on ptolemy.moml.MoMLSimpleApplication@58093c6b
----------------- Done invoking toplevel() on ptolemy.moml.MoMLSimpleApplication@58093c6b
reloadAllAccessors: .Commutator3

===========================================================================================
----------------- testing Mon Jul 22 05:12:25 UTC 2019 /home/travis/build/icyphy/ptII/ptolemy/actor/lib/test/auto/Compare.xml
----------------- Instantiating /home/travis/build/icyphy/ptII/ptolemy/actor/lib/test/auto/Compare.xml
2 ms. Memory: 562176K Free: 315257K (56%)
----------------- Invoking toplevel() on ptolemy.moml.MoMLSimpleApplication@1601695a
----------------- Done invoking toplevel() on ptolemy.moml.MoMLSimpleApplication@1601695a
reloadAllAccessors: .Compare

===========================================================================================
----------------- testing Mon Jul 22 05:12:25 UTC 2019 /home/travis/build/icyphy/ptII/ptolemy/actor/lib/test/auto/CompareDE.xml
----------------- Instantiating /home/travis/build/icyphy/ptII/ptolemy/actor/lib/test/auto/CompareDE.xml
5 ms. Memory: 562176K Free: 308075K (55%)
----------------- Invoking toplevel() on ptolemy.moml.MoMLSimpleApplication@1a3aebbb
----------------- Done invoking toplevel() on ptolemy.moml.MoMLSimpleApplication@1a3aebbb
reloadAllAccessors: .CompareDE

===========================================================================================
----------------- testing Mon Jul 22 05:12:25 UTC 2019 /home/travis/build/icyphy/ptII/ptolemy/actor/lib/test/auto/ComplexDivide.xml
----------------- Instantiating /home/travis/build/icyphy/ptII/ptolemy/actor/lib/test/auto/ComplexDivide.xml
1 ms. Memory: 562176K Free: 304507K (54%)
----------------- Invoking toplevel() on ptolemy.moml.MoMLSimpleApplication@5c3b4c6a
----------------- Done invoking toplevel() on ptolemy.moml.MoMLSimpleApplication@5c3b4c6a
reloadAllAccessors: .ComplexDivide

===========================================================================================
----------------- testing Mon Jul 22 05:12:25 UTC 2019 /home/travis/build/icyphy/ptII/ptolemy/actor/lib/test/auto/ComputeHistogram.xml
----------------- Instantiating /home/travis/build/icyphy/ptII/ptolemy/actor/lib/test/auto/ComputeHistogram.xml
36 ms. Memory: 562176K Free: 291705K (52%)
----------------- Invoking toplevel() on ptolemy.moml.MoMLSimpleApplication@6637e64d
----------------- Done invoking toplevel() on ptolemy.moml.MoMLSimpleApplication@6637e64d
reloadAllAccessors: .ComputeHistogram

===========================================================================================
----------------- testing Mon Jul 22 05:12:25 UTC 2019 /home/travis/build/icyphy/ptII/ptolemy/actor/lib/test/auto/ConfigurationSelect.xml
----------------- Instantiating /home/travis/build/icyphy/ptII/ptolemy/actor/lib/test/auto/ConfigurationSelect.xml
8 ms. Memory: 562176K Free: 286075K (51%)
----------------- Invoking toplevel() on ptolemy.moml.MoMLSimpleApplication@f69e526
----------------- Done invoking toplevel() on ptolemy.moml.MoMLSimpleApplication@f69e526
reloadAllAccessors: .ConfigurationSelect

===========================================================================================
----------------- testing Mon Jul 22 05:12:25 UTC 2019 /home/travis/build/icyphy/ptII/ptolemy/actor/lib/test/auto/ConfigurationSelect2.xml
----------------- Instantiating /home/travis/build/icyphy/ptII/ptolemy/actor/lib/test/auto/ConfigurationSelect2.xml
2 ms. Memory: 562176K Free: 281979K (50%)
----------------- Invoking toplevel() on ptolemy.moml.MoMLSimpleApplication@290b03ff
----------------- Done invoking toplevel() on ptolemy.moml.MoMLSimpleApplication@290b03ff
reloadAllAccessors: .ConfigurationSelect2

===========================================================================================
----------------- testing Mon Jul 22 05:12:25 UTC 2019 /home/travis/build/icyphy/ptII/ptolemy/actor/lib/test/auto/ConfigurationSwitch.xml
----------------- Instantiating /home/travis/build/icyphy/ptII/ptolemy/actor/lib/test/auto/ConfigurationSwitch.xml
3 ms. Memory: 562176K Free: 276345K (49%)
----------------- Invoking toplevel() on ptolemy.moml.MoMLSimpleApplication@6d9bf521
----------------- Done invoking toplevel() on ptolemy.moml.MoMLSimpleApplication@6d9bf521
reloadAllAccessors: .ConfigurationSwitch

===========================================================================================
----------------- testing Mon Jul 22 05:12:25 UTC 2019 /home/travis/build/icyphy/ptII/ptolemy/actor/lib/test/auto/ConfigurationSwitch2.xml
----------------- Instantiating /home/travis/build/icyphy/ptII/ptolemy/actor/lib/test/auto/ConfigurationSwitch2.xml
2 ms. Memory: 562176K Free: 270715K (48%)
----------------- Invoking toplevel() on ptolemy.moml.MoMLSimpleApplication@2dad94b4
----------------- Done invoking toplevel() on ptolemy.moml.MoMLSimpleApplication@2dad94b4
reloadAllAccessors: .ConfigurationSwitch2

===========================================================================================
----------------- testing Mon Jul 22 05:12:25 UTC 2019 /home/travis/build/icyphy/ptII/ptolemy/actor/lib/test/auto/ConfigurationSwitchCloningBugWithClassRelationGroup.xml
----------------- Instantiating /home/travis/build/icyphy/ptII/ptolemy/actor/lib/test/auto/ConfigurationSwitchCloningBugWithClassRelationGroup.xml
2 ms. Memory: 562176K Free: 264571K (47%)
----------------- Invoking toplevel() on ptolemy.moml.MoMLSimpleApplication@11e62b9b
----------------- Done invoking toplevel() on ptolemy.moml.MoMLSimpleApplication@11e62b9b
reloadAllAccessors: .ConfigurationSwitchCloningBugWithClassRelationGroup

===========================================================================================
----------------- testing Mon Jul 22 05:12:25 UTC 2019 /home/travis/build/icyphy/ptII/ptolemy/actor/lib/test/auto/ConfigurationSwitchSelectSDF.xml
----------------- Instantiating /home/travis/build/icyphy/ptII/ptolemy/actor/lib/test/auto/ConfigurationSwitchSelectSDF.xml
4 ms. Memory: 562176K Free: 258937K (46%)
----------------- Invoking toplevel() on ptolemy.moml.MoMLSimpleApplication@19c41a8c
----------------- Done invoking toplevel() on ptolemy.moml.MoMLSimpleApplication@19c41a8c
reloadAllAccessors: .ConfigurationSwitchSelectSDF

===========================================================================================
----------------- testing Mon Jul 22 05:12:25 UTC 2019 /home/travis/build/icyphy/ptII/ptolemy/actor/lib/test/auto/ConfigurationSwitchSelectSDF2.xml
----------------- Instantiating /home/travis/build/icyphy/ptII/ptolemy/actor/lib/test/auto/ConfigurationSwitchSelectSDF2.xml
2 ms. Memory: 562176K Free: 252793K (45%)
----------------- Invoking toplevel() on ptolemy.moml.MoMLSimpleApplication@5350d264
----------------- Done invoking toplevel() on ptolemy.moml.MoMLSimpleApplication@5350d264
reloadAllAccessors: .ConfigurationSwitchSelectSDF2

===========================================================================================
----------------- testing Mon Jul 22 05:12:25 UTC 2019 /home/travis/build/icyphy/ptII/ptolemy/actor/lib/test/auto/Const.xml
----------------- Instantiating /home/travis/build/icyphy/ptII/ptolemy/actor/lib/test/auto/Const.xml
1 ms. Memory: 562176K Free: 249721K (44%)
----------------- Invoking toplevel() on ptolemy.moml.MoMLSimpleApplication@410b07b3
----------------- Done invoking toplevel() on ptolemy.moml.MoMLSimpleApplication@410b07b3
reloadAllAccessors: .Const

===========================================================================================
----------------- testing Mon Jul 22 05:12:25 UTC 2019 /home/travis/build/icyphy/ptII/ptolemy/actor/lib/test/auto/Const2.xml
----------------- Instantiating /home/travis/build/icyphy/ptII/ptolemy/actor/lib/test/auto/Const2.xml
1 ms. Memory: 562176K Free: 245625K (44%)
----------------- Invoking toplevel() on ptolemy.moml.MoMLSimpleApplication@4f926028
----------------- Done invoking toplevel() on ptolemy.moml.MoMLSimpleApplication@4f926028
reloadAllAccessors: .Const2

===========================================================================================
----------------- testing Mon Jul 22 05:12:25 UTC 2019 /home/travis/build/icyphy/ptII/ptolemy/actor/lib/test/auto/Const3.xml
----------------- Instantiating /home/travis/build/icyphy/ptII/ptolemy/actor/lib/test/auto/Const3.xml
1 ms. Memory: 562176K Free: 243067K (43%)
----------------- Invoking toplevel() on ptolemy.moml.MoMLSimpleApplication@5e890580
----------------- Done invoking toplevel() on ptolemy.moml.MoMLSimpleApplication@5e890580
reloadAllAccessors: .Const3

===========================================================================================
----------------- testing Mon Jul 22 05:12:26 UTC 2019 /home/travis/build/icyphy/ptII/ptolemy/actor/lib/test/auto/ConstantPublisherPort1.xml
----------------- Instantiating /home/travis/build/icyphy/ptII/ptolemy/actor/lib/test/auto/ConstantPublisherPort1.xml
7 ms. Memory: 562176K Free: 512459K (91%)
----------------- Invoking toplevel() on ptolemy.moml.MoMLSimpleApplication@7382d384
----------------- Done invoking toplevel() on ptolemy.moml.MoMLSimpleApplication@7382d384
reloadAllAccessors: .ConstantPublisherPort1

===========================================================================================
----------------- testing Mon Jul 22 05:12:26 UTC 2019 /home/travis/build/icyphy/ptII/ptolemy/actor/lib/test/auto/ConstantPublisherPort2.xml
----------------- Instantiating /home/travis/build/icyphy/ptII/ptolemy/actor/lib/test/auto/ConstantPublisherPort2.xml
10 ms. Memory: 562176K Free: 504785K (90%)
----------------- Invoking toplevel() on ptolemy.moml.MoMLSimpleApplication@2a9c93d5
----------------- Done invoking toplevel() on ptolemy.moml.MoMLSimpleApplication@2a9c93d5
reloadAllAccessors: .ConstantPublisherPort2

===========================================================================================
----------------- testing Mon Jul 22 05:12:26 UTC 2019 /home/travis/build/icyphy/ptII/ptolemy/actor/lib/test/auto/ConstantPublisherPort3.xml
----------------- Instantiating /home/travis/build/icyphy/ptII/ptolemy/actor/lib/test/auto/ConstantPublisherPort3.xml
5 ms. Memory: 562176K Free: 497105K (88%)
----------------- Invoking toplevel() on ptolemy.moml.MoMLSimpleApplication@743f7b1f
----------------- Done invoking toplevel() on ptolemy.moml.MoMLSimpleApplication@743f7b1f
reloadAllAccessors: .ConstantPublisherPort3

===========================================================================================
----------------- testing Mon Jul 22 05:12:26 UTC 2019 /home/travis/build/icyphy/ptII/ptolemy/actor/lib/test/auto/ConstantPublisherPort4.xml
----------------- Instantiating /home/travis/build/icyphy/ptII/ptolemy/actor/lib/test/auto/ConstantPublisherPort4.xml
2 ms. Memory: 562176K Free: 489937K (87%)
----------------- Invoking toplevel() on ptolemy.moml.MoMLSimpleApplication@19548871
----------------- Done invoking toplevel() on ptolemy.moml.MoMLSimpleApplication@19548871
reloadAllAccessors: .ConstantPublisherPort4

===========================================================================================
----------------- testing Mon Jul 22 05:12:26 UTC 2019 /home/travis/build/icyphy/ptII/ptolemy/actor/lib/test/auto/ConstantPublisherPort5.xml
----------------- Instantiating /home/travis/build/icyphy/ptII/ptolemy/actor/lib/test/auto/ConstantPublisherPort5.xml
27 ms. Memory: 562176K Free: 480211K (85%)
----------------- Invoking toplevel() on ptolemy.moml.MoMLSimpleApplication@5bde9726
----------------- Done invoking toplevel() on ptolemy.moml.MoMLSimpleApplication@5bde9726
reloadAllAccessors: .ConstantPublisherPort5

===========================================================================================
----------------- testing Mon Jul 22 05:12:26 UTC 2019 /home/travis/build/icyphy/ptII/ptolemy/actor/lib/test/auto/ConstantPublisherPort6.xml
----------------- Instantiating /home/travis/build/icyphy/ptII/ptolemy/actor/lib/test/auto/ConstantPublisherPort6.xml
18 ms. Memory: 562176K Free: 470481K (84%)
----------------- Invoking toplevel() on ptolemy.moml.MoMLSimpleApplication@5042d0d9
----------------- Done invoking toplevel() on ptolemy.moml.MoMLSimpleApplication@5042d0d9
reloadAllAccessors: .ConstantPublisherPort6

===========================================================================================
----------------- testing Mon Jul 22 05:12:26 UTC 2019 /home/travis/build/icyphy/ptII/ptolemy/actor/lib/test/auto/ConstantPublisherPort7.xml
----------------- Instantiating /home/travis/build/icyphy/ptII/ptolemy/actor/lib/test/auto/ConstantPublisherPort7.xml
18 ms. Memory: 562176K Free: 461265K (82%)
----------------- Invoking toplevel() on ptolemy.moml.MoMLSimpleApplication@292a3be3
----------------- Done invoking toplevel() on ptolemy.moml.MoMLSimpleApplication@292a3be3
reloadAllAccessors: .ConstantPublisherPort7

===========================================================================================
----------------- testing Mon Jul 22 05:12:26 UTC 2019 /home/travis/build/icyphy/ptII/ptolemy/actor/lib/test/auto/ConstraintMonitor1.xml
----------------- Instantiating /home/travis/build/icyphy/ptII/ptolemy/actor/lib/test/auto/ConstraintMonitor1.xml
3 ms. Memory: 562176K Free: 456145K (81%)
----------------- Invoking toplevel() on ptolemy.moml.MoMLSimpleApplication@4d51b276
----------------- Done invoking toplevel() on ptolemy.moml.MoMLSimpleApplication@4d51b276
reloadAllAccessors: .ConstraintMonitor1

===========================================================================================
----------------- testing Mon Jul 22 05:12:26 UTC 2019 /home/travis/build/icyphy/ptII/ptolemy/actor/lib/test/auto/ConstraintMonitor2.xml
----------------- Instantiating /home/travis/build/icyphy/ptII/ptolemy/actor/lib/test/auto/ConstraintMonitor2.xml
6 ms. Memory: 562176K Free: 451539K (80%)
----------------- Invoking toplevel() on ptolemy.moml.MoMLSimpleApplication@5de290e2
----------------- Done invoking toplevel() on ptolemy.moml.MoMLSimpleApplication@5de290e2
reloadAllAccessors: .ConstraintMonitor2

===========================================================================================
----------------- testing Mon Jul 22 05:12:26 UTC 2019 /home/travis/build/icyphy/ptII/ptolemy/actor/lib/test/auto/ConstraintMonitor3.xml
----------------- Instantiating /home/travis/build/icyphy/ptII/ptolemy/actor/lib/test/auto/ConstraintMonitor3.xml
1 ms. Memory: 562176K Free: 446929K (79%)
----------------- Invoking toplevel() on ptolemy.moml.MoMLSimpleApplication@208a2287
----------------- Done invoking toplevel() on ptolemy.moml.MoMLSimpleApplication@208a2287
reloadAllAccessors: .ConstraintMonitor3

===========================================================================================
----------------- testing Mon Jul 22 05:12:26 UTC 2019 /home/travis/build/icyphy/ptII/ptolemy/actor/lib/test/auto/ConstraintMonitor4.xml
----------------- Instantiating /home/travis/build/icyphy/ptII/ptolemy/actor/lib/test/auto/ConstraintMonitor4.xml
1 ms. Memory: 562176K Free: 441809K (79%)
----------------- Invoking toplevel() on ptolemy.moml.MoMLSimpleApplication@3943abb0
----------------- Done invoking toplevel() on ptolemy.moml.MoMLSimpleApplication@3943abb0
reloadAllAccessors: .ConstraintMonitor4

===========================================================================================
----------------- testing Mon Jul 22 05:12:26 UTC 2019 /home/travis/build/icyphy/ptII/ptolemy/actor/lib/test/auto/ConstraintMonitor5.xml
----------------- Instantiating /home/travis/build/icyphy/ptII/ptolemy/actor/lib/test/auto/ConstraintMonitor5.xml
4 ms. Memory: 562176K Free: 436689K (78%)
----------------- Invoking toplevel() on ptolemy.moml.MoMLSimpleApplication@4ed725bc
----------------- Done invoking toplevel() on ptolemy.moml.MoMLSimpleApplication@4ed725bc
reloadAllAccessors: .ConstraintMonitor5

===========================================================================================
----------------- testing Mon Jul 22 05:12:26 UTC 2019 /home/travis/build/icyphy/ptII/ptolemy/actor/lib/test/auto/ConstraintMonitor6.xml
----------------- Instantiating /home/travis/build/icyphy/ptII/ptolemy/actor/lib/test/auto/ConstraintMonitor6.xml
5 ms. Memory: 562176K Free: 430531K (77%)
----------------- Invoking toplevel() on ptolemy.moml.MoMLSimpleApplication@7e3eaf17
----------------- Done invoking toplevel() on ptolemy.moml.MoMLSimpleApplication@7e3eaf17
reloadAllAccessors: .ConstraintMonitor6

===========================================================================================
----------------- testing Mon Jul 22 05:12:26 UTC 2019 /home/travis/build/icyphy/ptII/ptolemy/actor/lib/test/auto/ConstraintMonitor7.xml
----------------- Instantiating /home/travis/build/icyphy/ptII/ptolemy/actor/lib/test/auto/ConstraintMonitor7.xml
2 ms. Memory: 562176K Free: 424387K (75%)
----------------- Invoking toplevel() on ptolemy.moml.MoMLSimpleApplication@7ee8cca7
----------------- Done invoking toplevel() on ptolemy.moml.MoMLSimpleApplication@7ee8cca7
reloadAllAccessors: .ConstraintMonitor7

===========================================================================================
----------------- testing Mon Jul 22 05:12:26 UTC 2019 /home/travis/build/icyphy/ptII/ptolemy/actor/lib/test/auto/ConstraintMonitor8.xml
----------------- Instantiating /home/travis/build/icyphy/ptII/ptolemy/actor/lib/test/auto/ConstraintMonitor8.xml
7 ms. Memory: 562176K Free: 417233K (74%)
----------------- Invoking toplevel() on ptolemy.moml.MoMLSimpleApplication@6ce0caf6
----------------- Done invoking toplevel() on ptolemy.moml.MoMLSimpleApplication@6ce0caf6
reloadAllAccessors: .ConstraintMonitor8

===========================================================================================
----------------- testing Mon Jul 22 05:12:26 UTC 2019 /home/travis/build/icyphy/ptII/ptolemy/actor/lib/test/auto/Counter.xml
----------------- Instantiating /home/travis/build/icyphy/ptII/ptolemy/actor/lib/test/auto/Counter.xml
2 ms. Memory: 562176K Free: 412113K (73%)
----------------- Invoking toplevel() on ptolemy.moml.MoMLSimpleApplication@4db3b424
----------------- Done invoking toplevel() on ptolemy.moml.MoMLSimpleApplication@4db3b424
reloadAllAccessors: .Counter

===========================================================================================
----------------- testing Mon Jul 22 05:12:26 UTC 2019 /home/travis/build/icyphy/ptII/ptolemy/actor/lib/test/auto/CurrentTimeSDF.xml
----------------- Instantiating /home/travis/build/icyphy/ptII/ptolemy/actor/lib/test/auto/CurrentTimeSDF.xml
1 ms. Memory: 562176K Free: 408531K (73%)
----------------- Invoking toplevel() on ptolemy.moml.MoMLSimpleApplication@62f13e0e
----------------- Done invoking toplevel() on ptolemy.moml.MoMLSimpleApplication@62f13e0e
reloadAllAccessors: .CurrentTimeSDF

===========================================================================================
----------------- testing Mon Jul 22 05:12:26 UTC 2019 /home/travis/build/icyphy/ptII/ptolemy/actor/lib/test/auto/DB.xml
----------------- Instantiating /home/travis/build/icyphy/ptII/ptolemy/actor/lib/test/auto/DB.xml
1 ms. Memory: 562176K Free: 402897K (72%)
----------------- Invoking toplevel() on ptolemy.moml.MoMLSimpleApplication@24265ec
----------------- Done invoking toplevel() on ptolemy.moml.MoMLSimpleApplication@24265ec
reloadAllAccessors: .DB

===========================================================================================
----------------- testing Mon Jul 22 05:12:26 UTC 2019 /home/travis/build/icyphy/ptII/ptolemy/actor/lib/test/auto/DBDE.xml
----------------- Instantiating /home/travis/build/icyphy/ptII/ptolemy/actor/lib/test/auto/DBDE.xml
2 ms. Memory: 562176K Free: 396723K (71%)
----------------- Invoking toplevel() on ptolemy.moml.MoMLSimpleApplication@3a330f6
----------------- Done invoking toplevel() on ptolemy.moml.MoMLSimpleApplication@3a330f6
reloadAllAccessors: .DBDE

===========================================================================================
----------------- testing Mon Jul 22 05:12:26 UTC 2019 /home/travis/build/icyphy/ptII/ptolemy/actor/lib/test/auto/DateConstructor.xml
----------------- Instantiating /home/travis/build/icyphy/ptII/ptolemy/actor/lib/test/auto/DateConstructor.xml
22 ms. Memory: 562176K Free: 379345K (67%)
----------------- Invoking toplevel() on ptolemy.moml.MoMLSimpleApplication@45114ad3
----------------- Done invoking toplevel() on ptolemy.moml.MoMLSimpleApplication@45114ad3
reloadAllAccessors: .DateConstructor

===========================================================================================
----------------- testing Mon Jul 22 05:12:26 UTC 2019 /home/travis/build/icyphy/ptII/ptolemy/actor/lib/test/auto/DelayTime.xml
----------------- Instantiating /home/travis/build/icyphy/ptII/ptolemy/actor/lib/test/auto/DelayTime.xml
6 ms. Memory: 562176K Free: 374225K (67%)
----------------- Invoking toplevel() on ptolemy.moml.MoMLSimpleApplication@6d2c5660
----------------- Done invoking toplevel() on ptolemy.moml.MoMLSimpleApplication@6d2c5660
reloadAllAccessors: .DelayTime

===========================================================================================
----------------- testing Mon Jul 22 05:12:26 UTC 2019 /home/travis/build/icyphy/ptII/ptolemy/actor/lib/test/auto/Dictionary1.xml
----------------- Instantiating /home/travis/build/icyphy/ptII/ptolemy/actor/lib/test/auto/Dictionary1.xml
1 ms. Memory: 562176K Free: 368595K (66%)
----------------- Invoking toplevel() on ptolemy.moml.MoMLSimpleApplication@75b35eb2
----------------- Done invoking toplevel() on ptolemy.moml.MoMLSimpleApplication@75b35eb2
reloadAllAccessors: .Dictionary1

===========================================================================================
----------------- testing Mon Jul 22 05:12:26 UTC 2019 /home/travis/build/icyphy/ptII/ptolemy/actor/lib/test/auto/Dictionary2.xml
----------------- Instantiating /home/travis/build/icyphy/ptII/ptolemy/actor/lib/test/auto/Dictionary2.xml
4 ms. Memory: 562176K Free: 362961K (65%)
----------------- Invoking toplevel() on ptolemy.moml.MoMLSimpleApplication@1f460235
----------------- Done invoking toplevel() on ptolemy.moml.MoMLSimpleApplication@1f460235
reloadAllAccessors: .Dictionary2

===========================================================================================
----------------- testing Mon Jul 22 05:12:26 UTC 2019 /home/travis/build/icyphy/ptII/ptolemy/actor/lib/test/auto/Dictionary3.xml
----------------- Instantiating /home/travis/build/icyphy/ptII/ptolemy/actor/lib/test/auto/Dictionary3.xml
2 ms. Memory: 562176K Free: 357841K (64%)
----------------- Invoking toplevel() on ptolemy.moml.MoMLSimpleApplication@faf472f
----------------- Done invoking toplevel() on ptolemy.moml.MoMLSimpleApplication@faf472f
reloadAllAccessors: .Dictionary3

===========================================================================================
----------------- testing Mon Jul 22 05:12:26 UTC 2019 /home/travis/build/icyphy/ptII/ptolemy/actor/lib/test/auto/Dictionary4.xml
----------------- Instantiating /home/travis/build/icyphy/ptII/ptolemy/actor/lib/test/auto/Dictionary4.xml
5 ms. Memory: 562176K Free: 350673K (62%)
----------------- Invoking toplevel() on ptolemy.moml.MoMLSimpleApplication@55b2a37e
----------------- Done invoking toplevel() on ptolemy.moml.MoMLSimpleApplication@55b2a37e
reloadAllAccessors: .Dictionary4

===========================================================================================
----------------- testing Mon Jul 22 05:12:26 UTC 2019 /home/travis/build/icyphy/ptII/ptolemy/actor/lib/test/auto/Differential.xml
----------------- Instantiating /home/travis/build/icyphy/ptII/ptolemy/actor/lib/test/auto/Differential.xml
3 ms. Memory: 562176K Free: 346067K (62%)
----------------- Invoking toplevel() on ptolemy.moml.MoMLSimpleApplication@21e09edf
----------------- Done invoking toplevel() on ptolemy.moml.MoMLSimpleApplication@21e09edf
reloadAllAccessors: .Differential

===========================================================================================
----------------- testing Mon Jul 22 05:12:26 UTC 2019 /home/travis/build/icyphy/ptII/ptolemy/actor/lib/test/auto/Director.xml
----------------- Instantiating /home/travis/build/icyphy/ptII/ptolemy/actor/lib/test/auto/Director.xml
1 ms. Memory: 562176K Free: 342995K (61%)
----------------- Invoking toplevel() on ptolemy.moml.MoMLSimpleApplication@1b4ea1a5
----------------- Done invoking toplevel() on ptolemy.moml.MoMLSimpleApplication@1b4ea1a5
reloadAllAccessors: .Director

===========================================================================================
----------------- testing Mon Jul 22 05:12:26 UTC 2019 /home/travis/build/icyphy/ptII/ptolemy/actor/lib/test/auto/DiscreteClock.xml
----------------- Instantiating /home/travis/build/icyphy/ptII/ptolemy/actor/lib/test/auto/DiscreteClock.xml
2 ms. Memory: 562176K Free: 338899K (60%)
----------------- Invoking toplevel() on ptolemy.moml.MoMLSimpleApplication@6368d1b2
----------------- Done invoking toplevel() on ptolemy.moml.MoMLSimpleApplication@6368d1b2
reloadAllAccessors: .DiscreteClock

===========================================================================================
----------------- testing Mon Jul 22 05:12:26 UTC 2019 /home/travis/build/icyphy/ptII/ptolemy/actor/lib/test/auto/DiscreteClock10.xml
----------------- Instantiating /home/travis/build/icyphy/ptII/ptolemy/actor/lib/test/auto/DiscreteClock10.xml
1 ms. Memory: 562176K Free: 332755K (59%)
----------------- Invoking toplevel() on ptolemy.moml.MoMLSimpleApplication@359198ba
----------------- Done invoking toplevel() on ptolemy.moml.MoMLSimpleApplication@359198ba
reloadAllAccessors: .DiscreteClock10

===========================================================================================
----------------- testing Mon Jul 22 05:12:26 UTC 2019 /home/travis/build/icyphy/ptII/ptolemy/actor/lib/test/auto/DiscreteClock11.xml
----------------- Instantiating /home/travis/build/icyphy/ptII/ptolemy/actor/lib/test/auto/DiscreteClock11.xml
1 ms. Memory: 562176K Free: 326611K (58%)
----------------- Invoking toplevel() on ptolemy.moml.MoMLSimpleApplication@1885309
----------------- Done invoking toplevel() on ptolemy.moml.MoMLSimpleApplication@1885309
reloadAllAccessors: .DiscreteClock11

===========================================================================================
----------------- testing Mon Jul 22 05:12:26 UTC 2019 /home/travis/build/icyphy/ptII/ptolemy/actor/lib/test/auto/DiscreteClock12.xml
----------------- Instantiating /home/travis/build/icyphy/ptII/ptolemy/actor/lib/test/auto/DiscreteClock12.xml
2 ms. Memory: 562176K Free: 320977K (57%)
----------------- Invoking toplevel() on ptolemy.moml.MoMLSimpleApplication@de03a9
----------------- Done invoking toplevel() on ptolemy.moml.MoMLSimpleApplication@de03a9
reloadAllAccessors: .DiscreteClock12

===========================================================================================
----------------- testing Mon Jul 22 05:12:26 UTC 2019 /home/travis/build/icyphy/ptII/ptolemy/actor/lib/test/auto/DiscreteClock13.xml
----------------- Instantiating /home/travis/build/icyphy/ptII/ptolemy/actor/lib/test/auto/DiscreteClock13.xml
5 ms. Memory: 562176K Free: 314803K (56%)
----------------- Invoking toplevel() on ptolemy.moml.MoMLSimpleApplication@5f4547c4
----------------- Done invoking toplevel() on ptolemy.moml.MoMLSimpleApplication@5f4547c4
reloadAllAccessors: .DiscreteClock13

===========================================================================================
----------------- testing Mon Jul 22 05:12:26 UTC 2019 /home/travis/build/icyphy/ptII/ptolemy/actor/lib/test/auto/DiscreteClock14.xml
----------------- Instantiating /home/travis/build/icyphy/ptII/ptolemy/actor/lib/test/auto/DiscreteClock14.xml
6 ms. Memory: 562176K Free: 308683K (55%)
----------------- Invoking toplevel() on ptolemy.moml.MoMLSimpleApplication@494c1a8a
----------------- Done invoking toplevel() on ptolemy.moml.MoMLSimpleApplication@494c1a8a
reloadAllAccessors: .DiscreteClock14

===========================================================================================
----------------- testing Mon Jul 22 05:12:26 UTC 2019 /home/travis/build/icyphy/ptII/ptolemy/actor/lib/test/auto/DiscreteClock15.xml
----------------- Instantiating /home/travis/build/icyphy/ptII/ptolemy/actor/lib/test/auto/DiscreteClock15.xml
5 ms. Memory: 562176K Free: 302539K (54%)
----------------- Invoking toplevel() on ptolemy.moml.MoMLSimpleApplication@5ce59830
----------------- Done invoking toplevel() on ptolemy.moml.MoMLSimpleApplication@5ce59830
reloadAllAccessors: .DiscreteClock15

===========================================================================================
----------------- testing Mon Jul 22 05:12:26 UTC 2019 /home/travis/build/icyphy/ptII/ptolemy/actor/lib/test/auto/DiscreteClock16.xml
----------------- Instantiating /home/travis/build/icyphy/ptII/ptolemy/actor/lib/test/auto/DiscreteClock16.xml
10 ms. Memory: 562176K Free: 289219K (51%)
----------------- Invoking toplevel() on ptolemy.moml.MoMLSimpleApplication@6ec1421
----------------- Done invoking toplevel() on ptolemy.moml.MoMLSimpleApplication@6ec1421
reloadAllAccessors: .DiscreteClock16

===========================================================================================
----------------- testing Mon Jul 22 05:12:26 UTC 2019 /home/travis/build/icyphy/ptII/ptolemy/actor/lib/test/auto/DiscreteClock17.xml
----------------- Instantiating /home/travis/build/icyphy/ptII/ptolemy/actor/lib/test/auto/DiscreteClock17.xml
13 ms. Memory: 562176K Free: 274387K (49%)
----------------- Invoking toplevel() on ptolemy.moml.MoMLSimpleApplication@32c0cc1c
----------------- Done invoking toplevel() on ptolemy.moml.MoMLSimpleApplication@32c0cc1c
reloadAllAccessors: .DiscreteClock17

===========================================================================================
----------------- testing Mon Jul 22 05:12:26 UTC 2019 /home/travis/build/icyphy/ptII/ptolemy/actor/lib/test/auto/DiscreteClock18.xml
----------------- Instantiating /home/travis/build/icyphy/ptII/ptolemy/actor/lib/test/auto/DiscreteClock18.xml
13 ms. Memory: 562176K Free: 260561K (46%)
----------------- Invoking toplevel() on ptolemy.moml.MoMLSimpleApplication@5708eda1
----------------- Done invoking toplevel() on ptolemy.moml.MoMLSimpleApplication@5708eda1
reloadAllAccessors: .DiscreteClock18

===========================================================================================
----------------- testing Mon Jul 22 05:12:26 UTC 2019 /home/travis/build/icyphy/ptII/ptolemy/actor/lib/test/auto/DiscreteClock19.xml
----------------- Instantiating /home/travis/build/icyphy/ptII/ptolemy/actor/lib/test/auto/DiscreteClock19.xml
12 ms. Memory: 562176K Free: 246739K (44%)
----------------- Invoking toplevel() on ptolemy.moml.MoMLSimpleApplication@748934c3
----------------- Done invoking toplevel() on ptolemy.moml.MoMLSimpleApplication@748934c3
reloadAllAccessors: .DiscreteClock19

===========================================================================================
----------------- testing Mon Jul 22 05:12:26 UTC 2019 /home/travis/build/icyphy/ptII/ptolemy/actor/lib/test/auto/DiscreteClock2.xml
----------------- Instantiating /home/travis/build/icyphy/ptII/ptolemy/actor/lib/test/auto/DiscreteClock2.xml
5 ms. Memory: 562176K Free: 242099K (43%)
----------------- Invoking toplevel() on ptolemy.moml.MoMLSimpleApplication@69e5dc5c
----------------- Done invoking toplevel() on ptolemy.moml.MoMLSimpleApplication@69e5dc5c
reloadAllAccessors: .DiscreteClock2

===========================================================================================
----------------- testing Mon Jul 22 05:12:26 UTC 2019 /home/travis/build/icyphy/ptII/ptolemy/actor/lib/test/auto/DiscreteClock20.xml
----------------- Instantiating /home/travis/build/icyphy/ptII/ptolemy/actor/lib/test/auto/DiscreteClock20.xml
8 ms. Memory: 562176K Free: 236499K (42%)
----------------- Invoking toplevel() on ptolemy.moml.MoMLSimpleApplication@7820915e
----------------- Done invoking toplevel() on ptolemy.moml.MoMLSimpleApplication@7820915e
reloadAllAccessors: .DiscreteClock20

===========================================================================================
----------------- testing Mon Jul 22 05:12:26 UTC 2019 /home/travis/build/icyphy/ptII/ptolemy/actor/lib/test/auto/DiscreteClock21.xml
----------------- Instantiating /home/travis/build/icyphy/ptII/ptolemy/actor/lib/test/auto/DiscreteClock21.xml
2 ms. Memory: 562176K Free: 230865K (41%)
----------------- Invoking toplevel() on ptolemy.moml.MoMLSimpleApplication@38fc6b5b
----------------- Done invoking toplevel() on ptolemy.moml.MoMLSimpleApplication@38fc6b5b
reloadAllAccessors: .DiscreteClock21

===========================================================================================
----------------- testing Mon Jul 22 05:12:27 UTC 2019 /home/travis/build/icyphy/ptII/ptolemy/actor/lib/test/auto/DiscreteClock22.xml
----------------- Instantiating /home/travis/build/icyphy/ptII/ptolemy/actor/lib/test/auto/DiscreteClock22.xml
3 ms. Memory: 562176K Free: 225235K (40%)
----------------- Invoking toplevel() on ptolemy.moml.MoMLSimpleApplication@445469f7
----------------- Done invoking toplevel() on ptolemy.moml.MoMLSimpleApplication@445469f7
reloadAllAccessors: .DiscreteClock22

===========================================================================================
----------------- testing Mon Jul 22 05:12:27 UTC 2019 /home/travis/build/icyphy/ptII/ptolemy/actor/lib/test/auto/DiscreteClock23.xml
----------------- Instantiating /home/travis/build/icyphy/ptII/ptolemy/actor/lib/test/auto/DiscreteClock23.xml
7 ms. Memory: 562176K Free: 220115K (39%)
----------------- Invoking toplevel() on ptolemy.moml.MoMLSimpleApplication@49cd9642
----------------- Done invoking toplevel() on ptolemy.moml.MoMLSimpleApplication@49cd9642
reloadAllAccessors: .DiscreteClock23

===========================================================================================
----------------- testing Mon Jul 22 05:12:27 UTC 2019 /home/travis/build/icyphy/ptII/ptolemy/actor/lib/test/auto/DiscreteClock24.xml
----------------- Instantiating /home/travis/build/icyphy/ptII/ptolemy/actor/lib/test/auto/DiscreteClock24.xml
2 ms. Memory: 562176K Free: 214481K (38%)
----------------- Invoking toplevel() on ptolemy.moml.MoMLSimpleApplication@654b7fb8
----------------- Done invoking toplevel() on ptolemy.moml.MoMLSimpleApplication@654b7fb8
reloadAllAccessors: .DiscreteClock24

===========================================================================================
----------------- testing Mon Jul 22 05:12:27 UTC 2019 /home/travis/build/icyphy/ptII/ptolemy/actor/lib/test/auto/DiscreteClock4.xml
----------------- Instantiating /home/travis/build/icyphy/ptII/ptolemy/actor/lib/test/auto/DiscreteClock4.xml
4 ms. Memory: 562176K Free: 208851K (37%)
----------------- Invoking toplevel() on ptolemy.moml.MoMLSimpleApplication@2ebfd688
----------------- Done invoking toplevel() on ptolemy.moml.MoMLSimpleApplication@2ebfd688
reloadAllAccessors: .DiscreteClock4

===========================================================================================
----------------- testing Mon Jul 22 05:12:27 UTC 2019 /home/travis/build/icyphy/ptII/ptolemy/actor/lib/test/auto/DiscreteClock5.xml
----------------- Instantiating /home/travis/build/icyphy/ptII/ptolemy/actor/lib/test/auto/DiscreteClock5.xml
1 ms. Memory: 562176K Free: 203203K (36%)
----------------- Invoking toplevel() on ptolemy.moml.MoMLSimpleApplication@522a65b3
----------------- Done invoking toplevel() on ptolemy.moml.MoMLSimpleApplication@522a65b3
reloadAllAccessors: .DiscreteClock5

===========================================================================================
----------------- testing Mon Jul 22 05:12:27 UTC 2019 /home/travis/build/icyphy/ptII/ptolemy/actor/lib/test/auto/DiscreteClock6.xml
----------------- Instantiating /home/travis/build/icyphy/ptII/ptolemy/actor/lib/test/auto/DiscreteClock6.xml
1 ms. Memory: 562176K Free: 199107K (35%)
----------------- Invoking toplevel() on ptolemy.moml.MoMLSimpleApplication@2f7a4abd
----------------- Done invoking toplevel() on ptolemy.moml.MoMLSimpleApplication@2f7a4abd
reloadAllAccessors: .DiscreteClock6

===========================================================================================
----------------- testing Mon Jul 22 05:12:27 UTC 2019 /home/travis/build/icyphy/ptII/ptolemy/actor/lib/test/auto/DiscreteClock7.xml
----------------- Instantiating /home/travis/build/icyphy/ptII/ptolemy/actor/lib/test/auto/DiscreteClock7.xml
2 ms. Memory: 562176K Free: 195025K (35%)
----------------- Invoking toplevel() on ptolemy.moml.MoMLSimpleApplication@7552345c
----------------- Done invoking toplevel() on ptolemy.moml.MoMLSimpleApplication@7552345c
reloadAllAccessors: .DiscreteClock7

===========================================================================================
----------------- testing Mon Jul 22 05:12:27 UTC 2019 /home/travis/build/icyphy/ptII/ptolemy/actor/lib/test/auto/DiscreteClock8.xml
----------------- Instantiating /home/travis/build/icyphy/ptII/ptolemy/actor/lib/test/auto/DiscreteClock8.xml
3 ms. Memory: 562176K Free: 189395K (34%)
----------------- Invoking toplevel() on ptolemy.moml.MoMLSimpleApplication@86923da
----------------- Done invoking toplevel() on ptolemy.moml.MoMLSimpleApplication@86923da
reloadAllAccessors: .DiscreteClock8

===========================================================================================
----------------- testing Mon Jul 22 05:12:27 UTC 2019 /home/travis/build/icyphy/ptII/ptolemy/actor/lib/test/auto/DiscreteClock9.xml
----------------- Instantiating /home/travis/build/icyphy/ptII/ptolemy/actor/lib/test/auto/DiscreteClock9.xml
2 ms. Memory: 562176K Free: 183251K (33%)
----------------- Invoking toplevel() on ptolemy.moml.MoMLSimpleApplication@d94a60b
----------------- Done invoking toplevel() on ptolemy.moml.MoMLSimpleApplication@d94a60b
reloadAllAccessors: .DiscreteClock9

===========================================================================================
----------------- testing Mon Jul 22 05:12:27 UTC 2019 /home/travis/build/icyphy/ptII/ptolemy/actor/lib/test/auto/DisplayArray.xml
----------------- Instantiating /home/travis/build/icyphy/ptII/ptolemy/actor/lib/test/auto/DisplayArray.xml
12 ms. Memory: 562176K Free: 514455K (92%)
----------------- Invoking toplevel() on ptolemy.moml.MoMLSimpleApplication@4d5ec68e
----------------- Done invoking toplevel() on ptolemy.moml.MoMLSimpleApplication@4d5ec68e
reloadAllAccessors: .DisplayArray

===========================================================================================
----------------- testing Mon Jul 22 05:12:27 UTC 2019 /home/travis/build/icyphy/ptII/ptolemy/actor/lib/test/auto/Distributor.xml
----------------- Instantiating /home/travis/build/icyphy/ptII/ptolemy/actor/lib/test/auto/Distributor.xml
1 ms. Memory: 562176K Free: 508825K (91%)
----------------- Invoking toplevel() on ptolemy.moml.MoMLSimpleApplication@40b20bf9
----------------- Done invoking toplevel() on ptolemy.moml.MoMLSimpleApplication@40b20bf9
reloadAllAccessors: .Distributor

===========================================================================================
----------------- testing Mon Jul 22 05:12:27 UTC 2019 /home/travis/build/icyphy/ptII/ptolemy/actor/lib/test/auto/Distributor2.xml
----------------- Instantiating /home/travis/build/icyphy/ptII/ptolemy/actor/lib/test/auto/Distributor2.xml
1 ms. Memory: 562176K Free: 503705K (90%)
----------------- Invoking toplevel() on ptolemy.moml.MoMLSimpleApplication@59b38cd5
----------------- Done invoking toplevel() on ptolemy.moml.MoMLSimpleApplication@59b38cd5
reloadAllAccessors: .Distributor2

===========================================================================================
----------------- testing Mon Jul 22 05:12:27 UTC 2019 /home/travis/build/icyphy/ptII/ptolemy/actor/lib/test/auto/DownSample.xml
----------------- Instantiating /home/travis/build/icyphy/ptII/ptolemy/actor/lib/test/auto/DownSample.xml
1 ms. Memory: 562176K Free: 499609K (89%)
----------------- Invoking toplevel() on ptolemy.moml.MoMLSimpleApplication@43b4b623
----------------- Done invoking toplevel() on ptolemy.moml.MoMLSimpleApplication@43b4b623
reloadAllAccessors: .DownSample

===========================================================================================
----------------- testing Mon Jul 22 05:12:27 UTC 2019 /home/travis/build/icyphy/ptII/ptolemy/actor/lib/test/auto/ElectronicUnitBase1.xml
----------------- Instantiating /home/travis/build/icyphy/ptII/ptolemy/actor/lib/test/auto/ElectronicUnitBase1.xml
14 ms. Memory: 562176K Free: 483735K (86%)
----------------- Invoking toplevel() on ptolemy.moml.MoMLSimpleApplication@493fdf04
----------------- Done invoking toplevel() on ptolemy.moml.MoMLSimpleApplication@493fdf04
reloadAllAccessors: .ElectronicUnitBase1

===========================================================================================
----------------- testing Mon Jul 22 05:12:27 UTC 2019 /home/travis/build/icyphy/ptII/ptolemy/actor/lib/test/auto/ElementsToArray.xml
----------------- Instantiating /home/travis/build/icyphy/ptII/ptolemy/actor/lib/test/auto/ElementsToArray.xml
2 ms. Memory: 562176K Free: 478615K (85%)
----------------- Invoking toplevel() on ptolemy.moml.MoMLSimpleApplication@4b83acf1
----------------- Done invoking toplevel() on ptolemy.moml.MoMLSimpleApplication@4b83acf1
reloadAllAccessors: .ElementsToArray

===========================================================================================
----------------- testing Mon Jul 22 05:12:27 UTC 2019 /home/travis/build/icyphy/ptII/ptolemy/actor/lib/test/auto/Equals.xml
----------------- Instantiating /home/travis/build/icyphy/ptII/ptolemy/actor/lib/test/auto/Equals.xml
1 ms. Memory: 562176K Free: 474009K (84%)
----------------- Invoking toplevel() on ptolemy.moml.MoMLSimpleApplication@23206ad1
----------------- Done invoking toplevel() on ptolemy.moml.MoMLSimpleApplication@23206ad1
reloadAllAccessors: .Equals

===========================================================================================
----------------- testing Mon Jul 22 05:12:27 UTC 2019 /home/travis/build/icyphy/ptII/ptolemy/actor/lib/test/auto/Exec.xml
----------------- Instantiating /home/travis/build/icyphy/ptII/ptolemy/actor/lib/test/auto/Exec.xml
23 ms. Memory: 562176K Free: 468375K (83%)
----------------- Invoking toplevel() on ptolemy.moml.MoMLSimpleApplication@7b565585
----------------- Done invoking toplevel() on ptolemy.moml.MoMLSimpleApplication@7b565585
reloadAllAccessors: .Exec

===========================================================================================
----------------- testing Mon Jul 22 05:12:27 UTC 2019 /home/travis/build/icyphy/ptII/ptolemy/actor/lib/test/auto/ExecEnvironment.xml
----------------- Instantiating /home/travis/build/icyphy/ptII/ptolemy/actor/lib/test/auto/ExecEnvironment.xml
36 ms. Memory: 562176K Free: 463769K (82%)
----------------- Invoking toplevel() on ptolemy.moml.MoMLSimpleApplication@691e71be
----------------- Done invoking toplevel() on ptolemy.moml.MoMLSimpleApplication@691e71be
reloadAllAccessors: .ExecEnvironment

===========================================================================================
----------------- testing Mon Jul 22 05:12:27 UTC 2019 /home/travis/build/icyphy/ptII/ptolemy/actor/lib/test/auto/ExecNonZeroReturnOutput.xml
----------------- Instantiating /home/travis/build/icyphy/ptII/ptolemy/actor/lib/test/auto/ExecNonZeroReturnOutput.xml
182 ms. Memory: 562176K Free: 451991K (80%)
----------------- Invoking toplevel() on ptolemy.moml.MoMLSimpleApplication@b7f16ea
----------------- Done invoking toplevel() on ptolemy.moml.MoMLSimpleApplication@b7f16ea
reloadAllAccessors: .ExecNonZeroReturnOutput

===========================================================================================
----------------- testing Mon Jul 22 05:12:27 UTC 2019 /home/travis/build/icyphy/ptII/ptolemy/actor/lib/test/auto/ExecRunDemos.xml
----------------- Instantiating /home/travis/build/icyphy/ptII/ptolemy/actor/lib/test/auto/ExecRunDemos.xml
Finished: 104 ms. Memory: 120832K Free: 111760K (92%)

Finished: 94 ms. Memory: 120832K Free: 110603K (92%)

Finished: 109 ms. Memory: 120832K Free: 110775K (92%)

Finished: 80 ms. Memory: 120832K Free: 103399K (86%)

Finished: 66 ms. Memory: 120832K Free: 104239K (86%)

10448 ms. Memory: 562176K Free: 430487K (77%)
----------------- Invoking toplevel() on ptolemy.moml.MoMLSimpleApplication@355fcfdf
----------------- Done invoking toplevel() on ptolemy.moml.MoMLSimpleApplication@355fcfdf
reloadAllAccessors: .ExecRunDemos

===========================================================================================
----------------- testing Mon Jul 22 05:12:38 UTC 2019 /home/travis/build/icyphy/ptII/ptolemy/actor/lib/test/auto/ExecStop.xml
----------------- Instantiating /home/travis/build/icyphy/ptII/ptolemy/actor/lib/test/auto/ExecStop.xml
5020 ms. Memory: 562176K Free: 347033K (62%)
----------------- Invoking toplevel() on ptolemy.moml.MoMLSimpleApplication@67b23664
----------------- Done invoking toplevel() on ptolemy.moml.MoMLSimpleApplication@67b23664
reloadAllAccessors: .ExecStop

===========================================================================================
----------------- testing Mon Jul 22 05:12:43 UTC 2019 /home/travis/build/icyphy/ptII/ptolemy/actor/lib/test/auto/ExecutionTimeSDF.xml
----------------- Instantiating /home/travis/build/icyphy/ptII/ptolemy/actor/lib/test/auto/ExecutionTimeSDF.xml
Fired ExecutionTime: 1447200000
Fired ExecutionTime: 1041600000
Fired ExecutionTime: 1086400000
6008 ms. Memory: 562176K Free: 335241K (60%)
----------------- Invoking toplevel() on ptolemy.moml.MoMLSimpleApplication@d1ece20
----------------- Done invoking toplevel() on ptolemy.moml.MoMLSimpleApplication@d1ece20
reloadAllAccessors: .ExecutionTimeSDF

===========================================================================================
----------------- testing Mon Jul 22 05:12:49 UTC 2019 /home/travis/build/icyphy/ptII/ptolemy/actor/lib/test/auto/Expression1.xml
----------------- Instantiating /home/travis/build/icyphy/ptII/ptolemy/actor/lib/test/auto/Expression1.xml
2 ms. Memory: 562176K Free: 331673K (59%)
----------------- Invoking toplevel() on ptolemy.moml.MoMLSimpleApplication@44ef94c6
----------------- Done invoking toplevel() on ptolemy.moml.MoMLSimpleApplication@44ef94c6
reloadAllAccessors: .Expression1

===========================================================================================
----------------- testing Mon Jul 22 05:12:49 UTC 2019 /home/travis/build/icyphy/ptII/ptolemy/actor/lib/test/auto/Expression10.xml
----------------- Instantiating /home/travis/build/icyphy/ptII/ptolemy/actor/lib/test/auto/Expression10.xml
5 ms. Memory: 562176K Free: 326553K (58%)
----------------- Invoking toplevel() on ptolemy.moml.MoMLSimpleApplication@740659c5
----------------- Done invoking toplevel() on ptolemy.moml.MoMLSimpleApplication@740659c5
reloadAllAccessors: .Expression10

===========================================================================================
----------------- testing Mon Jul 22 05:12:49 UTC 2019 /home/travis/build/icyphy/ptII/ptolemy/actor/lib/test/auto/Expression11.xml
----------------- Instantiating /home/travis/build/icyphy/ptII/ptolemy/actor/lib/test/auto/Expression11.xml
2 ms. Memory: 562176K Free: 321943K (57%)
----------------- Invoking toplevel() on ptolemy.moml.MoMLSimpleApplication@7637f2e
----------------- Done invoking toplevel() on ptolemy.moml.MoMLSimpleApplication@7637f2e
reloadAllAccessors: .Expression11

===========================================================================================
----------------- testing Mon Jul 22 05:12:49 UTC 2019 /home/travis/build/icyphy/ptII/ptolemy/actor/lib/test/auto/Expression12.xml
----------------- Instantiating /home/travis/build/icyphy/ptII/ptolemy/actor/lib/test/auto/Expression12.xml
2 ms. Memory: 562176K Free: 316823K (56%)
----------------- Invoking toplevel() on ptolemy.moml.MoMLSimpleApplication@5979f550
----------------- Done invoking toplevel() on ptolemy.moml.MoMLSimpleApplication@5979f550
reloadAllAccessors: .Expression12

===========================================================================================
----------------- testing Mon Jul 22 05:12:49 UTC 2019 /home/travis/build/icyphy/ptII/ptolemy/actor/lib/test/auto/Expression13.xml
----------------- Instantiating /home/travis/build/icyphy/ptII/ptolemy/actor/lib/test/auto/Expression13.xml
4 ms. Memory: 562176K Free: 311703K (55%)
----------------- Invoking toplevel() on ptolemy.moml.MoMLSimpleApplication@418db8fb
----------------- Done invoking toplevel() on ptolemy.moml.MoMLSimpleApplication@418db8fb
reloadAllAccessors: .Expression13

===========================================================================================
----------------- testing Mon Jul 22 05:12:49 UTC 2019 /home/travis/build/icyphy/ptII/ptolemy/actor/lib/test/auto/Expression14.xml
----------------- Instantiating /home/travis/build/icyphy/ptII/ptolemy/actor/lib/test/auto/Expression14.xml
7 ms. Memory: 562176K Free: 305559K (54%)
----------------- Invoking toplevel() on ptolemy.moml.MoMLSimpleApplication@e2f0b85
----------------- Done invoking toplevel() on ptolemy.moml.MoMLSimpleApplication@e2f0b85
reloadAllAccessors: .Expression14

===========================================================================================
----------------- testing Mon Jul 22 05:12:49 UTC 2019 /home/travis/build/icyphy/ptII/ptolemy/actor/lib/test/auto/Expression15.xml
----------------- Instantiating /home/travis/build/icyphy/ptII/ptolemy/actor/lib/test/auto/Expression15.xml
2 ms. Memory: 562176K Free: 301977K (54%)
----------------- Invoking toplevel() on ptolemy.moml.MoMLSimpleApplication@5088c96c
----------------- Done invoking toplevel() on ptolemy.moml.MoMLSimpleApplication@5088c96c
reloadAllAccessors: .Expression15

===========================================================================================
----------------- testing Mon Jul 22 05:12:49 UTC 2019 /home/travis/build/icyphy/ptII/ptolemy/actor/lib/test/auto/Expression16.xml
----------------- Instantiating /home/travis/build/icyphy/ptII/ptolemy/actor/lib/test/auto/Expression16.xml
3 ms. Memory: 562176K Free: 296857K (53%)
----------------- Invoking toplevel() on ptolemy.moml.MoMLSimpleApplication@6338814f
----------------- Done invoking toplevel() on ptolemy.moml.MoMLSimpleApplication@6338814f
reloadAllAccessors: .Expression16

===========================================================================================
----------------- testing Mon Jul 22 05:12:49 UTC 2019 /home/travis/build/icyphy/ptII/ptolemy/actor/lib/test/auto/Expression17.xml
----------------- Instantiating /home/travis/build/icyphy/ptII/ptolemy/actor/lib/test/auto/Expression17.xml
2 ms. Memory: 562176K Free: 292247K (52%)
----------------- Invoking toplevel() on ptolemy.moml.MoMLSimpleApplication@37725c55
----------------- Done invoking toplevel() on ptolemy.moml.MoMLSimpleApplication@37725c55
reloadAllAccessors: .Expression17

===========================================================================================
----------------- testing Mon Jul 22 05:12:49 UTC 2019 /home/travis/build/icyphy/ptII/ptolemy/actor/lib/test/auto/Expression18.xml
----------------- Instantiating /home/travis/build/icyphy/ptII/ptolemy/actor/lib/test/auto/Expression18.xml
3 ms. Memory: 562176K Free: 287127K (51%)
----------------- Invoking toplevel() on ptolemy.moml.MoMLSimpleApplication@631de61
----------------- Done invoking toplevel() on ptolemy.moml.MoMLSimpleApplication@631de61
reloadAllAccessors: .Expression18

===========================================================================================
----------------- testing Mon Jul 22 05:12:49 UTC 2019 /home/travis/build/icyphy/ptII/ptolemy/actor/lib/test/auto/Expression2.xml
----------------- Instantiating /home/travis/build/icyphy/ptII/ptolemy/actor/lib/test/auto/Expression2.xml
2 ms. Memory: 562176K Free: 282521K (50%)
----------------- Invoking toplevel() on ptolemy.moml.MoMLSimpleApplication@7e9cc137
----------------- Done invoking toplevel() on ptolemy.moml.MoMLSimpleApplication@7e9cc137
reloadAllAccessors: .Expression2

===========================================================================================
----------------- testing Mon Jul 22 05:12:49 UTC 2019 /home/travis/build/icyphy/ptII/ptolemy/actor/lib/test/auto/Expression3.xml
----------------- Instantiating /home/travis/build/icyphy/ptII/ptolemy/actor/lib/test/auto/Expression3.xml
6 ms. Memory: 562176K Free: 277401K (49%)
----------------- Invoking toplevel() on ptolemy.moml.MoMLSimpleApplication@79ae6b23
----------------- Done invoking toplevel() on ptolemy.moml.MoMLSimpleApplication@79ae6b23
reloadAllAccessors: .Expression3

===========================================================================================
----------------- testing Mon Jul 22 05:12:49 UTC 2019 /home/travis/build/icyphy/ptII/ptolemy/actor/lib/test/auto/Expression4.xml
----------------- Instantiating /home/travis/build/icyphy/ptII/ptolemy/actor/lib/test/auto/Expression4.xml
3 ms. Memory: 562176K Free: 269705K (48%)
----------------- Invoking toplevel() on ptolemy.moml.MoMLSimpleApplication@4111690f
----------------- Done invoking toplevel() on ptolemy.moml.MoMLSimpleApplication@4111690f
reloadAllAccessors: .Expression4

===========================================================================================
----------------- testing Mon Jul 22 05:12:49 UTC 2019 /home/travis/build/icyphy/ptII/ptolemy/actor/lib/test/auto/Expression5.xml
----------------- Instantiating /home/travis/build/icyphy/ptII/ptolemy/actor/lib/test/auto/Expression5.xml
5 ms. Memory: 562176K Free: 265113K (47%)
----------------- Invoking toplevel() on ptolemy.moml.MoMLSimpleApplication@2cdf6171
----------------- Done invoking toplevel() on ptolemy.moml.MoMLSimpleApplication@2cdf6171
reloadAllAccessors: .Expression5

===========================================================================================
----------------- testing Mon Jul 22 05:12:49 UTC 2019 /home/travis/build/icyphy/ptII/ptolemy/actor/lib/test/auto/Expression6.xml
----------------- Instantiating /home/travis/build/icyphy/ptII/ptolemy/actor/lib/test/auto/Expression6.xml
2 ms. Memory: 562176K Free: 260503K (46%)
----------------- Invoking toplevel() on ptolemy.moml.MoMLSimpleApplication@36a9cfdc
----------------- Done invoking toplevel() on ptolemy.moml.MoMLSimpleApplication@36a9cfdc
reloadAllAccessors: .Expression6

===========================================================================================
----------------- testing Mon Jul 22 05:12:49 UTC 2019 /home/travis/build/icyphy/ptII/ptolemy/actor/lib/test/auto/Expression7.xml
----------------- Instantiating /home/travis/build/icyphy/ptII/ptolemy/actor/lib/test/auto/Expression7.xml
3 ms. Memory: 562176K Free: 255897K (46%)
----------------- Invoking toplevel() on ptolemy.moml.MoMLSimpleApplication@4a2d579a
----------------- Done invoking toplevel() on ptolemy.moml.MoMLSimpleApplication@4a2d579a
reloadAllAccessors: .Expression7

===========================================================================================
----------------- testing Mon Jul 22 05:12:49 UTC 2019 /home/travis/build/icyphy/ptII/ptolemy/actor/lib/test/auto/Expression8.xml
----------------- Instantiating /home/travis/build/icyphy/ptII/ptolemy/actor/lib/test/auto/Expression8.xml
8 ms. Memory: 562176K Free: 250777K (45%)
----------------- Invoking toplevel() on ptolemy.moml.MoMLSimpleApplication@108141e9
----------------- Done invoking toplevel() on ptolemy.moml.MoMLSimpleApplication@108141e9
reloadAllAccessors: .Expression8

===========================================================================================
----------------- testing Mon Jul 22 05:12:49 UTC 2019 /home/travis/build/icyphy/ptII/ptolemy/actor/lib/test/auto/Expression9.xml
----------------- Instantiating /home/travis/build/icyphy/ptII/ptolemy/actor/lib/test/auto/Expression9.xml
1 ms. Memory: 562176K Free: 247191K (44%)
----------------- Invoking toplevel() on ptolemy.moml.MoMLSimpleApplication@7e00fde0
----------------- Done invoking toplevel() on ptolemy.moml.MoMLSimpleApplication@7e00fde0
reloadAllAccessors: .Expression9

===========================================================================================
----------------- testing Mon Jul 22 05:12:49 UTC 2019 /home/travis/build/icyphy/ptII/ptolemy/actor/lib/test/auto/ExpressionConcatenateArrayType.xml
----------------- Instantiating /home/travis/build/icyphy/ptII/ptolemy/actor/lib/test/auto/ExpressionConcatenateArrayType.xml
4 ms. Memory: 562176K Free: 240537K (43%)
----------------- Invoking toplevel() on ptolemy.moml.MoMLSimpleApplication@3ef22959
----------------- Done invoking toplevel() on ptolemy.moml.MoMLSimpleApplication@3ef22959
reloadAllAccessors: .ExpressionConcatenateArrayType

===========================================================================================
----------------- testing Mon Jul 22 05:12:49 UTC 2019 /home/travis/build/icyphy/ptII/ptolemy/actor/lib/test/auto/ExpressionConcatenateArrayType2.xml
----------------- Instantiating /home/travis/build/icyphy/ptII/ptolemy/actor/lib/test/auto/ExpressionConcatenateArrayType2.xml
2 ms. Memory: 562176K Free: 234903K (42%)
----------------- Invoking toplevel() on ptolemy.moml.MoMLSimpleApplication@3996f057
----------------- Done invoking toplevel() on ptolemy.moml.MoMLSimpleApplication@3996f057
reloadAllAccessors: .ExpressionConcatenateArrayType2

===========================================================================================
----------------- testing Mon Jul 22 05:12:49 UTC 2019 /home/travis/build/icyphy/ptII/ptolemy/actor/lib/test/auto/ExpressionFix.xml
----------------- Instantiating /home/travis/build/icyphy/ptII/ptolemy/actor/lib/test/auto/ExpressionFix.xml
22 ms. Memory: 562176K Free: 228759K (41%)
----------------- Invoking toplevel() on ptolemy.moml.MoMLSimpleApplication@327dc1ab
----------------- Done invoking toplevel() on ptolemy.moml.MoMLSimpleApplication@327dc1ab
reloadAllAccessors: .ExpressionFix

===========================================================================================
----------------- testing Mon Jul 22 05:12:49 UTC 2019 /home/travis/build/icyphy/ptII/ptolemy/actor/lib/test/auto/ExpressionFix2.xml
----------------- Instantiating /home/travis/build/icyphy/ptII/ptolemy/actor/lib/test/auto/ExpressionFix2.xml
3 ms. Memory: 562176K Free: 224663K (40%)
----------------- Invoking toplevel() on ptolemy.moml.MoMLSimpleApplication@27099eef
----------------- Done invoking toplevel() on ptolemy.moml.MoMLSimpleApplication@27099eef
reloadAllAccessors: .ExpressionFix2

===========================================================================================
----------------- testing Mon Jul 22 05:12:49 UTC 2019 /home/travis/build/icyphy/ptII/ptolemy/actor/lib/test/auto/ExpressionFix3.xml
----------------- Instantiating /home/travis/build/icyphy/ptII/ptolemy/actor/lib/test/auto/ExpressionFix3.xml
4 ms. Memory: 562176K Free: 220057K (39%)
----------------- Invoking toplevel() on ptolemy.moml.MoMLSimpleApplication@1e8229a0
----------------- Done invoking toplevel() on ptolemy.moml.MoMLSimpleApplication@1e8229a0
reloadAllAccessors: .ExpressionFix3

===========================================================================================
----------------- testing Mon Jul 22 05:12:49 UTC 2019 /home/travis/build/icyphy/ptII/ptolemy/actor/lib/test/auto/FileWriter1.xml
----------------- Instantiating /home/travis/build/icyphy/ptII/ptolemy/actor/lib/test/auto/FileWriter1.xml
1 ms. Memory: 562176K Free: 216471K (39%)
----------------- Invoking toplevel() on ptolemy.moml.MoMLSimpleApplication@2460a013
----------------- Done invoking toplevel() on ptolemy.moml.MoMLSimpleApplication@2460a013
reloadAllAccessors: .FileWriter1

===========================================================================================
----------------- testing Mon Jul 22 05:12:49 UTC 2019 /home/travis/build/icyphy/ptII/ptolemy/actor/lib/test/auto/FileWriter2.xml
----------------- Instantiating /home/travis/build/icyphy/ptII/ptolemy/actor/lib/test/auto/FileWriter2.xml
1 ms. Memory: 562176K Free: 211865K (38%)
----------------- Invoking toplevel() on ptolemy.moml.MoMLSimpleApplication@3eb18225
----------------- Done invoking toplevel() on ptolemy.moml.MoMLSimpleApplication@3eb18225
reloadAllAccessors: .FileWriter2

===========================================================================================
----------------- testing Mon Jul 22 05:12:49 UTC 2019 /home/travis/build/icyphy/ptII/ptolemy/actor/lib/test/auto/FileWriter3.xml
----------------- Instantiating /home/travis/build/icyphy/ptII/ptolemy/actor/lib/test/auto/FileWriter3.xml
3 ms. Memory: 562176K Free: 208279K (37%)
----------------- Invoking toplevel() on ptolemy.moml.MoMLSimpleApplication@7a94f020
----------------- Done invoking toplevel() on ptolemy.moml.MoMLSimpleApplication@7a94f020
reloadAllAccessors: .FileWriter3

===========================================================================================
----------------- testing Mon Jul 22 05:12:49 UTC 2019 /home/travis/build/icyphy/ptII/ptolemy/actor/lib/test/auto/Gaussian.xml
----------------- Instantiating /home/travis/build/icyphy/ptII/ptolemy/actor/lib/test/auto/Gaussian.xml
2 ms. Memory: 562176K Free: 203673K (36%)
----------------- Invoking toplevel() on ptolemy.moml.MoMLSimpleApplication@1eb234a
----------------- Done invoking toplevel() on ptolemy.moml.MoMLSimpleApplication@1eb234a
reloadAllAccessors: .Gaussian

===========================================================================================
----------------- testing Mon Jul 22 05:12:49 UTC 2019 /home/travis/build/icyphy/ptII/ptolemy/actor/lib/test/auto/Gaussian1.xml
----------------- Instantiating /home/travis/build/icyphy/ptII/ptolemy/actor/lib/test/auto/Gaussian1.xml
9 ms. Memory: 562176K Free: 198025K (35%)
----------------- Invoking toplevel() on ptolemy.moml.MoMLSimpleApplication@6d1f3bf
----------------- Done invoking toplevel() on ptolemy.moml.MoMLSimpleApplication@6d1f3bf
reloadAllAccessors: .Gaussian1

===========================================================================================
----------------- testing Mon Jul 22 05:12:49 UTC 2019 /home/travis/build/icyphy/ptII/ptolemy/actor/lib/test/auto/Gaussian2.xml
----------------- Instantiating /home/travis/build/icyphy/ptII/ptolemy/actor/lib/test/auto/Gaussian2.xml
2 ms. Memory: 562176K Free: 192905K (34%)
----------------- Invoking toplevel() on ptolemy.moml.MoMLSimpleApplication@71aeddf0
----------------- Done invoking toplevel() on ptolemy.moml.MoMLSimpleApplication@71aeddf0
reloadAllAccessors: .Gaussian2

===========================================================================================
----------------- testing Mon Jul 22 05:12:49 UTC 2019 /home/travis/build/icyphy/ptII/ptolemy/actor/lib/test/auto/GradientAdaptiveLattice.xml
----------------- Instantiating /home/travis/build/icyphy/ptII/ptolemy/actor/lib/test/auto/GradientAdaptiveLattice.xml
3 ms. Memory: 562176K Free: 187799K (33%)
----------------- Invoking toplevel() on ptolemy.moml.MoMLSimpleApplication@26728fe2
----------------- Done invoking toplevel() on ptolemy.moml.MoMLSimpleApplication@26728fe2
reloadAllAccessors: .GradientAdaptiveLattice

===========================================================================================
----------------- testing Mon Jul 22 05:12:49 UTC 2019 /home/travis/build/icyphy/ptII/ptolemy/actor/lib/test/auto/IIR.xml
----------------- Instantiating /home/travis/build/icyphy/ptII/ptolemy/actor/lib/test/auto/IIR.xml
1 ms. Memory: 562176K Free: 183193K (33%)
----------------- Invoking toplevel() on ptolemy.moml.MoMLSimpleApplication@68776b39
----------------- Done invoking toplevel() on ptolemy.moml.MoMLSimpleApplication@68776b39
reloadAllAccessors: .IIR

===========================================================================================
----------------- testing Mon Jul 22 05:12:49 UTC 2019 /home/travis/build/icyphy/ptII/ptolemy/actor/lib/test/auto/InputOutputTransparentPorts.xml
----------------- Instantiating /home/travis/build/icyphy/ptII/ptolemy/actor/lib/test/auto/InputOutputTransparentPorts.xml
2 ms. Memory: 562176K Free: 510650K (91%)
----------------- Invoking toplevel() on ptolemy.moml.MoMLSimpleApplication@2bcaeb34
----------------- Done invoking toplevel() on ptolemy.moml.MoMLSimpleApplication@2bcaeb34
reloadAllAccessors: .InputOutputTransparentPorts

===========================================================================================
----------------- testing Mon Jul 22 05:12:49 UTC 2019 /home/travis/build/icyphy/ptII/ptolemy/actor/lib/test/auto/Interpolator.xml
----------------- Instantiating /home/travis/build/icyphy/ptII/ptolemy/actor/lib/test/auto/Interpolator.xml
4 ms. Memory: 562176K Free: 506554K (90%)
----------------- Invoking toplevel() on ptolemy.moml.MoMLSimpleApplication@44005263
----------------- Done invoking toplevel() on ptolemy.moml.MoMLSimpleApplication@44005263
reloadAllAccessors: .Interpolator

===========================================================================================
----------------- testing Mon Jul 22 05:12:49 UTC 2019 /home/travis/build/icyphy/ptII/ptolemy/actor/lib/test/auto/InterpolatorFiringLimitDE.xml
----------------- Instantiating /home/travis/build/icyphy/ptII/ptolemy/actor/lib/test/auto/InterpolatorFiringLimitDE.xml
2 ms. Memory: 562176K Free: 500410K (89%)
----------------- Invoking toplevel() on ptolemy.moml.MoMLSimpleApplication@336b3fa0
----------------- Done invoking toplevel() on ptolemy.moml.MoMLSimpleApplication@336b3fa0
reloadAllAccessors: .InterpolatorFiringLimitDE

===========================================================================================
----------------- testing Mon Jul 22 05:12:49 UTC 2019 /home/travis/build/icyphy/ptII/ptolemy/actor/lib/test/auto/Lattice.xml
----------------- Instantiating /home/travis/build/icyphy/ptII/ptolemy/actor/lib/test/auto/Lattice.xml
1 ms. Memory: 562176K Free: 496828K (88%)
----------------- Invoking toplevel() on ptolemy.moml.MoMLSimpleApplication@5f9bece
----------------- Done invoking toplevel() on ptolemy.moml.MoMLSimpleApplication@5f9bece
reloadAllAccessors: .Lattice

===========================================================================================
----------------- testing Mon Jul 22 05:12:49 UTC 2019 /home/travis/build/icyphy/ptII/ptolemy/actor/lib/test/auto/LazyAOCTestLazy.xml
----------------- Instantiating /home/travis/build/icyphy/ptII/ptolemy/actor/lib/test/auto/LazyAOCTestLazy.xml
8 ms. Memory: 562176K Free: 490684K (87%)
----------------- Invoking toplevel() on ptolemy.moml.MoMLSimpleApplication@1f006944
----------------- Done invoking toplevel() on ptolemy.moml.MoMLSimpleApplication@1f006944
reloadAllAccessors: .LazyAOCTestLazy

===========================================================================================
----------------- testing Mon Jul 22 05:12:49 UTC 2019 /home/travis/build/icyphy/ptII/ptolemy/actor/lib/test/auto/LazyAOCTestNonLazy.xml
----------------- Instantiating /home/travis/build/icyphy/ptII/ptolemy/actor/lib/test/auto/LazyAOCTestNonLazy.xml
1 ms. Memory: 562176K Free: 484026K (86%)
----------------- Invoking toplevel() on ptolemy.moml.MoMLSimpleApplication@3b9ca954
----------------- Done invoking toplevel() on ptolemy.moml.MoMLSimpleApplication@3b9ca954
reloadAllAccessors: .LazyAOCTestNonLazy

===========================================================================================
----------------- testing Mon Jul 22 05:12:49 UTC 2019 /home/travis/build/icyphy/ptII/ptolemy/actor/lib/test/auto/LazyInnerClass.xml
----------------- Instantiating /home/travis/build/icyphy/ptII/ptolemy/actor/lib/test/auto/LazyInnerClass.xml
10 ms. Memory: 562176K Free: 475820K (85%)
----------------- Invoking toplevel() on ptolemy.moml.MoMLSimpleApplication@6317ba74
----------------- Done invoking toplevel() on ptolemy.moml.MoMLSimpleApplication@6317ba74
reloadAllAccessors: .LazyInnerClass

===========================================================================================
----------------- testing Mon Jul 22 05:12:50 UTC 2019 /home/travis/build/icyphy/ptII/ptolemy/actor/lib/test/auto/LazyPubSub.xml
----------------- Instantiating /home/travis/build/icyphy/ptII/ptolemy/actor/lib/test/auto/LazyPubSub.xml
19 ms. Memory: 562176K Free: 465594K (83%)
----------------- Invoking toplevel() on ptolemy.moml.MoMLSimpleApplication@4a399f34
----------------- Done invoking toplevel() on ptolemy.moml.MoMLSimpleApplication@4a399f34
reloadAllAccessors: .LazyPubSub

===========================================================================================
----------------- testing Mon Jul 22 05:12:50 UTC 2019 /home/travis/build/icyphy/ptII/ptolemy/actor/lib/test/auto/LazyPubSub2.xml
----------------- Instantiating /home/travis/build/icyphy/ptII/ptolemy/actor/lib/test/auto/LazyPubSub2.xml
23 ms. Memory: 562176K Free: 455354K (81%)
----------------- Invoking toplevel() on ptolemy.moml.MoMLSimpleApplication@4dd6f5a6
----------------- Done invoking toplevel() on ptolemy.moml.MoMLSimpleApplication@4dd6f5a6
reloadAllAccessors: .LazyPubSub2

===========================================================================================
----------------- testing Mon Jul 22 05:12:50 UTC 2019 /home/travis/build/icyphy/ptII/ptolemy/actor/lib/test/auto/LazyPubSub3.xml
----------------- Instantiating /home/travis/build/icyphy/ptII/ptolemy/actor/lib/test/auto/LazyPubSub3.xml
10 ms. Memory: 562176K Free: 445628K (79%)
----------------- Invoking toplevel() on ptolemy.moml.MoMLSimpleApplication@44b13d0d
----------------- Done invoking toplevel() on ptolemy.moml.MoMLSimpleApplication@44b13d0d
reloadAllAccessors: .LazyPubSub3

===========================================================================================
----------------- testing Mon Jul 22 05:12:50 UTC 2019 /home/travis/build/icyphy/ptII/ptolemy/actor/lib/test/auto/LazySubClassModel.xml
----------------- Instantiating /home/travis/build/icyphy/ptII/ptolemy/actor/lib/test/auto/LazySubClassModel.xml
3 ms. Memory: 562176K Free: 436412K (78%)
----------------- Invoking toplevel() on ptolemy.moml.MoMLSimpleApplication@3042b19b
----------------- Done invoking toplevel() on ptolemy.moml.MoMLSimpleApplication@3042b19b
reloadAllAccessors: .LazySubClassModel

===========================================================================================
----------------- testing Mon Jul 22 05:12:50 UTC 2019 /home/travis/build/icyphy/ptII/ptolemy/actor/lib/test/auto/LevelCrossTest1.xml
----------------- Instantiating /home/travis/build/icyphy/ptII/ptolemy/actor/lib/test/auto/LevelCrossTest1.xml
1 ms. Memory: 562176K Free: 430778K (77%)
----------------- Invoking toplevel() on ptolemy.moml.MoMLSimpleApplication@171a6a67
----------------- Done invoking toplevel() on ptolemy.moml.MoMLSimpleApplication@171a6a67
reloadAllAccessors: .broken

===========================================================================================
----------------- testing Mon Jul 22 05:12:50 UTC 2019 /home/travis/build/icyphy/ptII/ptolemy/actor/lib/test/auto/LevelCrossTest10.xml
----------------- Instantiating /home/travis/build/icyphy/ptII/ptolemy/actor/lib/test/auto/LevelCrossTest10.xml
1 ms. Memory: 562176K Free: 423610K (75%)
----------------- Invoking toplevel() on ptolemy.moml.MoMLSimpleApplication@56aa0b05
----------------- Done invoking toplevel() on ptolemy.moml.MoMLSimpleApplication@56aa0b05
reloadAllAccessors: .LevelCrossTest10

===========================================================================================
----------------- testing Mon Jul 22 05:12:50 UTC 2019 /home/travis/build/icyphy/ptII/ptolemy/actor/lib/test/auto/LevelCrossTest11.xml
----------------- Instantiating /home/travis/build/icyphy/ptII/ptolemy/actor/lib/test/auto/LevelCrossTest11.xml
1 ms. Memory: 562176K Free: 416442K (74%)
----------------- Invoking toplevel() on ptolemy.moml.MoMLSimpleApplication@1d0464d4
----------------- Done invoking toplevel() on ptolemy.moml.MoMLSimpleApplication@1d0464d4
reloadAllAccessors: .LevelCrossTest11

===========================================================================================
----------------- testing Mon Jul 22 05:12:50 UTC 2019 /home/travis/build/icyphy/ptII/ptolemy/actor/lib/test/auto/LevelCrossTest12.xml
----------------- Instantiating /home/travis/build/icyphy/ptII/ptolemy/actor/lib/test/auto/LevelCrossTest12.xml
1 ms. Memory: 562176K Free: 409788K (73%)
----------------- Invoking toplevel() on ptolemy.moml.MoMLSimpleApplication@3bc7a39a
----------------- Done invoking toplevel() on ptolemy.moml.MoMLSimpleApplication@3bc7a39a
reloadAllAccessors: .LevelCrossTest12

===========================================================================================
----------------- testing Mon Jul 22 05:12:50 UTC 2019 /home/travis/build/icyphy/ptII/ptolemy/actor/lib/test/auto/LevelCrossTest13.xml
----------------- Instantiating /home/travis/build/icyphy/ptII/ptolemy/actor/lib/test/auto/LevelCrossTest13.xml
1 ms. Memory: 562176K Free: 403130K (72%)
----------------- Invoking toplevel() on ptolemy.moml.MoMLSimpleApplication@69686afe
----------------- Done invoking toplevel() on ptolemy.moml.MoMLSimpleApplication@69686afe
reloadAllAccessors: .LevelCrossTest13

===========================================================================================
----------------- testing Mon Jul 22 05:12:50 UTC 2019 /home/travis/build/icyphy/ptII/ptolemy/actor/lib/test/auto/LevelCrossTest2.xml
----------------- Instantiating /home/travis/build/icyphy/ptII/ptolemy/actor/lib/test/auto/LevelCrossTest2.xml
1 ms. Memory: 562176K Free: 397500K (71%)
----------------- Invoking toplevel() on ptolemy.moml.MoMLSimpleApplication@1f7db71b
----------------- Done invoking toplevel() on ptolemy.moml.MoMLSimpleApplication@1f7db71b
reloadAllAccessors: .broken

===========================================================================================
----------------- testing Mon Jul 22 05:12:50 UTC 2019 /home/travis/build/icyphy/ptII/ptolemy/actor/lib/test/auto/LevelCrossTest3.xml
----------------- Instantiating /home/travis/build/icyphy/ptII/ptolemy/actor/lib/test/auto/LevelCrossTest3.xml
1 ms. Memory: 562176K Free: 391356K (70%)
----------------- Invoking toplevel() on ptolemy.moml.MoMLSimpleApplication@3c1cfb53
----------------- Done invoking toplevel() on ptolemy.moml.MoMLSimpleApplication@3c1cfb53
reloadAllAccessors: .LevelCrossTest3

===========================================================================================
----------------- testing Mon Jul 22 05:12:50 UTC 2019 /home/travis/build/icyphy/ptII/ptolemy/actor/lib/test/auto/LevelCrossTest4.xml
----------------- Instantiating /home/travis/build/icyphy/ptII/ptolemy/actor/lib/test/auto/LevelCrossTest4.xml
1 ms. Memory: 562176K Free: 386236K (69%)
----------------- Invoking toplevel() on ptolemy.moml.MoMLSimpleApplication@40200292
----------------- Done invoking toplevel() on ptolemy.moml.MoMLSimpleApplication@40200292
reloadAllAccessors: .broken

===========================================================================================
----------------- testing Mon Jul 22 05:12:50 UTC 2019 /home/travis/build/icyphy/ptII/ptolemy/actor/lib/test/auto/LevelCrossTest5.xml
----------------- Instantiating /home/travis/build/icyphy/ptII/ptolemy/actor/lib/test/auto/LevelCrossTest5.xml
4 ms. Memory: 562176K Free: 379578K (68%)
----------------- Invoking toplevel() on ptolemy.moml.MoMLSimpleApplication@62d17230
----------------- Done invoking toplevel() on ptolemy.moml.MoMLSimpleApplication@62d17230
reloadAllAccessors: .LevelCrossTest5

===========================================================================================
----------------- testing Mon Jul 22 05:12:50 UTC 2019 /home/travis/build/icyphy/ptII/ptolemy/actor/lib/test/auto/LevelCrossTest6.xml
----------------- Instantiating /home/travis/build/icyphy/ptII/ptolemy/actor/lib/test/auto/LevelCrossTest6.xml
1 ms. Memory: 562176K Free: 372410K (66%)
----------------- Invoking toplevel() on ptolemy.moml.MoMLSimpleApplication@2d231085
----------------- Done invoking toplevel() on ptolemy.moml.MoMLSimpleApplication@2d231085
reloadAllAccessors: .LevelCrossTest6

===========================================================================================
----------------- testing Mon Jul 22 05:12:50 UTC 2019 /home/travis/build/icyphy/ptII/ptolemy/actor/lib/test/auto/LevelCrossTest7.xml
----------------- Instantiating /home/travis/build/icyphy/ptII/ptolemy/actor/lib/test/auto/LevelCrossTest7.xml
1 ms. Memory: 562176K Free: 364732K (65%)
----------------- Invoking toplevel() on ptolemy.moml.MoMLSimpleApplication@4a2295f9
----------------- Done invoking toplevel() on ptolemy.moml.MoMLSimpleApplication@4a2295f9
reloadAllAccessors: .LevelCrossTest7

===========================================================================================
----------------- testing Mon Jul 22 05:12:50 UTC 2019 /home/travis/build/icyphy/ptII/ptolemy/actor/lib/test/auto/LevelCrossTest8.xml
----------------- Instantiating /home/travis/build/icyphy/ptII/ptolemy/actor/lib/test/auto/LevelCrossTest8.xml
1 ms. Memory: 562176K Free: 358074K (64%)
----------------- Invoking toplevel() on ptolemy.moml.MoMLSimpleApplication@e96b7eb
----------------- Done invoking toplevel() on ptolemy.moml.MoMLSimpleApplication@e96b7eb
reloadAllAccessors: .LevelCrossTest8

===========================================================================================
----------------- testing Mon Jul 22 05:12:50 UTC 2019 /home/travis/build/icyphy/ptII/ptolemy/actor/lib/test/auto/LevelCrossTest9.xml
----------------- Instantiating /home/travis/build/icyphy/ptII/ptolemy/actor/lib/test/auto/LevelCrossTest9.xml
1 ms. Memory: 562176K Free: 350906K (62%)
----------------- Invoking toplevel() on ptolemy.moml.MoMLSimpleApplication@3e0b439a
----------------- Done invoking toplevel() on ptolemy.moml.MoMLSimpleApplication@3e0b439a
reloadAllAccessors: .LevelCrossTest9

===========================================================================================
----------------- testing Mon Jul 22 05:12:50 UTC 2019 /home/travis/build/icyphy/ptII/ptolemy/actor/lib/test/auto/LevinsonDurbin.xml
----------------- Instantiating /home/travis/build/icyphy/ptII/ptolemy/actor/lib/test/auto/LevinsonDurbin.xml
1 ms. Memory: 562176K Free: 346810K (62%)
----------------- Invoking toplevel() on ptolemy.moml.MoMLSimpleApplication@7886ceb1
----------------- Done invoking toplevel() on ptolemy.moml.MoMLSimpleApplication@7886ceb1
reloadAllAccessors: .LevinsonDurbin

===========================================================================================
----------------- testing Mon Jul 22 05:12:50 UTC 2019 /home/travis/build/icyphy/ptII/ptolemy/actor/lib/test/auto/LevinsonDurbin2.xml
----------------- Instantiating /home/travis/build/icyphy/ptII/ptolemy/actor/lib/test/auto/LevinsonDurbin2.xml
1 ms. Memory: 562176K Free: 343228K (61%)
----------------- Invoking toplevel() on ptolemy.moml.MoMLSimpleApplication@643887b3
----------------- Done invoking toplevel() on ptolemy.moml.MoMLSimpleApplication@643887b3
reloadAllAccessors: .LevinsonDurbin2

===========================================================================================
----------------- testing Mon Jul 22 05:12:50 UTC 2019 /home/travis/build/icyphy/ptII/ptolemy/actor/lib/test/auto/LevinsonDurbin3.xml
----------------- Instantiating /home/travis/build/icyphy/ptII/ptolemy/actor/lib/test/auto/LevinsonDurbin3.xml
1 ms. Memory: 562176K Free: 339132K (60%)
----------------- Invoking toplevel() on ptolemy.moml.MoMLSimpleApplication@6f93ff79
----------------- Done invoking toplevel() on ptolemy.moml.MoMLSimpleApplication@6f93ff79
reloadAllAccessors: .LevinsonDurbin3

===========================================================================================
----------------- testing Mon Jul 22 05:12:50 UTC 2019 /home/travis/build/icyphy/ptII/ptolemy/actor/lib/test/auto/Limiter.xml
----------------- Instantiating /home/travis/build/icyphy/ptII/ptolemy/actor/lib/test/auto/Limiter.xml
4 ms. Memory: 562176K Free: 329916K (59%)
----------------- Invoking toplevel() on ptolemy.moml.MoMLSimpleApplication@abc5260
----------------- Done invoking toplevel() on ptolemy.moml.MoMLSimpleApplication@abc5260
reloadAllAccessors: .Limiter

===========================================================================================
----------------- testing Mon Jul 22 05:12:50 UTC 2019 /home/travis/build/icyphy/ptII/ptolemy/actor/lib/test/auto/LinearDifferenceEquationSystem.xml
----------------- Instantiating /home/travis/build/icyphy/ptII/ptolemy/actor/lib/test/auto/LinearDifferenceEquationSystem.xml
4 ms. Memory: 562176K Free: 322748K (57%)
----------------- Invoking toplevel() on ptolemy.moml.MoMLSimpleApplication@60327cbd
----------------- Done invoking toplevel() on ptolemy.moml.MoMLSimpleApplication@60327cbd
reloadAllAccessors: .LinearDifferenceEquationSystem

===========================================================================================
----------------- testing Mon Jul 22 05:12:50 UTC 2019 /home/travis/build/icyphy/ptII/ptolemy/actor/lib/test/auto/LookupTable.xml
----------------- Instantiating /home/travis/build/icyphy/ptII/ptolemy/actor/lib/test/auto/LookupTable.xml
6 ms. Memory: 562176K Free: 318138K (57%)
----------------- Invoking toplevel() on ptolemy.moml.MoMLSimpleApplication@62bc08fc
----------------- Done invoking toplevel() on ptolemy.moml.MoMLSimpleApplication@62bc08fc
reloadAllAccessors: .LookupTable

===========================================================================================
----------------- testing Mon Jul 22 05:12:50 UTC 2019 /home/travis/build/icyphy/ptII/ptolemy/actor/lib/test/auto/MathFunction.xml
----------------- Instantiating /home/travis/build/icyphy/ptII/ptolemy/actor/lib/test/auto/MathFunction.xml
2 ms. Memory: 562176K Free: 309946K (55%)
----------------- Invoking toplevel() on ptolemy.moml.MoMLSimpleApplication@1df7946f
----------------- Done invoking toplevel() on ptolemy.moml.MoMLSimpleApplication@1df7946f
reloadAllAccessors: .MathFunction

===========================================================================================
----------------- testing Mon Jul 22 05:12:50 UTC 2019 /home/travis/build/icyphy/ptII/ptolemy/actor/lib/test/auto/MathFunction2.xml
----------------- Instantiating /home/travis/build/icyphy/ptII/ptolemy/actor/lib/test/auto/MathFunction2.xml
1 ms. Memory: 562176K Free: 305850K (54%)
----------------- Invoking toplevel() on ptolemy.moml.MoMLSimpleApplication@5c01ed92
----------------- Done invoking toplevel() on ptolemy.moml.MoMLSimpleApplication@5c01ed92
reloadAllAccessors: .MathFunction2

===========================================================================================
----------------- testing Mon Jul 22 05:12:50 UTC 2019 /home/travis/build/icyphy/ptII/ptolemy/actor/lib/test/auto/MathFunction3.xml
----------------- Instantiating /home/travis/build/icyphy/ptII/ptolemy/actor/lib/test/auto/MathFunction3.xml
11 ms. Memory: 562176K Free: 299196K (53%)
----------------- Invoking toplevel() on ptolemy.moml.MoMLSimpleApplication@169fa57a
----------------- Done invoking toplevel() on ptolemy.moml.MoMLSimpleApplication@169fa57a
reloadAllAccessors: .MathFunction3

===========================================================================================
----------------- testing Mon Jul 22 05:12:50 UTC 2019 /home/travis/build/icyphy/ptII/ptolemy/actor/lib/test/auto/MatrixCropBoolean.xml
----------------- Instantiating /home/travis/build/icyphy/ptII/ptolemy/actor/lib/test/auto/MatrixCropBoolean.xml
4 ms. Memory: 562176K Free: 294076K (52%)
----------------- Invoking toplevel() on ptolemy.moml.MoMLSimpleApplication@4522a539
----------------- Done invoking toplevel() on ptolemy.moml.MoMLSimpleApplication@4522a539
reloadAllAccessors: .MatrixCropBoolean

===========================================================================================
----------------- testing Mon Jul 22 05:12:50 UTC 2019 /home/travis/build/icyphy/ptII/ptolemy/actor/lib/test/auto/MatrixCropComplex.xml
----------------- Instantiating /home/travis/build/icyphy/ptII/ptolemy/actor/lib/test/auto/MatrixCropComplex.xml
2 ms. Memory: 562176K Free: 288956K (51%)
----------------- Invoking toplevel() on ptolemy.moml.MoMLSimpleApplication@122c3615
----------------- Done invoking toplevel() on ptolemy.moml.MoMLSimpleApplication@122c3615
reloadAllAccessors: .MatrixCropComplex

===========================================================================================
----------------- testing Mon Jul 22 05:12:50 UTC 2019 /home/travis/build/icyphy/ptII/ptolemy/actor/lib/test/auto/MatrixCropDouble.xml
----------------- Instantiating /home/travis/build/icyphy/ptII/ptolemy/actor/lib/test/auto/MatrixCropDouble.xml
2 ms. Memory: 562176K Free: 283836K (50%)
----------------- Invoking toplevel() on ptolemy.moml.MoMLSimpleApplication@7a820f79
----------------- Done invoking toplevel() on ptolemy.moml.MoMLSimpleApplication@7a820f79
reloadAllAccessors: .MatrixCropDouble

===========================================================================================
----------------- testing Mon Jul 22 05:12:50 UTC 2019 /home/travis/build/icyphy/ptII/ptolemy/actor/lib/test/auto/MatrixCropFix.xml
----------------- Instantiating /home/travis/build/icyphy/ptII/ptolemy/actor/lib/test/auto/MatrixCropFix.xml
2 ms. Memory: 562176K Free: 279220K (50%)
----------------- Invoking toplevel() on ptolemy.moml.MoMLSimpleApplication@5cff2439
----------------- Done invoking toplevel() on ptolemy.moml.MoMLSimpleApplication@5cff2439
reloadAllAccessors: .MatrixCropFix

===========================================================================================
----------------- testing Mon Jul 22 05:12:50 UTC 2019 /home/travis/build/icyphy/ptII/ptolemy/actor/lib/test/auto/MatrixCropInt.xml
----------------- Instantiating /home/travis/build/icyphy/ptII/ptolemy/actor/lib/test/auto/MatrixCropInt.xml
2 ms. Memory: 562176K Free: 274076K (49%)
----------------- Invoking toplevel() on ptolemy.moml.MoMLSimpleApplication@7d40888
----------------- Done invoking toplevel() on ptolemy.moml.MoMLSimpleApplication@7d40888
reloadAllAccessors: .MatrixCropInt

===========================================================================================
----------------- testing Mon Jul 22 05:12:50 UTC 2019 /home/travis/build/icyphy/ptII/ptolemy/actor/lib/test/auto/MatrixCropLong.xml
----------------- Instantiating /home/travis/build/icyphy/ptII/ptolemy/actor/lib/test/auto/MatrixCropLong.xml
2 ms. Memory: 562176K Free: 269500K (48%)
----------------- Invoking toplevel() on ptolemy.moml.MoMLSimpleApplication@4c8211ec
----------------- Done invoking toplevel() on ptolemy.moml.MoMLSimpleApplication@4c8211ec
reloadAllAccessors: .MatrixCropLong

===========================================================================================
----------------- testing Mon Jul 22 05:12:50 UTC 2019 /home/travis/build/icyphy/ptII/ptolemy/actor/lib/test/auto/MatrixToArray.xml
----------------- Instantiating /home/travis/build/icyphy/ptII/ptolemy/actor/lib/test/auto/MatrixToArray.xml
11 ms. Memory: 562176K Free: 254650K (45%)
----------------- Invoking toplevel() on ptolemy.moml.MoMLSimpleApplication@655f6c3f
----------------- Done invoking toplevel() on ptolemy.moml.MoMLSimpleApplication@655f6c3f
reloadAllAccessors: .MatrixToArray

===========================================================================================
----------------- testing Mon Jul 22 05:12:50 UTC 2019 /home/travis/build/icyphy/ptII/ptolemy/actor/lib/test/auto/MaxIndex.xml
----------------- Instantiating /home/travis/build/icyphy/ptII/ptolemy/actor/lib/test/auto/MaxIndex.xml
2 ms. Memory: 562176K Free: 250044K (44%)
----------------- Invoking toplevel() on ptolemy.moml.MoMLSimpleApplication@1430dc5a
----------------- Done invoking toplevel() on ptolemy.moml.MoMLSimpleApplication@1430dc5a
reloadAllAccessors: .MaxIndex

===========================================================================================
----------------- testing Mon Jul 22 05:12:50 UTC 2019 /home/travis/build/icyphy/ptII/ptolemy/actor/lib/test/auto/Maximum.xml
----------------- Instantiating /home/travis/build/icyphy/ptII/ptolemy/actor/lib/test/auto/Maximum.xml
5 ms. Memory: 562176K Free: 243356K (43%)
----------------- Invoking toplevel() on ptolemy.moml.MoMLSimpleApplication@5f0b5e93
----------------- Done invoking toplevel() on ptolemy.moml.MoMLSimpleApplication@5f0b5e93
reloadAllAccessors: .Maximum

===========================================================================================
----------------- testing Mon Jul 22 05:12:50 UTC 2019 /home/travis/build/icyphy/ptII/ptolemy/actor/lib/test/auto/MaximumComplex.xml
----------------- Instantiating /home/travis/build/icyphy/ptII/ptolemy/actor/lib/test/auto/MaximumComplex.xml
4 ms. Memory: 562176K Free: 237228K (42%)
----------------- Invoking toplevel() on ptolemy.moml.MoMLSimpleApplication@3b6102a5
----------------- Done invoking toplevel() on ptolemy.moml.MoMLSimpleApplication@3b6102a5
reloadAllAccessors: .MaximumComplex

===========================================================================================
----------------- testing Mon Jul 22 05:12:50 UTC 2019 /home/travis/build/icyphy/ptII/ptolemy/actor/lib/test/auto/MethodCallTest.xml
----------------- Instantiating /home/travis/build/icyphy/ptII/ptolemy/actor/lib/test/auto/MethodCallTest.xml
2 ms. Memory: 562176K Free: 230588K (41%)
----------------- Invoking toplevel() on ptolemy.moml.MoMLSimpleApplication@231ad283
----------------- Done invoking toplevel() on ptolemy.moml.MoMLSimpleApplication@231ad283
reloadAllAccessors: .MethodCallTest

===========================================================================================
----------------- testing Mon Jul 22 05:12:50 UTC 2019 /home/travis/build/icyphy/ptII/ptolemy/actor/lib/test/auto/Minimum.xml
----------------- Instantiating /home/travis/build/icyphy/ptII/ptolemy/actor/lib/test/auto/Minimum.xml
2 ms. Memory: 562176K Free: 224444K (40%)
----------------- Invoking toplevel() on ptolemy.moml.MoMLSimpleApplication@3d466050
----------------- Done invoking toplevel() on ptolemy.moml.MoMLSimpleApplication@3d466050
reloadAllAccessors: .Minimum

===========================================================================================
----------------- testing Mon Jul 22 05:12:50 UTC 2019 /home/travis/build/icyphy/ptII/ptolemy/actor/lib/test/auto/MinimumComplex.xml
----------------- Instantiating /home/travis/build/icyphy/ptII/ptolemy/actor/lib/test/auto/MinimumComplex.xml
2 ms. Memory: 562176K Free: 218300K (39%)
----------------- Invoking toplevel() on ptolemy.moml.MoMLSimpleApplication@69f8845c
----------------- Done invoking toplevel() on ptolemy.moml.MoMLSimpleApplication@69f8845c
reloadAllAccessors: .MinimumComplex

===========================================================================================
----------------- testing Mon Jul 22 05:12:50 UTC 2019 /home/travis/build/icyphy/ptII/ptolemy/actor/lib/test/auto/MinimumMultiports.xml
----------------- Instantiating /home/travis/build/icyphy/ptII/ptolemy/actor/lib/test/auto/MinimumMultiports.xml
3 ms. Memory: 562176K Free: 209580K (37%)
----------------- Invoking toplevel() on ptolemy.moml.MoMLSimpleApplication@75c43783
----------------- Done invoking toplevel() on ptolemy.moml.MoMLSimpleApplication@75c43783
reloadAllAccessors: .MinimumMultiports

===========================================================================================
----------------- testing Mon Jul 22 05:12:50 UTC 2019 /home/travis/build/icyphy/ptII/ptolemy/actor/lib/test/auto/ModifyDate.xml
----------------- Instantiating /home/travis/build/icyphy/ptII/ptolemy/actor/lib/test/auto/ModifyDate.xml
7 ms. Memory: 562176K Free: 196796K (35%)
----------------- Invoking toplevel() on ptolemy.moml.MoMLSimpleApplication@3c72636d
----------------- Done invoking toplevel() on ptolemy.moml.MoMLSimpleApplication@3c72636d
reloadAllAccessors: .ModifyDate

===========================================================================================
----------------- testing Mon Jul 22 05:12:50 UTC 2019 /home/travis/build/icyphy/ptII/ptolemy/actor/lib/test/auto/ModifyDate2.xml
----------------- Instantiating /home/travis/build/icyphy/ptII/ptolemy/actor/lib/test/auto/ModifyDate2.xml
4 ms. Memory: 562176K Free: 188604K (34%)
----------------- Invoking toplevel() on ptolemy.moml.MoMLSimpleApplication@37efa446
----------------- Done invoking toplevel() on ptolemy.moml.MoMLSimpleApplication@37efa446
reloadAllAccessors: .ModifyDate2

===========================================================================================
----------------- testing Mon Jul 22 05:12:50 UTC 2019 /home/travis/build/icyphy/ptII/ptolemy/actor/lib/test/auto/MovingAverage.xml
----------------- Instantiating /home/travis/build/icyphy/ptII/ptolemy/actor/lib/test/auto/MovingAverage.xml
11 ms. Memory: 562176K Free: 183484K (33%)
----------------- Invoking toplevel() on ptolemy.moml.MoMLSimpleApplication@5a5f6971
----------------- Done invoking toplevel() on ptolemy.moml.MoMLSimpleApplication@5a5f6971
reloadAllAccessors: .MovingAverage

===========================================================================================
----------------- testing Mon Jul 22 05:12:51 UTC 2019 /home/travis/build/icyphy/ptII/ptolemy/actor/lib/test/auto/MovingMaximum.xml
----------------- Instantiating /home/travis/build/icyphy/ptII/ptolemy/actor/lib/test/auto/MovingMaximum.xml
2 ms. Memory: 562176K Free: 512176K (91%)
----------------- Invoking toplevel() on ptolemy.moml.MoMLSimpleApplication@2f8621d5
----------------- Done invoking toplevel() on ptolemy.moml.MoMLSimpleApplication@2f8621d5
reloadAllAccessors: .MovingMaximum

===========================================================================================
----------------- testing Mon Jul 22 05:12:51 UTC 2019 /home/travis/build/icyphy/ptII/ptolemy/actor/lib/test/auto/MultipleLinksToSameRelation.xml
----------------- Instantiating /home/travis/build/icyphy/ptII/ptolemy/actor/lib/test/auto/MultipleLinksToSameRelation.xml
2 ms. Memory: 562176K Free: 508110K (90%)
----------------- Invoking toplevel() on ptolemy.moml.MoMLSimpleApplication@2045c96e
----------------- Done invoking toplevel() on ptolemy.moml.MoMLSimpleApplication@2045c96e
reloadAllAccessors: .MultipleLinksToSameRelation

===========================================================================================
----------------- testing Mon Jul 22 05:12:51 UTC 2019 /home/travis/build/icyphy/ptII/ptolemy/actor/lib/test/auto/MultipleLinksToSameRelationDE.xml
----------------- Instantiating /home/travis/build/icyphy/ptII/ptolemy/actor/lib/test/auto/MultipleLinksToSameRelationDE.xml
2 ms. Memory: 562176K Free: 503504K (90%)
----------------- Invoking toplevel() on ptolemy.moml.MoMLSimpleApplication@31d3d2af
----------------- Done invoking toplevel() on ptolemy.moml.MoMLSimpleApplication@31d3d2af
reloadAllAccessors: .MultipleLinksToSameRelationDE

===========================================================================================
----------------- testing Mon Jul 22 05:12:51 UTC 2019 /home/travis/build/icyphy/ptII/ptolemy/actor/lib/test/auto/Multiplexor.xml
----------------- Instantiating /home/travis/build/icyphy/ptII/ptolemy/actor/lib/test/auto/Multiplexor.xml
1 ms. Memory: 562176K Free: 497870K (89%)
----------------- Invoking toplevel() on ptolemy.moml.MoMLSimpleApplication@72177afc
----------------- Done invoking toplevel() on ptolemy.moml.MoMLSimpleApplication@72177afc
reloadAllAccessors: .Multiplexor

===========================================================================================
----------------- testing Mon Jul 22 05:12:51 UTC 2019 /home/travis/build/icyphy/ptII/ptolemy/actor/lib/test/auto/Multiplexor1.xml
----------------- Instantiating /home/travis/build/icyphy/ptII/ptolemy/actor/lib/test/auto/Multiplexor1.xml
2 ms. Memory: 562176K Free: 492240K (88%)
----------------- Invoking toplevel() on ptolemy.moml.MoMLSimpleApplication@459d78a0
----------------- Done invoking toplevel() on ptolemy.moml.MoMLSimpleApplication@459d78a0
reloadAllAccessors: .Multiplexor1

===========================================================================================
----------------- testing Mon Jul 22 05:12:51 UTC 2019 /home/travis/build/icyphy/ptII/ptolemy/actor/lib/test/auto/Multiplexor2.xml
----------------- Instantiating /home/travis/build/icyphy/ptII/ptolemy/actor/lib/test/auto/Multiplexor2.xml
6 ms. Memory: 562176K Free: 486094K (86%)
----------------- Invoking toplevel() on ptolemy.moml.MoMLSimpleApplication@39053d8e
----------------- Done invoking toplevel() on ptolemy.moml.MoMLSimpleApplication@39053d8e
reloadAllAccessors: .Multiplexor2

===========================================================================================
----------------- testing Mon Jul 22 05:12:51 UTC 2019 /home/travis/build/icyphy/ptII/ptolemy/actor/lib/test/auto/Multiplexor3.xml
----------------- Instantiating /home/travis/build/icyphy/ptII/ptolemy/actor/lib/test/auto/Multiplexor3.xml
1 ms. Memory: 562176K Free: 482000K (86%)
----------------- Invoking toplevel() on ptolemy.moml.MoMLSimpleApplication@34ef9a40
----------------- Done invoking toplevel() on ptolemy.moml.MoMLSimpleApplication@34ef9a40
reloadAllAccessors: .Multiplexor3

===========================================================================================
----------------- testing Mon Jul 22 05:12:51 UTC 2019 /home/travis/build/icyphy/ptII/ptolemy/actor/lib/test/auto/MultiplexorDE.xml
----------------- Instantiating /home/travis/build/icyphy/ptII/ptolemy/actor/lib/test/auto/MultiplexorDE.xml
2 ms. Memory: 562176K Free: 474312K (84%)
----------------- Invoking toplevel() on ptolemy.moml.MoMLSimpleApplication@17e10585
----------------- Done invoking toplevel() on ptolemy.moml.MoMLSimpleApplication@17e10585
reloadAllAccessors: .MultiplexorDE

===========================================================================================
----------------- testing Mon Jul 22 05:12:51 UTC 2019 /home/travis/build/icyphy/ptII/ptolemy/actor/lib/test/auto/MultiportBroadcastTest.xml
----------------- Instantiating /home/travis/build/icyphy/ptII/ptolemy/actor/lib/test/auto/MultiportBroadcastTest.xml
86 ms. Memory: 562176K Free: 468174K (83%)
----------------- Invoking toplevel() on ptolemy.moml.MoMLSimpleApplication@7134494
----------------- Done invoking toplevel() on ptolemy.moml.MoMLSimpleApplication@7134494
reloadAllAccessors: .MultiportBroadcastTest

===========================================================================================
----------------- testing Mon Jul 22 05:12:51 UTC 2019 /home/travis/build/icyphy/ptII/ptolemy/actor/lib/test/auto/MultiportOutHangDuringGetWidth.xml
----------------- Instantiating /home/travis/build/icyphy/ptII/ptolemy/actor/lib/test/auto/MultiportOutHangDuringGetWidth.xml
4 ms. Memory: 562176K Free: 455872K (81%)
----------------- Invoking toplevel() on ptolemy.moml.MoMLSimpleApplication@30d3864d
----------------- Done invoking toplevel() on ptolemy.moml.MoMLSimpleApplication@30d3864d
reloadAllAccessors: .MultiportOutHangDuringGetWidth

===========================================================================================
----------------- testing Mon Jul 22 05:12:51 UTC 2019 /home/travis/build/icyphy/ptII/ptolemy/actor/lib/test/auto/NilToken.xml
----------------- Instantiating /home/travis/build/icyphy/ptII/ptolemy/actor/lib/test/auto/NilToken.xml
1 ms. Memory: 562176K Free: 451790K (80%)
----------------- Invoking toplevel() on ptolemy.moml.MoMLSimpleApplication@4310fd36
----------------- Done invoking toplevel() on ptolemy.moml.MoMLSimpleApplication@4310fd36
reloadAllAccessors: .NilToken

===========================================================================================
----------------- testing Mon Jul 22 05:12:51 UTC 2019 /home/travis/build/icyphy/ptII/ptolemy/actor/lib/test/auto/NilTokenNonStrictTest.xml
----------------- Instantiating /home/travis/build/icyphy/ptII/ptolemy/actor/lib/test/auto/NilTokenNonStrictTest.xml
1 ms. Memory: 562176K Free: 447694K (80%)
----------------- Invoking toplevel() on ptolemy.moml.MoMLSimpleApplication@676dc06
----------------- Done invoking toplevel() on ptolemy.moml.MoMLSimpleApplication@676dc06
reloadAllAccessors: .NilTokenNonStrictTest

===========================================================================================
----------------- testing Mon Jul 22 05:12:51 UTC 2019 /home/travis/build/icyphy/ptII/ptolemy/actor/lib/test/auto/NilTokenRecord.xml
----------------- Instantiating /home/travis/build/icyphy/ptII/ptolemy/actor/lib/test/auto/NilTokenRecord.xml
6 ms. Memory: 562176K Free: 441040K (78%)
----------------- Invoking toplevel() on ptolemy.moml.MoMLSimpleApplication@78da0776
----------------- Done invoking toplevel() on ptolemy.moml.MoMLSimpleApplication@78da0776
reloadAllAccessors: .NilTokenRecord

===========================================================================================
----------------- testing Mon Jul 22 05:12:51 UTC 2019 /home/travis/build/icyphy/ptII/ptolemy/actor/lib/test/auto/NilTokenTypeTest.xml
----------------- Instantiating /home/travis/build/icyphy/ptII/ptolemy/actor/lib/test/auto/NilTokenTypeTest.xml
12 ms. Memory: 562176K Free: 431310K (77%)
----------------- Invoking toplevel() on ptolemy.moml.MoMLSimpleApplication@74fb29e8
----------------- Done invoking toplevel() on ptolemy.moml.MoMLSimpleApplication@74fb29e8
reloadAllAccessors: .NilTokenTypeTest

===========================================================================================
----------------- testing Mon Jul 22 05:12:51 UTC 2019 /home/travis/build/icyphy/ptII/ptolemy/actor/lib/test/auto/ObjectToken1.xml
----------------- Instantiating /home/travis/build/icyphy/ptII/ptolemy/actor/lib/test/auto/ObjectToken1.xml
2 ms. Memory: 562176K Free: 427214K (76%)
----------------- Invoking toplevel() on ptolemy.moml.MoMLSimpleApplication@6218db64
----------------- Done invoking toplevel() on ptolemy.moml.MoMLSimpleApplication@6218db64
reloadAllAccessors: .ObjectToken1

===========================================================================================
----------------- testing Mon Jul 22 05:12:51 UTC 2019 /home/travis/build/icyphy/ptII/ptolemy/actor/lib/test/auto/OrderedMerge.xml
----------------- Instantiating /home/travis/build/icyphy/ptII/ptolemy/actor/lib/test/auto/OrderedMerge.xml
11 ms. Memory: 562176K Free: 421584K (75%)
----------------- Invoking toplevel() on ptolemy.moml.MoMLSimpleApplication@73275deb
----------------- Done invoking toplevel() on ptolemy.moml.MoMLSimpleApplication@73275deb
reloadAllAccessors: .OrderedMerge

===========================================================================================
----------------- testing Mon Jul 22 05:12:51 UTC 2019 /home/travis/build/icyphy/ptII/ptolemy/actor/lib/test/auto/OrderedRecordDisassembler.xml
----------------- Instantiating /home/travis/build/icyphy/ptII/ptolemy/actor/lib/test/auto/OrderedRecordDisassembler.xml
2 ms. Memory: 562176K Free: 416944K (74%)
----------------- Invoking toplevel() on ptolemy.moml.MoMLSimpleApplication@5660793b
----------------- Done invoking toplevel() on ptolemy.moml.MoMLSimpleApplication@5660793b
reloadAllAccessors: .OrderedRecordDisassembler

===========================================================================================
----------------- testing Mon Jul 22 05:12:51 UTC 2019 /home/travis/build/icyphy/ptII/ptolemy/actor/lib/test/auto/OrderedRecordDisassembler2.xml
----------------- Instantiating /home/travis/build/icyphy/ptII/ptolemy/actor/lib/test/auto/OrderedRecordDisassembler2.xml
4 ms. Memory: 562176K Free: 409296K (73%)
----------------- Invoking toplevel() on ptolemy.moml.MoMLSimpleApplication@3b35a1c7
----------------- Done invoking toplevel() on ptolemy.moml.MoMLSimpleApplication@3b35a1c7
reloadAllAccessors: .OrderedRecordDisassembler2

===========================================================================================
----------------- testing Mon Jul 22 05:12:51 UTC 2019 /home/travis/build/icyphy/ptII/ptolemy/actor/lib/test/auto/OrderedRecordUpdater.xml
----------------- Instantiating /home/travis/build/icyphy/ptII/ptolemy/actor/lib/test/auto/OrderedRecordUpdater.xml
2 ms. Memory: 562176K Free: 404176K (72%)
----------------- Invoking toplevel() on ptolemy.moml.MoMLSimpleApplication@6135ae34
----------------- Done invoking toplevel() on ptolemy.moml.MoMLSimpleApplication@6135ae34
reloadAllAccessors: .RecordUpdater

===========================================================================================
----------------- testing Mon Jul 22 05:12:51 UTC 2019 /home/travis/build/icyphy/ptII/ptolemy/actor/lib/test/auto/OrderedRecordUpdater2.xml
----------------- Instantiating /home/travis/build/icyphy/ptII/ptolemy/actor/lib/test/auto/OrderedRecordUpdater2.xml
2 ms. Memory: 562176K Free: 399566K (71%)
----------------- Invoking toplevel() on ptolemy.moml.MoMLSimpleApplication@23abde6d
----------------- Done invoking toplevel() on ptolemy.moml.MoMLSimpleApplication@23abde6d
reloadAllAccessors: .RecordUpdater2

===========================================================================================
----------------- testing Mon Jul 22 05:12:51 UTC 2019 /home/travis/build/icyphy/ptII/ptolemy/actor/lib/test/auto/PhaseUnwrap.xml
----------------- Instantiating /home/travis/build/icyphy/ptII/ptolemy/actor/lib/test/auto/PhaseUnwrap.xml
2 ms. Memory: 562176K Free: 394960K (70%)
----------------- Invoking toplevel() on ptolemy.moml.MoMLSimpleApplication@1817faf3
----------------- Done invoking toplevel() on ptolemy.moml.MoMLSimpleApplication@1817faf3
reloadAllAccessors: .PhaseUnwrap

===========================================================================================
----------------- testing Mon Jul 22 05:12:51 UTC 2019 /home/travis/build/icyphy/ptII/ptolemy/actor/lib/test/auto/PoissonClock.xml
----------------- Instantiating /home/travis/build/icyphy/ptII/ptolemy/actor/lib/test/auto/PoissonClock.xml
2 ms. Memory: 562176K Free: 390864K (70%)
----------------- Invoking toplevel() on ptolemy.moml.MoMLSimpleApplication@4d6ba29c
----------------- Done invoking toplevel() on ptolemy.moml.MoMLSimpleApplication@4d6ba29c
reloadAllAccessors: .PoissonClock

===========================================================================================
----------------- testing Mon Jul 22 05:12:51 UTC 2019 /home/travis/build/icyphy/ptII/ptolemy/actor/lib/test/auto/PoissonClock2.xml
----------------- Instantiating /home/travis/build/icyphy/ptII/ptolemy/actor/lib/test/auto/PoissonClock2.xml
1 ms. Memory: 562176K Free: 386768K (69%)
----------------- Invoking toplevel() on ptolemy.moml.MoMLSimpleApplication@2bb2fb64
----------------- Done invoking toplevel() on ptolemy.moml.MoMLSimpleApplication@2bb2fb64
reloadAllAccessors: .PoissonClock2

===========================================================================================
----------------- testing Mon Jul 22 05:12:51 UTC 2019 /home/travis/build/icyphy/ptII/ptolemy/actor/lib/test/auto/PoissonClock3.xml
----------------- Instantiating /home/travis/build/icyphy/ptII/ptolemy/actor/lib/test/auto/PoissonClock3.xml
1 ms. Memory: 562176K Free: 382158K (68%)
----------------- Invoking toplevel() on ptolemy.moml.MoMLSimpleApplication@7b2e5ba
----------------- Done invoking toplevel() on ptolemy.moml.MoMLSimpleApplication@7b2e5ba
reloadAllAccessors: .PoissonClock3

===========================================================================================
----------------- testing Mon Jul 22 05:12:51 UTC 2019 /home/travis/build/icyphy/ptII/ptolemy/actor/lib/test/auto/PubSubWithInitialTokens.xml
----------------- Instantiating /home/travis/build/icyphy/ptII/ptolemy/actor/lib/test/auto/PubSubWithInitialTokens.xml
2 ms. Memory: 562176K Free: 376528K (67%)
----------------- Invoking toplevel() on ptolemy.moml.MoMLSimpleApplication@1aba371b
----------------- Done invoking toplevel() on ptolemy.moml.MoMLSimpleApplication@1aba371b
reloadAllAccessors: .PubSubWithInitialTokens

===========================================================================================
----------------- testing Mon Jul 22 05:12:51 UTC 2019 /home/travis/build/icyphy/ptII/ptolemy/actor/lib/test/auto/PubSubWithInitialTokens2.xml
----------------- Instantiating /home/travis/build/icyphy/ptII/ptolemy/actor/lib/test/auto/PubSubWithInitialTokens2.xml
1 ms. Memory: 562176K Free: 370384K (66%)
----------------- Invoking toplevel() on ptolemy.moml.MoMLSimpleApplication@8c751cb
----------------- Done invoking toplevel() on ptolemy.moml.MoMLSimpleApplication@8c751cb
reloadAllAccessors: .PubSubWithInitialTokens2

===========================================================================================
----------------- testing Mon Jul 22 05:12:51 UTC 2019 /home/travis/build/icyphy/ptII/ptolemy/actor/lib/test/auto/PublisherClassNoParameter.xml
----------------- Instantiating /home/travis/build/icyphy/ptII/ptolemy/actor/lib/test/auto/PublisherClassNoParameter.xml
2 ms. Memory: 562176K Free: 360640K (64%)
----------------- Invoking toplevel() on ptolemy.moml.MoMLSimpleApplication@3f29d2a8
----------------- Done invoking toplevel() on ptolemy.moml.MoMLSimpleApplication@3f29d2a8
reloadAllAccessors: .PublisherClassNoParameter

===========================================================================================
----------------- testing Mon Jul 22 05:12:51 UTC 2019 /home/travis/build/icyphy/ptII/ptolemy/actor/lib/test/auto/PublisherClassParameter.xml
----------------- Instantiating /home/travis/build/icyphy/ptII/ptolemy/actor/lib/test/auto/PublisherClassParameter.xml
2 ms. Memory: 562176K Free: 350414K (62%)
----------------- Invoking toplevel() on ptolemy.moml.MoMLSimpleApplication@e27a99e
----------------- Done invoking toplevel() on ptolemy.moml.MoMLSimpleApplication@e27a99e
reloadAllAccessors: .PublisherClassParameter

===========================================================================================
----------------- testing Mon Jul 22 05:12:51 UTC 2019 /home/travis/build/icyphy/ptII/ptolemy/actor/lib/test/auto/PublisherNonStrictTest.xml
----------------- Instantiating /home/travis/build/icyphy/ptII/ptolemy/actor/lib/test/auto/PublisherNonStrictTest.xml
3 ms. Memory: 562176K Free: 342736K (61%)
----------------- Invoking toplevel() on ptolemy.moml.MoMLSimpleApplication@1c12ea90
----------------- Done invoking toplevel() on ptolemy.moml.MoMLSimpleApplication@1c12ea90
reloadAllAccessors: .PublisherNonStrictTest

===========================================================================================
----------------- testing Mon Jul 22 05:12:51 UTC 2019 /home/travis/build/icyphy/ptII/ptolemy/actor/lib/test/auto/PublisherPort1.xml
----------------- Instantiating /home/travis/build/icyphy/ptII/ptolemy/actor/lib/test/auto/PublisherPort1.xml
2 ms. Memory: 562176K Free: 337616K (60%)
----------------- Invoking toplevel() on ptolemy.moml.MoMLSimpleApplication@24cedaec
----------------- Done invoking toplevel() on ptolemy.moml.MoMLSimpleApplication@24cedaec
reloadAllAccessors: .PublisherPort1

===========================================================================================
----------------- testing Mon Jul 22 05:12:51 UTC 2019 /home/travis/build/icyphy/ptII/ptolemy/actor/lib/test/auto/PublisherPort2.xml
----------------- Instantiating /home/travis/build/icyphy/ptII/ptolemy/actor/lib/test/auto/PublisherPort2.xml
1 ms. Memory: 562176K Free: 332496K (59%)
----------------- Invoking toplevel() on ptolemy.moml.MoMLSimpleApplication@36c54aa
----------------- Done invoking toplevel() on ptolemy.moml.MoMLSimpleApplication@36c54aa
reloadAllAccessors: .PublisherPort2

===========================================================================================
----------------- testing Mon Jul 22 05:12:51 UTC 2019 /home/travis/build/icyphy/ptII/ptolemy/actor/lib/test/auto/PublisherPort3.xml
----------------- Instantiating /home/travis/build/icyphy/ptII/ptolemy/actor/lib/test/auto/PublisherPort3.xml
10 ms. Memory: 562176K Free: 325808K (58%)
----------------- Invoking toplevel() on ptolemy.moml.MoMLSimpleApplication@1f42e610
----------------- Done invoking toplevel() on ptolemy.moml.MoMLSimpleApplication@1f42e610
reloadAllAccessors: .PublisherPort3

===========================================================================================
----------------- testing Mon Jul 22 05:12:51 UTC 2019 /home/travis/build/icyphy/ptII/ptolemy/actor/lib/test/auto/PublisherPort4.xml
----------------- Instantiating /home/travis/build/icyphy/ptII/ptolemy/actor/lib/test/auto/PublisherPort4.xml
2 ms. Memory: 562176K Free: 320208K (57%)
----------------- Invoking toplevel() on ptolemy.moml.MoMLSimpleApplication@2c1abd0b
----------------- Done invoking toplevel() on ptolemy.moml.MoMLSimpleApplication@2c1abd0b
reloadAllAccessors: .PublisherPort4

===========================================================================================
----------------- testing Mon Jul 22 05:12:51 UTC 2019 /home/travis/build/icyphy/ptII/ptolemy/actor/lib/test/auto/PublisherPort5.xml
----------------- Instantiating /home/travis/build/icyphy/ptII/ptolemy/actor/lib/test/auto/PublisherPort5.xml
3 ms. Memory: 562176K Free: 312526K (56%)
----------------- Invoking toplevel() on ptolemy.moml.MoMLSimpleApplication@4fab5178
----------------- Done invoking toplevel() on ptolemy.moml.MoMLSimpleApplication@4fab5178
reloadAllAccessors: .PublisherPort5

===========================================================================================
----------------- testing Mon Jul 22 05:12:51 UTC 2019 /home/travis/build/icyphy/ptII/ptolemy/actor/lib/test/auto/PublisherPort5LookAlike.xml
----------------- Instantiating /home/travis/build/icyphy/ptII/ptolemy/actor/lib/test/auto/PublisherPort5LookAlike.xml
7 ms. Memory: 562176K Free: 304848K (54%)
----------------- Invoking toplevel() on ptolemy.moml.MoMLSimpleApplication@1fb5edab
----------------- Done invoking toplevel() on ptolemy.moml.MoMLSimpleApplication@1fb5edab
reloadAllAccessors: .PublisherPort5LookAlike

===========================================================================================
----------------- testing Mon Jul 22 05:12:51 UTC 2019 /home/travis/build/icyphy/ptII/ptolemy/actor/lib/test/auto/PublisherPort6.xml
----------------- Instantiating /home/travis/build/icyphy/ptII/ptolemy/actor/lib/test/auto/PublisherPort6.xml
2 ms. Memory: 562176K Free: 298190K (53%)
----------------- Invoking toplevel() on ptolemy.moml.MoMLSimpleApplication@214d1ccf
----------------- Done invoking toplevel() on ptolemy.moml.MoMLSimpleApplication@214d1ccf
reloadAllAccessors: .PublisherPort6

===========================================================================================
----------------- testing Mon Jul 22 05:12:51 UTC 2019 /home/travis/build/icyphy/ptII/ptolemy/actor/lib/test/auto/PublisherPort7.xml
----------------- Instantiating /home/travis/build/icyphy/ptII/ptolemy/actor/lib/test/auto/PublisherPort7.xml
3 ms. Memory: 562176K Free: 290512K (52%)
----------------- Invoking toplevel() on ptolemy.moml.MoMLSimpleApplication@7612a385
----------------- Done invoking toplevel() on ptolemy.moml.MoMLSimpleApplication@7612a385
reloadAllAccessors: .PublisherPort7

===========================================================================================
----------------- testing Mon Jul 22 05:12:51 UTC 2019 /home/travis/build/icyphy/ptII/ptolemy/actor/lib/test/auto/PublisherPort8.xml
----------------- Instantiating /home/travis/build/icyphy/ptII/ptolemy/actor/lib/test/auto/PublisherPort8.xml
4 ms. Memory: 562176K Free: 282320K (50%)
----------------- Invoking toplevel() on ptolemy.moml.MoMLSimpleApplication@ce2aec4
----------------- Done invoking toplevel() on ptolemy.moml.MoMLSimpleApplication@ce2aec4
reloadAllAccessors: .PublisherPort8

===========================================================================================
----------------- testing Mon Jul 22 05:12:51 UTC 2019 /home/travis/build/icyphy/ptII/ptolemy/actor/lib/test/auto/PublisherPortSubscriberChannelVariablesAOC2.xml
----------------- Instantiating /home/travis/build/icyphy/ptII/ptolemy/actor/lib/test/auto/PublisherPortSubscriberChannelVariablesAOC2.xml
3 ms. Memory: 562176K Free: 265422K (47%)
----------------- Invoking toplevel() on ptolemy.moml.MoMLSimpleApplication@684f5c59
----------------- Done invoking toplevel() on ptolemy.moml.MoMLSimpleApplication@684f5c59
reloadAllAccessors: .PublisherPortSubscriberChannelVariablesAOC2

===========================================================================================
----------------- testing Mon Jul 22 05:12:51 UTC 2019 /home/travis/build/icyphy/ptII/ptolemy/actor/lib/test/auto/PublisherPortSubscriberOpaqueWidthInference.xml
----------------- Instantiating /home/travis/build/icyphy/ptII/ptolemy/actor/lib/test/auto/PublisherPortSubscriberOpaqueWidthInference.xml
3 ms. Memory: 562176K Free: 257216K (46%)
----------------- Invoking toplevel() on ptolemy.moml.MoMLSimpleApplication@939298b
----------------- Done invoking toplevel() on ptolemy.moml.MoMLSimpleApplication@939298b
reloadAllAccessors: .PublisherPortSubscriberOpaqueWidthInference

===========================================================================================
----------------- testing Mon Jul 22 05:12:51 UTC 2019 /home/travis/build/icyphy/ptII/ptolemy/actor/lib/test/auto/PublisherPortSubscriberPortAdjacent.xml
----------------- Instantiating /home/travis/build/icyphy/ptII/ptolemy/actor/lib/test/auto/PublisherPortSubscriberPortAdjacent.xml
6 ms. Memory: 562176K Free: 249038K (44%)
----------------- Invoking toplevel() on ptolemy.moml.MoMLSimpleApplication@27957190
----------------- Done invoking toplevel() on ptolemy.moml.MoMLSimpleApplication@27957190
reloadAllAccessors: .PublisherPortSubscriberPortAdjacent

===========================================================================================
----------------- testing Mon Jul 22 05:12:51 UTC 2019 /home/travis/build/icyphy/ptII/ptolemy/actor/lib/test/auto/PublisherPortSubscriberPortExpression.xml
----------------- Instantiating /home/travis/build/icyphy/ptII/ptolemy/actor/lib/test/auto/PublisherPortSubscriberPortExpression.xml
7 ms. Memory: 562176K Free: 241360K (43%)
----------------- Invoking toplevel() on ptolemy.moml.MoMLSimpleApplication@8497144
----------------- Done invoking toplevel() on ptolemy.moml.MoMLSimpleApplication@8497144
reloadAllAccessors: .PublisherPortSubscriberPortExpression

===========================================================================================
----------------- testing Mon Jul 22 05:12:51 UTC 2019 /home/travis/build/icyphy/ptII/ptolemy/actor/lib/test/auto/PublisherPortSubscriberPortOpaqueD3Reverse.xml
----------------- Instantiating /home/travis/build/icyphy/ptII/ptolemy/actor/lib/test/auto/PublisherPortSubscriberPortOpaqueD3Reverse.xml
5 ms. Memory: 562176K Free: 231120K (41%)
----------------- Invoking toplevel() on ptolemy.moml.MoMLSimpleApplication@154b120a
----------------- Done invoking toplevel() on ptolemy.moml.MoMLSimpleApplication@154b120a
reloadAllAccessors: .PublisherPortSubscriberPortOpaqueD3Reverse

===========================================================================================
----------------- testing Mon Jul 22 05:12:51 UTC 2019 /home/travis/build/icyphy/ptII/ptolemy/actor/lib/test/auto/PublisherPortSubscriberPortOpaqueWidthInference.xml
----------------- Instantiating /home/travis/build/icyphy/ptII/ptolemy/actor/lib/test/auto/PublisherPortSubscriberPortOpaqueWidthInference.xml
3 ms. Memory: 562176K Free: 223424K (40%)
----------------- Invoking toplevel() on ptolemy.moml.MoMLSimpleApplication@29c1008d
----------------- Done invoking toplevel() on ptolemy.moml.MoMLSimpleApplication@29c1008d
reloadAllAccessors: .PublisherPortSubscriberPortOpaqueWidthInference

===========================================================================================
----------------- testing Mon Jul 22 05:12:51 UTC 2019 /home/travis/build/icyphy/ptII/ptolemy/actor/lib/test/auto/PublisherPortToplevelSubscriberPortAOC.xml
----------------- Instantiating /home/travis/build/icyphy/ptII/ptolemy/actor/lib/test/auto/PublisherPortToplevelSubscriberPortAOC.xml
.PublisherPortToplevelSubscriberPortAOC.TestExceptionAttribute: initialize() was not invoked, but wrapup() was.  This is unusual, but not always a problem.  For example, exporting JNLP will do this.
1 ms. Memory: 562176K Free: 217294K (39%)
----------------- Invoking toplevel() on ptolemy.moml.MoMLSimpleApplication@59263a2f
----------------- Done invoking toplevel() on ptolemy.moml.MoMLSimpleApplication@59263a2f
reloadAllAccessors: .PublisherPortToplevelSubscriberPortAOC

===========================================================================================
----------------- testing Mon Jul 22 05:12:51 UTC 2019 /home/travis/build/icyphy/ptII/ptolemy/actor/lib/test/auto/PublisherSubscriber.xml
----------------- Instantiating /home/travis/build/icyphy/ptII/ptolemy/actor/lib/test/auto/PublisherSubscriber.xml
2 ms. Memory: 562176K Free: 209616K (37%)
----------------- Invoking toplevel() on ptolemy.moml.MoMLSimpleApplication@5ae39fd
----------------- Done invoking toplevel() on ptolemy.moml.MoMLSimpleApplication@5ae39fd
reloadAllAccessors: .PublisherSubscriber

===========================================================================================
----------------- testing Mon Jul 22 05:12:52 UTC 2019 /home/travis/build/icyphy/ptII/ptolemy/actor/lib/test/auto/PublisherSubscriber10.xml
----------------- Instantiating /home/travis/build/icyphy/ptII/ptolemy/actor/lib/test/auto/PublisherSubscriber10.xml
5 ms. Memory: 562176K Free: 199886K (36%)
----------------- Invoking toplevel() on ptolemy.moml.MoMLSimpleApplication@512ad15f
----------------- Done invoking toplevel() on ptolemy.moml.MoMLSimpleApplication@512ad15f
reloadAllAccessors: .PublisherSubscriber10

===========================================================================================
----------------- testing Mon Jul 22 05:12:52 UTC 2019 /home/travis/build/icyphy/ptII/ptolemy/actor/lib/test/auto/PublisherSubscriber10InitialOutputs.xml
----------------- Instantiating /home/travis/build/icyphy/ptII/ptolemy/actor/lib/test/auto/PublisherSubscriber10InitialOutputs.xml
14 ms. Memory: 562176K Free: 191184K (34%)
----------------- Invoking toplevel() on ptolemy.moml.MoMLSimpleApplication@255a6d8d
----------------- Done invoking toplevel() on ptolemy.moml.MoMLSimpleApplication@255a6d8d
reloadAllAccessors: .PublisherSubscriber10InitialOutputs

===========================================================================================
----------------- testing Mon Jul 22 05:12:52 UTC 2019 /home/travis/build/icyphy/ptII/ptolemy/actor/lib/test/auto/PublisherSubscriber11.xml
----------------- Instantiating /home/travis/build/icyphy/ptII/ptolemy/actor/lib/test/auto/PublisherSubscriber11.xml
3 ms. Memory: 562176K Free: 185040K (33%)
----------------- Invoking toplevel() on ptolemy.moml.MoMLSimpleApplication@4d31aacf
----------------- Done invoking toplevel() on ptolemy.moml.MoMLSimpleApplication@4d31aacf
reloadAllAccessors: .PublisherSubscriber11

===========================================================================================
----------------- testing Mon Jul 22 05:12:52 UTC 2019 /home/travis/build/icyphy/ptII/ptolemy/actor/lib/test/auto/PublisherSubscriber12.xml
----------------- Instantiating /home/travis/build/icyphy/ptII/ptolemy/actor/lib/test/auto/PublisherSubscriber12.xml
4 ms. Memory: 562176K Free: 512014K (91%)
----------------- Invoking toplevel() on ptolemy.moml.MoMLSimpleApplication@171eea29
----------------- Done invoking toplevel() on ptolemy.moml.MoMLSimpleApplication@171eea29
reloadAllAccessors: .PublisherSubscriber12

===========================================================================================
----------------- testing Mon Jul 22 05:12:52 UTC 2019 /home/travis/build/icyphy/ptII/ptolemy/actor/lib/test/auto/PublisherSubscriber13.xml
----------------- Instantiating /home/travis/build/icyphy/ptII/ptolemy/actor/lib/test/auto/PublisherSubscriber13.xml
2 ms. Memory: 562176K Free: 506398K (90%)
----------------- Invoking toplevel() on ptolemy.moml.MoMLSimpleApplication@78a24f8d
----------------- Done invoking toplevel() on ptolemy.moml.MoMLSimpleApplication@78a24f8d
reloadAllAccessors: .PublisherSubscriber13

===========================================================================================
----------------- testing Mon Jul 22 05:12:52 UTC 2019 /home/travis/build/icyphy/ptII/ptolemy/actor/lib/test/auto/PublisherSubscriber14.xml
----------------- Instantiating /home/travis/build/icyphy/ptII/ptolemy/actor/lib/test/auto/PublisherSubscriber14.xml
1 ms. Memory: 562176K Free: 497678K (89%)
----------------- Invoking toplevel() on ptolemy.moml.MoMLSimpleApplication@3799a337
----------------- Done invoking toplevel() on ptolemy.moml.MoMLSimpleApplication@3799a337
reloadAllAccessors: .PublisherSubscriber14

===========================================================================================
----------------- testing Mon Jul 22 05:12:52 UTC 2019 /home/travis/build/icyphy/ptII/ptolemy/actor/lib/test/auto/PublisherSubscriber2.xml
----------------- Instantiating /home/travis/build/icyphy/ptII/ptolemy/actor/lib/test/auto/PublisherSubscriber2.xml
3 ms. Memory: 562176K Free: 492062K (88%)
----------------- Invoking toplevel() on ptolemy.moml.MoMLSimpleApplication@1c64bf81
----------------- Done invoking toplevel() on ptolemy.moml.MoMLSimpleApplication@1c64bf81
reloadAllAccessors: .PublisherSubscriber2

===========================================================================================
----------------- testing Mon Jul 22 05:12:52 UTC 2019 /home/travis/build/icyphy/ptII/ptolemy/actor/lib/test/auto/PublisherSubscriber3.xml
----------------- Instantiating /home/travis/build/icyphy/ptII/ptolemy/actor/lib/test/auto/PublisherSubscriber3.xml
1 ms. Memory: 562176K Free: 486414K (87%)
----------------- Invoking toplevel() on ptolemy.moml.MoMLSimpleApplication@3f1aa969
----------------- Done invoking toplevel() on ptolemy.moml.MoMLSimpleApplication@3f1aa969
reloadAllAccessors: .PublisherSubscriber3

===========================================================================================
----------------- testing Mon Jul 22 05:12:52 UTC 2019 /home/travis/build/icyphy/ptII/ptolemy/actor/lib/test/auto/PublisherSubscriber4.xml
----------------- Instantiating /home/travis/build/icyphy/ptII/ptolemy/actor/lib/test/auto/PublisherSubscriber4.xml
1 ms. Memory: 562176K Free: 480798K (86%)
----------------- Invoking toplevel() on ptolemy.moml.MoMLSimpleApplication@fa6fa24
----------------- Done invoking toplevel() on ptolemy.moml.MoMLSimpleApplication@fa6fa24
reloadAllAccessors: .PublisherSubscriber4

===========================================================================================
----------------- testing Mon Jul 22 05:12:52 UTC 2019 /home/travis/build/icyphy/ptII/ptolemy/actor/lib/test/auto/PublisherSubscriber5.xml
----------------- Instantiating /home/travis/build/icyphy/ptII/ptolemy/actor/lib/test/auto/PublisherSubscriber5.xml
1 ms. Memory: 562176K Free: 474134K (84%)
----------------- Invoking toplevel() on ptolemy.moml.MoMLSimpleApplication@36151677
----------------- Done invoking toplevel() on ptolemy.moml.MoMLSimpleApplication@36151677
reloadAllAccessors: .PublisherSubscriber5

===========================================================================================
----------------- testing Mon Jul 22 05:12:52 UTC 2019 /home/travis/build/icyphy/ptII/ptolemy/actor/lib/test/auto/PublisherSubscriber6.xml
----------------- Instantiating /home/travis/build/icyphy/ptII/ptolemy/actor/lib/test/auto/PublisherSubscriber6.xml
4 ms. Memory: 562176K Free: 467486K (83%)
----------------- Invoking toplevel() on ptolemy.moml.MoMLSimpleApplication@4b739f4f
----------------- Done invoking toplevel() on ptolemy.moml.MoMLSimpleApplication@4b739f4f
reloadAllAccessors: .PublisherSubscriber6

===========================================================================================
----------------- testing Mon Jul 22 05:12:52 UTC 2019 /home/travis/build/icyphy/ptII/ptolemy/actor/lib/test/auto/PublisherSubscriber7.xml
----------------- Instantiating /home/travis/build/icyphy/ptII/ptolemy/actor/lib/test/auto/PublisherSubscriber7.xml
7 ms. Memory: 562176K Free: 460828K (82%)
----------------- Invoking toplevel() on ptolemy.moml.MoMLSimpleApplication@41ddc3e0
----------------- Done invoking toplevel() on ptolemy.moml.MoMLSimpleApplication@41ddc3e0
reloadAllAccessors: .PublisherSubscriber7

===========================================================================================
----------------- testing Mon Jul 22 05:12:52 UTC 2019 /home/travis/build/icyphy/ptII/ptolemy/actor/lib/test/auto/PublisherSubscriber8.xml
----------------- Instantiating /home/travis/build/icyphy/ptII/ptolemy/actor/lib/test/auto/PublisherSubscriber8.xml
16 ms. Memory: 562176K Free: 449052K (80%)
----------------- Invoking toplevel() on ptolemy.moml.MoMLSimpleApplication@3a373d89
----------------- Done invoking toplevel() on ptolemy.moml.MoMLSimpleApplication@3a373d89
reloadAllAccessors: .PublisherSubscriber8

===========================================================================================
----------------- testing Mon Jul 22 05:12:52 UTC 2019 /home/travis/build/icyphy/ptII/ptolemy/actor/lib/test/auto/PublisherSubscriber9.xml
----------------- Instantiating /home/travis/build/icyphy/ptII/ptolemy/actor/lib/test/auto/PublisherSubscriber9.xml
2 ms. Memory: 562176K Free: 441886K (79%)
----------------- Invoking toplevel() on ptolemy.moml.MoMLSimpleApplication@c2ad49
----------------- Done invoking toplevel() on ptolemy.moml.MoMLSimpleApplication@c2ad49
reloadAllAccessors: .PublisherSubscriber9

===========================================================================================
----------------- testing Mon Jul 22 05:12:52 UTC 2019 /home/travis/build/icyphy/ptII/ptolemy/actor/lib/test/auto/PublisherSubscriberAdjacent.xml
----------------- Instantiating /home/travis/build/icyphy/ptII/ptolemy/actor/lib/test/auto/PublisherSubscriberAdjacent.xml
2 ms. Memory: 562176K Free: 433180K (77%)
----------------- Invoking toplevel() on ptolemy.moml.MoMLSimpleApplication@17622f6b
----------------- Done invoking toplevel() on ptolemy.moml.MoMLSimpleApplication@17622f6b
reloadAllAccessors: .PublisherSubscriberAdjacent

===========================================================================================
----------------- testing Mon Jul 22 05:12:52 UTC 2019 /home/travis/build/icyphy/ptII/ptolemy/actor/lib/test/auto/PublisherSubscriberChannelVariablesAOC2.xml
----------------- Instantiating /home/travis/build/icyphy/ptII/ptolemy/actor/lib/test/auto/PublisherSubscriberChannelVariablesAOC2.xml
3 ms. Memory: 562176K Free: 418334K (74%)
----------------- Invoking toplevel() on ptolemy.moml.MoMLSimpleApplication@6993f695
----------------- Done invoking toplevel() on ptolemy.moml.MoMLSimpleApplication@6993f695
reloadAllAccessors: .PublisherSubscriberChannelVariablesAOC2

===========================================================================================
----------------- testing Mon Jul 22 05:12:52 UTC 2019 /home/travis/build/icyphy/ptII/ptolemy/actor/lib/test/auto/PublisherSubscriberD3.xml
----------------- Instantiating /home/travis/build/icyphy/ptII/ptolemy/actor/lib/test/auto/PublisherSubscriberD3.xml
1 ms. Memory: 562176K Free: 411166K (73%)
----------------- Invoking toplevel() on ptolemy.moml.MoMLSimpleApplication@46b7f48c
----------------- Done invoking toplevel() on ptolemy.moml.MoMLSimpleApplication@46b7f48c
reloadAllAccessors: .PublisherSubscriberD3

===========================================================================================
----------------- testing Mon Jul 22 05:12:52 UTC 2019 /home/travis/build/icyphy/ptII/ptolemy/actor/lib/test/auto/PublisherSubscriberD3Reverse.xml
----------------- Instantiating /home/travis/build/icyphy/ptII/ptolemy/actor/lib/test/auto/PublisherSubscriberD3Reverse.xml
1 ms. Memory: 562176K Free: 405022K (72%)
----------------- Invoking toplevel() on ptolemy.moml.MoMLSimpleApplication@35c3c10a
----------------- Done invoking toplevel() on ptolemy.moml.MoMLSimpleApplication@35c3c10a
reloadAllAccessors: .PublisherSubscriberD3Reverse

===========================================================================================
----------------- testing Mon Jul 22 05:12:52 UTC 2019 /home/travis/build/icyphy/ptII/ptolemy/actor/lib/test/auto/PublisherSubscriberExpression.xml
----------------- Instantiating /home/travis/build/icyphy/ptII/ptolemy/actor/lib/test/auto/PublisherSubscriberExpression.xml
4 ms. Memory: 562176K Free: 396302K (70%)
----------------- Invoking toplevel() on ptolemy.moml.MoMLSimpleApplication@69415aa4
----------------- Done invoking toplevel() on ptolemy.moml.MoMLSimpleApplication@69415aa4
reloadAllAccessors: .PublisherSubscriberExpression

===========================================================================================
----------------- testing Mon Jul 22 05:12:52 UTC 2019 /home/travis/build/icyphy/ptII/ptolemy/actor/lib/test/auto/PublisherSubscriberOpaque.xml
----------------- Instantiating /home/travis/build/icyphy/ptII/ptolemy/actor/lib/test/auto/PublisherSubscriberOpaque.xml
3 ms. Memory: 562176K Free: 388124K (69%)
----------------- Invoking toplevel() on ptolemy.moml.MoMLSimpleApplication@3d15c8da
----------------- Done invoking toplevel() on ptolemy.moml.MoMLSimpleApplication@3d15c8da
reloadAllAccessors: .PublisherSubscriberOpaque

===========================================================================================
----------------- testing Mon Jul 22 05:12:52 UTC 2019 /home/travis/build/icyphy/ptII/ptolemy/actor/lib/test/auto/PublisherSubscriberOpaqueD3.xml
----------------- Instantiating /home/travis/build/icyphy/ptII/ptolemy/actor/lib/test/auto/PublisherSubscriberOpaqueD3.xml
5 ms. Memory: 562176K Free: 376860K (67%)
----------------- Invoking toplevel() on ptolemy.moml.MoMLSimpleApplication@516167c
----------------- Done invoking toplevel() on ptolemy.moml.MoMLSimpleApplication@516167c
reloadAllAccessors: .PublisherSubscriberOpaqueD3

===========================================================================================
----------------- testing Mon Jul 22 05:12:52 UTC 2019 /home/travis/build/icyphy/ptII/ptolemy/actor/lib/test/auto/PublisherSubscriberOpaqueD3Reverse.xml
----------------- Instantiating /home/travis/build/icyphy/ptII/ptolemy/actor/lib/test/auto/PublisherSubscriberOpaqueD3Reverse.xml
8 ms. Memory: 562176K Free: 366110K (65%)
----------------- Invoking toplevel() on ptolemy.moml.MoMLSimpleApplication@661538b6
----------------- Done invoking toplevel() on ptolemy.moml.MoMLSimpleApplication@661538b6
reloadAllAccessors: .PublisherSubscriberOpaqueD3Reverse

===========================================================================================
----------------- testing Mon Jul 22 05:12:52 UTC 2019 /home/travis/build/icyphy/ptII/ptolemy/actor/lib/test/auto/PublisherSubscriberOpaqueWidthInference.xml
----------------- Instantiating /home/travis/build/icyphy/ptII/ptolemy/actor/lib/test/auto/PublisherSubscriberOpaqueWidthInference.xml
4 ms. Memory: 562176K Free: 358414K (64%)
----------------- Invoking toplevel() on ptolemy.moml.MoMLSimpleApplication@3e8f6d24
----------------- Done invoking toplevel() on ptolemy.moml.MoMLSimpleApplication@3e8f6d24
reloadAllAccessors: .PublisherSubscriberOpaqueWidthInference

===========================================================================================
----------------- testing Mon Jul 22 05:12:52 UTC 2019 /home/travis/build/icyphy/ptII/ptolemy/actor/lib/test/auto/PublisherTestSubscriber.xml
----------------- Instantiating /home/travis/build/icyphy/ptII/ptolemy/actor/lib/test/auto/PublisherTestSubscriber.xml
2 ms. Memory: 562176K Free: 350750K (62%)
----------------- Invoking toplevel() on ptolemy.moml.MoMLSimpleApplication@eb03a7e
----------------- Done invoking toplevel() on ptolemy.moml.MoMLSimpleApplication@eb03a7e
reloadAllAccessors: .PublisherTestSubscriber

===========================================================================================
----------------- testing Mon Jul 22 05:12:52 UTC 2019 /home/travis/build/icyphy/ptII/ptolemy/actor/lib/test/auto/PublisherToplevelSubscriberPortAOC.xml
----------------- Instantiating /home/travis/build/icyphy/ptII/ptolemy/actor/lib/test/auto/PublisherToplevelSubscriberPortAOC.xml
1 ms. Memory: 562176K Free: 344606K (61%)
----------------- Invoking toplevel() on ptolemy.moml.MoMLSimpleApplication@739a1930
----------------- Done invoking toplevel() on ptolemy.moml.MoMLSimpleApplication@739a1930
reloadAllAccessors: .PublisherToplevelSubscriberPortAOC

===========================================================================================
----------------- testing Mon Jul 22 05:12:52 UTC 2019 /home/travis/build/icyphy/ptII/ptolemy/actor/lib/test/auto/PulseFiringLimitDE.xml
----------------- Instantiating /home/travis/build/icyphy/ptII/ptolemy/actor/lib/test/auto/PulseFiringLimitDE.xml
2 ms. Memory: 562176K Free: 337948K (60%)
----------------- Invoking toplevel() on ptolemy.moml.MoMLSimpleApplication@50bb0cef
----------------- Done invoking toplevel() on ptolemy.moml.MoMLSimpleApplication@50bb0cef
reloadAllAccessors: .PulseFiringLimitDE

===========================================================================================
----------------- testing Mon Jul 22 05:12:52 UTC 2019 /home/travis/build/icyphy/ptII/ptolemy/actor/lib/test/auto/Ramp1.xml
----------------- Instantiating /home/travis/build/icyphy/ptII/ptolemy/actor/lib/test/auto/Ramp1.xml
1 ms. Memory: 562176K Free: 333846K (59%)
----------------- Invoking toplevel() on ptolemy.moml.MoMLSimpleApplication@98757f3
----------------- Done invoking toplevel() on ptolemy.moml.MoMLSimpleApplication@98757f3
reloadAllAccessors: .Ramp1

===========================================================================================
----------------- testing Mon Jul 22 05:12:52 UTC 2019 /home/travis/build/icyphy/ptII/ptolemy/actor/lib/test/auto/RampFiringLimitDE.xml
----------------- Instantiating /home/travis/build/icyphy/ptII/ptolemy/actor/lib/test/auto/RampFiringLimitDE.xml
2 ms. Memory: 562176K Free: 327694K (58%)
----------------- Invoking toplevel() on ptolemy.moml.MoMLSimpleApplication@37f65013
----------------- Done invoking toplevel() on ptolemy.moml.MoMLSimpleApplication@37f65013
reloadAllAccessors: .RampFiringLimitDE

===========================================================================================
----------------- testing Mon Jul 22 05:12:52 UTC 2019 /home/travis/build/icyphy/ptII/ptolemy/actor/lib/test/auto/RampFiringLimitSDF.xml
----------------- Instantiating /home/travis/build/icyphy/ptII/ptolemy/actor/lib/test/auto/RampFiringLimitSDF.xml
2 ms. Memory: 562176K Free: 322558K (57%)
----------------- Invoking toplevel() on ptolemy.moml.MoMLSimpleApplication@6b11f157
----------------- Done invoking toplevel() on ptolemy.moml.MoMLSimpleApplication@6b11f157
reloadAllAccessors: .RampFiringLimitSDF

===========================================================================================
----------------- testing Mon Jul 22 05:12:52 UTC 2019 /home/travis/build/icyphy/ptII/ptolemy/actor/lib/test/auto/RandomInteger.xml
----------------- Instantiating /home/travis/build/icyphy/ptII/ptolemy/actor/lib/test/auto/RandomInteger.xml
1 ms. Memory: 562176K Free: 318492K (57%)
----------------- Invoking toplevel() on ptolemy.moml.MoMLSimpleApplication@328917d9
----------------- Done invoking toplevel() on ptolemy.moml.MoMLSimpleApplication@328917d9
reloadAllAccessors: .RandomInteger

===========================================================================================
----------------- testing Mon Jul 22 05:12:52 UTC 2019 /home/travis/build/icyphy/ptII/ptolemy/actor/lib/test/auto/ReadFile1.xml
----------------- Instantiating /home/travis/build/icyphy/ptII/ptolemy/actor/lib/test/auto/ReadFile1.xml
1 ms. Memory: 562176K Free: 313886K (56%)
----------------- Invoking toplevel() on ptolemy.moml.MoMLSimpleApplication@4e5b7b93
----------------- Done invoking toplevel() on ptolemy.moml.MoMLSimpleApplication@4e5b7b93
reloadAllAccessors: .ReadFile1

===========================================================================================
----------------- testing Mon Jul 22 05:12:52 UTC 2019 /home/travis/build/icyphy/ptII/ptolemy/actor/lib/test/auto/ReadFile2.xml
----------------- Instantiating /home/travis/build/icyphy/ptII/ptolemy/actor/lib/test/auto/ReadFile2.xml
0 ms. Memory: 562176K Free: 309790K (55%)
----------------- Invoking toplevel() on ptolemy.moml.MoMLSimpleApplication@6a6afbd6
----------------- Done invoking toplevel() on ptolemy.moml.MoMLSimpleApplication@6a6afbd6
reloadAllAccessors: .ReadFile2

===========================================================================================
----------------- testing Mon Jul 22 05:12:52 UTC 2019 /home/travis/build/icyphy/ptII/ptolemy/actor/lib/test/auto/Reader.xml
----------------- Instantiating /home/travis/build/icyphy/ptII/ptolemy/actor/lib/test/auto/Reader.xml
actor.lib.Reader is obsolete, use actor.lib.io.ExpressionReader instead
4 ms. Memory: 562176K Free: 305694K (54%)
----------------- Invoking toplevel() on ptolemy.moml.MoMLSimpleApplication@3365bb03
----------------- Done invoking toplevel() on ptolemy.moml.MoMLSimpleApplication@3365bb03
reloadAllAccessors: .Reader

===========================================================================================
----------------- testing Mon Jul 22 05:12:52 UTC 2019 /home/travis/build/icyphy/ptII/ptolemy/actor/lib/test/auto/RecordAssemblerDisplayNameTest.xml
----------------- Instantiating /home/travis/build/icyphy/ptII/ptolemy/actor/lib/test/auto/RecordAssemblerDisplayNameTest.xml
3838 ms. Memory: 562176K Free: 406715K (72%)
----------------- Invoking toplevel() on ptolemy.moml.MoMLSimpleApplication@7efa252
----------------- Done invoking toplevel() on ptolemy.moml.MoMLSimpleApplication@7efa252
reloadAllAccessors: .RecordAssemblerDisplayNameTest

===========================================================================================
----------------- testing Mon Jul 22 05:12:56 UTC 2019 /home/travis/build/icyphy/ptII/ptolemy/actor/lib/test/auto/RecordAssemblerTypeError.xml
----------------- Instantiating /home/travis/build/icyphy/ptII/ptolemy/actor/lib/test/auto/RecordAssemblerTypeError.xml
27 ms. Memory: 562176K Free: 396989K (71%)
----------------- Invoking toplevel() on ptolemy.moml.MoMLSimpleApplication@5be080aa
----------------- Done invoking toplevel() on ptolemy.moml.MoMLSimpleApplication@5be080aa
reloadAllAccessors: .RecordAssemblerTypeError

===========================================================================================
----------------- testing Mon Jul 22 05:12:56 UTC 2019 /home/travis/build/icyphy/ptII/ptolemy/actor/lib/test/auto/RecordDisassember.xml
----------------- Instantiating /home/travis/build/icyphy/ptII/ptolemy/actor/lib/test/auto/RecordDisassember.xml
6 ms. Memory: 562176K Free: 392349K (70%)
----------------- Invoking toplevel() on ptolemy.moml.MoMLSimpleApplication@499a2cb5
----------------- Done invoking toplevel() on ptolemy.moml.MoMLSimpleApplication@499a2cb5
reloadAllAccessors: .RecordDisassember

===========================================================================================
----------------- testing Mon Jul 22 05:12:56 UTC 2019 /home/travis/build/icyphy/ptII/ptolemy/actor/lib/test/auto/RecordDisassemberDisplayNameTest.xml
----------------- Instantiating /home/travis/build/icyphy/ptII/ptolemy/actor/lib/test/auto/RecordDisassemberDisplayNameTest.xml
4 ms. Memory: 562176K Free: 384701K (68%)
----------------- Invoking toplevel() on ptolemy.moml.MoMLSimpleApplication@3740bb64
----------------- Done invoking toplevel() on ptolemy.moml.MoMLSimpleApplication@3740bb64
reloadAllAccessors: .RecordDisassemberDisplayNameTest

===========================================================================================
----------------- testing Mon Jul 22 05:12:56 UTC 2019 /home/travis/build/icyphy/ptII/ptolemy/actor/lib/test/auto/RecordDisassembler.xml
----------------- Instantiating /home/travis/build/icyphy/ptII/ptolemy/actor/lib/test/auto/RecordDisassembler.xml
3 ms. Memory: 562176K Free: 379581K (68%)
----------------- Invoking toplevel() on ptolemy.moml.MoMLSimpleApplication@5b31c70b
----------------- Done invoking toplevel() on ptolemy.moml.MoMLSimpleApplication@5b31c70b
reloadAllAccessors: .RecordDisassembler

===========================================================================================
----------------- testing Mon Jul 22 05:12:56 UTC 2019 /home/travis/build/icyphy/ptII/ptolemy/actor/lib/test/auto/RecordDisassembler2.xml
----------------- Instantiating /home/travis/build/icyphy/ptII/ptolemy/actor/lib/test/auto/RecordDisassembler2.xml
2 ms. Memory: 562176K Free: 374461K (67%)
----------------- Invoking toplevel() on ptolemy.moml.MoMLSimpleApplication@1553b1f4
----------------- Done invoking toplevel() on ptolemy.moml.MoMLSimpleApplication@1553b1f4
reloadAllAccessors: .RecordDisassembler2

===========================================================================================
----------------- testing Mon Jul 22 05:12:56 UTC 2019 /home/travis/build/icyphy/ptII/ptolemy/actor/lib/test/auto/RecordUpdater.xml
----------------- Instantiating /home/travis/build/icyphy/ptII/ptolemy/actor/lib/test/auto/RecordUpdater.xml
1 ms. Memory: 562176K Free: 369851K (66%)
----------------- Invoking toplevel() on ptolemy.moml.MoMLSimpleApplication@7237ab5
----------------- Done invoking toplevel() on ptolemy.moml.MoMLSimpleApplication@7237ab5
reloadAllAccessors: .RecordUpdater

===========================================================================================
----------------- testing Mon Jul 22 05:12:56 UTC 2019 /home/travis/build/icyphy/ptII/ptolemy/actor/lib/test/auto/RecordUpdater2.xml
----------------- Instantiating /home/travis/build/icyphy/ptII/ptolemy/actor/lib/test/auto/RecordUpdater2.xml
3 ms. Memory: 562176K Free: 364731K (65%)
----------------- Invoking toplevel() on ptolemy.moml.MoMLSimpleApplication@6f68c18
----------------- Done invoking toplevel() on ptolemy.moml.MoMLSimpleApplication@6f68c18
reloadAllAccessors: .RecordUpdater2

===========================================================================================
----------------- testing Mon Jul 22 05:12:56 UTC 2019 /home/travis/build/icyphy/ptII/ptolemy/actor/lib/test/auto/RecursiveLattice.xml
----------------- Instantiating /home/travis/build/icyphy/ptII/ptolemy/actor/lib/test/auto/RecursiveLattice.xml
1 ms. Memory: 562176K Free: 360635K (64%)
----------------- Invoking toplevel() on ptolemy.moml.MoMLSimpleApplication@252a9c0
----------------- Done invoking toplevel() on ptolemy.moml.MoMLSimpleApplication@252a9c0
reloadAllAccessors: .RecursiveLattice

===========================================================================================
----------------- testing Mon Jul 22 05:12:56 UTC 2019 /home/travis/build/icyphy/ptII/ptolemy/actor/lib/test/auto/Router.xml
----------------- Instantiating /home/travis/build/icyphy/ptII/ptolemy/actor/lib/test/auto/Router.xml
3003 ms. Memory: 562176K Free: 349371K (62%)
----------------- Invoking toplevel() on ptolemy.moml.MoMLSimpleApplication@51e62c26
----------------- Done invoking toplevel() on ptolemy.moml.MoMLSimpleApplication@51e62c26
reloadAllAccessors: .Router

===========================================================================================
----------------- testing Mon Jul 22 05:12:59 UTC 2019 /home/travis/build/icyphy/ptII/ptolemy/actor/lib/test/auto/Router2.xml
----------------- Instantiating /home/travis/build/icyphy/ptII/ptolemy/actor/lib/test/auto/Router2.xml
3008 ms. Memory: 562176K Free: 338621K (60%)
----------------- Invoking toplevel() on ptolemy.moml.MoMLSimpleApplication@5762d616
----------------- Done invoking toplevel() on ptolemy.moml.MoMLSimpleApplication@5762d616
reloadAllAccessors: .Router2

===========================================================================================
----------------- testing Mon Jul 22 05:13:02 UTC 2019 /home/travis/build/icyphy/ptII/ptolemy/actor/lib/test/auto/RunningMaximum.xml
----------------- Instantiating /home/travis/build/icyphy/ptII/ptolemy/actor/lib/test/auto/RunningMaximum.xml
2 ms. Memory: 562176K Free: 334011K (59%)
----------------- Invoking toplevel() on ptolemy.moml.MoMLSimpleApplication@58cc782c
----------------- Done invoking toplevel() on ptolemy.moml.MoMLSimpleApplication@58cc782c
reloadAllAccessors: .RunningMaximum

===========================================================================================
----------------- testing Mon Jul 22 05:13:02 UTC 2019 /home/travis/build/icyphy/ptII/ptolemy/actor/lib/test/auto/RunningMinimum.xml
----------------- Instantiating /home/travis/build/icyphy/ptII/ptolemy/actor/lib/test/auto/RunningMinimum.xml
2 ms. Memory: 562176K Free: 328381K (58%)
----------------- Invoking toplevel() on ptolemy.moml.MoMLSimpleApplication@1ae6ec4b
----------------- Done invoking toplevel() on ptolemy.moml.MoMLSimpleApplication@1ae6ec4b
reloadAllAccessors: .RunningMinimum

===========================================================================================
----------------- testing Mon Jul 22 05:13:02 UTC 2019 /home/travis/build/icyphy/ptII/ptolemy/actor/lib/test/auto/Scale.xml
----------------- Instantiating /home/travis/build/icyphy/ptII/ptolemy/actor/lib/test/auto/Scale.xml
1 ms. Memory: 562176K Free: 323771K (58%)
----------------- Invoking toplevel() on ptolemy.moml.MoMLSimpleApplication@5e189351
----------------- Done invoking toplevel() on ptolemy.moml.MoMLSimpleApplication@5e189351
reloadAllAccessors: .Scale

===========================================================================================
----------------- testing Mon Jul 22 05:13:02 UTC 2019 /home/travis/build/icyphy/ptII/ptolemy/actor/lib/test/auto/Scale2.xml
----------------- Instantiating /home/travis/build/icyphy/ptII/ptolemy/actor/lib/test/auto/Scale2.xml
2 ms. Memory: 562176K Free: 319165K (57%)
----------------- Invoking toplevel() on ptolemy.moml.MoMLSimpleApplication@69b6ea4d
----------------- Done invoking toplevel() on ptolemy.moml.MoMLSimpleApplication@69b6ea4d
reloadAllAccessors: .Scale2

===========================================================================================
----------------- testing Mon Jul 22 05:13:02 UTC 2019 /home/travis/build/icyphy/ptII/ptolemy/actor/lib/test/auto/Scale3.xml
----------------- Instantiating /home/travis/build/icyphy/ptII/ptolemy/actor/lib/test/auto/Scale3.xml
3 ms. Memory: 562176K Free: 312507K (56%)
----------------- Invoking toplevel() on ptolemy.moml.MoMLSimpleApplication@6b955f1d
----------------- Done invoking toplevel() on ptolemy.moml.MoMLSimpleApplication@6b955f1d
reloadAllAccessors: .Scale3

===========================================================================================
----------------- testing Mon Jul 22 05:13:02 UTC 2019 /home/travis/build/icyphy/ptII/ptolemy/actor/lib/test/auto/ScaleArray.xml
----------------- Instantiating /home/travis/build/icyphy/ptII/ptolemy/actor/lib/test/auto/ScaleArray.xml
2 ms. Memory: 562176K Free: 307901K (55%)
----------------- Invoking toplevel() on ptolemy.moml.MoMLSimpleApplication@121284a
----------------- Done invoking toplevel() on ptolemy.moml.MoMLSimpleApplication@121284a
reloadAllAccessors: .ScaleArray

===========================================================================================
----------------- testing Mon Jul 22 05:13:02 UTC 2019 /home/travis/build/icyphy/ptII/ptolemy/actor/lib/test/auto/ScaleArray2.xml
----------------- Instantiating /home/travis/build/icyphy/ptII/ptolemy/actor/lib/test/auto/ScaleArray2.xml
1 ms. Memory: 562176K Free: 303291K (54%)
----------------- Invoking toplevel() on ptolemy.moml.MoMLSimpleApplication@3973a1c8
----------------- Done invoking toplevel() on ptolemy.moml.MoMLSimpleApplication@3973a1c8
reloadAllAccessors: .ScaleArray2

===========================================================================================
----------------- testing Mon Jul 22 05:13:02 UTC 2019 /home/travis/build/icyphy/ptII/ptolemy/actor/lib/test/auto/ScaleMatrix.xml
----------------- Instantiating /home/travis/build/icyphy/ptII/ptolemy/actor/lib/test/auto/ScaleMatrix.xml
167 ms. Memory: 562176K Free: 287421K (51%)
----------------- Invoking toplevel() on ptolemy.moml.MoMLSimpleApplication@59f50702
----------------- Done invoking toplevel() on ptolemy.moml.MoMLSimpleApplication@59f50702
reloadAllAccessors: .ScaleMatrix

===========================================================================================
----------------- testing Mon Jul 22 05:13:03 UTC 2019 /home/travis/build/icyphy/ptII/ptolemy/actor/lib/test/auto/Select.xml
----------------- Instantiating /home/travis/build/icyphy/ptII/ptolemy/actor/lib/test/auto/Select.xml
2 ms. Memory: 562176K Free: 281277K (50%)
----------------- Invoking toplevel() on ptolemy.moml.MoMLSimpleApplication@32f0cbfd
----------------- Done invoking toplevel() on ptolemy.moml.MoMLSimpleApplication@32f0cbfd
reloadAllAccessors: .Select

===========================================================================================
----------------- testing Mon Jul 22 05:13:03 UTC 2019 /home/travis/build/icyphy/ptII/ptolemy/actor/lib/test/auto/Select2.xml
----------------- Instantiating /home/travis/build/icyphy/ptII/ptolemy/actor/lib/test/auto/Select2.xml
1 ms. Memory: 562176K Free: 276667K (49%)
----------------- Invoking toplevel() on ptolemy.moml.MoMLSimpleApplication@556ff
----------------- Done invoking toplevel() on ptolemy.moml.MoMLSimpleApplication@556ff
reloadAllAccessors: .Select2

===========================================================================================
----------------- testing Mon Jul 22 05:13:03 UTC 2019 /home/travis/build/icyphy/ptII/ptolemy/actor/lib/test/auto/SequenceToArray2.xml
----------------- Instantiating /home/travis/build/icyphy/ptII/ptolemy/actor/lib/test/auto/SequenceToArray2.xml
101 ms. Memory: 562176K Free: 252605K (45%)
----------------- Invoking toplevel() on ptolemy.moml.MoMLSimpleApplication@35e7aeeb
----------------- Done invoking toplevel() on ptolemy.moml.MoMLSimpleApplication@35e7aeeb
reloadAllAccessors: .SequenceToArray2

===========================================================================================
----------------- testing Mon Jul 22 05:13:03 UTC 2019 /home/travis/build/icyphy/ptII/ptolemy/actor/lib/test/auto/SequentialClock.xml
----------------- Instantiating /home/travis/build/icyphy/ptII/ptolemy/actor/lib/test/auto/SequentialClock.xml
1 ms. Memory: 562176K Free: 248509K (44%)
----------------- Invoking toplevel() on ptolemy.moml.MoMLSimpleApplication@79c490e5
----------------- Done invoking toplevel() on ptolemy.moml.MoMLSimpleApplication@79c490e5
reloadAllAccessors: .SequentialClock

===========================================================================================
----------------- testing Mon Jul 22 05:13:03 UTC 2019 /home/travis/build/icyphy/ptII/ptolemy/actor/lib/test/auto/SetVariable.xml
----------------- Instantiating /home/travis/build/icyphy/ptII/ptolemy/actor/lib/test/auto/SetVariable.xml
3 ms. Memory: 562176K Free: 243899K (43%)
----------------- Invoking toplevel() on ptolemy.moml.MoMLSimpleApplication@6abfb6b0
----------------- Done invoking toplevel() on ptolemy.moml.MoMLSimpleApplication@6abfb6b0
reloadAllAccessors: .SetVariable

===========================================================================================
----------------- testing Mon Jul 22 05:13:03 UTC 2019 /home/travis/build/icyphy/ptII/ptolemy/actor/lib/test/auto/SetVariable2.xml
----------------- Instantiating /home/travis/build/icyphy/ptII/ptolemy/actor/lib/test/auto/SetVariable2.xml
3 ms. Memory: 562176K Free: 238779K (42%)
----------------- Invoking toplevel() on ptolemy.moml.MoMLSimpleApplication@50134f55
----------------- Done invoking toplevel() on ptolemy.moml.MoMLSimpleApplication@50134f55
reloadAllAccessors: .SetVariable2

===========================================================================================
----------------- testing Mon Jul 22 05:13:03 UTC 2019 /home/travis/build/icyphy/ptII/ptolemy/actor/lib/test/auto/SetVariable3.xml
----------------- Instantiating /home/travis/build/icyphy/ptII/ptolemy/actor/lib/test/auto/SetVariable3.xml
6 ms. Memory: 562176K Free: 233659K (42%)
----------------- Invoking toplevel() on ptolemy.moml.MoMLSimpleApplication@5fa0407c
----------------- Done invoking toplevel() on ptolemy.moml.MoMLSimpleApplication@5fa0407c
reloadAllAccessors: .SetVariable3

===========================================================================================
----------------- testing Mon Jul 22 05:13:03 UTC 2019 /home/travis/build/icyphy/ptII/ptolemy/actor/lib/test/auto/SetVariable4.xml
----------------- Instantiating /home/travis/build/icyphy/ptII/ptolemy/actor/lib/test/auto/SetVariable4.xml
15 ms. Memory: 562176K Free: 224443K (40%)
----------------- Invoking toplevel() on ptolemy.moml.MoMLSimpleApplication@7cdb7404
----------------- Done invoking toplevel() on ptolemy.moml.MoMLSimpleApplication@7cdb7404
reloadAllAccessors: .SetVariable4

===========================================================================================
----------------- testing Mon Jul 22 05:13:03 UTC 2019 /home/travis/build/icyphy/ptII/ptolemy/actor/lib/test/auto/SetVariable5.xml
----------------- Instantiating /home/travis/build/icyphy/ptII/ptolemy/actor/lib/test/auto/SetVariable5.xml
16 ms. Memory: 562176K Free: 215221K (38%)
----------------- Invoking toplevel() on ptolemy.moml.MoMLSimpleApplication@78966d80
----------------- Done invoking toplevel() on ptolemy.moml.MoMLSimpleApplication@78966d80
reloadAllAccessors: .SetVariable5

===========================================================================================
----------------- testing Mon Jul 22 05:13:03 UTC 2019 /home/travis/build/icyphy/ptII/ptolemy/actor/lib/test/auto/Sinewave.xml
----------------- Instantiating /home/travis/build/icyphy/ptII/ptolemy/actor/lib/test/auto/Sinewave.xml
8 ms. Memory: 562176K Free: 204987K (36%)
----------------- Invoking toplevel() on ptolemy.moml.MoMLSimpleApplication@73c282a9
----------------- Done invoking toplevel() on ptolemy.moml.MoMLSimpleApplication@73c282a9
reloadAllAccessors: .Sinewave

===========================================================================================
----------------- testing Mon Jul 22 05:13:03 UTC 2019 /home/travis/build/icyphy/ptII/ptolemy/actor/lib/test/auto/Sinewave2.xml
----------------- Instantiating /home/travis/build/icyphy/ptII/ptolemy/actor/lib/test/auto/Sinewave2.xml
4 ms. Memory: 562176K Free: 196795K (35%)
----------------- Invoking toplevel() on ptolemy.moml.MoMLSimpleApplication@1566d278
----------------- Done invoking toplevel() on ptolemy.moml.MoMLSimpleApplication@1566d278
reloadAllAccessors: .Sinewave2

===========================================================================================
----------------- testing Mon Jul 22 05:13:03 UTC 2019 /home/travis/build/icyphy/ptII/ptolemy/actor/lib/test/auto/Sinewave3.xml
----------------- Instantiating /home/travis/build/icyphy/ptII/ptolemy/actor/lib/test/auto/Sinewave3.xml
10 ms. Memory: 562176K Free: 188589K (34%)
----------------- Invoking toplevel() on ptolemy.moml.MoMLSimpleApplication@589c02e8
----------------- Done invoking toplevel() on ptolemy.moml.MoMLSimpleApplication@589c02e8
reloadAllAccessors: .Sinewave3

===========================================================================================
----------------- testing Mon Jul 22 05:13:03 UTC 2019 /home/travis/build/icyphy/ptII/ptolemy/actor/lib/test/auto/SingleEvent.xml
----------------- Instantiating /home/travis/build/icyphy/ptII/ptolemy/actor/lib/test/auto/SingleEvent.xml
1 ms. Memory: 562176K Free: 184507K (33%)
----------------- Invoking toplevel() on ptolemy.moml.MoMLSimpleApplication@8a6d1af
----------------- Done invoking toplevel() on ptolemy.moml.MoMLSimpleApplication@8a6d1af
reloadAllAccessors: .SingleEvent

===========================================================================================
----------------- testing Mon Jul 22 05:13:03 UTC 2019 /home/travis/build/icyphy/ptII/ptolemy/actor/lib/test/auto/Sleep.xml
----------------- Instantiating /home/travis/build/icyphy/ptII/ptolemy/actor/lib/test/auto/Sleep.xml
6003 ms. Memory: 562176K Free: 179357K (32%)
----------------- Invoking toplevel() on ptolemy.moml.MoMLSimpleApplication@65d7558c
----------------- Done invoking toplevel() on ptolemy.moml.MoMLSimpleApplication@65d7558c
reloadAllAccessors: .Sleep

===========================================================================================
----------------- testing Mon Jul 22 05:13:09 UTC 2019 /home/travis/build/icyphy/ptII/ptolemy/actor/lib/test/auto/SleepMultipleFire.xml
----------------- Instantiating /home/travis/build/icyphy/ptII/ptolemy/actor/lib/test/auto/SleepMultipleFire.xml
1004 ms. Memory: 562176K Free: 506976K (90%)
----------------- Invoking toplevel() on ptolemy.moml.MoMLSimpleApplication@738d0ed9
----------------- Done invoking toplevel() on ptolemy.moml.MoMLSimpleApplication@738d0ed9
reloadAllAccessors: .SleepMultipleFire

===========================================================================================
----------------- testing Mon Jul 22 05:13:10 UTC 2019 /home/travis/build/icyphy/ptII/ptolemy/actor/lib/test/auto/StopDE.xml
----------------- Instantiating /home/travis/build/icyphy/ptII/ptolemy/actor/lib/test/auto/StopDE.xml
3 ms. Memory: 562176K Free: 501342K (89%)
----------------- Invoking toplevel() on ptolemy.moml.MoMLSimpleApplication@74dfd310
----------------- Done invoking toplevel() on ptolemy.moml.MoMLSimpleApplication@74dfd310
reloadAllAccessors: .StopDE

===========================================================================================
----------------- testing Mon Jul 22 05:13:10 UTC 2019 /home/travis/build/icyphy/ptII/ptolemy/actor/lib/test/auto/StopSDF.xml
----------------- Instantiating /home/travis/build/icyphy/ptII/ptolemy/actor/lib/test/auto/StopSDF.xml
3 ms. Memory: 562176K Free: 496222K (88%)
----------------- Invoking toplevel() on ptolemy.moml.MoMLSimpleApplication@48bca550
----------------- Done invoking toplevel() on ptolemy.moml.MoMLSimpleApplication@48bca550
reloadAllAccessors: .StopSDF

===========================================================================================
----------------- testing Mon Jul 22 05:13:10 UTC 2019 /home/travis/build/icyphy/ptII/ptolemy/actor/lib/test/auto/StringConstant.xml
----------------- Instantiating /home/travis/build/icyphy/ptII/ptolemy/actor/lib/test/auto/StringConstant.xml
8 ms. Memory: 562176K Free: 492123K (88%)
----------------- Invoking toplevel() on ptolemy.moml.MoMLSimpleApplication@1351d4d1
----------------- Done invoking toplevel() on ptolemy.moml.MoMLSimpleApplication@1351d4d1
reloadAllAccessors: .StringConstant

===========================================================================================
----------------- testing Mon Jul 22 05:13:10 UTC 2019 /home/travis/build/icyphy/ptII/ptolemy/actor/lib/test/auto/SubscriberPortInitialValues1.xml
----------------- Instantiating /home/travis/build/icyphy/ptII/ptolemy/actor/lib/test/auto/SubscriberPortInitialValues1.xml
8 ms. Memory: 562176K Free: 482910K (86%)
----------------- Invoking toplevel() on ptolemy.moml.MoMLSimpleApplication@4736ffa2
----------------- Done invoking toplevel() on ptolemy.moml.MoMLSimpleApplication@4736ffa2
reloadAllAccessors: .SubscriberPortInitialValues1

===========================================================================================
----------------- testing Mon Jul 22 05:13:10 UTC 2019 /home/travis/build/icyphy/ptII/ptolemy/actor/lib/test/auto/SubscriberPortInitialValues13.xml
----------------- Instantiating /home/travis/build/icyphy/ptII/ptolemy/actor/lib/test/auto/SubscriberPortInitialValues13.xml
6 ms. Memory: 562176K Free: 469598K (84%)
----------------- Invoking toplevel() on ptolemy.moml.MoMLSimpleApplication@42ddb86
----------------- Done invoking toplevel() on ptolemy.moml.MoMLSimpleApplication@42ddb86
reloadAllAccessors: .SubscriberPortInitialValues13

===========================================================================================
----------------- testing Mon Jul 22 05:13:10 UTC 2019 /home/travis/build/icyphy/ptII/ptolemy/actor/lib/test/auto/SubscriberPortInitialValues14.xml
----------------- Instantiating /home/travis/build/icyphy/ptII/ptolemy/actor/lib/test/auto/SubscriberPortInitialValues14.xml
4 ms. Memory: 562176K Free: 461920K (82%)
----------------- Invoking toplevel() on ptolemy.moml.MoMLSimpleApplication@b0d3ff6
----------------- Done invoking toplevel() on ptolemy.moml.MoMLSimpleApplication@b0d3ff6
reloadAllAccessors: .SubscriberPortInitialValues14

===========================================================================================
----------------- testing Mon Jul 22 05:13:10 UTC 2019 /home/travis/build/icyphy/ptII/ptolemy/actor/lib/test/auto/SubscriberPortInitialValues2.xml
----------------- Instantiating /home/travis/build/icyphy/ptII/ptolemy/actor/lib/test/auto/SubscriberPortInitialValues2.xml
3 ms. Memory: 562176K Free: 454238K (81%)
----------------- Invoking toplevel() on ptolemy.moml.MoMLSimpleApplication@1ef3ae60
----------------- Done invoking toplevel() on ptolemy.moml.MoMLSimpleApplication@1ef3ae60
reloadAllAccessors: .SubscriberPortInitialValues2

===========================================================================================
----------------- testing Mon Jul 22 05:13:10 UTC 2019 /home/travis/build/icyphy/ptII/ptolemy/actor/lib/test/auto/SubscriberPortInitialValues3.xml
----------------- Instantiating /home/travis/build/icyphy/ptII/ptolemy/actor/lib/test/auto/SubscriberPortInitialValues3.xml
4 ms. Memory: 562176K Free: 442974K (79%)
----------------- Invoking toplevel() on ptolemy.moml.MoMLSimpleApplication@ebfdaa
----------------- Done invoking toplevel() on ptolemy.moml.MoMLSimpleApplication@ebfdaa
reloadAllAccessors: .SubscriberPortInitialValues3

===========================================================================================
----------------- testing Mon Jul 22 05:13:10 UTC 2019 /home/travis/build/icyphy/ptII/ptolemy/actor/lib/test/auto/SubscriptionAggregator.xml
----------------- Instantiating /home/travis/build/icyphy/ptII/ptolemy/actor/lib/test/auto/SubscriptionAggregator.xml
3 ms. Memory: 562176K Free: 436320K (78%)
----------------- Invoking toplevel() on ptolemy.moml.MoMLSimpleApplication@35b7641f
----------------- Done invoking toplevel() on ptolemy.moml.MoMLSimpleApplication@35b7641f
reloadAllAccessors: .SubscriptionAggregator

===========================================================================================
----------------- testing Mon Jul 22 05:13:10 UTC 2019 /home/travis/build/icyphy/ptII/ptolemy/actor/lib/test/auto/SubscriptionAggregator2.xml
----------------- Instantiating /home/travis/build/icyphy/ptII/ptolemy/actor/lib/test/auto/SubscriptionAggregator2.xml
2 ms. Memory: 562176K Free: 429656K (76%)
----------------- Invoking toplevel() on ptolemy.moml.MoMLSimpleApplication@7b36bd7d
----------------- Done invoking toplevel() on ptolemy.moml.MoMLSimpleApplication@7b36bd7d
reloadAllAccessors: .SubscriptionAggregator2

===========================================================================================
----------------- testing Mon Jul 22 05:13:10 UTC 2019 /home/travis/build/icyphy/ptII/ptolemy/actor/lib/test/auto/SubscriptionAggregator3.xml
----------------- Instantiating /home/travis/build/icyphy/ptII/ptolemy/actor/lib/test/auto/SubscriptionAggregator3.xml
4 ms. Memory: 562176K Free: 420960K (75%)
----------------- Invoking toplevel() on ptolemy.moml.MoMLSimpleApplication@15fd9370
----------------- Done invoking toplevel() on ptolemy.moml.MoMLSimpleApplication@15fd9370
reloadAllAccessors: .SubscriptionAggregator3

===========================================================================================
----------------- testing Mon Jul 22 05:13:10 UTC 2019 /home/travis/build/icyphy/ptII/ptolemy/actor/lib/test/auto/SubscriptionAggregatorMultiply.xml
----------------- Instantiating /home/travis/build/icyphy/ptII/ptolemy/actor/lib/test/auto/SubscriptionAggregatorMultiply.xml
10 ms. Memory: 562176K Free: 412768K (73%)
----------------- Invoking toplevel() on ptolemy.moml.MoMLSimpleApplication@5c8068ca
----------------- Done invoking toplevel() on ptolemy.moml.MoMLSimpleApplication@5c8068ca
reloadAllAccessors: .SubscriptionAggregatorMultiply

===========================================================================================
----------------- testing Mon Jul 22 05:13:10 UTC 2019 /home/travis/build/icyphy/ptII/ptolemy/actor/lib/test/auto/SubscriptionAggregatorPortMultiply1.xml
----------------- Instantiating /home/travis/build/icyphy/ptII/ptolemy/actor/lib/test/auto/SubscriptionAggregatorPortMultiply1.xml
4 ms. Memory: 562176K Free: 404576K (72%)
----------------- Invoking toplevel() on ptolemy.moml.MoMLSimpleApplication@7d38c764
----------------- Done invoking toplevel() on ptolemy.moml.MoMLSimpleApplication@7d38c764
reloadAllAccessors: .SubscriptionAggregatorPortMultiply1

===========================================================================================
----------------- testing Mon Jul 22 05:13:10 UTC 2019 /home/travis/build/icyphy/ptII/ptolemy/actor/lib/test/auto/Switch.xml
----------------- Instantiating /home/travis/build/icyphy/ptII/ptolemy/actor/lib/test/auto/Switch.xml
7 ms. Memory: 562176K Free: 396384K (71%)
----------------- Invoking toplevel() on ptolemy.moml.MoMLSimpleApplication@4dd5a5d8
----------------- Done invoking toplevel() on ptolemy.moml.MoMLSimpleApplication@4dd5a5d8
reloadAllAccessors: .Switch

===========================================================================================
----------------- testing Mon Jul 22 05:13:10 UTC 2019 /home/travis/build/icyphy/ptII/ptolemy/actor/lib/test/auto/Switch2.xml
----------------- Instantiating /home/travis/build/icyphy/ptII/ptolemy/actor/lib/test/auto/Switch2.xml
1 ms. Memory: 562176K Free: 391264K (70%)
----------------- Invoking toplevel() on ptolemy.moml.MoMLSimpleApplication@3b2d99e6
----------------- Done invoking toplevel() on ptolemy.moml.MoMLSimpleApplication@3b2d99e6
reloadAllAccessors: .Switch2

===========================================================================================
----------------- testing Mon Jul 22 05:13:10 UTC 2019 /home/travis/build/icyphy/ptII/ptolemy/actor/lib/test/auto/SwitchDE.xml
----------------- Instantiating /home/travis/build/icyphy/ptII/ptolemy/actor/lib/test/auto/SwitchDE.xml
4 ms. Memory: 562176K Free: 385120K (69%)
----------------- Invoking toplevel() on ptolemy.moml.MoMLSimpleApplication@61b74a88
----------------- Done invoking toplevel() on ptolemy.moml.MoMLSimpleApplication@61b74a88
reloadAllAccessors: .SwitchDE

===========================================================================================
----------------- testing Mon Jul 22 05:13:10 UTC 2019 /home/travis/build/icyphy/ptII/ptolemy/actor/lib/test/auto/SynchronizerDE.xml
----------------- Instantiating /home/travis/build/icyphy/ptII/ptolemy/actor/lib/test/auto/SynchronizerDE.xml
6 ms. Memory: 562176K Free: 376928K (67%)
----------------- Invoking toplevel() on ptolemy.moml.MoMLSimpleApplication@7f07ae98
----------------- Done invoking toplevel() on ptolemy.moml.MoMLSimpleApplication@7f07ae98
reloadAllAccessors: .SynchronizerDE

===========================================================================================
----------------- testing Mon Jul 22 05:13:10 UTC 2019 /home/travis/build/icyphy/ptII/ptolemy/actor/lib/test/auto/Test.xml
----------------- Instantiating /home/travis/build/icyphy/ptII/ptolemy/actor/lib/test/auto/Test.xml
10 ms. Memory: 562176K Free: 371808K (66%)
----------------- Invoking toplevel() on ptolemy.moml.MoMLSimpleApplication@196147d5
----------------- Done invoking toplevel() on ptolemy.moml.MoMLSimpleApplication@196147d5
reloadAllAccessors: .Test

===========================================================================================
----------------- testing Mon Jul 22 05:13:10 UTC 2019 /home/travis/build/icyphy/ptII/ptolemy/actor/lib/test/auto/TestExceptionAttribute1.xml
----------------- Instantiating /home/travis/build/icyphy/ptII/ptolemy/actor/lib/test/auto/TestExceptionAttribute1.xml
1 ms. Memory: 562176K Free: 368222K (65%)
----------------- Invoking toplevel() on ptolemy.moml.MoMLSimpleApplication@6c3c08ba
----------------- Done invoking toplevel() on ptolemy.moml.MoMLSimpleApplication@6c3c08ba
reloadAllAccessors: .TestExceptionAttribute1

===========================================================================================
----------------- testing Mon Jul 22 05:13:10 UTC 2019 /home/travis/build/icyphy/ptII/ptolemy/actor/lib/test/auto/TestExceptionAttribute2.xml
----------------- Instantiating /home/travis/build/icyphy/ptII/ptolemy/actor/lib/test/auto/TestExceptionAttribute2.xml
2 ms. Memory: 562176K Free: 364640K (65%)
----------------- Invoking toplevel() on ptolemy.moml.MoMLSimpleApplication@72d0ce92
----------------- Done invoking toplevel() on ptolemy.moml.MoMLSimpleApplication@72d0ce92
reloadAllAccessors: .TestExceptionAttribute2

===========================================================================================
----------------- testing Mon Jul 22 05:13:10 UTC 2019 /home/travis/build/icyphy/ptII/ptolemy/actor/lib/test/auto/TestExceptionAttribute3.xml
----------------- Instantiating /home/travis/build/icyphy/ptII/ptolemy/actor/lib/test/auto/TestExceptionAttribute3.xml
.TestExceptionAttribute3.TestExceptionAttribute: initialize() was not invoked, but wrapup() was.  This is unusual, but not always a problem.  For example, exporting JNLP will do this.
0 ms. Memory: 562176K Free: 361054K (64%)
----------------- Invoking toplevel() on ptolemy.moml.MoMLSimpleApplication@56654206
----------------- Done invoking toplevel() on ptolemy.moml.MoMLSimpleApplication@56654206
reloadAllAccessors: .TestExceptionAttribute3

===========================================================================================
----------------- testing Mon Jul 22 05:13:10 UTC 2019 /home/travis/build/icyphy/ptII/ptolemy/actor/lib/test/auto/TestExceptionAttribute4.xml
----------------- Instantiating /home/travis/build/icyphy/ptII/ptolemy/actor/lib/test/auto/TestExceptionAttribute4.xml
.TestExceptionAttribute4.TestExceptionAttribute: initialize() was not invoked, but wrapup() was.  This is unusual, but not always a problem.  For example, exporting JNLP will do this.
.TestExceptionAttribute4.TestExceptionAttribute2: initialize() was not invoked, but wrapup() was.  This is unusual, but not always a problem.  For example, exporting JNLP will do this.
1 ms. Memory: 562176K Free: 356958K (63%)
----------------- Invoking toplevel() on ptolemy.moml.MoMLSimpleApplication@157e7aca
----------------- Done invoking toplevel() on ptolemy.moml.MoMLSimpleApplication@157e7aca
reloadAllAccessors: .TestExceptionAttribute4

===========================================================================================
----------------- testing Mon Jul 22 05:13:10 UTC 2019 /home/travis/build/icyphy/ptII/ptolemy/actor/lib/test/auto/TestExceptionHandler1.xml
----------------- Instantiating /home/travis/build/icyphy/ptII/ptolemy/actor/lib/test/auto/TestExceptionHandler1.xml
1 ms. Memory: 562176K Free: 353376K (63%)
----------------- Invoking toplevel() on ptolemy.moml.MoMLSimpleApplication@38b1f4c0
----------------- Done invoking toplevel() on ptolemy.moml.MoMLSimpleApplication@38b1f4c0
reloadAllAccessors: .TestExceptionHandler1

===========================================================================================
----------------- testing Mon Jul 22 05:13:10 UTC 2019 /home/travis/build/icyphy/ptII/ptolemy/actor/lib/test/auto/TestExceptionHandler2.xml
----------------- Instantiating /home/travis/build/icyphy/ptII/ptolemy/actor/lib/test/auto/TestExceptionHandler2.xml
2 ms. Memory: 562176K Free: 349790K (62%)
----------------- Invoking toplevel() on ptolemy.moml.MoMLSimpleApplication@3286dc45
----------------- Done invoking toplevel() on ptolemy.moml.MoMLSimpleApplication@3286dc45
reloadAllAccessors: .TestExceptionHandler2

===========================================================================================
----------------- testing Mon Jul 22 05:13:10 UTC 2019 /home/travis/build/icyphy/ptII/ptolemy/actor/lib/test/auto/TestExceptionHandler3.xml
----------------- Instantiating /home/travis/build/icyphy/ptII/ptolemy/actor/lib/test/auto/TestExceptionHandler3.xml
1 ms. Memory: 562176K Free: 346208K (62%)
----------------- Invoking toplevel() on ptolemy.moml.MoMLSimpleApplication@33b07c72
----------------- Done invoking toplevel() on ptolemy.moml.MoMLSimpleApplication@33b07c72
reloadAllAccessors: .TestExceptionHandler3

===========================================================================================
----------------- testing Mon Jul 22 05:13:10 UTC 2019 /home/travis/build/icyphy/ptII/ptolemy/actor/lib/test/auto/TestExceptionHandler4.xml
----------------- Instantiating /home/travis/build/icyphy/ptII/ptolemy/actor/lib/test/auto/TestExceptionHandler4.xml
0 ms. Memory: 562176K Free: 342112K (61%)
----------------- Invoking toplevel() on ptolemy.moml.MoMLSimpleApplication@237ba6c7
----------------- Done invoking toplevel() on ptolemy.moml.MoMLSimpleApplication@237ba6c7
reloadAllAccessors: .TestExceptionHandler4

===========================================================================================
----------------- testing Mon Jul 22 05:13:10 UTC 2019 /home/travis/build/icyphy/ptII/ptolemy/actor/lib/test/auto/TestRequireCorrectOrder.xml
----------------- Instantiating /home/travis/build/icyphy/ptII/ptolemy/actor/lib/test/auto/TestRequireCorrectOrder.xml
6 ms. Memory: 562176K Free: 336992K (60%)
----------------- Invoking toplevel() on ptolemy.moml.MoMLSimpleApplication@3f4b4400
----------------- Done invoking toplevel() on ptolemy.moml.MoMLSimpleApplication@3f4b4400
reloadAllAccessors: .TestRequireCorrectOrder

===========================================================================================
----------------- testing Mon Jul 22 05:13:10 UTC 2019 /home/travis/build/icyphy/ptII/ptolemy/actor/lib/test/auto/TestSimple.xml
----------------- Instantiating /home/travis/build/icyphy/ptII/ptolemy/actor/lib/test/auto/TestSimple.xml
1 ms. Memory: 562176K Free: 332376K (59%)
----------------- Invoking toplevel() on ptolemy.moml.MoMLSimpleApplication@29c97dea
----------------- Done invoking toplevel() on ptolemy.moml.MoMLSimpleApplication@29c97dea
reloadAllAccessors: .TestSimple

===========================================================================================
----------------- testing Mon Jul 22 05:13:10 UTC 2019 /home/travis/build/icyphy/ptII/ptolemy/actor/lib/test/auto/ThrowModelError.xml
----------------- Instantiating /home/travis/build/icyphy/ptII/ptolemy/actor/lib/test/auto/ThrowModelError.xml
1 ms. Memory: 562176K Free: 327262K (58%)
----------------- Invoking toplevel() on ptolemy.moml.MoMLSimpleApplication@41800588
----------------- Done invoking toplevel() on ptolemy.moml.MoMLSimpleApplication@41800588
reloadAllAccessors: .ThrowModelError

===========================================================================================
----------------- testing Mon Jul 22 05:13:10 UTC 2019 /home/travis/build/icyphy/ptII/ptolemy/actor/lib/test/auto/TimeDelayMicrosteps.xml
----------------- Instantiating /home/travis/build/icyphy/ptII/ptolemy/actor/lib/test/auto/TimeDelayMicrosteps.xml
2 ms. Memory: 562176K Free: 320608K (57%)
----------------- Invoking toplevel() on ptolemy.moml.MoMLSimpleApplication@790e4574
----------------- Done invoking toplevel() on ptolemy.moml.MoMLSimpleApplication@790e4574
reloadAllAccessors: .TimeDelayMicrosteps

===========================================================================================
----------------- testing Mon Jul 22 05:13:11 UTC 2019 /home/travis/build/icyphy/ptII/ptolemy/actor/lib/test/auto/TimeDelayMicrosteps2.xml
----------------- Instantiating /home/travis/build/icyphy/ptII/ptolemy/actor/lib/test/auto/TimeDelayMicrosteps2.xml
3 ms. Memory: 562176K Free: 313440K (56%)
----------------- Invoking toplevel() on ptolemy.moml.MoMLSimpleApplication@37770084
----------------- Done invoking toplevel() on ptolemy.moml.MoMLSimpleApplication@37770084
reloadAllAccessors: .TimeDelayMicrosteps2

===========================================================================================
----------------- testing Mon Jul 22 05:13:11 UTC 2019 /home/travis/build/icyphy/ptII/ptolemy/actor/lib/test/auto/TimeDelayMicrosteps3.xml
----------------- Instantiating /home/travis/build/icyphy/ptII/ptolemy/actor/lib/test/auto/TimeDelayMicrosteps3.xml
3 ms. Memory: 562176K Free: 306752K (55%)
----------------- Invoking toplevel() on ptolemy.moml.MoMLSimpleApplication@1c88d34c
----------------- Done invoking toplevel() on ptolemy.moml.MoMLSimpleApplication@1c88d34c
reloadAllAccessors: .TimeDelayMicrosteps3

===========================================================================================
----------------- testing Mon Jul 22 05:13:11 UTC 2019 /home/travis/build/icyphy/ptII/ptolemy/actor/lib/test/auto/TimeDelayVariableMicrosteps.xml
----------------- Instantiating /home/travis/build/icyphy/ptII/ptolemy/actor/lib/test/auto/TimeDelayVariableMicrosteps.xml
2 ms. Memory: 562176K Free: 300128K (53%)
----------------- Invoking toplevel() on ptolemy.moml.MoMLSimpleApplication@678c0d91
----------------- Done invoking toplevel() on ptolemy.moml.MoMLSimpleApplication@678c0d91
reloadAllAccessors: .TimeDelayVariableMicrosteps

===========================================================================================
----------------- testing Mon Jul 22 05:13:11 UTC 2019 /home/travis/build/icyphy/ptII/ptolemy/actor/lib/test/auto/TimeGap.xml
----------------- Instantiating /home/travis/build/icyphy/ptII/ptolemy/actor/lib/test/auto/TimeGap.xml
12 ms. Memory: 562176K Free: 295008K (52%)
----------------- Invoking toplevel() on ptolemy.moml.MoMLSimpleApplication@59eba131
----------------- Done invoking toplevel() on ptolemy.moml.MoMLSimpleApplication@59eba131
reloadAllAccessors: .TimeGap

===========================================================================================
----------------- testing Mon Jul 22 05:13:11 UTC 2019 /home/travis/build/icyphy/ptII/ptolemy/actor/lib/test/auto/TimeGap2.xml
----------------- Instantiating /home/travis/build/icyphy/ptII/ptolemy/actor/lib/test/auto/TimeGap2.xml
2 ms. Memory: 562176K Free: 289368K (51%)
----------------- Invoking toplevel() on ptolemy.moml.MoMLSimpleApplication@574991bc
----------------- Done invoking toplevel() on ptolemy.moml.MoMLSimpleApplication@574991bc
reloadAllAccessors: .TimeGap2

===========================================================================================
----------------- testing Mon Jul 22 05:13:11 UTC 2019 /home/travis/build/icyphy/ptII/ptolemy/actor/lib/test/auto/TimedSinewave.xml
----------------- Instantiating /home/travis/build/icyphy/ptII/ptolemy/actor/lib/test/auto/TimedSinewave.xml
19 ms. Memory: 562176K Free: 275552K (49%)
----------------- Invoking toplevel() on ptolemy.moml.MoMLSimpleApplication@76f62d6e
----------------- Done invoking toplevel() on ptolemy.moml.MoMLSimpleApplication@76f62d6e
reloadAllAccessors: .TimedSinewave

===========================================================================================
----------------- testing Mon Jul 22 05:13:11 UTC 2019 /home/travis/build/icyphy/ptII/ptolemy/actor/lib/test/auto/TimedSinewavePhase.xml
----------------- Instantiating /home/travis/build/icyphy/ptII/ptolemy/actor/lib/test/auto/TimedSinewavePhase.xml
8 ms. Memory: 562176K Free: 265312K (47%)
----------------- Invoking toplevel() on ptolemy.moml.MoMLSimpleApplication@1bf67b13
----------------- Done invoking toplevel() on ptolemy.moml.MoMLSimpleApplication@1bf67b13
reloadAllAccessors: .TimedSinewavePhase

===========================================================================================
----------------- testing Mon Jul 22 05:13:11 UTC 2019 /home/travis/build/icyphy/ptII/ptolemy/actor/lib/test/auto/Timer.xml
----------------- Instantiating /home/travis/build/icyphy/ptII/ptolemy/actor/lib/test/auto/Timer.xml
2 ms. Memory: 562176K Free: 259672K (46%)
----------------- Invoking toplevel() on ptolemy.moml.MoMLSimpleApplication@53553ed8
----------------- Done invoking toplevel() on ptolemy.moml.MoMLSimpleApplication@53553ed8
reloadAllAccessors: .Timer

===========================================================================================
----------------- testing Mon Jul 22 05:13:11 UTC 2019 /home/travis/build/icyphy/ptII/ptolemy/actor/lib/test/auto/TriangularDistTestModel.xml
----------------- Instantiating /home/travis/build/icyphy/ptII/ptolemy/actor/lib/test/auto/TriangularDistTestModel.xml
1 ms. Memory: 562176K Free: 254048K (45%)
----------------- Invoking toplevel() on ptolemy.moml.MoMLSimpleApplication@78b3b2ea
----------------- Done invoking toplevel() on ptolemy.moml.MoMLSimpleApplication@78b3b2ea
reloadAllAccessors: .TriangularDistTestModel

===========================================================================================
----------------- testing Mon Jul 22 05:13:11 UTC 2019 /home/travis/build/icyphy/ptII/ptolemy/actor/lib/test/auto/TrigFunction.xml
----------------- Instantiating /home/travis/build/icyphy/ptII/ptolemy/actor/lib/test/auto/TrigFunction.xml
1 ms. Memory: 562176K Free: 248928K (44%)
----------------- Invoking toplevel() on ptolemy.moml.MoMLSimpleApplication@4b0df15e
----------------- Done invoking toplevel() on ptolemy.moml.MoMLSimpleApplication@4b0df15e
reloadAllAccessors: .TrigFunction

===========================================================================================
----------------- testing Mon Jul 22 05:13:11 UTC 2019 /home/travis/build/icyphy/ptII/ptolemy/actor/lib/test/auto/TrigFunctionDE.xml
----------------- Instantiating /home/travis/build/icyphy/ptII/ptolemy/actor/lib/test/auto/TrigFunctionDE.xml
2 ms. Memory: 562176K Free: 243294K (43%)
----------------- Invoking toplevel() on ptolemy.moml.MoMLSimpleApplication@4d975653
----------------- Done invoking toplevel() on ptolemy.moml.MoMLSimpleApplication@4d975653
reloadAllAccessors: .TrigFunctionDE

===========================================================================================
----------------- testing Mon Jul 22 05:13:11 UTC 2019 /home/travis/build/icyphy/ptII/ptolemy/actor/lib/test/auto/TrigFunctionInverse.xml
----------------- Instantiating /home/travis/build/icyphy/ptII/ptolemy/actor/lib/test/auto/TrigFunctionInverse.xml
2 ms. Memory: 562176K Free: 238174K (42%)
----------------- Invoking toplevel() on ptolemy.moml.MoMLSimpleApplication@2d58989b
----------------- Done invoking toplevel() on ptolemy.moml.MoMLSimpleApplication@2d58989b
reloadAllAccessors: .TrigFunctionInverse

===========================================================================================
----------------- testing Mon Jul 22 05:13:11 UTC 2019 /home/travis/build/icyphy/ptII/ptolemy/actor/lib/test/auto/TrigFunctionTan.xml
----------------- Instantiating /home/travis/build/icyphy/ptII/ptolemy/actor/lib/test/auto/TrigFunctionTan.xml
1 ms. Memory: 562176K Free: 233568K (42%)
----------------- Invoking toplevel() on ptolemy.moml.MoMLSimpleApplication@698f3b73
----------------- Done invoking toplevel() on ptolemy.moml.MoMLSimpleApplication@698f3b73
reloadAllAccessors: .TrigFunctionTan

===========================================================================================
----------------- testing Mon Jul 22 05:13:11 UTC 2019 /home/travis/build/icyphy/ptII/ptolemy/actor/lib/test/auto/TriggeredClock.xml
----------------- Instantiating /home/travis/build/icyphy/ptII/ptolemy/actor/lib/test/auto/TriggeredClock.xml
1 ms. Memory: 562176K Free: 228448K (41%)
----------------- Invoking toplevel() on ptolemy.moml.MoMLSimpleApplication@3f633ec1
----------------- Done invoking toplevel() on ptolemy.moml.MoMLSimpleApplication@3f633ec1
reloadAllAccessors: .TriggeredClock

===========================================================================================
----------------- testing Mon Jul 22 05:13:11 UTC 2019 /home/travis/build/icyphy/ptII/ptolemy/actor/lib/test/auto/URLDirectoryReader.xml
----------------- Instantiating /home/travis/build/icyphy/ptII/ptolemy/actor/lib/test/auto/URLDirectoryReader.xml
31 ms. Memory: 562176K Free: 218718K (39%)
----------------- Invoking toplevel() on ptolemy.moml.MoMLSimpleApplication@53e8235b
----------------- Done invoking toplevel() on ptolemy.moml.MoMLSimpleApplication@53e8235b
reloadAllAccessors: .URLDirectoryReader

===========================================================================================
----------------- testing Mon Jul 22 05:13:11 UTC 2019 /home/travis/build/icyphy/ptII/ptolemy/actor/lib/test/auto/URLDirectoryReader3.xml
----------------- Instantiating /home/travis/build/icyphy/ptII/ptolemy/actor/lib/test/auto/URLDirectoryReader3.xml
1074 ms. Memory: 562176K Free: 504353K (90%)
----------------- Invoking toplevel() on ptolemy.moml.MoMLSimpleApplication@3a30d6f0
----------------- Done invoking toplevel() on ptolemy.moml.MoMLSimpleApplication@3a30d6f0
reloadAllAccessors: .URLDirectoryReader3

===========================================================================================
----------------- testing Mon Jul 22 05:13:12 UTC 2019 /home/travis/build/icyphy/ptII/ptolemy/actor/lib/test/auto/UnaryMathFunction.xml
----------------- Instantiating /home/travis/build/icyphy/ptII/ptolemy/actor/lib/test/auto/UnaryMathFunction.xml
2 ms. Memory: 562176K Free: 496521K (88%)
----------------- Invoking toplevel() on ptolemy.moml.MoMLSimpleApplication@7860a0a9
----------------- Done invoking toplevel() on ptolemy.moml.MoMLSimpleApplication@7860a0a9
reloadAllAccessors: .UnaryMathFunction

===========================================================================================
----------------- testing Mon Jul 22 05:13:12 UTC 2019 /home/travis/build/icyphy/ptII/ptolemy/actor/lib/test/auto/Uniform.xml
----------------- Instantiating /home/travis/build/icyphy/ptII/ptolemy/actor/lib/test/auto/Uniform.xml
4 ms. Memory: 562176K Free: 491911K (88%)
----------------- Invoking toplevel() on ptolemy.moml.MoMLSimpleApplication@519d7b6d
----------------- Done invoking toplevel() on ptolemy.moml.MoMLSimpleApplication@519d7b6d
reloadAllAccessors: .Uniform

===========================================================================================
----------------- testing Mon Jul 22 05:13:12 UTC 2019 /home/travis/build/icyphy/ptII/ptolemy/actor/lib/test/auto/UnionDisassemblerTest.xml
----------------- Instantiating /home/travis/build/icyphy/ptII/ptolemy/actor/lib/test/auto/UnionDisassemblerTest.xml
15 ms. Memory: 562176K Free: 488329K (87%)
----------------- Invoking toplevel() on ptolemy.moml.MoMLSimpleApplication@571028
----------------- Done invoking toplevel() on ptolemy.moml.MoMLSimpleApplication@571028
reloadAllAccessors: .UnionDisassemblerTest

===========================================================================================
----------------- testing Mon Jul 22 05:13:12 UTC 2019 /home/travis/build/icyphy/ptII/ptolemy/actor/lib/test/auto/UtilityFunctions.xml
----------------- Instantiating /home/travis/build/icyphy/ptII/ptolemy/actor/lib/test/auto/UtilityFunctions.xml
1 ms. Memory: 562176K Free: 484729K (86%)
----------------- Invoking toplevel() on ptolemy.moml.MoMLSimpleApplication@751205e8
----------------- Done invoking toplevel() on ptolemy.moml.MoMLSimpleApplication@751205e8
reloadAllAccessors: .UtilityFunctions

===========================================================================================
----------------- testing Mon Jul 22 05:13:12 UTC 2019 /home/travis/build/icyphy/ptII/ptolemy/actor/lib/test/auto/VariableSleep.xml
----------------- Instantiating /home/travis/build/icyphy/ptII/ptolemy/actor/lib/test/auto/VariableSleep.xml
503 ms. Memory: 562176K Free: 479113K (85%)
----------------- Invoking toplevel() on ptolemy.moml.MoMLSimpleApplication@15f1e400
----------------- Done invoking toplevel() on ptolemy.moml.MoMLSimpleApplication@15f1e400
reloadAllAccessors: .VariableSleep

===========================================================================================
----------------- testing Mon Jul 22 05:13:13 UTC 2019 /home/travis/build/icyphy/ptII/ptolemy/actor/lib/test/auto/VectorAssemblerDisassemblerCT.xml
----------------- Instantiating /home/travis/build/icyphy/ptII/ptolemy/actor/lib/test/auto/VectorAssemblerDisassemblerCT.xml
76 ms. Memory: 562176K Free: 459143K (82%)
----------------- Invoking toplevel() on ptolemy.moml.MoMLSimpleApplication@26cfba95
----------------- Done invoking toplevel() on ptolemy.moml.MoMLSimpleApplication@26cfba95
reloadAllAccessors: .VectorAssemblerDisassemblerCT

===========================================================================================
----------------- testing Mon Jul 22 05:13:13 UTC 2019 /home/travis/build/icyphy/ptII/ptolemy/actor/lib/test/auto/VectorAssemblerDisassemblerDE.xml
----------------- Instantiating /home/travis/build/icyphy/ptII/ptolemy/actor/lib/test/auto/VectorAssemblerDisassemblerDE.xml
11 ms. Memory: 562176K Free: 451975K (80%)
----------------- Invoking toplevel() on ptolemy.moml.MoMLSimpleApplication@645b6da6
----------------- Done invoking toplevel() on ptolemy.moml.MoMLSimpleApplication@645b6da6
reloadAllAccessors: .VectorAssemblerDisassemblerDE

===========================================================================================
----------------- testing Mon Jul 22 05:13:13 UTC 2019 /home/travis/build/icyphy/ptII/ptolemy/actor/lib/test/auto/VectorAssemblerDisassemblerSDF.xml
----------------- Instantiating /home/travis/build/icyphy/ptII/ptolemy/actor/lib/test/auto/VectorAssemblerDisassemblerSDF.xml
2 ms. Memory: 562176K Free: 445817K (79%)
----------------- Invoking toplevel() on ptolemy.moml.MoMLSimpleApplication@69025478
----------------- Done invoking toplevel() on ptolemy.moml.MoMLSimpleApplication@69025478
reloadAllAccessors: .VectorAssemblerDisassemblerSDF

===========================================================================================
----------------- testing Mon Jul 22 05:13:13 UTC 2019 /home/travis/build/icyphy/ptII/ptolemy/actor/lib/test/auto/WallClockTime.xml
----------------- Instantiating /home/travis/build/icyphy/ptII/ptolemy/actor/lib/test/auto/WallClockTime.xml
1005 ms. Memory: 562176K Free: 440711K (78%)
----------------- Invoking toplevel() on ptolemy.moml.MoMLSimpleApplication@23cc1c4a
----------------- Done invoking toplevel() on ptolemy.moml.MoMLSimpleApplication@23cc1c4a
reloadAllAccessors: .WallClockTime

===========================================================================================
----------------- testing Mon Jul 22 05:13:14 UTC 2019 /home/travis/build/icyphy/ptII/ptolemy/actor/lib/test/auto/WidthTestWithSubscriberPublisher.xml
----------------- Instantiating /home/travis/build/icyphy/ptII/ptolemy/actor/lib/test/auto/WidthTestWithSubscriberPublisher.xml
7 ms. Memory: 562176K Free: 423303K (75%)
----------------- Invoking toplevel() on ptolemy.moml.MoMLSimpleApplication@740ef4de
----------------- Done invoking toplevel() on ptolemy.moml.MoMLSimpleApplication@740ef4de
reloadAllAccessors: .WidthTestWithSubscriberPublisher

===========================================================================================
----------------- testing Mon Jul 22 05:13:14 UTC 2019 /home/travis/build/icyphy/ptII/ptolemy/actor/lib/test/auto/WidthTestWithSubscriberPublisher2.xml
----------------- Instantiating /home/travis/build/icyphy/ptII/ptolemy/actor/lib/test/auto/WidthTestWithSubscriberPublisher2.xml
2 ms. Memory: 562176K Free: 416649K (74%)
----------------- Invoking toplevel() on ptolemy.moml.MoMLSimpleApplication@43d90db9
----------------- Done invoking toplevel() on ptolemy.moml.MoMLSimpleApplication@43d90db9
reloadAllAccessors: .WidthTestWithSubscriberPublisher2

===========================================================================================
----------------- testing Mon Jul 22 05:13:14 UTC 2019 /home/travis/build/icyphy/ptII/ptolemy/actor/lib/test/auto/WidthTestWithSubscriberPublisher3.xml
----------------- Instantiating /home/travis/build/icyphy/ptII/ptolemy/actor/lib/test/auto/WidthTestWithSubscriberPublisher3.xml
2 ms. Memory: 562176K Free: 411015K (73%)
----------------- Invoking toplevel() on ptolemy.moml.MoMLSimpleApplication@beadb36
----------------- Done invoking toplevel() on ptolemy.moml.MoMLSimpleApplication@beadb36
reloadAllAccessors: .WidthTestWithSubscriberPublisher3

===========================================================================================
----------------- testing Mon Jul 22 05:13:14 UTC 2019 /home/travis/build/icyphy/ptII/ptolemy/actor/lib/test/auto/Writer.xml
----------------- Instantiating /home/travis/build/icyphy/ptII/ptolemy/actor/lib/test/auto/Writer.xml
0
1
2
3
4
1 ms. Memory: 562176K Free: 406905K (72%)
----------------- Invoking toplevel() on ptolemy.moml.MoMLSimpleApplication@13e1209d
----------------- Done invoking toplevel() on ptolemy.moml.MoMLSimpleApplication@13e1209d
reloadAllAccessors: .Writer

===========================================================================================
----------------- testing Mon Jul 22 05:13:14 UTC 2019 /home/travis/build/icyphy/ptII/ptolemy/actor/lib/test/auto/array.xml
----------------- Instantiating /home/travis/build/icyphy/ptII/ptolemy/actor/lib/test/auto/array.xml
3 ms. Memory: 562176K Free: 402313K (72%)
----------------- Invoking toplevel() on ptolemy.moml.MoMLSimpleApplication@4161b41a
----------------- Done invoking toplevel() on ptolemy.moml.MoMLSimpleApplication@4161b41a
reloadAllAccessors: .array

===========================================================================================
----------------- testing Mon Jul 22 05:13:14 UTC 2019 /home/travis/build/icyphy/ptII/ptolemy/actor/lib/test/auto/array2.xml
----------------- Instantiating /home/travis/build/icyphy/ptII/ptolemy/actor/lib/test/auto/array2.xml
6 ms. Memory: 562176K Free: 397689K (71%)
----------------- Invoking toplevel() on ptolemy.moml.MoMLSimpleApplication@13c2444b
----------------- Done invoking toplevel() on ptolemy.moml.MoMLSimpleApplication@13c2444b
reloadAllAccessors: .array2

===========================================================================================
----------------- testing Mon Jul 22 05:13:14 UTC 2019 /home/travis/build/icyphy/ptII/ptolemy/actor/lib/test/auto/arrayType.xml
----------------- Instantiating /home/travis/build/icyphy/ptII/ptolemy/actor/lib/test/auto/arrayType.xml
2 ms. Memory: 562176K Free: 392073K (70%)
----------------- Invoking toplevel() on ptolemy.moml.MoMLSimpleApplication@70cd5370
----------------- Done invoking toplevel() on ptolemy.moml.MoMLSimpleApplication@70cd5370
reloadAllAccessors: .arrayType

===========================================================================================
----------------- testing Mon Jul 22 05:13:14 UTC 2019 /home/travis/build/icyphy/ptII/ptolemy/actor/lib/test/auto/arrayType10.xml
----------------- Instantiating /home/travis/build/icyphy/ptII/ptolemy/actor/lib/test/auto/arrayType10.xml
1 ms. Memory: 562176K Free: 387463K (69%)
----------------- Invoking toplevel() on ptolemy.moml.MoMLSimpleApplication@5a308cd8
----------------- Done invoking toplevel() on ptolemy.moml.MoMLSimpleApplication@5a308cd8
reloadAllAccessors: .arrayType10

===========================================================================================
----------------- testing Mon Jul 22 05:13:14 UTC 2019 /home/travis/build/icyphy/ptII/ptolemy/actor/lib/test/auto/arrayType11.xml
----------------- Instantiating /home/travis/build/icyphy/ptII/ptolemy/actor/lib/test/auto/arrayType11.xml
3 ms. Memory: 562176K Free: 382857K (68%)
----------------- Invoking toplevel() on ptolemy.moml.MoMLSimpleApplication@24c4037f
----------------- Done invoking toplevel() on ptolemy.moml.MoMLSimpleApplication@24c4037f
reloadAllAccessors: .arrayType11

===========================================================================================
----------------- testing Mon Jul 22 05:13:14 UTC 2019 /home/travis/build/icyphy/ptII/ptolemy/actor/lib/test/auto/arrayType12.xml
----------------- Instantiating /home/travis/build/icyphy/ptII/ptolemy/actor/lib/test/auto/arrayType12.xml
2 ms. Memory: 562176K Free: 378247K (67%)
----------------- Invoking toplevel() on ptolemy.moml.MoMLSimpleApplication@5a7e4795
----------------- Done invoking toplevel() on ptolemy.moml.MoMLSimpleApplication@5a7e4795
reloadAllAccessors: .arrayType12

===========================================================================================
----------------- testing Mon Jul 22 05:13:14 UTC 2019 /home/travis/build/icyphy/ptII/ptolemy/actor/lib/test/auto/arrayType13.xml
----------------- Instantiating /home/travis/build/icyphy/ptII/ptolemy/actor/lib/test/auto/arrayType13.xml
1 ms. Memory: 562176K Free: 373127K (66%)
----------------- Invoking toplevel() on ptolemy.moml.MoMLSimpleApplication@503bc603
----------------- Done invoking toplevel() on ptolemy.moml.MoMLSimpleApplication@503bc603
reloadAllAccessors: .arrayType13

===========================================================================================
----------------- testing Mon Jul 22 05:13:14 UTC 2019 /home/travis/build/icyphy/ptII/ptolemy/actor/lib/test/auto/arrayType14.xml
----------------- Instantiating /home/travis/build/icyphy/ptII/ptolemy/actor/lib/test/auto/arrayType14.xml
2 ms. Memory: 562176K Free: 367497K (65%)
----------------- Invoking toplevel() on ptolemy.moml.MoMLSimpleApplication@75d12568
----------------- Done invoking toplevel() on ptolemy.moml.MoMLSimpleApplication@75d12568
reloadAllAccessors: .arrayType14

===========================================================================================
----------------- testing Mon Jul 22 05:13:14 UTC 2019 /home/travis/build/icyphy/ptII/ptolemy/actor/lib/test/auto/arrayType15.xml
----------------- Instantiating /home/travis/build/icyphy/ptII/ptolemy/actor/lib/test/auto/arrayType15.xml
3 ms. Memory: 562176K Free: 362377K (64%)
----------------- Invoking toplevel() on ptolemy.moml.MoMLSimpleApplication@11d31141
----------------- Done invoking toplevel() on ptolemy.moml.MoMLSimpleApplication@11d31141
reloadAllAccessors: .arrayType15

===========================================================================================
----------------- testing Mon Jul 22 05:13:14 UTC 2019 /home/travis/build/icyphy/ptII/ptolemy/actor/lib/test/auto/arrayType16.xml
----------------- Instantiating /home/travis/build/icyphy/ptII/ptolemy/actor/lib/test/auto/arrayType16.xml
2 ms. Memory: 562176K Free: 357257K (64%)
----------------- Invoking toplevel() on ptolemy.moml.MoMLSimpleApplication@45c4857
----------------- Done invoking toplevel() on ptolemy.moml.MoMLSimpleApplication@45c4857
reloadAllAccessors: .arrayType16

===========================================================================================
----------------- testing Mon Jul 22 05:13:14 UTC 2019 /home/travis/build/icyphy/ptII/ptolemy/actor/lib/test/auto/arrayType17.xml
----------------- Instantiating /home/travis/build/icyphy/ptII/ptolemy/actor/lib/test/auto/arrayType17.xml
1 ms. Memory: 562176K Free: 352137K (63%)
----------------- Invoking toplevel() on ptolemy.moml.MoMLSimpleApplication@49396cdf
----------------- Done invoking toplevel() on ptolemy.moml.MoMLSimpleApplication@49396cdf
reloadAllAccessors: .arrayType17

===========================================================================================
----------------- testing Mon Jul 22 05:13:14 UTC 2019 /home/travis/build/icyphy/ptII/ptolemy/actor/lib/test/auto/arrayType18.xml
----------------- Instantiating /home/travis/build/icyphy/ptII/ptolemy/actor/lib/test/auto/arrayType18.xml
1 ms. Memory: 562176K Free: 347527K (62%)
----------------- Invoking toplevel() on ptolemy.moml.MoMLSimpleApplication@250de93c
----------------- Done invoking toplevel() on ptolemy.moml.MoMLSimpleApplication@250de93c
reloadAllAccessors: .arrayType18

===========================================================================================
----------------- testing Mon Jul 22 05:13:14 UTC 2019 /home/travis/build/icyphy/ptII/ptolemy/actor/lib/test/auto/arrayType19.xml
----------------- Instantiating /home/travis/build/icyphy/ptII/ptolemy/actor/lib/test/auto/arrayType19.xml
1 ms. Memory: 562176K Free: 342407K (61%)
----------------- Invoking toplevel() on ptolemy.moml.MoMLSimpleApplication@75fe3dab
----------------- Done invoking toplevel() on ptolemy.moml.MoMLSimpleApplication@75fe3dab
reloadAllAccessors: .arrayType19

===========================================================================================
----------------- testing Mon Jul 22 05:13:14 UTC 2019 /home/travis/build/icyphy/ptII/ptolemy/actor/lib/test/auto/arrayType2.xml
----------------- Instantiating /home/travis/build/icyphy/ptII/ptolemy/actor/lib/test/auto/arrayType2.xml
2 ms. Memory: 562176K Free: 337273K (60%)
----------------- Invoking toplevel() on ptolemy.moml.MoMLSimpleApplication@69c22a93
----------------- Done invoking toplevel() on ptolemy.moml.MoMLSimpleApplication@69c22a93
reloadAllAccessors: .arrayType2

===========================================================================================
----------------- testing Mon Jul 22 05:13:14 UTC 2019 /home/travis/build/icyphy/ptII/ptolemy/actor/lib/test/auto/arrayType20.xml
----------------- Instantiating /home/travis/build/icyphy/ptII/ptolemy/actor/lib/test/auto/arrayType20.xml
1 ms. Memory: 562176K Free: 332681K (59%)
----------------- Invoking toplevel() on ptolemy.moml.MoMLSimpleApplication@37be8839
----------------- Done invoking toplevel() on ptolemy.moml.MoMLSimpleApplication@37be8839
reloadAllAccessors: .arrayType20

===========================================================================================
----------------- testing Mon Jul 22 05:13:14 UTC 2019 /home/travis/build/icyphy/ptII/ptolemy/actor/lib/test/auto/arrayType21.xml
----------------- Instantiating /home/travis/build/icyphy/ptII/ptolemy/actor/lib/test/auto/arrayType21.xml
1 ms. Memory: 562176K Free: 328071K (58%)
----------------- Invoking toplevel() on ptolemy.moml.MoMLSimpleApplication@61294f50
----------------- Done invoking toplevel() on ptolemy.moml.MoMLSimpleApplication@61294f50
reloadAllAccessors: .arrayType21

===========================================================================================
----------------- testing Mon Jul 22 05:13:14 UTC 2019 /home/travis/build/icyphy/ptII/ptolemy/actor/lib/test/auto/arrayType22.xml
----------------- Instantiating /home/travis/build/icyphy/ptII/ptolemy/actor/lib/test/auto/arrayType22.xml
1 ms. Memory: 562176K Free: 323465K (58%)
----------------- Invoking toplevel() on ptolemy.moml.MoMLSimpleApplication@40ec7dba
----------------- Done invoking toplevel() on ptolemy.moml.MoMLSimpleApplication@40ec7dba
reloadAllAccessors: .arrayType22

===========================================================================================
----------------- testing Mon Jul 22 05:13:14 UTC 2019 /home/travis/build/icyphy/ptII/ptolemy/actor/lib/test/auto/arrayType23.xml
----------------- Instantiating /home/travis/build/icyphy/ptII/ptolemy/actor/lib/test/auto/arrayType23.xml
1 ms. Memory: 562176K Free: 318345K (57%)
----------------- Invoking toplevel() on ptolemy.moml.MoMLSimpleApplication@5987098e
----------------- Done invoking toplevel() on ptolemy.moml.MoMLSimpleApplication@5987098e
reloadAllAccessors: .arrayType23

===========================================================================================
----------------- testing Mon Jul 22 05:13:14 UTC 2019 /home/travis/build/icyphy/ptII/ptolemy/actor/lib/test/auto/arrayType24.xml
----------------- Instantiating /home/travis/build/icyphy/ptII/ptolemy/actor/lib/test/auto/arrayType24.xml
5 ms. Memory: 562176K Free: 313735K (56%)
----------------- Invoking toplevel() on ptolemy.moml.MoMLSimpleApplication@3637b3b6
----------------- Done invoking toplevel() on ptolemy.moml.MoMLSimpleApplication@3637b3b6
reloadAllAccessors: .arrayType24

===========================================================================================
----------------- testing Mon Jul 22 05:13:14 UTC 2019 /home/travis/build/icyphy/ptII/ptolemy/actor/lib/test/auto/arrayType25.xml
----------------- Instantiating /home/travis/build/icyphy/ptII/ptolemy/actor/lib/test/auto/arrayType25.xml
2 ms. Memory: 562176K Free: 308615K (55%)
----------------- Invoking toplevel() on ptolemy.moml.MoMLSimpleApplication@59e364e5
----------------- Done invoking toplevel() on ptolemy.moml.MoMLSimpleApplication@59e364e5
reloadAllAccessors: .arrayType25

===========================================================================================
----------------- testing Mon Jul 22 05:13:14 UTC 2019 /home/travis/build/icyphy/ptII/ptolemy/actor/lib/test/auto/arrayType26.xml
----------------- Instantiating /home/travis/build/icyphy/ptII/ptolemy/actor/lib/test/auto/arrayType26.xml
1 ms. Memory: 562176K Free: 303481K (54%)
----------------- Invoking toplevel() on ptolemy.moml.MoMLSimpleApplication@da0ad8b
----------------- Done invoking toplevel() on ptolemy.moml.MoMLSimpleApplication@da0ad8b
reloadAllAccessors: .arrayType26

===========================================================================================
----------------- testing Mon Jul 22 05:13:14 UTC 2019 /home/travis/build/icyphy/ptII/ptolemy/actor/lib/test/auto/arrayType27.xml
----------------- Instantiating /home/travis/build/icyphy/ptII/ptolemy/actor/lib/test/auto/arrayType27.xml
1 ms. Memory: 562176K Free: 297865K (53%)
----------------- Invoking toplevel() on ptolemy.moml.MoMLSimpleApplication@5d4c87c0
----------------- Done invoking toplevel() on ptolemy.moml.MoMLSimpleApplication@5d4c87c0
reloadAllAccessors: .arrayType27

===========================================================================================
----------------- testing Mon Jul 22 05:13:14 UTC 2019 /home/travis/build/icyphy/ptII/ptolemy/actor/lib/test/auto/arrayType28.xml
----------------- Instantiating /home/travis/build/icyphy/ptII/ptolemy/actor/lib/test/auto/arrayType28.xml
1 ms. Memory: 562176K Free: 292745K (52%)
----------------- Invoking toplevel() on ptolemy.moml.MoMLSimpleApplication@2504cf5a
----------------- Done invoking toplevel() on ptolemy.moml.MoMLSimpleApplication@2504cf5a
reloadAllAccessors: .arrayType28

===========================================================================================
----------------- testing Mon Jul 22 05:13:14 UTC 2019 /home/travis/build/icyphy/ptII/ptolemy/actor/lib/test/auto/arrayType3.xml
----------------- Instantiating /home/travis/build/icyphy/ptII/ptolemy/actor/lib/test/auto/arrayType3.xml
2 ms. Memory: 562176K Free: 287625K (51%)
----------------- Invoking toplevel() on ptolemy.moml.MoMLSimpleApplication@42fe3009
----------------- Done invoking toplevel() on ptolemy.moml.MoMLSimpleApplication@42fe3009
reloadAllAccessors: .arrayType3

===========================================================================================
----------------- testing Mon Jul 22 05:13:14 UTC 2019 /home/travis/build/icyphy/ptII/ptolemy/actor/lib/test/auto/arrayType4.xml
----------------- Instantiating /home/travis/build/icyphy/ptII/ptolemy/actor/lib/test/auto/arrayType4.xml
3 ms. Memory: 562176K Free: 282505K (50%)
----------------- Invoking toplevel() on ptolemy.moml.MoMLSimpleApplication@258e1237
----------------- Done invoking toplevel() on ptolemy.moml.MoMLSimpleApplication@258e1237
reloadAllAccessors: .arrayType4

===========================================================================================
----------------- testing Mon Jul 22 05:13:14 UTC 2019 /home/travis/build/icyphy/ptII/ptolemy/actor/lib/test/auto/arrayType5.xml
----------------- Instantiating /home/travis/build/icyphy/ptII/ptolemy/actor/lib/test/auto/arrayType5.xml
1 ms. Memory: 562176K Free: 276871K (49%)
----------------- Invoking toplevel() on ptolemy.moml.MoMLSimpleApplication@1f518e2d
----------------- Done invoking toplevel() on ptolemy.moml.MoMLSimpleApplication@1f518e2d
reloadAllAccessors: .arrayType5

===========================================================================================
----------------- testing Mon Jul 22 05:13:14 UTC 2019 /home/travis/build/icyphy/ptII/ptolemy/actor/lib/test/auto/arrayType6.xml
----------------- Instantiating /home/travis/build/icyphy/ptII/ptolemy/actor/lib/test/auto/arrayType6.xml
1 ms. Memory: 562176K Free: 272265K (48%)
----------------- Invoking toplevel() on ptolemy.moml.MoMLSimpleApplication@56eaac0b
----------------- Done invoking toplevel() on ptolemy.moml.MoMLSimpleApplication@56eaac0b
reloadAllAccessors: .arrayType6

===========================================================================================
----------------- testing Mon Jul 22 05:13:15 UTC 2019 /home/travis/build/icyphy/ptII/ptolemy/actor/lib/test/auto/arrayType7.xml
----------------- Instantiating /home/travis/build/icyphy/ptII/ptolemy/actor/lib/test/auto/arrayType7.xml
1 ms. Memory: 562176K Free: 267655K (48%)
----------------- Invoking toplevel() on ptolemy.moml.MoMLSimpleApplication@3bae6b6
----------------- Done invoking toplevel() on ptolemy.moml.MoMLSimpleApplication@3bae6b6
reloadAllAccessors: .arrayType7

===========================================================================================
----------------- testing Mon Jul 22 05:13:15 UTC 2019 /home/travis/build/icyphy/ptII/ptolemy/actor/lib/test/auto/arrayType8.xml
----------------- Instantiating /home/travis/build/icyphy/ptII/ptolemy/actor/lib/test/auto/arrayType8.xml
7 ms. Memory: 562176K Free: 263047K (47%)
----------------- Invoking toplevel() on ptolemy.moml.MoMLSimpleApplication@40b3c7ff
----------------- Done invoking toplevel() on ptolemy.moml.MoMLSimpleApplication@40b3c7ff
reloadAllAccessors: .arrayType8

===========================================================================================
----------------- testing Mon Jul 22 05:13:15 UTC 2019 /home/travis/build/icyphy/ptII/ptolemy/actor/lib/test/auto/arrayType9.xml
----------------- Instantiating /home/travis/build/icyphy/ptII/ptolemy/actor/lib/test/auto/arrayType9.xml
1 ms. Memory: 562176K Free: 257929K (46%)
----------------- Invoking toplevel() on ptolemy.moml.MoMLSimpleApplication@1c891512
----------------- Done invoking toplevel() on ptolemy.moml.MoMLSimpleApplication@1c891512
reloadAllAccessors: .arrayType9

===========================================================================================
----------------- testing Mon Jul 22 05:13:15 UTC 2019 /home/travis/build/icyphy/ptII/ptolemy/actor/lib/test/auto/cast.xml
----------------- Instantiating /home/travis/build/icyphy/ptII/ptolemy/actor/lib/test/auto/cast.xml
3 ms. Memory: 562176K Free: 253319K (45%)
----------------- Invoking toplevel() on ptolemy.moml.MoMLSimpleApplication@7831020e
----------------- Done invoking toplevel() on ptolemy.moml.MoMLSimpleApplication@7831020e
reloadAllAccessors: .cast

===========================================================================================
----------------- testing Mon Jul 22 05:13:15 UTC 2019 /home/travis/build/icyphy/ptII/ptolemy/actor/lib/test/auto/compositeMultiPort.xml
----------------- Instantiating /home/travis/build/icyphy/ptII/ptolemy/actor/lib/test/auto/compositeMultiPort.xml
3 ms. Memory: 562176K Free: 244617K (44%)
----------------- Invoking toplevel() on ptolemy.moml.MoMLSimpleApplication@749f20b5
----------------- Done invoking toplevel() on ptolemy.moml.MoMLSimpleApplication@749f20b5
reloadAllAccessors: .compositeMultiPort

===========================================================================================
----------------- testing Mon Jul 22 05:13:15 UTC 2019 /home/travis/build/icyphy/ptII/ptolemy/actor/lib/test/auto/expressionCastInference.xml
----------------- Instantiating /home/travis/build/icyphy/ptII/ptolemy/actor/lib/test/auto/expressionCastInference.xml
3 ms. Memory: 562176K Free: 240007K (43%)
----------------- Invoking toplevel() on ptolemy.moml.MoMLSimpleApplication@17c2bcac
----------------- Done invoking toplevel() on ptolemy.moml.MoMLSimpleApplication@17c2bcac
reloadAllAccessors: .expressionCastInference

===========================================================================================
----------------- testing Mon Jul 22 05:13:15 UTC 2019 /home/travis/build/icyphy/ptII/ptolemy/actor/lib/test/auto/expressionCastInference2.xml
----------------- Instantiating /home/travis/build/icyphy/ptII/ptolemy/actor/lib/test/auto/expressionCastInference2.xml
2 ms. Memory: 562176K Free: 234887K (42%)
----------------- Invoking toplevel() on ptolemy.moml.MoMLSimpleApplication@6b53a3d0
----------------- Done invoking toplevel() on ptolemy.moml.MoMLSimpleApplication@6b53a3d0
reloadAllAccessors: .expressionCastInference2

===========================================================================================
----------------- testing Mon Jul 22 05:13:15 UTC 2019 /home/travis/build/icyphy/ptII/ptolemy/actor/lib/test/auto/expressionInference.xml
----------------- Instantiating /home/travis/build/icyphy/ptII/ptolemy/actor/lib/test/auto/expressionInference.xml
1 ms. Memory: 562176K Free: 230791K (41%)
----------------- Invoking toplevel() on ptolemy.moml.MoMLSimpleApplication@3209f4e5
----------------- Done invoking toplevel() on ptolemy.moml.MoMLSimpleApplication@3209f4e5
reloadAllAccessors: .expressionInference

===========================================================================================
----------------- testing Mon Jul 22 05:13:15 UTC 2019 /home/travis/build/icyphy/ptII/ptolemy/actor/lib/test/auto/expression_bug.xml
----------------- Instantiating /home/travis/build/icyphy/ptII/ptolemy/actor/lib/test/auto/expression_bug.xml
1 ms. Memory: 562176K Free: 226695K (40%)
----------------- Invoking toplevel() on ptolemy.moml.MoMLSimpleApplication@5e7247c9
----------------- Done invoking toplevel() on ptolemy.moml.MoMLSimpleApplication@5e7247c9
reloadAllAccessors: .expression_bug

===========================================================================================
----------------- testing Mon Jul 22 05:13:15 UTC 2019 /home/travis/build/icyphy/ptII/ptolemy/actor/lib/test/auto/factorial.xml
----------------- Instantiating /home/travis/build/icyphy/ptII/ptolemy/actor/lib/test/auto/factorial.xml
42 ms. Memory: 562176K Free: 217993K (39%)
----------------- Invoking toplevel() on ptolemy.moml.MoMLSimpleApplication@709b37c7
----------------- Done invoking toplevel() on ptolemy.moml.MoMLSimpleApplication@709b37c7
reloadAllAccessors: .factorial

===========================================================================================
----------------- testing Mon Jul 22 05:13:15 UTC 2019 /home/travis/build/icyphy/ptII/ptolemy/actor/lib/test/auto/filterTest1.xml
----------------- Instantiating /home/travis/build/icyphy/ptII/ptolemy/actor/lib/test/auto/filterTest1.xml
3 ms. Memory: 562176K Free: 212345K (38%)
----------------- Invoking toplevel() on ptolemy.moml.MoMLSimpleApplication@621d3e99
----------------- Done invoking toplevel() on ptolemy.moml.MoMLSimpleApplication@621d3e99
reloadAllAccessors: .filterTest1

===========================================================================================
----------------- testing Mon Jul 22 05:13:15 UTC 2019 /home/travis/build/icyphy/ptII/ptolemy/actor/lib/test/auto/funcApplyInConst.xml
----------------- Instantiating /home/travis/build/icyphy/ptII/ptolemy/actor/lib/test/auto/funcApplyInConst.xml
1 ms. Memory: 562176K Free: 208777K (37%)
----------------- Invoking toplevel() on ptolemy.moml.MoMLSimpleApplication@6c0bb18d
----------------- Done invoking toplevel() on ptolemy.moml.MoMLSimpleApplication@6c0bb18d
reloadAllAccessors: .funcApplyInConst

===========================================================================================
----------------- testing Mon Jul 22 05:13:15 UTC 2019 /home/travis/build/icyphy/ptII/ptolemy/actor/lib/test/auto/funcApplyInExpr.xml
----------------- Instantiating /home/travis/build/icyphy/ptII/ptolemy/actor/lib/test/auto/funcApplyInExpr.xml
1 ms. Memory: 562176K Free: 205191K (36%)
----------------- Invoking toplevel() on ptolemy.moml.MoMLSimpleApplication@7464651d
----------------- Done invoking toplevel() on ptolemy.moml.MoMLSimpleApplication@7464651d
reloadAllAccessors: .funcApplyInExpr

===========================================================================================
----------------- testing Mon Jul 22 05:13:15 UTC 2019 /home/travis/build/icyphy/ptII/ptolemy/actor/lib/test/auto/function.xml
----------------- Instantiating /home/travis/build/icyphy/ptII/ptolemy/actor/lib/test/auto/function.xml
2 ms. Memory: 562176K Free: 200071K (36%)
----------------- Invoking toplevel() on ptolemy.moml.MoMLSimpleApplication@b5437d5
----------------- Done invoking toplevel() on ptolemy.moml.MoMLSimpleApplication@b5437d5
reloadAllAccessors: .function

===========================================================================================
----------------- testing Mon Jul 22 05:13:15 UTC 2019 /home/travis/build/icyphy/ptII/ptolemy/actor/lib/test/auto/function2.xml
----------------- Instantiating /home/travis/build/icyphy/ptII/ptolemy/actor/lib/test/auto/function2.xml
3 ms. Memory: 562176K Free: 195465K (35%)
----------------- Invoking toplevel() on ptolemy.moml.MoMLSimpleApplication@2471e355
----------------- Done invoking toplevel() on ptolemy.moml.MoMLSimpleApplication@2471e355
reloadAllAccessors: .function2

===========================================================================================
----------------- testing Mon Jul 22 05:13:15 UTC 2019 /home/travis/build/icyphy/ptII/ptolemy/actor/lib/test/auto/function3.xml
----------------- Instantiating /home/travis/build/icyphy/ptII/ptolemy/actor/lib/test/auto/function3.xml
1 ms. Memory: 562176K Free: 191879K (34%)
----------------- Invoking toplevel() on ptolemy.moml.MoMLSimpleApplication@2312015d
----------------- Done invoking toplevel() on ptolemy.moml.MoMLSimpleApplication@2312015d
reloadAllAccessors: .function3

===========================================================================================
----------------- testing Mon Jul 22 05:13:15 UTC 2019 /home/travis/build/icyphy/ptII/ptolemy/actor/lib/test/auto/functionClosureTest1.xml
----------------- Instantiating /home/travis/build/icyphy/ptII/ptolemy/actor/lib/test/auto/functionClosureTest1.xml
1 ms. Memory: 562176K Free: 185729K (33%)
----------------- Invoking toplevel() on ptolemy.moml.MoMLSimpleApplication@25402f8b
----------------- Done invoking toplevel() on ptolemy.moml.MoMLSimpleApplication@25402f8b
reloadAllAccessors: .functionClosureTest1

===========================================================================================
----------------- testing Mon Jul 22 05:13:15 UTC 2019 /home/travis/build/icyphy/ptII/ptolemy/actor/lib/test/auto/functionClosureTest2.xml
----------------- Instantiating /home/travis/build/icyphy/ptII/ptolemy/actor/lib/test/auto/functionClosureTest2.xml
1 ms. Memory: 562176K Free: 182153K (32%)
----------------- Invoking toplevel() on ptolemy.moml.MoMLSimpleApplication@5a55d802
----------------- Done invoking toplevel() on ptolemy.moml.MoMLSimpleApplication@5a55d802
reloadAllAccessors: .functionClosureTest2

===========================================================================================
----------------- testing Mon Jul 22 05:13:15 UTC 2019 /home/travis/build/icyphy/ptII/ptolemy/actor/lib/test/auto/functionClosureTest3.xml
----------------- Instantiating /home/travis/build/icyphy/ptII/ptolemy/actor/lib/test/auto/functionClosureTest3.xml
2 ms. Memory: 562176K Free: 508305K (90%)
----------------- Invoking toplevel() on ptolemy.moml.MoMLSimpleApplication@3f22e2df
----------------- Done invoking toplevel() on ptolemy.moml.MoMLSimpleApplication@3f22e2df
reloadAllAccessors: .functionClosureTest3

===========================================================================================
----------------- testing Mon Jul 22 05:13:15 UTC 2019 /home/travis/build/icyphy/ptII/ptolemy/actor/lib/test/auto/functionClosureTest4.xml
----------------- Instantiating /home/travis/build/icyphy/ptII/ptolemy/actor/lib/test/auto/functionClosureTest4.xml
4 ms. Memory: 562176K Free: 501167K (89%)
----------------- Invoking toplevel() on ptolemy.moml.MoMLSimpleApplication@420f788e
----------------- Done invoking toplevel() on ptolemy.moml.MoMLSimpleApplication@420f788e
reloadAllAccessors: .functionClosureTest4

===========================================================================================
----------------- testing Mon Jul 22 05:13:15 UTC 2019 /home/travis/build/icyphy/ptII/ptolemy/actor/lib/test/auto/functionClosureTest5.xml
----------------- Instantiating /home/travis/build/icyphy/ptII/ptolemy/actor/lib/test/auto/functionClosureTest5.xml
4 ms. Memory: 562176K Free: 496033K (88%)
----------------- Invoking toplevel() on ptolemy.moml.MoMLSimpleApplication@3172605e
----------------- Done invoking toplevel() on ptolemy.moml.MoMLSimpleApplication@3172605e
reloadAllAccessors: .functionClosureTest5

===========================================================================================
----------------- testing Mon Jul 22 05:13:15 UTC 2019 /home/travis/build/icyphy/ptII/ptolemy/actor/lib/test/auto/functionClosureTest6.xml
----------------- Instantiating /home/travis/build/icyphy/ptII/ptolemy/actor/lib/test/auto/functionClosureTest6.xml
3 ms. Memory: 562176K Free: 490921K (87%)
----------------- Invoking toplevel() on ptolemy.moml.MoMLSimpleApplication@49b1c2f
----------------- Done invoking toplevel() on ptolemy.moml.MoMLSimpleApplication@49b1c2f
reloadAllAccessors: .functionClosureTest6

===========================================================================================
----------------- testing Mon Jul 22 05:13:15 UTC 2019 /home/travis/build/icyphy/ptII/ptolemy/actor/lib/test/auto/functionsOnArcs.xml
----------------- Instantiating /home/travis/build/icyphy/ptII/ptolemy/actor/lib/test/auto/functionsOnArcs.xml
2 ms. Memory: 562176K Free: 485807K (86%)
----------------- Invoking toplevel() on ptolemy.moml.MoMLSimpleApplication@523454d9
----------------- Done invoking toplevel() on ptolemy.moml.MoMLSimpleApplication@523454d9
reloadAllAccessors: .functionsOnArcs

===========================================================================================
----------------- testing Mon Jul 22 05:13:15 UTC 2019 /home/travis/build/icyphy/ptII/ptolemy/actor/lib/test/auto/functionsOnArcsHOF.xml
----------------- Instantiating /home/travis/build/icyphy/ptII/ptolemy/actor/lib/test/auto/functionsOnArcsHOF.xml
3 ms. Memory: 562176K Free: 480177K (85%)
----------------- Invoking toplevel() on ptolemy.moml.MoMLSimpleApplication@73d33442
----------------- Done invoking toplevel() on ptolemy.moml.MoMLSimpleApplication@73d33442
reloadAllAccessors: .functionsOnArcsHOF

===========================================================================================
----------------- testing Mon Jul 22 05:13:15 UTC 2019 /home/travis/build/icyphy/ptII/ptolemy/actor/lib/test/auto/logic.xml
----------------- Instantiating /home/travis/build/icyphy/ptII/ptolemy/actor/lib/test/auto/logic.xml
2 ms. Memory: 562176K Free: 472495K (84%)
----------------- Invoking toplevel() on ptolemy.moml.MoMLSimpleApplication@550f5d8e
----------------- Done invoking toplevel() on ptolemy.moml.MoMLSimpleApplication@550f5d8e
reloadAllAccessors: .logic

===========================================================================================
----------------- testing Mon Jul 22 05:13:15 UTC 2019 /home/travis/build/icyphy/ptII/ptolemy/actor/lib/test/auto/matrixType.xml
----------------- Instantiating /home/travis/build/icyphy/ptII/ptolemy/actor/lib/test/auto/matrixType.xml
1 ms. Memory: 562176K Free: 467375K (83%)
----------------- Invoking toplevel() on ptolemy.moml.MoMLSimpleApplication@6cf8fe1
----------------- Done invoking toplevel() on ptolemy.moml.MoMLSimpleApplication@6cf8fe1
reloadAllAccessors: .matrixType

===========================================================================================
----------------- testing Mon Jul 22 05:13:15 UTC 2019 /home/travis/build/icyphy/ptII/ptolemy/actor/lib/test/auto/matrixType10.xml
----------------- Instantiating /home/travis/build/icyphy/ptII/ptolemy/actor/lib/test/auto/matrixType10.xml
2 ms. Memory: 562176K Free: 462769K (82%)
----------------- Invoking toplevel() on ptolemy.moml.MoMLSimpleApplication@4485c385
----------------- Done invoking toplevel() on ptolemy.moml.MoMLSimpleApplication@4485c385
reloadAllAccessors: .matrixType10

===========================================================================================
----------------- testing Mon Jul 22 05:13:15 UTC 2019 /home/travis/build/icyphy/ptII/ptolemy/actor/lib/test/auto/matrixType11.xml
----------------- Instantiating /home/travis/build/icyphy/ptII/ptolemy/actor/lib/test/auto/matrixType11.xml
2 ms. Memory: 562176K Free: 457649K (81%)
----------------- Invoking toplevel() on ptolemy.moml.MoMLSimpleApplication@2dc6de92
----------------- Done invoking toplevel() on ptolemy.moml.MoMLSimpleApplication@2dc6de92
reloadAllAccessors: .matrixType11

===========================================================================================
----------------- testing Mon Jul 22 05:13:15 UTC 2019 /home/travis/build/icyphy/ptII/ptolemy/actor/lib/test/auto/matrixType12.xml
----------------- Instantiating /home/travis/build/icyphy/ptII/ptolemy/actor/lib/test/auto/matrixType12.xml
1 ms. Memory: 562176K Free: 453039K (81%)
----------------- Invoking toplevel() on ptolemy.moml.MoMLSimpleApplication@69a4e136
----------------- Done invoking toplevel() on ptolemy.moml.MoMLSimpleApplication@69a4e136
reloadAllAccessors: .matrixType12

===========================================================================================
----------------- testing Mon Jul 22 05:13:15 UTC 2019 /home/travis/build/icyphy/ptII/ptolemy/actor/lib/test/auto/matrixType13.xml
----------------- Instantiating /home/travis/build/icyphy/ptII/ptolemy/actor/lib/test/auto/matrixType13.xml
1 ms. Memory: 562176K Free: 448433K (80%)
----------------- Invoking toplevel() on ptolemy.moml.MoMLSimpleApplication@1e6d4455
----------------- Done invoking toplevel() on ptolemy.moml.MoMLSimpleApplication@1e6d4455
reloadAllAccessors: .matrixType13

===========================================================================================
----------------- testing Mon Jul 22 05:13:15 UTC 2019 /home/travis/build/icyphy/ptII/ptolemy/actor/lib/test/auto/matrixType14.xml
----------------- Instantiating /home/travis/build/icyphy/ptII/ptolemy/actor/lib/test/auto/matrixType14.xml
1 ms. Memory: 562176K Free: 442785K (79%)
----------------- Invoking toplevel() on ptolemy.moml.MoMLSimpleApplication@447209c7
----------------- Done invoking toplevel() on ptolemy.moml.MoMLSimpleApplication@447209c7
reloadAllAccessors: .matrixType14

===========================================================================================
----------------- testing Mon Jul 22 05:13:15 UTC 2019 /home/travis/build/icyphy/ptII/ptolemy/actor/lib/test/auto/matrixType2.xml
----------------- Instantiating /home/travis/build/icyphy/ptII/ptolemy/actor/lib/test/auto/matrixType2.xml
1 ms. Memory: 562176K Free: 437665K (78%)
----------------- Invoking toplevel() on ptolemy.moml.MoMLSimpleApplication@6103370
----------------- Done invoking toplevel() on ptolemy.moml.MoMLSimpleApplication@6103370
reloadAllAccessors: .matrixType2

===========================================================================================
----------------- testing Mon Jul 22 05:13:15 UTC 2019 /home/travis/build/icyphy/ptII/ptolemy/actor/lib/test/auto/matrixType3.xml
----------------- Instantiating /home/travis/build/icyphy/ptII/ptolemy/actor/lib/test/auto/matrixType3.xml
3 ms. Memory: 562176K Free: 433073K (77%)
----------------- Invoking toplevel() on ptolemy.moml.MoMLSimpleApplication@5b361a5a
----------------- Done invoking toplevel() on ptolemy.moml.MoMLSimpleApplication@5b361a5a
reloadAllAccessors: .matrixType3

===========================================================================================
----------------- testing Mon Jul 22 05:13:15 UTC 2019 /home/travis/build/icyphy/ptII/ptolemy/actor/lib/test/auto/matrixType4.xml
----------------- Instantiating /home/travis/build/icyphy/ptII/ptolemy/actor/lib/test/auto/matrixType4.xml
2 ms. Memory: 562176K Free: 427953K (76%)
----------------- Invoking toplevel() on ptolemy.moml.MoMLSimpleApplication@2fcebe03
----------------- Done invoking toplevel() on ptolemy.moml.MoMLSimpleApplication@2fcebe03
reloadAllAccessors: .matrixType4

===========================================================================================
----------------- testing Mon Jul 22 05:13:15 UTC 2019 /home/travis/build/icyphy/ptII/ptolemy/actor/lib/test/auto/matrixType5.xml
----------------- Instantiating /home/travis/build/icyphy/ptII/ptolemy/actor/lib/test/auto/matrixType5.xml
1 ms. Memory: 562176K Free: 423343K (75%)
----------------- Invoking toplevel() on ptolemy.moml.MoMLSimpleApplication@1e7cd4b2
----------------- Done invoking toplevel() on ptolemy.moml.MoMLSimpleApplication@1e7cd4b2
reloadAllAccessors: .matrixType5

===========================================================================================
----------------- testing Mon Jul 22 05:13:15 UTC 2019 /home/travis/build/icyphy/ptII/ptolemy/actor/lib/test/auto/matrixType6.xml
----------------- Instantiating /home/travis/build/icyphy/ptII/ptolemy/actor/lib/test/auto/matrixType6.xml
1 ms. Memory: 562176K Free: 418737K (74%)
----------------- Invoking toplevel() on ptolemy.moml.MoMLSimpleApplication@520ab0f0
----------------- Done invoking toplevel() on ptolemy.moml.MoMLSimpleApplication@520ab0f0
reloadAllAccessors: .matrixType6

===========================================================================================
----------------- testing Mon Jul 22 05:13:15 UTC 2019 /home/travis/build/icyphy/ptII/ptolemy/actor/lib/test/auto/matrixType7.xml
----------------- Instantiating /home/travis/build/icyphy/ptII/ptolemy/actor/lib/test/auto/matrixType7.xml
1 ms. Memory: 562176K Free: 413617K (74%)
----------------- Invoking toplevel() on ptolemy.moml.MoMLSimpleApplication@70f66bce
----------------- Done invoking toplevel() on ptolemy.moml.MoMLSimpleApplication@70f66bce
reloadAllAccessors: .matrixType7

===========================================================================================
----------------- testing Mon Jul 22 05:13:15 UTC 2019 /home/travis/build/icyphy/ptII/ptolemy/actor/lib/test/auto/matrixType8.xml
----------------- Instantiating /home/travis/build/icyphy/ptII/ptolemy/actor/lib/test/auto/matrixType8.xml
1 ms. Memory: 562176K Free: 409007K (73%)
----------------- Invoking toplevel() on ptolemy.moml.MoMLSimpleApplication@5cfc4ff5
----------------- Done invoking toplevel() on ptolemy.moml.MoMLSimpleApplication@5cfc4ff5
reloadAllAccessors: .matrixType8

===========================================================================================
----------------- testing Mon Jul 22 05:13:15 UTC 2019 /home/travis/build/icyphy/ptII/ptolemy/actor/lib/test/auto/matrixType9.xml
----------------- Instantiating /home/travis/build/icyphy/ptII/ptolemy/actor/lib/test/auto/matrixType9.xml
1 ms. Memory: 562176K Free: 404401K (72%)
----------------- Invoking toplevel() on ptolemy.moml.MoMLSimpleApplication@1874a8b1
----------------- Done invoking toplevel() on ptolemy.moml.MoMLSimpleApplication@1874a8b1
reloadAllAccessors: .matrixType9

===========================================================================================
----------------- testing Mon Jul 22 05:13:15 UTC 2019 /home/travis/build/icyphy/ptII/ptolemy/actor/lib/test/auto/paraFunctest.xml
----------------- Instantiating /home/travis/build/icyphy/ptII/ptolemy/actor/lib/test/auto/paraFunctest.xml
2 ms. Memory: 562176K Free: 399791K (71%)
----------------- Invoking toplevel() on ptolemy.moml.MoMLSimpleApplication@37013455
----------------- Done invoking toplevel() on ptolemy.moml.MoMLSimpleApplication@37013455
reloadAllAccessors: .paraFunctest

===========================================================================================
----------------- testing Mon Jul 22 05:13:15 UTC 2019 /home/travis/build/icyphy/ptII/ptolemy/actor/lib/test/auto/paraFunctest2.xml
----------------- Instantiating /home/travis/build/icyphy/ptII/ptolemy/actor/lib/test/auto/paraFunctest2.xml
3 ms. Memory: 562176K Free: 395695K (70%)
----------------- Invoking toplevel() on ptolemy.moml.MoMLSimpleApplication@15bd4d24
----------------- Done invoking toplevel() on ptolemy.moml.MoMLSimpleApplication@15bd4d24
reloadAllAccessors: .paraFunctest2

===========================================================================================
----------------- testing Mon Jul 22 05:13:15 UTC 2019 /home/travis/build/icyphy/ptII/ptolemy/actor/lib/test/auto/parameterPassing.xml
----------------- Instantiating /home/travis/build/icyphy/ptII/ptolemy/actor/lib/test/auto/parameterPassing.xml
1 ms. Memory: 562176K Free: 391089K (70%)
----------------- Invoking toplevel() on ptolemy.moml.MoMLSimpleApplication@2b81fc1f
----------------- Done invoking toplevel() on ptolemy.moml.MoMLSimpleApplication@2b81fc1f
reloadAllAccessors: .parameterPassing

===========================================================================================
----------------- testing Mon Jul 22 05:13:15 UTC 2019 /home/travis/build/icyphy/ptII/ptolemy/actor/lib/test/auto/record.xml
----------------- Instantiating /home/travis/build/icyphy/ptII/ptolemy/actor/lib/test/auto/record.xml
2 ms. Memory: 562176K Free: 386479K (69%)
----------------- Invoking toplevel() on ptolemy.moml.MoMLSimpleApplication@feb36e7
----------------- Done invoking toplevel() on ptolemy.moml.MoMLSimpleApplication@feb36e7
reloadAllAccessors: .record

===========================================================================================
----------------- testing Mon Jul 22 05:13:15 UTC 2019 /home/travis/build/icyphy/ptII/ptolemy/actor/lib/test/auto/sizedarray1.xml
----------------- Instantiating /home/travis/build/icyphy/ptII/ptolemy/actor/lib/test/auto/sizedarray1.xml
1 ms. Memory: 562176K Free: 381359K (68%)
----------------- Invoking toplevel() on ptolemy.moml.MoMLSimpleApplication@545cc1e2
----------------- Done invoking toplevel() on ptolemy.moml.MoMLSimpleApplication@545cc1e2
reloadAllAccessors: .sizedarray1

===========================================================================================
----------------- testing Mon Jul 22 05:13:15 UTC 2019 /home/travis/build/icyphy/ptII/ptolemy/actor/lib/test/auto/sizedarray2.xml
----------------- Instantiating /home/travis/build/icyphy/ptII/ptolemy/actor/lib/test/auto/sizedarray2.xml
3 ms. Memory: 562176K Free: 375729K (67%)
----------------- Invoking toplevel() on ptolemy.moml.MoMLSimpleApplication@37d441c4
----------------- Done invoking toplevel() on ptolemy.moml.MoMLSimpleApplication@37d441c4
reloadAllAccessors: .sizedarray2

===========================================================================================
----------------- testing Mon Jul 22 05:13:15 UTC 2019 /home/travis/build/icyphy/ptII/ptolemy/actor/lib/test/auto/twoPublishers.xml
----------------- Instantiating /home/travis/build/icyphy/ptII/ptolemy/actor/lib/test/auto/twoPublishers.xml
6 ms. Memory: 562176K Free: 365489K (65%)
----------------- Invoking toplevel() on ptolemy.moml.MoMLSimpleApplication@5b75b50f
----------------- Done invoking toplevel() on ptolemy.moml.MoMLSimpleApplication@5b75b50f
reloadAllAccessors: .twoPublishers
AutoTests.java: About to close Vertx.
AutoTests.java: Vertx closed.
]]></system-out>
  <system-err><![CDATA[java.lang.RuntimeException: Execution failed
	at ptolemy.moml.MoMLSimpleApplication$UnloadThread.run(MoMLSimpleApplication.java:402)
Caused by: java.lang.RuntimeException: StringUtilities.exit() was called. Normally, we would exit here because Manager.exitAfterWrapup() was called.  However, because the ptolemy.ptII.exitAfterWrapup property is set, we throw this exception instead.
	at ptolemy.util.StringUtilities.exit(StringUtilities.java:365)
	at ptolemy.actor.Manager.wrapup(Manager.java:1549)
	at ptolemy.actor.Manager.execute(Manager.java:407)
	at ptolemy.actor.Manager.run(Manager.java:1263)
	at ptolemy.actor.Manager$PtolemyRunThread.run(Manager.java:1933)
Warning: '.top.test' is in training mode, set the trainingMode parameter to false before checking in
Warning: '.top.test' is in training mode, set the trainingMode parameter to false before checking in
Warning: '.top.test' is in training mode, set the trainingMode parameter to false before checking in
Warning: '.BooleanSwitch_RegressionTest_WrongTrainingValues.Test' is in training mode, set the trainingMode parameter to false before checking in
Warning: '.BooleanSwitch_RegressionTest_WrongTrainingValues.Test2' is in training mode, set the trainingMode parameter to false before checking in
Warning: '.BooleanSwitch_RegressionTest_WrongTrainingValues.Test2' The test produced 0 tokens.
Warning: '.top.testExceptionHandler' is in training mode, set the trainingMode parameter to false before checking in
java.lang.RuntimeException: Execution failed
	at ptolemy.moml.MoMLSimpleApplication$UnloadThread.run(MoMLSimpleApplication.java:402)
Caused by: ptolemy.kernel.util.IllegalActionException: PublisherPorts cannot be used at the top level, use a Publisher actor instead.
  in .PublisherPortToplevelSubscriber.PublisherPort
	at ptolemy.actor.PublisherPort.preinitialize(PublisherPort.java:403)
	at ptolemy.actor.CompositeActor.preinitialize(CompositeActor.java:1769)
	at ptolemy.actor.Manager.preinitializeAndResolveTypes(Manager.java:1040)
	at ptolemy.actor.Manager.initialize(Manager.java:710)
	at ptolemy.actor.Manager.execute(Manager.java:356)
	at ptolemy.actor.Manager.run(Manager.java:1263)
	at ptolemy.actor.Manager$PtolemyRunThread.run(Manager.java:1933)
java.lang.reflect.InvocationTargetException
	at java.base/jdk.internal.reflect.NativeConstructorAccessorImpl.newInstance0(Native Method)
	at java.base/jdk.internal.reflect.NativeConstructorAccessorImpl.newInstance(NativeConstructorAccessorImpl.java:62)
	at java.base/jdk.internal.reflect.DelegatingConstructorAccessorImpl.newInstance(DelegatingConstructorAccessorImpl.java:45)
	at java.base/java.lang.reflect.Constructor.newInstance(Constructor.java:490)
	at ptolemy.util.test.junit.AutoKnownFailedTests.RunModel(AutoKnownFailedTests.java:105)
	at java.base/jdk.internal.reflect.NativeMethodAccessorImpl.invoke0(Native Method)
	at java.base/jdk.internal.reflect.NativeMethodAccessorImpl.invoke(NativeMethodAccessorImpl.java:62)
	at java.base/jdk.internal.reflect.DelegatingMethodAccessorImpl.invoke(DelegatingMethodAccessorImpl.java:43)
	at java.base/java.lang.reflect.Method.invoke(Method.java:566)
	at org.junit.runners.model.FrameworkMethod$1.runReflectiveCall(FrameworkMethod.java:44)
	at org.junit.internal.runners.model.ReflectiveCallable.run(ReflectiveCallable.java:15)
	at org.junit.runners.model.FrameworkMethod.invokeExplosively(FrameworkMethod.java:41)
	at junitparams.internal.InvokeParameterisedMethod.evaluate(InvokeParameterisedMethod.java:102)
	at org.junit.internal.runners.statements.FailOnTimeout$1.run(FailOnTimeout.java:28)
Caused by: ptolemy.kernel.util.IllegalActionException: PublisherPorts cannot be used at the top level, use a Publisher actor instead.
  in .PublisherPortToplevelSubscriber.PublisherPort
	at ptolemy.actor.PublisherPort.preinitialize(PublisherPort.java:403)
	at ptolemy.actor.CompositeActor.preinitialize(CompositeActor.java:1769)
	at ptolemy.actor.Manager.preinitializeAndResolveTypes(Manager.java:1040)
	at ptolemy.actor.Manager.initialize(Manager.java:710)
	at ptolemy.actor.Manager.execute(Manager.java:356)
	at ptolemy.actor.Manager.run(Manager.java:1263)
	at ptolemy.actor.Manager$PtolemyRunThread.run(Manager.java:1933)
java.lang.RuntimeException: Execution failed
	at ptolemy.moml.MoMLSimpleApplication$UnloadThread.run(MoMLSimpleApplication.java:402)
Caused by: ptolemy.kernel.util.IllegalActionException: SubscriberPorts cannot be used at the top level, use a Subscriber actor instead.
  in .PublisherSubscriberPortToplevel.SubscriberPort
	at ptolemy.actor.SubscriberPort.preinitialize(SubscriberPort.java:328)
	at ptolemy.actor.CompositeActor.preinitialize(CompositeActor.java:1769)
	at ptolemy.actor.Manager.preinitializeAndResolveTypes(Manager.java:1040)
	at ptolemy.actor.Manager.initialize(Manager.java:710)
	at ptolemy.actor.Manager.execute(Manager.java:356)
	at ptolemy.actor.Manager.run(Manager.java:1263)
	at ptolemy.actor.Manager$PtolemyRunThread.run(Manager.java:1933)
java.lang.reflect.InvocationTargetException
	at java.base/jdk.internal.reflect.NativeConstructorAccessorImpl.newInstance0(Native Method)
	at java.base/jdk.internal.reflect.NativeConstructorAccessorImpl.newInstance(NativeConstructorAccessorImpl.java:62)
	at java.base/jdk.internal.reflect.DelegatingConstructorAccessorImpl.newInstance(DelegatingConstructorAccessorImpl.java:45)
	at java.base/java.lang.reflect.Constructor.newInstance(Constructor.java:490)
	at ptolemy.util.test.junit.AutoKnownFailedTests.RunModel(AutoKnownFailedTests.java:105)
	at java.base/jdk.internal.reflect.NativeMethodAccessorImpl.invoke0(Native Method)
	at java.base/jdk.internal.reflect.NativeMethodAccessorImpl.invoke(NativeMethodAccessorImpl.java:62)
	at java.base/jdk.internal.reflect.DelegatingMethodAccessorImpl.invoke(DelegatingMethodAccessorImpl.java:43)
	at java.base/java.lang.reflect.Method.invoke(Method.java:566)
	at org.junit.runners.model.FrameworkMethod$1.runReflectiveCall(FrameworkMethod.java:44)
	at org.junit.internal.runners.model.ReflectiveCallable.run(ReflectiveCallable.java:15)
	at org.junit.runners.model.FrameworkMethod.invokeExplosively(FrameworkMethod.java:41)
	at junitparams.internal.InvokeParameterisedMethod.evaluate(InvokeParameterisedMethod.java:102)
	at org.junit.internal.runners.statements.FailOnTimeout$1.run(FailOnTimeout.java:28)
Caused by: ptolemy.kernel.util.IllegalActionException: SubscriberPorts cannot be used at the top level, use a Subscriber actor instead.
  in .PublisherSubscriberPortToplevel.SubscriberPort
	at ptolemy.actor.SubscriberPort.preinitialize(SubscriberPort.java:328)
	at ptolemy.actor.CompositeActor.preinitialize(CompositeActor.java:1769)
	at ptolemy.actor.Manager.preinitializeAndResolveTypes(Manager.java:1040)
	at ptolemy.actor.Manager.initialize(Manager.java:710)
	at ptolemy.actor.Manager.execute(Manager.java:356)
	at ptolemy.actor.Manager.run(Manager.java:1263)
	at ptolemy.actor.Manager$PtolemyRunThread.run(Manager.java:1933)
java.lang.RuntimeException: Execution failed
	at ptolemy.moml.MoMLSimpleApplication$UnloadThread.run(MoMLSimpleApplication.java:402)
Caused by: ptolemy.kernel.util.IllegalActionException: SubscriptionAggregatorPorts cannot be used at the top level, use a SubscriptionAggregator actor instead.
  in .PublisherSubscriptionAggregatorPort.SubscriptionAggregatorPort
	at ptolemy.actor.SubscriptionAggregatorPort.preinitialize(SubscriptionAggregatorPort.java:353)
	at ptolemy.actor.CompositeActor.preinitialize(CompositeActor.java:1769)
	at ptolemy.actor.Manager.preinitializeAndResolveTypes(Manager.java:1040)
	at ptolemy.actor.Manager.initialize(Manager.java:710)
	at ptolemy.actor.Manager.execute(Manager.java:356)
	at ptolemy.actor.Manager.run(Manager.java:1263)
	at ptolemy.actor.Manager$PtolemyRunThread.run(Manager.java:1933)
java.lang.reflect.InvocationTargetException
	at java.base/jdk.internal.reflect.NativeConstructorAccessorImpl.newInstance0(Native Method)
	at java.base/jdk.internal.reflect.NativeConstructorAccessorImpl.newInstance(NativeConstructorAccessorImpl.java:62)
	at java.base/jdk.internal.reflect.DelegatingConstructorAccessorImpl.newInstance(DelegatingConstructorAccessorImpl.java:45)
	at java.base/java.lang.reflect.Constructor.newInstance(Constructor.java:490)
	at ptolemy.util.test.junit.AutoKnownFailedTests.RunModel(AutoKnownFailedTests.java:105)
	at java.base/jdk.internal.reflect.NativeMethodAccessorImpl.invoke0(Native Method)
	at java.base/jdk.internal.reflect.NativeMethodAccessorImpl.invoke(NativeMethodAccessorImpl.java:62)
	at java.base/jdk.internal.reflect.DelegatingMethodAccessorImpl.invoke(DelegatingMethodAccessorImpl.java:43)
	at java.base/java.lang.reflect.Method.invoke(Method.java:566)
	at org.junit.runners.model.FrameworkMethod$1.runReflectiveCall(FrameworkMethod.java:44)
	at org.junit.internal.runners.model.ReflectiveCallable.run(ReflectiveCallable.java:15)
	at org.junit.runners.model.FrameworkMethod.invokeExplosively(FrameworkMethod.java:41)
	at junitparams.internal.InvokeParameterisedMethod.evaluate(InvokeParameterisedMethod.java:102)
	at org.junit.internal.runners.statements.FailOnTimeout$1.run(FailOnTimeout.java:28)
Caused by: ptolemy.kernel.util.IllegalActionException: SubscriptionAggregatorPorts cannot be used at the top level, use a SubscriptionAggregator actor instead.
  in .PublisherSubscriptionAggregatorPort.SubscriptionAggregatorPort
	at ptolemy.actor.SubscriptionAggregatorPort.preinitialize(SubscriptionAggregatorPort.java:353)
	at ptolemy.actor.CompositeActor.preinitialize(CompositeActor.java:1769)
	at ptolemy.actor.Manager.preinitializeAndResolveTypes(Manager.java:1040)
	at ptolemy.actor.Manager.initialize(Manager.java:710)
	at ptolemy.actor.Manager.execute(Manager.java:356)
	at ptolemy.actor.Manager.run(Manager.java:1263)
	at ptolemy.actor.Manager$PtolemyRunThread.run(Manager.java:1933)
java.lang.RuntimeException: Execution failed
	at ptolemy.moml.MoMLSimpleApplication$UnloadThread.run(MoMLSimpleApplication.java:402)
Caused by: ptolemy.kernel.util.IllegalActionException: TypeTest actor has no training data.
  in .sizedarray3.TypeTest
	at ptolemy.actor.lib.TypeTest.initialize(TypeTest.java:250)
	at ptolemy.actor.Director.initialize(Director.java:938)
	at ptolemy.actor.Director.initialize(Director.java:907)
	at ptolemy.actor.sched.StaticSchedulingDirector.initialize(StaticSchedulingDirector.java:159)
	at ptolemy.domains.sdf.kernel.SDFDirector.initialize(SDFDirector.java:544)
	at ptolemy.actor.CompositeActor.initialize(CompositeActor.java:935)
	at ptolemy.actor.Manager.initialize(Manager.java:724)
	at ptolemy.actor.Manager.execute(Manager.java:356)
	at ptolemy.actor.Manager.run(Manager.java:1263)
	at ptolemy.actor.Manager$PtolemyRunThread.run(Manager.java:1933)
java.lang.reflect.InvocationTargetException
	at java.base/jdk.internal.reflect.NativeConstructorAccessorImpl.newInstance0(Native Method)
	at java.base/jdk.internal.reflect.NativeConstructorAccessorImpl.newInstance(NativeConstructorAccessorImpl.java:62)
	at java.base/jdk.internal.reflect.DelegatingConstructorAccessorImpl.newInstance(DelegatingConstructorAccessorImpl.java:45)
	at java.base/java.lang.reflect.Constructor.newInstance(Constructor.java:490)
	at ptolemy.util.test.junit.AutoKnownFailedTests.RunModel(AutoKnownFailedTests.java:105)
	at java.base/jdk.internal.reflect.NativeMethodAccessorImpl.invoke0(Native Method)
	at java.base/jdk.internal.reflect.NativeMethodAccessorImpl.invoke(NativeMethodAccessorImpl.java:62)
	at java.base/jdk.internal.reflect.DelegatingMethodAccessorImpl.invoke(DelegatingMethodAccessorImpl.java:43)
	at java.base/java.lang.reflect.Method.invoke(Method.java:566)
	at org.junit.runners.model.FrameworkMethod$1.runReflectiveCall(FrameworkMethod.java:44)
	at org.junit.internal.runners.model.ReflectiveCallable.run(ReflectiveCallable.java:15)
	at org.junit.runners.model.FrameworkMethod.invokeExplosively(FrameworkMethod.java:41)
	at junitparams.internal.InvokeParameterisedMethod.evaluate(InvokeParameterisedMethod.java:102)
	at org.junit.internal.runners.statements.FailOnTimeout$1.run(FailOnTimeout.java:28)
Caused by: ptolemy.kernel.util.IllegalActionException: TypeTest actor has no training data.
  in .sizedarray3.TypeTest
	at ptolemy.actor.lib.TypeTest.initialize(TypeTest.java:250)
	at ptolemy.actor.Director.initialize(Director.java:938)
	at ptolemy.actor.Director.initialize(Director.java:907)
	at ptolemy.actor.sched.StaticSchedulingDirector.initialize(StaticSchedulingDirector.java:159)
	at ptolemy.domains.sdf.kernel.SDFDirector.initialize(SDFDirector.java:544)
	at ptolemy.actor.CompositeActor.initialize(CompositeActor.java:935)
	at ptolemy.actor.Manager.initialize(Manager.java:724)
	at ptolemy.actor.Manager.execute(Manager.java:356)
	at ptolemy.actor.Manager.run(Manager.java:1263)
	at ptolemy.actor.Manager$PtolemyRunThread.run(Manager.java:1933)
]]></system-err>
</testsuite>
