<?xml version="1.0" encoding="UTF-8" ?>
<testsuite errors="0" failures="1" hostname="travis-job-54557cf9-0623-4ca1-9f69-49a60ccc1c26" name="ptolemy.actor.lib.test.junit.JUnitTclTest" skipped="0" tests="517" time="66.614" timestamp="2019-07-18T06:41:39">
  <properties>
    <property name="npm.executable" value="npm" />
    <property name="env.TRAVIS_ROOT" value="/" />
    <property name="ptII.mk.exists" value="true" />
    <property name="env.TRAVIS_APP_HOST" value="build.travis-ci.org" />
    <property name="env.rvm_bin_path" value="/home/travis/.rvm/bin" />
    <property name="java.home" value="/usr/local/lib/jvm/openjdk11" />
    <property name="env.TRAVIS_JOB_NUMBER" value="1250.8" />
    <property name="env.TRAVIS_HOME" value="/home/travis" />
    <property name="env.DISPLAY" value=":99.0" />
    <property name="env.TRAVIS_INIT" value="systemd" />
    <property name="env.SSH_TTY" value="/dev/pts/0" />
    <property name="java.net.preferIPv4Stack" value="true" />
    <property name="env.RUN_TESTS" value="true" />
    <property name="timeout.short" value="1000000" />
    <property name="junit.formatter" value="xml" />
    <property name="env.TRAVIS_SUDO" value="true" />
    <property name="env.TRAVIS_JOB_NAME" value="" />
    <property name="env.TRAVIS_STACK_NODE_ATTRIBUTES" value="/.node-attributes.yml" />
    <property name="env.LOGNAME" value="travis" />
    <property name="env.PT_TRAVIS_TEST_CORE1_XML" value="true" />
    <property name="jsdoc.home" value="node_modules/@terraswarm/jsdoc" />
    <property name="debuglevel" value="source,lines,vars" />
    <property name="checkstyle.formatter" value="xml" />
    <property name="env._system_version" value="16.04" />
    <property name="bin.vergil.makeable" value="true" />
    <property name="sun.os.patch.level" value="unknown" />
    <property name="java.vendor.url" value="http://java.oracle.com/" />
    <property name="env.TRAVIS_BUILD_WEB_URL" value="https://travis-ci.org/icyphy/ptII/builds/560312490" />
    <property name="java.version" value="11.0.2" />
    <property name="env.TZ" value="UTC" />
    <property name="env.TRAVIS_PULL_REQUEST_SHA" value="" />
    <property name="env.PT_NO_NET" value="true" />
    <property name="env.TRAVIS_SECURE_ENV_VARS" value="true" />
    <property name="env._system_type" value="Linux" />
    <property name="java.vendor.url.bug" value="http://bugreport.java.com/bugreport/" />
    <property name="npmjs-org-is-up" value="true" />
    <property name="env.LANGUAGE" value="en_US.UTF-8" />
    <property name="env.SSH_CLIENT" value="10.10.16.134 49356 22" />
    <property name="env.GEM_HOME" value="/home/travis/.rvm/gems/ruby-2.5.3" />
    <property name="env.HAS_ANTARES_THREE_LITTLE_FRONZIES_BADGE" value="true" />
    <property name="java.version.date" value="2019-01-15" />
    <property name="env.PS4" value="+" />
    <property name="ant.project.invoked-targets" value="build,test.core1.xml" />
    <property name="env.TRAVIS_PULL_REQUEST_BRANCH" value="" />
    <property name="env.TRAVIS_REPO_SLUG" value="icyphy/ptII" />
    <property name="env.XDG_DATA_DIRS" value="/usr/local/share:/usr/share:/var/lib/snapd/desktop" />
    <property name="jdk.debug" value="release" />
    <property name="env.TRAVIS_APT_PROXY" value="http://apt.cache.travis-ci.com" />
    <property name="node.in.path" value="true" />
    <property name="user.name" value="travis" />
    <property name="java.maxmemory" value="1400m" />
    <property name="env.RUBY_VERSION" value="ruby-2.5.3" />
    <property name="env.LANG" value="en_US.UTF-8" />
    <property name="sun.io.unicode.encoding" value="UnicodeLittle" />
    <property name="sun.jnu.encoding" value="UTF-8" />
    <property name="java.runtime.name" value="OpenJDK Runtime Environment" />
    <property name="usefile" value="false" />
    <property name="return.code" value="0" />
    <property name="junit.single.formatter" value="plain" />
    <property name="env.DYLD_LIBRARY_PATH" value="/home/travis/pthla/certi-tools/lib:" />
    <property name="env.DEBIAN_FRONTEND" value="noninteractive" />
    <property name="env.SSH_CONNECTION" value="10.10.16.134 49356 10.20.1.11 22" />
    <property name="env.MYSQL_UNIX_PORT" value="/var/run/mysqld/mysqld.sock" />
    <property name="env.LC_ALL" value="en_US.UTF-8" />
    <property name="env.TRAVIS_ALLOW_FAILURE" value="false" />
    <property name="env.TRAVIS_JOB_WEB_URL" value="https://travis-ci.org/icyphy/ptII/jobs/560312498" />
    <property name="java.specification.name" value="Java Platform API Specification" />
    <property name="node.works" value="true" />
    <property name="user.timezone" value="" />
    <property name="path.separator" value=":" />
    <property name="env.TRAVIS_ENABLE_INFRA_DETECTION" value="true" />
    <property name="env.PYTHON_CFLAGS" value="-g -fstack-protector --param=ssp-buffer-size=4 -Wformat -Werror=format-security" />
    <property name="timeout.long" value="4000000" />
    <property name="env.CERTI_HOME" value="/home/travis/pthla/certi-tools" />
    <property name="ant.file.ptII" value="/home/travis/build/icyphy/ptII/build.xml" />
    <property name="javadoc.packagenames" value="com.*,diva.*,lbnl.*,org.hlacerti.*,org.json.*,org.ptolemy.*,org.terraswarm.*,ptolemy.*,ptserver.*" />
    <property name="file.encoding" value="UTF-8" />
    <property name="env.TRAVIS_PULL_REQUEST_SLUG" value="" />
    <property name="ant.project.default-target" value="build" />
    <property name="env.GIT_ASKPASS" value="echo" />
    <property name="env.HOME" value="/home/travis" />
    <property name="sun.java.command" value="org.apache.tools.ant.taskdefs.optional.junit.JUnitTestRunner ptolemy.actor.lib.test.junit.JUnitTclTest skipNonTests=false filtertrace=true haltOnError=false haltOnFailure=false formatter=org.apache.tools.ant.taskdefs.optional.junit.OutErrSummaryJUnitResultFormatter showoutput=true outputtoformatters=true logfailedtests=true threadid=0 logtestlistenerevents=false formatter=org.apache.tools.ant.taskdefs.optional.junit.XMLJUnitResultFormatter,/home/travis/build/icyphy/ptII/reports/junit/TEST-ptolemy.actor.lib.test.junit.JUnitTclTest.xml crashfile=/home/travis/build/icyphy/ptII/junitvmwatcher1744807490043725887.properties propsfile=/home/travis/build/icyphy/ptII/junit12704368026389770331.properties" />
    <property name="env.COMPOSER_NO_INTERACTION" value="1" />
    <property name="env.MANPATH" value="/home/travis/.nvm/versions/node/v7.10.1/share/man:/home/travis/.rvm/rubies/ruby-2.5.3/share/man:/usr/local/cmake-3.12.4/man:/usr/local/clang-7.0.0/share/man:/usr/local/man:/usr/local/share/man:/usr/share/man:/home/travis/.rvm/man" />
    <property name="env.TRAVIS_TIMER_ID" value="07b44b32" />
    <property name="ant.file" value="/home/travis/build/icyphy/ptII/build.xml" />
    <property name="env.TRAVIS_COMMIT_RANGE" value="418482d70129...3e774e1e8b6f" />
    <property name="env._system_name" value="Ubuntu" />
    <property name="ptII.classpath.optional.property" value="/home/travis/build/icyphy/ptII/lib/bsh-2.0b4.jar:/home/travis/build/icyphy/ptII/lib/ptCal.jar:/home/travis/build/icyphy/ptII/lib/java_cup.jar:/home/travis/build/icyphy/ptII/lib/saxon8.jar:/home/travis/build/icyphy/ptII/lib/saxon8-dom.jar:/home/travis/build/icyphy/ptII/lib/chic.jar:/home/travis/build/icyphy/ptII/lib/ptcolt.jar:/home/travis/build/icyphy/ptII/vendors/misc/itext/iText.jar:/home/travis/build/icyphy/ptII/lib/g4ltl.jar:/home/travis/build/icyphy/ptII/lib/StructuralCoder.jar:/home/travis/build/icyphy/ptII/lib/jcerti.jar:/home/travis/build/icyphy/ptII/lib/javax.mail.jar:/home/travis/build/icyphy/ptII/vendors/JMF-2.1.1e/lib/jmf.jar:/home/travis/build/icyphy/ptII/lib/jna-4.0.0-variadic.jar:/home/travis/build/icyphy/ptII/vendors/misc/joystick/Joystick.jar:/home/travis/build/icyphy/ptII/lib/ptjacl.jar:/home/travis/build/icyphy/ptII/lib/jsoup-1.8.2.jar:/home/travis/build/icyphy/ptII/lib/junit-4.8.2.jar:/home/travis/build/icyphy/ptII/lib/JUnitParams-0.4.0.jar:/home/travis/build/icyphy/ptII/ptolemy/actor/lib/excel/jxl.jar:/home/travis/build/icyphy/ptII/lib/jython.jar:/home/travis/build/icyphy/ptII/lib/kieler.jar:/home/travis/build/icyphy/ptII/vendors/opencv/share/OpenCV/java/opencv-341.jar:/home/travis/build/icyphy/ptII/lib/oscP5.jar:/home/travis/build/icyphy/ptII/lib/nrjavaserial-3.11.0.devel.jar:/home/travis/build/icyphy/ptII/vendors/j3d/lib/Linux/j3dcore.jar:/home/travis/build/icyphy/ptII/vendors/j3d/lib/Linux/j3dutils.jar:/home/travis/build/icyphy/ptII/vendors/j3d/lib/Linux/vecmath.jar:/home/travis/build/icyphy/ptII/vendors/jogl/lib/Linux/gluegen-rt-natives-linux-amd64.jar:/home/travis/build/icyphy/ptII/vendors/jogl/lib/Linux/gluegen-rt.jar:/home/travis/build/icyphy/ptII/vendors/jogl/lib/Linux/jogl-all-natives-linux-amd64.jar:/home/travis/build/icyphy/ptII/vendors/jogl/lib/Linux/jogl-all.jar:/home/travis/build/icyphy/ptII/ptolemy/distributed/jini/jar/jini-core.jar:/home/travis/build/icyphy/ptII/ptolemy/distributed/jini/jar/jini-ext.jar:/home/travis/build/icyphy/ptII/ptolemy/distributed/jini/jar/sun-util.jar:/home/travis/build/icyphy/ptII/lib/protobuf-java-2.4.1.jar:/home/travis/build/icyphy/ptII/lib/org.eclipse.paho.client.mqttv3.jar:/home/travis/build/icyphy/ptII/lib/mapss.jar:/home/travis/build/icyphy/ptII/ptolemy/actor/ptalon/antlr/antlr.jar:/home/travis/build/icyphy/ptII/lib/JRI.jar:/home/travis/build/icyphy/ptII/lib/commons-lang-2.6.jar:/home/travis/build/icyphy/ptII/lib/commons-logging-1.1.1.jar:/home/travis/build/icyphy/ptII/lib/sootclasses.jar:/home/travis/build/icyphy/ptII/ptolemy/actor/lib/database/mysql-connector-java-5.1.6-bin.jar:/home/travis/build/icyphy/ptII/vendors/misc/sphinx4/sphinx4-data-5prealpha.jar:/home/travis/build/icyphy/ptII/vendors/misc/sphinx4/sphinx4-core-5prealpha.jar:/home/travis/build/icyphy/ptII/lib/PDFRenderer.jar:/home/travis/build/icyphy/ptII/lib/svgSalamander.jar:/home/travis/build/icyphy/ptII/lib/rsyntaxtextarea-2.6.0-SNAPSHOT.jar:/home/travis/build/icyphy/ptII/lib/hazelcast-3.8.2.jar:/home/travis/build/icyphy/ptII/lib/jackson-annotations-2.9.0.jar:/home/travis/build/icyphy/ptII/lib/jackson-core-2.9.3.jar:/home/travis/build/icyphy/ptII/lib/jackson-databind-2.9.3.jar:/home/travis/build/icyphy/ptII/lib/netty-buffer-4.1.19.Final.jar:/home/travis/build/icyphy/ptII/lib/netty-codec-4.1.19.Final.jar:/home/travis/build/icyphy/ptII/lib/netty-codec-dns-4.1.19.Final.jar:/home/travis/build/icyphy/ptII/lib/netty-codec-http-4.1.19.Final.jar:/home/travis/build/icyphy/ptII/lib/netty-codec-http2-4.1.19.Final.jar:/home/travis/build/icyphy/ptII/lib/netty-common-4.1.19.Final.jar:/home/travis/build/icyphy/ptII/lib/netty-handler-4.1.19.Final.jar:/home/travis/build/icyphy/ptII/lib/netty-resolver-4.1.19.Final.jar:/home/travis/build/icyphy/ptII/lib/netty-resolver-dns-4.1.19.Final.jar:/home/travis/build/icyphy/ptII/lib/netty-transport-4.1.19.Final.jar:/home/travis/build/icyphy/ptII/lib/vertx-codegen-3.5.1.jar:/home/travis/build/icyphy/ptII/lib/vertx-core-3.5.2-SNAPSHOT.jar:/home/travis/build/icyphy/ptII/lib/vertx-hazelcast-3.5.1.jar:/home/travis/build/icyphy/ptII/lib/vertx-lang-js-3.5.1.jar:/home/travis/build/icyphy/ptII/lib/vertx-service-proxy-3.5.1.jar:/home/travis/build/icyphy/ptII/lib/vertx-web-3.5.1.jar:/home/travis/build/icyphy/ptII/lib/slf4j-api-1.7.13.jar:/home/travis/build/icyphy/ptII/lib/slf4j-simple-1.7.13.jar:/home/travis/build/icyphy/ptII/lib/webcam-capture-0.3.12.jar:/home/travis/build/icyphy/ptII/lib/bridj-0.7.0.jar:/home/travis/build/icyphy/ptII/lib/xbjlib-1.1.0.nrjavaserial.jar" />
    <property name="timeout" value="2400000" />
    <property name="test.batch" value="**/junit/*.java" />
    <property name="env._" value="/usr/bin/timeout" />
    <property name="java.io.tmpdir" value="/tmp" />
    <property name="user.language" value="en" />
    <property name="env.TRAVIS_INTERNAL_RUBY_REGEX" value="^ruby-(2\.[0-4]\.[0-9]|1\.9\.3)" />
    <property name="env.HISTCONTROL" value="ignoredups:ignorespace" />
    <property name="env.GOROOT" value="/home/travis/.gimme/versions/go1.11.1.linux.amd64" />
    <property name="line.separator" value="&#xa;" />
    <property name="target" value="11" />
    <property name="env.TRAVIS_BUILD_DIR" value="/home/travis/build/icyphy/ptII" />
    <property name="env.ANT_OPTS" value="-Xmx2048m" />
    <property name="ant.file.type" value="file" />
    <property name="ptolemy.ptII.batchMode" value="true" />
    <property name="env.HISTSIZE" value="1000" />
    <property name="env.MERB_ENV" value="test" />
    <property name="java.vm.info" value="mixed mode" />
    <property name="source" value="11" />
    <property name="java.vm.specification.name" value="Java Virtual Machine Specification" />
    <property name="env.TRAVIS_TEST_RESULT" value="0" />
    <property name="jsdoc.command" value="node_modules/@terraswarm/jsdoc/jsdoc.js" />
    <property name="npm.works" value="true" />
    <property name="cobertura.dir" value="/home/travis/build/icyphy/ptII/vendors/cobertura-2.0.3" />
    <property name="jsdoc.command.exists" value="true" />
    <property name="env.rvm_path" value="/home/travis/.rvm" />
    <property name="env.GEM_PATH" value="/home/travis/.rvm/gems/ruby-2.5.3:/home/travis/.rvm/gems/ruby-2.5.3@global" />
    <property name="env.LC_CTYPE" value="en_US.UTF-8" />
    <property name="env.TRAVIS_CMD" value="$PTII/bin/ptIITravisBuild.sh $SECONDS" />
    <property name="java.awt.printerjob" value="sun.print.PSPrinterJob" />
    <property name="env.TRAVIS_STACK_NAME" value="sardonyx" />
    <property name="env.TRAVIS_TIMER_START_TIME" value="1563431375239765214" />
    <property name="ant.version" value="Apache Ant(TM) version 1.10.1 compiled on February 2 2017" />
    <property name="ptII.reports" value="/home/travis/build/icyphy/ptII/reports" />
    <property name="env.TRAVIS_STACK_TIMESTAMP" value="2019-03-25 16:16:56 UTC" />
    <property name="ant.file.type.ptII" value="file" />
    <property name="env.RBENV_SHELL" value="bash" />
    <property name="os.name" value="Linux" />
    <property name="java.specification.vendor" value="Oracle Corporation" />
    <property name="env.rvm_version" value="1.29.7 (latest)" />
    <property name="env.TRAVIS_INFRA" value="gce" />
    <property name="env.TERM" value="xterm" />
    <property name="java.vm.name" value="OpenJDK 64-Bit Server VM" />
    <property name="env.TRAVIS_BUILD_NUMBER" value="1250" />
    <property name="env.CI" value="true" />
    <property name="java.library.path" value="/home/travis/pthla/certi-tools/lib:/usr/lib/jni:/usr/local/share/OpenCV/java/:/usr/share/OpenCV/java::/usr/java/packages/lib:/usr/lib64:/lib64:/lib:/usr/lib" />
    <property name="jdk.module.path" value="/home/travis/build/icyphy/ptII/vendors/javafx/javafx-sdk-11.0.2/lib:" />
    <property name="env.rvm_prefix" value="/home/travis" />
    <property name="env.PATH" value="/home/travis/pthla/certi-tools/share/scripts:/home/travis/.rvm/gems/ruby-2.5.3/bin:/home/travis/.rvm/gems/ruby-2.5.3@global/bin:/home/travis/.rvm/rubies/ruby-2.5.3/bin:/home/travis/.rvm/bin:/home/travis/.nvm/versions/node/v7.10.1/bin:./node_modules/.bin:/home/travis/build/icyphy/ptII/bin:/home/travis/pthla/certi-tools/bin:/home/travis/bin:/home/travis/.local/bin:/usr/local/lib/jvm/openjdk11/bin:/opt/pyenv/shims:/home/travis/.phpenv/shims:/home/travis/perl5/perlbrew/bin:/home/travis/gopath/bin:/home/travis/.gimme/versions/go1.11.1.linux.amd64/bin:/usr/local/maven-3.6.0/bin:/usr/local/cmake-3.12.4/bin:/usr/local/clang-7.0.0/bin:/usr/local/sbin:/usr/local/bin:/usr/sbin:/usr/bin:/sbin:/bin:/snap/bin:/home/travis/.phpenv/bin:/opt/pyenv/bin:/home/travis/.yarn/bin" />
    <property name="env.TRAVIS_OS_NAME" value="linux" />
    <property name="ant.java.version" value="9" />
    <property name="basedir" value="/home/travis/build/icyphy/ptII" />
    <property name="java.class.version" value="55.0" />
    <property name="env.SHLVL" value="3" />
    <property name="env.LD_LIBRARY_PATH" value="/home/travis/pthla/certi-tools/lib:/usr/lib/jni:/usr/local/share/OpenCV/java/:/usr/share/OpenCV/java:" />
    <property name="env.RACK_ENV" value="test" />
    <property name="ant.home" value="/home/travis/build/icyphy/ptII/ant" />
    <property name="env.NVM_DIR" value="/home/travis/.nvm" />
    <property name="env.CERTI_FOM_PATH" value="/home/travis/pthla/certi-tools/share/federations" />
    <property name="env.TRAVIS_BUILD_ID" value="560312490" />
    <property name="env.PYENV_ROOT" value="/opt/pyenv" />
    <property name="env.TRAVIS_UID" value="2000" />
    <property name="prism.verbose" value="true" />
    <property name="env.NVM_BIN" value="/home/travis/.nvm/versions/node/v7.10.1/bin" />
    <property name="env.TRAVIS_COMMIT" value="3e774e1e8b6fbbdb6ab39cf2179ec5a8d0ec3de7" />
    <property name="env._system_arch" value="x86_64" />
    <property name="node.executable" value="node" />
    <property name="sun.boot.library.path" value="/usr/local/lib/jvm/openjdk11/lib" />
    <property name="sun.management.compiler" value="HotSpot 64-Bit Tiered Compilers" />
    <property name="java.awt.graphicsenv" value="sun.awt.X11GraphicsEnvironment" />
    <property name="env.GOPATH" value="/home/travis/gopath" />
    <property name="ptolemy.ptII.dir" value="/home/travis/build/icyphy/ptII" />
    <property name="env.USER" value="travis" />
    <property name="env.HISTFILESIZE" value="2000" />
    <property name="timeout.longest" value="19000000" />
    <property name="env.PERLBREW_SHELLRC_VERSION" value="0.86" />
    <property name="env.TRAVIS_STACK_FEATURES" value="basic couchdb disabled-ipv6 docker docker-compose elasticsearch firefox go-toolchain google-chrome jdk memcached mongodb mysql nodejs_interpreter perl_interpreter perlbrew phantomjs postgresql python_interpreter redis ruby_interpreter sqlite xserver" />
    <property name="env.TRAVIS_PULL_REQUEST" value="false" />
    <property name="env.PYENV_SHELL" value="bash" />
    <property name="ant.project.name" value="ptII" />
    <property name="env.ANSI_RESET" value="\033[0m" />
    <property name="java.vm.specification.version" value="11" />
    <property name="env.TRAVIS_DIST" value="xenial" />
    <property name="env.CERTI_VERSION" value="4.0.0" />
    <property name="env.CERTI_HOST" value="localhost" />
    <property name="awt.toolkit" value="sun.awt.X11.XToolkit" />
    <property name="env.MY_RUBY_HOME" value="/home/travis/.rvm/rubies/ruby-2.5.3" />
    <property name="sun.cpu.isalist" value="" />
    <property name="env.TRAVIS_TMPDIR" value="/tmp/tmp.DsxhVCepso" />
    <property name="java.vm.compressedOopsMode" value="Zero based" />
    <property name="os.version" value="4.15.0-1028-gcp" />
    <property name="user.home" value="/home/travis" />
    <property name="java.vm.vendor" value="Oracle Corporation" />
    <property name="env.TRAVIS_TAG" value="nightly" />
    <property name="env.ANSI_YELLOW" value="\033[33;1m" />
    <property name="env.TRAVIS_FILTERED" value="redirect_io" />
    <property name="env.ANSI_GREEN" value="\033[32;1m" />
    <property name="env.JAVA_HOME" value="/usr/local/lib/jvm/openjdk11" />
    <property name="javadoc.excludepackagenames" value="adm.cvs2svn.*,build.*,config.*,doc.coding.templates.*,jni.test.jni.meaningOfLife.*,jni.test.jni.testDeux.*,jni.test.jni.testTrois.*,org.terraswarm.accessor.accessors.web.node_modules.*,org.terraswarm.accessor.accessors.web.hosts.cordova.demo.*,org.terraswarm.accessor.accessors.web.hosts.cordova.plugins.*,org.terraswarm.accessor.accessors-svn.*,pt-modules.*,ptolemy.apps.agilent.*,ptolemy.apps.anytimecontrol.*,ptolemy.apps.apes.*,ptolemy.apps.charon.*,ptolemy.apps.crazyboard.*,ptolemy.apps.eclipse.*,ptolemy.apps.etherealSting.*,ptolemy.apps.fullscreen.*,ptolemy.apps.giotto.*,ptolemy.apps.ia.*,ptolemy.apps.interfaces.*,ptolemy.apps.jmf.*,ptolemy.apps.kurt.*,ptolemy.apps.kvm.*,ptolemy.apps.lego.*,ptolemy.apps.lejos.*,ptolemy.apps.midp.*,ptolemy.apps.mobileCoding.*,ptolemy.apps.pendulum.*,ptolemy.apps.rijndael.*,ptolemy.apps.robot.*,ptolemy.apps.security.*,ptolemy.apps.sobel.*,ptolemy.apps.soot.*,ptolemy.apps.throttle.*,ptolemy.apps.tini.*,ptolemy.apps.transmission.*,ptolemy.apps.vergil.*,ptolemy.apps.waba.*,ptolemy.apps.websensor.*,ptolemy.apps.webstart.*,ptolemy.apps.xsl.*,ptolemy.apps.zaurus.*,ptolemy.codegen.c.actor.lib.oldJavaFiles.*,ptolemy.codegen.dsp.lib.*,ptolemy.codegen.kernel.newInterfaces.*,ptolemy.codegen.lib.*,ptolemy.copernicus.kernel.fragment.*,ptolemy.copernicus.shallow.cg.*,ptolemy.domains.giotto.demo.Hierarchy.Hierarchy.*,ptolemy.domains.giotto.demo.Multimode.Multimode.*,ptolemy.domains.giotto.demo.Simple.Simple.*,ptolemy.domains.gr.lib.experimental.*,ptolemy.domains.gro.*,ptolemy.domains.pdf.*,ptolemy.domains.ptinyos.demo.Surge.output.*,ptolemy.moml.test.NoPackageActor.java*,ptolemy.plot.adm.*,ptolemy.plot.servlet.*,reports.*,signed.*,src.*,target.*,vendors.*,ptolemy.copernicus.applet.*,ptolemy.media.viewer.*,ptolemy.actor.corba.*,doc.doclets.*,ptolemy.apps.eclipse.awt.*,ptolemy.backtrack.*,ptolemy.backtrack.ast.*,ptolemy.cg.adapter.generic.program.procedural.c.mbed*,ptolemy.homer.*,ptolemy.actor.lib.jai.*,org.ptolemy.scala.*,diva.util.java2d.svg.*,ptolemy.domains.ptinyos.*,ptolemy.actor.lib.fmi.fmipp.*,,org.terraswarm.accessor.accessors.web.node_modules.*,org.terraswarm.accessor.accessors-svn,ptolemy.apps.*,ptolemy.actor.ptalon.demo.ptinyos.SendAndReceiveCnt.output,ptolemy.actor.ptalon.demo.ptinyos.SenseToLeds.output,ptolemy.domains.ptinyos.demo.CntToLedsAndRfm.output,ptolemy.domains.ptinyos.demo.RfmToLeds.output,ptolemy.domains.ptinyos.demo.SendAndReceiveCnt.output,ptolemy.domains.ptinyos.demo.SenseToLeds.output,ptolemy.actor.lib.jjs.modules.udpSocket.*" />
    <property name="env.PTII" value="/home/travis/build/icyphy/ptII" />
    <property name="env.XDG_SESSION_ID" value="2" />
    <property name="keystore" value="ptKeystore" />
    <property name="env.TRAVIS_COMMIT_MESSAGE" value="Updates for Jogl jars." />
    <property name="junit.output.dir" value="/home/travis/build/icyphy/ptII/reports/junit" />
    <property name="npm.return.code" value="0" />
    <property name="user.dir" value="/home/travis/build/icyphy/ptII/ptolemy/actor/lib/test" />
    <property name="env.TRAVIS_NODE_VERSION" value="7" />
    <property name="env.TRAVIS_EVENT_TYPE" value="push" />
    <property name="env.MAIL" value="/var/mail/travis" />
    <property name="env.PERLBREW_ROOT" value="/home/travis/perl5/perlbrew" />
    <property name="env.PWD" value="/home/travis/build/icyphy/ptII" />
    <property name="timeout.npm" value="45000" />
    <property name="env.TRAVIS_ARCH" value="amd64" />
    <property name="sun.cpu.endian" value="little" />
    <property name="env.PAGER" value="cat" />
    <property name="env.TRAVIS_BUILD_STAGE_NAME" value="Test" />
    <property name="env.PERLBREW_HOME" value="/home/travis/.perlbrew" />
    <property name="java.vm.version" value="11.0.2+9" />
    <property name="env.RAILS_ENV" value="test" />
    <property name="java.class.path" value="/home/travis/.ptolemyII:/home/travis/.ptolemyII/*:/home/travis/build/icyphy/ptII:/home/travis/build/icyphy/ptII/lib/bsh-2.0b4.jar:/home/travis/build/icyphy/ptII/lib/ptCal.jar:/home/travis/build/icyphy/ptII/lib/java_cup.jar:/home/travis/build/icyphy/ptII/lib/saxon8.jar:/home/travis/build/icyphy/ptII/lib/saxon8-dom.jar:/home/travis/build/icyphy/ptII/lib/chic.jar:/home/travis/build/icyphy/ptII/lib/ptcolt.jar:/home/travis/build/icyphy/ptII/vendors/misc/itext/iText.jar:/home/travis/build/icyphy/ptII/lib/g4ltl.jar:/home/travis/build/icyphy/ptII/lib/StructuralCoder.jar:/home/travis/build/icyphy/ptII/lib/jcerti.jar:/home/travis/build/icyphy/ptII/lib/javax.mail.jar:/home/travis/build/icyphy/ptII/vendors/JMF-2.1.1e/lib/jmf.jar:/home/travis/build/icyphy/ptII/lib/jna-4.0.0-variadic.jar:/home/travis/build/icyphy/ptII/vendors/misc/joystick/Joystick.jar:/home/travis/build/icyphy/ptII/lib/ptjacl.jar:/home/travis/build/icyphy/ptII/lib/jsoup-1.8.2.jar:/home/travis/build/icyphy/ptII/lib/junit-4.8.2.jar:/home/travis/build/icyphy/ptII/lib/JUnitParams-0.4.0.jar:/home/travis/build/icyphy/ptII/ptolemy/actor/lib/excel/jxl.jar:/home/travis/build/icyphy/ptII/lib/jython.jar:/home/travis/build/icyphy/ptII/lib/kieler.jar:/home/travis/build/icyphy/ptII/vendors/opencv/share/OpenCV/java/opencv-341.jar:/home/travis/build/icyphy/ptII/lib/oscP5.jar:/home/travis/build/icyphy/ptII/lib/nrjavaserial-3.11.0.devel.jar:/home/travis/build/icyphy/ptII/vendors/j3d/lib/Linux/j3dcore.jar:/home/travis/build/icyphy/ptII/vendors/j3d/lib/Linux/j3dutils.jar:/home/travis/build/icyphy/ptII/vendors/j3d/lib/Linux/vecmath.jar:/home/travis/build/icyphy/ptII/vendors/jogl/lib/Linux/gluegen-rt-natives-linux-amd64.jar:/home/travis/build/icyphy/ptII/vendors/jogl/lib/Linux/gluegen-rt.jar:/home/travis/build/icyphy/ptII/vendors/jogl/lib/Linux/jogl-all-natives-linux-amd64.jar:/home/travis/build/icyphy/ptII/vendors/jogl/lib/Linux/jogl-all.jar:/home/travis/build/icyphy/ptII/ptolemy/distributed/jini/jar/jini-core.jar:/home/travis/build/icyphy/ptII/ptolemy/distributed/jini/jar/jini-ext.jar:/home/travis/build/icyphy/ptII/ptolemy/distributed/jini/jar/sun-util.jar:/home/travis/build/icyphy/ptII/lib/protobuf-java-2.4.1.jar:/home/travis/build/icyphy/ptII/lib/org.eclipse.paho.client.mqttv3.jar:/home/travis/build/icyphy/ptII/lib/mapss.jar:/home/travis/build/icyphy/ptII/ptolemy/actor/ptalon/antlr/antlr.jar:/home/travis/build/icyphy/ptII/lib/JRI.jar:/home/travis/build/icyphy/ptII/lib/commons-lang-2.6.jar:/home/travis/build/icyphy/ptII/lib/commons-logging-1.1.1.jar:/home/travis/build/icyphy/ptII/lib/sootclasses.jar:/home/travis/build/icyphy/ptII/ptolemy/actor/lib/database/mysql-connector-java-5.1.6-bin.jar:/home/travis/build/icyphy/ptII/vendors/misc/sphinx4/sphinx4-data-5prealpha.jar:/home/travis/build/icyphy/ptII/vendors/misc/sphinx4/sphinx4-core-5prealpha.jar:/home/travis/build/icyphy/ptII/lib/PDFRenderer.jar:/home/travis/build/icyphy/ptII/lib/svgSalamander.jar:/home/travis/build/icyphy/ptII/lib/rsyntaxtextarea-2.6.0-SNAPSHOT.jar:/home/travis/build/icyphy/ptII/lib/hazelcast-3.8.2.jar:/home/travis/build/icyphy/ptII/lib/jackson-annotations-2.9.0.jar:/home/travis/build/icyphy/ptII/lib/jackson-core-2.9.3.jar:/home/travis/build/icyphy/ptII/lib/jackson-databind-2.9.3.jar:/home/travis/build/icyphy/ptII/lib/netty-buffer-4.1.19.Final.jar:/home/travis/build/icyphy/ptII/lib/netty-codec-4.1.19.Final.jar:/home/travis/build/icyphy/ptII/lib/netty-codec-dns-4.1.19.Final.jar:/home/travis/build/icyphy/ptII/lib/netty-codec-http-4.1.19.Final.jar:/home/travis/build/icyphy/ptII/lib/netty-codec-http2-4.1.19.Final.jar:/home/travis/build/icyphy/ptII/lib/netty-common-4.1.19.Final.jar:/home/travis/build/icyphy/ptII/lib/netty-handler-4.1.19.Final.jar:/home/travis/build/icyphy/ptII/lib/netty-resolver-4.1.19.Final.jar:/home/travis/build/icyphy/ptII/lib/netty-resolver-dns-4.1.19.Final.jar:/home/travis/build/icyphy/ptII/lib/netty-transport-4.1.19.Final.jar:/home/travis/build/icyphy/ptII/lib/vertx-codegen-3.5.1.jar:/home/travis/build/icyphy/ptII/lib/vertx-core-3.5.2-SNAPSHOT.jar:/home/travis/build/icyphy/ptII/lib/vertx-hazelcast-3.5.1.jar:/home/travis/build/icyphy/ptII/lib/vertx-lang-js-3.5.1.jar:/home/travis/build/icyphy/ptII/lib/vertx-service-proxy-3.5.1.jar:/home/travis/build/icyphy/ptII/lib/vertx-web-3.5.1.jar:/home/travis/build/icyphy/ptII/lib/slf4j-api-1.7.13.jar:/home/travis/build/icyphy/ptII/lib/slf4j-simple-1.7.13.jar:/home/travis/build/icyphy/ptII/lib/webcam-capture-0.3.12.jar:/home/travis/build/icyphy/ptII/lib/bridj-0.7.0.jar:/home/travis/build/icyphy/ptII/lib/xbjlib-1.1.0.nrjavaserial.jar:/home/travis/build/icyphy/ptII/ptolemy/moml/test:/home/travis/build/icyphy/ptII/ant/lib/ant-launcher.jar:/home/travis/build/icyphy/ptII/ant/lib/ant.jar:/home/travis/build/icyphy/ptII/ant/lib/ant-junit.jar:/home/travis/build/icyphy/ptII/ant/lib/ant-junit4.jar" />
    <property name="ant.library.dir" value="/home/travis/build/icyphy/ptII/ant/lib" />
    <property name="os.arch" value="amd64" />
    <property name="env.CONTINUOUS_INTEGRATION" value="true" />
    <property name="env.TRAVIS_LANGUAGE" value="node_js" />
    <property name="env.TRAVIS_STACK_LANGUAGES" value="__sardonyx__ c c++ clojure cplusplus cpp default generic go groovy java node_js php pure_java python ruby scala" />
    <property name="test.name" value="ptolemy.actor.lib.test.junit.JUnitTclTest" />
    <property name="env.APT_KEY_DONT_WARN_ON_DANGEROUS_USAGE" value="1" />
    <property name="sun.java.launcher" value="SUN_STANDARD" />
    <property name="env.PYTHON_CONFIGURE_OPTS" value="--enable-unicode=ucs4 --with-wide-unicode --enable-shared --enable-ipv6 --enable-loadable-sqlite-extensions --with-computed-gotos" />
    <property name="ant.core.lib" value="/home/travis/build/icyphy/ptII/ant/lib/ant.jar" />
    <property name="java.vm.specification.vendor" value="Oracle Corporation" />
    <property name="env.BCVTB_HOME" value="/home/travis/build/icyphy/ptII/lbnl" />
    <property name="file.separator" value="/" />
    <property name="spotbugs.home" value="/home/travis/build/icyphy/ptII/vendors/spotbugs-3.1.1" />
    <property name="java.runtime.version" value="11.0.2+9" />
    <property name="env.ANSI_CLEAR" value="\033[0K" />
    <property name="javafx.verbose" value="true" />
    <property name="env.HAS_JOSH_K_SEAL_OF_APPROVAL" value="true" />
    <property name="env.XDG_RUNTIME_DIR" value="/run/user/2000" />
    <property name="env.TRAVIS_OSX_IMAGE" value="" />
    <property name="env.TRAVIS_JOB_ID" value="560312498" />
    <property name="env.TRAVIS_BRANCH" value="master" />
    <property name="user.country" value="US" />
    <property name="env.CERTI_HOME_TRAVIS" value="/home/travis/pthla/certi-tools" />
    <property name="env.SHELL" value="/bin/bash" />
    <property name="java.maxmemory.large" value="6000m" />
    <property name="model" value="" />
    <property name="env.CASHER_DIR" value="/home/travis/.casher" />
    <property name="env.NVM_CD_FLAGS" value="" />
    <property name="java.vendor.version" value="18.9" />
    <property name="jshint.executable" value="/home/travis/node_modules/jshint/bin/jshint" />
    <property name="env.JRUBY_OPTS" value=" --client -J-XX:+TieredCompilation -J-XX:TieredStopAtLevel=1 -J-Xss2m -Xcompile.invokedynamic=false" />
    <property name="java.vendor" value="Oracle Corporation" />
    <property name="env.TRAVIS_PRE_CHEF_BOOTSTRAP_TIME" value="2019-03-25T16:16:42" />
    <property name="env.TRAVIS_STACK_JOB_BOARD_REGISTER" value="/.job-board-register.yml" />
    <property name="env.ANSI_RED" value="\033[31;1m" />
    <property name="java.specification.version" value="11" />
    <property name="env.IRBRC" value="/home/travis/.rvm/rubies/ruby-2.5.3/.irbrc" />
    <property name="env.TRAVIS" value="true" />
    <property name="sun.arch.data.model" value="64" />
  </properties>
  <testcase classname="ptolemy.util.test.junit.TclTests" name="[0] /home/travis/build/icyphy/ptII/ptolemy/actor/lib/test/AbsoluteValue.tcl (RunTclFile)" time="0.455" />
  <testcase classname="ptolemy.util.test.junit.TclTests" name="[1] /home/travis/build/icyphy/ptII/ptolemy/actor/lib/test/AddSubtract.tcl (RunTclFile)" time="0.112" />
  <testcase classname="ptolemy.util.test.junit.TclTests" name="[2] /home/travis/build/icyphy/ptII/ptolemy/actor/lib/test/Average.tcl (RunTclFile)" time="0.044" />
  <testcase classname="ptolemy.util.test.junit.TclTests" name="[3] /home/travis/build/icyphy/ptII/ptolemy/actor/lib/test/Bernoulli.tcl (RunTclFile)" time="0.024" />
  <testcase classname="ptolemy.util.test.junit.TclTests" name="[4] /home/travis/build/icyphy/ptII/ptolemy/actor/lib/test/Clock.tcl (RunTclFile)" time="0.11" />
  <testcase classname="ptolemy.util.test.junit.TclTests" name="[5] /home/travis/build/icyphy/ptII/ptolemy/actor/lib/test/Commutator.tcl (RunTclFile)" time="0.185" />
  <testcase classname="ptolemy.util.test.junit.TclTests" name="[6] /home/travis/build/icyphy/ptII/ptolemy/actor/lib/test/Const.tcl (RunTclFile)" time="0.159" />
  <testcase classname="ptolemy.util.test.junit.TclTests" name="[7] /home/travis/build/icyphy/ptII/ptolemy/actor/lib/test/CurrentTime.tcl (RunTclFile)" time="0.04" />
  <testcase classname="ptolemy.util.test.junit.TclTests" name="[8] /home/travis/build/icyphy/ptII/ptolemy/actor/lib/test/DB.tcl (RunTclFile)" time="0.084" />
  <testcase classname="ptolemy.util.test.junit.TclTests" name="[9] /home/travis/build/icyphy/ptII/ptolemy/actor/lib/test/DiscreteRandomSource.tcl (RunTclFile)" time="0.029" />
  <testcase classname="ptolemy.util.test.junit.TclTests" name="[10] /home/travis/build/icyphy/ptII/ptolemy/actor/lib/test/Distributor.tcl (RunTclFile)" time="0.073" />
  <testcase classname="ptolemy.util.test.junit.TclTests" name="[11] /home/travis/build/icyphy/ptII/ptolemy/actor/lib/test/Exit.tcl (RunTclFile)" time="0.12" />
  <testcase classname="ptolemy.util.test.junit.TclTests" name="[12] /home/travis/build/icyphy/ptII/ptolemy/actor/lib/test/Expression.tcl (RunTclFile)" time="0.153" />
  <testcase classname="ptolemy.util.test.junit.TclTests" name="[13] /home/travis/build/icyphy/ptII/ptolemy/actor/lib/test/Gaussian.tcl (RunTclFile)" time="0.765" />
  <testcase classname="ptolemy.util.test.junit.TclTests" name="[14] /home/travis/build/icyphy/ptII/ptolemy/actor/lib/test/IIR.tcl (RunTclFile)" time="0.051" />
  <testcase classname="ptolemy.util.test.junit.TclTests" name="[15] /home/travis/build/icyphy/ptII/ptolemy/actor/lib/test/Interpolator.tcl (RunTclFile)" time="0.119" />
  <testcase classname="ptolemy.util.test.junit.TclTests" name="[16] /home/travis/build/icyphy/ptII/ptolemy/actor/lib/test/MathFunction.tcl (RunTclFile)" time="0.086" />
  <testcase classname="ptolemy.util.test.junit.TclTests" name="[17] /home/travis/build/icyphy/ptII/ptolemy/actor/lib/test/Maximum.tcl (RunTclFile)" time="0.052" />
  <testcase classname="ptolemy.util.test.junit.TclTests" name="[18] /home/travis/build/icyphy/ptII/ptolemy/actor/lib/test/Minimum.tcl (RunTclFile)" time="0.044" />
  <testcase classname="ptolemy.util.test.junit.TclTests" name="[19] /home/travis/build/icyphy/ptII/ptolemy/actor/lib/test/MultiplyDivide.tcl (RunTclFile)" time="0.048" />
  <testcase classname="ptolemy.util.test.junit.TclTests" name="[20] /home/travis/build/icyphy/ptII/ptolemy/actor/lib/test/OrderedMerge.tcl (RunTclFile)" time="0.146" />
  <testcase classname="ptolemy.util.test.junit.TclTests" name="[21] /home/travis/build/icyphy/ptII/ptolemy/actor/lib/test/Publisher.tcl (RunTclFile)" time="0.879" />
  <testcase classname="ptolemy.util.test.junit.TclTests" name="[22] /home/travis/build/icyphy/ptII/ptolemy/actor/lib/test/Pulse.tcl (RunTclFile)" time="0.07" />
  <testcase classname="ptolemy.util.test.junit.TclTests" name="[23] /home/travis/build/icyphy/ptII/ptolemy/actor/lib/test/Ramp.tcl (RunTclFile)" time="2.415" />
  <testcase classname="ptolemy.util.test.junit.TclTests" name="[24] /home/travis/build/icyphy/ptII/ptolemy/actor/lib/test/RampContinuous.tcl (RunTclFile)" time="0.021" />
  <testcase classname="ptolemy.util.test.junit.TclTests" name="[25] /home/travis/build/icyphy/ptII/ptolemy/actor/lib/test/RecordAssembler.tcl (RunTclFile)" time="0.017" />
  <testcase classname="ptolemy.util.test.junit.TclTests" name="[26] /home/travis/build/icyphy/ptII/ptolemy/actor/lib/test/RecordDisassembler.tcl (RunTclFile)" time="0.039" />
  <testcase classname="ptolemy.util.test.junit.TclTests" name="[27] /home/travis/build/icyphy/ptII/ptolemy/actor/lib/test/Scale.tcl (RunTclFile)" time="0.029" />
  <testcase classname="ptolemy.util.test.junit.TclTests" name="[28] /home/travis/build/icyphy/ptII/ptolemy/actor/lib/test/SequentialClock.tcl (RunTclFile)" time="0.017" />
  <testcase classname="ptolemy.util.test.junit.TclTests" name="[29] /home/travis/build/icyphy/ptII/ptolemy/actor/lib/test/SetVariable.tcl (RunTclFile)" time="0.035">
    <failure message="Number of failed tests is has increased. expected:&lt;0&gt; but was:&lt;1&gt;" type="junit.framework.AssertionFailedError">junit.framework.AssertionFailedError: Number of failed tests is has increased. expected:&lt;0&gt; but was:&lt;1&gt;
	at ptolemy.util.test.junit.TclTests.RunTclFile(TclTests.java:286)
	at jdk.internal.reflect.GeneratedMethodAccessor19.invoke(Unknown Source)
	at java.base/jdk.internal.reflect.DelegatingMethodAccessorImpl.invoke(DelegatingMethodAccessorImpl.java:43)
	at junitparams.internal.InvokeParameterisedMethod.evaluate(InvokeParameterisedMethod.java:102)
	at junitparams.internal.ParameterisedTestMethodRunner.runMethodInvoker(ParameterisedTestMethodRunner.java:47)
	at junitparams.internal.ParameterisedTestMethodRunner.runTestMethod(ParameterisedTestMethodRunner.java:41)
	at junitparams.internal.ParameterisedTestClassRunner.runParameterisedTest(ParameterisedTestClassRunner.java:143)
	at junitparams.JUnitParamsRunner.runChild(JUnitParamsRunner.java:237)
	at junitparams.JUnitParamsRunner.runChild(JUnitParamsRunner.java:215)
</failure>
  </testcase>
  <testcase classname="ptolemy.util.test.junit.TclTests" name="[30] /home/travis/build/icyphy/ptII/ptolemy/actor/lib/test/Sinewave.tcl (RunTclFile)" time="0.05" />
  <testcase classname="ptolemy.util.test.junit.TclTests" name="[31] /home/travis/build/icyphy/ptII/ptolemy/actor/lib/test/SubscriptionAggregator.tcl (RunTclFile)" time="2.533" />
  <testcase classname="ptolemy.util.test.junit.TclTests" name="[32] /home/travis/build/icyphy/ptII/ptolemy/actor/lib/test/Test.tcl (RunTclFile)" time="0.154" />
  <testcase classname="ptolemy.util.test.junit.TclTests" name="[33] /home/travis/build/icyphy/ptII/ptolemy/actor/lib/test/TestExceptionHandler.tcl (RunTclFile)" time="0.013" />
  <testcase classname="ptolemy.util.test.junit.TclTests" name="[34] /home/travis/build/icyphy/ptII/ptolemy/actor/lib/test/UnionDisassembler.tcl (RunTclFile)" time="0.064" />
  <testcase classname="ptolemy.util.test.junit.TclTests" name="[35] /home/travis/build/icyphy/ptII/ptolemy/actor/lib/test/VariableClock.tcl (RunTclFile)" time="0.028" />
  <testcase classname="ptolemy.util.test.junit.AutoKnownFailedTests" name="[0] /home/travis/build/icyphy/ptII/ptolemy/actor/lib/test/auto/knownFailedTests/PublisherPortToplevelSubscriber.xml (RunModel)" time="0.037" />
  <testcase classname="ptolemy.util.test.junit.AutoKnownFailedTests" name="[1] /home/travis/build/icyphy/ptII/ptolemy/actor/lib/test/auto/knownFailedTests/PublisherSubscriberPortToplevel.xml (RunModel)" time="0.02" />
  <testcase classname="ptolemy.util.test.junit.AutoKnownFailedTests" name="[2] /home/travis/build/icyphy/ptII/ptolemy/actor/lib/test/auto/knownFailedTests/PublisherSubscriptionAggregatorPort.xml (RunModel)" time="0.091" />
  <testcase classname="ptolemy.util.test.junit.AutoKnownFailedTests" name="[3] /home/travis/build/icyphy/ptII/ptolemy/actor/lib/test/auto/knownFailedTests/sizedarray3.xml (RunModel)" time="0.036" />
  <testcase classname="ptolemy.util.test.junit.AutoNameArchTests" name="[0] ThereAreNoAutoArchTests (RunModel)" time="0.004" />
  <testcase classname="ptolemy.util.test.junit.AutoTests" name="[0] /home/travis/build/icyphy/ptII/ptolemy/actor/lib/test/auto/AbsoluteValue.xml (RunModel)" time="0.099" />
  <testcase classname="ptolemy.util.test.junit.AutoTests" name="[1] /home/travis/build/icyphy/ptII/ptolemy/actor/lib/test/auto/AbsoluteValue2.xml (RunModel)" time="0.074" />
  <testcase classname="ptolemy.util.test.junit.AutoTests" name="[2] /home/travis/build/icyphy/ptII/ptolemy/actor/lib/test/auto/Accumulator.xml (RunModel)" time="0.062" />
  <testcase classname="ptolemy.util.test.junit.AutoTests" name="[3] /home/travis/build/icyphy/ptII/ptolemy/actor/lib/test/auto/Accumulator2.xml (RunModel)" time="0.045" />
  <testcase classname="ptolemy.util.test.junit.AutoTests" name="[4] /home/travis/build/icyphy/ptII/ptolemy/actor/lib/test/auto/Accumulator3.xml (RunModel)" time="0.042" />
  <testcase classname="ptolemy.util.test.junit.AutoTests" name="[5] /home/travis/build/icyphy/ptII/ptolemy/actor/lib/test/auto/ArrayAppend.xml (RunModel)" time="0.039" />
  <testcase classname="ptolemy.util.test.junit.AutoTests" name="[6] /home/travis/build/icyphy/ptII/ptolemy/actor/lib/test/auto/ArrayAppend2.xml (RunModel)" time="0.705" />
  <testcase classname="ptolemy.util.test.junit.AutoTests" name="[7] /home/travis/build/icyphy/ptII/ptolemy/actor/lib/test/auto/ArrayAppend3.xml (RunModel)" time="0.043" />
  <testcase classname="ptolemy.util.test.junit.AutoTests" name="[8] /home/travis/build/icyphy/ptII/ptolemy/actor/lib/test/auto/ArrayAppend4.xml (RunModel)" time="0.024" />
  <testcase classname="ptolemy.util.test.junit.AutoTests" name="[9] /home/travis/build/icyphy/ptII/ptolemy/actor/lib/test/auto/ArrayAppend5.xml (RunModel)" time="0.015" />
  <testcase classname="ptolemy.util.test.junit.AutoTests" name="[10] /home/travis/build/icyphy/ptII/ptolemy/actor/lib/test/auto/ArrayAppend6.xml (RunModel)" time="0.031" />
  <testcase classname="ptolemy.util.test.junit.AutoTests" name="[11] /home/travis/build/icyphy/ptII/ptolemy/actor/lib/test/auto/ArrayAppendPerformanceTest.xml (RunModel)" time="0.066" />
  <testcase classname="ptolemy.util.test.junit.AutoTests" name="[12] /home/travis/build/icyphy/ptII/ptolemy/actor/lib/test/auto/ArrayAppendWithEmptyInput.xml (RunModel)" time="0.035" />
  <testcase classname="ptolemy.util.test.junit.AutoTests" name="[13] /home/travis/build/icyphy/ptII/ptolemy/actor/lib/test/auto/ArrayAverage.xml (RunModel)" time="0.07" />
  <testcase classname="ptolemy.util.test.junit.AutoTests" name="[14] /home/travis/build/icyphy/ptII/ptolemy/actor/lib/test/auto/ArrayContains.xml (RunModel)" time="0.046" />
  <testcase classname="ptolemy.util.test.junit.AutoTests" name="[15] /home/travis/build/icyphy/ptII/ptolemy/actor/lib/test/auto/ArrayElement.xml (RunModel)" time="0.033" />
  <testcase classname="ptolemy.util.test.junit.AutoTests" name="[16] /home/travis/build/icyphy/ptII/ptolemy/actor/lib/test/auto/ArrayElementAsMatrix.xml (RunModel)" time="0.064" />
  <testcase classname="ptolemy.util.test.junit.AutoTests" name="[17] /home/travis/build/icyphy/ptII/ptolemy/actor/lib/test/auto/ArrayElementI.xml (RunModel)" time="0.023" />
  <testcase classname="ptolemy.util.test.junit.AutoTests" name="[18] /home/travis/build/icyphy/ptII/ptolemy/actor/lib/test/auto/ArrayExtract.xml (RunModel)" time="0.037" />
  <testcase classname="ptolemy.util.test.junit.AutoTests" name="[19] /home/travis/build/icyphy/ptII/ptolemy/actor/lib/test/auto/ArrayExtract2.xml (RunModel)" time="0.036" />
  <testcase classname="ptolemy.util.test.junit.AutoTests" name="[20] /home/travis/build/icyphy/ptII/ptolemy/actor/lib/test/auto/ArrayLength.xml (RunModel)" time="0.023" />
  <testcase classname="ptolemy.util.test.junit.AutoTests" name="[21] /home/travis/build/icyphy/ptII/ptolemy/actor/lib/test/auto/ArrayLevelCrossing.xml (RunModel)" time="0.044" />
  <testcase classname="ptolemy.util.test.junit.AutoTests" name="[22] /home/travis/build/icyphy/ptII/ptolemy/actor/lib/test/auto/ArrayLevelCrossing2.xml (RunModel)" time="0.024" />
  <testcase classname="ptolemy.util.test.junit.AutoTests" name="[23] /home/travis/build/icyphy/ptII/ptolemy/actor/lib/test/auto/ArrayPeakSearch.xml (RunModel)" time="0.053" />
  <testcase classname="ptolemy.util.test.junit.AutoTests" name="[24] /home/travis/build/icyphy/ptII/ptolemy/actor/lib/test/auto/ArrayPeakSearch2.xml (RunModel)" time="0.052" />
  <testcase classname="ptolemy.util.test.junit.AutoTests" name="[25] /home/travis/build/icyphy/ptII/ptolemy/actor/lib/test/auto/ArrayPeakSearch3.xml (RunModel)" time="0.041" />
  <testcase classname="ptolemy.util.test.junit.AutoTests" name="[26] /home/travis/build/icyphy/ptII/ptolemy/actor/lib/test/auto/ArrayRemoveElement.xml (RunModel)" time="0.032" />
  <testcase classname="ptolemy.util.test.junit.AutoTests" name="[27] /home/travis/build/icyphy/ptII/ptolemy/actor/lib/test/auto/ArraySort.xml (RunModel)" time="0.035" />
  <testcase classname="ptolemy.util.test.junit.AutoTests" name="[28] /home/travis/build/icyphy/ptII/ptolemy/actor/lib/test/auto/ArraySum.xml (RunModel)" time="0.019" />
  <testcase classname="ptolemy.util.test.junit.AutoTests" name="[29] /home/travis/build/icyphy/ptII/ptolemy/actor/lib/test/auto/ArrayToElements.xml (RunModel)" time="0.026" />
  <testcase classname="ptolemy.util.test.junit.AutoTests" name="[30] /home/travis/build/icyphy/ptII/ptolemy/actor/lib/test/auto/ArrayToMatrix.xml (RunModel)" time="0.065" />
  <testcase classname="ptolemy.util.test.junit.AutoTests" name="[31] /home/travis/build/icyphy/ptII/ptolemy/actor/lib/test/auto/ArrayUpdate1.xml (RunModel)" time="0.034" />
  <testcase classname="ptolemy.util.test.junit.AutoTests" name="[32] /home/travis/build/icyphy/ptII/ptolemy/actor/lib/test/auto/ArrayUpdate2.xml (RunModel)" time="0.027" />
  <testcase classname="ptolemy.util.test.junit.AutoTests" name="[33] /home/travis/build/icyphy/ptII/ptolemy/actor/lib/test/auto/ArrayUpdate3.xml (RunModel)" time="0.024" />
  <testcase classname="ptolemy.util.test.junit.AutoTests" name="[34] /home/travis/build/icyphy/ptII/ptolemy/actor/lib/test/auto/Assert1.xml (RunModel)" time="0.028" />
  <testcase classname="ptolemy.util.test.junit.AutoTests" name="[35] /home/travis/build/icyphy/ptII/ptolemy/actor/lib/test/auto/Assert2.xml (RunModel)" time="0.012" />
  <testcase classname="ptolemy.util.test.junit.AutoTests" name="[36] /home/travis/build/icyphy/ptII/ptolemy/actor/lib/test/auto/BooleanMultiplexor.xml (RunModel)" time="0.017" />
  <testcase classname="ptolemy.util.test.junit.AutoTests" name="[37] /home/travis/build/icyphy/ptII/ptolemy/actor/lib/test/auto/BooleanMultiplexor2.xml (RunModel)" time="0.03" />
  <testcase classname="ptolemy.util.test.junit.AutoTests" name="[38] /home/travis/build/icyphy/ptII/ptolemy/actor/lib/test/auto/BooleanMultiplexor3.xml (RunModel)" time="0.025" />
  <testcase classname="ptolemy.util.test.junit.AutoTests" name="[39] /home/travis/build/icyphy/ptII/ptolemy/actor/lib/test/auto/BooleanSelect.xml (RunModel)" time="0.028" />
  <testcase classname="ptolemy.util.test.junit.AutoTests" name="[40] /home/travis/build/icyphy/ptII/ptolemy/actor/lib/test/auto/BooleanSelect2.xml (RunModel)" time="0.026" />
  <testcase classname="ptolemy.util.test.junit.AutoTests" name="[41] /home/travis/build/icyphy/ptII/ptolemy/actor/lib/test/auto/BooleanSwitch.xml (RunModel)" time="0.027" />
  <testcase classname="ptolemy.util.test.junit.AutoTests" name="[42] /home/travis/build/icyphy/ptII/ptolemy/actor/lib/test/auto/BooleanSwitch2.xml (RunModel)" time="0.017" />
  <testcase classname="ptolemy.util.test.junit.AutoTests" name="[43] /home/travis/build/icyphy/ptII/ptolemy/actor/lib/test/auto/BooleanSwitchCloningBugWithClassRelationGroup.xml (RunModel)" time="0.039" />
  <testcase classname="ptolemy.util.test.junit.AutoTests" name="[44] /home/travis/build/icyphy/ptII/ptolemy/actor/lib/test/auto/BusActors.xml (RunModel)" time="0.054" />
  <testcase classname="ptolemy.util.test.junit.AutoTests" name="[45] /home/travis/build/icyphy/ptII/ptolemy/actor/lib/test/auto/ClassWrapper.xml (RunModel)" time="0.013" />
  <testcase classname="ptolemy.util.test.junit.AutoTests" name="[46] /home/travis/build/icyphy/ptII/ptolemy/actor/lib/test/auto/Clock.xml (RunModel)" time="0.009" />
  <testcase classname="ptolemy.util.test.junit.AutoTests" name="[47] /home/travis/build/icyphy/ptII/ptolemy/actor/lib/test/auto/Clock10.xml (RunModel)" time="0.017" />
  <testcase classname="ptolemy.util.test.junit.AutoTests" name="[48] /home/travis/build/icyphy/ptII/ptolemy/actor/lib/test/auto/Clock11.xml (RunModel)" time="0.021" />
  <testcase classname="ptolemy.util.test.junit.AutoTests" name="[49] /home/travis/build/icyphy/ptII/ptolemy/actor/lib/test/auto/Clock12.xml (RunModel)" time="0.031" />
  <testcase classname="ptolemy.util.test.junit.AutoTests" name="[50] /home/travis/build/icyphy/ptII/ptolemy/actor/lib/test/auto/Clock13.xml (RunModel)" time="0.027" />
  <testcase classname="ptolemy.util.test.junit.AutoTests" name="[51] /home/travis/build/icyphy/ptII/ptolemy/actor/lib/test/auto/Clock14.xml (RunModel)" time="0.02" />
  <testcase classname="ptolemy.util.test.junit.AutoTests" name="[52] /home/travis/build/icyphy/ptII/ptolemy/actor/lib/test/auto/Clock15.xml (RunModel)" time="0.016" />
  <testcase classname="ptolemy.util.test.junit.AutoTests" name="[53] /home/travis/build/icyphy/ptII/ptolemy/actor/lib/test/auto/Clock16.xml (RunModel)" time="0.097" />
  <testcase classname="ptolemy.util.test.junit.AutoTests" name="[54] /home/travis/build/icyphy/ptII/ptolemy/actor/lib/test/auto/Clock17.xml (RunModel)" time="0.075" />
  <testcase classname="ptolemy.util.test.junit.AutoTests" name="[55] /home/travis/build/icyphy/ptII/ptolemy/actor/lib/test/auto/Clock18.xml (RunModel)" time="0.059" />
  <testcase classname="ptolemy.util.test.junit.AutoTests" name="[56] /home/travis/build/icyphy/ptII/ptolemy/actor/lib/test/auto/Clock19.xml (RunModel)" time="0.043" />
  <testcase classname="ptolemy.util.test.junit.AutoTests" name="[57] /home/travis/build/icyphy/ptII/ptolemy/actor/lib/test/auto/Clock2.xml (RunModel)" time="0.015" />
  <testcase classname="ptolemy.util.test.junit.AutoTests" name="[58] /home/travis/build/icyphy/ptII/ptolemy/actor/lib/test/auto/Clock20.xml (RunModel)" time="0.024" />
  <testcase classname="ptolemy.util.test.junit.AutoTests" name="[59] /home/travis/build/icyphy/ptII/ptolemy/actor/lib/test/auto/Clock21.xml (RunModel)" time="0.016" />
  <testcase classname="ptolemy.util.test.junit.AutoTests" name="[60] /home/travis/build/icyphy/ptII/ptolemy/actor/lib/test/auto/Clock22.xml (RunModel)" time="0.016" />
  <testcase classname="ptolemy.util.test.junit.AutoTests" name="[61] /home/travis/build/icyphy/ptII/ptolemy/actor/lib/test/auto/Clock23.xml (RunModel)" time="0.022" />
  <testcase classname="ptolemy.util.test.junit.AutoTests" name="[62] /home/travis/build/icyphy/ptII/ptolemy/actor/lib/test/auto/Clock24.xml (RunModel)" time="0.016" />
  <testcase classname="ptolemy.util.test.junit.AutoTests" name="[63] /home/travis/build/icyphy/ptII/ptolemy/actor/lib/test/auto/Clock4.xml (RunModel)" time="0.013" />
  <testcase classname="ptolemy.util.test.junit.AutoTests" name="[64] /home/travis/build/icyphy/ptII/ptolemy/actor/lib/test/auto/Clock5.xml (RunModel)" time="0.018" />
  <testcase classname="ptolemy.util.test.junit.AutoTests" name="[65] /home/travis/build/icyphy/ptII/ptolemy/actor/lib/test/auto/Clock6.xml (RunModel)" time="0.009" />
  <testcase classname="ptolemy.util.test.junit.AutoTests" name="[66] /home/travis/build/icyphy/ptII/ptolemy/actor/lib/test/auto/Clock7.xml (RunModel)" time="0.01" />
  <testcase classname="ptolemy.util.test.junit.AutoTests" name="[67] /home/travis/build/icyphy/ptII/ptolemy/actor/lib/test/auto/Clock8.xml (RunModel)" time="0.018" />
  <testcase classname="ptolemy.util.test.junit.AutoTests" name="[68] /home/travis/build/icyphy/ptII/ptolemy/actor/lib/test/auto/Clock9.xml (RunModel)" time="0.017" />
  <testcase classname="ptolemy.util.test.junit.AutoTests" name="[69] /home/travis/build/icyphy/ptII/ptolemy/actor/lib/test/auto/CommDistDiscard.xml (RunModel)" time="0.023" />
  <testcase classname="ptolemy.util.test.junit.AutoTests" name="[70] /home/travis/build/icyphy/ptII/ptolemy/actor/lib/test/auto/Commutator.xml (RunModel)" time="0.014" />
  <testcase classname="ptolemy.util.test.junit.AutoTests" name="[71] /home/travis/build/icyphy/ptII/ptolemy/actor/lib/test/auto/Commutator2.xml (RunModel)" time="0.012" />
  <testcase classname="ptolemy.util.test.junit.AutoTests" name="[72] /home/travis/build/icyphy/ptII/ptolemy/actor/lib/test/auto/Commutator3.xml (RunModel)" time="0.014" />
  <testcase classname="ptolemy.util.test.junit.AutoTests" name="[73] /home/travis/build/icyphy/ptII/ptolemy/actor/lib/test/auto/Compare.xml (RunModel)" time="0.022" />
  <testcase classname="ptolemy.util.test.junit.AutoTests" name="[74] /home/travis/build/icyphy/ptII/ptolemy/actor/lib/test/auto/CompareDE.xml (RunModel)" time="0.018" />
  <testcase classname="ptolemy.util.test.junit.AutoTests" name="[75] /home/travis/build/icyphy/ptII/ptolemy/actor/lib/test/auto/ComplexDivide.xml (RunModel)" time="0.01" />
  <testcase classname="ptolemy.util.test.junit.AutoTests" name="[76] /home/travis/build/icyphy/ptII/ptolemy/actor/lib/test/auto/ComputeHistogram.xml (RunModel)" time="0.072" />
  <testcase classname="ptolemy.util.test.junit.AutoTests" name="[77] /home/travis/build/icyphy/ptII/ptolemy/actor/lib/test/auto/ConfigurationSelect.xml (RunModel)" time="0.023" />
  <testcase classname="ptolemy.util.test.junit.AutoTests" name="[78] /home/travis/build/icyphy/ptII/ptolemy/actor/lib/test/auto/ConfigurationSelect2.xml (RunModel)" time="0.018" />
  <testcase classname="ptolemy.util.test.junit.AutoTests" name="[79] /home/travis/build/icyphy/ptII/ptolemy/actor/lib/test/auto/ConfigurationSwitch.xml (RunModel)" time="0.025" />
  <testcase classname="ptolemy.util.test.junit.AutoTests" name="[80] /home/travis/build/icyphy/ptII/ptolemy/actor/lib/test/auto/ConfigurationSwitch2.xml (RunModel)" time="0.026" />
  <testcase classname="ptolemy.util.test.junit.AutoTests" name="[81] /home/travis/build/icyphy/ptII/ptolemy/actor/lib/test/auto/ConfigurationSwitchCloningBugWithClassRelationGroup.xml (RunModel)" time="0.031" />
  <testcase classname="ptolemy.util.test.junit.AutoTests" name="[82] /home/travis/build/icyphy/ptII/ptolemy/actor/lib/test/auto/ConfigurationSwitchSelectSDF.xml (RunModel)" time="0.029" />
  <testcase classname="ptolemy.util.test.junit.AutoTests" name="[83] /home/travis/build/icyphy/ptII/ptolemy/actor/lib/test/auto/ConfigurationSwitchSelectSDF2.xml (RunModel)" time="0.021" />
  <testcase classname="ptolemy.util.test.junit.AutoTests" name="[84] /home/travis/build/icyphy/ptII/ptolemy/actor/lib/test/auto/Const.xml (RunModel)" time="0.008" />
  <testcase classname="ptolemy.util.test.junit.AutoTests" name="[85] /home/travis/build/icyphy/ptII/ptolemy/actor/lib/test/auto/Const2.xml (RunModel)" time="0.014" />
  <testcase classname="ptolemy.util.test.junit.AutoTests" name="[86] /home/travis/build/icyphy/ptII/ptolemy/actor/lib/test/auto/Const3.xml (RunModel)" time="0.008" />
  <testcase classname="ptolemy.util.test.junit.AutoTests" name="[87] /home/travis/build/icyphy/ptII/ptolemy/actor/lib/test/auto/ConstantPublisherPort1.xml (RunModel)" time="0.025" />
  <testcase classname="ptolemy.util.test.junit.AutoTests" name="[88] /home/travis/build/icyphy/ptII/ptolemy/actor/lib/test/auto/ConstantPublisherPort2.xml (RunModel)" time="0.029" />
  <testcase classname="ptolemy.util.test.junit.AutoTests" name="[89] /home/travis/build/icyphy/ptII/ptolemy/actor/lib/test/auto/ConstantPublisherPort3.xml (RunModel)" time="0.032" />
  <testcase classname="ptolemy.util.test.junit.AutoTests" name="[90] /home/travis/build/icyphy/ptII/ptolemy/actor/lib/test/auto/ConstantPublisherPort4.xml (RunModel)" time="0.016" />
  <testcase classname="ptolemy.util.test.junit.AutoTests" name="[91] /home/travis/build/icyphy/ptII/ptolemy/actor/lib/test/auto/ConstantPublisherPort5.xml (RunModel)" time="0.05" />
  <testcase classname="ptolemy.util.test.junit.AutoTests" name="[92] /home/travis/build/icyphy/ptII/ptolemy/actor/lib/test/auto/ConstantPublisherPort6.xml (RunModel)" time="0.028" />
  <testcase classname="ptolemy.util.test.junit.AutoTests" name="[93] /home/travis/build/icyphy/ptII/ptolemy/actor/lib/test/auto/ConstantPublisherPort7.xml (RunModel)" time="0.031" />
  <testcase classname="ptolemy.util.test.junit.AutoTests" name="[94] /home/travis/build/icyphy/ptII/ptolemy/actor/lib/test/auto/ConstraintMonitor1.xml (RunModel)" time="0.048" />
  <testcase classname="ptolemy.util.test.junit.AutoTests" name="[95] /home/travis/build/icyphy/ptII/ptolemy/actor/lib/test/auto/ConstraintMonitor2.xml (RunModel)" time="0.016" />
  <testcase classname="ptolemy.util.test.junit.AutoTests" name="[96] /home/travis/build/icyphy/ptII/ptolemy/actor/lib/test/auto/ConstraintMonitor3.xml (RunModel)" time="0.02" />
  <testcase classname="ptolemy.util.test.junit.AutoTests" name="[97] /home/travis/build/icyphy/ptII/ptolemy/actor/lib/test/auto/ConstraintMonitor4.xml (RunModel)" time="0.016" />
  <testcase classname="ptolemy.util.test.junit.AutoTests" name="[98] /home/travis/build/icyphy/ptII/ptolemy/actor/lib/test/auto/ConstraintMonitor5.xml (RunModel)" time="0.016" />
  <testcase classname="ptolemy.util.test.junit.AutoTests" name="[99] /home/travis/build/icyphy/ptII/ptolemy/actor/lib/test/auto/ConstraintMonitor6.xml (RunModel)" time="0.022" />
  <testcase classname="ptolemy.util.test.junit.AutoTests" name="[100] /home/travis/build/icyphy/ptII/ptolemy/actor/lib/test/auto/ConstraintMonitor7.xml (RunModel)" time="0.023" />
  <testcase classname="ptolemy.util.test.junit.AutoTests" name="[101] /home/travis/build/icyphy/ptII/ptolemy/actor/lib/test/auto/ConstraintMonitor8.xml (RunModel)" time="0.019" />
  <testcase classname="ptolemy.util.test.junit.AutoTests" name="[102] /home/travis/build/icyphy/ptII/ptolemy/actor/lib/test/auto/Counter.xml (RunModel)" time="0.021" />
  <testcase classname="ptolemy.util.test.junit.AutoTests" name="[103] /home/travis/build/icyphy/ptII/ptolemy/actor/lib/test/auto/CurrentTimeSDF.xml (RunModel)" time="0.012" />
  <testcase classname="ptolemy.util.test.junit.AutoTests" name="[104] /home/travis/build/icyphy/ptII/ptolemy/actor/lib/test/auto/DB.xml (RunModel)" time="0.015" />
  <testcase classname="ptolemy.util.test.junit.AutoTests" name="[105] /home/travis/build/icyphy/ptII/ptolemy/actor/lib/test/auto/DBDE.xml (RunModel)" time="0.015" />
  <testcase classname="ptolemy.util.test.junit.AutoTests" name="[106] /home/travis/build/icyphy/ptII/ptolemy/actor/lib/test/auto/DateConstructor.xml (RunModel)" time="0.071" />
  <testcase classname="ptolemy.util.test.junit.AutoTests" name="[107] /home/travis/build/icyphy/ptII/ptolemy/actor/lib/test/auto/DelayTime.xml (RunModel)" time="0.014" />
  <testcase classname="ptolemy.util.test.junit.AutoTests" name="[108] /home/travis/build/icyphy/ptII/ptolemy/actor/lib/test/auto/Dictionary1.xml (RunModel)" time="0.033" />
  <testcase classname="ptolemy.util.test.junit.AutoTests" name="[109] /home/travis/build/icyphy/ptII/ptolemy/actor/lib/test/auto/Dictionary2.xml (RunModel)" time="0.024" />
  <testcase classname="ptolemy.util.test.junit.AutoTests" name="[110] /home/travis/build/icyphy/ptII/ptolemy/actor/lib/test/auto/Dictionary3.xml (RunModel)" time="0.016" />
  <testcase classname="ptolemy.util.test.junit.AutoTests" name="[111] /home/travis/build/icyphy/ptII/ptolemy/actor/lib/test/auto/Dictionary4.xml (RunModel)" time="0.021" />
  <testcase classname="ptolemy.util.test.junit.AutoTests" name="[112] /home/travis/build/icyphy/ptII/ptolemy/actor/lib/test/auto/Differential.xml (RunModel)" time="0.014" />
  <testcase classname="ptolemy.util.test.junit.AutoTests" name="[113] /home/travis/build/icyphy/ptII/ptolemy/actor/lib/test/auto/Director.xml (RunModel)" time="0.01" />
  <testcase classname="ptolemy.util.test.junit.AutoTests" name="[114] /home/travis/build/icyphy/ptII/ptolemy/actor/lib/test/auto/DiscreteClock.xml (RunModel)" time="0.009" />
  <testcase classname="ptolemy.util.test.junit.AutoTests" name="[115] /home/travis/build/icyphy/ptII/ptolemy/actor/lib/test/auto/DiscreteClock10.xml (RunModel)" time="0.015" />
  <testcase classname="ptolemy.util.test.junit.AutoTests" name="[116] /home/travis/build/icyphy/ptII/ptolemy/actor/lib/test/auto/DiscreteClock11.xml (RunModel)" time="0.013" />
  <testcase classname="ptolemy.util.test.junit.AutoTests" name="[117] /home/travis/build/icyphy/ptII/ptolemy/actor/lib/test/auto/DiscreteClock12.xml (RunModel)" time="0.016" />
  <testcase classname="ptolemy.util.test.junit.AutoTests" name="[118] /home/travis/build/icyphy/ptII/ptolemy/actor/lib/test/auto/DiscreteClock13.xml (RunModel)" time="0.014" />
  <testcase classname="ptolemy.util.test.junit.AutoTests" name="[119] /home/travis/build/icyphy/ptII/ptolemy/actor/lib/test/auto/DiscreteClock14.xml (RunModel)" time="0.015" />
  <testcase classname="ptolemy.util.test.junit.AutoTests" name="[120] /home/travis/build/icyphy/ptII/ptolemy/actor/lib/test/auto/DiscreteClock15.xml (RunModel)" time="0.016" />
  <testcase classname="ptolemy.util.test.junit.AutoTests" name="[121] /home/travis/build/icyphy/ptII/ptolemy/actor/lib/test/auto/DiscreteClock16.xml (RunModel)" time="0.042" />
  <testcase classname="ptolemy.util.test.junit.AutoTests" name="[122] /home/travis/build/icyphy/ptII/ptolemy/actor/lib/test/auto/DiscreteClock17.xml (RunModel)" time="0.043" />
  <testcase classname="ptolemy.util.test.junit.AutoTests" name="[123] /home/travis/build/icyphy/ptII/ptolemy/actor/lib/test/auto/DiscreteClock18.xml (RunModel)" time="0.052" />
  <testcase classname="ptolemy.util.test.junit.AutoTests" name="[124] /home/travis/build/icyphy/ptII/ptolemy/actor/lib/test/auto/DiscreteClock19.xml (RunModel)" time="0.053" />
  <testcase classname="ptolemy.util.test.junit.AutoTests" name="[125] /home/travis/build/icyphy/ptII/ptolemy/actor/lib/test/auto/DiscreteClock2.xml (RunModel)" time="0.017" />
  <testcase classname="ptolemy.util.test.junit.AutoTests" name="[126] /home/travis/build/icyphy/ptII/ptolemy/actor/lib/test/auto/DiscreteClock20.xml (RunModel)" time="0.02" />
  <testcase classname="ptolemy.util.test.junit.AutoTests" name="[127] /home/travis/build/icyphy/ptII/ptolemy/actor/lib/test/auto/DiscreteClock21.xml (RunModel)" time="0.019" />
  <testcase classname="ptolemy.util.test.junit.AutoTests" name="[128] /home/travis/build/icyphy/ptII/ptolemy/actor/lib/test/auto/DiscreteClock22.xml (RunModel)" time="0.016" />
  <testcase classname="ptolemy.util.test.junit.AutoTests" name="[129] /home/travis/build/icyphy/ptII/ptolemy/actor/lib/test/auto/DiscreteClock23.xml (RunModel)" time="0.026" />
  <testcase classname="ptolemy.util.test.junit.AutoTests" name="[130] /home/travis/build/icyphy/ptII/ptolemy/actor/lib/test/auto/DiscreteClock24.xml (RunModel)" time="0.015" />
  <testcase classname="ptolemy.util.test.junit.AutoTests" name="[131] /home/travis/build/icyphy/ptII/ptolemy/actor/lib/test/auto/DiscreteClock4.xml (RunModel)" time="0.013" />
  <testcase classname="ptolemy.util.test.junit.AutoTests" name="[132] /home/travis/build/icyphy/ptII/ptolemy/actor/lib/test/auto/DiscreteClock5.xml (RunModel)" time="0.027" />
  <testcase classname="ptolemy.util.test.junit.AutoTests" name="[133] /home/travis/build/icyphy/ptII/ptolemy/actor/lib/test/auto/DiscreteClock6.xml (RunModel)" time="0.012" />
  <testcase classname="ptolemy.util.test.junit.AutoTests" name="[134] /home/travis/build/icyphy/ptII/ptolemy/actor/lib/test/auto/DiscreteClock7.xml (RunModel)" time="0.011" />
  <testcase classname="ptolemy.util.test.junit.AutoTests" name="[135] /home/travis/build/icyphy/ptII/ptolemy/actor/lib/test/auto/DiscreteClock8.xml (RunModel)" time="0.025" />
  <testcase classname="ptolemy.util.test.junit.AutoTests" name="[136] /home/travis/build/icyphy/ptII/ptolemy/actor/lib/test/auto/DiscreteClock9.xml (RunModel)" time="0.017" />
  <testcase classname="ptolemy.util.test.junit.AutoTests" name="[137] /home/travis/build/icyphy/ptII/ptolemy/actor/lib/test/auto/DisplayArray.xml (RunModel)" time="0.012" />
  <testcase classname="ptolemy.util.test.junit.AutoTests" name="[138] /home/travis/build/icyphy/ptII/ptolemy/actor/lib/test/auto/Distributor.xml (RunModel)" time="0.01" />
  <testcase classname="ptolemy.util.test.junit.AutoTests" name="[139] /home/travis/build/icyphy/ptII/ptolemy/actor/lib/test/auto/Distributor2.xml (RunModel)" time="0.014" />
  <testcase classname="ptolemy.util.test.junit.AutoTests" name="[140] /home/travis/build/icyphy/ptII/ptolemy/actor/lib/test/auto/DownSample.xml (RunModel)" time="0.011" />
  <testcase classname="ptolemy.util.test.junit.AutoTests" name="[141] /home/travis/build/icyphy/ptII/ptolemy/actor/lib/test/auto/ElectronicUnitBase1.xml (RunModel)" time="0.069" />
  <testcase classname="ptolemy.util.test.junit.AutoTests" name="[142] /home/travis/build/icyphy/ptII/ptolemy/actor/lib/test/auto/ElementsToArray.xml (RunModel)" time="0.011" />
  <testcase classname="ptolemy.util.test.junit.AutoTests" name="[143] /home/travis/build/icyphy/ptII/ptolemy/actor/lib/test/auto/Equals.xml (RunModel)" time="0.017" />
  <testcase classname="ptolemy.util.test.junit.AutoTests" name="[144] /home/travis/build/icyphy/ptII/ptolemy/actor/lib/test/auto/Exec.xml (RunModel)" time="0.033" />
  <testcase classname="ptolemy.util.test.junit.AutoTests" name="[145] /home/travis/build/icyphy/ptII/ptolemy/actor/lib/test/auto/ExecEnvironment.xml (RunModel)" time="0.038" />
  <testcase classname="ptolemy.util.test.junit.AutoTests" name="[146] /home/travis/build/icyphy/ptII/ptolemy/actor/lib/test/auto/ExecNonZeroReturnOutput.xml (RunModel)" time="0.217" />
  <testcase classname="ptolemy.util.test.junit.AutoTests" name="[147] /home/travis/build/icyphy/ptII/ptolemy/actor/lib/test/auto/ExecRunDemos.xml (RunModel)" time="11.335" />
  <testcase classname="ptolemy.util.test.junit.AutoTests" name="[148] /home/travis/build/icyphy/ptII/ptolemy/actor/lib/test/auto/ExecStop.xml (RunModel)" time="5.037" />
  <testcase classname="ptolemy.util.test.junit.AutoTests" name="[149] /home/travis/build/icyphy/ptII/ptolemy/actor/lib/test/auto/ExecutionTimeSDF.xml (RunModel)" time="6.051" />
  <testcase classname="ptolemy.util.test.junit.AutoTests" name="[150] /home/travis/build/icyphy/ptII/ptolemy/actor/lib/test/auto/Expression1.xml (RunModel)" time="0.011" />
  <testcase classname="ptolemy.util.test.junit.AutoTests" name="[151] /home/travis/build/icyphy/ptII/ptolemy/actor/lib/test/auto/Expression10.xml (RunModel)" time="0.024" />
  <testcase classname="ptolemy.util.test.junit.AutoTests" name="[152] /home/travis/build/icyphy/ptII/ptolemy/actor/lib/test/auto/Expression11.xml (RunModel)" time="0.03" />
  <testcase classname="ptolemy.util.test.junit.AutoTests" name="[153] /home/travis/build/icyphy/ptII/ptolemy/actor/lib/test/auto/Expression12.xml (RunModel)" time="0.017" />
  <testcase classname="ptolemy.util.test.junit.AutoTests" name="[154] /home/travis/build/icyphy/ptII/ptolemy/actor/lib/test/auto/Expression13.xml (RunModel)" time="0.017" />
  <testcase classname="ptolemy.util.test.junit.AutoTests" name="[155] /home/travis/build/icyphy/ptII/ptolemy/actor/lib/test/auto/Expression14.xml (RunModel)" time="0.023" />
  <testcase classname="ptolemy.util.test.junit.AutoTests" name="[156] /home/travis/build/icyphy/ptII/ptolemy/actor/lib/test/auto/Expression15.xml (RunModel)" time="0.012" />
  <testcase classname="ptolemy.util.test.junit.AutoTests" name="[157] /home/travis/build/icyphy/ptII/ptolemy/actor/lib/test/auto/Expression16.xml (RunModel)" time="0.016" />
  <testcase classname="ptolemy.util.test.junit.AutoTests" name="[158] /home/travis/build/icyphy/ptII/ptolemy/actor/lib/test/auto/Expression17.xml (RunModel)" time="0.014" />
  <testcase classname="ptolemy.util.test.junit.AutoTests" name="[159] /home/travis/build/icyphy/ptII/ptolemy/actor/lib/test/auto/Expression18.xml (RunModel)" time="0.026" />
  <testcase classname="ptolemy.util.test.junit.AutoTests" name="[160] /home/travis/build/icyphy/ptII/ptolemy/actor/lib/test/auto/Expression2.xml (RunModel)" time="0.02" />
  <testcase classname="ptolemy.util.test.junit.AutoTests" name="[161] /home/travis/build/icyphy/ptII/ptolemy/actor/lib/test/auto/Expression3.xml (RunModel)" time="0.017" />
  <testcase classname="ptolemy.util.test.junit.AutoTests" name="[162] /home/travis/build/icyphy/ptII/ptolemy/actor/lib/test/auto/Expression4.xml (RunModel)" time="0.029" />
  <testcase classname="ptolemy.util.test.junit.AutoTests" name="[163] /home/travis/build/icyphy/ptII/ptolemy/actor/lib/test/auto/Expression5.xml (RunModel)" time="0.018" />
  <testcase classname="ptolemy.util.test.junit.AutoTests" name="[164] /home/travis/build/icyphy/ptII/ptolemy/actor/lib/test/auto/Expression6.xml (RunModel)" time="0.015" />
  <testcase classname="ptolemy.util.test.junit.AutoTests" name="[165] /home/travis/build/icyphy/ptII/ptolemy/actor/lib/test/auto/Expression7.xml (RunModel)" time="0.014" />
  <testcase classname="ptolemy.util.test.junit.AutoTests" name="[166] /home/travis/build/icyphy/ptII/ptolemy/actor/lib/test/auto/Expression8.xml (RunModel)" time="0.02" />
  <testcase classname="ptolemy.util.test.junit.AutoTests" name="[167] /home/travis/build/icyphy/ptII/ptolemy/actor/lib/test/auto/Expression9.xml (RunModel)" time="0.011" />
  <testcase classname="ptolemy.util.test.junit.AutoTests" name="[168] /home/travis/build/icyphy/ptII/ptolemy/actor/lib/test/auto/ExpressionConcatenateArrayType.xml (RunModel)" time="0.034" />
  <testcase classname="ptolemy.util.test.junit.AutoTests" name="[169] /home/travis/build/icyphy/ptII/ptolemy/actor/lib/test/auto/ExpressionConcatenateArrayType2.xml (RunModel)" time="0.026" />
  <testcase classname="ptolemy.util.test.junit.AutoTests" name="[170] /home/travis/build/icyphy/ptII/ptolemy/actor/lib/test/auto/ExpressionFix.xml (RunModel)" time="0.056" />
  <testcase classname="ptolemy.util.test.junit.AutoTests" name="[171] /home/travis/build/icyphy/ptII/ptolemy/actor/lib/test/auto/ExpressionFix2.xml (RunModel)" time="0.018" />
  <testcase classname="ptolemy.util.test.junit.AutoTests" name="[172] /home/travis/build/icyphy/ptII/ptolemy/actor/lib/test/auto/ExpressionFix3.xml (RunModel)" time="0.014" />
  <testcase classname="ptolemy.util.test.junit.AutoTests" name="[173] /home/travis/build/icyphy/ptII/ptolemy/actor/lib/test/auto/FileWriter1.xml (RunModel)" time="0.009" />
  <testcase classname="ptolemy.util.test.junit.AutoTests" name="[174] /home/travis/build/icyphy/ptII/ptolemy/actor/lib/test/auto/FileWriter2.xml (RunModel)" time="0.01" />
  <testcase classname="ptolemy.util.test.junit.AutoTests" name="[175] /home/travis/build/icyphy/ptII/ptolemy/actor/lib/test/auto/FileWriter3.xml (RunModel)" time="0.022" />
  <testcase classname="ptolemy.util.test.junit.AutoTests" name="[176] /home/travis/build/icyphy/ptII/ptolemy/actor/lib/test/auto/Gaussian.xml (RunModel)" time="0.013" />
  <testcase classname="ptolemy.util.test.junit.AutoTests" name="[177] /home/travis/build/icyphy/ptII/ptolemy/actor/lib/test/auto/Gaussian1.xml (RunModel)" time="0.023" />
  <testcase classname="ptolemy.util.test.junit.AutoTests" name="[178] /home/travis/build/icyphy/ptII/ptolemy/actor/lib/test/auto/Gaussian2.xml (RunModel)" time="0.025" />
  <testcase classname="ptolemy.util.test.junit.AutoTests" name="[179] /home/travis/build/icyphy/ptII/ptolemy/actor/lib/test/auto/GradientAdaptiveLattice.xml (RunModel)" time="0.018" />
  <testcase classname="ptolemy.util.test.junit.AutoTests" name="[180] /home/travis/build/icyphy/ptII/ptolemy/actor/lib/test/auto/IIR.xml (RunModel)" time="0.012" />
  <testcase classname="ptolemy.util.test.junit.AutoTests" name="[181] /home/travis/build/icyphy/ptII/ptolemy/actor/lib/test/auto/InputOutputTransparentPorts.xml (RunModel)" time="0.02" />
  <testcase classname="ptolemy.util.test.junit.AutoTests" name="[182] /home/travis/build/icyphy/ptII/ptolemy/actor/lib/test/auto/Interpolator.xml (RunModel)" time="0.015" />
  <testcase classname="ptolemy.util.test.junit.AutoTests" name="[183] /home/travis/build/icyphy/ptII/ptolemy/actor/lib/test/auto/InterpolatorFiringLimitDE.xml (RunModel)" time="0.017" />
  <testcase classname="ptolemy.util.test.junit.AutoTests" name="[184] /home/travis/build/icyphy/ptII/ptolemy/actor/lib/test/auto/Lattice.xml (RunModel)" time="0.01" />
  <testcase classname="ptolemy.util.test.junit.AutoTests" name="[185] /home/travis/build/icyphy/ptII/ptolemy/actor/lib/test/auto/LazyAOCTestLazy.xml (RunModel)" time="0.025" />
  <testcase classname="ptolemy.util.test.junit.AutoTests" name="[186] /home/travis/build/icyphy/ptII/ptolemy/actor/lib/test/auto/LazyAOCTestNonLazy.xml (RunModel)" time="0.05" />
  <testcase classname="ptolemy.util.test.junit.AutoTests" name="[187] /home/travis/build/icyphy/ptII/ptolemy/actor/lib/test/auto/LazyInnerClass.xml (RunModel)" time="0.055" />
  <testcase classname="ptolemy.util.test.junit.AutoTests" name="[188] /home/travis/build/icyphy/ptII/ptolemy/actor/lib/test/auto/LazyPubSub.xml (RunModel)" time="0.072" />
  <testcase classname="ptolemy.util.test.junit.AutoTests" name="[189] /home/travis/build/icyphy/ptII/ptolemy/actor/lib/test/auto/LazyPubSub2.xml (RunModel)" time="0.049" />
  <testcase classname="ptolemy.util.test.junit.AutoTests" name="[190] /home/travis/build/icyphy/ptII/ptolemy/actor/lib/test/auto/LazyPubSub3.xml (RunModel)" time="0.035" />
  <testcase classname="ptolemy.util.test.junit.AutoTests" name="[191] /home/travis/build/icyphy/ptII/ptolemy/actor/lib/test/auto/LazySubClassModel.xml (RunModel)" time="0.021" />
  <testcase classname="ptolemy.util.test.junit.AutoTests" name="[192] /home/travis/build/icyphy/ptII/ptolemy/actor/lib/test/auto/LevelCrossTest1.xml (RunModel)" time="0.016" />
  <testcase classname="ptolemy.util.test.junit.AutoTests" name="[193] /home/travis/build/icyphy/ptII/ptolemy/actor/lib/test/auto/LevelCrossTest10.xml (RunModel)" time="0.016" />
  <testcase classname="ptolemy.util.test.junit.AutoTests" name="[194] /home/travis/build/icyphy/ptII/ptolemy/actor/lib/test/auto/LevelCrossTest11.xml (RunModel)" time="0.018" />
  <testcase classname="ptolemy.util.test.junit.AutoTests" name="[195] /home/travis/build/icyphy/ptII/ptolemy/actor/lib/test/auto/LevelCrossTest12.xml (RunModel)" time="0.021" />
  <testcase classname="ptolemy.util.test.junit.AutoTests" name="[196] /home/travis/build/icyphy/ptII/ptolemy/actor/lib/test/auto/LevelCrossTest13.xml (RunModel)" time="0.016" />
  <testcase classname="ptolemy.util.test.junit.AutoTests" name="[197] /home/travis/build/icyphy/ptII/ptolemy/actor/lib/test/auto/LevelCrossTest2.xml (RunModel)" time="0.012" />
  <testcase classname="ptolemy.util.test.junit.AutoTests" name="[198] /home/travis/build/icyphy/ptII/ptolemy/actor/lib/test/auto/LevelCrossTest3.xml (RunModel)" time="0.014" />
  <testcase classname="ptolemy.util.test.junit.AutoTests" name="[199] /home/travis/build/icyphy/ptII/ptolemy/actor/lib/test/auto/LevelCrossTest4.xml (RunModel)" time="0.011" />
  <testcase classname="ptolemy.util.test.junit.AutoTests" name="[200] /home/travis/build/icyphy/ptII/ptolemy/actor/lib/test/auto/LevelCrossTest5.xml (RunModel)" time="0.017" />
  <testcase classname="ptolemy.util.test.junit.AutoTests" name="[201] /home/travis/build/icyphy/ptII/ptolemy/actor/lib/test/auto/LevelCrossTest6.xml (RunModel)" time="0.022" />
  <testcase classname="ptolemy.util.test.junit.AutoTests" name="[202] /home/travis/build/icyphy/ptII/ptolemy/actor/lib/test/auto/LevelCrossTest7.xml (RunModel)" time="0.024" />
  <testcase classname="ptolemy.util.test.junit.AutoTests" name="[203] /home/travis/build/icyphy/ptII/ptolemy/actor/lib/test/auto/LevelCrossTest8.xml (RunModel)" time="0.015" />
  <testcase classname="ptolemy.util.test.junit.AutoTests" name="[204] /home/travis/build/icyphy/ptII/ptolemy/actor/lib/test/auto/LevelCrossTest9.xml (RunModel)" time="0.016" />
  <testcase classname="ptolemy.util.test.junit.AutoTests" name="[205] /home/travis/build/icyphy/ptII/ptolemy/actor/lib/test/auto/LevinsonDurbin.xml (RunModel)" time="0.011" />
  <testcase classname="ptolemy.util.test.junit.AutoTests" name="[206] /home/travis/build/icyphy/ptII/ptolemy/actor/lib/test/auto/LevinsonDurbin2.xml (RunModel)" time="0.012" />
  <testcase classname="ptolemy.util.test.junit.AutoTests" name="[207] /home/travis/build/icyphy/ptII/ptolemy/actor/lib/test/auto/LevinsonDurbin3.xml (RunModel)" time="0.01" />
  <testcase classname="ptolemy.util.test.junit.AutoTests" name="[208] /home/travis/build/icyphy/ptII/ptolemy/actor/lib/test/auto/Limiter.xml (RunModel)" time="0.044" />
  <testcase classname="ptolemy.util.test.junit.AutoTests" name="[209] /home/travis/build/icyphy/ptII/ptolemy/actor/lib/test/auto/LinearDifferenceEquationSystem.xml (RunModel)" time="0.023" />
  <testcase classname="ptolemy.util.test.junit.AutoTests" name="[210] /home/travis/build/icyphy/ptII/ptolemy/actor/lib/test/auto/LookupTable.xml (RunModel)" time="0.022" />
  <testcase classname="ptolemy.util.test.junit.AutoTests" name="[211] /home/travis/build/icyphy/ptII/ptolemy/actor/lib/test/auto/MathFunction.xml (RunModel)" time="0.032" />
  <testcase classname="ptolemy.util.test.junit.AutoTests" name="[212] /home/travis/build/icyphy/ptII/ptolemy/actor/lib/test/auto/MathFunction2.xml (RunModel)" time="0.014" />
  <testcase classname="ptolemy.util.test.junit.AutoTests" name="[213] /home/travis/build/icyphy/ptII/ptolemy/actor/lib/test/auto/MathFunction3.xml (RunModel)" time="0.024" />
  <testcase classname="ptolemy.util.test.junit.AutoTests" name="[214] /home/travis/build/icyphy/ptII/ptolemy/actor/lib/test/auto/MatrixCropBoolean.xml (RunModel)" time="0.015" />
  <testcase classname="ptolemy.util.test.junit.AutoTests" name="[215] /home/travis/build/icyphy/ptII/ptolemy/actor/lib/test/auto/MatrixCropComplex.xml (RunModel)" time="0.013" />
  <testcase classname="ptolemy.util.test.junit.AutoTests" name="[216] /home/travis/build/icyphy/ptII/ptolemy/actor/lib/test/auto/MatrixCropDouble.xml (RunModel)" time="0.012" />
  <testcase classname="ptolemy.util.test.junit.AutoTests" name="[217] /home/travis/build/icyphy/ptII/ptolemy/actor/lib/test/auto/MatrixCropFix.xml (RunModel)" time="0.014" />
  <testcase classname="ptolemy.util.test.junit.AutoTests" name="[218] /home/travis/build/icyphy/ptII/ptolemy/actor/lib/test/auto/MatrixCropInt.xml (RunModel)" time="0.011" />
  <testcase classname="ptolemy.util.test.junit.AutoTests" name="[219] /home/travis/build/icyphy/ptII/ptolemy/actor/lib/test/auto/MatrixCropLong.xml (RunModel)" time="0.01" />
  <testcase classname="ptolemy.util.test.junit.AutoTests" name="[220] /home/travis/build/icyphy/ptII/ptolemy/actor/lib/test/auto/MatrixToArray.xml (RunModel)" time="0.061" />
  <testcase classname="ptolemy.util.test.junit.AutoTests" name="[221] /home/travis/build/icyphy/ptII/ptolemy/actor/lib/test/auto/MaxIndex.xml (RunModel)" time="0.014" />
  <testcase classname="ptolemy.util.test.junit.AutoTests" name="[222] /home/travis/build/icyphy/ptII/ptolemy/actor/lib/test/auto/Maximum.xml (RunModel)" time="0.015" />
  <testcase classname="ptolemy.util.test.junit.AutoTests" name="[223] /home/travis/build/icyphy/ptII/ptolemy/actor/lib/test/auto/MaximumComplex.xml (RunModel)" time="0.017" />
  <testcase classname="ptolemy.util.test.junit.AutoTests" name="[224] /home/travis/build/icyphy/ptII/ptolemy/actor/lib/test/auto/MethodCallTest.xml (RunModel)" time="0.032" />
  <testcase classname="ptolemy.util.test.junit.AutoTests" name="[225] /home/travis/build/icyphy/ptII/ptolemy/actor/lib/test/auto/Minimum.xml (RunModel)" time="0.024" />
  <testcase classname="ptolemy.util.test.junit.AutoTests" name="[226] /home/travis/build/icyphy/ptII/ptolemy/actor/lib/test/auto/MinimumComplex.xml (RunModel)" time="0.031" />
  <testcase classname="ptolemy.util.test.junit.AutoTests" name="[227] /home/travis/build/icyphy/ptII/ptolemy/actor/lib/test/auto/MinimumMultiports.xml (RunModel)" time="0.02" />
  <testcase classname="ptolemy.util.test.junit.AutoTests" name="[228] /home/travis/build/icyphy/ptII/ptolemy/actor/lib/test/auto/ModifyDate.xml (RunModel)" time="0.054" />
  <testcase classname="ptolemy.util.test.junit.AutoTests" name="[229] /home/travis/build/icyphy/ptII/ptolemy/actor/lib/test/auto/ModifyDate2.xml (RunModel)" time="0.026" />
  <testcase classname="ptolemy.util.test.junit.AutoTests" name="[230] /home/travis/build/icyphy/ptII/ptolemy/actor/lib/test/auto/MovingAverage.xml (RunModel)" time="0.014" />
  <testcase classname="ptolemy.util.test.junit.AutoTests" name="[231] /home/travis/build/icyphy/ptII/ptolemy/actor/lib/test/auto/MovingMaximum.xml (RunModel)" time="0.014" />
  <testcase classname="ptolemy.util.test.junit.AutoTests" name="[232] /home/travis/build/icyphy/ptII/ptolemy/actor/lib/test/auto/MultipleLinksToSameRelation.xml (RunModel)" time="0.008" />
  <testcase classname="ptolemy.util.test.junit.AutoTests" name="[233] /home/travis/build/icyphy/ptII/ptolemy/actor/lib/test/auto/MultipleLinksToSameRelationDE.xml (RunModel)" time="0.018" />
  <testcase classname="ptolemy.util.test.junit.AutoTests" name="[234] /home/travis/build/icyphy/ptII/ptolemy/actor/lib/test/auto/Multiplexor.xml (RunModel)" time="0.021" />
  <testcase classname="ptolemy.util.test.junit.AutoTests" name="[235] /home/travis/build/icyphy/ptII/ptolemy/actor/lib/test/auto/Multiplexor1.xml (RunModel)" time="0.016" />
  <testcase classname="ptolemy.util.test.junit.AutoTests" name="[236] /home/travis/build/icyphy/ptII/ptolemy/actor/lib/test/auto/Multiplexor2.xml (RunModel)" time="0.019" />
  <testcase classname="ptolemy.util.test.junit.AutoTests" name="[237] /home/travis/build/icyphy/ptII/ptolemy/actor/lib/test/auto/Multiplexor3.xml (RunModel)" time="0.01" />
  <testcase classname="ptolemy.util.test.junit.AutoTests" name="[238] /home/travis/build/icyphy/ptII/ptolemy/actor/lib/test/auto/MultiplexorDE.xml (RunModel)" time="0.021" />
  <testcase classname="ptolemy.util.test.junit.AutoTests" name="[239] /home/travis/build/icyphy/ptII/ptolemy/actor/lib/test/auto/MultiportBroadcastTest.xml (RunModel)" time="0.118" />
  <testcase classname="ptolemy.util.test.junit.AutoTests" name="[240] /home/travis/build/icyphy/ptII/ptolemy/actor/lib/test/auto/MultiportOutHangDuringGetWidth.xml (RunModel)" time="0.039" />
  <testcase classname="ptolemy.util.test.junit.AutoTests" name="[241] /home/travis/build/icyphy/ptII/ptolemy/actor/lib/test/auto/NilToken.xml (RunModel)" time="0.012" />
  <testcase classname="ptolemy.util.test.junit.AutoTests" name="[242] /home/travis/build/icyphy/ptII/ptolemy/actor/lib/test/auto/NilTokenNonStrictTest.xml (RunModel)" time="0.013" />
  <testcase classname="ptolemy.util.test.junit.AutoTests" name="[243] /home/travis/build/icyphy/ptII/ptolemy/actor/lib/test/auto/NilTokenRecord.xml (RunModel)" time="0.04" />
  <testcase classname="ptolemy.util.test.junit.AutoTests" name="[244] /home/travis/build/icyphy/ptII/ptolemy/actor/lib/test/auto/NilTokenTypeTest.xml (RunModel)" time="0.034" />
  <testcase classname="ptolemy.util.test.junit.AutoTests" name="[245] /home/travis/build/icyphy/ptII/ptolemy/actor/lib/test/auto/ObjectToken1.xml (RunModel)" time="0.009" />
  <testcase classname="ptolemy.util.test.junit.AutoTests" name="[246] /home/travis/build/icyphy/ptII/ptolemy/actor/lib/test/auto/OrderedMerge.xml (RunModel)" time="0.022" />
  <testcase classname="ptolemy.util.test.junit.AutoTests" name="[247] /home/travis/build/icyphy/ptII/ptolemy/actor/lib/test/auto/OrderedRecordDisassembler.xml (RunModel)" time="0.019" />
  <testcase classname="ptolemy.util.test.junit.AutoTests" name="[248] /home/travis/build/icyphy/ptII/ptolemy/actor/lib/test/auto/OrderedRecordDisassembler2.xml (RunModel)" time="0.016" />
  <testcase classname="ptolemy.util.test.junit.AutoTests" name="[249] /home/travis/build/icyphy/ptII/ptolemy/actor/lib/test/auto/OrderedRecordUpdater.xml (RunModel)" time="0.009" />
  <testcase classname="ptolemy.util.test.junit.AutoTests" name="[250] /home/travis/build/icyphy/ptII/ptolemy/actor/lib/test/auto/OrderedRecordUpdater2.xml (RunModel)" time="0.018" />
  <testcase classname="ptolemy.util.test.junit.AutoTests" name="[251] /home/travis/build/icyphy/ptII/ptolemy/actor/lib/test/auto/PhaseUnwrap.xml (RunModel)" time="0.014" />
  <testcase classname="ptolemy.util.test.junit.AutoTests" name="[252] /home/travis/build/icyphy/ptII/ptolemy/actor/lib/test/auto/PoissonClock.xml (RunModel)" time="0.012" />
  <testcase classname="ptolemy.util.test.junit.AutoTests" name="[253] /home/travis/build/icyphy/ptII/ptolemy/actor/lib/test/auto/PoissonClock2.xml (RunModel)" time="0.012" />
  <testcase classname="ptolemy.util.test.junit.AutoTests" name="[254] /home/travis/build/icyphy/ptII/ptolemy/actor/lib/test/auto/PoissonClock3.xml (RunModel)" time="0.032" />
  <testcase classname="ptolemy.util.test.junit.AutoTests" name="[255] /home/travis/build/icyphy/ptII/ptolemy/actor/lib/test/auto/PubSubWithInitialTokens.xml (RunModel)" time="0.02" />
  <testcase classname="ptolemy.util.test.junit.AutoTests" name="[256] /home/travis/build/icyphy/ptII/ptolemy/actor/lib/test/auto/PubSubWithInitialTokens2.xml (RunModel)" time="0.014" />
  <testcase classname="ptolemy.util.test.junit.AutoTests" name="[257] /home/travis/build/icyphy/ptII/ptolemy/actor/lib/test/auto/PublisherClassNoParameter.xml (RunModel)" time="0.02" />
  <testcase classname="ptolemy.util.test.junit.AutoTests" name="[258] /home/travis/build/icyphy/ptII/ptolemy/actor/lib/test/auto/PublisherClassParameter.xml (RunModel)" time="0.021" />
  <testcase classname="ptolemy.util.test.junit.AutoTests" name="[259] /home/travis/build/icyphy/ptII/ptolemy/actor/lib/test/auto/PublisherNonStrictTest.xml (RunModel)" time="0.018" />
  <testcase classname="ptolemy.util.test.junit.AutoTests" name="[260] /home/travis/build/icyphy/ptII/ptolemy/actor/lib/test/auto/PublisherPort1.xml (RunModel)" time="0.012" />
  <testcase classname="ptolemy.util.test.junit.AutoTests" name="[261] /home/travis/build/icyphy/ptII/ptolemy/actor/lib/test/auto/PublisherPort2.xml (RunModel)" time="0.011" />
  <testcase classname="ptolemy.util.test.junit.AutoTests" name="[262] /home/travis/build/icyphy/ptII/ptolemy/actor/lib/test/auto/PublisherPort3.xml (RunModel)" time="0.021" />
  <testcase classname="ptolemy.util.test.junit.AutoTests" name="[263] /home/travis/build/icyphy/ptII/ptolemy/actor/lib/test/auto/PublisherPort4.xml (RunModel)" time="0.018" />
  <testcase classname="ptolemy.util.test.junit.AutoTests" name="[264] /home/travis/build/icyphy/ptII/ptolemy/actor/lib/test/auto/PublisherPort5.xml (RunModel)" time="0.016" />
  <testcase classname="ptolemy.util.test.junit.AutoTests" name="[265] /home/travis/build/icyphy/ptII/ptolemy/actor/lib/test/auto/PublisherPort5LookAlike.xml (RunModel)" time="0.021" />
  <testcase classname="ptolemy.util.test.junit.AutoTests" name="[266] /home/travis/build/icyphy/ptII/ptolemy/actor/lib/test/auto/PublisherPort6.xml (RunModel)" time="0.016" />
  <testcase classname="ptolemy.util.test.junit.AutoTests" name="[267] /home/travis/build/icyphy/ptII/ptolemy/actor/lib/test/auto/PublisherPort7.xml (RunModel)" time="0.017" />
  <testcase classname="ptolemy.util.test.junit.AutoTests" name="[268] /home/travis/build/icyphy/ptII/ptolemy/actor/lib/test/auto/PublisherPort8.xml (RunModel)" time="0.03" />
  <testcase classname="ptolemy.util.test.junit.AutoTests" name="[269] /home/travis/build/icyphy/ptII/ptolemy/actor/lib/test/auto/PublisherPortSubscriberChannelVariablesAOC2.xml (RunModel)" time="0.037" />
  <testcase classname="ptolemy.util.test.junit.AutoTests" name="[270] /home/travis/build/icyphy/ptII/ptolemy/actor/lib/test/auto/PublisherPortSubscriberOpaqueWidthInference.xml (RunModel)" time="0.016" />
  <testcase classname="ptolemy.util.test.junit.AutoTests" name="[271] /home/travis/build/icyphy/ptII/ptolemy/actor/lib/test/auto/PublisherPortSubscriberPortAdjacent.xml (RunModel)" time="0.021" />
  <testcase classname="ptolemy.util.test.junit.AutoTests" name="[272] /home/travis/build/icyphy/ptII/ptolemy/actor/lib/test/auto/PublisherPortSubscriberPortExpression.xml (RunModel)" time="0.024" />
  <testcase classname="ptolemy.util.test.junit.AutoTests" name="[273] /home/travis/build/icyphy/ptII/ptolemy/actor/lib/test/auto/PublisherPortSubscriberPortOpaqueD3Reverse.xml (RunModel)" time="0.042" />
  <testcase classname="ptolemy.util.test.junit.AutoTests" name="[274] /home/travis/build/icyphy/ptII/ptolemy/actor/lib/test/auto/PublisherPortSubscriberPortOpaqueWidthInference.xml (RunModel)" time="0.016" />
  <testcase classname="ptolemy.util.test.junit.AutoTests" name="[275] /home/travis/build/icyphy/ptII/ptolemy/actor/lib/test/auto/PublisherPortToplevelSubscriberPortAOC.xml (RunModel)" time="0.012" />
  <testcase classname="ptolemy.util.test.junit.AutoTests" name="[276] /home/travis/build/icyphy/ptII/ptolemy/actor/lib/test/auto/PublisherSubscriber.xml (RunModel)" time="0.015" />
  <testcase classname="ptolemy.util.test.junit.AutoTests" name="[277] /home/travis/build/icyphy/ptII/ptolemy/actor/lib/test/auto/PublisherSubscriber10.xml (RunModel)" time="0.022" />
  <testcase classname="ptolemy.util.test.junit.AutoTests" name="[278] /home/travis/build/icyphy/ptII/ptolemy/actor/lib/test/auto/PublisherSubscriber10InitialOutputs.xml (RunModel)" time="0.032" />
  <testcase classname="ptolemy.util.test.junit.AutoTests" name="[279] /home/travis/build/icyphy/ptII/ptolemy/actor/lib/test/auto/PublisherSubscriber11.xml (RunModel)" time="0.03" />
  <testcase classname="ptolemy.util.test.junit.AutoTests" name="[280] /home/travis/build/icyphy/ptII/ptolemy/actor/lib/test/auto/PublisherSubscriber12.xml (RunModel)" time="0.023" />
  <testcase classname="ptolemy.util.test.junit.AutoTests" name="[281] /home/travis/build/icyphy/ptII/ptolemy/actor/lib/test/auto/PublisherSubscriber13.xml (RunModel)" time="0.021" />
  <testcase classname="ptolemy.util.test.junit.AutoTests" name="[282] /home/travis/build/icyphy/ptII/ptolemy/actor/lib/test/auto/PublisherSubscriber14.xml (RunModel)" time="0.024" />
  <testcase classname="ptolemy.util.test.junit.AutoTests" name="[283] /home/travis/build/icyphy/ptII/ptolemy/actor/lib/test/auto/PublisherSubscriber2.xml (RunModel)" time="0.011" />
  <testcase classname="ptolemy.util.test.junit.AutoTests" name="[284] /home/travis/build/icyphy/ptII/ptolemy/actor/lib/test/auto/PublisherSubscriber3.xml (RunModel)" time="0.01" />
  <testcase classname="ptolemy.util.test.junit.AutoTests" name="[285] /home/travis/build/icyphy/ptII/ptolemy/actor/lib/test/auto/PublisherSubscriber4.xml (RunModel)" time="0.01" />
  <testcase classname="ptolemy.util.test.junit.AutoTests" name="[286] /home/travis/build/icyphy/ptII/ptolemy/actor/lib/test/auto/PublisherSubscriber5.xml (RunModel)" time="0.018" />
  <testcase classname="ptolemy.util.test.junit.AutoTests" name="[287] /home/travis/build/icyphy/ptII/ptolemy/actor/lib/test/auto/PublisherSubscriber6.xml (RunModel)" time="0.017" />
  <testcase classname="ptolemy.util.test.junit.AutoTests" name="[288] /home/travis/build/icyphy/ptII/ptolemy/actor/lib/test/auto/PublisherSubscriber7.xml (RunModel)" time="0.024" />
  <testcase classname="ptolemy.util.test.junit.AutoTests" name="[289] /home/travis/build/icyphy/ptII/ptolemy/actor/lib/test/auto/PublisherSubscriber8.xml (RunModel)" time="0.034" />
  <testcase classname="ptolemy.util.test.junit.AutoTests" name="[290] /home/travis/build/icyphy/ptII/ptolemy/actor/lib/test/auto/PublisherSubscriber9.xml (RunModel)" time="0.017" />
  <testcase classname="ptolemy.util.test.junit.AutoTests" name="[291] /home/travis/build/icyphy/ptII/ptolemy/actor/lib/test/auto/PublisherSubscriberAdjacent.xml (RunModel)" time="0.016" />
  <testcase classname="ptolemy.util.test.junit.AutoTests" name="[292] /home/travis/build/icyphy/ptII/ptolemy/actor/lib/test/auto/PublisherSubscriberChannelVariablesAOC2.xml (RunModel)" time="0.029" />
  <testcase classname="ptolemy.util.test.junit.AutoTests" name="[293] /home/travis/build/icyphy/ptII/ptolemy/actor/lib/test/auto/PublisherSubscriberD3.xml (RunModel)" time="0.014" />
  <testcase classname="ptolemy.util.test.junit.AutoTests" name="[294] /home/travis/build/icyphy/ptII/ptolemy/actor/lib/test/auto/PublisherSubscriberD3Reverse.xml (RunModel)" time="0.013" />
  <testcase classname="ptolemy.util.test.junit.AutoTests" name="[295] /home/travis/build/icyphy/ptII/ptolemy/actor/lib/test/auto/PublisherSubscriberExpression.xml (RunModel)" time="0.019" />
  <testcase classname="ptolemy.util.test.junit.AutoTests" name="[296] /home/travis/build/icyphy/ptII/ptolemy/actor/lib/test/auto/PublisherSubscriberOpaque.xml (RunModel)" time="0.015" />
  <testcase classname="ptolemy.util.test.junit.AutoTests" name="[297] /home/travis/build/icyphy/ptII/ptolemy/actor/lib/test/auto/PublisherSubscriberOpaqueD3.xml (RunModel)" time="0.026" />
  <testcase classname="ptolemy.util.test.junit.AutoTests" name="[298] /home/travis/build/icyphy/ptII/ptolemy/actor/lib/test/auto/PublisherSubscriberOpaqueD3Reverse.xml (RunModel)" time="0.024" />
  <testcase classname="ptolemy.util.test.junit.AutoTests" name="[299] /home/travis/build/icyphy/ptII/ptolemy/actor/lib/test/auto/PublisherSubscriberOpaqueWidthInference.xml (RunModel)" time="0.019" />
  <testcase classname="ptolemy.util.test.junit.AutoTests" name="[300] /home/travis/build/icyphy/ptII/ptolemy/actor/lib/test/auto/PublisherTestSubscriber.xml (RunModel)" time="0.033" />
  <testcase classname="ptolemy.util.test.junit.AutoTests" name="[301] /home/travis/build/icyphy/ptII/ptolemy/actor/lib/test/auto/PublisherToplevelSubscriberPortAOC.xml (RunModel)" time="0.012" />
  <testcase classname="ptolemy.util.test.junit.AutoTests" name="[302] /home/travis/build/icyphy/ptII/ptolemy/actor/lib/test/auto/PulseFiringLimitDE.xml (RunModel)" time="0.013" />
  <testcase classname="ptolemy.util.test.junit.AutoTests" name="[303] /home/travis/build/icyphy/ptII/ptolemy/actor/lib/test/auto/Ramp1.xml (RunModel)" time="0.008" />
  <testcase classname="ptolemy.util.test.junit.AutoTests" name="[304] /home/travis/build/icyphy/ptII/ptolemy/actor/lib/test/auto/RampFiringLimitDE.xml (RunModel)" time="0.012" />
  <testcase classname="ptolemy.util.test.junit.AutoTests" name="[305] /home/travis/build/icyphy/ptII/ptolemy/actor/lib/test/auto/RampFiringLimitSDF.xml (RunModel)" time="0.011" />
  <testcase classname="ptolemy.util.test.junit.AutoTests" name="[306] /home/travis/build/icyphy/ptII/ptolemy/actor/lib/test/auto/RandomInteger.xml (RunModel)" time="0.01" />
  <testcase classname="ptolemy.util.test.junit.AutoTests" name="[307] /home/travis/build/icyphy/ptII/ptolemy/actor/lib/test/auto/ReadFile1.xml (RunModel)" time="0.008" />
  <testcase classname="ptolemy.util.test.junit.AutoTests" name="[308] /home/travis/build/icyphy/ptII/ptolemy/actor/lib/test/auto/ReadFile2.xml (RunModel)" time="0.008" />
  <testcase classname="ptolemy.util.test.junit.AutoTests" name="[309] /home/travis/build/icyphy/ptII/ptolemy/actor/lib/test/auto/Reader.xml (RunModel)" time="0.012" />
  <testcase classname="ptolemy.util.test.junit.AutoTests" name="[310] /home/travis/build/icyphy/ptII/ptolemy/actor/lib/test/auto/RecordAssemblerDisplayNameTest.xml (RunModel)" time="4.357" />
  <testcase classname="ptolemy.util.test.junit.AutoTests" name="[311] /home/travis/build/icyphy/ptII/ptolemy/actor/lib/test/auto/RecordAssemblerTypeError.xml (RunModel)" time="0.042" />
  <testcase classname="ptolemy.util.test.junit.AutoTests" name="[312] /home/travis/build/icyphy/ptII/ptolemy/actor/lib/test/auto/RecordDisassember.xml (RunModel)" time="0.014" />
  <testcase classname="ptolemy.util.test.junit.AutoTests" name="[313] /home/travis/build/icyphy/ptII/ptolemy/actor/lib/test/auto/RecordDisassemberDisplayNameTest.xml (RunModel)" time="0.032" />
  <testcase classname="ptolemy.util.test.junit.AutoTests" name="[314] /home/travis/build/icyphy/ptII/ptolemy/actor/lib/test/auto/RecordDisassembler.xml (RunModel)" time="0.017" />
  <testcase classname="ptolemy.util.test.junit.AutoTests" name="[315] /home/travis/build/icyphy/ptII/ptolemy/actor/lib/test/auto/RecordDisassembler2.xml (RunModel)" time="0.014" />
  <testcase classname="ptolemy.util.test.junit.AutoTests" name="[316] /home/travis/build/icyphy/ptII/ptolemy/actor/lib/test/auto/RecordUpdater.xml (RunModel)" time="0.01" />
  <testcase classname="ptolemy.util.test.junit.AutoTests" name="[317] /home/travis/build/icyphy/ptII/ptolemy/actor/lib/test/auto/RecordUpdater2.xml (RunModel)" time="0.01" />
  <testcase classname="ptolemy.util.test.junit.AutoTests" name="[318] /home/travis/build/icyphy/ptII/ptolemy/actor/lib/test/auto/RecursiveLattice.xml (RunModel)" time="0.01" />
  <testcase classname="ptolemy.util.test.junit.AutoTests" name="[319] /home/travis/build/icyphy/ptII/ptolemy/actor/lib/test/auto/Router.xml (RunModel)" time="3.031" />
  <testcase classname="ptolemy.util.test.junit.AutoTests" name="[320] /home/travis/build/icyphy/ptII/ptolemy/actor/lib/test/auto/Router2.xml (RunModel)" time="3.025" />
  <testcase classname="ptolemy.util.test.junit.AutoTests" name="[321] /home/travis/build/icyphy/ptII/ptolemy/actor/lib/test/auto/RunningMaximum.xml (RunModel)" time="0.016" />
  <testcase classname="ptolemy.util.test.junit.AutoTests" name="[322] /home/travis/build/icyphy/ptII/ptolemy/actor/lib/test/auto/RunningMinimum.xml (RunModel)" time="0.025" />
  <testcase classname="ptolemy.util.test.junit.AutoTests" name="[323] /home/travis/build/icyphy/ptII/ptolemy/actor/lib/test/auto/Scale.xml (RunModel)" time="0.021" />
  <testcase classname="ptolemy.util.test.junit.AutoTests" name="[324] /home/travis/build/icyphy/ptII/ptolemy/actor/lib/test/auto/Scale2.xml (RunModel)" time="0.015" />
  <testcase classname="ptolemy.util.test.junit.AutoTests" name="[325] /home/travis/build/icyphy/ptII/ptolemy/actor/lib/test/auto/Scale3.xml (RunModel)" time="0.024" />
  <testcase classname="ptolemy.util.test.junit.AutoTests" name="[326] /home/travis/build/icyphy/ptII/ptolemy/actor/lib/test/auto/ScaleArray.xml (RunModel)" time="0.014" />
  <testcase classname="ptolemy.util.test.junit.AutoTests" name="[327] /home/travis/build/icyphy/ptII/ptolemy/actor/lib/test/auto/ScaleArray2.xml (RunModel)" time="0.009" />
  <testcase classname="ptolemy.util.test.junit.AutoTests" name="[328] /home/travis/build/icyphy/ptII/ptolemy/actor/lib/test/auto/ScaleMatrix.xml (RunModel)" time="0.203" />
  <testcase classname="ptolemy.util.test.junit.AutoTests" name="[329] /home/travis/build/icyphy/ptII/ptolemy/actor/lib/test/auto/Select.xml (RunModel)" time="0.017" />
  <testcase classname="ptolemy.util.test.junit.AutoTests" name="[330] /home/travis/build/icyphy/ptII/ptolemy/actor/lib/test/auto/Select2.xml (RunModel)" time="0.009" />
  <testcase classname="ptolemy.util.test.junit.AutoTests" name="[331] /home/travis/build/icyphy/ptII/ptolemy/actor/lib/test/auto/SequenceToArray2.xml (RunModel)" time="0.147" />
  <testcase classname="ptolemy.util.test.junit.AutoTests" name="[332] /home/travis/build/icyphy/ptII/ptolemy/actor/lib/test/auto/SequentialClock.xml (RunModel)" time="0.012" />
  <testcase classname="ptolemy.util.test.junit.AutoTests" name="[333] /home/travis/build/icyphy/ptII/ptolemy/actor/lib/test/auto/SetVariable.xml (RunModel)" time="0.012" />
  <testcase classname="ptolemy.util.test.junit.AutoTests" name="[334] /home/travis/build/icyphy/ptII/ptolemy/actor/lib/test/auto/SetVariable2.xml (RunModel)" time="0.009" />
  <testcase classname="ptolemy.util.test.junit.AutoTests" name="[335] /home/travis/build/icyphy/ptII/ptolemy/actor/lib/test/auto/SetVariable3.xml (RunModel)" time="0.017" />
  <testcase classname="ptolemy.util.test.junit.AutoTests" name="[336] /home/travis/build/icyphy/ptII/ptolemy/actor/lib/test/auto/SetVariable4.xml (RunModel)" time="0.031" />
  <testcase classname="ptolemy.util.test.junit.AutoTests" name="[337] /home/travis/build/icyphy/ptII/ptolemy/actor/lib/test/auto/SetVariable5.xml (RunModel)" time="0.045" />
  <testcase classname="ptolemy.util.test.junit.AutoTests" name="[338] /home/travis/build/icyphy/ptII/ptolemy/actor/lib/test/auto/Sinewave.xml (RunModel)" time="0.029" />
  <testcase classname="ptolemy.util.test.junit.AutoTests" name="[339] /home/travis/build/icyphy/ptII/ptolemy/actor/lib/test/auto/Sinewave2.xml (RunModel)" time="0.021" />
  <testcase classname="ptolemy.util.test.junit.AutoTests" name="[340] /home/travis/build/icyphy/ptII/ptolemy/actor/lib/test/auto/Sinewave3.xml (RunModel)" time="0.021" />
  <testcase classname="ptolemy.util.test.junit.AutoTests" name="[341] /home/travis/build/icyphy/ptII/ptolemy/actor/lib/test/auto/SingleEvent.xml (RunModel)" time="0.008" />
  <testcase classname="ptolemy.util.test.junit.AutoTests" name="[342] /home/travis/build/icyphy/ptII/ptolemy/actor/lib/test/auto/Sleep.xml (RunModel)" time="6.02" />
  <testcase classname="ptolemy.util.test.junit.AutoTests" name="[343] /home/travis/build/icyphy/ptII/ptolemy/actor/lib/test/auto/SleepMultipleFire.xml (RunModel)" time="1.02" />
  <testcase classname="ptolemy.util.test.junit.AutoTests" name="[344] /home/travis/build/icyphy/ptII/ptolemy/actor/lib/test/auto/StopDE.xml (RunModel)" time="0.016" />
  <testcase classname="ptolemy.util.test.junit.AutoTests" name="[345] /home/travis/build/icyphy/ptII/ptolemy/actor/lib/test/auto/StopSDF.xml (RunModel)" time="0.012" />
  <testcase classname="ptolemy.util.test.junit.AutoTests" name="[346] /home/travis/build/icyphy/ptII/ptolemy/actor/lib/test/auto/StringConstant.xml (RunModel)" time="0.015" />
  <testcase classname="ptolemy.util.test.junit.AutoTests" name="[347] /home/travis/build/icyphy/ptII/ptolemy/actor/lib/test/auto/SubscriberPortInitialValues1.xml (RunModel)" time="0.029" />
  <testcase classname="ptolemy.util.test.junit.AutoTests" name="[348] /home/travis/build/icyphy/ptII/ptolemy/actor/lib/test/auto/SubscriberPortInitialValues13.xml (RunModel)" time="0.046" />
  <testcase classname="ptolemy.util.test.junit.AutoTests" name="[349] /home/travis/build/icyphy/ptII/ptolemy/actor/lib/test/auto/SubscriberPortInitialValues14.xml (RunModel)" time="0.018" />
  <testcase classname="ptolemy.util.test.junit.AutoTests" name="[350] /home/travis/build/icyphy/ptII/ptolemy/actor/lib/test/auto/SubscriberPortInitialValues2.xml (RunModel)" time="0.025" />
  <testcase classname="ptolemy.util.test.junit.AutoTests" name="[351] /home/travis/build/icyphy/ptII/ptolemy/actor/lib/test/auto/SubscriberPortInitialValues3.xml (RunModel)" time="0.025" />
  <testcase classname="ptolemy.util.test.junit.AutoTests" name="[352] /home/travis/build/icyphy/ptII/ptolemy/actor/lib/test/auto/SubscriptionAggregator.xml (RunModel)" time="0.013" />
  <testcase classname="ptolemy.util.test.junit.AutoTests" name="[353] /home/travis/build/icyphy/ptII/ptolemy/actor/lib/test/auto/SubscriptionAggregator2.xml (RunModel)" time="0.015" />
  <testcase classname="ptolemy.util.test.junit.AutoTests" name="[354] /home/travis/build/icyphy/ptII/ptolemy/actor/lib/test/auto/SubscriptionAggregator3.xml (RunModel)" time="0.015" />
  <testcase classname="ptolemy.util.test.junit.AutoTests" name="[355] /home/travis/build/icyphy/ptII/ptolemy/actor/lib/test/auto/SubscriptionAggregatorMultiply.xml (RunModel)" time="0.024" />
  <testcase classname="ptolemy.util.test.junit.AutoTests" name="[356] /home/travis/build/icyphy/ptII/ptolemy/actor/lib/test/auto/SubscriptionAggregatorPortMultiply1.xml (RunModel)" time="0.018" />
  <testcase classname="ptolemy.util.test.junit.AutoTests" name="[357] /home/travis/build/icyphy/ptII/ptolemy/actor/lib/test/auto/Switch.xml (RunModel)" time="0.016" />
  <testcase classname="ptolemy.util.test.junit.AutoTests" name="[358] /home/travis/build/icyphy/ptII/ptolemy/actor/lib/test/auto/Switch2.xml (RunModel)" time="0.015" />
  <testcase classname="ptolemy.util.test.junit.AutoTests" name="[359] /home/travis/build/icyphy/ptII/ptolemy/actor/lib/test/auto/SwitchDE.xml (RunModel)" time="0.016" />
  <testcase classname="ptolemy.util.test.junit.AutoTests" name="[360] /home/travis/build/icyphy/ptII/ptolemy/actor/lib/test/auto/SynchronizerDE.xml (RunModel)" time="0.024" />
  <testcase classname="ptolemy.util.test.junit.AutoTests" name="[361] /home/travis/build/icyphy/ptII/ptolemy/actor/lib/test/auto/Test.xml (RunModel)" time="0.009" />
  <testcase classname="ptolemy.util.test.junit.AutoTests" name="[362] /home/travis/build/icyphy/ptII/ptolemy/actor/lib/test/auto/TestExceptionAttribute1.xml (RunModel)" time="0.008" />
  <testcase classname="ptolemy.util.test.junit.AutoTests" name="[363] /home/travis/build/icyphy/ptII/ptolemy/actor/lib/test/auto/TestExceptionAttribute2.xml (RunModel)" time="0.011" />
  <testcase classname="ptolemy.util.test.junit.AutoTests" name="[364] /home/travis/build/icyphy/ptII/ptolemy/actor/lib/test/auto/TestExceptionAttribute3.xml (RunModel)" time="0.012" />
  <testcase classname="ptolemy.util.test.junit.AutoTests" name="[365] /home/travis/build/icyphy/ptII/ptolemy/actor/lib/test/auto/TestExceptionAttribute4.xml (RunModel)" time="0.008" />
  <testcase classname="ptolemy.util.test.junit.AutoTests" name="[366] /home/travis/build/icyphy/ptII/ptolemy/actor/lib/test/auto/TestExceptionHandler1.xml (RunModel)" time="0.011" />
  <testcase classname="ptolemy.util.test.junit.AutoTests" name="[367] /home/travis/build/icyphy/ptII/ptolemy/actor/lib/test/auto/TestExceptionHandler2.xml (RunModel)" time="0.014" />
  <testcase classname="ptolemy.util.test.junit.AutoTests" name="[368] /home/travis/build/icyphy/ptII/ptolemy/actor/lib/test/auto/TestExceptionHandler3.xml (RunModel)" time="0.006" />
  <testcase classname="ptolemy.util.test.junit.AutoTests" name="[369] /home/travis/build/icyphy/ptII/ptolemy/actor/lib/test/auto/TestExceptionHandler4.xml (RunModel)" time="0.007" />
  <testcase classname="ptolemy.util.test.junit.AutoTests" name="[370] /home/travis/build/icyphy/ptII/ptolemy/actor/lib/test/auto/TestRequireCorrectOrder.xml (RunModel)" time="0.013" />
  <testcase classname="ptolemy.util.test.junit.AutoTests" name="[371] /home/travis/build/icyphy/ptII/ptolemy/actor/lib/test/auto/TestSimple.xml (RunModel)" time="0.008" />
  <testcase classname="ptolemy.util.test.junit.AutoTests" name="[372] /home/travis/build/icyphy/ptII/ptolemy/actor/lib/test/auto/ThrowModelError.xml (RunModel)" time="0.012" />
  <testcase classname="ptolemy.util.test.junit.AutoTests" name="[373] /home/travis/build/icyphy/ptII/ptolemy/actor/lib/test/auto/TimeDelayMicrosteps.xml (RunModel)" time="0.016" />
  <testcase classname="ptolemy.util.test.junit.AutoTests" name="[374] /home/travis/build/icyphy/ptII/ptolemy/actor/lib/test/auto/TimeDelayMicrosteps2.xml (RunModel)" time="0.015" />
  <testcase classname="ptolemy.util.test.junit.AutoTests" name="[375] /home/travis/build/icyphy/ptII/ptolemy/actor/lib/test/auto/TimeDelayMicrosteps3.xml (RunModel)" time="0.013" />
  <testcase classname="ptolemy.util.test.junit.AutoTests" name="[376] /home/travis/build/icyphy/ptII/ptolemy/actor/lib/test/auto/TimeDelayVariableMicrosteps.xml (RunModel)" time="0.015" />
  <testcase classname="ptolemy.util.test.junit.AutoTests" name="[377] /home/travis/build/icyphy/ptII/ptolemy/actor/lib/test/auto/TimeGap.xml (RunModel)" time="0.019" />
  <testcase classname="ptolemy.util.test.junit.AutoTests" name="[378] /home/travis/build/icyphy/ptII/ptolemy/actor/lib/test/auto/TimeGap2.xml (RunModel)" time="0.012" />
  <testcase classname="ptolemy.util.test.junit.AutoTests" name="[379] /home/travis/build/icyphy/ptII/ptolemy/actor/lib/test/auto/TimedSinewave.xml (RunModel)" time="0.062" />
  <testcase classname="ptolemy.util.test.junit.AutoTests" name="[380] /home/travis/build/icyphy/ptII/ptolemy/actor/lib/test/auto/TimedSinewavePhase.xml (RunModel)" time="0.047" />
  <testcase classname="ptolemy.util.test.junit.AutoTests" name="[381] /home/travis/build/icyphy/ptII/ptolemy/actor/lib/test/auto/Timer.xml (RunModel)" time="0.018" />
  <testcase classname="ptolemy.util.test.junit.AutoTests" name="[382] /home/travis/build/icyphy/ptII/ptolemy/actor/lib/test/auto/TriangularDistTestModel.xml (RunModel)" time="0.02" />
  <testcase classname="ptolemy.util.test.junit.AutoTests" name="[383] /home/travis/build/icyphy/ptII/ptolemy/actor/lib/test/auto/TrigFunction.xml (RunModel)" time="0.009" />
  <testcase classname="ptolemy.util.test.junit.AutoTests" name="[384] /home/travis/build/icyphy/ptII/ptolemy/actor/lib/test/auto/TrigFunctionDE.xml (RunModel)" time="0.011" />
  <testcase classname="ptolemy.util.test.junit.AutoTests" name="[385] /home/travis/build/icyphy/ptII/ptolemy/actor/lib/test/auto/TrigFunctionInverse.xml (RunModel)" time="0.01" />
  <testcase classname="ptolemy.util.test.junit.AutoTests" name="[386] /home/travis/build/icyphy/ptII/ptolemy/actor/lib/test/auto/TrigFunctionTan.xml (RunModel)" time="0.009" />
  <testcase classname="ptolemy.util.test.junit.AutoTests" name="[387] /home/travis/build/icyphy/ptII/ptolemy/actor/lib/test/auto/TriggeredClock.xml (RunModel)" time="0.01" />
  <testcase classname="ptolemy.util.test.junit.AutoTests" name="[388] /home/travis/build/icyphy/ptII/ptolemy/actor/lib/test/auto/URLDirectoryReader.xml (RunModel)" time="0.125" />
  <testcase classname="ptolemy.util.test.junit.AutoTests" name="[389] /home/travis/build/icyphy/ptII/ptolemy/actor/lib/test/auto/URLDirectoryReader3.xml (RunModel)" time="1.458" />
  <testcase classname="ptolemy.util.test.junit.AutoTests" name="[390] /home/travis/build/icyphy/ptII/ptolemy/actor/lib/test/auto/UnaryMathFunction.xml (RunModel)" time="0.026" />
  <testcase classname="ptolemy.util.test.junit.AutoTests" name="[391] /home/travis/build/icyphy/ptII/ptolemy/actor/lib/test/auto/Uniform.xml (RunModel)" time="0.013" />
  <testcase classname="ptolemy.util.test.junit.AutoTests" name="[392] /home/travis/build/icyphy/ptII/ptolemy/actor/lib/test/auto/UnionDisassemblerTest.xml (RunModel)" time="0.009" />
  <testcase classname="ptolemy.util.test.junit.AutoTests" name="[393] /home/travis/build/icyphy/ptII/ptolemy/actor/lib/test/auto/UtilityFunctions.xml (RunModel)" time="0.01" />
  <testcase classname="ptolemy.util.test.junit.AutoTests" name="[394] /home/travis/build/icyphy/ptII/ptolemy/actor/lib/test/auto/VariableSleep.xml (RunModel)" time="0.514" />
  <testcase classname="ptolemy.util.test.junit.AutoTests" name="[395] /home/travis/build/icyphy/ptII/ptolemy/actor/lib/test/auto/VectorAssemblerDisassemblerCT.xml (RunModel)" time="0.129" />
  <testcase classname="ptolemy.util.test.junit.AutoTests" name="[396] /home/travis/build/icyphy/ptII/ptolemy/actor/lib/test/auto/VectorAssemblerDisassemblerDE.xml (RunModel)" time="0.02" />
  <testcase classname="ptolemy.util.test.junit.AutoTests" name="[397] /home/travis/build/icyphy/ptII/ptolemy/actor/lib/test/auto/VectorAssemblerDisassemblerSDF.xml (RunModel)" time="0.013" />
  <testcase classname="ptolemy.util.test.junit.AutoTests" name="[398] /home/travis/build/icyphy/ptII/ptolemy/actor/lib/test/auto/WallClockTime.xml (RunModel)" time="1.015" />
  <testcase classname="ptolemy.util.test.junit.AutoTests" name="[399] /home/travis/build/icyphy/ptII/ptolemy/actor/lib/test/auto/WidthTestWithSubscriberPublisher.xml (RunModel)" time="0.054" />
  <testcase classname="ptolemy.util.test.junit.AutoTests" name="[400] /home/travis/build/icyphy/ptII/ptolemy/actor/lib/test/auto/WidthTestWithSubscriberPublisher2.xml (RunModel)" time="0.02" />
  <testcase classname="ptolemy.util.test.junit.AutoTests" name="[401] /home/travis/build/icyphy/ptII/ptolemy/actor/lib/test/auto/WidthTestWithSubscriberPublisher3.xml (RunModel)" time="0.013" />
  <testcase classname="ptolemy.util.test.junit.AutoTests" name="[402] /home/travis/build/icyphy/ptII/ptolemy/actor/lib/test/auto/Writer.xml (RunModel)" time="0.009" />
  <testcase classname="ptolemy.util.test.junit.AutoTests" name="[403] /home/travis/build/icyphy/ptII/ptolemy/actor/lib/test/auto/array.xml (RunModel)" time="0.01" />
  <testcase classname="ptolemy.util.test.junit.AutoTests" name="[404] /home/travis/build/icyphy/ptII/ptolemy/actor/lib/test/auto/array2.xml (RunModel)" time="0.017" />
  <testcase classname="ptolemy.util.test.junit.AutoTests" name="[405] /home/travis/build/icyphy/ptII/ptolemy/actor/lib/test/auto/arrayType.xml (RunModel)" time="0.013" />
  <testcase classname="ptolemy.util.test.junit.AutoTests" name="[406] /home/travis/build/icyphy/ptII/ptolemy/actor/lib/test/auto/arrayType10.xml (RunModel)" time="0.013" />
  <testcase classname="ptolemy.util.test.junit.AutoTests" name="[407] /home/travis/build/icyphy/ptII/ptolemy/actor/lib/test/auto/arrayType11.xml (RunModel)" time="0.009" />
  <testcase classname="ptolemy.util.test.junit.AutoTests" name="[408] /home/travis/build/icyphy/ptII/ptolemy/actor/lib/test/auto/arrayType12.xml (RunModel)" time="0.011" />
  <testcase classname="ptolemy.util.test.junit.AutoTests" name="[409] /home/travis/build/icyphy/ptII/ptolemy/actor/lib/test/auto/arrayType13.xml (RunModel)" time="0.01" />
  <testcase classname="ptolemy.util.test.junit.AutoTests" name="[410] /home/travis/build/icyphy/ptII/ptolemy/actor/lib/test/auto/arrayType14.xml (RunModel)" time="0.011" />
  <testcase classname="ptolemy.util.test.junit.AutoTests" name="[411] /home/travis/build/icyphy/ptII/ptolemy/actor/lib/test/auto/arrayType15.xml (RunModel)" time="0.01" />
  <testcase classname="ptolemy.util.test.junit.AutoTests" name="[412] /home/travis/build/icyphy/ptII/ptolemy/actor/lib/test/auto/arrayType16.xml (RunModel)" time="0.01" />
  <testcase classname="ptolemy.util.test.junit.AutoTests" name="[413] /home/travis/build/icyphy/ptII/ptolemy/actor/lib/test/auto/arrayType17.xml (RunModel)" time="0.009" />
  <testcase classname="ptolemy.util.test.junit.AutoTests" name="[414] /home/travis/build/icyphy/ptII/ptolemy/actor/lib/test/auto/arrayType18.xml (RunModel)" time="0.009" />
  <testcase classname="ptolemy.util.test.junit.AutoTests" name="[415] /home/travis/build/icyphy/ptII/ptolemy/actor/lib/test/auto/arrayType19.xml (RunModel)" time="0.01" />
  <testcase classname="ptolemy.util.test.junit.AutoTests" name="[416] /home/travis/build/icyphy/ptII/ptolemy/actor/lib/test/auto/arrayType2.xml (RunModel)" time="0.01" />
  <testcase classname="ptolemy.util.test.junit.AutoTests" name="[417] /home/travis/build/icyphy/ptII/ptolemy/actor/lib/test/auto/arrayType20.xml (RunModel)" time="0.009" />
  <testcase classname="ptolemy.util.test.junit.AutoTests" name="[418] /home/travis/build/icyphy/ptII/ptolemy/actor/lib/test/auto/arrayType21.xml (RunModel)" time="0.009" />
  <testcase classname="ptolemy.util.test.junit.AutoTests" name="[419] /home/travis/build/icyphy/ptII/ptolemy/actor/lib/test/auto/arrayType22.xml (RunModel)" time="0.009" />
  <testcase classname="ptolemy.util.test.junit.AutoTests" name="[420] /home/travis/build/icyphy/ptII/ptolemy/actor/lib/test/auto/arrayType23.xml (RunModel)" time="0.009" />
  <testcase classname="ptolemy.util.test.junit.AutoTests" name="[421] /home/travis/build/icyphy/ptII/ptolemy/actor/lib/test/auto/arrayType24.xml (RunModel)" time="0.01" />
  <testcase classname="ptolemy.util.test.junit.AutoTests" name="[422] /home/travis/build/icyphy/ptII/ptolemy/actor/lib/test/auto/arrayType25.xml (RunModel)" time="0.009" />
  <testcase classname="ptolemy.util.test.junit.AutoTests" name="[423] /home/travis/build/icyphy/ptII/ptolemy/actor/lib/test/auto/arrayType26.xml (RunModel)" time="0.01" />
  <testcase classname="ptolemy.util.test.junit.AutoTests" name="[424] /home/travis/build/icyphy/ptII/ptolemy/actor/lib/test/auto/arrayType27.xml (RunModel)" time="0.01" />
  <testcase classname="ptolemy.util.test.junit.AutoTests" name="[425] /home/travis/build/icyphy/ptII/ptolemy/actor/lib/test/auto/arrayType28.xml (RunModel)" time="0.01" />
  <testcase classname="ptolemy.util.test.junit.AutoTests" name="[426] /home/travis/build/icyphy/ptII/ptolemy/actor/lib/test/auto/arrayType3.xml (RunModel)" time="0.009" />
  <testcase classname="ptolemy.util.test.junit.AutoTests" name="[427] /home/travis/build/icyphy/ptII/ptolemy/actor/lib/test/auto/arrayType4.xml (RunModel)" time="0.009" />
  <testcase classname="ptolemy.util.test.junit.AutoTests" name="[428] /home/travis/build/icyphy/ptII/ptolemy/actor/lib/test/auto/arrayType5.xml (RunModel)" time="0.009" />
  <testcase classname="ptolemy.util.test.junit.AutoTests" name="[429] /home/travis/build/icyphy/ptII/ptolemy/actor/lib/test/auto/arrayType6.xml (RunModel)" time="0.008" />
  <testcase classname="ptolemy.util.test.junit.AutoTests" name="[430] /home/travis/build/icyphy/ptII/ptolemy/actor/lib/test/auto/arrayType7.xml (RunModel)" time="0.009" />
  <testcase classname="ptolemy.util.test.junit.AutoTests" name="[431] /home/travis/build/icyphy/ptII/ptolemy/actor/lib/test/auto/arrayType8.xml (RunModel)" time="0.015" />
  <testcase classname="ptolemy.util.test.junit.AutoTests" name="[432] /home/travis/build/icyphy/ptII/ptolemy/actor/lib/test/auto/arrayType9.xml (RunModel)" time="0.009" />
  <testcase classname="ptolemy.util.test.junit.AutoTests" name="[433] /home/travis/build/icyphy/ptII/ptolemy/actor/lib/test/auto/cast.xml (RunModel)" time="0.017" />
  <testcase classname="ptolemy.util.test.junit.AutoTests" name="[434] /home/travis/build/icyphy/ptII/ptolemy/actor/lib/test/auto/compositeMultiPort.xml (RunModel)" time="0.052" />
  <testcase classname="ptolemy.util.test.junit.AutoTests" name="[435] /home/travis/build/icyphy/ptII/ptolemy/actor/lib/test/auto/expressionCastInference.xml (RunModel)" time="0.029" />
  <testcase classname="ptolemy.util.test.junit.AutoTests" name="[436] /home/travis/build/icyphy/ptII/ptolemy/actor/lib/test/auto/expressionCastInference2.xml (RunModel)" time="0.022" />
  <testcase classname="ptolemy.util.test.junit.AutoTests" name="[437] /home/travis/build/icyphy/ptII/ptolemy/actor/lib/test/auto/expressionInference.xml (RunModel)" time="0.035" />
  <testcase classname="ptolemy.util.test.junit.AutoTests" name="[438] /home/travis/build/icyphy/ptII/ptolemy/actor/lib/test/auto/expression_bug.xml (RunModel)" time="0.033" />
  <testcase classname="ptolemy.util.test.junit.AutoTests" name="[439] /home/travis/build/icyphy/ptII/ptolemy/actor/lib/test/auto/factorial.xml (RunModel)" time="0.063" />
  <testcase classname="ptolemy.util.test.junit.AutoTests" name="[440] /home/travis/build/icyphy/ptII/ptolemy/actor/lib/test/auto/filterTest1.xml (RunModel)" time="0.013" />
  <testcase classname="ptolemy.util.test.junit.AutoTests" name="[441] /home/travis/build/icyphy/ptII/ptolemy/actor/lib/test/auto/funcApplyInConst.xml (RunModel)" time="0.007" />
  <testcase classname="ptolemy.util.test.junit.AutoTests" name="[442] /home/travis/build/icyphy/ptII/ptolemy/actor/lib/test/auto/funcApplyInExpr.xml (RunModel)" time="0.006" />
  <testcase classname="ptolemy.util.test.junit.AutoTests" name="[443] /home/travis/build/icyphy/ptII/ptolemy/actor/lib/test/auto/function.xml (RunModel)" time="0.011" />
  <testcase classname="ptolemy.util.test.junit.AutoTests" name="[444] /home/travis/build/icyphy/ptII/ptolemy/actor/lib/test/auto/function2.xml (RunModel)" time="0.01" />
  <testcase classname="ptolemy.util.test.junit.AutoTests" name="[445] /home/travis/build/icyphy/ptII/ptolemy/actor/lib/test/auto/function3.xml (RunModel)" time="0.022" />
  <testcase classname="ptolemy.util.test.junit.AutoTests" name="[446] /home/travis/build/icyphy/ptII/ptolemy/actor/lib/test/auto/functionClosureTest1.xml (RunModel)" time="0.017" />
  <testcase classname="ptolemy.util.test.junit.AutoTests" name="[447] /home/travis/build/icyphy/ptII/ptolemy/actor/lib/test/auto/functionClosureTest2.xml (RunModel)" time="0.008" />
  <testcase classname="ptolemy.util.test.junit.AutoTests" name="[448] /home/travis/build/icyphy/ptII/ptolemy/actor/lib/test/auto/functionClosureTest3.xml (RunModel)" time="0.011" />
  <testcase classname="ptolemy.util.test.junit.AutoTests" name="[449] /home/travis/build/icyphy/ptII/ptolemy/actor/lib/test/auto/functionClosureTest4.xml (RunModel)" time="0.022" />
  <testcase classname="ptolemy.util.test.junit.AutoTests" name="[450] /home/travis/build/icyphy/ptII/ptolemy/actor/lib/test/auto/functionClosureTest5.xml (RunModel)" time="0.013" />
  <testcase classname="ptolemy.util.test.junit.AutoTests" name="[451] /home/travis/build/icyphy/ptII/ptolemy/actor/lib/test/auto/functionClosureTest6.xml (RunModel)" time="0.011" />
  <testcase classname="ptolemy.util.test.junit.AutoTests" name="[452] /home/travis/build/icyphy/ptII/ptolemy/actor/lib/test/auto/functionsOnArcs.xml (RunModel)" time="0.01" />
  <testcase classname="ptolemy.util.test.junit.AutoTests" name="[453] /home/travis/build/icyphy/ptII/ptolemy/actor/lib/test/auto/functionsOnArcsHOF.xml (RunModel)" time="0.014" />
  <testcase classname="ptolemy.util.test.junit.AutoTests" name="[454] /home/travis/build/icyphy/ptII/ptolemy/actor/lib/test/auto/logic.xml (RunModel)" time="0.02" />
  <testcase classname="ptolemy.util.test.junit.AutoTests" name="[455] /home/travis/build/icyphy/ptII/ptolemy/actor/lib/test/auto/matrixType.xml (RunModel)" time="0.009" />
  <testcase classname="ptolemy.util.test.junit.AutoTests" name="[456] /home/travis/build/icyphy/ptII/ptolemy/actor/lib/test/auto/matrixType10.xml (RunModel)" time="0.015" />
  <testcase classname="ptolemy.util.test.junit.AutoTests" name="[457] /home/travis/build/icyphy/ptII/ptolemy/actor/lib/test/auto/matrixType11.xml (RunModel)" time="0.009" />
  <testcase classname="ptolemy.util.test.junit.AutoTests" name="[458] /home/travis/build/icyphy/ptII/ptolemy/actor/lib/test/auto/matrixType12.xml (RunModel)" time="0.011" />
  <testcase classname="ptolemy.util.test.junit.AutoTests" name="[459] /home/travis/build/icyphy/ptII/ptolemy/actor/lib/test/auto/matrixType13.xml (RunModel)" time="0.008" />
  <testcase classname="ptolemy.util.test.junit.AutoTests" name="[460] /home/travis/build/icyphy/ptII/ptolemy/actor/lib/test/auto/matrixType14.xml (RunModel)" time="0.01" />
  <testcase classname="ptolemy.util.test.junit.AutoTests" name="[461] /home/travis/build/icyphy/ptII/ptolemy/actor/lib/test/auto/matrixType2.xml (RunModel)" time="0.009" />
  <testcase classname="ptolemy.util.test.junit.AutoTests" name="[462] /home/travis/build/icyphy/ptII/ptolemy/actor/lib/test/auto/matrixType3.xml (RunModel)" time="0.011" />
  <testcase classname="ptolemy.util.test.junit.AutoTests" name="[463] /home/travis/build/icyphy/ptII/ptolemy/actor/lib/test/auto/matrixType4.xml (RunModel)" time="0.008" />
  <testcase classname="ptolemy.util.test.junit.AutoTests" name="[464] /home/travis/build/icyphy/ptII/ptolemy/actor/lib/test/auto/matrixType5.xml (RunModel)" time="0.009" />
  <testcase classname="ptolemy.util.test.junit.AutoTests" name="[465] /home/travis/build/icyphy/ptII/ptolemy/actor/lib/test/auto/matrixType6.xml (RunModel)" time="0.011" />
  <testcase classname="ptolemy.util.test.junit.AutoTests" name="[466] /home/travis/build/icyphy/ptII/ptolemy/actor/lib/test/auto/matrixType7.xml (RunModel)" time="0.01" />
  <testcase classname="ptolemy.util.test.junit.AutoTests" name="[467] /home/travis/build/icyphy/ptII/ptolemy/actor/lib/test/auto/matrixType8.xml (RunModel)" time="0.01" />
  <testcase classname="ptolemy.util.test.junit.AutoTests" name="[468] /home/travis/build/icyphy/ptII/ptolemy/actor/lib/test/auto/matrixType9.xml (RunModel)" time="0.008" />
  <testcase classname="ptolemy.util.test.junit.AutoTests" name="[469] /home/travis/build/icyphy/ptII/ptolemy/actor/lib/test/auto/paraFunctest.xml (RunModel)" time="0.008" />
  <testcase classname="ptolemy.util.test.junit.AutoTests" name="[470] /home/travis/build/icyphy/ptII/ptolemy/actor/lib/test/auto/paraFunctest2.xml (RunModel)" time="0.012" />
  <testcase classname="ptolemy.util.test.junit.AutoTests" name="[471] /home/travis/build/icyphy/ptII/ptolemy/actor/lib/test/auto/parameterPassing.xml (RunModel)" time="0.011" />
  <testcase classname="ptolemy.util.test.junit.AutoTests" name="[472] /home/travis/build/icyphy/ptII/ptolemy/actor/lib/test/auto/record.xml (RunModel)" time="0.01" />
  <testcase classname="ptolemy.util.test.junit.AutoTests" name="[473] /home/travis/build/icyphy/ptII/ptolemy/actor/lib/test/auto/sizedarray1.xml (RunModel)" time="0.011" />
  <testcase classname="ptolemy.util.test.junit.AutoTests" name="[474] /home/travis/build/icyphy/ptII/ptolemy/actor/lib/test/auto/sizedarray2.xml (RunModel)" time="0.015" />
  <testcase classname="ptolemy.util.test.junit.AutoTests" name="[475] /home/travis/build/icyphy/ptII/ptolemy/actor/lib/test/auto/twoPublishers.xml (RunModel)" time="0.029" />
  <system-out><![CDATA[/home/travis/build/icyphy/ptII/ptolemy/actor/lib/test/AbsoluteValue.tcl
testDefs.tcl: setting time out to 9000 seconds at Thu Jul 18 06:41:39 UTC 2019
92 ms. Memory: 120832K Free: 85960K (71%)
5 ms. Memory: 120832K Free: 84415K (70%)
5 ms. Memory: 120832K Free: 83398K (69%)
5 ms. Memory: 120832K Free: 82888K (69%)
/home/travis/build/icyphy/ptII/ptolemy/actor/lib/test/AddSubtract.tcl
10 ms. Memory: 120832K Free: 80840K (67%)
6 ms. Memory: 120832K Free: 79816K (66%)
6 ms. Memory: 120832K Free: 79302K (66%)
9 ms. Memory: 120832K Free: 78263K (65%)
44 ms. Memory: 120832K Free: 75720K (63%)
6 ms. Memory: 120832K Free: 74696K (62%)
/home/travis/build/icyphy/ptII/ptolemy/actor/lib/test/Average.tcl
13 ms. Memory: 120832K Free: 73143K (61%)
8 ms. Memory: 120832K Free: 71624K (59%)
/home/travis/build/icyphy/ptII/ptolemy/actor/lib/test/Bernoulli.tcl
6 ms. Memory: 120832K Free: 70071K (58%)
2 ms. Memory: 120832K Free: 70071K (58%)
/home/travis/build/icyphy/ptII/ptolemy/actor/lib/test/Clock.tcl
preinitializing
resolving types
initializing
executing number 1
wrapping up
idle
30 ms. Memory: 120832K Free: 67014K (55%)
Completed execution with 5 iterations
preinitializing
resolving types
initializing
executing number 1
wrapping up
idle
17 ms. Memory: 120832K Free: 66504K (55%)
Completed execution with 5 iterations
preinitializing
resolving types
initializing
executing number 1
wrapping up
idle
5 ms. Memory: 120832K Free: 65990K (55%)
Completed execution with 5 iterations
/home/travis/build/icyphy/ptII/ptolemy/actor/lib/test/Commutator.tcl
17 ms. Memory: 120832K Free: 63942K (53%)
18 ms. Memory: 120832K Free: 62903K (52%)
22 ms. Memory: 120832K Free: 57288K (47%)
/home/travis/build/icyphy/ptII/ptolemy/actor/lib/test/Const.tcl
6 ms. Memory: 120832K Free: 55735K (46%)
2 ms. Memory: 120832K Free: 55240K (46%)
4 ms. Memory: 120832K Free: 54726K (45%)
11 ms. Memory: 120832K Free: 54216K (45%)
3 ms. Memory: 120832K Free: 53192K (44%)
25 ms. Memory: 120832K Free: 51654K (43%)
17 ms. Memory: 120832K Free: 50120K (41%)
4 ms. Memory: 120832K Free: 49096K (41%)
/home/travis/build/icyphy/ptII/ptolemy/actor/lib/test/CurrentTime.tcl
preinitializing
resolving types
initializing
executing number 1
wrapping up
idle
16 ms. Memory: 120832K Free: 47543K (39%)
Completed execution with 11 iterations
/home/travis/build/icyphy/ptII/ptolemy/actor/lib/test/DB.tcl
33 ms. Memory: 120832K Free: 106804K (88%)
17 ms. Memory: 120832K Free: 106294K (88%)
6 ms. Memory: 120832K Free: 105780K (88%)
/home/travis/build/icyphy/ptII/ptolemy/actor/lib/test/DiscreteRandomSource.tcl
preinitializing
resolving types
initializing
executing number 1
wrapping up
idle
5 ms. Memory: 120832K Free: 104741K (87%)
Completed execution with 4 iterations
preinitializing
resolving types
initializing
executing number 1
wrapping up
idle
2 ms. Memory: 120832K Free: 104246K (86%)
Completed execution with 4 iterations
preinitializing
resolving types
initializing
executing number 1
wrapping up
idle
2 ms. Memory: 120832K Free: 103701K (86%)
Completed execution with 4 iterations
preinitializing
resolving types
initializing
executing number 1
wrapping up
idle
3 ms. Memory: 120832K Free: 103222K (85%)
Completed execution with 4 iterations
preinitializing
resolving types
initializing
executing number 1
wrapping up
idle
4 ms. Memory: 120832K Free: 102708K (85%)
Completed execution with 4 iterations
/home/travis/build/icyphy/ptII/ptolemy/actor/lib/test/Distributor.tcl
11 ms. Memory: 120832K Free: 101174K (84%)
10 ms. Memory: 120832K Free: 100436K (83%)
StreamChangeRequest.changeExecuted(): <deleteEntity name="rec2"/> succeeded
StreamChangeRequest.changeExecuted(): <deleteRelation name="r2"/> succeeded
StreamChangeRequest.changeExecuted(): Record firings per iteration succeeded
8 ms. Memory: 120832K Free: 97588K (81%)
/home/travis/build/icyphy/ptII/ptolemy/actor/lib/test/Exit.tcl
Exit.tcl: this will print a message about Manager.exitAfterWrapup, which can be ignored.
9 ms. Memory: 120832K Free: 104121K (86%)
/home/travis/build/icyphy/ptII/ptolemy/actor/lib/test/Expression.tcl
31 ms. Memory: 120832K Free: 100628K (83%)
18 ms. Memory: 120832K Free: 100049K (83%)
3 ms. Memory: 120832K Free: 99484K (82%)
preinitializing
resolving types
initializing
executing number 1
wrapping up
idle
5 ms. Memory: 120832K Free: 97985K (81%)
Completed execution with 6 iterations
7 ms. Memory: 120832K Free: 96991K (80%)
9 ms. Memory: 120832K Free: 96412K (80%)
5 ms. Memory: 120832K Free: 94929K (79%)
4 ms. Memory: 120832K Free: 93919K (78%)
4 ms. Memory: 120832K Free: 92438K (77%)
/home/travis/build/icyphy/ptII/ptolemy/actor/lib/test/Gaussian.tcl
14 ms. Memory: 120832K Free: 90825K (75%)
sleeping 1 seconds: ........................................................................................................................................................................................................................................................................................................................................................................................................................................................................................................................................................................................................................................................................................................................................................................................................................................................................................................................................................................................................................................................................................................................................................................................................................................................................................................................................................................................................................................................................................................................................................................................................................................................................................................................................................................................................................................................................................................................................................................................................................................................................................................................................................................................................................................................................................................................................................................................................................................................................................................................................................................................................................................................................................................................................................................................................................................................................................................................................................................................................................................................................................................................................................................................................................................................................................................................................................................................................................................................................................................................................................................................................................................................................................................................................................................................................................................................................................................................................................................................................................................................................................................................................................................................................................................................................................................................................................................................................................................................................................................................................................................................................................................................................................................................................................................................................................................................................................................................................................................................................................................................................................................................................................................................................................................................................................................................................................................................................................................................................................................................................................................................................................................................................................................................................................................................................................................................................................................................................................................................................................................................................................................................................................................................................................................................................................................................................................................................................................................................................................................................................................................................................................................................................................................................................................................................................................................................................................................................................................................................................................................................................................................................................................................................................................................................................................................................................................................................................................................................................................................................................................................................................................................................................................................................................................................................................................................................................................................................................................................................................................................................................................................................................................................................................................................................................................................................................................................................................................................................................................................................................................................................................................................................................................................................................................................................................................................................................................................................................................................................................................................................................................................................................................................................................................................................................................................................................................................................................................................................................................................................................................................................................................................................................................................................................................................................................................................................................................................................................................................................................................................................................................................................................................................................................................................................................................................................................................................................................................................................................................................................................................................................................................................................................................................................................................................................................................................................................................................................................................................................................................................................................................................................................................................................................................................................................................................................................................................................................................................................................................................................................................................................................................................................................................................................................................................................................................................................................................................................................................................................................................................................................................................................................................................................................................................................................................................................................................................................................................................................................................................................................................................................................................................................................................................................................................................................................................................................................................................................................................................................................................................................................................................................................................................................................................................................................................................................................................................................................................................................................................................................................................................................................................................................................................................................................................................................................................................................................................................................................................................................................................................................................................................................................................................................................................................................................................................................................................................................................................................................................................................................................................................................................................................................................................................................................................................................................................................................................................................................................................................................................................................................................................................................................................................................................................................................................................................................................................................................................................................................................................................................................................................................................................................................................................................................................................................................................................................................................................................................................................................................................................................................................................................................................................................................................................................................................................................................................................................................................................................................................................................................................................................................................................................................................................................................................................................................................................................................................................................................................................................................................................................................................................................................................................................................................................................................................................................................................................................................................................................................................................................................................................................................................................................................................................................................................................................................................................................................................................................................................................................................................................................................................................................................................................................................................................................................................................................................................................................................................................................................................................................................................................................................................................................................................................................................................................................................................................................................................................................................................................................................................................................................................................................................................................................................................................................................................................................................................................................................................................................................................................................................................................................................................................................................................................................................................................................................................................................................................................................................................................................................................................................................................................................................................................................................................................................................................................................................................................................................................................................................................................................................................................................................................................................................................................................................................................................................................................................................................................................................................................................................................................................................................................................................................................................................................................................................................................................................................................................................................................................................................................................................................................................................................................................................................................................................................................................................................................................................................................................................................................................................................................................................................................................................................................................................................................................................................................................................................................................................................................................................................................................................................................................................................................................................................................................................................................................................................................................................................................................................................................................................................................................................................................................................................................................................................................................................................................................................................................................................................................................................................................................................................................................................................................................................................................................................................................................................................................................................................................................................................................................................................................................................................................................................................................................................................................................................................................................................................................................................................................................................................................................................................................................................................................................................................................................................................................................................................................................................................................................................................................................................................................................................................................................................................................................................................................................................................................................................................................................................................................................................................................................................................................................................................................................................................................................................................................................................................................................................................................................................................................................................................................................................................................................................................................................................................................................................................................................................................................................................................................................................................................................................................................................................................................................................................................................................................................................................................................................................................................................................................................................................................................................................................................................................................................................................................................................................................................................................................................................................................................................................................................................................................................................................................................................................................................................................................................................................................................................................................................................................................................................................................................................................................................................................................................................................................................................................................................................................................................................................................................................................................................................................................................................................................................................................................................................................................................................................................................................................................................................................................................................................................................................................................................................................................................................................................................................................................................................................................................................................................................................................................................................................................................................................................................................................................................................................................................................................................................................................................................................................................................................................................................................................................................................................................................................................................................................................................................................................................................................................................................................................................................................................................................................................................................................................................................................................................................................................................................................................................................................................................................................................................................................................................................................................................................................................................................................................................................................................................................................................................................................................................................................................................................................................................................................................................................................................................................................................................................................................................................................................................................................................................................................................................................................................................................................................................................................................................................................................................................................................................................................................................................................................................................................................................................................................................................................................................................................................................................................................................................................................................................................................................................................................................................................................................................................................................................................................................................................................................................................................................................................................................................................................................................................................................................................................................................................................................................................................................................................................................................................................................................................................................................................................................................................................................................................................................................................................................................................................................................................................................................................................................................................................................................................................................................................................................................................................................................................................................................................................................................................................................................................................................................................................................................................................................................................................................................................................................................................................................................................................................................................................................................................................................................................................................................................................................................................................................................................................................................................................................................................................................................................................................................................................................................................................................................................................................................................................................................................................................................................................................................................................................................................................................................................................................................................................................................................................................................................................................................................................................................................................................................................................................................................................................................................................................................................................................................................................................................................................................................................................................................................................................................................................................................................................................................................................................................................................................................................................................................................................................................................................................................................................................................................................................................................................................................................................................................................................................................................................................................................................................................................................................................................................................................................................................................................................................................................................................................................................................................................................................................................................................................................................................................................................................................................................................................................................................................................................................................................................................................................................................................................................................................................................................................................................................8 ms. Memory: 120832K Free: 86331K (71%)
4 ms. Memory: 120832K Free: 85390K (71%)
2 ms. Memory: 120832K Free: 84911K (70%)
4 ms. Memory: 120832K Free: 84382K (70%)
4 ms. Memory: 120832K Free: 83887K (69%)
/home/travis/build/icyphy/ptII/ptolemy/actor/lib/test/IIR.tcl
/home/travis/build/icyphy/ptII/ptolemy/actor/lib/test/Interpolator.tcl
5 ms. Memory: 120832K Free: 79791K (66%)
2 ms. Memory: 120832K Free: 79277K (66%)
6 ms. Memory: 120832K Free: 78767K (65%)
2 ms. Memory: 120832K Free: 78238K (65%)
2 ms. Memory: 120832K Free: 77229K (64%)
2 ms. Memory: 120832K Free: 76719K (63%)
2 ms. Memory: 120832K Free: 75695K (63%)
2 ms. Memory: 120832K Free: 74671K (62%)
10 ms. Memory: 120832K Free: 73647K (61%)
2 ms. Memory: 120832K Free: 72623K (60%)
/home/travis/build/icyphy/ptII/ptolemy/actor/lib/test/MathFunction.tcl
13 ms. Memory: 120832K Free: 70575K (58%)
10 ms. Memory: 120832K Free: 69551K (58%)
3 ms. Memory: 120832K Free: 68013K (56%)
3 ms. Memory: 120832K Free: 67503K (56%)
6 ms. Memory: 120832K Free: 65965K (55%)
9 ms. Memory: 120832K Free: 64431K (53%)
/home/travis/build/icyphy/ptII/ptolemy/actor/lib/test/Maximum.tcl
8 ms. Memory: 120832K Free: 62383K (52%)
10 ms. Memory: 120832K Free: 61359K (51%)
2 ms. Memory: 120832K Free: 60830K (50%)
7 ms. Memory: 120832K Free: 60335K (50%)
/home/travis/build/icyphy/ptII/ptolemy/actor/lib/test/Minimum.tcl
16 ms. Memory: 120832K Free: 58766K (49%)
4 ms. Memory: 120832K Free: 57773K (48%)
3 ms. Memory: 120832K Free: 57263K (47%)
3 ms. Memory: 120832K Free: 56734K (47%)
/home/travis/build/icyphy/ptII/ptolemy/actor/lib/test/MultiplyDivide.tcl
11 ms. Memory: 120832K Free: 54701K (45%)
2 ms. Memory: 120832K Free: 54191K (45%)
6 ms. Memory: 120832K Free: 53167K (44%)
7 ms. Memory: 120832K Free: 52653K (44%)
7 ms. Memory: 120832K Free: 51614K (43%)
/home/travis/build/icyphy/ptII/ptolemy/actor/lib/test/OrderedMerge.tcl
Connections changed on port: inputA
Connections changed on port: inputB
Connections changed on port: output
Connections changed on port: output
Connections changed on port: output
Connections changed on port: input
.top. Preinitializing ...
Invoking preinitialize():  .top.OrderedMerge
Called preinitialize()
Invoking preinitialize():  .top.Ramp
Called preinitialize()
Invoking preinitialize():  .top.Ramp2
Called preinitialize()
Invoking preinitialize():  .top.Test
Called preinitialize()
Connections changed on port: inputA
Connections changed on port: output
Connections changed on port: inputB
Connections changed on port: output
Connections changed on port: output
Connections changed on port: input
.top. Finished preinitialize().
Called initialize().
Invoking initialize():  .top.OrderedMerge
Initializing actor: .top.OrderedMerge
Adding a thread: .top.OrderedMerge
Invoking initialize():  .top.Ramp
Initializing actor: .top.Ramp
Adding a thread: .top.Ramp
Invoking initialize():  .top.Ramp2
Initializing actor: .top.Ramp2
Adding a thread: .top.Ramp2
Invoking initialize():  .top.Test
Initializing actor: .top.Test
Adding a thread: .top.Test
Called fire().
Checking for deadlock:
-- Starting thread.
Called initialize()
Called prefire()
Called fire()
-- Starting thread.
Called initialize()
-- Starting thread.
Called initialize()
There are 0 Blocked actors, 0 Stopped actors, and 4 active threads.
Waiting for actors to stop.
Called prefire()
-- Starting thread.
Called prefire()
Called initialize()
Checking for deadlock:
There are 1 Blocked actors, 0 Stopped actors, and 4 active threads.
Waiting for actors to stop.
Called prefire()
Called fire()
Checking for deadlock:
Called fire()
There are 2 Blocked actors, 0 Stopped actors, and 4 active threads.
Waiting for actors to stop.
Called fire()
Called postfire()
Called prefire()
Called fire()
Called postfire()
Called prefire()
Called fire()
Called postfire()
Called prefire()
Called fire()
Checking for deadlock:
There are 3 Blocked actors, 0 Stopped actors, and 4 active threads.
Waiting for actors to stop.
Read input token from inputA with value 0.0
Next port to read input from is inputB
Called postfire()
Called prefire()
Called fire()
Read input token from inputB with value 0.0
Sent output token with value 0.0
Next port to read input from is inputA
Called postfire()
Called prefire()
Called fire()
Read input token from inputA with value 1.0
Called postfire()
Called prefire()
Called fire()
Called postfire()
Called prefire()
Called fire()
-- Read input: 0.0, which is expected to match: 0.0
Called prefire()
Called fire()
Checking for deadlock:
There are 3 Blocked actors, 0 Stopped actors, and 4 active threads.
Waiting for actors to stop.
Sent output token with value 0.0
-- Read input: 0.0, which is expected to match: 0.0
Called prefire()
Called fire()
Checking for deadlock:
Next port to read input from is inputB
Called postfire()
Called prefire()
There are 3 Blocked actors, 0 Stopped actors, and 4 active threads.
Waiting for actors to stop.
Called fire()
Read input token from inputB with value 1.5
Sent output token with value 1.0
Next port to read input from is inputA
Called postfire()
Called prefire()
Called fire()
Read input token from inputA with value 2.0
Called postfire()
Called prefire()
Called fire()
Called postfire()
Called prefire()
Called fire()
Checking for deadlock:
There are 3 Blocked actors, 0 Stopped actors, and 4 active threads.
Waiting for actors to stop.
-- Read input: 1.0, which is expected to match: 1.0
Called prefire()
Called fire()
-- Read input: 1.5, which is expected to match: 1.5
Sent output token with value 1.5
Called prefire()
Called fire()
Next port to read input from is inputB
Checking for deadlock:
Called postfire()
Called prefire()
Called fire()
There are 3 Blocked actors, 0 Stopped actors, and 4 active threads.
Waiting for actors to stop.
Called postfire()
Called prefire()
Called fire()
Checking for deadlock:
There are 3 Blocked actors, 0 Stopped actors, and 4 active threads.
Waiting for actors to stop.
Read input token from inputB with value 3.0
Sent output token with value 2.0
Next port to read input from is inputA
Called postfire()
Called prefire()
Called fire()
Read input token from inputA with value 3.0
Called postfire()
Called prefire()
Called fire()
-- Read input: 2.0, which is expected to match: 2.0
Called prefire()
Called fire()
Checking for deadlock:
There are 3 Blocked actors, 0 Stopped actors, and 4 active threads.
Waiting for actors to stop.
Sent output token with value 3.0
-- Read input: 3.0, which is expected to match: 3.0
Next port to read input from is inputB
Called postfire()
Called prefire()
Called fire()
Checking for deadlock:
Called prefire()
There are 2 Blocked actors, 0 Stopped actors, and 4 active threads.
Called fire()
Waiting for actors to stop.
Called postfire()
Checking for deadlock:
Called prefire()
There are 2 Blocked actors, 0 Stopped actors, and 4 active threads.
Waiting for actors to stop.
Called fire()
Checking for deadlock:
There are 3 Blocked actors, 0 Stopped actors, and 4 active threads.
Waiting for actors to stop.
Read input token from inputB with value 4.5
Sent output token with value 3.0
Next port to read input from is inputA
Called postfire()
Called prefire()
Called fire()
Read input token from inputA with value 4.0
Called postfire()
Called prefire()
Called fire()
-- Read input: 3.0, which is expected to match: 3.0
Called prefire()
Called fire()
Checking for deadlock:
There are 3 Blocked actors, 0 Stopped actors, and 4 active threads.
Waiting for actors to stop.
-- Read input: 4.0, which is expected to match: 4.0
Called prefire()
Called fire()
Past the end of training data. Read and discard all inputs.
Checking for deadlock:
There are 3 Blocked actors, 0 Stopped actors, and 4 active threads.
Waiting for actors to stop.
Sent output token with value 4.0
Next port to read input from is inputA
Called postfire()
Called prefire()
Called fire()
Called postfire()
Called prefire()
Called fire()
Checking for deadlock:
There are 3 Blocked actors, 0 Stopped actors, and 4 active threads.
Waiting for actors to stop.
Read input token from inputA with value 5.0
Called prefire()
Called fire()
Past the end of training data. Read and discard all inputs.
Checking for deadlock:
There are 3 Blocked actors, 0 Stopped actors, and 4 active threads.
Waiting for actors to stop.
Sent output token with value 4.5
Next port to read input from is inputB
Called postfire()
Called prefire()
Called fire()
Checking for deadlock:
There are 2 Blocked actors, 0 Stopped actors, and 4 active threads.
Read input token from inputB with value 6.0
Waiting for actors to stop.
Called postfire()
Called prefire()
Called fire()
Checking for deadlock:
There are 3 Blocked actors, 0 Stopped actors, and 4 active threads.
Waiting for actors to stop.
Checking for deadlock:
There are 2 Blocked actors, 0 Stopped actors, and 4 active threads.
Waiting for actors to stop.
Called prefire()
Called fire()
Past the end of training data. Read and discard all inputs.
Checking for deadlock:
Sent output token with value 5.0
There are 3 Blocked actors, 0 Stopped actors, and 4 active threads.
Waiting for actors to stop.
Next port to read input from is inputA
Called postfire()
Called prefire()
Called fire()
Checking for deadlock:
There are 2 Blocked actors, 0 Stopped actors, and 4 active threads.
Waiting for actors to stop.
Read input token from inputA with value 6.0
Called postfire()
Called prefire()
Called fire()
Checking for deadlock:
There are 3 Blocked actors, 0 Stopped actors, and 4 active threads.
Waiting for actors to stop.
Checking for deadlock:
There are 2 Blocked actors, 0 Stopped actors, and 4 active threads.
Waiting for actors to stop.
Sent output token with value 6.0
Called prefire()
Called fire()
Past the end of training data. Read and discard all inputs.
Next port to read input from is inputB
Called postfire()
Called prefire()
Called fire()
Checking for deadlock:
There are 3 Blocked actors, 0 Stopped actors, and 4 active threads.
Waiting for actors to stop.
Checking for deadlock:
Read input token from inputB with value 7.5
There are 2 Blocked actors, 0 Stopped actors, and 4 active threads.
Waiting for actors to stop.
Checking for deadlock:
There are 1 Blocked actors, 0 Stopped actors, and 4 active threads.
Waiting for actors to stop.
Called prefire()
Called fire()
Called postfire()
Past the end of training data. Read and discard all inputs.
Called prefire()
Called fire()
Checking for deadlock:
There are 2 Blocked actors, 0 Stopped actors, and 4 active threads.
Sent output token with value 6.0
Waiting for actors to stop.
Checking for deadlock:
There are 3 Blocked actors, 0 Stopped actors, and 4 active threads.
Waiting for actors to stop.
Next port to read input from is inputA
Called postfire()
Called prefire()
Called fire()
Checking for deadlock:
There are 2 Blocked actors, 0 Stopped actors, and 4 active threads.
Waiting for actors to stop.
Read input token from inputA with value 7.0
Called postfire()
Called prefire()
Called fire()
Checking for deadlock:
There are 3 Blocked actors, 0 Stopped actors, and 4 active threads.
Waiting for actors to stop.
Called prefire()
Called fire()
Sent output token with value 7.0
Past the end of training data. Read and discard all inputs.
Next port to read input from is inputA
Called postfire()
Called prefire()
Called fire()
Checking for deadlock:
There are 3 Blocked actors, 0 Stopped actors, and 4 active threads.
Waiting for actors to stop.
Checking for deadlock:
There are 2 Blocked actors, 0 Stopped actors, and 4 active threads.
Waiting for actors to stop.
-- Thread wrapup() called.
Called wrapup()
Thread .top.Ramp is exiting.
-- Thread stopped.
Checking for deadlock:
Read input token from inputA with value 8.0
There are 2 Blocked actors, 0 Stopped actors, and 3 active threads.
Waiting for actors to stop.
Called prefire()
Called fire()
Past the end of training data. Read and discard all inputs.
Checking for deadlock:
There are 2 Blocked actors, 0 Stopped actors, and 3 active threads.
Waiting for actors to stop.
Sent output token with value 7.5
Next port to read input from is inputB
Called postfire()
Called prefire()
Called fire()
Checking for deadlock:
There are 1 Blocked actors, 0 Stopped actors, and 3 active threads.
Waiting for actors to stop.
Called postfire()
Called prefire()
Called fire()
Read input token from inputB with value 9.0
Checking for deadlock:
There are 2 Blocked actors, 0 Stopped actors, and 3 active threads.
Waiting for actors to stop.
Checking for deadlock:
There are 1 Blocked actors, 0 Stopped actors, and 3 active threads.
Waiting for actors to stop.
Sent output token with value 8.0
Called prefire()
Called fire()
Past the end of training data. Read and discard all inputs.
Next port to read input from is inputA
Called postfire()
Called prefire()
Checking for deadlock:
Called fire()
There are 2 Blocked actors, 0 Stopped actors, and 3 active threads.
Waiting for actors to stop.
Read input token from inputA with value 9.0
Called prefire()
Called fire()
Past the end of training data. Read and discard all inputs.
Sent output token with value 9.0
Checking for deadlock:
There are 2 Blocked actors, 0 Stopped actors, and 3 active threads.
Waiting for actors to stop.
Next port to read input from is inputB
Called postfire()
Called prefire()
Called fire()
Checking for deadlock:
There are 1 Blocked actors, 0 Stopped actors, and 3 active threads.
Waiting for actors to stop.
Called postfire()
Called prefire()
Called fire()
Read input token from inputB with value 10.5
Checking for deadlock:
There are 2 Blocked actors, 0 Stopped actors, and 3 active threads.
Waiting for actors to stop.
Checking for deadlock:
There are 1 Blocked actors, 0 Stopped actors, and 3 active threads.
Waiting for actors to stop.
Sent output token with value 9.0
Called prefire()
Called fire()
Past the end of training data. Read and discard all inputs.
Next port to read input from is inputA
Called postfire()
Checking for deadlock:
Called prefire()
Called fire()
There are 2 Blocked actors, 0 Stopped actors, and 3 active threads.
Waiting for actors to stop.
Checking for deadlock:
There are 3 Blocked actors, 0 Stopped actors, and 3 active threads.
Actors have stopped.
Checking for deadlock:
There are 3 Blocked actors, 0 Stopped actors, and 3 active threads.
Deadlock detected.
Resolving Deadlock
Checking for deadlock:
There are 3 Blocked actors, 0 Stopped actors, and 3 active threads.
Artificial Deadlock - increasing queue capacity.
increasing the capacity of receiver ptolemy.actor.TypedIOPort {.top.OrderedMerge.inputB} to 2
-- Thread wrapup() called.
Director: Called postfire().
Called wrapup()
Called postfire().
_stopRequested = false
_stopFireRequested = false
Returning from postfire(): true
Thread .top.Ramp2 is exiting.
-- Thread stopped.
Called fire().
Checking for deadlock:
There are 2 Blocked actors, 0 Stopped actors, and 2 active threads.
Actors have stopped.
Checking for deadlock:
There are 2 Blocked actors, 0 Stopped actors, and 2 active threads.
Deadlock detected.
Resolving Deadlock
Checking for deadlock:
There are 2 Blocked actors, 0 Stopped actors, and 2 active threads.
Deadlock detected: no processes blocked on write, but some are blocked on read.
Called postfire().
_stopRequested = false
_stopFireRequested = false
Returning from postfire(): false
Finished deactivating branches.
Called wrapup().
-- Thread wrapup() called.
-- Thread wrapup() called.
Called wrapup()
Called wrapup()
Thread .top.OrderedMerge is exiting.
-- Thread stopped.
-- Blocked Receiver call threw TerminateProcessException.
Thread .top.Test is exiting.
-- Thread stopped.
-- Blocked Receiver call threw TerminateProcessException.
79 ms. Memory: 120832K Free: 101599K (84%)
.top. Preinitializing ...
Invoking preinitialize():  .top.OrderedMerge
Called preinitialize()
Invoking preinitialize():  .top.Ramp
Called preinitialize()
Invoking preinitialize():  .top.Ramp2
Called preinitialize()
Invoking preinitialize():  .top.Test
Called preinitialize()
.top. Finished preinitialize().
Called initialize().
Invoking initialize():  .top.OrderedMerge
Initializing actor: .top.OrderedMerge
Adding a thread: .top.OrderedMerge
Invoking initialize():  .top.Ramp
Initializing actor: .top.Ramp
Adding a thread: .top.Ramp
Invoking initialize():  .top.Ramp2
Initializing actor: .top.Ramp2
Adding a thread: .top.Ramp2
Invoking initialize():  .top.Test
Initializing actor: .top.Test
Adding a thread: .top.Test
-- Starting thread.
Called initialize()
Called prefire()
Called fire()
-- Starting thread.
Called initialize()
Called prefire()
Called fire()
Called postfire()
Called prefire()
Called fire()
-- Starting thread.
Called initialize()
Called prefire()
Called fire()
Called postfire()
Called prefire()
Called fire()
Called fire().
Checking for deadlock:
There are 3 Blocked actors, 0 Stopped actors, and 4 active threads.
Waiting for actors to stop.
-- Starting thread.
Called initialize()
Called prefire()
Called fire()
Read input token from inputA with value 0.0
Next port to read input from is inputB
Called postfire()
Called prefire()
Called fire()
Read input token from inputB with value 0.0
Sent output token with value 0.0
Next port to read input from is inputA
Called postfire()
Called prefire()
Called fire()
Checking for deadlock:
There are 1 Blocked actors, 0 Stopped actors, and 4 active threads.
Waiting for actors to stop.
-- Read input: 0.0, which is expected to match: 0.0
Called prefire()
Called fire()
Checking for deadlock:
There are 2 Blocked actors, 0 Stopped actors, and 4 active threads.
Waiting for actors to stop.
Called postfire()
Called prefire()
Called fire()
Read input token from inputA with value 1.0
Sent output token with value 0.0
Next port to read input from is inputB
Called postfire()
Called prefire()
Called fire()
Checking for deadlock:
There are 1 Blocked actors, 0 Stopped actors, and 4 active threads.
Waiting for actors to stop.
Called postfire()
Called prefire()
Read input token from inputB with value 1.5
Called fire()
Checking for deadlock:
There are 1 Blocked actors, 0 Stopped actors, and 4 active threads.
Waiting for actors to stop.
-- Read input: 0.0, which is expected to match: 0.0
Called prefire()
Called fire()
Checking for deadlock:
There are 1 Blocked actors, 0 Stopped actors, and 4 active threads.
Waiting for actors to stop.
Called postfire()
Called prefire()
Called fire()
Sent output token with value 1.0
Called postfire()
Next port to read input from is inputA
Called prefire()
Called postfire()
Called fire()
Checking for deadlock:
There are 1 Blocked actors, 0 Stopped actors, and 4 active threads.
Waiting for actors to stop.
Called prefire()
Called fire()
Read input token from inputA with value 2.0
-- Read input: 1.0, which is expected to match: 1.0
Called prefire()
Called fire()
Sent output token with value 1.5
Next port to read input from is inputB
Called postfire()
-- Read input: 1.5, which is expected to match: 1.5
Called prefire()
Called prefire()
Called fire()
Checking for deadlock:
Called postfire()
There are 2 Blocked actors, 0 Stopped actors, and 4 active threads.
Called prefire()
Waiting for actors to stop.
Called fire()
Called fire()
Called postfire()
Called prefire()
Read input token from inputB with value 3.0
Called fire()
Sent output token with value 2.0
Next port to read input from is inputA
Called postfire()
Called prefire()
Called fire()
Read input token from inputA with value 3.0
Checking for deadlock:
There are 2 Blocked actors, 0 Stopped actors, and 4 active threads.
Waiting for actors to stop.
-- Read input: 2.0, which is expected to match: 2.0
Called prefire()
Called fire()
Called postfire()
Called prefire()
Called fire()
Checking for deadlock:
There are 3 Blocked actors, 0 Stopped actors, and 4 active threads.
Waiting for actors to stop.
Sent output token with value 3.0
Next port to read input from is inputB
Called postfire()
Called prefire()
Called fire()
Read input token from inputB with value 4.5
Checking for deadlock:
There are 2 Blocked actors, 0 Stopped actors, and 4 active threads.
Waiting for actors to stop.
-- Read input: 3.0, which is expected to match: 3.0
Called prefire()
Called fire()
Checking for deadlock:
There are 2 Blocked actors, 0 Stopped actors, and 4 active threads.
Waiting for actors to stop.
Called postfire()
Sent output token with value 3.0
Called prefire()
Called fire()
Next port to read input from is inputA
Called postfire()
Called prefire()
Called fire()
Read input token from inputA with value 4.0
Checking for deadlock:
There are 2 Blocked actors, 0 Stopped actors, and 4 active threads.
Waiting for actors to stop.
-- Read input: 3.0, which is expected to match: 3.0
Called prefire()
Called fire()
Called postfire()
Called prefire()
Called fire()
Checking for deadlock:
There are 2 Blocked actors, 0 Stopped actors, and 4 active threads.
Waiting for actors to stop.
Sent output token with value 4.0
Next port to read input from is inputA
-- Read input: 4.0, which is expected to match: 4.0
Called prefire()
Called fire()
Past the end of training data. Read and discard all inputs.
Checking for deadlock:
There are 3 Blocked actors, 0 Stopped actors, and 4 active threads.
Waiting for actors to stop.
Called postfire()
Called prefire()
Called fire()
Called postfire()
Called prefire()
Read input token from inputA with value 5.0
Called fire()
Sent output token with value 4.5
Next port to read input from is inputB
Called postfire()
Called prefire()
Called fire()
Read input token from inputB with value 6.0
Checking for deadlock:
There are 2 Blocked actors, 0 Stopped actors, and 4 active threads.
Waiting for actors to stop.
Called postfire()
Called prefire()
Called fire()
Checking for deadlock:
Called prefire()
There are 2 Blocked actors, 0 Stopped actors, and 4 active threads.
Called fire()
Waiting for actors to stop.
Past the end of training data. Read and discard all inputs.
Sent output token with value 5.0
Called prefire()
Called fire()
Past the end of training data. Read and discard all inputs.
Next port to read input from is inputA
Called postfire()
Called prefire()
Called fire()
Read input token from inputA with value 6.0
Sent output token with value 6.0
Next port to read input from is inputB
Called postfire()
Called prefire()
Called fire()
Read input token from inputB with value 7.5
Checking for deadlock:
There are 1 Blocked actors, 0 Stopped actors, and 4 active threads.
Waiting for actors to stop.
Called prefire()
Called fire()
Past the end of training data. Read and discard all inputs.
Called postfire()
Called prefire()
Called fire()
Called postfire()
Called prefire()
Called fire()
Checking for deadlock:
There are 3 Blocked actors, 0 Stopped actors, and 4 active threads.
Waiting for actors to stop.
Sent output token with value 6.0
Next port to read input from is inputA
Called postfire()
Called prefire()
Called fire()
Read input token from inputA with value 7.0
Checking for deadlock:
There are 2 Blocked actors, 0 Stopped actors, and 4 active threads.
Waiting for actors to stop.
Called prefire()
Called fire()
Past the end of training data. Read and discard all inputs.
Called postfire()
Called prefire()
Called fire()
Checking for deadlock:
There are 3 Blocked actors, 0 Stopped actors, and 4 active threads.
Waiting for actors to stop.
Sent output token with value 7.0
Next port to read input from is inputA
Called postfire()
Called prefire()
Called fire()
Read input token from inputA with value 8.0
Checking for deadlock:
There are 2 Blocked actors, 0 Stopped actors, and 4 active threads.
Waiting for actors to stop.
Called prefire()
Called fire()
Past the end of training data. Read and discard all inputs.
Checking for deadlock:
There are 2 Blocked actors, 0 Stopped actors, and 4 active threads.
Waiting for actors to stop.
-- Thread wrapup() called.
Called wrapup()
Sent output token with value 7.5
Thread .top.Ramp is exiting.
-- Thread stopped.
Next port to read input from is inputB
Called postfire()
Called prefire()
Called fire()
Read input token from inputB with value 9.0
Checking for deadlock:
Called postfire()
There are 1 Blocked actors, 0 Stopped actors, and 3 active threads.
Called prefire()
Waiting for actors to stop.
Called fire()
Checking for deadlock:
Called prefire()
There are 1 Blocked actors, 0 Stopped actors, and 3 active threads.
Called fire()
Waiting for actors to stop.
Past the end of training data. Read and discard all inputs.
Called prefire()
Sent output token with value 8.0
Called fire()
Past the end of training data. Read and discard all inputs.
Next port to read input from is inputA
Called postfire()
Called prefire()
Called fire()
Read input token from inputA with value 9.0
Sent output token with value 9.0
Next port to read input from is inputB
Called postfire()
Called prefire()
Called fire()
Read input token from inputB with value 10.5
Checking for deadlock:
There are 1 Blocked actors, 0 Stopped actors, and 3 active threads.
Waiting for actors to stop.
Called prefire()
Called fire()
Past the end of training data. Read and discard all inputs.
Checking for deadlock:
There are 1 Blocked actors, 0 Stopped actors, and 3 active threads.
Waiting for actors to stop.
Called postfire()
Called prefire()
Called fire()
Sent output token with value 9.0
Called prefire()
Called fire()
Next port to read input from is inputA
Past the end of training data. Read and discard all inputs.
Called postfire()
Called prefire()
Called fire()
Checking for deadlock:
There are 3 Blocked actors, 0 Stopped actors, and 3 active threads.
Actors have stopped.
Checking for deadlock:
There are 3 Blocked actors, 0 Stopped actors, and 3 active threads.
Deadlock detected.
Resolving Deadlock
Checking for deadlock:
There are 3 Blocked actors, 0 Stopped actors, and 3 active threads.
Artificial Deadlock - increasing queue capacity.
increasing the capacity of receiver ptolemy.actor.TypedIOPort {.top.OrderedMerge.inputB} to 2
Director: Called postfire().
Called postfire().
_stopRequested = false
_stopFireRequested = false
Returning from postfire(): true
Called fire().
Checking for deadlock:
There are 2 Blocked actors, 0 Stopped actors, and 3 active threads.
Waiting for actors to stop.
-- Thread wrapup() called.
Called wrapup()
Thread .top.Ramp2 is exiting.
-- Thread stopped.
Checking for deadlock:
There are 2 Blocked actors, 0 Stopped actors, and 2 active threads.
Actors have stopped.
Checking for deadlock:
There are 2 Blocked actors, 0 Stopped actors, and 2 active threads.
Deadlock detected.
Resolving Deadlock
Checking for deadlock:
There are 2 Blocked actors, 0 Stopped actors, and 2 active threads.
Deadlock detected: no processes blocked on write, but some are blocked on read.
Called postfire().
_stopRequested = false
_stopFireRequested = false
Returning from postfire(): false
Finished deactivating branches.
Called wrapup().
-- Thread wrapup() called.
Called wrapup()
-- Thread wrapup() called.
Called wrapup()
Thread .top.Test is exiting.
-- Thread stopped.
-- Blocked Receiver call threw TerminateProcessException.
Thread .top.OrderedMerge is exiting.
-- Thread stopped.
-- Blocked Receiver call threw TerminateProcessException.
39 ms. Memory: 120832K Free: 98970K (82%)
/home/travis/build/icyphy/ptII/ptolemy/actor/lib/test/Publisher.tcl
15 ms. Memory: 120832K Free: 92893K (77%)
8 ms. Memory: 120832K Free: 87263K (72%)
3 ms. Memory: 120832K Free: 102957K (85%)
16 ms. Memory: 120832K Free: 102367K (85%)
3 ms. Memory: 120832K Free: 101405K (84%)
15 ms. Memory: 120832K Free: 100395K (83%)
2 ms. Memory: 120832K Free: 99885K (83%)
6 ms. Memory: 120832K Free: 98861K (82%)
16 ms. Memory: 120832K Free: 89131K (74%)
4 ms. Memory: 120832K Free: 85029K (70%)
3 ms. Memory: 120832K Free: 84525K (70%)
3 ms. Memory: 120832K Free: 81963K (68%)
6 ms. Memory: 120832K Free: 74285K (61%)
6 ms. Memory: 120832K Free: 64555K (53%)
6 ms. Memory: 120832K Free: 53805K (45%)
/home/travis/build/icyphy/ptII/ptolemy/actor/lib/test/Pulse.tcl
2 ms. Memory: 146432K Free: 94178K (64%)
2 ms. Memory: 146432K Free: 93658K (64%)
1 ms. Memory: 146432K Free: 93154K (64%)
13 ms. Memory: 146432K Free: 92640K (63%)
1 ms. Memory: 146432K Free: 92130K (63%)
11 ms. Memory: 146432K Free: 90592K (62%)
2 ms. Memory: 146432K Free: 89568K (61%)
3 ms. Memory: 146432K Free: 89058K (61%)
1 ms. Memory: 146432K Free: 88544K (60%)
/home/travis/build/icyphy/ptII/ptolemy/actor/lib/test/Ramp.tcl
7 ms. Memory: 146432K Free: 86482K (59%)
4 ms. Memory: 146432K Free: 85472K (58%)
2 ms. Memory: 146432K Free: 84962K (58%)
2 ms. Memory: 146432K Free: 83938K (57%)
5 ms. Memory: 146432K Free: 83410K (57%)
8 ms. Memory: 146432K Free: 82386K (56%)
6 ms. Memory: 146432K Free: 81376K (56%)
5 actors
5000 microseconds per iteration to create
10 ms. Memory: 146432K Free: 78818K (54%)
2 ms. Memory: 146432K Free: 78274K (53%)
8 ms. Memory: 146432K Free: 77794K (53%)
2 ms. Memory: 146432K Free: 77250K (53%)
50 actors
48000 microseconds per iteration to create
43 ms. Memory: 146432K Free: 125871K (86%)
5 ms. Memory: 146432K Free: 124847K (85%)
5 ms. Memory: 146432K Free: 123823K (85%)
4 ms. Memory: 146432K Free: 122799K (84%)
500 actors
1789000 microseconds per iteration to create
268 ms. Memory: 146432K Free: 97654K (67%)
38 ms. Memory: 146432K Free: 92534K (63%)
62 ms. Memory: 146432K Free: 86900K (59%)
57 ms. Memory: 146432K Free: 81780K (56%)
/home/travis/build/icyphy/ptII/ptolemy/actor/lib/test/RampContinuous.tcl
8 ms. Memory: 146432K Free: 80246K (55%)
/home/travis/build/icyphy/ptII/ptolemy/actor/lib/test/RecordAssembler.tcl
5 ms. Memory: 146432K Free: 78693K (54%)
4 ms. Memory: 146432K Free: 77684K (53%)
/home/travis/build/icyphy/ptII/ptolemy/actor/lib/test/RecordDisassembler.tcl
11 ms. Memory: 146432K Free: 76150K (52%)
4 ms. Memory: 146432K Free: 75126K (51%)
7 ms. Memory: 146432K Free: 74102K (51%)
/home/travis/build/icyphy/ptII/ptolemy/actor/lib/test/Scale.tcl
2 ms. Memory: 146432K Free: 72054K (49%)
1 ms. Memory: 146432K Free: 71525K (49%)
2 ms. Memory: 146432K Free: 70509K (48%)
2 ms. Memory: 146432K Free: 70006K (48%)
3 ms. Memory: 146432K Free: 68982K (47%)
/home/travis/build/icyphy/ptII/ptolemy/actor/lib/test/SequentialClock.tcl
preinitializing
resolving types
initializing
executing number 1
wrapping up
idle
4 ms. Memory: 146432K Free: 67413K (46%)
Completed execution with 5 iterations
preinitializing
resolving types
initializing
executing number 1
wrapping up
idle
1 ms. Memory: 146432K Free: 66934K (46%)
Completed execution with 5 iterations
preinitializing
resolving types
initializing
executing number 1
wrapping up
idle
1 ms. Memory: 146432K Free: 66405K (45%)
Completed execution with 5 iterations
/home/travis/build/icyphy/ptII/ptolemy/actor/lib/test/SetVariable.tcl
4 ms. Memory: 146432K Free: 64886K (44%)


==== $PTII/ptolemy/actor/lib/test/SetVariable.tcl: SetVariable-3.1 changeFailed
==== Contents of test case:

    #Uses 2.1 above
    jdkCaptureErr {
        # This test was failing if we ran Exit.tcl and then this test.
        # MessageHandler.error() now actually throws the Exception.
	catch {$setVariable changeFailed [java::null]  [java::new Exception {Test exception for SetVariable.changeFailed()}]} errMsg
    } results
    list [string range $results 0 89] "\n" $errMsg

==== Result was:
{java.lang.Exception: Test exception for SetVariable.changeFailed()
	at java.base/jdk.inter} {
} {java.lang.RuntimeException: java.lang.Exception: Test exception for SetVariable.changeFailed()}
---- Result should have been:
{Failed to set variable.
java.lang.Exception: Test exception for SetVariable.changeFailed()} {
} {java.lang.RuntimeException: java.lang.Exception: Test exception for SetVariable.changeFailed()}
---- SetVariable-3.1 FAILED
/home/travis/build/icyphy/ptII/ptolemy/actor/lib/test/Sinewave.tcl
/home/travis/build/icyphy/ptII/ptolemy/actor/lib/test/SubscriptionAggregator.tcl
4 ms. Memory: 146432K Free: 52598K (36%)
2 ms. Memory: 146432K Free: 52069K (36%)
1 ms. Memory: 146432K Free: 51574K (35%)
18 ms. Memory: 197632K Free: 174437K (88%)
2 ms. Memory: 197632K Free: 170870K (86%)
9 ms. Memory: 197632K Free: 168822K (85%)
...............................................................1265 ms. Memory: 278528K Free: 132676K (48%)
/home/travis/build/icyphy/ptII/ptolemy/actor/lib/test/Test.tcl
 The next command will produce a warning about training mode,
   which may be ignored.
5 ms. Memory: 278528K Free: 130628K (47%)
8 ms. Memory: 278528K Free: 129604K (47%)
2 ms. Memory: 278528K Free: 129076K (46%)
1 ms. Memory: 278528K Free: 128580K (46%)
1 ms. Memory: 278528K Free: 128066K (46%)
3 ms. Memory: 278528K Free: 126532K (45%)
3 ms. Memory: 278528K Free: 125508K (45%)
 The next command will produce a warning about training mode,
   which may be ignored.
3 ms. Memory: 278528K Free: 122940K (44%)
 The next command will produce a warning about training mode,
   which may be ignored.
3 ms. Memory: 278528K Free: 121922K (44%)
1 ms. Memory: 278528K Free: 121412K (44%)
1 ms. Memory: 278528K Free: 120884K (43%)
2 ms. Memory: 278528K Free: 120388K (43%)
8 ms. Memory: 278528K Free: 119364K (43%)
14 ms. Memory: 278528K Free: 115748K (42%)
/home/travis/build/icyphy/ptII/ptolemy/actor/lib/test/TestExceptionHandler.tcl
 The next command will produce a warning about training mode,
   which may be ignored.
3 ms. Memory: 278528K Free: 114244K (41%)
1 ms. Memory: 278528K Free: 113700K (41%)
1 ms. Memory: 278528K Free: 113220K (41%)
/home/travis/build/icyphy/ptII/ptolemy/actor/lib/test/UnionDisassembler.tcl
23 ms. Memory: 278528K Free: 106052K (38%)
/home/travis/build/icyphy/ptII/ptolemy/actor/lib/test/VariableClock.tcl
preinitializing
resolving types
initializing
executing number 1
wrapping up
idle
10 ms. Memory: 278528K Free: 104004K (37%)
Completed execution with 11 iterations
preinitializing
resolving types
initializing
executing number 1
wrapping up
idle
3 ms. Memory: 278528K Free: 102466K (37%)
Completed execution with 10 iterations
07/18/19 06:41:48
Failed: 1  Total Tests: 234  ((Passed: 233, Newly Passed: 0)  Known Failed: 0) /home/travis/build/icyphy/ptII/ptolemy/actor/lib/test
----------------- testing (KnownFailure) /home/travis/build/icyphy/ptII/ptolemy/actor/lib/test/auto/knownFailedTests/PublisherPortToplevelSubscriber.xml
0 ms. Memory: 278528K Free: 99394K (36%)
Known Failure: java.lang.reflect.InvocationTargetException
----------------- testing (KnownFailure) /home/travis/build/icyphy/ptII/ptolemy/actor/lib/test/auto/knownFailedTests/PublisherSubscriberPortToplevel.xml
0 ms. Memory: 278528K Free: 95298K (34%)
Known Failure: java.lang.reflect.InvocationTargetException
----------------- testing (KnownFailure) /home/travis/build/icyphy/ptII/ptolemy/actor/lib/test/auto/knownFailedTests/PublisherSubscriptionAggregatorPort.xml
0 ms. Memory: 278528K Free: 229442K (82%)
Known Failure: java.lang.reflect.InvocationTargetException
----------------- testing (KnownFailure) /home/travis/build/icyphy/ptII/ptolemy/actor/lib/test/auto/knownFailedTests/sizedarray3.xml
7 ms. Memory: 278528K Free: 224836K (81%)
Known Failure: java.lang.reflect.InvocationTargetException
No auto/linux-amd64/*.xml tests in /home/travis/build/icyphy/ptII/ptolemy/actor/lib/test
AutoTests.java: About to close Vertx.
AutoTests.java: Vertx closed.

===========================================================================================
----------------- testing Thu Jul 18 06:41:49 UTC 2019 /home/travis/build/icyphy/ptII/ptolemy/actor/lib/test/auto/AbsoluteValue.xml
----------------- Instantiating /home/travis/build/icyphy/ptII/ptolemy/actor/lib/test/auto/AbsoluteValue.xml
29 ms. Memory: 278528K Free: 202308K (73%)
----------------- Invoking toplevel() on ptolemy.moml.MoMLSimpleApplication@1ae3f77e
----------------- Done invoking toplevel() on ptolemy.moml.MoMLSimpleApplication@1ae3f77e
reloadAllAccessors: .AbsoluteValue

===========================================================================================
----------------- testing Thu Jul 18 06:41:49 UTC 2019 /home/travis/build/icyphy/ptII/ptolemy/actor/lib/test/auto/AbsoluteValue2.xml
----------------- Instantiating /home/travis/build/icyphy/ptII/ptolemy/actor/lib/test/auto/AbsoluteValue2.xml
6 ms. Memory: 278528K Free: 195650K (70%)
----------------- Invoking toplevel() on ptolemy.moml.MoMLSimpleApplication@31aea244
----------------- Done invoking toplevel() on ptolemy.moml.MoMLSimpleApplication@31aea244
reloadAllAccessors: .AbsoluteValue2

===========================================================================================
----------------- testing Thu Jul 18 06:41:49 UTC 2019 /home/travis/build/icyphy/ptII/ptolemy/actor/lib/test/auto/Accumulator.xml
----------------- Instantiating /home/travis/build/icyphy/ptII/ptolemy/actor/lib/test/auto/Accumulator.xml
6 ms. Memory: 278528K Free: 188996K (68%)
----------------- Invoking toplevel() on ptolemy.moml.MoMLSimpleApplication@6b1ad049
----------------- Done invoking toplevel() on ptolemy.moml.MoMLSimpleApplication@6b1ad049
reloadAllAccessors: .Accumulator

===========================================================================================
----------------- testing Thu Jul 18 06:41:49 UTC 2019 /home/travis/build/icyphy/ptII/ptolemy/actor/lib/test/auto/Accumulator2.xml
----------------- Instantiating /home/travis/build/icyphy/ptII/ptolemy/actor/lib/test/auto/Accumulator2.xml
4 ms. Memory: 278528K Free: 184386K (66%)
----------------- Invoking toplevel() on ptolemy.moml.MoMLSimpleApplication@4bc2a48f
----------------- Done invoking toplevel() on ptolemy.moml.MoMLSimpleApplication@4bc2a48f
reloadAllAccessors: .Accumulator2

===========================================================================================
----------------- testing Thu Jul 18 06:41:49 UTC 2019 /home/travis/build/icyphy/ptII/ptolemy/actor/lib/test/auto/Accumulator3.xml
----------------- Instantiating /home/travis/build/icyphy/ptII/ptolemy/actor/lib/test/auto/Accumulator3.xml
3 ms. Memory: 278528K Free: 179266K (64%)
----------------- Invoking toplevel() on ptolemy.moml.MoMLSimpleApplication@18adbf56
----------------- Done invoking toplevel() on ptolemy.moml.MoMLSimpleApplication@18adbf56
reloadAllAccessors: .Accumulator3

===========================================================================================
----------------- testing Thu Jul 18 06:41:49 UTC 2019 /home/travis/build/icyphy/ptII/ptolemy/actor/lib/test/auto/ArrayAppend.xml
----------------- Instantiating /home/travis/build/icyphy/ptII/ptolemy/actor/lib/test/auto/ArrayAppend.xml
5 ms. Memory: 278528K Free: 173122K (62%)
----------------- Invoking toplevel() on ptolemy.moml.MoMLSimpleApplication@63528e92
----------------- Done invoking toplevel() on ptolemy.moml.MoMLSimpleApplication@63528e92
reloadAllAccessors: .ArrayAppend

===========================================================================================
----------------- testing Thu Jul 18 06:41:49 UTC 2019 /home/travis/build/icyphy/ptII/ptolemy/actor/lib/test/auto/ArrayAppend2.xml
----------------- Instantiating /home/travis/build/icyphy/ptII/ptolemy/actor/lib/test/auto/ArrayAppend2.xml
682 ms. Memory: 278528K Free: 90692K (33%)
----------------- Invoking toplevel() on ptolemy.moml.MoMLSimpleApplication@6b44803c
----------------- Done invoking toplevel() on ptolemy.moml.MoMLSimpleApplication@6b44803c
reloadAllAccessors: .ArrayAppend2

===========================================================================================
----------------- testing Thu Jul 18 06:41:50 UTC 2019 /home/travis/build/icyphy/ptII/ptolemy/actor/lib/test/auto/ArrayAppend3.xml
----------------- Instantiating /home/travis/build/icyphy/ptII/ptolemy/actor/lib/test/auto/ArrayAppend3.xml
4 ms. Memory: 278528K Free: 85058K (31%)
----------------- Invoking toplevel() on ptolemy.moml.MoMLSimpleApplication@41189c53
----------------- Done invoking toplevel() on ptolemy.moml.MoMLSimpleApplication@41189c53
reloadAllAccessors: .ArrayAppend3

===========================================================================================
----------------- testing Thu Jul 18 06:41:50 UTC 2019 /home/travis/build/icyphy/ptII/ptolemy/actor/lib/test/auto/ArrayAppend4.xml
----------------- Instantiating /home/travis/build/icyphy/ptII/ptolemy/actor/lib/test/auto/ArrayAppend4.xml
2 ms. Memory: 278528K Free: 225944K (81%)
----------------- Invoking toplevel() on ptolemy.moml.MoMLSimpleApplication@2e1e4fb7
----------------- Done invoking toplevel() on ptolemy.moml.MoMLSimpleApplication@2e1e4fb7
reloadAllAccessors: .ArrayAppend4

===========================================================================================
----------------- testing Thu Jul 18 06:41:50 UTC 2019 /home/travis/build/icyphy/ptII/ptolemy/actor/lib/test/auto/ArrayAppend5.xml
----------------- Instantiating /home/travis/build/icyphy/ptII/ptolemy/actor/lib/test/auto/ArrayAppend5.xml
2 ms. Memory: 278528K Free: 220314K (79%)
----------------- Invoking toplevel() on ptolemy.moml.MoMLSimpleApplication@5fc668b1
----------------- Done invoking toplevel() on ptolemy.moml.MoMLSimpleApplication@5fc668b1
reloadAllAccessors: .ArrayAppend5

===========================================================================================
----------------- testing Thu Jul 18 06:41:50 UTC 2019 /home/travis/build/icyphy/ptII/ptolemy/actor/lib/test/auto/ArrayAppend6.xml
----------------- Instantiating /home/travis/build/icyphy/ptII/ptolemy/actor/lib/test/auto/ArrayAppend6.xml
5 ms. Memory: 278528K Free: 215194K (77%)
----------------- Invoking toplevel() on ptolemy.moml.MoMLSimpleApplication@479d8324
----------------- Done invoking toplevel() on ptolemy.moml.MoMLSimpleApplication@479d8324
reloadAllAccessors: .ArrayAppend6

===========================================================================================
----------------- testing Thu Jul 18 06:41:50 UTC 2019 /home/travis/build/icyphy/ptII/ptolemy/actor/lib/test/auto/ArrayAppendPerformanceTest.xml
----------------- Instantiating /home/travis/build/icyphy/ptII/ptolemy/actor/lib/test/auto/ArrayAppendPerformanceTest.xml
35 ms. Memory: 278528K Free: 204440K (73%)
----------------- Invoking toplevel() on ptolemy.moml.MoMLSimpleApplication@2a065bb3
----------------- Done invoking toplevel() on ptolemy.moml.MoMLSimpleApplication@2a065bb3
reloadAllAccessors: .ArrayAppendPerformanceTest

===========================================================================================
----------------- testing Thu Jul 18 06:41:50 UTC 2019 /home/travis/build/icyphy/ptII/ptolemy/actor/lib/test/auto/ArrayAppendWithEmptyInput.xml
----------------- Instantiating /home/travis/build/icyphy/ptII/ptolemy/actor/lib/test/auto/ArrayAppendWithEmptyInput.xml
12 ms. Memory: 278528K Free: 196762K (71%)
----------------- Invoking toplevel() on ptolemy.moml.MoMLSimpleApplication@7dd3221
----------------- Done invoking toplevel() on ptolemy.moml.MoMLSimpleApplication@7dd3221
reloadAllAccessors: .ArrayAppendWithEmptyInput

===========================================================================================
----------------- testing Thu Jul 18 06:41:50 UTC 2019 /home/travis/build/icyphy/ptII/ptolemy/actor/lib/test/auto/ArrayAverage.xml
----------------- Instantiating /home/travis/build/icyphy/ptII/ptolemy/actor/lib/test/auto/ArrayAverage.xml
8 ms. Memory: 278528K Free: 189594K (68%)
----------------- Invoking toplevel() on ptolemy.moml.MoMLSimpleApplication@69dcfa3a
----------------- Done invoking toplevel() on ptolemy.moml.MoMLSimpleApplication@69dcfa3a
reloadAllAccessors: .ArrayAverage

===========================================================================================
----------------- testing Thu Jul 18 06:41:51 UTC 2019 /home/travis/build/icyphy/ptII/ptolemy/actor/lib/test/auto/ArrayContains.xml
----------------- Instantiating /home/travis/build/icyphy/ptII/ptolemy/actor/lib/test/auto/ArrayContains.xml
9 ms. Memory: 278528K Free: 183450K (66%)
----------------- Invoking toplevel() on ptolemy.moml.MoMLSimpleApplication@28db785
----------------- Done invoking toplevel() on ptolemy.moml.MoMLSimpleApplication@28db785
reloadAllAccessors: .ArrayContains

===========================================================================================
----------------- testing Thu Jul 18 06:41:51 UTC 2019 /home/travis/build/icyphy/ptII/ptolemy/actor/lib/test/auto/ArrayElement.xml
----------------- Instantiating /home/travis/build/icyphy/ptII/ptolemy/actor/lib/test/auto/ArrayElement.xml
5 ms. Memory: 278528K Free: 177816K (64%)
----------------- Invoking toplevel() on ptolemy.moml.MoMLSimpleApplication@1f5d7a7f
----------------- Done invoking toplevel() on ptolemy.moml.MoMLSimpleApplication@1f5d7a7f
reloadAllAccessors: .ArrayElement

===========================================================================================
----------------- testing Thu Jul 18 06:41:51 UTC 2019 /home/travis/build/icyphy/ptII/ptolemy/actor/lib/test/auto/ArrayElementAsMatrix.xml
----------------- Instantiating /home/travis/build/icyphy/ptII/ptolemy/actor/lib/test/auto/ArrayElementAsMatrix.xml
17 ms. Memory: 278528K Free: 167576K (60%)
----------------- Invoking toplevel() on ptolemy.moml.MoMLSimpleApplication@4508660b
----------------- Done invoking toplevel() on ptolemy.moml.MoMLSimpleApplication@4508660b
reloadAllAccessors: .ArrayElementAsMatrix

===========================================================================================
----------------- testing Thu Jul 18 06:41:51 UTC 2019 /home/travis/build/icyphy/ptII/ptolemy/actor/lib/test/auto/ArrayElementI.xml
----------------- Instantiating /home/travis/build/icyphy/ptII/ptolemy/actor/lib/test/auto/ArrayElementI.xml
3 ms. Memory: 278528K Free: 162456K (58%)
----------------- Invoking toplevel() on ptolemy.moml.MoMLSimpleApplication@5dbcc4ae
----------------- Done invoking toplevel() on ptolemy.moml.MoMLSimpleApplication@5dbcc4ae
reloadAllAccessors: .ArrayElementI

===========================================================================================
----------------- testing Thu Jul 18 06:41:51 UTC 2019 /home/travis/build/icyphy/ptII/ptolemy/actor/lib/test/auto/ArrayExtract.xml
----------------- Instantiating /home/travis/build/icyphy/ptII/ptolemy/actor/lib/test/auto/ArrayExtract.xml
5 ms. Memory: 278528K Free: 153754K (55%)
----------------- Invoking toplevel() on ptolemy.moml.MoMLSimpleApplication@43ada470
----------------- Done invoking toplevel() on ptolemy.moml.MoMLSimpleApplication@43ada470
reloadAllAccessors: .ArrayExtract

===========================================================================================
----------------- testing Thu Jul 18 06:41:51 UTC 2019 /home/travis/build/icyphy/ptII/ptolemy/actor/lib/test/auto/ArrayExtract2.xml
----------------- Instantiating /home/travis/build/icyphy/ptII/ptolemy/actor/lib/test/auto/ArrayExtract2.xml
2 ms. Memory: 278528K Free: 149144K (54%)
----------------- Invoking toplevel() on ptolemy.moml.MoMLSimpleApplication@2b933dbb
----------------- Done invoking toplevel() on ptolemy.moml.MoMLSimpleApplication@2b933dbb
reloadAllAccessors: .ArrayExtract2

===========================================================================================
----------------- testing Thu Jul 18 06:41:51 UTC 2019 /home/travis/build/icyphy/ptII/ptolemy/actor/lib/test/auto/ArrayLength.xml
----------------- Instantiating /home/travis/build/icyphy/ptII/ptolemy/actor/lib/test/auto/ArrayLength.xml
2 ms. Memory: 278528K Free: 145048K (52%)
----------------- Invoking toplevel() on ptolemy.moml.MoMLSimpleApplication@2615b104
----------------- Done invoking toplevel() on ptolemy.moml.MoMLSimpleApplication@2615b104
reloadAllAccessors: .ArrayLength

===========================================================================================
----------------- testing Thu Jul 18 06:41:51 UTC 2019 /home/travis/build/icyphy/ptII/ptolemy/actor/lib/test/auto/ArrayLevelCrossing.xml
----------------- Instantiating /home/travis/build/icyphy/ptII/ptolemy/actor/lib/test/auto/ArrayLevelCrossing.xml
7 ms. Memory: 278528K Free: 136856K (49%)
----------------- Invoking toplevel() on ptolemy.moml.MoMLSimpleApplication@533c9edb
----------------- Done invoking toplevel() on ptolemy.moml.MoMLSimpleApplication@533c9edb
reloadAllAccessors: .ArrayLevelCrossing

===========================================================================================
----------------- testing Thu Jul 18 06:41:51 UTC 2019 /home/travis/build/icyphy/ptII/ptolemy/actor/lib/test/auto/ArrayLevelCrossing2.xml
----------------- Instantiating /home/travis/build/icyphy/ptII/ptolemy/actor/lib/test/auto/ArrayLevelCrossing2.xml
3 ms. Memory: 278528K Free: 129178K (46%)
----------------- Invoking toplevel() on ptolemy.moml.MoMLSimpleApplication@4df62927
----------------- Done invoking toplevel() on ptolemy.moml.MoMLSimpleApplication@4df62927
reloadAllAccessors: .ArrayLevelCrossing2

===========================================================================================
----------------- testing Thu Jul 18 06:41:51 UTC 2019 /home/travis/build/icyphy/ptII/ptolemy/actor/lib/test/auto/ArrayPeakSearch.xml
----------------- Instantiating /home/travis/build/icyphy/ptII/ptolemy/actor/lib/test/auto/ArrayPeakSearch.xml
11 ms. Memory: 278528K Free: 120472K (43%)
----------------- Invoking toplevel() on ptolemy.moml.MoMLSimpleApplication@13f6da20
----------------- Done invoking toplevel() on ptolemy.moml.MoMLSimpleApplication@13f6da20
reloadAllAccessors: .ArrayPeakSearch

===========================================================================================
----------------- testing Thu Jul 18 06:41:51 UTC 2019 /home/travis/build/icyphy/ptII/ptolemy/actor/lib/test/auto/ArrayPeakSearch2.xml
----------------- Instantiating /home/travis/build/icyphy/ptII/ptolemy/actor/lib/test/auto/ArrayPeakSearch2.xml
8 ms. Memory: 278528K Free: 110201K (40%)
----------------- Invoking toplevel() on ptolemy.moml.MoMLSimpleApplication@710fe625
----------------- Done invoking toplevel() on ptolemy.moml.MoMLSimpleApplication@710fe625
reloadAllAccessors: .ArrayPeakSearch2

===========================================================================================
----------------- testing Thu Jul 18 06:41:51 UTC 2019 /home/travis/build/icyphy/ptII/ptolemy/actor/lib/test/auto/ArrayPeakSearch3.xml
----------------- Instantiating /home/travis/build/icyphy/ptII/ptolemy/actor/lib/test/auto/ArrayPeakSearch3.xml
6 ms. Memory: 278528K Free: 101016K (36%)
----------------- Invoking toplevel() on ptolemy.moml.MoMLSimpleApplication@6fd669c7
----------------- Done invoking toplevel() on ptolemy.moml.MoMLSimpleApplication@6fd669c7
reloadAllAccessors: .ArrayPeakSearch3

===========================================================================================
----------------- testing Thu Jul 18 06:41:51 UTC 2019 /home/travis/build/icyphy/ptII/ptolemy/actor/lib/test/auto/ArrayRemoveElement.xml
----------------- Instantiating /home/travis/build/icyphy/ptII/ptolemy/actor/lib/test/auto/ArrayRemoveElement.xml
3 ms. Memory: 278528K Free: 93338K (34%)
----------------- Invoking toplevel() on ptolemy.moml.MoMLSimpleApplication@4f9ac1fd
----------------- Done invoking toplevel() on ptolemy.moml.MoMLSimpleApplication@4f9ac1fd
reloadAllAccessors: .ArrayRemoveElement

===========================================================================================
----------------- testing Thu Jul 18 06:41:51 UTC 2019 /home/travis/build/icyphy/ptII/ptolemy/actor/lib/test/auto/ArraySort.xml
----------------- Instantiating /home/travis/build/icyphy/ptII/ptolemy/actor/lib/test/auto/ArraySort.xml
7 ms. Memory: 278528K Free: 84122K (30%)
----------------- Invoking toplevel() on ptolemy.moml.MoMLSimpleApplication@22d7c3d4
----------------- Done invoking toplevel() on ptolemy.moml.MoMLSimpleApplication@22d7c3d4
reloadAllAccessors: .ArraySort

===========================================================================================
----------------- testing Thu Jul 18 06:41:51 UTC 2019 /home/travis/build/icyphy/ptII/ptolemy/actor/lib/test/auto/ArraySum.xml
----------------- Instantiating /home/travis/build/icyphy/ptII/ptolemy/actor/lib/test/auto/ArraySum.xml
5 ms. Memory: 278528K Free: 79002K (28%)
----------------- Invoking toplevel() on ptolemy.moml.MoMLSimpleApplication@4f62336a
----------------- Done invoking toplevel() on ptolemy.moml.MoMLSimpleApplication@4f62336a
reloadAllAccessors: .ArraySum

===========================================================================================
----------------- testing Thu Jul 18 06:41:51 UTC 2019 /home/travis/build/icyphy/ptII/ptolemy/actor/lib/test/auto/ArrayToElements.xml
----------------- Instantiating /home/travis/build/icyphy/ptII/ptolemy/actor/lib/test/auto/ArrayToElements.xml
10 ms. Memory: 278528K Free: 73368K (26%)
----------------- Invoking toplevel() on ptolemy.moml.MoMLSimpleApplication@8075c3b
----------------- Done invoking toplevel() on ptolemy.moml.MoMLSimpleApplication@8075c3b
reloadAllAccessors: .ArrayToElements

===========================================================================================
----------------- testing Thu Jul 18 06:41:51 UTC 2019 /home/travis/build/icyphy/ptII/ptolemy/actor/lib/test/auto/ArrayToMatrix.xml
----------------- Instantiating /home/travis/build/icyphy/ptII/ptolemy/actor/lib/test/auto/ArrayToMatrix.xml
14 ms. Memory: 278528K Free: 222411K (80%)
----------------- Invoking toplevel() on ptolemy.moml.MoMLSimpleApplication@d5700e3
----------------- Done invoking toplevel() on ptolemy.moml.MoMLSimpleApplication@d5700e3
reloadAllAccessors: .ArrayToMatrix

===========================================================================================
----------------- testing Thu Jul 18 06:41:51 UTC 2019 /home/travis/build/icyphy/ptII/ptolemy/actor/lib/test/auto/ArrayUpdate1.xml
----------------- Instantiating /home/travis/build/icyphy/ptII/ptolemy/actor/lib/test/auto/ArrayUpdate1.xml
8 ms. Memory: 278528K Free: 217291K (78%)
----------------- Invoking toplevel() on ptolemy.moml.MoMLSimpleApplication@ac81fdf
----------------- Done invoking toplevel() on ptolemy.moml.MoMLSimpleApplication@ac81fdf
reloadAllAccessors: .ArrayUpdate1

===========================================================================================
----------------- testing Thu Jul 18 06:41:51 UTC 2019 /home/travis/build/icyphy/ptII/ptolemy/actor/lib/test/auto/ArrayUpdate2.xml
----------------- Instantiating /home/travis/build/icyphy/ptII/ptolemy/actor/lib/test/auto/ArrayUpdate2.xml
8 ms. Memory: 278528K Free: 211147K (76%)
----------------- Invoking toplevel() on ptolemy.moml.MoMLSimpleApplication@6b4eba74
----------------- Done invoking toplevel() on ptolemy.moml.MoMLSimpleApplication@6b4eba74
reloadAllAccessors: .ArrayUpdate2

===========================================================================================
----------------- testing Thu Jul 18 06:41:51 UTC 2019 /home/travis/build/icyphy/ptII/ptolemy/actor/lib/test/auto/ArrayUpdate3.xml
----------------- Instantiating /home/travis/build/icyphy/ptII/ptolemy/actor/lib/test/auto/ArrayUpdate3.xml
2 ms. Memory: 278528K Free: 206027K (74%)
----------------- Invoking toplevel() on ptolemy.moml.MoMLSimpleApplication@71681d9b
----------------- Done invoking toplevel() on ptolemy.moml.MoMLSimpleApplication@71681d9b
reloadAllAccessors: .ArrayUpdate3

===========================================================================================
----------------- testing Thu Jul 18 06:41:51 UTC 2019 /home/travis/build/icyphy/ptII/ptolemy/actor/lib/test/auto/Assert1.xml
----------------- Instantiating /home/travis/build/icyphy/ptII/ptolemy/actor/lib/test/auto/Assert1.xml
6 ms. Memory: 278528K Free: 201931K (72%)
----------------- Invoking toplevel() on ptolemy.moml.MoMLSimpleApplication@2beb0b76
----------------- Done invoking toplevel() on ptolemy.moml.MoMLSimpleApplication@2beb0b76
reloadAllAccessors: .Assert1

===========================================================================================
----------------- testing Thu Jul 18 06:41:51 UTC 2019 /home/travis/build/icyphy/ptII/ptolemy/actor/lib/test/auto/Assert2.xml
----------------- Instantiating /home/travis/build/icyphy/ptII/ptolemy/actor/lib/test/auto/Assert2.xml
2 ms. Memory: 278528K Free: 196811K (71%)
----------------- Invoking toplevel() on ptolemy.moml.MoMLSimpleApplication@4d8fdc78
----------------- Done invoking toplevel() on ptolemy.moml.MoMLSimpleApplication@4d8fdc78
reloadAllAccessors: .Assert2

===========================================================================================
----------------- testing Thu Jul 18 06:41:51 UTC 2019 /home/travis/build/icyphy/ptII/ptolemy/actor/lib/test/auto/BooleanMultiplexor.xml
----------------- Instantiating /home/travis/build/icyphy/ptII/ptolemy/actor/lib/test/auto/BooleanMultiplexor.xml
2 ms. Memory: 278528K Free: 191691K (69%)
----------------- Invoking toplevel() on ptolemy.moml.MoMLSimpleApplication@181a768f
----------------- Done invoking toplevel() on ptolemy.moml.MoMLSimpleApplication@181a768f
reloadAllAccessors: .BooleanMultiplexor

===========================================================================================
----------------- testing Thu Jul 18 06:41:51 UTC 2019 /home/travis/build/icyphy/ptII/ptolemy/actor/lib/test/auto/BooleanMultiplexor2.xml
----------------- Instantiating /home/travis/build/icyphy/ptII/ptolemy/actor/lib/test/auto/BooleanMultiplexor2.xml
14 ms. Memory: 278528K Free: 185033K (66%)
----------------- Invoking toplevel() on ptolemy.moml.MoMLSimpleApplication@39179a1a
----------------- Done invoking toplevel() on ptolemy.moml.MoMLSimpleApplication@39179a1a
reloadAllAccessors: .BooleanMultiplexor2

===========================================================================================
----------------- testing Thu Jul 18 06:41:51 UTC 2019 /home/travis/build/icyphy/ptII/ptolemy/actor/lib/test/auto/BooleanMultiplexor3.xml
----------------- Instantiating /home/travis/build/icyphy/ptII/ptolemy/actor/lib/test/auto/BooleanMultiplexor3.xml
4 ms. Memory: 278528K Free: 181451K (65%)
----------------- Invoking toplevel() on ptolemy.moml.MoMLSimpleApplication@21f7cea5
----------------- Done invoking toplevel() on ptolemy.moml.MoMLSimpleApplication@21f7cea5
reloadAllAccessors: .BooleanMultiplexor3

===========================================================================================
----------------- testing Thu Jul 18 06:41:51 UTC 2019 /home/travis/build/icyphy/ptII/ptolemy/actor/lib/test/auto/BooleanSelect.xml
----------------- Instantiating /home/travis/build/icyphy/ptII/ptolemy/actor/lib/test/auto/BooleanSelect.xml
7 ms. Memory: 278528K Free: 175307K (63%)
----------------- Invoking toplevel() on ptolemy.moml.MoMLSimpleApplication@6f39dc05
----------------- Done invoking toplevel() on ptolemy.moml.MoMLSimpleApplication@6f39dc05
reloadAllAccessors: .BooleanSelect

===========================================================================================
----------------- testing Thu Jul 18 06:41:52 UTC 2019 /home/travis/build/icyphy/ptII/ptolemy/actor/lib/test/auto/BooleanSelect2.xml
----------------- Instantiating /home/travis/build/icyphy/ptII/ptolemy/actor/lib/test/auto/BooleanSelect2.xml
1 ms. Memory: 278528K Free: 170697K (61%)
----------------- Invoking toplevel() on ptolemy.moml.MoMLSimpleApplication@5788a002
----------------- Done invoking toplevel() on ptolemy.moml.MoMLSimpleApplication@5788a002
reloadAllAccessors: .BooleanSelect2

===========================================================================================
----------------- testing Thu Jul 18 06:41:52 UTC 2019 /home/travis/build/icyphy/ptII/ptolemy/actor/lib/test/auto/BooleanSwitch.xml
----------------- Instantiating /home/travis/build/icyphy/ptII/ptolemy/actor/lib/test/auto/BooleanSwitch.xml
9 ms. Memory: 278528K Free: 165067K (59%)
----------------- Invoking toplevel() on ptolemy.moml.MoMLSimpleApplication@5832151e
----------------- Done invoking toplevel() on ptolemy.moml.MoMLSimpleApplication@5832151e
reloadAllAccessors: .BooleanSwitch

===========================================================================================
----------------- testing Thu Jul 18 06:41:52 UTC 2019 /home/travis/build/icyphy/ptII/ptolemy/actor/lib/test/auto/BooleanSwitch2.xml
----------------- Instantiating /home/travis/build/icyphy/ptII/ptolemy/actor/lib/test/auto/BooleanSwitch2.xml
2 ms. Memory: 278528K Free: 160457K (58%)
----------------- Invoking toplevel() on ptolemy.moml.MoMLSimpleApplication@6bbe7105
----------------- Done invoking toplevel() on ptolemy.moml.MoMLSimpleApplication@6bbe7105
reloadAllAccessors: .BooleanSwitch2

===========================================================================================
----------------- testing Thu Jul 18 06:41:52 UTC 2019 /home/travis/build/icyphy/ptII/ptolemy/actor/lib/test/auto/BooleanSwitchCloningBugWithClassRelationGroup.xml
----------------- Instantiating /home/travis/build/icyphy/ptII/ptolemy/actor/lib/test/auto/BooleanSwitchCloningBugWithClassRelationGroup.xml
3 ms. Memory: 278528K Free: 154313K (55%)
----------------- Invoking toplevel() on ptolemy.moml.MoMLSimpleApplication@148853bc
----------------- Done invoking toplevel() on ptolemy.moml.MoMLSimpleApplication@148853bc
reloadAllAccessors: .BooleanSwitchCloningBugWithClassRelationGroup

===========================================================================================
----------------- testing Thu Jul 18 06:41:52 UTC 2019 /home/travis/build/icyphy/ptII/ptolemy/actor/lib/test/auto/BusActors.xml
----------------- Instantiating /home/travis/build/icyphy/ptII/ptolemy/actor/lib/test/auto/BusActors.xml
6 ms. Memory: 278528K Free: 146121K (52%)
----------------- Invoking toplevel() on ptolemy.moml.MoMLSimpleApplication@755427f2
----------------- Done invoking toplevel() on ptolemy.moml.MoMLSimpleApplication@755427f2
reloadAllAccessors: .BusActors

===========================================================================================
----------------- testing Thu Jul 18 06:41:52 UTC 2019 /home/travis/build/icyphy/ptII/ptolemy/actor/lib/test/auto/ClassWrapper.xml
----------------- Instantiating /home/travis/build/icyphy/ptII/ptolemy/actor/lib/test/auto/ClassWrapper.xml
3 ms. Memory: 278528K Free: 142025K (51%)
----------------- Invoking toplevel() on ptolemy.moml.MoMLSimpleApplication@90d3222
----------------- Done invoking toplevel() on ptolemy.moml.MoMLSimpleApplication@90d3222
reloadAllAccessors: .ClassWrapper

===========================================================================================
----------------- testing Thu Jul 18 06:41:52 UTC 2019 /home/travis/build/icyphy/ptII/ptolemy/actor/lib/test/auto/Clock.xml
----------------- Instantiating /home/travis/build/icyphy/ptII/ptolemy/actor/lib/test/auto/Clock.xml
1 ms. Memory: 278528K Free: 137929K (50%)
----------------- Invoking toplevel() on ptolemy.moml.MoMLSimpleApplication@13f1d39d
----------------- Done invoking toplevel() on ptolemy.moml.MoMLSimpleApplication@13f1d39d
reloadAllAccessors: .Clock

===========================================================================================
----------------- testing Thu Jul 18 06:41:52 UTC 2019 /home/travis/build/icyphy/ptII/ptolemy/actor/lib/test/auto/Clock10.xml
----------------- Instantiating /home/travis/build/icyphy/ptII/ptolemy/actor/lib/test/auto/Clock10.xml
2 ms. Memory: 278528K Free: 132299K (47%)
----------------- Invoking toplevel() on ptolemy.moml.MoMLSimpleApplication@35bd003e
----------------- Done invoking toplevel() on ptolemy.moml.MoMLSimpleApplication@35bd003e
reloadAllAccessors: .Clock10

===========================================================================================
----------------- testing Thu Jul 18 06:41:52 UTC 2019 /home/travis/build/icyphy/ptII/ptolemy/actor/lib/test/auto/Clock11.xml
----------------- Instantiating /home/travis/build/icyphy/ptII/ptolemy/actor/lib/test/auto/Clock11.xml
3 ms. Memory: 278528K Free: 126155K (45%)
----------------- Invoking toplevel() on ptolemy.moml.MoMLSimpleApplication@2ddcba7b
----------------- Done invoking toplevel() on ptolemy.moml.MoMLSimpleApplication@2ddcba7b
reloadAllAccessors: .Clock11

===========================================================================================
----------------- testing Thu Jul 18 06:41:52 UTC 2019 /home/travis/build/icyphy/ptII/ptolemy/actor/lib/test/auto/Clock12.xml
----------------- Instantiating /home/travis/build/icyphy/ptII/ptolemy/actor/lib/test/auto/Clock12.xml
5 ms. Memory: 278528K Free: 120521K (43%)
----------------- Invoking toplevel() on ptolemy.moml.MoMLSimpleApplication@5c989664
----------------- Done invoking toplevel() on ptolemy.moml.MoMLSimpleApplication@5c989664
reloadAllAccessors: .Clock12

===========================================================================================
----------------- testing Thu Jul 18 06:41:52 UTC 2019 /home/travis/build/icyphy/ptII/ptolemy/actor/lib/test/auto/Clock13.xml
----------------- Instantiating /home/travis/build/icyphy/ptII/ptolemy/actor/lib/test/auto/Clock13.xml
10 ms. Memory: 278528K Free: 114368K (41%)
----------------- Invoking toplevel() on ptolemy.moml.MoMLSimpleApplication@7daae4b9
----------------- Done invoking toplevel() on ptolemy.moml.MoMLSimpleApplication@7daae4b9
reloadAllAccessors: .Clock13

===========================================================================================
----------------- testing Thu Jul 18 06:41:52 UTC 2019 /home/travis/build/icyphy/ptII/ptolemy/actor/lib/test/auto/Clock14.xml
----------------- Instantiating /home/travis/build/icyphy/ptII/ptolemy/actor/lib/test/auto/Clock14.xml
6 ms. Memory: 278528K Free: 108747K (39%)
----------------- Invoking toplevel() on ptolemy.moml.MoMLSimpleApplication@31ea1a94
----------------- Done invoking toplevel() on ptolemy.moml.MoMLSimpleApplication@31ea1a94
reloadAllAccessors: .Clock14

===========================================================================================
----------------- testing Thu Jul 18 06:41:52 UTC 2019 /home/travis/build/icyphy/ptII/ptolemy/actor/lib/test/auto/Clock15.xml
----------------- Instantiating /home/travis/build/icyphy/ptII/ptolemy/actor/lib/test/auto/Clock15.xml
5 ms. Memory: 278528K Free: 102603K (37%)
----------------- Invoking toplevel() on ptolemy.moml.MoMLSimpleApplication@53fac9ae
----------------- Done invoking toplevel() on ptolemy.moml.MoMLSimpleApplication@53fac9ae
reloadAllAccessors: .Clock15

===========================================================================================
----------------- testing Thu Jul 18 06:41:52 UTC 2019 /home/travis/build/icyphy/ptII/ptolemy/actor/lib/test/auto/Clock16.xml
----------------- Instantiating /home/travis/build/icyphy/ptII/ptolemy/actor/lib/test/auto/Clock16.xml
34 ms. Memory: 278528K Free: 87753K (32%)
----------------- Invoking toplevel() on ptolemy.moml.MoMLSimpleApplication@42f1f678
----------------- Done invoking toplevel() on ptolemy.moml.MoMLSimpleApplication@42f1f678
reloadAllAccessors: .Clock16

===========================================================================================
----------------- testing Thu Jul 18 06:41:52 UTC 2019 /home/travis/build/icyphy/ptII/ptolemy/actor/lib/test/auto/Clock17.xml
----------------- Instantiating /home/travis/build/icyphy/ptII/ptolemy/actor/lib/test/auto/Clock17.xml
30 ms. Memory: 278528K Free: 73403K (26%)
----------------- Invoking toplevel() on ptolemy.moml.MoMLSimpleApplication@6f0136dd
----------------- Done invoking toplevel() on ptolemy.moml.MoMLSimpleApplication@6f0136dd
reloadAllAccessors: .Clock17

===========================================================================================
----------------- testing Thu Jul 18 06:41:52 UTC 2019 /home/travis/build/icyphy/ptII/ptolemy/actor/lib/test/auto/Clock18.xml
----------------- Instantiating /home/travis/build/icyphy/ptII/ptolemy/actor/lib/test/auto/Clock18.xml
24 ms. Memory: 278528K Free: 224415K (81%)
----------------- Invoking toplevel() on ptolemy.moml.MoMLSimpleApplication@41ccba5d
----------------- Done invoking toplevel() on ptolemy.moml.MoMLSimpleApplication@41ccba5d
reloadAllAccessors: .Clock18

===========================================================================================
----------------- testing Thu Jul 18 06:41:52 UTC 2019 /home/travis/build/icyphy/ptII/ptolemy/actor/lib/test/auto/Clock19.xml
----------------- Instantiating /home/travis/build/icyphy/ptII/ptolemy/actor/lib/test/auto/Clock19.xml
14 ms. Memory: 278528K Free: 211103K (76%)
----------------- Invoking toplevel() on ptolemy.moml.MoMLSimpleApplication@5f7b1bc4
----------------- Done invoking toplevel() on ptolemy.moml.MoMLSimpleApplication@5f7b1bc4
reloadAllAccessors: .Clock19

===========================================================================================
----------------- testing Thu Jul 18 06:41:52 UTC 2019 /home/travis/build/icyphy/ptII/ptolemy/actor/lib/test/auto/Clock2.xml
----------------- Instantiating /home/travis/build/icyphy/ptII/ptolemy/actor/lib/test/auto/Clock2.xml
7 ms. Memory: 278528K Free: 206487K (74%)
----------------- Invoking toplevel() on ptolemy.moml.MoMLSimpleApplication@5f761a02
----------------- Done invoking toplevel() on ptolemy.moml.MoMLSimpleApplication@5f761a02
reloadAllAccessors: .Clock2

===========================================================================================
----------------- testing Thu Jul 18 06:41:52 UTC 2019 /home/travis/build/icyphy/ptII/ptolemy/actor/lib/test/auto/Clock20.xml
----------------- Instantiating /home/travis/build/icyphy/ptII/ptolemy/actor/lib/test/auto/Clock20.xml
10 ms. Memory: 278528K Free: 200863K (72%)
----------------- Invoking toplevel() on ptolemy.moml.MoMLSimpleApplication@6d68101
----------------- Done invoking toplevel() on ptolemy.moml.MoMLSimpleApplication@6d68101
reloadAllAccessors: .Clock20

===========================================================================================
----------------- testing Thu Jul 18 06:41:52 UTC 2019 /home/travis/build/icyphy/ptII/ptolemy/actor/lib/test/auto/Clock21.xml
----------------- Instantiating /home/travis/build/icyphy/ptII/ptolemy/actor/lib/test/auto/Clock21.xml
6 ms. Memory: 278528K Free: 195229K (70%)
----------------- Invoking toplevel() on ptolemy.moml.MoMLSimpleApplication@2c61bb5a
----------------- Done invoking toplevel() on ptolemy.moml.MoMLSimpleApplication@2c61bb5a
reloadAllAccessors: .Clock21

===========================================================================================
----------------- testing Thu Jul 18 06:41:52 UTC 2019 /home/travis/build/icyphy/ptII/ptolemy/actor/lib/test/auto/Clock22.xml
----------------- Instantiating /home/travis/build/icyphy/ptII/ptolemy/actor/lib/test/auto/Clock22.xml
5 ms. Memory: 278528K Free: 190109K (68%)
----------------- Invoking toplevel() on ptolemy.moml.MoMLSimpleApplication@423d9166
----------------- Done invoking toplevel() on ptolemy.moml.MoMLSimpleApplication@423d9166
reloadAllAccessors: .Clock22

===========================================================================================
----------------- testing Thu Jul 18 06:41:52 UTC 2019 /home/travis/build/icyphy/ptII/ptolemy/actor/lib/test/auto/Clock23.xml
----------------- Instantiating /home/travis/build/icyphy/ptII/ptolemy/actor/lib/test/auto/Clock23.xml
7 ms. Memory: 278528K Free: 184479K (66%)
----------------- Invoking toplevel() on ptolemy.moml.MoMLSimpleApplication@6cfe2d13
----------------- Done invoking toplevel() on ptolemy.moml.MoMLSimpleApplication@6cfe2d13
reloadAllAccessors: .Clock23

===========================================================================================
----------------- testing Thu Jul 18 06:41:52 UTC 2019 /home/travis/build/icyphy/ptII/ptolemy/actor/lib/test/auto/Clock24.xml
----------------- Instantiating /home/travis/build/icyphy/ptII/ptolemy/actor/lib/test/auto/Clock24.xml
5 ms. Memory: 278528K Free: 179359K (64%)
----------------- Invoking toplevel() on ptolemy.moml.MoMLSimpleApplication@6e4d9f32
----------------- Done invoking toplevel() on ptolemy.moml.MoMLSimpleApplication@6e4d9f32
reloadAllAccessors: .Clock24

===========================================================================================
----------------- testing Thu Jul 18 06:41:52 UTC 2019 /home/travis/build/icyphy/ptII/ptolemy/actor/lib/test/auto/Clock4.xml
----------------- Instantiating /home/travis/build/icyphy/ptII/ptolemy/actor/lib/test/auto/Clock4.xml
2 ms. Memory: 278528K Free: 174239K (63%)
----------------- Invoking toplevel() on ptolemy.moml.MoMLSimpleApplication@13d61810
----------------- Done invoking toplevel() on ptolemy.moml.MoMLSimpleApplication@13d61810
reloadAllAccessors: .Clock4

===========================================================================================
----------------- testing Thu Jul 18 06:41:52 UTC 2019 /home/travis/build/icyphy/ptII/ptolemy/actor/lib/test/auto/Clock5.xml
----------------- Instantiating /home/travis/build/icyphy/ptII/ptolemy/actor/lib/test/auto/Clock5.xml
4 ms. Memory: 278528K Free: 168591K (61%)
----------------- Invoking toplevel() on ptolemy.moml.MoMLSimpleApplication@5b507e1e
----------------- Done invoking toplevel() on ptolemy.moml.MoMLSimpleApplication@5b507e1e
reloadAllAccessors: .Clock5

===========================================================================================
----------------- testing Thu Jul 18 06:41:52 UTC 2019 /home/travis/build/icyphy/ptII/ptolemy/actor/lib/test/auto/Clock6.xml
----------------- Instantiating /home/travis/build/icyphy/ptII/ptolemy/actor/lib/test/auto/Clock6.xml
1 ms. Memory: 278528K Free: 164509K (59%)
----------------- Invoking toplevel() on ptolemy.moml.MoMLSimpleApplication@28a9b6
----------------- Done invoking toplevel() on ptolemy.moml.MoMLSimpleApplication@28a9b6
reloadAllAccessors: .Clock6

===========================================================================================
----------------- testing Thu Jul 18 06:41:52 UTC 2019 /home/travis/build/icyphy/ptII/ptolemy/actor/lib/test/auto/Clock7.xml
----------------- Instantiating /home/travis/build/icyphy/ptII/ptolemy/actor/lib/test/auto/Clock7.xml
1 ms. Memory: 278528K Free: 159389K (57%)
----------------- Invoking toplevel() on ptolemy.moml.MoMLSimpleApplication@638dc3fc
----------------- Done invoking toplevel() on ptolemy.moml.MoMLSimpleApplication@638dc3fc
reloadAllAccessors: .Clock7

===========================================================================================
----------------- testing Thu Jul 18 06:41:52 UTC 2019 /home/travis/build/icyphy/ptII/ptolemy/actor/lib/test/auto/Clock8.xml
----------------- Instantiating /home/travis/build/icyphy/ptII/ptolemy/actor/lib/test/auto/Clock8.xml
6 ms. Memory: 278528K Free: 154255K (55%)
----------------- Invoking toplevel() on ptolemy.moml.MoMLSimpleApplication@58e782c6
----------------- Done invoking toplevel() on ptolemy.moml.MoMLSimpleApplication@58e782c6
reloadAllAccessors: .Clock8

===========================================================================================
----------------- testing Thu Jul 18 06:41:52 UTC 2019 /home/travis/build/icyphy/ptII/ptolemy/actor/lib/test/auto/Clock9.xml
----------------- Instantiating /home/travis/build/icyphy/ptII/ptolemy/actor/lib/test/auto/Clock9.xml
6 ms. Memory: 278528K Free: 148639K (53%)
----------------- Invoking toplevel() on ptolemy.moml.MoMLSimpleApplication@1211c183
----------------- Done invoking toplevel() on ptolemy.moml.MoMLSimpleApplication@1211c183
reloadAllAccessors: .Clock9

===========================================================================================
----------------- testing Thu Jul 18 06:41:52 UTC 2019 /home/travis/build/icyphy/ptII/ptolemy/actor/lib/test/auto/CommDistDiscard.xml
----------------- Instantiating /home/travis/build/icyphy/ptII/ptolemy/actor/lib/test/auto/CommDistDiscard.xml
4 ms. Memory: 278528K Free: 143005K (51%)
----------------- Invoking toplevel() on ptolemy.moml.MoMLSimpleApplication@e2ee70f
----------------- Done invoking toplevel() on ptolemy.moml.MoMLSimpleApplication@e2ee70f
reloadAllAccessors: .CommDistDiscard

===========================================================================================
----------------- testing Thu Jul 18 06:41:52 UTC 2019 /home/travis/build/icyphy/ptII/ptolemy/actor/lib/test/auto/Commutator.xml
----------------- Instantiating /home/travis/build/icyphy/ptII/ptolemy/actor/lib/test/auto/Commutator.xml
2 ms. Memory: 278528K Free: 138909K (50%)
----------------- Invoking toplevel() on ptolemy.moml.MoMLSimpleApplication@6d92bbde
----------------- Done invoking toplevel() on ptolemy.moml.MoMLSimpleApplication@6d92bbde
reloadAllAccessors: .Commutator

===========================================================================================
----------------- testing Thu Jul 18 06:41:53 UTC 2019 /home/travis/build/icyphy/ptII/ptolemy/actor/lib/test/auto/Commutator2.xml
----------------- Instantiating /home/travis/build/icyphy/ptII/ptolemy/actor/lib/test/auto/Commutator2.xml
1 ms. Memory: 278528K Free: 134303K (48%)
----------------- Invoking toplevel() on ptolemy.moml.MoMLSimpleApplication@7b7ec26e
----------------- Done invoking toplevel() on ptolemy.moml.MoMLSimpleApplication@7b7ec26e
reloadAllAccessors: .Commutator2

===========================================================================================
----------------- testing Thu Jul 18 06:41:53 UTC 2019 /home/travis/build/icyphy/ptII/ptolemy/actor/lib/test/auto/Commutator3.xml
----------------- Instantiating /home/travis/build/icyphy/ptII/ptolemy/actor/lib/test/auto/Commutator3.xml
2 ms. Memory: 278528K Free: 130207K (47%)
----------------- Invoking toplevel() on ptolemy.moml.MoMLSimpleApplication@4b1b69db
----------------- Done invoking toplevel() on ptolemy.moml.MoMLSimpleApplication@4b1b69db
reloadAllAccessors: .Commutator3

===========================================================================================
----------------- testing Thu Jul 18 06:41:53 UTC 2019 /home/travis/build/icyphy/ptII/ptolemy/actor/lib/test/auto/Compare.xml
----------------- Instantiating /home/travis/build/icyphy/ptII/ptolemy/actor/lib/test/auto/Compare.xml
2 ms. Memory: 278528K Free: 123549K (44%)
----------------- Invoking toplevel() on ptolemy.moml.MoMLSimpleApplication@5c204d5e
----------------- Done invoking toplevel() on ptolemy.moml.MoMLSimpleApplication@5c204d5e
reloadAllAccessors: .Compare

===========================================================================================
----------------- testing Thu Jul 18 06:41:53 UTC 2019 /home/travis/build/icyphy/ptII/ptolemy/actor/lib/test/auto/CompareDE.xml
----------------- Instantiating /home/travis/build/icyphy/ptII/ptolemy/actor/lib/test/auto/CompareDE.xml
3 ms. Memory: 278528K Free: 116367K (42%)
----------------- Invoking toplevel() on ptolemy.moml.MoMLSimpleApplication@108d29e9
----------------- Done invoking toplevel() on ptolemy.moml.MoMLSimpleApplication@108d29e9
reloadAllAccessors: .CompareDE

===========================================================================================
----------------- testing Thu Jul 18 06:41:53 UTC 2019 /home/travis/build/icyphy/ptII/ptolemy/actor/lib/test/auto/ComplexDivide.xml
----------------- Instantiating /home/travis/build/icyphy/ptII/ptolemy/actor/lib/test/auto/ComplexDivide.xml
1 ms. Memory: 278528K Free: 112799K (40%)
----------------- Invoking toplevel() on ptolemy.moml.MoMLSimpleApplication@62d0dc84
----------------- Done invoking toplevel() on ptolemy.moml.MoMLSimpleApplication@62d0dc84
reloadAllAccessors: .ComplexDivide

===========================================================================================
----------------- testing Thu Jul 18 06:41:53 UTC 2019 /home/travis/build/icyphy/ptII/ptolemy/actor/lib/test/auto/ComputeHistogram.xml
----------------- Instantiating /home/travis/build/icyphy/ptII/ptolemy/actor/lib/test/auto/ComputeHistogram.xml
36 ms. Memory: 278528K Free: 99997K (36%)
----------------- Invoking toplevel() on ptolemy.moml.MoMLSimpleApplication@659dbc87
----------------- Done invoking toplevel() on ptolemy.moml.MoMLSimpleApplication@659dbc87
reloadAllAccessors: .ComputeHistogram

===========================================================================================
----------------- testing Thu Jul 18 06:41:53 UTC 2019 /home/travis/build/icyphy/ptII/ptolemy/actor/lib/test/auto/ConfigurationSelect.xml
----------------- Instantiating /home/travis/build/icyphy/ptII/ptolemy/actor/lib/test/auto/ConfigurationSelect.xml
9 ms. Memory: 278528K Free: 94863K (34%)
----------------- Invoking toplevel() on ptolemy.moml.MoMLSimpleApplication@7dd0c0f3
----------------- Done invoking toplevel() on ptolemy.moml.MoMLSimpleApplication@7dd0c0f3
reloadAllAccessors: .ConfigurationSelect

===========================================================================================
----------------- testing Thu Jul 18 06:41:53 UTC 2019 /home/travis/build/icyphy/ptII/ptolemy/actor/lib/test/auto/ConfigurationSelect2.xml
----------------- Instantiating /home/travis/build/icyphy/ptII/ptolemy/actor/lib/test/auto/ConfigurationSelect2.xml
2 ms. Memory: 278528K Free: 90271K (32%)
----------------- Invoking toplevel() on ptolemy.moml.MoMLSimpleApplication@124c2356
----------------- Done invoking toplevel() on ptolemy.moml.MoMLSimpleApplication@124c2356
reloadAllAccessors: .ConfigurationSelect2

===========================================================================================
----------------- testing Thu Jul 18 06:41:53 UTC 2019 /home/travis/build/icyphy/ptII/ptolemy/actor/lib/test/auto/ConfigurationSwitch.xml
----------------- Instantiating /home/travis/build/icyphy/ptII/ptolemy/actor/lib/test/auto/ConfigurationSwitch.xml
2 ms. Memory: 278528K Free: 84637K (30%)
----------------- Invoking toplevel() on ptolemy.moml.MoMLSimpleApplication@688e03b6
----------------- Done invoking toplevel() on ptolemy.moml.MoMLSimpleApplication@688e03b6
reloadAllAccessors: .ConfigurationSwitch

===========================================================================================
----------------- testing Thu Jul 18 06:41:53 UTC 2019 /home/travis/build/icyphy/ptII/ptolemy/actor/lib/test/auto/ConfigurationSwitch2.xml
----------------- Instantiating /home/travis/build/icyphy/ptII/ptolemy/actor/lib/test/auto/ConfigurationSwitch2.xml
4 ms. Memory: 278528K Free: 79517K (29%)
----------------- Invoking toplevel() on ptolemy.moml.MoMLSimpleApplication@5d46e342
----------------- Done invoking toplevel() on ptolemy.moml.MoMLSimpleApplication@5d46e342
reloadAllAccessors: .ConfigurationSwitch2

===========================================================================================
----------------- testing Thu Jul 18 06:41:53 UTC 2019 /home/travis/build/icyphy/ptII/ptolemy/actor/lib/test/auto/ConfigurationSwitchCloningBugWithClassRelationGroup.xml
----------------- Instantiating /home/travis/build/icyphy/ptII/ptolemy/actor/lib/test/auto/ConfigurationSwitchCloningBugWithClassRelationGroup.xml
1 ms. Memory: 278528K Free: 72349K (26%)
----------------- Invoking toplevel() on ptolemy.moml.MoMLSimpleApplication@6b07f838
----------------- Done invoking toplevel() on ptolemy.moml.MoMLSimpleApplication@6b07f838
reloadAllAccessors: .ConfigurationSwitchCloningBugWithClassRelationGroup

===========================================================================================
----------------- testing Thu Jul 18 06:41:53 UTC 2019 /home/travis/build/icyphy/ptII/ptolemy/actor/lib/test/auto/ConfigurationSwitchSelectSDF.xml
----------------- Instantiating /home/travis/build/icyphy/ptII/ptolemy/actor/lib/test/auto/ConfigurationSwitchSelectSDF.xml
4 ms. Memory: 278528K Free: 66719K (24%)
----------------- Invoking toplevel() on ptolemy.moml.MoMLSimpleApplication@1fc1f8eb
----------------- Done invoking toplevel() on ptolemy.moml.MoMLSimpleApplication@1fc1f8eb
reloadAllAccessors: .ConfigurationSwitchSelectSDF

===========================================================================================
----------------- testing Thu Jul 18 06:41:53 UTC 2019 /home/travis/build/icyphy/ptII/ptolemy/actor/lib/test/auto/ConfigurationSwitchSelectSDF2.xml
----------------- Instantiating /home/travis/build/icyphy/ptII/ptolemy/actor/lib/test/auto/ConfigurationSwitchSelectSDF2.xml
3 ms. Memory: 278528K Free: 226152K (81%)
----------------- Invoking toplevel() on ptolemy.moml.MoMLSimpleApplication@2a2344a0
----------------- Done invoking toplevel() on ptolemy.moml.MoMLSimpleApplication@2a2344a0
reloadAllAccessors: .ConfigurationSwitchSelectSDF2

===========================================================================================
----------------- testing Thu Jul 18 06:41:53 UTC 2019 /home/travis/build/icyphy/ptII/ptolemy/actor/lib/test/auto/Const.xml
----------------- Instantiating /home/travis/build/icyphy/ptII/ptolemy/actor/lib/test/auto/Const.xml
1 ms. Memory: 278528K Free: 222570K (80%)
----------------- Invoking toplevel() on ptolemy.moml.MoMLSimpleApplication@73544e55
----------------- Done invoking toplevel() on ptolemy.moml.MoMLSimpleApplication@73544e55
reloadAllAccessors: .Const

===========================================================================================
----------------- testing Thu Jul 18 06:41:53 UTC 2019 /home/travis/build/icyphy/ptII/ptolemy/actor/lib/test/auto/Const2.xml
----------------- Instantiating /home/travis/build/icyphy/ptII/ptolemy/actor/lib/test/auto/Const2.xml
1 ms. Memory: 278528K Free: 218474K (78%)
----------------- Invoking toplevel() on ptolemy.moml.MoMLSimpleApplication@42f4511a
----------------- Done invoking toplevel() on ptolemy.moml.MoMLSimpleApplication@42f4511a
reloadAllAccessors: .Const2

===========================================================================================
----------------- testing Thu Jul 18 06:41:53 UTC 2019 /home/travis/build/icyphy/ptII/ptolemy/actor/lib/test/auto/Const3.xml
----------------- Instantiating /home/travis/build/icyphy/ptII/ptolemy/actor/lib/test/auto/Const3.xml
1 ms. Memory: 278528K Free: 215912K (78%)
----------------- Invoking toplevel() on ptolemy.moml.MoMLSimpleApplication@3eb82d09
----------------- Done invoking toplevel() on ptolemy.moml.MoMLSimpleApplication@3eb82d09
reloadAllAccessors: .Const3

===========================================================================================
----------------- testing Thu Jul 18 06:41:53 UTC 2019 /home/travis/build/icyphy/ptII/ptolemy/actor/lib/test/auto/ConstantPublisherPort1.xml
----------------- Instantiating /home/travis/build/icyphy/ptII/ptolemy/actor/lib/test/auto/ConstantPublisherPort1.xml
8 ms. Memory: 278528K Free: 207210K (74%)
----------------- Invoking toplevel() on ptolemy.moml.MoMLSimpleApplication@74ef283f
----------------- Done invoking toplevel() on ptolemy.moml.MoMLSimpleApplication@74ef283f
reloadAllAccessors: .ConstantPublisherPort1

===========================================================================================
----------------- testing Thu Jul 18 06:41:53 UTC 2019 /home/travis/build/icyphy/ptII/ptolemy/actor/lib/test/auto/ConstantPublisherPort2.xml
----------------- Instantiating /home/travis/build/icyphy/ptII/ptolemy/actor/lib/test/auto/ConstantPublisherPort2.xml
11 ms. Memory: 278528K Free: 199528K (72%)
----------------- Invoking toplevel() on ptolemy.moml.MoMLSimpleApplication@7ad29d05
----------------- Done invoking toplevel() on ptolemy.moml.MoMLSimpleApplication@7ad29d05
reloadAllAccessors: .ConstantPublisherPort2

===========================================================================================
----------------- testing Thu Jul 18 06:41:53 UTC 2019 /home/travis/build/icyphy/ptII/ptolemy/actor/lib/test/auto/ConstantPublisherPort3.xml
----------------- Instantiating /home/travis/build/icyphy/ptII/ptolemy/actor/lib/test/auto/ConstantPublisherPort3.xml
13 ms. Memory: 278528K Free: 192360K (69%)
----------------- Invoking toplevel() on ptolemy.moml.MoMLSimpleApplication@2ad340a3
----------------- Done invoking toplevel() on ptolemy.moml.MoMLSimpleApplication@2ad340a3
reloadAllAccessors: .ConstantPublisherPort3

===========================================================================================
----------------- testing Thu Jul 18 06:41:53 UTC 2019 /home/travis/build/icyphy/ptII/ptolemy/actor/lib/test/auto/ConstantPublisherPort4.xml
----------------- Instantiating /home/travis/build/icyphy/ptII/ptolemy/actor/lib/test/auto/ConstantPublisherPort4.xml
3 ms. Memory: 278528K Free: 185192K (66%)
----------------- Invoking toplevel() on ptolemy.moml.MoMLSimpleApplication@81cb8d5
----------------- Done invoking toplevel() on ptolemy.moml.MoMLSimpleApplication@81cb8d5
reloadAllAccessors: .ConstantPublisherPort4

===========================================================================================
----------------- testing Thu Jul 18 06:41:53 UTC 2019 /home/travis/build/icyphy/ptII/ptolemy/actor/lib/test/auto/ConstantPublisherPort5.xml
----------------- Instantiating /home/travis/build/icyphy/ptII/ptolemy/actor/lib/test/auto/ConstantPublisherPort5.xml
34 ms. Memory: 278528K Free: 175466K (63%)
----------------- Invoking toplevel() on ptolemy.moml.MoMLSimpleApplication@5ab5eed8
----------------- Done invoking toplevel() on ptolemy.moml.MoMLSimpleApplication@5ab5eed8
reloadAllAccessors: .ConstantPublisherPort5

===========================================================================================
----------------- testing Thu Jul 18 06:41:53 UTC 2019 /home/travis/build/icyphy/ptII/ptolemy/actor/lib/test/auto/ConstantPublisherPort6.xml
----------------- Instantiating /home/travis/build/icyphy/ptII/ptolemy/actor/lib/test/auto/ConstantPublisherPort6.xml
13 ms. Memory: 278528K Free: 166760K (60%)
----------------- Invoking toplevel() on ptolemy.moml.MoMLSimpleApplication@292a3be3
----------------- Done invoking toplevel() on ptolemy.moml.MoMLSimpleApplication@292a3be3
reloadAllAccessors: .ConstantPublisherPort6

===========================================================================================
----------------- testing Thu Jul 18 06:41:53 UTC 2019 /home/travis/build/icyphy/ptII/ptolemy/actor/lib/test/auto/ConstantPublisherPort7.xml
----------------- Instantiating /home/travis/build/icyphy/ptII/ptolemy/actor/lib/test/auto/ConstantPublisherPort7.xml
16 ms. Memory: 278528K Free: 157544K (57%)
----------------- Invoking toplevel() on ptolemy.moml.MoMLSimpleApplication@11123cee
----------------- Done invoking toplevel() on ptolemy.moml.MoMLSimpleApplication@11123cee
reloadAllAccessors: .ConstantPublisherPort7

===========================================================================================
----------------- testing Thu Jul 18 06:41:53 UTC 2019 /home/travis/build/icyphy/ptII/ptolemy/actor/lib/test/auto/ConstraintMonitor1.xml
----------------- Instantiating /home/travis/build/icyphy/ptII/ptolemy/actor/lib/test/auto/ConstraintMonitor1.xml
10 ms. Memory: 278528K Free: 152410K (55%)
----------------- Invoking toplevel() on ptolemy.moml.MoMLSimpleApplication@5288f5e1
----------------- Done invoking toplevel() on ptolemy.moml.MoMLSimpleApplication@5288f5e1
reloadAllAccessors: .ConstraintMonitor1

===========================================================================================
----------------- testing Thu Jul 18 06:41:53 UTC 2019 /home/travis/build/icyphy/ptII/ptolemy/actor/lib/test/auto/ConstraintMonitor2.xml
----------------- Instantiating /home/travis/build/icyphy/ptII/ptolemy/actor/lib/test/auto/ConstraintMonitor2.xml
6 ms. Memory: 278528K Free: 147818K (53%)
----------------- Invoking toplevel() on ptolemy.moml.MoMLSimpleApplication@36df415a
----------------- Done invoking toplevel() on ptolemy.moml.MoMLSimpleApplication@36df415a
reloadAllAccessors: .ConstraintMonitor2

===========================================================================================
----------------- testing Thu Jul 18 06:41:53 UTC 2019 /home/travis/build/icyphy/ptII/ptolemy/actor/lib/test/auto/ConstraintMonitor3.xml
----------------- Instantiating /home/travis/build/icyphy/ptII/ptolemy/actor/lib/test/auto/ConstraintMonitor3.xml
5 ms. Memory: 278528K Free: 142698K (51%)
----------------- Invoking toplevel() on ptolemy.moml.MoMLSimpleApplication@28faf32a
----------------- Done invoking toplevel() on ptolemy.moml.MoMLSimpleApplication@28faf32a
reloadAllAccessors: .ConstraintMonitor3

===========================================================================================
----------------- testing Thu Jul 18 06:41:53 UTC 2019 /home/travis/build/icyphy/ptII/ptolemy/actor/lib/test/auto/ConstraintMonitor4.xml
----------------- Instantiating /home/travis/build/icyphy/ptII/ptolemy/actor/lib/test/auto/ConstraintMonitor4.xml
4 ms. Memory: 278528K Free: 137578K (49%)
----------------- Invoking toplevel() on ptolemy.moml.MoMLSimpleApplication@351a8423
----------------- Done invoking toplevel() on ptolemy.moml.MoMLSimpleApplication@351a8423
reloadAllAccessors: .ConstraintMonitor4

===========================================================================================
----------------- testing Thu Jul 18 06:41:53 UTC 2019 /home/travis/build/icyphy/ptII/ptolemy/actor/lib/test/auto/ConstraintMonitor5.xml
----------------- Instantiating /home/travis/build/icyphy/ptII/ptolemy/actor/lib/test/auto/ConstraintMonitor5.xml
5 ms. Memory: 278528K Free: 132968K (48%)
----------------- Invoking toplevel() on ptolemy.moml.MoMLSimpleApplication@14e8af86
----------------- Done invoking toplevel() on ptolemy.moml.MoMLSimpleApplication@14e8af86
reloadAllAccessors: .ConstraintMonitor5

===========================================================================================
----------------- testing Thu Jul 18 06:41:53 UTC 2019 /home/travis/build/icyphy/ptII/ptolemy/actor/lib/test/auto/ConstraintMonitor6.xml
----------------- Instantiating /home/travis/build/icyphy/ptII/ptolemy/actor/lib/test/auto/ConstraintMonitor6.xml
8 ms. Memory: 278528K Free: 126314K (45%)
----------------- Invoking toplevel() on ptolemy.moml.MoMLSimpleApplication@1d54dba9
----------------- Done invoking toplevel() on ptolemy.moml.MoMLSimpleApplication@1d54dba9
reloadAllAccessors: .ConstraintMonitor6

===========================================================================================
----------------- testing Thu Jul 18 06:41:53 UTC 2019 /home/travis/build/icyphy/ptII/ptolemy/actor/lib/test/auto/ConstraintMonitor7.xml
----------------- Instantiating /home/travis/build/icyphy/ptII/ptolemy/actor/lib/test/auto/ConstraintMonitor7.xml
6 ms. Memory: 278528K Free: 119642K (43%)
----------------- Invoking toplevel() on ptolemy.moml.MoMLSimpleApplication@63dc319b
----------------- Done invoking toplevel() on ptolemy.moml.MoMLSimpleApplication@63dc319b
reloadAllAccessors: .ConstraintMonitor7

===========================================================================================
----------------- testing Thu Jul 18 06:41:53 UTC 2019 /home/travis/build/icyphy/ptII/ptolemy/actor/lib/test/auto/ConstraintMonitor8.xml
----------------- Instantiating /home/travis/build/icyphy/ptII/ptolemy/actor/lib/test/auto/ConstraintMonitor8.xml
4 ms. Memory: 278528K Free: 112488K (40%)
----------------- Invoking toplevel() on ptolemy.moml.MoMLSimpleApplication@55038735
----------------- Done invoking toplevel() on ptolemy.moml.MoMLSimpleApplication@55038735
reloadAllAccessors: .ConstraintMonitor8

===========================================================================================
----------------- testing Thu Jul 18 06:41:53 UTC 2019 /home/travis/build/icyphy/ptII/ptolemy/actor/lib/test/auto/Counter.xml
----------------- Instantiating /home/travis/build/icyphy/ptII/ptolemy/actor/lib/test/auto/Counter.xml
3 ms. Memory: 278528K Free: 107368K (39%)
----------------- Invoking toplevel() on ptolemy.moml.MoMLSimpleApplication@6554119d
----------------- Done invoking toplevel() on ptolemy.moml.MoMLSimpleApplication@6554119d
reloadAllAccessors: .Counter

===========================================================================================
----------------- testing Thu Jul 18 06:41:53 UTC 2019 /home/travis/build/icyphy/ptII/ptolemy/actor/lib/test/auto/CurrentTimeSDF.xml
----------------- Instantiating /home/travis/build/icyphy/ptII/ptolemy/actor/lib/test/auto/CurrentTimeSDF.xml
2 ms. Memory: 278528K Free: 103272K (37%)
----------------- Invoking toplevel() on ptolemy.moml.MoMLSimpleApplication@666405dc
----------------- Done invoking toplevel() on ptolemy.moml.MoMLSimpleApplication@666405dc
reloadAllAccessors: .CurrentTimeSDF

===========================================================================================
----------------- testing Thu Jul 18 06:41:53 UTC 2019 /home/travis/build/icyphy/ptII/ptolemy/actor/lib/test/auto/DB.xml
----------------- Instantiating /home/travis/build/icyphy/ptII/ptolemy/actor/lib/test/auto/DB.xml
3 ms. Memory: 278528K Free: 98152K (35%)
----------------- Invoking toplevel() on ptolemy.moml.MoMLSimpleApplication@583274f0
----------------- Done invoking toplevel() on ptolemy.moml.MoMLSimpleApplication@583274f0
reloadAllAccessors: .DB

===========================================================================================
----------------- testing Thu Jul 18 06:41:53 UTC 2019 /home/travis/build/icyphy/ptII/ptolemy/actor/lib/test/auto/DBDE.xml
----------------- Instantiating /home/travis/build/icyphy/ptII/ptolemy/actor/lib/test/auto/DBDE.xml
2 ms. Memory: 278528K Free: 92522K (33%)
----------------- Invoking toplevel() on ptolemy.moml.MoMLSimpleApplication@dfbe816
----------------- Done invoking toplevel() on ptolemy.moml.MoMLSimpleApplication@dfbe816
reloadAllAccessors: .DBDE

===========================================================================================
----------------- testing Thu Jul 18 06:41:54 UTC 2019 /home/travis/build/icyphy/ptII/ptolemy/actor/lib/test/auto/DateConstructor.xml
----------------- Instantiating /home/travis/build/icyphy/ptII/ptolemy/actor/lib/test/auto/DateConstructor.xml
23 ms. Memory: 278528K Free: 74600K (27%)
----------------- Invoking toplevel() on ptolemy.moml.MoMLSimpleApplication@c76b74d
----------------- Done invoking toplevel() on ptolemy.moml.MoMLSimpleApplication@c76b74d
reloadAllAccessors: .DateConstructor

===========================================================================================
----------------- testing Thu Jul 18 06:41:54 UTC 2019 /home/travis/build/icyphy/ptII/ptolemy/actor/lib/test/auto/DelayTime.xml
----------------- Instantiating /home/travis/build/icyphy/ptII/ptolemy/actor/lib/test/auto/DelayTime.xml
3 ms. Memory: 278528K Free: 69480K (25%)
----------------- Invoking toplevel() on ptolemy.moml.MoMLSimpleApplication@7d946caa
----------------- Done invoking toplevel() on ptolemy.moml.MoMLSimpleApplication@7d946caa
reloadAllAccessors: .DelayTime

===========================================================================================
----------------- testing Thu Jul 18 06:41:54 UTC 2019 /home/travis/build/icyphy/ptII/ptolemy/actor/lib/test/auto/Dictionary1.xml
----------------- Instantiating /home/travis/build/icyphy/ptII/ptolemy/actor/lib/test/auto/Dictionary1.xml
2 ms. Memory: 278528K Free: 228824K (82%)
----------------- Invoking toplevel() on ptolemy.moml.MoMLSimpleApplication@519fbdd5
----------------- Done invoking toplevel() on ptolemy.moml.MoMLSimpleApplication@519fbdd5
reloadAllAccessors: .Dictionary1

===========================================================================================
----------------- testing Thu Jul 18 06:41:54 UTC 2019 /home/travis/build/icyphy/ptII/ptolemy/actor/lib/test/auto/Dictionary2.xml
----------------- Instantiating /home/travis/build/icyphy/ptII/ptolemy/actor/lib/test/auto/Dictionary2.xml
5 ms. Memory: 278528K Free: 223208K (80%)
----------------- Invoking toplevel() on ptolemy.moml.MoMLSimpleApplication@45146dce
----------------- Done invoking toplevel() on ptolemy.moml.MoMLSimpleApplication@45146dce
reloadAllAccessors: .Dictionary2

===========================================================================================
----------------- testing Thu Jul 18 06:41:54 UTC 2019 /home/travis/build/icyphy/ptII/ptolemy/actor/lib/test/auto/Dictionary3.xml
----------------- Instantiating /home/travis/build/icyphy/ptII/ptolemy/actor/lib/test/auto/Dictionary3.xml
1 ms. Memory: 278528K Free: 217574K (78%)
----------------- Invoking toplevel() on ptolemy.moml.MoMLSimpleApplication@35158849
----------------- Done invoking toplevel() on ptolemy.moml.MoMLSimpleApplication@35158849
reloadAllAccessors: .Dictionary3

===========================================================================================
----------------- testing Thu Jul 18 06:41:54 UTC 2019 /home/travis/build/icyphy/ptII/ptolemy/actor/lib/test/auto/Dictionary4.xml
----------------- Instantiating /home/travis/build/icyphy/ptII/ptolemy/actor/lib/test/auto/Dictionary4.xml
3 ms. Memory: 278528K Free: 210400K (76%)
----------------- Invoking toplevel() on ptolemy.moml.MoMLSimpleApplication@65a0aea6
----------------- Done invoking toplevel() on ptolemy.moml.MoMLSimpleApplication@65a0aea6
reloadAllAccessors: .Dictionary4

===========================================================================================
----------------- testing Thu Jul 18 06:41:54 UTC 2019 /home/travis/build/icyphy/ptII/ptolemy/actor/lib/test/auto/Differential.xml
----------------- Instantiating /home/travis/build/icyphy/ptII/ptolemy/actor/lib/test/auto/Differential.xml
2 ms. Memory: 278528K Free: 206310K (74%)
----------------- Invoking toplevel() on ptolemy.moml.MoMLSimpleApplication@14b55b3
----------------- Done invoking toplevel() on ptolemy.moml.MoMLSimpleApplication@14b55b3
reloadAllAccessors: .Differential

===========================================================================================
----------------- testing Thu Jul 18 06:41:54 UTC 2019 /home/travis/build/icyphy/ptII/ptolemy/actor/lib/test/auto/Director.xml
----------------- Instantiating /home/travis/build/icyphy/ptII/ptolemy/actor/lib/test/auto/Director.xml
1 ms. Memory: 278528K Free: 202728K (73%)
----------------- Invoking toplevel() on ptolemy.moml.MoMLSimpleApplication@73fa901
----------------- Done invoking toplevel() on ptolemy.moml.MoMLSimpleApplication@73fa901
reloadAllAccessors: .Director

===========================================================================================
----------------- testing Thu Jul 18 06:41:54 UTC 2019 /home/travis/build/icyphy/ptII/ptolemy/actor/lib/test/auto/DiscreteClock.xml
----------------- Instantiating /home/travis/build/icyphy/ptII/ptolemy/actor/lib/test/auto/DiscreteClock.xml
1 ms. Memory: 278528K Free: 198632K (71%)
----------------- Invoking toplevel() on ptolemy.moml.MoMLSimpleApplication@748570e1
----------------- Done invoking toplevel() on ptolemy.moml.MoMLSimpleApplication@748570e1
reloadAllAccessors: .DiscreteClock

===========================================================================================
----------------- testing Thu Jul 18 06:41:54 UTC 2019 /home/travis/build/icyphy/ptII/ptolemy/actor/lib/test/auto/DiscreteClock10.xml
----------------- Instantiating /home/travis/build/icyphy/ptII/ptolemy/actor/lib/test/auto/DiscreteClock10.xml
2 ms. Memory: 278528K Free: 192488K (69%)
----------------- Invoking toplevel() on ptolemy.moml.MoMLSimpleApplication@40114b8b
----------------- Done invoking toplevel() on ptolemy.moml.MoMLSimpleApplication@40114b8b
reloadAllAccessors: .DiscreteClock10

===========================================================================================
----------------- testing Thu Jul 18 06:41:54 UTC 2019 /home/travis/build/icyphy/ptII/ptolemy/actor/lib/test/auto/DiscreteClock11.xml
----------------- Instantiating /home/travis/build/icyphy/ptII/ptolemy/actor/lib/test/auto/DiscreteClock11.xml
2 ms. Memory: 278528K Free: 186854K (67%)
----------------- Invoking toplevel() on ptolemy.moml.MoMLSimpleApplication@1b84011f
----------------- Done invoking toplevel() on ptolemy.moml.MoMLSimpleApplication@1b84011f
reloadAllAccessors: .DiscreteClock11

===========================================================================================
----------------- testing Thu Jul 18 06:41:54 UTC 2019 /home/travis/build/icyphy/ptII/ptolemy/actor/lib/test/auto/DiscreteClock12.xml
----------------- Instantiating /home/travis/build/icyphy/ptII/ptolemy/actor/lib/test/auto/DiscreteClock12.xml
3 ms. Memory: 278528K Free: 180710K (65%)
----------------- Invoking toplevel() on ptolemy.moml.MoMLSimpleApplication@19cb4680
----------------- Done invoking toplevel() on ptolemy.moml.MoMLSimpleApplication@19cb4680
reloadAllAccessors: .DiscreteClock12

===========================================================================================
----------------- testing Thu Jul 18 06:41:54 UTC 2019 /home/travis/build/icyphy/ptII/ptolemy/actor/lib/test/auto/DiscreteClock13.xml
----------------- Instantiating /home/travis/build/icyphy/ptII/ptolemy/actor/lib/test/auto/DiscreteClock13.xml
3 ms. Memory: 278528K Free: 174560K (63%)
----------------- Invoking toplevel() on ptolemy.moml.MoMLSimpleApplication@56b2a866
----------------- Done invoking toplevel() on ptolemy.moml.MoMLSimpleApplication@56b2a866
reloadAllAccessors: .DiscreteClock13

===========================================================================================
----------------- testing Thu Jul 18 06:41:54 UTC 2019 /home/travis/build/icyphy/ptII/ptolemy/actor/lib/test/auto/DiscreteClock14.xml
----------------- Instantiating /home/travis/build/icyphy/ptII/ptolemy/actor/lib/test/auto/DiscreteClock14.xml
3 ms. Memory: 278528K Free: 168936K (61%)
----------------- Invoking toplevel() on ptolemy.moml.MoMLSimpleApplication@4c1b1813
----------------- Done invoking toplevel() on ptolemy.moml.MoMLSimpleApplication@4c1b1813
reloadAllAccessors: .DiscreteClock14

===========================================================================================
----------------- testing Thu Jul 18 06:41:54 UTC 2019 /home/travis/build/icyphy/ptII/ptolemy/actor/lib/test/auto/DiscreteClock15.xml
----------------- Instantiating /home/travis/build/icyphy/ptII/ptolemy/actor/lib/test/auto/DiscreteClock15.xml
2 ms. Memory: 278528K Free: 162792K (58%)
----------------- Invoking toplevel() on ptolemy.moml.MoMLSimpleApplication@1febb358
----------------- Done invoking toplevel() on ptolemy.moml.MoMLSimpleApplication@1febb358
reloadAllAccessors: .DiscreteClock15

===========================================================================================
----------------- testing Thu Jul 18 06:41:54 UTC 2019 /home/travis/build/icyphy/ptII/ptolemy/actor/lib/test/auto/DiscreteClock16.xml
----------------- Instantiating /home/travis/build/icyphy/ptII/ptolemy/actor/lib/test/auto/DiscreteClock16.xml
16 ms. Memory: 278528K Free: 148966K (53%)
----------------- Invoking toplevel() on ptolemy.moml.MoMLSimpleApplication@4cf92f3c
----------------- Done invoking toplevel() on ptolemy.moml.MoMLSimpleApplication@4cf92f3c
reloadAllAccessors: .DiscreteClock16

===========================================================================================
----------------- testing Thu Jul 18 06:41:54 UTC 2019 /home/travis/build/icyphy/ptII/ptolemy/actor/lib/test/auto/DiscreteClock17.xml
----------------- Instantiating /home/travis/build/icyphy/ptII/ptolemy/actor/lib/test/auto/DiscreteClock17.xml
18 ms. Memory: 278528K Free: 134630K (48%)
----------------- Invoking toplevel() on ptolemy.moml.MoMLSimpleApplication@3b207f08
----------------- Done invoking toplevel() on ptolemy.moml.MoMLSimpleApplication@3b207f08
reloadAllAccessors: .DiscreteClock17

===========================================================================================
----------------- testing Thu Jul 18 06:41:54 UTC 2019 /home/travis/build/icyphy/ptII/ptolemy/actor/lib/test/auto/DiscreteClock18.xml
----------------- Instantiating /home/travis/build/icyphy/ptII/ptolemy/actor/lib/test/auto/DiscreteClock18.xml
29 ms. Memory: 278528K Free: 121312K (44%)
----------------- Invoking toplevel() on ptolemy.moml.MoMLSimpleApplication@38c337f9
----------------- Done invoking toplevel() on ptolemy.moml.MoMLSimpleApplication@38c337f9
reloadAllAccessors: .DiscreteClock18

===========================================================================================
----------------- testing Thu Jul 18 06:41:54 UTC 2019 /home/travis/build/icyphy/ptII/ptolemy/actor/lib/test/auto/DiscreteClock19.xml
----------------- Instantiating /home/travis/build/icyphy/ptII/ptolemy/actor/lib/test/auto/DiscreteClock19.xml
22 ms. Memory: 278528K Free: 107496K (39%)
----------------- Invoking toplevel() on ptolemy.moml.MoMLSimpleApplication@56afe772
----------------- Done invoking toplevel() on ptolemy.moml.MoMLSimpleApplication@56afe772
reloadAllAccessors: .DiscreteClock19

===========================================================================================
----------------- testing Thu Jul 18 06:41:54 UTC 2019 /home/travis/build/icyphy/ptII/ptolemy/actor/lib/test/auto/DiscreteClock2.xml
----------------- Instantiating /home/travis/build/icyphy/ptII/ptolemy/actor/lib/test/auto/DiscreteClock2.xml
5 ms. Memory: 278528K Free: 102376K (37%)
----------------- Invoking toplevel() on ptolemy.moml.MoMLSimpleApplication@4bb673ef
----------------- Done invoking toplevel() on ptolemy.moml.MoMLSimpleApplication@4bb673ef
reloadAllAccessors: .DiscreteClock2

===========================================================================================
----------------- testing Thu Jul 18 06:41:54 UTC 2019 /home/travis/build/icyphy/ptII/ptolemy/actor/lib/test/auto/DiscreteClock20.xml
----------------- Instantiating /home/travis/build/icyphy/ptII/ptolemy/actor/lib/test/auto/DiscreteClock20.xml
8 ms. Memory: 278528K Free: 97256K (35%)
----------------- Invoking toplevel() on ptolemy.moml.MoMLSimpleApplication@3cb06c4b
----------------- Done invoking toplevel() on ptolemy.moml.MoMLSimpleApplication@3cb06c4b
reloadAllAccessors: .DiscreteClock20

===========================================================================================
----------------- testing Thu Jul 18 06:41:54 UTC 2019 /home/travis/build/icyphy/ptII/ptolemy/actor/lib/test/auto/DiscreteClock21.xml
----------------- Instantiating /home/travis/build/icyphy/ptII/ptolemy/actor/lib/test/auto/DiscreteClock21.xml
6 ms. Memory: 278528K Free: 91622K (33%)
----------------- Invoking toplevel() on ptolemy.moml.MoMLSimpleApplication@34d2ba0f
----------------- Done invoking toplevel() on ptolemy.moml.MoMLSimpleApplication@34d2ba0f
reloadAllAccessors: .DiscreteClock21

===========================================================================================
----------------- testing Thu Jul 18 06:41:54 UTC 2019 /home/travis/build/icyphy/ptII/ptolemy/actor/lib/test/auto/DiscreteClock22.xml
----------------- Instantiating /home/travis/build/icyphy/ptII/ptolemy/actor/lib/test/auto/DiscreteClock22.xml
7 ms. Memory: 278528K Free: 85992K (31%)
----------------- Invoking toplevel() on ptolemy.moml.MoMLSimpleApplication@6d2b664d
----------------- Done invoking toplevel() on ptolemy.moml.MoMLSimpleApplication@6d2b664d
reloadAllAccessors: .DiscreteClock22

===========================================================================================
----------------- testing Thu Jul 18 06:41:54 UTC 2019 /home/travis/build/icyphy/ptII/ptolemy/actor/lib/test/auto/DiscreteClock23.xml
----------------- Instantiating /home/travis/build/icyphy/ptII/ptolemy/actor/lib/test/auto/DiscreteClock23.xml
10 ms. Memory: 278528K Free: 80358K (29%)
----------------- Invoking toplevel() on ptolemy.moml.MoMLSimpleApplication@493eafab
----------------- Done invoking toplevel() on ptolemy.moml.MoMLSimpleApplication@493eafab
reloadAllAccessors: .DiscreteClock23

===========================================================================================
----------------- testing Thu Jul 18 06:41:54 UTC 2019 /home/travis/build/icyphy/ptII/ptolemy/actor/lib/test/auto/DiscreteClock24.xml
----------------- Instantiating /home/travis/build/icyphy/ptII/ptolemy/actor/lib/test/auto/DiscreteClock24.xml
5 ms. Memory: 278528K Free: 75238K (27%)
----------------- Invoking toplevel() on ptolemy.moml.MoMLSimpleApplication@3a0fdce3
----------------- Done invoking toplevel() on ptolemy.moml.MoMLSimpleApplication@3a0fdce3
reloadAllAccessors: .DiscreteClock24

===========================================================================================
----------------- testing Thu Jul 18 06:41:54 UTC 2019 /home/travis/build/icyphy/ptII/ptolemy/actor/lib/test/auto/DiscreteClock4.xml
----------------- Instantiating /home/travis/build/icyphy/ptII/ptolemy/actor/lib/test/auto/DiscreteClock4.xml
5 ms. Memory: 278528K Free: 69608K (25%)
----------------- Invoking toplevel() on ptolemy.moml.MoMLSimpleApplication@36970bcb
----------------- Done invoking toplevel() on ptolemy.moml.MoMLSimpleApplication@36970bcb
reloadAllAccessors: .DiscreteClock4

===========================================================================================
----------------- testing Thu Jul 18 06:41:54 UTC 2019 /home/travis/build/icyphy/ptII/ptolemy/actor/lib/test/auto/DiscreteClock5.xml
----------------- Instantiating /home/travis/build/icyphy/ptII/ptolemy/actor/lib/test/auto/DiscreteClock5.xml
1 ms. Memory: 278528K Free: 227821K (82%)
----------------- Invoking toplevel() on ptolemy.moml.MoMLSimpleApplication@c5564e7
----------------- Done invoking toplevel() on ptolemy.moml.MoMLSimpleApplication@c5564e7
reloadAllAccessors: .DiscreteClock5

===========================================================================================
----------------- testing Thu Jul 18 06:41:54 UTC 2019 /home/travis/build/icyphy/ptII/ptolemy/actor/lib/test/auto/DiscreteClock6.xml
----------------- Instantiating /home/travis/build/icyphy/ptII/ptolemy/actor/lib/test/auto/DiscreteClock6.xml
1 ms. Memory: 278528K Free: 223211K (80%)
----------------- Invoking toplevel() on ptolemy.moml.MoMLSimpleApplication@30255646
----------------- Done invoking toplevel() on ptolemy.moml.MoMLSimpleApplication@30255646
reloadAllAccessors: .DiscreteClock6

===========================================================================================
----------------- testing Thu Jul 18 06:41:54 UTC 2019 /home/travis/build/icyphy/ptII/ptolemy/actor/lib/test/auto/DiscreteClock7.xml
----------------- Instantiating /home/travis/build/icyphy/ptII/ptolemy/actor/lib/test/auto/DiscreteClock7.xml
1 ms. Memory: 278528K Free: 218091K (78%)
----------------- Invoking toplevel() on ptolemy.moml.MoMLSimpleApplication@17cdb5ad
----------------- Done invoking toplevel() on ptolemy.moml.MoMLSimpleApplication@17cdb5ad
reloadAllAccessors: .DiscreteClock7

===========================================================================================
----------------- testing Thu Jul 18 06:41:54 UTC 2019 /home/travis/build/icyphy/ptII/ptolemy/actor/lib/test/auto/DiscreteClock8.xml
----------------- Instantiating /home/travis/build/icyphy/ptII/ptolemy/actor/lib/test/auto/DiscreteClock8.xml
5 ms. Memory: 278528K Free: 212461K (76%)
----------------- Invoking toplevel() on ptolemy.moml.MoMLSimpleApplication@37a03203
----------------- Done invoking toplevel() on ptolemy.moml.MoMLSimpleApplication@37a03203
reloadAllAccessors: .DiscreteClock8

===========================================================================================
----------------- testing Thu Jul 18 06:41:54 UTC 2019 /home/travis/build/icyphy/ptII/ptolemy/actor/lib/test/auto/DiscreteClock9.xml
----------------- Instantiating /home/travis/build/icyphy/ptII/ptolemy/actor/lib/test/auto/DiscreteClock9.xml
7 ms. Memory: 278528K Free: 206821K (74%)
----------------- Invoking toplevel() on ptolemy.moml.MoMLSimpleApplication@114fbaef
----------------- Done invoking toplevel() on ptolemy.moml.MoMLSimpleApplication@114fbaef
reloadAllAccessors: .DiscreteClock9

===========================================================================================
----------------- testing Thu Jul 18 06:41:54 UTC 2019 /home/travis/build/icyphy/ptII/ptolemy/actor/lib/test/auto/DisplayArray.xml
----------------- Instantiating /home/travis/build/icyphy/ptII/ptolemy/actor/lib/test/auto/DisplayArray.xml
2 ms. Memory: 278528K Free: 203245K (73%)
----------------- Invoking toplevel() on ptolemy.moml.MoMLSimpleApplication@533d2e9f
----------------- Done invoking toplevel() on ptolemy.moml.MoMLSimpleApplication@533d2e9f
reloadAllAccessors: .DisplayArray

===========================================================================================
----------------- testing Thu Jul 18 06:41:54 UTC 2019 /home/travis/build/icyphy/ptII/ptolemy/actor/lib/test/auto/Distributor.xml
----------------- Instantiating /home/travis/build/icyphy/ptII/ptolemy/actor/lib/test/auto/Distributor.xml
2 ms. Memory: 278528K Free: 198635K (71%)
----------------- Invoking toplevel() on ptolemy.moml.MoMLSimpleApplication@4fcaa3a0
----------------- Done invoking toplevel() on ptolemy.moml.MoMLSimpleApplication@4fcaa3a0
reloadAllAccessors: .Distributor

===========================================================================================
----------------- testing Thu Jul 18 06:41:54 UTC 2019 /home/travis/build/icyphy/ptII/ptolemy/actor/lib/test/auto/Distributor2.xml
----------------- Instantiating /home/travis/build/icyphy/ptII/ptolemy/actor/lib/test/auto/Distributor2.xml
2 ms. Memory: 278528K Free: 193515K (69%)
----------------- Invoking toplevel() on ptolemy.moml.MoMLSimpleApplication@431a8d49
----------------- Done invoking toplevel() on ptolemy.moml.MoMLSimpleApplication@431a8d49
reloadAllAccessors: .Distributor2

===========================================================================================
----------------- testing Thu Jul 18 06:41:54 UTC 2019 /home/travis/build/icyphy/ptII/ptolemy/actor/lib/test/auto/DownSample.xml
----------------- Instantiating /home/travis/build/icyphy/ptII/ptolemy/actor/lib/test/auto/DownSample.xml
2 ms. Memory: 278528K Free: 188909K (68%)
----------------- Invoking toplevel() on ptolemy.moml.MoMLSimpleApplication@56aa9e36
----------------- Done invoking toplevel() on ptolemy.moml.MoMLSimpleApplication@56aa9e36
reloadAllAccessors: .DownSample

===========================================================================================
----------------- testing Thu Jul 18 06:41:54 UTC 2019 /home/travis/build/icyphy/ptII/ptolemy/actor/lib/test/auto/ElectronicUnitBase1.xml
----------------- Instantiating /home/travis/build/icyphy/ptII/ptolemy/actor/lib/test/auto/ElectronicUnitBase1.xml
17 ms. Memory: 278528K Free: 173549K (62%)
----------------- Invoking toplevel() on ptolemy.moml.MoMLSimpleApplication@38a2de2d
----------------- Done invoking toplevel() on ptolemy.moml.MoMLSimpleApplication@38a2de2d
reloadAllAccessors: .ElectronicUnitBase1

===========================================================================================
----------------- testing Thu Jul 18 06:41:54 UTC 2019 /home/travis/build/icyphy/ptII/ptolemy/actor/lib/test/auto/ElementsToArray.xml
----------------- Instantiating /home/travis/build/icyphy/ptII/ptolemy/actor/lib/test/auto/ElementsToArray.xml
3 ms. Memory: 278528K Free: 168429K (60%)
----------------- Invoking toplevel() on ptolemy.moml.MoMLSimpleApplication@4a0f0ce6
----------------- Done invoking toplevel() on ptolemy.moml.MoMLSimpleApplication@4a0f0ce6
reloadAllAccessors: .ElementsToArray

===========================================================================================
----------------- testing Thu Jul 18 06:41:55 UTC 2019 /home/travis/build/icyphy/ptII/ptolemy/actor/lib/test/auto/Equals.xml
----------------- Instantiating /home/travis/build/icyphy/ptII/ptolemy/actor/lib/test/auto/Equals.xml
3 ms. Memory: 278528K Free: 163819K (59%)
----------------- Invoking toplevel() on ptolemy.moml.MoMLSimpleApplication@111236eb
----------------- Done invoking toplevel() on ptolemy.moml.MoMLSimpleApplication@111236eb
reloadAllAccessors: .Equals

===========================================================================================
----------------- testing Thu Jul 18 06:41:55 UTC 2019 /home/travis/build/icyphy/ptII/ptolemy/actor/lib/test/auto/Exec.xml
----------------- Instantiating /home/travis/build/icyphy/ptII/ptolemy/actor/lib/test/auto/Exec.xml
22 ms. Memory: 278528K Free: 158699K (57%)
----------------- Invoking toplevel() on ptolemy.moml.MoMLSimpleApplication@6147c7f9
----------------- Done invoking toplevel() on ptolemy.moml.MoMLSimpleApplication@6147c7f9
reloadAllAccessors: .Exec

===========================================================================================
----------------- testing Thu Jul 18 06:41:55 UTC 2019 /home/travis/build/icyphy/ptII/ptolemy/actor/lib/test/auto/ExecEnvironment.xml
----------------- Instantiating /home/travis/build/icyphy/ptII/ptolemy/actor/lib/test/auto/ExecEnvironment.xml
23 ms. Memory: 278528K Free: 153549K (55%)
----------------- Invoking toplevel() on ptolemy.moml.MoMLSimpleApplication@5581df28
----------------- Done invoking toplevel() on ptolemy.moml.MoMLSimpleApplication@5581df28
reloadAllAccessors: .ExecEnvironment

===========================================================================================
----------------- testing Thu Jul 18 06:41:55 UTC 2019 /home/travis/build/icyphy/ptII/ptolemy/actor/lib/test/auto/ExecNonZeroReturnOutput.xml
----------------- Instantiating /home/travis/build/icyphy/ptII/ptolemy/actor/lib/test/auto/ExecNonZeroReturnOutput.xml
196 ms. Memory: 278528K Free: 142315K (51%)
----------------- Invoking toplevel() on ptolemy.moml.MoMLSimpleApplication@2281e367
----------------- Done invoking toplevel() on ptolemy.moml.MoMLSimpleApplication@2281e367
reloadAllAccessors: .ExecNonZeroReturnOutput

===========================================================================================
----------------- testing Thu Jul 18 06:41:55 UTC 2019 /home/travis/build/icyphy/ptII/ptolemy/actor/lib/test/auto/ExecRunDemos.xml
----------------- Instantiating /home/travis/build/icyphy/ptII/ptolemy/actor/lib/test/auto/ExecRunDemos.xml
Finished: 112 ms. Memory: 120832K Free: 104321K (86%)

Finished: 101 ms. Memory: 120832K Free: 110738K (92%)

Finished: 98 ms. Memory: 120832K Free: 110816K (92%)

Finished: 105 ms. Memory: 120832K Free: 103205K (85%)

Finished: 73 ms. Memory: 120832K Free: 104179K (86%)

11289 ms. Memory: 278528K Free: 121323K (44%)
----------------- Invoking toplevel() on ptolemy.moml.MoMLSimpleApplication@b04fa37
----------------- Done invoking toplevel() on ptolemy.moml.MoMLSimpleApplication@b04fa37
reloadAllAccessors: .ExecRunDemos

===========================================================================================
----------------- testing Thu Jul 18 06:42:06 UTC 2019 /home/travis/build/icyphy/ptII/ptolemy/actor/lib/test/auto/ExecStop.xml
----------------- Instantiating /home/travis/build/icyphy/ptII/ptolemy/actor/lib/test/auto/ExecStop.xml
5022 ms. Memory: 444416K Free: 352795K (79%)
----------------- Invoking toplevel() on ptolemy.moml.MoMLSimpleApplication@3c24d01c
----------------- Done invoking toplevel() on ptolemy.moml.MoMLSimpleApplication@3c24d01c
reloadAllAccessors: .ExecStop

===========================================================================================
----------------- testing Thu Jul 18 06:42:11 UTC 2019 /home/travis/build/icyphy/ptII/ptolemy/actor/lib/test/auto/ExecutionTimeSDF.xml
----------------- Instantiating /home/travis/build/icyphy/ptII/ptolemy/actor/lib/test/auto/ExecutionTimeSDF.xml
Fired ExecutionTime: -2001767296
Fired ExecutionTime: 1052000000
Fired ExecutionTime: -1103767296
6012 ms. Memory: 444416K Free: 339981K (77%)
----------------- Invoking toplevel() on ptolemy.moml.MoMLSimpleApplication@77f0d750
----------------- Done invoking toplevel() on ptolemy.moml.MoMLSimpleApplication@77f0d750
reloadAllAccessors: .ExecutionTimeSDF

===========================================================================================
----------------- testing Thu Jul 18 06:42:17 UTC 2019 /home/travis/build/icyphy/ptII/ptolemy/actor/lib/test/auto/Expression1.xml
----------------- Instantiating /home/travis/build/icyphy/ptII/ptolemy/actor/lib/test/auto/Expression1.xml
1 ms. Memory: 444416K Free: 336413K (76%)
----------------- Invoking toplevel() on ptolemy.moml.MoMLSimpleApplication@6393e5b8
----------------- Done invoking toplevel() on ptolemy.moml.MoMLSimpleApplication@6393e5b8
reloadAllAccessors: .Expression1

===========================================================================================
----------------- testing Thu Jul 18 06:42:17 UTC 2019 /home/travis/build/icyphy/ptII/ptolemy/actor/lib/test/auto/Expression10.xml
----------------- Instantiating /home/travis/build/icyphy/ptII/ptolemy/actor/lib/test/auto/Expression10.xml
11 ms. Memory: 444416K Free: 331293K (75%)
----------------- Invoking toplevel() on ptolemy.moml.MoMLSimpleApplication@740110d0
----------------- Done invoking toplevel() on ptolemy.moml.MoMLSimpleApplication@740110d0
reloadAllAccessors: .Expression10

===========================================================================================
----------------- testing Thu Jul 18 06:42:17 UTC 2019 /home/travis/build/icyphy/ptII/ptolemy/actor/lib/test/auto/Expression11.xml
----------------- Instantiating /home/travis/build/icyphy/ptII/ptolemy/actor/lib/test/auto/Expression11.xml
3 ms. Memory: 444416K Free: 326683K (74%)
----------------- Invoking toplevel() on ptolemy.moml.MoMLSimpleApplication@445e3e35
----------------- Done invoking toplevel() on ptolemy.moml.MoMLSimpleApplication@445e3e35
reloadAllAccessors: .Expression11

===========================================================================================
----------------- testing Thu Jul 18 06:42:17 UTC 2019 /home/travis/build/icyphy/ptII/ptolemy/actor/lib/test/auto/Expression12.xml
----------------- Instantiating /home/travis/build/icyphy/ptII/ptolemy/actor/lib/test/auto/Expression12.xml
4 ms. Memory: 444416K Free: 321563K (72%)
----------------- Invoking toplevel() on ptolemy.moml.MoMLSimpleApplication@7affef22
----------------- Done invoking toplevel() on ptolemy.moml.MoMLSimpleApplication@7affef22
reloadAllAccessors: .Expression12

===========================================================================================
----------------- testing Thu Jul 18 06:42:17 UTC 2019 /home/travis/build/icyphy/ptII/ptolemy/actor/lib/test/auto/Expression13.xml
----------------- Instantiating /home/travis/build/icyphy/ptII/ptolemy/actor/lib/test/auto/Expression13.xml
4 ms. Memory: 444416K Free: 316443K (71%)
----------------- Invoking toplevel() on ptolemy.moml.MoMLSimpleApplication@5d34954b
----------------- Done invoking toplevel() on ptolemy.moml.MoMLSimpleApplication@5d34954b
reloadAllAccessors: .Expression13

===========================================================================================
----------------- testing Thu Jul 18 06:42:17 UTC 2019 /home/travis/build/icyphy/ptII/ptolemy/actor/lib/test/auto/Expression14.xml
----------------- Instantiating /home/travis/build/icyphy/ptII/ptolemy/actor/lib/test/auto/Expression14.xml
9 ms. Memory: 444416K Free: 310299K (70%)
----------------- Invoking toplevel() on ptolemy.moml.MoMLSimpleApplication@4a170a9
----------------- Done invoking toplevel() on ptolemy.moml.MoMLSimpleApplication@4a170a9
reloadAllAccessors: .Expression14

===========================================================================================
----------------- testing Thu Jul 18 06:42:17 UTC 2019 /home/travis/build/icyphy/ptII/ptolemy/actor/lib/test/auto/Expression15.xml
----------------- Instantiating /home/travis/build/icyphy/ptII/ptolemy/actor/lib/test/auto/Expression15.xml
2 ms. Memory: 444416K Free: 306717K (69%)
----------------- Invoking toplevel() on ptolemy.moml.MoMLSimpleApplication@1530be42
----------------- Done invoking toplevel() on ptolemy.moml.MoMLSimpleApplication@1530be42
reloadAllAccessors: .Expression15

===========================================================================================
----------------- testing Thu Jul 18 06:42:17 UTC 2019 /home/travis/build/icyphy/ptII/ptolemy/actor/lib/test/auto/Expression16.xml
----------------- Instantiating /home/travis/build/icyphy/ptII/ptolemy/actor/lib/test/auto/Expression16.xml
4 ms. Memory: 444416K Free: 301597K (68%)
----------------- Invoking toplevel() on ptolemy.moml.MoMLSimpleApplication@70fd0bc5
----------------- Done invoking toplevel() on ptolemy.moml.MoMLSimpleApplication@70fd0bc5
reloadAllAccessors: .Expression16

===========================================================================================
----------------- testing Thu Jul 18 06:42:17 UTC 2019 /home/travis/build/icyphy/ptII/ptolemy/actor/lib/test/auto/Expression17.xml
----------------- Instantiating /home/travis/build/icyphy/ptII/ptolemy/actor/lib/test/auto/Expression17.xml
3 ms. Memory: 444416K Free: 296987K (67%)
----------------- Invoking toplevel() on ptolemy.moml.MoMLSimpleApplication@4d2c5cbd
----------------- Done invoking toplevel() on ptolemy.moml.MoMLSimpleApplication@4d2c5cbd
reloadAllAccessors: .Expression17

===========================================================================================
----------------- testing Thu Jul 18 06:42:17 UTC 2019 /home/travis/build/icyphy/ptII/ptolemy/actor/lib/test/auto/Expression18.xml
----------------- Instantiating /home/travis/build/icyphy/ptII/ptolemy/actor/lib/test/auto/Expression18.xml
4 ms. Memory: 444416K Free: 291867K (66%)
----------------- Invoking toplevel() on ptolemy.moml.MoMLSimpleApplication@6ffa40d8
----------------- Done invoking toplevel() on ptolemy.moml.MoMLSimpleApplication@6ffa40d8
reloadAllAccessors: .Expression18

===========================================================================================
----------------- testing Thu Jul 18 06:42:18 UTC 2019 /home/travis/build/icyphy/ptII/ptolemy/actor/lib/test/auto/Expression2.xml
----------------- Instantiating /home/travis/build/icyphy/ptII/ptolemy/actor/lib/test/auto/Expression2.xml
4 ms. Memory: 444416K Free: 286747K (65%)
----------------- Invoking toplevel() on ptolemy.moml.MoMLSimpleApplication@39f93355
----------------- Done invoking toplevel() on ptolemy.moml.MoMLSimpleApplication@39f93355
reloadAllAccessors: .Expression2

===========================================================================================
----------------- testing Thu Jul 18 06:42:18 UTC 2019 /home/travis/build/icyphy/ptII/ptolemy/actor/lib/test/auto/Expression3.xml
----------------- Instantiating /home/travis/build/icyphy/ptII/ptolemy/actor/lib/test/auto/Expression3.xml
7 ms. Memory: 444416K Free: 282141K (63%)
----------------- Invoking toplevel() on ptolemy.moml.MoMLSimpleApplication@3dd48fe
----------------- Done invoking toplevel() on ptolemy.moml.MoMLSimpleApplication@3dd48fe
reloadAllAccessors: .Expression3

===========================================================================================
----------------- testing Thu Jul 18 06:42:18 UTC 2019 /home/travis/build/icyphy/ptII/ptolemy/actor/lib/test/auto/Expression4.xml
----------------- Instantiating /home/travis/build/icyphy/ptII/ptolemy/actor/lib/test/auto/Expression4.xml
10 ms. Memory: 444416K Free: 274453K (62%)
----------------- Invoking toplevel() on ptolemy.moml.MoMLSimpleApplication@463d7e9e
----------------- Done invoking toplevel() on ptolemy.moml.MoMLSimpleApplication@463d7e9e
reloadAllAccessors: .Expression4

===========================================================================================
----------------- testing Thu Jul 18 06:42:18 UTC 2019 /home/travis/build/icyphy/ptII/ptolemy/actor/lib/test/auto/Expression5.xml
----------------- Instantiating /home/travis/build/icyphy/ptII/ptolemy/actor/lib/test/auto/Expression5.xml
8 ms. Memory: 444416K Free: 269853K (61%)
----------------- Invoking toplevel() on ptolemy.moml.MoMLSimpleApplication@77a4dd66
----------------- Done invoking toplevel() on ptolemy.moml.MoMLSimpleApplication@77a4dd66
reloadAllAccessors: .Expression5

===========================================================================================
----------------- testing Thu Jul 18 06:42:18 UTC 2019 /home/travis/build/icyphy/ptII/ptolemy/actor/lib/test/auto/Expression6.xml
----------------- Instantiating /home/travis/build/icyphy/ptII/ptolemy/actor/lib/test/auto/Expression6.xml
2 ms. Memory: 444416K Free: 265243K (60%)
----------------- Invoking toplevel() on ptolemy.moml.MoMLSimpleApplication@175242b6
----------------- Done invoking toplevel() on ptolemy.moml.MoMLSimpleApplication@175242b6
reloadAllAccessors: .Expression6

===========================================================================================
----------------- testing Thu Jul 18 06:42:18 UTC 2019 /home/travis/build/icyphy/ptII/ptolemy/actor/lib/test/auto/Expression7.xml
----------------- Instantiating /home/travis/build/icyphy/ptII/ptolemy/actor/lib/test/auto/Expression7.xml
3 ms. Memory: 444416K Free: 260123K (59%)
----------------- Invoking toplevel() on ptolemy.moml.MoMLSimpleApplication@140a31f5
----------------- Done invoking toplevel() on ptolemy.moml.MoMLSimpleApplication@140a31f5
reloadAllAccessors: .Expression7

===========================================================================================
----------------- testing Thu Jul 18 06:42:18 UTC 2019 /home/travis/build/icyphy/ptII/ptolemy/actor/lib/test/auto/Expression8.xml
----------------- Instantiating /home/travis/build/icyphy/ptII/ptolemy/actor/lib/test/auto/Expression8.xml
11 ms. Memory: 444416K Free: 255517K (57%)
----------------- Invoking toplevel() on ptolemy.moml.MoMLSimpleApplication@33b35324
----------------- Done invoking toplevel() on ptolemy.moml.MoMLSimpleApplication@33b35324
reloadAllAccessors: .Expression8

===========================================================================================
----------------- testing Thu Jul 18 06:42:18 UTC 2019 /home/travis/build/icyphy/ptII/ptolemy/actor/lib/test/auto/Expression9.xml
----------------- Instantiating /home/travis/build/icyphy/ptII/ptolemy/actor/lib/test/auto/Expression9.xml
1 ms. Memory: 444416K Free: 251421K (57%)
----------------- Invoking toplevel() on ptolemy.moml.MoMLSimpleApplication@4fd03b6c
----------------- Done invoking toplevel() on ptolemy.moml.MoMLSimpleApplication@4fd03b6c
reloadAllAccessors: .Expression9

===========================================================================================
----------------- testing Thu Jul 18 06:42:18 UTC 2019 /home/travis/build/icyphy/ptII/ptolemy/actor/lib/test/auto/ExpressionConcatenateArrayType.xml
----------------- Instantiating /home/travis/build/icyphy/ptII/ptolemy/actor/lib/test/auto/ExpressionConcatenateArrayType.xml
4 ms. Memory: 444416K Free: 244763K (55%)
----------------- Invoking toplevel() on ptolemy.moml.MoMLSimpleApplication@20b2bf84
----------------- Done invoking toplevel() on ptolemy.moml.MoMLSimpleApplication@20b2bf84
reloadAllAccessors: .ExpressionConcatenateArrayType

===========================================================================================
----------------- testing Thu Jul 18 06:42:18 UTC 2019 /home/travis/build/icyphy/ptII/ptolemy/actor/lib/test/auto/ExpressionConcatenateArrayType2.xml
----------------- Instantiating /home/travis/build/icyphy/ptII/ptolemy/actor/lib/test/auto/ExpressionConcatenateArrayType2.xml
2 ms. Memory: 444416K Free: 239643K (54%)
----------------- Invoking toplevel() on ptolemy.moml.MoMLSimpleApplication@4d9b0aa9
----------------- Done invoking toplevel() on ptolemy.moml.MoMLSimpleApplication@4d9b0aa9
reloadAllAccessors: .ExpressionConcatenateArrayType2

===========================================================================================
----------------- testing Thu Jul 18 06:42:18 UTC 2019 /home/travis/build/icyphy/ptII/ptolemy/actor/lib/test/auto/ExpressionFix.xml
----------------- Instantiating /home/travis/build/icyphy/ptII/ptolemy/actor/lib/test/auto/ExpressionFix.xml
26 ms. Memory: 444416K Free: 232989K (52%)
----------------- Invoking toplevel() on ptolemy.moml.MoMLSimpleApplication@4cd1f721
----------------- Done invoking toplevel() on ptolemy.moml.MoMLSimpleApplication@4cd1f721
reloadAllAccessors: .ExpressionFix

===========================================================================================
----------------- testing Thu Jul 18 06:42:18 UTC 2019 /home/travis/build/icyphy/ptII/ptolemy/actor/lib/test/auto/ExpressionFix2.xml
----------------- Instantiating /home/travis/build/icyphy/ptII/ptolemy/actor/lib/test/auto/ExpressionFix2.xml
4 ms. Memory: 444416K Free: 229403K (52%)
----------------- Invoking toplevel() on ptolemy.moml.MoMLSimpleApplication@134d2fab
----------------- Done invoking toplevel() on ptolemy.moml.MoMLSimpleApplication@134d2fab
reloadAllAccessors: .ExpressionFix2

===========================================================================================
----------------- testing Thu Jul 18 06:42:18 UTC 2019 /home/travis/build/icyphy/ptII/ptolemy/actor/lib/test/auto/ExpressionFix3.xml
----------------- Instantiating /home/travis/build/icyphy/ptII/ptolemy/actor/lib/test/auto/ExpressionFix3.xml
3 ms. Memory: 444416K Free: 224797K (51%)
----------------- Invoking toplevel() on ptolemy.moml.MoMLSimpleApplication@524e168a
----------------- Done invoking toplevel() on ptolemy.moml.MoMLSimpleApplication@524e168a
reloadAllAccessors: .ExpressionFix3

===========================================================================================
----------------- testing Thu Jul 18 06:42:18 UTC 2019 /home/travis/build/icyphy/ptII/ptolemy/actor/lib/test/auto/FileWriter1.xml
----------------- Instantiating /home/travis/build/icyphy/ptII/ptolemy/actor/lib/test/auto/FileWriter1.xml
2 ms. Memory: 444416K Free: 220701K (50%)
----------------- Invoking toplevel() on ptolemy.moml.MoMLSimpleApplication@6afc577f
----------------- Done invoking toplevel() on ptolemy.moml.MoMLSimpleApplication@6afc577f
reloadAllAccessors: .FileWriter1

===========================================================================================
----------------- testing Thu Jul 18 06:42:18 UTC 2019 /home/travis/build/icyphy/ptII/ptolemy/actor/lib/test/auto/FileWriter2.xml
----------------- Instantiating /home/travis/build/icyphy/ptII/ptolemy/actor/lib/test/auto/FileWriter2.xml
3 ms. Memory: 444416K Free: 216605K (49%)
----------------- Invoking toplevel() on ptolemy.moml.MoMLSimpleApplication@404a8bef
----------------- Done invoking toplevel() on ptolemy.moml.MoMLSimpleApplication@404a8bef
reloadAllAccessors: .FileWriter2

===========================================================================================
----------------- testing Thu Jul 18 06:42:18 UTC 2019 /home/travis/build/icyphy/ptII/ptolemy/actor/lib/test/auto/FileWriter3.xml
----------------- Instantiating /home/travis/build/icyphy/ptII/ptolemy/actor/lib/test/auto/FileWriter3.xml
3 ms. Memory: 444416K Free: 212509K (48%)
----------------- Invoking toplevel() on ptolemy.moml.MoMLSimpleApplication@244f3739
----------------- Done invoking toplevel() on ptolemy.moml.MoMLSimpleApplication@244f3739
reloadAllAccessors: .FileWriter3

===========================================================================================
----------------- testing Thu Jul 18 06:42:18 UTC 2019 /home/travis/build/icyphy/ptII/ptolemy/actor/lib/test/auto/Gaussian.xml
----------------- Instantiating /home/travis/build/icyphy/ptII/ptolemy/actor/lib/test/auto/Gaussian.xml
2 ms. Memory: 444416K Free: 207899K (47%)
----------------- Invoking toplevel() on ptolemy.moml.MoMLSimpleApplication@412ed64e
----------------- Done invoking toplevel() on ptolemy.moml.MoMLSimpleApplication@412ed64e
reloadAllAccessors: .Gaussian

===========================================================================================
----------------- testing Thu Jul 18 06:42:18 UTC 2019 /home/travis/build/icyphy/ptII/ptolemy/actor/lib/test/auto/Gaussian1.xml
----------------- Instantiating /home/travis/build/icyphy/ptII/ptolemy/actor/lib/test/auto/Gaussian1.xml
10 ms. Memory: 444416K Free: 202765K (46%)
----------------- Invoking toplevel() on ptolemy.moml.MoMLSimpleApplication@62ef7314
----------------- Done invoking toplevel() on ptolemy.moml.MoMLSimpleApplication@62ef7314
reloadAllAccessors: .Gaussian1

===========================================================================================
----------------- testing Thu Jul 18 06:42:18 UTC 2019 /home/travis/build/icyphy/ptII/ptolemy/actor/lib/test/auto/Gaussian2.xml
----------------- Instantiating /home/travis/build/icyphy/ptII/ptolemy/actor/lib/test/auto/Gaussian2.xml
3 ms. Memory: 444416K Free: 197149K (44%)
----------------- Invoking toplevel() on ptolemy.moml.MoMLSimpleApplication@368cd003
----------------- Done invoking toplevel() on ptolemy.moml.MoMLSimpleApplication@368cd003
reloadAllAccessors: .Gaussian2

===========================================================================================
----------------- testing Thu Jul 18 06:42:18 UTC 2019 /home/travis/build/icyphy/ptII/ptolemy/actor/lib/test/auto/GradientAdaptiveLattice.xml
----------------- Instantiating /home/travis/build/icyphy/ptII/ptolemy/actor/lib/test/auto/GradientAdaptiveLattice.xml
2 ms. Memory: 444416K Free: 191515K (43%)
----------------- Invoking toplevel() on ptolemy.moml.MoMLSimpleApplication@4739faaa
----------------- Done invoking toplevel() on ptolemy.moml.MoMLSimpleApplication@4739faaa
reloadAllAccessors: .GradientAdaptiveLattice

===========================================================================================
----------------- testing Thu Jul 18 06:42:18 UTC 2019 /home/travis/build/icyphy/ptII/ptolemy/actor/lib/test/auto/IIR.xml
----------------- Instantiating /home/travis/build/icyphy/ptII/ptolemy/actor/lib/test/auto/IIR.xml
1 ms. Memory: 444416K Free: 187419K (42%)
----------------- Invoking toplevel() on ptolemy.moml.MoMLSimpleApplication@6d6d573d
----------------- Done invoking toplevel() on ptolemy.moml.MoMLSimpleApplication@6d6d573d
reloadAllAccessors: .IIR

===========================================================================================
----------------- testing Thu Jul 18 06:42:18 UTC 2019 /home/travis/build/icyphy/ptII/ptolemy/actor/lib/test/auto/InputOutputTransparentPorts.xml
----------------- Instantiating /home/travis/build/icyphy/ptII/ptolemy/actor/lib/test/auto/InputOutputTransparentPorts.xml
2 ms. Memory: 444416K Free: 180251K (41%)
----------------- Invoking toplevel() on ptolemy.moml.MoMLSimpleApplication@2a0e9e5f
----------------- Done invoking toplevel() on ptolemy.moml.MoMLSimpleApplication@2a0e9e5f
reloadAllAccessors: .InputOutputTransparentPorts

===========================================================================================
----------------- testing Thu Jul 18 06:42:18 UTC 2019 /home/travis/build/icyphy/ptII/ptolemy/actor/lib/test/auto/Interpolator.xml
----------------- Instantiating /home/travis/build/icyphy/ptII/ptolemy/actor/lib/test/auto/Interpolator.xml
4 ms. Memory: 444416K Free: 176155K (40%)
----------------- Invoking toplevel() on ptolemy.moml.MoMLSimpleApplication@7e9bfb01
----------------- Done invoking toplevel() on ptolemy.moml.MoMLSimpleApplication@7e9bfb01
reloadAllAccessors: .Interpolator

===========================================================================================
----------------- testing Thu Jul 18 06:42:18 UTC 2019 /home/travis/build/icyphy/ptII/ptolemy/actor/lib/test/auto/InterpolatorFiringLimitDE.xml
----------------- Instantiating /home/travis/build/icyphy/ptII/ptolemy/actor/lib/test/auto/InterpolatorFiringLimitDE.xml
3 ms. Memory: 444416K Free: 170525K (38%)
----------------- Invoking toplevel() on ptolemy.moml.MoMLSimpleApplication@42ff7083
----------------- Done invoking toplevel() on ptolemy.moml.MoMLSimpleApplication@42ff7083
reloadAllAccessors: .InterpolatorFiringLimitDE

===========================================================================================
----------------- testing Thu Jul 18 06:42:18 UTC 2019 /home/travis/build/icyphy/ptII/ptolemy/actor/lib/test/auto/Lattice.xml
----------------- Instantiating /home/travis/build/icyphy/ptII/ptolemy/actor/lib/test/auto/Lattice.xml
1 ms. Memory: 444416K Free: 166429K (37%)
----------------- Invoking toplevel() on ptolemy.moml.MoMLSimpleApplication@3308903c
----------------- Done invoking toplevel() on ptolemy.moml.MoMLSimpleApplication@3308903c
reloadAllAccessors: .Lattice

===========================================================================================
----------------- testing Thu Jul 18 06:42:18 UTC 2019 /home/travis/build/icyphy/ptII/ptolemy/actor/lib/test/auto/LazyAOCTestLazy.xml
----------------- Instantiating /home/travis/build/icyphy/ptII/ptolemy/actor/lib/test/auto/LazyAOCTestLazy.xml
9 ms. Memory: 444416K Free: 160285K (36%)
----------------- Invoking toplevel() on ptolemy.moml.MoMLSimpleApplication@35ff2b43
----------------- Done invoking toplevel() on ptolemy.moml.MoMLSimpleApplication@35ff2b43
reloadAllAccessors: .LazyAOCTestLazy

===========================================================================================
----------------- testing Thu Jul 18 06:42:18 UTC 2019 /home/travis/build/icyphy/ptII/ptolemy/actor/lib/test/auto/LazyAOCTestNonLazy.xml
----------------- Instantiating /home/travis/build/icyphy/ptII/ptolemy/actor/lib/test/auto/LazyAOCTestNonLazy.xml
3 ms. Memory: 444416K Free: 154141K (35%)
----------------- Invoking toplevel() on ptolemy.moml.MoMLSimpleApplication@20e0e3c0
----------------- Done invoking toplevel() on ptolemy.moml.MoMLSimpleApplication@20e0e3c0
reloadAllAccessors: .LazyAOCTestNonLazy

===========================================================================================
----------------- testing Thu Jul 18 06:42:18 UTC 2019 /home/travis/build/icyphy/ptII/ptolemy/actor/lib/test/auto/LazyInnerClass.xml
----------------- Instantiating /home/travis/build/icyphy/ptII/ptolemy/actor/lib/test/auto/LazyInnerClass.xml
22 ms. Memory: 444416K Free: 145421K (33%)
----------------- Invoking toplevel() on ptolemy.moml.MoMLSimpleApplication@42d510db
----------------- Done invoking toplevel() on ptolemy.moml.MoMLSimpleApplication@42d510db
reloadAllAccessors: .LazyInnerClass

===========================================================================================
----------------- testing Thu Jul 18 06:42:18 UTC 2019 /home/travis/build/icyphy/ptII/ptolemy/actor/lib/test/auto/LazyPubSub.xml
----------------- Instantiating /home/travis/build/icyphy/ptII/ptolemy/actor/lib/test/auto/LazyPubSub.xml
19 ms. Memory: 444416K Free: 387736K (87%)
----------------- Invoking toplevel() on ptolemy.moml.MoMLSimpleApplication@5700fa0d
----------------- Done invoking toplevel() on ptolemy.moml.MoMLSimpleApplication@5700fa0d
reloadAllAccessors: .LazyPubSub

===========================================================================================
----------------- testing Thu Jul 18 06:42:18 UTC 2019 /home/travis/build/icyphy/ptII/ptolemy/actor/lib/test/auto/LazyPubSub2.xml
----------------- Instantiating /home/travis/build/icyphy/ptII/ptolemy/actor/lib/test/auto/LazyPubSub2.xml
21 ms. Memory: 444416K Free: 378010K (85%)
----------------- Invoking toplevel() on ptolemy.moml.MoMLSimpleApplication@7077596e
----------------- Done invoking toplevel() on ptolemy.moml.MoMLSimpleApplication@7077596e
reloadAllAccessors: .LazyPubSub2

===========================================================================================
----------------- testing Thu Jul 18 06:42:18 UTC 2019 /home/travis/build/icyphy/ptII/ptolemy/actor/lib/test/auto/LazyPubSub3.xml
----------------- Instantiating /home/travis/build/icyphy/ptII/ptolemy/actor/lib/test/auto/LazyPubSub3.xml
17 ms. Memory: 444416K Free: 367770K (83%)
----------------- Invoking toplevel() on ptolemy.moml.MoMLSimpleApplication@302df7a4
----------------- Done invoking toplevel() on ptolemy.moml.MoMLSimpleApplication@302df7a4
reloadAllAccessors: .LazyPubSub3

===========================================================================================
----------------- testing Thu Jul 18 06:42:18 UTC 2019 /home/travis/build/icyphy/ptII/ptolemy/actor/lib/test/auto/LazySubClassModel.xml
----------------- Instantiating /home/travis/build/icyphy/ptII/ptolemy/actor/lib/test/auto/LazySubClassModel.xml
1 ms. Memory: 444416K Free: 358040K (81%)
----------------- Invoking toplevel() on ptolemy.moml.MoMLSimpleApplication@39b9037
----------------- Done invoking toplevel() on ptolemy.moml.MoMLSimpleApplication@39b9037
reloadAllAccessors: .LazySubClassModel

===========================================================================================
----------------- testing Thu Jul 18 06:42:18 UTC 2019 /home/travis/build/icyphy/ptII/ptolemy/actor/lib/test/auto/LevelCrossTest1.xml
----------------- Instantiating /home/travis/build/icyphy/ptII/ptolemy/actor/lib/test/auto/LevelCrossTest1.xml
1 ms. Memory: 444416K Free: 352920K (79%)
----------------- Invoking toplevel() on ptolemy.moml.MoMLSimpleApplication@a73ba4a
----------------- Done invoking toplevel() on ptolemy.moml.MoMLSimpleApplication@a73ba4a
reloadAllAccessors: .broken

===========================================================================================
----------------- testing Thu Jul 18 06:42:18 UTC 2019 /home/travis/build/icyphy/ptII/ptolemy/actor/lib/test/auto/LevelCrossTest10.xml
----------------- Instantiating /home/travis/build/icyphy/ptII/ptolemy/actor/lib/test/auto/LevelCrossTest10.xml
1 ms. Memory: 444416K Free: 345242K (78%)
----------------- Invoking toplevel() on ptolemy.moml.MoMLSimpleApplication@5c32e13d
----------------- Done invoking toplevel() on ptolemy.moml.MoMLSimpleApplication@5c32e13d
reloadAllAccessors: .LevelCrossTest10

===========================================================================================
----------------- testing Thu Jul 18 06:42:18 UTC 2019 /home/travis/build/icyphy/ptII/ptolemy/actor/lib/test/auto/LevelCrossTest11.xml
----------------- Instantiating /home/travis/build/icyphy/ptII/ptolemy/actor/lib/test/auto/LevelCrossTest11.xml
2 ms. Memory: 444416K Free: 338584K (76%)
----------------- Invoking toplevel() on ptolemy.moml.MoMLSimpleApplication@4eb06f4b
----------------- Done invoking toplevel() on ptolemy.moml.MoMLSimpleApplication@4eb06f4b
reloadAllAccessors: .LevelCrossTest11

===========================================================================================
----------------- testing Thu Jul 18 06:42:18 UTC 2019 /home/travis/build/icyphy/ptII/ptolemy/actor/lib/test/auto/LevelCrossTest12.xml
----------------- Instantiating /home/travis/build/icyphy/ptII/ptolemy/actor/lib/test/auto/LevelCrossTest12.xml
1 ms. Memory: 444416K Free: 331930K (75%)
----------------- Invoking toplevel() on ptolemy.moml.MoMLSimpleApplication@4692739a
----------------- Done invoking toplevel() on ptolemy.moml.MoMLSimpleApplication@4692739a
reloadAllAccessors: .LevelCrossTest12

===========================================================================================
----------------- testing Thu Jul 18 06:42:19 UTC 2019 /home/travis/build/icyphy/ptII/ptolemy/actor/lib/test/auto/LevelCrossTest13.xml
----------------- Instantiating /home/travis/build/icyphy/ptII/ptolemy/actor/lib/test/auto/LevelCrossTest13.xml
1 ms. Memory: 444416K Free: 324762K (73%)
----------------- Invoking toplevel() on ptolemy.moml.MoMLSimpleApplication@47e85047
----------------- Done invoking toplevel() on ptolemy.moml.MoMLSimpleApplication@47e85047
reloadAllAccessors: .LevelCrossTest13

===========================================================================================
----------------- testing Thu Jul 18 06:42:19 UTC 2019 /home/travis/build/icyphy/ptII/ptolemy/actor/lib/test/auto/LevelCrossTest2.xml
----------------- Instantiating /home/travis/build/icyphy/ptII/ptolemy/actor/lib/test/auto/LevelCrossTest2.xml
2 ms. Memory: 444416K Free: 319128K (72%)
----------------- Invoking toplevel() on ptolemy.moml.MoMLSimpleApplication@33eed490
----------------- Done invoking toplevel() on ptolemy.moml.MoMLSimpleApplication@33eed490
reloadAllAccessors: .broken

===========================================================================================
----------------- testing Thu Jul 18 06:42:19 UTC 2019 /home/travis/build/icyphy/ptII/ptolemy/actor/lib/test/auto/LevelCrossTest3.xml
----------------- Instantiating /home/travis/build/icyphy/ptII/ptolemy/actor/lib/test/auto/LevelCrossTest3.xml
2 ms. Memory: 444416K Free: 313498K (71%)
----------------- Invoking toplevel() on ptolemy.moml.MoMLSimpleApplication@117b1b91
----------------- Done invoking toplevel() on ptolemy.moml.MoMLSimpleApplication@117b1b91
reloadAllAccessors: .LevelCrossTest3

===========================================================================================
----------------- testing Thu Jul 18 06:42:19 UTC 2019 /home/travis/build/icyphy/ptII/ptolemy/actor/lib/test/auto/LevelCrossTest4.xml
----------------- Instantiating /home/travis/build/icyphy/ptII/ptolemy/actor/lib/test/auto/LevelCrossTest4.xml
1 ms. Memory: 444416K Free: 308378K (69%)
----------------- Invoking toplevel() on ptolemy.moml.MoMLSimpleApplication@219e027f
----------------- Done invoking toplevel() on ptolemy.moml.MoMLSimpleApplication@219e027f
reloadAllAccessors: .broken

===========================================================================================
----------------- testing Thu Jul 18 06:42:19 UTC 2019 /home/travis/build/icyphy/ptII/ptolemy/actor/lib/test/auto/LevelCrossTest5.xml
----------------- Instantiating /home/travis/build/icyphy/ptII/ptolemy/actor/lib/test/auto/LevelCrossTest5.xml
5 ms. Memory: 444416K Free: 301720K (68%)
----------------- Invoking toplevel() on ptolemy.moml.MoMLSimpleApplication@47f66d20
----------------- Done invoking toplevel() on ptolemy.moml.MoMLSimpleApplication@47f66d20
reloadAllAccessors: .LevelCrossTest5

===========================================================================================
----------------- testing Thu Jul 18 06:42:19 UTC 2019 /home/travis/build/icyphy/ptII/ptolemy/actor/lib/test/auto/LevelCrossTest6.xml
----------------- Instantiating /home/travis/build/icyphy/ptII/ptolemy/actor/lib/test/auto/LevelCrossTest6.xml
1 ms. Memory: 444416K Free: 295066K (66%)
----------------- Invoking toplevel() on ptolemy.moml.MoMLSimpleApplication@6622d883
----------------- Done invoking toplevel() on ptolemy.moml.MoMLSimpleApplication@6622d883
reloadAllAccessors: .LevelCrossTest6

===========================================================================================
----------------- testing Thu Jul 18 06:42:19 UTC 2019 /home/travis/build/icyphy/ptII/ptolemy/actor/lib/test/auto/LevelCrossTest7.xml
----------------- Instantiating /home/travis/build/icyphy/ptII/ptolemy/actor/lib/test/auto/LevelCrossTest7.xml
1 ms. Memory: 444416K Free: 287384K (65%)
----------------- Invoking toplevel() on ptolemy.moml.MoMLSimpleApplication@1c74dc34
----------------- Done invoking toplevel() on ptolemy.moml.MoMLSimpleApplication@1c74dc34
reloadAllAccessors: .LevelCrossTest7

===========================================================================================
----------------- testing Thu Jul 18 06:42:19 UTC 2019 /home/travis/build/icyphy/ptII/ptolemy/actor/lib/test/auto/LevelCrossTest8.xml
----------------- Instantiating /home/travis/build/icyphy/ptII/ptolemy/actor/lib/test/auto/LevelCrossTest8.xml
1 ms. Memory: 444416K Free: 280216K (63%)
----------------- Invoking toplevel() on ptolemy.moml.MoMLSimpleApplication@9269cba
----------------- Done invoking toplevel() on ptolemy.moml.MoMLSimpleApplication@9269cba
reloadAllAccessors: .LevelCrossTest8

===========================================================================================
----------------- testing Thu Jul 18 06:42:19 UTC 2019 /home/travis/build/icyphy/ptII/ptolemy/actor/lib/test/auto/LevelCrossTest9.xml
----------------- Instantiating /home/travis/build/icyphy/ptII/ptolemy/actor/lib/test/auto/LevelCrossTest9.xml
2 ms. Memory: 444416K Free: 273048K (61%)
----------------- Invoking toplevel() on ptolemy.moml.MoMLSimpleApplication@7231fbed
----------------- Done invoking toplevel() on ptolemy.moml.MoMLSimpleApplication@7231fbed
reloadAllAccessors: .LevelCrossTest9

===========================================================================================
----------------- testing Thu Jul 18 06:42:19 UTC 2019 /home/travis/build/icyphy/ptII/ptolemy/actor/lib/test/auto/LevinsonDurbin.xml
----------------- Instantiating /home/travis/build/icyphy/ptII/ptolemy/actor/lib/test/auto/LevinsonDurbin.xml
1 ms. Memory: 444416K Free: 269466K (61%)
----------------- Invoking toplevel() on ptolemy.moml.MoMLSimpleApplication@2b2b5ade
----------------- Done invoking toplevel() on ptolemy.moml.MoMLSimpleApplication@2b2b5ade
reloadAllAccessors: .LevinsonDurbin

===========================================================================================
----------------- testing Thu Jul 18 06:42:19 UTC 2019 /home/travis/build/icyphy/ptII/ptolemy/actor/lib/test/auto/LevinsonDurbin2.xml
----------------- Instantiating /home/travis/build/icyphy/ptII/ptolemy/actor/lib/test/auto/LevinsonDurbin2.xml
2 ms. Memory: 444416K Free: 265370K (60%)
----------------- Invoking toplevel() on ptolemy.moml.MoMLSimpleApplication@5cd1b044
----------------- Done invoking toplevel() on ptolemy.moml.MoMLSimpleApplication@5cd1b044
reloadAllAccessors: .LevinsonDurbin2

===========================================================================================
----------------- testing Thu Jul 18 06:42:19 UTC 2019 /home/travis/build/icyphy/ptII/ptolemy/actor/lib/test/auto/LevinsonDurbin3.xml
----------------- Instantiating /home/travis/build/icyphy/ptII/ptolemy/actor/lib/test/auto/LevinsonDurbin3.xml
1 ms. Memory: 444416K Free: 261274K (59%)
----------------- Invoking toplevel() on ptolemy.moml.MoMLSimpleApplication@4419493d
----------------- Done invoking toplevel() on ptolemy.moml.MoMLSimpleApplication@4419493d
reloadAllAccessors: .LevinsonDurbin3

===========================================================================================
----------------- testing Thu Jul 18 06:42:19 UTC 2019 /home/travis/build/icyphy/ptII/ptolemy/actor/lib/test/auto/Limiter.xml
----------------- Instantiating /home/travis/build/icyphy/ptII/ptolemy/actor/lib/test/auto/Limiter.xml
5 ms. Memory: 444416K Free: 252058K (57%)
----------------- Invoking toplevel() on ptolemy.moml.MoMLSimpleApplication@5767a33a
----------------- Done invoking toplevel() on ptolemy.moml.MoMLSimpleApplication@5767a33a
reloadAllAccessors: .Limiter

===========================================================================================
----------------- testing Thu Jul 18 06:42:19 UTC 2019 /home/travis/build/icyphy/ptII/ptolemy/actor/lib/test/auto/LinearDifferenceEquationSystem.xml
----------------- Instantiating /home/travis/build/icyphy/ptII/ptolemy/actor/lib/test/auto/LinearDifferenceEquationSystem.xml
4 ms. Memory: 444416K Free: 244890K (55%)
----------------- Invoking toplevel() on ptolemy.moml.MoMLSimpleApplication@65eaa331
----------------- Done invoking toplevel() on ptolemy.moml.MoMLSimpleApplication@65eaa331
reloadAllAccessors: .LinearDifferenceEquationSystem

===========================================================================================
----------------- testing Thu Jul 18 06:42:19 UTC 2019 /home/travis/build/icyphy/ptII/ptolemy/actor/lib/test/auto/LookupTable.xml
----------------- Instantiating /home/travis/build/icyphy/ptII/ptolemy/actor/lib/test/auto/LookupTable.xml
9 ms. Memory: 444416K Free: 240280K (54%)
----------------- Invoking toplevel() on ptolemy.moml.MoMLSimpleApplication@807ef40
----------------- Done invoking toplevel() on ptolemy.moml.MoMLSimpleApplication@807ef40
reloadAllAccessors: .LookupTable

===========================================================================================
----------------- testing Thu Jul 18 06:42:19 UTC 2019 /home/travis/build/icyphy/ptII/ptolemy/actor/lib/test/auto/MathFunction.xml
----------------- Instantiating /home/travis/build/icyphy/ptII/ptolemy/actor/lib/test/auto/MathFunction.xml
3 ms. Memory: 444416K Free: 232088K (52%)
----------------- Invoking toplevel() on ptolemy.moml.MoMLSimpleApplication@5d160941
----------------- Done invoking toplevel() on ptolemy.moml.MoMLSimpleApplication@5d160941
reloadAllAccessors: .MathFunction

===========================================================================================
----------------- testing Thu Jul 18 06:42:19 UTC 2019 /home/travis/build/icyphy/ptII/ptolemy/actor/lib/test/auto/MathFunction2.xml
----------------- Instantiating /home/travis/build/icyphy/ptII/ptolemy/actor/lib/test/auto/MathFunction2.xml
5 ms. Memory: 444416K Free: 227992K (51%)
----------------- Invoking toplevel() on ptolemy.moml.MoMLSimpleApplication@5f2ed977
----------------- Done invoking toplevel() on ptolemy.moml.MoMLSimpleApplication@5f2ed977
reloadAllAccessors: .MathFunction2

===========================================================================================
----------------- testing Thu Jul 18 06:42:19 UTC 2019 /home/travis/build/icyphy/ptII/ptolemy/actor/lib/test/auto/MathFunction3.xml
----------------- Instantiating /home/travis/build/icyphy/ptII/ptolemy/actor/lib/test/auto/MathFunction3.xml
2 ms. Memory: 444416K Free: 221338K (50%)
----------------- Invoking toplevel() on ptolemy.moml.MoMLSimpleApplication@1055c5a3
----------------- Done invoking toplevel() on ptolemy.moml.MoMLSimpleApplication@1055c5a3
reloadAllAccessors: .MathFunction3

===========================================================================================
----------------- testing Thu Jul 18 06:42:19 UTC 2019 /home/travis/build/icyphy/ptII/ptolemy/actor/lib/test/auto/MatrixCropBoolean.xml
----------------- Instantiating /home/travis/build/icyphy/ptII/ptolemy/actor/lib/test/auto/MatrixCropBoolean.xml
1 ms. Memory: 444416K Free: 216728K (49%)
----------------- Invoking toplevel() on ptolemy.moml.MoMLSimpleApplication@6a362e2
----------------- Done invoking toplevel() on ptolemy.moml.MoMLSimpleApplication@6a362e2
reloadAllAccessors: .MatrixCropBoolean

===========================================================================================
----------------- testing Thu Jul 18 06:42:19 UTC 2019 /home/travis/build/icyphy/ptII/ptolemy/actor/lib/test/auto/MatrixCropComplex.xml
----------------- Instantiating /home/travis/build/icyphy/ptII/ptolemy/actor/lib/test/auto/MatrixCropComplex.xml
2 ms. Memory: 444416K Free: 211608K (48%)
----------------- Invoking toplevel() on ptolemy.moml.MoMLSimpleApplication@115ffa57
----------------- Done invoking toplevel() on ptolemy.moml.MoMLSimpleApplication@115ffa57
reloadAllAccessors: .MatrixCropComplex

===========================================================================================
----------------- testing Thu Jul 18 06:42:19 UTC 2019 /home/travis/build/icyphy/ptII/ptolemy/actor/lib/test/auto/MatrixCropDouble.xml
----------------- Instantiating /home/travis/build/icyphy/ptII/ptolemy/actor/lib/test/auto/MatrixCropDouble.xml
2 ms. Memory: 444416K Free: 206457K (46%)
----------------- Invoking toplevel() on ptolemy.moml.MoMLSimpleApplication@7293d7f4
----------------- Done invoking toplevel() on ptolemy.moml.MoMLSimpleApplication@7293d7f4
reloadAllAccessors: .MatrixCropDouble

===========================================================================================
----------------- testing Thu Jul 18 06:42:19 UTC 2019 /home/travis/build/icyphy/ptII/ptolemy/actor/lib/test/auto/MatrixCropFix.xml
----------------- Instantiating /home/travis/build/icyphy/ptII/ptolemy/actor/lib/test/auto/MatrixCropFix.xml
1 ms. Memory: 444416K Free: 201882K (45%)
----------------- Invoking toplevel() on ptolemy.moml.MoMLSimpleApplication@b45674b
----------------- Done invoking toplevel() on ptolemy.moml.MoMLSimpleApplication@b45674b
reloadAllAccessors: .MatrixCropFix

===========================================================================================
----------------- testing Thu Jul 18 06:42:19 UTC 2019 /home/travis/build/icyphy/ptII/ptolemy/actor/lib/test/auto/MatrixCropInt.xml
----------------- Instantiating /home/travis/build/icyphy/ptII/ptolemy/actor/lib/test/auto/MatrixCropInt.xml
2 ms. Memory: 444416K Free: 197265K (44%)
----------------- Invoking toplevel() on ptolemy.moml.MoMLSimpleApplication@1d596080
----------------- Done invoking toplevel() on ptolemy.moml.MoMLSimpleApplication@1d596080
reloadAllAccessors: .MatrixCropInt

===========================================================================================
----------------- testing Thu Jul 18 06:42:19 UTC 2019 /home/travis/build/icyphy/ptII/ptolemy/actor/lib/test/auto/MatrixCropLong.xml
----------------- Instantiating /home/travis/build/icyphy/ptII/ptolemy/actor/lib/test/auto/MatrixCropLong.xml
2 ms. Memory: 444416K Free: 192121K (43%)
----------------- Invoking toplevel() on ptolemy.moml.MoMLSimpleApplication@676a523
----------------- Done invoking toplevel() on ptolemy.moml.MoMLSimpleApplication@676a523
reloadAllAccessors: .MatrixCropLong

===========================================================================================
----------------- testing Thu Jul 18 06:42:19 UTC 2019 /home/travis/build/icyphy/ptII/ptolemy/actor/lib/test/auto/MatrixToArray.xml
----------------- Instantiating /home/travis/build/icyphy/ptII/ptolemy/actor/lib/test/auto/MatrixToArray.xml
7 ms. Memory: 444416K Free: 176792K (40%)
----------------- Invoking toplevel() on ptolemy.moml.MoMLSimpleApplication@26472169
----------------- Done invoking toplevel() on ptolemy.moml.MoMLSimpleApplication@26472169
reloadAllAccessors: .MatrixToArray

===========================================================================================
----------------- testing Thu Jul 18 06:42:19 UTC 2019 /home/travis/build/icyphy/ptII/ptolemy/actor/lib/test/auto/MaxIndex.xml
----------------- Instantiating /home/travis/build/icyphy/ptII/ptolemy/actor/lib/test/auto/MaxIndex.xml
2 ms. Memory: 444416K Free: 171672K (39%)
----------------- Invoking toplevel() on ptolemy.moml.MoMLSimpleApplication@7adefa2
----------------- Done invoking toplevel() on ptolemy.moml.MoMLSimpleApplication@7adefa2
reloadAllAccessors: .MaxIndex

===========================================================================================
----------------- testing Thu Jul 18 06:42:19 UTC 2019 /home/travis/build/icyphy/ptII/ptolemy/actor/lib/test/auto/Maximum.xml
----------------- Instantiating /home/travis/build/icyphy/ptII/ptolemy/actor/lib/test/auto/Maximum.xml
3 ms. Memory: 444416K Free: 165497K (37%)
----------------- Invoking toplevel() on ptolemy.moml.MoMLSimpleApplication@54463644
----------------- Done invoking toplevel() on ptolemy.moml.MoMLSimpleApplication@54463644
reloadAllAccessors: .Maximum

===========================================================================================
----------------- testing Thu Jul 18 06:42:19 UTC 2019 /home/travis/build/icyphy/ptII/ptolemy/actor/lib/test/auto/MaximumComplex.xml
----------------- Instantiating /home/travis/build/icyphy/ptII/ptolemy/actor/lib/test/auto/MaximumComplex.xml
5 ms. Memory: 444416K Free: 159369K (36%)
----------------- Invoking toplevel() on ptolemy.moml.MoMLSimpleApplication@7b9a87dd
----------------- Done invoking toplevel() on ptolemy.moml.MoMLSimpleApplication@7b9a87dd
reloadAllAccessors: .MaximumComplex

===========================================================================================
----------------- testing Thu Jul 18 06:42:19 UTC 2019 /home/travis/build/icyphy/ptII/ptolemy/actor/lib/test/auto/MethodCallTest.xml
----------------- Instantiating /home/travis/build/icyphy/ptII/ptolemy/actor/lib/test/auto/MethodCallTest.xml
2 ms. Memory: 444416K Free: 152730K (34%)
----------------- Invoking toplevel() on ptolemy.moml.MoMLSimpleApplication@7c7d7567
----------------- Done invoking toplevel() on ptolemy.moml.MoMLSimpleApplication@7c7d7567
reloadAllAccessors: .MethodCallTest

===========================================================================================
----------------- testing Thu Jul 18 06:42:19 UTC 2019 /home/travis/build/icyphy/ptII/ptolemy/actor/lib/test/auto/Minimum.xml
----------------- Instantiating /home/travis/build/icyphy/ptII/ptolemy/actor/lib/test/auto/Minimum.xml
7 ms. Memory: 444416K Free: 146586K (33%)
----------------- Invoking toplevel() on ptolemy.moml.MoMLSimpleApplication@5929034d
----------------- Done invoking toplevel() on ptolemy.moml.MoMLSimpleApplication@5929034d
reloadAllAccessors: .Minimum

===========================================================================================
----------------- testing Thu Jul 18 06:42:19 UTC 2019 /home/travis/build/icyphy/ptII/ptolemy/actor/lib/test/auto/MinimumComplex.xml
----------------- Instantiating /home/travis/build/icyphy/ptII/ptolemy/actor/lib/test/auto/MinimumComplex.xml
3 ms. Memory: 444416K Free: 140937K (32%)
----------------- Invoking toplevel() on ptolemy.moml.MoMLSimpleApplication@4ab4bc56
----------------- Done invoking toplevel() on ptolemy.moml.MoMLSimpleApplication@4ab4bc56
reloadAllAccessors: .MinimumComplex

===========================================================================================
----------------- testing Thu Jul 18 06:42:19 UTC 2019 /home/travis/build/icyphy/ptII/ptolemy/actor/lib/test/auto/MinimumMultiports.xml
----------------- Instantiating /home/travis/build/icyphy/ptII/ptolemy/actor/lib/test/auto/MinimumMultiports.xml
4 ms. Memory: 444416K Free: 132250K (30%)
----------------- Invoking toplevel() on ptolemy.moml.MoMLSimpleApplication@73af68f2
----------------- Done invoking toplevel() on ptolemy.moml.MoMLSimpleApplication@73af68f2
reloadAllAccessors: .MinimumMultiports

===========================================================================================
----------------- testing Thu Jul 18 06:42:19 UTC 2019 /home/travis/build/icyphy/ptII/ptolemy/actor/lib/test/auto/ModifyDate.xml
----------------- Instantiating /home/travis/build/icyphy/ptII/ptolemy/actor/lib/test/auto/ModifyDate.xml
11 ms. Memory: 444416K Free: 382110K (86%)
----------------- Invoking toplevel() on ptolemy.moml.MoMLSimpleApplication@29bc0945
----------------- Done invoking toplevel() on ptolemy.moml.MoMLSimpleApplication@29bc0945
reloadAllAccessors: .ModifyDate

===========================================================================================
----------------- testing Thu Jul 18 06:42:19 UTC 2019 /home/travis/build/icyphy/ptII/ptolemy/actor/lib/test/auto/ModifyDate2.xml
----------------- Instantiating /home/travis/build/icyphy/ptII/ptolemy/actor/lib/test/auto/ModifyDate2.xml
3 ms. Memory: 444416K Free: 373404K (84%)
----------------- Invoking toplevel() on ptolemy.moml.MoMLSimpleApplication@35d4fa1c
----------------- Done invoking toplevel() on ptolemy.moml.MoMLSimpleApplication@35d4fa1c
reloadAllAccessors: .ModifyDate2

===========================================================================================
----------------- testing Thu Jul 18 06:42:19 UTC 2019 /home/travis/build/icyphy/ptII/ptolemy/actor/lib/test/auto/MovingAverage.xml
----------------- Instantiating /home/travis/build/icyphy/ptII/ptolemy/actor/lib/test/auto/MovingAverage.xml
1 ms. Memory: 444416K Free: 368284K (83%)
----------------- Invoking toplevel() on ptolemy.moml.MoMLSimpleApplication@6d1c448a
----------------- Done invoking toplevel() on ptolemy.moml.MoMLSimpleApplication@6d1c448a
reloadAllAccessors: .MovingAverage

===========================================================================================
----------------- testing Thu Jul 18 06:42:19 UTC 2019 /home/travis/build/icyphy/ptII/ptolemy/actor/lib/test/auto/MovingMaximum.xml
----------------- Instantiating /home/travis/build/icyphy/ptII/ptolemy/actor/lib/test/auto/MovingMaximum.xml
2 ms. Memory: 444416K Free: 364188K (82%)
----------------- Invoking toplevel() on ptolemy.moml.MoMLSimpleApplication@58ffb3e8
----------------- Done invoking toplevel() on ptolemy.moml.MoMLSimpleApplication@58ffb3e8
reloadAllAccessors: .MovingMaximum

===========================================================================================
----------------- testing Thu Jul 18 06:42:19 UTC 2019 /home/travis/build/icyphy/ptII/ptolemy/actor/lib/test/auto/MultipleLinksToSameRelation.xml
----------------- Instantiating /home/travis/build/icyphy/ptII/ptolemy/actor/lib/test/auto/MultipleLinksToSameRelation.xml
3 ms. Memory: 444416K Free: 360092K (81%)
----------------- Invoking toplevel() on ptolemy.moml.MoMLSimpleApplication@396c8793
----------------- Done invoking toplevel() on ptolemy.moml.MoMLSimpleApplication@396c8793
reloadAllAccessors: .MultipleLinksToSameRelation

===========================================================================================
----------------- testing Thu Jul 18 06:42:19 UTC 2019 /home/travis/build/icyphy/ptII/ptolemy/actor/lib/test/auto/MultipleLinksToSameRelationDE.xml
----------------- Instantiating /home/travis/build/icyphy/ptII/ptolemy/actor/lib/test/auto/MultipleLinksToSameRelationDE.xml
2 ms. Memory: 444416K Free: 355486K (80%)
----------------- Invoking toplevel() on ptolemy.moml.MoMLSimpleApplication@60f9123f
----------------- Done invoking toplevel() on ptolemy.moml.MoMLSimpleApplication@60f9123f
reloadAllAccessors: .MultipleLinksToSameRelationDE

===========================================================================================
----------------- testing Thu Jul 18 06:42:19 UTC 2019 /home/travis/build/icyphy/ptII/ptolemy/actor/lib/test/auto/Multiplexor.xml
----------------- Instantiating /home/travis/build/icyphy/ptII/ptolemy/actor/lib/test/auto/Multiplexor.xml
9 ms. Memory: 444416K Free: 349852K (79%)
----------------- Invoking toplevel() on ptolemy.moml.MoMLSimpleApplication@17634a3d
----------------- Done invoking toplevel() on ptolemy.moml.MoMLSimpleApplication@17634a3d
reloadAllAccessors: .Multiplexor

===========================================================================================
----------------- testing Thu Jul 18 06:42:19 UTC 2019 /home/travis/build/icyphy/ptII/ptolemy/actor/lib/test/auto/Multiplexor1.xml
----------------- Instantiating /home/travis/build/icyphy/ptII/ptolemy/actor/lib/test/auto/Multiplexor1.xml
2 ms. Memory: 444416K Free: 344222K (77%)
----------------- Invoking toplevel() on ptolemy.moml.MoMLSimpleApplication@2d2c4373
----------------- Done invoking toplevel() on ptolemy.moml.MoMLSimpleApplication@2d2c4373
reloadAllAccessors: .Multiplexor1

===========================================================================================
----------------- testing Thu Jul 18 06:42:19 UTC 2019 /home/travis/build/icyphy/ptII/ptolemy/actor/lib/test/auto/Multiplexor2.xml
----------------- Instantiating /home/travis/build/icyphy/ptII/ptolemy/actor/lib/test/auto/Multiplexor2.xml
8 ms. Memory: 444416K Free: 338078K (76%)
----------------- Invoking toplevel() on ptolemy.moml.MoMLSimpleApplication@449aa61
----------------- Done invoking toplevel() on ptolemy.moml.MoMLSimpleApplication@449aa61
reloadAllAccessors: .Multiplexor2

===========================================================================================
----------------- testing Thu Jul 18 06:42:20 UTC 2019 /home/travis/build/icyphy/ptII/ptolemy/actor/lib/test/auto/Multiplexor3.xml
----------------- Instantiating /home/travis/build/icyphy/ptII/ptolemy/actor/lib/test/auto/Multiplexor3.xml
2 ms. Memory: 444416K Free: 333982K (75%)
----------------- Invoking toplevel() on ptolemy.moml.MoMLSimpleApplication@6d55d509
----------------- Done invoking toplevel() on ptolemy.moml.MoMLSimpleApplication@6d55d509
reloadAllAccessors: .Multiplexor3

===========================================================================================
----------------- testing Thu Jul 18 06:42:20 UTC 2019 /home/travis/build/icyphy/ptII/ptolemy/actor/lib/test/auto/MultiplexorDE.xml
----------------- Instantiating /home/travis/build/icyphy/ptII/ptolemy/actor/lib/test/auto/MultiplexorDE.xml
2 ms. Memory: 444416K Free: 326286K (73%)
----------------- Invoking toplevel() on ptolemy.moml.MoMLSimpleApplication@2689d767
----------------- Done invoking toplevel() on ptolemy.moml.MoMLSimpleApplication@2689d767
reloadAllAccessors: .MultiplexorDE

===========================================================================================
----------------- testing Thu Jul 18 06:42:20 UTC 2019 /home/travis/build/icyphy/ptII/ptolemy/actor/lib/test/auto/MultiportBroadcastTest.xml
----------------- Instantiating /home/travis/build/icyphy/ptII/ptolemy/actor/lib/test/auto/MultiportBroadcastTest.xml
106 ms. Memory: 444416K Free: 319646K (72%)
----------------- Invoking toplevel() on ptolemy.moml.MoMLSimpleApplication@30e6b08e
----------------- Done invoking toplevel() on ptolemy.moml.MoMLSimpleApplication@30e6b08e
reloadAllAccessors: .MultiportBroadcastTest

===========================================================================================
----------------- testing Thu Jul 18 06:42:20 UTC 2019 /home/travis/build/icyphy/ptII/ptolemy/actor/lib/test/auto/MultiportOutHangDuringGetWidth.xml
----------------- Instantiating /home/travis/build/icyphy/ptII/ptolemy/actor/lib/test/auto/MultiportOutHangDuringGetWidth.xml
6 ms. Memory: 444416K Free: 307358K (69%)
----------------- Invoking toplevel() on ptolemy.moml.MoMLSimpleApplication@3103fff2
----------------- Done invoking toplevel() on ptolemy.moml.MoMLSimpleApplication@3103fff2
reloadAllAccessors: .MultiportOutHangDuringGetWidth

===========================================================================================
----------------- testing Thu Jul 18 06:42:20 UTC 2019 /home/travis/build/icyphy/ptII/ptolemy/actor/lib/test/auto/NilToken.xml
----------------- Instantiating /home/travis/build/icyphy/ptII/ptolemy/actor/lib/test/auto/NilToken.xml
1 ms. Memory: 444416K Free: 303262K (68%)
----------------- Invoking toplevel() on ptolemy.moml.MoMLSimpleApplication@47e95eca
----------------- Done invoking toplevel() on ptolemy.moml.MoMLSimpleApplication@47e95eca
reloadAllAccessors: .NilToken

===========================================================================================
----------------- testing Thu Jul 18 06:42:20 UTC 2019 /home/travis/build/icyphy/ptII/ptolemy/actor/lib/test/auto/NilTokenNonStrictTest.xml
----------------- Instantiating /home/travis/build/icyphy/ptII/ptolemy/actor/lib/test/auto/NilTokenNonStrictTest.xml
1 ms. Memory: 444416K Free: 299166K (67%)
----------------- Invoking toplevel() on ptolemy.moml.MoMLSimpleApplication@1e5410d1
----------------- Done invoking toplevel() on ptolemy.moml.MoMLSimpleApplication@1e5410d1
reloadAllAccessors: .NilTokenNonStrictTest

===========================================================================================
----------------- testing Thu Jul 18 06:42:20 UTC 2019 /home/travis/build/icyphy/ptII/ptolemy/actor/lib/test/auto/NilTokenRecord.xml
----------------- Instantiating /home/travis/build/icyphy/ptII/ptolemy/actor/lib/test/auto/NilTokenRecord.xml
12 ms. Memory: 444416K Free: 292508K (66%)
----------------- Invoking toplevel() on ptolemy.moml.MoMLSimpleApplication@745aed19
----------------- Done invoking toplevel() on ptolemy.moml.MoMLSimpleApplication@745aed19
reloadAllAccessors: .NilTokenRecord

===========================================================================================
----------------- testing Thu Jul 18 06:42:20 UTC 2019 /home/travis/build/icyphy/ptII/ptolemy/actor/lib/test/auto/NilTokenTypeTest.xml
----------------- Instantiating /home/travis/build/icyphy/ptII/ptolemy/actor/lib/test/auto/NilTokenTypeTest.xml
6 ms. Memory: 444416K Free: 282782K (64%)
----------------- Invoking toplevel() on ptolemy.moml.MoMLSimpleApplication@fde8b22
----------------- Done invoking toplevel() on ptolemy.moml.MoMLSimpleApplication@fde8b22
reloadAllAccessors: .NilTokenTypeTest

===========================================================================================
----------------- testing Thu Jul 18 06:42:20 UTC 2019 /home/travis/build/icyphy/ptII/ptolemy/actor/lib/test/auto/ObjectToken1.xml
----------------- Instantiating /home/travis/build/icyphy/ptII/ptolemy/actor/lib/test/auto/ObjectToken1.xml
4 ms. Memory: 444416K Free: 278686K (63%)
----------------- Invoking toplevel() on ptolemy.moml.MoMLSimpleApplication@736a0c0f
----------------- Done invoking toplevel() on ptolemy.moml.MoMLSimpleApplication@736a0c0f
reloadAllAccessors: .ObjectToken1

===========================================================================================
----------------- testing Thu Jul 18 06:42:20 UTC 2019 /home/travis/build/icyphy/ptII/ptolemy/actor/lib/test/auto/OrderedMerge.xml
----------------- Instantiating /home/travis/build/icyphy/ptII/ptolemy/actor/lib/test/auto/OrderedMerge.xml
12 ms. Memory: 444416K Free: 273052K (61%)
----------------- Invoking toplevel() on ptolemy.moml.MoMLSimpleApplication@51a5226
----------------- Done invoking toplevel() on ptolemy.moml.MoMLSimpleApplication@51a5226
reloadAllAccessors: .OrderedMerge

===========================================================================================
----------------- testing Thu Jul 18 06:42:20 UTC 2019 /home/travis/build/icyphy/ptII/ptolemy/actor/lib/test/auto/OrderedRecordDisassembler.xml
----------------- Instantiating /home/travis/build/icyphy/ptII/ptolemy/actor/lib/test/auto/OrderedRecordDisassembler.xml
3 ms. Memory: 444416K Free: 267902K (60%)
----------------- Invoking toplevel() on ptolemy.moml.MoMLSimpleApplication@b52fcb
----------------- Done invoking toplevel() on ptolemy.moml.MoMLSimpleApplication@b52fcb
reloadAllAccessors: .OrderedRecordDisassembler

===========================================================================================
----------------- testing Thu Jul 18 06:42:20 UTC 2019 /home/travis/build/icyphy/ptII/ptolemy/actor/lib/test/auto/OrderedRecordDisassembler2.xml
----------------- Instantiating /home/travis/build/icyphy/ptII/ptolemy/actor/lib/test/auto/OrderedRecordDisassembler2.xml
4 ms. Memory: 444416K Free: 260254K (59%)
----------------- Invoking toplevel() on ptolemy.moml.MoMLSimpleApplication@120ca6da
----------------- Done invoking toplevel() on ptolemy.moml.MoMLSimpleApplication@120ca6da
reloadAllAccessors: .OrderedRecordDisassembler2

===========================================================================================
----------------- testing Thu Jul 18 06:42:20 UTC 2019 /home/travis/build/icyphy/ptII/ptolemy/actor/lib/test/auto/OrderedRecordUpdater.xml
----------------- Instantiating /home/travis/build/icyphy/ptII/ptolemy/actor/lib/test/auto/OrderedRecordUpdater.xml
2 ms. Memory: 444416K Free: 255644K (58%)
----------------- Invoking toplevel() on ptolemy.moml.MoMLSimpleApplication@4d51c240
----------------- Done invoking toplevel() on ptolemy.moml.MoMLSimpleApplication@4d51c240
reloadAllAccessors: .RecordUpdater

===========================================================================================
----------------- testing Thu Jul 18 06:42:20 UTC 2019 /home/travis/build/icyphy/ptII/ptolemy/actor/lib/test/auto/OrderedRecordUpdater2.xml
----------------- Instantiating /home/travis/build/icyphy/ptII/ptolemy/actor/lib/test/auto/OrderedRecordUpdater2.xml
3 ms. Memory: 444416K Free: 250524K (56%)
----------------- Invoking toplevel() on ptolemy.moml.MoMLSimpleApplication@656f7e86
----------------- Done invoking toplevel() on ptolemy.moml.MoMLSimpleApplication@656f7e86
reloadAllAccessors: .RecordUpdater2

===========================================================================================
----------------- testing Thu Jul 18 06:42:20 UTC 2019 /home/travis/build/icyphy/ptII/ptolemy/actor/lib/test/auto/PhaseUnwrap.xml
----------------- Instantiating /home/travis/build/icyphy/ptII/ptolemy/actor/lib/test/auto/PhaseUnwrap.xml
2 ms. Memory: 444416K Free: 245918K (55%)
----------------- Invoking toplevel() on ptolemy.moml.MoMLSimpleApplication@7ee3550d
----------------- Done invoking toplevel() on ptolemy.moml.MoMLSimpleApplication@7ee3550d
reloadAllAccessors: .PhaseUnwrap

===========================================================================================
----------------- testing Thu Jul 18 06:42:20 UTC 2019 /home/travis/build/icyphy/ptII/ptolemy/actor/lib/test/auto/PoissonClock.xml
----------------- Instantiating /home/travis/build/icyphy/ptII/ptolemy/actor/lib/test/auto/PoissonClock.xml
2 ms. Memory: 444416K Free: 241822K (54%)
----------------- Invoking toplevel() on ptolemy.moml.MoMLSimpleApplication@26d7ac30
----------------- Done invoking toplevel() on ptolemy.moml.MoMLSimpleApplication@26d7ac30
reloadAllAccessors: .PoissonClock

===========================================================================================
----------------- testing Thu Jul 18 06:42:20 UTC 2019 /home/travis/build/icyphy/ptII/ptolemy/actor/lib/test/auto/PoissonClock2.xml
----------------- Instantiating /home/travis/build/icyphy/ptII/ptolemy/actor/lib/test/auto/PoissonClock2.xml
1 ms. Memory: 444416K Free: 237212K (53%)
----------------- Invoking toplevel() on ptolemy.moml.MoMLSimpleApplication@189daeec
----------------- Done invoking toplevel() on ptolemy.moml.MoMLSimpleApplication@189daeec
reloadAllAccessors: .PoissonClock2

===========================================================================================
----------------- testing Thu Jul 18 06:42:20 UTC 2019 /home/travis/build/icyphy/ptII/ptolemy/actor/lib/test/auto/PoissonClock3.xml
----------------- Instantiating /home/travis/build/icyphy/ptII/ptolemy/actor/lib/test/auto/PoissonClock3.xml
1 ms. Memory: 444416K Free: 232606K (52%)
----------------- Invoking toplevel() on ptolemy.moml.MoMLSimpleApplication@4442e0b7
----------------- Done invoking toplevel() on ptolemy.moml.MoMLSimpleApplication@4442e0b7
reloadAllAccessors: .PoissonClock3

===========================================================================================
----------------- testing Thu Jul 18 06:42:20 UTC 2019 /home/travis/build/icyphy/ptII/ptolemy/actor/lib/test/auto/PubSubWithInitialTokens.xml
----------------- Instantiating /home/travis/build/icyphy/ptII/ptolemy/actor/lib/test/auto/PubSubWithInitialTokens.xml
2 ms. Memory: 444416K Free: 226966K (51%)
----------------- Invoking toplevel() on ptolemy.moml.MoMLSimpleApplication@4d121a2f
----------------- Done invoking toplevel() on ptolemy.moml.MoMLSimpleApplication@4d121a2f
reloadAllAccessors: .PubSubWithInitialTokens

===========================================================================================
----------------- testing Thu Jul 18 06:42:20 UTC 2019 /home/travis/build/icyphy/ptII/ptolemy/actor/lib/test/auto/PubSubWithInitialTokens2.xml
----------------- Instantiating /home/travis/build/icyphy/ptII/ptolemy/actor/lib/test/auto/PubSubWithInitialTokens2.xml
2 ms. Memory: 444416K Free: 221342K (50%)
----------------- Invoking toplevel() on ptolemy.moml.MoMLSimpleApplication@2bcb5e0e
----------------- Done invoking toplevel() on ptolemy.moml.MoMLSimpleApplication@2bcb5e0e
reloadAllAccessors: .PubSubWithInitialTokens2

===========================================================================================
----------------- testing Thu Jul 18 06:42:20 UTC 2019 /home/travis/build/icyphy/ptII/ptolemy/actor/lib/test/auto/PublisherClassNoParameter.xml
----------------- Instantiating /home/travis/build/icyphy/ptII/ptolemy/actor/lib/test/auto/PublisherClassNoParameter.xml
2 ms. Memory: 444416K Free: 211598K (48%)
----------------- Invoking toplevel() on ptolemy.moml.MoMLSimpleApplication@32cd57f2
----------------- Done invoking toplevel() on ptolemy.moml.MoMLSimpleApplication@32cd57f2
reloadAllAccessors: .PublisherClassNoParameter

===========================================================================================
----------------- testing Thu Jul 18 06:42:20 UTC 2019 /home/travis/build/icyphy/ptII/ptolemy/actor/lib/test/auto/PublisherClassParameter.xml
----------------- Instantiating /home/travis/build/icyphy/ptII/ptolemy/actor/lib/test/auto/PublisherClassParameter.xml
3 ms. Memory: 444416K Free: 201372K (45%)
----------------- Invoking toplevel() on ptolemy.moml.MoMLSimpleApplication@357cb9c0
----------------- Done invoking toplevel() on ptolemy.moml.MoMLSimpleApplication@357cb9c0
reloadAllAccessors: .PublisherClassParameter

===========================================================================================
----------------- testing Thu Jul 18 06:42:20 UTC 2019 /home/travis/build/icyphy/ptII/ptolemy/actor/lib/test/auto/PublisherNonStrictTest.xml
----------------- Instantiating /home/travis/build/icyphy/ptII/ptolemy/actor/lib/test/auto/PublisherNonStrictTest.xml
3 ms. Memory: 444416K Free: 193694K (44%)
----------------- Invoking toplevel() on ptolemy.moml.MoMLSimpleApplication@6c89d40
----------------- Done invoking toplevel() on ptolemy.moml.MoMLSimpleApplication@6c89d40
reloadAllAccessors: .PublisherNonStrictTest

===========================================================================================
----------------- testing Thu Jul 18 06:42:20 UTC 2019 /home/travis/build/icyphy/ptII/ptolemy/actor/lib/test/auto/PublisherPort1.xml
----------------- Instantiating /home/travis/build/icyphy/ptII/ptolemy/actor/lib/test/auto/PublisherPort1.xml
3 ms. Memory: 444416K Free: 188046K (42%)
----------------- Invoking toplevel() on ptolemy.moml.MoMLSimpleApplication@401082a3
----------------- Done invoking toplevel() on ptolemy.moml.MoMLSimpleApplication@401082a3
reloadAllAccessors: .PublisherPort1

===========================================================================================
----------------- testing Thu Jul 18 06:42:20 UTC 2019 /home/travis/build/icyphy/ptII/ptolemy/actor/lib/test/auto/PublisherPort2.xml
----------------- Instantiating /home/travis/build/icyphy/ptII/ptolemy/actor/lib/test/auto/PublisherPort2.xml
2 ms. Memory: 444416K Free: 182940K (41%)
----------------- Invoking toplevel() on ptolemy.moml.MoMLSimpleApplication@2d0fc3cb
----------------- Done invoking toplevel() on ptolemy.moml.MoMLSimpleApplication@2d0fc3cb
reloadAllAccessors: .PublisherPort2

===========================================================================================
----------------- testing Thu Jul 18 06:42:20 UTC 2019 /home/travis/build/icyphy/ptII/ptolemy/actor/lib/test/auto/PublisherPort3.xml
----------------- Instantiating /home/travis/build/icyphy/ptII/ptolemy/actor/lib/test/auto/PublisherPort3.xml
11 ms. Memory: 444416K Free: 176286K (40%)
----------------- Invoking toplevel() on ptolemy.moml.MoMLSimpleApplication@2eab7eec
----------------- Done invoking toplevel() on ptolemy.moml.MoMLSimpleApplication@2eab7eec
reloadAllAccessors: .PublisherPort3

===========================================================================================
----------------- testing Thu Jul 18 06:42:20 UTC 2019 /home/travis/build/icyphy/ptII/ptolemy/actor/lib/test/auto/PublisherPort4.xml
----------------- Instantiating /home/travis/build/icyphy/ptII/ptolemy/actor/lib/test/auto/PublisherPort4.xml
2 ms. Memory: 444416K Free: 170638K (38%)
----------------- Invoking toplevel() on ptolemy.moml.MoMLSimpleApplication@601d1bc3
----------------- Done invoking toplevel() on ptolemy.moml.MoMLSimpleApplication@601d1bc3
reloadAllAccessors: .PublisherPort4

===========================================================================================
----------------- testing Thu Jul 18 06:42:20 UTC 2019 /home/travis/build/icyphy/ptII/ptolemy/actor/lib/test/auto/PublisherPort5.xml
----------------- Instantiating /home/travis/build/icyphy/ptII/ptolemy/actor/lib/test/auto/PublisherPort5.xml
3 ms. Memory: 444416K Free: 163484K (37%)
----------------- Invoking toplevel() on ptolemy.moml.MoMLSimpleApplication@3783d42c
----------------- Done invoking toplevel() on ptolemy.moml.MoMLSimpleApplication@3783d42c
reloadAllAccessors: .PublisherPort5

===========================================================================================
----------------- testing Thu Jul 18 06:42:20 UTC 2019 /home/travis/build/icyphy/ptII/ptolemy/actor/lib/test/auto/PublisherPort5LookAlike.xml
----------------- Instantiating /home/travis/build/icyphy/ptII/ptolemy/actor/lib/test/auto/PublisherPort5LookAlike.xml
10 ms. Memory: 444416K Free: 155806K (35%)
----------------- Invoking toplevel() on ptolemy.moml.MoMLSimpleApplication@3a648cc4
----------------- Done invoking toplevel() on ptolemy.moml.MoMLSimpleApplication@3a648cc4
reloadAllAccessors: .PublisherPort5LookAlike

===========================================================================================
----------------- testing Thu Jul 18 06:42:20 UTC 2019 /home/travis/build/icyphy/ptII/ptolemy/actor/lib/test/auto/PublisherPort6.xml
----------------- Instantiating /home/travis/build/icyphy/ptII/ptolemy/actor/lib/test/auto/PublisherPort6.xml
2 ms. Memory: 444416K Free: 149148K (34%)
----------------- Invoking toplevel() on ptolemy.moml.MoMLSimpleApplication@9abaf74
----------------- Done invoking toplevel() on ptolemy.moml.MoMLSimpleApplication@9abaf74
reloadAllAccessors: .PublisherPort6

===========================================================================================
----------------- testing Thu Jul 18 06:42:20 UTC 2019 /home/travis/build/icyphy/ptII/ptolemy/actor/lib/test/auto/PublisherPort7.xml
----------------- Instantiating /home/travis/build/icyphy/ptII/ptolemy/actor/lib/test/auto/PublisherPort7.xml
4 ms. Memory: 444416K Free: 141470K (32%)
----------------- Invoking toplevel() on ptolemy.moml.MoMLSimpleApplication@15f29534
----------------- Done invoking toplevel() on ptolemy.moml.MoMLSimpleApplication@15f29534
reloadAllAccessors: .PublisherPort7

===========================================================================================
----------------- testing Thu Jul 18 06:42:20 UTC 2019 /home/travis/build/icyphy/ptII/ptolemy/actor/lib/test/auto/PublisherPort8.xml
----------------- Instantiating /home/travis/build/icyphy/ptII/ptolemy/actor/lib/test/auto/PublisherPort8.xml
5 ms. Memory: 444416K Free: 132764K (30%)
----------------- Invoking toplevel() on ptolemy.moml.MoMLSimpleApplication@494a7f6f
----------------- Done invoking toplevel() on ptolemy.moml.MoMLSimpleApplication@494a7f6f
reloadAllAccessors: .PublisherPort8

===========================================================================================
----------------- testing Thu Jul 18 06:42:20 UTC 2019 /home/travis/build/icyphy/ptII/ptolemy/actor/lib/test/auto/PublisherPortSubscriberChannelVariablesAOC2.xml
----------------- Instantiating /home/travis/build/icyphy/ptII/ptolemy/actor/lib/test/auto/PublisherPortSubscriberChannelVariablesAOC2.xml
3 ms. Memory: 444416K Free: 378784K (85%)
----------------- Invoking toplevel() on ptolemy.moml.MoMLSimpleApplication@512dc38a
----------------- Done invoking toplevel() on ptolemy.moml.MoMLSimpleApplication@512dc38a
reloadAllAccessors: .PublisherPortSubscriberChannelVariablesAOC2

===========================================================================================
----------------- testing Thu Jul 18 06:42:20 UTC 2019 /home/travis/build/icyphy/ptII/ptolemy/actor/lib/test/auto/PublisherPortSubscriberOpaqueWidthInference.xml
----------------- Instantiating /home/travis/build/icyphy/ptII/ptolemy/actor/lib/test/auto/PublisherPortSubscriberOpaqueWidthInference.xml
3 ms. Memory: 444416K Free: 370592K (83%)
----------------- Invoking toplevel() on ptolemy.moml.MoMLSimpleApplication@9f53686
----------------- Done invoking toplevel() on ptolemy.moml.MoMLSimpleApplication@9f53686
reloadAllAccessors: .PublisherPortSubscriberOpaqueWidthInference

===========================================================================================
----------------- testing Thu Jul 18 06:42:20 UTC 2019 /home/travis/build/icyphy/ptII/ptolemy/actor/lib/test/auto/PublisherPortSubscriberPortAdjacent.xml
----------------- Instantiating /home/travis/build/icyphy/ptII/ptolemy/actor/lib/test/auto/PublisherPortSubscriberPortAdjacent.xml
1 ms. Memory: 444416K Free: 362400K (82%)
----------------- Invoking toplevel() on ptolemy.moml.MoMLSimpleApplication@6724b244
----------------- Done invoking toplevel() on ptolemy.moml.MoMLSimpleApplication@6724b244
reloadAllAccessors: .PublisherPortSubscriberPortAdjacent

===========================================================================================
----------------- testing Thu Jul 18 06:42:20 UTC 2019 /home/travis/build/icyphy/ptII/ptolemy/actor/lib/test/auto/PublisherPortSubscriberPortExpression.xml
----------------- Instantiating /home/travis/build/icyphy/ptII/ptolemy/actor/lib/test/auto/PublisherPortSubscriberPortExpression.xml
9 ms. Memory: 444416K Free: 354712K (80%)
----------------- Invoking toplevel() on ptolemy.moml.MoMLSimpleApplication@1e116fcc
----------------- Done invoking toplevel() on ptolemy.moml.MoMLSimpleApplication@1e116fcc
reloadAllAccessors: .PublisherPortSubscriberPortExpression

===========================================================================================
----------------- testing Thu Jul 18 06:42:20 UTC 2019 /home/travis/build/icyphy/ptII/ptolemy/actor/lib/test/auto/PublisherPortSubscriberPortOpaqueD3Reverse.xml
----------------- Instantiating /home/travis/build/icyphy/ptII/ptolemy/actor/lib/test/auto/PublisherPortSubscriberPortOpaqueD3Reverse.xml
8 ms. Memory: 444416K Free: 344478K (78%)
----------------- Invoking toplevel() on ptolemy.moml.MoMLSimpleApplication@65a723d
----------------- Done invoking toplevel() on ptolemy.moml.MoMLSimpleApplication@65a723d
reloadAllAccessors: .PublisherPortSubscriberPortOpaqueD3Reverse

===========================================================================================
----------------- testing Thu Jul 18 06:42:21 UTC 2019 /home/travis/build/icyphy/ptII/ptolemy/actor/lib/test/auto/PublisherPortSubscriberPortOpaqueWidthInference.xml
----------------- Instantiating /home/travis/build/icyphy/ptII/ptolemy/actor/lib/test/auto/PublisherPortSubscriberPortOpaqueWidthInference.xml
4 ms. Memory: 444416K Free: 336800K (76%)
----------------- Invoking toplevel() on ptolemy.moml.MoMLSimpleApplication@bd384a7
----------------- Done invoking toplevel() on ptolemy.moml.MoMLSimpleApplication@bd384a7
reloadAllAccessors: .PublisherPortSubscriberPortOpaqueWidthInference

===========================================================================================
----------------- testing Thu Jul 18 06:42:21 UTC 2019 /home/travis/build/icyphy/ptII/ptolemy/actor/lib/test/auto/PublisherPortToplevelSubscriberPortAOC.xml
----------------- Instantiating /home/travis/build/icyphy/ptII/ptolemy/actor/lib/test/auto/PublisherPortToplevelSubscriberPortAOC.xml
.PublisherPortToplevelSubscriberPortAOC.TestExceptionAttribute: initialize() was not invoked, but wrapup() was.  This is unusual, but not always a problem.  For example, exporting JNLP will do this.
1 ms. Memory: 444416K Free: 331166K (75%)
----------------- Invoking toplevel() on ptolemy.moml.MoMLSimpleApplication@5e9ce9c9
----------------- Done invoking toplevel() on ptolemy.moml.MoMLSimpleApplication@5e9ce9c9
reloadAllAccessors: .PublisherPortToplevelSubscriberPortAOC

===========================================================================================
----------------- testing Thu Jul 18 06:42:21 UTC 2019 /home/travis/build/icyphy/ptII/ptolemy/actor/lib/test/auto/PublisherSubscriber.xml
----------------- Instantiating /home/travis/build/icyphy/ptII/ptolemy/actor/lib/test/auto/PublisherSubscriber.xml
2 ms. Memory: 444416K Free: 323488K (73%)
----------------- Invoking toplevel() on ptolemy.moml.MoMLSimpleApplication@1495f001
----------------- Done invoking toplevel() on ptolemy.moml.MoMLSimpleApplication@1495f001
reloadAllAccessors: .PublisherSubscriber

===========================================================================================
----------------- testing Thu Jul 18 06:42:21 UTC 2019 /home/travis/build/icyphy/ptII/ptolemy/actor/lib/test/auto/PublisherSubscriber10.xml
----------------- Instantiating /home/travis/build/icyphy/ptII/ptolemy/actor/lib/test/auto/PublisherSubscriber10.xml
7 ms. Memory: 444416K Free: 313758K (71%)
----------------- Invoking toplevel() on ptolemy.moml.MoMLSimpleApplication@74755c2a
----------------- Done invoking toplevel() on ptolemy.moml.MoMLSimpleApplication@74755c2a
reloadAllAccessors: .PublisherSubscriber10

===========================================================================================
----------------- testing Thu Jul 18 06:42:21 UTC 2019 /home/travis/build/icyphy/ptII/ptolemy/actor/lib/test/auto/PublisherSubscriber10InitialOutputs.xml
----------------- Instantiating /home/travis/build/icyphy/ptII/ptolemy/actor/lib/test/auto/PublisherSubscriber10InitialOutputs.xml
17 ms. Memory: 444416K Free: 304542K (69%)
----------------- Invoking toplevel() on ptolemy.moml.MoMLSimpleApplication@15a33329
----------------- Done invoking toplevel() on ptolemy.moml.MoMLSimpleApplication@15a33329
reloadAllAccessors: .PublisherSubscriber10InitialOutputs

===========================================================================================
----------------- testing Thu Jul 18 06:42:21 UTC 2019 /home/travis/build/icyphy/ptII/ptolemy/actor/lib/test/auto/PublisherSubscriber11.xml
----------------- Instantiating /home/travis/build/icyphy/ptII/ptolemy/actor/lib/test/auto/PublisherSubscriber11.xml
3 ms. Memory: 444416K Free: 297888K (67%)
----------------- Invoking toplevel() on ptolemy.moml.MoMLSimpleApplication@17794055
----------------- Done invoking toplevel() on ptolemy.moml.MoMLSimpleApplication@17794055
reloadAllAccessors: .PublisherSubscriber11

===========================================================================================
----------------- testing Thu Jul 18 06:42:21 UTC 2019 /home/travis/build/icyphy/ptII/ptolemy/actor/lib/test/auto/PublisherSubscriber12.xml
----------------- Instantiating /home/travis/build/icyphy/ptII/ptolemy/actor/lib/test/auto/PublisherSubscriber12.xml
6 ms. Memory: 444416K Free: 290720K (65%)
----------------- Invoking toplevel() on ptolemy.moml.MoMLSimpleApplication@412ed65
----------------- Done invoking toplevel() on ptolemy.moml.MoMLSimpleApplication@412ed65
reloadAllAccessors: .PublisherSubscriber12

===========================================================================================
----------------- testing Thu Jul 18 06:42:21 UTC 2019 /home/travis/build/icyphy/ptII/ptolemy/actor/lib/test/auto/PublisherSubscriber13.xml
----------------- Instantiating /home/travis/build/icyphy/ptII/ptolemy/actor/lib/test/auto/PublisherSubscriber13.xml
2 ms. Memory: 444416K Free: 285072K (64%)
----------------- Invoking toplevel() on ptolemy.moml.MoMLSimpleApplication@4f199fa1
----------------- Done invoking toplevel() on ptolemy.moml.MoMLSimpleApplication@4f199fa1
reloadAllAccessors: .PublisherSubscriber13

===========================================================================================
----------------- testing Thu Jul 18 06:42:21 UTC 2019 /home/travis/build/icyphy/ptII/ptolemy/actor/lib/test/auto/PublisherSubscriber14.xml
----------------- Instantiating /home/travis/build/icyphy/ptII/ptolemy/actor/lib/test/auto/PublisherSubscriber14.xml
2 ms. Memory: 444416K Free: 276384K (62%)
----------------- Invoking toplevel() on ptolemy.moml.MoMLSimpleApplication@4f205348
----------------- Done invoking toplevel() on ptolemy.moml.MoMLSimpleApplication@4f205348
reloadAllAccessors: .PublisherSubscriber14

===========================================================================================
----------------- testing Thu Jul 18 06:42:21 UTC 2019 /home/travis/build/icyphy/ptII/ptolemy/actor/lib/test/auto/PublisherSubscriber2.xml
----------------- Instantiating /home/travis/build/icyphy/ptII/ptolemy/actor/lib/test/auto/PublisherSubscriber2.xml
4 ms. Memory: 444416K Free: 270736K (61%)
----------------- Invoking toplevel() on ptolemy.moml.MoMLSimpleApplication@de7216a
----------------- Done invoking toplevel() on ptolemy.moml.MoMLSimpleApplication@de7216a
reloadAllAccessors: .PublisherSubscriber2

===========================================================================================
----------------- testing Thu Jul 18 06:42:21 UTC 2019 /home/travis/build/icyphy/ptII/ptolemy/actor/lib/test/auto/PublisherSubscriber3.xml
----------------- Instantiating /home/travis/build/icyphy/ptII/ptolemy/actor/lib/test/auto/PublisherSubscriber3.xml
2 ms. Memory: 444416K Free: 265120K (60%)
----------------- Invoking toplevel() on ptolemy.moml.MoMLSimpleApplication@17462161
----------------- Done invoking toplevel() on ptolemy.moml.MoMLSimpleApplication@17462161
reloadAllAccessors: .PublisherSubscriber3

===========================================================================================
----------------- testing Thu Jul 18 06:42:21 UTC 2019 /home/travis/build/icyphy/ptII/ptolemy/actor/lib/test/auto/PublisherSubscriber4.xml
----------------- Instantiating /home/travis/build/icyphy/ptII/ptolemy/actor/lib/test/auto/PublisherSubscriber4.xml
2 ms. Memory: 444416K Free: 260000K (59%)
----------------- Invoking toplevel() on ptolemy.moml.MoMLSimpleApplication@2b4d0d94
----------------- Done invoking toplevel() on ptolemy.moml.MoMLSimpleApplication@2b4d0d94
reloadAllAccessors: .PublisherSubscriber4

===========================================================================================
----------------- testing Thu Jul 18 06:42:21 UTC 2019 /home/travis/build/icyphy/ptII/ptolemy/actor/lib/test/auto/PublisherSubscriber5.xml
----------------- Instantiating /home/travis/build/icyphy/ptII/ptolemy/actor/lib/test/auto/PublisherSubscriber5.xml
2 ms. Memory: 444416K Free: 253342K (57%)
----------------- Invoking toplevel() on ptolemy.moml.MoMLSimpleApplication@4d180724
----------------- Done invoking toplevel() on ptolemy.moml.MoMLSimpleApplication@4d180724
reloadAllAccessors: .PublisherSubscriber5

===========================================================================================
----------------- testing Thu Jul 18 06:42:21 UTC 2019 /home/travis/build/icyphy/ptII/ptolemy/actor/lib/test/auto/PublisherSubscriber6.xml
----------------- Instantiating /home/travis/build/icyphy/ptII/ptolemy/actor/lib/test/auto/PublisherSubscriber6.xml
4 ms. Memory: 444416K Free: 246688K (56%)
----------------- Invoking toplevel() on ptolemy.moml.MoMLSimpleApplication@6b9a74da
----------------- Done invoking toplevel() on ptolemy.moml.MoMLSimpleApplication@6b9a74da
reloadAllAccessors: .PublisherSubscriber6

===========================================================================================
----------------- testing Thu Jul 18 06:42:21 UTC 2019 /home/travis/build/icyphy/ptII/ptolemy/actor/lib/test/auto/PublisherSubscriber7.xml
----------------- Instantiating /home/travis/build/icyphy/ptII/ptolemy/actor/lib/test/auto/PublisherSubscriber7.xml
8 ms. Memory: 444416K Free: 240016K (54%)
----------------- Invoking toplevel() on ptolemy.moml.MoMLSimpleApplication@69008596
----------------- Done invoking toplevel() on ptolemy.moml.MoMLSimpleApplication@69008596
reloadAllAccessors: .PublisherSubscriber7

===========================================================================================
----------------- testing Thu Jul 18 06:42:21 UTC 2019 /home/travis/build/icyphy/ptII/ptolemy/actor/lib/test/auto/PublisherSubscriber8.xml
----------------- Instantiating /home/travis/build/icyphy/ptII/ptolemy/actor/lib/test/auto/PublisherSubscriber8.xml
19 ms. Memory: 444416K Free: 228256K (51%)
----------------- Invoking toplevel() on ptolemy.moml.MoMLSimpleApplication@4d1fbdfb
----------------- Done invoking toplevel() on ptolemy.moml.MoMLSimpleApplication@4d1fbdfb
reloadAllAccessors: .PublisherSubscriber8

===========================================================================================
----------------- testing Thu Jul 18 06:42:21 UTC 2019 /home/travis/build/icyphy/ptII/ptolemy/actor/lib/test/auto/PublisherSubscriber9.xml
----------------- Instantiating /home/travis/build/icyphy/ptII/ptolemy/actor/lib/test/auto/PublisherSubscriber9.xml
3 ms. Memory: 444416K Free: 221088K (50%)
----------------- Invoking toplevel() on ptolemy.moml.MoMLSimpleApplication@1ef39833
----------------- Done invoking toplevel() on ptolemy.moml.MoMLSimpleApplication@1ef39833
reloadAllAccessors: .PublisherSubscriber9

===========================================================================================
----------------- testing Thu Jul 18 06:42:21 UTC 2019 /home/travis/build/icyphy/ptII/ptolemy/actor/lib/test/auto/PublisherSubscriberAdjacent.xml
----------------- Instantiating /home/travis/build/icyphy/ptII/ptolemy/actor/lib/test/auto/PublisherSubscriberAdjacent.xml
2 ms. Memory: 444416K Free: 212382K (48%)
----------------- Invoking toplevel() on ptolemy.moml.MoMLSimpleApplication@7bf1d202
----------------- Done invoking toplevel() on ptolemy.moml.MoMLSimpleApplication@7bf1d202
reloadAllAccessors: .PublisherSubscriberAdjacent

===========================================================================================
----------------- testing Thu Jul 18 06:42:21 UTC 2019 /home/travis/build/icyphy/ptII/ptolemy/actor/lib/test/auto/PublisherSubscriberChannelVariablesAOC2.xml
----------------- Instantiating /home/travis/build/icyphy/ptII/ptolemy/actor/lib/test/auto/PublisherSubscriberChannelVariablesAOC2.xml
4 ms. Memory: 444416K Free: 197008K (44%)
----------------- Invoking toplevel() on ptolemy.moml.MoMLSimpleApplication@599b0a64
----------------- Done invoking toplevel() on ptolemy.moml.MoMLSimpleApplication@599b0a64
reloadAllAccessors: .PublisherSubscriberChannelVariablesAOC2

===========================================================================================
----------------- testing Thu Jul 18 06:42:21 UTC 2019 /home/travis/build/icyphy/ptII/ptolemy/actor/lib/test/auto/PublisherSubscriberD3.xml
----------------- Instantiating /home/travis/build/icyphy/ptII/ptolemy/actor/lib/test/auto/PublisherSubscriberD3.xml
2 ms. Memory: 444416K Free: 189854K (43%)
----------------- Invoking toplevel() on ptolemy.moml.MoMLSimpleApplication@17cee9c5
----------------- Done invoking toplevel() on ptolemy.moml.MoMLSimpleApplication@17cee9c5
reloadAllAccessors: .PublisherSubscriberD3

===========================================================================================
----------------- testing Thu Jul 18 06:42:21 UTC 2019 /home/travis/build/icyphy/ptII/ptolemy/actor/lib/test/auto/PublisherSubscriberD3Reverse.xml
----------------- Instantiating /home/travis/build/icyphy/ptII/ptolemy/actor/lib/test/auto/PublisherSubscriberD3Reverse.xml
2 ms. Memory: 444416K Free: 183710K (41%)
----------------- Invoking toplevel() on ptolemy.moml.MoMLSimpleApplication@349a4a56
----------------- Done invoking toplevel() on ptolemy.moml.MoMLSimpleApplication@349a4a56
reloadAllAccessors: .PublisherSubscriberD3Reverse

===========================================================================================
----------------- testing Thu Jul 18 06:42:21 UTC 2019 /home/travis/build/icyphy/ptII/ptolemy/actor/lib/test/auto/PublisherSubscriberExpression.xml
----------------- Instantiating /home/travis/build/icyphy/ptII/ptolemy/actor/lib/test/auto/PublisherSubscriberExpression.xml
3 ms. Memory: 444416K Free: 175008K (39%)
----------------- Invoking toplevel() on ptolemy.moml.MoMLSimpleApplication@7be82da
----------------- Done invoking toplevel() on ptolemy.moml.MoMLSimpleApplication@7be82da
reloadAllAccessors: .PublisherSubscriberExpression

===========================================================================================
----------------- testing Thu Jul 18 06:42:21 UTC 2019 /home/travis/build/icyphy/ptII/ptolemy/actor/lib/test/auto/PublisherSubscriberOpaque.xml
----------------- Instantiating /home/travis/build/icyphy/ptII/ptolemy/actor/lib/test/auto/PublisherSubscriberOpaque.xml
3 ms. Memory: 444416K Free: 166816K (38%)
----------------- Invoking toplevel() on ptolemy.moml.MoMLSimpleApplication@192d85e4
----------------- Done invoking toplevel() on ptolemy.moml.MoMLSimpleApplication@192d85e4
reloadAllAccessors: .PublisherSubscriberOpaque

===========================================================================================
----------------- testing Thu Jul 18 06:42:21 UTC 2019 /home/travis/build/icyphy/ptII/ptolemy/actor/lib/test/auto/PublisherSubscriberOpaqueD3.xml
----------------- Instantiating /home/travis/build/icyphy/ptII/ptolemy/actor/lib/test/auto/PublisherSubscriberOpaqueD3.xml
10 ms. Memory: 444416K Free: 155552K (35%)
----------------- Invoking toplevel() on ptolemy.moml.MoMLSimpleApplication@68e31d74
----------------- Done invoking toplevel() on ptolemy.moml.MoMLSimpleApplication@68e31d74
reloadAllAccessors: .PublisherSubscriberOpaqueD3

===========================================================================================
----------------- testing Thu Jul 18 06:42:21 UTC 2019 /home/travis/build/icyphy/ptII/ptolemy/actor/lib/test/auto/PublisherSubscriberOpaqueD3Reverse.xml
----------------- Instantiating /home/travis/build/icyphy/ptII/ptolemy/actor/lib/test/auto/PublisherSubscriberOpaqueD3Reverse.xml
9 ms. Memory: 444416K Free: 145312K (33%)
----------------- Invoking toplevel() on ptolemy.moml.MoMLSimpleApplication@8a3dc7
----------------- Done invoking toplevel() on ptolemy.moml.MoMLSimpleApplication@8a3dc7
reloadAllAccessors: .PublisherSubscriberOpaqueD3Reverse

===========================================================================================
----------------- testing Thu Jul 18 06:42:21 UTC 2019 /home/travis/build/icyphy/ptII/ptolemy/actor/lib/test/auto/PublisherSubscriberOpaqueWidthInference.xml
----------------- Instantiating /home/travis/build/icyphy/ptII/ptolemy/actor/lib/test/auto/PublisherSubscriberOpaqueWidthInference.xml
5 ms. Memory: 444416K Free: 136592K (31%)
----------------- Invoking toplevel() on ptolemy.moml.MoMLSimpleApplication@2f86323f
----------------- Done invoking toplevel() on ptolemy.moml.MoMLSimpleApplication@2f86323f
reloadAllAccessors: .PublisherSubscriberOpaqueWidthInference

===========================================================================================
----------------- testing Thu Jul 18 06:42:21 UTC 2019 /home/travis/build/icyphy/ptII/ptolemy/actor/lib/test/auto/PublisherTestSubscriber.xml
----------------- Instantiating /home/travis/build/icyphy/ptII/ptolemy/actor/lib/test/auto/PublisherTestSubscriber.xml
3 ms. Memory: 444416K Free: 391056K (88%)
----------------- Invoking toplevel() on ptolemy.moml.MoMLSimpleApplication@168b4dab
----------------- Done invoking toplevel() on ptolemy.moml.MoMLSimpleApplication@168b4dab
reloadAllAccessors: .PublisherTestSubscriber

===========================================================================================
----------------- testing Thu Jul 18 06:42:21 UTC 2019 /home/travis/build/icyphy/ptII/ptolemy/actor/lib/test/auto/PublisherToplevelSubscriberPortAOC.xml
----------------- Instantiating /home/travis/build/icyphy/ptII/ptolemy/actor/lib/test/auto/PublisherToplevelSubscriberPortAOC.xml
2 ms. Memory: 444416K Free: 384384K (86%)
----------------- Invoking toplevel() on ptolemy.moml.MoMLSimpleApplication@2124de41
----------------- Done invoking toplevel() on ptolemy.moml.MoMLSimpleApplication@2124de41
reloadAllAccessors: .PublisherToplevelSubscriberPortAOC

===========================================================================================
----------------- testing Thu Jul 18 06:42:21 UTC 2019 /home/travis/build/icyphy/ptII/ptolemy/actor/lib/test/auto/PulseFiringLimitDE.xml
----------------- Instantiating /home/travis/build/icyphy/ptII/ptolemy/actor/lib/test/auto/PulseFiringLimitDE.xml
2 ms. Memory: 444416K Free: 377744K (85%)
----------------- Invoking toplevel() on ptolemy.moml.MoMLSimpleApplication@25f40062
----------------- Done invoking toplevel() on ptolemy.moml.MoMLSimpleApplication@25f40062
reloadAllAccessors: .PulseFiringLimitDE

===========================================================================================
----------------- testing Thu Jul 18 06:42:21 UTC 2019 /home/travis/build/icyphy/ptII/ptolemy/actor/lib/test/auto/Ramp1.xml
----------------- Instantiating /home/travis/build/icyphy/ptII/ptolemy/actor/lib/test/auto/Ramp1.xml
1 ms. Memory: 444416K Free: 373128K (84%)
----------------- Invoking toplevel() on ptolemy.moml.MoMLSimpleApplication@2d287db
----------------- Done invoking toplevel() on ptolemy.moml.MoMLSimpleApplication@2d287db
reloadAllAccessors: .Ramp1

===========================================================================================
----------------- testing Thu Jul 18 06:42:21 UTC 2019 /home/travis/build/icyphy/ptII/ptolemy/actor/lib/test/auto/RampFiringLimitDE.xml
----------------- Instantiating /home/travis/build/icyphy/ptII/ptolemy/actor/lib/test/auto/RampFiringLimitDE.xml
2 ms. Memory: 444416K Free: 366976K (83%)
----------------- Invoking toplevel() on ptolemy.moml.MoMLSimpleApplication@4a429f79
----------------- Done invoking toplevel() on ptolemy.moml.MoMLSimpleApplication@4a429f79
reloadAllAccessors: .RampFiringLimitDE

===========================================================================================
----------------- testing Thu Jul 18 06:42:21 UTC 2019 /home/travis/build/icyphy/ptII/ptolemy/actor/lib/test/auto/RampFiringLimitSDF.xml
----------------- Instantiating /home/travis/build/icyphy/ptII/ptolemy/actor/lib/test/auto/RampFiringLimitSDF.xml
2 ms. Memory: 444416K Free: 361856K (81%)
----------------- Invoking toplevel() on ptolemy.moml.MoMLSimpleApplication@386bfa03
----------------- Done invoking toplevel() on ptolemy.moml.MoMLSimpleApplication@386bfa03
reloadAllAccessors: .RampFiringLimitSDF

===========================================================================================
----------------- testing Thu Jul 18 06:42:21 UTC 2019 /home/travis/build/icyphy/ptII/ptolemy/actor/lib/test/auto/RandomInteger.xml
----------------- Instantiating /home/travis/build/icyphy/ptII/ptolemy/actor/lib/test/auto/RandomInteger.xml
1 ms. Memory: 444416K Free: 357774K (81%)
----------------- Invoking toplevel() on ptolemy.moml.MoMLSimpleApplication@3a723bc
----------------- Done invoking toplevel() on ptolemy.moml.MoMLSimpleApplication@3a723bc
reloadAllAccessors: .RandomInteger

===========================================================================================
----------------- testing Thu Jul 18 06:42:21 UTC 2019 /home/travis/build/icyphy/ptII/ptolemy/actor/lib/test/auto/ReadFile1.xml
----------------- Instantiating /home/travis/build/icyphy/ptII/ptolemy/actor/lib/test/auto/ReadFile1.xml
2 ms. Memory: 444416K Free: 353168K (79%)
----------------- Invoking toplevel() on ptolemy.moml.MoMLSimpleApplication@6ea1adce
----------------- Done invoking toplevel() on ptolemy.moml.MoMLSimpleApplication@6ea1adce
reloadAllAccessors: .ReadFile1

===========================================================================================
----------------- testing Thu Jul 18 06:42:21 UTC 2019 /home/travis/build/icyphy/ptII/ptolemy/actor/lib/test/auto/ReadFile2.xml
----------------- Instantiating /home/travis/build/icyphy/ptII/ptolemy/actor/lib/test/auto/ReadFile2.xml
1 ms. Memory: 444416K Free: 349072K (79%)
----------------- Invoking toplevel() on ptolemy.moml.MoMLSimpleApplication@c214ae5
----------------- Done invoking toplevel() on ptolemy.moml.MoMLSimpleApplication@c214ae5
reloadAllAccessors: .ReadFile2

===========================================================================================
----------------- testing Thu Jul 18 06:42:21 UTC 2019 /home/travis/build/icyphy/ptII/ptolemy/actor/lib/test/auto/Reader.xml
----------------- Instantiating /home/travis/build/icyphy/ptII/ptolemy/actor/lib/test/auto/Reader.xml
actor.lib.Reader is obsolete, use actor.lib.io.ExpressionReader instead
4 ms. Memory: 444416K Free: 344976K (78%)
----------------- Invoking toplevel() on ptolemy.moml.MoMLSimpleApplication@369b9352
----------------- Done invoking toplevel() on ptolemy.moml.MoMLSimpleApplication@369b9352
reloadAllAccessors: .Reader

===========================================================================================
----------------- testing Thu Jul 18 06:42:21 UTC 2019 /home/travis/build/icyphy/ptII/ptolemy/actor/lib/test/auto/RecordAssemblerDisplayNameTest.xml
----------------- Instantiating /home/travis/build/icyphy/ptII/ptolemy/actor/lib/test/auto/RecordAssemblerDisplayNameTest.xml
4347 ms. Memory: 444416K Free: 147840K (33%)
----------------- Invoking toplevel() on ptolemy.moml.MoMLSimpleApplication@46d37b20
----------------- Done invoking toplevel() on ptolemy.moml.MoMLSimpleApplication@46d37b20
reloadAllAccessors: .RecordAssemblerDisplayNameTest

===========================================================================================
----------------- testing Thu Jul 18 06:42:26 UTC 2019 /home/travis/build/icyphy/ptII/ptolemy/actor/lib/test/auto/RecordAssemblerTypeError.xml
----------------- Instantiating /home/travis/build/icyphy/ptII/ptolemy/actor/lib/test/auto/RecordAssemblerTypeError.xml
15 ms. Memory: 444416K Free: 138114K (31%)
----------------- Invoking toplevel() on ptolemy.moml.MoMLSimpleApplication@4eeeaad4
----------------- Done invoking toplevel() on ptolemy.moml.MoMLSimpleApplication@4eeeaad4
reloadAllAccessors: .RecordAssemblerTypeError

===========================================================================================
----------------- testing Thu Jul 18 06:42:26 UTC 2019 /home/travis/build/icyphy/ptII/ptolemy/actor/lib/test/auto/RecordDisassember.xml
----------------- Instantiating /home/travis/build/icyphy/ptII/ptolemy/actor/lib/test/auto/RecordDisassember.xml
5 ms. Memory: 444416K Free: 133498K (30%)
----------------- Invoking toplevel() on ptolemy.moml.MoMLSimpleApplication@1b7b79de
----------------- Done invoking toplevel() on ptolemy.moml.MoMLSimpleApplication@1b7b79de
reloadAllAccessors: .RecordDisassember

===========================================================================================
----------------- testing Thu Jul 18 06:42:26 UTC 2019 /home/travis/build/icyphy/ptII/ptolemy/actor/lib/test/auto/RecordDisassemberDisplayNameTest.xml
----------------- Instantiating /home/travis/build/icyphy/ptII/ptolemy/actor/lib/test/auto/RecordDisassemberDisplayNameTest.xml
18 ms. Memory: 444416K Free: 387906K (87%)
----------------- Invoking toplevel() on ptolemy.moml.MoMLSimpleApplication@6df130c1
----------------- Done invoking toplevel() on ptolemy.moml.MoMLSimpleApplication@6df130c1
reloadAllAccessors: .RecordDisassemberDisplayNameTest

===========================================================================================
----------------- testing Thu Jul 18 06:42:26 UTC 2019 /home/travis/build/icyphy/ptII/ptolemy/actor/lib/test/auto/RecordDisassembler.xml
----------------- Instantiating /home/travis/build/icyphy/ptII/ptolemy/actor/lib/test/auto/RecordDisassembler.xml
4 ms. Memory: 444416K Free: 382786K (86%)
----------------- Invoking toplevel() on ptolemy.moml.MoMLSimpleApplication@5cb9fae9
----------------- Done invoking toplevel() on ptolemy.moml.MoMLSimpleApplication@5cb9fae9
reloadAllAccessors: .RecordDisassembler

===========================================================================================
----------------- testing Thu Jul 18 06:42:26 UTC 2019 /home/travis/build/icyphy/ptII/ptolemy/actor/lib/test/auto/RecordDisassembler2.xml
----------------- Instantiating /home/travis/build/icyphy/ptII/ptolemy/actor/lib/test/auto/RecordDisassembler2.xml
4 ms. Memory: 444416K Free: 377666K (85%)
----------------- Invoking toplevel() on ptolemy.moml.MoMLSimpleApplication@4e5591c3
----------------- Done invoking toplevel() on ptolemy.moml.MoMLSimpleApplication@4e5591c3
reloadAllAccessors: .RecordDisassembler2

===========================================================================================
----------------- testing Thu Jul 18 06:42:26 UTC 2019 /home/travis/build/icyphy/ptII/ptolemy/actor/lib/test/auto/RecordUpdater.xml
----------------- Instantiating /home/travis/build/icyphy/ptII/ptolemy/actor/lib/test/auto/RecordUpdater.xml
2 ms. Memory: 444416K Free: 373056K (84%)
----------------- Invoking toplevel() on ptolemy.moml.MoMLSimpleApplication@53f1633d
----------------- Done invoking toplevel() on ptolemy.moml.MoMLSimpleApplication@53f1633d
reloadAllAccessors: .RecordUpdater

===========================================================================================
----------------- testing Thu Jul 18 06:42:26 UTC 2019 /home/travis/build/icyphy/ptII/ptolemy/actor/lib/test/auto/RecordUpdater2.xml
----------------- Instantiating /home/travis/build/icyphy/ptII/ptolemy/actor/lib/test/auto/RecordUpdater2.xml
2 ms. Memory: 444416K Free: 367936K (83%)
----------------- Invoking toplevel() on ptolemy.moml.MoMLSimpleApplication@5388957e
----------------- Done invoking toplevel() on ptolemy.moml.MoMLSimpleApplication@5388957e
reloadAllAccessors: .RecordUpdater2

===========================================================================================
----------------- testing Thu Jul 18 06:42:26 UTC 2019 /home/travis/build/icyphy/ptII/ptolemy/actor/lib/test/auto/RecursiveLattice.xml
----------------- Instantiating /home/travis/build/icyphy/ptII/ptolemy/actor/lib/test/auto/RecursiveLattice.xml
1 ms. Memory: 444416K Free: 363810K (82%)
----------------- Invoking toplevel() on ptolemy.moml.MoMLSimpleApplication@52ec0407
----------------- Done invoking toplevel() on ptolemy.moml.MoMLSimpleApplication@52ec0407
reloadAllAccessors: .RecursiveLattice

===========================================================================================
----------------- testing Thu Jul 18 06:42:26 UTC 2019 /home/travis/build/icyphy/ptII/ptolemy/actor/lib/test/auto/Router.xml
----------------- Instantiating /home/travis/build/icyphy/ptII/ptolemy/actor/lib/test/auto/Router.xml
3005 ms. Memory: 444416K Free: 353090K (79%)
----------------- Invoking toplevel() on ptolemy.moml.MoMLSimpleApplication@3c29f224
----------------- Done invoking toplevel() on ptolemy.moml.MoMLSimpleApplication@3c29f224
reloadAllAccessors: .Router

===========================================================================================
----------------- testing Thu Jul 18 06:42:29 UTC 2019 /home/travis/build/icyphy/ptII/ptolemy/actor/lib/test/auto/Router2.xml
----------------- Instantiating /home/travis/build/icyphy/ptII/ptolemy/actor/lib/test/auto/Router2.xml
3004 ms. Memory: 444416K Free: 342336K (77%)
----------------- Invoking toplevel() on ptolemy.moml.MoMLSimpleApplication@112722cb
----------------- Done invoking toplevel() on ptolemy.moml.MoMLSimpleApplication@112722cb
reloadAllAccessors: .Router2

===========================================================================================
----------------- testing Thu Jul 18 06:42:32 UTC 2019 /home/travis/build/icyphy/ptII/ptolemy/actor/lib/test/auto/RunningMaximum.xml
----------------- Instantiating /home/travis/build/icyphy/ptII/ptolemy/actor/lib/test/auto/RunningMaximum.xml
2 ms. Memory: 444416K Free: 337216K (76%)
----------------- Invoking toplevel() on ptolemy.moml.MoMLSimpleApplication@639fb9d6
----------------- Done invoking toplevel() on ptolemy.moml.MoMLSimpleApplication@639fb9d6
reloadAllAccessors: .RunningMaximum

===========================================================================================
----------------- testing Thu Jul 18 06:42:32 UTC 2019 /home/travis/build/icyphy/ptII/ptolemy/actor/lib/test/auto/RunningMinimum.xml
----------------- Instantiating /home/travis/build/icyphy/ptII/ptolemy/actor/lib/test/auto/RunningMinimum.xml
2 ms. Memory: 444416K Free: 332610K (75%)
----------------- Invoking toplevel() on ptolemy.moml.MoMLSimpleApplication@113b1149
----------------- Done invoking toplevel() on ptolemy.moml.MoMLSimpleApplication@113b1149
reloadAllAccessors: .RunningMinimum

===========================================================================================
----------------- testing Thu Jul 18 06:42:32 UTC 2019 /home/travis/build/icyphy/ptII/ptolemy/actor/lib/test/auto/Scale.xml
----------------- Instantiating /home/travis/build/icyphy/ptII/ptolemy/actor/lib/test/auto/Scale.xml
6 ms. Memory: 444416K Free: 328000K (74%)
----------------- Invoking toplevel() on ptolemy.moml.MoMLSimpleApplication@695b38da
----------------- Done invoking toplevel() on ptolemy.moml.MoMLSimpleApplication@695b38da
reloadAllAccessors: .Scale

===========================================================================================
----------------- testing Thu Jul 18 06:42:32 UTC 2019 /home/travis/build/icyphy/ptII/ptolemy/actor/lib/test/auto/Scale2.xml
----------------- Instantiating /home/travis/build/icyphy/ptII/ptolemy/actor/lib/test/auto/Scale2.xml
2 ms. Memory: 444416K Free: 323394K (73%)
----------------- Invoking toplevel() on ptolemy.moml.MoMLSimpleApplication@1021f994
----------------- Done invoking toplevel() on ptolemy.moml.MoMLSimpleApplication@1021f994
reloadAllAccessors: .Scale2

===========================================================================================
----------------- testing Thu Jul 18 06:42:32 UTC 2019 /home/travis/build/icyphy/ptII/ptolemy/actor/lib/test/auto/Scale3.xml
----------------- Instantiating /home/travis/build/icyphy/ptII/ptolemy/actor/lib/test/auto/Scale3.xml
13 ms. Memory: 444416K Free: 317250K (71%)
----------------- Invoking toplevel() on ptolemy.moml.MoMLSimpleApplication@74513a0b
----------------- Done invoking toplevel() on ptolemy.moml.MoMLSimpleApplication@74513a0b
reloadAllAccessors: .Scale3

===========================================================================================
----------------- testing Thu Jul 18 06:42:32 UTC 2019 /home/travis/build/icyphy/ptII/ptolemy/actor/lib/test/auto/ScaleArray.xml
----------------- Instantiating /home/travis/build/icyphy/ptII/ptolemy/actor/lib/test/auto/ScaleArray.xml
2 ms. Memory: 444416K Free: 312640K (70%)
----------------- Invoking toplevel() on ptolemy.moml.MoMLSimpleApplication@39c7b27f
----------------- Done invoking toplevel() on ptolemy.moml.MoMLSimpleApplication@39c7b27f
reloadAllAccessors: .ScaleArray

===========================================================================================
----------------- testing Thu Jul 18 06:42:32 UTC 2019 /home/travis/build/icyphy/ptII/ptolemy/actor/lib/test/auto/ScaleArray2.xml
----------------- Instantiating /home/travis/build/icyphy/ptII/ptolemy/actor/lib/test/auto/ScaleArray2.xml
1 ms. Memory: 444416K Free: 308034K (69%)
----------------- Invoking toplevel() on ptolemy.moml.MoMLSimpleApplication@44a8577b
----------------- Done invoking toplevel() on ptolemy.moml.MoMLSimpleApplication@44a8577b
reloadAllAccessors: .ScaleArray2

===========================================================================================
----------------- testing Thu Jul 18 06:42:32 UTC 2019 /home/travis/build/icyphy/ptII/ptolemy/actor/lib/test/auto/ScaleMatrix.xml
----------------- Instantiating /home/travis/build/icyphy/ptII/ptolemy/actor/lib/test/auto/ScaleMatrix.xml
191 ms. Memory: 444416K Free: 294208K (66%)
----------------- Invoking toplevel() on ptolemy.moml.MoMLSimpleApplication@3243ff56
----------------- Done invoking toplevel() on ptolemy.moml.MoMLSimpleApplication@3243ff56
reloadAllAccessors: .ScaleMatrix

===========================================================================================
----------------- testing Thu Jul 18 06:42:32 UTC 2019 /home/travis/build/icyphy/ptII/ptolemy/actor/lib/test/auto/Select.xml
----------------- Instantiating /home/travis/build/icyphy/ptII/ptolemy/actor/lib/test/auto/Select.xml
3 ms. Memory: 444416K Free: 288034K (65%)
----------------- Invoking toplevel() on ptolemy.moml.MoMLSimpleApplication@66601bc1
----------------- Done invoking toplevel() on ptolemy.moml.MoMLSimpleApplication@66601bc1
reloadAllAccessors: .Select

===========================================================================================
----------------- testing Thu Jul 18 06:42:32 UTC 2019 /home/travis/build/icyphy/ptII/ptolemy/actor/lib/test/auto/Select2.xml
----------------- Instantiating /home/travis/build/icyphy/ptII/ptolemy/actor/lib/test/auto/Select2.xml
1 ms. Memory: 444416K Free: 283458K (64%)
----------------- Invoking toplevel() on ptolemy.moml.MoMLSimpleApplication@648eb463
----------------- Done invoking toplevel() on ptolemy.moml.MoMLSimpleApplication@648eb463
reloadAllAccessors: .Select2

===========================================================================================
----------------- testing Thu Jul 18 06:42:32 UTC 2019 /home/travis/build/icyphy/ptII/ptolemy/actor/lib/test/auto/SequenceToArray2.xml
----------------- Instantiating /home/travis/build/icyphy/ptII/ptolemy/actor/lib/test/auto/SequenceToArray2.xml
113 ms. Memory: 444416K Free: 259392K (58%)
----------------- Invoking toplevel() on ptolemy.moml.MoMLSimpleApplication@64d67f69
----------------- Done invoking toplevel() on ptolemy.moml.MoMLSimpleApplication@64d67f69
reloadAllAccessors: .SequenceToArray2

===========================================================================================
----------------- testing Thu Jul 18 06:42:32 UTC 2019 /home/travis/build/icyphy/ptII/ptolemy/actor/lib/test/auto/SequentialClock.xml
----------------- Instantiating /home/travis/build/icyphy/ptII/ptolemy/actor/lib/test/auto/SequentialClock.xml
1 ms. Memory: 444416K Free: 255296K (57%)
----------------- Invoking toplevel() on ptolemy.moml.MoMLSimpleApplication@384653f5
----------------- Done invoking toplevel() on ptolemy.moml.MoMLSimpleApplication@384653f5
reloadAllAccessors: .SequentialClock

===========================================================================================
----------------- testing Thu Jul 18 06:42:32 UTC 2019 /home/travis/build/icyphy/ptII/ptolemy/actor/lib/test/auto/SetVariable.xml
----------------- Instantiating /home/travis/build/icyphy/ptII/ptolemy/actor/lib/test/auto/SetVariable.xml
3 ms. Memory: 444416K Free: 250690K (56%)
----------------- Invoking toplevel() on ptolemy.moml.MoMLSimpleApplication@7a3bfa28
----------------- Done invoking toplevel() on ptolemy.moml.MoMLSimpleApplication@7a3bfa28
reloadAllAccessors: .SetVariable

===========================================================================================
----------------- testing Thu Jul 18 06:42:32 UTC 2019 /home/travis/build/icyphy/ptII/ptolemy/actor/lib/test/auto/SetVariable2.xml
----------------- Instantiating /home/travis/build/icyphy/ptII/ptolemy/actor/lib/test/auto/SetVariable2.xml
2 ms. Memory: 444416K Free: 245570K (55%)
----------------- Invoking toplevel() on ptolemy.moml.MoMLSimpleApplication@312ff00b
----------------- Done invoking toplevel() on ptolemy.moml.MoMLSimpleApplication@312ff00b
reloadAllAccessors: .SetVariable2

===========================================================================================
----------------- testing Thu Jul 18 06:42:32 UTC 2019 /home/travis/build/icyphy/ptII/ptolemy/actor/lib/test/auto/SetVariable3.xml
----------------- Instantiating /home/travis/build/icyphy/ptII/ptolemy/actor/lib/test/auto/SetVariable3.xml
7 ms. Memory: 444416K Free: 239936K (54%)
----------------- Invoking toplevel() on ptolemy.moml.MoMLSimpleApplication@6085d1
----------------- Done invoking toplevel() on ptolemy.moml.MoMLSimpleApplication@6085d1
reloadAllAccessors: .SetVariable3

===========================================================================================
----------------- testing Thu Jul 18 06:42:33 UTC 2019 /home/travis/build/icyphy/ptII/ptolemy/actor/lib/test/auto/SetVariable4.xml
----------------- Instantiating /home/travis/build/icyphy/ptII/ptolemy/actor/lib/test/auto/SetVariable4.xml
19 ms. Memory: 444416K Free: 230720K (52%)
----------------- Invoking toplevel() on ptolemy.moml.MoMLSimpleApplication@4801fb58
----------------- Done invoking toplevel() on ptolemy.moml.MoMLSimpleApplication@4801fb58
reloadAllAccessors: .SetVariable4

===========================================================================================
----------------- testing Thu Jul 18 06:42:33 UTC 2019 /home/travis/build/icyphy/ptII/ptolemy/actor/lib/test/auto/SetVariable5.xml
----------------- Instantiating /home/travis/build/icyphy/ptII/ptolemy/actor/lib/test/auto/SetVariable5.xml
24 ms. Memory: 444416K Free: 221504K (50%)
----------------- Invoking toplevel() on ptolemy.moml.MoMLSimpleApplication@703a295c
----------------- Done invoking toplevel() on ptolemy.moml.MoMLSimpleApplication@703a295c
reloadAllAccessors: .SetVariable5

===========================================================================================
----------------- testing Thu Jul 18 06:42:33 UTC 2019 /home/travis/build/icyphy/ptII/ptolemy/actor/lib/test/auto/Sinewave.xml
----------------- Instantiating /home/travis/build/icyphy/ptII/ptolemy/actor/lib/test/auto/Sinewave.xml
5 ms. Memory: 444416K Free: 210754K (47%)
----------------- Invoking toplevel() on ptolemy.moml.MoMLSimpleApplication@2f36ac7f
----------------- Done invoking toplevel() on ptolemy.moml.MoMLSimpleApplication@2f36ac7f
reloadAllAccessors: .Sinewave

===========================================================================================
----------------- testing Thu Jul 18 06:42:33 UTC 2019 /home/travis/build/icyphy/ptII/ptolemy/actor/lib/test/auto/Sinewave2.xml
----------------- Instantiating /home/travis/build/icyphy/ptII/ptolemy/actor/lib/test/auto/Sinewave2.xml
8 ms. Memory: 444416K Free: 202562K (46%)
----------------- Invoking toplevel() on ptolemy.moml.MoMLSimpleApplication@2da2b3c1
----------------- Done invoking toplevel() on ptolemy.moml.MoMLSimpleApplication@2da2b3c1
reloadAllAccessors: .Sinewave2

===========================================================================================
----------------- testing Thu Jul 18 06:42:33 UTC 2019 /home/travis/build/icyphy/ptII/ptolemy/actor/lib/test/auto/Sinewave3.xml
----------------- Instantiating /home/travis/build/icyphy/ptII/ptolemy/actor/lib/test/auto/Sinewave3.xml
8 ms. Memory: 444416K Free: 194370K (44%)
----------------- Invoking toplevel() on ptolemy.moml.MoMLSimpleApplication@7db945b1
----------------- Done invoking toplevel() on ptolemy.moml.MoMLSimpleApplication@7db945b1
reloadAllAccessors: .Sinewave3

===========================================================================================
----------------- testing Thu Jul 18 06:42:33 UTC 2019 /home/travis/build/icyphy/ptII/ptolemy/actor/lib/test/auto/SingleEvent.xml
----------------- Instantiating /home/travis/build/icyphy/ptII/ptolemy/actor/lib/test/auto/SingleEvent.xml
1 ms. Memory: 444416K Free: 190274K (43%)
----------------- Invoking toplevel() on ptolemy.moml.MoMLSimpleApplication@3490c70e
----------------- Done invoking toplevel() on ptolemy.moml.MoMLSimpleApplication@3490c70e
reloadAllAccessors: .SingleEvent

===========================================================================================
----------------- testing Thu Jul 18 06:42:33 UTC 2019 /home/travis/build/icyphy/ptII/ptolemy/actor/lib/test/auto/Sleep.xml
----------------- Instantiating /home/travis/build/icyphy/ptII/ptolemy/actor/lib/test/auto/Sleep.xml
6004 ms. Memory: 444416K Free: 184640K (42%)
----------------- Invoking toplevel() on ptolemy.moml.MoMLSimpleApplication@1ef50218
----------------- Done invoking toplevel() on ptolemy.moml.MoMLSimpleApplication@1ef50218
reloadAllAccessors: .Sleep

===========================================================================================
----------------- testing Thu Jul 18 06:42:39 UTC 2019 /home/travis/build/icyphy/ptII/ptolemy/actor/lib/test/auto/SleepMultipleFire.xml
----------------- Instantiating /home/travis/build/icyphy/ptII/ptolemy/actor/lib/test/auto/SleepMultipleFire.xml
1008 ms. Memory: 444416K Free: 179010K (40%)
----------------- Invoking toplevel() on ptolemy.moml.MoMLSimpleApplication@5026935d
----------------- Done invoking toplevel() on ptolemy.moml.MoMLSimpleApplication@5026935d
reloadAllAccessors: .SleepMultipleFire

===========================================================================================
----------------- testing Thu Jul 18 06:42:40 UTC 2019 /home/travis/build/icyphy/ptII/ptolemy/actor/lib/test/auto/StopDE.xml
----------------- Instantiating /home/travis/build/icyphy/ptII/ptolemy/actor/lib/test/auto/StopDE.xml
3 ms. Memory: 444416K Free: 173376K (39%)
----------------- Invoking toplevel() on ptolemy.moml.MoMLSimpleApplication@55c1ca49
----------------- Done invoking toplevel() on ptolemy.moml.MoMLSimpleApplication@55c1ca49
reloadAllAccessors: .StopDE

===========================================================================================
----------------- testing Thu Jul 18 06:42:40 UTC 2019 /home/travis/build/icyphy/ptII/ptolemy/actor/lib/test/auto/StopSDF.xml
----------------- Instantiating /home/travis/build/icyphy/ptII/ptolemy/actor/lib/test/auto/StopSDF.xml
2 ms. Memory: 444416K Free: 167746K (38%)
----------------- Invoking toplevel() on ptolemy.moml.MoMLSimpleApplication@5ef3429b
----------------- Done invoking toplevel() on ptolemy.moml.MoMLSimpleApplication@5ef3429b
reloadAllAccessors: .StopSDF

===========================================================================================
----------------- testing Thu Jul 18 06:42:40 UTC 2019 /home/travis/build/icyphy/ptII/ptolemy/actor/lib/test/auto/StringConstant.xml
----------------- Instantiating /home/travis/build/icyphy/ptII/ptolemy/actor/lib/test/auto/StringConstant.xml
8 ms. Memory: 444416K Free: 163650K (37%)
----------------- Invoking toplevel() on ptolemy.moml.MoMLSimpleApplication@127577ab
----------------- Done invoking toplevel() on ptolemy.moml.MoMLSimpleApplication@127577ab
reloadAllAccessors: .StringConstant

===========================================================================================
----------------- testing Thu Jul 18 06:42:40 UTC 2019 /home/travis/build/icyphy/ptII/ptolemy/actor/lib/test/auto/SubscriberPortInitialValues1.xml
----------------- Instantiating /home/travis/build/icyphy/ptII/ptolemy/actor/lib/test/auto/SubscriberPortInitialValues1.xml
9 ms. Memory: 444416K Free: 154944K (35%)
----------------- Invoking toplevel() on ptolemy.moml.MoMLSimpleApplication@78cc0541
----------------- Done invoking toplevel() on ptolemy.moml.MoMLSimpleApplication@78cc0541
reloadAllAccessors: .SubscriberPortInitialValues1

===========================================================================================
----------------- testing Thu Jul 18 06:42:40 UTC 2019 /home/travis/build/icyphy/ptII/ptolemy/actor/lib/test/auto/SubscriberPortInitialValues13.xml
----------------- Instantiating /home/travis/build/icyphy/ptII/ptolemy/actor/lib/test/auto/SubscriberPortInitialValues13.xml
6 ms. Memory: 444416K Free: 142656K (32%)
----------------- Invoking toplevel() on ptolemy.moml.MoMLSimpleApplication@496664c7
----------------- Done invoking toplevel() on ptolemy.moml.MoMLSimpleApplication@496664c7
reloadAllAccessors: .SubscriberPortInitialValues13

===========================================================================================
----------------- testing Thu Jul 18 06:42:40 UTC 2019 /home/travis/build/icyphy/ptII/ptolemy/actor/lib/test/auto/SubscriberPortInitialValues14.xml
----------------- Instantiating /home/travis/build/icyphy/ptII/ptolemy/actor/lib/test/auto/SubscriberPortInitialValues14.xml
5 ms. Memory: 444416K Free: 134978K (30%)
----------------- Invoking toplevel() on ptolemy.moml.MoMLSimpleApplication@42e24a8e
----------------- Done invoking toplevel() on ptolemy.moml.MoMLSimpleApplication@42e24a8e
reloadAllAccessors: .SubscriberPortInitialValues14

===========================================================================================
----------------- testing Thu Jul 18 06:42:40 UTC 2019 /home/travis/build/icyphy/ptII/ptolemy/actor/lib/test/auto/SubscriberPortInitialValues2.xml
----------------- Instantiating /home/travis/build/icyphy/ptII/ptolemy/actor/lib/test/auto/SubscriberPortInitialValues2.xml
5 ms. Memory: 444416K Free: 390034K (88%)
----------------- Invoking toplevel() on ptolemy.moml.MoMLSimpleApplication@37ed73df
----------------- Done invoking toplevel() on ptolemy.moml.MoMLSimpleApplication@37ed73df
reloadAllAccessors: .SubscriberPortInitialValues2

===========================================================================================
----------------- testing Thu Jul 18 06:42:40 UTC 2019 /home/travis/build/icyphy/ptII/ptolemy/actor/lib/test/auto/SubscriberPortInitialValues3.xml
----------------- Instantiating /home/travis/build/icyphy/ptII/ptolemy/actor/lib/test/auto/SubscriberPortInitialValues3.xml
5 ms. Memory: 444416K Free: 378770K (85%)
----------------- Invoking toplevel() on ptolemy.moml.MoMLSimpleApplication@1cf2bd48
----------------- Done invoking toplevel() on ptolemy.moml.MoMLSimpleApplication@1cf2bd48
reloadAllAccessors: .SubscriberPortInitialValues3

===========================================================================================
----------------- testing Thu Jul 18 06:42:40 UTC 2019 /home/travis/build/icyphy/ptII/ptolemy/actor/lib/test/auto/SubscriptionAggregator.xml
----------------- Instantiating /home/travis/build/icyphy/ptII/ptolemy/actor/lib/test/auto/SubscriptionAggregator.xml
2 ms. Memory: 444416K Free: 371588K (84%)
----------------- Invoking toplevel() on ptolemy.moml.MoMLSimpleApplication@50365a5f
----------------- Done invoking toplevel() on ptolemy.moml.MoMLSimpleApplication@50365a5f
reloadAllAccessors: .SubscriptionAggregator

===========================================================================================
----------------- testing Thu Jul 18 06:42:40 UTC 2019 /home/travis/build/icyphy/ptII/ptolemy/actor/lib/test/auto/SubscriptionAggregator2.xml
----------------- Instantiating /home/travis/build/icyphy/ptII/ptolemy/actor/lib/test/auto/SubscriptionAggregator2.xml
5 ms. Memory: 444416K Free: 364948K (82%)
----------------- Invoking toplevel() on ptolemy.moml.MoMLSimpleApplication@cf094c9
----------------- Done invoking toplevel() on ptolemy.moml.MoMLSimpleApplication@cf094c9
reloadAllAccessors: .SubscriptionAggregator2

===========================================================================================
----------------- testing Thu Jul 18 06:42:40 UTC 2019 /home/travis/build/icyphy/ptII/ptolemy/actor/lib/test/auto/SubscriptionAggregator3.xml
----------------- Instantiating /home/travis/build/icyphy/ptII/ptolemy/actor/lib/test/auto/SubscriptionAggregator3.xml
4 ms. Memory: 444416K Free: 356756K (80%)
----------------- Invoking toplevel() on ptolemy.moml.MoMLSimpleApplication@51122172
----------------- Done invoking toplevel() on ptolemy.moml.MoMLSimpleApplication@51122172
reloadAllAccessors: .SubscriptionAggregator3

===========================================================================================
----------------- testing Thu Jul 18 06:42:40 UTC 2019 /home/travis/build/icyphy/ptII/ptolemy/actor/lib/test/auto/SubscriptionAggregatorMultiply.xml
----------------- Instantiating /home/travis/build/icyphy/ptII/ptolemy/actor/lib/test/auto/SubscriptionAggregatorMultiply.xml
13 ms. Memory: 444416K Free: 348044K (78%)
----------------- Invoking toplevel() on ptolemy.moml.MoMLSimpleApplication@2ec1fa82
----------------- Done invoking toplevel() on ptolemy.moml.MoMLSimpleApplication@2ec1fa82
reloadAllAccessors: .SubscriptionAggregatorMultiply

===========================================================================================
----------------- testing Thu Jul 18 06:42:40 UTC 2019 /home/travis/build/icyphy/ptII/ptolemy/actor/lib/test/auto/SubscriptionAggregatorPortMultiply1.xml
----------------- Instantiating /home/travis/build/icyphy/ptII/ptolemy/actor/lib/test/auto/SubscriptionAggregatorPortMultiply1.xml
4 ms. Memory: 444416K Free: 340372K (77%)
----------------- Invoking toplevel() on ptolemy.moml.MoMLSimpleApplication@6feb6ddf
----------------- Done invoking toplevel() on ptolemy.moml.MoMLSimpleApplication@6feb6ddf
reloadAllAccessors: .SubscriptionAggregatorPortMultiply1

===========================================================================================
----------------- testing Thu Jul 18 06:42:40 UTC 2019 /home/travis/build/icyphy/ptII/ptolemy/actor/lib/test/auto/Switch.xml
----------------- Instantiating /home/travis/build/icyphy/ptII/ptolemy/actor/lib/test/auto/Switch.xml
6 ms. Memory: 444416K Free: 331666K (75%)
----------------- Invoking toplevel() on ptolemy.moml.MoMLSimpleApplication@65bc3578
----------------- Done invoking toplevel() on ptolemy.moml.MoMLSimpleApplication@65bc3578
reloadAllAccessors: .Switch

===========================================================================================
----------------- testing Thu Jul 18 06:42:40 UTC 2019 /home/travis/build/icyphy/ptII/ptolemy/actor/lib/test/auto/Switch2.xml
----------------- Instantiating /home/travis/build/icyphy/ptII/ptolemy/actor/lib/test/auto/Switch2.xml
1 ms. Memory: 444416K Free: 326036K (73%)
----------------- Invoking toplevel() on ptolemy.moml.MoMLSimpleApplication@67a64a5b
----------------- Done invoking toplevel() on ptolemy.moml.MoMLSimpleApplication@67a64a5b
reloadAllAccessors: .Switch2

===========================================================================================
----------------- testing Thu Jul 18 06:42:40 UTC 2019 /home/travis/build/icyphy/ptII/ptolemy/actor/lib/test/auto/SwitchDE.xml
----------------- Instantiating /home/travis/build/icyphy/ptII/ptolemy/actor/lib/test/auto/SwitchDE.xml
4 ms. Memory: 444416K Free: 319892K (72%)
----------------- Invoking toplevel() on ptolemy.moml.MoMLSimpleApplication@4ebbebd1
----------------- Done invoking toplevel() on ptolemy.moml.MoMLSimpleApplication@4ebbebd1
reloadAllAccessors: .SwitchDE

===========================================================================================
----------------- testing Thu Jul 18 06:42:40 UTC 2019 /home/travis/build/icyphy/ptII/ptolemy/actor/lib/test/auto/SynchronizerDE.xml
----------------- Instantiating /home/travis/build/icyphy/ptII/ptolemy/actor/lib/test/auto/SynchronizerDE.xml
9 ms. Memory: 444416K Free: 311700K (70%)
----------------- Invoking toplevel() on ptolemy.moml.MoMLSimpleApplication@35cf554
----------------- Done invoking toplevel() on ptolemy.moml.MoMLSimpleApplication@35cf554
reloadAllAccessors: .SynchronizerDE

===========================================================================================
----------------- testing Thu Jul 18 06:42:40 UTC 2019 /home/travis/build/icyphy/ptII/ptolemy/actor/lib/test/auto/Test.xml
----------------- Instantiating /home/travis/build/icyphy/ptII/ptolemy/actor/lib/test/auto/Test.xml
2 ms. Memory: 444416K Free: 306580K (69%)
----------------- Invoking toplevel() on ptolemy.moml.MoMLSimpleApplication@10da2f6d
----------------- Done invoking toplevel() on ptolemy.moml.MoMLSimpleApplication@10da2f6d
reloadAllAccessors: .Test

===========================================================================================
----------------- testing Thu Jul 18 06:42:40 UTC 2019 /home/travis/build/icyphy/ptII/ptolemy/actor/lib/test/auto/TestExceptionAttribute1.xml
----------------- Instantiating /home/travis/build/icyphy/ptII/ptolemy/actor/lib/test/auto/TestExceptionAttribute1.xml
1 ms. Memory: 444416K Free: 302994K (68%)
----------------- Invoking toplevel() on ptolemy.moml.MoMLSimpleApplication@6622629f
----------------- Done invoking toplevel() on ptolemy.moml.MoMLSimpleApplication@6622629f
reloadAllAccessors: .TestExceptionAttribute1

===========================================================================================
----------------- testing Thu Jul 18 06:42:40 UTC 2019 /home/travis/build/icyphy/ptII/ptolemy/actor/lib/test/auto/TestExceptionAttribute2.xml
----------------- Instantiating /home/travis/build/icyphy/ptII/ptolemy/actor/lib/test/auto/TestExceptionAttribute2.xml
2 ms. Memory: 444416K Free: 298898K (67%)
----------------- Invoking toplevel() on ptolemy.moml.MoMLSimpleApplication@797593eb
----------------- Done invoking toplevel() on ptolemy.moml.MoMLSimpleApplication@797593eb
reloadAllAccessors: .TestExceptionAttribute2

===========================================================================================
----------------- testing Thu Jul 18 06:42:40 UTC 2019 /home/travis/build/icyphy/ptII/ptolemy/actor/lib/test/auto/TestExceptionAttribute3.xml
----------------- Instantiating /home/travis/build/icyphy/ptII/ptolemy/actor/lib/test/auto/TestExceptionAttribute3.xml
.TestExceptionAttribute3.TestExceptionAttribute: initialize() was not invoked, but wrapup() was.  This is unusual, but not always a problem.  For example, exporting JNLP will do this.
0 ms. Memory: 444416K Free: 295316K (66%)
----------------- Invoking toplevel() on ptolemy.moml.MoMLSimpleApplication@675bace9
----------------- Done invoking toplevel() on ptolemy.moml.MoMLSimpleApplication@675bace9
reloadAllAccessors: .TestExceptionAttribute3

===========================================================================================
----------------- testing Thu Jul 18 06:42:40 UTC 2019 /home/travis/build/icyphy/ptII/ptolemy/actor/lib/test/auto/TestExceptionAttribute4.xml
----------------- Instantiating /home/travis/build/icyphy/ptII/ptolemy/actor/lib/test/auto/TestExceptionAttribute4.xml
.TestExceptionAttribute4.TestExceptionAttribute: initialize() was not invoked, but wrapup() was.  This is unusual, but not always a problem.  For example, exporting JNLP will do this.
.TestExceptionAttribute4.TestExceptionAttribute2: initialize() was not invoked, but wrapup() was.  This is unusual, but not always a problem.  For example, exporting JNLP will do this.
0 ms. Memory: 444416K Free: 291220K (66%)
----------------- Invoking toplevel() on ptolemy.moml.MoMLSimpleApplication@64b93203
----------------- Done invoking toplevel() on ptolemy.moml.MoMLSimpleApplication@64b93203
reloadAllAccessors: .TestExceptionAttribute4

===========================================================================================
----------------- testing Thu Jul 18 06:42:40 UTC 2019 /home/travis/build/icyphy/ptII/ptolemy/actor/lib/test/auto/TestExceptionHandler1.xml
----------------- Instantiating /home/travis/build/icyphy/ptII/ptolemy/actor/lib/test/auto/TestExceptionHandler1.xml
1 ms. Memory: 444416K Free: 287634K (65%)
----------------- Invoking toplevel() on ptolemy.moml.MoMLSimpleApplication@583bee3b
----------------- Done invoking toplevel() on ptolemy.moml.MoMLSimpleApplication@583bee3b
reloadAllAccessors: .TestExceptionHandler1

===========================================================================================
----------------- testing Thu Jul 18 06:42:40 UTC 2019 /home/travis/build/icyphy/ptII/ptolemy/actor/lib/test/auto/TestExceptionHandler2.xml
----------------- Instantiating /home/travis/build/icyphy/ptII/ptolemy/actor/lib/test/auto/TestExceptionHandler2.xml
1 ms. Memory: 444416K Free: 284052K (64%)
----------------- Invoking toplevel() on ptolemy.moml.MoMLSimpleApplication@63819256
----------------- Done invoking toplevel() on ptolemy.moml.MoMLSimpleApplication@63819256
reloadAllAccessors: .TestExceptionHandler2

===========================================================================================
----------------- testing Thu Jul 18 06:42:40 UTC 2019 /home/travis/build/icyphy/ptII/ptolemy/actor/lib/test/auto/TestExceptionHandler3.xml
----------------- Instantiating /home/travis/build/icyphy/ptII/ptolemy/actor/lib/test/auto/TestExceptionHandler3.xml
1 ms. Memory: 444416K Free: 280466K (63%)
----------------- Invoking toplevel() on ptolemy.moml.MoMLSimpleApplication@27300e6f
----------------- Done invoking toplevel() on ptolemy.moml.MoMLSimpleApplication@27300e6f
reloadAllAccessors: .TestExceptionHandler3

===========================================================================================
----------------- testing Thu Jul 18 06:42:40 UTC 2019 /home/travis/build/icyphy/ptII/ptolemy/actor/lib/test/auto/TestExceptionHandler4.xml
----------------- Instantiating /home/travis/build/icyphy/ptII/ptolemy/actor/lib/test/auto/TestExceptionHandler4.xml
0 ms. Memory: 444416K Free: 276370K (62%)
----------------- Invoking toplevel() on ptolemy.moml.MoMLSimpleApplication@64731117
----------------- Done invoking toplevel() on ptolemy.moml.MoMLSimpleApplication@64731117
reloadAllAccessors: .TestExceptionHandler4

===========================================================================================
----------------- testing Thu Jul 18 06:42:40 UTC 2019 /home/travis/build/icyphy/ptII/ptolemy/actor/lib/test/auto/TestRequireCorrectOrder.xml
----------------- Instantiating /home/travis/build/icyphy/ptII/ptolemy/actor/lib/test/auto/TestRequireCorrectOrder.xml
6 ms. Memory: 444416K Free: 271220K (61%)
----------------- Invoking toplevel() on ptolemy.moml.MoMLSimpleApplication@5c3d14f5
----------------- Done invoking toplevel() on ptolemy.moml.MoMLSimpleApplication@5c3d14f5
reloadAllAccessors: .TestRequireCorrectOrder

===========================================================================================
----------------- testing Thu Jul 18 06:42:40 UTC 2019 /home/travis/build/icyphy/ptII/ptolemy/actor/lib/test/auto/TestSimple.xml
----------------- Instantiating /home/travis/build/icyphy/ptII/ptolemy/actor/lib/test/auto/TestSimple.xml
1 ms. Memory: 444416K Free: 266644K (60%)
----------------- Invoking toplevel() on ptolemy.moml.MoMLSimpleApplication@463dd206
----------------- Done invoking toplevel() on ptolemy.moml.MoMLSimpleApplication@463dd206
reloadAllAccessors: .TestSimple

===========================================================================================
----------------- testing Thu Jul 18 06:42:40 UTC 2019 /home/travis/build/icyphy/ptII/ptolemy/actor/lib/test/auto/ThrowModelError.xml
----------------- Instantiating /home/travis/build/icyphy/ptII/ptolemy/actor/lib/test/auto/ThrowModelError.xml
1 ms. Memory: 444416K Free: 261524K (59%)
----------------- Invoking toplevel() on ptolemy.moml.MoMLSimpleApplication@4a73d04f
----------------- Done invoking toplevel() on ptolemy.moml.MoMLSimpleApplication@4a73d04f
reloadAllAccessors: .ThrowModelError

===========================================================================================
----------------- testing Thu Jul 18 06:42:40 UTC 2019 /home/travis/build/icyphy/ptII/ptolemy/actor/lib/test/auto/TimeDelayMicrosteps.xml
----------------- Instantiating /home/travis/build/icyphy/ptII/ptolemy/actor/lib/test/auto/TimeDelayMicrosteps.xml
4 ms. Memory: 444416K Free: 254860K (57%)
----------------- Invoking toplevel() on ptolemy.moml.MoMLSimpleApplication@faf22a5
----------------- Done invoking toplevel() on ptolemy.moml.MoMLSimpleApplication@faf22a5
reloadAllAccessors: .TimeDelayMicrosteps

===========================================================================================
----------------- testing Thu Jul 18 06:42:40 UTC 2019 /home/travis/build/icyphy/ptII/ptolemy/actor/lib/test/auto/TimeDelayMicrosteps2.xml
----------------- Instantiating /home/travis/build/icyphy/ptII/ptolemy/actor/lib/test/auto/TimeDelayMicrosteps2.xml
3 ms. Memory: 444416K Free: 247668K (56%)
----------------- Invoking toplevel() on ptolemy.moml.MoMLSimpleApplication@4fc036fb
----------------- Done invoking toplevel() on ptolemy.moml.MoMLSimpleApplication@4fc036fb
reloadAllAccessors: .TimeDelayMicrosteps2

===========================================================================================
----------------- testing Thu Jul 18 06:42:40 UTC 2019 /home/travis/build/icyphy/ptII/ptolemy/actor/lib/test/auto/TimeDelayMicrosteps3.xml
----------------- Instantiating /home/travis/build/icyphy/ptII/ptolemy/actor/lib/test/auto/TimeDelayMicrosteps3.xml
2 ms. Memory: 444416K Free: 241044K (54%)
----------------- Invoking toplevel() on ptolemy.moml.MoMLSimpleApplication@2c043ab2
----------------- Done invoking toplevel() on ptolemy.moml.MoMLSimpleApplication@2c043ab2
reloadAllAccessors: .TimeDelayMicrosteps3

===========================================================================================
----------------- testing Thu Jul 18 06:42:40 UTC 2019 /home/travis/build/icyphy/ptII/ptolemy/actor/lib/test/auto/TimeDelayVariableMicrosteps.xml
----------------- Instantiating /home/travis/build/icyphy/ptII/ptolemy/actor/lib/test/auto/TimeDelayVariableMicrosteps.xml
3 ms. Memory: 444416K Free: 234386K (53%)
----------------- Invoking toplevel() on ptolemy.moml.MoMLSimpleApplication@1dd7ffe2
----------------- Done invoking toplevel() on ptolemy.moml.MoMLSimpleApplication@1dd7ffe2
reloadAllAccessors: .TimeDelayVariableMicrosteps

===========================================================================================
----------------- testing Thu Jul 18 06:42:40 UTC 2019 /home/travis/build/icyphy/ptII/ptolemy/actor/lib/test/auto/TimeGap.xml
----------------- Instantiating /home/travis/build/icyphy/ptII/ptolemy/actor/lib/test/auto/TimeGap.xml
3 ms. Memory: 444416K Free: 229236K (52%)
----------------- Invoking toplevel() on ptolemy.moml.MoMLSimpleApplication@5786272c
----------------- Done invoking toplevel() on ptolemy.moml.MoMLSimpleApplication@5786272c
reloadAllAccessors: .TimeGap

===========================================================================================
----------------- testing Thu Jul 18 06:42:40 UTC 2019 /home/travis/build/icyphy/ptII/ptolemy/actor/lib/test/auto/TimeGap2.xml
----------------- Instantiating /home/travis/build/icyphy/ptII/ptolemy/actor/lib/test/auto/TimeGap2.xml
3 ms. Memory: 444416K Free: 223636K (50%)
----------------- Invoking toplevel() on ptolemy.moml.MoMLSimpleApplication@5c6f936f
----------------- Done invoking toplevel() on ptolemy.moml.MoMLSimpleApplication@5c6f936f
reloadAllAccessors: .TimeGap2

===========================================================================================
----------------- testing Thu Jul 18 06:42:40 UTC 2019 /home/travis/build/icyphy/ptII/ptolemy/actor/lib/test/auto/TimedSinewave.xml
----------------- Instantiating /home/travis/build/icyphy/ptII/ptolemy/actor/lib/test/auto/TimedSinewave.xml
29 ms. Memory: 444416K Free: 209300K (47%)
----------------- Invoking toplevel() on ptolemy.moml.MoMLSimpleApplication@ef0f4bb
----------------- Done invoking toplevel() on ptolemy.moml.MoMLSimpleApplication@ef0f4bb
reloadAllAccessors: .TimedSinewave

===========================================================================================
----------------- testing Thu Jul 18 06:42:40 UTC 2019 /home/travis/build/icyphy/ptII/ptolemy/actor/lib/test/auto/TimedSinewavePhase.xml
----------------- Instantiating /home/travis/build/icyphy/ptII/ptolemy/actor/lib/test/auto/TimedSinewavePhase.xml
9 ms. Memory: 444416K Free: 199570K (45%)
----------------- Invoking toplevel() on ptolemy.moml.MoMLSimpleApplication@36af2035
----------------- Done invoking toplevel() on ptolemy.moml.MoMLSimpleApplication@36af2035
reloadAllAccessors: .TimedSinewavePhase

===========================================================================================
----------------- testing Thu Jul 18 06:42:41 UTC 2019 /home/travis/build/icyphy/ptII/ptolemy/actor/lib/test/auto/Timer.xml
----------------- Instantiating /home/travis/build/icyphy/ptII/ptolemy/actor/lib/test/auto/Timer.xml
2 ms. Memory: 444416K Free: 193940K (44%)
----------------- Invoking toplevel() on ptolemy.moml.MoMLSimpleApplication@78012139
----------------- Done invoking toplevel() on ptolemy.moml.MoMLSimpleApplication@78012139
reloadAllAccessors: .Timer

===========================================================================================
----------------- testing Thu Jul 18 06:42:41 UTC 2019 /home/travis/build/icyphy/ptII/ptolemy/actor/lib/test/auto/TriangularDistTestModel.xml
----------------- Instantiating /home/travis/build/icyphy/ptII/ptolemy/actor/lib/test/auto/TriangularDistTestModel.xml
2 ms. Memory: 444416K Free: 188276K (42%)
----------------- Invoking toplevel() on ptolemy.moml.MoMLSimpleApplication@79119318
----------------- Done invoking toplevel() on ptolemy.moml.MoMLSimpleApplication@79119318
reloadAllAccessors: .TriangularDistTestModel

===========================================================================================
----------------- testing Thu Jul 18 06:42:41 UTC 2019 /home/travis/build/icyphy/ptII/ptolemy/actor/lib/test/auto/TrigFunction.xml
----------------- Instantiating /home/travis/build/icyphy/ptII/ptolemy/actor/lib/test/auto/TrigFunction.xml
1 ms. Memory: 444416K Free: 183700K (41%)
----------------- Invoking toplevel() on ptolemy.moml.MoMLSimpleApplication@7fbcb4e0
----------------- Done invoking toplevel() on ptolemy.moml.MoMLSimpleApplication@7fbcb4e0
reloadAllAccessors: .TrigFunction

===========================================================================================
----------------- testing Thu Jul 18 06:42:41 UTC 2019 /home/travis/build/icyphy/ptII/ptolemy/actor/lib/test/auto/TrigFunctionDE.xml
----------------- Instantiating /home/travis/build/icyphy/ptII/ptolemy/actor/lib/test/auto/TrigFunctionDE.xml
2 ms. Memory: 444416K Free: 178066K (40%)
----------------- Invoking toplevel() on ptolemy.moml.MoMLSimpleApplication@dbcacf9
----------------- Done invoking toplevel() on ptolemy.moml.MoMLSimpleApplication@dbcacf9
reloadAllAccessors: .TrigFunctionDE

===========================================================================================
----------------- testing Thu Jul 18 06:42:41 UTC 2019 /home/travis/build/icyphy/ptII/ptolemy/actor/lib/test/auto/TrigFunctionInverse.xml
----------------- Instantiating /home/travis/build/icyphy/ptII/ptolemy/actor/lib/test/auto/TrigFunctionInverse.xml
2 ms. Memory: 444416K Free: 172436K (39%)
----------------- Invoking toplevel() on ptolemy.moml.MoMLSimpleApplication@649cc68a
----------------- Done invoking toplevel() on ptolemy.moml.MoMLSimpleApplication@649cc68a
reloadAllAccessors: .TrigFunctionInverse

===========================================================================================
----------------- testing Thu Jul 18 06:42:41 UTC 2019 /home/travis/build/icyphy/ptII/ptolemy/actor/lib/test/auto/TrigFunctionTan.xml
----------------- Instantiating /home/travis/build/icyphy/ptII/ptolemy/actor/lib/test/auto/TrigFunctionTan.xml
1 ms. Memory: 444416K Free: 168340K (38%)
----------------- Invoking toplevel() on ptolemy.moml.MoMLSimpleApplication@54745c1d
----------------- Done invoking toplevel() on ptolemy.moml.MoMLSimpleApplication@54745c1d
reloadAllAccessors: .TrigFunctionTan

===========================================================================================
----------------- testing Thu Jul 18 06:42:41 UTC 2019 /home/travis/build/icyphy/ptII/ptolemy/actor/lib/test/auto/TriggeredClock.xml
----------------- Instantiating /home/travis/build/icyphy/ptII/ptolemy/actor/lib/test/auto/TriggeredClock.xml
1 ms. Memory: 444416K Free: 163220K (37%)
----------------- Invoking toplevel() on ptolemy.moml.MoMLSimpleApplication@3df577c2
----------------- Done invoking toplevel() on ptolemy.moml.MoMLSimpleApplication@3df577c2
reloadAllAccessors: .TriggeredClock

===========================================================================================
----------------- testing Thu Jul 18 06:42:41 UTC 2019 /home/travis/build/icyphy/ptII/ptolemy/actor/lib/test/auto/URLDirectoryReader.xml
----------------- Instantiating /home/travis/build/icyphy/ptII/ptolemy/actor/lib/test/auto/URLDirectoryReader.xml
27 ms. Memory: 444416K Free: 154004K (35%)
----------------- Invoking toplevel() on ptolemy.moml.MoMLSimpleApplication@2ff09dfa
----------------- Done invoking toplevel() on ptolemy.moml.MoMLSimpleApplication@2ff09dfa
reloadAllAccessors: .URLDirectoryReader

===========================================================================================
----------------- testing Thu Jul 18 06:42:41 UTC 2019 /home/travis/build/icyphy/ptII/ptolemy/actor/lib/test/auto/URLDirectoryReader3.xml
----------------- Instantiating /home/travis/build/icyphy/ptII/ptolemy/actor/lib/test/auto/URLDirectoryReader3.xml
1227 ms. Memory: 444416K Free: 384445K (87%)
----------------- Invoking toplevel() on ptolemy.moml.MoMLSimpleApplication@7912f7
----------------- Done invoking toplevel() on ptolemy.moml.MoMLSimpleApplication@7912f7
reloadAllAccessors: .URLDirectoryReader3

===========================================================================================
----------------- testing Thu Jul 18 06:42:42 UTC 2019 /home/travis/build/icyphy/ptII/ptolemy/actor/lib/test/auto/UnaryMathFunction.xml
----------------- Instantiating /home/travis/build/icyphy/ptII/ptolemy/actor/lib/test/auto/UnaryMathFunction.xml
3 ms. Memory: 444416K Free: 376632K (85%)
----------------- Invoking toplevel() on ptolemy.moml.MoMLSimpleApplication@228bc67e
----------------- Done invoking toplevel() on ptolemy.moml.MoMLSimpleApplication@228bc67e
reloadAllAccessors: .UnaryMathFunction

===========================================================================================
----------------- testing Thu Jul 18 06:42:42 UTC 2019 /home/travis/build/icyphy/ptII/ptolemy/actor/lib/test/auto/Uniform.xml
----------------- Instantiating /home/travis/build/icyphy/ptII/ptolemy/actor/lib/test/auto/Uniform.xml
2 ms. Memory: 444416K Free: 372016K (84%)
----------------- Invoking toplevel() on ptolemy.moml.MoMLSimpleApplication@2fcd5468
----------------- Done invoking toplevel() on ptolemy.moml.MoMLSimpleApplication@2fcd5468
reloadAllAccessors: .Uniform

===========================================================================================
----------------- testing Thu Jul 18 06:42:42 UTC 2019 /home/travis/build/icyphy/ptII/ptolemy/actor/lib/test/auto/UnionDisassemblerTest.xml
----------------- Instantiating /home/travis/build/icyphy/ptII/ptolemy/actor/lib/test/auto/UnionDisassemblerTest.xml
8 ms. Memory: 444416K Free: 368440K (83%)
----------------- Invoking toplevel() on ptolemy.moml.MoMLSimpleApplication@2f688681
----------------- Done invoking toplevel() on ptolemy.moml.MoMLSimpleApplication@2f688681
reloadAllAccessors: .UnionDisassemblerTest

===========================================================================================
----------------- testing Thu Jul 18 06:42:42 UTC 2019 /home/travis/build/icyphy/ptII/ptolemy/actor/lib/test/auto/UtilityFunctions.xml
----------------- Instantiating /home/travis/build/icyphy/ptII/ptolemy/actor/lib/test/auto/UtilityFunctions.xml
1 ms. Memory: 444416K Free: 364344K (82%)
----------------- Invoking toplevel() on ptolemy.moml.MoMLSimpleApplication@4bc0804e
----------------- Done invoking toplevel() on ptolemy.moml.MoMLSimpleApplication@4bc0804e
reloadAllAccessors: .UtilityFunctions

===========================================================================================
----------------- testing Thu Jul 18 06:42:42 UTC 2019 /home/travis/build/icyphy/ptII/ptolemy/actor/lib/test/auto/VariableSleep.xml
----------------- Instantiating /home/travis/build/icyphy/ptII/ptolemy/actor/lib/test/auto/VariableSleep.xml
503 ms. Memory: 444416K Free: 358710K (81%)
----------------- Invoking toplevel() on ptolemy.moml.MoMLSimpleApplication@25317d15
----------------- Done invoking toplevel() on ptolemy.moml.MoMLSimpleApplication@25317d15
reloadAllAccessors: .VariableSleep

===========================================================================================
----------------- testing Thu Jul 18 06:42:43 UTC 2019 /home/travis/build/icyphy/ptII/ptolemy/actor/lib/test/auto/VectorAssemblerDisassemblerCT.xml
----------------- Instantiating /home/travis/build/icyphy/ptII/ptolemy/actor/lib/test/auto/VectorAssemblerDisassemblerCT.xml
81 ms. Memory: 444416K Free: 338230K (76%)
----------------- Invoking toplevel() on ptolemy.moml.MoMLSimpleApplication@52f7206e
----------------- Done invoking toplevel() on ptolemy.moml.MoMLSimpleApplication@52f7206e
reloadAllAccessors: .VectorAssemblerDisassemblerCT

===========================================================================================
----------------- testing Thu Jul 18 06:42:43 UTC 2019 /home/travis/build/icyphy/ptII/ptolemy/actor/lib/test/auto/VectorAssemblerDisassemblerDE.xml
----------------- Instantiating /home/travis/build/icyphy/ptII/ptolemy/actor/lib/test/auto/VectorAssemblerDisassemblerDE.xml
3 ms. Memory: 444416K Free: 331062K (74%)
----------------- Invoking toplevel() on ptolemy.moml.MoMLSimpleApplication@4985ca27
----------------- Done invoking toplevel() on ptolemy.moml.MoMLSimpleApplication@4985ca27
reloadAllAccessors: .VectorAssemblerDisassemblerDE

===========================================================================================
----------------- testing Thu Jul 18 06:42:43 UTC 2019 /home/travis/build/icyphy/ptII/ptolemy/actor/lib/test/auto/VectorAssemblerDisassemblerSDF.xml
----------------- Instantiating /home/travis/build/icyphy/ptII/ptolemy/actor/lib/test/auto/VectorAssemblerDisassemblerSDF.xml
3 ms. Memory: 444416K Free: 324408K (73%)
----------------- Invoking toplevel() on ptolemy.moml.MoMLSimpleApplication@2d6ce76d
----------------- Done invoking toplevel() on ptolemy.moml.MoMLSimpleApplication@2d6ce76d
reloadAllAccessors: .VectorAssemblerDisassemblerSDF

===========================================================================================
----------------- testing Thu Jul 18 06:42:43 UTC 2019 /home/travis/build/icyphy/ptII/ptolemy/actor/lib/test/auto/WallClockTime.xml
----------------- Instantiating /home/travis/build/icyphy/ptII/ptolemy/actor/lib/test/auto/WallClockTime.xml
1004 ms. Memory: 444416K Free: 319288K (72%)
----------------- Invoking toplevel() on ptolemy.moml.MoMLSimpleApplication@3c9b19b2
----------------- Done invoking toplevel() on ptolemy.moml.MoMLSimpleApplication@3c9b19b2
reloadAllAccessors: .WallClockTime

===========================================================================================
----------------- testing Thu Jul 18 06:42:44 UTC 2019 /home/travis/build/icyphy/ptII/ptolemy/actor/lib/test/auto/WidthTestWithSubscriberPublisher.xml
----------------- Instantiating /home/travis/build/icyphy/ptII/ptolemy/actor/lib/test/auto/WidthTestWithSubscriberPublisher.xml
7 ms. Memory: 444416K Free: 301366K (68%)
----------------- Invoking toplevel() on ptolemy.moml.MoMLSimpleApplication@4de930d2
----------------- Done invoking toplevel() on ptolemy.moml.MoMLSimpleApplication@4de930d2
reloadAllAccessors: .WidthTestWithSubscriberPublisher

===========================================================================================
----------------- testing Thu Jul 18 06:42:44 UTC 2019 /home/travis/build/icyphy/ptII/ptolemy/actor/lib/test/auto/WidthTestWithSubscriberPublisher2.xml
----------------- Instantiating /home/travis/build/icyphy/ptII/ptolemy/actor/lib/test/auto/WidthTestWithSubscriberPublisher2.xml
2 ms. Memory: 444416K Free: 295222K (66%)
----------------- Invoking toplevel() on ptolemy.moml.MoMLSimpleApplication@dae612f
----------------- Done invoking toplevel() on ptolemy.moml.MoMLSimpleApplication@dae612f
reloadAllAccessors: .WidthTestWithSubscriberPublisher2

===========================================================================================
----------------- testing Thu Jul 18 06:42:44 UTC 2019 /home/travis/build/icyphy/ptII/ptolemy/actor/lib/test/auto/WidthTestWithSubscriberPublisher3.xml
----------------- Instantiating /home/travis/build/icyphy/ptII/ptolemy/actor/lib/test/auto/WidthTestWithSubscriberPublisher3.xml
2 ms. Memory: 444416K Free: 289592K (65%)
----------------- Invoking toplevel() on ptolemy.moml.MoMLSimpleApplication@2489bf45
----------------- Done invoking toplevel() on ptolemy.moml.MoMLSimpleApplication@2489bf45
reloadAllAccessors: .WidthTestWithSubscriberPublisher3

===========================================================================================
----------------- testing Thu Jul 18 06:42:44 UTC 2019 /home/travis/build/icyphy/ptII/ptolemy/actor/lib/test/auto/Writer.xml
----------------- Instantiating /home/travis/build/icyphy/ptII/ptolemy/actor/lib/test/auto/Writer.xml
0
1
2
3
4
1 ms. Memory: 444416K Free: 285496K (64%)
----------------- Invoking toplevel() on ptolemy.moml.MoMLSimpleApplication@4afaac48
----------------- Done invoking toplevel() on ptolemy.moml.MoMLSimpleApplication@4afaac48
reloadAllAccessors: .Writer

===========================================================================================
----------------- testing Thu Jul 18 06:42:44 UTC 2019 /home/travis/build/icyphy/ptII/ptolemy/actor/lib/test/auto/array.xml
----------------- Instantiating /home/travis/build/icyphy/ptII/ptolemy/actor/lib/test/auto/array.xml
2 ms. Memory: 444416K Free: 280886K (63%)
----------------- Invoking toplevel() on ptolemy.moml.MoMLSimpleApplication@5a19cde2
----------------- Done invoking toplevel() on ptolemy.moml.MoMLSimpleApplication@5a19cde2
reloadAllAccessors: .array

===========================================================================================
----------------- testing Thu Jul 18 06:42:44 UTC 2019 /home/travis/build/icyphy/ptII/ptolemy/actor/lib/test/auto/array2.xml
----------------- Instantiating /home/travis/build/icyphy/ptII/ptolemy/actor/lib/test/auto/array2.xml
5 ms. Memory: 444416K Free: 275256K (62%)
----------------- Invoking toplevel() on ptolemy.moml.MoMLSimpleApplication@395e0bac
----------------- Done invoking toplevel() on ptolemy.moml.MoMLSimpleApplication@395e0bac
reloadAllAccessors: .array2

===========================================================================================
----------------- testing Thu Jul 18 06:42:44 UTC 2019 /home/travis/build/icyphy/ptII/ptolemy/actor/lib/test/auto/arrayType.xml
----------------- Instantiating /home/travis/build/icyphy/ptII/ptolemy/actor/lib/test/auto/arrayType.xml
2 ms. Memory: 444416K Free: 270136K (61%)
----------------- Invoking toplevel() on ptolemy.moml.MoMLSimpleApplication@1ecfe01b
----------------- Done invoking toplevel() on ptolemy.moml.MoMLSimpleApplication@1ecfe01b
reloadAllAccessors: .arrayType

===========================================================================================
----------------- testing Thu Jul 18 06:42:44 UTC 2019 /home/travis/build/icyphy/ptII/ptolemy/actor/lib/test/auto/arrayType10.xml
----------------- Instantiating /home/travis/build/icyphy/ptII/ptolemy/actor/lib/test/auto/arrayType10.xml
1 ms. Memory: 444416K Free: 265526K (60%)
----------------- Invoking toplevel() on ptolemy.moml.MoMLSimpleApplication@899583a
----------------- Done invoking toplevel() on ptolemy.moml.MoMLSimpleApplication@899583a
reloadAllAccessors: .arrayType10

===========================================================================================
----------------- testing Thu Jul 18 06:42:44 UTC 2019 /home/travis/build/icyphy/ptII/ptolemy/actor/lib/test/auto/arrayType11.xml
----------------- Instantiating /home/travis/build/icyphy/ptII/ptolemy/actor/lib/test/auto/arrayType11.xml
2 ms. Memory: 444416K Free: 260920K (59%)
----------------- Invoking toplevel() on ptolemy.moml.MoMLSimpleApplication@458d9aee
----------------- Done invoking toplevel() on ptolemy.moml.MoMLSimpleApplication@458d9aee
reloadAllAccessors: .arrayType11

===========================================================================================
----------------- testing Thu Jul 18 06:42:44 UTC 2019 /home/travis/build/icyphy/ptII/ptolemy/actor/lib/test/auto/arrayType12.xml
----------------- Instantiating /home/travis/build/icyphy/ptII/ptolemy/actor/lib/test/auto/arrayType12.xml
1 ms. Memory: 444416K Free: 256310K (58%)
----------------- Invoking toplevel() on ptolemy.moml.MoMLSimpleApplication@18c16368
----------------- Done invoking toplevel() on ptolemy.moml.MoMLSimpleApplication@18c16368
reloadAllAccessors: .arrayType12

===========================================================================================
----------------- testing Thu Jul 18 06:42:44 UTC 2019 /home/travis/build/icyphy/ptII/ptolemy/actor/lib/test/auto/arrayType13.xml
----------------- Instantiating /home/travis/build/icyphy/ptII/ptolemy/actor/lib/test/auto/arrayType13.xml
2 ms. Memory: 444416K Free: 250680K (56%)
----------------- Invoking toplevel() on ptolemy.moml.MoMLSimpleApplication@6f264dc4
----------------- Done invoking toplevel() on ptolemy.moml.MoMLSimpleApplication@6f264dc4
reloadAllAccessors: .arrayType13

===========================================================================================
----------------- testing Thu Jul 18 06:42:44 UTC 2019 /home/travis/build/icyphy/ptII/ptolemy/actor/lib/test/auto/arrayType14.xml
----------------- Instantiating /home/travis/build/icyphy/ptII/ptolemy/actor/lib/test/auto/arrayType14.xml
2 ms. Memory: 444416K Free: 245560K (55%)
----------------- Invoking toplevel() on ptolemy.moml.MoMLSimpleApplication@77d1a6da
----------------- Done invoking toplevel() on ptolemy.moml.MoMLSimpleApplication@77d1a6da
reloadAllAccessors: .arrayType14

===========================================================================================
----------------- testing Thu Jul 18 06:42:44 UTC 2019 /home/travis/build/icyphy/ptII/ptolemy/actor/lib/test/auto/arrayType15.xml
----------------- Instantiating /home/travis/build/icyphy/ptII/ptolemy/actor/lib/test/auto/arrayType15.xml
3 ms. Memory: 444416K Free: 240440K (54%)
----------------- Invoking toplevel() on ptolemy.moml.MoMLSimpleApplication@2a0d48d0
----------------- Done invoking toplevel() on ptolemy.moml.MoMLSimpleApplication@2a0d48d0
reloadAllAccessors: .arrayType15

===========================================================================================
----------------- testing Thu Jul 18 06:42:44 UTC 2019 /home/travis/build/icyphy/ptII/ptolemy/actor/lib/test/auto/arrayType16.xml
----------------- Instantiating /home/travis/build/icyphy/ptII/ptolemy/actor/lib/test/auto/arrayType16.xml
2 ms. Memory: 444416K Free: 235320K (53%)
----------------- Invoking toplevel() on ptolemy.moml.MoMLSimpleApplication@6a405f06
----------------- Done invoking toplevel() on ptolemy.moml.MoMLSimpleApplication@6a405f06
reloadAllAccessors: .arrayType16

===========================================================================================
----------------- testing Thu Jul 18 06:42:44 UTC 2019 /home/travis/build/icyphy/ptII/ptolemy/actor/lib/test/auto/arrayType17.xml
----------------- Instantiating /home/travis/build/icyphy/ptII/ptolemy/actor/lib/test/auto/arrayType17.xml
2 ms. Memory: 444416K Free: 229672K (52%)
----------------- Invoking toplevel() on ptolemy.moml.MoMLSimpleApplication@54ea0357
----------------- Done invoking toplevel() on ptolemy.moml.MoMLSimpleApplication@54ea0357
reloadAllAccessors: .arrayType17

===========================================================================================
----------------- testing Thu Jul 18 06:42:44 UTC 2019 /home/travis/build/icyphy/ptII/ptolemy/actor/lib/test/auto/arrayType18.xml
----------------- Instantiating /home/travis/build/icyphy/ptII/ptolemy/actor/lib/test/auto/arrayType18.xml
1 ms. Memory: 444416K Free: 225080K (51%)
----------------- Invoking toplevel() on ptolemy.moml.MoMLSimpleApplication@20a59289
----------------- Done invoking toplevel() on ptolemy.moml.MoMLSimpleApplication@20a59289
reloadAllAccessors: .arrayType18

===========================================================================================
----------------- testing Thu Jul 18 06:42:44 UTC 2019 /home/travis/build/icyphy/ptII/ptolemy/actor/lib/test/auto/arrayType19.xml
----------------- Instantiating /home/travis/build/icyphy/ptII/ptolemy/actor/lib/test/auto/arrayType19.xml
2 ms. Memory: 444416K Free: 220470K (50%)
----------------- Invoking toplevel() on ptolemy.moml.MoMLSimpleApplication@6c37a36f
----------------- Done invoking toplevel() on ptolemy.moml.MoMLSimpleApplication@6c37a36f
reloadAllAccessors: .arrayType19

===========================================================================================
----------------- testing Thu Jul 18 06:42:44 UTC 2019 /home/travis/build/icyphy/ptII/ptolemy/actor/lib/test/auto/arrayType2.xml
----------------- Instantiating /home/travis/build/icyphy/ptII/ptolemy/actor/lib/test/auto/arrayType2.xml
2 ms. Memory: 444416K Free: 215336K (48%)
----------------- Invoking toplevel() on ptolemy.moml.MoMLSimpleApplication@745696bf
----------------- Done invoking toplevel() on ptolemy.moml.MoMLSimpleApplication@745696bf
reloadAllAccessors: .arrayType2

===========================================================================================
----------------- testing Thu Jul 18 06:42:44 UTC 2019 /home/travis/build/icyphy/ptII/ptolemy/actor/lib/test/auto/arrayType20.xml
----------------- Instantiating /home/travis/build/icyphy/ptII/ptolemy/actor/lib/test/auto/arrayType20.xml
2 ms. Memory: 444416K Free: 210230K (47%)
----------------- Invoking toplevel() on ptolemy.moml.MoMLSimpleApplication@20df2c71
----------------- Done invoking toplevel() on ptolemy.moml.MoMLSimpleApplication@20df2c71
reloadAllAccessors: .arrayType20

===========================================================================================
----------------- testing Thu Jul 18 06:42:44 UTC 2019 /home/travis/build/icyphy/ptII/ptolemy/actor/lib/test/auto/arrayType21.xml
----------------- Instantiating /home/travis/build/icyphy/ptII/ptolemy/actor/lib/test/auto/arrayType21.xml
2 ms. Memory: 444416K Free: 205624K (46%)
----------------- Invoking toplevel() on ptolemy.moml.MoMLSimpleApplication@2a49f93
----------------- Done invoking toplevel() on ptolemy.moml.MoMLSimpleApplication@2a49f93
reloadAllAccessors: .arrayType21

===========================================================================================
----------------- testing Thu Jul 18 06:42:44 UTC 2019 /home/travis/build/icyphy/ptII/ptolemy/actor/lib/test/auto/arrayType22.xml
----------------- Instantiating /home/travis/build/icyphy/ptII/ptolemy/actor/lib/test/auto/arrayType22.xml
1 ms. Memory: 444416K Free: 201014K (45%)
----------------- Invoking toplevel() on ptolemy.moml.MoMLSimpleApplication@719a7117
----------------- Done invoking toplevel() on ptolemy.moml.MoMLSimpleApplication@719a7117
reloadAllAccessors: .arrayType22

===========================================================================================
----------------- testing Thu Jul 18 06:42:44 UTC 2019 /home/travis/build/icyphy/ptII/ptolemy/actor/lib/test/auto/arrayType23.xml
----------------- Instantiating /home/travis/build/icyphy/ptII/ptolemy/actor/lib/test/auto/arrayType23.xml
1 ms. Memory: 444416K Free: 196408K (44%)
----------------- Invoking toplevel() on ptolemy.moml.MoMLSimpleApplication@5e59f13b
----------------- Done invoking toplevel() on ptolemy.moml.MoMLSimpleApplication@5e59f13b
reloadAllAccessors: .arrayType23

===========================================================================================
----------------- testing Thu Jul 18 06:42:44 UTC 2019 /home/travis/build/icyphy/ptII/ptolemy/actor/lib/test/auto/arrayType24.xml
----------------- Instantiating /home/travis/build/icyphy/ptII/ptolemy/actor/lib/test/auto/arrayType24.xml
2 ms. Memory: 444416K Free: 191288K (43%)
----------------- Invoking toplevel() on ptolemy.moml.MoMLSimpleApplication@2f1a2cfb
----------------- Done invoking toplevel() on ptolemy.moml.MoMLSimpleApplication@2f1a2cfb
reloadAllAccessors: .arrayType24

===========================================================================================
----------------- testing Thu Jul 18 06:42:44 UTC 2019 /home/travis/build/icyphy/ptII/ptolemy/actor/lib/test/auto/arrayType25.xml
----------------- Instantiating /home/travis/build/icyphy/ptII/ptolemy/actor/lib/test/auto/arrayType25.xml
2 ms. Memory: 444416K Free: 186168K (42%)
----------------- Invoking toplevel() on ptolemy.moml.MoMLSimpleApplication@6808d966
----------------- Done invoking toplevel() on ptolemy.moml.MoMLSimpleApplication@6808d966
reloadAllAccessors: .arrayType25

===========================================================================================
----------------- testing Thu Jul 18 06:42:44 UTC 2019 /home/travis/build/icyphy/ptII/ptolemy/actor/lib/test/auto/arrayType26.xml
----------------- Instantiating /home/travis/build/icyphy/ptII/ptolemy/actor/lib/test/auto/arrayType26.xml
2 ms. Memory: 444416K Free: 181048K (41%)
----------------- Invoking toplevel() on ptolemy.moml.MoMLSimpleApplication@212c40a5
----------------- Done invoking toplevel() on ptolemy.moml.MoMLSimpleApplication@212c40a5
reloadAllAccessors: .arrayType26

===========================================================================================
----------------- testing Thu Jul 18 06:42:44 UTC 2019 /home/travis/build/icyphy/ptII/ptolemy/actor/lib/test/auto/arrayType27.xml
----------------- Instantiating /home/travis/build/icyphy/ptII/ptolemy/actor/lib/test/auto/arrayType27.xml
3 ms. Memory: 444416K Free: 175928K (40%)
----------------- Invoking toplevel() on ptolemy.moml.MoMLSimpleApplication@3652fd65
----------------- Done invoking toplevel() on ptolemy.moml.MoMLSimpleApplication@3652fd65
reloadAllAccessors: .arrayType27

===========================================================================================
----------------- testing Thu Jul 18 06:42:44 UTC 2019 /home/travis/build/icyphy/ptII/ptolemy/actor/lib/test/auto/arrayType28.xml
----------------- Instantiating /home/travis/build/icyphy/ptII/ptolemy/actor/lib/test/auto/arrayType28.xml
1 ms. Memory: 444416K Free: 170294K (38%)
----------------- Invoking toplevel() on ptolemy.moml.MoMLSimpleApplication@3c92b5d9
----------------- Done invoking toplevel() on ptolemy.moml.MoMLSimpleApplication@3c92b5d9
reloadAllAccessors: .arrayType28

===========================================================================================
----------------- testing Thu Jul 18 06:42:44 UTC 2019 /home/travis/build/icyphy/ptII/ptolemy/actor/lib/test/auto/arrayType3.xml
----------------- Instantiating /home/travis/build/icyphy/ptII/ptolemy/actor/lib/test/auto/arrayType3.xml
1 ms. Memory: 444416K Free: 165174K (37%)
----------------- Invoking toplevel() on ptolemy.moml.MoMLSimpleApplication@d4dbec1
----------------- Done invoking toplevel() on ptolemy.moml.MoMLSimpleApplication@d4dbec1
reloadAllAccessors: .arrayType3

===========================================================================================
----------------- testing Thu Jul 18 06:42:44 UTC 2019 /home/travis/build/icyphy/ptII/ptolemy/actor/lib/test/auto/arrayType4.xml
----------------- Instantiating /home/travis/build/icyphy/ptII/ptolemy/actor/lib/test/auto/arrayType4.xml
2 ms. Memory: 444416K Free: 160040K (36%)
----------------- Invoking toplevel() on ptolemy.moml.MoMLSimpleApplication@a3fdfdf
----------------- Done invoking toplevel() on ptolemy.moml.MoMLSimpleApplication@a3fdfdf
reloadAllAccessors: .arrayType4

===========================================================================================
----------------- testing Thu Jul 18 06:42:45 UTC 2019 /home/travis/build/icyphy/ptII/ptolemy/actor/lib/test/auto/arrayType5.xml
----------------- Instantiating /home/travis/build/icyphy/ptII/ptolemy/actor/lib/test/auto/arrayType5.xml
2 ms. Memory: 444416K Free: 154920K (35%)
----------------- Invoking toplevel() on ptolemy.moml.MoMLSimpleApplication@3a57f6a4
----------------- Done invoking toplevel() on ptolemy.moml.MoMLSimpleApplication@3a57f6a4
reloadAllAccessors: .arrayType5

===========================================================================================
----------------- testing Thu Jul 18 06:42:45 UTC 2019 /home/travis/build/icyphy/ptII/ptolemy/actor/lib/test/auto/arrayType6.xml
----------------- Instantiating /home/travis/build/icyphy/ptII/ptolemy/actor/lib/test/auto/arrayType6.xml
2 ms. Memory: 444416K Free: 149814K (34%)
----------------- Invoking toplevel() on ptolemy.moml.MoMLSimpleApplication@135ec336
----------------- Done invoking toplevel() on ptolemy.moml.MoMLSimpleApplication@135ec336
reloadAllAccessors: .arrayType6

===========================================================================================
----------------- testing Thu Jul 18 06:42:45 UTC 2019 /home/travis/build/icyphy/ptII/ptolemy/actor/lib/test/auto/arrayType7.xml
----------------- Instantiating /home/travis/build/icyphy/ptII/ptolemy/actor/lib/test/auto/arrayType7.xml
1 ms. Memory: 444416K Free: 145208K (33%)
----------------- Invoking toplevel() on ptolemy.moml.MoMLSimpleApplication@12d7d88b
----------------- Done invoking toplevel() on ptolemy.moml.MoMLSimpleApplication@12d7d88b
reloadAllAccessors: .arrayType7

===========================================================================================
----------------- testing Thu Jul 18 06:42:45 UTC 2019 /home/travis/build/icyphy/ptII/ptolemy/actor/lib/test/auto/arrayType8.xml
----------------- Instantiating /home/travis/build/icyphy/ptII/ptolemy/actor/lib/test/auto/arrayType8.xml
7 ms. Memory: 444416K Free: 140598K (32%)
----------------- Invoking toplevel() on ptolemy.moml.MoMLSimpleApplication@52ff221e
----------------- Done invoking toplevel() on ptolemy.moml.MoMLSimpleApplication@52ff221e
reloadAllAccessors: .arrayType8

===========================================================================================
----------------- testing Thu Jul 18 06:42:45 UTC 2019 /home/travis/build/icyphy/ptII/ptolemy/actor/lib/test/auto/arrayType9.xml
----------------- Instantiating /home/travis/build/icyphy/ptII/ptolemy/actor/lib/test/auto/arrayType9.xml
1 ms. Memory: 444416K Free: 135478K (30%)
----------------- Invoking toplevel() on ptolemy.moml.MoMLSimpleApplication@61ce1dcc
----------------- Done invoking toplevel() on ptolemy.moml.MoMLSimpleApplication@61ce1dcc
reloadAllAccessors: .arrayType9

===========================================================================================
----------------- testing Thu Jul 18 06:42:45 UTC 2019 /home/travis/build/icyphy/ptII/ptolemy/actor/lib/test/auto/cast.xml
----------------- Instantiating /home/travis/build/icyphy/ptII/ptolemy/actor/lib/test/auto/cast.xml
9 ms. Memory: 444416K Free: 130872K (29%)
----------------- Invoking toplevel() on ptolemy.moml.MoMLSimpleApplication@2e1c601c
----------------- Done invoking toplevel() on ptolemy.moml.MoMLSimpleApplication@2e1c601c
reloadAllAccessors: .cast

===========================================================================================
----------------- testing Thu Jul 18 06:42:45 UTC 2019 /home/travis/build/icyphy/ptII/ptolemy/actor/lib/test/auto/compositeMultiPort.xml
----------------- Instantiating /home/travis/build/icyphy/ptII/ptolemy/actor/lib/test/auto/compositeMultiPort.xml
4 ms. Memory: 444416K Free: 382891K (86%)
----------------- Invoking toplevel() on ptolemy.moml.MoMLSimpleApplication@30d8712
----------------- Done invoking toplevel() on ptolemy.moml.MoMLSimpleApplication@30d8712
reloadAllAccessors: .compositeMultiPort

===========================================================================================
----------------- testing Thu Jul 18 06:42:45 UTC 2019 /home/travis/build/icyphy/ptII/ptolemy/actor/lib/test/auto/expressionCastInference.xml
----------------- Instantiating /home/travis/build/icyphy/ptII/ptolemy/actor/lib/test/auto/expressionCastInference.xml
3 ms. Memory: 444416K Free: 378281K (85%)
----------------- Invoking toplevel() on ptolemy.moml.MoMLSimpleApplication@247cb3f3
----------------- Done invoking toplevel() on ptolemy.moml.MoMLSimpleApplication@247cb3f3
reloadAllAccessors: .expressionCastInference

===========================================================================================
----------------- testing Thu Jul 18 06:42:45 UTC 2019 /home/travis/build/icyphy/ptII/ptolemy/actor/lib/test/auto/expressionCastInference2.xml
----------------- Instantiating /home/travis/build/icyphy/ptII/ptolemy/actor/lib/test/auto/expressionCastInference2.xml
2 ms. Memory: 444416K Free: 373161K (84%)
----------------- Invoking toplevel() on ptolemy.moml.MoMLSimpleApplication@2c99d136
----------------- Done invoking toplevel() on ptolemy.moml.MoMLSimpleApplication@2c99d136
reloadAllAccessors: .expressionCastInference2

===========================================================================================
----------------- testing Thu Jul 18 06:42:45 UTC 2019 /home/travis/build/icyphy/ptII/ptolemy/actor/lib/test/auto/expressionInference.xml
----------------- Instantiating /home/travis/build/icyphy/ptII/ptolemy/actor/lib/test/auto/expressionInference.xml
1 ms. Memory: 444416K Free: 369065K (83%)
----------------- Invoking toplevel() on ptolemy.moml.MoMLSimpleApplication@3e897b76
----------------- Done invoking toplevel() on ptolemy.moml.MoMLSimpleApplication@3e897b76
reloadAllAccessors: .expressionInference

===========================================================================================
----------------- testing Thu Jul 18 06:42:45 UTC 2019 /home/travis/build/icyphy/ptII/ptolemy/actor/lib/test/auto/expression_bug.xml
----------------- Instantiating /home/travis/build/icyphy/ptII/ptolemy/actor/lib/test/auto/expression_bug.xml
2 ms. Memory: 444416K Free: 364969K (82%)
----------------- Invoking toplevel() on ptolemy.moml.MoMLSimpleApplication@8cc2ea2
----------------- Done invoking toplevel() on ptolemy.moml.MoMLSimpleApplication@8cc2ea2
reloadAllAccessors: .expression_bug

===========================================================================================
----------------- testing Thu Jul 18 06:42:45 UTC 2019 /home/travis/build/icyphy/ptII/ptolemy/actor/lib/test/auto/factorial.xml
----------------- Instantiating /home/travis/build/icyphy/ptII/ptolemy/actor/lib/test/auto/factorial.xml
50 ms. Memory: 444416K Free: 355753K (80%)
----------------- Invoking toplevel() on ptolemy.moml.MoMLSimpleApplication@52dcb1cc
----------------- Done invoking toplevel() on ptolemy.moml.MoMLSimpleApplication@52dcb1cc
reloadAllAccessors: .factorial

===========================================================================================
----------------- testing Thu Jul 18 06:42:45 UTC 2019 /home/travis/build/icyphy/ptII/ptolemy/actor/lib/test/auto/filterTest1.xml
----------------- Instantiating /home/travis/build/icyphy/ptII/ptolemy/actor/lib/test/auto/filterTest1.xml
4 ms. Memory: 444416K Free: 350123K (79%)
----------------- Invoking toplevel() on ptolemy.moml.MoMLSimpleApplication@7ba128cd
----------------- Done invoking toplevel() on ptolemy.moml.MoMLSimpleApplication@7ba128cd
reloadAllAccessors: .filterTest1

===========================================================================================
----------------- testing Thu Jul 18 06:42:45 UTC 2019 /home/travis/build/icyphy/ptII/ptolemy/actor/lib/test/auto/funcApplyInConst.xml
----------------- Instantiating /home/travis/build/icyphy/ptII/ptolemy/actor/lib/test/auto/funcApplyInConst.xml
1 ms. Memory: 444416K Free: 346537K (78%)
----------------- Invoking toplevel() on ptolemy.moml.MoMLSimpleApplication@22797da4
----------------- Done invoking toplevel() on ptolemy.moml.MoMLSimpleApplication@22797da4
reloadAllAccessors: .funcApplyInConst

===========================================================================================
----------------- testing Thu Jul 18 06:42:45 UTC 2019 /home/travis/build/icyphy/ptII/ptolemy/actor/lib/test/auto/funcApplyInExpr.xml
----------------- Instantiating /home/travis/build/icyphy/ptII/ptolemy/actor/lib/test/auto/funcApplyInExpr.xml
2 ms. Memory: 444416K Free: 342441K (77%)
----------------- Invoking toplevel() on ptolemy.moml.MoMLSimpleApplication@3b2a1605
----------------- Done invoking toplevel() on ptolemy.moml.MoMLSimpleApplication@3b2a1605
reloadAllAccessors: .funcApplyInExpr

===========================================================================================
----------------- testing Thu Jul 18 06:42:45 UTC 2019 /home/travis/build/icyphy/ptII/ptolemy/actor/lib/test/auto/function.xml
----------------- Instantiating /home/travis/build/icyphy/ptII/ptolemy/actor/lib/test/auto/function.xml
3 ms. Memory: 444416K Free: 337835K (76%)
----------------- Invoking toplevel() on ptolemy.moml.MoMLSimpleApplication@6a5b593b
----------------- Done invoking toplevel() on ptolemy.moml.MoMLSimpleApplication@6a5b593b
reloadAllAccessors: .function

===========================================================================================
----------------- testing Thu Jul 18 06:42:45 UTC 2019 /home/travis/build/icyphy/ptII/ptolemy/actor/lib/test/auto/function2.xml
----------------- Instantiating /home/travis/build/icyphy/ptII/ptolemy/actor/lib/test/auto/function2.xml
1 ms. Memory: 444416K Free: 333225K (75%)
----------------- Invoking toplevel() on ptolemy.moml.MoMLSimpleApplication@3af79758
----------------- Done invoking toplevel() on ptolemy.moml.MoMLSimpleApplication@3af79758
reloadAllAccessors: .function2

===========================================================================================
----------------- testing Thu Jul 18 06:42:45 UTC 2019 /home/travis/build/icyphy/ptII/ptolemy/actor/lib/test/auto/function3.xml
----------------- Instantiating /home/travis/build/icyphy/ptII/ptolemy/actor/lib/test/auto/function3.xml
1 ms. Memory: 444416K Free: 329129K (74%)
----------------- Invoking toplevel() on ptolemy.moml.MoMLSimpleApplication@3e24f148
----------------- Done invoking toplevel() on ptolemy.moml.MoMLSimpleApplication@3e24f148
reloadAllAccessors: .function3

===========================================================================================
----------------- testing Thu Jul 18 06:42:45 UTC 2019 /home/travis/build/icyphy/ptII/ptolemy/actor/lib/test/auto/functionClosureTest1.xml
----------------- Instantiating /home/travis/build/icyphy/ptII/ptolemy/actor/lib/test/auto/functionClosureTest1.xml
2 ms. Memory: 444416K Free: 323499K (73%)
----------------- Invoking toplevel() on ptolemy.moml.MoMLSimpleApplication@4c2ad3f6
----------------- Done invoking toplevel() on ptolemy.moml.MoMLSimpleApplication@4c2ad3f6
reloadAllAccessors: .functionClosureTest1

===========================================================================================
----------------- testing Thu Jul 18 06:42:45 UTC 2019 /home/travis/build/icyphy/ptII/ptolemy/actor/lib/test/auto/functionClosureTest2.xml
----------------- Instantiating /home/travis/build/icyphy/ptII/ptolemy/actor/lib/test/auto/functionClosureTest2.xml
2 ms. Memory: 444416K Free: 319913K (72%)
----------------- Invoking toplevel() on ptolemy.moml.MoMLSimpleApplication@d13635a
----------------- Done invoking toplevel() on ptolemy.moml.MoMLSimpleApplication@d13635a
reloadAllAccessors: .functionClosureTest2

===========================================================================================
----------------- testing Thu Jul 18 06:42:45 UTC 2019 /home/travis/build/icyphy/ptII/ptolemy/actor/lib/test/auto/functionClosureTest3.xml
----------------- Instantiating /home/travis/build/icyphy/ptII/ptolemy/actor/lib/test/auto/functionClosureTest3.xml
3 ms. Memory: 444416K Free: 314283K (71%)
----------------- Invoking toplevel() on ptolemy.moml.MoMLSimpleApplication@2a1a2f75
----------------- Done invoking toplevel() on ptolemy.moml.MoMLSimpleApplication@2a1a2f75
reloadAllAccessors: .functionClosureTest3

===========================================================================================
----------------- testing Thu Jul 18 06:42:45 UTC 2019 /home/travis/build/icyphy/ptII/ptolemy/actor/lib/test/auto/functionClosureTest4.xml
----------------- Instantiating /home/travis/build/icyphy/ptII/ptolemy/actor/lib/test/auto/functionClosureTest4.xml
5 ms. Memory: 444416K Free: 308139K (69%)
----------------- Invoking toplevel() on ptolemy.moml.MoMLSimpleApplication@5164e068
----------------- Done invoking toplevel() on ptolemy.moml.MoMLSimpleApplication@5164e068
reloadAllAccessors: .functionClosureTest4

===========================================================================================
----------------- testing Thu Jul 18 06:42:45 UTC 2019 /home/travis/build/icyphy/ptII/ptolemy/actor/lib/test/auto/functionClosureTest5.xml
----------------- Instantiating /home/travis/build/icyphy/ptII/ptolemy/actor/lib/test/auto/functionClosureTest5.xml
5 ms. Memory: 444416K Free: 303019K (68%)
----------------- Invoking toplevel() on ptolemy.moml.MoMLSimpleApplication@3eb32195
----------------- Done invoking toplevel() on ptolemy.moml.MoMLSimpleApplication@3eb32195
reloadAllAccessors: .functionClosureTest5

===========================================================================================
----------------- testing Thu Jul 18 06:42:45 UTC 2019 /home/travis/build/icyphy/ptII/ptolemy/actor/lib/test/auto/functionClosureTest6.xml
----------------- Instantiating /home/travis/build/icyphy/ptII/ptolemy/actor/lib/test/auto/functionClosureTest6.xml
2 ms. Memory: 444416K Free: 297899K (67%)
----------------- Invoking toplevel() on ptolemy.moml.MoMLSimpleApplication@22c071ce
----------------- Done invoking toplevel() on ptolemy.moml.MoMLSimpleApplication@22c071ce
reloadAllAccessors: .functionClosureTest6

===========================================================================================
----------------- testing Thu Jul 18 06:42:45 UTC 2019 /home/travis/build/icyphy/ptII/ptolemy/actor/lib/test/auto/functionsOnArcs.xml
----------------- Instantiating /home/travis/build/icyphy/ptII/ptolemy/actor/lib/test/auto/functionsOnArcs.xml
2 ms. Memory: 444416K Free: 292779K (66%)
----------------- Invoking toplevel() on ptolemy.moml.MoMLSimpleApplication@77ecc2b1
----------------- Done invoking toplevel() on ptolemy.moml.MoMLSimpleApplication@77ecc2b1
reloadAllAccessors: .functionsOnArcs

===========================================================================================
----------------- testing Thu Jul 18 06:42:45 UTC 2019 /home/travis/build/icyphy/ptII/ptolemy/actor/lib/test/auto/functionsOnArcsHOF.xml
----------------- Instantiating /home/travis/build/icyphy/ptII/ptolemy/actor/lib/test/auto/functionsOnArcsHOF.xml
4 ms. Memory: 444416K Free: 287145K (65%)
----------------- Invoking toplevel() on ptolemy.moml.MoMLSimpleApplication@7c348ad2
----------------- Done invoking toplevel() on ptolemy.moml.MoMLSimpleApplication@7c348ad2
reloadAllAccessors: .functionsOnArcsHOF

===========================================================================================
----------------- testing Thu Jul 18 06:42:45 UTC 2019 /home/travis/build/icyphy/ptII/ptolemy/actor/lib/test/auto/logic.xml
----------------- Instantiating /home/travis/build/icyphy/ptII/ptolemy/actor/lib/test/auto/logic.xml
3 ms. Memory: 444416K Free: 279467K (63%)
----------------- Invoking toplevel() on ptolemy.moml.MoMLSimpleApplication@1ab67f76
----------------- Done invoking toplevel() on ptolemy.moml.MoMLSimpleApplication@1ab67f76
reloadAllAccessors: .logic

===========================================================================================
----------------- testing Thu Jul 18 06:42:45 UTC 2019 /home/travis/build/icyphy/ptII/ptolemy/actor/lib/test/auto/matrixType.xml
----------------- Instantiating /home/travis/build/icyphy/ptII/ptolemy/actor/lib/test/auto/matrixType.xml
2 ms. Memory: 444416K Free: 274857K (62%)
----------------- Invoking toplevel() on ptolemy.moml.MoMLSimpleApplication@7eb40472
----------------- Done invoking toplevel() on ptolemy.moml.MoMLSimpleApplication@7eb40472
reloadAllAccessors: .matrixType

===========================================================================================
----------------- testing Thu Jul 18 06:42:45 UTC 2019 /home/travis/build/icyphy/ptII/ptolemy/actor/lib/test/auto/matrixType10.xml
----------------- Instantiating /home/travis/build/icyphy/ptII/ptolemy/actor/lib/test/auto/matrixType10.xml
2 ms. Memory: 444416K Free: 270251K (61%)
----------------- Invoking toplevel() on ptolemy.moml.MoMLSimpleApplication@4a2897f2
----------------- Done invoking toplevel() on ptolemy.moml.MoMLSimpleApplication@4a2897f2
reloadAllAccessors: .matrixType10

===========================================================================================
----------------- testing Thu Jul 18 06:42:45 UTC 2019 /home/travis/build/icyphy/ptII/ptolemy/actor/lib/test/auto/matrixType11.xml
----------------- Instantiating /home/travis/build/icyphy/ptII/ptolemy/actor/lib/test/auto/matrixType11.xml
2 ms. Memory: 444416K Free: 265131K (60%)
----------------- Invoking toplevel() on ptolemy.moml.MoMLSimpleApplication@7409ec4a
----------------- Done invoking toplevel() on ptolemy.moml.MoMLSimpleApplication@7409ec4a
reloadAllAccessors: .matrixType11

===========================================================================================
----------------- testing Thu Jul 18 06:42:45 UTC 2019 /home/travis/build/icyphy/ptII/ptolemy/actor/lib/test/auto/matrixType12.xml
----------------- Instantiating /home/travis/build/icyphy/ptII/ptolemy/actor/lib/test/auto/matrixType12.xml
1 ms. Memory: 444416K Free: 260521K (59%)
----------------- Invoking toplevel() on ptolemy.moml.MoMLSimpleApplication@5c9ef44c
----------------- Done invoking toplevel() on ptolemy.moml.MoMLSimpleApplication@5c9ef44c
reloadAllAccessors: .matrixType12

===========================================================================================
----------------- testing Thu Jul 18 06:42:45 UTC 2019 /home/travis/build/icyphy/ptII/ptolemy/actor/lib/test/auto/matrixType13.xml
----------------- Instantiating /home/travis/build/icyphy/ptII/ptolemy/actor/lib/test/auto/matrixType13.xml
2 ms. Memory: 444416K Free: 255915K (58%)
----------------- Invoking toplevel() on ptolemy.moml.MoMLSimpleApplication@63f12068
----------------- Done invoking toplevel() on ptolemy.moml.MoMLSimpleApplication@63f12068
reloadAllAccessors: .matrixType13

===========================================================================================
----------------- testing Thu Jul 18 06:42:45 UTC 2019 /home/travis/build/icyphy/ptII/ptolemy/actor/lib/test/auto/matrixType14.xml
----------------- Instantiating /home/travis/build/icyphy/ptII/ptolemy/actor/lib/test/auto/matrixType14.xml
2 ms. Memory: 444416K Free: 250281K (56%)
----------------- Invoking toplevel() on ptolemy.moml.MoMLSimpleApplication@46e22e6
----------------- Done invoking toplevel() on ptolemy.moml.MoMLSimpleApplication@46e22e6
reloadAllAccessors: .matrixType14

===========================================================================================
----------------- testing Thu Jul 18 06:42:45 UTC 2019 /home/travis/build/icyphy/ptII/ptolemy/actor/lib/test/auto/matrixType2.xml
----------------- Instantiating /home/travis/build/icyphy/ptII/ptolemy/actor/lib/test/auto/matrixType2.xml
2 ms. Memory: 444416K Free: 245161K (55%)
----------------- Invoking toplevel() on ptolemy.moml.MoMLSimpleApplication@674e47fe
----------------- Done invoking toplevel() on ptolemy.moml.MoMLSimpleApplication@674e47fe
reloadAllAccessors: .matrixType2

===========================================================================================
----------------- testing Thu Jul 18 06:42:45 UTC 2019 /home/travis/build/icyphy/ptII/ptolemy/actor/lib/test/auto/matrixType3.xml
----------------- Instantiating /home/travis/build/icyphy/ptII/ptolemy/actor/lib/test/auto/matrixType3.xml
4 ms. Memory: 444416K Free: 240555K (54%)
----------------- Invoking toplevel() on ptolemy.moml.MoMLSimpleApplication@263c73c7
----------------- Done invoking toplevel() on ptolemy.moml.MoMLSimpleApplication@263c73c7
reloadAllAccessors: .matrixType3

===========================================================================================
----------------- testing Thu Jul 18 06:42:45 UTC 2019 /home/travis/build/icyphy/ptII/ptolemy/actor/lib/test/auto/matrixType4.xml
----------------- Instantiating /home/travis/build/icyphy/ptII/ptolemy/actor/lib/test/auto/matrixType4.xml
2 ms. Memory: 444416K Free: 235435K (53%)
----------------- Invoking toplevel() on ptolemy.moml.MoMLSimpleApplication@9a8b651
----------------- Done invoking toplevel() on ptolemy.moml.MoMLSimpleApplication@9a8b651
reloadAllAccessors: .matrixType4

===========================================================================================
----------------- testing Thu Jul 18 06:42:45 UTC 2019 /home/travis/build/icyphy/ptII/ptolemy/actor/lib/test/auto/matrixType5.xml
----------------- Instantiating /home/travis/build/icyphy/ptII/ptolemy/actor/lib/test/auto/matrixType5.xml
1 ms. Memory: 444416K Free: 230825K (52%)
----------------- Invoking toplevel() on ptolemy.moml.MoMLSimpleApplication@1c40a7cc
----------------- Done invoking toplevel() on ptolemy.moml.MoMLSimpleApplication@1c40a7cc
reloadAllAccessors: .matrixType5

===========================================================================================
----------------- testing Thu Jul 18 06:42:45 UTC 2019 /home/travis/build/icyphy/ptII/ptolemy/actor/lib/test/auto/matrixType6.xml
----------------- Instantiating /home/travis/build/icyphy/ptII/ptolemy/actor/lib/test/auto/matrixType6.xml
1 ms. Memory: 444416K Free: 225705K (51%)
----------------- Invoking toplevel() on ptolemy.moml.MoMLSimpleApplication@47c5aa86
----------------- Done invoking toplevel() on ptolemy.moml.MoMLSimpleApplication@47c5aa86
reloadAllAccessors: .matrixType6

===========================================================================================
----------------- testing Thu Jul 18 06:42:45 UTC 2019 /home/travis/build/icyphy/ptII/ptolemy/actor/lib/test/auto/matrixType7.xml
----------------- Instantiating /home/travis/build/icyphy/ptII/ptolemy/actor/lib/test/auto/matrixType7.xml
2 ms. Memory: 444416K Free: 221099K (50%)
----------------- Invoking toplevel() on ptolemy.moml.MoMLSimpleApplication@6bb12d10
----------------- Done invoking toplevel() on ptolemy.moml.MoMLSimpleApplication@6bb12d10
reloadAllAccessors: .matrixType7

===========================================================================================
----------------- testing Thu Jul 18 06:42:45 UTC 2019 /home/travis/build/icyphy/ptII/ptolemy/actor/lib/test/auto/matrixType8.xml
----------------- Instantiating /home/travis/build/icyphy/ptII/ptolemy/actor/lib/test/auto/matrixType8.xml
1 ms. Memory: 444416K Free: 216489K (49%)
----------------- Invoking toplevel() on ptolemy.moml.MoMLSimpleApplication@ef1e393
----------------- Done invoking toplevel() on ptolemy.moml.MoMLSimpleApplication@ef1e393
reloadAllAccessors: .matrixType8

===========================================================================================
----------------- testing Thu Jul 18 06:42:45 UTC 2019 /home/travis/build/icyphy/ptII/ptolemy/actor/lib/test/auto/matrixType9.xml
----------------- Instantiating /home/travis/build/icyphy/ptII/ptolemy/actor/lib/test/auto/matrixType9.xml
1 ms. Memory: 444416K Free: 211369K (48%)
----------------- Invoking toplevel() on ptolemy.moml.MoMLSimpleApplication@77b9814c
----------------- Done invoking toplevel() on ptolemy.moml.MoMLSimpleApplication@77b9814c
reloadAllAccessors: .matrixType9

===========================================================================================
----------------- testing Thu Jul 18 06:42:45 UTC 2019 /home/travis/build/icyphy/ptII/ptolemy/actor/lib/test/auto/paraFunctest.xml
----------------- Instantiating /home/travis/build/icyphy/ptII/ptolemy/actor/lib/test/auto/paraFunctest.xml
2 ms. Memory: 444416K Free: 207787K (47%)
----------------- Invoking toplevel() on ptolemy.moml.MoMLSimpleApplication@66703bab
----------------- Done invoking toplevel() on ptolemy.moml.MoMLSimpleApplication@66703bab
reloadAllAccessors: .paraFunctest

===========================================================================================
----------------- testing Thu Jul 18 06:42:45 UTC 2019 /home/travis/build/icyphy/ptII/ptolemy/actor/lib/test/auto/paraFunctest2.xml
----------------- Instantiating /home/travis/build/icyphy/ptII/ptolemy/actor/lib/test/auto/paraFunctest2.xml
1 ms. Memory: 444416K Free: 203177K (46%)
----------------- Invoking toplevel() on ptolemy.moml.MoMLSimpleApplication@469818e7
----------------- Done invoking toplevel() on ptolemy.moml.MoMLSimpleApplication@469818e7
reloadAllAccessors: .paraFunctest2

===========================================================================================
----------------- testing Thu Jul 18 06:42:45 UTC 2019 /home/travis/build/icyphy/ptII/ptolemy/actor/lib/test/auto/parameterPassing.xml
----------------- Instantiating /home/travis/build/icyphy/ptII/ptolemy/actor/lib/test/auto/parameterPassing.xml
2 ms. Memory: 444416K Free: 198571K (45%)
----------------- Invoking toplevel() on ptolemy.moml.MoMLSimpleApplication@4c54918f
----------------- Done invoking toplevel() on ptolemy.moml.MoMLSimpleApplication@4c54918f
reloadAllAccessors: .parameterPassing

===========================================================================================
----------------- testing Thu Jul 18 06:42:45 UTC 2019 /home/travis/build/icyphy/ptII/ptolemy/actor/lib/test/auto/record.xml
----------------- Instantiating /home/travis/build/icyphy/ptII/ptolemy/actor/lib/test/auto/record.xml
2 ms. Memory: 444416K Free: 193961K (44%)
----------------- Invoking toplevel() on ptolemy.moml.MoMLSimpleApplication@2fd36758
----------------- Done invoking toplevel() on ptolemy.moml.MoMLSimpleApplication@2fd36758
reloadAllAccessors: .record

===========================================================================================
----------------- testing Thu Jul 18 06:42:45 UTC 2019 /home/travis/build/icyphy/ptII/ptolemy/actor/lib/test/auto/sizedarray1.xml
----------------- Instantiating /home/travis/build/icyphy/ptII/ptolemy/actor/lib/test/auto/sizedarray1.xml
1 ms. Memory: 444416K Free: 188331K (42%)
----------------- Invoking toplevel() on ptolemy.moml.MoMLSimpleApplication@357e5065
----------------- Done invoking toplevel() on ptolemy.moml.MoMLSimpleApplication@357e5065
reloadAllAccessors: .sizedarray1

===========================================================================================
----------------- testing Thu Jul 18 06:42:45 UTC 2019 /home/travis/build/icyphy/ptII/ptolemy/actor/lib/test/auto/sizedarray2.xml
----------------- Instantiating /home/travis/build/icyphy/ptII/ptolemy/actor/lib/test/auto/sizedarray2.xml
6 ms. Memory: 444416K Free: 183211K (41%)
----------------- Invoking toplevel() on ptolemy.moml.MoMLSimpleApplication@62f4b0a2
----------------- Done invoking toplevel() on ptolemy.moml.MoMLSimpleApplication@62f4b0a2
reloadAllAccessors: .sizedarray2

===========================================================================================
----------------- testing Thu Jul 18 06:42:45 UTC 2019 /home/travis/build/icyphy/ptII/ptolemy/actor/lib/test/auto/twoPublishers.xml
----------------- Instantiating /home/travis/build/icyphy/ptII/ptolemy/actor/lib/test/auto/twoPublishers.xml
6 ms. Memory: 444416K Free: 172971K (39%)
----------------- Invoking toplevel() on ptolemy.moml.MoMLSimpleApplication@54ea9d97
----------------- Done invoking toplevel() on ptolemy.moml.MoMLSimpleApplication@54ea9d97
reloadAllAccessors: .twoPublishers
AutoTests.java: About to close Vertx.
AutoTests.java: Vertx closed.
]]></system-out>
  <system-err><![CDATA[java.lang.RuntimeException: Execution failed
	at ptolemy.moml.MoMLSimpleApplication$UnloadThread.run(MoMLSimpleApplication.java:402)
Caused by: java.lang.RuntimeException: StringUtilities.exit() was called. Normally, we would exit here because Manager.exitAfterWrapup() was called.  However, because the ptolemy.ptII.exitAfterWrapup property is set, we throw this exception instead.
	at ptolemy.util.StringUtilities.exit(StringUtilities.java:363)
	at ptolemy.actor.Manager.wrapup(Manager.java:1549)
	at ptolemy.actor.Manager.execute(Manager.java:407)
	at ptolemy.actor.Manager.run(Manager.java:1263)
	at ptolemy.actor.Manager$PtolemyRunThread.run(Manager.java:1933)
Warning: '.top.test' is in training mode, set the trainingMode parameter to false before checking in
Warning: '.top.test' is in training mode, set the trainingMode parameter to false before checking in
Warning: '.top.test' is in training mode, set the trainingMode parameter to false before checking in
Warning: '.BooleanSwitch_RegressionTest_WrongTrainingValues.Test' is in training mode, set the trainingMode parameter to false before checking in
Warning: '.BooleanSwitch_RegressionTest_WrongTrainingValues.Test2' is in training mode, set the trainingMode parameter to false before checking in
Warning: '.BooleanSwitch_RegressionTest_WrongTrainingValues.Test2' The test produced 0 tokens.
Warning: '.top.testExceptionHandler' is in training mode, set the trainingMode parameter to false before checking in
java.lang.RuntimeException: Execution failed
	at ptolemy.moml.MoMLSimpleApplication$UnloadThread.run(MoMLSimpleApplication.java:402)
Caused by: ptolemy.kernel.util.IllegalActionException: PublisherPorts cannot be used at the top level, use a Publisher actor instead.
  in .PublisherPortToplevelSubscriber.PublisherPort
	at ptolemy.actor.PublisherPort.preinitialize(PublisherPort.java:403)
	at ptolemy.actor.CompositeActor.preinitialize(CompositeActor.java:1769)
	at ptolemy.actor.Manager.preinitializeAndResolveTypes(Manager.java:1040)
	at ptolemy.actor.Manager.initialize(Manager.java:710)
	at ptolemy.actor.Manager.execute(Manager.java:356)
	at ptolemy.actor.Manager.run(Manager.java:1263)
	at ptolemy.actor.Manager$PtolemyRunThread.run(Manager.java:1933)
java.lang.reflect.InvocationTargetException
	at java.base/jdk.internal.reflect.NativeConstructorAccessorImpl.newInstance0(Native Method)
	at java.base/jdk.internal.reflect.NativeConstructorAccessorImpl.newInstance(NativeConstructorAccessorImpl.java:62)
	at java.base/jdk.internal.reflect.DelegatingConstructorAccessorImpl.newInstance(DelegatingConstructorAccessorImpl.java:45)
	at java.base/java.lang.reflect.Constructor.newInstance(Constructor.java:490)
	at ptolemy.util.test.junit.AutoKnownFailedTests.RunModel(AutoKnownFailedTests.java:105)
	at java.base/jdk.internal.reflect.NativeMethodAccessorImpl.invoke0(Native Method)
	at java.base/jdk.internal.reflect.NativeMethodAccessorImpl.invoke(NativeMethodAccessorImpl.java:62)
	at java.base/jdk.internal.reflect.DelegatingMethodAccessorImpl.invoke(DelegatingMethodAccessorImpl.java:43)
	at java.base/java.lang.reflect.Method.invoke(Method.java:566)
	at org.junit.runners.model.FrameworkMethod$1.runReflectiveCall(FrameworkMethod.java:44)
	at org.junit.internal.runners.model.ReflectiveCallable.run(ReflectiveCallable.java:15)
	at org.junit.runners.model.FrameworkMethod.invokeExplosively(FrameworkMethod.java:41)
	at junitparams.internal.InvokeParameterisedMethod.evaluate(InvokeParameterisedMethod.java:102)
	at org.junit.internal.runners.statements.FailOnTimeout$1.run(FailOnTimeout.java:28)
Caused by: ptolemy.kernel.util.IllegalActionException: PublisherPorts cannot be used at the top level, use a Publisher actor instead.
  in .PublisherPortToplevelSubscriber.PublisherPort
	at ptolemy.actor.PublisherPort.preinitialize(PublisherPort.java:403)
	at ptolemy.actor.CompositeActor.preinitialize(CompositeActor.java:1769)
	at ptolemy.actor.Manager.preinitializeAndResolveTypes(Manager.java:1040)
	at ptolemy.actor.Manager.initialize(Manager.java:710)
	at ptolemy.actor.Manager.execute(Manager.java:356)
	at ptolemy.actor.Manager.run(Manager.java:1263)
	at ptolemy.actor.Manager$PtolemyRunThread.run(Manager.java:1933)
java.lang.RuntimeException: Execution failed
	at ptolemy.moml.MoMLSimpleApplication$UnloadThread.run(MoMLSimpleApplication.java:402)
Caused by: ptolemy.kernel.util.IllegalActionException: SubscriberPorts cannot be used at the top level, use a Subscriber actor instead.
  in .PublisherSubscriberPortToplevel.SubscriberPort
	at ptolemy.actor.SubscriberPort.preinitialize(SubscriberPort.java:328)
	at ptolemy.actor.CompositeActor.preinitialize(CompositeActor.java:1769)
	at ptolemy.actor.Manager.preinitializeAndResolveTypes(Manager.java:1040)
	at ptolemy.actor.Manager.initialize(Manager.java:710)
	at ptolemy.actor.Manager.execute(Manager.java:356)
	at ptolemy.actor.Manager.run(Manager.java:1263)
	at ptolemy.actor.Manager$PtolemyRunThread.run(Manager.java:1933)
java.lang.reflect.InvocationTargetException
	at java.base/jdk.internal.reflect.NativeConstructorAccessorImpl.newInstance0(Native Method)
	at java.base/jdk.internal.reflect.NativeConstructorAccessorImpl.newInstance(NativeConstructorAccessorImpl.java:62)
	at java.base/jdk.internal.reflect.DelegatingConstructorAccessorImpl.newInstance(DelegatingConstructorAccessorImpl.java:45)
	at java.base/java.lang.reflect.Constructor.newInstance(Constructor.java:490)
	at ptolemy.util.test.junit.AutoKnownFailedTests.RunModel(AutoKnownFailedTests.java:105)
	at java.base/jdk.internal.reflect.NativeMethodAccessorImpl.invoke0(Native Method)
	at java.base/jdk.internal.reflect.NativeMethodAccessorImpl.invoke(NativeMethodAccessorImpl.java:62)
	at java.base/jdk.internal.reflect.DelegatingMethodAccessorImpl.invoke(DelegatingMethodAccessorImpl.java:43)
	at java.base/java.lang.reflect.Method.invoke(Method.java:566)
	at org.junit.runners.model.FrameworkMethod$1.runReflectiveCall(FrameworkMethod.java:44)
	at org.junit.internal.runners.model.ReflectiveCallable.run(ReflectiveCallable.java:15)
	at org.junit.runners.model.FrameworkMethod.invokeExplosively(FrameworkMethod.java:41)
	at junitparams.internal.InvokeParameterisedMethod.evaluate(InvokeParameterisedMethod.java:102)
	at org.junit.internal.runners.statements.FailOnTimeout$1.run(FailOnTimeout.java:28)
Caused by: ptolemy.kernel.util.IllegalActionException: SubscriberPorts cannot be used at the top level, use a Subscriber actor instead.
  in .PublisherSubscriberPortToplevel.SubscriberPort
	at ptolemy.actor.SubscriberPort.preinitialize(SubscriberPort.java:328)
	at ptolemy.actor.CompositeActor.preinitialize(CompositeActor.java:1769)
	at ptolemy.actor.Manager.preinitializeAndResolveTypes(Manager.java:1040)
	at ptolemy.actor.Manager.initialize(Manager.java:710)
	at ptolemy.actor.Manager.execute(Manager.java:356)
	at ptolemy.actor.Manager.run(Manager.java:1263)
	at ptolemy.actor.Manager$PtolemyRunThread.run(Manager.java:1933)
java.lang.RuntimeException: Execution failed
	at ptolemy.moml.MoMLSimpleApplication$UnloadThread.run(MoMLSimpleApplication.java:402)
Caused by: ptolemy.kernel.util.IllegalActionException: SubscriptionAggregatorPorts cannot be used at the top level, use a SubscriptionAggregator actor instead.
  in .PublisherSubscriptionAggregatorPort.SubscriptionAggregatorPort
	at ptolemy.actor.SubscriptionAggregatorPort.preinitialize(SubscriptionAggregatorPort.java:353)
	at ptolemy.actor.CompositeActor.preinitialize(CompositeActor.java:1769)
	at ptolemy.actor.Manager.preinitializeAndResolveTypes(Manager.java:1040)
	at ptolemy.actor.Manager.initialize(Manager.java:710)
	at ptolemy.actor.Manager.execute(Manager.java:356)
	at ptolemy.actor.Manager.run(Manager.java:1263)
	at ptolemy.actor.Manager$PtolemyRunThread.run(Manager.java:1933)
java.lang.reflect.InvocationTargetException
	at java.base/jdk.internal.reflect.NativeConstructorAccessorImpl.newInstance0(Native Method)
	at java.base/jdk.internal.reflect.NativeConstructorAccessorImpl.newInstance(NativeConstructorAccessorImpl.java:62)
	at java.base/jdk.internal.reflect.DelegatingConstructorAccessorImpl.newInstance(DelegatingConstructorAccessorImpl.java:45)
	at java.base/java.lang.reflect.Constructor.newInstance(Constructor.java:490)
	at ptolemy.util.test.junit.AutoKnownFailedTests.RunModel(AutoKnownFailedTests.java:105)
	at java.base/jdk.internal.reflect.NativeMethodAccessorImpl.invoke0(Native Method)
	at java.base/jdk.internal.reflect.NativeMethodAccessorImpl.invoke(NativeMethodAccessorImpl.java:62)
	at java.base/jdk.internal.reflect.DelegatingMethodAccessorImpl.invoke(DelegatingMethodAccessorImpl.java:43)
	at java.base/java.lang.reflect.Method.invoke(Method.java:566)
	at org.junit.runners.model.FrameworkMethod$1.runReflectiveCall(FrameworkMethod.java:44)
	at org.junit.internal.runners.model.ReflectiveCallable.run(ReflectiveCallable.java:15)
	at org.junit.runners.model.FrameworkMethod.invokeExplosively(FrameworkMethod.java:41)
	at junitparams.internal.InvokeParameterisedMethod.evaluate(InvokeParameterisedMethod.java:102)
	at org.junit.internal.runners.statements.FailOnTimeout$1.run(FailOnTimeout.java:28)
Caused by: ptolemy.kernel.util.IllegalActionException: SubscriptionAggregatorPorts cannot be used at the top level, use a SubscriptionAggregator actor instead.
  in .PublisherSubscriptionAggregatorPort.SubscriptionAggregatorPort
	at ptolemy.actor.SubscriptionAggregatorPort.preinitialize(SubscriptionAggregatorPort.java:353)
	at ptolemy.actor.CompositeActor.preinitialize(CompositeActor.java:1769)
	at ptolemy.actor.Manager.preinitializeAndResolveTypes(Manager.java:1040)
	at ptolemy.actor.Manager.initialize(Manager.java:710)
	at ptolemy.actor.Manager.execute(Manager.java:356)
	at ptolemy.actor.Manager.run(Manager.java:1263)
	at ptolemy.actor.Manager$PtolemyRunThread.run(Manager.java:1933)
java.lang.RuntimeException: Execution failed
	at ptolemy.moml.MoMLSimpleApplication$UnloadThread.run(MoMLSimpleApplication.java:402)
Caused by: ptolemy.kernel.util.IllegalActionException: TypeTest actor has no training data.
  in .sizedarray3.TypeTest
	at ptolemy.actor.lib.TypeTest.initialize(TypeTest.java:250)
	at ptolemy.actor.Director.initialize(Director.java:938)
	at ptolemy.actor.Director.initialize(Director.java:907)
	at ptolemy.actor.sched.StaticSchedulingDirector.initialize(StaticSchedulingDirector.java:159)
	at ptolemy.domains.sdf.kernel.SDFDirector.initialize(SDFDirector.java:544)
	at ptolemy.actor.CompositeActor.initialize(CompositeActor.java:935)
	at ptolemy.actor.Manager.initialize(Manager.java:724)
	at ptolemy.actor.Manager.execute(Manager.java:356)
	at ptolemy.actor.Manager.run(Manager.java:1263)
	at ptolemy.actor.Manager$PtolemyRunThread.run(Manager.java:1933)
java.lang.reflect.InvocationTargetException
	at java.base/jdk.internal.reflect.NativeConstructorAccessorImpl.newInstance0(Native Method)
	at java.base/jdk.internal.reflect.NativeConstructorAccessorImpl.newInstance(NativeConstructorAccessorImpl.java:62)
	at java.base/jdk.internal.reflect.DelegatingConstructorAccessorImpl.newInstance(DelegatingConstructorAccessorImpl.java:45)
	at java.base/java.lang.reflect.Constructor.newInstance(Constructor.java:490)
	at ptolemy.util.test.junit.AutoKnownFailedTests.RunModel(AutoKnownFailedTests.java:105)
	at java.base/jdk.internal.reflect.NativeMethodAccessorImpl.invoke0(Native Method)
	at java.base/jdk.internal.reflect.NativeMethodAccessorImpl.invoke(NativeMethodAccessorImpl.java:62)
	at java.base/jdk.internal.reflect.DelegatingMethodAccessorImpl.invoke(DelegatingMethodAccessorImpl.java:43)
	at java.base/java.lang.reflect.Method.invoke(Method.java:566)
	at org.junit.runners.model.FrameworkMethod$1.runReflectiveCall(FrameworkMethod.java:44)
	at org.junit.internal.runners.model.ReflectiveCallable.run(ReflectiveCallable.java:15)
	at org.junit.runners.model.FrameworkMethod.invokeExplosively(FrameworkMethod.java:41)
	at junitparams.internal.InvokeParameterisedMethod.evaluate(InvokeParameterisedMethod.java:102)
	at org.junit.internal.runners.statements.FailOnTimeout$1.run(FailOnTimeout.java:28)
Caused by: ptolemy.kernel.util.IllegalActionException: TypeTest actor has no training data.
  in .sizedarray3.TypeTest
	at ptolemy.actor.lib.TypeTest.initialize(TypeTest.java:250)
	at ptolemy.actor.Director.initialize(Director.java:938)
	at ptolemy.actor.Director.initialize(Director.java:907)
	at ptolemy.actor.sched.StaticSchedulingDirector.initialize(StaticSchedulingDirector.java:159)
	at ptolemy.domains.sdf.kernel.SDFDirector.initialize(SDFDirector.java:544)
	at ptolemy.actor.CompositeActor.initialize(CompositeActor.java:935)
	at ptolemy.actor.Manager.initialize(Manager.java:724)
	at ptolemy.actor.Manager.execute(Manager.java:356)
	at ptolemy.actor.Manager.run(Manager.java:1263)
	at ptolemy.actor.Manager$PtolemyRunThread.run(Manager.java:1933)
]]></system-err>
</testsuite>
