<?xml version="1.0" encoding="UTF-8" ?>
<testsuite errors="0" failures="0" hostname="travis-job-9d7f8766-c31c-48e4-bf7d-bb61962bd9e0" name="ptolemy.actor.lib.test.junit.JUnitTclTest" skipped="0" tests="517" time="58.869" timestamp="2020-06-24T14:50:26">
  <properties>
    <property name="npm.executable" value="npm" />
    <property name="env.TRAVIS_ROOT" value="/" />
    <property name="ptII.mk.exists" value="true" />
    <property name="env.TRAVIS_APP_HOST" value="build.travis-ci.org" />
    <property name="env.rvm_bin_path" value="/home/travis/.rvm/bin" />
    <property name="java.home" value="/usr/local/lib/jvm/openjdk11" />
    <property name="env.TRAVIS_JOB_NUMBER" value="1672.8" />
    <property name="env.TRAVIS_HOME" value="/home/travis" />
    <property name="env.DISPLAY" value=":99.0" />
    <property name="env.TRAVIS_INIT" value="systemd" />
    <property name="env.SSH_TTY" value="/dev/pts/0" />
    <property name="java.net.preferIPv4Stack" value="true" />
    <property name="env.RUN_TESTS" value="true" />
    <property name="timeout.short" value="1000000" />
    <property name="junit.formatter" value="xml" />
    <property name="env.TRAVIS_SUDO" value="true" />
    <property name="env.TRAVIS_JOB_NAME" value="" />
    <property name="env.TRAVIS_STACK_NODE_ATTRIBUTES" value="/.node-attributes.yml" />
    <property name="env.LOGNAME" value="travis" />
    <property name="env.PT_TRAVIS_TEST_CORE1_XML" value="true" />
    <property name="jsdoc.home" value="node_modules/@terraswarm/jsdoc" />
    <property name="debuglevel" value="source,lines,vars" />
    <property name="checkstyle.formatter" value="xml" />
    <property name="env._system_version" value="16.04" />
    <property name="bin.vergil.makeable" value="true" />
    <property name="sun.os.patch.level" value="unknown" />
    <property name="java.vendor.url" value="http://java.oracle.com/" />
    <property name="env.TRAVIS_BUILD_WEB_URL" value="https://travis-ci.org/icyphy/ptII/builds/701673701" />
    <property name="java.version" value="11.0.2" />
    <property name="env.TZ" value="UTC" />
    <property name="env.TRAVIS_PULL_REQUEST_SHA" value="" />
    <property name="env.PT_NO_NET" value="true" />
    <property name="env.TRAVIS_SECURE_ENV_VARS" value="true" />
    <property name="env._system_type" value="Linux" />
    <property name="java.vendor.url.bug" value="http://bugreport.java.com/bugreport/" />
    <property name="npmjs-org-is-up" value="true" />
    <property name="env.LANGUAGE" value="en_US.UTF-8" />
    <property name="env.SSH_CLIENT" value="10.44.2.99 35126 22" />
    <property name="env.GEM_HOME" value="/home/travis/.rvm/gems/ruby-2.5.3" />
    <property name="env.HAS_ANTARES_THREE_LITTLE_FRONZIES_BADGE" value="true" />
    <property name="java.version.date" value="2019-01-15" />
    <property name="env.PS4" value="+" />
    <property name="ant.project.invoked-targets" value="build,test.core1.xml" />
    <property name="env.TRAVIS_PULL_REQUEST_BRANCH" value="" />
    <property name="env.TRAVIS_REPO_SLUG" value="icyphy/ptII" />
    <property name="env.XDG_DATA_DIRS" value="/usr/local/share:/usr/share:/var/lib/snapd/desktop" />
    <property name="jdk.debug" value="release" />
    <property name="env.TRAVIS_APT_PROXY" value="http://build-cache.travisci.net" />
    <property name="env.TRAVIS_CPU_ARCH" value="amd64" />
    <property name="node.in.path" value="true" />
    <property name="user.name" value="travis" />
    <property name="java.maxmemory" value="1400m" />
    <property name="env.RUBY_VERSION" value="ruby-2.5.3" />
    <property name="env.LANG" value="en_US.UTF-8" />
    <property name="sun.io.unicode.encoding" value="UnicodeLittle" />
    <property name="sun.jnu.encoding" value="UTF-8" />
    <property name="java.runtime.name" value="OpenJDK Runtime Environment" />
    <property name="usefile" value="false" />
    <property name="return.code" value="0" />
    <property name="junit.single.formatter" value="plain" />
    <property name="env.DYLD_LIBRARY_PATH" value="/home/travis/pthla/certi-tools/lib:" />
    <property name="env.DEBIAN_FRONTEND" value="noninteractive" />
    <property name="env.SSH_CONNECTION" value="10.44.2.99 35126 10.20.0.44 22" />
    <property name="env.MYSQL_UNIX_PORT" value="/var/run/mysqld/mysqld.sock" />
    <property name="env.LC_ALL" value="en_US.UTF-8" />
    <property name="env.TRAVIS_ALLOW_FAILURE" value="" />
    <property name="env.TRAVIS_JOB_WEB_URL" value="https://travis-ci.org/icyphy/ptII/jobs/701673713" />
    <property name="java.specification.name" value="Java Platform API Specification" />
    <property name="node.works" value="true" />
    <property name="user.timezone" value="" />
    <property name="path.separator" value=":" />
    <property name="env.TRAVIS_ENABLE_INFRA_DETECTION" value="true" />
    <property name="env.PYTHON_CFLAGS" value="-g -fstack-protector --param=ssp-buffer-size=4 -Wformat -Werror=format-security" />
    <property name="timeout.long" value="4000000" />
    <property name="env.CERTI_HOME" value="/home/travis/pthla/certi-tools" />
    <property name="ant.file.ptII" value="/home/travis/build/icyphy/ptII/build.xml" />
    <property name="javadoc.packagenames" value="com.*,diva.*,lbnl.*,org.hlacerti.*,org.json.*,org.ptolemy.*,org.terraswarm.*,ptolemy.*,ptserver.*" />
    <property name="file.encoding" value="UTF-8" />
    <property name="env.TRAVIS_PULL_REQUEST_SLUG" value="" />
    <property name="ant.project.default-target" value="build" />
    <property name="env.GIT_ASKPASS" value="echo" />
    <property name="env.HOME" value="/home/travis" />
    <property name="sun.java.command" value="org.apache.tools.ant.taskdefs.optional.junit.JUnitTestRunner ptolemy.actor.lib.test.junit.JUnitTclTest skipNonTests=false filtertrace=true haltOnError=false haltOnFailure=false formatter=org.apache.tools.ant.taskdefs.optional.junit.OutErrSummaryJUnitResultFormatter showoutput=true outputtoformatters=true logfailedtests=true threadid=0 logtestlistenerevents=false formatter=org.apache.tools.ant.taskdefs.optional.junit.XMLJUnitResultFormatter,/home/travis/build/icyphy/ptII/reports/junit/TEST-ptolemy.actor.lib.test.junit.JUnitTclTest.xml crashfile=/home/travis/build/icyphy/ptII/junitvmwatcher2765352203134871263.properties propsfile=/home/travis/build/icyphy/ptII/junit13662427560573739236.properties" />
    <property name="env.COMPOSER_NO_INTERACTION" value="1" />
    <property name="env.MANPATH" value="/home/travis/.nvm/versions/node/v7.10.1/share/man:/home/travis/.rvm/rubies/ruby-2.5.3/share/man:/usr/local/cmake-3.12.4/man:/usr/local/clang-7.0.0/share/man:/usr/local/man:/usr/local/share/man:/usr/share/man:/home/travis/.rvm/man" />
    <property name="env.TRAVIS_TIMER_ID" value="1d37662a" />
    <property name="ant.file" value="/home/travis/build/icyphy/ptII/build.xml" />
    <property name="env.TRAVIS_COMMIT_RANGE" value="3e950cfe0f3c004454147d0a7dfedd7f8d8e77cc...52bfcaaec950ad6b43d11ffdb9cd3f924b0c1f76" />
    <property name="env._system_name" value="Ubuntu" />
    <property name="ptII.classpath.optional.property" value="/home/travis/build/icyphy/ptII/lib/bsh-2.0b4.jar:/home/travis/build/icyphy/ptII/lib/ptCal.jar:/home/travis/build/icyphy/ptII/lib/java_cup.jar:/home/travis/build/icyphy/ptII/lib/saxon8.jar:/home/travis/build/icyphy/ptII/lib/saxon8-dom.jar:/home/travis/build/icyphy/ptII/lib/chic.jar:/home/travis/build/icyphy/ptII/lib/ptcolt.jar:/home/travis/build/icyphy/ptII/vendors/misc/itext/iText.jar:/home/travis/build/icyphy/ptII/lib/g4ltl.jar:/home/travis/build/icyphy/ptII/lib/StructuralCoder.jar:/home/travis/build/icyphy/ptII/lib/jcerti.jar:/home/travis/build/icyphy/ptII/lib/javax.mail.jar:/home/travis/build/icyphy/ptII/vendors/JMF-2.1.1e/lib/jmf.jar:/home/travis/build/icyphy/ptII/lib/jna-4.0.0-variadic.jar:/home/travis/build/icyphy/ptII/vendors/misc/joystick/Joystick.jar:/home/travis/build/icyphy/ptII/lib/ptjacl.jar:/home/travis/build/icyphy/ptII/lib/jsoup-1.8.2.jar:/home/travis/build/icyphy/ptII/lib/junit-4.8.2.jar:/home/travis/build/icyphy/ptII/lib/JUnitParams-0.4.0.jar:/home/travis/build/icyphy/ptII/ptolemy/actor/lib/excel/jxl.jar:/home/travis/build/icyphy/ptII/lib/jython.jar:/home/travis/build/icyphy/ptII/lib/kieler.jar:/home/travis/build/icyphy/ptII/vendors/opencv/share/OpenCV/java/opencv-341.jar:/home/travis/build/icyphy/ptII/lib/oscP5.jar:/home/travis/build/icyphy/ptII/lib/nrjavaserial-3.11.0.devel.jar:/home/travis/build/icyphy/ptII/vendors/j3d/lib/Linux/j3dcore.jar:/home/travis/build/icyphy/ptII/vendors/j3d/lib/Linux/j3dutils.jar:/home/travis/build/icyphy/ptII/vendors/j3d/lib/Linux/vecmath.jar:/home/travis/build/icyphy/ptII/vendors/jogl/lib/Linux/gluegen-rt-natives-linux-amd64.jar:/home/travis/build/icyphy/ptII/vendors/jogl/lib/Linux/gluegen-rt.jar:/home/travis/build/icyphy/ptII/vendors/jogl/lib/Linux/jogl-all-natives-linux-amd64.jar:/home/travis/build/icyphy/ptII/vendors/jogl/lib/Linux/jogl-all.jar:/home/travis/build/icyphy/ptII/ptolemy/distributed/jini/jar/jini-core.jar:/home/travis/build/icyphy/ptII/ptolemy/distributed/jini/jar/jini-ext.jar:/home/travis/build/icyphy/ptII/ptolemy/distributed/jini/jar/sun-util.jar:/home/travis/build/icyphy/ptII/lib/protobuf-java-2.4.1.jar:/home/travis/build/icyphy/ptII/lib/org.eclipse.paho.client.mqttv3.jar:/home/travis/build/icyphy/ptII/lib/mapss.jar:/home/travis/build/icyphy/ptII/ptolemy/actor/ptalon/antlr/antlr.jar:/home/travis/build/icyphy/ptII/lib/JRI.jar:/home/travis/build/icyphy/ptII/lib/commons-lang-2.6.jar:/home/travis/build/icyphy/ptII/lib/commons-logging-1.1.1.jar:/home/travis/build/icyphy/ptII/lib/sootclasses.jar:/home/travis/build/icyphy/ptII/ptolemy/actor/lib/database/mysql-connector-java-5.1.6-bin.jar:/home/travis/build/icyphy/ptII/vendors/misc/sphinx4/sphinx4-data-5prealpha.jar:/home/travis/build/icyphy/ptII/vendors/misc/sphinx4/sphinx4-core-5prealpha.jar:/home/travis/build/icyphy/ptII/lib/PDFRenderer.jar:/home/travis/build/icyphy/ptII/lib/svgSalamander.jar:/home/travis/build/icyphy/ptII/lib/rsyntaxtextarea-2.6.0-SNAPSHOT.jar:/home/travis/build/icyphy/ptII/lib/hazelcast-3.8.2.jar:/home/travis/build/icyphy/ptII/lib/jackson-annotations-2.9.0.jar:/home/travis/build/icyphy/ptII/lib/jackson-core-2.9.3.jar:/home/travis/build/icyphy/ptII/lib/jackson-databind-2.9.3.jar:/home/travis/build/icyphy/ptII/lib/netty-buffer-4.1.19.Final.jar:/home/travis/build/icyphy/ptII/lib/netty-codec-4.1.19.Final.jar:/home/travis/build/icyphy/ptII/lib/netty-codec-dns-4.1.19.Final.jar:/home/travis/build/icyphy/ptII/lib/netty-codec-http-4.1.19.Final.jar:/home/travis/build/icyphy/ptII/lib/netty-codec-http2-4.1.19.Final.jar:/home/travis/build/icyphy/ptII/lib/netty-common-4.1.19.Final.jar:/home/travis/build/icyphy/ptII/lib/netty-handler-4.1.19.Final.jar:/home/travis/build/icyphy/ptII/lib/netty-resolver-4.1.19.Final.jar:/home/travis/build/icyphy/ptII/lib/netty-resolver-dns-4.1.19.Final.jar:/home/travis/build/icyphy/ptII/lib/netty-transport-4.1.19.Final.jar:/home/travis/build/icyphy/ptII/lib/vertx-codegen-3.5.1.jar:/home/travis/build/icyphy/ptII/lib/vertx-core-3.5.2-SNAPSHOT.jar:/home/travis/build/icyphy/ptII/lib/vertx-hazelcast-3.5.1.jar:/home/travis/build/icyphy/ptII/lib/vertx-lang-js-3.5.1.jar:/home/travis/build/icyphy/ptII/lib/vertx-service-proxy-3.5.1.jar:/home/travis/build/icyphy/ptII/lib/vertx-web-3.5.1.jar:/home/travis/build/icyphy/ptII/lib/slf4j-api-1.7.13.jar:/home/travis/build/icyphy/ptII/lib/slf4j-simple-1.7.13.jar:/home/travis/build/icyphy/ptII/lib/webcam-capture-0.3.12.jar:/home/travis/build/icyphy/ptII/lib/bridj-0.7.0.jar:/home/travis/build/icyphy/ptII/lib/xbjlib-1.1.0.nrjavaserial.jar" />
    <property name="timeout" value="2400000" />
    <property name="test.batch" value="**/junit/*.java" />
    <property name="env._" value="/usr/bin/timeout" />
    <property name="java.io.tmpdir" value="/tmp" />
    <property name="user.language" value="en" />
    <property name="env.TRAVIS_INTERNAL_RUBY_REGEX" value="^ruby-(2\.[0-4]\.[0-9]|1\.9\.3)" />
    <property name="env.HISTCONTROL" value="ignoredups:ignorespace" />
    <property name="env.GOROOT" value="/home/travis/.gimme/versions/go1.11.1.linux.amd64" />
    <property name="line.separator" value="&#xa;" />
    <property name="target" value="11" />
    <property name="env.TRAVIS_BUILD_DIR" value="/home/travis/build/icyphy/ptII" />
    <property name="env.ANT_OPTS" value="-Xmx2048m" />
    <property name="ant.file.type" value="file" />
    <property name="ptolemy.ptII.batchMode" value="true" />
    <property name="env.HISTSIZE" value="1000" />
    <property name="env.MERB_ENV" value="test" />
    <property name="java.vm.info" value="mixed mode" />
    <property name="source" value="11" />
    <property name="java.vm.specification.name" value="Java Virtual Machine Specification" />
    <property name="env.TRAVIS_TEST_RESULT" value="0" />
    <property name="jsdoc.command" value="node_modules/@terraswarm/jsdoc/jsdoc.js" />
    <property name="npm.works" value="true" />
    <property name="cobertura.dir" value="/home/travis/build/icyphy/ptII/vendors/cobertura-2.0.3" />
    <property name="jsdoc.command.exists" value="true" />
    <property name="env.rvm_path" value="/home/travis/.rvm" />
    <property name="env.GEM_PATH" value="/home/travis/.rvm/gems/ruby-2.5.3:/home/travis/.rvm/gems/ruby-2.5.3@global" />
    <property name="env.LC_CTYPE" value="en_US.UTF-8" />
    <property name="env.TRAVIS_CMD" value="$PTII/bin/ptIITravisBuild.sh $SECONDS" />
    <property name="java.awt.printerjob" value="sun.print.PSPrinterJob" />
    <property name="env.TRAVIS_STACK_NAME" value="sardonyx" />
    <property name="env.TRAVIS_TIMER_START_TIME" value="1593009640999351101" />
    <property name="ant.version" value="Apache Ant(TM) version 1.10.1 compiled on February 2 2017" />
    <property name="ptII.reports" value="/home/travis/build/icyphy/ptII/reports" />
    <property name="env.TRAVIS_STACK_TIMESTAMP" value="2019-03-25 16:16:56 UTC" />
    <property name="ant.file.type.ptII" value="file" />
    <property name="env.RBENV_SHELL" value="bash" />
    <property name="os.name" value="Linux" />
    <property name="java.specification.vendor" value="Oracle Corporation" />
    <property name="env.rvm_version" value="1.29.7 (latest)" />
    <property name="env.TRAVIS_INFRA" value="unknown" />
    <property name="env.TERM" value="xterm" />
    <property name="java.vm.name" value="OpenJDK 64-Bit Server VM" />
    <property name="env.TRAVIS_BUILD_NUMBER" value="1672" />
    <property name="env.CI" value="true" />
    <property name="java.library.path" value="/home/travis/pthla/certi-tools/lib:/usr/lib/jni:/usr/local/share/OpenCV/java/:/usr/share/OpenCV/java::/usr/java/packages/lib:/usr/lib64:/lib64:/lib:/usr/lib" />
    <property name="jdk.module.path" value="/home/travis/build/icyphy/ptII/vendors/javafx/javafx-sdk-11.0.2/lib:" />
    <property name="env.rvm_prefix" value="/home/travis" />
    <property name="env.PATH" value="/home/travis/pthla/certi-tools/share/scripts:/home/travis/.rvm/gems/ruby-2.5.3/bin:/home/travis/.rvm/gems/ruby-2.5.3@global/bin:/home/travis/.rvm/rubies/ruby-2.5.3/bin:/home/travis/.rvm/bin:/home/travis/.nvm/versions/node/v7.10.1/bin:./node_modules/.bin:/home/travis/build/icyphy/ptII/bin:/home/travis/pthla/certi-tools/bin:/home/travis/bin:/home/travis/.local/bin:/usr/local/lib/jvm/openjdk11/bin:/opt/pyenv/shims:/home/travis/.phpenv/shims:/home/travis/perl5/perlbrew/bin:/home/travis/gopath/bin:/home/travis/.gimme/versions/go1.11.1.linux.amd64/bin:/usr/local/maven-3.6.0/bin:/usr/local/cmake-3.12.4/bin:/usr/local/clang-7.0.0/bin:/usr/local/sbin:/usr/local/bin:/usr/sbin:/usr/bin:/sbin:/bin:/snap/bin:/home/travis/.phpenv/bin:/opt/pyenv/bin:/home/travis/.yarn/bin" />
    <property name="env.TRAVIS_OS_NAME" value="linux" />
    <property name="ant.java.version" value="9" />
    <property name="basedir" value="/home/travis/build/icyphy/ptII" />
    <property name="java.class.version" value="55.0" />
    <property name="env.SHLVL" value="3" />
    <property name="env.LD_LIBRARY_PATH" value="/home/travis/pthla/certi-tools/lib:/usr/lib/jni:/usr/local/share/OpenCV/java/:/usr/share/OpenCV/java:" />
    <property name="env.RACK_ENV" value="test" />
    <property name="ant.home" value="/home/travis/build/icyphy/ptII/ant" />
    <property name="env.NVM_DIR" value="/home/travis/.nvm" />
    <property name="env.CERTI_FOM_PATH" value="/home/travis/pthla/certi-tools/share/federations" />
    <property name="env.TRAVIS_BUILD_ID" value="701673701" />
    <property name="env.PYENV_ROOT" value="/opt/pyenv" />
    <property name="env.TRAVIS_UID" value="2000" />
    <property name="prism.verbose" value="true" />
    <property name="env.NVM_BIN" value="/home/travis/.nvm/versions/node/v7.10.1/bin" />
    <property name="env.TRAVIS_COMMIT" value="52bfcaaec950ad6b43d11ffdb9cd3f924b0c1f76" />
    <property name="env._system_arch" value="x86_64" />
    <property name="node.executable" value="node" />
    <property name="sun.boot.library.path" value="/usr/local/lib/jvm/openjdk11/lib" />
    <property name="sun.management.compiler" value="HotSpot 64-Bit Tiered Compilers" />
    <property name="java.awt.graphicsenv" value="sun.awt.X11GraphicsEnvironment" />
    <property name="env.GOPATH" value="/home/travis/gopath" />
    <property name="ptolemy.ptII.dir" value="/home/travis/build/icyphy/ptII" />
    <property name="env.USER" value="travis" />
    <property name="env.HISTFILESIZE" value="2000" />
    <property name="env.NVM_INC" value="/home/travis/.nvm/versions/node/v7.10.1/include/node" />
    <property name="timeout.longest" value="19000000" />
    <property name="env.PERLBREW_SHELLRC_VERSION" value="0.86" />
    <property name="env.TRAVIS_STACK_FEATURES" value="basic couchdb disabled-ipv6 docker docker-compose elasticsearch firefox go-toolchain google-chrome jdk memcached mongodb mysql nodejs_interpreter perl_interpreter perlbrew phantomjs postgresql python_interpreter redis ruby_interpreter sqlite xserver" />
    <property name="env.TRAVIS_PULL_REQUEST" value="false" />
    <property name="env.PYENV_SHELL" value="bash" />
    <property name="ant.project.name" value="ptII" />
    <property name="env.ANSI_RESET" value="\033[0m" />
    <property name="java.vm.specification.version" value="11" />
    <property name="env.TRAVIS_DIST" value="xenial" />
    <property name="env.CERTI_VERSION" value="4.0.0" />
    <property name="env.CERTI_HOST" value="localhost" />
    <property name="awt.toolkit" value="sun.awt.X11.XToolkit" />
    <property name="env.MY_RUBY_HOME" value="/home/travis/.rvm/rubies/ruby-2.5.3" />
    <property name="sun.cpu.isalist" value="" />
    <property name="env.TRAVIS_TMPDIR" value="/tmp/tmp.isuNdT2DtJ" />
    <property name="java.vm.compressedOopsMode" value="Zero based" />
    <property name="os.version" value="4.15.0-1028-gcp" />
    <property name="user.home" value="/home/travis" />
    <property name="java.vm.vendor" value="Oracle Corporation" />
    <property name="env.TRAVIS_TAG" value="nightly" />
    <property name="env.ANSI_YELLOW" value="\033[33;1m" />
    <property name="env.TRAVIS_FILTERED" value="redirect_io" />
    <property name="env.ANSI_GREEN" value="\033[32;1m" />
    <property name="env.JAVA_HOME" value="/usr/local/lib/jvm/openjdk11" />
    <property name="javadoc.excludepackagenames" value="adm.cvs2svn.*,build.*,config.*,doc.coding.templates.*,jni.test.jni.meaningOfLife.*,jni.test.jni.testDeux.*,jni.test.jni.testTrois.*,org.terraswarm.accessor.accessors.web.node_modules.*,org.terraswarm.accessor.accessors.web.hosts.cordova.demo.*,org.terraswarm.accessor.accessors.web.hosts.cordova.plugins.*,org.terraswarm.accessor.accessors-svn.*,pt-modules.*,ptolemy.apps.agilent.*,ptolemy.apps.anytimecontrol.*,ptolemy.apps.apes.*,ptolemy.apps.charon.*,ptolemy.apps.crazyboard.*,ptolemy.apps.eclipse.*,ptolemy.apps.etherealSting.*,ptolemy.apps.fullscreen.*,ptolemy.apps.giotto.*,ptolemy.apps.ia.*,ptolemy.apps.interfaces.*,ptolemy.apps.jmf.*,ptolemy.apps.kurt.*,ptolemy.apps.kvm.*,ptolemy.apps.lego.*,ptolemy.apps.lejos.*,ptolemy.apps.midp.*,ptolemy.apps.mobileCoding.*,ptolemy.apps.pendulum.*,ptolemy.apps.rijndael.*,ptolemy.apps.robot.*,ptolemy.apps.security.*,ptolemy.apps.sobel.*,ptolemy.apps.soot.*,ptolemy.apps.throttle.*,ptolemy.apps.tini.*,ptolemy.apps.transmission.*,ptolemy.apps.vergil.*,ptolemy.apps.waba.*,ptolemy.apps.websensor.*,ptolemy.apps.webstart.*,ptolemy.apps.xsl.*,ptolemy.apps.zaurus.*,ptolemy.codegen.c.actor.lib.oldJavaFiles.*,ptolemy.codegen.dsp.lib.*,ptolemy.codegen.kernel.newInterfaces.*,ptolemy.codegen.lib.*,ptolemy.copernicus.kernel.fragment.*,ptolemy.copernicus.shallow.cg.*,ptolemy.domains.giotto.demo.Hierarchy.Hierarchy.*,ptolemy.domains.giotto.demo.Multimode.Multimode.*,ptolemy.domains.giotto.demo.Simple.Simple.*,ptolemy.domains.gr.lib.experimental.*,ptolemy.domains.gro.*,ptolemy.domains.pdf.*,ptolemy.domains.ptinyos.demo.Surge.output.*,ptolemy.moml.test.NoPackageActor.java*,ptolemy.plot.adm.*,ptolemy.plot.servlet.*,reports.*,signed.*,src.*,target.*,vendors.*,ptolemy.copernicus.applet.*,ptolemy.media.viewer.*,ptolemy.actor.corba.*,doc.doclets.*,ptolemy.apps.eclipse.awt.*,ptolemy.backtrack.*,ptolemy.backtrack.ast.*,ptolemy.cg.adapter.generic.program.procedural.c.mbed*,ptolemy.homer.*,ptolemy.actor.lib.jai.*,org.ptolemy.scala.*,diva.util.java2d.svg.*,ptolemy.domains.ptinyos.*,ptolemy.actor.lib.fmi.fmipp.*,,org.terraswarm.accessor.accessors.web.node_modules.*,org.terraswarm.accessor.accessors-svn,ptolemy.apps.*,ptolemy.actor.ptalon.demo.ptinyos.SendAndReceiveCnt.output,ptolemy.actor.ptalon.demo.ptinyos.SenseToLeds.output,ptolemy.domains.ptinyos.demo.CntToLedsAndRfm.output,ptolemy.domains.ptinyos.demo.RfmToLeds.output,ptolemy.domains.ptinyos.demo.SendAndReceiveCnt.output,ptolemy.domains.ptinyos.demo.SenseToLeds.output,ptolemy.actor.lib.jjs.modules.udpSocket.*" />
    <property name="env.PTII" value="/home/travis/build/icyphy/ptII" />
    <property name="env.XDG_SESSION_ID" value="2" />
    <property name="keystore" value="ptKeystore" />
    <property name="env.TRAVIS_COMMIT_MESSAGE" value="Updating models using array data type." />
    <property name="junit.output.dir" value="/home/travis/build/icyphy/ptII/reports/junit" />
    <property name="npm.return.code" value="0" />
    <property name="user.dir" value="/home/travis/build/icyphy/ptII/ptolemy/actor/lib/test" />
    <property name="env.TRAVIS_NODE_VERSION" value="7" />
    <property name="env.TRAVIS_EVENT_TYPE" value="cron" />
    <property name="env.MAIL" value="/var/mail/travis" />
    <property name="env.PERLBREW_ROOT" value="/home/travis/perl5/perlbrew" />
    <property name="env.PWD" value="/home/travis/build/icyphy/ptII" />
    <property name="timeout.npm" value="45000" />
    <property name="env.TRAVIS_ARCH" value="amd64" />
    <property name="sun.cpu.endian" value="little" />
    <property name="env.PAGER" value="cat" />
    <property name="env.TRAVIS_BUILD_STAGE_NAME" value="test" />
    <property name="env.PERLBREW_HOME" value="/home/travis/.perlbrew" />
    <property name="java.vm.version" value="11.0.2+9" />
    <property name="env.RAILS_ENV" value="test" />
    <property name="java.class.path" value="/home/travis/.ptolemyII:/home/travis/.ptolemyII/*:/home/travis/build/icyphy/ptII:/home/travis/build/icyphy/ptII/lib/bsh-2.0b4.jar:/home/travis/build/icyphy/ptII/lib/ptCal.jar:/home/travis/build/icyphy/ptII/lib/java_cup.jar:/home/travis/build/icyphy/ptII/lib/saxon8.jar:/home/travis/build/icyphy/ptII/lib/saxon8-dom.jar:/home/travis/build/icyphy/ptII/lib/chic.jar:/home/travis/build/icyphy/ptII/lib/ptcolt.jar:/home/travis/build/icyphy/ptII/vendors/misc/itext/iText.jar:/home/travis/build/icyphy/ptII/lib/g4ltl.jar:/home/travis/build/icyphy/ptII/lib/StructuralCoder.jar:/home/travis/build/icyphy/ptII/lib/jcerti.jar:/home/travis/build/icyphy/ptII/lib/javax.mail.jar:/home/travis/build/icyphy/ptII/vendors/JMF-2.1.1e/lib/jmf.jar:/home/travis/build/icyphy/ptII/lib/jna-4.0.0-variadic.jar:/home/travis/build/icyphy/ptII/vendors/misc/joystick/Joystick.jar:/home/travis/build/icyphy/ptII/lib/ptjacl.jar:/home/travis/build/icyphy/ptII/lib/jsoup-1.8.2.jar:/home/travis/build/icyphy/ptII/lib/junit-4.8.2.jar:/home/travis/build/icyphy/ptII/lib/JUnitParams-0.4.0.jar:/home/travis/build/icyphy/ptII/ptolemy/actor/lib/excel/jxl.jar:/home/travis/build/icyphy/ptII/lib/jython.jar:/home/travis/build/icyphy/ptII/lib/kieler.jar:/home/travis/build/icyphy/ptII/vendors/opencv/share/OpenCV/java/opencv-341.jar:/home/travis/build/icyphy/ptII/lib/oscP5.jar:/home/travis/build/icyphy/ptII/lib/nrjavaserial-3.11.0.devel.jar:/home/travis/build/icyphy/ptII/vendors/j3d/lib/Linux/j3dcore.jar:/home/travis/build/icyphy/ptII/vendors/j3d/lib/Linux/j3dutils.jar:/home/travis/build/icyphy/ptII/vendors/j3d/lib/Linux/vecmath.jar:/home/travis/build/icyphy/ptII/vendors/jogl/lib/Linux/gluegen-rt-natives-linux-amd64.jar:/home/travis/build/icyphy/ptII/vendors/jogl/lib/Linux/gluegen-rt.jar:/home/travis/build/icyphy/ptII/vendors/jogl/lib/Linux/jogl-all-natives-linux-amd64.jar:/home/travis/build/icyphy/ptII/vendors/jogl/lib/Linux/jogl-all.jar:/home/travis/build/icyphy/ptII/ptolemy/distributed/jini/jar/jini-core.jar:/home/travis/build/icyphy/ptII/ptolemy/distributed/jini/jar/jini-ext.jar:/home/travis/build/icyphy/ptII/ptolemy/distributed/jini/jar/sun-util.jar:/home/travis/build/icyphy/ptII/lib/protobuf-java-2.4.1.jar:/home/travis/build/icyphy/ptII/lib/org.eclipse.paho.client.mqttv3.jar:/home/travis/build/icyphy/ptII/lib/mapss.jar:/home/travis/build/icyphy/ptII/ptolemy/actor/ptalon/antlr/antlr.jar:/home/travis/build/icyphy/ptII/lib/JRI.jar:/home/travis/build/icyphy/ptII/lib/commons-lang-2.6.jar:/home/travis/build/icyphy/ptII/lib/commons-logging-1.1.1.jar:/home/travis/build/icyphy/ptII/lib/sootclasses.jar:/home/travis/build/icyphy/ptII/ptolemy/actor/lib/database/mysql-connector-java-5.1.6-bin.jar:/home/travis/build/icyphy/ptII/vendors/misc/sphinx4/sphinx4-data-5prealpha.jar:/home/travis/build/icyphy/ptII/vendors/misc/sphinx4/sphinx4-core-5prealpha.jar:/home/travis/build/icyphy/ptII/lib/PDFRenderer.jar:/home/travis/build/icyphy/ptII/lib/svgSalamander.jar:/home/travis/build/icyphy/ptII/lib/rsyntaxtextarea-2.6.0-SNAPSHOT.jar:/home/travis/build/icyphy/ptII/lib/hazelcast-3.8.2.jar:/home/travis/build/icyphy/ptII/lib/jackson-annotations-2.9.0.jar:/home/travis/build/icyphy/ptII/lib/jackson-core-2.9.3.jar:/home/travis/build/icyphy/ptII/lib/jackson-databind-2.9.3.jar:/home/travis/build/icyphy/ptII/lib/netty-buffer-4.1.19.Final.jar:/home/travis/build/icyphy/ptII/lib/netty-codec-4.1.19.Final.jar:/home/travis/build/icyphy/ptII/lib/netty-codec-dns-4.1.19.Final.jar:/home/travis/build/icyphy/ptII/lib/netty-codec-http-4.1.19.Final.jar:/home/travis/build/icyphy/ptII/lib/netty-codec-http2-4.1.19.Final.jar:/home/travis/build/icyphy/ptII/lib/netty-common-4.1.19.Final.jar:/home/travis/build/icyphy/ptII/lib/netty-handler-4.1.19.Final.jar:/home/travis/build/icyphy/ptII/lib/netty-resolver-4.1.19.Final.jar:/home/travis/build/icyphy/ptII/lib/netty-resolver-dns-4.1.19.Final.jar:/home/travis/build/icyphy/ptII/lib/netty-transport-4.1.19.Final.jar:/home/travis/build/icyphy/ptII/lib/vertx-codegen-3.5.1.jar:/home/travis/build/icyphy/ptII/lib/vertx-core-3.5.2-SNAPSHOT.jar:/home/travis/build/icyphy/ptII/lib/vertx-hazelcast-3.5.1.jar:/home/travis/build/icyphy/ptII/lib/vertx-lang-js-3.5.1.jar:/home/travis/build/icyphy/ptII/lib/vertx-service-proxy-3.5.1.jar:/home/travis/build/icyphy/ptII/lib/vertx-web-3.5.1.jar:/home/travis/build/icyphy/ptII/lib/slf4j-api-1.7.13.jar:/home/travis/build/icyphy/ptII/lib/slf4j-simple-1.7.13.jar:/home/travis/build/icyphy/ptII/lib/webcam-capture-0.3.12.jar:/home/travis/build/icyphy/ptII/lib/bridj-0.7.0.jar:/home/travis/build/icyphy/ptII/lib/xbjlib-1.1.0.nrjavaserial.jar:/home/travis/build/icyphy/ptII/ptolemy/moml/test:/home/travis/build/icyphy/ptII/ant/lib/ant-launcher.jar:/home/travis/build/icyphy/ptII/ant/lib/ant.jar:/home/travis/build/icyphy/ptII/ant/lib/ant-junit.jar:/home/travis/build/icyphy/ptII/ant/lib/ant-junit4.jar" />
    <property name="ant.library.dir" value="/home/travis/build/icyphy/ptII/ant/lib" />
    <property name="os.arch" value="amd64" />
    <property name="env.CONTINUOUS_INTEGRATION" value="true" />
    <property name="env.TRAVIS_LANGUAGE" value="node_js" />
    <property name="env.TRAVIS_STACK_LANGUAGES" value="__sardonyx__ c c++ clojure cplusplus cpp default generic go groovy java node_js php pure_java python ruby scala" />
    <property name="test.name" value="ptolemy.actor.lib.test.junit.JUnitTclTest" />
    <property name="env.APT_KEY_DONT_WARN_ON_DANGEROUS_USAGE" value="1" />
    <property name="sun.java.launcher" value="SUN_STANDARD" />
    <property name="env.PYTHON_CONFIGURE_OPTS" value="--enable-unicode=ucs4 --with-wide-unicode --enable-shared --enable-ipv6 --enable-loadable-sqlite-extensions --with-computed-gotos" />
    <property name="ant.core.lib" value="/home/travis/build/icyphy/ptII/ant/lib/ant.jar" />
    <property name="java.vm.specification.vendor" value="Oracle Corporation" />
    <property name="env.BCVTB_HOME" value="/home/travis/build/icyphy/ptII/lbnl" />
    <property name="file.separator" value="/" />
    <property name="spotbugs.home" value="/home/travis/build/icyphy/ptII/vendors/spotbugs-3.1.1" />
    <property name="java.runtime.version" value="11.0.2+9" />
    <property name="env.ANSI_CLEAR" value="\033[0K" />
    <property name="javafx.verbose" value="true" />
    <property name="env.HAS_JOSH_K_SEAL_OF_APPROVAL" value="true" />
    <property name="env.XDG_RUNTIME_DIR" value="/run/user/2000" />
    <property name="env.TRAVIS_OSX_IMAGE" value="" />
    <property name="env.TRAVIS_JOB_ID" value="701673713" />
    <property name="env.TRAVIS_BRANCH" value="master" />
    <property name="user.country" value="US" />
    <property name="env.CERTI_HOME_TRAVIS" value="/home/travis/pthla/certi-tools" />
    <property name="env.SHELL" value="/bin/bash" />
    <property name="java.maxmemory.large" value="3200m" />
    <property name="model" value="" />
    <property name="env.CASHER_DIR" value="/home/travis/.casher" />
    <property name="env.NVM_CD_FLAGS" value="" />
    <property name="java.vendor.version" value="18.9" />
    <property name="jshint.executable" value="/home/travis/node_modules/jshint/bin/jshint" />
    <property name="env.JRUBY_OPTS" value=" --client -J-XX:+TieredCompilation -J-XX:TieredStopAtLevel=1 -J-Xss2m -Xcompile.invokedynamic=false" />
    <property name="java.vendor" value="Oracle Corporation" />
    <property name="env.TRAVIS_PRE_CHEF_BOOTSTRAP_TIME" value="2019-03-25T16:16:42" />
    <property name="env.TRAVIS_STACK_JOB_BOARD_REGISTER" value="/.job-board-register.yml" />
    <property name="env.ANSI_RED" value="\033[31;1m" />
    <property name="java.specification.version" value="11" />
    <property name="env.IRBRC" value="/home/travis/.rvm/rubies/ruby-2.5.3/.irbrc" />
    <property name="env.TRAVIS" value="true" />
    <property name="sun.arch.data.model" value="64" />
  </properties>
  <testcase classname="ptolemy.util.test.junit.TclTests" name="[0] /home/travis/build/icyphy/ptII/ptolemy/actor/lib/test/AbsoluteValue.tcl (RunTclFile)" time="0.545" />
  <testcase classname="ptolemy.util.test.junit.TclTests" name="[1] /home/travis/build/icyphy/ptII/ptolemy/actor/lib/test/AddSubtract.tcl (RunTclFile)" time="0.188" />
  <testcase classname="ptolemy.util.test.junit.TclTests" name="[2] /home/travis/build/icyphy/ptII/ptolemy/actor/lib/test/Average.tcl (RunTclFile)" time="0.058" />
  <testcase classname="ptolemy.util.test.junit.TclTests" name="[3] /home/travis/build/icyphy/ptII/ptolemy/actor/lib/test/Bernoulli.tcl (RunTclFile)" time="0.036" />
  <testcase classname="ptolemy.util.test.junit.TclTests" name="[4] /home/travis/build/icyphy/ptII/ptolemy/actor/lib/test/Clock.tcl (RunTclFile)" time="0.085" />
  <testcase classname="ptolemy.util.test.junit.TclTests" name="[5] /home/travis/build/icyphy/ptII/ptolemy/actor/lib/test/Commutator.tcl (RunTclFile)" time="0.134" />
  <testcase classname="ptolemy.util.test.junit.TclTests" name="[6] /home/travis/build/icyphy/ptII/ptolemy/actor/lib/test/Const.tcl (RunTclFile)" time="0.088" />
  <testcase classname="ptolemy.util.test.junit.TclTests" name="[7] /home/travis/build/icyphy/ptII/ptolemy/actor/lib/test/CurrentTime.tcl (RunTclFile)" time="0.039" />
  <testcase classname="ptolemy.util.test.junit.TclTests" name="[8] /home/travis/build/icyphy/ptII/ptolemy/actor/lib/test/DB.tcl (RunTclFile)" time="0.041" />
  <testcase classname="ptolemy.util.test.junit.TclTests" name="[9] /home/travis/build/icyphy/ptII/ptolemy/actor/lib/test/DiscreteRandomSource.tcl (RunTclFile)" time="0.045" />
  <testcase classname="ptolemy.util.test.junit.TclTests" name="[10] /home/travis/build/icyphy/ptII/ptolemy/actor/lib/test/Distributor.tcl (RunTclFile)" time="0.065" />
  <testcase classname="ptolemy.util.test.junit.TclTests" name="[11] /home/travis/build/icyphy/ptII/ptolemy/actor/lib/test/Exit.tcl (RunTclFile)" time="0.06" />
  <testcase classname="ptolemy.util.test.junit.TclTests" name="[12] /home/travis/build/icyphy/ptII/ptolemy/actor/lib/test/Expression.tcl (RunTclFile)" time="0.058" />
  <testcase classname="ptolemy.util.test.junit.TclTests" name="[13] /home/travis/build/icyphy/ptII/ptolemy/actor/lib/test/Gaussian.tcl (RunTclFile)" time="0.49" />
  <testcase classname="ptolemy.util.test.junit.TclTests" name="[14] /home/travis/build/icyphy/ptII/ptolemy/actor/lib/test/IIR.tcl (RunTclFile)" time="0.038" />
  <testcase classname="ptolemy.util.test.junit.TclTests" name="[15] /home/travis/build/icyphy/ptII/ptolemy/actor/lib/test/Interpolator.tcl (RunTclFile)" time="0.088" />
  <testcase classname="ptolemy.util.test.junit.TclTests" name="[16] /home/travis/build/icyphy/ptII/ptolemy/actor/lib/test/MathFunction.tcl (RunTclFile)" time="0.059" />
  <testcase classname="ptolemy.util.test.junit.TclTests" name="[17] /home/travis/build/icyphy/ptII/ptolemy/actor/lib/test/Maximum.tcl (RunTclFile)" time="0.038" />
  <testcase classname="ptolemy.util.test.junit.TclTests" name="[18] /home/travis/build/icyphy/ptII/ptolemy/actor/lib/test/Minimum.tcl (RunTclFile)" time="0.025" />
  <testcase classname="ptolemy.util.test.junit.TclTests" name="[19] /home/travis/build/icyphy/ptII/ptolemy/actor/lib/test/MultiplyDivide.tcl (RunTclFile)" time="0.037" />
  <testcase classname="ptolemy.util.test.junit.TclTests" name="[20] /home/travis/build/icyphy/ptII/ptolemy/actor/lib/test/OrderedMerge.tcl (RunTclFile)" time="0.089" />
  <testcase classname="ptolemy.util.test.junit.TclTests" name="[21] /home/travis/build/icyphy/ptII/ptolemy/actor/lib/test/Publisher.tcl (RunTclFile)" time="0.759" />
  <testcase classname="ptolemy.util.test.junit.TclTests" name="[22] /home/travis/build/icyphy/ptII/ptolemy/actor/lib/test/Pulse.tcl (RunTclFile)" time="0.043" />
  <testcase classname="ptolemy.util.test.junit.TclTests" name="[23] /home/travis/build/icyphy/ptII/ptolemy/actor/lib/test/Ramp.tcl (RunTclFile)" time="1.815" />
  <testcase classname="ptolemy.util.test.junit.TclTests" name="[24] /home/travis/build/icyphy/ptII/ptolemy/actor/lib/test/RampContinuous.tcl (RunTclFile)" time="0.017" />
  <testcase classname="ptolemy.util.test.junit.TclTests" name="[25] /home/travis/build/icyphy/ptII/ptolemy/actor/lib/test/RecordAssembler.tcl (RunTclFile)" time="0.016" />
  <testcase classname="ptolemy.util.test.junit.TclTests" name="[26] /home/travis/build/icyphy/ptII/ptolemy/actor/lib/test/RecordDisassembler.tcl (RunTclFile)" time="0.031" />
  <testcase classname="ptolemy.util.test.junit.TclTests" name="[27] /home/travis/build/icyphy/ptII/ptolemy/actor/lib/test/Scale.tcl (RunTclFile)" time="0.024" />
  <testcase classname="ptolemy.util.test.junit.TclTests" name="[28] /home/travis/build/icyphy/ptII/ptolemy/actor/lib/test/SequentialClock.tcl (RunTclFile)" time="0.023" />
  <testcase classname="ptolemy.util.test.junit.TclTests" name="[29] /home/travis/build/icyphy/ptII/ptolemy/actor/lib/test/SetVariable.tcl (RunTclFile)" time="0.023" />
  <testcase classname="ptolemy.util.test.junit.TclTests" name="[30] /home/travis/build/icyphy/ptII/ptolemy/actor/lib/test/Sinewave.tcl (RunTclFile)" time="0.059" />
  <testcase classname="ptolemy.util.test.junit.TclTests" name="[31] /home/travis/build/icyphy/ptII/ptolemy/actor/lib/test/SubscriptionAggregator.tcl (RunTclFile)" time="2.022" />
  <testcase classname="ptolemy.util.test.junit.TclTests" name="[32] /home/travis/build/icyphy/ptII/ptolemy/actor/lib/test/Test.tcl (RunTclFile)" time="0.116" />
  <testcase classname="ptolemy.util.test.junit.TclTests" name="[33] /home/travis/build/icyphy/ptII/ptolemy/actor/lib/test/TestExceptionHandler.tcl (RunTclFile)" time="0.014" />
  <testcase classname="ptolemy.util.test.junit.TclTests" name="[34] /home/travis/build/icyphy/ptII/ptolemy/actor/lib/test/UnionDisassembler.tcl (RunTclFile)" time="0.073" />
  <testcase classname="ptolemy.util.test.junit.TclTests" name="[35] /home/travis/build/icyphy/ptII/ptolemy/actor/lib/test/VariableClock.tcl (RunTclFile)" time="0.026" />
  <testcase classname="ptolemy.util.test.junit.AutoKnownFailedTests" name="[0] /home/travis/build/icyphy/ptII/ptolemy/actor/lib/test/auto/knownFailedTests/PublisherPortToplevelSubscriber.xml (RunModel)" time="0.026" />
  <testcase classname="ptolemy.util.test.junit.AutoKnownFailedTests" name="[1] /home/travis/build/icyphy/ptII/ptolemy/actor/lib/test/auto/knownFailedTests/PublisherSubscriberPortToplevel.xml (RunModel)" time="0.016" />
  <testcase classname="ptolemy.util.test.junit.AutoKnownFailedTests" name="[2] /home/travis/build/icyphy/ptII/ptolemy/actor/lib/test/auto/knownFailedTests/PublisherSubscriptionAggregatorPort.xml (RunModel)" time="0.016" />
  <testcase classname="ptolemy.util.test.junit.AutoKnownFailedTests" name="[3] /home/travis/build/icyphy/ptII/ptolemy/actor/lib/test/auto/knownFailedTests/sizedarray3.xml (RunModel)" time="0.029" />
  <testcase classname="ptolemy.util.test.junit.AutoNameArchTests" name="[0] ThereAreNoAutoArchTests (RunModel)" time="0.001" />
  <testcase classname="ptolemy.util.test.junit.AutoTests" name="[0] /home/travis/build/icyphy/ptII/ptolemy/actor/lib/test/auto/AbsoluteValue.xml (RunModel)" time="0.151" />
  <testcase classname="ptolemy.util.test.junit.AutoTests" name="[1] /home/travis/build/icyphy/ptII/ptolemy/actor/lib/test/auto/AbsoluteValue2.xml (RunModel)" time="0.066" />
  <testcase classname="ptolemy.util.test.junit.AutoTests" name="[2] /home/travis/build/icyphy/ptII/ptolemy/actor/lib/test/auto/Accumulator.xml (RunModel)" time="0.073" />
  <testcase classname="ptolemy.util.test.junit.AutoTests" name="[3] /home/travis/build/icyphy/ptII/ptolemy/actor/lib/test/auto/Accumulator2.xml (RunModel)" time="0.035" />
  <testcase classname="ptolemy.util.test.junit.AutoTests" name="[4] /home/travis/build/icyphy/ptII/ptolemy/actor/lib/test/auto/Accumulator3.xml (RunModel)" time="0.014" />
  <testcase classname="ptolemy.util.test.junit.AutoTests" name="[5] /home/travis/build/icyphy/ptII/ptolemy/actor/lib/test/auto/ArrayAppend.xml (RunModel)" time="0.041" />
  <testcase classname="ptolemy.util.test.junit.AutoTests" name="[6] /home/travis/build/icyphy/ptII/ptolemy/actor/lib/test/auto/ArrayAppend2.xml (RunModel)" time="0.259" />
  <testcase classname="ptolemy.util.test.junit.AutoTests" name="[7] /home/travis/build/icyphy/ptII/ptolemy/actor/lib/test/auto/ArrayAppend3.xml (RunModel)" time="0.018" />
  <testcase classname="ptolemy.util.test.junit.AutoTests" name="[8] /home/travis/build/icyphy/ptII/ptolemy/actor/lib/test/auto/ArrayAppend4.xml (RunModel)" time="0.016" />
  <testcase classname="ptolemy.util.test.junit.AutoTests" name="[9] /home/travis/build/icyphy/ptII/ptolemy/actor/lib/test/auto/ArrayAppend5.xml (RunModel)" time="0.014" />
  <testcase classname="ptolemy.util.test.junit.AutoTests" name="[10] /home/travis/build/icyphy/ptII/ptolemy/actor/lib/test/auto/ArrayAppend6.xml (RunModel)" time="0.017" />
  <testcase classname="ptolemy.util.test.junit.AutoTests" name="[11] /home/travis/build/icyphy/ptII/ptolemy/actor/lib/test/auto/ArrayAppendPerformanceTest.xml (RunModel)" time="0.058" />
  <testcase classname="ptolemy.util.test.junit.AutoTests" name="[12] /home/travis/build/icyphy/ptII/ptolemy/actor/lib/test/auto/ArrayAppendWithEmptyInput.xml (RunModel)" time="0.095" />
  <testcase classname="ptolemy.util.test.junit.AutoTests" name="[13] /home/travis/build/icyphy/ptII/ptolemy/actor/lib/test/auto/ArrayAverage.xml (RunModel)" time="0.041" />
  <testcase classname="ptolemy.util.test.junit.AutoTests" name="[14] /home/travis/build/icyphy/ptII/ptolemy/actor/lib/test/auto/ArrayContains.xml (RunModel)" time="0.036" />
  <testcase classname="ptolemy.util.test.junit.AutoTests" name="[15] /home/travis/build/icyphy/ptII/ptolemy/actor/lib/test/auto/ArrayElement.xml (RunModel)" time="0.014" />
  <testcase classname="ptolemy.util.test.junit.AutoTests" name="[16] /home/travis/build/icyphy/ptII/ptolemy/actor/lib/test/auto/ArrayElementAsMatrix.xml (RunModel)" time="0.033" />
  <testcase classname="ptolemy.util.test.junit.AutoTests" name="[17] /home/travis/build/icyphy/ptII/ptolemy/actor/lib/test/auto/ArrayElementI.xml (RunModel)" time="0.014" />
  <testcase classname="ptolemy.util.test.junit.AutoTests" name="[18] /home/travis/build/icyphy/ptII/ptolemy/actor/lib/test/auto/ArrayExtract.xml (RunModel)" time="0.028" />
  <testcase classname="ptolemy.util.test.junit.AutoTests" name="[19] /home/travis/build/icyphy/ptII/ptolemy/actor/lib/test/auto/ArrayExtract2.xml (RunModel)" time="0.019" />
  <testcase classname="ptolemy.util.test.junit.AutoTests" name="[20] /home/travis/build/icyphy/ptII/ptolemy/actor/lib/test/auto/ArrayLength.xml (RunModel)" time="0.023" />
  <testcase classname="ptolemy.util.test.junit.AutoTests" name="[21] /home/travis/build/icyphy/ptII/ptolemy/actor/lib/test/auto/ArrayLevelCrossing.xml (RunModel)" time="0.029" />
  <testcase classname="ptolemy.util.test.junit.AutoTests" name="[22] /home/travis/build/icyphy/ptII/ptolemy/actor/lib/test/auto/ArrayLevelCrossing2.xml (RunModel)" time="0.023" />
  <testcase classname="ptolemy.util.test.junit.AutoTests" name="[23] /home/travis/build/icyphy/ptII/ptolemy/actor/lib/test/auto/ArrayPeakSearch.xml (RunModel)" time="0.043" />
  <testcase classname="ptolemy.util.test.junit.AutoTests" name="[24] /home/travis/build/icyphy/ptII/ptolemy/actor/lib/test/auto/ArrayPeakSearch2.xml (RunModel)" time="0.052" />
  <testcase classname="ptolemy.util.test.junit.AutoTests" name="[25] /home/travis/build/icyphy/ptII/ptolemy/actor/lib/test/auto/ArrayPeakSearch3.xml (RunModel)" time="0.045" />
  <testcase classname="ptolemy.util.test.junit.AutoTests" name="[26] /home/travis/build/icyphy/ptII/ptolemy/actor/lib/test/auto/ArrayRemoveElement.xml (RunModel)" time="0.026" />
  <testcase classname="ptolemy.util.test.junit.AutoTests" name="[27] /home/travis/build/icyphy/ptII/ptolemy/actor/lib/test/auto/ArraySort.xml (RunModel)" time="0.031" />
  <testcase classname="ptolemy.util.test.junit.AutoTests" name="[28] /home/travis/build/icyphy/ptII/ptolemy/actor/lib/test/auto/ArraySum.xml (RunModel)" time="0.022" />
  <testcase classname="ptolemy.util.test.junit.AutoTests" name="[29] /home/travis/build/icyphy/ptII/ptolemy/actor/lib/test/auto/ArrayToElements.xml (RunModel)" time="0.027" />
  <testcase classname="ptolemy.util.test.junit.AutoTests" name="[30] /home/travis/build/icyphy/ptII/ptolemy/actor/lib/test/auto/ArrayToMatrix.xml (RunModel)" time="0.05" />
  <testcase classname="ptolemy.util.test.junit.AutoTests" name="[31] /home/travis/build/icyphy/ptII/ptolemy/actor/lib/test/auto/ArrayUpdate1.xml (RunModel)" time="0.018" />
  <testcase classname="ptolemy.util.test.junit.AutoTests" name="[32] /home/travis/build/icyphy/ptII/ptolemy/actor/lib/test/auto/ArrayUpdate2.xml (RunModel)" time="0.017" />
  <testcase classname="ptolemy.util.test.junit.AutoTests" name="[33] /home/travis/build/icyphy/ptII/ptolemy/actor/lib/test/auto/ArrayUpdate3.xml (RunModel)" time="0.013" />
  <testcase classname="ptolemy.util.test.junit.AutoTests" name="[34] /home/travis/build/icyphy/ptII/ptolemy/actor/lib/test/auto/Assert1.xml (RunModel)" time="0.022" />
  <testcase classname="ptolemy.util.test.junit.AutoTests" name="[35] /home/travis/build/icyphy/ptII/ptolemy/actor/lib/test/auto/Assert2.xml (RunModel)" time="0.01" />
  <testcase classname="ptolemy.util.test.junit.AutoTests" name="[36] /home/travis/build/icyphy/ptII/ptolemy/actor/lib/test/auto/BooleanMultiplexor.xml (RunModel)" time="0.015" />
  <testcase classname="ptolemy.util.test.junit.AutoTests" name="[37] /home/travis/build/icyphy/ptII/ptolemy/actor/lib/test/auto/BooleanMultiplexor2.xml (RunModel)" time="0.026" />
  <testcase classname="ptolemy.util.test.junit.AutoTests" name="[38] /home/travis/build/icyphy/ptII/ptolemy/actor/lib/test/auto/BooleanMultiplexor3.xml (RunModel)" time="0.016" />
  <testcase classname="ptolemy.util.test.junit.AutoTests" name="[39] /home/travis/build/icyphy/ptII/ptolemy/actor/lib/test/auto/BooleanSelect.xml (RunModel)" time="0.02" />
  <testcase classname="ptolemy.util.test.junit.AutoTests" name="[40] /home/travis/build/icyphy/ptII/ptolemy/actor/lib/test/auto/BooleanSelect2.xml (RunModel)" time="0.011" />
  <testcase classname="ptolemy.util.test.junit.AutoTests" name="[41] /home/travis/build/icyphy/ptII/ptolemy/actor/lib/test/auto/BooleanSwitch.xml (RunModel)" time="0.016" />
  <testcase classname="ptolemy.util.test.junit.AutoTests" name="[42] /home/travis/build/icyphy/ptII/ptolemy/actor/lib/test/auto/BooleanSwitch2.xml (RunModel)" time="0.009" />
  <testcase classname="ptolemy.util.test.junit.AutoTests" name="[43] /home/travis/build/icyphy/ptII/ptolemy/actor/lib/test/auto/BooleanSwitchCloningBugWithClassRelationGroup.xml (RunModel)" time="0.022" />
  <testcase classname="ptolemy.util.test.junit.AutoTests" name="[44] /home/travis/build/icyphy/ptII/ptolemy/actor/lib/test/auto/BusActors.xml (RunModel)" time="0.041" />
  <testcase classname="ptolemy.util.test.junit.AutoTests" name="[45] /home/travis/build/icyphy/ptII/ptolemy/actor/lib/test/auto/ClassWrapper.xml (RunModel)" time="0.017" />
  <testcase classname="ptolemy.util.test.junit.AutoTests" name="[46] /home/travis/build/icyphy/ptII/ptolemy/actor/lib/test/auto/Clock.xml (RunModel)" time="0.007" />
  <testcase classname="ptolemy.util.test.junit.AutoTests" name="[47] /home/travis/build/icyphy/ptII/ptolemy/actor/lib/test/auto/Clock10.xml (RunModel)" time="0.015" />
  <testcase classname="ptolemy.util.test.junit.AutoTests" name="[48] /home/travis/build/icyphy/ptII/ptolemy/actor/lib/test/auto/Clock11.xml (RunModel)" time="0.014" />
  <testcase classname="ptolemy.util.test.junit.AutoTests" name="[49] /home/travis/build/icyphy/ptII/ptolemy/actor/lib/test/auto/Clock12.xml (RunModel)" time="0.015" />
  <testcase classname="ptolemy.util.test.junit.AutoTests" name="[50] /home/travis/build/icyphy/ptII/ptolemy/actor/lib/test/auto/Clock13.xml (RunModel)" time="0.014" />
  <testcase classname="ptolemy.util.test.junit.AutoTests" name="[51] /home/travis/build/icyphy/ptII/ptolemy/actor/lib/test/auto/Clock14.xml (RunModel)" time="0.015" />
  <testcase classname="ptolemy.util.test.junit.AutoTests" name="[52] /home/travis/build/icyphy/ptII/ptolemy/actor/lib/test/auto/Clock15.xml (RunModel)" time="0.011" />
  <testcase classname="ptolemy.util.test.junit.AutoTests" name="[53] /home/travis/build/icyphy/ptII/ptolemy/actor/lib/test/auto/Clock16.xml (RunModel)" time="0.094" />
  <testcase classname="ptolemy.util.test.junit.AutoTests" name="[54] /home/travis/build/icyphy/ptII/ptolemy/actor/lib/test/auto/Clock17.xml (RunModel)" time="0.066" />
  <testcase classname="ptolemy.util.test.junit.AutoTests" name="[55] /home/travis/build/icyphy/ptII/ptolemy/actor/lib/test/auto/Clock18.xml (RunModel)" time="0.046" />
  <testcase classname="ptolemy.util.test.junit.AutoTests" name="[56] /home/travis/build/icyphy/ptII/ptolemy/actor/lib/test/auto/Clock19.xml (RunModel)" time="0.032" />
  <testcase classname="ptolemy.util.test.junit.AutoTests" name="[57] /home/travis/build/icyphy/ptII/ptolemy/actor/lib/test/auto/Clock2.xml (RunModel)" time="0.012" />
  <testcase classname="ptolemy.util.test.junit.AutoTests" name="[58] /home/travis/build/icyphy/ptII/ptolemy/actor/lib/test/auto/Clock20.xml (RunModel)" time="0.017" />
  <testcase classname="ptolemy.util.test.junit.AutoTests" name="[59] /home/travis/build/icyphy/ptII/ptolemy/actor/lib/test/auto/Clock21.xml (RunModel)" time="0.014" />
  <testcase classname="ptolemy.util.test.junit.AutoTests" name="[60] /home/travis/build/icyphy/ptII/ptolemy/actor/lib/test/auto/Clock22.xml (RunModel)" time="0.012" />
  <testcase classname="ptolemy.util.test.junit.AutoTests" name="[61] /home/travis/build/icyphy/ptII/ptolemy/actor/lib/test/auto/Clock23.xml (RunModel)" time="0.017" />
  <testcase classname="ptolemy.util.test.junit.AutoTests" name="[62] /home/travis/build/icyphy/ptII/ptolemy/actor/lib/test/auto/Clock24.xml (RunModel)" time="0.012" />
  <testcase classname="ptolemy.util.test.junit.AutoTests" name="[63] /home/travis/build/icyphy/ptII/ptolemy/actor/lib/test/auto/Clock4.xml (RunModel)" time="0.013" />
  <testcase classname="ptolemy.util.test.junit.AutoTests" name="[64] /home/travis/build/icyphy/ptII/ptolemy/actor/lib/test/auto/Clock5.xml (RunModel)" time="0.013" />
  <testcase classname="ptolemy.util.test.junit.AutoTests" name="[65] /home/travis/build/icyphy/ptII/ptolemy/actor/lib/test/auto/Clock6.xml (RunModel)" time="0.008" />
  <testcase classname="ptolemy.util.test.junit.AutoTests" name="[66] /home/travis/build/icyphy/ptII/ptolemy/actor/lib/test/auto/Clock7.xml (RunModel)" time="0.009" />
  <testcase classname="ptolemy.util.test.junit.AutoTests" name="[67] /home/travis/build/icyphy/ptII/ptolemy/actor/lib/test/auto/Clock8.xml (RunModel)" time="0.01" />
  <testcase classname="ptolemy.util.test.junit.AutoTests" name="[68] /home/travis/build/icyphy/ptII/ptolemy/actor/lib/test/auto/Clock9.xml (RunModel)" time="0.01" />
  <testcase classname="ptolemy.util.test.junit.AutoTests" name="[69] /home/travis/build/icyphy/ptII/ptolemy/actor/lib/test/auto/CommDistDiscard.xml (RunModel)" time="0.024" />
  <testcase classname="ptolemy.util.test.junit.AutoTests" name="[70] /home/travis/build/icyphy/ptII/ptolemy/actor/lib/test/auto/Commutator.xml (RunModel)" time="0.013" />
  <testcase classname="ptolemy.util.test.junit.AutoTests" name="[71] /home/travis/build/icyphy/ptII/ptolemy/actor/lib/test/auto/Commutator2.xml (RunModel)" time="0.009" />
  <testcase classname="ptolemy.util.test.junit.AutoTests" name="[72] /home/travis/build/icyphy/ptII/ptolemy/actor/lib/test/auto/Commutator3.xml (RunModel)" time="0.009" />
  <testcase classname="ptolemy.util.test.junit.AutoTests" name="[73] /home/travis/build/icyphy/ptII/ptolemy/actor/lib/test/auto/Compare.xml (RunModel)" time="0.016" />
  <testcase classname="ptolemy.util.test.junit.AutoTests" name="[74] /home/travis/build/icyphy/ptII/ptolemy/actor/lib/test/auto/CompareDE.xml (RunModel)" time="0.017" />
  <testcase classname="ptolemy.util.test.junit.AutoTests" name="[75] /home/travis/build/icyphy/ptII/ptolemy/actor/lib/test/auto/ComplexDivide.xml (RunModel)" time="0.007" />
  <testcase classname="ptolemy.util.test.junit.AutoTests" name="[76] /home/travis/build/icyphy/ptII/ptolemy/actor/lib/test/auto/ComputeHistogram.xml (RunModel)" time="0.061" />
  <testcase classname="ptolemy.util.test.junit.AutoTests" name="[77] /home/travis/build/icyphy/ptII/ptolemy/actor/lib/test/auto/ConfigurationSelect.xml (RunModel)" time="0.018" />
  <testcase classname="ptolemy.util.test.junit.AutoTests" name="[78] /home/travis/build/icyphy/ptII/ptolemy/actor/lib/test/auto/ConfigurationSelect2.xml (RunModel)" time="0.013" />
  <testcase classname="ptolemy.util.test.junit.AutoTests" name="[79] /home/travis/build/icyphy/ptII/ptolemy/actor/lib/test/auto/ConfigurationSwitch.xml (RunModel)" time="0.025" />
  <testcase classname="ptolemy.util.test.junit.AutoTests" name="[80] /home/travis/build/icyphy/ptII/ptolemy/actor/lib/test/auto/ConfigurationSwitch2.xml (RunModel)" time="0.024" />
  <testcase classname="ptolemy.util.test.junit.AutoTests" name="[81] /home/travis/build/icyphy/ptII/ptolemy/actor/lib/test/auto/ConfigurationSwitchCloningBugWithClassRelationGroup.xml (RunModel)" time="0.017" />
  <testcase classname="ptolemy.util.test.junit.AutoTests" name="[82] /home/travis/build/icyphy/ptII/ptolemy/actor/lib/test/auto/ConfigurationSwitchSelectSDF.xml (RunModel)" time="0.012" />
  <testcase classname="ptolemy.util.test.junit.AutoTests" name="[83] /home/travis/build/icyphy/ptII/ptolemy/actor/lib/test/auto/ConfigurationSwitchSelectSDF2.xml (RunModel)" time="0.015" />
  <testcase classname="ptolemy.util.test.junit.AutoTests" name="[84] /home/travis/build/icyphy/ptII/ptolemy/actor/lib/test/auto/Const.xml (RunModel)" time="0.006" />
  <testcase classname="ptolemy.util.test.junit.AutoTests" name="[85] /home/travis/build/icyphy/ptII/ptolemy/actor/lib/test/auto/Const2.xml (RunModel)" time="0.007" />
  <testcase classname="ptolemy.util.test.junit.AutoTests" name="[86] /home/travis/build/icyphy/ptII/ptolemy/actor/lib/test/auto/Const3.xml (RunModel)" time="0.006" />
  <testcase classname="ptolemy.util.test.junit.AutoTests" name="[87] /home/travis/build/icyphy/ptII/ptolemy/actor/lib/test/auto/ConstantPublisherPort1.xml (RunModel)" time="0.015" />
  <testcase classname="ptolemy.util.test.junit.AutoTests" name="[88] /home/travis/build/icyphy/ptII/ptolemy/actor/lib/test/auto/ConstantPublisherPort2.xml (RunModel)" time="0.02" />
  <testcase classname="ptolemy.util.test.junit.AutoTests" name="[89] /home/travis/build/icyphy/ptII/ptolemy/actor/lib/test/auto/ConstantPublisherPort3.xml (RunModel)" time="0.026" />
  <testcase classname="ptolemy.util.test.junit.AutoTests" name="[90] /home/travis/build/icyphy/ptII/ptolemy/actor/lib/test/auto/ConstantPublisherPort4.xml (RunModel)" time="0.018" />
  <testcase classname="ptolemy.util.test.junit.AutoTests" name="[91] /home/travis/build/icyphy/ptII/ptolemy/actor/lib/test/auto/ConstantPublisherPort5.xml (RunModel)" time="0.028" />
  <testcase classname="ptolemy.util.test.junit.AutoTests" name="[92] /home/travis/build/icyphy/ptII/ptolemy/actor/lib/test/auto/ConstantPublisherPort6.xml (RunModel)" time="0.03" />
  <testcase classname="ptolemy.util.test.junit.AutoTests" name="[93] /home/travis/build/icyphy/ptII/ptolemy/actor/lib/test/auto/ConstantPublisherPort7.xml (RunModel)" time="0.028" />
  <testcase classname="ptolemy.util.test.junit.AutoTests" name="[94] /home/travis/build/icyphy/ptII/ptolemy/actor/lib/test/auto/ConstraintMonitor1.xml (RunModel)" time="0.028" />
  <testcase classname="ptolemy.util.test.junit.AutoTests" name="[95] /home/travis/build/icyphy/ptII/ptolemy/actor/lib/test/auto/ConstraintMonitor2.xml (RunModel)" time="0.014" />
  <testcase classname="ptolemy.util.test.junit.AutoTests" name="[96] /home/travis/build/icyphy/ptII/ptolemy/actor/lib/test/auto/ConstraintMonitor3.xml (RunModel)" time="0.014" />
  <testcase classname="ptolemy.util.test.junit.AutoTests" name="[97] /home/travis/build/icyphy/ptII/ptolemy/actor/lib/test/auto/ConstraintMonitor4.xml (RunModel)" time="0.01" />
  <testcase classname="ptolemy.util.test.junit.AutoTests" name="[98] /home/travis/build/icyphy/ptII/ptolemy/actor/lib/test/auto/ConstraintMonitor5.xml (RunModel)" time="0.012" />
  <testcase classname="ptolemy.util.test.junit.AutoTests" name="[99] /home/travis/build/icyphy/ptII/ptolemy/actor/lib/test/auto/ConstraintMonitor6.xml (RunModel)" time="0.009" />
  <testcase classname="ptolemy.util.test.junit.AutoTests" name="[100] /home/travis/build/icyphy/ptII/ptolemy/actor/lib/test/auto/ConstraintMonitor7.xml (RunModel)" time="0.014" />
  <testcase classname="ptolemy.util.test.junit.AutoTests" name="[101] /home/travis/build/icyphy/ptII/ptolemy/actor/lib/test/auto/ConstraintMonitor8.xml (RunModel)" time="0.012" />
  <testcase classname="ptolemy.util.test.junit.AutoTests" name="[102] /home/travis/build/icyphy/ptII/ptolemy/actor/lib/test/auto/Counter.xml (RunModel)" time="0.01" />
  <testcase classname="ptolemy.util.test.junit.AutoTests" name="[103] /home/travis/build/icyphy/ptII/ptolemy/actor/lib/test/auto/CurrentTimeSDF.xml (RunModel)" time="0.013" />
  <testcase classname="ptolemy.util.test.junit.AutoTests" name="[104] /home/travis/build/icyphy/ptII/ptolemy/actor/lib/test/auto/DB.xml (RunModel)" time="0.014" />
  <testcase classname="ptolemy.util.test.junit.AutoTests" name="[105] /home/travis/build/icyphy/ptII/ptolemy/actor/lib/test/auto/DBDE.xml (RunModel)" time="0.024" />
  <testcase classname="ptolemy.util.test.junit.AutoTests" name="[106] /home/travis/build/icyphy/ptII/ptolemy/actor/lib/test/auto/DateConstructor.xml (RunModel)" time="0.061" />
  <testcase classname="ptolemy.util.test.junit.AutoTests" name="[107] /home/travis/build/icyphy/ptII/ptolemy/actor/lib/test/auto/DelayTime.xml (RunModel)" time="0.018" />
  <testcase classname="ptolemy.util.test.junit.AutoTests" name="[108] /home/travis/build/icyphy/ptII/ptolemy/actor/lib/test/auto/Dictionary1.xml (RunModel)" time="0.016" />
  <testcase classname="ptolemy.util.test.junit.AutoTests" name="[109] /home/travis/build/icyphy/ptII/ptolemy/actor/lib/test/auto/Dictionary2.xml (RunModel)" time="0.016" />
  <testcase classname="ptolemy.util.test.junit.AutoTests" name="[110] /home/travis/build/icyphy/ptII/ptolemy/actor/lib/test/auto/Dictionary3.xml (RunModel)" time="0.01" />
  <testcase classname="ptolemy.util.test.junit.AutoTests" name="[111] /home/travis/build/icyphy/ptII/ptolemy/actor/lib/test/auto/Dictionary4.xml (RunModel)" time="0.017" />
  <testcase classname="ptolemy.util.test.junit.AutoTests" name="[112] /home/travis/build/icyphy/ptII/ptolemy/actor/lib/test/auto/Differential.xml (RunModel)" time="0.009" />
  <testcase classname="ptolemy.util.test.junit.AutoTests" name="[113] /home/travis/build/icyphy/ptII/ptolemy/actor/lib/test/auto/Director.xml (RunModel)" time="0.01" />
  <testcase classname="ptolemy.util.test.junit.AutoTests" name="[114] /home/travis/build/icyphy/ptII/ptolemy/actor/lib/test/auto/DiscreteClock.xml (RunModel)" time="0.006" />
  <testcase classname="ptolemy.util.test.junit.AutoTests" name="[115] /home/travis/build/icyphy/ptII/ptolemy/actor/lib/test/auto/DiscreteClock10.xml (RunModel)" time="0.012" />
  <testcase classname="ptolemy.util.test.junit.AutoTests" name="[116] /home/travis/build/icyphy/ptII/ptolemy/actor/lib/test/auto/DiscreteClock11.xml (RunModel)" time="0.017" />
  <testcase classname="ptolemy.util.test.junit.AutoTests" name="[117] /home/travis/build/icyphy/ptII/ptolemy/actor/lib/test/auto/DiscreteClock12.xml (RunModel)" time="0.012" />
  <testcase classname="ptolemy.util.test.junit.AutoTests" name="[118] /home/travis/build/icyphy/ptII/ptolemy/actor/lib/test/auto/DiscreteClock13.xml (RunModel)" time="0.012" />
  <testcase classname="ptolemy.util.test.junit.AutoTests" name="[119] /home/travis/build/icyphy/ptII/ptolemy/actor/lib/test/auto/DiscreteClock14.xml (RunModel)" time="0.012" />
  <testcase classname="ptolemy.util.test.junit.AutoTests" name="[120] /home/travis/build/icyphy/ptII/ptolemy/actor/lib/test/auto/DiscreteClock15.xml (RunModel)" time="0.013" />
  <testcase classname="ptolemy.util.test.junit.AutoTests" name="[121] /home/travis/build/icyphy/ptII/ptolemy/actor/lib/test/auto/DiscreteClock16.xml (RunModel)" time="0.05" />
  <testcase classname="ptolemy.util.test.junit.AutoTests" name="[122] /home/travis/build/icyphy/ptII/ptolemy/actor/lib/test/auto/DiscreteClock17.xml (RunModel)" time="0.034" />
  <testcase classname="ptolemy.util.test.junit.AutoTests" name="[123] /home/travis/build/icyphy/ptII/ptolemy/actor/lib/test/auto/DiscreteClock18.xml (RunModel)" time="0.041" />
  <testcase classname="ptolemy.util.test.junit.AutoTests" name="[124] /home/travis/build/icyphy/ptII/ptolemy/actor/lib/test/auto/DiscreteClock19.xml (RunModel)" time="0.041" />
  <testcase classname="ptolemy.util.test.junit.AutoTests" name="[125] /home/travis/build/icyphy/ptII/ptolemy/actor/lib/test/auto/DiscreteClock2.xml (RunModel)" time="0.007" />
  <testcase classname="ptolemy.util.test.junit.AutoTests" name="[126] /home/travis/build/icyphy/ptII/ptolemy/actor/lib/test/auto/DiscreteClock20.xml (RunModel)" time="0.017" />
  <testcase classname="ptolemy.util.test.junit.AutoTests" name="[127] /home/travis/build/icyphy/ptII/ptolemy/actor/lib/test/auto/DiscreteClock21.xml (RunModel)" time="0.017" />
  <testcase classname="ptolemy.util.test.junit.AutoTests" name="[128] /home/travis/build/icyphy/ptII/ptolemy/actor/lib/test/auto/DiscreteClock22.xml (RunModel)" time="0.01" />
  <testcase classname="ptolemy.util.test.junit.AutoTests" name="[129] /home/travis/build/icyphy/ptII/ptolemy/actor/lib/test/auto/DiscreteClock23.xml (RunModel)" time="0.017" />
  <testcase classname="ptolemy.util.test.junit.AutoTests" name="[130] /home/travis/build/icyphy/ptII/ptolemy/actor/lib/test/auto/DiscreteClock24.xml (RunModel)" time="0.013" />
  <testcase classname="ptolemy.util.test.junit.AutoTests" name="[131] /home/travis/build/icyphy/ptII/ptolemy/actor/lib/test/auto/DiscreteClock4.xml (RunModel)" time="0.01" />
  <testcase classname="ptolemy.util.test.junit.AutoTests" name="[132] /home/travis/build/icyphy/ptII/ptolemy/actor/lib/test/auto/DiscreteClock5.xml (RunModel)" time="0.009" />
  <testcase classname="ptolemy.util.test.junit.AutoTests" name="[133] /home/travis/build/icyphy/ptII/ptolemy/actor/lib/test/auto/DiscreteClock6.xml (RunModel)" time="0.008" />
  <testcase classname="ptolemy.util.test.junit.AutoTests" name="[134] /home/travis/build/icyphy/ptII/ptolemy/actor/lib/test/auto/DiscreteClock7.xml (RunModel)" time="0.008" />
  <testcase classname="ptolemy.util.test.junit.AutoTests" name="[135] /home/travis/build/icyphy/ptII/ptolemy/actor/lib/test/auto/DiscreteClock8.xml (RunModel)" time="0.022" />
  <testcase classname="ptolemy.util.test.junit.AutoTests" name="[136] /home/travis/build/icyphy/ptII/ptolemy/actor/lib/test/auto/DiscreteClock9.xml (RunModel)" time="0.011" />
  <testcase classname="ptolemy.util.test.junit.AutoTests" name="[137] /home/travis/build/icyphy/ptII/ptolemy/actor/lib/test/auto/DisplayArray.xml (RunModel)" time="0.006" />
  <testcase classname="ptolemy.util.test.junit.AutoTests" name="[138] /home/travis/build/icyphy/ptII/ptolemy/actor/lib/test/auto/Distributor.xml (RunModel)" time="0.007" />
  <testcase classname="ptolemy.util.test.junit.AutoTests" name="[139] /home/travis/build/icyphy/ptII/ptolemy/actor/lib/test/auto/Distributor2.xml (RunModel)" time="0.007" />
  <testcase classname="ptolemy.util.test.junit.AutoTests" name="[140] /home/travis/build/icyphy/ptII/ptolemy/actor/lib/test/auto/DownSample.xml (RunModel)" time="0.014" />
  <testcase classname="ptolemy.util.test.junit.AutoTests" name="[141] /home/travis/build/icyphy/ptII/ptolemy/actor/lib/test/auto/ElectronicUnitBase1.xml (RunModel)" time="0.066" />
  <testcase classname="ptolemy.util.test.junit.AutoTests" name="[142] /home/travis/build/icyphy/ptII/ptolemy/actor/lib/test/auto/ElementsToArray.xml (RunModel)" time="0.012" />
  <testcase classname="ptolemy.util.test.junit.AutoTests" name="[143] /home/travis/build/icyphy/ptII/ptolemy/actor/lib/test/auto/Equals.xml (RunModel)" time="0.014" />
  <testcase classname="ptolemy.util.test.junit.AutoTests" name="[144] /home/travis/build/icyphy/ptII/ptolemy/actor/lib/test/auto/Exec.xml (RunModel)" time="0.022" />
  <testcase classname="ptolemy.util.test.junit.AutoTests" name="[145] /home/travis/build/icyphy/ptII/ptolemy/actor/lib/test/auto/ExecEnvironment.xml (RunModel)" time="0.028" />
  <testcase classname="ptolemy.util.test.junit.AutoTests" name="[146] /home/travis/build/icyphy/ptII/ptolemy/actor/lib/test/auto/ExecNonZeroReturnOutput.xml (RunModel)" time="0.171" />
  <testcase classname="ptolemy.util.test.junit.AutoTests" name="[147] /home/travis/build/icyphy/ptII/ptolemy/actor/lib/test/auto/ExecRunDemos.xml (RunModel)" time="9.81" />
  <testcase classname="ptolemy.util.test.junit.AutoTests" name="[148] /home/travis/build/icyphy/ptII/ptolemy/actor/lib/test/auto/ExecStop.xml (RunModel)" time="5.041" />
  <testcase classname="ptolemy.util.test.junit.AutoTests" name="[149] /home/travis/build/icyphy/ptII/ptolemy/actor/lib/test/auto/ExecutionTimeSDF.xml (RunModel)" time="6.027" />
  <testcase classname="ptolemy.util.test.junit.AutoTests" name="[150] /home/travis/build/icyphy/ptII/ptolemy/actor/lib/test/auto/Expression1.xml (RunModel)" time="0.015" />
  <testcase classname="ptolemy.util.test.junit.AutoTests" name="[151] /home/travis/build/icyphy/ptII/ptolemy/actor/lib/test/auto/Expression10.xml (RunModel)" time="0.013" />
  <testcase classname="ptolemy.util.test.junit.AutoTests" name="[152] /home/travis/build/icyphy/ptII/ptolemy/actor/lib/test/auto/Expression11.xml (RunModel)" time="0.012" />
  <testcase classname="ptolemy.util.test.junit.AutoTests" name="[153] /home/travis/build/icyphy/ptII/ptolemy/actor/lib/test/auto/Expression12.xml (RunModel)" time="0.012" />
  <testcase classname="ptolemy.util.test.junit.AutoTests" name="[154] /home/travis/build/icyphy/ptII/ptolemy/actor/lib/test/auto/Expression13.xml (RunModel)" time="0.01" />
  <testcase classname="ptolemy.util.test.junit.AutoTests" name="[155] /home/travis/build/icyphy/ptII/ptolemy/actor/lib/test/auto/Expression14.xml (RunModel)" time="0.02" />
  <testcase classname="ptolemy.util.test.junit.AutoTests" name="[156] /home/travis/build/icyphy/ptII/ptolemy/actor/lib/test/auto/Expression15.xml (RunModel)" time="0.007" />
  <testcase classname="ptolemy.util.test.junit.AutoTests" name="[157] /home/travis/build/icyphy/ptII/ptolemy/actor/lib/test/auto/Expression16.xml (RunModel)" time="0.012" />
  <testcase classname="ptolemy.util.test.junit.AutoTests" name="[158] /home/travis/build/icyphy/ptII/ptolemy/actor/lib/test/auto/Expression17.xml (RunModel)" time="0.009" />
  <testcase classname="ptolemy.util.test.junit.AutoTests" name="[159] /home/travis/build/icyphy/ptII/ptolemy/actor/lib/test/auto/Expression18.xml (RunModel)" time="0.011" />
  <testcase classname="ptolemy.util.test.junit.AutoTests" name="[160] /home/travis/build/icyphy/ptII/ptolemy/actor/lib/test/auto/Expression2.xml (RunModel)" time="0.011" />
  <testcase classname="ptolemy.util.test.junit.AutoTests" name="[161] /home/travis/build/icyphy/ptII/ptolemy/actor/lib/test/auto/Expression3.xml (RunModel)" time="0.012" />
  <testcase classname="ptolemy.util.test.junit.AutoTests" name="[162] /home/travis/build/icyphy/ptII/ptolemy/actor/lib/test/auto/Expression4.xml (RunModel)" time="0.016" />
  <testcase classname="ptolemy.util.test.junit.AutoTests" name="[163] /home/travis/build/icyphy/ptII/ptolemy/actor/lib/test/auto/Expression5.xml (RunModel)" time="0.009" />
  <testcase classname="ptolemy.util.test.junit.AutoTests" name="[164] /home/travis/build/icyphy/ptII/ptolemy/actor/lib/test/auto/Expression6.xml (RunModel)" time="0.008" />
  <testcase classname="ptolemy.util.test.junit.AutoTests" name="[165] /home/travis/build/icyphy/ptII/ptolemy/actor/lib/test/auto/Expression7.xml (RunModel)" time="0.01" />
  <testcase classname="ptolemy.util.test.junit.AutoTests" name="[166] /home/travis/build/icyphy/ptII/ptolemy/actor/lib/test/auto/Expression8.xml (RunModel)" time="0.013" />
  <testcase classname="ptolemy.util.test.junit.AutoTests" name="[167] /home/travis/build/icyphy/ptII/ptolemy/actor/lib/test/auto/Expression9.xml (RunModel)" time="0.006" />
  <testcase classname="ptolemy.util.test.junit.AutoTests" name="[168] /home/travis/build/icyphy/ptII/ptolemy/actor/lib/test/auto/ExpressionConcatenateArrayType.xml (RunModel)" time="0.03" />
  <testcase classname="ptolemy.util.test.junit.AutoTests" name="[169] /home/travis/build/icyphy/ptII/ptolemy/actor/lib/test/auto/ExpressionConcatenateArrayType2.xml (RunModel)" time="0.018" />
  <testcase classname="ptolemy.util.test.junit.AutoTests" name="[170] /home/travis/build/icyphy/ptII/ptolemy/actor/lib/test/auto/ExpressionFix.xml (RunModel)" time="0.037" />
  <testcase classname="ptolemy.util.test.junit.AutoTests" name="[171] /home/travis/build/icyphy/ptII/ptolemy/actor/lib/test/auto/ExpressionFix2.xml (RunModel)" time="0.016" />
  <testcase classname="ptolemy.util.test.junit.AutoTests" name="[172] /home/travis/build/icyphy/ptII/ptolemy/actor/lib/test/auto/ExpressionFix3.xml (RunModel)" time="0.01" />
  <testcase classname="ptolemy.util.test.junit.AutoTests" name="[173] /home/travis/build/icyphy/ptII/ptolemy/actor/lib/test/auto/FileWriter1.xml (RunModel)" time="0.007" />
  <testcase classname="ptolemy.util.test.junit.AutoTests" name="[174] /home/travis/build/icyphy/ptII/ptolemy/actor/lib/test/auto/FileWriter2.xml (RunModel)" time="0.009" />
  <testcase classname="ptolemy.util.test.junit.AutoTests" name="[175] /home/travis/build/icyphy/ptII/ptolemy/actor/lib/test/auto/FileWriter3.xml (RunModel)" time="0.021" />
  <testcase classname="ptolemy.util.test.junit.AutoTests" name="[176] /home/travis/build/icyphy/ptII/ptolemy/actor/lib/test/auto/Gaussian.xml (RunModel)" time="0.009" />
  <testcase classname="ptolemy.util.test.junit.AutoTests" name="[177] /home/travis/build/icyphy/ptII/ptolemy/actor/lib/test/auto/Gaussian1.xml (RunModel)" time="0.012" />
  <testcase classname="ptolemy.util.test.junit.AutoTests" name="[178] /home/travis/build/icyphy/ptII/ptolemy/actor/lib/test/auto/Gaussian2.xml (RunModel)" time="0.022" />
  <testcase classname="ptolemy.util.test.junit.AutoTests" name="[179] /home/travis/build/icyphy/ptII/ptolemy/actor/lib/test/auto/GradientAdaptiveLattice.xml (RunModel)" time="0.014" />
  <testcase classname="ptolemy.util.test.junit.AutoTests" name="[180] /home/travis/build/icyphy/ptII/ptolemy/actor/lib/test/auto/IIR.xml (RunModel)" time="0.009" />
  <testcase classname="ptolemy.util.test.junit.AutoTests" name="[181] /home/travis/build/icyphy/ptII/ptolemy/actor/lib/test/auto/InputOutputTransparentPorts.xml (RunModel)" time="0.014" />
  <testcase classname="ptolemy.util.test.junit.AutoTests" name="[182] /home/travis/build/icyphy/ptII/ptolemy/actor/lib/test/auto/Interpolator.xml (RunModel)" time="0.01" />
  <testcase classname="ptolemy.util.test.junit.AutoTests" name="[183] /home/travis/build/icyphy/ptII/ptolemy/actor/lib/test/auto/InterpolatorFiringLimitDE.xml (RunModel)" time="0.011" />
  <testcase classname="ptolemy.util.test.junit.AutoTests" name="[184] /home/travis/build/icyphy/ptII/ptolemy/actor/lib/test/auto/Lattice.xml (RunModel)" time="0.007" />
  <testcase classname="ptolemy.util.test.junit.AutoTests" name="[185] /home/travis/build/icyphy/ptII/ptolemy/actor/lib/test/auto/LazyAOCTestLazy.xml (RunModel)" time="0.016" />
  <testcase classname="ptolemy.util.test.junit.AutoTests" name="[186] /home/travis/build/icyphy/ptII/ptolemy/actor/lib/test/auto/LazyAOCTestNonLazy.xml (RunModel)" time="0.039" />
  <testcase classname="ptolemy.util.test.junit.AutoTests" name="[187] /home/travis/build/icyphy/ptII/ptolemy/actor/lib/test/auto/LazyInnerClass.xml (RunModel)" time="0.038" />
  <testcase classname="ptolemy.util.test.junit.AutoTests" name="[188] /home/travis/build/icyphy/ptII/ptolemy/actor/lib/test/auto/LazyPubSub.xml (RunModel)" time="0.043" />
  <testcase classname="ptolemy.util.test.junit.AutoTests" name="[189] /home/travis/build/icyphy/ptII/ptolemy/actor/lib/test/auto/LazyPubSub2.xml (RunModel)" time="0.044" />
  <testcase classname="ptolemy.util.test.junit.AutoTests" name="[190] /home/travis/build/icyphy/ptII/ptolemy/actor/lib/test/auto/LazyPubSub3.xml (RunModel)" time="0.03" />
  <testcase classname="ptolemy.util.test.junit.AutoTests" name="[191] /home/travis/build/icyphy/ptII/ptolemy/actor/lib/test/auto/LazySubClassModel.xml (RunModel)" time="0.017" />
  <testcase classname="ptolemy.util.test.junit.AutoTests" name="[192] /home/travis/build/icyphy/ptII/ptolemy/actor/lib/test/auto/LevelCrossTest1.xml (RunModel)" time="0.009" />
  <testcase classname="ptolemy.util.test.junit.AutoTests" name="[193] /home/travis/build/icyphy/ptII/ptolemy/actor/lib/test/auto/LevelCrossTest10.xml (RunModel)" time="0.012" />
  <testcase classname="ptolemy.util.test.junit.AutoTests" name="[194] /home/travis/build/icyphy/ptII/ptolemy/actor/lib/test/auto/LevelCrossTest11.xml (RunModel)" time="0.014" />
  <testcase classname="ptolemy.util.test.junit.AutoTests" name="[195] /home/travis/build/icyphy/ptII/ptolemy/actor/lib/test/auto/LevelCrossTest12.xml (RunModel)" time="0.014" />
  <testcase classname="ptolemy.util.test.junit.AutoTests" name="[196] /home/travis/build/icyphy/ptII/ptolemy/actor/lib/test/auto/LevelCrossTest13.xml (RunModel)" time="0.012" />
  <testcase classname="ptolemy.util.test.junit.AutoTests" name="[197] /home/travis/build/icyphy/ptII/ptolemy/actor/lib/test/auto/LevelCrossTest2.xml (RunModel)" time="0.009" />
  <testcase classname="ptolemy.util.test.junit.AutoTests" name="[198] /home/travis/build/icyphy/ptII/ptolemy/actor/lib/test/auto/LevelCrossTest3.xml (RunModel)" time="0.01" />
  <testcase classname="ptolemy.util.test.junit.AutoTests" name="[199] /home/travis/build/icyphy/ptII/ptolemy/actor/lib/test/auto/LevelCrossTest4.xml (RunModel)" time="0.009" />
  <testcase classname="ptolemy.util.test.junit.AutoTests" name="[200] /home/travis/build/icyphy/ptII/ptolemy/actor/lib/test/auto/LevelCrossTest5.xml (RunModel)" time="0.013" />
  <testcase classname="ptolemy.util.test.junit.AutoTests" name="[201] /home/travis/build/icyphy/ptII/ptolemy/actor/lib/test/auto/LevelCrossTest6.xml (RunModel)" time="0.02" />
  <testcase classname="ptolemy.util.test.junit.AutoTests" name="[202] /home/travis/build/icyphy/ptII/ptolemy/actor/lib/test/auto/LevelCrossTest7.xml (RunModel)" time="0.013" />
  <testcase classname="ptolemy.util.test.junit.AutoTests" name="[203] /home/travis/build/icyphy/ptII/ptolemy/actor/lib/test/auto/LevelCrossTest8.xml (RunModel)" time="0.012" />
  <testcase classname="ptolemy.util.test.junit.AutoTests" name="[204] /home/travis/build/icyphy/ptII/ptolemy/actor/lib/test/auto/LevelCrossTest9.xml (RunModel)" time="0.013" />
  <testcase classname="ptolemy.util.test.junit.AutoTests" name="[205] /home/travis/build/icyphy/ptII/ptolemy/actor/lib/test/auto/LevinsonDurbin.xml (RunModel)" time="0.011" />
  <testcase classname="ptolemy.util.test.junit.AutoTests" name="[206] /home/travis/build/icyphy/ptII/ptolemy/actor/lib/test/auto/LevinsonDurbin2.xml (RunModel)" time="0.008" />
  <testcase classname="ptolemy.util.test.junit.AutoTests" name="[207] /home/travis/build/icyphy/ptII/ptolemy/actor/lib/test/auto/LevinsonDurbin3.xml (RunModel)" time="0.007" />
  <testcase classname="ptolemy.util.test.junit.AutoTests" name="[208] /home/travis/build/icyphy/ptII/ptolemy/actor/lib/test/auto/Limiter.xml (RunModel)" time="0.045" />
  <testcase classname="ptolemy.util.test.junit.AutoTests" name="[209] /home/travis/build/icyphy/ptII/ptolemy/actor/lib/test/auto/LinearDifferenceEquationSystem.xml (RunModel)" time="0.027" />
  <testcase classname="ptolemy.util.test.junit.AutoTests" name="[210] /home/travis/build/icyphy/ptII/ptolemy/actor/lib/test/auto/LookupTable.xml (RunModel)" time="0.01" />
  <testcase classname="ptolemy.util.test.junit.AutoTests" name="[211] /home/travis/build/icyphy/ptII/ptolemy/actor/lib/test/auto/MathFunction.xml (RunModel)" time="0.015" />
  <testcase classname="ptolemy.util.test.junit.AutoTests" name="[212] /home/travis/build/icyphy/ptII/ptolemy/actor/lib/test/auto/MathFunction2.xml (RunModel)" time="0.008" />
  <testcase classname="ptolemy.util.test.junit.AutoTests" name="[213] /home/travis/build/icyphy/ptII/ptolemy/actor/lib/test/auto/MathFunction3.xml (RunModel)" time="0.014" />
  <testcase classname="ptolemy.util.test.junit.AutoTests" name="[214] /home/travis/build/icyphy/ptII/ptolemy/actor/lib/test/auto/MatrixCropBoolean.xml (RunModel)" time="0.016" />
  <testcase classname="ptolemy.util.test.junit.AutoTests" name="[215] /home/travis/build/icyphy/ptII/ptolemy/actor/lib/test/auto/MatrixCropComplex.xml (RunModel)" time="0.012" />
  <testcase classname="ptolemy.util.test.junit.AutoTests" name="[216] /home/travis/build/icyphy/ptII/ptolemy/actor/lib/test/auto/MatrixCropDouble.xml (RunModel)" time="0.008" />
  <testcase classname="ptolemy.util.test.junit.AutoTests" name="[217] /home/travis/build/icyphy/ptII/ptolemy/actor/lib/test/auto/MatrixCropFix.xml (RunModel)" time="0.012" />
  <testcase classname="ptolemy.util.test.junit.AutoTests" name="[218] /home/travis/build/icyphy/ptII/ptolemy/actor/lib/test/auto/MatrixCropInt.xml (RunModel)" time="0.008" />
  <testcase classname="ptolemy.util.test.junit.AutoTests" name="[219] /home/travis/build/icyphy/ptII/ptolemy/actor/lib/test/auto/MatrixCropLong.xml (RunModel)" time="0.007" />
  <testcase classname="ptolemy.util.test.junit.AutoTests" name="[220] /home/travis/build/icyphy/ptII/ptolemy/actor/lib/test/auto/MatrixToArray.xml (RunModel)" time="0.049" />
  <testcase classname="ptolemy.util.test.junit.AutoTests" name="[221] /home/travis/build/icyphy/ptII/ptolemy/actor/lib/test/auto/MaxIndex.xml (RunModel)" time="0.016" />
  <testcase classname="ptolemy.util.test.junit.AutoTests" name="[222] /home/travis/build/icyphy/ptII/ptolemy/actor/lib/test/auto/Maximum.xml (RunModel)" time="0.015" />
  <testcase classname="ptolemy.util.test.junit.AutoTests" name="[223] /home/travis/build/icyphy/ptII/ptolemy/actor/lib/test/auto/MaximumComplex.xml (RunModel)" time="0.013" />
  <testcase classname="ptolemy.util.test.junit.AutoTests" name="[224] /home/travis/build/icyphy/ptII/ptolemy/actor/lib/test/auto/MethodCallTest.xml (RunModel)" time="0.021" />
  <testcase classname="ptolemy.util.test.junit.AutoTests" name="[225] /home/travis/build/icyphy/ptII/ptolemy/actor/lib/test/auto/Minimum.xml (RunModel)" time="0.013" />
  <testcase classname="ptolemy.util.test.junit.AutoTests" name="[226] /home/travis/build/icyphy/ptII/ptolemy/actor/lib/test/auto/MinimumComplex.xml (RunModel)" time="0.023" />
  <testcase classname="ptolemy.util.test.junit.AutoTests" name="[227] /home/travis/build/icyphy/ptII/ptolemy/actor/lib/test/auto/MinimumMultiports.xml (RunModel)" time="0.019" />
  <testcase classname="ptolemy.util.test.junit.AutoTests" name="[228] /home/travis/build/icyphy/ptII/ptolemy/actor/lib/test/auto/ModifyDate.xml (RunModel)" time="0.038" />
  <testcase classname="ptolemy.util.test.junit.AutoTests" name="[229] /home/travis/build/icyphy/ptII/ptolemy/actor/lib/test/auto/ModifyDate2.xml (RunModel)" time="0.021" />
  <testcase classname="ptolemy.util.test.junit.AutoTests" name="[230] /home/travis/build/icyphy/ptII/ptolemy/actor/lib/test/auto/MovingAverage.xml (RunModel)" time="0.01" />
  <testcase classname="ptolemy.util.test.junit.AutoTests" name="[231] /home/travis/build/icyphy/ptII/ptolemy/actor/lib/test/auto/MovingMaximum.xml (RunModel)" time="0.009" />
  <testcase classname="ptolemy.util.test.junit.AutoTests" name="[232] /home/travis/build/icyphy/ptII/ptolemy/actor/lib/test/auto/MultipleLinksToSameRelation.xml (RunModel)" time="0.006" />
  <testcase classname="ptolemy.util.test.junit.AutoTests" name="[233] /home/travis/build/icyphy/ptII/ptolemy/actor/lib/test/auto/MultipleLinksToSameRelationDE.xml (RunModel)" time="0.014" />
  <testcase classname="ptolemy.util.test.junit.AutoTests" name="[234] /home/travis/build/icyphy/ptII/ptolemy/actor/lib/test/auto/Multiplexor.xml (RunModel)" time="0.012" />
  <testcase classname="ptolemy.util.test.junit.AutoTests" name="[235] /home/travis/build/icyphy/ptII/ptolemy/actor/lib/test/auto/Multiplexor1.xml (RunModel)" time="0.009" />
  <testcase classname="ptolemy.util.test.junit.AutoTests" name="[236] /home/travis/build/icyphy/ptII/ptolemy/actor/lib/test/auto/Multiplexor2.xml (RunModel)" time="0.013" />
  <testcase classname="ptolemy.util.test.junit.AutoTests" name="[237] /home/travis/build/icyphy/ptII/ptolemy/actor/lib/test/auto/Multiplexor3.xml (RunModel)" time="0.007" />
  <testcase classname="ptolemy.util.test.junit.AutoTests" name="[238] /home/travis/build/icyphy/ptII/ptolemy/actor/lib/test/auto/MultiplexorDE.xml (RunModel)" time="0.015" />
  <testcase classname="ptolemy.util.test.junit.AutoTests" name="[239] /home/travis/build/icyphy/ptII/ptolemy/actor/lib/test/auto/MultiportBroadcastTest.xml (RunModel)" time="0.094" />
  <testcase classname="ptolemy.util.test.junit.AutoTests" name="[240] /home/travis/build/icyphy/ptII/ptolemy/actor/lib/test/auto/MultiportOutHangDuringGetWidth.xml (RunModel)" time="0.043" />
  <testcase classname="ptolemy.util.test.junit.AutoTests" name="[241] /home/travis/build/icyphy/ptII/ptolemy/actor/lib/test/auto/NilToken.xml (RunModel)" time="0.01" />
  <testcase classname="ptolemy.util.test.junit.AutoTests" name="[242] /home/travis/build/icyphy/ptII/ptolemy/actor/lib/test/auto/NilTokenNonStrictTest.xml (RunModel)" time="0.01" />
  <testcase classname="ptolemy.util.test.junit.AutoTests" name="[243] /home/travis/build/icyphy/ptII/ptolemy/actor/lib/test/auto/NilTokenRecord.xml (RunModel)" time="0.021" />
  <testcase classname="ptolemy.util.test.junit.AutoTests" name="[244] /home/travis/build/icyphy/ptII/ptolemy/actor/lib/test/auto/NilTokenTypeTest.xml (RunModel)" time="0.031" />
  <testcase classname="ptolemy.util.test.junit.AutoTests" name="[245] /home/travis/build/icyphy/ptII/ptolemy/actor/lib/test/auto/ObjectToken1.xml (RunModel)" time="0.008" />
  <testcase classname="ptolemy.util.test.junit.AutoTests" name="[246] /home/travis/build/icyphy/ptII/ptolemy/actor/lib/test/auto/OrderedMerge.xml (RunModel)" time="0.018" />
  <testcase classname="ptolemy.util.test.junit.AutoTests" name="[247] /home/travis/build/icyphy/ptII/ptolemy/actor/lib/test/auto/OrderedRecordDisassembler.xml (RunModel)" time="0.017" />
  <testcase classname="ptolemy.util.test.junit.AutoTests" name="[248] /home/travis/build/icyphy/ptII/ptolemy/actor/lib/test/auto/OrderedRecordDisassembler2.xml (RunModel)" time="0.018" />
  <testcase classname="ptolemy.util.test.junit.AutoTests" name="[249] /home/travis/build/icyphy/ptII/ptolemy/actor/lib/test/auto/OrderedRecordUpdater.xml (RunModel)" time="0.01" />
  <testcase classname="ptolemy.util.test.junit.AutoTests" name="[250] /home/travis/build/icyphy/ptII/ptolemy/actor/lib/test/auto/OrderedRecordUpdater2.xml (RunModel)" time="0.017" />
  <testcase classname="ptolemy.util.test.junit.AutoTests" name="[251] /home/travis/build/icyphy/ptII/ptolemy/actor/lib/test/auto/PhaseUnwrap.xml (RunModel)" time="0.012" />
  <testcase classname="ptolemy.util.test.junit.AutoTests" name="[252] /home/travis/build/icyphy/ptII/ptolemy/actor/lib/test/auto/PoissonClock.xml (RunModel)" time="0.01" />
  <testcase classname="ptolemy.util.test.junit.AutoTests" name="[253] /home/travis/build/icyphy/ptII/ptolemy/actor/lib/test/auto/PoissonClock2.xml (RunModel)" time="0.007" />
  <testcase classname="ptolemy.util.test.junit.AutoTests" name="[254] /home/travis/build/icyphy/ptII/ptolemy/actor/lib/test/auto/PoissonClock3.xml (RunModel)" time="0.023" />
  <testcase classname="ptolemy.util.test.junit.AutoTests" name="[255] /home/travis/build/icyphy/ptII/ptolemy/actor/lib/test/auto/PubSubWithInitialTokens.xml (RunModel)" time="0.019" />
  <testcase classname="ptolemy.util.test.junit.AutoTests" name="[256] /home/travis/build/icyphy/ptII/ptolemy/actor/lib/test/auto/PubSubWithInitialTokens2.xml (RunModel)" time="0.011" />
  <testcase classname="ptolemy.util.test.junit.AutoTests" name="[257] /home/travis/build/icyphy/ptII/ptolemy/actor/lib/test/auto/PublisherClassNoParameter.xml (RunModel)" time="0.026" />
  <testcase classname="ptolemy.util.test.junit.AutoTests" name="[258] /home/travis/build/icyphy/ptII/ptolemy/actor/lib/test/auto/PublisherClassParameter.xml (RunModel)" time="0.023" />
  <testcase classname="ptolemy.util.test.junit.AutoTests" name="[259] /home/travis/build/icyphy/ptII/ptolemy/actor/lib/test/auto/PublisherNonStrictTest.xml (RunModel)" time="0.015" />
  <testcase classname="ptolemy.util.test.junit.AutoTests" name="[260] /home/travis/build/icyphy/ptII/ptolemy/actor/lib/test/auto/PublisherPort1.xml (RunModel)" time="0.009" />
  <testcase classname="ptolemy.util.test.junit.AutoTests" name="[261] /home/travis/build/icyphy/ptII/ptolemy/actor/lib/test/auto/PublisherPort2.xml (RunModel)" time="0.008" />
  <testcase classname="ptolemy.util.test.junit.AutoTests" name="[262] /home/travis/build/icyphy/ptII/ptolemy/actor/lib/test/auto/PublisherPort3.xml (RunModel)" time="0.011" />
  <testcase classname="ptolemy.util.test.junit.AutoTests" name="[263] /home/travis/build/icyphy/ptII/ptolemy/actor/lib/test/auto/PublisherPort4.xml (RunModel)" time="0.013" />
  <testcase classname="ptolemy.util.test.junit.AutoTests" name="[264] /home/travis/build/icyphy/ptII/ptolemy/actor/lib/test/auto/PublisherPort5.xml (RunModel)" time="0.021" />
  <testcase classname="ptolemy.util.test.junit.AutoTests" name="[265] /home/travis/build/icyphy/ptII/ptolemy/actor/lib/test/auto/PublisherPort5LookAlike.xml (RunModel)" time="0.016" />
  <testcase classname="ptolemy.util.test.junit.AutoTests" name="[266] /home/travis/build/icyphy/ptII/ptolemy/actor/lib/test/auto/PublisherPort6.xml (RunModel)" time="0.014" />
  <testcase classname="ptolemy.util.test.junit.AutoTests" name="[267] /home/travis/build/icyphy/ptII/ptolemy/actor/lib/test/auto/PublisherPort7.xml (RunModel)" time="0.015" />
  <testcase classname="ptolemy.util.test.junit.AutoTests" name="[268] /home/travis/build/icyphy/ptII/ptolemy/actor/lib/test/auto/PublisherPort8.xml (RunModel)" time="0.016" />
  <testcase classname="ptolemy.util.test.junit.AutoTests" name="[269] /home/travis/build/icyphy/ptII/ptolemy/actor/lib/test/auto/PublisherPortSubscriberChannelVariablesAOC2.xml (RunModel)" time="0.043" />
  <testcase classname="ptolemy.util.test.junit.AutoTests" name="[270] /home/travis/build/icyphy/ptII/ptolemy/actor/lib/test/auto/PublisherPortSubscriberOpaqueWidthInference.xml (RunModel)" time="0.015" />
  <testcase classname="ptolemy.util.test.junit.AutoTests" name="[271] /home/travis/build/icyphy/ptII/ptolemy/actor/lib/test/auto/PublisherPortSubscriberPortAdjacent.xml (RunModel)" time="0.017" />
  <testcase classname="ptolemy.util.test.junit.AutoTests" name="[272] /home/travis/build/icyphy/ptII/ptolemy/actor/lib/test/auto/PublisherPortSubscriberPortExpression.xml (RunModel)" time="0.015" />
  <testcase classname="ptolemy.util.test.junit.AutoTests" name="[273] /home/travis/build/icyphy/ptII/ptolemy/actor/lib/test/auto/PublisherPortSubscriberPortOpaqueD3Reverse.xml (RunModel)" time="0.018" />
  <testcase classname="ptolemy.util.test.junit.AutoTests" name="[274] /home/travis/build/icyphy/ptII/ptolemy/actor/lib/test/auto/PublisherPortSubscriberPortOpaqueWidthInference.xml (RunModel)" time="0.016" />
  <testcase classname="ptolemy.util.test.junit.AutoTests" name="[275] /home/travis/build/icyphy/ptII/ptolemy/actor/lib/test/auto/PublisherPortToplevelSubscriberPortAOC.xml (RunModel)" time="0.019" />
  <testcase classname="ptolemy.util.test.junit.AutoTests" name="[276] /home/travis/build/icyphy/ptII/ptolemy/actor/lib/test/auto/PublisherSubscriber.xml (RunModel)" time="0.014" />
  <testcase classname="ptolemy.util.test.junit.AutoTests" name="[277] /home/travis/build/icyphy/ptII/ptolemy/actor/lib/test/auto/PublisherSubscriber10.xml (RunModel)" time="0.02" />
  <testcase classname="ptolemy.util.test.junit.AutoTests" name="[278] /home/travis/build/icyphy/ptII/ptolemy/actor/lib/test/auto/PublisherSubscriber10InitialOutputs.xml (RunModel)" time="0.026" />
  <testcase classname="ptolemy.util.test.junit.AutoTests" name="[279] /home/travis/build/icyphy/ptII/ptolemy/actor/lib/test/auto/PublisherSubscriber11.xml (RunModel)" time="0.016" />
  <testcase classname="ptolemy.util.test.junit.AutoTests" name="[280] /home/travis/build/icyphy/ptII/ptolemy/actor/lib/test/auto/PublisherSubscriber12.xml (RunModel)" time="0.015" />
  <testcase classname="ptolemy.util.test.junit.AutoTests" name="[281] /home/travis/build/icyphy/ptII/ptolemy/actor/lib/test/auto/PublisherSubscriber13.xml (RunModel)" time="0.011" />
  <testcase classname="ptolemy.util.test.junit.AutoTests" name="[282] /home/travis/build/icyphy/ptII/ptolemy/actor/lib/test/auto/PublisherSubscriber14.xml (RunModel)" time="0.018" />
  <testcase classname="ptolemy.util.test.junit.AutoTests" name="[283] /home/travis/build/icyphy/ptII/ptolemy/actor/lib/test/auto/PublisherSubscriber2.xml (RunModel)" time="0.009" />
  <testcase classname="ptolemy.util.test.junit.AutoTests" name="[284] /home/travis/build/icyphy/ptII/ptolemy/actor/lib/test/auto/PublisherSubscriber3.xml (RunModel)" time="0.018" />
  <testcase classname="ptolemy.util.test.junit.AutoTests" name="[285] /home/travis/build/icyphy/ptII/ptolemy/actor/lib/test/auto/PublisherSubscriber4.xml (RunModel)" time="0.009" />
  <testcase classname="ptolemy.util.test.junit.AutoTests" name="[286] /home/travis/build/icyphy/ptII/ptolemy/actor/lib/test/auto/PublisherSubscriber5.xml (RunModel)" time="0.012" />
  <testcase classname="ptolemy.util.test.junit.AutoTests" name="[287] /home/travis/build/icyphy/ptII/ptolemy/actor/lib/test/auto/PublisherSubscriber6.xml (RunModel)" time="0.014" />
  <testcase classname="ptolemy.util.test.junit.AutoTests" name="[288] /home/travis/build/icyphy/ptII/ptolemy/actor/lib/test/auto/PublisherSubscriber7.xml (RunModel)" time="0.016" />
  <testcase classname="ptolemy.util.test.junit.AutoTests" name="[289] /home/travis/build/icyphy/ptII/ptolemy/actor/lib/test/auto/PublisherSubscriber8.xml (RunModel)" time="0.026" />
  <testcase classname="ptolemy.util.test.junit.AutoTests" name="[290] /home/travis/build/icyphy/ptII/ptolemy/actor/lib/test/auto/PublisherSubscriber9.xml (RunModel)" time="0.015" />
  <testcase classname="ptolemy.util.test.junit.AutoTests" name="[291] /home/travis/build/icyphy/ptII/ptolemy/actor/lib/test/auto/PublisherSubscriberAdjacent.xml (RunModel)" time="0.014" />
  <testcase classname="ptolemy.util.test.junit.AutoTests" name="[292] /home/travis/build/icyphy/ptII/ptolemy/actor/lib/test/auto/PublisherSubscriberChannelVariablesAOC2.xml (RunModel)" time="0.022" />
  <testcase classname="ptolemy.util.test.junit.AutoTests" name="[293] /home/travis/build/icyphy/ptII/ptolemy/actor/lib/test/auto/PublisherSubscriberD3.xml (RunModel)" time="0.01" />
  <testcase classname="ptolemy.util.test.junit.AutoTests" name="[294] /home/travis/build/icyphy/ptII/ptolemy/actor/lib/test/auto/PublisherSubscriberD3Reverse.xml (RunModel)" time="0.009" />
  <testcase classname="ptolemy.util.test.junit.AutoTests" name="[295] /home/travis/build/icyphy/ptII/ptolemy/actor/lib/test/auto/PublisherSubscriberExpression.xml (RunModel)" time="0.014" />
  <testcase classname="ptolemy.util.test.junit.AutoTests" name="[296] /home/travis/build/icyphy/ptII/ptolemy/actor/lib/test/auto/PublisherSubscriberOpaque.xml (RunModel)" time="0.012" />
  <testcase classname="ptolemy.util.test.junit.AutoTests" name="[297] /home/travis/build/icyphy/ptII/ptolemy/actor/lib/test/auto/PublisherSubscriberOpaqueD3.xml (RunModel)" time="0.019" />
  <testcase classname="ptolemy.util.test.junit.AutoTests" name="[298] /home/travis/build/icyphy/ptII/ptolemy/actor/lib/test/auto/PublisherSubscriberOpaqueD3Reverse.xml (RunModel)" time="0.022" />
  <testcase classname="ptolemy.util.test.junit.AutoTests" name="[299] /home/travis/build/icyphy/ptII/ptolemy/actor/lib/test/auto/PublisherSubscriberOpaqueWidthInference.xml (RunModel)" time="0.014" />
  <testcase classname="ptolemy.util.test.junit.AutoTests" name="[300] /home/travis/build/icyphy/ptII/ptolemy/actor/lib/test/auto/PublisherTestSubscriber.xml (RunModel)" time="0.014" />
  <testcase classname="ptolemy.util.test.junit.AutoTests" name="[301] /home/travis/build/icyphy/ptII/ptolemy/actor/lib/test/auto/PublisherToplevelSubscriberPortAOC.xml (RunModel)" time="0.01" />
  <testcase classname="ptolemy.util.test.junit.AutoTests" name="[302] /home/travis/build/icyphy/ptII/ptolemy/actor/lib/test/auto/PulseFiringLimitDE.xml (RunModel)" time="0.018" />
  <testcase classname="ptolemy.util.test.junit.AutoTests" name="[303] /home/travis/build/icyphy/ptII/ptolemy/actor/lib/test/auto/Ramp1.xml (RunModel)" time="0.005" />
  <testcase classname="ptolemy.util.test.junit.AutoTests" name="[304] /home/travis/build/icyphy/ptII/ptolemy/actor/lib/test/auto/RampFiringLimitDE.xml (RunModel)" time="0.009" />
  <testcase classname="ptolemy.util.test.junit.AutoTests" name="[305] /home/travis/build/icyphy/ptII/ptolemy/actor/lib/test/auto/RampFiringLimitSDF.xml (RunModel)" time="0.008" />
  <testcase classname="ptolemy.util.test.junit.AutoTests" name="[306] /home/travis/build/icyphy/ptII/ptolemy/actor/lib/test/auto/RandomInteger.xml (RunModel)" time="0.006" />
  <testcase classname="ptolemy.util.test.junit.AutoTests" name="[307] /home/travis/build/icyphy/ptII/ptolemy/actor/lib/test/auto/ReadFile1.xml (RunModel)" time="0.006" />
  <testcase classname="ptolemy.util.test.junit.AutoTests" name="[308] /home/travis/build/icyphy/ptII/ptolemy/actor/lib/test/auto/ReadFile2.xml (RunModel)" time="0.006" />
  <testcase classname="ptolemy.util.test.junit.AutoTests" name="[309] /home/travis/build/icyphy/ptII/ptolemy/actor/lib/test/auto/Reader.xml (RunModel)" time="0.011" />
  <testcase classname="ptolemy.util.test.junit.AutoTests" name="[310] /home/travis/build/icyphy/ptII/ptolemy/actor/lib/test/auto/RecordAssemblerDisplayNameTest.xml (RunModel)" time="3.187" />
  <testcase classname="ptolemy.util.test.junit.AutoTests" name="[311] /home/travis/build/icyphy/ptII/ptolemy/actor/lib/test/auto/RecordAssemblerTypeError.xml (RunModel)" time="0.026" />
  <testcase classname="ptolemy.util.test.junit.AutoTests" name="[312] /home/travis/build/icyphy/ptII/ptolemy/actor/lib/test/auto/RecordDisassember.xml (RunModel)" time="0.008" />
  <testcase classname="ptolemy.util.test.junit.AutoTests" name="[313] /home/travis/build/icyphy/ptII/ptolemy/actor/lib/test/auto/RecordDisassemberDisplayNameTest.xml (RunModel)" time="0.029" />
  <testcase classname="ptolemy.util.test.junit.AutoTests" name="[314] /home/travis/build/icyphy/ptII/ptolemy/actor/lib/test/auto/RecordDisassembler.xml (RunModel)" time="0.012" />
  <testcase classname="ptolemy.util.test.junit.AutoTests" name="[315] /home/travis/build/icyphy/ptII/ptolemy/actor/lib/test/auto/RecordDisassembler2.xml (RunModel)" time="0.008" />
  <testcase classname="ptolemy.util.test.junit.AutoTests" name="[316] /home/travis/build/icyphy/ptII/ptolemy/actor/lib/test/auto/RecordUpdater.xml (RunModel)" time="0.007" />
  <testcase classname="ptolemy.util.test.junit.AutoTests" name="[317] /home/travis/build/icyphy/ptII/ptolemy/actor/lib/test/auto/RecordUpdater2.xml (RunModel)" time="0.007" />
  <testcase classname="ptolemy.util.test.junit.AutoTests" name="[318] /home/travis/build/icyphy/ptII/ptolemy/actor/lib/test/auto/RecursiveLattice.xml (RunModel)" time="0.006" />
  <testcase classname="ptolemy.util.test.junit.AutoTests" name="[319] /home/travis/build/icyphy/ptII/ptolemy/actor/lib/test/auto/Router.xml (RunModel)" time="3.02" />
  <testcase classname="ptolemy.util.test.junit.AutoTests" name="[320] /home/travis/build/icyphy/ptII/ptolemy/actor/lib/test/auto/Router2.xml (RunModel)" time="3.029" />
  <testcase classname="ptolemy.util.test.junit.AutoTests" name="[321] /home/travis/build/icyphy/ptII/ptolemy/actor/lib/test/auto/RunningMaximum.xml (RunModel)" time="0.014" />
  <testcase classname="ptolemy.util.test.junit.AutoTests" name="[322] /home/travis/build/icyphy/ptII/ptolemy/actor/lib/test/auto/RunningMinimum.xml (RunModel)" time="0.021" />
  <testcase classname="ptolemy.util.test.junit.AutoTests" name="[323] /home/travis/build/icyphy/ptII/ptolemy/actor/lib/test/auto/Scale.xml (RunModel)" time="0.008" />
  <testcase classname="ptolemy.util.test.junit.AutoTests" name="[324] /home/travis/build/icyphy/ptII/ptolemy/actor/lib/test/auto/Scale2.xml (RunModel)" time="0.008" />
  <testcase classname="ptolemy.util.test.junit.AutoTests" name="[325] /home/travis/build/icyphy/ptII/ptolemy/actor/lib/test/auto/Scale3.xml (RunModel)" time="0.012" />
  <testcase classname="ptolemy.util.test.junit.AutoTests" name="[326] /home/travis/build/icyphy/ptII/ptolemy/actor/lib/test/auto/ScaleArray.xml (RunModel)" time="0.005" />
  <testcase classname="ptolemy.util.test.junit.AutoTests" name="[327] /home/travis/build/icyphy/ptII/ptolemy/actor/lib/test/auto/ScaleArray2.xml (RunModel)" time="0.007" />
  <testcase classname="ptolemy.util.test.junit.AutoTests" name="[328] /home/travis/build/icyphy/ptII/ptolemy/actor/lib/test/auto/ScaleMatrix.xml (RunModel)" time="0.162" />
  <testcase classname="ptolemy.util.test.junit.AutoTests" name="[329] /home/travis/build/icyphy/ptII/ptolemy/actor/lib/test/auto/Select.xml (RunModel)" time="0.015" />
  <testcase classname="ptolemy.util.test.junit.AutoTests" name="[330] /home/travis/build/icyphy/ptII/ptolemy/actor/lib/test/auto/Select2.xml (RunModel)" time="0.009" />
  <testcase classname="ptolemy.util.test.junit.AutoTests" name="[331] /home/travis/build/icyphy/ptII/ptolemy/actor/lib/test/auto/SequenceToArray2.xml (RunModel)" time="0.143" />
  <testcase classname="ptolemy.util.test.junit.AutoTests" name="[332] /home/travis/build/icyphy/ptII/ptolemy/actor/lib/test/auto/SequentialClock.xml (RunModel)" time="0.01" />
  <testcase classname="ptolemy.util.test.junit.AutoTests" name="[333] /home/travis/build/icyphy/ptII/ptolemy/actor/lib/test/auto/SetVariable.xml (RunModel)" time="0.008" />
  <testcase classname="ptolemy.util.test.junit.AutoTests" name="[334] /home/travis/build/icyphy/ptII/ptolemy/actor/lib/test/auto/SetVariable2.xml (RunModel)" time="0.008" />
  <testcase classname="ptolemy.util.test.junit.AutoTests" name="[335] /home/travis/build/icyphy/ptII/ptolemy/actor/lib/test/auto/SetVariable3.xml (RunModel)" time="0.015" />
  <testcase classname="ptolemy.util.test.junit.AutoTests" name="[336] /home/travis/build/icyphy/ptII/ptolemy/actor/lib/test/auto/SetVariable4.xml (RunModel)" time="0.021" />
  <testcase classname="ptolemy.util.test.junit.AutoTests" name="[337] /home/travis/build/icyphy/ptII/ptolemy/actor/lib/test/auto/SetVariable5.xml (RunModel)" time="0.058" />
  <testcase classname="ptolemy.util.test.junit.AutoTests" name="[338] /home/travis/build/icyphy/ptII/ptolemy/actor/lib/test/auto/Sinewave.xml (RunModel)" time="0.031" />
  <testcase classname="ptolemy.util.test.junit.AutoTests" name="[339] /home/travis/build/icyphy/ptII/ptolemy/actor/lib/test/auto/Sinewave2.xml (RunModel)" time="0.02" />
  <testcase classname="ptolemy.util.test.junit.AutoTests" name="[340] /home/travis/build/icyphy/ptII/ptolemy/actor/lib/test/auto/Sinewave3.xml (RunModel)" time="0.02" />
  <testcase classname="ptolemy.util.test.junit.AutoTests" name="[341] /home/travis/build/icyphy/ptII/ptolemy/actor/lib/test/auto/SingleEvent.xml (RunModel)" time="0.01" />
  <testcase classname="ptolemy.util.test.junit.AutoTests" name="[342] /home/travis/build/icyphy/ptII/ptolemy/actor/lib/test/auto/Sleep.xml (RunModel)" time="6.019" />
  <testcase classname="ptolemy.util.test.junit.AutoTests" name="[343] /home/travis/build/icyphy/ptII/ptolemy/actor/lib/test/auto/SleepMultipleFire.xml (RunModel)" time="1.027" />
  <testcase classname="ptolemy.util.test.junit.AutoTests" name="[344] /home/travis/build/icyphy/ptII/ptolemy/actor/lib/test/auto/StopDE.xml (RunModel)" time="0.018" />
  <testcase classname="ptolemy.util.test.junit.AutoTests" name="[345] /home/travis/build/icyphy/ptII/ptolemy/actor/lib/test/auto/StopSDF.xml (RunModel)" time="0.011" />
  <testcase classname="ptolemy.util.test.junit.AutoTests" name="[346] /home/travis/build/icyphy/ptII/ptolemy/actor/lib/test/auto/StringConstant.xml (RunModel)" time="0.031" />
  <testcase classname="ptolemy.util.test.junit.AutoTests" name="[347] /home/travis/build/icyphy/ptII/ptolemy/actor/lib/test/auto/SubscriberPortInitialValues1.xml (RunModel)" time="0.02" />
  <testcase classname="ptolemy.util.test.junit.AutoTests" name="[348] /home/travis/build/icyphy/ptII/ptolemy/actor/lib/test/auto/SubscriberPortInitialValues13.xml (RunModel)" time="0.026" />
  <testcase classname="ptolemy.util.test.junit.AutoTests" name="[349] /home/travis/build/icyphy/ptII/ptolemy/actor/lib/test/auto/SubscriberPortInitialValues14.xml (RunModel)" time="0.013" />
  <testcase classname="ptolemy.util.test.junit.AutoTests" name="[350] /home/travis/build/icyphy/ptII/ptolemy/actor/lib/test/auto/SubscriberPortInitialValues2.xml (RunModel)" time="0.013" />
  <testcase classname="ptolemy.util.test.junit.AutoTests" name="[351] /home/travis/build/icyphy/ptII/ptolemy/actor/lib/test/auto/SubscriberPortInitialValues3.xml (RunModel)" time="0.02" />
  <testcase classname="ptolemy.util.test.junit.AutoTests" name="[352] /home/travis/build/icyphy/ptII/ptolemy/actor/lib/test/auto/SubscriptionAggregator.xml (RunModel)" time="0.009" />
  <testcase classname="ptolemy.util.test.junit.AutoTests" name="[353] /home/travis/build/icyphy/ptII/ptolemy/actor/lib/test/auto/SubscriptionAggregator2.xml (RunModel)" time="0.008" />
  <testcase classname="ptolemy.util.test.junit.AutoTests" name="[354] /home/travis/build/icyphy/ptII/ptolemy/actor/lib/test/auto/SubscriptionAggregator3.xml (RunModel)" time="0.013" />
  <testcase classname="ptolemy.util.test.junit.AutoTests" name="[355] /home/travis/build/icyphy/ptII/ptolemy/actor/lib/test/auto/SubscriptionAggregatorMultiply.xml (RunModel)" time="0.018" />
  <testcase classname="ptolemy.util.test.junit.AutoTests" name="[356] /home/travis/build/icyphy/ptII/ptolemy/actor/lib/test/auto/SubscriptionAggregatorPortMultiply1.xml (RunModel)" time="0.012" />
  <testcase classname="ptolemy.util.test.junit.AutoTests" name="[357] /home/travis/build/icyphy/ptII/ptolemy/actor/lib/test/auto/Switch.xml (RunModel)" time="0.014" />
  <testcase classname="ptolemy.util.test.junit.AutoTests" name="[358] /home/travis/build/icyphy/ptII/ptolemy/actor/lib/test/auto/Switch2.xml (RunModel)" time="0.008" />
  <testcase classname="ptolemy.util.test.junit.AutoTests" name="[359] /home/travis/build/icyphy/ptII/ptolemy/actor/lib/test/auto/SwitchDE.xml (RunModel)" time="0.012" />
  <testcase classname="ptolemy.util.test.junit.AutoTests" name="[360] /home/travis/build/icyphy/ptII/ptolemy/actor/lib/test/auto/SynchronizerDE.xml (RunModel)" time="0.018" />
  <testcase classname="ptolemy.util.test.junit.AutoTests" name="[361] /home/travis/build/icyphy/ptII/ptolemy/actor/lib/test/auto/Test.xml (RunModel)" time="0.008" />
  <testcase classname="ptolemy.util.test.junit.AutoTests" name="[362] /home/travis/build/icyphy/ptII/ptolemy/actor/lib/test/auto/TestExceptionAttribute1.xml (RunModel)" time="0.007" />
  <testcase classname="ptolemy.util.test.junit.AutoTests" name="[363] /home/travis/build/icyphy/ptII/ptolemy/actor/lib/test/auto/TestExceptionAttribute2.xml (RunModel)" time="0.01" />
  <testcase classname="ptolemy.util.test.junit.AutoTests" name="[364] /home/travis/build/icyphy/ptII/ptolemy/actor/lib/test/auto/TestExceptionAttribute3.xml (RunModel)" time="0.01" />
  <testcase classname="ptolemy.util.test.junit.AutoTests" name="[365] /home/travis/build/icyphy/ptII/ptolemy/actor/lib/test/auto/TestExceptionAttribute4.xml (RunModel)" time="0.007" />
  <testcase classname="ptolemy.util.test.junit.AutoTests" name="[366] /home/travis/build/icyphy/ptII/ptolemy/actor/lib/test/auto/TestExceptionHandler1.xml (RunModel)" time="0.01" />
  <testcase classname="ptolemy.util.test.junit.AutoTests" name="[367] /home/travis/build/icyphy/ptII/ptolemy/actor/lib/test/auto/TestExceptionHandler2.xml (RunModel)" time="0.008" />
  <testcase classname="ptolemy.util.test.junit.AutoTests" name="[368] /home/travis/build/icyphy/ptII/ptolemy/actor/lib/test/auto/TestExceptionHandler3.xml (RunModel)" time="0.005" />
  <testcase classname="ptolemy.util.test.junit.AutoTests" name="[369] /home/travis/build/icyphy/ptII/ptolemy/actor/lib/test/auto/TestExceptionHandler4.xml (RunModel)" time="0.005" />
  <testcase classname="ptolemy.util.test.junit.AutoTests" name="[370] /home/travis/build/icyphy/ptII/ptolemy/actor/lib/test/auto/TestRequireCorrectOrder.xml (RunModel)" time="0.014" />
  <testcase classname="ptolemy.util.test.junit.AutoTests" name="[371] /home/travis/build/icyphy/ptII/ptolemy/actor/lib/test/auto/TestSimple.xml (RunModel)" time="0.01" />
  <testcase classname="ptolemy.util.test.junit.AutoTests" name="[372] /home/travis/build/icyphy/ptII/ptolemy/actor/lib/test/auto/ThrowModelError.xml (RunModel)" time="0.01" />
  <testcase classname="ptolemy.util.test.junit.AutoTests" name="[373] /home/travis/build/icyphy/ptII/ptolemy/actor/lib/test/auto/TimeDelayMicrosteps.xml (RunModel)" time="0.015" />
  <testcase classname="ptolemy.util.test.junit.AutoTests" name="[374] /home/travis/build/icyphy/ptII/ptolemy/actor/lib/test/auto/TimeDelayMicrosteps2.xml (RunModel)" time="0.014" />
  <testcase classname="ptolemy.util.test.junit.AutoTests" name="[375] /home/travis/build/icyphy/ptII/ptolemy/actor/lib/test/auto/TimeDelayMicrosteps3.xml (RunModel)" time="0.01" />
  <testcase classname="ptolemy.util.test.junit.AutoTests" name="[376] /home/travis/build/icyphy/ptII/ptolemy/actor/lib/test/auto/TimeDelayVariableMicrosteps.xml (RunModel)" time="0.01" />
  <testcase classname="ptolemy.util.test.junit.AutoTests" name="[377] /home/travis/build/icyphy/ptII/ptolemy/actor/lib/test/auto/TimeGap.xml (RunModel)" time="0.014" />
  <testcase classname="ptolemy.util.test.junit.AutoTests" name="[378] /home/travis/build/icyphy/ptII/ptolemy/actor/lib/test/auto/TimeGap2.xml (RunModel)" time="0.008" />
  <testcase classname="ptolemy.util.test.junit.AutoTests" name="[379] /home/travis/build/icyphy/ptII/ptolemy/actor/lib/test/auto/TimedSinewave.xml (RunModel)" time="0.045" />
  <testcase classname="ptolemy.util.test.junit.AutoTests" name="[380] /home/travis/build/icyphy/ptII/ptolemy/actor/lib/test/auto/TimedSinewavePhase.xml (RunModel)" time="0.027" />
  <testcase classname="ptolemy.util.test.junit.AutoTests" name="[381] /home/travis/build/icyphy/ptII/ptolemy/actor/lib/test/auto/Timer.xml (RunModel)" time="0.015" />
  <testcase classname="ptolemy.util.test.junit.AutoTests" name="[382] /home/travis/build/icyphy/ptII/ptolemy/actor/lib/test/auto/TriangularDistTestModel.xml (RunModel)" time="0.014" />
  <testcase classname="ptolemy.util.test.junit.AutoTests" name="[383] /home/travis/build/icyphy/ptII/ptolemy/actor/lib/test/auto/TrigFunction.xml (RunModel)" time="0.006" />
  <testcase classname="ptolemy.util.test.junit.AutoTests" name="[384] /home/travis/build/icyphy/ptII/ptolemy/actor/lib/test/auto/TrigFunctionDE.xml (RunModel)" time="0.008" />
  <testcase classname="ptolemy.util.test.junit.AutoTests" name="[385] /home/travis/build/icyphy/ptII/ptolemy/actor/lib/test/auto/TrigFunctionInverse.xml (RunModel)" time="0.007" />
  <testcase classname="ptolemy.util.test.junit.AutoTests" name="[386] /home/travis/build/icyphy/ptII/ptolemy/actor/lib/test/auto/TrigFunctionTan.xml (RunModel)" time="0.005" />
  <testcase classname="ptolemy.util.test.junit.AutoTests" name="[387] /home/travis/build/icyphy/ptII/ptolemy/actor/lib/test/auto/TriggeredClock.xml (RunModel)" time="0.006" />
  <testcase classname="ptolemy.util.test.junit.AutoTests" name="[388] /home/travis/build/icyphy/ptII/ptolemy/actor/lib/test/auto/URLDirectoryReader.xml (RunModel)" time="0.105" />
  <testcase classname="ptolemy.util.test.junit.AutoTests" name="[389] /home/travis/build/icyphy/ptII/ptolemy/actor/lib/test/auto/URLDirectoryReader3.xml (RunModel)" time="1.778" />
  <testcase classname="ptolemy.util.test.junit.AutoTests" name="[390] /home/travis/build/icyphy/ptII/ptolemy/actor/lib/test/auto/UnaryMathFunction.xml (RunModel)" time="0.025" />
  <testcase classname="ptolemy.util.test.junit.AutoTests" name="[391] /home/travis/build/icyphy/ptII/ptolemy/actor/lib/test/auto/Uniform.xml (RunModel)" time="0.011" />
  <testcase classname="ptolemy.util.test.junit.AutoTests" name="[392] /home/travis/build/icyphy/ptII/ptolemy/actor/lib/test/auto/UnionDisassemblerTest.xml (RunModel)" time="0.014" />
  <testcase classname="ptolemy.util.test.junit.AutoTests" name="[393] /home/travis/build/icyphy/ptII/ptolemy/actor/lib/test/auto/UtilityFunctions.xml (RunModel)" time="0.006" />
  <testcase classname="ptolemy.util.test.junit.AutoTests" name="[394] /home/travis/build/icyphy/ptII/ptolemy/actor/lib/test/auto/VariableSleep.xml (RunModel)" time="0.51" />
  <testcase classname="ptolemy.util.test.junit.AutoTests" name="[395] /home/travis/build/icyphy/ptII/ptolemy/actor/lib/test/auto/VectorAssemblerDisassemblerCT.xml (RunModel)" time="0.099" />
  <testcase classname="ptolemy.util.test.junit.AutoTests" name="[396] /home/travis/build/icyphy/ptII/ptolemy/actor/lib/test/auto/VectorAssemblerDisassemblerDE.xml (RunModel)" time="0.013" />
  <testcase classname="ptolemy.util.test.junit.AutoTests" name="[397] /home/travis/build/icyphy/ptII/ptolemy/actor/lib/test/auto/VectorAssemblerDisassemblerSDF.xml (RunModel)" time="0.012" />
  <testcase classname="ptolemy.util.test.junit.AutoTests" name="[398] /home/travis/build/icyphy/ptII/ptolemy/actor/lib/test/auto/WallClockTime.xml (RunModel)" time="1.012" />
  <testcase classname="ptolemy.util.test.junit.AutoTests" name="[399] /home/travis/build/icyphy/ptII/ptolemy/actor/lib/test/auto/WidthTestWithSubscriberPublisher.xml (RunModel)" time="0.037" />
  <testcase classname="ptolemy.util.test.junit.AutoTests" name="[400] /home/travis/build/icyphy/ptII/ptolemy/actor/lib/test/auto/WidthTestWithSubscriberPublisher2.xml (RunModel)" time="0.013" />
  <testcase classname="ptolemy.util.test.junit.AutoTests" name="[401] /home/travis/build/icyphy/ptII/ptolemy/actor/lib/test/auto/WidthTestWithSubscriberPublisher3.xml (RunModel)" time="0.012" />
  <testcase classname="ptolemy.util.test.junit.AutoTests" name="[402] /home/travis/build/icyphy/ptII/ptolemy/actor/lib/test/auto/Writer.xml (RunModel)" time="0.006" />
  <testcase classname="ptolemy.util.test.junit.AutoTests" name="[403] /home/travis/build/icyphy/ptII/ptolemy/actor/lib/test/auto/array.xml (RunModel)" time="0.02" />
  <testcase classname="ptolemy.util.test.junit.AutoTests" name="[404] /home/travis/build/icyphy/ptII/ptolemy/actor/lib/test/auto/array2.xml (RunModel)" time="0.01" />
  <testcase classname="ptolemy.util.test.junit.AutoTests" name="[405] /home/travis/build/icyphy/ptII/ptolemy/actor/lib/test/auto/arrayType.xml (RunModel)" time="0.016" />
  <testcase classname="ptolemy.util.test.junit.AutoTests" name="[406] /home/travis/build/icyphy/ptII/ptolemy/actor/lib/test/auto/arrayType10.xml (RunModel)" time="0.006" />
  <testcase classname="ptolemy.util.test.junit.AutoTests" name="[407] /home/travis/build/icyphy/ptII/ptolemy/actor/lib/test/auto/arrayType11.xml (RunModel)" time="0.007" />
  <testcase classname="ptolemy.util.test.junit.AutoTests" name="[408] /home/travis/build/icyphy/ptII/ptolemy/actor/lib/test/auto/arrayType12.xml (RunModel)" time="0.008" />
  <testcase classname="ptolemy.util.test.junit.AutoTests" name="[409] /home/travis/build/icyphy/ptII/ptolemy/actor/lib/test/auto/arrayType13.xml (RunModel)" time="0.007" />
  <testcase classname="ptolemy.util.test.junit.AutoTests" name="[410] /home/travis/build/icyphy/ptII/ptolemy/actor/lib/test/auto/arrayType14.xml (RunModel)" time="0.007" />
  <testcase classname="ptolemy.util.test.junit.AutoTests" name="[411] /home/travis/build/icyphy/ptII/ptolemy/actor/lib/test/auto/arrayType15.xml (RunModel)" time="0.007" />
  <testcase classname="ptolemy.util.test.junit.AutoTests" name="[412] /home/travis/build/icyphy/ptII/ptolemy/actor/lib/test/auto/arrayType16.xml (RunModel)" time="0.007" />
  <testcase classname="ptolemy.util.test.junit.AutoTests" name="[413] /home/travis/build/icyphy/ptII/ptolemy/actor/lib/test/auto/arrayType17.xml (RunModel)" time="0.006" />
  <testcase classname="ptolemy.util.test.junit.AutoTests" name="[414] /home/travis/build/icyphy/ptII/ptolemy/actor/lib/test/auto/arrayType18.xml (RunModel)" time="0.006" />
  <testcase classname="ptolemy.util.test.junit.AutoTests" name="[415] /home/travis/build/icyphy/ptII/ptolemy/actor/lib/test/auto/arrayType19.xml (RunModel)" time="0.008" />
  <testcase classname="ptolemy.util.test.junit.AutoTests" name="[416] /home/travis/build/icyphy/ptII/ptolemy/actor/lib/test/auto/arrayType2.xml (RunModel)" time="0.006" />
  <testcase classname="ptolemy.util.test.junit.AutoTests" name="[417] /home/travis/build/icyphy/ptII/ptolemy/actor/lib/test/auto/arrayType20.xml (RunModel)" time="0.008" />
  <testcase classname="ptolemy.util.test.junit.AutoTests" name="[418] /home/travis/build/icyphy/ptII/ptolemy/actor/lib/test/auto/arrayType21.xml (RunModel)" time="0.006" />
  <testcase classname="ptolemy.util.test.junit.AutoTests" name="[419] /home/travis/build/icyphy/ptII/ptolemy/actor/lib/test/auto/arrayType22.xml (RunModel)" time="0.006" />
  <testcase classname="ptolemy.util.test.junit.AutoTests" name="[420] /home/travis/build/icyphy/ptII/ptolemy/actor/lib/test/auto/arrayType23.xml (RunModel)" time="0.006" />
  <testcase classname="ptolemy.util.test.junit.AutoTests" name="[421] /home/travis/build/icyphy/ptII/ptolemy/actor/lib/test/auto/arrayType24.xml (RunModel)" time="0.019" />
  <testcase classname="ptolemy.util.test.junit.AutoTests" name="[422] /home/travis/build/icyphy/ptII/ptolemy/actor/lib/test/auto/arrayType25.xml (RunModel)" time="0.007" />
  <testcase classname="ptolemy.util.test.junit.AutoTests" name="[423] /home/travis/build/icyphy/ptII/ptolemy/actor/lib/test/auto/arrayType26.xml (RunModel)" time="0.006" />
  <testcase classname="ptolemy.util.test.junit.AutoTests" name="[424] /home/travis/build/icyphy/ptII/ptolemy/actor/lib/test/auto/arrayType27.xml (RunModel)" time="0.007" />
  <testcase classname="ptolemy.util.test.junit.AutoTests" name="[425] /home/travis/build/icyphy/ptII/ptolemy/actor/lib/test/auto/arrayType28.xml (RunModel)" time="0.008" />
  <testcase classname="ptolemy.util.test.junit.AutoTests" name="[426] /home/travis/build/icyphy/ptII/ptolemy/actor/lib/test/auto/arrayType3.xml (RunModel)" time="0.007" />
  <testcase classname="ptolemy.util.test.junit.AutoTests" name="[427] /home/travis/build/icyphy/ptII/ptolemy/actor/lib/test/auto/arrayType4.xml (RunModel)" time="0.007" />
  <testcase classname="ptolemy.util.test.junit.AutoTests" name="[428] /home/travis/build/icyphy/ptII/ptolemy/actor/lib/test/auto/arrayType5.xml (RunModel)" time="0.016" />
  <testcase classname="ptolemy.util.test.junit.AutoTests" name="[429] /home/travis/build/icyphy/ptII/ptolemy/actor/lib/test/auto/arrayType6.xml (RunModel)" time="0.006" />
  <testcase classname="ptolemy.util.test.junit.AutoTests" name="[430] /home/travis/build/icyphy/ptII/ptolemy/actor/lib/test/auto/arrayType7.xml (RunModel)" time="0.006" />
  <testcase classname="ptolemy.util.test.junit.AutoTests" name="[431] /home/travis/build/icyphy/ptII/ptolemy/actor/lib/test/auto/arrayType8.xml (RunModel)" time="0.007" />
  <testcase classname="ptolemy.util.test.junit.AutoTests" name="[432] /home/travis/build/icyphy/ptII/ptolemy/actor/lib/test/auto/arrayType9.xml (RunModel)" time="0.006" />
  <testcase classname="ptolemy.util.test.junit.AutoTests" name="[433] /home/travis/build/icyphy/ptII/ptolemy/actor/lib/test/auto/cast.xml (RunModel)" time="0.006" />
  <testcase classname="ptolemy.util.test.junit.AutoTests" name="[434] /home/travis/build/icyphy/ptII/ptolemy/actor/lib/test/auto/compositeMultiPort.xml (RunModel)" time="0.014" />
  <testcase classname="ptolemy.util.test.junit.AutoTests" name="[435] /home/travis/build/icyphy/ptII/ptolemy/actor/lib/test/auto/expressionCastInference.xml (RunModel)" time="0.015" />
  <testcase classname="ptolemy.util.test.junit.AutoTests" name="[436] /home/travis/build/icyphy/ptII/ptolemy/actor/lib/test/auto/expressionCastInference2.xml (RunModel)" time="0.008" />
  <testcase classname="ptolemy.util.test.junit.AutoTests" name="[437] /home/travis/build/icyphy/ptII/ptolemy/actor/lib/test/auto/expressionInference.xml (RunModel)" time="0.005" />
  <testcase classname="ptolemy.util.test.junit.AutoTests" name="[438] /home/travis/build/icyphy/ptII/ptolemy/actor/lib/test/auto/expression_bug.xml (RunModel)" time="0.005" />
  <testcase classname="ptolemy.util.test.junit.AutoTests" name="[439] /home/travis/build/icyphy/ptII/ptolemy/actor/lib/test/auto/factorial.xml (RunModel)" time="0.043" />
  <testcase classname="ptolemy.util.test.junit.AutoTests" name="[440] /home/travis/build/icyphy/ptII/ptolemy/actor/lib/test/auto/filterTest1.xml (RunModel)" time="0.01" />
  <testcase classname="ptolemy.util.test.junit.AutoTests" name="[441] /home/travis/build/icyphy/ptII/ptolemy/actor/lib/test/auto/funcApplyInConst.xml (RunModel)" time="0.006" />
  <testcase classname="ptolemy.util.test.junit.AutoTests" name="[442] /home/travis/build/icyphy/ptII/ptolemy/actor/lib/test/auto/funcApplyInExpr.xml (RunModel)" time="0.006" />
  <testcase classname="ptolemy.util.test.junit.AutoTests" name="[443] /home/travis/build/icyphy/ptII/ptolemy/actor/lib/test/auto/function.xml (RunModel)" time="0.009" />
  <testcase classname="ptolemy.util.test.junit.AutoTests" name="[444] /home/travis/build/icyphy/ptII/ptolemy/actor/lib/test/auto/function2.xml (RunModel)" time="0.007" />
  <testcase classname="ptolemy.util.test.junit.AutoTests" name="[445] /home/travis/build/icyphy/ptII/ptolemy/actor/lib/test/auto/function3.xml (RunModel)" time="0.005" />
  <testcase classname="ptolemy.util.test.junit.AutoTests" name="[446] /home/travis/build/icyphy/ptII/ptolemy/actor/lib/test/auto/functionClosureTest1.xml (RunModel)" time="0.008" />
  <testcase classname="ptolemy.util.test.junit.AutoTests" name="[447] /home/travis/build/icyphy/ptII/ptolemy/actor/lib/test/auto/functionClosureTest2.xml (RunModel)" time="0.005" />
  <testcase classname="ptolemy.util.test.junit.AutoTests" name="[448] /home/travis/build/icyphy/ptII/ptolemy/actor/lib/test/auto/functionClosureTest3.xml (RunModel)" time="0.008" />
  <testcase classname="ptolemy.util.test.junit.AutoTests" name="[449] /home/travis/build/icyphy/ptII/ptolemy/actor/lib/test/auto/functionClosureTest4.xml (RunModel)" time="0.015" />
  <testcase classname="ptolemy.util.test.junit.AutoTests" name="[450] /home/travis/build/icyphy/ptII/ptolemy/actor/lib/test/auto/functionClosureTest5.xml (RunModel)" time="0.01" />
  <testcase classname="ptolemy.util.test.junit.AutoTests" name="[451] /home/travis/build/icyphy/ptII/ptolemy/actor/lib/test/auto/functionClosureTest6.xml (RunModel)" time="0.006" />
  <testcase classname="ptolemy.util.test.junit.AutoTests" name="[452] /home/travis/build/icyphy/ptII/ptolemy/actor/lib/test/auto/functionsOnArcs.xml (RunModel)" time="0.007" />
  <testcase classname="ptolemy.util.test.junit.AutoTests" name="[453] /home/travis/build/icyphy/ptII/ptolemy/actor/lib/test/auto/functionsOnArcsHOF.xml (RunModel)" time="0.009" />
  <testcase classname="ptolemy.util.test.junit.AutoTests" name="[454] /home/travis/build/icyphy/ptII/ptolemy/actor/lib/test/auto/logic.xml (RunModel)" time="0.015" />
  <testcase classname="ptolemy.util.test.junit.AutoTests" name="[455] /home/travis/build/icyphy/ptII/ptolemy/actor/lib/test/auto/matrixType.xml (RunModel)" time="0.007" />
  <testcase classname="ptolemy.util.test.junit.AutoTests" name="[456] /home/travis/build/icyphy/ptII/ptolemy/actor/lib/test/auto/matrixType10.xml (RunModel)" time="0.006" />
  <testcase classname="ptolemy.util.test.junit.AutoTests" name="[457] /home/travis/build/icyphy/ptII/ptolemy/actor/lib/test/auto/matrixType11.xml (RunModel)" time="0.006" />
  <testcase classname="ptolemy.util.test.junit.AutoTests" name="[458] /home/travis/build/icyphy/ptII/ptolemy/actor/lib/test/auto/matrixType12.xml (RunModel)" time="0.008" />
  <testcase classname="ptolemy.util.test.junit.AutoTests" name="[459] /home/travis/build/icyphy/ptII/ptolemy/actor/lib/test/auto/matrixType13.xml (RunModel)" time="0.019" />
  <testcase classname="ptolemy.util.test.junit.AutoTests" name="[460] /home/travis/build/icyphy/ptII/ptolemy/actor/lib/test/auto/matrixType14.xml (RunModel)" time="0.007" />
  <testcase classname="ptolemy.util.test.junit.AutoTests" name="[461] /home/travis/build/icyphy/ptII/ptolemy/actor/lib/test/auto/matrixType2.xml (RunModel)" time="0.007" />
  <testcase classname="ptolemy.util.test.junit.AutoTests" name="[462] /home/travis/build/icyphy/ptII/ptolemy/actor/lib/test/auto/matrixType3.xml (RunModel)" time="0.008" />
  <testcase classname="ptolemy.util.test.junit.AutoTests" name="[463] /home/travis/build/icyphy/ptII/ptolemy/actor/lib/test/auto/matrixType4.xml (RunModel)" time="0.006" />
  <testcase classname="ptolemy.util.test.junit.AutoTests" name="[464] /home/travis/build/icyphy/ptII/ptolemy/actor/lib/test/auto/matrixType5.xml (RunModel)" time="0.006" />
  <testcase classname="ptolemy.util.test.junit.AutoTests" name="[465] /home/travis/build/icyphy/ptII/ptolemy/actor/lib/test/auto/matrixType6.xml (RunModel)" time="0.006" />
  <testcase classname="ptolemy.util.test.junit.AutoTests" name="[466] /home/travis/build/icyphy/ptII/ptolemy/actor/lib/test/auto/matrixType7.xml (RunModel)" time="0.007" />
  <testcase classname="ptolemy.util.test.junit.AutoTests" name="[467] /home/travis/build/icyphy/ptII/ptolemy/actor/lib/test/auto/matrixType8.xml (RunModel)" time="0.007" />
  <testcase classname="ptolemy.util.test.junit.AutoTests" name="[468] /home/travis/build/icyphy/ptII/ptolemy/actor/lib/test/auto/matrixType9.xml (RunModel)" time="0.005" />
  <testcase classname="ptolemy.util.test.junit.AutoTests" name="[469] /home/travis/build/icyphy/ptII/ptolemy/actor/lib/test/auto/paraFunctest.xml (RunModel)" time="0.005" />
  <testcase classname="ptolemy.util.test.junit.AutoTests" name="[470] /home/travis/build/icyphy/ptII/ptolemy/actor/lib/test/auto/paraFunctest2.xml (RunModel)" time="0.009" />
  <testcase classname="ptolemy.util.test.junit.AutoTests" name="[471] /home/travis/build/icyphy/ptII/ptolemy/actor/lib/test/auto/parameterPassing.xml (RunModel)" time="0.009" />
  <testcase classname="ptolemy.util.test.junit.AutoTests" name="[472] /home/travis/build/icyphy/ptII/ptolemy/actor/lib/test/auto/record.xml (RunModel)" time="0.007" />
  <testcase classname="ptolemy.util.test.junit.AutoTests" name="[473] /home/travis/build/icyphy/ptII/ptolemy/actor/lib/test/auto/sizedarray1.xml (RunModel)" time="0.007" />
  <testcase classname="ptolemy.util.test.junit.AutoTests" name="[474] /home/travis/build/icyphy/ptII/ptolemy/actor/lib/test/auto/sizedarray2.xml (RunModel)" time="0.007" />
  <testcase classname="ptolemy.util.test.junit.AutoTests" name="[475] /home/travis/build/icyphy/ptII/ptolemy/actor/lib/test/auto/twoPublishers.xml (RunModel)" time="0.021" />
  <system-out><![CDATA[/home/travis/build/icyphy/ptII/ptolemy/actor/lib/test/AbsoluteValue.tcl
testDefs.tcl: setting time out to 9000 seconds at Wed Jun 24 14:50:27 UTC 2020
117 ms. Memory: 129024K Free: 93127K (72%)
9 ms. Memory: 129024K Free: 91079K (71%)
7 ms. Memory: 129024K Free: 90055K (70%)
10 ms. Memory: 129024K Free: 89541K (69%)
/home/travis/build/icyphy/ptII/ptolemy/actor/lib/test/AddSubtract.tcl
18 ms. Memory: 129024K Free: 87478K (68%)
15 ms. Memory: 129024K Free: 86983K (67%)
12 ms. Memory: 129024K Free: 85959K (67%)
15 ms. Memory: 129024K Free: 85430K (66%)
76 ms. Memory: 129024K Free: 82373K (64%)
10 ms. Memory: 129024K Free: 81334K (63%)
/home/travis/build/icyphy/ptII/ptolemy/actor/lib/test/Average.tcl
6 ms. Memory: 129024K Free: 79815K (62%)
18 ms. Memory: 129024K Free: 78791K (61%)
/home/travis/build/icyphy/ptII/ptolemy/actor/lib/test/Bernoulli.tcl
6 ms. Memory: 129024K Free: 77246K (60%)
2 ms. Memory: 129024K Free: 76743K (59%)
/home/travis/build/icyphy/ptII/ptolemy/actor/lib/test/Clock.tcl
preinitializing
resolving types
initializing
executing number 1
wrapping up
idle
24 ms. Memory: 129024K Free: 74181K (57%)
Completed execution with 5 iterations
preinitializing
resolving types
initializing
executing number 1
wrapping up
idle
8 ms. Memory: 129024K Free: 73142K (57%)
Completed execution with 5 iterations
preinitializing
resolving types
initializing
executing number 1
wrapping up
idle
3 ms. Memory: 129024K Free: 72647K (56%)
Completed execution with 5 iterations
/home/travis/build/icyphy/ptII/ptolemy/actor/lib/test/Commutator.tcl
10 ms. Memory: 129024K Free: 70599K (55%)
16 ms. Memory: 129024K Free: 69575K (54%)
9 ms. Memory: 129024K Free: 63926K (50%)
/home/travis/build/icyphy/ptII/ptolemy/actor/lib/test/Const.tcl
3 ms. Memory: 129024K Free: 62407K (48%)
2 ms. Memory: 129024K Free: 61878K (48%)
3 ms. Memory: 129024K Free: 61383K (48%)
2 ms. Memory: 129024K Free: 60869K (47%)
2 ms. Memory: 129024K Free: 60359K (47%)
18 ms. Memory: 129024K Free: 58311K (45%)
5 ms. Memory: 129024K Free: 57287K (44%)
3 ms. Memory: 129024K Free: 56766K (44%)
/home/travis/build/icyphy/ptII/ptolemy/actor/lib/test/CurrentTime.tcl
preinitializing
resolving types
initializing
executing number 1
wrapping up
idle
14 ms. Memory: 129024K Free: 54710K (42%)
Completed execution with 11 iterations
/home/travis/build/icyphy/ptII/ptolemy/actor/lib/test/DB.tcl
7 ms. Memory: 129024K Free: 53191K (41%)
4 ms. Memory: 129024K Free: 52167K (40%)
2 ms. Memory: 129024K Free: 52167K (40%)
/home/travis/build/icyphy/ptII/ptolemy/actor/lib/test/DiscreteRandomSource.tcl
preinitializing
resolving types
initializing
executing number 1
wrapping up
idle
12 ms. Memory: 129024K Free: 50614K (39%)
Completed execution with 4 iterations
preinitializing
resolving types
initializing
executing number 1
wrapping up
idle
4 ms. Memory: 129024K Free: 50119K (39%)
Completed execution with 4 iterations
preinitializing
resolving types
initializing
executing number 1
wrapping up
idle
7 ms. Memory: 129024K Free: 49590K (38%)
Completed execution with 4 iterations
preinitializing
resolving types
initializing
executing number 1
wrapping up
idle
7 ms. Memory: 129024K Free: 49095K (38%)
Completed execution with 4 iterations
preinitializing
resolving types
initializing
executing number 1
wrapping up
idle
3 ms. Memory: 129024K Free: 48566K (38%)
Completed execution with 4 iterations
/home/travis/build/icyphy/ptII/ptolemy/actor/lib/test/Distributor.tcl
20 ms. Memory: 129024K Free: 113788K (88%)
3 ms. Memory: 129024K Free: 113288K (88%)
StreamChangeRequest.changeExecuted(): <deleteEntity name="rec2"/> succeeded
StreamChangeRequest.changeExecuted(): <deleteRelation name="r2"/> succeeded
StreamChangeRequest.changeExecuted(): Record firings per iteration succeeded
4 ms. Memory: 129024K Free: 110716K (86%)
/home/travis/build/icyphy/ptII/ptolemy/actor/lib/test/Exit.tcl
Exit.tcl: this will print a message about Manager.exitAfterWrapup, which can be ignored.
4 ms. Memory: 129024K Free: 107652K (83%)
/home/travis/build/icyphy/ptII/ptolemy/actor/lib/test/Expression.tcl
10 ms. Memory: 129024K Free: 104086K (81%)
2 ms. Memory: 129024K Free: 103601K (80%)
2 ms. Memory: 129024K Free: 102547K (79%)
preinitializing
resolving types
initializing
executing number 1
wrapping up
idle
4 ms. Memory: 129024K Free: 101500K (79%)
Completed execution with 6 iterations
3 ms. Memory: 129024K Free: 100489K (78%)
2 ms. Memory: 129024K Free: 99459K (77%)
4 ms. Memory: 129024K Free: 98459K (76%)
3 ms. Memory: 129024K Free: 97404K (75%)
2 ms. Memory: 129024K Free: 95894K (74%)
/home/travis/build/icyphy/ptII/ptolemy/actor/lib/test/Gaussian.tcl
4 ms. Memory: 129024K Free: 94347K (73%)
sleeping 1 seconds: .................................................................................................................................................................................................................................................................................................................................................................................................................................................................................................................................................................................................................................................................................................................................................................................................................................................................................................................................................................................................................................................................................................................................................................................................................................................................................................................................................................................................................................................................................................................................................................................................................................................................................................................................................................................................................................................................................................................................................................................................................................................................................................................................................................................................................................................................................................................................................................................................................................................................................................................................................................................................................................................................................................................................................................................................................................................................................................................................................................................................................................................................................................................................................................................................................................................................................................................................................................................................................................................................................................................................................................................................................................................................................................................................................................................................................................................................................................................................................................................................................................................................................................................................................................................................................................................................................................................................................................................................................................................................................................................................................................................................................................................................................................................................................................................................................................................................................................................................................................................................................................................................................................................................................................................................................................................................................................................................................................................................................................................................................................................................................................................................................................................................................................................................................................................................................................................................................................................................................................................................................................................................................................................................................................................................................................................................................................................................................................................................................................................................................................................................................................................................................................................................................................................................................................................................................................................................................................................................................................................................................................................................................................................................................................................................................................................................................................................................................................................................................................................................................................................................................................................................................................................................................................................................................................................................................................................................................................................................................................................................................................................................................................................................................................................................................................................................................................................................................................................................................................................................................................................................................................................................................................................................................................................................................................................................................................................................................................................................................................................................................................................................................................................................................................................................................................................................................................................................................................................................................................................................................................................................................................................................................................................................................................................................................................................................................................................................................................................................................................................................................................................................................................................................................................................................................................................................................................................................................................................................................................................................................................................................................................................................................................................................................................................................................................................................................................................................................................................................................................................................................................................................................................................................................................................................................................................................................................................................................................................................................................................................................................................................................................................................................................................................................................................................................................................................................................................................................................................................................................................................................................................................................................................................................................................................................................................................................................................................................................................................................................................................................................................................................................................................................................................................................................................................................................................................................................................................................................................................................................................................................................................................................................................................................................................................................................................................................................................................................................................................................................................................................................................................................................................................................................................................................................................................................................................................................................................................................................................................................................................................................................................................................................................................................................................................................................................................................................................................................................................................................................................................................................................................................................................................................................................................................................................................................................................................................................................................................................................................................................................................................................................................................................................................................................................................................................................................................................................................................................................................................................................................................................................................................................................................................................................................................................................................................................................................................................................................................................................................................................................................................................................................................................................................................................................................................................................................................................................................................................................................................................................................................................................................................................................................................................................................................................................................................................................................................................................................................................................................................................................................................................................................................................................................................................................................................................................................................................................................................................................................................................................................................................................................................................................................................................................................................................................................................................................................................................................................................................................................................................................................................................................................................................................................................................................................................................................................................................................................................................................................................................................................................................................................................................................................................................................................................................................................................................................................................................................................................................................................................................................................................................................................................................................................................................................................................................................................................................................................................................................................................................................................................................................................................................................................................................................................................................................................................................................................................................................................................................................................................................................................................................................................................................................................................................................................................................................................................................................................................................................................................................................................................................................................................................................................................................................................................................................................................................................................................................................................................................................................................................................................................................................................................................................................................................................................................................................................................................................................................................................................................................................................................................................................................................................................................................................................................................................................................................................................................................................................................................................................................................................................................................................................................................................................................................................................................................................................................................................................................................................................................................................................................................................................................................................................................................................................................................................................................................................................................................................................................................................................................................................................................................................................................................................................................................................................................................................................................................................................................................................................................................................................................................................................................................................................................................................................................................................................................................................................................................................................................................................................................................................................................................................................................................................................................................................................................................................................................................................................................................................................................................................................................................................................................................................................................................................................................................................................................................................................................................................................................................................................................................................................................................................................................................................................................................................................................................................................................................................................................................................................................................................................................................................................................................................................................................................................................................................................................................................................................................................................................................................................................................................2 ms. Memory: 129024K Free: 106924K (83%)
2 ms. Memory: 129024K Free: 106396K (82%)
2 ms. Memory: 129024K Free: 105372K (82%)
4 ms. Memory: 129024K Free: 104874K (81%)
2 ms. Memory: 129024K Free: 104362K (81%)
/home/travis/build/icyphy/ptII/ptolemy/actor/lib/test/IIR.tcl
/home/travis/build/icyphy/ptII/ptolemy/actor/lib/test/Interpolator.tcl
5 ms. Memory: 129024K Free: 100780K (78%)
5 ms. Memory: 129024K Free: 100266K (78%)
1 ms. Memory: 129024K Free: 99068K (77%)
3 ms. Memory: 129024K Free: 98732K (77%)
2 ms. Memory: 129024K Free: 97708K (76%)
2 ms. Memory: 129024K Free: 97164K (75%)
7 ms. Memory: 129024K Free: 96170K (75%)
2 ms. Memory: 129024K Free: 95146K (74%)
8 ms. Memory: 129024K Free: 94636K (73%)
1 ms. Memory: 129024K Free: 93612K (73%)
/home/travis/build/icyphy/ptII/ptolemy/actor/lib/test/MathFunction.tcl
4 ms. Memory: 129024K Free: 91564K (71%)
10 ms. Memory: 129024K Free: 90540K (70%)
2 ms. Memory: 129024K Free: 89516K (69%)
1 ms. Memory: 129024K Free: 88492K (69%)
3 ms. Memory: 129024K Free: 86924K (67%)
5 ms. Memory: 129024K Free: 85420K (66%)
/home/travis/build/icyphy/ptII/ptolemy/actor/lib/test/Maximum.tcl
5 ms. Memory: 129024K Free: 83372K (65%)
6 ms. Memory: 129024K Free: 82858K (64%)
5 ms. Memory: 129024K Free: 81820K (63%)
5 ms. Memory: 129024K Free: 81324K (63%)
/home/travis/build/icyphy/ptII/ptolemy/actor/lib/test/Minimum.tcl
6 ms. Memory: 129024K Free: 79786K (62%)
3 ms. Memory: 129024K Free: 78732K (61%)
2 ms. Memory: 129024K Free: 78252K (61%)
1 ms. Memory: 129024K Free: 77738K (60%)
/home/travis/build/icyphy/ptII/ptolemy/actor/lib/test/MultiplyDivide.tcl
8 ms. Memory: 129024K Free: 75676K (59%)
8 ms. Memory: 129024K Free: 75180K (58%)
3 ms. Memory: 129024K Free: 74156K (57%)
3 ms. Memory: 129024K Free: 73612K (57%)
4 ms. Memory: 129024K Free: 72604K (56%)
/home/travis/build/icyphy/ptII/ptolemy/actor/lib/test/OrderedMerge.tcl
Connections changed on port: inputA
Connections changed on port: inputB
Connections changed on port: output
Connections changed on port: output
Connections changed on port: output
Connections changed on port: input
.top. Preinitializing ...
Invoking preinitialize():  .top.OrderedMerge
Called preinitialize()
Invoking preinitialize():  .top.Ramp
Called preinitialize()
Invoking preinitialize():  .top.Ramp2
Called preinitialize()
Invoking preinitialize():  .top.Test
Called preinitialize()
Connections changed on port: inputA
Connections changed on port: output
Connections changed on port: output
Connections changed on port: input
Connections changed on port: inputB
Connections changed on port: output
.top. Finished preinitialize().
Called initialize().
Invoking initialize():  .top.OrderedMerge
Initializing actor: .top.OrderedMerge
Adding a thread: .top.OrderedMerge
Invoking initialize():  .top.Ramp
Initializing actor: .top.Ramp
Adding a thread: .top.Ramp
Invoking initialize():  .top.Ramp2
Initializing actor: .top.Ramp2
Adding a thread: .top.Ramp2
Invoking initialize():  .top.Test
Initializing actor: .top.Test
Adding a thread: .top.Test
Called fire().
Checking for deadlock:
-- Starting thread.
-- Starting thread.
Called initialize()
Called initialize()
Called prefire()
Called fire()
-- Starting thread.
Called initialize()
Called prefire()
Called fire()
Called prefire()
Called fire()
-- Starting thread.
Called initialize()
Called prefire()
Called fire()
There are 0 Blocked actors, 0 Stopped actors, and 4 active threads.
Waiting for actors to stop.
Called postfire()
Called prefire()
Called fire()
Called postfire()
Called prefire()
Called fire()
Called postfire()
Called prefire()
Called fire()
Checking for deadlock:
There are 3 Blocked actors, 0 Stopped actors, and 4 active threads.
Read input token from inputA with value 0.0
Waiting for actors to stop.
Next port to read input from is inputB
Called postfire()
Called prefire()
Called fire()
Called postfire()
Called prefire()
Read input token from inputB with value 0.0
Called fire()
Checking for deadlock:
There are 3 Blocked actors, 0 Stopped actors, and 4 active threads.
Waiting for actors to stop.
Sent output token with value 0.0
Next port to read input from is inputA
Called postfire()
Called prefire()
Called fire()
-- Read input: 0.0, which is expected to match: 0.0
Read input token from inputA with value 1.0
Called prefire()
Called fire()
Sent output token with value 0.0
Next port to read input from is inputB
-- Read input: 0.0, which is expected to match: 0.0
Called postfire()
Called prefire()
Called fire()
Called prefire()
Called fire()
Called postfire()
Read input token from inputB with value 1.5
Checking for deadlock:
Called prefire()
There are 1 Blocked actors, 0 Stopped actors, and 4 active threads.
Waiting for actors to stop.
Called fire()
Called postfire()
Called prefire()
Called fire()
Checking for deadlock:
There are 3 Blocked actors, 0 Stopped actors, and 4 active threads.
Waiting for actors to stop.
Sent output token with value 1.0
-- Read input: 1.0, which is expected to match: 1.0
Next port to read input from is inputA
Called postfire()
Called prefire()
Checking for deadlock:
Called prefire()
Called fire()
There are 2 Blocked actors, 0 Stopped actors, and 4 active threads.
Waiting for actors to stop.
Read input token from inputA with value 2.0
Sent output token with value 1.5
Next port to read input from is inputB
Called postfire()
Called prefire()
Called fire()
Read input token from inputB with value 3.0
Checking for deadlock:
There are 1 Blocked actors, 0 Stopped actors, and 4 active threads.
Waiting for actors to stop.
Called postfire()
Called prefire()
Called fire()
Called postfire()
Called prefire()
Called fire()
Checking for deadlock:
There are 3 Blocked actors, 0 Stopped actors, and 4 active threads.
Waiting for actors to stop.
Called fire()
-- Read input: 1.5, which is expected to match: 1.5
Sent output token with value 2.0
Called prefire()
Called fire()
Next port to read input from is inputA
Called postfire()
Called prefire()
Called fire()
-- Read input: 2.0, which is expected to match: 2.0
Called prefire()
Read input token from inputA with value 3.0
Called fire()
Sent output token with value 3.0
-- Read input: 3.0, which is expected to match: 3.0
Next port to read input from is inputB
Called postfire()
Called prefire()
Called fire()
Called prefire()
Called fire()
Read input token from inputB with value 4.5
Sent output token with value 3.0
Next port to read input from is inputA
Called postfire()
Called prefire()
Called fire()
Checking for deadlock:
There are 1 Blocked actors, 0 Stopped actors, and 4 active threads.
Waiting for actors to stop.
-- Read input: 3.0, which is expected to match: 3.0
Called prefire()
Called postfire()
Called prefire()
Called fire()
Called postfire()
Called fire()
Called prefire()
Called fire()
Checking for deadlock:
There are 3 Blocked actors, 0 Stopped actors, and 4 active threads.
Waiting for actors to stop.
Read input token from inputA with value 4.0
Sent output token with value 4.0
Next port to read input from is inputA
Called postfire()
Called prefire()
Called fire()
Checking for deadlock:
There are 2 Blocked actors, 0 Stopped actors, and 4 active threads.
Waiting for actors to stop.
Called postfire()
Called prefire()
Called fire()
Checking for deadlock:
There are 2 Blocked actors, 0 Stopped actors, and 4 active threads.
Waiting for actors to stop.
-- Read input: 4.0, which is expected to match: 4.0
Called postfire()
Called prefire()
Called prefire()
Called fire()
Called fire()
Past the end of training data. Read and discard all inputs.
Read input token from inputA with value 5.0
Sent output token with value 4.5
Next port to read input from is inputB
Called postfire()
Called prefire()
Called fire()
Read input token from inputB with value 6.0
Checking for deadlock:
There are 2 Blocked actors, 0 Stopped actors, and 4 active threads.
Waiting for actors to stop.
Called postfire()
Called prefire()
Called prefire()
Called fire()
Past the end of training data. Read and discard all inputs.
Called fire()
Checking for deadlock:
There are 3 Blocked actors, 0 Stopped actors, and 4 active threads.
Waiting for actors to stop.
Called prefire()
Called fire()
Past the end of training data. Read and discard all inputs.
Sent output token with value 5.0
Next port to read input from is inputA
Called postfire()
Called prefire()
Called fire()
Read input token from inputA with value 6.0
Sent output token with value 6.0
Next port to read input from is inputB
Called postfire()
Called prefire()
Called fire()
Read input token from inputB with value 7.5
Checking for deadlock:
There are 1 Blocked actors, 0 Stopped actors, and 4 active threads.
Waiting for actors to stop.
Called prefire()
Called fire()
Past the end of training data. Read and discard all inputs.
Called postfire()
Called prefire()
Called fire()
Called postfire()
Called prefire()
Called fire()
Checking for deadlock:
There are 3 Blocked actors, 0 Stopped actors, and 4 active threads.
Waiting for actors to stop.
Sent output token with value 6.0
Next port to read input from is inputA
Called postfire()
Called prefire()
Called fire()
Read input token from inputA with value 7.0
Checking for deadlock:
There are 2 Blocked actors, 0 Stopped actors, and 4 active threads.
Waiting for actors to stop.
Called prefire()
Called fire()
Past the end of training data. Read and discard all inputs.
Called postfire()
Called prefire()
Called fire()
Checking for deadlock:
There are 3 Blocked actors, 0 Stopped actors, and 4 active threads.
Waiting for actors to stop.
Sent output token with value 7.0
Next port to read input from is inputA
Called postfire()
Called prefire()
Called fire()
Read input token from inputA with value 8.0
Checking for deadlock:
There are 2 Blocked actors, 0 Stopped actors, and 4 active threads.
Waiting for actors to stop.
Called prefire()
Called fire()
Past the end of training data. Read and discard all inputs.
Checking for deadlock:
There are 2 Blocked actors, 0 Stopped actors, and 4 active threads.
Waiting for actors to stop.
-- Thread wrapup() called.
Called wrapup()
Thread .top.Ramp is exiting.
-- Thread stopped.
Checking for deadlock:
There are 2 Blocked actors, 0 Stopped actors, and 3 active threads.
Waiting for actors to stop.
Called prefire()
Called fire()
Past the end of training data. Read and discard all inputs.
Sent output token with value 7.5
Next port to read input from is inputB
Called postfire()
Called prefire()
Called fire()
Read input token from inputB with value 9.0
Sent output token with value 8.0
Next port to read input from is inputA
Called postfire()
Called prefire()
Called fire()
Read input token from inputA with value 9.0
Checking for deadlock:
There are 1 Blocked actors, 0 Stopped actors, and 3 active threads.
Waiting for actors to stop.
Called postfire()
Called prefire()
Called fire()
Called prefire()
Called fire()
Past the end of training data. Read and discard all inputs.
Checking for deadlock:
There are 2 Blocked actors, 0 Stopped actors, and 3 active threads.
Waiting for actors to stop.
Called prefire()
Called fire()
Past the end of training data. Read and discard all inputs.
Sent output token with value 9.0
Next port to read input from is inputB
Called postfire()
Called prefire()
Called fire()
Read input token from inputB with value 10.5
Sent output token with value 9.0
Next port to read input from is inputA
Called postfire()
Called prefire()
Called fire()
Checking for deadlock:
There are 1 Blocked actors, 0 Stopped actors, and 3 active threads.
Waiting for actors to stop.
Called postfire()
Called prefire()
Called fire()
Called prefire()
Called fire()
Past the end of training data. Read and discard all inputs.
Checking for deadlock:
There are 3 Blocked actors, 0 Stopped actors, and 3 active threads.
Actors have stopped.
Checking for deadlock:
There are 3 Blocked actors, 0 Stopped actors, and 3 active threads.
Deadlock detected.
Resolving Deadlock
Checking for deadlock:
There are 3 Blocked actors, 0 Stopped actors, and 3 active threads.
Artificial Deadlock - increasing queue capacity.
increasing the capacity of receiver ptolemy.actor.TypedIOPort {.top.OrderedMerge.inputB} to 2
-- Thread wrapup() called.
Called wrapup()
Thread .top.Ramp2 is exiting.
-- Thread stopped.
Director: Called postfire().
Called postfire().
_stopRequested = false
_stopFireRequested = false
Returning from postfire(): true
Called fire().
Checking for deadlock:
There are 2 Blocked actors, 0 Stopped actors, and 2 active threads.
Actors have stopped.
Checking for deadlock:
There are 2 Blocked actors, 0 Stopped actors, and 2 active threads.
Deadlock detected.
Resolving Deadlock
Checking for deadlock:
There are 2 Blocked actors, 0 Stopped actors, and 2 active threads.
Deadlock detected: no processes blocked on write, but some are blocked on read.
Called postfire().
_stopRequested = false
_stopFireRequested = false
Returning from postfire(): false
Finished deactivating branches.
Called wrapup().
-- Thread wrapup() called.
Called wrapup()
Thread .top.Test is exiting.
-- Thread stopped.
-- Blocked Receiver call threw TerminateProcessException.
-- Thread wrapup() called.
Called wrapup()
Thread .top.OrderedMerge is exiting.
-- Thread stopped.
-- Blocked Receiver call threw TerminateProcessException.
55 ms. Memory: 129024K Free: 68012K (53%)
.top. Preinitializing ...
Invoking preinitialize():  .top.OrderedMerge
Called preinitialize()
Invoking preinitialize():  .top.Ramp
Called preinitialize()
Invoking preinitialize():  .top.Ramp2
Called preinitialize()
Invoking preinitialize():  .top.Test
Called preinitialize()
.top. Finished preinitialize().
Called initialize().
Invoking initialize():  .top.OrderedMerge
Initializing actor: .top.OrderedMerge
Adding a thread: .top.OrderedMerge
Invoking initialize():  .top.Ramp
Initializing actor: .top.Ramp
Adding a thread: .top.Ramp
Invoking initialize():  .top.Ramp2
Initializing actor: .top.Ramp2
Adding a thread: .top.Ramp2
Invoking initialize():  .top.Test
Initializing actor: .top.Test
Adding a thread: .top.Test
-- Starting thread.
Called initialize()
Called prefire()
Called fire()
-- Starting thread.
Called initialize()
Called prefire()
Called fire()
Called postfire()
Called prefire()
Called fire()
-- Starting thread.
Called initialize()
Called prefire()
Called fire()
Called postfire()
Called prefire()
Called fire()
Called fire().
Checking for deadlock:
There are 3 Blocked actors, 0 Stopped actors, and 4 active threads.
Waiting for actors to stop.
-- Starting thread.
Called initialize()
Called prefire()
Called fire()
Checking for deadlock:
There are 2 Blocked actors, 0 Stopped actors, and 4 active threads.
Waiting for actors to stop.
Called postfire()
Called prefire()
Called fire()
Checking for deadlock:
There are 3 Blocked actors, 0 Stopped actors, and 4 active threads.
Waiting for actors to stop.
Read input token from inputA with value 0.0
Next port to read input from is inputB
Called postfire()
Called prefire()
Called fire()
Called postfire()
Called prefire()
Called fire()
Checking for deadlock:
There are 3 Blocked actors, 0 Stopped actors, and 4 active threads.
Waiting for actors to stop.
Read input token from inputB with value 0.0
Checking for deadlock:
There are 2 Blocked actors, 0 Stopped actors, and 4 active threads.
Waiting for actors to stop.
-- Read input: 0.0, which is expected to match: 0.0
Called prefire()
Called fire()
Checking for deadlock:
There are 3 Blocked actors, 0 Stopped actors, and 4 active threads.
Waiting for actors to stop.
Sent output token with value 0.0
Next port to read input from is inputA
Called postfire()
Called prefire()
Called fire()
Checking for deadlock:
There are 2 Blocked actors, 0 Stopped actors, and 4 active threads.
Waiting for actors to stop.
Called postfire()
Called prefire()
Called fire()
Checking for deadlock:
There are 3 Blocked actors, 0 Stopped actors, and 4 active threads.
Waiting for actors to stop.
Read input token from inputA with value 1.0
Checking for deadlock:
There are 2 Blocked actors, 0 Stopped actors, and 4 active threads.
Waiting for actors to stop.
-- Read input: 0.0, which is expected to match: 0.0
Called prefire()
Called fire()
Checking for deadlock:
There are 3 Blocked actors, 0 Stopped actors, and 4 active threads.
Waiting for actors to stop.
Sent output token with value 0.0
Next port to read input from is inputB
Called postfire()
Called prefire()
Called fire()
Called postfire()
Called prefire()
Called fire()
Checking for deadlock:
There are 3 Blocked actors, 0 Stopped actors, and 4 active threads.
Waiting for actors to stop.
Read input token from inputB with value 1.5
-- Read input: 1.0, which is expected to match: 1.0
Called prefire()
Called fire()
Checking for deadlock:
There are 3 Blocked actors, 0 Stopped actors, and 4 active threads.
Waiting for actors to stop.
Sent output token with value 1.0
Next port to read input from is inputA
Called postfire()
Called prefire()
Called fire()
Checking for deadlock:
There are 2 Blocked actors, 0 Stopped actors, and 4 active threads.
Waiting for actors to stop.
Called postfire()
Called prefire()
Called fire()
Checking for deadlock:
There are 3 Blocked actors, 0 Stopped actors, and 4 active threads.
Waiting for actors to stop.
Read input token from inputA with value 2.0
Checking for deadlock:
There are 2 Blocked actors, 0 Stopped actors, and 4 active threads.
Waiting for actors to stop.
-- Read input: 1.5, which is expected to match: 1.5
Called prefire()
Called fire()
Checking for deadlock:
There are 3 Blocked actors, 0 Stopped actors, and 4 active threads.
Waiting for actors to stop.
Sent output token with value 1.5
Next port to read input from is inputB
Called postfire()
Called prefire()
Called fire()
Checking for deadlock:
There are 2 Blocked actors, 0 Stopped actors, and 4 active threads.
Waiting for actors to stop.
Called postfire()
Called prefire()
Called fire()
Checking for deadlock:
There are 3 Blocked actors, 0 Stopped actors, and 4 active threads.
Waiting for actors to stop.
Read input token from inputB with value 3.0
Checking for deadlock:
There are 2 Blocked actors, 0 Stopped actors, and 4 active threads.
Waiting for actors to stop.
-- Read input: 2.0, which is expected to match: 2.0
Called prefire()
Called fire()
Checking for deadlock:
There are 3 Blocked actors, 0 Stopped actors, and 4 active threads.
Waiting for actors to stop.
Sent output token with value 2.0
Next port to read input from is inputA
Called postfire()
Called prefire()
Called fire()
Checking for deadlock:
There are 2 Blocked actors, 0 Stopped actors, and 4 active threads.
Waiting for actors to stop.
Called postfire()
Called prefire()
Called fire()
Checking for deadlock:
There are 3 Blocked actors, 0 Stopped actors, and 4 active threads.
Waiting for actors to stop.
Read input token from inputA with value 3.0
Checking for deadlock:
There are 2 Blocked actors, 0 Stopped actors, and 4 active threads.
Waiting for actors to stop.
-- Read input: 3.0, which is expected to match: 3.0
Called prefire()
Called fire()
Checking for deadlock:
There are 3 Blocked actors, 0 Stopped actors, and 4 active threads.
Waiting for actors to stop.
Sent output token with value 3.0
Next port to read input from is inputB
Called postfire()
Called prefire()
Called fire()
Called postfire()
Called prefire()
Called fire()
Checking for deadlock:
There are 3 Blocked actors, 0 Stopped actors, and 4 active threads.
Waiting for actors to stop.
Read input token from inputB with value 4.5
-- Read input: 3.0, which is expected to match: 3.0
Called prefire()
Called fire()
Checking for deadlock:
There are 3 Blocked actors, 0 Stopped actors, and 4 active threads.
Waiting for actors to stop.
Sent output token with value 3.0
Next port to read input from is inputA
Called postfire()
Called prefire()
Called fire()
Checking for deadlock:
There are 2 Blocked actors, 0 Stopped actors, and 4 active threads.
Waiting for actors to stop.
Called postfire()
Called prefire()
Called fire()
Checking for deadlock:
There are 3 Blocked actors, 0 Stopped actors, and 4 active threads.
Waiting for actors to stop.
Read input token from inputA with value 4.0
Checking for deadlock:
There are 2 Blocked actors, 0 Stopped actors, and 4 active threads.
Waiting for actors to stop.
-- Read input: 4.0, which is expected to match: 4.0
Called prefire()
Called fire()
Past the end of training data. Read and discard all inputs.
Checking for deadlock:
There are 3 Blocked actors, 0 Stopped actors, and 4 active threads.
Waiting for actors to stop.
Sent output token with value 4.0
Next port to read input from is inputA
Called postfire()
Called prefire()
Called fire()
Checking for deadlock:
There are 2 Blocked actors, 0 Stopped actors, and 4 active threads.
Waiting for actors to stop.
Called postfire()
Called prefire()
Called fire()
Checking for deadlock:
There are 3 Blocked actors, 0 Stopped actors, and 4 active threads.
Waiting for actors to stop.
Read input token from inputA with value 5.0
Checking for deadlock:
There are 2 Blocked actors, 0 Stopped actors, and 4 active threads.
Waiting for actors to stop.
Called prefire()
Called fire()
Past the end of training data. Read and discard all inputs.
Checking for deadlock:
There are 3 Blocked actors, 0 Stopped actors, and 4 active threads.
Waiting for actors to stop.
Sent output token with value 4.5
Next port to read input from is inputB
Called postfire()
Called prefire()
Called fire()
Called postfire()
Called prefire()
Called fire()
Checking for deadlock:
There are 3 Blocked actors, 0 Stopped actors, and 4 active threads.
Waiting for actors to stop.
Read input token from inputB with value 6.0
Called prefire()
Called fire()
Past the end of training data. Read and discard all inputs.
Checking for deadlock:
There are 3 Blocked actors, 0 Stopped actors, and 4 active threads.
Waiting for actors to stop.
Sent output token with value 5.0
Next port to read input from is inputA
Called postfire()
Called prefire()
Called fire()
Checking for deadlock:
There are 2 Blocked actors, 0 Stopped actors, and 4 active threads.
Waiting for actors to stop.
Called postfire()
Called prefire()
Called fire()
Checking for deadlock:
There are 3 Blocked actors, 0 Stopped actors, and 4 active threads.
Waiting for actors to stop.
Read input token from inputA with value 6.0
Checking for deadlock:
There are 2 Blocked actors, 0 Stopped actors, and 4 active threads.
Waiting for actors to stop.
Called prefire()
Called fire()
Past the end of training data. Read and discard all inputs.
Checking for deadlock:
There are 3 Blocked actors, 0 Stopped actors, and 4 active threads.
Waiting for actors to stop.
Sent output token with value 6.0
Next port to read input from is inputB
Called postfire()
Called prefire()
Called fire()
Checking for deadlock:
There are 2 Blocked actors, 0 Stopped actors, and 4 active threads.
Waiting for actors to stop.
Called postfire()
Called prefire()
Called fire()
Checking for deadlock:
There are 3 Blocked actors, 0 Stopped actors, and 4 active threads.
Waiting for actors to stop.
Read input token from inputB with value 7.5
Checking for deadlock:
There are 2 Blocked actors, 0 Stopped actors, and 4 active threads.
Waiting for actors to stop.
Called prefire()
Called fire()
Past the end of training data. Read and discard all inputs.
Checking for deadlock:
There are 3 Blocked actors, 0 Stopped actors, and 4 active threads.
Waiting for actors to stop.
Sent output token with value 6.0
Next port to read input from is inputA
Called postfire()
Called prefire()
Called fire()
Called postfire()
Called prefire()
Called fire()
Checking for deadlock:
There are 3 Blocked actors, 0 Stopped actors, and 4 active threads.
Waiting for actors to stop.
Read input token from inputA with value 7.0
Called prefire()
Called fire()
Past the end of training data. Read and discard all inputs.
Checking for deadlock:
There are 3 Blocked actors, 0 Stopped actors, and 4 active threads.
Waiting for actors to stop.
Sent output token with value 7.0
Next port to read input from is inputA
Called postfire()
Called prefire()
Called fire()
-- Thread wrapup() called.
Called wrapup()
Thread .top.Ramp is exiting.
-- Thread stopped.
Checking for deadlock:
There are 2 Blocked actors, 0 Stopped actors, and 3 active threads.
Waiting for actors to stop.
Read input token from inputA with value 8.0
Checking for deadlock:
There are 1 Blocked actors, 0 Stopped actors, and 3 active threads.
Waiting for actors to stop.
Called prefire()
Called fire()
Past the end of training data. Read and discard all inputs.
Checking for deadlock:
There are 2 Blocked actors, 0 Stopped actors, and 3 active threads.
Waiting for actors to stop.
Sent output token with value 7.5
Next port to read input from is inputB
Called postfire()
Called prefire()
Called fire()
Checking for deadlock:
There are 1 Blocked actors, 0 Stopped actors, and 3 active threads.
Waiting for actors to stop.
Called postfire()
Called prefire()
Called fire()
Checking for deadlock:
There are 2 Blocked actors, 0 Stopped actors, and 3 active threads.
Waiting for actors to stop.
Read input token from inputB with value 9.0
Checking for deadlock:
There are 1 Blocked actors, 0 Stopped actors, and 3 active threads.
Waiting for actors to stop.
Called prefire()
Called fire()
Past the end of training data. Read and discard all inputs.
Checking for deadlock:
There are 2 Blocked actors, 0 Stopped actors, and 3 active threads.
Waiting for actors to stop.
Sent output token with value 8.0
Next port to read input from is inputA
Called postfire()
Called prefire()
Called fire()
Read input token from inputA with value 9.0
Called prefire()
Called fire()
Past the end of training data. Read and discard all inputs.
Checking for deadlock:
There are 2 Blocked actors, 0 Stopped actors, and 3 active threads.
Waiting for actors to stop.
Sent output token with value 9.0
Next port to read input from is inputB
Called postfire()
Called prefire()
Called fire()
Called postfire()
Called prefire()
Called fire()
Checking for deadlock:
There are 2 Blocked actors, 0 Stopped actors, and 3 active threads.
Waiting for actors to stop.
Read input token from inputB with value 10.5
Called prefire()
Called fire()
Past the end of training data. Read and discard all inputs.
Checking for deadlock:
There are 2 Blocked actors, 0 Stopped actors, and 3 active threads.
Waiting for actors to stop.
Sent output token with value 9.0
Next port to read input from is inputA
Called postfire()
Called prefire()
Called fire()
Checking for deadlock:
There are 3 Blocked actors, 0 Stopped actors, and 3 active threads.
Actors have stopped.
Checking for deadlock:
There are 3 Blocked actors, 0 Stopped actors, and 3 active threads.
Deadlock detected.
Resolving Deadlock
Checking for deadlock:
There are 3 Blocked actors, 0 Stopped actors, and 3 active threads.
Artificial Deadlock - increasing queue capacity.
increasing the capacity of receiver ptolemy.actor.TypedIOPort {.top.OrderedMerge.inputB} to 2
Director: Called postfire().
Called postfire().
_stopRequested = false
_stopFireRequested = false
Returning from postfire(): true
Called fire().
Checking for deadlock:
There are 2 Blocked actors, 0 Stopped actors, and 3 active threads.
Waiting for actors to stop.
-- Thread wrapup() called.
Called wrapup()
Thread .top.Ramp2 is exiting.
-- Thread stopped.
Checking for deadlock:
There are 2 Blocked actors, 0 Stopped actors, and 2 active threads.
Actors have stopped.
Checking for deadlock:
There are 2 Blocked actors, 0 Stopped actors, and 2 active threads.
Deadlock detected.
Resolving Deadlock
Checking for deadlock:
There are 2 Blocked actors, 0 Stopped actors, and 2 active threads.
Deadlock detected: no processes blocked on write, but some are blocked on read.
Called postfire().
_stopRequested = false
_stopFireRequested = false
Returning from postfire(): false
Finished deactivating branches.
Called wrapup().
-- Thread wrapup() called.
Called wrapup()
-- Thread wrapup() called.
Called wrapup()
Thread .top.Test is exiting.
-- Thread stopped.
-- Blocked Receiver call threw TerminateProcessException.
Thread .top.OrderedMerge is exiting.
15 ms. Memory: 129024K Free: 65450K (51%)
/home/travis/build/icyphy/ptII/ptolemy/actor/lib/test/Publisher.tcl
-- Thread stopped.
-- Blocked Receiver call threw TerminateProcessException.
10 ms. Memory: 129024K Free: 59306K (46%)
4 ms. Memory: 129024K Free: 54172K (42%)
10 ms. Memory: 129024K Free: 109261K (85%)
3 ms. Memory: 129024K Free: 108237K (84%)
10 ms. Memory: 129024K Free: 107213K (83%)
12 ms. Memory: 129024K Free: 106717K (83%)
6 ms. Memory: 129024K Free: 105693K (82%)
3 ms. Memory: 129024K Free: 104669K (81%)
16 ms. Memory: 129024K Free: 94939K (74%)
4 ms. Memory: 129024K Free: 90843K (70%)
2 ms. Memory: 129024K Free: 90333K (70%)
4 ms. Memory: 129024K Free: 88285K (68%)
16 ms. Memory: 129024K Free: 80603K (62%)
5 ms. Memory: 129024K Free: 70877K (55%)
6 ms. Memory: 129024K Free: 60109K (47%)
/home/travis/build/icyphy/ptII/ptolemy/actor/lib/test/Pulse.tcl
3 ms. Memory: 155648K Free: 113565K (73%)
8 ms. Memory: 155648K Free: 112541K (72%)
1 ms. Memory: 155648K Free: 112031K (72%)
2 ms. Memory: 155648K Free: 111503K (72%)
1 ms. Memory: 155648K Free: 111007K (71%)
5 ms. Memory: 155648K Free: 109983K (71%)
2 ms. Memory: 155648K Free: 108959K (70%)
1 ms. Memory: 155648K Free: 108439K (70%)
1 ms. Memory: 155648K Free: 107407K (69%)
/home/travis/build/icyphy/ptII/ptolemy/actor/lib/test/Ramp.tcl
2 ms. Memory: 155648K Free: 105887K (68%)
1 ms. Memory: 155648K Free: 104863K (67%)
2 ms. Memory: 155648K Free: 104335K (67%)
1 ms. Memory: 155648K Free: 103311K (66%)
3 ms. Memory: 155648K Free: 102815K (66%)
3 ms. Memory: 155648K Free: 101791K (65%)
4 ms. Memory: 155648K Free: 100767K (65%)
5 actors
4000 microseconds per iteration to create
4 ms. Memory: 155648K Free: 98205K (63%)
1 ms. Memory: 155648K Free: 97695K (63%)
5 ms. Memory: 155648K Free: 97151K (62%)
2 ms. Memory: 155648K Free: 96157K (62%)
50 actors
49000 microseconds per iteration to create
42 ms. Memory: 155648K Free: 80797K (52%)
16 ms. Memory: 155648K Free: 79773K (51%)
4 ms. Memory: 155648K Free: 78749K (51%)
10 ms. Memory: 155648K Free: 77725K (50%)
500 actors
1335000 microseconds per iteration to create
198 ms. Memory: 155648K Free: 68767K (44%)
30 ms. Memory: 155648K Free: 63647K (41%)
28 ms. Memory: 155648K Free: 58527K (38%)
52 ms. Memory: 155648K Free: 130665K (84%)
/home/travis/build/icyphy/ptII/ptolemy/actor/lib/test/RampContinuous.tcl
8 ms. Memory: 155648K Free: 129087K (83%)
/home/travis/build/icyphy/ptII/ptolemy/actor/lib/test/RecordAssembler.tcl
4 ms. Memory: 155648K Free: 127593K (82%)
4 ms. Memory: 155648K Free: 126569K (81%)
/home/travis/build/icyphy/ptII/ptolemy/actor/lib/test/RecordDisassembler.tcl
11 ms. Memory: 155648K Free: 124521K (80%)
4 ms. Memory: 155648K Free: 123976K (80%)
4 ms. Memory: 155648K Free: 122968K (79%)
/home/travis/build/icyphy/ptII/ptolemy/actor/lib/test/Scale.tcl
2 ms. Memory: 155648K Free: 120935K (78%)
1 ms. Memory: 155648K Free: 120425K (77%)
1 ms. Memory: 155648K Free: 119401K (77%)
2 ms. Memory: 155648K Free: 118377K (76%)
3 ms. Memory: 155648K Free: 117863K (76%)
/home/travis/build/icyphy/ptII/ptolemy/actor/lib/test/SequentialClock.tcl
preinitializing
resolving types
initializing
executing number 1
wrapping up
idle
3 ms. Memory: 155648K Free: 116329K (75%)
Completed execution with 5 iterations
preinitializing
resolving types
initializing
executing number 1
wrapping up
idle
2 ms. Memory: 155648K Free: 115800K (74%)
Completed execution with 5 iterations
preinitializing
resolving types
initializing
executing number 1
wrapping up
idle
1 ms. Memory: 155648K Free: 115305K (74%)
Completed execution with 5 iterations
/home/travis/build/icyphy/ptII/ptolemy/actor/lib/test/SetVariable.tcl
8 ms. Memory: 155648K Free: 113760K (73%)
/home/travis/build/icyphy/ptII/ptolemy/actor/lib/test/Sinewave.tcl
/home/travis/build/icyphy/ptII/ptolemy/actor/lib/test/SubscriptionAggregator.tcl
4 ms. Memory: 155648K Free: 101993K (66%)
3 ms. Memory: 155648K Free: 101464K (65%)
1 ms. Memory: 155648K Free: 100969K (65%)
0 ms. Memory: 155648K Free: 100424K (65%)
1 ms. Memory: 155648K Free: 96873K (62%)
7 ms. Memory: 155648K Free: 94825K (61%)
...............................................................991 ms. Memory: 281600K Free: 174079K (62%)
/home/travis/build/icyphy/ptII/ptolemy/actor/lib/test/Test.tcl
 The next command will produce a warning about training mode,
   which may be ignored.
6 ms. Memory: 281600K Free: 172043K (61%)
5 ms. Memory: 281600K Free: 171533K (61%)
9 ms. Memory: 281600K Free: 170988K (61%)
2 ms. Memory: 281600K Free: 170509K (61%)
2 ms. Memory: 281600K Free: 169485K (60%)
9 ms. Memory: 281600K Free: 168461K (60%)
5 ms. Memory: 281600K Free: 166892K (59%)
 The next command will produce a warning about training mode,
   which may be ignored.
6 ms. Memory: 281600K Free: 164844K (59%)
 The next command will produce a warning about training mode,
   which may be ignored.
2 ms. Memory: 281600K Free: 163836K (58%)
1 ms. Memory: 281600K Free: 163341K (58%)
1 ms. Memory: 281600K Free: 162812K (58%)
3 ms. Memory: 281600K Free: 162317K (58%)
8 ms. Memory: 281600K Free: 161293K (57%)
4 ms. Memory: 281600K Free: 157197K (56%)
/home/travis/build/icyphy/ptII/ptolemy/actor/lib/test/TestExceptionHandler.tcl
 The next command will produce a warning about training mode,
   which may be ignored.
3 ms. Memory: 281600K Free: 156173K (55%)
1 ms. Memory: 281600K Free: 155644K (55%)
1 ms. Memory: 281600K Free: 155149K (55%)
/home/travis/build/icyphy/ptII/ptolemy/actor/lib/test/UnionDisassembler.tcl
28 ms. Memory: 281600K Free: 147981K (53%)
/home/travis/build/icyphy/ptII/ptolemy/actor/lib/test/VariableClock.tcl
preinitializing
resolving types
initializing
executing number 1
wrapping up
idle
8 ms. Memory: 281600K Free: 145933K (52%)
Completed execution with 11 iterations
preinitializing
resolving types
initializing
executing number 1
wrapping up
idle
6 ms. Memory: 281600K Free: 144388K (51%)
Completed execution with 10 iterations
06/24/20 02:50:34
Failed: 0  Total Tests: 233  ((Passed: 233, Newly Passed: 0)  Known Failed: 0) /home/travis/build/icyphy/ptII/ptolemy/actor/lib/test
----------------- testing (KnownFailure) /home/travis/build/icyphy/ptII/ptolemy/actor/lib/test/auto/knownFailedTests/PublisherPortToplevelSubscriber.xml
1 ms. Memory: 281600K Free: 140813K (50%)
Known Failure: java.lang.reflect.InvocationTargetException
----------------- testing (KnownFailure) /home/travis/build/icyphy/ptII/ptolemy/actor/lib/test/auto/knownFailedTests/PublisherSubscriberPortToplevel.xml
0 ms. Memory: 281600K Free: 137227K (49%)
Known Failure: java.lang.reflect.InvocationTargetException
----------------- testing (KnownFailure) /home/travis/build/icyphy/ptII/ptolemy/actor/lib/test/auto/knownFailedTests/PublisherSubscriptionAggregatorPort.xml
0 ms. Memory: 281600K Free: 133131K (47%)
Known Failure: java.lang.reflect.InvocationTargetException
----------------- testing (KnownFailure) /home/travis/build/icyphy/ptII/ptolemy/actor/lib/test/auto/knownFailedTests/sizedarray3.xml
4 ms. Memory: 281600K Free: 128525K (46%)
Known Failure: java.lang.reflect.InvocationTargetException
No auto/linux-amd64/*.xml tests in /home/travis/build/icyphy/ptII/ptolemy/actor/lib/test
AutoTests.java: About to close Vertx.
AutoTests.java: Vertx closed.

===========================================================================================
----------------- testing Wed Jun 24 14:50:34 UTC 2020 /home/travis/build/icyphy/ptII/ptolemy/actor/lib/test/auto/AbsoluteValue.xml
----------------- Instantiating /home/travis/build/icyphy/ptII/ptolemy/actor/lib/test/auto/AbsoluteValue.xml
4 ms. Memory: 281600K Free: 230531K (82%)
----------------- Invoking toplevel() on ptolemy.moml.MoMLSimpleApplication@45cb84e4
----------------- Done invoking toplevel() on ptolemy.moml.MoMLSimpleApplication@45cb84e4
reloadAllAccessors: .AbsoluteValue

===========================================================================================
----------------- testing Wed Jun 24 14:50:35 UTC 2020 /home/travis/build/icyphy/ptII/ptolemy/actor/lib/test/auto/AbsoluteValue2.xml
----------------- Instantiating /home/travis/build/icyphy/ptII/ptolemy/actor/lib/test/auto/AbsoluteValue2.xml
5 ms. Memory: 281600K Free: 223363K (79%)
----------------- Invoking toplevel() on ptolemy.moml.MoMLSimpleApplication@11dbf5f1
----------------- Done invoking toplevel() on ptolemy.moml.MoMLSimpleApplication@11dbf5f1
reloadAllAccessors: .AbsoluteValue2

===========================================================================================
----------------- testing Wed Jun 24 14:50:35 UTC 2020 /home/travis/build/icyphy/ptII/ptolemy/actor/lib/test/auto/Accumulator.xml
----------------- Instantiating /home/travis/build/icyphy/ptII/ptolemy/actor/lib/test/auto/Accumulator.xml
4 ms. Memory: 281600K Free: 217219K (77%)
----------------- Invoking toplevel() on ptolemy.moml.MoMLSimpleApplication@671da8b7
----------------- Done invoking toplevel() on ptolemy.moml.MoMLSimpleApplication@671da8b7
reloadAllAccessors: .Accumulator

===========================================================================================
----------------- testing Wed Jun 24 14:50:35 UTC 2020 /home/travis/build/icyphy/ptII/ptolemy/actor/lib/test/auto/Accumulator2.xml
----------------- Instantiating /home/travis/build/icyphy/ptII/ptolemy/actor/lib/test/auto/Accumulator2.xml
5 ms. Memory: 281600K Free: 211585K (75%)
----------------- Invoking toplevel() on ptolemy.moml.MoMLSimpleApplication@8f738d3
----------------- Done invoking toplevel() on ptolemy.moml.MoMLSimpleApplication@8f738d3
reloadAllAccessors: .Accumulator2

===========================================================================================
----------------- testing Wed Jun 24 14:50:35 UTC 2020 /home/travis/build/icyphy/ptII/ptolemy/actor/lib/test/auto/Accumulator3.xml
----------------- Instantiating /home/travis/build/icyphy/ptII/ptolemy/actor/lib/test/auto/Accumulator3.xml
2 ms. Memory: 281600K Free: 207489K (74%)
----------------- Invoking toplevel() on ptolemy.moml.MoMLSimpleApplication@af9e3b5
----------------- Done invoking toplevel() on ptolemy.moml.MoMLSimpleApplication@af9e3b5
reloadAllAccessors: .Accumulator3

===========================================================================================
----------------- testing Wed Jun 24 14:50:35 UTC 2020 /home/travis/build/icyphy/ptII/ptolemy/actor/lib/test/auto/ArrayAppend.xml
----------------- Instantiating /home/travis/build/icyphy/ptII/ptolemy/actor/lib/test/auto/ArrayAppend.xml
4 ms. Memory: 281600K Free: 201331K (71%)
----------------- Invoking toplevel() on ptolemy.moml.MoMLSimpleApplication@4b0b1728
----------------- Done invoking toplevel() on ptolemy.moml.MoMLSimpleApplication@4b0b1728
reloadAllAccessors: .ArrayAppend

===========================================================================================
----------------- testing Wed Jun 24 14:50:35 UTC 2020 /home/travis/build/icyphy/ptII/ptolemy/actor/lib/test/auto/ArrayAppend2.xml
----------------- Instantiating /home/travis/build/icyphy/ptII/ptolemy/actor/lib/test/auto/ArrayAppend2.xml
246 ms. Memory: 281600K Free: 118915K (42%)
----------------- Invoking toplevel() on ptolemy.moml.MoMLSimpleApplication@47965ccd
----------------- Done invoking toplevel() on ptolemy.moml.MoMLSimpleApplication@47965ccd
reloadAllAccessors: .ArrayAppend2

===========================================================================================
----------------- testing Wed Jun 24 14:50:35 UTC 2020 /home/travis/build/icyphy/ptII/ptolemy/actor/lib/test/auto/ArrayAppend3.xml
----------------- Instantiating /home/travis/build/icyphy/ptII/ptolemy/actor/lib/test/auto/ArrayAppend3.xml
2 ms. Memory: 281600K Free: 113795K (40%)
----------------- Invoking toplevel() on ptolemy.moml.MoMLSimpleApplication@5bbbe095
----------------- Done invoking toplevel() on ptolemy.moml.MoMLSimpleApplication@5bbbe095
reloadAllAccessors: .ArrayAppend3

===========================================================================================
----------------- testing Wed Jun 24 14:50:35 UTC 2020 /home/travis/build/icyphy/ptII/ptolemy/actor/lib/test/auto/ArrayAppend4.xml
----------------- Instantiating /home/travis/build/icyphy/ptII/ptolemy/actor/lib/test/auto/ArrayAppend4.xml
2 ms. Memory: 281600K Free: 108161K (38%)
----------------- Invoking toplevel() on ptolemy.moml.MoMLSimpleApplication@552bbe1a
----------------- Done invoking toplevel() on ptolemy.moml.MoMLSimpleApplication@552bbe1a
reloadAllAccessors: .ArrayAppend4

===========================================================================================
----------------- testing Wed Jun 24 14:50:35 UTC 2020 /home/travis/build/icyphy/ptII/ptolemy/actor/lib/test/auto/ArrayAppend5.xml
----------------- Instantiating /home/travis/build/icyphy/ptII/ptolemy/actor/lib/test/auto/ArrayAppend5.xml
1 ms. Memory: 281600K Free: 103041K (37%)
----------------- Invoking toplevel() on ptolemy.moml.MoMLSimpleApplication@13afbc28
----------------- Done invoking toplevel() on ptolemy.moml.MoMLSimpleApplication@13afbc28
reloadAllAccessors: .ArrayAppend5

===========================================================================================
----------------- testing Wed Jun 24 14:50:35 UTC 2020 /home/travis/build/icyphy/ptII/ptolemy/actor/lib/test/auto/ArrayAppend6.xml
----------------- Instantiating /home/travis/build/icyphy/ptII/ptolemy/actor/lib/test/auto/ArrayAppend6.xml
2 ms. Memory: 281600K Free: 97921K (35%)
----------------- Invoking toplevel() on ptolemy.moml.MoMLSimpleApplication@4d3015d2
----------------- Done invoking toplevel() on ptolemy.moml.MoMLSimpleApplication@4d3015d2
reloadAllAccessors: .ArrayAppend6

===========================================================================================
----------------- testing Wed Jun 24 14:50:35 UTC 2020 /home/travis/build/icyphy/ptII/ptolemy/actor/lib/test/auto/ArrayAppendPerformanceTest.xml
----------------- Instantiating /home/travis/build/icyphy/ptII/ptolemy/actor/lib/test/auto/ArrayAppendPerformanceTest.xml
37 ms. Memory: 281600K Free: 86657K (31%)
----------------- Invoking toplevel() on ptolemy.moml.MoMLSimpleApplication@3c8073fe
----------------- Done invoking toplevel() on ptolemy.moml.MoMLSimpleApplication@3c8073fe
reloadAllAccessors: .ArrayAppendPerformanceTest

===========================================================================================
----------------- testing Wed Jun 24 14:50:35 UTC 2020 /home/travis/build/icyphy/ptII/ptolemy/actor/lib/test/auto/ArrayAppendWithEmptyInput.xml
----------------- Instantiating /home/travis/build/icyphy/ptII/ptolemy/actor/lib/test/auto/ArrayAppendWithEmptyInput.xml
7 ms. Memory: 281600K Free: 227510K (81%)
----------------- Invoking toplevel() on ptolemy.moml.MoMLSimpleApplication@2b1b63ca
----------------- Done invoking toplevel() on ptolemy.moml.MoMLSimpleApplication@2b1b63ca
reloadAllAccessors: .ArrayAppendWithEmptyInput

===========================================================================================
----------------- testing Wed Jun 24 14:50:35 UTC 2020 /home/travis/build/icyphy/ptII/ptolemy/actor/lib/test/auto/ArrayAverage.xml
----------------- Instantiating /home/travis/build/icyphy/ptII/ptolemy/actor/lib/test/auto/ArrayAverage.xml
13 ms. Memory: 281600K Free: 219318K (78%)
----------------- Invoking toplevel() on ptolemy.moml.MoMLSimpleApplication@15c2307e
----------------- Done invoking toplevel() on ptolemy.moml.MoMLSimpleApplication@15c2307e
reloadAllAccessors: .ArrayAverage

===========================================================================================
----------------- testing Wed Jun 24 14:50:35 UTC 2020 /home/travis/build/icyphy/ptII/ptolemy/actor/lib/test/auto/ArrayContains.xml
----------------- Instantiating /home/travis/build/icyphy/ptII/ptolemy/actor/lib/test/auto/ArrayContains.xml
5 ms. Memory: 281600K Free: 213688K (76%)
----------------- Invoking toplevel() on ptolemy.moml.MoMLSimpleApplication@2f45b85d
----------------- Done invoking toplevel() on ptolemy.moml.MoMLSimpleApplication@2f45b85d
reloadAllAccessors: .ArrayContains

===========================================================================================
----------------- testing Wed Jun 24 14:50:35 UTC 2020 /home/travis/build/icyphy/ptII/ptolemy/actor/lib/test/auto/ArrayElement.xml
----------------- Instantiating /home/travis/build/icyphy/ptII/ptolemy/actor/lib/test/auto/ArrayElement.xml
3 ms. Memory: 281600K Free: 208024K (74%)
----------------- Invoking toplevel() on ptolemy.moml.MoMLSimpleApplication@55fe7c37
----------------- Done invoking toplevel() on ptolemy.moml.MoMLSimpleApplication@55fe7c37
reloadAllAccessors: .ArrayElement

===========================================================================================
----------------- testing Wed Jun 24 14:50:35 UTC 2020 /home/travis/build/icyphy/ptII/ptolemy/actor/lib/test/auto/ArrayElementAsMatrix.xml
----------------- Instantiating /home/travis/build/icyphy/ptII/ptolemy/actor/lib/test/auto/ArrayElementAsMatrix.xml
8 ms. Memory: 281600K Free: 197814K (70%)
----------------- Invoking toplevel() on ptolemy.moml.MoMLSimpleApplication@28bd3e3d
----------------- Done invoking toplevel() on ptolemy.moml.MoMLSimpleApplication@28bd3e3d
reloadAllAccessors: .ArrayElementAsMatrix

===========================================================================================
----------------- testing Wed Jun 24 14:50:35 UTC 2020 /home/travis/build/icyphy/ptII/ptolemy/actor/lib/test/auto/ArrayElementI.xml
----------------- Instantiating /home/travis/build/icyphy/ptII/ptolemy/actor/lib/test/auto/ArrayElementI.xml
5 ms. Memory: 281600K Free: 192184K (68%)
----------------- Invoking toplevel() on ptolemy.moml.MoMLSimpleApplication@65ecb81d
----------------- Done invoking toplevel() on ptolemy.moml.MoMLSimpleApplication@65ecb81d
reloadAllAccessors: .ArrayElementI

===========================================================================================
----------------- testing Wed Jun 24 14:50:35 UTC 2020 /home/travis/build/icyphy/ptII/ptolemy/actor/lib/test/auto/ArrayExtract.xml
----------------- Instantiating /home/travis/build/icyphy/ptII/ptolemy/actor/lib/test/auto/ArrayExtract.xml
4 ms. Memory: 281600K Free: 183992K (65%)
----------------- Invoking toplevel() on ptolemy.moml.MoMLSimpleApplication@1595aff8
----------------- Done invoking toplevel() on ptolemy.moml.MoMLSimpleApplication@1595aff8
reloadAllAccessors: .ArrayExtract

===========================================================================================
----------------- testing Wed Jun 24 14:50:35 UTC 2020 /home/travis/build/icyphy/ptII/ptolemy/actor/lib/test/auto/ArrayExtract2.xml
----------------- Instantiating /home/travis/build/icyphy/ptII/ptolemy/actor/lib/test/auto/ArrayExtract2.xml
2 ms. Memory: 281600K Free: 178344K (63%)
----------------- Invoking toplevel() on ptolemy.moml.MoMLSimpleApplication@5ecfdc1c
----------------- Done invoking toplevel() on ptolemy.moml.MoMLSimpleApplication@5ecfdc1c
reloadAllAccessors: .ArrayExtract2

===========================================================================================
----------------- testing Wed Jun 24 14:50:35 UTC 2020 /home/travis/build/icyphy/ptII/ptolemy/actor/lib/test/auto/ArrayLength.xml
----------------- Instantiating /home/travis/build/icyphy/ptII/ptolemy/actor/lib/test/auto/ArrayLength.xml
2 ms. Memory: 281600K Free: 174776K (62%)
----------------- Invoking toplevel() on ptolemy.moml.MoMLSimpleApplication@1665d47f
----------------- Done invoking toplevel() on ptolemy.moml.MoMLSimpleApplication@1665d47f
reloadAllAccessors: .ArrayLength

===========================================================================================
----------------- testing Wed Jun 24 14:50:36 UTC 2020 /home/travis/build/icyphy/ptII/ptolemy/actor/lib/test/auto/ArrayLevelCrossing.xml
----------------- Instantiating /home/travis/build/icyphy/ptII/ptolemy/actor/lib/test/auto/ArrayLevelCrossing.xml
5 ms. Memory: 281600K Free: 166584K (59%)
----------------- Invoking toplevel() on ptolemy.moml.MoMLSimpleApplication@2dce46c6
----------------- Done invoking toplevel() on ptolemy.moml.MoMLSimpleApplication@2dce46c6
reloadAllAccessors: .ArrayLevelCrossing

===========================================================================================
----------------- testing Wed Jun 24 14:50:36 UTC 2020 /home/travis/build/icyphy/ptII/ptolemy/actor/lib/test/auto/ArrayLevelCrossing2.xml
----------------- Instantiating /home/travis/build/icyphy/ptII/ptolemy/actor/lib/test/auto/ArrayLevelCrossing2.xml
3 ms. Memory: 281600K Free: 159416K (57%)
----------------- Invoking toplevel() on ptolemy.moml.MoMLSimpleApplication@4b56719c
----------------- Done invoking toplevel() on ptolemy.moml.MoMLSimpleApplication@4b56719c
reloadAllAccessors: .ArrayLevelCrossing2

===========================================================================================
----------------- testing Wed Jun 24 14:50:36 UTC 2020 /home/travis/build/icyphy/ptII/ptolemy/actor/lib/test/auto/ArrayPeakSearch.xml
----------------- Instantiating /home/travis/build/icyphy/ptII/ptolemy/actor/lib/test/auto/ArrayPeakSearch.xml
7 ms. Memory: 281600K Free: 150200K (53%)
----------------- Invoking toplevel() on ptolemy.moml.MoMLSimpleApplication@76121cb8
----------------- Done invoking toplevel() on ptolemy.moml.MoMLSimpleApplication@76121cb8
reloadAllAccessors: .ArrayPeakSearch

===========================================================================================
----------------- testing Wed Jun 24 14:50:36 UTC 2020 /home/travis/build/icyphy/ptII/ptolemy/actor/lib/test/auto/ArrayPeakSearch2.xml
----------------- Instantiating /home/travis/build/icyphy/ptII/ptolemy/actor/lib/test/auto/ArrayPeakSearch2.xml
7 ms. Memory: 281600K Free: 139960K (50%)
----------------- Invoking toplevel() on ptolemy.moml.MoMLSimpleApplication@1f063bbb
----------------- Done invoking toplevel() on ptolemy.moml.MoMLSimpleApplication@1f063bbb
reloadAllAccessors: .ArrayPeakSearch2

===========================================================================================
----------------- testing Wed Jun 24 14:50:36 UTC 2020 /home/travis/build/icyphy/ptII/ptolemy/actor/lib/test/auto/ArrayPeakSearch3.xml
----------------- Instantiating /home/travis/build/icyphy/ptII/ptolemy/actor/lib/test/auto/ArrayPeakSearch3.xml
5 ms. Memory: 281600K Free: 131254K (47%)
----------------- Invoking toplevel() on ptolemy.moml.MoMLSimpleApplication@4d6cc28f
----------------- Done invoking toplevel() on ptolemy.moml.MoMLSimpleApplication@4d6cc28f
reloadAllAccessors: .ArrayPeakSearch3

===========================================================================================
----------------- testing Wed Jun 24 14:50:36 UTC 2020 /home/travis/build/icyphy/ptII/ptolemy/actor/lib/test/auto/ArrayRemoveElement.xml
----------------- Instantiating /home/travis/build/icyphy/ptII/ptolemy/actor/lib/test/auto/ArrayRemoveElement.xml
5 ms. Memory: 281600K Free: 123062K (44%)
----------------- Invoking toplevel() on ptolemy.moml.MoMLSimpleApplication@1ad59f95
----------------- Done invoking toplevel() on ptolemy.moml.MoMLSimpleApplication@1ad59f95
reloadAllAccessors: .ArrayRemoveElement

===========================================================================================
----------------- testing Wed Jun 24 14:50:36 UTC 2020 /home/travis/build/icyphy/ptII/ptolemy/actor/lib/test/auto/ArraySort.xml
----------------- Instantiating /home/travis/build/icyphy/ptII/ptolemy/actor/lib/test/auto/ArraySort.xml
5 ms. Memory: 281600K Free: 114360K (41%)
----------------- Invoking toplevel() on ptolemy.moml.MoMLSimpleApplication@41770fec
----------------- Done invoking toplevel() on ptolemy.moml.MoMLSimpleApplication@41770fec
reloadAllAccessors: .ArraySort

===========================================================================================
----------------- testing Wed Jun 24 14:50:36 UTC 2020 /home/travis/build/icyphy/ptII/ptolemy/actor/lib/test/auto/ArraySum.xml
----------------- Instantiating /home/travis/build/icyphy/ptII/ptolemy/actor/lib/test/auto/ArraySum.xml
4 ms. Memory: 281600K Free: 108726K (39%)
----------------- Invoking toplevel() on ptolemy.moml.MoMLSimpleApplication@fce34b7
----------------- Done invoking toplevel() on ptolemy.moml.MoMLSimpleApplication@fce34b7
reloadAllAccessors: .ArraySum

===========================================================================================
----------------- testing Wed Jun 24 14:50:36 UTC 2020 /home/travis/build/icyphy/ptII/ptolemy/actor/lib/test/auto/ArrayToElements.xml
----------------- Instantiating /home/travis/build/icyphy/ptII/ptolemy/actor/lib/test/auto/ArrayToElements.xml
5 ms. Memory: 281600K Free: 103606K (37%)
----------------- Invoking toplevel() on ptolemy.moml.MoMLSimpleApplication@2f6c6b6d
----------------- Done invoking toplevel() on ptolemy.moml.MoMLSimpleApplication@2f6c6b6d
reloadAllAccessors: .ArrayToElements

===========================================================================================
----------------- testing Wed Jun 24 14:50:36 UTC 2020 /home/travis/build/icyphy/ptII/ptolemy/actor/lib/test/auto/ArrayToMatrix.xml
----------------- Instantiating /home/travis/build/icyphy/ptII/ptolemy/actor/lib/test/auto/ArrayToMatrix.xml
12 ms. Memory: 281600K Free: 89270K (32%)
----------------- Invoking toplevel() on ptolemy.moml.MoMLSimpleApplication@2d622e8a
----------------- Done invoking toplevel() on ptolemy.moml.MoMLSimpleApplication@2d622e8a
reloadAllAccessors: .ArrayToMatrix

===========================================================================================
----------------- testing Wed Jun 24 14:50:36 UTC 2020 /home/travis/build/icyphy/ptII/ptolemy/actor/lib/test/auto/ArrayUpdate1.xml
----------------- Instantiating /home/travis/build/icyphy/ptII/ptolemy/actor/lib/test/auto/ArrayUpdate1.xml
2 ms. Memory: 281600K Free: 84664K (30%)
----------------- Invoking toplevel() on ptolemy.moml.MoMLSimpleApplication@26d4ad69
----------------- Done invoking toplevel() on ptolemy.moml.MoMLSimpleApplication@26d4ad69
reloadAllAccessors: .ArrayUpdate1

===========================================================================================
----------------- testing Wed Jun 24 14:50:36 UTC 2020 /home/travis/build/icyphy/ptII/ptolemy/actor/lib/test/auto/ArrayUpdate2.xml
----------------- Instantiating /home/travis/build/icyphy/ptII/ptolemy/actor/lib/test/auto/ArrayUpdate2.xml
8 ms. Memory: 281600K Free: 78520K (28%)
----------------- Invoking toplevel() on ptolemy.moml.MoMLSimpleApplication@74a6b185
----------------- Done invoking toplevel() on ptolemy.moml.MoMLSimpleApplication@74a6b185
reloadAllAccessors: .ArrayUpdate2

===========================================================================================
----------------- testing Wed Jun 24 14:50:36 UTC 2020 /home/travis/build/icyphy/ptII/ptolemy/actor/lib/test/auto/ArrayUpdate3.xml
----------------- Instantiating /home/travis/build/icyphy/ptII/ptolemy/actor/lib/test/auto/ArrayUpdate3.xml
6 ms. Memory: 281600K Free: 73910K (26%)
----------------- Invoking toplevel() on ptolemy.moml.MoMLSimpleApplication@64712181
----------------- Done invoking toplevel() on ptolemy.moml.MoMLSimpleApplication@64712181
reloadAllAccessors: .ArrayUpdate3

===========================================================================================
----------------- testing Wed Jun 24 14:50:36 UTC 2020 /home/travis/build/icyphy/ptII/ptolemy/actor/lib/test/auto/Assert1.xml
----------------- Instantiating /home/travis/build/icyphy/ptII/ptolemy/actor/lib/test/auto/Assert1.xml
6 ms. Memory: 281600K Free: 230757K (82%)
----------------- Invoking toplevel() on ptolemy.moml.MoMLSimpleApplication@76e616e0
----------------- Done invoking toplevel() on ptolemy.moml.MoMLSimpleApplication@76e616e0
reloadAllAccessors: .Assert1

===========================================================================================
----------------- testing Wed Jun 24 14:50:36 UTC 2020 /home/travis/build/icyphy/ptII/ptolemy/actor/lib/test/auto/Assert2.xml
----------------- Instantiating /home/travis/build/icyphy/ptII/ptolemy/actor/lib/test/auto/Assert2.xml
2 ms. Memory: 281600K Free: 225123K (80%)
----------------- Invoking toplevel() on ptolemy.moml.MoMLSimpleApplication@1505ee7d
----------------- Done invoking toplevel() on ptolemy.moml.MoMLSimpleApplication@1505ee7d
reloadAllAccessors: .Assert2

===========================================================================================
----------------- testing Wed Jun 24 14:50:36 UTC 2020 /home/travis/build/icyphy/ptII/ptolemy/actor/lib/test/auto/BooleanMultiplexor.xml
----------------- Instantiating /home/travis/build/icyphy/ptII/ptolemy/actor/lib/test/auto/BooleanMultiplexor.xml
2 ms. Memory: 281600K Free: 219973K (78%)
----------------- Invoking toplevel() on ptolemy.moml.MoMLSimpleApplication@58a07da8
----------------- Done invoking toplevel() on ptolemy.moml.MoMLSimpleApplication@58a07da8
reloadAllAccessors: .BooleanMultiplexor

===========================================================================================
----------------- testing Wed Jun 24 14:50:36 UTC 2020 /home/travis/build/icyphy/ptII/ptolemy/actor/lib/test/auto/BooleanMultiplexor2.xml
----------------- Instantiating /home/travis/build/icyphy/ptII/ptolemy/actor/lib/test/auto/BooleanMultiplexor2.xml
12 ms. Memory: 281600K Free: 213349K (76%)
----------------- Invoking toplevel() on ptolemy.moml.MoMLSimpleApplication@223ae2b2
----------------- Done invoking toplevel() on ptolemy.moml.MoMLSimpleApplication@223ae2b2
reloadAllAccessors: .BooleanMultiplexor2

===========================================================================================
----------------- testing Wed Jun 24 14:50:36 UTC 2020 /home/travis/build/icyphy/ptII/ptolemy/actor/lib/test/auto/BooleanMultiplexor3.xml
----------------- Instantiating /home/travis/build/icyphy/ptII/ptolemy/actor/lib/test/auto/BooleanMultiplexor3.xml
2 ms. Memory: 281600K Free: 209253K (74%)
----------------- Invoking toplevel() on ptolemy.moml.MoMLSimpleApplication@1d8d4740
----------------- Done invoking toplevel() on ptolemy.moml.MoMLSimpleApplication@1d8d4740
reloadAllAccessors: .BooleanMultiplexor3

===========================================================================================
----------------- testing Wed Jun 24 14:50:36 UTC 2020 /home/travis/build/icyphy/ptII/ptolemy/actor/lib/test/auto/BooleanSelect.xml
----------------- Instantiating /home/travis/build/icyphy/ptII/ptolemy/actor/lib/test/auto/BooleanSelect.xml
9 ms. Memory: 281600K Free: 203605K (72%)
----------------- Invoking toplevel() on ptolemy.moml.MoMLSimpleApplication@328d5be2
----------------- Done invoking toplevel() on ptolemy.moml.MoMLSimpleApplication@328d5be2
reloadAllAccessors: .BooleanSelect

===========================================================================================
----------------- testing Wed Jun 24 14:50:36 UTC 2020 /home/travis/build/icyphy/ptII/ptolemy/actor/lib/test/auto/BooleanSelect2.xml
----------------- Instantiating /home/travis/build/icyphy/ptII/ptolemy/actor/lib/test/auto/BooleanSelect2.xml
1 ms. Memory: 281600K Free: 199013K (71%)
----------------- Invoking toplevel() on ptolemy.moml.MoMLSimpleApplication@12d0eb08
----------------- Done invoking toplevel() on ptolemy.moml.MoMLSimpleApplication@12d0eb08
reloadAllAccessors: .BooleanSelect2

===========================================================================================
----------------- testing Wed Jun 24 14:50:36 UTC 2020 /home/travis/build/icyphy/ptII/ptolemy/actor/lib/test/auto/BooleanSwitch.xml
----------------- Instantiating /home/travis/build/icyphy/ptII/ptolemy/actor/lib/test/auto/BooleanSwitch.xml
6 ms. Memory: 281600K Free: 193379K (69%)
----------------- Invoking toplevel() on ptolemy.moml.MoMLSimpleApplication@24b4f32d
----------------- Done invoking toplevel() on ptolemy.moml.MoMLSimpleApplication@24b4f32d
reloadAllAccessors: .BooleanSwitch

===========================================================================================
----------------- testing Wed Jun 24 14:50:36 UTC 2020 /home/travis/build/icyphy/ptII/ptolemy/actor/lib/test/auto/BooleanSwitch2.xml
----------------- Instantiating /home/travis/build/icyphy/ptII/ptolemy/actor/lib/test/auto/BooleanSwitch2.xml
1 ms. Memory: 281600K Free: 188773K (67%)
----------------- Invoking toplevel() on ptolemy.moml.MoMLSimpleApplication@3c3116d5
----------------- Done invoking toplevel() on ptolemy.moml.MoMLSimpleApplication@3c3116d5
reloadAllAccessors: .BooleanSwitch2

===========================================================================================
----------------- testing Wed Jun 24 14:50:36 UTC 2020 /home/travis/build/icyphy/ptII/ptolemy/actor/lib/test/auto/BooleanSwitchCloningBugWithClassRelationGroup.xml
----------------- Instantiating /home/travis/build/icyphy/ptII/ptolemy/actor/lib/test/auto/BooleanSwitchCloningBugWithClassRelationGroup.xml
3 ms. Memory: 281600K Free: 182629K (65%)
----------------- Invoking toplevel() on ptolemy.moml.MoMLSimpleApplication@6bf03e62
----------------- Done invoking toplevel() on ptolemy.moml.MoMLSimpleApplication@6bf03e62
reloadAllAccessors: .BooleanSwitchCloningBugWithClassRelationGroup

===========================================================================================
----------------- testing Wed Jun 24 14:50:36 UTC 2020 /home/travis/build/icyphy/ptII/ptolemy/actor/lib/test/auto/BusActors.xml
----------------- Instantiating /home/travis/build/icyphy/ptII/ptolemy/actor/lib/test/auto/BusActors.xml
6 ms. Memory: 281600K Free: 174437K (62%)
----------------- Invoking toplevel() on ptolemy.moml.MoMLSimpleApplication@7ba14f93
----------------- Done invoking toplevel() on ptolemy.moml.MoMLSimpleApplication@7ba14f93
reloadAllAccessors: .BusActors

===========================================================================================
----------------- testing Wed Jun 24 14:50:36 UTC 2020 /home/travis/build/icyphy/ptII/ptolemy/actor/lib/test/auto/ClassWrapper.xml
----------------- Instantiating /home/travis/build/icyphy/ptII/ptolemy/actor/lib/test/auto/ClassWrapper.xml
2 ms. Memory: 281600K Free: 170341K (60%)
----------------- Invoking toplevel() on ptolemy.moml.MoMLSimpleApplication@357d4866
----------------- Done invoking toplevel() on ptolemy.moml.MoMLSimpleApplication@357d4866
reloadAllAccessors: .ClassWrapper

===========================================================================================
----------------- testing Wed Jun 24 14:50:36 UTC 2020 /home/travis/build/icyphy/ptII/ptolemy/actor/lib/test/auto/Clock.xml
----------------- Instantiating /home/travis/build/icyphy/ptII/ptolemy/actor/lib/test/auto/Clock.xml
1 ms. Memory: 281600K Free: 166245K (59%)
----------------- Invoking toplevel() on ptolemy.moml.MoMLSimpleApplication@2a11b29f
----------------- Done invoking toplevel() on ptolemy.moml.MoMLSimpleApplication@2a11b29f
reloadAllAccessors: .Clock

===========================================================================================
----------------- testing Wed Jun 24 14:50:36 UTC 2020 /home/travis/build/icyphy/ptII/ptolemy/actor/lib/test/auto/Clock10.xml
----------------- Instantiating /home/travis/build/icyphy/ptII/ptolemy/actor/lib/test/auto/Clock10.xml
3 ms. Memory: 281600K Free: 160611K (57%)
----------------- Invoking toplevel() on ptolemy.moml.MoMLSimpleApplication@1ebdeef4
----------------- Done invoking toplevel() on ptolemy.moml.MoMLSimpleApplication@1ebdeef4
reloadAllAccessors: .Clock10

===========================================================================================
----------------- testing Wed Jun 24 14:50:36 UTC 2020 /home/travis/build/icyphy/ptII/ptolemy/actor/lib/test/auto/Clock11.xml
----------------- Instantiating /home/travis/build/icyphy/ptII/ptolemy/actor/lib/test/auto/Clock11.xml
3 ms. Memory: 281600K Free: 154467K (55%)
----------------- Invoking toplevel() on ptolemy.moml.MoMLSimpleApplication@7f479111
----------------- Done invoking toplevel() on ptolemy.moml.MoMLSimpleApplication@7f479111
reloadAllAccessors: .Clock11

===========================================================================================
----------------- testing Wed Jun 24 14:50:36 UTC 2020 /home/travis/build/icyphy/ptII/ptolemy/actor/lib/test/auto/Clock12.xml
----------------- Instantiating /home/travis/build/icyphy/ptII/ptolemy/actor/lib/test/auto/Clock12.xml
4 ms. Memory: 281600K Free: 148837K (53%)
----------------- Invoking toplevel() on ptolemy.moml.MoMLSimpleApplication@5b2a39ba
----------------- Done invoking toplevel() on ptolemy.moml.MoMLSimpleApplication@5b2a39ba
reloadAllAccessors: .Clock12

===========================================================================================
----------------- testing Wed Jun 24 14:50:36 UTC 2020 /home/travis/build/icyphy/ptII/ptolemy/actor/lib/test/auto/Clock13.xml
----------------- Instantiating /home/travis/build/icyphy/ptII/ptolemy/actor/lib/test/auto/Clock13.xml
5 ms. Memory: 281600K Free: 142693K (51%)
----------------- Invoking toplevel() on ptolemy.moml.MoMLSimpleApplication@1cea63ee
----------------- Done invoking toplevel() on ptolemy.moml.MoMLSimpleApplication@1cea63ee
reloadAllAccessors: .Clock13

===========================================================================================
----------------- testing Wed Jun 24 14:50:36 UTC 2020 /home/travis/build/icyphy/ptII/ptolemy/actor/lib/test/auto/Clock14.xml
----------------- Instantiating /home/travis/build/icyphy/ptII/ptolemy/actor/lib/test/auto/Clock14.xml
4 ms. Memory: 281600K Free: 137053K (49%)
----------------- Invoking toplevel() on ptolemy.moml.MoMLSimpleApplication@34837956
----------------- Done invoking toplevel() on ptolemy.moml.MoMLSimpleApplication@34837956
reloadAllAccessors: .Clock14

===========================================================================================
----------------- testing Wed Jun 24 14:50:36 UTC 2020 /home/travis/build/icyphy/ptII/ptolemy/actor/lib/test/auto/Clock15.xml
----------------- Instantiating /home/travis/build/icyphy/ptII/ptolemy/actor/lib/test/auto/Clock15.xml
4 ms. Memory: 281600K Free: 130909K (46%)
----------------- Invoking toplevel() on ptolemy.moml.MoMLSimpleApplication@452b9ae2
----------------- Done invoking toplevel() on ptolemy.moml.MoMLSimpleApplication@452b9ae2
reloadAllAccessors: .Clock15

===========================================================================================
----------------- testing Wed Jun 24 14:50:36 UTC 2020 /home/travis/build/icyphy/ptII/ptolemy/actor/lib/test/auto/Clock16.xml
----------------- Instantiating /home/travis/build/icyphy/ptII/ptolemy/actor/lib/test/auto/Clock16.xml
38 ms. Memory: 281600K Free: 116573K (41%)
----------------- Invoking toplevel() on ptolemy.moml.MoMLSimpleApplication@279c2521
----------------- Done invoking toplevel() on ptolemy.moml.MoMLSimpleApplication@279c2521
reloadAllAccessors: .Clock16

===========================================================================================
----------------- testing Wed Jun 24 14:50:36 UTC 2020 /home/travis/build/icyphy/ptII/ptolemy/actor/lib/test/auto/Clock17.xml
----------------- Instantiating /home/travis/build/icyphy/ptII/ptolemy/actor/lib/test/auto/Clock17.xml
25 ms. Memory: 281600K Free: 102229K (36%)
----------------- Invoking toplevel() on ptolemy.moml.MoMLSimpleApplication@59221fc1
----------------- Done invoking toplevel() on ptolemy.moml.MoMLSimpleApplication@59221fc1
reloadAllAccessors: .Clock17

===========================================================================================
----------------- testing Wed Jun 24 14:50:37 UTC 2020 /home/travis/build/icyphy/ptII/ptolemy/actor/lib/test/auto/Clock18.xml
----------------- Instantiating /home/travis/build/icyphy/ptII/ptolemy/actor/lib/test/auto/Clock18.xml
19 ms. Memory: 281600K Free: 89445K (32%)
----------------- Invoking toplevel() on ptolemy.moml.MoMLSimpleApplication@444eda9e
----------------- Done invoking toplevel() on ptolemy.moml.MoMLSimpleApplication@444eda9e
reloadAllAccessors: .Clock18

===========================================================================================
----------------- testing Wed Jun 24 14:50:37 UTC 2020 /home/travis/build/icyphy/ptII/ptolemy/actor/lib/test/auto/Clock19.xml
----------------- Instantiating /home/travis/build/icyphy/ptII/ptolemy/actor/lib/test/auto/Clock19.xml
11 ms. Memory: 281600K Free: 76133K (27%)
----------------- Invoking toplevel() on ptolemy.moml.MoMLSimpleApplication@359861ed
----------------- Done invoking toplevel() on ptolemy.moml.MoMLSimpleApplication@359861ed
reloadAllAccessors: .Clock19

===========================================================================================
----------------- testing Wed Jun 24 14:50:37 UTC 2020 /home/travis/build/icyphy/ptII/ptolemy/actor/lib/test/auto/Clock2.xml
----------------- Instantiating /home/travis/build/icyphy/ptII/ptolemy/actor/lib/test/auto/Clock2.xml
4 ms. Memory: 281600K Free: 72037K (26%)
----------------- Invoking toplevel() on ptolemy.moml.MoMLSimpleApplication@5abfcdc2
----------------- Done invoking toplevel() on ptolemy.moml.MoMLSimpleApplication@5abfcdc2
reloadAllAccessors: .Clock2

===========================================================================================
----------------- testing Wed Jun 24 14:50:37 UTC 2020 /home/travis/build/icyphy/ptII/ptolemy/actor/lib/test/auto/Clock20.xml
----------------- Instantiating /home/travis/build/icyphy/ptII/ptolemy/actor/lib/test/auto/Clock20.xml
7 ms. Memory: 281600K Free: 66403K (24%)
----------------- Invoking toplevel() on ptolemy.moml.MoMLSimpleApplication@3908b29b
----------------- Done invoking toplevel() on ptolemy.moml.MoMLSimpleApplication@3908b29b
reloadAllAccessors: .Clock20

===========================================================================================
----------------- testing Wed Jun 24 14:50:37 UTC 2020 /home/travis/build/icyphy/ptII/ptolemy/actor/lib/test/auto/Clock21.xml
----------------- Instantiating /home/travis/build/icyphy/ptII/ptolemy/actor/lib/test/auto/Clock21.xml
2 ms. Memory: 281600K Free: 229156K (81%)
----------------- Invoking toplevel() on ptolemy.moml.MoMLSimpleApplication@2cf28aa2
----------------- Done invoking toplevel() on ptolemy.moml.MoMLSimpleApplication@2cf28aa2
reloadAllAccessors: .Clock21

===========================================================================================
----------------- testing Wed Jun 24 14:50:37 UTC 2020 /home/travis/build/icyphy/ptII/ptolemy/actor/lib/test/auto/Clock22.xml
----------------- Instantiating /home/travis/build/icyphy/ptII/ptolemy/actor/lib/test/auto/Clock22.xml
2 ms. Memory: 281600K Free: 223526K (79%)
----------------- Invoking toplevel() on ptolemy.moml.MoMLSimpleApplication@545bd400
----------------- Done invoking toplevel() on ptolemy.moml.MoMLSimpleApplication@545bd400
reloadAllAccessors: .Clock22

===========================================================================================
----------------- testing Wed Jun 24 14:50:37 UTC 2020 /home/travis/build/icyphy/ptII/ptolemy/actor/lib/test/auto/Clock23.xml
----------------- Instantiating /home/travis/build/icyphy/ptII/ptolemy/actor/lib/test/auto/Clock23.xml
8 ms. Memory: 281600K Free: 218406K (78%)
----------------- Invoking toplevel() on ptolemy.moml.MoMLSimpleApplication@791e87cb
----------------- Done invoking toplevel() on ptolemy.moml.MoMLSimpleApplication@791e87cb
reloadAllAccessors: .Clock23

===========================================================================================
----------------- testing Wed Jun 24 14:50:37 UTC 2020 /home/travis/build/icyphy/ptII/ptolemy/actor/lib/test/auto/Clock24.xml
----------------- Instantiating /home/travis/build/icyphy/ptII/ptolemy/actor/lib/test/auto/Clock24.xml
2 ms. Memory: 281600K Free: 212772K (76%)
----------------- Invoking toplevel() on ptolemy.moml.MoMLSimpleApplication@d7a4169
----------------- Done invoking toplevel() on ptolemy.moml.MoMLSimpleApplication@d7a4169
reloadAllAccessors: .Clock24

===========================================================================================
----------------- testing Wed Jun 24 14:50:37 UTC 2020 /home/travis/build/icyphy/ptII/ptolemy/actor/lib/test/auto/Clock4.xml
----------------- Instantiating /home/travis/build/icyphy/ptII/ptolemy/actor/lib/test/auto/Clock4.xml
1 ms. Memory: 281600K Free: 208166K (74%)
----------------- Invoking toplevel() on ptolemy.moml.MoMLSimpleApplication@24f779da
----------------- Done invoking toplevel() on ptolemy.moml.MoMLSimpleApplication@24f779da
reloadAllAccessors: .Clock4

===========================================================================================
----------------- testing Wed Jun 24 14:50:37 UTC 2020 /home/travis/build/icyphy/ptII/ptolemy/actor/lib/test/auto/Clock5.xml
----------------- Instantiating /home/travis/build/icyphy/ptII/ptolemy/actor/lib/test/auto/Clock5.xml
2 ms. Memory: 281600K Free: 202532K (72%)
----------------- Invoking toplevel() on ptolemy.moml.MoMLSimpleApplication@7c282caa
----------------- Done invoking toplevel() on ptolemy.moml.MoMLSimpleApplication@7c282caa
reloadAllAccessors: .Clock5

===========================================================================================
----------------- testing Wed Jun 24 14:50:37 UTC 2020 /home/travis/build/icyphy/ptII/ptolemy/actor/lib/test/auto/Clock6.xml
----------------- Instantiating /home/travis/build/icyphy/ptII/ptolemy/actor/lib/test/auto/Clock6.xml
1 ms. Memory: 281600K Free: 198436K (70%)
----------------- Invoking toplevel() on ptolemy.moml.MoMLSimpleApplication@65356d66
----------------- Done invoking toplevel() on ptolemy.moml.MoMLSimpleApplication@65356d66
reloadAllAccessors: .Clock6

===========================================================================================
----------------- testing Wed Jun 24 14:50:37 UTC 2020 /home/travis/build/icyphy/ptII/ptolemy/actor/lib/test/auto/Clock7.xml
----------------- Instantiating /home/travis/build/icyphy/ptII/ptolemy/actor/lib/test/auto/Clock7.xml
2 ms. Memory: 281600K Free: 193316K (69%)
----------------- Invoking toplevel() on ptolemy.moml.MoMLSimpleApplication@1804a3fd
----------------- Done invoking toplevel() on ptolemy.moml.MoMLSimpleApplication@1804a3fd
reloadAllAccessors: .Clock7

===========================================================================================
----------------- testing Wed Jun 24 14:50:37 UTC 2020 /home/travis/build/icyphy/ptII/ptolemy/actor/lib/test/auto/Clock8.xml
----------------- Instantiating /home/travis/build/icyphy/ptII/ptolemy/actor/lib/test/auto/Clock8.xml
2 ms. Memory: 281600K Free: 188166K (67%)
----------------- Invoking toplevel() on ptolemy.moml.MoMLSimpleApplication@60d4b26f
----------------- Done invoking toplevel() on ptolemy.moml.MoMLSimpleApplication@60d4b26f
reloadAllAccessors: .Clock8

===========================================================================================
----------------- testing Wed Jun 24 14:50:37 UTC 2020 /home/travis/build/icyphy/ptII/ptolemy/actor/lib/test/auto/Clock9.xml
----------------- Instantiating /home/travis/build/icyphy/ptII/ptolemy/actor/lib/test/auto/Clock9.xml
3 ms. Memory: 281600K Free: 182566K (65%)
----------------- Invoking toplevel() on ptolemy.moml.MoMLSimpleApplication@711b64db
----------------- Done invoking toplevel() on ptolemy.moml.MoMLSimpleApplication@711b64db
reloadAllAccessors: .Clock9

===========================================================================================
----------------- testing Wed Jun 24 14:50:37 UTC 2020 /home/travis/build/icyphy/ptII/ptolemy/actor/lib/test/auto/CommDistDiscard.xml
----------------- Instantiating /home/travis/build/icyphy/ptII/ptolemy/actor/lib/test/auto/CommDistDiscard.xml
3 ms. Memory: 281600K Free: 176932K (63%)
----------------- Invoking toplevel() on ptolemy.moml.MoMLSimpleApplication@33bded39
----------------- Done invoking toplevel() on ptolemy.moml.MoMLSimpleApplication@33bded39
reloadAllAccessors: .CommDistDiscard

===========================================================================================
----------------- testing Wed Jun 24 14:50:37 UTC 2020 /home/travis/build/icyphy/ptII/ptolemy/actor/lib/test/auto/Commutator.xml
----------------- Instantiating /home/travis/build/icyphy/ptII/ptolemy/actor/lib/test/auto/Commutator.xml
4 ms. Memory: 281600K Free: 172836K (61%)
----------------- Invoking toplevel() on ptolemy.moml.MoMLSimpleApplication@20a0f0bb
----------------- Done invoking toplevel() on ptolemy.moml.MoMLSimpleApplication@20a0f0bb
reloadAllAccessors: .Commutator

===========================================================================================
----------------- testing Wed Jun 24 14:50:37 UTC 2020 /home/travis/build/icyphy/ptII/ptolemy/actor/lib/test/auto/Commutator2.xml
----------------- Instantiating /home/travis/build/icyphy/ptII/ptolemy/actor/lib/test/auto/Commutator2.xml
2 ms. Memory: 281600K Free: 168230K (60%)
----------------- Invoking toplevel() on ptolemy.moml.MoMLSimpleApplication@1d7da261
----------------- Done invoking toplevel() on ptolemy.moml.MoMLSimpleApplication@1d7da261
reloadAllAccessors: .Commutator2

===========================================================================================
----------------- testing Wed Jun 24 14:50:37 UTC 2020 /home/travis/build/icyphy/ptII/ptolemy/actor/lib/test/auto/Commutator3.xml
----------------- Instantiating /home/travis/build/icyphy/ptII/ptolemy/actor/lib/test/auto/Commutator3.xml
1 ms. Memory: 281600K Free: 164134K (58%)
----------------- Invoking toplevel() on ptolemy.moml.MoMLSimpleApplication@7e14eb84
----------------- Done invoking toplevel() on ptolemy.moml.MoMLSimpleApplication@7e14eb84
reloadAllAccessors: .Commutator3

===========================================================================================
----------------- testing Wed Jun 24 14:50:37 UTC 2020 /home/travis/build/icyphy/ptII/ptolemy/actor/lib/test/auto/Compare.xml
----------------- Instantiating /home/travis/build/icyphy/ptII/ptolemy/actor/lib/test/auto/Compare.xml
1 ms. Memory: 281600K Free: 157476K (56%)
----------------- Invoking toplevel() on ptolemy.moml.MoMLSimpleApplication@457d8803
----------------- Done invoking toplevel() on ptolemy.moml.MoMLSimpleApplication@457d8803
reloadAllAccessors: .Compare

===========================================================================================
----------------- testing Wed Jun 24 14:50:37 UTC 2020 /home/travis/build/icyphy/ptII/ptolemy/actor/lib/test/auto/CompareDE.xml
----------------- Instantiating /home/travis/build/icyphy/ptII/ptolemy/actor/lib/test/auto/CompareDE.xml
6 ms. Memory: 281600K Free: 150822K (54%)
----------------- Invoking toplevel() on ptolemy.moml.MoMLSimpleApplication@5a3f07d3
----------------- Done invoking toplevel() on ptolemy.moml.MoMLSimpleApplication@5a3f07d3
reloadAllAccessors: .CompareDE

===========================================================================================
----------------- testing Wed Jun 24 14:50:37 UTC 2020 /home/travis/build/icyphy/ptII/ptolemy/actor/lib/test/auto/ComplexDivide.xml
----------------- Instantiating /home/travis/build/icyphy/ptII/ptolemy/actor/lib/test/auto/ComplexDivide.xml
1 ms. Memory: 281600K Free: 146726K (52%)
----------------- Invoking toplevel() on ptolemy.moml.MoMLSimpleApplication@6b9587cf
----------------- Done invoking toplevel() on ptolemy.moml.MoMLSimpleApplication@6b9587cf
reloadAllAccessors: .ComplexDivide

===========================================================================================
----------------- testing Wed Jun 24 14:50:37 UTC 2020 /home/travis/build/icyphy/ptII/ptolemy/actor/lib/test/auto/ComputeHistogram.xml
----------------- Instantiating /home/travis/build/icyphy/ptII/ptolemy/actor/lib/test/auto/ComputeHistogram.xml
31 ms. Memory: 281600K Free: 133924K (48%)
----------------- Invoking toplevel() on ptolemy.moml.MoMLSimpleApplication@6cc360d7
----------------- Done invoking toplevel() on ptolemy.moml.MoMLSimpleApplication@6cc360d7
reloadAllAccessors: .ComputeHistogram

===========================================================================================
----------------- testing Wed Jun 24 14:50:37 UTC 2020 /home/travis/build/icyphy/ptII/ptolemy/actor/lib/test/auto/ConfigurationSelect.xml
----------------- Instantiating /home/travis/build/icyphy/ptII/ptolemy/actor/lib/test/auto/ConfigurationSelect.xml
6 ms. Memory: 281600K Free: 128774K (46%)
----------------- Invoking toplevel() on ptolemy.moml.MoMLSimpleApplication@3e36aa4e
----------------- Done invoking toplevel() on ptolemy.moml.MoMLSimpleApplication@3e36aa4e
reloadAllAccessors: .ConfigurationSelect

===========================================================================================
----------------- testing Wed Jun 24 14:50:37 UTC 2020 /home/travis/build/icyphy/ptII/ptolemy/actor/lib/test/auto/ConfigurationSelect2.xml
----------------- Instantiating /home/travis/build/icyphy/ptII/ptolemy/actor/lib/test/auto/ConfigurationSelect2.xml
1 ms. Memory: 281600K Free: 124198K (44%)
----------------- Invoking toplevel() on ptolemy.moml.MoMLSimpleApplication@24edf8d9
----------------- Done invoking toplevel() on ptolemy.moml.MoMLSimpleApplication@24edf8d9
reloadAllAccessors: .ConfigurationSelect2

===========================================================================================
----------------- testing Wed Jun 24 14:50:37 UTC 2020 /home/travis/build/icyphy/ptII/ptolemy/actor/lib/test/auto/ConfigurationSwitch.xml
----------------- Instantiating /home/travis/build/icyphy/ptII/ptolemy/actor/lib/test/auto/ConfigurationSwitch.xml
8 ms. Memory: 281600K Free: 119078K (42%)
----------------- Invoking toplevel() on ptolemy.moml.MoMLSimpleApplication@2aedc4c6
----------------- Done invoking toplevel() on ptolemy.moml.MoMLSimpleApplication@2aedc4c6
reloadAllAccessors: .ConfigurationSwitch

===========================================================================================
----------------- testing Wed Jun 24 14:50:37 UTC 2020 /home/travis/build/icyphy/ptII/ptolemy/actor/lib/test/auto/ConfigurationSwitch2.xml
----------------- Instantiating /home/travis/build/icyphy/ptII/ptolemy/actor/lib/test/auto/ConfigurationSwitch2.xml
3 ms. Memory: 281600K Free: 113444K (40%)
----------------- Invoking toplevel() on ptolemy.moml.MoMLSimpleApplication@12119ea2
----------------- Done invoking toplevel() on ptolemy.moml.MoMLSimpleApplication@12119ea2
reloadAllAccessors: .ConfigurationSwitch2

===========================================================================================
----------------- testing Wed Jun 24 14:50:37 UTC 2020 /home/travis/build/icyphy/ptII/ptolemy/actor/lib/test/auto/ConfigurationSwitchCloningBugWithClassRelationGroup.xml
----------------- Instantiating /home/travis/build/icyphy/ptII/ptolemy/actor/lib/test/auto/ConfigurationSwitchCloningBugWithClassRelationGroup.xml
1 ms. Memory: 281600K Free: 107300K (38%)
----------------- Invoking toplevel() on ptolemy.moml.MoMLSimpleApplication@27152f57
----------------- Done invoking toplevel() on ptolemy.moml.MoMLSimpleApplication@27152f57
reloadAllAccessors: .ConfigurationSwitchCloningBugWithClassRelationGroup

===========================================================================================
----------------- testing Wed Jun 24 14:50:37 UTC 2020 /home/travis/build/icyphy/ptII/ptolemy/actor/lib/test/auto/ConfigurationSwitchSelectSDF.xml
----------------- Instantiating /home/travis/build/icyphy/ptII/ptolemy/actor/lib/test/auto/ConfigurationSwitchSelectSDF.xml
2 ms. Memory: 281600K Free: 101670K (36%)
----------------- Invoking toplevel() on ptolemy.moml.MoMLSimpleApplication@4d3c2abf
----------------- Done invoking toplevel() on ptolemy.moml.MoMLSimpleApplication@4d3c2abf
reloadAllAccessors: .ConfigurationSwitchSelectSDF

===========================================================================================
----------------- testing Wed Jun 24 14:50:37 UTC 2020 /home/travis/build/icyphy/ptII/ptolemy/actor/lib/test/auto/ConfigurationSwitchSelectSDF2.xml
----------------- Instantiating /home/travis/build/icyphy/ptII/ptolemy/actor/lib/test/auto/ConfigurationSwitchSelectSDF2.xml
2 ms. Memory: 281600K Free: 96036K (34%)
----------------- Invoking toplevel() on ptolemy.moml.MoMLSimpleApplication@32f57815
----------------- Done invoking toplevel() on ptolemy.moml.MoMLSimpleApplication@32f57815
reloadAllAccessors: .ConfigurationSwitchSelectSDF2

===========================================================================================
----------------- testing Wed Jun 24 14:50:37 UTC 2020 /home/travis/build/icyphy/ptII/ptolemy/actor/lib/test/auto/Const.xml
----------------- Instantiating /home/travis/build/icyphy/ptII/ptolemy/actor/lib/test/auto/Const.xml
1 ms. Memory: 281600K Free: 92964K (33%)
----------------- Invoking toplevel() on ptolemy.moml.MoMLSimpleApplication@3334ee3c
----------------- Done invoking toplevel() on ptolemy.moml.MoMLSimpleApplication@3334ee3c
reloadAllAccessors: .Const

===========================================================================================
----------------- testing Wed Jun 24 14:50:37 UTC 2020 /home/travis/build/icyphy/ptII/ptolemy/actor/lib/test/auto/Const2.xml
----------------- Instantiating /home/travis/build/icyphy/ptII/ptolemy/actor/lib/test/auto/Const2.xml
1 ms. Memory: 281600K Free: 88868K (32%)
----------------- Invoking toplevel() on ptolemy.moml.MoMLSimpleApplication@1bfdc949
----------------- Done invoking toplevel() on ptolemy.moml.MoMLSimpleApplication@1bfdc949
reloadAllAccessors: .Const2

===========================================================================================
----------------- testing Wed Jun 24 14:50:37 UTC 2020 /home/travis/build/icyphy/ptII/ptolemy/actor/lib/test/auto/Const3.xml
----------------- Instantiating /home/travis/build/icyphy/ptII/ptolemy/actor/lib/test/auto/Const3.xml
1 ms. Memory: 281600K Free: 86310K (31%)
----------------- Invoking toplevel() on ptolemy.moml.MoMLSimpleApplication@5beb111f
----------------- Done invoking toplevel() on ptolemy.moml.MoMLSimpleApplication@5beb111f
reloadAllAccessors: .Const3

===========================================================================================
----------------- testing Wed Jun 24 14:50:37 UTC 2020 /home/travis/build/icyphy/ptII/ptolemy/actor/lib/test/auto/ConstantPublisherPort1.xml
----------------- Instantiating /home/travis/build/icyphy/ptII/ptolemy/actor/lib/test/auto/ConstantPublisherPort1.xml
5 ms. Memory: 281600K Free: 77604K (28%)
----------------- Invoking toplevel() on ptolemy.moml.MoMLSimpleApplication@459cdca1
----------------- Done invoking toplevel() on ptolemy.moml.MoMLSimpleApplication@459cdca1
reloadAllAccessors: .ConstantPublisherPort1

===========================================================================================
----------------- testing Wed Jun 24 14:50:37 UTC 2020 /home/travis/build/icyphy/ptII/ptolemy/actor/lib/test/auto/ConstantPublisherPort2.xml
----------------- Instantiating /home/travis/build/icyphy/ptII/ptolemy/actor/lib/test/auto/ConstantPublisherPort2.xml
10 ms. Memory: 281600K Free: 69926K (25%)
----------------- Invoking toplevel() on ptolemy.moml.MoMLSimpleApplication@1df4c5fc
----------------- Done invoking toplevel() on ptolemy.moml.MoMLSimpleApplication@1df4c5fc
reloadAllAccessors: .ConstantPublisherPort2

===========================================================================================
----------------- testing Wed Jun 24 14:50:37 UTC 2020 /home/travis/build/icyphy/ptII/ptolemy/actor/lib/test/auto/ConstantPublisherPort3.xml
----------------- Instantiating /home/travis/build/icyphy/ptII/ptolemy/actor/lib/test/auto/ConstantPublisherPort3.xml
10 ms. Memory: 281600K Free: 230347K (82%)
----------------- Invoking toplevel() on ptolemy.moml.MoMLSimpleApplication@45f72762
----------------- Done invoking toplevel() on ptolemy.moml.MoMLSimpleApplication@45f72762
reloadAllAccessors: .ConstantPublisherPort3

===========================================================================================
----------------- testing Wed Jun 24 14:50:37 UTC 2020 /home/travis/build/icyphy/ptII/ptolemy/actor/lib/test/auto/ConstantPublisherPort4.xml
----------------- Instantiating /home/travis/build/icyphy/ptII/ptolemy/actor/lib/test/auto/ConstantPublisherPort4.xml
2 ms. Memory: 281600K Free: 223179K (79%)
----------------- Invoking toplevel() on ptolemy.moml.MoMLSimpleApplication@315b511c
----------------- Done invoking toplevel() on ptolemy.moml.MoMLSimpleApplication@315b511c
reloadAllAccessors: .ConstantPublisherPort4

===========================================================================================
----------------- testing Wed Jun 24 14:50:37 UTC 2020 /home/travis/build/icyphy/ptII/ptolemy/actor/lib/test/auto/ConstantPublisherPort5.xml
----------------- Instantiating /home/travis/build/icyphy/ptII/ptolemy/actor/lib/test/auto/ConstantPublisherPort5.xml
18 ms. Memory: 281600K Free: 213449K (76%)
----------------- Invoking toplevel() on ptolemy.moml.MoMLSimpleApplication@df0e97d
----------------- Done invoking toplevel() on ptolemy.moml.MoMLSimpleApplication@df0e97d
reloadAllAccessors: .ConstantPublisherPort5

===========================================================================================
----------------- testing Wed Jun 24 14:50:37 UTC 2020 /home/travis/build/icyphy/ptII/ptolemy/actor/lib/test/auto/ConstantPublisherPort6.xml
----------------- Instantiating /home/travis/build/icyphy/ptII/ptolemy/actor/lib/test/auto/ConstantPublisherPort6.xml
19 ms. Memory: 281600K Free: 204747K (73%)
----------------- Invoking toplevel() on ptolemy.moml.MoMLSimpleApplication@19edf49d
----------------- Done invoking toplevel() on ptolemy.moml.MoMLSimpleApplication@19edf49d
reloadAllAccessors: .ConstantPublisherPort6

===========================================================================================
----------------- testing Wed Jun 24 14:50:37 UTC 2020 /home/travis/build/icyphy/ptII/ptolemy/actor/lib/test/auto/ConstantPublisherPort7.xml
----------------- Instantiating /home/travis/build/icyphy/ptII/ptolemy/actor/lib/test/auto/ConstantPublisherPort7.xml
17 ms. Memory: 281600K Free: 195017K (69%)
----------------- Invoking toplevel() on ptolemy.moml.MoMLSimpleApplication@35c7f31c
----------------- Done invoking toplevel() on ptolemy.moml.MoMLSimpleApplication@35c7f31c
reloadAllAccessors: .ConstantPublisherPort7

===========================================================================================
----------------- testing Wed Jun 24 14:50:37 UTC 2020 /home/travis/build/icyphy/ptII/ptolemy/actor/lib/test/auto/ConstraintMonitor1.xml
----------------- Instantiating /home/travis/build/icyphy/ptII/ptolemy/actor/lib/test/auto/ConstraintMonitor1.xml
2 ms. Memory: 281600K Free: 189883K (67%)
----------------- Invoking toplevel() on ptolemy.moml.MoMLSimpleApplication@71889ad9
----------------- Done invoking toplevel() on ptolemy.moml.MoMLSimpleApplication@71889ad9
reloadAllAccessors: .ConstraintMonitor1

===========================================================================================
----------------- testing Wed Jun 24 14:50:37 UTC 2020 /home/travis/build/icyphy/ptII/ptolemy/actor/lib/test/auto/ConstraintMonitor2.xml
----------------- Instantiating /home/travis/build/icyphy/ptII/ptolemy/actor/lib/test/auto/ConstraintMonitor2.xml
4 ms. Memory: 281600K Free: 185801K (66%)
----------------- Invoking toplevel() on ptolemy.moml.MoMLSimpleApplication@78db5296
----------------- Done invoking toplevel() on ptolemy.moml.MoMLSimpleApplication@78db5296
reloadAllAccessors: .ConstraintMonitor2

===========================================================================================
----------------- testing Wed Jun 24 14:50:37 UTC 2020 /home/travis/build/icyphy/ptII/ptolemy/actor/lib/test/auto/ConstraintMonitor3.xml
----------------- Instantiating /home/travis/build/icyphy/ptII/ptolemy/actor/lib/test/auto/ConstraintMonitor3.xml
3 ms. Memory: 281600K Free: 181195K (64%)
----------------- Invoking toplevel() on ptolemy.moml.MoMLSimpleApplication@2c1aac67
----------------- Done invoking toplevel() on ptolemy.moml.MoMLSimpleApplication@2c1aac67
reloadAllAccessors: .ConstraintMonitor3

===========================================================================================
----------------- testing Wed Jun 24 14:50:37 UTC 2020 /home/travis/build/icyphy/ptII/ptolemy/actor/lib/test/auto/ConstraintMonitor4.xml
----------------- Instantiating /home/travis/build/icyphy/ptII/ptolemy/actor/lib/test/auto/ConstraintMonitor4.xml
4 ms. Memory: 281600K Free: 176585K (63%)
----------------- Invoking toplevel() on ptolemy.moml.MoMLSimpleApplication@12dfa2f3
----------------- Done invoking toplevel() on ptolemy.moml.MoMLSimpleApplication@12dfa2f3
reloadAllAccessors: .ConstraintMonitor4

===========================================================================================
----------------- testing Wed Jun 24 14:50:37 UTC 2020 /home/travis/build/icyphy/ptII/ptolemy/actor/lib/test/auto/ConstraintMonitor5.xml
----------------- Instantiating /home/travis/build/icyphy/ptII/ptolemy/actor/lib/test/auto/ConstraintMonitor5.xml
6 ms. Memory: 281600K Free: 171465K (61%)
----------------- Invoking toplevel() on ptolemy.moml.MoMLSimpleApplication@624d86a0
----------------- Done invoking toplevel() on ptolemy.moml.MoMLSimpleApplication@624d86a0
reloadAllAccessors: .ConstraintMonitor5

===========================================================================================
----------------- testing Wed Jun 24 14:50:37 UTC 2020 /home/travis/build/icyphy/ptII/ptolemy/actor/lib/test/auto/ConstraintMonitor6.xml
----------------- Instantiating /home/travis/build/icyphy/ptII/ptolemy/actor/lib/test/auto/ConstraintMonitor6.xml
2 ms. Memory: 281600K Free: 165291K (59%)
----------------- Invoking toplevel() on ptolemy.moml.MoMLSimpleApplication@47399451
----------------- Done invoking toplevel() on ptolemy.moml.MoMLSimpleApplication@47399451
reloadAllAccessors: .ConstraintMonitor6

===========================================================================================
----------------- testing Wed Jun 24 14:50:37 UTC 2020 /home/travis/build/icyphy/ptII/ptolemy/actor/lib/test/auto/ConstraintMonitor7.xml
----------------- Instantiating /home/travis/build/icyphy/ptII/ptolemy/actor/lib/test/auto/ConstraintMonitor7.xml
4 ms. Memory: 281600K Free: 159163K (57%)
----------------- Invoking toplevel() on ptolemy.moml.MoMLSimpleApplication@15e05ae4
----------------- Done invoking toplevel() on ptolemy.moml.MoMLSimpleApplication@15e05ae4
reloadAllAccessors: .ConstraintMonitor7

===========================================================================================
----------------- testing Wed Jun 24 14:50:37 UTC 2020 /home/travis/build/icyphy/ptII/ptolemy/actor/lib/test/auto/ConstraintMonitor8.xml
----------------- Instantiating /home/travis/build/icyphy/ptII/ptolemy/actor/lib/test/auto/ConstraintMonitor8.xml
3 ms. Memory: 281600K Free: 151499K (54%)
----------------- Invoking toplevel() on ptolemy.moml.MoMLSimpleApplication@43d7766
----------------- Done invoking toplevel() on ptolemy.moml.MoMLSimpleApplication@43d7766
reloadAllAccessors: .ConstraintMonitor8

===========================================================================================
----------------- testing Wed Jun 24 14:50:38 UTC 2020 /home/travis/build/icyphy/ptII/ptolemy/actor/lib/test/auto/Counter.xml
----------------- Instantiating /home/travis/build/icyphy/ptII/ptolemy/actor/lib/test/auto/Counter.xml
2 ms. Memory: 281600K Free: 146379K (52%)
----------------- Invoking toplevel() on ptolemy.moml.MoMLSimpleApplication@5bc0d306
----------------- Done invoking toplevel() on ptolemy.moml.MoMLSimpleApplication@5bc0d306
reloadAllAccessors: .Counter

===========================================================================================
----------------- testing Wed Jun 24 14:50:38 UTC 2020 /home/travis/build/icyphy/ptII/ptolemy/actor/lib/test/auto/CurrentTimeSDF.xml
----------------- Instantiating /home/travis/build/icyphy/ptII/ptolemy/actor/lib/test/auto/CurrentTimeSDF.xml
3 ms. Memory: 281600K Free: 142793K (51%)
----------------- Invoking toplevel() on ptolemy.moml.MoMLSimpleApplication@379796b4
----------------- Done invoking toplevel() on ptolemy.moml.MoMLSimpleApplication@379796b4
reloadAllAccessors: .CurrentTimeSDF

===========================================================================================
----------------- testing Wed Jun 24 14:50:38 UTC 2020 /home/travis/build/icyphy/ptII/ptolemy/actor/lib/test/auto/DB.xml
----------------- Instantiating /home/travis/build/icyphy/ptII/ptolemy/actor/lib/test/auto/DB.xml
2 ms. Memory: 281600K Free: 137673K (49%)
----------------- Invoking toplevel() on ptolemy.moml.MoMLSimpleApplication@739b8bcb
----------------- Done invoking toplevel() on ptolemy.moml.MoMLSimpleApplication@739b8bcb
reloadAllAccessors: .DB

===========================================================================================
----------------- testing Wed Jun 24 14:50:38 UTC 2020 /home/travis/build/icyphy/ptII/ptolemy/actor/lib/test/auto/DBDE.xml
----------------- Instantiating /home/travis/build/icyphy/ptII/ptolemy/actor/lib/test/auto/DBDE.xml
2 ms. Memory: 281600K Free: 131523K (47%)
----------------- Invoking toplevel() on ptolemy.moml.MoMLSimpleApplication@34322045
----------------- Done invoking toplevel() on ptolemy.moml.MoMLSimpleApplication@34322045
reloadAllAccessors: .DBDE

===========================================================================================
----------------- testing Wed Jun 24 14:50:38 UTC 2020 /home/travis/build/icyphy/ptII/ptolemy/actor/lib/test/auto/DateConstructor.xml
----------------- Instantiating /home/travis/build/icyphy/ptII/ptolemy/actor/lib/test/auto/DateConstructor.xml
24 ms. Memory: 281600K Free: 114121K (41%)
----------------- Invoking toplevel() on ptolemy.moml.MoMLSimpleApplication@7b0038a8
----------------- Done invoking toplevel() on ptolemy.moml.MoMLSimpleApplication@7b0038a8
reloadAllAccessors: .DateConstructor

===========================================================================================
----------------- testing Wed Jun 24 14:50:38 UTC 2020 /home/travis/build/icyphy/ptII/ptolemy/actor/lib/test/auto/DelayTime.xml
----------------- Instantiating /home/travis/build/icyphy/ptII/ptolemy/actor/lib/test/auto/DelayTime.xml
5 ms. Memory: 281600K Free: 109001K (39%)
----------------- Invoking toplevel() on ptolemy.moml.MoMLSimpleApplication@1dd9dd73
----------------- Done invoking toplevel() on ptolemy.moml.MoMLSimpleApplication@1dd9dd73
reloadAllAccessors: .DelayTime

===========================================================================================
----------------- testing Wed Jun 24 14:50:38 UTC 2020 /home/travis/build/icyphy/ptII/ptolemy/actor/lib/test/auto/Dictionary1.xml
----------------- Instantiating /home/travis/build/icyphy/ptII/ptolemy/actor/lib/test/auto/Dictionary1.xml
1 ms. Memory: 281600K Free: 103371K (37%)
----------------- Invoking toplevel() on ptolemy.moml.MoMLSimpleApplication@508b6
----------------- Done invoking toplevel() on ptolemy.moml.MoMLSimpleApplication@508b6
reloadAllAccessors: .Dictionary1

===========================================================================================
----------------- testing Wed Jun 24 14:50:38 UTC 2020 /home/travis/build/icyphy/ptII/ptolemy/actor/lib/test/auto/Dictionary2.xml
----------------- Instantiating /home/travis/build/icyphy/ptII/ptolemy/actor/lib/test/auto/Dictionary2.xml
4 ms. Memory: 281600K Free: 98251K (35%)
----------------- Invoking toplevel() on ptolemy.moml.MoMLSimpleApplication@52bb01f1
----------------- Done invoking toplevel() on ptolemy.moml.MoMLSimpleApplication@52bb01f1
reloadAllAccessors: .Dictionary2

===========================================================================================
----------------- testing Wed Jun 24 14:50:38 UTC 2020 /home/travis/build/icyphy/ptII/ptolemy/actor/lib/test/auto/Dictionary3.xml
----------------- Instantiating /home/travis/build/icyphy/ptII/ptolemy/actor/lib/test/auto/Dictionary3.xml
1 ms. Memory: 281600K Free: 92617K (33%)
----------------- Invoking toplevel() on ptolemy.moml.MoMLSimpleApplication@5332a9a
----------------- Done invoking toplevel() on ptolemy.moml.MoMLSimpleApplication@5332a9a
reloadAllAccessors: .Dictionary3

===========================================================================================
----------------- testing Wed Jun 24 14:50:38 UTC 2020 /home/travis/build/icyphy/ptII/ptolemy/actor/lib/test/auto/Dictionary4.xml
----------------- Instantiating /home/travis/build/icyphy/ptII/ptolemy/actor/lib/test/auto/Dictionary4.xml
2 ms. Memory: 281600K Free: 85449K (30%)
----------------- Invoking toplevel() on ptolemy.moml.MoMLSimpleApplication@25a0690c
----------------- Done invoking toplevel() on ptolemy.moml.MoMLSimpleApplication@25a0690c
reloadAllAccessors: .Dictionary4

===========================================================================================
----------------- testing Wed Jun 24 14:50:38 UTC 2020 /home/travis/build/icyphy/ptII/ptolemy/actor/lib/test/auto/Differential.xml
----------------- Instantiating /home/travis/build/icyphy/ptII/ptolemy/actor/lib/test/auto/Differential.xml
3 ms. Memory: 281600K Free: 80843K (29%)
----------------- Invoking toplevel() on ptolemy.moml.MoMLSimpleApplication@6df3bb29
----------------- Done invoking toplevel() on ptolemy.moml.MoMLSimpleApplication@6df3bb29
reloadAllAccessors: .Differential

===========================================================================================
----------------- testing Wed Jun 24 14:50:38 UTC 2020 /home/travis/build/icyphy/ptII/ptolemy/actor/lib/test/auto/Director.xml
----------------- Instantiating /home/travis/build/icyphy/ptII/ptolemy/actor/lib/test/auto/Director.xml
3 ms. Memory: 281600K Free: 77771K (28%)
----------------- Invoking toplevel() on ptolemy.moml.MoMLSimpleApplication@460f0af
----------------- Done invoking toplevel() on ptolemy.moml.MoMLSimpleApplication@460f0af
reloadAllAccessors: .Director

===========================================================================================
----------------- testing Wed Jun 24 14:50:38 UTC 2020 /home/travis/build/icyphy/ptII/ptolemy/actor/lib/test/auto/DiscreteClock.xml
----------------- Instantiating /home/travis/build/icyphy/ptII/ptolemy/actor/lib/test/auto/DiscreteClock.xml
1 ms. Memory: 281600K Free: 73675K (26%)
----------------- Invoking toplevel() on ptolemy.moml.MoMLSimpleApplication@62fa8650
----------------- Done invoking toplevel() on ptolemy.moml.MoMLSimpleApplication@62fa8650
reloadAllAccessors: .DiscreteClock

===========================================================================================
----------------- testing Wed Jun 24 14:50:38 UTC 2020 /home/travis/build/icyphy/ptII/ptolemy/actor/lib/test/auto/DiscreteClock10.xml
----------------- Instantiating /home/travis/build/icyphy/ptII/ptolemy/actor/lib/test/auto/DiscreteClock10.xml
3 ms. Memory: 281600K Free: 67531K (24%)
----------------- Invoking toplevel() on ptolemy.moml.MoMLSimpleApplication@16dd6c16
----------------- Done invoking toplevel() on ptolemy.moml.MoMLSimpleApplication@16dd6c16
reloadAllAccessors: .DiscreteClock10

===========================================================================================
----------------- testing Wed Jun 24 14:50:38 UTC 2020 /home/travis/build/icyphy/ptII/ptolemy/actor/lib/test/auto/DiscreteClock11.xml
----------------- Instantiating /home/travis/build/icyphy/ptII/ptolemy/actor/lib/test/auto/DiscreteClock11.xml
2 ms. Memory: 281600K Free: 228530K (81%)
----------------- Invoking toplevel() on ptolemy.moml.MoMLSimpleApplication@16da0ffc
----------------- Done invoking toplevel() on ptolemy.moml.MoMLSimpleApplication@16da0ffc
reloadAllAccessors: .DiscreteClock11

===========================================================================================
----------------- testing Wed Jun 24 14:50:38 UTC 2020 /home/travis/build/icyphy/ptII/ptolemy/actor/lib/test/auto/DiscreteClock12.xml
----------------- Instantiating /home/travis/build/icyphy/ptII/ptolemy/actor/lib/test/auto/DiscreteClock12.xml
2 ms. Memory: 281600K Free: 222386K (79%)
----------------- Invoking toplevel() on ptolemy.moml.MoMLSimpleApplication@162452b2
----------------- Done invoking toplevel() on ptolemy.moml.MoMLSimpleApplication@162452b2
reloadAllAccessors: .DiscreteClock12

===========================================================================================
----------------- testing Wed Jun 24 14:50:38 UTC 2020 /home/travis/build/icyphy/ptII/ptolemy/actor/lib/test/auto/DiscreteClock13.xml
----------------- Instantiating /home/travis/build/icyphy/ptII/ptolemy/actor/lib/test/auto/DiscreteClock13.xml
4 ms. Memory: 281600K Free: 216212K (77%)
----------------- Invoking toplevel() on ptolemy.moml.MoMLSimpleApplication@11085319
----------------- Done invoking toplevel() on ptolemy.moml.MoMLSimpleApplication@11085319
reloadAllAccessors: .DiscreteClock13

===========================================================================================
----------------- testing Wed Jun 24 14:50:38 UTC 2020 /home/travis/build/icyphy/ptII/ptolemy/actor/lib/test/auto/DiscreteClock14.xml
----------------- Instantiating /home/travis/build/icyphy/ptII/ptolemy/actor/lib/test/auto/DiscreteClock14.xml
4 ms. Memory: 281600K Free: 210065K (75%)
----------------- Invoking toplevel() on ptolemy.moml.MoMLSimpleApplication@65671751
----------------- Done invoking toplevel() on ptolemy.moml.MoMLSimpleApplication@65671751
reloadAllAccessors: .DiscreteClock14

===========================================================================================
----------------- testing Wed Jun 24 14:50:38 UTC 2020 /home/travis/build/icyphy/ptII/ptolemy/actor/lib/test/auto/DiscreteClock15.xml
----------------- Instantiating /home/travis/build/icyphy/ptII/ptolemy/actor/lib/test/auto/DiscreteClock15.xml
4 ms. Memory: 281600K Free: 203924K (72%)
----------------- Invoking toplevel() on ptolemy.moml.MoMLSimpleApplication@6a5a404b
----------------- Done invoking toplevel() on ptolemy.moml.MoMLSimpleApplication@6a5a404b
reloadAllAccessors: .DiscreteClock15

===========================================================================================
----------------- testing Wed Jun 24 14:50:38 UTC 2020 /home/travis/build/icyphy/ptII/ptolemy/actor/lib/test/auto/DiscreteClock16.xml
----------------- Instantiating /home/travis/build/icyphy/ptII/ptolemy/actor/lib/test/auto/DiscreteClock16.xml
15 ms. Memory: 281600K Free: 190628K (68%)
----------------- Invoking toplevel() on ptolemy.moml.MoMLSimpleApplication@32473918
----------------- Done invoking toplevel() on ptolemy.moml.MoMLSimpleApplication@32473918
reloadAllAccessors: .DiscreteClock16

===========================================================================================
----------------- testing Wed Jun 24 14:50:38 UTC 2020 /home/travis/build/icyphy/ptII/ptolemy/actor/lib/test/auto/DiscreteClock17.xml
----------------- Instantiating /home/travis/build/icyphy/ptII/ptolemy/actor/lib/test/auto/DiscreteClock17.xml
14 ms. Memory: 281600K Free: 175796K (62%)
----------------- Invoking toplevel() on ptolemy.moml.MoMLSimpleApplication@4ddbf57a
----------------- Done invoking toplevel() on ptolemy.moml.MoMLSimpleApplication@4ddbf57a
reloadAllAccessors: .DiscreteClock17

===========================================================================================
----------------- testing Wed Jun 24 14:50:38 UTC 2020 /home/travis/build/icyphy/ptII/ptolemy/actor/lib/test/auto/DiscreteClock18.xml
----------------- Instantiating /home/travis/build/icyphy/ptII/ptolemy/actor/lib/test/auto/DiscreteClock18.xml
22 ms. Memory: 281600K Free: 161970K (58%)
----------------- Invoking toplevel() on ptolemy.moml.MoMLSimpleApplication@4cd0ccd2
----------------- Done invoking toplevel() on ptolemy.moml.MoMLSimpleApplication@4cd0ccd2
reloadAllAccessors: .DiscreteClock18

===========================================================================================
----------------- testing Wed Jun 24 14:50:38 UTC 2020 /home/travis/build/icyphy/ptII/ptolemy/actor/lib/test/auto/DiscreteClock19.xml
----------------- Instantiating /home/travis/build/icyphy/ptII/ptolemy/actor/lib/test/auto/DiscreteClock19.xml
16 ms. Memory: 281600K Free: 148148K (53%)
----------------- Invoking toplevel() on ptolemy.moml.MoMLSimpleApplication@217dce7a
----------------- Done invoking toplevel() on ptolemy.moml.MoMLSimpleApplication@217dce7a
reloadAllAccessors: .DiscreteClock19

===========================================================================================
----------------- testing Wed Jun 24 14:50:38 UTC 2020 /home/travis/build/icyphy/ptII/ptolemy/actor/lib/test/auto/DiscreteClock2.xml
----------------- Instantiating /home/travis/build/icyphy/ptII/ptolemy/actor/lib/test/auto/DiscreteClock2.xml
1 ms. Memory: 281600K Free: 143532K (51%)
----------------- Invoking toplevel() on ptolemy.moml.MoMLSimpleApplication@7c1c1176
----------------- Done invoking toplevel() on ptolemy.moml.MoMLSimpleApplication@7c1c1176
reloadAllAccessors: .DiscreteClock2

===========================================================================================
----------------- testing Wed Jun 24 14:50:38 UTC 2020 /home/travis/build/icyphy/ptII/ptolemy/actor/lib/test/auto/DiscreteClock20.xml
----------------- Instantiating /home/travis/build/icyphy/ptII/ptolemy/actor/lib/test/auto/DiscreteClock20.xml
8 ms. Memory: 281600K Free: 137908K (49%)
----------------- Invoking toplevel() on ptolemy.moml.MoMLSimpleApplication@3ecb38e
----------------- Done invoking toplevel() on ptolemy.moml.MoMLSimpleApplication@3ecb38e
reloadAllAccessors: .DiscreteClock20

===========================================================================================
----------------- testing Wed Jun 24 14:50:38 UTC 2020 /home/travis/build/icyphy/ptII/ptolemy/actor/lib/test/auto/DiscreteClock21.xml
----------------- Instantiating /home/travis/build/icyphy/ptII/ptolemy/actor/lib/test/auto/DiscreteClock21.xml
2 ms. Memory: 281600K Free: 132274K (47%)
----------------- Invoking toplevel() on ptolemy.moml.MoMLSimpleApplication@46b213b
----------------- Done invoking toplevel() on ptolemy.moml.MoMLSimpleApplication@46b213b
reloadAllAccessors: .DiscreteClock21

===========================================================================================
----------------- testing Wed Jun 24 14:50:38 UTC 2020 /home/travis/build/icyphy/ptII/ptolemy/actor/lib/test/auto/DiscreteClock22.xml
----------------- Instantiating /home/travis/build/icyphy/ptII/ptolemy/actor/lib/test/auto/DiscreteClock22.xml
3 ms. Memory: 281600K Free: 126644K (45%)
----------------- Invoking toplevel() on ptolemy.moml.MoMLSimpleApplication@7b7f843c
----------------- Done invoking toplevel() on ptolemy.moml.MoMLSimpleApplication@7b7f843c
reloadAllAccessors: .DiscreteClock22

===========================================================================================
----------------- testing Wed Jun 24 14:50:38 UTC 2020 /home/travis/build/icyphy/ptII/ptolemy/actor/lib/test/auto/DiscreteClock23.xml
----------------- Instantiating /home/travis/build/icyphy/ptII/ptolemy/actor/lib/test/auto/DiscreteClock23.xml
8 ms. Memory: 281600K Free: 121524K (43%)
----------------- Invoking toplevel() on ptolemy.moml.MoMLSimpleApplication@2c0d412f
----------------- Done invoking toplevel() on ptolemy.moml.MoMLSimpleApplication@2c0d412f
reloadAllAccessors: .DiscreteClock23

===========================================================================================
----------------- testing Wed Jun 24 14:50:38 UTC 2020 /home/travis/build/icyphy/ptII/ptolemy/actor/lib/test/auto/DiscreteClock24.xml
----------------- Instantiating /home/travis/build/icyphy/ptII/ptolemy/actor/lib/test/auto/DiscreteClock24.xml
2 ms. Memory: 281600K Free: 115890K (41%)
----------------- Invoking toplevel() on ptolemy.moml.MoMLSimpleApplication@40c664af
----------------- Done invoking toplevel() on ptolemy.moml.MoMLSimpleApplication@40c664af
reloadAllAccessors: .DiscreteClock24

===========================================================================================
----------------- testing Wed Jun 24 14:50:38 UTC 2020 /home/travis/build/icyphy/ptII/ptolemy/actor/lib/test/auto/DiscreteClock4.xml
----------------- Instantiating /home/travis/build/icyphy/ptII/ptolemy/actor/lib/test/auto/DiscreteClock4.xml
3 ms. Memory: 281600K Free: 110260K (39%)
----------------- Invoking toplevel() on ptolemy.moml.MoMLSimpleApplication@40c27d5c
----------------- Done invoking toplevel() on ptolemy.moml.MoMLSimpleApplication@40c27d5c
reloadAllAccessors: .DiscreteClock4

===========================================================================================
----------------- testing Wed Jun 24 14:50:38 UTC 2020 /home/travis/build/icyphy/ptII/ptolemy/actor/lib/test/auto/DiscreteClock5.xml
----------------- Instantiating /home/travis/build/icyphy/ptII/ptolemy/actor/lib/test/auto/DiscreteClock5.xml
1 ms. Memory: 281600K Free: 104626K (37%)
----------------- Invoking toplevel() on ptolemy.moml.MoMLSimpleApplication@5755e64b
----------------- Done invoking toplevel() on ptolemy.moml.MoMLSimpleApplication@5755e64b
reloadAllAccessors: .DiscreteClock5

===========================================================================================
----------------- testing Wed Jun 24 14:50:38 UTC 2020 /home/travis/build/icyphy/ptII/ptolemy/actor/lib/test/auto/DiscreteClock6.xml
----------------- Instantiating /home/travis/build/icyphy/ptII/ptolemy/actor/lib/test/auto/DiscreteClock6.xml
1 ms. Memory: 281600K Free: 100516K (36%)
----------------- Invoking toplevel() on ptolemy.moml.MoMLSimpleApplication@3b10d7d5
----------------- Done invoking toplevel() on ptolemy.moml.MoMLSimpleApplication@3b10d7d5
reloadAllAccessors: .DiscreteClock6

===========================================================================================
----------------- testing Wed Jun 24 14:50:38 UTC 2020 /home/travis/build/icyphy/ptII/ptolemy/actor/lib/test/auto/DiscreteClock7.xml
----------------- Instantiating /home/travis/build/icyphy/ptII/ptolemy/actor/lib/test/auto/DiscreteClock7.xml
1 ms. Memory: 281600K Free: 95410K (34%)
----------------- Invoking toplevel() on ptolemy.moml.MoMLSimpleApplication@76c8a731
----------------- Done invoking toplevel() on ptolemy.moml.MoMLSimpleApplication@76c8a731
reloadAllAccessors: .DiscreteClock7

===========================================================================================
----------------- testing Wed Jun 24 14:50:38 UTC 2020 /home/travis/build/icyphy/ptII/ptolemy/actor/lib/test/auto/DiscreteClock8.xml
----------------- Instantiating /home/travis/build/icyphy/ptII/ptolemy/actor/lib/test/auto/DiscreteClock8.xml
2 ms. Memory: 281600K Free: 89780K (32%)
----------------- Invoking toplevel() on ptolemy.moml.MoMLSimpleApplication@33e0423
----------------- Done invoking toplevel() on ptolemy.moml.MoMLSimpleApplication@33e0423
reloadAllAccessors: .DiscreteClock8

===========================================================================================
----------------- testing Wed Jun 24 14:50:38 UTC 2020 /home/travis/build/icyphy/ptII/ptolemy/actor/lib/test/auto/DiscreteClock9.xml
----------------- Instantiating /home/travis/build/icyphy/ptII/ptolemy/actor/lib/test/auto/DiscreteClock9.xml
4 ms. Memory: 281600K Free: 84132K (30%)
----------------- Invoking toplevel() on ptolemy.moml.MoMLSimpleApplication@14ab8060
----------------- Done invoking toplevel() on ptolemy.moml.MoMLSimpleApplication@14ab8060
reloadAllAccessors: .DiscreteClock9

===========================================================================================
----------------- testing Wed Jun 24 14:50:38 UTC 2020 /home/travis/build/icyphy/ptII/ptolemy/actor/lib/test/auto/DisplayArray.xml
----------------- Instantiating /home/travis/build/icyphy/ptII/ptolemy/actor/lib/test/auto/DisplayArray.xml
1 ms. Memory: 281600K Free: 80050K (28%)
----------------- Invoking toplevel() on ptolemy.moml.MoMLSimpleApplication@4df93128
----------------- Done invoking toplevel() on ptolemy.moml.MoMLSimpleApplication@4df93128
reloadAllAccessors: .DisplayArray

===========================================================================================
----------------- testing Wed Jun 24 14:50:38 UTC 2020 /home/travis/build/icyphy/ptII/ptolemy/actor/lib/test/auto/Distributor.xml
----------------- Instantiating /home/travis/build/icyphy/ptII/ptolemy/actor/lib/test/auto/Distributor.xml
1 ms. Memory: 281600K Free: 75444K (27%)
----------------- Invoking toplevel() on ptolemy.moml.MoMLSimpleApplication@47d6f3ae
----------------- Done invoking toplevel() on ptolemy.moml.MoMLSimpleApplication@47d6f3ae
reloadAllAccessors: .Distributor

===========================================================================================
----------------- testing Wed Jun 24 14:50:38 UTC 2020 /home/travis/build/icyphy/ptII/ptolemy/actor/lib/test/auto/Distributor2.xml
----------------- Instantiating /home/travis/build/icyphy/ptII/ptolemy/actor/lib/test/auto/Distributor2.xml
1 ms. Memory: 281600K Free: 70324K (25%)
----------------- Invoking toplevel() on ptolemy.moml.MoMLSimpleApplication@30c0c4dc
----------------- Done invoking toplevel() on ptolemy.moml.MoMLSimpleApplication@30c0c4dc
reloadAllAccessors: .Distributor2

===========================================================================================
----------------- testing Wed Jun 24 14:50:38 UTC 2020 /home/travis/build/icyphy/ptII/ptolemy/actor/lib/test/auto/DownSample.xml
----------------- Instantiating /home/travis/build/icyphy/ptII/ptolemy/actor/lib/test/auto/DownSample.xml
8 ms. Memory: 281600K Free: 232474K (83%)
----------------- Invoking toplevel() on ptolemy.moml.MoMLSimpleApplication@6bf2cda9
----------------- Done invoking toplevel() on ptolemy.moml.MoMLSimpleApplication@6bf2cda9
reloadAllAccessors: .DownSample

===========================================================================================
----------------- testing Wed Jun 24 14:50:38 UTC 2020 /home/travis/build/icyphy/ptII/ptolemy/actor/lib/test/auto/ElectronicUnitBase1.xml
----------------- Instantiating /home/travis/build/icyphy/ptII/ptolemy/actor/lib/test/auto/ElectronicUnitBase1.xml
13 ms. Memory: 281600K Free: 215839K (77%)
----------------- Invoking toplevel() on ptolemy.moml.MoMLSimpleApplication@67bdcedd
----------------- Done invoking toplevel() on ptolemy.moml.MoMLSimpleApplication@67bdcedd
reloadAllAccessors: .ElectronicUnitBase1

===========================================================================================
----------------- testing Wed Jun 24 14:50:38 UTC 2020 /home/travis/build/icyphy/ptII/ptolemy/actor/lib/test/auto/ElementsToArray.xml
----------------- Instantiating /home/travis/build/icyphy/ptII/ptolemy/actor/lib/test/auto/ElementsToArray.xml
2 ms. Memory: 281600K Free: 210719K (75%)
----------------- Invoking toplevel() on ptolemy.moml.MoMLSimpleApplication@2a42db2d
----------------- Done invoking toplevel() on ptolemy.moml.MoMLSimpleApplication@2a42db2d
reloadAllAccessors: .ElementsToArray

===========================================================================================
----------------- testing Wed Jun 24 14:50:38 UTC 2020 /home/travis/build/icyphy/ptII/ptolemy/actor/lib/test/auto/Equals.xml
----------------- Instantiating /home/travis/build/icyphy/ptII/ptolemy/actor/lib/test/auto/Equals.xml
2 ms. Memory: 281600K Free: 206113K (73%)
----------------- Invoking toplevel() on ptolemy.moml.MoMLSimpleApplication@4f009ab3
----------------- Done invoking toplevel() on ptolemy.moml.MoMLSimpleApplication@4f009ab3
reloadAllAccessors: .Equals

===========================================================================================
----------------- testing Wed Jun 24 14:50:38 UTC 2020 /home/travis/build/icyphy/ptII/ptolemy/actor/lib/test/auto/Exec.xml
----------------- Instantiating /home/travis/build/icyphy/ptII/ptolemy/actor/lib/test/auto/Exec.xml
13 ms. Memory: 281600K Free: 200479K (71%)
----------------- Invoking toplevel() on ptolemy.moml.MoMLSimpleApplication@df2c7d
----------------- Done invoking toplevel() on ptolemy.moml.MoMLSimpleApplication@df2c7d
reloadAllAccessors: .Exec

===========================================================================================
----------------- testing Wed Jun 24 14:50:39 UTC 2020 /home/travis/build/icyphy/ptII/ptolemy/actor/lib/test/auto/ExecEnvironment.xml
----------------- Instantiating /home/travis/build/icyphy/ptII/ptolemy/actor/lib/test/auto/ExecEnvironment.xml
17 ms. Memory: 281600K Free: 195345K (69%)
----------------- Invoking toplevel() on ptolemy.moml.MoMLSimpleApplication@4de8aff8
----------------- Done invoking toplevel() on ptolemy.moml.MoMLSimpleApplication@4de8aff8
reloadAllAccessors: .ExecEnvironment

===========================================================================================
----------------- testing Wed Jun 24 14:50:39 UTC 2020 /home/travis/build/icyphy/ptII/ptolemy/actor/lib/test/auto/ExecNonZeroReturnOutput.xml
----------------- Instantiating /home/travis/build/icyphy/ptII/ptolemy/actor/lib/test/auto/ExecNonZeroReturnOutput.xml
152 ms. Memory: 281600K Free: 184095K (65%)
----------------- Invoking toplevel() on ptolemy.moml.MoMLSimpleApplication@6255b3c5
----------------- Done invoking toplevel() on ptolemy.moml.MoMLSimpleApplication@6255b3c5
reloadAllAccessors: .ExecNonZeroReturnOutput

===========================================================================================
----------------- testing Wed Jun 24 14:50:39 UTC 2020 /home/travis/build/icyphy/ptII/ptolemy/actor/lib/test/auto/ExecRunDemos.xml
----------------- Instantiating /home/travis/build/icyphy/ptII/ptolemy/actor/lib/test/auto/ExecRunDemos.xml
Finished: 55 ms. Memory: 129024K Free: 112290K (87%)

Finished: 58 ms. Memory: 129024K Free: 109442K (85%)

Finished: 67 ms. Memory: 129024K Free: 109538K (85%)

Finished: 101 ms. Memory: 129024K Free: 111065K (86%)

Finished: 69 ms. Memory: 129024K Free: 111931K (87%)

9773 ms. Memory: 281600K Free: 163103K (58%)
----------------- Invoking toplevel() on ptolemy.moml.MoMLSimpleApplication@1e5537a1
----------------- Done invoking toplevel() on ptolemy.moml.MoMLSimpleApplication@1e5537a1
reloadAllAccessors: .ExecRunDemos

===========================================================================================
----------------- testing Wed Jun 24 14:50:49 UTC 2020 /home/travis/build/icyphy/ptII/ptolemy/actor/lib/test/auto/ExecStop.xml
----------------- Instantiating /home/travis/build/icyphy/ptII/ptolemy/actor/lib/test/auto/ExecStop.xml
5025 ms. Memory: 281600K Free: 202088K (72%)
----------------- Invoking toplevel() on ptolemy.moml.MoMLSimpleApplication@78612795
----------------- Done invoking toplevel() on ptolemy.moml.MoMLSimpleApplication@78612795
reloadAllAccessors: .ExecStop

===========================================================================================
----------------- testing Wed Jun 24 14:50:54 UTC 2020 /home/travis/build/icyphy/ptII/ptolemy/actor/lib/test/auto/ExecutionTimeSDF.xml
----------------- Instantiating /home/travis/build/icyphy/ptII/ptolemy/actor/lib/test/auto/ExecutionTimeSDF.xml
Fired ExecutionTime: -784567296
Fired ExecutionTime: 1333200000
Fired ExecutionTime: 190632704
6004 ms. Memory: 281600K Free: 189800K (67%)
----------------- Invoking toplevel() on ptolemy.moml.MoMLSimpleApplication@eae0971
----------------- Done invoking toplevel() on ptolemy.moml.MoMLSimpleApplication@eae0971
reloadAllAccessors: .ExecutionTimeSDF

===========================================================================================
----------------- testing Wed Jun 24 14:51:00 UTC 2020 /home/travis/build/icyphy/ptII/ptolemy/actor/lib/test/auto/Expression1.xml
----------------- Instantiating /home/travis/build/icyphy/ptII/ptolemy/actor/lib/test/auto/Expression1.xml
1 ms. Memory: 281600K Free: 186728K (66%)
----------------- Invoking toplevel() on ptolemy.moml.MoMLSimpleApplication@654c7b26
----------------- Done invoking toplevel() on ptolemy.moml.MoMLSimpleApplication@654c7b26
reloadAllAccessors: .Expression1

===========================================================================================
----------------- testing Wed Jun 24 14:51:00 UTC 2020 /home/travis/build/icyphy/ptII/ptolemy/actor/lib/test/auto/Expression10.xml
----------------- Instantiating /home/travis/build/icyphy/ptII/ptolemy/actor/lib/test/auto/Expression10.xml
5 ms. Memory: 281600K Free: 181188K (64%)
----------------- Invoking toplevel() on ptolemy.moml.MoMLSimpleApplication@1a6dd12c
----------------- Done invoking toplevel() on ptolemy.moml.MoMLSimpleApplication@1a6dd12c
reloadAllAccessors: .Expression10

===========================================================================================
----------------- testing Wed Jun 24 14:51:00 UTC 2020 /home/travis/build/icyphy/ptII/ptolemy/actor/lib/test/auto/Expression11.xml
----------------- Instantiating /home/travis/build/icyphy/ptII/ptolemy/actor/lib/test/auto/Expression11.xml
2 ms. Memory: 281600K Free: 176488K (63%)
----------------- Invoking toplevel() on ptolemy.moml.MoMLSimpleApplication@4511ce3a
----------------- Done invoking toplevel() on ptolemy.moml.MoMLSimpleApplication@4511ce3a
reloadAllAccessors: .Expression11

===========================================================================================
----------------- testing Wed Jun 24 14:51:00 UTC 2020 /home/travis/build/icyphy/ptII/ptolemy/actor/lib/test/auto/Expression12.xml
----------------- Instantiating /home/travis/build/icyphy/ptII/ptolemy/actor/lib/test/auto/Expression12.xml
3 ms. Memory: 281600K Free: 171501K (61%)
----------------- Invoking toplevel() on ptolemy.moml.MoMLSimpleApplication@129c1c23
----------------- Done invoking toplevel() on ptolemy.moml.MoMLSimpleApplication@129c1c23
reloadAllAccessors: .Expression12

===========================================================================================
----------------- testing Wed Jun 24 14:51:00 UTC 2020 /home/travis/build/icyphy/ptII/ptolemy/actor/lib/test/auto/Expression13.xml
----------------- Instantiating /home/travis/build/icyphy/ptII/ptolemy/actor/lib/test/auto/Expression13.xml
2 ms. Memory: 281600K Free: 166421K (59%)
----------------- Invoking toplevel() on ptolemy.moml.MoMLSimpleApplication@4b315c2e
----------------- Done invoking toplevel() on ptolemy.moml.MoMLSimpleApplication@4b315c2e
reloadAllAccessors: .Expression13

===========================================================================================
----------------- testing Wed Jun 24 14:51:00 UTC 2020 /home/travis/build/icyphy/ptII/ptolemy/actor/lib/test/auto/Expression14.xml
----------------- Instantiating /home/travis/build/icyphy/ptII/ptolemy/actor/lib/test/auto/Expression14.xml
11 ms. Memory: 281600K Free: 160708K (57%)
----------------- Invoking toplevel() on ptolemy.moml.MoMLSimpleApplication@67959b9c
----------------- Done invoking toplevel() on ptolemy.moml.MoMLSimpleApplication@67959b9c
reloadAllAccessors: .Expression14

===========================================================================================
----------------- testing Wed Jun 24 14:51:00 UTC 2020 /home/travis/build/icyphy/ptII/ptolemy/actor/lib/test/auto/Expression15.xml
----------------- Instantiating /home/travis/build/icyphy/ptII/ptolemy/actor/lib/test/auto/Expression15.xml
1 ms. Memory: 281600K Free: 156590K (56%)
----------------- Invoking toplevel() on ptolemy.moml.MoMLSimpleApplication@2a7280ab
----------------- Done invoking toplevel() on ptolemy.moml.MoMLSimpleApplication@2a7280ab
reloadAllAccessors: .Expression15

===========================================================================================
----------------- testing Wed Jun 24 14:51:00 UTC 2020 /home/travis/build/icyphy/ptII/ptolemy/actor/lib/test/auto/Expression16.xml
----------------- Instantiating /home/travis/build/icyphy/ptII/ptolemy/actor/lib/test/auto/Expression16.xml
4 ms. Memory: 281600K Free: 152053K (54%)
----------------- Invoking toplevel() on ptolemy.moml.MoMLSimpleApplication@a6b0c0a
----------------- Done invoking toplevel() on ptolemy.moml.MoMLSimpleApplication@a6b0c0a
reloadAllAccessors: .Expression16

===========================================================================================
----------------- testing Wed Jun 24 14:51:00 UTC 2020 /home/travis/build/icyphy/ptII/ptolemy/actor/lib/test/auto/Expression17.xml
----------------- Instantiating /home/travis/build/icyphy/ptII/ptolemy/actor/lib/test/auto/Expression17.xml
3 ms. Memory: 281600K Free: 146957K (52%)
----------------- Invoking toplevel() on ptolemy.moml.MoMLSimpleApplication@57a0cc99
----------------- Done invoking toplevel() on ptolemy.moml.MoMLSimpleApplication@57a0cc99
reloadAllAccessors: .Expression17

===========================================================================================
----------------- testing Wed Jun 24 14:51:00 UTC 2020 /home/travis/build/icyphy/ptII/ptolemy/actor/lib/test/auto/Expression18.xml
----------------- Instantiating /home/travis/build/icyphy/ptII/ptolemy/actor/lib/test/auto/Expression18.xml
2 ms. Memory: 281600K Free: 142246K (51%)
----------------- Invoking toplevel() on ptolemy.moml.MoMLSimpleApplication@7a17ef08
----------------- Done invoking toplevel() on ptolemy.moml.MoMLSimpleApplication@7a17ef08
reloadAllAccessors: .Expression18

===========================================================================================
----------------- testing Wed Jun 24 14:51:00 UTC 2020 /home/travis/build/icyphy/ptII/ptolemy/actor/lib/test/auto/Expression2.xml
----------------- Instantiating /home/travis/build/icyphy/ptII/ptolemy/actor/lib/test/auto/Expression2.xml
2 ms. Memory: 281600K Free: 137142K (49%)
----------------- Invoking toplevel() on ptolemy.moml.MoMLSimpleApplication@ca46f24
----------------- Done invoking toplevel() on ptolemy.moml.MoMLSimpleApplication@ca46f24
reloadAllAccessors: .Expression2

===========================================================================================
----------------- testing Wed Jun 24 14:51:00 UTC 2020 /home/travis/build/icyphy/ptII/ptolemy/actor/lib/test/auto/Expression3.xml
----------------- Instantiating /home/travis/build/icyphy/ptII/ptolemy/actor/lib/test/auto/Expression3.xml
6 ms. Memory: 281600K Free: 132597K (47%)
----------------- Invoking toplevel() on ptolemy.moml.MoMLSimpleApplication@521e23d5
----------------- Done invoking toplevel() on ptolemy.moml.MoMLSimpleApplication@521e23d5
reloadAllAccessors: .Expression3

===========================================================================================
----------------- testing Wed Jun 24 14:51:00 UTC 2020 /home/travis/build/icyphy/ptII/ptolemy/actor/lib/test/auto/Expression4.xml
----------------- Instantiating /home/travis/build/icyphy/ptII/ptolemy/actor/lib/test/auto/Expression4.xml
5 ms. Memory: 281600K Free: 124846K (44%)
----------------- Invoking toplevel() on ptolemy.moml.MoMLSimpleApplication@3823ec3e
----------------- Done invoking toplevel() on ptolemy.moml.MoMLSimpleApplication@3823ec3e
reloadAllAccessors: .Expression4

===========================================================================================
----------------- testing Wed Jun 24 14:51:00 UTC 2020 /home/travis/build/icyphy/ptII/ptolemy/actor/lib/test/auto/Expression5.xml
----------------- Instantiating /home/travis/build/icyphy/ptII/ptolemy/actor/lib/test/auto/Expression5.xml
3 ms. Memory: 281600K Free: 120325K (43%)
----------------- Invoking toplevel() on ptolemy.moml.MoMLSimpleApplication@60ad8033
----------------- Done invoking toplevel() on ptolemy.moml.MoMLSimpleApplication@60ad8033
reloadAllAccessors: .Expression5

===========================================================================================
----------------- testing Wed Jun 24 14:51:00 UTC 2020 /home/travis/build/icyphy/ptII/ptolemy/actor/lib/test/auto/Expression6.xml
----------------- Instantiating /home/travis/build/icyphy/ptII/ptolemy/actor/lib/test/auto/Expression6.xml
1 ms. Memory: 281600K Free: 115652K (41%)
----------------- Invoking toplevel() on ptolemy.moml.MoMLSimpleApplication@602ed684
----------------- Done invoking toplevel() on ptolemy.moml.MoMLSimpleApplication@602ed684
reloadAllAccessors: .Expression6

===========================================================================================
----------------- testing Wed Jun 24 14:51:00 UTC 2020 /home/travis/build/icyphy/ptII/ptolemy/actor/lib/test/auto/Expression7.xml
----------------- Instantiating /home/travis/build/icyphy/ptII/ptolemy/actor/lib/test/auto/Expression7.xml
2 ms. Memory: 281600K Free: 111131K (39%)
----------------- Invoking toplevel() on ptolemy.moml.MoMLSimpleApplication@68721518
----------------- Done invoking toplevel() on ptolemy.moml.MoMLSimpleApplication@68721518
reloadAllAccessors: .Expression7

===========================================================================================
----------------- testing Wed Jun 24 14:51:00 UTC 2020 /home/travis/build/icyphy/ptII/ptolemy/actor/lib/test/auto/Expression8.xml
----------------- Instantiating /home/travis/build/icyphy/ptII/ptolemy/actor/lib/test/auto/Expression8.xml
7 ms. Memory: 281600K Free: 106856K (38%)
----------------- Invoking toplevel() on ptolemy.moml.MoMLSimpleApplication@2fa8e044
----------------- Done invoking toplevel() on ptolemy.moml.MoMLSimpleApplication@2fa8e044
reloadAllAccessors: .Expression8

===========================================================================================
----------------- testing Wed Jun 24 14:51:00 UTC 2020 /home/travis/build/icyphy/ptII/ptolemy/actor/lib/test/auto/Expression9.xml
----------------- Instantiating /home/travis/build/icyphy/ptII/ptolemy/actor/lib/test/auto/Expression9.xml
1 ms. Memory: 281600K Free: 102909K (37%)
----------------- Invoking toplevel() on ptolemy.moml.MoMLSimpleApplication@3b2d0965
----------------- Done invoking toplevel() on ptolemy.moml.MoMLSimpleApplication@3b2d0965
reloadAllAccessors: .Expression9

===========================================================================================
----------------- testing Wed Jun 24 14:51:00 UTC 2020 /home/travis/build/icyphy/ptII/ptolemy/actor/lib/test/auto/ExpressionConcatenateArrayType.xml
----------------- Instantiating /home/travis/build/icyphy/ptII/ptolemy/actor/lib/test/auto/ExpressionConcatenateArrayType.xml
3 ms. Memory: 281600K Free: 96616K (34%)
----------------- Invoking toplevel() on ptolemy.moml.MoMLSimpleApplication@3d4ea7c8
----------------- Done invoking toplevel() on ptolemy.moml.MoMLSimpleApplication@3d4ea7c8
reloadAllAccessors: .ExpressionConcatenateArrayType

===========================================================================================
----------------- testing Wed Jun 24 14:51:00 UTC 2020 /home/travis/build/icyphy/ptII/ptolemy/actor/lib/test/auto/ExpressionConcatenateArrayType2.xml
----------------- Instantiating /home/travis/build/icyphy/ptII/ptolemy/actor/lib/test/auto/ExpressionConcatenateArrayType2.xml
2 ms. Memory: 281600K Free: 91496K (32%)
----------------- Invoking toplevel() on ptolemy.moml.MoMLSimpleApplication@13c0b0e8
----------------- Done invoking toplevel() on ptolemy.moml.MoMLSimpleApplication@13c0b0e8
reloadAllAccessors: .ExpressionConcatenateArrayType2

===========================================================================================
----------------- testing Wed Jun 24 14:51:00 UTC 2020 /home/travis/build/icyphy/ptII/ptolemy/actor/lib/test/auto/ExpressionFix.xml
----------------- Instantiating /home/travis/build/icyphy/ptII/ptolemy/actor/lib/test/auto/ExpressionFix.xml
19 ms. Memory: 281600K Free: 84932K (30%)
----------------- Invoking toplevel() on ptolemy.moml.MoMLSimpleApplication@79a6a8aa
----------------- Done invoking toplevel() on ptolemy.moml.MoMLSimpleApplication@79a6a8aa
reloadAllAccessors: .ExpressionFix

===========================================================================================
----------------- testing Wed Jun 24 14:51:00 UTC 2020 /home/travis/build/icyphy/ptII/ptolemy/actor/lib/test/auto/ExpressionFix2.xml
----------------- Instantiating /home/travis/build/icyphy/ptII/ptolemy/actor/lib/test/auto/ExpressionFix2.xml
5 ms. Memory: 281600K Free: 80814K (29%)
----------------- Invoking toplevel() on ptolemy.moml.MoMLSimpleApplication@11162068
----------------- Done invoking toplevel() on ptolemy.moml.MoMLSimpleApplication@11162068
reloadAllAccessors: .ExpressionFix2

===========================================================================================
----------------- testing Wed Jun 24 14:51:00 UTC 2020 /home/travis/build/icyphy/ptII/ptolemy/actor/lib/test/auto/ExpressionFix3.xml
----------------- Instantiating /home/travis/build/icyphy/ptII/ptolemy/actor/lib/test/auto/ExpressionFix3.xml
2 ms. Memory: 281600K Free: 77160K (27%)
----------------- Invoking toplevel() on ptolemy.moml.MoMLSimpleApplication@520a579a
----------------- Done invoking toplevel() on ptolemy.moml.MoMLSimpleApplication@520a579a
reloadAllAccessors: .ExpressionFix3

===========================================================================================
----------------- testing Wed Jun 24 14:51:00 UTC 2020 /home/travis/build/icyphy/ptII/ptolemy/actor/lib/test/auto/FileWriter1.xml
----------------- Instantiating /home/travis/build/icyphy/ptII/ptolemy/actor/lib/test/auto/FileWriter1.xml
2 ms. Memory: 281600K Free: 73229K (26%)
----------------- Invoking toplevel() on ptolemy.moml.MoMLSimpleApplication@722d1384
----------------- Done invoking toplevel() on ptolemy.moml.MoMLSimpleApplication@722d1384
reloadAllAccessors: .FileWriter1

===========================================================================================
----------------- testing Wed Jun 24 14:51:00 UTC 2020 /home/travis/build/icyphy/ptII/ptolemy/actor/lib/test/auto/FileWriter2.xml
----------------- Instantiating /home/travis/build/icyphy/ptII/ptolemy/actor/lib/test/auto/FileWriter2.xml
2 ms. Memory: 281600K Free: 68526K (24%)
----------------- Invoking toplevel() on ptolemy.moml.MoMLSimpleApplication@75c8f16f
----------------- Done invoking toplevel() on ptolemy.moml.MoMLSimpleApplication@75c8f16f
reloadAllAccessors: .FileWriter2

===========================================================================================
----------------- testing Wed Jun 24 14:51:00 UTC 2020 /home/travis/build/icyphy/ptII/ptolemy/actor/lib/test/auto/FileWriter3.xml
----------------- Instantiating /home/travis/build/icyphy/ptII/ptolemy/actor/lib/test/auto/FileWriter3.xml
6 ms. Memory: 281600K Free: 231611K (82%)
----------------- Invoking toplevel() on ptolemy.moml.MoMLSimpleApplication@945381c
----------------- Done invoking toplevel() on ptolemy.moml.MoMLSimpleApplication@945381c
reloadAllAccessors: .FileWriter3

===========================================================================================
----------------- testing Wed Jun 24 14:51:00 UTC 2020 /home/travis/build/icyphy/ptII/ptolemy/actor/lib/test/auto/Gaussian.xml
----------------- Instantiating /home/travis/build/icyphy/ptII/ptolemy/actor/lib/test/auto/Gaussian.xml
1 ms. Memory: 281600K Free: 227003K (81%)
----------------- Invoking toplevel() on ptolemy.moml.MoMLSimpleApplication@7837834b
----------------- Done invoking toplevel() on ptolemy.moml.MoMLSimpleApplication@7837834b
reloadAllAccessors: .Gaussian

===========================================================================================
----------------- testing Wed Jun 24 14:51:00 UTC 2020 /home/travis/build/icyphy/ptII/ptolemy/actor/lib/test/auto/Gaussian1.xml
----------------- Instantiating /home/travis/build/icyphy/ptII/ptolemy/actor/lib/test/auto/Gaussian1.xml
2 ms. Memory: 281600K Free: 221398K (79%)
----------------- Invoking toplevel() on ptolemy.moml.MoMLSimpleApplication@5da91c1a
----------------- Done invoking toplevel() on ptolemy.moml.MoMLSimpleApplication@5da91c1a
reloadAllAccessors: .Gaussian1

===========================================================================================
----------------- testing Wed Jun 24 14:51:00 UTC 2020 /home/travis/build/icyphy/ptII/ptolemy/actor/lib/test/auto/Gaussian2.xml
----------------- Instantiating /home/travis/build/icyphy/ptII/ptolemy/actor/lib/test/auto/Gaussian2.xml
9 ms. Memory: 281600K Free: 215755K (77%)
----------------- Invoking toplevel() on ptolemy.moml.MoMLSimpleApplication@23b28cd3
----------------- Done invoking toplevel() on ptolemy.moml.MoMLSimpleApplication@23b28cd3
reloadAllAccessors: .Gaussian2

===========================================================================================
----------------- testing Wed Jun 24 14:51:00 UTC 2020 /home/travis/build/icyphy/ptII/ptolemy/actor/lib/test/auto/GradientAdaptiveLattice.xml
----------------- Instantiating /home/travis/build/icyphy/ptII/ptolemy/actor/lib/test/auto/GradientAdaptiveLattice.xml
3 ms. Memory: 281600K Free: 211174K (75%)
----------------- Invoking toplevel() on ptolemy.moml.MoMLSimpleApplication@519263b2
----------------- Done invoking toplevel() on ptolemy.moml.MoMLSimpleApplication@519263b2
reloadAllAccessors: .GradientAdaptiveLattice

===========================================================================================
----------------- testing Wed Jun 24 14:51:00 UTC 2020 /home/travis/build/icyphy/ptII/ptolemy/actor/lib/test/auto/IIR.xml
----------------- Instantiating /home/travis/build/icyphy/ptII/ptolemy/actor/lib/test/auto/IIR.xml
1 ms. Memory: 281600K Free: 206515K (73%)
----------------- Invoking toplevel() on ptolemy.moml.MoMLSimpleApplication@7006ec54
----------------- Done invoking toplevel() on ptolemy.moml.MoMLSimpleApplication@7006ec54
reloadAllAccessors: .IIR

===========================================================================================
----------------- testing Wed Jun 24 14:51:00 UTC 2020 /home/travis/build/icyphy/ptII/ptolemy/actor/lib/test/auto/InputOutputTransparentPorts.xml
----------------- Instantiating /home/travis/build/icyphy/ptII/ptolemy/actor/lib/test/auto/InputOutputTransparentPorts.xml
2 ms. Memory: 281600K Free: 199371K (71%)
----------------- Invoking toplevel() on ptolemy.moml.MoMLSimpleApplication@6b2a77d2
----------------- Done invoking toplevel() on ptolemy.moml.MoMLSimpleApplication@6b2a77d2
reloadAllAccessors: .InputOutputTransparentPorts

===========================================================================================
----------------- testing Wed Jun 24 14:51:00 UTC 2020 /home/travis/build/icyphy/ptII/ptolemy/actor/lib/test/auto/Interpolator.xml
----------------- Instantiating /home/travis/build/icyphy/ptII/ptolemy/actor/lib/test/auto/Interpolator.xml
3 ms. Memory: 281600K Free: 195259K (69%)
----------------- Invoking toplevel() on ptolemy.moml.MoMLSimpleApplication@1cec9945
----------------- Done invoking toplevel() on ptolemy.moml.MoMLSimpleApplication@1cec9945
reloadAllAccessors: .Interpolator

===========================================================================================
----------------- testing Wed Jun 24 14:51:00 UTC 2020 /home/travis/build/icyphy/ptII/ptolemy/actor/lib/test/auto/InterpolatorFiringLimitDE.xml
----------------- Instantiating /home/travis/build/icyphy/ptII/ptolemy/actor/lib/test/auto/InterpolatorFiringLimitDE.xml
1 ms. Memory: 281600K Free: 189678K (67%)
----------------- Invoking toplevel() on ptolemy.moml.MoMLSimpleApplication@13b3df7d
----------------- Done invoking toplevel() on ptolemy.moml.MoMLSimpleApplication@13b3df7d
reloadAllAccessors: .InterpolatorFiringLimitDE

===========================================================================================
----------------- testing Wed Jun 24 14:51:00 UTC 2020 /home/travis/build/icyphy/ptII/ptolemy/actor/lib/test/auto/Lattice.xml
----------------- Instantiating /home/travis/build/icyphy/ptII/ptolemy/actor/lib/test/auto/Lattice.xml
1 ms. Memory: 281600K Free: 185596K (66%)
----------------- Invoking toplevel() on ptolemy.moml.MoMLSimpleApplication@36140284
----------------- Done invoking toplevel() on ptolemy.moml.MoMLSimpleApplication@36140284
reloadAllAccessors: .Lattice

===========================================================================================
----------------- testing Wed Jun 24 14:51:00 UTC 2020 /home/travis/build/icyphy/ptII/ptolemy/actor/lib/test/auto/LazyAOCTestLazy.xml
----------------- Instantiating /home/travis/build/icyphy/ptII/ptolemy/actor/lib/test/auto/LazyAOCTestLazy.xml
6 ms. Memory: 281600K Free: 179384K (64%)
----------------- Invoking toplevel() on ptolemy.moml.MoMLSimpleApplication@3339a6ac
----------------- Done invoking toplevel() on ptolemy.moml.MoMLSimpleApplication@3339a6ac
reloadAllAccessors: .LazyAOCTestLazy

===========================================================================================
----------------- testing Wed Jun 24 14:51:00 UTC 2020 /home/travis/build/icyphy/ptII/ptolemy/actor/lib/test/auto/LazyAOCTestNonLazy.xml
----------------- Instantiating /home/travis/build/icyphy/ptII/ptolemy/actor/lib/test/auto/LazyAOCTestNonLazy.xml
2 ms. Memory: 281600K Free: 173286K (62%)
----------------- Invoking toplevel() on ptolemy.moml.MoMLSimpleApplication@6066c602
----------------- Done invoking toplevel() on ptolemy.moml.MoMLSimpleApplication@6066c602
reloadAllAccessors: .LazyAOCTestNonLazy

===========================================================================================
----------------- testing Wed Jun 24 14:51:00 UTC 2020 /home/travis/build/icyphy/ptII/ptolemy/actor/lib/test/auto/LazyInnerClass.xml
----------------- Instantiating /home/travis/build/icyphy/ptII/ptolemy/actor/lib/test/auto/LazyInnerClass.xml
16 ms. Memory: 281600K Free: 164555K (58%)
----------------- Invoking toplevel() on ptolemy.moml.MoMLSimpleApplication@104948e5
----------------- Done invoking toplevel() on ptolemy.moml.MoMLSimpleApplication@104948e5
reloadAllAccessors: .LazyInnerClass

===========================================================================================
----------------- testing Wed Jun 24 14:51:00 UTC 2020 /home/travis/build/icyphy/ptII/ptolemy/actor/lib/test/auto/LazyPubSub.xml
----------------- Instantiating /home/travis/build/icyphy/ptII/ptolemy/actor/lib/test/auto/LazyPubSub.xml
13 ms. Memory: 281600K Free: 154329K (55%)
----------------- Invoking toplevel() on ptolemy.moml.MoMLSimpleApplication@556dbe9f
----------------- Done invoking toplevel() on ptolemy.moml.MoMLSimpleApplication@556dbe9f
reloadAllAccessors: .LazyPubSub

===========================================================================================
----------------- testing Wed Jun 24 14:51:00 UTC 2020 /home/travis/build/icyphy/ptII/ptolemy/actor/lib/test/auto/LazyPubSub2.xml
----------------- Instantiating /home/travis/build/icyphy/ptII/ptolemy/actor/lib/test/auto/LazyPubSub2.xml
17 ms. Memory: 281600K Free: 144089K (51%)
----------------- Invoking toplevel() on ptolemy.moml.MoMLSimpleApplication@5b0a7a40
----------------- Done invoking toplevel() on ptolemy.moml.MoMLSimpleApplication@5b0a7a40
reloadAllAccessors: .LazyPubSub2

===========================================================================================
----------------- testing Wed Jun 24 14:51:00 UTC 2020 /home/travis/build/icyphy/ptII/ptolemy/actor/lib/test/auto/LazyPubSub3.xml
----------------- Instantiating /home/travis/build/icyphy/ptII/ptolemy/actor/lib/test/auto/LazyPubSub3.xml
13 ms. Memory: 281600K Free: 134374K (48%)
----------------- Invoking toplevel() on ptolemy.moml.MoMLSimpleApplication@169e8aa7
----------------- Done invoking toplevel() on ptolemy.moml.MoMLSimpleApplication@169e8aa7
reloadAllAccessors: .LazyPubSub3

===========================================================================================
----------------- testing Wed Jun 24 14:51:00 UTC 2020 /home/travis/build/icyphy/ptII/ptolemy/actor/lib/test/auto/LazySubClassModel.xml
----------------- Instantiating /home/travis/build/icyphy/ptII/ptolemy/actor/lib/test/auto/LazySubClassModel.xml
2 ms. Memory: 281600K Free: 125142K (44%)
----------------- Invoking toplevel() on ptolemy.moml.MoMLSimpleApplication@47fb5232
----------------- Done invoking toplevel() on ptolemy.moml.MoMLSimpleApplication@47fb5232
reloadAllAccessors: .LazySubClassModel

===========================================================================================
----------------- testing Wed Jun 24 14:51:00 UTC 2020 /home/travis/build/icyphy/ptII/ptolemy/actor/lib/test/auto/LevelCrossTest1.xml
----------------- Instantiating /home/travis/build/icyphy/ptII/ptolemy/actor/lib/test/auto/LevelCrossTest1.xml
1 ms. Memory: 281600K Free: 119491K (42%)
----------------- Invoking toplevel() on ptolemy.moml.MoMLSimpleApplication@5e6fe905
----------------- Done invoking toplevel() on ptolemy.moml.MoMLSimpleApplication@5e6fe905
reloadAllAccessors: .broken

===========================================================================================
----------------- testing Wed Jun 24 14:51:00 UTC 2020 /home/travis/build/icyphy/ptII/ptolemy/actor/lib/test/auto/LevelCrossTest10.xml
----------------- Instantiating /home/travis/build/icyphy/ptII/ptolemy/actor/lib/test/auto/LevelCrossTest10.xml
1 ms. Memory: 281600K Free: 111830K (40%)
----------------- Invoking toplevel() on ptolemy.moml.MoMLSimpleApplication@62601a5f
----------------- Done invoking toplevel() on ptolemy.moml.MoMLSimpleApplication@62601a5f
reloadAllAccessors: .LevelCrossTest10

===========================================================================================
----------------- testing Wed Jun 24 14:51:00 UTC 2020 /home/travis/build/icyphy/ptII/ptolemy/actor/lib/test/auto/LevelCrossTest11.xml
----------------- Instantiating /home/travis/build/icyphy/ptII/ptolemy/actor/lib/test/auto/LevelCrossTest11.xml
1 ms. Memory: 281600K Free: 105139K (37%)
----------------- Invoking toplevel() on ptolemy.moml.MoMLSimpleApplication@43c9f1f6
----------------- Done invoking toplevel() on ptolemy.moml.MoMLSimpleApplication@43c9f1f6
reloadAllAccessors: .LevelCrossTest11

===========================================================================================
----------------- testing Wed Jun 24 14:51:01 UTC 2020 /home/travis/build/icyphy/ptII/ptolemy/actor/lib/test/auto/LevelCrossTest12.xml
----------------- Instantiating /home/travis/build/icyphy/ptII/ptolemy/actor/lib/test/auto/LevelCrossTest12.xml
1 ms. Memory: 281600K Free: 99011K (35%)
----------------- Invoking toplevel() on ptolemy.moml.MoMLSimpleApplication@94dac2
----------------- Done invoking toplevel() on ptolemy.moml.MoMLSimpleApplication@94dac2
reloadAllAccessors: .LevelCrossTest12

===========================================================================================
----------------- testing Wed Jun 24 14:51:01 UTC 2020 /home/travis/build/icyphy/ptII/ptolemy/actor/lib/test/auto/LevelCrossTest13.xml
----------------- Instantiating /home/travis/build/icyphy/ptII/ptolemy/actor/lib/test/auto/LevelCrossTest13.xml
1 ms. Memory: 281600K Free: 91358K (32%)
----------------- Invoking toplevel() on ptolemy.moml.MoMLSimpleApplication@73986f4f
----------------- Done invoking toplevel() on ptolemy.moml.MoMLSimpleApplication@73986f4f
reloadAllAccessors: .LevelCrossTest13

===========================================================================================
----------------- testing Wed Jun 24 14:51:01 UTC 2020 /home/travis/build/icyphy/ptII/ptolemy/actor/lib/test/auto/LevelCrossTest2.xml
----------------- Instantiating /home/travis/build/icyphy/ptII/ptolemy/actor/lib/test/auto/LevelCrossTest2.xml
1 ms. Memory: 281600K Free: 85699K (30%)
----------------- Invoking toplevel() on ptolemy.moml.MoMLSimpleApplication@47a710ee
----------------- Done invoking toplevel() on ptolemy.moml.MoMLSimpleApplication@47a710ee
reloadAllAccessors: .broken

===========================================================================================
----------------- testing Wed Jun 24 14:51:01 UTC 2020 /home/travis/build/icyphy/ptII/ptolemy/actor/lib/test/auto/LevelCrossTest3.xml
----------------- Instantiating /home/travis/build/icyphy/ptII/ptolemy/actor/lib/test/auto/LevelCrossTest3.xml
1 ms. Memory: 281600K Free: 80094K (28%)
----------------- Invoking toplevel() on ptolemy.moml.MoMLSimpleApplication@577050cc
----------------- Done invoking toplevel() on ptolemy.moml.MoMLSimpleApplication@577050cc
reloadAllAccessors: .LevelCrossTest3

===========================================================================================
----------------- testing Wed Jun 24 14:51:01 UTC 2020 /home/travis/build/icyphy/ptII/ptolemy/actor/lib/test/auto/LevelCrossTest4.xml
----------------- Instantiating /home/travis/build/icyphy/ptII/ptolemy/actor/lib/test/auto/LevelCrossTest4.xml
1 ms. Memory: 281600K Free: 74990K (27%)
----------------- Invoking toplevel() on ptolemy.moml.MoMLSimpleApplication@6232503b
----------------- Done invoking toplevel() on ptolemy.moml.MoMLSimpleApplication@6232503b
reloadAllAccessors: .broken

===========================================================================================
----------------- testing Wed Jun 24 14:51:01 UTC 2020 /home/travis/build/icyphy/ptII/ptolemy/actor/lib/test/auto/LevelCrossTest5.xml
----------------- Instantiating /home/travis/build/icyphy/ptII/ptolemy/actor/lib/test/auto/LevelCrossTest5.xml
3 ms. Memory: 281600K Free: 68283K (24%)
----------------- Invoking toplevel() on ptolemy.moml.MoMLSimpleApplication@3a0cc3e5
----------------- Done invoking toplevel() on ptolemy.moml.MoMLSimpleApplication@3a0cc3e5
reloadAllAccessors: .LevelCrossTest5

===========================================================================================
----------------- testing Wed Jun 24 14:51:01 UTC 2020 /home/travis/build/icyphy/ptII/ptolemy/actor/lib/test/auto/LevelCrossTest6.xml
----------------- Instantiating /home/travis/build/icyphy/ptII/ptolemy/actor/lib/test/auto/LevelCrossTest6.xml
1 ms. Memory: 281600K Free: 227686K (81%)
----------------- Invoking toplevel() on ptolemy.moml.MoMLSimpleApplication@797ef2ab
----------------- Done invoking toplevel() on ptolemy.moml.MoMLSimpleApplication@797ef2ab
reloadAllAccessors: .LevelCrossTest6

===========================================================================================
----------------- testing Wed Jun 24 14:51:01 UTC 2020 /home/travis/build/icyphy/ptII/ptolemy/actor/lib/test/auto/LevelCrossTest7.xml
----------------- Instantiating /home/travis/build/icyphy/ptII/ptolemy/actor/lib/test/auto/LevelCrossTest7.xml
1 ms. Memory: 281600K Free: 220022K (78%)
----------------- Invoking toplevel() on ptolemy.moml.MoMLSimpleApplication@28d6ed0d
----------------- Done invoking toplevel() on ptolemy.moml.MoMLSimpleApplication@28d6ed0d
reloadAllAccessors: .LevelCrossTest7

===========================================================================================
----------------- testing Wed Jun 24 14:51:01 UTC 2020 /home/travis/build/icyphy/ptII/ptolemy/actor/lib/test/auto/LevelCrossTest8.xml
----------------- Instantiating /home/travis/build/icyphy/ptII/ptolemy/actor/lib/test/auto/LevelCrossTest8.xml
1 ms. Memory: 281600K Free: 212854K (76%)
----------------- Invoking toplevel() on ptolemy.moml.MoMLSimpleApplication@6aa7661
----------------- Done invoking toplevel() on ptolemy.moml.MoMLSimpleApplication@6aa7661
reloadAllAccessors: .LevelCrossTest8

===========================================================================================
----------------- testing Wed Jun 24 14:51:01 UTC 2020 /home/travis/build/icyphy/ptII/ptolemy/actor/lib/test/auto/LevelCrossTest9.xml
----------------- Instantiating /home/travis/build/icyphy/ptII/ptolemy/actor/lib/test/auto/LevelCrossTest9.xml
2 ms. Memory: 281600K Free: 206196K (73%)
----------------- Invoking toplevel() on ptolemy.moml.MoMLSimpleApplication@5b77fa3b
----------------- Done invoking toplevel() on ptolemy.moml.MoMLSimpleApplication@5b77fa3b
reloadAllAccessors: .LevelCrossTest9

===========================================================================================
----------------- testing Wed Jun 24 14:51:01 UTC 2020 /home/travis/build/icyphy/ptII/ptolemy/actor/lib/test/auto/LevinsonDurbin.xml
----------------- Instantiating /home/travis/build/icyphy/ptII/ptolemy/actor/lib/test/auto/LevinsonDurbin.xml
1 ms. Memory: 281600K Free: 202100K (72%)
----------------- Invoking toplevel() on ptolemy.moml.MoMLSimpleApplication@117882fd
----------------- Done invoking toplevel() on ptolemy.moml.MoMLSimpleApplication@117882fd
reloadAllAccessors: .LevinsonDurbin

===========================================================================================
----------------- testing Wed Jun 24 14:51:01 UTC 2020 /home/travis/build/icyphy/ptII/ptolemy/actor/lib/test/auto/LevinsonDurbin2.xml
----------------- Instantiating /home/travis/build/icyphy/ptII/ptolemy/actor/lib/test/auto/LevinsonDurbin2.xml
1 ms. Memory: 281600K Free: 198004K (70%)
----------------- Invoking toplevel() on ptolemy.moml.MoMLSimpleApplication@40186263
----------------- Done invoking toplevel() on ptolemy.moml.MoMLSimpleApplication@40186263
reloadAllAccessors: .LevinsonDurbin2

===========================================================================================
----------------- testing Wed Jun 24 14:51:01 UTC 2020 /home/travis/build/icyphy/ptII/ptolemy/actor/lib/test/auto/LevinsonDurbin3.xml
----------------- Instantiating /home/travis/build/icyphy/ptII/ptolemy/actor/lib/test/auto/LevinsonDurbin3.xml
1 ms. Memory: 281600K Free: 193908K (69%)
----------------- Invoking toplevel() on ptolemy.moml.MoMLSimpleApplication@690c7bf
----------------- Done invoking toplevel() on ptolemy.moml.MoMLSimpleApplication@690c7bf
reloadAllAccessors: .LevinsonDurbin3

===========================================================================================
----------------- testing Wed Jun 24 14:51:01 UTC 2020 /home/travis/build/icyphy/ptII/ptolemy/actor/lib/test/auto/Limiter.xml
----------------- Instantiating /home/travis/build/icyphy/ptII/ptolemy/actor/lib/test/auto/Limiter.xml
15 ms. Memory: 281600K Free: 185206K (66%)
----------------- Invoking toplevel() on ptolemy.moml.MoMLSimpleApplication@16af7645
----------------- Done invoking toplevel() on ptolemy.moml.MoMLSimpleApplication@16af7645
reloadAllAccessors: .Limiter

===========================================================================================
----------------- testing Wed Jun 24 14:51:01 UTC 2020 /home/travis/build/icyphy/ptII/ptolemy/actor/lib/test/auto/LinearDifferenceEquationSystem.xml
----------------- Instantiating /home/travis/build/icyphy/ptII/ptolemy/actor/lib/test/auto/LinearDifferenceEquationSystem.xml
4 ms. Memory: 281600K Free: 178038K (63%)
----------------- Invoking toplevel() on ptolemy.moml.MoMLSimpleApplication@f9245b8
----------------- Done invoking toplevel() on ptolemy.moml.MoMLSimpleApplication@f9245b8
reloadAllAccessors: .LinearDifferenceEquationSystem

===========================================================================================
----------------- testing Wed Jun 24 14:51:01 UTC 2020 /home/travis/build/icyphy/ptII/ptolemy/actor/lib/test/auto/LookupTable.xml
----------------- Instantiating /home/travis/build/icyphy/ptII/ptolemy/actor/lib/test/auto/LookupTable.xml
2 ms. Memory: 281600K Free: 173428K (62%)
----------------- Invoking toplevel() on ptolemy.moml.MoMLSimpleApplication@4b7e3dd9
----------------- Done invoking toplevel() on ptolemy.moml.MoMLSimpleApplication@4b7e3dd9
reloadAllAccessors: .LookupTable

===========================================================================================
----------------- testing Wed Jun 24 14:51:01 UTC 2020 /home/travis/build/icyphy/ptII/ptolemy/actor/lib/test/auto/MathFunction.xml
----------------- Instantiating /home/travis/build/icyphy/ptII/ptolemy/actor/lib/test/auto/MathFunction.xml
2 ms. Memory: 281600K Free: 165236K (59%)
----------------- Invoking toplevel() on ptolemy.moml.MoMLSimpleApplication@9465d85
----------------- Done invoking toplevel() on ptolemy.moml.MoMLSimpleApplication@9465d85
reloadAllAccessors: .MathFunction

===========================================================================================
----------------- testing Wed Jun 24 14:51:01 UTC 2020 /home/travis/build/icyphy/ptII/ptolemy/actor/lib/test/auto/MathFunction2.xml
----------------- Instantiating /home/travis/build/icyphy/ptII/ptolemy/actor/lib/test/auto/MathFunction2.xml
1 ms. Memory: 281600K Free: 161140K (57%)
----------------- Invoking toplevel() on ptolemy.moml.MoMLSimpleApplication@6617ac71
----------------- Done invoking toplevel() on ptolemy.moml.MoMLSimpleApplication@6617ac71
reloadAllAccessors: .MathFunction2

===========================================================================================
----------------- testing Wed Jun 24 14:51:01 UTC 2020 /home/travis/build/icyphy/ptII/ptolemy/actor/lib/test/auto/MathFunction3.xml
----------------- Instantiating /home/travis/build/icyphy/ptII/ptolemy/actor/lib/test/auto/MathFunction3.xml
2 ms. Memory: 281600K Free: 153972K (55%)
----------------- Invoking toplevel() on ptolemy.moml.MoMLSimpleApplication@77581561
----------------- Done invoking toplevel() on ptolemy.moml.MoMLSimpleApplication@77581561
reloadAllAccessors: .MathFunction3

===========================================================================================
----------------- testing Wed Jun 24 14:51:01 UTC 2020 /home/travis/build/icyphy/ptII/ptolemy/actor/lib/test/auto/MatrixCropBoolean.xml
----------------- Instantiating /home/travis/build/icyphy/ptII/ptolemy/actor/lib/test/auto/MatrixCropBoolean.xml
5 ms. Memory: 281600K Free: 149876K (53%)
----------------- Invoking toplevel() on ptolemy.moml.MoMLSimpleApplication@5fac6e14
----------------- Done invoking toplevel() on ptolemy.moml.MoMLSimpleApplication@5fac6e14
reloadAllAccessors: .MatrixCropBoolean

===========================================================================================
----------------- testing Wed Jun 24 14:51:01 UTC 2020 /home/travis/build/icyphy/ptII/ptolemy/actor/lib/test/auto/MatrixCropComplex.xml
----------------- Instantiating /home/travis/build/icyphy/ptII/ptolemy/actor/lib/test/auto/MatrixCropComplex.xml
2 ms. Memory: 281600K Free: 144726K (51%)
----------------- Invoking toplevel() on ptolemy.moml.MoMLSimpleApplication@93fd065
----------------- Done invoking toplevel() on ptolemy.moml.MoMLSimpleApplication@93fd065
reloadAllAccessors: .MatrixCropComplex

===========================================================================================
----------------- testing Wed Jun 24 14:51:01 UTC 2020 /home/travis/build/icyphy/ptII/ptolemy/actor/lib/test/auto/MatrixCropDouble.xml
----------------- Instantiating /home/travis/build/icyphy/ptII/ptolemy/actor/lib/test/auto/MatrixCropDouble.xml
2 ms. Memory: 281600K Free: 139606K (50%)
----------------- Invoking toplevel() on ptolemy.moml.MoMLSimpleApplication@471afd05
----------------- Done invoking toplevel() on ptolemy.moml.MoMLSimpleApplication@471afd05
reloadAllAccessors: .MatrixCropDouble

===========================================================================================
----------------- testing Wed Jun 24 14:51:01 UTC 2020 /home/travis/build/icyphy/ptII/ptolemy/actor/lib/test/auto/MatrixCropFix.xml
----------------- Instantiating /home/travis/build/icyphy/ptII/ptolemy/actor/lib/test/auto/MatrixCropFix.xml
3 ms. Memory: 281600K Free: 134486K (48%)
----------------- Invoking toplevel() on ptolemy.moml.MoMLSimpleApplication@57444ebb
----------------- Done invoking toplevel() on ptolemy.moml.MoMLSimpleApplication@57444ebb
reloadAllAccessors: .MatrixCropFix

===========================================================================================
----------------- testing Wed Jun 24 14:51:01 UTC 2020 /home/travis/build/icyphy/ptII/ptolemy/actor/lib/test/auto/MatrixCropInt.xml
----------------- Instantiating /home/travis/build/icyphy/ptII/ptolemy/actor/lib/test/auto/MatrixCropInt.xml
2 ms. Memory: 281600K Free: 129366K (46%)
----------------- Invoking toplevel() on ptolemy.moml.MoMLSimpleApplication@7bb58f68
----------------- Done invoking toplevel() on ptolemy.moml.MoMLSimpleApplication@7bb58f68
reloadAllAccessors: .MatrixCropInt

===========================================================================================
----------------- testing Wed Jun 24 14:51:01 UTC 2020 /home/travis/build/icyphy/ptII/ptolemy/actor/lib/test/auto/MatrixCropLong.xml
----------------- Instantiating /home/travis/build/icyphy/ptII/ptolemy/actor/lib/test/auto/MatrixCropLong.xml
2 ms. Memory: 281600K Free: 124246K (44%)
----------------- Invoking toplevel() on ptolemy.moml.MoMLSimpleApplication@4855b6f6
----------------- Done invoking toplevel() on ptolemy.moml.MoMLSimpleApplication@4855b6f6
reloadAllAccessors: .MatrixCropLong

===========================================================================================
----------------- testing Wed Jun 24 14:51:01 UTC 2020 /home/travis/build/icyphy/ptII/ptolemy/actor/lib/test/auto/MatrixToArray.xml
----------------- Instantiating /home/travis/build/icyphy/ptII/ptolemy/actor/lib/test/auto/MatrixToArray.xml
10 ms. Memory: 281600K Free: 109430K (39%)
----------------- Invoking toplevel() on ptolemy.moml.MoMLSimpleApplication@20e06ab9
----------------- Done invoking toplevel() on ptolemy.moml.MoMLSimpleApplication@20e06ab9
reloadAllAccessors: .MatrixToArray

===========================================================================================
----------------- testing Wed Jun 24 14:51:01 UTC 2020 /home/travis/build/icyphy/ptII/ptolemy/actor/lib/test/auto/MaxIndex.xml
----------------- Instantiating /home/travis/build/icyphy/ptII/ptolemy/actor/lib/test/auto/MaxIndex.xml
2 ms. Memory: 281600K Free: 104310K (37%)
----------------- Invoking toplevel() on ptolemy.moml.MoMLSimpleApplication@3f9c9548
----------------- Done invoking toplevel() on ptolemy.moml.MoMLSimpleApplication@3f9c9548
reloadAllAccessors: .MaxIndex

===========================================================================================
----------------- testing Wed Jun 24 14:51:01 UTC 2020 /home/travis/build/icyphy/ptII/ptolemy/actor/lib/test/auto/Maximum.xml
----------------- Instantiating /home/travis/build/icyphy/ptII/ptolemy/actor/lib/test/auto/Maximum.xml
5 ms. Memory: 281600K Free: 97622K (35%)
----------------- Invoking toplevel() on ptolemy.moml.MoMLSimpleApplication@674442b
----------------- Done invoking toplevel() on ptolemy.moml.MoMLSimpleApplication@674442b
reloadAllAccessors: .Maximum

===========================================================================================
----------------- testing Wed Jun 24 14:51:01 UTC 2020 /home/travis/build/icyphy/ptII/ptolemy/actor/lib/test/auto/MaximumComplex.xml
----------------- Instantiating /home/travis/build/icyphy/ptII/ptolemy/actor/lib/test/auto/MaximumComplex.xml
5 ms. Memory: 281600K Free: 91508K (32%)
----------------- Invoking toplevel() on ptolemy.moml.MoMLSimpleApplication@249d67ce
----------------- Done invoking toplevel() on ptolemy.moml.MoMLSimpleApplication@249d67ce
reloadAllAccessors: .MaximumComplex

===========================================================================================
----------------- testing Wed Jun 24 14:51:01 UTC 2020 /home/travis/build/icyphy/ptII/ptolemy/actor/lib/test/auto/MethodCallTest.xml
----------------- Instantiating /home/travis/build/icyphy/ptII/ptolemy/actor/lib/test/auto/MethodCallTest.xml
2 ms. Memory: 281600K Free: 84854K (30%)
----------------- Invoking toplevel() on ptolemy.moml.MoMLSimpleApplication@7d1ae504
----------------- Done invoking toplevel() on ptolemy.moml.MoMLSimpleApplication@7d1ae504
reloadAllAccessors: .MethodCallTest

===========================================================================================
----------------- testing Wed Jun 24 14:51:01 UTC 2020 /home/travis/build/icyphy/ptII/ptolemy/actor/lib/test/auto/Minimum.xml
----------------- Instantiating /home/travis/build/icyphy/ptII/ptolemy/actor/lib/test/auto/Minimum.xml
3 ms. Memory: 281600K Free: 78710K (28%)
----------------- Invoking toplevel() on ptolemy.moml.MoMLSimpleApplication@3b74879e
----------------- Done invoking toplevel() on ptolemy.moml.MoMLSimpleApplication@3b74879e
reloadAllAccessors: .Minimum

===========================================================================================
----------------- testing Wed Jun 24 14:51:01 UTC 2020 /home/travis/build/icyphy/ptII/ptolemy/actor/lib/test/auto/MinimumComplex.xml
----------------- Instantiating /home/travis/build/icyphy/ptII/ptolemy/actor/lib/test/auto/MinimumComplex.xml
4 ms. Memory: 281600K Free: 72566K (26%)
----------------- Invoking toplevel() on ptolemy.moml.MoMLSimpleApplication@776bbf30
----------------- Done invoking toplevel() on ptolemy.moml.MoMLSimpleApplication@776bbf30
reloadAllAccessors: .MinimumComplex

===========================================================================================
----------------- testing Wed Jun 24 14:51:01 UTC 2020 /home/travis/build/icyphy/ptII/ptolemy/actor/lib/test/auto/MinimumMultiports.xml
----------------- Instantiating /home/travis/build/icyphy/ptII/ptolemy/actor/lib/test/auto/MinimumMultiports.xml
3 ms. Memory: 281600K Free: 229691K (82%)
----------------- Invoking toplevel() on ptolemy.moml.MoMLSimpleApplication@47b0d0f3
----------------- Done invoking toplevel() on ptolemy.moml.MoMLSimpleApplication@47b0d0f3
reloadAllAccessors: .MinimumMultiports

===========================================================================================
----------------- testing Wed Jun 24 14:51:01 UTC 2020 /home/travis/build/icyphy/ptII/ptolemy/actor/lib/test/auto/ModifyDate.xml
----------------- Instantiating /home/travis/build/icyphy/ptII/ptolemy/actor/lib/test/auto/ModifyDate.xml
8 ms. Memory: 281600K Free: 216899K (77%)
----------------- Invoking toplevel() on ptolemy.moml.MoMLSimpleApplication@37015af7
----------------- Done invoking toplevel() on ptolemy.moml.MoMLSimpleApplication@37015af7
reloadAllAccessors: .ModifyDate

===========================================================================================
----------------- testing Wed Jun 24 14:51:01 UTC 2020 /home/travis/build/icyphy/ptII/ptolemy/actor/lib/test/auto/ModifyDate2.xml
----------------- Instantiating /home/travis/build/icyphy/ptII/ptolemy/actor/lib/test/auto/ModifyDate2.xml
2 ms. Memory: 281600K Free: 208193K (74%)
----------------- Invoking toplevel() on ptolemy.moml.MoMLSimpleApplication@2157953a
----------------- Done invoking toplevel() on ptolemy.moml.MoMLSimpleApplication@2157953a
reloadAllAccessors: .ModifyDate2

===========================================================================================
----------------- testing Wed Jun 24 14:51:01 UTC 2020 /home/travis/build/icyphy/ptII/ptolemy/actor/lib/test/auto/MovingAverage.xml
----------------- Instantiating /home/travis/build/icyphy/ptII/ptolemy/actor/lib/test/auto/MovingAverage.xml
2 ms. Memory: 281600K Free: 203073K (72%)
----------------- Invoking toplevel() on ptolemy.moml.MoMLSimpleApplication@53fd91bb
----------------- Done invoking toplevel() on ptolemy.moml.MoMLSimpleApplication@53fd91bb
reloadAllAccessors: .MovingAverage

===========================================================================================
----------------- testing Wed Jun 24 14:51:01 UTC 2020 /home/travis/build/icyphy/ptII/ptolemy/actor/lib/test/auto/MovingMaximum.xml
----------------- Instantiating /home/travis/build/icyphy/ptII/ptolemy/actor/lib/test/auto/MovingMaximum.xml
2 ms. Memory: 281600K Free: 198467K (70%)
----------------- Invoking toplevel() on ptolemy.moml.MoMLSimpleApplication@7b4c16d
----------------- Done invoking toplevel() on ptolemy.moml.MoMLSimpleApplication@7b4c16d
reloadAllAccessors: .MovingMaximum

===========================================================================================
----------------- testing Wed Jun 24 14:51:01 UTC 2020 /home/travis/build/icyphy/ptII/ptolemy/actor/lib/test/auto/MultipleLinksToSameRelation.xml
----------------- Instantiating /home/travis/build/icyphy/ptII/ptolemy/actor/lib/test/auto/MultipleLinksToSameRelation.xml
2 ms. Memory: 281600K Free: 194371K (69%)
----------------- Invoking toplevel() on ptolemy.moml.MoMLSimpleApplication@31d43592
----------------- Done invoking toplevel() on ptolemy.moml.MoMLSimpleApplication@31d43592
reloadAllAccessors: .MultipleLinksToSameRelation

===========================================================================================
----------------- testing Wed Jun 24 14:51:01 UTC 2020 /home/travis/build/icyphy/ptII/ptolemy/actor/lib/test/auto/MultipleLinksToSameRelationDE.xml
----------------- Instantiating /home/travis/build/icyphy/ptII/ptolemy/actor/lib/test/auto/MultipleLinksToSameRelationDE.xml
9 ms. Memory: 281600K Free: 189747K (67%)
----------------- Invoking toplevel() on ptolemy.moml.MoMLSimpleApplication@79e63f2c
----------------- Done invoking toplevel() on ptolemy.moml.MoMLSimpleApplication@79e63f2c
reloadAllAccessors: .MultipleLinksToSameRelationDE

===========================================================================================
----------------- testing Wed Jun 24 14:51:01 UTC 2020 /home/travis/build/icyphy/ptII/ptolemy/actor/lib/test/auto/Multiplexor.xml
----------------- Instantiating /home/travis/build/icyphy/ptII/ptolemy/actor/lib/test/auto/Multiplexor.xml
2 ms. Memory: 281600K Free: 184131K (65%)
----------------- Invoking toplevel() on ptolemy.moml.MoMLSimpleApplication@fe2433a
----------------- Done invoking toplevel() on ptolemy.moml.MoMLSimpleApplication@fe2433a
reloadAllAccessors: .Multiplexor

===========================================================================================
----------------- testing Wed Jun 24 14:51:01 UTC 2020 /home/travis/build/icyphy/ptII/ptolemy/actor/lib/test/auto/Multiplexor1.xml
----------------- Instantiating /home/travis/build/icyphy/ptII/ptolemy/actor/lib/test/auto/Multiplexor1.xml
2 ms. Memory: 281600K Free: 178491K (63%)
----------------- Invoking toplevel() on ptolemy.moml.MoMLSimpleApplication@1251903f
----------------- Done invoking toplevel() on ptolemy.moml.MoMLSimpleApplication@1251903f
reloadAllAccessors: .Multiplexor1

===========================================================================================
----------------- testing Wed Jun 24 14:51:01 UTC 2020 /home/travis/build/icyphy/ptII/ptolemy/actor/lib/test/auto/Multiplexor2.xml
----------------- Instantiating /home/travis/build/icyphy/ptII/ptolemy/actor/lib/test/auto/Multiplexor2.xml
5 ms. Memory: 281600K Free: 171841K (61%)
----------------- Invoking toplevel() on ptolemy.moml.MoMLSimpleApplication@17dfd52c
----------------- Done invoking toplevel() on ptolemy.moml.MoMLSimpleApplication@17dfd52c
reloadAllAccessors: .Multiplexor2

===========================================================================================
----------------- testing Wed Jun 24 14:51:01 UTC 2020 /home/travis/build/icyphy/ptII/ptolemy/actor/lib/test/auto/Multiplexor3.xml
----------------- Instantiating /home/travis/build/icyphy/ptII/ptolemy/actor/lib/test/auto/Multiplexor3.xml
2 ms. Memory: 281600K Free: 167747K (60%)
----------------- Invoking toplevel() on ptolemy.moml.MoMLSimpleApplication@58ca3b49
----------------- Done invoking toplevel() on ptolemy.moml.MoMLSimpleApplication@58ca3b49
reloadAllAccessors: .Multiplexor3

===========================================================================================
----------------- testing Wed Jun 24 14:51:01 UTC 2020 /home/travis/build/icyphy/ptII/ptolemy/actor/lib/test/auto/MultiplexorDE.xml
----------------- Instantiating /home/travis/build/icyphy/ptII/ptolemy/actor/lib/test/auto/MultiplexorDE.xml
2 ms. Memory: 281600K Free: 160051K (57%)
----------------- Invoking toplevel() on ptolemy.moml.MoMLSimpleApplication@504d214
----------------- Done invoking toplevel() on ptolemy.moml.MoMLSimpleApplication@504d214
reloadAllAccessors: .MultiplexorDE

===========================================================================================
----------------- testing Wed Jun 24 14:51:01 UTC 2020 /home/travis/build/icyphy/ptII/ptolemy/actor/lib/test/auto/MultiportBroadcastTest.xml
----------------- Instantiating /home/travis/build/icyphy/ptII/ptolemy/actor/lib/test/auto/MultiportBroadcastTest.xml
81 ms. Memory: 281600K Free: 153915K (55%)
----------------- Invoking toplevel() on ptolemy.moml.MoMLSimpleApplication@6ae405dd
----------------- Done invoking toplevel() on ptolemy.moml.MoMLSimpleApplication@6ae405dd
reloadAllAccessors: .MultiportBroadcastTest

===========================================================================================
----------------- testing Wed Jun 24 14:51:01 UTC 2020 /home/travis/build/icyphy/ptII/ptolemy/actor/lib/test/auto/MultiportOutHangDuringGetWidth.xml
----------------- Instantiating /home/travis/build/icyphy/ptII/ptolemy/actor/lib/test/auto/MultiportOutHangDuringGetWidth.xml
5 ms. Memory: 281600K Free: 142147K (50%)
----------------- Invoking toplevel() on ptolemy.moml.MoMLSimpleApplication@26cbb709
----------------- Done invoking toplevel() on ptolemy.moml.MoMLSimpleApplication@26cbb709
reloadAllAccessors: .MultiportOutHangDuringGetWidth

===========================================================================================
----------------- testing Wed Jun 24 14:51:01 UTC 2020 /home/travis/build/icyphy/ptII/ptolemy/actor/lib/test/auto/NilToken.xml
----------------- Instantiating /home/travis/build/icyphy/ptII/ptolemy/actor/lib/test/auto/NilToken.xml
1 ms. Memory: 281600K Free: 138051K (49%)
----------------- Invoking toplevel() on ptolemy.moml.MoMLSimpleApplication@639aa771
----------------- Done invoking toplevel() on ptolemy.moml.MoMLSimpleApplication@639aa771
reloadAllAccessors: .NilToken

===========================================================================================
----------------- testing Wed Jun 24 14:51:01 UTC 2020 /home/travis/build/icyphy/ptII/ptolemy/actor/lib/test/auto/NilTokenNonStrictTest.xml
----------------- Instantiating /home/travis/build/icyphy/ptII/ptolemy/actor/lib/test/auto/NilTokenNonStrictTest.xml
1 ms. Memory: 281600K Free: 133441K (47%)
----------------- Invoking toplevel() on ptolemy.moml.MoMLSimpleApplication@221e6a9f
----------------- Done invoking toplevel() on ptolemy.moml.MoMLSimpleApplication@221e6a9f
reloadAllAccessors: .NilTokenNonStrictTest

===========================================================================================
----------------- testing Wed Jun 24 14:51:01 UTC 2020 /home/travis/build/icyphy/ptII/ptolemy/actor/lib/test/auto/NilTokenRecord.xml
----------------- Instantiating /home/travis/build/icyphy/ptII/ptolemy/actor/lib/test/auto/NilTokenRecord.xml
5 ms. Memory: 281600K Free: 126787K (45%)
----------------- Invoking toplevel() on ptolemy.moml.MoMLSimpleApplication@60dd8a0a
----------------- Done invoking toplevel() on ptolemy.moml.MoMLSimpleApplication@60dd8a0a
reloadAllAccessors: .NilTokenRecord

===========================================================================================
----------------- testing Wed Jun 24 14:51:02 UTC 2020 /home/travis/build/icyphy/ptII/ptolemy/actor/lib/test/auto/NilTokenTypeTest.xml
----------------- Instantiating /home/travis/build/icyphy/ptII/ptolemy/actor/lib/test/auto/NilTokenTypeTest.xml
10 ms. Memory: 281600K Free: 117057K (42%)
----------------- Invoking toplevel() on ptolemy.moml.MoMLSimpleApplication@6912c1a1
----------------- Done invoking toplevel() on ptolemy.moml.MoMLSimpleApplication@6912c1a1
reloadAllAccessors: .NilTokenTypeTest

===========================================================================================
----------------- testing Wed Jun 24 14:51:02 UTC 2020 /home/travis/build/icyphy/ptII/ptolemy/actor/lib/test/auto/ObjectToken1.xml
----------------- Instantiating /home/travis/build/icyphy/ptII/ptolemy/actor/lib/test/auto/ObjectToken1.xml
2 ms. Memory: 281600K Free: 112961K (40%)
----------------- Invoking toplevel() on ptolemy.moml.MoMLSimpleApplication@7c3dbbf0
----------------- Done invoking toplevel() on ptolemy.moml.MoMLSimpleApplication@7c3dbbf0
reloadAllAccessors: .ObjectToken1

===========================================================================================
----------------- testing Wed Jun 24 14:51:02 UTC 2020 /home/travis/build/icyphy/ptII/ptolemy/actor/lib/test/auto/OrderedMerge.xml
----------------- Instantiating /home/travis/build/icyphy/ptII/ptolemy/actor/lib/test/auto/OrderedMerge.xml
10 ms. Memory: 281600K Free: 107331K (38%)
----------------- Invoking toplevel() on ptolemy.moml.MoMLSimpleApplication@14cb8298
----------------- Done invoking toplevel() on ptolemy.moml.MoMLSimpleApplication@14cb8298
reloadAllAccessors: .OrderedMerge

===========================================================================================
----------------- testing Wed Jun 24 14:51:02 UTC 2020 /home/travis/build/icyphy/ptII/ptolemy/actor/lib/test/auto/OrderedRecordDisassembler.xml
----------------- Instantiating /home/travis/build/icyphy/ptII/ptolemy/actor/lib/test/auto/OrderedRecordDisassembler.xml
3 ms. Memory: 281600K Free: 102211K (36%)
----------------- Invoking toplevel() on ptolemy.moml.MoMLSimpleApplication@2bdf4207
----------------- Done invoking toplevel() on ptolemy.moml.MoMLSimpleApplication@2bdf4207
reloadAllAccessors: .OrderedRecordDisassembler

===========================================================================================
----------------- testing Wed Jun 24 14:51:02 UTC 2020 /home/travis/build/icyphy/ptII/ptolemy/actor/lib/test/auto/OrderedRecordDisassembler2.xml
----------------- Instantiating /home/travis/build/icyphy/ptII/ptolemy/actor/lib/test/auto/OrderedRecordDisassembler2.xml
4 ms. Memory: 281600K Free: 94515K (34%)
----------------- Invoking toplevel() on ptolemy.moml.MoMLSimpleApplication@22bd6262
----------------- Done invoking toplevel() on ptolemy.moml.MoMLSimpleApplication@22bd6262
reloadAllAccessors: .OrderedRecordDisassembler2

===========================================================================================
----------------- testing Wed Jun 24 14:51:02 UTC 2020 /home/travis/build/icyphy/ptII/ptolemy/actor/lib/test/auto/OrderedRecordUpdater.xml
----------------- Instantiating /home/travis/build/icyphy/ptII/ptolemy/actor/lib/test/auto/OrderedRecordUpdater.xml
2 ms. Memory: 281600K Free: 89409K (32%)
----------------- Invoking toplevel() on ptolemy.moml.MoMLSimpleApplication@15e8a300
----------------- Done invoking toplevel() on ptolemy.moml.MoMLSimpleApplication@15e8a300
reloadAllAccessors: .RecordUpdater

===========================================================================================
----------------- testing Wed Jun 24 14:51:02 UTC 2020 /home/travis/build/icyphy/ptII/ptolemy/actor/lib/test/auto/OrderedRecordUpdater2.xml
----------------- Instantiating /home/travis/build/icyphy/ptII/ptolemy/actor/lib/test/auto/OrderedRecordUpdater2.xml
3 ms. Memory: 281600K Free: 84289K (30%)
----------------- Invoking toplevel() on ptolemy.moml.MoMLSimpleApplication@2f734ef8
----------------- Done invoking toplevel() on ptolemy.moml.MoMLSimpleApplication@2f734ef8
reloadAllAccessors: .RecordUpdater2

===========================================================================================
----------------- testing Wed Jun 24 14:51:02 UTC 2020 /home/travis/build/icyphy/ptII/ptolemy/actor/lib/test/auto/PhaseUnwrap.xml
----------------- Instantiating /home/travis/build/icyphy/ptII/ptolemy/actor/lib/test/auto/PhaseUnwrap.xml
2 ms. Memory: 281600K Free: 79683K (28%)
----------------- Invoking toplevel() on ptolemy.moml.MoMLSimpleApplication@431a18b3
----------------- Done invoking toplevel() on ptolemy.moml.MoMLSimpleApplication@431a18b3
reloadAllAccessors: .PhaseUnwrap

===========================================================================================
----------------- testing Wed Jun 24 14:51:02 UTC 2020 /home/travis/build/icyphy/ptII/ptolemy/actor/lib/test/auto/PoissonClock.xml
----------------- Instantiating /home/travis/build/icyphy/ptII/ptolemy/actor/lib/test/auto/PoissonClock.xml
2 ms. Memory: 281600K Free: 75587K (27%)
----------------- Invoking toplevel() on ptolemy.moml.MoMLSimpleApplication@33de5011
----------------- Done invoking toplevel() on ptolemy.moml.MoMLSimpleApplication@33de5011
reloadAllAccessors: .PoissonClock

===========================================================================================
----------------- testing Wed Jun 24 14:51:02 UTC 2020 /home/travis/build/icyphy/ptII/ptolemy/actor/lib/test/auto/PoissonClock2.xml
----------------- Instantiating /home/travis/build/icyphy/ptII/ptolemy/actor/lib/test/auto/PoissonClock2.xml
2 ms. Memory: 281600K Free: 70977K (25%)
----------------- Invoking toplevel() on ptolemy.moml.MoMLSimpleApplication@dcba5c3
----------------- Done invoking toplevel() on ptolemy.moml.MoMLSimpleApplication@dcba5c3
reloadAllAccessors: .PoissonClock2

===========================================================================================
----------------- testing Wed Jun 24 14:51:02 UTC 2020 /home/travis/build/icyphy/ptII/ptolemy/actor/lib/test/auto/PoissonClock3.xml
----------------- Instantiating /home/travis/build/icyphy/ptII/ptolemy/actor/lib/test/auto/PoissonClock3.xml
1 ms. Memory: 281600K Free: 66371K (24%)
----------------- Invoking toplevel() on ptolemy.moml.MoMLSimpleApplication@778e6ae
----------------- Done invoking toplevel() on ptolemy.moml.MoMLSimpleApplication@778e6ae
reloadAllAccessors: .PoissonClock3

===========================================================================================
----------------- testing Wed Jun 24 14:51:02 UTC 2020 /home/travis/build/icyphy/ptII/ptolemy/actor/lib/test/auto/PubSubWithInitialTokens.xml
----------------- Instantiating /home/travis/build/icyphy/ptII/ptolemy/actor/lib/test/auto/PubSubWithInitialTokens.xml
2 ms. Memory: 281600K Free: 226798K (81%)
----------------- Invoking toplevel() on ptolemy.moml.MoMLSimpleApplication@30cf09a8
----------------- Done invoking toplevel() on ptolemy.moml.MoMLSimpleApplication@30cf09a8
reloadAllAccessors: .PubSubWithInitialTokens

===========================================================================================
----------------- testing Wed Jun 24 14:51:02 UTC 2020 /home/travis/build/icyphy/ptII/ptolemy/actor/lib/test/auto/PubSubWithInitialTokens2.xml
----------------- Instantiating /home/travis/build/icyphy/ptII/ptolemy/actor/lib/test/auto/PubSubWithInitialTokens2.xml
2 ms. Memory: 281600K Free: 220630K (78%)
----------------- Invoking toplevel() on ptolemy.moml.MoMLSimpleApplication@49ac3249
----------------- Done invoking toplevel() on ptolemy.moml.MoMLSimpleApplication@49ac3249
reloadAllAccessors: .PubSubWithInitialTokens2

===========================================================================================
----------------- testing Wed Jun 24 14:51:02 UTC 2020 /home/travis/build/icyphy/ptII/ptolemy/actor/lib/test/auto/PublisherClassNoParameter.xml
----------------- Instantiating /home/travis/build/icyphy/ptII/ptolemy/actor/lib/test/auto/PublisherClassNoParameter.xml
3 ms. Memory: 281600K Free: 210406K (75%)
----------------- Invoking toplevel() on ptolemy.moml.MoMLSimpleApplication@7dc4f1a5
----------------- Done invoking toplevel() on ptolemy.moml.MoMLSimpleApplication@7dc4f1a5
reloadAllAccessors: .PublisherClassNoParameter

===========================================================================================
----------------- testing Wed Jun 24 14:51:02 UTC 2020 /home/travis/build/icyphy/ptII/ptolemy/actor/lib/test/auto/PublisherClassParameter.xml
----------------- Instantiating /home/travis/build/icyphy/ptII/ptolemy/actor/lib/test/auto/PublisherClassParameter.xml
2 ms. Memory: 281600K Free: 199670K (71%)
----------------- Invoking toplevel() on ptolemy.moml.MoMLSimpleApplication@13971077
----------------- Done invoking toplevel() on ptolemy.moml.MoMLSimpleApplication@13971077
reloadAllAccessors: .PublisherClassParameter

===========================================================================================
----------------- testing Wed Jun 24 14:51:02 UTC 2020 /home/travis/build/icyphy/ptII/ptolemy/actor/lib/test/auto/PublisherNonStrictTest.xml
----------------- Instantiating /home/travis/build/icyphy/ptII/ptolemy/actor/lib/test/auto/PublisherNonStrictTest.xml
3 ms. Memory: 281600K Free: 191982K (68%)
----------------- Invoking toplevel() on ptolemy.moml.MoMLSimpleApplication@17a6ff1e
----------------- Done invoking toplevel() on ptolemy.moml.MoMLSimpleApplication@17a6ff1e
reloadAllAccessors: .PublisherNonStrictTest

===========================================================================================
----------------- testing Wed Jun 24 14:51:02 UTC 2020 /home/travis/build/icyphy/ptII/ptolemy/actor/lib/test/auto/PublisherPort1.xml
----------------- Instantiating /home/travis/build/icyphy/ptII/ptolemy/actor/lib/test/auto/PublisherPort1.xml
2 ms. Memory: 281600K Free: 186358K (66%)
----------------- Invoking toplevel() on ptolemy.moml.MoMLSimpleApplication@4f1a4bb2
----------------- Done invoking toplevel() on ptolemy.moml.MoMLSimpleApplication@4f1a4bb2
reloadAllAccessors: .PublisherPort1

===========================================================================================
----------------- testing Wed Jun 24 14:51:02 UTC 2020 /home/travis/build/icyphy/ptII/ptolemy/actor/lib/test/auto/PublisherPort2.xml
----------------- Instantiating /home/travis/build/icyphy/ptII/ptolemy/actor/lib/test/auto/PublisherPort2.xml
1 ms. Memory: 281600K Free: 181238K (64%)
----------------- Invoking toplevel() on ptolemy.moml.MoMLSimpleApplication@78897a70
----------------- Done invoking toplevel() on ptolemy.moml.MoMLSimpleApplication@78897a70
reloadAllAccessors: .PublisherPort2

===========================================================================================
----------------- testing Wed Jun 24 14:51:02 UTC 2020 /home/travis/build/icyphy/ptII/ptolemy/actor/lib/test/auto/PublisherPort3.xml
----------------- Instantiating /home/travis/build/icyphy/ptII/ptolemy/actor/lib/test/auto/PublisherPort3.xml
3 ms. Memory: 281600K Free: 174550K (62%)
----------------- Invoking toplevel() on ptolemy.moml.MoMLSimpleApplication@6ca74f8b
----------------- Done invoking toplevel() on ptolemy.moml.MoMLSimpleApplication@6ca74f8b
reloadAllAccessors: .PublisherPort3

===========================================================================================
----------------- testing Wed Jun 24 14:51:02 UTC 2020 /home/travis/build/icyphy/ptII/ptolemy/actor/lib/test/auto/PublisherPort4.xml
----------------- Instantiating /home/travis/build/icyphy/ptII/ptolemy/actor/lib/test/auto/PublisherPort4.xml
2 ms. Memory: 281600K Free: 168950K (60%)
----------------- Invoking toplevel() on ptolemy.moml.MoMLSimpleApplication@1c6485c3
----------------- Done invoking toplevel() on ptolemy.moml.MoMLSimpleApplication@1c6485c3
reloadAllAccessors: .PublisherPort4

===========================================================================================
----------------- testing Wed Jun 24 14:51:02 UTC 2020 /home/travis/build/icyphy/ptII/ptolemy/actor/lib/test/auto/PublisherPort5.xml
----------------- Instantiating /home/travis/build/icyphy/ptII/ptolemy/actor/lib/test/auto/PublisherPort5.xml
11 ms. Memory: 281600K Free: 161268K (57%)
----------------- Invoking toplevel() on ptolemy.moml.MoMLSimpleApplication@6b1d44d7
----------------- Done invoking toplevel() on ptolemy.moml.MoMLSimpleApplication@6b1d44d7
reloadAllAccessors: .PublisherPort5

===========================================================================================
----------------- testing Wed Jun 24 14:51:02 UTC 2020 /home/travis/build/icyphy/ptII/ptolemy/actor/lib/test/auto/PublisherPort5LookAlike.xml
----------------- Instantiating /home/travis/build/icyphy/ptII/ptolemy/actor/lib/test/auto/PublisherPort5LookAlike.xml
5 ms. Memory: 281600K Free: 153590K (55%)
----------------- Invoking toplevel() on ptolemy.moml.MoMLSimpleApplication@58939e68
----------------- Done invoking toplevel() on ptolemy.moml.MoMLSimpleApplication@58939e68
reloadAllAccessors: .PublisherPort5LookAlike

===========================================================================================
----------------- testing Wed Jun 24 14:51:02 UTC 2020 /home/travis/build/icyphy/ptII/ptolemy/actor/lib/test/auto/PublisherPort6.xml
----------------- Instantiating /home/travis/build/icyphy/ptII/ptolemy/actor/lib/test/auto/PublisherPort6.xml
2 ms. Memory: 281600K Free: 146918K (52%)
----------------- Invoking toplevel() on ptolemy.moml.MoMLSimpleApplication@444f0810
----------------- Done invoking toplevel() on ptolemy.moml.MoMLSimpleApplication@444f0810
reloadAllAccessors: .PublisherPort6

===========================================================================================
----------------- testing Wed Jun 24 14:51:02 UTC 2020 /home/travis/build/icyphy/ptII/ptolemy/actor/lib/test/auto/PublisherPort7.xml
----------------- Instantiating /home/travis/build/icyphy/ptII/ptolemy/actor/lib/test/auto/PublisherPort7.xml
4 ms. Memory: 281600K Free: 139254K (49%)
----------------- Invoking toplevel() on ptolemy.moml.MoMLSimpleApplication@649ef4bb
----------------- Done invoking toplevel() on ptolemy.moml.MoMLSimpleApplication@649ef4bb
reloadAllAccessors: .PublisherPort7

===========================================================================================
----------------- testing Wed Jun 24 14:51:02 UTC 2020 /home/travis/build/icyphy/ptII/ptolemy/actor/lib/test/auto/PublisherPort8.xml
----------------- Instantiating /home/travis/build/icyphy/ptII/ptolemy/actor/lib/test/auto/PublisherPort8.xml
4 ms. Memory: 281600K Free: 130548K (46%)
----------------- Invoking toplevel() on ptolemy.moml.MoMLSimpleApplication@499fca17
----------------- Done invoking toplevel() on ptolemy.moml.MoMLSimpleApplication@499fca17
reloadAllAccessors: .PublisherPort8

===========================================================================================
----------------- testing Wed Jun 24 14:51:02 UTC 2020 /home/travis/build/icyphy/ptII/ptolemy/actor/lib/test/auto/PublisherPortSubscriberChannelVariablesAOC2.xml
----------------- Instantiating /home/travis/build/icyphy/ptII/ptolemy/actor/lib/test/auto/PublisherPortSubscriberChannelVariablesAOC2.xml
3 ms. Memory: 281600K Free: 112116K (40%)
----------------- Invoking toplevel() on ptolemy.moml.MoMLSimpleApplication@4acae25a
----------------- Done invoking toplevel() on ptolemy.moml.MoMLSimpleApplication@4acae25a
reloadAllAccessors: .PublisherPortSubscriberChannelVariablesAOC2

===========================================================================================
----------------- testing Wed Jun 24 14:51:02 UTC 2020 /home/travis/build/icyphy/ptII/ptolemy/actor/lib/test/auto/PublisherPortSubscriberOpaqueWidthInference.xml
----------------- Instantiating /home/travis/build/icyphy/ptII/ptolemy/actor/lib/test/auto/PublisherPortSubscriberOpaqueWidthInference.xml
3 ms. Memory: 281600K Free: 104438K (37%)
----------------- Invoking toplevel() on ptolemy.moml.MoMLSimpleApplication@6307f183
----------------- Done invoking toplevel() on ptolemy.moml.MoMLSimpleApplication@6307f183
reloadAllAccessors: .PublisherPortSubscriberOpaqueWidthInference

===========================================================================================
----------------- testing Wed Jun 24 14:51:02 UTC 2020 /home/travis/build/icyphy/ptII/ptolemy/actor/lib/test/auto/PublisherPortSubscriberPortAdjacent.xml
----------------- Instantiating /home/travis/build/icyphy/ptII/ptolemy/actor/lib/test/auto/PublisherPortSubscriberPortAdjacent.xml
2 ms. Memory: 281600K Free: 96246K (34%)
----------------- Invoking toplevel() on ptolemy.moml.MoMLSimpleApplication@3ec6fda4
----------------- Done invoking toplevel() on ptolemy.moml.MoMLSimpleApplication@3ec6fda4
reloadAllAccessors: .PublisherPortSubscriberPortAdjacent

===========================================================================================
----------------- testing Wed Jun 24 14:51:02 UTC 2020 /home/travis/build/icyphy/ptII/ptolemy/actor/lib/test/auto/PublisherPortSubscriberPortExpression.xml
----------------- Instantiating /home/travis/build/icyphy/ptII/ptolemy/actor/lib/test/auto/PublisherPortSubscriberPortExpression.xml
4 ms. Memory: 281600K Free: 88558K (31%)
----------------- Invoking toplevel() on ptolemy.moml.MoMLSimpleApplication@1bdad2a3
----------------- Done invoking toplevel() on ptolemy.moml.MoMLSimpleApplication@1bdad2a3
reloadAllAccessors: .PublisherPortSubscriberPortExpression

===========================================================================================
----------------- testing Wed Jun 24 14:51:02 UTC 2020 /home/travis/build/icyphy/ptII/ptolemy/actor/lib/test/auto/PublisherPortSubscriberPortOpaqueD3Reverse.xml
----------------- Instantiating /home/travis/build/icyphy/ptII/ptolemy/actor/lib/test/auto/PublisherPortSubscriberPortOpaqueD3Reverse.xml
6 ms. Memory: 281600K Free: 78324K (28%)
----------------- Invoking toplevel() on ptolemy.moml.MoMLSimpleApplication@524dfb4f
----------------- Done invoking toplevel() on ptolemy.moml.MoMLSimpleApplication@524dfb4f
reloadAllAccessors: .PublisherPortSubscriberPortOpaqueD3Reverse

===========================================================================================
----------------- testing Wed Jun 24 14:51:02 UTC 2020 /home/travis/build/icyphy/ptII/ptolemy/actor/lib/test/auto/PublisherPortSubscriberPortOpaqueWidthInference.xml
----------------- Instantiating /home/travis/build/icyphy/ptII/ptolemy/actor/lib/test/auto/PublisherPortSubscriberPortOpaqueWidthInference.xml
4 ms. Memory: 281600K Free: 70646K (25%)
----------------- Invoking toplevel() on ptolemy.moml.MoMLSimpleApplication@5506f2da
----------------- Done invoking toplevel() on ptolemy.moml.MoMLSimpleApplication@5506f2da
reloadAllAccessors: .PublisherPortSubscriberPortOpaqueWidthInference

===========================================================================================
----------------- testing Wed Jun 24 14:51:02 UTC 2020 /home/travis/build/icyphy/ptII/ptolemy/actor/lib/test/auto/PublisherPortToplevelSubscriberPortAOC.xml
----------------- Instantiating /home/travis/build/icyphy/ptII/ptolemy/actor/lib/test/auto/PublisherPortToplevelSubscriberPortAOC.xml
.PublisherPortToplevelSubscriberPortAOC.TestExceptionAttribute: initialize() was not invoked, but wrapup() was.  This is unusual, but not always a problem.  For example, exporting JNLP will do this.
1 ms. Memory: 281600K Free: 230247K (82%)
----------------- Invoking toplevel() on ptolemy.moml.MoMLSimpleApplication@1012effa
----------------- Done invoking toplevel() on ptolemy.moml.MoMLSimpleApplication@1012effa
reloadAllAccessors: .PublisherPortToplevelSubscriberPortAOC

===========================================================================================
----------------- testing Wed Jun 24 14:51:02 UTC 2020 /home/travis/build/icyphy/ptII/ptolemy/actor/lib/test/auto/PublisherSubscriber.xml
----------------- Instantiating /home/travis/build/icyphy/ptII/ptolemy/actor/lib/test/auto/PublisherSubscriber.xml
3 ms. Memory: 281600K Free: 222329K (79%)
----------------- Invoking toplevel() on ptolemy.moml.MoMLSimpleApplication@1a00cb3c
----------------- Done invoking toplevel() on ptolemy.moml.MoMLSimpleApplication@1a00cb3c
reloadAllAccessors: .PublisherSubscriber

===========================================================================================
----------------- testing Wed Jun 24 14:51:02 UTC 2020 /home/travis/build/icyphy/ptII/ptolemy/actor/lib/test/auto/PublisherSubscriber10.xml
----------------- Instantiating /home/travis/build/icyphy/ptII/ptolemy/actor/lib/test/auto/PublisherSubscriber10.xml
7 ms. Memory: 281600K Free: 212633K (76%)
----------------- Invoking toplevel() on ptolemy.moml.MoMLSimpleApplication@8c87ccd
----------------- Done invoking toplevel() on ptolemy.moml.MoMLSimpleApplication@8c87ccd
reloadAllAccessors: .PublisherSubscriber10

===========================================================================================
----------------- testing Wed Jun 24 14:51:02 UTC 2020 /home/travis/build/icyphy/ptII/ptolemy/actor/lib/test/auto/PublisherSubscriber10InitialOutputs.xml
----------------- Instantiating /home/travis/build/icyphy/ptII/ptolemy/actor/lib/test/auto/PublisherSubscriber10InitialOutputs.xml
14 ms. Memory: 281600K Free: 203417K (72%)
----------------- Invoking toplevel() on ptolemy.moml.MoMLSimpleApplication@2a9a2556
----------------- Done invoking toplevel() on ptolemy.moml.MoMLSimpleApplication@2a9a2556
reloadAllAccessors: .PublisherSubscriber10InitialOutputs

===========================================================================================
----------------- testing Wed Jun 24 14:51:02 UTC 2020 /home/travis/build/icyphy/ptII/ptolemy/actor/lib/test/auto/PublisherSubscriber11.xml
----------------- Instantiating /home/travis/build/icyphy/ptII/ptolemy/actor/lib/test/auto/PublisherSubscriber11.xml
4 ms. Memory: 281600K Free: 197273K (70%)
----------------- Invoking toplevel() on ptolemy.moml.MoMLSimpleApplication@19901f25
----------------- Done invoking toplevel() on ptolemy.moml.MoMLSimpleApplication@19901f25
reloadAllAccessors: .PublisherSubscriber11

===========================================================================================
----------------- testing Wed Jun 24 14:51:02 UTC 2020 /home/travis/build/icyphy/ptII/ptolemy/actor/lib/test/auto/PublisherSubscriber12.xml
----------------- Instantiating /home/travis/build/icyphy/ptII/ptolemy/actor/lib/test/auto/PublisherSubscriber12.xml
5 ms. Memory: 281600K Free: 190105K (68%)
----------------- Invoking toplevel() on ptolemy.moml.MoMLSimpleApplication@2148a0e3
----------------- Done invoking toplevel() on ptolemy.moml.MoMLSimpleApplication@2148a0e3
reloadAllAccessors: .PublisherSubscriber12

===========================================================================================
----------------- testing Wed Jun 24 14:51:02 UTC 2020 /home/travis/build/icyphy/ptII/ptolemy/actor/lib/test/auto/PublisherSubscriber13.xml
----------------- Instantiating /home/travis/build/icyphy/ptII/ptolemy/actor/lib/test/auto/PublisherSubscriber13.xml
4 ms. Memory: 281600K Free: 184441K (65%)
----------------- Invoking toplevel() on ptolemy.moml.MoMLSimpleApplication@60e0a823
----------------- Done invoking toplevel() on ptolemy.moml.MoMLSimpleApplication@60e0a823
reloadAllAccessors: .PublisherSubscriber13

===========================================================================================
----------------- testing Wed Jun 24 14:51:02 UTC 2020 /home/travis/build/icyphy/ptII/ptolemy/actor/lib/test/auto/PublisherSubscriber14.xml
----------------- Instantiating /home/travis/build/icyphy/ptII/ptolemy/actor/lib/test/auto/PublisherSubscriber14.xml
2 ms. Memory: 281600K Free: 175769K (62%)
----------------- Invoking toplevel() on ptolemy.moml.MoMLSimpleApplication@46f0fbdd
----------------- Done invoking toplevel() on ptolemy.moml.MoMLSimpleApplication@46f0fbdd
reloadAllAccessors: .PublisherSubscriber14

===========================================================================================
----------------- testing Wed Jun 24 14:51:02 UTC 2020 /home/travis/build/icyphy/ptII/ptolemy/actor/lib/test/auto/PublisherSubscriber2.xml
----------------- Instantiating /home/travis/build/icyphy/ptII/ptolemy/actor/lib/test/auto/PublisherSubscriber2.xml
3 ms. Memory: 281600K Free: 169625K (60%)
----------------- Invoking toplevel() on ptolemy.moml.MoMLSimpleApplication@464cb25b
----------------- Done invoking toplevel() on ptolemy.moml.MoMLSimpleApplication@464cb25b
reloadAllAccessors: .PublisherSubscriber2

===========================================================================================
----------------- testing Wed Jun 24 14:51:02 UTC 2020 /home/travis/build/icyphy/ptII/ptolemy/actor/lib/test/auto/PublisherSubscriber3.xml
----------------- Instantiating /home/travis/build/icyphy/ptII/ptolemy/actor/lib/test/auto/PublisherSubscriber3.xml
2 ms. Memory: 281600K Free: 163961K (58%)
----------------- Invoking toplevel() on ptolemy.moml.MoMLSimpleApplication@72279b24
----------------- Done invoking toplevel() on ptolemy.moml.MoMLSimpleApplication@72279b24
reloadAllAccessors: .PublisherSubscriber3

===========================================================================================
----------------- testing Wed Jun 24 14:51:02 UTC 2020 /home/travis/build/icyphy/ptII/ptolemy/actor/lib/test/auto/PublisherSubscriber4.xml
----------------- Instantiating /home/travis/build/icyphy/ptII/ptolemy/actor/lib/test/auto/PublisherSubscriber4.xml
2 ms. Memory: 281600K Free: 158841K (56%)
----------------- Invoking toplevel() on ptolemy.moml.MoMLSimpleApplication@8daca39
----------------- Done invoking toplevel() on ptolemy.moml.MoMLSimpleApplication@8daca39
reloadAllAccessors: .PublisherSubscriber4

===========================================================================================
----------------- testing Wed Jun 24 14:51:02 UTC 2020 /home/travis/build/icyphy/ptII/ptolemy/actor/lib/test/auto/PublisherSubscriber5.xml
----------------- Instantiating /home/travis/build/icyphy/ptII/ptolemy/actor/lib/test/auto/PublisherSubscriber5.xml
3 ms. Memory: 281600K Free: 152217K (54%)
----------------- Invoking toplevel() on ptolemy.moml.MoMLSimpleApplication@30d2ba7c
----------------- Done invoking toplevel() on ptolemy.moml.MoMLSimpleApplication@30d2ba7c
reloadAllAccessors: .PublisherSubscriber5

===========================================================================================
----------------- testing Wed Jun 24 14:51:02 UTC 2020 /home/travis/build/icyphy/ptII/ptolemy/actor/lib/test/auto/PublisherSubscriber6.xml
----------------- Instantiating /home/travis/build/icyphy/ptII/ptolemy/actor/lib/test/auto/PublisherSubscriber6.xml
3 ms. Memory: 281600K Free: 145559K (52%)
----------------- Invoking toplevel() on ptolemy.moml.MoMLSimpleApplication@50225f18
----------------- Done invoking toplevel() on ptolemy.moml.MoMLSimpleApplication@50225f18
reloadAllAccessors: .PublisherSubscriber6

===========================================================================================
----------------- testing Wed Jun 24 14:51:02 UTC 2020 /home/travis/build/icyphy/ptII/ptolemy/actor/lib/test/auto/PublisherSubscriber7.xml
----------------- Instantiating /home/travis/build/icyphy/ptII/ptolemy/actor/lib/test/auto/PublisherSubscriber7.xml
6 ms. Memory: 281600K Free: 138905K (49%)
----------------- Invoking toplevel() on ptolemy.moml.MoMLSimpleApplication@619a40d6
----------------- Done invoking toplevel() on ptolemy.moml.MoMLSimpleApplication@619a40d6
reloadAllAccessors: .PublisherSubscriber7

===========================================================================================
----------------- testing Wed Jun 24 14:51:02 UTC 2020 /home/travis/build/icyphy/ptII/ptolemy/actor/lib/test/auto/PublisherSubscriber8.xml
----------------- Instantiating /home/travis/build/icyphy/ptII/ptolemy/actor/lib/test/auto/PublisherSubscriber8.xml
15 ms. Memory: 281600K Free: 127127K (45%)
----------------- Invoking toplevel() on ptolemy.moml.MoMLSimpleApplication@3d2ea28
----------------- Done invoking toplevel() on ptolemy.moml.MoMLSimpleApplication@3d2ea28
reloadAllAccessors: .PublisherSubscriber8

===========================================================================================
----------------- testing Wed Jun 24 14:51:02 UTC 2020 /home/travis/build/icyphy/ptII/ptolemy/actor/lib/test/auto/PublisherSubscriber9.xml
----------------- Instantiating /home/travis/build/icyphy/ptII/ptolemy/actor/lib/test/auto/PublisherSubscriber9.xml
2 ms. Memory: 281600K Free: 119945K (43%)
----------------- Invoking toplevel() on ptolemy.moml.MoMLSimpleApplication@ef73354
----------------- Done invoking toplevel() on ptolemy.moml.MoMLSimpleApplication@ef73354
reloadAllAccessors: .PublisherSubscriber9

===========================================================================================
----------------- testing Wed Jun 24 14:51:02 UTC 2020 /home/travis/build/icyphy/ptII/ptolemy/actor/lib/test/auto/PublisherSubscriberAdjacent.xml
----------------- Instantiating /home/travis/build/icyphy/ptII/ptolemy/actor/lib/test/auto/PublisherSubscriberAdjacent.xml
1 ms. Memory: 281600K Free: 111767K (40%)
----------------- Invoking toplevel() on ptolemy.moml.MoMLSimpleApplication@62e12c08
----------------- Done invoking toplevel() on ptolemy.moml.MoMLSimpleApplication@62e12c08
reloadAllAccessors: .PublisherSubscriberAdjacent

===========================================================================================
----------------- testing Wed Jun 24 14:51:02 UTC 2020 /home/travis/build/icyphy/ptII/ptolemy/actor/lib/test/auto/PublisherSubscriberChannelVariablesAOC2.xml
----------------- Instantiating /home/travis/build/icyphy/ptII/ptolemy/actor/lib/test/auto/PublisherSubscriberChannelVariablesAOC2.xml
3 ms. Memory: 281600K Free: 96921K (34%)
----------------- Invoking toplevel() on ptolemy.moml.MoMLSimpleApplication@16c7111c
----------------- Done invoking toplevel() on ptolemy.moml.MoMLSimpleApplication@16c7111c
reloadAllAccessors: .PublisherSubscriberChannelVariablesAOC2

===========================================================================================
----------------- testing Wed Jun 24 14:51:03 UTC 2020 /home/travis/build/icyphy/ptII/ptolemy/actor/lib/test/auto/PublisherSubscriberD3.xml
----------------- Instantiating /home/travis/build/icyphy/ptII/ptolemy/actor/lib/test/auto/PublisherSubscriberD3.xml
1 ms. Memory: 281600K Free: 89753K (32%)
----------------- Invoking toplevel() on ptolemy.moml.MoMLSimpleApplication@11568a7d
----------------- Done invoking toplevel() on ptolemy.moml.MoMLSimpleApplication@11568a7d
reloadAllAccessors: .PublisherSubscriberD3

===========================================================================================
----------------- testing Wed Jun 24 14:51:03 UTC 2020 /home/travis/build/icyphy/ptII/ptolemy/actor/lib/test/auto/PublisherSubscriberD3Reverse.xml
----------------- Instantiating /home/travis/build/icyphy/ptII/ptolemy/actor/lib/test/auto/PublisherSubscriberD3Reverse.xml
2 ms. Memory: 281600K Free: 83609K (30%)
----------------- Invoking toplevel() on ptolemy.moml.MoMLSimpleApplication@3bf3857e
----------------- Done invoking toplevel() on ptolemy.moml.MoMLSimpleApplication@3bf3857e
reloadAllAccessors: .PublisherSubscriberD3Reverse

===========================================================================================
----------------- testing Wed Jun 24 14:51:03 UTC 2020 /home/travis/build/icyphy/ptII/ptolemy/actor/lib/test/auto/PublisherSubscriberExpression.xml
----------------- Instantiating /home/travis/build/icyphy/ptII/ptolemy/actor/lib/test/auto/PublisherSubscriberExpression.xml
4 ms. Memory: 281600K Free: 74903K (27%)
----------------- Invoking toplevel() on ptolemy.moml.MoMLSimpleApplication@7764ff10
----------------- Done invoking toplevel() on ptolemy.moml.MoMLSimpleApplication@7764ff10
reloadAllAccessors: .PublisherSubscriberExpression

===========================================================================================
----------------- testing Wed Jun 24 14:51:03 UTC 2020 /home/travis/build/icyphy/ptII/ptolemy/actor/lib/test/auto/PublisherSubscriberOpaque.xml
----------------- Instantiating /home/travis/build/icyphy/ptII/ptolemy/actor/lib/test/auto/PublisherSubscriberOpaque.xml
3 ms. Memory: 281600K Free: 66201K (24%)
----------------- Invoking toplevel() on ptolemy.moml.MoMLSimpleApplication@2f3ac9b5
----------------- Done invoking toplevel() on ptolemy.moml.MoMLSimpleApplication@2f3ac9b5
reloadAllAccessors: .PublisherSubscriberOpaque

===========================================================================================
----------------- testing Wed Jun 24 14:51:03 UTC 2020 /home/travis/build/icyphy/ptII/ptolemy/actor/lib/test/auto/PublisherSubscriberOpaqueD3.xml
----------------- Instantiating /home/travis/build/icyphy/ptII/ptolemy/actor/lib/test/auto/PublisherSubscriberOpaqueD3.xml
4 ms. Memory: 281600K Free: 220454K (78%)
----------------- Invoking toplevel() on ptolemy.moml.MoMLSimpleApplication@149ab72d
----------------- Done invoking toplevel() on ptolemy.moml.MoMLSimpleApplication@149ab72d
reloadAllAccessors: .PublisherSubscriberOpaqueD3

===========================================================================================
----------------- testing Wed Jun 24 14:51:03 UTC 2020 /home/travis/build/icyphy/ptII/ptolemy/actor/lib/test/auto/PublisherSubscriberOpaqueD3Reverse.xml
----------------- Instantiating /home/travis/build/icyphy/ptII/ptolemy/actor/lib/test/auto/PublisherSubscriberOpaqueD3Reverse.xml
7 ms. Memory: 281600K Free: 209704K (74%)
----------------- Invoking toplevel() on ptolemy.moml.MoMLSimpleApplication@6ffb364f
----------------- Done invoking toplevel() on ptolemy.moml.MoMLSimpleApplication@6ffb364f
reloadAllAccessors: .PublisherSubscriberOpaqueD3Reverse

===========================================================================================
----------------- testing Wed Jun 24 14:51:03 UTC 2020 /home/travis/build/icyphy/ptII/ptolemy/actor/lib/test/auto/PublisherSubscriberOpaqueWidthInference.xml
----------------- Instantiating /home/travis/build/icyphy/ptII/ptolemy/actor/lib/test/auto/PublisherSubscriberOpaqueWidthInference.xml
3 ms. Memory: 281600K Free: 201512K (72%)
----------------- Invoking toplevel() on ptolemy.moml.MoMLSimpleApplication@108f318
----------------- Done invoking toplevel() on ptolemy.moml.MoMLSimpleApplication@108f318
reloadAllAccessors: .PublisherSubscriberOpaqueWidthInference

===========================================================================================
----------------- testing Wed Jun 24 14:51:03 UTC 2020 /home/travis/build/icyphy/ptII/ptolemy/actor/lib/test/auto/PublisherTestSubscriber.xml
----------------- Instantiating /home/travis/build/icyphy/ptII/ptolemy/actor/lib/test/auto/PublisherTestSubscriber.xml
3 ms. Memory: 281600K Free: 193824K (69%)
----------------- Invoking toplevel() on ptolemy.moml.MoMLSimpleApplication@22302c
----------------- Done invoking toplevel() on ptolemy.moml.MoMLSimpleApplication@22302c
reloadAllAccessors: .PublisherTestSubscriber

===========================================================================================
----------------- testing Wed Jun 24 14:51:03 UTC 2020 /home/travis/build/icyphy/ptII/ptolemy/actor/lib/test/auto/PublisherToplevelSubscriberPortAOC.xml
----------------- Instantiating /home/travis/build/icyphy/ptII/ptolemy/actor/lib/test/auto/PublisherToplevelSubscriberPortAOC.xml
1 ms. Memory: 281600K Free: 187176K (66%)
----------------- Invoking toplevel() on ptolemy.moml.MoMLSimpleApplication@339f0156
----------------- Done invoking toplevel() on ptolemy.moml.MoMLSimpleApplication@339f0156
reloadAllAccessors: .PublisherToplevelSubscriberPortAOC

===========================================================================================
----------------- testing Wed Jun 24 14:51:03 UTC 2020 /home/travis/build/icyphy/ptII/ptolemy/actor/lib/test/auto/PulseFiringLimitDE.xml
----------------- Instantiating /home/travis/build/icyphy/ptII/ptolemy/actor/lib/test/auto/PulseFiringLimitDE.xml
2 ms. Memory: 281600K Free: 181032K (64%)
----------------- Invoking toplevel() on ptolemy.moml.MoMLSimpleApplication@2b803959
----------------- Done invoking toplevel() on ptolemy.moml.MoMLSimpleApplication@2b803959
reloadAllAccessors: .PulseFiringLimitDE

===========================================================================================
----------------- testing Wed Jun 24 14:51:03 UTC 2020 /home/travis/build/icyphy/ptII/ptolemy/actor/lib/test/auto/Ramp1.xml
----------------- Instantiating /home/travis/build/icyphy/ptII/ptolemy/actor/lib/test/auto/Ramp1.xml
1 ms. Memory: 281600K Free: 176936K (63%)
----------------- Invoking toplevel() on ptolemy.moml.MoMLSimpleApplication@9b33aaf
----------------- Done invoking toplevel() on ptolemy.moml.MoMLSimpleApplication@9b33aaf
reloadAllAccessors: .Ramp1

===========================================================================================
----------------- testing Wed Jun 24 14:51:03 UTC 2020 /home/travis/build/icyphy/ptII/ptolemy/actor/lib/test/auto/RampFiringLimitDE.xml
----------------- Instantiating /home/travis/build/icyphy/ptII/ptolemy/actor/lib/test/auto/RampFiringLimitDE.xml
2 ms. Memory: 281600K Free: 170792K (61%)
----------------- Invoking toplevel() on ptolemy.moml.MoMLSimpleApplication@1fcd3432
----------------- Done invoking toplevel() on ptolemy.moml.MoMLSimpleApplication@1fcd3432
reloadAllAccessors: .RampFiringLimitDE

===========================================================================================
----------------- testing Wed Jun 24 14:51:03 UTC 2020 /home/travis/build/icyphy/ptII/ptolemy/actor/lib/test/auto/RampFiringLimitSDF.xml
----------------- Instantiating /home/travis/build/icyphy/ptII/ptolemy/actor/lib/test/auto/RampFiringLimitSDF.xml
2 ms. Memory: 281600K Free: 165144K (59%)
----------------- Invoking toplevel() on ptolemy.moml.MoMLSimpleApplication@13b75a84
----------------- Done invoking toplevel() on ptolemy.moml.MoMLSimpleApplication@13b75a84
reloadAllAccessors: .RampFiringLimitSDF

===========================================================================================
----------------- testing Wed Jun 24 14:51:03 UTC 2020 /home/travis/build/icyphy/ptII/ptolemy/actor/lib/test/auto/RandomInteger.xml
----------------- Instantiating /home/travis/build/icyphy/ptII/ptolemy/actor/lib/test/auto/RandomInteger.xml
1 ms. Memory: 281600K Free: 161062K (57%)
----------------- Invoking toplevel() on ptolemy.moml.MoMLSimpleApplication@f5f5e01
----------------- Done invoking toplevel() on ptolemy.moml.MoMLSimpleApplication@f5f5e01
reloadAllAccessors: .RandomInteger

===========================================================================================
----------------- testing Wed Jun 24 14:51:03 UTC 2020 /home/travis/build/icyphy/ptII/ptolemy/actor/lib/test/auto/ReadFile1.xml
----------------- Instantiating /home/travis/build/icyphy/ptII/ptolemy/actor/lib/test/auto/ReadFile1.xml
1 ms. Memory: 281600K Free: 156456K (56%)
----------------- Invoking toplevel() on ptolemy.moml.MoMLSimpleApplication@41577b0b
----------------- Done invoking toplevel() on ptolemy.moml.MoMLSimpleApplication@41577b0b
reloadAllAccessors: .ReadFile1

===========================================================================================
----------------- testing Wed Jun 24 14:51:03 UTC 2020 /home/travis/build/icyphy/ptII/ptolemy/actor/lib/test/auto/ReadFile2.xml
----------------- Instantiating /home/travis/build/icyphy/ptII/ptolemy/actor/lib/test/auto/ReadFile2.xml
1 ms. Memory: 281600K Free: 152360K (54%)
----------------- Invoking toplevel() on ptolemy.moml.MoMLSimpleApplication@6c2a6a66
----------------- Done invoking toplevel() on ptolemy.moml.MoMLSimpleApplication@6c2a6a66
reloadAllAccessors: .ReadFile2

===========================================================================================
----------------- testing Wed Jun 24 14:51:03 UTC 2020 /home/travis/build/icyphy/ptII/ptolemy/actor/lib/test/auto/Reader.xml
----------------- Instantiating /home/travis/build/icyphy/ptII/ptolemy/actor/lib/test/auto/Reader.xml
actor.lib.Reader is obsolete, use actor.lib.io.ExpressionReader instead
4 ms. Memory: 281600K Free: 148264K (53%)
----------------- Invoking toplevel() on ptolemy.moml.MoMLSimpleApplication@8792660
----------------- Done invoking toplevel() on ptolemy.moml.MoMLSimpleApplication@8792660
reloadAllAccessors: .Reader

===========================================================================================
----------------- testing Wed Jun 24 14:51:03 UTC 2020 /home/travis/build/icyphy/ptII/ptolemy/actor/lib/test/auto/RecordAssemblerDisplayNameTest.xml
----------------- Instantiating /home/travis/build/icyphy/ptII/ptolemy/actor/lib/test/auto/RecordAssemblerDisplayNameTest.xml
3179 ms. Memory: 281600K Free: 81153K (29%)
----------------- Invoking toplevel() on ptolemy.moml.MoMLSimpleApplication@fe30826
----------------- Done invoking toplevel() on ptolemy.moml.MoMLSimpleApplication@fe30826
reloadAllAccessors: .RecordAssemblerDisplayNameTest

===========================================================================================
----------------- testing Wed Jun 24 14:51:06 UTC 2020 /home/travis/build/icyphy/ptII/ptolemy/actor/lib/test/auto/RecordAssemblerTypeError.xml
----------------- Instantiating /home/travis/build/icyphy/ptII/ptolemy/actor/lib/test/auto/RecordAssemblerTypeError.xml
4 ms. Memory: 281600K Free: 71427K (25%)
----------------- Invoking toplevel() on ptolemy.moml.MoMLSimpleApplication@346d5091
----------------- Done invoking toplevel() on ptolemy.moml.MoMLSimpleApplication@346d5091
reloadAllAccessors: .RecordAssemblerTypeError

===========================================================================================
----------------- testing Wed Jun 24 14:51:06 UTC 2020 /home/travis/build/icyphy/ptII/ptolemy/actor/lib/test/auto/RecordDisassember.xml
----------------- Instantiating /home/travis/build/icyphy/ptII/ptolemy/actor/lib/test/auto/RecordDisassember.xml
2 ms. Memory: 281600K Free: 66787K (24%)
----------------- Invoking toplevel() on ptolemy.moml.MoMLSimpleApplication@2a6cdd3e
----------------- Done invoking toplevel() on ptolemy.moml.MoMLSimpleApplication@2a6cdd3e
reloadAllAccessors: .RecordDisassember

===========================================================================================
----------------- testing Wed Jun 24 14:51:06 UTC 2020 /home/travis/build/icyphy/ptII/ptolemy/actor/lib/test/auto/RecordDisassemberDisplayNameTest.xml
----------------- Instantiating /home/travis/build/icyphy/ptII/ptolemy/actor/lib/test/auto/RecordDisassemberDisplayNameTest.xml
5 ms. Memory: 281600K Free: 225843K (80%)
----------------- Invoking toplevel() on ptolemy.moml.MoMLSimpleApplication@34fe79e0
----------------- Done invoking toplevel() on ptolemy.moml.MoMLSimpleApplication@34fe79e0
reloadAllAccessors: .RecordDisassemberDisplayNameTest

===========================================================================================
----------------- testing Wed Jun 24 14:51:06 UTC 2020 /home/travis/build/icyphy/ptII/ptolemy/actor/lib/test/auto/RecordDisassembler.xml
----------------- Instantiating /home/travis/build/icyphy/ptII/ptolemy/actor/lib/test/auto/RecordDisassembler.xml
3 ms. Memory: 281600K Free: 220195K (78%)
----------------- Invoking toplevel() on ptolemy.moml.MoMLSimpleApplication@71078e58
----------------- Done invoking toplevel() on ptolemy.moml.MoMLSimpleApplication@71078e58
reloadAllAccessors: .RecordDisassembler

===========================================================================================
----------------- testing Wed Jun 24 14:51:06 UTC 2020 /home/travis/build/icyphy/ptII/ptolemy/actor/lib/test/auto/RecordDisassembler2.xml
----------------- Instantiating /home/travis/build/icyphy/ptII/ptolemy/actor/lib/test/auto/RecordDisassembler2.xml
2 ms. Memory: 281600K Free: 215083K (76%)
----------------- Invoking toplevel() on ptolemy.moml.MoMLSimpleApplication@6c3dbfcf
----------------- Done invoking toplevel() on ptolemy.moml.MoMLSimpleApplication@6c3dbfcf
reloadAllAccessors: .RecordDisassembler2

===========================================================================================
----------------- testing Wed Jun 24 14:51:06 UTC 2020 /home/travis/build/icyphy/ptII/ptolemy/actor/lib/test/auto/RecordUpdater.xml
----------------- Instantiating /home/travis/build/icyphy/ptII/ptolemy/actor/lib/test/auto/RecordUpdater.xml
1 ms. Memory: 281600K Free: 210483K (75%)
----------------- Invoking toplevel() on ptolemy.moml.MoMLSimpleApplication@3276a4a0
----------------- Done invoking toplevel() on ptolemy.moml.MoMLSimpleApplication@3276a4a0
reloadAllAccessors: .RecordUpdater

===========================================================================================
----------------- testing Wed Jun 24 14:51:06 UTC 2020 /home/travis/build/icyphy/ptII/ptolemy/actor/lib/test/auto/RecordUpdater2.xml
----------------- Instantiating /home/travis/build/icyphy/ptII/ptolemy/actor/lib/test/auto/RecordUpdater2.xml
2 ms. Memory: 281600K Free: 205363K (73%)
----------------- Invoking toplevel() on ptolemy.moml.MoMLSimpleApplication@5245672f
----------------- Done invoking toplevel() on ptolemy.moml.MoMLSimpleApplication@5245672f
reloadAllAccessors: .RecordUpdater2

===========================================================================================
----------------- testing Wed Jun 24 14:51:06 UTC 2020 /home/travis/build/icyphy/ptII/ptolemy/actor/lib/test/auto/RecursiveLattice.xml
----------------- Instantiating /home/travis/build/icyphy/ptII/ptolemy/actor/lib/test/auto/RecursiveLattice.xml
1 ms. Memory: 281600K Free: 201267K (71%)
----------------- Invoking toplevel() on ptolemy.moml.MoMLSimpleApplication@c9b9992
----------------- Done invoking toplevel() on ptolemy.moml.MoMLSimpleApplication@c9b9992
reloadAllAccessors: .RecursiveLattice

===========================================================================================
----------------- testing Wed Jun 24 14:51:06 UTC 2020 /home/travis/build/icyphy/ptII/ptolemy/actor/lib/test/auto/Router.xml
----------------- Instantiating /home/travis/build/icyphy/ptII/ptolemy/actor/lib/test/auto/Router.xml
3003 ms. Memory: 281600K Free: 191027K (68%)
----------------- Invoking toplevel() on ptolemy.moml.MoMLSimpleApplication@3753fb5c
----------------- Done invoking toplevel() on ptolemy.moml.MoMLSimpleApplication@3753fb5c
reloadAllAccessors: .Router

===========================================================================================
----------------- testing Wed Jun 24 14:51:09 UTC 2020 /home/travis/build/icyphy/ptII/ptolemy/actor/lib/test/auto/Router2.xml
----------------- Instantiating /home/travis/build/icyphy/ptII/ptolemy/actor/lib/test/auto/Router2.xml
3003 ms. Memory: 281600K Free: 180787K (64%)
----------------- Invoking toplevel() on ptolemy.moml.MoMLSimpleApplication@50fba27f
----------------- Done invoking toplevel() on ptolemy.moml.MoMLSimpleApplication@50fba27f
reloadAllAccessors: .Router2

===========================================================================================
----------------- testing Wed Jun 24 14:51:12 UTC 2020 /home/travis/build/icyphy/ptII/ptolemy/actor/lib/test/auto/RunningMaximum.xml
----------------- Instantiating /home/travis/build/icyphy/ptII/ptolemy/actor/lib/test/auto/RunningMaximum.xml
2 ms. Memory: 281600K Free: 175667K (62%)
----------------- Invoking toplevel() on ptolemy.moml.MoMLSimpleApplication@4d24ab93
----------------- Done invoking toplevel() on ptolemy.moml.MoMLSimpleApplication@4d24ab93
reloadAllAccessors: .RunningMaximum

===========================================================================================
----------------- testing Wed Jun 24 14:51:12 UTC 2020 /home/travis/build/icyphy/ptII/ptolemy/actor/lib/test/auto/RunningMinimum.xml
----------------- Instantiating /home/travis/build/icyphy/ptII/ptolemy/actor/lib/test/auto/RunningMinimum.xml
3 ms. Memory: 281600K Free: 171057K (61%)
----------------- Invoking toplevel() on ptolemy.moml.MoMLSimpleApplication@34f02c4e
----------------- Done invoking toplevel() on ptolemy.moml.MoMLSimpleApplication@34f02c4e
reloadAllAccessors: .RunningMinimum

===========================================================================================
----------------- testing Wed Jun 24 14:51:12 UTC 2020 /home/travis/build/icyphy/ptII/ptolemy/actor/lib/test/auto/Scale.xml
----------------- Instantiating /home/travis/build/icyphy/ptII/ptolemy/actor/lib/test/auto/Scale.xml
1 ms. Memory: 281600K Free: 166961K (59%)
----------------- Invoking toplevel() on ptolemy.moml.MoMLSimpleApplication@5eec38df
----------------- Done invoking toplevel() on ptolemy.moml.MoMLSimpleApplication@5eec38df
reloadAllAccessors: .Scale

===========================================================================================
----------------- testing Wed Jun 24 14:51:12 UTC 2020 /home/travis/build/icyphy/ptII/ptolemy/actor/lib/test/auto/Scale2.xml
----------------- Instantiating /home/travis/build/icyphy/ptII/ptolemy/actor/lib/test/auto/Scale2.xml
1 ms. Memory: 281600K Free: 161841K (57%)
----------------- Invoking toplevel() on ptolemy.moml.MoMLSimpleApplication@5a1026e7
----------------- Done invoking toplevel() on ptolemy.moml.MoMLSimpleApplication@5a1026e7
reloadAllAccessors: .Scale2

===========================================================================================
----------------- testing Wed Jun 24 14:51:12 UTC 2020 /home/travis/build/icyphy/ptII/ptolemy/actor/lib/test/auto/Scale3.xml
----------------- Instantiating /home/travis/build/icyphy/ptII/ptolemy/actor/lib/test/auto/Scale3.xml
2 ms. Memory: 281600K Free: 155697K (55%)
----------------- Invoking toplevel() on ptolemy.moml.MoMLSimpleApplication@7e03995c
----------------- Done invoking toplevel() on ptolemy.moml.MoMLSimpleApplication@7e03995c
reloadAllAccessors: .Scale3

===========================================================================================
----------------- testing Wed Jun 24 14:51:12 UTC 2020 /home/travis/build/icyphy/ptII/ptolemy/actor/lib/test/auto/ScaleArray.xml
----------------- Instantiating /home/travis/build/icyphy/ptII/ptolemy/actor/lib/test/auto/ScaleArray.xml
1 ms. Memory: 281600K Free: 151091K (54%)
----------------- Invoking toplevel() on ptolemy.moml.MoMLSimpleApplication@7f6fc745
----------------- Done invoking toplevel() on ptolemy.moml.MoMLSimpleApplication@7f6fc745
reloadAllAccessors: .ScaleArray

===========================================================================================
----------------- testing Wed Jun 24 14:51:12 UTC 2020 /home/travis/build/icyphy/ptII/ptolemy/actor/lib/test/auto/ScaleArray2.xml
----------------- Instantiating /home/travis/build/icyphy/ptII/ptolemy/actor/lib/test/auto/ScaleArray2.xml
0 ms. Memory: 281600K Free: 146995K (52%)
----------------- Invoking toplevel() on ptolemy.moml.MoMLSimpleApplication@213c864f
----------------- Done invoking toplevel() on ptolemy.moml.MoMLSimpleApplication@213c864f
reloadAllAccessors: .ScaleArray2

===========================================================================================
----------------- testing Wed Jun 24 14:51:12 UTC 2020 /home/travis/build/icyphy/ptII/ptolemy/actor/lib/test/auto/ScaleMatrix.xml
----------------- Instantiating /home/travis/build/icyphy/ptII/ptolemy/actor/lib/test/auto/ScaleMatrix.xml
156 ms. Memory: 281600K Free: 132145K (47%)
----------------- Invoking toplevel() on ptolemy.moml.MoMLSimpleApplication@42bd52c4
----------------- Done invoking toplevel() on ptolemy.moml.MoMLSimpleApplication@42bd52c4
reloadAllAccessors: .ScaleMatrix

===========================================================================================
----------------- testing Wed Jun 24 14:51:12 UTC 2020 /home/travis/build/icyphy/ptII/ptolemy/actor/lib/test/auto/Select.xml
----------------- Instantiating /home/travis/build/icyphy/ptII/ptolemy/actor/lib/test/auto/Select.xml
2 ms. Memory: 281600K Free: 125987K (45%)
----------------- Invoking toplevel() on ptolemy.moml.MoMLSimpleApplication@4db782f1
----------------- Done invoking toplevel() on ptolemy.moml.MoMLSimpleApplication@4db782f1
reloadAllAccessors: .Select

===========================================================================================
----------------- testing Wed Jun 24 14:51:12 UTC 2020 /home/travis/build/icyphy/ptII/ptolemy/actor/lib/test/auto/Select2.xml
----------------- Instantiating /home/travis/build/icyphy/ptII/ptolemy/actor/lib/test/auto/Select2.xml
1 ms. Memory: 281600K Free: 121395K (43%)
----------------- Invoking toplevel() on ptolemy.moml.MoMLSimpleApplication@460a5a93
----------------- Done invoking toplevel() on ptolemy.moml.MoMLSimpleApplication@460a5a93
reloadAllAccessors: .Select2

===========================================================================================
----------------- testing Wed Jun 24 14:51:12 UTC 2020 /home/travis/build/icyphy/ptII/ptolemy/actor/lib/test/auto/SequenceToArray2.xml
----------------- Instantiating /home/travis/build/icyphy/ptII/ptolemy/actor/lib/test/auto/SequenceToArray2.xml
107 ms. Memory: 281600K Free: 96305K (34%)
----------------- Invoking toplevel() on ptolemy.moml.MoMLSimpleApplication@33780ccc
----------------- Done invoking toplevel() on ptolemy.moml.MoMLSimpleApplication@33780ccc
reloadAllAccessors: .SequenceToArray2

===========================================================================================
----------------- testing Wed Jun 24 14:51:13 UTC 2020 /home/travis/build/icyphy/ptII/ptolemy/actor/lib/test/auto/SequentialClock.xml
----------------- Instantiating /home/travis/build/icyphy/ptII/ptolemy/actor/lib/test/auto/SequentialClock.xml
1 ms. Memory: 281600K Free: 92723K (33%)
----------------- Invoking toplevel() on ptolemy.moml.MoMLSimpleApplication@2be1bbdc
----------------- Done invoking toplevel() on ptolemy.moml.MoMLSimpleApplication@2be1bbdc
reloadAllAccessors: .SequentialClock

===========================================================================================
----------------- testing Wed Jun 24 14:51:13 UTC 2020 /home/travis/build/icyphy/ptII/ptolemy/actor/lib/test/auto/SetVariable.xml
----------------- Instantiating /home/travis/build/icyphy/ptII/ptolemy/actor/lib/test/auto/SetVariable.xml
2 ms. Memory: 281600K Free: 87603K (31%)
----------------- Invoking toplevel() on ptolemy.moml.MoMLSimpleApplication@712845aa
----------------- Done invoking toplevel() on ptolemy.moml.MoMLSimpleApplication@712845aa
reloadAllAccessors: .SetVariable

===========================================================================================
----------------- testing Wed Jun 24 14:51:13 UTC 2020 /home/travis/build/icyphy/ptII/ptolemy/actor/lib/test/auto/SetVariable2.xml
----------------- Instantiating /home/travis/build/icyphy/ptII/ptolemy/actor/lib/test/auto/SetVariable2.xml
3 ms. Memory: 281600K Free: 82993K (29%)
----------------- Invoking toplevel() on ptolemy.moml.MoMLSimpleApplication@1ae3f152
----------------- Done invoking toplevel() on ptolemy.moml.MoMLSimpleApplication@1ae3f152
reloadAllAccessors: .SetVariable2

===========================================================================================
----------------- testing Wed Jun 24 14:51:13 UTC 2020 /home/travis/build/icyphy/ptII/ptolemy/actor/lib/test/auto/SetVariable3.xml
----------------- Instantiating /home/travis/build/icyphy/ptII/ptolemy/actor/lib/test/auto/SetVariable3.xml
7 ms. Memory: 281600K Free: 77873K (28%)
----------------- Invoking toplevel() on ptolemy.moml.MoMLSimpleApplication@178d0cc5
----------------- Done invoking toplevel() on ptolemy.moml.MoMLSimpleApplication@178d0cc5
reloadAllAccessors: .SetVariable3

===========================================================================================
----------------- testing Wed Jun 24 14:51:13 UTC 2020 /home/travis/build/icyphy/ptII/ptolemy/actor/lib/test/auto/SetVariable4.xml
----------------- Instantiating /home/travis/build/icyphy/ptII/ptolemy/actor/lib/test/auto/SetVariable4.xml
13 ms. Memory: 281600K Free: 67633K (24%)
----------------- Invoking toplevel() on ptolemy.moml.MoMLSimpleApplication@1b838d67
----------------- Done invoking toplevel() on ptolemy.moml.MoMLSimpleApplication@1b838d67
reloadAllAccessors: .SetVariable4

===========================================================================================
----------------- testing Wed Jun 24 14:51:13 UTC 2020 /home/travis/build/icyphy/ptII/ptolemy/actor/lib/test/auto/SetVariable5.xml
----------------- Instantiating /home/travis/build/icyphy/ptII/ptolemy/actor/lib/test/auto/SetVariable5.xml
15 ms. Memory: 337920K Free: 280815K (83%)
----------------- Invoking toplevel() on ptolemy.moml.MoMLSimpleApplication@755481dc
----------------- Done invoking toplevel() on ptolemy.moml.MoMLSimpleApplication@755481dc
reloadAllAccessors: .SetVariable5

===========================================================================================
----------------- testing Wed Jun 24 14:51:13 UTC 2020 /home/travis/build/icyphy/ptII/ptolemy/actor/lib/test/auto/Sinewave.xml
----------------- Instantiating /home/travis/build/icyphy/ptII/ptolemy/actor/lib/test/auto/Sinewave.xml
6 ms. Memory: 337920K Free: 270061K (80%)
----------------- Invoking toplevel() on ptolemy.moml.MoMLSimpleApplication@1b5e4e73
----------------- Done invoking toplevel() on ptolemy.moml.MoMLSimpleApplication@1b5e4e73
reloadAllAccessors: .Sinewave

===========================================================================================
----------------- testing Wed Jun 24 14:51:13 UTC 2020 /home/travis/build/icyphy/ptII/ptolemy/actor/lib/test/auto/Sinewave2.xml
----------------- Instantiating /home/travis/build/icyphy/ptII/ptolemy/actor/lib/test/auto/Sinewave2.xml
6 ms. Memory: 337920K Free: 261869K (77%)
----------------- Invoking toplevel() on ptolemy.moml.MoMLSimpleApplication@7ca8780e
----------------- Done invoking toplevel() on ptolemy.moml.MoMLSimpleApplication@7ca8780e
reloadAllAccessors: .Sinewave2

===========================================================================================
----------------- testing Wed Jun 24 14:51:13 UTC 2020 /home/travis/build/icyphy/ptII/ptolemy/actor/lib/test/auto/Sinewave3.xml
----------------- Instantiating /home/travis/build/icyphy/ptII/ptolemy/actor/lib/test/auto/Sinewave3.xml
8 ms. Memory: 337920K Free: 253663K (75%)
----------------- Invoking toplevel() on ptolemy.moml.MoMLSimpleApplication@598bcd62
----------------- Done invoking toplevel() on ptolemy.moml.MoMLSimpleApplication@598bcd62
reloadAllAccessors: .Sinewave3

===========================================================================================
----------------- testing Wed Jun 24 14:51:13 UTC 2020 /home/travis/build/icyphy/ptII/ptolemy/actor/lib/test/auto/SingleEvent.xml
----------------- Instantiating /home/travis/build/icyphy/ptII/ptolemy/actor/lib/test/auto/SingleEvent.xml
3 ms. Memory: 337920K Free: 249581K (74%)
----------------- Invoking toplevel() on ptolemy.moml.MoMLSimpleApplication@7ae7c7e4
----------------- Done invoking toplevel() on ptolemy.moml.MoMLSimpleApplication@7ae7c7e4
reloadAllAccessors: .SingleEvent

===========================================================================================
----------------- testing Wed Jun 24 14:51:13 UTC 2020 /home/travis/build/icyphy/ptII/ptolemy/actor/lib/test/auto/Sleep.xml
----------------- Instantiating /home/travis/build/icyphy/ptII/ptolemy/actor/lib/test/auto/Sleep.xml
6003 ms. Memory: 337920K Free: 244431K (72%)
----------------- Invoking toplevel() on ptolemy.moml.MoMLSimpleApplication@25f42cdf
----------------- Done invoking toplevel() on ptolemy.moml.MoMLSimpleApplication@25f42cdf
reloadAllAccessors: .Sleep

===========================================================================================
----------------- testing Wed Jun 24 14:51:19 UTC 2020 /home/travis/build/icyphy/ptII/ptolemy/actor/lib/test/auto/SleepMultipleFire.xml
----------------- Instantiating /home/travis/build/icyphy/ptII/ptolemy/actor/lib/test/auto/SleepMultipleFire.xml
1005 ms. Memory: 337920K Free: 238831K (71%)
----------------- Invoking toplevel() on ptolemy.moml.MoMLSimpleApplication@6f34818d
----------------- Done invoking toplevel() on ptolemy.moml.MoMLSimpleApplication@6f34818d
reloadAllAccessors: .SleepMultipleFire

===========================================================================================
----------------- testing Wed Jun 24 14:51:20 UTC 2020 /home/travis/build/icyphy/ptII/ptolemy/actor/lib/test/auto/StopDE.xml
----------------- Instantiating /home/travis/build/icyphy/ptII/ptolemy/actor/lib/test/auto/StopDE.xml
4 ms. Memory: 337920K Free: 233197K (69%)
----------------- Invoking toplevel() on ptolemy.moml.MoMLSimpleApplication@54ada0be
----------------- Done invoking toplevel() on ptolemy.moml.MoMLSimpleApplication@54ada0be
reloadAllAccessors: .StopDE

===========================================================================================
----------------- testing Wed Jun 24 14:51:20 UTC 2020 /home/travis/build/icyphy/ptII/ptolemy/actor/lib/test/auto/StopSDF.xml
----------------- Instantiating /home/travis/build/icyphy/ptII/ptolemy/actor/lib/test/auto/StopSDF.xml
3 ms. Memory: 337920K Free: 227567K (67%)
----------------- Invoking toplevel() on ptolemy.moml.MoMLSimpleApplication@29c62b8c
----------------- Done invoking toplevel() on ptolemy.moml.MoMLSimpleApplication@29c62b8c
reloadAllAccessors: .StopSDF

===========================================================================================
----------------- testing Wed Jun 24 14:51:20 UTC 2020 /home/travis/build/icyphy/ptII/ptolemy/actor/lib/test/auto/StringConstant.xml
----------------- Instantiating /home/travis/build/icyphy/ptII/ptolemy/actor/lib/test/auto/StringConstant.xml
1 ms. Memory: 337920K Free: 223471K (66%)
----------------- Invoking toplevel() on ptolemy.moml.MoMLSimpleApplication@32a3df9a
----------------- Done invoking toplevel() on ptolemy.moml.MoMLSimpleApplication@32a3df9a
reloadAllAccessors: .StringConstant

===========================================================================================
----------------- testing Wed Jun 24 14:51:20 UTC 2020 /home/travis/build/icyphy/ptII/ptolemy/actor/lib/test/auto/SubscriberPortInitialValues1.xml
----------------- Instantiating /home/travis/build/icyphy/ptII/ptolemy/actor/lib/test/auto/SubscriberPortInitialValues1.xml
10 ms. Memory: 337920K Free: 214765K (64%)
----------------- Invoking toplevel() on ptolemy.moml.MoMLSimpleApplication@495b2b8d
----------------- Done invoking toplevel() on ptolemy.moml.MoMLSimpleApplication@495b2b8d
reloadAllAccessors: .SubscriberPortInitialValues1

===========================================================================================
----------------- testing Wed Jun 24 14:51:20 UTC 2020 /home/travis/build/icyphy/ptII/ptolemy/actor/lib/test/auto/SubscriberPortInitialValues13.xml
----------------- Instantiating /home/travis/build/icyphy/ptII/ptolemy/actor/lib/test/auto/SubscriberPortInitialValues13.xml
5 ms. Memory: 337920K Free: 201967K (60%)
----------------- Invoking toplevel() on ptolemy.moml.MoMLSimpleApplication@178c068c
----------------- Done invoking toplevel() on ptolemy.moml.MoMLSimpleApplication@178c068c
reloadAllAccessors: .SubscriberPortInitialValues13

===========================================================================================
----------------- testing Wed Jun 24 14:51:20 UTC 2020 /home/travis/build/icyphy/ptII/ptolemy/actor/lib/test/auto/SubscriberPortInitialValues14.xml
----------------- Instantiating /home/travis/build/icyphy/ptII/ptolemy/actor/lib/test/auto/SubscriberPortInitialValues14.xml
4 ms. Memory: 337920K Free: 194285K (57%)
----------------- Invoking toplevel() on ptolemy.moml.MoMLSimpleApplication@719e3fbe
----------------- Done invoking toplevel() on ptolemy.moml.MoMLSimpleApplication@719e3fbe
reloadAllAccessors: .SubscriberPortInitialValues14

===========================================================================================
----------------- testing Wed Jun 24 14:51:20 UTC 2020 /home/travis/build/icyphy/ptII/ptolemy/actor/lib/test/auto/SubscriberPortInitialValues2.xml
----------------- Instantiating /home/travis/build/icyphy/ptII/ptolemy/actor/lib/test/auto/SubscriberPortInitialValues2.xml
3 ms. Memory: 337920K Free: 186607K (55%)
----------------- Invoking toplevel() on ptolemy.moml.MoMLSimpleApplication@6914da60
----------------- Done invoking toplevel() on ptolemy.moml.MoMLSimpleApplication@6914da60
reloadAllAccessors: .SubscriberPortInitialValues2

===========================================================================================
----------------- testing Wed Jun 24 14:51:20 UTC 2020 /home/travis/build/icyphy/ptII/ptolemy/actor/lib/test/auto/SubscriberPortInitialValues3.xml
----------------- Instantiating /home/travis/build/icyphy/ptII/ptolemy/actor/lib/test/auto/SubscriberPortInitialValues3.xml
3 ms. Memory: 337920K Free: 175853K (52%)
----------------- Invoking toplevel() on ptolemy.moml.MoMLSimpleApplication@21c987ad
----------------- Done invoking toplevel() on ptolemy.moml.MoMLSimpleApplication@21c987ad
reloadAllAccessors: .SubscriberPortInitialValues3

===========================================================================================
----------------- testing Wed Jun 24 14:51:20 UTC 2020 /home/travis/build/icyphy/ptII/ptolemy/actor/lib/test/auto/SubscriptionAggregator.xml
----------------- Instantiating /home/travis/build/icyphy/ptII/ptolemy/actor/lib/test/auto/SubscriptionAggregator.xml
2 ms. Memory: 337920K Free: 168671K (50%)
----------------- Invoking toplevel() on ptolemy.moml.MoMLSimpleApplication@5bbb7cf2
----------------- Done invoking toplevel() on ptolemy.moml.MoMLSimpleApplication@5bbb7cf2
reloadAllAccessors: .SubscriptionAggregator

===========================================================================================
----------------- testing Wed Jun 24 14:51:20 UTC 2020 /home/travis/build/icyphy/ptII/ptolemy/actor/lib/test/auto/SubscriptionAggregator2.xml
----------------- Instantiating /home/travis/build/icyphy/ptII/ptolemy/actor/lib/test/auto/SubscriptionAggregator2.xml
2 ms. Memory: 337920K Free: 162031K (48%)
----------------- Invoking toplevel() on ptolemy.moml.MoMLSimpleApplication@42462748
----------------- Done invoking toplevel() on ptolemy.moml.MoMLSimpleApplication@42462748
reloadAllAccessors: .SubscriptionAggregator2

===========================================================================================
----------------- testing Wed Jun 24 14:51:20 UTC 2020 /home/travis/build/icyphy/ptII/ptolemy/actor/lib/test/auto/SubscriptionAggregator3.xml
----------------- Instantiating /home/travis/build/icyphy/ptII/ptolemy/actor/lib/test/auto/SubscriptionAggregator3.xml
3 ms. Memory: 337920K Free: 153325K (45%)
----------------- Invoking toplevel() on ptolemy.moml.MoMLSimpleApplication@69e30579
----------------- Done invoking toplevel() on ptolemy.moml.MoMLSimpleApplication@69e30579
reloadAllAccessors: .SubscriptionAggregator3

===========================================================================================
----------------- testing Wed Jun 24 14:51:20 UTC 2020 /home/travis/build/icyphy/ptII/ptolemy/actor/lib/test/auto/SubscriptionAggregatorMultiply.xml
----------------- Instantiating /home/travis/build/icyphy/ptII/ptolemy/actor/lib/test/auto/SubscriptionAggregatorMultiply.xml
9 ms. Memory: 337920K Free: 144623K (43%)
----------------- Invoking toplevel() on ptolemy.moml.MoMLSimpleApplication@3d6583d
----------------- Done invoking toplevel() on ptolemy.moml.MoMLSimpleApplication@3d6583d
reloadAllAccessors: .SubscriptionAggregatorMultiply

===========================================================================================
----------------- testing Wed Jun 24 14:51:20 UTC 2020 /home/travis/build/icyphy/ptII/ptolemy/actor/lib/test/auto/SubscriptionAggregatorPortMultiply1.xml
----------------- Instantiating /home/travis/build/icyphy/ptII/ptolemy/actor/lib/test/auto/SubscriptionAggregatorPortMultiply1.xml
3 ms. Memory: 337920K Free: 136941K (41%)
----------------- Invoking toplevel() on ptolemy.moml.MoMLSimpleApplication@6117bc72
----------------- Done invoking toplevel() on ptolemy.moml.MoMLSimpleApplication@6117bc72
reloadAllAccessors: .SubscriptionAggregatorPortMultiply1

===========================================================================================
----------------- testing Wed Jun 24 14:51:20 UTC 2020 /home/travis/build/icyphy/ptII/ptolemy/actor/lib/test/auto/Switch.xml
----------------- Instantiating /home/travis/build/icyphy/ptII/ptolemy/actor/lib/test/auto/Switch.xml
6 ms. Memory: 337920K Free: 129263K (38%)
----------------- Invoking toplevel() on ptolemy.moml.MoMLSimpleApplication@3a573b74
----------------- Done invoking toplevel() on ptolemy.moml.MoMLSimpleApplication@3a573b74
reloadAllAccessors: .Switch

===========================================================================================
----------------- testing Wed Jun 24 14:51:20 UTC 2020 /home/travis/build/icyphy/ptII/ptolemy/actor/lib/test/auto/Switch2.xml
----------------- Instantiating /home/travis/build/icyphy/ptII/ptolemy/actor/lib/test/auto/Switch2.xml
1 ms. Memory: 337920K Free: 123629K (37%)
----------------- Invoking toplevel() on ptolemy.moml.MoMLSimpleApplication@5b093efb
----------------- Done invoking toplevel() on ptolemy.moml.MoMLSimpleApplication@5b093efb
reloadAllAccessors: .Switch2

===========================================================================================
----------------- testing Wed Jun 24 14:51:20 UTC 2020 /home/travis/build/icyphy/ptII/ptolemy/actor/lib/test/auto/SwitchDE.xml
----------------- Instantiating /home/travis/build/icyphy/ptII/ptolemy/actor/lib/test/auto/SwitchDE.xml
3 ms. Memory: 337920K Free: 117471K (35%)
----------------- Invoking toplevel() on ptolemy.moml.MoMLSimpleApplication@6a3a1377
----------------- Done invoking toplevel() on ptolemy.moml.MoMLSimpleApplication@6a3a1377
reloadAllAccessors: .SwitchDE

===========================================================================================
----------------- testing Wed Jun 24 14:51:20 UTC 2020 /home/travis/build/icyphy/ptII/ptolemy/actor/lib/test/auto/SynchronizerDE.xml
----------------- Instantiating /home/travis/build/icyphy/ptII/ptolemy/actor/lib/test/auto/SynchronizerDE.xml
7 ms. Memory: 337920K Free: 109279K (32%)
----------------- Invoking toplevel() on ptolemy.moml.MoMLSimpleApplication@78073247
----------------- Done invoking toplevel() on ptolemy.moml.MoMLSimpleApplication@78073247
reloadAllAccessors: .SynchronizerDE

===========================================================================================
----------------- testing Wed Jun 24 14:51:20 UTC 2020 /home/travis/build/icyphy/ptII/ptolemy/actor/lib/test/auto/Test.xml
----------------- Instantiating /home/travis/build/icyphy/ptII/ptolemy/actor/lib/test/auto/Test.xml
1 ms. Memory: 337920K Free: 104159K (31%)
----------------- Invoking toplevel() on ptolemy.moml.MoMLSimpleApplication@1ae289f
----------------- Done invoking toplevel() on ptolemy.moml.MoMLSimpleApplication@1ae289f
reloadAllAccessors: .Test

===========================================================================================
----------------- testing Wed Jun 24 14:51:20 UTC 2020 /home/travis/build/icyphy/ptII/ptolemy/actor/lib/test/auto/TestExceptionAttribute1.xml
----------------- Instantiating /home/travis/build/icyphy/ptII/ptolemy/actor/lib/test/auto/TestExceptionAttribute1.xml
2 ms. Memory: 337920K Free: 100591K (30%)
----------------- Invoking toplevel() on ptolemy.moml.MoMLSimpleApplication@2285ed0e
----------------- Done invoking toplevel() on ptolemy.moml.MoMLSimpleApplication@2285ed0e
reloadAllAccessors: .TestExceptionAttribute1

===========================================================================================
----------------- testing Wed Jun 24 14:51:20 UTC 2020 /home/travis/build/icyphy/ptII/ptolemy/actor/lib/test/auto/TestExceptionAttribute2.xml
----------------- Instantiating /home/travis/build/icyphy/ptII/ptolemy/actor/lib/test/auto/TestExceptionAttribute2.xml
1 ms. Memory: 337920K Free: 97005K (29%)
----------------- Invoking toplevel() on ptolemy.moml.MoMLSimpleApplication@7e4986b1
----------------- Done invoking toplevel() on ptolemy.moml.MoMLSimpleApplication@7e4986b1
reloadAllAccessors: .TestExceptionAttribute2

===========================================================================================
----------------- testing Wed Jun 24 14:51:20 UTC 2020 /home/travis/build/icyphy/ptII/ptolemy/actor/lib/test/auto/TestExceptionAttribute3.xml
----------------- Instantiating /home/travis/build/icyphy/ptII/ptolemy/actor/lib/test/auto/TestExceptionAttribute3.xml
.TestExceptionAttribute3.TestExceptionAttribute: initialize() was not invoked, but wrapup() was.  This is unusual, but not always a problem.  For example, exporting JNLP will do this.
1 ms. Memory: 337920K Free: 92909K (27%)
----------------- Invoking toplevel() on ptolemy.moml.MoMLSimpleApplication@2dd601da
----------------- Done invoking toplevel() on ptolemy.moml.MoMLSimpleApplication@2dd601da
reloadAllAccessors: .TestExceptionAttribute3

===========================================================================================
----------------- testing Wed Jun 24 14:51:20 UTC 2020 /home/travis/build/icyphy/ptII/ptolemy/actor/lib/test/auto/TestExceptionAttribute4.xml
----------------- Instantiating /home/travis/build/icyphy/ptII/ptolemy/actor/lib/test/auto/TestExceptionAttribute4.xml
.TestExceptionAttribute4.TestExceptionAttribute: initialize() was not invoked, but wrapup() was.  This is unusual, but not always a problem.  For example, exporting JNLP will do this.
.TestExceptionAttribute4.TestExceptionAttribute2: initialize() was not invoked, but wrapup() was.  This is unusual, but not always a problem.  For example, exporting JNLP will do this.
0 ms. Memory: 337920K Free: 88813K (26%)
----------------- Invoking toplevel() on ptolemy.moml.MoMLSimpleApplication@a99e4dc
----------------- Done invoking toplevel() on ptolemy.moml.MoMLSimpleApplication@a99e4dc
reloadAllAccessors: .TestExceptionAttribute4

===========================================================================================
----------------- testing Wed Jun 24 14:51:20 UTC 2020 /home/travis/build/icyphy/ptII/ptolemy/actor/lib/test/auto/TestExceptionHandler1.xml
----------------- Instantiating /home/travis/build/icyphy/ptII/ptolemy/actor/lib/test/auto/TestExceptionHandler1.xml
1 ms. Memory: 337920K Free: 285996K (85%)
----------------- Invoking toplevel() on ptolemy.moml.MoMLSimpleApplication@1a801c19
----------------- Done invoking toplevel() on ptolemy.moml.MoMLSimpleApplication@1a801c19
reloadAllAccessors: .TestExceptionHandler1

===========================================================================================
----------------- testing Wed Jun 24 14:51:20 UTC 2020 /home/travis/build/icyphy/ptII/ptolemy/actor/lib/test/auto/TestExceptionHandler2.xml
----------------- Instantiating /home/travis/build/icyphy/ptII/ptolemy/actor/lib/test/auto/TestExceptionHandler2.xml
2 ms. Memory: 337920K Free: 281900K (83%)
----------------- Invoking toplevel() on ptolemy.moml.MoMLSimpleApplication@e4b6be1
----------------- Done invoking toplevel() on ptolemy.moml.MoMLSimpleApplication@e4b6be1
reloadAllAccessors: .TestExceptionHandler2

===========================================================================================
----------------- testing Wed Jun 24 14:51:20 UTC 2020 /home/travis/build/icyphy/ptII/ptolemy/actor/lib/test/auto/TestExceptionHandler3.xml
----------------- Instantiating /home/travis/build/icyphy/ptII/ptolemy/actor/lib/test/auto/TestExceptionHandler3.xml
0 ms. Memory: 337920K Free: 278314K (82%)
----------------- Invoking toplevel() on ptolemy.moml.MoMLSimpleApplication@5ed533b9
----------------- Done invoking toplevel() on ptolemy.moml.MoMLSimpleApplication@5ed533b9
reloadAllAccessors: .TestExceptionHandler3

===========================================================================================
----------------- testing Wed Jun 24 14:51:20 UTC 2020 /home/travis/build/icyphy/ptII/ptolemy/actor/lib/test/auto/TestExceptionHandler4.xml
----------------- Instantiating /home/travis/build/icyphy/ptII/ptolemy/actor/lib/test/auto/TestExceptionHandler4.xml
0 ms. Memory: 337920K Free: 274218K (81%)
----------------- Invoking toplevel() on ptolemy.moml.MoMLSimpleApplication@5847bec8
----------------- Done invoking toplevel() on ptolemy.moml.MoMLSimpleApplication@5847bec8
reloadAllAccessors: .TestExceptionHandler4

===========================================================================================
----------------- testing Wed Jun 24 14:51:20 UTC 2020 /home/travis/build/icyphy/ptII/ptolemy/actor/lib/test/auto/TestRequireCorrectOrder.xml
----------------- Instantiating /home/travis/build/icyphy/ptII/ptolemy/actor/lib/test/auto/TestRequireCorrectOrder.xml
8 ms. Memory: 337920K Free: 269068K (80%)
----------------- Invoking toplevel() on ptolemy.moml.MoMLSimpleApplication@3cb100ee
----------------- Done invoking toplevel() on ptolemy.moml.MoMLSimpleApplication@3cb100ee
reloadAllAccessors: .TestRequireCorrectOrder

===========================================================================================
----------------- testing Wed Jun 24 14:51:20 UTC 2020 /home/travis/build/icyphy/ptII/ptolemy/actor/lib/test/auto/TestSimple.xml
----------------- Instantiating /home/travis/build/icyphy/ptII/ptolemy/actor/lib/test/auto/TestSimple.xml
1 ms. Memory: 337920K Free: 263972K (78%)
----------------- Invoking toplevel() on ptolemy.moml.MoMLSimpleApplication@6cc4c41
----------------- Done invoking toplevel() on ptolemy.moml.MoMLSimpleApplication@6cc4c41
reloadAllAccessors: .TestSimple

===========================================================================================
----------------- testing Wed Jun 24 14:51:20 UTC 2020 /home/travis/build/icyphy/ptII/ptolemy/actor/lib/test/auto/ThrowModelError.xml
----------------- Instantiating /home/travis/build/icyphy/ptII/ptolemy/actor/lib/test/auto/ThrowModelError.xml
1 ms. Memory: 337920K Free: 259372K (77%)
----------------- Invoking toplevel() on ptolemy.moml.MoMLSimpleApplication@1719ec1d
----------------- Done invoking toplevel() on ptolemy.moml.MoMLSimpleApplication@1719ec1d
reloadAllAccessors: .ThrowModelError

===========================================================================================
----------------- testing Wed Jun 24 14:51:20 UTC 2020 /home/travis/build/icyphy/ptII/ptolemy/actor/lib/test/auto/TimeDelayMicrosteps.xml
----------------- Instantiating /home/travis/build/icyphy/ptII/ptolemy/actor/lib/test/auto/TimeDelayMicrosteps.xml
3 ms. Memory: 337920K Free: 252684K (75%)
----------------- Invoking toplevel() on ptolemy.moml.MoMLSimpleApplication@6397d717
----------------- Done invoking toplevel() on ptolemy.moml.MoMLSimpleApplication@6397d717
reloadAllAccessors: .TimeDelayMicrosteps

===========================================================================================
----------------- testing Wed Jun 24 14:51:20 UTC 2020 /home/travis/build/icyphy/ptII/ptolemy/actor/lib/test/auto/TimeDelayMicrosteps2.xml
----------------- Instantiating /home/travis/build/icyphy/ptII/ptolemy/actor/lib/test/auto/TimeDelayMicrosteps2.xml
3 ms. Memory: 337920K Free: 245540K (73%)
----------------- Invoking toplevel() on ptolemy.moml.MoMLSimpleApplication@6e27bc85
----------------- Done invoking toplevel() on ptolemy.moml.MoMLSimpleApplication@6e27bc85
reloadAllAccessors: .TimeDelayMicrosteps2

===========================================================================================
----------------- testing Wed Jun 24 14:51:20 UTC 2020 /home/travis/build/icyphy/ptII/ptolemy/actor/lib/test/auto/TimeDelayMicrosteps3.xml
----------------- Instantiating /home/travis/build/icyphy/ptII/ptolemy/actor/lib/test/auto/TimeDelayMicrosteps3.xml
3 ms. Memory: 337920K Free: 238892K (71%)
----------------- Invoking toplevel() on ptolemy.moml.MoMLSimpleApplication@1af9548f
----------------- Done invoking toplevel() on ptolemy.moml.MoMLSimpleApplication@1af9548f
reloadAllAccessors: .TimeDelayMicrosteps3

===========================================================================================
----------------- testing Wed Jun 24 14:51:20 UTC 2020 /home/travis/build/icyphy/ptII/ptolemy/actor/lib/test/auto/TimeDelayVariableMicrosteps.xml
----------------- Instantiating /home/travis/build/icyphy/ptII/ptolemy/actor/lib/test/auto/TimeDelayVariableMicrosteps.xml
3 ms. Memory: 337920K Free: 232234K (69%)
----------------- Invoking toplevel() on ptolemy.moml.MoMLSimpleApplication@734bc580
----------------- Done invoking toplevel() on ptolemy.moml.MoMLSimpleApplication@734bc580
reloadAllAccessors: .TimeDelayVariableMicrosteps

===========================================================================================
----------------- testing Wed Jun 24 14:51:20 UTC 2020 /home/travis/build/icyphy/ptII/ptolemy/actor/lib/test/auto/TimeGap.xml
----------------- Instantiating /home/travis/build/icyphy/ptII/ptolemy/actor/lib/test/auto/TimeGap.xml
3 ms. Memory: 337920K Free: 227108K (67%)
----------------- Invoking toplevel() on ptolemy.moml.MoMLSimpleApplication@4b396603
----------------- Done invoking toplevel() on ptolemy.moml.MoMLSimpleApplication@4b396603
reloadAllAccessors: .TimeGap

===========================================================================================
----------------- testing Wed Jun 24 14:51:20 UTC 2020 /home/travis/build/icyphy/ptII/ptolemy/actor/lib/test/auto/TimeGap2.xml
----------------- Instantiating /home/travis/build/icyphy/ptII/ptolemy/actor/lib/test/auto/TimeGap2.xml
2 ms. Memory: 337920K Free: 221484K (66%)
----------------- Invoking toplevel() on ptolemy.moml.MoMLSimpleApplication@70a2b5be
----------------- Done invoking toplevel() on ptolemy.moml.MoMLSimpleApplication@70a2b5be
reloadAllAccessors: .TimeGap2

===========================================================================================
----------------- testing Wed Jun 24 14:51:20 UTC 2020 /home/travis/build/icyphy/ptII/ptolemy/actor/lib/test/auto/TimedSinewave.xml
----------------- Instantiating /home/travis/build/icyphy/ptII/ptolemy/actor/lib/test/auto/TimedSinewave.xml
19 ms. Memory: 337920K Free: 206634K (61%)
----------------- Invoking toplevel() on ptolemy.moml.MoMLSimpleApplication@39e2a32
----------------- Done invoking toplevel() on ptolemy.moml.MoMLSimpleApplication@39e2a32
reloadAllAccessors: .TimedSinewave

===========================================================================================
----------------- testing Wed Jun 24 14:51:20 UTC 2020 /home/travis/build/icyphy/ptII/ptolemy/actor/lib/test/auto/TimedSinewavePhase.xml
----------------- Instantiating /home/travis/build/icyphy/ptII/ptolemy/actor/lib/test/auto/TimedSinewavePhase.xml
8 ms. Memory: 337920K Free: 196394K (58%)
----------------- Invoking toplevel() on ptolemy.moml.MoMLSimpleApplication@1d6ea92a
----------------- Done invoking toplevel() on ptolemy.moml.MoMLSimpleApplication@1d6ea92a
reloadAllAccessors: .TimedSinewavePhase

===========================================================================================
----------------- testing Wed Jun 24 14:51:21 UTC 2020 /home/travis/build/icyphy/ptII/ptolemy/actor/lib/test/auto/Timer.xml
----------------- Instantiating /home/travis/build/icyphy/ptII/ptolemy/actor/lib/test/auto/Timer.xml
3 ms. Memory: 337920K Free: 190764K (56%)
----------------- Invoking toplevel() on ptolemy.moml.MoMLSimpleApplication@33dc20da
----------------- Done invoking toplevel() on ptolemy.moml.MoMLSimpleApplication@33dc20da
reloadAllAccessors: .Timer

===========================================================================================
----------------- testing Wed Jun 24 14:51:21 UTC 2020 /home/travis/build/icyphy/ptII/ptolemy/actor/lib/test/auto/TriangularDistTestModel.xml
----------------- Instantiating /home/travis/build/icyphy/ptII/ptolemy/actor/lib/test/auto/TriangularDistTestModel.xml
2 ms. Memory: 337920K Free: 185116K (55%)
----------------- Invoking toplevel() on ptolemy.moml.MoMLSimpleApplication@b82df9e
----------------- Done invoking toplevel() on ptolemy.moml.MoMLSimpleApplication@b82df9e
reloadAllAccessors: .TriangularDistTestModel

===========================================================================================
----------------- testing Wed Jun 24 14:51:21 UTC 2020 /home/travis/build/icyphy/ptII/ptolemy/actor/lib/test/auto/TrigFunction.xml
----------------- Instantiating /home/travis/build/icyphy/ptII/ptolemy/actor/lib/test/auto/TrigFunction.xml
1 ms. Memory: 337920K Free: 180524K (53%)
----------------- Invoking toplevel() on ptolemy.moml.MoMLSimpleApplication@238e57a9
----------------- Done invoking toplevel() on ptolemy.moml.MoMLSimpleApplication@238e57a9
reloadAllAccessors: .TrigFunction

===========================================================================================
----------------- testing Wed Jun 24 14:51:21 UTC 2020 /home/travis/build/icyphy/ptII/ptolemy/actor/lib/test/auto/TrigFunctionDE.xml
----------------- Instantiating /home/travis/build/icyphy/ptII/ptolemy/actor/lib/test/auto/TrigFunctionDE.xml
2 ms. Memory: 337920K Free: 174380K (52%)
----------------- Invoking toplevel() on ptolemy.moml.MoMLSimpleApplication@2ac12859
----------------- Done invoking toplevel() on ptolemy.moml.MoMLSimpleApplication@2ac12859
reloadAllAccessors: .TrigFunctionDE

===========================================================================================
----------------- testing Wed Jun 24 14:51:21 UTC 2020 /home/travis/build/icyphy/ptII/ptolemy/actor/lib/test/auto/TrigFunctionInverse.xml
----------------- Instantiating /home/travis/build/icyphy/ptII/ptolemy/actor/lib/test/auto/TrigFunctionInverse.xml
2 ms. Memory: 337920K Free: 169260K (50%)
----------------- Invoking toplevel() on ptolemy.moml.MoMLSimpleApplication@2fcf03fd
----------------- Done invoking toplevel() on ptolemy.moml.MoMLSimpleApplication@2fcf03fd
reloadAllAccessors: .TrigFunctionInverse

===========================================================================================
----------------- testing Wed Jun 24 14:51:21 UTC 2020 /home/travis/build/icyphy/ptII/ptolemy/actor/lib/test/auto/TrigFunctionTan.xml
----------------- Instantiating /home/travis/build/icyphy/ptII/ptolemy/actor/lib/test/auto/TrigFunctionTan.xml
1 ms. Memory: 337920K Free: 165164K (49%)
----------------- Invoking toplevel() on ptolemy.moml.MoMLSimpleApplication@4c4aa02
----------------- Done invoking toplevel() on ptolemy.moml.MoMLSimpleApplication@4c4aa02
reloadAllAccessors: .TrigFunctionTan

===========================================================================================
----------------- testing Wed Jun 24 14:51:21 UTC 2020 /home/travis/build/icyphy/ptII/ptolemy/actor/lib/test/auto/TriggeredClock.xml
----------------- Instantiating /home/travis/build/icyphy/ptII/ptolemy/actor/lib/test/auto/TriggeredClock.xml
1 ms. Memory: 337920K Free: 160044K (47%)
----------------- Invoking toplevel() on ptolemy.moml.MoMLSimpleApplication@3b5f3346
----------------- Done invoking toplevel() on ptolemy.moml.MoMLSimpleApplication@3b5f3346
reloadAllAccessors: .TriggeredClock

===========================================================================================
----------------- testing Wed Jun 24 14:51:21 UTC 2020 /home/travis/build/icyphy/ptII/ptolemy/actor/lib/test/auto/URLDirectoryReader.xml
----------------- Instantiating /home/travis/build/icyphy/ptII/ptolemy/actor/lib/test/auto/URLDirectoryReader.xml
28 ms. Memory: 337920K Free: 150314K (44%)
----------------- Invoking toplevel() on ptolemy.moml.MoMLSimpleApplication@7ce3d772
----------------- Done invoking toplevel() on ptolemy.moml.MoMLSimpleApplication@7ce3d772
reloadAllAccessors: .URLDirectoryReader

===========================================================================================
----------------- testing Wed Jun 24 14:51:21 UTC 2020 /home/travis/build/icyphy/ptII/ptolemy/actor/lib/test/auto/URLDirectoryReader3.xml
----------------- Instantiating /home/travis/build/icyphy/ptII/ptolemy/actor/lib/test/auto/URLDirectoryReader3.xml
1337 ms. Memory: 337920K Free: 278370K (82%)
----------------- Invoking toplevel() on ptolemy.moml.MoMLSimpleApplication@c3a83c3
----------------- Done invoking toplevel() on ptolemy.moml.MoMLSimpleApplication@c3a83c3
reloadAllAccessors: .URLDirectoryReader3

===========================================================================================
----------------- testing Wed Jun 24 14:51:23 UTC 2020 /home/travis/build/icyphy/ptII/ptolemy/actor/lib/test/auto/UnaryMathFunction.xml
----------------- Instantiating /home/travis/build/icyphy/ptII/ptolemy/actor/lib/test/auto/UnaryMathFunction.xml
4 ms. Memory: 337920K Free: 270568K (80%)
----------------- Invoking toplevel() on ptolemy.moml.MoMLSimpleApplication@451e5df3
----------------- Done invoking toplevel() on ptolemy.moml.MoMLSimpleApplication@451e5df3
reloadAllAccessors: .UnaryMathFunction

===========================================================================================
----------------- testing Wed Jun 24 14:51:23 UTC 2020 /home/travis/build/icyphy/ptII/ptolemy/actor/lib/test/auto/Uniform.xml
----------------- Instantiating /home/travis/build/icyphy/ptII/ptolemy/actor/lib/test/auto/Uniform.xml
3 ms. Memory: 337920K Free: 265958K (79%)
----------------- Invoking toplevel() on ptolemy.moml.MoMLSimpleApplication@69cde0bc
----------------- Done invoking toplevel() on ptolemy.moml.MoMLSimpleApplication@69cde0bc
reloadAllAccessors: .Uniform

===========================================================================================
----------------- testing Wed Jun 24 14:51:23 UTC 2020 /home/travis/build/icyphy/ptII/ptolemy/actor/lib/test/auto/UnionDisassemblerTest.xml
----------------- Instantiating /home/travis/build/icyphy/ptII/ptolemy/actor/lib/test/auto/UnionDisassemblerTest.xml
14 ms. Memory: 337920K Free: 261862K (77%)
----------------- Invoking toplevel() on ptolemy.moml.MoMLSimpleApplication@719b4a83
----------------- Done invoking toplevel() on ptolemy.moml.MoMLSimpleApplication@719b4a83
reloadAllAccessors: .UnionDisassemblerTest

===========================================================================================
----------------- testing Wed Jun 24 14:51:23 UTC 2020 /home/travis/build/icyphy/ptII/ptolemy/actor/lib/test/auto/UtilityFunctions.xml
----------------- Instantiating /home/travis/build/icyphy/ptII/ptolemy/actor/lib/test/auto/UtilityFunctions.xml
1 ms. Memory: 337920K Free: 257766K (76%)
----------------- Invoking toplevel() on ptolemy.moml.MoMLSimpleApplication@53625e9
----------------- Done invoking toplevel() on ptolemy.moml.MoMLSimpleApplication@53625e9
reloadAllAccessors: .UtilityFunctions

===========================================================================================
----------------- testing Wed Jun 24 14:51:23 UTC 2020 /home/travis/build/icyphy/ptII/ptolemy/actor/lib/test/auto/VariableSleep.xml
----------------- Instantiating /home/travis/build/icyphy/ptII/ptolemy/actor/lib/test/auto/VariableSleep.xml
502 ms. Memory: 337920K Free: 252646K (75%)
----------------- Invoking toplevel() on ptolemy.moml.MoMLSimpleApplication@6bdb0fa4
----------------- Done invoking toplevel() on ptolemy.moml.MoMLSimpleApplication@6bdb0fa4
reloadAllAccessors: .VariableSleep

===========================================================================================
----------------- testing Wed Jun 24 14:51:23 UTC 2020 /home/travis/build/icyphy/ptII/ptolemy/actor/lib/test/auto/VectorAssemblerDisassemblerCT.xml
----------------- Instantiating /home/travis/build/icyphy/ptII/ptolemy/actor/lib/test/auto/VectorAssemblerDisassemblerCT.xml
64 ms. Memory: 337920K Free: 232680K (69%)
----------------- Invoking toplevel() on ptolemy.moml.MoMLSimpleApplication@2f1547b2
----------------- Done invoking toplevel() on ptolemy.moml.MoMLSimpleApplication@2f1547b2
reloadAllAccessors: .VectorAssemblerDisassemblerCT

===========================================================================================
----------------- testing Wed Jun 24 14:51:23 UTC 2020 /home/travis/build/icyphy/ptII/ptolemy/actor/lib/test/auto/VectorAssemblerDisassemblerDE.xml
----------------- Instantiating /home/travis/build/icyphy/ptII/ptolemy/actor/lib/test/auto/VectorAssemblerDisassemblerDE.xml
3 ms. Memory: 337920K Free: 224998K (67%)
----------------- Invoking toplevel() on ptolemy.moml.MoMLSimpleApplication@33f32d54
----------------- Done invoking toplevel() on ptolemy.moml.MoMLSimpleApplication@33f32d54
reloadAllAccessors: .VectorAssemblerDisassemblerDE

===========================================================================================
----------------- testing Wed Jun 24 14:51:23 UTC 2020 /home/travis/build/icyphy/ptII/ptolemy/actor/lib/test/auto/VectorAssemblerDisassemblerSDF.xml
----------------- Instantiating /home/travis/build/icyphy/ptII/ptolemy/actor/lib/test/auto/VectorAssemblerDisassemblerSDF.xml
2 ms. Memory: 337920K Free: 218854K (65%)
----------------- Invoking toplevel() on ptolemy.moml.MoMLSimpleApplication@6b503f8e
----------------- Done invoking toplevel() on ptolemy.moml.MoMLSimpleApplication@6b503f8e
reloadAllAccessors: .VectorAssemblerDisassemblerSDF

===========================================================================================
----------------- testing Wed Jun 24 14:51:23 UTC 2020 /home/travis/build/icyphy/ptII/ptolemy/actor/lib/test/auto/WallClockTime.xml
----------------- Instantiating /home/travis/build/icyphy/ptII/ptolemy/actor/lib/test/auto/WallClockTime.xml
1004 ms. Memory: 337920K Free: 213734K (63%)
----------------- Invoking toplevel() on ptolemy.moml.MoMLSimpleApplication@7a7da056
----------------- Done invoking toplevel() on ptolemy.moml.MoMLSimpleApplication@7a7da056
reloadAllAccessors: .WallClockTime

===========================================================================================
----------------- testing Wed Jun 24 14:51:24 UTC 2020 /home/travis/build/icyphy/ptII/ptolemy/actor/lib/test/auto/WidthTestWithSubscriberPublisher.xml
----------------- Instantiating /home/travis/build/icyphy/ptII/ptolemy/actor/lib/test/auto/WidthTestWithSubscriberPublisher.xml
6 ms. Memory: 337920K Free: 195816K (58%)
----------------- Invoking toplevel() on ptolemy.moml.MoMLSimpleApplication@f958f4d
----------------- Done invoking toplevel() on ptolemy.moml.MoMLSimpleApplication@f958f4d
reloadAllAccessors: .WidthTestWithSubscriberPublisher

===========================================================================================
----------------- testing Wed Jun 24 14:51:24 UTC 2020 /home/travis/build/icyphy/ptII/ptolemy/actor/lib/test/auto/WidthTestWithSubscriberPublisher2.xml
----------------- Instantiating /home/travis/build/icyphy/ptII/ptolemy/actor/lib/test/auto/WidthTestWithSubscriberPublisher2.xml
2 ms. Memory: 337920K Free: 189158K (56%)
----------------- Invoking toplevel() on ptolemy.moml.MoMLSimpleApplication@362fb827
----------------- Done invoking toplevel() on ptolemy.moml.MoMLSimpleApplication@362fb827
reloadAllAccessors: .WidthTestWithSubscriberPublisher2

===========================================================================================
----------------- testing Wed Jun 24 14:51:24 UTC 2020 /home/travis/build/icyphy/ptII/ptolemy/actor/lib/test/auto/WidthTestWithSubscriberPublisher3.xml
----------------- Instantiating /home/travis/build/icyphy/ptII/ptolemy/actor/lib/test/auto/WidthTestWithSubscriberPublisher3.xml
1 ms. Memory: 337920K Free: 183528K (54%)
----------------- Invoking toplevel() on ptolemy.moml.MoMLSimpleApplication@62512743
----------------- Done invoking toplevel() on ptolemy.moml.MoMLSimpleApplication@62512743
reloadAllAccessors: .WidthTestWithSubscriberPublisher3

===========================================================================================
----------------- testing Wed Jun 24 14:51:24 UTC 2020 /home/travis/build/icyphy/ptII/ptolemy/actor/lib/test/auto/Writer.xml
----------------- Instantiating /home/travis/build/icyphy/ptII/ptolemy/actor/lib/test/auto/Writer.xml
0
1
2
3
4
1 ms. Memory: 337920K Free: 179432K (53%)
----------------- Invoking toplevel() on ptolemy.moml.MoMLSimpleApplication@11138543
----------------- Done invoking toplevel() on ptolemy.moml.MoMLSimpleApplication@11138543
reloadAllAccessors: .Writer

===========================================================================================
----------------- testing Wed Jun 24 14:51:24 UTC 2020 /home/travis/build/icyphy/ptII/ptolemy/actor/lib/test/auto/array.xml
----------------- Instantiating /home/travis/build/icyphy/ptII/ptolemy/actor/lib/test/auto/array.xml
2 ms. Memory: 337920K Free: 174312K (52%)
----------------- Invoking toplevel() on ptolemy.moml.MoMLSimpleApplication@29a5e78b
----------------- Done invoking toplevel() on ptolemy.moml.MoMLSimpleApplication@29a5e78b
reloadAllAccessors: .array

===========================================================================================
----------------- testing Wed Jun 24 14:51:24 UTC 2020 /home/travis/build/icyphy/ptII/ptolemy/actor/lib/test/auto/array2.xml
----------------- Instantiating /home/travis/build/icyphy/ptII/ptolemy/actor/lib/test/auto/array2.xml
4 ms. Memory: 337920K Free: 169192K (50%)
----------------- Invoking toplevel() on ptolemy.moml.MoMLSimpleApplication@2fc006b8
----------------- Done invoking toplevel() on ptolemy.moml.MoMLSimpleApplication@2fc006b8
reloadAllAccessors: .array2

===========================================================================================
----------------- testing Wed Jun 24 14:51:24 UTC 2020 /home/travis/build/icyphy/ptII/ptolemy/actor/lib/test/auto/arrayType.xml
----------------- Instantiating /home/travis/build/icyphy/ptII/ptolemy/actor/lib/test/auto/arrayType.xml
2 ms. Memory: 337920K Free: 164072K (49%)
----------------- Invoking toplevel() on ptolemy.moml.MoMLSimpleApplication@27fe580a
----------------- Done invoking toplevel() on ptolemy.moml.MoMLSimpleApplication@27fe580a
reloadAllAccessors: .arrayType

===========================================================================================
----------------- testing Wed Jun 24 14:51:24 UTC 2020 /home/travis/build/icyphy/ptII/ptolemy/actor/lib/test/auto/arrayType10.xml
----------------- Instantiating /home/travis/build/icyphy/ptII/ptolemy/actor/lib/test/auto/arrayType10.xml
1 ms. Memory: 337920K Free: 158952K (47%)
----------------- Invoking toplevel() on ptolemy.moml.MoMLSimpleApplication@30354b07
----------------- Done invoking toplevel() on ptolemy.moml.MoMLSimpleApplication@30354b07
reloadAllAccessors: .arrayType10

===========================================================================================
----------------- testing Wed Jun 24 14:51:24 UTC 2020 /home/travis/build/icyphy/ptII/ptolemy/actor/lib/test/auto/arrayType11.xml
----------------- Instantiating /home/travis/build/icyphy/ptII/ptolemy/actor/lib/test/auto/arrayType11.xml
1 ms. Memory: 337920K Free: 154342K (46%)
----------------- Invoking toplevel() on ptolemy.moml.MoMLSimpleApplication@300bf166
----------------- Done invoking toplevel() on ptolemy.moml.MoMLSimpleApplication@300bf166
reloadAllAccessors: .arrayType11

===========================================================================================
----------------- testing Wed Jun 24 14:51:24 UTC 2020 /home/travis/build/icyphy/ptII/ptolemy/actor/lib/test/auto/arrayType12.xml
----------------- Instantiating /home/travis/build/icyphy/ptII/ptolemy/actor/lib/test/auto/arrayType12.xml
1 ms. Memory: 337920K Free: 149736K (44%)
----------------- Invoking toplevel() on ptolemy.moml.MoMLSimpleApplication@aa44447
----------------- Done invoking toplevel() on ptolemy.moml.MoMLSimpleApplication@aa44447
reloadAllAccessors: .arrayType12

===========================================================================================
----------------- testing Wed Jun 24 14:51:24 UTC 2020 /home/travis/build/icyphy/ptII/ptolemy/actor/lib/test/auto/arrayType13.xml
----------------- Instantiating /home/travis/build/icyphy/ptII/ptolemy/actor/lib/test/auto/arrayType13.xml
1 ms. Memory: 337920K Free: 144616K (43%)
----------------- Invoking toplevel() on ptolemy.moml.MoMLSimpleApplication@10470c04
----------------- Done invoking toplevel() on ptolemy.moml.MoMLSimpleApplication@10470c04
reloadAllAccessors: .arrayType13

===========================================================================================
----------------- testing Wed Jun 24 14:51:24 UTC 2020 /home/travis/build/icyphy/ptII/ptolemy/actor/lib/test/auto/arrayType14.xml
----------------- Instantiating /home/travis/build/icyphy/ptII/ptolemy/actor/lib/test/auto/arrayType14.xml
2 ms. Memory: 337920K Free: 138982K (41%)
----------------- Invoking toplevel() on ptolemy.moml.MoMLSimpleApplication@2dd4ba3f
----------------- Done invoking toplevel() on ptolemy.moml.MoMLSimpleApplication@2dd4ba3f
reloadAllAccessors: .arrayType14

===========================================================================================
----------------- testing Wed Jun 24 14:51:24 UTC 2020 /home/travis/build/icyphy/ptII/ptolemy/actor/lib/test/auto/arrayType15.xml
----------------- Instantiating /home/travis/build/icyphy/ptII/ptolemy/actor/lib/test/auto/arrayType15.xml
2 ms. Memory: 337920K Free: 133862K (40%)
----------------- Invoking toplevel() on ptolemy.moml.MoMLSimpleApplication@2dcd59f1
----------------- Done invoking toplevel() on ptolemy.moml.MoMLSimpleApplication@2dcd59f1
reloadAllAccessors: .arrayType15

===========================================================================================
----------------- testing Wed Jun 24 14:51:24 UTC 2020 /home/travis/build/icyphy/ptII/ptolemy/actor/lib/test/auto/arrayType16.xml
----------------- Instantiating /home/travis/build/icyphy/ptII/ptolemy/actor/lib/test/auto/arrayType16.xml
2 ms. Memory: 337920K Free: 128742K (38%)
----------------- Invoking toplevel() on ptolemy.moml.MoMLSimpleApplication@192fb0dc
----------------- Done invoking toplevel() on ptolemy.moml.MoMLSimpleApplication@192fb0dc
reloadAllAccessors: .arrayType16

===========================================================================================
----------------- testing Wed Jun 24 14:51:24 UTC 2020 /home/travis/build/icyphy/ptII/ptolemy/actor/lib/test/auto/arrayType17.xml
----------------- Instantiating /home/travis/build/icyphy/ptII/ptolemy/actor/lib/test/auto/arrayType17.xml
1 ms. Memory: 337920K Free: 123112K (36%)
----------------- Invoking toplevel() on ptolemy.moml.MoMLSimpleApplication@2a6f43e0
----------------- Done invoking toplevel() on ptolemy.moml.MoMLSimpleApplication@2a6f43e0
reloadAllAccessors: .arrayType17

===========================================================================================
----------------- testing Wed Jun 24 14:51:24 UTC 2020 /home/travis/build/icyphy/ptII/ptolemy/actor/lib/test/auto/arrayType18.xml
----------------- Instantiating /home/travis/build/icyphy/ptII/ptolemy/actor/lib/test/auto/arrayType18.xml
1 ms. Memory: 337920K Free: 118502K (35%)
----------------- Invoking toplevel() on ptolemy.moml.MoMLSimpleApplication@6b9056f2
----------------- Done invoking toplevel() on ptolemy.moml.MoMLSimpleApplication@6b9056f2
reloadAllAccessors: .arrayType18

===========================================================================================
----------------- testing Wed Jun 24 14:51:24 UTC 2020 /home/travis/build/icyphy/ptII/ptolemy/actor/lib/test/auto/arrayType19.xml
----------------- Instantiating /home/travis/build/icyphy/ptII/ptolemy/actor/lib/test/auto/arrayType19.xml
1 ms. Memory: 337920K Free: 113896K (34%)
----------------- Invoking toplevel() on ptolemy.moml.MoMLSimpleApplication@71b74e1a
----------------- Done invoking toplevel() on ptolemy.moml.MoMLSimpleApplication@71b74e1a
reloadAllAccessors: .arrayType19

===========================================================================================
----------------- testing Wed Jun 24 14:51:24 UTC 2020 /home/travis/build/icyphy/ptII/ptolemy/actor/lib/test/auto/arrayType2.xml
----------------- Instantiating /home/travis/build/icyphy/ptII/ptolemy/actor/lib/test/auto/arrayType2.xml
1 ms. Memory: 337920K Free: 108248K (32%)
----------------- Invoking toplevel() on ptolemy.moml.MoMLSimpleApplication@103eb53
----------------- Done invoking toplevel() on ptolemy.moml.MoMLSimpleApplication@103eb53
reloadAllAccessors: .arrayType2

===========================================================================================
----------------- testing Wed Jun 24 14:51:24 UTC 2020 /home/travis/build/icyphy/ptII/ptolemy/actor/lib/test/auto/arrayType20.xml
----------------- Instantiating /home/travis/build/icyphy/ptII/ptolemy/actor/lib/test/auto/arrayType20.xml
3 ms. Memory: 337920K Free: 103656K (31%)
----------------- Invoking toplevel() on ptolemy.moml.MoMLSimpleApplication@1f65baf4
----------------- Done invoking toplevel() on ptolemy.moml.MoMLSimpleApplication@1f65baf4
reloadAllAccessors: .arrayType20

===========================================================================================
----------------- testing Wed Jun 24 14:51:25 UTC 2020 /home/travis/build/icyphy/ptII/ptolemy/actor/lib/test/auto/arrayType21.xml
----------------- Instantiating /home/travis/build/icyphy/ptII/ptolemy/actor/lib/test/auto/arrayType21.xml
1 ms. Memory: 337920K Free: 99046K (29%)
----------------- Invoking toplevel() on ptolemy.moml.MoMLSimpleApplication@1ab56045
----------------- Done invoking toplevel() on ptolemy.moml.MoMLSimpleApplication@1ab56045
reloadAllAccessors: .arrayType21

===========================================================================================
----------------- testing Wed Jun 24 14:51:25 UTC 2020 /home/travis/build/icyphy/ptII/ptolemy/actor/lib/test/auto/arrayType22.xml
----------------- Instantiating /home/travis/build/icyphy/ptII/ptolemy/actor/lib/test/auto/arrayType22.xml
1 ms. Memory: 337920K Free: 93926K (28%)
----------------- Invoking toplevel() on ptolemy.moml.MoMLSimpleApplication@1e435362
----------------- Done invoking toplevel() on ptolemy.moml.MoMLSimpleApplication@1e435362
reloadAllAccessors: .arrayType22

===========================================================================================
----------------- testing Wed Jun 24 14:51:25 UTC 2020 /home/travis/build/icyphy/ptII/ptolemy/actor/lib/test/auto/arrayType23.xml
----------------- Instantiating /home/travis/build/icyphy/ptII/ptolemy/actor/lib/test/auto/arrayType23.xml
1 ms. Memory: 337920K Free: 89320K (26%)
----------------- Invoking toplevel() on ptolemy.moml.MoMLSimpleApplication@7aadcdcc
----------------- Done invoking toplevel() on ptolemy.moml.MoMLSimpleApplication@7aadcdcc
reloadAllAccessors: .arrayType23

===========================================================================================
----------------- testing Wed Jun 24 14:51:25 UTC 2020 /home/travis/build/icyphy/ptII/ptolemy/actor/lib/test/auto/arrayType24.xml
----------------- Instantiating /home/travis/build/icyphy/ptII/ptolemy/actor/lib/test/auto/arrayType24.xml
1 ms. Memory: 337920K Free: 281360K (83%)
----------------- Invoking toplevel() on ptolemy.moml.MoMLSimpleApplication@16be08ab
----------------- Done invoking toplevel() on ptolemy.moml.MoMLSimpleApplication@16be08ab
reloadAllAccessors: .arrayType24

===========================================================================================
----------------- testing Wed Jun 24 14:51:25 UTC 2020 /home/travis/build/icyphy/ptII/ptolemy/actor/lib/test/auto/arrayType25.xml
----------------- Instantiating /home/travis/build/icyphy/ptII/ptolemy/actor/lib/test/auto/arrayType25.xml
2 ms. Memory: 337920K Free: 275730K (82%)
----------------- Invoking toplevel() on ptolemy.moml.MoMLSimpleApplication@7a4a1b20
----------------- Done invoking toplevel() on ptolemy.moml.MoMLSimpleApplication@7a4a1b20
reloadAllAccessors: .arrayType25

===========================================================================================
----------------- testing Wed Jun 24 14:51:25 UTC 2020 /home/travis/build/icyphy/ptII/ptolemy/actor/lib/test/auto/arrayType26.xml
----------------- Instantiating /home/travis/build/icyphy/ptII/ptolemy/actor/lib/test/auto/arrayType26.xml
1 ms. Memory: 337920K Free: 270610K (80%)
----------------- Invoking toplevel() on ptolemy.moml.MoMLSimpleApplication@1a39d1db
----------------- Done invoking toplevel() on ptolemy.moml.MoMLSimpleApplication@1a39d1db
reloadAllAccessors: .arrayType26

===========================================================================================
----------------- testing Wed Jun 24 14:51:25 UTC 2020 /home/travis/build/icyphy/ptII/ptolemy/actor/lib/test/auto/arrayType27.xml
----------------- Instantiating /home/travis/build/icyphy/ptII/ptolemy/actor/lib/test/auto/arrayType27.xml
1 ms. Memory: 337920K Free: 264976K (78%)
----------------- Invoking toplevel() on ptolemy.moml.MoMLSimpleApplication@6ce06cc
----------------- Done invoking toplevel() on ptolemy.moml.MoMLSimpleApplication@6ce06cc
reloadAllAccessors: .arrayType27

===========================================================================================
----------------- testing Wed Jun 24 14:51:25 UTC 2020 /home/travis/build/icyphy/ptII/ptolemy/actor/lib/test/auto/arrayType28.xml
----------------- Instantiating /home/travis/build/icyphy/ptII/ptolemy/actor/lib/test/auto/arrayType28.xml
1 ms. Memory: 337920K Free: 259856K (77%)
----------------- Invoking toplevel() on ptolemy.moml.MoMLSimpleApplication@80ee177
----------------- Done invoking toplevel() on ptolemy.moml.MoMLSimpleApplication@80ee177
reloadAllAccessors: .arrayType28

===========================================================================================
----------------- testing Wed Jun 24 14:51:25 UTC 2020 /home/travis/build/icyphy/ptII/ptolemy/actor/lib/test/auto/arrayType3.xml
----------------- Instantiating /home/travis/build/icyphy/ptII/ptolemy/actor/lib/test/auto/arrayType3.xml
1 ms. Memory: 337920K Free: 254736K (75%)
----------------- Invoking toplevel() on ptolemy.moml.MoMLSimpleApplication@205df2cb
----------------- Done invoking toplevel() on ptolemy.moml.MoMLSimpleApplication@205df2cb
reloadAllAccessors: .arrayType3

===========================================================================================
----------------- testing Wed Jun 24 14:51:25 UTC 2020 /home/travis/build/icyphy/ptII/ptolemy/actor/lib/test/auto/arrayType4.xml
----------------- Instantiating /home/travis/build/icyphy/ptII/ptolemy/actor/lib/test/auto/arrayType4.xml
1 ms. Memory: 337920K Free: 249106K (74%)
----------------- Invoking toplevel() on ptolemy.moml.MoMLSimpleApplication@64a96d7b
----------------- Done invoking toplevel() on ptolemy.moml.MoMLSimpleApplication@64a96d7b
reloadAllAccessors: .arrayType4

===========================================================================================
----------------- testing Wed Jun 24 14:51:25 UTC 2020 /home/travis/build/icyphy/ptII/ptolemy/actor/lib/test/auto/arrayType5.xml
----------------- Instantiating /home/travis/build/icyphy/ptII/ptolemy/actor/lib/test/auto/arrayType5.xml
5 ms. Memory: 337920K Free: 243986K (72%)
----------------- Invoking toplevel() on ptolemy.moml.MoMLSimpleApplication@3085a803
----------------- Done invoking toplevel() on ptolemy.moml.MoMLSimpleApplication@3085a803
reloadAllAccessors: .arrayType5

===========================================================================================
----------------- testing Wed Jun 24 14:51:25 UTC 2020 /home/travis/build/icyphy/ptII/ptolemy/actor/lib/test/auto/arrayType6.xml
----------------- Instantiating /home/travis/build/icyphy/ptII/ptolemy/actor/lib/test/auto/arrayType6.xml
1 ms. Memory: 337920K Free: 239376K (71%)
----------------- Invoking toplevel() on ptolemy.moml.MoMLSimpleApplication@6dbfb74d
----------------- Done invoking toplevel() on ptolemy.moml.MoMLSimpleApplication@6dbfb74d
reloadAllAccessors: .arrayType6

===========================================================================================
----------------- testing Wed Jun 24 14:51:25 UTC 2020 /home/travis/build/icyphy/ptII/ptolemy/actor/lib/test/auto/arrayType7.xml
----------------- Instantiating /home/travis/build/icyphy/ptII/ptolemy/actor/lib/test/auto/arrayType7.xml
1 ms. Memory: 337920K Free: 234256K (69%)
----------------- Invoking toplevel() on ptolemy.moml.MoMLSimpleApplication@1cebcd1a
----------------- Done invoking toplevel() on ptolemy.moml.MoMLSimpleApplication@1cebcd1a
reloadAllAccessors: .arrayType7

===========================================================================================
----------------- testing Wed Jun 24 14:51:25 UTC 2020 /home/travis/build/icyphy/ptII/ptolemy/actor/lib/test/auto/arrayType8.xml
----------------- Instantiating /home/travis/build/icyphy/ptII/ptolemy/actor/lib/test/auto/arrayType8.xml
1 ms. Memory: 337920K Free: 229650K (68%)
----------------- Invoking toplevel() on ptolemy.moml.MoMLSimpleApplication@54cbcc23
----------------- Done invoking toplevel() on ptolemy.moml.MoMLSimpleApplication@54cbcc23
reloadAllAccessors: .arrayType8

===========================================================================================
----------------- testing Wed Jun 24 14:51:25 UTC 2020 /home/travis/build/icyphy/ptII/ptolemy/actor/lib/test/auto/arrayType9.xml
----------------- Instantiating /home/travis/build/icyphy/ptII/ptolemy/actor/lib/test/auto/arrayType9.xml
1 ms. Memory: 337920K Free: 225040K (67%)
----------------- Invoking toplevel() on ptolemy.moml.MoMLSimpleApplication@eb88d71
----------------- Done invoking toplevel() on ptolemy.moml.MoMLSimpleApplication@eb88d71
reloadAllAccessors: .arrayType9

===========================================================================================
----------------- testing Wed Jun 24 14:51:25 UTC 2020 /home/travis/build/icyphy/ptII/ptolemy/actor/lib/test/auto/cast.xml
----------------- Instantiating /home/travis/build/icyphy/ptII/ptolemy/actor/lib/test/auto/cast.xml
2 ms. Memory: 337920K Free: 219920K (65%)
----------------- Invoking toplevel() on ptolemy.moml.MoMLSimpleApplication@76dcd3a1
----------------- Done invoking toplevel() on ptolemy.moml.MoMLSimpleApplication@76dcd3a1
reloadAllAccessors: .cast

===========================================================================================
----------------- testing Wed Jun 24 14:51:25 UTC 2020 /home/travis/build/icyphy/ptII/ptolemy/actor/lib/test/auto/compositeMultiPort.xml
----------------- Instantiating /home/travis/build/icyphy/ptII/ptolemy/actor/lib/test/auto/compositeMultiPort.xml
2 ms. Memory: 337920K Free: 211218K (63%)
----------------- Invoking toplevel() on ptolemy.moml.MoMLSimpleApplication@76a8fe86
----------------- Done invoking toplevel() on ptolemy.moml.MoMLSimpleApplication@76a8fe86
reloadAllAccessors: .compositeMultiPort

===========================================================================================
----------------- testing Wed Jun 24 14:51:25 UTC 2020 /home/travis/build/icyphy/ptII/ptolemy/actor/lib/test/auto/expressionCastInference.xml
----------------- Instantiating /home/travis/build/icyphy/ptII/ptolemy/actor/lib/test/auto/expressionCastInference.xml
10 ms. Memory: 337920K Free: 206098K (61%)
----------------- Invoking toplevel() on ptolemy.moml.MoMLSimpleApplication@206927af
----------------- Done invoking toplevel() on ptolemy.moml.MoMLSimpleApplication@206927af
reloadAllAccessors: .expressionCastInference

===========================================================================================
----------------- testing Wed Jun 24 14:51:25 UTC 2020 /home/travis/build/icyphy/ptII/ptolemy/actor/lib/test/auto/expressionCastInference2.xml
----------------- Instantiating /home/travis/build/icyphy/ptII/ptolemy/actor/lib/test/auto/expressionCastInference2.xml
2 ms. Memory: 337920K Free: 201488K (60%)
----------------- Invoking toplevel() on ptolemy.moml.MoMLSimpleApplication@55dc7a85
----------------- Done invoking toplevel() on ptolemy.moml.MoMLSimpleApplication@55dc7a85
reloadAllAccessors: .expressionCastInference2

===========================================================================================
----------------- testing Wed Jun 24 14:51:25 UTC 2020 /home/travis/build/icyphy/ptII/ptolemy/actor/lib/test/auto/expressionInference.xml
----------------- Instantiating /home/travis/build/icyphy/ptII/ptolemy/actor/lib/test/auto/expressionInference.xml
1 ms. Memory: 337920K Free: 197392K (58%)
----------------- Invoking toplevel() on ptolemy.moml.MoMLSimpleApplication@4dfdb32e
----------------- Done invoking toplevel() on ptolemy.moml.MoMLSimpleApplication@4dfdb32e
reloadAllAccessors: .expressionInference

===========================================================================================
----------------- testing Wed Jun 24 14:51:25 UTC 2020 /home/travis/build/icyphy/ptII/ptolemy/actor/lib/test/auto/expression_bug.xml
----------------- Instantiating /home/travis/build/icyphy/ptII/ptolemy/actor/lib/test/auto/expression_bug.xml
1 ms. Memory: 337920K Free: 192786K (57%)
----------------- Invoking toplevel() on ptolemy.moml.MoMLSimpleApplication@736bf745
----------------- Done invoking toplevel() on ptolemy.moml.MoMLSimpleApplication@736bf745
reloadAllAccessors: .expression_bug

===========================================================================================
----------------- testing Wed Jun 24 14:51:25 UTC 2020 /home/travis/build/icyphy/ptII/ptolemy/actor/lib/test/auto/factorial.xml
----------------- Instantiating /home/travis/build/icyphy/ptII/ptolemy/actor/lib/test/auto/factorial.xml
32 ms. Memory: 337920K Free: 184080K (54%)
----------------- Invoking toplevel() on ptolemy.moml.MoMLSimpleApplication@68daa2c5
----------------- Done invoking toplevel() on ptolemy.moml.MoMLSimpleApplication@68daa2c5
reloadAllAccessors: .factorial

===========================================================================================
----------------- testing Wed Jun 24 14:51:25 UTC 2020 /home/travis/build/icyphy/ptII/ptolemy/actor/lib/test/auto/filterTest1.xml
----------------- Instantiating /home/travis/build/icyphy/ptII/ptolemy/actor/lib/test/auto/filterTest1.xml
3 ms. Memory: 337920K Free: 177922K (53%)
----------------- Invoking toplevel() on ptolemy.moml.MoMLSimpleApplication@50f2b945
----------------- Done invoking toplevel() on ptolemy.moml.MoMLSimpleApplication@50f2b945
reloadAllAccessors: .filterTest1

===========================================================================================
----------------- testing Wed Jun 24 14:51:25 UTC 2020 /home/travis/build/icyphy/ptII/ptolemy/actor/lib/test/auto/funcApplyInConst.xml
----------------- Instantiating /home/travis/build/icyphy/ptII/ptolemy/actor/lib/test/auto/funcApplyInConst.xml
1 ms. Memory: 337920K Free: 174354K (52%)
----------------- Invoking toplevel() on ptolemy.moml.MoMLSimpleApplication@1da7be84
----------------- Done invoking toplevel() on ptolemy.moml.MoMLSimpleApplication@1da7be84
reloadAllAccessors: .funcApplyInConst

===========================================================================================
----------------- testing Wed Jun 24 14:51:25 UTC 2020 /home/travis/build/icyphy/ptII/ptolemy/actor/lib/test/auto/funcApplyInExpr.xml
----------------- Instantiating /home/travis/build/icyphy/ptII/ptolemy/actor/lib/test/auto/funcApplyInExpr.xml
2 ms. Memory: 337920K Free: 170768K (51%)
----------------- Invoking toplevel() on ptolemy.moml.MoMLSimpleApplication@2ee5cd0b
----------------- Done invoking toplevel() on ptolemy.moml.MoMLSimpleApplication@2ee5cd0b
reloadAllAccessors: .funcApplyInExpr

===========================================================================================
----------------- testing Wed Jun 24 14:51:25 UTC 2020 /home/travis/build/icyphy/ptII/ptolemy/actor/lib/test/auto/function.xml
----------------- Instantiating /home/travis/build/icyphy/ptII/ptolemy/actor/lib/test/auto/function.xml
1 ms. Memory: 337920K Free: 165648K (49%)
----------------- Invoking toplevel() on ptolemy.moml.MoMLSimpleApplication@7a78a2e2
----------------- Done invoking toplevel() on ptolemy.moml.MoMLSimpleApplication@7a78a2e2
reloadAllAccessors: .function

===========================================================================================
----------------- testing Wed Jun 24 14:51:25 UTC 2020 /home/travis/build/icyphy/ptII/ptolemy/actor/lib/test/auto/function2.xml
----------------- Instantiating /home/travis/build/icyphy/ptII/ptolemy/actor/lib/test/auto/function2.xml
3 ms. Memory: 337920K Free: 161042K (48%)
----------------- Invoking toplevel() on ptolemy.moml.MoMLSimpleApplication@1869f901
----------------- Done invoking toplevel() on ptolemy.moml.MoMLSimpleApplication@1869f901
reloadAllAccessors: .function2

===========================================================================================
----------------- testing Wed Jun 24 14:51:25 UTC 2020 /home/travis/build/icyphy/ptII/ptolemy/actor/lib/test/auto/function3.xml
----------------- Instantiating /home/travis/build/icyphy/ptII/ptolemy/actor/lib/test/auto/function3.xml
1 ms. Memory: 337920K Free: 156946K (46%)
----------------- Invoking toplevel() on ptolemy.moml.MoMLSimpleApplication@2ad847e5
----------------- Done invoking toplevel() on ptolemy.moml.MoMLSimpleApplication@2ad847e5
reloadAllAccessors: .function3

===========================================================================================
----------------- testing Wed Jun 24 14:51:25 UTC 2020 /home/travis/build/icyphy/ptII/ptolemy/actor/lib/test/auto/functionClosureTest1.xml
----------------- Instantiating /home/travis/build/icyphy/ptII/ptolemy/actor/lib/test/auto/functionClosureTest1.xml
2 ms. Memory: 337920K Free: 151306K (45%)
----------------- Invoking toplevel() on ptolemy.moml.MoMLSimpleApplication@2d545522
----------------- Done invoking toplevel() on ptolemy.moml.MoMLSimpleApplication@2d545522
reloadAllAccessors: .functionClosureTest1

===========================================================================================
----------------- testing Wed Jun 24 14:51:25 UTC 2020 /home/travis/build/icyphy/ptII/ptolemy/actor/lib/test/auto/functionClosureTest2.xml
----------------- Instantiating /home/travis/build/icyphy/ptII/ptolemy/actor/lib/test/auto/functionClosureTest2.xml
1 ms. Memory: 337920K Free: 147730K (44%)
----------------- Invoking toplevel() on ptolemy.moml.MoMLSimpleApplication@2851dc1f
----------------- Done invoking toplevel() on ptolemy.moml.MoMLSimpleApplication@2851dc1f
reloadAllAccessors: .functionClosureTest2

===========================================================================================
----------------- testing Wed Jun 24 14:51:25 UTC 2020 /home/travis/build/icyphy/ptII/ptolemy/actor/lib/test/auto/functionClosureTest3.xml
----------------- Instantiating /home/travis/build/icyphy/ptII/ptolemy/actor/lib/test/auto/functionClosureTest3.xml
2 ms. Memory: 337920K Free: 142096K (42%)
----------------- Invoking toplevel() on ptolemy.moml.MoMLSimpleApplication@4f37feb8
----------------- Done invoking toplevel() on ptolemy.moml.MoMLSimpleApplication@4f37feb8
reloadAllAccessors: .functionClosureTest3

===========================================================================================
----------------- testing Wed Jun 24 14:51:25 UTC 2020 /home/travis/build/icyphy/ptII/ptolemy/actor/lib/test/auto/functionClosureTest4.xml
----------------- Instantiating /home/travis/build/icyphy/ptII/ptolemy/actor/lib/test/auto/functionClosureTest4.xml
6 ms. Memory: 337920K Free: 135952K (40%)
----------------- Invoking toplevel() on ptolemy.moml.MoMLSimpleApplication@3fc2dc95
----------------- Done invoking toplevel() on ptolemy.moml.MoMLSimpleApplication@3fc2dc95
reloadAllAccessors: .functionClosureTest4

===========================================================================================
----------------- testing Wed Jun 24 14:51:25 UTC 2020 /home/travis/build/icyphy/ptII/ptolemy/actor/lib/test/auto/functionClosureTest5.xml
----------------- Instantiating /home/travis/build/icyphy/ptII/ptolemy/actor/lib/test/auto/functionClosureTest5.xml
4 ms. Memory: 337920K Free: 130322K (39%)
----------------- Invoking toplevel() on ptolemy.moml.MoMLSimpleApplication@3cdc82b9
----------------- Done invoking toplevel() on ptolemy.moml.MoMLSimpleApplication@3cdc82b9
reloadAllAccessors: .functionClosureTest5

===========================================================================================
----------------- testing Wed Jun 24 14:51:25 UTC 2020 /home/travis/build/icyphy/ptII/ptolemy/actor/lib/test/auto/functionClosureTest6.xml
----------------- Instantiating /home/travis/build/icyphy/ptII/ptolemy/actor/lib/test/auto/functionClosureTest6.xml
2 ms. Memory: 337920K Free: 125706K (37%)
----------------- Invoking toplevel() on ptolemy.moml.MoMLSimpleApplication@5b2cfc34
----------------- Done invoking toplevel() on ptolemy.moml.MoMLSimpleApplication@5b2cfc34
reloadAllAccessors: .functionClosureTest6

===========================================================================================
----------------- testing Wed Jun 24 14:51:25 UTC 2020 /home/travis/build/icyphy/ptII/ptolemy/actor/lib/test/auto/functionsOnArcs.xml
----------------- Instantiating /home/travis/build/icyphy/ptII/ptolemy/actor/lib/test/auto/functionsOnArcs.xml
2 ms. Memory: 337920K Free: 120082K (36%)
----------------- Invoking toplevel() on ptolemy.moml.MoMLSimpleApplication@7227380
----------------- Done invoking toplevel() on ptolemy.moml.MoMLSimpleApplication@7227380
reloadAllAccessors: .functionsOnArcs

===========================================================================================
----------------- testing Wed Jun 24 14:51:25 UTC 2020 /home/travis/build/icyphy/ptII/ptolemy/actor/lib/test/auto/functionsOnArcsHOF.xml
----------------- Instantiating /home/travis/build/icyphy/ptII/ptolemy/actor/lib/test/auto/functionsOnArcsHOF.xml
3 ms. Memory: 337920K Free: 114448K (34%)
----------------- Invoking toplevel() on ptolemy.moml.MoMLSimpleApplication@6de33c4b
----------------- Done invoking toplevel() on ptolemy.moml.MoMLSimpleApplication@6de33c4b
reloadAllAccessors: .functionsOnArcsHOF

===========================================================================================
----------------- testing Wed Jun 24 14:51:25 UTC 2020 /home/travis/build/icyphy/ptII/ptolemy/actor/lib/test/auto/logic.xml
----------------- Instantiating /home/travis/build/icyphy/ptII/ptolemy/actor/lib/test/auto/logic.xml
1 ms. Memory: 337920K Free: 107280K (32%)
----------------- Invoking toplevel() on ptolemy.moml.MoMLSimpleApplication@768ee274
----------------- Done invoking toplevel() on ptolemy.moml.MoMLSimpleApplication@768ee274
reloadAllAccessors: .logic

===========================================================================================
----------------- testing Wed Jun 24 14:51:25 UTC 2020 /home/travis/build/icyphy/ptII/ptolemy/actor/lib/test/auto/matrixType.xml
----------------- Instantiating /home/travis/build/icyphy/ptII/ptolemy/actor/lib/test/auto/matrixType.xml
1 ms. Memory: 337920K Free: 102160K (30%)
----------------- Invoking toplevel() on ptolemy.moml.MoMLSimpleApplication@54ea0357
----------------- Done invoking toplevel() on ptolemy.moml.MoMLSimpleApplication@54ea0357
reloadAllAccessors: .matrixType

===========================================================================================
----------------- testing Wed Jun 24 14:51:25 UTC 2020 /home/travis/build/icyphy/ptII/ptolemy/actor/lib/test/auto/matrixType10.xml
----------------- Instantiating /home/travis/build/icyphy/ptII/ptolemy/actor/lib/test/auto/matrixType10.xml
1 ms. Memory: 337920K Free: 97554K (29%)
----------------- Invoking toplevel() on ptolemy.moml.MoMLSimpleApplication@20a59289
----------------- Done invoking toplevel() on ptolemy.moml.MoMLSimpleApplication@20a59289
reloadAllAccessors: .matrixType10

===========================================================================================
----------------- testing Wed Jun 24 14:51:25 UTC 2020 /home/travis/build/icyphy/ptII/ptolemy/actor/lib/test/auto/matrixType11.xml
----------------- Instantiating /home/travis/build/icyphy/ptII/ptolemy/actor/lib/test/auto/matrixType11.xml
1 ms. Memory: 337920K Free: 92434K (27%)
----------------- Invoking toplevel() on ptolemy.moml.MoMLSimpleApplication@6c37a36f
----------------- Done invoking toplevel() on ptolemy.moml.MoMLSimpleApplication@6c37a36f
reloadAllAccessors: .matrixType11

===========================================================================================
----------------- testing Wed Jun 24 14:51:25 UTC 2020 /home/travis/build/icyphy/ptII/ptolemy/actor/lib/test/auto/matrixType12.xml
----------------- Instantiating /home/travis/build/icyphy/ptII/ptolemy/actor/lib/test/auto/matrixType12.xml
1 ms. Memory: 337920K Free: 87824K (26%)
----------------- Invoking toplevel() on ptolemy.moml.MoMLSimpleApplication@2da9c7f9
----------------- Done invoking toplevel() on ptolemy.moml.MoMLSimpleApplication@2da9c7f9
reloadAllAccessors: .matrixType12

===========================================================================================
----------------- testing Wed Jun 24 14:51:25 UTC 2020 /home/travis/build/icyphy/ptII/ptolemy/actor/lib/test/auto/matrixType13.xml
----------------- Instantiating /home/travis/build/icyphy/ptII/ptolemy/actor/lib/test/auto/matrixType13.xml
1 ms. Memory: 337920K Free: 281211K (83%)
----------------- Invoking toplevel() on ptolemy.moml.MoMLSimpleApplication@3d43b162
----------------- Done invoking toplevel() on ptolemy.moml.MoMLSimpleApplication@3d43b162
reloadAllAccessors: .matrixType13

===========================================================================================
----------------- testing Wed Jun 24 14:51:25 UTC 2020 /home/travis/build/icyphy/ptII/ptolemy/actor/lib/test/auto/matrixType14.xml
----------------- Instantiating /home/travis/build/icyphy/ptII/ptolemy/actor/lib/test/auto/matrixType14.xml
1 ms. Memory: 337920K Free: 276121K (82%)
----------------- Invoking toplevel() on ptolemy.moml.MoMLSimpleApplication@4713cd08
----------------- Done invoking toplevel() on ptolemy.moml.MoMLSimpleApplication@4713cd08
reloadAllAccessors: .matrixType14

===========================================================================================
----------------- testing Wed Jun 24 14:51:25 UTC 2020 /home/travis/build/icyphy/ptII/ptolemy/actor/lib/test/auto/matrixType2.xml
----------------- Instantiating /home/travis/build/icyphy/ptII/ptolemy/actor/lib/test/auto/matrixType2.xml
2 ms. Memory: 337920K Free: 270987K (80%)
----------------- Invoking toplevel() on ptolemy.moml.MoMLSimpleApplication@49e9901e
----------------- Done invoking toplevel() on ptolemy.moml.MoMLSimpleApplication@49e9901e
reloadAllAccessors: .matrixType2

===========================================================================================
----------------- testing Wed Jun 24 14:51:25 UTC 2020 /home/travis/build/icyphy/ptII/ptolemy/actor/lib/test/auto/matrixType3.xml
----------------- Instantiating /home/travis/build/icyphy/ptII/ptolemy/actor/lib/test/auto/matrixType3.xml
3 ms. Memory: 337920K Free: 265881K (79%)
----------------- Invoking toplevel() on ptolemy.moml.MoMLSimpleApplication@7c84387b
----------------- Done invoking toplevel() on ptolemy.moml.MoMLSimpleApplication@7c84387b
reloadAllAccessors: .matrixType3

===========================================================================================
----------------- testing Wed Jun 24 14:51:25 UTC 2020 /home/travis/build/icyphy/ptII/ptolemy/actor/lib/test/auto/matrixType4.xml
----------------- Instantiating /home/travis/build/icyphy/ptII/ptolemy/actor/lib/test/auto/matrixType4.xml
1 ms. Memory: 337920K Free: 261275K (77%)
----------------- Invoking toplevel() on ptolemy.moml.MoMLSimpleApplication@13e390f
----------------- Done invoking toplevel() on ptolemy.moml.MoMLSimpleApplication@13e390f
reloadAllAccessors: .matrixType4

===========================================================================================
----------------- testing Wed Jun 24 14:51:25 UTC 2020 /home/travis/build/icyphy/ptII/ptolemy/actor/lib/test/auto/matrixType5.xml
----------------- Instantiating /home/travis/build/icyphy/ptII/ptolemy/actor/lib/test/auto/matrixType5.xml
0 ms. Memory: 337920K Free: 256155K (76%)
----------------- Invoking toplevel() on ptolemy.moml.MoMLSimpleApplication@28ee981
----------------- Done invoking toplevel() on ptolemy.moml.MoMLSimpleApplication@28ee981
reloadAllAccessors: .matrixType5

===========================================================================================
----------------- testing Wed Jun 24 14:51:25 UTC 2020 /home/travis/build/icyphy/ptII/ptolemy/actor/lib/test/auto/matrixType6.xml
----------------- Instantiating /home/travis/build/icyphy/ptII/ptolemy/actor/lib/test/auto/matrixType6.xml
1 ms. Memory: 337920K Free: 251545K (74%)
----------------- Invoking toplevel() on ptolemy.moml.MoMLSimpleApplication@5bf02c34
----------------- Done invoking toplevel() on ptolemy.moml.MoMLSimpleApplication@5bf02c34
reloadAllAccessors: .matrixType6

===========================================================================================
----------------- testing Wed Jun 24 14:51:25 UTC 2020 /home/travis/build/icyphy/ptII/ptolemy/actor/lib/test/auto/matrixType7.xml
----------------- Instantiating /home/travis/build/icyphy/ptII/ptolemy/actor/lib/test/auto/matrixType7.xml
1 ms. Memory: 337920K Free: 246425K (73%)
----------------- Invoking toplevel() on ptolemy.moml.MoMLSimpleApplication@3e72752d
----------------- Done invoking toplevel() on ptolemy.moml.MoMLSimpleApplication@3e72752d
reloadAllAccessors: .matrixType7

===========================================================================================
----------------- testing Wed Jun 24 14:51:25 UTC 2020 /home/travis/build/icyphy/ptII/ptolemy/actor/lib/test/auto/matrixType8.xml
----------------- Instantiating /home/travis/build/icyphy/ptII/ptolemy/actor/lib/test/auto/matrixType8.xml
1 ms. Memory: 337920K Free: 241819K (72%)
----------------- Invoking toplevel() on ptolemy.moml.MoMLSimpleApplication@56df8b96
----------------- Done invoking toplevel() on ptolemy.moml.MoMLSimpleApplication@56df8b96
reloadAllAccessors: .matrixType8

===========================================================================================
----------------- testing Wed Jun 24 14:51:25 UTC 2020 /home/travis/build/icyphy/ptII/ptolemy/actor/lib/test/auto/matrixType9.xml
----------------- Instantiating /home/travis/build/icyphy/ptII/ptolemy/actor/lib/test/auto/matrixType9.xml
1 ms. Memory: 337920K Free: 236699K (70%)
----------------- Invoking toplevel() on ptolemy.moml.MoMLSimpleApplication@1cdc9b90
----------------- Done invoking toplevel() on ptolemy.moml.MoMLSimpleApplication@1cdc9b90
reloadAllAccessors: .matrixType9

===========================================================================================
----------------- testing Wed Jun 24 14:51:25 UTC 2020 /home/travis/build/icyphy/ptII/ptolemy/actor/lib/test/auto/paraFunctest.xml
----------------- Instantiating /home/travis/build/icyphy/ptII/ptolemy/actor/lib/test/auto/paraFunctest.xml
1 ms. Memory: 337920K Free: 232603K (69%)
----------------- Invoking toplevel() on ptolemy.moml.MoMLSimpleApplication@63a4c23
----------------- Done invoking toplevel() on ptolemy.moml.MoMLSimpleApplication@63a4c23
reloadAllAccessors: .paraFunctest

===========================================================================================
----------------- testing Wed Jun 24 14:51:25 UTC 2020 /home/travis/build/icyphy/ptII/ptolemy/actor/lib/test/auto/paraFunctest2.xml
----------------- Instantiating /home/travis/build/icyphy/ptII/ptolemy/actor/lib/test/auto/paraFunctest2.xml
1 ms. Memory: 337920K Free: 227993K (67%)
----------------- Invoking toplevel() on ptolemy.moml.MoMLSimpleApplication@39e178a5
----------------- Done invoking toplevel() on ptolemy.moml.MoMLSimpleApplication@39e178a5
reloadAllAccessors: .paraFunctest2

===========================================================================================
----------------- testing Wed Jun 24 14:51:25 UTC 2020 /home/travis/build/icyphy/ptII/ptolemy/actor/lib/test/auto/parameterPassing.xml
----------------- Instantiating /home/travis/build/icyphy/ptII/ptolemy/actor/lib/test/auto/parameterPassing.xml
0 ms. Memory: 337920K Free: 223897K (66%)
----------------- Invoking toplevel() on ptolemy.moml.MoMLSimpleApplication@31b2b0d4
----------------- Done invoking toplevel() on ptolemy.moml.MoMLSimpleApplication@31b2b0d4
reloadAllAccessors: .parameterPassing

===========================================================================================
----------------- testing Wed Jun 24 14:51:25 UTC 2020 /home/travis/build/icyphy/ptII/ptolemy/actor/lib/test/auto/record.xml
----------------- Instantiating /home/travis/build/icyphy/ptII/ptolemy/actor/lib/test/auto/record.xml
2 ms. Memory: 337920K Free: 218777K (65%)
----------------- Invoking toplevel() on ptolemy.moml.MoMLSimpleApplication@b0b7051
----------------- Done invoking toplevel() on ptolemy.moml.MoMLSimpleApplication@b0b7051
reloadAllAccessors: .record

===========================================================================================
----------------- testing Wed Jun 24 14:51:25 UTC 2020 /home/travis/build/icyphy/ptII/ptolemy/actor/lib/test/auto/sizedarray1.xml
----------------- Instantiating /home/travis/build/icyphy/ptII/ptolemy/actor/lib/test/auto/sizedarray1.xml
1 ms. Memory: 337920K Free: 213657K (63%)
----------------- Invoking toplevel() on ptolemy.moml.MoMLSimpleApplication@c1aa30b
----------------- Done invoking toplevel() on ptolemy.moml.MoMLSimpleApplication@c1aa30b
reloadAllAccessors: .sizedarray1

===========================================================================================
----------------- testing Wed Jun 24 14:51:25 UTC 2020 /home/travis/build/icyphy/ptII/ptolemy/actor/lib/test/auto/sizedarray2.xml
----------------- Instantiating /home/travis/build/icyphy/ptII/ptolemy/actor/lib/test/auto/sizedarray2.xml
2 ms. Memory: 337920K Free: 208027K (62%)
----------------- Invoking toplevel() on ptolemy.moml.MoMLSimpleApplication@63e96968
----------------- Done invoking toplevel() on ptolemy.moml.MoMLSimpleApplication@63e96968
reloadAllAccessors: .sizedarray2

===========================================================================================
----------------- testing Wed Jun 24 14:51:25 UTC 2020 /home/travis/build/icyphy/ptII/ptolemy/actor/lib/test/auto/twoPublishers.xml
----------------- Instantiating /home/travis/build/icyphy/ptII/ptolemy/actor/lib/test/auto/twoPublishers.xml
5 ms. Memory: 337920K Free: 198283K (59%)
----------------- Invoking toplevel() on ptolemy.moml.MoMLSimpleApplication@3fa0397
----------------- Done invoking toplevel() on ptolemy.moml.MoMLSimpleApplication@3fa0397
reloadAllAccessors: .twoPublishers
AutoTests.java: About to close Vertx.
AutoTests.java: Vertx closed.
]]></system-out>
  <system-err><![CDATA[java.lang.RuntimeException: Execution failed
	at ptolemy.moml.MoMLSimpleApplication$UnloadThread.run(MoMLSimpleApplication.java:402)
Caused by: java.lang.RuntimeException: StringUtilities.exit() was called. Normally, we would exit here because Manager.exitAfterWrapup() was called.  However, because the ptolemy.ptII.exitAfterWrapup property is set, we throw this exception instead.
	at ptolemy.util.StringUtilities.exit(StringUtilities.java:365)
	at ptolemy.actor.Manager.wrapup(Manager.java:1549)
	at ptolemy.actor.Manager.execute(Manager.java:407)
	at ptolemy.actor.Manager.run(Manager.java:1263)
	at ptolemy.actor.Manager$PtolemyRunThread.run(Manager.java:1933)
Warning: '.top.test' is in training mode, set the trainingMode parameter to false before checking in
Warning: '.top.test' is in training mode, set the trainingMode parameter to false before checking in
Warning: '.top.test' is in training mode, set the trainingMode parameter to false before checking in
Warning: '.BooleanSwitch_RegressionTest_WrongTrainingValues.Test' is in training mode, set the trainingMode parameter to false before checking in
Warning: '.BooleanSwitch_RegressionTest_WrongTrainingValues.Test2' is in training mode, set the trainingMode parameter to false before checking in
Warning: '.BooleanSwitch_RegressionTest_WrongTrainingValues.Test2' The test produced 0 tokens.
Warning: '.top.testExceptionHandler' is in training mode, set the trainingMode parameter to false before checking in
java.lang.RuntimeException: Execution failed
	at ptolemy.moml.MoMLSimpleApplication$UnloadThread.run(MoMLSimpleApplication.java:402)
Caused by: ptolemy.kernel.util.IllegalActionException: PublisherPorts cannot be used at the top level, use a Publisher actor instead.
  in .PublisherPortToplevelSubscriber.PublisherPort
	at ptolemy.actor.PublisherPort.preinitialize(PublisherPort.java:403)
	at ptolemy.actor.CompositeActor.preinitialize(CompositeActor.java:1769)
	at ptolemy.actor.Manager.preinitializeAndResolveTypes(Manager.java:1040)
	at ptolemy.actor.Manager.initialize(Manager.java:710)
	at ptolemy.actor.Manager.execute(Manager.java:356)
	at ptolemy.actor.Manager.run(Manager.java:1263)
	at ptolemy.actor.Manager$PtolemyRunThread.run(Manager.java:1933)
java.lang.reflect.InvocationTargetException
	at java.base/jdk.internal.reflect.NativeConstructorAccessorImpl.newInstance0(Native Method)
	at java.base/jdk.internal.reflect.NativeConstructorAccessorImpl.newInstance(NativeConstructorAccessorImpl.java:62)
	at java.base/jdk.internal.reflect.DelegatingConstructorAccessorImpl.newInstance(DelegatingConstructorAccessorImpl.java:45)
	at java.base/java.lang.reflect.Constructor.newInstance(Constructor.java:490)
	at ptolemy.util.test.junit.AutoKnownFailedTests.RunModel(AutoKnownFailedTests.java:105)
	at java.base/jdk.internal.reflect.NativeMethodAccessorImpl.invoke0(Native Method)
	at java.base/jdk.internal.reflect.NativeMethodAccessorImpl.invoke(NativeMethodAccessorImpl.java:62)
	at java.base/jdk.internal.reflect.DelegatingMethodAccessorImpl.invoke(DelegatingMethodAccessorImpl.java:43)
	at java.base/java.lang.reflect.Method.invoke(Method.java:566)
	at org.junit.runners.model.FrameworkMethod$1.runReflectiveCall(FrameworkMethod.java:44)
	at org.junit.internal.runners.model.ReflectiveCallable.run(ReflectiveCallable.java:15)
	at org.junit.runners.model.FrameworkMethod.invokeExplosively(FrameworkMethod.java:41)
	at junitparams.internal.InvokeParameterisedMethod.evaluate(InvokeParameterisedMethod.java:102)
	at org.junit.internal.runners.statements.FailOnTimeout$1.run(FailOnTimeout.java:28)
Caused by: ptolemy.kernel.util.IllegalActionException: PublisherPorts cannot be used at the top level, use a Publisher actor instead.
  in .PublisherPortToplevelSubscriber.PublisherPort
	at ptolemy.actor.PublisherPort.preinitialize(PublisherPort.java:403)
	at ptolemy.actor.CompositeActor.preinitialize(CompositeActor.java:1769)
	at ptolemy.actor.Manager.preinitializeAndResolveTypes(Manager.java:1040)
	at ptolemy.actor.Manager.initialize(Manager.java:710)
	at ptolemy.actor.Manager.execute(Manager.java:356)
	at ptolemy.actor.Manager.run(Manager.java:1263)
	at ptolemy.actor.Manager$PtolemyRunThread.run(Manager.java:1933)
java.lang.RuntimeException: Execution failed
	at ptolemy.moml.MoMLSimpleApplication$UnloadThread.run(MoMLSimpleApplication.java:402)
Caused by: ptolemy.kernel.util.IllegalActionException: SubscriberPorts cannot be used at the top level, use a Subscriber actor instead.
  in .PublisherSubscriberPortToplevel.SubscriberPort
	at ptolemy.actor.SubscriberPort.preinitialize(SubscriberPort.java:328)
	at ptolemy.actor.CompositeActor.preinitialize(CompositeActor.java:1769)
	at ptolemy.actor.Manager.preinitializeAndResolveTypes(Manager.java:1040)
	at ptolemy.actor.Manager.initialize(Manager.java:710)
	at ptolemy.actor.Manager.execute(Manager.java:356)
	at ptolemy.actor.Manager.run(Manager.java:1263)
	at ptolemy.actor.Manager$PtolemyRunThread.run(Manager.java:1933)
java.lang.reflect.InvocationTargetException
	at java.base/jdk.internal.reflect.NativeConstructorAccessorImpl.newInstance0(Native Method)
	at java.base/jdk.internal.reflect.NativeConstructorAccessorImpl.newInstance(NativeConstructorAccessorImpl.java:62)
	at java.base/jdk.internal.reflect.DelegatingConstructorAccessorImpl.newInstance(DelegatingConstructorAccessorImpl.java:45)
	at java.base/java.lang.reflect.Constructor.newInstance(Constructor.java:490)
	at ptolemy.util.test.junit.AutoKnownFailedTests.RunModel(AutoKnownFailedTests.java:105)
	at java.base/jdk.internal.reflect.NativeMethodAccessorImpl.invoke0(Native Method)
	at java.base/jdk.internal.reflect.NativeMethodAccessorImpl.invoke(NativeMethodAccessorImpl.java:62)
	at java.base/jdk.internal.reflect.DelegatingMethodAccessorImpl.invoke(DelegatingMethodAccessorImpl.java:43)
	at java.base/java.lang.reflect.Method.invoke(Method.java:566)
	at org.junit.runners.model.FrameworkMethod$1.runReflectiveCall(FrameworkMethod.java:44)
	at org.junit.internal.runners.model.ReflectiveCallable.run(ReflectiveCallable.java:15)
	at org.junit.runners.model.FrameworkMethod.invokeExplosively(FrameworkMethod.java:41)
	at junitparams.internal.InvokeParameterisedMethod.evaluate(InvokeParameterisedMethod.java:102)
	at org.junit.internal.runners.statements.FailOnTimeout$1.run(FailOnTimeout.java:28)
Caused by: ptolemy.kernel.util.IllegalActionException: SubscriberPorts cannot be used at the top level, use a Subscriber actor instead.
  in .PublisherSubscriberPortToplevel.SubscriberPort
	at ptolemy.actor.SubscriberPort.preinitialize(SubscriberPort.java:328)
	at ptolemy.actor.CompositeActor.preinitialize(CompositeActor.java:1769)
	at ptolemy.actor.Manager.preinitializeAndResolveTypes(Manager.java:1040)
	at ptolemy.actor.Manager.initialize(Manager.java:710)
	at ptolemy.actor.Manager.execute(Manager.java:356)
	at ptolemy.actor.Manager.run(Manager.java:1263)
	at ptolemy.actor.Manager$PtolemyRunThread.run(Manager.java:1933)
java.lang.RuntimeException: Execution failed
	at ptolemy.moml.MoMLSimpleApplication$UnloadThread.run(MoMLSimpleApplication.java:402)
Caused by: ptolemy.kernel.util.IllegalActionException: SubscriptionAggregatorPorts cannot be used at the top level, use a SubscriptionAggregator actor instead.
  in .PublisherSubscriptionAggregatorPort.SubscriptionAggregatorPort
	at ptolemy.actor.SubscriptionAggregatorPort.preinitialize(SubscriptionAggregatorPort.java:353)
	at ptolemy.actor.CompositeActor.preinitialize(CompositeActor.java:1769)
	at ptolemy.actor.Manager.preinitializeAndResolveTypes(Manager.java:1040)
	at ptolemy.actor.Manager.initialize(Manager.java:710)
	at ptolemy.actor.Manager.execute(Manager.java:356)
	at ptolemy.actor.Manager.run(Manager.java:1263)
	at ptolemy.actor.Manager$PtolemyRunThread.run(Manager.java:1933)
java.lang.reflect.InvocationTargetException
	at java.base/jdk.internal.reflect.NativeConstructorAccessorImpl.newInstance0(Native Method)
	at java.base/jdk.internal.reflect.NativeConstructorAccessorImpl.newInstance(NativeConstructorAccessorImpl.java:62)
	at java.base/jdk.internal.reflect.DelegatingConstructorAccessorImpl.newInstance(DelegatingConstructorAccessorImpl.java:45)
	at java.base/java.lang.reflect.Constructor.newInstance(Constructor.java:490)
	at ptolemy.util.test.junit.AutoKnownFailedTests.RunModel(AutoKnownFailedTests.java:105)
	at java.base/jdk.internal.reflect.NativeMethodAccessorImpl.invoke0(Native Method)
	at java.base/jdk.internal.reflect.NativeMethodAccessorImpl.invoke(NativeMethodAccessorImpl.java:62)
	at java.base/jdk.internal.reflect.DelegatingMethodAccessorImpl.invoke(DelegatingMethodAccessorImpl.java:43)
	at java.base/java.lang.reflect.Method.invoke(Method.java:566)
	at org.junit.runners.model.FrameworkMethod$1.runReflectiveCall(FrameworkMethod.java:44)
	at org.junit.internal.runners.model.ReflectiveCallable.run(ReflectiveCallable.java:15)
	at org.junit.runners.model.FrameworkMethod.invokeExplosively(FrameworkMethod.java:41)
	at junitparams.internal.InvokeParameterisedMethod.evaluate(InvokeParameterisedMethod.java:102)
	at org.junit.internal.runners.statements.FailOnTimeout$1.run(FailOnTimeout.java:28)
Caused by: ptolemy.kernel.util.IllegalActionException: SubscriptionAggregatorPorts cannot be used at the top level, use a SubscriptionAggregator actor instead.
  in .PublisherSubscriptionAggregatorPort.SubscriptionAggregatorPort
	at ptolemy.actor.SubscriptionAggregatorPort.preinitialize(SubscriptionAggregatorPort.java:353)
	at ptolemy.actor.CompositeActor.preinitialize(CompositeActor.java:1769)
	at ptolemy.actor.Manager.preinitializeAndResolveTypes(Manager.java:1040)
	at ptolemy.actor.Manager.initialize(Manager.java:710)
	at ptolemy.actor.Manager.execute(Manager.java:356)
	at ptolemy.actor.Manager.run(Manager.java:1263)
	at ptolemy.actor.Manager$PtolemyRunThread.run(Manager.java:1933)
java.lang.RuntimeException: Execution failed
	at ptolemy.moml.MoMLSimpleApplication$UnloadThread.run(MoMLSimpleApplication.java:402)
Caused by: ptolemy.kernel.util.IllegalActionException: TypeTest actor has no training data.
  in .sizedarray3.TypeTest
	at ptolemy.actor.lib.TypeTest.initialize(TypeTest.java:250)
	at ptolemy.actor.Director.initialize(Director.java:938)
	at ptolemy.actor.Director.initialize(Director.java:907)
	at ptolemy.actor.sched.StaticSchedulingDirector.initialize(StaticSchedulingDirector.java:159)
	at ptolemy.domains.sdf.kernel.SDFDirector.initialize(SDFDirector.java:544)
	at ptolemy.actor.CompositeActor.initialize(CompositeActor.java:935)
	at ptolemy.actor.Manager.initialize(Manager.java:724)
	at ptolemy.actor.Manager.execute(Manager.java:356)
	at ptolemy.actor.Manager.run(Manager.java:1263)
	at ptolemy.actor.Manager$PtolemyRunThread.run(Manager.java:1933)
java.lang.reflect.InvocationTargetException
	at java.base/jdk.internal.reflect.NativeConstructorAccessorImpl.newInstance0(Native Method)
	at java.base/jdk.internal.reflect.NativeConstructorAccessorImpl.newInstance(NativeConstructorAccessorImpl.java:62)
	at java.base/jdk.internal.reflect.DelegatingConstructorAccessorImpl.newInstance(DelegatingConstructorAccessorImpl.java:45)
	at java.base/java.lang.reflect.Constructor.newInstance(Constructor.java:490)
	at ptolemy.util.test.junit.AutoKnownFailedTests.RunModel(AutoKnownFailedTests.java:105)
	at java.base/jdk.internal.reflect.NativeMethodAccessorImpl.invoke0(Native Method)
	at java.base/jdk.internal.reflect.NativeMethodAccessorImpl.invoke(NativeMethodAccessorImpl.java:62)
	at java.base/jdk.internal.reflect.DelegatingMethodAccessorImpl.invoke(DelegatingMethodAccessorImpl.java:43)
	at java.base/java.lang.reflect.Method.invoke(Method.java:566)
	at org.junit.runners.model.FrameworkMethod$1.runReflectiveCall(FrameworkMethod.java:44)
	at org.junit.internal.runners.model.ReflectiveCallable.run(ReflectiveCallable.java:15)
	at org.junit.runners.model.FrameworkMethod.invokeExplosively(FrameworkMethod.java:41)
	at junitparams.internal.InvokeParameterisedMethod.evaluate(InvokeParameterisedMethod.java:102)
	at org.junit.internal.runners.statements.FailOnTimeout$1.run(FailOnTimeout.java:28)
Caused by: ptolemy.kernel.util.IllegalActionException: TypeTest actor has no training data.
  in .sizedarray3.TypeTest
	at ptolemy.actor.lib.TypeTest.initialize(TypeTest.java:250)
	at ptolemy.actor.Director.initialize(Director.java:938)
	at ptolemy.actor.Director.initialize(Director.java:907)
	at ptolemy.actor.sched.StaticSchedulingDirector.initialize(StaticSchedulingDirector.java:159)
	at ptolemy.domains.sdf.kernel.SDFDirector.initialize(SDFDirector.java:544)
	at ptolemy.actor.CompositeActor.initialize(CompositeActor.java:935)
	at ptolemy.actor.Manager.initialize(Manager.java:724)
	at ptolemy.actor.Manager.execute(Manager.java:356)
	at ptolemy.actor.Manager.run(Manager.java:1263)
	at ptolemy.actor.Manager$PtolemyRunThread.run(Manager.java:1933)
]]></system-err>
</testsuite>
