<?xml version="1.0" encoding="UTF-8" ?>
<testsuite errors="0" failures="0" hostname="travis-job-f08b9624-5861-4500-b32f-073b00f473b8" name="ptolemy.domains.de.test.junit.JUnitTclTest" skipped="0" tests="101" time="126.845" timestamp="2020-08-21T15:28:54">
  <properties>
    <property name="npm.executable" value="npm" />
    <property name="env.TRAVIS_ROOT" value="/" />
    <property name="ptII.mk.exists" value="true" />
    <property name="env.TRAVIS_APP_HOST" value="build.travis-ci.org" />
    <property name="env.rvm_bin_path" value="/home/travis/.rvm/bin" />
    <property name="java.home" value="/usr/local/lib/jvm/openjdk11" />
    <property name="env.TRAVIS_JOB_NUMBER" value="1740.9" />
    <property name="env.TRAVIS_HOME" value="/home/travis" />
    <property name="env.DISPLAY" value=":99.0" />
    <property name="env.TRAVIS_INIT" value="systemd" />
    <property name="env.SSH_TTY" value="/dev/pts/0" />
    <property name="java.net.preferIPv4Stack" value="true" />
    <property name="env.RUN_TESTS" value="true" />
    <property name="timeout.short" value="1000000" />
    <property name="junit.formatter" value="xml" />
    <property name="env.TRAVIS_SUDO" value="true" />
    <property name="env.TRAVIS_JOB_NAME" value="" />
    <property name="env.TRAVIS_STACK_NODE_ATTRIBUTES" value="/.node-attributes.yml" />
    <property name="env.LOGNAME" value="travis" />
    <property name="jsdoc.home" value="node_modules/@terraswarm/jsdoc" />
    <property name="debuglevel" value="source,lines,vars" />
    <property name="checkstyle.formatter" value="xml" />
    <property name="bin.vergil.makeable" value="true" />
    <property name="sun.os.patch.level" value="unknown" />
    <property name="java.vendor.url" value="http://java.oracle.com/" />
    <property name="env.TRAVIS_BUILD_WEB_URL" value="https://travis-ci.org/icyphy/ptII/builds/719965759" />
    <property name="java.version" value="11.0.2" />
    <property name="env.TZ" value="UTC" />
    <property name="env.TRAVIS_PULL_REQUEST_SHA" value="" />
    <property name="env.PT_NO_NET" value="true" />
    <property name="env.TRAVIS_SECURE_ENV_VARS" value="true" />
    <property name="java.vendor.url.bug" value="http://bugreport.java.com/bugreport/" />
    <property name="npmjs-org-is-up" value="true" />
    <property name="env.LANGUAGE" value="en_US.UTF-8" />
    <property name="env.SSH_CLIENT" value="10.52.4.33 53602 22" />
    <property name="env.GEM_HOME" value="/home/travis/.rvm/gems/ruby-2.5.3" />
    <property name="env.HAS_ANTARES_THREE_LITTLE_FRONZIES_BADGE" value="true" />
    <property name="java.version.date" value="2019-01-15" />
    <property name="env.PS4" value="+" />
    <property name="ant.project.invoked-targets" value="build,test.core2.xml" />
    <property name="env.TRAVIS_PULL_REQUEST_BRANCH" value="" />
    <property name="env.TRAVIS_REPO_SLUG" value="icyphy/ptII" />
    <property name="env.XDG_DATA_DIRS" value="/usr/local/share:/usr/share:/var/lib/snapd/desktop" />
    <property name="jdk.debug" value="release" />
    <property name="env.TRAVIS_APT_PROXY" value="http://build-cache.travisci.net" />
    <property name="env.TRAVIS_CPU_ARCH" value="amd64" />
    <property name="node.in.path" value="true" />
    <property name="user.name" value="travis" />
    <property name="java.maxmemory" value="1400m" />
    <property name="env.RUBY_VERSION" value="ruby-2.5.3" />
    <property name="env.LANG" value="en_US.UTF-8" />
    <property name="sun.io.unicode.encoding" value="UnicodeLittle" />
    <property name="sun.jnu.encoding" value="UTF-8" />
    <property name="java.runtime.name" value="OpenJDK Runtime Environment" />
    <property name="usefile" value="false" />
    <property name="return.code" value="0" />
    <property name="junit.single.formatter" value="plain" />
    <property name="env.DYLD_LIBRARY_PATH" value="/home/travis/pthla/certi-tools/lib:" />
    <property name="env.DEBIAN_FRONTEND" value="noninteractive" />
    <property name="env.SSH_CONNECTION" value="10.52.4.33 53602 10.20.1.127 22" />
    <property name="env.MYSQL_UNIX_PORT" value="/var/run/mysqld/mysqld.sock" />
    <property name="env.LC_ALL" value="en_US.UTF-8" />
    <property name="env.TRAVIS_ALLOW_FAILURE" value="" />
    <property name="env.TRAVIS_JOB_WEB_URL" value="https://travis-ci.org/icyphy/ptII/jobs/719965774" />
    <property name="java.specification.name" value="Java Platform API Specification" />
    <property name="node.works" value="true" />
    <property name="user.timezone" value="" />
    <property name="path.separator" value=":" />
    <property name="env.TRAVIS_ENABLE_INFRA_DETECTION" value="true" />
    <property name="env.PYTHON_CFLAGS" value="-g -fstack-protector --param=ssp-buffer-size=4 -Wformat -Werror=format-security" />
    <property name="timeout.long" value="4000000" />
    <property name="env.CERTI_HOME" value="/home/travis/pthla/certi-tools" />
    <property name="ant.file.ptII" value="/home/travis/build/icyphy/ptII/build.xml" />
    <property name="javadoc.packagenames" value="com.*,diva.*,lbnl.*,org.hlacerti.*,org.json.*,org.ptolemy.*,org.terraswarm.*,ptolemy.*,ptserver.*" />
    <property name="file.encoding" value="UTF-8" />
    <property name="env.TRAVIS_PULL_REQUEST_SLUG" value="" />
    <property name="ant.project.default-target" value="build" />
    <property name="env.GIT_ASKPASS" value="echo" />
    <property name="env.HOME" value="/home/travis" />
    <property name="sun.java.command" value="org.apache.tools.ant.taskdefs.optional.junit.JUnitTestRunner ptolemy.domains.de.test.junit.JUnitTclTest skipNonTests=false filtertrace=true haltOnError=false haltOnFailure=false formatter=org.apache.tools.ant.taskdefs.optional.junit.OutErrSummaryJUnitResultFormatter showoutput=true outputtoformatters=true logfailedtests=true threadid=0 logtestlistenerevents=false formatter=org.apache.tools.ant.taskdefs.optional.junit.XMLJUnitResultFormatter,/home/travis/build/icyphy/ptII/reports/junit/TEST-ptolemy.domains.de.test.junit.JUnitTclTest.xml crashfile=/home/travis/build/icyphy/ptII/junitvmwatcher14317504474815665040.properties propsfile=/home/travis/build/icyphy/ptII/junit16040715937307059800.properties" />
    <property name="env.COMPOSER_NO_INTERACTION" value="1" />
    <property name="env.MANPATH" value="/home/travis/.nvm/versions/node/v7.10.1/share/man:/home/travis/.rvm/rubies/ruby-2.5.3/share/man:/usr/local/cmake-3.12.4/man:/usr/local/clang-7.0.0/share/man:/usr/local/man:/usr/local/share/man:/usr/share/man:/home/travis/.rvm/man" />
    <property name="env.TRAVIS_TIMER_ID" value="14799f0c" />
    <property name="ant.file" value="/home/travis/build/icyphy/ptII/build.xml" />
    <property name="env.TRAVIS_COMMIT_RANGE" value="3bb573e462e9b4151952318d01b7e361e9f419ad...74248200255084cca0f8d02e5ad09f36c0965423" />
    <property name="ptII.classpath.optional.property" value="/home/travis/build/icyphy/ptII/lib/bsh-2.0b4.jar:/home/travis/build/icyphy/ptII/lib/ptCal.jar:/home/travis/build/icyphy/ptII/lib/java_cup.jar:/home/travis/build/icyphy/ptII/lib/saxon8.jar:/home/travis/build/icyphy/ptII/lib/saxon8-dom.jar:/home/travis/build/icyphy/ptII/lib/chic.jar:/home/travis/build/icyphy/ptII/lib/ptcolt.jar:/home/travis/build/icyphy/ptII/vendors/misc/itext/iText.jar:/home/travis/build/icyphy/ptII/lib/g4ltl.jar:/home/travis/build/icyphy/ptII/lib/StructuralCoder.jar:/home/travis/build/icyphy/ptII/lib/jcerti.jar:/home/travis/build/icyphy/ptII/lib/javax.mail.jar:/home/travis/build/icyphy/ptII/vendors/JMF-2.1.1e/lib/jmf.jar:/home/travis/build/icyphy/ptII/lib/jna-4.0.0-variadic.jar:/home/travis/build/icyphy/ptII/vendors/misc/joystick/Joystick.jar:/home/travis/build/icyphy/ptII/lib/ptjacl.jar:/home/travis/build/icyphy/ptII/lib/jsoup-1.8.2.jar:/home/travis/build/icyphy/ptII/lib/junit-4.8.2.jar:/home/travis/build/icyphy/ptII/lib/JUnitParams-0.4.0.jar:/home/travis/build/icyphy/ptII/ptolemy/actor/lib/excel/jxl.jar:/home/travis/build/icyphy/ptII/lib/jython.jar:/home/travis/build/icyphy/ptII/lib/kieler.jar:/home/travis/build/icyphy/ptII/vendors/opencv/share/OpenCV/java/opencv-341.jar:/home/travis/build/icyphy/ptII/lib/oscP5.jar:/home/travis/build/icyphy/ptII/lib/nrjavaserial-3.11.0.devel.jar:/home/travis/build/icyphy/ptII/vendors/j3d/lib/Linux/j3dcore.jar:/home/travis/build/icyphy/ptII/vendors/j3d/lib/Linux/j3dutils.jar:/home/travis/build/icyphy/ptII/vendors/j3d/lib/Linux/vecmath.jar:/home/travis/build/icyphy/ptII/vendors/jogl/lib/Linux/gluegen-rt-natives-linux-amd64.jar:/home/travis/build/icyphy/ptII/vendors/jogl/lib/Linux/gluegen-rt.jar:/home/travis/build/icyphy/ptII/vendors/jogl/lib/Linux/jogl-all-natives-linux-amd64.jar:/home/travis/build/icyphy/ptII/vendors/jogl/lib/Linux/jogl-all.jar:/home/travis/build/icyphy/ptII/ptolemy/distributed/jini/jar/jini-core.jar:/home/travis/build/icyphy/ptII/ptolemy/distributed/jini/jar/jini-ext.jar:/home/travis/build/icyphy/ptII/ptolemy/distributed/jini/jar/sun-util.jar:/home/travis/build/icyphy/ptII/lib/protobuf-java-2.4.1.jar:/home/travis/build/icyphy/ptII/lib/org.eclipse.paho.client.mqttv3.jar:/home/travis/build/icyphy/ptII/lib/mapss.jar:/home/travis/build/icyphy/ptII/ptolemy/actor/ptalon/antlr/antlr.jar:/home/travis/build/icyphy/ptII/lib/JRI.jar:/home/travis/build/icyphy/ptII/lib/commons-lang-2.6.jar:/home/travis/build/icyphy/ptII/lib/commons-logging-1.1.1.jar:/home/travis/build/icyphy/ptII/lib/sootclasses.jar:/home/travis/build/icyphy/ptII/ptolemy/actor/lib/database/mysql-connector-java-5.1.6-bin.jar:/home/travis/build/icyphy/ptII/vendors/misc/sphinx4/sphinx4-data-5prealpha.jar:/home/travis/build/icyphy/ptII/vendors/misc/sphinx4/sphinx4-core-5prealpha.jar:/home/travis/build/icyphy/ptII/lib/PDFRenderer.jar:/home/travis/build/icyphy/ptII/lib/svgSalamander.jar:/home/travis/build/icyphy/ptII/lib/rsyntaxtextarea-2.6.0-SNAPSHOT.jar:/home/travis/build/icyphy/ptII/lib/hazelcast-3.8.2.jar:/home/travis/build/icyphy/ptII/lib/jackson-annotations-2.9.0.jar:/home/travis/build/icyphy/ptII/lib/jackson-core-2.9.3.jar:/home/travis/build/icyphy/ptII/lib/jackson-databind-2.9.3.jar:/home/travis/build/icyphy/ptII/lib/netty-buffer-4.1.19.Final.jar:/home/travis/build/icyphy/ptII/lib/netty-codec-4.1.19.Final.jar:/home/travis/build/icyphy/ptII/lib/netty-codec-dns-4.1.19.Final.jar:/home/travis/build/icyphy/ptII/lib/netty-codec-http-4.1.19.Final.jar:/home/travis/build/icyphy/ptII/lib/netty-codec-http2-4.1.19.Final.jar:/home/travis/build/icyphy/ptII/lib/netty-common-4.1.19.Final.jar:/home/travis/build/icyphy/ptII/lib/netty-handler-4.1.19.Final.jar:/home/travis/build/icyphy/ptII/lib/netty-resolver-4.1.19.Final.jar:/home/travis/build/icyphy/ptII/lib/netty-resolver-dns-4.1.19.Final.jar:/home/travis/build/icyphy/ptII/lib/netty-transport-4.1.19.Final.jar:/home/travis/build/icyphy/ptII/lib/vertx-codegen-3.5.1.jar:/home/travis/build/icyphy/ptII/lib/vertx-core-3.5.2-SNAPSHOT.jar:/home/travis/build/icyphy/ptII/lib/vertx-hazelcast-3.5.1.jar:/home/travis/build/icyphy/ptII/lib/vertx-lang-js-3.5.1.jar:/home/travis/build/icyphy/ptII/lib/vertx-service-proxy-3.5.1.jar:/home/travis/build/icyphy/ptII/lib/vertx-web-3.5.1.jar:/home/travis/build/icyphy/ptII/lib/slf4j-api-1.7.13.jar:/home/travis/build/icyphy/ptII/lib/slf4j-simple-1.7.13.jar:/home/travis/build/icyphy/ptII/lib/webcam-capture-0.3.12.jar:/home/travis/build/icyphy/ptII/lib/bridj-0.7.0.jar:/home/travis/build/icyphy/ptII/lib/xbjlib-1.1.0.nrjavaserial.jar" />
    <property name="timeout" value="2400000" />
    <property name="test.batch" value="**/junit/*.java" />
    <property name="env._" value="/usr/bin/timeout" />
    <property name="java.io.tmpdir" value="/tmp" />
    <property name="user.language" value="en" />
    <property name="env.TRAVIS_INTERNAL_RUBY_REGEX" value="^ruby-(2\.[0-4]\.[0-9]|1\.9\.3)" />
    <property name="env.HISTCONTROL" value="ignoredups:ignorespace" />
    <property name="env.GOROOT" value="/home/travis/.gimme/versions/go1.11.1.linux.amd64" />
    <property name="line.separator" value="&#xa;" />
    <property name="target" value="11" />
    <property name="env.TRAVIS_BUILD_DIR" value="/home/travis/build/icyphy/ptII" />
    <property name="env.ANT_OPTS" value="-Xmx2048m" />
    <property name="ant.file.type" value="file" />
    <property name="ptolemy.ptII.batchMode" value="true" />
    <property name="env.HISTSIZE" value="1000" />
    <property name="env.MERB_ENV" value="test" />
    <property name="java.vm.info" value="mixed mode" />
    <property name="source" value="11" />
    <property name="java.vm.specification.name" value="Java Virtual Machine Specification" />
    <property name="env.TRAVIS_TEST_RESULT" value="0" />
    <property name="jsdoc.command" value="node_modules/@terraswarm/jsdoc/jsdoc.js" />
    <property name="npm.works" value="true" />
    <property name="cobertura.dir" value="/home/travis/build/icyphy/ptII/vendors/cobertura-2.0.3" />
    <property name="jsdoc.command.exists" value="true" />
    <property name="env.rvm_path" value="/home/travis/.rvm" />
    <property name="env.GEM_PATH" value="/home/travis/.rvm/gems/ruby-2.5.3:/home/travis/.rvm/gems/ruby-2.5.3@global" />
    <property name="env.LC_CTYPE" value="en_US.UTF-8" />
    <property name="env.TRAVIS_CMD" value="$PTII/bin/ptIITravisBuild.sh $SECONDS" />
    <property name="java.awt.printerjob" value="sun.print.PSPrinterJob" />
    <property name="env.TRAVIS_STACK_NAME" value="sardonyx" />
    <property name="env.TRAVIS_TIMER_START_TIME" value="1598023526611007078" />
    <property name="ant.version" value="Apache Ant(TM) version 1.10.1 compiled on February 2 2017" />
    <property name="ptII.reports" value="/home/travis/build/icyphy/ptII/reports" />
    <property name="env.TRAVIS_STACK_TIMESTAMP" value="2020-06-24 13:13:18 UTC" />
    <property name="ant.file.type.ptII" value="file" />
    <property name="env.RBENV_SHELL" value="bash" />
    <property name="os.name" value="Linux" />
    <property name="java.specification.vendor" value="Oracle Corporation" />
    <property name="env.rvm_version" value="1.29.10 (latest)" />
    <property name="env.TRAVIS_INFRA" value="unknown" />
    <property name="env.TERM" value="xterm" />
    <property name="java.vm.name" value="OpenJDK 64-Bit Server VM" />
    <property name="env.TRAVIS_BUILD_NUMBER" value="1740" />
    <property name="env.CI" value="true" />
    <property name="java.library.path" value="/home/travis/pthla/certi-tools/lib:/usr/lib/jni:/usr/local/share/OpenCV/java/:/usr/share/OpenCV/java::/usr/java/packages/lib:/usr/lib64:/lib64:/lib:/usr/lib" />
    <property name="jdk.module.path" value="/home/travis/build/icyphy/ptII/vendors/javafx/javafx-sdk-11.0.2/lib:" />
    <property name="env.rvm_prefix" value="/home/travis" />
    <property name="env.PATH" value="/home/travis/pthla/certi-tools/share/scripts:/home/travis/.rvm/gems/ruby-2.5.3/bin:/home/travis/.rvm/gems/ruby-2.5.3@global/bin:/home/travis/.rvm/rubies/ruby-2.5.3/bin:/home/travis/.rvm/bin:/home/travis/.nvm/versions/node/v7.10.1/bin:./node_modules/.bin:/home/travis/build/icyphy/ptII/bin:/home/travis/pthla/certi-tools/bin:/home/travis/bin:/home/travis/.local/bin:/usr/local/lib/jvm/openjdk11/bin:/opt/pyenv/shims:/home/travis/.phpenv/shims:/home/travis/perl5/perlbrew/bin:/home/travis/gopath/bin:/home/travis/.gimme/versions/go1.11.1.linux.amd64/bin:/usr/local/maven-3.6.3/bin:/usr/local/cmake-3.12.4/bin:/usr/local/clang-7.0.0/bin:/usr/local/sbin:/usr/local/bin:/usr/sbin:/usr/bin:/sbin:/bin:/snap/bin:/home/travis/.phpenv/bin:/opt/pyenv/bin:/home/travis/.yarn/bin" />
    <property name="env.TRAVIS_OS_NAME" value="linux" />
    <property name="ant.java.version" value="9" />
    <property name="basedir" value="/home/travis/build/icyphy/ptII" />
    <property name="java.class.version" value="55.0" />
    <property name="env.SHLVL" value="3" />
    <property name="env.LD_LIBRARY_PATH" value="/home/travis/pthla/certi-tools/lib:/usr/lib/jni:/usr/local/share/OpenCV/java/:/usr/share/OpenCV/java:" />
    <property name="env.RACK_ENV" value="test" />
    <property name="ant.home" value="/home/travis/build/icyphy/ptII/ant" />
    <property name="env.NVM_DIR" value="/home/travis/.nvm" />
    <property name="env.CERTI_FOM_PATH" value="/home/travis/pthla/certi-tools/share/federations" />
    <property name="env.TRAVIS_BUILD_ID" value="719965759" />
    <property name="env.PYENV_ROOT" value="/opt/pyenv" />
    <property name="env.TRAVIS_UID" value="2000" />
    <property name="prism.verbose" value="true" />
    <property name="env.NVM_BIN" value="/home/travis/.nvm/versions/node/v7.10.1/bin" />
    <property name="env.TRAVIS_COMMIT" value="74248200255084cca0f8d02e5ad09f36c0965423" />
    <property name="node.executable" value="node" />
    <property name="sun.boot.library.path" value="/usr/local/lib/jvm/openjdk11/lib" />
    <property name="sun.management.compiler" value="HotSpot 64-Bit Tiered Compilers" />
    <property name="java.awt.graphicsenv" value="sun.awt.X11GraphicsEnvironment" />
    <property name="env.GOPATH" value="/home/travis/gopath" />
    <property name="ptolemy.ptII.dir" value="/home/travis/build/icyphy/ptII" />
    <property name="env.USER" value="travis" />
    <property name="env.HISTFILESIZE" value="2000" />
    <property name="env.NVM_INC" value="/home/travis/.nvm/versions/node/v7.10.1/include/node" />
    <property name="timeout.longest" value="19000000" />
    <property name="env.PERLBREW_SHELLRC_VERSION" value="0.88" />
    <property name="env.TRAVIS_STACK_FEATURES" value="basic couchdb disabled-ipv6 docker docker-compose elasticsearch firefox go-toolchain google-chrome jdk memcached mongodb mysql nodejs_interpreter perl_interpreter perlbrew phantomjs postgresql python_interpreter redis ruby_interpreter sqlite xserver" />
    <property name="env.TRAVIS_PULL_REQUEST" value="false" />
    <property name="env.PYENV_SHELL" value="bash" />
    <property name="ant.project.name" value="ptII" />
    <property name="env.ANSI_RESET" value="\033[0m" />
    <property name="java.vm.specification.version" value="11" />
    <property name="env.TRAVIS_DIST" value="xenial" />
    <property name="env.CERTI_VERSION" value="4.0.0" />
    <property name="env.CERTI_HOST" value="localhost" />
    <property name="awt.toolkit" value="sun.awt.X11.XToolkit" />
    <property name="env.MY_RUBY_HOME" value="/home/travis/.rvm/rubies/ruby-2.5.3" />
    <property name="sun.cpu.isalist" value="" />
    <property name="env.TRAVIS_TMPDIR" value="/tmp/tmp.rYNMd3Bhmu" />
    <property name="java.vm.compressedOopsMode" value="Zero based" />
    <property name="os.version" value="4.15.0-1077-gcp" />
    <property name="user.home" value="/home/travis" />
    <property name="java.vm.vendor" value="Oracle Corporation" />
    <property name="env.TRAVIS_TAG" value="nightly" />
    <property name="env.ANSI_YELLOW" value="\033[33;1m" />
    <property name="env.TRAVIS_FILTERED" value="redirect_io" />
    <property name="env.ANSI_GREEN" value="\033[32;1m" />
    <property name="env.JAVA_HOME" value="/usr/local/lib/jvm/openjdk11" />
    <property name="javadoc.excludepackagenames" value="adm.cvs2svn.*,build.*,config.*,doc.coding.templates.*,jni.test.jni.meaningOfLife.*,jni.test.jni.testDeux.*,jni.test.jni.testTrois.*,org.terraswarm.accessor.accessors.web.node_modules.*,org.terraswarm.accessor.accessors.web.hosts.cordova.demo.*,org.terraswarm.accessor.accessors.web.hosts.cordova.plugins.*,org.terraswarm.accessor.accessors-svn.*,pt-modules.*,ptolemy.apps.agilent.*,ptolemy.apps.anytimecontrol.*,ptolemy.apps.apes.*,ptolemy.apps.charon.*,ptolemy.apps.crazyboard.*,ptolemy.apps.eclipse.*,ptolemy.apps.etherealSting.*,ptolemy.apps.fullscreen.*,ptolemy.apps.giotto.*,ptolemy.apps.ia.*,ptolemy.apps.interfaces.*,ptolemy.apps.jmf.*,ptolemy.apps.kurt.*,ptolemy.apps.kvm.*,ptolemy.apps.lego.*,ptolemy.apps.lejos.*,ptolemy.apps.midp.*,ptolemy.apps.mobileCoding.*,ptolemy.apps.pendulum.*,ptolemy.apps.rijndael.*,ptolemy.apps.robot.*,ptolemy.apps.security.*,ptolemy.apps.sobel.*,ptolemy.apps.soot.*,ptolemy.apps.throttle.*,ptolemy.apps.tini.*,ptolemy.apps.transmission.*,ptolemy.apps.vergil.*,ptolemy.apps.waba.*,ptolemy.apps.websensor.*,ptolemy.apps.webstart.*,ptolemy.apps.xsl.*,ptolemy.apps.zaurus.*,ptolemy.codegen.c.actor.lib.oldJavaFiles.*,ptolemy.codegen.dsp.lib.*,ptolemy.codegen.kernel.newInterfaces.*,ptolemy.codegen.lib.*,ptolemy.copernicus.kernel.fragment.*,ptolemy.copernicus.shallow.cg.*,ptolemy.domains.giotto.demo.Hierarchy.Hierarchy.*,ptolemy.domains.giotto.demo.Multimode.Multimode.*,ptolemy.domains.giotto.demo.Simple.Simple.*,ptolemy.domains.gr.lib.experimental.*,ptolemy.domains.gro.*,ptolemy.domains.pdf.*,ptolemy.domains.ptinyos.demo.Surge.output.*,ptolemy.moml.test.NoPackageActor.java*,ptolemy.plot.adm.*,ptolemy.plot.servlet.*,reports.*,signed.*,src.*,target.*,vendors.*,ptolemy.copernicus.applet.*,ptolemy.media.viewer.*,ptolemy.actor.corba.*,doc.doclets.*,ptolemy.apps.eclipse.awt.*,ptolemy.backtrack.*,ptolemy.backtrack.ast.*,ptolemy.cg.adapter.generic.program.procedural.c.mbed*,ptolemy.homer.*,ptolemy.actor.lib.jai.*,org.ptolemy.scala.*,diva.util.java2d.svg.*,ptolemy.domains.ptinyos.*,ptolemy.actor.lib.fmi.fmipp.*,,org.terraswarm.accessor.accessors.web.node_modules.*,org.terraswarm.accessor.accessors-svn,ptolemy.apps.*,ptolemy.actor.ptalon.demo.ptinyos.SendAndReceiveCnt.output,ptolemy.actor.ptalon.demo.ptinyos.SenseToLeds.output,ptolemy.domains.ptinyos.demo.CntToLedsAndRfm.output,ptolemy.domains.ptinyos.demo.RfmToLeds.output,ptolemy.domains.ptinyos.demo.SendAndReceiveCnt.output,ptolemy.domains.ptinyos.demo.SenseToLeds.output,ptolemy.actor.lib.jjs.modules.udpSocket.*" />
    <property name="env.PTII" value="/home/travis/build/icyphy/ptII" />
    <property name="env.XDG_SESSION_ID" value="2" />
    <property name="keystore" value="ptKeystore" />
    <property name="env.TRAVIS_COMMIT_MESSAGE" value="Exclude org/hlacerti/newModels1516e/VariableArrayPTIIJavaFed" />
    <property name="junit.output.dir" value="/home/travis/build/icyphy/ptII/reports/junit" />
    <property name="npm.return.code" value="0" />
    <property name="user.dir" value="/home/travis/build/icyphy/ptII/ptolemy/domains/de/test" />
    <property name="env.TRAVIS_NODE_VERSION" value="7" />
    <property name="env.TRAVIS_EVENT_TYPE" value="cron" />
    <property name="env.MAIL" value="/var/mail/travis" />
    <property name="env.PERLBREW_ROOT" value="/home/travis/perl5/perlbrew" />
    <property name="env.PWD" value="/home/travis/build/icyphy/ptII" />
    <property name="timeout.npm" value="45000" />
    <property name="env.PT_TRAVIS_TEST_CORE2_XML" value="true" />
    <property name="env.TRAVIS_ARCH" value="amd64" />
    <property name="sun.cpu.endian" value="little" />
    <property name="env.PAGER" value="cat" />
    <property name="env.TRAVIS_BUILD_STAGE_NAME" value="test" />
    <property name="env.PERLBREW_HOME" value="/home/travis/.perlbrew" />
    <property name="java.vm.version" value="11.0.2+9" />
    <property name="env.RAILS_ENV" value="test" />
    <property name="java.class.path" value="/home/travis/build/icyphy/ptII:/home/travis/build/icyphy/ptII/lib/bsh-2.0b4.jar:/home/travis/build/icyphy/ptII/lib/ptCal.jar:/home/travis/build/icyphy/ptII/lib/java_cup.jar:/home/travis/build/icyphy/ptII/lib/saxon8.jar:/home/travis/build/icyphy/ptII/lib/saxon8-dom.jar:/home/travis/build/icyphy/ptII/lib/chic.jar:/home/travis/build/icyphy/ptII/lib/ptcolt.jar:/home/travis/build/icyphy/ptII/vendors/misc/itext/iText.jar:/home/travis/build/icyphy/ptII/lib/g4ltl.jar:/home/travis/build/icyphy/ptII/lib/StructuralCoder.jar:/home/travis/build/icyphy/ptII/lib/jcerti.jar:/home/travis/build/icyphy/ptII/lib/javax.mail.jar:/home/travis/build/icyphy/ptII/vendors/JMF-2.1.1e/lib/jmf.jar:/home/travis/build/icyphy/ptII/lib/jna-4.0.0-variadic.jar:/home/travis/build/icyphy/ptII/vendors/misc/joystick/Joystick.jar:/home/travis/build/icyphy/ptII/lib/ptjacl.jar:/home/travis/build/icyphy/ptII/lib/jsoup-1.8.2.jar:/home/travis/build/icyphy/ptII/lib/junit-4.8.2.jar:/home/travis/build/icyphy/ptII/lib/JUnitParams-0.4.0.jar:/home/travis/build/icyphy/ptII/ptolemy/actor/lib/excel/jxl.jar:/home/travis/build/icyphy/ptII/lib/jython.jar:/home/travis/build/icyphy/ptII/lib/kieler.jar:/home/travis/build/icyphy/ptII/vendors/opencv/share/OpenCV/java/opencv-341.jar:/home/travis/build/icyphy/ptII/lib/oscP5.jar:/home/travis/build/icyphy/ptII/lib/nrjavaserial-3.11.0.devel.jar:/home/travis/build/icyphy/ptII/vendors/j3d/lib/Linux/j3dcore.jar:/home/travis/build/icyphy/ptII/vendors/j3d/lib/Linux/j3dutils.jar:/home/travis/build/icyphy/ptII/vendors/j3d/lib/Linux/vecmath.jar:/home/travis/build/icyphy/ptII/vendors/jogl/lib/Linux/gluegen-rt-natives-linux-amd64.jar:/home/travis/build/icyphy/ptII/vendors/jogl/lib/Linux/gluegen-rt.jar:/home/travis/build/icyphy/ptII/vendors/jogl/lib/Linux/jogl-all-natives-linux-amd64.jar:/home/travis/build/icyphy/ptII/vendors/jogl/lib/Linux/jogl-all.jar:/home/travis/build/icyphy/ptII/ptolemy/distributed/jini/jar/jini-core.jar:/home/travis/build/icyphy/ptII/ptolemy/distributed/jini/jar/jini-ext.jar:/home/travis/build/icyphy/ptII/ptolemy/distributed/jini/jar/sun-util.jar:/home/travis/build/icyphy/ptII/lib/protobuf-java-2.4.1.jar:/home/travis/build/icyphy/ptII/lib/org.eclipse.paho.client.mqttv3.jar:/home/travis/build/icyphy/ptII/lib/mapss.jar:/home/travis/build/icyphy/ptII/ptolemy/actor/ptalon/antlr/antlr.jar:/home/travis/build/icyphy/ptII/lib/JRI.jar:/home/travis/build/icyphy/ptII/lib/commons-lang-2.6.jar:/home/travis/build/icyphy/ptII/lib/commons-logging-1.1.1.jar:/home/travis/build/icyphy/ptII/lib/sootclasses.jar:/home/travis/build/icyphy/ptII/ptolemy/actor/lib/database/mysql-connector-java-5.1.6-bin.jar:/home/travis/build/icyphy/ptII/vendors/misc/sphinx4/sphinx4-data-5prealpha.jar:/home/travis/build/icyphy/ptII/vendors/misc/sphinx4/sphinx4-core-5prealpha.jar:/home/travis/build/icyphy/ptII/lib/PDFRenderer.jar:/home/travis/build/icyphy/ptII/lib/svgSalamander.jar:/home/travis/build/icyphy/ptII/lib/rsyntaxtextarea-2.6.0-SNAPSHOT.jar:/home/travis/build/icyphy/ptII/lib/hazelcast-3.8.2.jar:/home/travis/build/icyphy/ptII/lib/jackson-annotations-2.9.0.jar:/home/travis/build/icyphy/ptII/lib/jackson-core-2.9.3.jar:/home/travis/build/icyphy/ptII/lib/jackson-databind-2.9.3.jar:/home/travis/build/icyphy/ptII/lib/netty-buffer-4.1.19.Final.jar:/home/travis/build/icyphy/ptII/lib/netty-codec-4.1.19.Final.jar:/home/travis/build/icyphy/ptII/lib/netty-codec-dns-4.1.19.Final.jar:/home/travis/build/icyphy/ptII/lib/netty-codec-http-4.1.19.Final.jar:/home/travis/build/icyphy/ptII/lib/netty-codec-http2-4.1.19.Final.jar:/home/travis/build/icyphy/ptII/lib/netty-common-4.1.19.Final.jar:/home/travis/build/icyphy/ptII/lib/netty-handler-4.1.19.Final.jar:/home/travis/build/icyphy/ptII/lib/netty-resolver-4.1.19.Final.jar:/home/travis/build/icyphy/ptII/lib/netty-resolver-dns-4.1.19.Final.jar:/home/travis/build/icyphy/ptII/lib/netty-transport-4.1.19.Final.jar:/home/travis/build/icyphy/ptII/lib/vertx-codegen-3.5.1.jar:/home/travis/build/icyphy/ptII/lib/vertx-core-3.5.2-SNAPSHOT.jar:/home/travis/build/icyphy/ptII/lib/vertx-hazelcast-3.5.1.jar:/home/travis/build/icyphy/ptII/lib/vertx-lang-js-3.5.1.jar:/home/travis/build/icyphy/ptII/lib/vertx-service-proxy-3.5.1.jar:/home/travis/build/icyphy/ptII/lib/vertx-web-3.5.1.jar:/home/travis/build/icyphy/ptII/lib/slf4j-api-1.7.13.jar:/home/travis/build/icyphy/ptII/lib/slf4j-simple-1.7.13.jar:/home/travis/build/icyphy/ptII/lib/webcam-capture-0.3.12.jar:/home/travis/build/icyphy/ptII/lib/bridj-0.7.0.jar:/home/travis/build/icyphy/ptII/lib/xbjlib-1.1.0.nrjavaserial.jar:/home/travis/build/icyphy/ptII/ptolemy/moml/test:/home/travis/build/icyphy/ptII/ant/lib/ant-launcher.jar:/home/travis/build/icyphy/ptII/ant/lib/ant.jar:/home/travis/build/icyphy/ptII/ant/lib/ant-junit.jar:/home/travis/build/icyphy/ptII/ant/lib/ant-junit4.jar" />
    <property name="ant.library.dir" value="/home/travis/build/icyphy/ptII/ant/lib" />
    <property name="os.arch" value="amd64" />
    <property name="env.CONTINUOUS_INTEGRATION" value="true" />
    <property name="env.TRAVIS_LANGUAGE" value="node_js" />
    <property name="env.TRAVIS_STACK_LANGUAGES" value="__sardonyx__ c c++ clojure cplusplus cpp default generic go groovy java node_js php pure_java python ruby scala" />
    <property name="test.name" value="ptolemy.actor.lib.test.junit.JUnitTclTest" />
    <property name="env.APT_KEY_DONT_WARN_ON_DANGEROUS_USAGE" value="1" />
    <property name="sun.java.launcher" value="SUN_STANDARD" />
    <property name="env.PYTHON_CONFIGURE_OPTS" value="--enable-unicode=ucs4 --with-wide-unicode --enable-shared --enable-ipv6 --enable-loadable-sqlite-extensions --with-computed-gotos" />
    <property name="ant.core.lib" value="/home/travis/build/icyphy/ptII/ant/lib/ant.jar" />
    <property name="java.vm.specification.vendor" value="Oracle Corporation" />
    <property name="env.BCVTB_HOME" value="/home/travis/build/icyphy/ptII/lbnl" />
    <property name="file.separator" value="/" />
    <property name="spotbugs.home" value="/home/travis/build/icyphy/ptII/vendors/spotbugs-3.1.1" />
    <property name="java.runtime.version" value="11.0.2+9" />
    <property name="javafx.verbose" value="true" />
    <property name="env.ANSI_CLEAR" value="\033[0K" />
    <property name="env.HAS_JOSH_K_SEAL_OF_APPROVAL" value="true" />
    <property name="env.XDG_RUNTIME_DIR" value="/run/user/2000" />
    <property name="env.TRAVIS_OSX_IMAGE" value="" />
    <property name="env.TRAVIS_JOB_ID" value="719965774" />
    <property name="env.TRAVIS_BRANCH" value="master" />
    <property name="user.country" value="US" />
    <property name="env.CERTI_HOME_TRAVIS" value="/home/travis/pthla/certi-tools" />
    <property name="env.SHELL" value="/bin/bash" />
    <property name="java.maxmemory.large" value="3200m" />
    <property name="model" value="" />
    <property name="env.CASHER_DIR" value="/home/travis/.casher" />
    <property name="env.NVM_CD_FLAGS" value="" />
    <property name="java.vendor.version" value="18.9" />
    <property name="jshint.executable" value="/home/travis/node_modules/jshint/bin/jshint" />
    <property name="env.JRUBY_OPTS" value=" --client -J-XX:+TieredCompilation -J-XX:TieredStopAtLevel=1 -J-Xss2m -Xcompile.invokedynamic=false" />
    <property name="java.vendor" value="Oracle Corporation" />
    <property name="env.TRAVIS_PRE_CHEF_BOOTSTRAP_TIME" value="2020-06-24T13:13:03" />
    <property name="env.TRAVIS_STACK_JOB_BOARD_REGISTER" value="/.job-board-register.yml" />
    <property name="env.ANSI_RED" value="\033[31;1m" />
    <property name="java.specification.version" value="11" />
    <property name="env.IRBRC" value="/home/travis/.rvm/rubies/ruby-2.5.3/.irbrc" />
    <property name="env.TRAVIS" value="true" />
    <property name="sun.arch.data.model" value="64" />
  </properties>
  <testcase classname="ptolemy.util.test.junit.TclTests" name="[0] /home/travis/build/icyphy/ptII/ptolemy/domains/de/test/DependencyLoop.tcl (RunTclFile)" time="1.102" />
  <testcase classname="ptolemy.util.test.junit.TclTests" name="[1] /home/travis/build/icyphy/ptII/ptolemy/domains/de/test/RunDETestsAsQSS.tcl (RunTclFile)" time="86.693" />
  <testcase classname="ptolemy.util.test.junit.AutoKnownFailedTests" name="[0] /home/travis/build/icyphy/ptII/ptolemy/domains/de/test/auto/knownFailedTests/DESDFClockTest.xml (RunModel)" time="2.043" />
  <testcase classname="ptolemy.util.test.junit.AutoKnownFailedTests" name="[1] /home/travis/build/icyphy/ptII/ptolemy/domains/de/test/auto/knownFailedTests/DirectFeedback.xml (RunModel)" time="0.018" />
  <testcase classname="ptolemy.util.test.junit.AutoKnownFailedTests" name="[2] /home/travis/build/icyphy/ptII/ptolemy/domains/de/test/auto/knownFailedTests/FSMSource.xml (RunModel)" time="0.037" />
  <testcase classname="ptolemy.util.test.junit.AutoKnownFailedTests" name="[3] /home/travis/build/icyphy/ptII/ptolemy/domains/de/test/auto/knownFailedTests/HierarchicalModel.xml (RunModel)" time="0.057" />
  <testcase classname="ptolemy.util.test.junit.AutoKnownFailedTests" name="[4] /home/travis/build/icyphy/ptII/ptolemy/domains/de/test/auto/knownFailedTests/dependencyLoop.xml (RunModel)" time="0.039" />
  <testcase classname="ptolemy.util.test.junit.AutoKnownFailedTests" name="[5] /home/travis/build/icyphy/ptII/ptolemy/domains/de/test/auto/knownFailedTests/dependencyLoop2.xml (RunModel)" time="0.05" />
  <testcase classname="ptolemy.util.test.junit.AutoNameArchTests" name="[0] ThereAreNoAutoArchTests (RunModel)" time="0.001" />
  <testcase classname="ptolemy.util.test.junit.AutoTests" name="[0] /home/travis/build/icyphy/ptII/ptolemy/domains/de/test/auto/ActorDepthCalculation_actorWithoutPorts.xml (RunModel)" time="0.025" />
  <testcase classname="ptolemy.util.test.junit.AutoTests" name="[1] /home/travis/build/icyphy/ptII/ptolemy/domains/de/test/auto/AssemblyLine.xml (RunModel)" time="0.028" />
  <testcase classname="ptolemy.util.test.junit.AutoTests" name="[2] /home/travis/build/icyphy/ptII/ptolemy/domains/de/test/auto/CQBug1.xml (RunModel)" time="0.016" />
  <testcase classname="ptolemy.util.test.junit.AutoTests" name="[3] /home/travis/build/icyphy/ptII/ptolemy/domains/de/test/auto/CancelFireAt.xml (RunModel)" time="0.014" />
  <testcase classname="ptolemy.util.test.junit.AutoTests" name="[4] /home/travis/build/icyphy/ptII/ptolemy/domains/de/test/auto/CausalityAndComposabilityAnalysis.xml (RunModel)" time="0.012" />
  <testcase classname="ptolemy.util.test.junit.AutoTests" name="[5] /home/travis/build/icyphy/ptII/ptolemy/domains/de/test/auto/CausalityInterface1.xml (RunModel)" time="0.015" />
  <testcase classname="ptolemy.util.test.junit.AutoTests" name="[6] /home/travis/build/icyphy/ptII/ptolemy/domains/de/test/auto/CausalityInterface15.xml (RunModel)" time="0.017" />
  <testcase classname="ptolemy.util.test.junit.AutoTests" name="[7] /home/travis/build/icyphy/ptII/ptolemy/domains/de/test/auto/CausalityInterface2.xml (RunModel)" time="0.012" />
  <testcase classname="ptolemy.util.test.junit.AutoTests" name="[8] /home/travis/build/icyphy/ptII/ptolemy/domains/de/test/auto/CausalityInterface3.xml (RunModel)" time="0.018" />
  <testcase classname="ptolemy.util.test.junit.AutoTests" name="[9] /home/travis/build/icyphy/ptII/ptolemy/domains/de/test/auto/ClockDrift.xml (RunModel)" time="0.034" />
  <testcase classname="ptolemy.util.test.junit.AutoTests" name="[10] /home/travis/build/icyphy/ptII/ptolemy/domains/de/test/auto/ClockDriftAndValueChange.xml (RunModel)" time="0.03" />
  <testcase classname="ptolemy.util.test.junit.AutoTests" name="[11] /home/travis/build/icyphy/ptII/ptolemy/domains/de/test/auto/ClockDriftChange.xml (RunModel)" time="0.032" />
  <testcase classname="ptolemy.util.test.junit.AutoTests" name="[12] /home/travis/build/icyphy/ptII/ptolemy/domains/de/test/auto/ComposableCausalityAnalysis.xml (RunModel)" time="0.014" />
  <testcase classname="ptolemy.util.test.junit.AutoTests" name="[13] /home/travis/build/icyphy/ptII/ptolemy/domains/de/test/auto/DEFixedPointLimitation.xml (RunModel)" time="0.009" />
  <testcase classname="ptolemy.util.test.junit.AutoTests" name="[14] /home/travis/build/icyphy/ptII/ptolemy/domains/de/test/auto/DEScheduleTest.xml (RunModel)" time="0.015" />
  <testcase classname="ptolemy.util.test.junit.AutoTests" name="[15] /home/travis/build/icyphy/ptII/ptolemy/domains/de/test/auto/DEinDEwithStartTimes.xml (RunModel)" time="0.015" />
  <testcase classname="ptolemy.util.test.junit.AutoTests" name="[16] /home/travis/build/icyphy/ptII/ptolemy/domains/de/test/auto/DEinDEwithStartTimes2.xml (RunModel)" time="0.02" />
  <testcase classname="ptolemy.util.test.junit.AutoTests" name="[17] /home/travis/build/icyphy/ptII/ptolemy/domains/de/test/auto/DateDemo.xml (RunModel)" time="0.033" />
  <testcase classname="ptolemy.util.test.junit.AutoTests" name="[18] /home/travis/build/icyphy/ptII/ptolemy/domains/de/test/auto/DateToEvent.xml (RunModel)" time="2.044" />
  <testcase classname="ptolemy.util.test.junit.AutoTests" name="[19] /home/travis/build/icyphy/ptII/ptolemy/domains/de/test/auto/DepthTest1.xml (RunModel)" time="0.01" />
  <testcase classname="ptolemy.util.test.junit.AutoTests" name="[20] /home/travis/build/icyphy/ptII/ptolemy/domains/de/test/auto/DepthTest2.xml (RunModel)" time="0.022" />
  <testcase classname="ptolemy.util.test.junit.AutoTests" name="[21] /home/travis/build/icyphy/ptII/ptolemy/domains/de/test/auto/DepthTest3.xml (RunModel)" time="0.01" />
  <testcase classname="ptolemy.util.test.junit.AutoTests" name="[22] /home/travis/build/icyphy/ptII/ptolemy/domains/de/test/auto/DepthTest4.xml (RunModel)" time="0.015" />
  <testcase classname="ptolemy.util.test.junit.AutoTests" name="[23] /home/travis/build/icyphy/ptII/ptolemy/domains/de/test/auto/DepthTest5.xml (RunModel)" time="0.025" />
  <testcase classname="ptolemy.util.test.junit.AutoTests" name="[24] /home/travis/build/icyphy/ptII/ptolemy/domains/de/test/auto/DepthTest6.xml (RunModel)" time="0.012" />
  <testcase classname="ptolemy.util.test.junit.AutoTests" name="[25] /home/travis/build/icyphy/ptII/ptolemy/domains/de/test/auto/DepthTest7.xml (RunModel)" time="0.011" />
  <testcase classname="ptolemy.util.test.junit.AutoTests" name="[26] /home/travis/build/icyphy/ptII/ptolemy/domains/de/test/auto/EventToDate.xml (RunModel)" time="3.037" />
  <testcase classname="ptolemy.util.test.junit.AutoTests" name="[27] /home/travis/build/icyphy/ptII/ptolemy/domains/de/test/auto/FSM1.xml (RunModel)" time="0.046" />
  <testcase classname="ptolemy.util.test.junit.AutoTests" name="[28] /home/travis/build/icyphy/ptII/ptolemy/domains/de/test/auto/FSM7.xml (RunModel)" time="0.042" />
  <testcase classname="ptolemy.util.test.junit.AutoTests" name="[29] /home/travis/build/icyphy/ptII/ptolemy/domains/de/test/auto/Inspection.xml (RunModel)" time="0.046" />
  <testcase classname="ptolemy.util.test.junit.AutoTests" name="[30] /home/travis/build/icyphy/ptII/ptolemy/domains/de/test/auto/Iteration.xml (RunModel)" time="0.025" />
  <testcase classname="ptolemy.util.test.junit.AutoTests" name="[31] /home/travis/build/icyphy/ptII/ptolemy/domains/de/test/auto/LineFault.xml (RunModel)" time="0.559" />
  <testcase classname="ptolemy.util.test.junit.AutoTests" name="[32] /home/travis/build/icyphy/ptII/ptolemy/domains/de/test/auto/MergeModel1Add.xml (RunModel)" time="0.042" />
  <testcase classname="ptolemy.util.test.junit.AutoTests" name="[33] /home/travis/build/icyphy/ptII/ptolemy/domains/de/test/auto/MergeModel2Add.xml (RunModel)" time="0.042" />
  <testcase classname="ptolemy.util.test.junit.AutoTests" name="[34] /home/travis/build/icyphy/ptII/ptolemy/domains/de/test/auto/MergeModel3Add.xml (RunModel)" time="0.035" />
  <testcase classname="ptolemy.util.test.junit.AutoTests" name="[35] /home/travis/build/icyphy/ptII/ptolemy/domains/de/test/auto/MergeWithoutDiscard.xml (RunModel)" time="0.011" />
  <testcase classname="ptolemy.util.test.junit.AutoTests" name="[36] /home/travis/build/icyphy/ptII/ptolemy/domains/de/test/auto/Modal1.xml (RunModel)" time="0.038" />
  <testcase classname="ptolemy.util.test.junit.AutoTests" name="[37] /home/travis/build/icyphy/ptII/ptolemy/domains/de/test/auto/Modal2.xml (RunModel)" time="0.039" />
  <testcase classname="ptolemy.util.test.junit.AutoTests" name="[38] /home/travis/build/icyphy/ptII/ptolemy/domains/de/test/auto/Modal3.xml (RunModel)" time="0.029" />
  <testcase classname="ptolemy.util.test.junit.AutoTests" name="[39] /home/travis/build/icyphy/ptII/ptolemy/domains/de/test/auto/Modal4.xml (RunModel)" time="0.031" />
  <testcase classname="ptolemy.util.test.junit.AutoTests" name="[40] /home/travis/build/icyphy/ptII/ptolemy/domains/de/test/auto/Modal5.xml (RunModel)" time="0.029" />
  <testcase classname="ptolemy.util.test.junit.AutoTests" name="[41] /home/travis/build/icyphy/ptII/ptolemy/domains/de/test/auto/Modal6.xml (RunModel)" time="0.034" />
  <testcase classname="ptolemy.util.test.junit.AutoTests" name="[42] /home/travis/build/icyphy/ptII/ptolemy/domains/de/test/auto/Modal7.xml (RunModel)" time="0.029" />
  <testcase classname="ptolemy.util.test.junit.AutoTests" name="[43] /home/travis/build/icyphy/ptII/ptolemy/domains/de/test/auto/ModalModel.xml (RunModel)" time="0.161" />
  <testcase classname="ptolemy.util.test.junit.AutoTests" name="[44] /home/travis/build/icyphy/ptII/ptolemy/domains/de/test/auto/ModalSource.xml (RunModel)" time="0.017" />
  <testcase classname="ptolemy.util.test.junit.AutoTests" name="[45] /home/travis/build/icyphy/ptII/ptolemy/domains/de/test/auto/NonInterruptibleTimerZeroDelay.xml (RunModel)" time="0.014" />
  <testcase classname="ptolemy.util.test.junit.AutoTests" name="[46] /home/travis/build/icyphy/ptII/ptolemy/domains/de/test/auto/OpenQueueingNetwork.xml (RunModel)" time="2.347" />
  <testcase classname="ptolemy.util.test.junit.AutoTests" name="[47] /home/travis/build/icyphy/ptII/ptolemy/domains/de/test/auto/OpenQueuingNetwork.xml (RunModel)" time="0.267" />
  <testcase classname="ptolemy.util.test.junit.AutoTests" name="[48] /home/travis/build/icyphy/ptII/ptolemy/domains/de/test/auto/PeriodicSampler.xml (RunModel)" time="0.012" />
  <testcase classname="ptolemy.util.test.junit.AutoTests" name="[49] /home/travis/build/icyphy/ptII/ptolemy/domains/de/test/auto/PersistentIO.xml (RunModel)" time="0.022" />
  <testcase classname="ptolemy.util.test.junit.AutoTests" name="[50] /home/travis/build/icyphy/ptII/ptolemy/domains/de/test/auto/PortParameterResetOnInitialize.xml (RunModel)" time="0.011" />
  <testcase classname="ptolemy.util.test.junit.AutoTests" name="[51] /home/travis/build/icyphy/ptII/ptolemy/domains/de/test/auto/PortParameterUpdates.xml (RunModel)" time="0.013" />
  <testcase classname="ptolemy.util.test.junit.AutoTests" name="[52] /home/travis/build/icyphy/ptII/ptolemy/domains/de/test/auto/QueueAndServer.xml (RunModel)" time="0.022" />
  <testcase classname="ptolemy.util.test.junit.AutoTests" name="[53] /home/travis/build/icyphy/ptII/ptolemy/domains/de/test/auto/Records.xml (RunModel)" time="0.015" />
  <testcase classname="ptolemy.util.test.junit.AutoTests" name="[54] /home/travis/build/icyphy/ptII/ptolemy/domains/de/test/auto/ResetTransitionWithStartTime1.xml (RunModel)" time="0.016" />
  <testcase classname="ptolemy.util.test.junit.AutoTests" name="[55] /home/travis/build/icyphy/ptII/ptolemy/domains/de/test/auto/ResetTransitionWithStartTime2.xml (RunModel)" time="0.02" />
  <testcase classname="ptolemy.util.test.junit.AutoTests" name="[56] /home/travis/build/icyphy/ptII/ptolemy/domains/de/test/auto/ResetTransitionWithStartTime3.xml (RunModel)" time="0.027" />
  <testcase classname="ptolemy.util.test.junit.AutoTests" name="[57] /home/travis/build/icyphy/ptII/ptolemy/domains/de/test/auto/ResetTransitionWithStartTime4.xml (RunModel)" time="0.022" />
  <testcase classname="ptolemy.util.test.junit.AutoTests" name="[58] /home/travis/build/icyphy/ptII/ptolemy/domains/de/test/auto/ResettableTimer1.xml (RunModel)" time="0.02" />
  <testcase classname="ptolemy.util.test.junit.AutoTests" name="[59] /home/travis/build/icyphy/ptII/ptolemy/domains/de/test/auto/ResettableTimer2.xml (RunModel)" time="0.019" />
  <testcase classname="ptolemy.util.test.junit.AutoTests" name="[60] /home/travis/build/icyphy/ptII/ptolemy/domains/de/test/auto/ResettableTimer3.xml (RunModel)" time="0.013" />
  <testcase classname="ptolemy.util.test.junit.AutoTests" name="[61] /home/travis/build/icyphy/ptII/ptolemy/domains/de/test/auto/ResettableTimer4.xml (RunModel)" time="0.017" />
  <testcase classname="ptolemy.util.test.junit.AutoTests" name="[62] /home/travis/build/icyphy/ptII/ptolemy/domains/de/test/auto/ResettableTimer5.xml (RunModel)" time="0.01" />
  <testcase classname="ptolemy.util.test.junit.AutoTests" name="[63] /home/travis/build/icyphy/ptII/ptolemy/domains/de/test/auto/ResettableTimer6.xml (RunModel)" time="0.017" />
  <testcase classname="ptolemy.util.test.junit.AutoTests" name="[64] /home/travis/build/icyphy/ptII/ptolemy/domains/de/test/auto/ServerZeroDelay.xml (RunModel)" time="0.011" />
  <testcase classname="ptolemy.util.test.junit.AutoTests" name="[65] /home/travis/build/icyphy/ptII/ptolemy/domains/de/test/auto/SmartSender.xml (RunModel)" time="3.008" />
  <testcase classname="ptolemy.util.test.junit.AutoTests" name="[66] /home/travis/build/icyphy/ptII/ptolemy/domains/de/test/auto/ThreadedComposite.xml (RunModel)" time="0.107" />
  <testcase classname="ptolemy.util.test.junit.AutoTests" name="[67] /home/travis/build/icyphy/ptII/ptolemy/domains/de/test/auto/Time.xml (RunModel)" time="0.369" />
  <testcase classname="ptolemy.util.test.junit.AutoTests" name="[68] /home/travis/build/icyphy/ptII/ptolemy/domains/de/test/auto/TimeDelayZeroDelay.xml (RunModel)" time="0.017" />
  <testcase classname="ptolemy.util.test.junit.AutoTests" name="[69] /home/travis/build/icyphy/ptII/ptolemy/domains/de/test/auto/TimerZeroDelay.xml (RunModel)" time="0.015" />
  <testcase classname="ptolemy.util.test.junit.AutoTests" name="[70] /home/travis/build/icyphy/ptII/ptolemy/domains/de/test/auto/TimingParadox.xml (RunModel)" time="0.284" />
  <testcase classname="ptolemy.util.test.junit.AutoTests" name="[71] /home/travis/build/icyphy/ptII/ptolemy/domains/de/test/auto/TransferInputs.xml (RunModel)" time="0.026" />
  <testcase classname="ptolemy.util.test.junit.AutoTests" name="[72] /home/travis/build/icyphy/ptII/ptolemy/domains/de/test/auto/TransferOutputs2.xml (RunModel)" time="0.015" />
  <testcase classname="ptolemy.util.test.junit.AutoTests" name="[73] /home/travis/build/icyphy/ptII/ptolemy/domains/de/test/auto/Trilateration.xml (RunModel)" time="10.997" />
  <testcase classname="ptolemy.util.test.junit.AutoTests" name="[74] /home/travis/build/icyphy/ptII/ptolemy/domains/de/test/auto/TwoSigmaDelta.xml (RunModel)" time="1.668" />
  <testcase classname="ptolemy.util.test.junit.AutoTests" name="[75] /home/travis/build/icyphy/ptII/ptolemy/domains/de/test/auto/VariableDelay.xml (RunModel)" time="0.01" />
  <testcase classname="ptolemy.util.test.junit.AutoTests" name="[76] /home/travis/build/icyphy/ptII/ptolemy/domains/de/test/auto/VariableDelay2.xml (RunModel)" time="0.009" />
  <testcase classname="ptolemy.util.test.junit.AutoTests" name="[77] /home/travis/build/icyphy/ptII/ptolemy/domains/de/test/auto/VariableDelayZeroDelay.xml (RunModel)" time="0.033" />
  <testcase classname="ptolemy.util.test.junit.AutoTests" name="[78] /home/travis/build/icyphy/ptII/ptolemy/domains/de/test/auto/VariableDelayZeroDelay2.xml (RunModel)" time="0.016" />
  <testcase classname="ptolemy.util.test.junit.AutoTests" name="[79] /home/travis/build/icyphy/ptII/ptolemy/domains/de/test/auto/deInCt.xml (RunModel)" time="0.016" />
  <testcase classname="ptolemy.util.test.junit.AutoTests" name="[80] /home/travis/build/icyphy/ptII/ptolemy/domains/de/test/auto/deInCt2.xml (RunModel)" time="0.015" />
  <testcase classname="ptolemy.util.test.junit.AutoTests" name="[81] /home/travis/build/icyphy/ptII/ptolemy/domains/de/test/auto/dynamicCausalityInterface1.xml (RunModel)" time="0.02" />
  <testcase classname="ptolemy.util.test.junit.AutoTests" name="[82] /home/travis/build/icyphy/ptII/ptolemy/domains/de/test/auto/fsm_de_test.xml (RunModel)" time="0.027" />
  <testcase classname="ptolemy.util.test.junit.AutoTests" name="[83] /home/travis/build/icyphy/ptII/ptolemy/domains/de/test/auto/functionDependencyReconstruction.xml (RunModel)" time="0.028" />
  <testcase classname="ptolemy.util.test.junit.AutoTests" name="[84] /home/travis/build/icyphy/ptII/ptolemy/domains/de/test/auto/multirate.xml (RunModel)" time="0.014" />
  <testcase classname="ptolemy.util.test.junit.AutoTests" name="[85] /home/travis/build/icyphy/ptII/ptolemy/domains/de/test/auto/multirate2.xml (RunModel)" time="0.014" />
  <testcase classname="ptolemy.util.test.junit.AutoTests" name="[86] /home/travis/build/icyphy/ptII/ptolemy/domains/de/test/auto/realtime.xml (RunModel)" time="10.009" />
  <testcase classname="ptolemy.util.test.junit.AutoTests" name="[87] /home/travis/build/icyphy/ptII/ptolemy/domains/de/test/auto/relationGroup.xml (RunModel)" time="0.013" />
  <testcase classname="ptolemy.util.test.junit.AutoTests" name="[88] /home/travis/build/icyphy/ptII/ptolemy/domains/de/test/auto/relationGroup2.xml (RunModel)" time="0.007" />
  <testcase classname="ptolemy.util.test.junit.AutoTests" name="[89] /home/travis/build/icyphy/ptII/ptolemy/domains/de/test/auto/sortWithOpaquePorts.xml (RunModel)" time="0.014" />
  <testcase classname="ptolemy.util.test.junit.AutoTests" name="[90] /home/travis/build/icyphy/ptII/ptolemy/domains/de/test/auto/transferInputsandOutputs.xml (RunModel)" time="0.017" />
  <testcase classname="ptolemy.util.test.junit.AutoTests" name="[91] /home/travis/build/icyphy/ptII/ptolemy/domains/de/test/auto/triggerType.xml (RunModel)" time="0.008" />
  <system-out><![CDATA[/home/travis/build/icyphy/ptII/ptolemy/domains/de/test/DependencyLoop.tcl
testDefs.tcl: setting time out to 9000 seconds at Fri Aug 21 15:28:54 UTC 2020
88 ms. Memory: 129024K Free: 79173K (61%)
19 ms. Memory: 129024K Free: 61759K (48%)
/home/travis/build/icyphy/ptII/ptolemy/domains/de/test/RunDETestsAsQSS.tcl
Run the DE tests using ptolemy.domains.qss.test.QSSDirectorTest, which extends QSSDirector and prints a message in the constructors.
------------------ testing $PTII/ptolemy/domains/de/test/auto/knownFailedTests/DirectFeedback.xml (Known Failure) 
65 ms. Memory: 129024K Free: 56135K (44%)


==== $PTIIhome/travis/build/icyphy/ptII/ptolemy/domains/de/test/../../../../: Auto Automatic test in file $PTII/ptolemy/domains/de/test/auto/knownFailedTests/DirectFeedback.xml
==== Contents of test case:

	    # FIXME: we should use $relativeFilename here, but it
	    # might have backslashes under Windows, which causes no end
	    # of trouble.
	    createAndExecute $file
	    list {}
	
.... Test generated KNOWN error:
    while executing
ptolemy.kernel.util.IllegalActionException: Test fails in iteration 1.
Value was: 1.0. Should have been: 2.0
  in .DirectFeedback.Test
	at ptolemy.actor.lib.Test.fire(Test.java:268)
	at ptolemy.domains.de.kernel.DEDirector._fire(DEDirector.java:1949)
	at ptolemy.domains.de.kernel.DEDirector.fire(DEDirector.java:502)
	at ptolemy.actor.CompositeActor.fire(CompositeActor.java:455)
	at ptolemy.actor.Manager.iterate(Manager.java:851)
	at ptolemy.actor.Manager.execute(Manager.java:369)
	at ptolemy.actor.Manager.run(Manager.java:1263)
	at ptolemy.actor.Manager$PtolemyRunThread.run(Manager.java:1933)

    while executing
ptolemy.kernel.util.IllegalActionException: Test fails in iteration 1.
Value was: 1.0. Should have been: 2.0
  in .DirectFeedback.Test
    while executing
"java::new ptolemy.moml.MoMLSimpleApplication $file
"
    (procedure "createAndExecute" line 2)
    invoked from within
"createAndExecute $file"
    ("uplevel" body line 5)
    invoked from within
"uplevel $contents_of_test"
------------------ testing $PTII/ptolemy/domains/de/test/auto/knownFailedTests/dependencyLoop.xml (Known Failure) 
31 ms. Memory: 129024K Free: 53063K (41%)


==== $PTIIhome/travis/build/icyphy/ptII/ptolemy/domains/de/test/../../../../: Auto Automatic test in file $PTII/ptolemy/domains/de/test/auto/knownFailedTests/dependencyLoop.xml
==== Contents of test case:

	    # FIXME: we should use $relativeFilename here, but it
	    # might have backslashes under Windows, which causes no end
	    # of trouble.
	    createAndExecute $file
	    list {}
	
.... Test generated KNOWN error:
    while executing
ptolemy.kernel.util.IllegalActionException: Found a zero delay loop containing .dependencyLoop.original
  in .dependencyLoop and .dependencyLoop.original
	at ptolemy.actor.util.CausalityInterfaceForComposites._computeOutputPortDepth(CausalityInterfaceForComposites.java:759)
	at ptolemy.actor.util.CausalityInterfaceForComposites._computeInputDepth(CausalityInterfaceForComposites.java:696)
	at ptolemy.actor.util.CausalityInterfaceForComposites._computeOutputPortDepth(CausalityInterfaceForComposites.java:765)
	at ptolemy.actor.util.CausalityInterfaceForComposites._computeInputDepth(CausalityInterfaceForComposites.java:696)
	at ptolemy.actor.util.CausalityInterfaceForComposites._computeOutputPortDepth(CausalityInterfaceForComposites.java:765)
	at ptolemy.actor.util.CausalityInterfaceForComposites._computeInputDepth(CausalityInterfaceForComposites.java:696)
	at ptolemy.actor.util.CausalityInterfaceForComposites._computeActorDepth(CausalityInterfaceForComposites.java:532)
	at ptolemy.actor.util.CausalityInterfaceForComposites.checkForCycles(CausalityInterfaceForComposites.java:96)
	at ptolemy.domains.de.kernel.DEDirector.preinitialize(DEDirector.java:1338)
	at ptolemy.actor.CompositeActor.preinitialize(CompositeActor.java:1828)
	at ptolemy.actor.Manager.preinitializeAndResolveTypes(Manager.java:1040)
	at ptolemy.actor.Manager.initialize(Manager.java:710)
	at ptolemy.actor.Manager.execute(Manager.java:356)
	at ptolemy.actor.Manager.run(Manager.java:1263)
	at ptolemy.actor.Manager$PtolemyRunThread.run(Manager.java:1933)

    while executing
ptolemy.kernel.util.IllegalActionException: Found a zero delay loop containing .dependencyLoop.original
  in .dependencyLoop and .dependencyLoop.original
    while executing
"java::new ptolemy.moml.MoMLSimpleApplication $file
"
    (procedure "createAndExecute" line 2)
    invoked from within
"createAndExecute $file"
    ("uplevel" body line 5)
    invoked from within
"uplevel $contents_of_test"
------------------ testing $PTII/ptolemy/domains/de/test/auto/knownFailedTests/FSMSource.xml (Known Failure) 
47 ms. Memory: 129024K Free: 111581K (86%)
!!!! Auto was marked as failing, but now passes
------------------ testing $PTII/ptolemy/domains/de/test/auto/knownFailedTests/HierarchicalModel.xml (Known Failure) 
10 ms. Memory: 129024K Free: 94651K (73%)


==== $PTIIhome/travis/build/icyphy/ptII/ptolemy/domains/de/test/../../../../: Auto Automatic test in file $PTII/ptolemy/domains/de/test/auto/knownFailedTests/HierarchicalModel.xml
==== Contents of test case:

	    # FIXME: we should use $relativeFilename here, but it
	    # might have backslashes under Windows, which causes no end
	    # of trouble.
	    createAndExecute $file
	    list {}
	
.... Test generated KNOWN error:
    while executing
ptolemy.kernel.util.IllegalActionException: Found a zero delay loop containing .HierarchicalModel.A
  in .HierarchicalModel and .HierarchicalModel.A
	at ptolemy.actor.util.CausalityInterfaceForComposites._computeOutputPortDepth(CausalityInterfaceForComposites.java:759)
	at ptolemy.actor.util.CausalityInterfaceForComposites._computeInputDepth(CausalityInterfaceForComposites.java:696)
	at ptolemy.actor.util.CausalityInterfaceForComposites._computeOutputPortDepth(CausalityInterfaceForComposites.java:765)
	at ptolemy.actor.util.CausalityInterfaceForComposites._computeInputDepth(CausalityInterfaceForComposites.java:696)
	at ptolemy.actor.util.CausalityInterfaceForComposites._computeOutputPortDepth(CausalityInterfaceForComposites.java:765)
	at ptolemy.actor.util.CausalityInterfaceForComposites._computeInputDepth(CausalityInterfaceForComposites.java:696)
	at ptolemy.actor.util.CausalityInterfaceForComposites._computeActorDepth(CausalityInterfaceForComposites.java:532)
	at ptolemy.actor.util.CausalityInterfaceForComposites.checkForCycles(CausalityInterfaceForComposites.java:96)
	at ptolemy.domains.de.kernel.DEDirector.preinitialize(DEDirector.java:1338)
	at ptolemy.actor.CompositeActor.preinitialize(CompositeActor.java:1828)
	at ptolemy.actor.Manager.preinitializeAndResolveTypes(Manager.java:1040)
	at ptolemy.actor.Manager.initialize(Manager.java:710)
	at ptolemy.actor.Manager.execute(Manager.java:356)
	at ptolemy.actor.Manager.run(Manager.java:1263)
	at ptolemy.actor.Manager$PtolemyRunThread.run(Manager.java:1933)

    while executing
ptolemy.kernel.util.IllegalActionException: Found a zero delay loop containing .HierarchicalModel.A
  in .HierarchicalModel and .HierarchicalModel.A
    while executing
"java::new ptolemy.moml.MoMLSimpleApplication $file
"
    (procedure "createAndExecute" line 2)
    invoked from within
"createAndExecute $file"
    ("uplevel" body line 5)
    invoked from within
"uplevel $contents_of_test"
------------------ testing $PTII/ptolemy/domains/de/test/auto/knownFailedTests/dependencyLoop2.xml (Known Failure) 
5 ms. Memory: 129024K Free: 78803K (61%)


==== $PTIIhome/travis/build/icyphy/ptII/ptolemy/domains/de/test/../../../../: Auto Automatic test in file $PTII/ptolemy/domains/de/test/auto/knownFailedTests/dependencyLoop2.xml
==== Contents of test case:

	    # FIXME: we should use $relativeFilename here, but it
	    # might have backslashes under Windows, which causes no end
	    # of trouble.
	    createAndExecute $file
	    list {}
	
.... Test generated KNOWN error:
    while executing
ptolemy.kernel.util.IllegalActionException: Found a zero delay loop containing .dependencyLoop2.original
  in .dependencyLoop2 and .dependencyLoop2.original
	at ptolemy.actor.util.CausalityInterfaceForComposites._computeOutputPortDepth(CausalityInterfaceForComposites.java:759)
	at ptolemy.actor.util.CausalityInterfaceForComposites._computeInputDepth(CausalityInterfaceForComposites.java:696)
	at ptolemy.actor.util.CausalityInterfaceForComposites._computeOutputPortDepth(CausalityInterfaceForComposites.java:765)
	at ptolemy.actor.util.CausalityInterfaceForComposites._computeInputDepth(CausalityInterfaceForComposites.java:696)
	at ptolemy.actor.util.CausalityInterfaceForComposites._computeOutputPortDepth(CausalityInterfaceForComposites.java:765)
	at ptolemy.actor.util.CausalityInterfaceForComposites._computeInputDepth(CausalityInterfaceForComposites.java:696)
	at ptolemy.actor.util.CausalityInterfaceForComposites._computeActorDepth(CausalityInterfaceForComposites.java:532)
	at ptolemy.actor.util.CausalityInterfaceForComposites.checkForCycles(CausalityInterfaceForComposites.java:96)
	at ptolemy.domains.de.kernel.DEDirector.preinitialize(DEDirector.java:1338)
	at ptolemy.actor.CompositeActor.preinitialize(CompositeActor.java:1828)
	at ptolemy.actor.Manager.preinitializeAndResolveTypes(Manager.java:1040)
	at ptolemy.actor.Manager.initialize(Manager.java:710)
	at ptolemy.actor.Manager.execute(Manager.java:356)
	at ptolemy.actor.Manager.run(Manager.java:1263)
	at ptolemy.actor.Manager$PtolemyRunThread.run(Manager.java:1933)

    while executing
ptolemy.kernel.util.IllegalActionException: Found a zero delay loop containing .dependencyLoop2.original
  in .dependencyLoop2 and .dependencyLoop2.original
    while executing
"java::new ptolemy.moml.MoMLSimpleApplication $file
"
    (procedure "createAndExecute" line 2)
    invoked from within
"createAndExecute $file"
    ("uplevel" body line 5)
    invoked from within
"uplevel $contents_of_test"
------------------ testing $PTII/ptolemy/domains/de/test/auto/knownFailedTests/DESDFClockTest.xml (Known Failure) 
2062 ms. Memory: 129024K Free: 109515K (85%)


==== $PTIIhome/travis/build/icyphy/ptII/ptolemy/domains/de/test/../../../../: Auto Automatic test in file $PTII/ptolemy/domains/de/test/auto/knownFailedTests/DESDFClockTest.xml
==== Contents of test case:

	    # FIXME: we should use $relativeFilename here, but it
	    # might have backslashes under Windows, which causes no end
	    # of trouble.
	    createAndExecute $file
	    list {}
	
.... Test generated KNOWN error:
    while executing
ptolemy.kernel.util.IllegalActionException: Actor is not ready to fire.  Perhaps UpSample.prefire() returned false? Try debugging the actor by selecting "Listen to Actor".  Also, for SDF check moml for tokenConsumptionRate on input.
  in .DESDFClockTest.Play Bell.Copy1:SDF Director and .DESDFClockTest.Play Bell.UpSample
	at ptolemy.actor.sched.StaticSchedulingDirector.fire(StaticSchedulingDirector.java:227)
	at ptolemy.domains.sdf.kernel.SDFDirector.fire(SDFDirector.java:500)
	at ptolemy.actor.CompositeActor.fire(CompositeActor.java:455)
	at ptolemy.domains.de.kernel.DEDirector._fire(DEDirector.java:1949)
	at ptolemy.domains.de.kernel.DEDirector.fire(DEDirector.java:502)
	at ptolemy.actor.CompositeActor.fire(CompositeActor.java:455)
	at ptolemy.actor.Manager.iterate(Manager.java:851)
	at ptolemy.actor.Manager.execute(Manager.java:369)
	at ptolemy.actor.Manager.run(Manager.java:1263)
	at ptolemy.actor.Manager$PtolemyRunThread.run(Manager.java:1933)

    while executing
ptolemy.kernel.util.IllegalActionException: Actor is not ready to fire.  Perhaps UpSample.prefire() returned false? Try debugging the actor by selecting "Listen to Actor".  Also, for SDF check moml for tokenConsumptionRate on input.
  in .DESDFClockTest.Play Bell.Copy1:SDF Director and .DESDFClockTest.Play Bell.UpSample
    while executing
"java::new ptolemy.moml.MoMLSimpleApplication $file
"
    (procedure "createAndExecute" line 2)
    invoked from within
"createAndExecute $file"
    ("uplevel" body line 5)
    invoked from within
"uplevel $contents_of_test"
------------------ testing $PTII/ptolemy/domains/de/test/auto/ActorDepthCalculation_actorWithoutPorts.xml
auto.tcl: Setting watchdog for 200 seconds at Fri Aug 21 15:28:58 UTC 2020
5 ms. Memory: 129024K Free: 101309K (79%)
ptolemy.util.test.WatchDog.cancel(): canceling Fri Aug 21 15:28:58 UTC 2020
auto.tcl: Setting watchdog for 200 seconds at Fri Aug 21 15:28:58 UTC 2020
5 ms. Memory: 129024K Free: 100285K (78%)
ptolemy.util.test.WatchDog.cancel(): canceling Fri Aug 21 15:28:58 UTC 2020
------------------ testing $PTII/ptolemy/domains/de/test/auto/AssemblyLine.xml
auto.tcl: Setting watchdog for 200 seconds at Fri Aug 21 15:28:58 UTC 2020
23 ms. Memory: 51200K Free: 27921K (55%)
ptolemy.util.test.WatchDog.cancel(): canceling Fri Aug 21 15:28:58 UTC 2020
auto.tcl: Setting watchdog for 200 seconds at Fri Aug 21 15:28:58 UTC 2020
7 ms. Memory: 51200K Free: 27258K (53%)
ptolemy.util.test.WatchDog.cancel(): canceling Fri Aug 21 15:28:58 UTC 2020
------------------ testing $PTII/ptolemy/domains/de/test/auto/CQBug1.xml
auto.tcl: Setting watchdog for 200 seconds at Fri Aug 21 15:28:58 UTC 2020
3 ms. Memory: 51200K Free: 33235K (65%)
ptolemy.util.test.WatchDog.cancel(): canceling Fri Aug 21 15:28:58 UTC 2020
auto.tcl: Setting watchdog for 200 seconds at Fri Aug 21 15:28:58 UTC 2020
2 ms. Memory: 51200K Free: 32800K (64%)
ptolemy.util.test.WatchDog.cancel(): canceling Fri Aug 21 15:28:59 UTC 2020
------------------ testing $PTII/ptolemy/domains/de/test/auto/CancelFireAt.xml
auto.tcl: Setting watchdog for 200 seconds at Fri Aug 21 15:28:59 UTC 2020
2 ms. Memory: 51200K Free: 34490K (67%)
ptolemy.util.test.WatchDog.cancel(): canceling Fri Aug 21 15:28:59 UTC 2020
auto.tcl: Setting watchdog for 200 seconds at Fri Aug 21 15:28:59 UTC 2020
3 ms. Memory: 51200K Free: 34001K (66%)
ptolemy.util.test.WatchDog.cancel(): canceling Fri Aug 21 15:28:59 UTC 2020
------------------ testing $PTII/ptolemy/domains/de/test/auto/CausalityAndComposabilityAnalysis.xml
auto.tcl: Setting watchdog for 200 seconds at Fri Aug 21 15:28:59 UTC 2020
20 ms. Memory: 51200K Free: 32603K (64%)
ptolemy.util.test.WatchDog.cancel(): canceling Fri Aug 21 15:28:59 UTC 2020
auto.tcl: Setting watchdog for 200 seconds at Fri Aug 21 15:28:59 UTC 2020
8 ms. Memory: 51200K Free: 31960K (62%)
ptolemy.util.test.WatchDog.cancel(): canceling Fri Aug 21 15:28:59 UTC 2020
------------------ testing $PTII/ptolemy/domains/de/test/auto/CausalityInterface1.xml
auto.tcl: Setting watchdog for 200 seconds at Fri Aug 21 15:28:59 UTC 2020
37 ms. Memory: 51200K Free: 31364K (61%)
ptolemy.util.test.WatchDog.cancel(): canceling Fri Aug 21 15:28:59 UTC 2020
auto.tcl: Setting watchdog for 200 seconds at Fri Aug 21 15:28:59 UTC 2020
7 ms. Memory: 51200K Free: 30401K (59%)
ptolemy.util.test.WatchDog.cancel(): canceling Fri Aug 21 15:28:59 UTC 2020
------------------ testing $PTII/ptolemy/domains/de/test/auto/CausalityInterface15.xml
auto.tcl: Setting watchdog for 200 seconds at Fri Aug 21 15:28:59 UTC 2020
14 ms. Memory: 51200K Free: 31305K (61%)
ptolemy.util.test.WatchDog.cancel(): canceling Fri Aug 21 15:28:59 UTC 2020
auto.tcl: Setting watchdog for 200 seconds at Fri Aug 21 15:28:59 UTC 2020
4 ms. Memory: 51200K Free: 30370K (59%)
ptolemy.util.test.WatchDog.cancel(): canceling Fri Aug 21 15:28:59 UTC 2020
------------------ testing $PTII/ptolemy/domains/de/test/auto/CausalityInterface2.xml
auto.tcl: Setting watchdog for 200 seconds at Fri Aug 21 15:28:59 UTC 2020
8 ms. Memory: 51200K Free: 32004K (63%)
ptolemy.util.test.WatchDog.cancel(): canceling Fri Aug 21 15:28:59 UTC 2020
auto.tcl: Setting watchdog for 200 seconds at Fri Aug 21 15:28:59 UTC 2020
3 ms. Memory: 51200K Free: 30860K (60%)
ptolemy.util.test.WatchDog.cancel(): canceling Fri Aug 21 15:28:59 UTC 2020
------------------ testing $PTII/ptolemy/domains/de/test/auto/CausalityInterface3.xml
auto.tcl: Setting watchdog for 200 seconds at Fri Aug 21 15:28:59 UTC 2020
4 ms. Memory: 51200K Free: 31539K (62%)
ptolemy.util.test.WatchDog.cancel(): canceling Fri Aug 21 15:28:59 UTC 2020
auto.tcl: Setting watchdog for 200 seconds at Fri Aug 21 15:28:59 UTC 2020
3 ms. Memory: 51200K Free: 31052K (61%)
ptolemy.util.test.WatchDog.cancel(): canceling Fri Aug 21 15:28:59 UTC 2020
------------------ testing $PTII/ptolemy/domains/de/test/auto/ClockDrift.xml
auto.tcl: Setting watchdog for 200 seconds at Fri Aug 21 15:28:59 UTC 2020
79 ms. Memory: 51200K Free: 24130K (47%)
ptolemy.util.test.WatchDog.cancel(): canceling Fri Aug 21 15:28:59 UTC 2020
auto.tcl: Setting watchdog for 200 seconds at Fri Aug 21 15:28:59 UTC 2020
58 ms. Memory: 51200K Free: 21119K (41%)
ptolemy.util.test.WatchDog.cancel(): canceling Fri Aug 21 15:28:59 UTC 2020
------------------ testing $PTII/ptolemy/domains/de/test/auto/ClockDriftAndValueChange.xml
auto.tcl: Setting watchdog for 200 seconds at Fri Aug 21 15:29:00 UTC 2020
41 ms. Memory: 51200K Free: 24733K (48%)
ptolemy.util.test.WatchDog.cancel(): canceling Fri Aug 21 15:29:00 UTC 2020
auto.tcl: Setting watchdog for 200 seconds at Fri Aug 21 15:29:00 UTC 2020
28 ms. Memory: 51200K Free: 21560K (42%)
ptolemy.util.test.WatchDog.cancel(): canceling Fri Aug 21 15:29:00 UTC 2020
------------------ testing $PTII/ptolemy/domains/de/test/auto/ClockDriftChange.xml
auto.tcl: Setting watchdog for 200 seconds at Fri Aug 21 15:29:00 UTC 2020
19 ms. Memory: 51200K Free: 25791K (50%)
ptolemy.util.test.WatchDog.cancel(): canceling Fri Aug 21 15:29:00 UTC 2020
auto.tcl: Setting watchdog for 200 seconds at Fri Aug 21 15:29:00 UTC 2020
21 ms. Memory: 51200K Free: 23417K (46%)
ptolemy.util.test.WatchDog.cancel(): canceling Fri Aug 21 15:29:00 UTC 2020
------------------ testing $PTII/ptolemy/domains/de/test/auto/ComposableCausalityAnalysis.xml
auto.tcl: Setting watchdog for 200 seconds at Fri Aug 21 15:29:00 UTC 2020
3 ms. Memory: 51200K Free: 30621K (60%)
ptolemy.util.test.WatchDog.cancel(): canceling Fri Aug 21 15:29:00 UTC 2020
auto.tcl: Setting watchdog for 200 seconds at Fri Aug 21 15:29:00 UTC 2020
6 ms. Memory: 51200K Free: 29603K (58%)
ptolemy.util.test.WatchDog.cancel(): canceling Fri Aug 21 15:29:00 UTC 2020
------------------ testing $PTII/ptolemy/domains/de/test/auto/DEFixedPointLimitation.xml
auto.tcl: Setting watchdog for 200 seconds at Fri Aug 21 15:29:00 UTC 2020
2 ms. Memory: 51200K Free: 31766K (62%)
ptolemy.util.test.WatchDog.cancel(): canceling Fri Aug 21 15:29:00 UTC 2020
auto.tcl: Setting watchdog for 200 seconds at Fri Aug 21 15:29:00 UTC 2020
2 ms. Memory: 51200K Free: 31109K (61%)
ptolemy.util.test.WatchDog.cancel(): canceling Fri Aug 21 15:29:00 UTC 2020
------------------ testing $PTII/ptolemy/domains/de/test/auto/DEScheduleTest.xml
auto.tcl: Setting watchdog for 200 seconds at Fri Aug 21 15:29:00 UTC 2020
4 ms. Memory: 51200K Free: 32333K (63%)
ptolemy.util.test.WatchDog.cancel(): canceling Fri Aug 21 15:29:00 UTC 2020
auto.tcl: Setting watchdog for 200 seconds at Fri Aug 21 15:29:00 UTC 2020
3 ms. Memory: 51200K Free: 31577K (62%)
ptolemy.util.test.WatchDog.cancel(): canceling Fri Aug 21 15:29:00 UTC 2020
------------------ testing $PTII/ptolemy/domains/de/test/auto/DEinDEwithStartTimes.xml
auto.tcl: Setting watchdog for 200 seconds at Fri Aug 21 15:29:00 UTC 2020
8 ms. Memory: 51200K Free: 30504K (60%)
ptolemy.util.test.WatchDog.cancel(): canceling Fri Aug 21 15:29:00 UTC 2020
auto.tcl: Setting watchdog for 200 seconds at Fri Aug 21 15:29:00 UTC 2020
8 ms. Memory: 51200K Free: 29480K (58%)
ptolemy.util.test.WatchDog.cancel(): canceling Fri Aug 21 15:29:00 UTC 2020
------------------ testing $PTII/ptolemy/domains/de/test/auto/DEinDEwithStartTimes2.xml
auto.tcl: Setting watchdog for 200 seconds at Fri Aug 21 15:29:00 UTC 2020
6 ms. Memory: 51200K Free: 29619K (58%)
ptolemy.util.test.WatchDog.cancel(): canceling Fri Aug 21 15:29:00 UTC 2020
auto.tcl: Setting watchdog for 200 seconds at Fri Aug 21 15:29:00 UTC 2020
4 ms. Memory: 51200K Free: 28584K (56%)
ptolemy.util.test.WatchDog.cancel(): canceling Fri Aug 21 15:29:00 UTC 2020
------------------ testing $PTII/ptolemy/domains/de/test/auto/DateDemo.xml
auto.tcl: Setting watchdog for 200 seconds at Fri Aug 21 15:29:00 UTC 2020
16 ms. Memory: 51200K Free: 24523K (48%)
ptolemy.util.test.WatchDog.cancel(): canceling Fri Aug 21 15:29:00 UTC 2020
auto.tcl: Setting watchdog for 200 seconds at Fri Aug 21 15:29:00 UTC 2020
7 ms. Memory: 51200K Free: 22834K (45%)
ptolemy.util.test.WatchDog.cancel(): canceling Fri Aug 21 15:29:00 UTC 2020
------------------ testing $PTII/ptolemy/domains/de/test/auto/DateToEvent.xml
auto.tcl: Setting watchdog for 200 seconds at Fri Aug 21 15:29:00 UTC 2020
2015 ms. Memory: 51200K Free: 20000K (39%)
ptolemy.util.test.WatchDog.cancel(): canceling Fri Aug 21 15:29:02 UTC 2020
auto.tcl: Setting watchdog for 200 seconds at Fri Aug 21 15:29:02 UTC 2020
2006 ms. Memory: 51200K Free: 19138K (37%)
ptolemy.util.test.WatchDog.cancel(): canceling Fri Aug 21 15:29:04 UTC 2020
------------------ testing $PTII/ptolemy/domains/de/test/auto/DepthTest1.xml
auto.tcl: Setting watchdog for 200 seconds at Fri Aug 21 15:29:04 UTC 2020
3 ms. Memory: 51200K Free: 33174K (65%)
ptolemy.util.test.WatchDog.cancel(): canceling Fri Aug 21 15:29:05 UTC 2020
auto.tcl: Setting watchdog for 200 seconds at Fri Aug 21 15:29:05 UTC 2020
2 ms. Memory: 51200K Free: 32677K (64%)
ptolemy.util.test.WatchDog.cancel(): canceling Fri Aug 21 15:29:05 UTC 2020
------------------ testing $PTII/ptolemy/domains/de/test/auto/DepthTest2.xml
auto.tcl: Setting watchdog for 200 seconds at Fri Aug 21 15:29:05 UTC 2020
3 ms. Memory: 51200K Free: 29946K (58%)
ptolemy.util.test.WatchDog.cancel(): canceling Fri Aug 21 15:29:05 UTC 2020
auto.tcl: Setting watchdog for 200 seconds at Fri Aug 21 15:29:05 UTC 2020
3 ms. Memory: 51200K Free: 29509K (58%)
ptolemy.util.test.WatchDog.cancel(): canceling Fri Aug 21 15:29:05 UTC 2020
------------------ testing $PTII/ptolemy/domains/de/test/auto/DepthTest3.xml
auto.tcl: Setting watchdog for 200 seconds at Fri Aug 21 15:29:05 UTC 2020
2 ms. Memory: 51200K Free: 33480K (65%)
ptolemy.util.test.WatchDog.cancel(): canceling Fri Aug 21 15:29:05 UTC 2020
auto.tcl: Setting watchdog for 200 seconds at Fri Aug 21 15:29:05 UTC 2020
2 ms. Memory: 51200K Free: 33009K (64%)
ptolemy.util.test.WatchDog.cancel(): canceling Fri Aug 21 15:29:05 UTC 2020
------------------ testing $PTII/ptolemy/domains/de/test/auto/DepthTest4.xml
auto.tcl: Setting watchdog for 200 seconds at Fri Aug 21 15:29:05 UTC 2020
6 ms. Memory: 51200K Free: 31725K (62%)
ptolemy.util.test.WatchDog.cancel(): canceling Fri Aug 21 15:29:05 UTC 2020
auto.tcl: Setting watchdog for 200 seconds at Fri Aug 21 15:29:05 UTC 2020
2 ms. Memory: 51200K Free: 31065K (61%)
ptolemy.util.test.WatchDog.cancel(): canceling Fri Aug 21 15:29:05 UTC 2020
------------------ testing $PTII/ptolemy/domains/de/test/auto/DepthTest5.xml
auto.tcl: Setting watchdog for 200 seconds at Fri Aug 21 15:29:05 UTC 2020
5 ms. Memory: 51200K Free: 31171K (61%)
ptolemy.util.test.WatchDog.cancel(): canceling Fri Aug 21 15:29:05 UTC 2020
auto.tcl: Setting watchdog for 200 seconds at Fri Aug 21 15:29:05 UTC 2020
3 ms. Memory: 51200K Free: 30438K (59%)
ptolemy.util.test.WatchDog.cancel(): canceling Fri Aug 21 15:29:05 UTC 2020
------------------ testing $PTII/ptolemy/domains/de/test/auto/DepthTest6.xml
auto.tcl: Setting watchdog for 200 seconds at Fri Aug 21 15:29:05 UTC 2020
5 ms. Memory: 51200K Free: 30887K (60%)
ptolemy.util.test.WatchDog.cancel(): canceling Fri Aug 21 15:29:05 UTC 2020
auto.tcl: Setting watchdog for 200 seconds at Fri Aug 21 15:29:05 UTC 2020
3 ms. Memory: 51200K Free: 30449K (59%)
ptolemy.util.test.WatchDog.cancel(): canceling Fri Aug 21 15:29:05 UTC 2020
------------------ testing $PTII/ptolemy/domains/de/test/auto/DepthTest7.xml
auto.tcl: Setting watchdog for 200 seconds at Fri Aug 21 15:29:05 UTC 2020
2 ms. Memory: 51200K Free: 30908K (60%)
ptolemy.util.test.WatchDog.cancel(): canceling Fri Aug 21 15:29:05 UTC 2020
auto.tcl: Setting watchdog for 200 seconds at Fri Aug 21 15:29:05 UTC 2020
2 ms. Memory: 51200K Free: 30445K (59%)
ptolemy.util.test.WatchDog.cancel(): canceling Fri Aug 21 15:29:05 UTC 2020
------------------ testing $PTII/ptolemy/domains/de/test/auto/EventToDate.xml
auto.tcl: Setting watchdog for 200 seconds at Fri Aug 21 15:29:05 UTC 2020
3013 ms. Memory: 51200K Free: 22402K (44%)
ptolemy.util.test.WatchDog.cancel(): canceling Fri Aug 21 15:29:08 UTC 2020
auto.tcl: Setting watchdog for 200 seconds at Fri Aug 21 15:29:08 UTC 2020
3007 ms. Memory: 51200K Free: 21792K (43%)
ptolemy.util.test.WatchDog.cancel(): canceling Fri Aug 21 15:29:11 UTC 2020
------------------ testing $PTII/ptolemy/domains/de/test/auto/FSM1.xml
auto.tcl: Setting watchdog for 200 seconds at Fri Aug 21 15:29:11 UTC 2020
19 ms. Memory: 51200K Free: 23723K (46%)
ptolemy.util.test.WatchDog.cancel(): canceling Fri Aug 21 15:29:11 UTC 2020
auto.tcl: Setting watchdog for 200 seconds at Fri Aug 21 15:29:11 UTC 2020
17 ms. Memory: 51200K Free: 20433K (40%)
ptolemy.util.test.WatchDog.cancel(): canceling Fri Aug 21 15:29:11 UTC 2020
------------------ testing $PTII/ptolemy/domains/de/test/auto/FSM7.xml
auto.tcl: Setting watchdog for 200 seconds at Fri Aug 21 15:29:11 UTC 2020
15 ms. Memory: 51200K Free: 23631K (46%)
ptolemy.util.test.WatchDog.cancel(): canceling Fri Aug 21 15:29:11 UTC 2020
auto.tcl: Setting watchdog for 200 seconds at Fri Aug 21 15:29:11 UTC 2020
21 ms. Memory: 51200K Free: 20653K (40%)
ptolemy.util.test.WatchDog.cancel(): canceling Fri Aug 21 15:29:11 UTC 2020
------------------ testing $PTII/ptolemy/domains/de/test/auto/Inspection.xml
auto.tcl: Setting watchdog for 200 seconds at Fri Aug 21 15:29:11 UTC 2020
31 ms. Memory: 51200K Free: 23400K (46%)
ptolemy.util.test.WatchDog.cancel(): canceling Fri Aug 21 15:29:11 UTC 2020
auto.tcl: Setting watchdog for 200 seconds at Fri Aug 21 15:29:11 UTC 2020
27 ms. Memory: 51200K Free: 21300K (42%)
ptolemy.util.test.WatchDog.cancel(): canceling Fri Aug 21 15:29:11 UTC 2020
------------------ testing $PTII/ptolemy/domains/de/test/auto/Iteration.xml
auto.tcl: Setting watchdog for 200 seconds at Fri Aug 21 15:29:11 UTC 2020
7 ms. Memory: 51200K Free: 29205K (57%)
ptolemy.util.test.WatchDog.cancel(): canceling Fri Aug 21 15:29:12 UTC 2020
auto.tcl: Setting watchdog for 200 seconds at Fri Aug 21 15:29:12 UTC 2020
7 ms. Memory: 51200K Free: 28181K (55%)
ptolemy.util.test.WatchDog.cancel(): canceling Fri Aug 21 15:29:12 UTC 2020
------------------ testing $PTII/ptolemy/domains/de/test/auto/LineFault.xml
auto.tcl: Setting watchdog for 200 seconds at Fri Aug 21 15:29:12 UTC 2020
636 ms. Memory: 51200K Free: 17217K (34%)
ptolemy.util.test.WatchDog.cancel(): canceling Fri Aug 21 15:29:13 UTC 2020
auto.tcl: Setting watchdog for 200 seconds at Fri Aug 21 15:29:13 UTC 2020
473 ms. Memory: 63488K Free: 45935K (72%)
ptolemy.util.test.WatchDog.cancel(): canceling Fri Aug 21 15:29:13 UTC 2020
------------------ testing $PTII/ptolemy/domains/de/test/auto/MergeModel1Add.xml
auto.tcl: Setting watchdog for 200 seconds at Fri Aug 21 15:29:13 UTC 2020
18 ms. Memory: 58368K Free: 22044K (38%)
ptolemy.util.test.WatchDog.cancel(): canceling Fri Aug 21 15:29:13 UTC 2020
auto.tcl: Setting watchdog for 200 seconds at Fri Aug 21 15:29:13 UTC 2020
16 ms. Memory: 58368K Free: 20712K (35%)
ptolemy.util.test.WatchDog.cancel(): canceling Fri Aug 21 15:29:13 UTC 2020
------------------ testing $PTII/ptolemy/domains/de/test/auto/MergeModel2Add.xml
auto.tcl: Setting watchdog for 200 seconds at Fri Aug 21 15:29:13 UTC 2020
12 ms. Memory: 55296K Free: 21594K (39%)
ptolemy.util.test.WatchDog.cancel(): canceling Fri Aug 21 15:29:13 UTC 2020
auto.tcl: Setting watchdog for 200 seconds at Fri Aug 21 15:29:13 UTC 2020
11 ms. Memory: 55296K Free: 19908K (36%)
ptolemy.util.test.WatchDog.cancel(): canceling Fri Aug 21 15:29:13 UTC 2020
------------------ testing $PTII/ptolemy/domains/de/test/auto/MergeModel3Add.xml
auto.tcl: Setting watchdog for 200 seconds at Fri Aug 21 15:29:13 UTC 2020
9 ms. Memory: 51200K Free: 17517K (34%)
ptolemy.util.test.WatchDog.cancel(): canceling Fri Aug 21 15:29:14 UTC 2020
auto.tcl: Setting watchdog for 200 seconds at Fri Aug 21 15:29:14 UTC 2020
9 ms. Memory: 51200K Free: 15839K (31%)
ptolemy.util.test.WatchDog.cancel(): canceling Fri Aug 21 15:29:14 UTC 2020
------------------ testing $PTII/ptolemy/domains/de/test/auto/MergeWithoutDiscard.xml
auto.tcl: Setting watchdog for 200 seconds at Fri Aug 21 15:29:14 UTC 2020
2 ms. Memory: 51200K Free: 32145K (63%)
ptolemy.util.test.WatchDog.cancel(): canceling Fri Aug 21 15:29:14 UTC 2020
auto.tcl: Setting watchdog for 200 seconds at Fri Aug 21 15:29:14 UTC 2020
2 ms. Memory: 51200K Free: 31258K (61%)
ptolemy.util.test.WatchDog.cancel(): canceling Fri Aug 21 15:29:14 UTC 2020
------------------ testing $PTII/ptolemy/domains/de/test/auto/Modal1.xml
auto.tcl: Setting watchdog for 200 seconds at Fri Aug 21 15:29:14 UTC 2020
17 ms. Memory: 51200K Free: 23979K (47%)
ptolemy.util.test.WatchDog.cancel(): canceling Fri Aug 21 15:29:14 UTC 2020
auto.tcl: Setting watchdog for 200 seconds at Fri Aug 21 15:29:14 UTC 2020
22 ms. Memory: 51200K Free: 20728K (40%)
ptolemy.util.test.WatchDog.cancel(): canceling Fri Aug 21 15:29:14 UTC 2020
------------------ testing $PTII/ptolemy/domains/de/test/auto/Modal2.xml
auto.tcl: Setting watchdog for 200 seconds at Fri Aug 21 15:29:14 UTC 2020
17 ms. Memory: 51200K Free: 23832K (47%)
ptolemy.util.test.WatchDog.cancel(): canceling Fri Aug 21 15:29:14 UTC 2020
auto.tcl: Setting watchdog for 200 seconds at Fri Aug 21 15:29:14 UTC 2020
11 ms. Memory: 51200K Free: 20591K (40%)
ptolemy.util.test.WatchDog.cancel(): canceling Fri Aug 21 15:29:14 UTC 2020
------------------ testing $PTII/ptolemy/domains/de/test/auto/Modal3.xml
auto.tcl: Setting watchdog for 200 seconds at Fri Aug 21 15:29:14 UTC 2020
10 ms. Memory: 51200K Free: 23519K (46%)
ptolemy.util.test.WatchDog.cancel(): canceling Fri Aug 21 15:29:14 UTC 2020
auto.tcl: Setting watchdog for 200 seconds at Fri Aug 21 15:29:14 UTC 2020
12 ms. Memory: 51200K Free: 20587K (40%)
ptolemy.util.test.WatchDog.cancel(): canceling Fri Aug 21 15:29:14 UTC 2020
------------------ testing $PTII/ptolemy/domains/de/test/auto/Modal4.xml
auto.tcl: Setting watchdog for 200 seconds at Fri Aug 21 15:29:14 UTC 2020
13 ms. Memory: 51200K Free: 22828K (45%)
ptolemy.util.test.WatchDog.cancel(): canceling Fri Aug 21 15:29:14 UTC 2020
auto.tcl: Setting watchdog for 200 seconds at Fri Aug 21 15:29:14 UTC 2020
12 ms. Memory: 51200K Free: 18979K (37%)
ptolemy.util.test.WatchDog.cancel(): canceling Fri Aug 21 15:29:14 UTC 2020
------------------ testing $PTII/ptolemy/domains/de/test/auto/Modal5.xml
auto.tcl: Setting watchdog for 200 seconds at Fri Aug 21 15:29:14 UTC 2020
14 ms. Memory: 51200K Free: 22814K (45%)
ptolemy.util.test.WatchDog.cancel(): canceling Fri Aug 21 15:29:14 UTC 2020
auto.tcl: Setting watchdog for 200 seconds at Fri Aug 21 15:29:14 UTC 2020
15 ms. Memory: 51200K Free: 18966K (37%)
ptolemy.util.test.WatchDog.cancel(): canceling Fri Aug 21 15:29:14 UTC 2020
------------------ testing $PTII/ptolemy/domains/de/test/auto/Modal6.xml
auto.tcl: Setting watchdog for 200 seconds at Fri Aug 21 15:29:14 UTC 2020
16 ms. Memory: 51200K Free: 23532K (46%)
ptolemy.util.test.WatchDog.cancel(): canceling Fri Aug 21 15:29:14 UTC 2020
auto.tcl: Setting watchdog for 200 seconds at Fri Aug 21 15:29:14 UTC 2020
16 ms. Memory: 51200K Free: 19988K (39%)
ptolemy.util.test.WatchDog.cancel(): canceling Fri Aug 21 15:29:14 UTC 2020
------------------ testing $PTII/ptolemy/domains/de/test/auto/Modal7.xml
auto.tcl: Setting watchdog for 200 seconds at Fri Aug 21 15:29:14 UTC 2020
16 ms. Memory: 51200K Free: 22560K (44%)
ptolemy.util.test.WatchDog.cancel(): canceling Fri Aug 21 15:29:14 UTC 2020
auto.tcl: Setting watchdog for 200 seconds at Fri Aug 21 15:29:14 UTC 2020
11 ms. Memory: 51200K Free: 19195K (37%)
ptolemy.util.test.WatchDog.cancel(): canceling Fri Aug 21 15:29:14 UTC 2020
------------------ testing $PTII/ptolemy/domains/de/test/auto/ModalModel.xml
auto.tcl: Setting watchdog for 200 seconds at Fri Aug 21 15:29:14 UTC 2020
191 ms. Memory: 51200K Free: 14701K (29%)
ptolemy.util.test.WatchDog.cancel(): canceling Fri Aug 21 15:29:15 UTC 2020
auto.tcl: Setting watchdog for 200 seconds at Fri Aug 21 15:29:15 UTC 2020
186 ms. Memory: 65536K Free: 20254K (31%)
ptolemy.util.test.WatchDog.cancel(): canceling Fri Aug 21 15:29:15 UTC 2020
------------------ testing $PTII/ptolemy/domains/de/test/auto/ModalSource.xml
auto.tcl: Setting watchdog for 200 seconds at Fri Aug 21 15:29:15 UTC 2020
6 ms. Memory: 55296K Free: 31467K (57%)
ptolemy.util.test.WatchDog.cancel(): canceling Fri Aug 21 15:29:15 UTC 2020
auto.tcl: Setting watchdog for 200 seconds at Fri Aug 21 15:29:15 UTC 2020
5 ms. Memory: 55296K Free: 29262K (53%)
ptolemy.util.test.WatchDog.cancel(): canceling Fri Aug 21 15:29:15 UTC 2020
------------------ testing $PTII/ptolemy/domains/de/test/auto/NonInterruptibleTimerZeroDelay.xml
auto.tcl: Setting watchdog for 200 seconds at Fri Aug 21 15:29:15 UTC 2020
3 ms. Memory: 51200K Free: 32583K (64%)
ptolemy.util.test.WatchDog.cancel(): canceling Fri Aug 21 15:29:15 UTC 2020
auto.tcl: Setting watchdog for 200 seconds at Fri Aug 21 15:29:15 UTC 2020
2 ms. Memory: 51200K Free: 31911K (62%)
ptolemy.util.test.WatchDog.cancel(): canceling Fri Aug 21 15:29:15 UTC 2020
------------------ testing $PTII/ptolemy/domains/de/test/auto/OpenQueueingNetwork.xml
auto.tcl: Setting watchdog for 200 seconds at Fri Aug 21 15:29:15 UTC 2020
3230 ms. Memory: 101376K Free: 56211K (55%)
ptolemy.util.test.WatchDog.cancel(): canceling Fri Aug 21 15:29:18 UTC 2020
auto.tcl: Setting watchdog for 200 seconds at Fri Aug 21 15:29:18 UTC 2020
2850 ms. Memory: 121856K Free: 55724K (46%)
ptolemy.util.test.WatchDog.cancel(): canceling Fri Aug 21 15:29:21 UTC 2020
------------------ testing $PTII/ptolemy/domains/de/test/auto/OpenQueuingNetwork.xml
auto.tcl: Setting watchdog for 200 seconds at Fri Aug 21 15:29:21 UTC 2020
262 ms. Memory: 58368K Free: 28284K (48%)
ptolemy.util.test.WatchDog.cancel(): canceling Fri Aug 21 15:29:22 UTC 2020
auto.tcl: Setting watchdog for 200 seconds at Fri Aug 21 15:29:22 UTC 2020
268 ms. Memory: 58368K Free: 39308K (67%)
ptolemy.util.test.WatchDog.cancel(): canceling Fri Aug 21 15:29:22 UTC 2020
------------------ testing $PTII/ptolemy/domains/de/test/auto/PeriodicSampler.xml
auto.tcl: Setting watchdog for 200 seconds at Fri Aug 21 15:29:22 UTC 2020
2 ms. Memory: 55296K Free: 36355K (66%)
ptolemy.util.test.WatchDog.cancel(): canceling Fri Aug 21 15:29:22 UTC 2020
auto.tcl: Setting watchdog for 200 seconds at Fri Aug 21 15:29:22 UTC 2020
3 ms. Memory: 55296K Free: 35361K (64%)
ptolemy.util.test.WatchDog.cancel(): canceling Fri Aug 21 15:29:22 UTC 2020
------------------ testing $PTII/ptolemy/domains/de/test/auto/PersistentIO.xml
auto.tcl: Setting watchdog for 200 seconds at Fri Aug 21 15:29:22 UTC 2020
13 ms. Memory: 55296K Free: 30800K (56%)
ptolemy.util.test.WatchDog.cancel(): canceling Fri Aug 21 15:29:22 UTC 2020
auto.tcl: Setting watchdog for 200 seconds at Fri Aug 21 15:29:22 UTC 2020
4 ms. Memory: 55296K Free: 29280K (53%)
ptolemy.util.test.WatchDog.cancel(): canceling Fri Aug 21 15:29:22 UTC 2020
------------------ testing $PTII/ptolemy/domains/de/test/auto/PortParameterResetOnInitialize.xml
auto.tcl: Setting watchdog for 200 seconds at Fri Aug 21 15:29:22 UTC 2020
2 ms. Memory: 55296K Free: 35978K (65%)
ptolemy.util.test.WatchDog.cancel(): canceling Fri Aug 21 15:29:22 UTC 2020
auto.tcl: Setting watchdog for 200 seconds at Fri Aug 21 15:29:22 UTC 2020
1 ms. Memory: 55296K Free: 35466K (64%)
ptolemy.util.test.WatchDog.cancel(): canceling Fri Aug 21 15:29:22 UTC 2020
------------------ testing $PTII/ptolemy/domains/de/test/auto/PortParameterUpdates.xml
auto.tcl: Setting watchdog for 200 seconds at Fri Aug 21 15:29:22 UTC 2020
5 ms. Memory: 55296K Free: 34464K (62%)
ptolemy.util.test.WatchDog.cancel(): canceling Fri Aug 21 15:29:22 UTC 2020
auto.tcl: Setting watchdog for 200 seconds at Fri Aug 21 15:29:22 UTC 2020
5 ms. Memory: 55296K Free: 32842K (59%)
ptolemy.util.test.WatchDog.cancel(): canceling Fri Aug 21 15:29:22 UTC 2020
------------------ testing $PTII/ptolemy/domains/de/test/auto/QueueAndServer.xml
auto.tcl: Setting watchdog for 200 seconds at Fri Aug 21 15:29:22 UTC 2020
14 ms. Memory: 55296K Free: 32719K (59%)
ptolemy.util.test.WatchDog.cancel(): canceling Fri Aug 21 15:29:22 UTC 2020
auto.tcl: Setting watchdog for 200 seconds at Fri Aug 21 15:29:22 UTC 2020
9 ms. Memory: 55296K Free: 31288K (57%)
ptolemy.util.test.WatchDog.cancel(): canceling Fri Aug 21 15:29:22 UTC 2020
------------------ testing $PTII/ptolemy/domains/de/test/auto/Records.xml
auto.tcl: Setting watchdog for 200 seconds at Fri Aug 21 15:29:22 UTC 2020
3 ms. Memory: 55296K Free: 35019K (63%)
ptolemy.util.test.WatchDog.cancel(): canceling Fri Aug 21 15:29:22 UTC 2020
auto.tcl: Setting watchdog for 200 seconds at Fri Aug 21 15:29:22 UTC 2020
3 ms. Memory: 55296K Free: 34473K (62%)
ptolemy.util.test.WatchDog.cancel(): canceling Fri Aug 21 15:29:22 UTC 2020
------------------ testing $PTII/ptolemy/domains/de/test/auto/ResetTransitionWithStartTime1.xml
auto.tcl: Setting watchdog for 200 seconds at Fri Aug 21 15:29:22 UTC 2020
12 ms. Memory: 55296K Free: 32284K (58%)
ptolemy.util.test.WatchDog.cancel(): canceling Fri Aug 21 15:29:23 UTC 2020
auto.tcl: Setting watchdog for 200 seconds at Fri Aug 21 15:29:23 UTC 2020
5 ms. Memory: 55296K Free: 29722K (54%)
ptolemy.util.test.WatchDog.cancel(): canceling Fri Aug 21 15:29:23 UTC 2020
------------------ testing $PTII/ptolemy/domains/de/test/auto/ResetTransitionWithStartTime2.xml
auto.tcl: Setting watchdog for 200 seconds at Fri Aug 21 15:29:23 UTC 2020
5 ms. Memory: 55296K Free: 32239K (58%)
ptolemy.util.test.WatchDog.cancel(): canceling Fri Aug 21 15:29:23 UTC 2020
auto.tcl: Setting watchdog for 200 seconds at Fri Aug 21 15:29:23 UTC 2020
6 ms. Memory: 55296K Free: 30191K (55%)
ptolemy.util.test.WatchDog.cancel(): canceling Fri Aug 21 15:29:23 UTC 2020
------------------ testing $PTII/ptolemy/domains/de/test/auto/ResetTransitionWithStartTime3.xml
auto.tcl: Setting watchdog for 200 seconds at Fri Aug 21 15:29:23 UTC 2020
5 ms. Memory: 55296K Free: 32238K (58%)
ptolemy.util.test.WatchDog.cancel(): canceling Fri Aug 21 15:29:23 UTC 2020
auto.tcl: Setting watchdog for 200 seconds at Fri Aug 21 15:29:23 UTC 2020
6 ms. Memory: 55296K Free: 29676K (54%)
ptolemy.util.test.WatchDog.cancel(): canceling Fri Aug 21 15:29:23 UTC 2020
------------------ testing $PTII/ptolemy/domains/de/test/auto/ResetTransitionWithStartTime4.xml
auto.tcl: Setting watchdog for 200 seconds at Fri Aug 21 15:29:23 UTC 2020
8 ms. Memory: 55296K Free: 32643K (59%)
ptolemy.util.test.WatchDog.cancel(): canceling Fri Aug 21 15:29:23 UTC 2020
auto.tcl: Setting watchdog for 200 seconds at Fri Aug 21 15:29:23 UTC 2020
3 ms. Memory: 55296K Free: 31212K (56%)
ptolemy.util.test.WatchDog.cancel(): canceling Fri Aug 21 15:29:23 UTC 2020
------------------ testing $PTII/ptolemy/domains/de/test/auto/ResettableTimer1.xml
auto.tcl: Setting watchdog for 200 seconds at Fri Aug 21 15:29:23 UTC 2020
3 ms. Memory: 55296K Free: 36314K (66%)
ptolemy.util.test.WatchDog.cancel(): canceling Fri Aug 21 15:29:23 UTC 2020
auto.tcl: Setting watchdog for 200 seconds at Fri Aug 21 15:29:23 UTC 2020
2 ms. Memory: 55296K Free: 35290K (64%)
ptolemy.util.test.WatchDog.cancel(): canceling Fri Aug 21 15:29:23 UTC 2020
------------------ testing $PTII/ptolemy/domains/de/test/auto/ResettableTimer2.xml
auto.tcl: Setting watchdog for 200 seconds at Fri Aug 21 15:29:23 UTC 2020
3 ms. Memory: 55296K Free: 36370K (66%)
ptolemy.util.test.WatchDog.cancel(): canceling Fri Aug 21 15:29:23 UTC 2020
auto.tcl: Setting watchdog for 200 seconds at Fri Aug 21 15:29:23 UTC 2020
2 ms. Memory: 55296K Free: 35346K (64%)
ptolemy.util.test.WatchDog.cancel(): canceling Fri Aug 21 15:29:23 UTC 2020
------------------ testing $PTII/ptolemy/domains/de/test/auto/ResettableTimer3.xml
auto.tcl: Setting watchdog for 200 seconds at Fri Aug 21 15:29:23 UTC 2020
1 ms. Memory: 55296K Free: 36880K (67%)
ptolemy.util.test.WatchDog.cancel(): canceling Fri Aug 21 15:29:23 UTC 2020
auto.tcl: Setting watchdog for 200 seconds at Fri Aug 21 15:29:23 UTC 2020
2 ms. Memory: 55296K Free: 36370K (66%)
ptolemy.util.test.WatchDog.cancel(): canceling Fri Aug 21 15:29:23 UTC 2020
------------------ testing $PTII/ptolemy/domains/de/test/auto/ResettableTimer4.xml
auto.tcl: Setting watchdog for 200 seconds at Fri Aug 21 15:29:23 UTC 2020
1 ms. Memory: 55296K Free: 36383K (66%)
ptolemy.util.test.WatchDog.cancel(): canceling Fri Aug 21 15:29:23 UTC 2020
auto.tcl: Setting watchdog for 200 seconds at Fri Aug 21 15:29:23 UTC 2020
1 ms. Memory: 55296K Free: 36383K (66%)
ptolemy.util.test.WatchDog.cancel(): canceling Fri Aug 21 15:29:23 UTC 2020
------------------ testing $PTII/ptolemy/domains/de/test/auto/ResettableTimer5.xml
auto.tcl: Setting watchdog for 200 seconds at Fri Aug 21 15:29:23 UTC 2020
2 ms. Memory: 51200K Free: 32285K (63%)
ptolemy.util.test.WatchDog.cancel(): canceling Fri Aug 21 15:29:23 UTC 2020
auto.tcl: Setting watchdog for 200 seconds at Fri Aug 21 15:29:23 UTC 2020
1 ms. Memory: 51200K Free: 31771K (62%)
ptolemy.util.test.WatchDog.cancel(): canceling Fri Aug 21 15:29:23 UTC 2020
------------------ testing $PTII/ptolemy/domains/de/test/auto/ResettableTimer6.xml
auto.tcl: Setting watchdog for 200 seconds at Fri Aug 21 15:29:23 UTC 2020
1 ms. Memory: 51200K Free: 31763K (62%)
ptolemy.util.test.WatchDog.cancel(): canceling Fri Aug 21 15:29:23 UTC 2020
auto.tcl: Setting watchdog for 200 seconds at Fri Aug 21 15:29:23 UTC 2020
2 ms. Memory: 51200K Free: 31253K (61%)
ptolemy.util.test.WatchDog.cancel(): canceling Fri Aug 21 15:29:23 UTC 2020
------------------ testing $PTII/ptolemy/domains/de/test/auto/ServerZeroDelay.xml
auto.tcl: Setting watchdog for 200 seconds at Fri Aug 21 15:29:23 UTC 2020
3 ms. Memory: 51200K Free: 32268K (63%)
ptolemy.util.test.WatchDog.cancel(): canceling Fri Aug 21 15:29:23 UTC 2020
auto.tcl: Setting watchdog for 200 seconds at Fri Aug 21 15:29:23 UTC 2020
2 ms. Memory: 51200K Free: 31254K (61%)
ptolemy.util.test.WatchDog.cancel(): canceling Fri Aug 21 15:29:23 UTC 2020
------------------ testing $PTII/ptolemy/domains/de/test/auto/SmartSender.xml
auto.tcl: Setting watchdog for 200 seconds at Fri Aug 21 15:29:23 UTC 2020
3002 ms. Memory: 51200K Free: 32262K (63%)
ptolemy.util.test.WatchDog.cancel(): canceling Fri Aug 21 15:29:26 UTC 2020
auto.tcl: Setting watchdog for 200 seconds at Fri Aug 21 15:29:26 UTC 2020
3002 ms. Memory: 51200K Free: 31762K (62%)
ptolemy.util.test.WatchDog.cancel(): canceling Fri Aug 21 15:29:29 UTC 2020
------------------ testing $PTII/ptolemy/domains/de/test/auto/ThreadedComposite.xml
auto.tcl: Setting watchdog for 200 seconds at Fri Aug 21 15:29:29 UTC 2020
182 ms. Memory: 51200K Free: 13329K (26%)
ptolemy.util.test.WatchDog.cancel(): canceling Fri Aug 21 15:29:29 UTC 2020
auto.tcl: Setting watchdog for 200 seconds at Fri Aug 21 15:29:29 UTC 2020
182 ms. Memory: 51200K Free: 24355K (48%)
ptolemy.util.test.WatchDog.cancel(): canceling Fri Aug 21 15:29:30 UTC 2020
------------------ testing $PTII/ptolemy/domains/de/test/auto/Time.xml
auto.tcl: Setting watchdog for 200 seconds at Fri Aug 21 15:29:30 UTC 2020
451 ms. Memory: 75776K Free: 28757K (38%)
ptolemy.util.test.WatchDog.cancel(): canceling Fri Aug 21 15:29:30 UTC 2020
auto.tcl: Setting watchdog for 200 seconds at Fri Aug 21 15:29:30 UTC 2020
430 ms. Memory: 75776K Free: 55914K (74%)
ptolemy.util.test.WatchDog.cancel(): canceling Fri Aug 21 15:29:31 UTC 2020
------------------ testing $PTII/ptolemy/domains/de/test/auto/TimeDelayZeroDelay.xml
auto.tcl: Setting watchdog for 200 seconds at Fri Aug 21 15:29:31 UTC 2020
3 ms. Memory: 55296K Free: 36796K (67%)
ptolemy.util.test.WatchDog.cancel(): canceling Fri Aug 21 15:29:31 UTC 2020
auto.tcl: Setting watchdog for 200 seconds at Fri Aug 21 15:29:31 UTC 2020
2 ms. Memory: 55296K Free: 36286K (66%)
ptolemy.util.test.WatchDog.cancel(): canceling Fri Aug 21 15:29:31 UTC 2020
------------------ testing $PTII/ptolemy/domains/de/test/auto/TimerZeroDelay.xml
auto.tcl: Setting watchdog for 200 seconds at Fri Aug 21 15:29:31 UTC 2020
3 ms. Memory: 55296K Free: 36637K (66%)
ptolemy.util.test.WatchDog.cancel(): canceling Fri Aug 21 15:29:31 UTC 2020
auto.tcl: Setting watchdog for 200 seconds at Fri Aug 21 15:29:31 UTC 2020
2 ms. Memory: 55296K Free: 35930K (65%)
ptolemy.util.test.WatchDog.cancel(): canceling Fri Aug 21 15:29:31 UTC 2020
------------------ testing $PTII/ptolemy/domains/de/test/auto/TimingParadox.xml
auto.tcl: Setting watchdog for 200 seconds at Fri Aug 21 15:29:31 UTC 2020
314 ms. Memory: 51200K Free: 18315K (36%)
ptolemy.util.test.WatchDog.cancel(): canceling Fri Aug 21 15:29:31 UTC 2020
auto.tcl: Setting watchdog for 200 seconds at Fri Aug 21 15:29:31 UTC 2020
302 ms. Memory: 51200K Free: 33149K (65%)
ptolemy.util.test.WatchDog.cancel(): canceling Fri Aug 21 15:29:32 UTC 2020
------------------ testing $PTII/ptolemy/domains/de/test/auto/TransferInputs.xml
auto.tcl: Setting watchdog for 200 seconds at Fri Aug 21 15:29:32 UTC 2020
1 ms. Memory: 51200K Free: 30714K (60%)
ptolemy.util.test.WatchDog.cancel(): canceling Fri Aug 21 15:29:32 UTC 2020
auto.tcl: Setting watchdog for 200 seconds at Fri Aug 21 15:29:32 UTC 2020
1 ms. Memory: 51200K Free: 29832K (58%)
ptolemy.util.test.WatchDog.cancel(): canceling Fri Aug 21 15:29:32 UTC 2020
------------------ testing $PTII/ptolemy/domains/de/test/auto/TransferOutputs2.xml
auto.tcl: Setting watchdog for 200 seconds at Fri Aug 21 15:29:32 UTC 2020
2 ms. Memory: 51200K Free: 28142K (55%)
ptolemy.util.test.WatchDog.cancel(): canceling Fri Aug 21 15:29:32 UTC 2020
auto.tcl: Setting watchdog for 200 seconds at Fri Aug 21 15:29:32 UTC 2020
3 ms. Memory: 51200K Free: 26732K (52%)
ptolemy.util.test.WatchDog.cancel(): canceling Fri Aug 21 15:29:32 UTC 2020
------------------ testing $PTII/ptolemy/domains/de/test/auto/Trilateration.xml
auto.tcl: Setting watchdog for 200 seconds at Fri Aug 21 15:29:32 UTC 2020
13255 ms. Memory: 472064K Free: 275818K (58%)
ptolemy.util.test.WatchDog.cancel(): canceling Fri Aug 21 15:29:46 UTC 2020
auto.tcl: Setting watchdog for 200 seconds at Fri Aug 21 15:29:46 UTC 2020
9678 ms. Memory: 472064K Free: 426987K (90%)
ptolemy.util.test.WatchDog.cancel(): canceling Fri Aug 21 15:29:56 UTC 2020
------------------ testing $PTII/ptolemy/domains/de/test/auto/TwoSigmaDelta.xml
auto.tcl: Setting watchdog for 200 seconds at Fri Aug 21 15:29:56 UTC 2020
2292 ms. Memory: 92160K Free: 21189K (23%)
ptolemy.util.test.WatchDog.cancel(): canceling Fri Aug 21 15:29:58 UTC 2020
auto.tcl: Setting watchdog for 200 seconds at Fri Aug 21 15:29:58 UTC 2020
1974 ms. Memory: 92160K Free: 19067K (21%)
ptolemy.util.test.WatchDog.cancel(): canceling Fri Aug 21 15:30:00 UTC 2020
------------------ testing $PTII/ptolemy/domains/de/test/auto/VariableDelay.xml
auto.tcl: Setting watchdog for 200 seconds at Fri Aug 21 15:30:00 UTC 2020
3 ms. Memory: 55296K Free: 35282K (64%)
ptolemy.util.test.WatchDog.cancel(): canceling Fri Aug 21 15:30:00 UTC 2020
auto.tcl: Setting watchdog for 200 seconds at Fri Aug 21 15:30:00 UTC 2020
2 ms. Memory: 55296K Free: 34266K (62%)
ptolemy.util.test.WatchDog.cancel(): canceling Fri Aug 21 15:30:00 UTC 2020
------------------ testing $PTII/ptolemy/domains/de/test/auto/VariableDelay2.xml
auto.tcl: Setting watchdog for 200 seconds at Fri Aug 21 15:30:00 UTC 2020
3 ms. Memory: 55296K Free: 36214K (65%)
ptolemy.util.test.WatchDog.cancel(): canceling Fri Aug 21 15:30:00 UTC 2020
auto.tcl: Setting watchdog for 200 seconds at Fri Aug 21 15:30:00 UTC 2020
2 ms. Memory: 55296K Free: 35185K (64%)
ptolemy.util.test.WatchDog.cancel(): canceling Fri Aug 21 15:30:00 UTC 2020
------------------ testing $PTII/ptolemy/domains/de/test/auto/VariableDelayZeroDelay.xml
auto.tcl: Setting watchdog for 200 seconds at Fri Aug 21 15:30:01 UTC 2020
2 ms. Memory: 55296K Free: 36208K (65%)
ptolemy.util.test.WatchDog.cancel(): canceling Fri Aug 21 15:30:01 UTC 2020
auto.tcl: Setting watchdog for 200 seconds at Fri Aug 21 15:30:01 UTC 2020
3 ms. Memory: 55296K Free: 35694K (65%)
ptolemy.util.test.WatchDog.cancel(): canceling Fri Aug 21 15:30:01 UTC 2020
------------------ testing $PTII/ptolemy/domains/de/test/auto/VariableDelayZeroDelay2.xml
auto.tcl: Setting watchdog for 200 seconds at Fri Aug 21 15:30:01 UTC 2020
2 ms. Memory: 55296K Free: 36207K (65%)
ptolemy.util.test.WatchDog.cancel(): canceling Fri Aug 21 15:30:01 UTC 2020
auto.tcl: Setting watchdog for 200 seconds at Fri Aug 21 15:30:01 UTC 2020
2 ms. Memory: 55296K Free: 35183K (64%)
ptolemy.util.test.WatchDog.cancel(): canceling Fri Aug 21 15:30:01 UTC 2020
------------------ testing $PTII/ptolemy/domains/de/test/auto/deInCt.xml
auto.tcl: Setting watchdog for 200 seconds at Fri Aug 21 15:30:01 UTC 2020
0
1
1
1
0
0
1
1
1
0
0
0
0
0
1
1
1
1
0
0
0
1
1
1
0
0
0
0
0
0
0
0
12 ms. Memory: 55296K Free: 35180K (64%)
ptolemy.util.test.WatchDog.cancel(): canceling Fri Aug 21 15:30:01 UTC 2020
auto.tcl: Setting watchdog for 200 seconds at Fri Aug 21 15:30:01 UTC 2020
0
1
1
1
0
0
0
1
1
1
0
0
0
0
0
0
1
1
0
0
1
1
1
1
1
1
0
0
0
1
1
1
1
6 ms. Memory: 55296K Free: 33642K (61%)
ptolemy.util.test.WatchDog.cancel(): canceling Fri Aug 21 15:30:01 UTC 2020
------------------ testing $PTII/ptolemy/domains/de/test/auto/deInCt2.xml
auto.tcl: Setting watchdog for 200 seconds at Fri Aug 21 15:30:01 UTC 2020
0
1
1
1
0
0
1
1
1
0
0
1
1
1
0
0
1
1
1
0
0
1
1
1
0
0
1
1
1
0
0
1
1
1
0
0
1
1
1
0
0
0
9 ms. Memory: 55296K Free: 35182K (64%)
ptolemy.util.test.WatchDog.cancel(): canceling Fri Aug 21 15:30:01 UTC 2020
auto.tcl: Setting watchdog for 200 seconds at Fri Aug 21 15:30:01 UTC 2020
0
1
1
1
0
0
1
1
1
0
0
1
1
1
0
0
1
1
1
0
0
1
1
1
0
0
1
1
1
0
0
1
1
1
0
0
1
1
1
0
0
0
10 ms. Memory: 55296K Free: 33638K (61%)
ptolemy.util.test.WatchDog.cancel(): canceling Fri Aug 21 15:30:01 UTC 2020
------------------ testing $PTII/ptolemy/domains/de/test/auto/dynamicCausalityInterface1.xml
auto.tcl: Setting watchdog for 200 seconds at Fri Aug 21 15:30:01 UTC 2020
2 ms. Memory: 51200K Free: 26985K (53%)
ptolemy.util.test.WatchDog.cancel(): canceling Fri Aug 21 15:30:01 UTC 2020
auto.tcl: Setting watchdog for 200 seconds at Fri Aug 21 15:30:01 UTC 2020
1 ms. Memory: 51200K Free: 26471K (52%)
ptolemy.util.test.WatchDog.cancel(): canceling Fri Aug 21 15:30:01 UTC 2020
------------------ testing $PTII/ptolemy/domains/de/test/auto/fsm_de_test.xml
auto.tcl: Setting watchdog for 200 seconds at Fri Aug 21 15:30:01 UTC 2020
15 ms. Memory: 51200K Free: 26883K (53%)
ptolemy.util.test.WatchDog.cancel(): canceling Fri Aug 21 15:30:01 UTC 2020
auto.tcl: Setting watchdog for 200 seconds at Fri Aug 21 15:30:01 UTC 2020
9 ms. Memory: 51200K Free: 24835K (49%)
ptolemy.util.test.WatchDog.cancel(): canceling Fri Aug 21 15:30:01 UTC 2020
------------------ testing $PTII/ptolemy/domains/de/test/auto/functionDependencyReconstruction.xml
auto.tcl: Setting watchdog for 200 seconds at Fri Aug 21 15:30:01 UTC 2020
2 ms. Memory: 51200K Free: 20729K (40%)
ptolemy.util.test.WatchDog.cancel(): canceling Fri Aug 21 15:30:01 UTC 2020
auto.tcl: Setting watchdog for 200 seconds at Fri Aug 21 15:30:01 UTC 2020
2 ms. Memory: 51200K Free: 18681K (36%)
ptolemy.util.test.WatchDog.cancel(): canceling Fri Aug 21 15:30:01 UTC 2020
------------------ testing $PTII/ptolemy/domains/de/test/auto/multirate.xml
auto.tcl: Setting watchdog for 200 seconds at Fri Aug 21 15:30:01 UTC 2020
4 ms. Memory: 51200K Free: 29524K (58%)
ptolemy.util.test.WatchDog.cancel(): canceling Fri Aug 21 15:30:01 UTC 2020
auto.tcl: Setting watchdog for 200 seconds at Fri Aug 21 15:30:01 UTC 2020
3 ms. Memory: 51200K Free: 27782K (54%)
ptolemy.util.test.WatchDog.cancel(): canceling Fri Aug 21 15:30:01 UTC 2020
------------------ testing $PTII/ptolemy/domains/de/test/auto/multirate2.xml
auto.tcl: Setting watchdog for 200 seconds at Fri Aug 21 15:30:01 UTC 2020
5 ms. Memory: 51200K Free: 29689K (58%)
ptolemy.util.test.WatchDog.cancel(): canceling Fri Aug 21 15:30:01 UTC 2020
auto.tcl: Setting watchdog for 200 seconds at Fri Aug 21 15:30:01 UTC 2020
3 ms. Memory: 51200K Free: 28464K (56%)
ptolemy.util.test.WatchDog.cancel(): canceling Fri Aug 21 15:30:01 UTC 2020
------------------ testing $PTII/ptolemy/domains/de/test/auto/realtime.xml
auto.tcl: Setting watchdog for 200 seconds at Fri Aug 21 15:30:01 UTC 2020
10002 ms. Memory: 51200K Free: 31766K (62%)
ptolemy.util.test.WatchDog.cancel(): canceling Fri Aug 21 15:30:11 UTC 2020
auto.tcl: Setting watchdog for 200 seconds at Fri Aug 21 15:30:11 UTC 2020
10002 ms. Memory: 51200K Free: 31031K (61%)
ptolemy.util.test.WatchDog.cancel(): canceling Fri Aug 21 15:30:21 UTC 2020
------------------ testing $PTII/ptolemy/domains/de/test/auto/relationGroup.xml
auto.tcl: Setting watchdog for 200 seconds at Fri Aug 21 15:30:21 UTC 2020
2 ms. Memory: 51200K Free: 32846K (64%)
ptolemy.util.test.WatchDog.cancel(): canceling Fri Aug 21 15:30:21 UTC 2020
auto.tcl: Setting watchdog for 200 seconds at Fri Aug 21 15:30:21 UTC 2020
2 ms. Memory: 51200K Free: 32111K (63%)
ptolemy.util.test.WatchDog.cancel(): canceling Fri Aug 21 15:30:21 UTC 2020
------------------ testing $PTII/ptolemy/domains/de/test/auto/relationGroup2.xml
auto.tcl: Setting watchdog for 200 seconds at Fri Aug 21 15:30:21 UTC 2020
1 ms. Memory: 51200K Free: 32872K (64%)
ptolemy.util.test.WatchDog.cancel(): canceling Fri Aug 21 15:30:21 UTC 2020
auto.tcl: Setting watchdog for 200 seconds at Fri Aug 21 15:30:21 UTC 2020
1 ms. Memory: 51200K Free: 32137K (63%)
ptolemy.util.test.WatchDog.cancel(): canceling Fri Aug 21 15:30:21 UTC 2020
------------------ testing $PTII/ptolemy/domains/de/test/auto/sortWithOpaquePorts.xml
auto.tcl: Setting watchdog for 200 seconds at Fri Aug 21 15:30:21 UTC 2020
1 ms. Memory: 51200K Free: 31594K (62%)
ptolemy.util.test.WatchDog.cancel(): canceling Fri Aug 21 15:30:21 UTC 2020
auto.tcl: Setting watchdog for 200 seconds at Fri Aug 21 15:30:21 UTC 2020
2 ms. Memory: 51200K Free: 30603K (60%)
ptolemy.util.test.WatchDog.cancel(): canceling Fri Aug 21 15:30:21 UTC 2020
------------------ testing $PTII/ptolemy/domains/de/test/auto/transferInputsandOutputs.xml
auto.tcl: Setting watchdog for 200 seconds at Fri Aug 21 15:30:22 UTC 2020
2 ms. Memory: 51200K Free: 29054K (57%)
ptolemy.util.test.WatchDog.cancel(): canceling Fri Aug 21 15:30:22 UTC 2020
auto.tcl: Setting watchdog for 200 seconds at Fri Aug 21 15:30:22 UTC 2020
3 ms. Memory: 51200K Free: 28030K (55%)
ptolemy.util.test.WatchDog.cancel(): canceling Fri Aug 21 15:30:22 UTC 2020
------------------ testing $PTII/ptolemy/domains/de/test/auto/triggerType.xml
auto.tcl: Setting watchdog for 200 seconds at Fri Aug 21 15:30:22 UTC 2020
2 ms. Memory: 51200K Free: 32078K (63%)
ptolemy.util.test.WatchDog.cancel(): canceling Fri Aug 21 15:30:22 UTC 2020
auto.tcl: Setting watchdog for 200 seconds at Fri Aug 21 15:30:22 UTC 2020
2 ms. Memory: 51200K Free: 31054K (61%)
ptolemy.util.test.WatchDog.cancel(): canceling Fri Aug 21 15:30:22 UTC 2020
08/21/20 03:30:22
Failed: 0  Total Tests: 192  ((Passed: 187, Newly Passed: 1)  Known Failed: 5) /home/travis/build/icyphy/ptII/ptolemy/domains/de/test
08/21/20 03:30:22
Failed: 0  Total Tests: 192  ((Passed: 187, Newly Passed: 1)  Known Failed: 5) /home/travis/build/icyphy/ptII/ptolemy/domains/de/test
----------------- testing (KnownFailure) /home/travis/build/icyphy/ptII/ptolemy/domains/de/test/auto/knownFailedTests/DESDFClockTest.xml
2014 ms. Memory: 51200K Free: 24963K (49%)
Known Failure: java.lang.reflect.InvocationTargetException
----------------- testing (KnownFailure) /home/travis/build/icyphy/ptII/ptolemy/domains/de/test/auto/knownFailedTests/DirectFeedback.xml
2 ms. Memory: 51200K Free: 21377K (42%)
Known Failure: java.lang.reflect.InvocationTargetException
----------------- testing (KnownFailure) /home/travis/build/icyphy/ptII/ptolemy/domains/de/test/auto/knownFailedTests/FSMSource.xml
22 ms. Memory: 51200K Free: 13171K (26%)
----------------- testing (KnownFailure) /home/travis/build/icyphy/ptII/ptolemy/domains/de/test/auto/knownFailedTests/HierarchicalModel.xml
9 ms. Memory: 51200K Free: 25412K (50%)
Known Failure: java.lang.reflect.InvocationTargetException
----------------- testing (KnownFailure) /home/travis/build/icyphy/ptII/ptolemy/domains/de/test/auto/knownFailedTests/dependencyLoop.xml
2 ms. Memory: 51200K Free: 10212K (20%)
Known Failure: java.lang.reflect.InvocationTargetException
----------------- testing (KnownFailure) /home/travis/build/icyphy/ptII/ptolemy/domains/de/test/auto/knownFailedTests/dependencyLoop2.xml
6 ms. Memory: 51200K Free: 23174K (45%)
Known Failure: java.lang.reflect.InvocationTargetException
No auto/linux-amd64/*.xml tests in /home/travis/build/icyphy/ptII/ptolemy/domains/de/test
AutoTests.java: About to close Vertx.
AutoTests.java: Vertx closed.

===========================================================================================
----------------- testing Fri Aug 21 15:30:24 UTC 2020 /home/travis/build/icyphy/ptII/ptolemy/domains/de/test/auto/ActorDepthCalculation_actorWithoutPorts.xml
----------------- Instantiating /home/travis/build/icyphy/ptII/ptolemy/domains/de/test/auto/ActorDepthCalculation_actorWithoutPorts.xml
2 ms. Memory: 51200K Free: 16453K (32%)
----------------- Invoking toplevel() on ptolemy.moml.MoMLSimpleApplication@314f492c
----------------- Done invoking toplevel() on ptolemy.moml.MoMLSimpleApplication@314f492c
reloadAllAccessors: .ActorDepthCalculation_actorWithoutPorts

===========================================================================================
----------------- testing Fri Aug 21 15:30:24 UTC 2020 /home/travis/build/icyphy/ptII/ptolemy/domains/de/test/auto/AssemblyLine.xml
----------------- Instantiating /home/travis/build/icyphy/ptII/ptolemy/domains/de/test/auto/AssemblyLine.xml
5 ms. Memory: 51200K Free: 9599K (19%)
----------------- Invoking toplevel() on ptolemy.moml.MoMLSimpleApplication@50c25e2d
----------------- Done invoking toplevel() on ptolemy.moml.MoMLSimpleApplication@50c25e2d
reloadAllAccessors: .AssemblyLine

===========================================================================================
----------------- testing Fri Aug 21 15:30:24 UTC 2020 /home/travis/build/icyphy/ptII/ptolemy/domains/de/test/auto/CQBug1.xml
----------------- Instantiating /home/travis/build/icyphy/ptII/ptolemy/domains/de/test/auto/CQBug1.xml
2 ms. Memory: 51200K Free: 34266K (67%)
----------------- Invoking toplevel() on ptolemy.moml.MoMLSimpleApplication@6491bcaf
----------------- Done invoking toplevel() on ptolemy.moml.MoMLSimpleApplication@6491bcaf
reloadAllAccessors: .CQBug1

===========================================================================================
----------------- testing Fri Aug 21 15:30:24 UTC 2020 /home/travis/build/icyphy/ptII/ptolemy/domains/de/test/auto/CancelFireAt.xml
----------------- Instantiating /home/travis/build/icyphy/ptII/ptolemy/domains/de/test/auto/CancelFireAt.xml
0 ms. Memory: 51200K Free: 31805K (62%)
----------------- Invoking toplevel() on ptolemy.moml.MoMLSimpleApplication@b9f21bb
----------------- Done invoking toplevel() on ptolemy.moml.MoMLSimpleApplication@b9f21bb
reloadAllAccessors: .CancelFireAt

===========================================================================================
----------------- testing Fri Aug 21 15:30:24 UTC 2020 /home/travis/build/icyphy/ptII/ptolemy/domains/de/test/auto/CausalityAndComposabilityAnalysis.xml
----------------- Instantiating /home/travis/build/icyphy/ptII/ptolemy/domains/de/test/auto/CausalityAndComposabilityAnalysis.xml
2 ms. Memory: 51200K Free: 27431K (54%)
----------------- Invoking toplevel() on ptolemy.moml.MoMLSimpleApplication@506615c3
----------------- Done invoking toplevel() on ptolemy.moml.MoMLSimpleApplication@506615c3
reloadAllAccessors: .CausalityAndComposabilityAnalysis

===========================================================================================
----------------- testing Fri Aug 21 15:30:24 UTC 2020 /home/travis/build/icyphy/ptII/ptolemy/domains/de/test/auto/CausalityInterface1.xml
----------------- Instantiating /home/travis/build/icyphy/ptII/ptolemy/domains/de/test/auto/CausalityInterface1.xml
6 ms. Memory: 51200K Free: 22311K (44%)
----------------- Invoking toplevel() on ptolemy.moml.MoMLSimpleApplication@4a30e188
----------------- Done invoking toplevel() on ptolemy.moml.MoMLSimpleApplication@4a30e188
reloadAllAccessors: .CausalityInterface1

===========================================================================================
----------------- testing Fri Aug 21 15:30:24 UTC 2020 /home/travis/build/icyphy/ptII/ptolemy/domains/de/test/auto/CausalityInterface15.xml
----------------- Instantiating /home/travis/build/icyphy/ptII/ptolemy/domains/de/test/auto/CausalityInterface15.xml
2 ms. Memory: 51200K Free: 16876K (33%)
----------------- Invoking toplevel() on ptolemy.moml.MoMLSimpleApplication@764b1df3
----------------- Done invoking toplevel() on ptolemy.moml.MoMLSimpleApplication@764b1df3
reloadAllAccessors: .CausalityInterface15

===========================================================================================
----------------- testing Fri Aug 21 15:30:24 UTC 2020 /home/travis/build/icyphy/ptII/ptolemy/domains/de/test/auto/CausalityInterface2.xml
----------------- Instantiating /home/travis/build/icyphy/ptII/ptolemy/domains/de/test/auto/CausalityInterface2.xml
2 ms. Memory: 51200K Free: 12349K (24%)
----------------- Invoking toplevel() on ptolemy.moml.MoMLSimpleApplication@52489db6
----------------- Done invoking toplevel() on ptolemy.moml.MoMLSimpleApplication@52489db6
reloadAllAccessors: .CausalityInterface2

===========================================================================================
----------------- testing Fri Aug 21 15:30:24 UTC 2020 /home/travis/build/icyphy/ptII/ptolemy/domains/de/test/auto/CausalityInterface3.xml
----------------- Instantiating /home/travis/build/icyphy/ptII/ptolemy/domains/de/test/auto/CausalityInterface3.xml
6 ms. Memory: 51200K Free: 35336K (69%)
----------------- Invoking toplevel() on ptolemy.moml.MoMLSimpleApplication@4589cd27
----------------- Done invoking toplevel() on ptolemy.moml.MoMLSimpleApplication@4589cd27
reloadAllAccessors: .CausalityInterface3

===========================================================================================
----------------- testing Fri Aug 21 15:30:24 UTC 2020 /home/travis/build/icyphy/ptII/ptolemy/domains/de/test/auto/ClockDrift.xml
----------------- Instantiating /home/travis/build/icyphy/ptII/ptolemy/domains/de/test/auto/ClockDrift.xml
13 ms. Memory: 51200K Free: 23510K (46%)
----------------- Invoking toplevel() on ptolemy.moml.MoMLSimpleApplication@5b42863e
----------------- Done invoking toplevel() on ptolemy.moml.MoMLSimpleApplication@5b42863e
reloadAllAccessors: .ClockDrift

===========================================================================================
----------------- testing Fri Aug 21 15:30:24 UTC 2020 /home/travis/build/icyphy/ptII/ptolemy/domains/de/test/auto/ClockDriftAndValueChange.xml
----------------- Instantiating /home/travis/build/icyphy/ptII/ptolemy/domains/de/test/auto/ClockDriftAndValueChange.xml
9 ms. Memory: 51200K Free: 11878K (23%)
----------------- Invoking toplevel() on ptolemy.moml.MoMLSimpleApplication@5a424dc1
----------------- Done invoking toplevel() on ptolemy.moml.MoMLSimpleApplication@5a424dc1
reloadAllAccessors: .ClockDriftAndValueChange

===========================================================================================
----------------- testing Fri Aug 21 15:30:24 UTC 2020 /home/travis/build/icyphy/ptII/ptolemy/domains/de/test/auto/ClockDriftChange.xml
----------------- Instantiating /home/travis/build/icyphy/ptII/ptolemy/domains/de/test/auto/ClockDriftChange.xml
9 ms. Memory: 51200K Free: 29737K (58%)
----------------- Invoking toplevel() on ptolemy.moml.MoMLSimpleApplication@7db2f798
----------------- Done invoking toplevel() on ptolemy.moml.MoMLSimpleApplication@7db2f798
reloadAllAccessors: .ClockDriftChange

===========================================================================================
----------------- testing Fri Aug 21 15:30:24 UTC 2020 /home/travis/build/icyphy/ptII/ptolemy/domains/de/test/auto/ComposableCausalityAnalysis.xml
----------------- Instantiating /home/travis/build/icyphy/ptII/ptolemy/domains/de/test/auto/ComposableCausalityAnalysis.xml
1 ms. Memory: 51200K Free: 23914K (47%)
----------------- Invoking toplevel() on ptolemy.moml.MoMLSimpleApplication@5ae8945f
----------------- Done invoking toplevel() on ptolemy.moml.MoMLSimpleApplication@5ae8945f
reloadAllAccessors: .ComposableCausalityAnalysis

===========================================================================================
----------------- testing Fri Aug 21 15:30:24 UTC 2020 /home/travis/build/icyphy/ptII/ptolemy/domains/de/test/auto/DEFixedPointLimitation.xml
----------------- Instantiating /home/travis/build/icyphy/ptII/ptolemy/domains/de/test/auto/DEFixedPointLimitation.xml
1 ms. Memory: 51200K Free: 19210K (38%)
----------------- Invoking toplevel() on ptolemy.moml.MoMLSimpleApplication@1228189c
----------------- Done invoking toplevel() on ptolemy.moml.MoMLSimpleApplication@1228189c
reloadAllAccessors: .DEFixedPointLimitation

===========================================================================================
----------------- testing Fri Aug 21 15:30:24 UTC 2020 /home/travis/build/icyphy/ptII/ptolemy/domains/de/test/auto/DEScheduleTest.xml
----------------- Instantiating /home/travis/build/icyphy/ptII/ptolemy/domains/de/test/auto/DEScheduleTest.xml
2 ms. Memory: 51200K Free: 15144K (30%)
----------------- Invoking toplevel() on ptolemy.moml.MoMLSimpleApplication@707ae171
----------------- Done invoking toplevel() on ptolemy.moml.MoMLSimpleApplication@707ae171
reloadAllAccessors: .DEScheduleTest

===========================================================================================
----------------- testing Fri Aug 21 15:30:24 UTC 2020 /home/travis/build/icyphy/ptII/ptolemy/domains/de/test/auto/DEinDEwithStartTimes.xml
----------------- Instantiating /home/travis/build/icyphy/ptII/ptolemy/domains/de/test/auto/DEinDEwithStartTimes.xml
2 ms. Memory: 51200K Free: 9393K (18%)
----------------- Invoking toplevel() on ptolemy.moml.MoMLSimpleApplication@3702336b
----------------- Done invoking toplevel() on ptolemy.moml.MoMLSimpleApplication@3702336b
reloadAllAccessors: .DEinDEwithStartTimes

===========================================================================================
----------------- testing Fri Aug 21 15:30:24 UTC 2020 /home/travis/build/icyphy/ptII/ptolemy/domains/de/test/auto/DEinDEwithStartTimes2.xml
----------------- Instantiating /home/travis/build/icyphy/ptII/ptolemy/domains/de/test/auto/DEinDEwithStartTimes2.xml
2 ms. Memory: 51200K Free: 30626K (60%)
----------------- Invoking toplevel() on ptolemy.moml.MoMLSimpleApplication@76c1fe17
----------------- Done invoking toplevel() on ptolemy.moml.MoMLSimpleApplication@76c1fe17
reloadAllAccessors: .DEinDEwithStartTimes2

===========================================================================================
----------------- testing Fri Aug 21 15:30:24 UTC 2020 /home/travis/build/icyphy/ptII/ptolemy/domains/de/test/auto/DateDemo.xml
----------------- Instantiating /home/travis/build/icyphy/ptII/ptolemy/domains/de/test/auto/DateDemo.xml
10 ms. Memory: 51200K Free: 19422K (38%)
----------------- Invoking toplevel() on ptolemy.moml.MoMLSimpleApplication@7db05bce
----------------- Done invoking toplevel() on ptolemy.moml.MoMLSimpleApplication@7db05bce
reloadAllAccessors: .DateDemo

===========================================================================================
----------------- testing Fri Aug 21 15:30:24 UTC 2020 /home/travis/build/icyphy/ptII/ptolemy/domains/de/test/auto/DateToEvent.xml
----------------- Instantiating /home/travis/build/icyphy/ptII/ptolemy/domains/de/test/auto/DateToEvent.xml
2003 ms. Memory: 51200K Free: 30391K (59%)
----------------- Invoking toplevel() on ptolemy.moml.MoMLSimpleApplication@523644c3
----------------- Done invoking toplevel() on ptolemy.moml.MoMLSimpleApplication@523644c3
reloadAllAccessors: .DateToEvent

===========================================================================================
----------------- testing Fri Aug 21 15:30:26 UTC 2020 /home/travis/build/icyphy/ptII/ptolemy/domains/de/test/auto/DepthTest1.xml
----------------- Instantiating /home/travis/build/icyphy/ptII/ptolemy/domains/de/test/auto/DepthTest1.xml
2 ms. Memory: 51200K Free: 27480K (54%)
----------------- Invoking toplevel() on ptolemy.moml.MoMLSimpleApplication@426bfca3
----------------- Done invoking toplevel() on ptolemy.moml.MoMLSimpleApplication@426bfca3
reloadAllAccessors: .DepthTest1

===========================================================================================
----------------- testing Fri Aug 21 15:30:26 UTC 2020 /home/travis/build/icyphy/ptII/ptolemy/domains/de/test/auto/DepthTest2.xml
----------------- Instantiating /home/travis/build/icyphy/ptII/ptolemy/domains/de/test/auto/DepthTest2.xml
2 ms. Memory: 51200K Free: 21159K (41%)
----------------- Invoking toplevel() on ptolemy.moml.MoMLSimpleApplication@4625d18f
----------------- Done invoking toplevel() on ptolemy.moml.MoMLSimpleApplication@4625d18f
reloadAllAccessors: .DepthTest2

===========================================================================================
----------------- testing Fri Aug 21 15:30:26 UTC 2020 /home/travis/build/icyphy/ptII/ptolemy/domains/de/test/auto/DepthTest3.xml
----------------- Instantiating /home/travis/build/icyphy/ptII/ptolemy/domains/de/test/auto/DepthTest3.xml
2 ms. Memory: 51200K Free: 18256K (36%)
----------------- Invoking toplevel() on ptolemy.moml.MoMLSimpleApplication@5fa4df2d
----------------- Done invoking toplevel() on ptolemy.moml.MoMLSimpleApplication@5fa4df2d
reloadAllAccessors: .DepthTest3

===========================================================================================
----------------- testing Fri Aug 21 15:30:26 UTC 2020 /home/travis/build/icyphy/ptII/ptolemy/domains/de/test/auto/DepthTest4.xml
----------------- Instantiating /home/travis/build/icyphy/ptII/ptolemy/domains/de/test/auto/DepthTest4.xml
2 ms. Memory: 51200K Free: 13538K (26%)
----------------- Invoking toplevel() on ptolemy.moml.MoMLSimpleApplication@4ea1b286
----------------- Done invoking toplevel() on ptolemy.moml.MoMLSimpleApplication@4ea1b286
reloadAllAccessors: .DepthTest4

===========================================================================================
----------------- testing Fri Aug 21 15:30:26 UTC 2020 /home/travis/build/icyphy/ptII/ptolemy/domains/de/test/auto/DepthTest5.xml
----------------- Instantiating /home/travis/build/icyphy/ptII/ptolemy/domains/de/test/auto/DepthTest5.xml
4 ms. Memory: 51200K Free: 35286K (69%)
----------------- Invoking toplevel() on ptolemy.moml.MoMLSimpleApplication@345dd1e9
----------------- Done invoking toplevel() on ptolemy.moml.MoMLSimpleApplication@345dd1e9
reloadAllAccessors: .DepthTest5

===========================================================================================
----------------- testing Fri Aug 21 15:30:26 UTC 2020 /home/travis/build/icyphy/ptII/ptolemy/domains/de/test/auto/DepthTest6.xml
----------------- Instantiating /home/travis/build/icyphy/ptII/ptolemy/domains/de/test/auto/DepthTest6.xml
2 ms. Memory: 51200K Free: 29905K (58%)
----------------- Invoking toplevel() on ptolemy.moml.MoMLSimpleApplication@484e27bd
----------------- Done invoking toplevel() on ptolemy.moml.MoMLSimpleApplication@484e27bd
reloadAllAccessors: .DepthTest6

===========================================================================================
----------------- testing Fri Aug 21 15:30:27 UTC 2020 /home/travis/build/icyphy/ptII/ptolemy/domains/de/test/auto/DepthTest7.xml
----------------- Instantiating /home/travis/build/icyphy/ptII/ptolemy/domains/de/test/auto/DepthTest7.xml
1 ms. Memory: 51200K Free: 24777K (48%)
----------------- Invoking toplevel() on ptolemy.moml.MoMLSimpleApplication@3ae52b81
----------------- Done invoking toplevel() on ptolemy.moml.MoMLSimpleApplication@3ae52b81
reloadAllAccessors: .DepthTest7

===========================================================================================
----------------- testing Fri Aug 21 15:30:27 UTC 2020 /home/travis/build/icyphy/ptII/ptolemy/domains/de/test/auto/EventToDate.xml
----------------- Instantiating /home/travis/build/icyphy/ptII/ptolemy/domains/de/test/auto/EventToDate.xml
3011 ms. Memory: 51200K Free: 11483K (22%)
----------------- Invoking toplevel() on ptolemy.moml.MoMLSimpleApplication@257e0f64
----------------- Done invoking toplevel() on ptolemy.moml.MoMLSimpleApplication@257e0f64
reloadAllAccessors: .EventToDate

===========================================================================================
----------------- testing Fri Aug 21 15:30:30 UTC 2020 /home/travis/build/icyphy/ptII/ptolemy/domains/de/test/auto/FSM1.xml
----------------- Instantiating /home/travis/build/icyphy/ptII/ptolemy/domains/de/test/auto/FSM1.xml
15 ms. Memory: 51200K Free: 26057K (51%)
----------------- Invoking toplevel() on ptolemy.moml.MoMLSimpleApplication@40ed3107
----------------- Done invoking toplevel() on ptolemy.moml.MoMLSimpleApplication@40ed3107
reloadAllAccessors: .FSM1

===========================================================================================
----------------- testing Fri Aug 21 15:30:30 UTC 2020 /home/travis/build/icyphy/ptII/ptolemy/domains/de/test/auto/FSM7.xml
----------------- Instantiating /home/travis/build/icyphy/ptII/ptolemy/domains/de/test/auto/FSM7.xml
19 ms. Memory: 51200K Free: 13745K (27%)
----------------- Invoking toplevel() on ptolemy.moml.MoMLSimpleApplication@1a314e38
----------------- Done invoking toplevel() on ptolemy.moml.MoMLSimpleApplication@1a314e38
reloadAllAccessors: .FSM7

===========================================================================================
----------------- testing Fri Aug 21 15:30:30 UTC 2020 /home/travis/build/icyphy/ptII/ptolemy/domains/de/test/auto/Inspection.xml
----------------- Instantiating /home/travis/build/icyphy/ptII/ptolemy/domains/de/test/auto/Inspection.xml
17 ms. Memory: 51200K Free: 28042K (55%)
----------------- Invoking toplevel() on ptolemy.moml.MoMLSimpleApplication@7b535469
----------------- Done invoking toplevel() on ptolemy.moml.MoMLSimpleApplication@7b535469
reloadAllAccessors: .Inspection

===========================================================================================
----------------- testing Fri Aug 21 15:30:30 UTC 2020 /home/travis/build/icyphy/ptII/ptolemy/domains/de/test/auto/Iteration.xml
----------------- Instantiating /home/travis/build/icyphy/ptII/ptolemy/domains/de/test/auto/Iteration.xml
12 ms. Memory: 51200K Free: 21051K (41%)
----------------- Invoking toplevel() on ptolemy.moml.MoMLSimpleApplication@3be620ff
----------------- Done invoking toplevel() on ptolemy.moml.MoMLSimpleApplication@3be620ff
reloadAllAccessors: .Iteration

===========================================================================================
----------------- testing Fri Aug 21 15:30:30 UTC 2020 /home/travis/build/icyphy/ptII/ptolemy/domains/de/test/auto/LineFault.xml
----------------- Instantiating /home/travis/build/icyphy/ptII/ptolemy/domains/de/test/auto/LineFault.xml
424 ms. Memory: 61440K Free: 21668K (35%)
----------------- Invoking toplevel() on ptolemy.moml.MoMLSimpleApplication@7deedf07
----------------- Done invoking toplevel() on ptolemy.moml.MoMLSimpleApplication@7deedf07
reloadAllAccessors: .LineFault

===========================================================================================
----------------- testing Fri Aug 21 15:30:30 UTC 2020 /home/travis/build/icyphy/ptII/ptolemy/domains/de/test/auto/MergeModel1Add.xml
----------------- Instantiating /home/travis/build/icyphy/ptII/ptolemy/domains/de/test/auto/MergeModel1Add.xml
5 ms. Memory: 61440K Free: 33309K (54%)
----------------- Invoking toplevel() on ptolemy.moml.MoMLSimpleApplication@57f0582e
----------------- Done invoking toplevel() on ptolemy.moml.MoMLSimpleApplication@57f0582e
reloadAllAccessors: .MergeModel1Add

===========================================================================================
----------------- testing Fri Aug 21 15:30:30 UTC 2020 /home/travis/build/icyphy/ptII/ptolemy/domains/de/test/auto/MergeModel2Add.xml
----------------- Instantiating /home/travis/build/icyphy/ptII/ptolemy/domains/de/test/auto/MergeModel2Add.xml
13 ms. Memory: 61440K Free: 45333K (74%)
----------------- Invoking toplevel() on ptolemy.moml.MoMLSimpleApplication@2a232928
----------------- Done invoking toplevel() on ptolemy.moml.MoMLSimpleApplication@2a232928
reloadAllAccessors: .MergeModel2Add

===========================================================================================
----------------- testing Fri Aug 21 15:30:30 UTC 2020 /home/travis/build/icyphy/ptII/ptolemy/domains/de/test/auto/MergeModel3Add.xml
----------------- Instantiating /home/travis/build/icyphy/ptII/ptolemy/domains/de/test/auto/MergeModel3Add.xml
5 ms. Memory: 61440K Free: 27449K (45%)
----------------- Invoking toplevel() on ptolemy.moml.MoMLSimpleApplication@4baa1d1a
----------------- Done invoking toplevel() on ptolemy.moml.MoMLSimpleApplication@4baa1d1a
reloadAllAccessors: .MergeModel3Add

===========================================================================================
----------------- testing Fri Aug 21 15:30:30 UTC 2020 /home/travis/build/icyphy/ptII/ptolemy/domains/de/test/auto/MergeWithoutDiscard.xml
----------------- Instantiating /home/travis/build/icyphy/ptII/ptolemy/domains/de/test/auto/MergeWithoutDiscard.xml
1 ms. Memory: 61440K Free: 23344K (38%)
----------------- Invoking toplevel() on ptolemy.moml.MoMLSimpleApplication@560f7cc1
----------------- Done invoking toplevel() on ptolemy.moml.MoMLSimpleApplication@560f7cc1
reloadAllAccessors: .MergeWithoutDiscard

===========================================================================================
----------------- testing Fri Aug 21 15:30:30 UTC 2020 /home/travis/build/icyphy/ptII/ptolemy/domains/de/test/auto/Modal1.xml
----------------- Instantiating /home/travis/build/icyphy/ptII/ptolemy/domains/de/test/auto/Modal1.xml
8 ms. Memory: 61440K Free: 42092K (69%)
----------------- Invoking toplevel() on ptolemy.moml.MoMLSimpleApplication@1cb53d82
----------------- Done invoking toplevel() on ptolemy.moml.MoMLSimpleApplication@1cb53d82
reloadAllAccessors: .Modal1

===========================================================================================
----------------- testing Fri Aug 21 15:30:30 UTC 2020 /home/travis/build/icyphy/ptII/ptolemy/domains/de/test/auto/Modal2.xml
----------------- Instantiating /home/travis/build/icyphy/ptII/ptolemy/domains/de/test/auto/Modal2.xml
12 ms. Memory: 61440K Free: 30248K (49%)
----------------- Invoking toplevel() on ptolemy.moml.MoMLSimpleApplication@2f531284
----------------- Done invoking toplevel() on ptolemy.moml.MoMLSimpleApplication@2f531284
reloadAllAccessors: .Modal2

===========================================================================================
----------------- testing Fri Aug 21 15:30:30 UTC 2020 /home/travis/build/icyphy/ptII/ptolemy/domains/de/test/auto/Modal3.xml
----------------- Instantiating /home/travis/build/icyphy/ptII/ptolemy/domains/de/test/auto/Modal3.xml
9 ms. Memory: 61440K Free: 17960K (29%)
----------------- Invoking toplevel() on ptolemy.moml.MoMLSimpleApplication@61886cae
----------------- Done invoking toplevel() on ptolemy.moml.MoMLSimpleApplication@61886cae
reloadAllAccessors: .Modal3

===========================================================================================
----------------- testing Fri Aug 21 15:30:31 UTC 2020 /home/travis/build/icyphy/ptII/ptolemy/domains/de/test/auto/Modal4.xml
----------------- Instantiating /home/travis/build/icyphy/ptII/ptolemy/domains/de/test/auto/Modal4.xml
11 ms. Memory: 61440K Free: 35838K (58%)
----------------- Invoking toplevel() on ptolemy.moml.MoMLSimpleApplication@789ef7e6
----------------- Done invoking toplevel() on ptolemy.moml.MoMLSimpleApplication@789ef7e6
reloadAllAccessors: .Modal4

===========================================================================================
----------------- testing Fri Aug 21 15:30:31 UTC 2020 /home/travis/build/icyphy/ptII/ptolemy/domains/de/test/auto/Modal5.xml
----------------- Instantiating /home/travis/build/icyphy/ptII/ptolemy/domains/de/test/auto/Modal5.xml
8 ms. Memory: 61440K Free: 22860K (37%)
----------------- Invoking toplevel() on ptolemy.moml.MoMLSimpleApplication@4399151d
----------------- Done invoking toplevel() on ptolemy.moml.MoMLSimpleApplication@4399151d
reloadAllAccessors: .Modal5

===========================================================================================
----------------- testing Fri Aug 21 15:30:31 UTC 2020 /home/travis/build/icyphy/ptII/ptolemy/domains/de/test/auto/Modal6.xml
----------------- Instantiating /home/travis/build/icyphy/ptII/ptolemy/domains/de/test/auto/Modal6.xml
15 ms. Memory: 61440K Free: 42712K (70%)
----------------- Invoking toplevel() on ptolemy.moml.MoMLSimpleApplication@a0f780b
----------------- Done invoking toplevel() on ptolemy.moml.MoMLSimpleApplication@a0f780b
reloadAllAccessors: .Modal6

===========================================================================================
----------------- testing Fri Aug 21 15:30:31 UTC 2020 /home/travis/build/icyphy/ptII/ptolemy/domains/de/test/auto/Modal7.xml
----------------- Instantiating /home/travis/build/icyphy/ptII/ptolemy/domains/de/test/auto/Modal7.xml
7 ms. Memory: 61440K Free: 29148K (47%)
----------------- Invoking toplevel() on ptolemy.moml.MoMLSimpleApplication@64efd0c7
----------------- Done invoking toplevel() on ptolemy.moml.MoMLSimpleApplication@64efd0c7
reloadAllAccessors: .Modal7

===========================================================================================
----------------- testing Fri Aug 21 15:30:31 UTC 2020 /home/travis/build/icyphy/ptII/ptolemy/domains/de/test/auto/ModalModel.xml
----------------- Instantiating /home/travis/build/icyphy/ptII/ptolemy/domains/de/test/auto/ModalModel.xml
119 ms. Memory: 61440K Free: 24764K (40%)
----------------- Invoking toplevel() on ptolemy.moml.MoMLSimpleApplication@a7c7c4a
----------------- Done invoking toplevel() on ptolemy.moml.MoMLSimpleApplication@a7c7c4a
reloadAllAccessors: .ModalModel

===========================================================================================
----------------- testing Fri Aug 21 15:30:31 UTC 2020 /home/travis/build/icyphy/ptII/ptolemy/domains/de/test/auto/ModalSource.xml
----------------- Instantiating /home/travis/build/icyphy/ptII/ptolemy/domains/de/test/auto/ModalSource.xml
4 ms. Memory: 61440K Free: 16576K (27%)
----------------- Invoking toplevel() on ptolemy.moml.MoMLSimpleApplication@7d7af10b
----------------- Done invoking toplevel() on ptolemy.moml.MoMLSimpleApplication@7d7af10b
reloadAllAccessors: .ModalSource

===========================================================================================
----------------- testing Fri Aug 21 15:30:31 UTC 2020 /home/travis/build/icyphy/ptII/ptolemy/domains/de/test/auto/NonInterruptibleTimerZeroDelay.xml
----------------- Instantiating /home/travis/build/icyphy/ptII/ptolemy/domains/de/test/auto/NonInterruptibleTimerZeroDelay.xml
7 ms. Memory: 74752K Free: 58719K (79%)
----------------- Invoking toplevel() on ptolemy.moml.MoMLSimpleApplication@499e8c06
----------------- Done invoking toplevel() on ptolemy.moml.MoMLSimpleApplication@499e8c06
reloadAllAccessors: .NonInterruptibleTimerZeroDelay

===========================================================================================
----------------- testing Fri Aug 21 15:30:31 UTC 2020 /home/travis/build/icyphy/ptII/ptolemy/domains/de/test/auto/OpenQueueingNetwork.xml
----------------- Instantiating /home/travis/build/icyphy/ptII/ptolemy/domains/de/test/auto/OpenQueueingNetwork.xml
2248 ms. Memory: 136192K Free: 106776K (78%)
----------------- Invoking toplevel() on ptolemy.moml.MoMLSimpleApplication@218d787f
----------------- Done invoking toplevel() on ptolemy.moml.MoMLSimpleApplication@218d787f
reloadAllAccessors: .OpenQueueingNetwork

===========================================================================================
----------------- testing Fri Aug 21 15:30:33 UTC 2020 /home/travis/build/icyphy/ptII/ptolemy/domains/de/test/auto/OpenQueuingNetwork.xml
----------------- Instantiating /home/travis/build/icyphy/ptII/ptolemy/domains/de/test/auto/OpenQueuingNetwork.xml
216 ms. Memory: 136192K Free: 103160K (76%)
----------------- Invoking toplevel() on ptolemy.moml.MoMLSimpleApplication@13fdac65
----------------- Done invoking toplevel() on ptolemy.moml.MoMLSimpleApplication@13fdac65
reloadAllAccessors: .OpenQueuingNetwork

===========================================================================================
----------------- testing Fri Aug 21 15:30:33 UTC 2020 /home/travis/build/icyphy/ptII/ptolemy/domains/de/test/auto/PeriodicSampler.xml
----------------- Instantiating /home/travis/build/icyphy/ptII/ptolemy/domains/de/test/auto/PeriodicSampler.xml
2 ms. Memory: 136192K Free: 98554K (72%)
----------------- Invoking toplevel() on ptolemy.moml.MoMLSimpleApplication@54c3c48c
----------------- Done invoking toplevel() on ptolemy.moml.MoMLSimpleApplication@54c3c48c
reloadAllAccessors: .PeriodicSampler

===========================================================================================
----------------- testing Fri Aug 21 15:30:33 UTC 2020 /home/travis/build/icyphy/ptII/ptolemy/domains/de/test/auto/PersistentIO.xml
----------------- Instantiating /home/travis/build/icyphy/ptII/ptolemy/domains/de/test/auto/PersistentIO.xml
8 ms. Memory: 136192K Free: 88794K (65%)
----------------- Invoking toplevel() on ptolemy.moml.MoMLSimpleApplication@304b0f38
----------------- Done invoking toplevel() on ptolemy.moml.MoMLSimpleApplication@304b0f38
reloadAllAccessors: .PersistentIO

===========================================================================================
----------------- testing Fri Aug 21 15:30:34 UTC 2020 /home/travis/build/icyphy/ptII/ptolemy/domains/de/test/auto/PortParameterResetOnInitialize.xml
----------------- Instantiating /home/travis/build/icyphy/ptII/ptolemy/domains/de/test/auto/PortParameterResetOnInitialize.xml
3 ms. Memory: 136192K Free: 84218K (62%)
----------------- Invoking toplevel() on ptolemy.moml.MoMLSimpleApplication@72461a38
----------------- Done invoking toplevel() on ptolemy.moml.MoMLSimpleApplication@72461a38
reloadAllAccessors: .PortParameterResetOnInitialize

===========================================================================================
----------------- testing Fri Aug 21 15:30:34 UTC 2020 /home/travis/build/icyphy/ptII/ptolemy/domains/de/test/auto/PortParameterUpdates.xml
----------------- Instantiating /home/travis/build/icyphy/ptII/ptolemy/domains/de/test/auto/PortParameterUpdates.xml
4 ms. Memory: 136192K Free: 77546K (57%)
----------------- Invoking toplevel() on ptolemy.moml.MoMLSimpleApplication@1964bd11
----------------- Done invoking toplevel() on ptolemy.moml.MoMLSimpleApplication@1964bd11
reloadAllAccessors: .PortParameterUpdates

===========================================================================================
----------------- testing Fri Aug 21 15:30:34 UTC 2020 /home/travis/build/icyphy/ptII/ptolemy/domains/de/test/auto/QueueAndServer.xml
----------------- Instantiating /home/travis/build/icyphy/ptII/ptolemy/domains/de/test/auto/QueueAndServer.xml
6 ms. Memory: 136192K Free: 69882K (51%)
----------------- Invoking toplevel() on ptolemy.moml.MoMLSimpleApplication@193f30c9
----------------- Done invoking toplevel() on ptolemy.moml.MoMLSimpleApplication@193f30c9
reloadAllAccessors: .QueueAndServer

===========================================================================================
----------------- testing Fri Aug 21 15:30:34 UTC 2020 /home/travis/build/icyphy/ptII/ptolemy/domains/de/test/auto/Records.xml
----------------- Instantiating /home/travis/build/icyphy/ptII/ptolemy/domains/de/test/auto/Records.xml
4 ms. Memory: 136192K Free: 64248K (47%)
----------------- Invoking toplevel() on ptolemy.moml.MoMLSimpleApplication@2455f492
----------------- Done invoking toplevel() on ptolemy.moml.MoMLSimpleApplication@2455f492
reloadAllAccessors: .Records

===========================================================================================
----------------- testing Fri Aug 21 15:30:34 UTC 2020 /home/travis/build/icyphy/ptII/ptolemy/domains/de/test/auto/ResetTransitionWithStartTime1.xml
----------------- Instantiating /home/travis/build/icyphy/ptII/ptolemy/domains/de/test/auto/ResetTransitionWithStartTime1.xml
5 ms. Memory: 136192K Free: 56056K (41%)
----------------- Invoking toplevel() on ptolemy.moml.MoMLSimpleApplication@2b4b20ac
----------------- Done invoking toplevel() on ptolemy.moml.MoMLSimpleApplication@2b4b20ac
reloadAllAccessors: .ResetTransitionWithStartTime1

===========================================================================================
----------------- testing Fri Aug 21 15:30:34 UTC 2020 /home/travis/build/icyphy/ptII/ptolemy/domains/de/test/auto/ResetTransitionWithStartTime2.xml
----------------- Instantiating /home/travis/build/icyphy/ptII/ptolemy/domains/de/test/auto/ResetTransitionWithStartTime2.xml
5 ms. Memory: 136192K Free: 47850K (35%)
----------------- Invoking toplevel() on ptolemy.moml.MoMLSimpleApplication@59f4500a
----------------- Done invoking toplevel() on ptolemy.moml.MoMLSimpleApplication@59f4500a
reloadAllAccessors: .ResetTransitionWithStartTime2

===========================================================================================
----------------- testing Fri Aug 21 15:30:34 UTC 2020 /home/travis/build/icyphy/ptII/ptolemy/domains/de/test/auto/ResetTransitionWithStartTime3.xml
----------------- Instantiating /home/travis/build/icyphy/ptII/ptolemy/domains/de/test/auto/ResetTransitionWithStartTime3.xml
6 ms. Memory: 164864K Free: 143456K (87%)
----------------- Invoking toplevel() on ptolemy.moml.MoMLSimpleApplication@78267884
----------------- Done invoking toplevel() on ptolemy.moml.MoMLSimpleApplication@78267884
reloadAllAccessors: .ResetTransitionWithStartTime3

===========================================================================================
----------------- testing Fri Aug 21 15:30:34 UTC 2020 /home/travis/build/icyphy/ptII/ptolemy/domains/de/test/auto/ResetTransitionWithStartTime4.xml
----------------- Instantiating /home/travis/build/icyphy/ptII/ptolemy/domains/de/test/auto/ResetTransitionWithStartTime4.xml
5 ms. Memory: 164864K Free: 135792K (82%)
----------------- Invoking toplevel() on ptolemy.moml.MoMLSimpleApplication@3680e64f
----------------- Done invoking toplevel() on ptolemy.moml.MoMLSimpleApplication@3680e64f
reloadAllAccessors: .ResetTransitionWithStartTime4

===========================================================================================
----------------- testing Fri Aug 21 15:30:34 UTC 2020 /home/travis/build/icyphy/ptII/ptolemy/domains/de/test/auto/ResettableTimer1.xml
----------------- Instantiating /home/travis/build/icyphy/ptII/ptolemy/domains/de/test/auto/ResettableTimer1.xml
3 ms. Memory: 164864K Free: 131696K (80%)
----------------- Invoking toplevel() on ptolemy.moml.MoMLSimpleApplication@53b750da
----------------- Done invoking toplevel() on ptolemy.moml.MoMLSimpleApplication@53b750da
reloadAllAccessors: .ResettableTimer1

===========================================================================================
----------------- testing Fri Aug 21 15:30:34 UTC 2020 /home/travis/build/icyphy/ptII/ptolemy/domains/de/test/auto/ResettableTimer2.xml
----------------- Instantiating /home/travis/build/icyphy/ptII/ptolemy/domains/de/test/auto/ResettableTimer2.xml
3 ms. Memory: 164864K Free: 127600K (77%)
----------------- Invoking toplevel() on ptolemy.moml.MoMLSimpleApplication@5cc8658
----------------- Done invoking toplevel() on ptolemy.moml.MoMLSimpleApplication@5cc8658
reloadAllAccessors: .ResettableTimer2

===========================================================================================
----------------- testing Fri Aug 21 15:30:34 UTC 2020 /home/travis/build/icyphy/ptII/ptolemy/domains/de/test/auto/ResettableTimer3.xml
----------------- Instantiating /home/travis/build/icyphy/ptII/ptolemy/domains/de/test/auto/ResettableTimer3.xml
2 ms. Memory: 164864K Free: 123504K (75%)
----------------- Invoking toplevel() on ptolemy.moml.MoMLSimpleApplication@6c583e55
----------------- Done invoking toplevel() on ptolemy.moml.MoMLSimpleApplication@6c583e55
reloadAllAccessors: .ResettableTimer3

===========================================================================================
----------------- testing Fri Aug 21 15:30:34 UTC 2020 /home/travis/build/icyphy/ptII/ptolemy/domains/de/test/auto/ResettableTimer4.xml
----------------- Instantiating /home/travis/build/icyphy/ptII/ptolemy/domains/de/test/auto/ResettableTimer4.xml
1 ms. Memory: 164864K Free: 119408K (72%)
----------------- Invoking toplevel() on ptolemy.moml.MoMLSimpleApplication@7888d37e
----------------- Done invoking toplevel() on ptolemy.moml.MoMLSimpleApplication@7888d37e
reloadAllAccessors: .ResettableTimer4

===========================================================================================
----------------- testing Fri Aug 21 15:30:34 UTC 2020 /home/travis/build/icyphy/ptII/ptolemy/domains/de/test/auto/ResettableTimer5.xml
----------------- Instantiating /home/travis/build/icyphy/ptII/ptolemy/domains/de/test/auto/ResettableTimer5.xml
2 ms. Memory: 164864K Free: 115312K (70%)
----------------- Invoking toplevel() on ptolemy.moml.MoMLSimpleApplication@5f5d79a0
----------------- Done invoking toplevel() on ptolemy.moml.MoMLSimpleApplication@5f5d79a0
reloadAllAccessors: .ResettableTimer5

===========================================================================================
----------------- testing Fri Aug 21 15:30:34 UTC 2020 /home/travis/build/icyphy/ptII/ptolemy/domains/de/test/auto/ResettableTimer6.xml
----------------- Instantiating /home/travis/build/icyphy/ptII/ptolemy/domains/de/test/auto/ResettableTimer6.xml
6 ms. Memory: 164864K Free: 110699K (67%)
----------------- Invoking toplevel() on ptolemy.moml.MoMLSimpleApplication@7e9e81d
----------------- Done invoking toplevel() on ptolemy.moml.MoMLSimpleApplication@7e9e81d
reloadAllAccessors: .ResettableTimer6

===========================================================================================
----------------- testing Fri Aug 21 15:30:34 UTC 2020 /home/travis/build/icyphy/ptII/ptolemy/domains/de/test/auto/ServerZeroDelay.xml
----------------- Instantiating /home/travis/build/icyphy/ptII/ptolemy/domains/de/test/auto/ServerZeroDelay.xml
2 ms. Memory: 164864K Free: 106600K (65%)
----------------- Invoking toplevel() on ptolemy.moml.MoMLSimpleApplication@77b327f
----------------- Done invoking toplevel() on ptolemy.moml.MoMLSimpleApplication@77b327f
reloadAllAccessors: .ServerZeroDelay

===========================================================================================
----------------- testing Fri Aug 21 15:30:34 UTC 2020 /home/travis/build/icyphy/ptII/ptolemy/domains/de/test/auto/SmartSender.xml
----------------- Instantiating /home/travis/build/icyphy/ptII/ptolemy/domains/de/test/auto/SmartSender.xml
3000 ms. Memory: 164864K Free: 102510K (62%)
----------------- Invoking toplevel() on ptolemy.moml.MoMLSimpleApplication@12a0a427
----------------- Done invoking toplevel() on ptolemy.moml.MoMLSimpleApplication@12a0a427
reloadAllAccessors: .SmartSender

===========================================================================================
----------------- testing Fri Aug 21 15:30:37 UTC 2020 /home/travis/build/icyphy/ptII/ptolemy/domains/de/test/auto/ThreadedComposite.xml
----------------- Instantiating /home/travis/build/icyphy/ptII/ptolemy/domains/de/test/auto/ThreadedComposite.xml
86 ms. Memory: 164864K Free: 82544K (50%)
----------------- Invoking toplevel() on ptolemy.moml.MoMLSimpleApplication@633a455d
----------------- Done invoking toplevel() on ptolemy.moml.MoMLSimpleApplication@633a455d
reloadAllAccessors: .ThreadedComposite

===========================================================================================
----------------- testing Fri Aug 21 15:30:37 UTC 2020 /home/travis/build/icyphy/ptII/ptolemy/domains/de/test/auto/Time.xml
----------------- Instantiating /home/travis/build/icyphy/ptII/ptolemy/domains/de/test/auto/Time.xml
359 ms. Memory: 164864K Free: 117942K (72%)
----------------- Invoking toplevel() on ptolemy.moml.MoMLSimpleApplication@6e9ee77c
----------------- Done invoking toplevel() on ptolemy.moml.MoMLSimpleApplication@6e9ee77c
reloadAllAccessors: .Time

===========================================================================================
----------------- testing Fri Aug 21 15:30:37 UTC 2020 /home/travis/build/icyphy/ptII/ptolemy/domains/de/test/auto/TimeDelayZeroDelay.xml
----------------- Instantiating /home/travis/build/icyphy/ptII/ptolemy/domains/de/test/auto/TimeDelayZeroDelay.xml
2 ms. Memory: 164864K Free: 113299K (69%)
----------------- Invoking toplevel() on ptolemy.moml.MoMLSimpleApplication@1c9de877
----------------- Done invoking toplevel() on ptolemy.moml.MoMLSimpleApplication@1c9de877
reloadAllAccessors: .TimeDelayZeroDelay

===========================================================================================
----------------- testing Fri Aug 21 15:30:37 UTC 2020 /home/travis/build/icyphy/ptII/ptolemy/domains/de/test/auto/TimerZeroDelay.xml
----------------- Instantiating /home/travis/build/icyphy/ptII/ptolemy/domains/de/test/auto/TimerZeroDelay.xml
2 ms. Memory: 164864K Free: 109203K (66%)
----------------- Invoking toplevel() on ptolemy.moml.MoMLSimpleApplication@6b8d9beb
----------------- Done invoking toplevel() on ptolemy.moml.MoMLSimpleApplication@6b8d9beb
reloadAllAccessors: .TimerZeroDelay

===========================================================================================
----------------- testing Fri Aug 21 15:30:37 UTC 2020 /home/travis/build/icyphy/ptII/ptolemy/domains/de/test/auto/TimingParadox.xml
----------------- Instantiating /home/travis/build/icyphy/ptII/ptolemy/domains/de/test/auto/TimingParadox.xml
227 ms. Memory: 164864K Free: 135447K (82%)
----------------- Invoking toplevel() on ptolemy.moml.MoMLSimpleApplication@60fe7bc0
----------------- Done invoking toplevel() on ptolemy.moml.MoMLSimpleApplication@60fe7bc0
reloadAllAccessors: .TimingParadox

===========================================================================================
----------------- testing Fri Aug 21 15:30:38 UTC 2020 /home/travis/build/icyphy/ptII/ptolemy/domains/de/test/auto/TransferInputs.xml
----------------- Instantiating /home/travis/build/icyphy/ptII/ptolemy/domains/de/test/auto/TransferInputs.xml
1 ms. Memory: 164864K Free: 130277K (79%)
----------------- Invoking toplevel() on ptolemy.moml.MoMLSimpleApplication@448dc046
----------------- Done invoking toplevel() on ptolemy.moml.MoMLSimpleApplication@448dc046
reloadAllAccessors: .TransferInputs

===========================================================================================
----------------- testing Fri Aug 21 15:30:38 UTC 2020 /home/travis/build/icyphy/ptII/ptolemy/domains/de/test/auto/TransferOutputs2.xml
----------------- Instantiating /home/travis/build/icyphy/ptII/ptolemy/domains/de/test/auto/TransferOutputs2.xml
2 ms. Memory: 164864K Free: 122613K (74%)
----------------- Invoking toplevel() on ptolemy.moml.MoMLSimpleApplication@40356bb8
----------------- Done invoking toplevel() on ptolemy.moml.MoMLSimpleApplication@40356bb8
reloadAllAccessors: .TransferOutputs2

===========================================================================================
----------------- testing Fri Aug 21 15:30:38 UTC 2020 /home/travis/build/icyphy/ptII/ptolemy/domains/de/test/auto/Trilateration.xml
----------------- Instantiating /home/travis/build/icyphy/ptII/ptolemy/domains/de/test/auto/Trilateration.xml
10318 ms. Memory: 357376K Free: 227300K (64%)
----------------- Invoking toplevel() on ptolemy.moml.MoMLSimpleApplication@1ae1a3b5
----------------- Done invoking toplevel() on ptolemy.moml.MoMLSimpleApplication@1ae1a3b5
reloadAllAccessors: .Trilateration

===========================================================================================
----------------- testing Fri Aug 21 15:30:49 UTC 2020 /home/travis/build/icyphy/ptII/ptolemy/domains/de/test/auto/TwoSigmaDelta.xml
----------------- Instantiating /home/travis/build/icyphy/ptII/ptolemy/domains/de/test/auto/TwoSigmaDelta.xml
1613 ms. Memory: 357376K Free: 239090K (67%)
----------------- Invoking toplevel() on ptolemy.moml.MoMLSimpleApplication@47fbdebe
----------------- Done invoking toplevel() on ptolemy.moml.MoMLSimpleApplication@47fbdebe
reloadAllAccessors: .TwoSigmaDelta

===========================================================================================
----------------- testing Fri Aug 21 15:30:50 UTC 2020 /home/travis/build/icyphy/ptII/ptolemy/domains/de/test/auto/VariableDelay.xml
----------------- Instantiating /home/travis/build/icyphy/ptII/ptolemy/domains/de/test/auto/VariableDelay.xml
2 ms. Memory: 357376K Free: 233956K (65%)
----------------- Invoking toplevel() on ptolemy.moml.MoMLSimpleApplication@4b8fecd0
----------------- Done invoking toplevel() on ptolemy.moml.MoMLSimpleApplication@4b8fecd0
reloadAllAccessors: .VariableDelay

===========================================================================================
----------------- testing Fri Aug 21 15:30:50 UTC 2020 /home/travis/build/icyphy/ptII/ptolemy/domains/de/test/auto/VariableDelay2.xml
----------------- Instantiating /home/travis/build/icyphy/ptII/ptolemy/domains/de/test/auto/VariableDelay2.xml
1 ms. Memory: 357376K Free: 229364K (64%)
----------------- Invoking toplevel() on ptolemy.moml.MoMLSimpleApplication@623a7b31
----------------- Done invoking toplevel() on ptolemy.moml.MoMLSimpleApplication@623a7b31
reloadAllAccessors: .VariableDelay2

===========================================================================================
----------------- testing Fri Aug 21 15:30:50 UTC 2020 /home/travis/build/icyphy/ptII/ptolemy/domains/de/test/auto/VariableDelayZeroDelay.xml
----------------- Instantiating /home/travis/build/icyphy/ptII/ptolemy/domains/de/test/auto/VariableDelayZeroDelay.xml
2 ms. Memory: 357376K Free: 225268K (63%)
----------------- Invoking toplevel() on ptolemy.moml.MoMLSimpleApplication@19ee05f0
----------------- Done invoking toplevel() on ptolemy.moml.MoMLSimpleApplication@19ee05f0
reloadAllAccessors: .VariableDelayZeroDelay

===========================================================================================
----------------- testing Fri Aug 21 15:30:50 UTC 2020 /home/travis/build/icyphy/ptII/ptolemy/domains/de/test/auto/VariableDelayZeroDelay2.xml
----------------- Instantiating /home/travis/build/icyphy/ptII/ptolemy/domains/de/test/auto/VariableDelayZeroDelay2.xml
2 ms. Memory: 357376K Free: 220658K (62%)
----------------- Invoking toplevel() on ptolemy.moml.MoMLSimpleApplication@64a28a6c
----------------- Done invoking toplevel() on ptolemy.moml.MoMLSimpleApplication@64a28a6c
reloadAllAccessors: .VariableDelayZeroDelay2

===========================================================================================
----------------- testing Fri Aug 21 15:30:50 UTC 2020 /home/travis/build/icyphy/ptII/ptolemy/domains/de/test/auto/deInCt.xml
----------------- Instantiating /home/travis/build/icyphy/ptII/ptolemy/domains/de/test/auto/deInCt.xml
0
1
1
1
1
0
0
0
1
1
1
0
0
0
1
1
1
1
0
0
0
1
1
1
1
0
0
0
0
1
1
1
1
0
0
0
1
1
1
1
9 ms. Memory: 357376K Free: 215538K (60%)
----------------- Invoking toplevel() on ptolemy.moml.MoMLSimpleApplication@6734c0
----------------- Done invoking toplevel() on ptolemy.moml.MoMLSimpleApplication@6734c0
reloadAllAccessors: .deInCt

===========================================================================================
----------------- testing Fri Aug 21 15:30:50 UTC 2020 /home/travis/build/icyphy/ptII/ptolemy/domains/de/test/auto/deInCt2.xml
----------------- Instantiating /home/travis/build/icyphy/ptII/ptolemy/domains/de/test/auto/deInCt2.xml
0
1
1
1
0
0
1
1
1
0
0
1
1
1
0
0
1
1
1
0
0
1
1
1
0
0
1
1
1
0
0
1
1
1
0
0
1
1
1
0
0
0
7 ms. Memory: 357376K Free: 210412K (59%)
----------------- Invoking toplevel() on ptolemy.moml.MoMLSimpleApplication@56b6ada0
----------------- Done invoking toplevel() on ptolemy.moml.MoMLSimpleApplication@56b6ada0
reloadAllAccessors: .deInCt2

===========================================================================================
----------------- testing Fri Aug 21 15:30:50 UTC 2020 /home/travis/build/icyphy/ptII/ptolemy/domains/de/test/auto/dynamicCausalityInterface1.xml
----------------- Instantiating /home/travis/build/icyphy/ptII/ptolemy/domains/de/test/auto/dynamicCausalityInterface1.xml
1 ms. Memory: 357376K Free: 201202K (56%)
----------------- Invoking toplevel() on ptolemy.moml.MoMLSimpleApplication@2b179b5a
----------------- Done invoking toplevel() on ptolemy.moml.MoMLSimpleApplication@2b179b5a
reloadAllAccessors: .dynamicCausalityInterface1

===========================================================================================
----------------- testing Fri Aug 21 15:30:50 UTC 2020 /home/travis/build/icyphy/ptII/ptolemy/domains/de/test/auto/fsm_de_test.xml
----------------- Instantiating /home/travis/build/icyphy/ptII/ptolemy/domains/de/test/auto/fsm_de_test.xml
8 ms. Memory: 357376K Free: 191972K (54%)
----------------- Invoking toplevel() on ptolemy.moml.MoMLSimpleApplication@260a8923
----------------- Done invoking toplevel() on ptolemy.moml.MoMLSimpleApplication@260a8923
reloadAllAccessors: .fsm_de_test

===========================================================================================
----------------- testing Fri Aug 21 15:30:50 UTC 2020 /home/travis/build/icyphy/ptII/ptolemy/domains/de/test/auto/functionDependencyReconstruction.xml
----------------- Instantiating /home/travis/build/icyphy/ptII/ptolemy/domains/de/test/auto/functionDependencyReconstruction.xml
3 ms. Memory: 357376K Free: 177140K (50%)
----------------- Invoking toplevel() on ptolemy.moml.MoMLSimpleApplication@1371f2bd
----------------- Done invoking toplevel() on ptolemy.moml.MoMLSimpleApplication@1371f2bd
reloadAllAccessors: .functionDependencyReconstruction

===========================================================================================
----------------- testing Fri Aug 21 15:30:50 UTC 2020 /home/travis/build/icyphy/ptII/ptolemy/domains/de/test/auto/multirate.xml
----------------- Instantiating /home/travis/build/icyphy/ptII/ptolemy/domains/de/test/auto/multirate.xml
3 ms. Memory: 357376K Free: 170468K (48%)
----------------- Invoking toplevel() on ptolemy.moml.MoMLSimpleApplication@fe5a8db
----------------- Done invoking toplevel() on ptolemy.moml.MoMLSimpleApplication@fe5a8db
reloadAllAccessors: .multirate

===========================================================================================
----------------- testing Fri Aug 21 15:30:51 UTC 2020 /home/travis/build/icyphy/ptII/ptolemy/domains/de/test/auto/multirate2.xml
----------------- Instantiating /home/travis/build/icyphy/ptII/ptolemy/domains/de/test/auto/multirate2.xml
2 ms. Memory: 357376K Free: 163828K (46%)
----------------- Invoking toplevel() on ptolemy.moml.MoMLSimpleApplication@7dd1aa48
----------------- Done invoking toplevel() on ptolemy.moml.MoMLSimpleApplication@7dd1aa48
reloadAllAccessors: .multirate2

===========================================================================================
----------------- testing Fri Aug 21 15:30:51 UTC 2020 /home/travis/build/icyphy/ptII/ptolemy/domains/de/test/auto/realtime.xml
----------------- Instantiating /home/travis/build/icyphy/ptII/ptolemy/domains/de/test/auto/realtime.xml
10001 ms. Memory: 357376K Free: 159218K (45%)
----------------- Invoking toplevel() on ptolemy.moml.MoMLSimpleApplication@173cc886
----------------- Done invoking toplevel() on ptolemy.moml.MoMLSimpleApplication@173cc886
reloadAllAccessors: .realtime

===========================================================================================
----------------- testing Fri Aug 21 15:31:01 UTC 2020 /home/travis/build/icyphy/ptII/ptolemy/domains/de/test/auto/relationGroup.xml
----------------- Instantiating /home/travis/build/icyphy/ptII/ptolemy/domains/de/test/auto/relationGroup.xml
1 ms. Memory: 357376K Free: 155636K (44%)
----------------- Invoking toplevel() on ptolemy.moml.MoMLSimpleApplication@3d5ee784
----------------- Done invoking toplevel() on ptolemy.moml.MoMLSimpleApplication@3d5ee784
reloadAllAccessors: .relationGroup

===========================================================================================
----------------- testing Fri Aug 21 15:31:01 UTC 2020 /home/travis/build/icyphy/ptII/ptolemy/domains/de/test/auto/relationGroup2.xml
----------------- Instantiating /home/travis/build/icyphy/ptII/ptolemy/domains/de/test/auto/relationGroup2.xml
2 ms. Memory: 357376K Free: 152050K (43%)
----------------- Invoking toplevel() on ptolemy.moml.MoMLSimpleApplication@691a6243
----------------- Done invoking toplevel() on ptolemy.moml.MoMLSimpleApplication@691a6243
reloadAllAccessors: .relationGroup2

===========================================================================================
----------------- testing Fri Aug 21 15:31:01 UTC 2020 /home/travis/build/icyphy/ptII/ptolemy/domains/de/test/auto/sortWithOpaquePorts.xml
----------------- Instantiating /home/travis/build/icyphy/ptII/ptolemy/domains/de/test/auto/sortWithOpaquePorts.xml
2 ms. Memory: 357376K Free: 147444K (41%)
----------------- Invoking toplevel() on ptolemy.moml.MoMLSimpleApplication@4d7b7e21
----------------- Done invoking toplevel() on ptolemy.moml.MoMLSimpleApplication@4d7b7e21
reloadAllAccessors: .sortWithOpaquePorts

===========================================================================================
----------------- testing Fri Aug 21 15:31:01 UTC 2020 /home/travis/build/icyphy/ptII/ptolemy/domains/de/test/auto/transferInputsandOutputs.xml
----------------- Instantiating /home/travis/build/icyphy/ptII/ptolemy/domains/de/test/auto/transferInputsandOutputs.xml
2 ms. Memory: 357376K Free: 140276K (39%)
----------------- Invoking toplevel() on ptolemy.moml.MoMLSimpleApplication@5e97beb9
----------------- Done invoking toplevel() on ptolemy.moml.MoMLSimpleApplication@5e97beb9
reloadAllAccessors: .transferInputsandOutputs

===========================================================================================
----------------- testing Fri Aug 21 15:31:01 UTC 2020 /home/travis/build/icyphy/ptII/ptolemy/domains/de/test/auto/triggerType.xml
----------------- Instantiating /home/travis/build/icyphy/ptII/ptolemy/domains/de/test/auto/triggerType.xml
1 ms. Memory: 357376K Free: 136180K (38%)
----------------- Invoking toplevel() on ptolemy.moml.MoMLSimpleApplication@4958ab04
----------------- Done invoking toplevel() on ptolemy.moml.MoMLSimpleApplication@4958ab04
reloadAllAccessors: .triggerType
AutoTests.java: About to close Vertx.
AutoTests.java: Vertx closed.
]]></system-out>
  <system-err><![CDATA[java.lang.RuntimeException: Execution failed
	at ptolemy.moml.MoMLSimpleApplication$UnloadThread.run(MoMLSimpleApplication.java:402)
Caused by: ptolemy.kernel.util.IllegalActionException: Found a zero delay loop containing .dependencyLoop.original
  in .dependencyLoop and .dependencyLoop.original
	at ptolemy.actor.util.CausalityInterfaceForComposites._computeOutputPortDepth(CausalityInterfaceForComposites.java:759)
	at ptolemy.actor.util.CausalityInterfaceForComposites._computeInputDepth(CausalityInterfaceForComposites.java:696)
	at ptolemy.actor.util.CausalityInterfaceForComposites._computeOutputPortDepth(CausalityInterfaceForComposites.java:765)
	at ptolemy.actor.util.CausalityInterfaceForComposites._computeInputDepth(CausalityInterfaceForComposites.java:696)
	at ptolemy.actor.util.CausalityInterfaceForComposites._computeOutputPortDepth(CausalityInterfaceForComposites.java:765)
	at ptolemy.actor.util.CausalityInterfaceForComposites._computeInputDepth(CausalityInterfaceForComposites.java:696)
	at ptolemy.actor.util.CausalityInterfaceForComposites._computeActorDepth(CausalityInterfaceForComposites.java:532)
	at ptolemy.actor.util.CausalityInterfaceForComposites.checkForCycles(CausalityInterfaceForComposites.java:96)
	at ptolemy.domains.de.kernel.DEDirector.preinitialize(DEDirector.java:1338)
	at ptolemy.actor.CompositeActor.preinitialize(CompositeActor.java:1828)
	at ptolemy.actor.Manager.preinitializeAndResolveTypes(Manager.java:1040)
	at ptolemy.actor.Manager.initialize(Manager.java:710)
	at ptolemy.actor.Manager.execute(Manager.java:356)
	at ptolemy.actor.Manager.run(Manager.java:1263)
	at ptolemy.actor.Manager$PtolemyRunThread.run(Manager.java:1933)
java.lang.RuntimeException: Execution failed
	at ptolemy.moml.MoMLSimpleApplication$UnloadThread.run(MoMLSimpleApplication.java:402)
Caused by: ptolemy.kernel.util.IllegalActionException: Found a zero delay loop containing .dependencyLoop2.original
  in .dependencyLoop2 and .dependencyLoop2.original
	at ptolemy.actor.util.CausalityInterfaceForComposites._computeOutputPortDepth(CausalityInterfaceForComposites.java:759)
	at ptolemy.actor.util.CausalityInterfaceForComposites._computeInputDepth(CausalityInterfaceForComposites.java:696)
	at ptolemy.actor.util.CausalityInterfaceForComposites._computeOutputPortDepth(CausalityInterfaceForComposites.java:765)
	at ptolemy.actor.util.CausalityInterfaceForComposites._computeInputDepth(CausalityInterfaceForComposites.java:696)
	at ptolemy.actor.util.CausalityInterfaceForComposites._computeOutputPortDepth(CausalityInterfaceForComposites.java:765)
	at ptolemy.actor.util.CausalityInterfaceForComposites._computeInputDepth(CausalityInterfaceForComposites.java:696)
	at ptolemy.actor.util.CausalityInterfaceForComposites._computeActorDepth(CausalityInterfaceForComposites.java:532)
	at ptolemy.actor.util.CausalityInterfaceForComposites.checkForCycles(CausalityInterfaceForComposites.java:96)
	at ptolemy.domains.de.kernel.DEDirector.preinitialize(DEDirector.java:1338)
	at ptolemy.actor.CompositeActor.preinitialize(CompositeActor.java:1828)
	at ptolemy.actor.Manager.preinitializeAndResolveTypes(Manager.java:1040)
	at ptolemy.actor.Manager.initialize(Manager.java:710)
	at ptolemy.actor.Manager.execute(Manager.java:356)
	at ptolemy.actor.Manager.run(Manager.java:1263)
	at ptolemy.actor.Manager$PtolemyRunThread.run(Manager.java:1933)
java.lang.RuntimeException: Execution failed
	at ptolemy.moml.MoMLSimpleApplication$UnloadThread.run(MoMLSimpleApplication.java:402)
Caused by: ptolemy.kernel.util.IllegalActionException: Test fails in iteration 1.
Value was: 1.0. Should have been: 2.0
  in .DirectFeedback.Test
	at ptolemy.actor.lib.Test.fire(Test.java:268)
	at ptolemy.domains.de.kernel.DEDirector._fire(DEDirector.java:1949)
	at ptolemy.domains.de.kernel.DEDirector.fire(DEDirector.java:502)
	at ptolemy.actor.CompositeActor.fire(CompositeActor.java:455)
	at ptolemy.actor.Manager.iterate(Manager.java:851)
	at ptolemy.actor.Manager.execute(Manager.java:369)
	at ptolemy.actor.Manager.run(Manager.java:1263)
	at ptolemy.actor.Manager$PtolemyRunThread.run(Manager.java:1933)
java.lang.RuntimeException: Execution failed
	at ptolemy.moml.MoMLSimpleApplication$UnloadThread.run(MoMLSimpleApplication.java:402)
Caused by: ptolemy.kernel.util.IllegalActionException: Found a zero delay loop containing .dependencyLoop.original
  in .dependencyLoop and .dependencyLoop.original
	at ptolemy.actor.util.CausalityInterfaceForComposites._computeOutputPortDepth(CausalityInterfaceForComposites.java:759)
	at ptolemy.actor.util.CausalityInterfaceForComposites._computeInputDepth(CausalityInterfaceForComposites.java:696)
	at ptolemy.actor.util.CausalityInterfaceForComposites._computeOutputPortDepth(CausalityInterfaceForComposites.java:765)
	at ptolemy.actor.util.CausalityInterfaceForComposites._computeInputDepth(CausalityInterfaceForComposites.java:696)
	at ptolemy.actor.util.CausalityInterfaceForComposites._computeOutputPortDepth(CausalityInterfaceForComposites.java:765)
	at ptolemy.actor.util.CausalityInterfaceForComposites._computeInputDepth(CausalityInterfaceForComposites.java:696)
	at ptolemy.actor.util.CausalityInterfaceForComposites._computeActorDepth(CausalityInterfaceForComposites.java:532)
	at ptolemy.actor.util.CausalityInterfaceForComposites.checkForCycles(CausalityInterfaceForComposites.java:96)
	at ptolemy.domains.de.kernel.DEDirector.preinitialize(DEDirector.java:1338)
	at ptolemy.actor.CompositeActor.preinitialize(CompositeActor.java:1828)
	at ptolemy.actor.Manager.preinitializeAndResolveTypes(Manager.java:1040)
	at ptolemy.actor.Manager.initialize(Manager.java:710)
	at ptolemy.actor.Manager.execute(Manager.java:356)
	at ptolemy.actor.Manager.run(Manager.java:1263)
	at ptolemy.actor.Manager$PtolemyRunThread.run(Manager.java:1933)
java.lang.RuntimeException: Execution failed
	at ptolemy.moml.MoMLSimpleApplication$UnloadThread.run(MoMLSimpleApplication.java:402)
Caused by: ptolemy.kernel.util.IllegalActionException: Found a zero delay loop containing .HierarchicalModel.A
  in .HierarchicalModel and .HierarchicalModel.A
	at ptolemy.actor.util.CausalityInterfaceForComposites._computeOutputPortDepth(CausalityInterfaceForComposites.java:759)
	at ptolemy.actor.util.CausalityInterfaceForComposites._computeInputDepth(CausalityInterfaceForComposites.java:696)
	at ptolemy.actor.util.CausalityInterfaceForComposites._computeOutputPortDepth(CausalityInterfaceForComposites.java:765)
	at ptolemy.actor.util.CausalityInterfaceForComposites._computeInputDepth(CausalityInterfaceForComposites.java:696)
	at ptolemy.actor.util.CausalityInterfaceForComposites._computeOutputPortDepth(CausalityInterfaceForComposites.java:765)
	at ptolemy.actor.util.CausalityInterfaceForComposites._computeInputDepth(CausalityInterfaceForComposites.java:696)
	at ptolemy.actor.util.CausalityInterfaceForComposites._computeActorDepth(CausalityInterfaceForComposites.java:532)
	at ptolemy.actor.util.CausalityInterfaceForComposites.checkForCycles(CausalityInterfaceForComposites.java:96)
	at ptolemy.domains.de.kernel.DEDirector.preinitialize(DEDirector.java:1338)
	at ptolemy.actor.CompositeActor.preinitialize(CompositeActor.java:1828)
	at ptolemy.actor.Manager.preinitializeAndResolveTypes(Manager.java:1040)
	at ptolemy.actor.Manager.initialize(Manager.java:710)
	at ptolemy.actor.Manager.execute(Manager.java:356)
	at ptolemy.actor.Manager.run(Manager.java:1263)
	at ptolemy.actor.Manager$PtolemyRunThread.run(Manager.java:1933)
java.lang.RuntimeException: Execution failed
	at ptolemy.moml.MoMLSimpleApplication$UnloadThread.run(MoMLSimpleApplication.java:402)
Caused by: ptolemy.kernel.util.IllegalActionException: Found a zero delay loop containing .dependencyLoop2.original
  in .dependencyLoop2 and .dependencyLoop2.original
	at ptolemy.actor.util.CausalityInterfaceForComposites._computeOutputPortDepth(CausalityInterfaceForComposites.java:759)
	at ptolemy.actor.util.CausalityInterfaceForComposites._computeInputDepth(CausalityInterfaceForComposites.java:696)
	at ptolemy.actor.util.CausalityInterfaceForComposites._computeOutputPortDepth(CausalityInterfaceForComposites.java:765)
	at ptolemy.actor.util.CausalityInterfaceForComposites._computeInputDepth(CausalityInterfaceForComposites.java:696)
	at ptolemy.actor.util.CausalityInterfaceForComposites._computeOutputPortDepth(CausalityInterfaceForComposites.java:765)
	at ptolemy.actor.util.CausalityInterfaceForComposites._computeInputDepth(CausalityInterfaceForComposites.java:696)
	at ptolemy.actor.util.CausalityInterfaceForComposites._computeActorDepth(CausalityInterfaceForComposites.java:532)
	at ptolemy.actor.util.CausalityInterfaceForComposites.checkForCycles(CausalityInterfaceForComposites.java:96)
	at ptolemy.domains.de.kernel.DEDirector.preinitialize(DEDirector.java:1338)
	at ptolemy.actor.CompositeActor.preinitialize(CompositeActor.java:1828)
	at ptolemy.actor.Manager.preinitializeAndResolveTypes(Manager.java:1040)
	at ptolemy.actor.Manager.initialize(Manager.java:710)
	at ptolemy.actor.Manager.execute(Manager.java:356)
	at ptolemy.actor.Manager.run(Manager.java:1263)
	at ptolemy.actor.Manager$PtolemyRunThread.run(Manager.java:1933)
java.lang.RuntimeException: Execution failed
	at ptolemy.moml.MoMLSimpleApplication$UnloadThread.run(MoMLSimpleApplication.java:402)
Caused by: ptolemy.kernel.util.IllegalActionException: Actor is not ready to fire.  Perhaps UpSample.prefire() returned false? Try debugging the actor by selecting "Listen to Actor".  Also, for SDF check moml for tokenConsumptionRate on input.
  in .DESDFClockTest.Play Bell.Copy1:SDF Director and .DESDFClockTest.Play Bell.UpSample
	at ptolemy.actor.sched.StaticSchedulingDirector.fire(StaticSchedulingDirector.java:227)
	at ptolemy.domains.sdf.kernel.SDFDirector.fire(SDFDirector.java:500)
	at ptolemy.actor.CompositeActor.fire(CompositeActor.java:455)
	at ptolemy.domains.de.kernel.DEDirector._fire(DEDirector.java:1949)
	at ptolemy.domains.de.kernel.DEDirector.fire(DEDirector.java:502)
	at ptolemy.actor.CompositeActor.fire(CompositeActor.java:455)
	at ptolemy.actor.Manager.iterate(Manager.java:851)
	at ptolemy.actor.Manager.execute(Manager.java:369)
	at ptolemy.actor.Manager.run(Manager.java:1263)
	at ptolemy.actor.Manager$PtolemyRunThread.run(Manager.java:1933)
java.lang.RuntimeException: Execution failed
	at ptolemy.moml.MoMLSimpleApplication$UnloadThread.run(MoMLSimpleApplication.java:402)
Caused by: ptolemy.kernel.util.IllegalActionException: Actor is not ready to fire.  Perhaps UpSample.prefire() returned false? Try debugging the actor by selecting "Listen to Actor".  Also, for SDF check moml for tokenConsumptionRate on input.
  in .DESDFClockTest.Play Bell.Copy1:SDF Director and .DESDFClockTest.Play Bell.UpSample
	at ptolemy.actor.sched.StaticSchedulingDirector.fire(StaticSchedulingDirector.java:227)
	at ptolemy.domains.sdf.kernel.SDFDirector.fire(SDFDirector.java:500)
	at ptolemy.actor.CompositeActor.fire(CompositeActor.java:455)
	at ptolemy.domains.de.kernel.DEDirector._fire(DEDirector.java:1949)
	at ptolemy.domains.de.kernel.DEDirector.fire(DEDirector.java:502)
	at ptolemy.actor.CompositeActor.fire(CompositeActor.java:455)
	at ptolemy.actor.Manager.iterate(Manager.java:851)
	at ptolemy.actor.Manager.execute(Manager.java:369)
	at ptolemy.actor.Manager.run(Manager.java:1263)
	at ptolemy.actor.Manager$PtolemyRunThread.run(Manager.java:1933)
java.lang.reflect.InvocationTargetException
	at java.base/jdk.internal.reflect.NativeConstructorAccessorImpl.newInstance0(Native Method)
	at java.base/jdk.internal.reflect.NativeConstructorAccessorImpl.newInstance(NativeConstructorAccessorImpl.java:62)
	at java.base/jdk.internal.reflect.DelegatingConstructorAccessorImpl.newInstance(DelegatingConstructorAccessorImpl.java:45)
	at java.base/java.lang.reflect.Constructor.newInstance(Constructor.java:490)
	at ptolemy.util.test.junit.AutoKnownFailedTests.RunModel(AutoKnownFailedTests.java:105)
	at java.base/jdk.internal.reflect.NativeMethodAccessorImpl.invoke0(Native Method)
	at java.base/jdk.internal.reflect.NativeMethodAccessorImpl.invoke(NativeMethodAccessorImpl.java:62)
	at java.base/jdk.internal.reflect.DelegatingMethodAccessorImpl.invoke(DelegatingMethodAccessorImpl.java:43)
	at java.base/java.lang.reflect.Method.invoke(Method.java:566)
	at org.junit.runners.model.FrameworkMethod$1.runReflectiveCall(FrameworkMethod.java:44)
	at org.junit.internal.runners.model.ReflectiveCallable.run(ReflectiveCallable.java:15)
	at org.junit.runners.model.FrameworkMethod.invokeExplosively(FrameworkMethod.java:41)
	at junitparams.internal.InvokeParameterisedMethod.evaluate(InvokeParameterisedMethod.java:102)
	at org.junit.internal.runners.statements.FailOnTimeout$1.run(FailOnTimeout.java:28)
Caused by: ptolemy.kernel.util.IllegalActionException: Actor is not ready to fire.  Perhaps UpSample.prefire() returned false? Try debugging the actor by selecting "Listen to Actor".  Also, for SDF check moml for tokenConsumptionRate on input.
  in .DESDFClockTest.Play Bell.Copy1:SDF Director and .DESDFClockTest.Play Bell.UpSample
	at ptolemy.actor.sched.StaticSchedulingDirector.fire(StaticSchedulingDirector.java:227)
	at ptolemy.domains.sdf.kernel.SDFDirector.fire(SDFDirector.java:500)
	at ptolemy.actor.CompositeActor.fire(CompositeActor.java:455)
	at ptolemy.domains.de.kernel.DEDirector._fire(DEDirector.java:1949)
	at ptolemy.domains.de.kernel.DEDirector.fire(DEDirector.java:502)
	at ptolemy.actor.CompositeActor.fire(CompositeActor.java:455)
	at ptolemy.actor.Manager.iterate(Manager.java:851)
	at ptolemy.actor.Manager.execute(Manager.java:369)
	at ptolemy.actor.Manager.run(Manager.java:1263)
	at ptolemy.actor.Manager$PtolemyRunThread.run(Manager.java:1933)
java.lang.RuntimeException: Execution failed
	at ptolemy.moml.MoMLSimpleApplication$UnloadThread.run(MoMLSimpleApplication.java:402)
Caused by: ptolemy.kernel.util.IllegalActionException: Test fails in iteration 1.
Value was: 1.0. Should have been: 2.0
  in .DirectFeedback.Test
	at ptolemy.actor.lib.Test.fire(Test.java:268)
	at ptolemy.domains.de.kernel.DEDirector._fire(DEDirector.java:1949)
	at ptolemy.domains.de.kernel.DEDirector.fire(DEDirector.java:502)
	at ptolemy.actor.CompositeActor.fire(CompositeActor.java:455)
	at ptolemy.actor.Manager.iterate(Manager.java:851)
	at ptolemy.actor.Manager.execute(Manager.java:369)
	at ptolemy.actor.Manager.run(Manager.java:1263)
	at ptolemy.actor.Manager$PtolemyRunThread.run(Manager.java:1933)
java.lang.reflect.InvocationTargetException
	at java.base/jdk.internal.reflect.NativeConstructorAccessorImpl.newInstance0(Native Method)
	at java.base/jdk.internal.reflect.NativeConstructorAccessorImpl.newInstance(NativeConstructorAccessorImpl.java:62)
	at java.base/jdk.internal.reflect.DelegatingConstructorAccessorImpl.newInstance(DelegatingConstructorAccessorImpl.java:45)
	at java.base/java.lang.reflect.Constructor.newInstance(Constructor.java:490)
	at ptolemy.util.test.junit.AutoKnownFailedTests.RunModel(AutoKnownFailedTests.java:105)
	at java.base/jdk.internal.reflect.NativeMethodAccessorImpl.invoke0(Native Method)
	at java.base/jdk.internal.reflect.NativeMethodAccessorImpl.invoke(NativeMethodAccessorImpl.java:62)
	at java.base/jdk.internal.reflect.DelegatingMethodAccessorImpl.invoke(DelegatingMethodAccessorImpl.java:43)
	at java.base/java.lang.reflect.Method.invoke(Method.java:566)
	at org.junit.runners.model.FrameworkMethod$1.runReflectiveCall(FrameworkMethod.java:44)
	at org.junit.internal.runners.model.ReflectiveCallable.run(ReflectiveCallable.java:15)
	at org.junit.runners.model.FrameworkMethod.invokeExplosively(FrameworkMethod.java:41)
	at junitparams.internal.InvokeParameterisedMethod.evaluate(InvokeParameterisedMethod.java:102)
	at org.junit.internal.runners.statements.FailOnTimeout$1.run(FailOnTimeout.java:28)
Caused by: ptolemy.kernel.util.IllegalActionException: Test fails in iteration 1.
Value was: 1.0. Should have been: 2.0
  in .DirectFeedback.Test
	at ptolemy.actor.lib.Test.fire(Test.java:268)
	at ptolemy.domains.de.kernel.DEDirector._fire(DEDirector.java:1949)
	at ptolemy.domains.de.kernel.DEDirector.fire(DEDirector.java:502)
	at ptolemy.actor.CompositeActor.fire(CompositeActor.java:455)
	at ptolemy.actor.Manager.iterate(Manager.java:851)
	at ptolemy.actor.Manager.execute(Manager.java:369)
	at ptolemy.actor.Manager.run(Manager.java:1263)
	at ptolemy.actor.Manager$PtolemyRunThread.run(Manager.java:1933)
java.lang.RuntimeException: Execution failed
	at ptolemy.moml.MoMLSimpleApplication$UnloadThread.run(MoMLSimpleApplication.java:402)
Caused by: ptolemy.kernel.util.IllegalActionException: Found a zero delay loop containing .HierarchicalModel.A
  in .HierarchicalModel and .HierarchicalModel.A
	at ptolemy.actor.util.CausalityInterfaceForComposites._computeOutputPortDepth(CausalityInterfaceForComposites.java:759)
	at ptolemy.actor.util.CausalityInterfaceForComposites._computeInputDepth(CausalityInterfaceForComposites.java:696)
	at ptolemy.actor.util.CausalityInterfaceForComposites._computeOutputPortDepth(CausalityInterfaceForComposites.java:765)
	at ptolemy.actor.util.CausalityInterfaceForComposites._computeInputDepth(CausalityInterfaceForComposites.java:696)
	at ptolemy.actor.util.CausalityInterfaceForComposites._computeOutputPortDepth(CausalityInterfaceForComposites.java:765)
	at ptolemy.actor.util.CausalityInterfaceForComposites._computeInputDepth(CausalityInterfaceForComposites.java:696)
	at ptolemy.actor.util.CausalityInterfaceForComposites._computeActorDepth(CausalityInterfaceForComposites.java:532)
	at ptolemy.actor.util.CausalityInterfaceForComposites.checkForCycles(CausalityInterfaceForComposites.java:96)
	at ptolemy.domains.de.kernel.DEDirector.preinitialize(DEDirector.java:1338)
	at ptolemy.actor.CompositeActor.preinitialize(CompositeActor.java:1828)
	at ptolemy.actor.Manager.preinitializeAndResolveTypes(Manager.java:1040)
	at ptolemy.actor.Manager.initialize(Manager.java:710)
	at ptolemy.actor.Manager.execute(Manager.java:356)
	at ptolemy.actor.Manager.run(Manager.java:1263)
	at ptolemy.actor.Manager$PtolemyRunThread.run(Manager.java:1933)
java.lang.reflect.InvocationTargetException
	at java.base/jdk.internal.reflect.NativeConstructorAccessorImpl.newInstance0(Native Method)
	at java.base/jdk.internal.reflect.NativeConstructorAccessorImpl.newInstance(NativeConstructorAccessorImpl.java:62)
	at java.base/jdk.internal.reflect.DelegatingConstructorAccessorImpl.newInstance(DelegatingConstructorAccessorImpl.java:45)
	at java.base/java.lang.reflect.Constructor.newInstance(Constructor.java:490)
	at ptolemy.util.test.junit.AutoKnownFailedTests.RunModel(AutoKnownFailedTests.java:105)
	at java.base/jdk.internal.reflect.NativeMethodAccessorImpl.invoke0(Native Method)
	at java.base/jdk.internal.reflect.NativeMethodAccessorImpl.invoke(NativeMethodAccessorImpl.java:62)
	at java.base/jdk.internal.reflect.DelegatingMethodAccessorImpl.invoke(DelegatingMethodAccessorImpl.java:43)
	at java.base/java.lang.reflect.Method.invoke(Method.java:566)
	at org.junit.runners.model.FrameworkMethod$1.runReflectiveCall(FrameworkMethod.java:44)
	at org.junit.internal.runners.model.ReflectiveCallable.run(ReflectiveCallable.java:15)
	at org.junit.runners.model.FrameworkMethod.invokeExplosively(FrameworkMethod.java:41)
	at junitparams.internal.InvokeParameterisedMethod.evaluate(InvokeParameterisedMethod.java:102)
	at org.junit.internal.runners.statements.FailOnTimeout$1.run(FailOnTimeout.java:28)
Caused by: ptolemy.kernel.util.IllegalActionException: Found a zero delay loop containing .HierarchicalModel.A
  in .HierarchicalModel and .HierarchicalModel.A
	at ptolemy.actor.util.CausalityInterfaceForComposites._computeOutputPortDepth(CausalityInterfaceForComposites.java:759)
	at ptolemy.actor.util.CausalityInterfaceForComposites._computeInputDepth(CausalityInterfaceForComposites.java:696)
	at ptolemy.actor.util.CausalityInterfaceForComposites._computeOutputPortDepth(CausalityInterfaceForComposites.java:765)
	at ptolemy.actor.util.CausalityInterfaceForComposites._computeInputDepth(CausalityInterfaceForComposites.java:696)
	at ptolemy.actor.util.CausalityInterfaceForComposites._computeOutputPortDepth(CausalityInterfaceForComposites.java:765)
	at ptolemy.actor.util.CausalityInterfaceForComposites._computeInputDepth(CausalityInterfaceForComposites.java:696)
	at ptolemy.actor.util.CausalityInterfaceForComposites._computeActorDepth(CausalityInterfaceForComposites.java:532)
	at ptolemy.actor.util.CausalityInterfaceForComposites.checkForCycles(CausalityInterfaceForComposites.java:96)
	at ptolemy.domains.de.kernel.DEDirector.preinitialize(DEDirector.java:1338)
	at ptolemy.actor.CompositeActor.preinitialize(CompositeActor.java:1828)
	at ptolemy.actor.Manager.preinitializeAndResolveTypes(Manager.java:1040)
	at ptolemy.actor.Manager.initialize(Manager.java:710)
	at ptolemy.actor.Manager.execute(Manager.java:356)
	at ptolemy.actor.Manager.run(Manager.java:1263)
	at ptolemy.actor.Manager$PtolemyRunThread.run(Manager.java:1933)
java.lang.RuntimeException: Execution failed
	at ptolemy.moml.MoMLSimpleApplication$UnloadThread.run(MoMLSimpleApplication.java:402)
Caused by: ptolemy.kernel.util.IllegalActionException: Found a zero delay loop containing .dependencyLoop.original
  in .dependencyLoop and .dependencyLoop.original
	at ptolemy.actor.util.CausalityInterfaceForComposites._computeOutputPortDepth(CausalityInterfaceForComposites.java:759)
	at ptolemy.actor.util.CausalityInterfaceForComposites._computeInputDepth(CausalityInterfaceForComposites.java:696)
	at ptolemy.actor.util.CausalityInterfaceForComposites._computeOutputPortDepth(CausalityInterfaceForComposites.java:765)
	at ptolemy.actor.util.CausalityInterfaceForComposites._computeInputDepth(CausalityInterfaceForComposites.java:696)
	at ptolemy.actor.util.CausalityInterfaceForComposites._computeOutputPortDepth(CausalityInterfaceForComposites.java:765)
	at ptolemy.actor.util.CausalityInterfaceForComposites._computeInputDepth(CausalityInterfaceForComposites.java:696)
	at ptolemy.actor.util.CausalityInterfaceForComposites._computeActorDepth(CausalityInterfaceForComposites.java:532)
	at ptolemy.actor.util.CausalityInterfaceForComposites.checkForCycles(CausalityInterfaceForComposites.java:96)
	at ptolemy.domains.de.kernel.DEDirector.preinitialize(DEDirector.java:1338)
	at ptolemy.actor.CompositeActor.preinitialize(CompositeActor.java:1828)
	at ptolemy.actor.Manager.preinitializeAndResolveTypes(Manager.java:1040)
	at ptolemy.actor.Manager.initialize(Manager.java:710)
	at ptolemy.actor.Manager.execute(Manager.java:356)
	at ptolemy.actor.Manager.run(Manager.java:1263)
	at ptolemy.actor.Manager$PtolemyRunThread.run(Manager.java:1933)
java.lang.reflect.InvocationTargetException
	at java.base/jdk.internal.reflect.NativeConstructorAccessorImpl.newInstance0(Native Method)
	at java.base/jdk.internal.reflect.NativeConstructorAccessorImpl.newInstance(NativeConstructorAccessorImpl.java:62)
	at java.base/jdk.internal.reflect.DelegatingConstructorAccessorImpl.newInstance(DelegatingConstructorAccessorImpl.java:45)
	at java.base/java.lang.reflect.Constructor.newInstance(Constructor.java:490)
	at ptolemy.util.test.junit.AutoKnownFailedTests.RunModel(AutoKnownFailedTests.java:105)
	at java.base/jdk.internal.reflect.NativeMethodAccessorImpl.invoke0(Native Method)
	at java.base/jdk.internal.reflect.NativeMethodAccessorImpl.invoke(NativeMethodAccessorImpl.java:62)
	at java.base/jdk.internal.reflect.DelegatingMethodAccessorImpl.invoke(DelegatingMethodAccessorImpl.java:43)
	at java.base/java.lang.reflect.Method.invoke(Method.java:566)
	at org.junit.runners.model.FrameworkMethod$1.runReflectiveCall(FrameworkMethod.java:44)
	at org.junit.internal.runners.model.ReflectiveCallable.run(ReflectiveCallable.java:15)
	at org.junit.runners.model.FrameworkMethod.invokeExplosively(FrameworkMethod.java:41)
	at junitparams.internal.InvokeParameterisedMethod.evaluate(InvokeParameterisedMethod.java:102)
	at org.junit.internal.runners.statements.FailOnTimeout$1.run(FailOnTimeout.java:28)
Caused by: ptolemy.kernel.util.IllegalActionException: Found a zero delay loop containing .dependencyLoop.original
  in .dependencyLoop and .dependencyLoop.original
	at ptolemy.actor.util.CausalityInterfaceForComposites._computeOutputPortDepth(CausalityInterfaceForComposites.java:759)
	at ptolemy.actor.util.CausalityInterfaceForComposites._computeInputDepth(CausalityInterfaceForComposites.java:696)
	at ptolemy.actor.util.CausalityInterfaceForComposites._computeOutputPortDepth(CausalityInterfaceForComposites.java:765)
	at ptolemy.actor.util.CausalityInterfaceForComposites._computeInputDepth(CausalityInterfaceForComposites.java:696)
	at ptolemy.actor.util.CausalityInterfaceForComposites._computeOutputPortDepth(CausalityInterfaceForComposites.java:765)
	at ptolemy.actor.util.CausalityInterfaceForComposites._computeInputDepth(CausalityInterfaceForComposites.java:696)
	at ptolemy.actor.util.CausalityInterfaceForComposites._computeActorDepth(CausalityInterfaceForComposites.java:532)
	at ptolemy.actor.util.CausalityInterfaceForComposites.checkForCycles(CausalityInterfaceForComposites.java:96)
	at ptolemy.domains.de.kernel.DEDirector.preinitialize(DEDirector.java:1338)
	at ptolemy.actor.CompositeActor.preinitialize(CompositeActor.java:1828)
	at ptolemy.actor.Manager.preinitializeAndResolveTypes(Manager.java:1040)
	at ptolemy.actor.Manager.initialize(Manager.java:710)
	at ptolemy.actor.Manager.execute(Manager.java:356)
	at ptolemy.actor.Manager.run(Manager.java:1263)
	at ptolemy.actor.Manager$PtolemyRunThread.run(Manager.java:1933)
java.lang.RuntimeException: Execution failed
	at ptolemy.moml.MoMLSimpleApplication$UnloadThread.run(MoMLSimpleApplication.java:402)
Caused by: ptolemy.kernel.util.IllegalActionException: Found a zero delay loop containing .dependencyLoop2.original
  in .dependencyLoop2 and .dependencyLoop2.original
	at ptolemy.actor.util.CausalityInterfaceForComposites._computeOutputPortDepth(CausalityInterfaceForComposites.java:759)
	at ptolemy.actor.util.CausalityInterfaceForComposites._computeInputDepth(CausalityInterfaceForComposites.java:696)
	at ptolemy.actor.util.CausalityInterfaceForComposites._computeOutputPortDepth(CausalityInterfaceForComposites.java:765)
	at ptolemy.actor.util.CausalityInterfaceForComposites._computeInputDepth(CausalityInterfaceForComposites.java:696)
	at ptolemy.actor.util.CausalityInterfaceForComposites._computeOutputPortDepth(CausalityInterfaceForComposites.java:765)
	at ptolemy.actor.util.CausalityInterfaceForComposites._computeInputDepth(CausalityInterfaceForComposites.java:696)
	at ptolemy.actor.util.CausalityInterfaceForComposites._computeActorDepth(CausalityInterfaceForComposites.java:532)
	at ptolemy.actor.util.CausalityInterfaceForComposites.checkForCycles(CausalityInterfaceForComposites.java:96)
	at ptolemy.domains.de.kernel.DEDirector.preinitialize(DEDirector.java:1338)
	at ptolemy.actor.CompositeActor.preinitialize(CompositeActor.java:1828)
	at ptolemy.actor.Manager.preinitializeAndResolveTypes(Manager.java:1040)
	at ptolemy.actor.Manager.initialize(Manager.java:710)
	at ptolemy.actor.Manager.execute(Manager.java:356)
	at ptolemy.actor.Manager.run(Manager.java:1263)
	at ptolemy.actor.Manager$PtolemyRunThread.run(Manager.java:1933)
java.lang.reflect.InvocationTargetException
	at java.base/jdk.internal.reflect.NativeConstructorAccessorImpl.newInstance0(Native Method)
	at java.base/jdk.internal.reflect.NativeConstructorAccessorImpl.newInstance(NativeConstructorAccessorImpl.java:62)
	at java.base/jdk.internal.reflect.DelegatingConstructorAccessorImpl.newInstance(DelegatingConstructorAccessorImpl.java:45)
	at java.base/java.lang.reflect.Constructor.newInstance(Constructor.java:490)
	at ptolemy.util.test.junit.AutoKnownFailedTests.RunModel(AutoKnownFailedTests.java:105)
	at java.base/jdk.internal.reflect.NativeMethodAccessorImpl.invoke0(Native Method)
	at java.base/jdk.internal.reflect.NativeMethodAccessorImpl.invoke(NativeMethodAccessorImpl.java:62)
	at java.base/jdk.internal.reflect.DelegatingMethodAccessorImpl.invoke(DelegatingMethodAccessorImpl.java:43)
	at java.base/java.lang.reflect.Method.invoke(Method.java:566)
	at org.junit.runners.model.FrameworkMethod$1.runReflectiveCall(FrameworkMethod.java:44)
	at org.junit.internal.runners.model.ReflectiveCallable.run(ReflectiveCallable.java:15)
	at org.junit.runners.model.FrameworkMethod.invokeExplosively(FrameworkMethod.java:41)
	at junitparams.internal.InvokeParameterisedMethod.evaluate(InvokeParameterisedMethod.java:102)
	at org.junit.internal.runners.statements.FailOnTimeout$1.run(FailOnTimeout.java:28)
Caused by: ptolemy.kernel.util.IllegalActionException: Found a zero delay loop containing .dependencyLoop2.original
  in .dependencyLoop2 and .dependencyLoop2.original
	at ptolemy.actor.util.CausalityInterfaceForComposites._computeOutputPortDepth(CausalityInterfaceForComposites.java:759)
	at ptolemy.actor.util.CausalityInterfaceForComposites._computeInputDepth(CausalityInterfaceForComposites.java:696)
	at ptolemy.actor.util.CausalityInterfaceForComposites._computeOutputPortDepth(CausalityInterfaceForComposites.java:765)
	at ptolemy.actor.util.CausalityInterfaceForComposites._computeInputDepth(CausalityInterfaceForComposites.java:696)
	at ptolemy.actor.util.CausalityInterfaceForComposites._computeOutputPortDepth(CausalityInterfaceForComposites.java:765)
	at ptolemy.actor.util.CausalityInterfaceForComposites._computeInputDepth(CausalityInterfaceForComposites.java:696)
	at ptolemy.actor.util.CausalityInterfaceForComposites._computeActorDepth(CausalityInterfaceForComposites.java:532)
	at ptolemy.actor.util.CausalityInterfaceForComposites.checkForCycles(CausalityInterfaceForComposites.java:96)
	at ptolemy.domains.de.kernel.DEDirector.preinitialize(DEDirector.java:1338)
	at ptolemy.actor.CompositeActor.preinitialize(CompositeActor.java:1828)
	at ptolemy.actor.Manager.preinitializeAndResolveTypes(Manager.java:1040)
	at ptolemy.actor.Manager.initialize(Manager.java:710)
	at ptolemy.actor.Manager.execute(Manager.java:356)
	at ptolemy.actor.Manager.run(Manager.java:1263)
	at ptolemy.actor.Manager$PtolemyRunThread.run(Manager.java:1933)
]]></system-err>
</testsuite>
