<?xml version="1.0" encoding="UTF-8" ?>
<testsuite errors="0" failures="0" hostname="travis-job-61f13947-6944-4790-99ce-58309a3a2709" name="ptolemy.actor.lib.test.junit.JUnitTclTest" skipped="0" tests="517" time="58.446" timestamp="2020-04-19T14:04:16">
  <properties>
    <property name="npm.executable" value="npm" />
    <property name="env.TRAVIS_ROOT" value="/" />
    <property name="ptII.mk.exists" value="true" />
    <property name="env.TRAVIS_APP_HOST" value="build.travis-ci.org" />
    <property name="env.rvm_bin_path" value="/home/travis/.rvm/bin" />
    <property name="java.home" value="/usr/local/lib/jvm/openjdk11" />
    <property name="env.TRAVIS_JOB_NUMBER" value="1606.8" />
    <property name="env.TRAVIS_HOME" value="/home/travis" />
    <property name="env.DISPLAY" value=":99.0" />
    <property name="env.TRAVIS_INIT" value="systemd" />
    <property name="env.SSH_TTY" value="/dev/pts/0" />
    <property name="java.net.preferIPv4Stack" value="true" />
    <property name="env.RUN_TESTS" value="true" />
    <property name="timeout.short" value="1000000" />
    <property name="junit.formatter" value="xml" />
    <property name="env.TRAVIS_SUDO" value="true" />
    <property name="env.TRAVIS_JOB_NAME" value="" />
    <property name="env.TRAVIS_STACK_NODE_ATTRIBUTES" value="/.node-attributes.yml" />
    <property name="env.LOGNAME" value="travis" />
    <property name="env.PT_TRAVIS_TEST_CORE1_XML" value="true" />
    <property name="jsdoc.home" value="node_modules/@terraswarm/jsdoc" />
    <property name="debuglevel" value="source,lines,vars" />
    <property name="checkstyle.formatter" value="xml" />
    <property name="env._system_version" value="16.04" />
    <property name="bin.vergil.makeable" value="true" />
    <property name="sun.os.patch.level" value="unknown" />
    <property name="java.vendor.url" value="http://java.oracle.com/" />
    <property name="env.TRAVIS_BUILD_WEB_URL" value="https://travis-ci.org/icyphy/ptII/builds/676883194" />
    <property name="java.version" value="11.0.2" />
    <property name="env.TZ" value="UTC" />
    <property name="env.TRAVIS_PULL_REQUEST_SHA" value="" />
    <property name="env.PT_NO_NET" value="true" />
    <property name="env.TRAVIS_SECURE_ENV_VARS" value="true" />
    <property name="env._system_type" value="Linux" />
    <property name="java.vendor.url.bug" value="http://bugreport.java.com/bugreport/" />
    <property name="npmjs-org-is-up" value="true" />
    <property name="env.LANGUAGE" value="en_US.UTF-8" />
    <property name="env.SSH_CLIENT" value="10.16.5.85 60138 22" />
    <property name="env.GEM_HOME" value="/home/travis/.rvm/gems/ruby-2.5.3" />
    <property name="env.HAS_ANTARES_THREE_LITTLE_FRONZIES_BADGE" value="true" />
    <property name="java.version.date" value="2019-01-15" />
    <property name="env.PS4" value="+" />
    <property name="ant.project.invoked-targets" value="build,test.core1.xml" />
    <property name="env.TRAVIS_PULL_REQUEST_BRANCH" value="" />
    <property name="env.TRAVIS_REPO_SLUG" value="icyphy/ptII" />
    <property name="env.XDG_DATA_DIRS" value="/usr/local/share:/usr/share:/var/lib/snapd/desktop" />
    <property name="jdk.debug" value="release" />
    <property name="env.TRAVIS_APT_PROXY" value="http://build-cache.travisci.net" />
    <property name="env.TRAVIS_CPU_ARCH" value="amd64" />
    <property name="node.in.path" value="true" />
    <property name="user.name" value="travis" />
    <property name="java.maxmemory" value="1400m" />
    <property name="env.RUBY_VERSION" value="ruby-2.5.3" />
    <property name="env.LANG" value="en_US.UTF-8" />
    <property name="sun.io.unicode.encoding" value="UnicodeLittle" />
    <property name="sun.jnu.encoding" value="UTF-8" />
    <property name="java.runtime.name" value="OpenJDK Runtime Environment" />
    <property name="usefile" value="false" />
    <property name="return.code" value="0" />
    <property name="junit.single.formatter" value="plain" />
    <property name="env.DYLD_LIBRARY_PATH" value="/home/travis/pthla/certi-tools/lib:" />
    <property name="env.DEBIAN_FRONTEND" value="noninteractive" />
    <property name="env.SSH_CONNECTION" value="10.16.5.85 60138 10.20.0.149 22" />
    <property name="env.MYSQL_UNIX_PORT" value="/var/run/mysqld/mysqld.sock" />
    <property name="env.LC_ALL" value="en_US.UTF-8" />
    <property name="env.TRAVIS_ALLOW_FAILURE" value="" />
    <property name="env.TRAVIS_JOB_WEB_URL" value="https://travis-ci.org/icyphy/ptII/jobs/676883202" />
    <property name="java.specification.name" value="Java Platform API Specification" />
    <property name="node.works" value="true" />
    <property name="user.timezone" value="" />
    <property name="path.separator" value=":" />
    <property name="env.TRAVIS_ENABLE_INFRA_DETECTION" value="true" />
    <property name="env.PYTHON_CFLAGS" value="-g -fstack-protector --param=ssp-buffer-size=4 -Wformat -Werror=format-security" />
    <property name="timeout.long" value="4000000" />
    <property name="env.CERTI_HOME" value="/home/travis/pthla/certi-tools" />
    <property name="ant.file.ptII" value="/home/travis/build/icyphy/ptII/build.xml" />
    <property name="javadoc.packagenames" value="com.*,diva.*,lbnl.*,org.hlacerti.*,org.json.*,org.ptolemy.*,org.terraswarm.*,ptolemy.*,ptserver.*" />
    <property name="file.encoding" value="UTF-8" />
    <property name="env.TRAVIS_PULL_REQUEST_SLUG" value="" />
    <property name="ant.project.default-target" value="build" />
    <property name="env.GIT_ASKPASS" value="echo" />
    <property name="env.HOME" value="/home/travis" />
    <property name="sun.java.command" value="org.apache.tools.ant.taskdefs.optional.junit.JUnitTestRunner ptolemy.actor.lib.test.junit.JUnitTclTest skipNonTests=false filtertrace=true haltOnError=false haltOnFailure=false formatter=org.apache.tools.ant.taskdefs.optional.junit.OutErrSummaryJUnitResultFormatter showoutput=true outputtoformatters=true logfailedtests=true threadid=0 logtestlistenerevents=false formatter=org.apache.tools.ant.taskdefs.optional.junit.XMLJUnitResultFormatter,/home/travis/build/icyphy/ptII/reports/junit/TEST-ptolemy.actor.lib.test.junit.JUnitTclTest.xml crashfile=/home/travis/build/icyphy/ptII/junitvmwatcher562028189178597704.properties propsfile=/home/travis/build/icyphy/ptII/junit4540904303444286027.properties" />
    <property name="env.COMPOSER_NO_INTERACTION" value="1" />
    <property name="env.MANPATH" value="/home/travis/.nvm/versions/node/v7.10.1/share/man:/home/travis/.rvm/rubies/ruby-2.5.3/share/man:/usr/local/cmake-3.12.4/man:/usr/local/clang-7.0.0/share/man:/usr/local/man:/usr/local/share/man:/usr/share/man:/home/travis/.rvm/man" />
    <property name="env.TRAVIS_TIMER_ID" value="01e03192" />
    <property name="ant.file" value="/home/travis/build/icyphy/ptII/build.xml" />
    <property name="env.TRAVIS_COMMIT_RANGE" value="3e950cfe0f3c004454147d0a7dfedd7f8d8e77cc...52bfcaaec950ad6b43d11ffdb9cd3f924b0c1f76" />
    <property name="env._system_name" value="Ubuntu" />
    <property name="ptII.classpath.optional.property" value="/home/travis/build/icyphy/ptII/lib/bsh-2.0b4.jar:/home/travis/build/icyphy/ptII/lib/ptCal.jar:/home/travis/build/icyphy/ptII/lib/java_cup.jar:/home/travis/build/icyphy/ptII/lib/saxon8.jar:/home/travis/build/icyphy/ptII/lib/saxon8-dom.jar:/home/travis/build/icyphy/ptII/lib/chic.jar:/home/travis/build/icyphy/ptII/lib/ptcolt.jar:/home/travis/build/icyphy/ptII/vendors/misc/itext/iText.jar:/home/travis/build/icyphy/ptII/lib/g4ltl.jar:/home/travis/build/icyphy/ptII/lib/StructuralCoder.jar:/home/travis/build/icyphy/ptII/lib/jcerti.jar:/home/travis/build/icyphy/ptII/lib/javax.mail.jar:/home/travis/build/icyphy/ptII/vendors/JMF-2.1.1e/lib/jmf.jar:/home/travis/build/icyphy/ptII/lib/jna-4.0.0-variadic.jar:/home/travis/build/icyphy/ptII/vendors/misc/joystick/Joystick.jar:/home/travis/build/icyphy/ptII/lib/ptjacl.jar:/home/travis/build/icyphy/ptII/lib/jsoup-1.8.2.jar:/home/travis/build/icyphy/ptII/lib/junit-4.8.2.jar:/home/travis/build/icyphy/ptII/lib/JUnitParams-0.4.0.jar:/home/travis/build/icyphy/ptII/ptolemy/actor/lib/excel/jxl.jar:/home/travis/build/icyphy/ptII/lib/jython.jar:/home/travis/build/icyphy/ptII/lib/kieler.jar:/home/travis/build/icyphy/ptII/vendors/opencv/share/OpenCV/java/opencv-341.jar:/home/travis/build/icyphy/ptII/lib/oscP5.jar:/home/travis/build/icyphy/ptII/lib/nrjavaserial-3.11.0.devel.jar:/home/travis/build/icyphy/ptII/vendors/j3d/lib/Linux/j3dcore.jar:/home/travis/build/icyphy/ptII/vendors/j3d/lib/Linux/j3dutils.jar:/home/travis/build/icyphy/ptII/vendors/j3d/lib/Linux/vecmath.jar:/home/travis/build/icyphy/ptII/vendors/jogl/lib/Linux/gluegen-rt-natives-linux-amd64.jar:/home/travis/build/icyphy/ptII/vendors/jogl/lib/Linux/gluegen-rt.jar:/home/travis/build/icyphy/ptII/vendors/jogl/lib/Linux/jogl-all-natives-linux-amd64.jar:/home/travis/build/icyphy/ptII/vendors/jogl/lib/Linux/jogl-all.jar:/home/travis/build/icyphy/ptII/ptolemy/distributed/jini/jar/jini-core.jar:/home/travis/build/icyphy/ptII/ptolemy/distributed/jini/jar/jini-ext.jar:/home/travis/build/icyphy/ptII/ptolemy/distributed/jini/jar/sun-util.jar:/home/travis/build/icyphy/ptII/lib/protobuf-java-2.4.1.jar:/home/travis/build/icyphy/ptII/lib/org.eclipse.paho.client.mqttv3.jar:/home/travis/build/icyphy/ptII/lib/mapss.jar:/home/travis/build/icyphy/ptII/ptolemy/actor/ptalon/antlr/antlr.jar:/home/travis/build/icyphy/ptII/lib/JRI.jar:/home/travis/build/icyphy/ptII/lib/commons-lang-2.6.jar:/home/travis/build/icyphy/ptII/lib/commons-logging-1.1.1.jar:/home/travis/build/icyphy/ptII/lib/sootclasses.jar:/home/travis/build/icyphy/ptII/ptolemy/actor/lib/database/mysql-connector-java-5.1.6-bin.jar:/home/travis/build/icyphy/ptII/vendors/misc/sphinx4/sphinx4-data-5prealpha.jar:/home/travis/build/icyphy/ptII/vendors/misc/sphinx4/sphinx4-core-5prealpha.jar:/home/travis/build/icyphy/ptII/lib/PDFRenderer.jar:/home/travis/build/icyphy/ptII/lib/svgSalamander.jar:/home/travis/build/icyphy/ptII/lib/rsyntaxtextarea-2.6.0-SNAPSHOT.jar:/home/travis/build/icyphy/ptII/lib/hazelcast-3.8.2.jar:/home/travis/build/icyphy/ptII/lib/jackson-annotations-2.9.0.jar:/home/travis/build/icyphy/ptII/lib/jackson-core-2.9.3.jar:/home/travis/build/icyphy/ptII/lib/jackson-databind-2.9.3.jar:/home/travis/build/icyphy/ptII/lib/netty-buffer-4.1.19.Final.jar:/home/travis/build/icyphy/ptII/lib/netty-codec-4.1.19.Final.jar:/home/travis/build/icyphy/ptII/lib/netty-codec-dns-4.1.19.Final.jar:/home/travis/build/icyphy/ptII/lib/netty-codec-http-4.1.19.Final.jar:/home/travis/build/icyphy/ptII/lib/netty-codec-http2-4.1.19.Final.jar:/home/travis/build/icyphy/ptII/lib/netty-common-4.1.19.Final.jar:/home/travis/build/icyphy/ptII/lib/netty-handler-4.1.19.Final.jar:/home/travis/build/icyphy/ptII/lib/netty-resolver-4.1.19.Final.jar:/home/travis/build/icyphy/ptII/lib/netty-resolver-dns-4.1.19.Final.jar:/home/travis/build/icyphy/ptII/lib/netty-transport-4.1.19.Final.jar:/home/travis/build/icyphy/ptII/lib/vertx-codegen-3.5.1.jar:/home/travis/build/icyphy/ptII/lib/vertx-core-3.5.2-SNAPSHOT.jar:/home/travis/build/icyphy/ptII/lib/vertx-hazelcast-3.5.1.jar:/home/travis/build/icyphy/ptII/lib/vertx-lang-js-3.5.1.jar:/home/travis/build/icyphy/ptII/lib/vertx-service-proxy-3.5.1.jar:/home/travis/build/icyphy/ptII/lib/vertx-web-3.5.1.jar:/home/travis/build/icyphy/ptII/lib/slf4j-api-1.7.13.jar:/home/travis/build/icyphy/ptII/lib/slf4j-simple-1.7.13.jar:/home/travis/build/icyphy/ptII/lib/webcam-capture-0.3.12.jar:/home/travis/build/icyphy/ptII/lib/bridj-0.7.0.jar:/home/travis/build/icyphy/ptII/lib/xbjlib-1.1.0.nrjavaserial.jar" />
    <property name="timeout" value="2400000" />
    <property name="test.batch" value="**/junit/*.java" />
    <property name="env._" value="/usr/bin/timeout" />
    <property name="java.io.tmpdir" value="/tmp" />
    <property name="user.language" value="en" />
    <property name="env.TRAVIS_INTERNAL_RUBY_REGEX" value="^ruby-(2\.[0-4]\.[0-9]|1\.9\.3)" />
    <property name="env.HISTCONTROL" value="ignoredups:ignorespace" />
    <property name="env.GOROOT" value="/home/travis/.gimme/versions/go1.11.1.linux.amd64" />
    <property name="line.separator" value="&#xa;" />
    <property name="target" value="11" />
    <property name="env.TRAVIS_BUILD_DIR" value="/home/travis/build/icyphy/ptII" />
    <property name="env.ANT_OPTS" value="-Xmx2048m" />
    <property name="ant.file.type" value="file" />
    <property name="ptolemy.ptII.batchMode" value="true" />
    <property name="env.HISTSIZE" value="1000" />
    <property name="env.MERB_ENV" value="test" />
    <property name="java.vm.info" value="mixed mode" />
    <property name="source" value="11" />
    <property name="java.vm.specification.name" value="Java Virtual Machine Specification" />
    <property name="env.TRAVIS_TEST_RESULT" value="0" />
    <property name="jsdoc.command" value="node_modules/@terraswarm/jsdoc/jsdoc.js" />
    <property name="npm.works" value="true" />
    <property name="cobertura.dir" value="/home/travis/build/icyphy/ptII/vendors/cobertura-2.0.3" />
    <property name="jsdoc.command.exists" value="true" />
    <property name="env.rvm_path" value="/home/travis/.rvm" />
    <property name="env.GEM_PATH" value="/home/travis/.rvm/gems/ruby-2.5.3:/home/travis/.rvm/gems/ruby-2.5.3@global" />
    <property name="env.LC_CTYPE" value="en_US.UTF-8" />
    <property name="env.TRAVIS_CMD" value="$PTII/bin/ptIITravisBuild.sh $SECONDS" />
    <property name="java.awt.printerjob" value="sun.print.PSPrinterJob" />
    <property name="env.TRAVIS_STACK_NAME" value="sardonyx" />
    <property name="env.TRAVIS_TIMER_START_TIME" value="1587304485298988352" />
    <property name="ant.version" value="Apache Ant(TM) version 1.10.1 compiled on February 2 2017" />
    <property name="ptII.reports" value="/home/travis/build/icyphy/ptII/reports" />
    <property name="env.TRAVIS_STACK_TIMESTAMP" value="2019-03-25 16:16:56 UTC" />
    <property name="ant.file.type.ptII" value="file" />
    <property name="env.RBENV_SHELL" value="bash" />
    <property name="os.name" value="Linux" />
    <property name="java.specification.vendor" value="Oracle Corporation" />
    <property name="env.rvm_version" value="1.29.7 (latest)" />
    <property name="env.TRAVIS_INFRA" value="unknown" />
    <property name="env.TERM" value="xterm" />
    <property name="java.vm.name" value="OpenJDK 64-Bit Server VM" />
    <property name="env.TRAVIS_BUILD_NUMBER" value="1606" />
    <property name="env.CI" value="true" />
    <property name="java.library.path" value="/home/travis/pthla/certi-tools/lib:/usr/lib/jni:/usr/local/share/OpenCV/java/:/usr/share/OpenCV/java::/usr/java/packages/lib:/usr/lib64:/lib64:/lib:/usr/lib" />
    <property name="jdk.module.path" value="/home/travis/build/icyphy/ptII/vendors/javafx/javafx-sdk-11.0.2/lib:" />
    <property name="env.rvm_prefix" value="/home/travis" />
    <property name="env.PATH" value="/home/travis/pthla/certi-tools/share/scripts:/home/travis/.rvm/gems/ruby-2.5.3/bin:/home/travis/.rvm/gems/ruby-2.5.3@global/bin:/home/travis/.rvm/rubies/ruby-2.5.3/bin:/home/travis/.rvm/bin:/home/travis/.nvm/versions/node/v7.10.1/bin:./node_modules/.bin:/home/travis/build/icyphy/ptII/bin:/home/travis/pthla/certi-tools/bin:/home/travis/bin:/home/travis/.local/bin:/usr/local/lib/jvm/openjdk11/bin:/opt/pyenv/shims:/home/travis/.phpenv/shims:/home/travis/perl5/perlbrew/bin:/home/travis/gopath/bin:/home/travis/.gimme/versions/go1.11.1.linux.amd64/bin:/usr/local/maven-3.6.0/bin:/usr/local/cmake-3.12.4/bin:/usr/local/clang-7.0.0/bin:/usr/local/sbin:/usr/local/bin:/usr/sbin:/usr/bin:/sbin:/bin:/snap/bin:/home/travis/.phpenv/bin:/opt/pyenv/bin:/home/travis/.yarn/bin" />
    <property name="env.TRAVIS_OS_NAME" value="linux" />
    <property name="ant.java.version" value="9" />
    <property name="basedir" value="/home/travis/build/icyphy/ptII" />
    <property name="java.class.version" value="55.0" />
    <property name="env.SHLVL" value="3" />
    <property name="env.LD_LIBRARY_PATH" value="/home/travis/pthla/certi-tools/lib:/usr/lib/jni:/usr/local/share/OpenCV/java/:/usr/share/OpenCV/java:" />
    <property name="env.RACK_ENV" value="test" />
    <property name="ant.home" value="/home/travis/build/icyphy/ptII/ant" />
    <property name="env.NVM_DIR" value="/home/travis/.nvm" />
    <property name="env.CERTI_FOM_PATH" value="/home/travis/pthla/certi-tools/share/federations" />
    <property name="env.TRAVIS_BUILD_ID" value="676883194" />
    <property name="env.PYENV_ROOT" value="/opt/pyenv" />
    <property name="env.TRAVIS_UID" value="2000" />
    <property name="prism.verbose" value="true" />
    <property name="env.NVM_BIN" value="/home/travis/.nvm/versions/node/v7.10.1/bin" />
    <property name="env.TRAVIS_COMMIT" value="52bfcaaec950ad6b43d11ffdb9cd3f924b0c1f76" />
    <property name="env._system_arch" value="x86_64" />
    <property name="node.executable" value="node" />
    <property name="sun.boot.library.path" value="/usr/local/lib/jvm/openjdk11/lib" />
    <property name="sun.management.compiler" value="HotSpot 64-Bit Tiered Compilers" />
    <property name="java.awt.graphicsenv" value="sun.awt.X11GraphicsEnvironment" />
    <property name="env.GOPATH" value="/home/travis/gopath" />
    <property name="ptolemy.ptII.dir" value="/home/travis/build/icyphy/ptII" />
    <property name="env.USER" value="travis" />
    <property name="env.HISTFILESIZE" value="2000" />
    <property name="env.NVM_INC" value="/home/travis/.nvm/versions/node/v7.10.1/include/node" />
    <property name="timeout.longest" value="19000000" />
    <property name="env.PERLBREW_SHELLRC_VERSION" value="0.86" />
    <property name="env.TRAVIS_STACK_FEATURES" value="basic couchdb disabled-ipv6 docker docker-compose elasticsearch firefox go-toolchain google-chrome jdk memcached mongodb mysql nodejs_interpreter perl_interpreter perlbrew phantomjs postgresql python_interpreter redis ruby_interpreter sqlite xserver" />
    <property name="env.TRAVIS_PULL_REQUEST" value="false" />
    <property name="env.PYENV_SHELL" value="bash" />
    <property name="ant.project.name" value="ptII" />
    <property name="env.ANSI_RESET" value="\033[0m" />
    <property name="java.vm.specification.version" value="11" />
    <property name="env.TRAVIS_DIST" value="xenial" />
    <property name="env.CERTI_VERSION" value="4.0.0" />
    <property name="env.CERTI_HOST" value="localhost" />
    <property name="awt.toolkit" value="sun.awt.X11.XToolkit" />
    <property name="env.MY_RUBY_HOME" value="/home/travis/.rvm/rubies/ruby-2.5.3" />
    <property name="sun.cpu.isalist" value="" />
    <property name="env.TRAVIS_TMPDIR" value="/tmp/tmp.cpN0xQlWQz" />
    <property name="java.vm.compressedOopsMode" value="Zero based" />
    <property name="os.version" value="4.15.0-1028-gcp" />
    <property name="user.home" value="/home/travis" />
    <property name="java.vm.vendor" value="Oracle Corporation" />
    <property name="env.TRAVIS_TAG" value="nightly" />
    <property name="env.ANSI_YELLOW" value="\033[33;1m" />
    <property name="env.TRAVIS_FILTERED" value="redirect_io" />
    <property name="env.ANSI_GREEN" value="\033[32;1m" />
    <property name="env.JAVA_HOME" value="/usr/local/lib/jvm/openjdk11" />
    <property name="javadoc.excludepackagenames" value="adm.cvs2svn.*,build.*,config.*,doc.coding.templates.*,jni.test.jni.meaningOfLife.*,jni.test.jni.testDeux.*,jni.test.jni.testTrois.*,org.terraswarm.accessor.accessors.web.node_modules.*,org.terraswarm.accessor.accessors.web.hosts.cordova.demo.*,org.terraswarm.accessor.accessors.web.hosts.cordova.plugins.*,org.terraswarm.accessor.accessors-svn.*,pt-modules.*,ptolemy.apps.agilent.*,ptolemy.apps.anytimecontrol.*,ptolemy.apps.apes.*,ptolemy.apps.charon.*,ptolemy.apps.crazyboard.*,ptolemy.apps.eclipse.*,ptolemy.apps.etherealSting.*,ptolemy.apps.fullscreen.*,ptolemy.apps.giotto.*,ptolemy.apps.ia.*,ptolemy.apps.interfaces.*,ptolemy.apps.jmf.*,ptolemy.apps.kurt.*,ptolemy.apps.kvm.*,ptolemy.apps.lego.*,ptolemy.apps.lejos.*,ptolemy.apps.midp.*,ptolemy.apps.mobileCoding.*,ptolemy.apps.pendulum.*,ptolemy.apps.rijndael.*,ptolemy.apps.robot.*,ptolemy.apps.security.*,ptolemy.apps.sobel.*,ptolemy.apps.soot.*,ptolemy.apps.throttle.*,ptolemy.apps.tini.*,ptolemy.apps.transmission.*,ptolemy.apps.vergil.*,ptolemy.apps.waba.*,ptolemy.apps.websensor.*,ptolemy.apps.webstart.*,ptolemy.apps.xsl.*,ptolemy.apps.zaurus.*,ptolemy.codegen.c.actor.lib.oldJavaFiles.*,ptolemy.codegen.dsp.lib.*,ptolemy.codegen.kernel.newInterfaces.*,ptolemy.codegen.lib.*,ptolemy.copernicus.kernel.fragment.*,ptolemy.copernicus.shallow.cg.*,ptolemy.domains.giotto.demo.Hierarchy.Hierarchy.*,ptolemy.domains.giotto.demo.Multimode.Multimode.*,ptolemy.domains.giotto.demo.Simple.Simple.*,ptolemy.domains.gr.lib.experimental.*,ptolemy.domains.gro.*,ptolemy.domains.pdf.*,ptolemy.domains.ptinyos.demo.Surge.output.*,ptolemy.moml.test.NoPackageActor.java*,ptolemy.plot.adm.*,ptolemy.plot.servlet.*,reports.*,signed.*,src.*,target.*,vendors.*,ptolemy.copernicus.applet.*,ptolemy.media.viewer.*,ptolemy.actor.corba.*,doc.doclets.*,ptolemy.apps.eclipse.awt.*,ptolemy.backtrack.*,ptolemy.backtrack.ast.*,ptolemy.cg.adapter.generic.program.procedural.c.mbed*,ptolemy.homer.*,ptolemy.actor.lib.jai.*,org.ptolemy.scala.*,diva.util.java2d.svg.*,ptolemy.domains.ptinyos.*,ptolemy.actor.lib.fmi.fmipp.*,,org.terraswarm.accessor.accessors.web.node_modules.*,org.terraswarm.accessor.accessors-svn,ptolemy.apps.*,ptolemy.actor.ptalon.demo.ptinyos.SendAndReceiveCnt.output,ptolemy.actor.ptalon.demo.ptinyos.SenseToLeds.output,ptolemy.domains.ptinyos.demo.CntToLedsAndRfm.output,ptolemy.domains.ptinyos.demo.RfmToLeds.output,ptolemy.domains.ptinyos.demo.SendAndReceiveCnt.output,ptolemy.domains.ptinyos.demo.SenseToLeds.output,ptolemy.actor.lib.jjs.modules.udpSocket.*" />
    <property name="env.PTII" value="/home/travis/build/icyphy/ptII" />
    <property name="env.XDG_SESSION_ID" value="2" />
    <property name="keystore" value="ptKeystore" />
    <property name="env.TRAVIS_COMMIT_MESSAGE" value="Updating models using array data type." />
    <property name="junit.output.dir" value="/home/travis/build/icyphy/ptII/reports/junit" />
    <property name="npm.return.code" value="0" />
    <property name="user.dir" value="/home/travis/build/icyphy/ptII/ptolemy/actor/lib/test" />
    <property name="env.TRAVIS_NODE_VERSION" value="7" />
    <property name="env.TRAVIS_EVENT_TYPE" value="cron" />
    <property name="env.MAIL" value="/var/mail/travis" />
    <property name="env.PERLBREW_ROOT" value="/home/travis/perl5/perlbrew" />
    <property name="env.PWD" value="/home/travis/build/icyphy/ptII" />
    <property name="timeout.npm" value="45000" />
    <property name="env.TRAVIS_ARCH" value="amd64" />
    <property name="sun.cpu.endian" value="little" />
    <property name="env.PAGER" value="cat" />
    <property name="env.TRAVIS_BUILD_STAGE_NAME" value="test" />
    <property name="env.PERLBREW_HOME" value="/home/travis/.perlbrew" />
    <property name="java.vm.version" value="11.0.2+9" />
    <property name="env.RAILS_ENV" value="test" />
    <property name="java.class.path" value="/home/travis/.ptolemyII:/home/travis/.ptolemyII/*:/home/travis/build/icyphy/ptII:/home/travis/build/icyphy/ptII/lib/bsh-2.0b4.jar:/home/travis/build/icyphy/ptII/lib/ptCal.jar:/home/travis/build/icyphy/ptII/lib/java_cup.jar:/home/travis/build/icyphy/ptII/lib/saxon8.jar:/home/travis/build/icyphy/ptII/lib/saxon8-dom.jar:/home/travis/build/icyphy/ptII/lib/chic.jar:/home/travis/build/icyphy/ptII/lib/ptcolt.jar:/home/travis/build/icyphy/ptII/vendors/misc/itext/iText.jar:/home/travis/build/icyphy/ptII/lib/g4ltl.jar:/home/travis/build/icyphy/ptII/lib/StructuralCoder.jar:/home/travis/build/icyphy/ptII/lib/jcerti.jar:/home/travis/build/icyphy/ptII/lib/javax.mail.jar:/home/travis/build/icyphy/ptII/vendors/JMF-2.1.1e/lib/jmf.jar:/home/travis/build/icyphy/ptII/lib/jna-4.0.0-variadic.jar:/home/travis/build/icyphy/ptII/vendors/misc/joystick/Joystick.jar:/home/travis/build/icyphy/ptII/lib/ptjacl.jar:/home/travis/build/icyphy/ptII/lib/jsoup-1.8.2.jar:/home/travis/build/icyphy/ptII/lib/junit-4.8.2.jar:/home/travis/build/icyphy/ptII/lib/JUnitParams-0.4.0.jar:/home/travis/build/icyphy/ptII/ptolemy/actor/lib/excel/jxl.jar:/home/travis/build/icyphy/ptII/lib/jython.jar:/home/travis/build/icyphy/ptII/lib/kieler.jar:/home/travis/build/icyphy/ptII/vendors/opencv/share/OpenCV/java/opencv-341.jar:/home/travis/build/icyphy/ptII/lib/oscP5.jar:/home/travis/build/icyphy/ptII/lib/nrjavaserial-3.11.0.devel.jar:/home/travis/build/icyphy/ptII/vendors/j3d/lib/Linux/j3dcore.jar:/home/travis/build/icyphy/ptII/vendors/j3d/lib/Linux/j3dutils.jar:/home/travis/build/icyphy/ptII/vendors/j3d/lib/Linux/vecmath.jar:/home/travis/build/icyphy/ptII/vendors/jogl/lib/Linux/gluegen-rt-natives-linux-amd64.jar:/home/travis/build/icyphy/ptII/vendors/jogl/lib/Linux/gluegen-rt.jar:/home/travis/build/icyphy/ptII/vendors/jogl/lib/Linux/jogl-all-natives-linux-amd64.jar:/home/travis/build/icyphy/ptII/vendors/jogl/lib/Linux/jogl-all.jar:/home/travis/build/icyphy/ptII/ptolemy/distributed/jini/jar/jini-core.jar:/home/travis/build/icyphy/ptII/ptolemy/distributed/jini/jar/jini-ext.jar:/home/travis/build/icyphy/ptII/ptolemy/distributed/jini/jar/sun-util.jar:/home/travis/build/icyphy/ptII/lib/protobuf-java-2.4.1.jar:/home/travis/build/icyphy/ptII/lib/org.eclipse.paho.client.mqttv3.jar:/home/travis/build/icyphy/ptII/lib/mapss.jar:/home/travis/build/icyphy/ptII/ptolemy/actor/ptalon/antlr/antlr.jar:/home/travis/build/icyphy/ptII/lib/JRI.jar:/home/travis/build/icyphy/ptII/lib/commons-lang-2.6.jar:/home/travis/build/icyphy/ptII/lib/commons-logging-1.1.1.jar:/home/travis/build/icyphy/ptII/lib/sootclasses.jar:/home/travis/build/icyphy/ptII/ptolemy/actor/lib/database/mysql-connector-java-5.1.6-bin.jar:/home/travis/build/icyphy/ptII/vendors/misc/sphinx4/sphinx4-data-5prealpha.jar:/home/travis/build/icyphy/ptII/vendors/misc/sphinx4/sphinx4-core-5prealpha.jar:/home/travis/build/icyphy/ptII/lib/PDFRenderer.jar:/home/travis/build/icyphy/ptII/lib/svgSalamander.jar:/home/travis/build/icyphy/ptII/lib/rsyntaxtextarea-2.6.0-SNAPSHOT.jar:/home/travis/build/icyphy/ptII/lib/hazelcast-3.8.2.jar:/home/travis/build/icyphy/ptII/lib/jackson-annotations-2.9.0.jar:/home/travis/build/icyphy/ptII/lib/jackson-core-2.9.3.jar:/home/travis/build/icyphy/ptII/lib/jackson-databind-2.9.3.jar:/home/travis/build/icyphy/ptII/lib/netty-buffer-4.1.19.Final.jar:/home/travis/build/icyphy/ptII/lib/netty-codec-4.1.19.Final.jar:/home/travis/build/icyphy/ptII/lib/netty-codec-dns-4.1.19.Final.jar:/home/travis/build/icyphy/ptII/lib/netty-codec-http-4.1.19.Final.jar:/home/travis/build/icyphy/ptII/lib/netty-codec-http2-4.1.19.Final.jar:/home/travis/build/icyphy/ptII/lib/netty-common-4.1.19.Final.jar:/home/travis/build/icyphy/ptII/lib/netty-handler-4.1.19.Final.jar:/home/travis/build/icyphy/ptII/lib/netty-resolver-4.1.19.Final.jar:/home/travis/build/icyphy/ptII/lib/netty-resolver-dns-4.1.19.Final.jar:/home/travis/build/icyphy/ptII/lib/netty-transport-4.1.19.Final.jar:/home/travis/build/icyphy/ptII/lib/vertx-codegen-3.5.1.jar:/home/travis/build/icyphy/ptII/lib/vertx-core-3.5.2-SNAPSHOT.jar:/home/travis/build/icyphy/ptII/lib/vertx-hazelcast-3.5.1.jar:/home/travis/build/icyphy/ptII/lib/vertx-lang-js-3.5.1.jar:/home/travis/build/icyphy/ptII/lib/vertx-service-proxy-3.5.1.jar:/home/travis/build/icyphy/ptII/lib/vertx-web-3.5.1.jar:/home/travis/build/icyphy/ptII/lib/slf4j-api-1.7.13.jar:/home/travis/build/icyphy/ptII/lib/slf4j-simple-1.7.13.jar:/home/travis/build/icyphy/ptII/lib/webcam-capture-0.3.12.jar:/home/travis/build/icyphy/ptII/lib/bridj-0.7.0.jar:/home/travis/build/icyphy/ptII/lib/xbjlib-1.1.0.nrjavaserial.jar:/home/travis/build/icyphy/ptII/ptolemy/moml/test:/home/travis/build/icyphy/ptII/ant/lib/ant-launcher.jar:/home/travis/build/icyphy/ptII/ant/lib/ant.jar:/home/travis/build/icyphy/ptII/ant/lib/ant-junit.jar:/home/travis/build/icyphy/ptII/ant/lib/ant-junit4.jar" />
    <property name="ant.library.dir" value="/home/travis/build/icyphy/ptII/ant/lib" />
    <property name="os.arch" value="amd64" />
    <property name="env.CONTINUOUS_INTEGRATION" value="true" />
    <property name="env.TRAVIS_LANGUAGE" value="node_js" />
    <property name="env.TRAVIS_STACK_LANGUAGES" value="__sardonyx__ c c++ clojure cplusplus cpp default generic go groovy java node_js php pure_java python ruby scala" />
    <property name="test.name" value="ptolemy.actor.lib.test.junit.JUnitTclTest" />
    <property name="env.APT_KEY_DONT_WARN_ON_DANGEROUS_USAGE" value="1" />
    <property name="sun.java.launcher" value="SUN_STANDARD" />
    <property name="env.PYTHON_CONFIGURE_OPTS" value="--enable-unicode=ucs4 --with-wide-unicode --enable-shared --enable-ipv6 --enable-loadable-sqlite-extensions --with-computed-gotos" />
    <property name="ant.core.lib" value="/home/travis/build/icyphy/ptII/ant/lib/ant.jar" />
    <property name="java.vm.specification.vendor" value="Oracle Corporation" />
    <property name="env.BCVTB_HOME" value="/home/travis/build/icyphy/ptII/lbnl" />
    <property name="file.separator" value="/" />
    <property name="spotbugs.home" value="/home/travis/build/icyphy/ptII/vendors/spotbugs-3.1.1" />
    <property name="java.runtime.version" value="11.0.2+9" />
    <property name="env.ANSI_CLEAR" value="\033[0K" />
    <property name="javafx.verbose" value="true" />
    <property name="env.HAS_JOSH_K_SEAL_OF_APPROVAL" value="true" />
    <property name="env.XDG_RUNTIME_DIR" value="/run/user/2000" />
    <property name="env.TRAVIS_OSX_IMAGE" value="" />
    <property name="env.TRAVIS_JOB_ID" value="676883202" />
    <property name="env.TRAVIS_BRANCH" value="master" />
    <property name="user.country" value="US" />
    <property name="env.CERTI_HOME_TRAVIS" value="/home/travis/pthla/certi-tools" />
    <property name="env.SHELL" value="/bin/bash" />
    <property name="java.maxmemory.large" value="3200m" />
    <property name="model" value="" />
    <property name="env.CASHER_DIR" value="/home/travis/.casher" />
    <property name="env.NVM_CD_FLAGS" value="" />
    <property name="java.vendor.version" value="18.9" />
    <property name="jshint.executable" value="/home/travis/node_modules/jshint/bin/jshint" />
    <property name="env.JRUBY_OPTS" value=" --client -J-XX:+TieredCompilation -J-XX:TieredStopAtLevel=1 -J-Xss2m -Xcompile.invokedynamic=false" />
    <property name="java.vendor" value="Oracle Corporation" />
    <property name="env.TRAVIS_PRE_CHEF_BOOTSTRAP_TIME" value="2019-03-25T16:16:42" />
    <property name="env.TRAVIS_STACK_JOB_BOARD_REGISTER" value="/.job-board-register.yml" />
    <property name="env.ANSI_RED" value="\033[31;1m" />
    <property name="java.specification.version" value="11" />
    <property name="env.IRBRC" value="/home/travis/.rvm/rubies/ruby-2.5.3/.irbrc" />
    <property name="env.TRAVIS" value="true" />
    <property name="sun.arch.data.model" value="64" />
  </properties>
  <testcase classname="ptolemy.util.test.junit.TclTests" name="[0] /home/travis/build/icyphy/ptII/ptolemy/actor/lib/test/AbsoluteValue.tcl (RunTclFile)" time="0.494" />
  <testcase classname="ptolemy.util.test.junit.TclTests" name="[1] /home/travis/build/icyphy/ptII/ptolemy/actor/lib/test/AddSubtract.tcl (RunTclFile)" time="0.144" />
  <testcase classname="ptolemy.util.test.junit.TclTests" name="[2] /home/travis/build/icyphy/ptII/ptolemy/actor/lib/test/Average.tcl (RunTclFile)" time="0.06" />
  <testcase classname="ptolemy.util.test.junit.TclTests" name="[3] /home/travis/build/icyphy/ptII/ptolemy/actor/lib/test/Bernoulli.tcl (RunTclFile)" time="0.028" />
  <testcase classname="ptolemy.util.test.junit.TclTests" name="[4] /home/travis/build/icyphy/ptII/ptolemy/actor/lib/test/Clock.tcl (RunTclFile)" time="0.102" />
  <testcase classname="ptolemy.util.test.junit.TclTests" name="[5] /home/travis/build/icyphy/ptII/ptolemy/actor/lib/test/Commutator.tcl (RunTclFile)" time="0.156" />
  <testcase classname="ptolemy.util.test.junit.TclTests" name="[6] /home/travis/build/icyphy/ptII/ptolemy/actor/lib/test/Const.tcl (RunTclFile)" time="0.098" />
  <testcase classname="ptolemy.util.test.junit.TclTests" name="[7] /home/travis/build/icyphy/ptII/ptolemy/actor/lib/test/CurrentTime.tcl (RunTclFile)" time="0.035" />
  <testcase classname="ptolemy.util.test.junit.TclTests" name="[8] /home/travis/build/icyphy/ptII/ptolemy/actor/lib/test/DB.tcl (RunTclFile)" time="0.036" />
  <testcase classname="ptolemy.util.test.junit.TclTests" name="[9] /home/travis/build/icyphy/ptII/ptolemy/actor/lib/test/DiscreteRandomSource.tcl (RunTclFile)" time="0.053" />
  <testcase classname="ptolemy.util.test.junit.TclTests" name="[10] /home/travis/build/icyphy/ptII/ptolemy/actor/lib/test/Distributor.tcl (RunTclFile)" time="0.1" />
  <testcase classname="ptolemy.util.test.junit.TclTests" name="[11] /home/travis/build/icyphy/ptII/ptolemy/actor/lib/test/Exit.tcl (RunTclFile)" time="0.086" />
  <testcase classname="ptolemy.util.test.junit.TclTests" name="[12] /home/travis/build/icyphy/ptII/ptolemy/actor/lib/test/Expression.tcl (RunTclFile)" time="0.115" />
  <testcase classname="ptolemy.util.test.junit.TclTests" name="[13] /home/travis/build/icyphy/ptII/ptolemy/actor/lib/test/Gaussian.tcl (RunTclFile)" time="0.322" />
  <testcase classname="ptolemy.util.test.junit.TclTests" name="[14] /home/travis/build/icyphy/ptII/ptolemy/actor/lib/test/IIR.tcl (RunTclFile)" time="0.035" />
  <testcase classname="ptolemy.util.test.junit.TclTests" name="[15] /home/travis/build/icyphy/ptII/ptolemy/actor/lib/test/Interpolator.tcl (RunTclFile)" time="0.087" />
  <testcase classname="ptolemy.util.test.junit.TclTests" name="[16] /home/travis/build/icyphy/ptII/ptolemy/actor/lib/test/MathFunction.tcl (RunTclFile)" time="0.061" />
  <testcase classname="ptolemy.util.test.junit.TclTests" name="[17] /home/travis/build/icyphy/ptII/ptolemy/actor/lib/test/Maximum.tcl (RunTclFile)" time="0.019" />
  <testcase classname="ptolemy.util.test.junit.TclTests" name="[18] /home/travis/build/icyphy/ptII/ptolemy/actor/lib/test/Minimum.tcl (RunTclFile)" time="0.024" />
  <testcase classname="ptolemy.util.test.junit.TclTests" name="[19] /home/travis/build/icyphy/ptII/ptolemy/actor/lib/test/MultiplyDivide.tcl (RunTclFile)" time="0.032" />
  <testcase classname="ptolemy.util.test.junit.TclTests" name="[20] /home/travis/build/icyphy/ptII/ptolemy/actor/lib/test/OrderedMerge.tcl (RunTclFile)" time="0.13" />
  <testcase classname="ptolemy.util.test.junit.TclTests" name="[21] /home/travis/build/icyphy/ptII/ptolemy/actor/lib/test/Publisher.tcl (RunTclFile)" time="0.768" />
  <testcase classname="ptolemy.util.test.junit.TclTests" name="[22] /home/travis/build/icyphy/ptII/ptolemy/actor/lib/test/Pulse.tcl (RunTclFile)" time="0.064" />
  <testcase classname="ptolemy.util.test.junit.TclTests" name="[23] /home/travis/build/icyphy/ptII/ptolemy/actor/lib/test/Ramp.tcl (RunTclFile)" time="1.985" />
  <testcase classname="ptolemy.util.test.junit.TclTests" name="[24] /home/travis/build/icyphy/ptII/ptolemy/actor/lib/test/RampContinuous.tcl (RunTclFile)" time="0.016" />
  <testcase classname="ptolemy.util.test.junit.TclTests" name="[25] /home/travis/build/icyphy/ptII/ptolemy/actor/lib/test/RecordAssembler.tcl (RunTclFile)" time="0.013" />
  <testcase classname="ptolemy.util.test.junit.TclTests" name="[26] /home/travis/build/icyphy/ptII/ptolemy/actor/lib/test/RecordDisassembler.tcl (RunTclFile)" time="0.029" />
  <testcase classname="ptolemy.util.test.junit.TclTests" name="[27] /home/travis/build/icyphy/ptII/ptolemy/actor/lib/test/Scale.tcl (RunTclFile)" time="0.023" />
  <testcase classname="ptolemy.util.test.junit.TclTests" name="[28] /home/travis/build/icyphy/ptII/ptolemy/actor/lib/test/SequentialClock.tcl (RunTclFile)" time="0.01" />
  <testcase classname="ptolemy.util.test.junit.TclTests" name="[29] /home/travis/build/icyphy/ptII/ptolemy/actor/lib/test/SetVariable.tcl (RunTclFile)" time="0.008" />
  <testcase classname="ptolemy.util.test.junit.TclTests" name="[30] /home/travis/build/icyphy/ptII/ptolemy/actor/lib/test/Sinewave.tcl (RunTclFile)" time="0.048" />
  <testcase classname="ptolemy.util.test.junit.TclTests" name="[31] /home/travis/build/icyphy/ptII/ptolemy/actor/lib/test/SubscriptionAggregator.tcl (RunTclFile)" time="1.905" />
  <testcase classname="ptolemy.util.test.junit.TclTests" name="[32] /home/travis/build/icyphy/ptII/ptolemy/actor/lib/test/Test.tcl (RunTclFile)" time="0.086" />
  <testcase classname="ptolemy.util.test.junit.TclTests" name="[33] /home/travis/build/icyphy/ptII/ptolemy/actor/lib/test/TestExceptionHandler.tcl (RunTclFile)" time="0.01" />
  <testcase classname="ptolemy.util.test.junit.TclTests" name="[34] /home/travis/build/icyphy/ptII/ptolemy/actor/lib/test/UnionDisassembler.tcl (RunTclFile)" time="0.055" />
  <testcase classname="ptolemy.util.test.junit.TclTests" name="[35] /home/travis/build/icyphy/ptII/ptolemy/actor/lib/test/VariableClock.tcl (RunTclFile)" time="0.018" />
  <testcase classname="ptolemy.util.test.junit.AutoKnownFailedTests" name="[0] /home/travis/build/icyphy/ptII/ptolemy/actor/lib/test/auto/knownFailedTests/PublisherPortToplevelSubscriber.xml (RunModel)" time="0.026" />
  <testcase classname="ptolemy.util.test.junit.AutoKnownFailedTests" name="[1] /home/travis/build/icyphy/ptII/ptolemy/actor/lib/test/auto/knownFailedTests/PublisherSubscriberPortToplevel.xml (RunModel)" time="0.025" />
  <testcase classname="ptolemy.util.test.junit.AutoKnownFailedTests" name="[2] /home/travis/build/icyphy/ptII/ptolemy/actor/lib/test/auto/knownFailedTests/PublisherSubscriptionAggregatorPort.xml (RunModel)" time="0.016" />
  <testcase classname="ptolemy.util.test.junit.AutoKnownFailedTests" name="[3] /home/travis/build/icyphy/ptII/ptolemy/actor/lib/test/auto/knownFailedTests/sizedarray3.xml (RunModel)" time="0.114" />
  <testcase classname="ptolemy.util.test.junit.AutoNameArchTests" name="[0] ThereAreNoAutoArchTests (RunModel)" time="0.004" />
  <testcase classname="ptolemy.util.test.junit.AutoTests" name="[0] /home/travis/build/icyphy/ptII/ptolemy/actor/lib/test/auto/AbsoluteValue.xml (RunModel)" time="0.075" />
  <testcase classname="ptolemy.util.test.junit.AutoTests" name="[1] /home/travis/build/icyphy/ptII/ptolemy/actor/lib/test/auto/AbsoluteValue2.xml (RunModel)" time="0.055" />
  <testcase classname="ptolemy.util.test.junit.AutoTests" name="[2] /home/travis/build/icyphy/ptII/ptolemy/actor/lib/test/auto/Accumulator.xml (RunModel)" time="0.023" />
  <testcase classname="ptolemy.util.test.junit.AutoTests" name="[3] /home/travis/build/icyphy/ptII/ptolemy/actor/lib/test/auto/Accumulator2.xml (RunModel)" time="0.014" />
  <testcase classname="ptolemy.util.test.junit.AutoTests" name="[4] /home/travis/build/icyphy/ptII/ptolemy/actor/lib/test/auto/Accumulator3.xml (RunModel)" time="0.013" />
  <testcase classname="ptolemy.util.test.junit.AutoTests" name="[5] /home/travis/build/icyphy/ptII/ptolemy/actor/lib/test/auto/ArrayAppend.xml (RunModel)" time="0.06" />
  <testcase classname="ptolemy.util.test.junit.AutoTests" name="[6] /home/travis/build/icyphy/ptII/ptolemy/actor/lib/test/auto/ArrayAppend2.xml (RunModel)" time="0.504" />
  <testcase classname="ptolemy.util.test.junit.AutoTests" name="[7] /home/travis/build/icyphy/ptII/ptolemy/actor/lib/test/auto/ArrayAppend3.xml (RunModel)" time="0.028" />
  <testcase classname="ptolemy.util.test.junit.AutoTests" name="[8] /home/travis/build/icyphy/ptII/ptolemy/actor/lib/test/auto/ArrayAppend4.xml (RunModel)" time="0.012" />
  <testcase classname="ptolemy.util.test.junit.AutoTests" name="[9] /home/travis/build/icyphy/ptII/ptolemy/actor/lib/test/auto/ArrayAppend5.xml (RunModel)" time="0.018" />
  <testcase classname="ptolemy.util.test.junit.AutoTests" name="[10] /home/travis/build/icyphy/ptII/ptolemy/actor/lib/test/auto/ArrayAppend6.xml (RunModel)" time="0.016" />
  <testcase classname="ptolemy.util.test.junit.AutoTests" name="[11] /home/travis/build/icyphy/ptII/ptolemy/actor/lib/test/auto/ArrayAppendPerformanceTest.xml (RunModel)" time="0.057" />
  <testcase classname="ptolemy.util.test.junit.AutoTests" name="[12] /home/travis/build/icyphy/ptII/ptolemy/actor/lib/test/auto/ArrayAppendWithEmptyInput.xml (RunModel)" time="0.044" />
  <testcase classname="ptolemy.util.test.junit.AutoTests" name="[13] /home/travis/build/icyphy/ptII/ptolemy/actor/lib/test/auto/ArrayAverage.xml (RunModel)" time="0.06" />
  <testcase classname="ptolemy.util.test.junit.AutoTests" name="[14] /home/travis/build/icyphy/ptII/ptolemy/actor/lib/test/auto/ArrayContains.xml (RunModel)" time="0.038" />
  <testcase classname="ptolemy.util.test.junit.AutoTests" name="[15] /home/travis/build/icyphy/ptII/ptolemy/actor/lib/test/auto/ArrayElement.xml (RunModel)" time="0.024" />
  <testcase classname="ptolemy.util.test.junit.AutoTests" name="[16] /home/travis/build/icyphy/ptII/ptolemy/actor/lib/test/auto/ArrayElementAsMatrix.xml (RunModel)" time="0.061" />
  <testcase classname="ptolemy.util.test.junit.AutoTests" name="[17] /home/travis/build/icyphy/ptII/ptolemy/actor/lib/test/auto/ArrayElementI.xml (RunModel)" time="0.018" />
  <testcase classname="ptolemy.util.test.junit.AutoTests" name="[18] /home/travis/build/icyphy/ptII/ptolemy/actor/lib/test/auto/ArrayExtract.xml (RunModel)" time="0.027" />
  <testcase classname="ptolemy.util.test.junit.AutoTests" name="[19] /home/travis/build/icyphy/ptII/ptolemy/actor/lib/test/auto/ArrayExtract2.xml (RunModel)" time="0.016" />
  <testcase classname="ptolemy.util.test.junit.AutoTests" name="[20] /home/travis/build/icyphy/ptII/ptolemy/actor/lib/test/auto/ArrayLength.xml (RunModel)" time="0.021" />
  <testcase classname="ptolemy.util.test.junit.AutoTests" name="[21] /home/travis/build/icyphy/ptII/ptolemy/actor/lib/test/auto/ArrayLevelCrossing.xml (RunModel)" time="0.027" />
  <testcase classname="ptolemy.util.test.junit.AutoTests" name="[22] /home/travis/build/icyphy/ptII/ptolemy/actor/lib/test/auto/ArrayLevelCrossing2.xml (RunModel)" time="0.022" />
  <testcase classname="ptolemy.util.test.junit.AutoTests" name="[23] /home/travis/build/icyphy/ptII/ptolemy/actor/lib/test/auto/ArrayPeakSearch.xml (RunModel)" time="0.037" />
  <testcase classname="ptolemy.util.test.junit.AutoTests" name="[24] /home/travis/build/icyphy/ptII/ptolemy/actor/lib/test/auto/ArrayPeakSearch2.xml (RunModel)" time="0.038" />
  <testcase classname="ptolemy.util.test.junit.AutoTests" name="[25] /home/travis/build/icyphy/ptII/ptolemy/actor/lib/test/auto/ArrayPeakSearch3.xml (RunModel)" time="0.04" />
  <testcase classname="ptolemy.util.test.junit.AutoTests" name="[26] /home/travis/build/icyphy/ptII/ptolemy/actor/lib/test/auto/ArrayRemoveElement.xml (RunModel)" time="0.028" />
  <testcase classname="ptolemy.util.test.junit.AutoTests" name="[27] /home/travis/build/icyphy/ptII/ptolemy/actor/lib/test/auto/ArraySort.xml (RunModel)" time="0.035" />
  <testcase classname="ptolemy.util.test.junit.AutoTests" name="[28] /home/travis/build/icyphy/ptII/ptolemy/actor/lib/test/auto/ArraySum.xml (RunModel)" time="0.019" />
  <testcase classname="ptolemy.util.test.junit.AutoTests" name="[29] /home/travis/build/icyphy/ptII/ptolemy/actor/lib/test/auto/ArrayToElements.xml (RunModel)" time="0.019" />
  <testcase classname="ptolemy.util.test.junit.AutoTests" name="[30] /home/travis/build/icyphy/ptII/ptolemy/actor/lib/test/auto/ArrayToMatrix.xml (RunModel)" time="0.055" />
  <testcase classname="ptolemy.util.test.junit.AutoTests" name="[31] /home/travis/build/icyphy/ptII/ptolemy/actor/lib/test/auto/ArrayUpdate1.xml (RunModel)" time="0.018" />
  <testcase classname="ptolemy.util.test.junit.AutoTests" name="[32] /home/travis/build/icyphy/ptII/ptolemy/actor/lib/test/auto/ArrayUpdate2.xml (RunModel)" time="0.02" />
  <testcase classname="ptolemy.util.test.junit.AutoTests" name="[33] /home/travis/build/icyphy/ptII/ptolemy/actor/lib/test/auto/ArrayUpdate3.xml (RunModel)" time="0.012" />
  <testcase classname="ptolemy.util.test.junit.AutoTests" name="[34] /home/travis/build/icyphy/ptII/ptolemy/actor/lib/test/auto/Assert1.xml (RunModel)" time="0.035" />
  <testcase classname="ptolemy.util.test.junit.AutoTests" name="[35] /home/travis/build/icyphy/ptII/ptolemy/actor/lib/test/auto/Assert2.xml (RunModel)" time="0.011" />
  <testcase classname="ptolemy.util.test.junit.AutoTests" name="[36] /home/travis/build/icyphy/ptII/ptolemy/actor/lib/test/auto/BooleanMultiplexor.xml (RunModel)" time="0.012" />
  <testcase classname="ptolemy.util.test.junit.AutoTests" name="[37] /home/travis/build/icyphy/ptII/ptolemy/actor/lib/test/auto/BooleanMultiplexor2.xml (RunModel)" time="0.022" />
  <testcase classname="ptolemy.util.test.junit.AutoTests" name="[38] /home/travis/build/icyphy/ptII/ptolemy/actor/lib/test/auto/BooleanMultiplexor3.xml (RunModel)" time="0.021" />
  <testcase classname="ptolemy.util.test.junit.AutoTests" name="[39] /home/travis/build/icyphy/ptII/ptolemy/actor/lib/test/auto/BooleanSelect.xml (RunModel)" time="0.023" />
  <testcase classname="ptolemy.util.test.junit.AutoTests" name="[40] /home/travis/build/icyphy/ptII/ptolemy/actor/lib/test/auto/BooleanSelect2.xml (RunModel)" time="0.015" />
  <testcase classname="ptolemy.util.test.junit.AutoTests" name="[41] /home/travis/build/icyphy/ptII/ptolemy/actor/lib/test/auto/BooleanSwitch.xml (RunModel)" time="0.019" />
  <testcase classname="ptolemy.util.test.junit.AutoTests" name="[42] /home/travis/build/icyphy/ptII/ptolemy/actor/lib/test/auto/BooleanSwitch2.xml (RunModel)" time="0.014" />
  <testcase classname="ptolemy.util.test.junit.AutoTests" name="[43] /home/travis/build/icyphy/ptII/ptolemy/actor/lib/test/auto/BooleanSwitchCloningBugWithClassRelationGroup.xml (RunModel)" time="0.041" />
  <testcase classname="ptolemy.util.test.junit.AutoTests" name="[44] /home/travis/build/icyphy/ptII/ptolemy/actor/lib/test/auto/BusActors.xml (RunModel)" time="0.031" />
  <testcase classname="ptolemy.util.test.junit.AutoTests" name="[45] /home/travis/build/icyphy/ptII/ptolemy/actor/lib/test/auto/ClassWrapper.xml (RunModel)" time="0.017" />
  <testcase classname="ptolemy.util.test.junit.AutoTests" name="[46] /home/travis/build/icyphy/ptII/ptolemy/actor/lib/test/auto/Clock.xml (RunModel)" time="0.009" />
  <testcase classname="ptolemy.util.test.junit.AutoTests" name="[47] /home/travis/build/icyphy/ptII/ptolemy/actor/lib/test/auto/Clock10.xml (RunModel)" time="0.017" />
  <testcase classname="ptolemy.util.test.junit.AutoTests" name="[48] /home/travis/build/icyphy/ptII/ptolemy/actor/lib/test/auto/Clock11.xml (RunModel)" time="0.014" />
  <testcase classname="ptolemy.util.test.junit.AutoTests" name="[49] /home/travis/build/icyphy/ptII/ptolemy/actor/lib/test/auto/Clock12.xml (RunModel)" time="0.018" />
  <testcase classname="ptolemy.util.test.junit.AutoTests" name="[50] /home/travis/build/icyphy/ptII/ptolemy/actor/lib/test/auto/Clock13.xml (RunModel)" time="0.011" />
  <testcase classname="ptolemy.util.test.junit.AutoTests" name="[51] /home/travis/build/icyphy/ptII/ptolemy/actor/lib/test/auto/Clock14.xml (RunModel)" time="0.014" />
  <testcase classname="ptolemy.util.test.junit.AutoTests" name="[52] /home/travis/build/icyphy/ptII/ptolemy/actor/lib/test/auto/Clock15.xml (RunModel)" time="0.012" />
  <testcase classname="ptolemy.util.test.junit.AutoTests" name="[53] /home/travis/build/icyphy/ptII/ptolemy/actor/lib/test/auto/Clock16.xml (RunModel)" time="0.071" />
  <testcase classname="ptolemy.util.test.junit.AutoTests" name="[54] /home/travis/build/icyphy/ptII/ptolemy/actor/lib/test/auto/Clock17.xml (RunModel)" time="0.04" />
  <testcase classname="ptolemy.util.test.junit.AutoTests" name="[55] /home/travis/build/icyphy/ptII/ptolemy/actor/lib/test/auto/Clock18.xml (RunModel)" time="0.032" />
  <testcase classname="ptolemy.util.test.junit.AutoTests" name="[56] /home/travis/build/icyphy/ptII/ptolemy/actor/lib/test/auto/Clock19.xml (RunModel)" time="0.033" />
  <testcase classname="ptolemy.util.test.junit.AutoTests" name="[57] /home/travis/build/icyphy/ptII/ptolemy/actor/lib/test/auto/Clock2.xml (RunModel)" time="0.008" />
  <testcase classname="ptolemy.util.test.junit.AutoTests" name="[58] /home/travis/build/icyphy/ptII/ptolemy/actor/lib/test/auto/Clock20.xml (RunModel)" time="0.013" />
  <testcase classname="ptolemy.util.test.junit.AutoTests" name="[59] /home/travis/build/icyphy/ptII/ptolemy/actor/lib/test/auto/Clock21.xml (RunModel)" time="0.012" />
  <testcase classname="ptolemy.util.test.junit.AutoTests" name="[60] /home/travis/build/icyphy/ptII/ptolemy/actor/lib/test/auto/Clock22.xml (RunModel)" time="0.008" />
  <testcase classname="ptolemy.util.test.junit.AutoTests" name="[61] /home/travis/build/icyphy/ptII/ptolemy/actor/lib/test/auto/Clock23.xml (RunModel)" time="0.012" />
  <testcase classname="ptolemy.util.test.junit.AutoTests" name="[62] /home/travis/build/icyphy/ptII/ptolemy/actor/lib/test/auto/Clock24.xml (RunModel)" time="0.011" />
  <testcase classname="ptolemy.util.test.junit.AutoTests" name="[63] /home/travis/build/icyphy/ptII/ptolemy/actor/lib/test/auto/Clock4.xml (RunModel)" time="0.007" />
  <testcase classname="ptolemy.util.test.junit.AutoTests" name="[64] /home/travis/build/icyphy/ptII/ptolemy/actor/lib/test/auto/Clock5.xml (RunModel)" time="0.008" />
  <testcase classname="ptolemy.util.test.junit.AutoTests" name="[65] /home/travis/build/icyphy/ptII/ptolemy/actor/lib/test/auto/Clock6.xml (RunModel)" time="0.007" />
  <testcase classname="ptolemy.util.test.junit.AutoTests" name="[66] /home/travis/build/icyphy/ptII/ptolemy/actor/lib/test/auto/Clock7.xml (RunModel)" time="0.013" />
  <testcase classname="ptolemy.util.test.junit.AutoTests" name="[67] /home/travis/build/icyphy/ptII/ptolemy/actor/lib/test/auto/Clock8.xml (RunModel)" time="0.012" />
  <testcase classname="ptolemy.util.test.junit.AutoTests" name="[68] /home/travis/build/icyphy/ptII/ptolemy/actor/lib/test/auto/Clock9.xml (RunModel)" time="0.014" />
  <testcase classname="ptolemy.util.test.junit.AutoTests" name="[69] /home/travis/build/icyphy/ptII/ptolemy/actor/lib/test/auto/CommDistDiscard.xml (RunModel)" time="0.017" />
  <testcase classname="ptolemy.util.test.junit.AutoTests" name="[70] /home/travis/build/icyphy/ptII/ptolemy/actor/lib/test/auto/Commutator.xml (RunModel)" time="0.02" />
  <testcase classname="ptolemy.util.test.junit.AutoTests" name="[71] /home/travis/build/icyphy/ptII/ptolemy/actor/lib/test/auto/Commutator2.xml (RunModel)" time="0.013" />
  <testcase classname="ptolemy.util.test.junit.AutoTests" name="[72] /home/travis/build/icyphy/ptII/ptolemy/actor/lib/test/auto/Commutator3.xml (RunModel)" time="0.011" />
  <testcase classname="ptolemy.util.test.junit.AutoTests" name="[73] /home/travis/build/icyphy/ptII/ptolemy/actor/lib/test/auto/Compare.xml (RunModel)" time="0.018" />
  <testcase classname="ptolemy.util.test.junit.AutoTests" name="[74] /home/travis/build/icyphy/ptII/ptolemy/actor/lib/test/auto/CompareDE.xml (RunModel)" time="0.018" />
  <testcase classname="ptolemy.util.test.junit.AutoTests" name="[75] /home/travis/build/icyphy/ptII/ptolemy/actor/lib/test/auto/ComplexDivide.xml (RunModel)" time="0.008" />
  <testcase classname="ptolemy.util.test.junit.AutoTests" name="[76] /home/travis/build/icyphy/ptII/ptolemy/actor/lib/test/auto/ComputeHistogram.xml (RunModel)" time="0.057" />
  <testcase classname="ptolemy.util.test.junit.AutoTests" name="[77] /home/travis/build/icyphy/ptII/ptolemy/actor/lib/test/auto/ConfigurationSelect.xml (RunModel)" time="0.018" />
  <testcase classname="ptolemy.util.test.junit.AutoTests" name="[78] /home/travis/build/icyphy/ptII/ptolemy/actor/lib/test/auto/ConfigurationSelect2.xml (RunModel)" time="0.014" />
  <testcase classname="ptolemy.util.test.junit.AutoTests" name="[79] /home/travis/build/icyphy/ptII/ptolemy/actor/lib/test/auto/ConfigurationSwitch.xml (RunModel)" time="0.027" />
  <testcase classname="ptolemy.util.test.junit.AutoTests" name="[80] /home/travis/build/icyphy/ptII/ptolemy/actor/lib/test/auto/ConfigurationSwitch2.xml (RunModel)" time="0.018" />
  <testcase classname="ptolemy.util.test.junit.AutoTests" name="[81] /home/travis/build/icyphy/ptII/ptolemy/actor/lib/test/auto/ConfigurationSwitchCloningBugWithClassRelationGroup.xml (RunModel)" time="0.02" />
  <testcase classname="ptolemy.util.test.junit.AutoTests" name="[82] /home/travis/build/icyphy/ptII/ptolemy/actor/lib/test/auto/ConfigurationSwitchSelectSDF.xml (RunModel)" time="0.014" />
  <testcase classname="ptolemy.util.test.junit.AutoTests" name="[83] /home/travis/build/icyphy/ptII/ptolemy/actor/lib/test/auto/ConfigurationSwitchSelectSDF2.xml (RunModel)" time="0.013" />
  <testcase classname="ptolemy.util.test.junit.AutoTests" name="[84] /home/travis/build/icyphy/ptII/ptolemy/actor/lib/test/auto/Const.xml (RunModel)" time="0.005" />
  <testcase classname="ptolemy.util.test.junit.AutoTests" name="[85] /home/travis/build/icyphy/ptII/ptolemy/actor/lib/test/auto/Const2.xml (RunModel)" time="0.008" />
  <testcase classname="ptolemy.util.test.junit.AutoTests" name="[86] /home/travis/build/icyphy/ptII/ptolemy/actor/lib/test/auto/Const3.xml (RunModel)" time="0.004" />
  <testcase classname="ptolemy.util.test.junit.AutoTests" name="[87] /home/travis/build/icyphy/ptII/ptolemy/actor/lib/test/auto/ConstantPublisherPort1.xml (RunModel)" time="0.019" />
  <testcase classname="ptolemy.util.test.junit.AutoTests" name="[88] /home/travis/build/icyphy/ptII/ptolemy/actor/lib/test/auto/ConstantPublisherPort2.xml (RunModel)" time="0.023" />
  <testcase classname="ptolemy.util.test.junit.AutoTests" name="[89] /home/travis/build/icyphy/ptII/ptolemy/actor/lib/test/auto/ConstantPublisherPort3.xml (RunModel)" time="0.016" />
  <testcase classname="ptolemy.util.test.junit.AutoTests" name="[90] /home/travis/build/icyphy/ptII/ptolemy/actor/lib/test/auto/ConstantPublisherPort4.xml (RunModel)" time="0.014" />
  <testcase classname="ptolemy.util.test.junit.AutoTests" name="[91] /home/travis/build/icyphy/ptII/ptolemy/actor/lib/test/auto/ConstantPublisherPort5.xml (RunModel)" time="0.04" />
  <testcase classname="ptolemy.util.test.junit.AutoTests" name="[92] /home/travis/build/icyphy/ptII/ptolemy/actor/lib/test/auto/ConstantPublisherPort6.xml (RunModel)" time="0.023" />
  <testcase classname="ptolemy.util.test.junit.AutoTests" name="[93] /home/travis/build/icyphy/ptII/ptolemy/actor/lib/test/auto/ConstantPublisherPort7.xml (RunModel)" time="0.025" />
  <testcase classname="ptolemy.util.test.junit.AutoTests" name="[94] /home/travis/build/icyphy/ptII/ptolemy/actor/lib/test/auto/ConstraintMonitor1.xml (RunModel)" time="0.033" />
  <testcase classname="ptolemy.util.test.junit.AutoTests" name="[95] /home/travis/build/icyphy/ptII/ptolemy/actor/lib/test/auto/ConstraintMonitor2.xml (RunModel)" time="0.015" />
  <testcase classname="ptolemy.util.test.junit.AutoTests" name="[96] /home/travis/build/icyphy/ptII/ptolemy/actor/lib/test/auto/ConstraintMonitor3.xml (RunModel)" time="0.012" />
  <testcase classname="ptolemy.util.test.junit.AutoTests" name="[97] /home/travis/build/icyphy/ptII/ptolemy/actor/lib/test/auto/ConstraintMonitor4.xml (RunModel)" time="0.015" />
  <testcase classname="ptolemy.util.test.junit.AutoTests" name="[98] /home/travis/build/icyphy/ptII/ptolemy/actor/lib/test/auto/ConstraintMonitor5.xml (RunModel)" time="0.014" />
  <testcase classname="ptolemy.util.test.junit.AutoTests" name="[99] /home/travis/build/icyphy/ptII/ptolemy/actor/lib/test/auto/ConstraintMonitor6.xml (RunModel)" time="0.019" />
  <testcase classname="ptolemy.util.test.junit.AutoTests" name="[100] /home/travis/build/icyphy/ptII/ptolemy/actor/lib/test/auto/ConstraintMonitor7.xml (RunModel)" time="0.018" />
  <testcase classname="ptolemy.util.test.junit.AutoTests" name="[101] /home/travis/build/icyphy/ptII/ptolemy/actor/lib/test/auto/ConstraintMonitor8.xml (RunModel)" time="0.015" />
  <testcase classname="ptolemy.util.test.junit.AutoTests" name="[102] /home/travis/build/icyphy/ptII/ptolemy/actor/lib/test/auto/Counter.xml (RunModel)" time="0.012" />
  <testcase classname="ptolemy.util.test.junit.AutoTests" name="[103] /home/travis/build/icyphy/ptII/ptolemy/actor/lib/test/auto/CurrentTimeSDF.xml (RunModel)" time="0.008" />
  <testcase classname="ptolemy.util.test.junit.AutoTests" name="[104] /home/travis/build/icyphy/ptII/ptolemy/actor/lib/test/auto/DB.xml (RunModel)" time="0.01" />
  <testcase classname="ptolemy.util.test.junit.AutoTests" name="[105] /home/travis/build/icyphy/ptII/ptolemy/actor/lib/test/auto/DBDE.xml (RunModel)" time="0.012" />
  <testcase classname="ptolemy.util.test.junit.AutoTests" name="[106] /home/travis/build/icyphy/ptII/ptolemy/actor/lib/test/auto/DateConstructor.xml (RunModel)" time="0.051" />
  <testcase classname="ptolemy.util.test.junit.AutoTests" name="[107] /home/travis/build/icyphy/ptII/ptolemy/actor/lib/test/auto/DelayTime.xml (RunModel)" time="0.013" />
  <testcase classname="ptolemy.util.test.junit.AutoTests" name="[108] /home/travis/build/icyphy/ptII/ptolemy/actor/lib/test/auto/Dictionary1.xml (RunModel)" time="0.014" />
  <testcase classname="ptolemy.util.test.junit.AutoTests" name="[109] /home/travis/build/icyphy/ptII/ptolemy/actor/lib/test/auto/Dictionary2.xml (RunModel)" time="0.01" />
  <testcase classname="ptolemy.util.test.junit.AutoTests" name="[110] /home/travis/build/icyphy/ptII/ptolemy/actor/lib/test/auto/Dictionary3.xml (RunModel)" time="0.009" />
  <testcase classname="ptolemy.util.test.junit.AutoTests" name="[111] /home/travis/build/icyphy/ptII/ptolemy/actor/lib/test/auto/Dictionary4.xml (RunModel)" time="0.012" />
  <testcase classname="ptolemy.util.test.junit.AutoTests" name="[112] /home/travis/build/icyphy/ptII/ptolemy/actor/lib/test/auto/Differential.xml (RunModel)" time="0.008" />
  <testcase classname="ptolemy.util.test.junit.AutoTests" name="[113] /home/travis/build/icyphy/ptII/ptolemy/actor/lib/test/auto/Director.xml (RunModel)" time="0.011" />
  <testcase classname="ptolemy.util.test.junit.AutoTests" name="[114] /home/travis/build/icyphy/ptII/ptolemy/actor/lib/test/auto/DiscreteClock.xml (RunModel)" time="0.005" />
  <testcase classname="ptolemy.util.test.junit.AutoTests" name="[115] /home/travis/build/icyphy/ptII/ptolemy/actor/lib/test/auto/DiscreteClock10.xml (RunModel)" time="0.01" />
  <testcase classname="ptolemy.util.test.junit.AutoTests" name="[116] /home/travis/build/icyphy/ptII/ptolemy/actor/lib/test/auto/DiscreteClock11.xml (RunModel)" time="0.009" />
  <testcase classname="ptolemy.util.test.junit.AutoTests" name="[117] /home/travis/build/icyphy/ptII/ptolemy/actor/lib/test/auto/DiscreteClock12.xml (RunModel)" time="0.01" />
  <testcase classname="ptolemy.util.test.junit.AutoTests" name="[118] /home/travis/build/icyphy/ptII/ptolemy/actor/lib/test/auto/DiscreteClock13.xml (RunModel)" time="0.012" />
  <testcase classname="ptolemy.util.test.junit.AutoTests" name="[119] /home/travis/build/icyphy/ptII/ptolemy/actor/lib/test/auto/DiscreteClock14.xml (RunModel)" time="0.012" />
  <testcase classname="ptolemy.util.test.junit.AutoTests" name="[120] /home/travis/build/icyphy/ptII/ptolemy/actor/lib/test/auto/DiscreteClock15.xml (RunModel)" time="0.012" />
  <testcase classname="ptolemy.util.test.junit.AutoTests" name="[121] /home/travis/build/icyphy/ptII/ptolemy/actor/lib/test/auto/DiscreteClock16.xml (RunModel)" time="0.039" />
  <testcase classname="ptolemy.util.test.junit.AutoTests" name="[122] /home/travis/build/icyphy/ptII/ptolemy/actor/lib/test/auto/DiscreteClock17.xml (RunModel)" time="0.037" />
  <testcase classname="ptolemy.util.test.junit.AutoTests" name="[123] /home/travis/build/icyphy/ptII/ptolemy/actor/lib/test/auto/DiscreteClock18.xml (RunModel)" time="0.038" />
  <testcase classname="ptolemy.util.test.junit.AutoTests" name="[124] /home/travis/build/icyphy/ptII/ptolemy/actor/lib/test/auto/DiscreteClock19.xml (RunModel)" time="0.044" />
  <testcase classname="ptolemy.util.test.junit.AutoTests" name="[125] /home/travis/build/icyphy/ptII/ptolemy/actor/lib/test/auto/DiscreteClock2.xml (RunModel)" time="0.008" />
  <testcase classname="ptolemy.util.test.junit.AutoTests" name="[126] /home/travis/build/icyphy/ptII/ptolemy/actor/lib/test/auto/DiscreteClock20.xml (RunModel)" time="0.015" />
  <testcase classname="ptolemy.util.test.junit.AutoTests" name="[127] /home/travis/build/icyphy/ptII/ptolemy/actor/lib/test/auto/DiscreteClock21.xml (RunModel)" time="0.015" />
  <testcase classname="ptolemy.util.test.junit.AutoTests" name="[128] /home/travis/build/icyphy/ptII/ptolemy/actor/lib/test/auto/DiscreteClock22.xml (RunModel)" time="0.012" />
  <testcase classname="ptolemy.util.test.junit.AutoTests" name="[129] /home/travis/build/icyphy/ptII/ptolemy/actor/lib/test/auto/DiscreteClock23.xml (RunModel)" time="0.018" />
  <testcase classname="ptolemy.util.test.junit.AutoTests" name="[130] /home/travis/build/icyphy/ptII/ptolemy/actor/lib/test/auto/DiscreteClock24.xml (RunModel)" time="0.011" />
  <testcase classname="ptolemy.util.test.junit.AutoTests" name="[131] /home/travis/build/icyphy/ptII/ptolemy/actor/lib/test/auto/DiscreteClock4.xml (RunModel)" time="0.01" />
  <testcase classname="ptolemy.util.test.junit.AutoTests" name="[132] /home/travis/build/icyphy/ptII/ptolemy/actor/lib/test/auto/DiscreteClock5.xml (RunModel)" time="0.008" />
  <testcase classname="ptolemy.util.test.junit.AutoTests" name="[133] /home/travis/build/icyphy/ptII/ptolemy/actor/lib/test/auto/DiscreteClock6.xml (RunModel)" time="0.008" />
  <testcase classname="ptolemy.util.test.junit.AutoTests" name="[134] /home/travis/build/icyphy/ptII/ptolemy/actor/lib/test/auto/DiscreteClock7.xml (RunModel)" time="0.008" />
  <testcase classname="ptolemy.util.test.junit.AutoTests" name="[135] /home/travis/build/icyphy/ptII/ptolemy/actor/lib/test/auto/DiscreteClock8.xml (RunModel)" time="0.02" />
  <testcase classname="ptolemy.util.test.junit.AutoTests" name="[136] /home/travis/build/icyphy/ptII/ptolemy/actor/lib/test/auto/DiscreteClock9.xml (RunModel)" time="0.013" />
  <testcase classname="ptolemy.util.test.junit.AutoTests" name="[137] /home/travis/build/icyphy/ptII/ptolemy/actor/lib/test/auto/DisplayArray.xml (RunModel)" time="0.014" />
  <testcase classname="ptolemy.util.test.junit.AutoTests" name="[138] /home/travis/build/icyphy/ptII/ptolemy/actor/lib/test/auto/Distributor.xml (RunModel)" time="0.009" />
  <testcase classname="ptolemy.util.test.junit.AutoTests" name="[139] /home/travis/build/icyphy/ptII/ptolemy/actor/lib/test/auto/Distributor2.xml (RunModel)" time="0.01" />
  <testcase classname="ptolemy.util.test.junit.AutoTests" name="[140] /home/travis/build/icyphy/ptII/ptolemy/actor/lib/test/auto/DownSample.xml (RunModel)" time="0.008" />
  <testcase classname="ptolemy.util.test.junit.AutoTests" name="[141] /home/travis/build/icyphy/ptII/ptolemy/actor/lib/test/auto/ElectronicUnitBase1.xml (RunModel)" time="0.057" />
  <testcase classname="ptolemy.util.test.junit.AutoTests" name="[142] /home/travis/build/icyphy/ptII/ptolemy/actor/lib/test/auto/ElementsToArray.xml (RunModel)" time="0.009" />
  <testcase classname="ptolemy.util.test.junit.AutoTests" name="[143] /home/travis/build/icyphy/ptII/ptolemy/actor/lib/test/auto/Equals.xml (RunModel)" time="0.015" />
  <testcase classname="ptolemy.util.test.junit.AutoTests" name="[144] /home/travis/build/icyphy/ptII/ptolemy/actor/lib/test/auto/Exec.xml (RunModel)" time="0.036" />
  <testcase classname="ptolemy.util.test.junit.AutoTests" name="[145] /home/travis/build/icyphy/ptII/ptolemy/actor/lib/test/auto/ExecEnvironment.xml (RunModel)" time="0.031" />
  <testcase classname="ptolemy.util.test.junit.AutoTests" name="[146] /home/travis/build/icyphy/ptII/ptolemy/actor/lib/test/auto/ExecNonZeroReturnOutput.xml (RunModel)" time="0.186" />
  <testcase classname="ptolemy.util.test.junit.AutoTests" name="[147] /home/travis/build/icyphy/ptII/ptolemy/actor/lib/test/auto/ExecRunDemos.xml (RunModel)" time="9.874" />
  <testcase classname="ptolemy.util.test.junit.AutoTests" name="[148] /home/travis/build/icyphy/ptII/ptolemy/actor/lib/test/auto/ExecStop.xml (RunModel)" time="5.036" />
  <testcase classname="ptolemy.util.test.junit.AutoTests" name="[149] /home/travis/build/icyphy/ptII/ptolemy/actor/lib/test/auto/ExecutionTimeSDF.xml (RunModel)" time="6.032" />
  <testcase classname="ptolemy.util.test.junit.AutoTests" name="[150] /home/travis/build/icyphy/ptII/ptolemy/actor/lib/test/auto/Expression1.xml (RunModel)" time="0.017" />
  <testcase classname="ptolemy.util.test.junit.AutoTests" name="[151] /home/travis/build/icyphy/ptII/ptolemy/actor/lib/test/auto/Expression10.xml (RunModel)" time="0.015" />
  <testcase classname="ptolemy.util.test.junit.AutoTests" name="[152] /home/travis/build/icyphy/ptII/ptolemy/actor/lib/test/auto/Expression11.xml (RunModel)" time="0.011" />
  <testcase classname="ptolemy.util.test.junit.AutoTests" name="[153] /home/travis/build/icyphy/ptII/ptolemy/actor/lib/test/auto/Expression12.xml (RunModel)" time="0.012" />
  <testcase classname="ptolemy.util.test.junit.AutoTests" name="[154] /home/travis/build/icyphy/ptII/ptolemy/actor/lib/test/auto/Expression13.xml (RunModel)" time="0.011" />
  <testcase classname="ptolemy.util.test.junit.AutoTests" name="[155] /home/travis/build/icyphy/ptII/ptolemy/actor/lib/test/auto/Expression14.xml (RunModel)" time="0.016" />
  <testcase classname="ptolemy.util.test.junit.AutoTests" name="[156] /home/travis/build/icyphy/ptII/ptolemy/actor/lib/test/auto/Expression15.xml (RunModel)" time="0.007" />
  <testcase classname="ptolemy.util.test.junit.AutoTests" name="[157] /home/travis/build/icyphy/ptII/ptolemy/actor/lib/test/auto/Expression16.xml (RunModel)" time="0.013" />
  <testcase classname="ptolemy.util.test.junit.AutoTests" name="[158] /home/travis/build/icyphy/ptII/ptolemy/actor/lib/test/auto/Expression17.xml (RunModel)" time="0.01" />
  <testcase classname="ptolemy.util.test.junit.AutoTests" name="[159] /home/travis/build/icyphy/ptII/ptolemy/actor/lib/test/auto/Expression18.xml (RunModel)" time="0.012" />
  <testcase classname="ptolemy.util.test.junit.AutoTests" name="[160] /home/travis/build/icyphy/ptII/ptolemy/actor/lib/test/auto/Expression2.xml (RunModel)" time="0.01" />
  <testcase classname="ptolemy.util.test.junit.AutoTests" name="[161] /home/travis/build/icyphy/ptII/ptolemy/actor/lib/test/auto/Expression3.xml (RunModel)" time="0.009" />
  <testcase classname="ptolemy.util.test.junit.AutoTests" name="[162] /home/travis/build/icyphy/ptII/ptolemy/actor/lib/test/auto/Expression4.xml (RunModel)" time="0.017" />
  <testcase classname="ptolemy.util.test.junit.AutoTests" name="[163] /home/travis/build/icyphy/ptII/ptolemy/actor/lib/test/auto/Expression5.xml (RunModel)" time="0.01" />
  <testcase classname="ptolemy.util.test.junit.AutoTests" name="[164] /home/travis/build/icyphy/ptII/ptolemy/actor/lib/test/auto/Expression6.xml (RunModel)" time="0.008" />
  <testcase classname="ptolemy.util.test.junit.AutoTests" name="[165] /home/travis/build/icyphy/ptII/ptolemy/actor/lib/test/auto/Expression7.xml (RunModel)" time="0.01" />
  <testcase classname="ptolemy.util.test.junit.AutoTests" name="[166] /home/travis/build/icyphy/ptII/ptolemy/actor/lib/test/auto/Expression8.xml (RunModel)" time="0.023" />
  <testcase classname="ptolemy.util.test.junit.AutoTests" name="[167] /home/travis/build/icyphy/ptII/ptolemy/actor/lib/test/auto/Expression9.xml (RunModel)" time="0.007" />
  <testcase classname="ptolemy.util.test.junit.AutoTests" name="[168] /home/travis/build/icyphy/ptII/ptolemy/actor/lib/test/auto/ExpressionConcatenateArrayType.xml (RunModel)" time="0.023" />
  <testcase classname="ptolemy.util.test.junit.AutoTests" name="[169] /home/travis/build/icyphy/ptII/ptolemy/actor/lib/test/auto/ExpressionConcatenateArrayType2.xml (RunModel)" time="0.017" />
  <testcase classname="ptolemy.util.test.junit.AutoTests" name="[170] /home/travis/build/icyphy/ptII/ptolemy/actor/lib/test/auto/ExpressionFix.xml (RunModel)" time="0.045" />
  <testcase classname="ptolemy.util.test.junit.AutoTests" name="[171] /home/travis/build/icyphy/ptII/ptolemy/actor/lib/test/auto/ExpressionFix2.xml (RunModel)" time="0.014" />
  <testcase classname="ptolemy.util.test.junit.AutoTests" name="[172] /home/travis/build/icyphy/ptII/ptolemy/actor/lib/test/auto/ExpressionFix3.xml (RunModel)" time="0.01" />
  <testcase classname="ptolemy.util.test.junit.AutoTests" name="[173] /home/travis/build/icyphy/ptII/ptolemy/actor/lib/test/auto/FileWriter1.xml (RunModel)" time="0.008" />
  <testcase classname="ptolemy.util.test.junit.AutoTests" name="[174] /home/travis/build/icyphy/ptII/ptolemy/actor/lib/test/auto/FileWriter2.xml (RunModel)" time="0.013" />
  <testcase classname="ptolemy.util.test.junit.AutoTests" name="[175] /home/travis/build/icyphy/ptII/ptolemy/actor/lib/test/auto/FileWriter3.xml (RunModel)" time="0.009" />
  <testcase classname="ptolemy.util.test.junit.AutoTests" name="[176] /home/travis/build/icyphy/ptII/ptolemy/actor/lib/test/auto/Gaussian.xml (RunModel)" time="0.013" />
  <testcase classname="ptolemy.util.test.junit.AutoTests" name="[177] /home/travis/build/icyphy/ptII/ptolemy/actor/lib/test/auto/Gaussian1.xml (RunModel)" time="0.02" />
  <testcase classname="ptolemy.util.test.junit.AutoTests" name="[178] /home/travis/build/icyphy/ptII/ptolemy/actor/lib/test/auto/Gaussian2.xml (RunModel)" time="0.017" />
  <testcase classname="ptolemy.util.test.junit.AutoTests" name="[179] /home/travis/build/icyphy/ptII/ptolemy/actor/lib/test/auto/GradientAdaptiveLattice.xml (RunModel)" time="0.018" />
  <testcase classname="ptolemy.util.test.junit.AutoTests" name="[180] /home/travis/build/icyphy/ptII/ptolemy/actor/lib/test/auto/IIR.xml (RunModel)" time="0.01" />
  <testcase classname="ptolemy.util.test.junit.AutoTests" name="[181] /home/travis/build/icyphy/ptII/ptolemy/actor/lib/test/auto/InputOutputTransparentPorts.xml (RunModel)" time="0.017" />
  <testcase classname="ptolemy.util.test.junit.AutoTests" name="[182] /home/travis/build/icyphy/ptII/ptolemy/actor/lib/test/auto/Interpolator.xml (RunModel)" time="0.01" />
  <testcase classname="ptolemy.util.test.junit.AutoTests" name="[183] /home/travis/build/icyphy/ptII/ptolemy/actor/lib/test/auto/InterpolatorFiringLimitDE.xml (RunModel)" time="0.012" />
  <testcase classname="ptolemy.util.test.junit.AutoTests" name="[184] /home/travis/build/icyphy/ptII/ptolemy/actor/lib/test/auto/Lattice.xml (RunModel)" time="0.007" />
  <testcase classname="ptolemy.util.test.junit.AutoTests" name="[185] /home/travis/build/icyphy/ptII/ptolemy/actor/lib/test/auto/LazyAOCTestLazy.xml (RunModel)" time="0.029" />
  <testcase classname="ptolemy.util.test.junit.AutoTests" name="[186] /home/travis/build/icyphy/ptII/ptolemy/actor/lib/test/auto/LazyAOCTestNonLazy.xml (RunModel)" time="0.044" />
  <testcase classname="ptolemy.util.test.junit.AutoTests" name="[187] /home/travis/build/icyphy/ptII/ptolemy/actor/lib/test/auto/LazyInnerClass.xml (RunModel)" time="0.042" />
  <testcase classname="ptolemy.util.test.junit.AutoTests" name="[188] /home/travis/build/icyphy/ptII/ptolemy/actor/lib/test/auto/LazyPubSub.xml (RunModel)" time="0.035" />
  <testcase classname="ptolemy.util.test.junit.AutoTests" name="[189] /home/travis/build/icyphy/ptII/ptolemy/actor/lib/test/auto/LazyPubSub2.xml (RunModel)" time="0.032" />
  <testcase classname="ptolemy.util.test.junit.AutoTests" name="[190] /home/travis/build/icyphy/ptII/ptolemy/actor/lib/test/auto/LazyPubSub3.xml (RunModel)" time="0.021" />
  <testcase classname="ptolemy.util.test.junit.AutoTests" name="[191] /home/travis/build/icyphy/ptII/ptolemy/actor/lib/test/auto/LazySubClassModel.xml (RunModel)" time="0.019" />
  <testcase classname="ptolemy.util.test.junit.AutoTests" name="[192] /home/travis/build/icyphy/ptII/ptolemy/actor/lib/test/auto/LevelCrossTest1.xml (RunModel)" time="0.009" />
  <testcase classname="ptolemy.util.test.junit.AutoTests" name="[193] /home/travis/build/icyphy/ptII/ptolemy/actor/lib/test/auto/LevelCrossTest10.xml (RunModel)" time="0.013" />
  <testcase classname="ptolemy.util.test.junit.AutoTests" name="[194] /home/travis/build/icyphy/ptII/ptolemy/actor/lib/test/auto/LevelCrossTest11.xml (RunModel)" time="0.011" />
  <testcase classname="ptolemy.util.test.junit.AutoTests" name="[195] /home/travis/build/icyphy/ptII/ptolemy/actor/lib/test/auto/LevelCrossTest12.xml (RunModel)" time="0.013" />
  <testcase classname="ptolemy.util.test.junit.AutoTests" name="[196] /home/travis/build/icyphy/ptII/ptolemy/actor/lib/test/auto/LevelCrossTest13.xml (RunModel)" time="0.013" />
  <testcase classname="ptolemy.util.test.junit.AutoTests" name="[197] /home/travis/build/icyphy/ptII/ptolemy/actor/lib/test/auto/LevelCrossTest2.xml (RunModel)" time="0.009" />
  <testcase classname="ptolemy.util.test.junit.AutoTests" name="[198] /home/travis/build/icyphy/ptII/ptolemy/actor/lib/test/auto/LevelCrossTest3.xml (RunModel)" time="0.01" />
  <testcase classname="ptolemy.util.test.junit.AutoTests" name="[199] /home/travis/build/icyphy/ptII/ptolemy/actor/lib/test/auto/LevelCrossTest4.xml (RunModel)" time="0.009" />
  <testcase classname="ptolemy.util.test.junit.AutoTests" name="[200] /home/travis/build/icyphy/ptII/ptolemy/actor/lib/test/auto/LevelCrossTest5.xml (RunModel)" time="0.011" />
  <testcase classname="ptolemy.util.test.junit.AutoTests" name="[201] /home/travis/build/icyphy/ptII/ptolemy/actor/lib/test/auto/LevelCrossTest6.xml (RunModel)" time="0.012" />
  <testcase classname="ptolemy.util.test.junit.AutoTests" name="[202] /home/travis/build/icyphy/ptII/ptolemy/actor/lib/test/auto/LevelCrossTest7.xml (RunModel)" time="0.017" />
  <testcase classname="ptolemy.util.test.junit.AutoTests" name="[203] /home/travis/build/icyphy/ptII/ptolemy/actor/lib/test/auto/LevelCrossTest8.xml (RunModel)" time="0.018" />
  <testcase classname="ptolemy.util.test.junit.AutoTests" name="[204] /home/travis/build/icyphy/ptII/ptolemy/actor/lib/test/auto/LevelCrossTest9.xml (RunModel)" time="0.013" />
  <testcase classname="ptolemy.util.test.junit.AutoTests" name="[205] /home/travis/build/icyphy/ptII/ptolemy/actor/lib/test/auto/LevinsonDurbin.xml (RunModel)" time="0.01" />
  <testcase classname="ptolemy.util.test.junit.AutoTests" name="[206] /home/travis/build/icyphy/ptII/ptolemy/actor/lib/test/auto/LevinsonDurbin2.xml (RunModel)" time="0.008" />
  <testcase classname="ptolemy.util.test.junit.AutoTests" name="[207] /home/travis/build/icyphy/ptII/ptolemy/actor/lib/test/auto/LevinsonDurbin3.xml (RunModel)" time="0.008" />
  <testcase classname="ptolemy.util.test.junit.AutoTests" name="[208] /home/travis/build/icyphy/ptII/ptolemy/actor/lib/test/auto/Limiter.xml (RunModel)" time="0.041" />
  <testcase classname="ptolemy.util.test.junit.AutoTests" name="[209] /home/travis/build/icyphy/ptII/ptolemy/actor/lib/test/auto/LinearDifferenceEquationSystem.xml (RunModel)" time="0.029" />
  <testcase classname="ptolemy.util.test.junit.AutoTests" name="[210] /home/travis/build/icyphy/ptII/ptolemy/actor/lib/test/auto/LookupTable.xml (RunModel)" time="0.011" />
  <testcase classname="ptolemy.util.test.junit.AutoTests" name="[211] /home/travis/build/icyphy/ptII/ptolemy/actor/lib/test/auto/MathFunction.xml (RunModel)" time="0.017" />
  <testcase classname="ptolemy.util.test.junit.AutoTests" name="[212] /home/travis/build/icyphy/ptII/ptolemy/actor/lib/test/auto/MathFunction2.xml (RunModel)" time="0.007" />
  <testcase classname="ptolemy.util.test.junit.AutoTests" name="[213] /home/travis/build/icyphy/ptII/ptolemy/actor/lib/test/auto/MathFunction3.xml (RunModel)" time="0.022" />
  <testcase classname="ptolemy.util.test.junit.AutoTests" name="[214] /home/travis/build/icyphy/ptII/ptolemy/actor/lib/test/auto/MatrixCropBoolean.xml (RunModel)" time="0.011" />
  <testcase classname="ptolemy.util.test.junit.AutoTests" name="[215] /home/travis/build/icyphy/ptII/ptolemy/actor/lib/test/auto/MatrixCropComplex.xml (RunModel)" time="0.01" />
  <testcase classname="ptolemy.util.test.junit.AutoTests" name="[216] /home/travis/build/icyphy/ptII/ptolemy/actor/lib/test/auto/MatrixCropDouble.xml (RunModel)" time="0.008" />
  <testcase classname="ptolemy.util.test.junit.AutoTests" name="[217] /home/travis/build/icyphy/ptII/ptolemy/actor/lib/test/auto/MatrixCropFix.xml (RunModel)" time="0.012" />
  <testcase classname="ptolemy.util.test.junit.AutoTests" name="[218] /home/travis/build/icyphy/ptII/ptolemy/actor/lib/test/auto/MatrixCropInt.xml (RunModel)" time="0.009" />
  <testcase classname="ptolemy.util.test.junit.AutoTests" name="[219] /home/travis/build/icyphy/ptII/ptolemy/actor/lib/test/auto/MatrixCropLong.xml (RunModel)" time="0.009" />
  <testcase classname="ptolemy.util.test.junit.AutoTests" name="[220] /home/travis/build/icyphy/ptII/ptolemy/actor/lib/test/auto/MatrixToArray.xml (RunModel)" time="0.055" />
  <testcase classname="ptolemy.util.test.junit.AutoTests" name="[221] /home/travis/build/icyphy/ptII/ptolemy/actor/lib/test/auto/MaxIndex.xml (RunModel)" time="0.021" />
  <testcase classname="ptolemy.util.test.junit.AutoTests" name="[222] /home/travis/build/icyphy/ptII/ptolemy/actor/lib/test/auto/Maximum.xml (RunModel)" time="0.014" />
  <testcase classname="ptolemy.util.test.junit.AutoTests" name="[223] /home/travis/build/icyphy/ptII/ptolemy/actor/lib/test/auto/MaximumComplex.xml (RunModel)" time="0.013" />
  <testcase classname="ptolemy.util.test.junit.AutoTests" name="[224] /home/travis/build/icyphy/ptII/ptolemy/actor/lib/test/auto/MethodCallTest.xml (RunModel)" time="0.022" />
  <testcase classname="ptolemy.util.test.junit.AutoTests" name="[225] /home/travis/build/icyphy/ptII/ptolemy/actor/lib/test/auto/Minimum.xml (RunModel)" time="0.013" />
  <testcase classname="ptolemy.util.test.junit.AutoTests" name="[226] /home/travis/build/icyphy/ptII/ptolemy/actor/lib/test/auto/MinimumComplex.xml (RunModel)" time="0.023" />
  <testcase classname="ptolemy.util.test.junit.AutoTests" name="[227] /home/travis/build/icyphy/ptII/ptolemy/actor/lib/test/auto/MinimumMultiports.xml (RunModel)" time="0.021" />
  <testcase classname="ptolemy.util.test.junit.AutoTests" name="[228] /home/travis/build/icyphy/ptII/ptolemy/actor/lib/test/auto/ModifyDate.xml (RunModel)" time="0.048" />
  <testcase classname="ptolemy.util.test.junit.AutoTests" name="[229] /home/travis/build/icyphy/ptII/ptolemy/actor/lib/test/auto/ModifyDate2.xml (RunModel)" time="0.029" />
  <testcase classname="ptolemy.util.test.junit.AutoTests" name="[230] /home/travis/build/icyphy/ptII/ptolemy/actor/lib/test/auto/MovingAverage.xml (RunModel)" time="0.014" />
  <testcase classname="ptolemy.util.test.junit.AutoTests" name="[231] /home/travis/build/icyphy/ptII/ptolemy/actor/lib/test/auto/MovingMaximum.xml (RunModel)" time="0.008" />
  <testcase classname="ptolemy.util.test.junit.AutoTests" name="[232] /home/travis/build/icyphy/ptII/ptolemy/actor/lib/test/auto/MultipleLinksToSameRelation.xml (RunModel)" time="0.006" />
  <testcase classname="ptolemy.util.test.junit.AutoTests" name="[233] /home/travis/build/icyphy/ptII/ptolemy/actor/lib/test/auto/MultipleLinksToSameRelationDE.xml (RunModel)" time="0.015" />
  <testcase classname="ptolemy.util.test.junit.AutoTests" name="[234] /home/travis/build/icyphy/ptII/ptolemy/actor/lib/test/auto/Multiplexor.xml (RunModel)" time="0.011" />
  <testcase classname="ptolemy.util.test.junit.AutoTests" name="[235] /home/travis/build/icyphy/ptII/ptolemy/actor/lib/test/auto/Multiplexor1.xml (RunModel)" time="0.011" />
  <testcase classname="ptolemy.util.test.junit.AutoTests" name="[236] /home/travis/build/icyphy/ptII/ptolemy/actor/lib/test/auto/Multiplexor2.xml (RunModel)" time="0.015" />
  <testcase classname="ptolemy.util.test.junit.AutoTests" name="[237] /home/travis/build/icyphy/ptII/ptolemy/actor/lib/test/auto/Multiplexor3.xml (RunModel)" time="0.009" />
  <testcase classname="ptolemy.util.test.junit.AutoTests" name="[238] /home/travis/build/icyphy/ptII/ptolemy/actor/lib/test/auto/MultiplexorDE.xml (RunModel)" time="0.015" />
  <testcase classname="ptolemy.util.test.junit.AutoTests" name="[239] /home/travis/build/icyphy/ptII/ptolemy/actor/lib/test/auto/MultiportBroadcastTest.xml (RunModel)" time="0.09" />
  <testcase classname="ptolemy.util.test.junit.AutoTests" name="[240] /home/travis/build/icyphy/ptII/ptolemy/actor/lib/test/auto/MultiportOutHangDuringGetWidth.xml (RunModel)" time="0.037" />
  <testcase classname="ptolemy.util.test.junit.AutoTests" name="[241] /home/travis/build/icyphy/ptII/ptolemy/actor/lib/test/auto/NilToken.xml (RunModel)" time="0.011" />
  <testcase classname="ptolemy.util.test.junit.AutoTests" name="[242] /home/travis/build/icyphy/ptII/ptolemy/actor/lib/test/auto/NilTokenNonStrictTest.xml (RunModel)" time="0.011" />
  <testcase classname="ptolemy.util.test.junit.AutoTests" name="[243] /home/travis/build/icyphy/ptII/ptolemy/actor/lib/test/auto/NilTokenRecord.xml (RunModel)" time="0.02" />
  <testcase classname="ptolemy.util.test.junit.AutoTests" name="[244] /home/travis/build/icyphy/ptII/ptolemy/actor/lib/test/auto/NilTokenTypeTest.xml (RunModel)" time="0.029" />
  <testcase classname="ptolemy.util.test.junit.AutoTests" name="[245] /home/travis/build/icyphy/ptII/ptolemy/actor/lib/test/auto/ObjectToken1.xml (RunModel)" time="0.01" />
  <testcase classname="ptolemy.util.test.junit.AutoTests" name="[246] /home/travis/build/icyphy/ptII/ptolemy/actor/lib/test/auto/OrderedMerge.xml (RunModel)" time="0.017" />
  <testcase classname="ptolemy.util.test.junit.AutoTests" name="[247] /home/travis/build/icyphy/ptII/ptolemy/actor/lib/test/auto/OrderedRecordDisassembler.xml (RunModel)" time="0.013" />
  <testcase classname="ptolemy.util.test.junit.AutoTests" name="[248] /home/travis/build/icyphy/ptII/ptolemy/actor/lib/test/auto/OrderedRecordDisassembler2.xml (RunModel)" time="0.017" />
  <testcase classname="ptolemy.util.test.junit.AutoTests" name="[249] /home/travis/build/icyphy/ptII/ptolemy/actor/lib/test/auto/OrderedRecordUpdater.xml (RunModel)" time="0.009" />
  <testcase classname="ptolemy.util.test.junit.AutoTests" name="[250] /home/travis/build/icyphy/ptII/ptolemy/actor/lib/test/auto/OrderedRecordUpdater2.xml (RunModel)" time="0.016" />
  <testcase classname="ptolemy.util.test.junit.AutoTests" name="[251] /home/travis/build/icyphy/ptII/ptolemy/actor/lib/test/auto/PhaseUnwrap.xml (RunModel)" time="0.011" />
  <testcase classname="ptolemy.util.test.junit.AutoTests" name="[252] /home/travis/build/icyphy/ptII/ptolemy/actor/lib/test/auto/PoissonClock.xml (RunModel)" time="0.009" />
  <testcase classname="ptolemy.util.test.junit.AutoTests" name="[253] /home/travis/build/icyphy/ptII/ptolemy/actor/lib/test/auto/PoissonClock2.xml (RunModel)" time="0.006" />
  <testcase classname="ptolemy.util.test.junit.AutoTests" name="[254] /home/travis/build/icyphy/ptII/ptolemy/actor/lib/test/auto/PoissonClock3.xml (RunModel)" time="0.022" />
  <testcase classname="ptolemy.util.test.junit.AutoTests" name="[255] /home/travis/build/icyphy/ptII/ptolemy/actor/lib/test/auto/PubSubWithInitialTokens.xml (RunModel)" time="0.013" />
  <testcase classname="ptolemy.util.test.junit.AutoTests" name="[256] /home/travis/build/icyphy/ptII/ptolemy/actor/lib/test/auto/PubSubWithInitialTokens2.xml (RunModel)" time="0.013" />
  <testcase classname="ptolemy.util.test.junit.AutoTests" name="[257] /home/travis/build/icyphy/ptII/ptolemy/actor/lib/test/auto/PublisherClassNoParameter.xml (RunModel)" time="0.024" />
  <testcase classname="ptolemy.util.test.junit.AutoTests" name="[258] /home/travis/build/icyphy/ptII/ptolemy/actor/lib/test/auto/PublisherClassParameter.xml (RunModel)" time="0.019" />
  <testcase classname="ptolemy.util.test.junit.AutoTests" name="[259] /home/travis/build/icyphy/ptII/ptolemy/actor/lib/test/auto/PublisherNonStrictTest.xml (RunModel)" time="0.031" />
  <testcase classname="ptolemy.util.test.junit.AutoTests" name="[260] /home/travis/build/icyphy/ptII/ptolemy/actor/lib/test/auto/PublisherPort1.xml (RunModel)" time="0.017" />
  <testcase classname="ptolemy.util.test.junit.AutoTests" name="[261] /home/travis/build/icyphy/ptII/ptolemy/actor/lib/test/auto/PublisherPort2.xml (RunModel)" time="0.011" />
  <testcase classname="ptolemy.util.test.junit.AutoTests" name="[262] /home/travis/build/icyphy/ptII/ptolemy/actor/lib/test/auto/PublisherPort3.xml (RunModel)" time="0.01" />
  <testcase classname="ptolemy.util.test.junit.AutoTests" name="[263] /home/travis/build/icyphy/ptII/ptolemy/actor/lib/test/auto/PublisherPort4.xml (RunModel)" time="0.01" />
  <testcase classname="ptolemy.util.test.junit.AutoTests" name="[264] /home/travis/build/icyphy/ptII/ptolemy/actor/lib/test/auto/PublisherPort5.xml (RunModel)" time="0.013" />
  <testcase classname="ptolemy.util.test.junit.AutoTests" name="[265] /home/travis/build/icyphy/ptII/ptolemy/actor/lib/test/auto/PublisherPort5LookAlike.xml (RunModel)" time="0.016" />
  <testcase classname="ptolemy.util.test.junit.AutoTests" name="[266] /home/travis/build/icyphy/ptII/ptolemy/actor/lib/test/auto/PublisherPort6.xml (RunModel)" time="0.014" />
  <testcase classname="ptolemy.util.test.junit.AutoTests" name="[267] /home/travis/build/icyphy/ptII/ptolemy/actor/lib/test/auto/PublisherPort7.xml (RunModel)" time="0.014" />
  <testcase classname="ptolemy.util.test.junit.AutoTests" name="[268] /home/travis/build/icyphy/ptII/ptolemy/actor/lib/test/auto/PublisherPort8.xml (RunModel)" time="0.017" />
  <testcase classname="ptolemy.util.test.junit.AutoTests" name="[269] /home/travis/build/icyphy/ptII/ptolemy/actor/lib/test/auto/PublisherPortSubscriberChannelVariablesAOC2.xml (RunModel)" time="0.029" />
  <testcase classname="ptolemy.util.test.junit.AutoTests" name="[270] /home/travis/build/icyphy/ptII/ptolemy/actor/lib/test/auto/PublisherPortSubscriberOpaqueWidthInference.xml (RunModel)" time="0.016" />
  <testcase classname="ptolemy.util.test.junit.AutoTests" name="[271] /home/travis/build/icyphy/ptII/ptolemy/actor/lib/test/auto/PublisherPortSubscriberPortAdjacent.xml (RunModel)" time="0.017" />
  <testcase classname="ptolemy.util.test.junit.AutoTests" name="[272] /home/travis/build/icyphy/ptII/ptolemy/actor/lib/test/auto/PublisherPortSubscriberPortExpression.xml (RunModel)" time="0.014" />
  <testcase classname="ptolemy.util.test.junit.AutoTests" name="[273] /home/travis/build/icyphy/ptII/ptolemy/actor/lib/test/auto/PublisherPortSubscriberPortOpaqueD3Reverse.xml (RunModel)" time="0.031" />
  <testcase classname="ptolemy.util.test.junit.AutoTests" name="[274] /home/travis/build/icyphy/ptII/ptolemy/actor/lib/test/auto/PublisherPortSubscriberPortOpaqueWidthInference.xml (RunModel)" time="0.014" />
  <testcase classname="ptolemy.util.test.junit.AutoTests" name="[275] /home/travis/build/icyphy/ptII/ptolemy/actor/lib/test/auto/PublisherPortToplevelSubscriberPortAOC.xml (RunModel)" time="0.009" />
  <testcase classname="ptolemy.util.test.junit.AutoTests" name="[276] /home/travis/build/icyphy/ptII/ptolemy/actor/lib/test/auto/PublisherSubscriber.xml (RunModel)" time="0.012" />
  <testcase classname="ptolemy.util.test.junit.AutoTests" name="[277] /home/travis/build/icyphy/ptII/ptolemy/actor/lib/test/auto/PublisherSubscriber10.xml (RunModel)" time="0.025" />
  <testcase classname="ptolemy.util.test.junit.AutoTests" name="[278] /home/travis/build/icyphy/ptII/ptolemy/actor/lib/test/auto/PublisherSubscriber10InitialOutputs.xml (RunModel)" time="0.025" />
  <testcase classname="ptolemy.util.test.junit.AutoTests" name="[279] /home/travis/build/icyphy/ptII/ptolemy/actor/lib/test/auto/PublisherSubscriber11.xml (RunModel)" time="0.01" />
  <testcase classname="ptolemy.util.test.junit.AutoTests" name="[280] /home/travis/build/icyphy/ptII/ptolemy/actor/lib/test/auto/PublisherSubscriber12.xml (RunModel)" time="0.01" />
  <testcase classname="ptolemy.util.test.junit.AutoTests" name="[281] /home/travis/build/icyphy/ptII/ptolemy/actor/lib/test/auto/PublisherSubscriber13.xml (RunModel)" time="0.007" />
  <testcase classname="ptolemy.util.test.junit.AutoTests" name="[282] /home/travis/build/icyphy/ptII/ptolemy/actor/lib/test/auto/PublisherSubscriber14.xml (RunModel)" time="0.019" />
  <testcase classname="ptolemy.util.test.junit.AutoTests" name="[283] /home/travis/build/icyphy/ptII/ptolemy/actor/lib/test/auto/PublisherSubscriber2.xml (RunModel)" time="0.007" />
  <testcase classname="ptolemy.util.test.junit.AutoTests" name="[284] /home/travis/build/icyphy/ptII/ptolemy/actor/lib/test/auto/PublisherSubscriber3.xml (RunModel)" time="0.007" />
  <testcase classname="ptolemy.util.test.junit.AutoTests" name="[285] /home/travis/build/icyphy/ptII/ptolemy/actor/lib/test/auto/PublisherSubscriber4.xml (RunModel)" time="0.007" />
  <testcase classname="ptolemy.util.test.junit.AutoTests" name="[286] /home/travis/build/icyphy/ptII/ptolemy/actor/lib/test/auto/PublisherSubscriber5.xml (RunModel)" time="0.009" />
  <testcase classname="ptolemy.util.test.junit.AutoTests" name="[287] /home/travis/build/icyphy/ptII/ptolemy/actor/lib/test/auto/PublisherSubscriber6.xml (RunModel)" time="0.011" />
  <testcase classname="ptolemy.util.test.junit.AutoTests" name="[288] /home/travis/build/icyphy/ptII/ptolemy/actor/lib/test/auto/PublisherSubscriber7.xml (RunModel)" time="0.017" />
  <testcase classname="ptolemy.util.test.junit.AutoTests" name="[289] /home/travis/build/icyphy/ptII/ptolemy/actor/lib/test/auto/PublisherSubscriber8.xml (RunModel)" time="0.022" />
  <testcase classname="ptolemy.util.test.junit.AutoTests" name="[290] /home/travis/build/icyphy/ptII/ptolemy/actor/lib/test/auto/PublisherSubscriber9.xml (RunModel)" time="0.011" />
  <testcase classname="ptolemy.util.test.junit.AutoTests" name="[291] /home/travis/build/icyphy/ptII/ptolemy/actor/lib/test/auto/PublisherSubscriberAdjacent.xml (RunModel)" time="0.012" />
  <testcase classname="ptolemy.util.test.junit.AutoTests" name="[292] /home/travis/build/icyphy/ptII/ptolemy/actor/lib/test/auto/PublisherSubscriberChannelVariablesAOC2.xml (RunModel)" time="0.023" />
  <testcase classname="ptolemy.util.test.junit.AutoTests" name="[293] /home/travis/build/icyphy/ptII/ptolemy/actor/lib/test/auto/PublisherSubscriberD3.xml (RunModel)" time="0.009" />
  <testcase classname="ptolemy.util.test.junit.AutoTests" name="[294] /home/travis/build/icyphy/ptII/ptolemy/actor/lib/test/auto/PublisherSubscriberD3Reverse.xml (RunModel)" time="0.008" />
  <testcase classname="ptolemy.util.test.junit.AutoTests" name="[295] /home/travis/build/icyphy/ptII/ptolemy/actor/lib/test/auto/PublisherSubscriberExpression.xml (RunModel)" time="0.013" />
  <testcase classname="ptolemy.util.test.junit.AutoTests" name="[296] /home/travis/build/icyphy/ptII/ptolemy/actor/lib/test/auto/PublisherSubscriberOpaque.xml (RunModel)" time="0.014" />
  <testcase classname="ptolemy.util.test.junit.AutoTests" name="[297] /home/travis/build/icyphy/ptII/ptolemy/actor/lib/test/auto/PublisherSubscriberOpaqueD3.xml (RunModel)" time="0.019" />
  <testcase classname="ptolemy.util.test.junit.AutoTests" name="[298] /home/travis/build/icyphy/ptII/ptolemy/actor/lib/test/auto/PublisherSubscriberOpaqueD3Reverse.xml (RunModel)" time="0.016" />
  <testcase classname="ptolemy.util.test.junit.AutoTests" name="[299] /home/travis/build/icyphy/ptII/ptolemy/actor/lib/test/auto/PublisherSubscriberOpaqueWidthInference.xml (RunModel)" time="0.012" />
  <testcase classname="ptolemy.util.test.junit.AutoTests" name="[300] /home/travis/build/icyphy/ptII/ptolemy/actor/lib/test/auto/PublisherTestSubscriber.xml (RunModel)" time="0.019" />
  <testcase classname="ptolemy.util.test.junit.AutoTests" name="[301] /home/travis/build/icyphy/ptII/ptolemy/actor/lib/test/auto/PublisherToplevelSubscriberPortAOC.xml (RunModel)" time="0.008" />
  <testcase classname="ptolemy.util.test.junit.AutoTests" name="[302] /home/travis/build/icyphy/ptII/ptolemy/actor/lib/test/auto/PulseFiringLimitDE.xml (RunModel)" time="0.011" />
  <testcase classname="ptolemy.util.test.junit.AutoTests" name="[303] /home/travis/build/icyphy/ptII/ptolemy/actor/lib/test/auto/Ramp1.xml (RunModel)" time="0.005" />
  <testcase classname="ptolemy.util.test.junit.AutoTests" name="[304] /home/travis/build/icyphy/ptII/ptolemy/actor/lib/test/auto/RampFiringLimitDE.xml (RunModel)" time="0.008" />
  <testcase classname="ptolemy.util.test.junit.AutoTests" name="[305] /home/travis/build/icyphy/ptII/ptolemy/actor/lib/test/auto/RampFiringLimitSDF.xml (RunModel)" time="0.007" />
  <testcase classname="ptolemy.util.test.junit.AutoTests" name="[306] /home/travis/build/icyphy/ptII/ptolemy/actor/lib/test/auto/RandomInteger.xml (RunModel)" time="0.007" />
  <testcase classname="ptolemy.util.test.junit.AutoTests" name="[307] /home/travis/build/icyphy/ptII/ptolemy/actor/lib/test/auto/ReadFile1.xml (RunModel)" time="0.005" />
  <testcase classname="ptolemy.util.test.junit.AutoTests" name="[308] /home/travis/build/icyphy/ptII/ptolemy/actor/lib/test/auto/ReadFile2.xml (RunModel)" time="0.005" />
  <testcase classname="ptolemy.util.test.junit.AutoTests" name="[309] /home/travis/build/icyphy/ptII/ptolemy/actor/lib/test/auto/Reader.xml (RunModel)" time="0.009" />
  <testcase classname="ptolemy.util.test.junit.AutoTests" name="[310] /home/travis/build/icyphy/ptII/ptolemy/actor/lib/test/auto/RecordAssemblerDisplayNameTest.xml (RunModel)" time="3.152" />
  <testcase classname="ptolemy.util.test.junit.AutoTests" name="[311] /home/travis/build/icyphy/ptII/ptolemy/actor/lib/test/auto/RecordAssemblerTypeError.xml (RunModel)" time="0.039" />
  <testcase classname="ptolemy.util.test.junit.AutoTests" name="[312] /home/travis/build/icyphy/ptII/ptolemy/actor/lib/test/auto/RecordDisassember.xml (RunModel)" time="0.008" />
  <testcase classname="ptolemy.util.test.junit.AutoTests" name="[313] /home/travis/build/icyphy/ptII/ptolemy/actor/lib/test/auto/RecordDisassemberDisplayNameTest.xml (RunModel)" time="0.019" />
  <testcase classname="ptolemy.util.test.junit.AutoTests" name="[314] /home/travis/build/icyphy/ptII/ptolemy/actor/lib/test/auto/RecordDisassembler.xml (RunModel)" time="0.009" />
  <testcase classname="ptolemy.util.test.junit.AutoTests" name="[315] /home/travis/build/icyphy/ptII/ptolemy/actor/lib/test/auto/RecordDisassembler2.xml (RunModel)" time="0.007" />
  <testcase classname="ptolemy.util.test.junit.AutoTests" name="[316] /home/travis/build/icyphy/ptII/ptolemy/actor/lib/test/auto/RecordUpdater.xml (RunModel)" time="0.007" />
  <testcase classname="ptolemy.util.test.junit.AutoTests" name="[317] /home/travis/build/icyphy/ptII/ptolemy/actor/lib/test/auto/RecordUpdater2.xml (RunModel)" time="0.009" />
  <testcase classname="ptolemy.util.test.junit.AutoTests" name="[318] /home/travis/build/icyphy/ptII/ptolemy/actor/lib/test/auto/RecursiveLattice.xml (RunModel)" time="0.006" />
  <testcase classname="ptolemy.util.test.junit.AutoTests" name="[319] /home/travis/build/icyphy/ptII/ptolemy/actor/lib/test/auto/Router.xml (RunModel)" time="3.021" />
  <testcase classname="ptolemy.util.test.junit.AutoTests" name="[320] /home/travis/build/icyphy/ptII/ptolemy/actor/lib/test/auto/Router2.xml (RunModel)" time="3.023" />
  <testcase classname="ptolemy.util.test.junit.AutoTests" name="[321] /home/travis/build/icyphy/ptII/ptolemy/actor/lib/test/auto/RunningMaximum.xml (RunModel)" time="0.025" />
  <testcase classname="ptolemy.util.test.junit.AutoTests" name="[322] /home/travis/build/icyphy/ptII/ptolemy/actor/lib/test/auto/RunningMinimum.xml (RunModel)" time="0.02" />
  <testcase classname="ptolemy.util.test.junit.AutoTests" name="[323] /home/travis/build/icyphy/ptII/ptolemy/actor/lib/test/auto/Scale.xml (RunModel)" time="0.007" />
  <testcase classname="ptolemy.util.test.junit.AutoTests" name="[324] /home/travis/build/icyphy/ptII/ptolemy/actor/lib/test/auto/Scale2.xml (RunModel)" time="0.007" />
  <testcase classname="ptolemy.util.test.junit.AutoTests" name="[325] /home/travis/build/icyphy/ptII/ptolemy/actor/lib/test/auto/Scale3.xml (RunModel)" time="0.013" />
  <testcase classname="ptolemy.util.test.junit.AutoTests" name="[326] /home/travis/build/icyphy/ptII/ptolemy/actor/lib/test/auto/ScaleArray.xml (RunModel)" time="0.009" />
  <testcase classname="ptolemy.util.test.junit.AutoTests" name="[327] /home/travis/build/icyphy/ptII/ptolemy/actor/lib/test/auto/ScaleArray2.xml (RunModel)" time="0.007" />
  <testcase classname="ptolemy.util.test.junit.AutoTests" name="[328] /home/travis/build/icyphy/ptII/ptolemy/actor/lib/test/auto/ScaleMatrix.xml (RunModel)" time="0.118" />
  <testcase classname="ptolemy.util.test.junit.AutoTests" name="[329] /home/travis/build/icyphy/ptII/ptolemy/actor/lib/test/auto/Select.xml (RunModel)" time="0.013" />
  <testcase classname="ptolemy.util.test.junit.AutoTests" name="[330] /home/travis/build/icyphy/ptII/ptolemy/actor/lib/test/auto/Select2.xml (RunModel)" time="0.006" />
  <testcase classname="ptolemy.util.test.junit.AutoTests" name="[331] /home/travis/build/icyphy/ptII/ptolemy/actor/lib/test/auto/SequenceToArray2.xml (RunModel)" time="0.115" />
  <testcase classname="ptolemy.util.test.junit.AutoTests" name="[332] /home/travis/build/icyphy/ptII/ptolemy/actor/lib/test/auto/SequentialClock.xml (RunModel)" time="0.011" />
  <testcase classname="ptolemy.util.test.junit.AutoTests" name="[333] /home/travis/build/icyphy/ptII/ptolemy/actor/lib/test/auto/SetVariable.xml (RunModel)" time="0.007" />
  <testcase classname="ptolemy.util.test.junit.AutoTests" name="[334] /home/travis/build/icyphy/ptII/ptolemy/actor/lib/test/auto/SetVariable2.xml (RunModel)" time="0.007" />
  <testcase classname="ptolemy.util.test.junit.AutoTests" name="[335] /home/travis/build/icyphy/ptII/ptolemy/actor/lib/test/auto/SetVariable3.xml (RunModel)" time="0.012" />
  <testcase classname="ptolemy.util.test.junit.AutoTests" name="[336] /home/travis/build/icyphy/ptII/ptolemy/actor/lib/test/auto/SetVariable4.xml (RunModel)" time="0.025" />
  <testcase classname="ptolemy.util.test.junit.AutoTests" name="[337] /home/travis/build/icyphy/ptII/ptolemy/actor/lib/test/auto/SetVariable5.xml (RunModel)" time="0.026" />
  <testcase classname="ptolemy.util.test.junit.AutoTests" name="[338] /home/travis/build/icyphy/ptII/ptolemy/actor/lib/test/auto/Sinewave.xml (RunModel)" time="0.019" />
  <testcase classname="ptolemy.util.test.junit.AutoTests" name="[339] /home/travis/build/icyphy/ptII/ptolemy/actor/lib/test/auto/Sinewave2.xml (RunModel)" time="0.014" />
  <testcase classname="ptolemy.util.test.junit.AutoTests" name="[340] /home/travis/build/icyphy/ptII/ptolemy/actor/lib/test/auto/Sinewave3.xml (RunModel)" time="0.022" />
  <testcase classname="ptolemy.util.test.junit.AutoTests" name="[341] /home/travis/build/icyphy/ptII/ptolemy/actor/lib/test/auto/SingleEvent.xml (RunModel)" time="0.005" />
  <testcase classname="ptolemy.util.test.junit.AutoTests" name="[342] /home/travis/build/icyphy/ptII/ptolemy/actor/lib/test/auto/Sleep.xml (RunModel)" time="6.017" />
  <testcase classname="ptolemy.util.test.junit.AutoTests" name="[343] /home/travis/build/icyphy/ptII/ptolemy/actor/lib/test/auto/SleepMultipleFire.xml (RunModel)" time="1.022" />
  <testcase classname="ptolemy.util.test.junit.AutoTests" name="[344] /home/travis/build/icyphy/ptII/ptolemy/actor/lib/test/auto/StopDE.xml (RunModel)" time="0.019" />
  <testcase classname="ptolemy.util.test.junit.AutoTests" name="[345] /home/travis/build/icyphy/ptII/ptolemy/actor/lib/test/auto/StopSDF.xml (RunModel)" time="0.01" />
  <testcase classname="ptolemy.util.test.junit.AutoTests" name="[346] /home/travis/build/icyphy/ptII/ptolemy/actor/lib/test/auto/StringConstant.xml (RunModel)" time="0.013" />
  <testcase classname="ptolemy.util.test.junit.AutoTests" name="[347] /home/travis/build/icyphy/ptII/ptolemy/actor/lib/test/auto/SubscriberPortInitialValues1.xml (RunModel)" time="0.018" />
  <testcase classname="ptolemy.util.test.junit.AutoTests" name="[348] /home/travis/build/icyphy/ptII/ptolemy/actor/lib/test/auto/SubscriberPortInitialValues13.xml (RunModel)" time="0.022" />
  <testcase classname="ptolemy.util.test.junit.AutoTests" name="[349] /home/travis/build/icyphy/ptII/ptolemy/actor/lib/test/auto/SubscriberPortInitialValues14.xml (RunModel)" time="0.012" />
  <testcase classname="ptolemy.util.test.junit.AutoTests" name="[350] /home/travis/build/icyphy/ptII/ptolemy/actor/lib/test/auto/SubscriberPortInitialValues2.xml (RunModel)" time="0.012" />
  <testcase classname="ptolemy.util.test.junit.AutoTests" name="[351] /home/travis/build/icyphy/ptII/ptolemy/actor/lib/test/auto/SubscriberPortInitialValues3.xml (RunModel)" time="0.015" />
  <testcase classname="ptolemy.util.test.junit.AutoTests" name="[352] /home/travis/build/icyphy/ptII/ptolemy/actor/lib/test/auto/SubscriptionAggregator.xml (RunModel)" time="0.008" />
  <testcase classname="ptolemy.util.test.junit.AutoTests" name="[353] /home/travis/build/icyphy/ptII/ptolemy/actor/lib/test/auto/SubscriptionAggregator2.xml (RunModel)" time="0.009" />
  <testcase classname="ptolemy.util.test.junit.AutoTests" name="[354] /home/travis/build/icyphy/ptII/ptolemy/actor/lib/test/auto/SubscriptionAggregator3.xml (RunModel)" time="0.013" />
  <testcase classname="ptolemy.util.test.junit.AutoTests" name="[355] /home/travis/build/icyphy/ptII/ptolemy/actor/lib/test/auto/SubscriptionAggregatorMultiply.xml (RunModel)" time="0.011" />
  <testcase classname="ptolemy.util.test.junit.AutoTests" name="[356] /home/travis/build/icyphy/ptII/ptolemy/actor/lib/test/auto/SubscriptionAggregatorPortMultiply1.xml (RunModel)" time="0.01" />
  <testcase classname="ptolemy.util.test.junit.AutoTests" name="[357] /home/travis/build/icyphy/ptII/ptolemy/actor/lib/test/auto/Switch.xml (RunModel)" time="0.015" />
  <testcase classname="ptolemy.util.test.junit.AutoTests" name="[358] /home/travis/build/icyphy/ptII/ptolemy/actor/lib/test/auto/Switch2.xml (RunModel)" time="0.009" />
  <testcase classname="ptolemy.util.test.junit.AutoTests" name="[359] /home/travis/build/icyphy/ptII/ptolemy/actor/lib/test/auto/SwitchDE.xml (RunModel)" time="0.011" />
  <testcase classname="ptolemy.util.test.junit.AutoTests" name="[360] /home/travis/build/icyphy/ptII/ptolemy/actor/lib/test/auto/SynchronizerDE.xml (RunModel)" time="0.018" />
  <testcase classname="ptolemy.util.test.junit.AutoTests" name="[361] /home/travis/build/icyphy/ptII/ptolemy/actor/lib/test/auto/Test.xml (RunModel)" time="0.014" />
  <testcase classname="ptolemy.util.test.junit.AutoTests" name="[362] /home/travis/build/icyphy/ptII/ptolemy/actor/lib/test/auto/TestExceptionAttribute1.xml (RunModel)" time="0.006" />
  <testcase classname="ptolemy.util.test.junit.AutoTests" name="[363] /home/travis/build/icyphy/ptII/ptolemy/actor/lib/test/auto/TestExceptionAttribute2.xml (RunModel)" time="0.005" />
  <testcase classname="ptolemy.util.test.junit.AutoTests" name="[364] /home/travis/build/icyphy/ptII/ptolemy/actor/lib/test/auto/TestExceptionAttribute3.xml (RunModel)" time="0.008" />
  <testcase classname="ptolemy.util.test.junit.AutoTests" name="[365] /home/travis/build/icyphy/ptII/ptolemy/actor/lib/test/auto/TestExceptionAttribute4.xml (RunModel)" time="0.005" />
  <testcase classname="ptolemy.util.test.junit.AutoTests" name="[366] /home/travis/build/icyphy/ptII/ptolemy/actor/lib/test/auto/TestExceptionHandler1.xml (RunModel)" time="0.004" />
  <testcase classname="ptolemy.util.test.junit.AutoTests" name="[367] /home/travis/build/icyphy/ptII/ptolemy/actor/lib/test/auto/TestExceptionHandler2.xml (RunModel)" time="0.011" />
  <testcase classname="ptolemy.util.test.junit.AutoTests" name="[368] /home/travis/build/icyphy/ptII/ptolemy/actor/lib/test/auto/TestExceptionHandler3.xml (RunModel)" time="0.004" />
  <testcase classname="ptolemy.util.test.junit.AutoTests" name="[369] /home/travis/build/icyphy/ptII/ptolemy/actor/lib/test/auto/TestExceptionHandler4.xml (RunModel)" time="0.004" />
  <testcase classname="ptolemy.util.test.junit.AutoTests" name="[370] /home/travis/build/icyphy/ptII/ptolemy/actor/lib/test/auto/TestRequireCorrectOrder.xml (RunModel)" time="0.01" />
  <testcase classname="ptolemy.util.test.junit.AutoTests" name="[371] /home/travis/build/icyphy/ptII/ptolemy/actor/lib/test/auto/TestSimple.xml (RunModel)" time="0.008" />
  <testcase classname="ptolemy.util.test.junit.AutoTests" name="[372] /home/travis/build/icyphy/ptII/ptolemy/actor/lib/test/auto/ThrowModelError.xml (RunModel)" time="0.009" />
  <testcase classname="ptolemy.util.test.junit.AutoTests" name="[373] /home/travis/build/icyphy/ptII/ptolemy/actor/lib/test/auto/TimeDelayMicrosteps.xml (RunModel)" time="0.013" />
  <testcase classname="ptolemy.util.test.junit.AutoTests" name="[374] /home/travis/build/icyphy/ptII/ptolemy/actor/lib/test/auto/TimeDelayMicrosteps2.xml (RunModel)" time="0.024" />
  <testcase classname="ptolemy.util.test.junit.AutoTests" name="[375] /home/travis/build/icyphy/ptII/ptolemy/actor/lib/test/auto/TimeDelayMicrosteps3.xml (RunModel)" time="0.01" />
  <testcase classname="ptolemy.util.test.junit.AutoTests" name="[376] /home/travis/build/icyphy/ptII/ptolemy/actor/lib/test/auto/TimeDelayVariableMicrosteps.xml (RunModel)" time="0.01" />
  <testcase classname="ptolemy.util.test.junit.AutoTests" name="[377] /home/travis/build/icyphy/ptII/ptolemy/actor/lib/test/auto/TimeGap.xml (RunModel)" time="0.021" />
  <testcase classname="ptolemy.util.test.junit.AutoTests" name="[378] /home/travis/build/icyphy/ptII/ptolemy/actor/lib/test/auto/TimeGap2.xml (RunModel)" time="0.01" />
  <testcase classname="ptolemy.util.test.junit.AutoTests" name="[379] /home/travis/build/icyphy/ptII/ptolemy/actor/lib/test/auto/TimedSinewave.xml (RunModel)" time="0.044" />
  <testcase classname="ptolemy.util.test.junit.AutoTests" name="[380] /home/travis/build/icyphy/ptII/ptolemy/actor/lib/test/auto/TimedSinewavePhase.xml (RunModel)" time="0.023" />
  <testcase classname="ptolemy.util.test.junit.AutoTests" name="[381] /home/travis/build/icyphy/ptII/ptolemy/actor/lib/test/auto/Timer.xml (RunModel)" time="0.014" />
  <testcase classname="ptolemy.util.test.junit.AutoTests" name="[382] /home/travis/build/icyphy/ptII/ptolemy/actor/lib/test/auto/TriangularDistTestModel.xml (RunModel)" time="0.012" />
  <testcase classname="ptolemy.util.test.junit.AutoTests" name="[383] /home/travis/build/icyphy/ptII/ptolemy/actor/lib/test/auto/TrigFunction.xml (RunModel)" time="0.008" />
  <testcase classname="ptolemy.util.test.junit.AutoTests" name="[384] /home/travis/build/icyphy/ptII/ptolemy/actor/lib/test/auto/TrigFunctionDE.xml (RunModel)" time="0.008" />
  <testcase classname="ptolemy.util.test.junit.AutoTests" name="[385] /home/travis/build/icyphy/ptII/ptolemy/actor/lib/test/auto/TrigFunctionInverse.xml (RunModel)" time="0.006" />
  <testcase classname="ptolemy.util.test.junit.AutoTests" name="[386] /home/travis/build/icyphy/ptII/ptolemy/actor/lib/test/auto/TrigFunctionTan.xml (RunModel)" time="0.004" />
  <testcase classname="ptolemy.util.test.junit.AutoTests" name="[387] /home/travis/build/icyphy/ptII/ptolemy/actor/lib/test/auto/TriggeredClock.xml (RunModel)" time="0.006" />
  <testcase classname="ptolemy.util.test.junit.AutoTests" name="[388] /home/travis/build/icyphy/ptII/ptolemy/actor/lib/test/auto/URLDirectoryReader.xml (RunModel)" time="0.099" />
  <testcase classname="ptolemy.util.test.junit.AutoTests" name="[389] /home/travis/build/icyphy/ptII/ptolemy/actor/lib/test/auto/URLDirectoryReader3.xml (RunModel)" time="1.19" />
  <testcase classname="ptolemy.util.test.junit.AutoTests" name="[390] /home/travis/build/icyphy/ptII/ptolemy/actor/lib/test/auto/UnaryMathFunction.xml (RunModel)" time="0.038" />
  <testcase classname="ptolemy.util.test.junit.AutoTests" name="[391] /home/travis/build/icyphy/ptII/ptolemy/actor/lib/test/auto/Uniform.xml (RunModel)" time="0.009" />
  <testcase classname="ptolemy.util.test.junit.AutoTests" name="[392] /home/travis/build/icyphy/ptII/ptolemy/actor/lib/test/auto/UnionDisassemblerTest.xml (RunModel)" time="0.018" />
  <testcase classname="ptolemy.util.test.junit.AutoTests" name="[393] /home/travis/build/icyphy/ptII/ptolemy/actor/lib/test/auto/UtilityFunctions.xml (RunModel)" time="0.006" />
  <testcase classname="ptolemy.util.test.junit.AutoTests" name="[394] /home/travis/build/icyphy/ptII/ptolemy/actor/lib/test/auto/VariableSleep.xml (RunModel)" time="0.509" />
  <testcase classname="ptolemy.util.test.junit.AutoTests" name="[395] /home/travis/build/icyphy/ptII/ptolemy/actor/lib/test/auto/VectorAssemblerDisassemblerCT.xml (RunModel)" time="0.12" />
  <testcase classname="ptolemy.util.test.junit.AutoTests" name="[396] /home/travis/build/icyphy/ptII/ptolemy/actor/lib/test/auto/VectorAssemblerDisassemblerDE.xml (RunModel)" time="0.017" />
  <testcase classname="ptolemy.util.test.junit.AutoTests" name="[397] /home/travis/build/icyphy/ptII/ptolemy/actor/lib/test/auto/VectorAssemblerDisassemblerSDF.xml (RunModel)" time="0.012" />
  <testcase classname="ptolemy.util.test.junit.AutoTests" name="[398] /home/travis/build/icyphy/ptII/ptolemy/actor/lib/test/auto/WallClockTime.xml (RunModel)" time="1.011" />
  <testcase classname="ptolemy.util.test.junit.AutoTests" name="[399] /home/travis/build/icyphy/ptII/ptolemy/actor/lib/test/auto/WidthTestWithSubscriberPublisher.xml (RunModel)" time="0.032" />
  <testcase classname="ptolemy.util.test.junit.AutoTests" name="[400] /home/travis/build/icyphy/ptII/ptolemy/actor/lib/test/auto/WidthTestWithSubscriberPublisher2.xml (RunModel)" time="0.015" />
  <testcase classname="ptolemy.util.test.junit.AutoTests" name="[401] /home/travis/build/icyphy/ptII/ptolemy/actor/lib/test/auto/WidthTestWithSubscriberPublisher3.xml (RunModel)" time="0.008" />
  <testcase classname="ptolemy.util.test.junit.AutoTests" name="[402] /home/travis/build/icyphy/ptII/ptolemy/actor/lib/test/auto/Writer.xml (RunModel)" time="0.006" />
  <testcase classname="ptolemy.util.test.junit.AutoTests" name="[403] /home/travis/build/icyphy/ptII/ptolemy/actor/lib/test/auto/array.xml (RunModel)" time="0.019" />
  <testcase classname="ptolemy.util.test.junit.AutoTests" name="[404] /home/travis/build/icyphy/ptII/ptolemy/actor/lib/test/auto/array2.xml (RunModel)" time="0.01" />
  <testcase classname="ptolemy.util.test.junit.AutoTests" name="[405] /home/travis/build/icyphy/ptII/ptolemy/actor/lib/test/auto/arrayType.xml (RunModel)" time="0.008" />
  <testcase classname="ptolemy.util.test.junit.AutoTests" name="[406] /home/travis/build/icyphy/ptII/ptolemy/actor/lib/test/auto/arrayType10.xml (RunModel)" time="0.006" />
  <testcase classname="ptolemy.util.test.junit.AutoTests" name="[407] /home/travis/build/icyphy/ptII/ptolemy/actor/lib/test/auto/arrayType11.xml (RunModel)" time="0.006" />
  <testcase classname="ptolemy.util.test.junit.AutoTests" name="[408] /home/travis/build/icyphy/ptII/ptolemy/actor/lib/test/auto/arrayType12.xml (RunModel)" time="0.007" />
  <testcase classname="ptolemy.util.test.junit.AutoTests" name="[409] /home/travis/build/icyphy/ptII/ptolemy/actor/lib/test/auto/arrayType13.xml (RunModel)" time="0.007" />
  <testcase classname="ptolemy.util.test.junit.AutoTests" name="[410] /home/travis/build/icyphy/ptII/ptolemy/actor/lib/test/auto/arrayType14.xml (RunModel)" time="0.006" />
  <testcase classname="ptolemy.util.test.junit.AutoTests" name="[411] /home/travis/build/icyphy/ptII/ptolemy/actor/lib/test/auto/arrayType15.xml (RunModel)" time="0.007" />
  <testcase classname="ptolemy.util.test.junit.AutoTests" name="[412] /home/travis/build/icyphy/ptII/ptolemy/actor/lib/test/auto/arrayType16.xml (RunModel)" time="0.006" />
  <testcase classname="ptolemy.util.test.junit.AutoTests" name="[413] /home/travis/build/icyphy/ptII/ptolemy/actor/lib/test/auto/arrayType17.xml (RunModel)" time="0.007" />
  <testcase classname="ptolemy.util.test.junit.AutoTests" name="[414] /home/travis/build/icyphy/ptII/ptolemy/actor/lib/test/auto/arrayType18.xml (RunModel)" time="0.006" />
  <testcase classname="ptolemy.util.test.junit.AutoTests" name="[415] /home/travis/build/icyphy/ptII/ptolemy/actor/lib/test/auto/arrayType19.xml (RunModel)" time="0.006" />
  <testcase classname="ptolemy.util.test.junit.AutoTests" name="[416] /home/travis/build/icyphy/ptII/ptolemy/actor/lib/test/auto/arrayType2.xml (RunModel)" time="0.006" />
  <testcase classname="ptolemy.util.test.junit.AutoTests" name="[417] /home/travis/build/icyphy/ptII/ptolemy/actor/lib/test/auto/arrayType20.xml (RunModel)" time="0.006" />
  <testcase classname="ptolemy.util.test.junit.AutoTests" name="[418] /home/travis/build/icyphy/ptII/ptolemy/actor/lib/test/auto/arrayType21.xml (RunModel)" time="0.005" />
  <testcase classname="ptolemy.util.test.junit.AutoTests" name="[419] /home/travis/build/icyphy/ptII/ptolemy/actor/lib/test/auto/arrayType22.xml (RunModel)" time="0.005" />
  <testcase classname="ptolemy.util.test.junit.AutoTests" name="[420] /home/travis/build/icyphy/ptII/ptolemy/actor/lib/test/auto/arrayType23.xml (RunModel)" time="0.006" />
  <testcase classname="ptolemy.util.test.junit.AutoTests" name="[421] /home/travis/build/icyphy/ptII/ptolemy/actor/lib/test/auto/arrayType24.xml (RunModel)" time="0.006" />
  <testcase classname="ptolemy.util.test.junit.AutoTests" name="[422] /home/travis/build/icyphy/ptII/ptolemy/actor/lib/test/auto/arrayType25.xml (RunModel)" time="0.006" />
  <testcase classname="ptolemy.util.test.junit.AutoTests" name="[423] /home/travis/build/icyphy/ptII/ptolemy/actor/lib/test/auto/arrayType26.xml (RunModel)" time="0.005" />
  <testcase classname="ptolemy.util.test.junit.AutoTests" name="[424] /home/travis/build/icyphy/ptII/ptolemy/actor/lib/test/auto/arrayType27.xml (RunModel)" time="0.005" />
  <testcase classname="ptolemy.util.test.junit.AutoTests" name="[425] /home/travis/build/icyphy/ptII/ptolemy/actor/lib/test/auto/arrayType28.xml (RunModel)" time="0.012" />
  <testcase classname="ptolemy.util.test.junit.AutoTests" name="[426] /home/travis/build/icyphy/ptII/ptolemy/actor/lib/test/auto/arrayType3.xml (RunModel)" time="0.009" />
  <testcase classname="ptolemy.util.test.junit.AutoTests" name="[427] /home/travis/build/icyphy/ptII/ptolemy/actor/lib/test/auto/arrayType4.xml (RunModel)" time="0.006" />
  <testcase classname="ptolemy.util.test.junit.AutoTests" name="[428] /home/travis/build/icyphy/ptII/ptolemy/actor/lib/test/auto/arrayType5.xml (RunModel)" time="0.006" />
  <testcase classname="ptolemy.util.test.junit.AutoTests" name="[429] /home/travis/build/icyphy/ptII/ptolemy/actor/lib/test/auto/arrayType6.xml (RunModel)" time="0.005" />
  <testcase classname="ptolemy.util.test.junit.AutoTests" name="[430] /home/travis/build/icyphy/ptII/ptolemy/actor/lib/test/auto/arrayType7.xml (RunModel)" time="0.022" />
  <testcase classname="ptolemy.util.test.junit.AutoTests" name="[431] /home/travis/build/icyphy/ptII/ptolemy/actor/lib/test/auto/arrayType8.xml (RunModel)" time="0.006" />
  <testcase classname="ptolemy.util.test.junit.AutoTests" name="[432] /home/travis/build/icyphy/ptII/ptolemy/actor/lib/test/auto/arrayType9.xml (RunModel)" time="0.005" />
  <testcase classname="ptolemy.util.test.junit.AutoTests" name="[433] /home/travis/build/icyphy/ptII/ptolemy/actor/lib/test/auto/cast.xml (RunModel)" time="0.006" />
  <testcase classname="ptolemy.util.test.junit.AutoTests" name="[434] /home/travis/build/icyphy/ptII/ptolemy/actor/lib/test/auto/compositeMultiPort.xml (RunModel)" time="0.013" />
  <testcase classname="ptolemy.util.test.junit.AutoTests" name="[435] /home/travis/build/icyphy/ptII/ptolemy/actor/lib/test/auto/expressionCastInference.xml (RunModel)" time="0.006" />
  <testcase classname="ptolemy.util.test.junit.AutoTests" name="[436] /home/travis/build/icyphy/ptII/ptolemy/actor/lib/test/auto/expressionCastInference2.xml (RunModel)" time="0.005" />
  <testcase classname="ptolemy.util.test.junit.AutoTests" name="[437] /home/travis/build/icyphy/ptII/ptolemy/actor/lib/test/auto/expressionInference.xml (RunModel)" time="0.005" />
  <testcase classname="ptolemy.util.test.junit.AutoTests" name="[438] /home/travis/build/icyphy/ptII/ptolemy/actor/lib/test/auto/expression_bug.xml (RunModel)" time="0.028" />
  <testcase classname="ptolemy.util.test.junit.AutoTests" name="[439] /home/travis/build/icyphy/ptII/ptolemy/actor/lib/test/auto/factorial.xml (RunModel)" time="0.078" />
  <testcase classname="ptolemy.util.test.junit.AutoTests" name="[440] /home/travis/build/icyphy/ptII/ptolemy/actor/lib/test/auto/filterTest1.xml (RunModel)" time="0.033" />
  <testcase classname="ptolemy.util.test.junit.AutoTests" name="[441] /home/travis/build/icyphy/ptII/ptolemy/actor/lib/test/auto/funcApplyInConst.xml (RunModel)" time="0.037" />
  <testcase classname="ptolemy.util.test.junit.AutoTests" name="[442] /home/travis/build/icyphy/ptII/ptolemy/actor/lib/test/auto/funcApplyInExpr.xml (RunModel)" time="0.022" />
  <testcase classname="ptolemy.util.test.junit.AutoTests" name="[443] /home/travis/build/icyphy/ptII/ptolemy/actor/lib/test/auto/function.xml (RunModel)" time="0.03" />
  <testcase classname="ptolemy.util.test.junit.AutoTests" name="[444] /home/travis/build/icyphy/ptII/ptolemy/actor/lib/test/auto/function2.xml (RunModel)" time="0.029" />
  <testcase classname="ptolemy.util.test.junit.AutoTests" name="[445] /home/travis/build/icyphy/ptII/ptolemy/actor/lib/test/auto/function3.xml (RunModel)" time="0.005" />
  <testcase classname="ptolemy.util.test.junit.AutoTests" name="[446] /home/travis/build/icyphy/ptII/ptolemy/actor/lib/test/auto/functionClosureTest1.xml (RunModel)" time="0.008" />
  <testcase classname="ptolemy.util.test.junit.AutoTests" name="[447] /home/travis/build/icyphy/ptII/ptolemy/actor/lib/test/auto/functionClosureTest2.xml (RunModel)" time="0.005" />
  <testcase classname="ptolemy.util.test.junit.AutoTests" name="[448] /home/travis/build/icyphy/ptII/ptolemy/actor/lib/test/auto/functionClosureTest3.xml (RunModel)" time="0.006" />
  <testcase classname="ptolemy.util.test.junit.AutoTests" name="[449] /home/travis/build/icyphy/ptII/ptolemy/actor/lib/test/auto/functionClosureTest4.xml (RunModel)" time="0.012" />
  <testcase classname="ptolemy.util.test.junit.AutoTests" name="[450] /home/travis/build/icyphy/ptII/ptolemy/actor/lib/test/auto/functionClosureTest5.xml (RunModel)" time="0.009" />
  <testcase classname="ptolemy.util.test.junit.AutoTests" name="[451] /home/travis/build/icyphy/ptII/ptolemy/actor/lib/test/auto/functionClosureTest6.xml (RunModel)" time="0.006" />
  <testcase classname="ptolemy.util.test.junit.AutoTests" name="[452] /home/travis/build/icyphy/ptII/ptolemy/actor/lib/test/auto/functionsOnArcs.xml (RunModel)" time="0.008" />
  <testcase classname="ptolemy.util.test.junit.AutoTests" name="[453] /home/travis/build/icyphy/ptII/ptolemy/actor/lib/test/auto/functionsOnArcsHOF.xml (RunModel)" time="0.014" />
  <testcase classname="ptolemy.util.test.junit.AutoTests" name="[454] /home/travis/build/icyphy/ptII/ptolemy/actor/lib/test/auto/logic.xml (RunModel)" time="0.017" />
  <testcase classname="ptolemy.util.test.junit.AutoTests" name="[455] /home/travis/build/icyphy/ptII/ptolemy/actor/lib/test/auto/matrixType.xml (RunModel)" time="0.007" />
  <testcase classname="ptolemy.util.test.junit.AutoTests" name="[456] /home/travis/build/icyphy/ptII/ptolemy/actor/lib/test/auto/matrixType10.xml (RunModel)" time="0.007" />
  <testcase classname="ptolemy.util.test.junit.AutoTests" name="[457] /home/travis/build/icyphy/ptII/ptolemy/actor/lib/test/auto/matrixType11.xml (RunModel)" time="0.006" />
  <testcase classname="ptolemy.util.test.junit.AutoTests" name="[458] /home/travis/build/icyphy/ptII/ptolemy/actor/lib/test/auto/matrixType12.xml (RunModel)" time="0.009" />
  <testcase classname="ptolemy.util.test.junit.AutoTests" name="[459] /home/travis/build/icyphy/ptII/ptolemy/actor/lib/test/auto/matrixType13.xml (RunModel)" time="0.006" />
  <testcase classname="ptolemy.util.test.junit.AutoTests" name="[460] /home/travis/build/icyphy/ptII/ptolemy/actor/lib/test/auto/matrixType14.xml (RunModel)" time="0.008" />
  <testcase classname="ptolemy.util.test.junit.AutoTests" name="[461] /home/travis/build/icyphy/ptII/ptolemy/actor/lib/test/auto/matrixType2.xml (RunModel)" time="0.007" />
  <testcase classname="ptolemy.util.test.junit.AutoTests" name="[462] /home/travis/build/icyphy/ptII/ptolemy/actor/lib/test/auto/matrixType3.xml (RunModel)" time="0.009" />
  <testcase classname="ptolemy.util.test.junit.AutoTests" name="[463] /home/travis/build/icyphy/ptII/ptolemy/actor/lib/test/auto/matrixType4.xml (RunModel)" time="0.007" />
  <testcase classname="ptolemy.util.test.junit.AutoTests" name="[464] /home/travis/build/icyphy/ptII/ptolemy/actor/lib/test/auto/matrixType5.xml (RunModel)" time="0.006" />
  <testcase classname="ptolemy.util.test.junit.AutoTests" name="[465] /home/travis/build/icyphy/ptII/ptolemy/actor/lib/test/auto/matrixType6.xml (RunModel)" time="0.006" />
  <testcase classname="ptolemy.util.test.junit.AutoTests" name="[466] /home/travis/build/icyphy/ptII/ptolemy/actor/lib/test/auto/matrixType7.xml (RunModel)" time="0.009" />
  <testcase classname="ptolemy.util.test.junit.AutoTests" name="[467] /home/travis/build/icyphy/ptII/ptolemy/actor/lib/test/auto/matrixType8.xml (RunModel)" time="0.008" />
  <testcase classname="ptolemy.util.test.junit.AutoTests" name="[468] /home/travis/build/icyphy/ptII/ptolemy/actor/lib/test/auto/matrixType9.xml (RunModel)" time="0.006" />
  <testcase classname="ptolemy.util.test.junit.AutoTests" name="[469] /home/travis/build/icyphy/ptII/ptolemy/actor/lib/test/auto/paraFunctest.xml (RunModel)" time="0.005" />
  <testcase classname="ptolemy.util.test.junit.AutoTests" name="[470] /home/travis/build/icyphy/ptII/ptolemy/actor/lib/test/auto/paraFunctest2.xml (RunModel)" time="0.012" />
  <testcase classname="ptolemy.util.test.junit.AutoTests" name="[471] /home/travis/build/icyphy/ptII/ptolemy/actor/lib/test/auto/parameterPassing.xml (RunModel)" time="0.009" />
  <testcase classname="ptolemy.util.test.junit.AutoTests" name="[472] /home/travis/build/icyphy/ptII/ptolemy/actor/lib/test/auto/record.xml (RunModel)" time="0.008" />
  <testcase classname="ptolemy.util.test.junit.AutoTests" name="[473] /home/travis/build/icyphy/ptII/ptolemy/actor/lib/test/auto/sizedarray1.xml (RunModel)" time="0.008" />
  <testcase classname="ptolemy.util.test.junit.AutoTests" name="[474] /home/travis/build/icyphy/ptII/ptolemy/actor/lib/test/auto/sizedarray2.xml (RunModel)" time="0.008" />
  <testcase classname="ptolemy.util.test.junit.AutoTests" name="[475] /home/travis/build/icyphy/ptII/ptolemy/actor/lib/test/auto/twoPublishers.xml (RunModel)" time="0.026" />
  <system-out><![CDATA[/home/travis/build/icyphy/ptII/ptolemy/actor/lib/test/AbsoluteValue.tcl
testDefs.tcl: setting time out to 9000 seconds at Sun Apr 19 14:04:16 UTC 2020
105 ms. Memory: 129024K Free: 92609K (72%)
4 ms. Memory: 129024K Free: 90546K (70%)
14 ms. Memory: 129024K Free: 90051K (70%)
9 ms. Memory: 129024K Free: 89027K (69%)
/home/travis/build/icyphy/ptII/ptolemy/actor/lib/test/AddSubtract.tcl
13 ms. Memory: 129024K Free: 86979K (67%)
6 ms. Memory: 129024K Free: 86465K (67%)
5 ms. Memory: 129024K Free: 85441K (66%)
7 ms. Memory: 129024K Free: 84931K (66%)
65 ms. Memory: 129024K Free: 81859K (63%)
5 ms. Memory: 129024K Free: 81330K (63%)
/home/travis/build/icyphy/ptII/ptolemy/actor/lib/test/Average.tcl
15 ms. Memory: 129024K Free: 79266K (61%)
14 ms. Memory: 129024K Free: 78242K (61%)
/home/travis/build/icyphy/ptII/ptolemy/actor/lib/test/Bernoulli.tcl
3 ms. Memory: 129024K Free: 76739K (59%)
2 ms. Memory: 129024K Free: 76210K (59%)
/home/travis/build/icyphy/ptII/ptolemy/actor/lib/test/Clock.tcl
preinitializing
resolving types
initializing
executing number 1
wrapping up
idle
36 ms. Memory: 129024K Free: 73667K (57%)
Completed execution with 5 iterations
preinitializing
resolving types
initializing
executing number 1
wrapping up
idle
10 ms. Memory: 129024K Free: 72643K (56%)
Completed execution with 5 iterations
preinitializing
resolving types
initializing
executing number 1
wrapping up
idle
10 ms. Memory: 129024K Free: 72122K (56%)
Completed execution with 5 iterations
/home/travis/build/icyphy/ptII/ptolemy/actor/lib/test/Commutator.tcl
13 ms. Memory: 129024K Free: 70081K (54%)
17 ms. Memory: 129024K Free: 69057K (54%)
13 ms. Memory: 129024K Free: 63427K (49%)
/home/travis/build/icyphy/ptII/ptolemy/actor/lib/test/Const.tcl
4 ms. Memory: 129024K Free: 61858K (48%)
2 ms. Memory: 129024K Free: 61379K (48%)
2 ms. Memory: 129024K Free: 60850K (47%)
3 ms. Memory: 129024K Free: 60355K (47%)
2 ms. Memory: 129024K Free: 59841K (46%)
12 ms. Memory: 129024K Free: 58307K (45%)
5 ms. Memory: 129024K Free: 57283K (44%)
3 ms. Memory: 129024K Free: 56259K (44%)
/home/travis/build/icyphy/ptII/ptolemy/actor/lib/test/CurrentTime.tcl
preinitializing
resolving types
initializing
executing number 1
wrapping up
idle
16 ms. Memory: 129024K Free: 54211K (42%)
Completed execution with 11 iterations
/home/travis/build/icyphy/ptII/ptolemy/actor/lib/test/DB.tcl
11 ms. Memory: 129024K Free: 52658K (41%)
5 ms. Memory: 129024K Free: 52163K (40%)
3 ms. Memory: 129024K Free: 51649K (40%)
/home/travis/build/icyphy/ptII/ptolemy/actor/lib/test/DiscreteRandomSource.tcl
preinitializing
resolving types
initializing
executing number 1
wrapping up
idle
9 ms. Memory: 129024K Free: 50115K (39%)
Completed execution with 4 iterations
preinitializing
resolving types
initializing
executing number 1
wrapping up
idle
4 ms. Memory: 129024K Free: 49570K (38%)
Completed execution with 4 iterations
preinitializing
resolving types
initializing
executing number 1
wrapping up
idle
6 ms. Memory: 129024K Free: 49091K (38%)
Completed execution with 4 iterations
preinitializing
resolving types
initializing
executing number 1
wrapping up
idle
8 ms. Memory: 129024K Free: 48577K (38%)
Completed execution with 4 iterations
preinitializing
resolving types
initializing
executing number 1
wrapping up
idle
13 ms. Memory: 129024K Free: 48067K (37%)
Completed execution with 4 iterations
/home/travis/build/icyphy/ptII/ptolemy/actor/lib/test/Distributor.tcl
3 ms. Memory: 129024K Free: 112952K (88%)
14 ms. Memory: 129024K Free: 112333K (87%)
StreamChangeRequest.changeExecuted(): <deleteEntity name="rec2"/> succeeded
StreamChangeRequest.changeExecuted(): <deleteRelation name="r2"/> succeeded
StreamChangeRequest.changeExecuted(): Record firings per iteration succeeded
13 ms. Memory: 129024K Free: 109866K (85%)
/home/travis/build/icyphy/ptII/ptolemy/actor/lib/test/Exit.tcl
Exit.tcl: this will print a message about Manager.exitAfterWrapup, which can be ignored.
8 ms. Memory: 129024K Free: 106905K (83%)
/home/travis/build/icyphy/ptII/ptolemy/actor/lib/test/Expression.tcl
21 ms. Memory: 129024K Free: 103317K (80%)
7 ms. Memory: 129024K Free: 102712K (80%)
4 ms. Memory: 129024K Free: 102285K (79%)
preinitializing
resolving types
initializing
executing number 1
wrapping up
idle
11 ms. Memory: 129024K Free: 100626K (78%)
Completed execution with 6 iterations
6 ms. Memory: 129024K Free: 99602K (77%)
3 ms. Memory: 129024K Free: 99175K (77%)
8 ms. Memory: 129024K Free: 97997K (76%)
6 ms. Memory: 129024K Free: 96538K (75%)
6 ms. Memory: 129024K Free: 95514K (74%)
/home/travis/build/icyphy/ptII/ptolemy/actor/lib/test/Gaussian.tcl
4 ms. Memory: 129024K Free: 112417K (87%)
sleeping 1 seconds: ........................................................................................................................................................................................................................................................................................................................................................................................................................................................................................................................................................................................................................................................................................................................................................................................................................................................................................................................................................................................................................................................................................................................................................................................................................................................................................................................................................................................................................................................................................................................................................................................................................................................................................................................................................................................................................................................................................................................................................................................................................................................................................................................................................................................................................................................................................................................................................................................................................................................................................................................................................................................................................................................................................................................................................................................................................................................................................................................................................................................................................................................................................................................................................................................................................................................................................................................................................................................................................................................................................................................................................................................................................................................................................................................................................................................................................................................................................................................................................................................................................................................................................................................................................................................................................................................................................................................................................................................................................................................................................................................................................................................................................................................................................................................................................................................................................................................................................................................................................................................................................................................................................................................................................................................................................................................................................................................................................................................................................................................................................................................................................................................................................................................................................................................................................................................................................................................................................................................................................................................................................................................................................................................................................................................................................................................................................................................................................................................................................................................................................................................................................................................................................................................................................................................................................................................................................................................................................................................................................................................................................................................................................................................................................................................................................................................................................................................................................................................................................................................................................................................................................................................................................................................................................................................................................................................................................................................................................................................................................................................................................................................................................................................................................................................................................................................................................................................................................................................................................................................................................................................................................................................................................................................................................................................................................................................................................................................................................................................................................................................................................................................................................................................................................................................................................................................................................................................................................................................................................................................................................................................................................................................................................................................................................................................................................................................................................................................................................................................................................................................................................................................................................................................................................................................................................................................................................................................................................................................................................................................................................................................................................................................................................................................................................................................................................................................................................................................................................................................................................................................................................................................................................................................................................................................................................................................................................................................................................................................................................................................................................................................................................................................................................................................................................................................................................................................................................................................................................................................................................................................................................................................................................................................................................................................................................................................................................................................................................................................................................................................................................................................................................................................................................................................................................................................................................................................................................................................................................................................................................................2 ms. Memory: 129024K Free: 92072K (71%)
2 ms. Memory: 129024K Free: 91562K (71%)
1 ms. Memory: 129024K Free: 91034K (71%)
2 ms. Memory: 129024K Free: 90024K (70%)
2 ms. Memory: 129024K Free: 89514K (69%)
/home/travis/build/icyphy/ptII/ptolemy/actor/lib/test/IIR.tcl
/home/travis/build/icyphy/ptII/ptolemy/actor/lib/test/Interpolator.tcl
4 ms. Memory: 129024K Free: 85928K (67%)
2 ms. Memory: 129024K Free: 85418K (66%)
2 ms. Memory: 129024K Free: 84890K (66%)
3 ms. Memory: 129024K Free: 83880K (65%)
5 ms. Memory: 129024K Free: 83370K (65%)
5 ms. Memory: 129024K Free: 82346K (64%)
9 ms. Memory: 129024K Free: 81832K (63%)
1 ms. Memory: 129024K Free: 80794K (63%)
2 ms. Memory: 129024K Free: 79770K (62%)
2 ms. Memory: 129024K Free: 78746K (61%)
/home/travis/build/icyphy/ptII/ptolemy/actor/lib/test/MathFunction.tcl
3 ms. Memory: 129024K Free: 76698K (59%)
2 ms. Memory: 129024K Free: 75674K (59%)
4 ms. Memory: 129024K Free: 74664K (58%)
3 ms. Memory: 129024K Free: 73640K (57%)
6 ms. Memory: 129024K Free: 72616K (56%)
8 ms. Memory: 129024K Free: 113204K (88%)
/home/travis/build/icyphy/ptII/ptolemy/actor/lib/test/Maximum.tcl
3 ms. Memory: 129024K Free: 111170K (86%)
2 ms. Memory: 129024K Free: 110660K (86%)
1 ms. Memory: 129024K Free: 110132K (85%)
2 ms. Memory: 129024K Free: 109636K (85%)
/home/travis/build/icyphy/ptII/ptolemy/actor/lib/test/Minimum.tcl
7 ms. Memory: 129024K Free: 107588K (83%)
3 ms. Memory: 129024K Free: 107060K (83%)
2 ms. Memory: 129024K Free: 106564K (83%)
2 ms. Memory: 129024K Free: 105540K (82%)
/home/travis/build/icyphy/ptII/ptolemy/actor/lib/test/MultiplyDivide.tcl
6 ms. Memory: 129024K Free: 103988K (81%)
7 ms. Memory: 129024K Free: 102978K (80%)
3 ms. Memory: 129024K Free: 102468K (79%)
4 ms. Memory: 129024K Free: 101444K (79%)
3 ms. Memory: 129024K Free: 100916K (78%)
/home/travis/build/icyphy/ptII/ptolemy/actor/lib/test/OrderedMerge.tcl
Connections changed on port: inputA
Connections changed on port: inputB
Connections changed on port: output
Connections changed on port: output
Connections changed on port: output
Connections changed on port: input
.top. Preinitializing ...
Invoking preinitialize():  .top.OrderedMerge
Called preinitialize()
Invoking preinitialize():  .top.Ramp
Called preinitialize()
Invoking preinitialize():  .top.Ramp2
Called preinitialize()
Invoking preinitialize():  .top.Test
Called preinitialize()
Connections changed on port: inputA
Connections changed on port: output
Connections changed on port: output
Connections changed on port: input
Connections changed on port: inputB
Connections changed on port: output
.top. Finished preinitialize().
Called initialize().
Invoking initialize():  .top.OrderedMerge
Initializing actor: .top.OrderedMerge
Adding a thread: .top.OrderedMerge
Invoking initialize():  .top.Ramp
Initializing actor: .top.Ramp
Adding a thread: .top.Ramp
Invoking initialize():  .top.Ramp2
Initializing actor: .top.Ramp2
Adding a thread: .top.Ramp2
Invoking initialize():  .top.Test
Initializing actor: .top.Test
Adding a thread: .top.Test
Called fire().
Checking for deadlock:
-- Starting thread.
Called initialize()
Called prefire()
Called fire()
-- Starting thread.
Called initialize()
Called prefire()
Called fire()
-- Starting thread.
Called initialize()
Called prefire()
Called fire()
There are 0 Blocked actors, 0 Stopped actors, and 4 active threads.
Waiting for actors to stop.
-- Starting thread.
Called initialize()
Called postfire()
Called prefire()
Called postfire()
Called prefire()
Called fire()
Called fire()
Called prefire()
Called fire()
Checking for deadlock:
There are 2 Blocked actors, 0 Stopped actors, and 4 active threads.
Waiting for actors to stop.
Called postfire()
Called prefire()
Called fire()
Read input token from inputA with value 0.0
Next port to read input from is inputB
Called postfire()
Called prefire()
Called fire()
Read input token from inputB with value 0.0
Checking for deadlock:
There are 1 Blocked actors, 0 Stopped actors, and 4 active threads.
Waiting for actors to stop.
-- Read input: 0.0, which is expected to match: 0.0
Called prefire()
Called fire()
Called postfire()
Called prefire()
Called fire()
Checking for deadlock:
There are 2 Blocked actors, 0 Stopped actors, and 4 active threads.
Waiting for actors to stop.
Checking for deadlock:
There are 3 Blocked actors, 0 Stopped actors, and 4 active threads.
Waiting for actors to stop.
Sent output token with value 0.0
Next port to read input from is inputA
Called postfire()
Called prefire()
Called fire()
Checking for deadlock:
There are 2 Blocked actors, 0 Stopped actors, and 4 active threads.
Read input token from inputA with value 1.0
Waiting for actors to stop.
Sent output token with value 0.0
Called postfire()
Called prefire()
Called fire()
Next port to read input from is inputB
Called postfire()
Called prefire()
Called fire()
-- Read input: 0.0, which is expected to match: 0.0
Called prefire()
Read input token from inputB with value 1.5
Called fire()
Sent output token with value 1.0
-- Read input: 1.0, which is expected to match: 1.0
Next port to read input from is inputA
Called prefire()
Called postfire()
Called prefire()
Called fire()
Read input token from inputA with value 2.0
Sent output token with value 1.5
Next port to read input from is inputB
Called postfire()
Called prefire()
Called fire()
Called fire()
-- Read input: 1.5, which is expected to match: 1.5
Called prefire()
Called fire()
Checking for deadlock:
There are 2 Blocked actors, 0 Stopped actors, and 4 active threads.
Waiting for actors to stop.
Called postfire()
Called prefire()
Called fire()
Checking for deadlock:
There are 2 Blocked actors, 0 Stopped actors, and 4 active threads.
Waiting for actors to stop.
Called postfire()
Called prefire()
Called fire()
Read input token from inputB with value 3.0
Sent output token with value 2.0
Next port to read input from is inputA
Called postfire()
Called prefire()
Called fire()
Read input token from inputA with value 3.0
Checking for deadlock:
There are 1 Blocked actors, 0 Stopped actors, and 4 active threads.
Waiting for actors to stop.
Called postfire()
Called prefire()
Called fire()
-- Read input: 2.0, which is expected to match: 2.0
Called prefire()
Called fire()
Called postfire()
Called prefire()
Called fire()
Checking for deadlock:
There are 3 Blocked actors, 0 Stopped actors, and 4 active threads.
Waiting for actors to stop.
-- Read input: 3.0, which is expected to match: 3.0
Called prefire()
Called fire()
Sent output token with value 3.0
Next port to read input from is inputB
Called postfire()
Called prefire()
Called fire()
Read input token from inputB with value 4.5
Sent output token with value 3.0
Next port to read input from is inputA
Called postfire()
Called prefire()
Called fire()
Read input token from inputA with value 4.0
Checking for deadlock:
There are 1 Blocked actors, 0 Stopped actors, and 4 active threads.
Waiting for actors to stop.
Called postfire()
Called prefire()
Called fire()
-- Read input: 3.0, which is expected to match: 3.0
Called prefire()
Called fire()
Called postfire()
Called prefire()
Called fire()
Checking for deadlock:
There are 3 Blocked actors, 0 Stopped actors, and 4 active threads.
Waiting for actors to stop.
-- Read input: 4.0, which is expected to match: 4.0
Called prefire()
Called fire()
Past the end of training data. Read and discard all inputs.
Sent output token with value 4.0
Next port to read input from is inputA
Called postfire()
Called prefire()
Called fire()
Read input token from inputA with value 5.0
Sent output token with value 4.5
Next port to read input from is inputB
Called postfire()
Called prefire()
Called fire()
Read input token from inputB with value 6.0
Checking for deadlock:
There are 1 Blocked actors, 0 Stopped actors, and 4 active threads.
Waiting for actors to stop.
Called postfire()
Called prefire()
Called fire()
Called prefire()
Called fire()
Past the end of training data. Read and discard all inputs.
Called postfire()
Called prefire()
Called fire()
Checking for deadlock:
There are 3 Blocked actors, 0 Stopped actors, and 4 active threads.
Waiting for actors to stop.
Called prefire()
Called fire()
Past the end of training data. Read and discard all inputs.
Sent output token with value 5.0
Next port to read input from is inputA
Called postfire()
Called prefire()
Called fire()
Read input token from inputA with value 6.0
Sent output token with value 6.0
Next port to read input from is inputB
Called postfire()
Called prefire()
Called fire()
Read input token from inputB with value 7.5
Checking for deadlock:
There are 1 Blocked actors, 0 Stopped actors, and 4 active threads.
Waiting for actors to stop.
Called postfire()
Called prefire()
Called fire()
Called prefire()
Called fire()
Past the end of training data. Read and discard all inputs.
Called postfire()
Called prefire()
Called fire()
Checking for deadlock:
There are 3 Blocked actors, 0 Stopped actors, and 4 active threads.
Waiting for actors to stop.
Called prefire()
Called fire()
Past the end of training data. Read and discard all inputs.
Sent output token with value 6.0
Next port to read input from is inputA
Called postfire()
Called prefire()
Called fire()
Read input token from inputA with value 7.0
Sent output token with value 7.0
Next port to read input from is inputA
Called postfire()
Called prefire()
Called fire()
Checking for deadlock:
There are 2 Blocked actors, 0 Stopped actors, and 4 active threads.
Waiting for actors to stop.
Called prefire()
Called fire()
Past the end of training data. Read and discard all inputs.
Called postfire()
Called prefire()
Called fire()
Checking for deadlock:
There are 3 Blocked actors, 0 Stopped actors, and 4 active threads.
Waiting for actors to stop.
-- Thread wrapup() called.
Called wrapup()
Thread .top.Ramp is exiting.
-- Thread stopped.
Checking for deadlock:
There are 2 Blocked actors, 0 Stopped actors, and 3 active threads.
Waiting for actors to stop.
Read input token from inputA with value 8.0
Called prefire()
Called fire()
Past the end of training data. Read and discard all inputs.
Checking for deadlock:
There are 2 Blocked actors, 0 Stopped actors, and 3 active threads.
Waiting for actors to stop.
Sent output token with value 7.5
Next port to read input from is inputB
Called postfire()
Called prefire()
Called fire()
Checking for deadlock:
There are 1 Blocked actors, 0 Stopped actors, and 3 active threads.
Waiting for actors to stop.
Called postfire()
Called prefire()
Called fire()
Checking for deadlock:
There are 2 Blocked actors, 0 Stopped actors, and 3 active threads.
Waiting for actors to stop.
Read input token from inputB with value 9.0
Checking for deadlock:
There are 1 Blocked actors, 0 Stopped actors, and 3 active threads.
Waiting for actors to stop.
Called prefire()
Called fire()
Past the end of training data. Read and discard all inputs.
Checking for deadlock:
There are 2 Blocked actors, 0 Stopped actors, and 3 active threads.
Waiting for actors to stop.
Sent output token with value 8.0
Next port to read input from is inputA
Called postfire()
Called prefire()
Called fire()
Read input token from inputA with value 9.0
Called prefire()
Called fire()
Past the end of training data. Read and discard all inputs.
Checking for deadlock:
There are 2 Blocked actors, 0 Stopped actors, and 3 active threads.
Waiting for actors to stop.
Sent output token with value 9.0
Next port to read input from is inputB
Called postfire()
Called prefire()
Called fire()
Called postfire()
Called prefire()
Called fire()
Checking for deadlock:
There are 2 Blocked actors, 0 Stopped actors, and 3 active threads.
Waiting for actors to stop.
Read input token from inputB with value 10.5
Called prefire()
Called fire()
Past the end of training data. Read and discard all inputs.
Checking for deadlock:
There are 2 Blocked actors, 0 Stopped actors, and 3 active threads.
Waiting for actors to stop.
Sent output token with value 9.0
Next port to read input from is inputA
Called postfire()
Called prefire()
Called fire()
Checking for deadlock:
There are 3 Blocked actors, 0 Stopped actors, and 3 active threads.
Actors have stopped.
Checking for deadlock:
There are 3 Blocked actors, 0 Stopped actors, and 3 active threads.
Deadlock detected.
Resolving Deadlock
Checking for deadlock:
There are 3 Blocked actors, 0 Stopped actors, and 3 active threads.
Artificial Deadlock - increasing queue capacity.
increasing the capacity of receiver ptolemy.actor.TypedIOPort {.top.OrderedMerge.inputB} to 2
-- Thread wrapup() called.
Called wrapup()
Thread .top.Ramp2 is exiting.
-- Thread stopped.
Director: Called postfire().
Called postfire().
_stopRequested = false
_stopFireRequested = false
Returning from postfire(): true
Called fire().
Checking for deadlock:
There are 2 Blocked actors, 0 Stopped actors, and 2 active threads.
Actors have stopped.
Checking for deadlock:
There are 2 Blocked actors, 0 Stopped actors, and 2 active threads.
Deadlock detected.
Resolving Deadlock
Checking for deadlock:
There are 2 Blocked actors, 0 Stopped actors, and 2 active threads.
Deadlock detected: no processes blocked on write, but some are blocked on read.
Called postfire().
_stopRequested = false
_stopFireRequested = false
Returning from postfire(): false
Finished deactivating branches.
Called wrapup().
-- Thread wrapup() called.
Called wrapup()
Thread .top.Test is exiting.
-- Thread stopped.
-- Blocked Receiver call threw TerminateProcessException.
-- Thread wrapup() called.
Called wrapup()
Thread .top.OrderedMerge is exiting.
-- Thread stopped.
-- Blocked Receiver call threw TerminateProcessException.
60 ms. Memory: 129024K Free: 95464K (74%)
.top. Preinitializing ...
Invoking preinitialize():  .top.OrderedMerge
Called preinitialize()
Invoking preinitialize():  .top.Ramp
Called preinitialize()
Invoking preinitialize():  .top.Ramp2
Called preinitialize()
Invoking preinitialize():  .top.Test
Called preinitialize()
.top. Finished preinitialize().
Called initialize().
Invoking initialize():  .top.OrderedMerge
Initializing actor: .top.OrderedMerge
Adding a thread: .top.OrderedMerge
Invoking initialize():  .top.Ramp
Initializing actor: .top.Ramp
Adding a thread: .top.Ramp
Invoking initialize():  .top.Ramp2
Initializing actor: .top.Ramp2
Adding a thread: .top.Ramp2
Invoking initialize():  .top.Test
Initializing actor: .top.Test
Adding a thread: .top.Test
-- Starting thread.
Called initialize()
Called prefire()
Called fire()
-- Starting thread.
Called initialize()
Called prefire()
Called fire()
Called postfire()
Called prefire()
Called fire()
-- Starting thread.
Called initialize()
Called prefire()
Called fire()
Called postfire()
Called prefire()
Called fire()
Called fire().
Checking for deadlock:
There are 3 Blocked actors, 0 Stopped actors, and 4 active threads.
Waiting for actors to stop.
-- Starting thread.
Called initialize()
Called prefire()
Called fire()
Read input token from inputA with value 0.0
Next port to read input from is inputB
Called postfire()
Called prefire()
Called fire()
Read input token from inputB with value 0.0
Sent output token with value 0.0
Next port to read input from is inputA
Called postfire()
Called prefire()
Called fire()
Checking for deadlock:
There are 1 Blocked actors, 0 Stopped actors, and 4 active threads.
Waiting for actors to stop.
-- Read input: 0.0, which is expected to match: 0.0
Called prefire()
Called fire()
Called postfire()
Called prefire()
Called fire()
Called postfire()
Called prefire()
Called fire()
Checking for deadlock:
There are 3 Blocked actors, 0 Stopped actors, and 4 active threads.
Waiting for actors to stop.
Read input token from inputA with value 1.0
Sent output token with value 0.0
Next port to read input from is inputB
Called postfire()
Called prefire()
Called fire()
Read input token from inputB with value 1.5
Checking for deadlock:
There are 1 Blocked actors, 0 Stopped actors, and 4 active threads.
Waiting for actors to stop.
-- Read input: 0.0, which is expected to match: 0.0
Called prefire()
Called fire()
Called postfire()
Called prefire()
Called fire()
Called postfire()
Called prefire()
Called fire()
Checking for deadlock:
There are 3 Blocked actors, 0 Stopped actors, and 4 active threads.
Waiting for actors to stop.
Sent output token with value 1.0
Next port to read input from is inputA
Called postfire()
Called prefire()
Called fire()
Read input token from inputA with value 2.0
Checking for deadlock:
There are 2 Blocked actors, 0 Stopped actors, and 4 active threads.
Waiting for actors to stop.
-- Read input: 1.0, which is expected to match: 1.0
Called prefire()
Called fire()
Called postfire()
Called prefire()
Called fire()
Checking for deadlock:
There are 3 Blocked actors, 0 Stopped actors, and 4 active threads.
Waiting for actors to stop.
Sent output token with value 1.5
Checking for deadlock:
There are 2 Blocked actors, 0 Stopped actors, and 4 active threads.
Waiting for actors to stop.
-- Read input: 1.5, which is expected to match: 1.5
Called prefire()
Called fire()
Checking for deadlock:
There are 3 Blocked actors, 0 Stopped actors, and 4 active threads.
Waiting for actors to stop.
Next port to read input from is inputB
Called postfire()
Called prefire()
Called fire()
Checking for deadlock:
There are 2 Blocked actors, 0 Stopped actors, and 4 active threads.
Waiting for actors to stop.
Called postfire()
Called prefire()
Called fire()
Checking for deadlock:
There are 3 Blocked actors, 0 Stopped actors, and 4 active threads.
Waiting for actors to stop.
Read input token from inputB with value 3.0
Checking for deadlock:
There are 2 Blocked actors, 0 Stopped actors, and 4 active threads.
Waiting for actors to stop.
-- Read input: 2.0, which is expected to match: 2.0
Called prefire()
Called fire()
Checking for deadlock:
There are 3 Blocked actors, 0 Stopped actors, and 4 active threads.
Waiting for actors to stop.
Sent output token with value 2.0
Next port to read input from is inputA
Called postfire()
Called prefire()
Called fire()
Checking for deadlock:
There are 2 Blocked actors, 0 Stopped actors, and 4 active threads.
Waiting for actors to stop.
Called postfire()
Called prefire()
Called fire()
Checking for deadlock:
There are 3 Blocked actors, 0 Stopped actors, and 4 active threads.
Waiting for actors to stop.
Read input token from inputA with value 3.0
Sent output token with value 3.0
Next port to read input from is inputB
Called postfire()
Called prefire()
Called fire()
Read input token from inputB with value 4.5
Checking for deadlock:
There are 2 Blocked actors, 0 Stopped actors, and 4 active threads.
Waiting for actors to stop.
Called postfire()
Called prefire()
Called fire()
-- Read input: 3.0, which is expected to match: 3.0
Called prefire()
Called fire()
Checking for deadlock:
There are 3 Blocked actors, 0 Stopped actors, and 4 active threads.
Waiting for actors to stop.
-- Read input: 3.0, which is expected to match: 3.0
Called prefire()
Called fire()
Checking for deadlock:
There are 3 Blocked actors, 0 Stopped actors, and 4 active threads.
Waiting for actors to stop.
Sent output token with value 3.0
Next port to read input from is inputA
Called postfire()
Called prefire()
Called fire()
Checking for deadlock:
There are 2 Blocked actors, 0 Stopped actors, and 4 active threads.
Waiting for actors to stop.
Called postfire()
Called prefire()
Called fire()
Checking for deadlock:
There are 3 Blocked actors, 0 Stopped actors, and 4 active threads.
Waiting for actors to stop.
Read input token from inputA with value 4.0
Sent output token with value 4.0
Next port to read input from is inputA
Called postfire()
Called prefire()
Called fire()
Read input token from inputA with value 5.0
Checking for deadlock:
There are 2 Blocked actors, 0 Stopped actors, and 4 active threads.
Waiting for actors to stop.
-- Read input: 4.0, which is expected to match: 4.0
Called prefire()
Called fire()
Past the end of training data. Read and discard all inputs.
Called postfire()
Called prefire()
Called fire()
Checking for deadlock:
There are 3 Blocked actors, 0 Stopped actors, and 4 active threads.
Waiting for actors to stop.
Sent output token with value 4.5
Next port to read input from is inputB
Called postfire()
Called prefire()
Called fire()
Read input token from inputB with value 6.0
Checking for deadlock:
There are 2 Blocked actors, 0 Stopped actors, and 4 active threads.
Waiting for actors to stop.
Called postfire()
Called prefire()
Called fire()
Called prefire()
Called fire()
Past the end of training data. Read and discard all inputs.
Checking for deadlock:
There are 3 Blocked actors, 0 Stopped actors, and 4 active threads.
Waiting for actors to stop.
Called prefire()
Called fire()
Past the end of training data. Read and discard all inputs.
Checking for deadlock:
There are 3 Blocked actors, 0 Stopped actors, and 4 active threads.
Waiting for actors to stop.
Sent output token with value 5.0
Next port to read input from is inputA
Called postfire()
Called prefire()
Called fire()
Checking for deadlock:
There are 2 Blocked actors, 0 Stopped actors, and 4 active threads.
Waiting for actors to stop.
Called postfire()
Called prefire()
Called fire()
Checking for deadlock:
There are 3 Blocked actors, 0 Stopped actors, and 4 active threads.
Waiting for actors to stop.
Read input token from inputA with value 6.0
Checking for deadlock:
There are 2 Blocked actors, 0 Stopped actors, and 4 active threads.
Waiting for actors to stop.
Called prefire()
Called fire()
Past the end of training data. Read and discard all inputs.
Checking for deadlock:
There are 3 Blocked actors, 0 Stopped actors, and 4 active threads.
Waiting for actors to stop.
Sent output token with value 6.0
Next port to read input from is inputB
Called postfire()
Called prefire()
Called fire()
Called postfire()
Called prefire()
Called fire()
Checking for deadlock:
There are 3 Blocked actors, 0 Stopped actors, and 4 active threads.
Waiting for actors to stop.
Read input token from inputB with value 7.5
Called prefire()
Called fire()
Past the end of training data. Read and discard all inputs.
Checking for deadlock:
There are 3 Blocked actors, 0 Stopped actors, and 4 active threads.
Waiting for actors to stop.
Sent output token with value 6.0
Next port to read input from is inputA
Called postfire()
Called prefire()
Called fire()
Checking for deadlock:
There are 2 Blocked actors, 0 Stopped actors, and 4 active threads.
Waiting for actors to stop.
Called postfire()
Called prefire()
Called fire()
Checking for deadlock:
There are 3 Blocked actors, 0 Stopped actors, and 4 active threads.
Waiting for actors to stop.
Read input token from inputA with value 7.0
Checking for deadlock:
There are 2 Blocked actors, 0 Stopped actors, and 4 active threads.
Waiting for actors to stop.
Called prefire()
Called fire()
Past the end of training data. Read and discard all inputs.
Checking for deadlock:
There are 3 Blocked actors, 0 Stopped actors, and 4 active threads.
Waiting for actors to stop.
Sent output token with value 7.0
Next port to read input from is inputA
Called postfire()
Called prefire()
Called fire()
Checking for deadlock:
There are 2 Blocked actors, 0 Stopped actors, and 4 active threads.
Waiting for actors to stop.
-- Thread wrapup() called.
Called wrapup()
Thread .top.Ramp is exiting.
Checking for deadlock:
There are 2 Blocked actors, 0 Stopped actors, and 3 active threads.
Waiting for actors to stop.
-- Thread stopped.
Read input token from inputA with value 8.0
Called prefire()
Called fire()
Past the end of training data. Read and discard all inputs.
Checking for deadlock:
There are 2 Blocked actors, 0 Stopped actors, and 3 active threads.
Waiting for actors to stop.
Sent output token with value 7.5
Next port to read input from is inputB
Called postfire()
Called prefire()
Called fire()
Called postfire()
Called prefire()
Called fire()
Checking for deadlock:
There are 2 Blocked actors, 0 Stopped actors, and 3 active threads.
Waiting for actors to stop.
Read input token from inputB with value 9.0
Called prefire()
Called fire()
Past the end of training data. Read and discard all inputs.
Checking for deadlock:
There are 2 Blocked actors, 0 Stopped actors, and 3 active threads.
Waiting for actors to stop.
Sent output token with value 8.0
Next port to read input from is inputA
Called postfire()
Called prefire()
Called fire()
Read input token from inputA with value 9.0
Called prefire()
Called fire()
Past the end of training data. Read and discard all inputs.
Checking for deadlock:
There are 2 Blocked actors, 0 Stopped actors, and 3 active threads.
Waiting for actors to stop.
Sent output token with value 9.0
Next port to read input from is inputB
Called postfire()
Called prefire()
Called fire()
Checking for deadlock:
There are 1 Blocked actors, 0 Stopped actors, and 3 active threads.
Waiting for actors to stop.
Called postfire()
Called prefire()
Called fire()
Checking for deadlock:
There are 2 Blocked actors, 0 Stopped actors, and 3 active threads.
Waiting for actors to stop.
Read input token from inputB with value 10.5
Checking for deadlock:
There are 1 Blocked actors, 0 Stopped actors, and 3 active threads.
Waiting for actors to stop.
Called prefire()
Called fire()
Past the end of training data. Read and discard all inputs.
Checking for deadlock:
There are 2 Blocked actors, 0 Stopped actors, and 3 active threads.
Waiting for actors to stop.
Sent output token with value 9.0
Next port to read input from is inputA
Called postfire()
Called prefire()
Called fire()
Checking for deadlock:
There are 3 Blocked actors, 0 Stopped actors, and 3 active threads.
Actors have stopped.
Checking for deadlock:
There are 3 Blocked actors, 0 Stopped actors, and 3 active threads.
Deadlock detected.
Resolving Deadlock
Checking for deadlock:
There are 3 Blocked actors, 0 Stopped actors, and 3 active threads.
Artificial Deadlock - increasing queue capacity.
increasing the capacity of receiver ptolemy.actor.TypedIOPort {.top.OrderedMerge.inputB} to 2
Director: Called postfire().
Called postfire().
_stopRequested = false
_stopFireRequested = false
Returning from postfire(): true
Called fire().
Checking for deadlock:
There are 2 Blocked actors, 0 Stopped actors, and 3 active threads.
Waiting for actors to stop.
-- Thread wrapup() called.
Called wrapup()
Thread .top.Ramp2 is exiting.
-- Thread stopped.
Checking for deadlock:
There are 2 Blocked actors, 0 Stopped actors, and 2 active threads.
Actors have stopped.
Checking for deadlock:
There are 2 Blocked actors, 0 Stopped actors, and 2 active threads.
Deadlock detected.
Resolving Deadlock
Checking for deadlock:
There are 2 Blocked actors, 0 Stopped actors, and 2 active threads.
Deadlock detected: no processes blocked on write, but some are blocked on read.
Called postfire().
_stopRequested = false
_stopFireRequested = false
Returning from postfire(): false
Finished deactivating branches.
Called wrapup().
-- Thread wrapup() called.
Called wrapup()
-- Thread wrapup() called.
Called wrapup()
Thread .top.Test is exiting.
-- Thread stopped.
-- Blocked Receiver call threw TerminateProcessException.
Thread .top.OrderedMerge is exiting.
-- Thread stopped.
-- Blocked Receiver call threw TerminateProcessException.
52 ms. Memory: 129024K Free: 93762K (73%)
/home/travis/build/icyphy/ptII/ptolemy/actor/lib/test/Publisher.tcl
16 ms. Memory: 129024K Free: 87604K (68%)
6 ms. Memory: 129024K Free: 81988K (64%)
4 ms. Memory: 129024K Free: 109244K (85%)
10 ms. Memory: 129024K Free: 108259K (84%)
3 ms. Memory: 129024K Free: 107251K (83%)
11 ms. Memory: 129024K Free: 106756K (83%)
3 ms. Memory: 129024K Free: 105732K (82%)
3 ms. Memory: 129024K Free: 105218K (82%)
14 ms. Memory: 129024K Free: 94978K (74%)
3 ms. Memory: 129024K Free: 91396K (71%)
2 ms. Memory: 129024K Free: 90372K (70%)
3 ms. Memory: 129024K Free: 88324K (68%)
6 ms. Memory: 129024K Free: 80627K (62%)
12 ms. Memory: 129024K Free: 71426K (55%)
7 ms. Memory: 129024K Free: 60162K (47%)
/home/travis/build/icyphy/ptII/ptolemy/actor/lib/test/Pulse.tcl
3 ms. Memory: 155648K Free: 108087K (69%)
8 ms. Memory: 155648K Free: 107559K (69%)
1 ms. Memory: 155648K Free: 107063K (69%)
1 ms. Memory: 155648K Free: 106535K (68%)
3 ms. Memory: 155648K Free: 106039K (68%)
5 ms. Memory: 155648K Free: 105015K (67%)
5 ms. Memory: 155648K Free: 103991K (67%)
4 ms. Memory: 155648K Free: 102967K (66%)
2 ms. Memory: 155648K Free: 102453K (66%)
/home/travis/build/icyphy/ptII/ptolemy/actor/lib/test/Ramp.tcl
5 ms. Memory: 155648K Free: 100391K (64%)
3 ms. Memory: 155648K Free: 99895K (64%)
2 ms. Memory: 155648K Free: 98871K (64%)
2 ms. Memory: 155648K Free: 98343K (63%)
4 ms. Memory: 155648K Free: 97303K (63%)
8 ms. Memory: 155648K Free: 96309K (62%)
5 ms. Memory: 155648K Free: 95799K (62%)
5 actors
6000 microseconds per iteration to create
10 ms. Memory: 155648K Free: 92727K (60%)
1 ms. Memory: 155648K Free: 92213K (59%)
3 ms. Memory: 155648K Free: 91703K (59%)
2 ms. Memory: 155648K Free: 91175K (59%)
50 actors
48000 microseconds per iteration to create
40 ms. Memory: 155648K Free: 75319K (48%)
5 ms. Memory: 155648K Free: 74295K (48%)
4 ms. Memory: 155648K Free: 73271K (47%)
17 ms. Memory: 155648K Free: 72247K (46%)
500 actors
1477000 microseconds per iteration to create
225 ms. Memory: 155648K Free: 130308K (84%)
31 ms. Memory: 155648K Free: 125188K (80%)
33 ms. Memory: 155648K Free: 120051K (77%)
27 ms. Memory: 155648K Free: 114948K (74%)
/home/travis/build/icyphy/ptII/ptolemy/actor/lib/test/RampContinuous.tcl
7 ms. Memory: 155648K Free: 113414K (73%)
/home/travis/build/icyphy/ptII/ptolemy/actor/lib/test/RecordAssembler.tcl
4 ms. Memory: 155648K Free: 111876K (72%)
2 ms. Memory: 155648K Free: 110838K (71%)
/home/travis/build/icyphy/ptII/ptolemy/actor/lib/test/RecordDisassembler.tcl
12 ms. Memory: 155648K Free: 109318K (70%)
4 ms. Memory: 155648K Free: 108294K (70%)
3 ms. Memory: 155648K Free: 107270K (69%)
/home/travis/build/icyphy/ptII/ptolemy/actor/lib/test/Scale.tcl
2 ms. Memory: 155648K Free: 105222K (68%)
1 ms. Memory: 155648K Free: 104694K (67%)
1 ms. Memory: 155648K Free: 103654K (67%)
1 ms. Memory: 155648K Free: 103174K (66%)
6 ms. Memory: 155648K Free: 102150K (66%)
/home/travis/build/icyphy/ptII/ptolemy/actor/lib/test/SequentialClock.tcl
preinitializing
resolving types
initializing
executing number 1
wrapping up
idle
2 ms. Memory: 155648K Free: 101126K (65%)
Completed execution with 5 iterations
preinitializing
resolving types
initializing
executing number 1
wrapping up
idle
1 ms. Memory: 155648K Free: 100612K (65%)
Completed execution with 5 iterations
preinitializing
resolving types
initializing
executing number 1
wrapping up
idle
1 ms. Memory: 155648K Free: 100102K (64%)
Completed execution with 5 iterations
/home/travis/build/icyphy/ptII/ptolemy/actor/lib/test/SetVariable.tcl
3 ms. Memory: 155648K Free: 98054K (63%)
/home/travis/build/icyphy/ptII/ptolemy/actor/lib/test/Sinewave.tcl
/home/travis/build/icyphy/ptII/ptolemy/actor/lib/test/SubscriptionAggregator.tcl
8 ms. Memory: 155648K Free: 86790K (56%)
2 ms. Memory: 155648K Free: 86270K (55%)
1 ms. Memory: 155648K Free: 85766K (55%)
1 ms. Memory: 155648K Free: 85252K (55%)
13 ms. Memory: 155648K Free: 81670K (52%)
8 ms. Memory: 155648K Free: 79622K (51%)
...............................................................833 ms. Memory: 251904K Free: 120556K (48%)
/home/travis/build/icyphy/ptII/ptolemy/actor/lib/test/Test.tcl
 The next command will produce a warning about training mode,
   which may be ignored.
3 ms. Memory: 251904K Free: 118508K (47%)
4 ms. Memory: 251904K Free: 117998K (47%)
1 ms. Memory: 251904K Free: 117470K (47%)
1 ms. Memory: 251904K Free: 116974K (46%)
1 ms. Memory: 251904K Free: 115950K (46%)
8 ms. Memory: 251904K Free: 114926K (46%)
3 ms. Memory: 251904K Free: 113358K (45%)
 The next command will produce a warning about training mode,
   which may be ignored.
3 ms. Memory: 251904K Free: 111310K (44%)
 The next command will produce a warning about training mode,
   which may be ignored.
2 ms. Memory: 251904K Free: 110286K (44%)
1 ms. Memory: 251904K Free: 109806K (44%)
1 ms. Memory: 251904K Free: 109292K (43%)
1 ms. Memory: 251904K Free: 108782K (43%)
6 ms. Memory: 251904K Free: 107758K (43%)
3 ms. Memory: 251904K Free: 103662K (41%)
/home/travis/build/icyphy/ptII/ptolemy/actor/lib/test/TestExceptionHandler.tcl
 The next command will produce a warning about training mode,
   which may be ignored.
1 ms. Memory: 251904K Free: 102638K (41%)
1 ms. Memory: 251904K Free: 102110K (41%)
1 ms. Memory: 251904K Free: 101614K (40%)
/home/travis/build/icyphy/ptII/ptolemy/actor/lib/test/UnionDisassembler.tcl
23 ms. Memory: 251904K Free: 94446K (37%)
/home/travis/build/icyphy/ptII/ptolemy/actor/lib/test/VariableClock.tcl
preinitializing
resolving types
initializing
executing number 1
wrapping up
idle
8 ms. Memory: 251904K Free: 92398K (37%)
Completed execution with 11 iterations
preinitializing
resolving types
initializing
executing number 1
wrapping up
idle
2 ms. Memory: 251904K Free: 90854K (36%)
Completed execution with 10 iterations
04/19/20 02:04:23
Failed: 0  Total Tests: 233  ((Passed: 233, Newly Passed: 0)  Known Failed: 0) /home/travis/build/icyphy/ptII/ptolemy/actor/lib/test
----------------- testing (KnownFailure) /home/travis/build/icyphy/ptII/ptolemy/actor/lib/test/auto/knownFailedTests/PublisherPortToplevelSubscriber.xml
0 ms. Memory: 251904K Free: 87278K (35%)
Known Failure: java.lang.reflect.InvocationTargetException
----------------- testing (KnownFailure) /home/travis/build/icyphy/ptII/ptolemy/actor/lib/test/auto/knownFailedTests/PublisherSubscriberPortToplevel.xml
0 ms. Memory: 251904K Free: 83692K (33%)
Known Failure: java.lang.reflect.InvocationTargetException
----------------- testing (KnownFailure) /home/travis/build/icyphy/ptII/ptolemy/actor/lib/test/auto/knownFailedTests/PublisherSubscriptionAggregatorPort.xml
1 ms. Memory: 251904K Free: 78572K (31%)
Known Failure: java.lang.reflect.InvocationTargetException
----------------- testing (KnownFailure) /home/travis/build/icyphy/ptII/ptolemy/actor/lib/test/auto/knownFailedTests/sizedarray3.xml
3 ms. Memory: 251904K Free: 204110K (81%)
Known Failure: java.lang.reflect.InvocationTargetException
No auto/linux-amd64/*.xml tests in /home/travis/build/icyphy/ptII/ptolemy/actor/lib/test
AutoTests.java: About to close Vertx.
AutoTests.java: Vertx closed.

===========================================================================================
----------------- testing Sun Apr 19 14:04:23 UTC 2020 /home/travis/build/icyphy/ptII/ptolemy/actor/lib/test/auto/AbsoluteValue.xml
----------------- Instantiating /home/travis/build/icyphy/ptII/ptolemy/actor/lib/test/auto/AbsoluteValue.xml
10 ms. Memory: 251904K Free: 181068K (72%)
----------------- Invoking toplevel() on ptolemy.moml.MoMLSimpleApplication@3e119119
----------------- Done invoking toplevel() on ptolemy.moml.MoMLSimpleApplication@3e119119
reloadAllAccessors: .AbsoluteValue

===========================================================================================
----------------- testing Sun Apr 19 14:04:24 UTC 2020 /home/travis/build/icyphy/ptII/ptolemy/actor/lib/test/auto/AbsoluteValue2.xml
----------------- Instantiating /home/travis/build/icyphy/ptII/ptolemy/actor/lib/test/auto/AbsoluteValue2.xml
6 ms. Memory: 251904K Free: 173900K (69%)
----------------- Invoking toplevel() on ptolemy.moml.MoMLSimpleApplication@2c7e0753
----------------- Done invoking toplevel() on ptolemy.moml.MoMLSimpleApplication@2c7e0753
reloadAllAccessors: .AbsoluteValue2

===========================================================================================
----------------- testing Sun Apr 19 14:04:24 UTC 2020 /home/travis/build/icyphy/ptII/ptolemy/actor/lib/test/auto/Accumulator.xml
----------------- Instantiating /home/travis/build/icyphy/ptII/ptolemy/actor/lib/test/auto/Accumulator.xml
4 ms. Memory: 251904K Free: 167756K (67%)
----------------- Invoking toplevel() on ptolemy.moml.MoMLSimpleApplication@43cc9039
----------------- Done invoking toplevel() on ptolemy.moml.MoMLSimpleApplication@43cc9039
reloadAllAccessors: .Accumulator

===========================================================================================
----------------- testing Sun Apr 19 14:04:24 UTC 2020 /home/travis/build/icyphy/ptII/ptolemy/actor/lib/test/auto/Accumulator2.xml
----------------- Instantiating /home/travis/build/icyphy/ptII/ptolemy/actor/lib/test/auto/Accumulator2.xml
2 ms. Memory: 251904K Free: 162636K (65%)
----------------- Invoking toplevel() on ptolemy.moml.MoMLSimpleApplication@7947b693
----------------- Done invoking toplevel() on ptolemy.moml.MoMLSimpleApplication@7947b693
reloadAllAccessors: .Accumulator2

===========================================================================================
----------------- testing Sun Apr 19 14:04:24 UTC 2020 /home/travis/build/icyphy/ptII/ptolemy/actor/lib/test/auto/Accumulator3.xml
----------------- Instantiating /home/travis/build/icyphy/ptII/ptolemy/actor/lib/test/auto/Accumulator3.xml
3 ms. Memory: 251904K Free: 158030K (63%)
----------------- Invoking toplevel() on ptolemy.moml.MoMLSimpleApplication@6867408
----------------- Done invoking toplevel() on ptolemy.moml.MoMLSimpleApplication@6867408
reloadAllAccessors: .Accumulator3

===========================================================================================
----------------- testing Sun Apr 19 14:04:24 UTC 2020 /home/travis/build/icyphy/ptII/ptolemy/actor/lib/test/auto/ArrayAppend.xml
----------------- Instantiating /home/travis/build/icyphy/ptII/ptolemy/actor/lib/test/auto/ArrayAppend.xml
5 ms. Memory: 251904K Free: 151886K (60%)
----------------- Invoking toplevel() on ptolemy.moml.MoMLSimpleApplication@2bf2b97c
----------------- Done invoking toplevel() on ptolemy.moml.MoMLSimpleApplication@2bf2b97c
reloadAllAccessors: .ArrayAppend

===========================================================================================
----------------- testing Sun Apr 19 14:04:24 UTC 2020 /home/travis/build/icyphy/ptII/ptolemy/actor/lib/test/auto/ArrayAppend2.xml
----------------- Instantiating /home/travis/build/icyphy/ptII/ptolemy/actor/lib/test/auto/ArrayAppend2.xml
454 ms. Memory: 251904K Free: 197504K (78%)
----------------- Invoking toplevel() on ptolemy.moml.MoMLSimpleApplication@577728d3
----------------- Done invoking toplevel() on ptolemy.moml.MoMLSimpleApplication@577728d3
reloadAllAccessors: .ArrayAppend2

===========================================================================================
----------------- testing Sun Apr 19 14:04:24 UTC 2020 /home/travis/build/icyphy/ptII/ptolemy/actor/lib/test/auto/ArrayAppend3.xml
----------------- Instantiating /home/travis/build/icyphy/ptII/ptolemy/actor/lib/test/auto/ArrayAppend3.xml
2 ms. Memory: 251904K Free: 191360K (76%)
----------------- Invoking toplevel() on ptolemy.moml.MoMLSimpleApplication@2a918a6a
----------------- Done invoking toplevel() on ptolemy.moml.MoMLSimpleApplication@2a918a6a
reloadAllAccessors: .ArrayAppend3

===========================================================================================
----------------- testing Sun Apr 19 14:04:24 UTC 2020 /home/travis/build/icyphy/ptII/ptolemy/actor/lib/test/auto/ArrayAppend4.xml
----------------- Instantiating /home/travis/build/icyphy/ptII/ptolemy/actor/lib/test/auto/ArrayAppend4.xml
2 ms. Memory: 251904K Free: 186240K (74%)
----------------- Invoking toplevel() on ptolemy.moml.MoMLSimpleApplication@2c818c8d
----------------- Done invoking toplevel() on ptolemy.moml.MoMLSimpleApplication@2c818c8d
reloadAllAccessors: .ArrayAppend4

===========================================================================================
----------------- testing Sun Apr 19 14:04:24 UTC 2020 /home/travis/build/icyphy/ptII/ptolemy/actor/lib/test/auto/ArrayAppend5.xml
----------------- Instantiating /home/travis/build/icyphy/ptII/ptolemy/actor/lib/test/auto/ArrayAppend5.xml
2 ms. Memory: 251904K Free: 181120K (72%)
----------------- Invoking toplevel() on ptolemy.moml.MoMLSimpleApplication@5398a308
----------------- Done invoking toplevel() on ptolemy.moml.MoMLSimpleApplication@5398a308
reloadAllAccessors: .ArrayAppend5

===========================================================================================
----------------- testing Sun Apr 19 14:04:24 UTC 2020 /home/travis/build/icyphy/ptII/ptolemy/actor/lib/test/auto/ArrayAppend6.xml
----------------- Instantiating /home/travis/build/icyphy/ptII/ptolemy/actor/lib/test/auto/ArrayAppend6.xml
2 ms. Memory: 251904K Free: 175490K (70%)
----------------- Invoking toplevel() on ptolemy.moml.MoMLSimpleApplication@7e70d27b
----------------- Done invoking toplevel() on ptolemy.moml.MoMLSimpleApplication@7e70d27b
reloadAllAccessors: .ArrayAppend6

===========================================================================================
----------------- testing Sun Apr 19 14:04:24 UTC 2020 /home/travis/build/icyphy/ptII/ptolemy/actor/lib/test/auto/ArrayAppendPerformanceTest.xml
----------------- Instantiating /home/travis/build/icyphy/ptII/ptolemy/actor/lib/test/auto/ArrayAppendPerformanceTest.xml
37 ms. Memory: 251904K Free: 164226K (65%)
----------------- Invoking toplevel() on ptolemy.moml.MoMLSimpleApplication@1f1577f
----------------- Done invoking toplevel() on ptolemy.moml.MoMLSimpleApplication@1f1577f
reloadAllAccessors: .ArrayAppendPerformanceTest

===========================================================================================
----------------- testing Sun Apr 19 14:04:24 UTC 2020 /home/travis/build/icyphy/ptII/ptolemy/actor/lib/test/auto/ArrayAppendWithEmptyInput.xml
----------------- Instantiating /home/travis/build/icyphy/ptII/ptolemy/actor/lib/test/auto/ArrayAppendWithEmptyInput.xml
12 ms. Memory: 251904K Free: 156034K (62%)
----------------- Invoking toplevel() on ptolemy.moml.MoMLSimpleApplication@55241434
----------------- Done invoking toplevel() on ptolemy.moml.MoMLSimpleApplication@55241434
reloadAllAccessors: .ArrayAppendWithEmptyInput

===========================================================================================
----------------- testing Sun Apr 19 14:04:24 UTC 2020 /home/travis/build/icyphy/ptII/ptolemy/actor/lib/test/auto/ArrayAverage.xml
----------------- Instantiating /home/travis/build/icyphy/ptII/ptolemy/actor/lib/test/auto/ArrayAverage.xml
4 ms. Memory: 251904K Free: 148352K (59%)
----------------- Invoking toplevel() on ptolemy.moml.MoMLSimpleApplication@73edaee
----------------- Done invoking toplevel() on ptolemy.moml.MoMLSimpleApplication@73edaee
reloadAllAccessors: .ArrayAverage

===========================================================================================
----------------- testing Sun Apr 19 14:04:24 UTC 2020 /home/travis/build/icyphy/ptII/ptolemy/actor/lib/test/auto/ArrayContains.xml
----------------- Instantiating /home/travis/build/icyphy/ptII/ptolemy/actor/lib/test/auto/ArrayContains.xml
9 ms. Memory: 251904K Free: 142208K (56%)
----------------- Invoking toplevel() on ptolemy.moml.MoMLSimpleApplication@740962f2
----------------- Done invoking toplevel() on ptolemy.moml.MoMLSimpleApplication@740962f2
reloadAllAccessors: .ArrayContains

===========================================================================================
----------------- testing Sun Apr 19 14:04:25 UTC 2020 /home/travis/build/icyphy/ptII/ptolemy/actor/lib/test/auto/ArrayElement.xml
----------------- Instantiating /home/travis/build/icyphy/ptII/ptolemy/actor/lib/test/auto/ArrayElement.xml
6 ms. Memory: 251904K Free: 136578K (54%)
----------------- Invoking toplevel() on ptolemy.moml.MoMLSimpleApplication@7edeacd1
----------------- Done invoking toplevel() on ptolemy.moml.MoMLSimpleApplication@7edeacd1
reloadAllAccessors: .ArrayElement

===========================================================================================
----------------- testing Sun Apr 19 14:04:25 UTC 2020 /home/travis/build/icyphy/ptII/ptolemy/actor/lib/test/auto/ArrayElementAsMatrix.xml
----------------- Instantiating /home/travis/build/icyphy/ptII/ptolemy/actor/lib/test/auto/ArrayElementAsMatrix.xml
17 ms. Memory: 251904K Free: 126848K (50%)
----------------- Invoking toplevel() on ptolemy.moml.MoMLSimpleApplication@70d77eeb
----------------- Done invoking toplevel() on ptolemy.moml.MoMLSimpleApplication@70d77eeb
reloadAllAccessors: .ArrayElementAsMatrix

===========================================================================================
----------------- testing Sun Apr 19 14:04:25 UTC 2020 /home/travis/build/icyphy/ptII/ptolemy/actor/lib/test/auto/ArrayElementI.xml
----------------- Instantiating /home/travis/build/icyphy/ptII/ptolemy/actor/lib/test/auto/ArrayElementI.xml
3 ms. Memory: 251904K Free: 121218K (48%)
----------------- Invoking toplevel() on ptolemy.moml.MoMLSimpleApplication@598caf33
----------------- Done invoking toplevel() on ptolemy.moml.MoMLSimpleApplication@598caf33
reloadAllAccessors: .ArrayElementI

===========================================================================================
----------------- testing Sun Apr 19 14:04:25 UTC 2020 /home/travis/build/icyphy/ptII/ptolemy/actor/lib/test/auto/ArrayExtract.xml
----------------- Instantiating /home/travis/build/icyphy/ptII/ptolemy/actor/lib/test/auto/ArrayExtract.xml
4 ms. Memory: 251904K Free: 113026K (45%)
----------------- Invoking toplevel() on ptolemy.moml.MoMLSimpleApplication@7e62f666
----------------- Done invoking toplevel() on ptolemy.moml.MoMLSimpleApplication@7e62f666
reloadAllAccessors: .ArrayExtract

===========================================================================================
----------------- testing Sun Apr 19 14:04:25 UTC 2020 /home/travis/build/icyphy/ptII/ptolemy/actor/lib/test/auto/ArrayExtract2.xml
----------------- Instantiating /home/travis/build/icyphy/ptII/ptolemy/actor/lib/test/auto/ArrayExtract2.xml
4 ms. Memory: 251904K Free: 107361K (43%)
----------------- Invoking toplevel() on ptolemy.moml.MoMLSimpleApplication@489b37c0
----------------- Done invoking toplevel() on ptolemy.moml.MoMLSimpleApplication@489b37c0
reloadAllAccessors: .ArrayExtract2

===========================================================================================
----------------- testing Sun Apr 19 14:04:25 UTC 2020 /home/travis/build/icyphy/ptII/ptolemy/actor/lib/test/auto/ArrayLength.xml
----------------- Instantiating /home/travis/build/icyphy/ptII/ptolemy/actor/lib/test/auto/ArrayLength.xml
1 ms. Memory: 251904K Free: 103810K (41%)
----------------- Invoking toplevel() on ptolemy.moml.MoMLSimpleApplication@7af44dbd
----------------- Done invoking toplevel() on ptolemy.moml.MoMLSimpleApplication@7af44dbd
reloadAllAccessors: .ArrayLength

===========================================================================================
----------------- testing Sun Apr 19 14:04:25 UTC 2020 /home/travis/build/icyphy/ptII/ptolemy/actor/lib/test/auto/ArrayLevelCrossing.xml
----------------- Instantiating /home/travis/build/icyphy/ptII/ptolemy/actor/lib/test/auto/ArrayLevelCrossing.xml
3 ms. Memory: 251904K Free: 95618K (38%)
----------------- Invoking toplevel() on ptolemy.moml.MoMLSimpleApplication@74bde07
----------------- Done invoking toplevel() on ptolemy.moml.MoMLSimpleApplication@74bde07
reloadAllAccessors: .ArrayLevelCrossing

===========================================================================================
----------------- testing Sun Apr 19 14:04:25 UTC 2020 /home/travis/build/icyphy/ptII/ptolemy/actor/lib/test/auto/ArrayLevelCrossing2.xml
----------------- Instantiating /home/travis/build/icyphy/ptII/ptolemy/actor/lib/test/auto/ArrayLevelCrossing2.xml
3 ms. Memory: 251904K Free: 88960K (35%)
----------------- Invoking toplevel() on ptolemy.moml.MoMLSimpleApplication@215fcaf8
----------------- Done invoking toplevel() on ptolemy.moml.MoMLSimpleApplication@215fcaf8
reloadAllAccessors: .ArrayLevelCrossing2

===========================================================================================
----------------- testing Sun Apr 19 14:04:25 UTC 2020 /home/travis/build/icyphy/ptII/ptolemy/actor/lib/test/auto/ArrayPeakSearch.xml
----------------- Instantiating /home/travis/build/icyphy/ptII/ptolemy/actor/lib/test/auto/ArrayPeakSearch.xml
5 ms. Memory: 251904K Free: 79744K (32%)
----------------- Invoking toplevel() on ptolemy.moml.MoMLSimpleApplication@e829ab2
----------------- Done invoking toplevel() on ptolemy.moml.MoMLSimpleApplication@e829ab2
reloadAllAccessors: .ArrayPeakSearch

===========================================================================================
----------------- testing Sun Apr 19 14:04:25 UTC 2020 /home/travis/build/icyphy/ptII/ptolemy/actor/lib/test/auto/ArrayPeakSearch2.xml
----------------- Instantiating /home/travis/build/icyphy/ptII/ptolemy/actor/lib/test/auto/ArrayPeakSearch2.xml
4 ms. Memory: 251904K Free: 69489K (28%)
----------------- Invoking toplevel() on ptolemy.moml.MoMLSimpleApplication@402ef7ec
----------------- Done invoking toplevel() on ptolemy.moml.MoMLSimpleApplication@402ef7ec
reloadAllAccessors: .ArrayPeakSearch2

===========================================================================================
----------------- testing Sun Apr 19 14:04:25 UTC 2020 /home/travis/build/icyphy/ptII/ptolemy/actor/lib/test/auto/ArrayPeakSearch3.xml
----------------- Instantiating /home/travis/build/icyphy/ptII/ptolemy/actor/lib/test/auto/ArrayPeakSearch3.xml
5 ms. Memory: 251904K Free: 198521K (79%)
----------------- Invoking toplevel() on ptolemy.moml.MoMLSimpleApplication@14e9660d
----------------- Done invoking toplevel() on ptolemy.moml.MoMLSimpleApplication@14e9660d
reloadAllAccessors: .ArrayPeakSearch3

===========================================================================================
----------------- testing Sun Apr 19 14:04:25 UTC 2020 /home/travis/build/icyphy/ptII/ptolemy/actor/lib/test/auto/ArrayRemoveElement.xml
----------------- Instantiating /home/travis/build/icyphy/ptII/ptolemy/actor/lib/test/auto/ArrayRemoveElement.xml
3 ms. Memory: 251904K Free: 190336K (76%)
----------------- Invoking toplevel() on ptolemy.moml.MoMLSimpleApplication@4c33b965
----------------- Done invoking toplevel() on ptolemy.moml.MoMLSimpleApplication@4c33b965
reloadAllAccessors: .ArrayRemoveElement

===========================================================================================
----------------- testing Sun Apr 19 14:04:25 UTC 2020 /home/travis/build/icyphy/ptII/ptolemy/actor/lib/test/auto/ArraySort.xml
----------------- Instantiating /home/travis/build/icyphy/ptII/ptolemy/actor/lib/test/auto/ArraySort.xml
5 ms. Memory: 251904K Free: 181634K (72%)
----------------- Invoking toplevel() on ptolemy.moml.MoMLSimpleApplication@e1aa739
----------------- Done invoking toplevel() on ptolemy.moml.MoMLSimpleApplication@e1aa739
reloadAllAccessors: .ArraySort

===========================================================================================
----------------- testing Sun Apr 19 14:04:25 UTC 2020 /home/travis/build/icyphy/ptII/ptolemy/actor/lib/test/auto/ArraySum.xml
----------------- Instantiating /home/travis/build/icyphy/ptII/ptolemy/actor/lib/test/auto/ArraySum.xml
2 ms. Memory: 251904K Free: 176000K (70%)
----------------- Invoking toplevel() on ptolemy.moml.MoMLSimpleApplication@4cf73b7b
----------------- Done invoking toplevel() on ptolemy.moml.MoMLSimpleApplication@4cf73b7b
reloadAllAccessors: .ArraySum

===========================================================================================
----------------- testing Sun Apr 19 14:04:25 UTC 2020 /home/travis/build/icyphy/ptII/ptolemy/actor/lib/test/auto/ArrayToElements.xml
----------------- Instantiating /home/travis/build/icyphy/ptII/ptolemy/actor/lib/test/auto/ArrayToElements.xml
8 ms. Memory: 251904K Free: 170880K (68%)
----------------- Invoking toplevel() on ptolemy.moml.MoMLSimpleApplication@445155c8
----------------- Done invoking toplevel() on ptolemy.moml.MoMLSimpleApplication@445155c8
reloadAllAccessors: .ArrayToElements

===========================================================================================
----------------- testing Sun Apr 19 14:04:25 UTC 2020 /home/travis/build/icyphy/ptII/ptolemy/actor/lib/test/auto/ArrayToMatrix.xml
----------------- Instantiating /home/travis/build/icyphy/ptII/ptolemy/actor/lib/test/auto/ArrayToMatrix.xml
17 ms. Memory: 251904K Free: 156544K (62%)
----------------- Invoking toplevel() on ptolemy.moml.MoMLSimpleApplication@312bcb6b
----------------- Done invoking toplevel() on ptolemy.moml.MoMLSimpleApplication@312bcb6b
reloadAllAccessors: .ArrayToMatrix

===========================================================================================
----------------- testing Sun Apr 19 14:04:25 UTC 2020 /home/travis/build/icyphy/ptII/ptolemy/actor/lib/test/auto/ArrayUpdate1.xml
----------------- Instantiating /home/travis/build/icyphy/ptII/ptolemy/actor/lib/test/auto/ArrayUpdate1.xml
3 ms. Memory: 251904K Free: 151938K (60%)
----------------- Invoking toplevel() on ptolemy.moml.MoMLSimpleApplication@43ad374f
----------------- Done invoking toplevel() on ptolemy.moml.MoMLSimpleApplication@43ad374f
reloadAllAccessors: .ArrayUpdate1

===========================================================================================
----------------- testing Sun Apr 19 14:04:25 UTC 2020 /home/travis/build/icyphy/ptII/ptolemy/actor/lib/test/auto/ArrayUpdate2.xml
----------------- Instantiating /home/travis/build/icyphy/ptII/ptolemy/actor/lib/test/auto/ArrayUpdate2.xml
5 ms. Memory: 251904K Free: 145280K (58%)
----------------- Invoking toplevel() on ptolemy.moml.MoMLSimpleApplication@96df54e
----------------- Done invoking toplevel() on ptolemy.moml.MoMLSimpleApplication@96df54e
reloadAllAccessors: .ArrayUpdate2

===========================================================================================
----------------- testing Sun Apr 19 14:04:25 UTC 2020 /home/travis/build/icyphy/ptII/ptolemy/actor/lib/test/auto/ArrayUpdate3.xml
----------------- Instantiating /home/travis/build/icyphy/ptII/ptolemy/actor/lib/test/auto/ArrayUpdate3.xml
2 ms. Memory: 251904K Free: 140674K (56%)
----------------- Invoking toplevel() on ptolemy.moml.MoMLSimpleApplication@6fb63204
----------------- Done invoking toplevel() on ptolemy.moml.MoMLSimpleApplication@6fb63204
reloadAllAccessors: .ArrayUpdate3

===========================================================================================
----------------- testing Sun Apr 19 14:04:25 UTC 2020 /home/travis/build/icyphy/ptII/ptolemy/actor/lib/test/auto/Assert1.xml
----------------- Instantiating /home/travis/build/icyphy/ptII/ptolemy/actor/lib/test/auto/Assert1.xml
7 ms. Memory: 251904K Free: 136064K (54%)
----------------- Invoking toplevel() on ptolemy.moml.MoMLSimpleApplication@1ee11488
----------------- Done invoking toplevel() on ptolemy.moml.MoMLSimpleApplication@1ee11488
reloadAllAccessors: .Assert1

===========================================================================================
----------------- testing Sun Apr 19 14:04:25 UTC 2020 /home/travis/build/icyphy/ptII/ptolemy/actor/lib/test/auto/Assert2.xml
----------------- Instantiating /home/travis/build/icyphy/ptII/ptolemy/actor/lib/test/auto/Assert2.xml
4 ms. Memory: 251904K Free: 130944K (52%)
----------------- Invoking toplevel() on ptolemy.moml.MoMLSimpleApplication@111a57fb
----------------- Done invoking toplevel() on ptolemy.moml.MoMLSimpleApplication@111a57fb
reloadAllAccessors: .Assert2

===========================================================================================
----------------- testing Sun Apr 19 14:04:25 UTC 2020 /home/travis/build/icyphy/ptII/ptolemy/actor/lib/test/auto/BooleanMultiplexor.xml
----------------- Instantiating /home/travis/build/icyphy/ptII/ptolemy/actor/lib/test/auto/BooleanMultiplexor.xml
1 ms. Memory: 251904K Free: 124785K (50%)
----------------- Invoking toplevel() on ptolemy.moml.MoMLSimpleApplication@43f30d9
----------------- Done invoking toplevel() on ptolemy.moml.MoMLSimpleApplication@43f30d9
reloadAllAccessors: .BooleanMultiplexor

===========================================================================================
----------------- testing Sun Apr 19 14:04:25 UTC 2020 /home/travis/build/icyphy/ptII/ptolemy/actor/lib/test/auto/BooleanMultiplexor2.xml
----------------- Instantiating /home/travis/build/icyphy/ptII/ptolemy/actor/lib/test/auto/BooleanMultiplexor2.xml
11 ms. Memory: 251904K Free: 118656K (47%)
----------------- Invoking toplevel() on ptolemy.moml.MoMLSimpleApplication@5e41e072
----------------- Done invoking toplevel() on ptolemy.moml.MoMLSimpleApplication@5e41e072
reloadAllAccessors: .BooleanMultiplexor2

===========================================================================================
----------------- testing Sun Apr 19 14:04:25 UTC 2020 /home/travis/build/icyphy/ptII/ptolemy/actor/lib/test/auto/BooleanMultiplexor3.xml
----------------- Instantiating /home/travis/build/icyphy/ptII/ptolemy/actor/lib/test/auto/BooleanMultiplexor3.xml
6 ms. Memory: 251904K Free: 114560K (45%)
----------------- Invoking toplevel() on ptolemy.moml.MoMLSimpleApplication@4f444c57
----------------- Done invoking toplevel() on ptolemy.moml.MoMLSimpleApplication@4f444c57
reloadAllAccessors: .BooleanMultiplexor3

===========================================================================================
----------------- testing Sun Apr 19 14:04:25 UTC 2020 /home/travis/build/icyphy/ptII/ptolemy/actor/lib/test/auto/BooleanSelect.xml
----------------- Instantiating /home/travis/build/icyphy/ptII/ptolemy/actor/lib/test/auto/BooleanSelect.xml
8 ms. Memory: 251904K Free: 108930K (43%)
----------------- Invoking toplevel() on ptolemy.moml.MoMLSimpleApplication@48922dd0
----------------- Done invoking toplevel() on ptolemy.moml.MoMLSimpleApplication@48922dd0
reloadAllAccessors: .BooleanSelect

===========================================================================================
----------------- testing Sun Apr 19 14:04:25 UTC 2020 /home/travis/build/icyphy/ptII/ptolemy/actor/lib/test/auto/BooleanSelect2.xml
----------------- Instantiating /home/travis/build/icyphy/ptII/ptolemy/actor/lib/test/auto/BooleanSelect2.xml
2 ms. Memory: 251904K Free: 104320K (41%)
----------------- Invoking toplevel() on ptolemy.moml.MoMLSimpleApplication@712ec2a1
----------------- Done invoking toplevel() on ptolemy.moml.MoMLSimpleApplication@712ec2a1
reloadAllAccessors: .BooleanSelect2

===========================================================================================
----------------- testing Sun Apr 19 14:04:25 UTC 2020 /home/travis/build/icyphy/ptII/ptolemy/actor/lib/test/auto/BooleanSwitch.xml
----------------- Instantiating /home/travis/build/icyphy/ptII/ptolemy/actor/lib/test/auto/BooleanSwitch.xml
7 ms. Memory: 251904K Free: 98690K (39%)
----------------- Invoking toplevel() on ptolemy.moml.MoMLSimpleApplication@7dbfaee6
----------------- Done invoking toplevel() on ptolemy.moml.MoMLSimpleApplication@7dbfaee6
reloadAllAccessors: .BooleanSwitch

===========================================================================================
----------------- testing Sun Apr 19 14:04:25 UTC 2020 /home/travis/build/icyphy/ptII/ptolemy/actor/lib/test/auto/BooleanSwitch2.xml
----------------- Instantiating /home/travis/build/icyphy/ptII/ptolemy/actor/lib/test/auto/BooleanSwitch2.xml
2 ms. Memory: 251904K Free: 94080K (37%)
----------------- Invoking toplevel() on ptolemy.moml.MoMLSimpleApplication@108a365b
----------------- Done invoking toplevel() on ptolemy.moml.MoMLSimpleApplication@108a365b
reloadAllAccessors: .BooleanSwitch2

===========================================================================================
----------------- testing Sun Apr 19 14:04:25 UTC 2020 /home/travis/build/icyphy/ptII/ptolemy/actor/lib/test/auto/BooleanSwitchCloningBugWithClassRelationGroup.xml
----------------- Instantiating /home/travis/build/icyphy/ptII/ptolemy/actor/lib/test/auto/BooleanSwitchCloningBugWithClassRelationGroup.xml
2 ms. Memory: 251904K Free: 87426K (35%)
----------------- Invoking toplevel() on ptolemy.moml.MoMLSimpleApplication@253ea691
----------------- Done invoking toplevel() on ptolemy.moml.MoMLSimpleApplication@253ea691
reloadAllAccessors: .BooleanSwitchCloningBugWithClassRelationGroup

===========================================================================================
----------------- testing Sun Apr 19 14:04:25 UTC 2020 /home/travis/build/icyphy/ptII/ptolemy/actor/lib/test/auto/BusActors.xml
----------------- Instantiating /home/travis/build/icyphy/ptII/ptolemy/actor/lib/test/auto/BusActors.xml
5 ms. Memory: 251904K Free: 80258K (32%)
----------------- Invoking toplevel() on ptolemy.moml.MoMLSimpleApplication@64fe54d5
----------------- Done invoking toplevel() on ptolemy.moml.MoMLSimpleApplication@64fe54d5
reloadAllAccessors: .BusActors

===========================================================================================
----------------- testing Sun Apr 19 14:04:25 UTC 2020 /home/travis/build/icyphy/ptII/ptolemy/actor/lib/test/auto/ClassWrapper.xml
----------------- Instantiating /home/travis/build/icyphy/ptII/ptolemy/actor/lib/test/auto/ClassWrapper.xml
2 ms. Memory: 251904K Free: 75648K (30%)
----------------- Invoking toplevel() on ptolemy.moml.MoMLSimpleApplication@80b6692
----------------- Done invoking toplevel() on ptolemy.moml.MoMLSimpleApplication@80b6692
reloadAllAccessors: .ClassWrapper

===========================================================================================
----------------- testing Sun Apr 19 14:04:25 UTC 2020 /home/travis/build/icyphy/ptII/ptolemy/actor/lib/test/auto/Clock.xml
----------------- Instantiating /home/travis/build/icyphy/ptII/ptolemy/actor/lib/test/auto/Clock.xml
3 ms. Memory: 251904K Free: 72066K (29%)
----------------- Invoking toplevel() on ptolemy.moml.MoMLSimpleApplication@3b51024
----------------- Done invoking toplevel() on ptolemy.moml.MoMLSimpleApplication@3b51024
reloadAllAccessors: .Clock

===========================================================================================
----------------- testing Sun Apr 19 14:04:26 UTC 2020 /home/travis/build/icyphy/ptII/ptolemy/actor/lib/test/auto/Clock10.xml
----------------- Instantiating /home/travis/build/icyphy/ptII/ptolemy/actor/lib/test/auto/Clock10.xml
3 ms. Memory: 251904K Free: 65922K (26%)
----------------- Invoking toplevel() on ptolemy.moml.MoMLSimpleApplication@7600216b
----------------- Done invoking toplevel() on ptolemy.moml.MoMLSimpleApplication@7600216b
reloadAllAccessors: .Clock10

===========================================================================================
----------------- testing Sun Apr 19 14:04:26 UTC 2020 /home/travis/build/icyphy/ptII/ptolemy/actor/lib/test/auto/Clock11.xml
----------------- Instantiating /home/travis/build/icyphy/ptII/ptolemy/actor/lib/test/auto/Clock11.xml
4 ms. Memory: 251904K Free: 60285K (24%)
----------------- Invoking toplevel() on ptolemy.moml.MoMLSimpleApplication@4c2a41b2
----------------- Done invoking toplevel() on ptolemy.moml.MoMLSimpleApplication@4c2a41b2
reloadAllAccessors: .Clock11

===========================================================================================
----------------- testing Sun Apr 19 14:04:26 UTC 2020 /home/travis/build/icyphy/ptII/ptolemy/actor/lib/test/auto/Clock12.xml
----------------- Instantiating /home/travis/build/icyphy/ptII/ptolemy/actor/lib/test/auto/Clock12.xml
4 ms. Memory: 251904K Free: 198569K (79%)
----------------- Invoking toplevel() on ptolemy.moml.MoMLSimpleApplication@47868bbf
----------------- Done invoking toplevel() on ptolemy.moml.MoMLSimpleApplication@47868bbf
reloadAllAccessors: .Clock12

===========================================================================================
----------------- testing Sun Apr 19 14:04:26 UTC 2020 /home/travis/build/icyphy/ptII/ptolemy/actor/lib/test/auto/Clock13.xml
----------------- Instantiating /home/travis/build/icyphy/ptII/ptolemy/actor/lib/test/auto/Clock13.xml
3 ms. Memory: 251904K Free: 192939K (77%)
----------------- Invoking toplevel() on ptolemy.moml.MoMLSimpleApplication@67969674
----------------- Done invoking toplevel() on ptolemy.moml.MoMLSimpleApplication@67969674
reloadAllAccessors: .Clock13

===========================================================================================
----------------- testing Sun Apr 19 14:04:26 UTC 2020 /home/travis/build/icyphy/ptII/ptolemy/actor/lib/test/auto/Clock14.xml
----------------- Instantiating /home/travis/build/icyphy/ptII/ptolemy/actor/lib/test/auto/Clock14.xml
4 ms. Memory: 251904K Free: 186795K (74%)
----------------- Invoking toplevel() on ptolemy.moml.MoMLSimpleApplication@2d953e1a
----------------- Done invoking toplevel() on ptolemy.moml.MoMLSimpleApplication@2d953e1a
reloadAllAccessors: .Clock14

===========================================================================================
----------------- testing Sun Apr 19 14:04:26 UTC 2020 /home/travis/build/icyphy/ptII/ptolemy/actor/lib/test/auto/Clock15.xml
----------------- Instantiating /home/travis/build/icyphy/ptII/ptolemy/actor/lib/test/auto/Clock15.xml
2 ms. Memory: 251904K Free: 181147K (72%)
----------------- Invoking toplevel() on ptolemy.moml.MoMLSimpleApplication@22302d36
----------------- Done invoking toplevel() on ptolemy.moml.MoMLSimpleApplication@22302d36
reloadAllAccessors: .Clock15

===========================================================================================
----------------- testing Sun Apr 19 14:04:26 UTC 2020 /home/travis/build/icyphy/ptII/ptolemy/actor/lib/test/auto/Clock16.xml
----------------- Instantiating /home/travis/build/icyphy/ptII/ptolemy/actor/lib/test/auto/Clock16.xml
21 ms. Memory: 251904K Free: 166299K (66%)
----------------- Invoking toplevel() on ptolemy.moml.MoMLSimpleApplication@4566f1b0
----------------- Done invoking toplevel() on ptolemy.moml.MoMLSimpleApplication@4566f1b0
reloadAllAccessors: .Clock16

===========================================================================================
----------------- testing Sun Apr 19 14:04:26 UTC 2020 /home/travis/build/icyphy/ptII/ptolemy/actor/lib/test/auto/Clock17.xml
----------------- Instantiating /home/travis/build/icyphy/ptII/ptolemy/actor/lib/test/auto/Clock17.xml
20 ms. Memory: 251904K Free: 151979K (60%)
----------------- Invoking toplevel() on ptolemy.moml.MoMLSimpleApplication@6a202cbd
----------------- Done invoking toplevel() on ptolemy.moml.MoMLSimpleApplication@6a202cbd
reloadAllAccessors: .Clock17

===========================================================================================
----------------- testing Sun Apr 19 14:04:26 UTC 2020 /home/travis/build/icyphy/ptII/ptolemy/actor/lib/test/auto/Clock18.xml
----------------- Instantiating /home/travis/build/icyphy/ptII/ptolemy/actor/lib/test/auto/Clock18.xml
12 ms. Memory: 251904K Free: 139147K (55%)
----------------- Invoking toplevel() on ptolemy.moml.MoMLSimpleApplication@23a3f75d
----------------- Done invoking toplevel() on ptolemy.moml.MoMLSimpleApplication@23a3f75d
reloadAllAccessors: .Clock18

===========================================================================================
----------------- testing Sun Apr 19 14:04:26 UTC 2020 /home/travis/build/icyphy/ptII/ptolemy/actor/lib/test/auto/Clock19.xml
----------------- Instantiating /home/travis/build/icyphy/ptII/ptolemy/actor/lib/test/auto/Clock19.xml
10 ms. Memory: 251904K Free: 125865K (50%)
----------------- Invoking toplevel() on ptolemy.moml.MoMLSimpleApplication@124051af
----------------- Done invoking toplevel() on ptolemy.moml.MoMLSimpleApplication@124051af
reloadAllAccessors: .Clock19

===========================================================================================
----------------- testing Sun Apr 19 14:04:26 UTC 2020 /home/travis/build/icyphy/ptII/ptolemy/actor/lib/test/auto/Clock2.xml
----------------- Instantiating /home/travis/build/icyphy/ptII/ptolemy/actor/lib/test/auto/Clock2.xml
4 ms. Memory: 251904K Free: 121763K (48%)
----------------- Invoking toplevel() on ptolemy.moml.MoMLSimpleApplication@15abe6b6
----------------- Done invoking toplevel() on ptolemy.moml.MoMLSimpleApplication@15abe6b6
reloadAllAccessors: .Clock2

===========================================================================================
----------------- testing Sun Apr 19 14:04:26 UTC 2020 /home/travis/build/icyphy/ptII/ptolemy/actor/lib/test/auto/Clock20.xml
----------------- Instantiating /home/travis/build/icyphy/ptII/ptolemy/actor/lib/test/auto/Clock20.xml
5 ms. Memory: 251904K Free: 116139K (46%)
----------------- Invoking toplevel() on ptolemy.moml.MoMLSimpleApplication@17d678bb
----------------- Done invoking toplevel() on ptolemy.moml.MoMLSimpleApplication@17d678bb
reloadAllAccessors: .Clock20

===========================================================================================
----------------- testing Sun Apr 19 14:04:26 UTC 2020 /home/travis/build/icyphy/ptII/ptolemy/actor/lib/test/auto/Clock21.xml
----------------- Instantiating /home/travis/build/icyphy/ptII/ptolemy/actor/lib/test/auto/Clock21.xml
4 ms. Memory: 251904K Free: 111019K (44%)
----------------- Invoking toplevel() on ptolemy.moml.MoMLSimpleApplication@7fea577d
----------------- Done invoking toplevel() on ptolemy.moml.MoMLSimpleApplication@7fea577d
reloadAllAccessors: .Clock21

===========================================================================================
----------------- testing Sun Apr 19 14:04:26 UTC 2020 /home/travis/build/icyphy/ptII/ptolemy/actor/lib/test/auto/Clock22.xml
----------------- Instantiating /home/travis/build/icyphy/ptII/ptolemy/actor/lib/test/auto/Clock22.xml
2 ms. Memory: 251904K Free: 105385K (42%)
----------------- Invoking toplevel() on ptolemy.moml.MoMLSimpleApplication@35e9d71b
----------------- Done invoking toplevel() on ptolemy.moml.MoMLSimpleApplication@35e9d71b
reloadAllAccessors: .Clock22

===========================================================================================
----------------- testing Sun Apr 19 14:04:26 UTC 2020 /home/travis/build/icyphy/ptII/ptolemy/actor/lib/test/auto/Clock23.xml
----------------- Instantiating /home/travis/build/icyphy/ptII/ptolemy/actor/lib/test/auto/Clock23.xml
4 ms. Memory: 251904K Free: 99755K (40%)
----------------- Invoking toplevel() on ptolemy.moml.MoMLSimpleApplication@12b2672
----------------- Done invoking toplevel() on ptolemy.moml.MoMLSimpleApplication@12b2672
reloadAllAccessors: .Clock23

===========================================================================================
----------------- testing Sun Apr 19 14:04:26 UTC 2020 /home/travis/build/icyphy/ptII/ptolemy/actor/lib/test/auto/Clock24.xml
----------------- Instantiating /home/travis/build/icyphy/ptII/ptolemy/actor/lib/test/auto/Clock24.xml
4 ms. Memory: 251904K Free: 94635K (38%)
----------------- Invoking toplevel() on ptolemy.moml.MoMLSimpleApplication@9b922b9
----------------- Done invoking toplevel() on ptolemy.moml.MoMLSimpleApplication@9b922b9
reloadAllAccessors: .Clock24

===========================================================================================
----------------- testing Sun Apr 19 14:04:26 UTC 2020 /home/travis/build/icyphy/ptII/ptolemy/actor/lib/test/auto/Clock4.xml
----------------- Instantiating /home/travis/build/icyphy/ptII/ptolemy/actor/lib/test/auto/Clock4.xml
1 ms. Memory: 251904K Free: 89515K (36%)
----------------- Invoking toplevel() on ptolemy.moml.MoMLSimpleApplication@5978d3e5
----------------- Done invoking toplevel() on ptolemy.moml.MoMLSimpleApplication@5978d3e5
reloadAllAccessors: .Clock4

===========================================================================================
----------------- testing Sun Apr 19 14:04:26 UTC 2020 /home/travis/build/icyphy/ptII/ptolemy/actor/lib/test/auto/Clock5.xml
----------------- Instantiating /home/travis/build/icyphy/ptII/ptolemy/actor/lib/test/auto/Clock5.xml
1 ms. Memory: 251904K Free: 84395K (34%)
----------------- Invoking toplevel() on ptolemy.moml.MoMLSimpleApplication@b9b699a
----------------- Done invoking toplevel() on ptolemy.moml.MoMLSimpleApplication@b9b699a
reloadAllAccessors: .Clock5

===========================================================================================
----------------- testing Sun Apr 19 14:04:26 UTC 2020 /home/travis/build/icyphy/ptII/ptolemy/actor/lib/test/auto/Clock6.xml
----------------- Instantiating /home/travis/build/icyphy/ptII/ptolemy/actor/lib/test/auto/Clock6.xml
1 ms. Memory: 251904K Free: 80299K (32%)
----------------- Invoking toplevel() on ptolemy.moml.MoMLSimpleApplication@787b2c9d
----------------- Done invoking toplevel() on ptolemy.moml.MoMLSimpleApplication@787b2c9d
reloadAllAccessors: .Clock6

===========================================================================================
----------------- testing Sun Apr 19 14:04:26 UTC 2020 /home/travis/build/icyphy/ptII/ptolemy/actor/lib/test/auto/Clock7.xml
----------------- Instantiating /home/travis/build/icyphy/ptII/ptolemy/actor/lib/test/auto/Clock7.xml
2 ms. Memory: 251904K Free: 75689K (30%)
----------------- Invoking toplevel() on ptolemy.moml.MoMLSimpleApplication@483b69f
----------------- Done invoking toplevel() on ptolemy.moml.MoMLSimpleApplication@483b69f
reloadAllAccessors: .Clock7

===========================================================================================
----------------- testing Sun Apr 19 14:04:26 UTC 2020 /home/travis/build/icyphy/ptII/ptolemy/actor/lib/test/auto/Clock8.xml
----------------- Instantiating /home/travis/build/icyphy/ptII/ptolemy/actor/lib/test/auto/Clock8.xml
4 ms. Memory: 251904K Free: 70059K (28%)
----------------- Invoking toplevel() on ptolemy.moml.MoMLSimpleApplication@47a037a9
----------------- Done invoking toplevel() on ptolemy.moml.MoMLSimpleApplication@47a037a9
reloadAllAccessors: .Clock8

===========================================================================================
----------------- testing Sun Apr 19 14:04:26 UTC 2020 /home/travis/build/icyphy/ptII/ptolemy/actor/lib/test/auto/Clock9.xml
----------------- Instantiating /home/travis/build/icyphy/ptII/ptolemy/actor/lib/test/auto/Clock9.xml
4 ms. Memory: 251904K Free: 64395K (26%)
----------------- Invoking toplevel() on ptolemy.moml.MoMLSimpleApplication@24b38a09
----------------- Done invoking toplevel() on ptolemy.moml.MoMLSimpleApplication@24b38a09
reloadAllAccessors: .Clock9

===========================================================================================
----------------- testing Sun Apr 19 14:04:26 UTC 2020 /home/travis/build/icyphy/ptII/ptolemy/actor/lib/test/auto/CommDistDiscard.xml
----------------- Instantiating /home/travis/build/icyphy/ptII/ptolemy/actor/lib/test/auto/CommDistDiscard.xml
2 ms. Memory: 251904K Free: 59305K (24%)
----------------- Invoking toplevel() on ptolemy.moml.MoMLSimpleApplication@70db21eb
----------------- Done invoking toplevel() on ptolemy.moml.MoMLSimpleApplication@70db21eb
reloadAllAccessors: .CommDistDiscard

===========================================================================================
----------------- testing Sun Apr 19 14:04:26 UTC 2020 /home/travis/build/icyphy/ptII/ptolemy/actor/lib/test/auto/Commutator.xml
----------------- Instantiating /home/travis/build/icyphy/ptII/ptolemy/actor/lib/test/auto/Commutator.xml
1 ms. Memory: 481280K Free: 430599K (89%)
----------------- Invoking toplevel() on ptolemy.moml.MoMLSimpleApplication@7b209e0d
----------------- Done invoking toplevel() on ptolemy.moml.MoMLSimpleApplication@7b209e0d
reloadAllAccessors: .Commutator

===========================================================================================
----------------- testing Sun Apr 19 14:04:26 UTC 2020 /home/travis/build/icyphy/ptII/ptolemy/actor/lib/test/auto/Commutator2.xml
----------------- Instantiating /home/travis/build/icyphy/ptII/ptolemy/actor/lib/test/auto/Commutator2.xml
2 ms. Memory: 481280K Free: 425989K (89%)
----------------- Invoking toplevel() on ptolemy.moml.MoMLSimpleApplication@a0159d5
----------------- Done invoking toplevel() on ptolemy.moml.MoMLSimpleApplication@a0159d5
reloadAllAccessors: .Commutator2

===========================================================================================
----------------- testing Sun Apr 19 14:04:26 UTC 2020 /home/travis/build/icyphy/ptII/ptolemy/actor/lib/test/auto/Commutator3.xml
----------------- Instantiating /home/travis/build/icyphy/ptII/ptolemy/actor/lib/test/auto/Commutator3.xml
1 ms. Memory: 481280K Free: 421383K (88%)
----------------- Invoking toplevel() on ptolemy.moml.MoMLSimpleApplication@85a6a48
----------------- Done invoking toplevel() on ptolemy.moml.MoMLSimpleApplication@85a6a48
reloadAllAccessors: .Commutator3

===========================================================================================
----------------- testing Sun Apr 19 14:04:26 UTC 2020 /home/travis/build/icyphy/ptII/ptolemy/actor/lib/test/auto/Compare.xml
----------------- Instantiating /home/travis/build/icyphy/ptII/ptolemy/actor/lib/test/auto/Compare.xml
2 ms. Memory: 481280K Free: 415239K (86%)
----------------- Invoking toplevel() on ptolemy.moml.MoMLSimpleApplication@524d012f
----------------- Done invoking toplevel() on ptolemy.moml.MoMLSimpleApplication@524d012f
reloadAllAccessors: .Compare

===========================================================================================
----------------- testing Sun Apr 19 14:04:26 UTC 2020 /home/travis/build/icyphy/ptII/ptolemy/actor/lib/test/auto/CompareDE.xml
----------------- Instantiating /home/travis/build/icyphy/ptII/ptolemy/actor/lib/test/auto/CompareDE.xml
4 ms. Memory: 481280K Free: 408071K (85%)
----------------- Invoking toplevel() on ptolemy.moml.MoMLSimpleApplication@593f7ab4
----------------- Done invoking toplevel() on ptolemy.moml.MoMLSimpleApplication@593f7ab4
reloadAllAccessors: .CompareDE

===========================================================================================
----------------- testing Sun Apr 19 14:04:26 UTC 2020 /home/travis/build/icyphy/ptII/ptolemy/actor/lib/test/auto/ComplexDivide.xml
----------------- Instantiating /home/travis/build/icyphy/ptII/ptolemy/actor/lib/test/auto/ComplexDivide.xml
2 ms. Memory: 481280K Free: 403975K (84%)
----------------- Invoking toplevel() on ptolemy.moml.MoMLSimpleApplication@ff8dac8
----------------- Done invoking toplevel() on ptolemy.moml.MoMLSimpleApplication@ff8dac8
reloadAllAccessors: .ComplexDivide

===========================================================================================
----------------- testing Sun Apr 19 14:04:26 UTC 2020 /home/travis/build/icyphy/ptII/ptolemy/actor/lib/test/auto/ComputeHistogram.xml
----------------- Instantiating /home/travis/build/icyphy/ptII/ptolemy/actor/lib/test/auto/ComputeHistogram.xml
28 ms. Memory: 481280K Free: 391687K (81%)
----------------- Invoking toplevel() on ptolemy.moml.MoMLSimpleApplication@32b58fa4
----------------- Done invoking toplevel() on ptolemy.moml.MoMLSimpleApplication@32b58fa4
reloadAllAccessors: .ComputeHistogram

===========================================================================================
----------------- testing Sun Apr 19 14:04:26 UTC 2020 /home/travis/build/icyphy/ptII/ptolemy/actor/lib/test/auto/ConfigurationSelect.xml
----------------- Instantiating /home/travis/build/icyphy/ptII/ptolemy/actor/lib/test/auto/ConfigurationSelect.xml
8 ms. Memory: 481280K Free: 386022K (80%)
----------------- Invoking toplevel() on ptolemy.moml.MoMLSimpleApplication@3b6293c4
----------------- Done invoking toplevel() on ptolemy.moml.MoMLSimpleApplication@3b6293c4
reloadAllAccessors: .ConfigurationSelect

===========================================================================================
----------------- testing Sun Apr 19 14:04:26 UTC 2020 /home/travis/build/icyphy/ptII/ptolemy/actor/lib/test/auto/ConfigurationSelect2.xml
----------------- Instantiating /home/travis/build/icyphy/ptII/ptolemy/actor/lib/test/auto/ConfigurationSelect2.xml
2 ms. Memory: 481280K Free: 381957K (79%)
----------------- Invoking toplevel() on ptolemy.moml.MoMLSimpleApplication@4a9d9f9d
----------------- Done invoking toplevel() on ptolemy.moml.MoMLSimpleApplication@4a9d9f9d
reloadAllAccessors: .ConfigurationSelect2

===========================================================================================
----------------- testing Sun Apr 19 14:04:26 UTC 2020 /home/travis/build/icyphy/ptII/ptolemy/actor/lib/test/auto/ConfigurationSwitch.xml
----------------- Instantiating /home/travis/build/icyphy/ptII/ptolemy/actor/lib/test/auto/ConfigurationSwitch.xml
10 ms. Memory: 481280K Free: 376327K (78%)
----------------- Invoking toplevel() on ptolemy.moml.MoMLSimpleApplication@13633fe0
----------------- Done invoking toplevel() on ptolemy.moml.MoMLSimpleApplication@13633fe0
reloadAllAccessors: .ConfigurationSwitch

===========================================================================================
----------------- testing Sun Apr 19 14:04:26 UTC 2020 /home/travis/build/icyphy/ptII/ptolemy/actor/lib/test/auto/ConfigurationSwitch2.xml
----------------- Instantiating /home/travis/build/icyphy/ptII/ptolemy/actor/lib/test/auto/ConfigurationSwitch2.xml
3 ms. Memory: 481280K Free: 370693K (77%)
----------------- Invoking toplevel() on ptolemy.moml.MoMLSimpleApplication@35c61f1a
----------------- Done invoking toplevel() on ptolemy.moml.MoMLSimpleApplication@35c61f1a
reloadAllAccessors: .ConfigurationSwitch2

===========================================================================================
----------------- testing Sun Apr 19 14:04:26 UTC 2020 /home/travis/build/icyphy/ptII/ptolemy/actor/lib/test/auto/ConfigurationSwitchCloningBugWithClassRelationGroup.xml
----------------- Instantiating /home/travis/build/icyphy/ptII/ptolemy/actor/lib/test/auto/ConfigurationSwitchCloningBugWithClassRelationGroup.xml
1 ms. Memory: 481280K Free: 364549K (76%)
----------------- Invoking toplevel() on ptolemy.moml.MoMLSimpleApplication@dfd0bbe
----------------- Done invoking toplevel() on ptolemy.moml.MoMLSimpleApplication@dfd0bbe
reloadAllAccessors: .ConfigurationSwitchCloningBugWithClassRelationGroup

===========================================================================================
----------------- testing Sun Apr 19 14:04:26 UTC 2020 /home/travis/build/icyphy/ptII/ptolemy/actor/lib/test/auto/ConfigurationSwitchSelectSDF.xml
----------------- Instantiating /home/travis/build/icyphy/ptII/ptolemy/actor/lib/test/auto/ConfigurationSwitchSelectSDF.xml
2 ms. Memory: 481280K Free: 358919K (75%)
----------------- Invoking toplevel() on ptolemy.moml.MoMLSimpleApplication@4485ef98
----------------- Done invoking toplevel() on ptolemy.moml.MoMLSimpleApplication@4485ef98
reloadAllAccessors: .ConfigurationSwitchSelectSDF

===========================================================================================
----------------- testing Sun Apr 19 14:04:26 UTC 2020 /home/travis/build/icyphy/ptII/ptolemy/actor/lib/test/auto/ConfigurationSwitchSelectSDF2.xml
----------------- Instantiating /home/travis/build/icyphy/ptII/ptolemy/actor/lib/test/auto/ConfigurationSwitchSelectSDF2.xml
2 ms. Memory: 481280K Free: 352775K (73%)
----------------- Invoking toplevel() on ptolemy.moml.MoMLSimpleApplication@5faa3ed3
----------------- Done invoking toplevel() on ptolemy.moml.MoMLSimpleApplication@5faa3ed3
reloadAllAccessors: .ConfigurationSwitchSelectSDF2

===========================================================================================
----------------- testing Sun Apr 19 14:04:26 UTC 2020 /home/travis/build/icyphy/ptII/ptolemy/actor/lib/test/auto/Const.xml
----------------- Instantiating /home/travis/build/icyphy/ptII/ptolemy/actor/lib/test/auto/Const.xml
1 ms. Memory: 481280K Free: 349703K (73%)
----------------- Invoking toplevel() on ptolemy.moml.MoMLSimpleApplication@33d64672
----------------- Done invoking toplevel() on ptolemy.moml.MoMLSimpleApplication@33d64672
reloadAllAccessors: .Const

===========================================================================================
----------------- testing Sun Apr 19 14:04:26 UTC 2020 /home/travis/build/icyphy/ptII/ptolemy/actor/lib/test/auto/Const2.xml
----------------- Instantiating /home/travis/build/icyphy/ptII/ptolemy/actor/lib/test/auto/Const2.xml
1 ms. Memory: 481280K Free: 345607K (72%)
----------------- Invoking toplevel() on ptolemy.moml.MoMLSimpleApplication@270bd74a
----------------- Done invoking toplevel() on ptolemy.moml.MoMLSimpleApplication@270bd74a
reloadAllAccessors: .Const2

===========================================================================================
----------------- testing Sun Apr 19 14:04:26 UTC 2020 /home/travis/build/icyphy/ptII/ptolemy/actor/lib/test/auto/Const3.xml
----------------- Instantiating /home/travis/build/icyphy/ptII/ptolemy/actor/lib/test/auto/Const3.xml
1 ms. Memory: 481280K Free: 343045K (71%)
----------------- Invoking toplevel() on ptolemy.moml.MoMLSimpleApplication@32c5f96
----------------- Done invoking toplevel() on ptolemy.moml.MoMLSimpleApplication@32c5f96
reloadAllAccessors: .Const3

===========================================================================================
----------------- testing Sun Apr 19 14:04:26 UTC 2020 /home/travis/build/icyphy/ptII/ptolemy/actor/lib/test/auto/ConstantPublisherPort1.xml
----------------- Instantiating /home/travis/build/icyphy/ptII/ptolemy/actor/lib/test/auto/ConstantPublisherPort1.xml
6 ms. Memory: 481280K Free: 334343K (69%)
----------------- Invoking toplevel() on ptolemy.moml.MoMLSimpleApplication@318de501
----------------- Done invoking toplevel() on ptolemy.moml.MoMLSimpleApplication@318de501
reloadAllAccessors: .ConstantPublisherPort1

===========================================================================================
----------------- testing Sun Apr 19 14:04:26 UTC 2020 /home/travis/build/icyphy/ptII/ptolemy/actor/lib/test/auto/ConstantPublisherPort2.xml
----------------- Instantiating /home/travis/build/icyphy/ptII/ptolemy/actor/lib/test/auto/ConstantPublisherPort2.xml
4 ms. Memory: 481280K Free: 326661K (68%)
----------------- Invoking toplevel() on ptolemy.moml.MoMLSimpleApplication@7eaa291a
----------------- Done invoking toplevel() on ptolemy.moml.MoMLSimpleApplication@7eaa291a
reloadAllAccessors: .ConstantPublisherPort2

===========================================================================================
----------------- testing Sun Apr 19 14:04:26 UTC 2020 /home/travis/build/icyphy/ptII/ptolemy/actor/lib/test/auto/ConstantPublisherPort3.xml
----------------- Instantiating /home/travis/build/icyphy/ptII/ptolemy/actor/lib/test/auto/ConstantPublisherPort3.xml
5 ms. Memory: 481280K Free: 319493K (66%)
----------------- Invoking toplevel() on ptolemy.moml.MoMLSimpleApplication@31923139
----------------- Done invoking toplevel() on ptolemy.moml.MoMLSimpleApplication@31923139
reloadAllAccessors: .ConstantPublisherPort3

===========================================================================================
----------------- testing Sun Apr 19 14:04:26 UTC 2020 /home/travis/build/icyphy/ptII/ptolemy/actor/lib/test/auto/ConstantPublisherPort4.xml
----------------- Instantiating /home/travis/build/icyphy/ptII/ptolemy/actor/lib/test/auto/ConstantPublisherPort4.xml
3 ms. Memory: 481280K Free: 312311K (65%)
----------------- Invoking toplevel() on ptolemy.moml.MoMLSimpleApplication@25241002
----------------- Done invoking toplevel() on ptolemy.moml.MoMLSimpleApplication@25241002
reloadAllAccessors: .ConstantPublisherPort4

===========================================================================================
----------------- testing Sun Apr 19 14:04:26 UTC 2020 /home/travis/build/icyphy/ptII/ptolemy/actor/lib/test/auto/ConstantPublisherPort5.xml
----------------- Instantiating /home/travis/build/icyphy/ptII/ptolemy/actor/lib/test/auto/ConstantPublisherPort5.xml
25 ms. Memory: 481280K Free: 303109K (63%)
----------------- Invoking toplevel() on ptolemy.moml.MoMLSimpleApplication@1181bd96
----------------- Done invoking toplevel() on ptolemy.moml.MoMLSimpleApplication@1181bd96
reloadAllAccessors: .ConstantPublisherPort5

===========================================================================================
----------------- testing Sun Apr 19 14:04:27 UTC 2020 /home/travis/build/icyphy/ptII/ptolemy/actor/lib/test/auto/ConstantPublisherPort6.xml
----------------- Instantiating /home/travis/build/icyphy/ptII/ptolemy/actor/lib/test/auto/ConstantPublisherPort6.xml
12 ms. Memory: 481280K Free: 293893K (61%)
----------------- Invoking toplevel() on ptolemy.moml.MoMLSimpleApplication@79689f3a
----------------- Done invoking toplevel() on ptolemy.moml.MoMLSimpleApplication@79689f3a
reloadAllAccessors: .ConstantPublisherPort6

===========================================================================================
----------------- testing Sun Apr 19 14:04:27 UTC 2020 /home/travis/build/icyphy/ptII/ptolemy/actor/lib/test/auto/ConstantPublisherPort7.xml
----------------- Instantiating /home/travis/build/icyphy/ptII/ptolemy/actor/lib/test/auto/ConstantPublisherPort7.xml
13 ms. Memory: 481280K Free: 284677K (59%)
----------------- Invoking toplevel() on ptolemy.moml.MoMLSimpleApplication@1954876c
----------------- Done invoking toplevel() on ptolemy.moml.MoMLSimpleApplication@1954876c
reloadAllAccessors: .ConstantPublisherPort7

===========================================================================================
----------------- testing Sun Apr 19 14:04:27 UTC 2020 /home/travis/build/icyphy/ptII/ptolemy/actor/lib/test/auto/ConstraintMonitor1.xml
----------------- Instantiating /home/travis/build/icyphy/ptII/ptolemy/actor/lib/test/auto/ConstraintMonitor1.xml
4 ms. Memory: 481280K Free: 280069K (58%)
----------------- Invoking toplevel() on ptolemy.moml.MoMLSimpleApplication@7095c114
----------------- Done invoking toplevel() on ptolemy.moml.MoMLSimpleApplication@7095c114
reloadAllAccessors: .ConstraintMonitor1

===========================================================================================
----------------- testing Sun Apr 19 14:04:27 UTC 2020 /home/travis/build/icyphy/ptII/ptolemy/actor/lib/test/auto/ConstraintMonitor2.xml
----------------- Instantiating /home/travis/build/icyphy/ptII/ptolemy/actor/lib/test/auto/ConstraintMonitor2.xml
7 ms. Memory: 481280K Free: 275461K (57%)
----------------- Invoking toplevel() on ptolemy.moml.MoMLSimpleApplication@66947580
----------------- Done invoking toplevel() on ptolemy.moml.MoMLSimpleApplication@66947580
reloadAllAccessors: .ConstraintMonitor2

===========================================================================================
----------------- testing Sun Apr 19 14:04:27 UTC 2020 /home/travis/build/icyphy/ptII/ptolemy/actor/lib/test/auto/ConstraintMonitor3.xml
----------------- Instantiating /home/travis/build/icyphy/ptII/ptolemy/actor/lib/test/auto/ConstraintMonitor3.xml
2 ms. Memory: 481280K Free: 270855K (56%)
----------------- Invoking toplevel() on ptolemy.moml.MoMLSimpleApplication@52f918d7
----------------- Done invoking toplevel() on ptolemy.moml.MoMLSimpleApplication@52f918d7
reloadAllAccessors: .ConstraintMonitor3

===========================================================================================
----------------- testing Sun Apr 19 14:04:27 UTC 2020 /home/travis/build/icyphy/ptII/ptolemy/actor/lib/test/auto/ConstraintMonitor4.xml
----------------- Instantiating /home/travis/build/icyphy/ptII/ptolemy/actor/lib/test/auto/ConstraintMonitor4.xml
2 ms. Memory: 481280K Free: 265735K (55%)
----------------- Invoking toplevel() on ptolemy.moml.MoMLSimpleApplication@20524885
----------------- Done invoking toplevel() on ptolemy.moml.MoMLSimpleApplication@20524885
reloadAllAccessors: .ConstraintMonitor4

===========================================================================================
----------------- testing Sun Apr 19 14:04:27 UTC 2020 /home/travis/build/icyphy/ptII/ptolemy/actor/lib/test/auto/ConstraintMonitor5.xml
----------------- Instantiating /home/travis/build/icyphy/ptII/ptolemy/actor/lib/test/auto/ConstraintMonitor5.xml
4 ms. Memory: 481280K Free: 260101K (54%)
----------------- Invoking toplevel() on ptolemy.moml.MoMLSimpleApplication@33ad672e
----------------- Done invoking toplevel() on ptolemy.moml.MoMLSimpleApplication@33ad672e
reloadAllAccessors: .ConstraintMonitor5

===========================================================================================
----------------- testing Sun Apr 19 14:04:27 UTC 2020 /home/travis/build/icyphy/ptII/ptolemy/actor/lib/test/auto/ConstraintMonitor6.xml
----------------- Instantiating /home/travis/build/icyphy/ptII/ptolemy/actor/lib/test/auto/ConstraintMonitor6.xml
3 ms. Memory: 481280K Free: 254471K (53%)
----------------- Invoking toplevel() on ptolemy.moml.MoMLSimpleApplication@fb737f0
----------------- Done invoking toplevel() on ptolemy.moml.MoMLSimpleApplication@fb737f0
reloadAllAccessors: .ConstraintMonitor6

===========================================================================================
----------------- testing Sun Apr 19 14:04:27 UTC 2020 /home/travis/build/icyphy/ptII/ptolemy/actor/lib/test/auto/ConstraintMonitor7.xml
----------------- Instantiating /home/travis/build/icyphy/ptII/ptolemy/actor/lib/test/auto/ConstraintMonitor7.xml
5 ms. Memory: 481280K Free: 247782K (51%)
----------------- Invoking toplevel() on ptolemy.moml.MoMLSimpleApplication@31a5e8b8
----------------- Done invoking toplevel() on ptolemy.moml.MoMLSimpleApplication@31a5e8b8
reloadAllAccessors: .ConstraintMonitor7

===========================================================================================
----------------- testing Sun Apr 19 14:04:27 UTC 2020 /home/travis/build/icyphy/ptII/ptolemy/actor/lib/test/auto/ConstraintMonitor8.xml
----------------- Instantiating /home/travis/build/icyphy/ptII/ptolemy/actor/lib/test/auto/ConstraintMonitor8.xml
3 ms. Memory: 481280K Free: 240135K (50%)
----------------- Invoking toplevel() on ptolemy.moml.MoMLSimpleApplication@5210a351
----------------- Done invoking toplevel() on ptolemy.moml.MoMLSimpleApplication@5210a351
reloadAllAccessors: .ConstraintMonitor8

===========================================================================================
----------------- testing Sun Apr 19 14:04:27 UTC 2020 /home/travis/build/icyphy/ptII/ptolemy/actor/lib/test/auto/Counter.xml
----------------- Instantiating /home/travis/build/icyphy/ptII/ptolemy/actor/lib/test/auto/Counter.xml
2 ms. Memory: 481280K Free: 235525K (49%)
----------------- Invoking toplevel() on ptolemy.moml.MoMLSimpleApplication@75664cac
----------------- Done invoking toplevel() on ptolemy.moml.MoMLSimpleApplication@75664cac
reloadAllAccessors: .Counter

===========================================================================================
----------------- testing Sun Apr 19 14:04:27 UTC 2020 /home/travis/build/icyphy/ptII/ptolemy/actor/lib/test/auto/CurrentTimeSDF.xml
----------------- Instantiating /home/travis/build/icyphy/ptII/ptolemy/actor/lib/test/auto/CurrentTimeSDF.xml
2 ms. Memory: 481280K Free: 231429K (48%)
----------------- Invoking toplevel() on ptolemy.moml.MoMLSimpleApplication@32a1b8d5
----------------- Done invoking toplevel() on ptolemy.moml.MoMLSimpleApplication@32a1b8d5
reloadAllAccessors: .CurrentTimeSDF

===========================================================================================
----------------- testing Sun Apr 19 14:04:27 UTC 2020 /home/travis/build/icyphy/ptII/ptolemy/actor/lib/test/auto/DB.xml
----------------- Instantiating /home/travis/build/icyphy/ptII/ptolemy/actor/lib/test/auto/DB.xml
2 ms. Memory: 481280K Free: 225799K (47%)
----------------- Invoking toplevel() on ptolemy.moml.MoMLSimpleApplication@6b6ddd4f
----------------- Done invoking toplevel() on ptolemy.moml.MoMLSimpleApplication@6b6ddd4f
reloadAllAccessors: .DB

===========================================================================================
----------------- testing Sun Apr 19 14:04:27 UTC 2020 /home/travis/build/icyphy/ptII/ptolemy/actor/lib/test/auto/DBDE.xml
----------------- Instantiating /home/travis/build/icyphy/ptII/ptolemy/actor/lib/test/auto/DBDE.xml
2 ms. Memory: 481280K Free: 220151K (46%)
----------------- Invoking toplevel() on ptolemy.moml.MoMLSimpleApplication@3cc77faa
----------------- Done invoking toplevel() on ptolemy.moml.MoMLSimpleApplication@3cc77faa
reloadAllAccessors: .DBDE

===========================================================================================
----------------- testing Sun Apr 19 14:04:27 UTC 2020 /home/travis/build/icyphy/ptII/ptolemy/actor/lib/test/auto/DateConstructor.xml
----------------- Instantiating /home/travis/build/icyphy/ptII/ptolemy/actor/lib/test/auto/DateConstructor.xml
20 ms. Memory: 481280K Free: 416170K (86%)
----------------- Invoking toplevel() on ptolemy.moml.MoMLSimpleApplication@5b88d087
----------------- Done invoking toplevel() on ptolemy.moml.MoMLSimpleApplication@5b88d087
reloadAllAccessors: .DateConstructor

===========================================================================================
----------------- testing Sun Apr 19 14:04:27 UTC 2020 /home/travis/build/icyphy/ptII/ptolemy/actor/lib/test/auto/DelayTime.xml
----------------- Instantiating /home/travis/build/icyphy/ptII/ptolemy/actor/lib/test/auto/DelayTime.xml
2 ms. Memory: 481280K Free: 411050K (85%)
----------------- Invoking toplevel() on ptolemy.moml.MoMLSimpleApplication@61b776a4
----------------- Done invoking toplevel() on ptolemy.moml.MoMLSimpleApplication@61b776a4
reloadAllAccessors: .DelayTime

===========================================================================================
----------------- testing Sun Apr 19 14:04:27 UTC 2020 /home/travis/build/icyphy/ptII/ptolemy/actor/lib/test/auto/Dictionary1.xml
----------------- Instantiating /home/travis/build/icyphy/ptII/ptolemy/actor/lib/test/auto/Dictionary1.xml
1 ms. Memory: 481280K Free: 405930K (84%)
----------------- Invoking toplevel() on ptolemy.moml.MoMLSimpleApplication@333449ef
----------------- Done invoking toplevel() on ptolemy.moml.MoMLSimpleApplication@333449ef
reloadAllAccessors: .Dictionary1

===========================================================================================
----------------- testing Sun Apr 19 14:04:27 UTC 2020 /home/travis/build/icyphy/ptII/ptolemy/actor/lib/test/auto/Dictionary2.xml
----------------- Instantiating /home/travis/build/icyphy/ptII/ptolemy/actor/lib/test/auto/Dictionary2.xml
1 ms. Memory: 481280K Free: 400296K (83%)
----------------- Invoking toplevel() on ptolemy.moml.MoMLSimpleApplication@65a00d3
----------------- Done invoking toplevel() on ptolemy.moml.MoMLSimpleApplication@65a00d3
reloadAllAccessors: .Dictionary2

===========================================================================================
----------------- testing Sun Apr 19 14:04:27 UTC 2020 /home/travis/build/icyphy/ptII/ptolemy/actor/lib/test/auto/Dictionary3.xml
----------------- Instantiating /home/travis/build/icyphy/ptII/ptolemy/actor/lib/test/auto/Dictionary3.xml
1 ms. Memory: 481280K Free: 394666K (82%)
----------------- Invoking toplevel() on ptolemy.moml.MoMLSimpleApplication@49dae82a
----------------- Done invoking toplevel() on ptolemy.moml.MoMLSimpleApplication@49dae82a
reloadAllAccessors: .Dictionary3

===========================================================================================
----------------- testing Sun Apr 19 14:04:27 UTC 2020 /home/travis/build/icyphy/ptII/ptolemy/actor/lib/test/auto/Dictionary4.xml
----------------- Instantiating /home/travis/build/icyphy/ptII/ptolemy/actor/lib/test/auto/Dictionary4.xml
2 ms. Memory: 481280K Free: 388008K (81%)
----------------- Invoking toplevel() on ptolemy.moml.MoMLSimpleApplication@4d24948f
----------------- Done invoking toplevel() on ptolemy.moml.MoMLSimpleApplication@4d24948f
reloadAllAccessors: .Dictionary4

===========================================================================================
----------------- testing Sun Apr 19 14:04:27 UTC 2020 /home/travis/build/icyphy/ptII/ptolemy/actor/lib/test/auto/Differential.xml
----------------- Instantiating /home/travis/build/icyphy/ptII/ptolemy/actor/lib/test/auto/Differential.xml
1 ms. Memory: 481280K Free: 383402K (80%)
----------------- Invoking toplevel() on ptolemy.moml.MoMLSimpleApplication@6aa430dd
----------------- Done invoking toplevel() on ptolemy.moml.MoMLSimpleApplication@6aa430dd
reloadAllAccessors: .Differential

===========================================================================================
----------------- testing Sun Apr 19 14:04:27 UTC 2020 /home/travis/build/icyphy/ptII/ptolemy/actor/lib/test/auto/Director.xml
----------------- Instantiating /home/travis/build/icyphy/ptII/ptolemy/actor/lib/test/auto/Director.xml
3 ms. Memory: 481280K Free: 379816K (79%)
----------------- Invoking toplevel() on ptolemy.moml.MoMLSimpleApplication@2e26295d
----------------- Done invoking toplevel() on ptolemy.moml.MoMLSimpleApplication@2e26295d
reloadAllAccessors: .Director

===========================================================================================
----------------- testing Sun Apr 19 14:04:27 UTC 2020 /home/travis/build/icyphy/ptII/ptolemy/actor/lib/test/auto/DiscreteClock.xml
----------------- Instantiating /home/travis/build/icyphy/ptII/ptolemy/actor/lib/test/auto/DiscreteClock.xml
1 ms. Memory: 481280K Free: 375720K (78%)
----------------- Invoking toplevel() on ptolemy.moml.MoMLSimpleApplication@6ec47572
----------------- Done invoking toplevel() on ptolemy.moml.MoMLSimpleApplication@6ec47572
reloadAllAccessors: .DiscreteClock

===========================================================================================
----------------- testing Sun Apr 19 14:04:27 UTC 2020 /home/travis/build/icyphy/ptII/ptolemy/actor/lib/test/auto/DiscreteClock10.xml
----------------- Instantiating /home/travis/build/icyphy/ptII/ptolemy/actor/lib/test/auto/DiscreteClock10.xml
3 ms. Memory: 481280K Free: 370090K (77%)
----------------- Invoking toplevel() on ptolemy.moml.MoMLSimpleApplication@3f24dca2
----------------- Done invoking toplevel() on ptolemy.moml.MoMLSimpleApplication@3f24dca2
reloadAllAccessors: .DiscreteClock10

===========================================================================================
----------------- testing Sun Apr 19 14:04:27 UTC 2020 /home/travis/build/icyphy/ptII/ptolemy/actor/lib/test/auto/DiscreteClock11.xml
----------------- Instantiating /home/travis/build/icyphy/ptII/ptolemy/actor/lib/test/auto/DiscreteClock11.xml
2 ms. Memory: 481280K Free: 363946K (76%)
----------------- Invoking toplevel() on ptolemy.moml.MoMLSimpleApplication@dd42b30
----------------- Done invoking toplevel() on ptolemy.moml.MoMLSimpleApplication@dd42b30
reloadAllAccessors: .DiscreteClock11

===========================================================================================
----------------- testing Sun Apr 19 14:04:27 UTC 2020 /home/travis/build/icyphy/ptII/ptolemy/actor/lib/test/auto/DiscreteClock12.xml
----------------- Instantiating /home/travis/build/icyphy/ptII/ptolemy/actor/lib/test/auto/DiscreteClock12.xml
2 ms. Memory: 481280K Free: 357802K (74%)
----------------- Invoking toplevel() on ptolemy.moml.MoMLSimpleApplication@6807b08a
----------------- Done invoking toplevel() on ptolemy.moml.MoMLSimpleApplication@6807b08a
reloadAllAccessors: .DiscreteClock12

===========================================================================================
----------------- testing Sun Apr 19 14:04:27 UTC 2020 /home/travis/build/icyphy/ptII/ptolemy/actor/lib/test/auto/DiscreteClock13.xml
----------------- Instantiating /home/travis/build/icyphy/ptII/ptolemy/actor/lib/test/auto/DiscreteClock13.xml
4 ms. Memory: 481280K Free: 352138K (73%)
----------------- Invoking toplevel() on ptolemy.moml.MoMLSimpleApplication@3b21b546
----------------- Done invoking toplevel() on ptolemy.moml.MoMLSimpleApplication@3b21b546
reloadAllAccessors: .DiscreteClock13

===========================================================================================
----------------- testing Sun Apr 19 14:04:27 UTC 2020 /home/travis/build/icyphy/ptII/ptolemy/actor/lib/test/auto/DiscreteClock14.xml
----------------- Instantiating /home/travis/build/icyphy/ptII/ptolemy/actor/lib/test/auto/DiscreteClock14.xml
4 ms. Memory: 481280K Free: 346010K (72%)
----------------- Invoking toplevel() on ptolemy.moml.MoMLSimpleApplication@28867a70
----------------- Done invoking toplevel() on ptolemy.moml.MoMLSimpleApplication@28867a70
reloadAllAccessors: .DiscreteClock14

===========================================================================================
----------------- testing Sun Apr 19 14:04:27 UTC 2020 /home/travis/build/icyphy/ptII/ptolemy/actor/lib/test/auto/DiscreteClock15.xml
----------------- Instantiating /home/travis/build/icyphy/ptII/ptolemy/actor/lib/test/auto/DiscreteClock15.xml
4 ms. Memory: 481280K Free: 339866K (71%)
----------------- Invoking toplevel() on ptolemy.moml.MoMLSimpleApplication@6bd69a2d
----------------- Done invoking toplevel() on ptolemy.moml.MoMLSimpleApplication@6bd69a2d
reloadAllAccessors: .DiscreteClock15

===========================================================================================
----------------- testing Sun Apr 19 14:04:27 UTC 2020 /home/travis/build/icyphy/ptII/ptolemy/actor/lib/test/auto/DiscreteClock16.xml
----------------- Instantiating /home/travis/build/icyphy/ptII/ptolemy/actor/lib/test/auto/DiscreteClock16.xml
15 ms. Memory: 481280K Free: 326058K (68%)
----------------- Invoking toplevel() on ptolemy.moml.MoMLSimpleApplication@6dfe0c81
----------------- Done invoking toplevel() on ptolemy.moml.MoMLSimpleApplication@6dfe0c81
reloadAllAccessors: .DiscreteClock16

===========================================================================================
----------------- testing Sun Apr 19 14:04:27 UTC 2020 /home/travis/build/icyphy/ptII/ptolemy/actor/lib/test/auto/DiscreteClock17.xml
----------------- Instantiating /home/travis/build/icyphy/ptII/ptolemy/actor/lib/test/auto/DiscreteClock17.xml
15 ms. Memory: 481280K Free: 311178K (65%)
----------------- Invoking toplevel() on ptolemy.moml.MoMLSimpleApplication@8d8370
----------------- Done invoking toplevel() on ptolemy.moml.MoMLSimpleApplication@8d8370
reloadAllAccessors: .DiscreteClock17

===========================================================================================
----------------- testing Sun Apr 19 14:04:27 UTC 2020 /home/travis/build/icyphy/ptII/ptolemy/actor/lib/test/auto/DiscreteClock18.xml
----------------- Instantiating /home/travis/build/icyphy/ptII/ptolemy/actor/lib/test/auto/DiscreteClock18.xml
19 ms. Memory: 481280K Free: 297896K (62%)
----------------- Invoking toplevel() on ptolemy.moml.MoMLSimpleApplication@2b30d1eb
----------------- Done invoking toplevel() on ptolemy.moml.MoMLSimpleApplication@2b30d1eb
reloadAllAccessors: .DiscreteClock18

===========================================================================================
----------------- testing Sun Apr 19 14:04:27 UTC 2020 /home/travis/build/icyphy/ptII/ptolemy/actor/lib/test/auto/DiscreteClock19.xml
----------------- Instantiating /home/travis/build/icyphy/ptII/ptolemy/actor/lib/test/auto/DiscreteClock19.xml
18 ms. Memory: 481280K Free: 284074K (59%)
----------------- Invoking toplevel() on ptolemy.moml.MoMLSimpleApplication@79b818db
----------------- Done invoking toplevel() on ptolemy.moml.MoMLSimpleApplication@79b818db
reloadAllAccessors: .DiscreteClock19

===========================================================================================
----------------- testing Sun Apr 19 14:04:27 UTC 2020 /home/travis/build/icyphy/ptII/ptolemy/actor/lib/test/auto/DiscreteClock2.xml
----------------- Instantiating /home/travis/build/icyphy/ptII/ptolemy/actor/lib/test/auto/DiscreteClock2.xml
3 ms. Memory: 481280K Free: 278954K (58%)
----------------- Invoking toplevel() on ptolemy.moml.MoMLSimpleApplication@5bdb765e
----------------- Done invoking toplevel() on ptolemy.moml.MoMLSimpleApplication@5bdb765e
reloadAllAccessors: .DiscreteClock2

===========================================================================================
----------------- testing Sun Apr 19 14:04:27 UTC 2020 /home/travis/build/icyphy/ptII/ptolemy/actor/lib/test/auto/DiscreteClock20.xml
----------------- Instantiating /home/travis/build/icyphy/ptII/ptolemy/actor/lib/test/auto/DiscreteClock20.xml
5 ms. Memory: 481280K Free: 273320K (57%)
----------------- Invoking toplevel() on ptolemy.moml.MoMLSimpleApplication@471752e7
----------------- Done invoking toplevel() on ptolemy.moml.MoMLSimpleApplication@471752e7
reloadAllAccessors: .DiscreteClock20

===========================================================================================
----------------- testing Sun Apr 19 14:04:27 UTC 2020 /home/travis/build/icyphy/ptII/ptolemy/actor/lib/test/auto/DiscreteClock21.xml
----------------- Instantiating /home/travis/build/icyphy/ptII/ptolemy/actor/lib/test/auto/DiscreteClock21.xml
5 ms. Memory: 481280K Free: 268200K (56%)
----------------- Invoking toplevel() on ptolemy.moml.MoMLSimpleApplication@21042b4f
----------------- Done invoking toplevel() on ptolemy.moml.MoMLSimpleApplication@21042b4f
reloadAllAccessors: .DiscreteClock21

===========================================================================================
----------------- testing Sun Apr 19 14:04:27 UTC 2020 /home/travis/build/icyphy/ptII/ptolemy/actor/lib/test/auto/DiscreteClock22.xml
----------------- Instantiating /home/travis/build/icyphy/ptII/ptolemy/actor/lib/test/auto/DiscreteClock22.xml
4 ms. Memory: 481280K Free: 262570K (55%)
----------------- Invoking toplevel() on ptolemy.moml.MoMLSimpleApplication@6f477a21
----------------- Done invoking toplevel() on ptolemy.moml.MoMLSimpleApplication@6f477a21
reloadAllAccessors: .DiscreteClock22

===========================================================================================
----------------- testing Sun Apr 19 14:04:27 UTC 2020 /home/travis/build/icyphy/ptII/ptolemy/actor/lib/test/auto/DiscreteClock23.xml
----------------- Instantiating /home/travis/build/icyphy/ptII/ptolemy/actor/lib/test/auto/DiscreteClock23.xml
8 ms. Memory: 481280K Free: 256936K (53%)
----------------- Invoking toplevel() on ptolemy.moml.MoMLSimpleApplication@2161c110
----------------- Done invoking toplevel() on ptolemy.moml.MoMLSimpleApplication@2161c110
reloadAllAccessors: .DiscreteClock23

===========================================================================================
----------------- testing Sun Apr 19 14:04:27 UTC 2020 /home/travis/build/icyphy/ptII/ptolemy/actor/lib/test/auto/DiscreteClock24.xml
----------------- Instantiating /home/travis/build/icyphy/ptII/ptolemy/actor/lib/test/auto/DiscreteClock24.xml
3 ms. Memory: 481280K Free: 251306K (52%)
----------------- Invoking toplevel() on ptolemy.moml.MoMLSimpleApplication@3656c3a3
----------------- Done invoking toplevel() on ptolemy.moml.MoMLSimpleApplication@3656c3a3
reloadAllAccessors: .DiscreteClock24

===========================================================================================
----------------- testing Sun Apr 19 14:04:27 UTC 2020 /home/travis/build/icyphy/ptII/ptolemy/actor/lib/test/auto/DiscreteClock4.xml
----------------- Instantiating /home/travis/build/icyphy/ptII/ptolemy/actor/lib/test/auto/DiscreteClock4.xml
3 ms. Memory: 481280K Free: 246186K (51%)
----------------- Invoking toplevel() on ptolemy.moml.MoMLSimpleApplication@4acedf1
----------------- Done invoking toplevel() on ptolemy.moml.MoMLSimpleApplication@4acedf1
reloadAllAccessors: .DiscreteClock4

===========================================================================================
----------------- testing Sun Apr 19 14:04:27 UTC 2020 /home/travis/build/icyphy/ptII/ptolemy/actor/lib/test/auto/DiscreteClock5.xml
----------------- Instantiating /home/travis/build/icyphy/ptII/ptolemy/actor/lib/test/auto/DiscreteClock5.xml
2 ms. Memory: 481280K Free: 240552K (50%)
----------------- Invoking toplevel() on ptolemy.moml.MoMLSimpleApplication@5f5fc29e
----------------- Done invoking toplevel() on ptolemy.moml.MoMLSimpleApplication@5f5fc29e
reloadAllAccessors: .DiscreteClock5

===========================================================================================
----------------- testing Sun Apr 19 14:04:27 UTC 2020 /home/travis/build/icyphy/ptII/ptolemy/actor/lib/test/auto/DiscreteClock6.xml
----------------- Instantiating /home/travis/build/icyphy/ptII/ptolemy/actor/lib/test/auto/DiscreteClock6.xml
1 ms. Memory: 481280K Free: 235946K (49%)
----------------- Invoking toplevel() on ptolemy.moml.MoMLSimpleApplication@d4f8e01
----------------- Done invoking toplevel() on ptolemy.moml.MoMLSimpleApplication@d4f8e01
reloadAllAccessors: .DiscreteClock6

===========================================================================================
----------------- testing Sun Apr 19 14:04:27 UTC 2020 /home/travis/build/icyphy/ptII/ptolemy/actor/lib/test/auto/DiscreteClock7.xml
----------------- Instantiating /home/travis/build/icyphy/ptII/ptolemy/actor/lib/test/auto/DiscreteClock7.xml
1 ms. Memory: 481280K Free: 231336K (48%)
----------------- Invoking toplevel() on ptolemy.moml.MoMLSimpleApplication@4ad83fb4
----------------- Done invoking toplevel() on ptolemy.moml.MoMLSimpleApplication@4ad83fb4
reloadAllAccessors: .DiscreteClock7

===========================================================================================
----------------- testing Sun Apr 19 14:04:27 UTC 2020 /home/travis/build/icyphy/ptII/ptolemy/actor/lib/test/auto/DiscreteClock8.xml
----------------- Instantiating /home/travis/build/icyphy/ptII/ptolemy/actor/lib/test/auto/DiscreteClock8.xml
2 ms. Memory: 481280K Free: 225706K (47%)
----------------- Invoking toplevel() on ptolemy.moml.MoMLSimpleApplication@3135cdac
----------------- Done invoking toplevel() on ptolemy.moml.MoMLSimpleApplication@3135cdac
reloadAllAccessors: .DiscreteClock8

===========================================================================================
----------------- testing Sun Apr 19 14:04:28 UTC 2020 /home/travis/build/icyphy/ptII/ptolemy/actor/lib/test/auto/DiscreteClock9.xml
----------------- Instantiating /home/travis/build/icyphy/ptII/ptolemy/actor/lib/test/auto/DiscreteClock9.xml
3 ms. Memory: 481280K Free: 220586K (46%)
----------------- Invoking toplevel() on ptolemy.moml.MoMLSimpleApplication@60c5e6
----------------- Done invoking toplevel() on ptolemy.moml.MoMLSimpleApplication@60c5e6
reloadAllAccessors: .DiscreteClock9

===========================================================================================
----------------- testing Sun Apr 19 14:04:28 UTC 2020 /home/travis/build/icyphy/ptII/ptolemy/actor/lib/test/auto/DisplayArray.xml
----------------- Instantiating /home/travis/build/icyphy/ptII/ptolemy/actor/lib/test/auto/DisplayArray.xml
1 ms. Memory: 481280K Free: 217000K (45%)
----------------- Invoking toplevel() on ptolemy.moml.MoMLSimpleApplication@73efbad9
----------------- Done invoking toplevel() on ptolemy.moml.MoMLSimpleApplication@73efbad9
reloadAllAccessors: .DisplayArray

===========================================================================================
----------------- testing Sun Apr 19 14:04:28 UTC 2020 /home/travis/build/icyphy/ptII/ptolemy/actor/lib/test/auto/Distributor.xml
----------------- Instantiating /home/travis/build/icyphy/ptII/ptolemy/actor/lib/test/auto/Distributor.xml
2 ms. Memory: 481280K Free: 211880K (44%)
----------------- Invoking toplevel() on ptolemy.moml.MoMLSimpleApplication@72be2cb5
----------------- Done invoking toplevel() on ptolemy.moml.MoMLSimpleApplication@72be2cb5
reloadAllAccessors: .Distributor

===========================================================================================
----------------- testing Sun Apr 19 14:04:28 UTC 2020 /home/travis/build/icyphy/ptII/ptolemy/actor/lib/test/auto/Distributor2.xml
----------------- Instantiating /home/travis/build/icyphy/ptII/ptolemy/actor/lib/test/auto/Distributor2.xml
1 ms. Memory: 481280K Free: 206760K (43%)
----------------- Invoking toplevel() on ptolemy.moml.MoMLSimpleApplication@7b3a1e4d
----------------- Done invoking toplevel() on ptolemy.moml.MoMLSimpleApplication@7b3a1e4d
reloadAllAccessors: .Distributor2

===========================================================================================
----------------- testing Sun Apr 19 14:04:28 UTC 2020 /home/travis/build/icyphy/ptII/ptolemy/actor/lib/test/auto/DownSample.xml
----------------- Instantiating /home/travis/build/icyphy/ptII/ptolemy/actor/lib/test/auto/DownSample.xml
1 ms. Memory: 481280K Free: 202664K (42%)
----------------- Invoking toplevel() on ptolemy.moml.MoMLSimpleApplication@17cf78f
----------------- Done invoking toplevel() on ptolemy.moml.MoMLSimpleApplication@17cf78f
reloadAllAccessors: .DownSample

===========================================================================================
----------------- testing Sun Apr 19 14:04:28 UTC 2020 /home/travis/build/icyphy/ptII/ptolemy/actor/lib/test/auto/ElectronicUnitBase1.xml
----------------- Instantiating /home/travis/build/icyphy/ptII/ptolemy/actor/lib/test/auto/ElectronicUnitBase1.xml
19 ms. Memory: 481280K Free: 186794K (39%)
----------------- Invoking toplevel() on ptolemy.moml.MoMLSimpleApplication@56e11b40
----------------- Done invoking toplevel() on ptolemy.moml.MoMLSimpleApplication@56e11b40
reloadAllAccessors: .ElectronicUnitBase1

===========================================================================================
----------------- testing Sun Apr 19 14:04:28 UTC 2020 /home/travis/build/icyphy/ptII/ptolemy/actor/lib/test/auto/ElementsToArray.xml
----------------- Instantiating /home/travis/build/icyphy/ptII/ptolemy/actor/lib/test/auto/ElementsToArray.xml
2 ms. Memory: 481280K Free: 181674K (38%)
----------------- Invoking toplevel() on ptolemy.moml.MoMLSimpleApplication@1a4b7f63
----------------- Done invoking toplevel() on ptolemy.moml.MoMLSimpleApplication@1a4b7f63
reloadAllAccessors: .ElementsToArray

===========================================================================================
----------------- testing Sun Apr 19 14:04:28 UTC 2020 /home/travis/build/icyphy/ptII/ptolemy/actor/lib/test/auto/Equals.xml
----------------- Instantiating /home/travis/build/icyphy/ptII/ptolemy/actor/lib/test/auto/Equals.xml
2 ms. Memory: 481280K Free: 177064K (37%)
----------------- Invoking toplevel() on ptolemy.moml.MoMLSimpleApplication@610a704d
----------------- Done invoking toplevel() on ptolemy.moml.MoMLSimpleApplication@610a704d
reloadAllAccessors: .Equals

===========================================================================================
----------------- testing Sun Apr 19 14:04:28 UTC 2020 /home/travis/build/icyphy/ptII/ptolemy/actor/lib/test/auto/Exec.xml
----------------- Instantiating /home/travis/build/icyphy/ptII/ptolemy/actor/lib/test/auto/Exec.xml
27 ms. Memory: 481280K Free: 432195K (90%)
----------------- Invoking toplevel() on ptolemy.moml.MoMLSimpleApplication@606b8a1
----------------- Done invoking toplevel() on ptolemy.moml.MoMLSimpleApplication@606b8a1
reloadAllAccessors: .Exec

===========================================================================================
----------------- testing Sun Apr 19 14:04:28 UTC 2020 /home/travis/build/icyphy/ptII/ptolemy/actor/lib/test/auto/ExecEnvironment.xml
----------------- Instantiating /home/travis/build/icyphy/ptII/ptolemy/actor/lib/test/auto/ExecEnvironment.xml
21 ms. Memory: 481280K Free: 426053K (89%)
----------------- Invoking toplevel() on ptolemy.moml.MoMLSimpleApplication@6711ed85
----------------- Done invoking toplevel() on ptolemy.moml.MoMLSimpleApplication@6711ed85
reloadAllAccessors: .ExecEnvironment

===========================================================================================
----------------- testing Sun Apr 19 14:04:28 UTC 2020 /home/travis/build/icyphy/ptII/ptolemy/actor/lib/test/auto/ExecNonZeroReturnOutput.xml
----------------- Instantiating /home/travis/build/icyphy/ptII/ptolemy/actor/lib/test/auto/ExecNonZeroReturnOutput.xml
166 ms. Memory: 481280K Free: 414789K (86%)
----------------- Invoking toplevel() on ptolemy.moml.MoMLSimpleApplication@2e06314a
----------------- Done invoking toplevel() on ptolemy.moml.MoMLSimpleApplication@2e06314a
reloadAllAccessors: .ExecNonZeroReturnOutput

===========================================================================================
----------------- testing Sun Apr 19 14:04:28 UTC 2020 /home/travis/build/icyphy/ptII/ptolemy/actor/lib/test/auto/ExecRunDemos.xml
----------------- Instantiating /home/travis/build/icyphy/ptII/ptolemy/actor/lib/test/auto/ExecRunDemos.xml
Finished: 47 ms. Memory: 129024K Free: 112328K (87%)

Finished: 85 ms. Memory: 129024K Free: 109498K (85%)

Finished: 69 ms. Memory: 129024K Free: 109617K (85%)

Finished: 91 ms. Memory: 129024K Free: 111349K (86%)

Finished: 69 ms. Memory: 129024K Free: 111859K (87%)

9827 ms. Memory: 481280K Free: 393283K (82%)
----------------- Invoking toplevel() on ptolemy.moml.MoMLSimpleApplication@206baa45
----------------- Done invoking toplevel() on ptolemy.moml.MoMLSimpleApplication@206baa45
reloadAllAccessors: .ExecRunDemos

===========================================================================================
----------------- testing Sun Apr 19 14:04:38 UTC 2020 /home/travis/build/icyphy/ptII/ptolemy/actor/lib/test/auto/ExecStop.xml
----------------- Instantiating /home/travis/build/icyphy/ptII/ptolemy/actor/lib/test/auto/ExecStop.xml
5012 ms. Memory: 481280K Free: 243267K (51%)
----------------- Invoking toplevel() on ptolemy.moml.MoMLSimpleApplication@f854c8f
----------------- Done invoking toplevel() on ptolemy.moml.MoMLSimpleApplication@f854c8f
reloadAllAccessors: .ExecStop

===========================================================================================
----------------- testing Sun Apr 19 14:04:43 UTC 2020 /home/travis/build/icyphy/ptII/ptolemy/actor/lib/test/auto/ExecutionTimeSDF.xml
----------------- Instantiating /home/travis/build/icyphy/ptII/ptolemy/actor/lib/test/auto/ExecutionTimeSDF.xml
Fired ExecutionTime: -460967296
Fired ExecutionTime: 1309200000
Fired ExecutionTime: 197432704
6005 ms. Memory: 481280K Free: 230965K (48%)
----------------- Invoking toplevel() on ptolemy.moml.MoMLSimpleApplication@5c9e2d0
----------------- Done invoking toplevel() on ptolemy.moml.MoMLSimpleApplication@5c9e2d0
reloadAllAccessors: .ExecutionTimeSDF

===========================================================================================
----------------- testing Sun Apr 19 14:04:49 UTC 2020 /home/travis/build/icyphy/ptII/ptolemy/actor/lib/test/auto/Expression1.xml
----------------- Instantiating /home/travis/build/icyphy/ptII/ptolemy/actor/lib/test/auto/Expression1.xml
1 ms. Memory: 481280K Free: 227397K (47%)
----------------- Invoking toplevel() on ptolemy.moml.MoMLSimpleApplication@6fe67076
----------------- Done invoking toplevel() on ptolemy.moml.MoMLSimpleApplication@6fe67076
reloadAllAccessors: .Expression1

===========================================================================================
----------------- testing Sun Apr 19 14:04:49 UTC 2020 /home/travis/build/icyphy/ptII/ptolemy/actor/lib/test/auto/Expression10.xml
----------------- Instantiating /home/travis/build/icyphy/ptII/ptolemy/actor/lib/test/auto/Expression10.xml
6 ms. Memory: 481280K Free: 222277K (46%)
----------------- Invoking toplevel() on ptolemy.moml.MoMLSimpleApplication@22fb1b2d
----------------- Done invoking toplevel() on ptolemy.moml.MoMLSimpleApplication@22fb1b2d
reloadAllAccessors: .Expression10

===========================================================================================
----------------- testing Sun Apr 19 14:04:49 UTC 2020 /home/travis/build/icyphy/ptII/ptolemy/actor/lib/test/auto/Expression11.xml
----------------- Instantiating /home/travis/build/icyphy/ptII/ptolemy/actor/lib/test/auto/Expression11.xml
1 ms. Memory: 481280K Free: 217667K (45%)
----------------- Invoking toplevel() on ptolemy.moml.MoMLSimpleApplication@7003196e
----------------- Done invoking toplevel() on ptolemy.moml.MoMLSimpleApplication@7003196e
reloadAllAccessors: .Expression11

===========================================================================================
----------------- testing Sun Apr 19 14:04:49 UTC 2020 /home/travis/build/icyphy/ptII/ptolemy/actor/lib/test/auto/Expression12.xml
----------------- Instantiating /home/travis/build/icyphy/ptII/ptolemy/actor/lib/test/auto/Expression12.xml
2 ms. Memory: 481280K Free: 212547K (44%)
----------------- Invoking toplevel() on ptolemy.moml.MoMLSimpleApplication@28fede0d
----------------- Done invoking toplevel() on ptolemy.moml.MoMLSimpleApplication@28fede0d
reloadAllAccessors: .Expression12

===========================================================================================
----------------- testing Sun Apr 19 14:04:49 UTC 2020 /home/travis/build/icyphy/ptII/ptolemy/actor/lib/test/auto/Expression13.xml
----------------- Instantiating /home/travis/build/icyphy/ptII/ptolemy/actor/lib/test/auto/Expression13.xml
3 ms. Memory: 481280K Free: 207427K (43%)
----------------- Invoking toplevel() on ptolemy.moml.MoMLSimpleApplication@59bd283
----------------- Done invoking toplevel() on ptolemy.moml.MoMLSimpleApplication@59bd283
reloadAllAccessors: .Expression13

===========================================================================================
----------------- testing Sun Apr 19 14:04:49 UTC 2020 /home/travis/build/icyphy/ptII/ptolemy/actor/lib/test/auto/Expression14.xml
----------------- Instantiating /home/travis/build/icyphy/ptII/ptolemy/actor/lib/test/auto/Expression14.xml
5 ms. Memory: 481280K Free: 201283K (42%)
----------------- Invoking toplevel() on ptolemy.moml.MoMLSimpleApplication@66b86bb9
----------------- Done invoking toplevel() on ptolemy.moml.MoMLSimpleApplication@66b86bb9
reloadAllAccessors: .Expression14

===========================================================================================
----------------- testing Sun Apr 19 14:04:49 UTC 2020 /home/travis/build/icyphy/ptII/ptolemy/actor/lib/test/auto/Expression15.xml
----------------- Instantiating /home/travis/build/icyphy/ptII/ptolemy/actor/lib/test/auto/Expression15.xml
1 ms. Memory: 481280K Free: 197701K (41%)
----------------- Invoking toplevel() on ptolemy.moml.MoMLSimpleApplication@50d8f54
----------------- Done invoking toplevel() on ptolemy.moml.MoMLSimpleApplication@50d8f54
reloadAllAccessors: .Expression15

===========================================================================================
----------------- testing Sun Apr 19 14:04:49 UTC 2020 /home/travis/build/icyphy/ptII/ptolemy/actor/lib/test/auto/Expression16.xml
----------------- Instantiating /home/travis/build/icyphy/ptII/ptolemy/actor/lib/test/auto/Expression16.xml
2 ms. Memory: 481280K Free: 192581K (40%)
----------------- Invoking toplevel() on ptolemy.moml.MoMLSimpleApplication@2a6f61d6
----------------- Done invoking toplevel() on ptolemy.moml.MoMLSimpleApplication@2a6f61d6
reloadAllAccessors: .Expression16

===========================================================================================
----------------- testing Sun Apr 19 14:04:49 UTC 2020 /home/travis/build/icyphy/ptII/ptolemy/actor/lib/test/auto/Expression17.xml
----------------- Instantiating /home/travis/build/icyphy/ptII/ptolemy/actor/lib/test/auto/Expression17.xml
2 ms. Memory: 481280K Free: 187971K (39%)
----------------- Invoking toplevel() on ptolemy.moml.MoMLSimpleApplication@3fb9bb7c
----------------- Done invoking toplevel() on ptolemy.moml.MoMLSimpleApplication@3fb9bb7c
reloadAllAccessors: .Expression17

===========================================================================================
----------------- testing Sun Apr 19 14:04:49 UTC 2020 /home/travis/build/icyphy/ptII/ptolemy/actor/lib/test/auto/Expression18.xml
----------------- Instantiating /home/travis/build/icyphy/ptII/ptolemy/actor/lib/test/auto/Expression18.xml
1 ms. Memory: 481280K Free: 182851K (38%)
----------------- Invoking toplevel() on ptolemy.moml.MoMLSimpleApplication@61a52711
----------------- Done invoking toplevel() on ptolemy.moml.MoMLSimpleApplication@61a52711
reloadAllAccessors: .Expression18

===========================================================================================
----------------- testing Sun Apr 19 14:04:49 UTC 2020 /home/travis/build/icyphy/ptII/ptolemy/actor/lib/test/auto/Expression2.xml
----------------- Instantiating /home/travis/build/icyphy/ptII/ptolemy/actor/lib/test/auto/Expression2.xml
3 ms. Memory: 481280K Free: 177731K (37%)
----------------- Invoking toplevel() on ptolemy.moml.MoMLSimpleApplication@48d6c4fb
----------------- Done invoking toplevel() on ptolemy.moml.MoMLSimpleApplication@48d6c4fb
reloadAllAccessors: .Expression2

===========================================================================================
----------------- testing Sun Apr 19 14:04:49 UTC 2020 /home/travis/build/icyphy/ptII/ptolemy/actor/lib/test/auto/Expression3.xml
----------------- Instantiating /home/travis/build/icyphy/ptII/ptolemy/actor/lib/test/auto/Expression3.xml
3 ms. Memory: 481280K Free: 173125K (36%)
----------------- Invoking toplevel() on ptolemy.moml.MoMLSimpleApplication@12ba035d
----------------- Done invoking toplevel() on ptolemy.moml.MoMLSimpleApplication@12ba035d
reloadAllAccessors: .Expression3

===========================================================================================
----------------- testing Sun Apr 19 14:04:49 UTC 2020 /home/travis/build/icyphy/ptII/ptolemy/actor/lib/test/auto/Expression4.xml
----------------- Instantiating /home/travis/build/icyphy/ptII/ptolemy/actor/lib/test/auto/Expression4.xml
3 ms. Memory: 481280K Free: 165443K (34%)
----------------- Invoking toplevel() on ptolemy.moml.MoMLSimpleApplication@22eb37e6
----------------- Done invoking toplevel() on ptolemy.moml.MoMLSimpleApplication@22eb37e6
reloadAllAccessors: .Expression4

===========================================================================================
----------------- testing Sun Apr 19 14:04:49 UTC 2020 /home/travis/build/icyphy/ptII/ptolemy/actor/lib/test/auto/Expression5.xml
----------------- Instantiating /home/travis/build/icyphy/ptII/ptolemy/actor/lib/test/auto/Expression5.xml
2 ms. Memory: 481280K Free: 160837K (33%)
----------------- Invoking toplevel() on ptolemy.moml.MoMLSimpleApplication@3368a7e7
----------------- Done invoking toplevel() on ptolemy.moml.MoMLSimpleApplication@3368a7e7
reloadAllAccessors: .Expression5

===========================================================================================
----------------- testing Sun Apr 19 14:04:49 UTC 2020 /home/travis/build/icyphy/ptII/ptolemy/actor/lib/test/auto/Expression6.xml
----------------- Instantiating /home/travis/build/icyphy/ptII/ptolemy/actor/lib/test/auto/Expression6.xml
2 ms. Memory: 481280K Free: 156227K (32%)
----------------- Invoking toplevel() on ptolemy.moml.MoMLSimpleApplication@28934a73
----------------- Done invoking toplevel() on ptolemy.moml.MoMLSimpleApplication@28934a73
reloadAllAccessors: .Expression6

===========================================================================================
----------------- testing Sun Apr 19 14:04:49 UTC 2020 /home/travis/build/icyphy/ptII/ptolemy/actor/lib/test/auto/Expression7.xml
----------------- Instantiating /home/travis/build/icyphy/ptII/ptolemy/actor/lib/test/auto/Expression7.xml
2 ms. Memory: 481280K Free: 151107K (31%)
----------------- Invoking toplevel() on ptolemy.moml.MoMLSimpleApplication@76f10ef1
----------------- Done invoking toplevel() on ptolemy.moml.MoMLSimpleApplication@76f10ef1
reloadAllAccessors: .Expression7

===========================================================================================
----------------- testing Sun Apr 19 14:04:49 UTC 2020 /home/travis/build/icyphy/ptII/ptolemy/actor/lib/test/auto/Expression8.xml
----------------- Instantiating /home/travis/build/icyphy/ptII/ptolemy/actor/lib/test/auto/Expression8.xml
16 ms. Memory: 481280K Free: 432273K (90%)
----------------- Invoking toplevel() on ptolemy.moml.MoMLSimpleApplication@74ce2980
----------------- Done invoking toplevel() on ptolemy.moml.MoMLSimpleApplication@74ce2980
reloadAllAccessors: .Expression8

===========================================================================================
----------------- testing Sun Apr 19 14:04:49 UTC 2020 /home/travis/build/icyphy/ptII/ptolemy/actor/lib/test/auto/Expression9.xml
----------------- Instantiating /home/travis/build/icyphy/ptII/ptolemy/actor/lib/test/auto/Expression9.xml
1 ms. Memory: 481280K Free: 427938K (89%)
----------------- Invoking toplevel() on ptolemy.moml.MoMLSimpleApplication@10d2da7c
----------------- Done invoking toplevel() on ptolemy.moml.MoMLSimpleApplication@10d2da7c
reloadAllAccessors: .Expression9

===========================================================================================
----------------- testing Sun Apr 19 14:04:49 UTC 2020 /home/travis/build/icyphy/ptII/ptolemy/actor/lib/test/auto/ExpressionConcatenateArrayType.xml
----------------- Instantiating /home/travis/build/icyphy/ptII/ptolemy/actor/lib/test/auto/ExpressionConcatenateArrayType.xml
3 ms. Memory: 481280K Free: 421280K (88%)
----------------- Invoking toplevel() on ptolemy.moml.MoMLSimpleApplication@6a1dd47f
----------------- Done invoking toplevel() on ptolemy.moml.MoMLSimpleApplication@6a1dd47f
reloadAllAccessors: .ExpressionConcatenateArrayType

===========================================================================================
----------------- testing Sun Apr 19 14:04:49 UTC 2020 /home/travis/build/icyphy/ptII/ptolemy/actor/lib/test/auto/ExpressionConcatenateArrayType2.xml
----------------- Instantiating /home/travis/build/icyphy/ptII/ptolemy/actor/lib/test/auto/ExpressionConcatenateArrayType2.xml
2 ms. Memory: 481280K Free: 416160K (86%)
----------------- Invoking toplevel() on ptolemy.moml.MoMLSimpleApplication@58800b83
----------------- Done invoking toplevel() on ptolemy.moml.MoMLSimpleApplication@58800b83
reloadAllAccessors: .ExpressionConcatenateArrayType2

===========================================================================================
----------------- testing Sun Apr 19 14:04:49 UTC 2020 /home/travis/build/icyphy/ptII/ptolemy/actor/lib/test/auto/ExpressionFix.xml
----------------- Instantiating /home/travis/build/icyphy/ptII/ptolemy/actor/lib/test/auto/ExpressionFix.xml
22 ms. Memory: 481280K Free: 409506K (85%)
----------------- Invoking toplevel() on ptolemy.moml.MoMLSimpleApplication@3edfd3e9
----------------- Done invoking toplevel() on ptolemy.moml.MoMLSimpleApplication@3edfd3e9
reloadAllAccessors: .ExpressionFix

===========================================================================================
----------------- testing Sun Apr 19 14:04:49 UTC 2020 /home/travis/build/icyphy/ptII/ptolemy/actor/lib/test/auto/ExpressionFix2.xml
----------------- Instantiating /home/travis/build/icyphy/ptII/ptolemy/actor/lib/test/auto/ExpressionFix2.xml
3 ms. Memory: 481280K Free: 405410K (84%)
----------------- Invoking toplevel() on ptolemy.moml.MoMLSimpleApplication@12a1bc18
----------------- Done invoking toplevel() on ptolemy.moml.MoMLSimpleApplication@12a1bc18
reloadAllAccessors: .ExpressionFix2

===========================================================================================
----------------- testing Sun Apr 19 14:04:49 UTC 2020 /home/travis/build/icyphy/ptII/ptolemy/actor/lib/test/auto/ExpressionFix3.xml
----------------- Instantiating /home/travis/build/icyphy/ptII/ptolemy/actor/lib/test/auto/ExpressionFix3.xml
3 ms. Memory: 481280K Free: 401314K (83%)
----------------- Invoking toplevel() on ptolemy.moml.MoMLSimpleApplication@19fe7298
----------------- Done invoking toplevel() on ptolemy.moml.MoMLSimpleApplication@19fe7298
reloadAllAccessors: .ExpressionFix3

===========================================================================================
----------------- testing Sun Apr 19 14:04:49 UTC 2020 /home/travis/build/icyphy/ptII/ptolemy/actor/lib/test/auto/FileWriter1.xml
----------------- Instantiating /home/travis/build/icyphy/ptII/ptolemy/actor/lib/test/auto/FileWriter1.xml
1 ms. Memory: 481280K Free: 397218K (83%)
----------------- Invoking toplevel() on ptolemy.moml.MoMLSimpleApplication@46acc22b
----------------- Done invoking toplevel() on ptolemy.moml.MoMLSimpleApplication@46acc22b
reloadAllAccessors: .FileWriter1

===========================================================================================
----------------- testing Sun Apr 19 14:04:49 UTC 2020 /home/travis/build/icyphy/ptII/ptolemy/actor/lib/test/auto/FileWriter2.xml
----------------- Instantiating /home/travis/build/icyphy/ptII/ptolemy/actor/lib/test/auto/FileWriter2.xml
2 ms. Memory: 481280K Free: 393122K (82%)
----------------- Invoking toplevel() on ptolemy.moml.MoMLSimpleApplication@2ff2ecec
----------------- Done invoking toplevel() on ptolemy.moml.MoMLSimpleApplication@2ff2ecec
reloadAllAccessors: .FileWriter2

===========================================================================================
----------------- testing Sun Apr 19 14:04:49 UTC 2020 /home/travis/build/icyphy/ptII/ptolemy/actor/lib/test/auto/FileWriter3.xml
----------------- Instantiating /home/travis/build/icyphy/ptII/ptolemy/actor/lib/test/auto/FileWriter3.xml
1 ms. Memory: 481280K Free: 389026K (81%)
----------------- Invoking toplevel() on ptolemy.moml.MoMLSimpleApplication@75fdb1c9
----------------- Done invoking toplevel() on ptolemy.moml.MoMLSimpleApplication@75fdb1c9
reloadAllAccessors: .FileWriter3

===========================================================================================
----------------- testing Sun Apr 19 14:04:49 UTC 2020 /home/travis/build/icyphy/ptII/ptolemy/actor/lib/test/auto/Gaussian.xml
----------------- Instantiating /home/travis/build/icyphy/ptII/ptolemy/actor/lib/test/auto/Gaussian.xml
3 ms. Memory: 481280K Free: 384416K (80%)
----------------- Invoking toplevel() on ptolemy.moml.MoMLSimpleApplication@4fd50124
----------------- Done invoking toplevel() on ptolemy.moml.MoMLSimpleApplication@4fd50124
reloadAllAccessors: .Gaussian

===========================================================================================
----------------- testing Sun Apr 19 14:04:49 UTC 2020 /home/travis/build/icyphy/ptII/ptolemy/actor/lib/test/auto/Gaussian1.xml
----------------- Instantiating /home/travis/build/icyphy/ptII/ptolemy/actor/lib/test/auto/Gaussian1.xml
9 ms. Memory: 481280K Free: 379266K (79%)
----------------- Invoking toplevel() on ptolemy.moml.MoMLSimpleApplication@701e706f
----------------- Done invoking toplevel() on ptolemy.moml.MoMLSimpleApplication@701e706f
reloadAllAccessors: .Gaussian1

===========================================================================================
----------------- testing Sun Apr 19 14:04:49 UTC 2020 /home/travis/build/icyphy/ptII/ptolemy/actor/lib/test/auto/Gaussian2.xml
----------------- Instantiating /home/travis/build/icyphy/ptII/ptolemy/actor/lib/test/auto/Gaussian2.xml
2 ms. Memory: 481280K Free: 373666K (78%)
----------------- Invoking toplevel() on ptolemy.moml.MoMLSimpleApplication@8c70e72
----------------- Done invoking toplevel() on ptolemy.moml.MoMLSimpleApplication@8c70e72
reloadAllAccessors: .Gaussian2

===========================================================================================
----------------- testing Sun Apr 19 14:04:49 UTC 2020 /home/travis/build/icyphy/ptII/ptolemy/actor/lib/test/auto/GradientAdaptiveLattice.xml
----------------- Instantiating /home/travis/build/icyphy/ptII/ptolemy/actor/lib/test/auto/GradientAdaptiveLattice.xml
4 ms. Memory: 481280K Free: 368546K (77%)
----------------- Invoking toplevel() on ptolemy.moml.MoMLSimpleApplication@4b0f8f39
----------------- Done invoking toplevel() on ptolemy.moml.MoMLSimpleApplication@4b0f8f39
reloadAllAccessors: .GradientAdaptiveLattice

===========================================================================================
----------------- testing Sun Apr 19 14:04:49 UTC 2020 /home/travis/build/icyphy/ptII/ptolemy/actor/lib/test/auto/IIR.xml
----------------- Instantiating /home/travis/build/icyphy/ptII/ptolemy/actor/lib/test/auto/IIR.xml
1 ms. Memory: 481280K Free: 364450K (76%)
----------------- Invoking toplevel() on ptolemy.moml.MoMLSimpleApplication@27c9c343
----------------- Done invoking toplevel() on ptolemy.moml.MoMLSimpleApplication@27c9c343
reloadAllAccessors: .IIR

===========================================================================================
----------------- testing Sun Apr 19 14:04:49 UTC 2020 /home/travis/build/icyphy/ptII/ptolemy/actor/lib/test/auto/InputOutputTransparentPorts.xml
----------------- Instantiating /home/travis/build/icyphy/ptII/ptolemy/actor/lib/test/auto/InputOutputTransparentPorts.xml
2 ms. Memory: 481280K Free: 356768K (74%)
----------------- Invoking toplevel() on ptolemy.moml.MoMLSimpleApplication@3f4ca3bd
----------------- Done invoking toplevel() on ptolemy.moml.MoMLSimpleApplication@3f4ca3bd
reloadAllAccessors: .InputOutputTransparentPorts

===========================================================================================
----------------- testing Sun Apr 19 14:04:49 UTC 2020 /home/travis/build/icyphy/ptII/ptolemy/actor/lib/test/auto/Interpolator.xml
----------------- Instantiating /home/travis/build/icyphy/ptII/ptolemy/actor/lib/test/auto/Interpolator.xml
4 ms. Memory: 481280K Free: 352672K (73%)
----------------- Invoking toplevel() on ptolemy.moml.MoMLSimpleApplication@58261cd5
----------------- Done invoking toplevel() on ptolemy.moml.MoMLSimpleApplication@58261cd5
reloadAllAccessors: .Interpolator

===========================================================================================
----------------- testing Sun Apr 19 14:04:50 UTC 2020 /home/travis/build/icyphy/ptII/ptolemy/actor/lib/test/auto/InterpolatorFiringLimitDE.xml
----------------- Instantiating /home/travis/build/icyphy/ptII/ptolemy/actor/lib/test/auto/InterpolatorFiringLimitDE.xml
2 ms. Memory: 481280K Free: 347042K (72%)
----------------- Invoking toplevel() on ptolemy.moml.MoMLSimpleApplication@1b9dddb5
----------------- Done invoking toplevel() on ptolemy.moml.MoMLSimpleApplication@1b9dddb5
reloadAllAccessors: .InterpolatorFiringLimitDE

===========================================================================================
----------------- testing Sun Apr 19 14:04:50 UTC 2020 /home/travis/build/icyphy/ptII/ptolemy/actor/lib/test/auto/Lattice.xml
----------------- Instantiating /home/travis/build/icyphy/ptII/ptolemy/actor/lib/test/auto/Lattice.xml
1 ms. Memory: 481280K Free: 342946K (71%)
----------------- Invoking toplevel() on ptolemy.moml.MoMLSimpleApplication@3a8ae5b6
----------------- Done invoking toplevel() on ptolemy.moml.MoMLSimpleApplication@3a8ae5b6
reloadAllAccessors: .Lattice

===========================================================================================
----------------- testing Sun Apr 19 14:04:50 UTC 2020 /home/travis/build/icyphy/ptII/ptolemy/actor/lib/test/auto/LazyAOCTestLazy.xml
----------------- Instantiating /home/travis/build/icyphy/ptII/ptolemy/actor/lib/test/auto/LazyAOCTestLazy.xml
19 ms. Memory: 481280K Free: 336802K (70%)
----------------- Invoking toplevel() on ptolemy.moml.MoMLSimpleApplication@6ac310b1
----------------- Done invoking toplevel() on ptolemy.moml.MoMLSimpleApplication@6ac310b1
reloadAllAccessors: .LazyAOCTestLazy

===========================================================================================
----------------- testing Sun Apr 19 14:04:50 UTC 2020 /home/travis/build/icyphy/ptII/ptolemy/actor/lib/test/auto/LazyAOCTestNonLazy.xml
----------------- Instantiating /home/travis/build/icyphy/ptII/ptolemy/actor/lib/test/auto/LazyAOCTestNonLazy.xml
1 ms. Memory: 481280K Free: 330658K (69%)
----------------- Invoking toplevel() on ptolemy.moml.MoMLSimpleApplication@650a8e6b
----------------- Done invoking toplevel() on ptolemy.moml.MoMLSimpleApplication@650a8e6b
reloadAllAccessors: .LazyAOCTestNonLazy

===========================================================================================
----------------- testing Sun Apr 19 14:04:50 UTC 2020 /home/travis/build/icyphy/ptII/ptolemy/actor/lib/test/auto/LazyInnerClass.xml
----------------- Instantiating /home/travis/build/icyphy/ptII/ptolemy/actor/lib/test/auto/LazyInnerClass.xml
18 ms. Memory: 481280K Free: 321922K (67%)
----------------- Invoking toplevel() on ptolemy.moml.MoMLSimpleApplication@38b89656
----------------- Done invoking toplevel() on ptolemy.moml.MoMLSimpleApplication@38b89656
reloadAllAccessors: .LazyInnerClass

===========================================================================================
----------------- testing Sun Apr 19 14:04:50 UTC 2020 /home/travis/build/icyphy/ptII/ptolemy/actor/lib/test/auto/LazyPubSub.xml
----------------- Instantiating /home/travis/build/icyphy/ptII/ptolemy/actor/lib/test/auto/LazyPubSub.xml
17 ms. Memory: 481280K Free: 311712K (65%)
----------------- Invoking toplevel() on ptolemy.moml.MoMLSimpleApplication@1c330eab
----------------- Done invoking toplevel() on ptolemy.moml.MoMLSimpleApplication@1c330eab
reloadAllAccessors: .LazyPubSub

===========================================================================================
----------------- testing Sun Apr 19 14:04:50 UTC 2020 /home/travis/build/icyphy/ptII/ptolemy/actor/lib/test/auto/LazyPubSub2.xml
----------------- Instantiating /home/travis/build/icyphy/ptII/ptolemy/actor/lib/test/auto/LazyPubSub2.xml
14 ms. Memory: 481280K Free: 301472K (63%)
----------------- Invoking toplevel() on ptolemy.moml.MoMLSimpleApplication@6d3835a4
----------------- Done invoking toplevel() on ptolemy.moml.MoMLSimpleApplication@6d3835a4
reloadAllAccessors: .LazyPubSub2

===========================================================================================
----------------- testing Sun Apr 19 14:04:50 UTC 2020 /home/travis/build/icyphy/ptII/ptolemy/actor/lib/test/auto/LazyPubSub3.xml
----------------- Instantiating /home/travis/build/icyphy/ptII/ptolemy/actor/lib/test/auto/LazyPubSub3.xml
11 ms. Memory: 481280K Free: 292256K (61%)
----------------- Invoking toplevel() on ptolemy.moml.MoMLSimpleApplication@58d1c743
----------------- Done invoking toplevel() on ptolemy.moml.MoMLSimpleApplication@58d1c743
reloadAllAccessors: .LazyPubSub3

===========================================================================================
----------------- testing Sun Apr 19 14:04:50 UTC 2020 /home/travis/build/icyphy/ptII/ptolemy/actor/lib/test/auto/LazySubClassModel.xml
----------------- Instantiating /home/travis/build/icyphy/ptII/ptolemy/actor/lib/test/auto/LazySubClassModel.xml
2 ms. Memory: 481280K Free: 283040K (59%)
----------------- Invoking toplevel() on ptolemy.moml.MoMLSimpleApplication@1db0baf1
----------------- Done invoking toplevel() on ptolemy.moml.MoMLSimpleApplication@1db0baf1
reloadAllAccessors: .LazySubClassModel

===========================================================================================
----------------- testing Sun Apr 19 14:04:50 UTC 2020 /home/travis/build/icyphy/ptII/ptolemy/actor/lib/test/auto/LevelCrossTest1.xml
----------------- Instantiating /home/travis/build/icyphy/ptII/ptolemy/actor/lib/test/auto/LevelCrossTest1.xml
1 ms. Memory: 481280K Free: 277410K (58%)
----------------- Invoking toplevel() on ptolemy.moml.MoMLSimpleApplication@455194fe
----------------- Done invoking toplevel() on ptolemy.moml.MoMLSimpleApplication@455194fe
reloadAllAccessors: .broken

===========================================================================================
----------------- testing Sun Apr 19 14:04:50 UTC 2020 /home/travis/build/icyphy/ptII/ptolemy/actor/lib/test/auto/LevelCrossTest10.xml
----------------- Instantiating /home/travis/build/icyphy/ptII/ptolemy/actor/lib/test/auto/LevelCrossTest10.xml
1 ms. Memory: 481280K Free: 270242K (56%)
----------------- Invoking toplevel() on ptolemy.moml.MoMLSimpleApplication@77ffc3a7
----------------- Done invoking toplevel() on ptolemy.moml.MoMLSimpleApplication@77ffc3a7
reloadAllAccessors: .LevelCrossTest10

===========================================================================================
----------------- testing Sun Apr 19 14:04:50 UTC 2020 /home/travis/build/icyphy/ptII/ptolemy/actor/lib/test/auto/LevelCrossTest11.xml
----------------- Instantiating /home/travis/build/icyphy/ptII/ptolemy/actor/lib/test/auto/LevelCrossTest11.xml
1 ms. Memory: 481280K Free: 263584K (55%)
----------------- Invoking toplevel() on ptolemy.moml.MoMLSimpleApplication@7d7d50b7
----------------- Done invoking toplevel() on ptolemy.moml.MoMLSimpleApplication@7d7d50b7
reloadAllAccessors: .LevelCrossTest11

===========================================================================================
----------------- testing Sun Apr 19 14:04:50 UTC 2020 /home/travis/build/icyphy/ptII/ptolemy/actor/lib/test/auto/LevelCrossTest12.xml
----------------- Instantiating /home/travis/build/icyphy/ptII/ptolemy/actor/lib/test/auto/LevelCrossTest12.xml
1 ms. Memory: 481280K Free: 256930K (53%)
----------------- Invoking toplevel() on ptolemy.moml.MoMLSimpleApplication@22a7affb
----------------- Done invoking toplevel() on ptolemy.moml.MoMLSimpleApplication@22a7affb
reloadAllAccessors: .LevelCrossTest12

===========================================================================================
----------------- testing Sun Apr 19 14:04:50 UTC 2020 /home/travis/build/icyphy/ptII/ptolemy/actor/lib/test/auto/LevelCrossTest13.xml
----------------- Instantiating /home/travis/build/icyphy/ptII/ptolemy/actor/lib/test/auto/LevelCrossTest13.xml
1 ms. Memory: 481280K Free: 249248K (52%)
----------------- Invoking toplevel() on ptolemy.moml.MoMLSimpleApplication@6d61e3d4
----------------- Done invoking toplevel() on ptolemy.moml.MoMLSimpleApplication@6d61e3d4
reloadAllAccessors: .LevelCrossTest13

===========================================================================================
----------------- testing Sun Apr 19 14:04:50 UTC 2020 /home/travis/build/icyphy/ptII/ptolemy/actor/lib/test/auto/LevelCrossTest2.xml
----------------- Instantiating /home/travis/build/icyphy/ptII/ptolemy/actor/lib/test/auto/LevelCrossTest2.xml
1 ms. Memory: 481280K Free: 243618K (51%)
----------------- Invoking toplevel() on ptolemy.moml.MoMLSimpleApplication@2b4a0717
----------------- Done invoking toplevel() on ptolemy.moml.MoMLSimpleApplication@2b4a0717
reloadAllAccessors: .broken

===========================================================================================
----------------- testing Sun Apr 19 14:04:50 UTC 2020 /home/travis/build/icyphy/ptII/ptolemy/actor/lib/test/auto/LevelCrossTest3.xml
----------------- Instantiating /home/travis/build/icyphy/ptII/ptolemy/actor/lib/test/auto/LevelCrossTest3.xml
1 ms. Memory: 481280K Free: 236960K (49%)
----------------- Invoking toplevel() on ptolemy.moml.MoMLSimpleApplication@5b9db05c
----------------- Done invoking toplevel() on ptolemy.moml.MoMLSimpleApplication@5b9db05c
reloadAllAccessors: .LevelCrossTest3

===========================================================================================
----------------- testing Sun Apr 19 14:04:50 UTC 2020 /home/travis/build/icyphy/ptII/ptolemy/actor/lib/test/auto/LevelCrossTest4.xml
----------------- Instantiating /home/travis/build/icyphy/ptII/ptolemy/actor/lib/test/auto/LevelCrossTest4.xml
1 ms. Memory: 481280K Free: 231840K (48%)
----------------- Invoking toplevel() on ptolemy.moml.MoMLSimpleApplication@68305ba
----------------- Done invoking toplevel() on ptolemy.moml.MoMLSimpleApplication@68305ba
reloadAllAccessors: .broken

===========================================================================================
----------------- testing Sun Apr 19 14:04:50 UTC 2020 /home/travis/build/icyphy/ptII/ptolemy/actor/lib/test/auto/LevelCrossTest5.xml
----------------- Instantiating /home/travis/build/icyphy/ptII/ptolemy/actor/lib/test/auto/LevelCrossTest5.xml
1 ms. Memory: 481280K Free: 225186K (47%)
----------------- Invoking toplevel() on ptolemy.moml.MoMLSimpleApplication@592f839a
----------------- Done invoking toplevel() on ptolemy.moml.MoMLSimpleApplication@592f839a
reloadAllAccessors: .LevelCrossTest5

===========================================================================================
----------------- testing Sun Apr 19 14:04:50 UTC 2020 /home/travis/build/icyphy/ptII/ptolemy/actor/lib/test/auto/LevelCrossTest6.xml
----------------- Instantiating /home/travis/build/icyphy/ptII/ptolemy/actor/lib/test/auto/LevelCrossTest6.xml
1 ms. Memory: 481280K Free: 218528K (45%)
----------------- Invoking toplevel() on ptolemy.moml.MoMLSimpleApplication@6c558c9d
----------------- Done invoking toplevel() on ptolemy.moml.MoMLSimpleApplication@6c558c9d
reloadAllAccessors: .LevelCrossTest6

===========================================================================================
----------------- testing Sun Apr 19 14:04:50 UTC 2020 /home/travis/build/icyphy/ptII/ptolemy/actor/lib/test/auto/LevelCrossTest7.xml
----------------- Instantiating /home/travis/build/icyphy/ptII/ptolemy/actor/lib/test/auto/LevelCrossTest7.xml
0 ms. Memory: 481280K Free: 210850K (44%)
----------------- Invoking toplevel() on ptolemy.moml.MoMLSimpleApplication@4e42448b
----------------- Done invoking toplevel() on ptolemy.moml.MoMLSimpleApplication@4e42448b
reloadAllAccessors: .LevelCrossTest7

===========================================================================================
----------------- testing Sun Apr 19 14:04:50 UTC 2020 /home/travis/build/icyphy/ptII/ptolemy/actor/lib/test/auto/LevelCrossTest8.xml
----------------- Instantiating /home/travis/build/icyphy/ptII/ptolemy/actor/lib/test/auto/LevelCrossTest8.xml
5 ms. Memory: 481280K Free: 203682K (42%)
----------------- Invoking toplevel() on ptolemy.moml.MoMLSimpleApplication@45234dda
----------------- Done invoking toplevel() on ptolemy.moml.MoMLSimpleApplication@45234dda
reloadAllAccessors: .LevelCrossTest8

===========================================================================================
----------------- testing Sun Apr 19 14:04:50 UTC 2020 /home/travis/build/icyphy/ptII/ptolemy/actor/lib/test/auto/LevelCrossTest9.xml
----------------- Instantiating /home/travis/build/icyphy/ptII/ptolemy/actor/lib/test/auto/LevelCrossTest9.xml
1 ms. Memory: 481280K Free: 196514K (41%)
----------------- Invoking toplevel() on ptolemy.moml.MoMLSimpleApplication@1221ecac
----------------- Done invoking toplevel() on ptolemy.moml.MoMLSimpleApplication@1221ecac
reloadAllAccessors: .LevelCrossTest9

===========================================================================================
----------------- testing Sun Apr 19 14:04:50 UTC 2020 /home/travis/build/icyphy/ptII/ptolemy/actor/lib/test/auto/LevinsonDurbin.xml
----------------- Instantiating /home/travis/build/icyphy/ptII/ptolemy/actor/lib/test/auto/LevinsonDurbin.xml
1 ms. Memory: 481280K Free: 192418K (40%)
----------------- Invoking toplevel() on ptolemy.moml.MoMLSimpleApplication@673752a4
----------------- Done invoking toplevel() on ptolemy.moml.MoMLSimpleApplication@673752a4
reloadAllAccessors: .LevinsonDurbin

===========================================================================================
----------------- testing Sun Apr 19 14:04:50 UTC 2020 /home/travis/build/icyphy/ptII/ptolemy/actor/lib/test/auto/LevinsonDurbin2.xml
----------------- Instantiating /home/travis/build/icyphy/ptII/ptolemy/actor/lib/test/auto/LevinsonDurbin2.xml
1 ms. Memory: 481280K Free: 188832K (39%)
----------------- Invoking toplevel() on ptolemy.moml.MoMLSimpleApplication@4683a861
----------------- Done invoking toplevel() on ptolemy.moml.MoMLSimpleApplication@4683a861
reloadAllAccessors: .LevinsonDurbin2

===========================================================================================
----------------- testing Sun Apr 19 14:04:50 UTC 2020 /home/travis/build/icyphy/ptII/ptolemy/actor/lib/test/auto/LevinsonDurbin3.xml
----------------- Instantiating /home/travis/build/icyphy/ptII/ptolemy/actor/lib/test/auto/LevinsonDurbin3.xml
2 ms. Memory: 481280K Free: 184736K (38%)
----------------- Invoking toplevel() on ptolemy.moml.MoMLSimpleApplication@f88d0eb
----------------- Done invoking toplevel() on ptolemy.moml.MoMLSimpleApplication@f88d0eb
reloadAllAccessors: .LevinsonDurbin3

===========================================================================================
----------------- testing Sun Apr 19 14:04:50 UTC 2020 /home/travis/build/icyphy/ptII/ptolemy/actor/lib/test/auto/Limiter.xml
----------------- Instantiating /home/travis/build/icyphy/ptII/ptolemy/actor/lib/test/auto/Limiter.xml
5 ms. Memory: 481280K Free: 175506K (36%)
----------------- Invoking toplevel() on ptolemy.moml.MoMLSimpleApplication@4dc8b142
----------------- Done invoking toplevel() on ptolemy.moml.MoMLSimpleApplication@4dc8b142
reloadAllAccessors: .Limiter

===========================================================================================
----------------- testing Sun Apr 19 14:04:50 UTC 2020 /home/travis/build/icyphy/ptII/ptolemy/actor/lib/test/auto/LinearDifferenceEquationSystem.xml
----------------- Instantiating /home/travis/build/icyphy/ptII/ptolemy/actor/lib/test/auto/LinearDifferenceEquationSystem.xml
12 ms. Memory: 481280K Free: 167842K (35%)
----------------- Invoking toplevel() on ptolemy.moml.MoMLSimpleApplication@48b4da35
----------------- Done invoking toplevel() on ptolemy.moml.MoMLSimpleApplication@48b4da35
reloadAllAccessors: .LinearDifferenceEquationSystem

===========================================================================================
----------------- testing Sun Apr 19 14:04:50 UTC 2020 /home/travis/build/icyphy/ptII/ptolemy/actor/lib/test/auto/LookupTable.xml
----------------- Instantiating /home/travis/build/icyphy/ptII/ptolemy/actor/lib/test/auto/LookupTable.xml
1 ms. Memory: 481280K Free: 163746K (34%)
----------------- Invoking toplevel() on ptolemy.moml.MoMLSimpleApplication@174888ba
----------------- Done invoking toplevel() on ptolemy.moml.MoMLSimpleApplication@174888ba
reloadAllAccessors: .LookupTable

===========================================================================================
----------------- testing Sun Apr 19 14:04:50 UTC 2020 /home/travis/build/icyphy/ptII/ptolemy/actor/lib/test/auto/MathFunction.xml
----------------- Instantiating /home/travis/build/icyphy/ptII/ptolemy/actor/lib/test/auto/MathFunction.xml
2 ms. Memory: 481280K Free: 155554K (32%)
----------------- Invoking toplevel() on ptolemy.moml.MoMLSimpleApplication@10f97b48
----------------- Done invoking toplevel() on ptolemy.moml.MoMLSimpleApplication@10f97b48
reloadAllAccessors: .MathFunction

===========================================================================================
----------------- testing Sun Apr 19 14:04:50 UTC 2020 /home/travis/build/icyphy/ptII/ptolemy/actor/lib/test/auto/MathFunction2.xml
----------------- Instantiating /home/travis/build/icyphy/ptII/ptolemy/actor/lib/test/auto/MathFunction2.xml
1 ms. Memory: 481280K Free: 151458K (31%)
----------------- Invoking toplevel() on ptolemy.moml.MoMLSimpleApplication@3110a857
----------------- Done invoking toplevel() on ptolemy.moml.MoMLSimpleApplication@3110a857
reloadAllAccessors: .MathFunction2

===========================================================================================
----------------- testing Sun Apr 19 14:04:50 UTC 2020 /home/travis/build/icyphy/ptII/ptolemy/actor/lib/test/auto/MathFunction3.xml
----------------- Instantiating /home/travis/build/icyphy/ptII/ptolemy/actor/lib/test/auto/MathFunction3.xml
2 ms. Memory: 481280K Free: 430039K (89%)
----------------- Invoking toplevel() on ptolemy.moml.MoMLSimpleApplication@3e676f89
----------------- Done invoking toplevel() on ptolemy.moml.MoMLSimpleApplication@3e676f89
reloadAllAccessors: .MathFunction3

===========================================================================================
----------------- testing Sun Apr 19 14:04:50 UTC 2020 /home/travis/build/icyphy/ptII/ptolemy/actor/lib/test/auto/MatrixCropBoolean.xml
----------------- Instantiating /home/travis/build/icyphy/ptII/ptolemy/actor/lib/test/auto/MatrixCropBoolean.xml
2 ms. Memory: 481280K Free: 424919K (88%)
----------------- Invoking toplevel() on ptolemy.moml.MoMLSimpleApplication@2539f32e
----------------- Done invoking toplevel() on ptolemy.moml.MoMLSimpleApplication@2539f32e
reloadAllAccessors: .MatrixCropBoolean

===========================================================================================
----------------- testing Sun Apr 19 14:04:50 UTC 2020 /home/travis/build/icyphy/ptII/ptolemy/actor/lib/test/auto/MatrixCropComplex.xml
----------------- Instantiating /home/travis/build/icyphy/ptII/ptolemy/actor/lib/test/auto/MatrixCropComplex.xml
2 ms. Memory: 481280K Free: 419799K (87%)
----------------- Invoking toplevel() on ptolemy.moml.MoMLSimpleApplication@2d44aad1
----------------- Done invoking toplevel() on ptolemy.moml.MoMLSimpleApplication@2d44aad1
reloadAllAccessors: .MatrixCropComplex

===========================================================================================
----------------- testing Sun Apr 19 14:04:50 UTC 2020 /home/travis/build/icyphy/ptII/ptolemy/actor/lib/test/auto/MatrixCropDouble.xml
----------------- Instantiating /home/travis/build/icyphy/ptII/ptolemy/actor/lib/test/auto/MatrixCropDouble.xml
1 ms. Memory: 481280K Free: 415223K (86%)
----------------- Invoking toplevel() on ptolemy.moml.MoMLSimpleApplication@7c2163fa
----------------- Done invoking toplevel() on ptolemy.moml.MoMLSimpleApplication@7c2163fa
reloadAllAccessors: .MatrixCropDouble

===========================================================================================
----------------- testing Sun Apr 19 14:04:50 UTC 2020 /home/travis/build/icyphy/ptII/ptolemy/actor/lib/test/auto/MatrixCropFix.xml
----------------- Instantiating /home/travis/build/icyphy/ptII/ptolemy/actor/lib/test/auto/MatrixCropFix.xml
1 ms. Memory: 481280K Free: 410103K (85%)
----------------- Invoking toplevel() on ptolemy.moml.MoMLSimpleApplication@8d69c66
----------------- Done invoking toplevel() on ptolemy.moml.MoMLSimpleApplication@8d69c66
reloadAllAccessors: .MatrixCropFix

===========================================================================================
----------------- testing Sun Apr 19 14:04:50 UTC 2020 /home/travis/build/icyphy/ptII/ptolemy/actor/lib/test/auto/MatrixCropInt.xml
----------------- Instantiating /home/travis/build/icyphy/ptII/ptolemy/actor/lib/test/auto/MatrixCropInt.xml
1 ms. Memory: 481280K Free: 406007K (84%)
----------------- Invoking toplevel() on ptolemy.moml.MoMLSimpleApplication@7708d5bd
----------------- Done invoking toplevel() on ptolemy.moml.MoMLSimpleApplication@7708d5bd
reloadAllAccessors: .MatrixCropInt

===========================================================================================
----------------- testing Sun Apr 19 14:04:50 UTC 2020 /home/travis/build/icyphy/ptII/ptolemy/actor/lib/test/auto/MatrixCropLong.xml
----------------- Instantiating /home/travis/build/icyphy/ptII/ptolemy/actor/lib/test/auto/MatrixCropLong.xml
2 ms. Memory: 481280K Free: 401367K (83%)
----------------- Invoking toplevel() on ptolemy.moml.MoMLSimpleApplication@56b55c68
----------------- Done invoking toplevel() on ptolemy.moml.MoMLSimpleApplication@56b55c68
reloadAllAccessors: .MatrixCropLong

===========================================================================================
----------------- testing Sun Apr 19 14:04:50 UTC 2020 /home/travis/build/icyphy/ptII/ptolemy/actor/lib/test/auto/MatrixToArray.xml
----------------- Instantiating /home/travis/build/icyphy/ptII/ptolemy/actor/lib/test/auto/MatrixToArray.xml
11 ms. Memory: 481280K Free: 386037K (80%)
----------------- Invoking toplevel() on ptolemy.moml.MoMLSimpleApplication@6b48a01e
----------------- Done invoking toplevel() on ptolemy.moml.MoMLSimpleApplication@6b48a01e
reloadAllAccessors: .MatrixToArray

===========================================================================================
----------------- testing Sun Apr 19 14:04:50 UTC 2020 /home/travis/build/icyphy/ptII/ptolemy/actor/lib/test/auto/MaxIndex.xml
----------------- Instantiating /home/travis/build/icyphy/ptII/ptolemy/actor/lib/test/auto/MaxIndex.xml
3 ms. Memory: 481280K Free: 380917K (79%)
----------------- Invoking toplevel() on ptolemy.moml.MoMLSimpleApplication@17df4283
----------------- Done invoking toplevel() on ptolemy.moml.MoMLSimpleApplication@17df4283
reloadAllAccessors: .MaxIndex

===========================================================================================
----------------- testing Sun Apr 19 14:04:50 UTC 2020 /home/travis/build/icyphy/ptII/ptolemy/actor/lib/test/auto/Maximum.xml
----------------- Instantiating /home/travis/build/icyphy/ptII/ptolemy/actor/lib/test/auto/Maximum.xml
5 ms. Memory: 481280K Free: 374263K (78%)
----------------- Invoking toplevel() on ptolemy.moml.MoMLSimpleApplication@2a0d0a4e
----------------- Done invoking toplevel() on ptolemy.moml.MoMLSimpleApplication@2a0d0a4e
reloadAllAccessors: .Maximum

===========================================================================================
----------------- testing Sun Apr 19 14:04:50 UTC 2020 /home/travis/build/icyphy/ptII/ptolemy/actor/lib/test/auto/MaximumComplex.xml
----------------- Instantiating /home/travis/build/icyphy/ptII/ptolemy/actor/lib/test/auto/MaximumComplex.xml
4 ms. Memory: 481280K Free: 368615K (77%)
----------------- Invoking toplevel() on ptolemy.moml.MoMLSimpleApplication@76015db0
----------------- Done invoking toplevel() on ptolemy.moml.MoMLSimpleApplication@76015db0
reloadAllAccessors: .MaximumComplex

===========================================================================================
----------------- testing Sun Apr 19 14:04:50 UTC 2020 /home/travis/build/icyphy/ptII/ptolemy/actor/lib/test/auto/MethodCallTest.xml
----------------- Instantiating /home/travis/build/icyphy/ptII/ptolemy/actor/lib/test/auto/MethodCallTest.xml
3 ms. Memory: 481280K Free: 361975K (75%)
----------------- Invoking toplevel() on ptolemy.moml.MoMLSimpleApplication@61093d47
----------------- Done invoking toplevel() on ptolemy.moml.MoMLSimpleApplication@61093d47
reloadAllAccessors: .MethodCallTest

===========================================================================================
----------------- testing Sun Apr 19 14:04:50 UTC 2020 /home/travis/build/icyphy/ptII/ptolemy/actor/lib/test/auto/Minimum.xml
----------------- Instantiating /home/travis/build/icyphy/ptII/ptolemy/actor/lib/test/auto/Minimum.xml
2 ms. Memory: 481280K Free: 355831K (74%)
----------------- Invoking toplevel() on ptolemy.moml.MoMLSimpleApplication@45aae0fb
----------------- Done invoking toplevel() on ptolemy.moml.MoMLSimpleApplication@45aae0fb
reloadAllAccessors: .Minimum

===========================================================================================
----------------- testing Sun Apr 19 14:04:50 UTC 2020 /home/travis/build/icyphy/ptII/ptolemy/actor/lib/test/auto/MinimumComplex.xml
----------------- Instantiating /home/travis/build/icyphy/ptII/ptolemy/actor/lib/test/auto/MinimumComplex.xml
3 ms. Memory: 481280K Free: 349687K (73%)
----------------- Invoking toplevel() on ptolemy.moml.MoMLSimpleApplication@344ae4e0
----------------- Done invoking toplevel() on ptolemy.moml.MoMLSimpleApplication@344ae4e0
reloadAllAccessors: .MinimumComplex

===========================================================================================
----------------- testing Sun Apr 19 14:04:50 UTC 2020 /home/travis/build/icyphy/ptII/ptolemy/actor/lib/test/auto/MinimumMultiports.xml
----------------- Instantiating /home/travis/build/icyphy/ptII/ptolemy/actor/lib/test/auto/MinimumMultiports.xml
3 ms. Memory: 481280K Free: 340951K (71%)
----------------- Invoking toplevel() on ptolemy.moml.MoMLSimpleApplication@160ace08
----------------- Done invoking toplevel() on ptolemy.moml.MoMLSimpleApplication@160ace08
reloadAllAccessors: .MinimumMultiports

===========================================================================================
----------------- testing Sun Apr 19 14:04:50 UTC 2020 /home/travis/build/icyphy/ptII/ptolemy/actor/lib/test/auto/ModifyDate.xml
----------------- Instantiating /home/travis/build/icyphy/ptII/ptolemy/actor/lib/test/auto/ModifyDate.xml
9 ms. Memory: 481280K Free: 328693K (68%)
----------------- Invoking toplevel() on ptolemy.moml.MoMLSimpleApplication@1c207a2a
----------------- Done invoking toplevel() on ptolemy.moml.MoMLSimpleApplication@1c207a2a
reloadAllAccessors: .ModifyDate

===========================================================================================
----------------- testing Sun Apr 19 14:04:51 UTC 2020 /home/travis/build/icyphy/ptII/ptolemy/actor/lib/test/auto/ModifyDate2.xml
----------------- Instantiating /home/travis/build/icyphy/ptII/ptolemy/actor/lib/test/auto/ModifyDate2.xml
5 ms. Memory: 481280K Free: 319991K (66%)
----------------- Invoking toplevel() on ptolemy.moml.MoMLSimpleApplication@1780711
----------------- Done invoking toplevel() on ptolemy.moml.MoMLSimpleApplication@1780711
reloadAllAccessors: .ModifyDate2

===========================================================================================
----------------- testing Sun Apr 19 14:04:51 UTC 2020 /home/travis/build/icyphy/ptII/ptolemy/actor/lib/test/auto/MovingAverage.xml
----------------- Instantiating /home/travis/build/icyphy/ptII/ptolemy/actor/lib/test/auto/MovingAverage.xml
1 ms. Memory: 481280K Free: 314871K (65%)
----------------- Invoking toplevel() on ptolemy.moml.MoMLSimpleApplication@6196b45f
----------------- Done invoking toplevel() on ptolemy.moml.MoMLSimpleApplication@6196b45f
reloadAllAccessors: .MovingAverage

===========================================================================================
----------------- testing Sun Apr 19 14:04:51 UTC 2020 /home/travis/build/icyphy/ptII/ptolemy/actor/lib/test/auto/MovingMaximum.xml
----------------- Instantiating /home/travis/build/icyphy/ptII/ptolemy/actor/lib/test/auto/MovingMaximum.xml
1 ms. Memory: 481280K Free: 310261K (64%)
----------------- Invoking toplevel() on ptolemy.moml.MoMLSimpleApplication@3c4d1e9c
----------------- Done invoking toplevel() on ptolemy.moml.MoMLSimpleApplication@3c4d1e9c
reloadAllAccessors: .MovingMaximum

===========================================================================================
----------------- testing Sun Apr 19 14:04:51 UTC 2020 /home/travis/build/icyphy/ptII/ptolemy/actor/lib/test/auto/MultipleLinksToSameRelation.xml
----------------- Instantiating /home/travis/build/icyphy/ptII/ptolemy/actor/lib/test/auto/MultipleLinksToSameRelation.xml
2 ms. Memory: 481280K Free: 306165K (64%)
----------------- Invoking toplevel() on ptolemy.moml.MoMLSimpleApplication@66a65f10
----------------- Done invoking toplevel() on ptolemy.moml.MoMLSimpleApplication@66a65f10
reloadAllAccessors: .MultipleLinksToSameRelation

===========================================================================================
----------------- testing Sun Apr 19 14:04:51 UTC 2020 /home/travis/build/icyphy/ptII/ptolemy/actor/lib/test/auto/MultipleLinksToSameRelationDE.xml
----------------- Instantiating /home/travis/build/icyphy/ptII/ptolemy/actor/lib/test/auto/MultipleLinksToSameRelationDE.xml
9 ms. Memory: 481280K Free: 302063K (63%)
----------------- Invoking toplevel() on ptolemy.moml.MoMLSimpleApplication@707081bb
----------------- Done invoking toplevel() on ptolemy.moml.MoMLSimpleApplication@707081bb
reloadAllAccessors: .MultipleLinksToSameRelationDE

===========================================================================================
----------------- testing Sun Apr 19 14:04:51 UTC 2020 /home/travis/build/icyphy/ptII/ptolemy/actor/lib/test/auto/Multiplexor.xml
----------------- Instantiating /home/travis/build/icyphy/ptII/ptolemy/actor/lib/test/auto/Multiplexor.xml
1 ms. Memory: 481280K Free: 296439K (62%)
----------------- Invoking toplevel() on ptolemy.moml.MoMLSimpleApplication@73b66b0c
----------------- Done invoking toplevel() on ptolemy.moml.MoMLSimpleApplication@73b66b0c
reloadAllAccessors: .Multiplexor

===========================================================================================
----------------- testing Sun Apr 19 14:04:51 UTC 2020 /home/travis/build/icyphy/ptII/ptolemy/actor/lib/test/auto/Multiplexor1.xml
----------------- Instantiating /home/travis/build/icyphy/ptII/ptolemy/actor/lib/test/auto/Multiplexor1.xml
2 ms. Memory: 481280K Free: 290775K (60%)
----------------- Invoking toplevel() on ptolemy.moml.MoMLSimpleApplication@2a7d7a82
----------------- Done invoking toplevel() on ptolemy.moml.MoMLSimpleApplication@2a7d7a82
reloadAllAccessors: .Multiplexor1

===========================================================================================
----------------- testing Sun Apr 19 14:04:51 UTC 2020 /home/travis/build/icyphy/ptII/ptolemy/actor/lib/test/auto/Multiplexor2.xml
----------------- Instantiating /home/travis/build/icyphy/ptII/ptolemy/actor/lib/test/auto/Multiplexor2.xml
5 ms. Memory: 481280K Free: 284149K (59%)
----------------- Invoking toplevel() on ptolemy.moml.MoMLSimpleApplication@101c2ff2
----------------- Done invoking toplevel() on ptolemy.moml.MoMLSimpleApplication@101c2ff2
reloadAllAccessors: .Multiplexor2

===========================================================================================
----------------- testing Sun Apr 19 14:04:51 UTC 2020 /home/travis/build/icyphy/ptII/ptolemy/actor/lib/test/auto/Multiplexor3.xml
----------------- Instantiating /home/travis/build/icyphy/ptII/ptolemy/actor/lib/test/auto/Multiplexor3.xml
2 ms. Memory: 481280K Free: 280055K (58%)
----------------- Invoking toplevel() on ptolemy.moml.MoMLSimpleApplication@454f975d
----------------- Done invoking toplevel() on ptolemy.moml.MoMLSimpleApplication@454f975d
reloadAllAccessors: .Multiplexor3

===========================================================================================
----------------- testing Sun Apr 19 14:04:51 UTC 2020 /home/travis/build/icyphy/ptII/ptolemy/actor/lib/test/auto/MultiplexorDE.xml
----------------- Instantiating /home/travis/build/icyphy/ptII/ptolemy/actor/lib/test/auto/MultiplexorDE.xml
2 ms. Memory: 481280K Free: 272887K (57%)
----------------- Invoking toplevel() on ptolemy.moml.MoMLSimpleApplication@44a42c9b
----------------- Done invoking toplevel() on ptolemy.moml.MoMLSimpleApplication@44a42c9b
reloadAllAccessors: .MultiplexorDE

===========================================================================================
----------------- testing Sun Apr 19 14:04:51 UTC 2020 /home/travis/build/icyphy/ptII/ptolemy/actor/lib/test/auto/MultiportBroadcastTest.xml
----------------- Instantiating /home/travis/build/icyphy/ptII/ptolemy/actor/lib/test/auto/MultiportBroadcastTest.xml
83 ms. Memory: 481280K Free: 266743K (55%)
----------------- Invoking toplevel() on ptolemy.moml.MoMLSimpleApplication@2fb994a4
----------------- Done invoking toplevel() on ptolemy.moml.MoMLSimpleApplication@2fb994a4
reloadAllAccessors: .MultiportBroadcastTest

===========================================================================================
----------------- testing Sun Apr 19 14:04:51 UTC 2020 /home/travis/build/icyphy/ptII/ptolemy/actor/lib/test/auto/MultiportOutHangDuringGetWidth.xml
----------------- Instantiating /home/travis/build/icyphy/ptII/ptolemy/actor/lib/test/auto/MultiportOutHangDuringGetWidth.xml
5 ms. Memory: 481280K Free: 254965K (53%)
----------------- Invoking toplevel() on ptolemy.moml.MoMLSimpleApplication@70cbf142
----------------- Done invoking toplevel() on ptolemy.moml.MoMLSimpleApplication@70cbf142
reloadAllAccessors: .MultiportOutHangDuringGetWidth

===========================================================================================
----------------- testing Sun Apr 19 14:04:51 UTC 2020 /home/travis/build/icyphy/ptII/ptolemy/actor/lib/test/auto/NilToken.xml
----------------- Instantiating /home/travis/build/icyphy/ptII/ptolemy/actor/lib/test/auto/NilToken.xml
1 ms. Memory: 481280K Free: 250359K (52%)
----------------- Invoking toplevel() on ptolemy.moml.MoMLSimpleApplication@489efdaa
----------------- Done invoking toplevel() on ptolemy.moml.MoMLSimpleApplication@489efdaa
reloadAllAccessors: .NilToken

===========================================================================================
----------------- testing Sun Apr 19 14:04:51 UTC 2020 /home/travis/build/icyphy/ptII/ptolemy/actor/lib/test/auto/NilTokenNonStrictTest.xml
----------------- Instantiating /home/travis/build/icyphy/ptII/ptolemy/actor/lib/test/auto/NilTokenNonStrictTest.xml
3 ms. Memory: 481280K Free: 245749K (51%)
----------------- Invoking toplevel() on ptolemy.moml.MoMLSimpleApplication@26de2a76
----------------- Done invoking toplevel() on ptolemy.moml.MoMLSimpleApplication@26de2a76
reloadAllAccessors: .NilTokenNonStrictTest

===========================================================================================
----------------- testing Sun Apr 19 14:04:51 UTC 2020 /home/travis/build/icyphy/ptII/ptolemy/actor/lib/test/auto/NilTokenRecord.xml
----------------- Instantiating /home/travis/build/icyphy/ptII/ptolemy/actor/lib/test/auto/NilTokenRecord.xml
5 ms. Memory: 481280K Free: 239095K (50%)
----------------- Invoking toplevel() on ptolemy.moml.MoMLSimpleApplication@45753559
----------------- Done invoking toplevel() on ptolemy.moml.MoMLSimpleApplication@45753559
reloadAllAccessors: .NilTokenRecord

===========================================================================================
----------------- testing Sun Apr 19 14:04:51 UTC 2020 /home/travis/build/icyphy/ptII/ptolemy/actor/lib/test/auto/NilTokenTypeTest.xml
----------------- Instantiating /home/travis/build/icyphy/ptII/ptolemy/actor/lib/test/auto/NilTokenTypeTest.xml
5 ms. Memory: 481280K Free: 229879K (48%)
----------------- Invoking toplevel() on ptolemy.moml.MoMLSimpleApplication@261a394c
----------------- Done invoking toplevel() on ptolemy.moml.MoMLSimpleApplication@261a394c
reloadAllAccessors: .NilTokenTypeTest

===========================================================================================
----------------- testing Sun Apr 19 14:04:51 UTC 2020 /home/travis/build/icyphy/ptII/ptolemy/actor/lib/test/auto/ObjectToken1.xml
----------------- Instantiating /home/travis/build/icyphy/ptII/ptolemy/actor/lib/test/auto/ObjectToken1.xml
2 ms. Memory: 481280K Free: 225781K (47%)
----------------- Invoking toplevel() on ptolemy.moml.MoMLSimpleApplication@4b026579
----------------- Done invoking toplevel() on ptolemy.moml.MoMLSimpleApplication@4b026579
reloadAllAccessors: .ObjectToken1

===========================================================================================
----------------- testing Sun Apr 19 14:04:51 UTC 2020 /home/travis/build/icyphy/ptII/ptolemy/actor/lib/test/auto/OrderedMerge.xml
----------------- Instantiating /home/travis/build/icyphy/ptII/ptolemy/actor/lib/test/auto/OrderedMerge.xml
10 ms. Memory: 481280K Free: 220149K (46%)
----------------- Invoking toplevel() on ptolemy.moml.MoMLSimpleApplication@115f1620
----------------- Done invoking toplevel() on ptolemy.moml.MoMLSimpleApplication@115f1620
reloadAllAccessors: .OrderedMerge

===========================================================================================
----------------- testing Sun Apr 19 14:04:51 UTC 2020 /home/travis/build/icyphy/ptII/ptolemy/actor/lib/test/auto/OrderedRecordDisassembler.xml
----------------- Instantiating /home/travis/build/icyphy/ptII/ptolemy/actor/lib/test/auto/OrderedRecordDisassembler.xml
3 ms. Memory: 481280K Free: 215015K (45%)
----------------- Invoking toplevel() on ptolemy.moml.MoMLSimpleApplication@7aea89c7
----------------- Done invoking toplevel() on ptolemy.moml.MoMLSimpleApplication@7aea89c7
reloadAllAccessors: .OrderedRecordDisassembler

===========================================================================================
----------------- testing Sun Apr 19 14:04:51 UTC 2020 /home/travis/build/icyphy/ptII/ptolemy/actor/lib/test/auto/OrderedRecordDisassembler2.xml
----------------- Instantiating /home/travis/build/icyphy/ptII/ptolemy/actor/lib/test/auto/OrderedRecordDisassembler2.xml
3 ms. Memory: 481280K Free: 207351K (43%)
----------------- Invoking toplevel() on ptolemy.moml.MoMLSimpleApplication@8300e14
----------------- Done invoking toplevel() on ptolemy.moml.MoMLSimpleApplication@8300e14
reloadAllAccessors: .OrderedRecordDisassembler2

===========================================================================================
----------------- testing Sun Apr 19 14:04:51 UTC 2020 /home/travis/build/icyphy/ptII/ptolemy/actor/lib/test/auto/OrderedRecordUpdater.xml
----------------- Instantiating /home/travis/build/icyphy/ptII/ptolemy/actor/lib/test/auto/OrderedRecordUpdater.xml
2 ms. Memory: 481280K Free: 202231K (42%)
----------------- Invoking toplevel() on ptolemy.moml.MoMLSimpleApplication@12a2c652
----------------- Done invoking toplevel() on ptolemy.moml.MoMLSimpleApplication@12a2c652
reloadAllAccessors: .RecordUpdater

===========================================================================================
----------------- testing Sun Apr 19 14:04:51 UTC 2020 /home/travis/build/icyphy/ptII/ptolemy/actor/lib/test/auto/OrderedRecordUpdater2.xml
----------------- Instantiating /home/travis/build/icyphy/ptII/ptolemy/actor/lib/test/auto/OrderedRecordUpdater2.xml
3 ms. Memory: 481280K Free: 197621K (41%)
----------------- Invoking toplevel() on ptolemy.moml.MoMLSimpleApplication@133688b5
----------------- Done invoking toplevel() on ptolemy.moml.MoMLSimpleApplication@133688b5
reloadAllAccessors: .RecordUpdater2

===========================================================================================
----------------- testing Sun Apr 19 14:04:51 UTC 2020 /home/travis/build/icyphy/ptII/ptolemy/actor/lib/test/auto/PhaseUnwrap.xml
----------------- Instantiating /home/travis/build/icyphy/ptII/ptolemy/actor/lib/test/auto/PhaseUnwrap.xml
2 ms. Memory: 481280K Free: 193015K (40%)
----------------- Invoking toplevel() on ptolemy.moml.MoMLSimpleApplication@2753ab42
----------------- Done invoking toplevel() on ptolemy.moml.MoMLSimpleApplication@2753ab42
reloadAllAccessors: .PhaseUnwrap

===========================================================================================
----------------- testing Sun Apr 19 14:04:51 UTC 2020 /home/travis/build/icyphy/ptII/ptolemy/actor/lib/test/auto/PoissonClock.xml
----------------- Instantiating /home/travis/build/icyphy/ptII/ptolemy/actor/lib/test/auto/PoissonClock.xml
2 ms. Memory: 481280K Free: 188919K (39%)
----------------- Invoking toplevel() on ptolemy.moml.MoMLSimpleApplication@105db3ec
----------------- Done invoking toplevel() on ptolemy.moml.MoMLSimpleApplication@105db3ec
reloadAllAccessors: .PoissonClock

===========================================================================================
----------------- testing Sun Apr 19 14:04:51 UTC 2020 /home/travis/build/icyphy/ptII/ptolemy/actor/lib/test/auto/PoissonClock2.xml
----------------- Instantiating /home/travis/build/icyphy/ptII/ptolemy/actor/lib/test/auto/PoissonClock2.xml
2 ms. Memory: 481280K Free: 184823K (38%)
----------------- Invoking toplevel() on ptolemy.moml.MoMLSimpleApplication@108e85a0
----------------- Done invoking toplevel() on ptolemy.moml.MoMLSimpleApplication@108e85a0
reloadAllAccessors: .PoissonClock2

===========================================================================================
----------------- testing Sun Apr 19 14:04:51 UTC 2020 /home/travis/build/icyphy/ptII/ptolemy/actor/lib/test/auto/PoissonClock3.xml
----------------- Instantiating /home/travis/build/icyphy/ptII/ptolemy/actor/lib/test/auto/PoissonClock3.xml
1 ms. Memory: 481280K Free: 180213K (37%)
----------------- Invoking toplevel() on ptolemy.moml.MoMLSimpleApplication@516db782
----------------- Done invoking toplevel() on ptolemy.moml.MoMLSimpleApplication@516db782
reloadAllAccessors: .PoissonClock3

===========================================================================================
----------------- testing Sun Apr 19 14:04:51 UTC 2020 /home/travis/build/icyphy/ptII/ptolemy/actor/lib/test/auto/PubSubWithInitialTokens.xml
----------------- Instantiating /home/travis/build/icyphy/ptII/ptolemy/actor/lib/test/auto/PubSubWithInitialTokens.xml
2 ms. Memory: 481280K Free: 174583K (36%)
----------------- Invoking toplevel() on ptolemy.moml.MoMLSimpleApplication@5b0fe147
----------------- Done invoking toplevel() on ptolemy.moml.MoMLSimpleApplication@5b0fe147
reloadAllAccessors: .PubSubWithInitialTokens

===========================================================================================
----------------- testing Sun Apr 19 14:04:51 UTC 2020 /home/travis/build/icyphy/ptII/ptolemy/actor/lib/test/auto/PubSubWithInitialTokens2.xml
----------------- Instantiating /home/travis/build/icyphy/ptII/ptolemy/actor/lib/test/auto/PubSubWithInitialTokens2.xml
4 ms. Memory: 481280K Free: 168439K (35%)
----------------- Invoking toplevel() on ptolemy.moml.MoMLSimpleApplication@3b61a080
----------------- Done invoking toplevel() on ptolemy.moml.MoMLSimpleApplication@3b61a080
reloadAllAccessors: .PubSubWithInitialTokens2

===========================================================================================
----------------- testing Sun Apr 19 14:04:51 UTC 2020 /home/travis/build/icyphy/ptII/ptolemy/actor/lib/test/auto/PublisherClassNoParameter.xml
----------------- Instantiating /home/travis/build/icyphy/ptII/ptolemy/actor/lib/test/auto/PublisherClassNoParameter.xml
2 ms. Memory: 481280K Free: 158199K (33%)
----------------- Invoking toplevel() on ptolemy.moml.MoMLSimpleApplication@17d972a2
----------------- Done invoking toplevel() on ptolemy.moml.MoMLSimpleApplication@17d972a2
reloadAllAccessors: .PublisherClassNoParameter

===========================================================================================
----------------- testing Sun Apr 19 14:04:51 UTC 2020 /home/travis/build/icyphy/ptII/ptolemy/actor/lib/test/auto/PublisherClassParameter.xml
----------------- Instantiating /home/travis/build/icyphy/ptII/ptolemy/actor/lib/test/auto/PublisherClassParameter.xml
2 ms. Memory: 481280K Free: 148455K (31%)
----------------- Invoking toplevel() on ptolemy.moml.MoMLSimpleApplication@4fec0ff7
----------------- Done invoking toplevel() on ptolemy.moml.MoMLSimpleApplication@4fec0ff7
reloadAllAccessors: .PublisherClassParameter

===========================================================================================
----------------- testing Sun Apr 19 14:04:51 UTC 2020 /home/travis/build/icyphy/ptII/ptolemy/actor/lib/test/auto/PublisherNonStrictTest.xml
----------------- Instantiating /home/travis/build/icyphy/ptII/ptolemy/actor/lib/test/auto/PublisherNonStrictTest.xml
5 ms. Memory: 481280K Free: 426389K (89%)
----------------- Invoking toplevel() on ptolemy.moml.MoMLSimpleApplication@6a69bfbd
----------------- Done invoking toplevel() on ptolemy.moml.MoMLSimpleApplication@6a69bfbd
reloadAllAccessors: .PublisherNonStrictTest

===========================================================================================
----------------- testing Sun Apr 19 14:04:51 UTC 2020 /home/travis/build/icyphy/ptII/ptolemy/actor/lib/test/auto/PublisherPort1.xml
----------------- Instantiating /home/travis/build/icyphy/ptII/ptolemy/actor/lib/test/auto/PublisherPort1.xml
10 ms. Memory: 481280K Free: 420741K (87%)
----------------- Invoking toplevel() on ptolemy.moml.MoMLSimpleApplication@32c263d1
----------------- Done invoking toplevel() on ptolemy.moml.MoMLSimpleApplication@32c263d1
reloadAllAccessors: .PublisherPort1

===========================================================================================
----------------- testing Sun Apr 19 14:04:51 UTC 2020 /home/travis/build/icyphy/ptII/ptolemy/actor/lib/test/auto/PublisherPort2.xml
----------------- Instantiating /home/travis/build/icyphy/ptII/ptolemy/actor/lib/test/auto/PublisherPort2.xml
1 ms. Memory: 481280K Free: 415635K (86%)
----------------- Invoking toplevel() on ptolemy.moml.MoMLSimpleApplication@586acf9d
----------------- Done invoking toplevel() on ptolemy.moml.MoMLSimpleApplication@586acf9d
reloadAllAccessors: .PublisherPort2

===========================================================================================
----------------- testing Sun Apr 19 14:04:51 UTC 2020 /home/travis/build/icyphy/ptII/ptolemy/actor/lib/test/auto/PublisherPort3.xml
----------------- Instantiating /home/travis/build/icyphy/ptII/ptolemy/actor/lib/test/auto/PublisherPort3.xml
2 ms. Memory: 481280K Free: 408981K (85%)
----------------- Invoking toplevel() on ptolemy.moml.MoMLSimpleApplication@2e45c76a
----------------- Done invoking toplevel() on ptolemy.moml.MoMLSimpleApplication@2e45c76a
reloadAllAccessors: .PublisherPort3

===========================================================================================
----------------- testing Sun Apr 19 14:04:51 UTC 2020 /home/travis/build/icyphy/ptII/ptolemy/actor/lib/test/auto/PublisherPort4.xml
----------------- Instantiating /home/travis/build/icyphy/ptII/ptolemy/actor/lib/test/auto/PublisherPort4.xml
2 ms. Memory: 481280K Free: 403341K (84%)
----------------- Invoking toplevel() on ptolemy.moml.MoMLSimpleApplication@7eff0cd5
----------------- Done invoking toplevel() on ptolemy.moml.MoMLSimpleApplication@7eff0cd5
reloadAllAccessors: .PublisherPort4

===========================================================================================
----------------- testing Sun Apr 19 14:04:51 UTC 2020 /home/travis/build/icyphy/ptII/ptolemy/actor/lib/test/auto/PublisherPort5.xml
----------------- Instantiating /home/travis/build/icyphy/ptII/ptolemy/actor/lib/test/auto/PublisherPort5.xml
4 ms. Memory: 481280K Free: 395669K (82%)
----------------- Invoking toplevel() on ptolemy.moml.MoMLSimpleApplication@7b27e1b7
----------------- Done invoking toplevel() on ptolemy.moml.MoMLSimpleApplication@7b27e1b7
reloadAllAccessors: .PublisherPort5

===========================================================================================
----------------- testing Sun Apr 19 14:04:51 UTC 2020 /home/travis/build/icyphy/ptII/ptolemy/actor/lib/test/auto/PublisherPort5LookAlike.xml
----------------- Instantiating /home/travis/build/icyphy/ptII/ptolemy/actor/lib/test/auto/PublisherPort5LookAlike.xml
7 ms. Memory: 481280K Free: 387987K (81%)
----------------- Invoking toplevel() on ptolemy.moml.MoMLSimpleApplication@2391331f
----------------- Done invoking toplevel() on ptolemy.moml.MoMLSimpleApplication@2391331f
reloadAllAccessors: .PublisherPort5LookAlike

===========================================================================================
----------------- testing Sun Apr 19 14:04:51 UTC 2020 /home/travis/build/icyphy/ptII/ptolemy/actor/lib/test/auto/PublisherPort6.xml
----------------- Instantiating /home/travis/build/icyphy/ptII/ptolemy/actor/lib/test/auto/PublisherPort6.xml
2 ms. Memory: 481280K Free: 381333K (79%)
----------------- Invoking toplevel() on ptolemy.moml.MoMLSimpleApplication@4bbe991c
----------------- Done invoking toplevel() on ptolemy.moml.MoMLSimpleApplication@4bbe991c
reloadAllAccessors: .PublisherPort6

===========================================================================================
----------------- testing Sun Apr 19 14:04:51 UTC 2020 /home/travis/build/icyphy/ptII/ptolemy/actor/lib/test/auto/PublisherPort7.xml
----------------- Instantiating /home/travis/build/icyphy/ptII/ptolemy/actor/lib/test/auto/PublisherPort7.xml
4 ms. Memory: 481280K Free: 373651K (78%)
----------------- Invoking toplevel() on ptolemy.moml.MoMLSimpleApplication@1664669d
----------------- Done invoking toplevel() on ptolemy.moml.MoMLSimpleApplication@1664669d
reloadAllAccessors: .PublisherPort7

===========================================================================================
----------------- testing Sun Apr 19 14:04:51 UTC 2020 /home/travis/build/icyphy/ptII/ptolemy/actor/lib/test/auto/PublisherPort8.xml
----------------- Instantiating /home/travis/build/icyphy/ptII/ptolemy/actor/lib/test/auto/PublisherPort8.xml
3 ms. Memory: 481280K Free: 364949K (76%)
----------------- Invoking toplevel() on ptolemy.moml.MoMLSimpleApplication@71ce7cbe
----------------- Done invoking toplevel() on ptolemy.moml.MoMLSimpleApplication@71ce7cbe
reloadAllAccessors: .PublisherPort8

===========================================================================================
----------------- testing Sun Apr 19 14:04:51 UTC 2020 /home/travis/build/icyphy/ptII/ptolemy/actor/lib/test/auto/PublisherPortSubscriberChannelVariablesAOC2.xml
----------------- Instantiating /home/travis/build/icyphy/ptII/ptolemy/actor/lib/test/auto/PublisherPortSubscriberChannelVariablesAOC2.xml
3 ms. Memory: 481280K Free: 348051K (72%)
----------------- Invoking toplevel() on ptolemy.moml.MoMLSimpleApplication@9bcd1e2
----------------- Done invoking toplevel() on ptolemy.moml.MoMLSimpleApplication@9bcd1e2
reloadAllAccessors: .PublisherPortSubscriberChannelVariablesAOC2

===========================================================================================
----------------- testing Sun Apr 19 14:04:51 UTC 2020 /home/travis/build/icyphy/ptII/ptolemy/actor/lib/test/auto/PublisherPortSubscriberOpaqueWidthInference.xml
----------------- Instantiating /home/travis/build/icyphy/ptII/ptolemy/actor/lib/test/auto/PublisherPortSubscriberOpaqueWidthInference.xml
5 ms. Memory: 481280K Free: 340373K (71%)
----------------- Invoking toplevel() on ptolemy.moml.MoMLSimpleApplication@734c714f
----------------- Done invoking toplevel() on ptolemy.moml.MoMLSimpleApplication@734c714f
reloadAllAccessors: .PublisherPortSubscriberOpaqueWidthInference

===========================================================================================
----------------- testing Sun Apr 19 14:04:51 UTC 2020 /home/travis/build/icyphy/ptII/ptolemy/actor/lib/test/auto/PublisherPortSubscriberPortAdjacent.xml
----------------- Instantiating /home/travis/build/icyphy/ptII/ptolemy/actor/lib/test/auto/PublisherPortSubscriberPortAdjacent.xml
1 ms. Memory: 481280K Free: 332181K (69%)
----------------- Invoking toplevel() on ptolemy.moml.MoMLSimpleApplication@48dda480
----------------- Done invoking toplevel() on ptolemy.moml.MoMLSimpleApplication@48dda480
reloadAllAccessors: .PublisherPortSubscriberPortAdjacent

===========================================================================================
----------------- testing Sun Apr 19 14:04:51 UTC 2020 /home/travis/build/icyphy/ptII/ptolemy/actor/lib/test/auto/PublisherPortSubscriberPortExpression.xml
----------------- Instantiating /home/travis/build/icyphy/ptII/ptolemy/actor/lib/test/auto/PublisherPortSubscriberPortExpression.xml
4 ms. Memory: 481280K Free: 324485K (67%)
----------------- Invoking toplevel() on ptolemy.moml.MoMLSimpleApplication@78a0bb24
----------------- Done invoking toplevel() on ptolemy.moml.MoMLSimpleApplication@78a0bb24
reloadAllAccessors: .PublisherPortSubscriberPortExpression

===========================================================================================
----------------- testing Sun Apr 19 14:04:51 UTC 2020 /home/travis/build/icyphy/ptII/ptolemy/actor/lib/test/auto/PublisherPortSubscriberPortOpaqueD3Reverse.xml
----------------- Instantiating /home/travis/build/icyphy/ptII/ptolemy/actor/lib/test/auto/PublisherPortSubscriberPortOpaqueD3Reverse.xml
7 ms. Memory: 481280K Free: 314259K (65%)
----------------- Invoking toplevel() on ptolemy.moml.MoMLSimpleApplication@5bcbeb5f
----------------- Done invoking toplevel() on ptolemy.moml.MoMLSimpleApplication@5bcbeb5f
reloadAllAccessors: .PublisherPortSubscriberPortOpaqueD3Reverse

===========================================================================================
----------------- testing Sun Apr 19 14:04:51 UTC 2020 /home/travis/build/icyphy/ptII/ptolemy/actor/lib/test/auto/PublisherPortSubscriberPortOpaqueWidthInference.xml
----------------- Instantiating /home/travis/build/icyphy/ptII/ptolemy/actor/lib/test/auto/PublisherPortSubscriberPortOpaqueWidthInference.xml
3 ms. Memory: 481280K Free: 306581K (64%)
----------------- Invoking toplevel() on ptolemy.moml.MoMLSimpleApplication@7f372ff2
----------------- Done invoking toplevel() on ptolemy.moml.MoMLSimpleApplication@7f372ff2
reloadAllAccessors: .PublisherPortSubscriberPortOpaqueWidthInference

===========================================================================================
----------------- testing Sun Apr 19 14:04:52 UTC 2020 /home/travis/build/icyphy/ptII/ptolemy/actor/lib/test/auto/PublisherPortToplevelSubscriberPortAOC.xml
----------------- Instantiating /home/travis/build/icyphy/ptII/ptolemy/actor/lib/test/auto/PublisherPortToplevelSubscriberPortAOC.xml
.PublisherPortToplevelSubscriberPortAOC.TestExceptionAttribute: initialize() was not invoked, but wrapup() was.  This is unusual, but not always a problem.  For example, exporting JNLP will do this.
1 ms. Memory: 481280K Free: 300947K (63%)
----------------- Invoking toplevel() on ptolemy.moml.MoMLSimpleApplication@5ec02e6c
----------------- Done invoking toplevel() on ptolemy.moml.MoMLSimpleApplication@5ec02e6c
reloadAllAccessors: .PublisherPortToplevelSubscriberPortAOC

===========================================================================================
----------------- testing Sun Apr 19 14:04:52 UTC 2020 /home/travis/build/icyphy/ptII/ptolemy/actor/lib/test/auto/PublisherSubscriber.xml
----------------- Instantiating /home/travis/build/icyphy/ptII/ptolemy/actor/lib/test/auto/PublisherSubscriber.xml
2 ms. Memory: 481280K Free: 293269K (61%)
----------------- Invoking toplevel() on ptolemy.moml.MoMLSimpleApplication@1d02cf06
----------------- Done invoking toplevel() on ptolemy.moml.MoMLSimpleApplication@1d02cf06
reloadAllAccessors: .PublisherSubscriber

===========================================================================================
----------------- testing Sun Apr 19 14:04:52 UTC 2020 /home/travis/build/icyphy/ptII/ptolemy/actor/lib/test/auto/PublisherSubscriber10.xml
----------------- Instantiating /home/travis/build/icyphy/ptII/ptolemy/actor/lib/test/auto/PublisherSubscriber10.xml
11 ms. Memory: 481280K Free: 283539K (59%)
----------------- Invoking toplevel() on ptolemy.moml.MoMLSimpleApplication@451157ef
----------------- Done invoking toplevel() on ptolemy.moml.MoMLSimpleApplication@451157ef
reloadAllAccessors: .PublisherSubscriber10

===========================================================================================
----------------- testing Sun Apr 19 14:04:52 UTC 2020 /home/travis/build/icyphy/ptII/ptolemy/actor/lib/test/auto/PublisherSubscriber10InitialOutputs.xml
----------------- Instantiating /home/travis/build/icyphy/ptII/ptolemy/actor/lib/test/auto/PublisherSubscriber10InitialOutputs.xml
12 ms. Memory: 481280K Free: 274323K (57%)
----------------- Invoking toplevel() on ptolemy.moml.MoMLSimpleApplication@62ab4877
----------------- Done invoking toplevel() on ptolemy.moml.MoMLSimpleApplication@62ab4877
reloadAllAccessors: .PublisherSubscriber10InitialOutputs

===========================================================================================
----------------- testing Sun Apr 19 14:04:52 UTC 2020 /home/travis/build/icyphy/ptII/ptolemy/actor/lib/test/auto/PublisherSubscriber11.xml
----------------- Instantiating /home/travis/build/icyphy/ptII/ptolemy/actor/lib/test/auto/PublisherSubscriber11.xml
2 ms. Memory: 481280K Free: 268165K (56%)
----------------- Invoking toplevel() on ptolemy.moml.MoMLSimpleApplication@33949e1d
----------------- Done invoking toplevel() on ptolemy.moml.MoMLSimpleApplication@33949e1d
reloadAllAccessors: .PublisherSubscriber11

===========================================================================================
----------------- testing Sun Apr 19 14:04:52 UTC 2020 /home/travis/build/icyphy/ptII/ptolemy/actor/lib/test/auto/PublisherSubscriber12.xml
----------------- Instantiating /home/travis/build/icyphy/ptII/ptolemy/actor/lib/test/auto/PublisherSubscriber12.xml
2 ms. Memory: 481280K Free: 261525K (54%)
----------------- Invoking toplevel() on ptolemy.moml.MoMLSimpleApplication@66f2ad3b
----------------- Done invoking toplevel() on ptolemy.moml.MoMLSimpleApplication@66f2ad3b
reloadAllAccessors: .PublisherSubscriber12

===========================================================================================
----------------- testing Sun Apr 19 14:04:52 UTC 2020 /home/travis/build/icyphy/ptII/ptolemy/actor/lib/test/auto/PublisherSubscriber13.xml
----------------- Instantiating /home/travis/build/icyphy/ptII/ptolemy/actor/lib/test/auto/PublisherSubscriber13.xml
2 ms. Memory: 481280K Free: 255891K (53%)
----------------- Invoking toplevel() on ptolemy.moml.MoMLSimpleApplication@7976b24d
----------------- Done invoking toplevel() on ptolemy.moml.MoMLSimpleApplication@7976b24d
reloadAllAccessors: .PublisherSubscriber13

===========================================================================================
----------------- testing Sun Apr 19 14:04:52 UTC 2020 /home/travis/build/icyphy/ptII/ptolemy/actor/lib/test/auto/PublisherSubscriber14.xml
----------------- Instantiating /home/travis/build/icyphy/ptII/ptolemy/actor/lib/test/auto/PublisherSubscriber14.xml
1 ms. Memory: 481280K Free: 247189K (51%)
----------------- Invoking toplevel() on ptolemy.moml.MoMLSimpleApplication@5c0690cf
----------------- Done invoking toplevel() on ptolemy.moml.MoMLSimpleApplication@5c0690cf
reloadAllAccessors: .PublisherSubscriber14

===========================================================================================
----------------- testing Sun Apr 19 14:04:52 UTC 2020 /home/travis/build/icyphy/ptII/ptolemy/actor/lib/test/auto/PublisherSubscriber2.xml
----------------- Instantiating /home/travis/build/icyphy/ptII/ptolemy/actor/lib/test/auto/PublisherSubscriber2.xml
2 ms. Memory: 481280K Free: 242069K (50%)
----------------- Invoking toplevel() on ptolemy.moml.MoMLSimpleApplication@4403f99e
----------------- Done invoking toplevel() on ptolemy.moml.MoMLSimpleApplication@4403f99e
reloadAllAccessors: .PublisherSubscriber2

===========================================================================================
----------------- testing Sun Apr 19 14:04:52 UTC 2020 /home/travis/build/icyphy/ptII/ptolemy/actor/lib/test/auto/PublisherSubscriber3.xml
----------------- Instantiating /home/travis/build/icyphy/ptII/ptolemy/actor/lib/test/auto/PublisherSubscriber3.xml
1 ms. Memory: 481280K Free: 236421K (49%)
----------------- Invoking toplevel() on ptolemy.moml.MoMLSimpleApplication@521cf044
----------------- Done invoking toplevel() on ptolemy.moml.MoMLSimpleApplication@521cf044
reloadAllAccessors: .PublisherSubscriber3

===========================================================================================
----------------- testing Sun Apr 19 14:04:52 UTC 2020 /home/travis/build/icyphy/ptII/ptolemy/actor/lib/test/auto/PublisherSubscriber4.xml
----------------- Instantiating /home/travis/build/icyphy/ptII/ptolemy/actor/lib/test/auto/PublisherSubscriber4.xml
2 ms. Memory: 481280K Free: 231301K (48%)
----------------- Invoking toplevel() on ptolemy.moml.MoMLSimpleApplication@136ff403
----------------- Done invoking toplevel() on ptolemy.moml.MoMLSimpleApplication@136ff403
reloadAllAccessors: .PublisherSubscriber4

===========================================================================================
----------------- testing Sun Apr 19 14:04:52 UTC 2020 /home/travis/build/icyphy/ptII/ptolemy/actor/lib/test/auto/PublisherSubscriber5.xml
----------------- Instantiating /home/travis/build/icyphy/ptII/ptolemy/actor/lib/test/auto/PublisherSubscriber5.xml
2 ms. Memory: 481280K Free: 224661K (47%)
----------------- Invoking toplevel() on ptolemy.moml.MoMLSimpleApplication@ab59f74
----------------- Done invoking toplevel() on ptolemy.moml.MoMLSimpleApplication@ab59f74
reloadAllAccessors: .PublisherSubscriber5

===========================================================================================
----------------- testing Sun Apr 19 14:04:52 UTC 2020 /home/travis/build/icyphy/ptII/ptolemy/actor/lib/test/auto/PublisherSubscriber6.xml
----------------- Instantiating /home/travis/build/icyphy/ptII/ptolemy/actor/lib/test/auto/PublisherSubscriber6.xml
3 ms. Memory: 481280K Free: 217997K (45%)
----------------- Invoking toplevel() on ptolemy.moml.MoMLSimpleApplication@14b6a191
----------------- Done invoking toplevel() on ptolemy.moml.MoMLSimpleApplication@14b6a191
reloadAllAccessors: .PublisherSubscriber6

===========================================================================================
----------------- testing Sun Apr 19 14:04:52 UTC 2020 /home/travis/build/icyphy/ptII/ptolemy/actor/lib/test/auto/PublisherSubscriber7.xml
----------------- Instantiating /home/travis/build/icyphy/ptII/ptolemy/actor/lib/test/auto/PublisherSubscriber7.xml
6 ms. Memory: 481280K Free: 211349K (44%)
----------------- Invoking toplevel() on ptolemy.moml.MoMLSimpleApplication@48a3cc53
----------------- Done invoking toplevel() on ptolemy.moml.MoMLSimpleApplication@48a3cc53
reloadAllAccessors: .PublisherSubscriber7

===========================================================================================
----------------- testing Sun Apr 19 14:04:52 UTC 2020 /home/travis/build/icyphy/ptII/ptolemy/actor/lib/test/auto/PublisherSubscriber8.xml
----------------- Instantiating /home/travis/build/icyphy/ptII/ptolemy/actor/lib/test/auto/PublisherSubscriber8.xml
12 ms. Memory: 481280K Free: 199571K (41%)
----------------- Invoking toplevel() on ptolemy.moml.MoMLSimpleApplication@5357e0b
----------------- Done invoking toplevel() on ptolemy.moml.MoMLSimpleApplication@5357e0b
reloadAllAccessors: .PublisherSubscriber8

===========================================================================================
----------------- testing Sun Apr 19 14:04:52 UTC 2020 /home/travis/build/icyphy/ptII/ptolemy/actor/lib/test/auto/PublisherSubscriber9.xml
----------------- Instantiating /home/travis/build/icyphy/ptII/ptolemy/actor/lib/test/auto/PublisherSubscriber9.xml
2 ms. Memory: 481280K Free: 192397K (40%)
----------------- Invoking toplevel() on ptolemy.moml.MoMLSimpleApplication@465b96b7
----------------- Done invoking toplevel() on ptolemy.moml.MoMLSimpleApplication@465b96b7
reloadAllAccessors: .PublisherSubscriber9

===========================================================================================
----------------- testing Sun Apr 19 14:04:52 UTC 2020 /home/travis/build/icyphy/ptII/ptolemy/actor/lib/test/auto/PublisherSubscriberAdjacent.xml
----------------- Instantiating /home/travis/build/icyphy/ptII/ptolemy/actor/lib/test/auto/PublisherSubscriberAdjacent.xml
1 ms. Memory: 481280K Free: 184211K (38%)
----------------- Invoking toplevel() on ptolemy.moml.MoMLSimpleApplication@128e5e82
----------------- Done invoking toplevel() on ptolemy.moml.MoMLSimpleApplication@128e5e82
reloadAllAccessors: .PublisherSubscriberAdjacent

===========================================================================================
----------------- testing Sun Apr 19 14:04:52 UTC 2020 /home/travis/build/icyphy/ptII/ptolemy/actor/lib/test/auto/PublisherSubscriberChannelVariablesAOC2.xml
----------------- Instantiating /home/travis/build/icyphy/ptII/ptolemy/actor/lib/test/auto/PublisherSubscriberChannelVariablesAOC2.xml
2 ms. Memory: 481280K Free: 169365K (35%)
----------------- Invoking toplevel() on ptolemy.moml.MoMLSimpleApplication@67a508c0
----------------- Done invoking toplevel() on ptolemy.moml.MoMLSimpleApplication@67a508c0
reloadAllAccessors: .PublisherSubscriberChannelVariablesAOC2

===========================================================================================
----------------- testing Sun Apr 19 14:04:52 UTC 2020 /home/travis/build/icyphy/ptII/ptolemy/actor/lib/test/auto/PublisherSubscriberD3.xml
----------------- Instantiating /home/travis/build/icyphy/ptII/ptolemy/actor/lib/test/auto/PublisherSubscriberD3.xml
1 ms. Memory: 481280K Free: 162197K (34%)
----------------- Invoking toplevel() on ptolemy.moml.MoMLSimpleApplication@382f8205
----------------- Done invoking toplevel() on ptolemy.moml.MoMLSimpleApplication@382f8205
reloadAllAccessors: .PublisherSubscriberD3

===========================================================================================
----------------- testing Sun Apr 19 14:04:52 UTC 2020 /home/travis/build/icyphy/ptII/ptolemy/actor/lib/test/auto/PublisherSubscriberD3Reverse.xml
----------------- Instantiating /home/travis/build/icyphy/ptII/ptolemy/actor/lib/test/auto/PublisherSubscriberD3Reverse.xml
1 ms. Memory: 481280K Free: 156053K (32%)
----------------- Invoking toplevel() on ptolemy.moml.MoMLSimpleApplication@17658d6e
----------------- Done invoking toplevel() on ptolemy.moml.MoMLSimpleApplication@17658d6e
reloadAllAccessors: .PublisherSubscriberD3Reverse

===========================================================================================
----------------- testing Sun Apr 19 14:04:52 UTC 2020 /home/travis/build/icyphy/ptII/ptolemy/actor/lib/test/auto/PublisherSubscriberExpression.xml
----------------- Instantiating /home/travis/build/icyphy/ptII/ptolemy/actor/lib/test/auto/PublisherSubscriberExpression.xml
2 ms. Memory: 481280K Free: 147861K (31%)
----------------- Invoking toplevel() on ptolemy.moml.MoMLSimpleApplication@172ce9d9
----------------- Done invoking toplevel() on ptolemy.moml.MoMLSimpleApplication@172ce9d9
reloadAllAccessors: .PublisherSubscriberExpression

===========================================================================================
----------------- testing Sun Apr 19 14:04:52 UTC 2020 /home/travis/build/icyphy/ptII/ptolemy/actor/lib/test/auto/PublisherSubscriberOpaque.xml
----------------- Instantiating /home/travis/build/icyphy/ptII/ptolemy/actor/lib/test/auto/PublisherSubscriberOpaque.xml
3 ms. Memory: 481280K Free: 425100K (88%)
----------------- Invoking toplevel() on ptolemy.moml.MoMLSimpleApplication@1ec43191
----------------- Done invoking toplevel() on ptolemy.moml.MoMLSimpleApplication@1ec43191
reloadAllAccessors: .PublisherSubscriberOpaque

===========================================================================================
----------------- testing Sun Apr 19 14:04:52 UTC 2020 /home/travis/build/icyphy/ptII/ptolemy/actor/lib/test/auto/PublisherSubscriberOpaqueD3.xml
----------------- Instantiating /home/travis/build/icyphy/ptII/ptolemy/actor/lib/test/auto/PublisherSubscriberOpaqueD3.xml
5 ms. Memory: 481280K Free: 413836K (86%)
----------------- Invoking toplevel() on ptolemy.moml.MoMLSimpleApplication@41a02fa3
----------------- Done invoking toplevel() on ptolemy.moml.MoMLSimpleApplication@41a02fa3
reloadAllAccessors: .PublisherSubscriberOpaqueD3

===========================================================================================
----------------- testing Sun Apr 19 14:04:52 UTC 2020 /home/travis/build/icyphy/ptII/ptolemy/actor/lib/test/auto/PublisherSubscriberOpaqueD3Reverse.xml
----------------- Instantiating /home/travis/build/icyphy/ptII/ptolemy/actor/lib/test/auto/PublisherSubscriberOpaqueD3Reverse.xml
6 ms. Memory: 481280K Free: 403082K (84%)
----------------- Invoking toplevel() on ptolemy.moml.MoMLSimpleApplication@43f6a5e6
----------------- Done invoking toplevel() on ptolemy.moml.MoMLSimpleApplication@43f6a5e6
reloadAllAccessors: .PublisherSubscriberOpaqueD3Reverse

===========================================================================================
----------------- testing Sun Apr 19 14:04:52 UTC 2020 /home/travis/build/icyphy/ptII/ptolemy/actor/lib/test/auto/PublisherSubscriberOpaqueWidthInference.xml
----------------- Instantiating /home/travis/build/icyphy/ptII/ptolemy/actor/lib/test/auto/PublisherSubscriberOpaqueWidthInference.xml
3 ms. Memory: 481280K Free: 394876K (82%)
----------------- Invoking toplevel() on ptolemy.moml.MoMLSimpleApplication@73f9118d
----------------- Done invoking toplevel() on ptolemy.moml.MoMLSimpleApplication@73f9118d
reloadAllAccessors: .PublisherSubscriberOpaqueWidthInference

===========================================================================================
----------------- testing Sun Apr 19 14:04:52 UTC 2020 /home/travis/build/icyphy/ptII/ptolemy/actor/lib/test/auto/PublisherTestSubscriber.xml
----------------- Instantiating /home/travis/build/icyphy/ptII/ptolemy/actor/lib/test/auto/PublisherTestSubscriber.xml
9 ms. Memory: 481280K Free: 387212K (80%)
----------------- Invoking toplevel() on ptolemy.moml.MoMLSimpleApplication@687d622d
----------------- Done invoking toplevel() on ptolemy.moml.MoMLSimpleApplication@687d622d
reloadAllAccessors: .PublisherTestSubscriber

===========================================================================================
----------------- testing Sun Apr 19 14:04:52 UTC 2020 /home/travis/build/icyphy/ptII/ptolemy/actor/lib/test/auto/PublisherToplevelSubscriberPortAOC.xml
----------------- Instantiating /home/travis/build/icyphy/ptII/ptolemy/actor/lib/test/auto/PublisherToplevelSubscriberPortAOC.xml
1 ms. Memory: 481280K Free: 381068K (79%)
----------------- Invoking toplevel() on ptolemy.moml.MoMLSimpleApplication@1a786623
----------------- Done invoking toplevel() on ptolemy.moml.MoMLSimpleApplication@1a786623
reloadAllAccessors: .PublisherToplevelSubscriberPortAOC

===========================================================================================
----------------- testing Sun Apr 19 14:04:52 UTC 2020 /home/travis/build/icyphy/ptII/ptolemy/actor/lib/test/auto/PulseFiringLimitDE.xml
----------------- Instantiating /home/travis/build/icyphy/ptII/ptolemy/actor/lib/test/auto/PulseFiringLimitDE.xml
2 ms. Memory: 481280K Free: 374924K (78%)
----------------- Invoking toplevel() on ptolemy.moml.MoMLSimpleApplication@295f30a7
----------------- Done invoking toplevel() on ptolemy.moml.MoMLSimpleApplication@295f30a7
reloadAllAccessors: .PulseFiringLimitDE

===========================================================================================
----------------- testing Sun Apr 19 14:04:52 UTC 2020 /home/travis/build/icyphy/ptII/ptolemy/actor/lib/test/auto/Ramp1.xml
----------------- Instantiating /home/travis/build/icyphy/ptII/ptolemy/actor/lib/test/auto/Ramp1.xml
1 ms. Memory: 481280K Free: 370828K (77%)
----------------- Invoking toplevel() on ptolemy.moml.MoMLSimpleApplication@6847e230
----------------- Done invoking toplevel() on ptolemy.moml.MoMLSimpleApplication@6847e230
reloadAllAccessors: .Ramp1

===========================================================================================
----------------- testing Sun Apr 19 14:04:52 UTC 2020 /home/travis/build/icyphy/ptII/ptolemy/actor/lib/test/auto/RampFiringLimitDE.xml
----------------- Instantiating /home/travis/build/icyphy/ptII/ptolemy/actor/lib/test/auto/RampFiringLimitDE.xml
2 ms. Memory: 481280K Free: 364684K (76%)
----------------- Invoking toplevel() on ptolemy.moml.MoMLSimpleApplication@1ebb9bd7
----------------- Done invoking toplevel() on ptolemy.moml.MoMLSimpleApplication@1ebb9bd7
reloadAllAccessors: .RampFiringLimitDE

===========================================================================================
----------------- testing Sun Apr 19 14:04:52 UTC 2020 /home/travis/build/icyphy/ptII/ptolemy/actor/lib/test/auto/RampFiringLimitSDF.xml
----------------- Instantiating /home/travis/build/icyphy/ptII/ptolemy/actor/lib/test/auto/RampFiringLimitSDF.xml
1 ms. Memory: 481280K Free: 359564K (75%)
----------------- Invoking toplevel() on ptolemy.moml.MoMLSimpleApplication@582d269a
----------------- Done invoking toplevel() on ptolemy.moml.MoMLSimpleApplication@582d269a
reloadAllAccessors: .RampFiringLimitSDF

===========================================================================================
----------------- testing Sun Apr 19 14:04:52 UTC 2020 /home/travis/build/icyphy/ptII/ptolemy/actor/lib/test/auto/RandomInteger.xml
----------------- Instantiating /home/travis/build/icyphy/ptII/ptolemy/actor/lib/test/auto/RandomInteger.xml
1 ms. Memory: 481280K Free: 355468K (74%)
----------------- Invoking toplevel() on ptolemy.moml.MoMLSimpleApplication@692229e1
----------------- Done invoking toplevel() on ptolemy.moml.MoMLSimpleApplication@692229e1
reloadAllAccessors: .RandomInteger

===========================================================================================
----------------- testing Sun Apr 19 14:04:52 UTC 2020 /home/travis/build/icyphy/ptII/ptolemy/actor/lib/test/auto/ReadFile1.xml
----------------- Instantiating /home/travis/build/icyphy/ptII/ptolemy/actor/lib/test/auto/ReadFile1.xml
1 ms. Memory: 481280K Free: 350844K (73%)
----------------- Invoking toplevel() on ptolemy.moml.MoMLSimpleApplication@77a5f17a
----------------- Done invoking toplevel() on ptolemy.moml.MoMLSimpleApplication@77a5f17a
reloadAllAccessors: .ReadFile1

===========================================================================================
----------------- testing Sun Apr 19 14:04:52 UTC 2020 /home/travis/build/icyphy/ptII/ptolemy/actor/lib/test/auto/ReadFile2.xml
----------------- Instantiating /home/travis/build/icyphy/ptII/ptolemy/actor/lib/test/auto/ReadFile2.xml
1 ms. Memory: 481280K Free: 346762K (72%)
----------------- Invoking toplevel() on ptolemy.moml.MoMLSimpleApplication@34f9b6c6
----------------- Done invoking toplevel() on ptolemy.moml.MoMLSimpleApplication@34f9b6c6
reloadAllAccessors: .ReadFile2

===========================================================================================
----------------- testing Sun Apr 19 14:04:52 UTC 2020 /home/travis/build/icyphy/ptII/ptolemy/actor/lib/test/auto/Reader.xml
----------------- Instantiating /home/travis/build/icyphy/ptII/ptolemy/actor/lib/test/auto/Reader.xml
actor.lib.Reader is obsolete, use actor.lib.io.ExpressionReader instead
4 ms. Memory: 481280K Free: 342666K (71%)
----------------- Invoking toplevel() on ptolemy.moml.MoMLSimpleApplication@7c878e93
----------------- Done invoking toplevel() on ptolemy.moml.MoMLSimpleApplication@7c878e93
reloadAllAccessors: .Reader

===========================================================================================
----------------- testing Sun Apr 19 14:04:52 UTC 2020 /home/travis/build/icyphy/ptII/ptolemy/actor/lib/test/auto/RecordAssemblerDisplayNameTest.xml
----------------- Instantiating /home/travis/build/icyphy/ptII/ptolemy/actor/lib/test/auto/RecordAssemblerDisplayNameTest.xml
3141 ms. Memory: 481280K Free: 243299K (51%)
----------------- Invoking toplevel() on ptolemy.moml.MoMLSimpleApplication@23892899
----------------- Done invoking toplevel() on ptolemy.moml.MoMLSimpleApplication@23892899
reloadAllAccessors: .RecordAssemblerDisplayNameTest

===========================================================================================
----------------- testing Sun Apr 19 14:04:55 UTC 2020 /home/travis/build/icyphy/ptII/ptolemy/actor/lib/test/auto/RecordAssemblerTypeError.xml
----------------- Instantiating /home/travis/build/icyphy/ptII/ptolemy/actor/lib/test/auto/RecordAssemblerTypeError.xml
13 ms. Memory: 481280K Free: 233573K (49%)
----------------- Invoking toplevel() on ptolemy.moml.MoMLSimpleApplication@da01d5c
----------------- Done invoking toplevel() on ptolemy.moml.MoMLSimpleApplication@da01d5c
reloadAllAccessors: .RecordAssemblerTypeError

===========================================================================================
----------------- testing Sun Apr 19 14:04:55 UTC 2020 /home/travis/build/icyphy/ptII/ptolemy/actor/lib/test/auto/RecordDisassember.xml
----------------- Instantiating /home/travis/build/icyphy/ptII/ptolemy/actor/lib/test/auto/RecordDisassember.xml
2 ms. Memory: 481280K Free: 228949K (48%)
----------------- Invoking toplevel() on ptolemy.moml.MoMLSimpleApplication@520f7230
----------------- Done invoking toplevel() on ptolemy.moml.MoMLSimpleApplication@520f7230
reloadAllAccessors: .RecordDisassember

===========================================================================================
----------------- testing Sun Apr 19 14:04:55 UTC 2020 /home/travis/build/icyphy/ptII/ptolemy/actor/lib/test/auto/RecordDisassemberDisplayNameTest.xml
----------------- Instantiating /home/travis/build/icyphy/ptII/ptolemy/actor/lib/test/auto/RecordDisassemberDisplayNameTest.xml
4 ms. Memory: 481280K Free: 221285K (46%)
----------------- Invoking toplevel() on ptolemy.moml.MoMLSimpleApplication@423b70b1
----------------- Done invoking toplevel() on ptolemy.moml.MoMLSimpleApplication@423b70b1
reloadAllAccessors: .RecordDisassemberDisplayNameTest

===========================================================================================
----------------- testing Sun Apr 19 14:04:55 UTC 2020 /home/travis/build/icyphy/ptII/ptolemy/actor/lib/test/auto/RecordDisassembler.xml
----------------- Instantiating /home/travis/build/icyphy/ptII/ptolemy/actor/lib/test/auto/RecordDisassembler.xml
2 ms. Memory: 481280K Free: 216165K (45%)
----------------- Invoking toplevel() on ptolemy.moml.MoMLSimpleApplication@4275a34c
----------------- Done invoking toplevel() on ptolemy.moml.MoMLSimpleApplication@4275a34c
reloadAllAccessors: .RecordDisassembler

===========================================================================================
----------------- testing Sun Apr 19 14:04:55 UTC 2020 /home/travis/build/icyphy/ptII/ptolemy/actor/lib/test/auto/RecordDisassembler2.xml
----------------- Instantiating /home/travis/build/icyphy/ptII/ptolemy/actor/lib/test/auto/RecordDisassembler2.xml
2 ms. Memory: 481280K Free: 211045K (44%)
----------------- Invoking toplevel() on ptolemy.moml.MoMLSimpleApplication@49ee7f40
----------------- Done invoking toplevel() on ptolemy.moml.MoMLSimpleApplication@49ee7f40
reloadAllAccessors: .RecordDisassembler2

===========================================================================================
----------------- testing Sun Apr 19 14:04:55 UTC 2020 /home/travis/build/icyphy/ptII/ptolemy/actor/lib/test/auto/RecordUpdater.xml
----------------- Instantiating /home/travis/build/icyphy/ptII/ptolemy/actor/lib/test/auto/RecordUpdater.xml
2 ms. Memory: 481280K Free: 206435K (43%)
----------------- Invoking toplevel() on ptolemy.moml.MoMLSimpleApplication@bdadc0a
----------------- Done invoking toplevel() on ptolemy.moml.MoMLSimpleApplication@bdadc0a
reloadAllAccessors: .RecordUpdater

===========================================================================================
----------------- testing Sun Apr 19 14:04:55 UTC 2020 /home/travis/build/icyphy/ptII/ptolemy/actor/lib/test/auto/RecordUpdater2.xml
----------------- Instantiating /home/travis/build/icyphy/ptII/ptolemy/actor/lib/test/auto/RecordUpdater2.xml
1 ms. Memory: 481280K Free: 201829K (42%)
----------------- Invoking toplevel() on ptolemy.moml.MoMLSimpleApplication@1e70493c
----------------- Done invoking toplevel() on ptolemy.moml.MoMLSimpleApplication@1e70493c
reloadAllAccessors: .RecordUpdater2

===========================================================================================
----------------- testing Sun Apr 19 14:04:55 UTC 2020 /home/travis/build/icyphy/ptII/ptolemy/actor/lib/test/auto/RecursiveLattice.xml
----------------- Instantiating /home/travis/build/icyphy/ptII/ptolemy/actor/lib/test/auto/RecursiveLattice.xml
1 ms. Memory: 481280K Free: 197733K (41%)
----------------- Invoking toplevel() on ptolemy.moml.MoMLSimpleApplication@1a2eac42
----------------- Done invoking toplevel() on ptolemy.moml.MoMLSimpleApplication@1a2eac42
reloadAllAccessors: .RecursiveLattice

===========================================================================================
----------------- testing Sun Apr 19 14:04:55 UTC 2020 /home/travis/build/icyphy/ptII/ptolemy/actor/lib/test/auto/Router.xml
----------------- Instantiating /home/travis/build/icyphy/ptII/ptolemy/actor/lib/test/auto/Router.xml
3003 ms. Memory: 481280K Free: 185955K (39%)
----------------- Invoking toplevel() on ptolemy.moml.MoMLSimpleApplication@43278399
----------------- Done invoking toplevel() on ptolemy.moml.MoMLSimpleApplication@43278399
reloadAllAccessors: .Router

===========================================================================================
----------------- testing Sun Apr 19 14:04:58 UTC 2020 /home/travis/build/icyphy/ptII/ptolemy/actor/lib/test/auto/Router2.xml
----------------- Instantiating /home/travis/build/icyphy/ptII/ptolemy/actor/lib/test/auto/Router2.xml
3004 ms. Memory: 481280K Free: 173157K (36%)
----------------- Invoking toplevel() on ptolemy.moml.MoMLSimpleApplication@6aaee4e1
----------------- Done invoking toplevel() on ptolemy.moml.MoMLSimpleApplication@6aaee4e1
reloadAllAccessors: .Router2

===========================================================================================
----------------- testing Sun Apr 19 14:05:01 UTC 2020 /home/travis/build/icyphy/ptII/ptolemy/actor/lib/test/auto/RunningMaximum.xml
----------------- Instantiating /home/travis/build/icyphy/ptII/ptolemy/actor/lib/test/auto/RunningMaximum.xml
7 ms. Memory: 481280K Free: 168547K (35%)
----------------- Invoking toplevel() on ptolemy.moml.MoMLSimpleApplication@2237625
----------------- Done invoking toplevel() on ptolemy.moml.MoMLSimpleApplication@2237625
reloadAllAccessors: .RunningMaximum

===========================================================================================
----------------- testing Sun Apr 19 14:05:01 UTC 2020 /home/travis/build/icyphy/ptII/ptolemy/actor/lib/test/auto/RunningMinimum.xml
----------------- Instantiating /home/travis/build/icyphy/ptII/ptolemy/actor/lib/test/auto/RunningMinimum.xml
12 ms. Memory: 481280K Free: 163941K (34%)
----------------- Invoking toplevel() on ptolemy.moml.MoMLSimpleApplication@6c8fdf7c
----------------- Done invoking toplevel() on ptolemy.moml.MoMLSimpleApplication@6c8fdf7c
reloadAllAccessors: .RunningMinimum

===========================================================================================
----------------- testing Sun Apr 19 14:05:01 UTC 2020 /home/travis/build/icyphy/ptII/ptolemy/actor/lib/test/auto/Scale.xml
----------------- Instantiating /home/travis/build/icyphy/ptII/ptolemy/actor/lib/test/auto/Scale.xml
2 ms. Memory: 481280K Free: 158821K (33%)
----------------- Invoking toplevel() on ptolemy.moml.MoMLSimpleApplication@69ef76d6
----------------- Done invoking toplevel() on ptolemy.moml.MoMLSimpleApplication@69ef76d6
reloadAllAccessors: .Scale

===========================================================================================
----------------- testing Sun Apr 19 14:05:01 UTC 2020 /home/travis/build/icyphy/ptII/ptolemy/actor/lib/test/auto/Scale2.xml
----------------- Instantiating /home/travis/build/icyphy/ptII/ptolemy/actor/lib/test/auto/Scale2.xml
1 ms. Memory: 481280K Free: 154211K (32%)
----------------- Invoking toplevel() on ptolemy.moml.MoMLSimpleApplication@20b75275
----------------- Done invoking toplevel() on ptolemy.moml.MoMLSimpleApplication@20b75275
reloadAllAccessors: .Scale2

===========================================================================================
----------------- testing Sun Apr 19 14:05:01 UTC 2020 /home/travis/build/icyphy/ptII/ptolemy/actor/lib/test/auto/Scale3.xml
----------------- Instantiating /home/travis/build/icyphy/ptII/ptolemy/actor/lib/test/auto/Scale3.xml
5 ms. Memory: 481280K Free: 148067K (31%)
----------------- Invoking toplevel() on ptolemy.moml.MoMLSimpleApplication@59857dd3
----------------- Done invoking toplevel() on ptolemy.moml.MoMLSimpleApplication@59857dd3
reloadAllAccessors: .Scale3

===========================================================================================
----------------- testing Sun Apr 19 14:05:01 UTC 2020 /home/travis/build/icyphy/ptII/ptolemy/actor/lib/test/auto/ScaleArray.xml
----------------- Instantiating /home/travis/build/icyphy/ptII/ptolemy/actor/lib/test/auto/ScaleArray.xml
1 ms. Memory: 481280K Free: 428161K (89%)
----------------- Invoking toplevel() on ptolemy.moml.MoMLSimpleApplication@e924b80
----------------- Done invoking toplevel() on ptolemy.moml.MoMLSimpleApplication@e924b80
reloadAllAccessors: .ScaleArray

===========================================================================================
----------------- testing Sun Apr 19 14:05:02 UTC 2020 /home/travis/build/icyphy/ptII/ptolemy/actor/lib/test/auto/ScaleArray2.xml
----------------- Instantiating /home/travis/build/icyphy/ptII/ptolemy/actor/lib/test/auto/ScaleArray2.xml
1 ms. Memory: 481280K Free: 424065K (88%)
----------------- Invoking toplevel() on ptolemy.moml.MoMLSimpleApplication@6e3e72fb
----------------- Done invoking toplevel() on ptolemy.moml.MoMLSimpleApplication@6e3e72fb
reloadAllAccessors: .ScaleArray2

===========================================================================================
----------------- testing Sun Apr 19 14:05:02 UTC 2020 /home/travis/build/icyphy/ptII/ptolemy/actor/lib/test/auto/ScaleMatrix.xml
----------------- Instantiating /home/travis/build/icyphy/ptII/ptolemy/actor/lib/test/auto/ScaleMatrix.xml
113 ms. Memory: 481280K Free: 408705K (85%)
----------------- Invoking toplevel() on ptolemy.moml.MoMLSimpleApplication@67036205
----------------- Done invoking toplevel() on ptolemy.moml.MoMLSimpleApplication@67036205
reloadAllAccessors: .ScaleMatrix

===========================================================================================
----------------- testing Sun Apr 19 14:05:02 UTC 2020 /home/travis/build/icyphy/ptII/ptolemy/actor/lib/test/auto/Select.xml
----------------- Instantiating /home/travis/build/icyphy/ptII/ptolemy/actor/lib/test/auto/Select.xml
2 ms. Memory: 481280K Free: 402561K (84%)
----------------- Invoking toplevel() on ptolemy.moml.MoMLSimpleApplication@670ecfdc
----------------- Done invoking toplevel() on ptolemy.moml.MoMLSimpleApplication@670ecfdc
reloadAllAccessors: .Select

===========================================================================================
----------------- testing Sun Apr 19 14:05:02 UTC 2020 /home/travis/build/icyphy/ptII/ptolemy/actor/lib/test/auto/Select2.xml
----------------- Instantiating /home/travis/build/icyphy/ptII/ptolemy/actor/lib/test/auto/Select2.xml
1 ms. Memory: 481280K Free: 397951K (83%)
----------------- Invoking toplevel() on ptolemy.moml.MoMLSimpleApplication@c971c50
----------------- Done invoking toplevel() on ptolemy.moml.MoMLSimpleApplication@c971c50
reloadAllAccessors: .Select2

===========================================================================================
----------------- testing Sun Apr 19 14:05:02 UTC 2020 /home/travis/build/icyphy/ptII/ptolemy/actor/lib/test/auto/SequenceToArray2.xml
----------------- Instantiating /home/travis/build/icyphy/ptII/ptolemy/actor/lib/test/auto/SequenceToArray2.xml
86 ms. Memory: 481280K Free: 373889K (78%)
----------------- Invoking toplevel() on ptolemy.moml.MoMLSimpleApplication@5e7956f0
----------------- Done invoking toplevel() on ptolemy.moml.MoMLSimpleApplication@5e7956f0
reloadAllAccessors: .SequenceToArray2

===========================================================================================
----------------- testing Sun Apr 19 14:05:02 UTC 2020 /home/travis/build/icyphy/ptII/ptolemy/actor/lib/test/auto/SequentialClock.xml
----------------- Instantiating /home/travis/build/icyphy/ptII/ptolemy/actor/lib/test/auto/SequentialClock.xml
1 ms. Memory: 481280K Free: 369793K (77%)
----------------- Invoking toplevel() on ptolemy.moml.MoMLSimpleApplication@b49a92d
----------------- Done invoking toplevel() on ptolemy.moml.MoMLSimpleApplication@b49a92d
reloadAllAccessors: .SequentialClock

===========================================================================================
----------------- testing Sun Apr 19 14:05:02 UTC 2020 /home/travis/build/icyphy/ptII/ptolemy/actor/lib/test/auto/SetVariable.xml
----------------- Instantiating /home/travis/build/icyphy/ptII/ptolemy/actor/lib/test/auto/SetVariable.xml
2 ms. Memory: 481280K Free: 365183K (76%)
----------------- Invoking toplevel() on ptolemy.moml.MoMLSimpleApplication@34730287
----------------- Done invoking toplevel() on ptolemy.moml.MoMLSimpleApplication@34730287
reloadAllAccessors: .SetVariable

===========================================================================================
----------------- testing Sun Apr 19 14:05:02 UTC 2020 /home/travis/build/icyphy/ptII/ptolemy/actor/lib/test/auto/SetVariable2.xml
----------------- Instantiating /home/travis/build/icyphy/ptII/ptolemy/actor/lib/test/auto/SetVariable2.xml
2 ms. Memory: 481280K Free: 360063K (75%)
----------------- Invoking toplevel() on ptolemy.moml.MoMLSimpleApplication@3a1e526b
----------------- Done invoking toplevel() on ptolemy.moml.MoMLSimpleApplication@3a1e526b
reloadAllAccessors: .SetVariable2

===========================================================================================
----------------- testing Sun Apr 19 14:05:02 UTC 2020 /home/travis/build/icyphy/ptII/ptolemy/actor/lib/test/auto/SetVariable3.xml
----------------- Instantiating /home/travis/build/icyphy/ptII/ptolemy/actor/lib/test/auto/SetVariable3.xml
5 ms. Memory: 481280K Free: 354943K (74%)
----------------- Invoking toplevel() on ptolemy.moml.MoMLSimpleApplication@3aec5609
----------------- Done invoking toplevel() on ptolemy.moml.MoMLSimpleApplication@3aec5609
reloadAllAccessors: .SetVariable3

===========================================================================================
----------------- testing Sun Apr 19 14:05:02 UTC 2020 /home/travis/build/icyphy/ptII/ptolemy/actor/lib/test/auto/SetVariable4.xml
----------------- Instantiating /home/travis/build/icyphy/ptII/ptolemy/actor/lib/test/auto/SetVariable4.xml
17 ms. Memory: 481280K Free: 345217K (72%)
----------------- Invoking toplevel() on ptolemy.moml.MoMLSimpleApplication@23f41d53
----------------- Done invoking toplevel() on ptolemy.moml.MoMLSimpleApplication@23f41d53
reloadAllAccessors: .SetVariable4

===========================================================================================
----------------- testing Sun Apr 19 14:05:02 UTC 2020 /home/travis/build/icyphy/ptII/ptolemy/actor/lib/test/auto/SetVariable5.xml
----------------- Instantiating /home/travis/build/icyphy/ptII/ptolemy/actor/lib/test/auto/SetVariable5.xml
14 ms. Memory: 481280K Free: 335487K (70%)
----------------- Invoking toplevel() on ptolemy.moml.MoMLSimpleApplication@3bcf425d
----------------- Done invoking toplevel() on ptolemy.moml.MoMLSimpleApplication@3bcf425d
reloadAllAccessors: .SetVariable5

===========================================================================================
----------------- testing Sun Apr 19 14:05:02 UTC 2020 /home/travis/build/icyphy/ptII/ptolemy/actor/lib/test/auto/Sinewave.xml
----------------- Instantiating /home/travis/build/icyphy/ptII/ptolemy/actor/lib/test/auto/Sinewave.xml
3 ms. Memory: 481280K Free: 325247K (68%)
----------------- Invoking toplevel() on ptolemy.moml.MoMLSimpleApplication@7abcf0db
----------------- Done invoking toplevel() on ptolemy.moml.MoMLSimpleApplication@7abcf0db
reloadAllAccessors: .Sinewave

===========================================================================================
----------------- testing Sun Apr 19 14:05:02 UTC 2020 /home/travis/build/icyphy/ptII/ptolemy/actor/lib/test/auto/Sinewave2.xml
----------------- Instantiating /home/travis/build/icyphy/ptII/ptolemy/actor/lib/test/auto/Sinewave2.xml
5 ms. Memory: 481280K Free: 317041K (66%)
----------------- Invoking toplevel() on ptolemy.moml.MoMLSimpleApplication@2d8429c7
----------------- Done invoking toplevel() on ptolemy.moml.MoMLSimpleApplication@2d8429c7
reloadAllAccessors: .Sinewave2

===========================================================================================
----------------- testing Sun Apr 19 14:05:02 UTC 2020 /home/travis/build/icyphy/ptII/ptolemy/actor/lib/test/auto/Sinewave3.xml
----------------- Instantiating /home/travis/build/icyphy/ptII/ptolemy/actor/lib/test/auto/Sinewave3.xml
13 ms. Memory: 481280K Free: 308353K (64%)
----------------- Invoking toplevel() on ptolemy.moml.MoMLSimpleApplication@623302f0
----------------- Done invoking toplevel() on ptolemy.moml.MoMLSimpleApplication@623302f0
reloadAllAccessors: .Sinewave3

===========================================================================================
----------------- testing Sun Apr 19 14:05:02 UTC 2020 /home/travis/build/icyphy/ptII/ptolemy/actor/lib/test/auto/SingleEvent.xml
----------------- Instantiating /home/travis/build/icyphy/ptII/ptolemy/actor/lib/test/auto/SingleEvent.xml
1 ms. Memory: 481280K Free: 304257K (63%)
----------------- Invoking toplevel() on ptolemy.moml.MoMLSimpleApplication@685f7923
----------------- Done invoking toplevel() on ptolemy.moml.MoMLSimpleApplication@685f7923
reloadAllAccessors: .SingleEvent

===========================================================================================
----------------- testing Sun Apr 19 14:05:02 UTC 2020 /home/travis/build/icyphy/ptII/ptolemy/actor/lib/test/auto/Sleep.xml
----------------- Instantiating /home/travis/build/icyphy/ptII/ptolemy/actor/lib/test/auto/Sleep.xml
6003 ms. Memory: 481280K Free: 298623K (62%)
----------------- Invoking toplevel() on ptolemy.moml.MoMLSimpleApplication@68b83a68
----------------- Done invoking toplevel() on ptolemy.moml.MoMLSimpleApplication@68b83a68
reloadAllAccessors: .Sleep

===========================================================================================
----------------- testing Sun Apr 19 14:05:08 UTC 2020 /home/travis/build/icyphy/ptII/ptolemy/actor/lib/test/auto/SleepMultipleFire.xml
----------------- Instantiating /home/travis/build/icyphy/ptII/ptolemy/actor/lib/test/auto/SleepMultipleFire.xml
1004 ms. Memory: 481280K Free: 292993K (61%)
----------------- Invoking toplevel() on ptolemy.moml.MoMLSimpleApplication@5c268059
----------------- Done invoking toplevel() on ptolemy.moml.MoMLSimpleApplication@5c268059
reloadAllAccessors: .SleepMultipleFire

===========================================================================================
----------------- testing Sun Apr 19 14:05:09 UTC 2020 /home/travis/build/icyphy/ptII/ptolemy/actor/lib/test/auto/StopDE.xml
----------------- Instantiating /home/travis/build/icyphy/ptII/ptolemy/actor/lib/test/auto/StopDE.xml
3 ms. Memory: 481280K Free: 287359K (60%)
----------------- Invoking toplevel() on ptolemy.moml.MoMLSimpleApplication@11acf2e7
----------------- Done invoking toplevel() on ptolemy.moml.MoMLSimpleApplication@11acf2e7
reloadAllAccessors: .StopDE

===========================================================================================
----------------- testing Sun Apr 19 14:05:09 UTC 2020 /home/travis/build/icyphy/ptII/ptolemy/actor/lib/test/auto/StopSDF.xml
----------------- Instantiating /home/travis/build/icyphy/ptII/ptolemy/actor/lib/test/auto/StopSDF.xml
3 ms. Memory: 481280K Free: 282239K (59%)
----------------- Invoking toplevel() on ptolemy.moml.MoMLSimpleApplication@41bcdbcf
----------------- Done invoking toplevel() on ptolemy.moml.MoMLSimpleApplication@41bcdbcf
reloadAllAccessors: .StopSDF

===========================================================================================
----------------- testing Sun Apr 19 14:05:09 UTC 2020 /home/travis/build/icyphy/ptII/ptolemy/actor/lib/test/auto/StringConstant.xml
----------------- Instantiating /home/travis/build/icyphy/ptII/ptolemy/actor/lib/test/auto/StringConstant.xml
8 ms. Memory: 481280K Free: 277633K (58%)
----------------- Invoking toplevel() on ptolemy.moml.MoMLSimpleApplication@16f40664
----------------- Done invoking toplevel() on ptolemy.moml.MoMLSimpleApplication@16f40664
reloadAllAccessors: .StringConstant

===========================================================================================
----------------- testing Sun Apr 19 14:05:09 UTC 2020 /home/travis/build/icyphy/ptII/ptolemy/actor/lib/test/auto/SubscriberPortInitialValues1.xml
----------------- Instantiating /home/travis/build/icyphy/ptII/ptolemy/actor/lib/test/auto/SubscriberPortInitialValues1.xml
10 ms. Memory: 481280K Free: 268927K (56%)
----------------- Invoking toplevel() on ptolemy.moml.MoMLSimpleApplication@33a34e9a
----------------- Done invoking toplevel() on ptolemy.moml.MoMLSimpleApplication@33a34e9a
reloadAllAccessors: .SubscriberPortInitialValues1

===========================================================================================
----------------- testing Sun Apr 19 14:05:09 UTC 2020 /home/travis/build/icyphy/ptII/ptolemy/actor/lib/test/auto/SubscriberPortInitialValues13.xml
----------------- Instantiating /home/travis/build/icyphy/ptII/ptolemy/actor/lib/test/auto/SubscriberPortInitialValues13.xml
5 ms. Memory: 481280K Free: 256129K (53%)
----------------- Invoking toplevel() on ptolemy.moml.MoMLSimpleApplication@7c53fd61
----------------- Done invoking toplevel() on ptolemy.moml.MoMLSimpleApplication@7c53fd61
reloadAllAccessors: .SubscriberPortInitialValues13

===========================================================================================
----------------- testing Sun Apr 19 14:05:09 UTC 2020 /home/travis/build/icyphy/ptII/ptolemy/actor/lib/test/auto/SubscriberPortInitialValues14.xml
----------------- Instantiating /home/travis/build/icyphy/ptII/ptolemy/actor/lib/test/auto/SubscriberPortInitialValues14.xml
3 ms. Memory: 481280K Free: 248447K (52%)
----------------- Invoking toplevel() on ptolemy.moml.MoMLSimpleApplication@22ab499e
----------------- Done invoking toplevel() on ptolemy.moml.MoMLSimpleApplication@22ab499e
reloadAllAccessors: .SubscriberPortInitialValues14

===========================================================================================
----------------- testing Sun Apr 19 14:05:09 UTC 2020 /home/travis/build/icyphy/ptII/ptolemy/actor/lib/test/auto/SubscriberPortInitialValues2.xml
----------------- Instantiating /home/travis/build/icyphy/ptII/ptolemy/actor/lib/test/auto/SubscriberPortInitialValues2.xml
3 ms. Memory: 481280K Free: 240769K (50%)
----------------- Invoking toplevel() on ptolemy.moml.MoMLSimpleApplication@77d488a1
----------------- Done invoking toplevel() on ptolemy.moml.MoMLSimpleApplication@77d488a1
reloadAllAccessors: .SubscriberPortInitialValues2

===========================================================================================
----------------- testing Sun Apr 19 14:05:09 UTC 2020 /home/travis/build/icyphy/ptII/ptolemy/actor/lib/test/auto/SubscriberPortInitialValues3.xml
----------------- Instantiating /home/travis/build/icyphy/ptII/ptolemy/actor/lib/test/auto/SubscriberPortInitialValues3.xml
3 ms. Memory: 481280K Free: 230015K (48%)
----------------- Invoking toplevel() on ptolemy.moml.MoMLSimpleApplication@15a02416
----------------- Done invoking toplevel() on ptolemy.moml.MoMLSimpleApplication@15a02416
reloadAllAccessors: .SubscriberPortInitialValues3

===========================================================================================
----------------- testing Sun Apr 19 14:05:09 UTC 2020 /home/travis/build/icyphy/ptII/ptolemy/actor/lib/test/auto/SubscriptionAggregator.xml
----------------- Instantiating /home/travis/build/icyphy/ptII/ptolemy/actor/lib/test/auto/SubscriptionAggregator.xml
2 ms. Memory: 481280K Free: 223361K (46%)
----------------- Invoking toplevel() on ptolemy.moml.MoMLSimpleApplication@4b9d69ba
----------------- Done invoking toplevel() on ptolemy.moml.MoMLSimpleApplication@4b9d69ba
reloadAllAccessors: .SubscriptionAggregator

===========================================================================================
----------------- testing Sun Apr 19 14:05:09 UTC 2020 /home/travis/build/icyphy/ptII/ptolemy/actor/lib/test/auto/SubscriptionAggregator2.xml
----------------- Instantiating /home/travis/build/icyphy/ptII/ptolemy/actor/lib/test/auto/SubscriptionAggregator2.xml
3 ms. Memory: 481280K Free: 216697K (45%)
----------------- Invoking toplevel() on ptolemy.moml.MoMLSimpleApplication@3ad614d9
----------------- Done invoking toplevel() on ptolemy.moml.MoMLSimpleApplication@3ad614d9
reloadAllAccessors: .SubscriptionAggregator2

===========================================================================================
----------------- testing Sun Apr 19 14:05:09 UTC 2020 /home/travis/build/icyphy/ptII/ptolemy/actor/lib/test/auto/SubscriptionAggregator3.xml
----------------- Instantiating /home/travis/build/icyphy/ptII/ptolemy/actor/lib/test/auto/SubscriptionAggregator3.xml
3 ms. Memory: 481280K Free: 208001K (43%)
----------------- Invoking toplevel() on ptolemy.moml.MoMLSimpleApplication@2393644d
----------------- Done invoking toplevel() on ptolemy.moml.MoMLSimpleApplication@2393644d
reloadAllAccessors: .SubscriptionAggregator3

===========================================================================================
----------------- testing Sun Apr 19 14:05:09 UTC 2020 /home/travis/build/icyphy/ptII/ptolemy/actor/lib/test/auto/SubscriptionAggregatorMultiply.xml
----------------- Instantiating /home/travis/build/icyphy/ptII/ptolemy/actor/lib/test/auto/SubscriptionAggregatorMultiply.xml
3 ms. Memory: 481280K Free: 199809K (42%)
----------------- Invoking toplevel() on ptolemy.moml.MoMLSimpleApplication@7a86acdd
----------------- Done invoking toplevel() on ptolemy.moml.MoMLSimpleApplication@7a86acdd
reloadAllAccessors: .SubscriptionAggregatorMultiply

===========================================================================================
----------------- testing Sun Apr 19 14:05:09 UTC 2020 /home/travis/build/icyphy/ptII/ptolemy/actor/lib/test/auto/SubscriptionAggregatorPortMultiply1.xml
----------------- Instantiating /home/travis/build/icyphy/ptII/ptolemy/actor/lib/test/auto/SubscriptionAggregatorPortMultiply1.xml
3 ms. Memory: 481280K Free: 192127K (40%)
----------------- Invoking toplevel() on ptolemy.moml.MoMLSimpleApplication@4c216a5
----------------- Done invoking toplevel() on ptolemy.moml.MoMLSimpleApplication@4c216a5
reloadAllAccessors: .SubscriptionAggregatorPortMultiply1

===========================================================================================
----------------- testing Sun Apr 19 14:05:09 UTC 2020 /home/travis/build/icyphy/ptII/ptolemy/actor/lib/test/auto/Switch.xml
----------------- Instantiating /home/travis/build/icyphy/ptII/ptolemy/actor/lib/test/auto/Switch.xml
6 ms. Memory: 481280K Free: 183935K (38%)
----------------- Invoking toplevel() on ptolemy.moml.MoMLSimpleApplication@503574a9
----------------- Done invoking toplevel() on ptolemy.moml.MoMLSimpleApplication@503574a9
reloadAllAccessors: .Switch

===========================================================================================
----------------- testing Sun Apr 19 14:05:09 UTC 2020 /home/travis/build/icyphy/ptII/ptolemy/actor/lib/test/auto/Switch2.xml
----------------- Instantiating /home/travis/build/icyphy/ptII/ptolemy/actor/lib/test/auto/Switch2.xml
1 ms. Memory: 481280K Free: 178815K (37%)
----------------- Invoking toplevel() on ptolemy.moml.MoMLSimpleApplication@55645dd
----------------- Done invoking toplevel() on ptolemy.moml.MoMLSimpleApplication@55645dd
reloadAllAccessors: .Switch2

===========================================================================================
----------------- testing Sun Apr 19 14:05:09 UTC 2020 /home/travis/build/icyphy/ptII/ptolemy/actor/lib/test/auto/SwitchDE.xml
----------------- Instantiating /home/travis/build/icyphy/ptII/ptolemy/actor/lib/test/auto/SwitchDE.xml
2 ms. Memory: 481280K Free: 172657K (36%)
----------------- Invoking toplevel() on ptolemy.moml.MoMLSimpleApplication@bb4e672
----------------- Done invoking toplevel() on ptolemy.moml.MoMLSimpleApplication@bb4e672
reloadAllAccessors: .SwitchDE

===========================================================================================
----------------- testing Sun Apr 19 14:05:09 UTC 2020 /home/travis/build/icyphy/ptII/ptolemy/actor/lib/test/auto/SynchronizerDE.xml
----------------- Instantiating /home/travis/build/icyphy/ptII/ptolemy/actor/lib/test/auto/SynchronizerDE.xml
7 ms. Memory: 481280K Free: 164449K (34%)
----------------- Invoking toplevel() on ptolemy.moml.MoMLSimpleApplication@253e1c89
----------------- Done invoking toplevel() on ptolemy.moml.MoMLSimpleApplication@253e1c89
reloadAllAccessors: .SynchronizerDE

===========================================================================================
----------------- testing Sun Apr 19 14:05:09 UTC 2020 /home/travis/build/icyphy/ptII/ptolemy/actor/lib/test/auto/Test.xml
----------------- Instantiating /home/travis/build/icyphy/ptII/ptolemy/actor/lib/test/auto/Test.xml
8 ms. Memory: 481280K Free: 159353K (33%)
----------------- Invoking toplevel() on ptolemy.moml.MoMLSimpleApplication@636f945f
----------------- Done invoking toplevel() on ptolemy.moml.MoMLSimpleApplication@636f945f
reloadAllAccessors: .Test

===========================================================================================
----------------- testing Sun Apr 19 14:05:09 UTC 2020 /home/travis/build/icyphy/ptII/ptolemy/actor/lib/test/auto/TestExceptionAttribute1.xml
----------------- Instantiating /home/travis/build/icyphy/ptII/ptolemy/actor/lib/test/auto/TestExceptionAttribute1.xml
0 ms. Memory: 481280K Free: 155777K (32%)
----------------- Invoking toplevel() on ptolemy.moml.MoMLSimpleApplication@1b466cc
----------------- Done invoking toplevel() on ptolemy.moml.MoMLSimpleApplication@1b466cc
reloadAllAccessors: .TestExceptionAttribute1

===========================================================================================
----------------- testing Sun Apr 19 14:05:09 UTC 2020 /home/travis/build/icyphy/ptII/ptolemy/actor/lib/test/auto/TestExceptionAttribute2.xml
----------------- Instantiating /home/travis/build/icyphy/ptII/ptolemy/actor/lib/test/auto/TestExceptionAttribute2.xml
1 ms. Memory: 481280K Free: 152191K (32%)
----------------- Invoking toplevel() on ptolemy.moml.MoMLSimpleApplication@37e2552d
----------------- Done invoking toplevel() on ptolemy.moml.MoMLSimpleApplication@37e2552d
reloadAllAccessors: .TestExceptionAttribute2

===========================================================================================
----------------- testing Sun Apr 19 14:05:09 UTC 2020 /home/travis/build/icyphy/ptII/ptolemy/actor/lib/test/auto/TestExceptionAttribute3.xml
----------------- Instantiating /home/travis/build/icyphy/ptII/ptolemy/actor/lib/test/auto/TestExceptionAttribute3.xml
.TestExceptionAttribute3.TestExceptionAttribute: initialize() was not invoked, but wrapup() was.  This is unusual, but not always a problem.  For example, exporting JNLP will do this.
0 ms. Memory: 481280K Free: 148609K (31%)
----------------- Invoking toplevel() on ptolemy.moml.MoMLSimpleApplication@2185779d
----------------- Done invoking toplevel() on ptolemy.moml.MoMLSimpleApplication@2185779d
reloadAllAccessors: .TestExceptionAttribute3

===========================================================================================
----------------- testing Sun Apr 19 14:05:09 UTC 2020 /home/travis/build/icyphy/ptII/ptolemy/actor/lib/test/auto/TestExceptionAttribute4.xml
----------------- Instantiating /home/travis/build/icyphy/ptII/ptolemy/actor/lib/test/auto/TestExceptionAttribute4.xml
.TestExceptionAttribute4.TestExceptionAttribute: initialize() was not invoked, but wrapup() was.  This is unusual, but not always a problem.  For example, exporting JNLP will do this.
.TestExceptionAttribute4.TestExceptionAttribute2: initialize() was not invoked, but wrapup() was.  This is unusual, but not always a problem.  For example, exporting JNLP will do this.
1 ms. Memory: 481280K Free: 428942K (89%)
----------------- Invoking toplevel() on ptolemy.moml.MoMLSimpleApplication@2de2364e
----------------- Done invoking toplevel() on ptolemy.moml.MoMLSimpleApplication@2de2364e
reloadAllAccessors: .TestExceptionAttribute4

===========================================================================================
----------------- testing Sun Apr 19 14:05:09 UTC 2020 /home/travis/build/icyphy/ptII/ptolemy/actor/lib/test/auto/TestExceptionHandler1.xml
----------------- Instantiating /home/travis/build/icyphy/ptII/ptolemy/actor/lib/test/auto/TestExceptionHandler1.xml
1 ms. Memory: 481280K Free: 425356K (88%)
----------------- Invoking toplevel() on ptolemy.moml.MoMLSimpleApplication@5dac77c3
----------------- Done invoking toplevel() on ptolemy.moml.MoMLSimpleApplication@5dac77c3
reloadAllAccessors: .TestExceptionHandler1

===========================================================================================
----------------- testing Sun Apr 19 14:05:09 UTC 2020 /home/travis/build/icyphy/ptII/ptolemy/actor/lib/test/auto/TestExceptionHandler2.xml
----------------- Instantiating /home/travis/build/icyphy/ptII/ptolemy/actor/lib/test/auto/TestExceptionHandler2.xml
1 ms. Memory: 481280K Free: 421774K (88%)
----------------- Invoking toplevel() on ptolemy.moml.MoMLSimpleApplication@4c26044c
----------------- Done invoking toplevel() on ptolemy.moml.MoMLSimpleApplication@4c26044c
reloadAllAccessors: .TestExceptionHandler2

===========================================================================================
----------------- testing Sun Apr 19 14:05:09 UTC 2020 /home/travis/build/icyphy/ptII/ptolemy/actor/lib/test/auto/TestExceptionHandler3.xml
----------------- Instantiating /home/travis/build/icyphy/ptII/ptolemy/actor/lib/test/auto/TestExceptionHandler3.xml
0 ms. Memory: 481280K Free: 417678K (87%)
----------------- Invoking toplevel() on ptolemy.moml.MoMLSimpleApplication@1788e093
----------------- Done invoking toplevel() on ptolemy.moml.MoMLSimpleApplication@1788e093
reloadAllAccessors: .TestExceptionHandler3

===========================================================================================
----------------- testing Sun Apr 19 14:05:09 UTC 2020 /home/travis/build/icyphy/ptII/ptolemy/actor/lib/test/auto/TestExceptionHandler4.xml
----------------- Instantiating /home/travis/build/icyphy/ptII/ptolemy/actor/lib/test/auto/TestExceptionHandler4.xml
1 ms. Memory: 481280K Free: 413582K (86%)
----------------- Invoking toplevel() on ptolemy.moml.MoMLSimpleApplication@cce116
----------------- Done invoking toplevel() on ptolemy.moml.MoMLSimpleApplication@cce116
reloadAllAccessors: .TestExceptionHandler4

===========================================================================================
----------------- testing Sun Apr 19 14:05:09 UTC 2020 /home/travis/build/icyphy/ptII/ptolemy/actor/lib/test/auto/TestRequireCorrectOrder.xml
----------------- Instantiating /home/travis/build/icyphy/ptII/ptolemy/actor/lib/test/auto/TestRequireCorrectOrder.xml
5 ms. Memory: 481280K Free: 408462K (85%)
----------------- Invoking toplevel() on ptolemy.moml.MoMLSimpleApplication@4f347c3e
----------------- Done invoking toplevel() on ptolemy.moml.MoMLSimpleApplication@4f347c3e
reloadAllAccessors: .TestRequireCorrectOrder

===========================================================================================
----------------- testing Sun Apr 19 14:05:09 UTC 2020 /home/travis/build/icyphy/ptII/ptolemy/actor/lib/test/auto/TestSimple.xml
----------------- Instantiating /home/travis/build/icyphy/ptII/ptolemy/actor/lib/test/auto/TestSimple.xml
1 ms. Memory: 481280K Free: 404366K (84%)
----------------- Invoking toplevel() on ptolemy.moml.MoMLSimpleApplication@1c7fb6f7
----------------- Done invoking toplevel() on ptolemy.moml.MoMLSimpleApplication@1c7fb6f7
reloadAllAccessors: .TestSimple

===========================================================================================
----------------- testing Sun Apr 19 14:05:09 UTC 2020 /home/travis/build/icyphy/ptII/ptolemy/actor/lib/test/auto/ThrowModelError.xml
----------------- Instantiating /home/travis/build/icyphy/ptII/ptolemy/actor/lib/test/auto/ThrowModelError.xml
1 ms. Memory: 481280K Free: 399756K (83%)
----------------- Invoking toplevel() on ptolemy.moml.MoMLSimpleApplication@3b0a677c
----------------- Done invoking toplevel() on ptolemy.moml.MoMLSimpleApplication@3b0a677c
reloadAllAccessors: .ThrowModelError

===========================================================================================
----------------- testing Sun Apr 19 14:05:09 UTC 2020 /home/travis/build/icyphy/ptII/ptolemy/actor/lib/test/auto/TimeDelayMicrosteps.xml
----------------- Instantiating /home/travis/build/icyphy/ptII/ptolemy/actor/lib/test/auto/TimeDelayMicrosteps.xml
3 ms. Memory: 481280K Free: 393102K (82%)
----------------- Invoking toplevel() on ptolemy.moml.MoMLSimpleApplication@6ce587a9
----------------- Done invoking toplevel() on ptolemy.moml.MoMLSimpleApplication@6ce587a9
reloadAllAccessors: .TimeDelayMicrosteps

===========================================================================================
----------------- testing Sun Apr 19 14:05:09 UTC 2020 /home/travis/build/icyphy/ptII/ptolemy/actor/lib/test/auto/TimeDelayMicrosteps2.xml
----------------- Instantiating /home/travis/build/icyphy/ptII/ptolemy/actor/lib/test/auto/TimeDelayMicrosteps2.xml
3 ms. Memory: 481280K Free: 385934K (80%)
----------------- Invoking toplevel() on ptolemy.moml.MoMLSimpleApplication@2842fe46
----------------- Done invoking toplevel() on ptolemy.moml.MoMLSimpleApplication@2842fe46
reloadAllAccessors: .TimeDelayMicrosteps2

===========================================================================================
----------------- testing Sun Apr 19 14:05:09 UTC 2020 /home/travis/build/icyphy/ptII/ptolemy/actor/lib/test/auto/TimeDelayMicrosteps3.xml
----------------- Instantiating /home/travis/build/icyphy/ptII/ptolemy/actor/lib/test/auto/TimeDelayMicrosteps3.xml
3 ms. Memory: 481280K Free: 379270K (79%)
----------------- Invoking toplevel() on ptolemy.moml.MoMLSimpleApplication@5c433628
----------------- Done invoking toplevel() on ptolemy.moml.MoMLSimpleApplication@5c433628
reloadAllAccessors: .TimeDelayMicrosteps3

===========================================================================================
----------------- testing Sun Apr 19 14:05:09 UTC 2020 /home/travis/build/icyphy/ptII/ptolemy/actor/lib/test/auto/TimeDelayVariableMicrosteps.xml
----------------- Instantiating /home/travis/build/icyphy/ptII/ptolemy/actor/lib/test/auto/TimeDelayVariableMicrosteps.xml
3 ms. Memory: 481280K Free: 372622K (77%)
----------------- Invoking toplevel() on ptolemy.moml.MoMLSimpleApplication@6713dcbe
----------------- Done invoking toplevel() on ptolemy.moml.MoMLSimpleApplication@6713dcbe
reloadAllAccessors: .TimeDelayVariableMicrosteps

===========================================================================================
----------------- testing Sun Apr 19 14:05:09 UTC 2020 /home/travis/build/icyphy/ptII/ptolemy/actor/lib/test/auto/TimeGap.xml
----------------- Instantiating /home/travis/build/icyphy/ptII/ptolemy/actor/lib/test/auto/TimeGap.xml
10 ms. Memory: 481280K Free: 366958K (76%)
----------------- Invoking toplevel() on ptolemy.moml.MoMLSimpleApplication@29afef3d
----------------- Done invoking toplevel() on ptolemy.moml.MoMLSimpleApplication@29afef3d
reloadAllAccessors: .TimeGap

===========================================================================================
----------------- testing Sun Apr 19 14:05:10 UTC 2020 /home/travis/build/icyphy/ptII/ptolemy/actor/lib/test/auto/TimeGap2.xml
----------------- Instantiating /home/travis/build/icyphy/ptII/ptolemy/actor/lib/test/auto/TimeGap2.xml
2 ms. Memory: 481280K Free: 361358K (75%)
----------------- Invoking toplevel() on ptolemy.moml.MoMLSimpleApplication@40dcc00
----------------- Done invoking toplevel() on ptolemy.moml.MoMLSimpleApplication@40dcc00
reloadAllAccessors: .TimeGap2

===========================================================================================
----------------- testing Sun Apr 19 14:05:10 UTC 2020 /home/travis/build/icyphy/ptII/ptolemy/actor/lib/test/auto/TimedSinewave.xml
----------------- Instantiating /home/travis/build/icyphy/ptII/ptolemy/actor/lib/test/auto/TimedSinewave.xml
18 ms. Memory: 481280K Free: 347532K (72%)
----------------- Invoking toplevel() on ptolemy.moml.MoMLSimpleApplication@26f8c894
----------------- Done invoking toplevel() on ptolemy.moml.MoMLSimpleApplication@26f8c894
reloadAllAccessors: .TimedSinewave

===========================================================================================
----------------- testing Sun Apr 19 14:05:10 UTC 2020 /home/travis/build/icyphy/ptII/ptolemy/actor/lib/test/auto/TimedSinewavePhase.xml
----------------- Instantiating /home/travis/build/icyphy/ptII/ptolemy/actor/lib/test/auto/TimedSinewavePhase.xml
8 ms. Memory: 481280K Free: 337806K (70%)
----------------- Invoking toplevel() on ptolemy.moml.MoMLSimpleApplication@19b3682d
----------------- Done invoking toplevel() on ptolemy.moml.MoMLSimpleApplication@19b3682d
reloadAllAccessors: .TimedSinewavePhase

===========================================================================================
----------------- testing Sun Apr 19 14:05:10 UTC 2020 /home/travis/build/icyphy/ptII/ptolemy/actor/lib/test/auto/Timer.xml
----------------- Instantiating /home/travis/build/icyphy/ptII/ptolemy/actor/lib/test/auto/Timer.xml
2 ms. Memory: 481280K Free: 332158K (69%)
----------------- Invoking toplevel() on ptolemy.moml.MoMLSimpleApplication@240af86a
----------------- Done invoking toplevel() on ptolemy.moml.MoMLSimpleApplication@240af86a
reloadAllAccessors: .Timer

===========================================================================================
----------------- testing Sun Apr 19 14:05:10 UTC 2020 /home/travis/build/icyphy/ptII/ptolemy/actor/lib/test/auto/TriangularDistTestModel.xml
----------------- Instantiating /home/travis/build/icyphy/ptII/ptolemy/actor/lib/test/auto/TriangularDistTestModel.xml
2 ms. Memory: 481280K Free: 326542K (68%)
----------------- Invoking toplevel() on ptolemy.moml.MoMLSimpleApplication@7413f37e
----------------- Done invoking toplevel() on ptolemy.moml.MoMLSimpleApplication@7413f37e
reloadAllAccessors: .TriangularDistTestModel

===========================================================================================
----------------- testing Sun Apr 19 14:05:10 UTC 2020 /home/travis/build/icyphy/ptII/ptolemy/actor/lib/test/auto/TrigFunction.xml
----------------- Instantiating /home/travis/build/icyphy/ptII/ptolemy/actor/lib/test/auto/TrigFunction.xml
1 ms. Memory: 481280K Free: 321422K (67%)
----------------- Invoking toplevel() on ptolemy.moml.MoMLSimpleApplication@1b8442ee
----------------- Done invoking toplevel() on ptolemy.moml.MoMLSimpleApplication@1b8442ee
reloadAllAccessors: .TrigFunction

===========================================================================================
----------------- testing Sun Apr 19 14:05:10 UTC 2020 /home/travis/build/icyphy/ptII/ptolemy/actor/lib/test/auto/TrigFunctionDE.xml
----------------- Instantiating /home/travis/build/icyphy/ptII/ptolemy/actor/lib/test/auto/TrigFunctionDE.xml
1 ms. Memory: 481280K Free: 315788K (66%)
----------------- Invoking toplevel() on ptolemy.moml.MoMLSimpleApplication@4adfaea5
----------------- Done invoking toplevel() on ptolemy.moml.MoMLSimpleApplication@4adfaea5
reloadAllAccessors: .TrigFunctionDE

===========================================================================================
----------------- testing Sun Apr 19 14:05:10 UTC 2020 /home/travis/build/icyphy/ptII/ptolemy/actor/lib/test/auto/TrigFunctionInverse.xml
----------------- Instantiating /home/travis/build/icyphy/ptII/ptolemy/actor/lib/test/auto/TrigFunctionInverse.xml
1 ms. Memory: 481280K Free: 310668K (65%)
----------------- Invoking toplevel() on ptolemy.moml.MoMLSimpleApplication@190428f0
----------------- Done invoking toplevel() on ptolemy.moml.MoMLSimpleApplication@190428f0
reloadAllAccessors: .TrigFunctionInverse

===========================================================================================
----------------- testing Sun Apr 19 14:05:10 UTC 2020 /home/travis/build/icyphy/ptII/ptolemy/actor/lib/test/auto/TrigFunctionTan.xml
----------------- Instantiating /home/travis/build/icyphy/ptII/ptolemy/actor/lib/test/auto/TrigFunctionTan.xml
1 ms. Memory: 481280K Free: 306572K (64%)
----------------- Invoking toplevel() on ptolemy.moml.MoMLSimpleApplication@318ba650
----------------- Done invoking toplevel() on ptolemy.moml.MoMLSimpleApplication@318ba650
reloadAllAccessors: .TrigFunctionTan

===========================================================================================
----------------- testing Sun Apr 19 14:05:10 UTC 2020 /home/travis/build/icyphy/ptII/ptolemy/actor/lib/test/auto/TriggeredClock.xml
----------------- Instantiating /home/travis/build/icyphy/ptII/ptolemy/actor/lib/test/auto/TriggeredClock.xml
1 ms. Memory: 481280K Free: 301934K (63%)
----------------- Invoking toplevel() on ptolemy.moml.MoMLSimpleApplication@2b429d00
----------------- Done invoking toplevel() on ptolemy.moml.MoMLSimpleApplication@2b429d00
reloadAllAccessors: .TriggeredClock

===========================================================================================
----------------- testing Sun Apr 19 14:05:10 UTC 2020 /home/travis/build/icyphy/ptII/ptolemy/actor/lib/test/auto/URLDirectoryReader.xml
----------------- Instantiating /home/travis/build/icyphy/ptII/ptolemy/actor/lib/test/auto/URLDirectoryReader.xml
28 ms. Memory: 481280K Free: 292750K (61%)
----------------- Invoking toplevel() on ptolemy.moml.MoMLSimpleApplication@268f4f79
----------------- Done invoking toplevel() on ptolemy.moml.MoMLSimpleApplication@268f4f79
reloadAllAccessors: .URLDirectoryReader

===========================================================================================
----------------- testing Sun Apr 19 14:05:10 UTC 2020 /home/travis/build/icyphy/ptII/ptolemy/actor/lib/test/auto/URLDirectoryReader3.xml
----------------- Instantiating /home/travis/build/icyphy/ptII/ptolemy/actor/lib/test/auto/URLDirectoryReader3.xml
980 ms. Memory: 481280K Free: 423163K (88%)
----------------- Invoking toplevel() on ptolemy.moml.MoMLSimpleApplication@1e6661f7
----------------- Done invoking toplevel() on ptolemy.moml.MoMLSimpleApplication@1e6661f7
reloadAllAccessors: .URLDirectoryReader3

===========================================================================================
----------------- testing Sun Apr 19 14:05:11 UTC 2020 /home/travis/build/icyphy/ptII/ptolemy/actor/lib/test/auto/UnaryMathFunction.xml
----------------- Instantiating /home/travis/build/icyphy/ptII/ptolemy/actor/lib/test/auto/UnaryMathFunction.xml
5 ms. Memory: 481280K Free: 415409K (86%)
----------------- Invoking toplevel() on ptolemy.moml.MoMLSimpleApplication@2b5eaaa5
----------------- Done invoking toplevel() on ptolemy.moml.MoMLSimpleApplication@2b5eaaa5
reloadAllAccessors: .UnaryMathFunction

===========================================================================================
----------------- testing Sun Apr 19 14:05:11 UTC 2020 /home/travis/build/icyphy/ptII/ptolemy/actor/lib/test/auto/Uniform.xml
----------------- Instantiating /home/travis/build/icyphy/ptII/ptolemy/actor/lib/test/auto/Uniform.xml
1 ms. Memory: 481280K Free: 410793K (85%)
----------------- Invoking toplevel() on ptolemy.moml.MoMLSimpleApplication@2187c400
----------------- Done invoking toplevel() on ptolemy.moml.MoMLSimpleApplication@2187c400
reloadAllAccessors: .Uniform

===========================================================================================
----------------- testing Sun Apr 19 14:05:11 UTC 2020 /home/travis/build/icyphy/ptII/ptolemy/actor/lib/test/auto/UnionDisassemblerTest.xml
----------------- Instantiating /home/travis/build/icyphy/ptII/ptolemy/actor/lib/test/auto/UnionDisassemblerTest.xml
17 ms. Memory: 481280K Free: 407217K (85%)
----------------- Invoking toplevel() on ptolemy.moml.MoMLSimpleApplication@620c5130
----------------- Done invoking toplevel() on ptolemy.moml.MoMLSimpleApplication@620c5130
reloadAllAccessors: .UnionDisassemblerTest

===========================================================================================
----------------- testing Sun Apr 19 14:05:11 UTC 2020 /home/travis/build/icyphy/ptII/ptolemy/actor/lib/test/auto/UtilityFunctions.xml
----------------- Instantiating /home/travis/build/icyphy/ptII/ptolemy/actor/lib/test/auto/UtilityFunctions.xml
1 ms. Memory: 481280K Free: 402607K (84%)
----------------- Invoking toplevel() on ptolemy.moml.MoMLSimpleApplication@3b7bbe5f
----------------- Done invoking toplevel() on ptolemy.moml.MoMLSimpleApplication@3b7bbe5f
reloadAllAccessors: .UtilityFunctions

===========================================================================================
----------------- testing Sun Apr 19 14:05:11 UTC 2020 /home/travis/build/icyphy/ptII/ptolemy/actor/lib/test/auto/VariableSleep.xml
----------------- Instantiating /home/travis/build/icyphy/ptII/ptolemy/actor/lib/test/auto/VariableSleep.xml
502 ms. Memory: 481280K Free: 397487K (83%)
----------------- Invoking toplevel() on ptolemy.moml.MoMLSimpleApplication@a1af642
----------------- Done invoking toplevel() on ptolemy.moml.MoMLSimpleApplication@a1af642
reloadAllAccessors: .VariableSleep

===========================================================================================
----------------- testing Sun Apr 19 14:05:12 UTC 2020 /home/travis/build/icyphy/ptII/ptolemy/actor/lib/test/auto/VectorAssemblerDisassemblerCT.xml
----------------- Instantiating /home/travis/build/icyphy/ptII/ptolemy/actor/lib/test/auto/VectorAssemblerDisassemblerCT.xml
79 ms. Memory: 481280K Free: 377005K (78%)
----------------- Invoking toplevel() on ptolemy.moml.MoMLSimpleApplication@5525d91a
----------------- Done invoking toplevel() on ptolemy.moml.MoMLSimpleApplication@5525d91a
reloadAllAccessors: .VectorAssemblerDisassemblerCT

===========================================================================================
----------------- testing Sun Apr 19 14:05:12 UTC 2020 /home/travis/build/icyphy/ptII/ptolemy/actor/lib/test/auto/VectorAssemblerDisassemblerDE.xml
----------------- Instantiating /home/travis/build/icyphy/ptII/ptolemy/actor/lib/test/auto/VectorAssemblerDisassemblerDE.xml
2 ms. Memory: 481280K Free: 369839K (77%)
----------------- Invoking toplevel() on ptolemy.moml.MoMLSimpleApplication@7a77f9d4
----------------- Done invoking toplevel() on ptolemy.moml.MoMLSimpleApplication@7a77f9d4
reloadAllAccessors: .VectorAssemblerDisassemblerDE

===========================================================================================
----------------- testing Sun Apr 19 14:05:12 UTC 2020 /home/travis/build/icyphy/ptII/ptolemy/actor/lib/test/auto/VectorAssemblerDisassemblerSDF.xml
----------------- Instantiating /home/travis/build/icyphy/ptII/ptolemy/actor/lib/test/auto/VectorAssemblerDisassemblerSDF.xml
4 ms. Memory: 481280K Free: 363185K (75%)
----------------- Invoking toplevel() on ptolemy.moml.MoMLSimpleApplication@23ab47f3
----------------- Done invoking toplevel() on ptolemy.moml.MoMLSimpleApplication@23ab47f3
reloadAllAccessors: .VectorAssemblerDisassemblerSDF

===========================================================================================
----------------- testing Sun Apr 19 14:05:12 UTC 2020 /home/travis/build/icyphy/ptII/ptolemy/actor/lib/test/auto/WallClockTime.xml
----------------- Instantiating /home/travis/build/icyphy/ptII/ptolemy/actor/lib/test/auto/WallClockTime.xml
1002 ms. Memory: 481280K Free: 357551K (74%)
----------------- Invoking toplevel() on ptolemy.moml.MoMLSimpleApplication@10674d6
----------------- Done invoking toplevel() on ptolemy.moml.MoMLSimpleApplication@10674d6
reloadAllAccessors: .WallClockTime

===========================================================================================
----------------- testing Sun Apr 19 14:05:13 UTC 2020 /home/travis/build/icyphy/ptII/ptolemy/actor/lib/test/auto/WidthTestWithSubscriberPublisher.xml
----------------- Instantiating /home/travis/build/icyphy/ptII/ptolemy/actor/lib/test/auto/WidthTestWithSubscriberPublisher.xml
6 ms. Memory: 481280K Free: 340143K (71%)
----------------- Invoking toplevel() on ptolemy.moml.MoMLSimpleApplication@11909a5e
----------------- Done invoking toplevel() on ptolemy.moml.MoMLSimpleApplication@11909a5e
reloadAllAccessors: .WidthTestWithSubscriberPublisher

===========================================================================================
----------------- testing Sun Apr 19 14:05:13 UTC 2020 /home/travis/build/icyphy/ptII/ptolemy/actor/lib/test/auto/WidthTestWithSubscriberPublisher2.xml
----------------- Instantiating /home/travis/build/icyphy/ptII/ptolemy/actor/lib/test/auto/WidthTestWithSubscriberPublisher2.xml
1 ms. Memory: 481280K Free: 333999K (69%)
----------------- Invoking toplevel() on ptolemy.moml.MoMLSimpleApplication@58343539
----------------- Done invoking toplevel() on ptolemy.moml.MoMLSimpleApplication@58343539
reloadAllAccessors: .WidthTestWithSubscriberPublisher2

===========================================================================================
----------------- testing Sun Apr 19 14:05:13 UTC 2020 /home/travis/build/icyphy/ptII/ptolemy/actor/lib/test/auto/WidthTestWithSubscriberPublisher3.xml
----------------- Instantiating /home/travis/build/icyphy/ptII/ptolemy/actor/lib/test/auto/WidthTestWithSubscriberPublisher3.xml
1 ms. Memory: 481280K Free: 326831K (68%)
----------------- Invoking toplevel() on ptolemy.moml.MoMLSimpleApplication@31b3e26c
----------------- Done invoking toplevel() on ptolemy.moml.MoMLSimpleApplication@31b3e26c
reloadAllAccessors: .WidthTestWithSubscriberPublisher3

===========================================================================================
----------------- testing Sun Apr 19 14:05:13 UTC 2020 /home/travis/build/icyphy/ptII/ptolemy/actor/lib/test/auto/Writer.xml
----------------- Instantiating /home/travis/build/icyphy/ptII/ptolemy/actor/lib/test/auto/Writer.xml
0
1
2
3
4
1 ms. Memory: 481280K Free: 322735K (67%)
----------------- Invoking toplevel() on ptolemy.moml.MoMLSimpleApplication@124aae6a
----------------- Done invoking toplevel() on ptolemy.moml.MoMLSimpleApplication@124aae6a
reloadAllAccessors: .Writer

===========================================================================================
----------------- testing Sun Apr 19 14:05:13 UTC 2020 /home/travis/build/icyphy/ptII/ptolemy/actor/lib/test/auto/array.xml
----------------- Instantiating /home/travis/build/icyphy/ptII/ptolemy/actor/lib/test/auto/array.xml
1 ms. Memory: 481280K Free: 317615K (66%)
----------------- Invoking toplevel() on ptolemy.moml.MoMLSimpleApplication@452a28f9
----------------- Done invoking toplevel() on ptolemy.moml.MoMLSimpleApplication@452a28f9
reloadAllAccessors: .array

===========================================================================================
----------------- testing Sun Apr 19 14:05:13 UTC 2020 /home/travis/build/icyphy/ptII/ptolemy/actor/lib/test/auto/array2.xml
----------------- Instantiating /home/travis/build/icyphy/ptII/ptolemy/actor/lib/test/auto/array2.xml
4 ms. Memory: 481280K Free: 313009K (65%)
----------------- Invoking toplevel() on ptolemy.moml.MoMLSimpleApplication@2983cd12
----------------- Done invoking toplevel() on ptolemy.moml.MoMLSimpleApplication@2983cd12
reloadAllAccessors: .array2

===========================================================================================
----------------- testing Sun Apr 19 14:05:13 UTC 2020 /home/travis/build/icyphy/ptII/ptolemy/actor/lib/test/auto/arrayType.xml
----------------- Instantiating /home/travis/build/icyphy/ptII/ptolemy/actor/lib/test/auto/arrayType.xml
2 ms. Memory: 481280K Free: 307375K (64%)
----------------- Invoking toplevel() on ptolemy.moml.MoMLSimpleApplication@64b461e6
----------------- Done invoking toplevel() on ptolemy.moml.MoMLSimpleApplication@64b461e6
reloadAllAccessors: .arrayType

===========================================================================================
----------------- testing Sun Apr 19 14:05:13 UTC 2020 /home/travis/build/icyphy/ptII/ptolemy/actor/lib/test/auto/arrayType10.xml
----------------- Instantiating /home/travis/build/icyphy/ptII/ptolemy/actor/lib/test/auto/arrayType10.xml
1 ms. Memory: 481280K Free: 302769K (63%)
----------------- Invoking toplevel() on ptolemy.moml.MoMLSimpleApplication@5e50c131
----------------- Done invoking toplevel() on ptolemy.moml.MoMLSimpleApplication@5e50c131
reloadAllAccessors: .arrayType10

===========================================================================================
----------------- testing Sun Apr 19 14:05:13 UTC 2020 /home/travis/build/icyphy/ptII/ptolemy/actor/lib/test/auto/arrayType11.xml
----------------- Instantiating /home/travis/build/icyphy/ptII/ptolemy/actor/lib/test/auto/arrayType11.xml
1 ms. Memory: 481280K Free: 298159K (62%)
----------------- Invoking toplevel() on ptolemy.moml.MoMLSimpleApplication@6dbfb74d
----------------- Done invoking toplevel() on ptolemy.moml.MoMLSimpleApplication@6dbfb74d
reloadAllAccessors: .arrayType11

===========================================================================================
----------------- testing Sun Apr 19 14:05:13 UTC 2020 /home/travis/build/icyphy/ptII/ptolemy/actor/lib/test/auto/arrayType12.xml
----------------- Instantiating /home/travis/build/icyphy/ptII/ptolemy/actor/lib/test/auto/arrayType12.xml
2 ms. Memory: 481280K Free: 293039K (61%)
----------------- Invoking toplevel() on ptolemy.moml.MoMLSimpleApplication@62508dfb
----------------- Done invoking toplevel() on ptolemy.moml.MoMLSimpleApplication@62508dfb
reloadAllAccessors: .arrayType12

===========================================================================================
----------------- testing Sun Apr 19 14:05:13 UTC 2020 /home/travis/build/icyphy/ptII/ptolemy/actor/lib/test/auto/arrayType13.xml
----------------- Instantiating /home/travis/build/icyphy/ptII/ptolemy/actor/lib/test/auto/arrayType13.xml
2 ms. Memory: 481280K Free: 287919K (60%)
----------------- Invoking toplevel() on ptolemy.moml.MoMLSimpleApplication@7bedfecd
----------------- Done invoking toplevel() on ptolemy.moml.MoMLSimpleApplication@7bedfecd
reloadAllAccessors: .arrayType13

===========================================================================================
----------------- testing Sun Apr 19 14:05:13 UTC 2020 /home/travis/build/icyphy/ptII/ptolemy/actor/lib/test/auto/arrayType14.xml
----------------- Instantiating /home/travis/build/icyphy/ptII/ptolemy/actor/lib/test/auto/arrayType14.xml
1 ms. Memory: 481280K Free: 282785K (59%)
----------------- Invoking toplevel() on ptolemy.moml.MoMLSimpleApplication@cc6b01
----------------- Done invoking toplevel() on ptolemy.moml.MoMLSimpleApplication@cc6b01
reloadAllAccessors: .arrayType14

===========================================================================================
----------------- testing Sun Apr 19 14:05:13 UTC 2020 /home/travis/build/icyphy/ptII/ptolemy/actor/lib/test/auto/arrayType15.xml
----------------- Instantiating /home/travis/build/icyphy/ptII/ptolemy/actor/lib/test/auto/arrayType15.xml
2 ms. Memory: 481280K Free: 277679K (58%)
----------------- Invoking toplevel() on ptolemy.moml.MoMLSimpleApplication@2c1ae056
----------------- Done invoking toplevel() on ptolemy.moml.MoMLSimpleApplication@2c1ae056
reloadAllAccessors: .arrayType15

===========================================================================================
----------------- testing Sun Apr 19 14:05:13 UTC 2020 /home/travis/build/icyphy/ptII/ptolemy/actor/lib/test/auto/arrayType16.xml
----------------- Instantiating /home/travis/build/icyphy/ptII/ptolemy/actor/lib/test/auto/arrayType16.xml
1 ms. Memory: 481280K Free: 272049K (57%)
----------------- Invoking toplevel() on ptolemy.moml.MoMLSimpleApplication@11e63501
----------------- Done invoking toplevel() on ptolemy.moml.MoMLSimpleApplication@11e63501
reloadAllAccessors: .arrayType16

===========================================================================================
----------------- testing Sun Apr 19 14:05:13 UTC 2020 /home/travis/build/icyphy/ptII/ptolemy/actor/lib/test/auto/arrayType17.xml
----------------- Instantiating /home/travis/build/icyphy/ptII/ptolemy/actor/lib/test/auto/arrayType17.xml
1 ms. Memory: 481280K Free: 266929K (55%)
----------------- Invoking toplevel() on ptolemy.moml.MoMLSimpleApplication@2ad0ddb4
----------------- Done invoking toplevel() on ptolemy.moml.MoMLSimpleApplication@2ad0ddb4
reloadAllAccessors: .arrayType17

===========================================================================================
----------------- testing Sun Apr 19 14:05:13 UTC 2020 /home/travis/build/icyphy/ptII/ptolemy/actor/lib/test/auto/arrayType18.xml
----------------- Instantiating /home/travis/build/icyphy/ptII/ptolemy/actor/lib/test/auto/arrayType18.xml
1 ms. Memory: 481280K Free: 262319K (55%)
----------------- Invoking toplevel() on ptolemy.moml.MoMLSimpleApplication@315d9bcc
----------------- Done invoking toplevel() on ptolemy.moml.MoMLSimpleApplication@315d9bcc
reloadAllAccessors: .arrayType18

===========================================================================================
----------------- testing Sun Apr 19 14:05:13 UTC 2020 /home/travis/build/icyphy/ptII/ptolemy/actor/lib/test/auto/arrayType19.xml
----------------- Instantiating /home/travis/build/icyphy/ptII/ptolemy/actor/lib/test/auto/arrayType19.xml
1 ms. Memory: 481280K Free: 257713K (54%)
----------------- Invoking toplevel() on ptolemy.moml.MoMLSimpleApplication@598d99ea
----------------- Done invoking toplevel() on ptolemy.moml.MoMLSimpleApplication@598d99ea
reloadAllAccessors: .arrayType19

===========================================================================================
----------------- testing Sun Apr 19 14:05:13 UTC 2020 /home/travis/build/icyphy/ptII/ptolemy/actor/lib/test/auto/arrayType2.xml
----------------- Instantiating /home/travis/build/icyphy/ptII/ptolemy/actor/lib/test/auto/arrayType2.xml
1 ms. Memory: 481280K Free: 252079K (52%)
----------------- Invoking toplevel() on ptolemy.moml.MoMLSimpleApplication@59bcde1c
----------------- Done invoking toplevel() on ptolemy.moml.MoMLSimpleApplication@59bcde1c
reloadAllAccessors: .arrayType2

===========================================================================================
----------------- testing Sun Apr 19 14:05:13 UTC 2020 /home/travis/build/icyphy/ptII/ptolemy/actor/lib/test/auto/arrayType20.xml
----------------- Instantiating /home/travis/build/icyphy/ptII/ptolemy/actor/lib/test/auto/arrayType20.xml
1 ms. Memory: 481280K Free: 247473K (51%)
----------------- Invoking toplevel() on ptolemy.moml.MoMLSimpleApplication@268d5c99
----------------- Done invoking toplevel() on ptolemy.moml.MoMLSimpleApplication@268d5c99
reloadAllAccessors: .arrayType20

===========================================================================================
----------------- testing Sun Apr 19 14:05:13 UTC 2020 /home/travis/build/icyphy/ptII/ptolemy/actor/lib/test/auto/arrayType21.xml
----------------- Instantiating /home/travis/build/icyphy/ptII/ptolemy/actor/lib/test/auto/arrayType21.xml
1 ms. Memory: 481280K Free: 242863K (50%)
----------------- Invoking toplevel() on ptolemy.moml.MoMLSimpleApplication@2b0671ab
----------------- Done invoking toplevel() on ptolemy.moml.MoMLSimpleApplication@2b0671ab
reloadAllAccessors: .arrayType21

===========================================================================================
----------------- testing Sun Apr 19 14:05:13 UTC 2020 /home/travis/build/icyphy/ptII/ptolemy/actor/lib/test/auto/arrayType22.xml
----------------- Instantiating /home/travis/build/icyphy/ptII/ptolemy/actor/lib/test/auto/arrayType22.xml
1 ms. Memory: 481280K Free: 238257K (50%)
----------------- Invoking toplevel() on ptolemy.moml.MoMLSimpleApplication@37df46d5
----------------- Done invoking toplevel() on ptolemy.moml.MoMLSimpleApplication@37df46d5
reloadAllAccessors: .arrayType22

===========================================================================================
----------------- testing Sun Apr 19 14:05:13 UTC 2020 /home/travis/build/icyphy/ptII/ptolemy/actor/lib/test/auto/arrayType23.xml
----------------- Instantiating /home/travis/build/icyphy/ptII/ptolemy/actor/lib/test/auto/arrayType23.xml
0 ms. Memory: 481280K Free: 233647K (49%)
----------------- Invoking toplevel() on ptolemy.moml.MoMLSimpleApplication@5a308cd8
----------------- Done invoking toplevel() on ptolemy.moml.MoMLSimpleApplication@5a308cd8
reloadAllAccessors: .arrayType23

===========================================================================================
----------------- testing Sun Apr 19 14:05:13 UTC 2020 /home/travis/build/icyphy/ptII/ptolemy/actor/lib/test/auto/arrayType24.xml
----------------- Instantiating /home/travis/build/icyphy/ptII/ptolemy/actor/lib/test/auto/arrayType24.xml
1 ms. Memory: 481280K Free: 228527K (47%)
----------------- Invoking toplevel() on ptolemy.moml.MoMLSimpleApplication@77adb9b0
----------------- Done invoking toplevel() on ptolemy.moml.MoMLSimpleApplication@77adb9b0
reloadAllAccessors: .arrayType24

===========================================================================================
----------------- testing Sun Apr 19 14:05:13 UTC 2020 /home/travis/build/icyphy/ptII/ptolemy/actor/lib/test/auto/arrayType25.xml
----------------- Instantiating /home/travis/build/icyphy/ptII/ptolemy/actor/lib/test/auto/arrayType25.xml
1 ms. Memory: 481280K Free: 223407K (46%)
----------------- Invoking toplevel() on ptolemy.moml.MoMLSimpleApplication@7b0de886
----------------- Done invoking toplevel() on ptolemy.moml.MoMLSimpleApplication@7b0de886
reloadAllAccessors: .arrayType25

===========================================================================================
----------------- testing Sun Apr 19 14:05:13 UTC 2020 /home/travis/build/icyphy/ptII/ptolemy/actor/lib/test/auto/arrayType26.xml
----------------- Instantiating /home/travis/build/icyphy/ptII/ptolemy/actor/lib/test/auto/arrayType26.xml
1 ms. Memory: 481280K Free: 218287K (45%)
----------------- Invoking toplevel() on ptolemy.moml.MoMLSimpleApplication@5a291996
----------------- Done invoking toplevel() on ptolemy.moml.MoMLSimpleApplication@5a291996
reloadAllAccessors: .arrayType26

===========================================================================================
----------------- testing Sun Apr 19 14:05:13 UTC 2020 /home/travis/build/icyphy/ptII/ptolemy/actor/lib/test/auto/arrayType27.xml
----------------- Instantiating /home/travis/build/icyphy/ptII/ptolemy/actor/lib/test/auto/arrayType27.xml
1 ms. Memory: 481280K Free: 212657K (44%)
----------------- Invoking toplevel() on ptolemy.moml.MoMLSimpleApplication@75d12568
----------------- Done invoking toplevel() on ptolemy.moml.MoMLSimpleApplication@75d12568
reloadAllAccessors: .arrayType27

===========================================================================================
----------------- testing Sun Apr 19 14:05:13 UTC 2020 /home/travis/build/icyphy/ptII/ptolemy/actor/lib/test/auto/arrayType28.xml
----------------- Instantiating /home/travis/build/icyphy/ptII/ptolemy/actor/lib/test/auto/arrayType28.xml
7 ms. Memory: 481280K Free: 207537K (43%)
----------------- Invoking toplevel() on ptolemy.moml.MoMLSimpleApplication@33d33fe2
----------------- Done invoking toplevel() on ptolemy.moml.MoMLSimpleApplication@33d33fe2
reloadAllAccessors: .arrayType28

===========================================================================================
----------------- testing Sun Apr 19 14:05:13 UTC 2020 /home/travis/build/icyphy/ptII/ptolemy/actor/lib/test/auto/arrayType3.xml
----------------- Instantiating /home/travis/build/icyphy/ptII/ptolemy/actor/lib/test/auto/arrayType3.xml
5 ms. Memory: 481280K Free: 202417K (42%)
----------------- Invoking toplevel() on ptolemy.moml.MoMLSimpleApplication@12082da0
----------------- Done invoking toplevel() on ptolemy.moml.MoMLSimpleApplication@12082da0
reloadAllAccessors: .arrayType3

===========================================================================================
----------------- testing Sun Apr 19 14:05:13 UTC 2020 /home/travis/build/icyphy/ptII/ptolemy/actor/lib/test/auto/arrayType4.xml
----------------- Instantiating /home/travis/build/icyphy/ptII/ptolemy/actor/lib/test/auto/arrayType4.xml
1 ms. Memory: 481280K Free: 197297K (41%)
----------------- Invoking toplevel() on ptolemy.moml.MoMLSimpleApplication@793c74e7
----------------- Done invoking toplevel() on ptolemy.moml.MoMLSimpleApplication@793c74e7
reloadAllAccessors: .arrayType4

===========================================================================================
----------------- testing Sun Apr 19 14:05:13 UTC 2020 /home/travis/build/icyphy/ptII/ptolemy/actor/lib/test/auto/arrayType5.xml
----------------- Instantiating /home/travis/build/icyphy/ptII/ptolemy/actor/lib/test/auto/arrayType5.xml
1 ms. Memory: 481280K Free: 191663K (40%)
----------------- Invoking toplevel() on ptolemy.moml.MoMLSimpleApplication@4d5be002
----------------- Done invoking toplevel() on ptolemy.moml.MoMLSimpleApplication@4d5be002
reloadAllAccessors: .arrayType5

===========================================================================================
----------------- testing Sun Apr 19 14:05:13 UTC 2020 /home/travis/build/icyphy/ptII/ptolemy/actor/lib/test/auto/arrayType6.xml
----------------- Instantiating /home/travis/build/icyphy/ptII/ptolemy/actor/lib/test/auto/arrayType6.xml
1 ms. Memory: 481280K Free: 187057K (39%)
----------------- Invoking toplevel() on ptolemy.moml.MoMLSimpleApplication@47bb3083
----------------- Done invoking toplevel() on ptolemy.moml.MoMLSimpleApplication@47bb3083
reloadAllAccessors: .arrayType6

===========================================================================================
----------------- testing Sun Apr 19 14:05:13 UTC 2020 /home/travis/build/icyphy/ptII/ptolemy/actor/lib/test/auto/arrayType7.xml
----------------- Instantiating /home/travis/build/icyphy/ptII/ptolemy/actor/lib/test/auto/arrayType7.xml
5 ms. Memory: 481280K Free: 182447K (38%)
----------------- Invoking toplevel() on ptolemy.moml.MoMLSimpleApplication@75fe3dab
----------------- Done invoking toplevel() on ptolemy.moml.MoMLSimpleApplication@75fe3dab
reloadAllAccessors: .arrayType7

===========================================================================================
----------------- testing Sun Apr 19 14:05:13 UTC 2020 /home/travis/build/icyphy/ptII/ptolemy/actor/lib/test/auto/arrayType8.xml
----------------- Instantiating /home/travis/build/icyphy/ptII/ptolemy/actor/lib/test/auto/arrayType8.xml
1 ms. Memory: 481280K Free: 177841K (37%)
----------------- Invoking toplevel() on ptolemy.moml.MoMLSimpleApplication@561b53c0
----------------- Done invoking toplevel() on ptolemy.moml.MoMLSimpleApplication@561b53c0
reloadAllAccessors: .arrayType8

===========================================================================================
----------------- testing Sun Apr 19 14:05:13 UTC 2020 /home/travis/build/icyphy/ptII/ptolemy/actor/lib/test/auto/arrayType9.xml
----------------- Instantiating /home/travis/build/icyphy/ptII/ptolemy/actor/lib/test/auto/arrayType9.xml
1 ms. Memory: 481280K Free: 172721K (36%)
----------------- Invoking toplevel() on ptolemy.moml.MoMLSimpleApplication@47a041f
----------------- Done invoking toplevel() on ptolemy.moml.MoMLSimpleApplication@47a041f
reloadAllAccessors: .arrayType9

===========================================================================================
----------------- testing Sun Apr 19 14:05:13 UTC 2020 /home/travis/build/icyphy/ptII/ptolemy/actor/lib/test/auto/cast.xml
----------------- Instantiating /home/travis/build/icyphy/ptII/ptolemy/actor/lib/test/auto/cast.xml
2 ms. Memory: 481280K Free: 168111K (35%)
----------------- Invoking toplevel() on ptolemy.moml.MoMLSimpleApplication@52ac6335
----------------- Done invoking toplevel() on ptolemy.moml.MoMLSimpleApplication@52ac6335
reloadAllAccessors: .cast

===========================================================================================
----------------- testing Sun Apr 19 14:05:13 UTC 2020 /home/travis/build/icyphy/ptII/ptolemy/actor/lib/test/auto/compositeMultiPort.xml
----------------- Instantiating /home/travis/build/icyphy/ptII/ptolemy/actor/lib/test/auto/compositeMultiPort.xml
3 ms. Memory: 481280K Free: 159409K (33%)
----------------- Invoking toplevel() on ptolemy.moml.MoMLSimpleApplication@730f983c
----------------- Done invoking toplevel() on ptolemy.moml.MoMLSimpleApplication@730f983c
reloadAllAccessors: .compositeMultiPort

===========================================================================================
----------------- testing Sun Apr 19 14:05:13 UTC 2020 /home/travis/build/icyphy/ptII/ptolemy/actor/lib/test/auto/expressionCastInference.xml
----------------- Instantiating /home/travis/build/icyphy/ptII/ptolemy/actor/lib/test/auto/expressionCastInference.xml
2 ms. Memory: 481280K Free: 154289K (32%)
----------------- Invoking toplevel() on ptolemy.moml.MoMLSimpleApplication@21a0bbb
----------------- Done invoking toplevel() on ptolemy.moml.MoMLSimpleApplication@21a0bbb
reloadAllAccessors: .expressionCastInference

===========================================================================================
----------------- testing Sun Apr 19 14:05:13 UTC 2020 /home/travis/build/icyphy/ptII/ptolemy/actor/lib/test/auto/expressionCastInference2.xml
----------------- Instantiating /home/travis/build/icyphy/ptII/ptolemy/actor/lib/test/auto/expressionCastInference2.xml
2 ms. Memory: 481280K Free: 149679K (31%)
----------------- Invoking toplevel() on ptolemy.moml.MoMLSimpleApplication@5747ded0
----------------- Done invoking toplevel() on ptolemy.moml.MoMLSimpleApplication@5747ded0
reloadAllAccessors: .expressionCastInference2

===========================================================================================
----------------- testing Sun Apr 19 14:05:13 UTC 2020 /home/travis/build/icyphy/ptII/ptolemy/actor/lib/test/auto/expressionInference.xml
----------------- Instantiating /home/travis/build/icyphy/ptII/ptolemy/actor/lib/test/auto/expressionInference.xml
1 ms. Memory: 481280K Free: 145583K (30%)
----------------- Invoking toplevel() on ptolemy.moml.MoMLSimpleApplication@13c61569
----------------- Done invoking toplevel() on ptolemy.moml.MoMLSimpleApplication@13c61569
reloadAllAccessors: .expressionInference

===========================================================================================
----------------- testing Sun Apr 19 14:05:13 UTC 2020 /home/travis/build/icyphy/ptII/ptolemy/actor/lib/test/auto/expression_bug.xml
----------------- Instantiating /home/travis/build/icyphy/ptII/ptolemy/actor/lib/test/auto/expression_bug.xml
1 ms. Memory: 481280K Free: 424817K (88%)
----------------- Invoking toplevel() on ptolemy.moml.MoMLSimpleApplication@3662ddd
----------------- Done invoking toplevel() on ptolemy.moml.MoMLSimpleApplication@3662ddd
reloadAllAccessors: .expression_bug

===========================================================================================
----------------- testing Sun Apr 19 14:05:13 UTC 2020 /home/travis/build/icyphy/ptII/ptolemy/actor/lib/test/auto/factorial.xml
----------------- Instantiating /home/travis/build/icyphy/ptII/ptolemy/actor/lib/test/auto/factorial.xml
39 ms. Memory: 481280K Free: 415601K (86%)
----------------- Invoking toplevel() on ptolemy.moml.MoMLSimpleApplication@3b7c7ea8
----------------- Done invoking toplevel() on ptolemy.moml.MoMLSimpleApplication@3b7c7ea8
reloadAllAccessors: .factorial

===========================================================================================
----------------- testing Sun Apr 19 14:05:13 UTC 2020 /home/travis/build/icyphy/ptII/ptolemy/actor/lib/test/auto/filterTest1.xml
----------------- Instantiating /home/travis/build/icyphy/ptII/ptolemy/actor/lib/test/auto/filterTest1.xml
2 ms. Memory: 481280K Free: 409971K (85%)
----------------- Invoking toplevel() on ptolemy.moml.MoMLSimpleApplication@68be3fec
----------------- Done invoking toplevel() on ptolemy.moml.MoMLSimpleApplication@68be3fec
reloadAllAccessors: .filterTest1

===========================================================================================
----------------- testing Sun Apr 19 14:05:13 UTC 2020 /home/travis/build/icyphy/ptII/ptolemy/actor/lib/test/auto/funcApplyInConst.xml
----------------- Instantiating /home/travis/build/icyphy/ptII/ptolemy/actor/lib/test/auto/funcApplyInConst.xml
15 ms. Memory: 481280K Free: 406385K (84%)
----------------- Invoking toplevel() on ptolemy.moml.MoMLSimpleApplication@6c82d373
----------------- Done invoking toplevel() on ptolemy.moml.MoMLSimpleApplication@6c82d373
reloadAllAccessors: .funcApplyInConst

===========================================================================================
----------------- testing Sun Apr 19 14:05:13 UTC 2020 /home/travis/build/icyphy/ptII/ptolemy/actor/lib/test/auto/funcApplyInExpr.xml
----------------- Instantiating /home/travis/build/icyphy/ptII/ptolemy/actor/lib/test/auto/funcApplyInExpr.xml
1 ms. Memory: 481280K Free: 402289K (84%)
----------------- Invoking toplevel() on ptolemy.moml.MoMLSimpleApplication@293bf8e4
----------------- Done invoking toplevel() on ptolemy.moml.MoMLSimpleApplication@293bf8e4
reloadAllAccessors: .funcApplyInExpr

===========================================================================================
----------------- testing Sun Apr 19 14:05:13 UTC 2020 /home/travis/build/icyphy/ptII/ptolemy/actor/lib/test/auto/function.xml
----------------- Instantiating /home/travis/build/icyphy/ptII/ptolemy/actor/lib/test/auto/function.xml
1 ms. Memory: 481280K Free: 397683K (83%)
----------------- Invoking toplevel() on ptolemy.moml.MoMLSimpleApplication@318da895
----------------- Done invoking toplevel() on ptolemy.moml.MoMLSimpleApplication@318da895
reloadAllAccessors: .function

===========================================================================================
----------------- testing Sun Apr 19 14:05:14 UTC 2020 /home/travis/build/icyphy/ptII/ptolemy/actor/lib/test/auto/function2.xml
----------------- Instantiating /home/travis/build/icyphy/ptII/ptolemy/actor/lib/test/auto/function2.xml
7 ms. Memory: 481280K Free: 393073K (82%)
----------------- Invoking toplevel() on ptolemy.moml.MoMLSimpleApplication@6a6aab0f
----------------- Done invoking toplevel() on ptolemy.moml.MoMLSimpleApplication@6a6aab0f
reloadAllAccessors: .function2

===========================================================================================
----------------- testing Sun Apr 19 14:05:14 UTC 2020 /home/travis/build/icyphy/ptII/ptolemy/actor/lib/test/auto/function3.xml
----------------- Instantiating /home/travis/build/icyphy/ptII/ptolemy/actor/lib/test/auto/function3.xml
1 ms. Memory: 481280K Free: 388977K (81%)
----------------- Invoking toplevel() on ptolemy.moml.MoMLSimpleApplication@a263414
----------------- Done invoking toplevel() on ptolemy.moml.MoMLSimpleApplication@a263414
reloadAllAccessors: .function3

===========================================================================================
----------------- testing Sun Apr 19 14:05:14 UTC 2020 /home/travis/build/icyphy/ptII/ptolemy/actor/lib/test/auto/functionClosureTest1.xml
----------------- Instantiating /home/travis/build/icyphy/ptII/ptolemy/actor/lib/test/auto/functionClosureTest1.xml
2 ms. Memory: 481280K Free: 383347K (80%)
----------------- Invoking toplevel() on ptolemy.moml.MoMLSimpleApplication@6e108aaa
----------------- Done invoking toplevel() on ptolemy.moml.MoMLSimpleApplication@6e108aaa
reloadAllAccessors: .functionClosureTest1

===========================================================================================
----------------- testing Sun Apr 19 14:05:14 UTC 2020 /home/travis/build/icyphy/ptII/ptolemy/actor/lib/test/auto/functionClosureTest2.xml
----------------- Instantiating /home/travis/build/icyphy/ptII/ptolemy/actor/lib/test/auto/functionClosureTest2.xml
0 ms. Memory: 481280K Free: 379761K (79%)
----------------- Invoking toplevel() on ptolemy.moml.MoMLSimpleApplication@63ce097d
----------------- Done invoking toplevel() on ptolemy.moml.MoMLSimpleApplication@63ce097d
reloadAllAccessors: .functionClosureTest2

===========================================================================================
----------------- testing Sun Apr 19 14:05:14 UTC 2020 /home/travis/build/icyphy/ptII/ptolemy/actor/lib/test/auto/functionClosureTest3.xml
----------------- Instantiating /home/travis/build/icyphy/ptII/ptolemy/actor/lib/test/auto/functionClosureTest3.xml
1 ms. Memory: 481280K Free: 374131K (78%)
----------------- Invoking toplevel() on ptolemy.moml.MoMLSimpleApplication@4d64ee5
----------------- Done invoking toplevel() on ptolemy.moml.MoMLSimpleApplication@4d64ee5
reloadAllAccessors: .functionClosureTest3

===========================================================================================
----------------- testing Sun Apr 19 14:05:14 UTC 2020 /home/travis/build/icyphy/ptII/ptolemy/actor/lib/test/auto/functionClosureTest4.xml
----------------- Instantiating /home/travis/build/icyphy/ptII/ptolemy/actor/lib/test/auto/functionClosureTest4.xml
2 ms. Memory: 481280K Free: 367987K (76%)
----------------- Invoking toplevel() on ptolemy.moml.MoMLSimpleApplication@2ce9dce8
----------------- Done invoking toplevel() on ptolemy.moml.MoMLSimpleApplication@2ce9dce8
reloadAllAccessors: .functionClosureTest4

===========================================================================================
----------------- testing Sun Apr 19 14:05:14 UTC 2020 /home/travis/build/icyphy/ptII/ptolemy/actor/lib/test/auto/functionClosureTest5.xml
----------------- Instantiating /home/travis/build/icyphy/ptII/ptolemy/actor/lib/test/auto/functionClosureTest5.xml
3 ms. Memory: 481280K Free: 362867K (75%)
----------------- Invoking toplevel() on ptolemy.moml.MoMLSimpleApplication@5a6d99cb
----------------- Done invoking toplevel() on ptolemy.moml.MoMLSimpleApplication@5a6d99cb
reloadAllAccessors: .functionClosureTest5

===========================================================================================
----------------- testing Sun Apr 19 14:05:14 UTC 2020 /home/travis/build/icyphy/ptII/ptolemy/actor/lib/test/auto/functionClosureTest6.xml
----------------- Instantiating /home/travis/build/icyphy/ptII/ptolemy/actor/lib/test/auto/functionClosureTest6.xml
1 ms. Memory: 481280K Free: 357747K (74%)
----------------- Invoking toplevel() on ptolemy.moml.MoMLSimpleApplication@5d24267e
----------------- Done invoking toplevel() on ptolemy.moml.MoMLSimpleApplication@5d24267e
reloadAllAccessors: .functionClosureTest6

===========================================================================================
----------------- testing Sun Apr 19 14:05:14 UTC 2020 /home/travis/build/icyphy/ptII/ptolemy/actor/lib/test/auto/functionsOnArcs.xml
----------------- Instantiating /home/travis/build/icyphy/ptII/ptolemy/actor/lib/test/auto/functionsOnArcs.xml
1 ms. Memory: 481280K Free: 352627K (73%)
----------------- Invoking toplevel() on ptolemy.moml.MoMLSimpleApplication@6b811a71
----------------- Done invoking toplevel() on ptolemy.moml.MoMLSimpleApplication@6b811a71
reloadAllAccessors: .functionsOnArcs

===========================================================================================
----------------- testing Sun Apr 19 14:05:14 UTC 2020 /home/travis/build/icyphy/ptII/ptolemy/actor/lib/test/auto/functionsOnArcsHOF.xml
----------------- Instantiating /home/travis/build/icyphy/ptII/ptolemy/actor/lib/test/auto/functionsOnArcsHOF.xml
6 ms. Memory: 481280K Free: 346993K (72%)
----------------- Invoking toplevel() on ptolemy.moml.MoMLSimpleApplication@5f4383f8
----------------- Done invoking toplevel() on ptolemy.moml.MoMLSimpleApplication@5f4383f8
reloadAllAccessors: .functionsOnArcsHOF

===========================================================================================
----------------- testing Sun Apr 19 14:05:14 UTC 2020 /home/travis/build/icyphy/ptII/ptolemy/actor/lib/test/auto/logic.xml
----------------- Instantiating /home/travis/build/icyphy/ptII/ptolemy/actor/lib/test/auto/logic.xml
1 ms. Memory: 481280K Free: 339315K (71%)
----------------- Invoking toplevel() on ptolemy.moml.MoMLSimpleApplication@14420aa7
----------------- Done invoking toplevel() on ptolemy.moml.MoMLSimpleApplication@14420aa7
reloadAllAccessors: .logic

===========================================================================================
----------------- testing Sun Apr 19 14:05:14 UTC 2020 /home/travis/build/icyphy/ptII/ptolemy/actor/lib/test/auto/matrixType.xml
----------------- Instantiating /home/travis/build/icyphy/ptII/ptolemy/actor/lib/test/auto/matrixType.xml
1 ms. Memory: 481280K Free: 334705K (70%)
----------------- Invoking toplevel() on ptolemy.moml.MoMLSimpleApplication@4f8cd25d
----------------- Done invoking toplevel() on ptolemy.moml.MoMLSimpleApplication@4f8cd25d
reloadAllAccessors: .matrixType

===========================================================================================
----------------- testing Sun Apr 19 14:05:14 UTC 2020 /home/travis/build/icyphy/ptII/ptolemy/actor/lib/test/auto/matrixType10.xml
----------------- Instantiating /home/travis/build/icyphy/ptII/ptolemy/actor/lib/test/auto/matrixType10.xml
2 ms. Memory: 481280K Free: 330099K (69%)
----------------- Invoking toplevel() on ptolemy.moml.MoMLSimpleApplication@688f158d
----------------- Done invoking toplevel() on ptolemy.moml.MoMLSimpleApplication@688f158d
reloadAllAccessors: .matrixType10

===========================================================================================
----------------- testing Sun Apr 19 14:05:14 UTC 2020 /home/travis/build/icyphy/ptII/ptolemy/actor/lib/test/auto/matrixType11.xml
----------------- Instantiating /home/travis/build/icyphy/ptII/ptolemy/actor/lib/test/auto/matrixType11.xml
1 ms. Memory: 481280K Free: 324979K (68%)
----------------- Invoking toplevel() on ptolemy.moml.MoMLSimpleApplication@42569da1
----------------- Done invoking toplevel() on ptolemy.moml.MoMLSimpleApplication@42569da1
reloadAllAccessors: .matrixType11

===========================================================================================
----------------- testing Sun Apr 19 14:05:14 UTC 2020 /home/travis/build/icyphy/ptII/ptolemy/actor/lib/test/auto/matrixType12.xml
----------------- Instantiating /home/travis/build/icyphy/ptII/ptolemy/actor/lib/test/auto/matrixType12.xml
1 ms. Memory: 481280K Free: 320369K (67%)
----------------- Invoking toplevel() on ptolemy.moml.MoMLSimpleApplication@6a5b58d
----------------- Done invoking toplevel() on ptolemy.moml.MoMLSimpleApplication@6a5b58d
reloadAllAccessors: .matrixType12

===========================================================================================
----------------- testing Sun Apr 19 14:05:14 UTC 2020 /home/travis/build/icyphy/ptII/ptolemy/actor/lib/test/auto/matrixType13.xml
----------------- Instantiating /home/travis/build/icyphy/ptII/ptolemy/actor/lib/test/auto/matrixType13.xml
1 ms. Memory: 481280K Free: 315763K (66%)
----------------- Invoking toplevel() on ptolemy.moml.MoMLSimpleApplication@6dd9ca84
----------------- Done invoking toplevel() on ptolemy.moml.MoMLSimpleApplication@6dd9ca84
reloadAllAccessors: .matrixType13

===========================================================================================
----------------- testing Sun Apr 19 14:05:14 UTC 2020 /home/travis/build/icyphy/ptII/ptolemy/actor/lib/test/auto/matrixType14.xml
----------------- Instantiating /home/travis/build/icyphy/ptII/ptolemy/actor/lib/test/auto/matrixType14.xml
2 ms. Memory: 481280K Free: 310129K (64%)
----------------- Invoking toplevel() on ptolemy.moml.MoMLSimpleApplication@5127151a
----------------- Done invoking toplevel() on ptolemy.moml.MoMLSimpleApplication@5127151a
reloadAllAccessors: .matrixType14

===========================================================================================
----------------- testing Sun Apr 19 14:05:14 UTC 2020 /home/travis/build/icyphy/ptII/ptolemy/actor/lib/test/auto/matrixType2.xml
----------------- Instantiating /home/travis/build/icyphy/ptII/ptolemy/actor/lib/test/auto/matrixType2.xml
1 ms. Memory: 481280K Free: 305009K (63%)
----------------- Invoking toplevel() on ptolemy.moml.MoMLSimpleApplication@19d112a7
----------------- Done invoking toplevel() on ptolemy.moml.MoMLSimpleApplication@19d112a7
reloadAllAccessors: .matrixType2

===========================================================================================
----------------- testing Sun Apr 19 14:05:14 UTC 2020 /home/travis/build/icyphy/ptII/ptolemy/actor/lib/test/auto/matrixType3.xml
----------------- Instantiating /home/travis/build/icyphy/ptII/ptolemy/actor/lib/test/auto/matrixType3.xml
4 ms. Memory: 481280K Free: 299889K (62%)
----------------- Invoking toplevel() on ptolemy.moml.MoMLSimpleApplication@2f5c4e0d
----------------- Done invoking toplevel() on ptolemy.moml.MoMLSimpleApplication@2f5c4e0d
reloadAllAccessors: .matrixType3

===========================================================================================
----------------- testing Sun Apr 19 14:05:14 UTC 2020 /home/travis/build/icyphy/ptII/ptolemy/actor/lib/test/auto/matrixType4.xml
----------------- Instantiating /home/travis/build/icyphy/ptII/ptolemy/actor/lib/test/auto/matrixType4.xml
1 ms. Memory: 481280K Free: 295283K (61%)
----------------- Invoking toplevel() on ptolemy.moml.MoMLSimpleApplication@5ec0b04a
----------------- Done invoking toplevel() on ptolemy.moml.MoMLSimpleApplication@5ec0b04a
reloadAllAccessors: .matrixType4

===========================================================================================
----------------- testing Sun Apr 19 14:05:14 UTC 2020 /home/travis/build/icyphy/ptII/ptolemy/actor/lib/test/auto/matrixType5.xml
----------------- Instantiating /home/travis/build/icyphy/ptII/ptolemy/actor/lib/test/auto/matrixType5.xml
1 ms. Memory: 481280K Free: 290673K (60%)
----------------- Invoking toplevel() on ptolemy.moml.MoMLSimpleApplication@4f22d59a
----------------- Done invoking toplevel() on ptolemy.moml.MoMLSimpleApplication@4f22d59a
reloadAllAccessors: .matrixType5

===========================================================================================
----------------- testing Sun Apr 19 14:05:14 UTC 2020 /home/travis/build/icyphy/ptII/ptolemy/actor/lib/test/auto/matrixType6.xml
----------------- Instantiating /home/travis/build/icyphy/ptII/ptolemy/actor/lib/test/auto/matrixType6.xml
1 ms. Memory: 481280K Free: 285553K (59%)
----------------- Invoking toplevel() on ptolemy.moml.MoMLSimpleApplication@57c2d794
----------------- Done invoking toplevel() on ptolemy.moml.MoMLSimpleApplication@57c2d794
reloadAllAccessors: .matrixType6

===========================================================================================
----------------- testing Sun Apr 19 14:05:14 UTC 2020 /home/travis/build/icyphy/ptII/ptolemy/actor/lib/test/auto/matrixType7.xml
----------------- Instantiating /home/travis/build/icyphy/ptII/ptolemy/actor/lib/test/auto/matrixType7.xml
1 ms. Memory: 481280K Free: 280947K (58%)
----------------- Invoking toplevel() on ptolemy.moml.MoMLSimpleApplication@5e76710d
----------------- Done invoking toplevel() on ptolemy.moml.MoMLSimpleApplication@5e76710d
reloadAllAccessors: .matrixType7

===========================================================================================
----------------- testing Sun Apr 19 14:05:14 UTC 2020 /home/travis/build/icyphy/ptII/ptolemy/actor/lib/test/auto/matrixType8.xml
----------------- Instantiating /home/travis/build/icyphy/ptII/ptolemy/actor/lib/test/auto/matrixType8.xml
1 ms. Memory: 481280K Free: 276337K (57%)
----------------- Invoking toplevel() on ptolemy.moml.MoMLSimpleApplication@937e6a9
----------------- Done invoking toplevel() on ptolemy.moml.MoMLSimpleApplication@937e6a9
reloadAllAccessors: .matrixType8

===========================================================================================
----------------- testing Sun Apr 19 14:05:14 UTC 2020 /home/travis/build/icyphy/ptII/ptolemy/actor/lib/test/auto/matrixType9.xml
----------------- Instantiating /home/travis/build/icyphy/ptII/ptolemy/actor/lib/test/auto/matrixType9.xml
1 ms. Memory: 481280K Free: 271217K (56%)
----------------- Invoking toplevel() on ptolemy.moml.MoMLSimpleApplication@4fea5c88
----------------- Done invoking toplevel() on ptolemy.moml.MoMLSimpleApplication@4fea5c88
reloadAllAccessors: .matrixType9

===========================================================================================
----------------- testing Sun Apr 19 14:05:14 UTC 2020 /home/travis/build/icyphy/ptII/ptolemy/actor/lib/test/auto/paraFunctest.xml
----------------- Instantiating /home/travis/build/icyphy/ptII/ptolemy/actor/lib/test/auto/paraFunctest.xml
1 ms. Memory: 481280K Free: 267121K (56%)
----------------- Invoking toplevel() on ptolemy.moml.MoMLSimpleApplication@10d33240
----------------- Done invoking toplevel() on ptolemy.moml.MoMLSimpleApplication@10d33240
reloadAllAccessors: .paraFunctest

===========================================================================================
----------------- testing Sun Apr 19 14:05:14 UTC 2020 /home/travis/build/icyphy/ptII/ptolemy/actor/lib/test/auto/paraFunctest2.xml
----------------- Instantiating /home/travis/build/icyphy/ptII/ptolemy/actor/lib/test/auto/paraFunctest2.xml
1 ms. Memory: 481280K Free: 263011K (55%)
----------------- Invoking toplevel() on ptolemy.moml.MoMLSimpleApplication@74045
----------------- Done invoking toplevel() on ptolemy.moml.MoMLSimpleApplication@74045
reloadAllAccessors: .paraFunctest2

===========================================================================================
----------------- testing Sun Apr 19 14:05:14 UTC 2020 /home/travis/build/icyphy/ptII/ptolemy/actor/lib/test/auto/parameterPassing.xml
----------------- Instantiating /home/travis/build/icyphy/ptII/ptolemy/actor/lib/test/auto/parameterPassing.xml
2 ms. Memory: 481280K Free: 258419K (54%)
----------------- Invoking toplevel() on ptolemy.moml.MoMLSimpleApplication@59d74a1d
----------------- Done invoking toplevel() on ptolemy.moml.MoMLSimpleApplication@59d74a1d
reloadAllAccessors: .parameterPassing

===========================================================================================
----------------- testing Sun Apr 19 14:05:14 UTC 2020 /home/travis/build/icyphy/ptII/ptolemy/actor/lib/test/auto/record.xml
----------------- Instantiating /home/travis/build/icyphy/ptII/ptolemy/actor/lib/test/auto/record.xml
2 ms. Memory: 481280K Free: 253809K (53%)
----------------- Invoking toplevel() on ptolemy.moml.MoMLSimpleApplication@1a5c5f98
----------------- Done invoking toplevel() on ptolemy.moml.MoMLSimpleApplication@1a5c5f98
reloadAllAccessors: .record

===========================================================================================
----------------- testing Sun Apr 19 14:05:14 UTC 2020 /home/travis/build/icyphy/ptII/ptolemy/actor/lib/test/auto/sizedarray1.xml
----------------- Instantiating /home/travis/build/icyphy/ptII/ptolemy/actor/lib/test/auto/sizedarray1.xml
1 ms. Memory: 481280K Free: 248179K (52%)
----------------- Invoking toplevel() on ptolemy.moml.MoMLSimpleApplication@294c4569
----------------- Done invoking toplevel() on ptolemy.moml.MoMLSimpleApplication@294c4569
reloadAllAccessors: .sizedarray1

===========================================================================================
----------------- testing Sun Apr 19 14:05:14 UTC 2020 /home/travis/build/icyphy/ptII/ptolemy/actor/lib/test/auto/sizedarray2.xml
----------------- Instantiating /home/travis/build/icyphy/ptII/ptolemy/actor/lib/test/auto/sizedarray2.xml
2 ms. Memory: 481280K Free: 242545K (50%)
----------------- Invoking toplevel() on ptolemy.moml.MoMLSimpleApplication@5987e1ce
----------------- Done invoking toplevel() on ptolemy.moml.MoMLSimpleApplication@5987e1ce
reloadAllAccessors: .sizedarray2

===========================================================================================
----------------- testing Sun Apr 19 14:05:14 UTC 2020 /home/travis/build/icyphy/ptII/ptolemy/actor/lib/test/auto/twoPublishers.xml
----------------- Instantiating /home/travis/build/icyphy/ptII/ptolemy/actor/lib/test/auto/twoPublishers.xml
5 ms. Memory: 481280K Free: 231795K (48%)
----------------- Invoking toplevel() on ptolemy.moml.MoMLSimpleApplication@4ab4b69f
----------------- Done invoking toplevel() on ptolemy.moml.MoMLSimpleApplication@4ab4b69f
reloadAllAccessors: .twoPublishers
AutoTests.java: About to close Vertx.
AutoTests.java: Vertx closed.
]]></system-out>
  <system-err><![CDATA[java.lang.RuntimeException: Execution failed
	at ptolemy.moml.MoMLSimpleApplication$UnloadThread.run(MoMLSimpleApplication.java:402)
Caused by: java.lang.RuntimeException: StringUtilities.exit() was called. Normally, we would exit here because Manager.exitAfterWrapup() was called.  However, because the ptolemy.ptII.exitAfterWrapup property is set, we throw this exception instead.
	at ptolemy.util.StringUtilities.exit(StringUtilities.java:365)
	at ptolemy.actor.Manager.wrapup(Manager.java:1549)
	at ptolemy.actor.Manager.execute(Manager.java:407)
	at ptolemy.actor.Manager.run(Manager.java:1263)
	at ptolemy.actor.Manager$PtolemyRunThread.run(Manager.java:1933)
Warning: '.top.test' is in training mode, set the trainingMode parameter to false before checking in
Warning: '.top.test' is in training mode, set the trainingMode parameter to false before checking in
Warning: '.top.test' is in training mode, set the trainingMode parameter to false before checking in
Warning: '.BooleanSwitch_RegressionTest_WrongTrainingValues.Test' is in training mode, set the trainingMode parameter to false before checking in
Warning: '.BooleanSwitch_RegressionTest_WrongTrainingValues.Test2' is in training mode, set the trainingMode parameter to false before checking in
Warning: '.BooleanSwitch_RegressionTest_WrongTrainingValues.Test2' The test produced 0 tokens.
Warning: '.top.testExceptionHandler' is in training mode, set the trainingMode parameter to false before checking in
java.lang.RuntimeException: Execution failed
	at ptolemy.moml.MoMLSimpleApplication$UnloadThread.run(MoMLSimpleApplication.java:402)
Caused by: ptolemy.kernel.util.IllegalActionException: PublisherPorts cannot be used at the top level, use a Publisher actor instead.
  in .PublisherPortToplevelSubscriber.PublisherPort
	at ptolemy.actor.PublisherPort.preinitialize(PublisherPort.java:403)
	at ptolemy.actor.CompositeActor.preinitialize(CompositeActor.java:1769)
	at ptolemy.actor.Manager.preinitializeAndResolveTypes(Manager.java:1040)
	at ptolemy.actor.Manager.initialize(Manager.java:710)
	at ptolemy.actor.Manager.execute(Manager.java:356)
	at ptolemy.actor.Manager.run(Manager.java:1263)
	at ptolemy.actor.Manager$PtolemyRunThread.run(Manager.java:1933)
java.lang.reflect.InvocationTargetException
	at java.base/jdk.internal.reflect.NativeConstructorAccessorImpl.newInstance0(Native Method)
	at java.base/jdk.internal.reflect.NativeConstructorAccessorImpl.newInstance(NativeConstructorAccessorImpl.java:62)
	at java.base/jdk.internal.reflect.DelegatingConstructorAccessorImpl.newInstance(DelegatingConstructorAccessorImpl.java:45)
	at java.base/java.lang.reflect.Constructor.newInstance(Constructor.java:490)
	at ptolemy.util.test.junit.AutoKnownFailedTests.RunModel(AutoKnownFailedTests.java:105)
	at java.base/jdk.internal.reflect.NativeMethodAccessorImpl.invoke0(Native Method)
	at java.base/jdk.internal.reflect.NativeMethodAccessorImpl.invoke(NativeMethodAccessorImpl.java:62)
	at java.base/jdk.internal.reflect.DelegatingMethodAccessorImpl.invoke(DelegatingMethodAccessorImpl.java:43)
	at java.base/java.lang.reflect.Method.invoke(Method.java:566)
	at org.junit.runners.model.FrameworkMethod$1.runReflectiveCall(FrameworkMethod.java:44)
	at org.junit.internal.runners.model.ReflectiveCallable.run(ReflectiveCallable.java:15)
	at org.junit.runners.model.FrameworkMethod.invokeExplosively(FrameworkMethod.java:41)
	at junitparams.internal.InvokeParameterisedMethod.evaluate(InvokeParameterisedMethod.java:102)
	at org.junit.internal.runners.statements.FailOnTimeout$1.run(FailOnTimeout.java:28)
Caused by: ptolemy.kernel.util.IllegalActionException: PublisherPorts cannot be used at the top level, use a Publisher actor instead.
  in .PublisherPortToplevelSubscriber.PublisherPort
	at ptolemy.actor.PublisherPort.preinitialize(PublisherPort.java:403)
	at ptolemy.actor.CompositeActor.preinitialize(CompositeActor.java:1769)
	at ptolemy.actor.Manager.preinitializeAndResolveTypes(Manager.java:1040)
	at ptolemy.actor.Manager.initialize(Manager.java:710)
	at ptolemy.actor.Manager.execute(Manager.java:356)
	at ptolemy.actor.Manager.run(Manager.java:1263)
	at ptolemy.actor.Manager$PtolemyRunThread.run(Manager.java:1933)
java.lang.RuntimeException: Execution failed
	at ptolemy.moml.MoMLSimpleApplication$UnloadThread.run(MoMLSimpleApplication.java:402)
Caused by: ptolemy.kernel.util.IllegalActionException: SubscriberPorts cannot be used at the top level, use a Subscriber actor instead.
  in .PublisherSubscriberPortToplevel.SubscriberPort
	at ptolemy.actor.SubscriberPort.preinitialize(SubscriberPort.java:328)
	at ptolemy.actor.CompositeActor.preinitialize(CompositeActor.java:1769)
	at ptolemy.actor.Manager.preinitializeAndResolveTypes(Manager.java:1040)
	at ptolemy.actor.Manager.initialize(Manager.java:710)
	at ptolemy.actor.Manager.execute(Manager.java:356)
	at ptolemy.actor.Manager.run(Manager.java:1263)
	at ptolemy.actor.Manager$PtolemyRunThread.run(Manager.java:1933)
java.lang.reflect.InvocationTargetException
	at java.base/jdk.internal.reflect.NativeConstructorAccessorImpl.newInstance0(Native Method)
	at java.base/jdk.internal.reflect.NativeConstructorAccessorImpl.newInstance(NativeConstructorAccessorImpl.java:62)
	at java.base/jdk.internal.reflect.DelegatingConstructorAccessorImpl.newInstance(DelegatingConstructorAccessorImpl.java:45)
	at java.base/java.lang.reflect.Constructor.newInstance(Constructor.java:490)
	at ptolemy.util.test.junit.AutoKnownFailedTests.RunModel(AutoKnownFailedTests.java:105)
	at java.base/jdk.internal.reflect.NativeMethodAccessorImpl.invoke0(Native Method)
	at java.base/jdk.internal.reflect.NativeMethodAccessorImpl.invoke(NativeMethodAccessorImpl.java:62)
	at java.base/jdk.internal.reflect.DelegatingMethodAccessorImpl.invoke(DelegatingMethodAccessorImpl.java:43)
	at java.base/java.lang.reflect.Method.invoke(Method.java:566)
	at org.junit.runners.model.FrameworkMethod$1.runReflectiveCall(FrameworkMethod.java:44)
	at org.junit.internal.runners.model.ReflectiveCallable.run(ReflectiveCallable.java:15)
	at org.junit.runners.model.FrameworkMethod.invokeExplosively(FrameworkMethod.java:41)
	at junitparams.internal.InvokeParameterisedMethod.evaluate(InvokeParameterisedMethod.java:102)
	at org.junit.internal.runners.statements.FailOnTimeout$1.run(FailOnTimeout.java:28)
Caused by: ptolemy.kernel.util.IllegalActionException: SubscriberPorts cannot be used at the top level, use a Subscriber actor instead.
  in .PublisherSubscriberPortToplevel.SubscriberPort
	at ptolemy.actor.SubscriberPort.preinitialize(SubscriberPort.java:328)
	at ptolemy.actor.CompositeActor.preinitialize(CompositeActor.java:1769)
	at ptolemy.actor.Manager.preinitializeAndResolveTypes(Manager.java:1040)
	at ptolemy.actor.Manager.initialize(Manager.java:710)
	at ptolemy.actor.Manager.execute(Manager.java:356)
	at ptolemy.actor.Manager.run(Manager.java:1263)
	at ptolemy.actor.Manager$PtolemyRunThread.run(Manager.java:1933)
java.lang.RuntimeException: Execution failed
	at ptolemy.moml.MoMLSimpleApplication$UnloadThread.run(MoMLSimpleApplication.java:402)
Caused by: ptolemy.kernel.util.IllegalActionException: SubscriptionAggregatorPorts cannot be used at the top level, use a SubscriptionAggregator actor instead.
  in .PublisherSubscriptionAggregatorPort.SubscriptionAggregatorPort
	at ptolemy.actor.SubscriptionAggregatorPort.preinitialize(SubscriptionAggregatorPort.java:353)
	at ptolemy.actor.CompositeActor.preinitialize(CompositeActor.java:1769)
	at ptolemy.actor.Manager.preinitializeAndResolveTypes(Manager.java:1040)
	at ptolemy.actor.Manager.initialize(Manager.java:710)
	at ptolemy.actor.Manager.execute(Manager.java:356)
	at ptolemy.actor.Manager.run(Manager.java:1263)
	at ptolemy.actor.Manager$PtolemyRunThread.run(Manager.java:1933)
java.lang.reflect.InvocationTargetException
	at java.base/jdk.internal.reflect.NativeConstructorAccessorImpl.newInstance0(Native Method)
	at java.base/jdk.internal.reflect.NativeConstructorAccessorImpl.newInstance(NativeConstructorAccessorImpl.java:62)
	at java.base/jdk.internal.reflect.DelegatingConstructorAccessorImpl.newInstance(DelegatingConstructorAccessorImpl.java:45)
	at java.base/java.lang.reflect.Constructor.newInstance(Constructor.java:490)
	at ptolemy.util.test.junit.AutoKnownFailedTests.RunModel(AutoKnownFailedTests.java:105)
	at java.base/jdk.internal.reflect.NativeMethodAccessorImpl.invoke0(Native Method)
	at java.base/jdk.internal.reflect.NativeMethodAccessorImpl.invoke(NativeMethodAccessorImpl.java:62)
	at java.base/jdk.internal.reflect.DelegatingMethodAccessorImpl.invoke(DelegatingMethodAccessorImpl.java:43)
	at java.base/java.lang.reflect.Method.invoke(Method.java:566)
	at org.junit.runners.model.FrameworkMethod$1.runReflectiveCall(FrameworkMethod.java:44)
	at org.junit.internal.runners.model.ReflectiveCallable.run(ReflectiveCallable.java:15)
	at org.junit.runners.model.FrameworkMethod.invokeExplosively(FrameworkMethod.java:41)
	at junitparams.internal.InvokeParameterisedMethod.evaluate(InvokeParameterisedMethod.java:102)
	at org.junit.internal.runners.statements.FailOnTimeout$1.run(FailOnTimeout.java:28)
Caused by: ptolemy.kernel.util.IllegalActionException: SubscriptionAggregatorPorts cannot be used at the top level, use a SubscriptionAggregator actor instead.
  in .PublisherSubscriptionAggregatorPort.SubscriptionAggregatorPort
	at ptolemy.actor.SubscriptionAggregatorPort.preinitialize(SubscriptionAggregatorPort.java:353)
	at ptolemy.actor.CompositeActor.preinitialize(CompositeActor.java:1769)
	at ptolemy.actor.Manager.preinitializeAndResolveTypes(Manager.java:1040)
	at ptolemy.actor.Manager.initialize(Manager.java:710)
	at ptolemy.actor.Manager.execute(Manager.java:356)
	at ptolemy.actor.Manager.run(Manager.java:1263)
	at ptolemy.actor.Manager$PtolemyRunThread.run(Manager.java:1933)
java.lang.RuntimeException: Execution failed
	at ptolemy.moml.MoMLSimpleApplication$UnloadThread.run(MoMLSimpleApplication.java:402)
Caused by: ptolemy.kernel.util.IllegalActionException: TypeTest actor has no training data.
  in .sizedarray3.TypeTest
	at ptolemy.actor.lib.TypeTest.initialize(TypeTest.java:250)
	at ptolemy.actor.Director.initialize(Director.java:938)
	at ptolemy.actor.Director.initialize(Director.java:907)
	at ptolemy.actor.sched.StaticSchedulingDirector.initialize(StaticSchedulingDirector.java:159)
	at ptolemy.domains.sdf.kernel.SDFDirector.initialize(SDFDirector.java:544)
	at ptolemy.actor.CompositeActor.initialize(CompositeActor.java:935)
	at ptolemy.actor.Manager.initialize(Manager.java:724)
	at ptolemy.actor.Manager.execute(Manager.java:356)
	at ptolemy.actor.Manager.run(Manager.java:1263)
	at ptolemy.actor.Manager$PtolemyRunThread.run(Manager.java:1933)
java.lang.reflect.InvocationTargetException
	at java.base/jdk.internal.reflect.NativeConstructorAccessorImpl.newInstance0(Native Method)
	at java.base/jdk.internal.reflect.NativeConstructorAccessorImpl.newInstance(NativeConstructorAccessorImpl.java:62)
	at java.base/jdk.internal.reflect.DelegatingConstructorAccessorImpl.newInstance(DelegatingConstructorAccessorImpl.java:45)
	at java.base/java.lang.reflect.Constructor.newInstance(Constructor.java:490)
	at ptolemy.util.test.junit.AutoKnownFailedTests.RunModel(AutoKnownFailedTests.java:105)
	at java.base/jdk.internal.reflect.NativeMethodAccessorImpl.invoke0(Native Method)
	at java.base/jdk.internal.reflect.NativeMethodAccessorImpl.invoke(NativeMethodAccessorImpl.java:62)
	at java.base/jdk.internal.reflect.DelegatingMethodAccessorImpl.invoke(DelegatingMethodAccessorImpl.java:43)
	at java.base/java.lang.reflect.Method.invoke(Method.java:566)
	at org.junit.runners.model.FrameworkMethod$1.runReflectiveCall(FrameworkMethod.java:44)
	at org.junit.internal.runners.model.ReflectiveCallable.run(ReflectiveCallable.java:15)
	at org.junit.runners.model.FrameworkMethod.invokeExplosively(FrameworkMethod.java:41)
	at junitparams.internal.InvokeParameterisedMethod.evaluate(InvokeParameterisedMethod.java:102)
	at org.junit.internal.runners.statements.FailOnTimeout$1.run(FailOnTimeout.java:28)
Caused by: ptolemy.kernel.util.IllegalActionException: TypeTest actor has no training data.
  in .sizedarray3.TypeTest
	at ptolemy.actor.lib.TypeTest.initialize(TypeTest.java:250)
	at ptolemy.actor.Director.initialize(Director.java:938)
	at ptolemy.actor.Director.initialize(Director.java:907)
	at ptolemy.actor.sched.StaticSchedulingDirector.initialize(StaticSchedulingDirector.java:159)
	at ptolemy.domains.sdf.kernel.SDFDirector.initialize(SDFDirector.java:544)
	at ptolemy.actor.CompositeActor.initialize(CompositeActor.java:935)
	at ptolemy.actor.Manager.initialize(Manager.java:724)
	at ptolemy.actor.Manager.execute(Manager.java:356)
	at ptolemy.actor.Manager.run(Manager.java:1263)
	at ptolemy.actor.Manager$PtolemyRunThread.run(Manager.java:1933)
]]></system-err>
</testsuite>
