<?xml version="1.0" encoding="UTF-8" ?>
<testsuite errors="1" failures="0" hostname="travis-job-f51f6e2a-e390-46d6-a915-386a291abf56" name="ptolemy.actor.lib.test.junit.JUnitTclTest" skipped="0" tests="517" time="62.066" timestamp="2020-03-13T07:17:51">
  <properties>
    <property name="npm.executable" value="npm" />
    <property name="env.TRAVIS_ROOT" value="/" />
    <property name="ptII.mk.exists" value="true" />
    <property name="env.TRAVIS_APP_HOST" value="build.travis-ci.org" />
    <property name="env.rvm_bin_path" value="/home/travis/.rvm/bin" />
    <property name="java.home" value="/usr/local/lib/jvm/openjdk11" />
    <property name="env.TRAVIS_JOB_NUMBER" value="1568.8" />
    <property name="env.TRAVIS_HOME" value="/home/travis" />
    <property name="env.DISPLAY" value=":99.0" />
    <property name="env.TRAVIS_INIT" value="systemd" />
    <property name="env.SSH_TTY" value="/dev/pts/0" />
    <property name="java.net.preferIPv4Stack" value="true" />
    <property name="env.RUN_TESTS" value="true" />
    <property name="timeout.short" value="1000000" />
    <property name="junit.formatter" value="xml" />
    <property name="env.TRAVIS_SUDO" value="true" />
    <property name="env.TRAVIS_JOB_NAME" value="" />
    <property name="env.TRAVIS_STACK_NODE_ATTRIBUTES" value="/.node-attributes.yml" />
    <property name="env.LOGNAME" value="travis" />
    <property name="env.PT_TRAVIS_TEST_CORE1_XML" value="true" />
    <property name="jsdoc.home" value="node_modules/@terraswarm/jsdoc" />
    <property name="debuglevel" value="source,lines,vars" />
    <property name="checkstyle.formatter" value="xml" />
    <property name="env._system_version" value="16.04" />
    <property name="bin.vergil.makeable" value="true" />
    <property name="sun.os.patch.level" value="unknown" />
    <property name="java.vendor.url" value="http://java.oracle.com/" />
    <property name="env.TRAVIS_BUILD_WEB_URL" value="https://travis-ci.org/icyphy/ptII/builds/661845116" />
    <property name="java.version" value="11.0.2" />
    <property name="env.TZ" value="UTC" />
    <property name="env.TRAVIS_PULL_REQUEST_SHA" value="" />
    <property name="env.PT_NO_NET" value="true" />
    <property name="env.TRAVIS_SECURE_ENV_VARS" value="true" />
    <property name="env._system_type" value="Linux" />
    <property name="java.vendor.url.bug" value="http://bugreport.java.com/bugreport/" />
    <property name="npmjs-org-is-up" value="true" />
    <property name="env.LANGUAGE" value="en_US.UTF-8" />
    <property name="env.SSH_CLIENT" value="10.16.1.35 60454 22" />
    <property name="env.GEM_HOME" value="/home/travis/.rvm/gems/ruby-2.5.3" />
    <property name="env.HAS_ANTARES_THREE_LITTLE_FRONZIES_BADGE" value="true" />
    <property name="java.version.date" value="2019-01-15" />
    <property name="env.PS4" value="+" />
    <property name="ant.project.invoked-targets" value="build,test.core1.xml" />
    <property name="env.TRAVIS_PULL_REQUEST_BRANCH" value="" />
    <property name="env.TRAVIS_REPO_SLUG" value="icyphy/ptII" />
    <property name="env.XDG_DATA_DIRS" value="/usr/local/share:/usr/share:/var/lib/snapd/desktop" />
    <property name="jdk.debug" value="release" />
    <property name="env.TRAVIS_APT_PROXY" value="http://build-cache.travisci.net" />
    <property name="env.TRAVIS_CPU_ARCH" value="amd64" />
    <property name="node.in.path" value="true" />
    <property name="user.name" value="travis" />
    <property name="java.maxmemory" value="1400m" />
    <property name="env.RUBY_VERSION" value="ruby-2.5.3" />
    <property name="env.LANG" value="en_US.UTF-8" />
    <property name="sun.io.unicode.encoding" value="UnicodeLittle" />
    <property name="sun.jnu.encoding" value="UTF-8" />
    <property name="java.runtime.name" value="OpenJDK Runtime Environment" />
    <property name="usefile" value="false" />
    <property name="return.code" value="0" />
    <property name="junit.single.formatter" value="plain" />
    <property name="env.DYLD_LIBRARY_PATH" value="/home/travis/pthla/certi-tools/lib:" />
    <property name="env.DEBIAN_FRONTEND" value="noninteractive" />
    <property name="env.SSH_CONNECTION" value="10.16.1.35 60454 10.20.0.109 22" />
    <property name="env.MYSQL_UNIX_PORT" value="/var/run/mysqld/mysqld.sock" />
    <property name="env.LC_ALL" value="en_US.UTF-8" />
    <property name="env.TRAVIS_ALLOW_FAILURE" value="false" />
    <property name="env.TRAVIS_JOB_WEB_URL" value="https://travis-ci.org/icyphy/ptII/jobs/661845124" />
    <property name="java.specification.name" value="Java Platform API Specification" />
    <property name="node.works" value="true" />
    <property name="user.timezone" value="" />
    <property name="path.separator" value=":" />
    <property name="env.TRAVIS_ENABLE_INFRA_DETECTION" value="true" />
    <property name="env.PYTHON_CFLAGS" value="-g -fstack-protector --param=ssp-buffer-size=4 -Wformat -Werror=format-security" />
    <property name="timeout.long" value="4000000" />
    <property name="env.CERTI_HOME" value="/home/travis/pthla/certi-tools" />
    <property name="ant.file.ptII" value="/home/travis/build/icyphy/ptII/build.xml" />
    <property name="javadoc.packagenames" value="com.*,diva.*,lbnl.*,org.hlacerti.*,org.json.*,org.ptolemy.*,org.terraswarm.*,ptolemy.*,ptserver.*" />
    <property name="file.encoding" value="UTF-8" />
    <property name="env.TRAVIS_PULL_REQUEST_SLUG" value="" />
    <property name="ant.project.default-target" value="build" />
    <property name="env.GIT_ASKPASS" value="echo" />
    <property name="env.HOME" value="/home/travis" />
    <property name="sun.java.command" value="org.apache.tools.ant.taskdefs.optional.junit.JUnitTestRunner ptolemy.actor.lib.test.junit.JUnitTclTest skipNonTests=false filtertrace=true haltOnError=false haltOnFailure=false formatter=org.apache.tools.ant.taskdefs.optional.junit.OutErrSummaryJUnitResultFormatter showoutput=true outputtoformatters=true logfailedtests=true threadid=0 logtestlistenerevents=false formatter=org.apache.tools.ant.taskdefs.optional.junit.XMLJUnitResultFormatter,/home/travis/build/icyphy/ptII/reports/junit/TEST-ptolemy.actor.lib.test.junit.JUnitTclTest.xml crashfile=/home/travis/build/icyphy/ptII/junitvmwatcher12445701057026076436.properties propsfile=/home/travis/build/icyphy/ptII/junit11143014158281944025.properties" />
    <property name="env.COMPOSER_NO_INTERACTION" value="1" />
    <property name="env.MANPATH" value="/home/travis/.nvm/versions/node/v7.10.1/share/man:/home/travis/.rvm/rubies/ruby-2.5.3/share/man:/usr/local/cmake-3.12.4/man:/usr/local/clang-7.0.0/share/man:/usr/local/man:/usr/local/share/man:/usr/share/man:/home/travis/.rvm/man" />
    <property name="env.TRAVIS_TIMER_ID" value="06fadeb6" />
    <property name="ant.file" value="/home/travis/build/icyphy/ptII/build.xml" />
    <property name="env.TRAVIS_COMMIT_RANGE" value="b0b7595e7e282c72b49bdde78eb77cb938632839...3e950cfe0f3c004454147d0a7dfedd7f8d8e77cc" />
    <property name="env._system_name" value="Ubuntu" />
    <property name="ptII.classpath.optional.property" value="/home/travis/build/icyphy/ptII/lib/bsh-2.0b4.jar:/home/travis/build/icyphy/ptII/lib/ptCal.jar:/home/travis/build/icyphy/ptII/lib/java_cup.jar:/home/travis/build/icyphy/ptII/lib/saxon8.jar:/home/travis/build/icyphy/ptII/lib/saxon8-dom.jar:/home/travis/build/icyphy/ptII/lib/chic.jar:/home/travis/build/icyphy/ptII/lib/ptcolt.jar:/home/travis/build/icyphy/ptII/vendors/misc/itext/iText.jar:/home/travis/build/icyphy/ptII/lib/g4ltl.jar:/home/travis/build/icyphy/ptII/lib/StructuralCoder.jar:/home/travis/build/icyphy/ptII/lib/jcerti.jar:/home/travis/build/icyphy/ptII/lib/javax.mail.jar:/home/travis/build/icyphy/ptII/vendors/JMF-2.1.1e/lib/jmf.jar:/home/travis/build/icyphy/ptII/lib/jna-4.0.0-variadic.jar:/home/travis/build/icyphy/ptII/vendors/misc/joystick/Joystick.jar:/home/travis/build/icyphy/ptII/lib/ptjacl.jar:/home/travis/build/icyphy/ptII/lib/jsoup-1.8.2.jar:/home/travis/build/icyphy/ptII/lib/junit-4.8.2.jar:/home/travis/build/icyphy/ptII/lib/JUnitParams-0.4.0.jar:/home/travis/build/icyphy/ptII/ptolemy/actor/lib/excel/jxl.jar:/home/travis/build/icyphy/ptII/lib/jython.jar:/home/travis/build/icyphy/ptII/lib/kieler.jar:/home/travis/build/icyphy/ptII/vendors/opencv/share/OpenCV/java/opencv-341.jar:/home/travis/build/icyphy/ptII/lib/oscP5.jar:/home/travis/build/icyphy/ptII/lib/nrjavaserial-3.11.0.devel.jar:/home/travis/build/icyphy/ptII/vendors/j3d/lib/Linux/j3dcore.jar:/home/travis/build/icyphy/ptII/vendors/j3d/lib/Linux/j3dutils.jar:/home/travis/build/icyphy/ptII/vendors/j3d/lib/Linux/vecmath.jar:/home/travis/build/icyphy/ptII/vendors/jogl/lib/Linux/gluegen-rt-natives-linux-amd64.jar:/home/travis/build/icyphy/ptII/vendors/jogl/lib/Linux/gluegen-rt.jar:/home/travis/build/icyphy/ptII/vendors/jogl/lib/Linux/jogl-all-natives-linux-amd64.jar:/home/travis/build/icyphy/ptII/vendors/jogl/lib/Linux/jogl-all.jar:/home/travis/build/icyphy/ptII/ptolemy/distributed/jini/jar/jini-core.jar:/home/travis/build/icyphy/ptII/ptolemy/distributed/jini/jar/jini-ext.jar:/home/travis/build/icyphy/ptII/ptolemy/distributed/jini/jar/sun-util.jar:/home/travis/build/icyphy/ptII/lib/protobuf-java-2.4.1.jar:/home/travis/build/icyphy/ptII/lib/org.eclipse.paho.client.mqttv3.jar:/home/travis/build/icyphy/ptII/lib/mapss.jar:/home/travis/build/icyphy/ptII/ptolemy/actor/ptalon/antlr/antlr.jar:/home/travis/build/icyphy/ptII/lib/JRI.jar:/home/travis/build/icyphy/ptII/lib/commons-lang-2.6.jar:/home/travis/build/icyphy/ptII/lib/commons-logging-1.1.1.jar:/home/travis/build/icyphy/ptII/lib/sootclasses.jar:/home/travis/build/icyphy/ptII/ptolemy/actor/lib/database/mysql-connector-java-5.1.6-bin.jar:/home/travis/build/icyphy/ptII/vendors/misc/sphinx4/sphinx4-data-5prealpha.jar:/home/travis/build/icyphy/ptII/vendors/misc/sphinx4/sphinx4-core-5prealpha.jar:/home/travis/build/icyphy/ptII/lib/PDFRenderer.jar:/home/travis/build/icyphy/ptII/lib/svgSalamander.jar:/home/travis/build/icyphy/ptII/lib/rsyntaxtextarea-2.6.0-SNAPSHOT.jar:/home/travis/build/icyphy/ptII/lib/hazelcast-3.8.2.jar:/home/travis/build/icyphy/ptII/lib/jackson-annotations-2.9.0.jar:/home/travis/build/icyphy/ptII/lib/jackson-core-2.9.3.jar:/home/travis/build/icyphy/ptII/lib/jackson-databind-2.9.3.jar:/home/travis/build/icyphy/ptII/lib/netty-buffer-4.1.19.Final.jar:/home/travis/build/icyphy/ptII/lib/netty-codec-4.1.19.Final.jar:/home/travis/build/icyphy/ptII/lib/netty-codec-dns-4.1.19.Final.jar:/home/travis/build/icyphy/ptII/lib/netty-codec-http-4.1.19.Final.jar:/home/travis/build/icyphy/ptII/lib/netty-codec-http2-4.1.19.Final.jar:/home/travis/build/icyphy/ptII/lib/netty-common-4.1.19.Final.jar:/home/travis/build/icyphy/ptII/lib/netty-handler-4.1.19.Final.jar:/home/travis/build/icyphy/ptII/lib/netty-resolver-4.1.19.Final.jar:/home/travis/build/icyphy/ptII/lib/netty-resolver-dns-4.1.19.Final.jar:/home/travis/build/icyphy/ptII/lib/netty-transport-4.1.19.Final.jar:/home/travis/build/icyphy/ptII/lib/vertx-codegen-3.5.1.jar:/home/travis/build/icyphy/ptII/lib/vertx-core-3.5.2-SNAPSHOT.jar:/home/travis/build/icyphy/ptII/lib/vertx-hazelcast-3.5.1.jar:/home/travis/build/icyphy/ptII/lib/vertx-lang-js-3.5.1.jar:/home/travis/build/icyphy/ptII/lib/vertx-service-proxy-3.5.1.jar:/home/travis/build/icyphy/ptII/lib/vertx-web-3.5.1.jar:/home/travis/build/icyphy/ptII/lib/slf4j-api-1.7.13.jar:/home/travis/build/icyphy/ptII/lib/slf4j-simple-1.7.13.jar:/home/travis/build/icyphy/ptII/lib/webcam-capture-0.3.12.jar:/home/travis/build/icyphy/ptII/lib/bridj-0.7.0.jar:/home/travis/build/icyphy/ptII/lib/xbjlib-1.1.0.nrjavaserial.jar" />
    <property name="timeout" value="2400000" />
    <property name="test.batch" value="**/junit/*.java" />
    <property name="env._" value="/usr/bin/timeout" />
    <property name="java.io.tmpdir" value="/tmp" />
    <property name="user.language" value="en" />
    <property name="env.TRAVIS_INTERNAL_RUBY_REGEX" value="^ruby-(2\.[0-4]\.[0-9]|1\.9\.3)" />
    <property name="env.HISTCONTROL" value="ignoredups:ignorespace" />
    <property name="env.GOROOT" value="/home/travis/.gimme/versions/go1.11.1.linux.amd64" />
    <property name="line.separator" value="&#xa;" />
    <property name="target" value="11" />
    <property name="env.TRAVIS_BUILD_DIR" value="/home/travis/build/icyphy/ptII" />
    <property name="env.ANT_OPTS" value="-Xmx2048m" />
    <property name="ant.file.type" value="file" />
    <property name="ptolemy.ptII.batchMode" value="true" />
    <property name="env.HISTSIZE" value="1000" />
    <property name="env.MERB_ENV" value="test" />
    <property name="java.vm.info" value="mixed mode" />
    <property name="source" value="11" />
    <property name="java.vm.specification.name" value="Java Virtual Machine Specification" />
    <property name="env.TRAVIS_TEST_RESULT" value="0" />
    <property name="jsdoc.command" value="node_modules/@terraswarm/jsdoc/jsdoc.js" />
    <property name="npm.works" value="true" />
    <property name="cobertura.dir" value="/home/travis/build/icyphy/ptII/vendors/cobertura-2.0.3" />
    <property name="jsdoc.command.exists" value="true" />
    <property name="env.rvm_path" value="/home/travis/.rvm" />
    <property name="env.GEM_PATH" value="/home/travis/.rvm/gems/ruby-2.5.3:/home/travis/.rvm/gems/ruby-2.5.3@global" />
    <property name="env.LC_CTYPE" value="en_US.UTF-8" />
    <property name="env.TRAVIS_CMD" value="$PTII/bin/ptIITravisBuild.sh $SECONDS" />
    <property name="java.awt.printerjob" value="sun.print.PSPrinterJob" />
    <property name="env.TRAVIS_STACK_NAME" value="sardonyx" />
    <property name="env.TRAVIS_TIMER_START_TIME" value="1584083244111737579" />
    <property name="ant.version" value="Apache Ant(TM) version 1.10.1 compiled on February 2 2017" />
    <property name="ptII.reports" value="/home/travis/build/icyphy/ptII/reports" />
    <property name="env.TRAVIS_STACK_TIMESTAMP" value="2019-03-25 16:16:56 UTC" />
    <property name="ant.file.type.ptII" value="file" />
    <property name="env.RBENV_SHELL" value="bash" />
    <property name="os.name" value="Linux" />
    <property name="java.specification.vendor" value="Oracle Corporation" />
    <property name="env.rvm_version" value="1.29.7 (latest)" />
    <property name="env.TRAVIS_INFRA" value="unknown" />
    <property name="env.TERM" value="xterm" />
    <property name="java.vm.name" value="OpenJDK 64-Bit Server VM" />
    <property name="env.TRAVIS_BUILD_NUMBER" value="1568" />
    <property name="env.CI" value="true" />
    <property name="java.library.path" value="/home/travis/pthla/certi-tools/lib:/usr/lib/jni:/usr/local/share/OpenCV/java/:/usr/share/OpenCV/java::/usr/java/packages/lib:/usr/lib64:/lib64:/lib:/usr/lib" />
    <property name="jdk.module.path" value="/home/travis/build/icyphy/ptII/vendors/javafx/javafx-sdk-11.0.2/lib:" />
    <property name="env.rvm_prefix" value="/home/travis" />
    <property name="env.PATH" value="/home/travis/pthla/certi-tools/share/scripts:/home/travis/.rvm/gems/ruby-2.5.3/bin:/home/travis/.rvm/gems/ruby-2.5.3@global/bin:/home/travis/.rvm/rubies/ruby-2.5.3/bin:/home/travis/.rvm/bin:/home/travis/.nvm/versions/node/v7.10.1/bin:./node_modules/.bin:/home/travis/build/icyphy/ptII/bin:/home/travis/pthla/certi-tools/bin:/home/travis/bin:/home/travis/.local/bin:/usr/local/lib/jvm/openjdk11/bin:/opt/pyenv/shims:/home/travis/.phpenv/shims:/home/travis/perl5/perlbrew/bin:/home/travis/gopath/bin:/home/travis/.gimme/versions/go1.11.1.linux.amd64/bin:/usr/local/maven-3.6.0/bin:/usr/local/cmake-3.12.4/bin:/usr/local/clang-7.0.0/bin:/usr/local/sbin:/usr/local/bin:/usr/sbin:/usr/bin:/sbin:/bin:/snap/bin:/home/travis/.phpenv/bin:/opt/pyenv/bin:/home/travis/.yarn/bin" />
    <property name="env.TRAVIS_OS_NAME" value="linux" />
    <property name="ant.java.version" value="9" />
    <property name="basedir" value="/home/travis/build/icyphy/ptII" />
    <property name="java.class.version" value="55.0" />
    <property name="env.SHLVL" value="3" />
    <property name="env.LD_LIBRARY_PATH" value="/home/travis/pthla/certi-tools/lib:/usr/lib/jni:/usr/local/share/OpenCV/java/:/usr/share/OpenCV/java:" />
    <property name="env.RACK_ENV" value="test" />
    <property name="ant.home" value="/home/travis/build/icyphy/ptII/ant" />
    <property name="env.NVM_DIR" value="/home/travis/.nvm" />
    <property name="env.CERTI_FOM_PATH" value="/home/travis/pthla/certi-tools/share/federations" />
    <property name="env.TRAVIS_BUILD_ID" value="661845116" />
    <property name="env.PYENV_ROOT" value="/opt/pyenv" />
    <property name="env.TRAVIS_UID" value="2000" />
    <property name="prism.verbose" value="true" />
    <property name="env.NVM_BIN" value="/home/travis/.nvm/versions/node/v7.10.1/bin" />
    <property name="env.TRAVIS_COMMIT" value="3e950cfe0f3c004454147d0a7dfedd7f8d8e77cc" />
    <property name="env._system_arch" value="x86_64" />
    <property name="node.executable" value="node" />
    <property name="sun.boot.library.path" value="/usr/local/lib/jvm/openjdk11/lib" />
    <property name="sun.management.compiler" value="HotSpot 64-Bit Tiered Compilers" />
    <property name="java.awt.graphicsenv" value="sun.awt.X11GraphicsEnvironment" />
    <property name="env.GOPATH" value="/home/travis/gopath" />
    <property name="ptolemy.ptII.dir" value="/home/travis/build/icyphy/ptII" />
    <property name="env.USER" value="travis" />
    <property name="env.HISTFILESIZE" value="2000" />
    <property name="env.NVM_INC" value="/home/travis/.nvm/versions/node/v7.10.1/include/node" />
    <property name="timeout.longest" value="19000000" />
    <property name="env.PERLBREW_SHELLRC_VERSION" value="0.86" />
    <property name="env.TRAVIS_STACK_FEATURES" value="basic couchdb disabled-ipv6 docker docker-compose elasticsearch firefox go-toolchain google-chrome jdk memcached mongodb mysql nodejs_interpreter perl_interpreter perlbrew phantomjs postgresql python_interpreter redis ruby_interpreter sqlite xserver" />
    <property name="env.TRAVIS_PULL_REQUEST" value="false" />
    <property name="env.PYENV_SHELL" value="bash" />
    <property name="ant.project.name" value="ptII" />
    <property name="env.ANSI_RESET" value="\033[0m" />
    <property name="java.vm.specification.version" value="11" />
    <property name="env.TRAVIS_DIST" value="xenial" />
    <property name="env.CERTI_VERSION" value="4.0.0" />
    <property name="env.CERTI_HOST" value="localhost" />
    <property name="awt.toolkit" value="sun.awt.X11.XToolkit" />
    <property name="env.MY_RUBY_HOME" value="/home/travis/.rvm/rubies/ruby-2.5.3" />
    <property name="sun.cpu.isalist" value="" />
    <property name="env.CASHER_TIME_OUT" value="3" />
    <property name="env.TRAVIS_TMPDIR" value="/tmp/tmp.mzx0BkAwXY" />
    <property name="java.vm.compressedOopsMode" value="Zero based" />
    <property name="os.version" value="4.15.0-1028-gcp" />
    <property name="user.home" value="/home/travis" />
    <property name="java.vm.vendor" value="Oracle Corporation" />
    <property name="env.TRAVIS_TAG" value="nightly" />
    <property name="env.ANSI_YELLOW" value="\033[33;1m" />
    <property name="env.TRAVIS_FILTERED" value="redirect_io" />
    <property name="env.ANSI_GREEN" value="\033[32;1m" />
    <property name="env.JAVA_HOME" value="/usr/local/lib/jvm/openjdk11" />
    <property name="javadoc.excludepackagenames" value="adm.cvs2svn.*,build.*,config.*,doc.coding.templates.*,jni.test.jni.meaningOfLife.*,jni.test.jni.testDeux.*,jni.test.jni.testTrois.*,org.terraswarm.accessor.accessors.web.node_modules.*,org.terraswarm.accessor.accessors.web.hosts.cordova.demo.*,org.terraswarm.accessor.accessors.web.hosts.cordova.plugins.*,org.terraswarm.accessor.accessors-svn.*,pt-modules.*,ptolemy.apps.agilent.*,ptolemy.apps.anytimecontrol.*,ptolemy.apps.apes.*,ptolemy.apps.charon.*,ptolemy.apps.crazyboard.*,ptolemy.apps.eclipse.*,ptolemy.apps.etherealSting.*,ptolemy.apps.fullscreen.*,ptolemy.apps.giotto.*,ptolemy.apps.ia.*,ptolemy.apps.interfaces.*,ptolemy.apps.jmf.*,ptolemy.apps.kurt.*,ptolemy.apps.kvm.*,ptolemy.apps.lego.*,ptolemy.apps.lejos.*,ptolemy.apps.midp.*,ptolemy.apps.mobileCoding.*,ptolemy.apps.pendulum.*,ptolemy.apps.rijndael.*,ptolemy.apps.robot.*,ptolemy.apps.security.*,ptolemy.apps.sobel.*,ptolemy.apps.soot.*,ptolemy.apps.throttle.*,ptolemy.apps.tini.*,ptolemy.apps.transmission.*,ptolemy.apps.vergil.*,ptolemy.apps.waba.*,ptolemy.apps.websensor.*,ptolemy.apps.webstart.*,ptolemy.apps.xsl.*,ptolemy.apps.zaurus.*,ptolemy.codegen.c.actor.lib.oldJavaFiles.*,ptolemy.codegen.dsp.lib.*,ptolemy.codegen.kernel.newInterfaces.*,ptolemy.codegen.lib.*,ptolemy.copernicus.kernel.fragment.*,ptolemy.copernicus.shallow.cg.*,ptolemy.domains.giotto.demo.Hierarchy.Hierarchy.*,ptolemy.domains.giotto.demo.Multimode.Multimode.*,ptolemy.domains.giotto.demo.Simple.Simple.*,ptolemy.domains.gr.lib.experimental.*,ptolemy.domains.gro.*,ptolemy.domains.pdf.*,ptolemy.domains.ptinyos.demo.Surge.output.*,ptolemy.moml.test.NoPackageActor.java*,ptolemy.plot.adm.*,ptolemy.plot.servlet.*,reports.*,signed.*,src.*,target.*,vendors.*,ptolemy.copernicus.applet.*,ptolemy.media.viewer.*,ptolemy.actor.corba.*,doc.doclets.*,ptolemy.apps.eclipse.awt.*,ptolemy.backtrack.*,ptolemy.backtrack.ast.*,ptolemy.cg.adapter.generic.program.procedural.c.mbed*,ptolemy.homer.*,ptolemy.actor.lib.jai.*,org.ptolemy.scala.*,diva.util.java2d.svg.*,ptolemy.domains.ptinyos.*,ptolemy.actor.lib.fmi.fmipp.*,,org.terraswarm.accessor.accessors.web.node_modules.*,org.terraswarm.accessor.accessors-svn,ptolemy.apps.*,ptolemy.actor.ptalon.demo.ptinyos.SendAndReceiveCnt.output,ptolemy.actor.ptalon.demo.ptinyos.SenseToLeds.output,ptolemy.domains.ptinyos.demo.CntToLedsAndRfm.output,ptolemy.domains.ptinyos.demo.RfmToLeds.output,ptolemy.domains.ptinyos.demo.SendAndReceiveCnt.output,ptolemy.domains.ptinyos.demo.SenseToLeds.output,ptolemy.actor.lib.jjs.modules.udpSocket.*" />
    <property name="env.PTII" value="/home/travis/build/icyphy/ptII" />
    <property name="env.XDG_SESSION_ID" value="2" />
    <property name="keystore" value="ptKeystore" />
    <property name="env.TRAVIS_COMMIT_MESSAGE" value="Removing useless files." />
    <property name="junit.output.dir" value="/home/travis/build/icyphy/ptII/reports/junit" />
    <property name="npm.return.code" value="0" />
    <property name="user.dir" value="/home/travis/build/icyphy/ptII/ptolemy/actor/lib/test" />
    <property name="env.TRAVIS_NODE_VERSION" value="7" />
    <property name="env.TRAVIS_EVENT_TYPE" value="cron" />
    <property name="env.MAIL" value="/var/mail/travis" />
    <property name="env.PERLBREW_ROOT" value="/home/travis/perl5/perlbrew" />
    <property name="env.PWD" value="/home/travis/build/icyphy/ptII" />
    <property name="timeout.npm" value="45000" />
    <property name="env.TRAVIS_ARCH" value="amd64" />
    <property name="sun.cpu.endian" value="little" />
    <property name="env.PAGER" value="cat" />
    <property name="env.TRAVIS_BUILD_STAGE_NAME" value="Test" />
    <property name="env.PERLBREW_HOME" value="/home/travis/.perlbrew" />
    <property name="java.vm.version" value="11.0.2+9" />
    <property name="env.RAILS_ENV" value="test" />
    <property name="java.class.path" value="/home/travis/.ptolemyII:/home/travis/.ptolemyII/*:/home/travis/build/icyphy/ptII:/home/travis/build/icyphy/ptII/lib/bsh-2.0b4.jar:/home/travis/build/icyphy/ptII/lib/ptCal.jar:/home/travis/build/icyphy/ptII/lib/java_cup.jar:/home/travis/build/icyphy/ptII/lib/saxon8.jar:/home/travis/build/icyphy/ptII/lib/saxon8-dom.jar:/home/travis/build/icyphy/ptII/lib/chic.jar:/home/travis/build/icyphy/ptII/lib/ptcolt.jar:/home/travis/build/icyphy/ptII/vendors/misc/itext/iText.jar:/home/travis/build/icyphy/ptII/lib/g4ltl.jar:/home/travis/build/icyphy/ptII/lib/StructuralCoder.jar:/home/travis/build/icyphy/ptII/lib/jcerti.jar:/home/travis/build/icyphy/ptII/lib/javax.mail.jar:/home/travis/build/icyphy/ptII/vendors/JMF-2.1.1e/lib/jmf.jar:/home/travis/build/icyphy/ptII/lib/jna-4.0.0-variadic.jar:/home/travis/build/icyphy/ptII/vendors/misc/joystick/Joystick.jar:/home/travis/build/icyphy/ptII/lib/ptjacl.jar:/home/travis/build/icyphy/ptII/lib/jsoup-1.8.2.jar:/home/travis/build/icyphy/ptII/lib/junit-4.8.2.jar:/home/travis/build/icyphy/ptII/lib/JUnitParams-0.4.0.jar:/home/travis/build/icyphy/ptII/ptolemy/actor/lib/excel/jxl.jar:/home/travis/build/icyphy/ptII/lib/jython.jar:/home/travis/build/icyphy/ptII/lib/kieler.jar:/home/travis/build/icyphy/ptII/vendors/opencv/share/OpenCV/java/opencv-341.jar:/home/travis/build/icyphy/ptII/lib/oscP5.jar:/home/travis/build/icyphy/ptII/lib/nrjavaserial-3.11.0.devel.jar:/home/travis/build/icyphy/ptII/vendors/j3d/lib/Linux/j3dcore.jar:/home/travis/build/icyphy/ptII/vendors/j3d/lib/Linux/j3dutils.jar:/home/travis/build/icyphy/ptII/vendors/j3d/lib/Linux/vecmath.jar:/home/travis/build/icyphy/ptII/vendors/jogl/lib/Linux/gluegen-rt-natives-linux-amd64.jar:/home/travis/build/icyphy/ptII/vendors/jogl/lib/Linux/gluegen-rt.jar:/home/travis/build/icyphy/ptII/vendors/jogl/lib/Linux/jogl-all-natives-linux-amd64.jar:/home/travis/build/icyphy/ptII/vendors/jogl/lib/Linux/jogl-all.jar:/home/travis/build/icyphy/ptII/ptolemy/distributed/jini/jar/jini-core.jar:/home/travis/build/icyphy/ptII/ptolemy/distributed/jini/jar/jini-ext.jar:/home/travis/build/icyphy/ptII/ptolemy/distributed/jini/jar/sun-util.jar:/home/travis/build/icyphy/ptII/lib/protobuf-java-2.4.1.jar:/home/travis/build/icyphy/ptII/lib/org.eclipse.paho.client.mqttv3.jar:/home/travis/build/icyphy/ptII/lib/mapss.jar:/home/travis/build/icyphy/ptII/ptolemy/actor/ptalon/antlr/antlr.jar:/home/travis/build/icyphy/ptII/lib/JRI.jar:/home/travis/build/icyphy/ptII/lib/commons-lang-2.6.jar:/home/travis/build/icyphy/ptII/lib/commons-logging-1.1.1.jar:/home/travis/build/icyphy/ptII/lib/sootclasses.jar:/home/travis/build/icyphy/ptII/ptolemy/actor/lib/database/mysql-connector-java-5.1.6-bin.jar:/home/travis/build/icyphy/ptII/vendors/misc/sphinx4/sphinx4-data-5prealpha.jar:/home/travis/build/icyphy/ptII/vendors/misc/sphinx4/sphinx4-core-5prealpha.jar:/home/travis/build/icyphy/ptII/lib/PDFRenderer.jar:/home/travis/build/icyphy/ptII/lib/svgSalamander.jar:/home/travis/build/icyphy/ptII/lib/rsyntaxtextarea-2.6.0-SNAPSHOT.jar:/home/travis/build/icyphy/ptII/lib/hazelcast-3.8.2.jar:/home/travis/build/icyphy/ptII/lib/jackson-annotations-2.9.0.jar:/home/travis/build/icyphy/ptII/lib/jackson-core-2.9.3.jar:/home/travis/build/icyphy/ptII/lib/jackson-databind-2.9.3.jar:/home/travis/build/icyphy/ptII/lib/netty-buffer-4.1.19.Final.jar:/home/travis/build/icyphy/ptII/lib/netty-codec-4.1.19.Final.jar:/home/travis/build/icyphy/ptII/lib/netty-codec-dns-4.1.19.Final.jar:/home/travis/build/icyphy/ptII/lib/netty-codec-http-4.1.19.Final.jar:/home/travis/build/icyphy/ptII/lib/netty-codec-http2-4.1.19.Final.jar:/home/travis/build/icyphy/ptII/lib/netty-common-4.1.19.Final.jar:/home/travis/build/icyphy/ptII/lib/netty-handler-4.1.19.Final.jar:/home/travis/build/icyphy/ptII/lib/netty-resolver-4.1.19.Final.jar:/home/travis/build/icyphy/ptII/lib/netty-resolver-dns-4.1.19.Final.jar:/home/travis/build/icyphy/ptII/lib/netty-transport-4.1.19.Final.jar:/home/travis/build/icyphy/ptII/lib/vertx-codegen-3.5.1.jar:/home/travis/build/icyphy/ptII/lib/vertx-core-3.5.2-SNAPSHOT.jar:/home/travis/build/icyphy/ptII/lib/vertx-hazelcast-3.5.1.jar:/home/travis/build/icyphy/ptII/lib/vertx-lang-js-3.5.1.jar:/home/travis/build/icyphy/ptII/lib/vertx-service-proxy-3.5.1.jar:/home/travis/build/icyphy/ptII/lib/vertx-web-3.5.1.jar:/home/travis/build/icyphy/ptII/lib/slf4j-api-1.7.13.jar:/home/travis/build/icyphy/ptII/lib/slf4j-simple-1.7.13.jar:/home/travis/build/icyphy/ptII/lib/webcam-capture-0.3.12.jar:/home/travis/build/icyphy/ptII/lib/bridj-0.7.0.jar:/home/travis/build/icyphy/ptII/lib/xbjlib-1.1.0.nrjavaserial.jar:/home/travis/build/icyphy/ptII/ptolemy/moml/test:/home/travis/build/icyphy/ptII/ant/lib/ant-launcher.jar:/home/travis/build/icyphy/ptII/ant/lib/ant.jar:/home/travis/build/icyphy/ptII/ant/lib/ant-junit.jar:/home/travis/build/icyphy/ptII/ant/lib/ant-junit4.jar" />
    <property name="ant.library.dir" value="/home/travis/build/icyphy/ptII/ant/lib" />
    <property name="os.arch" value="amd64" />
    <property name="env.CONTINUOUS_INTEGRATION" value="true" />
    <property name="env.TRAVIS_LANGUAGE" value="node_js" />
    <property name="env.TRAVIS_STACK_LANGUAGES" value="__sardonyx__ c c++ clojure cplusplus cpp default generic go groovy java node_js php pure_java python ruby scala" />
    <property name="test.name" value="ptolemy.actor.lib.test.junit.JUnitTclTest" />
    <property name="env.APT_KEY_DONT_WARN_ON_DANGEROUS_USAGE" value="1" />
    <property name="sun.java.launcher" value="SUN_STANDARD" />
    <property name="env.PYTHON_CONFIGURE_OPTS" value="--enable-unicode=ucs4 --with-wide-unicode --enable-shared --enable-ipv6 --enable-loadable-sqlite-extensions --with-computed-gotos" />
    <property name="ant.core.lib" value="/home/travis/build/icyphy/ptII/ant/lib/ant.jar" />
    <property name="java.vm.specification.vendor" value="Oracle Corporation" />
    <property name="env.BCVTB_HOME" value="/home/travis/build/icyphy/ptII/lbnl" />
    <property name="file.separator" value="/" />
    <property name="spotbugs.home" value="/home/travis/build/icyphy/ptII/vendors/spotbugs-3.1.1" />
    <property name="java.runtime.version" value="11.0.2+9" />
    <property name="env.ANSI_CLEAR" value="\033[0K" />
    <property name="javafx.verbose" value="true" />
    <property name="env.HAS_JOSH_K_SEAL_OF_APPROVAL" value="true" />
    <property name="env.XDG_RUNTIME_DIR" value="/run/user/2000" />
    <property name="env.TRAVIS_OSX_IMAGE" value="" />
    <property name="env.TRAVIS_JOB_ID" value="661845124" />
    <property name="env.TRAVIS_BRANCH" value="master" />
    <property name="user.country" value="US" />
    <property name="env.CERTI_HOME_TRAVIS" value="/home/travis/pthla/certi-tools" />
    <property name="env.SHELL" value="/bin/bash" />
    <property name="java.maxmemory.large" value="3200m" />
    <property name="model" value="" />
    <property name="env.CASHER_DIR" value="/home/travis/.casher" />
    <property name="env.NVM_CD_FLAGS" value="" />
    <property name="java.vendor.version" value="18.9" />
    <property name="jshint.executable" value="/home/travis/node_modules/jshint/bin/jshint" />
    <property name="env.JRUBY_OPTS" value=" --client -J-XX:+TieredCompilation -J-XX:TieredStopAtLevel=1 -J-Xss2m -Xcompile.invokedynamic=false" />
    <property name="java.vendor" value="Oracle Corporation" />
    <property name="env.TRAVIS_PRE_CHEF_BOOTSTRAP_TIME" value="2019-03-25T16:16:42" />
    <property name="env.TRAVIS_STACK_JOB_BOARD_REGISTER" value="/.job-board-register.yml" />
    <property name="env.ANSI_RED" value="\033[31;1m" />
    <property name="java.specification.version" value="11" />
    <property name="env.IRBRC" value="/home/travis/.rvm/rubies/ruby-2.5.3/.irbrc" />
    <property name="env.TRAVIS" value="true" />
    <property name="sun.arch.data.model" value="64" />
  </properties>
  <testcase classname="ptolemy.util.test.junit.TclTests" name="[0] /home/travis/build/icyphy/ptII/ptolemy/actor/lib/test/AbsoluteValue.tcl (RunTclFile)" time="0.448" />
  <testcase classname="ptolemy.util.test.junit.TclTests" name="[1] /home/travis/build/icyphy/ptII/ptolemy/actor/lib/test/AddSubtract.tcl (RunTclFile)" time="0.106" />
  <testcase classname="ptolemy.util.test.junit.TclTests" name="[2] /home/travis/build/icyphy/ptII/ptolemy/actor/lib/test/Average.tcl (RunTclFile)" time="0.068" />
  <testcase classname="ptolemy.util.test.junit.TclTests" name="[3] /home/travis/build/icyphy/ptII/ptolemy/actor/lib/test/Bernoulli.tcl (RunTclFile)" time="0.034" />
  <testcase classname="ptolemy.util.test.junit.TclTests" name="[4] /home/travis/build/icyphy/ptII/ptolemy/actor/lib/test/Clock.tcl (RunTclFile)" time="0.124" />
  <testcase classname="ptolemy.util.test.junit.TclTests" name="[5] /home/travis/build/icyphy/ptII/ptolemy/actor/lib/test/Commutator.tcl (RunTclFile)" time="0.201" />
  <testcase classname="ptolemy.util.test.junit.TclTests" name="[6] /home/travis/build/icyphy/ptII/ptolemy/actor/lib/test/Const.tcl (RunTclFile)" time="0.151" />
  <testcase classname="ptolemy.util.test.junit.TclTests" name="[7] /home/travis/build/icyphy/ptII/ptolemy/actor/lib/test/CurrentTime.tcl (RunTclFile)" time="0.035" />
  <testcase classname="ptolemy.util.test.junit.TclTests" name="[8] /home/travis/build/icyphy/ptII/ptolemy/actor/lib/test/DB.tcl (RunTclFile)" time="0.03" />
  <testcase classname="ptolemy.util.test.junit.TclTests" name="[9] /home/travis/build/icyphy/ptII/ptolemy/actor/lib/test/DiscreteRandomSource.tcl (RunTclFile)" time="0.038" />
  <testcase classname="ptolemy.util.test.junit.TclTests" name="[10] /home/travis/build/icyphy/ptII/ptolemy/actor/lib/test/Distributor.tcl (RunTclFile)" time="0.071" />
  <testcase classname="ptolemy.util.test.junit.TclTests" name="[11] /home/travis/build/icyphy/ptII/ptolemy/actor/lib/test/Exit.tcl (RunTclFile)" time="0.066" />
  <testcase classname="ptolemy.util.test.junit.TclTests" name="[12] /home/travis/build/icyphy/ptII/ptolemy/actor/lib/test/Expression.tcl (RunTclFile)" time="0.101" />
  <testcase classname="ptolemy.util.test.junit.TclTests" name="[13] /home/travis/build/icyphy/ptII/ptolemy/actor/lib/test/Gaussian.tcl (RunTclFile)" time="0.985" />
  <testcase classname="ptolemy.util.test.junit.TclTests" name="[14] /home/travis/build/icyphy/ptII/ptolemy/actor/lib/test/IIR.tcl (RunTclFile)" time="0.038" />
  <testcase classname="ptolemy.util.test.junit.TclTests" name="[15] /home/travis/build/icyphy/ptII/ptolemy/actor/lib/test/Interpolator.tcl (RunTclFile)" time="0.099" />
  <testcase classname="ptolemy.util.test.junit.TclTests" name="[16] /home/travis/build/icyphy/ptII/ptolemy/actor/lib/test/MathFunction.tcl (RunTclFile)" time="0.072" />
  <testcase classname="ptolemy.util.test.junit.TclTests" name="[17] /home/travis/build/icyphy/ptII/ptolemy/actor/lib/test/Maximum.tcl (RunTclFile)" time="0.024" />
  <testcase classname="ptolemy.util.test.junit.TclTests" name="[18] /home/travis/build/icyphy/ptII/ptolemy/actor/lib/test/Minimum.tcl (RunTclFile)" time="0.019" />
  <testcase classname="ptolemy.util.test.junit.TclTests" name="[19] /home/travis/build/icyphy/ptII/ptolemy/actor/lib/test/MultiplyDivide.tcl (RunTclFile)" time="0.046" />
  <testcase classname="ptolemy.util.test.junit.TclTests" name="[20] /home/travis/build/icyphy/ptII/ptolemy/actor/lib/test/OrderedMerge.tcl (RunTclFile)" time="0.123" />
  <testcase classname="ptolemy.util.test.junit.TclTests" name="[21] /home/travis/build/icyphy/ptII/ptolemy/actor/lib/test/Publisher.tcl (RunTclFile)" time="0.948" />
  <testcase classname="ptolemy.util.test.junit.TclTests" name="[22] /home/travis/build/icyphy/ptII/ptolemy/actor/lib/test/Pulse.tcl (RunTclFile)" time="0.079" />
  <testcase classname="ptolemy.util.test.junit.TclTests" name="[23] /home/travis/build/icyphy/ptII/ptolemy/actor/lib/test/Ramp.tcl (RunTclFile)" time="2.014" />
  <testcase classname="ptolemy.util.test.junit.TclTests" name="[24] /home/travis/build/icyphy/ptII/ptolemy/actor/lib/test/RampContinuous.tcl (RunTclFile)" time="0.018" />
  <testcase classname="ptolemy.util.test.junit.TclTests" name="[25] /home/travis/build/icyphy/ptII/ptolemy/actor/lib/test/RecordAssembler.tcl (RunTclFile)" time="0.015" />
  <testcase classname="ptolemy.util.test.junit.TclTests" name="[26] /home/travis/build/icyphy/ptII/ptolemy/actor/lib/test/RecordDisassembler.tcl (RunTclFile)" time="0.02" />
  <testcase classname="ptolemy.util.test.junit.TclTests" name="[27] /home/travis/build/icyphy/ptII/ptolemy/actor/lib/test/Scale.tcl (RunTclFile)" time="0.017" />
  <testcase classname="ptolemy.util.test.junit.TclTests" name="[28] /home/travis/build/icyphy/ptII/ptolemy/actor/lib/test/SequentialClock.tcl (RunTclFile)" time="0.012" />
  <testcase classname="ptolemy.util.test.junit.TclTests" name="[29] /home/travis/build/icyphy/ptII/ptolemy/actor/lib/test/SetVariable.tcl (RunTclFile)" time="0.009" />
  <testcase classname="ptolemy.util.test.junit.TclTests" name="[30] /home/travis/build/icyphy/ptII/ptolemy/actor/lib/test/Sinewave.tcl (RunTclFile)" time="0.03" />
  <testcase classname="ptolemy.util.test.junit.TclTests" name="[31] /home/travis/build/icyphy/ptII/ptolemy/actor/lib/test/SubscriptionAggregator.tcl (RunTclFile)" time="2.117" />
  <testcase classname="ptolemy.util.test.junit.TclTests" name="[32] /home/travis/build/icyphy/ptII/ptolemy/actor/lib/test/Test.tcl (RunTclFile)" time="0.13" />
  <testcase classname="ptolemy.util.test.junit.TclTests" name="[33] /home/travis/build/icyphy/ptII/ptolemy/actor/lib/test/TestExceptionHandler.tcl (RunTclFile)" time="0.014" />
  <testcase classname="ptolemy.util.test.junit.TclTests" name="[34] /home/travis/build/icyphy/ptII/ptolemy/actor/lib/test/UnionDisassembler.tcl (RunTclFile)" time="0.076" />
  <testcase classname="ptolemy.util.test.junit.TclTests" name="[35] /home/travis/build/icyphy/ptII/ptolemy/actor/lib/test/VariableClock.tcl (RunTclFile)" time="0.032" />
  <testcase classname="ptolemy.util.test.junit.AutoKnownFailedTests" name="[0] /home/travis/build/icyphy/ptII/ptolemy/actor/lib/test/auto/knownFailedTests/PublisherPortToplevelSubscriber.xml (RunModel)" time="0.028" />
  <testcase classname="ptolemy.util.test.junit.AutoKnownFailedTests" name="[1] /home/travis/build/icyphy/ptII/ptolemy/actor/lib/test/auto/knownFailedTests/PublisherSubscriberPortToplevel.xml (RunModel)" time="0.022" />
  <testcase classname="ptolemy.util.test.junit.AutoKnownFailedTests" name="[2] /home/travis/build/icyphy/ptII/ptolemy/actor/lib/test/auto/knownFailedTests/PublisherSubscriptionAggregatorPort.xml (RunModel)" time="0.021" />
  <testcase classname="ptolemy.util.test.junit.AutoKnownFailedTests" name="[3] /home/travis/build/icyphy/ptII/ptolemy/actor/lib/test/auto/knownFailedTests/sizedarray3.xml (RunModel)" time="0.033" />
  <testcase classname="ptolemy.util.test.junit.AutoNameArchTests" name="[0] ThereAreNoAutoArchTests (RunModel)" time="0.003" />
  <testcase classname="ptolemy.util.test.junit.AutoTests" name="[0] /home/travis/build/icyphy/ptII/ptolemy/actor/lib/test/auto/AbsoluteValue.xml (RunModel)" time="0.125" />
  <testcase classname="ptolemy.util.test.junit.AutoTests" name="[1] /home/travis/build/icyphy/ptII/ptolemy/actor/lib/test/auto/AbsoluteValue2.xml (RunModel)" time="0.075" />
  <testcase classname="ptolemy.util.test.junit.AutoTests" name="[2] /home/travis/build/icyphy/ptII/ptolemy/actor/lib/test/auto/Accumulator.xml (RunModel)" time="0.062" />
  <testcase classname="ptolemy.util.test.junit.AutoTests" name="[3] /home/travis/build/icyphy/ptII/ptolemy/actor/lib/test/auto/Accumulator2.xml (RunModel)" time="0.016" />
  <testcase classname="ptolemy.util.test.junit.AutoTests" name="[4] /home/travis/build/icyphy/ptII/ptolemy/actor/lib/test/auto/Accumulator3.xml (RunModel)" time="0.037" />
  <testcase classname="ptolemy.util.test.junit.AutoTests" name="[5] /home/travis/build/icyphy/ptII/ptolemy/actor/lib/test/auto/ArrayAppend.xml (RunModel)" time="0.038" />
  <testcase classname="ptolemy.util.test.junit.AutoTests" name="[6] /home/travis/build/icyphy/ptII/ptolemy/actor/lib/test/auto/ArrayAppend2.xml (RunModel)" time="0.432" />
  <testcase classname="ptolemy.util.test.junit.AutoTests" name="[7] /home/travis/build/icyphy/ptII/ptolemy/actor/lib/test/auto/ArrayAppend3.xml (RunModel)" time="0.031" />
  <testcase classname="ptolemy.util.test.junit.AutoTests" name="[8] /home/travis/build/icyphy/ptII/ptolemy/actor/lib/test/auto/ArrayAppend4.xml (RunModel)" time="0.018" />
  <testcase classname="ptolemy.util.test.junit.AutoTests" name="[9] /home/travis/build/icyphy/ptII/ptolemy/actor/lib/test/auto/ArrayAppend5.xml (RunModel)" time="0.016" />
  <testcase classname="ptolemy.util.test.junit.AutoTests" name="[10] /home/travis/build/icyphy/ptII/ptolemy/actor/lib/test/auto/ArrayAppend6.xml (RunModel)" time="0.021" />
  <testcase classname="ptolemy.util.test.junit.AutoTests" name="[11] /home/travis/build/icyphy/ptII/ptolemy/actor/lib/test/auto/ArrayAppendPerformanceTest.xml (RunModel)" time="0.064" />
  <testcase classname="ptolemy.util.test.junit.AutoTests" name="[12] /home/travis/build/icyphy/ptII/ptolemy/actor/lib/test/auto/ArrayAppendWithEmptyInput.xml (RunModel)" time="0.058" />
  <testcase classname="ptolemy.util.test.junit.AutoTests" name="[13] /home/travis/build/icyphy/ptII/ptolemy/actor/lib/test/auto/ArrayAverage.xml (RunModel)" time="0.047" />
  <testcase classname="ptolemy.util.test.junit.AutoTests" name="[14] /home/travis/build/icyphy/ptII/ptolemy/actor/lib/test/auto/ArrayContains.xml (RunModel)" time="0.031" />
  <testcase classname="ptolemy.util.test.junit.AutoTests" name="[15] /home/travis/build/icyphy/ptII/ptolemy/actor/lib/test/auto/ArrayElement.xml (RunModel)" time="0.019" />
  <testcase classname="ptolemy.util.test.junit.AutoTests" name="[16] /home/travis/build/icyphy/ptII/ptolemy/actor/lib/test/auto/ArrayElementAsMatrix.xml (RunModel)" time="0.041" />
  <testcase classname="ptolemy.util.test.junit.AutoTests" name="[17] /home/travis/build/icyphy/ptII/ptolemy/actor/lib/test/auto/ArrayElementI.xml (RunModel)" time="0.019" />
  <testcase classname="ptolemy.util.test.junit.AutoTests" name="[18] /home/travis/build/icyphy/ptII/ptolemy/actor/lib/test/auto/ArrayExtract.xml (RunModel)" time="0.038" />
  <testcase classname="ptolemy.util.test.junit.AutoTests" name="[19] /home/travis/build/icyphy/ptII/ptolemy/actor/lib/test/auto/ArrayExtract2.xml (RunModel)" time="0.021" />
  <testcase classname="ptolemy.util.test.junit.AutoTests" name="[20] /home/travis/build/icyphy/ptII/ptolemy/actor/lib/test/auto/ArrayLength.xml (RunModel)" time="0.035" />
  <testcase classname="ptolemy.util.test.junit.AutoTests" name="[21] /home/travis/build/icyphy/ptII/ptolemy/actor/lib/test/auto/ArrayLevelCrossing.xml (RunModel)" time="0.029" />
  <testcase classname="ptolemy.util.test.junit.AutoTests" name="[22] /home/travis/build/icyphy/ptII/ptolemy/actor/lib/test/auto/ArrayLevelCrossing2.xml (RunModel)" time="0.029" />
  <testcase classname="ptolemy.util.test.junit.AutoTests" name="[23] /home/travis/build/icyphy/ptII/ptolemy/actor/lib/test/auto/ArrayPeakSearch.xml (RunModel)" time="0.07" />
  <testcase classname="ptolemy.util.test.junit.AutoTests" name="[24] /home/travis/build/icyphy/ptII/ptolemy/actor/lib/test/auto/ArrayPeakSearch2.xml (RunModel)" time="0.043" />
  <testcase classname="ptolemy.util.test.junit.AutoTests" name="[25] /home/travis/build/icyphy/ptII/ptolemy/actor/lib/test/auto/ArrayPeakSearch3.xml (RunModel)" time="0.04" />
  <testcase classname="ptolemy.util.test.junit.AutoTests" name="[26] /home/travis/build/icyphy/ptII/ptolemy/actor/lib/test/auto/ArrayRemoveElement.xml (RunModel)" time="0.029" />
  <testcase classname="ptolemy.util.test.junit.AutoTests" name="[27] /home/travis/build/icyphy/ptII/ptolemy/actor/lib/test/auto/ArraySort.xml (RunModel)" time="0.032" />
  <testcase classname="ptolemy.util.test.junit.AutoTests" name="[28] /home/travis/build/icyphy/ptII/ptolemy/actor/lib/test/auto/ArraySum.xml (RunModel)" time="0.017" />
  <testcase classname="ptolemy.util.test.junit.AutoTests" name="[29] /home/travis/build/icyphy/ptII/ptolemy/actor/lib/test/auto/ArrayToElements.xml (RunModel)" time="0.021" />
  <testcase classname="ptolemy.util.test.junit.AutoTests" name="[30] /home/travis/build/icyphy/ptII/ptolemy/actor/lib/test/auto/ArrayToMatrix.xml (RunModel)" time="0.063" />
  <testcase classname="ptolemy.util.test.junit.AutoTests" name="[31] /home/travis/build/icyphy/ptII/ptolemy/actor/lib/test/auto/ArrayUpdate1.xml (RunModel)" time="0.024" />
  <testcase classname="ptolemy.util.test.junit.AutoTests" name="[32] /home/travis/build/icyphy/ptII/ptolemy/actor/lib/test/auto/ArrayUpdate2.xml (RunModel)" time="0.02" />
  <testcase classname="ptolemy.util.test.junit.AutoTests" name="[33] /home/travis/build/icyphy/ptII/ptolemy/actor/lib/test/auto/ArrayUpdate3.xml (RunModel)" time="0.012" />
  <testcase classname="ptolemy.util.test.junit.AutoTests" name="[34] /home/travis/build/icyphy/ptII/ptolemy/actor/lib/test/auto/Assert1.xml (RunModel)" time="0.017" />
  <testcase classname="ptolemy.util.test.junit.AutoTests" name="[35] /home/travis/build/icyphy/ptII/ptolemy/actor/lib/test/auto/Assert2.xml (RunModel)" time="0.017" />
  <testcase classname="ptolemy.util.test.junit.AutoTests" name="[36] /home/travis/build/icyphy/ptII/ptolemy/actor/lib/test/auto/BooleanMultiplexor.xml (RunModel)" time="0.015" />
  <testcase classname="ptolemy.util.test.junit.AutoTests" name="[37] /home/travis/build/icyphy/ptII/ptolemy/actor/lib/test/auto/BooleanMultiplexor2.xml (RunModel)" time="0.027" />
  <testcase classname="ptolemy.util.test.junit.AutoTests" name="[38] /home/travis/build/icyphy/ptII/ptolemy/actor/lib/test/auto/BooleanMultiplexor3.xml (RunModel)" time="0.035" />
  <testcase classname="ptolemy.util.test.junit.AutoTests" name="[39] /home/travis/build/icyphy/ptII/ptolemy/actor/lib/test/auto/BooleanSelect.xml (RunModel)" time="0.029" />
  <testcase classname="ptolemy.util.test.junit.AutoTests" name="[40] /home/travis/build/icyphy/ptII/ptolemy/actor/lib/test/auto/BooleanSelect2.xml (RunModel)" time="0.019" />
  <testcase classname="ptolemy.util.test.junit.AutoTests" name="[41] /home/travis/build/icyphy/ptII/ptolemy/actor/lib/test/auto/BooleanSwitch.xml (RunModel)" time="0.024" />
  <testcase classname="ptolemy.util.test.junit.AutoTests" name="[42] /home/travis/build/icyphy/ptII/ptolemy/actor/lib/test/auto/BooleanSwitch2.xml (RunModel)" time="0.016" />
  <testcase classname="ptolemy.util.test.junit.AutoTests" name="[43] /home/travis/build/icyphy/ptII/ptolemy/actor/lib/test/auto/BooleanSwitchCloningBugWithClassRelationGroup.xml (RunModel)" time="0.031" />
  <testcase classname="ptolemy.util.test.junit.AutoTests" name="[44] /home/travis/build/icyphy/ptII/ptolemy/actor/lib/test/auto/BusActors.xml (RunModel)" time="0.049" />
  <testcase classname="ptolemy.util.test.junit.AutoTests" name="[45] /home/travis/build/icyphy/ptII/ptolemy/actor/lib/test/auto/ClassWrapper.xml (RunModel)" time="0.02" />
  <testcase classname="ptolemy.util.test.junit.AutoTests" name="[46] /home/travis/build/icyphy/ptII/ptolemy/actor/lib/test/auto/Clock.xml (RunModel)" time="0.012" />
  <testcase classname="ptolemy.util.test.junit.AutoTests" name="[47] /home/travis/build/icyphy/ptII/ptolemy/actor/lib/test/auto/Clock10.xml (RunModel)" time="0.018" />
  <testcase classname="ptolemy.util.test.junit.AutoTests" name="[48] /home/travis/build/icyphy/ptII/ptolemy/actor/lib/test/auto/Clock11.xml (RunModel)" time="0.02" />
  <testcase classname="ptolemy.util.test.junit.AutoTests" name="[49] /home/travis/build/icyphy/ptII/ptolemy/actor/lib/test/auto/Clock12.xml (RunModel)" time="0.026" />
  <testcase classname="ptolemy.util.test.junit.AutoTests" name="[50] /home/travis/build/icyphy/ptII/ptolemy/actor/lib/test/auto/Clock13.xml (RunModel)" time="0.015" />
  <testcase classname="ptolemy.util.test.junit.AutoTests" name="[51] /home/travis/build/icyphy/ptII/ptolemy/actor/lib/test/auto/Clock14.xml (RunModel)" time="0.016" />
  <testcase classname="ptolemy.util.test.junit.AutoTests" name="[52] /home/travis/build/icyphy/ptII/ptolemy/actor/lib/test/auto/Clock15.xml (RunModel)" time="0.011" />
  <testcase classname="ptolemy.util.test.junit.AutoTests" name="[53] /home/travis/build/icyphy/ptII/ptolemy/actor/lib/test/auto/Clock16.xml (RunModel)" time="0.122" />
  <testcase classname="ptolemy.util.test.junit.AutoTests" name="[54] /home/travis/build/icyphy/ptII/ptolemy/actor/lib/test/auto/Clock17.xml (RunModel)" time="0.036" />
  <testcase classname="ptolemy.util.test.junit.AutoTests" name="[55] /home/travis/build/icyphy/ptII/ptolemy/actor/lib/test/auto/Clock18.xml (RunModel)" time="0.05" />
  <testcase classname="ptolemy.util.test.junit.AutoTests" name="[56] /home/travis/build/icyphy/ptII/ptolemy/actor/lib/test/auto/Clock19.xml (RunModel)" time="0.038" />
  <testcase classname="ptolemy.util.test.junit.AutoTests" name="[57] /home/travis/build/icyphy/ptII/ptolemy/actor/lib/test/auto/Clock2.xml (RunModel)" time="0.02" />
  <testcase classname="ptolemy.util.test.junit.AutoTests" name="[58] /home/travis/build/icyphy/ptII/ptolemy/actor/lib/test/auto/Clock20.xml (RunModel)" time="0.017" />
  <testcase classname="ptolemy.util.test.junit.AutoTests" name="[59] /home/travis/build/icyphy/ptII/ptolemy/actor/lib/test/auto/Clock21.xml (RunModel)" time="0.012" />
  <testcase classname="ptolemy.util.test.junit.AutoTests" name="[60] /home/travis/build/icyphy/ptII/ptolemy/actor/lib/test/auto/Clock22.xml (RunModel)" time="0.011" />
  <testcase classname="ptolemy.util.test.junit.AutoTests" name="[61] /home/travis/build/icyphy/ptII/ptolemy/actor/lib/test/auto/Clock23.xml (RunModel)" time="0.013" />
  <testcase classname="ptolemy.util.test.junit.AutoTests" name="[62] /home/travis/build/icyphy/ptII/ptolemy/actor/lib/test/auto/Clock24.xml (RunModel)" time="0.013" />
  <testcase classname="ptolemy.util.test.junit.AutoTests" name="[63] /home/travis/build/icyphy/ptII/ptolemy/actor/lib/test/auto/Clock4.xml (RunModel)" time="0.01" />
  <testcase classname="ptolemy.util.test.junit.AutoTests" name="[64] /home/travis/build/icyphy/ptII/ptolemy/actor/lib/test/auto/Clock5.xml (RunModel)" time="0.011" />
  <testcase classname="ptolemy.util.test.junit.AutoTests" name="[65] /home/travis/build/icyphy/ptII/ptolemy/actor/lib/test/auto/Clock6.xml (RunModel)" time="0.008" />
  <testcase classname="ptolemy.util.test.junit.AutoTests" name="[66] /home/travis/build/icyphy/ptII/ptolemy/actor/lib/test/auto/Clock7.xml (RunModel)" time="0.009" />
  <testcase classname="ptolemy.util.test.junit.AutoTests" name="[67] /home/travis/build/icyphy/ptII/ptolemy/actor/lib/test/auto/Clock8.xml (RunModel)" time="0.013" />
  <testcase classname="ptolemy.util.test.junit.AutoTests" name="[68] /home/travis/build/icyphy/ptII/ptolemy/actor/lib/test/auto/Clock9.xml (RunModel)" time="0.013" />
  <testcase classname="ptolemy.util.test.junit.AutoTests" name="[69] /home/travis/build/icyphy/ptII/ptolemy/actor/lib/test/auto/CommDistDiscard.xml (RunModel)" time="0.024" />
  <testcase classname="ptolemy.util.test.junit.AutoTests" name="[70] /home/travis/build/icyphy/ptII/ptolemy/actor/lib/test/auto/Commutator.xml (RunModel)" time="0.014" />
  <testcase classname="ptolemy.util.test.junit.AutoTests" name="[71] /home/travis/build/icyphy/ptII/ptolemy/actor/lib/test/auto/Commutator2.xml (RunModel)" time="0.01" />
  <testcase classname="ptolemy.util.test.junit.AutoTests" name="[72] /home/travis/build/icyphy/ptII/ptolemy/actor/lib/test/auto/Commutator3.xml (RunModel)" time="0.01" />
  <testcase classname="ptolemy.util.test.junit.AutoTests" name="[73] /home/travis/build/icyphy/ptII/ptolemy/actor/lib/test/auto/Compare.xml (RunModel)" time="0.017" />
  <testcase classname="ptolemy.util.test.junit.AutoTests" name="[74] /home/travis/build/icyphy/ptII/ptolemy/actor/lib/test/auto/CompareDE.xml (RunModel)" time="0.017" />
  <testcase classname="ptolemy.util.test.junit.AutoTests" name="[75] /home/travis/build/icyphy/ptII/ptolemy/actor/lib/test/auto/ComplexDivide.xml (RunModel)" time="0.009" />
  <testcase classname="ptolemy.util.test.junit.AutoTests" name="[76] /home/travis/build/icyphy/ptII/ptolemy/actor/lib/test/auto/ComputeHistogram.xml (RunModel)" time="0.047" />
  <testcase classname="ptolemy.util.test.junit.AutoTests" name="[77] /home/travis/build/icyphy/ptII/ptolemy/actor/lib/test/auto/ConfigurationSelect.xml (RunModel)" time="0.013" />
  <testcase classname="ptolemy.util.test.junit.AutoTests" name="[78] /home/travis/build/icyphy/ptII/ptolemy/actor/lib/test/auto/ConfigurationSelect2.xml (RunModel)" time="0.015" />
  <testcase classname="ptolemy.util.test.junit.AutoTests" name="[79] /home/travis/build/icyphy/ptII/ptolemy/actor/lib/test/auto/ConfigurationSwitch.xml (RunModel)" time="0.023" />
  <testcase classname="ptolemy.util.test.junit.AutoTests" name="[80] /home/travis/build/icyphy/ptII/ptolemy/actor/lib/test/auto/ConfigurationSwitch2.xml (RunModel)" time="0.021" />
  <testcase classname="ptolemy.util.test.junit.AutoTests" name="[81] /home/travis/build/icyphy/ptII/ptolemy/actor/lib/test/auto/ConfigurationSwitchCloningBugWithClassRelationGroup.xml (RunModel)" time="0.016" />
  <testcase classname="ptolemy.util.test.junit.AutoTests" name="[82] /home/travis/build/icyphy/ptII/ptolemy/actor/lib/test/auto/ConfigurationSwitchSelectSDF.xml (RunModel)" time="0.013" />
  <testcase classname="ptolemy.util.test.junit.AutoTests" name="[83] /home/travis/build/icyphy/ptII/ptolemy/actor/lib/test/auto/ConfigurationSwitchSelectSDF2.xml (RunModel)" time="0.033" />
  <testcase classname="ptolemy.util.test.junit.AutoTests" name="[84] /home/travis/build/icyphy/ptII/ptolemy/actor/lib/test/auto/Const.xml (RunModel)" time="0.007" />
  <testcase classname="ptolemy.util.test.junit.AutoTests" name="[85] /home/travis/build/icyphy/ptII/ptolemy/actor/lib/test/auto/Const2.xml (RunModel)" time="0.009" />
  <testcase classname="ptolemy.util.test.junit.AutoTests" name="[86] /home/travis/build/icyphy/ptII/ptolemy/actor/lib/test/auto/Const3.xml (RunModel)" time="0.005" />
  <testcase classname="ptolemy.util.test.junit.AutoTests" name="[87] /home/travis/build/icyphy/ptII/ptolemy/actor/lib/test/auto/ConstantPublisherPort1.xml (RunModel)" time="0.016" />
  <testcase classname="ptolemy.util.test.junit.AutoTests" name="[88] /home/travis/build/icyphy/ptII/ptolemy/actor/lib/test/auto/ConstantPublisherPort2.xml (RunModel)" time="0.015" />
  <testcase classname="ptolemy.util.test.junit.AutoTests" name="[89] /home/travis/build/icyphy/ptII/ptolemy/actor/lib/test/auto/ConstantPublisherPort3.xml (RunModel)" time="0.015" />
  <testcase classname="ptolemy.util.test.junit.AutoTests" name="[90] /home/travis/build/icyphy/ptII/ptolemy/actor/lib/test/auto/ConstantPublisherPort4.xml (RunModel)" time="0.014" />
  <testcase classname="ptolemy.util.test.junit.AutoTests" name="[91] /home/travis/build/icyphy/ptII/ptolemy/actor/lib/test/auto/ConstantPublisherPort5.xml (RunModel)" time="0.044" />
  <testcase classname="ptolemy.util.test.junit.AutoTests" name="[92] /home/travis/build/icyphy/ptII/ptolemy/actor/lib/test/auto/ConstantPublisherPort6.xml (RunModel)" time="0.023" />
  <testcase classname="ptolemy.util.test.junit.AutoTests" name="[93] /home/travis/build/icyphy/ptII/ptolemy/actor/lib/test/auto/ConstantPublisherPort7.xml (RunModel)" time="0.028" />
  <testcase classname="ptolemy.util.test.junit.AutoTests" name="[94] /home/travis/build/icyphy/ptII/ptolemy/actor/lib/test/auto/ConstraintMonitor1.xml (RunModel)" time="0.037" />
  <testcase classname="ptolemy.util.test.junit.AutoTests" name="[95] /home/travis/build/icyphy/ptII/ptolemy/actor/lib/test/auto/ConstraintMonitor2.xml (RunModel)" time="0.015" />
  <testcase classname="ptolemy.util.test.junit.AutoTests" name="[96] /home/travis/build/icyphy/ptII/ptolemy/actor/lib/test/auto/ConstraintMonitor3.xml (RunModel)" time="0.016" />
  <testcase classname="ptolemy.util.test.junit.AutoTests" name="[97] /home/travis/build/icyphy/ptII/ptolemy/actor/lib/test/auto/ConstraintMonitor4.xml (RunModel)" time="0.013" />
  <testcase classname="ptolemy.util.test.junit.AutoTests" name="[98] /home/travis/build/icyphy/ptII/ptolemy/actor/lib/test/auto/ConstraintMonitor5.xml (RunModel)" time="0.016" />
  <testcase classname="ptolemy.util.test.junit.AutoTests" name="[99] /home/travis/build/icyphy/ptII/ptolemy/actor/lib/test/auto/ConstraintMonitor6.xml (RunModel)" time="0.017" />
  <testcase classname="ptolemy.util.test.junit.AutoTests" name="[100] /home/travis/build/icyphy/ptII/ptolemy/actor/lib/test/auto/ConstraintMonitor7.xml (RunModel)" time="0.021" />
  <testcase classname="ptolemy.util.test.junit.AutoTests" name="[101] /home/travis/build/icyphy/ptII/ptolemy/actor/lib/test/auto/ConstraintMonitor8.xml (RunModel)" time="0.018" />
  <testcase classname="ptolemy.util.test.junit.AutoTests" name="[102] /home/travis/build/icyphy/ptII/ptolemy/actor/lib/test/auto/Counter.xml (RunModel)" time="0.02" />
  <testcase classname="ptolemy.util.test.junit.AutoTests" name="[103] /home/travis/build/icyphy/ptII/ptolemy/actor/lib/test/auto/CurrentTimeSDF.xml (RunModel)" time="0.009" />
  <testcase classname="ptolemy.util.test.junit.AutoTests" name="[104] /home/travis/build/icyphy/ptII/ptolemy/actor/lib/test/auto/DB.xml (RunModel)" time="0.014" />
  <testcase classname="ptolemy.util.test.junit.AutoTests" name="[105] /home/travis/build/icyphy/ptII/ptolemy/actor/lib/test/auto/DBDE.xml (RunModel)" time="0.015" />
  <testcase classname="ptolemy.util.test.junit.AutoTests" name="[106] /home/travis/build/icyphy/ptII/ptolemy/actor/lib/test/auto/DateConstructor.xml (RunModel)" time="0.069" />
  <testcase classname="ptolemy.util.test.junit.AutoTests" name="[107] /home/travis/build/icyphy/ptII/ptolemy/actor/lib/test/auto/DelayTime.xml (RunModel)" time="0.016" />
  <testcase classname="ptolemy.util.test.junit.AutoTests" name="[108] /home/travis/build/icyphy/ptII/ptolemy/actor/lib/test/auto/Dictionary1.xml (RunModel)" time="0.02" />
  <testcase classname="ptolemy.util.test.junit.AutoTests" name="[109] /home/travis/build/icyphy/ptII/ptolemy/actor/lib/test/auto/Dictionary2.xml (RunModel)" time="0.016" />
  <testcase classname="ptolemy.util.test.junit.AutoTests" name="[110] /home/travis/build/icyphy/ptII/ptolemy/actor/lib/test/auto/Dictionary3.xml (RunModel)" time="0.017" />
  <testcase classname="ptolemy.util.test.junit.AutoTests" name="[111] /home/travis/build/icyphy/ptII/ptolemy/actor/lib/test/auto/Dictionary4.xml (RunModel)" time="0.018" />
  <testcase classname="ptolemy.util.test.junit.AutoTests" name="[112] /home/travis/build/icyphy/ptII/ptolemy/actor/lib/test/auto/Differential.xml (RunModel)" time="0.011" />
  <testcase classname="ptolemy.util.test.junit.AutoTests" name="[113] /home/travis/build/icyphy/ptII/ptolemy/actor/lib/test/auto/Director.xml (RunModel)" time="0.011" />
  <testcase classname="ptolemy.util.test.junit.AutoTests" name="[114] /home/travis/build/icyphy/ptII/ptolemy/actor/lib/test/auto/DiscreteClock.xml (RunModel)" time="0.007" />
  <testcase classname="ptolemy.util.test.junit.AutoTests" name="[115] /home/travis/build/icyphy/ptII/ptolemy/actor/lib/test/auto/DiscreteClock10.xml (RunModel)" time="0.04" />
  <testcase classname="ptolemy.util.test.junit.AutoTests" name="[116] /home/travis/build/icyphy/ptII/ptolemy/actor/lib/test/auto/DiscreteClock11.xml (RunModel)" time="0.016" />
  <testcase classname="ptolemy.util.test.junit.AutoTests" name="[117] /home/travis/build/icyphy/ptII/ptolemy/actor/lib/test/auto/DiscreteClock12.xml (RunModel)" time="0.016" />
  <testcase classname="ptolemy.util.test.junit.AutoTests" name="[118] /home/travis/build/icyphy/ptII/ptolemy/actor/lib/test/auto/DiscreteClock13.xml (RunModel)" time="0.013" />
  <testcase classname="ptolemy.util.test.junit.AutoTests" name="[119] /home/travis/build/icyphy/ptII/ptolemy/actor/lib/test/auto/DiscreteClock14.xml (RunModel)" time="0.016" />
  <testcase classname="ptolemy.util.test.junit.AutoTests" name="[120] /home/travis/build/icyphy/ptII/ptolemy/actor/lib/test/auto/DiscreteClock15.xml (RunModel)" time="0.015" />
  <testcase classname="ptolemy.util.test.junit.AutoTests" name="[121] /home/travis/build/icyphy/ptII/ptolemy/actor/lib/test/auto/DiscreteClock16.xml (RunModel)" time="0.068" />
  <testcase classname="ptolemy.util.test.junit.AutoTests" name="[122] /home/travis/build/icyphy/ptII/ptolemy/actor/lib/test/auto/DiscreteClock17.xml (RunModel)" time="0.042" />
  <testcase classname="ptolemy.util.test.junit.AutoTests" name="[123] /home/travis/build/icyphy/ptII/ptolemy/actor/lib/test/auto/DiscreteClock18.xml (RunModel)" time="0.038" />
  <testcase classname="ptolemy.util.test.junit.AutoTests" name="[124] /home/travis/build/icyphy/ptII/ptolemy/actor/lib/test/auto/DiscreteClock19.xml (RunModel)" time="0.041" />
  <testcase classname="ptolemy.util.test.junit.AutoTests" name="[125] /home/travis/build/icyphy/ptII/ptolemy/actor/lib/test/auto/DiscreteClock2.xml (RunModel)" time="0.013" />
  <testcase classname="ptolemy.util.test.junit.AutoTests" name="[126] /home/travis/build/icyphy/ptII/ptolemy/actor/lib/test/auto/DiscreteClock20.xml (RunModel)" time="0.013" />
  <testcase classname="ptolemy.util.test.junit.AutoTests" name="[127] /home/travis/build/icyphy/ptII/ptolemy/actor/lib/test/auto/DiscreteClock21.xml (RunModel)" time="0.023" />
  <testcase classname="ptolemy.util.test.junit.AutoTests" name="[128] /home/travis/build/icyphy/ptII/ptolemy/actor/lib/test/auto/DiscreteClock22.xml (RunModel)" time="0.016" />
  <testcase classname="ptolemy.util.test.junit.AutoTests" name="[129] /home/travis/build/icyphy/ptII/ptolemy/actor/lib/test/auto/DiscreteClock23.xml (RunModel)" time="0.023" />
  <testcase classname="ptolemy.util.test.junit.AutoTests" name="[130] /home/travis/build/icyphy/ptII/ptolemy/actor/lib/test/auto/DiscreteClock24.xml (RunModel)" time="0.014" />
  <testcase classname="ptolemy.util.test.junit.AutoTests" name="[131] /home/travis/build/icyphy/ptII/ptolemy/actor/lib/test/auto/DiscreteClock4.xml (RunModel)" time="0.014" />
  <testcase classname="ptolemy.util.test.junit.AutoTests" name="[132] /home/travis/build/icyphy/ptII/ptolemy/actor/lib/test/auto/DiscreteClock5.xml (RunModel)" time="0.013" />
  <testcase classname="ptolemy.util.test.junit.AutoTests" name="[133] /home/travis/build/icyphy/ptII/ptolemy/actor/lib/test/auto/DiscreteClock6.xml (RunModel)" time="0.009" />
  <testcase classname="ptolemy.util.test.junit.AutoTests" name="[134] /home/travis/build/icyphy/ptII/ptolemy/actor/lib/test/auto/DiscreteClock7.xml (RunModel)" time="0.026" />
  <testcase classname="ptolemy.util.test.junit.AutoTests" name="[135] /home/travis/build/icyphy/ptII/ptolemy/actor/lib/test/auto/DiscreteClock8.xml (RunModel)" time="0.015" />
  <testcase classname="ptolemy.util.test.junit.AutoTests" name="[136] /home/travis/build/icyphy/ptII/ptolemy/actor/lib/test/auto/DiscreteClock9.xml (RunModel)" time="0.015" />
  <testcase classname="ptolemy.util.test.junit.AutoTests" name="[137] /home/travis/build/icyphy/ptII/ptolemy/actor/lib/test/auto/DisplayArray.xml (RunModel)" time="0.012" />
  <testcase classname="ptolemy.util.test.junit.AutoTests" name="[138] /home/travis/build/icyphy/ptII/ptolemy/actor/lib/test/auto/Distributor.xml (RunModel)" time="0.011" />
  <testcase classname="ptolemy.util.test.junit.AutoTests" name="[139] /home/travis/build/icyphy/ptII/ptolemy/actor/lib/test/auto/Distributor2.xml (RunModel)" time="0.01" />
  <testcase classname="ptolemy.util.test.junit.AutoTests" name="[140] /home/travis/build/icyphy/ptII/ptolemy/actor/lib/test/auto/DownSample.xml (RunModel)" time="0.012" />
  <testcase classname="ptolemy.util.test.junit.AutoTests" name="[141] /home/travis/build/icyphy/ptII/ptolemy/actor/lib/test/auto/ElectronicUnitBase1.xml (RunModel)" time="0.065" />
  <testcase classname="ptolemy.util.test.junit.AutoTests" name="[142] /home/travis/build/icyphy/ptII/ptolemy/actor/lib/test/auto/ElementsToArray.xml (RunModel)" time="0.012" />
  <testcase classname="ptolemy.util.test.junit.AutoTests" name="[143] /home/travis/build/icyphy/ptII/ptolemy/actor/lib/test/auto/Equals.xml (RunModel)" time="0.017" />
  <testcase classname="ptolemy.util.test.junit.AutoTests" name="[144] /home/travis/build/icyphy/ptII/ptolemy/actor/lib/test/auto/Exec.xml (RunModel)" time="0.029" />
  <testcase classname="ptolemy.util.test.junit.AutoTests" name="[145] /home/travis/build/icyphy/ptII/ptolemy/actor/lib/test/auto/ExecEnvironment.xml (RunModel)" time="0.03" />
  <testcase classname="ptolemy.util.test.junit.AutoTests" name="[146] /home/travis/build/icyphy/ptII/ptolemy/actor/lib/test/auto/ExecNonZeroReturnOutput.xml (RunModel)" time="0.174" />
  <testcase classname="ptolemy.util.test.junit.AutoTests" name="[147] /home/travis/build/icyphy/ptII/ptolemy/actor/lib/test/auto/ExecRunDemos.xml (RunModel)" time="10.343" />
  <testcase classname="ptolemy.util.test.junit.AutoTests" name="[148] /home/travis/build/icyphy/ptII/ptolemy/actor/lib/test/auto/ExecStop.xml (RunModel)" time="5.04" />
  <testcase classname="ptolemy.util.test.junit.AutoTests" name="[149] /home/travis/build/icyphy/ptII/ptolemy/actor/lib/test/auto/ExecutionTimeSDF.xml (RunModel)" time="6.042">
    <error type="java.lang.reflect.InvocationTargetException">java.lang.reflect.InvocationTargetException
	at jdk.internal.reflect.GeneratedConstructorAccessor36.newInstance(Unknown Source)
	at java.base/jdk.internal.reflect.DelegatingConstructorAccessorImpl.newInstance(DelegatingConstructorAccessorImpl.java:45)
	at java.base/java.lang.reflect.Constructor.newInstance(Constructor.java:490)
	at ptolemy.util.test.junit.AutoTests.RunModel(AutoTests.java:193)
	at jdk.internal.reflect.GeneratedMethodAccessor43.invoke(Unknown Source)
	at java.base/jdk.internal.reflect.DelegatingMethodAccessorImpl.invoke(DelegatingMethodAccessorImpl.java:43)
	at junitparams.internal.InvokeParameterisedMethod.evaluate(InvokeParameterisedMethod.java:102)
Caused by: ptolemy.kernel.util.IllegalActionException: Test fails in iteration 0.
Value was: 6004L. Should have been: 6000L
  in .ExecutionTimeSDF.NonStrictTest
	at ptolemy.actor.lib.NonStrictTest.postfire(NonStrictTest.java:328)
	at ptolemy.actor.AtomicActor.iterate(AtomicActor.java:518)
	at ptolemy.actor.sched.StaticSchedulingDirector.fire(StaticSchedulingDirector.java:216)
	at ptolemy.domains.sdf.kernel.SDFDirector.fire(SDFDirector.java:500)
	at ptolemy.actor.CompositeActor.fire(CompositeActor.java:455)
	at ptolemy.actor.Manager.iterate(Manager.java:851)
	at ptolemy.actor.Manager.execute(Manager.java:369)
	at ptolemy.actor.Manager.run(Manager.java:1263)
	at ptolemy.actor.Manager$PtolemyRunThread.run(Manager.java:1933)
</error>
  </testcase>
  <testcase classname="ptolemy.util.test.junit.AutoTests" name="[150] /home/travis/build/icyphy/ptII/ptolemy/actor/lib/test/auto/Expression1.xml (RunModel)" time="0.02" />
  <testcase classname="ptolemy.util.test.junit.AutoTests" name="[151] /home/travis/build/icyphy/ptII/ptolemy/actor/lib/test/auto/Expression10.xml (RunModel)" time="0.017" />
  <testcase classname="ptolemy.util.test.junit.AutoTests" name="[152] /home/travis/build/icyphy/ptII/ptolemy/actor/lib/test/auto/Expression11.xml (RunModel)" time="0.032" />
  <testcase classname="ptolemy.util.test.junit.AutoTests" name="[153] /home/travis/build/icyphy/ptII/ptolemy/actor/lib/test/auto/Expression12.xml (RunModel)" time="0.034" />
  <testcase classname="ptolemy.util.test.junit.AutoTests" name="[154] /home/travis/build/icyphy/ptII/ptolemy/actor/lib/test/auto/Expression13.xml (RunModel)" time="0.015" />
  <testcase classname="ptolemy.util.test.junit.AutoTests" name="[155] /home/travis/build/icyphy/ptII/ptolemy/actor/lib/test/auto/Expression14.xml (RunModel)" time="0.024" />
  <testcase classname="ptolemy.util.test.junit.AutoTests" name="[156] /home/travis/build/icyphy/ptII/ptolemy/actor/lib/test/auto/Expression15.xml (RunModel)" time="0.009" />
  <testcase classname="ptolemy.util.test.junit.AutoTests" name="[157] /home/travis/build/icyphy/ptII/ptolemy/actor/lib/test/auto/Expression16.xml (RunModel)" time="0.014" />
  <testcase classname="ptolemy.util.test.junit.AutoTests" name="[158] /home/travis/build/icyphy/ptII/ptolemy/actor/lib/test/auto/Expression17.xml (RunModel)" time="0.013" />
  <testcase classname="ptolemy.util.test.junit.AutoTests" name="[159] /home/travis/build/icyphy/ptII/ptolemy/actor/lib/test/auto/Expression18.xml (RunModel)" time="0.017" />
  <testcase classname="ptolemy.util.test.junit.AutoTests" name="[160] /home/travis/build/icyphy/ptII/ptolemy/actor/lib/test/auto/Expression2.xml (RunModel)" time="0.011" />
  <testcase classname="ptolemy.util.test.junit.AutoTests" name="[161] /home/travis/build/icyphy/ptII/ptolemy/actor/lib/test/auto/Expression3.xml (RunModel)" time="0.014" />
  <testcase classname="ptolemy.util.test.junit.AutoTests" name="[162] /home/travis/build/icyphy/ptII/ptolemy/actor/lib/test/auto/Expression4.xml (RunModel)" time="0.02" />
  <testcase classname="ptolemy.util.test.junit.AutoTests" name="[163] /home/travis/build/icyphy/ptII/ptolemy/actor/lib/test/auto/Expression5.xml (RunModel)" time="0.012" />
  <testcase classname="ptolemy.util.test.junit.AutoTests" name="[164] /home/travis/build/icyphy/ptII/ptolemy/actor/lib/test/auto/Expression6.xml (RunModel)" time="0.009" />
  <testcase classname="ptolemy.util.test.junit.AutoTests" name="[165] /home/travis/build/icyphy/ptII/ptolemy/actor/lib/test/auto/Expression7.xml (RunModel)" time="0.011" />
  <testcase classname="ptolemy.util.test.junit.AutoTests" name="[166] /home/travis/build/icyphy/ptII/ptolemy/actor/lib/test/auto/Expression8.xml (RunModel)" time="0.016" />
  <testcase classname="ptolemy.util.test.junit.AutoTests" name="[167] /home/travis/build/icyphy/ptII/ptolemy/actor/lib/test/auto/Expression9.xml (RunModel)" time="0.008" />
  <testcase classname="ptolemy.util.test.junit.AutoTests" name="[168] /home/travis/build/icyphy/ptII/ptolemy/actor/lib/test/auto/ExpressionConcatenateArrayType.xml (RunModel)" time="0.042" />
  <testcase classname="ptolemy.util.test.junit.AutoTests" name="[169] /home/travis/build/icyphy/ptII/ptolemy/actor/lib/test/auto/ExpressionConcatenateArrayType2.xml (RunModel)" time="0.021" />
  <testcase classname="ptolemy.util.test.junit.AutoTests" name="[170] /home/travis/build/icyphy/ptII/ptolemy/actor/lib/test/auto/ExpressionFix.xml (RunModel)" time="0.042" />
  <testcase classname="ptolemy.util.test.junit.AutoTests" name="[171] /home/travis/build/icyphy/ptII/ptolemy/actor/lib/test/auto/ExpressionFix2.xml (RunModel)" time="0.013" />
  <testcase classname="ptolemy.util.test.junit.AutoTests" name="[172] /home/travis/build/icyphy/ptII/ptolemy/actor/lib/test/auto/ExpressionFix3.xml (RunModel)" time="0.014" />
  <testcase classname="ptolemy.util.test.junit.AutoTests" name="[173] /home/travis/build/icyphy/ptII/ptolemy/actor/lib/test/auto/FileWriter1.xml (RunModel)" time="0.013" />
  <testcase classname="ptolemy.util.test.junit.AutoTests" name="[174] /home/travis/build/icyphy/ptII/ptolemy/actor/lib/test/auto/FileWriter2.xml (RunModel)" time="0.009" />
  <testcase classname="ptolemy.util.test.junit.AutoTests" name="[175] /home/travis/build/icyphy/ptII/ptolemy/actor/lib/test/auto/FileWriter3.xml (RunModel)" time="0.012" />
  <testcase classname="ptolemy.util.test.junit.AutoTests" name="[176] /home/travis/build/icyphy/ptII/ptolemy/actor/lib/test/auto/Gaussian.xml (RunModel)" time="0.011" />
  <testcase classname="ptolemy.util.test.junit.AutoTests" name="[177] /home/travis/build/icyphy/ptII/ptolemy/actor/lib/test/auto/Gaussian1.xml (RunModel)" time="0.014" />
  <testcase classname="ptolemy.util.test.junit.AutoTests" name="[178] /home/travis/build/icyphy/ptII/ptolemy/actor/lib/test/auto/Gaussian2.xml (RunModel)" time="0.022" />
  <testcase classname="ptolemy.util.test.junit.AutoTests" name="[179] /home/travis/build/icyphy/ptII/ptolemy/actor/lib/test/auto/GradientAdaptiveLattice.xml (RunModel)" time="0.018" />
  <testcase classname="ptolemy.util.test.junit.AutoTests" name="[180] /home/travis/build/icyphy/ptII/ptolemy/actor/lib/test/auto/IIR.xml (RunModel)" time="0.009" />
  <testcase classname="ptolemy.util.test.junit.AutoTests" name="[181] /home/travis/build/icyphy/ptII/ptolemy/actor/lib/test/auto/InputOutputTransparentPorts.xml (RunModel)" time="0.016" />
  <testcase classname="ptolemy.util.test.junit.AutoTests" name="[182] /home/travis/build/icyphy/ptII/ptolemy/actor/lib/test/auto/Interpolator.xml (RunModel)" time="0.011" />
  <testcase classname="ptolemy.util.test.junit.AutoTests" name="[183] /home/travis/build/icyphy/ptII/ptolemy/actor/lib/test/auto/InterpolatorFiringLimitDE.xml (RunModel)" time="0.013" />
  <testcase classname="ptolemy.util.test.junit.AutoTests" name="[184] /home/travis/build/icyphy/ptII/ptolemy/actor/lib/test/auto/Lattice.xml (RunModel)" time="0.008" />
  <testcase classname="ptolemy.util.test.junit.AutoTests" name="[185] /home/travis/build/icyphy/ptII/ptolemy/actor/lib/test/auto/LazyAOCTestLazy.xml (RunModel)" time="0.031" />
  <testcase classname="ptolemy.util.test.junit.AutoTests" name="[186] /home/travis/build/icyphy/ptII/ptolemy/actor/lib/test/auto/LazyAOCTestNonLazy.xml (RunModel)" time="0.038" />
  <testcase classname="ptolemy.util.test.junit.AutoTests" name="[187] /home/travis/build/icyphy/ptII/ptolemy/actor/lib/test/auto/LazyInnerClass.xml (RunModel)" time="0.037" />
  <testcase classname="ptolemy.util.test.junit.AutoTests" name="[188] /home/travis/build/icyphy/ptII/ptolemy/actor/lib/test/auto/LazyPubSub.xml (RunModel)" time="0.056" />
  <testcase classname="ptolemy.util.test.junit.AutoTests" name="[189] /home/travis/build/icyphy/ptII/ptolemy/actor/lib/test/auto/LazyPubSub2.xml (RunModel)" time="0.068" />
  <testcase classname="ptolemy.util.test.junit.AutoTests" name="[190] /home/travis/build/icyphy/ptII/ptolemy/actor/lib/test/auto/LazyPubSub3.xml (RunModel)" time="0.027" />
  <testcase classname="ptolemy.util.test.junit.AutoTests" name="[191] /home/travis/build/icyphy/ptII/ptolemy/actor/lib/test/auto/LazySubClassModel.xml (RunModel)" time="0.023" />
  <testcase classname="ptolemy.util.test.junit.AutoTests" name="[192] /home/travis/build/icyphy/ptII/ptolemy/actor/lib/test/auto/LevelCrossTest1.xml (RunModel)" time="0.009" />
  <testcase classname="ptolemy.util.test.junit.AutoTests" name="[193] /home/travis/build/icyphy/ptII/ptolemy/actor/lib/test/auto/LevelCrossTest10.xml (RunModel)" time="0.014" />
  <testcase classname="ptolemy.util.test.junit.AutoTests" name="[194] /home/travis/build/icyphy/ptII/ptolemy/actor/lib/test/auto/LevelCrossTest11.xml (RunModel)" time="0.015" />
  <testcase classname="ptolemy.util.test.junit.AutoTests" name="[195] /home/travis/build/icyphy/ptII/ptolemy/actor/lib/test/auto/LevelCrossTest12.xml (RunModel)" time="0.014" />
  <testcase classname="ptolemy.util.test.junit.AutoTests" name="[196] /home/travis/build/icyphy/ptII/ptolemy/actor/lib/test/auto/LevelCrossTest13.xml (RunModel)" time="0.012" />
  <testcase classname="ptolemy.util.test.junit.AutoTests" name="[197] /home/travis/build/icyphy/ptII/ptolemy/actor/lib/test/auto/LevelCrossTest2.xml (RunModel)" time="0.008" />
  <testcase classname="ptolemy.util.test.junit.AutoTests" name="[198] /home/travis/build/icyphy/ptII/ptolemy/actor/lib/test/auto/LevelCrossTest3.xml (RunModel)" time="0.011" />
  <testcase classname="ptolemy.util.test.junit.AutoTests" name="[199] /home/travis/build/icyphy/ptII/ptolemy/actor/lib/test/auto/LevelCrossTest4.xml (RunModel)" time="0.011" />
  <testcase classname="ptolemy.util.test.junit.AutoTests" name="[200] /home/travis/build/icyphy/ptII/ptolemy/actor/lib/test/auto/LevelCrossTest5.xml (RunModel)" time="0.017" />
  <testcase classname="ptolemy.util.test.junit.AutoTests" name="[201] /home/travis/build/icyphy/ptII/ptolemy/actor/lib/test/auto/LevelCrossTest6.xml (RunModel)" time="0.012" />
  <testcase classname="ptolemy.util.test.junit.AutoTests" name="[202] /home/travis/build/icyphy/ptII/ptolemy/actor/lib/test/auto/LevelCrossTest7.xml (RunModel)" time="0.019" />
  <testcase classname="ptolemy.util.test.junit.AutoTests" name="[203] /home/travis/build/icyphy/ptII/ptolemy/actor/lib/test/auto/LevelCrossTest8.xml (RunModel)" time="0.013" />
  <testcase classname="ptolemy.util.test.junit.AutoTests" name="[204] /home/travis/build/icyphy/ptII/ptolemy/actor/lib/test/auto/LevelCrossTest9.xml (RunModel)" time="0.013" />
  <testcase classname="ptolemy.util.test.junit.AutoTests" name="[205] /home/travis/build/icyphy/ptII/ptolemy/actor/lib/test/auto/LevinsonDurbin.xml (RunModel)" time="0.008" />
  <testcase classname="ptolemy.util.test.junit.AutoTests" name="[206] /home/travis/build/icyphy/ptII/ptolemy/actor/lib/test/auto/LevinsonDurbin2.xml (RunModel)" time="0.007" />
  <testcase classname="ptolemy.util.test.junit.AutoTests" name="[207] /home/travis/build/icyphy/ptII/ptolemy/actor/lib/test/auto/LevinsonDurbin3.xml (RunModel)" time="0.011" />
  <testcase classname="ptolemy.util.test.junit.AutoTests" name="[208] /home/travis/build/icyphy/ptII/ptolemy/actor/lib/test/auto/Limiter.xml (RunModel)" time="0.037" />
  <testcase classname="ptolemy.util.test.junit.AutoTests" name="[209] /home/travis/build/icyphy/ptII/ptolemy/actor/lib/test/auto/LinearDifferenceEquationSystem.xml (RunModel)" time="0.028" />
  <testcase classname="ptolemy.util.test.junit.AutoTests" name="[210] /home/travis/build/icyphy/ptII/ptolemy/actor/lib/test/auto/LookupTable.xml (RunModel)" time="0.023" />
  <testcase classname="ptolemy.util.test.junit.AutoTests" name="[211] /home/travis/build/icyphy/ptII/ptolemy/actor/lib/test/auto/MathFunction.xml (RunModel)" time="0.02" />
  <testcase classname="ptolemy.util.test.junit.AutoTests" name="[212] /home/travis/build/icyphy/ptII/ptolemy/actor/lib/test/auto/MathFunction2.xml (RunModel)" time="0.011" />
  <testcase classname="ptolemy.util.test.junit.AutoTests" name="[213] /home/travis/build/icyphy/ptII/ptolemy/actor/lib/test/auto/MathFunction3.xml (RunModel)" time="0.017" />
  <testcase classname="ptolemy.util.test.junit.AutoTests" name="[214] /home/travis/build/icyphy/ptII/ptolemy/actor/lib/test/auto/MatrixCropBoolean.xml (RunModel)" time="0.016" />
  <testcase classname="ptolemy.util.test.junit.AutoTests" name="[215] /home/travis/build/icyphy/ptII/ptolemy/actor/lib/test/auto/MatrixCropComplex.xml (RunModel)" time="0.01" />
  <testcase classname="ptolemy.util.test.junit.AutoTests" name="[216] /home/travis/build/icyphy/ptII/ptolemy/actor/lib/test/auto/MatrixCropDouble.xml (RunModel)" time="0.009" />
  <testcase classname="ptolemy.util.test.junit.AutoTests" name="[217] /home/travis/build/icyphy/ptII/ptolemy/actor/lib/test/auto/MatrixCropFix.xml (RunModel)" time="0.013" />
  <testcase classname="ptolemy.util.test.junit.AutoTests" name="[218] /home/travis/build/icyphy/ptII/ptolemy/actor/lib/test/auto/MatrixCropInt.xml (RunModel)" time="0.009" />
  <testcase classname="ptolemy.util.test.junit.AutoTests" name="[219] /home/travis/build/icyphy/ptII/ptolemy/actor/lib/test/auto/MatrixCropLong.xml (RunModel)" time="0.008" />
  <testcase classname="ptolemy.util.test.junit.AutoTests" name="[220] /home/travis/build/icyphy/ptII/ptolemy/actor/lib/test/auto/MatrixToArray.xml (RunModel)" time="0.043" />
  <testcase classname="ptolemy.util.test.junit.AutoTests" name="[221] /home/travis/build/icyphy/ptII/ptolemy/actor/lib/test/auto/MaxIndex.xml (RunModel)" time="0.012" />
  <testcase classname="ptolemy.util.test.junit.AutoTests" name="[222] /home/travis/build/icyphy/ptII/ptolemy/actor/lib/test/auto/Maximum.xml (RunModel)" time="0.016" />
  <testcase classname="ptolemy.util.test.junit.AutoTests" name="[223] /home/travis/build/icyphy/ptII/ptolemy/actor/lib/test/auto/MaximumComplex.xml (RunModel)" time="0.015" />
  <testcase classname="ptolemy.util.test.junit.AutoTests" name="[224] /home/travis/build/icyphy/ptII/ptolemy/actor/lib/test/auto/MethodCallTest.xml (RunModel)" time="0.023" />
  <testcase classname="ptolemy.util.test.junit.AutoTests" name="[225] /home/travis/build/icyphy/ptII/ptolemy/actor/lib/test/auto/Minimum.xml (RunModel)" time="0.013" />
  <testcase classname="ptolemy.util.test.junit.AutoTests" name="[226] /home/travis/build/icyphy/ptII/ptolemy/actor/lib/test/auto/MinimumComplex.xml (RunModel)" time="0.023" />
  <testcase classname="ptolemy.util.test.junit.AutoTests" name="[227] /home/travis/build/icyphy/ptII/ptolemy/actor/lib/test/auto/MinimumMultiports.xml (RunModel)" time="0.015" />
  <testcase classname="ptolemy.util.test.junit.AutoTests" name="[228] /home/travis/build/icyphy/ptII/ptolemy/actor/lib/test/auto/ModifyDate.xml (RunModel)" time="0.041" />
  <testcase classname="ptolemy.util.test.junit.AutoTests" name="[229] /home/travis/build/icyphy/ptII/ptolemy/actor/lib/test/auto/ModifyDate2.xml (RunModel)" time="0.028" />
  <testcase classname="ptolemy.util.test.junit.AutoTests" name="[230] /home/travis/build/icyphy/ptII/ptolemy/actor/lib/test/auto/MovingAverage.xml (RunModel)" time="0.011" />
  <testcase classname="ptolemy.util.test.junit.AutoTests" name="[231] /home/travis/build/icyphy/ptII/ptolemy/actor/lib/test/auto/MovingMaximum.xml (RunModel)" time="0.012" />
  <testcase classname="ptolemy.util.test.junit.AutoTests" name="[232] /home/travis/build/icyphy/ptII/ptolemy/actor/lib/test/auto/MultipleLinksToSameRelation.xml (RunModel)" time="0.008" />
  <testcase classname="ptolemy.util.test.junit.AutoTests" name="[233] /home/travis/build/icyphy/ptII/ptolemy/actor/lib/test/auto/MultipleLinksToSameRelationDE.xml (RunModel)" time="0.015" />
  <testcase classname="ptolemy.util.test.junit.AutoTests" name="[234] /home/travis/build/icyphy/ptII/ptolemy/actor/lib/test/auto/Multiplexor.xml (RunModel)" time="0.012" />
  <testcase classname="ptolemy.util.test.junit.AutoTests" name="[235] /home/travis/build/icyphy/ptII/ptolemy/actor/lib/test/auto/Multiplexor1.xml (RunModel)" time="0.011" />
  <testcase classname="ptolemy.util.test.junit.AutoTests" name="[236] /home/travis/build/icyphy/ptII/ptolemy/actor/lib/test/auto/Multiplexor2.xml (RunModel)" time="0.018" />
  <testcase classname="ptolemy.util.test.junit.AutoTests" name="[237] /home/travis/build/icyphy/ptII/ptolemy/actor/lib/test/auto/Multiplexor3.xml (RunModel)" time="0.009" />
  <testcase classname="ptolemy.util.test.junit.AutoTests" name="[238] /home/travis/build/icyphy/ptII/ptolemy/actor/lib/test/auto/MultiplexorDE.xml (RunModel)" time="0.034" />
  <testcase classname="ptolemy.util.test.junit.AutoTests" name="[239] /home/travis/build/icyphy/ptII/ptolemy/actor/lib/test/auto/MultiportBroadcastTest.xml (RunModel)" time="0.086" />
  <testcase classname="ptolemy.util.test.junit.AutoTests" name="[240] /home/travis/build/icyphy/ptII/ptolemy/actor/lib/test/auto/MultiportOutHangDuringGetWidth.xml (RunModel)" time="0.035" />
  <testcase classname="ptolemy.util.test.junit.AutoTests" name="[241] /home/travis/build/icyphy/ptII/ptolemy/actor/lib/test/auto/NilToken.xml (RunModel)" time="0.011" />
  <testcase classname="ptolemy.util.test.junit.AutoTests" name="[242] /home/travis/build/icyphy/ptII/ptolemy/actor/lib/test/auto/NilTokenNonStrictTest.xml (RunModel)" time="0.011" />
  <testcase classname="ptolemy.util.test.junit.AutoTests" name="[243] /home/travis/build/icyphy/ptII/ptolemy/actor/lib/test/auto/NilTokenRecord.xml (RunModel)" time="0.023" />
  <testcase classname="ptolemy.util.test.junit.AutoTests" name="[244] /home/travis/build/icyphy/ptII/ptolemy/actor/lib/test/auto/NilTokenTypeTest.xml (RunModel)" time="0.028" />
  <testcase classname="ptolemy.util.test.junit.AutoTests" name="[245] /home/travis/build/icyphy/ptII/ptolemy/actor/lib/test/auto/ObjectToken1.xml (RunModel)" time="0.008" />
  <testcase classname="ptolemy.util.test.junit.AutoTests" name="[246] /home/travis/build/icyphy/ptII/ptolemy/actor/lib/test/auto/OrderedMerge.xml (RunModel)" time="0.014" />
  <testcase classname="ptolemy.util.test.junit.AutoTests" name="[247] /home/travis/build/icyphy/ptII/ptolemy/actor/lib/test/auto/OrderedRecordDisassembler.xml (RunModel)" time="0.013" />
  <testcase classname="ptolemy.util.test.junit.AutoTests" name="[248] /home/travis/build/icyphy/ptII/ptolemy/actor/lib/test/auto/OrderedRecordDisassembler2.xml (RunModel)" time="0.019" />
  <testcase classname="ptolemy.util.test.junit.AutoTests" name="[249] /home/travis/build/icyphy/ptII/ptolemy/actor/lib/test/auto/OrderedRecordUpdater.xml (RunModel)" time="0.011" />
  <testcase classname="ptolemy.util.test.junit.AutoTests" name="[250] /home/travis/build/icyphy/ptII/ptolemy/actor/lib/test/auto/OrderedRecordUpdater2.xml (RunModel)" time="0.017" />
  <testcase classname="ptolemy.util.test.junit.AutoTests" name="[251] /home/travis/build/icyphy/ptII/ptolemy/actor/lib/test/auto/PhaseUnwrap.xml (RunModel)" time="0.012" />
  <testcase classname="ptolemy.util.test.junit.AutoTests" name="[252] /home/travis/build/icyphy/ptII/ptolemy/actor/lib/test/auto/PoissonClock.xml (RunModel)" time="0.011" />
  <testcase classname="ptolemy.util.test.junit.AutoTests" name="[253] /home/travis/build/icyphy/ptII/ptolemy/actor/lib/test/auto/PoissonClock2.xml (RunModel)" time="0.008" />
  <testcase classname="ptolemy.util.test.junit.AutoTests" name="[254] /home/travis/build/icyphy/ptII/ptolemy/actor/lib/test/auto/PoissonClock3.xml (RunModel)" time="0.023" />
  <testcase classname="ptolemy.util.test.junit.AutoTests" name="[255] /home/travis/build/icyphy/ptII/ptolemy/actor/lib/test/auto/PubSubWithInitialTokens.xml (RunModel)" time="0.012" />
  <testcase classname="ptolemy.util.test.junit.AutoTests" name="[256] /home/travis/build/icyphy/ptII/ptolemy/actor/lib/test/auto/PubSubWithInitialTokens2.xml (RunModel)" time="0.016" />
  <testcase classname="ptolemy.util.test.junit.AutoTests" name="[257] /home/travis/build/icyphy/ptII/ptolemy/actor/lib/test/auto/PublisherClassNoParameter.xml (RunModel)" time="0.026" />
  <testcase classname="ptolemy.util.test.junit.AutoTests" name="[258] /home/travis/build/icyphy/ptII/ptolemy/actor/lib/test/auto/PublisherClassParameter.xml (RunModel)" time="0.021" />
  <testcase classname="ptolemy.util.test.junit.AutoTests" name="[259] /home/travis/build/icyphy/ptII/ptolemy/actor/lib/test/auto/PublisherNonStrictTest.xml (RunModel)" time="0.016" />
  <testcase classname="ptolemy.util.test.junit.AutoTests" name="[260] /home/travis/build/icyphy/ptII/ptolemy/actor/lib/test/auto/PublisherPort1.xml (RunModel)" time="0.019" />
  <testcase classname="ptolemy.util.test.junit.AutoTests" name="[261] /home/travis/build/icyphy/ptII/ptolemy/actor/lib/test/auto/PublisherPort2.xml (RunModel)" time="0.01" />
  <testcase classname="ptolemy.util.test.junit.AutoTests" name="[262] /home/travis/build/icyphy/ptII/ptolemy/actor/lib/test/auto/PublisherPort3.xml (RunModel)" time="0.01" />
  <testcase classname="ptolemy.util.test.junit.AutoTests" name="[263] /home/travis/build/icyphy/ptII/ptolemy/actor/lib/test/auto/PublisherPort4.xml (RunModel)" time="0.011" />
  <testcase classname="ptolemy.util.test.junit.AutoTests" name="[264] /home/travis/build/icyphy/ptII/ptolemy/actor/lib/test/auto/PublisherPort5.xml (RunModel)" time="0.013" />
  <testcase classname="ptolemy.util.test.junit.AutoTests" name="[265] /home/travis/build/icyphy/ptII/ptolemy/actor/lib/test/auto/PublisherPort5LookAlike.xml (RunModel)" time="0.018" />
  <testcase classname="ptolemy.util.test.junit.AutoTests" name="[266] /home/travis/build/icyphy/ptII/ptolemy/actor/lib/test/auto/PublisherPort6.xml (RunModel)" time="0.01" />
  <testcase classname="ptolemy.util.test.junit.AutoTests" name="[267] /home/travis/build/icyphy/ptII/ptolemy/actor/lib/test/auto/PublisherPort7.xml (RunModel)" time="0.023" />
  <testcase classname="ptolemy.util.test.junit.AutoTests" name="[268] /home/travis/build/icyphy/ptII/ptolemy/actor/lib/test/auto/PublisherPort8.xml (RunModel)" time="0.017" />
  <testcase classname="ptolemy.util.test.junit.AutoTests" name="[269] /home/travis/build/icyphy/ptII/ptolemy/actor/lib/test/auto/PublisherPortSubscriberChannelVariablesAOC2.xml (RunModel)" time="0.04" />
  <testcase classname="ptolemy.util.test.junit.AutoTests" name="[270] /home/travis/build/icyphy/ptII/ptolemy/actor/lib/test/auto/PublisherPortSubscriberOpaqueWidthInference.xml (RunModel)" time="0.014" />
  <testcase classname="ptolemy.util.test.junit.AutoTests" name="[271] /home/travis/build/icyphy/ptII/ptolemy/actor/lib/test/auto/PublisherPortSubscriberPortAdjacent.xml (RunModel)" time="0.017" />
  <testcase classname="ptolemy.util.test.junit.AutoTests" name="[272] /home/travis/build/icyphy/ptII/ptolemy/actor/lib/test/auto/PublisherPortSubscriberPortExpression.xml (RunModel)" time="0.016" />
  <testcase classname="ptolemy.util.test.junit.AutoTests" name="[273] /home/travis/build/icyphy/ptII/ptolemy/actor/lib/test/auto/PublisherPortSubscriberPortOpaqueD3Reverse.xml (RunModel)" time="0.022" />
  <testcase classname="ptolemy.util.test.junit.AutoTests" name="[274] /home/travis/build/icyphy/ptII/ptolemy/actor/lib/test/auto/PublisherPortSubscriberPortOpaqueWidthInference.xml (RunModel)" time="0.013" />
  <testcase classname="ptolemy.util.test.junit.AutoTests" name="[275] /home/travis/build/icyphy/ptII/ptolemy/actor/lib/test/auto/PublisherPortToplevelSubscriberPortAOC.xml (RunModel)" time="0.01" />
  <testcase classname="ptolemy.util.test.junit.AutoTests" name="[276] /home/travis/build/icyphy/ptII/ptolemy/actor/lib/test/auto/PublisherSubscriber.xml (RunModel)" time="0.013" />
  <testcase classname="ptolemy.util.test.junit.AutoTests" name="[277] /home/travis/build/icyphy/ptII/ptolemy/actor/lib/test/auto/PublisherSubscriber10.xml (RunModel)" time="0.02" />
  <testcase classname="ptolemy.util.test.junit.AutoTests" name="[278] /home/travis/build/icyphy/ptII/ptolemy/actor/lib/test/auto/PublisherSubscriber10InitialOutputs.xml (RunModel)" time="0.028" />
  <testcase classname="ptolemy.util.test.junit.AutoTests" name="[279] /home/travis/build/icyphy/ptII/ptolemy/actor/lib/test/auto/PublisherSubscriber11.xml (RunModel)" time="0.014" />
  <testcase classname="ptolemy.util.test.junit.AutoTests" name="[280] /home/travis/build/icyphy/ptII/ptolemy/actor/lib/test/auto/PublisherSubscriber12.xml (RunModel)" time="0.014" />
  <testcase classname="ptolemy.util.test.junit.AutoTests" name="[281] /home/travis/build/icyphy/ptII/ptolemy/actor/lib/test/auto/PublisherSubscriber13.xml (RunModel)" time="0.009" />
  <testcase classname="ptolemy.util.test.junit.AutoTests" name="[282] /home/travis/build/icyphy/ptII/ptolemy/actor/lib/test/auto/PublisherSubscriber14.xml (RunModel)" time="0.061" />
  <testcase classname="ptolemy.util.test.junit.AutoTests" name="[283] /home/travis/build/icyphy/ptII/ptolemy/actor/lib/test/auto/PublisherSubscriber2.xml (RunModel)" time="0.01" />
  <testcase classname="ptolemy.util.test.junit.AutoTests" name="[284] /home/travis/build/icyphy/ptII/ptolemy/actor/lib/test/auto/PublisherSubscriber3.xml (RunModel)" time="0.018" />
  <testcase classname="ptolemy.util.test.junit.AutoTests" name="[285] /home/travis/build/icyphy/ptII/ptolemy/actor/lib/test/auto/PublisherSubscriber4.xml (RunModel)" time="0.008" />
  <testcase classname="ptolemy.util.test.junit.AutoTests" name="[286] /home/travis/build/icyphy/ptII/ptolemy/actor/lib/test/auto/PublisherSubscriber5.xml (RunModel)" time="0.011" />
  <testcase classname="ptolemy.util.test.junit.AutoTests" name="[287] /home/travis/build/icyphy/ptII/ptolemy/actor/lib/test/auto/PublisherSubscriber6.xml (RunModel)" time="0.015" />
  <testcase classname="ptolemy.util.test.junit.AutoTests" name="[288] /home/travis/build/icyphy/ptII/ptolemy/actor/lib/test/auto/PublisherSubscriber7.xml (RunModel)" time="0.018" />
  <testcase classname="ptolemy.util.test.junit.AutoTests" name="[289] /home/travis/build/icyphy/ptII/ptolemy/actor/lib/test/auto/PublisherSubscriber8.xml (RunModel)" time="0.038" />
  <testcase classname="ptolemy.util.test.junit.AutoTests" name="[290] /home/travis/build/icyphy/ptII/ptolemy/actor/lib/test/auto/PublisherSubscriber9.xml (RunModel)" time="0.015" />
  <testcase classname="ptolemy.util.test.junit.AutoTests" name="[291] /home/travis/build/icyphy/ptII/ptolemy/actor/lib/test/auto/PublisherSubscriberAdjacent.xml (RunModel)" time="0.015" />
  <testcase classname="ptolemy.util.test.junit.AutoTests" name="[292] /home/travis/build/icyphy/ptII/ptolemy/actor/lib/test/auto/PublisherSubscriberChannelVariablesAOC2.xml (RunModel)" time="0.023" />
  <testcase classname="ptolemy.util.test.junit.AutoTests" name="[293] /home/travis/build/icyphy/ptII/ptolemy/actor/lib/test/auto/PublisherSubscriberD3.xml (RunModel)" time="0.011" />
  <testcase classname="ptolemy.util.test.junit.AutoTests" name="[294] /home/travis/build/icyphy/ptII/ptolemy/actor/lib/test/auto/PublisherSubscriberD3Reverse.xml (RunModel)" time="0.01" />
  <testcase classname="ptolemy.util.test.junit.AutoTests" name="[295] /home/travis/build/icyphy/ptII/ptolemy/actor/lib/test/auto/PublisherSubscriberExpression.xml (RunModel)" time="0.015" />
  <testcase classname="ptolemy.util.test.junit.AutoTests" name="[296] /home/travis/build/icyphy/ptII/ptolemy/actor/lib/test/auto/PublisherSubscriberOpaque.xml (RunModel)" time="0.013" />
  <testcase classname="ptolemy.util.test.junit.AutoTests" name="[297] /home/travis/build/icyphy/ptII/ptolemy/actor/lib/test/auto/PublisherSubscriberOpaqueD3.xml (RunModel)" time="0.02" />
  <testcase classname="ptolemy.util.test.junit.AutoTests" name="[298] /home/travis/build/icyphy/ptII/ptolemy/actor/lib/test/auto/PublisherSubscriberOpaqueD3Reverse.xml (RunModel)" time="0.019" />
  <testcase classname="ptolemy.util.test.junit.AutoTests" name="[299] /home/travis/build/icyphy/ptII/ptolemy/actor/lib/test/auto/PublisherSubscriberOpaqueWidthInference.xml (RunModel)" time="0.013" />
  <testcase classname="ptolemy.util.test.junit.AutoTests" name="[300] /home/travis/build/icyphy/ptII/ptolemy/actor/lib/test/auto/PublisherTestSubscriber.xml (RunModel)" time="0.016" />
  <testcase classname="ptolemy.util.test.junit.AutoTests" name="[301] /home/travis/build/icyphy/ptII/ptolemy/actor/lib/test/auto/PublisherToplevelSubscriberPortAOC.xml (RunModel)" time="0.011" />
  <testcase classname="ptolemy.util.test.junit.AutoTests" name="[302] /home/travis/build/icyphy/ptII/ptolemy/actor/lib/test/auto/PulseFiringLimitDE.xml (RunModel)" time="0.014" />
  <testcase classname="ptolemy.util.test.junit.AutoTests" name="[303] /home/travis/build/icyphy/ptII/ptolemy/actor/lib/test/auto/Ramp1.xml (RunModel)" time="0.006" />
  <testcase classname="ptolemy.util.test.junit.AutoTests" name="[304] /home/travis/build/icyphy/ptII/ptolemy/actor/lib/test/auto/RampFiringLimitDE.xml (RunModel)" time="0.009" />
  <testcase classname="ptolemy.util.test.junit.AutoTests" name="[305] /home/travis/build/icyphy/ptII/ptolemy/actor/lib/test/auto/RampFiringLimitSDF.xml (RunModel)" time="0.009" />
  <testcase classname="ptolemy.util.test.junit.AutoTests" name="[306] /home/travis/build/icyphy/ptII/ptolemy/actor/lib/test/auto/RandomInteger.xml (RunModel)" time="0.008" />
  <testcase classname="ptolemy.util.test.junit.AutoTests" name="[307] /home/travis/build/icyphy/ptII/ptolemy/actor/lib/test/auto/ReadFile1.xml (RunModel)" time="0.008" />
  <testcase classname="ptolemy.util.test.junit.AutoTests" name="[308] /home/travis/build/icyphy/ptII/ptolemy/actor/lib/test/auto/ReadFile2.xml (RunModel)" time="0.007" />
  <testcase classname="ptolemy.util.test.junit.AutoTests" name="[309] /home/travis/build/icyphy/ptII/ptolemy/actor/lib/test/auto/Reader.xml (RunModel)" time="0.011" />
  <testcase classname="ptolemy.util.test.junit.AutoTests" name="[310] /home/travis/build/icyphy/ptII/ptolemy/actor/lib/test/auto/RecordAssemblerDisplayNameTest.xml (RunModel)" time="3.49" />
  <testcase classname="ptolemy.util.test.junit.AutoTests" name="[311] /home/travis/build/icyphy/ptII/ptolemy/actor/lib/test/auto/RecordAssemblerTypeError.xml (RunModel)" time="0.045" />
  <testcase classname="ptolemy.util.test.junit.AutoTests" name="[312] /home/travis/build/icyphy/ptII/ptolemy/actor/lib/test/auto/RecordDisassember.xml (RunModel)" time="0.01" />
  <testcase classname="ptolemy.util.test.junit.AutoTests" name="[313] /home/travis/build/icyphy/ptII/ptolemy/actor/lib/test/auto/RecordDisassemberDisplayNameTest.xml (RunModel)" time="0.019" />
  <testcase classname="ptolemy.util.test.junit.AutoTests" name="[314] /home/travis/build/icyphy/ptII/ptolemy/actor/lib/test/auto/RecordDisassembler.xml (RunModel)" time="0.01" />
  <testcase classname="ptolemy.util.test.junit.AutoTests" name="[315] /home/travis/build/icyphy/ptII/ptolemy/actor/lib/test/auto/RecordDisassembler2.xml (RunModel)" time="0.01" />
  <testcase classname="ptolemy.util.test.junit.AutoTests" name="[316] /home/travis/build/icyphy/ptII/ptolemy/actor/lib/test/auto/RecordUpdater.xml (RunModel)" time="0.008" />
  <testcase classname="ptolemy.util.test.junit.AutoTests" name="[317] /home/travis/build/icyphy/ptII/ptolemy/actor/lib/test/auto/RecordUpdater2.xml (RunModel)" time="0.009" />
  <testcase classname="ptolemy.util.test.junit.AutoTests" name="[318] /home/travis/build/icyphy/ptII/ptolemy/actor/lib/test/auto/RecursiveLattice.xml (RunModel)" time="0.009" />
  <testcase classname="ptolemy.util.test.junit.AutoTests" name="[319] /home/travis/build/icyphy/ptII/ptolemy/actor/lib/test/auto/Router.xml (RunModel)" time="3.027" />
  <testcase classname="ptolemy.util.test.junit.AutoTests" name="[320] /home/travis/build/icyphy/ptII/ptolemy/actor/lib/test/auto/Router2.xml (RunModel)" time="3.03" />
  <testcase classname="ptolemy.util.test.junit.AutoTests" name="[321] /home/travis/build/icyphy/ptII/ptolemy/actor/lib/test/auto/RunningMaximum.xml (RunModel)" time="0.013" />
  <testcase classname="ptolemy.util.test.junit.AutoTests" name="[322] /home/travis/build/icyphy/ptII/ptolemy/actor/lib/test/auto/RunningMinimum.xml (RunModel)" time="0.028" />
  <testcase classname="ptolemy.util.test.junit.AutoTests" name="[323] /home/travis/build/icyphy/ptII/ptolemy/actor/lib/test/auto/Scale.xml (RunModel)" time="0.009" />
  <testcase classname="ptolemy.util.test.junit.AutoTests" name="[324] /home/travis/build/icyphy/ptII/ptolemy/actor/lib/test/auto/Scale2.xml (RunModel)" time="0.008" />
  <testcase classname="ptolemy.util.test.junit.AutoTests" name="[325] /home/travis/build/icyphy/ptII/ptolemy/actor/lib/test/auto/Scale3.xml (RunModel)" time="0.018" />
  <testcase classname="ptolemy.util.test.junit.AutoTests" name="[326] /home/travis/build/icyphy/ptII/ptolemy/actor/lib/test/auto/ScaleArray.xml (RunModel)" time="0.01" />
  <testcase classname="ptolemy.util.test.junit.AutoTests" name="[327] /home/travis/build/icyphy/ptII/ptolemy/actor/lib/test/auto/ScaleArray2.xml (RunModel)" time="0.007" />
  <testcase classname="ptolemy.util.test.junit.AutoTests" name="[328] /home/travis/build/icyphy/ptII/ptolemy/actor/lib/test/auto/ScaleMatrix.xml (RunModel)" time="0.154" />
  <testcase classname="ptolemy.util.test.junit.AutoTests" name="[329] /home/travis/build/icyphy/ptII/ptolemy/actor/lib/test/auto/Select.xml (RunModel)" time="0.012" />
  <testcase classname="ptolemy.util.test.junit.AutoTests" name="[330] /home/travis/build/icyphy/ptII/ptolemy/actor/lib/test/auto/Select2.xml (RunModel)" time="0.007" />
  <testcase classname="ptolemy.util.test.junit.AutoTests" name="[331] /home/travis/build/icyphy/ptII/ptolemy/actor/lib/test/auto/SequenceToArray2.xml (RunModel)" time="0.126" />
  <testcase classname="ptolemy.util.test.junit.AutoTests" name="[332] /home/travis/build/icyphy/ptII/ptolemy/actor/lib/test/auto/SequentialClock.xml (RunModel)" time="0.01" />
  <testcase classname="ptolemy.util.test.junit.AutoTests" name="[333] /home/travis/build/icyphy/ptII/ptolemy/actor/lib/test/auto/SetVariable.xml (RunModel)" time="0.012" />
  <testcase classname="ptolemy.util.test.junit.AutoTests" name="[334] /home/travis/build/icyphy/ptII/ptolemy/actor/lib/test/auto/SetVariable2.xml (RunModel)" time="0.011" />
  <testcase classname="ptolemy.util.test.junit.AutoTests" name="[335] /home/travis/build/icyphy/ptII/ptolemy/actor/lib/test/auto/SetVariable3.xml (RunModel)" time="0.017" />
  <testcase classname="ptolemy.util.test.junit.AutoTests" name="[336] /home/travis/build/icyphy/ptII/ptolemy/actor/lib/test/auto/SetVariable4.xml (RunModel)" time="0.023" />
  <testcase classname="ptolemy.util.test.junit.AutoTests" name="[337] /home/travis/build/icyphy/ptII/ptolemy/actor/lib/test/auto/SetVariable5.xml (RunModel)" time="0.034" />
  <testcase classname="ptolemy.util.test.junit.AutoTests" name="[338] /home/travis/build/icyphy/ptII/ptolemy/actor/lib/test/auto/Sinewave.xml (RunModel)" time="0.041" />
  <testcase classname="ptolemy.util.test.junit.AutoTests" name="[339] /home/travis/build/icyphy/ptII/ptolemy/actor/lib/test/auto/Sinewave2.xml (RunModel)" time="0.027" />
  <testcase classname="ptolemy.util.test.junit.AutoTests" name="[340] /home/travis/build/icyphy/ptII/ptolemy/actor/lib/test/auto/Sinewave3.xml (RunModel)" time="0.019" />
  <testcase classname="ptolemy.util.test.junit.AutoTests" name="[341] /home/travis/build/icyphy/ptII/ptolemy/actor/lib/test/auto/SingleEvent.xml (RunModel)" time="0.007" />
  <testcase classname="ptolemy.util.test.junit.AutoTests" name="[342] /home/travis/build/icyphy/ptII/ptolemy/actor/lib/test/auto/Sleep.xml (RunModel)" time="6.018" />
  <testcase classname="ptolemy.util.test.junit.AutoTests" name="[343] /home/travis/build/icyphy/ptII/ptolemy/actor/lib/test/auto/SleepMultipleFire.xml (RunModel)" time="1.015" />
  <testcase classname="ptolemy.util.test.junit.AutoTests" name="[344] /home/travis/build/icyphy/ptII/ptolemy/actor/lib/test/auto/StopDE.xml (RunModel)" time="0.02" />
  <testcase classname="ptolemy.util.test.junit.AutoTests" name="[345] /home/travis/build/icyphy/ptII/ptolemy/actor/lib/test/auto/StopSDF.xml (RunModel)" time="0.044" />
  <testcase classname="ptolemy.util.test.junit.AutoTests" name="[346] /home/travis/build/icyphy/ptII/ptolemy/actor/lib/test/auto/StringConstant.xml (RunModel)" time="0.032" />
  <testcase classname="ptolemy.util.test.junit.AutoTests" name="[347] /home/travis/build/icyphy/ptII/ptolemy/actor/lib/test/auto/SubscriberPortInitialValues1.xml (RunModel)" time="0.023" />
  <testcase classname="ptolemy.util.test.junit.AutoTests" name="[348] /home/travis/build/icyphy/ptII/ptolemy/actor/lib/test/auto/SubscriberPortInitialValues13.xml (RunModel)" time="0.055" />
  <testcase classname="ptolemy.util.test.junit.AutoTests" name="[349] /home/travis/build/icyphy/ptII/ptolemy/actor/lib/test/auto/SubscriberPortInitialValues14.xml (RunModel)" time="0.037" />
  <testcase classname="ptolemy.util.test.junit.AutoTests" name="[350] /home/travis/build/icyphy/ptII/ptolemy/actor/lib/test/auto/SubscriberPortInitialValues2.xml (RunModel)" time="0.041" />
  <testcase classname="ptolemy.util.test.junit.AutoTests" name="[351] /home/travis/build/icyphy/ptII/ptolemy/actor/lib/test/auto/SubscriberPortInitialValues3.xml (RunModel)" time="0.021" />
  <testcase classname="ptolemy.util.test.junit.AutoTests" name="[352] /home/travis/build/icyphy/ptII/ptolemy/actor/lib/test/auto/SubscriptionAggregator.xml (RunModel)" time="0.01" />
  <testcase classname="ptolemy.util.test.junit.AutoTests" name="[353] /home/travis/build/icyphy/ptII/ptolemy/actor/lib/test/auto/SubscriptionAggregator2.xml (RunModel)" time="0.01" />
  <testcase classname="ptolemy.util.test.junit.AutoTests" name="[354] /home/travis/build/icyphy/ptII/ptolemy/actor/lib/test/auto/SubscriptionAggregator3.xml (RunModel)" time="0.015" />
  <testcase classname="ptolemy.util.test.junit.AutoTests" name="[355] /home/travis/build/icyphy/ptII/ptolemy/actor/lib/test/auto/SubscriptionAggregatorMultiply.xml (RunModel)" time="0.013" />
  <testcase classname="ptolemy.util.test.junit.AutoTests" name="[356] /home/travis/build/icyphy/ptII/ptolemy/actor/lib/test/auto/SubscriptionAggregatorPortMultiply1.xml (RunModel)" time="0.013" />
  <testcase classname="ptolemy.util.test.junit.AutoTests" name="[357] /home/travis/build/icyphy/ptII/ptolemy/actor/lib/test/auto/Switch.xml (RunModel)" time="0.017" />
  <testcase classname="ptolemy.util.test.junit.AutoTests" name="[358] /home/travis/build/icyphy/ptII/ptolemy/actor/lib/test/auto/Switch2.xml (RunModel)" time="0.011" />
  <testcase classname="ptolemy.util.test.junit.AutoTests" name="[359] /home/travis/build/icyphy/ptII/ptolemy/actor/lib/test/auto/SwitchDE.xml (RunModel)" time="0.013" />
  <testcase classname="ptolemy.util.test.junit.AutoTests" name="[360] /home/travis/build/icyphy/ptII/ptolemy/actor/lib/test/auto/SynchronizerDE.xml (RunModel)" time="0.021" />
  <testcase classname="ptolemy.util.test.junit.AutoTests" name="[361] /home/travis/build/icyphy/ptII/ptolemy/actor/lib/test/auto/Test.xml (RunModel)" time="0.009" />
  <testcase classname="ptolemy.util.test.junit.AutoTests" name="[362] /home/travis/build/icyphy/ptII/ptolemy/actor/lib/test/auto/TestExceptionAttribute1.xml (RunModel)" time="0.006" />
  <testcase classname="ptolemy.util.test.junit.AutoTests" name="[363] /home/travis/build/icyphy/ptII/ptolemy/actor/lib/test/auto/TestExceptionAttribute2.xml (RunModel)" time="0.007" />
  <testcase classname="ptolemy.util.test.junit.AutoTests" name="[364] /home/travis/build/icyphy/ptII/ptolemy/actor/lib/test/auto/TestExceptionAttribute3.xml (RunModel)" time="0.01" />
  <testcase classname="ptolemy.util.test.junit.AutoTests" name="[365] /home/travis/build/icyphy/ptII/ptolemy/actor/lib/test/auto/TestExceptionAttribute4.xml (RunModel)" time="0.007" />
  <testcase classname="ptolemy.util.test.junit.AutoTests" name="[366] /home/travis/build/icyphy/ptII/ptolemy/actor/lib/test/auto/TestExceptionHandler1.xml (RunModel)" time="0.007" />
  <testcase classname="ptolemy.util.test.junit.AutoTests" name="[367] /home/travis/build/icyphy/ptII/ptolemy/actor/lib/test/auto/TestExceptionHandler2.xml (RunModel)" time="0.006" />
  <testcase classname="ptolemy.util.test.junit.AutoTests" name="[368] /home/travis/build/icyphy/ptII/ptolemy/actor/lib/test/auto/TestExceptionHandler3.xml (RunModel)" time="0.005" />
  <testcase classname="ptolemy.util.test.junit.AutoTests" name="[369] /home/travis/build/icyphy/ptII/ptolemy/actor/lib/test/auto/TestExceptionHandler4.xml (RunModel)" time="0.006" />
  <testcase classname="ptolemy.util.test.junit.AutoTests" name="[370] /home/travis/build/icyphy/ptII/ptolemy/actor/lib/test/auto/TestRequireCorrectOrder.xml (RunModel)" time="0.012" />
  <testcase classname="ptolemy.util.test.junit.AutoTests" name="[371] /home/travis/build/icyphy/ptII/ptolemy/actor/lib/test/auto/TestSimple.xml (RunModel)" time="0.009" />
  <testcase classname="ptolemy.util.test.junit.AutoTests" name="[372] /home/travis/build/icyphy/ptII/ptolemy/actor/lib/test/auto/ThrowModelError.xml (RunModel)" time="0.01" />
  <testcase classname="ptolemy.util.test.junit.AutoTests" name="[373] /home/travis/build/icyphy/ptII/ptolemy/actor/lib/test/auto/TimeDelayMicrosteps.xml (RunModel)" time="0.013" />
  <testcase classname="ptolemy.util.test.junit.AutoTests" name="[374] /home/travis/build/icyphy/ptII/ptolemy/actor/lib/test/auto/TimeDelayMicrosteps2.xml (RunModel)" time="0.014" />
  <testcase classname="ptolemy.util.test.junit.AutoTests" name="[375] /home/travis/build/icyphy/ptII/ptolemy/actor/lib/test/auto/TimeDelayMicrosteps3.xml (RunModel)" time="0.011" />
  <testcase classname="ptolemy.util.test.junit.AutoTests" name="[376] /home/travis/build/icyphy/ptII/ptolemy/actor/lib/test/auto/TimeDelayVariableMicrosteps.xml (RunModel)" time="0.011" />
  <testcase classname="ptolemy.util.test.junit.AutoTests" name="[377] /home/travis/build/icyphy/ptII/ptolemy/actor/lib/test/auto/TimeGap.xml (RunModel)" time="0.031" />
  <testcase classname="ptolemy.util.test.junit.AutoTests" name="[378] /home/travis/build/icyphy/ptII/ptolemy/actor/lib/test/auto/TimeGap2.xml (RunModel)" time="0.012" />
  <testcase classname="ptolemy.util.test.junit.AutoTests" name="[379] /home/travis/build/icyphy/ptII/ptolemy/actor/lib/test/auto/TimedSinewave.xml (RunModel)" time="0.044" />
  <testcase classname="ptolemy.util.test.junit.AutoTests" name="[380] /home/travis/build/icyphy/ptII/ptolemy/actor/lib/test/auto/TimedSinewavePhase.xml (RunModel)" time="0.029" />
  <testcase classname="ptolemy.util.test.junit.AutoTests" name="[381] /home/travis/build/icyphy/ptII/ptolemy/actor/lib/test/auto/Timer.xml (RunModel)" time="0.031" />
  <testcase classname="ptolemy.util.test.junit.AutoTests" name="[382] /home/travis/build/icyphy/ptII/ptolemy/actor/lib/test/auto/TriangularDistTestModel.xml (RunModel)" time="0.021" />
  <testcase classname="ptolemy.util.test.junit.AutoTests" name="[383] /home/travis/build/icyphy/ptII/ptolemy/actor/lib/test/auto/TrigFunction.xml (RunModel)" time="0.009" />
  <testcase classname="ptolemy.util.test.junit.AutoTests" name="[384] /home/travis/build/icyphy/ptII/ptolemy/actor/lib/test/auto/TrigFunctionDE.xml (RunModel)" time="0.011" />
  <testcase classname="ptolemy.util.test.junit.AutoTests" name="[385] /home/travis/build/icyphy/ptII/ptolemy/actor/lib/test/auto/TrigFunctionInverse.xml (RunModel)" time="0.008" />
  <testcase classname="ptolemy.util.test.junit.AutoTests" name="[386] /home/travis/build/icyphy/ptII/ptolemy/actor/lib/test/auto/TrigFunctionTan.xml (RunModel)" time="0.006" />
  <testcase classname="ptolemy.util.test.junit.AutoTests" name="[387] /home/travis/build/icyphy/ptII/ptolemy/actor/lib/test/auto/TriggeredClock.xml (RunModel)" time="0.007" />
  <testcase classname="ptolemy.util.test.junit.AutoTests" name="[388] /home/travis/build/icyphy/ptII/ptolemy/actor/lib/test/auto/URLDirectoryReader.xml (RunModel)" time="0.102" />
  <testcase classname="ptolemy.util.test.junit.AutoTests" name="[389] /home/travis/build/icyphy/ptII/ptolemy/actor/lib/test/auto/URLDirectoryReader3.xml (RunModel)" time="1.795" />
  <testcase classname="ptolemy.util.test.junit.AutoTests" name="[390] /home/travis/build/icyphy/ptII/ptolemy/actor/lib/test/auto/UnaryMathFunction.xml (RunModel)" time="0.028" />
  <testcase classname="ptolemy.util.test.junit.AutoTests" name="[391] /home/travis/build/icyphy/ptII/ptolemy/actor/lib/test/auto/Uniform.xml (RunModel)" time="0.02" />
  <testcase classname="ptolemy.util.test.junit.AutoTests" name="[392] /home/travis/build/icyphy/ptII/ptolemy/actor/lib/test/auto/UnionDisassemblerTest.xml (RunModel)" time="0.011" />
  <testcase classname="ptolemy.util.test.junit.AutoTests" name="[393] /home/travis/build/icyphy/ptII/ptolemy/actor/lib/test/auto/UtilityFunctions.xml (RunModel)" time="0.008" />
  <testcase classname="ptolemy.util.test.junit.AutoTests" name="[394] /home/travis/build/icyphy/ptII/ptolemy/actor/lib/test/auto/VariableSleep.xml (RunModel)" time="0.511" />
  <testcase classname="ptolemy.util.test.junit.AutoTests" name="[395] /home/travis/build/icyphy/ptII/ptolemy/actor/lib/test/auto/VectorAssemblerDisassemblerCT.xml (RunModel)" time="0.106" />
  <testcase classname="ptolemy.util.test.junit.AutoTests" name="[396] /home/travis/build/icyphy/ptII/ptolemy/actor/lib/test/auto/VectorAssemblerDisassemblerDE.xml (RunModel)" time="0.014" />
  <testcase classname="ptolemy.util.test.junit.AutoTests" name="[397] /home/travis/build/icyphy/ptII/ptolemy/actor/lib/test/auto/VectorAssemblerDisassemblerSDF.xml (RunModel)" time="0.012" />
  <testcase classname="ptolemy.util.test.junit.AutoTests" name="[398] /home/travis/build/icyphy/ptII/ptolemy/actor/lib/test/auto/WallClockTime.xml (RunModel)" time="1.012" />
  <testcase classname="ptolemy.util.test.junit.AutoTests" name="[399] /home/travis/build/icyphy/ptII/ptolemy/actor/lib/test/auto/WidthTestWithSubscriberPublisher.xml (RunModel)" time="0.037" />
  <testcase classname="ptolemy.util.test.junit.AutoTests" name="[400] /home/travis/build/icyphy/ptII/ptolemy/actor/lib/test/auto/WidthTestWithSubscriberPublisher2.xml (RunModel)" time="0.017" />
  <testcase classname="ptolemy.util.test.junit.AutoTests" name="[401] /home/travis/build/icyphy/ptII/ptolemy/actor/lib/test/auto/WidthTestWithSubscriberPublisher3.xml (RunModel)" time="0.009" />
  <testcase classname="ptolemy.util.test.junit.AutoTests" name="[402] /home/travis/build/icyphy/ptII/ptolemy/actor/lib/test/auto/Writer.xml (RunModel)" time="0.007" />
  <testcase classname="ptolemy.util.test.junit.AutoTests" name="[403] /home/travis/build/icyphy/ptII/ptolemy/actor/lib/test/auto/array.xml (RunModel)" time="0.008" />
  <testcase classname="ptolemy.util.test.junit.AutoTests" name="[404] /home/travis/build/icyphy/ptII/ptolemy/actor/lib/test/auto/array2.xml (RunModel)" time="0.01" />
  <testcase classname="ptolemy.util.test.junit.AutoTests" name="[405] /home/travis/build/icyphy/ptII/ptolemy/actor/lib/test/auto/arrayType.xml (RunModel)" time="0.01" />
  <testcase classname="ptolemy.util.test.junit.AutoTests" name="[406] /home/travis/build/icyphy/ptII/ptolemy/actor/lib/test/auto/arrayType10.xml (RunModel)" time="0.007" />
  <testcase classname="ptolemy.util.test.junit.AutoTests" name="[407] /home/travis/build/icyphy/ptII/ptolemy/actor/lib/test/auto/arrayType11.xml (RunModel)" time="0.007" />
  <testcase classname="ptolemy.util.test.junit.AutoTests" name="[408] /home/travis/build/icyphy/ptII/ptolemy/actor/lib/test/auto/arrayType12.xml (RunModel)" time="0.007" />
  <testcase classname="ptolemy.util.test.junit.AutoTests" name="[409] /home/travis/build/icyphy/ptII/ptolemy/actor/lib/test/auto/arrayType13.xml (RunModel)" time="0.008" />
  <testcase classname="ptolemy.util.test.junit.AutoTests" name="[410] /home/travis/build/icyphy/ptII/ptolemy/actor/lib/test/auto/arrayType14.xml (RunModel)" time="0.008" />
  <testcase classname="ptolemy.util.test.junit.AutoTests" name="[411] /home/travis/build/icyphy/ptII/ptolemy/actor/lib/test/auto/arrayType15.xml (RunModel)" time="0.009" />
  <testcase classname="ptolemy.util.test.junit.AutoTests" name="[412] /home/travis/build/icyphy/ptII/ptolemy/actor/lib/test/auto/arrayType16.xml (RunModel)" time="0.008" />
  <testcase classname="ptolemy.util.test.junit.AutoTests" name="[413] /home/travis/build/icyphy/ptII/ptolemy/actor/lib/test/auto/arrayType17.xml (RunModel)" time="0.007" />
  <testcase classname="ptolemy.util.test.junit.AutoTests" name="[414] /home/travis/build/icyphy/ptII/ptolemy/actor/lib/test/auto/arrayType18.xml (RunModel)" time="0.008" />
  <testcase classname="ptolemy.util.test.junit.AutoTests" name="[415] /home/travis/build/icyphy/ptII/ptolemy/actor/lib/test/auto/arrayType19.xml (RunModel)" time="0.006" />
  <testcase classname="ptolemy.util.test.junit.AutoTests" name="[416] /home/travis/build/icyphy/ptII/ptolemy/actor/lib/test/auto/arrayType2.xml (RunModel)" time="0.008" />
  <testcase classname="ptolemy.util.test.junit.AutoTests" name="[417] /home/travis/build/icyphy/ptII/ptolemy/actor/lib/test/auto/arrayType20.xml (RunModel)" time="0.008" />
  <testcase classname="ptolemy.util.test.junit.AutoTests" name="[418] /home/travis/build/icyphy/ptII/ptolemy/actor/lib/test/auto/arrayType21.xml (RunModel)" time="0.007" />
  <testcase classname="ptolemy.util.test.junit.AutoTests" name="[419] /home/travis/build/icyphy/ptII/ptolemy/actor/lib/test/auto/arrayType22.xml (RunModel)" time="0.007" />
  <testcase classname="ptolemy.util.test.junit.AutoTests" name="[420] /home/travis/build/icyphy/ptII/ptolemy/actor/lib/test/auto/arrayType23.xml (RunModel)" time="0.007" />
  <testcase classname="ptolemy.util.test.junit.AutoTests" name="[421] /home/travis/build/icyphy/ptII/ptolemy/actor/lib/test/auto/arrayType24.xml (RunModel)" time="0.02" />
  <testcase classname="ptolemy.util.test.junit.AutoTests" name="[422] /home/travis/build/icyphy/ptII/ptolemy/actor/lib/test/auto/arrayType25.xml (RunModel)" time="0.011" />
  <testcase classname="ptolemy.util.test.junit.AutoTests" name="[423] /home/travis/build/icyphy/ptII/ptolemy/actor/lib/test/auto/arrayType26.xml (RunModel)" time="0.013" />
  <testcase classname="ptolemy.util.test.junit.AutoTests" name="[424] /home/travis/build/icyphy/ptII/ptolemy/actor/lib/test/auto/arrayType27.xml (RunModel)" time="0.01" />
  <testcase classname="ptolemy.util.test.junit.AutoTests" name="[425] /home/travis/build/icyphy/ptII/ptolemy/actor/lib/test/auto/arrayType28.xml (RunModel)" time="0.011" />
  <testcase classname="ptolemy.util.test.junit.AutoTests" name="[426] /home/travis/build/icyphy/ptII/ptolemy/actor/lib/test/auto/arrayType3.xml (RunModel)" time="0.01" />
  <testcase classname="ptolemy.util.test.junit.AutoTests" name="[427] /home/travis/build/icyphy/ptII/ptolemy/actor/lib/test/auto/arrayType4.xml (RunModel)" time="0.008" />
  <testcase classname="ptolemy.util.test.junit.AutoTests" name="[428] /home/travis/build/icyphy/ptII/ptolemy/actor/lib/test/auto/arrayType5.xml (RunModel)" time="0.022" />
  <testcase classname="ptolemy.util.test.junit.AutoTests" name="[429] /home/travis/build/icyphy/ptII/ptolemy/actor/lib/test/auto/arrayType6.xml (RunModel)" time="0.008" />
  <testcase classname="ptolemy.util.test.junit.AutoTests" name="[430] /home/travis/build/icyphy/ptII/ptolemy/actor/lib/test/auto/arrayType7.xml (RunModel)" time="0.008" />
  <testcase classname="ptolemy.util.test.junit.AutoTests" name="[431] /home/travis/build/icyphy/ptII/ptolemy/actor/lib/test/auto/arrayType8.xml (RunModel)" time="0.008" />
  <testcase classname="ptolemy.util.test.junit.AutoTests" name="[432] /home/travis/build/icyphy/ptII/ptolemy/actor/lib/test/auto/arrayType9.xml (RunModel)" time="0.009" />
  <testcase classname="ptolemy.util.test.junit.AutoTests" name="[433] /home/travis/build/icyphy/ptII/ptolemy/actor/lib/test/auto/cast.xml (RunModel)" time="0.007" />
  <testcase classname="ptolemy.util.test.junit.AutoTests" name="[434] /home/travis/build/icyphy/ptII/ptolemy/actor/lib/test/auto/compositeMultiPort.xml (RunModel)" time="0.016" />
  <testcase classname="ptolemy.util.test.junit.AutoTests" name="[435] /home/travis/build/icyphy/ptII/ptolemy/actor/lib/test/auto/expressionCastInference.xml (RunModel)" time="0.009" />
  <testcase classname="ptolemy.util.test.junit.AutoTests" name="[436] /home/travis/build/icyphy/ptII/ptolemy/actor/lib/test/auto/expressionCastInference2.xml (RunModel)" time="0.015" />
  <testcase classname="ptolemy.util.test.junit.AutoTests" name="[437] /home/travis/build/icyphy/ptII/ptolemy/actor/lib/test/auto/expressionInference.xml (RunModel)" time="0.008" />
  <testcase classname="ptolemy.util.test.junit.AutoTests" name="[438] /home/travis/build/icyphy/ptII/ptolemy/actor/lib/test/auto/expression_bug.xml (RunModel)" time="0.007" />
  <testcase classname="ptolemy.util.test.junit.AutoTests" name="[439] /home/travis/build/icyphy/ptII/ptolemy/actor/lib/test/auto/factorial.xml (RunModel)" time="0.051" />
  <testcase classname="ptolemy.util.test.junit.AutoTests" name="[440] /home/travis/build/icyphy/ptII/ptolemy/actor/lib/test/auto/filterTest1.xml (RunModel)" time="0.012" />
  <testcase classname="ptolemy.util.test.junit.AutoTests" name="[441] /home/travis/build/icyphy/ptII/ptolemy/actor/lib/test/auto/funcApplyInConst.xml (RunModel)" time="0.006" />
  <testcase classname="ptolemy.util.test.junit.AutoTests" name="[442] /home/travis/build/icyphy/ptII/ptolemy/actor/lib/test/auto/funcApplyInExpr.xml (RunModel)" time="0.006" />
  <testcase classname="ptolemy.util.test.junit.AutoTests" name="[443] /home/travis/build/icyphy/ptII/ptolemy/actor/lib/test/auto/function.xml (RunModel)" time="0.01" />
  <testcase classname="ptolemy.util.test.junit.AutoTests" name="[444] /home/travis/build/icyphy/ptII/ptolemy/actor/lib/test/auto/function2.xml (RunModel)" time="0.008" />
  <testcase classname="ptolemy.util.test.junit.AutoTests" name="[445] /home/travis/build/icyphy/ptII/ptolemy/actor/lib/test/auto/function3.xml (RunModel)" time="0.006" />
  <testcase classname="ptolemy.util.test.junit.AutoTests" name="[446] /home/travis/build/icyphy/ptII/ptolemy/actor/lib/test/auto/functionClosureTest1.xml (RunModel)" time="0.01" />
  <testcase classname="ptolemy.util.test.junit.AutoTests" name="[447] /home/travis/build/icyphy/ptII/ptolemy/actor/lib/test/auto/functionClosureTest2.xml (RunModel)" time="0.006" />
  <testcase classname="ptolemy.util.test.junit.AutoTests" name="[448] /home/travis/build/icyphy/ptII/ptolemy/actor/lib/test/auto/functionClosureTest3.xml (RunModel)" time="0.01" />
  <testcase classname="ptolemy.util.test.junit.AutoTests" name="[449] /home/travis/build/icyphy/ptII/ptolemy/actor/lib/test/auto/functionClosureTest4.xml (RunModel)" time="0.016" />
  <testcase classname="ptolemy.util.test.junit.AutoTests" name="[450] /home/travis/build/icyphy/ptII/ptolemy/actor/lib/test/auto/functionClosureTest5.xml (RunModel)" time="0.011" />
  <testcase classname="ptolemy.util.test.junit.AutoTests" name="[451] /home/travis/build/icyphy/ptII/ptolemy/actor/lib/test/auto/functionClosureTest6.xml (RunModel)" time="0.01" />
  <testcase classname="ptolemy.util.test.junit.AutoTests" name="[452] /home/travis/build/icyphy/ptII/ptolemy/actor/lib/test/auto/functionsOnArcs.xml (RunModel)" time="0.009" />
  <testcase classname="ptolemy.util.test.junit.AutoTests" name="[453] /home/travis/build/icyphy/ptII/ptolemy/actor/lib/test/auto/functionsOnArcsHOF.xml (RunModel)" time="0.012" />
  <testcase classname="ptolemy.util.test.junit.AutoTests" name="[454] /home/travis/build/icyphy/ptII/ptolemy/actor/lib/test/auto/logic.xml (RunModel)" time="0.016" />
  <testcase classname="ptolemy.util.test.junit.AutoTests" name="[455] /home/travis/build/icyphy/ptII/ptolemy/actor/lib/test/auto/matrixType.xml (RunModel)" time="0.007" />
  <testcase classname="ptolemy.util.test.junit.AutoTests" name="[456] /home/travis/build/icyphy/ptII/ptolemy/actor/lib/test/auto/matrixType10.xml (RunModel)" time="0.008" />
  <testcase classname="ptolemy.util.test.junit.AutoTests" name="[457] /home/travis/build/icyphy/ptII/ptolemy/actor/lib/test/auto/matrixType11.xml (RunModel)" time="0.008" />
  <testcase classname="ptolemy.util.test.junit.AutoTests" name="[458] /home/travis/build/icyphy/ptII/ptolemy/actor/lib/test/auto/matrixType12.xml (RunModel)" time="0.011" />
  <testcase classname="ptolemy.util.test.junit.AutoTests" name="[459] /home/travis/build/icyphy/ptII/ptolemy/actor/lib/test/auto/matrixType13.xml (RunModel)" time="0.007" />
  <testcase classname="ptolemy.util.test.junit.AutoTests" name="[460] /home/travis/build/icyphy/ptII/ptolemy/actor/lib/test/auto/matrixType14.xml (RunModel)" time="0.01" />
  <testcase classname="ptolemy.util.test.junit.AutoTests" name="[461] /home/travis/build/icyphy/ptII/ptolemy/actor/lib/test/auto/matrixType2.xml (RunModel)" time="0.009" />
  <testcase classname="ptolemy.util.test.junit.AutoTests" name="[462] /home/travis/build/icyphy/ptII/ptolemy/actor/lib/test/auto/matrixType3.xml (RunModel)" time="0.01" />
  <testcase classname="ptolemy.util.test.junit.AutoTests" name="[463] /home/travis/build/icyphy/ptII/ptolemy/actor/lib/test/auto/matrixType4.xml (RunModel)" time="0.008" />
  <testcase classname="ptolemy.util.test.junit.AutoTests" name="[464] /home/travis/build/icyphy/ptII/ptolemy/actor/lib/test/auto/matrixType5.xml (RunModel)" time="0.007" />
  <testcase classname="ptolemy.util.test.junit.AutoTests" name="[465] /home/travis/build/icyphy/ptII/ptolemy/actor/lib/test/auto/matrixType6.xml (RunModel)" time="0.008" />
  <testcase classname="ptolemy.util.test.junit.AutoTests" name="[466] /home/travis/build/icyphy/ptII/ptolemy/actor/lib/test/auto/matrixType7.xml (RunModel)" time="0.009" />
  <testcase classname="ptolemy.util.test.junit.AutoTests" name="[467] /home/travis/build/icyphy/ptII/ptolemy/actor/lib/test/auto/matrixType8.xml (RunModel)" time="0.008" />
  <testcase classname="ptolemy.util.test.junit.AutoTests" name="[468] /home/travis/build/icyphy/ptII/ptolemy/actor/lib/test/auto/matrixType9.xml (RunModel)" time="0.008" />
  <testcase classname="ptolemy.util.test.junit.AutoTests" name="[469] /home/travis/build/icyphy/ptII/ptolemy/actor/lib/test/auto/paraFunctest.xml (RunModel)" time="0.007" />
  <testcase classname="ptolemy.util.test.junit.AutoTests" name="[470] /home/travis/build/icyphy/ptII/ptolemy/actor/lib/test/auto/paraFunctest2.xml (RunModel)" time="0.013" />
  <testcase classname="ptolemy.util.test.junit.AutoTests" name="[471] /home/travis/build/icyphy/ptII/ptolemy/actor/lib/test/auto/parameterPassing.xml (RunModel)" time="0.007" />
  <testcase classname="ptolemy.util.test.junit.AutoTests" name="[472] /home/travis/build/icyphy/ptII/ptolemy/actor/lib/test/auto/record.xml (RunModel)" time="0.008" />
  <testcase classname="ptolemy.util.test.junit.AutoTests" name="[473] /home/travis/build/icyphy/ptII/ptolemy/actor/lib/test/auto/sizedarray1.xml (RunModel)" time="0.008" />
  <testcase classname="ptolemy.util.test.junit.AutoTests" name="[474] /home/travis/build/icyphy/ptII/ptolemy/actor/lib/test/auto/sizedarray2.xml (RunModel)" time="0.008" />
  <testcase classname="ptolemy.util.test.junit.AutoTests" name="[475] /home/travis/build/icyphy/ptII/ptolemy/actor/lib/test/auto/twoPublishers.xml (RunModel)" time="0.021" />
  <system-out><![CDATA[/home/travis/build/icyphy/ptII/ptolemy/actor/lib/test/AbsoluteValue.tcl
testDefs.tcl: setting time out to 9000 seconds at Fri Mar 13 07:17:51 UTC 2020
84 ms. Memory: 129024K Free: 93128K (72%)
5 ms. Memory: 129024K Free: 91080K (71%)
5 ms. Memory: 129024K Free: 90056K (70%)
4 ms. Memory: 129024K Free: 89542K (69%)
/home/travis/build/icyphy/ptII/ptolemy/actor/lib/test/AddSubtract.tcl
9 ms. Memory: 129024K Free: 87479K (68%)
6 ms. Memory: 129024K Free: 86984K (67%)
5 ms. Memory: 129024K Free: 85960K (67%)
8 ms. Memory: 129024K Free: 85431K (66%)
43 ms. Memory: 129024K Free: 82374K (64%)
5 ms. Memory: 129024K Free: 81335K (63%)
/home/travis/build/icyphy/ptII/ptolemy/actor/lib/test/Average.tcl
17 ms. Memory: 129024K Free: 79816K (62%)
7 ms. Memory: 129024K Free: 78792K (61%)
/home/travis/build/icyphy/ptII/ptolemy/actor/lib/test/Bernoulli.tcl
12 ms. Memory: 129024K Free: 77247K (60%)
2 ms. Memory: 129024K Free: 76744K (59%)
/home/travis/build/icyphy/ptII/ptolemy/actor/lib/test/Clock.tcl
preinitializing
resolving types
initializing
executing number 1
wrapping up
idle
29 ms. Memory: 129024K Free: 74182K (57%)
Completed execution with 5 iterations
preinitializing
resolving types
initializing
executing number 1
wrapping up
idle
10 ms. Memory: 129024K Free: 73143K (57%)
Completed execution with 5 iterations
preinitializing
resolving types
initializing
executing number 1
wrapping up
idle
13 ms. Memory: 129024K Free: 72648K (56%)
Completed execution with 5 iterations
/home/travis/build/icyphy/ptII/ptolemy/actor/lib/test/Commutator.tcl
14 ms. Memory: 129024K Free: 70600K (55%)
16 ms. Memory: 129024K Free: 69576K (54%)
22 ms. Memory: 129024K Free: 63927K (50%)
/home/travis/build/icyphy/ptII/ptolemy/actor/lib/test/Const.tcl
7 ms. Memory: 129024K Free: 62408K (48%)
7 ms. Memory: 129024K Free: 61894K (48%)
9 ms. Memory: 129024K Free: 61384K (48%)
2 ms. Memory: 129024K Free: 60870K (47%)
8 ms. Memory: 129024K Free: 60360K (47%)
18 ms. Memory: 129024K Free: 58312K (45%)
14 ms. Memory: 129024K Free: 57288K (44%)
10 ms. Memory: 129024K Free: 56759K (44%)
/home/travis/build/icyphy/ptII/ptolemy/actor/lib/test/CurrentTime.tcl
preinitializing
resolving types
initializing
executing number 1
wrapping up
idle
15 ms. Memory: 129024K Free: 54711K (42%)
Completed execution with 11 iterations
/home/travis/build/icyphy/ptII/ptolemy/actor/lib/test/DB.tcl
4 ms. Memory: 129024K Free: 52678K (41%)
2 ms. Memory: 129024K Free: 52168K (40%)
2 ms. Memory: 129024K Free: 52168K (40%)
/home/travis/build/icyphy/ptII/ptolemy/actor/lib/test/DiscreteRandomSource.tcl
preinitializing
resolving types
initializing
executing number 1
wrapping up
idle
4 ms. Memory: 129024K Free: 50615K (39%)
Completed execution with 4 iterations
preinitializing
resolving types
initializing
executing number 1
wrapping up
idle
2 ms. Memory: 129024K Free: 50120K (39%)
Completed execution with 4 iterations
preinitializing
resolving types
initializing
executing number 1
wrapping up
idle
9 ms. Memory: 129024K Free: 49575K (38%)
Completed execution with 4 iterations
preinitializing
resolving types
initializing
executing number 1
wrapping up
idle
6 ms. Memory: 129024K Free: 49096K (38%)
Completed execution with 4 iterations
preinitializing
resolving types
initializing
executing number 1
wrapping up
idle
6 ms. Memory: 129024K Free: 48582K (38%)
Completed execution with 4 iterations
/home/travis/build/icyphy/ptII/ptolemy/actor/lib/test/Distributor.tcl
37 ms. Memory: 129024K Free: 113540K (88%)
3 ms. Memory: 129024K Free: 112612K (87%)
StreamChangeRequest.changeExecuted(): <deleteEntity name="rec2"/> succeeded
StreamChangeRequest.changeExecuted(): <deleteRelation name="r2"/> succeeded
StreamChangeRequest.changeExecuted(): Record firings per iteration succeeded
4 ms. Memory: 129024K Free: 110024K (85%)
/home/travis/build/icyphy/ptII/ptolemy/actor/lib/test/Exit.tcl
Exit.tcl: this will print a message about Manager.exitAfterWrapup, which can be ignored.
3 ms. Memory: 129024K Free: 106923K (83%)
/home/travis/build/icyphy/ptII/ptolemy/actor/lib/test/Expression.tcl
14 ms. Memory: 129024K Free: 103435K (80%)
3 ms. Memory: 129024K Free: 102855K (80%)
2 ms. Memory: 129024K Free: 102379K (79%)
preinitializing
resolving types
initializing
executing number 1
wrapping up
idle
9 ms. Memory: 129024K Free: 100778K (78%)
Completed execution with 6 iterations
4 ms. Memory: 129024K Free: 99784K (77%)
5 ms. Memory: 129024K Free: 99300K (77%)
8 ms. Memory: 129024K Free: 97721K (76%)
10 ms. Memory: 129024K Free: 96711K (75%)
7 ms. Memory: 129024K Free: 95673K (74%)
/home/travis/build/icyphy/ptII/ptolemy/actor/lib/test/Gaussian.tcl
5 ms. Memory: 129024K Free: 93640K (73%)
sleeping 1 seconds: .....................................................................................................................................................................................................................................................................................................................................................................................................................................................................................................................................................................................................................................................................................................................................................................................................................................................................................................................................................................................................................................................................................................................................................................................................................................................................................................................................................................................................................................................................................................................................................................................................................................................................................................................................................................................................................................................................................................................................................................................................................................................................................................................................................................................................................................................................................................................................................................................................................................................................................................................................................................................................................................................................................................................................................................................................................................................................................................................................................................................................................................................................................................................................................................................................................................................................................................................................................................................................................................................................................................................................................................................................................................................................................................................................................................................................................................................................................................................................................................................................................................................................................................................................................................................................................................................................................................................................................................................................................................................................................................................................................................................................................................................................................................................................................................................................................................................................................................................................................................................................................................................................................................................................................................................................................................................................................................................................................................................................................................................................................................................................................................................................................................................................................................................................................................................................................................................................................................................................................................................................................................................................................................................................................................................................................................................................................................................................................................................................................................................................................................................................................................................................................................................................................................................................................................................................................................................................................................................................................................................................................................................................................................................................................................................................................................................................................................................................................................................................................................................................................................................................................................................................................................................................................................................................................................................................................................................................................................................................................................................................................................................................................................................................................................................................................................................................................................................................................................................................................................................................................................................................................................................................................................................................................................................................................................................................................................................................................................................................................................................................................................................................................................................................................................................................................................................................................................................................................................................................................................................................................................................................................................................................................................................................................................................................................................................................................................................................................................................................................................................................................................................................................................................................................................................................................................................................................................................................................................................................................................................................................................................................................................................................................................................................................................................................................................................................................................................................................................................................................................................................................................................................................................................................................................................................................................................................................................................................................................................................................................................................................................................................................................................................................................................................................................................................................................................................................................................................................................................................................................................................................................................................................................................................................................................................................................................................................................................................................................................................................................................................................................................................................................................................................................................................................................................................................................................................................................................................................................................................................................................................................................................................................................................................................................................................................................................................................................................................................................................................................................................................................................................................................................................................................................................................................................................................................................................................................................................................................................................................................................................................................................................................................................................................................................................................................................................................................................................................................................................................................................................................................................................................................................................................................................................................................................................................................................................................................................................................................................................................................................................................................................................................................................................................................................................................................................................................................................................................................................................................................................................................................................................................................................................................................................................................................................................................................................................................................................................................................................................................................................................................................................................................................................................................................................................................................................................................................................................................................................................................................................................................................................................................................................................................................................................................................................................................................................................................................................................................................................................................................................................................................................................................................................................................................................................................................................................................................................................................................................................................................................................................................................................................................................................................................................................................................................................................................................................................................................................................................................................................................................................................................................................................................................................................................................................................................................................................................................................................................................................................................................................................................................................................................................................................................................................................................................................................................................................................................................................................................................................................................................................................................................................................................................................................................................................................................................................................................................................................................................................................................................................................................................................................................................................................................................................................................................................................................................................................................................................................................................................................................................................................................................................................................................................................................................................................................................................................................................................................................................................................................................................................................................................................................................................................................................................................................................................................................................................................................................................................................................................................................................................................................................................................................................................................................................................................................................................................................................................................................................................................................................................................................................................................................................................................................................................................................................................................................................................................................................................................................................................................................................................................................................................................................................................................................................................................................................................................................................................................................................................................................................................................................................................................................................................................................................................................................................................................................................................................................................................................................................................................................................................................................................................................................................................................................................................................................................................................................................................................................................................................................................................................................................................................................................................................................................................................................................................................................................................................................................................................................................................................................................................................................................................................................................................................................................................................................................................................................................................................................................................................................................................................................................................................................................................................................................................................................................................................................................................................................................................................................................................................................................................................................................................................................................................................................................................................................................................................................................................................................................................................................................................................................................................................................................................................................................................................................................................................................................................................................................................................................................................................................................................................................................................................................................................................................................................................................................................................................................................................................................................................................................................................................................................................................................................................................................................................................................................................................................................................................................................................................................................................................................................................................................................................................................................................................................................................................................................................................................................................................................................................................................................................................................................................................................................................................................................................................................................................................................................................................................................................................................................................................................................................................................................................................................................................................................................................................................................................................................................................................................................................................................................................................................................................................................................................................................................................................................................................................................................................................................................................................................................................................................................................................................................................................................................................................................................................................................................................................................................................................................................................................................................................................................................................................................................................................................................................................................................................................................................................................................................................................................................................................................................................................................................................................................................................................................................................................................................................................................................................................................................................................................................................................................................................................................................................................................................................................................................................................................................................................................................................................................................................................................................................................................................................................................................................................................................................................................................................................................................................................................................................................................................................................................................................................................................................................................................................................................................................................................................................................................................................................................................................................................................................................................................................................................................................................................................................................................................................................................................................................................................................................................................................................................................................................................................................................................................................................................................................................................................................................................................................................................................................................................................................................................................................................................................................................................................................................................................................................................................................................................................................................................................................................................................................................................................................................................................................................................................................................................................................................................................................................................................................................................................................................................................................................................................................................................................................................................................................................................................................................................................................................................................................................................................................................................................................................................................................................................................................................................................................................................................................................................................................................................................................................................................................................................................................................................................................................................................................................................................................................................................................................................................................................................................................................................................................................................................................................................................................................................................................................................................................................................................................................................................................................................................................................................................................................................................................................................................................................................................................................................................................................................................................................................................................................................................................................................................................................................................................................................................................................................................................................................................................................................................................................................................................................................................................................................................................................................................................................................................................................................................................................................................................................................................................................................................................................................................................................................................................................................................................................................................................................................................................................................................................................................................................................................................................................................................................................................................................................................................................................................................................................................................................................................................................................................................................................................................................................................................................................................................................................................................................................................................................................................................................................................................................................................................................................................................................................................................................................................................................................................................................................................................................................................................................................................................................................................................................................................................................................................................................................................................................................................................................................................................................................................................................................................................................................................................................................................................................................................................................................................................................................................................................................................................................................................................................................................................................................................................................................................................................................................................................................................................................................................................................................................................................................................................................................................................................................................................................................................................................................................................................................................................................................................................................................................................................................................................................................................................................................................................................................................................................................................................................................................................................................................................................................................................................................................................................................................................................................................................................................................................................................................................................................................................................................................................................................................................................................................................................................................................................................................................................................................................................................................................................................................................................................................................................................................................................................................................................................................................................................................................................................................................................................................................................................................................................................................................................................................................................................................................................................................................................................................................................................................................................................................................................................................................................................................................................................................................................................................................................................................................................................................................................................................................................................................................................................................................................................................................................................................................................................................................................................................................................................................................................................................................................................................................................................................................................................................................................................................................................................................................................................................................................................................................................................................................................................................................................................................................................................................................................................................................................................................................................................................................................................................................................................................................................................................................................................................................................................................................................................................................................................................................................................................................................................................................................................................................................................................................................................................................................................................................................................................................................................................................................................................................................................................................................................................................................................................................................................................................................................................................................................................................................................................................................................................................................................................................................................................................................................................................................................................................................................................................................................................................................................................................................................................................................................................................................................................................................................................................................................................................................................................................................................................................................................................................................................................................................................................................................................................................................................................................................................................................................................................................................................................................................................................................................................................................................................................................................................................................................................................................................................................................................................................................................................................................................................................................................................................................................................................................................................................................................................................................................................................................................................................................................................................................................................................................................................................................................................................................................................................................................................................................................................................................................................................................................................................................................................................................................................................................................................................................................................................................................................................................................................................................................................................................................................................................................................................................................................................................................................................................................................................................................................................................................................................................................................................................................................................................................................................................................................................................................................................................................................................................................................................................................................................................................................................................................................................................................................................................................................................................................................................................................................................................................................................................................................................................................................................................................................................................................................................................................................................................................................................................................................................................................................................................................................................................................................................................................................................................................................................................................................................................................................................................................................................................................................................................................................................................................................................................................................................................................................................................................................................................................................................................................................................................................................................................................................................................................................................................................................................................................................................................................................................................................................................................................................................................................................................................................................................................................................................................................................................................................................................................................................................................................................................................................................................................................................................................................................................................................................................................................................................................................................................................................................................................................................................................................................................................................................................................................................................................................................................................................................................................................................................................................................................................................................................................................................................................................................................................................................................................................................................................................................................................................................................................................................................................................................................................................................................................................................................................................................................................................................................................................................................................................................................................................................................................................................................................................................................................................................................................................................................................................................................................................................................................................................................................................................................................................................................................................................................................................................................................................................................................................................................................................................................................................................................................................................................................................................................................................................................................................................................................................................................................................................................................................................................................................................................................................................................................................................................................................................................................................................................................................................................................................................................................................................................................................................................................................................................................................................................................................................................................................................................................................................................................................................................................................................................................................................................................................................................................................................................................................................................................................................................................................................................................................................................................................................................................................................................................................................................................................................................................................................................................................................................................................................................................................................................................................................................................................................................................................................................................................................................................................................................................................................................................................................................................................................................................................................................................................................................................................................................................................................................................................................................................................................................................................................................................................................................................................................................................................................................................................................................................................................................................................................................................................................................................................................................................................................................................................................................................................................................................................................................................................................................................................................................................................................................................................................................................................................................................................................................................................................................................................................................................................................................................................................................................................................................................................................................................................................................................................................................................................................................................................................................................................................................................................................................................................................................................................................................................................................................................................................................................................................................................................................................................................................................................................................................................................................................................................................................................................................................................................................................................................................................................................................................................................................................................................................................................................................................................................................................................................................................................................................................................................................................................................................................................................................................................................................................................................................................................................................................................................................................................................................................................................................................................................................................................................................................................................................................................................................................................................................................................................................................................................................................................................................................................................................................................................................................................................................................................................................................................................................................................................................................................................................................................................................................................................................................................................................................................................................................................................................................................................................................................................................................................................................................................................................................................................................................................................................................................................................................................................................................................................................................................................................................................................................................................................................................................................................................................................................................................................................................................................................................................................................................................................................................................................................................................................................................................................................................................................................................................................................................................................................................................................................................................................................................................................................................................................................................................................................................................................................................................................................................................................................................................................................................................................................................................................................................................................................................................................................................................................................................................................................................................................................................................................................................................................................................................................................................................................................................................................................................................................................................................................................................................................................................................................................................................................................................................................................................................................................................................................................................................................................................................................................................................................................................................................................................................................................................................................................................................................................................................................................................................................................................................................................................................................................................................................................................................................................................................................................................................................................................................................................................................................................................................................................................................................................................................................................................................................................................2 ms. Memory: 129024K Free: 92796K (72%)
3 ms. Memory: 129024K Free: 92300K (72%)
1 ms. Memory: 129024K Free: 91786K (71%)
2 ms. Memory: 129024K Free: 91274K (71%)
1 ms. Memory: 129024K Free: 90252K (70%)
/home/travis/build/icyphy/ptII/ptolemy/actor/lib/test/IIR.tcl
/home/travis/build/icyphy/ptII/ptolemy/actor/lib/test/Interpolator.tcl
4 ms. Memory: 129024K Free: 86652K (67%)
2 ms. Memory: 129024K Free: 86156K (67%)
3 ms. Memory: 129024K Free: 85628K (66%)
4 ms. Memory: 129024K Free: 85132K (66%)
2 ms. Memory: 129024K Free: 84108K (65%)
5 ms. Memory: 129024K Free: 83084K (64%)
3 ms. Memory: 129024K Free: 82570K (64%)
8 ms. Memory: 129024K Free: 81532K (63%)
1 ms. Memory: 129024K Free: 80522K (62%)
4 ms. Memory: 129024K Free: 79484K (62%)
/home/travis/build/icyphy/ptII/ptolemy/actor/lib/test/MathFunction.tcl
13 ms. Memory: 129024K Free: 77420K (60%)
5 ms. Memory: 129024K Free: 76396K (59%)
2 ms. Memory: 129024K Free: 75396K (58%)
3 ms. Memory: 129024K Free: 74892K (58%)
8 ms. Memory: 129024K Free: 73354K (57%)
8 ms. Memory: 129024K Free: 71276K (55%)
/home/travis/build/icyphy/ptII/ptolemy/actor/lib/test/Maximum.tcl
4 ms. Memory: 129024K Free: 69258K (54%)
2 ms. Memory: 129024K Free: 68748K (53%)
2 ms. Memory: 129024K Free: 68234K (53%)
2 ms. Memory: 129024K Free: 67724K (52%)
/home/travis/build/icyphy/ptII/ptolemy/actor/lib/test/Minimum.tcl
4 ms. Memory: 129024K Free: 65676K (51%)
2 ms. Memory: 129024K Free: 65148K (50%)
1 ms. Memory: 129024K Free: 64652K (50%)
2 ms. Memory: 129024K Free: 63628K (49%)
/home/travis/build/icyphy/ptII/ptolemy/actor/lib/test/MultiplyDivide.tcl
9 ms. Memory: 129024K Free: 62076K (48%)
7 ms. Memory: 129024K Free: 61066K (47%)
4 ms. Memory: 129024K Free: 60556K (47%)
6 ms. Memory: 129024K Free: 59532K (46%)
5 ms. Memory: 129024K Free: 59004K (46%)
/home/travis/build/icyphy/ptII/ptolemy/actor/lib/test/OrderedMerge.tcl
Connections changed on port: inputA
Connections changed on port: inputB
Connections changed on port: output
Connections changed on port: output
Connections changed on port: output
Connections changed on port: input
.top. Preinitializing ...
Invoking preinitialize():  .top.OrderedMerge
Called preinitialize()
Invoking preinitialize():  .top.Ramp
Called preinitialize()
Invoking preinitialize():  .top.Ramp2
Called preinitialize()
Invoking preinitialize():  .top.Test
Called preinitialize()
Connections changed on port: inputA
Connections changed on port: output
Connections changed on port: output
Connections changed on port: input
Connections changed on port: inputB
Connections changed on port: output
.top. Finished preinitialize().
Called initialize().
Invoking initialize():  .top.OrderedMerge
Initializing actor: .top.OrderedMerge
Adding a thread: .top.OrderedMerge
Invoking initialize():  .top.Ramp
Initializing actor: .top.Ramp
Adding a thread: .top.Ramp
Invoking initialize():  .top.Ramp2
Initializing actor: .top.Ramp2
Adding a thread: .top.Ramp2
Invoking initialize():  .top.Test
Initializing actor: .top.Test
Adding a thread: .top.Test
Called fire().
Checking for deadlock:
-- Starting thread.
Called initialize()
-- Starting thread.
Called initialize()
Called prefire()
Called fire()
-- Starting thread.
Called initialize()
Called prefire()
Called prefire()
Called fire()
Called fire()
-- Starting thread.
Called initialize()
Called prefire()
Called fire()
There are 0 Blocked actors, 0 Stopped actors, and 4 active threads.
Waiting for actors to stop.
Called postfire()
Called prefire()
Called fire()
Called postfire()
Called prefire()
Called fire()
Checking for deadlock:
There are 2 Blocked actors, 0 Stopped actors, and 4 active threads.
Waiting for actors to stop.
Called postfire()
Called prefire()
Called fire()
Checking for deadlock:
There are 3 Blocked actors, 0 Stopped actors, and 4 active threads.
Waiting for actors to stop.
Read input token from inputA with value 0.0
Next port to read input from is inputB
Called postfire()
Called prefire()
Called fire()
Checking for deadlock:
There are 2 Blocked actors, 0 Stopped actors, and 4 active threads.
Waiting for actors to stop.
Read input token from inputB with value 0.0
Called postfire()
Called prefire()
Called fire()
Checking for deadlock:
There are 3 Blocked actors, 0 Stopped actors, and 4 active threads.
Waiting for actors to stop.
Checking for deadlock:
There are 2 Blocked actors, 0 Stopped actors, and 4 active threads.
Waiting for actors to stop.
-- Read input: 0.0, which is expected to match: 0.0
Called prefire()
Called fire()
Checking for deadlock:
There are 3 Blocked actors, 0 Stopped actors, and 4 active threads.
Waiting for actors to stop.
Sent output token with value 0.0
Next port to read input from is inputA
Called postfire()
Called prefire()
Called fire()
Called postfire()
Called prefire()
Called fire()
Checking for deadlock:
There are 3 Blocked actors, 0 Stopped actors, and 4 active threads.
Waiting for actors to stop.
Read input token from inputA with value 1.0
-- Read input: 0.0, which is expected to match: 0.0
Called prefire()
Called fire()
Checking for deadlock:
There are 3 Blocked actors, 0 Stopped actors, and 4 active threads.
Waiting for actors to stop.
Sent output token with value 0.0
Next port to read input from is inputB
Called postfire()
Called prefire()
Called fire()
Checking for deadlock:
There are 2 Blocked actors, 0 Stopped actors, and 4 active threads.
Waiting for actors to stop.
Called postfire()
Called prefire()
Called fire()
Checking for deadlock:
There are 3 Blocked actors, 0 Stopped actors, and 4 active threads.
Waiting for actors to stop.
Read input token from inputB with value 1.5
Checking for deadlock:
There are 2 Blocked actors, 0 Stopped actors, and 4 active threads.
Sent output token with value 1.0
Waiting for actors to stop.
-- Read input: 1.0, which is expected to match: 1.0
Called prefire()
Called fire()
Checking for deadlock:
There are 3 Blocked actors, 0 Stopped actors, and 4 active threads.
Waiting for actors to stop.
Next port to read input from is inputA
Called postfire()
Called prefire()
Called fire()
Checking for deadlock:
There are 2 Blocked actors, 0 Stopped actors, and 4 active threads.
Waiting for actors to stop.
Called postfire()
Called prefire()
Called fire()
Checking for deadlock:
There are 3 Blocked actors, 0 Stopped actors, and 4 active threads.
Waiting for actors to stop.
Read input token from inputA with value 2.0
Checking for deadlock:
There are 2 Blocked actors, 0 Stopped actors, and 4 active threads.
Waiting for actors to stop.
-- Read input: 1.5, which is expected to match: 1.5
Called prefire()
Called fire()
Checking for deadlock:
There are 3 Blocked actors, 0 Stopped actors, and 4 active threads.
Waiting for actors to stop.
Sent output token with value 1.5
Next port to read input from is inputB
Called postfire()
Called prefire()
Called fire()
Called postfire()
Called prefire()
Called fire()
Checking for deadlock:
There are 3 Blocked actors, 0 Stopped actors, and 4 active threads.
Waiting for actors to stop.
Read input token from inputB with value 3.0
-- Read input: 2.0, which is expected to match: 2.0
Called prefire()
Called fire()
Checking for deadlock:
There are 3 Blocked actors, 0 Stopped actors, and 4 active threads.
Waiting for actors to stop.
Sent output token with value 2.0
Next port to read input from is inputA
Called postfire()
Called prefire()
Called fire()
Checking for deadlock:
There are 2 Blocked actors, 0 Stopped actors, and 4 active threads.
Waiting for actors to stop.
Called postfire()
Called prefire()
Called fire()
Read input token from inputA with value 3.0
Checking for deadlock:
There are 3 Blocked actors, 0 Stopped actors, and 4 active threads.
Waiting for actors to stop.
Checking for deadlock:
There are 2 Blocked actors, 0 Stopped actors, and 4 active threads.
Waiting for actors to stop.
-- Read input: 3.0, which is expected to match: 3.0
Called prefire()
Called fire()
Checking for deadlock:
Sent output token with value 3.0
There are 3 Blocked actors, 0 Stopped actors, and 4 active threads.
Waiting for actors to stop.
Next port to read input from is inputB
Called postfire()
Called prefire()
Called fire()
Checking for deadlock:
There are 2 Blocked actors, 0 Stopped actors, and 4 active threads.
Waiting for actors to stop.
Called postfire()
Called prefire()
Called fire()
Checking for deadlock:
Read input token from inputB with value 4.5
There are 3 Blocked actors, 0 Stopped actors, and 4 active threads.
Waiting for actors to stop.
Checking for deadlock:
There are 2 Blocked actors, 0 Stopped actors, and 4 active threads.
Waiting for actors to stop.
-- Read input: 3.0, which is expected to match: 3.0
Called prefire()
Called fire()
Checking for deadlock:
There are 3 Blocked actors, 0 Stopped actors, and 4 active threads.
Waiting for actors to stop.
Sent output token with value 3.0
Next port to read input from is inputA
Called postfire()
Called prefire()
Called fire()
Checking for deadlock:
There are 2 Blocked actors, 0 Stopped actors, and 4 active threads.
Waiting for actors to stop.
Read input token from inputA with value 4.0
Called postfire()
Called prefire()
Called fire()
Checking for deadlock:
There are 3 Blocked actors, 0 Stopped actors, and 4 active threads.
Waiting for actors to stop.
Checking for deadlock:
There are 2 Blocked actors, 0 Stopped actors, and 4 active threads.
Waiting for actors to stop.
-- Read input: 4.0, which is expected to match: 4.0
Called prefire()
Called fire()
Past the end of training data. Read and discard all inputs.
Checking for deadlock:
There are 3 Blocked actors, 0 Stopped actors, and 4 active threads.
Waiting for actors to stop.
Sent output token with value 4.0
Next port to read input from is inputA
Called postfire()
Called prefire()
Called fire()
Checking for deadlock:
There are 2 Blocked actors, 0 Stopped actors, and 4 active threads.
Waiting for actors to stop.
Called postfire()
Called prefire()
Called fire()
Checking for deadlock:
There are 3 Blocked actors, 0 Stopped actors, and 4 active threads.
Waiting for actors to stop.
Read input token from inputA with value 5.0
Checking for deadlock:
Called prefire()
There are 2 Blocked actors, 0 Stopped actors, and 4 active threads.
Called fire()
Waiting for actors to stop.
Past the end of training data. Read and discard all inputs.
Checking for deadlock:
There are 3 Blocked actors, 0 Stopped actors, and 4 active threads.
Waiting for actors to stop.
Sent output token with value 4.5
Next port to read input from is inputB
Called postfire()
Called prefire()
Called fire()
Called postfire()
Called prefire()
Called fire()
Checking for deadlock:
There are 3 Blocked actors, 0 Stopped actors, and 4 active threads.
Waiting for actors to stop.
Read input token from inputB with value 6.0
Called prefire()
Called fire()
Past the end of training data. Read and discard all inputs.
Checking for deadlock:
There are 3 Blocked actors, 0 Stopped actors, and 4 active threads.
Waiting for actors to stop.
Sent output token with value 5.0
Next port to read input from is inputA
Called postfire()
Called prefire()
Called fire()
Checking for deadlock:
Called postfire()
There are 2 Blocked actors, 0 Stopped actors, and 4 active threads.
Called prefire()
Waiting for actors to stop.
Called fire()
Checking for deadlock:
There are 3 Blocked actors, 0 Stopped actors, and 4 active threads.
Waiting for actors to stop.
Read input token from inputA with value 6.0
Checking for deadlock:
There are 2 Blocked actors, 0 Stopped actors, and 4 active threads.
Waiting for actors to stop.
Called prefire()
Called fire()
Past the end of training data. Read and discard all inputs.
Checking for deadlock:
There are 3 Blocked actors, 0 Stopped actors, and 4 active threads.
Waiting for actors to stop.
Sent output token with value 6.0
Next port to read input from is inputB
Called postfire()
Called prefire()
Called fire()
Checking for deadlock:
There are 2 Blocked actors, 0 Stopped actors, and 4 active threads.
Waiting for actors to stop.
Called postfire()
Called prefire()
Called fire()
Checking for deadlock:
Read input token from inputB with value 7.5
There are 3 Blocked actors, 0 Stopped actors, and 4 active threads.
Waiting for actors to stop.
Checking for deadlock:
There are 2 Blocked actors, 0 Stopped actors, and 4 active threads.
Called prefire()
Waiting for actors to stop.
Called fire()
Past the end of training data. Read and discard all inputs.
Checking for deadlock:
There are 3 Blocked actors, 0 Stopped actors, and 4 active threads.
Waiting for actors to stop.
Sent output token with value 6.0
Next port to read input from is inputA
Called postfire()
Called prefire()
Called fire()
Checking for deadlock:
There are 2 Blocked actors, 0 Stopped actors, and 4 active threads.
Waiting for actors to stop.
Read input token from inputA with value 7.0
Called postfire()
Called prefire()
Called fire()
Checking for deadlock:
There are 3 Blocked actors, 0 Stopped actors, and 4 active threads.
Waiting for actors to stop.
Checking for deadlock:
There are 2 Blocked actors, 0 Stopped actors, and 4 active threads.
Waiting for actors to stop.
Called prefire()
Called fire()
Past the end of training data. Read and discard all inputs.
Checking for deadlock:
There are 3 Blocked actors, 0 Stopped actors, and 4 active threads.
Waiting for actors to stop.
Sent output token with value 7.0
Next port to read input from is inputA
Called postfire()
Called prefire()
Called fire()
Checking for deadlock:
There are 2 Blocked actors, 0 Stopped actors, and 4 active threads.
Waiting for actors to stop.
-- Thread wrapup() called.
Called wrapup()
Thread .top.Ramp is exiting.
-- Thread stopped.
Checking for deadlock:
Read input token from inputA with value 8.0
There are 2 Blocked actors, 0 Stopped actors, and 3 active threads.
Waiting for actors to stop.
Checking for deadlock:
There are 1 Blocked actors, 0 Stopped actors, and 3 active threads.
Waiting for actors to stop.
Called prefire()
Called fire()
Past the end of training data. Read and discard all inputs.
Checking for deadlock:
Sent output token with value 7.5
There are 2 Blocked actors, 0 Stopped actors, and 3 active threads.
Waiting for actors to stop.
Next port to read input from is inputB
Called postfire()
Called prefire()
Called fire()
Checking for deadlock:
There are 1 Blocked actors, 0 Stopped actors, and 3 active threads.
Waiting for actors to stop.
Called postfire()
Called prefire()
Called fire()
Checking for deadlock:
Read input token from inputB with value 9.0
There are 2 Blocked actors, 0 Stopped actors, and 3 active threads.
Waiting for actors to stop.
Checking for deadlock:
There are 1 Blocked actors, 0 Stopped actors, and 3 active threads.
Waiting for actors to stop.
Sent output token with value 8.0
Called prefire()
Called fire()
Past the end of training data. Read and discard all inputs.
Checking for deadlock:
There are 2 Blocked actors, 0 Stopped actors, and 3 active threads.
Waiting for actors to stop.
Next port to read input from is inputA
Called postfire()
Called prefire()
Called fire()
Read input token from inputA with value 9.0
Called prefire()
Called fire()
Past the end of training data. Read and discard all inputs.
Checking for deadlock:
There are 2 Blocked actors, 0 Stopped actors, and 3 active threads.
Waiting for actors to stop.
Sent output token with value 9.0
Next port to read input from is inputB
Called postfire()
Called prefire()
Called fire()
Checking for deadlock:
There are 1 Blocked actors, 0 Stopped actors, and 3 active threads.
Waiting for actors to stop.
Called postfire()
Called prefire()
Called fire()
Checking for deadlock:
Read input token from inputB with value 10.5
There are 2 Blocked actors, 0 Stopped actors, and 3 active threads.
Waiting for actors to stop.
Checking for deadlock:
There are 1 Blocked actors, 0 Stopped actors, and 3 active threads.
Waiting for actors to stop.
Called prefire()
Called fire()
Past the end of training data. Read and discard all inputs.
Checking for deadlock:
Sent output token with value 9.0
There are 2 Blocked actors, 0 Stopped actors, and 3 active threads.
Waiting for actors to stop.
Next port to read input from is inputA
Called postfire()
Called prefire()
Called fire()
Checking for deadlock:
There are 3 Blocked actors, 0 Stopped actors, and 3 active threads.
Actors have stopped.
Checking for deadlock:
There are 3 Blocked actors, 0 Stopped actors, and 3 active threads.
Deadlock detected.
Resolving Deadlock
Checking for deadlock:
There are 3 Blocked actors, 0 Stopped actors, and 3 active threads.
Artificial Deadlock - increasing queue capacity.
increasing the capacity of receiver ptolemy.actor.TypedIOPort {.top.OrderedMerge.inputB} to 2
-- Thread wrapup() called.
Called wrapup()
Director: Called postfire().
Called postfire().
_stopRequested = false
_stopFireRequested = false
Returning from postfire(): true
Thread .top.Ramp2 is exiting.
-- Thread stopped.
Called fire().
Checking for deadlock:
There are 2 Blocked actors, 0 Stopped actors, and 2 active threads.
Actors have stopped.
Checking for deadlock:
There are 2 Blocked actors, 0 Stopped actors, and 2 active threads.
Deadlock detected.
Resolving Deadlock
Checking for deadlock:
There are 2 Blocked actors, 0 Stopped actors, and 2 active threads.
Deadlock detected: no processes blocked on write, but some are blocked on read.
Called postfire().
_stopRequested = false
_stopFireRequested = false
Returning from postfire(): false
Finished deactivating branches.
Called wrapup().
-- Thread wrapup() called.
Called wrapup()
Thread .top.Test is exiting.
-- Thread stopped.
-- Blocked Receiver call threw TerminateProcessException.
-- Thread wrapup() called.
Called wrapup()
Thread .top.OrderedMerge is exiting.
-- Thread stopped.
-- Blocked Receiver call threw TerminateProcessException.
65 ms. Memory: 129024K Free: 53898K (42%)
.top. Preinitializing ...
Invoking preinitialize():  .top.OrderedMerge
Called preinitialize()
Invoking preinitialize():  .top.Ramp
Called preinitialize()
Invoking preinitialize():  .top.Ramp2
Called preinitialize()
Invoking preinitialize():  .top.Test
Called preinitialize()
.top. Finished preinitialize().
Called initialize().
Invoking initialize():  .top.OrderedMerge
Initializing actor: .top.OrderedMerge
Adding a thread: .top.OrderedMerge
Invoking initialize():  .top.Ramp
Initializing actor: .top.Ramp
Adding a thread: .top.Ramp
Invoking initialize():  .top.Ramp2
Initializing actor: .top.Ramp2
Adding a thread: .top.Ramp2
Invoking initialize():  .top.Test
Initializing actor: .top.Test
Adding a thread: .top.Test
-- Starting thread.
Called initialize()
Called prefire()
Called fire()
-- Starting thread.
Called initialize()
Called prefire()
Called fire()
Called postfire()
Called prefire()
Called fire()
-- Starting thread.
Called initialize()
Called prefire()
Called fire()
Called postfire()
Called prefire()
Called fire()
Called fire().
Checking for deadlock:
There are 3 Blocked actors, 0 Stopped actors, and 4 active threads.
Waiting for actors to stop.
-- Starting thread.
Called initialize()
Called prefire()
Called fire()
Read input token from inputA with value 0.0
Next port to read input from is inputB
Called postfire()
Called prefire()
Called fire()
Checking for deadlock:
There are 1 Blocked actors, 0 Stopped actors, and 4 active threads.
Waiting for actors to stop.
Called postfire()
Called prefire()
Called fire()
Checking for deadlock:
There are 2 Blocked actors, 0 Stopped actors, and 4 active threads.
Waiting for actors to stop.
Called postfire()
Called prefire()
Called fire()
Checking for deadlock:
There are 3 Blocked actors, 0 Stopped actors, and 4 active threads.
Waiting for actors to stop.
Read input token from inputB with value 0.0
Sent output token with value 0.0
Next port to read input from is inputA
Called postfire()
Called prefire()
-- Read input: 0.0, which is expected to match: 0.0
Called prefire()
Called fire()
Checking for deadlock:
There are 3 Blocked actors, 0 Stopped actors, and 4 active threads.
Waiting for actors to stop.
Called fire()
Checking for deadlock:
There are 2 Blocked actors, 0 Stopped actors, and 4 active threads.
Waiting for actors to stop.
Called postfire()
Called prefire()
Called fire()
Checking for deadlock:
There are 3 Blocked actors, 0 Stopped actors, and 4 active threads.
Waiting for actors to stop.
Read input token from inputA with value 1.0
Sent output token with value 0.0
Next port to read input from is inputB
Called postfire()
Called prefire()
Called fire()
Read input token from inputB with value 1.5
Called postfire()
Called prefire()
Called fire()
Checking for deadlock:
There are 3 Blocked actors, 0 Stopped actors, and 4 active threads.
Waiting for actors to stop.
-- Read input: 0.0, which is expected to match: 0.0
Called prefire()
Called fire()
Checking for deadlock:
There are 3 Blocked actors, 0 Stopped actors, and 4 active threads.
Waiting for actors to stop.
-- Read input: 1.0, which is expected to match: 1.0
Called prefire()
Called fire()
Checking for deadlock:
There are 3 Blocked actors, 0 Stopped actors, and 4 active threads.
Waiting for actors to stop.
Sent output token with value 1.0
Next port to read input from is inputA
Called postfire()
Called prefire()
Called fire()
Checking for deadlock:
There are 2 Blocked actors, 0 Stopped actors, and 4 active threads.
Waiting for actors to stop.
Called postfire()
Called prefire()
Called fire()
Checking for deadlock:
There are 3 Blocked actors, 0 Stopped actors, and 4 active threads.
Waiting for actors to stop.
Read input token from inputA with value 2.0
Sent output token with value 1.5
Checking for deadlock:
There are 2 Blocked actors, 0 Stopped actors, and 4 active threads.
Waiting for actors to stop.
-- Read input: 1.5, which is expected to match: 1.5
Called prefire()
Called fire()
Checking for deadlock:
There are 3 Blocked actors, 0 Stopped actors, and 4 active threads.
Waiting for actors to stop.
Next port to read input from is inputB
Called postfire()
Called prefire()
Called fire()
Called postfire()
Called prefire()
Called fire()
Checking for deadlock:
There are 3 Blocked actors, 0 Stopped actors, and 4 active threads.
Waiting for actors to stop.
Read input token from inputB with value 3.0
-- Read input: 2.0, which is expected to match: 2.0
Called prefire()
Called fire()
Checking for deadlock:
There are 3 Blocked actors, 0 Stopped actors, and 4 active threads.
Waiting for actors to stop.
Sent output token with value 2.0
Next port to read input from is inputA
Called postfire()
Called prefire()
Called fire()
Checking for deadlock:
There are 2 Blocked actors, 0 Stopped actors, and 4 active threads.
Waiting for actors to stop.
Called postfire()
Called prefire()
Called fire()
Checking for deadlock:
There are 3 Blocked actors, 0 Stopped actors, and 4 active threads.
Waiting for actors to stop.
Read input token from inputA with value 3.0
Sent output token with value 3.0
Next port to read input from is inputB
Called postfire()
Called prefire()
Called fire()
Read input token from inputB with value 4.5
Called postfire()
Called prefire()
Called fire()
Checking for deadlock:
There are 3 Blocked actors, 0 Stopped actors, and 4 active threads.
Waiting for actors to stop.
-- Read input: 3.0, which is expected to match: 3.0
Called prefire()
Called fire()
Checking for deadlock:
There are 3 Blocked actors, 0 Stopped actors, and 4 active threads.
Waiting for actors to stop.
-- Read input: 3.0, which is expected to match: 3.0
Called prefire()
Called fire()
Checking for deadlock:
There are 3 Blocked actors, 0 Stopped actors, and 4 active threads.
Waiting for actors to stop.
Sent output token with value 3.0
Next port to read input from is inputA
Called postfire()
Called prefire()
Called fire()
Checking for deadlock:
There are 2 Blocked actors, 0 Stopped actors, and 4 active threads.
Waiting for actors to stop.
Called postfire()
Called prefire()
Called fire()
Checking for deadlock:
There are 3 Blocked actors, 0 Stopped actors, and 4 active threads.
Waiting for actors to stop.
Read input token from inputA with value 4.0
Sent output token with value 4.0
Next port to read input from is inputA
Called postfire()
Called prefire()
Called fire()
Read input token from inputA with value 5.0
Checking for deadlock:
There are 2 Blocked actors, 0 Stopped actors, and 4 active threads.
Waiting for actors to stop.
-- Read input: 4.0, which is expected to match: 4.0
Called prefire()
Called fire()
Past the end of training data. Read and discard all inputs.
Called postfire()
Called prefire()
Called fire()
Checking for deadlock:
There are 3 Blocked actors, 0 Stopped actors, and 4 active threads.
Waiting for actors to stop.
Checking for deadlock:
There are 2 Blocked actors, 0 Stopped actors, and 4 active threads.
Waiting for actors to stop.
Called prefire()
Called fire()
Past the end of training data. Read and discard all inputs.
Checking for deadlock:
There are 3 Blocked actors, 0 Stopped actors, and 4 active threads.
Waiting for actors to stop.
Sent output token with value 4.5
Next port to read input from is inputB
Called postfire()
Called prefire()
Called fire()
Called postfire()
Called prefire()
Called fire()
Checking for deadlock:
There are 3 Blocked actors, 0 Stopped actors, and 4 active threads.
Waiting for actors to stop.
Read input token from inputB with value 6.0
Called prefire()
Called fire()
Past the end of training data. Read and discard all inputs.
Checking for deadlock:
There are 3 Blocked actors, 0 Stopped actors, and 4 active threads.
Waiting for actors to stop.
Sent output token with value 5.0
Next port to read input from is inputA
Called postfire()
Called prefire()
Called fire()
Checking for deadlock:
There are 2 Blocked actors, 0 Stopped actors, and 4 active threads.
Waiting for actors to stop.
Called postfire()
Called prefire()
Called fire()
Checking for deadlock:
There are 3 Blocked actors, 0 Stopped actors, and 4 active threads.
Waiting for actors to stop.
Read input token from inputA with value 6.0
Checking for deadlock:
There are 2 Blocked actors, 0 Stopped actors, and 4 active threads.
Waiting for actors to stop.
Called prefire()
Called fire()
Past the end of training data. Read and discard all inputs.
Checking for deadlock:
There are 3 Blocked actors, 0 Stopped actors, and 4 active threads.
Waiting for actors to stop.
Sent output token with value 6.0
Next port to read input from is inputB
Called postfire()
Called prefire()
Called fire()
Checking for deadlock:
There are 2 Blocked actors, 0 Stopped actors, and 4 active threads.
Waiting for actors to stop.
Called postfire()
Called prefire()
Called fire()
Checking for deadlock:
There are 3 Blocked actors, 0 Stopped actors, and 4 active threads.
Waiting for actors to stop.
Read input token from inputB with value 7.5
Sent output token with value 6.0
Next port to read input from is inputA
Called postfire()
Called prefire()
Called fire()
Read input token from inputA with value 7.0
Called postfire()
Called prefire()
Called fire()
Checking for deadlock:
There are 3 Blocked actors, 0 Stopped actors, and 4 active threads.
Waiting for actors to stop.
Called prefire()
Called fire()
Past the end of training data. Read and discard all inputs.
Sent output token with value 7.0
Next port to read input from is inputA
Called postfire()
Called prefire()
Called fire()
Read input token from inputA with value 8.0
Checking for deadlock:
There are 2 Blocked actors, 0 Stopped actors, and 4 active threads.
Waiting for actors to stop.
-- Thread wrapup() called.
Called wrapup()
Thread .top.Ramp is exiting.
-- Thread stopped.
Called prefire()
Called fire()
Past the end of training data. Read and discard all inputs.
Checking for deadlock:
There are 2 Blocked actors, 0 Stopped actors, and 3 active threads.
Waiting for actors to stop.
Sent output token with value 7.5
Next port to read input from is inputB
Called postfire()
Called prefire()
Called fire()
Read input token from inputB with value 9.0
Called postfire()
Called prefire()
Called fire()
Checking for deadlock:
There are 2 Blocked actors, 0 Stopped actors, and 3 active threads.
Waiting for actors to stop.
Called prefire()
Called fire()
Past the end of training data. Read and discard all inputs.
Sent output token with value 8.0
Next port to read input from is inputA
Called postfire()
Called prefire()
Called fire()
Read input token from inputA with value 9.0
Checking for deadlock:
There are 2 Blocked actors, 0 Stopped actors, and 3 active threads.
Waiting for actors to stop.
Called prefire()
Called fire()
Past the end of training data. Read and discard all inputs.
Sent output token with value 9.0
Next port to read input from is inputB
Called postfire()
Called prefire()
Called fire()
Read input token from inputB with value 10.5
Called postfire()
Called prefire()
Called fire()
Checking for deadlock:
There are 2 Blocked actors, 0 Stopped actors, and 3 active threads.
Waiting for actors to stop.
Called prefire()
Called fire()
Past the end of training data. Read and discard all inputs.
Sent output token with value 9.0
Next port to read input from is inputA
Called postfire()
Called prefire()
Called fire()
Checking for deadlock:
There are 2 Blocked actors, 0 Stopped actors, and 3 active threads.
Waiting for actors to stop.
Called prefire()
Called fire()
Past the end of training data. Read and discard all inputs.
Checking for deadlock:
There are 3 Blocked actors, 0 Stopped actors, and 3 active threads.
Actors have stopped.
Checking for deadlock:
There are 3 Blocked actors, 0 Stopped actors, and 3 active threads.
Deadlock detected.
Resolving Deadlock
Checking for deadlock:
There are 3 Blocked actors, 0 Stopped actors, and 3 active threads.
Artificial Deadlock - increasing queue capacity.
increasing the capacity of receiver ptolemy.actor.TypedIOPort {.top.OrderedMerge.inputB} to 2
Director: Called postfire().
Called postfire().
_stopRequested = false
_stopFireRequested = false
Returning from postfire(): true
Called fire().
Checking for deadlock:
There are 2 Blocked actors, 0 Stopped actors, and 3 active threads.
Waiting for actors to stop.
-- Thread wrapup() called.
Called wrapup()
Thread .top.Ramp2 is exiting.
-- Thread stopped.
Checking for deadlock:
There are 2 Blocked actors, 0 Stopped actors, and 2 active threads.
Actors have stopped.
Checking for deadlock:
There are 2 Blocked actors, 0 Stopped actors, and 2 active threads.
Deadlock detected.
Resolving Deadlock
Checking for deadlock:
There are 2 Blocked actors, 0 Stopped actors, and 2 active threads.
Deadlock detected: no processes blocked on write, but some are blocked on read.
Called postfire().
_stopRequested = false
_stopFireRequested = false
Returning from postfire(): false
Finished deactivating branches.
Called wrapup().
-- Thread wrapup() called.
Called wrapup()
Thread .top.OrderedMerge is exiting.
-- Thread stopped.
-- Blocked Receiver call threw TerminateProcessException.
-- Thread wrapup() called.
Called wrapup()
Thread .top.Test is exiting.
-- Thread stopped.
-- Blocked Receiver call threw TerminateProcessException.
37 ms. Memory: 129024K Free: 51850K (40%)
/home/travis/build/icyphy/ptII/ptolemy/actor/lib/test/Publisher.tcl
10 ms. Memory: 129024K Free: 112070K (87%)
4 ms. Memory: 129024K Free: 106440K (82%)
3 ms. Memory: 129024K Free: 102854K (80%)
14 ms. Memory: 129024K Free: 101830K (79%)
3 ms. Memory: 129024K Free: 101320K (79%)
3 ms. Memory: 129024K Free: 100296K (78%)
9 ms. Memory: 129024K Free: 99272K (77%)
3 ms. Memory: 129024K Free: 98752K (77%)
24 ms. Memory: 129024K Free: 111820K (87%)
5 ms. Memory: 129024K Free: 108236K (84%)
3 ms. Memory: 129024K Free: 107708K (83%)
4 ms. Memory: 129024K Free: 105164K (82%)
14 ms. Memory: 129024K Free: 97468K (76%)
5 ms. Memory: 129024K Free: 88266K (68%)
6 ms. Memory: 129024K Free: 77002K (60%)
/home/travis/build/icyphy/ptII/ptolemy/actor/lib/test/Pulse.tcl
6 ms. Memory: 155648K Free: 124772K (80%)
10 ms. Memory: 155648K Free: 124258K (80%)
5 ms. Memory: 155648K Free: 123748K (80%)
2 ms. Memory: 155648K Free: 123234K (79%)
7 ms. Memory: 155648K Free: 122724K (79%)
9 ms. Memory: 155648K Free: 121186K (78%)
9 ms. Memory: 155648K Free: 120148K (77%)
6 ms. Memory: 155648K Free: 119652K (77%)
2 ms. Memory: 155648K Free: 119138K (77%)
/home/travis/build/icyphy/ptII/ptolemy/actor/lib/test/Ramp.tcl
4 ms. Memory: 155648K Free: 117084K (75%)
6 ms. Memory: 155648K Free: 116052K (75%)
2 ms. Memory: 155648K Free: 115556K (74%)
2 ms. Memory: 155648K Free: 114532K (74%)
4 ms. Memory: 155648K Free: 114004K (73%)
5 ms. Memory: 155648K Free: 112994K (73%)
5 ms. Memory: 155648K Free: 111956K (72%)
5 actors
5000 microseconds per iteration to create
4 ms. Memory: 155648K Free: 109412K (70%)
2 ms. Memory: 155648K Free: 108898K (70%)
1 ms. Memory: 155648K Free: 108388K (70%)
2 ms. Memory: 155648K Free: 107364K (69%)
50 actors
28000 microseconds per iteration to create
40 ms. Memory: 155648K Free: 92004K (59%)
14 ms. Memory: 155648K Free: 90980K (58%)
4 ms. Memory: 155648K Free: 89956K (58%)
8 ms. Memory: 155648K Free: 88932K (57%)
500 actors
1488000 microseconds per iteration to create
247 ms. Memory: 155648K Free: 67915K (44%)
35 ms. Memory: 155648K Free: 62795K (40%)
33 ms. Memory: 155648K Free: 57675K (37%)
47 ms. Memory: 155648K Free: 128687K (83%)
/home/travis/build/icyphy/ptII/ptolemy/actor/lib/test/RampContinuous.tcl
7 ms. Memory: 155648K Free: 127166K (82%)
/home/travis/build/icyphy/ptII/ptolemy/actor/lib/test/RecordAssembler.tcl
5 ms. Memory: 155648K Free: 125629K (81%)
3 ms. Memory: 155648K Free: 124606K (80%)
/home/travis/build/icyphy/ptII/ptolemy/actor/lib/test/RecordDisassembler.tcl
6 ms. Memory: 155648K Free: 123072K (79%)
2 ms. Memory: 155648K Free: 122048K (78%)
3 ms. Memory: 155648K Free: 121024K (78%)
/home/travis/build/icyphy/ptII/ptolemy/actor/lib/test/Scale.tcl
2 ms. Memory: 155648K Free: 119471K (77%)
1 ms. Memory: 155648K Free: 118447K (76%)
2 ms. Memory: 155648K Free: 117952K (76%)
2 ms. Memory: 155648K Free: 116928K (75%)
2 ms. Memory: 155648K Free: 115904K (74%)
/home/travis/build/icyphy/ptII/ptolemy/actor/lib/test/SequentialClock.tcl
preinitializing
resolving types
initializing
executing number 1
wrapping up
idle
2 ms. Memory: 155648K Free: 114880K (74%)
Completed execution with 5 iterations
preinitializing
resolving types
initializing
executing number 1
wrapping up
idle
2 ms. Memory: 155648K Free: 114366K (73%)
Completed execution with 5 iterations
preinitializing
resolving types
initializing
executing number 1
wrapping up
idle
1 ms. Memory: 155648K Free: 113856K (73%)
Completed execution with 5 iterations
/home/travis/build/icyphy/ptII/ptolemy/actor/lib/test/SetVariable.tcl
4 ms. Memory: 155648K Free: 111808K (72%)
/home/travis/build/icyphy/ptII/ptolemy/actor/lib/test/Sinewave.tcl
/home/travis/build/icyphy/ptII/ptolemy/actor/lib/test/SubscriptionAggregator.tcl
4 ms. Memory: 155648K Free: 100544K (65%)
2 ms. Memory: 155648K Free: 99520K (64%)
1 ms. Memory: 155648K Free: 99006K (64%)
0 ms. Memory: 155648K Free: 99006K (64%)
2 ms. Memory: 155648K Free: 95424K (61%)
8 ms. Memory: 155648K Free: 92862K (60%)
...............................................................1009 ms. Memory: 340992K Free: 286528K (84%)
/home/travis/build/icyphy/ptII/ptolemy/actor/lib/test/Test.tcl
 The next command will produce a warning about training mode,
   which may be ignored.
8 ms. Memory: 340992K Free: 284519K (83%)
5 ms. Memory: 340992K Free: 284009K (83%)
2 ms. Memory: 340992K Free: 282985K (83%)
5 ms. Memory: 340992K Free: 282457K (83%)
3 ms. Memory: 340992K Free: 281961K (83%)
16 ms. Memory: 340992K Free: 280937K (82%)
3 ms. Memory: 340992K Free: 279385K (82%)
 The next command will produce a warning about training mode,
   which may be ignored.
4 ms. Memory: 340992K Free: 276841K (81%)
 The next command will produce a warning about training mode,
   which may be ignored.
4 ms. Memory: 340992K Free: 275817K (81%)
1 ms. Memory: 340992K Free: 275273K (81%)
1 ms. Memory: 340992K Free: 274793K (81%)
2 ms. Memory: 340992K Free: 274249K (80%)
7 ms. Memory: 340992K Free: 273255K (80%)
4 ms. Memory: 340992K Free: 269673K (79%)
/home/travis/build/icyphy/ptII/ptolemy/actor/lib/test/TestExceptionHandler.tcl
 The next command will produce a warning about training mode,
   which may be ignored.
4 ms. Memory: 340992K Free: 268135K (79%)
1 ms. Memory: 340992K Free: 267625K (78%)
1 ms. Memory: 340992K Free: 267081K (78%)
/home/travis/build/icyphy/ptII/ptolemy/actor/lib/test/UnionDisassembler.tcl
29 ms. Memory: 340992K Free: 259929K (76%)
/home/travis/build/icyphy/ptII/ptolemy/actor/lib/test/VariableClock.tcl
preinitializing
resolving types
initializing
executing number 1
wrapping up
idle
10 ms. Memory: 340992K Free: 257881K (76%)
Completed execution with 11 iterations
preinitializing
resolving types
initializing
executing number 1
wrapping up
idle
8 ms. Memory: 340992K Free: 256857K (75%)
Completed execution with 10 iterations
03/13/20 07:18:00
Failed: 0  Total Tests: 233  ((Passed: 233, Newly Passed: 0)  Known Failed: 0) /home/travis/build/icyphy/ptII/ptolemy/actor/lib/test
----------------- testing (KnownFailure) /home/travis/build/icyphy/ptII/ptolemy/actor/lib/test/auto/knownFailedTests/PublisherPortToplevelSubscriber.xml
4 ms. Memory: 340992K Free: 253289K (74%)
Known Failure: java.lang.reflect.InvocationTargetException
----------------- testing (KnownFailure) /home/travis/build/icyphy/ptII/ptolemy/actor/lib/test/auto/knownFailedTests/PublisherSubscriberPortToplevel.xml
0 ms. Memory: 340992K Free: 249703K (73%)
Known Failure: java.lang.reflect.InvocationTargetException
----------------- testing (KnownFailure) /home/travis/build/icyphy/ptII/ptolemy/actor/lib/test/auto/knownFailedTests/PublisherSubscriptionAggregatorPort.xml
1 ms. Memory: 340992K Free: 245607K (72%)
Known Failure: java.lang.reflect.InvocationTargetException
----------------- testing (KnownFailure) /home/travis/build/icyphy/ptII/ptolemy/actor/lib/test/auto/knownFailedTests/sizedarray3.xml
8 ms. Memory: 340992K Free: 241001K (71%)
Known Failure: java.lang.reflect.InvocationTargetException
No auto/linux-amd64/*.xml tests in /home/travis/build/icyphy/ptII/ptolemy/actor/lib/test
AutoTests.java: About to close Vertx.
AutoTests.java: Vertx closed.

===========================================================================================
----------------- testing Fri Mar 13 07:18:00 UTC 2020 /home/travis/build/icyphy/ptII/ptolemy/actor/lib/test/auto/AbsoluteValue.xml
----------------- Instantiating /home/travis/build/icyphy/ptII/ptolemy/actor/lib/test/auto/AbsoluteValue.xml
11 ms. Memory: 340992K Free: 217959K (64%)
----------------- Invoking toplevel() on ptolemy.moml.MoMLSimpleApplication@409f3a3b
----------------- Done invoking toplevel() on ptolemy.moml.MoMLSimpleApplication@409f3a3b
reloadAllAccessors: .AbsoluteValue

===========================================================================================
----------------- testing Fri Mar 13 07:18:00 UTC 2020 /home/travis/build/icyphy/ptII/ptolemy/actor/lib/test/auto/AbsoluteValue2.xml
----------------- Instantiating /home/travis/build/icyphy/ptII/ptolemy/actor/lib/test/auto/AbsoluteValue2.xml
16 ms. Memory: 340992K Free: 211305K (62%)
----------------- Invoking toplevel() on ptolemy.moml.MoMLSimpleApplication@6545935b
----------------- Done invoking toplevel() on ptolemy.moml.MoMLSimpleApplication@6545935b
reloadAllAccessors: .AbsoluteValue2

===========================================================================================
----------------- testing Fri Mar 13 07:18:00 UTC 2020 /home/travis/build/icyphy/ptII/ptolemy/actor/lib/test/auto/Accumulator.xml
----------------- Instantiating /home/travis/build/icyphy/ptII/ptolemy/actor/lib/test/auto/Accumulator.xml
6 ms. Memory: 340992K Free: 204647K (60%)
----------------- Invoking toplevel() on ptolemy.moml.MoMLSimpleApplication@119181e3
----------------- Done invoking toplevel() on ptolemy.moml.MoMLSimpleApplication@119181e3
reloadAllAccessors: .Accumulator

===========================================================================================
----------------- testing Fri Mar 13 07:18:00 UTC 2020 /home/travis/build/icyphy/ptII/ptolemy/actor/lib/test/auto/Accumulator2.xml
----------------- Instantiating /home/travis/build/icyphy/ptII/ptolemy/actor/lib/test/auto/Accumulator2.xml
3 ms. Memory: 340992K Free: 199527K (59%)
----------------- Invoking toplevel() on ptolemy.moml.MoMLSimpleApplication@3b9d829e
----------------- Done invoking toplevel() on ptolemy.moml.MoMLSimpleApplication@3b9d829e
reloadAllAccessors: .Accumulator2

===========================================================================================
----------------- testing Fri Mar 13 07:18:00 UTC 2020 /home/travis/build/icyphy/ptII/ptolemy/actor/lib/test/auto/Accumulator3.xml
----------------- Instantiating /home/travis/build/icyphy/ptII/ptolemy/actor/lib/test/auto/Accumulator3.xml
7 ms. Memory: 340992K Free: 195431K (57%)
----------------- Invoking toplevel() on ptolemy.moml.MoMLSimpleApplication@319e3824
----------------- Done invoking toplevel() on ptolemy.moml.MoMLSimpleApplication@319e3824
reloadAllAccessors: .Accumulator3

===========================================================================================
----------------- testing Fri Mar 13 07:18:00 UTC 2020 /home/travis/build/icyphy/ptII/ptolemy/actor/lib/test/auto/ArrayAppend.xml
----------------- Instantiating /home/travis/build/icyphy/ptII/ptolemy/actor/lib/test/auto/ArrayAppend.xml
5 ms. Memory: 340992K Free: 189257K (56%)
----------------- Invoking toplevel() on ptolemy.moml.MoMLSimpleApplication@479ef306
----------------- Done invoking toplevel() on ptolemy.moml.MoMLSimpleApplication@479ef306
reloadAllAccessors: .ArrayAppend

===========================================================================================
----------------- testing Fri Mar 13 07:18:00 UTC 2020 /home/travis/build/icyphy/ptII/ptolemy/actor/lib/test/auto/ArrayAppend2.xml
----------------- Instantiating /home/travis/build/icyphy/ptII/ptolemy/actor/lib/test/auto/ArrayAppend2.xml
403 ms. Memory: 340992K Free: 241150K (71%)
----------------- Invoking toplevel() on ptolemy.moml.MoMLSimpleApplication@17c086f6
----------------- Done invoking toplevel() on ptolemy.moml.MoMLSimpleApplication@17c086f6
reloadAllAccessors: .ArrayAppend2

===========================================================================================
----------------- testing Fri Mar 13 07:18:01 UTC 2020 /home/travis/build/icyphy/ptII/ptolemy/actor/lib/test/auto/ArrayAppend3.xml
----------------- Instantiating /home/travis/build/icyphy/ptII/ptolemy/actor/lib/test/auto/ArrayAppend3.xml
2 ms. Memory: 340992K Free: 235006K (69%)
----------------- Invoking toplevel() on ptolemy.moml.MoMLSimpleApplication@867055c
----------------- Done invoking toplevel() on ptolemy.moml.MoMLSimpleApplication@867055c
reloadAllAccessors: .ArrayAppend3

===========================================================================================
----------------- testing Fri Mar 13 07:18:01 UTC 2020 /home/travis/build/icyphy/ptII/ptolemy/actor/lib/test/auto/ArrayAppend4.xml
----------------- Instantiating /home/travis/build/icyphy/ptII/ptolemy/actor/lib/test/auto/ArrayAppend4.xml
3 ms. Memory: 340992K Free: 229376K (67%)
----------------- Invoking toplevel() on ptolemy.moml.MoMLSimpleApplication@d1e8b81
----------------- Done invoking toplevel() on ptolemy.moml.MoMLSimpleApplication@d1e8b81
reloadAllAccessors: .ArrayAppend4

===========================================================================================
----------------- testing Fri Mar 13 07:18:01 UTC 2020 /home/travis/build/icyphy/ptII/ptolemy/actor/lib/test/auto/ArrayAppend5.xml
----------------- Instantiating /home/travis/build/icyphy/ptII/ptolemy/actor/lib/test/auto/ArrayAppend5.xml
2 ms. Memory: 340992K Free: 224256K (66%)
----------------- Invoking toplevel() on ptolemy.moml.MoMLSimpleApplication@798b596c
----------------- Done invoking toplevel() on ptolemy.moml.MoMLSimpleApplication@798b596c
reloadAllAccessors: .ArrayAppend5

===========================================================================================
----------------- testing Fri Mar 13 07:18:01 UTC 2020 /home/travis/build/icyphy/ptII/ptolemy/actor/lib/test/auto/ArrayAppend6.xml
----------------- Instantiating /home/travis/build/icyphy/ptII/ptolemy/actor/lib/test/auto/ArrayAppend6.xml
3 ms. Memory: 340992K Free: 219136K (64%)
----------------- Invoking toplevel() on ptolemy.moml.MoMLSimpleApplication@20186250
----------------- Done invoking toplevel() on ptolemy.moml.MoMLSimpleApplication@20186250
reloadAllAccessors: .ArrayAppend6

===========================================================================================
----------------- testing Fri Mar 13 07:18:01 UTC 2020 /home/travis/build/icyphy/ptII/ptolemy/actor/lib/test/auto/ArrayAppendPerformanceTest.xml
----------------- Instantiating /home/travis/build/icyphy/ptII/ptolemy/actor/lib/test/auto/ArrayAppendPerformanceTest.xml
34 ms. Memory: 340992K Free: 207358K (61%)
----------------- Invoking toplevel() on ptolemy.moml.MoMLSimpleApplication@2da4a1bf
----------------- Done invoking toplevel() on ptolemy.moml.MoMLSimpleApplication@2da4a1bf
reloadAllAccessors: .ArrayAppendPerformanceTest

===========================================================================================
----------------- testing Fri Mar 13 07:18:01 UTC 2020 /home/travis/build/icyphy/ptII/ptolemy/actor/lib/test/auto/ArrayAppendWithEmptyInput.xml
----------------- Instantiating /home/travis/build/icyphy/ptII/ptolemy/actor/lib/test/auto/ArrayAppendWithEmptyInput.xml
13 ms. Memory: 340992K Free: 199680K (59%)
----------------- Invoking toplevel() on ptolemy.moml.MoMLSimpleApplication@453cf20c
----------------- Done invoking toplevel() on ptolemy.moml.MoMLSimpleApplication@453cf20c
reloadAllAccessors: .ArrayAppendWithEmptyInput

===========================================================================================
----------------- testing Fri Mar 13 07:18:01 UTC 2020 /home/travis/build/icyphy/ptII/ptolemy/actor/lib/test/auto/ArrayAverage.xml
----------------- Instantiating /home/travis/build/icyphy/ptII/ptolemy/actor/lib/test/auto/ArrayAverage.xml
8 ms. Memory: 340992K Free: 191488K (56%)
----------------- Invoking toplevel() on ptolemy.moml.MoMLSimpleApplication@bb299f3
----------------- Done invoking toplevel() on ptolemy.moml.MoMLSimpleApplication@bb299f3
reloadAllAccessors: .ArrayAverage

===========================================================================================
----------------- testing Fri Mar 13 07:18:01 UTC 2020 /home/travis/build/icyphy/ptII/ptolemy/actor/lib/test/auto/ArrayContains.xml
----------------- Instantiating /home/travis/build/icyphy/ptII/ptolemy/actor/lib/test/auto/ArrayContains.xml
5 ms. Memory: 340992K Free: 185854K (55%)
----------------- Invoking toplevel() on ptolemy.moml.MoMLSimpleApplication@7f14fccf
----------------- Done invoking toplevel() on ptolemy.moml.MoMLSimpleApplication@7f14fccf
reloadAllAccessors: .ArrayContains

===========================================================================================
----------------- testing Fri Mar 13 07:18:01 UTC 2020 /home/travis/build/icyphy/ptII/ptolemy/actor/lib/test/auto/ArrayElement.xml
----------------- Instantiating /home/travis/build/icyphy/ptII/ptolemy/actor/lib/test/auto/ArrayElement.xml
3 ms. Memory: 340992K Free: 179710K (53%)
----------------- Invoking toplevel() on ptolemy.moml.MoMLSimpleApplication@10b462d8
----------------- Done invoking toplevel() on ptolemy.moml.MoMLSimpleApplication@10b462d8
reloadAllAccessors: .ArrayElement

===========================================================================================
----------------- testing Fri Mar 13 07:18:01 UTC 2020 /home/travis/build/icyphy/ptII/ptolemy/actor/lib/test/auto/ArrayElementAsMatrix.xml
----------------- Instantiating /home/travis/build/icyphy/ptII/ptolemy/actor/lib/test/auto/ArrayElementAsMatrix.xml
11 ms. Memory: 340992K Free: 169984K (50%)
----------------- Invoking toplevel() on ptolemy.moml.MoMLSimpleApplication@5b8c05c4
----------------- Done invoking toplevel() on ptolemy.moml.MoMLSimpleApplication@5b8c05c4
reloadAllAccessors: .ArrayElementAsMatrix

===========================================================================================
----------------- testing Fri Mar 13 07:18:01 UTC 2020 /home/travis/build/icyphy/ptII/ptolemy/actor/lib/test/auto/ArrayElementI.xml
----------------- Instantiating /home/travis/build/icyphy/ptII/ptolemy/actor/lib/test/auto/ArrayElementI.xml
5 ms. Memory: 340992K Free: 164350K (48%)
----------------- Invoking toplevel() on ptolemy.moml.MoMLSimpleApplication@7ecf3d93
----------------- Done invoking toplevel() on ptolemy.moml.MoMLSimpleApplication@7ecf3d93
reloadAllAccessors: .ArrayElementI

===========================================================================================
----------------- testing Fri Mar 13 07:18:01 UTC 2020 /home/travis/build/icyphy/ptII/ptolemy/actor/lib/test/auto/ArrayExtract.xml
----------------- Instantiating /home/travis/build/icyphy/ptII/ptolemy/actor/lib/test/auto/ArrayExtract.xml
10 ms. Memory: 340992K Free: 156158K (46%)
----------------- Invoking toplevel() on ptolemy.moml.MoMLSimpleApplication@32a65039
----------------- Done invoking toplevel() on ptolemy.moml.MoMLSimpleApplication@32a65039
reloadAllAccessors: .ArrayExtract

===========================================================================================
----------------- testing Fri Mar 13 07:18:01 UTC 2020 /home/travis/build/icyphy/ptII/ptolemy/actor/lib/test/auto/ArrayExtract2.xml
----------------- Instantiating /home/travis/build/icyphy/ptII/ptolemy/actor/lib/test/auto/ArrayExtract2.xml
6 ms. Memory: 340992K Free: 150528K (44%)
----------------- Invoking toplevel() on ptolemy.moml.MoMLSimpleApplication@a55e3d3
----------------- Done invoking toplevel() on ptolemy.moml.MoMLSimpleApplication@a55e3d3
reloadAllAccessors: .ArrayExtract2

===========================================================================================
----------------- testing Fri Mar 13 07:18:01 UTC 2020 /home/travis/build/icyphy/ptII/ptolemy/actor/lib/test/auto/ArrayLength.xml
----------------- Instantiating /home/travis/build/icyphy/ptII/ptolemy/actor/lib/test/auto/ArrayLength.xml
9 ms. Memory: 340992K Free: 146927K (43%)
----------------- Invoking toplevel() on ptolemy.moml.MoMLSimpleApplication@d089d35
----------------- Done invoking toplevel() on ptolemy.moml.MoMLSimpleApplication@d089d35
reloadAllAccessors: .ArrayLength

===========================================================================================
----------------- testing Fri Mar 13 07:18:01 UTC 2020 /home/travis/build/icyphy/ptII/ptolemy/actor/lib/test/auto/ArrayLevelCrossing.xml
----------------- Instantiating /home/travis/build/icyphy/ptII/ptolemy/actor/lib/test/auto/ArrayLevelCrossing.xml
4 ms. Memory: 340992K Free: 139264K (41%)
----------------- Invoking toplevel() on ptolemy.moml.MoMLSimpleApplication@74d037a9
----------------- Done invoking toplevel() on ptolemy.moml.MoMLSimpleApplication@74d037a9
reloadAllAccessors: .ArrayLevelCrossing

===========================================================================================
----------------- testing Fri Mar 13 07:18:01 UTC 2020 /home/travis/build/icyphy/ptII/ptolemy/actor/lib/test/auto/ArrayLevelCrossing2.xml
----------------- Instantiating /home/travis/build/icyphy/ptII/ptolemy/actor/lib/test/auto/ArrayLevelCrossing2.xml
3 ms. Memory: 340992K Free: 131551K (39%)
----------------- Invoking toplevel() on ptolemy.moml.MoMLSimpleApplication@1b8644b9
----------------- Done invoking toplevel() on ptolemy.moml.MoMLSimpleApplication@1b8644b9
reloadAllAccessors: .ArrayLevelCrossing2

===========================================================================================
----------------- testing Fri Mar 13 07:18:01 UTC 2020 /home/travis/build/icyphy/ptII/ptolemy/actor/lib/test/auto/ArrayPeakSearch.xml
----------------- Instantiating /home/travis/build/icyphy/ptII/ptolemy/actor/lib/test/auto/ArrayPeakSearch.xml
9 ms. Memory: 340992K Free: 285184K (84%)
----------------- Invoking toplevel() on ptolemy.moml.MoMLSimpleApplication@6bf179de
----------------- Done invoking toplevel() on ptolemy.moml.MoMLSimpleApplication@6bf179de
reloadAllAccessors: .ArrayPeakSearch

===========================================================================================
----------------- testing Fri Mar 13 07:18:01 UTC 2020 /home/travis/build/icyphy/ptII/ptolemy/actor/lib/test/auto/ArrayPeakSearch2.xml
----------------- Instantiating /home/travis/build/icyphy/ptII/ptolemy/actor/lib/test/auto/ArrayPeakSearch2.xml
7 ms. Memory: 340992K Free: 274423K (80%)
----------------- Invoking toplevel() on ptolemy.moml.MoMLSimpleApplication@45f3da70
----------------- Done invoking toplevel() on ptolemy.moml.MoMLSimpleApplication@45f3da70
reloadAllAccessors: .ArrayPeakSearch2

===========================================================================================
----------------- testing Fri Mar 13 07:18:02 UTC 2020 /home/travis/build/icyphy/ptII/ptolemy/actor/lib/test/auto/ArrayPeakSearch3.xml
----------------- Instantiating /home/travis/build/icyphy/ptII/ptolemy/actor/lib/test/auto/ArrayPeakSearch3.xml
5 ms. Memory: 340992K Free: 265728K (78%)
----------------- Invoking toplevel() on ptolemy.moml.MoMLSimpleApplication@52c68bbe
----------------- Done invoking toplevel() on ptolemy.moml.MoMLSimpleApplication@52c68bbe
reloadAllAccessors: .ArrayPeakSearch3

===========================================================================================
----------------- testing Fri Mar 13 07:18:02 UTC 2020 /home/travis/build/icyphy/ptII/ptolemy/actor/lib/test/auto/ArrayRemoveElement.xml
----------------- Instantiating /home/travis/build/icyphy/ptII/ptolemy/actor/lib/test/auto/ArrayRemoveElement.xml
4 ms. Memory: 340992K Free: 257536K (76%)
----------------- Invoking toplevel() on ptolemy.moml.MoMLSimpleApplication@30b881db
----------------- Done invoking toplevel() on ptolemy.moml.MoMLSimpleApplication@30b881db
reloadAllAccessors: .ArrayRemoveElement

===========================================================================================
----------------- testing Fri Mar 13 07:18:02 UTC 2020 /home/travis/build/icyphy/ptII/ptolemy/actor/lib/test/auto/ArraySort.xml
----------------- Instantiating /home/travis/build/icyphy/ptII/ptolemy/actor/lib/test/auto/ArraySort.xml
6 ms. Memory: 340992K Free: 248830K (73%)
----------------- Invoking toplevel() on ptolemy.moml.MoMLSimpleApplication@489138d
----------------- Done invoking toplevel() on ptolemy.moml.MoMLSimpleApplication@489138d
reloadAllAccessors: .ArraySort

===========================================================================================
----------------- testing Fri Mar 13 07:18:02 UTC 2020 /home/travis/build/icyphy/ptII/ptolemy/actor/lib/test/auto/ArraySum.xml
----------------- Instantiating /home/travis/build/icyphy/ptII/ptolemy/actor/lib/test/auto/ArraySum.xml
4 ms. Memory: 340992K Free: 243200K (71%)
----------------- Invoking toplevel() on ptolemy.moml.MoMLSimpleApplication@3c34d2bd
----------------- Done invoking toplevel() on ptolemy.moml.MoMLSimpleApplication@3c34d2bd
reloadAllAccessors: .ArraySum

===========================================================================================
----------------- testing Fri Mar 13 07:18:02 UTC 2020 /home/travis/build/icyphy/ptII/ptolemy/actor/lib/test/auto/ArrayToElements.xml
----------------- Instantiating /home/travis/build/icyphy/ptII/ptolemy/actor/lib/test/auto/ArrayToElements.xml
5 ms. Memory: 340992K Free: 238080K (70%)
----------------- Invoking toplevel() on ptolemy.moml.MoMLSimpleApplication@1dae0465
----------------- Done invoking toplevel() on ptolemy.moml.MoMLSimpleApplication@1dae0465
reloadAllAccessors: .ArrayToElements

===========================================================================================
----------------- testing Fri Mar 13 07:18:02 UTC 2020 /home/travis/build/icyphy/ptII/ptolemy/actor/lib/test/auto/ArrayToMatrix.xml
----------------- Instantiating /home/travis/build/icyphy/ptII/ptolemy/actor/lib/test/auto/ArrayToMatrix.xml
9 ms. Memory: 340992K Free: 223230K (65%)
----------------- Invoking toplevel() on ptolemy.moml.MoMLSimpleApplication@487b04d6
----------------- Done invoking toplevel() on ptolemy.moml.MoMLSimpleApplication@487b04d6
reloadAllAccessors: .ArrayToMatrix

===========================================================================================
----------------- testing Fri Mar 13 07:18:02 UTC 2020 /home/travis/build/icyphy/ptII/ptolemy/actor/lib/test/auto/ArrayUpdate1.xml
----------------- Instantiating /home/travis/build/icyphy/ptII/ptolemy/actor/lib/test/auto/ArrayUpdate1.xml
8 ms. Memory: 340992K Free: 218624K (64%)
----------------- Invoking toplevel() on ptolemy.moml.MoMLSimpleApplication@59b380cd
----------------- Done invoking toplevel() on ptolemy.moml.MoMLSimpleApplication@59b380cd
reloadAllAccessors: .ArrayUpdate1

===========================================================================================
----------------- testing Fri Mar 13 07:18:02 UTC 2020 /home/travis/build/icyphy/ptII/ptolemy/actor/lib/test/auto/ArrayUpdate2.xml
----------------- Instantiating /home/travis/build/icyphy/ptII/ptolemy/actor/lib/test/auto/ArrayUpdate2.xml
7 ms. Memory: 340992K Free: 211951K (62%)
----------------- Invoking toplevel() on ptolemy.moml.MoMLSimpleApplication@4fc6c7d4
----------------- Done invoking toplevel() on ptolemy.moml.MoMLSimpleApplication@4fc6c7d4
reloadAllAccessors: .ArrayUpdate2

===========================================================================================
----------------- testing Fri Mar 13 07:18:02 UTC 2020 /home/travis/build/icyphy/ptII/ptolemy/actor/lib/test/auto/ArrayUpdate3.xml
----------------- Instantiating /home/travis/build/icyphy/ptII/ptolemy/actor/lib/test/auto/ArrayUpdate3.xml
2 ms. Memory: 340992K Free: 207360K (61%)
----------------- Invoking toplevel() on ptolemy.moml.MoMLSimpleApplication@52a91bf6
----------------- Done invoking toplevel() on ptolemy.moml.MoMLSimpleApplication@52a91bf6
reloadAllAccessors: .ArrayUpdate3

===========================================================================================
----------------- testing Fri Mar 13 07:18:02 UTC 2020 /home/travis/build/icyphy/ptII/ptolemy/actor/lib/test/auto/Assert1.xml
----------------- Instantiating /home/travis/build/icyphy/ptII/ptolemy/actor/lib/test/auto/Assert1.xml
5 ms. Memory: 340992K Free: 202750K (59%)
----------------- Invoking toplevel() on ptolemy.moml.MoMLSimpleApplication@4342475e
----------------- Done invoking toplevel() on ptolemy.moml.MoMLSimpleApplication@4342475e
reloadAllAccessors: .Assert1

===========================================================================================
----------------- testing Fri Mar 13 07:18:02 UTC 2020 /home/travis/build/icyphy/ptII/ptolemy/actor/lib/test/auto/Assert2.xml
----------------- Instantiating /home/travis/build/icyphy/ptII/ptolemy/actor/lib/test/auto/Assert2.xml
2 ms. Memory: 340992K Free: 197630K (58%)
----------------- Invoking toplevel() on ptolemy.moml.MoMLSimpleApplication@5c622cbc
----------------- Done invoking toplevel() on ptolemy.moml.MoMLSimpleApplication@5c622cbc
reloadAllAccessors: .Assert2

===========================================================================================
----------------- testing Fri Mar 13 07:18:02 UTC 2020 /home/travis/build/icyphy/ptII/ptolemy/actor/lib/test/auto/BooleanMultiplexor.xml
----------------- Instantiating /home/travis/build/icyphy/ptII/ptolemy/actor/lib/test/auto/BooleanMultiplexor.xml
2 ms. Memory: 340992K Free: 192000K (56%)
----------------- Invoking toplevel() on ptolemy.moml.MoMLSimpleApplication@16925825
----------------- Done invoking toplevel() on ptolemy.moml.MoMLSimpleApplication@16925825
reloadAllAccessors: .BooleanMultiplexor

===========================================================================================
----------------- testing Fri Mar 13 07:18:02 UTC 2020 /home/travis/build/icyphy/ptII/ptolemy/actor/lib/test/auto/BooleanMultiplexor2.xml
----------------- Instantiating /home/travis/build/icyphy/ptII/ptolemy/actor/lib/test/auto/BooleanMultiplexor2.xml
13 ms. Memory: 340992K Free: 185856K (55%)
----------------- Invoking toplevel() on ptolemy.moml.MoMLSimpleApplication@517b6b07
----------------- Done invoking toplevel() on ptolemy.moml.MoMLSimpleApplication@517b6b07
reloadAllAccessors: .BooleanMultiplexor2

===========================================================================================
----------------- testing Fri Mar 13 07:18:02 UTC 2020 /home/travis/build/icyphy/ptII/ptolemy/actor/lib/test/auto/BooleanMultiplexor3.xml
----------------- Instantiating /home/travis/build/icyphy/ptII/ptolemy/actor/lib/test/auto/BooleanMultiplexor3.xml
4 ms. Memory: 340992K Free: 181760K (53%)
----------------- Invoking toplevel() on ptolemy.moml.MoMLSimpleApplication@7d2e3613
----------------- Done invoking toplevel() on ptolemy.moml.MoMLSimpleApplication@7d2e3613
reloadAllAccessors: .BooleanMultiplexor3

===========================================================================================
----------------- testing Fri Mar 13 07:18:02 UTC 2020 /home/travis/build/icyphy/ptII/ptolemy/actor/lib/test/auto/BooleanSelect.xml
----------------- Instantiating /home/travis/build/icyphy/ptII/ptolemy/actor/lib/test/auto/BooleanSelect.xml
8 ms. Memory: 340992K Free: 176111K (52%)
----------------- Invoking toplevel() on ptolemy.moml.MoMLSimpleApplication@7996e115
----------------- Done invoking toplevel() on ptolemy.moml.MoMLSimpleApplication@7996e115
reloadAllAccessors: .BooleanSelect

===========================================================================================
----------------- testing Fri Mar 13 07:18:02 UTC 2020 /home/travis/build/icyphy/ptII/ptolemy/actor/lib/test/auto/BooleanSelect2.xml
----------------- Instantiating /home/travis/build/icyphy/ptII/ptolemy/actor/lib/test/auto/BooleanSelect2.xml
5 ms. Memory: 340992K Free: 171520K (50%)
----------------- Invoking toplevel() on ptolemy.moml.MoMLSimpleApplication@3625de11
----------------- Done invoking toplevel() on ptolemy.moml.MoMLSimpleApplication@3625de11
reloadAllAccessors: .BooleanSelect2

===========================================================================================
----------------- testing Fri Mar 13 07:18:02 UTC 2020 /home/travis/build/icyphy/ptII/ptolemy/actor/lib/test/auto/BooleanSwitch.xml
----------------- Instantiating /home/travis/build/icyphy/ptII/ptolemy/actor/lib/test/auto/BooleanSwitch.xml
7 ms. Memory: 340992K Free: 165376K (48%)
----------------- Invoking toplevel() on ptolemy.moml.MoMLSimpleApplication@717c5333
----------------- Done invoking toplevel() on ptolemy.moml.MoMLSimpleApplication@717c5333
reloadAllAccessors: .BooleanSwitch

===========================================================================================
----------------- testing Fri Mar 13 07:18:02 UTC 2020 /home/travis/build/icyphy/ptII/ptolemy/actor/lib/test/auto/BooleanSwitch2.xml
----------------- Instantiating /home/travis/build/icyphy/ptII/ptolemy/actor/lib/test/auto/BooleanSwitch2.xml
2 ms. Memory: 340992K Free: 160256K (47%)
----------------- Invoking toplevel() on ptolemy.moml.MoMLSimpleApplication@58888d2d
----------------- Done invoking toplevel() on ptolemy.moml.MoMLSimpleApplication@58888d2d
reloadAllAccessors: .BooleanSwitch2

===========================================================================================
----------------- testing Fri Mar 13 07:18:02 UTC 2020 /home/travis/build/icyphy/ptII/ptolemy/actor/lib/test/auto/BooleanSwitchCloningBugWithClassRelationGroup.xml
----------------- Instantiating /home/travis/build/icyphy/ptII/ptolemy/actor/lib/test/auto/BooleanSwitchCloningBugWithClassRelationGroup.xml
6 ms. Memory: 340992K Free: 154112K (45%)
----------------- Invoking toplevel() on ptolemy.moml.MoMLSimpleApplication@3e2b632c
----------------- Done invoking toplevel() on ptolemy.moml.MoMLSimpleApplication@3e2b632c
reloadAllAccessors: .BooleanSwitchCloningBugWithClassRelationGroup

===========================================================================================
----------------- testing Fri Mar 13 07:18:02 UTC 2020 /home/travis/build/icyphy/ptII/ptolemy/actor/lib/test/auto/BusActors.xml
----------------- Instantiating /home/travis/build/icyphy/ptII/ptolemy/actor/lib/test/auto/BusActors.xml
7 ms. Memory: 340992K Free: 145920K (43%)
----------------- Invoking toplevel() on ptolemy.moml.MoMLSimpleApplication@275936e0
----------------- Done invoking toplevel() on ptolemy.moml.MoMLSimpleApplication@275936e0
reloadAllAccessors: .BusActors

===========================================================================================
----------------- testing Fri Mar 13 07:18:02 UTC 2020 /home/travis/build/icyphy/ptII/ptolemy/actor/lib/test/auto/ClassWrapper.xml
----------------- Instantiating /home/travis/build/icyphy/ptII/ptolemy/actor/lib/test/auto/ClassWrapper.xml
4 ms. Memory: 340992K Free: 141310K (41%)
----------------- Invoking toplevel() on ptolemy.moml.MoMLSimpleApplication@3c98f56e
----------------- Done invoking toplevel() on ptolemy.moml.MoMLSimpleApplication@3c98f56e
reloadAllAccessors: .ClassWrapper

===========================================================================================
----------------- testing Fri Mar 13 07:18:02 UTC 2020 /home/travis/build/icyphy/ptII/ptolemy/actor/lib/test/auto/Clock.xml
----------------- Instantiating /home/travis/build/icyphy/ptII/ptolemy/actor/lib/test/auto/Clock.xml
5 ms. Memory: 340992K Free: 137728K (40%)
----------------- Invoking toplevel() on ptolemy.moml.MoMLSimpleApplication@5acb66c2
----------------- Done invoking toplevel() on ptolemy.moml.MoMLSimpleApplication@5acb66c2
reloadAllAccessors: .Clock

===========================================================================================
----------------- testing Fri Mar 13 07:18:02 UTC 2020 /home/travis/build/icyphy/ptII/ptolemy/actor/lib/test/auto/Clock10.xml
----------------- Instantiating /home/travis/build/icyphy/ptII/ptolemy/actor/lib/test/auto/Clock10.xml
5 ms. Memory: 340992K Free: 131584K (39%)
----------------- Invoking toplevel() on ptolemy.moml.MoMLSimpleApplication@5db75b1c
----------------- Done invoking toplevel() on ptolemy.moml.MoMLSimpleApplication@5db75b1c
reloadAllAccessors: .Clock10

===========================================================================================
----------------- testing Fri Mar 13 07:18:02 UTC 2020 /home/travis/build/icyphy/ptII/ptolemy/actor/lib/test/auto/Clock11.xml
----------------- Instantiating /home/travis/build/icyphy/ptII/ptolemy/actor/lib/test/auto/Clock11.xml
4 ms. Memory: 340992K Free: 125950K (37%)
----------------- Invoking toplevel() on ptolemy.moml.MoMLSimpleApplication@3ea63dcb
----------------- Done invoking toplevel() on ptolemy.moml.MoMLSimpleApplication@3ea63dcb
reloadAllAccessors: .Clock11

===========================================================================================
----------------- testing Fri Mar 13 07:18:02 UTC 2020 /home/travis/build/icyphy/ptII/ptolemy/actor/lib/test/auto/Clock12.xml
----------------- Instantiating /home/travis/build/icyphy/ptII/ptolemy/actor/lib/test/auto/Clock12.xml
5 ms. Memory: 340992K Free: 119806K (35%)
----------------- Invoking toplevel() on ptolemy.moml.MoMLSimpleApplication@12044646
----------------- Done invoking toplevel() on ptolemy.moml.MoMLSimpleApplication@12044646
reloadAllAccessors: .Clock12

===========================================================================================
----------------- testing Fri Mar 13 07:18:02 UTC 2020 /home/travis/build/icyphy/ptII/ptolemy/actor/lib/test/auto/Clock13.xml
----------------- Instantiating /home/travis/build/icyphy/ptII/ptolemy/actor/lib/test/auto/Clock13.xml
3 ms. Memory: 340992K Free: 114176K (33%)
----------------- Invoking toplevel() on ptolemy.moml.MoMLSimpleApplication@206299c0
----------------- Done invoking toplevel() on ptolemy.moml.MoMLSimpleApplication@206299c0
reloadAllAccessors: .Clock13

===========================================================================================
----------------- testing Fri Mar 13 07:18:02 UTC 2020 /home/travis/build/icyphy/ptII/ptolemy/actor/lib/test/auto/Clock14.xml
----------------- Instantiating /home/travis/build/icyphy/ptII/ptolemy/actor/lib/test/auto/Clock14.xml
3 ms. Memory: 340992K Free: 108032K (32%)
----------------- Invoking toplevel() on ptolemy.moml.MoMLSimpleApplication@3c630780
----------------- Done invoking toplevel() on ptolemy.moml.MoMLSimpleApplication@3c630780
reloadAllAccessors: .Clock14

===========================================================================================
----------------- testing Fri Mar 13 07:18:02 UTC 2020 /home/travis/build/icyphy/ptII/ptolemy/actor/lib/test/auto/Clock15.xml
----------------- Instantiating /home/travis/build/icyphy/ptII/ptolemy/actor/lib/test/auto/Clock15.xml
2 ms. Memory: 340992K Free: 102383K (30%)
----------------- Invoking toplevel() on ptolemy.moml.MoMLSimpleApplication@37ff1801
----------------- Done invoking toplevel() on ptolemy.moml.MoMLSimpleApplication@37ff1801
reloadAllAccessors: .Clock15

===========================================================================================
----------------- testing Fri Mar 13 07:18:02 UTC 2020 /home/travis/build/icyphy/ptII/ptolemy/actor/lib/test/auto/Clock16.xml
----------------- Instantiating /home/travis/build/icyphy/ptII/ptolemy/actor/lib/test/auto/Clock16.xml
32 ms. Memory: 340992K Free: 278566K (82%)
----------------- Invoking toplevel() on ptolemy.moml.MoMLSimpleApplication@350d030c
----------------- Done invoking toplevel() on ptolemy.moml.MoMLSimpleApplication@350d030c
reloadAllAccessors: .Clock16

===========================================================================================
----------------- testing Fri Mar 13 07:18:02 UTC 2020 /home/travis/build/icyphy/ptII/ptolemy/actor/lib/test/auto/Clock17.xml
----------------- Instantiating /home/travis/build/icyphy/ptII/ptolemy/actor/lib/test/auto/Clock17.xml
13 ms. Memory: 340992K Free: 264216K (77%)
----------------- Invoking toplevel() on ptolemy.moml.MoMLSimpleApplication@92fdf67
----------------- Done invoking toplevel() on ptolemy.moml.MoMLSimpleApplication@92fdf67
reloadAllAccessors: .Clock17

===========================================================================================
----------------- testing Fri Mar 13 07:18:02 UTC 2020 /home/travis/build/icyphy/ptII/ptolemy/actor/lib/test/auto/Clock18.xml
----------------- Instantiating /home/travis/build/icyphy/ptII/ptolemy/actor/lib/test/auto/Clock18.xml
24 ms. Memory: 340992K Free: 250918K (74%)
----------------- Invoking toplevel() on ptolemy.moml.MoMLSimpleApplication@471152c6
----------------- Done invoking toplevel() on ptolemy.moml.MoMLSimpleApplication@471152c6
reloadAllAccessors: .Clock18

===========================================================================================
----------------- testing Fri Mar 13 07:18:03 UTC 2020 /home/travis/build/icyphy/ptII/ptolemy/actor/lib/test/auto/Clock19.xml
----------------- Instantiating /home/travis/build/icyphy/ptII/ptolemy/actor/lib/test/auto/Clock19.xml
13 ms. Memory: 340992K Free: 238120K (70%)
----------------- Invoking toplevel() on ptolemy.moml.MoMLSimpleApplication@1b37aa52
----------------- Done invoking toplevel() on ptolemy.moml.MoMLSimpleApplication@1b37aa52
reloadAllAccessors: .Clock19

===========================================================================================
----------------- testing Fri Mar 13 07:18:03 UTC 2020 /home/travis/build/icyphy/ptII/ptolemy/actor/lib/test/auto/Clock2.xml
----------------- Instantiating /home/travis/build/icyphy/ptII/ptolemy/actor/lib/test/auto/Clock2.xml
9 ms. Memory: 340992K Free: 233000K (68%)
----------------- Invoking toplevel() on ptolemy.moml.MoMLSimpleApplication@66456dfd
----------------- Done invoking toplevel() on ptolemy.moml.MoMLSimpleApplication@66456dfd
reloadAllAccessors: .Clock2

===========================================================================================
----------------- testing Fri Mar 13 07:18:03 UTC 2020 /home/travis/build/icyphy/ptII/ptolemy/actor/lib/test/auto/Clock20.xml
----------------- Instantiating /home/travis/build/icyphy/ptII/ptolemy/actor/lib/test/auto/Clock20.xml
4 ms. Memory: 340992K Free: 227880K (67%)
----------------- Invoking toplevel() on ptolemy.moml.MoMLSimpleApplication@7355aa1e
----------------- Done invoking toplevel() on ptolemy.moml.MoMLSimpleApplication@7355aa1e
reloadAllAccessors: .Clock20

===========================================================================================
----------------- testing Fri Mar 13 07:18:03 UTC 2020 /home/travis/build/icyphy/ptII/ptolemy/actor/lib/test/auto/Clock21.xml
----------------- Instantiating /home/travis/build/icyphy/ptII/ptolemy/actor/lib/test/auto/Clock21.xml
3 ms. Memory: 340992K Free: 222246K (65%)
----------------- Invoking toplevel() on ptolemy.moml.MoMLSimpleApplication@42cfa6c9
----------------- Done invoking toplevel() on ptolemy.moml.MoMLSimpleApplication@42cfa6c9
reloadAllAccessors: .Clock21

===========================================================================================
----------------- testing Fri Mar 13 07:18:03 UTC 2020 /home/travis/build/icyphy/ptII/ptolemy/actor/lib/test/auto/Clock22.xml
----------------- Instantiating /home/travis/build/icyphy/ptII/ptolemy/actor/lib/test/auto/Clock22.xml
2 ms. Memory: 340992K Free: 217126K (64%)
----------------- Invoking toplevel() on ptolemy.moml.MoMLSimpleApplication@4603115
----------------- Done invoking toplevel() on ptolemy.moml.MoMLSimpleApplication@4603115
reloadAllAccessors: .Clock22

===========================================================================================
----------------- testing Fri Mar 13 07:18:03 UTC 2020 /home/travis/build/icyphy/ptII/ptolemy/actor/lib/test/auto/Clock23.xml
----------------- Instantiating /home/travis/build/icyphy/ptII/ptolemy/actor/lib/test/auto/Clock23.xml
4 ms. Memory: 340992K Free: 211496K (62%)
----------------- Invoking toplevel() on ptolemy.moml.MoMLSimpleApplication@4c06253
----------------- Done invoking toplevel() on ptolemy.moml.MoMLSimpleApplication@4c06253
reloadAllAccessors: .Clock23

===========================================================================================
----------------- testing Fri Mar 13 07:18:03 UTC 2020 /home/travis/build/icyphy/ptII/ptolemy/actor/lib/test/auto/Clock24.xml
----------------- Instantiating /home/travis/build/icyphy/ptII/ptolemy/actor/lib/test/auto/Clock24.xml
4 ms. Memory: 340992K Free: 205862K (60%)
----------------- Invoking toplevel() on ptolemy.moml.MoMLSimpleApplication@4cd00dbd
----------------- Done invoking toplevel() on ptolemy.moml.MoMLSimpleApplication@4cd00dbd
reloadAllAccessors: .Clock24

===========================================================================================
----------------- testing Fri Mar 13 07:18:03 UTC 2020 /home/travis/build/icyphy/ptII/ptolemy/actor/lib/test/auto/Clock4.xml
----------------- Instantiating /home/travis/build/icyphy/ptII/ptolemy/actor/lib/test/auto/Clock4.xml
1 ms. Memory: 340992K Free: 201256K (59%)
----------------- Invoking toplevel() on ptolemy.moml.MoMLSimpleApplication@2be09978
----------------- Done invoking toplevel() on ptolemy.moml.MoMLSimpleApplication@2be09978
reloadAllAccessors: .Clock4

===========================================================================================
----------------- testing Fri Mar 13 07:18:03 UTC 2020 /home/travis/build/icyphy/ptII/ptolemy/actor/lib/test/auto/Clock5.xml
----------------- Instantiating /home/travis/build/icyphy/ptII/ptolemy/actor/lib/test/auto/Clock5.xml
2 ms. Memory: 340992K Free: 195622K (57%)
----------------- Invoking toplevel() on ptolemy.moml.MoMLSimpleApplication@33e8cd97
----------------- Done invoking toplevel() on ptolemy.moml.MoMLSimpleApplication@33e8cd97
reloadAllAccessors: .Clock5

===========================================================================================
----------------- testing Fri Mar 13 07:18:03 UTC 2020 /home/travis/build/icyphy/ptII/ptolemy/actor/lib/test/auto/Clock6.xml
----------------- Instantiating /home/travis/build/icyphy/ptII/ptolemy/actor/lib/test/auto/Clock6.xml
1 ms. Memory: 340992K Free: 191526K (56%)
----------------- Invoking toplevel() on ptolemy.moml.MoMLSimpleApplication@1e8a858f
----------------- Done invoking toplevel() on ptolemy.moml.MoMLSimpleApplication@1e8a858f
reloadAllAccessors: .Clock6

===========================================================================================
----------------- testing Fri Mar 13 07:18:03 UTC 2020 /home/travis/build/icyphy/ptII/ptolemy/actor/lib/test/auto/Clock7.xml
----------------- Instantiating /home/travis/build/icyphy/ptII/ptolemy/actor/lib/test/auto/Clock7.xml
2 ms. Memory: 340992K Free: 186406K (55%)
----------------- Invoking toplevel() on ptolemy.moml.MoMLSimpleApplication@7446f0db
----------------- Done invoking toplevel() on ptolemy.moml.MoMLSimpleApplication@7446f0db
reloadAllAccessors: .Clock7

===========================================================================================
----------------- testing Fri Mar 13 07:18:03 UTC 2020 /home/travis/build/icyphy/ptII/ptolemy/actor/lib/test/auto/Clock8.xml
----------------- Instantiating /home/travis/build/icyphy/ptII/ptolemy/actor/lib/test/auto/Clock8.xml
4 ms. Memory: 340992K Free: 180776K (53%)
----------------- Invoking toplevel() on ptolemy.moml.MoMLSimpleApplication@1e577c6
----------------- Done invoking toplevel() on ptolemy.moml.MoMLSimpleApplication@1e577c6
reloadAllAccessors: .Clock8

===========================================================================================
----------------- testing Fri Mar 13 07:18:03 UTC 2020 /home/travis/build/icyphy/ptII/ptolemy/actor/lib/test/auto/Clock9.xml
----------------- Instantiating /home/travis/build/icyphy/ptII/ptolemy/actor/lib/test/auto/Clock9.xml
4 ms. Memory: 340992K Free: 175656K (52%)
----------------- Invoking toplevel() on ptolemy.moml.MoMLSimpleApplication@2ede06c5
----------------- Done invoking toplevel() on ptolemy.moml.MoMLSimpleApplication@2ede06c5
reloadAllAccessors: .Clock9

===========================================================================================
----------------- testing Fri Mar 13 07:18:03 UTC 2020 /home/travis/build/icyphy/ptII/ptolemy/actor/lib/test/auto/CommDistDiscard.xml
----------------- Instantiating /home/travis/build/icyphy/ptII/ptolemy/actor/lib/test/auto/CommDistDiscard.xml
3 ms. Memory: 340992K Free: 170022K (50%)
----------------- Invoking toplevel() on ptolemy.moml.MoMLSimpleApplication@1e3df36
----------------- Done invoking toplevel() on ptolemy.moml.MoMLSimpleApplication@1e3df36
reloadAllAccessors: .CommDistDiscard

===========================================================================================
----------------- testing Fri Mar 13 07:18:03 UTC 2020 /home/travis/build/icyphy/ptII/ptolemy/actor/lib/test/auto/Commutator.xml
----------------- Instantiating /home/travis/build/icyphy/ptII/ptolemy/actor/lib/test/auto/Commutator.xml
2 ms. Memory: 340992K Free: 165926K (49%)
----------------- Invoking toplevel() on ptolemy.moml.MoMLSimpleApplication@1e68f9fa
----------------- Done invoking toplevel() on ptolemy.moml.MoMLSimpleApplication@1e68f9fa
reloadAllAccessors: .Commutator

===========================================================================================
----------------- testing Fri Mar 13 07:18:03 UTC 2020 /home/travis/build/icyphy/ptII/ptolemy/actor/lib/test/auto/Commutator2.xml
----------------- Instantiating /home/travis/build/icyphy/ptII/ptolemy/actor/lib/test/auto/Commutator2.xml
1 ms. Memory: 340992K Free: 161320K (47%)
----------------- Invoking toplevel() on ptolemy.moml.MoMLSimpleApplication@357c72b6
----------------- Done invoking toplevel() on ptolemy.moml.MoMLSimpleApplication@357c72b6
reloadAllAccessors: .Commutator2

===========================================================================================
----------------- testing Fri Mar 13 07:18:03 UTC 2020 /home/travis/build/icyphy/ptII/ptolemy/actor/lib/test/auto/Commutator3.xml
----------------- Instantiating /home/travis/build/icyphy/ptII/ptolemy/actor/lib/test/auto/Commutator3.xml
2 ms. Memory: 340992K Free: 156710K (46%)
----------------- Invoking toplevel() on ptolemy.moml.MoMLSimpleApplication@1d65181
----------------- Done invoking toplevel() on ptolemy.moml.MoMLSimpleApplication@1d65181
reloadAllAccessors: .Commutator3

===========================================================================================
----------------- testing Fri Mar 13 07:18:03 UTC 2020 /home/travis/build/icyphy/ptII/ptolemy/actor/lib/test/auto/Compare.xml
----------------- Instantiating /home/travis/build/icyphy/ptII/ptolemy/actor/lib/test/auto/Compare.xml
2 ms. Memory: 340992K Free: 150566K (44%)
----------------- Invoking toplevel() on ptolemy.moml.MoMLSimpleApplication@1c8740df
----------------- Done invoking toplevel() on ptolemy.moml.MoMLSimpleApplication@1c8740df
reloadAllAccessors: .Compare

===========================================================================================
----------------- testing Fri Mar 13 07:18:03 UTC 2020 /home/travis/build/icyphy/ptII/ptolemy/actor/lib/test/auto/CompareDE.xml
----------------- Instantiating /home/travis/build/icyphy/ptII/ptolemy/actor/lib/test/auto/CompareDE.xml
3 ms. Memory: 340992K Free: 143384K (42%)
----------------- Invoking toplevel() on ptolemy.moml.MoMLSimpleApplication@72c453aa
----------------- Done invoking toplevel() on ptolemy.moml.MoMLSimpleApplication@72c453aa
reloadAllAccessors: .CompareDE

===========================================================================================
----------------- testing Fri Mar 13 07:18:03 UTC 2020 /home/travis/build/icyphy/ptII/ptolemy/actor/lib/test/auto/ComplexDivide.xml
----------------- Instantiating /home/travis/build/icyphy/ptII/ptolemy/actor/lib/test/auto/ComplexDivide.xml
1 ms. Memory: 340992K Free: 139816K (41%)
----------------- Invoking toplevel() on ptolemy.moml.MoMLSimpleApplication@23e92c1d
----------------- Done invoking toplevel() on ptolemy.moml.MoMLSimpleApplication@23e92c1d
reloadAllAccessors: .ComplexDivide

===========================================================================================
----------------- testing Fri Mar 13 07:18:03 UTC 2020 /home/travis/build/icyphy/ptII/ptolemy/actor/lib/test/auto/ComputeHistogram.xml
----------------- Instantiating /home/travis/build/icyphy/ptII/ptolemy/actor/lib/test/auto/ComputeHistogram.xml
20 ms. Memory: 340992K Free: 127014K (37%)
----------------- Invoking toplevel() on ptolemy.moml.MoMLSimpleApplication@7bf9d27d
----------------- Done invoking toplevel() on ptolemy.moml.MoMLSimpleApplication@7bf9d27d
reloadAllAccessors: .ComputeHistogram

===========================================================================================
----------------- testing Fri Mar 13 07:18:03 UTC 2020 /home/travis/build/icyphy/ptII/ptolemy/actor/lib/test/auto/ConfigurationSelect.xml
----------------- Instantiating /home/travis/build/icyphy/ptII/ptolemy/actor/lib/test/auto/ConfigurationSelect.xml
2 ms. Memory: 340992K Free: 121384K (36%)
----------------- Invoking toplevel() on ptolemy.moml.MoMLSimpleApplication@6dbbaf7a
----------------- Done invoking toplevel() on ptolemy.moml.MoMLSimpleApplication@6dbbaf7a
reloadAllAccessors: .ConfigurationSelect

===========================================================================================
----------------- testing Fri Mar 13 07:18:03 UTC 2020 /home/travis/build/icyphy/ptII/ptolemy/actor/lib/test/auto/ConfigurationSelect2.xml
----------------- Instantiating /home/travis/build/icyphy/ptII/ptolemy/actor/lib/test/auto/ConfigurationSelect2.xml
3 ms. Memory: 340992K Free: 117288K (34%)
----------------- Invoking toplevel() on ptolemy.moml.MoMLSimpleApplication@55845be2
----------------- Done invoking toplevel() on ptolemy.moml.MoMLSimpleApplication@55845be2
reloadAllAccessors: .ConfigurationSelect2

===========================================================================================
----------------- testing Fri Mar 13 07:18:03 UTC 2020 /home/travis/build/icyphy/ptII/ptolemy/actor/lib/test/auto/ConfigurationSwitch.xml
----------------- Instantiating /home/travis/build/icyphy/ptII/ptolemy/actor/lib/test/auto/ConfigurationSwitch.xml
2 ms. Memory: 340992K Free: 111654K (33%)
----------------- Invoking toplevel() on ptolemy.moml.MoMLSimpleApplication@108eb70b
----------------- Done invoking toplevel() on ptolemy.moml.MoMLSimpleApplication@108eb70b
reloadAllAccessors: .ConfigurationSwitch

===========================================================================================
----------------- testing Fri Mar 13 07:18:03 UTC 2020 /home/travis/build/icyphy/ptII/ptolemy/actor/lib/test/auto/ConfigurationSwitch2.xml
----------------- Instantiating /home/travis/build/icyphy/ptII/ptolemy/actor/lib/test/auto/ConfigurationSwitch2.xml
2 ms. Memory: 340992K Free: 106534K (31%)
----------------- Invoking toplevel() on ptolemy.moml.MoMLSimpleApplication@4914a14c
----------------- Done invoking toplevel() on ptolemy.moml.MoMLSimpleApplication@4914a14c
reloadAllAccessors: .ConfigurationSwitch2

===========================================================================================
----------------- testing Fri Mar 13 07:18:03 UTC 2020 /home/travis/build/icyphy/ptII/ptolemy/actor/lib/test/auto/ConfigurationSwitchCloningBugWithClassRelationGroup.xml
----------------- Instantiating /home/travis/build/icyphy/ptII/ptolemy/actor/lib/test/auto/ConfigurationSwitchCloningBugWithClassRelationGroup.xml
1 ms. Memory: 340992K Free: 99880K (29%)
----------------- Invoking toplevel() on ptolemy.moml.MoMLSimpleApplication@7baeab13
----------------- Done invoking toplevel() on ptolemy.moml.MoMLSimpleApplication@7baeab13
reloadAllAccessors: .ConfigurationSwitchCloningBugWithClassRelationGroup

===========================================================================================
----------------- testing Fri Mar 13 07:18:03 UTC 2020 /home/travis/build/icyphy/ptII/ptolemy/actor/lib/test/auto/ConfigurationSwitchSelectSDF.xml
----------------- Instantiating /home/travis/build/icyphy/ptII/ptolemy/actor/lib/test/auto/ConfigurationSwitchSelectSDF.xml
2 ms. Memory: 340992K Free: 94246K (28%)
----------------- Invoking toplevel() on ptolemy.moml.MoMLSimpleApplication@7dc6b023
----------------- Done invoking toplevel() on ptolemy.moml.MoMLSimpleApplication@7dc6b023
reloadAllAccessors: .ConfigurationSwitchSelectSDF

===========================================================================================
----------------- testing Fri Mar 13 07:18:03 UTC 2020 /home/travis/build/icyphy/ptII/ptolemy/actor/lib/test/auto/ConfigurationSwitchSelectSDF2.xml
----------------- Instantiating /home/travis/build/icyphy/ptII/ptolemy/actor/lib/test/auto/ConfigurationSwitchSelectSDF2.xml
2 ms. Memory: 340992K Free: 289231K (85%)
----------------- Invoking toplevel() on ptolemy.moml.MoMLSimpleApplication@509de50e
----------------- Done invoking toplevel() on ptolemy.moml.MoMLSimpleApplication@509de50e
reloadAllAccessors: .ConfigurationSwitchSelectSDF2

===========================================================================================
----------------- testing Fri Mar 13 07:18:03 UTC 2020 /home/travis/build/icyphy/ptII/ptolemy/actor/lib/test/auto/Const.xml
----------------- Instantiating /home/travis/build/icyphy/ptII/ptolemy/actor/lib/test/auto/Const.xml
1 ms. Memory: 340992K Free: 285663K (84%)
----------------- Invoking toplevel() on ptolemy.moml.MoMLSimpleApplication@1a7308ac
----------------- Done invoking toplevel() on ptolemy.moml.MoMLSimpleApplication@1a7308ac
reloadAllAccessors: .Const

===========================================================================================
----------------- testing Fri Mar 13 07:18:03 UTC 2020 /home/travis/build/icyphy/ptII/ptolemy/actor/lib/test/auto/Const2.xml
----------------- Instantiating /home/travis/build/icyphy/ptII/ptolemy/actor/lib/test/auto/Const2.xml
1 ms. Memory: 340992K Free: 281567K (83%)
----------------- Invoking toplevel() on ptolemy.moml.MoMLSimpleApplication@337d3c46
----------------- Done invoking toplevel() on ptolemy.moml.MoMLSimpleApplication@337d3c46
reloadAllAccessors: .Const2

===========================================================================================
----------------- testing Fri Mar 13 07:18:03 UTC 2020 /home/travis/build/icyphy/ptII/ptolemy/actor/lib/test/auto/Const3.xml
----------------- Instantiating /home/travis/build/icyphy/ptII/ptolemy/actor/lib/test/auto/Const3.xml
1 ms. Memory: 340992K Free: 279005K (82%)
----------------- Invoking toplevel() on ptolemy.moml.MoMLSimpleApplication@1c097c44
----------------- Done invoking toplevel() on ptolemy.moml.MoMLSimpleApplication@1c097c44
reloadAllAccessors: .Const3

===========================================================================================
----------------- testing Fri Mar 13 07:18:03 UTC 2020 /home/travis/build/icyphy/ptII/ptolemy/actor/lib/test/auto/ConstantPublisherPort1.xml
----------------- Instantiating /home/travis/build/icyphy/ptII/ptolemy/actor/lib/test/auto/ConstantPublisherPort1.xml
5 ms. Memory: 340992K Free: 270303K (79%)
----------------- Invoking toplevel() on ptolemy.moml.MoMLSimpleApplication@206bdc67
----------------- Done invoking toplevel() on ptolemy.moml.MoMLSimpleApplication@206bdc67
reloadAllAccessors: .ConstantPublisherPort1

===========================================================================================
----------------- testing Fri Mar 13 07:18:03 UTC 2020 /home/travis/build/icyphy/ptII/ptolemy/actor/lib/test/auto/ConstantPublisherPort2.xml
----------------- Instantiating /home/travis/build/icyphy/ptII/ptolemy/actor/lib/test/auto/ConstantPublisherPort2.xml
3 ms. Memory: 340992K Free: 262111K (77%)
----------------- Invoking toplevel() on ptolemy.moml.MoMLSimpleApplication@b16cb3
----------------- Done invoking toplevel() on ptolemy.moml.MoMLSimpleApplication@b16cb3
reloadAllAccessors: .ConstantPublisherPort2

===========================================================================================
----------------- testing Fri Mar 13 07:18:03 UTC 2020 /home/travis/build/icyphy/ptII/ptolemy/actor/lib/test/auto/ConstantPublisherPort3.xml
----------------- Instantiating /home/travis/build/icyphy/ptII/ptolemy/actor/lib/test/auto/ConstantPublisherPort3.xml
4 ms. Memory: 340992K Free: 254429K (75%)
----------------- Invoking toplevel() on ptolemy.moml.MoMLSimpleApplication@3a3a4820
----------------- Done invoking toplevel() on ptolemy.moml.MoMLSimpleApplication@3a3a4820
reloadAllAccessors: .ConstantPublisherPort3

===========================================================================================
----------------- testing Fri Mar 13 07:18:03 UTC 2020 /home/travis/build/icyphy/ptII/ptolemy/actor/lib/test/auto/ConstantPublisherPort4.xml
----------------- Instantiating /home/travis/build/icyphy/ptII/ptolemy/actor/lib/test/auto/ConstantPublisherPort4.xml
2 ms. Memory: 340992K Free: 247255K (73%)
----------------- Invoking toplevel() on ptolemy.moml.MoMLSimpleApplication@2f00475c
----------------- Done invoking toplevel() on ptolemy.moml.MoMLSimpleApplication@2f00475c
reloadAllAccessors: .ConstantPublisherPort4

===========================================================================================
----------------- testing Fri Mar 13 07:18:03 UTC 2020 /home/travis/build/icyphy/ptII/ptolemy/actor/lib/test/auto/ConstantPublisherPort5.xml
----------------- Instantiating /home/travis/build/icyphy/ptII/ptolemy/actor/lib/test/auto/ConstantPublisherPort5.xml
31 ms. Memory: 340992K Free: 237021K (70%)
----------------- Invoking toplevel() on ptolemy.moml.MoMLSimpleApplication@1fc9b437
----------------- Done invoking toplevel() on ptolemy.moml.MoMLSimpleApplication@1fc9b437
reloadAllAccessors: .ConstantPublisherPort5

===========================================================================================
----------------- testing Fri Mar 13 07:18:03 UTC 2020 /home/travis/build/icyphy/ptII/ptolemy/actor/lib/test/auto/ConstantPublisherPort6.xml
----------------- Instantiating /home/travis/build/icyphy/ptII/ptolemy/actor/lib/test/auto/ConstantPublisherPort6.xml
12 ms. Memory: 340992K Free: 228319K (67%)
----------------- Invoking toplevel() on ptolemy.moml.MoMLSimpleApplication@3339177f
----------------- Done invoking toplevel() on ptolemy.moml.MoMLSimpleApplication@3339177f
reloadAllAccessors: .ConstantPublisherPort6

===========================================================================================
----------------- testing Fri Mar 13 07:18:03 UTC 2020 /home/travis/build/icyphy/ptII/ptolemy/actor/lib/test/auto/ConstantPublisherPort7.xml
----------------- Instantiating /home/travis/build/icyphy/ptII/ptolemy/actor/lib/test/auto/ConstantPublisherPort7.xml
12 ms. Memory: 340992K Free: 219103K (64%)
----------------- Invoking toplevel() on ptolemy.moml.MoMLSimpleApplication@54463e8d
----------------- Done invoking toplevel() on ptolemy.moml.MoMLSimpleApplication@54463e8d
reloadAllAccessors: .ConstantPublisherPort7

===========================================================================================
----------------- testing Fri Mar 13 07:18:03 UTC 2020 /home/travis/build/icyphy/ptII/ptolemy/actor/lib/test/auto/ConstraintMonitor1.xml
----------------- Instantiating /home/travis/build/icyphy/ptII/ptolemy/actor/lib/test/auto/ConstraintMonitor1.xml
6 ms. Memory: 340992K Free: 213983K (63%)
----------------- Invoking toplevel() on ptolemy.moml.MoMLSimpleApplication@19ae9f88
----------------- Done invoking toplevel() on ptolemy.moml.MoMLSimpleApplication@19ae9f88
reloadAllAccessors: .ConstraintMonitor1

===========================================================================================
----------------- testing Fri Mar 13 07:18:03 UTC 2020 /home/travis/build/icyphy/ptII/ptolemy/actor/lib/test/auto/ConstraintMonitor2.xml
----------------- Instantiating /home/travis/build/icyphy/ptII/ptolemy/actor/lib/test/auto/ConstraintMonitor2.xml
4 ms. Memory: 340992K Free: 209887K (62%)
----------------- Invoking toplevel() on ptolemy.moml.MoMLSimpleApplication@674f3f97
----------------- Done invoking toplevel() on ptolemy.moml.MoMLSimpleApplication@674f3f97
reloadAllAccessors: .ConstraintMonitor2

===========================================================================================
----------------- testing Fri Mar 13 07:18:03 UTC 2020 /home/travis/build/icyphy/ptII/ptolemy/actor/lib/test/auto/ConstraintMonitor3.xml
----------------- Instantiating /home/travis/build/icyphy/ptII/ptolemy/actor/lib/test/auto/ConstraintMonitor3.xml
3 ms. Memory: 340992K Free: 205277K (60%)
----------------- Invoking toplevel() on ptolemy.moml.MoMLSimpleApplication@589e4dcc
----------------- Done invoking toplevel() on ptolemy.moml.MoMLSimpleApplication@589e4dcc
reloadAllAccessors: .ConstraintMonitor3

===========================================================================================
----------------- testing Fri Mar 13 07:18:03 UTC 2020 /home/travis/build/icyphy/ptII/ptolemy/actor/lib/test/auto/ConstraintMonitor4.xml
----------------- Instantiating /home/travis/build/icyphy/ptII/ptolemy/actor/lib/test/auto/ConstraintMonitor4.xml
3 ms. Memory: 340992K Free: 200157K (59%)
----------------- Invoking toplevel() on ptolemy.moml.MoMLSimpleApplication@43839c5a
----------------- Done invoking toplevel() on ptolemy.moml.MoMLSimpleApplication@43839c5a
reloadAllAccessors: .ConstraintMonitor4

===========================================================================================
----------------- testing Fri Mar 13 07:18:03 UTC 2020 /home/travis/build/icyphy/ptII/ptolemy/actor/lib/test/auto/ConstraintMonitor5.xml
----------------- Instantiating /home/travis/build/icyphy/ptII/ptolemy/actor/lib/test/auto/ConstraintMonitor5.xml
5 ms. Memory: 340992K Free: 195037K (57%)
----------------- Invoking toplevel() on ptolemy.moml.MoMLSimpleApplication@5e93310a
----------------- Done invoking toplevel() on ptolemy.moml.MoMLSimpleApplication@5e93310a
reloadAllAccessors: .ConstraintMonitor5

===========================================================================================
----------------- testing Fri Mar 13 07:18:03 UTC 2020 /home/travis/build/icyphy/ptII/ptolemy/actor/lib/test/auto/ConstraintMonitor6.xml
----------------- Instantiating /home/travis/build/icyphy/ptII/ptolemy/actor/lib/test/auto/ConstraintMonitor6.xml
3 ms. Memory: 340992K Free: 188863K (55%)
----------------- Invoking toplevel() on ptolemy.moml.MoMLSimpleApplication@1637d348
----------------- Done invoking toplevel() on ptolemy.moml.MoMLSimpleApplication@1637d348
reloadAllAccessors: .ConstraintMonitor6

===========================================================================================
----------------- testing Fri Mar 13 07:18:04 UTC 2020 /home/travis/build/icyphy/ptII/ptolemy/actor/lib/test/auto/ConstraintMonitor7.xml
----------------- Instantiating /home/travis/build/icyphy/ptII/ptolemy/actor/lib/test/auto/ConstraintMonitor7.xml
3 ms. Memory: 340992K Free: 182239K (53%)
----------------- Invoking toplevel() on ptolemy.moml.MoMLSimpleApplication@1719b6c2
----------------- Done invoking toplevel() on ptolemy.moml.MoMLSimpleApplication@1719b6c2
reloadAllAccessors: .ConstraintMonitor7

===========================================================================================
----------------- testing Fri Mar 13 07:18:04 UTC 2020 /home/travis/build/icyphy/ptII/ptolemy/actor/lib/test/auto/ConstraintMonitor8.xml
----------------- Instantiating /home/travis/build/icyphy/ptII/ptolemy/actor/lib/test/auto/ConstraintMonitor8.xml
3 ms. Memory: 340992K Free: 175071K (51%)
----------------- Invoking toplevel() on ptolemy.moml.MoMLSimpleApplication@4575a343
----------------- Done invoking toplevel() on ptolemy.moml.MoMLSimpleApplication@4575a343
reloadAllAccessors: .ConstraintMonitor8

===========================================================================================
----------------- testing Fri Mar 13 07:18:04 UTC 2020 /home/travis/build/icyphy/ptII/ptolemy/actor/lib/test/auto/Counter.xml
----------------- Instantiating /home/travis/build/icyphy/ptII/ptolemy/actor/lib/test/auto/Counter.xml
2 ms. Memory: 340992K Free: 169951K (50%)
----------------- Invoking toplevel() on ptolemy.moml.MoMLSimpleApplication@5cd33ff4
----------------- Done invoking toplevel() on ptolemy.moml.MoMLSimpleApplication@5cd33ff4
reloadAllAccessors: .Counter

===========================================================================================
----------------- testing Fri Mar 13 07:18:04 UTC 2020 /home/travis/build/icyphy/ptII/ptolemy/actor/lib/test/auto/CurrentTimeSDF.xml
----------------- Instantiating /home/travis/build/icyphy/ptII/ptolemy/actor/lib/test/auto/CurrentTimeSDF.xml
2 ms. Memory: 340992K Free: 165855K (49%)
----------------- Invoking toplevel() on ptolemy.moml.MoMLSimpleApplication@17efe8a9
----------------- Done invoking toplevel() on ptolemy.moml.MoMLSimpleApplication@17efe8a9
reloadAllAccessors: .CurrentTimeSDF

===========================================================================================
----------------- testing Fri Mar 13 07:18:04 UTC 2020 /home/travis/build/icyphy/ptII/ptolemy/actor/lib/test/auto/DB.xml
----------------- Instantiating /home/travis/build/icyphy/ptII/ptolemy/actor/lib/test/auto/DB.xml
2 ms. Memory: 340992K Free: 160735K (47%)
----------------- Invoking toplevel() on ptolemy.moml.MoMLSimpleApplication@1101bf2f
----------------- Done invoking toplevel() on ptolemy.moml.MoMLSimpleApplication@1101bf2f
reloadAllAccessors: .DB

===========================================================================================
----------------- testing Fri Mar 13 07:18:04 UTC 2020 /home/travis/build/icyphy/ptII/ptolemy/actor/lib/test/auto/DBDE.xml
----------------- Instantiating /home/travis/build/icyphy/ptII/ptolemy/actor/lib/test/auto/DBDE.xml
2 ms. Memory: 340992K Free: 155071K (45%)
----------------- Invoking toplevel() on ptolemy.moml.MoMLSimpleApplication@4f50c53b
----------------- Done invoking toplevel() on ptolemy.moml.MoMLSimpleApplication@4f50c53b
reloadAllAccessors: .DBDE

===========================================================================================
----------------- testing Fri Mar 13 07:18:04 UTC 2020 /home/travis/build/icyphy/ptII/ptolemy/actor/lib/test/auto/DateConstructor.xml
----------------- Instantiating /home/travis/build/icyphy/ptII/ptolemy/actor/lib/test/auto/DateConstructor.xml
24 ms. Memory: 340992K Free: 137693K (40%)
----------------- Invoking toplevel() on ptolemy.moml.MoMLSimpleApplication@49d2f58
----------------- Done invoking toplevel() on ptolemy.moml.MoMLSimpleApplication@49d2f58
reloadAllAccessors: .DateConstructor

===========================================================================================
----------------- testing Fri Mar 13 07:18:04 UTC 2020 /home/travis/build/icyphy/ptII/ptolemy/actor/lib/test/auto/DelayTime.xml
----------------- Instantiating /home/travis/build/icyphy/ptII/ptolemy/actor/lib/test/auto/DelayTime.xml
3 ms. Memory: 340992K Free: 132573K (39%)
----------------- Invoking toplevel() on ptolemy.moml.MoMLSimpleApplication@19e2998a
----------------- Done invoking toplevel() on ptolemy.moml.MoMLSimpleApplication@19e2998a
reloadAllAccessors: .DelayTime

===========================================================================================
----------------- testing Fri Mar 13 07:18:04 UTC 2020 /home/travis/build/icyphy/ptII/ptolemy/actor/lib/test/auto/Dictionary1.xml
----------------- Instantiating /home/travis/build/icyphy/ptII/ptolemy/actor/lib/test/auto/Dictionary1.xml
1 ms. Memory: 340992K Free: 127453K (37%)
----------------- Invoking toplevel() on ptolemy.moml.MoMLSimpleApplication@72b5ccec
----------------- Done invoking toplevel() on ptolemy.moml.MoMLSimpleApplication@72b5ccec
reloadAllAccessors: .Dictionary1

===========================================================================================
----------------- testing Fri Mar 13 07:18:04 UTC 2020 /home/travis/build/icyphy/ptII/ptolemy/actor/lib/test/auto/Dictionary2.xml
----------------- Instantiating /home/travis/build/icyphy/ptII/ptolemy/actor/lib/test/auto/Dictionary2.xml
4 ms. Memory: 340992K Free: 121823K (36%)
----------------- Invoking toplevel() on ptolemy.moml.MoMLSimpleApplication@461c0ba5
----------------- Done invoking toplevel() on ptolemy.moml.MoMLSimpleApplication@461c0ba5
reloadAllAccessors: .Dictionary2

===========================================================================================
----------------- testing Fri Mar 13 07:18:04 UTC 2020 /home/travis/build/icyphy/ptII/ptolemy/actor/lib/test/auto/Dictionary3.xml
----------------- Instantiating /home/travis/build/icyphy/ptII/ptolemy/actor/lib/test/auto/Dictionary3.xml
4 ms. Memory: 340992K Free: 116189K (34%)
----------------- Invoking toplevel() on ptolemy.moml.MoMLSimpleApplication@7d76067f
----------------- Done invoking toplevel() on ptolemy.moml.MoMLSimpleApplication@7d76067f
reloadAllAccessors: .Dictionary3

===========================================================================================
----------------- testing Fri Mar 13 07:18:04 UTC 2020 /home/travis/build/icyphy/ptII/ptolemy/actor/lib/test/auto/Dictionary4.xml
----------------- Instantiating /home/travis/build/icyphy/ptII/ptolemy/actor/lib/test/auto/Dictionary4.xml
3 ms. Memory: 340992K Free: 109021K (32%)
----------------- Invoking toplevel() on ptolemy.moml.MoMLSimpleApplication@399671dc
----------------- Done invoking toplevel() on ptolemy.moml.MoMLSimpleApplication@399671dc
reloadAllAccessors: .Dictionary4

===========================================================================================
----------------- testing Fri Mar 13 07:18:04 UTC 2020 /home/travis/build/icyphy/ptII/ptolemy/actor/lib/test/auto/Differential.xml
----------------- Instantiating /home/travis/build/icyphy/ptII/ptolemy/actor/lib/test/auto/Differential.xml
3 ms. Memory: 340992K Free: 104925K (31%)
----------------- Invoking toplevel() on ptolemy.moml.MoMLSimpleApplication@7bef58cd
----------------- Done invoking toplevel() on ptolemy.moml.MoMLSimpleApplication@7bef58cd
reloadAllAccessors: .Differential

===========================================================================================
----------------- testing Fri Mar 13 07:18:04 UTC 2020 /home/travis/build/icyphy/ptII/ptolemy/actor/lib/test/auto/Director.xml
----------------- Instantiating /home/travis/build/icyphy/ptII/ptolemy/actor/lib/test/auto/Director.xml
4 ms. Memory: 340992K Free: 101343K (30%)
----------------- Invoking toplevel() on ptolemy.moml.MoMLSimpleApplication@671dcb49
----------------- Done invoking toplevel() on ptolemy.moml.MoMLSimpleApplication@671dcb49
reloadAllAccessors: .Director

===========================================================================================
----------------- testing Fri Mar 13 07:18:04 UTC 2020 /home/travis/build/icyphy/ptII/ptolemy/actor/lib/test/auto/DiscreteClock.xml
----------------- Instantiating /home/travis/build/icyphy/ptII/ptolemy/actor/lib/test/auto/DiscreteClock.xml
2 ms. Memory: 340992K Free: 97247K (29%)
----------------- Invoking toplevel() on ptolemy.moml.MoMLSimpleApplication@1af6aa8e
----------------- Done invoking toplevel() on ptolemy.moml.MoMLSimpleApplication@1af6aa8e
reloadAllAccessors: .DiscreteClock

===========================================================================================
----------------- testing Fri Mar 13 07:18:04 UTC 2020 /home/travis/build/icyphy/ptII/ptolemy/actor/lib/test/auto/DiscreteClock10.xml
----------------- Instantiating /home/travis/build/icyphy/ptII/ptolemy/actor/lib/test/auto/DiscreteClock10.xml
27 ms. Memory: 536576K Free: 486680K (91%)
----------------- Invoking toplevel() on ptolemy.moml.MoMLSimpleApplication@7b21e458
----------------- Done invoking toplevel() on ptolemy.moml.MoMLSimpleApplication@7b21e458
reloadAllAccessors: .DiscreteClock10

===========================================================================================
----------------- testing Fri Mar 13 07:18:04 UTC 2020 /home/travis/build/icyphy/ptII/ptolemy/actor/lib/test/auto/DiscreteClock11.xml
----------------- Instantiating /home/travis/build/icyphy/ptII/ptolemy/actor/lib/test/auto/DiscreteClock11.xml
2 ms. Memory: 536576K Free: 479892K (89%)
----------------- Invoking toplevel() on ptolemy.moml.MoMLSimpleApplication@26b324b9
----------------- Done invoking toplevel() on ptolemy.moml.MoMLSimpleApplication@26b324b9
reloadAllAccessors: .DiscreteClock11

===========================================================================================
----------------- testing Fri Mar 13 07:18:04 UTC 2020 /home/travis/build/icyphy/ptII/ptolemy/actor/lib/test/auto/DiscreteClock12.xml
----------------- Instantiating /home/travis/build/icyphy/ptII/ptolemy/actor/lib/test/auto/DiscreteClock12.xml
4 ms. Memory: 536576K Free: 474258K (88%)
----------------- Invoking toplevel() on ptolemy.moml.MoMLSimpleApplication@5e91b377
----------------- Done invoking toplevel() on ptolemy.moml.MoMLSimpleApplication@5e91b377
reloadAllAccessors: .DiscreteClock12

===========================================================================================
----------------- testing Fri Mar 13 07:18:04 UTC 2020 /home/travis/build/icyphy/ptII/ptolemy/actor/lib/test/auto/DiscreteClock13.xml
----------------- Instantiating /home/travis/build/icyphy/ptII/ptolemy/actor/lib/test/auto/DiscreteClock13.xml
3 ms. Memory: 536576K Free: 468084K (87%)
----------------- Invoking toplevel() on ptolemy.moml.MoMLSimpleApplication@660817d1
----------------- Done invoking toplevel() on ptolemy.moml.MoMLSimpleApplication@660817d1
reloadAllAccessors: .DiscreteClock13

===========================================================================================
----------------- testing Fri Mar 13 07:18:04 UTC 2020 /home/travis/build/icyphy/ptII/ptolemy/actor/lib/test/auto/DiscreteClock14.xml
----------------- Instantiating /home/travis/build/icyphy/ptII/ptolemy/actor/lib/test/auto/DiscreteClock14.xml
4 ms. Memory: 536576K Free: 461937K (86%)
----------------- Invoking toplevel() on ptolemy.moml.MoMLSimpleApplication@24c9d7b4
----------------- Done invoking toplevel() on ptolemy.moml.MoMLSimpleApplication@24c9d7b4
reloadAllAccessors: .DiscreteClock14

===========================================================================================
----------------- testing Fri Mar 13 07:18:04 UTC 2020 /home/travis/build/icyphy/ptII/ptolemy/actor/lib/test/auto/DiscreteClock15.xml
----------------- Instantiating /home/travis/build/icyphy/ptII/ptolemy/actor/lib/test/auto/DiscreteClock15.xml
3 ms. Memory: 536576K Free: 455820K (85%)
----------------- Invoking toplevel() on ptolemy.moml.MoMLSimpleApplication@7a744b7d
----------------- Done invoking toplevel() on ptolemy.moml.MoMLSimpleApplication@7a744b7d
reloadAllAccessors: .DiscreteClock15

===========================================================================================
----------------- testing Fri Mar 13 07:18:04 UTC 2020 /home/travis/build/icyphy/ptII/ptolemy/actor/lib/test/auto/DiscreteClock16.xml
----------------- Instantiating /home/travis/build/icyphy/ptII/ptolemy/actor/lib/test/auto/DiscreteClock16.xml
18 ms. Memory: 536576K Free: 442004K (82%)
----------------- Invoking toplevel() on ptolemy.moml.MoMLSimpleApplication@4e141d72
----------------- Done invoking toplevel() on ptolemy.moml.MoMLSimpleApplication@4e141d72
reloadAllAccessors: .DiscreteClock16

===========================================================================================
----------------- testing Fri Mar 13 07:18:04 UTC 2020 /home/travis/build/icyphy/ptII/ptolemy/actor/lib/test/auto/DiscreteClock17.xml
----------------- Instantiating /home/travis/build/icyphy/ptII/ptolemy/actor/lib/test/auto/DiscreteClock17.xml
13 ms. Memory: 536576K Free: 427668K (80%)
----------------- Invoking toplevel() on ptolemy.moml.MoMLSimpleApplication@ef165dd
----------------- Done invoking toplevel() on ptolemy.moml.MoMLSimpleApplication@ef165dd
reloadAllAccessors: .DiscreteClock17

===========================================================================================
----------------- testing Fri Mar 13 07:18:04 UTC 2020 /home/travis/build/icyphy/ptII/ptolemy/actor/lib/test/auto/DiscreteClock18.xml
----------------- Instantiating /home/travis/build/icyphy/ptII/ptolemy/actor/lib/test/auto/DiscreteClock18.xml
11 ms. Memory: 536576K Free: 413828K (77%)
----------------- Invoking toplevel() on ptolemy.moml.MoMLSimpleApplication@55d8f079
----------------- Done invoking toplevel() on ptolemy.moml.MoMLSimpleApplication@55d8f079
reloadAllAccessors: .DiscreteClock18

===========================================================================================
----------------- testing Fri Mar 13 07:18:04 UTC 2020 /home/travis/build/icyphy/ptII/ptolemy/actor/lib/test/auto/DiscreteClock19.xml
----------------- Instantiating /home/travis/build/icyphy/ptII/ptolemy/actor/lib/test/auto/DiscreteClock19.xml
11 ms. Memory: 536576K Free: 400020K (75%)
----------------- Invoking toplevel() on ptolemy.moml.MoMLSimpleApplication@d926969
----------------- Done invoking toplevel() on ptolemy.moml.MoMLSimpleApplication@d926969
reloadAllAccessors: .DiscreteClock19

===========================================================================================
----------------- testing Fri Mar 13 07:18:04 UTC 2020 /home/travis/build/icyphy/ptII/ptolemy/actor/lib/test/auto/DiscreteClock2.xml
----------------- Instantiating /home/travis/build/icyphy/ptII/ptolemy/actor/lib/test/auto/DiscreteClock2.xml
6 ms. Memory: 536576K Free: 394900K (74%)
----------------- Invoking toplevel() on ptolemy.moml.MoMLSimpleApplication@a6b21be
----------------- Done invoking toplevel() on ptolemy.moml.MoMLSimpleApplication@a6b21be
reloadAllAccessors: .DiscreteClock2

===========================================================================================
----------------- testing Fri Mar 13 07:18:04 UTC 2020 /home/travis/build/icyphy/ptII/ptolemy/actor/lib/test/auto/DiscreteClock20.xml
----------------- Instantiating /home/travis/build/icyphy/ptII/ptolemy/actor/lib/test/auto/DiscreteClock20.xml
2 ms. Memory: 536576K Free: 389780K (73%)
----------------- Invoking toplevel() on ptolemy.moml.MoMLSimpleApplication@5b531f27
----------------- Done invoking toplevel() on ptolemy.moml.MoMLSimpleApplication@5b531f27
reloadAllAccessors: .DiscreteClock20

===========================================================================================
----------------- testing Fri Mar 13 07:18:04 UTC 2020 /home/travis/build/icyphy/ptII/ptolemy/actor/lib/test/auto/DiscreteClock21.xml
----------------- Instantiating /home/travis/build/icyphy/ptII/ptolemy/actor/lib/test/auto/DiscreteClock21.xml
6 ms. Memory: 536576K Free: 384146K (72%)
----------------- Invoking toplevel() on ptolemy.moml.MoMLSimpleApplication@92d9158
----------------- Done invoking toplevel() on ptolemy.moml.MoMLSimpleApplication@92d9158
reloadAllAccessors: .DiscreteClock21

===========================================================================================
----------------- testing Fri Mar 13 07:18:04 UTC 2020 /home/travis/build/icyphy/ptII/ptolemy/actor/lib/test/auto/DiscreteClock22.xml
----------------- Instantiating /home/travis/build/icyphy/ptII/ptolemy/actor/lib/test/auto/DiscreteClock22.xml
5 ms. Memory: 536576K Free: 378516K (71%)
----------------- Invoking toplevel() on ptolemy.moml.MoMLSimpleApplication@716f6811
----------------- Done invoking toplevel() on ptolemy.moml.MoMLSimpleApplication@716f6811
reloadAllAccessors: .DiscreteClock22

===========================================================================================
----------------- testing Fri Mar 13 07:18:04 UTC 2020 /home/travis/build/icyphy/ptII/ptolemy/actor/lib/test/auto/DiscreteClock23.xml
----------------- Instantiating /home/travis/build/icyphy/ptII/ptolemy/actor/lib/test/auto/DiscreteClock23.xml
9 ms. Memory: 536576K Free: 372882K (69%)
----------------- Invoking toplevel() on ptolemy.moml.MoMLSimpleApplication@ffb955d
----------------- Done invoking toplevel() on ptolemy.moml.MoMLSimpleApplication@ffb955d
reloadAllAccessors: .DiscreteClock23

===========================================================================================
----------------- testing Fri Mar 13 07:18:04 UTC 2020 /home/travis/build/icyphy/ptII/ptolemy/actor/lib/test/auto/DiscreteClock24.xml
----------------- Instantiating /home/travis/build/icyphy/ptII/ptolemy/actor/lib/test/auto/DiscreteClock24.xml
4 ms. Memory: 536576K Free: 367762K (69%)
----------------- Invoking toplevel() on ptolemy.moml.MoMLSimpleApplication@7972924c
----------------- Done invoking toplevel() on ptolemy.moml.MoMLSimpleApplication@7972924c
reloadAllAccessors: .DiscreteClock24

===========================================================================================
----------------- testing Fri Mar 13 07:18:04 UTC 2020 /home/travis/build/icyphy/ptII/ptolemy/actor/lib/test/auto/DiscreteClock4.xml
----------------- Instantiating /home/travis/build/icyphy/ptII/ptolemy/actor/lib/test/auto/DiscreteClock4.xml
4 ms. Memory: 536576K Free: 362132K (67%)
----------------- Invoking toplevel() on ptolemy.moml.MoMLSimpleApplication@656693a7
----------------- Done invoking toplevel() on ptolemy.moml.MoMLSimpleApplication@656693a7
reloadAllAccessors: .DiscreteClock4

===========================================================================================
----------------- testing Fri Mar 13 07:18:04 UTC 2020 /home/travis/build/icyphy/ptII/ptolemy/actor/lib/test/auto/DiscreteClock5.xml
----------------- Instantiating /home/travis/build/icyphy/ptII/ptolemy/actor/lib/test/auto/DiscreteClock5.xml
1 ms. Memory: 536576K Free: 356492K (66%)
----------------- Invoking toplevel() on ptolemy.moml.MoMLSimpleApplication@5d11559a
----------------- Done invoking toplevel() on ptolemy.moml.MoMLSimpleApplication@5d11559a
reloadAllAccessors: .DiscreteClock5

===========================================================================================
----------------- testing Fri Mar 13 07:18:04 UTC 2020 /home/travis/build/icyphy/ptII/ptolemy/actor/lib/test/auto/DiscreteClock6.xml
----------------- Instantiating /home/travis/build/icyphy/ptII/ptolemy/actor/lib/test/auto/DiscreteClock6.xml
1 ms. Memory: 536576K Free: 351892K (66%)
----------------- Invoking toplevel() on ptolemy.moml.MoMLSimpleApplication@2cb6afe1
----------------- Done invoking toplevel() on ptolemy.moml.MoMLSimpleApplication@2cb6afe1
reloadAllAccessors: .DiscreteClock6

===========================================================================================
----------------- testing Fri Mar 13 07:18:04 UTC 2020 /home/travis/build/icyphy/ptII/ptolemy/actor/lib/test/auto/DiscreteClock7.xml
----------------- Instantiating /home/travis/build/icyphy/ptII/ptolemy/actor/lib/test/auto/DiscreteClock7.xml
3 ms. Memory: 536576K Free: 347282K (65%)
----------------- Invoking toplevel() on ptolemy.moml.MoMLSimpleApplication@1a82190d
----------------- Done invoking toplevel() on ptolemy.moml.MoMLSimpleApplication@1a82190d
reloadAllAccessors: .DiscreteClock7

===========================================================================================
----------------- testing Fri Mar 13 07:18:04 UTC 2020 /home/travis/build/icyphy/ptII/ptolemy/actor/lib/test/auto/DiscreteClock8.xml
----------------- Instantiating /home/travis/build/icyphy/ptII/ptolemy/actor/lib/test/auto/DiscreteClock8.xml
5 ms. Memory: 536576K Free: 341652K (64%)
----------------- Invoking toplevel() on ptolemy.moml.MoMLSimpleApplication@254c0e6c
----------------- Done invoking toplevel() on ptolemy.moml.MoMLSimpleApplication@254c0e6c
reloadAllAccessors: .DiscreteClock8

===========================================================================================
----------------- testing Fri Mar 13 07:18:04 UTC 2020 /home/travis/build/icyphy/ptII/ptolemy/actor/lib/test/auto/DiscreteClock9.xml
----------------- Instantiating /home/travis/build/icyphy/ptII/ptolemy/actor/lib/test/auto/DiscreteClock9.xml
4 ms. Memory: 536576K Free: 336004K (63%)
----------------- Invoking toplevel() on ptolemy.moml.MoMLSimpleApplication@3c5a82ad
----------------- Done invoking toplevel() on ptolemy.moml.MoMLSimpleApplication@3c5a82ad
reloadAllAccessors: .DiscreteClock9

===========================================================================================
----------------- testing Fri Mar 13 07:18:05 UTC 2020 /home/travis/build/icyphy/ptII/ptolemy/actor/lib/test/auto/DisplayArray.xml
----------------- Instantiating /home/travis/build/icyphy/ptII/ptolemy/actor/lib/test/auto/DisplayArray.xml
1 ms. Memory: 536576K Free: 332436K (62%)
----------------- Invoking toplevel() on ptolemy.moml.MoMLSimpleApplication@493d01d9
----------------- Done invoking toplevel() on ptolemy.moml.MoMLSimpleApplication@493d01d9
reloadAllAccessors: .DisplayArray

===========================================================================================
----------------- testing Fri Mar 13 07:18:05 UTC 2020 /home/travis/build/icyphy/ptII/ptolemy/actor/lib/test/auto/Distributor.xml
----------------- Instantiating /home/travis/build/icyphy/ptII/ptolemy/actor/lib/test/auto/Distributor.xml
2 ms. Memory: 536576K Free: 327826K (61%)
----------------- Invoking toplevel() on ptolemy.moml.MoMLSimpleApplication@5aefeb56
----------------- Done invoking toplevel() on ptolemy.moml.MoMLSimpleApplication@5aefeb56
reloadAllAccessors: .Distributor

===========================================================================================
----------------- testing Fri Mar 13 07:18:05 UTC 2020 /home/travis/build/icyphy/ptII/ptolemy/actor/lib/test/auto/Distributor2.xml
----------------- Instantiating /home/travis/build/icyphy/ptII/ptolemy/actor/lib/test/auto/Distributor2.xml
2 ms. Memory: 536576K Free: 322706K (60%)
----------------- Invoking toplevel() on ptolemy.moml.MoMLSimpleApplication@41d87c0d
----------------- Done invoking toplevel() on ptolemy.moml.MoMLSimpleApplication@41d87c0d
reloadAllAccessors: .Distributor2

===========================================================================================
----------------- testing Fri Mar 13 07:18:05 UTC 2020 /home/travis/build/icyphy/ptII/ptolemy/actor/lib/test/auto/DownSample.xml
----------------- Instantiating /home/travis/build/icyphy/ptII/ptolemy/actor/lib/test/auto/DownSample.xml
1 ms. Memory: 536576K Free: 318100K (59%)
----------------- Invoking toplevel() on ptolemy.moml.MoMLSimpleApplication@644f861a
----------------- Done invoking toplevel() on ptolemy.moml.MoMLSimpleApplication@644f861a
reloadAllAccessors: .DownSample

===========================================================================================
----------------- testing Fri Mar 13 07:18:05 UTC 2020 /home/travis/build/icyphy/ptII/ptolemy/actor/lib/test/auto/ElectronicUnitBase1.xml
----------------- Instantiating /home/travis/build/icyphy/ptII/ptolemy/actor/lib/test/auto/ElectronicUnitBase1.xml
15 ms. Memory: 536576K Free: 301202K (56%)
----------------- Invoking toplevel() on ptolemy.moml.MoMLSimpleApplication@1e0a2307
----------------- Done invoking toplevel() on ptolemy.moml.MoMLSimpleApplication@1e0a2307
reloadAllAccessors: .ElectronicUnitBase1

===========================================================================================
----------------- testing Fri Mar 13 07:18:05 UTC 2020 /home/travis/build/icyphy/ptII/ptolemy/actor/lib/test/auto/ElementsToArray.xml
----------------- Instantiating /home/travis/build/icyphy/ptII/ptolemy/actor/lib/test/auto/ElementsToArray.xml
3 ms. Memory: 536576K Free: 296082K (55%)
----------------- Invoking toplevel() on ptolemy.moml.MoMLSimpleApplication@53a1494e
----------------- Done invoking toplevel() on ptolemy.moml.MoMLSimpleApplication@53a1494e
reloadAllAccessors: .ElementsToArray

===========================================================================================
----------------- testing Fri Mar 13 07:18:05 UTC 2020 /home/travis/build/icyphy/ptII/ptolemy/actor/lib/test/auto/Equals.xml
----------------- Instantiating /home/travis/build/icyphy/ptII/ptolemy/actor/lib/test/auto/Equals.xml
3 ms. Memory: 536576K Free: 291476K (54%)
----------------- Invoking toplevel() on ptolemy.moml.MoMLSimpleApplication@600d06d5
----------------- Done invoking toplevel() on ptolemy.moml.MoMLSimpleApplication@600d06d5
reloadAllAccessors: .Equals

===========================================================================================
----------------- testing Fri Mar 13 07:18:05 UTC 2020 /home/travis/build/icyphy/ptII/ptolemy/actor/lib/test/auto/Exec.xml
----------------- Instantiating /home/travis/build/icyphy/ptII/ptolemy/actor/lib/test/auto/Exec.xml
17 ms. Memory: 536576K Free: 285842K (53%)
----------------- Invoking toplevel() on ptolemy.moml.MoMLSimpleApplication@ca644b8
----------------- Done invoking toplevel() on ptolemy.moml.MoMLSimpleApplication@ca644b8
reloadAllAccessors: .Exec

===========================================================================================
----------------- testing Fri Mar 13 07:18:05 UTC 2020 /home/travis/build/icyphy/ptII/ptolemy/actor/lib/test/auto/ExecEnvironment.xml
----------------- Instantiating /home/travis/build/icyphy/ptII/ptolemy/actor/lib/test/auto/ExecEnvironment.xml
19 ms. Memory: 536576K Free: 280708K (52%)
----------------- Invoking toplevel() on ptolemy.moml.MoMLSimpleApplication@2494a316
----------------- Done invoking toplevel() on ptolemy.moml.MoMLSimpleApplication@2494a316
reloadAllAccessors: .ExecEnvironment

===========================================================================================
----------------- testing Fri Mar 13 07:18:05 UTC 2020 /home/travis/build/icyphy/ptII/ptolemy/actor/lib/test/auto/ExecNonZeroReturnOutput.xml
----------------- Instantiating /home/travis/build/icyphy/ptII/ptolemy/actor/lib/test/auto/ExecNonZeroReturnOutput.xml
157 ms. Memory: 536576K Free: 268434K (50%)
----------------- Invoking toplevel() on ptolemy.moml.MoMLSimpleApplication@4da844b7
----------------- Done invoking toplevel() on ptolemy.moml.MoMLSimpleApplication@4da844b7
reloadAllAccessors: .ExecNonZeroReturnOutput

===========================================================================================
----------------- testing Fri Mar 13 07:18:05 UTC 2020 /home/travis/build/icyphy/ptII/ptolemy/actor/lib/test/auto/ExecRunDemos.xml
----------------- Instantiating /home/travis/build/icyphy/ptII/ptolemy/actor/lib/test/auto/ExecRunDemos.xml
Finished: 64 ms. Memory: 129024K Free: 112037K (87%)

Finished: 74 ms. Memory: 129024K Free: 109396K (85%)

Finished: 89 ms. Memory: 129024K Free: 109532K (85%)

Finished: 90 ms. Memory: 129024K Free: 111144K (86%)

Finished: 62 ms. Memory: 129024K Free: 111943K (87%)

10300 ms. Memory: 536576K Free: 247442K (46%)
----------------- Invoking toplevel() on ptolemy.moml.MoMLSimpleApplication@57f3882b
----------------- Done invoking toplevel() on ptolemy.moml.MoMLSimpleApplication@57f3882b
reloadAllAccessors: .ExecRunDemos

===========================================================================================
----------------- testing Fri Mar 13 07:18:15 UTC 2020 /home/travis/build/icyphy/ptII/ptolemy/actor/lib/test/auto/ExecStop.xml
----------------- Instantiating /home/travis/build/icyphy/ptII/ptolemy/actor/lib/test/auto/ExecStop.xml
5023 ms. Memory: 536576K Free: 404443K (75%)
----------------- Invoking toplevel() on ptolemy.moml.MoMLSimpleApplication@2545ef24
----------------- Done invoking toplevel() on ptolemy.moml.MoMLSimpleApplication@2545ef24
reloadAllAccessors: .ExecStop

===========================================================================================
----------------- testing Fri Mar 13 07:18:20 UTC 2020 /home/travis/build/icyphy/ptII/ptolemy/actor/lib/test/auto/ExecutionTimeSDF.xml
----------------- Instantiating /home/travis/build/icyphy/ptII/ptolemy/actor/lib/test/auto/ExecutionTimeSDF.xml
Fired ExecutionTime: -1365367296
Fired ExecutionTime: 1339200000
Fired ExecutionTime: -178567296
6012 ms. Memory: 536576K Free: 391182K (73%)

===========================================================================================
----------------- testing Fri Mar 13 07:18:26 UTC 2020 /home/travis/build/icyphy/ptII/ptolemy/actor/lib/test/auto/Expression1.xml
----------------- Instantiating /home/travis/build/icyphy/ptII/ptolemy/actor/lib/test/auto/Expression1.xml
2 ms. Memory: 536576K Free: 386576K (72%)
----------------- Invoking toplevel() on ptolemy.moml.MoMLSimpleApplication@7fdc6726
----------------- Done invoking toplevel() on ptolemy.moml.MoMLSimpleApplication@7fdc6726
reloadAllAccessors: .Expression1

===========================================================================================
----------------- testing Fri Mar 13 07:18:26 UTC 2020 /home/travis/build/icyphy/ptII/ptolemy/actor/lib/test/auto/Expression10.xml
----------------- Instantiating /home/travis/build/icyphy/ptII/ptolemy/actor/lib/test/auto/Expression10.xml
6 ms. Memory: 536576K Free: 380942K (71%)
----------------- Invoking toplevel() on ptolemy.moml.MoMLSimpleApplication@47f5ddda
----------------- Done invoking toplevel() on ptolemy.moml.MoMLSimpleApplication@47f5ddda
reloadAllAccessors: .Expression10

===========================================================================================
----------------- testing Fri Mar 13 07:18:26 UTC 2020 /home/travis/build/icyphy/ptII/ptolemy/actor/lib/test/auto/Expression11.xml
----------------- Instantiating /home/travis/build/icyphy/ptII/ptolemy/actor/lib/test/auto/Expression11.xml
4 ms. Memory: 536576K Free: 375822K (70%)
----------------- Invoking toplevel() on ptolemy.moml.MoMLSimpleApplication@4d438837
----------------- Done invoking toplevel() on ptolemy.moml.MoMLSimpleApplication@4d438837
reloadAllAccessors: .Expression11

===========================================================================================
----------------- testing Fri Mar 13 07:18:26 UTC 2020 /home/travis/build/icyphy/ptII/ptolemy/actor/lib/test/auto/Expression12.xml
----------------- Instantiating /home/travis/build/icyphy/ptII/ptolemy/actor/lib/test/auto/Expression12.xml
3 ms. Memory: 536576K Free: 370702K (69%)
----------------- Invoking toplevel() on ptolemy.moml.MoMLSimpleApplication@4d9dee9d
----------------- Done invoking toplevel() on ptolemy.moml.MoMLSimpleApplication@4d9dee9d
reloadAllAccessors: .Expression12

===========================================================================================
----------------- testing Fri Mar 13 07:18:27 UTC 2020 /home/travis/build/icyphy/ptII/ptolemy/actor/lib/test/auto/Expression13.xml
----------------- Instantiating /home/travis/build/icyphy/ptII/ptolemy/actor/lib/test/auto/Expression13.xml
3 ms. Memory: 536576K Free: 365582K (68%)
----------------- Invoking toplevel() on ptolemy.moml.MoMLSimpleApplication@6b0f9b09
----------------- Done invoking toplevel() on ptolemy.moml.MoMLSimpleApplication@6b0f9b09
reloadAllAccessors: .Expression13

===========================================================================================
----------------- testing Fri Mar 13 07:18:27 UTC 2020 /home/travis/build/icyphy/ptII/ptolemy/actor/lib/test/auto/Expression14.xml
----------------- Instantiating /home/travis/build/icyphy/ptII/ptolemy/actor/lib/test/auto/Expression14.xml
8 ms. Memory: 536576K Free: 359438K (67%)
----------------- Invoking toplevel() on ptolemy.moml.MoMLSimpleApplication@6cd74934
----------------- Done invoking toplevel() on ptolemy.moml.MoMLSimpleApplication@6cd74934
reloadAllAccessors: .Expression14

===========================================================================================
----------------- testing Fri Mar 13 07:18:27 UTC 2020 /home/travis/build/icyphy/ptII/ptolemy/actor/lib/test/auto/Expression15.xml
----------------- Instantiating /home/travis/build/icyphy/ptII/ptolemy/actor/lib/test/auto/Expression15.xml
2 ms. Memory: 536576K Free: 355342K (66%)
----------------- Invoking toplevel() on ptolemy.moml.MoMLSimpleApplication@91c25ac
----------------- Done invoking toplevel() on ptolemy.moml.MoMLSimpleApplication@91c25ac
reloadAllAccessors: .Expression15

===========================================================================================
----------------- testing Fri Mar 13 07:18:27 UTC 2020 /home/travis/build/icyphy/ptII/ptolemy/actor/lib/test/auto/Expression16.xml
----------------- Instantiating /home/travis/build/icyphy/ptII/ptolemy/actor/lib/test/auto/Expression16.xml
4 ms. Memory: 536576K Free: 350222K (65%)
----------------- Invoking toplevel() on ptolemy.moml.MoMLSimpleApplication@6a665ff3
----------------- Done invoking toplevel() on ptolemy.moml.MoMLSimpleApplication@6a665ff3
reloadAllAccessors: .Expression16

===========================================================================================
----------------- testing Fri Mar 13 07:18:27 UTC 2020 /home/travis/build/icyphy/ptII/ptolemy/actor/lib/test/auto/Expression17.xml
----------------- Instantiating /home/travis/build/icyphy/ptII/ptolemy/actor/lib/test/auto/Expression17.xml
5 ms. Memory: 536576K Free: 345616K (64%)
----------------- Invoking toplevel() on ptolemy.moml.MoMLSimpleApplication@68165441
----------------- Done invoking toplevel() on ptolemy.moml.MoMLSimpleApplication@68165441
reloadAllAccessors: .Expression17

===========================================================================================
----------------- testing Fri Mar 13 07:18:27 UTC 2020 /home/travis/build/icyphy/ptII/ptolemy/actor/lib/test/auto/Expression18.xml
----------------- Instantiating /home/travis/build/icyphy/ptII/ptolemy/actor/lib/test/auto/Expression18.xml
2 ms. Memory: 536576K Free: 339982K (63%)
----------------- Invoking toplevel() on ptolemy.moml.MoMLSimpleApplication@3899fd04
----------------- Done invoking toplevel() on ptolemy.moml.MoMLSimpleApplication@3899fd04
reloadAllAccessors: .Expression18

===========================================================================================
----------------- testing Fri Mar 13 07:18:27 UTC 2020 /home/travis/build/icyphy/ptII/ptolemy/actor/lib/test/auto/Expression2.xml
----------------- Instantiating /home/travis/build/icyphy/ptII/ptolemy/actor/lib/test/auto/Expression2.xml
3 ms. Memory: 536576K Free: 334862K (62%)
----------------- Invoking toplevel() on ptolemy.moml.MoMLSimpleApplication@169797f5
----------------- Done invoking toplevel() on ptolemy.moml.MoMLSimpleApplication@169797f5
reloadAllAccessors: .Expression2

===========================================================================================
----------------- testing Fri Mar 13 07:18:27 UTC 2020 /home/travis/build/icyphy/ptII/ptolemy/actor/lib/test/auto/Expression3.xml
----------------- Instantiating /home/travis/build/icyphy/ptII/ptolemy/actor/lib/test/auto/Expression3.xml
6 ms. Memory: 536576K Free: 329742K (61%)
----------------- Invoking toplevel() on ptolemy.moml.MoMLSimpleApplication@1a775b02
----------------- Done invoking toplevel() on ptolemy.moml.MoMLSimpleApplication@1a775b02
reloadAllAccessors: .Expression3

===========================================================================================
----------------- testing Fri Mar 13 07:18:27 UTC 2020 /home/travis/build/icyphy/ptII/ptolemy/actor/lib/test/auto/Expression4.xml
----------------- Instantiating /home/travis/build/icyphy/ptII/ptolemy/actor/lib/test/auto/Expression4.xml
6 ms. Memory: 536576K Free: 322064K (60%)
----------------- Invoking toplevel() on ptolemy.moml.MoMLSimpleApplication@5fd473d3
----------------- Done invoking toplevel() on ptolemy.moml.MoMLSimpleApplication@5fd473d3
reloadAllAccessors: .Expression4

===========================================================================================
----------------- testing Fri Mar 13 07:18:27 UTC 2020 /home/travis/build/icyphy/ptII/ptolemy/actor/lib/test/auto/Expression5.xml
----------------- Instantiating /home/travis/build/icyphy/ptII/ptolemy/actor/lib/test/auto/Expression5.xml
4 ms. Memory: 536576K Free: 317454K (59%)
----------------- Invoking toplevel() on ptolemy.moml.MoMLSimpleApplication@f43f9d5
----------------- Done invoking toplevel() on ptolemy.moml.MoMLSimpleApplication@f43f9d5
reloadAllAccessors: .Expression5

===========================================================================================
----------------- testing Fri Mar 13 07:18:27 UTC 2020 /home/travis/build/icyphy/ptII/ptolemy/actor/lib/test/auto/Expression6.xml
----------------- Instantiating /home/travis/build/icyphy/ptII/ptolemy/actor/lib/test/auto/Expression6.xml
2 ms. Memory: 536576K Free: 312848K (58%)
----------------- Invoking toplevel() on ptolemy.moml.MoMLSimpleApplication@4ce1269d
----------------- Done invoking toplevel() on ptolemy.moml.MoMLSimpleApplication@4ce1269d
reloadAllAccessors: .Expression6

===========================================================================================
----------------- testing Fri Mar 13 07:18:27 UTC 2020 /home/travis/build/icyphy/ptII/ptolemy/actor/lib/test/auto/Expression7.xml
----------------- Instantiating /home/travis/build/icyphy/ptII/ptolemy/actor/lib/test/auto/Expression7.xml
3 ms. Memory: 536576K Free: 307728K (57%)
----------------- Invoking toplevel() on ptolemy.moml.MoMLSimpleApplication@10ad542e
----------------- Done invoking toplevel() on ptolemy.moml.MoMLSimpleApplication@10ad542e
reloadAllAccessors: .Expression7

===========================================================================================
----------------- testing Fri Mar 13 07:18:27 UTC 2020 /home/travis/build/icyphy/ptII/ptolemy/actor/lib/test/auto/Expression8.xml
----------------- Instantiating /home/travis/build/icyphy/ptII/ptolemy/actor/lib/test/auto/Expression8.xml
9 ms. Memory: 536576K Free: 302608K (56%)
----------------- Invoking toplevel() on ptolemy.moml.MoMLSimpleApplication@7dc88750
----------------- Done invoking toplevel() on ptolemy.moml.MoMLSimpleApplication@7dc88750
reloadAllAccessors: .Expression8

===========================================================================================
----------------- testing Fri Mar 13 07:18:27 UTC 2020 /home/travis/build/icyphy/ptII/ptolemy/actor/lib/test/auto/Expression9.xml
----------------- Instantiating /home/travis/build/icyphy/ptII/ptolemy/actor/lib/test/auto/Expression9.xml
1 ms. Memory: 536576K Free: 298512K (56%)
----------------- Invoking toplevel() on ptolemy.moml.MoMLSimpleApplication@45771dd0
----------------- Done invoking toplevel() on ptolemy.moml.MoMLSimpleApplication@45771dd0
reloadAllAccessors: .Expression9

===========================================================================================
----------------- testing Fri Mar 13 07:18:27 UTC 2020 /home/travis/build/icyphy/ptII/ptolemy/actor/lib/test/auto/ExpressionConcatenateArrayType.xml
----------------- Instantiating /home/travis/build/icyphy/ptII/ptolemy/actor/lib/test/auto/ExpressionConcatenateArrayType.xml
2 ms. Memory: 536576K Free: 292368K (54%)
----------------- Invoking toplevel() on ptolemy.moml.MoMLSimpleApplication@1b5a70aa
----------------- Done invoking toplevel() on ptolemy.moml.MoMLSimpleApplication@1b5a70aa
reloadAllAccessors: .ExpressionConcatenateArrayType

===========================================================================================
----------------- testing Fri Mar 13 07:18:27 UTC 2020 /home/travis/build/icyphy/ptII/ptolemy/actor/lib/test/auto/ExpressionConcatenateArrayType2.xml
----------------- Instantiating /home/travis/build/icyphy/ptII/ptolemy/actor/lib/test/auto/ExpressionConcatenateArrayType2.xml
2 ms. Memory: 536576K Free: 286734K (53%)
----------------- Invoking toplevel() on ptolemy.moml.MoMLSimpleApplication@79f1ffe7
----------------- Done invoking toplevel() on ptolemy.moml.MoMLSimpleApplication@79f1ffe7
reloadAllAccessors: .ExpressionConcatenateArrayType2

===========================================================================================
----------------- testing Fri Mar 13 07:18:27 UTC 2020 /home/travis/build/icyphy/ptII/ptolemy/actor/lib/test/auto/ExpressionFix.xml
----------------- Instantiating /home/travis/build/icyphy/ptII/ptolemy/actor/lib/test/auto/ExpressionFix.xml
20 ms. Memory: 536576K Free: 280080K (52%)
----------------- Invoking toplevel() on ptolemy.moml.MoMLSimpleApplication@426b7c28
----------------- Done invoking toplevel() on ptolemy.moml.MoMLSimpleApplication@426b7c28
reloadAllAccessors: .ExpressionFix

===========================================================================================
----------------- testing Fri Mar 13 07:18:27 UTC 2020 /home/travis/build/icyphy/ptII/ptolemy/actor/lib/test/auto/ExpressionFix2.xml
----------------- Instantiating /home/travis/build/icyphy/ptII/ptolemy/actor/lib/test/auto/ExpressionFix2.xml
2 ms. Memory: 536576K Free: 275470K (51%)
----------------- Invoking toplevel() on ptolemy.moml.MoMLSimpleApplication@6c6b5d09
----------------- Done invoking toplevel() on ptolemy.moml.MoMLSimpleApplication@6c6b5d09
reloadAllAccessors: .ExpressionFix2

===========================================================================================
----------------- testing Fri Mar 13 07:18:27 UTC 2020 /home/travis/build/icyphy/ptII/ptolemy/actor/lib/test/auto/ExpressionFix3.xml
----------------- Instantiating /home/travis/build/icyphy/ptII/ptolemy/actor/lib/test/auto/ExpressionFix3.xml
3 ms. Memory: 536576K Free: 270864K (50%)
----------------- Invoking toplevel() on ptolemy.moml.MoMLSimpleApplication@773be7d2
----------------- Done invoking toplevel() on ptolemy.moml.MoMLSimpleApplication@773be7d2
reloadAllAccessors: .ExpressionFix3

===========================================================================================
----------------- testing Fri Mar 13 07:18:27 UTC 2020 /home/travis/build/icyphy/ptII/ptolemy/actor/lib/test/auto/FileWriter1.xml
----------------- Instantiating /home/travis/build/icyphy/ptII/ptolemy/actor/lib/test/auto/FileWriter1.xml
6 ms. Memory: 536576K Free: 266768K (50%)
----------------- Invoking toplevel() on ptolemy.moml.MoMLSimpleApplication@6849da91
----------------- Done invoking toplevel() on ptolemy.moml.MoMLSimpleApplication@6849da91
reloadAllAccessors: .FileWriter1

===========================================================================================
----------------- testing Fri Mar 13 07:18:27 UTC 2020 /home/travis/build/icyphy/ptII/ptolemy/actor/lib/test/auto/FileWriter2.xml
----------------- Instantiating /home/travis/build/icyphy/ptII/ptolemy/actor/lib/test/auto/FileWriter2.xml
2 ms. Memory: 536576K Free: 262672K (49%)
----------------- Invoking toplevel() on ptolemy.moml.MoMLSimpleApplication@2bab523a
----------------- Done invoking toplevel() on ptolemy.moml.MoMLSimpleApplication@2bab523a
reloadAllAccessors: .FileWriter2

===========================================================================================
----------------- testing Fri Mar 13 07:18:27 UTC 2020 /home/travis/build/icyphy/ptII/ptolemy/actor/lib/test/auto/FileWriter3.xml
----------------- Instantiating /home/travis/build/icyphy/ptII/ptolemy/actor/lib/test/auto/FileWriter3.xml
3 ms. Memory: 536576K Free: 258576K (48%)
----------------- Invoking toplevel() on ptolemy.moml.MoMLSimpleApplication@3c96cd18
----------------- Done invoking toplevel() on ptolemy.moml.MoMLSimpleApplication@3c96cd18
reloadAllAccessors: .FileWriter3

===========================================================================================
----------------- testing Fri Mar 13 07:18:27 UTC 2020 /home/travis/build/icyphy/ptII/ptolemy/actor/lib/test/auto/Gaussian.xml
----------------- Instantiating /home/travis/build/icyphy/ptII/ptolemy/actor/lib/test/auto/Gaussian.xml
4 ms. Memory: 536576K Free: 253966K (47%)
----------------- Invoking toplevel() on ptolemy.moml.MoMLSimpleApplication@524e168a
----------------- Done invoking toplevel() on ptolemy.moml.MoMLSimpleApplication@524e168a
reloadAllAccessors: .Gaussian

===========================================================================================
----------------- testing Fri Mar 13 07:18:27 UTC 2020 /home/travis/build/icyphy/ptII/ptolemy/actor/lib/test/auto/Gaussian1.xml
----------------- Instantiating /home/travis/build/icyphy/ptII/ptolemy/actor/lib/test/auto/Gaussian1.xml
2 ms. Memory: 536576K Free: 248336K (46%)
----------------- Invoking toplevel() on ptolemy.moml.MoMLSimpleApplication@2ce38f6e
----------------- Done invoking toplevel() on ptolemy.moml.MoMLSimpleApplication@2ce38f6e
reloadAllAccessors: .Gaussian1

===========================================================================================
----------------- testing Fri Mar 13 07:18:27 UTC 2020 /home/travis/build/icyphy/ptII/ptolemy/actor/lib/test/auto/Gaussian2.xml
----------------- Instantiating /home/travis/build/icyphy/ptII/ptolemy/actor/lib/test/auto/Gaussian2.xml
8 ms. Memory: 536576K Free: 242672K (45%)
----------------- Invoking toplevel() on ptolemy.moml.MoMLSimpleApplication@43209be4
----------------- Done invoking toplevel() on ptolemy.moml.MoMLSimpleApplication@43209be4
reloadAllAccessors: .Gaussian2

===========================================================================================
----------------- testing Fri Mar 13 07:18:27 UTC 2020 /home/travis/build/icyphy/ptII/ptolemy/actor/lib/test/auto/GradientAdaptiveLattice.xml
----------------- Instantiating /home/travis/build/icyphy/ptII/ptolemy/actor/lib/test/auto/GradientAdaptiveLattice.xml
3 ms. Memory: 536576K Free: 237582K (44%)
----------------- Invoking toplevel() on ptolemy.moml.MoMLSimpleApplication@6d8b164
----------------- Done invoking toplevel() on ptolemy.moml.MoMLSimpleApplication@6d8b164
reloadAllAccessors: .GradientAdaptiveLattice

===========================================================================================
----------------- testing Fri Mar 13 07:18:27 UTC 2020 /home/travis/build/icyphy/ptII/ptolemy/actor/lib/test/auto/IIR.xml
----------------- Instantiating /home/travis/build/icyphy/ptII/ptolemy/actor/lib/test/auto/IIR.xml
1 ms. Memory: 536576K Free: 232976K (43%)
----------------- Invoking toplevel() on ptolemy.moml.MoMLSimpleApplication@6cbde3f4
----------------- Done invoking toplevel() on ptolemy.moml.MoMLSimpleApplication@6cbde3f4
reloadAllAccessors: .IIR

===========================================================================================
----------------- testing Fri Mar 13 07:18:27 UTC 2020 /home/travis/build/icyphy/ptII/ptolemy/actor/lib/test/auto/InputOutputTransparentPorts.xml
----------------- Instantiating /home/travis/build/icyphy/ptII/ptolemy/actor/lib/test/auto/InputOutputTransparentPorts.xml
2 ms. Memory: 536576K Free: 226318K (42%)
----------------- Invoking toplevel() on ptolemy.moml.MoMLSimpleApplication@c8521bb
----------------- Done invoking toplevel() on ptolemy.moml.MoMLSimpleApplication@c8521bb
reloadAllAccessors: .InputOutputTransparentPorts

===========================================================================================
----------------- testing Fri Mar 13 07:18:27 UTC 2020 /home/travis/build/icyphy/ptII/ptolemy/actor/lib/test/auto/Interpolator.xml
----------------- Instantiating /home/travis/build/icyphy/ptII/ptolemy/actor/lib/test/auto/Interpolator.xml
4 ms. Memory: 536576K Free: 222222K (41%)
----------------- Invoking toplevel() on ptolemy.moml.MoMLSimpleApplication@14ae7021
----------------- Done invoking toplevel() on ptolemy.moml.MoMLSimpleApplication@14ae7021
reloadAllAccessors: .Interpolator

===========================================================================================
----------------- testing Fri Mar 13 07:18:27 UTC 2020 /home/travis/build/icyphy/ptII/ptolemy/actor/lib/test/auto/InterpolatorFiringLimitDE.xml
----------------- Instantiating /home/travis/build/icyphy/ptII/ptolemy/actor/lib/test/auto/InterpolatorFiringLimitDE.xml
2 ms. Memory: 536576K Free: 215568K (40%)
----------------- Invoking toplevel() on ptolemy.moml.MoMLSimpleApplication@4e7ad228
----------------- Done invoking toplevel() on ptolemy.moml.MoMLSimpleApplication@4e7ad228
reloadAllAccessors: .InterpolatorFiringLimitDE

===========================================================================================
----------------- testing Fri Mar 13 07:18:27 UTC 2020 /home/travis/build/icyphy/ptII/ptolemy/actor/lib/test/auto/Lattice.xml
----------------- Instantiating /home/travis/build/icyphy/ptII/ptolemy/actor/lib/test/auto/Lattice.xml
1 ms. Memory: 536576K Free: 211472K (39%)
----------------- Invoking toplevel() on ptolemy.moml.MoMLSimpleApplication@24bae36
----------------- Done invoking toplevel() on ptolemy.moml.MoMLSimpleApplication@24bae36
reloadAllAccessors: .Lattice

===========================================================================================
----------------- testing Fri Mar 13 07:18:27 UTC 2020 /home/travis/build/icyphy/ptII/ptolemy/actor/lib/test/auto/LazyAOCTestLazy.xml
----------------- Instantiating /home/travis/build/icyphy/ptII/ptolemy/actor/lib/test/auto/LazyAOCTestLazy.xml
9 ms. Memory: 536576K Free: 205328K (38%)
----------------- Invoking toplevel() on ptolemy.moml.MoMLSimpleApplication@565383b
----------------- Done invoking toplevel() on ptolemy.moml.MoMLSimpleApplication@565383b
reloadAllAccessors: .LazyAOCTestLazy

===========================================================================================
----------------- testing Fri Mar 13 07:18:27 UTC 2020 /home/travis/build/icyphy/ptII/ptolemy/actor/lib/test/auto/LazyAOCTestNonLazy.xml
----------------- Instantiating /home/travis/build/icyphy/ptII/ptolemy/actor/lib/test/auto/LazyAOCTestNonLazy.xml
2 ms. Memory: 536576K Free: 198160K (37%)
----------------- Invoking toplevel() on ptolemy.moml.MoMLSimpleApplication@28d45189
----------------- Done invoking toplevel() on ptolemy.moml.MoMLSimpleApplication@28d45189
reloadAllAccessors: .LazyAOCTestNonLazy

===========================================================================================
----------------- testing Fri Mar 13 07:18:27 UTC 2020 /home/travis/build/icyphy/ptII/ptolemy/actor/lib/test/auto/LazyInnerClass.xml
----------------- Instantiating /home/travis/build/icyphy/ptII/ptolemy/actor/lib/test/auto/LazyInnerClass.xml
15 ms. Memory: 536576K Free: 189424K (35%)
----------------- Invoking toplevel() on ptolemy.moml.MoMLSimpleApplication@617ec63d
----------------- Done invoking toplevel() on ptolemy.moml.MoMLSimpleApplication@617ec63d
reloadAllAccessors: .LazyInnerClass

===========================================================================================
----------------- testing Fri Mar 13 07:18:27 UTC 2020 /home/travis/build/icyphy/ptII/ptolemy/actor/lib/test/auto/LazyPubSub.xml
----------------- Instantiating /home/travis/build/icyphy/ptII/ptolemy/actor/lib/test/auto/LazyPubSub.xml
20 ms. Memory: 536576K Free: 179214K (33%)
----------------- Invoking toplevel() on ptolemy.moml.MoMLSimpleApplication@6b7a9317
----------------- Done invoking toplevel() on ptolemy.moml.MoMLSimpleApplication@6b7a9317
reloadAllAccessors: .LazyPubSub

===========================================================================================
----------------- testing Fri Mar 13 07:18:27 UTC 2020 /home/travis/build/icyphy/ptII/ptolemy/actor/lib/test/auto/LazyPubSub2.xml
----------------- Instantiating /home/travis/build/icyphy/ptII/ptolemy/actor/lib/test/auto/LazyPubSub2.xml
32 ms. Memory: 536576K Free: 485885K (91%)
----------------- Invoking toplevel() on ptolemy.moml.MoMLSimpleApplication@67612b82
----------------- Done invoking toplevel() on ptolemy.moml.MoMLSimpleApplication@67612b82
reloadAllAccessors: .LazyPubSub2

===========================================================================================
----------------- testing Fri Mar 13 07:18:27 UTC 2020 /home/travis/build/icyphy/ptII/ptolemy/actor/lib/test/auto/LazyPubSub3.xml
----------------- Instantiating /home/travis/build/icyphy/ptII/ptolemy/actor/lib/test/auto/LazyPubSub3.xml
11 ms. Memory: 536576K Free: 474913K (89%)
----------------- Invoking toplevel() on ptolemy.moml.MoMLSimpleApplication@766171de
----------------- Done invoking toplevel() on ptolemy.moml.MoMLSimpleApplication@766171de
reloadAllAccessors: .LazyPubSub3

===========================================================================================
----------------- testing Fri Mar 13 07:18:27 UTC 2020 /home/travis/build/icyphy/ptII/ptolemy/actor/lib/test/auto/LazySubClassModel.xml
----------------- Instantiating /home/travis/build/icyphy/ptII/ptolemy/actor/lib/test/auto/LazySubClassModel.xml
2 ms. Memory: 536576K Free: 465697K (87%)
----------------- Invoking toplevel() on ptolemy.moml.MoMLSimpleApplication@198424fa
----------------- Done invoking toplevel() on ptolemy.moml.MoMLSimpleApplication@198424fa
reloadAllAccessors: .LazySubClassModel

===========================================================================================
----------------- testing Fri Mar 13 07:18:27 UTC 2020 /home/travis/build/icyphy/ptII/ptolemy/actor/lib/test/auto/LevelCrossTest1.xml
----------------- Instantiating /home/travis/build/icyphy/ptII/ptolemy/actor/lib/test/auto/LevelCrossTest1.xml
1 ms. Memory: 536576K Free: 460063K (86%)
----------------- Invoking toplevel() on ptolemy.moml.MoMLSimpleApplication@f788245
----------------- Done invoking toplevel() on ptolemy.moml.MoMLSimpleApplication@f788245
reloadAllAccessors: .broken

===========================================================================================
----------------- testing Fri Mar 13 07:18:27 UTC 2020 /home/travis/build/icyphy/ptII/ptolemy/actor/lib/test/auto/LevelCrossTest10.xml
----------------- Instantiating /home/travis/build/icyphy/ptII/ptolemy/actor/lib/test/auto/LevelCrossTest10.xml
1 ms. Memory: 536576K Free: 452385K (84%)
----------------- Invoking toplevel() on ptolemy.moml.MoMLSimpleApplication@48727519
----------------- Done invoking toplevel() on ptolemy.moml.MoMLSimpleApplication@48727519
reloadAllAccessors: .LevelCrossTest10

===========================================================================================
----------------- testing Fri Mar 13 07:18:27 UTC 2020 /home/travis/build/icyphy/ptII/ptolemy/actor/lib/test/auto/LevelCrossTest11.xml
----------------- Instantiating /home/travis/build/icyphy/ptII/ptolemy/actor/lib/test/auto/LevelCrossTest11.xml
1 ms. Memory: 536576K Free: 445727K (83%)
----------------- Invoking toplevel() on ptolemy.moml.MoMLSimpleApplication@4af72720
----------------- Done invoking toplevel() on ptolemy.moml.MoMLSimpleApplication@4af72720
reloadAllAccessors: .LevelCrossTest11

===========================================================================================
----------------- testing Fri Mar 13 07:18:27 UTC 2020 /home/travis/build/icyphy/ptII/ptolemy/actor/lib/test/auto/LevelCrossTest12.xml
----------------- Instantiating /home/travis/build/icyphy/ptII/ptolemy/actor/lib/test/auto/LevelCrossTest12.xml
1 ms. Memory: 536576K Free: 439073K (82%)
----------------- Invoking toplevel() on ptolemy.moml.MoMLSimpleApplication@172f240c
----------------- Done invoking toplevel() on ptolemy.moml.MoMLSimpleApplication@172f240c
reloadAllAccessors: .LevelCrossTest12

===========================================================================================
----------------- testing Fri Mar 13 07:18:27 UTC 2020 /home/travis/build/icyphy/ptII/ptolemy/actor/lib/test/auto/LevelCrossTest13.xml
----------------- Instantiating /home/travis/build/icyphy/ptII/ptolemy/actor/lib/test/auto/LevelCrossTest13.xml
1 ms. Memory: 536576K Free: 431905K (80%)
----------------- Invoking toplevel() on ptolemy.moml.MoMLSimpleApplication@4b58e3ba
----------------- Done invoking toplevel() on ptolemy.moml.MoMLSimpleApplication@4b58e3ba
reloadAllAccessors: .LevelCrossTest13

===========================================================================================
----------------- testing Fri Mar 13 07:18:27 UTC 2020 /home/travis/build/icyphy/ptII/ptolemy/actor/lib/test/auto/LevelCrossTest2.xml
----------------- Instantiating /home/travis/build/icyphy/ptII/ptolemy/actor/lib/test/auto/LevelCrossTest2.xml
1 ms. Memory: 536576K Free: 426271K (79%)
----------------- Invoking toplevel() on ptolemy.moml.MoMLSimpleApplication@25fd3da2
----------------- Done invoking toplevel() on ptolemy.moml.MoMLSimpleApplication@25fd3da2
reloadAllAccessors: .broken

===========================================================================================
----------------- testing Fri Mar 13 07:18:28 UTC 2020 /home/travis/build/icyphy/ptII/ptolemy/actor/lib/test/auto/LevelCrossTest3.xml
----------------- Instantiating /home/travis/build/icyphy/ptII/ptolemy/actor/lib/test/auto/LevelCrossTest3.xml
1 ms. Memory: 536576K Free: 419617K (78%)
----------------- Invoking toplevel() on ptolemy.moml.MoMLSimpleApplication@5391c7e1
----------------- Done invoking toplevel() on ptolemy.moml.MoMLSimpleApplication@5391c7e1
reloadAllAccessors: .LevelCrossTest3

===========================================================================================
----------------- testing Fri Mar 13 07:18:28 UTC 2020 /home/travis/build/icyphy/ptII/ptolemy/actor/lib/test/auto/LevelCrossTest4.xml
----------------- Instantiating /home/travis/build/icyphy/ptII/ptolemy/actor/lib/test/auto/LevelCrossTest4.xml
1 ms. Memory: 536576K Free: 413983K (77%)
----------------- Invoking toplevel() on ptolemy.moml.MoMLSimpleApplication@3fbe7c05
----------------- Done invoking toplevel() on ptolemy.moml.MoMLSimpleApplication@3fbe7c05
reloadAllAccessors: .broken

===========================================================================================
----------------- testing Fri Mar 13 07:18:28 UTC 2020 /home/travis/build/icyphy/ptII/ptolemy/actor/lib/test/auto/LevelCrossTest5.xml
----------------- Instantiating /home/travis/build/icyphy/ptII/ptolemy/actor/lib/test/auto/LevelCrossTest5.xml
6 ms. Memory: 536576K Free: 407329K (76%)
----------------- Invoking toplevel() on ptolemy.moml.MoMLSimpleApplication@224a6b99
----------------- Done invoking toplevel() on ptolemy.moml.MoMLSimpleApplication@224a6b99
reloadAllAccessors: .LevelCrossTest5

===========================================================================================
----------------- testing Fri Mar 13 07:18:28 UTC 2020 /home/travis/build/icyphy/ptII/ptolemy/actor/lib/test/auto/LevelCrossTest6.xml
----------------- Instantiating /home/travis/build/icyphy/ptII/ptolemy/actor/lib/test/auto/LevelCrossTest6.xml
1 ms. Memory: 536576K Free: 400671K (75%)
----------------- Invoking toplevel() on ptolemy.moml.MoMLSimpleApplication@6080f980
----------------- Done invoking toplevel() on ptolemy.moml.MoMLSimpleApplication@6080f980
reloadAllAccessors: .LevelCrossTest6

===========================================================================================
----------------- testing Fri Mar 13 07:18:28 UTC 2020 /home/travis/build/icyphy/ptII/ptolemy/actor/lib/test/auto/LevelCrossTest7.xml
----------------- Instantiating /home/travis/build/icyphy/ptII/ptolemy/actor/lib/test/auto/LevelCrossTest7.xml
2 ms. Memory: 536576K Free: 391969K (73%)
----------------- Invoking toplevel() on ptolemy.moml.MoMLSimpleApplication@2874e842
----------------- Done invoking toplevel() on ptolemy.moml.MoMLSimpleApplication@2874e842
reloadAllAccessors: .LevelCrossTest7

===========================================================================================
----------------- testing Fri Mar 13 07:18:28 UTC 2020 /home/travis/build/icyphy/ptII/ptolemy/actor/lib/test/auto/LevelCrossTest8.xml
----------------- Instantiating /home/travis/build/icyphy/ptII/ptolemy/actor/lib/test/auto/LevelCrossTest8.xml
1 ms. Memory: 536576K Free: 384287K (72%)
----------------- Invoking toplevel() on ptolemy.moml.MoMLSimpleApplication@2f31f241
----------------- Done invoking toplevel() on ptolemy.moml.MoMLSimpleApplication@2f31f241
reloadAllAccessors: .LevelCrossTest8

===========================================================================================
----------------- testing Fri Mar 13 07:18:28 UTC 2020 /home/travis/build/icyphy/ptII/ptolemy/actor/lib/test/auto/LevelCrossTest9.xml
----------------- Instantiating /home/travis/build/icyphy/ptII/ptolemy/actor/lib/test/auto/LevelCrossTest9.xml
1 ms. Memory: 536576K Free: 377119K (70%)
----------------- Invoking toplevel() on ptolemy.moml.MoMLSimpleApplication@7b389d72
----------------- Done invoking toplevel() on ptolemy.moml.MoMLSimpleApplication@7b389d72
reloadAllAccessors: .LevelCrossTest9

===========================================================================================
----------------- testing Fri Mar 13 07:18:28 UTC 2020 /home/travis/build/icyphy/ptII/ptolemy/actor/lib/test/auto/LevinsonDurbin.xml
----------------- Instantiating /home/travis/build/icyphy/ptII/ptolemy/actor/lib/test/auto/LevinsonDurbin.xml
1 ms. Memory: 536576K Free: 373023K (70%)
----------------- Invoking toplevel() on ptolemy.moml.MoMLSimpleApplication@1e1db735
----------------- Done invoking toplevel() on ptolemy.moml.MoMLSimpleApplication@1e1db735
reloadAllAccessors: .LevinsonDurbin

===========================================================================================
----------------- testing Fri Mar 13 07:18:28 UTC 2020 /home/travis/build/icyphy/ptII/ptolemy/actor/lib/test/auto/LevinsonDurbin2.xml
----------------- Instantiating /home/travis/build/icyphy/ptII/ptolemy/actor/lib/test/auto/LevinsonDurbin2.xml
1 ms. Memory: 536576K Free: 368927K (69%)
----------------- Invoking toplevel() on ptolemy.moml.MoMLSimpleApplication@46c5b456
----------------- Done invoking toplevel() on ptolemy.moml.MoMLSimpleApplication@46c5b456
reloadAllAccessors: .LevinsonDurbin2

===========================================================================================
----------------- testing Fri Mar 13 07:18:28 UTC 2020 /home/travis/build/icyphy/ptII/ptolemy/actor/lib/test/auto/LevinsonDurbin3.xml
----------------- Instantiating /home/travis/build/icyphy/ptII/ptolemy/actor/lib/test/auto/LevinsonDurbin3.xml
5 ms. Memory: 536576K Free: 364831K (68%)
----------------- Invoking toplevel() on ptolemy.moml.MoMLSimpleApplication@40bb223f
----------------- Done invoking toplevel() on ptolemy.moml.MoMLSimpleApplication@40bb223f
reloadAllAccessors: .LevinsonDurbin3

===========================================================================================
----------------- testing Fri Mar 13 07:18:28 UTC 2020 /home/travis/build/icyphy/ptII/ptolemy/actor/lib/test/auto/Limiter.xml
----------------- Instantiating /home/travis/build/icyphy/ptII/ptolemy/actor/lib/test/auto/Limiter.xml
4 ms. Memory: 536576K Free: 355601K (66%)
----------------- Invoking toplevel() on ptolemy.moml.MoMLSimpleApplication@33346574
----------------- Done invoking toplevel() on ptolemy.moml.MoMLSimpleApplication@33346574
reloadAllAccessors: .Limiter

===========================================================================================
----------------- testing Fri Mar 13 07:18:28 UTC 2020 /home/travis/build/icyphy/ptII/ptolemy/actor/lib/test/auto/LinearDifferenceEquationSystem.xml
----------------- Instantiating /home/travis/build/icyphy/ptII/ptolemy/actor/lib/test/auto/LinearDifferenceEquationSystem.xml
10 ms. Memory: 536576K Free: 348447K (65%)
----------------- Invoking toplevel() on ptolemy.moml.MoMLSimpleApplication@7bf559f8
----------------- Done invoking toplevel() on ptolemy.moml.MoMLSimpleApplication@7bf559f8
reloadAllAccessors: .LinearDifferenceEquationSystem

===========================================================================================
----------------- testing Fri Mar 13 07:18:28 UTC 2020 /home/travis/build/icyphy/ptII/ptolemy/actor/lib/test/auto/LookupTable.xml
----------------- Instantiating /home/travis/build/icyphy/ptII/ptolemy/actor/lib/test/auto/LookupTable.xml
1 ms. Memory: 536576K Free: 343841K (64%)
----------------- Invoking toplevel() on ptolemy.moml.MoMLSimpleApplication@37fc4080
----------------- Done invoking toplevel() on ptolemy.moml.MoMLSimpleApplication@37fc4080
reloadAllAccessors: .LookupTable

===========================================================================================
----------------- testing Fri Mar 13 07:18:28 UTC 2020 /home/travis/build/icyphy/ptII/ptolemy/actor/lib/test/auto/MathFunction.xml
----------------- Instantiating /home/travis/build/icyphy/ptII/ptolemy/actor/lib/test/auto/MathFunction.xml
2 ms. Memory: 536576K Free: 335649K (63%)
----------------- Invoking toplevel() on ptolemy.moml.MoMLSimpleApplication@585f55d2
----------------- Done invoking toplevel() on ptolemy.moml.MoMLSimpleApplication@585f55d2
reloadAllAccessors: .MathFunction

===========================================================================================
----------------- testing Fri Mar 13 07:18:28 UTC 2020 /home/travis/build/icyphy/ptII/ptolemy/actor/lib/test/auto/MathFunction2.xml
----------------- Instantiating /home/travis/build/icyphy/ptII/ptolemy/actor/lib/test/auto/MathFunction2.xml
1 ms. Memory: 536576K Free: 331553K (62%)
----------------- Invoking toplevel() on ptolemy.moml.MoMLSimpleApplication@1b963e17
----------------- Done invoking toplevel() on ptolemy.moml.MoMLSimpleApplication@1b963e17
reloadAllAccessors: .MathFunction2

===========================================================================================
----------------- testing Fri Mar 13 07:18:28 UTC 2020 /home/travis/build/icyphy/ptII/ptolemy/actor/lib/test/auto/MathFunction3.xml
----------------- Instantiating /home/travis/build/icyphy/ptII/ptolemy/actor/lib/test/auto/MathFunction3.xml
1 ms. Memory: 536576K Free: 324385K (60%)
----------------- Invoking toplevel() on ptolemy.moml.MoMLSimpleApplication@13cef50
----------------- Done invoking toplevel() on ptolemy.moml.MoMLSimpleApplication@13cef50
reloadAllAccessors: .MathFunction3

===========================================================================================
----------------- testing Fri Mar 13 07:18:28 UTC 2020 /home/travis/build/icyphy/ptII/ptolemy/actor/lib/test/auto/MatrixCropBoolean.xml
----------------- Instantiating /home/travis/build/icyphy/ptII/ptolemy/actor/lib/test/auto/MatrixCropBoolean.xml
2 ms. Memory: 536576K Free: 319775K (60%)
----------------- Invoking toplevel() on ptolemy.moml.MoMLSimpleApplication@790f1cf0
----------------- Done invoking toplevel() on ptolemy.moml.MoMLSimpleApplication@790f1cf0
reloadAllAccessors: .MatrixCropBoolean

===========================================================================================
----------------- testing Fri Mar 13 07:18:28 UTC 2020 /home/travis/build/icyphy/ptII/ptolemy/actor/lib/test/auto/MatrixCropComplex.xml
----------------- Instantiating /home/travis/build/icyphy/ptII/ptolemy/actor/lib/test/auto/MatrixCropComplex.xml
2 ms. Memory: 536576K Free: 315169K (59%)
----------------- Invoking toplevel() on ptolemy.moml.MoMLSimpleApplication@638c0eb8
----------------- Done invoking toplevel() on ptolemy.moml.MoMLSimpleApplication@638c0eb8
reloadAllAccessors: .MatrixCropComplex

===========================================================================================
----------------- testing Fri Mar 13 07:18:28 UTC 2020 /home/travis/build/icyphy/ptII/ptolemy/actor/lib/test/auto/MatrixCropDouble.xml
----------------- Instantiating /home/travis/build/icyphy/ptII/ptolemy/actor/lib/test/auto/MatrixCropDouble.xml
2 ms. Memory: 536576K Free: 310529K (58%)
----------------- Invoking toplevel() on ptolemy.moml.MoMLSimpleApplication@56b55c68
----------------- Done invoking toplevel() on ptolemy.moml.MoMLSimpleApplication@56b55c68
reloadAllAccessors: .MatrixCropDouble

===========================================================================================
----------------- testing Fri Mar 13 07:18:28 UTC 2020 /home/travis/build/icyphy/ptII/ptolemy/actor/lib/test/auto/MatrixCropFix.xml
----------------- Instantiating /home/travis/build/icyphy/ptII/ptolemy/actor/lib/test/auto/MatrixCropFix.xml
1 ms. Memory: 536576K Free: 305433K (57%)
----------------- Invoking toplevel() on ptolemy.moml.MoMLSimpleApplication@72cde625
----------------- Done invoking toplevel() on ptolemy.moml.MoMLSimpleApplication@72cde625
reloadAllAccessors: .MatrixCropFix

===========================================================================================
----------------- testing Fri Mar 13 07:18:28 UTC 2020 /home/travis/build/icyphy/ptII/ptolemy/actor/lib/test/auto/MatrixCropInt.xml
----------------- Instantiating /home/travis/build/icyphy/ptII/ptolemy/actor/lib/test/auto/MatrixCropInt.xml
1 ms. Memory: 536576K Free: 300289K (56%)
----------------- Invoking toplevel() on ptolemy.moml.MoMLSimpleApplication@44bfebf4
----------------- Done invoking toplevel() on ptolemy.moml.MoMLSimpleApplication@44bfebf4
reloadAllAccessors: .MatrixCropInt

===========================================================================================
----------------- testing Fri Mar 13 07:18:28 UTC 2020 /home/travis/build/icyphy/ptII/ptolemy/actor/lib/test/auto/MatrixCropLong.xml
----------------- Instantiating /home/travis/build/icyphy/ptII/ptolemy/actor/lib/test/auto/MatrixCropLong.xml
1 ms. Memory: 536576K Free: 295169K (55%)
----------------- Invoking toplevel() on ptolemy.moml.MoMLSimpleApplication@64ff6108
----------------- Done invoking toplevel() on ptolemy.moml.MoMLSimpleApplication@64ff6108
reloadAllAccessors: .MatrixCropLong

===========================================================================================
----------------- testing Fri Mar 13 07:18:28 UTC 2020 /home/travis/build/icyphy/ptII/ptolemy/actor/lib/test/auto/MatrixToArray.xml
----------------- Instantiating /home/travis/build/icyphy/ptII/ptolemy/actor/lib/test/auto/MatrixToArray.xml
6 ms. Memory: 536576K Free: 280353K (52%)
----------------- Invoking toplevel() on ptolemy.moml.MoMLSimpleApplication@1573ed03
----------------- Done invoking toplevel() on ptolemy.moml.MoMLSimpleApplication@1573ed03
reloadAllAccessors: .MatrixToArray

===========================================================================================
----------------- testing Fri Mar 13 07:18:28 UTC 2020 /home/travis/build/icyphy/ptII/ptolemy/actor/lib/test/auto/MaxIndex.xml
----------------- Instantiating /home/travis/build/icyphy/ptII/ptolemy/actor/lib/test/auto/MaxIndex.xml
2 ms. Memory: 536576K Free: 275233K (51%)
----------------- Invoking toplevel() on ptolemy.moml.MoMLSimpleApplication@1e1174fb
----------------- Done invoking toplevel() on ptolemy.moml.MoMLSimpleApplication@1e1174fb
reloadAllAccessors: .MaxIndex

===========================================================================================
----------------- testing Fri Mar 13 07:18:28 UTC 2020 /home/travis/build/icyphy/ptII/ptolemy/actor/lib/test/auto/Maximum.xml
----------------- Instantiating /home/travis/build/icyphy/ptII/ptolemy/actor/lib/test/auto/Maximum.xml
3 ms. Memory: 536576K Free: 268545K (50%)
----------------- Invoking toplevel() on ptolemy.moml.MoMLSimpleApplication@76c4655
----------------- Done invoking toplevel() on ptolemy.moml.MoMLSimpleApplication@76c4655
reloadAllAccessors: .Maximum

===========================================================================================
----------------- testing Fri Mar 13 07:18:28 UTC 2020 /home/travis/build/icyphy/ptII/ptolemy/actor/lib/test/auto/MaximumComplex.xml
----------------- Instantiating /home/travis/build/icyphy/ptII/ptolemy/actor/lib/test/auto/MaximumComplex.xml
3 ms. Memory: 536576K Free: 262417K (49%)
----------------- Invoking toplevel() on ptolemy.moml.MoMLSimpleApplication@344ae4e0
----------------- Done invoking toplevel() on ptolemy.moml.MoMLSimpleApplication@344ae4e0
reloadAllAccessors: .MaximumComplex

===========================================================================================
----------------- testing Fri Mar 13 07:18:28 UTC 2020 /home/travis/build/icyphy/ptII/ptolemy/actor/lib/test/auto/MethodCallTest.xml
----------------- Instantiating /home/travis/build/icyphy/ptII/ptolemy/actor/lib/test/auto/MethodCallTest.xml
2 ms. Memory: 536576K Free: 255777K (48%)
----------------- Invoking toplevel() on ptolemy.moml.MoMLSimpleApplication@5078c4ef
----------------- Done invoking toplevel() on ptolemy.moml.MoMLSimpleApplication@5078c4ef
reloadAllAccessors: .MethodCallTest

===========================================================================================
----------------- testing Fri Mar 13 07:18:28 UTC 2020 /home/travis/build/icyphy/ptII/ptolemy/actor/lib/test/auto/Minimum.xml
----------------- Instantiating /home/travis/build/icyphy/ptII/ptolemy/actor/lib/test/auto/Minimum.xml
2 ms. Memory: 536576K Free: 249633K (47%)
----------------- Invoking toplevel() on ptolemy.moml.MoMLSimpleApplication@6581ed69
----------------- Done invoking toplevel() on ptolemy.moml.MoMLSimpleApplication@6581ed69
reloadAllAccessors: .Minimum

===========================================================================================
----------------- testing Fri Mar 13 07:18:28 UTC 2020 /home/travis/build/icyphy/ptII/ptolemy/actor/lib/test/auto/MinimumComplex.xml
----------------- Instantiating /home/travis/build/icyphy/ptII/ptolemy/actor/lib/test/auto/MinimumComplex.xml
3 ms. Memory: 536576K Free: 243489K (45%)
----------------- Invoking toplevel() on ptolemy.moml.MoMLSimpleApplication@2f37fdbf
----------------- Done invoking toplevel() on ptolemy.moml.MoMLSimpleApplication@2f37fdbf
reloadAllAccessors: .MinimumComplex

===========================================================================================
----------------- testing Fri Mar 13 07:18:28 UTC 2020 /home/travis/build/icyphy/ptII/ptolemy/actor/lib/test/auto/MinimumMultiports.xml
----------------- Instantiating /home/travis/build/icyphy/ptII/ptolemy/actor/lib/test/auto/MinimumMultiports.xml
3 ms. Memory: 536576K Free: 234783K (44%)
----------------- Invoking toplevel() on ptolemy.moml.MoMLSimpleApplication@4ddfc4ab
----------------- Done invoking toplevel() on ptolemy.moml.MoMLSimpleApplication@4ddfc4ab
reloadAllAccessors: .MinimumMultiports

===========================================================================================
----------------- testing Fri Mar 13 07:18:28 UTC 2020 /home/travis/build/icyphy/ptII/ptolemy/actor/lib/test/auto/ModifyDate.xml
----------------- Instantiating /home/travis/build/icyphy/ptII/ptolemy/actor/lib/test/auto/ModifyDate.xml
8 ms. Memory: 536576K Free: 221471K (41%)
----------------- Invoking toplevel() on ptolemy.moml.MoMLSimpleApplication@54746d90
----------------- Done invoking toplevel() on ptolemy.moml.MoMLSimpleApplication@54746d90
reloadAllAccessors: .ModifyDate

===========================================================================================
----------------- testing Fri Mar 13 07:18:28 UTC 2020 /home/travis/build/icyphy/ptII/ptolemy/actor/lib/test/auto/ModifyDate2.xml
----------------- Instantiating /home/travis/build/icyphy/ptII/ptolemy/actor/lib/test/auto/ModifyDate2.xml
3 ms. Memory: 536576K Free: 212769K (40%)
----------------- Invoking toplevel() on ptolemy.moml.MoMLSimpleApplication@20d90485
----------------- Done invoking toplevel() on ptolemy.moml.MoMLSimpleApplication@20d90485
reloadAllAccessors: .ModifyDate2

===========================================================================================
----------------- testing Fri Mar 13 07:18:28 UTC 2020 /home/travis/build/icyphy/ptII/ptolemy/actor/lib/test/auto/MovingAverage.xml
----------------- Instantiating /home/travis/build/icyphy/ptII/ptolemy/actor/lib/test/auto/MovingAverage.xml
2 ms. Memory: 536576K Free: 207649K (39%)
----------------- Invoking toplevel() on ptolemy.moml.MoMLSimpleApplication@279ef9c2
----------------- Done invoking toplevel() on ptolemy.moml.MoMLSimpleApplication@279ef9c2
reloadAllAccessors: .MovingAverage

===========================================================================================
----------------- testing Fri Mar 13 07:18:28 UTC 2020 /home/travis/build/icyphy/ptII/ptolemy/actor/lib/test/auto/MovingMaximum.xml
----------------- Instantiating /home/travis/build/icyphy/ptII/ptolemy/actor/lib/test/auto/MovingMaximum.xml
1 ms. Memory: 536576K Free: 203039K (38%)
----------------- Invoking toplevel() on ptolemy.moml.MoMLSimpleApplication@8582ea9
----------------- Done invoking toplevel() on ptolemy.moml.MoMLSimpleApplication@8582ea9
reloadAllAccessors: .MovingMaximum

===========================================================================================
----------------- testing Fri Mar 13 07:18:28 UTC 2020 /home/travis/build/icyphy/ptII/ptolemy/actor/lib/test/auto/MultipleLinksToSameRelation.xml
----------------- Instantiating /home/travis/build/icyphy/ptII/ptolemy/actor/lib/test/auto/MultipleLinksToSameRelation.xml
2 ms. Memory: 536576K Free: 198943K (37%)
----------------- Invoking toplevel() on ptolemy.moml.MoMLSimpleApplication@634d4b1d
----------------- Done invoking toplevel() on ptolemy.moml.MoMLSimpleApplication@634d4b1d
reloadAllAccessors: .MultipleLinksToSameRelation

===========================================================================================
----------------- testing Fri Mar 13 07:18:28 UTC 2020 /home/travis/build/icyphy/ptII/ptolemy/actor/lib/test/auto/MultipleLinksToSameRelationDE.xml
----------------- Instantiating /home/travis/build/icyphy/ptII/ptolemy/actor/lib/test/auto/MultipleLinksToSameRelationDE.xml
9 ms. Memory: 536576K Free: 194337K (36%)
----------------- Invoking toplevel() on ptolemy.moml.MoMLSimpleApplication@6868b6c4
----------------- Done invoking toplevel() on ptolemy.moml.MoMLSimpleApplication@6868b6c4
reloadAllAccessors: .MultipleLinksToSameRelationDE

===========================================================================================
----------------- testing Fri Mar 13 07:18:28 UTC 2020 /home/travis/build/icyphy/ptII/ptolemy/actor/lib/test/auto/Multiplexor.xml
----------------- Instantiating /home/travis/build/icyphy/ptII/ptolemy/actor/lib/test/auto/Multiplexor.xml
1 ms. Memory: 536576K Free: 188703K (35%)
----------------- Invoking toplevel() on ptolemy.moml.MoMLSimpleApplication@5a1fde01
----------------- Done invoking toplevel() on ptolemy.moml.MoMLSimpleApplication@5a1fde01
reloadAllAccessors: .Multiplexor

===========================================================================================
----------------- testing Fri Mar 13 07:18:28 UTC 2020 /home/travis/build/icyphy/ptII/ptolemy/actor/lib/test/auto/Multiplexor1.xml
----------------- Instantiating /home/travis/build/icyphy/ptII/ptolemy/actor/lib/test/auto/Multiplexor1.xml
3 ms. Memory: 536576K Free: 183073K (34%)
----------------- Invoking toplevel() on ptolemy.moml.MoMLSimpleApplication@1cdd7819
----------------- Done invoking toplevel() on ptolemy.moml.MoMLSimpleApplication@1cdd7819
reloadAllAccessors: .Multiplexor1

===========================================================================================
----------------- testing Fri Mar 13 07:18:28 UTC 2020 /home/travis/build/icyphy/ptII/ptolemy/actor/lib/test/auto/Multiplexor2.xml
----------------- Instantiating /home/travis/build/icyphy/ptII/ptolemy/actor/lib/test/auto/Multiplexor2.xml
5 ms. Memory: 536576K Free: 176415K (33%)
----------------- Invoking toplevel() on ptolemy.moml.MoMLSimpleApplication@1f87249a
----------------- Done invoking toplevel() on ptolemy.moml.MoMLSimpleApplication@1f87249a
reloadAllAccessors: .Multiplexor2

===========================================================================================
----------------- testing Fri Mar 13 07:18:28 UTC 2020 /home/travis/build/icyphy/ptII/ptolemy/actor/lib/test/auto/Multiplexor3.xml
----------------- Instantiating /home/travis/build/icyphy/ptII/ptolemy/actor/lib/test/auto/Multiplexor3.xml
2 ms. Memory: 536576K Free: 172319K (32%)
----------------- Invoking toplevel() on ptolemy.moml.MoMLSimpleApplication@4fd6061
----------------- Done invoking toplevel() on ptolemy.moml.MoMLSimpleApplication@4fd6061
reloadAllAccessors: .Multiplexor3

===========================================================================================
----------------- testing Fri Mar 13 07:18:28 UTC 2020 /home/travis/build/icyphy/ptII/ptolemy/actor/lib/test/auto/MultiplexorDE.xml
----------------- Instantiating /home/travis/build/icyphy/ptII/ptolemy/actor/lib/test/auto/MultiplexorDE.xml
2 ms. Memory: 536576K Free: 481027K (90%)
----------------- Invoking toplevel() on ptolemy.moml.MoMLSimpleApplication@10393c4a
----------------- Done invoking toplevel() on ptolemy.moml.MoMLSimpleApplication@10393c4a
reloadAllAccessors: .MultiplexorDE

===========================================================================================
----------------- testing Fri Mar 13 07:18:28 UTC 2020 /home/travis/build/icyphy/ptII/ptolemy/actor/lib/test/auto/MultiportBroadcastTest.xml
----------------- Instantiating /home/travis/build/icyphy/ptII/ptolemy/actor/lib/test/auto/MultiportBroadcastTest.xml
79 ms. Memory: 536576K Free: 474369K (88%)
----------------- Invoking toplevel() on ptolemy.moml.MoMLSimpleApplication@60f6be46
----------------- Done invoking toplevel() on ptolemy.moml.MoMLSimpleApplication@60f6be46
reloadAllAccessors: .MultiportBroadcastTest

===========================================================================================
----------------- testing Fri Mar 13 07:18:28 UTC 2020 /home/travis/build/icyphy/ptII/ptolemy/actor/lib/test/auto/MultiportOutHangDuringGetWidth.xml
----------------- Instantiating /home/travis/build/icyphy/ptII/ptolemy/actor/lib/test/auto/MultiportOutHangDuringGetWidth.xml
5 ms. Memory: 536576K Free: 462595K (86%)
----------------- Invoking toplevel() on ptolemy.moml.MoMLSimpleApplication@29aba30d
----------------- Done invoking toplevel() on ptolemy.moml.MoMLSimpleApplication@29aba30d
reloadAllAccessors: .MultiportOutHangDuringGetWidth

===========================================================================================
----------------- testing Fri Mar 13 07:18:28 UTC 2020 /home/travis/build/icyphy/ptII/ptolemy/actor/lib/test/auto/NilToken.xml
----------------- Instantiating /home/travis/build/icyphy/ptII/ptolemy/actor/lib/test/auto/NilToken.xml
1 ms. Memory: 536576K Free: 457985K (85%)
----------------- Invoking toplevel() on ptolemy.moml.MoMLSimpleApplication@64ab9975
----------------- Done invoking toplevel() on ptolemy.moml.MoMLSimpleApplication@64ab9975
reloadAllAccessors: .NilToken

===========================================================================================
----------------- testing Fri Mar 13 07:18:28 UTC 2020 /home/travis/build/icyphy/ptII/ptolemy/actor/lib/test/auto/NilTokenNonStrictTest.xml
----------------- Instantiating /home/travis/build/icyphy/ptII/ptolemy/actor/lib/test/auto/NilTokenNonStrictTest.xml
1 ms. Memory: 536576K Free: 452865K (84%)
----------------- Invoking toplevel() on ptolemy.moml.MoMLSimpleApplication@540512b2
----------------- Done invoking toplevel() on ptolemy.moml.MoMLSimpleApplication@540512b2
reloadAllAccessors: .NilTokenNonStrictTest

===========================================================================================
----------------- testing Fri Mar 13 07:18:28 UTC 2020 /home/travis/build/icyphy/ptII/ptolemy/actor/lib/test/auto/NilTokenRecord.xml
----------------- Instantiating /home/travis/build/icyphy/ptII/ptolemy/actor/lib/test/auto/NilTokenRecord.xml
5 ms. Memory: 536576K Free: 446211K (83%)
----------------- Invoking toplevel() on ptolemy.moml.MoMLSimpleApplication@444c9
----------------- Done invoking toplevel() on ptolemy.moml.MoMLSimpleApplication@444c9
reloadAllAccessors: .NilTokenRecord

===========================================================================================
----------------- testing Fri Mar 13 07:18:29 UTC 2020 /home/travis/build/icyphy/ptII/ptolemy/actor/lib/test/auto/NilTokenTypeTest.xml
----------------- Instantiating /home/travis/build/icyphy/ptII/ptolemy/actor/lib/test/auto/NilTokenTypeTest.xml
5 ms. Memory: 536576K Free: 436481K (81%)
----------------- Invoking toplevel() on ptolemy.moml.MoMLSimpleApplication@660dca73
----------------- Done invoking toplevel() on ptolemy.moml.MoMLSimpleApplication@660dca73
reloadAllAccessors: .NilTokenTypeTest

===========================================================================================
----------------- testing Fri Mar 13 07:18:29 UTC 2020 /home/travis/build/icyphy/ptII/ptolemy/actor/lib/test/auto/ObjectToken1.xml
----------------- Instantiating /home/travis/build/icyphy/ptII/ptolemy/actor/lib/test/auto/ObjectToken1.xml
2 ms. Memory: 536576K Free: 432385K (81%)
----------------- Invoking toplevel() on ptolemy.moml.MoMLSimpleApplication@13839298
----------------- Done invoking toplevel() on ptolemy.moml.MoMLSimpleApplication@13839298
reloadAllAccessors: .ObjectToken1

===========================================================================================
----------------- testing Fri Mar 13 07:18:29 UTC 2020 /home/travis/build/icyphy/ptII/ptolemy/actor/lib/test/auto/OrderedMerge.xml
----------------- Instantiating /home/travis/build/icyphy/ptII/ptolemy/actor/lib/test/auto/OrderedMerge.xml
7 ms. Memory: 536576K Free: 426755K (80%)
----------------- Invoking toplevel() on ptolemy.moml.MoMLSimpleApplication@32e3812
----------------- Done invoking toplevel() on ptolemy.moml.MoMLSimpleApplication@32e3812
reloadAllAccessors: .OrderedMerge

===========================================================================================
----------------- testing Fri Mar 13 07:18:29 UTC 2020 /home/travis/build/icyphy/ptII/ptolemy/actor/lib/test/auto/OrderedRecordDisassembler.xml
----------------- Instantiating /home/travis/build/icyphy/ptII/ptolemy/actor/lib/test/auto/OrderedRecordDisassembler.xml
2 ms. Memory: 536576K Free: 421635K (79%)
----------------- Invoking toplevel() on ptolemy.moml.MoMLSimpleApplication@7be2c59c
----------------- Done invoking toplevel() on ptolemy.moml.MoMLSimpleApplication@7be2c59c
reloadAllAccessors: .OrderedRecordDisassembler

===========================================================================================
----------------- testing Fri Mar 13 07:18:29 UTC 2020 /home/travis/build/icyphy/ptII/ptolemy/actor/lib/test/auto/OrderedRecordDisassembler2.xml
----------------- Instantiating /home/travis/build/icyphy/ptII/ptolemy/actor/lib/test/auto/OrderedRecordDisassembler2.xml
8 ms. Memory: 536576K Free: 413923K (77%)
----------------- Invoking toplevel() on ptolemy.moml.MoMLSimpleApplication@157cb517
----------------- Done invoking toplevel() on ptolemy.moml.MoMLSimpleApplication@157cb517
reloadAllAccessors: .OrderedRecordDisassembler2

===========================================================================================
----------------- testing Fri Mar 13 07:18:29 UTC 2020 /home/travis/build/icyphy/ptII/ptolemy/actor/lib/test/auto/OrderedRecordUpdater.xml
----------------- Instantiating /home/travis/build/icyphy/ptII/ptolemy/actor/lib/test/auto/OrderedRecordUpdater.xml
1 ms. Memory: 536576K Free: 408833K (76%)
----------------- Invoking toplevel() on ptolemy.moml.MoMLSimpleApplication@8bede01
----------------- Done invoking toplevel() on ptolemy.moml.MoMLSimpleApplication@8bede01
reloadAllAccessors: .RecordUpdater

===========================================================================================
----------------- testing Fri Mar 13 07:18:29 UTC 2020 /home/travis/build/icyphy/ptII/ptolemy/actor/lib/test/auto/OrderedRecordUpdater2.xml
----------------- Instantiating /home/travis/build/icyphy/ptII/ptolemy/actor/lib/test/auto/OrderedRecordUpdater2.xml
3 ms. Memory: 536576K Free: 403713K (75%)
----------------- Invoking toplevel() on ptolemy.moml.MoMLSimpleApplication@2a0e7f54
----------------- Done invoking toplevel() on ptolemy.moml.MoMLSimpleApplication@2a0e7f54
reloadAllAccessors: .RecordUpdater2

===========================================================================================
----------------- testing Fri Mar 13 07:18:29 UTC 2020 /home/travis/build/icyphy/ptII/ptolemy/actor/lib/test/auto/PhaseUnwrap.xml
----------------- Instantiating /home/travis/build/icyphy/ptII/ptolemy/actor/lib/test/auto/PhaseUnwrap.xml
2 ms. Memory: 536576K Free: 399107K (74%)
----------------- Invoking toplevel() on ptolemy.moml.MoMLSimpleApplication@49dfae3b
----------------- Done invoking toplevel() on ptolemy.moml.MoMLSimpleApplication@49dfae3b
reloadAllAccessors: .PhaseUnwrap

===========================================================================================
----------------- testing Fri Mar 13 07:18:29 UTC 2020 /home/travis/build/icyphy/ptII/ptolemy/actor/lib/test/auto/PoissonClock.xml
----------------- Instantiating /home/travis/build/icyphy/ptII/ptolemy/actor/lib/test/auto/PoissonClock.xml
1 ms. Memory: 536576K Free: 395011K (74%)
----------------- Invoking toplevel() on ptolemy.moml.MoMLSimpleApplication@30aa05a3
----------------- Done invoking toplevel() on ptolemy.moml.MoMLSimpleApplication@30aa05a3
reloadAllAccessors: .PoissonClock

===========================================================================================
----------------- testing Fri Mar 13 07:18:29 UTC 2020 /home/travis/build/icyphy/ptII/ptolemy/actor/lib/test/auto/PoissonClock2.xml
----------------- Instantiating /home/travis/build/icyphy/ptII/ptolemy/actor/lib/test/auto/PoissonClock2.xml
1 ms. Memory: 536576K Free: 390401K (73%)
----------------- Invoking toplevel() on ptolemy.moml.MoMLSimpleApplication@193198b3
----------------- Done invoking toplevel() on ptolemy.moml.MoMLSimpleApplication@193198b3
reloadAllAccessors: .PoissonClock2

===========================================================================================
----------------- testing Fri Mar 13 07:18:29 UTC 2020 /home/travis/build/icyphy/ptII/ptolemy/actor/lib/test/auto/PoissonClock3.xml
----------------- Instantiating /home/travis/build/icyphy/ptII/ptolemy/actor/lib/test/auto/PoissonClock3.xml
1 ms. Memory: 536576K Free: 385795K (72%)
----------------- Invoking toplevel() on ptolemy.moml.MoMLSimpleApplication@58ec0b57
----------------- Done invoking toplevel() on ptolemy.moml.MoMLSimpleApplication@58ec0b57
reloadAllAccessors: .PoissonClock3

===========================================================================================
----------------- testing Fri Mar 13 07:18:29 UTC 2020 /home/travis/build/icyphy/ptII/ptolemy/actor/lib/test/auto/PubSubWithInitialTokens.xml
----------------- Instantiating /home/travis/build/icyphy/ptII/ptolemy/actor/lib/test/auto/PubSubWithInitialTokens.xml
2 ms. Memory: 536576K Free: 380147K (71%)
----------------- Invoking toplevel() on ptolemy.moml.MoMLSimpleApplication@2cb47c3a
----------------- Done invoking toplevel() on ptolemy.moml.MoMLSimpleApplication@2cb47c3a
reloadAllAccessors: .PubSubWithInitialTokens

===========================================================================================
----------------- testing Fri Mar 13 07:18:29 UTC 2020 /home/travis/build/icyphy/ptII/ptolemy/actor/lib/test/auto/PubSubWithInitialTokens2.xml
----------------- Instantiating /home/travis/build/icyphy/ptII/ptolemy/actor/lib/test/auto/PubSubWithInitialTokens2.xml
4 ms. Memory: 536576K Free: 373987K (70%)
----------------- Invoking toplevel() on ptolemy.moml.MoMLSimpleApplication@1e67a7d
----------------- Done invoking toplevel() on ptolemy.moml.MoMLSimpleApplication@1e67a7d
reloadAllAccessors: .PubSubWithInitialTokens2

===========================================================================================
----------------- testing Fri Mar 13 07:18:29 UTC 2020 /home/travis/build/icyphy/ptII/ptolemy/actor/lib/test/auto/PublisherClassNoParameter.xml
----------------- Instantiating /home/travis/build/icyphy/ptII/ptolemy/actor/lib/test/auto/PublisherClassNoParameter.xml
2 ms. Memory: 536576K Free: 364291K (68%)
----------------- Invoking toplevel() on ptolemy.moml.MoMLSimpleApplication@5f5e0747
----------------- Done invoking toplevel() on ptolemy.moml.MoMLSimpleApplication@5f5e0747
reloadAllAccessors: .PublisherClassNoParameter

===========================================================================================
----------------- testing Fri Mar 13 07:18:29 UTC 2020 /home/travis/build/icyphy/ptII/ptolemy/actor/lib/test/auto/PublisherClassParameter.xml
----------------- Instantiating /home/travis/build/icyphy/ptII/ptolemy/actor/lib/test/auto/PublisherClassParameter.xml
2 ms. Memory: 536576K Free: 353027K (66%)
----------------- Invoking toplevel() on ptolemy.moml.MoMLSimpleApplication@2deac0f8
----------------- Done invoking toplevel() on ptolemy.moml.MoMLSimpleApplication@2deac0f8
reloadAllAccessors: .PublisherClassParameter

===========================================================================================
----------------- testing Fri Mar 13 07:18:29 UTC 2020 /home/travis/build/icyphy/ptII/ptolemy/actor/lib/test/auto/PublisherNonStrictTest.xml
----------------- Instantiating /home/travis/build/icyphy/ptII/ptolemy/actor/lib/test/auto/PublisherNonStrictTest.xml
3 ms. Memory: 536576K Free: 345339K (64%)
----------------- Invoking toplevel() on ptolemy.moml.MoMLSimpleApplication@3ff23b57
----------------- Done invoking toplevel() on ptolemy.moml.MoMLSimpleApplication@3ff23b57
reloadAllAccessors: .PublisherNonStrictTest

===========================================================================================
----------------- testing Fri Mar 13 07:18:29 UTC 2020 /home/travis/build/icyphy/ptII/ptolemy/actor/lib/test/auto/PublisherPort1.xml
----------------- Instantiating /home/travis/build/icyphy/ptII/ptolemy/actor/lib/test/auto/PublisherPort1.xml
11 ms. Memory: 536576K Free: 339715K (63%)
----------------- Invoking toplevel() on ptolemy.moml.MoMLSimpleApplication@29b497dd
----------------- Done invoking toplevel() on ptolemy.moml.MoMLSimpleApplication@29b497dd
reloadAllAccessors: .PublisherPort1

===========================================================================================
----------------- testing Fri Mar 13 07:18:29 UTC 2020 /home/travis/build/icyphy/ptII/ptolemy/actor/lib/test/auto/PublisherPort2.xml
----------------- Instantiating /home/travis/build/icyphy/ptII/ptolemy/actor/lib/test/auto/PublisherPort2.xml
1 ms. Memory: 536576K Free: 334595K (62%)
----------------- Invoking toplevel() on ptolemy.moml.MoMLSimpleApplication@2d2fd965
----------------- Done invoking toplevel() on ptolemy.moml.MoMLSimpleApplication@2d2fd965
reloadAllAccessors: .PublisherPort2

===========================================================================================
----------------- testing Fri Mar 13 07:18:29 UTC 2020 /home/travis/build/icyphy/ptII/ptolemy/actor/lib/test/auto/PublisherPort3.xml
----------------- Instantiating /home/travis/build/icyphy/ptII/ptolemy/actor/lib/test/auto/PublisherPort3.xml
3 ms. Memory: 536576K Free: 327907K (61%)
----------------- Invoking toplevel() on ptolemy.moml.MoMLSimpleApplication@250277a5
----------------- Done invoking toplevel() on ptolemy.moml.MoMLSimpleApplication@250277a5
reloadAllAccessors: .PublisherPort3

===========================================================================================
----------------- testing Fri Mar 13 07:18:29 UTC 2020 /home/travis/build/icyphy/ptII/ptolemy/actor/lib/test/auto/PublisherPort4.xml
----------------- Instantiating /home/travis/build/icyphy/ptII/ptolemy/actor/lib/test/auto/PublisherPort4.xml
2 ms. Memory: 536576K Free: 322307K (60%)
----------------- Invoking toplevel() on ptolemy.moml.MoMLSimpleApplication@559310b9
----------------- Done invoking toplevel() on ptolemy.moml.MoMLSimpleApplication@559310b9
reloadAllAccessors: .PublisherPort4

===========================================================================================
----------------- testing Fri Mar 13 07:18:29 UTC 2020 /home/travis/build/icyphy/ptII/ptolemy/actor/lib/test/auto/PublisherPort5.xml
----------------- Instantiating /home/travis/build/icyphy/ptII/ptolemy/actor/lib/test/auto/PublisherPort5.xml
3 ms. Memory: 536576K Free: 314625K (59%)
----------------- Invoking toplevel() on ptolemy.moml.MoMLSimpleApplication@2101828f
----------------- Done invoking toplevel() on ptolemy.moml.MoMLSimpleApplication@2101828f
reloadAllAccessors: .PublisherPort5

===========================================================================================
----------------- testing Fri Mar 13 07:18:29 UTC 2020 /home/travis/build/icyphy/ptII/ptolemy/actor/lib/test/auto/PublisherPort5LookAlike.xml
----------------- Instantiating /home/travis/build/icyphy/ptII/ptolemy/actor/lib/test/auto/PublisherPort5LookAlike.xml
7 ms. Memory: 536576K Free: 306947K (57%)
----------------- Invoking toplevel() on ptolemy.moml.MoMLSimpleApplication@72aee03c
----------------- Done invoking toplevel() on ptolemy.moml.MoMLSimpleApplication@72aee03c
reloadAllAccessors: .PublisherPort5LookAlike

===========================================================================================
----------------- testing Fri Mar 13 07:18:29 UTC 2020 /home/travis/build/icyphy/ptII/ptolemy/actor/lib/test/auto/PublisherPort6.xml
----------------- Instantiating /home/travis/build/icyphy/ptII/ptolemy/actor/lib/test/auto/PublisherPort6.xml
2 ms. Memory: 536576K Free: 300275K (56%)
----------------- Invoking toplevel() on ptolemy.moml.MoMLSimpleApplication@17f99854
----------------- Done invoking toplevel() on ptolemy.moml.MoMLSimpleApplication@17f99854
reloadAllAccessors: .PublisherPort6

===========================================================================================
----------------- testing Fri Mar 13 07:18:29 UTC 2020 /home/travis/build/icyphy/ptII/ptolemy/actor/lib/test/auto/PublisherPort7.xml
----------------- Instantiating /home/travis/build/icyphy/ptII/ptolemy/actor/lib/test/auto/PublisherPort7.xml
13 ms. Memory: 536576K Free: 292611K (55%)
----------------- Invoking toplevel() on ptolemy.moml.MoMLSimpleApplication@1eaa44f5
----------------- Done invoking toplevel() on ptolemy.moml.MoMLSimpleApplication@1eaa44f5
reloadAllAccessors: .PublisherPort7

===========================================================================================
----------------- testing Fri Mar 13 07:18:29 UTC 2020 /home/travis/build/icyphy/ptII/ptolemy/actor/lib/test/auto/PublisherPort8.xml
----------------- Instantiating /home/travis/build/icyphy/ptII/ptolemy/actor/lib/test/auto/PublisherPort8.xml
4 ms. Memory: 536576K Free: 283395K (53%)
----------------- Invoking toplevel() on ptolemy.moml.MoMLSimpleApplication@36d119ec
----------------- Done invoking toplevel() on ptolemy.moml.MoMLSimpleApplication@36d119ec
reloadAllAccessors: .PublisherPort8

===========================================================================================
----------------- testing Fri Mar 13 07:18:29 UTC 2020 /home/travis/build/icyphy/ptII/ptolemy/actor/lib/test/auto/PublisherPortSubscriberChannelVariablesAOC2.xml
----------------- Instantiating /home/travis/build/icyphy/ptII/ptolemy/actor/lib/test/auto/PublisherPortSubscriberChannelVariablesAOC2.xml
3 ms. Memory: 536576K Free: 266497K (50%)
----------------- Invoking toplevel() on ptolemy.moml.MoMLSimpleApplication@3e31851e
----------------- Done invoking toplevel() on ptolemy.moml.MoMLSimpleApplication@3e31851e
reloadAllAccessors: .PublisherPortSubscriberChannelVariablesAOC2

===========================================================================================
----------------- testing Fri Mar 13 07:18:29 UTC 2020 /home/travis/build/icyphy/ptII/ptolemy/actor/lib/test/auto/PublisherPortSubscriberOpaqueWidthInference.xml
----------------- Instantiating /home/travis/build/icyphy/ptII/ptolemy/actor/lib/test/auto/PublisherPortSubscriberOpaqueWidthInference.xml
4 ms. Memory: 536576K Free: 258819K (48%)
----------------- Invoking toplevel() on ptolemy.moml.MoMLSimpleApplication@1a934b4f
----------------- Done invoking toplevel() on ptolemy.moml.MoMLSimpleApplication@1a934b4f
reloadAllAccessors: .PublisherPortSubscriberOpaqueWidthInference

===========================================================================================
----------------- testing Fri Mar 13 07:18:29 UTC 2020 /home/travis/build/icyphy/ptII/ptolemy/actor/lib/test/auto/PublisherPortSubscriberPortAdjacent.xml
----------------- Instantiating /home/travis/build/icyphy/ptII/ptolemy/actor/lib/test/auto/PublisherPortSubscriberPortAdjacent.xml
2 ms. Memory: 536576K Free: 250627K (47%)
----------------- Invoking toplevel() on ptolemy.moml.MoMLSimpleApplication@6de7a084
----------------- Done invoking toplevel() on ptolemy.moml.MoMLSimpleApplication@6de7a084
reloadAllAccessors: .PublisherPortSubscriberPortAdjacent

===========================================================================================
----------------- testing Fri Mar 13 07:18:29 UTC 2020 /home/travis/build/icyphy/ptII/ptolemy/actor/lib/test/auto/PublisherPortSubscriberPortExpression.xml
----------------- Instantiating /home/travis/build/icyphy/ptII/ptolemy/actor/lib/test/auto/PublisherPortSubscriberPortExpression.xml
4 ms. Memory: 536576K Free: 242939K (45%)
----------------- Invoking toplevel() on ptolemy.moml.MoMLSimpleApplication@27b7326e
----------------- Done invoking toplevel() on ptolemy.moml.MoMLSimpleApplication@27b7326e
reloadAllAccessors: .PublisherPortSubscriberPortExpression

===========================================================================================
----------------- testing Fri Mar 13 07:18:29 UTC 2020 /home/travis/build/icyphy/ptII/ptolemy/actor/lib/test/auto/PublisherPortSubscriberPortOpaqueD3Reverse.xml
----------------- Instantiating /home/travis/build/icyphy/ptII/ptolemy/actor/lib/test/auto/PublisherPortSubscriberPortOpaqueD3Reverse.xml
9 ms. Memory: 536576K Free: 232705K (43%)
----------------- Invoking toplevel() on ptolemy.moml.MoMLSimpleApplication@3336cd9e
----------------- Done invoking toplevel() on ptolemy.moml.MoMLSimpleApplication@3336cd9e
reloadAllAccessors: .PublisherPortSubscriberPortOpaqueD3Reverse

===========================================================================================
----------------- testing Fri Mar 13 07:18:29 UTC 2020 /home/travis/build/icyphy/ptII/ptolemy/actor/lib/test/auto/PublisherPortSubscriberPortOpaqueWidthInference.xml
----------------- Instantiating /home/travis/build/icyphy/ptII/ptolemy/actor/lib/test/auto/PublisherPortSubscriberPortOpaqueWidthInference.xml
3 ms. Memory: 536576K Free: 225027K (42%)
----------------- Invoking toplevel() on ptolemy.moml.MoMLSimpleApplication@555b512e
----------------- Done invoking toplevel() on ptolemy.moml.MoMLSimpleApplication@555b512e
reloadAllAccessors: .PublisherPortSubscriberPortOpaqueWidthInference

===========================================================================================
----------------- testing Fri Mar 13 07:18:29 UTC 2020 /home/travis/build/icyphy/ptII/ptolemy/actor/lib/test/auto/PublisherPortToplevelSubscriberPortAOC.xml
----------------- Instantiating /home/travis/build/icyphy/ptII/ptolemy/actor/lib/test/auto/PublisherPortToplevelSubscriberPortAOC.xml
.PublisherPortToplevelSubscriberPortAOC.TestExceptionAttribute: initialize() was not invoked, but wrapup() was.  This is unusual, but not always a problem.  For example, exporting JNLP will do this.
1 ms. Memory: 536576K Free: 219393K (41%)
----------------- Invoking toplevel() on ptolemy.moml.MoMLSimpleApplication@765c2f4e
----------------- Done invoking toplevel() on ptolemy.moml.MoMLSimpleApplication@765c2f4e
reloadAllAccessors: .PublisherPortToplevelSubscriberPortAOC

===========================================================================================
----------------- testing Fri Mar 13 07:18:29 UTC 2020 /home/travis/build/icyphy/ptII/ptolemy/actor/lib/test/auto/PublisherSubscriber.xml
----------------- Instantiating /home/travis/build/icyphy/ptII/ptolemy/actor/lib/test/auto/PublisherSubscriber.xml
2 ms. Memory: 536576K Free: 212195K (40%)
----------------- Invoking toplevel() on ptolemy.moml.MoMLSimpleApplication@11ad9e01
----------------- Done invoking toplevel() on ptolemy.moml.MoMLSimpleApplication@11ad9e01
reloadAllAccessors: .PublisherSubscriber

===========================================================================================
----------------- testing Fri Mar 13 07:18:29 UTC 2020 /home/travis/build/icyphy/ptII/ptolemy/actor/lib/test/auto/PublisherSubscriber10.xml
----------------- Instantiating /home/travis/build/icyphy/ptII/ptolemy/actor/lib/test/auto/PublisherSubscriber10.xml
5 ms. Memory: 536576K Free: 201985K (38%)
----------------- Invoking toplevel() on ptolemy.moml.MoMLSimpleApplication@3a52f05b
----------------- Done invoking toplevel() on ptolemy.moml.MoMLSimpleApplication@3a52f05b
reloadAllAccessors: .PublisherSubscriber10

===========================================================================================
----------------- testing Fri Mar 13 07:18:29 UTC 2020 /home/travis/build/icyphy/ptII/ptolemy/actor/lib/test/auto/PublisherSubscriber10InitialOutputs.xml
----------------- Instantiating /home/travis/build/icyphy/ptII/ptolemy/actor/lib/test/auto/PublisherSubscriber10InitialOutputs.xml
14 ms. Memory: 536576K Free: 192769K (36%)
----------------- Invoking toplevel() on ptolemy.moml.MoMLSimpleApplication@51a7f2c1
----------------- Done invoking toplevel() on ptolemy.moml.MoMLSimpleApplication@51a7f2c1
reloadAllAccessors: .PublisherSubscriber10InitialOutputs

===========================================================================================
----------------- testing Fri Mar 13 07:18:29 UTC 2020 /home/travis/build/icyphy/ptII/ptolemy/actor/lib/test/auto/PublisherSubscriber11.xml
----------------- Instantiating /home/travis/build/icyphy/ptII/ptolemy/actor/lib/test/auto/PublisherSubscriber11.xml
2 ms. Memory: 536576K Free: 186595K (35%)
----------------- Invoking toplevel() on ptolemy.moml.MoMLSimpleApplication@6a155608
----------------- Done invoking toplevel() on ptolemy.moml.MoMLSimpleApplication@6a155608
reloadAllAccessors: .PublisherSubscriber11

===========================================================================================
----------------- testing Fri Mar 13 07:18:29 UTC 2020 /home/travis/build/icyphy/ptII/ptolemy/actor/lib/test/auto/PublisherSubscriber12.xml
----------------- Instantiating /home/travis/build/icyphy/ptII/ptolemy/actor/lib/test/auto/PublisherSubscriber12.xml
5 ms. Memory: 536576K Free: 179971K (34%)
----------------- Invoking toplevel() on ptolemy.moml.MoMLSimpleApplication@7bf87d11
----------------- Done invoking toplevel() on ptolemy.moml.MoMLSimpleApplication@7bf87d11
reloadAllAccessors: .PublisherSubscriber12

===========================================================================================
----------------- testing Fri Mar 13 07:18:29 UTC 2020 /home/travis/build/icyphy/ptII/ptolemy/actor/lib/test/auto/PublisherSubscriber13.xml
----------------- Instantiating /home/travis/build/icyphy/ptII/ptolemy/actor/lib/test/auto/PublisherSubscriber13.xml
2 ms. Memory: 536576K Free: 174307K (32%)
----------------- Invoking toplevel() on ptolemy.moml.MoMLSimpleApplication@450b694d
----------------- Done invoking toplevel() on ptolemy.moml.MoMLSimpleApplication@450b694d
reloadAllAccessors: .PublisherSubscriber13

===========================================================================================
----------------- testing Fri Mar 13 07:18:29 UTC 2020 /home/travis/build/icyphy/ptII/ptolemy/actor/lib/test/auto/PublisherSubscriber14.xml
----------------- Instantiating /home/travis/build/icyphy/ptII/ptolemy/actor/lib/test/auto/PublisherSubscriber14.xml
2 ms. Memory: 536576K Free: 482009K (90%)
----------------- Invoking toplevel() on ptolemy.moml.MoMLSimpleApplication@17faa6d
----------------- Done invoking toplevel() on ptolemy.moml.MoMLSimpleApplication@17faa6d
reloadAllAccessors: .PublisherSubscriber14

===========================================================================================
----------------- testing Fri Mar 13 07:18:29 UTC 2020 /home/travis/build/icyphy/ptII/ptolemy/actor/lib/test/auto/PublisherSubscriber2.xml
----------------- Instantiating /home/travis/build/icyphy/ptII/ptolemy/actor/lib/test/auto/PublisherSubscriber2.xml
3 ms. Memory: 536576K Free: 475865K (89%)
----------------- Invoking toplevel() on ptolemy.moml.MoMLSimpleApplication@7ec9b2ed
----------------- Done invoking toplevel() on ptolemy.moml.MoMLSimpleApplication@7ec9b2ed
reloadAllAccessors: .PublisherSubscriber2

===========================================================================================
----------------- testing Fri Mar 13 07:18:29 UTC 2020 /home/travis/build/icyphy/ptII/ptolemy/actor/lib/test/auto/PublisherSubscriber3.xml
----------------- Instantiating /home/travis/build/icyphy/ptII/ptolemy/actor/lib/test/auto/PublisherSubscriber3.xml
2 ms. Memory: 536576K Free: 470217K (88%)
----------------- Invoking toplevel() on ptolemy.moml.MoMLSimpleApplication@624906c9
----------------- Done invoking toplevel() on ptolemy.moml.MoMLSimpleApplication@624906c9
reloadAllAccessors: .PublisherSubscriber3

===========================================================================================
----------------- testing Fri Mar 13 07:18:29 UTC 2020 /home/travis/build/icyphy/ptII/ptolemy/actor/lib/test/auto/PublisherSubscriber4.xml
----------------- Instantiating /home/travis/build/icyphy/ptII/ptolemy/actor/lib/test/auto/PublisherSubscriber4.xml
1 ms. Memory: 536576K Free: 465081K (87%)
----------------- Invoking toplevel() on ptolemy.moml.MoMLSimpleApplication@1f86ec7d
----------------- Done invoking toplevel() on ptolemy.moml.MoMLSimpleApplication@1f86ec7d
reloadAllAccessors: .PublisherSubscriber4

===========================================================================================
----------------- testing Fri Mar 13 07:18:29 UTC 2020 /home/travis/build/icyphy/ptII/ptolemy/actor/lib/test/auto/PublisherSubscriber5.xml
----------------- Instantiating /home/travis/build/icyphy/ptII/ptolemy/actor/lib/test/auto/PublisherSubscriber5.xml
2 ms. Memory: 536576K Free: 458457K (85%)
----------------- Invoking toplevel() on ptolemy.moml.MoMLSimpleApplication@4907ebdb
----------------- Done invoking toplevel() on ptolemy.moml.MoMLSimpleApplication@4907ebdb
reloadAllAccessors: .PublisherSubscriber5

===========================================================================================
----------------- testing Fri Mar 13 07:18:29 UTC 2020 /home/travis/build/icyphy/ptII/ptolemy/actor/lib/test/auto/PublisherSubscriber6.xml
----------------- Instantiating /home/travis/build/icyphy/ptII/ptolemy/actor/lib/test/auto/PublisherSubscriber6.xml
4 ms. Memory: 536576K Free: 451799K (84%)
----------------- Invoking toplevel() on ptolemy.moml.MoMLSimpleApplication@33886a70
----------------- Done invoking toplevel() on ptolemy.moml.MoMLSimpleApplication@33886a70
reloadAllAccessors: .PublisherSubscriber6

===========================================================================================
----------------- testing Fri Mar 13 07:18:29 UTC 2020 /home/travis/build/icyphy/ptII/ptolemy/actor/lib/test/auto/PublisherSubscriber7.xml
----------------- Instantiating /home/travis/build/icyphy/ptII/ptolemy/actor/lib/test/auto/PublisherSubscriber7.xml
8 ms. Memory: 536576K Free: 445145K (83%)
----------------- Invoking toplevel() on ptolemy.moml.MoMLSimpleApplication@47a3631a
----------------- Done invoking toplevel() on ptolemy.moml.MoMLSimpleApplication@47a3631a
reloadAllAccessors: .PublisherSubscriber7

===========================================================================================
----------------- testing Fri Mar 13 07:18:29 UTC 2020 /home/travis/build/icyphy/ptII/ptolemy/actor/lib/test/auto/PublisherSubscriber8.xml
----------------- Instantiating /home/travis/build/icyphy/ptII/ptolemy/actor/lib/test/auto/PublisherSubscriber8.xml
22 ms. Memory: 536576K Free: 432857K (81%)
----------------- Invoking toplevel() on ptolemy.moml.MoMLSimpleApplication@5fa17cd2
----------------- Done invoking toplevel() on ptolemy.moml.MoMLSimpleApplication@5fa17cd2
reloadAllAccessors: .PublisherSubscriber8

===========================================================================================
----------------- testing Fri Mar 13 07:18:29 UTC 2020 /home/travis/build/icyphy/ptII/ptolemy/actor/lib/test/auto/PublisherSubscriber9.xml
----------------- Instantiating /home/travis/build/icyphy/ptII/ptolemy/actor/lib/test/auto/PublisherSubscriber9.xml
3 ms. Memory: 536576K Free: 425689K (79%)
----------------- Invoking toplevel() on ptolemy.moml.MoMLSimpleApplication@6bc9c268
----------------- Done invoking toplevel() on ptolemy.moml.MoMLSimpleApplication@6bc9c268
reloadAllAccessors: .PublisherSubscriber9

===========================================================================================
----------------- testing Fri Mar 13 07:18:29 UTC 2020 /home/travis/build/icyphy/ptII/ptolemy/actor/lib/test/auto/PublisherSubscriberAdjacent.xml
----------------- Instantiating /home/travis/build/icyphy/ptII/ptolemy/actor/lib/test/auto/PublisherSubscriberAdjacent.xml
2 ms. Memory: 536576K Free: 417497K (78%)
----------------- Invoking toplevel() on ptolemy.moml.MoMLSimpleApplication@43316245
----------------- Done invoking toplevel() on ptolemy.moml.MoMLSimpleApplication@43316245
reloadAllAccessors: .PublisherSubscriberAdjacent

===========================================================================================
----------------- testing Fri Mar 13 07:18:30 UTC 2020 /home/travis/build/icyphy/ptII/ptolemy/actor/lib/test/auto/PublisherSubscriberChannelVariablesAOC2.xml
----------------- Instantiating /home/travis/build/icyphy/ptII/ptolemy/actor/lib/test/auto/PublisherSubscriberChannelVariablesAOC2.xml
3 ms. Memory: 536576K Free: 402633K (75%)
----------------- Invoking toplevel() on ptolemy.moml.MoMLSimpleApplication@4d234104
----------------- Done invoking toplevel() on ptolemy.moml.MoMLSimpleApplication@4d234104
reloadAllAccessors: .PublisherSubscriberChannelVariablesAOC2

===========================================================================================
----------------- testing Fri Mar 13 07:18:30 UTC 2020 /home/travis/build/icyphy/ptII/ptolemy/actor/lib/test/auto/PublisherSubscriberD3.xml
----------------- Instantiating /home/travis/build/icyphy/ptII/ptolemy/actor/lib/test/auto/PublisherSubscriberD3.xml
1 ms. Memory: 536576K Free: 395479K (74%)
----------------- Invoking toplevel() on ptolemy.moml.MoMLSimpleApplication@140bf7c0
----------------- Done invoking toplevel() on ptolemy.moml.MoMLSimpleApplication@140bf7c0
reloadAllAccessors: .PublisherSubscriberD3

===========================================================================================
----------------- testing Fri Mar 13 07:18:30 UTC 2020 /home/travis/build/icyphy/ptII/ptolemy/actor/lib/test/auto/PublisherSubscriberD3Reverse.xml
----------------- Instantiating /home/travis/build/icyphy/ptII/ptolemy/actor/lib/test/auto/PublisherSubscriberD3Reverse.xml
1 ms. Memory: 536576K Free: 389335K (73%)
----------------- Invoking toplevel() on ptolemy.moml.MoMLSimpleApplication@171b7a04
----------------- Done invoking toplevel() on ptolemy.moml.MoMLSimpleApplication@171b7a04
reloadAllAccessors: .PublisherSubscriberD3Reverse

===========================================================================================
----------------- testing Fri Mar 13 07:18:30 UTC 2020 /home/travis/build/icyphy/ptII/ptolemy/actor/lib/test/auto/PublisherSubscriberExpression.xml
----------------- Instantiating /home/travis/build/icyphy/ptII/ptolemy/actor/lib/test/auto/PublisherSubscriberExpression.xml
3 ms. Memory: 536576K Free: 380105K (71%)
----------------- Invoking toplevel() on ptolemy.moml.MoMLSimpleApplication@4efedbc
----------------- Done invoking toplevel() on ptolemy.moml.MoMLSimpleApplication@4efedbc
reloadAllAccessors: .PublisherSubscriberExpression

===========================================================================================
----------------- testing Fri Mar 13 07:18:30 UTC 2020 /home/travis/build/icyphy/ptII/ptolemy/actor/lib/test/auto/PublisherSubscriberOpaque.xml
----------------- Instantiating /home/travis/build/icyphy/ptII/ptolemy/actor/lib/test/auto/PublisherSubscriberOpaque.xml
3 ms. Memory: 536576K Free: 371927K (69%)
----------------- Invoking toplevel() on ptolemy.moml.MoMLSimpleApplication@5d1c6d4
----------------- Done invoking toplevel() on ptolemy.moml.MoMLSimpleApplication@5d1c6d4
reloadAllAccessors: .PublisherSubscriberOpaque

===========================================================================================
----------------- testing Fri Mar 13 07:18:30 UTC 2020 /home/travis/build/icyphy/ptII/ptolemy/actor/lib/test/auto/PublisherSubscriberOpaqueD3.xml
----------------- Instantiating /home/travis/build/icyphy/ptII/ptolemy/actor/lib/test/auto/PublisherSubscriberOpaqueD3.xml
5 ms. Memory: 536576K Free: 360663K (67%)
----------------- Invoking toplevel() on ptolemy.moml.MoMLSimpleApplication@6b6c66cd
----------------- Done invoking toplevel() on ptolemy.moml.MoMLSimpleApplication@6b6c66cd
reloadAllAccessors: .PublisherSubscriberOpaqueD3

===========================================================================================
----------------- testing Fri Mar 13 07:18:30 UTC 2020 /home/travis/build/icyphy/ptII/ptolemy/actor/lib/test/auto/PublisherSubscriberOpaqueD3Reverse.xml
----------------- Instantiating /home/travis/build/icyphy/ptII/ptolemy/actor/lib/test/auto/PublisherSubscriberOpaqueD3Reverse.xml
7 ms. Memory: 536576K Free: 349913K (65%)
----------------- Invoking toplevel() on ptolemy.moml.MoMLSimpleApplication@4772b528
----------------- Done invoking toplevel() on ptolemy.moml.MoMLSimpleApplication@4772b528
reloadAllAccessors: .PublisherSubscriberOpaqueD3Reverse

===========================================================================================
----------------- testing Fri Mar 13 07:18:30 UTC 2020 /home/travis/build/icyphy/ptII/ptolemy/actor/lib/test/auto/PublisherSubscriberOpaqueWidthInference.xml
----------------- Instantiating /home/travis/build/icyphy/ptII/ptolemy/actor/lib/test/auto/PublisherSubscriberOpaqueWidthInference.xml
4 ms. Memory: 536576K Free: 341721K (64%)
----------------- Invoking toplevel() on ptolemy.moml.MoMLSimpleApplication@43a2a921
----------------- Done invoking toplevel() on ptolemy.moml.MoMLSimpleApplication@43a2a921
reloadAllAccessors: .PublisherSubscriberOpaqueWidthInference

===========================================================================================
----------------- testing Fri Mar 13 07:18:30 UTC 2020 /home/travis/build/icyphy/ptII/ptolemy/actor/lib/test/auto/PublisherTestSubscriber.xml
----------------- Instantiating /home/travis/build/icyphy/ptII/ptolemy/actor/lib/test/auto/PublisherTestSubscriber.xml
2 ms. Memory: 536576K Free: 333009K (62%)
----------------- Invoking toplevel() on ptolemy.moml.MoMLSimpleApplication@7fc735d1
----------------- Done invoking toplevel() on ptolemy.moml.MoMLSimpleApplication@7fc735d1
reloadAllAccessors: .PublisherTestSubscriber

===========================================================================================
----------------- testing Fri Mar 13 07:18:30 UTC 2020 /home/travis/build/icyphy/ptII/ptolemy/actor/lib/test/auto/PublisherToplevelSubscriberPortAOC.xml
----------------- Instantiating /home/travis/build/icyphy/ptII/ptolemy/actor/lib/test/auto/PublisherToplevelSubscriberPortAOC.xml
1 ms. Memory: 536576K Free: 325841K (61%)
----------------- Invoking toplevel() on ptolemy.moml.MoMLSimpleApplication@5180f321
----------------- Done invoking toplevel() on ptolemy.moml.MoMLSimpleApplication@5180f321
reloadAllAccessors: .PublisherToplevelSubscriberPortAOC

===========================================================================================
----------------- testing Fri Mar 13 07:18:30 UTC 2020 /home/travis/build/icyphy/ptII/ptolemy/actor/lib/test/auto/PulseFiringLimitDE.xml
----------------- Instantiating /home/travis/build/icyphy/ptII/ptolemy/actor/lib/test/auto/PulseFiringLimitDE.xml
2 ms. Memory: 536576K Free: 319703K (60%)
----------------- Invoking toplevel() on ptolemy.moml.MoMLSimpleApplication@6eefa519
----------------- Done invoking toplevel() on ptolemy.moml.MoMLSimpleApplication@6eefa519
reloadAllAccessors: .PulseFiringLimitDE

===========================================================================================
----------------- testing Fri Mar 13 07:18:30 UTC 2020 /home/travis/build/icyphy/ptII/ptolemy/actor/lib/test/auto/Ramp1.xml
----------------- Instantiating /home/travis/build/icyphy/ptII/ptolemy/actor/lib/test/auto/Ramp1.xml
1 ms. Memory: 536576K Free: 315593K (59%)
----------------- Invoking toplevel() on ptolemy.moml.MoMLSimpleApplication@6c96605a
----------------- Done invoking toplevel() on ptolemy.moml.MoMLSimpleApplication@6c96605a
reloadAllAccessors: .Ramp1

===========================================================================================
----------------- testing Fri Mar 13 07:18:30 UTC 2020 /home/travis/build/icyphy/ptII/ptolemy/actor/lib/test/auto/RampFiringLimitDE.xml
----------------- Instantiating /home/travis/build/icyphy/ptII/ptolemy/actor/lib/test/auto/RampFiringLimitDE.xml
2 ms. Memory: 536576K Free: 309449K (58%)
----------------- Invoking toplevel() on ptolemy.moml.MoMLSimpleApplication@50d1bba3
----------------- Done invoking toplevel() on ptolemy.moml.MoMLSimpleApplication@50d1bba3
reloadAllAccessors: .RampFiringLimitDE

===========================================================================================
----------------- testing Fri Mar 13 07:18:30 UTC 2020 /home/travis/build/icyphy/ptII/ptolemy/actor/lib/test/auto/RampFiringLimitSDF.xml
----------------- Instantiating /home/travis/build/icyphy/ptII/ptolemy/actor/lib/test/auto/RampFiringLimitSDF.xml
2 ms. Memory: 536576K Free: 303833K (57%)
----------------- Invoking toplevel() on ptolemy.moml.MoMLSimpleApplication@3c3dfcd5
----------------- Done invoking toplevel() on ptolemy.moml.MoMLSimpleApplication@3c3dfcd5
reloadAllAccessors: .RampFiringLimitSDF

===========================================================================================
----------------- testing Fri Mar 13 07:18:30 UTC 2020 /home/travis/build/icyphy/ptII/ptolemy/actor/lib/test/auto/RandomInteger.xml
----------------- Instantiating /home/travis/build/icyphy/ptII/ptolemy/actor/lib/test/auto/RandomInteger.xml
1 ms. Memory: 536576K Free: 299737K (56%)
----------------- Invoking toplevel() on ptolemy.moml.MoMLSimpleApplication@5801e128
----------------- Done invoking toplevel() on ptolemy.moml.MoMLSimpleApplication@5801e128
reloadAllAccessors: .RandomInteger

===========================================================================================
----------------- testing Fri Mar 13 07:18:30 UTC 2020 /home/travis/build/icyphy/ptII/ptolemy/actor/lib/test/auto/ReadFile1.xml
----------------- Instantiating /home/travis/build/icyphy/ptII/ptolemy/actor/lib/test/auto/ReadFile1.xml
1 ms. Memory: 536576K Free: 295127K (55%)
----------------- Invoking toplevel() on ptolemy.moml.MoMLSimpleApplication@4b74d641
----------------- Done invoking toplevel() on ptolemy.moml.MoMLSimpleApplication@4b74d641
reloadAllAccessors: .ReadFile1

===========================================================================================
----------------- testing Fri Mar 13 07:18:30 UTC 2020 /home/travis/build/icyphy/ptII/ptolemy/actor/lib/test/auto/ReadFile2.xml
----------------- Instantiating /home/travis/build/icyphy/ptII/ptolemy/actor/lib/test/auto/ReadFile2.xml
1 ms. Memory: 536576K Free: 291031K (54%)
----------------- Invoking toplevel() on ptolemy.moml.MoMLSimpleApplication@4e2d81c8
----------------- Done invoking toplevel() on ptolemy.moml.MoMLSimpleApplication@4e2d81c8
reloadAllAccessors: .ReadFile2

===========================================================================================
----------------- testing Fri Mar 13 07:18:30 UTC 2020 /home/travis/build/icyphy/ptII/ptolemy/actor/lib/test/auto/Reader.xml
----------------- Instantiating /home/travis/build/icyphy/ptII/ptolemy/actor/lib/test/auto/Reader.xml
actor.lib.Reader is obsolete, use actor.lib.io.ExpressionReader instead
3 ms. Memory: 536576K Free: 286425K (53%)
----------------- Invoking toplevel() on ptolemy.moml.MoMLSimpleApplication@775b07a2
----------------- Done invoking toplevel() on ptolemy.moml.MoMLSimpleApplication@775b07a2
reloadAllAccessors: .Reader

===========================================================================================
----------------- testing Fri Mar 13 07:18:30 UTC 2020 /home/travis/build/icyphy/ptII/ptolemy/actor/lib/test/auto/RecordAssemblerDisplayNameTest.xml
----------------- Instantiating /home/travis/build/icyphy/ptII/ptolemy/actor/lib/test/auto/RecordAssemblerDisplayNameTest.xml
3478 ms. Memory: 536576K Free: 331867K (62%)
----------------- Invoking toplevel() on ptolemy.moml.MoMLSimpleApplication@6a5d4284
----------------- Done invoking toplevel() on ptolemy.moml.MoMLSimpleApplication@6a5d4284
reloadAllAccessors: .RecordAssemblerDisplayNameTest

===========================================================================================
----------------- testing Fri Mar 13 07:18:33 UTC 2020 /home/travis/build/icyphy/ptII/ptolemy/actor/lib/test/auto/RecordAssemblerTypeError.xml
----------------- Instantiating /home/travis/build/icyphy/ptII/ptolemy/actor/lib/test/auto/RecordAssemblerTypeError.xml
20 ms. Memory: 536576K Free: 322137K (60%)
----------------- Invoking toplevel() on ptolemy.moml.MoMLSimpleApplication@5e39299a
----------------- Done invoking toplevel() on ptolemy.moml.MoMLSimpleApplication@5e39299a
reloadAllAccessors: .RecordAssemblerTypeError

===========================================================================================
----------------- testing Fri Mar 13 07:18:33 UTC 2020 /home/travis/build/icyphy/ptII/ptolemy/actor/lib/test/auto/RecordDisassember.xml
----------------- Instantiating /home/travis/build/icyphy/ptII/ptolemy/actor/lib/test/auto/RecordDisassember.xml
3 ms. Memory: 536576K Free: 317531K (59%)
----------------- Invoking toplevel() on ptolemy.moml.MoMLSimpleApplication@320a2fc6
----------------- Done invoking toplevel() on ptolemy.moml.MoMLSimpleApplication@320a2fc6
reloadAllAccessors: .RecordDisassember

===========================================================================================
----------------- testing Fri Mar 13 07:18:33 UTC 2020 /home/travis/build/icyphy/ptII/ptolemy/actor/lib/test/auto/RecordDisassemberDisplayNameTest.xml
----------------- Instantiating /home/travis/build/icyphy/ptII/ptolemy/actor/lib/test/auto/RecordDisassemberDisplayNameTest.xml
5 ms. Memory: 536576K Free: 308825K (58%)
----------------- Invoking toplevel() on ptolemy.moml.MoMLSimpleApplication@72de3618
----------------- Done invoking toplevel() on ptolemy.moml.MoMLSimpleApplication@72de3618
reloadAllAccessors: .RecordDisassemberDisplayNameTest

===========================================================================================
----------------- testing Fri Mar 13 07:18:33 UTC 2020 /home/travis/build/icyphy/ptII/ptolemy/actor/lib/test/auto/RecordDisassembler.xml
----------------- Instantiating /home/travis/build/icyphy/ptII/ptolemy/actor/lib/test/auto/RecordDisassembler.xml
3 ms. Memory: 536576K Free: 303675K (57%)
----------------- Invoking toplevel() on ptolemy.moml.MoMLSimpleApplication@5d5254b3
----------------- Done invoking toplevel() on ptolemy.moml.MoMLSimpleApplication@5d5254b3
reloadAllAccessors: .RecordDisassembler

===========================================================================================
----------------- testing Fri Mar 13 07:18:33 UTC 2020 /home/travis/build/icyphy/ptII/ptolemy/actor/lib/test/auto/RecordDisassembler2.xml
----------------- Instantiating /home/travis/build/icyphy/ptII/ptolemy/actor/lib/test/auto/RecordDisassembler2.xml
2 ms. Memory: 536576K Free: 298571K (56%)
----------------- Invoking toplevel() on ptolemy.moml.MoMLSimpleApplication@6f2cda86
----------------- Done invoking toplevel() on ptolemy.moml.MoMLSimpleApplication@6f2cda86
reloadAllAccessors: .RecordDisassembler2

===========================================================================================
----------------- testing Fri Mar 13 07:18:33 UTC 2020 /home/travis/build/icyphy/ptII/ptolemy/actor/lib/test/auto/RecordUpdater.xml
----------------- Instantiating /home/travis/build/icyphy/ptII/ptolemy/actor/lib/test/auto/RecordUpdater.xml
2 ms. Memory: 536576K Free: 293465K (55%)
----------------- Invoking toplevel() on ptolemy.moml.MoMLSimpleApplication@48545464
----------------- Done invoking toplevel() on ptolemy.moml.MoMLSimpleApplication@48545464
reloadAllAccessors: .RecordUpdater

===========================================================================================
----------------- testing Fri Mar 13 07:18:33 UTC 2020 /home/travis/build/icyphy/ptII/ptolemy/actor/lib/test/auto/RecordUpdater2.xml
----------------- Instantiating /home/travis/build/icyphy/ptII/ptolemy/actor/lib/test/auto/RecordUpdater2.xml
2 ms. Memory: 536576K Free: 288345K (54%)
----------------- Invoking toplevel() on ptolemy.moml.MoMLSimpleApplication@699e51de
----------------- Done invoking toplevel() on ptolemy.moml.MoMLSimpleApplication@699e51de
reloadAllAccessors: .RecordUpdater2

===========================================================================================
----------------- testing Fri Mar 13 07:18:33 UTC 2020 /home/travis/build/icyphy/ptII/ptolemy/actor/lib/test/auto/RecursiveLattice.xml
----------------- Instantiating /home/travis/build/icyphy/ptII/ptolemy/actor/lib/test/auto/RecursiveLattice.xml
2 ms. Memory: 536576K Free: 284249K (53%)
----------------- Invoking toplevel() on ptolemy.moml.MoMLSimpleApplication@308e4e70
----------------- Done invoking toplevel() on ptolemy.moml.MoMLSimpleApplication@308e4e70
reloadAllAccessors: .RecursiveLattice

===========================================================================================
----------------- testing Fri Mar 13 07:18:33 UTC 2020 /home/travis/build/icyphy/ptII/ptolemy/actor/lib/test/auto/Router.xml
----------------- Instantiating /home/travis/build/icyphy/ptII/ptolemy/actor/lib/test/auto/Router.xml
3004 ms. Memory: 536576K Free: 273499K (51%)
----------------- Invoking toplevel() on ptolemy.moml.MoMLSimpleApplication@60c07d73
----------------- Done invoking toplevel() on ptolemy.moml.MoMLSimpleApplication@60c07d73
reloadAllAccessors: .Router

===========================================================================================
----------------- testing Fri Mar 13 07:18:36 UTC 2020 /home/travis/build/icyphy/ptII/ptolemy/actor/lib/test/auto/Router2.xml
----------------- Instantiating /home/travis/build/icyphy/ptII/ptolemy/actor/lib/test/auto/Router2.xml
3005 ms. Memory: 536576K Free: 262745K (49%)
----------------- Invoking toplevel() on ptolemy.moml.MoMLSimpleApplication@7de22633
----------------- Done invoking toplevel() on ptolemy.moml.MoMLSimpleApplication@7de22633
reloadAllAccessors: .Router2

===========================================================================================
----------------- testing Fri Mar 13 07:18:40 UTC 2020 /home/travis/build/icyphy/ptII/ptolemy/actor/lib/test/auto/RunningMaximum.xml
----------------- Instantiating /home/travis/build/icyphy/ptII/ptolemy/actor/lib/test/auto/RunningMaximum.xml
2 ms. Memory: 536576K Free: 257625K (48%)
----------------- Invoking toplevel() on ptolemy.moml.MoMLSimpleApplication@3870caee
----------------- Done invoking toplevel() on ptolemy.moml.MoMLSimpleApplication@3870caee
reloadAllAccessors: .RunningMaximum

===========================================================================================
----------------- testing Fri Mar 13 07:18:40 UTC 2020 /home/travis/build/icyphy/ptII/ptolemy/actor/lib/test/auto/RunningMinimum.xml
----------------- Instantiating /home/travis/build/icyphy/ptII/ptolemy/actor/lib/test/auto/RunningMinimum.xml
8 ms. Memory: 536576K Free: 253019K (47%)
----------------- Invoking toplevel() on ptolemy.moml.MoMLSimpleApplication@6c32bcd9
----------------- Done invoking toplevel() on ptolemy.moml.MoMLSimpleApplication@6c32bcd9
reloadAllAccessors: .RunningMinimum

===========================================================================================
----------------- testing Fri Mar 13 07:18:40 UTC 2020 /home/travis/build/icyphy/ptII/ptolemy/actor/lib/test/auto/Scale.xml
----------------- Instantiating /home/travis/build/icyphy/ptII/ptolemy/actor/lib/test/auto/Scale.xml
1 ms. Memory: 536576K Free: 248409K (46%)
----------------- Invoking toplevel() on ptolemy.moml.MoMLSimpleApplication@3632cab5
----------------- Done invoking toplevel() on ptolemy.moml.MoMLSimpleApplication@3632cab5
reloadAllAccessors: .Scale

===========================================================================================
----------------- testing Fri Mar 13 07:18:40 UTC 2020 /home/travis/build/icyphy/ptII/ptolemy/actor/lib/test/auto/Scale2.xml
----------------- Instantiating /home/travis/build/icyphy/ptII/ptolemy/actor/lib/test/auto/Scale2.xml
1 ms. Memory: 536576K Free: 243803K (45%)
----------------- Invoking toplevel() on ptolemy.moml.MoMLSimpleApplication@3de69b5c
----------------- Done invoking toplevel() on ptolemy.moml.MoMLSimpleApplication@3de69b5c
reloadAllAccessors: .Scale2

===========================================================================================
----------------- testing Fri Mar 13 07:18:40 UTC 2020 /home/travis/build/icyphy/ptII/ptolemy/actor/lib/test/auto/Scale3.xml
----------------- Instantiating /home/travis/build/icyphy/ptII/ptolemy/actor/lib/test/auto/Scale3.xml
7 ms. Memory: 536576K Free: 237659K (44%)
----------------- Invoking toplevel() on ptolemy.moml.MoMLSimpleApplication@3a8302e4
----------------- Done invoking toplevel() on ptolemy.moml.MoMLSimpleApplication@3a8302e4
reloadAllAccessors: .Scale3

===========================================================================================
----------------- testing Fri Mar 13 07:18:40 UTC 2020 /home/travis/build/icyphy/ptII/ptolemy/actor/lib/test/auto/ScaleArray.xml
----------------- Instantiating /home/travis/build/icyphy/ptII/ptolemy/actor/lib/test/auto/ScaleArray.xml
2 ms. Memory: 536576K Free: 233049K (43%)
----------------- Invoking toplevel() on ptolemy.moml.MoMLSimpleApplication@3a87cf76
----------------- Done invoking toplevel() on ptolemy.moml.MoMLSimpleApplication@3a87cf76
reloadAllAccessors: .ScaleArray

===========================================================================================
----------------- testing Fri Mar 13 07:18:40 UTC 2020 /home/travis/build/icyphy/ptII/ptolemy/actor/lib/test/auto/ScaleArray2.xml
----------------- Instantiating /home/travis/build/icyphy/ptII/ptolemy/actor/lib/test/auto/ScaleArray2.xml
1 ms. Memory: 536576K Free: 227929K (42%)
----------------- Invoking toplevel() on ptolemy.moml.MoMLSimpleApplication@6f3af9df
----------------- Done invoking toplevel() on ptolemy.moml.MoMLSimpleApplication@6f3af9df
reloadAllAccessors: .ScaleArray2

===========================================================================================
----------------- testing Fri Mar 13 07:18:40 UTC 2020 /home/travis/build/icyphy/ptII/ptolemy/actor/lib/test/auto/ScaleMatrix.xml
----------------- Instantiating /home/travis/build/icyphy/ptII/ptolemy/actor/lib/test/auto/ScaleMatrix.xml
149 ms. Memory: 536576K Free: 213593K (40%)
----------------- Invoking toplevel() on ptolemy.moml.MoMLSimpleApplication@5f16b63c
----------------- Done invoking toplevel() on ptolemy.moml.MoMLSimpleApplication@5f16b63c
reloadAllAccessors: .ScaleMatrix

===========================================================================================
----------------- testing Fri Mar 13 07:18:40 UTC 2020 /home/travis/build/icyphy/ptII/ptolemy/actor/lib/test/auto/Select.xml
----------------- Instantiating /home/travis/build/icyphy/ptII/ptolemy/actor/lib/test/auto/Select.xml
2 ms. Memory: 536576K Free: 207443K (39%)
----------------- Invoking toplevel() on ptolemy.moml.MoMLSimpleApplication@277545ad
----------------- Done invoking toplevel() on ptolemy.moml.MoMLSimpleApplication@277545ad
reloadAllAccessors: .Select

===========================================================================================
----------------- testing Fri Mar 13 07:18:40 UTC 2020 /home/travis/build/icyphy/ptII/ptolemy/actor/lib/test/auto/Select2.xml
----------------- Instantiating /home/travis/build/icyphy/ptII/ptolemy/actor/lib/test/auto/Select2.xml
1 ms. Memory: 536576K Free: 202843K (38%)
----------------- Invoking toplevel() on ptolemy.moml.MoMLSimpleApplication@6a6223b5
----------------- Done invoking toplevel() on ptolemy.moml.MoMLSimpleApplication@6a6223b5
reloadAllAccessors: .Select2

===========================================================================================
----------------- testing Fri Mar 13 07:18:40 UTC 2020 /home/travis/build/icyphy/ptII/ptolemy/actor/lib/test/auto/SequenceToArray2.xml
----------------- Instantiating /home/travis/build/icyphy/ptII/ptolemy/actor/lib/test/auto/SequenceToArray2.xml
92 ms. Memory: 536576K Free: 178267K (33%)
----------------- Invoking toplevel() on ptolemy.moml.MoMLSimpleApplication@133a332c
----------------- Done invoking toplevel() on ptolemy.moml.MoMLSimpleApplication@133a332c
reloadAllAccessors: .SequenceToArray2

===========================================================================================
----------------- testing Fri Mar 13 07:18:40 UTC 2020 /home/travis/build/icyphy/ptII/ptolemy/actor/lib/test/auto/SequentialClock.xml
----------------- Instantiating /home/travis/build/icyphy/ptII/ptolemy/actor/lib/test/auto/SequentialClock.xml
1 ms. Memory: 536576K Free: 173657K (32%)
----------------- Invoking toplevel() on ptolemy.moml.MoMLSimpleApplication@2b1b3c30
----------------- Done invoking toplevel() on ptolemy.moml.MoMLSimpleApplication@2b1b3c30
reloadAllAccessors: .SequentialClock

===========================================================================================
----------------- testing Fri Mar 13 07:18:40 UTC 2020 /home/travis/build/icyphy/ptII/ptolemy/actor/lib/test/auto/SetVariable.xml
----------------- Instantiating /home/travis/build/icyphy/ptII/ptolemy/actor/lib/test/auto/SetVariable.xml
5 ms. Memory: 536576K Free: 169051K (32%)
----------------- Invoking toplevel() on ptolemy.moml.MoMLSimpleApplication@5e3af6f5
----------------- Done invoking toplevel() on ptolemy.moml.MoMLSimpleApplication@5e3af6f5
reloadAllAccessors: .SetVariable

===========================================================================================
----------------- testing Fri Mar 13 07:18:40 UTC 2020 /home/travis/build/icyphy/ptII/ptolemy/actor/lib/test/auto/SetVariable2.xml
----------------- Instantiating /home/travis/build/icyphy/ptII/ptolemy/actor/lib/test/auto/SetVariable2.xml
3 ms. Memory: 536576K Free: 480347K (90%)
----------------- Invoking toplevel() on ptolemy.moml.MoMLSimpleApplication@554e047b
----------------- Done invoking toplevel() on ptolemy.moml.MoMLSimpleApplication@554e047b
reloadAllAccessors: .SetVariable2

===========================================================================================
----------------- testing Fri Mar 13 07:18:40 UTC 2020 /home/travis/build/icyphy/ptII/ptolemy/actor/lib/test/auto/SetVariable3.xml
----------------- Instantiating /home/travis/build/icyphy/ptII/ptolemy/actor/lib/test/auto/SetVariable3.xml
6 ms. Memory: 536576K Free: 475227K (89%)
----------------- Invoking toplevel() on ptolemy.moml.MoMLSimpleApplication@3364b5c3
----------------- Done invoking toplevel() on ptolemy.moml.MoMLSimpleApplication@3364b5c3
reloadAllAccessors: .SetVariable3

===========================================================================================
----------------- testing Fri Mar 13 07:18:40 UTC 2020 /home/travis/build/icyphy/ptII/ptolemy/actor/lib/test/auto/SetVariable4.xml
----------------- Instantiating /home/travis/build/icyphy/ptII/ptolemy/actor/lib/test/auto/SetVariable4.xml
15 ms. Memory: 536576K Free: 466009K (87%)
----------------- Invoking toplevel() on ptolemy.moml.MoMLSimpleApplication@6ce3b06a
----------------- Done invoking toplevel() on ptolemy.moml.MoMLSimpleApplication@6ce3b06a
reloadAllAccessors: .SetVariable4

===========================================================================================
----------------- testing Fri Mar 13 07:18:40 UTC 2020 /home/travis/build/icyphy/ptII/ptolemy/actor/lib/test/auto/SetVariable5.xml
----------------- Instantiating /home/travis/build/icyphy/ptII/ptolemy/actor/lib/test/auto/SetVariable5.xml
17 ms. Memory: 536576K Free: 456281K (85%)
----------------- Invoking toplevel() on ptolemy.moml.MoMLSimpleApplication@5b5626a3
----------------- Done invoking toplevel() on ptolemy.moml.MoMLSimpleApplication@5b5626a3
reloadAllAccessors: .SetVariable5

===========================================================================================
----------------- testing Fri Mar 13 07:18:40 UTC 2020 /home/travis/build/icyphy/ptII/ptolemy/actor/lib/test/auto/Sinewave.xml
----------------- Instantiating /home/travis/build/icyphy/ptII/ptolemy/actor/lib/test/auto/Sinewave.xml
7 ms. Memory: 536576K Free: 446041K (83%)
----------------- Invoking toplevel() on ptolemy.moml.MoMLSimpleApplication@1a651861
----------------- Done invoking toplevel() on ptolemy.moml.MoMLSimpleApplication@1a651861
reloadAllAccessors: .Sinewave

===========================================================================================
----------------- testing Fri Mar 13 07:18:40 UTC 2020 /home/travis/build/icyphy/ptII/ptolemy/actor/lib/test/auto/Sinewave2.xml
----------------- Instantiating /home/travis/build/icyphy/ptII/ptolemy/actor/lib/test/auto/Sinewave2.xml
15 ms. Memory: 536576K Free: 438363K (82%)
----------------- Invoking toplevel() on ptolemy.moml.MoMLSimpleApplication@19f15600
----------------- Done invoking toplevel() on ptolemy.moml.MoMLSimpleApplication@19f15600
reloadAllAccessors: .Sinewave2

===========================================================================================
----------------- testing Fri Mar 13 07:18:40 UTC 2020 /home/travis/build/icyphy/ptII/ptolemy/actor/lib/test/auto/Sinewave3.xml
----------------- Instantiating /home/travis/build/icyphy/ptII/ptolemy/actor/lib/test/auto/Sinewave3.xml
5 ms. Memory: 536576K Free: 430171K (80%)
----------------- Invoking toplevel() on ptolemy.moml.MoMLSimpleApplication@264fe155
----------------- Done invoking toplevel() on ptolemy.moml.MoMLSimpleApplication@264fe155
reloadAllAccessors: .Sinewave3

===========================================================================================
----------------- testing Fri Mar 13 07:18:40 UTC 2020 /home/travis/build/icyphy/ptII/ptolemy/actor/lib/test/auto/SingleEvent.xml
----------------- Instantiating /home/travis/build/icyphy/ptII/ptolemy/actor/lib/test/auto/SingleEvent.xml
1 ms. Memory: 536576K Free: 426075K (79%)
----------------- Invoking toplevel() on ptolemy.moml.MoMLSimpleApplication@31a8cded
----------------- Done invoking toplevel() on ptolemy.moml.MoMLSimpleApplication@31a8cded
reloadAllAccessors: .SingleEvent

===========================================================================================
----------------- testing Fri Mar 13 07:18:40 UTC 2020 /home/travis/build/icyphy/ptII/ptolemy/actor/lib/test/auto/Sleep.xml
----------------- Instantiating /home/travis/build/icyphy/ptII/ptolemy/actor/lib/test/auto/Sleep.xml
6003 ms. Memory: 536576K Free: 420411K (78%)
----------------- Invoking toplevel() on ptolemy.moml.MoMLSimpleApplication@3106e1d8
----------------- Done invoking toplevel() on ptolemy.moml.MoMLSimpleApplication@3106e1d8
reloadAllAccessors: .Sleep

===========================================================================================
----------------- testing Fri Mar 13 07:18:46 UTC 2020 /home/travis/build/icyphy/ptII/ptolemy/actor/lib/test/auto/SleepMultipleFire.xml
----------------- Instantiating /home/travis/build/icyphy/ptII/ptolemy/actor/lib/test/auto/SleepMultipleFire.xml
1004 ms. Memory: 536576K Free: 414811K (77%)
----------------- Invoking toplevel() on ptolemy.moml.MoMLSimpleApplication@1ae26285
----------------- Done invoking toplevel() on ptolemy.moml.MoMLSimpleApplication@1ae26285
reloadAllAccessors: .SleepMultipleFire

===========================================================================================
----------------- testing Fri Mar 13 07:18:47 UTC 2020 /home/travis/build/icyphy/ptII/ptolemy/actor/lib/test/auto/StopDE.xml
----------------- Instantiating /home/travis/build/icyphy/ptII/ptolemy/actor/lib/test/auto/StopDE.xml
9 ms. Memory: 536576K Free: 409177K (76%)
----------------- Invoking toplevel() on ptolemy.moml.MoMLSimpleApplication@1404deeb
----------------- Done invoking toplevel() on ptolemy.moml.MoMLSimpleApplication@1404deeb
reloadAllAccessors: .StopDE

===========================================================================================
----------------- testing Fri Mar 13 07:18:47 UTC 2020 /home/travis/build/icyphy/ptII/ptolemy/actor/lib/test/auto/StopSDF.xml
----------------- Instantiating /home/travis/build/icyphy/ptII/ptolemy/actor/lib/test/auto/StopSDF.xml
2 ms. Memory: 536576K Free: 404057K (75%)
----------------- Invoking toplevel() on ptolemy.moml.MoMLSimpleApplication@e4be465
----------------- Done invoking toplevel() on ptolemy.moml.MoMLSimpleApplication@e4be465
reloadAllAccessors: .StopSDF

===========================================================================================
----------------- testing Fri Mar 13 07:18:47 UTC 2020 /home/travis/build/icyphy/ptII/ptolemy/actor/lib/test/auto/StringConstant.xml
----------------- Instantiating /home/travis/build/icyphy/ptII/ptolemy/actor/lib/test/auto/StringConstant.xml
1 ms. Memory: 536576K Free: 399451K (74%)
----------------- Invoking toplevel() on ptolemy.moml.MoMLSimpleApplication@1319d922
----------------- Done invoking toplevel() on ptolemy.moml.MoMLSimpleApplication@1319d922
reloadAllAccessors: .StringConstant

===========================================================================================
----------------- testing Fri Mar 13 07:18:47 UTC 2020 /home/travis/build/icyphy/ptII/ptolemy/actor/lib/test/auto/SubscriberPortInitialValues1.xml
----------------- Instantiating /home/travis/build/icyphy/ptII/ptolemy/actor/lib/test/auto/SubscriberPortInitialValues1.xml
4 ms. Memory: 536576K Free: 390235K (73%)
----------------- Invoking toplevel() on ptolemy.moml.MoMLSimpleApplication@4f25efe6
----------------- Done invoking toplevel() on ptolemy.moml.MoMLSimpleApplication@4f25efe6
reloadAllAccessors: .SubscriberPortInitialValues1

===========================================================================================
----------------- testing Fri Mar 13 07:18:47 UTC 2020 /home/travis/build/icyphy/ptII/ptolemy/actor/lib/test/auto/SubscriberPortInitialValues13.xml
----------------- Instantiating /home/travis/build/icyphy/ptII/ptolemy/actor/lib/test/auto/SubscriberPortInitialValues13.xml
5 ms. Memory: 536576K Free: 377433K (70%)
----------------- Invoking toplevel() on ptolemy.moml.MoMLSimpleApplication@7b99c140
----------------- Done invoking toplevel() on ptolemy.moml.MoMLSimpleApplication@7b99c140
reloadAllAccessors: .SubscriberPortInitialValues13

===========================================================================================
----------------- testing Fri Mar 13 07:18:47 UTC 2020 /home/travis/build/icyphy/ptII/ptolemy/actor/lib/test/auto/SubscriberPortInitialValues14.xml
----------------- Instantiating /home/travis/build/icyphy/ptII/ptolemy/actor/lib/test/auto/SubscriberPortInitialValues14.xml
4 ms. Memory: 536576K Free: 369755K (69%)
----------------- Invoking toplevel() on ptolemy.moml.MoMLSimpleApplication@3ed32fd3
----------------- Done invoking toplevel() on ptolemy.moml.MoMLSimpleApplication@3ed32fd3
reloadAllAccessors: .SubscriberPortInitialValues14

===========================================================================================
----------------- testing Fri Mar 13 07:18:47 UTC 2020 /home/travis/build/icyphy/ptII/ptolemy/actor/lib/test/auto/SubscriberPortInitialValues2.xml
----------------- Instantiating /home/travis/build/icyphy/ptII/ptolemy/actor/lib/test/auto/SubscriberPortInitialValues2.xml
5 ms. Memory: 536576K Free: 362073K (67%)
----------------- Invoking toplevel() on ptolemy.moml.MoMLSimpleApplication@36773295
----------------- Done invoking toplevel() on ptolemy.moml.MoMLSimpleApplication@36773295
reloadAllAccessors: .SubscriberPortInitialValues2

===========================================================================================
----------------- testing Fri Mar 13 07:18:48 UTC 2020 /home/travis/build/icyphy/ptII/ptolemy/actor/lib/test/auto/SubscriberPortInitialValues3.xml
----------------- Instantiating /home/travis/build/icyphy/ptII/ptolemy/actor/lib/test/auto/SubscriberPortInitialValues3.xml
3 ms. Memory: 536576K Free: 351323K (65%)
----------------- Invoking toplevel() on ptolemy.moml.MoMLSimpleApplication@292a6110
----------------- Done invoking toplevel() on ptolemy.moml.MoMLSimpleApplication@292a6110
reloadAllAccessors: .SubscriberPortInitialValues3

===========================================================================================
----------------- testing Fri Mar 13 07:18:48 UTC 2020 /home/travis/build/icyphy/ptII/ptolemy/actor/lib/test/auto/SubscriptionAggregator.xml
----------------- Instantiating /home/travis/build/icyphy/ptII/ptolemy/actor/lib/test/auto/SubscriptionAggregator.xml
2 ms. Memory: 536576K Free: 344155K (64%)
----------------- Invoking toplevel() on ptolemy.moml.MoMLSimpleApplication@73677d94
----------------- Done invoking toplevel() on ptolemy.moml.MoMLSimpleApplication@73677d94
reloadAllAccessors: .SubscriptionAggregator

===========================================================================================
----------------- testing Fri Mar 13 07:18:48 UTC 2020 /home/travis/build/icyphy/ptII/ptolemy/actor/lib/test/auto/SubscriptionAggregator2.xml
----------------- Instantiating /home/travis/build/icyphy/ptII/ptolemy/actor/lib/test/auto/SubscriptionAggregator2.xml
2 ms. Memory: 536576K Free: 336987K (63%)
----------------- Invoking toplevel() on ptolemy.moml.MoMLSimpleApplication@11808509
----------------- Done invoking toplevel() on ptolemy.moml.MoMLSimpleApplication@11808509
reloadAllAccessors: .SubscriptionAggregator2

===========================================================================================
----------------- testing Fri Mar 13 07:18:48 UTC 2020 /home/travis/build/icyphy/ptII/ptolemy/actor/lib/test/auto/SubscriptionAggregator3.xml
----------------- Instantiating /home/travis/build/icyphy/ptII/ptolemy/actor/lib/test/auto/SubscriptionAggregator3.xml
4 ms. Memory: 536576K Free: 328795K (61%)
----------------- Invoking toplevel() on ptolemy.moml.MoMLSimpleApplication@1902733e
----------------- Done invoking toplevel() on ptolemy.moml.MoMLSimpleApplication@1902733e
reloadAllAccessors: .SubscriptionAggregator3

===========================================================================================
----------------- testing Fri Mar 13 07:18:48 UTC 2020 /home/travis/build/icyphy/ptII/ptolemy/actor/lib/test/auto/SubscriptionAggregatorMultiply.xml
----------------- Instantiating /home/travis/build/icyphy/ptII/ptolemy/actor/lib/test/auto/SubscriptionAggregatorMultiply.xml
3 ms. Memory: 536576K Free: 320603K (60%)
----------------- Invoking toplevel() on ptolemy.moml.MoMLSimpleApplication@6f20f09a
----------------- Done invoking toplevel() on ptolemy.moml.MoMLSimpleApplication@6f20f09a
reloadAllAccessors: .SubscriptionAggregatorMultiply

===========================================================================================
----------------- testing Fri Mar 13 07:18:48 UTC 2020 /home/travis/build/icyphy/ptII/ptolemy/actor/lib/test/auto/SubscriptionAggregatorPortMultiply1.xml
----------------- Instantiating /home/travis/build/icyphy/ptII/ptolemy/actor/lib/test/auto/SubscriptionAggregatorPortMultiply1.xml
3 ms. Memory: 536576K Free: 312921K (58%)
----------------- Invoking toplevel() on ptolemy.moml.MoMLSimpleApplication@302dacb
----------------- Done invoking toplevel() on ptolemy.moml.MoMLSimpleApplication@302dacb
reloadAllAccessors: .SubscriptionAggregatorPortMultiply1

===========================================================================================
----------------- testing Fri Mar 13 07:18:48 UTC 2020 /home/travis/build/icyphy/ptII/ptolemy/actor/lib/test/auto/Switch.xml
----------------- Instantiating /home/travis/build/icyphy/ptII/ptolemy/actor/lib/test/auto/Switch.xml
8 ms. Memory: 536576K Free: 304729K (57%)
----------------- Invoking toplevel() on ptolemy.moml.MoMLSimpleApplication@3cad2fd4
----------------- Done invoking toplevel() on ptolemy.moml.MoMLSimpleApplication@3cad2fd4
reloadAllAccessors: .Switch

===========================================================================================
----------------- testing Fri Mar 13 07:18:48 UTC 2020 /home/travis/build/icyphy/ptII/ptolemy/actor/lib/test/auto/Switch2.xml
----------------- Instantiating /home/travis/build/icyphy/ptII/ptolemy/actor/lib/test/auto/Switch2.xml
1 ms. Memory: 536576K Free: 299609K (56%)
----------------- Invoking toplevel() on ptolemy.moml.MoMLSimpleApplication@37a66b48
----------------- Done invoking toplevel() on ptolemy.moml.MoMLSimpleApplication@37a66b48
reloadAllAccessors: .Switch2

===========================================================================================
----------------- testing Fri Mar 13 07:18:48 UTC 2020 /home/travis/build/icyphy/ptII/ptolemy/actor/lib/test/auto/SwitchDE.xml
----------------- Instantiating /home/travis/build/icyphy/ptII/ptolemy/actor/lib/test/auto/SwitchDE.xml
2 ms. Memory: 536576K Free: 293435K (55%)
----------------- Invoking toplevel() on ptolemy.moml.MoMLSimpleApplication@74435225
----------------- Done invoking toplevel() on ptolemy.moml.MoMLSimpleApplication@74435225
reloadAllAccessors: .SwitchDE

===========================================================================================
----------------- testing Fri Mar 13 07:18:48 UTC 2020 /home/travis/build/icyphy/ptII/ptolemy/actor/lib/test/auto/SynchronizerDE.xml
----------------- Instantiating /home/travis/build/icyphy/ptII/ptolemy/actor/lib/test/auto/SynchronizerDE.xml
7 ms. Memory: 536576K Free: 285259K (53%)
----------------- Invoking toplevel() on ptolemy.moml.MoMLSimpleApplication@353a5ad1
----------------- Done invoking toplevel() on ptolemy.moml.MoMLSimpleApplication@353a5ad1
reloadAllAccessors: .SynchronizerDE

===========================================================================================
----------------- testing Fri Mar 13 07:18:48 UTC 2020 /home/travis/build/icyphy/ptII/ptolemy/actor/lib/test/auto/Test.xml
----------------- Instantiating /home/travis/build/icyphy/ptII/ptolemy/actor/lib/test/auto/Test.xml
2 ms. Memory: 536576K Free: 280139K (52%)
----------------- Invoking toplevel() on ptolemy.moml.MoMLSimpleApplication@6cda43aa
----------------- Done invoking toplevel() on ptolemy.moml.MoMLSimpleApplication@6cda43aa
reloadAllAccessors: .Test

===========================================================================================
----------------- testing Fri Mar 13 07:18:48 UTC 2020 /home/travis/build/icyphy/ptII/ptolemy/actor/lib/test/auto/TestExceptionAttribute1.xml
----------------- Instantiating /home/travis/build/icyphy/ptII/ptolemy/actor/lib/test/auto/TestExceptionAttribute1.xml
1 ms. Memory: 536576K Free: 276057K (51%)
----------------- Invoking toplevel() on ptolemy.moml.MoMLSimpleApplication@51b99c05
----------------- Done invoking toplevel() on ptolemy.moml.MoMLSimpleApplication@51b99c05
reloadAllAccessors: .TestExceptionAttribute1

===========================================================================================
----------------- testing Fri Mar 13 07:18:48 UTC 2020 /home/travis/build/icyphy/ptII/ptolemy/actor/lib/test/auto/TestExceptionAttribute2.xml
----------------- Instantiating /home/travis/build/icyphy/ptII/ptolemy/actor/lib/test/auto/TestExceptionAttribute2.xml
1 ms. Memory: 536576K Free: 272475K (51%)
----------------- Invoking toplevel() on ptolemy.moml.MoMLSimpleApplication@429e0a2
----------------- Done invoking toplevel() on ptolemy.moml.MoMLSimpleApplication@429e0a2
reloadAllAccessors: .TestExceptionAttribute2

===========================================================================================
----------------- testing Fri Mar 13 07:18:48 UTC 2020 /home/travis/build/icyphy/ptII/ptolemy/actor/lib/test/auto/TestExceptionAttribute3.xml
----------------- Instantiating /home/travis/build/icyphy/ptII/ptolemy/actor/lib/test/auto/TestExceptionAttribute3.xml
.TestExceptionAttribute3.TestExceptionAttribute: initialize() was not invoked, but wrapup() was.  This is unusual, but not always a problem.  For example, exporting JNLP will do this.
0 ms. Memory: 536576K Free: 268889K (50%)
----------------- Invoking toplevel() on ptolemy.moml.MoMLSimpleApplication@75e08f69
----------------- Done invoking toplevel() on ptolemy.moml.MoMLSimpleApplication@75e08f69
reloadAllAccessors: .TestExceptionAttribute3

===========================================================================================
----------------- testing Fri Mar 13 07:18:48 UTC 2020 /home/travis/build/icyphy/ptII/ptolemy/actor/lib/test/auto/TestExceptionAttribute4.xml
----------------- Instantiating /home/travis/build/icyphy/ptII/ptolemy/actor/lib/test/auto/TestExceptionAttribute4.xml
.TestExceptionAttribute4.TestExceptionAttribute: initialize() was not invoked, but wrapup() was.  This is unusual, but not always a problem.  For example, exporting JNLP will do this.
.TestExceptionAttribute4.TestExceptionAttribute2: initialize() was not invoked, but wrapup() was.  This is unusual, but not always a problem.  For example, exporting JNLP will do this.
0 ms. Memory: 536576K Free: 264793K (49%)
----------------- Invoking toplevel() on ptolemy.moml.MoMLSimpleApplication@616f10fc
----------------- Done invoking toplevel() on ptolemy.moml.MoMLSimpleApplication@616f10fc
reloadAllAccessors: .TestExceptionAttribute4

===========================================================================================
----------------- testing Fri Mar 13 07:18:48 UTC 2020 /home/travis/build/icyphy/ptII/ptolemy/actor/lib/test/auto/TestExceptionHandler1.xml
----------------- Instantiating /home/travis/build/icyphy/ptII/ptolemy/actor/lib/test/auto/TestExceptionHandler1.xml
1 ms. Memory: 536576K Free: 261211K (49%)
----------------- Invoking toplevel() on ptolemy.moml.MoMLSimpleApplication@6bac8f1b
----------------- Done invoking toplevel() on ptolemy.moml.MoMLSimpleApplication@6bac8f1b
reloadAllAccessors: .TestExceptionHandler1

===========================================================================================
----------------- testing Fri Mar 13 07:18:48 UTC 2020 /home/travis/build/icyphy/ptII/ptolemy/actor/lib/test/auto/TestExceptionHandler2.xml
----------------- Instantiating /home/travis/build/icyphy/ptII/ptolemy/actor/lib/test/auto/TestExceptionHandler2.xml
1 ms. Memory: 536576K Free: 257115K (48%)
----------------- Invoking toplevel() on ptolemy.moml.MoMLSimpleApplication@5c427565
----------------- Done invoking toplevel() on ptolemy.moml.MoMLSimpleApplication@5c427565
reloadAllAccessors: .TestExceptionHandler2

===========================================================================================
----------------- testing Fri Mar 13 07:18:48 UTC 2020 /home/travis/build/icyphy/ptII/ptolemy/actor/lib/test/auto/TestExceptionHandler3.xml
----------------- Instantiating /home/travis/build/icyphy/ptII/ptolemy/actor/lib/test/auto/TestExceptionHandler3.xml
0 ms. Memory: 536576K Free: 253529K (47%)
----------------- Invoking toplevel() on ptolemy.moml.MoMLSimpleApplication@4caa9678
----------------- Done invoking toplevel() on ptolemy.moml.MoMLSimpleApplication@4caa9678
reloadAllAccessors: .TestExceptionHandler3

===========================================================================================
----------------- testing Fri Mar 13 07:18:48 UTC 2020 /home/travis/build/icyphy/ptII/ptolemy/actor/lib/test/auto/TestExceptionHandler4.xml
----------------- Instantiating /home/travis/build/icyphy/ptII/ptolemy/actor/lib/test/auto/TestExceptionHandler4.xml
1 ms. Memory: 536576K Free: 249433K (46%)
----------------- Invoking toplevel() on ptolemy.moml.MoMLSimpleApplication@7ffe8a3f
----------------- Done invoking toplevel() on ptolemy.moml.MoMLSimpleApplication@7ffe8a3f
reloadAllAccessors: .TestExceptionHandler4

===========================================================================================
----------------- testing Fri Mar 13 07:18:48 UTC 2020 /home/travis/build/icyphy/ptII/ptolemy/actor/lib/test/auto/TestRequireCorrectOrder.xml
----------------- Instantiating /home/travis/build/icyphy/ptII/ptolemy/actor/lib/test/auto/TestRequireCorrectOrder.xml
5 ms. Memory: 536576K Free: 244299K (46%)
----------------- Invoking toplevel() on ptolemy.moml.MoMLSimpleApplication@537fffb4
----------------- Done invoking toplevel() on ptolemy.moml.MoMLSimpleApplication@537fffb4
reloadAllAccessors: .TestRequireCorrectOrder

===========================================================================================
----------------- testing Fri Mar 13 07:18:48 UTC 2020 /home/travis/build/icyphy/ptII/ptolemy/actor/lib/test/auto/TestSimple.xml
----------------- Instantiating /home/travis/build/icyphy/ptII/ptolemy/actor/lib/test/auto/TestSimple.xml
2 ms. Memory: 536576K Free: 239187K (45%)
----------------- Invoking toplevel() on ptolemy.moml.MoMLSimpleApplication@53700356
----------------- Done invoking toplevel() on ptolemy.moml.MoMLSimpleApplication@53700356
reloadAllAccessors: .TestSimple

===========================================================================================
----------------- testing Fri Mar 13 07:18:48 UTC 2020 /home/travis/build/icyphy/ptII/ptolemy/actor/lib/test/auto/ThrowModelError.xml
----------------- Instantiating /home/travis/build/icyphy/ptII/ptolemy/actor/lib/test/auto/ThrowModelError.xml
1 ms. Memory: 536576K Free: 234587K (44%)
----------------- Invoking toplevel() on ptolemy.moml.MoMLSimpleApplication@161adb2
----------------- Done invoking toplevel() on ptolemy.moml.MoMLSimpleApplication@161adb2
reloadAllAccessors: .ThrowModelError

===========================================================================================
----------------- testing Fri Mar 13 07:18:48 UTC 2020 /home/travis/build/icyphy/ptII/ptolemy/actor/lib/test/auto/TimeDelayMicrosteps.xml
----------------- Instantiating /home/travis/build/icyphy/ptII/ptolemy/actor/lib/test/auto/TimeDelayMicrosteps.xml
2 ms. Memory: 536576K Free: 227923K (42%)
----------------- Invoking toplevel() on ptolemy.moml.MoMLSimpleApplication@d2d7c73
----------------- Done invoking toplevel() on ptolemy.moml.MoMLSimpleApplication@d2d7c73
reloadAllAccessors: .TimeDelayMicrosteps

===========================================================================================
----------------- testing Fri Mar 13 07:18:48 UTC 2020 /home/travis/build/icyphy/ptII/ptolemy/actor/lib/test/auto/TimeDelayMicrosteps2.xml
----------------- Instantiating /home/travis/build/icyphy/ptII/ptolemy/actor/lib/test/auto/TimeDelayMicrosteps2.xml
2 ms. Memory: 536576K Free: 220755K (41%)
----------------- Invoking toplevel() on ptolemy.moml.MoMLSimpleApplication@1d2e6dc8
----------------- Done invoking toplevel() on ptolemy.moml.MoMLSimpleApplication@1d2e6dc8
reloadAllAccessors: .TimeDelayMicrosteps2

===========================================================================================
----------------- testing Fri Mar 13 07:18:48 UTC 2020 /home/travis/build/icyphy/ptII/ptolemy/actor/lib/test/auto/TimeDelayMicrosteps3.xml
----------------- Instantiating /home/travis/build/icyphy/ptII/ptolemy/actor/lib/test/auto/TimeDelayMicrosteps3.xml
2 ms. Memory: 536576K Free: 214107K (40%)
----------------- Invoking toplevel() on ptolemy.moml.MoMLSimpleApplication@536c7bbb
----------------- Done invoking toplevel() on ptolemy.moml.MoMLSimpleApplication@536c7bbb
reloadAllAccessors: .TimeDelayMicrosteps3

===========================================================================================
----------------- testing Fri Mar 13 07:18:48 UTC 2020 /home/travis/build/icyphy/ptII/ptolemy/actor/lib/test/auto/TimeDelayVariableMicrosteps.xml
----------------- Instantiating /home/travis/build/icyphy/ptII/ptolemy/actor/lib/test/auto/TimeDelayVariableMicrosteps.xml
2 ms. Memory: 536576K Free: 207449K (39%)
----------------- Invoking toplevel() on ptolemy.moml.MoMLSimpleApplication@32b83fc7
----------------- Done invoking toplevel() on ptolemy.moml.MoMLSimpleApplication@32b83fc7
reloadAllAccessors: .TimeDelayVariableMicrosteps

===========================================================================================
----------------- testing Fri Mar 13 07:18:48 UTC 2020 /home/travis/build/icyphy/ptII/ptolemy/actor/lib/test/auto/TimeGap.xml
----------------- Instantiating /home/travis/build/icyphy/ptII/ptolemy/actor/lib/test/auto/TimeGap.xml
2 ms. Memory: 536576K Free: 202315K (38%)
----------------- Invoking toplevel() on ptolemy.moml.MoMLSimpleApplication@79528967
----------------- Done invoking toplevel() on ptolemy.moml.MoMLSimpleApplication@79528967
reloadAllAccessors: .TimeGap

===========================================================================================
----------------- testing Fri Mar 13 07:18:48 UTC 2020 /home/travis/build/icyphy/ptII/ptolemy/actor/lib/test/auto/TimeGap2.xml
----------------- Instantiating /home/travis/build/icyphy/ptII/ptolemy/actor/lib/test/auto/TimeGap2.xml
1 ms. Memory: 536576K Free: 196699K (37%)
----------------- Invoking toplevel() on ptolemy.moml.MoMLSimpleApplication@69a2710c
----------------- Done invoking toplevel() on ptolemy.moml.MoMLSimpleApplication@69a2710c
reloadAllAccessors: .TimeGap2

===========================================================================================
----------------- testing Fri Mar 13 07:18:48 UTC 2020 /home/travis/build/icyphy/ptII/ptolemy/actor/lib/test/auto/TimedSinewave.xml
----------------- Instantiating /home/travis/build/icyphy/ptII/ptolemy/actor/lib/test/auto/TimedSinewave.xml
20 ms. Memory: 536576K Free: 181849K (34%)
----------------- Invoking toplevel() on ptolemy.moml.MoMLSimpleApplication@382140cd
----------------- Done invoking toplevel() on ptolemy.moml.MoMLSimpleApplication@382140cd
reloadAllAccessors: .TimedSinewave

===========================================================================================
----------------- testing Fri Mar 13 07:18:48 UTC 2020 /home/travis/build/icyphy/ptII/ptolemy/actor/lib/test/auto/TimedSinewavePhase.xml
----------------- Instantiating /home/travis/build/icyphy/ptII/ptolemy/actor/lib/test/auto/TimedSinewavePhase.xml
8 ms. Memory: 536576K Free: 172123K (32%)
----------------- Invoking toplevel() on ptolemy.moml.MoMLSimpleApplication@67481843
----------------- Done invoking toplevel() on ptolemy.moml.MoMLSimpleApplication@67481843
reloadAllAccessors: .TimedSinewavePhase

===========================================================================================
----------------- testing Fri Mar 13 07:18:48 UTC 2020 /home/travis/build/icyphy/ptII/ptolemy/actor/lib/test/auto/Timer.xml
----------------- Instantiating /home/travis/build/icyphy/ptII/ptolemy/actor/lib/test/auto/Timer.xml
2 ms. Memory: 536576K Free: 482468K (90%)
----------------- Invoking toplevel() on ptolemy.moml.MoMLSimpleApplication@57877909
----------------- Done invoking toplevel() on ptolemy.moml.MoMLSimpleApplication@57877909
reloadAllAccessors: .Timer

===========================================================================================
----------------- testing Fri Mar 13 07:18:48 UTC 2020 /home/travis/build/icyphy/ptII/ptolemy/actor/lib/test/auto/TriangularDistTestModel.xml
----------------- Instantiating /home/travis/build/icyphy/ptII/ptolemy/actor/lib/test/auto/TriangularDistTestModel.xml
2 ms. Memory: 536576K Free: 476310K (89%)
----------------- Invoking toplevel() on ptolemy.moml.MoMLSimpleApplication@60abb132
----------------- Done invoking toplevel() on ptolemy.moml.MoMLSimpleApplication@60abb132
reloadAllAccessors: .TriangularDistTestModel

===========================================================================================
----------------- testing Fri Mar 13 07:18:48 UTC 2020 /home/travis/build/icyphy/ptII/ptolemy/actor/lib/test/auto/TrigFunction.xml
----------------- Instantiating /home/travis/build/icyphy/ptII/ptolemy/actor/lib/test/auto/TrigFunction.xml
1 ms. Memory: 536576K Free: 471718K (88%)
----------------- Invoking toplevel() on ptolemy.moml.MoMLSimpleApplication@1b87edec
----------------- Done invoking toplevel() on ptolemy.moml.MoMLSimpleApplication@1b87edec
reloadAllAccessors: .TrigFunction

===========================================================================================
----------------- testing Fri Mar 13 07:18:48 UTC 2020 /home/travis/build/icyphy/ptII/ptolemy/actor/lib/test/auto/TrigFunctionDE.xml
----------------- Instantiating /home/travis/build/icyphy/ptII/ptolemy/actor/lib/test/auto/TrigFunctionDE.xml
1 ms. Memory: 536576K Free: 466084K (87%)
----------------- Invoking toplevel() on ptolemy.moml.MoMLSimpleApplication@6cd210d
----------------- Done invoking toplevel() on ptolemy.moml.MoMLSimpleApplication@6cd210d
reloadAllAccessors: .TrigFunctionDE

===========================================================================================
----------------- testing Fri Mar 13 07:18:48 UTC 2020 /home/travis/build/icyphy/ptII/ptolemy/actor/lib/test/auto/TrigFunctionInverse.xml
----------------- Instantiating /home/travis/build/icyphy/ptII/ptolemy/actor/lib/test/auto/TrigFunctionInverse.xml
2 ms. Memory: 536576K Free: 460454K (86%)
----------------- Invoking toplevel() on ptolemy.moml.MoMLSimpleApplication@6404792
----------------- Done invoking toplevel() on ptolemy.moml.MoMLSimpleApplication@6404792
reloadAllAccessors: .TrigFunctionInverse

===========================================================================================
----------------- testing Fri Mar 13 07:18:48 UTC 2020 /home/travis/build/icyphy/ptII/ptolemy/actor/lib/test/auto/TrigFunctionTan.xml
----------------- Instantiating /home/travis/build/icyphy/ptII/ptolemy/actor/lib/test/auto/TrigFunctionTan.xml
1 ms. Memory: 536576K Free: 456358K (85%)
----------------- Invoking toplevel() on ptolemy.moml.MoMLSimpleApplication@4fab45a
----------------- Done invoking toplevel() on ptolemy.moml.MoMLSimpleApplication@4fab45a
reloadAllAccessors: .TrigFunctionTan

===========================================================================================
----------------- testing Fri Mar 13 07:18:48 UTC 2020 /home/travis/build/icyphy/ptII/ptolemy/actor/lib/test/auto/TriggeredClock.xml
----------------- Instantiating /home/travis/build/icyphy/ptII/ptolemy/actor/lib/test/auto/TriggeredClock.xml
1 ms. Memory: 536576K Free: 451732K (84%)
----------------- Invoking toplevel() on ptolemy.moml.MoMLSimpleApplication@294f3a3d
----------------- Done invoking toplevel() on ptolemy.moml.MoMLSimpleApplication@294f3a3d
reloadAllAccessors: .TriggeredClock

===========================================================================================
----------------- testing Fri Mar 13 07:18:48 UTC 2020 /home/travis/build/icyphy/ptII/ptolemy/actor/lib/test/auto/URLDirectoryReader.xml
----------------- Instantiating /home/travis/build/icyphy/ptII/ptolemy/actor/lib/test/auto/URLDirectoryReader.xml
39 ms. Memory: 536576K Free: 442022K (82%)
----------------- Invoking toplevel() on ptolemy.moml.MoMLSimpleApplication@1240c422
----------------- Done invoking toplevel() on ptolemy.moml.MoMLSimpleApplication@1240c422
reloadAllAccessors: .URLDirectoryReader

===========================================================================================
----------------- testing Fri Mar 13 07:18:48 UTC 2020 /home/travis/build/icyphy/ptII/ptolemy/actor/lib/test/auto/URLDirectoryReader3.xml
----------------- Instantiating /home/travis/build/icyphy/ptII/ptolemy/actor/lib/test/auto/URLDirectoryReader3.xml
1467 ms. Memory: 536576K Free: 474690K (88%)
----------------- Invoking toplevel() on ptolemy.moml.MoMLSimpleApplication@77d862a5
----------------- Done invoking toplevel() on ptolemy.moml.MoMLSimpleApplication@77d862a5
reloadAllAccessors: .URLDirectoryReader3

===========================================================================================
----------------- testing Fri Mar 13 07:18:50 UTC 2020 /home/travis/build/icyphy/ptII/ptolemy/actor/lib/test/auto/UnaryMathFunction.xml
----------------- Instantiating /home/travis/build/icyphy/ptII/ptolemy/actor/lib/test/auto/UnaryMathFunction.xml
2 ms. Memory: 536576K Free: 466498K (87%)
----------------- Invoking toplevel() on ptolemy.moml.MoMLSimpleApplication@6a18bbc2
----------------- Done invoking toplevel() on ptolemy.moml.MoMLSimpleApplication@6a18bbc2
reloadAllAccessors: .UnaryMathFunction

===========================================================================================
----------------- testing Fri Mar 13 07:18:50 UTC 2020 /home/travis/build/icyphy/ptII/ptolemy/actor/lib/test/auto/Uniform.xml
----------------- Instantiating /home/travis/build/icyphy/ptII/ptolemy/actor/lib/test/auto/Uniform.xml
6 ms. Memory: 536576K Free: 461888K (86%)
----------------- Invoking toplevel() on ptolemy.moml.MoMLSimpleApplication@10b75be6
----------------- Done invoking toplevel() on ptolemy.moml.MoMLSimpleApplication@10b75be6
reloadAllAccessors: .Uniform

===========================================================================================
----------------- testing Fri Mar 13 07:18:50 UTC 2020 /home/travis/build/icyphy/ptII/ptolemy/actor/lib/test/auto/UnionDisassemblerTest.xml
----------------- Instantiating /home/travis/build/icyphy/ptII/ptolemy/actor/lib/test/auto/UnionDisassemblerTest.xml
9 ms. Memory: 536576K Free: 457792K (85%)
----------------- Invoking toplevel() on ptolemy.moml.MoMLSimpleApplication@12309c6a
----------------- Done invoking toplevel() on ptolemy.moml.MoMLSimpleApplication@12309c6a
reloadAllAccessors: .UnionDisassemblerTest

===========================================================================================
----------------- testing Fri Mar 13 07:18:50 UTC 2020 /home/travis/build/icyphy/ptII/ptolemy/actor/lib/test/auto/UtilityFunctions.xml
----------------- Instantiating /home/travis/build/icyphy/ptII/ptolemy/actor/lib/test/auto/UtilityFunctions.xml
1 ms. Memory: 536576K Free: 453682K (85%)
----------------- Invoking toplevel() on ptolemy.moml.MoMLSimpleApplication@1f88f4aa
----------------- Done invoking toplevel() on ptolemy.moml.MoMLSimpleApplication@1f88f4aa
reloadAllAccessors: .UtilityFunctions

===========================================================================================
----------------- testing Fri Mar 13 07:18:50 UTC 2020 /home/travis/build/icyphy/ptII/ptolemy/actor/lib/test/auto/VariableSleep.xml
----------------- Instantiating /home/travis/build/icyphy/ptII/ptolemy/actor/lib/test/auto/VariableSleep.xml
503 ms. Memory: 536576K Free: 448576K (84%)
----------------- Invoking toplevel() on ptolemy.moml.MoMLSimpleApplication@da14bbc
----------------- Done invoking toplevel() on ptolemy.moml.MoMLSimpleApplication@da14bbc
reloadAllAccessors: .VariableSleep

===========================================================================================
----------------- testing Fri Mar 13 07:18:51 UTC 2020 /home/travis/build/icyphy/ptII/ptolemy/actor/lib/test/auto/VectorAssemblerDisassemblerCT.xml
----------------- Instantiating /home/travis/build/icyphy/ptII/ptolemy/actor/lib/test/auto/VectorAssemblerDisassemblerCT.xml
68 ms. Memory: 536576K Free: 428096K (80%)
----------------- Invoking toplevel() on ptolemy.moml.MoMLSimpleApplication@3eff527a
----------------- Done invoking toplevel() on ptolemy.moml.MoMLSimpleApplication@3eff527a
reloadAllAccessors: .VectorAssemblerDisassemblerCT

===========================================================================================
----------------- testing Fri Mar 13 07:18:51 UTC 2020 /home/travis/build/icyphy/ptII/ptolemy/actor/lib/test/auto/VectorAssemblerDisassemblerDE.xml
----------------- Instantiating /home/travis/build/icyphy/ptII/ptolemy/actor/lib/test/auto/VectorAssemblerDisassemblerDE.xml
2 ms. Memory: 536576K Free: 420928K (78%)
----------------- Invoking toplevel() on ptolemy.moml.MoMLSimpleApplication@58d2f1e4
----------------- Done invoking toplevel() on ptolemy.moml.MoMLSimpleApplication@58d2f1e4
reloadAllAccessors: .VectorAssemblerDisassemblerDE

===========================================================================================
----------------- testing Fri Mar 13 07:18:51 UTC 2020 /home/travis/build/icyphy/ptII/ptolemy/actor/lib/test/auto/VectorAssemblerDisassemblerSDF.xml
----------------- Instantiating /home/travis/build/icyphy/ptII/ptolemy/actor/lib/test/auto/VectorAssemblerDisassemblerSDF.xml
2 ms. Memory: 536576K Free: 413746K (77%)
----------------- Invoking toplevel() on ptolemy.moml.MoMLSimpleApplication@753516dc
----------------- Done invoking toplevel() on ptolemy.moml.MoMLSimpleApplication@753516dc
reloadAllAccessors: .VectorAssemblerDisassemblerSDF

===========================================================================================
----------------- testing Fri Mar 13 07:18:51 UTC 2020 /home/travis/build/icyphy/ptII/ptolemy/actor/lib/test/auto/WallClockTime.xml
----------------- Instantiating /home/travis/build/icyphy/ptII/ptolemy/actor/lib/test/auto/WallClockTime.xml
1005 ms. Memory: 536576K Free: 408640K (76%)
----------------- Invoking toplevel() on ptolemy.moml.MoMLSimpleApplication@668617b8
----------------- Done invoking toplevel() on ptolemy.moml.MoMLSimpleApplication@668617b8
reloadAllAccessors: .WallClockTime

===========================================================================================
----------------- testing Fri Mar 13 07:18:52 UTC 2020 /home/travis/build/icyphy/ptII/ptolemy/actor/lib/test/auto/WidthTestWithSubscriberPublisher.xml
----------------- Instantiating /home/travis/build/icyphy/ptII/ptolemy/actor/lib/test/auto/WidthTestWithSubscriberPublisher.xml
7 ms. Memory: 536576K Free: 390722K (73%)
----------------- Invoking toplevel() on ptolemy.moml.MoMLSimpleApplication@718a1edd
----------------- Done invoking toplevel() on ptolemy.moml.MoMLSimpleApplication@718a1edd
reloadAllAccessors: .WidthTestWithSubscriberPublisher

===========================================================================================
----------------- testing Fri Mar 13 07:18:52 UTC 2020 /home/travis/build/icyphy/ptII/ptolemy/actor/lib/test/auto/WidthTestWithSubscriberPublisher2.xml
----------------- Instantiating /home/travis/build/icyphy/ptII/ptolemy/actor/lib/test/auto/WidthTestWithSubscriberPublisher2.xml
2 ms. Memory: 536576K Free: 384064K (72%)
----------------- Invoking toplevel() on ptolemy.moml.MoMLSimpleApplication@3039c2b2
----------------- Done invoking toplevel() on ptolemy.moml.MoMLSimpleApplication@3039c2b2
reloadAllAccessors: .WidthTestWithSubscriberPublisher2

===========================================================================================
----------------- testing Fri Mar 13 07:18:52 UTC 2020 /home/travis/build/icyphy/ptII/ptolemy/actor/lib/test/auto/WidthTestWithSubscriberPublisher3.xml
----------------- Instantiating /home/travis/build/icyphy/ptII/ptolemy/actor/lib/test/auto/WidthTestWithSubscriberPublisher3.xml
1 ms. Memory: 536576K Free: 378434K (71%)
----------------- Invoking toplevel() on ptolemy.moml.MoMLSimpleApplication@4ad6d8e8
----------------- Done invoking toplevel() on ptolemy.moml.MoMLSimpleApplication@4ad6d8e8
reloadAllAccessors: .WidthTestWithSubscriberPublisher3

===========================================================================================
----------------- testing Fri Mar 13 07:18:52 UTC 2020 /home/travis/build/icyphy/ptII/ptolemy/actor/lib/test/auto/Writer.xml
----------------- Instantiating /home/travis/build/icyphy/ptII/ptolemy/actor/lib/test/auto/Writer.xml
0
1
2
3
4
1 ms. Memory: 536576K Free: 374338K (70%)
----------------- Invoking toplevel() on ptolemy.moml.MoMLSimpleApplication@73f176d7
----------------- Done invoking toplevel() on ptolemy.moml.MoMLSimpleApplication@73f176d7
reloadAllAccessors: .Writer

===========================================================================================
----------------- testing Fri Mar 13 07:18:52 UTC 2020 /home/travis/build/icyphy/ptII/ptolemy/actor/lib/test/auto/array.xml
----------------- Instantiating /home/travis/build/icyphy/ptII/ptolemy/actor/lib/test/auto/array.xml
2 ms. Memory: 536576K Free: 369218K (69%)
----------------- Invoking toplevel() on ptolemy.moml.MoMLSimpleApplication@57b87405
----------------- Done invoking toplevel() on ptolemy.moml.MoMLSimpleApplication@57b87405
reloadAllAccessors: .array

===========================================================================================
----------------- testing Fri Mar 13 07:18:52 UTC 2020 /home/travis/build/icyphy/ptII/ptolemy/actor/lib/test/auto/array2.xml
----------------- Instantiating /home/travis/build/icyphy/ptII/ptolemy/actor/lib/test/auto/array2.xml
4 ms. Memory: 536576K Free: 364098K (68%)
----------------- Invoking toplevel() on ptolemy.moml.MoMLSimpleApplication@18d42db1
----------------- Done invoking toplevel() on ptolemy.moml.MoMLSimpleApplication@18d42db1
reloadAllAccessors: .array2

===========================================================================================
----------------- testing Fri Mar 13 07:18:52 UTC 2020 /home/travis/build/icyphy/ptII/ptolemy/actor/lib/test/auto/arrayType.xml
----------------- Instantiating /home/travis/build/icyphy/ptII/ptolemy/actor/lib/test/auto/arrayType.xml
1 ms. Memory: 536576K Free: 358978K (67%)
----------------- Invoking toplevel() on ptolemy.moml.MoMLSimpleApplication@67e1973e
----------------- Done invoking toplevel() on ptolemy.moml.MoMLSimpleApplication@67e1973e
reloadAllAccessors: .arrayType

===========================================================================================
----------------- testing Fri Mar 13 07:18:52 UTC 2020 /home/travis/build/icyphy/ptII/ptolemy/actor/lib/test/auto/arrayType10.xml
----------------- Instantiating /home/travis/build/icyphy/ptII/ptolemy/actor/lib/test/auto/arrayType10.xml
1 ms. Memory: 536576K Free: 353858K (66%)
----------------- Invoking toplevel() on ptolemy.moml.MoMLSimpleApplication@51eac9c9
----------------- Done invoking toplevel() on ptolemy.moml.MoMLSimpleApplication@51eac9c9
reloadAllAccessors: .arrayType10

===========================================================================================
----------------- testing Fri Mar 13 07:18:52 UTC 2020 /home/travis/build/icyphy/ptII/ptolemy/actor/lib/test/auto/arrayType11.xml
----------------- Instantiating /home/travis/build/icyphy/ptII/ptolemy/actor/lib/test/auto/arrayType11.xml
2 ms. Memory: 536576K Free: 349248K (65%)
----------------- Invoking toplevel() on ptolemy.moml.MoMLSimpleApplication@eb88d71
----------------- Done invoking toplevel() on ptolemy.moml.MoMLSimpleApplication@eb88d71
reloadAllAccessors: .arrayType11

===========================================================================================
----------------- testing Fri Mar 13 07:18:52 UTC 2020 /home/travis/build/icyphy/ptII/ptolemy/actor/lib/test/auto/arrayType12.xml
----------------- Instantiating /home/travis/build/icyphy/ptII/ptolemy/actor/lib/test/auto/arrayType12.xml
2 ms. Memory: 536576K Free: 344642K (64%)
----------------- Invoking toplevel() on ptolemy.moml.MoMLSimpleApplication@150c863a
----------------- Done invoking toplevel() on ptolemy.moml.MoMLSimpleApplication@150c863a
reloadAllAccessors: .arrayType12

===========================================================================================
----------------- testing Fri Mar 13 07:18:52 UTC 2020 /home/travis/build/icyphy/ptII/ptolemy/actor/lib/test/auto/arrayType13.xml
----------------- Instantiating /home/travis/build/icyphy/ptII/ptolemy/actor/lib/test/auto/arrayType13.xml
1 ms. Memory: 536576K Free: 339008K (63%)
----------------- Invoking toplevel() on ptolemy.moml.MoMLSimpleApplication@57f8a898
----------------- Done invoking toplevel() on ptolemy.moml.MoMLSimpleApplication@57f8a898
reloadAllAccessors: .arrayType13

===========================================================================================
----------------- testing Fri Mar 13 07:18:52 UTC 2020 /home/travis/build/icyphy/ptII/ptolemy/actor/lib/test/auto/arrayType14.xml
----------------- Instantiating /home/travis/build/icyphy/ptII/ptolemy/actor/lib/test/auto/arrayType14.xml
2 ms. Memory: 536576K Free: 333888K (62%)
----------------- Invoking toplevel() on ptolemy.moml.MoMLSimpleApplication@507c632d
----------------- Done invoking toplevel() on ptolemy.moml.MoMLSimpleApplication@507c632d
reloadAllAccessors: .arrayType14

===========================================================================================
----------------- testing Fri Mar 13 07:18:52 UTC 2020 /home/travis/build/icyphy/ptII/ptolemy/actor/lib/test/auto/arrayType15.xml
----------------- Instantiating /home/travis/build/icyphy/ptII/ptolemy/actor/lib/test/auto/arrayType15.xml
2 ms. Memory: 536576K Free: 328768K (61%)
----------------- Invoking toplevel() on ptolemy.moml.MoMLSimpleApplication@22d43945
----------------- Done invoking toplevel() on ptolemy.moml.MoMLSimpleApplication@22d43945
reloadAllAccessors: .arrayType15

===========================================================================================
----------------- testing Fri Mar 13 07:18:52 UTC 2020 /home/travis/build/icyphy/ptII/ptolemy/actor/lib/test/auto/arrayType16.xml
----------------- Instantiating /home/travis/build/icyphy/ptII/ptolemy/actor/lib/test/auto/arrayType16.xml
2 ms. Memory: 536576K Free: 323138K (60%)
----------------- Invoking toplevel() on ptolemy.moml.MoMLSimpleApplication@5ad8d7d8
----------------- Done invoking toplevel() on ptolemy.moml.MoMLSimpleApplication@5ad8d7d8
reloadAllAccessors: .arrayType16

===========================================================================================
----------------- testing Fri Mar 13 07:18:52 UTC 2020 /home/travis/build/icyphy/ptII/ptolemy/actor/lib/test/auto/arrayType17.xml
----------------- Instantiating /home/travis/build/icyphy/ptII/ptolemy/actor/lib/test/auto/arrayType17.xml
1 ms. Memory: 536576K Free: 318018K (59%)
----------------- Invoking toplevel() on ptolemy.moml.MoMLSimpleApplication@559d8a2f
----------------- Done invoking toplevel() on ptolemy.moml.MoMLSimpleApplication@559d8a2f
reloadAllAccessors: .arrayType17

===========================================================================================
----------------- testing Fri Mar 13 07:18:52 UTC 2020 /home/travis/build/icyphy/ptII/ptolemy/actor/lib/test/auto/arrayType18.xml
----------------- Instantiating /home/travis/build/icyphy/ptII/ptolemy/actor/lib/test/auto/arrayType18.xml
2 ms. Memory: 536576K Free: 313408K (58%)
----------------- Invoking toplevel() on ptolemy.moml.MoMLSimpleApplication@15d23b2c
----------------- Done invoking toplevel() on ptolemy.moml.MoMLSimpleApplication@15d23b2c
reloadAllAccessors: .arrayType18

===========================================================================================
----------------- testing Fri Mar 13 07:18:52 UTC 2020 /home/travis/build/icyphy/ptII/ptolemy/actor/lib/test/auto/arrayType19.xml
----------------- Instantiating /home/travis/build/icyphy/ptII/ptolemy/actor/lib/test/auto/arrayType19.xml
1 ms. Memory: 536576K Free: 308288K (57%)
----------------- Invoking toplevel() on ptolemy.moml.MoMLSimpleApplication@37df46d5
----------------- Done invoking toplevel() on ptolemy.moml.MoMLSimpleApplication@37df46d5
reloadAllAccessors: .arrayType19

===========================================================================================
----------------- testing Fri Mar 13 07:18:52 UTC 2020 /home/travis/build/icyphy/ptII/ptolemy/actor/lib/test/auto/arrayType2.xml
----------------- Instantiating /home/travis/build/icyphy/ptII/ptolemy/actor/lib/test/auto/arrayType2.xml
1 ms. Memory: 536576K Free: 303168K (57%)
----------------- Invoking toplevel() on ptolemy.moml.MoMLSimpleApplication@5851408e
----------------- Done invoking toplevel() on ptolemy.moml.MoMLSimpleApplication@5851408e
reloadAllAccessors: .arrayType2

===========================================================================================
----------------- testing Fri Mar 13 07:18:52 UTC 2020 /home/travis/build/icyphy/ptII/ptolemy/actor/lib/test/auto/arrayType20.xml
----------------- Instantiating /home/travis/build/icyphy/ptII/ptolemy/actor/lib/test/auto/arrayType20.xml
1 ms. Memory: 536576K Free: 297538K (55%)
----------------- Invoking toplevel() on ptolemy.moml.MoMLSimpleApplication@77adb9b0
----------------- Done invoking toplevel() on ptolemy.moml.MoMLSimpleApplication@77adb9b0
reloadAllAccessors: .arrayType20

===========================================================================================
----------------- testing Fri Mar 13 07:18:52 UTC 2020 /home/travis/build/icyphy/ptII/ptolemy/actor/lib/test/auto/arrayType21.xml
----------------- Instantiating /home/travis/build/icyphy/ptII/ptolemy/actor/lib/test/auto/arrayType21.xml
1 ms. Memory: 536576K Free: 292928K (55%)
----------------- Invoking toplevel() on ptolemy.moml.MoMLSimpleApplication@1222e093
----------------- Done invoking toplevel() on ptolemy.moml.MoMLSimpleApplication@1222e093
reloadAllAccessors: .arrayType21

===========================================================================================
----------------- testing Fri Mar 13 07:18:52 UTC 2020 /home/travis/build/icyphy/ptII/ptolemy/actor/lib/test/auto/arrayType22.xml
----------------- Instantiating /home/travis/build/icyphy/ptII/ptolemy/actor/lib/test/auto/arrayType22.xml
1 ms. Memory: 536576K Free: 288322K (54%)
----------------- Invoking toplevel() on ptolemy.moml.MoMLSimpleApplication@6eee8196
----------------- Done invoking toplevel() on ptolemy.moml.MoMLSimpleApplication@6eee8196
reloadAllAccessors: .arrayType22

===========================================================================================
----------------- testing Fri Mar 13 07:18:52 UTC 2020 /home/travis/build/icyphy/ptII/ptolemy/actor/lib/test/auto/arrayType23.xml
----------------- Instantiating /home/travis/build/icyphy/ptII/ptolemy/actor/lib/test/auto/arrayType23.xml
1 ms. Memory: 536576K Free: 283202K (53%)
----------------- Invoking toplevel() on ptolemy.moml.MoMLSimpleApplication@3a2c4012
----------------- Done invoking toplevel() on ptolemy.moml.MoMLSimpleApplication@3a2c4012
reloadAllAccessors: .arrayType23

===========================================================================================
----------------- testing Fri Mar 13 07:18:52 UTC 2020 /home/travis/build/icyphy/ptII/ptolemy/actor/lib/test/auto/arrayType24.xml
----------------- Instantiating /home/travis/build/icyphy/ptII/ptolemy/actor/lib/test/auto/arrayType24.xml
6 ms. Memory: 536576K Free: 278578K (52%)
----------------- Invoking toplevel() on ptolemy.moml.MoMLSimpleApplication@40ae1773
----------------- Done invoking toplevel() on ptolemy.moml.MoMLSimpleApplication@40ae1773
reloadAllAccessors: .arrayType24

===========================================================================================
----------------- testing Fri Mar 13 07:18:52 UTC 2020 /home/travis/build/icyphy/ptII/ptolemy/actor/lib/test/auto/arrayType25.xml
----------------- Instantiating /home/travis/build/icyphy/ptII/ptolemy/actor/lib/test/auto/arrayType25.xml
2 ms. Memory: 536576K Free: 273472K (51%)
----------------- Invoking toplevel() on ptolemy.moml.MoMLSimpleApplication@45c4857
----------------- Done invoking toplevel() on ptolemy.moml.MoMLSimpleApplication@45c4857
reloadAllAccessors: .arrayType25

===========================================================================================
----------------- testing Fri Mar 13 07:18:52 UTC 2020 /home/travis/build/icyphy/ptII/ptolemy/actor/lib/test/auto/arrayType26.xml
----------------- Instantiating /home/travis/build/icyphy/ptII/ptolemy/actor/lib/test/auto/arrayType26.xml
4 ms. Memory: 536576K Free: 267842K (50%)
----------------- Invoking toplevel() on ptolemy.moml.MoMLSimpleApplication@771d7f39
----------------- Done invoking toplevel() on ptolemy.moml.MoMLSimpleApplication@771d7f39
reloadAllAccessors: .arrayType26

===========================================================================================
----------------- testing Fri Mar 13 07:18:52 UTC 2020 /home/travis/build/icyphy/ptII/ptolemy/actor/lib/test/auto/arrayType27.xml
----------------- Instantiating /home/travis/build/icyphy/ptII/ptolemy/actor/lib/test/auto/arrayType27.xml
2 ms. Memory: 536576K Free: 262722K (49%)
----------------- Invoking toplevel() on ptolemy.moml.MoMLSimpleApplication@40526a89
----------------- Done invoking toplevel() on ptolemy.moml.MoMLSimpleApplication@40526a89
reloadAllAccessors: .arrayType27

===========================================================================================
----------------- testing Fri Mar 13 07:18:52 UTC 2020 /home/travis/build/icyphy/ptII/ptolemy/actor/lib/test/auto/arrayType28.xml
----------------- Instantiating /home/travis/build/icyphy/ptII/ptolemy/actor/lib/test/auto/arrayType28.xml
2 ms. Memory: 536576K Free: 257088K (48%)
----------------- Invoking toplevel() on ptolemy.moml.MoMLSimpleApplication@195e25e1
----------------- Done invoking toplevel() on ptolemy.moml.MoMLSimpleApplication@195e25e1
reloadAllAccessors: .arrayType28

===========================================================================================
----------------- testing Fri Mar 13 07:18:52 UTC 2020 /home/travis/build/icyphy/ptII/ptolemy/actor/lib/test/auto/arrayType3.xml
----------------- Instantiating /home/travis/build/icyphy/ptII/ptolemy/actor/lib/test/auto/arrayType3.xml
1 ms. Memory: 536576K Free: 251968K (47%)
----------------- Invoking toplevel() on ptolemy.moml.MoMLSimpleApplication@66acf424
----------------- Done invoking toplevel() on ptolemy.moml.MoMLSimpleApplication@66acf424
reloadAllAccessors: .arrayType3

===========================================================================================
----------------- testing Fri Mar 13 07:18:52 UTC 2020 /home/travis/build/icyphy/ptII/ptolemy/actor/lib/test/auto/arrayType4.xml
----------------- Instantiating /home/travis/build/icyphy/ptII/ptolemy/actor/lib/test/auto/arrayType4.xml
1 ms. Memory: 536576K Free: 246848K (46%)
----------------- Invoking toplevel() on ptolemy.moml.MoMLSimpleApplication@6996b160
----------------- Done invoking toplevel() on ptolemy.moml.MoMLSimpleApplication@6996b160
reloadAllAccessors: .arrayType4

===========================================================================================
----------------- testing Fri Mar 13 07:18:52 UTC 2020 /home/travis/build/icyphy/ptII/ptolemy/actor/lib/test/auto/arrayType5.xml
----------------- Instantiating /home/travis/build/icyphy/ptII/ptolemy/actor/lib/test/auto/arrayType5.xml
1 ms. Memory: 536576K Free: 241218K (45%)
----------------- Invoking toplevel() on ptolemy.moml.MoMLSimpleApplication@5d00adc2
----------------- Done invoking toplevel() on ptolemy.moml.MoMLSimpleApplication@5d00adc2
reloadAllAccessors: .arrayType5

===========================================================================================
----------------- testing Fri Mar 13 07:18:52 UTC 2020 /home/travis/build/icyphy/ptII/ptolemy/actor/lib/test/auto/arrayType6.xml
----------------- Instantiating /home/travis/build/icyphy/ptII/ptolemy/actor/lib/test/auto/arrayType6.xml
1 ms. Memory: 536576K Free: 236608K (44%)
----------------- Invoking toplevel() on ptolemy.moml.MoMLSimpleApplication@5a19cde2
----------------- Done invoking toplevel() on ptolemy.moml.MoMLSimpleApplication@5a19cde2
reloadAllAccessors: .arrayType6

===========================================================================================
----------------- testing Fri Mar 13 07:18:52 UTC 2020 /home/travis/build/icyphy/ptII/ptolemy/actor/lib/test/auto/arrayType7.xml
----------------- Instantiating /home/travis/build/icyphy/ptII/ptolemy/actor/lib/test/auto/arrayType7.xml
1 ms. Memory: 536576K Free: 232002K (43%)
----------------- Invoking toplevel() on ptolemy.moml.MoMLSimpleApplication@2368579e
----------------- Done invoking toplevel() on ptolemy.moml.MoMLSimpleApplication@2368579e
reloadAllAccessors: .arrayType7

===========================================================================================
----------------- testing Fri Mar 13 07:18:52 UTC 2020 /home/travis/build/icyphy/ptII/ptolemy/actor/lib/test/auto/arrayType8.xml
----------------- Instantiating /home/travis/build/icyphy/ptII/ptolemy/actor/lib/test/auto/arrayType8.xml
1 ms. Memory: 536576K Free: 226882K (42%)
----------------- Invoking toplevel() on ptolemy.moml.MoMLSimpleApplication@540449c3
----------------- Done invoking toplevel() on ptolemy.moml.MoMLSimpleApplication@540449c3
reloadAllAccessors: .arrayType8

===========================================================================================
----------------- testing Fri Mar 13 07:18:52 UTC 2020 /home/travis/build/icyphy/ptII/ptolemy/actor/lib/test/auto/arrayType9.xml
----------------- Instantiating /home/travis/build/icyphy/ptII/ptolemy/actor/lib/test/auto/arrayType9.xml
1 ms. Memory: 536576K Free: 222272K (41%)
----------------- Invoking toplevel() on ptolemy.moml.MoMLSimpleApplication@149a0d19
----------------- Done invoking toplevel() on ptolemy.moml.MoMLSimpleApplication@149a0d19
reloadAllAccessors: .arrayType9

===========================================================================================
----------------- testing Fri Mar 13 07:18:52 UTC 2020 /home/travis/build/icyphy/ptII/ptolemy/actor/lib/test/auto/cast.xml
----------------- Instantiating /home/travis/build/icyphy/ptII/ptolemy/actor/lib/test/auto/cast.xml
2 ms. Memory: 536576K Free: 217152K (40%)
----------------- Invoking toplevel() on ptolemy.moml.MoMLSimpleApplication@21b620db
----------------- Done invoking toplevel() on ptolemy.moml.MoMLSimpleApplication@21b620db
reloadAllAccessors: .cast

===========================================================================================
----------------- testing Fri Mar 13 07:18:52 UTC 2020 /home/travis/build/icyphy/ptII/ptolemy/actor/lib/test/auto/compositeMultiPort.xml
----------------- Instantiating /home/travis/build/icyphy/ptII/ptolemy/actor/lib/test/auto/compositeMultiPort.xml
3 ms. Memory: 536576K Free: 208450K (39%)
----------------- Invoking toplevel() on ptolemy.moml.MoMLSimpleApplication@32f3179c
----------------- Done invoking toplevel() on ptolemy.moml.MoMLSimpleApplication@32f3179c
reloadAllAccessors: .compositeMultiPort

===========================================================================================
----------------- testing Fri Mar 13 07:18:52 UTC 2020 /home/travis/build/icyphy/ptII/ptolemy/actor/lib/test/auto/expressionCastInference.xml
----------------- Instantiating /home/travis/build/icyphy/ptII/ptolemy/actor/lib/test/auto/expressionCastInference.xml
2 ms. Memory: 536576K Free: 203330K (38%)
----------------- Invoking toplevel() on ptolemy.moml.MoMLSimpleApplication@63d136fc
----------------- Done invoking toplevel() on ptolemy.moml.MoMLSimpleApplication@63d136fc
reloadAllAccessors: .expressionCastInference

===========================================================================================
----------------- testing Fri Mar 13 07:18:52 UTC 2020 /home/travis/build/icyphy/ptII/ptolemy/actor/lib/test/auto/expressionCastInference2.xml
----------------- Instantiating /home/travis/build/icyphy/ptII/ptolemy/actor/lib/test/auto/expressionCastInference2.xml
2 ms. Memory: 536576K Free: 477943K (89%)
----------------- Invoking toplevel() on ptolemy.moml.MoMLSimpleApplication@7a03c398
----------------- Done invoking toplevel() on ptolemy.moml.MoMLSimpleApplication@7a03c398
reloadAllAccessors: .expressionCastInference2

===========================================================================================
----------------- testing Fri Mar 13 07:18:52 UTC 2020 /home/travis/build/icyphy/ptII/ptolemy/actor/lib/test/auto/expressionInference.xml
----------------- Instantiating /home/travis/build/icyphy/ptII/ptolemy/actor/lib/test/auto/expressionInference.xml
1 ms. Memory: 536576K Free: 473847K (88%)
----------------- Invoking toplevel() on ptolemy.moml.MoMLSimpleApplication@670f5143
----------------- Done invoking toplevel() on ptolemy.moml.MoMLSimpleApplication@670f5143
reloadAllAccessors: .expressionInference

===========================================================================================
----------------- testing Fri Mar 13 07:18:52 UTC 2020 /home/travis/build/icyphy/ptII/ptolemy/actor/lib/test/auto/expression_bug.xml
----------------- Instantiating /home/travis/build/icyphy/ptII/ptolemy/actor/lib/test/auto/expression_bug.xml
2 ms. Memory: 536576K Free: 469237K (87%)
----------------- Invoking toplevel() on ptolemy.moml.MoMLSimpleApplication@4511a1b8
----------------- Done invoking toplevel() on ptolemy.moml.MoMLSimpleApplication@4511a1b8
reloadAllAccessors: .expression_bug

===========================================================================================
----------------- testing Fri Mar 13 07:18:52 UTC 2020 /home/travis/build/icyphy/ptII/ptolemy/actor/lib/test/auto/factorial.xml
----------------- Instantiating /home/travis/build/icyphy/ptII/ptolemy/actor/lib/test/auto/factorial.xml
40 ms. Memory: 536576K Free: 460535K (86%)
----------------- Invoking toplevel() on ptolemy.moml.MoMLSimpleApplication@7e0c0d8a
----------------- Done invoking toplevel() on ptolemy.moml.MoMLSimpleApplication@7e0c0d8a
reloadAllAccessors: .factorial

===========================================================================================
----------------- testing Fri Mar 13 07:18:52 UTC 2020 /home/travis/build/icyphy/ptII/ptolemy/actor/lib/test/auto/filterTest1.xml
----------------- Instantiating /home/travis/build/icyphy/ptII/ptolemy/actor/lib/test/auto/filterTest1.xml
3 ms. Memory: 536576K Free: 454391K (85%)
----------------- Invoking toplevel() on ptolemy.moml.MoMLSimpleApplication@7f948a00
----------------- Done invoking toplevel() on ptolemy.moml.MoMLSimpleApplication@7f948a00
reloadAllAccessors: .filterTest1

===========================================================================================
----------------- testing Fri Mar 13 07:18:52 UTC 2020 /home/travis/build/icyphy/ptII/ptolemy/actor/lib/test/auto/funcApplyInConst.xml
----------------- Instantiating /home/travis/build/icyphy/ptII/ptolemy/actor/lib/test/auto/funcApplyInConst.xml
1 ms. Memory: 536576K Free: 450805K (84%)
----------------- Invoking toplevel() on ptolemy.moml.MoMLSimpleApplication@2fe4bd4
----------------- Done invoking toplevel() on ptolemy.moml.MoMLSimpleApplication@2fe4bd4
reloadAllAccessors: .funcApplyInConst

===========================================================================================
----------------- testing Fri Mar 13 07:18:52 UTC 2020 /home/travis/build/icyphy/ptII/ptolemy/actor/lib/test/auto/funcApplyInExpr.xml
----------------- Instantiating /home/travis/build/icyphy/ptII/ptolemy/actor/lib/test/auto/funcApplyInExpr.xml
1 ms. Memory: 536576K Free: 447223K (83%)
----------------- Invoking toplevel() on ptolemy.moml.MoMLSimpleApplication@10a6c77d
----------------- Done invoking toplevel() on ptolemy.moml.MoMLSimpleApplication@10a6c77d
reloadAllAccessors: .funcApplyInExpr

===========================================================================================
----------------- testing Fri Mar 13 07:18:52 UTC 2020 /home/travis/build/icyphy/ptII/ptolemy/actor/lib/test/auto/function.xml
----------------- Instantiating /home/travis/build/icyphy/ptII/ptolemy/actor/lib/test/auto/function.xml
2 ms. Memory: 536576K Free: 442103K (82%)
----------------- Invoking toplevel() on ptolemy.moml.MoMLSimpleApplication@7424081d
----------------- Done invoking toplevel() on ptolemy.moml.MoMLSimpleApplication@7424081d
reloadAllAccessors: .function

===========================================================================================
----------------- testing Fri Mar 13 07:18:52 UTC 2020 /home/travis/build/icyphy/ptII/ptolemy/actor/lib/test/auto/function2.xml
----------------- Instantiating /home/travis/build/icyphy/ptII/ptolemy/actor/lib/test/auto/function2.xml
2 ms. Memory: 536576K Free: 437493K (82%)
----------------- Invoking toplevel() on ptolemy.moml.MoMLSimpleApplication@40712a9
----------------- Done invoking toplevel() on ptolemy.moml.MoMLSimpleApplication@40712a9
reloadAllAccessors: .function2

===========================================================================================
----------------- testing Fri Mar 13 07:18:53 UTC 2020 /home/travis/build/icyphy/ptII/ptolemy/actor/lib/test/auto/function3.xml
----------------- Instantiating /home/travis/build/icyphy/ptII/ptolemy/actor/lib/test/auto/function3.xml
2 ms. Memory: 536576K Free: 433397K (81%)
----------------- Invoking toplevel() on ptolemy.moml.MoMLSimpleApplication@6cd6dcc7
----------------- Done invoking toplevel() on ptolemy.moml.MoMLSimpleApplication@6cd6dcc7
reloadAllAccessors: .function3

===========================================================================================
----------------- testing Fri Mar 13 07:18:53 UTC 2020 /home/travis/build/icyphy/ptII/ptolemy/actor/lib/test/auto/functionClosureTest1.xml
----------------- Instantiating /home/travis/build/icyphy/ptII/ptolemy/actor/lib/test/auto/functionClosureTest1.xml
2 ms. Memory: 536576K Free: 427767K (80%)
----------------- Invoking toplevel() on ptolemy.moml.MoMLSimpleApplication@2a9f34a5
----------------- Done invoking toplevel() on ptolemy.moml.MoMLSimpleApplication@2a9f34a5
reloadAllAccessors: .functionClosureTest1

===========================================================================================
----------------- testing Fri Mar 13 07:18:53 UTC 2020 /home/travis/build/icyphy/ptII/ptolemy/actor/lib/test/auto/functionClosureTest2.xml
----------------- Instantiating /home/travis/build/icyphy/ptII/ptolemy/actor/lib/test/auto/functionClosureTest2.xml
1 ms. Memory: 536576K Free: 423671K (79%)
----------------- Invoking toplevel() on ptolemy.moml.MoMLSimpleApplication@66d3248
----------------- Done invoking toplevel() on ptolemy.moml.MoMLSimpleApplication@66d3248
reloadAllAccessors: .functionClosureTest2

===========================================================================================
----------------- testing Fri Mar 13 07:18:53 UTC 2020 /home/travis/build/icyphy/ptII/ptolemy/actor/lib/test/auto/functionClosureTest3.xml
----------------- Instantiating /home/travis/build/icyphy/ptII/ptolemy/actor/lib/test/auto/functionClosureTest3.xml
2 ms. Memory: 536576K Free: 418551K (78%)
----------------- Invoking toplevel() on ptolemy.moml.MoMLSimpleApplication@3714a6ef
----------------- Done invoking toplevel() on ptolemy.moml.MoMLSimpleApplication@3714a6ef
reloadAllAccessors: .functionClosureTest3

===========================================================================================
----------------- testing Fri Mar 13 07:18:53 UTC 2020 /home/travis/build/icyphy/ptII/ptolemy/actor/lib/test/auto/functionClosureTest4.xml
----------------- Instantiating /home/travis/build/icyphy/ptII/ptolemy/actor/lib/test/auto/functionClosureTest4.xml
4 ms. Memory: 536576K Free: 411893K (77%)
----------------- Invoking toplevel() on ptolemy.moml.MoMLSimpleApplication@12d1bf26
----------------- Done invoking toplevel() on ptolemy.moml.MoMLSimpleApplication@12d1bf26
reloadAllAccessors: .functionClosureTest4

===========================================================================================
----------------- testing Fri Mar 13 07:18:53 UTC 2020 /home/travis/build/icyphy/ptII/ptolemy/actor/lib/test/auto/functionClosureTest5.xml
----------------- Instantiating /home/travis/build/icyphy/ptII/ptolemy/actor/lib/test/auto/functionClosureTest5.xml
4 ms. Memory: 536576K Free: 406759K (76%)
----------------- Invoking toplevel() on ptolemy.moml.MoMLSimpleApplication@71d8aa9a
----------------- Done invoking toplevel() on ptolemy.moml.MoMLSimpleApplication@71d8aa9a
reloadAllAccessors: .functionClosureTest5

===========================================================================================
----------------- testing Fri Mar 13 07:18:53 UTC 2020 /home/travis/build/icyphy/ptII/ptolemy/actor/lib/test/auto/functionClosureTest6.xml
----------------- Instantiating /home/travis/build/icyphy/ptII/ptolemy/actor/lib/test/auto/functionClosureTest6.xml
4 ms. Memory: 536576K Free: 401647K (75%)
----------------- Invoking toplevel() on ptolemy.moml.MoMLSimpleApplication@66c74cab
----------------- Done invoking toplevel() on ptolemy.moml.MoMLSimpleApplication@66c74cab
reloadAllAccessors: .functionClosureTest6

===========================================================================================
----------------- testing Fri Mar 13 07:18:53 UTC 2020 /home/travis/build/icyphy/ptII/ptolemy/actor/lib/test/auto/functionsOnArcs.xml
----------------- Instantiating /home/travis/build/icyphy/ptII/ptolemy/actor/lib/test/auto/functionsOnArcs.xml
2 ms. Memory: 536576K Free: 396533K (74%)
----------------- Invoking toplevel() on ptolemy.moml.MoMLSimpleApplication@778d12ec
----------------- Done invoking toplevel() on ptolemy.moml.MoMLSimpleApplication@778d12ec
reloadAllAccessors: .functionsOnArcs

===========================================================================================
----------------- testing Fri Mar 13 07:18:53 UTC 2020 /home/travis/build/icyphy/ptII/ptolemy/actor/lib/test/auto/functionsOnArcsHOF.xml
----------------- Instantiating /home/travis/build/icyphy/ptII/ptolemy/actor/lib/test/auto/functionsOnArcsHOF.xml
3 ms. Memory: 536576K Free: 390903K (73%)
----------------- Invoking toplevel() on ptolemy.moml.MoMLSimpleApplication@6288214b
----------------- Done invoking toplevel() on ptolemy.moml.MoMLSimpleApplication@6288214b
reloadAllAccessors: .functionsOnArcsHOF

===========================================================================================
----------------- testing Fri Mar 13 07:18:53 UTC 2020 /home/travis/build/icyphy/ptII/ptolemy/actor/lib/test/auto/logic.xml
----------------- Instantiating /home/travis/build/icyphy/ptII/ptolemy/actor/lib/test/auto/logic.xml
2 ms. Memory: 536576K Free: 383221K (71%)
----------------- Invoking toplevel() on ptolemy.moml.MoMLSimpleApplication@f7f5286
----------------- Done invoking toplevel() on ptolemy.moml.MoMLSimpleApplication@f7f5286
reloadAllAccessors: .logic

===========================================================================================
----------------- testing Fri Mar 13 07:18:53 UTC 2020 /home/travis/build/icyphy/ptII/ptolemy/actor/lib/test/auto/matrixType.xml
----------------- Instantiating /home/travis/build/icyphy/ptII/ptolemy/actor/lib/test/auto/matrixType.xml
2 ms. Memory: 536576K Free: 378087K (70%)
----------------- Invoking toplevel() on ptolemy.moml.MoMLSimpleApplication@2181e569
----------------- Done invoking toplevel() on ptolemy.moml.MoMLSimpleApplication@2181e569
reloadAllAccessors: .matrixType

===========================================================================================
----------------- testing Fri Mar 13 07:18:53 UTC 2020 /home/travis/build/icyphy/ptII/ptolemy/actor/lib/test/auto/matrixType10.xml
----------------- Instantiating /home/travis/build/icyphy/ptII/ptolemy/actor/lib/test/auto/matrixType10.xml
2 ms. Memory: 536576K Free: 372981K (70%)
----------------- Invoking toplevel() on ptolemy.moml.MoMLSimpleApplication@455053e5
----------------- Done invoking toplevel() on ptolemy.moml.MoMLSimpleApplication@455053e5
reloadAllAccessors: .matrixType10

===========================================================================================
----------------- testing Fri Mar 13 07:18:53 UTC 2020 /home/travis/build/icyphy/ptII/ptolemy/actor/lib/test/auto/matrixType11.xml
----------------- Instantiating /home/travis/build/icyphy/ptII/ptolemy/actor/lib/test/auto/matrixType11.xml
2 ms. Memory: 536576K Free: 368375K (69%)
----------------- Invoking toplevel() on ptolemy.moml.MoMLSimpleApplication@1e01101d
----------------- Done invoking toplevel() on ptolemy.moml.MoMLSimpleApplication@1e01101d
reloadAllAccessors: .matrixType11

===========================================================================================
----------------- testing Fri Mar 13 07:18:53 UTC 2020 /home/travis/build/icyphy/ptII/ptolemy/actor/lib/test/auto/matrixType12.xml
----------------- Instantiating /home/travis/build/icyphy/ptII/ptolemy/actor/lib/test/auto/matrixType12.xml
1 ms. Memory: 536576K Free: 363255K (68%)
----------------- Invoking toplevel() on ptolemy.moml.MoMLSimpleApplication@3d7af6c0
----------------- Done invoking toplevel() on ptolemy.moml.MoMLSimpleApplication@3d7af6c0
reloadAllAccessors: .matrixType12

===========================================================================================
----------------- testing Fri Mar 13 07:18:53 UTC 2020 /home/travis/build/icyphy/ptII/ptolemy/actor/lib/test/auto/matrixType13.xml
----------------- Instantiating /home/travis/build/icyphy/ptII/ptolemy/actor/lib/test/auto/matrixType13.xml
1 ms. Memory: 536576K Free: 358645K (67%)
----------------- Invoking toplevel() on ptolemy.moml.MoMLSimpleApplication@4fea5c88
----------------- Done invoking toplevel() on ptolemy.moml.MoMLSimpleApplication@4fea5c88
reloadAllAccessors: .matrixType13

===========================================================================================
----------------- testing Fri Mar 13 07:18:53 UTC 2020 /home/travis/build/icyphy/ptII/ptolemy/actor/lib/test/auto/matrixType14.xml
----------------- Instantiating /home/travis/build/icyphy/ptII/ptolemy/actor/lib/test/auto/matrixType14.xml
2 ms. Memory: 536576K Free: 353525K (66%)
----------------- Invoking toplevel() on ptolemy.moml.MoMLSimpleApplication@153d0041
----------------- Done invoking toplevel() on ptolemy.moml.MoMLSimpleApplication@153d0041
reloadAllAccessors: .matrixType14

===========================================================================================
----------------- testing Fri Mar 13 07:18:53 UTC 2020 /home/travis/build/icyphy/ptII/ptolemy/actor/lib/test/auto/matrixType2.xml
----------------- Instantiating /home/travis/build/icyphy/ptII/ptolemy/actor/lib/test/auto/matrixType2.xml
1 ms. Memory: 536576K Free: 348391K (65%)
----------------- Invoking toplevel() on ptolemy.moml.MoMLSimpleApplication@3612f37c
----------------- Done invoking toplevel() on ptolemy.moml.MoMLSimpleApplication@3612f37c
reloadAllAccessors: .matrixType2

===========================================================================================
----------------- testing Fri Mar 13 07:18:53 UTC 2020 /home/travis/build/icyphy/ptII/ptolemy/actor/lib/test/auto/matrixType3.xml
----------------- Instantiating /home/travis/build/icyphy/ptII/ptolemy/actor/lib/test/auto/matrixType3.xml
4 ms. Memory: 536576K Free: 343285K (64%)
----------------- Invoking toplevel() on ptolemy.moml.MoMLSimpleApplication@40f7fc14
----------------- Done invoking toplevel() on ptolemy.moml.MoMLSimpleApplication@40f7fc14
reloadAllAccessors: .matrixType3

===========================================================================================
----------------- testing Fri Mar 13 07:18:53 UTC 2020 /home/travis/build/icyphy/ptII/ptolemy/actor/lib/test/auto/matrixType4.xml
----------------- Instantiating /home/travis/build/icyphy/ptII/ptolemy/actor/lib/test/auto/matrixType4.xml
1 ms. Memory: 536576K Free: 338679K (63%)
----------------- Invoking toplevel() on ptolemy.moml.MoMLSimpleApplication@edf5d8f
----------------- Done invoking toplevel() on ptolemy.moml.MoMLSimpleApplication@edf5d8f
reloadAllAccessors: .matrixType4

===========================================================================================
----------------- testing Fri Mar 13 07:18:53 UTC 2020 /home/travis/build/icyphy/ptII/ptolemy/actor/lib/test/auto/matrixType5.xml
----------------- Instantiating /home/travis/build/icyphy/ptII/ptolemy/actor/lib/test/auto/matrixType5.xml
1 ms. Memory: 536576K Free: 333559K (62%)
----------------- Invoking toplevel() on ptolemy.moml.MoMLSimpleApplication@680b568b
----------------- Done invoking toplevel() on ptolemy.moml.MoMLSimpleApplication@680b568b
reloadAllAccessors: .matrixType5

===========================================================================================
----------------- testing Fri Mar 13 07:18:53 UTC 2020 /home/travis/build/icyphy/ptII/ptolemy/actor/lib/test/auto/matrixType6.xml
----------------- Instantiating /home/travis/build/icyphy/ptII/ptolemy/actor/lib/test/auto/matrixType6.xml
1 ms. Memory: 536576K Free: 328949K (61%)
----------------- Invoking toplevel() on ptolemy.moml.MoMLSimpleApplication@4e4b015c
----------------- Done invoking toplevel() on ptolemy.moml.MoMLSimpleApplication@4e4b015c
reloadAllAccessors: .matrixType6

===========================================================================================
----------------- testing Fri Mar 13 07:18:53 UTC 2020 /home/travis/build/icyphy/ptII/ptolemy/actor/lib/test/auto/matrixType7.xml
----------------- Instantiating /home/travis/build/icyphy/ptII/ptolemy/actor/lib/test/auto/matrixType7.xml
1 ms. Memory: 536576K Free: 323829K (60%)
----------------- Invoking toplevel() on ptolemy.moml.MoMLSimpleApplication@5181ebf2
----------------- Done invoking toplevel() on ptolemy.moml.MoMLSimpleApplication@5181ebf2
reloadAllAccessors: .matrixType7

===========================================================================================
----------------- testing Fri Mar 13 07:18:53 UTC 2020 /home/travis/build/icyphy/ptII/ptolemy/actor/lib/test/auto/matrixType8.xml
----------------- Instantiating /home/travis/build/icyphy/ptII/ptolemy/actor/lib/test/auto/matrixType8.xml
1 ms. Memory: 536576K Free: 319223K (59%)
----------------- Invoking toplevel() on ptolemy.moml.MoMLSimpleApplication@6efcda3e
----------------- Done invoking toplevel() on ptolemy.moml.MoMLSimpleApplication@6efcda3e
reloadAllAccessors: .matrixType8

===========================================================================================
----------------- testing Fri Mar 13 07:18:53 UTC 2020 /home/travis/build/icyphy/ptII/ptolemy/actor/lib/test/auto/matrixType9.xml
----------------- Instantiating /home/travis/build/icyphy/ptII/ptolemy/actor/lib/test/auto/matrixType9.xml
2 ms. Memory: 536576K Free: 314103K (59%)
----------------- Invoking toplevel() on ptolemy.moml.MoMLSimpleApplication@5f691da0
----------------- Done invoking toplevel() on ptolemy.moml.MoMLSimpleApplication@5f691da0
reloadAllAccessors: .matrixType9

===========================================================================================
----------------- testing Fri Mar 13 07:18:53 UTC 2020 /home/travis/build/icyphy/ptII/ptolemy/actor/lib/test/auto/paraFunctest.xml
----------------- Instantiating /home/travis/build/icyphy/ptII/ptolemy/actor/lib/test/auto/paraFunctest.xml
1 ms. Memory: 536576K Free: 310007K (58%)
----------------- Invoking toplevel() on ptolemy.moml.MoMLSimpleApplication@111ab66c
----------------- Done invoking toplevel() on ptolemy.moml.MoMLSimpleApplication@111ab66c
reloadAllAccessors: .paraFunctest

===========================================================================================
----------------- testing Fri Mar 13 07:18:53 UTC 2020 /home/travis/build/icyphy/ptII/ptolemy/actor/lib/test/auto/paraFunctest2.xml
----------------- Instantiating /home/travis/build/icyphy/ptII/ptolemy/actor/lib/test/auto/paraFunctest2.xml
1 ms. Memory: 536576K Free: 305397K (57%)
----------------- Invoking toplevel() on ptolemy.moml.MoMLSimpleApplication@6c74c733
----------------- Done invoking toplevel() on ptolemy.moml.MoMLSimpleApplication@6c74c733
reloadAllAccessors: .paraFunctest2

===========================================================================================
----------------- testing Fri Mar 13 07:18:53 UTC 2020 /home/travis/build/icyphy/ptII/ptolemy/actor/lib/test/auto/parameterPassing.xml
----------------- Instantiating /home/travis/build/icyphy/ptII/ptolemy/actor/lib/test/auto/parameterPassing.xml
1 ms. Memory: 536576K Free: 301301K (56%)
----------------- Invoking toplevel() on ptolemy.moml.MoMLSimpleApplication@7277cf4d
----------------- Done invoking toplevel() on ptolemy.moml.MoMLSimpleApplication@7277cf4d
reloadAllAccessors: .parameterPassing

===========================================================================================
----------------- testing Fri Mar 13 07:18:53 UTC 2020 /home/travis/build/icyphy/ptII/ptolemy/actor/lib/test/auto/record.xml
----------------- Instantiating /home/travis/build/icyphy/ptII/ptolemy/actor/lib/test/auto/record.xml
2 ms. Memory: 536576K Free: 296181K (55%)
----------------- Invoking toplevel() on ptolemy.moml.MoMLSimpleApplication@636cabb4
----------------- Done invoking toplevel() on ptolemy.moml.MoMLSimpleApplication@636cabb4
reloadAllAccessors: .record

===========================================================================================
----------------- testing Fri Mar 13 07:18:53 UTC 2020 /home/travis/build/icyphy/ptII/ptolemy/actor/lib/test/auto/sizedarray1.xml
----------------- Instantiating /home/travis/build/icyphy/ptII/ptolemy/actor/lib/test/auto/sizedarray1.xml
2 ms. Memory: 536576K Free: 291061K (54%)
----------------- Invoking toplevel() on ptolemy.moml.MoMLSimpleApplication@476e7598
----------------- Done invoking toplevel() on ptolemy.moml.MoMLSimpleApplication@476e7598
reloadAllAccessors: .sizedarray1

===========================================================================================
----------------- testing Fri Mar 13 07:18:53 UTC 2020 /home/travis/build/icyphy/ptII/ptolemy/actor/lib/test/auto/sizedarray2.xml
----------------- Instantiating /home/travis/build/icyphy/ptII/ptolemy/actor/lib/test/auto/sizedarray2.xml
1 ms. Memory: 536576K Free: 284917K (53%)
----------------- Invoking toplevel() on ptolemy.moml.MoMLSimpleApplication@17fff68c
----------------- Done invoking toplevel() on ptolemy.moml.MoMLSimpleApplication@17fff68c
reloadAllAccessors: .sizedarray2

===========================================================================================
----------------- testing Fri Mar 13 07:18:53 UTC 2020 /home/travis/build/icyphy/ptII/ptolemy/actor/lib/test/auto/twoPublishers.xml
----------------- Instantiating /home/travis/build/icyphy/ptII/ptolemy/actor/lib/test/auto/twoPublishers.xml
6 ms. Memory: 536576K Free: 274167K (51%)
----------------- Invoking toplevel() on ptolemy.moml.MoMLSimpleApplication@3d5a5489
----------------- Done invoking toplevel() on ptolemy.moml.MoMLSimpleApplication@3d5a5489
reloadAllAccessors: .twoPublishers
AutoTests.java: About to close Vertx.
AutoTests.java: Vertx closed.
]]></system-out>
  <system-err><![CDATA[java.lang.RuntimeException: Execution failed
	at ptolemy.moml.MoMLSimpleApplication$UnloadThread.run(MoMLSimpleApplication.java:402)
Caused by: java.lang.RuntimeException: StringUtilities.exit() was called. Normally, we would exit here because Manager.exitAfterWrapup() was called.  However, because the ptolemy.ptII.exitAfterWrapup property is set, we throw this exception instead.
	at ptolemy.util.StringUtilities.exit(StringUtilities.java:365)
	at ptolemy.actor.Manager.wrapup(Manager.java:1549)
	at ptolemy.actor.Manager.execute(Manager.java:407)
	at ptolemy.actor.Manager.run(Manager.java:1263)
	at ptolemy.actor.Manager$PtolemyRunThread.run(Manager.java:1933)
Warning: '.top.test' is in training mode, set the trainingMode parameter to false before checking in
Warning: '.top.test' is in training mode, set the trainingMode parameter to false before checking in
Warning: '.top.test' is in training mode, set the trainingMode parameter to false before checking in
Warning: '.BooleanSwitch_RegressionTest_WrongTrainingValues.Test' is in training mode, set the trainingMode parameter to false before checking in
Warning: '.BooleanSwitch_RegressionTest_WrongTrainingValues.Test2' is in training mode, set the trainingMode parameter to false before checking in
Warning: '.BooleanSwitch_RegressionTest_WrongTrainingValues.Test2' The test produced 0 tokens.
Warning: '.top.testExceptionHandler' is in training mode, set the trainingMode parameter to false before checking in
java.lang.RuntimeException: Execution failed
	at ptolemy.moml.MoMLSimpleApplication$UnloadThread.run(MoMLSimpleApplication.java:402)
Caused by: ptolemy.kernel.util.IllegalActionException: PublisherPorts cannot be used at the top level, use a Publisher actor instead.
  in .PublisherPortToplevelSubscriber.PublisherPort
	at ptolemy.actor.PublisherPort.preinitialize(PublisherPort.java:403)
	at ptolemy.actor.CompositeActor.preinitialize(CompositeActor.java:1769)
	at ptolemy.actor.Manager.preinitializeAndResolveTypes(Manager.java:1040)
	at ptolemy.actor.Manager.initialize(Manager.java:710)
	at ptolemy.actor.Manager.execute(Manager.java:356)
	at ptolemy.actor.Manager.run(Manager.java:1263)
	at ptolemy.actor.Manager$PtolemyRunThread.run(Manager.java:1933)
java.lang.reflect.InvocationTargetException
	at java.base/jdk.internal.reflect.NativeConstructorAccessorImpl.newInstance0(Native Method)
	at java.base/jdk.internal.reflect.NativeConstructorAccessorImpl.newInstance(NativeConstructorAccessorImpl.java:62)
	at java.base/jdk.internal.reflect.DelegatingConstructorAccessorImpl.newInstance(DelegatingConstructorAccessorImpl.java:45)
	at java.base/java.lang.reflect.Constructor.newInstance(Constructor.java:490)
	at ptolemy.util.test.junit.AutoKnownFailedTests.RunModel(AutoKnownFailedTests.java:105)
	at java.base/jdk.internal.reflect.NativeMethodAccessorImpl.invoke0(Native Method)
	at java.base/jdk.internal.reflect.NativeMethodAccessorImpl.invoke(NativeMethodAccessorImpl.java:62)
	at java.base/jdk.internal.reflect.DelegatingMethodAccessorImpl.invoke(DelegatingMethodAccessorImpl.java:43)
	at java.base/java.lang.reflect.Method.invoke(Method.java:566)
	at org.junit.runners.model.FrameworkMethod$1.runReflectiveCall(FrameworkMethod.java:44)
	at org.junit.internal.runners.model.ReflectiveCallable.run(ReflectiveCallable.java:15)
	at org.junit.runners.model.FrameworkMethod.invokeExplosively(FrameworkMethod.java:41)
	at junitparams.internal.InvokeParameterisedMethod.evaluate(InvokeParameterisedMethod.java:102)
	at org.junit.internal.runners.statements.FailOnTimeout$1.run(FailOnTimeout.java:28)
Caused by: ptolemy.kernel.util.IllegalActionException: PublisherPorts cannot be used at the top level, use a Publisher actor instead.
  in .PublisherPortToplevelSubscriber.PublisherPort
	at ptolemy.actor.PublisherPort.preinitialize(PublisherPort.java:403)
	at ptolemy.actor.CompositeActor.preinitialize(CompositeActor.java:1769)
	at ptolemy.actor.Manager.preinitializeAndResolveTypes(Manager.java:1040)
	at ptolemy.actor.Manager.initialize(Manager.java:710)
	at ptolemy.actor.Manager.execute(Manager.java:356)
	at ptolemy.actor.Manager.run(Manager.java:1263)
	at ptolemy.actor.Manager$PtolemyRunThread.run(Manager.java:1933)
java.lang.RuntimeException: Execution failed
	at ptolemy.moml.MoMLSimpleApplication$UnloadThread.run(MoMLSimpleApplication.java:402)
Caused by: ptolemy.kernel.util.IllegalActionException: SubscriberPorts cannot be used at the top level, use a Subscriber actor instead.
  in .PublisherSubscriberPortToplevel.SubscriberPort
	at ptolemy.actor.SubscriberPort.preinitialize(SubscriberPort.java:328)
	at ptolemy.actor.CompositeActor.preinitialize(CompositeActor.java:1769)
	at ptolemy.actor.Manager.preinitializeAndResolveTypes(Manager.java:1040)
	at ptolemy.actor.Manager.initialize(Manager.java:710)
	at ptolemy.actor.Manager.execute(Manager.java:356)
	at ptolemy.actor.Manager.run(Manager.java:1263)
	at ptolemy.actor.Manager$PtolemyRunThread.run(Manager.java:1933)
java.lang.reflect.InvocationTargetException
	at java.base/jdk.internal.reflect.NativeConstructorAccessorImpl.newInstance0(Native Method)
	at java.base/jdk.internal.reflect.NativeConstructorAccessorImpl.newInstance(NativeConstructorAccessorImpl.java:62)
	at java.base/jdk.internal.reflect.DelegatingConstructorAccessorImpl.newInstance(DelegatingConstructorAccessorImpl.java:45)
	at java.base/java.lang.reflect.Constructor.newInstance(Constructor.java:490)
	at ptolemy.util.test.junit.AutoKnownFailedTests.RunModel(AutoKnownFailedTests.java:105)
	at java.base/jdk.internal.reflect.NativeMethodAccessorImpl.invoke0(Native Method)
	at java.base/jdk.internal.reflect.NativeMethodAccessorImpl.invoke(NativeMethodAccessorImpl.java:62)
	at java.base/jdk.internal.reflect.DelegatingMethodAccessorImpl.invoke(DelegatingMethodAccessorImpl.java:43)
	at java.base/java.lang.reflect.Method.invoke(Method.java:566)
	at org.junit.runners.model.FrameworkMethod$1.runReflectiveCall(FrameworkMethod.java:44)
	at org.junit.internal.runners.model.ReflectiveCallable.run(ReflectiveCallable.java:15)
	at org.junit.runners.model.FrameworkMethod.invokeExplosively(FrameworkMethod.java:41)
	at junitparams.internal.InvokeParameterisedMethod.evaluate(InvokeParameterisedMethod.java:102)
	at org.junit.internal.runners.statements.FailOnTimeout$1.run(FailOnTimeout.java:28)
Caused by: ptolemy.kernel.util.IllegalActionException: SubscriberPorts cannot be used at the top level, use a Subscriber actor instead.
  in .PublisherSubscriberPortToplevel.SubscriberPort
	at ptolemy.actor.SubscriberPort.preinitialize(SubscriberPort.java:328)
	at ptolemy.actor.CompositeActor.preinitialize(CompositeActor.java:1769)
	at ptolemy.actor.Manager.preinitializeAndResolveTypes(Manager.java:1040)
	at ptolemy.actor.Manager.initialize(Manager.java:710)
	at ptolemy.actor.Manager.execute(Manager.java:356)
	at ptolemy.actor.Manager.run(Manager.java:1263)
	at ptolemy.actor.Manager$PtolemyRunThread.run(Manager.java:1933)
java.lang.RuntimeException: Execution failed
	at ptolemy.moml.MoMLSimpleApplication$UnloadThread.run(MoMLSimpleApplication.java:402)
Caused by: ptolemy.kernel.util.IllegalActionException: SubscriptionAggregatorPorts cannot be used at the top level, use a SubscriptionAggregator actor instead.
  in .PublisherSubscriptionAggregatorPort.SubscriptionAggregatorPort
	at ptolemy.actor.SubscriptionAggregatorPort.preinitialize(SubscriptionAggregatorPort.java:353)
	at ptolemy.actor.CompositeActor.preinitialize(CompositeActor.java:1769)
	at ptolemy.actor.Manager.preinitializeAndResolveTypes(Manager.java:1040)
	at ptolemy.actor.Manager.initialize(Manager.java:710)
	at ptolemy.actor.Manager.execute(Manager.java:356)
	at ptolemy.actor.Manager.run(Manager.java:1263)
	at ptolemy.actor.Manager$PtolemyRunThread.run(Manager.java:1933)
java.lang.reflect.InvocationTargetException
	at java.base/jdk.internal.reflect.NativeConstructorAccessorImpl.newInstance0(Native Method)
	at java.base/jdk.internal.reflect.NativeConstructorAccessorImpl.newInstance(NativeConstructorAccessorImpl.java:62)
	at java.base/jdk.internal.reflect.DelegatingConstructorAccessorImpl.newInstance(DelegatingConstructorAccessorImpl.java:45)
	at java.base/java.lang.reflect.Constructor.newInstance(Constructor.java:490)
	at ptolemy.util.test.junit.AutoKnownFailedTests.RunModel(AutoKnownFailedTests.java:105)
	at java.base/jdk.internal.reflect.NativeMethodAccessorImpl.invoke0(Native Method)
	at java.base/jdk.internal.reflect.NativeMethodAccessorImpl.invoke(NativeMethodAccessorImpl.java:62)
	at java.base/jdk.internal.reflect.DelegatingMethodAccessorImpl.invoke(DelegatingMethodAccessorImpl.java:43)
	at java.base/java.lang.reflect.Method.invoke(Method.java:566)
	at org.junit.runners.model.FrameworkMethod$1.runReflectiveCall(FrameworkMethod.java:44)
	at org.junit.internal.runners.model.ReflectiveCallable.run(ReflectiveCallable.java:15)
	at org.junit.runners.model.FrameworkMethod.invokeExplosively(FrameworkMethod.java:41)
	at junitparams.internal.InvokeParameterisedMethod.evaluate(InvokeParameterisedMethod.java:102)
	at org.junit.internal.runners.statements.FailOnTimeout$1.run(FailOnTimeout.java:28)
Caused by: ptolemy.kernel.util.IllegalActionException: SubscriptionAggregatorPorts cannot be used at the top level, use a SubscriptionAggregator actor instead.
  in .PublisherSubscriptionAggregatorPort.SubscriptionAggregatorPort
	at ptolemy.actor.SubscriptionAggregatorPort.preinitialize(SubscriptionAggregatorPort.java:353)
	at ptolemy.actor.CompositeActor.preinitialize(CompositeActor.java:1769)
	at ptolemy.actor.Manager.preinitializeAndResolveTypes(Manager.java:1040)
	at ptolemy.actor.Manager.initialize(Manager.java:710)
	at ptolemy.actor.Manager.execute(Manager.java:356)
	at ptolemy.actor.Manager.run(Manager.java:1263)
	at ptolemy.actor.Manager$PtolemyRunThread.run(Manager.java:1933)
java.lang.RuntimeException: Execution failed
	at ptolemy.moml.MoMLSimpleApplication$UnloadThread.run(MoMLSimpleApplication.java:402)
Caused by: ptolemy.kernel.util.IllegalActionException: TypeTest actor has no training data.
  in .sizedarray3.TypeTest
	at ptolemy.actor.lib.TypeTest.initialize(TypeTest.java:250)
	at ptolemy.actor.Director.initialize(Director.java:938)
	at ptolemy.actor.Director.initialize(Director.java:907)
	at ptolemy.actor.sched.StaticSchedulingDirector.initialize(StaticSchedulingDirector.java:159)
	at ptolemy.domains.sdf.kernel.SDFDirector.initialize(SDFDirector.java:544)
	at ptolemy.actor.CompositeActor.initialize(CompositeActor.java:935)
	at ptolemy.actor.Manager.initialize(Manager.java:724)
	at ptolemy.actor.Manager.execute(Manager.java:356)
	at ptolemy.actor.Manager.run(Manager.java:1263)
	at ptolemy.actor.Manager$PtolemyRunThread.run(Manager.java:1933)
java.lang.reflect.InvocationTargetException
	at java.base/jdk.internal.reflect.NativeConstructorAccessorImpl.newInstance0(Native Method)
	at java.base/jdk.internal.reflect.NativeConstructorAccessorImpl.newInstance(NativeConstructorAccessorImpl.java:62)
	at java.base/jdk.internal.reflect.DelegatingConstructorAccessorImpl.newInstance(DelegatingConstructorAccessorImpl.java:45)
	at java.base/java.lang.reflect.Constructor.newInstance(Constructor.java:490)
	at ptolemy.util.test.junit.AutoKnownFailedTests.RunModel(AutoKnownFailedTests.java:105)
	at java.base/jdk.internal.reflect.NativeMethodAccessorImpl.invoke0(Native Method)
	at java.base/jdk.internal.reflect.NativeMethodAccessorImpl.invoke(NativeMethodAccessorImpl.java:62)
	at java.base/jdk.internal.reflect.DelegatingMethodAccessorImpl.invoke(DelegatingMethodAccessorImpl.java:43)
	at java.base/java.lang.reflect.Method.invoke(Method.java:566)
	at org.junit.runners.model.FrameworkMethod$1.runReflectiveCall(FrameworkMethod.java:44)
	at org.junit.internal.runners.model.ReflectiveCallable.run(ReflectiveCallable.java:15)
	at org.junit.runners.model.FrameworkMethod.invokeExplosively(FrameworkMethod.java:41)
	at junitparams.internal.InvokeParameterisedMethod.evaluate(InvokeParameterisedMethod.java:102)
	at org.junit.internal.runners.statements.FailOnTimeout$1.run(FailOnTimeout.java:28)
Caused by: ptolemy.kernel.util.IllegalActionException: TypeTest actor has no training data.
  in .sizedarray3.TypeTest
	at ptolemy.actor.lib.TypeTest.initialize(TypeTest.java:250)
	at ptolemy.actor.Director.initialize(Director.java:938)
	at ptolemy.actor.Director.initialize(Director.java:907)
	at ptolemy.actor.sched.StaticSchedulingDirector.initialize(StaticSchedulingDirector.java:159)
	at ptolemy.domains.sdf.kernel.SDFDirector.initialize(SDFDirector.java:544)
	at ptolemy.actor.CompositeActor.initialize(CompositeActor.java:935)
	at ptolemy.actor.Manager.initialize(Manager.java:724)
	at ptolemy.actor.Manager.execute(Manager.java:356)
	at ptolemy.actor.Manager.run(Manager.java:1263)
	at ptolemy.actor.Manager$PtolemyRunThread.run(Manager.java:1933)
java.lang.RuntimeException: Execution failed
	at ptolemy.moml.MoMLSimpleApplication$UnloadThread.run(MoMLSimpleApplication.java:402)
Caused by: ptolemy.kernel.util.IllegalActionException: Test fails in iteration 0.
Value was: 6004L. Should have been: 6000L
  in .ExecutionTimeSDF.NonStrictTest
	at ptolemy.actor.lib.NonStrictTest.postfire(NonStrictTest.java:328)
	at ptolemy.actor.AtomicActor.iterate(AtomicActor.java:518)
	at ptolemy.actor.sched.StaticSchedulingDirector.fire(StaticSchedulingDirector.java:216)
	at ptolemy.domains.sdf.kernel.SDFDirector.fire(SDFDirector.java:500)
	at ptolemy.actor.CompositeActor.fire(CompositeActor.java:455)
	at ptolemy.actor.Manager.iterate(Manager.java:851)
	at ptolemy.actor.Manager.execute(Manager.java:369)
	at ptolemy.actor.Manager.run(Manager.java:1263)
	at ptolemy.actor.Manager$PtolemyRunThread.run(Manager.java:1933)
]]></system-err>
</testsuite>
