<?xml version="1.0" encoding="UTF-8" ?>
<testsuite errors="0" failures="0" hostname="travis-job-f37c84f8-2a6b-4552-93c7-9c25a5dff07a" name="ptolemy.actor.lib.test.junit.JUnitTclTest" skipped="0" tests="517" time="58.614" timestamp="2019-02-06T03:24:39">
  <properties>
    <property name="npm.executable" value="npm" />
    <property name="file.encoding.pkg" value="sun.io" />
    <property name="env.TRAVIS_ROOT" value="/" />
    <property name="ptII.mk.exists" value="true" />
    <property name="env.TRAVIS_APP_HOST" value="build.travis-ci.org" />
    <property name="env.rvm_bin_path" value="/home/travis/.rvm/bin" />
    <property name="java.home" value="/usr/lib/jvm/java-8-oracle/jre" />
    <property name="env.TRAVIS_JOB_NUMBER" value="993.8" />
    <property name="env.TRAVIS_HOME" value="/home/travis" />
    <property name="env.DISPLAY" value=":99.0" />
    <property name="java.net.preferIPv4Stack" value="true" />
    <property name="env.TRAVIS_INIT" value="upstart" />
    <property name="env.SSH_TTY" value="/dev/pts/0" />
    <property name="env.RUN_TESTS" value="true" />
    <property name="timeout.short" value="1000000" />
    <property name="env.TRAVIS_JOB_NAME" value="" />
    <property name="env.TRAVIS_STACK_NODE_ATTRIBUTES" value="/.node-attributes.yml" />
    <property name="junit.formatter" value="xml" />
    <property name="java.endorsed.dirs" value="/usr/lib/jvm/java-8-oracle/jre/lib/endorsed" />
    <property name="env.TRAVIS_SUDO" value="true" />
    <property name="env.LOGNAME" value="travis" />
    <property name="env.PT_TRAVIS_TEST_CORE1_XML" value="true" />
    <property name="jsdoc.home" value="node_modules/@terraswarm/jsdoc" />
    <property name="debuglevel" value="source,lines,vars" />
    <property name="checkstyle.formatter" value="xml" />
    <property name="bin.vergil.makeable" value="true" />
    <property name="env._system_version" value="14.04" />
    <property name="sun.os.patch.level" value="unknown" />
    <property name="java.vendor.url" value="http://java.oracle.com/" />
    <property name="env.TRAVIS_BUILD_WEB_URL" value="https://travis-ci.org/icyphy/ptII/builds/489356772" />
    <property name="java.version" value="1.8.0_151" />
    <property name="env.TZ" value="UTC" />
    <property name="env.PT_NO_NET" value="true" />
    <property name="env.TRAVIS_PULL_REQUEST_SHA" value="" />
    <property name="env.TRAVIS_SECURE_ENV_VARS" value="true" />
    <property name="env._system_type" value="Linux" />
    <property name="java.vendor.url.bug" value="http://bugreport.sun.com/bugreport/" />
    <property name="env.SSH_CLIENT" value="10.10.19.217 46492 22" />
    <property name="npmjs-org-is-up" value="true" />
    <property name="env.GEM_HOME" value="/home/travis/.rvm/gems/ruby-2.4.1" />
    <property name="env.HAS_ANTARES_THREE_LITTLE_FRONZIES_BADGE" value="true" />
    <property name="env.PS4" value="+" />
    <property name="ant.project.invoked-targets" value="build,test.core1.xml" />
    <property name="env.TRAVIS_PULL_REQUEST_BRANCH" value="" />
    <property name="env.TRAVIS_REPO_SLUG" value="icyphy/ptII" />
    <property name="env.TRAVIS_APT_PROXY" value="http://build-cache.travisci.net" />
    <property name="node.in.path" value="true" />
    <property name="java.maxmemory" value="1400m" />
    <property name="env.RUBY_VERSION" value="ruby-2.4.1" />
    <property name="user.name" value="travis" />
    <property name="env.LANG" value="en_US.UTF-8" />
    <property name="sun.io.unicode.encoding" value="UnicodeLittle" />
    <property name="sun.jnu.encoding" value="UTF-8" />
    <property name="java.runtime.name" value="Java(TM) SE Runtime Environment" />
    <property name="usefile" value="false" />
    <property name="return.code" value="0" />
    <property name="junit.single.formatter" value="plain" />
    <property name="env.DYLD_LIBRARY_PATH" value="/home/travis/pthla/certi-tools/lib:" />
    <property name="env.DEBIAN_FRONTEND" value="noninteractive" />
    <property name="env.SSH_CONNECTION" value="10.10.19.217 46492 10.20.0.37 22" />
    <property name="env.MYSQL_UNIX_PORT" value="/var/run/mysqld/mysqld.sock" />
    <property name="env.TRAVIS_ALLOW_FAILURE" value="false" />
    <property name="env.LC_ALL" value="en_US.UTF-8" />
    <property name="env.TRAVIS_JOB_WEB_URL" value="https://travis-ci.org/icyphy/ptII/jobs/489356782" />
    <property name="java.specification.name" value="Java Platform API Specification" />
    <property name="node.works" value="true" />
    <property name="user.timezone" value="" />
    <property name="path.separator" value=":" />
    <property name="env.TRAVIS_ENABLE_INFRA_DETECTION" value="true" />
    <property name="env.PYTHON_CFLAGS" value="-g -fstack-protector --param=ssp-buffer-size=4 -Wformat -Werror=format-security" />
    <property name="timeout.long" value="4000000" />
    <property name="env.CERTI_HOME" value="/home/travis/pthla/certi-tools" />
    <property name="file.encoding" value="UTF-8" />
    <property name="ant.file.ptII" value="/home/travis/build/icyphy/ptII/build.xml" />
    <property name="javadoc.packagenames" value="com.*,diva.*,lbnl.*,org.hlacerti.*,org.json.*,org.ptolemy.*,org.terraswarm.*,ptolemy.*,ptserver.*" />
    <property name="env.TRAVIS_PULL_REQUEST_SLUG" value="" />
    <property name="ant.project.default-target" value="build" />
    <property name="env.GIT_ASKPASS" value="echo" />
    <property name="env.HOME" value="/home/travis" />
    <property name="sun.java.command" value="org.apache.tools.ant.taskdefs.optional.junit.JUnitTestRunner ptolemy.actor.lib.test.junit.JUnitTclTest skipNonTests=false filtertrace=true haltOnError=false haltOnFailure=false formatter=org.apache.tools.ant.taskdefs.optional.junit.OutErrSummaryJUnitResultFormatter showoutput=true outputtoformatters=true logfailedtests=true threadid=0 logtestlistenerevents=false formatter=org.apache.tools.ant.taskdefs.optional.junit.XMLJUnitResultFormatter,/home/travis/build/icyphy/ptII/reports/junit/TEST-ptolemy.actor.lib.test.junit.JUnitTclTest.xml crashfile=/home/travis/build/icyphy/ptII/junitvmwatcher4908210381707562973.properties propsfile=/home/travis/build/icyphy/ptII/junit259962074461564250.properties" />
    <property name="env.MANPATH" value="/home/travis/.nvm/versions/node/v7.10.1/share/man:/home/travis/.kiex/elixirs/elixir-1.4.5/man:/home/travis/.rvm/rubies/ruby-2.4.1/share/man:/usr/local/man:/usr/local/cmake-3.9.2/man:/usr/local/clang-5.0.0/share/man:/usr/local/share/man:/usr/share/man:/home/travis/.rvm/man" />
    <property name="env.COMPOSER_NO_INTERACTION" value="1" />
    <property name="env.JDK_SWITCHER_DEFAULT" value="oraclejdk8" />
    <property name="env.TRAVIS_TIMER_ID" value="1053c5b4" />
    <property name="ant.file" value="/home/travis/build/icyphy/ptII/build.xml" />
    <property name="env.TRAVIS_COMMIT_RANGE" value="fd33c76baa16530294e6993287231cfe75e3f9f4...879f111b998daf2a28aa833b9629496c9080eaab" />
    <property name="env._system_name" value="Ubuntu" />
    <property name="timeout" value="2400000" />
    <property name="ptII.classpath.optional.property" value="/home/travis/build/icyphy/ptII/lib/bsh-2.0b4.jar:/home/travis/build/icyphy/ptII/lib/ptCal.jar:/home/travis/build/icyphy/ptII/lib/java_cup.jar:/home/travis/build/icyphy/ptII/lib/saxon8.jar:/home/travis/build/icyphy/ptII/lib/saxon8-dom.jar:/home/travis/build/icyphy/ptII/lib/chic.jar:/home/travis/build/icyphy/ptII/lib/ptcolt.jar:/usr/lib/jvm/java-8-oracle/lib/tools.jar:/home/travis/build/icyphy/ptII/vendors/misc/itext/iText.jar:/home/travis/build/icyphy/ptII/lib/g4ltl.jar:/home/travis/build/icyphy/ptII/lib/StructuralCoder.jar:/home/travis/build/icyphy/ptII/vendors/jai-1_1_2_01/lib/jai_core.jar:/home/travis/build/icyphy/ptII/vendors/jai-1_1_2_01/lib/jai_codec.jar:/home/travis/build/icyphy/ptII/lib/jcerti.jar:/home/travis/build/icyphy/ptII/lib/javax.mail.jar:/home/travis/build/icyphy/ptII/vendors/JMF-2.1.1e/lib/jmf.jar:/home/travis/build/icyphy/ptII/lib/jna-4.0.0-variadic.jar:/home/travis/build/icyphy/ptII/vendors/misc/joystick/Joystick.jar:/home/travis/build/icyphy/ptII/lib/ptjacl.jar:/home/travis/build/icyphy/ptII/lib/jsoup-1.8.2.jar:/home/travis/build/icyphy/ptII/lib/junit-4.8.2.jar:/home/travis/build/icyphy/ptII/lib/JUnitParams-0.4.0.jar:/home/travis/build/icyphy/ptII/ptolemy/actor/lib/excel/jxl.jar:/home/travis/build/icyphy/ptII/lib/jython.jar:/home/travis/build/icyphy/ptII/lib/kieler.jar:/home/travis/build/icyphy/ptII/vendors/opencv/share/OpenCV/java/opencv-341.jar:/home/travis/build/icyphy/ptII/lib/oscP5.jar:/home/travis/build/icyphy/ptII/lib/nrjavaserial-3.11.0.devel.jar:/home/travis/build/icyphy/ptII/vendors/j3d/lib/j3dcore.jar:/home/travis/build/icyphy/ptII/vendors/j3d/lib/j3dutils.jar:/home/travis/build/icyphy/ptII/vendors/j3d/lib/vecmath.jar:/home/travis/build/icyphy/ptII/ptolemy/distributed/jini/jar/jini-core.jar:/home/travis/build/icyphy/ptII/ptolemy/distributed/jini/jar/jini-ext.jar:/home/travis/build/icyphy/ptII/ptolemy/distributed/jini/jar/sun-util.jar:/home/travis/build/icyphy/ptII/lib/protobuf-java-2.4.1.jar:/home/travis/build/icyphy/ptII/lib/org.eclipse.paho.client.mqttv3.jar:/home/travis/build/icyphy/ptII/lib/mapss.jar:/home/travis/build/icyphy/ptII/ptolemy/actor/ptalon/antlr/antlr.jar:/home/travis/build/icyphy/ptII/lib/JRI.jar:/home/travis/build/icyphy/ptII/lib/commons-lang-2.6.jar:/home/travis/build/icyphy/ptII/lib/commons-logging-1.1.1.jar:/home/travis/build/icyphy/ptII/lib/sootclasses.jar:/home/travis/build/icyphy/ptII/ptolemy/actor/lib/database/mysql-connector-java-5.1.6-bin.jar:/home/travis/build/icyphy/ptII/vendors/misc/sphinx4/sphinx4-data-5prealpha.jar:/home/travis/build/icyphy/ptII/vendors/misc/sphinx4/sphinx4-core-5prealpha.jar:/home/travis/build/icyphy/ptII/lib/PDFRenderer.jar:/home/travis/build/icyphy/ptII/lib/svgSalamander.jar:/home/travis/build/icyphy/ptII/lib/rsyntaxtextarea-2.6.0-SNAPSHOT.jar:/home/travis/build/icyphy/ptII/lib/hazelcast-3.8.2.jar:/home/travis/build/icyphy/ptII/lib/jackson-annotations-2.9.0.jar:/home/travis/build/icyphy/ptII/lib/jackson-core-2.9.3.jar:/home/travis/build/icyphy/ptII/lib/jackson-databind-2.9.3.jar:/home/travis/build/icyphy/ptII/lib/netty-buffer-4.1.19.Final.jar:/home/travis/build/icyphy/ptII/lib/netty-codec-4.1.19.Final.jar:/home/travis/build/icyphy/ptII/lib/netty-codec-dns-4.1.19.Final.jar:/home/travis/build/icyphy/ptII/lib/netty-codec-http-4.1.19.Final.jar:/home/travis/build/icyphy/ptII/lib/netty-codec-http2-4.1.19.Final.jar:/home/travis/build/icyphy/ptII/lib/netty-common-4.1.19.Final.jar:/home/travis/build/icyphy/ptII/lib/netty-handler-4.1.19.Final.jar:/home/travis/build/icyphy/ptII/lib/netty-resolver-4.1.19.Final.jar:/home/travis/build/icyphy/ptII/lib/netty-resolver-dns-4.1.19.Final.jar:/home/travis/build/icyphy/ptII/lib/netty-transport-4.1.19.Final.jar:/home/travis/build/icyphy/ptII/lib/vertx-codegen-3.5.1.jar:/home/travis/build/icyphy/ptII/lib/vertx-core-3.5.2-SNAPSHOT.jar:/home/travis/build/icyphy/ptII/lib/vertx-hazelcast-3.5.1.jar:/home/travis/build/icyphy/ptII/lib/vertx-lang-js-3.5.1.jar:/home/travis/build/icyphy/ptII/lib/vertx-service-proxy-3.5.1.jar:/home/travis/build/icyphy/ptII/lib/vertx-web-3.5.1.jar:/home/travis/build/icyphy/ptII/lib/slf4j-api-1.7.13.jar:/home/travis/build/icyphy/ptII/lib/slf4j-simple-1.7.13.jar:/home/travis/build/icyphy/ptII/lib/webcam-capture-0.3.12.jar:/home/travis/build/icyphy/ptII/lib/bridj-0.7.0.jar:/home/travis/build/icyphy/ptII/lib/xbjlib-1.1.0.nrjavaserial.jar" />
    <property name="test.batch" value="**/junit/*.java" />
    <property name="env._" value="/usr/bin/timeout" />
    <property name="java.io.tmpdir" value="/tmp" />
    <property name="env.TRAVIS_INTERNAL_RUBY_REGEX" value="^ruby-(2\.[0-4]\.[0-9]|1\.9\.3)" />
    <property name="user.language" value="en" />
    <property name="env.HISTCONTROL" value="ignoredups:ignorespace" />
    <property name="env.GOROOT" value="/home/travis/.gimme/versions/go1.7.4.linux.amd64" />
    <property name="line.separator" value="&#xa;" />
    <property name="target" value="1.8" />
    <property name="env.TRAVIS_BUILD_DIR" value="/home/travis/build/icyphy/ptII" />
    <property name="env.ANT_OPTS" value="-Xmx2048m" />
    <property name="ant.file.type" value="file" />
    <property name="ptolemy.ptII.batchMode" value="true" />
    <property name="env.HISTSIZE" value="1000" />
    <property name="env.MERB_ENV" value="test" />
    <property name="java.vm.info" value="mixed mode" />
    <property name="source" value="1.8" />
    <property name="java.vm.specification.name" value="Java Virtual Machine Specification" />
    <property name="env.TRAVIS_TEST_RESULT" value="0" />
    <property name="jsdoc.command" value="node_modules/@terraswarm/jsdoc/jsdoc.js" />
    <property name="npm.works" value="true" />
    <property name="cobertura.dir" value="/home/travis/build/icyphy/ptII/vendors/cobertura-2.0.3" />
    <property name="env.rvm_path" value="/home/travis/.rvm" />
    <property name="env.GEM_PATH" value="/home/travis/.rvm/gems/ruby-2.4.1:/home/travis/.rvm/gems/ruby-2.4.1@global" />
    <property name="env.LC_CTYPE" value="en_US.UTF-8" />
    <property name="java.awt.printerjob" value="sun.print.PSPrinterJob" />
    <property name="env.TRAVIS_CMD" value="$PTII/bin/ptIITravisBuild.sh $SECONDS" />
    <property name="env.TRAVIS_STACK_NAME" value="garnet" />
    <property name="env.TRAVIS_TIMER_START_TIME" value="1549423127724980364" />
    <property name="ant.version" value="Apache Ant(TM) version 1.10.1 compiled on February 2 2017" />
    <property name="ptII.reports" value="/home/travis/build/icyphy/ptII/reports" />
    <property name="env.TRAVIS_STACK_TIMESTAMP" value="2017-12-05 19:33:09 UTC" />
    <property name="ant.file.type.ptII" value="file" />
    <property name="env.RBENV_SHELL" value="bash" />
    <property name="os.name" value="Linux" />
    <property name="java.specification.vendor" value="Oracle Corporation" />
    <property name="env.rvm_version" value="1.29.3 (latest)" />
    <property name="env.TRAVIS_INFRA" value="gce" />
    <property name="env.TERM" value="xterm" />
    <property name="java.vm.name" value="Java HotSpot(TM) 64-Bit Server VM" />
    <property name="env.TRAVIS_BUILD_NUMBER" value="993" />
    <property name="env.CI" value="true" />
    <property name="java.library.path" value="/home/travis/pthla/certi-tools/lib:/usr/lib/jni:/usr/local/share/OpenCV/java/:/usr/share/OpenCV/java::/usr/java/packages/lib/amd64:/usr/lib64:/lib64:/lib:/usr/lib" />
    <property name="env.rvm_prefix" value="/home/travis" />
    <property name="env.PATH" value="/home/travis/pthla/certi-tools/share/scripts:/home/travis/.rvm/gems/ruby-2.4.1/bin:/home/travis/.rvm/gems/ruby-2.4.1@global/bin:/home/travis/.rvm/rubies/ruby-2.4.1/bin:/home/travis/.rvm/bin:/home/travis/.nvm/versions/node/v7.10.1/bin:./node_modules/.bin:/home/travis/build/icyphy/ptII/bin:/home/travis/pthla/certi-tools/bin:/home/travis/bin:/home/travis/.local/bin:/opt/pyenv/shims:/home/travis/.phpenv/shims:/home/travis/perl5/perlbrew/bin:/home/travis/.kiex/elixirs/elixir-1.4.5/bin:/home/travis/.kiex/bin:/home/travis/gopath/bin:/home/travis/.gimme/versions/go1.7.4.linux.amd64/bin:/usr/local/phantomjs/bin:/usr/local/phantomjs:/usr/local/neo4j-3.2.7/bin:/usr/local/maven-3.5.2/bin:/usr/local/cmake-3.9.2/bin:/usr/local/clang-5.0.0/bin:/usr/local/sbin:/usr/local/bin:/usr/sbin:/usr/bin:/sbin:/bin:/home/travis/.phpenv/bin:/opt/pyenv/bin:/home/travis/.yarn/bin" />
    <property name="env.TRAVIS_OS_NAME" value="linux" />
    <property name="ant.java.version" value="1.8" />
    <property name="basedir" value="/home/travis/build/icyphy/ptII" />
    <property name="java.class.version" value="52.0" />
    <property name="env.SHLVL" value="3" />
    <property name="env.LD_LIBRARY_PATH" value="/home/travis/pthla/certi-tools/lib:/usr/lib/jni:/usr/local/share/OpenCV/java/:/usr/share/OpenCV/java:" />
    <property name="env.RACK_ENV" value="test" />
    <property name="ant.home" value="/home/travis/build/icyphy/ptII/ant" />
    <property name="env.PERLBREW_BASHRC_VERSION" value="0.80" />
    <property name="env.NVM_DIR" value="/home/travis/.nvm" />
    <property name="env.TRAVIS_BUILD_ID" value="489356772" />
    <property name="env.CERTI_FOM_PATH" value="/home/travis/pthla/certi-tools/share/federations" />
    <property name="env.PYENV_ROOT" value="/opt/pyenv" />
    <property name="env.TRAVIS_UID" value="2000" />
    <property name="env.rvm_pretty_print_flag" value="auto" />
    <property name="env.NVM_BIN" value="/home/travis/.nvm/versions/node/v7.10.1/bin" />
    <property name="env.TRAVIS_COMMIT" value="879f111b998daf2a28aa833b9629496c9080eaab" />
    <property name="env._system_arch" value="x86_64" />
    <property name="node.executable" value="node" />
    <property name="sun.boot.library.path" value="/usr/lib/jvm/java-8-oracle/jre/lib/amd64" />
    <property name="sun.management.compiler" value="HotSpot 64-Bit Tiered Compilers" />
    <property name="env.GOPATH" value="/home/travis/gopath" />
    <property name="java.awt.graphicsenv" value="sun.awt.X11GraphicsEnvironment" />
    <property name="ptolemy.ptII.dir" value="/home/travis/build/icyphy/ptII" />
    <property name="env.USER" value="travis" />
    <property name="env.HISTFILESIZE" value="2000" />
    <property name="timeout.longest" value="19000000" />
    <property name="env.TRAVIS_STACK_FEATURES" value="basic cassandra chromium couchdb disabled-ipv6 docker docker-compose elasticsearch firefox go-toolchain google-chrome jdk memcached mongodb mysql neo4j nodejs_interpreter perl_interpreter perlbrew phantomjs postgresql python_interpreter rabbitmq redis riak ruby_interpreter sqlite xserver" />
    <property name="env.TRAVIS_PULL_REQUEST" value="false" />
    <property name="env.PYENV_SHELL" value="bash" />
    <property name="ant.project.name" value="ptII" />
    <property name="java.vm.specification.version" value="1.8" />
    <property name="env.ANSI_RESET" value="\033[0m" />
    <property name="env.TRAVIS_DIST" value="trusty" />
    <property name="env.CERTI_VERSION" value="4.0.0" />
    <property name="env.NLSPATH" value="/usr/dt/lib/nls/msg/%L/%N.cat" />
    <property name="awt.toolkit" value="sun.awt.X11.XToolkit" />
    <property name="env.CERTI_HOST" value="localhost" />
    <property name="env.MY_RUBY_HOME" value="/home/travis/.rvm/rubies/ruby-2.4.1" />
    <property name="sun.cpu.isalist" value="" />
    <property name="env.TRAVIS_TMPDIR" value="/tmp/tmp.rHnMdIDrJ4" />
    <property name="java.ext.dirs" value="/usr/lib/jvm/java-8-oracle/jre/lib/ext:/usr/java/packages/lib/ext" />
    <property name="os.version" value="4.4.0-101-generic" />
    <property name="user.home" value="/home/travis" />
    <property name="env.MIX_ARCHIVES" value="/home/travis/.kiex/mix/elixir-1.4.5" />
    <property name="java.vm.vendor" value="Oracle Corporation" />
    <property name="env.TRAVIS_TAG" value="nightly" />
    <property name="env.ANSI_YELLOW" value="\033[33;1m" />
    <property name="env.TRAVIS_FILTERED" value="redirect_io" />
    <property name="env.ANSI_GREEN" value="\033[32;1m" />
    <property name="env.JAVA_HOME" value="/usr/lib/jvm/java-8-oracle" />
    <property name="env.PTII" value="/home/travis/build/icyphy/ptII" />
    <property name="javadoc.excludepackagenames" value="adm.cvs2svn.*,build.*,config.*,doc.coding.templates.*,jni.test.jni.meaningOfLife.*,jni.test.jni.testDeux.*,jni.test.jni.testTrois.*,org.terraswarm.accessor.accessors.web.node_modules.*,org.terraswarm.accessor.accessors.web.hosts.cordova.demo.*,org.terraswarm.accessor.accessors.web.hosts.cordova.plugins.*,org.terraswarm.accessor.accessors-svn.*,pt-modules.*,ptolemy.apps.agilent.*,ptolemy.apps.anytimecontrol.*,ptolemy.apps.apes.*,ptolemy.apps.charon.*,ptolemy.apps.crazyboard.*,ptolemy.apps.eclipse.*,ptolemy.apps.etherealSting.*,ptolemy.apps.fullscreen.*,ptolemy.apps.giotto.*,ptolemy.apps.ia.*,ptolemy.apps.interfaces.*,ptolemy.apps.jmf.*,ptolemy.apps.kurt.*,ptolemy.apps.kvm.*,ptolemy.apps.lego.*,ptolemy.apps.lejos.*,ptolemy.apps.midp.*,ptolemy.apps.mobileCoding.*,ptolemy.apps.pendulum.*,ptolemy.apps.rijndael.*,ptolemy.apps.robot.*,ptolemy.apps.security.*,ptolemy.apps.sobel.*,ptolemy.apps.soot.*,ptolemy.apps.throttle.*,ptolemy.apps.tini.*,ptolemy.apps.transmission.*,ptolemy.apps.vergil.*,ptolemy.apps.waba.*,ptolemy.apps.websensor.*,ptolemy.apps.webstart.*,ptolemy.apps.xsl.*,ptolemy.apps.zaurus.*,ptolemy.codegen.c.actor.lib.oldJavaFiles.*,ptolemy.codegen.dsp.lib.*,ptolemy.codegen.kernel.newInterfaces.*,ptolemy.codegen.lib.*,ptolemy.copernicus.kernel.fragment.*,ptolemy.copernicus.shallow.cg.*,ptolemy.domains.giotto.demo.Hierarchy.Hierarchy.*,ptolemy.domains.giotto.demo.Multimode.Multimode.*,ptolemy.domains.giotto.demo.Simple.Simple.*,ptolemy.domains.gr.lib.experimental.*,ptolemy.domains.gro.*,ptolemy.domains.pdf.*,ptolemy.domains.ptinyos.demo.Surge.output.*,ptolemy.moml.test.NoPackageActor.java*,ptolemy.plot.adm.*,ptolemy.plot.servlet.*,reports.*,signed.*,src.*,target.*,vendors.*,ptolemy.apps.eclipse.awt.*,ptolemy.backtrack.*,ptolemy.backtrack.ast.*,ptolemy.cg.adapter.generic.program.procedural.c.mbed*,ptolemy.homer.*,org.ptolemy.scala.*,diva.util.java2d.svg.*,ptolemy.domains.ptinyos.*,ptolemy.actor.lib.fmi.fmipp.*,,org.terraswarm.accessor.accessors.web.node_modules.*,org.terraswarm.accessor.accessors-svn,ptolemy.apps.*,ptolemy.actor.ptalon.demo.ptinyos.SendAndReceiveCnt.output,ptolemy.actor.ptalon.demo.ptinyos.SenseToLeds.output,ptolemy.domains.ptinyos.demo.CntToLedsAndRfm.output,ptolemy.domains.ptinyos.demo.RfmToLeds.output,ptolemy.domains.ptinyos.demo.SendAndReceiveCnt.output,ptolemy.domains.ptinyos.demo.SenseToLeds.output,ptolemy.actor.lib.jjs.modules.udpSocket.*" />
    <property name="env.TRAVIS_COMMIT_MESSAGE" value="Updated seating in DOP Center" />
    <property name="keystore" value="ptKeystore" />
    <property name="env.XDG_SESSION_ID" value="2" />
    <property name="junit.output.dir" value="/home/travis/build/icyphy/ptII/reports/junit" />
    <property name="npm.return.code" value="0" />
    <property name="user.dir" value="/home/travis/build/icyphy/ptII/ptolemy/actor/lib/test" />
    <property name="env.TRAVIS_NODE_VERSION" value="7" />
    <property name="env.XFILESEARCHPATH" value="/usr/dt/app-defaults/%L/Dt" />
    <property name="env.TRAVIS_EVENT_TYPE" value="cron" />
    <property name="env.MAIL" value="/var/mail/travis" />
    <property name="env.PWD" value="/home/travis/build/icyphy/ptII" />
    <property name="env.PERLBREW_ROOT" value="/home/travis/perl5/perlbrew" />
    <property name="timeout.npm" value="45000" />
    <property name="env.TRAVIS_ARCH" value="amd64" />
    <property name="env.PAGER" value="cat" />
    <property name="sun.cpu.endian" value="little" />
    <property name="env.TRAVIS_BUILD_STAGE_NAME" value="Test" />
    <property name="env.PERLBREW_HOME" value="/home/travis/.perlbrew" />
    <property name="env.RAILS_ENV" value="test" />
    <property name="java.vm.version" value="25.151-b12" />
    <property name="java.class.path" value="/home/travis/.ptolemyII:/home/travis/.ptolemyII/*:/home/travis/build/icyphy/ptII:/home/travis/build/icyphy/ptII/lib/bsh-2.0b4.jar:/home/travis/build/icyphy/ptII/lib/ptCal.jar:/home/travis/build/icyphy/ptII/lib/java_cup.jar:/home/travis/build/icyphy/ptII/lib/saxon8.jar:/home/travis/build/icyphy/ptII/lib/saxon8-dom.jar:/home/travis/build/icyphy/ptII/lib/chic.jar:/home/travis/build/icyphy/ptII/lib/ptcolt.jar:/usr/lib/jvm/java-8-oracle/lib/tools.jar:/home/travis/build/icyphy/ptII/vendors/misc/itext/iText.jar:/home/travis/build/icyphy/ptII/lib/g4ltl.jar:/home/travis/build/icyphy/ptII/lib/StructuralCoder.jar:/home/travis/build/icyphy/ptII/vendors/jai-1_1_2_01/lib/jai_core.jar:/home/travis/build/icyphy/ptII/vendors/jai-1_1_2_01/lib/jai_codec.jar:/home/travis/build/icyphy/ptII/lib/jcerti.jar:/home/travis/build/icyphy/ptII/lib/javax.mail.jar:/home/travis/build/icyphy/ptII/vendors/JMF-2.1.1e/lib/jmf.jar:/home/travis/build/icyphy/ptII/lib/jna-4.0.0-variadic.jar:/home/travis/build/icyphy/ptII/vendors/misc/joystick/Joystick.jar:/home/travis/build/icyphy/ptII/lib/ptjacl.jar:/home/travis/build/icyphy/ptII/lib/jsoup-1.8.2.jar:/home/travis/build/icyphy/ptII/lib/junit-4.8.2.jar:/home/travis/build/icyphy/ptII/lib/JUnitParams-0.4.0.jar:/home/travis/build/icyphy/ptII/ptolemy/actor/lib/excel/jxl.jar:/home/travis/build/icyphy/ptII/lib/jython.jar:/home/travis/build/icyphy/ptII/lib/kieler.jar:/home/travis/build/icyphy/ptII/vendors/opencv/share/OpenCV/java/opencv-341.jar:/home/travis/build/icyphy/ptII/lib/oscP5.jar:/home/travis/build/icyphy/ptII/lib/nrjavaserial-3.11.0.devel.jar:/home/travis/build/icyphy/ptII/vendors/j3d/lib/j3dcore.jar:/home/travis/build/icyphy/ptII/vendors/j3d/lib/j3dutils.jar:/home/travis/build/icyphy/ptII/vendors/j3d/lib/vecmath.jar:/home/travis/build/icyphy/ptII/ptolemy/distributed/jini/jar/jini-core.jar:/home/travis/build/icyphy/ptII/ptolemy/distributed/jini/jar/jini-ext.jar:/home/travis/build/icyphy/ptII/ptolemy/distributed/jini/jar/sun-util.jar:/home/travis/build/icyphy/ptII/lib/protobuf-java-2.4.1.jar:/home/travis/build/icyphy/ptII/lib/org.eclipse.paho.client.mqttv3.jar:/home/travis/build/icyphy/ptII/lib/mapss.jar:/home/travis/build/icyphy/ptII/ptolemy/actor/ptalon/antlr/antlr.jar:/home/travis/build/icyphy/ptII/lib/JRI.jar:/home/travis/build/icyphy/ptII/lib/commons-lang-2.6.jar:/home/travis/build/icyphy/ptII/lib/commons-logging-1.1.1.jar:/home/travis/build/icyphy/ptII/lib/sootclasses.jar:/home/travis/build/icyphy/ptII/ptolemy/actor/lib/database/mysql-connector-java-5.1.6-bin.jar:/home/travis/build/icyphy/ptII/vendors/misc/sphinx4/sphinx4-data-5prealpha.jar:/home/travis/build/icyphy/ptII/vendors/misc/sphinx4/sphinx4-core-5prealpha.jar:/home/travis/build/icyphy/ptII/lib/PDFRenderer.jar:/home/travis/build/icyphy/ptII/lib/svgSalamander.jar:/home/travis/build/icyphy/ptII/lib/rsyntaxtextarea-2.6.0-SNAPSHOT.jar:/home/travis/build/icyphy/ptII/lib/hazelcast-3.8.2.jar:/home/travis/build/icyphy/ptII/lib/jackson-annotations-2.9.0.jar:/home/travis/build/icyphy/ptII/lib/jackson-core-2.9.3.jar:/home/travis/build/icyphy/ptII/lib/jackson-databind-2.9.3.jar:/home/travis/build/icyphy/ptII/lib/netty-buffer-4.1.19.Final.jar:/home/travis/build/icyphy/ptII/lib/netty-codec-4.1.19.Final.jar:/home/travis/build/icyphy/ptII/lib/netty-codec-dns-4.1.19.Final.jar:/home/travis/build/icyphy/ptII/lib/netty-codec-http-4.1.19.Final.jar:/home/travis/build/icyphy/ptII/lib/netty-codec-http2-4.1.19.Final.jar:/home/travis/build/icyphy/ptII/lib/netty-common-4.1.19.Final.jar:/home/travis/build/icyphy/ptII/lib/netty-handler-4.1.19.Final.jar:/home/travis/build/icyphy/ptII/lib/netty-resolver-4.1.19.Final.jar:/home/travis/build/icyphy/ptII/lib/netty-resolver-dns-4.1.19.Final.jar:/home/travis/build/icyphy/ptII/lib/netty-transport-4.1.19.Final.jar:/home/travis/build/icyphy/ptII/lib/vertx-codegen-3.5.1.jar:/home/travis/build/icyphy/ptII/lib/vertx-core-3.5.2-SNAPSHOT.jar:/home/travis/build/icyphy/ptII/lib/vertx-hazelcast-3.5.1.jar:/home/travis/build/icyphy/ptII/lib/vertx-lang-js-3.5.1.jar:/home/travis/build/icyphy/ptII/lib/vertx-service-proxy-3.5.1.jar:/home/travis/build/icyphy/ptII/lib/vertx-web-3.5.1.jar:/home/travis/build/icyphy/ptII/lib/slf4j-api-1.7.13.jar:/home/travis/build/icyphy/ptII/lib/slf4j-simple-1.7.13.jar:/home/travis/build/icyphy/ptII/lib/webcam-capture-0.3.12.jar:/home/travis/build/icyphy/ptII/lib/bridj-0.7.0.jar:/home/travis/build/icyphy/ptII/lib/xbjlib-1.1.0.nrjavaserial.jar:/home/travis/build/icyphy/ptII/ptolemy/moml/test:/home/travis/build/icyphy/ptII/ant/lib/ant-launcher.jar:/home/travis/build/icyphy/ptII/ant/lib/ant.jar:/home/travis/build/icyphy/ptII/ant/lib/ant-junit.jar:/home/travis/build/icyphy/ptII/ant/lib/ant-junit4.jar" />
    <property name="ant.library.dir" value="/home/travis/build/icyphy/ptII/ant/lib" />
    <property name="os.arch" value="amd64" />
    <property name="env.TRAVIS_LANGUAGE" value="node_js" />
    <property name="env.CONTINUOUS_INTEGRATION" value="true" />
    <property name="env.TRAVIS_STACK_LANGUAGES" value="__garnet__ c c++ clojure cplusplus cpp default go groovy java node_js php pure_java python ruby scala" />
    <property name="test.name" value="ptolemy.actor.lib.test.junit.JUnitTclTest" />
    <property name="sun.java.launcher" value="SUN_STANDARD" />
    <property name="env.PYTHON_CONFIGURE_OPTS" value="--enable-unicode=ucs4 --with-wide-unicode --enable-shared --enable-ipv6 --enable-loadable-sqlite-extensions --with-computed-gotos" />
    <property name="ant.core.lib" value="/home/travis/build/icyphy/ptII/ant/lib/ant.jar" />
    <property name="java.vm.specification.vendor" value="Oracle Corporation" />
    <property name="env.BCVTB_HOME" value="/home/travis/build/icyphy/ptII/lbnl" />
    <property name="file.separator" value="/" />
    <property name="spotbugs.home" value="/home/travis/build/icyphy/ptII/vendors/spotbugs-3.1.1" />
    <property name="java.runtime.version" value="1.8.0_151-b12" />
    <property name="sun.boot.class.path" value="/usr/lib/jvm/java-8-oracle/jre/lib/resources.jar:/usr/lib/jvm/java-8-oracle/jre/lib/rt.jar:/usr/lib/jvm/java-8-oracle/jre/lib/sunrsasign.jar:/usr/lib/jvm/java-8-oracle/jre/lib/jsse.jar:/usr/lib/jvm/java-8-oracle/jre/lib/jce.jar:/usr/lib/jvm/java-8-oracle/jre/lib/charsets.jar:/usr/lib/jvm/java-8-oracle/jre/lib/jfr.jar:/usr/lib/jvm/java-8-oracle/jre/classes" />
    <property name="env.ANSI_CLEAR" value="\033[0K" />
    <property name="env.HAS_JOSH_K_SEAL_OF_APPROVAL" value="true" />
    <property name="env.XDG_RUNTIME_DIR" value="/run/user/2000" />
    <property name="env.TRAVIS_OSX_IMAGE" value="" />
    <property name="env.TRAVIS_BRANCH" value="master" />
    <property name="env.TRAVIS_JOB_ID" value="489356782" />
    <property name="user.country" value="US" />
    <property name="env.CERTI_HOME_TRAVIS" value="/home/travis/pthla/certi-tools" />
    <property name="env.SHELL" value="/bin/bash" />
    <property name="java.maxmemory.large" value="5000m" />
    <property name="model" value="" />
    <property name="env.CASHER_DIR" value="/home/travis/.casher" />
    <property name="env.NVM_CD_FLAGS" value="" />
    <property name="jshint.executable" value="/home/travis/node_modules/jshint/bin/jshint" />
    <property name="java.vendor" value="Oracle Corporation" />
    <property name="env.JRUBY_OPTS" value=" --client -J-XX:+TieredCompilation -J-XX:TieredStopAtLevel=1 -J-Xss2m -Xcompile.invokedynamic=false" />
    <property name="env.TRAVIS_PRE_CHEF_BOOTSTRAP_TIME" value="2017-12-05T19:32:55" />
    <property name="env.TRAVIS_STACK_JOB_BOARD_REGISTER" value="/.job-board-register.yml" />
    <property name="env.ELIXIR_VERSION" value="1.4.5" />
    <property name="env.ANSI_RED" value="\033[31;1m" />
    <property name="java.specification.version" value="1.8" />
    <property name="env.TRAVIS" value="true" />
    <property name="env.IRBRC" value="/home/travis/.rvm/rubies/ruby-2.4.1/.irbrc" />
    <property name="sun.arch.data.model" value="64" />
  </properties>
  <testcase classname="ptolemy.util.test.junit.TclTests" name="[0] /home/travis/build/icyphy/ptII/ptolemy/actor/lib/test/AbsoluteValue.tcl (RunTclFile)" time="0.476" />
  <testcase classname="ptolemy.util.test.junit.TclTests" name="[1] /home/travis/build/icyphy/ptII/ptolemy/actor/lib/test/AddSubtract.tcl (RunTclFile)" time="0.057" />
  <testcase classname="ptolemy.util.test.junit.TclTests" name="[2] /home/travis/build/icyphy/ptII/ptolemy/actor/lib/test/Average.tcl (RunTclFile)" time="0.05" />
  <testcase classname="ptolemy.util.test.junit.TclTests" name="[3] /home/travis/build/icyphy/ptII/ptolemy/actor/lib/test/Bernoulli.tcl (RunTclFile)" time="0.029" />
  <testcase classname="ptolemy.util.test.junit.TclTests" name="[4] /home/travis/build/icyphy/ptII/ptolemy/actor/lib/test/Clock.tcl (RunTclFile)" time="0.106" />
  <testcase classname="ptolemy.util.test.junit.TclTests" name="[5] /home/travis/build/icyphy/ptII/ptolemy/actor/lib/test/Commutator.tcl (RunTclFile)" time="0.107" />
  <testcase classname="ptolemy.util.test.junit.TclTests" name="[6] /home/travis/build/icyphy/ptII/ptolemy/actor/lib/test/Const.tcl (RunTclFile)" time="0.151" />
  <testcase classname="ptolemy.util.test.junit.TclTests" name="[7] /home/travis/build/icyphy/ptII/ptolemy/actor/lib/test/CurrentTime.tcl (RunTclFile)" time="0.04" />
  <testcase classname="ptolemy.util.test.junit.TclTests" name="[8] /home/travis/build/icyphy/ptII/ptolemy/actor/lib/test/DB.tcl (RunTclFile)" time="0.036" />
  <testcase classname="ptolemy.util.test.junit.TclTests" name="[9] /home/travis/build/icyphy/ptII/ptolemy/actor/lib/test/DiscreteRandomSource.tcl (RunTclFile)" time="0.043" />
  <testcase classname="ptolemy.util.test.junit.TclTests" name="[10] /home/travis/build/icyphy/ptII/ptolemy/actor/lib/test/Distributor.tcl (RunTclFile)" time="0.071" />
  <testcase classname="ptolemy.util.test.junit.TclTests" name="[11] /home/travis/build/icyphy/ptII/ptolemy/actor/lib/test/Exit.tcl (RunTclFile)" time="0.055" />
  <testcase classname="ptolemy.util.test.junit.TclTests" name="[12] /home/travis/build/icyphy/ptII/ptolemy/actor/lib/test/Expression.tcl (RunTclFile)" time="0.112" />
  <testcase classname="ptolemy.util.test.junit.TclTests" name="[13] /home/travis/build/icyphy/ptII/ptolemy/actor/lib/test/Gaussian.tcl (RunTclFile)" time="0.205" />
  <testcase classname="ptolemy.util.test.junit.TclTests" name="[14] /home/travis/build/icyphy/ptII/ptolemy/actor/lib/test/IIR.tcl (RunTclFile)" time="0.036" />
  <testcase classname="ptolemy.util.test.junit.TclTests" name="[15] /home/travis/build/icyphy/ptII/ptolemy/actor/lib/test/Interpolator.tcl (RunTclFile)" time="0.095" />
  <testcase classname="ptolemy.util.test.junit.TclTests" name="[16] /home/travis/build/icyphy/ptII/ptolemy/actor/lib/test/MathFunction.tcl (RunTclFile)" time="0.069" />
  <testcase classname="ptolemy.util.test.junit.TclTests" name="[17] /home/travis/build/icyphy/ptII/ptolemy/actor/lib/test/Maximum.tcl (RunTclFile)" time="0.037" />
  <testcase classname="ptolemy.util.test.junit.TclTests" name="[18] /home/travis/build/icyphy/ptII/ptolemy/actor/lib/test/Minimum.tcl (RunTclFile)" time="0.026" />
  <testcase classname="ptolemy.util.test.junit.TclTests" name="[19] /home/travis/build/icyphy/ptII/ptolemy/actor/lib/test/MultiplyDivide.tcl (RunTclFile)" time="0.039" />
  <testcase classname="ptolemy.util.test.junit.TclTests" name="[20] /home/travis/build/icyphy/ptII/ptolemy/actor/lib/test/OrderedMerge.tcl (RunTclFile)" time="0.119" />
  <testcase classname="ptolemy.util.test.junit.TclTests" name="[21] /home/travis/build/icyphy/ptII/ptolemy/actor/lib/test/Publisher.tcl (RunTclFile)" time="0.5" />
  <testcase classname="ptolemy.util.test.junit.TclTests" name="[22] /home/travis/build/icyphy/ptII/ptolemy/actor/lib/test/Pulse.tcl (RunTclFile)" time="0.051" />
  <testcase classname="ptolemy.util.test.junit.TclTests" name="[23] /home/travis/build/icyphy/ptII/ptolemy/actor/lib/test/Ramp.tcl (RunTclFile)" time="1.86" />
  <testcase classname="ptolemy.util.test.junit.TclTests" name="[24] /home/travis/build/icyphy/ptII/ptolemy/actor/lib/test/RampContinuous.tcl (RunTclFile)" time="0.018" />
  <testcase classname="ptolemy.util.test.junit.TclTests" name="[25] /home/travis/build/icyphy/ptII/ptolemy/actor/lib/test/RecordAssembler.tcl (RunTclFile)" time="0.018" />
  <testcase classname="ptolemy.util.test.junit.TclTests" name="[26] /home/travis/build/icyphy/ptII/ptolemy/actor/lib/test/RecordDisassembler.tcl (RunTclFile)" time="0.027" />
  <testcase classname="ptolemy.util.test.junit.TclTests" name="[27] /home/travis/build/icyphy/ptII/ptolemy/actor/lib/test/Scale.tcl (RunTclFile)" time="0.027" />
  <testcase classname="ptolemy.util.test.junit.TclTests" name="[28] /home/travis/build/icyphy/ptII/ptolemy/actor/lib/test/SequentialClock.tcl (RunTclFile)" time="0.017" />
  <testcase classname="ptolemy.util.test.junit.TclTests" name="[29] /home/travis/build/icyphy/ptII/ptolemy/actor/lib/test/SetVariable.tcl (RunTclFile)" time="0.016" />
  <testcase classname="ptolemy.util.test.junit.TclTests" name="[30] /home/travis/build/icyphy/ptII/ptolemy/actor/lib/test/Sinewave.tcl (RunTclFile)" time="0.062" />
  <testcase classname="ptolemy.util.test.junit.TclTests" name="[31] /home/travis/build/icyphy/ptII/ptolemy/actor/lib/test/SubscriptionAggregator.tcl (RunTclFile)" time="2.024" />
  <testcase classname="ptolemy.util.test.junit.TclTests" name="[32] /home/travis/build/icyphy/ptII/ptolemy/actor/lib/test/Test.tcl (RunTclFile)" time="0.096" />
  <testcase classname="ptolemy.util.test.junit.TclTests" name="[33] /home/travis/build/icyphy/ptII/ptolemy/actor/lib/test/TestExceptionHandler.tcl (RunTclFile)" time="0.009" />
  <testcase classname="ptolemy.util.test.junit.TclTests" name="[34] /home/travis/build/icyphy/ptII/ptolemy/actor/lib/test/UnionDisassembler.tcl (RunTclFile)" time="0.06" />
  <testcase classname="ptolemy.util.test.junit.TclTests" name="[35] /home/travis/build/icyphy/ptII/ptolemy/actor/lib/test/VariableClock.tcl (RunTclFile)" time="0.019" />
  <testcase classname="ptolemy.util.test.junit.AutoKnownFailedTests" name="[0] /home/travis/build/icyphy/ptII/ptolemy/actor/lib/test/auto/knownFailedTests/PublisherPortToplevelSubscriber.xml (RunModel)" time="0.018" />
  <testcase classname="ptolemy.util.test.junit.AutoKnownFailedTests" name="[1] /home/travis/build/icyphy/ptII/ptolemy/actor/lib/test/auto/knownFailedTests/PublisherSubscriberPortToplevel.xml (RunModel)" time="0.023" />
  <testcase classname="ptolemy.util.test.junit.AutoKnownFailedTests" name="[2] /home/travis/build/icyphy/ptII/ptolemy/actor/lib/test/auto/knownFailedTests/PublisherSubscriptionAggregatorPort.xml (RunModel)" time="0.03" />
  <testcase classname="ptolemy.util.test.junit.AutoKnownFailedTests" name="[3] /home/travis/build/icyphy/ptII/ptolemy/actor/lib/test/auto/knownFailedTests/sizedarray3.xml (RunModel)" time="0.029" />
  <testcase classname="ptolemy.util.test.junit.AutoNameArchTests" name="[0] ThereAreNoAutoArchTests (RunModel)" time="0.003" />
  <testcase classname="ptolemy.util.test.junit.AutoTests" name="[0] /home/travis/build/icyphy/ptII/ptolemy/actor/lib/test/auto/AbsoluteValue.xml (RunModel)" time="0.084" />
  <testcase classname="ptolemy.util.test.junit.AutoTests" name="[1] /home/travis/build/icyphy/ptII/ptolemy/actor/lib/test/auto/AbsoluteValue2.xml (RunModel)" time="0.037" />
  <testcase classname="ptolemy.util.test.junit.AutoTests" name="[2] /home/travis/build/icyphy/ptII/ptolemy/actor/lib/test/auto/Accumulator.xml (RunModel)" time="0.065" />
  <testcase classname="ptolemy.util.test.junit.AutoTests" name="[3] /home/travis/build/icyphy/ptII/ptolemy/actor/lib/test/auto/Accumulator2.xml (RunModel)" time="0.05" />
  <testcase classname="ptolemy.util.test.junit.AutoTests" name="[4] /home/travis/build/icyphy/ptII/ptolemy/actor/lib/test/auto/Accumulator3.xml (RunModel)" time="0.024" />
  <testcase classname="ptolemy.util.test.junit.AutoTests" name="[5] /home/travis/build/icyphy/ptII/ptolemy/actor/lib/test/auto/ArrayAppend.xml (RunModel)" time="0.026" />
  <testcase classname="ptolemy.util.test.junit.AutoTests" name="[6] /home/travis/build/icyphy/ptII/ptolemy/actor/lib/test/auto/ArrayAppend2.xml (RunModel)" time="0.393" />
  <testcase classname="ptolemy.util.test.junit.AutoTests" name="[7] /home/travis/build/icyphy/ptII/ptolemy/actor/lib/test/auto/ArrayAppend3.xml (RunModel)" time="0.02" />
  <testcase classname="ptolemy.util.test.junit.AutoTests" name="[8] /home/travis/build/icyphy/ptII/ptolemy/actor/lib/test/auto/ArrayAppend4.xml (RunModel)" time="0.021" />
  <testcase classname="ptolemy.util.test.junit.AutoTests" name="[9] /home/travis/build/icyphy/ptII/ptolemy/actor/lib/test/auto/ArrayAppend5.xml (RunModel)" time="0.094" />
  <testcase classname="ptolemy.util.test.junit.AutoTests" name="[10] /home/travis/build/icyphy/ptII/ptolemy/actor/lib/test/auto/ArrayAppend6.xml (RunModel)" time="0.024" />
  <testcase classname="ptolemy.util.test.junit.AutoTests" name="[11] /home/travis/build/icyphy/ptII/ptolemy/actor/lib/test/auto/ArrayAppendPerformanceTest.xml (RunModel)" time="0.052" />
  <testcase classname="ptolemy.util.test.junit.AutoTests" name="[12] /home/travis/build/icyphy/ptII/ptolemy/actor/lib/test/auto/ArrayAppendWithEmptyInput.xml (RunModel)" time="0.033" />
  <testcase classname="ptolemy.util.test.junit.AutoTests" name="[13] /home/travis/build/icyphy/ptII/ptolemy/actor/lib/test/auto/ArrayAverage.xml (RunModel)" time="0.067" />
  <testcase classname="ptolemy.util.test.junit.AutoTests" name="[14] /home/travis/build/icyphy/ptII/ptolemy/actor/lib/test/auto/ArrayContains.xml (RunModel)" time="0.031" />
  <testcase classname="ptolemy.util.test.junit.AutoTests" name="[15] /home/travis/build/icyphy/ptII/ptolemy/actor/lib/test/auto/ArrayElement.xml (RunModel)" time="0.037" />
  <testcase classname="ptolemy.util.test.junit.AutoTests" name="[16] /home/travis/build/icyphy/ptII/ptolemy/actor/lib/test/auto/ArrayElementAsMatrix.xml (RunModel)" time="0.057" />
  <testcase classname="ptolemy.util.test.junit.AutoTests" name="[17] /home/travis/build/icyphy/ptII/ptolemy/actor/lib/test/auto/ArrayElementI.xml (RunModel)" time="0.011" />
  <testcase classname="ptolemy.util.test.junit.AutoTests" name="[18] /home/travis/build/icyphy/ptII/ptolemy/actor/lib/test/auto/ArrayExtract.xml (RunModel)" time="0.019" />
  <testcase classname="ptolemy.util.test.junit.AutoTests" name="[19] /home/travis/build/icyphy/ptII/ptolemy/actor/lib/test/auto/ArrayExtract2.xml (RunModel)" time="0.016" />
  <testcase classname="ptolemy.util.test.junit.AutoTests" name="[20] /home/travis/build/icyphy/ptII/ptolemy/actor/lib/test/auto/ArrayLength.xml (RunModel)" time="0.012" />
  <testcase classname="ptolemy.util.test.junit.AutoTests" name="[21] /home/travis/build/icyphy/ptII/ptolemy/actor/lib/test/auto/ArrayLevelCrossing.xml (RunModel)" time="0.03" />
  <testcase classname="ptolemy.util.test.junit.AutoTests" name="[22] /home/travis/build/icyphy/ptII/ptolemy/actor/lib/test/auto/ArrayLevelCrossing2.xml (RunModel)" time="0.025" />
  <testcase classname="ptolemy.util.test.junit.AutoTests" name="[23] /home/travis/build/icyphy/ptII/ptolemy/actor/lib/test/auto/ArrayPeakSearch.xml (RunModel)" time="0.056" />
  <testcase classname="ptolemy.util.test.junit.AutoTests" name="[24] /home/travis/build/icyphy/ptII/ptolemy/actor/lib/test/auto/ArrayPeakSearch2.xml (RunModel)" time="0.042" />
  <testcase classname="ptolemy.util.test.junit.AutoTests" name="[25] /home/travis/build/icyphy/ptII/ptolemy/actor/lib/test/auto/ArrayPeakSearch3.xml (RunModel)" time="0.033" />
  <testcase classname="ptolemy.util.test.junit.AutoTests" name="[26] /home/travis/build/icyphy/ptII/ptolemy/actor/lib/test/auto/ArrayRemoveElement.xml (RunModel)" time="0.028" />
  <testcase classname="ptolemy.util.test.junit.AutoTests" name="[27] /home/travis/build/icyphy/ptII/ptolemy/actor/lib/test/auto/ArraySort.xml (RunModel)" time="0.038" />
  <testcase classname="ptolemy.util.test.junit.AutoTests" name="[28] /home/travis/build/icyphy/ptII/ptolemy/actor/lib/test/auto/ArraySum.xml (RunModel)" time="0.019" />
  <testcase classname="ptolemy.util.test.junit.AutoTests" name="[29] /home/travis/build/icyphy/ptII/ptolemy/actor/lib/test/auto/ArrayToElements.xml (RunModel)" time="0.016" />
  <testcase classname="ptolemy.util.test.junit.AutoTests" name="[30] /home/travis/build/icyphy/ptII/ptolemy/actor/lib/test/auto/ArrayToMatrix.xml (RunModel)" time="0.051" />
  <testcase classname="ptolemy.util.test.junit.AutoTests" name="[31] /home/travis/build/icyphy/ptII/ptolemy/actor/lib/test/auto/ArrayUpdate1.xml (RunModel)" time="0.017" />
  <testcase classname="ptolemy.util.test.junit.AutoTests" name="[32] /home/travis/build/icyphy/ptII/ptolemy/actor/lib/test/auto/ArrayUpdate2.xml (RunModel)" time="0.022" />
  <testcase classname="ptolemy.util.test.junit.AutoTests" name="[33] /home/travis/build/icyphy/ptII/ptolemy/actor/lib/test/auto/ArrayUpdate3.xml (RunModel)" time="0.01" />
  <testcase classname="ptolemy.util.test.junit.AutoTests" name="[34] /home/travis/build/icyphy/ptII/ptolemy/actor/lib/test/auto/Assert1.xml (RunModel)" time="0.028" />
  <testcase classname="ptolemy.util.test.junit.AutoTests" name="[35] /home/travis/build/icyphy/ptII/ptolemy/actor/lib/test/auto/Assert2.xml (RunModel)" time="0.024" />
  <testcase classname="ptolemy.util.test.junit.AutoTests" name="[36] /home/travis/build/icyphy/ptII/ptolemy/actor/lib/test/auto/BooleanMultiplexor.xml (RunModel)" time="0.018" />
  <testcase classname="ptolemy.util.test.junit.AutoTests" name="[37] /home/travis/build/icyphy/ptII/ptolemy/actor/lib/test/auto/BooleanMultiplexor2.xml (RunModel)" time="0.03" />
  <testcase classname="ptolemy.util.test.junit.AutoTests" name="[38] /home/travis/build/icyphy/ptII/ptolemy/actor/lib/test/auto/BooleanMultiplexor3.xml (RunModel)" time="0.033" />
  <testcase classname="ptolemy.util.test.junit.AutoTests" name="[39] /home/travis/build/icyphy/ptII/ptolemy/actor/lib/test/auto/BooleanSelect.xml (RunModel)" time="0.017" />
  <testcase classname="ptolemy.util.test.junit.AutoTests" name="[40] /home/travis/build/icyphy/ptII/ptolemy/actor/lib/test/auto/BooleanSelect2.xml (RunModel)" time="0.013" />
  <testcase classname="ptolemy.util.test.junit.AutoTests" name="[41] /home/travis/build/icyphy/ptII/ptolemy/actor/lib/test/auto/BooleanSwitch.xml (RunModel)" time="0.017" />
  <testcase classname="ptolemy.util.test.junit.AutoTests" name="[42] /home/travis/build/icyphy/ptII/ptolemy/actor/lib/test/auto/BooleanSwitch2.xml (RunModel)" time="0.011" />
  <testcase classname="ptolemy.util.test.junit.AutoTests" name="[43] /home/travis/build/icyphy/ptII/ptolemy/actor/lib/test/auto/BooleanSwitchCloningBugWithClassRelationGroup.xml (RunModel)" time="0.02" />
  <testcase classname="ptolemy.util.test.junit.AutoTests" name="[44] /home/travis/build/icyphy/ptII/ptolemy/actor/lib/test/auto/BusActors.xml (RunModel)" time="0.069" />
  <testcase classname="ptolemy.util.test.junit.AutoTests" name="[45] /home/travis/build/icyphy/ptII/ptolemy/actor/lib/test/auto/ClassWrapper.xml (RunModel)" time="0.009" />
  <testcase classname="ptolemy.util.test.junit.AutoTests" name="[46] /home/travis/build/icyphy/ptII/ptolemy/actor/lib/test/auto/Clock.xml (RunModel)" time="0.007" />
  <testcase classname="ptolemy.util.test.junit.AutoTests" name="[47] /home/travis/build/icyphy/ptII/ptolemy/actor/lib/test/auto/Clock10.xml (RunModel)" time="0.014" />
  <testcase classname="ptolemy.util.test.junit.AutoTests" name="[48] /home/travis/build/icyphy/ptII/ptolemy/actor/lib/test/auto/Clock11.xml (RunModel)" time="0.011" />
  <testcase classname="ptolemy.util.test.junit.AutoTests" name="[49] /home/travis/build/icyphy/ptII/ptolemy/actor/lib/test/auto/Clock12.xml (RunModel)" time="0.012" />
  <testcase classname="ptolemy.util.test.junit.AutoTests" name="[50] /home/travis/build/icyphy/ptII/ptolemy/actor/lib/test/auto/Clock13.xml (RunModel)" time="0.012" />
  <testcase classname="ptolemy.util.test.junit.AutoTests" name="[51] /home/travis/build/icyphy/ptII/ptolemy/actor/lib/test/auto/Clock14.xml (RunModel)" time="0.015" />
  <testcase classname="ptolemy.util.test.junit.AutoTests" name="[52] /home/travis/build/icyphy/ptII/ptolemy/actor/lib/test/auto/Clock15.xml (RunModel)" time="0.017" />
  <testcase classname="ptolemy.util.test.junit.AutoTests" name="[53] /home/travis/build/icyphy/ptII/ptolemy/actor/lib/test/auto/Clock16.xml (RunModel)" time="0.078" />
  <testcase classname="ptolemy.util.test.junit.AutoTests" name="[54] /home/travis/build/icyphy/ptII/ptolemy/actor/lib/test/auto/Clock17.xml (RunModel)" time="0.064" />
  <testcase classname="ptolemy.util.test.junit.AutoTests" name="[55] /home/travis/build/icyphy/ptII/ptolemy/actor/lib/test/auto/Clock18.xml (RunModel)" time="0.034" />
  <testcase classname="ptolemy.util.test.junit.AutoTests" name="[56] /home/travis/build/icyphy/ptII/ptolemy/actor/lib/test/auto/Clock19.xml (RunModel)" time="0.038" />
  <testcase classname="ptolemy.util.test.junit.AutoTests" name="[57] /home/travis/build/icyphy/ptII/ptolemy/actor/lib/test/auto/Clock2.xml (RunModel)" time="0.015" />
  <testcase classname="ptolemy.util.test.junit.AutoTests" name="[58] /home/travis/build/icyphy/ptII/ptolemy/actor/lib/test/auto/Clock20.xml (RunModel)" time="0.024" />
  <testcase classname="ptolemy.util.test.junit.AutoTests" name="[59] /home/travis/build/icyphy/ptII/ptolemy/actor/lib/test/auto/Clock21.xml (RunModel)" time="0.015" />
  <testcase classname="ptolemy.util.test.junit.AutoTests" name="[60] /home/travis/build/icyphy/ptII/ptolemy/actor/lib/test/auto/Clock22.xml (RunModel)" time="0.015" />
  <testcase classname="ptolemy.util.test.junit.AutoTests" name="[61] /home/travis/build/icyphy/ptII/ptolemy/actor/lib/test/auto/Clock23.xml (RunModel)" time="0.017" />
  <testcase classname="ptolemy.util.test.junit.AutoTests" name="[62] /home/travis/build/icyphy/ptII/ptolemy/actor/lib/test/auto/Clock24.xml (RunModel)" time="0.014" />
  <testcase classname="ptolemy.util.test.junit.AutoTests" name="[63] /home/travis/build/icyphy/ptII/ptolemy/actor/lib/test/auto/Clock4.xml (RunModel)" time="0.015" />
  <testcase classname="ptolemy.util.test.junit.AutoTests" name="[64] /home/travis/build/icyphy/ptII/ptolemy/actor/lib/test/auto/Clock5.xml (RunModel)" time="0.011" />
  <testcase classname="ptolemy.util.test.junit.AutoTests" name="[65] /home/travis/build/icyphy/ptII/ptolemy/actor/lib/test/auto/Clock6.xml (RunModel)" time="0.009" />
  <testcase classname="ptolemy.util.test.junit.AutoTests" name="[66] /home/travis/build/icyphy/ptII/ptolemy/actor/lib/test/auto/Clock7.xml (RunModel)" time="0.008" />
  <testcase classname="ptolemy.util.test.junit.AutoTests" name="[67] /home/travis/build/icyphy/ptII/ptolemy/actor/lib/test/auto/Clock8.xml (RunModel)" time="0.015" />
  <testcase classname="ptolemy.util.test.junit.AutoTests" name="[68] /home/travis/build/icyphy/ptII/ptolemy/actor/lib/test/auto/Clock9.xml (RunModel)" time="0.015" />
  <testcase classname="ptolemy.util.test.junit.AutoTests" name="[69] /home/travis/build/icyphy/ptII/ptolemy/actor/lib/test/auto/CommDistDiscard.xml (RunModel)" time="0.019" />
  <testcase classname="ptolemy.util.test.junit.AutoTests" name="[70] /home/travis/build/icyphy/ptII/ptolemy/actor/lib/test/auto/Commutator.xml (RunModel)" time="0.013" />
  <testcase classname="ptolemy.util.test.junit.AutoTests" name="[71] /home/travis/build/icyphy/ptII/ptolemy/actor/lib/test/auto/Commutator2.xml (RunModel)" time="0.009" />
  <testcase classname="ptolemy.util.test.junit.AutoTests" name="[72] /home/travis/build/icyphy/ptII/ptolemy/actor/lib/test/auto/Commutator3.xml (RunModel)" time="0.009" />
  <testcase classname="ptolemy.util.test.junit.AutoTests" name="[73] /home/travis/build/icyphy/ptII/ptolemy/actor/lib/test/auto/Compare.xml (RunModel)" time="0.019" />
  <testcase classname="ptolemy.util.test.junit.AutoTests" name="[74] /home/travis/build/icyphy/ptII/ptolemy/actor/lib/test/auto/CompareDE.xml (RunModel)" time="0.016" />
  <testcase classname="ptolemy.util.test.junit.AutoTests" name="[75] /home/travis/build/icyphy/ptII/ptolemy/actor/lib/test/auto/ComplexDivide.xml (RunModel)" time="0.007" />
  <testcase classname="ptolemy.util.test.junit.AutoTests" name="[76] /home/travis/build/icyphy/ptII/ptolemy/actor/lib/test/auto/ComputeHistogram.xml (RunModel)" time="0.067" />
  <testcase classname="ptolemy.util.test.junit.AutoTests" name="[77] /home/travis/build/icyphy/ptII/ptolemy/actor/lib/test/auto/ConfigurationSelect.xml (RunModel)" time="0.017" />
  <testcase classname="ptolemy.util.test.junit.AutoTests" name="[78] /home/travis/build/icyphy/ptII/ptolemy/actor/lib/test/auto/ConfigurationSelect2.xml (RunModel)" time="0.012" />
  <testcase classname="ptolemy.util.test.junit.AutoTests" name="[79] /home/travis/build/icyphy/ptII/ptolemy/actor/lib/test/auto/ConfigurationSwitch.xml (RunModel)" time="0.018" />
  <testcase classname="ptolemy.util.test.junit.AutoTests" name="[80] /home/travis/build/icyphy/ptII/ptolemy/actor/lib/test/auto/ConfigurationSwitch2.xml (RunModel)" time="0.016" />
  <testcase classname="ptolemy.util.test.junit.AutoTests" name="[81] /home/travis/build/icyphy/ptII/ptolemy/actor/lib/test/auto/ConfigurationSwitchCloningBugWithClassRelationGroup.xml (RunModel)" time="0.016" />
  <testcase classname="ptolemy.util.test.junit.AutoTests" name="[82] /home/travis/build/icyphy/ptII/ptolemy/actor/lib/test/auto/ConfigurationSwitchSelectSDF.xml (RunModel)" time="0.013" />
  <testcase classname="ptolemy.util.test.junit.AutoTests" name="[83] /home/travis/build/icyphy/ptII/ptolemy/actor/lib/test/auto/ConfigurationSwitchSelectSDF2.xml (RunModel)" time="0.013" />
  <testcase classname="ptolemy.util.test.junit.AutoTests" name="[84] /home/travis/build/icyphy/ptII/ptolemy/actor/lib/test/auto/Const.xml (RunModel)" time="0.007" />
  <testcase classname="ptolemy.util.test.junit.AutoTests" name="[85] /home/travis/build/icyphy/ptII/ptolemy/actor/lib/test/auto/Const2.xml (RunModel)" time="0.009" />
  <testcase classname="ptolemy.util.test.junit.AutoTests" name="[86] /home/travis/build/icyphy/ptII/ptolemy/actor/lib/test/auto/Const3.xml (RunModel)" time="0.005" />
  <testcase classname="ptolemy.util.test.junit.AutoTests" name="[87] /home/travis/build/icyphy/ptII/ptolemy/actor/lib/test/auto/ConstantPublisherPort1.xml (RunModel)" time="0.019" />
  <testcase classname="ptolemy.util.test.junit.AutoTests" name="[88] /home/travis/build/icyphy/ptII/ptolemy/actor/lib/test/auto/ConstantPublisherPort2.xml (RunModel)" time="0.016" />
  <testcase classname="ptolemy.util.test.junit.AutoTests" name="[89] /home/travis/build/icyphy/ptII/ptolemy/actor/lib/test/auto/ConstantPublisherPort3.xml (RunModel)" time="0.024" />
  <testcase classname="ptolemy.util.test.junit.AutoTests" name="[90] /home/travis/build/icyphy/ptII/ptolemy/actor/lib/test/auto/ConstantPublisherPort4.xml (RunModel)" time="0.016" />
  <testcase classname="ptolemy.util.test.junit.AutoTests" name="[91] /home/travis/build/icyphy/ptII/ptolemy/actor/lib/test/auto/ConstantPublisherPort5.xml (RunModel)" time="0.047" />
  <testcase classname="ptolemy.util.test.junit.AutoTests" name="[92] /home/travis/build/icyphy/ptII/ptolemy/actor/lib/test/auto/ConstantPublisherPort6.xml (RunModel)" time="0.032" />
  <testcase classname="ptolemy.util.test.junit.AutoTests" name="[93] /home/travis/build/icyphy/ptII/ptolemy/actor/lib/test/auto/ConstantPublisherPort7.xml (RunModel)" time="0.036" />
  <testcase classname="ptolemy.util.test.junit.AutoTests" name="[94] /home/travis/build/icyphy/ptII/ptolemy/actor/lib/test/auto/ConstraintMonitor1.xml (RunModel)" time="0.036" />
  <testcase classname="ptolemy.util.test.junit.AutoTests" name="[95] /home/travis/build/icyphy/ptII/ptolemy/actor/lib/test/auto/ConstraintMonitor2.xml (RunModel)" time="0.009" />
  <testcase classname="ptolemy.util.test.junit.AutoTests" name="[96] /home/travis/build/icyphy/ptII/ptolemy/actor/lib/test/auto/ConstraintMonitor3.xml (RunModel)" time="0.016" />
  <testcase classname="ptolemy.util.test.junit.AutoTests" name="[97] /home/travis/build/icyphy/ptII/ptolemy/actor/lib/test/auto/ConstraintMonitor4.xml (RunModel)" time="0.01" />
  <testcase classname="ptolemy.util.test.junit.AutoTests" name="[98] /home/travis/build/icyphy/ptII/ptolemy/actor/lib/test/auto/ConstraintMonitor5.xml (RunModel)" time="0.044" />
  <testcase classname="ptolemy.util.test.junit.AutoTests" name="[99] /home/travis/build/icyphy/ptII/ptolemy/actor/lib/test/auto/ConstraintMonitor6.xml (RunModel)" time="0.011" />
  <testcase classname="ptolemy.util.test.junit.AutoTests" name="[100] /home/travis/build/icyphy/ptII/ptolemy/actor/lib/test/auto/ConstraintMonitor7.xml (RunModel)" time="0.02" />
  <testcase classname="ptolemy.util.test.junit.AutoTests" name="[101] /home/travis/build/icyphy/ptII/ptolemy/actor/lib/test/auto/ConstraintMonitor8.xml (RunModel)" time="0.018" />
  <testcase classname="ptolemy.util.test.junit.AutoTests" name="[102] /home/travis/build/icyphy/ptII/ptolemy/actor/lib/test/auto/Counter.xml (RunModel)" time="0.009" />
  <testcase classname="ptolemy.util.test.junit.AutoTests" name="[103] /home/travis/build/icyphy/ptII/ptolemy/actor/lib/test/auto/CurrentTimeSDF.xml (RunModel)" time="0.007" />
  <testcase classname="ptolemy.util.test.junit.AutoTests" name="[104] /home/travis/build/icyphy/ptII/ptolemy/actor/lib/test/auto/DB.xml (RunModel)" time="0.009" />
  <testcase classname="ptolemy.util.test.junit.AutoTests" name="[105] /home/travis/build/icyphy/ptII/ptolemy/actor/lib/test/auto/DBDE.xml (RunModel)" time="0.011" />
  <testcase classname="ptolemy.util.test.junit.AutoTests" name="[106] /home/travis/build/icyphy/ptII/ptolemy/actor/lib/test/auto/DateConstructor.xml (RunModel)" time="0.041" />
  <testcase classname="ptolemy.util.test.junit.AutoTests" name="[107] /home/travis/build/icyphy/ptII/ptolemy/actor/lib/test/auto/DelayTime.xml (RunModel)" time="0.011" />
  <testcase classname="ptolemy.util.test.junit.AutoTests" name="[108] /home/travis/build/icyphy/ptII/ptolemy/actor/lib/test/auto/Dictionary1.xml (RunModel)" time="0.013" />
  <testcase classname="ptolemy.util.test.junit.AutoTests" name="[109] /home/travis/build/icyphy/ptII/ptolemy/actor/lib/test/auto/Dictionary2.xml (RunModel)" time="0.012" />
  <testcase classname="ptolemy.util.test.junit.AutoTests" name="[110] /home/travis/build/icyphy/ptII/ptolemy/actor/lib/test/auto/Dictionary3.xml (RunModel)" time="0.01" />
  <testcase classname="ptolemy.util.test.junit.AutoTests" name="[111] /home/travis/build/icyphy/ptII/ptolemy/actor/lib/test/auto/Dictionary4.xml (RunModel)" time="0.014" />
  <testcase classname="ptolemy.util.test.junit.AutoTests" name="[112] /home/travis/build/icyphy/ptII/ptolemy/actor/lib/test/auto/Differential.xml (RunModel)" time="0.009" />
  <testcase classname="ptolemy.util.test.junit.AutoTests" name="[113] /home/travis/build/icyphy/ptII/ptolemy/actor/lib/test/auto/Director.xml (RunModel)" time="0.008" />
  <testcase classname="ptolemy.util.test.junit.AutoTests" name="[114] /home/travis/build/icyphy/ptII/ptolemy/actor/lib/test/auto/DiscreteClock.xml (RunModel)" time="0.007" />
  <testcase classname="ptolemy.util.test.junit.AutoTests" name="[115] /home/travis/build/icyphy/ptII/ptolemy/actor/lib/test/auto/DiscreteClock10.xml (RunModel)" time="0.01" />
  <testcase classname="ptolemy.util.test.junit.AutoTests" name="[116] /home/travis/build/icyphy/ptII/ptolemy/actor/lib/test/auto/DiscreteClock11.xml (RunModel)" time="0.01" />
  <testcase classname="ptolemy.util.test.junit.AutoTests" name="[117] /home/travis/build/icyphy/ptII/ptolemy/actor/lib/test/auto/DiscreteClock12.xml (RunModel)" time="0.011" />
  <testcase classname="ptolemy.util.test.junit.AutoTests" name="[118] /home/travis/build/icyphy/ptII/ptolemy/actor/lib/test/auto/DiscreteClock13.xml (RunModel)" time="0.015" />
  <testcase classname="ptolemy.util.test.junit.AutoTests" name="[119] /home/travis/build/icyphy/ptII/ptolemy/actor/lib/test/auto/DiscreteClock14.xml (RunModel)" time="0.014" />
  <testcase classname="ptolemy.util.test.junit.AutoTests" name="[120] /home/travis/build/icyphy/ptII/ptolemy/actor/lib/test/auto/DiscreteClock15.xml (RunModel)" time="0.011" />
  <testcase classname="ptolemy.util.test.junit.AutoTests" name="[121] /home/travis/build/icyphy/ptII/ptolemy/actor/lib/test/auto/DiscreteClock16.xml (RunModel)" time="0.031" />
  <testcase classname="ptolemy.util.test.junit.AutoTests" name="[122] /home/travis/build/icyphy/ptII/ptolemy/actor/lib/test/auto/DiscreteClock17.xml (RunModel)" time="0.041" />
  <testcase classname="ptolemy.util.test.junit.AutoTests" name="[123] /home/travis/build/icyphy/ptII/ptolemy/actor/lib/test/auto/DiscreteClock18.xml (RunModel)" time="0.046" />
  <testcase classname="ptolemy.util.test.junit.AutoTests" name="[124] /home/travis/build/icyphy/ptII/ptolemy/actor/lib/test/auto/DiscreteClock19.xml (RunModel)" time="0.044" />
  <testcase classname="ptolemy.util.test.junit.AutoTests" name="[125] /home/travis/build/icyphy/ptII/ptolemy/actor/lib/test/auto/DiscreteClock2.xml (RunModel)" time="0.016" />
  <testcase classname="ptolemy.util.test.junit.AutoTests" name="[126] /home/travis/build/icyphy/ptII/ptolemy/actor/lib/test/auto/DiscreteClock20.xml (RunModel)" time="0.021" />
  <testcase classname="ptolemy.util.test.junit.AutoTests" name="[127] /home/travis/build/icyphy/ptII/ptolemy/actor/lib/test/auto/DiscreteClock21.xml (RunModel)" time="0.018" />
  <testcase classname="ptolemy.util.test.junit.AutoTests" name="[128] /home/travis/build/icyphy/ptII/ptolemy/actor/lib/test/auto/DiscreteClock22.xml (RunModel)" time="0.631" />
  <testcase classname="ptolemy.util.test.junit.AutoTests" name="[129] /home/travis/build/icyphy/ptII/ptolemy/actor/lib/test/auto/DiscreteClock23.xml (RunModel)" time="0.021" />
  <testcase classname="ptolemy.util.test.junit.AutoTests" name="[130] /home/travis/build/icyphy/ptII/ptolemy/actor/lib/test/auto/DiscreteClock24.xml (RunModel)" time="0.013" />
  <testcase classname="ptolemy.util.test.junit.AutoTests" name="[131] /home/travis/build/icyphy/ptII/ptolemy/actor/lib/test/auto/DiscreteClock4.xml (RunModel)" time="0.009" />
  <testcase classname="ptolemy.util.test.junit.AutoTests" name="[132] /home/travis/build/icyphy/ptII/ptolemy/actor/lib/test/auto/DiscreteClock5.xml (RunModel)" time="0.009" />
  <testcase classname="ptolemy.util.test.junit.AutoTests" name="[133] /home/travis/build/icyphy/ptII/ptolemy/actor/lib/test/auto/DiscreteClock6.xml (RunModel)" time="0.007" />
  <testcase classname="ptolemy.util.test.junit.AutoTests" name="[134] /home/travis/build/icyphy/ptII/ptolemy/actor/lib/test/auto/DiscreteClock7.xml (RunModel)" time="0.009" />
  <testcase classname="ptolemy.util.test.junit.AutoTests" name="[135] /home/travis/build/icyphy/ptII/ptolemy/actor/lib/test/auto/DiscreteClock8.xml (RunModel)" time="0.01" />
  <testcase classname="ptolemy.util.test.junit.AutoTests" name="[136] /home/travis/build/icyphy/ptII/ptolemy/actor/lib/test/auto/DiscreteClock9.xml (RunModel)" time="0.01" />
  <testcase classname="ptolemy.util.test.junit.AutoTests" name="[137] /home/travis/build/icyphy/ptII/ptolemy/actor/lib/test/auto/DisplayArray.xml (RunModel)" time="0.008" />
  <testcase classname="ptolemy.util.test.junit.AutoTests" name="[138] /home/travis/build/icyphy/ptII/ptolemy/actor/lib/test/auto/Distributor.xml (RunModel)" time="0.009" />
  <testcase classname="ptolemy.util.test.junit.AutoTests" name="[139] /home/travis/build/icyphy/ptII/ptolemy/actor/lib/test/auto/Distributor2.xml (RunModel)" time="0.009" />
  <testcase classname="ptolemy.util.test.junit.AutoTests" name="[140] /home/travis/build/icyphy/ptII/ptolemy/actor/lib/test/auto/DownSample.xml (RunModel)" time="0.01" />
  <testcase classname="ptolemy.util.test.junit.AutoTests" name="[141] /home/travis/build/icyphy/ptII/ptolemy/actor/lib/test/auto/ElectronicUnitBase1.xml (RunModel)" time="0.056" />
  <testcase classname="ptolemy.util.test.junit.AutoTests" name="[142] /home/travis/build/icyphy/ptII/ptolemy/actor/lib/test/auto/ElementsToArray.xml (RunModel)" time="0.009" />
  <testcase classname="ptolemy.util.test.junit.AutoTests" name="[143] /home/travis/build/icyphy/ptII/ptolemy/actor/lib/test/auto/Equals.xml (RunModel)" time="0.011" />
  <testcase classname="ptolemy.util.test.junit.AutoTests" name="[144] /home/travis/build/icyphy/ptII/ptolemy/actor/lib/test/auto/Exec.xml (RunModel)" time="0.015" />
  <testcase classname="ptolemy.util.test.junit.AutoTests" name="[145] /home/travis/build/icyphy/ptII/ptolemy/actor/lib/test/auto/ExecEnvironment.xml (RunModel)" time="0.038" />
  <testcase classname="ptolemy.util.test.junit.AutoTests" name="[146] /home/travis/build/icyphy/ptII/ptolemy/actor/lib/test/auto/ExecNonZeroReturnOutput.xml (RunModel)" time="0.151" />
  <testcase classname="ptolemy.util.test.junit.AutoTests" name="[147] /home/travis/build/icyphy/ptII/ptolemy/actor/lib/test/auto/ExecRunDemos.xml (RunModel)" time="9.149" />
  <testcase classname="ptolemy.util.test.junit.AutoTests" name="[148] /home/travis/build/icyphy/ptII/ptolemy/actor/lib/test/auto/ExecStop.xml (RunModel)" time="5.028" />
  <testcase classname="ptolemy.util.test.junit.AutoTests" name="[149] /home/travis/build/icyphy/ptII/ptolemy/actor/lib/test/auto/ExecutionTimeSDF.xml (RunModel)" time="6.038" />
  <testcase classname="ptolemy.util.test.junit.AutoTests" name="[150] /home/travis/build/icyphy/ptII/ptolemy/actor/lib/test/auto/Expression1.xml (RunModel)" time="0.022" />
  <testcase classname="ptolemy.util.test.junit.AutoTests" name="[151] /home/travis/build/icyphy/ptII/ptolemy/actor/lib/test/auto/Expression10.xml (RunModel)" time="0.03" />
  <testcase classname="ptolemy.util.test.junit.AutoTests" name="[152] /home/travis/build/icyphy/ptII/ptolemy/actor/lib/test/auto/Expression11.xml (RunModel)" time="0.014" />
  <testcase classname="ptolemy.util.test.junit.AutoTests" name="[153] /home/travis/build/icyphy/ptII/ptolemy/actor/lib/test/auto/Expression12.xml (RunModel)" time="0.012" />
  <testcase classname="ptolemy.util.test.junit.AutoTests" name="[154] /home/travis/build/icyphy/ptII/ptolemy/actor/lib/test/auto/Expression13.xml (RunModel)" time="0.012" />
  <testcase classname="ptolemy.util.test.junit.AutoTests" name="[155] /home/travis/build/icyphy/ptII/ptolemy/actor/lib/test/auto/Expression14.xml (RunModel)" time="0.02" />
  <testcase classname="ptolemy.util.test.junit.AutoTests" name="[156] /home/travis/build/icyphy/ptII/ptolemy/actor/lib/test/auto/Expression15.xml (RunModel)" time="0.006" />
  <testcase classname="ptolemy.util.test.junit.AutoTests" name="[157] /home/travis/build/icyphy/ptII/ptolemy/actor/lib/test/auto/Expression16.xml (RunModel)" time="0.012" />
  <testcase classname="ptolemy.util.test.junit.AutoTests" name="[158] /home/travis/build/icyphy/ptII/ptolemy/actor/lib/test/auto/Expression17.xml (RunModel)" time="0.012" />
  <testcase classname="ptolemy.util.test.junit.AutoTests" name="[159] /home/travis/build/icyphy/ptII/ptolemy/actor/lib/test/auto/Expression18.xml (RunModel)" time="0.013" />
  <testcase classname="ptolemy.util.test.junit.AutoTests" name="[160] /home/travis/build/icyphy/ptII/ptolemy/actor/lib/test/auto/Expression2.xml (RunModel)" time="0.011" />
  <testcase classname="ptolemy.util.test.junit.AutoTests" name="[161] /home/travis/build/icyphy/ptII/ptolemy/actor/lib/test/auto/Expression3.xml (RunModel)" time="0.01" />
  <testcase classname="ptolemy.util.test.junit.AutoTests" name="[162] /home/travis/build/icyphy/ptII/ptolemy/actor/lib/test/auto/Expression4.xml (RunModel)" time="0.017" />
  <testcase classname="ptolemy.util.test.junit.AutoTests" name="[163] /home/travis/build/icyphy/ptII/ptolemy/actor/lib/test/auto/Expression5.xml (RunModel)" time="0.011" />
  <testcase classname="ptolemy.util.test.junit.AutoTests" name="[164] /home/travis/build/icyphy/ptII/ptolemy/actor/lib/test/auto/Expression6.xml (RunModel)" time="0.01" />
  <testcase classname="ptolemy.util.test.junit.AutoTests" name="[165] /home/travis/build/icyphy/ptII/ptolemy/actor/lib/test/auto/Expression7.xml (RunModel)" time="0.012" />
  <testcase classname="ptolemy.util.test.junit.AutoTests" name="[166] /home/travis/build/icyphy/ptII/ptolemy/actor/lib/test/auto/Expression8.xml (RunModel)" time="0.011" />
  <testcase classname="ptolemy.util.test.junit.AutoTests" name="[167] /home/travis/build/icyphy/ptII/ptolemy/actor/lib/test/auto/Expression9.xml (RunModel)" time="0.008" />
  <testcase classname="ptolemy.util.test.junit.AutoTests" name="[168] /home/travis/build/icyphy/ptII/ptolemy/actor/lib/test/auto/ExpressionConcatenateArrayType.xml (RunModel)" time="0.022" />
  <testcase classname="ptolemy.util.test.junit.AutoTests" name="[169] /home/travis/build/icyphy/ptII/ptolemy/actor/lib/test/auto/ExpressionConcatenateArrayType2.xml (RunModel)" time="0.014" />
  <testcase classname="ptolemy.util.test.junit.AutoTests" name="[170] /home/travis/build/icyphy/ptII/ptolemy/actor/lib/test/auto/ExpressionFix.xml (RunModel)" time="0.024" />
  <testcase classname="ptolemy.util.test.junit.AutoTests" name="[171] /home/travis/build/icyphy/ptII/ptolemy/actor/lib/test/auto/ExpressionFix2.xml (RunModel)" time="0.009" />
  <testcase classname="ptolemy.util.test.junit.AutoTests" name="[172] /home/travis/build/icyphy/ptII/ptolemy/actor/lib/test/auto/ExpressionFix3.xml (RunModel)" time="0.009" />
  <testcase classname="ptolemy.util.test.junit.AutoTests" name="[173] /home/travis/build/icyphy/ptII/ptolemy/actor/lib/test/auto/FileWriter1.xml (RunModel)" time="0.008" />
  <testcase classname="ptolemy.util.test.junit.AutoTests" name="[174] /home/travis/build/icyphy/ptII/ptolemy/actor/lib/test/auto/FileWriter2.xml (RunModel)" time="0.01" />
  <testcase classname="ptolemy.util.test.junit.AutoTests" name="[175] /home/travis/build/icyphy/ptII/ptolemy/actor/lib/test/auto/FileWriter3.xml (RunModel)" time="0.015" />
  <testcase classname="ptolemy.util.test.junit.AutoTests" name="[176] /home/travis/build/icyphy/ptII/ptolemy/actor/lib/test/auto/Gaussian.xml (RunModel)" time="0.01" />
  <testcase classname="ptolemy.util.test.junit.AutoTests" name="[177] /home/travis/build/icyphy/ptII/ptolemy/actor/lib/test/auto/Gaussian1.xml (RunModel)" time="0.012" />
  <testcase classname="ptolemy.util.test.junit.AutoTests" name="[178] /home/travis/build/icyphy/ptII/ptolemy/actor/lib/test/auto/Gaussian2.xml (RunModel)" time="0.014" />
  <testcase classname="ptolemy.util.test.junit.AutoTests" name="[179] /home/travis/build/icyphy/ptII/ptolemy/actor/lib/test/auto/GradientAdaptiveLattice.xml (RunModel)" time="0.015" />
  <testcase classname="ptolemy.util.test.junit.AutoTests" name="[180] /home/travis/build/icyphy/ptII/ptolemy/actor/lib/test/auto/IIR.xml (RunModel)" time="0.01" />
  <testcase classname="ptolemy.util.test.junit.AutoTests" name="[181] /home/travis/build/icyphy/ptII/ptolemy/actor/lib/test/auto/InputOutputTransparentPorts.xml (RunModel)" time="0.016" />
  <testcase classname="ptolemy.util.test.junit.AutoTests" name="[182] /home/travis/build/icyphy/ptII/ptolemy/actor/lib/test/auto/Interpolator.xml (RunModel)" time="0.013" />
  <testcase classname="ptolemy.util.test.junit.AutoTests" name="[183] /home/travis/build/icyphy/ptII/ptolemy/actor/lib/test/auto/InterpolatorFiringLimitDE.xml (RunModel)" time="0.014" />
  <testcase classname="ptolemy.util.test.junit.AutoTests" name="[184] /home/travis/build/icyphy/ptII/ptolemy/actor/lib/test/auto/Lattice.xml (RunModel)" time="0.009" />
  <testcase classname="ptolemy.util.test.junit.AutoTests" name="[185] /home/travis/build/icyphy/ptII/ptolemy/actor/lib/test/auto/LazyAOCTestLazy.xml (RunModel)" time="0.021" />
  <testcase classname="ptolemy.util.test.junit.AutoTests" name="[186] /home/travis/build/icyphy/ptII/ptolemy/actor/lib/test/auto/LazyAOCTestNonLazy.xml (RunModel)" time="0.016" />
  <testcase classname="ptolemy.util.test.junit.AutoTests" name="[187] /home/travis/build/icyphy/ptII/ptolemy/actor/lib/test/auto/LazyInnerClass.xml (RunModel)" time="0.018" />
  <testcase classname="ptolemy.util.test.junit.AutoTests" name="[188] /home/travis/build/icyphy/ptII/ptolemy/actor/lib/test/auto/LazyPubSub.xml (RunModel)" time="0.029" />
  <testcase classname="ptolemy.util.test.junit.AutoTests" name="[189] /home/travis/build/icyphy/ptII/ptolemy/actor/lib/test/auto/LazyPubSub2.xml (RunModel)" time="0.04" />
  <testcase classname="ptolemy.util.test.junit.AutoTests" name="[190] /home/travis/build/icyphy/ptII/ptolemy/actor/lib/test/auto/LazyPubSub3.xml (RunModel)" time="0.058" />
  <testcase classname="ptolemy.util.test.junit.AutoTests" name="[191] /home/travis/build/icyphy/ptII/ptolemy/actor/lib/test/auto/LazySubClassModel.xml (RunModel)" time="0.043" />
  <testcase classname="ptolemy.util.test.junit.AutoTests" name="[192] /home/travis/build/icyphy/ptII/ptolemy/actor/lib/test/auto/LevelCrossTest1.xml (RunModel)" time="0.009" />
  <testcase classname="ptolemy.util.test.junit.AutoTests" name="[193] /home/travis/build/icyphy/ptII/ptolemy/actor/lib/test/auto/LevelCrossTest10.xml (RunModel)" time="0.015" />
  <testcase classname="ptolemy.util.test.junit.AutoTests" name="[194] /home/travis/build/icyphy/ptII/ptolemy/actor/lib/test/auto/LevelCrossTest11.xml (RunModel)" time="0.01" />
  <testcase classname="ptolemy.util.test.junit.AutoTests" name="[195] /home/travis/build/icyphy/ptII/ptolemy/actor/lib/test/auto/LevelCrossTest12.xml (RunModel)" time="0.012" />
  <testcase classname="ptolemy.util.test.junit.AutoTests" name="[196] /home/travis/build/icyphy/ptII/ptolemy/actor/lib/test/auto/LevelCrossTest13.xml (RunModel)" time="0.012" />
  <testcase classname="ptolemy.util.test.junit.AutoTests" name="[197] /home/travis/build/icyphy/ptII/ptolemy/actor/lib/test/auto/LevelCrossTest2.xml (RunModel)" time="0.009" />
  <testcase classname="ptolemy.util.test.junit.AutoTests" name="[198] /home/travis/build/icyphy/ptII/ptolemy/actor/lib/test/auto/LevelCrossTest3.xml (RunModel)" time="0.01" />
  <testcase classname="ptolemy.util.test.junit.AutoTests" name="[199] /home/travis/build/icyphy/ptII/ptolemy/actor/lib/test/auto/LevelCrossTest4.xml (RunModel)" time="0.008" />
  <testcase classname="ptolemy.util.test.junit.AutoTests" name="[200] /home/travis/build/icyphy/ptII/ptolemy/actor/lib/test/auto/LevelCrossTest5.xml (RunModel)" time="0.01" />
  <testcase classname="ptolemy.util.test.junit.AutoTests" name="[201] /home/travis/build/icyphy/ptII/ptolemy/actor/lib/test/auto/LevelCrossTest6.xml (RunModel)" time="0.011" />
  <testcase classname="ptolemy.util.test.junit.AutoTests" name="[202] /home/travis/build/icyphy/ptII/ptolemy/actor/lib/test/auto/LevelCrossTest7.xml (RunModel)" time="0.012" />
  <testcase classname="ptolemy.util.test.junit.AutoTests" name="[203] /home/travis/build/icyphy/ptII/ptolemy/actor/lib/test/auto/LevelCrossTest8.xml (RunModel)" time="0.011" />
  <testcase classname="ptolemy.util.test.junit.AutoTests" name="[204] /home/travis/build/icyphy/ptII/ptolemy/actor/lib/test/auto/LevelCrossTest9.xml (RunModel)" time="0.011" />
  <testcase classname="ptolemy.util.test.junit.AutoTests" name="[205] /home/travis/build/icyphy/ptII/ptolemy/actor/lib/test/auto/LevinsonDurbin.xml (RunModel)" time="0.008" />
  <testcase classname="ptolemy.util.test.junit.AutoTests" name="[206] /home/travis/build/icyphy/ptII/ptolemy/actor/lib/test/auto/LevinsonDurbin2.xml (RunModel)" time="0.006" />
  <testcase classname="ptolemy.util.test.junit.AutoTests" name="[207] /home/travis/build/icyphy/ptII/ptolemy/actor/lib/test/auto/LevinsonDurbin3.xml (RunModel)" time="0.007" />
  <testcase classname="ptolemy.util.test.junit.AutoTests" name="[208] /home/travis/build/icyphy/ptII/ptolemy/actor/lib/test/auto/Limiter.xml (RunModel)" time="0.021" />
  <testcase classname="ptolemy.util.test.junit.AutoTests" name="[209] /home/travis/build/icyphy/ptII/ptolemy/actor/lib/test/auto/LinearDifferenceEquationSystem.xml (RunModel)" time="0.018" />
  <testcase classname="ptolemy.util.test.junit.AutoTests" name="[210] /home/travis/build/icyphy/ptII/ptolemy/actor/lib/test/auto/LookupTable.xml (RunModel)" time="0.009" />
  <testcase classname="ptolemy.util.test.junit.AutoTests" name="[211] /home/travis/build/icyphy/ptII/ptolemy/actor/lib/test/auto/MathFunction.xml (RunModel)" time="0.019" />
  <testcase classname="ptolemy.util.test.junit.AutoTests" name="[212] /home/travis/build/icyphy/ptII/ptolemy/actor/lib/test/auto/MathFunction2.xml (RunModel)" time="0.008" />
  <testcase classname="ptolemy.util.test.junit.AutoTests" name="[213] /home/travis/build/icyphy/ptII/ptolemy/actor/lib/test/auto/MathFunction3.xml (RunModel)" time="0.016" />
  <testcase classname="ptolemy.util.test.junit.AutoTests" name="[214] /home/travis/build/icyphy/ptII/ptolemy/actor/lib/test/auto/MatrixCropBoolean.xml (RunModel)" time="0.009" />
  <testcase classname="ptolemy.util.test.junit.AutoTests" name="[215] /home/travis/build/icyphy/ptII/ptolemy/actor/lib/test/auto/MatrixCropComplex.xml (RunModel)" time="0.009" />
  <testcase classname="ptolemy.util.test.junit.AutoTests" name="[216] /home/travis/build/icyphy/ptII/ptolemy/actor/lib/test/auto/MatrixCropDouble.xml (RunModel)" time="0.008" />
  <testcase classname="ptolemy.util.test.junit.AutoTests" name="[217] /home/travis/build/icyphy/ptII/ptolemy/actor/lib/test/auto/MatrixCropFix.xml (RunModel)" time="0.01" />
  <testcase classname="ptolemy.util.test.junit.AutoTests" name="[218] /home/travis/build/icyphy/ptII/ptolemy/actor/lib/test/auto/MatrixCropInt.xml (RunModel)" time="0.008" />
  <testcase classname="ptolemy.util.test.junit.AutoTests" name="[219] /home/travis/build/icyphy/ptII/ptolemy/actor/lib/test/auto/MatrixCropLong.xml (RunModel)" time="0.009" />
  <testcase classname="ptolemy.util.test.junit.AutoTests" name="[220] /home/travis/build/icyphy/ptII/ptolemy/actor/lib/test/auto/MatrixToArray.xml (RunModel)" time="0.041" />
  <testcase classname="ptolemy.util.test.junit.AutoTests" name="[221] /home/travis/build/icyphy/ptII/ptolemy/actor/lib/test/auto/MaxIndex.xml (RunModel)" time="0.01" />
  <testcase classname="ptolemy.util.test.junit.AutoTests" name="[222] /home/travis/build/icyphy/ptII/ptolemy/actor/lib/test/auto/Maximum.xml (RunModel)" time="0.011" />
  <testcase classname="ptolemy.util.test.junit.AutoTests" name="[223] /home/travis/build/icyphy/ptII/ptolemy/actor/lib/test/auto/MaximumComplex.xml (RunModel)" time="0.015" />
  <testcase classname="ptolemy.util.test.junit.AutoTests" name="[224] /home/travis/build/icyphy/ptII/ptolemy/actor/lib/test/auto/MethodCallTest.xml (RunModel)" time="0.017" />
  <testcase classname="ptolemy.util.test.junit.AutoTests" name="[225] /home/travis/build/icyphy/ptII/ptolemy/actor/lib/test/auto/Minimum.xml (RunModel)" time="0.012" />
  <testcase classname="ptolemy.util.test.junit.AutoTests" name="[226] /home/travis/build/icyphy/ptII/ptolemy/actor/lib/test/auto/MinimumComplex.xml (RunModel)" time="0.012" />
  <testcase classname="ptolemy.util.test.junit.AutoTests" name="[227] /home/travis/build/icyphy/ptII/ptolemy/actor/lib/test/auto/MinimumMultiports.xml (RunModel)" time="0.017" />
  <testcase classname="ptolemy.util.test.junit.AutoTests" name="[228] /home/travis/build/icyphy/ptII/ptolemy/actor/lib/test/auto/ModifyDate.xml (RunModel)" time="0.039" />
  <testcase classname="ptolemy.util.test.junit.AutoTests" name="[229] /home/travis/build/icyphy/ptII/ptolemy/actor/lib/test/auto/ModifyDate2.xml (RunModel)" time="0.026" />
  <testcase classname="ptolemy.util.test.junit.AutoTests" name="[230] /home/travis/build/icyphy/ptII/ptolemy/actor/lib/test/auto/MovingAverage.xml (RunModel)" time="0.011" />
  <testcase classname="ptolemy.util.test.junit.AutoTests" name="[231] /home/travis/build/icyphy/ptII/ptolemy/actor/lib/test/auto/MovingMaximum.xml (RunModel)" time="0.009" />
  <testcase classname="ptolemy.util.test.junit.AutoTests" name="[232] /home/travis/build/icyphy/ptII/ptolemy/actor/lib/test/auto/MultipleLinksToSameRelation.xml (RunModel)" time="0.006" />
  <testcase classname="ptolemy.util.test.junit.AutoTests" name="[233] /home/travis/build/icyphy/ptII/ptolemy/actor/lib/test/auto/MultipleLinksToSameRelationDE.xml (RunModel)" time="0.007" />
  <testcase classname="ptolemy.util.test.junit.AutoTests" name="[234] /home/travis/build/icyphy/ptII/ptolemy/actor/lib/test/auto/Multiplexor.xml (RunModel)" time="0.01" />
  <testcase classname="ptolemy.util.test.junit.AutoTests" name="[235] /home/travis/build/icyphy/ptII/ptolemy/actor/lib/test/auto/Multiplexor1.xml (RunModel)" time="0.01" />
  <testcase classname="ptolemy.util.test.junit.AutoTests" name="[236] /home/travis/build/icyphy/ptII/ptolemy/actor/lib/test/auto/Multiplexor2.xml (RunModel)" time="0.012" />
  <testcase classname="ptolemy.util.test.junit.AutoTests" name="[237] /home/travis/build/icyphy/ptII/ptolemy/actor/lib/test/auto/Multiplexor3.xml (RunModel)" time="0.007" />
  <testcase classname="ptolemy.util.test.junit.AutoTests" name="[238] /home/travis/build/icyphy/ptII/ptolemy/actor/lib/test/auto/MultiplexorDE.xml (RunModel)" time="0.017" />
  <testcase classname="ptolemy.util.test.junit.AutoTests" name="[239] /home/travis/build/icyphy/ptII/ptolemy/actor/lib/test/auto/MultiportBroadcastTest.xml (RunModel)" time="0.068" />
  <testcase classname="ptolemy.util.test.junit.AutoTests" name="[240] /home/travis/build/icyphy/ptII/ptolemy/actor/lib/test/auto/MultiportOutHangDuringGetWidth.xml (RunModel)" time="0.031" />
  <testcase classname="ptolemy.util.test.junit.AutoTests" name="[241] /home/travis/build/icyphy/ptII/ptolemy/actor/lib/test/auto/NilToken.xml (RunModel)" time="0.013" />
  <testcase classname="ptolemy.util.test.junit.AutoTests" name="[242] /home/travis/build/icyphy/ptII/ptolemy/actor/lib/test/auto/NilTokenNonStrictTest.xml (RunModel)" time="0.01" />
  <testcase classname="ptolemy.util.test.junit.AutoTests" name="[243] /home/travis/build/icyphy/ptII/ptolemy/actor/lib/test/auto/NilTokenRecord.xml (RunModel)" time="0.02" />
  <testcase classname="ptolemy.util.test.junit.AutoTests" name="[244] /home/travis/build/icyphy/ptII/ptolemy/actor/lib/test/auto/NilTokenTypeTest.xml (RunModel)" time="0.035" />
  <testcase classname="ptolemy.util.test.junit.AutoTests" name="[245] /home/travis/build/icyphy/ptII/ptolemy/actor/lib/test/auto/ObjectToken1.xml (RunModel)" time="0.007" />
  <testcase classname="ptolemy.util.test.junit.AutoTests" name="[246] /home/travis/build/icyphy/ptII/ptolemy/actor/lib/test/auto/OrderedMerge.xml (RunModel)" time="0.015" />
  <testcase classname="ptolemy.util.test.junit.AutoTests" name="[247] /home/travis/build/icyphy/ptII/ptolemy/actor/lib/test/auto/OrderedRecordDisassembler.xml (RunModel)" time="0.018" />
  <testcase classname="ptolemy.util.test.junit.AutoTests" name="[248] /home/travis/build/icyphy/ptII/ptolemy/actor/lib/test/auto/OrderedRecordDisassembler2.xml (RunModel)" time="0.02" />
  <testcase classname="ptolemy.util.test.junit.AutoTests" name="[249] /home/travis/build/icyphy/ptII/ptolemy/actor/lib/test/auto/OrderedRecordUpdater.xml (RunModel)" time="0.019" />
  <testcase classname="ptolemy.util.test.junit.AutoTests" name="[250] /home/travis/build/icyphy/ptII/ptolemy/actor/lib/test/auto/OrderedRecordUpdater2.xml (RunModel)" time="0.017" />
  <testcase classname="ptolemy.util.test.junit.AutoTests" name="[251] /home/travis/build/icyphy/ptII/ptolemy/actor/lib/test/auto/PhaseUnwrap.xml (RunModel)" time="0.012" />
  <testcase classname="ptolemy.util.test.junit.AutoTests" name="[252] /home/travis/build/icyphy/ptII/ptolemy/actor/lib/test/auto/PoissonClock.xml (RunModel)" time="0.01" />
  <testcase classname="ptolemy.util.test.junit.AutoTests" name="[253] /home/travis/build/icyphy/ptII/ptolemy/actor/lib/test/auto/PoissonClock2.xml (RunModel)" time="0.007" />
  <testcase classname="ptolemy.util.test.junit.AutoTests" name="[254] /home/travis/build/icyphy/ptII/ptolemy/actor/lib/test/auto/PoissonClock3.xml (RunModel)" time="0.018" />
  <testcase classname="ptolemy.util.test.junit.AutoTests" name="[255] /home/travis/build/icyphy/ptII/ptolemy/actor/lib/test/auto/PubSubWithInitialTokens.xml (RunModel)" time="0.014" />
  <testcase classname="ptolemy.util.test.junit.AutoTests" name="[256] /home/travis/build/icyphy/ptII/ptolemy/actor/lib/test/auto/PubSubWithInitialTokens2.xml (RunModel)" time="0.011" />
  <testcase classname="ptolemy.util.test.junit.AutoTests" name="[257] /home/travis/build/icyphy/ptII/ptolemy/actor/lib/test/auto/PublisherClassNoParameter.xml (RunModel)" time="0.022" />
  <testcase classname="ptolemy.util.test.junit.AutoTests" name="[258] /home/travis/build/icyphy/ptII/ptolemy/actor/lib/test/auto/PublisherClassParameter.xml (RunModel)" time="0.019" />
  <testcase classname="ptolemy.util.test.junit.AutoTests" name="[259] /home/travis/build/icyphy/ptII/ptolemy/actor/lib/test/auto/PublisherNonStrictTest.xml (RunModel)" time="0.015" />
  <testcase classname="ptolemy.util.test.junit.AutoTests" name="[260] /home/travis/build/icyphy/ptII/ptolemy/actor/lib/test/auto/PublisherPort1.xml (RunModel)" time="0.022" />
  <testcase classname="ptolemy.util.test.junit.AutoTests" name="[261] /home/travis/build/icyphy/ptII/ptolemy/actor/lib/test/auto/PublisherPort2.xml (RunModel)" time="0.01" />
  <testcase classname="ptolemy.util.test.junit.AutoTests" name="[262] /home/travis/build/icyphy/ptII/ptolemy/actor/lib/test/auto/PublisherPort3.xml (RunModel)" time="0.012" />
  <testcase classname="ptolemy.util.test.junit.AutoTests" name="[263] /home/travis/build/icyphy/ptII/ptolemy/actor/lib/test/auto/PublisherPort4.xml (RunModel)" time="0.01" />
  <testcase classname="ptolemy.util.test.junit.AutoTests" name="[264] /home/travis/build/icyphy/ptII/ptolemy/actor/lib/test/auto/PublisherPort5.xml (RunModel)" time="0.013" />
  <testcase classname="ptolemy.util.test.junit.AutoTests" name="[265] /home/travis/build/icyphy/ptII/ptolemy/actor/lib/test/auto/PublisherPort5LookAlike.xml (RunModel)" time="0.016" />
  <testcase classname="ptolemy.util.test.junit.AutoTests" name="[266] /home/travis/build/icyphy/ptII/ptolemy/actor/lib/test/auto/PublisherPort6.xml (RunModel)" time="0.011" />
  <testcase classname="ptolemy.util.test.junit.AutoTests" name="[267] /home/travis/build/icyphy/ptII/ptolemy/actor/lib/test/auto/PublisherPort7.xml (RunModel)" time="0.018" />
  <testcase classname="ptolemy.util.test.junit.AutoTests" name="[268] /home/travis/build/icyphy/ptII/ptolemy/actor/lib/test/auto/PublisherPort8.xml (RunModel)" time="0.014" />
  <testcase classname="ptolemy.util.test.junit.AutoTests" name="[269] /home/travis/build/icyphy/ptII/ptolemy/actor/lib/test/auto/PublisherPortSubscriberChannelVariablesAOC2.xml (RunModel)" time="0.026" />
  <testcase classname="ptolemy.util.test.junit.AutoTests" name="[270] /home/travis/build/icyphy/ptII/ptolemy/actor/lib/test/auto/PublisherPortSubscriberOpaqueWidthInference.xml (RunModel)" time="0.013" />
  <testcase classname="ptolemy.util.test.junit.AutoTests" name="[271] /home/travis/build/icyphy/ptII/ptolemy/actor/lib/test/auto/PublisherPortSubscriberPortAdjacent.xml (RunModel)" time="0.016" />
  <testcase classname="ptolemy.util.test.junit.AutoTests" name="[272] /home/travis/build/icyphy/ptII/ptolemy/actor/lib/test/auto/PublisherPortSubscriberPortExpression.xml (RunModel)" time="0.015" />
  <testcase classname="ptolemy.util.test.junit.AutoTests" name="[273] /home/travis/build/icyphy/ptII/ptolemy/actor/lib/test/auto/PublisherPortSubscriberPortOpaqueD3Reverse.xml (RunModel)" time="0.018" />
  <testcase classname="ptolemy.util.test.junit.AutoTests" name="[274] /home/travis/build/icyphy/ptII/ptolemy/actor/lib/test/auto/PublisherPortSubscriberPortOpaqueWidthInference.xml (RunModel)" time="0.013" />
  <testcase classname="ptolemy.util.test.junit.AutoTests" name="[275] /home/travis/build/icyphy/ptII/ptolemy/actor/lib/test/auto/PublisherPortToplevelSubscriberPortAOC.xml (RunModel)" time="0.008" />
  <testcase classname="ptolemy.util.test.junit.AutoTests" name="[276] /home/travis/build/icyphy/ptII/ptolemy/actor/lib/test/auto/PublisherSubscriber.xml (RunModel)" time="0.011" />
  <testcase classname="ptolemy.util.test.junit.AutoTests" name="[277] /home/travis/build/icyphy/ptII/ptolemy/actor/lib/test/auto/PublisherSubscriber10.xml (RunModel)" time="0.017" />
  <testcase classname="ptolemy.util.test.junit.AutoTests" name="[278] /home/travis/build/icyphy/ptII/ptolemy/actor/lib/test/auto/PublisherSubscriber10InitialOutputs.xml (RunModel)" time="0.016" />
  <testcase classname="ptolemy.util.test.junit.AutoTests" name="[279] /home/travis/build/icyphy/ptII/ptolemy/actor/lib/test/auto/PublisherSubscriber11.xml (RunModel)" time="0.026" />
  <testcase classname="ptolemy.util.test.junit.AutoTests" name="[280] /home/travis/build/icyphy/ptII/ptolemy/actor/lib/test/auto/PublisherSubscriber12.xml (RunModel)" time="0.013" />
  <testcase classname="ptolemy.util.test.junit.AutoTests" name="[281] /home/travis/build/icyphy/ptII/ptolemy/actor/lib/test/auto/PublisherSubscriber13.xml (RunModel)" time="0.009" />
  <testcase classname="ptolemy.util.test.junit.AutoTests" name="[282] /home/travis/build/icyphy/ptII/ptolemy/actor/lib/test/auto/PublisherSubscriber14.xml (RunModel)" time="0.027" />
  <testcase classname="ptolemy.util.test.junit.AutoTests" name="[283] /home/travis/build/icyphy/ptII/ptolemy/actor/lib/test/auto/PublisherSubscriber2.xml (RunModel)" time="0.01" />
  <testcase classname="ptolemy.util.test.junit.AutoTests" name="[284] /home/travis/build/icyphy/ptII/ptolemy/actor/lib/test/auto/PublisherSubscriber3.xml (RunModel)" time="0.008" />
  <testcase classname="ptolemy.util.test.junit.AutoTests" name="[285] /home/travis/build/icyphy/ptII/ptolemy/actor/lib/test/auto/PublisherSubscriber4.xml (RunModel)" time="0.008" />
  <testcase classname="ptolemy.util.test.junit.AutoTests" name="[286] /home/travis/build/icyphy/ptII/ptolemy/actor/lib/test/auto/PublisherSubscriber5.xml (RunModel)" time="0.011" />
  <testcase classname="ptolemy.util.test.junit.AutoTests" name="[287] /home/travis/build/icyphy/ptII/ptolemy/actor/lib/test/auto/PublisherSubscriber6.xml (RunModel)" time="0.012" />
  <testcase classname="ptolemy.util.test.junit.AutoTests" name="[288] /home/travis/build/icyphy/ptII/ptolemy/actor/lib/test/auto/PublisherSubscriber7.xml (RunModel)" time="0.018" />
  <testcase classname="ptolemy.util.test.junit.AutoTests" name="[289] /home/travis/build/icyphy/ptII/ptolemy/actor/lib/test/auto/PublisherSubscriber8.xml (RunModel)" time="0.046" />
  <testcase classname="ptolemy.util.test.junit.AutoTests" name="[290] /home/travis/build/icyphy/ptII/ptolemy/actor/lib/test/auto/PublisherSubscriber9.xml (RunModel)" time="0.023" />
  <testcase classname="ptolemy.util.test.junit.AutoTests" name="[291] /home/travis/build/icyphy/ptII/ptolemy/actor/lib/test/auto/PublisherSubscriberAdjacent.xml (RunModel)" time="0.016" />
  <testcase classname="ptolemy.util.test.junit.AutoTests" name="[292] /home/travis/build/icyphy/ptII/ptolemy/actor/lib/test/auto/PublisherSubscriberChannelVariablesAOC2.xml (RunModel)" time="0.024" />
  <testcase classname="ptolemy.util.test.junit.AutoTests" name="[293] /home/travis/build/icyphy/ptII/ptolemy/actor/lib/test/auto/PublisherSubscriberD3.xml (RunModel)" time="0.014" />
  <testcase classname="ptolemy.util.test.junit.AutoTests" name="[294] /home/travis/build/icyphy/ptII/ptolemy/actor/lib/test/auto/PublisherSubscriberD3Reverse.xml (RunModel)" time="0.009" />
  <testcase classname="ptolemy.util.test.junit.AutoTests" name="[295] /home/travis/build/icyphy/ptII/ptolemy/actor/lib/test/auto/PublisherSubscriberExpression.xml (RunModel)" time="0.015" />
  <testcase classname="ptolemy.util.test.junit.AutoTests" name="[296] /home/travis/build/icyphy/ptII/ptolemy/actor/lib/test/auto/PublisherSubscriberOpaque.xml (RunModel)" time="0.013" />
  <testcase classname="ptolemy.util.test.junit.AutoTests" name="[297] /home/travis/build/icyphy/ptII/ptolemy/actor/lib/test/auto/PublisherSubscriberOpaqueD3.xml (RunModel)" time="0.021" />
  <testcase classname="ptolemy.util.test.junit.AutoTests" name="[298] /home/travis/build/icyphy/ptII/ptolemy/actor/lib/test/auto/PublisherSubscriberOpaqueD3Reverse.xml (RunModel)" time="0.02" />
  <testcase classname="ptolemy.util.test.junit.AutoTests" name="[299] /home/travis/build/icyphy/ptII/ptolemy/actor/lib/test/auto/PublisherSubscriberOpaqueWidthInference.xml (RunModel)" time="0.014" />
  <testcase classname="ptolemy.util.test.junit.AutoTests" name="[300] /home/travis/build/icyphy/ptII/ptolemy/actor/lib/test/auto/PublisherTestSubscriber.xml (RunModel)" time="0.016" />
  <testcase classname="ptolemy.util.test.junit.AutoTests" name="[301] /home/travis/build/icyphy/ptII/ptolemy/actor/lib/test/auto/PublisherToplevelSubscriberPortAOC.xml (RunModel)" time="0.015" />
  <testcase classname="ptolemy.util.test.junit.AutoTests" name="[302] /home/travis/build/icyphy/ptII/ptolemy/actor/lib/test/auto/PulseFiringLimitDE.xml (RunModel)" time="0.012" />
  <testcase classname="ptolemy.util.test.junit.AutoTests" name="[303] /home/travis/build/icyphy/ptII/ptolemy/actor/lib/test/auto/Ramp1.xml (RunModel)" time="0.007" />
  <testcase classname="ptolemy.util.test.junit.AutoTests" name="[304] /home/travis/build/icyphy/ptII/ptolemy/actor/lib/test/auto/RampFiringLimitDE.xml (RunModel)" time="0.012" />
  <testcase classname="ptolemy.util.test.junit.AutoTests" name="[305] /home/travis/build/icyphy/ptII/ptolemy/actor/lib/test/auto/RampFiringLimitSDF.xml (RunModel)" time="0.011" />
  <testcase classname="ptolemy.util.test.junit.AutoTests" name="[306] /home/travis/build/icyphy/ptII/ptolemy/actor/lib/test/auto/RandomInteger.xml (RunModel)" time="0.008" />
  <testcase classname="ptolemy.util.test.junit.AutoTests" name="[307] /home/travis/build/icyphy/ptII/ptolemy/actor/lib/test/auto/ReadFile1.xml (RunModel)" time="0.007" />
  <testcase classname="ptolemy.util.test.junit.AutoTests" name="[308] /home/travis/build/icyphy/ptII/ptolemy/actor/lib/test/auto/ReadFile2.xml (RunModel)" time="0.007" />
  <testcase classname="ptolemy.util.test.junit.AutoTests" name="[309] /home/travis/build/icyphy/ptII/ptolemy/actor/lib/test/auto/Reader.xml (RunModel)" time="0.012" />
  <testcase classname="ptolemy.util.test.junit.AutoTests" name="[310] /home/travis/build/icyphy/ptII/ptolemy/actor/lib/test/auto/RecordAssemblerDisplayNameTest.xml (RunModel)" time="2.9" />
  <testcase classname="ptolemy.util.test.junit.AutoTests" name="[311] /home/travis/build/icyphy/ptII/ptolemy/actor/lib/test/auto/RecordAssemblerTypeError.xml (RunModel)" time="0.042" />
  <testcase classname="ptolemy.util.test.junit.AutoTests" name="[312] /home/travis/build/icyphy/ptII/ptolemy/actor/lib/test/auto/RecordDisassember.xml (RunModel)" time="0.008" />
  <testcase classname="ptolemy.util.test.junit.AutoTests" name="[313] /home/travis/build/icyphy/ptII/ptolemy/actor/lib/test/auto/RecordDisassemberDisplayNameTest.xml (RunModel)" time="0.017" />
  <testcase classname="ptolemy.util.test.junit.AutoTests" name="[314] /home/travis/build/icyphy/ptII/ptolemy/actor/lib/test/auto/RecordDisassembler.xml (RunModel)" time="0.009" />
  <testcase classname="ptolemy.util.test.junit.AutoTests" name="[315] /home/travis/build/icyphy/ptII/ptolemy/actor/lib/test/auto/RecordDisassembler2.xml (RunModel)" time="0.008" />
  <testcase classname="ptolemy.util.test.junit.AutoTests" name="[316] /home/travis/build/icyphy/ptII/ptolemy/actor/lib/test/auto/RecordUpdater.xml (RunModel)" time="0.008" />
  <testcase classname="ptolemy.util.test.junit.AutoTests" name="[317] /home/travis/build/icyphy/ptII/ptolemy/actor/lib/test/auto/RecordUpdater2.xml (RunModel)" time="0.007" />
  <testcase classname="ptolemy.util.test.junit.AutoTests" name="[318] /home/travis/build/icyphy/ptII/ptolemy/actor/lib/test/auto/RecursiveLattice.xml (RunModel)" time="0.008" />
  <testcase classname="ptolemy.util.test.junit.AutoTests" name="[319] /home/travis/build/icyphy/ptII/ptolemy/actor/lib/test/auto/Router.xml (RunModel)" time="3.024" />
  <testcase classname="ptolemy.util.test.junit.AutoTests" name="[320] /home/travis/build/icyphy/ptII/ptolemy/actor/lib/test/auto/Router2.xml (RunModel)" time="3.027" />
  <testcase classname="ptolemy.util.test.junit.AutoTests" name="[321] /home/travis/build/icyphy/ptII/ptolemy/actor/lib/test/auto/RunningMaximum.xml (RunModel)" time="0.014" />
  <testcase classname="ptolemy.util.test.junit.AutoTests" name="[322] /home/travis/build/icyphy/ptII/ptolemy/actor/lib/test/auto/RunningMinimum.xml (RunModel)" time="0.011" />
  <testcase classname="ptolemy.util.test.junit.AutoTests" name="[323] /home/travis/build/icyphy/ptII/ptolemy/actor/lib/test/auto/Scale.xml (RunModel)" time="0.007" />
  <testcase classname="ptolemy.util.test.junit.AutoTests" name="[324] /home/travis/build/icyphy/ptII/ptolemy/actor/lib/test/auto/Scale2.xml (RunModel)" time="0.009" />
  <testcase classname="ptolemy.util.test.junit.AutoTests" name="[325] /home/travis/build/icyphy/ptII/ptolemy/actor/lib/test/auto/Scale3.xml (RunModel)" time="0.013" />
  <testcase classname="ptolemy.util.test.junit.AutoTests" name="[326] /home/travis/build/icyphy/ptII/ptolemy/actor/lib/test/auto/ScaleArray.xml (RunModel)" time="0.007" />
  <testcase classname="ptolemy.util.test.junit.AutoTests" name="[327] /home/travis/build/icyphy/ptII/ptolemy/actor/lib/test/auto/ScaleArray2.xml (RunModel)" time="0.007" />
  <testcase classname="ptolemy.util.test.junit.AutoTests" name="[328] /home/travis/build/icyphy/ptII/ptolemy/actor/lib/test/auto/ScaleMatrix.xml (RunModel)" time="0.119" />
  <testcase classname="ptolemy.util.test.junit.AutoTests" name="[329] /home/travis/build/icyphy/ptII/ptolemy/actor/lib/test/auto/Select.xml (RunModel)" time="0.012" />
  <testcase classname="ptolemy.util.test.junit.AutoTests" name="[330] /home/travis/build/icyphy/ptII/ptolemy/actor/lib/test/auto/Select2.xml (RunModel)" time="0.008" />
  <testcase classname="ptolemy.util.test.junit.AutoTests" name="[331] /home/travis/build/icyphy/ptII/ptolemy/actor/lib/test/auto/SequenceToArray2.xml (RunModel)" time="0.089" />
  <testcase classname="ptolemy.util.test.junit.AutoTests" name="[332] /home/travis/build/icyphy/ptII/ptolemy/actor/lib/test/auto/SequentialClock.xml (RunModel)" time="0.014" />
  <testcase classname="ptolemy.util.test.junit.AutoTests" name="[333] /home/travis/build/icyphy/ptII/ptolemy/actor/lib/test/auto/SetVariable.xml (RunModel)" time="0.009" />
  <testcase classname="ptolemy.util.test.junit.AutoTests" name="[334] /home/travis/build/icyphy/ptII/ptolemy/actor/lib/test/auto/SetVariable2.xml (RunModel)" time="0.008" />
  <testcase classname="ptolemy.util.test.junit.AutoTests" name="[335] /home/travis/build/icyphy/ptII/ptolemy/actor/lib/test/auto/SetVariable3.xml (RunModel)" time="0.01" />
  <testcase classname="ptolemy.util.test.junit.AutoTests" name="[336] /home/travis/build/icyphy/ptII/ptolemy/actor/lib/test/auto/SetVariable4.xml (RunModel)" time="0.029" />
  <testcase classname="ptolemy.util.test.junit.AutoTests" name="[337] /home/travis/build/icyphy/ptII/ptolemy/actor/lib/test/auto/SetVariable5.xml (RunModel)" time="0.032" />
  <testcase classname="ptolemy.util.test.junit.AutoTests" name="[338] /home/travis/build/icyphy/ptII/ptolemy/actor/lib/test/auto/Sinewave.xml (RunModel)" time="0.025" />
  <testcase classname="ptolemy.util.test.junit.AutoTests" name="[339] /home/travis/build/icyphy/ptII/ptolemy/actor/lib/test/auto/Sinewave2.xml (RunModel)" time="0.016" />
  <testcase classname="ptolemy.util.test.junit.AutoTests" name="[340] /home/travis/build/icyphy/ptII/ptolemy/actor/lib/test/auto/Sinewave3.xml (RunModel)" time="0.02" />
  <testcase classname="ptolemy.util.test.junit.AutoTests" name="[341] /home/travis/build/icyphy/ptII/ptolemy/actor/lib/test/auto/SingleEvent.xml (RunModel)" time="0.007" />
  <testcase classname="ptolemy.util.test.junit.AutoTests" name="[342] /home/travis/build/icyphy/ptII/ptolemy/actor/lib/test/auto/Sleep.xml (RunModel)" time="6.018" />
  <testcase classname="ptolemy.util.test.junit.AutoTests" name="[343] /home/travis/build/icyphy/ptII/ptolemy/actor/lib/test/auto/SleepMultipleFire.xml (RunModel)" time="1.016" />
  <testcase classname="ptolemy.util.test.junit.AutoTests" name="[344] /home/travis/build/icyphy/ptII/ptolemy/actor/lib/test/auto/StopDE.xml (RunModel)" time="0.012" />
  <testcase classname="ptolemy.util.test.junit.AutoTests" name="[345] /home/travis/build/icyphy/ptII/ptolemy/actor/lib/test/auto/StopSDF.xml (RunModel)" time="0.015" />
  <testcase classname="ptolemy.util.test.junit.AutoTests" name="[346] /home/travis/build/icyphy/ptII/ptolemy/actor/lib/test/auto/StringConstant.xml (RunModel)" time="0.008" />
  <testcase classname="ptolemy.util.test.junit.AutoTests" name="[347] /home/travis/build/icyphy/ptII/ptolemy/actor/lib/test/auto/SubscriberPortInitialValues1.xml (RunModel)" time="0.018" />
  <testcase classname="ptolemy.util.test.junit.AutoTests" name="[348] /home/travis/build/icyphy/ptII/ptolemy/actor/lib/test/auto/SubscriberPortInitialValues13.xml (RunModel)" time="0.031" />
  <testcase classname="ptolemy.util.test.junit.AutoTests" name="[349] /home/travis/build/icyphy/ptII/ptolemy/actor/lib/test/auto/SubscriberPortInitialValues14.xml (RunModel)" time="0.014" />
  <testcase classname="ptolemy.util.test.junit.AutoTests" name="[350] /home/travis/build/icyphy/ptII/ptolemy/actor/lib/test/auto/SubscriberPortInitialValues2.xml (RunModel)" time="0.014" />
  <testcase classname="ptolemy.util.test.junit.AutoTests" name="[351] /home/travis/build/icyphy/ptII/ptolemy/actor/lib/test/auto/SubscriberPortInitialValues3.xml (RunModel)" time="0.017" />
  <testcase classname="ptolemy.util.test.junit.AutoTests" name="[352] /home/travis/build/icyphy/ptII/ptolemy/actor/lib/test/auto/SubscriptionAggregator.xml (RunModel)" time="0.014" />
  <testcase classname="ptolemy.util.test.junit.AutoTests" name="[353] /home/travis/build/icyphy/ptII/ptolemy/actor/lib/test/auto/SubscriptionAggregator2.xml (RunModel)" time="0.01" />
  <testcase classname="ptolemy.util.test.junit.AutoTests" name="[354] /home/travis/build/icyphy/ptII/ptolemy/actor/lib/test/auto/SubscriptionAggregator3.xml (RunModel)" time="0.014" />
  <testcase classname="ptolemy.util.test.junit.AutoTests" name="[355] /home/travis/build/icyphy/ptII/ptolemy/actor/lib/test/auto/SubscriptionAggregatorMultiply.xml (RunModel)" time="0.013" />
  <testcase classname="ptolemy.util.test.junit.AutoTests" name="[356] /home/travis/build/icyphy/ptII/ptolemy/actor/lib/test/auto/SubscriptionAggregatorPortMultiply1.xml (RunModel)" time="0.012" />
  <testcase classname="ptolemy.util.test.junit.AutoTests" name="[357] /home/travis/build/icyphy/ptII/ptolemy/actor/lib/test/auto/Switch.xml (RunModel)" time="0.018" />
  <testcase classname="ptolemy.util.test.junit.AutoTests" name="[358] /home/travis/build/icyphy/ptII/ptolemy/actor/lib/test/auto/Switch2.xml (RunModel)" time="0.008" />
  <testcase classname="ptolemy.util.test.junit.AutoTests" name="[359] /home/travis/build/icyphy/ptII/ptolemy/actor/lib/test/auto/SwitchDE.xml (RunModel)" time="0.013" />
  <testcase classname="ptolemy.util.test.junit.AutoTests" name="[360] /home/travis/build/icyphy/ptII/ptolemy/actor/lib/test/auto/SynchronizerDE.xml (RunModel)" time="0.017" />
  <testcase classname="ptolemy.util.test.junit.AutoTests" name="[361] /home/travis/build/icyphy/ptII/ptolemy/actor/lib/test/auto/Test.xml (RunModel)" time="0.009" />
  <testcase classname="ptolemy.util.test.junit.AutoTests" name="[362] /home/travis/build/icyphy/ptII/ptolemy/actor/lib/test/auto/TestExceptionAttribute1.xml (RunModel)" time="0.008" />
  <testcase classname="ptolemy.util.test.junit.AutoTests" name="[363] /home/travis/build/icyphy/ptII/ptolemy/actor/lib/test/auto/TestExceptionAttribute2.xml (RunModel)" time="0.006" />
  <testcase classname="ptolemy.util.test.junit.AutoTests" name="[364] /home/travis/build/icyphy/ptII/ptolemy/actor/lib/test/auto/TestExceptionAttribute3.xml (RunModel)" time="0.005" />
  <testcase classname="ptolemy.util.test.junit.AutoTests" name="[365] /home/travis/build/icyphy/ptII/ptolemy/actor/lib/test/auto/TestExceptionAttribute4.xml (RunModel)" time="0.006" />
  <testcase classname="ptolemy.util.test.junit.AutoTests" name="[366] /home/travis/build/icyphy/ptII/ptolemy/actor/lib/test/auto/TestExceptionHandler1.xml (RunModel)" time="0.006" />
  <testcase classname="ptolemy.util.test.junit.AutoTests" name="[367] /home/travis/build/icyphy/ptII/ptolemy/actor/lib/test/auto/TestExceptionHandler2.xml (RunModel)" time="0.006" />
  <testcase classname="ptolemy.util.test.junit.AutoTests" name="[368] /home/travis/build/icyphy/ptII/ptolemy/actor/lib/test/auto/TestExceptionHandler3.xml (RunModel)" time="0.006" />
  <testcase classname="ptolemy.util.test.junit.AutoTests" name="[369] /home/travis/build/icyphy/ptII/ptolemy/actor/lib/test/auto/TestExceptionHandler4.xml (RunModel)" time="0.006" />
  <testcase classname="ptolemy.util.test.junit.AutoTests" name="[370] /home/travis/build/icyphy/ptII/ptolemy/actor/lib/test/auto/TestRequireCorrectOrder.xml (RunModel)" time="0.012" />
  <testcase classname="ptolemy.util.test.junit.AutoTests" name="[371] /home/travis/build/icyphy/ptII/ptolemy/actor/lib/test/auto/TestSimple.xml (RunModel)" time="0.006" />
  <testcase classname="ptolemy.util.test.junit.AutoTests" name="[372] /home/travis/build/icyphy/ptII/ptolemy/actor/lib/test/auto/ThrowModelError.xml (RunModel)" time="0.009" />
  <testcase classname="ptolemy.util.test.junit.AutoTests" name="[373] /home/travis/build/icyphy/ptII/ptolemy/actor/lib/test/auto/TimeDelayMicrosteps.xml (RunModel)" time="0.016" />
  <testcase classname="ptolemy.util.test.junit.AutoTests" name="[374] /home/travis/build/icyphy/ptII/ptolemy/actor/lib/test/auto/TimeDelayMicrosteps2.xml (RunModel)" time="0.014" />
  <testcase classname="ptolemy.util.test.junit.AutoTests" name="[375] /home/travis/build/icyphy/ptII/ptolemy/actor/lib/test/auto/TimeDelayMicrosteps3.xml (RunModel)" time="0.011" />
  <testcase classname="ptolemy.util.test.junit.AutoTests" name="[376] /home/travis/build/icyphy/ptII/ptolemy/actor/lib/test/auto/TimeDelayVariableMicrosteps.xml (RunModel)" time="0.011" />
  <testcase classname="ptolemy.util.test.junit.AutoTests" name="[377] /home/travis/build/icyphy/ptII/ptolemy/actor/lib/test/auto/TimeGap.xml (RunModel)" time="0.011" />
  <testcase classname="ptolemy.util.test.junit.AutoTests" name="[378] /home/travis/build/icyphy/ptII/ptolemy/actor/lib/test/auto/TimeGap2.xml (RunModel)" time="0.009" />
  <testcase classname="ptolemy.util.test.junit.AutoTests" name="[379] /home/travis/build/icyphy/ptII/ptolemy/actor/lib/test/auto/TimedSinewave.xml (RunModel)" time="0.035" />
  <testcase classname="ptolemy.util.test.junit.AutoTests" name="[380] /home/travis/build/icyphy/ptII/ptolemy/actor/lib/test/auto/TimedSinewavePhase.xml (RunModel)" time="0.038" />
  <testcase classname="ptolemy.util.test.junit.AutoTests" name="[381] /home/travis/build/icyphy/ptII/ptolemy/actor/lib/test/auto/Timer.xml (RunModel)" time="0.02" />
  <testcase classname="ptolemy.util.test.junit.AutoTests" name="[382] /home/travis/build/icyphy/ptII/ptolemy/actor/lib/test/auto/TriangularDistTestModel.xml (RunModel)" time="0.017" />
  <testcase classname="ptolemy.util.test.junit.AutoTests" name="[383] /home/travis/build/icyphy/ptII/ptolemy/actor/lib/test/auto/TrigFunction.xml (RunModel)" time="0.008" />
  <testcase classname="ptolemy.util.test.junit.AutoTests" name="[384] /home/travis/build/icyphy/ptII/ptolemy/actor/lib/test/auto/TrigFunctionDE.xml (RunModel)" time="0.011" />
  <testcase classname="ptolemy.util.test.junit.AutoTests" name="[385] /home/travis/build/icyphy/ptII/ptolemy/actor/lib/test/auto/TrigFunctionInverse.xml (RunModel)" time="0.009" />
  <testcase classname="ptolemy.util.test.junit.AutoTests" name="[386] /home/travis/build/icyphy/ptII/ptolemy/actor/lib/test/auto/TrigFunctionTan.xml (RunModel)" time="0.006" />
  <testcase classname="ptolemy.util.test.junit.AutoTests" name="[387] /home/travis/build/icyphy/ptII/ptolemy/actor/lib/test/auto/TriggeredClock.xml (RunModel)" time="0.013" />
  <testcase classname="ptolemy.util.test.junit.AutoTests" name="[388] /home/travis/build/icyphy/ptII/ptolemy/actor/lib/test/auto/URLDirectoryReader.xml (RunModel)" time="0.101" />
  <testcase classname="ptolemy.util.test.junit.AutoTests" name="[389] /home/travis/build/icyphy/ptII/ptolemy/actor/lib/test/auto/URLDirectoryReader3.xml (RunModel)" time="1.446" />
  <testcase classname="ptolemy.util.test.junit.AutoTests" name="[390] /home/travis/build/icyphy/ptII/ptolemy/actor/lib/test/auto/UnaryMathFunction.xml (RunModel)" time="0.019" />
  <testcase classname="ptolemy.util.test.junit.AutoTests" name="[391] /home/travis/build/icyphy/ptII/ptolemy/actor/lib/test/auto/Uniform.xml (RunModel)" time="0.011" />
  <testcase classname="ptolemy.util.test.junit.AutoTests" name="[392] /home/travis/build/icyphy/ptII/ptolemy/actor/lib/test/auto/UnionDisassemblerTest.xml (RunModel)" time="0.006" />
  <testcase classname="ptolemy.util.test.junit.AutoTests" name="[393] /home/travis/build/icyphy/ptII/ptolemy/actor/lib/test/auto/UtilityFunctions.xml (RunModel)" time="0.008" />
  <testcase classname="ptolemy.util.test.junit.AutoTests" name="[394] /home/travis/build/icyphy/ptII/ptolemy/actor/lib/test/auto/VariableSleep.xml (RunModel)" time="0.534" />
  <testcase classname="ptolemy.util.test.junit.AutoTests" name="[395] /home/travis/build/icyphy/ptII/ptolemy/actor/lib/test/auto/VectorAssemblerDisassemblerCT.xml (RunModel)" time="0.086" />
  <testcase classname="ptolemy.util.test.junit.AutoTests" name="[396] /home/travis/build/icyphy/ptII/ptolemy/actor/lib/test/auto/VectorAssemblerDisassemblerDE.xml (RunModel)" time="0.014" />
  <testcase classname="ptolemy.util.test.junit.AutoTests" name="[397] /home/travis/build/icyphy/ptII/ptolemy/actor/lib/test/auto/VectorAssemblerDisassemblerSDF.xml (RunModel)" time="0.011" />
  <testcase classname="ptolemy.util.test.junit.AutoTests" name="[398] /home/travis/build/icyphy/ptII/ptolemy/actor/lib/test/auto/WallClockTime.xml (RunModel)" time="1.015" />
  <testcase classname="ptolemy.util.test.junit.AutoTests" name="[399] /home/travis/build/icyphy/ptII/ptolemy/actor/lib/test/auto/WidthTestWithSubscriberPublisher.xml (RunModel)" time="0.059" />
  <testcase classname="ptolemy.util.test.junit.AutoTests" name="[400] /home/travis/build/icyphy/ptII/ptolemy/actor/lib/test/auto/WidthTestWithSubscriberPublisher2.xml (RunModel)" time="0.028" />
  <testcase classname="ptolemy.util.test.junit.AutoTests" name="[401] /home/travis/build/icyphy/ptII/ptolemy/actor/lib/test/auto/WidthTestWithSubscriberPublisher3.xml (RunModel)" time="0.012" />
  <testcase classname="ptolemy.util.test.junit.AutoTests" name="[402] /home/travis/build/icyphy/ptII/ptolemy/actor/lib/test/auto/Writer.xml (RunModel)" time="0.007" />
  <testcase classname="ptolemy.util.test.junit.AutoTests" name="[403] /home/travis/build/icyphy/ptII/ptolemy/actor/lib/test/auto/array.xml (RunModel)" time="0.012" />
  <testcase classname="ptolemy.util.test.junit.AutoTests" name="[404] /home/travis/build/icyphy/ptII/ptolemy/actor/lib/test/auto/array2.xml (RunModel)" time="0.014" />
  <testcase classname="ptolemy.util.test.junit.AutoTests" name="[405] /home/travis/build/icyphy/ptII/ptolemy/actor/lib/test/auto/arrayType.xml (RunModel)" time="0.01" />
  <testcase classname="ptolemy.util.test.junit.AutoTests" name="[406] /home/travis/build/icyphy/ptII/ptolemy/actor/lib/test/auto/arrayType10.xml (RunModel)" time="0.008" />
  <testcase classname="ptolemy.util.test.junit.AutoTests" name="[407] /home/travis/build/icyphy/ptII/ptolemy/actor/lib/test/auto/arrayType11.xml (RunModel)" time="0.008" />
  <testcase classname="ptolemy.util.test.junit.AutoTests" name="[408] /home/travis/build/icyphy/ptII/ptolemy/actor/lib/test/auto/arrayType12.xml (RunModel)" time="0.008" />
  <testcase classname="ptolemy.util.test.junit.AutoTests" name="[409] /home/travis/build/icyphy/ptII/ptolemy/actor/lib/test/auto/arrayType13.xml (RunModel)" time="0.008" />
  <testcase classname="ptolemy.util.test.junit.AutoTests" name="[410] /home/travis/build/icyphy/ptII/ptolemy/actor/lib/test/auto/arrayType14.xml (RunModel)" time="0.01" />
  <testcase classname="ptolemy.util.test.junit.AutoTests" name="[411] /home/travis/build/icyphy/ptII/ptolemy/actor/lib/test/auto/arrayType15.xml (RunModel)" time="0.009" />
  <testcase classname="ptolemy.util.test.junit.AutoTests" name="[412] /home/travis/build/icyphy/ptII/ptolemy/actor/lib/test/auto/arrayType16.xml (RunModel)" time="0.008" />
  <testcase classname="ptolemy.util.test.junit.AutoTests" name="[413] /home/travis/build/icyphy/ptII/ptolemy/actor/lib/test/auto/arrayType17.xml (RunModel)" time="0.009" />
  <testcase classname="ptolemy.util.test.junit.AutoTests" name="[414] /home/travis/build/icyphy/ptII/ptolemy/actor/lib/test/auto/arrayType18.xml (RunModel)" time="0.008" />
  <testcase classname="ptolemy.util.test.junit.AutoTests" name="[415] /home/travis/build/icyphy/ptII/ptolemy/actor/lib/test/auto/arrayType19.xml (RunModel)" time="0.008" />
  <testcase classname="ptolemy.util.test.junit.AutoTests" name="[416] /home/travis/build/icyphy/ptII/ptolemy/actor/lib/test/auto/arrayType2.xml (RunModel)" time="0.013" />
  <testcase classname="ptolemy.util.test.junit.AutoTests" name="[417] /home/travis/build/icyphy/ptII/ptolemy/actor/lib/test/auto/arrayType20.xml (RunModel)" time="0.009" />
  <testcase classname="ptolemy.util.test.junit.AutoTests" name="[418] /home/travis/build/icyphy/ptII/ptolemy/actor/lib/test/auto/arrayType21.xml (RunModel)" time="0.008" />
  <testcase classname="ptolemy.util.test.junit.AutoTests" name="[419] /home/travis/build/icyphy/ptII/ptolemy/actor/lib/test/auto/arrayType22.xml (RunModel)" time="0.009" />
  <testcase classname="ptolemy.util.test.junit.AutoTests" name="[420] /home/travis/build/icyphy/ptII/ptolemy/actor/lib/test/auto/arrayType23.xml (RunModel)" time="0.01" />
  <testcase classname="ptolemy.util.test.junit.AutoTests" name="[421] /home/travis/build/icyphy/ptII/ptolemy/actor/lib/test/auto/arrayType24.xml (RunModel)" time="0.009" />
  <testcase classname="ptolemy.util.test.junit.AutoTests" name="[422] /home/travis/build/icyphy/ptII/ptolemy/actor/lib/test/auto/arrayType25.xml (RunModel)" time="0.01" />
  <testcase classname="ptolemy.util.test.junit.AutoTests" name="[423] /home/travis/build/icyphy/ptII/ptolemy/actor/lib/test/auto/arrayType26.xml (RunModel)" time="0.01" />
  <testcase classname="ptolemy.util.test.junit.AutoTests" name="[424] /home/travis/build/icyphy/ptII/ptolemy/actor/lib/test/auto/arrayType27.xml (RunModel)" time="0.01" />
  <testcase classname="ptolemy.util.test.junit.AutoTests" name="[425] /home/travis/build/icyphy/ptII/ptolemy/actor/lib/test/auto/arrayType28.xml (RunModel)" time="0.01" />
  <testcase classname="ptolemy.util.test.junit.AutoTests" name="[426] /home/travis/build/icyphy/ptII/ptolemy/actor/lib/test/auto/arrayType3.xml (RunModel)" time="0.017" />
  <testcase classname="ptolemy.util.test.junit.AutoTests" name="[427] /home/travis/build/icyphy/ptII/ptolemy/actor/lib/test/auto/arrayType4.xml (RunModel)" time="0.029" />
  <testcase classname="ptolemy.util.test.junit.AutoTests" name="[428] /home/travis/build/icyphy/ptII/ptolemy/actor/lib/test/auto/arrayType5.xml (RunModel)" time="0.01" />
  <testcase classname="ptolemy.util.test.junit.AutoTests" name="[429] /home/travis/build/icyphy/ptII/ptolemy/actor/lib/test/auto/arrayType6.xml (RunModel)" time="0.007" />
  <testcase classname="ptolemy.util.test.junit.AutoTests" name="[430] /home/travis/build/icyphy/ptII/ptolemy/actor/lib/test/auto/arrayType7.xml (RunModel)" time="0.008" />
  <testcase classname="ptolemy.util.test.junit.AutoTests" name="[431] /home/travis/build/icyphy/ptII/ptolemy/actor/lib/test/auto/arrayType8.xml (RunModel)" time="0.022" />
  <testcase classname="ptolemy.util.test.junit.AutoTests" name="[432] /home/travis/build/icyphy/ptII/ptolemy/actor/lib/test/auto/arrayType9.xml (RunModel)" time="0.008" />
  <testcase classname="ptolemy.util.test.junit.AutoTests" name="[433] /home/travis/build/icyphy/ptII/ptolemy/actor/lib/test/auto/cast.xml (RunModel)" time="0.008" />
  <testcase classname="ptolemy.util.test.junit.AutoTests" name="[434] /home/travis/build/icyphy/ptII/ptolemy/actor/lib/test/auto/compositeMultiPort.xml (RunModel)" time="0.017" />
  <testcase classname="ptolemy.util.test.junit.AutoTests" name="[435] /home/travis/build/icyphy/ptII/ptolemy/actor/lib/test/auto/expressionCastInference.xml (RunModel)" time="0.008" />
  <testcase classname="ptolemy.util.test.junit.AutoTests" name="[436] /home/travis/build/icyphy/ptII/ptolemy/actor/lib/test/auto/expressionCastInference2.xml (RunModel)" time="0.007" />
  <testcase classname="ptolemy.util.test.junit.AutoTests" name="[437] /home/travis/build/icyphy/ptII/ptolemy/actor/lib/test/auto/expressionInference.xml (RunModel)" time="0.007" />
  <testcase classname="ptolemy.util.test.junit.AutoTests" name="[438] /home/travis/build/icyphy/ptII/ptolemy/actor/lib/test/auto/expression_bug.xml (RunModel)" time="0.007" />
  <testcase classname="ptolemy.util.test.junit.AutoTests" name="[439] /home/travis/build/icyphy/ptII/ptolemy/actor/lib/test/auto/factorial.xml (RunModel)" time="0.107" />
  <testcase classname="ptolemy.util.test.junit.AutoTests" name="[440] /home/travis/build/icyphy/ptII/ptolemy/actor/lib/test/auto/filterTest1.xml (RunModel)" time="0.035" />
  <testcase classname="ptolemy.util.test.junit.AutoTests" name="[441] /home/travis/build/icyphy/ptII/ptolemy/actor/lib/test/auto/funcApplyInConst.xml (RunModel)" time="0.031" />
  <testcase classname="ptolemy.util.test.junit.AutoTests" name="[442] /home/travis/build/icyphy/ptII/ptolemy/actor/lib/test/auto/funcApplyInExpr.xml (RunModel)" time="0.024" />
  <testcase classname="ptolemy.util.test.junit.AutoTests" name="[443] /home/travis/build/icyphy/ptII/ptolemy/actor/lib/test/auto/function.xml (RunModel)" time="0.031" />
  <testcase classname="ptolemy.util.test.junit.AutoTests" name="[444] /home/travis/build/icyphy/ptII/ptolemy/actor/lib/test/auto/function2.xml (RunModel)" time="0.021" />
  <testcase classname="ptolemy.util.test.junit.AutoTests" name="[445] /home/travis/build/icyphy/ptII/ptolemy/actor/lib/test/auto/function3.xml (RunModel)" time="0.011" />
  <testcase classname="ptolemy.util.test.junit.AutoTests" name="[446] /home/travis/build/icyphy/ptII/ptolemy/actor/lib/test/auto/functionClosureTest1.xml (RunModel)" time="0.021" />
  <testcase classname="ptolemy.util.test.junit.AutoTests" name="[447] /home/travis/build/icyphy/ptII/ptolemy/actor/lib/test/auto/functionClosureTest2.xml (RunModel)" time="0.007" />
  <testcase classname="ptolemy.util.test.junit.AutoTests" name="[448] /home/travis/build/icyphy/ptII/ptolemy/actor/lib/test/auto/functionClosureTest3.xml (RunModel)" time="0.012" />
  <testcase classname="ptolemy.util.test.junit.AutoTests" name="[449] /home/travis/build/icyphy/ptII/ptolemy/actor/lib/test/auto/functionClosureTest4.xml (RunModel)" time="0.017" />
  <testcase classname="ptolemy.util.test.junit.AutoTests" name="[450] /home/travis/build/icyphy/ptII/ptolemy/actor/lib/test/auto/functionClosureTest5.xml (RunModel)" time="0.012" />
  <testcase classname="ptolemy.util.test.junit.AutoTests" name="[451] /home/travis/build/icyphy/ptII/ptolemy/actor/lib/test/auto/functionClosureTest6.xml (RunModel)" time="0.012" />
  <testcase classname="ptolemy.util.test.junit.AutoTests" name="[452] /home/travis/build/icyphy/ptII/ptolemy/actor/lib/test/auto/functionsOnArcs.xml (RunModel)" time="0.011" />
  <testcase classname="ptolemy.util.test.junit.AutoTests" name="[453] /home/travis/build/icyphy/ptII/ptolemy/actor/lib/test/auto/functionsOnArcsHOF.xml (RunModel)" time="0.01" />
  <testcase classname="ptolemy.util.test.junit.AutoTests" name="[454] /home/travis/build/icyphy/ptII/ptolemy/actor/lib/test/auto/logic.xml (RunModel)" time="0.016" />
  <testcase classname="ptolemy.util.test.junit.AutoTests" name="[455] /home/travis/build/icyphy/ptII/ptolemy/actor/lib/test/auto/matrixType.xml (RunModel)" time="0.008" />
  <testcase classname="ptolemy.util.test.junit.AutoTests" name="[456] /home/travis/build/icyphy/ptII/ptolemy/actor/lib/test/auto/matrixType10.xml (RunModel)" time="0.009" />
  <testcase classname="ptolemy.util.test.junit.AutoTests" name="[457] /home/travis/build/icyphy/ptII/ptolemy/actor/lib/test/auto/matrixType11.xml (RunModel)" time="0.008" />
  <testcase classname="ptolemy.util.test.junit.AutoTests" name="[458] /home/travis/build/icyphy/ptII/ptolemy/actor/lib/test/auto/matrixType12.xml (RunModel)" time="0.009" />
  <testcase classname="ptolemy.util.test.junit.AutoTests" name="[459] /home/travis/build/icyphy/ptII/ptolemy/actor/lib/test/auto/matrixType13.xml (RunModel)" time="0.008" />
  <testcase classname="ptolemy.util.test.junit.AutoTests" name="[460] /home/travis/build/icyphy/ptII/ptolemy/actor/lib/test/auto/matrixType14.xml (RunModel)" time="0.008" />
  <testcase classname="ptolemy.util.test.junit.AutoTests" name="[461] /home/travis/build/icyphy/ptII/ptolemy/actor/lib/test/auto/matrixType2.xml (RunModel)" time="0.008" />
  <testcase classname="ptolemy.util.test.junit.AutoTests" name="[462] /home/travis/build/icyphy/ptII/ptolemy/actor/lib/test/auto/matrixType3.xml (RunModel)" time="0.007" />
  <testcase classname="ptolemy.util.test.junit.AutoTests" name="[463] /home/travis/build/icyphy/ptII/ptolemy/actor/lib/test/auto/matrixType4.xml (RunModel)" time="0.01" />
  <testcase classname="ptolemy.util.test.junit.AutoTests" name="[464] /home/travis/build/icyphy/ptII/ptolemy/actor/lib/test/auto/matrixType5.xml (RunModel)" time="0.008" />
  <testcase classname="ptolemy.util.test.junit.AutoTests" name="[465] /home/travis/build/icyphy/ptII/ptolemy/actor/lib/test/auto/matrixType6.xml (RunModel)" time="0.01" />
  <testcase classname="ptolemy.util.test.junit.AutoTests" name="[466] /home/travis/build/icyphy/ptII/ptolemy/actor/lib/test/auto/matrixType7.xml (RunModel)" time="0.01" />
  <testcase classname="ptolemy.util.test.junit.AutoTests" name="[467] /home/travis/build/icyphy/ptII/ptolemy/actor/lib/test/auto/matrixType8.xml (RunModel)" time="0.009" />
  <testcase classname="ptolemy.util.test.junit.AutoTests" name="[468] /home/travis/build/icyphy/ptII/ptolemy/actor/lib/test/auto/matrixType9.xml (RunModel)" time="0.01" />
  <testcase classname="ptolemy.util.test.junit.AutoTests" name="[469] /home/travis/build/icyphy/ptII/ptolemy/actor/lib/test/auto/paraFunctest.xml (RunModel)" time="0.007" />
  <testcase classname="ptolemy.util.test.junit.AutoTests" name="[470] /home/travis/build/icyphy/ptII/ptolemy/actor/lib/test/auto/paraFunctest2.xml (RunModel)" time="0.015" />
  <testcase classname="ptolemy.util.test.junit.AutoTests" name="[471] /home/travis/build/icyphy/ptII/ptolemy/actor/lib/test/auto/parameterPassing.xml (RunModel)" time="0.007" />
  <testcase classname="ptolemy.util.test.junit.AutoTests" name="[472] /home/travis/build/icyphy/ptII/ptolemy/actor/lib/test/auto/record.xml (RunModel)" time="0.009" />
  <testcase classname="ptolemy.util.test.junit.AutoTests" name="[473] /home/travis/build/icyphy/ptII/ptolemy/actor/lib/test/auto/sizedarray1.xml (RunModel)" time="0.009" />
  <testcase classname="ptolemy.util.test.junit.AutoTests" name="[474] /home/travis/build/icyphy/ptII/ptolemy/actor/lib/test/auto/sizedarray2.xml (RunModel)" time="0.01" />
  <testcase classname="ptolemy.util.test.junit.AutoTests" name="[475] /home/travis/build/icyphy/ptII/ptolemy/actor/lib/test/auto/twoPublishers.xml (RunModel)" time="0.022" />
  <system-out><![CDATA[/home/travis/build/icyphy/ptII/ptolemy/actor/lib/test/AbsoluteValue.tcl
testDefs.tcl: setting time out to 9000 seconds at Wed Feb 06 03:24:39 UTC 2019
77 ms. Memory: 116224K Free: 109642K (94%)
4 ms. Memory: 116224K Free: 108454K (93%)
4 ms. Memory: 116224K Free: 107853K (93%)
4 ms. Memory: 116224K Free: 106658K (92%)
/home/travis/build/icyphy/ptII/ptolemy/actor/lib/test/AddSubtract.tcl
8 ms. Memory: 116224K Free: 104837K (90%)
5 ms. Memory: 116224K Free: 104204K (90%)
5 ms. Memory: 116224K Free: 103016K (89%)
6 ms. Memory: 116224K Free: 102423K (88%)
5 ms. Memory: 116224K Free: 101822K (88%)
4 ms. Memory: 116224K Free: 101188K (87%)
/home/travis/build/icyphy/ptII/ptolemy/actor/lib/test/Average.tcl
8 ms. Memory: 116224K Free: 99368K (85%)
11 ms. Memory: 116224K Free: 98141K (84%)
/home/travis/build/icyphy/ptII/ptolemy/actor/lib/test/Bernoulli.tcl
10 ms. Memory: 116224K Free: 96344K (83%)
2 ms. Memory: 116224K Free: 95750K (82%)
/home/travis/build/icyphy/ptII/ptolemy/actor/lib/test/Clock.tcl
preinitializing
resolving types
initializing
executing number 1
wrapping up
idle
17 ms. Memory: 116224K Free: 93938K (81%)
Completed execution with 5 iterations
preinitializing
resolving types
initializing
executing number 1
wrapping up
idle
3 ms. Memory: 116224K Free: 92735K (80%)
Completed execution with 5 iterations
preinitializing
resolving types
initializing
executing number 1
wrapping up
idle
3 ms. Memory: 116224K Free: 92126K (79%)
Completed execution with 5 iterations
/home/travis/build/icyphy/ptII/ptolemy/actor/lib/test/Commutator.tcl
6 ms. Memory: 116224K Free: 90328K (78%)
5 ms. Memory: 116224K Free: 89126K (77%)
11 ms. Memory: 116224K Free: 84915K (73%)
/home/travis/build/icyphy/ptII/ptolemy/actor/lib/test/Const.tcl
4 ms. Memory: 116224K Free: 83100K (71%)
14 ms. Memory: 116224K Free: 82506K (71%)
2 ms. Memory: 116224K Free: 81913K (70%)
2 ms. Memory: 116224K Free: 81319K (70%)
15 ms. Memory: 146944K Free: 140440K (96%)
20 ms. Memory: 146944K Free: 138840K (94%)
16 ms. Memory: 146944K Free: 136395K (93%)
3 ms. Memory: 146944K Free: 135179K (92%)
/home/travis/build/icyphy/ptII/ptolemy/actor/lib/test/CurrentTime.tcl
preinitializing
resolving types
initializing
executing number 1
wrapping up
idle
12 ms. Memory: 146944K Free: 133962K (91%)
Completed execution with 11 iterations
/home/travis/build/icyphy/ptII/ptolemy/actor/lib/test/DB.tcl
7 ms. Memory: 146944K Free: 131546K (90%)
5 ms. Memory: 146944K Free: 131546K (90%)
3 ms. Memory: 146944K Free: 131546K (90%)
/home/travis/build/icyphy/ptII/ptolemy/actor/lib/test/DiscreteRandomSource.tcl
preinitializing
resolving types
initializing
executing number 1
wrapping up
idle
6 ms. Memory: 146944K Free: 129129K (88%)
Completed execution with 4 iterations
preinitializing
resolving types
initializing
executing number 1
wrapping up
idle
10 ms. Memory: 146944K Free: 129129K (88%)
Completed execution with 4 iterations
preinitializing
resolving types
initializing
executing number 1
wrapping up
idle
3 ms. Memory: 146944K Free: 127929K (87%)
Completed execution with 4 iterations
preinitializing
resolving types
initializing
executing number 1
wrapping up
idle
2 ms. Memory: 146944K Free: 127929K (87%)
Completed execution with 4 iterations
preinitializing
resolving types
initializing
executing number 1
wrapping up
idle
9 ms. Memory: 146944K Free: 127929K (87%)
Completed execution with 4 iterations
/home/travis/build/icyphy/ptII/ptolemy/actor/lib/test/Distributor.tcl
6 ms. Memory: 146944K Free: 125512K (85%)
8 ms. Memory: 146944K Free: 125512K (85%)
StreamChangeRequest.changeExecuted(): <deleteEntity name="rec2"/> succeeded
StreamChangeRequest.changeExecuted(): <deleteRelation name="r2"/> succeeded
StreamChangeRequest.changeExecuted(): Record firings per iteration succeeded
16 ms. Memory: 146944K Free: 123112K (84%)
/home/travis/build/icyphy/ptII/ptolemy/actor/lib/test/Exit.tcl
Exit.tcl: this will print a message about Manager.exitAfterWrapup, which can be ignored.
5 ms. Memory: 146944K Free: 120096K (82%)
/home/travis/build/icyphy/ptII/ptolemy/actor/lib/test/Expression.tcl
7 ms. Memory: 146944K Free: 116451K (79%)
9 ms. Memory: 146944K Free: 115243K (78%)
3 ms. Memory: 146944K Free: 115243K (78%)
preinitializing
resolving types
initializing
executing number 1
wrapping up
idle
4 ms. Memory: 146944K Free: 114042K (78%)
Completed execution with 6 iterations
10 ms. Memory: 146944K Free: 112842K (77%)
2 ms. Memory: 146944K Free: 111626K (76%)
10 ms. Memory: 146944K Free: 110426K (75%)
3 ms. Memory: 146944K Free: 109225K (74%)
7 ms. Memory: 146944K Free: 108025K (74%)
/home/travis/build/icyphy/ptII/ptolemy/actor/lib/test/Gaussian.tcl
16 ms. Memory: 146944K Free: 106825K (73%)
sleeping 1 seconds: .......................................................................................................................................................................................................................................................................................................................................................................................................................................................................................................................................................................................................................................................................................................................................................................................................................................................................................................................................................................................................................................................................................................................................................................................................................................................................................................................................................................................................................................................................................................................................................................................................................................................................................................................................................................................................................................................................................................................................................................................................................................................................................................................................................................................................................................................................................................................................................................................................................................................................................................................................................................................................................................................................................................................................................................................................................................................................................................................................................................................................................................................................................................................................................................................................................................................................................................................................................................................................................................................................................................................................................................................................................................................................................................................................................................................................................................................................................................................................................................................................................................................................................................................................................................................................................................................................................................................................................................................................................................................................................................................................................................................................................................................................................................................................................................................................................................................................................................................................................................................................................................................................................................................................................................................................................................................................................................................................................................................................................................................................................................................................................................................................................................................................................................................................................................................................................................................................................................................................................................................................................................................................................................................................................................................................................................................................................2 ms. Memory: 146944K Free: 140799K (96%)
1 ms. Memory: 146944K Free: 139613K (95%)
4 ms. Memory: 146944K Free: 139613K (95%)
3 ms. Memory: 146944K Free: 138169K (94%)
4 ms. Memory: 146944K Free: 138169K (94%)
/home/travis/build/icyphy/ptII/ptolemy/actor/lib/test/IIR.tcl
/home/travis/build/icyphy/ptII/ptolemy/actor/lib/test/Interpolator.tcl
5 ms. Memory: 146944K Free: 133428K (91%)
2 ms. Memory: 146944K Free: 133428K (91%)
5 ms. Memory: 146944K Free: 132243K (90%)
2 ms. Memory: 146944K Free: 132243K (90%)
2 ms. Memory: 146944K Free: 131057K (89%)
4 ms. Memory: 146944K Free: 131057K (89%)
2 ms. Memory: 146944K Free: 129872K (88%)
2 ms. Memory: 146944K Free: 128686K (88%)
2 ms. Memory: 146944K Free: 127501K (87%)
2 ms. Memory: 146944K Free: 127501K (87%)
/home/travis/build/icyphy/ptII/ptolemy/actor/lib/test/MathFunction.tcl
3 ms. Memory: 146944K Free: 125131K (85%)
2 ms. Memory: 146944K Free: 123946K (84%)
11 ms. Memory: 146944K Free: 122760K (84%)
2 ms. Memory: 146944K Free: 121575K (83%)
8 ms. Memory: 146944K Free: 120390K (82%)
6 ms. Memory: 146944K Free: 119205K (81%)
/home/travis/build/icyphy/ptII/ptolemy/actor/lib/test/Maximum.tcl
3 ms. Memory: 146944K Free: 116835K (80%)
3 ms. Memory: 146944K Free: 115649K (79%)
2 ms. Memory: 146944K Free: 115649K (79%)
2 ms. Memory: 146944K Free: 114464K (78%)
/home/travis/build/icyphy/ptII/ptolemy/actor/lib/test/Minimum.tcl
6 ms. Memory: 146944K Free: 113279K (77%)
1 ms. Memory: 146944K Free: 112094K (76%)
2 ms. Memory: 146944K Free: 112094K (76%)
2 ms. Memory: 146944K Free: 110909K (75%)
/home/travis/build/icyphy/ptII/ptolemy/actor/lib/test/MultiplyDivide.tcl
6 ms. Memory: 146944K Free: 108538K (74%)
8 ms. Memory: 146944K Free: 108538K (74%)
3 ms. Memory: 146944K Free: 107353K (73%)
2 ms. Memory: 146944K Free: 106168K (72%)
5 ms. Memory: 146944K Free: 106168K (72%)
/home/travis/build/icyphy/ptII/ptolemy/actor/lib/test/OrderedMerge.tcl
Connections changed on port: inputA
Connections changed on port: inputB
Connections changed on port: output
Connections changed on port: output
Connections changed on port: output
Connections changed on port: input
.top. Preinitializing ...
Invoking preinitialize():  .top.OrderedMerge
Called preinitialize()
Invoking preinitialize():  .top.Ramp
Called preinitialize()
Invoking preinitialize():  .top.Ramp2
Called preinitialize()
Invoking preinitialize():  .top.Test
Called preinitialize()
Connections changed on port: inputA
Connections changed on port: output
Connections changed on port: inputB
Connections changed on port: output
Connections changed on port: output
Connections changed on port: input
.top. Finished preinitialize().
Called initialize().
Invoking initialize():  .top.OrderedMerge
Initializing actor: .top.OrderedMerge
Adding a thread: .top.OrderedMerge
Invoking initialize():  .top.Ramp
Initializing actor: .top.Ramp
Adding a thread: .top.Ramp
Invoking initialize():  .top.Ramp2
Initializing actor: .top.Ramp2
Adding a thread: .top.Ramp2
Invoking initialize():  .top.Test
Initializing actor: .top.Test
Adding a thread: .top.Test
-- Starting thread.
Called initialize()
Called prefire()
Called fire()
-- Starting thread.
-- Starting thread.
Called initialize()
Called initialize()
Called prefire()
Called prefire()
Called fire()
Called fire()
Called postfire()
Called postfire()
Called prefire()
Called prefire()
Called fire()
Called fire()
Called fire().
Checking for deadlock:
There are 3 Blocked actors, 0 Stopped actors, and 4 active threads.
Waiting for actors to stop.
-- Starting thread.
Called initialize()
Called prefire()
Called fire()
Checking for deadlock:
There are 2 Blocked actors, 0 Stopped actors, and 4 active threads.
Waiting for actors to stop.
Called postfire()
Called prefire()
Called fire()
Read input token from inputA with value 0.0
Checking for deadlock:
Next port to read input from is inputB
There are 3 Blocked actors, 0 Stopped actors, and 4 active threads.
Waiting for actors to stop.
Called postfire()
Called prefire()
Called fire()
Checking for deadlock:
There are 2 Blocked actors, 0 Stopped actors, and 4 active threads.
Waiting for actors to stop.
Read input token from inputB with value 0.0
Called postfire()
Called prefire()
Called fire()
Checking for deadlock:
There are 2 Blocked actors, 0 Stopped actors, and 4 active threads.
Waiting for actors to stop.
-- Read input: 0.0, which is expected to match: 0.0
Called prefire()
Called fire()
Checking for deadlock:
There are 3 Blocked actors, 0 Stopped actors, and 4 active threads.
Waiting for actors to stop.
Sent output token with value 0.0
Next port to read input from is inputA
Called postfire()
Called prefire()
Called fire()
Checking for deadlock:
There are 2 Blocked actors, 0 Stopped actors, and 4 active threads.
Waiting for actors to stop.
Called postfire()
Called prefire()
Called fire()
Checking for deadlock:
Read input token from inputA with value 1.0
There are 3 Blocked actors, 0 Stopped actors, and 4 active threads.
Waiting for actors to stop.
Checking for deadlock:
There are 2 Blocked actors, 0 Stopped actors, and 4 active threads.
Waiting for actors to stop.
-- Read input: 0.0, which is expected to match: 0.0
Called prefire()
Called fire()
Sent output token with value 0.0
Checking for deadlock:
There are 3 Blocked actors, 0 Stopped actors, and 4 active threads.
Waiting for actors to stop.
Next port to read input from is inputB
Called postfire()
Called prefire()
Called fire()
Checking for deadlock:
There are 2 Blocked actors, 0 Stopped actors, and 4 active threads.
Waiting for actors to stop.
Called postfire()
Read input token from inputB with value 1.5
Called prefire()
Called fire()
Checking for deadlock:
There are 2 Blocked actors, 0 Stopped actors, and 4 active threads.
Waiting for actors to stop.
-- Read input: 1.0, which is expected to match: 1.0
Called prefire()
Called fire()
Checking for deadlock:
There are 3 Blocked actors, 0 Stopped actors, and 4 active threads.
Waiting for actors to stop.
Sent output token with value 1.0
Next port to read input from is inputA
Called postfire()
Called prefire()
Called fire()
Checking for deadlock:
There are 2 Blocked actors, 0 Stopped actors, and 4 active threads.
Waiting for actors to stop.
Read input token from inputA with value 2.0
Called postfire()
Called prefire()
Called fire()
Checking for deadlock:
There are 3 Blocked actors, 0 Stopped actors, and 4 active threads.
Waiting for actors to stop.
Checking for deadlock:
There are 2 Blocked actors, 0 Stopped actors, and 4 active threads.
Waiting for actors to stop.
-- Read input: 1.5, which is expected to match: 1.5
Called prefire()
Called fire()
Checking for deadlock:
There are 3 Blocked actors, 0 Stopped actors, and 4 active threads.
Sent output token with value 1.5
Waiting for actors to stop.
Next port to read input from is inputB
Called postfire()
Called prefire()
Called fire()
Called postfire()
Read input token from inputB with value 3.0
Called prefire()
Called fire()
Checking for deadlock:
Sent output token with value 2.0
There are 2 Blocked actors, 0 Stopped actors, and 4 active threads.
Waiting for actors to stop.
-- Read input: 2.0, which is expected to match: 2.0
Called prefire()
Called fire()
Checking for deadlock:
There are 3 Blocked actors, 0 Stopped actors, and 4 active threads.
Waiting for actors to stop.
Next port to read input from is inputA
Called postfire()
Called prefire()
Called fire()
Checking for deadlock:
There are 2 Blocked actors, 0 Stopped actors, and 4 active threads.
Called postfire()
Waiting for actors to stop.
Called prefire()
Called fire()
Checking for deadlock:
There are 3 Blocked actors, 0 Stopped actors, and 4 active threads.
Waiting for actors to stop.
Read input token from inputA with value 3.0
Checking for deadlock:
There are 2 Blocked actors, 0 Stopped actors, and 4 active threads.
Sent output token with value 3.0
Waiting for actors to stop.
Next port to read input from is inputB
Called postfire()
-- Read input: 3.0, which is expected to match: 3.0
Called prefire()
Called fire()
Called prefire()
Called fire()
Checking for deadlock:
There are 2 Blocked actors, 0 Stopped actors, and 4 active threads.
Waiting for actors to stop.
Called postfire()
Called prefire()
Called fire()
Checking for deadlock:
There are 3 Blocked actors, 0 Stopped actors, and 4 active threads.
Waiting for actors to stop.
Read input token from inputB with value 4.5
Checking for deadlock:
There are 2 Blocked actors, 0 Stopped actors, and 4 active threads.
Waiting for actors to stop.
Sent output token with value 3.0
-- Read input: 3.0, which is expected to match: 3.0
Next port to read input from is inputA
Called postfire()
Called prefire()
Called prefire()
Called fire()
Called fire()
Checking for deadlock:
There are 2 Blocked actors, 0 Stopped actors, and 4 active threads.
Waiting for actors to stop.
Called postfire()
Called prefire()
Called fire()
Checking for deadlock:
There are 3 Blocked actors, 0 Stopped actors, and 4 active threads.
Waiting for actors to stop.
Read input token from inputA with value 4.0
Sent output token with value 4.0
-- Read input: 4.0, which is expected to match: 4.0
Checking for deadlock:
There are 2 Blocked actors, 0 Stopped actors, and 4 active threads.
Waiting for actors to stop.
Called prefire()
Next port to read input from is inputA
Called postfire()
Called fire()
Called prefire()
Past the end of training data. Read and discard all inputs.
Called fire()
Checking for deadlock:
There are 2 Blocked actors, 0 Stopped actors, and 4 active threads.
Waiting for actors to stop.
Called postfire()
Called prefire()
Called fire()
Checking for deadlock:
There are 3 Blocked actors, 0 Stopped actors, and 4 active threads.
Waiting for actors to stop.
Read input token from inputA with value 5.0
Checking for deadlock:
There are 2 Blocked actors, 0 Stopped actors, and 4 active threads.
Waiting for actors to stop.
Called prefire()
Called fire()
Past the end of training data. Read and discard all inputs.
Checking for deadlock:
There are 3 Blocked actors, 0 Stopped actors, and 4 active threads.
Waiting for actors to stop.
Sent output token with value 4.5
Next port to read input from is inputB
Called postfire()
Called prefire()
Called fire()
Checking for deadlock:
There are 2 Blocked actors, 0 Stopped actors, and 4 active threads.
Called postfire()
Waiting for actors to stop.
Called prefire()
Called fire()
Read input token from inputB with value 6.0
Checking for deadlock:
There are 3 Blocked actors, 0 Stopped actors, and 4 active threads.
Waiting for actors to stop.
Checking for deadlock:
There are 2 Blocked actors, 0 Stopped actors, and 4 active threads.
Waiting for actors to stop.
Sent output token with value 5.0
Called prefire()
Called fire()
Past the end of training data. Read and discard all inputs.
Next port to read input from is inputA
Called postfire()
Checking for deadlock:
There are 3 Blocked actors, 0 Stopped actors, and 4 active threads.
Waiting for actors to stop.
Called prefire()
Called fire()
Checking for deadlock:
There are 2 Blocked actors, 0 Stopped actors, and 4 active threads.
Waiting for actors to stop.
Called postfire()
Called prefire()
Called fire()
Checking for deadlock:
There are 3 Blocked actors, 0 Stopped actors, and 4 active threads.
Waiting for actors to stop.
Read input token from inputA with value 6.0
Checking for deadlock:
There are 2 Blocked actors, 0 Stopped actors, and 4 active threads.
Called prefire()
Called fire()
Waiting for actors to stop.
Past the end of training data. Read and discard all inputs.
Checking for deadlock:
There are 3 Blocked actors, 0 Stopped actors, and 4 active threads.
Waiting for actors to stop.
Sent output token with value 6.0
Next port to read input from is inputB
Called postfire()
Called prefire()
Called fire()
Checking for deadlock:
There are 2 Blocked actors, 0 Stopped actors, and 4 active threads.
Waiting for actors to stop.
Called postfire()
Read input token from inputB with value 7.5
Called prefire()
Called fire()
Checking for deadlock:
Called prefire()
Called fire()
Past the end of training data. Read and discard all inputs.
There are 2 Blocked actors, 0 Stopped actors, and 4 active threads.
Waiting for actors to stop.
Sent output token with value 6.0
Checking for deadlock:
There are 3 Blocked actors, 0 Stopped actors, and 4 active threads.
Waiting for actors to stop.
Next port to read input from is inputA
Called postfire()
Called prefire()
Called fire()
Checking for deadlock:
There are 2 Blocked actors, 0 Stopped actors, and 4 active threads.
Waiting for actors to stop.
Called postfire()
Called prefire()
Called fire()
Checking for deadlock:
There are 3 Blocked actors, 0 Stopped actors, and 4 active threads.
Waiting for actors to stop.
Read input token from inputA with value 7.0
Checking for deadlock:
There are 2 Blocked actors, 0 Stopped actors, and 4 active threads.
Waiting for actors to stop.
Sent output token with value 7.0
Called prefire()
Next port to read input from is inputA
Called fire()
Called postfire()
Past the end of training data. Read and discard all inputs.
Called prefire()
Called fire()
Checking for deadlock:
There are 2 Blocked actors, 0 Stopped actors, and 4 active threads.
Waiting for actors to stop.
Read input token from inputA with value 8.0
-- Thread wrapup() called.
Called prefire()
Called wrapup()
Called fire()
Past the end of training data. Read and discard all inputs.
Thread .top.Ramp is exiting.
-- Thread stopped.
Sent output token with value 7.5
Checking for deadlock:
There are 1 Blocked actors, 0 Stopped actors, and 3 active threads.
Waiting for actors to stop.
Next port to read input from is inputB
Called postfire()
Checking for deadlock:
Called prefire()
Called fire()
There are 2 Blocked actors, 0 Stopped actors, and 3 active threads.
Waiting for actors to stop.
Checking for deadlock:
Called postfire()
Called prefire()
There are 1 Blocked actors, 0 Stopped actors, and 3 active threads.
Waiting for actors to stop.
Called fire()
Read input token from inputB with value 9.0
Checking for deadlock:
There are 2 Blocked actors, 0 Stopped actors, and 3 active threads.
Waiting for actors to stop.
Checking for deadlock:
There are 1 Blocked actors, 0 Stopped actors, and 3 active threads.
Called prefire()
Called fire()
Past the end of training data. Read and discard all inputs.
Waiting for actors to stop.
Checking for deadlock:
Sent output token with value 8.0
There are 2 Blocked actors, 0 Stopped actors, and 3 active threads.
Waiting for actors to stop.
Next port to read input from is inputA
Called postfire()
Called prefire()
Called fire()
Read input token from inputA with value 9.0
Checking for deadlock:
There are 1 Blocked actors, 0 Stopped actors, and 3 active threads.
Sent output token with value 9.0
Waiting for actors to stop.
Next port to read input from is inputB
Called prefire()
Called fire()
Past the end of training data. Read and discard all inputs.
Called postfire()
Called prefire()
Checking for deadlock:
Called fire()
There are 2 Blocked actors, 0 Stopped actors, and 3 active threads.
Waiting for actors to stop.
Checking for deadlock:
There are 1 Blocked actors, 0 Stopped actors, and 3 active threads.
Waiting for actors to stop.
Read input token from inputB with value 10.5
Called postfire()
Called prefire()
Called fire()
Called prefire()
Checking for deadlock:
Called fire()
There are 1 Blocked actors, 0 Stopped actors, and 3 active threads.
Past the end of training data. Read and discard all inputs.
Waiting for actors to stop.
Checking for deadlock:
There are 2 Blocked actors, 0 Stopped actors, and 3 active threads.
Sent output token with value 9.0
Waiting for actors to stop.
Next port to read input from is inputA
Called postfire()
Called prefire()
Called fire()
Checking for deadlock:
There are 3 Blocked actors, 0 Stopped actors, and 3 active threads.
Actors have stopped.
Checking for deadlock:
There are 3 Blocked actors, 0 Stopped actors, and 3 active threads.
Deadlock detected.
Resolving Deadlock
Checking for deadlock:
There are 3 Blocked actors, 0 Stopped actors, and 3 active threads.
Artificial Deadlock - increasing queue capacity.
increasing the capacity of receiver ptolemy.actor.TypedIOPort {.top.OrderedMerge.inputB} to 2
Director: Called postfire().
Called postfire().
_stopRequested = false
_stopFireRequested = false
Returning from postfire(): true
Called fire().
Checking for deadlock:
There are 2 Blocked actors, 0 Stopped actors, and 3 active threads.
Waiting for actors to stop.
-- Thread wrapup() called.
Called wrapup()
Thread .top.Ramp2 is exiting.
-- Thread stopped.
Checking for deadlock:
There are 2 Blocked actors, 0 Stopped actors, and 2 active threads.
Actors have stopped.
Checking for deadlock:
There are 2 Blocked actors, 0 Stopped actors, and 2 active threads.
Deadlock detected.
Resolving Deadlock
Checking for deadlock:
There are 2 Blocked actors, 0 Stopped actors, and 2 active threads.
Deadlock detected: no processes blocked on write, but some are blocked on read.
Called postfire().
_stopRequested = false
_stopFireRequested = false
Returning from postfire(): false
Finished deactivating branches.
Called wrapup().
-- Thread wrapup() called.
Called wrapup()
Thread .top.OrderedMerge is exiting.
-- Thread wrapup() called.
Called wrapup()
Thread .top.Test is exiting.
-- Thread stopped.
-- Blocked Receiver call threw TerminateProcessException.
52 ms. Memory: 146944K Free: 102159K (70%)
.top. Preinitializing ...
Invoking preinitialize():  .top.OrderedMerge
Called preinitialize()
Invoking preinitialize():  .top.Ramp
Called preinitialize()
Invoking preinitialize():  .top.Ramp2
Called preinitialize()
Invoking preinitialize():  .top.Test
Called preinitialize()
.top. Finished preinitialize().
Called initialize().
Invoking initialize():  .top.OrderedMerge
Initializing actor: .top.OrderedMerge
Adding a thread: .top.OrderedMerge
Invoking initialize():  .top.Ramp
Initializing actor: .top.Ramp
Adding a thread: .top.Ramp
Invoking initialize():  .top.Ramp2
Initializing actor: .top.Ramp2
Adding a thread: .top.Ramp2
Invoking initialize():  .top.Test
Initializing actor: .top.Test
Adding a thread: .top.Test
-- Thread stopped.
-- Blocked Receiver call threw TerminateProcessException.
-- Starting thread.
Called initialize()
Called prefire()
Called fire()
-- Starting thread.
Called initialize()
Called prefire()
Called fire()
Called postfire()
Called prefire()
Called fire()
-- Starting thread.
Called initialize()
Called prefire()
Called fire()
Called postfire()
Called prefire()
Called fire()
Called fire().
Checking for deadlock:
There are 3 Blocked actors, 0 Stopped actors, and 4 active threads.
Waiting for actors to stop.
-- Starting thread.
Called initialize()
Called prefire()
Called fire()
Checking for deadlock:
There are 2 Blocked actors, 0 Stopped actors, and 4 active threads.
Waiting for actors to stop.
Called postfire()
Called prefire()
Called fire()
Checking for deadlock:
There are 3 Blocked actors, 0 Stopped actors, and 4 active threads.
Waiting for actors to stop.
Read input token from inputA with value 0.0
Next port to read input from is inputB
Called postfire()
Called prefire()
Called fire()
Checking for deadlock:
There are 2 Blocked actors, 0 Stopped actors, and 4 active threads.
Waiting for actors to stop.
Called postfire()
Called prefire()
Called fire()
Checking for deadlock:
There are 3 Blocked actors, 0 Stopped actors, and 4 active threads.
Waiting for actors to stop.
Read input token from inputB with value 0.0
Checking for deadlock:
There are 2 Blocked actors, 0 Stopped actors, and 4 active threads.
Waiting for actors to stop.
-- Read input: 0.0, which is expected to match: 0.0
Called prefire()
Called fire()
Checking for deadlock:
There are 3 Blocked actors, 0 Stopped actors, and 4 active threads.
Waiting for actors to stop.
Sent output token with value 0.0
Next port to read input from is inputA
Called postfire()
Called prefire()
Called fire()
Checking for deadlock:
There are 2 Blocked actors, 0 Stopped actors, and 4 active threads.
Waiting for actors to stop.
Called postfire()
Called prefire()
Called fire()
Checking for deadlock:
There are 3 Blocked actors, 0 Stopped actors, and 4 active threads.
Waiting for actors to stop.
Read input token from inputA with value 1.0
Checking for deadlock:
There are 2 Blocked actors, 0 Stopped actors, and 4 active threads.
Waiting for actors to stop.
-- Read input: 0.0, which is expected to match: 0.0
Called prefire()
Called fire()
Checking for deadlock:
There are 3 Blocked actors, 0 Stopped actors, and 4 active threads.
Waiting for actors to stop.
Sent output token with value 0.0
Next port to read input from is inputB
Called postfire()
Called prefire()
Called fire()
Checking for deadlock:
There are 2 Blocked actors, 0 Stopped actors, and 4 active threads.
Waiting for actors to stop.
Called postfire()
Called prefire()
Called fire()
Checking for deadlock:
There are 3 Blocked actors, 0 Stopped actors, and 4 active threads.
Waiting for actors to stop.
Read input token from inputB with value 1.5
Checking for deadlock:
There are 2 Blocked actors, 0 Stopped actors, and 4 active threads.
Waiting for actors to stop.
-- Read input: 1.0, which is expected to match: 1.0
Called prefire()
Called fire()
Checking for deadlock:
There are 3 Blocked actors, 0 Stopped actors, and 4 active threads.
Waiting for actors to stop.
Sent output token with value 1.0
Next port to read input from is inputA
Called postfire()
Called prefire()
Called fire()
Checking for deadlock:
There are 2 Blocked actors, 0 Stopped actors, and 4 active threads.
Waiting for actors to stop.
Called postfire()
Called prefire()
Called fire()
Checking for deadlock:
There are 3 Blocked actors, 0 Stopped actors, and 4 active threads.
Waiting for actors to stop.
Read input token from inputA with value 2.0
Checking for deadlock:
There are 2 Blocked actors, 0 Stopped actors, and 4 active threads.
Waiting for actors to stop.
-- Read input: 1.5, which is expected to match: 1.5
Called prefire()
Called fire()
Checking for deadlock:
There are 3 Blocked actors, 0 Stopped actors, and 4 active threads.
Waiting for actors to stop.
Sent output token with value 1.5
Next port to read input from is inputB
Called postfire()
Called prefire()
Called fire()
Checking for deadlock:
There are 2 Blocked actors, 0 Stopped actors, and 4 active threads.
Waiting for actors to stop.
Called postfire()
Called prefire()
Called fire()
Checking for deadlock:
There are 3 Blocked actors, 0 Stopped actors, and 4 active threads.
Waiting for actors to stop.
Read input token from inputB with value 3.0
Checking for deadlock:
There are 2 Blocked actors, 0 Stopped actors, and 4 active threads.
Waiting for actors to stop.
-- Read input: 2.0, which is expected to match: 2.0
Called prefire()
Called fire()
Checking for deadlock:
There are 3 Blocked actors, 0 Stopped actors, and 4 active threads.
Waiting for actors to stop.
Sent output token with value 2.0
Next port to read input from is inputA
Called postfire()
Called prefire()
Called fire()
Checking for deadlock:
There are 2 Blocked actors, 0 Stopped actors, and 4 active threads.
Waiting for actors to stop.
Called postfire()
Called prefire()
Called fire()
Checking for deadlock:
There are 3 Blocked actors, 0 Stopped actors, and 4 active threads.
Waiting for actors to stop.
Read input token from inputA with value 3.0
Checking for deadlock:
There are 2 Blocked actors, 0 Stopped actors, and 4 active threads.
Waiting for actors to stop.
-- Read input: 3.0, which is expected to match: 3.0
Called prefire()
Called fire()
Checking for deadlock:
There are 3 Blocked actors, 0 Stopped actors, and 4 active threads.
Waiting for actors to stop.
Sent output token with value 3.0
Next port to read input from is inputB
Called postfire()
Called prefire()
Called fire()
Checking for deadlock:
There are 2 Blocked actors, 0 Stopped actors, and 4 active threads.
Waiting for actors to stop.
Called postfire()
Called prefire()
Called fire()
Checking for deadlock:
There are 3 Blocked actors, 0 Stopped actors, and 4 active threads.
Waiting for actors to stop.
Read input token from inputB with value 4.5
Checking for deadlock:
There are 2 Blocked actors, 0 Stopped actors, and 4 active threads.
Waiting for actors to stop.
-- Read input: 3.0, which is expected to match: 3.0
Called prefire()
Called fire()
Checking for deadlock:
There are 3 Blocked actors, 0 Stopped actors, and 4 active threads.
Waiting for actors to stop.
Sent output token with value 3.0
Next port to read input from is inputA
Called postfire()
Called prefire()
Called fire()
Checking for deadlock:
There are 2 Blocked actors, 0 Stopped actors, and 4 active threads.
Waiting for actors to stop.
Called postfire()
Called prefire()
Called fire()
Checking for deadlock:
There are 3 Blocked actors, 0 Stopped actors, and 4 active threads.
Waiting for actors to stop.
Read input token from inputA with value 4.0
Checking for deadlock:
There are 2 Blocked actors, 0 Stopped actors, and 4 active threads.
Waiting for actors to stop.
-- Read input: 4.0, which is expected to match: 4.0
Called prefire()
Called fire()
Past the end of training data. Read and discard all inputs.
Checking for deadlock:
There are 3 Blocked actors, 0 Stopped actors, and 4 active threads.
Waiting for actors to stop.
Sent output token with value 4.0
Next port to read input from is inputA
Called postfire()
Called prefire()
Called fire()
Checking for deadlock:
There are 2 Blocked actors, 0 Stopped actors, and 4 active threads.
Waiting for actors to stop.
Called postfire()
Called prefire()
Called fire()
Checking for deadlock:
There are 3 Blocked actors, 0 Stopped actors, and 4 active threads.
Waiting for actors to stop.
Read input token from inputA with value 5.0
Checking for deadlock:
There are 2 Blocked actors, 0 Stopped actors, and 4 active threads.
Waiting for actors to stop.
Called prefire()
Called fire()
Past the end of training data. Read and discard all inputs.
Checking for deadlock:
There are 3 Blocked actors, 0 Stopped actors, and 4 active threads.
Waiting for actors to stop.
Sent output token with value 4.5
Next port to read input from is inputB
Called postfire()
Called prefire()
Called fire()
Checking for deadlock:
There are 2 Blocked actors, 0 Stopped actors, and 4 active threads.
Waiting for actors to stop.
Called postfire()
Called prefire()
Called fire()
Checking for deadlock:
There are 3 Blocked actors, 0 Stopped actors, and 4 active threads.
Waiting for actors to stop.
Read input token from inputB with value 6.0
Checking for deadlock:
There are 2 Blocked actors, 0 Stopped actors, and 4 active threads.
Waiting for actors to stop.
Called prefire()
Called fire()
Past the end of training data. Read and discard all inputs.
Checking for deadlock:
There are 3 Blocked actors, 0 Stopped actors, and 4 active threads.
Waiting for actors to stop.
Sent output token with value 5.0
Next port to read input from is inputA
Called postfire()
Called prefire()
Called fire()
Checking for deadlock:
There are 2 Blocked actors, 0 Stopped actors, and 4 active threads.
Waiting for actors to stop.
Called postfire()
Called prefire()
Called fire()
Checking for deadlock:
There are 3 Blocked actors, 0 Stopped actors, and 4 active threads.
Waiting for actors to stop.
Read input token from inputA with value 6.0
Checking for deadlock:
There are 2 Blocked actors, 0 Stopped actors, and 4 active threads.
Waiting for actors to stop.
Called prefire()
Called fire()
Past the end of training data. Read and discard all inputs.
Checking for deadlock:
There are 3 Blocked actors, 0 Stopped actors, and 4 active threads.
Waiting for actors to stop.
Sent output token with value 6.0
Next port to read input from is inputB
Called postfire()
Called prefire()
Called fire()
Checking for deadlock:
There are 2 Blocked actors, 0 Stopped actors, and 4 active threads.
Waiting for actors to stop.
Called postfire()
Called prefire()
Called fire()
Checking for deadlock:
There are 3 Blocked actors, 0 Stopped actors, and 4 active threads.
Waiting for actors to stop.
Read input token from inputB with value 7.5
Checking for deadlock:
There are 2 Blocked actors, 0 Stopped actors, and 4 active threads.
Waiting for actors to stop.
Called prefire()
Called fire()
Past the end of training data. Read and discard all inputs.
Checking for deadlock:
There are 3 Blocked actors, 0 Stopped actors, and 4 active threads.
Waiting for actors to stop.
Sent output token with value 6.0
Next port to read input from is inputA
Called postfire()
Called prefire()
Called fire()
Called postfire()
Called prefire()
Called fire()
Checking for deadlock:
There are 3 Blocked actors, 0 Stopped actors, and 4 active threads.
Waiting for actors to stop.
Read input token from inputA with value 7.0
Called prefire()
Called fire()
Past the end of training data. Read and discard all inputs.
Checking for deadlock:
There are 3 Blocked actors, 0 Stopped actors, and 4 active threads.
Waiting for actors to stop.
Sent output token with value 7.0
Next port to read input from is inputA
Called postfire()
Called prefire()
Called fire()
-- Thread wrapup() called.
Called wrapup()
Thread .top.Ramp is exiting.
-- Thread stopped.
Checking for deadlock:
There are 2 Blocked actors, 0 Stopped actors, and 3 active threads.
Waiting for actors to stop.
Read input token from inputA with value 8.0
Called prefire()
Called fire()
Past the end of training data. Read and discard all inputs.
Checking for deadlock:
There are 2 Blocked actors, 0 Stopped actors, and 3 active threads.
Waiting for actors to stop.
Sent output token with value 7.5
Next port to read input from is inputB
Called postfire()
Called prefire()
Called fire()
Checking for deadlock:
There are 1 Blocked actors, 0 Stopped actors, and 3 active threads.
Waiting for actors to stop.
Called postfire()
Called prefire()
Called fire()
Checking for deadlock:
There are 2 Blocked actors, 0 Stopped actors, and 3 active threads.
Waiting for actors to stop.
Read input token from inputB with value 9.0
Checking for deadlock:
There are 1 Blocked actors, 0 Stopped actors, and 3 active threads.
Waiting for actors to stop.
Called prefire()
Called fire()
Past the end of training data. Read and discard all inputs.
Checking for deadlock:
There are 2 Blocked actors, 0 Stopped actors, and 3 active threads.
Waiting for actors to stop.
Sent output token with value 8.0
Next port to read input from is inputA
Called postfire()
Called prefire()
Called fire()
Read input token from inputA with value 9.0
Checking for deadlock:
There are 1 Blocked actors, 0 Stopped actors, and 3 active threads.
Waiting for actors to stop.
Called prefire()
Called fire()
Past the end of training data. Read and discard all inputs.
Checking for deadlock:
There are 2 Blocked actors, 0 Stopped actors, and 3 active threads.
Waiting for actors to stop.
Sent output token with value 9.0
Next port to read input from is inputB
Called postfire()
Called prefire()
Called fire()
Checking for deadlock:
There are 1 Blocked actors, 0 Stopped actors, and 3 active threads.
Waiting for actors to stop.
Called postfire()
Called prefire()
Called fire()
Checking for deadlock:
There are 2 Blocked actors, 0 Stopped actors, and 3 active threads.
Waiting for actors to stop.
Read input token from inputB with value 10.5
Checking for deadlock:
There are 1 Blocked actors, 0 Stopped actors, and 3 active threads.
Waiting for actors to stop.
Called prefire()
Called fire()
Past the end of training data. Read and discard all inputs.
Checking for deadlock:
There are 2 Blocked actors, 0 Stopped actors, and 3 active threads.
Waiting for actors to stop.
Sent output token with value 9.0
Next port to read input from is inputA
Called postfire()
Called prefire()
Called fire()
Checking for deadlock:
There are 3 Blocked actors, 0 Stopped actors, and 3 active threads.
Actors have stopped.
Checking for deadlock:
There are 3 Blocked actors, 0 Stopped actors, and 3 active threads.
Deadlock detected.
Resolving Deadlock
Checking for deadlock:
There are 3 Blocked actors, 0 Stopped actors, and 3 active threads.
Artificial Deadlock - increasing queue capacity.
increasing the capacity of receiver ptolemy.actor.TypedIOPort {.top.OrderedMerge.inputB} to 2
Director: Called postfire().
Called postfire().
_stopRequested = false
_stopFireRequested = false
Returning from postfire(): true
Called fire().
Checking for deadlock:
There are 2 Blocked actors, 0 Stopped actors, and 3 active threads.
Waiting for actors to stop.
-- Thread wrapup() called.
Called wrapup()
Thread .top.Ramp2 is exiting.
-- Thread stopped.
Checking for deadlock:
There are 2 Blocked actors, 0 Stopped actors, and 2 active threads.
Actors have stopped.
Checking for deadlock:
There are 2 Blocked actors, 0 Stopped actors, and 2 active threads.
Deadlock detected.
Resolving Deadlock
Checking for deadlock:
There are 2 Blocked actors, 0 Stopped actors, and 2 active threads.
Deadlock detected: no processes blocked on write, but some are blocked on read.
Called postfire().
_stopRequested = false
_stopFireRequested = false
Returning from postfire(): false
Finished deactivating branches.
Called wrapup().
-- Thread wrapup() called.
Called wrapup()
Thread .top.Test is exiting.
-- Thread stopped.
-- Blocked Receiver call threw TerminateProcessException.
-- Thread wrapup() called.
Called wrapup()
Thread .top.OrderedMerge is exiting.
-- Thread stopped.
-- Blocked Receiver call threw TerminateProcessException.
41 ms. Memory: 146944K Free: 100521K (68%)
/home/travis/build/icyphy/ptII/ptolemy/actor/lib/test/Publisher.tcl
5 ms. Memory: 146944K Free: 93408K (64%)
4 ms. Memory: 146944K Free: 88636K (60%)
2 ms. Memory: 146944K Free: 83863K (57%)
3 ms. Memory: 146944K Free: 83863K (57%)
2 ms. Memory: 146944K Free: 82677K (56%)
3 ms. Memory: 146944K Free: 81492K (55%)
2 ms. Memory: 146944K Free: 81492K (55%)
3 ms. Memory: 146944K Free: 80544K (55%)
1 ms. Memory: 208384K Free: 192417K (92%)
7 ms. Memory: 208384K Free: 187685K (90%)
2 ms. Memory: 208384K Free: 187685K (90%)
2 ms. Memory: 208384K Free: 185320K (89%)
5 ms. Memory: 208384K Free: 178223K (86%)
4 ms. Memory: 208384K Free: 166394K (80%)
5 ms. Memory: 208384K Free: 154566K (74%)
/home/travis/build/icyphy/ptII/ptolemy/actor/lib/test/Pulse.tcl
2 ms. Memory: 208384K Free: 114350K (55%)
2 ms. Memory: 208384K Free: 114350K (55%)
2 ms. Memory: 208384K Free: 114350K (55%)
2 ms. Memory: 208384K Free: 111984K (54%)
2 ms. Memory: 208384K Free: 111984K (54%)
1 ms. Memory: 208384K Free: 111984K (54%)
2 ms. Memory: 208384K Free: 109618K (53%)
1 ms. Memory: 208384K Free: 109618K (53%)
1 ms. Memory: 208384K Free: 109618K (53%)
/home/travis/build/icyphy/ptII/ptolemy/actor/lib/test/Ramp.tcl
3 ms. Memory: 208384K Free: 107253K (51%)
1 ms. Memory: 208384K Free: 107253K (51%)
1 ms. Memory: 208384K Free: 104887K (50%)
2 ms. Memory: 208384K Free: 104887K (50%)
4 ms. Memory: 208384K Free: 104887K (50%)
3 ms. Memory: 208384K Free: 102522K (49%)
4 ms. Memory: 208384K Free: 102522K (49%)
5 actors
5000 microseconds per iteration to create
5 ms. Memory: 208384K Free: 100156K (48%)
2 ms. Memory: 208384K Free: 97790K (47%)
2 ms. Memory: 208384K Free: 97790K (47%)
3 ms. Memory: 208384K Free: 97790K (47%)
50 actors
29000 microseconds per iteration to create
29 ms. Memory: 208384K Free: 81230K (39%)
6 ms. Memory: 208384K Free: 81230K (39%)
5 ms. Memory: 208384K Free: 79369K (38%)
6 ms. Memory: 208384K Free: 79369K (38%)
500 actors
1296000 microseconds per iteration to create
282 ms. Memory: 332288K Free: 277227K (83%)
62 ms. Memory: 332288K Free: 272420K (82%)
45 ms. Memory: 332288K Free: 267613K (81%)
38 ms. Memory: 332288K Free: 262806K (79%)
/home/travis/build/icyphy/ptII/ptolemy/actor/lib/test/RampContinuous.tcl
7 ms. Memory: 332288K Free: 257998K (78%)
/home/travis/build/icyphy/ptII/ptolemy/actor/lib/test/RecordAssembler.tcl
7 ms. Memory: 332288K Free: 257998K (78%)
4 ms. Memory: 332288K Free: 257998K (78%)
/home/travis/build/icyphy/ptII/ptolemy/actor/lib/test/RecordDisassembler.tcl
6 ms. Memory: 332288K Free: 253191K (76%)
4 ms. Memory: 332288K Free: 253191K (76%)
4 ms. Memory: 332288K Free: 253191K (76%)
/home/travis/build/icyphy/ptII/ptolemy/actor/lib/test/Scale.tcl
3 ms. Memory: 332288K Free: 253191K (76%)
2 ms. Memory: 332288K Free: 248384K (75%)
1 ms. Memory: 332288K Free: 248384K (75%)
3 ms. Memory: 332288K Free: 248384K (75%)
3 ms. Memory: 332288K Free: 248384K (75%)
/home/travis/build/icyphy/ptII/ptolemy/actor/lib/test/SequentialClock.tcl
preinitializing
resolving types
initializing
executing number 1
wrapping up
idle
6 ms. Memory: 332288K Free: 248384K (75%)
Completed execution with 5 iterations
preinitializing
resolving types
initializing
executing number 1
wrapping up
idle
2 ms. Memory: 332288K Free: 243560K (73%)
Completed execution with 5 iterations
preinitializing
resolving types
initializing
executing number 1
wrapping up
idle
2 ms. Memory: 332288K Free: 243560K (73%)
Completed execution with 5 iterations
/home/travis/build/icyphy/ptII/ptolemy/actor/lib/test/SetVariable.tcl
5 ms. Memory: 332288K Free: 243560K (73%)
/home/travis/build/icyphy/ptII/ptolemy/actor/lib/test/Sinewave.tcl
/home/travis/build/icyphy/ptII/ptolemy/actor/lib/test/SubscriptionAggregator.tcl
4 ms. Memory: 332288K Free: 229130K (69%)
5 ms. Memory: 332288K Free: 229130K (69%)
0 ms. Memory: 332288K Free: 229130K (69%)
0 ms. Memory: 332288K Free: 229130K (69%)
1 ms. Memory: 332288K Free: 224307K (68%)
6 ms. Memory: 332288K Free: 224307K (68%)
...............................................................845 ms. Memory: 581632K Free: 432446K (74%)
/home/travis/build/icyphy/ptII/ptolemy/actor/lib/test/Test.tcl
 The next command will produce a warning about training mode,
   which may be ignored.
3 ms. Memory: 581632K Free: 422734K (73%)
1 ms. Memory: 581632K Free: 422734K (73%)
1 ms. Memory: 581632K Free: 422734K (73%)
1 ms. Memory: 581632K Free: 422734K (73%)
2 ms. Memory: 581632K Free: 422734K (73%)
2 ms. Memory: 581632K Free: 422734K (73%)
3 ms. Memory: 581632K Free: 422734K (73%)
 The next command will produce a warning about training mode,
   which may be ignored.
6 ms. Memory: 581632K Free: 422734K (73%)
 The next command will produce a warning about training mode,
   which may be ignored.
2 ms. Memory: 581632K Free: 413057K (71%)
1 ms. Memory: 581632K Free: 413057K (71%)
1 ms. Memory: 581632K Free: 413057K (71%)
2 ms. Memory: 581632K Free: 413057K (71%)
4 ms. Memory: 581632K Free: 413057K (71%)
3 ms. Memory: 581632K Free: 413057K (71%)
/home/travis/build/icyphy/ptII/ptolemy/actor/lib/test/TestExceptionHandler.tcl
 The next command will produce a warning about training mode,
   which may be ignored.
1 ms. Memory: 581632K Free: 413057K (71%)
1 ms. Memory: 581632K Free: 413057K (71%)
0 ms. Memory: 581632K Free: 413057K (71%)
/home/travis/build/icyphy/ptII/ptolemy/actor/lib/test/UnionDisassembler.tcl
23 ms. Memory: 581632K Free: 403348K (69%)
/home/travis/build/icyphy/ptII/ptolemy/actor/lib/test/VariableClock.tcl
preinitializing
resolving types
initializing
executing number 1
wrapping up
idle
3 ms. Memory: 581632K Free: 403348K (69%)
Completed execution with 11 iterations
preinitializing
resolving types
initializing
executing number 1
wrapping up
idle
5 ms. Memory: 581632K Free: 393654K (68%)
Completed execution with 10 iterations
02/06/19 03:24:46
Failed: 0  Total Tests: 234  ((Passed: 234, Newly Passed: 0)  Known Failed: 0) /home/travis/build/icyphy/ptII/ptolemy/actor/lib/test
----------------- testing (KnownFailure) /home/travis/build/icyphy/ptII/ptolemy/actor/lib/test/auto/knownFailedTests/PublisherPortToplevelSubscriber.xml
0 ms. Memory: 581632K Free: 383906K (66%)
Known Failure: java.lang.reflect.InvocationTargetException
----------------- testing (KnownFailure) /home/travis/build/icyphy/ptII/ptolemy/actor/lib/test/auto/knownFailedTests/PublisherSubscriberPortToplevel.xml
1 ms. Memory: 581632K Free: 364409K (63%)
Known Failure: java.lang.reflect.InvocationTargetException
----------------- testing (KnownFailure) /home/travis/build/icyphy/ptII/ptolemy/actor/lib/test/auto/knownFailedTests/PublisherSubscriptionAggregatorPort.xml
1 ms. Memory: 581632K Free: 344911K (59%)
Known Failure: java.lang.reflect.InvocationTargetException
----------------- testing (KnownFailure) /home/travis/build/icyphy/ptII/ptolemy/actor/lib/test/auto/knownFailedTests/sizedarray3.xml
3 ms. Memory: 581632K Free: 325414K (56%)
Known Failure: java.lang.reflect.InvocationTargetException
No auto/linux-amd64/*.xml tests in /home/travis/build/icyphy/ptII/ptolemy/actor/lib/test
AutoTests.java: About to close Vertx.
AutoTests.java: Vertx closed.

===========================================================================================
----------------- testing Wed Feb 06 03:24:46 UTC 2019 /home/travis/build/icyphy/ptII/ptolemy/actor/lib/test/auto/AbsoluteValue.xml
----------------- Instantiating /home/travis/build/icyphy/ptII/ptolemy/actor/lib/test/auto/AbsoluteValue.xml
4 ms. Memory: 581632K Free: 247568K (43%)
----------------- Invoking toplevel() on ptolemy.moml.MoMLSimpleApplication@22193828
----------------- Done invoking toplevel() on ptolemy.moml.MoMLSimpleApplication@22193828
reloadAllAccessors: .AbsoluteValue

===========================================================================================
----------------- testing Wed Feb 06 03:24:46 UTC 2019 /home/travis/build/icyphy/ptII/ptolemy/actor/lib/test/auto/AbsoluteValue2.xml
----------------- Instantiating /home/travis/build/icyphy/ptII/ptolemy/actor/lib/test/auto/AbsoluteValue2.xml
4 ms. Memory: 581632K Free: 232946K (40%)
----------------- Invoking toplevel() on ptolemy.moml.MoMLSimpleApplication@5e82a538
----------------- Done invoking toplevel() on ptolemy.moml.MoMLSimpleApplication@5e82a538
reloadAllAccessors: .AbsoluteValue2

===========================================================================================
----------------- testing Wed Feb 06 03:24:46 UTC 2019 /home/travis/build/icyphy/ptII/ptolemy/actor/lib/test/auto/Accumulator.xml
----------------- Instantiating /home/travis/build/icyphy/ptII/ptolemy/actor/lib/test/auto/Accumulator.xml
7 ms. Memory: 581632K Free: 223197K (38%)
----------------- Invoking toplevel() on ptolemy.moml.MoMLSimpleApplication@31075ee6
----------------- Done invoking toplevel() on ptolemy.moml.MoMLSimpleApplication@31075ee6
reloadAllAccessors: .Accumulator

===========================================================================================
----------------- testing Wed Feb 06 03:24:46 UTC 2019 /home/travis/build/icyphy/ptII/ptolemy/actor/lib/test/auto/Accumulator2.xml
----------------- Instantiating /home/travis/build/icyphy/ptII/ptolemy/actor/lib/test/auto/Accumulator2.xml
3 ms. Memory: 581632K Free: 203771K (35%)
----------------- Invoking toplevel() on ptolemy.moml.MoMLSimpleApplication@537065ed
----------------- Done invoking toplevel() on ptolemy.moml.MoMLSimpleApplication@537065ed
reloadAllAccessors: .Accumulator2

===========================================================================================
----------------- testing Wed Feb 06 03:24:46 UTC 2019 /home/travis/build/icyphy/ptII/ptolemy/actor/lib/test/auto/Accumulator3.xml
----------------- Instantiating /home/travis/build/icyphy/ptII/ptolemy/actor/lib/test/auto/Accumulator3.xml
2 ms. Memory: 581632K Free: 194023K (33%)
----------------- Invoking toplevel() on ptolemy.moml.MoMLSimpleApplication@608394a0
----------------- Done invoking toplevel() on ptolemy.moml.MoMLSimpleApplication@608394a0
reloadAllAccessors: .Accumulator3

===========================================================================================
----------------- testing Wed Feb 06 03:24:47 UTC 2019 /home/travis/build/icyphy/ptII/ptolemy/actor/lib/test/auto/ArrayAppend.xml
----------------- Instantiating /home/travis/build/icyphy/ptII/ptolemy/actor/lib/test/auto/ArrayAppend.xml
7 ms. Memory: 581632K Free: 184274K (32%)
----------------- Invoking toplevel() on ptolemy.moml.MoMLSimpleApplication@4133f4bb
----------------- Done invoking toplevel() on ptolemy.moml.MoMLSimpleApplication@4133f4bb
reloadAllAccessors: .ArrayAppend

===========================================================================================
----------------- testing Wed Feb 06 03:24:47 UTC 2019 /home/travis/build/icyphy/ptII/ptolemy/actor/lib/test/auto/ArrayAppend2.xml
----------------- Instantiating /home/travis/build/icyphy/ptII/ptolemy/actor/lib/test/auto/ArrayAppend2.xml
364 ms. Memory: 581632K Free: 96537K (17%)
----------------- Invoking toplevel() on ptolemy.moml.MoMLSimpleApplication@c230539
----------------- Done invoking toplevel() on ptolemy.moml.MoMLSimpleApplication@c230539
reloadAllAccessors: .ArrayAppend2

===========================================================================================
----------------- testing Wed Feb 06 03:24:47 UTC 2019 /home/travis/build/icyphy/ptII/ptolemy/actor/lib/test/auto/ArrayAppend3.xml
----------------- Instantiating /home/travis/build/icyphy/ptII/ptolemy/actor/lib/test/auto/ArrayAppend3.xml
3 ms. Memory: 581632K Free: 77111K (13%)
----------------- Invoking toplevel() on ptolemy.moml.MoMLSimpleApplication@124c730
----------------- Done invoking toplevel() on ptolemy.moml.MoMLSimpleApplication@124c730
reloadAllAccessors: .ArrayAppend3

===========================================================================================
----------------- testing Wed Feb 06 03:24:47 UTC 2019 /home/travis/build/icyphy/ptII/ptolemy/actor/lib/test/auto/ArrayAppend4.xml
----------------- Instantiating /home/travis/build/icyphy/ptII/ptolemy/actor/lib/test/auto/ArrayAppend4.xml
2 ms. Memory: 581632K Free: 71105K (12%)
----------------- Invoking toplevel() on ptolemy.moml.MoMLSimpleApplication@511ea8c0
----------------- Done invoking toplevel() on ptolemy.moml.MoMLSimpleApplication@511ea8c0
reloadAllAccessors: .ArrayAppend4

===========================================================================================
----------------- testing Wed Feb 06 03:24:47 UTC 2019 /home/travis/build/icyphy/ptII/ptolemy/actor/lib/test/auto/ArrayAppend5.xml
----------------- Instantiating /home/travis/build/icyphy/ptII/ptolemy/actor/lib/test/auto/ArrayAppend5.xml
3 ms. Memory: 582656K Free: 527477K (91%)
----------------- Invoking toplevel() on ptolemy.moml.MoMLSimpleApplication@1ef27b9d
----------------- Done invoking toplevel() on ptolemy.moml.MoMLSimpleApplication@1ef27b9d
reloadAllAccessors: .ArrayAppend5

===========================================================================================
----------------- testing Wed Feb 06 03:24:47 UTC 2019 /home/travis/build/icyphy/ptII/ptolemy/actor/lib/test/auto/ArrayAppend6.xml
----------------- Instantiating /home/travis/build/icyphy/ptII/ptolemy/actor/lib/test/auto/ArrayAppend6.xml
3 ms. Memory: 582656K Free: 510083K (88%)
----------------- Invoking toplevel() on ptolemy.moml.MoMLSimpleApplication@6bbe8a87
----------------- Done invoking toplevel() on ptolemy.moml.MoMLSimpleApplication@6bbe8a87
reloadAllAccessors: .ArrayAppend6

===========================================================================================
----------------- testing Wed Feb 06 03:24:47 UTC 2019 /home/travis/build/icyphy/ptII/ptolemy/actor/lib/test/auto/ArrayAppendPerformanceTest.xml
----------------- Instantiating /home/travis/build/icyphy/ptII/ptolemy/actor/lib/test/auto/ArrayAppendPerformanceTest.xml
25 ms. Memory: 582656K Free: 495289K (85%)
----------------- Invoking toplevel() on ptolemy.moml.MoMLSimpleApplication@587be3f3
----------------- Done invoking toplevel() on ptolemy.moml.MoMLSimpleApplication@587be3f3
reloadAllAccessors: .ArrayAppendPerformanceTest

===========================================================================================
----------------- testing Wed Feb 06 03:24:47 UTC 2019 /home/travis/build/icyphy/ptII/ptolemy/actor/lib/test/auto/ArrayAppendWithEmptyInput.xml
----------------- Instantiating /home/travis/build/icyphy/ptII/ptolemy/actor/lib/test/auto/ArrayAppendWithEmptyInput.xml
8 ms. Memory: 582656K Free: 480650K (82%)
----------------- Invoking toplevel() on ptolemy.moml.MoMLSimpleApplication@7e93ad62
----------------- Done invoking toplevel() on ptolemy.moml.MoMLSimpleApplication@7e93ad62
reloadAllAccessors: .ArrayAppendWithEmptyInput

===========================================================================================
----------------- testing Wed Feb 06 03:24:47 UTC 2019 /home/travis/build/icyphy/ptII/ptolemy/actor/lib/test/auto/ArrayAverage.xml
----------------- Instantiating /home/travis/build/icyphy/ptII/ptolemy/actor/lib/test/auto/ArrayAverage.xml
5 ms. Memory: 582656K Free: 458366K (79%)
----------------- Invoking toplevel() on ptolemy.moml.MoMLSimpleApplication@3b4f13e1
----------------- Done invoking toplevel() on ptolemy.moml.MoMLSimpleApplication@3b4f13e1
reloadAllAccessors: .ArrayAverage

===========================================================================================
----------------- testing Wed Feb 06 03:24:47 UTC 2019 /home/travis/build/icyphy/ptII/ptolemy/actor/lib/test/auto/ArrayContains.xml
----------------- Instantiating /home/travis/build/icyphy/ptII/ptolemy/actor/lib/test/auto/ArrayContains.xml
10 ms. Memory: 582656K Free: 448617K (77%)
----------------- Invoking toplevel() on ptolemy.moml.MoMLSimpleApplication@6755aeae
----------------- Done invoking toplevel() on ptolemy.moml.MoMLSimpleApplication@6755aeae
reloadAllAccessors: .ArrayContains

===========================================================================================
----------------- testing Wed Feb 06 03:24:47 UTC 2019 /home/travis/build/icyphy/ptII/ptolemy/actor/lib/test/auto/ArrayElement.xml
----------------- Instantiating /home/travis/build/icyphy/ptII/ptolemy/actor/lib/test/auto/ArrayElement.xml
8 ms. Memory: 582656K Free: 438869K (75%)
----------------- Invoking toplevel() on ptolemy.moml.MoMLSimpleApplication@2c26021a
----------------- Done invoking toplevel() on ptolemy.moml.MoMLSimpleApplication@2c26021a
reloadAllAccessors: .ArrayElement

===========================================================================================
----------------- testing Wed Feb 06 03:24:47 UTC 2019 /home/travis/build/icyphy/ptII/ptolemy/actor/lib/test/auto/ArrayElementAsMatrix.xml
----------------- Instantiating /home/travis/build/icyphy/ptII/ptolemy/actor/lib/test/auto/ArrayElementAsMatrix.xml
16 ms. Memory: 582656K Free: 416584K (71%)
----------------- Invoking toplevel() on ptolemy.moml.MoMLSimpleApplication@1b9bfcd5
----------------- Done invoking toplevel() on ptolemy.moml.MoMLSimpleApplication@1b9bfcd5
reloadAllAccessors: .ArrayElementAsMatrix

===========================================================================================
----------------- testing Wed Feb 06 03:24:47 UTC 2019 /home/travis/build/icyphy/ptII/ptolemy/actor/lib/test/auto/ArrayElementI.xml
----------------- Instantiating /home/travis/build/icyphy/ptII/ptolemy/actor/lib/test/auto/ArrayElementI.xml
2 ms. Memory: 582656K Free: 406836K (70%)
----------------- Invoking toplevel() on ptolemy.moml.MoMLSimpleApplication@5ae74e54
----------------- Done invoking toplevel() on ptolemy.moml.MoMLSimpleApplication@5ae74e54
reloadAllAccessors: .ArrayElementI

===========================================================================================
----------------- testing Wed Feb 06 03:24:47 UTC 2019 /home/travis/build/icyphy/ptII/ptolemy/actor/lib/test/auto/ArrayExtract.xml
----------------- Instantiating /home/travis/build/icyphy/ptII/ptolemy/actor/lib/test/auto/ArrayExtract.xml
5 ms. Memory: 582656K Free: 397087K (68%)
----------------- Invoking toplevel() on ptolemy.moml.MoMLSimpleApplication@22d102e9
----------------- Done invoking toplevel() on ptolemy.moml.MoMLSimpleApplication@22d102e9
reloadAllAccessors: .ArrayExtract

===========================================================================================
----------------- testing Wed Feb 06 03:24:47 UTC 2019 /home/travis/build/icyphy/ptII/ptolemy/actor/lib/test/auto/ArrayExtract2.xml
----------------- Instantiating /home/travis/build/icyphy/ptII/ptolemy/actor/lib/test/auto/ArrayExtract2.xml
6 ms. Memory: 582656K Free: 387339K (66%)
----------------- Invoking toplevel() on ptolemy.moml.MoMLSimpleApplication@72964def
----------------- Done invoking toplevel() on ptolemy.moml.MoMLSimpleApplication@72964def
reloadAllAccessors: .ArrayExtract2

===========================================================================================
----------------- testing Wed Feb 06 03:24:48 UTC 2019 /home/travis/build/icyphy/ptII/ptolemy/actor/lib/test/auto/ArrayLength.xml
----------------- Instantiating /home/travis/build/icyphy/ptII/ptolemy/actor/lib/test/auto/ArrayLength.xml
1 ms. Memory: 582656K Free: 369945K (63%)
----------------- Invoking toplevel() on ptolemy.moml.MoMLSimpleApplication@c73a51c
----------------- Done invoking toplevel() on ptolemy.moml.MoMLSimpleApplication@c73a51c
reloadAllAccessors: .ArrayLength

===========================================================================================
----------------- testing Wed Feb 06 03:24:48 UTC 2019 /home/travis/build/icyphy/ptII/ptolemy/actor/lib/test/auto/ArrayLevelCrossing.xml
----------------- Instantiating /home/travis/build/icyphy/ptII/ptolemy/actor/lib/test/auto/ArrayLevelCrossing.xml
3 ms. Memory: 582656K Free: 355306K (61%)
----------------- Invoking toplevel() on ptolemy.moml.MoMLSimpleApplication@260cd14c
----------------- Done invoking toplevel() on ptolemy.moml.MoMLSimpleApplication@260cd14c
reloadAllAccessors: .ArrayLevelCrossing

===========================================================================================
----------------- testing Wed Feb 06 03:24:48 UTC 2019 /home/travis/build/icyphy/ptII/ptolemy/actor/lib/test/auto/ArrayLevelCrossing2.xml
----------------- Instantiating /home/travis/build/icyphy/ptII/ptolemy/actor/lib/test/auto/ArrayLevelCrossing2.xml
6 ms. Memory: 582656K Free: 345558K (59%)
----------------- Invoking toplevel() on ptolemy.moml.MoMLSimpleApplication@1abee43a
----------------- Done invoking toplevel() on ptolemy.moml.MoMLSimpleApplication@1abee43a
reloadAllAccessors: .ArrayLevelCrossing2

===========================================================================================
----------------- testing Wed Feb 06 03:24:48 UTC 2019 /home/travis/build/icyphy/ptII/ptolemy/actor/lib/test/auto/ArrayPeakSearch.xml
----------------- Instantiating /home/travis/build/icyphy/ptII/ptolemy/actor/lib/test/auto/ArrayPeakSearch.xml
7 ms. Memory: 582656K Free: 323273K (55%)
----------------- Invoking toplevel() on ptolemy.moml.MoMLSimpleApplication@5cf86215
----------------- Done invoking toplevel() on ptolemy.moml.MoMLSimpleApplication@5cf86215
reloadAllAccessors: .ArrayPeakSearch

===========================================================================================
----------------- testing Wed Feb 06 03:24:48 UTC 2019 /home/travis/build/icyphy/ptII/ptolemy/actor/lib/test/auto/ArrayPeakSearch2.xml
----------------- Instantiating /home/travis/build/icyphy/ptII/ptolemy/actor/lib/test/auto/ArrayPeakSearch2.xml
8 ms. Memory: 582656K Free: 308634K (53%)
----------------- Invoking toplevel() on ptolemy.moml.MoMLSimpleApplication@7bd2d420
----------------- Done invoking toplevel() on ptolemy.moml.MoMLSimpleApplication@7bd2d420
reloadAllAccessors: .ArrayPeakSearch2

===========================================================================================
----------------- testing Wed Feb 06 03:24:48 UTC 2019 /home/travis/build/icyphy/ptII/ptolemy/actor/lib/test/auto/ArrayPeakSearch3.xml
----------------- Instantiating /home/travis/build/icyphy/ptII/ptolemy/actor/lib/test/auto/ArrayPeakSearch3.xml
6 ms. Memory: 582656K Free: 293996K (50%)
----------------- Invoking toplevel() on ptolemy.moml.MoMLSimpleApplication@24111bf
----------------- Done invoking toplevel() on ptolemy.moml.MoMLSimpleApplication@24111bf
reloadAllAccessors: .ArrayPeakSearch3

===========================================================================================
----------------- testing Wed Feb 06 03:24:48 UTC 2019 /home/travis/build/icyphy/ptII/ptolemy/actor/lib/test/auto/ArrayRemoveElement.xml
----------------- Instantiating /home/travis/build/icyphy/ptII/ptolemy/actor/lib/test/auto/ArrayRemoveElement.xml
3 ms. Memory: 582656K Free: 279357K (48%)
----------------- Invoking toplevel() on ptolemy.moml.MoMLSimpleApplication@71ef2127
----------------- Done invoking toplevel() on ptolemy.moml.MoMLSimpleApplication@71ef2127
reloadAllAccessors: .ArrayRemoveElement

===========================================================================================
----------------- testing Wed Feb 06 03:24:48 UTC 2019 /home/travis/build/icyphy/ptII/ptolemy/actor/lib/test/auto/ArraySort.xml
----------------- Instantiating /home/travis/build/icyphy/ptII/ptolemy/actor/lib/test/auto/ArraySort.xml
5 ms. Memory: 582656K Free: 257073K (44%)
----------------- Invoking toplevel() on ptolemy.moml.MoMLSimpleApplication@ba0f8f9
----------------- Done invoking toplevel() on ptolemy.moml.MoMLSimpleApplication@ba0f8f9
reloadAllAccessors: .ArraySort

===========================================================================================
----------------- testing Wed Feb 06 03:24:48 UTC 2019 /home/travis/build/icyphy/ptII/ptolemy/actor/lib/test/auto/ArraySum.xml
----------------- Instantiating /home/travis/build/icyphy/ptII/ptolemy/actor/lib/test/auto/ArraySum.xml
2 ms. Memory: 582656K Free: 247324K (42%)
----------------- Invoking toplevel() on ptolemy.moml.MoMLSimpleApplication@78f255b2
----------------- Done invoking toplevel() on ptolemy.moml.MoMLSimpleApplication@78f255b2
reloadAllAccessors: .ArraySum

===========================================================================================
----------------- testing Wed Feb 06 03:24:48 UTC 2019 /home/travis/build/icyphy/ptII/ptolemy/actor/lib/test/auto/ArrayToElements.xml
----------------- Instantiating /home/travis/build/icyphy/ptII/ptolemy/actor/lib/test/auto/ArrayToElements.xml
3 ms. Memory: 582656K Free: 237575K (41%)
----------------- Invoking toplevel() on ptolemy.moml.MoMLSimpleApplication@52f7dc49
----------------- Done invoking toplevel() on ptolemy.moml.MoMLSimpleApplication@52f7dc49
reloadAllAccessors: .ArrayToElements

===========================================================================================
----------------- testing Wed Feb 06 03:24:48 UTC 2019 /home/travis/build/icyphy/ptII/ptolemy/actor/lib/test/auto/ArrayToMatrix.xml
----------------- Instantiating /home/travis/build/icyphy/ptII/ptolemy/actor/lib/test/auto/ArrayToMatrix.xml
4 ms. Memory: 582656K Free: 210417K (36%)
----------------- Invoking toplevel() on ptolemy.moml.MoMLSimpleApplication@2035896f
----------------- Done invoking toplevel() on ptolemy.moml.MoMLSimpleApplication@2035896f
reloadAllAccessors: .ArrayToMatrix

===========================================================================================
----------------- testing Wed Feb 06 03:24:48 UTC 2019 /home/travis/build/icyphy/ptII/ptolemy/actor/lib/test/auto/ArrayUpdate1.xml
----------------- Instantiating /home/travis/build/icyphy/ptII/ptolemy/actor/lib/test/auto/ArrayUpdate1.xml
2 ms. Memory: 582656K Free: 200668K (34%)
----------------- Invoking toplevel() on ptolemy.moml.MoMLSimpleApplication@9836a16
----------------- Done invoking toplevel() on ptolemy.moml.MoMLSimpleApplication@9836a16
reloadAllAccessors: .ArrayUpdate1

===========================================================================================
----------------- testing Wed Feb 06 03:24:48 UTC 2019 /home/travis/build/icyphy/ptII/ptolemy/actor/lib/test/auto/ArrayUpdate2.xml
----------------- Instantiating /home/travis/build/icyphy/ptII/ptolemy/actor/lib/test/auto/ArrayUpdate2.xml
2 ms. Memory: 582656K Free: 190920K (33%)
----------------- Invoking toplevel() on ptolemy.moml.MoMLSimpleApplication@12cc87d2
----------------- Done invoking toplevel() on ptolemy.moml.MoMLSimpleApplication@12cc87d2
reloadAllAccessors: .ArrayUpdate2

===========================================================================================
----------------- testing Wed Feb 06 03:24:48 UTC 2019 /home/travis/build/icyphy/ptII/ptolemy/actor/lib/test/auto/ArrayUpdate3.xml
----------------- Instantiating /home/travis/build/icyphy/ptII/ptolemy/actor/lib/test/auto/ArrayUpdate3.xml
1 ms. Memory: 582656K Free: 181171K (31%)
----------------- Invoking toplevel() on ptolemy.moml.MoMLSimpleApplication@637a19bd
----------------- Done invoking toplevel() on ptolemy.moml.MoMLSimpleApplication@637a19bd
reloadAllAccessors: .ArrayUpdate3

===========================================================================================
----------------- testing Wed Feb 06 03:24:48 UTC 2019 /home/travis/build/icyphy/ptII/ptolemy/actor/lib/test/auto/Assert1.xml
----------------- Instantiating /home/travis/build/icyphy/ptII/ptolemy/actor/lib/test/auto/Assert1.xml
4 ms. Memory: 582656K Free: 163777K (28%)
----------------- Invoking toplevel() on ptolemy.moml.MoMLSimpleApplication@2e368fff
----------------- Done invoking toplevel() on ptolemy.moml.MoMLSimpleApplication@2e368fff
reloadAllAccessors: .Assert1

===========================================================================================
----------------- testing Wed Feb 06 03:24:48 UTC 2019 /home/travis/build/icyphy/ptII/ptolemy/actor/lib/test/auto/Assert2.xml
----------------- Instantiating /home/travis/build/icyphy/ptII/ptolemy/actor/lib/test/auto/Assert2.xml
2 ms. Memory: 582656K Free: 154029K (26%)
----------------- Invoking toplevel() on ptolemy.moml.MoMLSimpleApplication@c9675c1
----------------- Done invoking toplevel() on ptolemy.moml.MoMLSimpleApplication@c9675c1
reloadAllAccessors: .Assert2

===========================================================================================
----------------- testing Wed Feb 06 03:24:48 UTC 2019 /home/travis/build/icyphy/ptII/ptolemy/actor/lib/test/auto/BooleanMultiplexor.xml
----------------- Instantiating /home/travis/build/icyphy/ptII/ptolemy/actor/lib/test/auto/BooleanMultiplexor.xml
4 ms. Memory: 582656K Free: 144280K (25%)
----------------- Invoking toplevel() on ptolemy.moml.MoMLSimpleApplication@1a1211e
----------------- Done invoking toplevel() on ptolemy.moml.MoMLSimpleApplication@1a1211e
reloadAllAccessors: .BooleanMultiplexor

===========================================================================================
----------------- testing Wed Feb 06 03:24:48 UTC 2019 /home/travis/build/icyphy/ptII/ptolemy/actor/lib/test/auto/BooleanMultiplexor2.xml
----------------- Instantiating /home/travis/build/icyphy/ptII/ptolemy/actor/lib/test/auto/BooleanMultiplexor2.xml
3 ms. Memory: 582656K Free: 126886K (22%)
----------------- Invoking toplevel() on ptolemy.moml.MoMLSimpleApplication@22114042
----------------- Done invoking toplevel() on ptolemy.moml.MoMLSimpleApplication@22114042
reloadAllAccessors: .BooleanMultiplexor2

===========================================================================================
----------------- testing Wed Feb 06 03:24:48 UTC 2019 /home/travis/build/icyphy/ptII/ptolemy/actor/lib/test/auto/BooleanMultiplexor3.xml
----------------- Instantiating /home/travis/build/icyphy/ptII/ptolemy/actor/lib/test/auto/BooleanMultiplexor3.xml
2 ms. Memory: 582656K Free: 117138K (20%)
----------------- Invoking toplevel() on ptolemy.moml.MoMLSimpleApplication@406cb91b
----------------- Done invoking toplevel() on ptolemy.moml.MoMLSimpleApplication@406cb91b
reloadAllAccessors: .BooleanMultiplexor3

===========================================================================================
----------------- testing Wed Feb 06 03:24:48 UTC 2019 /home/travis/build/icyphy/ptII/ptolemy/actor/lib/test/auto/BooleanSelect.xml
----------------- Instantiating /home/travis/build/icyphy/ptII/ptolemy/actor/lib/test/auto/BooleanSelect.xml
3 ms. Memory: 582656K Free: 107389K (18%)
----------------- Invoking toplevel() on ptolemy.moml.MoMLSimpleApplication@5e7a7d5f
----------------- Done invoking toplevel() on ptolemy.moml.MoMLSimpleApplication@5e7a7d5f
reloadAllAccessors: .BooleanSelect

===========================================================================================
----------------- testing Wed Feb 06 03:24:48 UTC 2019 /home/travis/build/icyphy/ptII/ptolemy/actor/lib/test/auto/BooleanSelect2.xml
----------------- Instantiating /home/travis/build/icyphy/ptII/ptolemy/actor/lib/test/auto/BooleanSelect2.xml
1 ms. Memory: 582656K Free: 97641K (17%)
----------------- Invoking toplevel() on ptolemy.moml.MoMLSimpleApplication@6bbd54b8
----------------- Done invoking toplevel() on ptolemy.moml.MoMLSimpleApplication@6bbd54b8
reloadAllAccessors: .BooleanSelect2

===========================================================================================
----------------- testing Wed Feb 06 03:24:48 UTC 2019 /home/travis/build/icyphy/ptII/ptolemy/actor/lib/test/auto/BooleanSwitch.xml
----------------- Instantiating /home/travis/build/icyphy/ptII/ptolemy/actor/lib/test/auto/BooleanSwitch.xml
2 ms. Memory: 582656K Free: 80246K (14%)
----------------- Invoking toplevel() on ptolemy.moml.MoMLSimpleApplication@30089223
----------------- Done invoking toplevel() on ptolemy.moml.MoMLSimpleApplication@30089223
reloadAllAccessors: .BooleanSwitch

===========================================================================================
----------------- testing Wed Feb 06 03:24:48 UTC 2019 /home/travis/build/icyphy/ptII/ptolemy/actor/lib/test/auto/BooleanSwitch2.xml
----------------- Instantiating /home/travis/build/icyphy/ptII/ptolemy/actor/lib/test/auto/BooleanSwitch2.xml
1 ms. Memory: 582656K Free: 70498K (12%)
----------------- Invoking toplevel() on ptolemy.moml.MoMLSimpleApplication@6ef018f3
----------------- Done invoking toplevel() on ptolemy.moml.MoMLSimpleApplication@6ef018f3
reloadAllAccessors: .BooleanSwitch2

===========================================================================================
----------------- testing Wed Feb 06 03:24:48 UTC 2019 /home/travis/build/icyphy/ptII/ptolemy/actor/lib/test/auto/BooleanSwitchCloningBugWithClassRelationGroup.xml
----------------- Instantiating /home/travis/build/icyphy/ptII/ptolemy/actor/lib/test/auto/BooleanSwitchCloningBugWithClassRelationGroup.xml
2 ms. Memory: 582656K Free: 55867K (10%)
----------------- Invoking toplevel() on ptolemy.moml.MoMLSimpleApplication@60d0a7a3
----------------- Done invoking toplevel() on ptolemy.moml.MoMLSimpleApplication@60d0a7a3
reloadAllAccessors: .BooleanSwitchCloningBugWithClassRelationGroup

===========================================================================================
----------------- testing Wed Feb 06 03:24:48 UTC 2019 /home/travis/build/icyphy/ptII/ptolemy/actor/lib/test/auto/BusActors.xml
----------------- Instantiating /home/travis/build/icyphy/ptII/ptolemy/actor/lib/test/auto/BusActors.xml
5 ms. Memory: 880640K Free: 818574K (93%)
----------------- Invoking toplevel() on ptolemy.moml.MoMLSimpleApplication@59391418
----------------- Done invoking toplevel() on ptolemy.moml.MoMLSimpleApplication@59391418
reloadAllAccessors: .BusActors

===========================================================================================
----------------- testing Wed Feb 06 03:24:48 UTC 2019 /home/travis/build/icyphy/ptII/ptolemy/actor/lib/test/auto/ClassWrapper.xml
----------------- Instantiating /home/travis/build/icyphy/ptII/ptolemy/actor/lib/test/auto/ClassWrapper.xml
2 ms. Memory: 880640K Free: 799308K (91%)
----------------- Invoking toplevel() on ptolemy.moml.MoMLSimpleApplication@38c0e15e
----------------- Done invoking toplevel() on ptolemy.moml.MoMLSimpleApplication@38c0e15e
reloadAllAccessors: .ClassWrapper

===========================================================================================
----------------- testing Wed Feb 06 03:24:48 UTC 2019 /home/travis/build/icyphy/ptII/ptolemy/actor/lib/test/auto/Clock.xml
----------------- Instantiating /home/travis/build/icyphy/ptII/ptolemy/actor/lib/test/auto/Clock.xml
1 ms. Memory: 880640K Free: 788741K (90%)
----------------- Invoking toplevel() on ptolemy.moml.MoMLSimpleApplication@19a90e19
----------------- Done invoking toplevel() on ptolemy.moml.MoMLSimpleApplication@19a90e19
reloadAllAccessors: .Clock

===========================================================================================
----------------- testing Wed Feb 06 03:24:48 UTC 2019 /home/travis/build/icyphy/ptII/ptolemy/actor/lib/test/auto/Clock10.xml
----------------- Instantiating /home/travis/build/icyphy/ptII/ptolemy/actor/lib/test/auto/Clock10.xml
2 ms. Memory: 880640K Free: 778338K (88%)
----------------- Invoking toplevel() on ptolemy.moml.MoMLSimpleApplication@5dfde8d7
----------------- Done invoking toplevel() on ptolemy.moml.MoMLSimpleApplication@5dfde8d7
reloadAllAccessors: .Clock10

===========================================================================================
----------------- testing Wed Feb 06 03:24:48 UTC 2019 /home/travis/build/icyphy/ptII/ptolemy/actor/lib/test/auto/Clock11.xml
----------------- Instantiating /home/travis/build/icyphy/ptII/ptolemy/actor/lib/test/auto/Clock11.xml
2 ms. Memory: 880640K Free: 759071K (86%)
----------------- Invoking toplevel() on ptolemy.moml.MoMLSimpleApplication@7f047814
----------------- Done invoking toplevel() on ptolemy.moml.MoMLSimpleApplication@7f047814
reloadAllAccessors: .Clock11

===========================================================================================
----------------- testing Wed Feb 06 03:24:48 UTC 2019 /home/travis/build/icyphy/ptII/ptolemy/actor/lib/test/auto/Clock12.xml
----------------- Instantiating /home/travis/build/icyphy/ptII/ptolemy/actor/lib/test/auto/Clock12.xml
2 ms. Memory: 880640K Free: 748667K (85%)
----------------- Invoking toplevel() on ptolemy.moml.MoMLSimpleApplication@5ca90e75
----------------- Done invoking toplevel() on ptolemy.moml.MoMLSimpleApplication@5ca90e75
reloadAllAccessors: .Clock12

===========================================================================================
----------------- testing Wed Feb 06 03:24:48 UTC 2019 /home/travis/build/icyphy/ptII/ptolemy/actor/lib/test/auto/Clock13.xml
----------------- Instantiating /home/travis/build/icyphy/ptII/ptolemy/actor/lib/test/auto/Clock13.xml
2 ms. Memory: 880640K Free: 738263K (84%)
----------------- Invoking toplevel() on ptolemy.moml.MoMLSimpleApplication@297d0c41
----------------- Done invoking toplevel() on ptolemy.moml.MoMLSimpleApplication@297d0c41
reloadAllAccessors: .Clock13

===========================================================================================
----------------- testing Wed Feb 06 03:24:48 UTC 2019 /home/travis/build/icyphy/ptII/ptolemy/actor/lib/test/auto/Clock14.xml
----------------- Instantiating /home/travis/build/icyphy/ptII/ptolemy/actor/lib/test/auto/Clock14.xml
2 ms. Memory: 880640K Free: 727859K (83%)
----------------- Invoking toplevel() on ptolemy.moml.MoMLSimpleApplication@962b3ff
----------------- Done invoking toplevel() on ptolemy.moml.MoMLSimpleApplication@962b3ff
reloadAllAccessors: .Clock14

===========================================================================================
----------------- testing Wed Feb 06 03:24:48 UTC 2019 /home/travis/build/icyphy/ptII/ptolemy/actor/lib/test/auto/Clock15.xml
----------------- Instantiating /home/travis/build/icyphy/ptII/ptolemy/actor/lib/test/auto/Clock15.xml
7 ms. Memory: 880640K Free: 708593K (80%)
----------------- Invoking toplevel() on ptolemy.moml.MoMLSimpleApplication@3ee79168
----------------- Done invoking toplevel() on ptolemy.moml.MoMLSimpleApplication@3ee79168
reloadAllAccessors: .Clock15

===========================================================================================
----------------- testing Wed Feb 06 03:24:49 UTC 2019 /home/travis/build/icyphy/ptII/ptolemy/actor/lib/test/auto/Clock16.xml
----------------- Instantiating /home/travis/build/icyphy/ptII/ptolemy/actor/lib/test/auto/Clock16.xml
25 ms. Memory: 880640K Free: 692971K (79%)
----------------- Invoking toplevel() on ptolemy.moml.MoMLSimpleApplication@3e96b5cd
----------------- Done invoking toplevel() on ptolemy.moml.MoMLSimpleApplication@3e96b5cd
reloadAllAccessors: .Clock16

===========================================================================================
----------------- testing Wed Feb 06 03:24:49 UTC 2019 /home/travis/build/icyphy/ptII/ptolemy/actor/lib/test/auto/Clock17.xml
----------------- Instantiating /home/travis/build/icyphy/ptII/ptolemy/actor/lib/test/auto/Clock17.xml
21 ms. Memory: 880640K Free: 677349K (77%)
----------------- Invoking toplevel() on ptolemy.moml.MoMLSimpleApplication@13f6be52
----------------- Done invoking toplevel() on ptolemy.moml.MoMLSimpleApplication@13f6be52
reloadAllAccessors: .Clock17

===========================================================================================
----------------- testing Wed Feb 06 03:24:49 UTC 2019 /home/travis/build/icyphy/ptII/ptolemy/actor/lib/test/auto/Clock18.xml
----------------- Instantiating /home/travis/build/icyphy/ptII/ptolemy/actor/lib/test/auto/Clock18.xml
13 ms. Memory: 880640K Free: 661727K (75%)
----------------- Invoking toplevel() on ptolemy.moml.MoMLSimpleApplication@218dc0b6
----------------- Done invoking toplevel() on ptolemy.moml.MoMLSimpleApplication@218dc0b6
reloadAllAccessors: .Clock18

===========================================================================================
----------------- testing Wed Feb 06 03:24:49 UTC 2019 /home/travis/build/icyphy/ptII/ptolemy/actor/lib/test/auto/Clock19.xml
----------------- Instantiating /home/travis/build/icyphy/ptII/ptolemy/actor/lib/test/auto/Clock19.xml
14 ms. Memory: 880640K Free: 637251K (72%)
----------------- Invoking toplevel() on ptolemy.moml.MoMLSimpleApplication@3d0ebb28
----------------- Done invoking toplevel() on ptolemy.moml.MoMLSimpleApplication@3d0ebb28
reloadAllAccessors: .Clock19

===========================================================================================
----------------- testing Wed Feb 06 03:24:49 UTC 2019 /home/travis/build/icyphy/ptII/ptolemy/actor/lib/test/auto/Clock2.xml
----------------- Instantiating /home/travis/build/icyphy/ptII/ptolemy/actor/lib/test/auto/Clock2.xml
9 ms. Memory: 880640K Free: 626847K (71%)
----------------- Invoking toplevel() on ptolemy.moml.MoMLSimpleApplication@3f020ad7
----------------- Done invoking toplevel() on ptolemy.moml.MoMLSimpleApplication@3f020ad7
reloadAllAccessors: .Clock2

===========================================================================================
----------------- testing Wed Feb 06 03:24:49 UTC 2019 /home/travis/build/icyphy/ptII/ptolemy/actor/lib/test/auto/Clock20.xml
----------------- Instantiating /home/travis/build/icyphy/ptII/ptolemy/actor/lib/test/auto/Clock20.xml
12 ms. Memory: 880640K Free: 616443K (70%)
----------------- Invoking toplevel() on ptolemy.moml.MoMLSimpleApplication@4d4d5b2f
----------------- Done invoking toplevel() on ptolemy.moml.MoMLSimpleApplication@4d4d5b2f
reloadAllAccessors: .Clock20

===========================================================================================
----------------- testing Wed Feb 06 03:24:49 UTC 2019 /home/travis/build/icyphy/ptII/ptolemy/actor/lib/test/auto/Clock21.xml
----------------- Instantiating /home/travis/build/icyphy/ptII/ptolemy/actor/lib/test/auto/Clock21.xml
7 ms. Memory: 880640K Free: 606039K (69%)
----------------- Invoking toplevel() on ptolemy.moml.MoMLSimpleApplication@20e47845
----------------- Done invoking toplevel() on ptolemy.moml.MoMLSimpleApplication@20e47845
reloadAllAccessors: .Clock21

===========================================================================================
----------------- testing Wed Feb 06 03:24:49 UTC 2019 /home/travis/build/icyphy/ptII/ptolemy/actor/lib/test/auto/Clock22.xml
----------------- Instantiating /home/travis/build/icyphy/ptII/ptolemy/actor/lib/test/auto/Clock22.xml
7 ms. Memory: 880640K Free: 586772K (67%)
----------------- Invoking toplevel() on ptolemy.moml.MoMLSimpleApplication@17570f99
----------------- Done invoking toplevel() on ptolemy.moml.MoMLSimpleApplication@17570f99
reloadAllAccessors: .Clock22

===========================================================================================
----------------- testing Wed Feb 06 03:24:49 UTC 2019 /home/travis/build/icyphy/ptII/ptolemy/actor/lib/test/auto/Clock23.xml
----------------- Instantiating /home/travis/build/icyphy/ptII/ptolemy/actor/lib/test/auto/Clock23.xml
8 ms. Memory: 880640K Free: 576368K (65%)
----------------- Invoking toplevel() on ptolemy.moml.MoMLSimpleApplication@1896480
----------------- Done invoking toplevel() on ptolemy.moml.MoMLSimpleApplication@1896480
reloadAllAccessors: .Clock23

===========================================================================================
----------------- testing Wed Feb 06 03:24:49 UTC 2019 /home/travis/build/icyphy/ptII/ptolemy/actor/lib/test/auto/Clock24.xml
----------------- Instantiating /home/travis/build/icyphy/ptII/ptolemy/actor/lib/test/auto/Clock24.xml
6 ms. Memory: 880640K Free: 565964K (64%)
----------------- Invoking toplevel() on ptolemy.moml.MoMLSimpleApplication@4335ad55
----------------- Done invoking toplevel() on ptolemy.moml.MoMLSimpleApplication@4335ad55
reloadAllAccessors: .Clock24

===========================================================================================
----------------- testing Wed Feb 06 03:24:49 UTC 2019 /home/travis/build/icyphy/ptII/ptolemy/actor/lib/test/auto/Clock4.xml
----------------- Instantiating /home/travis/build/icyphy/ptII/ptolemy/actor/lib/test/auto/Clock4.xml
6 ms. Memory: 880640K Free: 555561K (63%)
----------------- Invoking toplevel() on ptolemy.moml.MoMLSimpleApplication@2fb7319b
----------------- Done invoking toplevel() on ptolemy.moml.MoMLSimpleApplication@2fb7319b
reloadAllAccessors: .Clock4

===========================================================================================
----------------- testing Wed Feb 06 03:24:49 UTC 2019 /home/travis/build/icyphy/ptII/ptolemy/actor/lib/test/auto/Clock5.xml
----------------- Instantiating /home/travis/build/icyphy/ptII/ptolemy/actor/lib/test/auto/Clock5.xml
1 ms. Memory: 880640K Free: 536294K (61%)
----------------- Invoking toplevel() on ptolemy.moml.MoMLSimpleApplication@2c5195b7
----------------- Done invoking toplevel() on ptolemy.moml.MoMLSimpleApplication@2c5195b7
reloadAllAccessors: .Clock5

===========================================================================================
----------------- testing Wed Feb 06 03:24:49 UTC 2019 /home/travis/build/icyphy/ptII/ptolemy/actor/lib/test/auto/Clock6.xml
----------------- Instantiating /home/travis/build/icyphy/ptII/ptolemy/actor/lib/test/auto/Clock6.xml
2 ms. Memory: 880640K Free: 525890K (60%)
----------------- Invoking toplevel() on ptolemy.moml.MoMLSimpleApplication@6fcf16ff
----------------- Done invoking toplevel() on ptolemy.moml.MoMLSimpleApplication@6fcf16ff
reloadAllAccessors: .Clock6

===========================================================================================
----------------- testing Wed Feb 06 03:24:49 UTC 2019 /home/travis/build/icyphy/ptII/ptolemy/actor/lib/test/auto/Clock7.xml
----------------- Instantiating /home/travis/build/icyphy/ptII/ptolemy/actor/lib/test/auto/Clock7.xml
2 ms. Memory: 880640K Free: 515486K (59%)
----------------- Invoking toplevel() on ptolemy.moml.MoMLSimpleApplication@715c1374
----------------- Done invoking toplevel() on ptolemy.moml.MoMLSimpleApplication@715c1374
reloadAllAccessors: .Clock7

===========================================================================================
----------------- testing Wed Feb 06 03:24:49 UTC 2019 /home/travis/build/icyphy/ptII/ptolemy/actor/lib/test/auto/Clock8.xml
----------------- Instantiating /home/travis/build/icyphy/ptII/ptolemy/actor/lib/test/auto/Clock8.xml
6 ms. Memory: 880640K Free: 505082K (57%)
----------------- Invoking toplevel() on ptolemy.moml.MoMLSimpleApplication@3c02d793
----------------- Done invoking toplevel() on ptolemy.moml.MoMLSimpleApplication@3c02d793
reloadAllAccessors: .Clock8

===========================================================================================
----------------- testing Wed Feb 06 03:24:49 UTC 2019 /home/travis/build/icyphy/ptII/ptolemy/actor/lib/test/auto/Clock9.xml
----------------- Instantiating /home/travis/build/icyphy/ptII/ptolemy/actor/lib/test/auto/Clock9.xml
7 ms. Memory: 880640K Free: 485816K (55%)
----------------- Invoking toplevel() on ptolemy.moml.MoMLSimpleApplication@555ea365
----------------- Done invoking toplevel() on ptolemy.moml.MoMLSimpleApplication@555ea365
reloadAllAccessors: .Clock9

===========================================================================================
----------------- testing Wed Feb 06 03:24:49 UTC 2019 /home/travis/build/icyphy/ptII/ptolemy/actor/lib/test/auto/CommDistDiscard.xml
----------------- Instantiating /home/travis/build/icyphy/ptII/ptolemy/actor/lib/test/auto/CommDistDiscard.xml
3 ms. Memory: 880640K Free: 475412K (54%)
----------------- Invoking toplevel() on ptolemy.moml.MoMLSimpleApplication@7df53544
----------------- Done invoking toplevel() on ptolemy.moml.MoMLSimpleApplication@7df53544
reloadAllAccessors: .CommDistDiscard

===========================================================================================
----------------- testing Wed Feb 06 03:24:49 UTC 2019 /home/travis/build/icyphy/ptII/ptolemy/actor/lib/test/auto/Commutator.xml
----------------- Instantiating /home/travis/build/icyphy/ptII/ptolemy/actor/lib/test/auto/Commutator.xml
1 ms. Memory: 880640K Free: 465008K (53%)
----------------- Invoking toplevel() on ptolemy.moml.MoMLSimpleApplication@38f3b295
----------------- Done invoking toplevel() on ptolemy.moml.MoMLSimpleApplication@38f3b295
reloadAllAccessors: .Commutator

===========================================================================================
----------------- testing Wed Feb 06 03:24:49 UTC 2019 /home/travis/build/icyphy/ptII/ptolemy/actor/lib/test/auto/Commutator2.xml
----------------- Instantiating /home/travis/build/icyphy/ptII/ptolemy/actor/lib/test/auto/Commutator2.xml
1 ms. Memory: 880640K Free: 454604K (52%)
----------------- Invoking toplevel() on ptolemy.moml.MoMLSimpleApplication@5f78d740
----------------- Done invoking toplevel() on ptolemy.moml.MoMLSimpleApplication@5f78d740
reloadAllAccessors: .Commutator2

===========================================================================================
----------------- testing Wed Feb 06 03:24:49 UTC 2019 /home/travis/build/icyphy/ptII/ptolemy/actor/lib/test/auto/Commutator3.xml
----------------- Instantiating /home/travis/build/icyphy/ptII/ptolemy/actor/lib/test/auto/Commutator3.xml
1 ms. Memory: 880640K Free: 435337K (49%)
----------------- Invoking toplevel() on ptolemy.moml.MoMLSimpleApplication@44e49345
----------------- Done invoking toplevel() on ptolemy.moml.MoMLSimpleApplication@44e49345
reloadAllAccessors: .Commutator3

===========================================================================================
----------------- testing Wed Feb 06 03:24:49 UTC 2019 /home/travis/build/icyphy/ptII/ptolemy/actor/lib/test/auto/Compare.xml
----------------- Instantiating /home/travis/build/icyphy/ptII/ptolemy/actor/lib/test/auto/Compare.xml
1 ms. Memory: 880640K Free: 424933K (48%)
----------------- Invoking toplevel() on ptolemy.moml.MoMLSimpleApplication@1ebd193b
----------------- Done invoking toplevel() on ptolemy.moml.MoMLSimpleApplication@1ebd193b
reloadAllAccessors: .Compare

===========================================================================================
----------------- testing Wed Feb 06 03:24:49 UTC 2019 /home/travis/build/icyphy/ptII/ptolemy/actor/lib/test/auto/CompareDE.xml
----------------- Instantiating /home/travis/build/icyphy/ptII/ptolemy/actor/lib/test/auto/CompareDE.xml
4 ms. Memory: 880640K Free: 414530K (47%)
----------------- Invoking toplevel() on ptolemy.moml.MoMLSimpleApplication@5c10b45a
----------------- Done invoking toplevel() on ptolemy.moml.MoMLSimpleApplication@5c10b45a
reloadAllAccessors: .CompareDE

===========================================================================================
----------------- testing Wed Feb 06 03:24:49 UTC 2019 /home/travis/build/icyphy/ptII/ptolemy/actor/lib/test/auto/ComplexDivide.xml
----------------- Instantiating /home/travis/build/icyphy/ptII/ptolemy/actor/lib/test/auto/ComplexDivide.xml
1 ms. Memory: 880640K Free: 404126K (46%)
----------------- Invoking toplevel() on ptolemy.moml.MoMLSimpleApplication@320b54d6
----------------- Done invoking toplevel() on ptolemy.moml.MoMLSimpleApplication@320b54d6
reloadAllAccessors: .ComplexDivide

===========================================================================================
----------------- testing Wed Feb 06 03:24:49 UTC 2019 /home/travis/build/icyphy/ptII/ptolemy/actor/lib/test/auto/ComputeHistogram.xml
----------------- Instantiating /home/travis/build/icyphy/ptII/ptolemy/actor/lib/test/auto/ComputeHistogram.xml
33 ms. Memory: 880640K Free: 379641K (43%)
----------------- Invoking toplevel() on ptolemy.moml.MoMLSimpleApplication@738ec652
----------------- Done invoking toplevel() on ptolemy.moml.MoMLSimpleApplication@738ec652
reloadAllAccessors: .ComputeHistogram

===========================================================================================
----------------- testing Wed Feb 06 03:24:49 UTC 2019 /home/travis/build/icyphy/ptII/ptolemy/actor/lib/test/auto/ConfigurationSelect.xml
----------------- Instantiating /home/travis/build/icyphy/ptII/ptolemy/actor/lib/test/auto/ConfigurationSelect.xml
2 ms. Memory: 880640K Free: 369237K (42%)
----------------- Invoking toplevel() on ptolemy.moml.MoMLSimpleApplication@5fa3f25e
----------------- Done invoking toplevel() on ptolemy.moml.MoMLSimpleApplication@5fa3f25e
reloadAllAccessors: .ConfigurationSelect

===========================================================================================
----------------- testing Wed Feb 06 03:24:49 UTC 2019 /home/travis/build/icyphy/ptII/ptolemy/actor/lib/test/auto/ConfigurationSelect2.xml
----------------- Instantiating /home/travis/build/icyphy/ptII/ptolemy/actor/lib/test/auto/ConfigurationSelect2.xml
2 ms. Memory: 880640K Free: 358834K (41%)
----------------- Invoking toplevel() on ptolemy.moml.MoMLSimpleApplication@4143ea1f
----------------- Done invoking toplevel() on ptolemy.moml.MoMLSimpleApplication@4143ea1f
reloadAllAccessors: .ConfigurationSelect2

===========================================================================================
----------------- testing Wed Feb 06 03:24:49 UTC 2019 /home/travis/build/icyphy/ptII/ptolemy/actor/lib/test/auto/ConfigurationSwitch.xml
----------------- Instantiating /home/travis/build/icyphy/ptII/ptolemy/actor/lib/test/auto/ConfigurationSwitch.xml
1 ms. Memory: 880640K Free: 348430K (40%)
----------------- Invoking toplevel() on ptolemy.moml.MoMLSimpleApplication@3ab957c3
----------------- Done invoking toplevel() on ptolemy.moml.MoMLSimpleApplication@3ab957c3
reloadAllAccessors: .ConfigurationSwitch

===========================================================================================
----------------- testing Wed Feb 06 03:24:49 UTC 2019 /home/travis/build/icyphy/ptII/ptolemy/actor/lib/test/auto/ConfigurationSwitch2.xml
----------------- Instantiating /home/travis/build/icyphy/ptII/ptolemy/actor/lib/test/auto/ConfigurationSwitch2.xml
3 ms. Memory: 880640K Free: 329163K (37%)
----------------- Invoking toplevel() on ptolemy.moml.MoMLSimpleApplication@1fbbe3c8
----------------- Done invoking toplevel() on ptolemy.moml.MoMLSimpleApplication@1fbbe3c8
reloadAllAccessors: .ConfigurationSwitch2

===========================================================================================
----------------- testing Wed Feb 06 03:24:49 UTC 2019 /home/travis/build/icyphy/ptII/ptolemy/actor/lib/test/auto/ConfigurationSwitchCloningBugWithClassRelationGroup.xml
----------------- Instantiating /home/travis/build/icyphy/ptII/ptolemy/actor/lib/test/auto/ConfigurationSwitchCloningBugWithClassRelationGroup.xml
2 ms. Memory: 880640K Free: 313541K (36%)
----------------- Invoking toplevel() on ptolemy.moml.MoMLSimpleApplication@5326cd83
----------------- Done invoking toplevel() on ptolemy.moml.MoMLSimpleApplication@5326cd83
reloadAllAccessors: .ConfigurationSwitchCloningBugWithClassRelationGroup

===========================================================================================
----------------- testing Wed Feb 06 03:24:49 UTC 2019 /home/travis/build/icyphy/ptII/ptolemy/actor/lib/test/auto/ConfigurationSwitchSelectSDF.xml
----------------- Instantiating /home/travis/build/icyphy/ptII/ptolemy/actor/lib/test/auto/ConfigurationSwitchSelectSDF.xml
3 ms. Memory: 880640K Free: 303137K (34%)
----------------- Invoking toplevel() on ptolemy.moml.MoMLSimpleApplication@79241760
----------------- Done invoking toplevel() on ptolemy.moml.MoMLSimpleApplication@79241760
reloadAllAccessors: .ConfigurationSwitchSelectSDF

===========================================================================================
----------------- testing Wed Feb 06 03:24:49 UTC 2019 /home/travis/build/icyphy/ptII/ptolemy/actor/lib/test/auto/ConfigurationSwitchSelectSDF2.xml
----------------- Instantiating /home/travis/build/icyphy/ptII/ptolemy/actor/lib/test/auto/ConfigurationSwitchSelectSDF2.xml
2 ms. Memory: 880640K Free: 292733K (33%)
----------------- Invoking toplevel() on ptolemy.moml.MoMLSimpleApplication@61bb10bd
----------------- Done invoking toplevel() on ptolemy.moml.MoMLSimpleApplication@61bb10bd
reloadAllAccessors: .ConfigurationSwitchSelectSDF2

===========================================================================================
----------------- testing Wed Feb 06 03:24:49 UTC 2019 /home/travis/build/icyphy/ptII/ptolemy/actor/lib/test/auto/Const.xml
----------------- Instantiating /home/travis/build/icyphy/ptII/ptolemy/actor/lib/test/auto/Const.xml
1 ms. Memory: 880640K Free: 273467K (31%)
----------------- Invoking toplevel() on ptolemy.moml.MoMLSimpleApplication@217bbc4f
----------------- Done invoking toplevel() on ptolemy.moml.MoMLSimpleApplication@217bbc4f
reloadAllAccessors: .Const

===========================================================================================
----------------- testing Wed Feb 06 03:24:49 UTC 2019 /home/travis/build/icyphy/ptII/ptolemy/actor/lib/test/auto/Const2.xml
----------------- Instantiating /home/travis/build/icyphy/ptII/ptolemy/actor/lib/test/auto/Const2.xml
2 ms. Memory: 880640K Free: 263063K (30%)
----------------- Invoking toplevel() on ptolemy.moml.MoMLSimpleApplication@3e5382bd
----------------- Done invoking toplevel() on ptolemy.moml.MoMLSimpleApplication@3e5382bd
reloadAllAccessors: .Const2

===========================================================================================
----------------- testing Wed Feb 06 03:24:49 UTC 2019 /home/travis/build/icyphy/ptII/ptolemy/actor/lib/test/auto/Const3.xml
----------------- Instantiating /home/travis/build/icyphy/ptII/ptolemy/actor/lib/test/auto/Const3.xml
1 ms. Memory: 880640K Free: 252659K (29%)
----------------- Invoking toplevel() on ptolemy.moml.MoMLSimpleApplication@3f7e398e
----------------- Done invoking toplevel() on ptolemy.moml.MoMLSimpleApplication@3f7e398e
reloadAllAccessors: .Const3

===========================================================================================
----------------- testing Wed Feb 06 03:24:49 UTC 2019 /home/travis/build/icyphy/ptII/ptolemy/actor/lib/test/auto/ConstantPublisherPort1.xml
----------------- Instantiating /home/travis/build/icyphy/ptII/ptolemy/actor/lib/test/auto/ConstantPublisherPort1.xml
6 ms. Memory: 880640K Free: 237045K (27%)
----------------- Invoking toplevel() on ptolemy.moml.MoMLSimpleApplication@15962af8
----------------- Done invoking toplevel() on ptolemy.moml.MoMLSimpleApplication@15962af8
reloadAllAccessors: .ConstantPublisherPort1

===========================================================================================
----------------- testing Wed Feb 06 03:24:49 UTC 2019 /home/travis/build/icyphy/ptII/ptolemy/actor/lib/test/auto/ConstantPublisherPort2.xml
----------------- Instantiating /home/travis/build/icyphy/ptII/ptolemy/actor/lib/test/auto/ConstantPublisherPort2.xml
3 ms. Memory: 880640K Free: 217778K (25%)
----------------- Invoking toplevel() on ptolemy.moml.MoMLSimpleApplication@3e5e987
----------------- Done invoking toplevel() on ptolemy.moml.MoMLSimpleApplication@3e5e987
reloadAllAccessors: .ConstantPublisherPort2

===========================================================================================
----------------- testing Wed Feb 06 03:24:49 UTC 2019 /home/travis/build/icyphy/ptII/ptolemy/actor/lib/test/auto/ConstantPublisherPort3.xml
----------------- Instantiating /home/travis/build/icyphy/ptII/ptolemy/actor/lib/test/auto/ConstantPublisherPort3.xml
8 ms. Memory: 880640K Free: 207375K (24%)
----------------- Invoking toplevel() on ptolemy.moml.MoMLSimpleApplication@35abb9b7
----------------- Done invoking toplevel() on ptolemy.moml.MoMLSimpleApplication@35abb9b7
reloadAllAccessors: .ConstantPublisherPort3

===========================================================================================
----------------- testing Wed Feb 06 03:24:49 UTC 2019 /home/travis/build/icyphy/ptII/ptolemy/actor/lib/test/auto/ConstantPublisherPort4.xml
----------------- Instantiating /home/travis/build/icyphy/ptII/ptolemy/actor/lib/test/auto/ConstantPublisherPort4.xml
3 ms. Memory: 880640K Free: 196971K (22%)
----------------- Invoking toplevel() on ptolemy.moml.MoMLSimpleApplication@3acc5fc
----------------- Done invoking toplevel() on ptolemy.moml.MoMLSimpleApplication@3acc5fc
reloadAllAccessors: .ConstantPublisherPort4

===========================================================================================
----------------- testing Wed Feb 06 03:24:49 UTC 2019 /home/travis/build/icyphy/ptII/ptolemy/actor/lib/test/auto/ConstantPublisherPort5.xml
----------------- Instantiating /home/travis/build/icyphy/ptII/ptolemy/actor/lib/test/auto/ConstantPublisherPort5.xml
29 ms. Memory: 880640K Free: 170960K (19%)
----------------- Invoking toplevel() on ptolemy.moml.MoMLSimpleApplication@748a3ffb
----------------- Done invoking toplevel() on ptolemy.moml.MoMLSimpleApplication@748a3ffb
reloadAllAccessors: .ConstantPublisherPort5

===========================================================================================
----------------- testing Wed Feb 06 03:24:50 UTC 2019 /home/travis/build/icyphy/ptII/ptolemy/actor/lib/test/auto/ConstantPublisherPort6.xml
----------------- Instantiating /home/travis/build/icyphy/ptII/ptolemy/actor/lib/test/auto/ConstantPublisherPort6.xml
17 ms. Memory: 880640K Free: 136088K (15%)
----------------- Invoking toplevel() on ptolemy.moml.MoMLSimpleApplication@3a068922
----------------- Done invoking toplevel() on ptolemy.moml.MoMLSimpleApplication@3a068922
reloadAllAccessors: .ConstantPublisherPort6

===========================================================================================
----------------- testing Wed Feb 06 03:24:50 UTC 2019 /home/travis/build/icyphy/ptII/ptolemy/actor/lib/test/auto/ConstantPublisherPort7.xml
----------------- Instantiating /home/travis/build/icyphy/ptII/ptolemy/actor/lib/test/auto/ConstantPublisherPort7.xml
18 ms. Memory: 880640K Free: 110078K (12%)
----------------- Invoking toplevel() on ptolemy.moml.MoMLSimpleApplication@349b4285
----------------- Done invoking toplevel() on ptolemy.moml.MoMLSimpleApplication@349b4285
reloadAllAccessors: .ConstantPublisherPort7

===========================================================================================
----------------- testing Wed Feb 06 03:24:50 UTC 2019 /home/travis/build/icyphy/ptII/ptolemy/actor/lib/test/auto/ConstraintMonitor1.xml
----------------- Instantiating /home/travis/build/icyphy/ptII/ptolemy/actor/lib/test/auto/ConstraintMonitor1.xml
7 ms. Memory: 880640K Free: 99674K (11%)
----------------- Invoking toplevel() on ptolemy.moml.MoMLSimpleApplication@6710da14
----------------- Done invoking toplevel() on ptolemy.moml.MoMLSimpleApplication@6710da14
reloadAllAccessors: .ConstraintMonitor1

===========================================================================================
----------------- testing Wed Feb 06 03:24:50 UTC 2019 /home/travis/build/icyphy/ptII/ptolemy/actor/lib/test/auto/ConstraintMonitor2.xml
----------------- Instantiating /home/travis/build/icyphy/ptII/ptolemy/actor/lib/test/auto/ConstraintMonitor2.xml
2 ms. Memory: 880640K Free: 80408K (9%)
----------------- Invoking toplevel() on ptolemy.moml.MoMLSimpleApplication@38aed763
----------------- Done invoking toplevel() on ptolemy.moml.MoMLSimpleApplication@38aed763
reloadAllAccessors: .ConstraintMonitor2

===========================================================================================
----------------- testing Wed Feb 06 03:24:50 UTC 2019 /home/travis/build/icyphy/ptII/ptolemy/actor/lib/test/auto/ConstraintMonitor3.xml
----------------- Instantiating /home/travis/build/icyphy/ptII/ptolemy/actor/lib/test/auto/ConstraintMonitor3.xml
2 ms. Memory: 880640K Free: 70004K (8%)
----------------- Invoking toplevel() on ptolemy.moml.MoMLSimpleApplication@5e6557d8
----------------- Done invoking toplevel() on ptolemy.moml.MoMLSimpleApplication@5e6557d8
reloadAllAccessors: .ConstraintMonitor3

===========================================================================================
----------------- testing Wed Feb 06 03:24:50 UTC 2019 /home/travis/build/icyphy/ptII/ptolemy/actor/lib/test/auto/ConstraintMonitor4.xml
----------------- Instantiating /home/travis/build/icyphy/ptII/ptolemy/actor/lib/test/auto/ConstraintMonitor4.xml
2 ms. Memory: 880640K Free: 59600K (7%)
----------------- Invoking toplevel() on ptolemy.moml.MoMLSimpleApplication@239cca7d
----------------- Done invoking toplevel() on ptolemy.moml.MoMLSimpleApplication@239cca7d
reloadAllAccessors: .ConstraintMonitor4

===========================================================================================
----------------- testing Wed Feb 06 03:24:50 UTC 2019 /home/travis/build/icyphy/ptII/ptolemy/actor/lib/test/auto/ConstraintMonitor5.xml
----------------- Instantiating /home/travis/build/icyphy/ptII/ptolemy/actor/lib/test/auto/ConstraintMonitor5.xml
1 ms. Memory: 881664K Free: 824337K (93%)
----------------- Invoking toplevel() on ptolemy.moml.MoMLSimpleApplication@33c0753f
----------------- Done invoking toplevel() on ptolemy.moml.MoMLSimpleApplication@33c0753f
reloadAllAccessors: .ConstraintMonitor5

===========================================================================================
----------------- testing Wed Feb 06 03:24:50 UTC 2019 /home/travis/build/icyphy/ptII/ptolemy/actor/lib/test/auto/ConstraintMonitor6.xml
----------------- Instantiating /home/travis/build/icyphy/ptII/ptolemy/actor/lib/test/auto/ConstraintMonitor6.xml
3 ms. Memory: 881664K Free: 807360K (92%)
----------------- Invoking toplevel() on ptolemy.moml.MoMLSimpleApplication@82339c3
----------------- Done invoking toplevel() on ptolemy.moml.MoMLSimpleApplication@82339c3
reloadAllAccessors: .ConstraintMonitor6

===========================================================================================
----------------- testing Wed Feb 06 03:24:50 UTC 2019 /home/travis/build/icyphy/ptII/ptolemy/actor/lib/test/auto/ConstraintMonitor7.xml
----------------- Instantiating /home/travis/build/icyphy/ptII/ptolemy/actor/lib/test/auto/ConstraintMonitor7.xml
7 ms. Memory: 881664K Free: 796851K (90%)
----------------- Invoking toplevel() on ptolemy.moml.MoMLSimpleApplication@2486b6da
----------------- Done invoking toplevel() on ptolemy.moml.MoMLSimpleApplication@2486b6da
reloadAllAccessors: .ConstraintMonitor7

===========================================================================================
----------------- testing Wed Feb 06 03:24:50 UTC 2019 /home/travis/build/icyphy/ptII/ptolemy/actor/lib/test/auto/ConstraintMonitor8.xml
----------------- Instantiating /home/travis/build/icyphy/ptII/ptolemy/actor/lib/test/auto/ConstraintMonitor8.xml
6 ms. Memory: 881664K Free: 779874K (88%)
----------------- Invoking toplevel() on ptolemy.moml.MoMLSimpleApplication@501d1b4f
----------------- Done invoking toplevel() on ptolemy.moml.MoMLSimpleApplication@501d1b4f
reloadAllAccessors: .ConstraintMonitor8

===========================================================================================
----------------- testing Wed Feb 06 03:24:50 UTC 2019 /home/travis/build/icyphy/ptII/ptolemy/actor/lib/test/auto/Counter.xml
----------------- Instantiating /home/travis/build/icyphy/ptII/ptolemy/actor/lib/test/auto/Counter.xml
1 ms. Memory: 881664K Free: 769470K (87%)
----------------- Invoking toplevel() on ptolemy.moml.MoMLSimpleApplication@69e486e1
----------------- Done invoking toplevel() on ptolemy.moml.MoMLSimpleApplication@69e486e1
reloadAllAccessors: .Counter

===========================================================================================
----------------- testing Wed Feb 06 03:24:50 UTC 2019 /home/travis/build/icyphy/ptII/ptolemy/actor/lib/test/auto/CurrentTimeSDF.xml
----------------- Instantiating /home/travis/build/icyphy/ptII/ptolemy/actor/lib/test/auto/CurrentTimeSDF.xml
1 ms. Memory: 881664K Free: 759066K (86%)
----------------- Invoking toplevel() on ptolemy.moml.MoMLSimpleApplication@74f60100
----------------- Done invoking toplevel() on ptolemy.moml.MoMLSimpleApplication@74f60100
reloadAllAccessors: .CurrentTimeSDF

===========================================================================================
----------------- testing Wed Feb 06 03:24:50 UTC 2019 /home/travis/build/icyphy/ptII/ptolemy/actor/lib/test/auto/DB.xml
----------------- Instantiating /home/travis/build/icyphy/ptII/ptolemy/actor/lib/test/auto/DB.xml
1 ms. Memory: 881664K Free: 742089K (84%)
----------------- Invoking toplevel() on ptolemy.moml.MoMLSimpleApplication@2b1b0905
----------------- Done invoking toplevel() on ptolemy.moml.MoMLSimpleApplication@2b1b0905
reloadAllAccessors: .DB

===========================================================================================
----------------- testing Wed Feb 06 03:24:50 UTC 2019 /home/travis/build/icyphy/ptII/ptolemy/actor/lib/test/auto/DBDE.xml
----------------- Instantiating /home/travis/build/icyphy/ptII/ptolemy/actor/lib/test/auto/DBDE.xml
2 ms. Memory: 881664K Free: 731686K (83%)
----------------- Invoking toplevel() on ptolemy.moml.MoMLSimpleApplication@5725d3cb
----------------- Done invoking toplevel() on ptolemy.moml.MoMLSimpleApplication@5725d3cb
reloadAllAccessors: .DBDE

===========================================================================================
----------------- testing Wed Feb 06 03:24:50 UTC 2019 /home/travis/build/icyphy/ptII/ptolemy/actor/lib/test/auto/DateConstructor.xml
----------------- Instantiating /home/travis/build/icyphy/ptII/ptolemy/actor/lib/test/auto/DateConstructor.xml
10 ms. Memory: 881664K Free: 710862K (81%)
----------------- Invoking toplevel() on ptolemy.moml.MoMLSimpleApplication@45df4bfd
----------------- Done invoking toplevel() on ptolemy.moml.MoMLSimpleApplication@45df4bfd
reloadAllAccessors: .DateConstructor

===========================================================================================
----------------- testing Wed Feb 06 03:24:50 UTC 2019 /home/travis/build/icyphy/ptII/ptolemy/actor/lib/test/auto/DelayTime.xml
----------------- Instantiating /home/travis/build/icyphy/ptII/ptolemy/actor/lib/test/auto/DelayTime.xml
3 ms. Memory: 881664K Free: 693884K (79%)
----------------- Invoking toplevel() on ptolemy.moml.MoMLSimpleApplication@31075062
----------------- Done invoking toplevel() on ptolemy.moml.MoMLSimpleApplication@31075062
reloadAllAccessors: .DelayTime

===========================================================================================
----------------- testing Wed Feb 06 03:24:50 UTC 2019 /home/travis/build/icyphy/ptII/ptolemy/actor/lib/test/auto/Dictionary1.xml
----------------- Instantiating /home/travis/build/icyphy/ptII/ptolemy/actor/lib/test/auto/Dictionary1.xml
1 ms. Memory: 881664K Free: 683481K (78%)
----------------- Invoking toplevel() on ptolemy.moml.MoMLSimpleApplication@af67d6c
----------------- Done invoking toplevel() on ptolemy.moml.MoMLSimpleApplication@af67d6c
reloadAllAccessors: .Dictionary1

===========================================================================================
----------------- testing Wed Feb 06 03:24:50 UTC 2019 /home/travis/build/icyphy/ptII/ptolemy/actor/lib/test/auto/Dictionary2.xml
----------------- Instantiating /home/travis/build/icyphy/ptII/ptolemy/actor/lib/test/auto/Dictionary2.xml
2 ms. Memory: 881664K Free: 673077K (76%)
----------------- Invoking toplevel() on ptolemy.moml.MoMLSimpleApplication@17e58314
----------------- Done invoking toplevel() on ptolemy.moml.MoMLSimpleApplication@17e58314
reloadAllAccessors: .Dictionary2

===========================================================================================
----------------- testing Wed Feb 06 03:24:50 UTC 2019 /home/travis/build/icyphy/ptII/ptolemy/actor/lib/test/auto/Dictionary3.xml
----------------- Instantiating /home/travis/build/icyphy/ptII/ptolemy/actor/lib/test/auto/Dictionary3.xml
1 ms. Memory: 881664K Free: 656099K (74%)
----------------- Invoking toplevel() on ptolemy.moml.MoMLSimpleApplication@4d13e9b9
----------------- Done invoking toplevel() on ptolemy.moml.MoMLSimpleApplication@4d13e9b9
reloadAllAccessors: .Dictionary3

===========================================================================================
----------------- testing Wed Feb 06 03:24:50 UTC 2019 /home/travis/build/icyphy/ptII/ptolemy/actor/lib/test/auto/Dictionary4.xml
----------------- Instantiating /home/travis/build/icyphy/ptII/ptolemy/actor/lib/test/auto/Dictionary4.xml
2 ms. Memory: 881664K Free: 645696K (73%)
----------------- Invoking toplevel() on ptolemy.moml.MoMLSimpleApplication@51f5a4af
----------------- Done invoking toplevel() on ptolemy.moml.MoMLSimpleApplication@51f5a4af
reloadAllAccessors: .Dictionary4

===========================================================================================
----------------- testing Wed Feb 06 03:24:50 UTC 2019 /home/travis/build/icyphy/ptII/ptolemy/actor/lib/test/auto/Differential.xml
----------------- Instantiating /home/travis/build/icyphy/ptII/ptolemy/actor/lib/test/auto/Differential.xml
2 ms. Memory: 881664K Free: 635292K (72%)
----------------- Invoking toplevel() on ptolemy.moml.MoMLSimpleApplication@733fc5f
----------------- Done invoking toplevel() on ptolemy.moml.MoMLSimpleApplication@733fc5f
reloadAllAccessors: .Differential

===========================================================================================
----------------- testing Wed Feb 06 03:24:50 UTC 2019 /home/travis/build/icyphy/ptII/ptolemy/actor/lib/test/auto/Director.xml
----------------- Instantiating /home/travis/build/icyphy/ptII/ptolemy/actor/lib/test/auto/Director.xml
1 ms. Memory: 881664K Free: 618315K (70%)
----------------- Invoking toplevel() on ptolemy.moml.MoMLSimpleApplication@6b06b38d
----------------- Done invoking toplevel() on ptolemy.moml.MoMLSimpleApplication@6b06b38d
reloadAllAccessors: .Director

===========================================================================================
----------------- testing Wed Feb 06 03:24:50 UTC 2019 /home/travis/build/icyphy/ptII/ptolemy/actor/lib/test/auto/DiscreteClock.xml
----------------- Instantiating /home/travis/build/icyphy/ptII/ptolemy/actor/lib/test/auto/DiscreteClock.xml
1 ms. Memory: 881664K Free: 607911K (69%)
----------------- Invoking toplevel() on ptolemy.moml.MoMLSimpleApplication@594bb325
----------------- Done invoking toplevel() on ptolemy.moml.MoMLSimpleApplication@594bb325
reloadAllAccessors: .DiscreteClock

===========================================================================================
----------------- testing Wed Feb 06 03:24:50 UTC 2019 /home/travis/build/icyphy/ptII/ptolemy/actor/lib/test/auto/DiscreteClock10.xml
----------------- Instantiating /home/travis/build/icyphy/ptII/ptolemy/actor/lib/test/auto/DiscreteClock10.xml
1 ms. Memory: 881664K Free: 597507K (68%)
----------------- Invoking toplevel() on ptolemy.moml.MoMLSimpleApplication@6e6dc3ff
----------------- Done invoking toplevel() on ptolemy.moml.MoMLSimpleApplication@6e6dc3ff
reloadAllAccessors: .DiscreteClock10

===========================================================================================
----------------- testing Wed Feb 06 03:24:50 UTC 2019 /home/travis/build/icyphy/ptII/ptolemy/actor/lib/test/auto/DiscreteClock11.xml
----------------- Instantiating /home/travis/build/icyphy/ptII/ptolemy/actor/lib/test/auto/DiscreteClock11.xml
1 ms. Memory: 881664K Free: 580530K (66%)
----------------- Invoking toplevel() on ptolemy.moml.MoMLSimpleApplication@664f930c
----------------- Done invoking toplevel() on ptolemy.moml.MoMLSimpleApplication@664f930c
reloadAllAccessors: .DiscreteClock11

===========================================================================================
----------------- testing Wed Feb 06 03:24:50 UTC 2019 /home/travis/build/icyphy/ptII/ptolemy/actor/lib/test/auto/DiscreteClock12.xml
----------------- Instantiating /home/travis/build/icyphy/ptII/ptolemy/actor/lib/test/auto/DiscreteClock12.xml
1 ms. Memory: 881664K Free: 570126K (65%)
----------------- Invoking toplevel() on ptolemy.moml.MoMLSimpleApplication@2b6d9a54
----------------- Done invoking toplevel() on ptolemy.moml.MoMLSimpleApplication@2b6d9a54
reloadAllAccessors: .DiscreteClock12

===========================================================================================
----------------- testing Wed Feb 06 03:24:50 UTC 2019 /home/travis/build/icyphy/ptII/ptolemy/actor/lib/test/auto/DiscreteClock13.xml
----------------- Instantiating /home/travis/build/icyphy/ptII/ptolemy/actor/lib/test/auto/DiscreteClock13.xml
6 ms. Memory: 881664K Free: 553149K (63%)
----------------- Invoking toplevel() on ptolemy.moml.MoMLSimpleApplication@377545da
----------------- Done invoking toplevel() on ptolemy.moml.MoMLSimpleApplication@377545da
reloadAllAccessors: .DiscreteClock13

===========================================================================================
----------------- testing Wed Feb 06 03:24:50 UTC 2019 /home/travis/build/icyphy/ptII/ptolemy/actor/lib/test/auto/DiscreteClock14.xml
----------------- Instantiating /home/travis/build/icyphy/ptII/ptolemy/actor/lib/test/auto/DiscreteClock14.xml
6 ms. Memory: 881664K Free: 542745K (62%)
----------------- Invoking toplevel() on ptolemy.moml.MoMLSimpleApplication@794ed0e6
----------------- Done invoking toplevel() on ptolemy.moml.MoMLSimpleApplication@794ed0e6
reloadAllAccessors: .DiscreteClock14

===========================================================================================
----------------- testing Wed Feb 06 03:24:50 UTC 2019 /home/travis/build/icyphy/ptII/ptolemy/actor/lib/test/auto/DiscreteClock15.xml
----------------- Instantiating /home/travis/build/icyphy/ptII/ptolemy/actor/lib/test/auto/DiscreteClock15.xml
2 ms. Memory: 881664K Free: 532341K (60%)
----------------- Invoking toplevel() on ptolemy.moml.MoMLSimpleApplication@61bb0a33
----------------- Done invoking toplevel() on ptolemy.moml.MoMLSimpleApplication@61bb0a33
reloadAllAccessors: .DiscreteClock15

===========================================================================================
----------------- testing Wed Feb 06 03:24:50 UTC 2019 /home/travis/build/icyphy/ptII/ptolemy/actor/lib/test/auto/DiscreteClock16.xml
----------------- Instantiating /home/travis/build/icyphy/ptII/ptolemy/actor/lib/test/auto/DiscreteClock16.xml
9 ms. Memory: 881664K Free: 510162K (58%)
----------------- Invoking toplevel() on ptolemy.moml.MoMLSimpleApplication@24ebb61f
----------------- Done invoking toplevel() on ptolemy.moml.MoMLSimpleApplication@24ebb61f
reloadAllAccessors: .DiscreteClock16

===========================================================================================
----------------- testing Wed Feb 06 03:24:50 UTC 2019 /home/travis/build/icyphy/ptII/ptolemy/actor/lib/test/auto/DiscreteClock17.xml
----------------- Instantiating /home/travis/build/icyphy/ptII/ptolemy/actor/lib/test/auto/DiscreteClock17.xml
16 ms. Memory: 881664K Free: 494540K (56%)
----------------- Invoking toplevel() on ptolemy.moml.MoMLSimpleApplication@946901a
----------------- Done invoking toplevel() on ptolemy.moml.MoMLSimpleApplication@946901a
reloadAllAccessors: .DiscreteClock17

===========================================================================================
----------------- testing Wed Feb 06 03:24:50 UTC 2019 /home/travis/build/icyphy/ptII/ptolemy/actor/lib/test/auto/DiscreteClock18.xml
----------------- Instantiating /home/travis/build/icyphy/ptII/ptolemy/actor/lib/test/auto/DiscreteClock18.xml
23 ms. Memory: 881664K Free: 478934K (54%)
----------------- Invoking toplevel() on ptolemy.moml.MoMLSimpleApplication@5b63ff73
----------------- Done invoking toplevel() on ptolemy.moml.MoMLSimpleApplication@5b63ff73
reloadAllAccessors: .DiscreteClock18

===========================================================================================
----------------- testing Wed Feb 06 03:24:50 UTC 2019 /home/travis/build/icyphy/ptII/ptolemy/actor/lib/test/auto/DiscreteClock19.xml
----------------- Instantiating /home/travis/build/icyphy/ptII/ptolemy/actor/lib/test/auto/DiscreteClock19.xml
16 ms. Memory: 881664K Free: 456739K (52%)
----------------- Invoking toplevel() on ptolemy.moml.MoMLSimpleApplication@4b3081b4
----------------- Done invoking toplevel() on ptolemy.moml.MoMLSimpleApplication@4b3081b4
reloadAllAccessors: .DiscreteClock19

===========================================================================================
----------------- testing Wed Feb 06 03:24:50 UTC 2019 /home/travis/build/icyphy/ptII/ptolemy/actor/lib/test/auto/DiscreteClock2.xml
----------------- Instantiating /home/travis/build/icyphy/ptII/ptolemy/actor/lib/test/auto/DiscreteClock2.xml
6 ms. Memory: 881664K Free: 446335K (51%)
----------------- Invoking toplevel() on ptolemy.moml.MoMLSimpleApplication@64220958
----------------- Done invoking toplevel() on ptolemy.moml.MoMLSimpleApplication@64220958
reloadAllAccessors: .DiscreteClock2

===========================================================================================
----------------- testing Wed Feb 06 03:24:50 UTC 2019 /home/travis/build/icyphy/ptII/ptolemy/actor/lib/test/auto/DiscreteClock20.xml
----------------- Instantiating /home/travis/build/icyphy/ptII/ptolemy/actor/lib/test/auto/DiscreteClock20.xml
5 ms. Memory: 881664K Free: 435932K (49%)
----------------- Invoking toplevel() on ptolemy.moml.MoMLSimpleApplication@789602a7
----------------- Done invoking toplevel() on ptolemy.moml.MoMLSimpleApplication@789602a7
reloadAllAccessors: .DiscreteClock20

===========================================================================================
----------------- testing Wed Feb 06 03:24:50 UTC 2019 /home/travis/build/icyphy/ptII/ptolemy/actor/lib/test/auto/DiscreteClock21.xml
----------------- Instantiating /home/travis/build/icyphy/ptII/ptolemy/actor/lib/test/auto/DiscreteClock21.xml
3 ms. Memory: 881664K Free: 418955K (48%)
----------------- Invoking toplevel() on ptolemy.moml.MoMLSimpleApplication@159f5f55
----------------- Done invoking toplevel() on ptolemy.moml.MoMLSimpleApplication@159f5f55
reloadAllAccessors: .DiscreteClock21

===========================================================================================
----------------- testing Wed Feb 06 03:24:50 UTC 2019 /home/travis/build/icyphy/ptII/ptolemy/actor/lib/test/auto/DiscreteClock22.xml
----------------- Instantiating /home/travis/build/icyphy/ptII/ptolemy/actor/lib/test/auto/DiscreteClock22.xml
620 ms. Memory: 1369600K Free: 1328402K (97%)
----------------- Invoking toplevel() on ptolemy.moml.MoMLSimpleApplication@6e491b16
----------------- Done invoking toplevel() on ptolemy.moml.MoMLSimpleApplication@6e491b16
reloadAllAccessors: .DiscreteClock22

===========================================================================================
----------------- testing Wed Feb 06 03:24:51 UTC 2019 /home/travis/build/icyphy/ptII/ptolemy/actor/lib/test/auto/DiscreteClock23.xml
----------------- Instantiating /home/travis/build/icyphy/ptII/ptolemy/actor/lib/test/auto/DiscreteClock23.xml
7 ms. Memory: 1369600K Free: 1303436K (95%)
----------------- Invoking toplevel() on ptolemy.moml.MoMLSimpleApplication@59807d8
----------------- Done invoking toplevel() on ptolemy.moml.MoMLSimpleApplication@59807d8
reloadAllAccessors: .DiscreteClock23

===========================================================================================
----------------- testing Wed Feb 06 03:24:51 UTC 2019 /home/travis/build/icyphy/ptII/ptolemy/actor/lib/test/auto/DiscreteClock24.xml
----------------- Instantiating /home/travis/build/icyphy/ptII/ptolemy/actor/lib/test/auto/DiscreteClock24.xml
3 ms. Memory: 1369600K Free: 1290949K (94%)
----------------- Invoking toplevel() on ptolemy.moml.MoMLSimpleApplication@4fc31c33
----------------- Done invoking toplevel() on ptolemy.moml.MoMLSimpleApplication@4fc31c33
reloadAllAccessors: .DiscreteClock24

===========================================================================================
----------------- testing Wed Feb 06 03:24:51 UTC 2019 /home/travis/build/icyphy/ptII/ptolemy/actor/lib/test/auto/DiscreteClock4.xml
----------------- Instantiating /home/travis/build/icyphy/ptII/ptolemy/actor/lib/test/auto/DiscreteClock4.xml
1 ms. Memory: 1369600K Free: 1278461K (93%)
----------------- Invoking toplevel() on ptolemy.moml.MoMLSimpleApplication@62861617
----------------- Done invoking toplevel() on ptolemy.moml.MoMLSimpleApplication@62861617
reloadAllAccessors: .DiscreteClock4

===========================================================================================
----------------- testing Wed Feb 06 03:24:51 UTC 2019 /home/travis/build/icyphy/ptII/ptolemy/actor/lib/test/auto/DiscreteClock5.xml
----------------- Instantiating /home/travis/build/icyphy/ptII/ptolemy/actor/lib/test/auto/DiscreteClock5.xml
1 ms. Memory: 1369600K Free: 1257658K (92%)
----------------- Invoking toplevel() on ptolemy.moml.MoMLSimpleApplication@7088de15
----------------- Done invoking toplevel() on ptolemy.moml.MoMLSimpleApplication@7088de15
reloadAllAccessors: .DiscreteClock5

===========================================================================================
----------------- testing Wed Feb 06 03:24:51 UTC 2019 /home/travis/build/icyphy/ptII/ptolemy/actor/lib/test/auto/DiscreteClock6.xml
----------------- Instantiating /home/travis/build/icyphy/ptII/ptolemy/actor/lib/test/auto/DiscreteClock6.xml
2 ms. Memory: 1369600K Free: 1245170K (91%)
----------------- Invoking toplevel() on ptolemy.moml.MoMLSimpleApplication@360453cd
----------------- Done invoking toplevel() on ptolemy.moml.MoMLSimpleApplication@360453cd
reloadAllAccessors: .DiscreteClock6

===========================================================================================
----------------- testing Wed Feb 06 03:24:51 UTC 2019 /home/travis/build/icyphy/ptII/ptolemy/actor/lib/test/auto/DiscreteClock7.xml
----------------- Instantiating /home/travis/build/icyphy/ptII/ptolemy/actor/lib/test/auto/DiscreteClock7.xml
1 ms. Memory: 1369600K Free: 1232682K (90%)
----------------- Invoking toplevel() on ptolemy.moml.MoMLSimpleApplication@358eaa1a
----------------- Done invoking toplevel() on ptolemy.moml.MoMLSimpleApplication@358eaa1a
reloadAllAccessors: .DiscreteClock7

===========================================================================================
----------------- testing Wed Feb 06 03:24:51 UTC 2019 /home/travis/build/icyphy/ptII/ptolemy/actor/lib/test/auto/DiscreteClock8.xml
----------------- Instantiating /home/travis/build/icyphy/ptII/ptolemy/actor/lib/test/auto/DiscreteClock8.xml
2 ms. Memory: 1369600K Free: 1220195K (89%)
----------------- Invoking toplevel() on ptolemy.moml.MoMLSimpleApplication@3fefa2e1
----------------- Done invoking toplevel() on ptolemy.moml.MoMLSimpleApplication@3fefa2e1
reloadAllAccessors: .DiscreteClock8

===========================================================================================
----------------- testing Wed Feb 06 03:24:51 UTC 2019 /home/travis/build/icyphy/ptII/ptolemy/actor/lib/test/auto/DiscreteClock9.xml
----------------- Instantiating /home/travis/build/icyphy/ptII/ptolemy/actor/lib/test/auto/DiscreteClock9.xml
2 ms. Memory: 1369600K Free: 1199391K (88%)
----------------- Invoking toplevel() on ptolemy.moml.MoMLSimpleApplication@7320ffbe
----------------- Done invoking toplevel() on ptolemy.moml.MoMLSimpleApplication@7320ffbe
reloadAllAccessors: .DiscreteClock9

===========================================================================================
----------------- testing Wed Feb 06 03:24:51 UTC 2019 /home/travis/build/icyphy/ptII/ptolemy/actor/lib/test/auto/DisplayArray.xml
----------------- Instantiating /home/travis/build/icyphy/ptII/ptolemy/actor/lib/test/auto/DisplayArray.xml
1 ms. Memory: 1369600K Free: 1186904K (87%)
----------------- Invoking toplevel() on ptolemy.moml.MoMLSimpleApplication@9e64b0c
----------------- Done invoking toplevel() on ptolemy.moml.MoMLSimpleApplication@9e64b0c
reloadAllAccessors: .DisplayArray

===========================================================================================
----------------- testing Wed Feb 06 03:24:51 UTC 2019 /home/travis/build/icyphy/ptII/ptolemy/actor/lib/test/auto/Distributor.xml
----------------- Instantiating /home/travis/build/icyphy/ptII/ptolemy/actor/lib/test/auto/Distributor.xml
1 ms. Memory: 1369600K Free: 1174416K (86%)
----------------- Invoking toplevel() on ptolemy.moml.MoMLSimpleApplication@5bc9211c
----------------- Done invoking toplevel() on ptolemy.moml.MoMLSimpleApplication@5bc9211c
reloadAllAccessors: .Distributor

===========================================================================================
----------------- testing Wed Feb 06 03:24:51 UTC 2019 /home/travis/build/icyphy/ptII/ptolemy/actor/lib/test/auto/Distributor2.xml
----------------- Instantiating /home/travis/build/icyphy/ptII/ptolemy/actor/lib/test/auto/Distributor2.xml
1 ms. Memory: 1369600K Free: 1153613K (84%)
----------------- Invoking toplevel() on ptolemy.moml.MoMLSimpleApplication@51282acf
----------------- Done invoking toplevel() on ptolemy.moml.MoMLSimpleApplication@51282acf
reloadAllAccessors: .Distributor2

===========================================================================================
----------------- testing Wed Feb 06 03:24:51 UTC 2019 /home/travis/build/icyphy/ptII/ptolemy/actor/lib/test/auto/DownSample.xml
----------------- Instantiating /home/travis/build/icyphy/ptII/ptolemy/actor/lib/test/auto/DownSample.xml
2 ms. Memory: 1369600K Free: 1141125K (83%)
----------------- Invoking toplevel() on ptolemy.moml.MoMLSimpleApplication@767e70bf
----------------- Done invoking toplevel() on ptolemy.moml.MoMLSimpleApplication@767e70bf
reloadAllAccessors: .DownSample

===========================================================================================
----------------- testing Wed Feb 06 03:24:51 UTC 2019 /home/travis/build/icyphy/ptII/ptolemy/actor/lib/test/auto/ElectronicUnitBase1.xml
----------------- Instantiating /home/travis/build/icyphy/ptII/ptolemy/actor/lib/test/auto/ElectronicUnitBase1.xml
15 ms. Memory: 1369600K Free: 1116117K (81%)
----------------- Invoking toplevel() on ptolemy.moml.MoMLSimpleApplication@22a4bb61
----------------- Done invoking toplevel() on ptolemy.moml.MoMLSimpleApplication@22a4bb61
reloadAllAccessors: .ElectronicUnitBase1

===========================================================================================
----------------- testing Wed Feb 06 03:24:51 UTC 2019 /home/travis/build/icyphy/ptII/ptolemy/actor/lib/test/auto/ElementsToArray.xml
----------------- Instantiating /home/travis/build/icyphy/ptII/ptolemy/actor/lib/test/auto/ElementsToArray.xml
2 ms. Memory: 1369600K Free: 1103630K (81%)
----------------- Invoking toplevel() on ptolemy.moml.MoMLSimpleApplication@6dd4d25
----------------- Done invoking toplevel() on ptolemy.moml.MoMLSimpleApplication@6dd4d25
reloadAllAccessors: .ElementsToArray

===========================================================================================
----------------- testing Wed Feb 06 03:24:51 UTC 2019 /home/travis/build/icyphy/ptII/ptolemy/actor/lib/test/auto/Equals.xml
----------------- Instantiating /home/travis/build/icyphy/ptII/ptolemy/actor/lib/test/auto/Equals.xml
1 ms. Memory: 1369600K Free: 1082826K (79%)
----------------- Invoking toplevel() on ptolemy.moml.MoMLSimpleApplication@52509ea2
----------------- Done invoking toplevel() on ptolemy.moml.MoMLSimpleApplication@52509ea2
reloadAllAccessors: .Equals

===========================================================================================
----------------- testing Wed Feb 06 03:24:51 UTC 2019 /home/travis/build/icyphy/ptII/ptolemy/actor/lib/test/auto/Exec.xml
----------------- Instantiating /home/travis/build/icyphy/ptII/ptolemy/actor/lib/test/auto/Exec.xml
7 ms. Memory: 1369600K Free: 1051607K (77%)
----------------- Invoking toplevel() on ptolemy.moml.MoMLSimpleApplication@63aade1d
----------------- Done invoking toplevel() on ptolemy.moml.MoMLSimpleApplication@63aade1d
reloadAllAccessors: .Exec

===========================================================================================
----------------- testing Wed Feb 06 03:24:51 UTC 2019 /home/travis/build/icyphy/ptII/ptolemy/actor/lib/test/auto/ExecEnvironment.xml
----------------- Instantiating /home/travis/build/icyphy/ptII/ptolemy/actor/lib/test/auto/ExecEnvironment.xml
24 ms. Memory: 1369600K Free: 1039119K (76%)
----------------- Invoking toplevel() on ptolemy.moml.MoMLSimpleApplication@32b0c40a
----------------- Done invoking toplevel() on ptolemy.moml.MoMLSimpleApplication@32b0c40a
reloadAllAccessors: .ExecEnvironment

===========================================================================================
----------------- testing Wed Feb 06 03:24:51 UTC 2019 /home/travis/build/icyphy/ptII/ptolemy/actor/lib/test/auto/ExecNonZeroReturnOutput.xml
----------------- Instantiating /home/travis/build/icyphy/ptII/ptolemy/actor/lib/test/auto/ExecNonZeroReturnOutput.xml
129 ms. Memory: 1369600K Free: 937145K (68%)
----------------- Invoking toplevel() on ptolemy.moml.MoMLSimpleApplication@2d3cacb9
----------------- Done invoking toplevel() on ptolemy.moml.MoMLSimpleApplication@2d3cacb9
reloadAllAccessors: .ExecNonZeroReturnOutput

===========================================================================================
----------------- testing Wed Feb 06 03:24:52 UTC 2019 /home/travis/build/icyphy/ptII/ptolemy/actor/lib/test/auto/ExecRunDemos.xml
----------------- Instantiating /home/travis/build/icyphy/ptII/ptolemy/actor/lib/test/auto/ExecRunDemos.xml
Finished: 35 ms. Memory: 116224K Free: 100672K (87%)

Finished: 35 ms. Memory: 116224K Free: 97676K (84%)

Finished: 48 ms. Memory: 116224K Free: 98218K (85%)

Finished: 63 ms. Memory: 116224K Free: 99544K (86%)

Finished: 34 ms. Memory: 116224K Free: 100576K (87%)

9097 ms. Memory: 1369600K Free: 849714K (62%)
----------------- Invoking toplevel() on ptolemy.moml.MoMLSimpleApplication@6314f751
----------------- Done invoking toplevel() on ptolemy.moml.MoMLSimpleApplication@6314f751
reloadAllAccessors: .ExecRunDemos

===========================================================================================
----------------- testing Wed Feb 06 03:25:01 UTC 2019 /home/travis/build/icyphy/ptII/ptolemy/actor/lib/test/auto/ExecStop.xml
----------------- Instantiating /home/travis/build/icyphy/ptII/ptolemy/actor/lib/test/auto/ExecStop.xml
5013 ms. Memory: 1369600K Free: 699861K (51%)
----------------- Invoking toplevel() on ptolemy.moml.MoMLSimpleApplication@4aee6fdd
----------------- Done invoking toplevel() on ptolemy.moml.MoMLSimpleApplication@4aee6fdd
reloadAllAccessors: .ExecStop

===========================================================================================
----------------- testing Wed Feb 06 03:25:06 UTC 2019 /home/travis/build/icyphy/ptII/ptolemy/actor/lib/test/auto/ExecutionTimeSDF.xml
----------------- Instantiating /home/travis/build/icyphy/ptII/ptolemy/actor/lib/test/auto/ExecutionTimeSDF.xml
Fired ExecutionTime: -1970167296
Fired ExecutionTime: 980000000
Fired ExecutionTime: -1667367296
6013 ms. Memory: 1369600K Free: 681113K (50%)
----------------- Invoking toplevel() on ptolemy.moml.MoMLSimpleApplication@cbe5440
----------------- Done invoking toplevel() on ptolemy.moml.MoMLSimpleApplication@cbe5440
reloadAllAccessors: .ExecutionTimeSDF

===========================================================================================
----------------- testing Wed Feb 06 03:25:12 UTC 2019 /home/travis/build/icyphy/ptII/ptolemy/actor/lib/test/auto/Expression1.xml
----------------- Instantiating /home/travis/build/icyphy/ptII/ptolemy/actor/lib/test/auto/Expression1.xml
3 ms. Memory: 1369600K Free: 660310K (48%)
----------------- Invoking toplevel() on ptolemy.moml.MoMLSimpleApplication@54d6d62c
----------------- Done invoking toplevel() on ptolemy.moml.MoMLSimpleApplication@54d6d62c
reloadAllAccessors: .Expression1

===========================================================================================
----------------- testing Wed Feb 06 03:25:12 UTC 2019 /home/travis/build/icyphy/ptII/ptolemy/actor/lib/test/auto/Expression10.xml
----------------- Instantiating /home/travis/build/icyphy/ptII/ptolemy/actor/lib/test/auto/Expression10.xml
8 ms. Memory: 1369600K Free: 647822K (47%)
----------------- Invoking toplevel() on ptolemy.moml.MoMLSimpleApplication@7787ed78
----------------- Done invoking toplevel() on ptolemy.moml.MoMLSimpleApplication@7787ed78
reloadAllAccessors: .Expression10

===========================================================================================
----------------- testing Wed Feb 06 03:25:12 UTC 2019 /home/travis/build/icyphy/ptII/ptolemy/actor/lib/test/auto/Expression11.xml
----------------- Instantiating /home/travis/build/icyphy/ptII/ptolemy/actor/lib/test/auto/Expression11.xml
2 ms. Memory: 1369600K Free: 635334K (46%)
----------------- Invoking toplevel() on ptolemy.moml.MoMLSimpleApplication@1ce18b30
----------------- Done invoking toplevel() on ptolemy.moml.MoMLSimpleApplication@1ce18b30
reloadAllAccessors: .Expression11

===========================================================================================
----------------- testing Wed Feb 06 03:25:12 UTC 2019 /home/travis/build/icyphy/ptII/ptolemy/actor/lib/test/auto/Expression12.xml
----------------- Instantiating /home/travis/build/icyphy/ptII/ptolemy/actor/lib/test/auto/Expression12.xml
3 ms. Memory: 1369600K Free: 614531K (45%)
----------------- Invoking toplevel() on ptolemy.moml.MoMLSimpleApplication@5745add5
----------------- Done invoking toplevel() on ptolemy.moml.MoMLSimpleApplication@5745add5
reloadAllAccessors: .Expression12

===========================================================================================
----------------- testing Wed Feb 06 03:25:12 UTC 2019 /home/travis/build/icyphy/ptII/ptolemy/actor/lib/test/auto/Expression13.xml
----------------- Instantiating /home/travis/build/icyphy/ptII/ptolemy/actor/lib/test/auto/Expression13.xml
3 ms. Memory: 1369600K Free: 602043K (44%)
----------------- Invoking toplevel() on ptolemy.moml.MoMLSimpleApplication@6ea0a73d
----------------- Done invoking toplevel() on ptolemy.moml.MoMLSimpleApplication@6ea0a73d
reloadAllAccessors: .Expression13

===========================================================================================
----------------- testing Wed Feb 06 03:25:12 UTC 2019 /home/travis/build/icyphy/ptII/ptolemy/actor/lib/test/auto/Expression14.xml
----------------- Instantiating /home/travis/build/icyphy/ptII/ptolemy/actor/lib/test/auto/Expression14.xml
8 ms. Memory: 1369600K Free: 589555K (43%)
----------------- Invoking toplevel() on ptolemy.moml.MoMLSimpleApplication@dda53bc
----------------- Done invoking toplevel() on ptolemy.moml.MoMLSimpleApplication@dda53bc
reloadAllAccessors: .Expression14

===========================================================================================
----------------- testing Wed Feb 06 03:25:12 UTC 2019 /home/travis/build/icyphy/ptII/ptolemy/actor/lib/test/auto/Expression15.xml
----------------- Instantiating /home/travis/build/icyphy/ptII/ptolemy/actor/lib/test/auto/Expression15.xml
1 ms. Memory: 1369600K Free: 577068K (42%)
----------------- Invoking toplevel() on ptolemy.moml.MoMLSimpleApplication@76517d91
----------------- Done invoking toplevel() on ptolemy.moml.MoMLSimpleApplication@76517d91
reloadAllAccessors: .Expression15

===========================================================================================
----------------- testing Wed Feb 06 03:25:12 UTC 2019 /home/travis/build/icyphy/ptII/ptolemy/actor/lib/test/auto/Expression16.xml
----------------- Instantiating /home/travis/build/icyphy/ptII/ptolemy/actor/lib/test/auto/Expression16.xml
4 ms. Memory: 1369600K Free: 548147K (40%)
----------------- Invoking toplevel() on ptolemy.moml.MoMLSimpleApplication@3c90da9
----------------- Done invoking toplevel() on ptolemy.moml.MoMLSimpleApplication@3c90da9
reloadAllAccessors: .Expression16

===========================================================================================
----------------- testing Wed Feb 06 03:25:12 UTC 2019 /home/travis/build/icyphy/ptII/ptolemy/actor/lib/test/auto/Expression17.xml
----------------- Instantiating /home/travis/build/icyphy/ptII/ptolemy/actor/lib/test/auto/Expression17.xml
3 ms. Memory: 1369600K Free: 535659K (39%)
----------------- Invoking toplevel() on ptolemy.moml.MoMLSimpleApplication@60dbfa6d
----------------- Done invoking toplevel() on ptolemy.moml.MoMLSimpleApplication@60dbfa6d
reloadAllAccessors: .Expression17

===========================================================================================
----------------- testing Wed Feb 06 03:25:12 UTC 2019 /home/travis/build/icyphy/ptII/ptolemy/actor/lib/test/auto/Expression18.xml
----------------- Instantiating /home/travis/build/icyphy/ptII/ptolemy/actor/lib/test/auto/Expression18.xml
2 ms. Memory: 1369600K Free: 523172K (38%)
----------------- Invoking toplevel() on ptolemy.moml.MoMLSimpleApplication@33907d3d
----------------- Done invoking toplevel() on ptolemy.moml.MoMLSimpleApplication@33907d3d
reloadAllAccessors: .Expression18

===========================================================================================
----------------- testing Wed Feb 06 03:25:12 UTC 2019 /home/travis/build/icyphy/ptII/ptolemy/actor/lib/test/auto/Expression2.xml
----------------- Instantiating /home/travis/build/icyphy/ptII/ptolemy/actor/lib/test/auto/Expression2.xml
3 ms. Memory: 1369600K Free: 502368K (37%)
----------------- Invoking toplevel() on ptolemy.moml.MoMLSimpleApplication@18ef7994
----------------- Done invoking toplevel() on ptolemy.moml.MoMLSimpleApplication@18ef7994
reloadAllAccessors: .Expression2

===========================================================================================
----------------- testing Wed Feb 06 03:25:12 UTC 2019 /home/travis/build/icyphy/ptII/ptolemy/actor/lib/test/auto/Expression3.xml
----------------- Instantiating /home/travis/build/icyphy/ptII/ptolemy/actor/lib/test/auto/Expression3.xml
3 ms. Memory: 1369600K Free: 489881K (36%)
----------------- Invoking toplevel() on ptolemy.moml.MoMLSimpleApplication@18f69c81
----------------- Done invoking toplevel() on ptolemy.moml.MoMLSimpleApplication@18f69c81
reloadAllAccessors: .Expression3

===========================================================================================
----------------- testing Wed Feb 06 03:25:12 UTC 2019 /home/travis/build/icyphy/ptII/ptolemy/actor/lib/test/auto/Expression4.xml
----------------- Instantiating /home/travis/build/icyphy/ptII/ptolemy/actor/lib/test/auto/Expression4.xml
4 ms. Memory: 1369600K Free: 477393K (35%)
----------------- Invoking toplevel() on ptolemy.moml.MoMLSimpleApplication@37bd653a
----------------- Done invoking toplevel() on ptolemy.moml.MoMLSimpleApplication@37bd653a
reloadAllAccessors: .Expression4

===========================================================================================
----------------- testing Wed Feb 06 03:25:12 UTC 2019 /home/travis/build/icyphy/ptII/ptolemy/actor/lib/test/auto/Expression5.xml
----------------- Instantiating /home/travis/build/icyphy/ptII/ptolemy/actor/lib/test/auto/Expression5.xml
2 ms. Memory: 1369600K Free: 464905K (34%)
----------------- Invoking toplevel() on ptolemy.moml.MoMLSimpleApplication@5fc0324d
----------------- Done invoking toplevel() on ptolemy.moml.MoMLSimpleApplication@5fc0324d
reloadAllAccessors: .Expression5

===========================================================================================
----------------- testing Wed Feb 06 03:25:12 UTC 2019 /home/travis/build/icyphy/ptII/ptolemy/actor/lib/test/auto/Expression6.xml
----------------- Instantiating /home/travis/build/icyphy/ptII/ptolemy/actor/lib/test/auto/Expression6.xml
2 ms. Memory: 1369600K Free: 444102K (32%)
----------------- Invoking toplevel() on ptolemy.moml.MoMLSimpleApplication@2b7d30ff
----------------- Done invoking toplevel() on ptolemy.moml.MoMLSimpleApplication@2b7d30ff
reloadAllAccessors: .Expression6

===========================================================================================
----------------- testing Wed Feb 06 03:25:12 UTC 2019 /home/travis/build/icyphy/ptII/ptolemy/actor/lib/test/auto/Expression7.xml
----------------- Instantiating /home/travis/build/icyphy/ptII/ptolemy/actor/lib/test/auto/Expression7.xml
3 ms. Memory: 1369600K Free: 431614K (32%)
----------------- Invoking toplevel() on ptolemy.moml.MoMLSimpleApplication@264ed906
----------------- Done invoking toplevel() on ptolemy.moml.MoMLSimpleApplication@264ed906
reloadAllAccessors: .Expression7

===========================================================================================
----------------- testing Wed Feb 06 03:25:12 UTC 2019 /home/travis/build/icyphy/ptII/ptolemy/actor/lib/test/auto/Expression8.xml
----------------- Instantiating /home/travis/build/icyphy/ptII/ptolemy/actor/lib/test/auto/Expression8.xml
4 ms. Memory: 1369600K Free: 419127K (31%)
----------------- Invoking toplevel() on ptolemy.moml.MoMLSimpleApplication@504fe14f
----------------- Done invoking toplevel() on ptolemy.moml.MoMLSimpleApplication@504fe14f
reloadAllAccessors: .Expression8

===========================================================================================
----------------- testing Wed Feb 06 03:25:12 UTC 2019 /home/travis/build/icyphy/ptII/ptolemy/actor/lib/test/auto/Expression9.xml
----------------- Instantiating /home/travis/build/icyphy/ptII/ptolemy/actor/lib/test/auto/Expression9.xml
2 ms. Memory: 1369600K Free: 398323K (29%)
----------------- Invoking toplevel() on ptolemy.moml.MoMLSimpleApplication@4c585af6
----------------- Done invoking toplevel() on ptolemy.moml.MoMLSimpleApplication@4c585af6
reloadAllAccessors: .Expression9

===========================================================================================
----------------- testing Wed Feb 06 03:25:12 UTC 2019 /home/travis/build/icyphy/ptII/ptolemy/actor/lib/test/auto/ExpressionConcatenateArrayType.xml
----------------- Instantiating /home/travis/build/icyphy/ptII/ptolemy/actor/lib/test/auto/ExpressionConcatenateArrayType.xml
2 ms. Memory: 1369600K Free: 385836K (28%)
----------------- Invoking toplevel() on ptolemy.moml.MoMLSimpleApplication@387e539b
----------------- Done invoking toplevel() on ptolemy.moml.MoMLSimpleApplication@387e539b
reloadAllAccessors: .ExpressionConcatenateArrayType

===========================================================================================
----------------- testing Wed Feb 06 03:25:12 UTC 2019 /home/travis/build/icyphy/ptII/ptolemy/actor/lib/test/auto/ExpressionConcatenateArrayType2.xml
----------------- Instantiating /home/travis/build/icyphy/ptII/ptolemy/actor/lib/test/auto/ExpressionConcatenateArrayType2.xml
2 ms. Memory: 1369600K Free: 373348K (27%)
----------------- Invoking toplevel() on ptolemy.moml.MoMLSimpleApplication@52d4029b
----------------- Done invoking toplevel() on ptolemy.moml.MoMLSimpleApplication@52d4029b
reloadAllAccessors: .ExpressionConcatenateArrayType2

===========================================================================================
----------------- testing Wed Feb 06 03:25:12 UTC 2019 /home/travis/build/icyphy/ptII/ptolemy/actor/lib/test/auto/ExpressionFix.xml
----------------- Instantiating /home/travis/build/icyphy/ptII/ptolemy/actor/lib/test/auto/ExpressionFix.xml
7 ms. Memory: 1369600K Free: 360860K (26%)
----------------- Invoking toplevel() on ptolemy.moml.MoMLSimpleApplication@4bbfd2bf
----------------- Done invoking toplevel() on ptolemy.moml.MoMLSimpleApplication@4bbfd2bf
reloadAllAccessors: .ExpressionFix

===========================================================================================
----------------- testing Wed Feb 06 03:25:12 UTC 2019 /home/travis/build/icyphy/ptII/ptolemy/actor/lib/test/auto/ExpressionFix2.xml
----------------- Instantiating /home/travis/build/icyphy/ptII/ptolemy/actor/lib/test/auto/ExpressionFix2.xml
2 ms. Memory: 1369600K Free: 340056K (25%)
----------------- Invoking toplevel() on ptolemy.moml.MoMLSimpleApplication@1542912
----------------- Done invoking toplevel() on ptolemy.moml.MoMLSimpleApplication@1542912
reloadAllAccessors: .ExpressionFix2

===========================================================================================
----------------- testing Wed Feb 06 03:25:12 UTC 2019 /home/travis/build/icyphy/ptII/ptolemy/actor/lib/test/auto/ExpressionFix3.xml
----------------- Instantiating /home/travis/build/icyphy/ptII/ptolemy/actor/lib/test/auto/ExpressionFix3.xml
2 ms. Memory: 1369600K Free: 327569K (24%)
----------------- Invoking toplevel() on ptolemy.moml.MoMLSimpleApplication@4909eb81
----------------- Done invoking toplevel() on ptolemy.moml.MoMLSimpleApplication@4909eb81
reloadAllAccessors: .ExpressionFix3

===========================================================================================
----------------- testing Wed Feb 06 03:25:12 UTC 2019 /home/travis/build/icyphy/ptII/ptolemy/actor/lib/test/auto/FileWriter1.xml
----------------- Instantiating /home/travis/build/icyphy/ptII/ptolemy/actor/lib/test/auto/FileWriter1.xml
2 ms. Memory: 1369600K Free: 315081K (23%)
----------------- Invoking toplevel() on ptolemy.moml.MoMLSimpleApplication@675d126c
----------------- Done invoking toplevel() on ptolemy.moml.MoMLSimpleApplication@675d126c
reloadAllAccessors: .FileWriter1

===========================================================================================
----------------- testing Wed Feb 06 03:25:12 UTC 2019 /home/travis/build/icyphy/ptII/ptolemy/actor/lib/test/auto/FileWriter2.xml
----------------- Instantiating /home/travis/build/icyphy/ptII/ptolemy/actor/lib/test/auto/FileWriter2.xml
3 ms. Memory: 1369600K Free: 294278K (21%)
----------------- Invoking toplevel() on ptolemy.moml.MoMLSimpleApplication@21ecddb5
----------------- Done invoking toplevel() on ptolemy.moml.MoMLSimpleApplication@21ecddb5
reloadAllAccessors: .FileWriter2

===========================================================================================
----------------- testing Wed Feb 06 03:25:12 UTC 2019 /home/travis/build/icyphy/ptII/ptolemy/actor/lib/test/auto/FileWriter3.xml
----------------- Instantiating /home/travis/build/icyphy/ptII/ptolemy/actor/lib/test/auto/FileWriter3.xml
7 ms. Memory: 1369600K Free: 281790K (21%)
----------------- Invoking toplevel() on ptolemy.moml.MoMLSimpleApplication@3dc26102
----------------- Done invoking toplevel() on ptolemy.moml.MoMLSimpleApplication@3dc26102
reloadAllAccessors: .FileWriter3

===========================================================================================
----------------- testing Wed Feb 06 03:25:12 UTC 2019 /home/travis/build/icyphy/ptII/ptolemy/actor/lib/test/auto/Gaussian.xml
----------------- Instantiating /home/travis/build/icyphy/ptII/ptolemy/actor/lib/test/auto/Gaussian.xml
2 ms. Memory: 1369600K Free: 269302K (20%)
----------------- Invoking toplevel() on ptolemy.moml.MoMLSimpleApplication@766c55bf
----------------- Done invoking toplevel() on ptolemy.moml.MoMLSimpleApplication@766c55bf
reloadAllAccessors: .Gaussian

===========================================================================================
----------------- testing Wed Feb 06 03:25:12 UTC 2019 /home/travis/build/icyphy/ptII/ptolemy/actor/lib/test/auto/Gaussian1.xml
----------------- Instantiating /home/travis/build/icyphy/ptII/ptolemy/actor/lib/test/auto/Gaussian1.xml
2 ms. Memory: 1369600K Free: 256815K (19%)
----------------- Invoking toplevel() on ptolemy.moml.MoMLSimpleApplication@1e88d9ef
----------------- Done invoking toplevel() on ptolemy.moml.MoMLSimpleApplication@1e88d9ef
reloadAllAccessors: .Gaussian1

===========================================================================================
----------------- testing Wed Feb 06 03:25:12 UTC 2019 /home/travis/build/icyphy/ptII/ptolemy/actor/lib/test/auto/Gaussian2.xml
----------------- Instantiating /home/travis/build/icyphy/ptII/ptolemy/actor/lib/test/auto/Gaussian2.xml
2 ms. Memory: 1369600K Free: 236011K (17%)
----------------- Invoking toplevel() on ptolemy.moml.MoMLSimpleApplication@646e6155
----------------- Done invoking toplevel() on ptolemy.moml.MoMLSimpleApplication@646e6155
reloadAllAccessors: .Gaussian2

===========================================================================================
----------------- testing Wed Feb 06 03:25:12 UTC 2019 /home/travis/build/icyphy/ptII/ptolemy/actor/lib/test/auto/GradientAdaptiveLattice.xml
----------------- Instantiating /home/travis/build/icyphy/ptII/ptolemy/actor/lib/test/auto/GradientAdaptiveLattice.xml
3 ms. Memory: 1369600K Free: 223524K (16%)
----------------- Invoking toplevel() on ptolemy.moml.MoMLSimpleApplication@40989804
----------------- Done invoking toplevel() on ptolemy.moml.MoMLSimpleApplication@40989804
reloadAllAccessors: .GradientAdaptiveLattice

===========================================================================================
----------------- testing Wed Feb 06 03:25:12 UTC 2019 /home/travis/build/icyphy/ptII/ptolemy/actor/lib/test/auto/IIR.xml
----------------- Instantiating /home/travis/build/icyphy/ptII/ptolemy/actor/lib/test/auto/IIR.xml
1 ms. Memory: 1369600K Free: 211036K (15%)
----------------- Invoking toplevel() on ptolemy.moml.MoMLSimpleApplication@193faad
----------------- Done invoking toplevel() on ptolemy.moml.MoMLSimpleApplication@193faad
reloadAllAccessors: .IIR

===========================================================================================
----------------- testing Wed Feb 06 03:25:12 UTC 2019 /home/travis/build/icyphy/ptII/ptolemy/actor/lib/test/auto/InputOutputTransparentPorts.xml
----------------- Instantiating /home/travis/build/icyphy/ptII/ptolemy/actor/lib/test/auto/InputOutputTransparentPorts.xml
1 ms. Memory: 1369600K Free: 190233K (14%)
----------------- Invoking toplevel() on ptolemy.moml.MoMLSimpleApplication@55d8c3e7
----------------- Done invoking toplevel() on ptolemy.moml.MoMLSimpleApplication@55d8c3e7
reloadAllAccessors: .InputOutputTransparentPorts

===========================================================================================
----------------- testing Wed Feb 06 03:25:12 UTC 2019 /home/travis/build/icyphy/ptII/ptolemy/actor/lib/test/auto/Interpolator.xml
----------------- Instantiating /home/travis/build/icyphy/ptII/ptolemy/actor/lib/test/auto/Interpolator.xml
3 ms. Memory: 1369600K Free: 177745K (13%)
----------------- Invoking toplevel() on ptolemy.moml.MoMLSimpleApplication@6a38f800
----------------- Done invoking toplevel() on ptolemy.moml.MoMLSimpleApplication@6a38f800
reloadAllAccessors: .Interpolator

===========================================================================================
----------------- testing Wed Feb 06 03:25:12 UTC 2019 /home/travis/build/icyphy/ptII/ptolemy/actor/lib/test/auto/InterpolatorFiringLimitDE.xml
----------------- Instantiating /home/travis/build/icyphy/ptII/ptolemy/actor/lib/test/auto/InterpolatorFiringLimitDE.xml
3 ms. Memory: 1369600K Free: 165257K (12%)
----------------- Invoking toplevel() on ptolemy.moml.MoMLSimpleApplication@57177e1e
----------------- Done invoking toplevel() on ptolemy.moml.MoMLSimpleApplication@57177e1e
reloadAllAccessors: .InterpolatorFiringLimitDE

===========================================================================================
----------------- testing Wed Feb 06 03:25:13 UTC 2019 /home/travis/build/icyphy/ptII/ptolemy/actor/lib/test/auto/Lattice.xml
----------------- Instantiating /home/travis/build/icyphy/ptII/ptolemy/actor/lib/test/auto/Lattice.xml
2 ms. Memory: 1369600K Free: 152770K (11%)
----------------- Invoking toplevel() on ptolemy.moml.MoMLSimpleApplication@7428c01f
----------------- Done invoking toplevel() on ptolemy.moml.MoMLSimpleApplication@7428c01f
reloadAllAccessors: .Lattice

===========================================================================================
----------------- testing Wed Feb 06 03:25:13 UTC 2019 /home/travis/build/icyphy/ptII/ptolemy/actor/lib/test/auto/LazyAOCTestLazy.xml
----------------- Instantiating /home/travis/build/icyphy/ptII/ptolemy/actor/lib/test/auto/LazyAOCTestLazy.xml
7 ms. Memory: 1369600K Free: 131966K (10%)
----------------- Invoking toplevel() on ptolemy.moml.MoMLSimpleApplication@181ee5db
----------------- Done invoking toplevel() on ptolemy.moml.MoMLSimpleApplication@181ee5db
reloadAllAccessors: .LazyAOCTestLazy

===========================================================================================
----------------- testing Wed Feb 06 03:25:13 UTC 2019 /home/travis/build/icyphy/ptII/ptolemy/actor/lib/test/auto/LazyAOCTestNonLazy.xml
----------------- Instantiating /home/travis/build/icyphy/ptII/ptolemy/actor/lib/test/auto/LazyAOCTestNonLazy.xml
2 ms. Memory: 1369600K Free: 119478K (9%)
----------------- Invoking toplevel() on ptolemy.moml.MoMLSimpleApplication@6524273a
----------------- Done invoking toplevel() on ptolemy.moml.MoMLSimpleApplication@6524273a
reloadAllAccessors: .LazyAOCTestNonLazy

===========================================================================================
----------------- testing Wed Feb 06 03:25:13 UTC 2019 /home/travis/build/icyphy/ptII/ptolemy/actor/lib/test/auto/LazyInnerClass.xml
----------------- Instantiating /home/travis/build/icyphy/ptII/ptolemy/actor/lib/test/auto/LazyInnerClass.xml
10 ms. Memory: 1369600K Free: 106991K (8%)
----------------- Invoking toplevel() on ptolemy.moml.MoMLSimpleApplication@20e62489
----------------- Done invoking toplevel() on ptolemy.moml.MoMLSimpleApplication@20e62489
reloadAllAccessors: .LazyInnerClass

===========================================================================================
----------------- testing Wed Feb 06 03:25:13 UTC 2019 /home/travis/build/icyphy/ptII/ptolemy/actor/lib/test/auto/LazyPubSub.xml
----------------- Instantiating /home/travis/build/icyphy/ptII/ptolemy/actor/lib/test/auto/LazyPubSub.xml
16 ms. Memory: 1369600K Free: 86187K (6%)
----------------- Invoking toplevel() on ptolemy.moml.MoMLSimpleApplication@85a6fa6
----------------- Done invoking toplevel() on ptolemy.moml.MoMLSimpleApplication@85a6fa6
reloadAllAccessors: .LazyPubSub

===========================================================================================
----------------- testing Wed Feb 06 03:25:13 UTC 2019 /home/travis/build/icyphy/ptII/ptolemy/actor/lib/test/auto/LazyPubSub2.xml
----------------- Instantiating /home/travis/build/icyphy/ptII/ptolemy/actor/lib/test/auto/LazyPubSub2.xml
14 ms. Memory: 1369600K Free: 1321666K (97%)
----------------- Invoking toplevel() on ptolemy.moml.MoMLSimpleApplication@cdd1824
----------------- Done invoking toplevel() on ptolemy.moml.MoMLSimpleApplication@cdd1824
reloadAllAccessors: .LazyPubSub2

===========================================================================================
----------------- testing Wed Feb 06 03:25:13 UTC 2019 /home/travis/build/icyphy/ptII/ptolemy/actor/lib/test/auto/LazyPubSub3.xml
----------------- Instantiating /home/travis/build/icyphy/ptII/ptolemy/actor/lib/test/auto/LazyPubSub3.xml
18 ms. Memory: 1369600K Free: 1302784K (95%)
----------------- Invoking toplevel() on ptolemy.moml.MoMLSimpleApplication@3f7454c1
----------------- Done invoking toplevel() on ptolemy.moml.MoMLSimpleApplication@3f7454c1
reloadAllAccessors: .LazyPubSub3

===========================================================================================
----------------- testing Wed Feb 06 03:25:13 UTC 2019 /home/travis/build/icyphy/ptII/ptolemy/actor/lib/test/auto/LazySubClassModel.xml
----------------- Instantiating /home/travis/build/icyphy/ptII/ptolemy/actor/lib/test/auto/LazySubClassModel.xml
6 ms. Memory: 1369600K Free: 1284044K (94%)
----------------- Invoking toplevel() on ptolemy.moml.MoMLSimpleApplication@23b49435
----------------- Done invoking toplevel() on ptolemy.moml.MoMLSimpleApplication@23b49435
reloadAllAccessors: .LazySubClassModel

===========================================================================================
----------------- testing Wed Feb 06 03:25:13 UTC 2019 /home/travis/build/icyphy/ptII/ptolemy/actor/lib/test/auto/LevelCrossTest1.xml
----------------- Instantiating /home/travis/build/icyphy/ptII/ptolemy/actor/lib/test/auto/LevelCrossTest1.xml
1 ms. Memory: 1369600K Free: 1265090K (92%)
----------------- Invoking toplevel() on ptolemy.moml.MoMLSimpleApplication@58402261
----------------- Done invoking toplevel() on ptolemy.moml.MoMLSimpleApplication@58402261
reloadAllAccessors: .broken

===========================================================================================
----------------- testing Wed Feb 06 03:25:13 UTC 2019 /home/travis/build/icyphy/ptII/ptolemy/actor/lib/test/auto/LevelCrossTest10.xml
----------------- Instantiating /home/travis/build/icyphy/ptII/ptolemy/actor/lib/test/auto/LevelCrossTest10.xml
1 ms. Memory: 1369600K Free: 1252602K (91%)
----------------- Invoking toplevel() on ptolemy.moml.MoMLSimpleApplication@408d8243
----------------- Done invoking toplevel() on ptolemy.moml.MoMLSimpleApplication@408d8243
reloadAllAccessors: .LevelCrossTest10

===========================================================================================
----------------- testing Wed Feb 06 03:25:13 UTC 2019 /home/travis/build/icyphy/ptII/ptolemy/actor/lib/test/auto/LevelCrossTest11.xml
----------------- Instantiating /home/travis/build/icyphy/ptII/ptolemy/actor/lib/test/auto/LevelCrossTest11.xml
1 ms. Memory: 1369600K Free: 1240115K (91%)
----------------- Invoking toplevel() on ptolemy.moml.MoMLSimpleApplication@afa8e6e
----------------- Done invoking toplevel() on ptolemy.moml.MoMLSimpleApplication@afa8e6e
reloadAllAccessors: .LevelCrossTest11

===========================================================================================
----------------- testing Wed Feb 06 03:25:13 UTC 2019 /home/travis/build/icyphy/ptII/ptolemy/actor/lib/test/auto/LevelCrossTest12.xml
----------------- Instantiating /home/travis/build/icyphy/ptII/ptolemy/actor/lib/test/auto/LevelCrossTest12.xml
1 ms. Memory: 1369600K Free: 1221232K (89%)
----------------- Invoking toplevel() on ptolemy.moml.MoMLSimpleApplication@58e199c0
----------------- Done invoking toplevel() on ptolemy.moml.MoMLSimpleApplication@58e199c0
reloadAllAccessors: .LevelCrossTest12

===========================================================================================
----------------- testing Wed Feb 06 03:25:13 UTC 2019 /home/travis/build/icyphy/ptII/ptolemy/actor/lib/test/auto/LevelCrossTest13.xml
----------------- Instantiating /home/travis/build/icyphy/ptII/ptolemy/actor/lib/test/auto/LevelCrossTest13.xml
1 ms. Memory: 1369600K Free: 1208744K (88%)
----------------- Invoking toplevel() on ptolemy.moml.MoMLSimpleApplication@43fb2edf
----------------- Done invoking toplevel() on ptolemy.moml.MoMLSimpleApplication@43fb2edf
reloadAllAccessors: .LevelCrossTest13

===========================================================================================
----------------- testing Wed Feb 06 03:25:13 UTC 2019 /home/travis/build/icyphy/ptII/ptolemy/actor/lib/test/auto/LevelCrossTest2.xml
----------------- Instantiating /home/travis/build/icyphy/ptII/ptolemy/actor/lib/test/auto/LevelCrossTest2.xml
1 ms. Memory: 1369600K Free: 1189862K (87%)
----------------- Invoking toplevel() on ptolemy.moml.MoMLSimpleApplication@3813ee1c
----------------- Done invoking toplevel() on ptolemy.moml.MoMLSimpleApplication@3813ee1c
reloadAllAccessors: .broken

===========================================================================================
----------------- testing Wed Feb 06 03:25:13 UTC 2019 /home/travis/build/icyphy/ptII/ptolemy/actor/lib/test/auto/LevelCrossTest3.xml
----------------- Instantiating /home/travis/build/icyphy/ptII/ptolemy/actor/lib/test/auto/LevelCrossTest3.xml
2 ms. Memory: 1369600K Free: 1177374K (86%)
----------------- Invoking toplevel() on ptolemy.moml.MoMLSimpleApplication@28d4c8cf
----------------- Done invoking toplevel() on ptolemy.moml.MoMLSimpleApplication@28d4c8cf
reloadAllAccessors: .LevelCrossTest3

===========================================================================================
----------------- testing Wed Feb 06 03:25:13 UTC 2019 /home/travis/build/icyphy/ptII/ptolemy/actor/lib/test/auto/LevelCrossTest4.xml
----------------- Instantiating /home/travis/build/icyphy/ptII/ptolemy/actor/lib/test/auto/LevelCrossTest4.xml
1 ms. Memory: 1369600K Free: 1164887K (85%)
----------------- Invoking toplevel() on ptolemy.moml.MoMLSimpleApplication@67bc87b3
----------------- Done invoking toplevel() on ptolemy.moml.MoMLSimpleApplication@67bc87b3
reloadAllAccessors: .broken

===========================================================================================
----------------- testing Wed Feb 06 03:25:13 UTC 2019 /home/travis/build/icyphy/ptII/ptolemy/actor/lib/test/auto/LevelCrossTest5.xml
----------------- Instantiating /home/travis/build/icyphy/ptII/ptolemy/actor/lib/test/auto/LevelCrossTest5.xml
1 ms. Memory: 1369600K Free: 1146004K (84%)
----------------- Invoking toplevel() on ptolemy.moml.MoMLSimpleApplication@14f19c98
----------------- Done invoking toplevel() on ptolemy.moml.MoMLSimpleApplication@14f19c98
reloadAllAccessors: .LevelCrossTest5

===========================================================================================
----------------- testing Wed Feb 06 03:25:13 UTC 2019 /home/travis/build/icyphy/ptII/ptolemy/actor/lib/test/auto/LevelCrossTest6.xml
----------------- Instantiating /home/travis/build/icyphy/ptII/ptolemy/actor/lib/test/auto/LevelCrossTest6.xml
1 ms. Memory: 1369600K Free: 1133516K (83%)
----------------- Invoking toplevel() on ptolemy.moml.MoMLSimpleApplication@83e1c3b
----------------- Done invoking toplevel() on ptolemy.moml.MoMLSimpleApplication@83e1c3b
reloadAllAccessors: .LevelCrossTest6

===========================================================================================
----------------- testing Wed Feb 06 03:25:13 UTC 2019 /home/travis/build/icyphy/ptII/ptolemy/actor/lib/test/auto/LevelCrossTest7.xml
----------------- Instantiating /home/travis/build/icyphy/ptII/ptolemy/actor/lib/test/auto/LevelCrossTest7.xml
1 ms. Memory: 1369600K Free: 1121028K (82%)
----------------- Invoking toplevel() on ptolemy.moml.MoMLSimpleApplication@1bb68842
----------------- Done invoking toplevel() on ptolemy.moml.MoMLSimpleApplication@1bb68842
reloadAllAccessors: .LevelCrossTest7

===========================================================================================
----------------- testing Wed Feb 06 03:25:13 UTC 2019 /home/travis/build/icyphy/ptII/ptolemy/actor/lib/test/auto/LevelCrossTest8.xml
----------------- Instantiating /home/travis/build/icyphy/ptII/ptolemy/actor/lib/test/auto/LevelCrossTest8.xml
1 ms. Memory: 1369600K Free: 1102146K (80%)
----------------- Invoking toplevel() on ptolemy.moml.MoMLSimpleApplication@355f5d9c
----------------- Done invoking toplevel() on ptolemy.moml.MoMLSimpleApplication@355f5d9c
reloadAllAccessors: .LevelCrossTest8

===========================================================================================
----------------- testing Wed Feb 06 03:25:13 UTC 2019 /home/travis/build/icyphy/ptII/ptolemy/actor/lib/test/auto/LevelCrossTest9.xml
----------------- Instantiating /home/travis/build/icyphy/ptII/ptolemy/actor/lib/test/auto/LevelCrossTest9.xml
1 ms. Memory: 1369600K Free: 1089658K (80%)
----------------- Invoking toplevel() on ptolemy.moml.MoMLSimpleApplication@34fd8fd8
----------------- Done invoking toplevel() on ptolemy.moml.MoMLSimpleApplication@34fd8fd8
reloadAllAccessors: .LevelCrossTest9

===========================================================================================
----------------- testing Wed Feb 06 03:25:13 UTC 2019 /home/travis/build/icyphy/ptII/ptolemy/actor/lib/test/auto/LevinsonDurbin.xml
----------------- Instantiating /home/travis/build/icyphy/ptII/ptolemy/actor/lib/test/auto/LevinsonDurbin.xml
1 ms. Memory: 1369600K Free: 1070776K (78%)
----------------- Invoking toplevel() on ptolemy.moml.MoMLSimpleApplication@73ac4b79
----------------- Done invoking toplevel() on ptolemy.moml.MoMLSimpleApplication@73ac4b79
reloadAllAccessors: .LevinsonDurbin

===========================================================================================
----------------- testing Wed Feb 06 03:25:13 UTC 2019 /home/travis/build/icyphy/ptII/ptolemy/actor/lib/test/auto/LevinsonDurbin2.xml
----------------- Instantiating /home/travis/build/icyphy/ptII/ptolemy/actor/lib/test/auto/LevinsonDurbin2.xml
1 ms. Memory: 1369600K Free: 1058288K (77%)
----------------- Invoking toplevel() on ptolemy.moml.MoMLSimpleApplication@3fbabfdf
----------------- Done invoking toplevel() on ptolemy.moml.MoMLSimpleApplication@3fbabfdf
reloadAllAccessors: .LevinsonDurbin2

===========================================================================================
----------------- testing Wed Feb 06 03:25:13 UTC 2019 /home/travis/build/icyphy/ptII/ptolemy/actor/lib/test/auto/LevinsonDurbin3.xml
----------------- Instantiating /home/travis/build/icyphy/ptII/ptolemy/actor/lib/test/auto/LevinsonDurbin3.xml
1 ms. Memory: 1369600K Free: 1045800K (76%)
----------------- Invoking toplevel() on ptolemy.moml.MoMLSimpleApplication@d6b0437
----------------- Done invoking toplevel() on ptolemy.moml.MoMLSimpleApplication@d6b0437
reloadAllAccessors: .LevinsonDurbin3

===========================================================================================
----------------- testing Wed Feb 06 03:25:13 UTC 2019 /home/travis/build/icyphy/ptII/ptolemy/actor/lib/test/auto/Limiter.xml
----------------- Instantiating /home/travis/build/icyphy/ptII/ptolemy/actor/lib/test/auto/Limiter.xml
3 ms. Memory: 1369600K Free: 1026918K (75%)
----------------- Invoking toplevel() on ptolemy.moml.MoMLSimpleApplication@420c1384
----------------- Done invoking toplevel() on ptolemy.moml.MoMLSimpleApplication@420c1384
reloadAllAccessors: .Limiter

===========================================================================================
----------------- testing Wed Feb 06 03:25:13 UTC 2019 /home/travis/build/icyphy/ptII/ptolemy/actor/lib/test/auto/LinearDifferenceEquationSystem.xml
----------------- Instantiating /home/travis/build/icyphy/ptII/ptolemy/actor/lib/test/auto/LinearDifferenceEquationSystem.xml
3 ms. Memory: 1369600K Free: 1014430K (74%)
----------------- Invoking toplevel() on ptolemy.moml.MoMLSimpleApplication@29eada29
----------------- Done invoking toplevel() on ptolemy.moml.MoMLSimpleApplication@29eada29
reloadAllAccessors: .LinearDifferenceEquationSystem

===========================================================================================
----------------- testing Wed Feb 06 03:25:13 UTC 2019 /home/travis/build/icyphy/ptII/ptolemy/actor/lib/test/auto/LookupTable.xml
----------------- Instantiating /home/travis/build/icyphy/ptII/ptolemy/actor/lib/test/auto/LookupTable.xml
2 ms. Memory: 1369600K Free: 1001942K (73%)
----------------- Invoking toplevel() on ptolemy.moml.MoMLSimpleApplication@43b5be19
----------------- Done invoking toplevel() on ptolemy.moml.MoMLSimpleApplication@43b5be19
reloadAllAccessors: .LookupTable

===========================================================================================
----------------- testing Wed Feb 06 03:25:13 UTC 2019 /home/travis/build/icyphy/ptII/ptolemy/actor/lib/test/auto/MathFunction.xml
----------------- Instantiating /home/travis/build/icyphy/ptII/ptolemy/actor/lib/test/auto/MathFunction.xml
2 ms. Memory: 1369600K Free: 983060K (72%)
----------------- Invoking toplevel() on ptolemy.moml.MoMLSimpleApplication@7168d743
----------------- Done invoking toplevel() on ptolemy.moml.MoMLSimpleApplication@7168d743
reloadAllAccessors: .MathFunction

===========================================================================================
----------------- testing Wed Feb 06 03:25:13 UTC 2019 /home/travis/build/icyphy/ptII/ptolemy/actor/lib/test/auto/MathFunction2.xml
----------------- Instantiating /home/travis/build/icyphy/ptII/ptolemy/actor/lib/test/auto/MathFunction2.xml
1 ms. Memory: 1369600K Free: 970572K (71%)
----------------- Invoking toplevel() on ptolemy.moml.MoMLSimpleApplication@2f5dd243
----------------- Done invoking toplevel() on ptolemy.moml.MoMLSimpleApplication@2f5dd243
reloadAllAccessors: .MathFunction2

===========================================================================================
----------------- testing Wed Feb 06 03:25:13 UTC 2019 /home/travis/build/icyphy/ptII/ptolemy/actor/lib/test/auto/MathFunction3.xml
----------------- Instantiating /home/travis/build/icyphy/ptII/ptolemy/actor/lib/test/auto/MathFunction3.xml
2 ms. Memory: 1369600K Free: 951689K (69%)
----------------- Invoking toplevel() on ptolemy.moml.MoMLSimpleApplication@22a37f3a
----------------- Done invoking toplevel() on ptolemy.moml.MoMLSimpleApplication@22a37f3a
reloadAllAccessors: .MathFunction3

===========================================================================================
----------------- testing Wed Feb 06 03:25:13 UTC 2019 /home/travis/build/icyphy/ptII/ptolemy/actor/lib/test/auto/MatrixCropBoolean.xml
----------------- Instantiating /home/travis/build/icyphy/ptII/ptolemy/actor/lib/test/auto/MatrixCropBoolean.xml
1 ms. Memory: 1369600K Free: 939202K (69%)
----------------- Invoking toplevel() on ptolemy.moml.MoMLSimpleApplication@454964b8
----------------- Done invoking toplevel() on ptolemy.moml.MoMLSimpleApplication@454964b8
reloadAllAccessors: .MatrixCropBoolean

===========================================================================================
----------------- testing Wed Feb 06 03:25:13 UTC 2019 /home/travis/build/icyphy/ptII/ptolemy/actor/lib/test/auto/MatrixCropComplex.xml
----------------- Instantiating /home/travis/build/icyphy/ptII/ptolemy/actor/lib/test/auto/MatrixCropComplex.xml
2 ms. Memory: 1369600K Free: 926714K (68%)
----------------- Invoking toplevel() on ptolemy.moml.MoMLSimpleApplication@7f655feb
----------------- Done invoking toplevel() on ptolemy.moml.MoMLSimpleApplication@7f655feb
reloadAllAccessors: .MatrixCropComplex

===========================================================================================
----------------- testing Wed Feb 06 03:25:13 UTC 2019 /home/travis/build/icyphy/ptII/ptolemy/actor/lib/test/auto/MatrixCropDouble.xml
----------------- Instantiating /home/travis/build/icyphy/ptII/ptolemy/actor/lib/test/auto/MatrixCropDouble.xml
1 ms. Memory: 1369600K Free: 907832K (66%)
----------------- Invoking toplevel() on ptolemy.moml.MoMLSimpleApplication@44356459
----------------- Done invoking toplevel() on ptolemy.moml.MoMLSimpleApplication@44356459
reloadAllAccessors: .MatrixCropDouble

===========================================================================================
----------------- testing Wed Feb 06 03:25:13 UTC 2019 /home/travis/build/icyphy/ptII/ptolemy/actor/lib/test/auto/MatrixCropFix.xml
----------------- Instantiating /home/travis/build/icyphy/ptII/ptolemy/actor/lib/test/auto/MatrixCropFix.xml
1 ms. Memory: 1369600K Free: 895344K (65%)
----------------- Invoking toplevel() on ptolemy.moml.MoMLSimpleApplication@5908482a
----------------- Done invoking toplevel() on ptolemy.moml.MoMLSimpleApplication@5908482a
reloadAllAccessors: .MatrixCropFix

===========================================================================================
----------------- testing Wed Feb 06 03:25:13 UTC 2019 /home/travis/build/icyphy/ptII/ptolemy/actor/lib/test/auto/MatrixCropInt.xml
----------------- Instantiating /home/travis/build/icyphy/ptII/ptolemy/actor/lib/test/auto/MatrixCropInt.xml
2 ms. Memory: 1369600K Free: 876462K (64%)
----------------- Invoking toplevel() on ptolemy.moml.MoMLSimpleApplication@208169d5
----------------- Done invoking toplevel() on ptolemy.moml.MoMLSimpleApplication@208169d5
reloadAllAccessors: .MatrixCropInt

===========================================================================================
----------------- testing Wed Feb 06 03:25:13 UTC 2019 /home/travis/build/icyphy/ptII/ptolemy/actor/lib/test/auto/MatrixCropLong.xml
----------------- Instantiating /home/travis/build/icyphy/ptII/ptolemy/actor/lib/test/auto/MatrixCropLong.xml
1 ms. Memory: 1369600K Free: 863974K (63%)
----------------- Invoking toplevel() on ptolemy.moml.MoMLSimpleApplication@7e797027
----------------- Done invoking toplevel() on ptolemy.moml.MoMLSimpleApplication@7e797027
reloadAllAccessors: .MatrixCropLong

===========================================================================================
----------------- testing Wed Feb 06 03:25:13 UTC 2019 /home/travis/build/icyphy/ptII/ptolemy/actor/lib/test/auto/MatrixToArray.xml
----------------- Instantiating /home/travis/build/icyphy/ptII/ptolemy/actor/lib/test/auto/MatrixToArray.xml
4 ms. Memory: 1369600K Free: 838967K (61%)
----------------- Invoking toplevel() on ptolemy.moml.MoMLSimpleApplication@6ca57520
----------------- Done invoking toplevel() on ptolemy.moml.MoMLSimpleApplication@6ca57520
reloadAllAccessors: .MatrixToArray

===========================================================================================
----------------- testing Wed Feb 06 03:25:13 UTC 2019 /home/travis/build/icyphy/ptII/ptolemy/actor/lib/test/auto/MaxIndex.xml
----------------- Instantiating /home/travis/build/icyphy/ptII/ptolemy/actor/lib/test/auto/MaxIndex.xml
2 ms. Memory: 1369600K Free: 820084K (60%)
----------------- Invoking toplevel() on ptolemy.moml.MoMLSimpleApplication@6d2cade1
----------------- Done invoking toplevel() on ptolemy.moml.MoMLSimpleApplication@6d2cade1
reloadAllAccessors: .MaxIndex

===========================================================================================
----------------- testing Wed Feb 06 03:25:13 UTC 2019 /home/travis/build/icyphy/ptII/ptolemy/actor/lib/test/auto/Maximum.xml
----------------- Instantiating /home/travis/build/icyphy/ptII/ptolemy/actor/lib/test/auto/Maximum.xml
2 ms. Memory: 1369600K Free: 807597K (59%)
----------------- Invoking toplevel() on ptolemy.moml.MoMLSimpleApplication@2a3669fa
----------------- Done invoking toplevel() on ptolemy.moml.MoMLSimpleApplication@2a3669fa
reloadAllAccessors: .Maximum

===========================================================================================
----------------- testing Wed Feb 06 03:25:13 UTC 2019 /home/travis/build/icyphy/ptII/ptolemy/actor/lib/test/auto/MaximumComplex.xml
----------------- Instantiating /home/travis/build/icyphy/ptII/ptolemy/actor/lib/test/auto/MaximumComplex.xml
2 ms. Memory: 1369600K Free: 795109K (58%)
----------------- Invoking toplevel() on ptolemy.moml.MoMLSimpleApplication@17f3cb3b
----------------- Done invoking toplevel() on ptolemy.moml.MoMLSimpleApplication@17f3cb3b
reloadAllAccessors: .MaximumComplex

===========================================================================================
----------------- testing Wed Feb 06 03:25:13 UTC 2019 /home/travis/build/icyphy/ptII/ptolemy/actor/lib/test/auto/MethodCallTest.xml
----------------- Instantiating /home/travis/build/icyphy/ptII/ptolemy/actor/lib/test/auto/MethodCallTest.xml
2 ms. Memory: 1369600K Free: 776226K (57%)
----------------- Invoking toplevel() on ptolemy.moml.MoMLSimpleApplication@68535edd
----------------- Done invoking toplevel() on ptolemy.moml.MoMLSimpleApplication@68535edd
reloadAllAccessors: .MethodCallTest

===========================================================================================
----------------- testing Wed Feb 06 03:25:13 UTC 2019 /home/travis/build/icyphy/ptII/ptolemy/actor/lib/test/auto/Minimum.xml
----------------- Instantiating /home/travis/build/icyphy/ptII/ptolemy/actor/lib/test/auto/Minimum.xml
2 ms. Memory: 1369600K Free: 763739K (56%)
----------------- Invoking toplevel() on ptolemy.moml.MoMLSimpleApplication@1cc9a21f
----------------- Done invoking toplevel() on ptolemy.moml.MoMLSimpleApplication@1cc9a21f
reloadAllAccessors: .Minimum

===========================================================================================
----------------- testing Wed Feb 06 03:25:13 UTC 2019 /home/travis/build/icyphy/ptII/ptolemy/actor/lib/test/auto/MinimumComplex.xml
----------------- Instantiating /home/travis/build/icyphy/ptII/ptolemy/actor/lib/test/auto/MinimumComplex.xml
3 ms. Memory: 1369600K Free: 744856K (54%)
----------------- Invoking toplevel() on ptolemy.moml.MoMLSimpleApplication@abd4d5d
----------------- Done invoking toplevel() on ptolemy.moml.MoMLSimpleApplication@abd4d5d
reloadAllAccessors: .MinimumComplex

===========================================================================================
----------------- testing Wed Feb 06 03:25:13 UTC 2019 /home/travis/build/icyphy/ptII/ptolemy/actor/lib/test/auto/MinimumMultiports.xml
----------------- Instantiating /home/travis/build/icyphy/ptII/ptolemy/actor/lib/test/auto/MinimumMultiports.xml
3 ms. Memory: 1369600K Free: 732368K (53%)
----------------- Invoking toplevel() on ptolemy.moml.MoMLSimpleApplication@268fdf0c
----------------- Done invoking toplevel() on ptolemy.moml.MoMLSimpleApplication@268fdf0c
reloadAllAccessors: .MinimumMultiports

===========================================================================================
----------------- testing Wed Feb 06 03:25:13 UTC 2019 /home/travis/build/icyphy/ptII/ptolemy/actor/lib/test/auto/ModifyDate.xml
----------------- Instantiating /home/travis/build/icyphy/ptII/ptolemy/actor/lib/test/auto/ModifyDate.xml
4 ms. Memory: 1369600K Free: 713621K (52%)
----------------- Invoking toplevel() on ptolemy.moml.MoMLSimpleApplication@75f0664a
----------------- Done invoking toplevel() on ptolemy.moml.MoMLSimpleApplication@75f0664a
reloadAllAccessors: .ModifyDate

===========================================================================================
----------------- testing Wed Feb 06 03:25:13 UTC 2019 /home/travis/build/icyphy/ptII/ptolemy/actor/lib/test/auto/ModifyDate2.xml
----------------- Instantiating /home/travis/build/icyphy/ptII/ptolemy/actor/lib/test/auto/ModifyDate2.xml
3 ms. Memory: 1369600K Free: 688479K (50%)
----------------- Invoking toplevel() on ptolemy.moml.MoMLSimpleApplication@50e75645
----------------- Done invoking toplevel() on ptolemy.moml.MoMLSimpleApplication@50e75645
reloadAllAccessors: .ModifyDate2

===========================================================================================
----------------- testing Wed Feb 06 03:25:13 UTC 2019 /home/travis/build/icyphy/ptII/ptolemy/actor/lib/test/auto/MovingAverage.xml
----------------- Instantiating /home/travis/build/icyphy/ptII/ptolemy/actor/lib/test/auto/MovingAverage.xml
1 ms. Memory: 1369600K Free: 675991K (49%)
----------------- Invoking toplevel() on ptolemy.moml.MoMLSimpleApplication@3ff17224
----------------- Done invoking toplevel() on ptolemy.moml.MoMLSimpleApplication@3ff17224
reloadAllAccessors: .MovingAverage

===========================================================================================
----------------- testing Wed Feb 06 03:25:13 UTC 2019 /home/travis/build/icyphy/ptII/ptolemy/actor/lib/test/auto/MovingMaximum.xml
----------------- Instantiating /home/travis/build/icyphy/ptII/ptolemy/actor/lib/test/auto/MovingMaximum.xml
1 ms. Memory: 1369600K Free: 657108K (48%)
----------------- Invoking toplevel() on ptolemy.moml.MoMLSimpleApplication@5465d5ff
----------------- Done invoking toplevel() on ptolemy.moml.MoMLSimpleApplication@5465d5ff
reloadAllAccessors: .MovingMaximum

===========================================================================================
----------------- testing Wed Feb 06 03:25:14 UTC 2019 /home/travis/build/icyphy/ptII/ptolemy/actor/lib/test/auto/MultipleLinksToSameRelation.xml
----------------- Instantiating /home/travis/build/icyphy/ptII/ptolemy/actor/lib/test/auto/MultipleLinksToSameRelation.xml
2 ms. Memory: 1369600K Free: 644621K (47%)
----------------- Invoking toplevel() on ptolemy.moml.MoMLSimpleApplication@269f119c
----------------- Done invoking toplevel() on ptolemy.moml.MoMLSimpleApplication@269f119c
reloadAllAccessors: .MultipleLinksToSameRelation

===========================================================================================
----------------- testing Wed Feb 06 03:25:14 UTC 2019 /home/travis/build/icyphy/ptII/ptolemy/actor/lib/test/auto/MultipleLinksToSameRelationDE.xml
----------------- Instantiating /home/travis/build/icyphy/ptII/ptolemy/actor/lib/test/auto/MultipleLinksToSameRelationDE.xml
1 ms. Memory: 1369600K Free: 632133K (46%)
----------------- Invoking toplevel() on ptolemy.moml.MoMLSimpleApplication@63a17127
----------------- Done invoking toplevel() on ptolemy.moml.MoMLSimpleApplication@63a17127
reloadAllAccessors: .MultipleLinksToSameRelationDE

===========================================================================================
----------------- testing Wed Feb 06 03:25:14 UTC 2019 /home/travis/build/icyphy/ptII/ptolemy/actor/lib/test/auto/Multiplexor.xml
----------------- Instantiating /home/travis/build/icyphy/ptII/ptolemy/actor/lib/test/auto/Multiplexor.xml
2 ms. Memory: 1369600K Free: 613251K (45%)
----------------- Invoking toplevel() on ptolemy.moml.MoMLSimpleApplication@4e05e5d6
----------------- Done invoking toplevel() on ptolemy.moml.MoMLSimpleApplication@4e05e5d6
reloadAllAccessors: .Multiplexor

===========================================================================================
----------------- testing Wed Feb 06 03:25:14 UTC 2019 /home/travis/build/icyphy/ptII/ptolemy/actor/lib/test/auto/Multiplexor1.xml
----------------- Instantiating /home/travis/build/icyphy/ptII/ptolemy/actor/lib/test/auto/Multiplexor1.xml
2 ms. Memory: 1369600K Free: 600763K (44%)
----------------- Invoking toplevel() on ptolemy.moml.MoMLSimpleApplication@59bcca25
----------------- Done invoking toplevel() on ptolemy.moml.MoMLSimpleApplication@59bcca25
reloadAllAccessors: .Multiplexor1

===========================================================================================
----------------- testing Wed Feb 06 03:25:14 UTC 2019 /home/travis/build/icyphy/ptII/ptolemy/actor/lib/test/auto/Multiplexor2.xml
----------------- Instantiating /home/travis/build/icyphy/ptII/ptolemy/actor/lib/test/auto/Multiplexor2.xml
2 ms. Memory: 1369600K Free: 588275K (43%)
----------------- Invoking toplevel() on ptolemy.moml.MoMLSimpleApplication@7ca382af
----------------- Done invoking toplevel() on ptolemy.moml.MoMLSimpleApplication@7ca382af
reloadAllAccessors: .Multiplexor2

===========================================================================================
----------------- testing Wed Feb 06 03:25:14 UTC 2019 /home/travis/build/icyphy/ptII/ptolemy/actor/lib/test/auto/Multiplexor3.xml
----------------- Instantiating /home/travis/build/icyphy/ptII/ptolemy/actor/lib/test/auto/Multiplexor3.xml
1 ms. Memory: 1369600K Free: 569393K (42%)
----------------- Invoking toplevel() on ptolemy.moml.MoMLSimpleApplication@6b9d7c68
----------------- Done invoking toplevel() on ptolemy.moml.MoMLSimpleApplication@6b9d7c68
reloadAllAccessors: .Multiplexor3

===========================================================================================
----------------- testing Wed Feb 06 03:25:14 UTC 2019 /home/travis/build/icyphy/ptII/ptolemy/actor/lib/test/auto/MultiplexorDE.xml
----------------- Instantiating /home/travis/build/icyphy/ptII/ptolemy/actor/lib/test/auto/MultiplexorDE.xml
2 ms. Memory: 1369600K Free: 556905K (41%)
----------------- Invoking toplevel() on ptolemy.moml.MoMLSimpleApplication@ce3115e
----------------- Done invoking toplevel() on ptolemy.moml.MoMLSimpleApplication@ce3115e
reloadAllAccessors: .MultiplexorDE

===========================================================================================
----------------- testing Wed Feb 06 03:25:14 UTC 2019 /home/travis/build/icyphy/ptII/ptolemy/actor/lib/test/auto/MultiportBroadcastTest.xml
----------------- Instantiating /home/travis/build/icyphy/ptII/ptolemy/actor/lib/test/auto/MultiportBroadcastTest.xml
57 ms. Memory: 1369600K Free: 538023K (39%)
----------------- Invoking toplevel() on ptolemy.moml.MoMLSimpleApplication@7d09dd65
----------------- Done invoking toplevel() on ptolemy.moml.MoMLSimpleApplication@7d09dd65
reloadAllAccessors: .MultiportBroadcastTest

===========================================================================================
----------------- testing Wed Feb 06 03:25:14 UTC 2019 /home/travis/build/icyphy/ptII/ptolemy/actor/lib/test/auto/MultiportOutHangDuringGetWidth.xml
----------------- Instantiating /home/travis/build/icyphy/ptII/ptolemy/actor/lib/test/auto/MultiportOutHangDuringGetWidth.xml
4 ms. Memory: 1369600K Free: 519291K (38%)
----------------- Invoking toplevel() on ptolemy.moml.MoMLSimpleApplication@34073e7f
----------------- Done invoking toplevel() on ptolemy.moml.MoMLSimpleApplication@34073e7f
reloadAllAccessors: .MultiportOutHangDuringGetWidth

===========================================================================================
----------------- testing Wed Feb 06 03:25:14 UTC 2019 /home/travis/build/icyphy/ptII/ptolemy/actor/lib/test/auto/NilToken.xml
----------------- Instantiating /home/travis/build/icyphy/ptII/ptolemy/actor/lib/test/auto/NilToken.xml
1 ms. Memory: 1369600K Free: 506803K (37%)
----------------- Invoking toplevel() on ptolemy.moml.MoMLSimpleApplication@62aa5113
----------------- Done invoking toplevel() on ptolemy.moml.MoMLSimpleApplication@62aa5113
reloadAllAccessors: .NilToken

===========================================================================================
----------------- testing Wed Feb 06 03:25:14 UTC 2019 /home/travis/build/icyphy/ptII/ptolemy/actor/lib/test/auto/NilTokenNonStrictTest.xml
----------------- Instantiating /home/travis/build/icyphy/ptII/ptolemy/actor/lib/test/auto/NilTokenNonStrictTest.xml
1 ms. Memory: 1369600K Free: 487921K (36%)
----------------- Invoking toplevel() on ptolemy.moml.MoMLSimpleApplication@209d5203
----------------- Done invoking toplevel() on ptolemy.moml.MoMLSimpleApplication@209d5203
reloadAllAccessors: .NilTokenNonStrictTest

===========================================================================================
----------------- testing Wed Feb 06 03:25:14 UTC 2019 /home/travis/build/icyphy/ptII/ptolemy/actor/lib/test/auto/NilTokenRecord.xml
----------------- Instantiating /home/travis/build/icyphy/ptII/ptolemy/actor/lib/test/auto/NilTokenRecord.xml
5 ms. Memory: 1369600K Free: 475433K (35%)
----------------- Invoking toplevel() on ptolemy.moml.MoMLSimpleApplication@4719c049
----------------- Done invoking toplevel() on ptolemy.moml.MoMLSimpleApplication@4719c049
reloadAllAccessors: .NilTokenRecord

===========================================================================================
----------------- testing Wed Feb 06 03:25:14 UTC 2019 /home/travis/build/icyphy/ptII/ptolemy/actor/lib/test/auto/NilTokenTypeTest.xml
----------------- Instantiating /home/travis/build/icyphy/ptII/ptolemy/actor/lib/test/auto/NilTokenTypeTest.xml
10 ms. Memory: 1369600K Free: 450307K (33%)
----------------- Invoking toplevel() on ptolemy.moml.MoMLSimpleApplication@31d4ee76
----------------- Done invoking toplevel() on ptolemy.moml.MoMLSimpleApplication@31d4ee76
reloadAllAccessors: .NilTokenTypeTest

===========================================================================================
----------------- testing Wed Feb 06 03:25:14 UTC 2019 /home/travis/build/icyphy/ptII/ptolemy/actor/lib/test/auto/ObjectToken1.xml
----------------- Instantiating /home/travis/build/icyphy/ptII/ptolemy/actor/lib/test/auto/ObjectToken1.xml
2 ms. Memory: 1369600K Free: 437819K (32%)
----------------- Invoking toplevel() on ptolemy.moml.MoMLSimpleApplication@678ee20f
----------------- Done invoking toplevel() on ptolemy.moml.MoMLSimpleApplication@678ee20f
reloadAllAccessors: .ObjectToken1

===========================================================================================
----------------- testing Wed Feb 06 03:25:14 UTC 2019 /home/travis/build/icyphy/ptII/ptolemy/actor/lib/test/auto/OrderedMerge.xml
----------------- Instantiating /home/travis/build/icyphy/ptII/ptolemy/actor/lib/test/auto/OrderedMerge.xml
5 ms. Memory: 1369600K Free: 400356K (29%)
----------------- Invoking toplevel() on ptolemy.moml.MoMLSimpleApplication@3bc0fa62
----------------- Done invoking toplevel() on ptolemy.moml.MoMLSimpleApplication@3bc0fa62
reloadAllAccessors: .OrderedMerge

===========================================================================================
----------------- testing Wed Feb 06 03:25:14 UTC 2019 /home/travis/build/icyphy/ptII/ptolemy/actor/lib/test/auto/OrderedRecordDisassembler.xml
----------------- Instantiating /home/travis/build/icyphy/ptII/ptolemy/actor/lib/test/auto/OrderedRecordDisassembler.xml
3 ms. Memory: 1369600K Free: 381473K (28%)
----------------- Invoking toplevel() on ptolemy.moml.MoMLSimpleApplication@5d9d177b
----------------- Done invoking toplevel() on ptolemy.moml.MoMLSimpleApplication@5d9d177b
reloadAllAccessors: .OrderedRecordDisassembler

===========================================================================================
----------------- testing Wed Feb 06 03:25:14 UTC 2019 /home/travis/build/icyphy/ptII/ptolemy/actor/lib/test/auto/OrderedRecordDisassembler2.xml
----------------- Instantiating /home/travis/build/icyphy/ptII/ptolemy/actor/lib/test/auto/OrderedRecordDisassembler2.xml
5 ms. Memory: 1369600K Free: 368986K (27%)
----------------- Invoking toplevel() on ptolemy.moml.MoMLSimpleApplication@323704d2
----------------- Done invoking toplevel() on ptolemy.moml.MoMLSimpleApplication@323704d2
reloadAllAccessors: .OrderedRecordDisassembler2

===========================================================================================
----------------- testing Wed Feb 06 03:25:14 UTC 2019 /home/travis/build/icyphy/ptII/ptolemy/actor/lib/test/auto/OrderedRecordUpdater.xml
----------------- Instantiating /home/travis/build/icyphy/ptII/ptolemy/actor/lib/test/auto/OrderedRecordUpdater.xml
2 ms. Memory: 1369600K Free: 350103K (26%)
----------------- Invoking toplevel() on ptolemy.moml.MoMLSimpleApplication@49203133
----------------- Done invoking toplevel() on ptolemy.moml.MoMLSimpleApplication@49203133
reloadAllAccessors: .RecordUpdater

===========================================================================================
----------------- testing Wed Feb 06 03:25:14 UTC 2019 /home/travis/build/icyphy/ptII/ptolemy/actor/lib/test/auto/OrderedRecordUpdater2.xml
----------------- Instantiating /home/travis/build/icyphy/ptII/ptolemy/actor/lib/test/auto/OrderedRecordUpdater2.xml
2 ms. Memory: 1369600K Free: 337616K (25%)
----------------- Invoking toplevel() on ptolemy.moml.MoMLSimpleApplication@ec34a75
----------------- Done invoking toplevel() on ptolemy.moml.MoMLSimpleApplication@ec34a75
reloadAllAccessors: .RecordUpdater2

===========================================================================================
----------------- testing Wed Feb 06 03:25:14 UTC 2019 /home/travis/build/icyphy/ptII/ptolemy/actor/lib/test/auto/PhaseUnwrap.xml
----------------- Instantiating /home/travis/build/icyphy/ptII/ptolemy/actor/lib/test/auto/PhaseUnwrap.xml
2 ms. Memory: 1369600K Free: 325128K (24%)
----------------- Invoking toplevel() on ptolemy.moml.MoMLSimpleApplication@4475297c
----------------- Done invoking toplevel() on ptolemy.moml.MoMLSimpleApplication@4475297c
reloadAllAccessors: .PhaseUnwrap

===========================================================================================
----------------- testing Wed Feb 06 03:25:14 UTC 2019 /home/travis/build/icyphy/ptII/ptolemy/actor/lib/test/auto/PoissonClock.xml
----------------- Instantiating /home/travis/build/icyphy/ptII/ptolemy/actor/lib/test/auto/PoissonClock.xml
2 ms. Memory: 1369600K Free: 306245K (22%)
----------------- Invoking toplevel() on ptolemy.moml.MoMLSimpleApplication@30451712
----------------- Done invoking toplevel() on ptolemy.moml.MoMLSimpleApplication@30451712
reloadAllAccessors: .PoissonClock

===========================================================================================
----------------- testing Wed Feb 06 03:25:14 UTC 2019 /home/travis/build/icyphy/ptII/ptolemy/actor/lib/test/auto/PoissonClock2.xml
----------------- Instantiating /home/travis/build/icyphy/ptII/ptolemy/actor/lib/test/auto/PoissonClock2.xml
1 ms. Memory: 1369600K Free: 293758K (21%)
----------------- Invoking toplevel() on ptolemy.moml.MoMLSimpleApplication@6241429a
----------------- Done invoking toplevel() on ptolemy.moml.MoMLSimpleApplication@6241429a
reloadAllAccessors: .PoissonClock2

===========================================================================================
----------------- testing Wed Feb 06 03:25:14 UTC 2019 /home/travis/build/icyphy/ptII/ptolemy/actor/lib/test/auto/PoissonClock3.xml
----------------- Instantiating /home/travis/build/icyphy/ptII/ptolemy/actor/lib/test/auto/PoissonClock3.xml
1 ms. Memory: 1369600K Free: 281270K (21%)
----------------- Invoking toplevel() on ptolemy.moml.MoMLSimpleApplication@5c6ed432
----------------- Done invoking toplevel() on ptolemy.moml.MoMLSimpleApplication@5c6ed432
reloadAllAccessors: .PoissonClock3

===========================================================================================
----------------- testing Wed Feb 06 03:25:14 UTC 2019 /home/travis/build/icyphy/ptII/ptolemy/actor/lib/test/auto/PubSubWithInitialTokens.xml
----------------- Instantiating /home/travis/build/icyphy/ptII/ptolemy/actor/lib/test/auto/PubSubWithInitialTokens.xml
2 ms. Memory: 1369600K Free: 262387K (19%)
----------------- Invoking toplevel() on ptolemy.moml.MoMLSimpleApplication@391a8e5c
----------------- Done invoking toplevel() on ptolemy.moml.MoMLSimpleApplication@391a8e5c
reloadAllAccessors: .PubSubWithInitialTokens

===========================================================================================
----------------- testing Wed Feb 06 03:25:14 UTC 2019 /home/travis/build/icyphy/ptII/ptolemy/actor/lib/test/auto/PubSubWithInitialTokens2.xml
----------------- Instantiating /home/travis/build/icyphy/ptII/ptolemy/actor/lib/test/auto/PubSubWithInitialTokens2.xml
2 ms. Memory: 1369600K Free: 249900K (18%)
----------------- Invoking toplevel() on ptolemy.moml.MoMLSimpleApplication@5836a2c7
----------------- Done invoking toplevel() on ptolemy.moml.MoMLSimpleApplication@5836a2c7
reloadAllAccessors: .PubSubWithInitialTokens2

===========================================================================================
----------------- testing Wed Feb 06 03:25:14 UTC 2019 /home/travis/build/icyphy/ptII/ptolemy/actor/lib/test/auto/PublisherClassNoParameter.xml
----------------- Instantiating /home/travis/build/icyphy/ptII/ptolemy/actor/lib/test/auto/PublisherClassNoParameter.xml
3 ms. Memory: 1369600K Free: 224757K (16%)
----------------- Invoking toplevel() on ptolemy.moml.MoMLSimpleApplication@303c6b80
----------------- Done invoking toplevel() on ptolemy.moml.MoMLSimpleApplication@303c6b80
reloadAllAccessors: .PublisherClassNoParameter

===========================================================================================
----------------- testing Wed Feb 06 03:25:14 UTC 2019 /home/travis/build/icyphy/ptII/ptolemy/actor/lib/test/auto/PublisherClassParameter.xml
----------------- Instantiating /home/travis/build/icyphy/ptII/ptolemy/actor/lib/test/auto/PublisherClassParameter.xml
2 ms. Memory: 1369600K Free: 206026K (15%)
----------------- Invoking toplevel() on ptolemy.moml.MoMLSimpleApplication@10ca4786
----------------- Done invoking toplevel() on ptolemy.moml.MoMLSimpleApplication@10ca4786
reloadAllAccessors: .PublisherClassParameter

===========================================================================================
----------------- testing Wed Feb 06 03:25:14 UTC 2019 /home/travis/build/icyphy/ptII/ptolemy/actor/lib/test/auto/PublisherNonStrictTest.xml
----------------- Instantiating /home/travis/build/icyphy/ptII/ptolemy/actor/lib/test/auto/PublisherNonStrictTest.xml
4 ms. Memory: 1369600K Free: 193538K (14%)
----------------- Invoking toplevel() on ptolemy.moml.MoMLSimpleApplication@29c4a0a4
----------------- Done invoking toplevel() on ptolemy.moml.MoMLSimpleApplication@29c4a0a4
reloadAllAccessors: .PublisherNonStrictTest

===========================================================================================
----------------- testing Wed Feb 06 03:25:14 UTC 2019 /home/travis/build/icyphy/ptII/ptolemy/actor/lib/test/auto/PublisherPort1.xml
----------------- Instantiating /home/travis/build/icyphy/ptII/ptolemy/actor/lib/test/auto/PublisherPort1.xml
7 ms. Memory: 1369600K Free: 174655K (13%)
----------------- Invoking toplevel() on ptolemy.moml.MoMLSimpleApplication@10f0ad95
----------------- Done invoking toplevel() on ptolemy.moml.MoMLSimpleApplication@10f0ad95
reloadAllAccessors: .PublisherPort1

===========================================================================================
----------------- testing Wed Feb 06 03:25:14 UTC 2019 /home/travis/build/icyphy/ptII/ptolemy/actor/lib/test/auto/PublisherPort2.xml
----------------- Instantiating /home/travis/build/icyphy/ptII/ptolemy/actor/lib/test/auto/PublisherPort2.xml
2 ms. Memory: 1369600K Free: 162168K (12%)
----------------- Invoking toplevel() on ptolemy.moml.MoMLSimpleApplication@76df39fd
----------------- Done invoking toplevel() on ptolemy.moml.MoMLSimpleApplication@76df39fd
reloadAllAccessors: .PublisherPort2

===========================================================================================
----------------- testing Wed Feb 06 03:25:14 UTC 2019 /home/travis/build/icyphy/ptII/ptolemy/actor/lib/test/auto/PublisherPort3.xml
----------------- Instantiating /home/travis/build/icyphy/ptII/ptolemy/actor/lib/test/auto/PublisherPort3.xml
4 ms. Memory: 1369600K Free: 143285K (10%)
----------------- Invoking toplevel() on ptolemy.moml.MoMLSimpleApplication@66292aaf
----------------- Done invoking toplevel() on ptolemy.moml.MoMLSimpleApplication@66292aaf
reloadAllAccessors: .PublisherPort3

===========================================================================================
----------------- testing Wed Feb 06 03:25:14 UTC 2019 /home/travis/build/icyphy/ptII/ptolemy/actor/lib/test/auto/PublisherPort4.xml
----------------- Instantiating /home/travis/build/icyphy/ptII/ptolemy/actor/lib/test/auto/PublisherPort4.xml
2 ms. Memory: 1369600K Free: 130798K (10%)
----------------- Invoking toplevel() on ptolemy.moml.MoMLSimpleApplication@1367d55e
----------------- Done invoking toplevel() on ptolemy.moml.MoMLSimpleApplication@1367d55e
reloadAllAccessors: .PublisherPort4

===========================================================================================
----------------- testing Wed Feb 06 03:25:14 UTC 2019 /home/travis/build/icyphy/ptII/ptolemy/actor/lib/test/auto/PublisherPort5.xml
----------------- Instantiating /home/travis/build/icyphy/ptII/ptolemy/actor/lib/test/auto/PublisherPort5.xml
3 ms. Memory: 1369600K Free: 118310K (9%)
----------------- Invoking toplevel() on ptolemy.moml.MoMLSimpleApplication@495cb288
----------------- Done invoking toplevel() on ptolemy.moml.MoMLSimpleApplication@495cb288
reloadAllAccessors: .PublisherPort5

===========================================================================================
----------------- testing Wed Feb 06 03:25:14 UTC 2019 /home/travis/build/icyphy/ptII/ptolemy/actor/lib/test/auto/PublisherPort5LookAlike.xml
----------------- Instantiating /home/travis/build/icyphy/ptII/ptolemy/actor/lib/test/auto/PublisherPort5LookAlike.xml
5 ms. Memory: 1369600K Free: 99428K (7%)
----------------- Invoking toplevel() on ptolemy.moml.MoMLSimpleApplication@1596344f
----------------- Done invoking toplevel() on ptolemy.moml.MoMLSimpleApplication@1596344f
reloadAllAccessors: .PublisherPort5LookAlike

===========================================================================================
----------------- testing Wed Feb 06 03:25:14 UTC 2019 /home/travis/build/icyphy/ptII/ptolemy/actor/lib/test/auto/PublisherPort6.xml
----------------- Instantiating /home/travis/build/icyphy/ptII/ptolemy/actor/lib/test/auto/PublisherPort6.xml
2 ms. Memory: 1369600K Free: 86940K (6%)
----------------- Invoking toplevel() on ptolemy.moml.MoMLSimpleApplication@3a638db8
----------------- Done invoking toplevel() on ptolemy.moml.MoMLSimpleApplication@3a638db8
reloadAllAccessors: .PublisherPort6

===========================================================================================
----------------- testing Wed Feb 06 03:25:14 UTC 2019 /home/travis/build/icyphy/ptII/ptolemy/actor/lib/test/auto/PublisherPort7.xml
----------------- Instantiating /home/travis/build/icyphy/ptII/ptolemy/actor/lib/test/auto/PublisherPort7.xml
3 ms. Memory: 1515008K Free: 1462387K (97%)
----------------- Invoking toplevel() on ptolemy.moml.MoMLSimpleApplication@5706eb7f
----------------- Done invoking toplevel() on ptolemy.moml.MoMLSimpleApplication@5706eb7f
reloadAllAccessors: .PublisherPort7

===========================================================================================
----------------- testing Wed Feb 06 03:25:14 UTC 2019 /home/travis/build/icyphy/ptII/ptolemy/actor/lib/test/auto/PublisherPort8.xml
----------------- Instantiating /home/travis/build/icyphy/ptII/ptolemy/actor/lib/test/auto/PublisherPort8.xml
4 ms. Memory: 1515008K Free: 1442004K (95%)
----------------- Invoking toplevel() on ptolemy.moml.MoMLSimpleApplication@1e82606b
----------------- Done invoking toplevel() on ptolemy.moml.MoMLSimpleApplication@1e82606b
reloadAllAccessors: .PublisherPort8

===========================================================================================
----------------- testing Wed Feb 06 03:25:14 UTC 2019 /home/travis/build/icyphy/ptII/ptolemy/actor/lib/test/auto/PublisherPortSubscriberChannelVariablesAOC2.xml
----------------- Instantiating /home/travis/build/icyphy/ptII/ptolemy/actor/lib/test/auto/PublisherPortSubscriberChannelVariablesAOC2.xml
2 ms. Memory: 1515008K Free: 1420792K (94%)
----------------- Invoking toplevel() on ptolemy.moml.MoMLSimpleApplication@61f7a7b0
----------------- Done invoking toplevel() on ptolemy.moml.MoMLSimpleApplication@61f7a7b0
reloadAllAccessors: .PublisherPortSubscriberChannelVariablesAOC2

===========================================================================================
----------------- testing Wed Feb 06 03:25:14 UTC 2019 /home/travis/build/icyphy/ptII/ptolemy/actor/lib/test/auto/PublisherPortSubscriberOpaqueWidthInference.xml
----------------- Instantiating /home/travis/build/icyphy/ptII/ptolemy/actor/lib/test/auto/PublisherPortSubscriberOpaqueWidthInference.xml
3 ms. Memory: 1515008K Free: 1400408K (92%)
----------------- Invoking toplevel() on ptolemy.moml.MoMLSimpleApplication@647abe0f
----------------- Done invoking toplevel() on ptolemy.moml.MoMLSimpleApplication@647abe0f
reloadAllAccessors: .PublisherPortSubscriberOpaqueWidthInference

===========================================================================================
----------------- testing Wed Feb 06 03:25:14 UTC 2019 /home/travis/build/icyphy/ptII/ptolemy/actor/lib/test/auto/PublisherPortSubscriberPortAdjacent.xml
----------------- Instantiating /home/travis/build/icyphy/ptII/ptolemy/actor/lib/test/auto/PublisherPortSubscriberPortAdjacent.xml
1 ms. Memory: 1515008K Free: 1386277K (92%)
----------------- Invoking toplevel() on ptolemy.moml.MoMLSimpleApplication@47223e53
----------------- Done invoking toplevel() on ptolemy.moml.MoMLSimpleApplication@47223e53
reloadAllAccessors: .PublisherPortSubscriberPortAdjacent

===========================================================================================
----------------- testing Wed Feb 06 03:25:14 UTC 2019 /home/travis/build/icyphy/ptII/ptolemy/actor/lib/test/auto/PublisherPortSubscriberPortExpression.xml
----------------- Instantiating /home/travis/build/icyphy/ptII/ptolemy/actor/lib/test/auto/PublisherPortSubscriberPortExpression.xml
2 ms. Memory: 1515008K Free: 1365894K (90%)
----------------- Invoking toplevel() on ptolemy.moml.MoMLSimpleApplication@2c32bba5
----------------- Done invoking toplevel() on ptolemy.moml.MoMLSimpleApplication@2c32bba5
reloadAllAccessors: .PublisherPortSubscriberPortExpression

===========================================================================================
----------------- testing Wed Feb 06 03:25:14 UTC 2019 /home/travis/build/icyphy/ptII/ptolemy/actor/lib/test/auto/PublisherPortSubscriberPortOpaqueD3Reverse.xml
----------------- Instantiating /home/travis/build/icyphy/ptII/ptolemy/actor/lib/test/auto/PublisherPortSubscriberPortOpaqueD3Reverse.xml
5 ms. Memory: 1515008K Free: 1351763K (89%)
----------------- Invoking toplevel() on ptolemy.moml.MoMLSimpleApplication@272773ce
----------------- Done invoking toplevel() on ptolemy.moml.MoMLSimpleApplication@272773ce
reloadAllAccessors: .PublisherPortSubscriberPortOpaqueD3Reverse

===========================================================================================
----------------- testing Wed Feb 06 03:25:14 UTC 2019 /home/travis/build/icyphy/ptII/ptolemy/actor/lib/test/auto/PublisherPortSubscriberPortOpaqueWidthInference.xml
----------------- Instantiating /home/travis/build/icyphy/ptII/ptolemy/actor/lib/test/auto/PublisherPortSubscriberPortOpaqueWidthInference.xml
3 ms. Memory: 1515008K Free: 1337632K (88%)
----------------- Invoking toplevel() on ptolemy.moml.MoMLSimpleApplication@2124be77
----------------- Done invoking toplevel() on ptolemy.moml.MoMLSimpleApplication@2124be77
reloadAllAccessors: .PublisherPortSubscriberPortOpaqueWidthInference

===========================================================================================
----------------- testing Wed Feb 06 03:25:14 UTC 2019 /home/travis/build/icyphy/ptII/ptolemy/actor/lib/test/auto/PublisherPortToplevelSubscriberPortAOC.xml
----------------- Instantiating /home/travis/build/icyphy/ptII/ptolemy/actor/lib/test/auto/PublisherPortToplevelSubscriberPortAOC.xml
.PublisherPortToplevelSubscriberPortAOC.TestExceptionAttribute: initialize() was not invoked, but wrapup() was.  This is unusual, but not always a problem.  For example, exporting JNLP will do this.
1 ms. Memory: 1515008K Free: 1317249K (87%)
----------------- Invoking toplevel() on ptolemy.moml.MoMLSimpleApplication@f37ca5
----------------- Done invoking toplevel() on ptolemy.moml.MoMLSimpleApplication@f37ca5
reloadAllAccessors: .PublisherPortToplevelSubscriberPortAOC

===========================================================================================
----------------- testing Wed Feb 06 03:25:14 UTC 2019 /home/travis/build/icyphy/ptII/ptolemy/actor/lib/test/auto/PublisherSubscriber.xml
----------------- Instantiating /home/travis/build/icyphy/ptII/ptolemy/actor/lib/test/auto/PublisherSubscriber.xml
2 ms. Memory: 1515008K Free: 1303118K (86%)
----------------- Invoking toplevel() on ptolemy.moml.MoMLSimpleApplication@68dd7ce
----------------- Done invoking toplevel() on ptolemy.moml.MoMLSimpleApplication@68dd7ce
reloadAllAccessors: .PublisherSubscriber

===========================================================================================
----------------- testing Wed Feb 06 03:25:14 UTC 2019 /home/travis/build/icyphy/ptII/ptolemy/actor/lib/test/auto/PublisherSubscriber10.xml
----------------- Instantiating /home/travis/build/icyphy/ptII/ptolemy/actor/lib/test/auto/PublisherSubscriber10.xml
4 ms. Memory: 1515008K Free: 1282735K (85%)
----------------- Invoking toplevel() on ptolemy.moml.MoMLSimpleApplication@590f1759
----------------- Done invoking toplevel() on ptolemy.moml.MoMLSimpleApplication@590f1759
reloadAllAccessors: .PublisherSubscriber10

===========================================================================================
----------------- testing Wed Feb 06 03:25:14 UTC 2019 /home/travis/build/icyphy/ptII/ptolemy/actor/lib/test/auto/PublisherSubscriber10InitialOutputs.xml
----------------- Instantiating /home/travis/build/icyphy/ptII/ptolemy/actor/lib/test/auto/PublisherSubscriber10InitialOutputs.xml
4 ms. Memory: 1515008K Free: 1268603K (84%)
----------------- Invoking toplevel() on ptolemy.moml.MoMLSimpleApplication@4dfbf663
----------------- Done invoking toplevel() on ptolemy.moml.MoMLSimpleApplication@4dfbf663
reloadAllAccessors: .PublisherSubscriber10InitialOutputs

===========================================================================================
----------------- testing Wed Feb 06 03:25:15 UTC 2019 /home/travis/build/icyphy/ptII/ptolemy/actor/lib/test/auto/PublisherSubscriber11.xml
----------------- Instantiating /home/travis/build/icyphy/ptII/ptolemy/actor/lib/test/auto/PublisherSubscriber11.xml
2 ms. Memory: 1515008K Free: 1254472K (83%)
----------------- Invoking toplevel() on ptolemy.moml.MoMLSimpleApplication@40f277f1
----------------- Done invoking toplevel() on ptolemy.moml.MoMLSimpleApplication@40f277f1
reloadAllAccessors: .PublisherSubscriber11

===========================================================================================
----------------- testing Wed Feb 06 03:25:15 UTC 2019 /home/travis/build/icyphy/ptII/ptolemy/actor/lib/test/auto/PublisherSubscriber12.xml
----------------- Instantiating /home/travis/build/icyphy/ptII/ptolemy/actor/lib/test/auto/PublisherSubscriber12.xml
5 ms. Memory: 1515008K Free: 1234089K (81%)
----------------- Invoking toplevel() on ptolemy.moml.MoMLSimpleApplication@1e84824b
----------------- Done invoking toplevel() on ptolemy.moml.MoMLSimpleApplication@1e84824b
reloadAllAccessors: .PublisherSubscriber12

===========================================================================================
----------------- testing Wed Feb 06 03:25:15 UTC 2019 /home/travis/build/icyphy/ptII/ptolemy/actor/lib/test/auto/PublisherSubscriber13.xml
----------------- Instantiating /home/travis/build/icyphy/ptII/ptolemy/actor/lib/test/auto/PublisherSubscriber13.xml
1 ms. Memory: 1515008K Free: 1219958K (81%)
----------------- Invoking toplevel() on ptolemy.moml.MoMLSimpleApplication@216c0db1
----------------- Done invoking toplevel() on ptolemy.moml.MoMLSimpleApplication@216c0db1
reloadAllAccessors: .PublisherSubscriber13

===========================================================================================
----------------- testing Wed Feb 06 03:25:15 UTC 2019 /home/travis/build/icyphy/ptII/ptolemy/actor/lib/test/auto/PublisherSubscriber14.xml
----------------- Instantiating /home/travis/build/icyphy/ptII/ptolemy/actor/lib/test/auto/PublisherSubscriber14.xml
2 ms. Memory: 1515008K Free: 1199575K (79%)
----------------- Invoking toplevel() on ptolemy.moml.MoMLSimpleApplication@750a58b4
----------------- Done invoking toplevel() on ptolemy.moml.MoMLSimpleApplication@750a58b4
reloadAllAccessors: .PublisherSubscriber14

===========================================================================================
----------------- testing Wed Feb 06 03:25:15 UTC 2019 /home/travis/build/icyphy/ptII/ptolemy/actor/lib/test/auto/PublisherSubscriber2.xml
----------------- Instantiating /home/travis/build/icyphy/ptII/ptolemy/actor/lib/test/auto/PublisherSubscriber2.xml
3 ms. Memory: 1515008K Free: 1185391K (78%)
----------------- Invoking toplevel() on ptolemy.moml.MoMLSimpleApplication@1763a4ab
----------------- Done invoking toplevel() on ptolemy.moml.MoMLSimpleApplication@1763a4ab
reloadAllAccessors: .PublisherSubscriber2

===========================================================================================
----------------- testing Wed Feb 06 03:25:15 UTC 2019 /home/travis/build/icyphy/ptII/ptolemy/actor/lib/test/auto/PublisherSubscriber3.xml
----------------- Instantiating /home/travis/build/icyphy/ptII/ptolemy/actor/lib/test/auto/PublisherSubscriber3.xml
2 ms. Memory: 1515008K Free: 1171260K (77%)
----------------- Invoking toplevel() on ptolemy.moml.MoMLSimpleApplication@349b30e8
----------------- Done invoking toplevel() on ptolemy.moml.MoMLSimpleApplication@349b30e8
reloadAllAccessors: .PublisherSubscriber3

===========================================================================================
----------------- testing Wed Feb 06 03:25:15 UTC 2019 /home/travis/build/icyphy/ptII/ptolemy/actor/lib/test/auto/PublisherSubscriber4.xml
----------------- Instantiating /home/travis/build/icyphy/ptII/ptolemy/actor/lib/test/auto/PublisherSubscriber4.xml
1 ms. Memory: 1515008K Free: 1150877K (76%)
----------------- Invoking toplevel() on ptolemy.moml.MoMLSimpleApplication@2ca09eb4
----------------- Done invoking toplevel() on ptolemy.moml.MoMLSimpleApplication@2ca09eb4
reloadAllAccessors: .PublisherSubscriber4

===========================================================================================
----------------- testing Wed Feb 06 03:25:15 UTC 2019 /home/travis/build/icyphy/ptII/ptolemy/actor/lib/test/auto/PublisherSubscriber5.xml
----------------- Instantiating /home/travis/build/icyphy/ptII/ptolemy/actor/lib/test/auto/PublisherSubscriber5.xml
1 ms. Memory: 1515008K Free: 1136746K (75%)
----------------- Invoking toplevel() on ptolemy.moml.MoMLSimpleApplication@58ff9293
----------------- Done invoking toplevel() on ptolemy.moml.MoMLSimpleApplication@58ff9293
reloadAllAccessors: .PublisherSubscriber5

===========================================================================================
----------------- testing Wed Feb 06 03:25:15 UTC 2019 /home/travis/build/icyphy/ptII/ptolemy/actor/lib/test/auto/PublisherSubscriber6.xml
----------------- Instantiating /home/travis/build/icyphy/ptII/ptolemy/actor/lib/test/auto/PublisherSubscriber6.xml
3 ms. Memory: 1515008K Free: 1116363K (74%)
----------------- Invoking toplevel() on ptolemy.moml.MoMLSimpleApplication@1ee5c27c
----------------- Done invoking toplevel() on ptolemy.moml.MoMLSimpleApplication@1ee5c27c
reloadAllAccessors: .PublisherSubscriber6

===========================================================================================
----------------- testing Wed Feb 06 03:25:15 UTC 2019 /home/travis/build/icyphy/ptII/ptolemy/actor/lib/test/auto/PublisherSubscriber7.xml
----------------- Instantiating /home/travis/build/icyphy/ptII/ptolemy/actor/lib/test/auto/PublisherSubscriber7.xml
5 ms. Memory: 1515008K Free: 1102231K (73%)
----------------- Invoking toplevel() on ptolemy.moml.MoMLSimpleApplication@762a3442
----------------- Done invoking toplevel() on ptolemy.moml.MoMLSimpleApplication@762a3442
reloadAllAccessors: .PublisherSubscriber7

===========================================================================================
----------------- testing Wed Feb 06 03:25:15 UTC 2019 /home/travis/build/icyphy/ptII/ptolemy/actor/lib/test/auto/PublisherSubscriber8.xml
----------------- Instantiating /home/travis/build/icyphy/ptII/ptolemy/actor/lib/test/auto/PublisherSubscriber8.xml
35 ms. Memory: 1515008K Free: 1017444K (67%)
----------------- Invoking toplevel() on ptolemy.moml.MoMLSimpleApplication@368dd3d0
----------------- Done invoking toplevel() on ptolemy.moml.MoMLSimpleApplication@368dd3d0
reloadAllAccessors: .PublisherSubscriber8

===========================================================================================
----------------- testing Wed Feb 06 03:25:15 UTC 2019 /home/travis/build/icyphy/ptII/ptolemy/actor/lib/test/auto/PublisherSubscriber9.xml
----------------- Instantiating /home/travis/build/icyphy/ptII/ptolemy/actor/lib/test/auto/PublisherSubscriber9.xml
2 ms. Memory: 1515008K Free: 997061K (66%)
----------------- Invoking toplevel() on ptolemy.moml.MoMLSimpleApplication@73b9cabb
----------------- Done invoking toplevel() on ptolemy.moml.MoMLSimpleApplication@73b9cabb
reloadAllAccessors: .PublisherSubscriber9

===========================================================================================
----------------- testing Wed Feb 06 03:25:15 UTC 2019 /home/travis/build/icyphy/ptII/ptolemy/actor/lib/test/auto/PublisherSubscriberAdjacent.xml
----------------- Instantiating /home/travis/build/icyphy/ptII/ptolemy/actor/lib/test/auto/PublisherSubscriberAdjacent.xml
1 ms. Memory: 1515008K Free: 982929K (65%)
----------------- Invoking toplevel() on ptolemy.moml.MoMLSimpleApplication@496711bf
----------------- Done invoking toplevel() on ptolemy.moml.MoMLSimpleApplication@496711bf
reloadAllAccessors: .PublisherSubscriberAdjacent

===========================================================================================
----------------- testing Wed Feb 06 03:25:15 UTC 2019 /home/travis/build/icyphy/ptII/ptolemy/actor/lib/test/auto/PublisherSubscriberChannelVariablesAOC2.xml
----------------- Instantiating /home/travis/build/icyphy/ptII/ptolemy/actor/lib/test/auto/PublisherSubscriberChannelVariablesAOC2.xml
2 ms. Memory: 1515008K Free: 955481K (63%)
----------------- Invoking toplevel() on ptolemy.moml.MoMLSimpleApplication@3eb549a5
----------------- Done invoking toplevel() on ptolemy.moml.MoMLSimpleApplication@3eb549a5
reloadAllAccessors: .PublisherSubscriberChannelVariablesAOC2

===========================================================================================
----------------- testing Wed Feb 06 03:25:15 UTC 2019 /home/travis/build/icyphy/ptII/ptolemy/actor/lib/test/auto/PublisherSubscriberD3.xml
----------------- Instantiating /home/travis/build/icyphy/ptII/ptolemy/actor/lib/test/auto/PublisherSubscriberD3.xml
2 ms. Memory: 1515008K Free: 941349K (62%)
----------------- Invoking toplevel() on ptolemy.moml.MoMLSimpleApplication@66c1950e
----------------- Done invoking toplevel() on ptolemy.moml.MoMLSimpleApplication@66c1950e
reloadAllAccessors: .PublisherSubscriberD3

===========================================================================================
----------------- testing Wed Feb 06 03:25:15 UTC 2019 /home/travis/build/icyphy/ptII/ptolemy/actor/lib/test/auto/PublisherSubscriberD3Reverse.xml
----------------- Instantiating /home/travis/build/icyphy/ptII/ptolemy/actor/lib/test/auto/PublisherSubscriberD3Reverse.xml
1 ms. Memory: 1515008K Free: 927218K (61%)
----------------- Invoking toplevel() on ptolemy.moml.MoMLSimpleApplication@5ec9b59a
----------------- Done invoking toplevel() on ptolemy.moml.MoMLSimpleApplication@5ec9b59a
reloadAllAccessors: .PublisherSubscriberD3Reverse

===========================================================================================
----------------- testing Wed Feb 06 03:25:15 UTC 2019 /home/travis/build/icyphy/ptII/ptolemy/actor/lib/test/auto/PublisherSubscriberExpression.xml
----------------- Instantiating /home/travis/build/icyphy/ptII/ptolemy/actor/lib/test/auto/PublisherSubscriberExpression.xml
2 ms. Memory: 1515008K Free: 906835K (60%)
----------------- Invoking toplevel() on ptolemy.moml.MoMLSimpleApplication@7f6eee16
----------------- Done invoking toplevel() on ptolemy.moml.MoMLSimpleApplication@7f6eee16
reloadAllAccessors: .PublisherSubscriberExpression

===========================================================================================
----------------- testing Wed Feb 06 03:25:15 UTC 2019 /home/travis/build/icyphy/ptII/ptolemy/actor/lib/test/auto/PublisherSubscriberOpaque.xml
----------------- Instantiating /home/travis/build/icyphy/ptII/ptolemy/actor/lib/test/auto/PublisherSubscriberOpaque.xml
3 ms. Memory: 1515008K Free: 892704K (59%)
----------------- Invoking toplevel() on ptolemy.moml.MoMLSimpleApplication@56e1a1c
----------------- Done invoking toplevel() on ptolemy.moml.MoMLSimpleApplication@56e1a1c
reloadAllAccessors: .PublisherSubscriberOpaque

===========================================================================================
----------------- testing Wed Feb 06 03:25:15 UTC 2019 /home/travis/build/icyphy/ptII/ptolemy/actor/lib/test/auto/PublisherSubscriberOpaqueD3.xml
----------------- Instantiating /home/travis/build/icyphy/ptII/ptolemy/actor/lib/test/auto/PublisherSubscriberOpaqueD3.xml
5 ms. Memory: 1515008K Free: 865239K (57%)
----------------- Invoking toplevel() on ptolemy.moml.MoMLSimpleApplication@60a3673c
----------------- Done invoking toplevel() on ptolemy.moml.MoMLSimpleApplication@60a3673c
reloadAllAccessors: .PublisherSubscriberOpaqueD3

===========================================================================================
----------------- testing Wed Feb 06 03:25:15 UTC 2019 /home/travis/build/icyphy/ptII/ptolemy/actor/lib/test/auto/PublisherSubscriberOpaqueD3Reverse.xml
----------------- Instantiating /home/travis/build/icyphy/ptII/ptolemy/actor/lib/test/auto/PublisherSubscriberOpaqueD3Reverse.xml
7 ms. Memory: 1515008K Free: 851108K (56%)
----------------- Invoking toplevel() on ptolemy.moml.MoMLSimpleApplication@2485724b
----------------- Done invoking toplevel() on ptolemy.moml.MoMLSimpleApplication@2485724b
reloadAllAccessors: .PublisherSubscriberOpaqueD3Reverse

===========================================================================================
----------------- testing Wed Feb 06 03:25:15 UTC 2019 /home/travis/build/icyphy/ptII/ptolemy/actor/lib/test/auto/PublisherSubscriberOpaqueWidthInference.xml
----------------- Instantiating /home/travis/build/icyphy/ptII/ptolemy/actor/lib/test/auto/PublisherSubscriberOpaqueWidthInference.xml
4 ms. Memory: 1515008K Free: 830725K (55%)
----------------- Invoking toplevel() on ptolemy.moml.MoMLSimpleApplication@302f1968
----------------- Done invoking toplevel() on ptolemy.moml.MoMLSimpleApplication@302f1968
reloadAllAccessors: .PublisherSubscriberOpaqueWidthInference

===========================================================================================
----------------- testing Wed Feb 06 03:25:15 UTC 2019 /home/travis/build/icyphy/ptII/ptolemy/actor/lib/test/auto/PublisherTestSubscriber.xml
----------------- Instantiating /home/travis/build/icyphy/ptII/ptolemy/actor/lib/test/auto/PublisherTestSubscriber.xml
3 ms. Memory: 1515008K Free: 816594K (54%)
----------------- Invoking toplevel() on ptolemy.moml.MoMLSimpleApplication@7782c984
----------------- Done invoking toplevel() on ptolemy.moml.MoMLSimpleApplication@7782c984
reloadAllAccessors: .PublisherTestSubscriber

===========================================================================================
----------------- testing Wed Feb 06 03:25:15 UTC 2019 /home/travis/build/icyphy/ptII/ptolemy/actor/lib/test/auto/PublisherToplevelSubscriberPortAOC.xml
----------------- Instantiating /home/travis/build/icyphy/ptII/ptolemy/actor/lib/test/auto/PublisherToplevelSubscriberPortAOC.xml
1 ms. Memory: 1515008K Free: 802463K (53%)
----------------- Invoking toplevel() on ptolemy.moml.MoMLSimpleApplication@48c9ed8d
----------------- Done invoking toplevel() on ptolemy.moml.MoMLSimpleApplication@48c9ed8d
reloadAllAccessors: .PublisherToplevelSubscriberPortAOC

===========================================================================================
----------------- testing Wed Feb 06 03:25:15 UTC 2019 /home/travis/build/icyphy/ptII/ptolemy/actor/lib/test/auto/PulseFiringLimitDE.xml
----------------- Instantiating /home/travis/build/icyphy/ptII/ptolemy/actor/lib/test/auto/PulseFiringLimitDE.xml
2 ms. Memory: 1515008K Free: 782080K (52%)
----------------- Invoking toplevel() on ptolemy.moml.MoMLSimpleApplication@25bc683f
----------------- Done invoking toplevel() on ptolemy.moml.MoMLSimpleApplication@25bc683f
reloadAllAccessors: .PulseFiringLimitDE

===========================================================================================
----------------- testing Wed Feb 06 03:25:15 UTC 2019 /home/travis/build/icyphy/ptII/ptolemy/actor/lib/test/auto/Ramp1.xml
----------------- Instantiating /home/travis/build/icyphy/ptII/ptolemy/actor/lib/test/auto/Ramp1.xml
1 ms. Memory: 1515008K Free: 767949K (51%)
----------------- Invoking toplevel() on ptolemy.moml.MoMLSimpleApplication@5503a9c8
----------------- Done invoking toplevel() on ptolemy.moml.MoMLSimpleApplication@5503a9c8
reloadAllAccessors: .Ramp1

===========================================================================================
----------------- testing Wed Feb 06 03:25:15 UTC 2019 /home/travis/build/icyphy/ptII/ptolemy/actor/lib/test/auto/RampFiringLimitDE.xml
----------------- Instantiating /home/travis/build/icyphy/ptII/ptolemy/actor/lib/test/auto/RampFiringLimitDE.xml
2 ms. Memory: 1515008K Free: 747566K (49%)
----------------- Invoking toplevel() on ptolemy.moml.MoMLSimpleApplication@3149e619
----------------- Done invoking toplevel() on ptolemy.moml.MoMLSimpleApplication@3149e619
reloadAllAccessors: .RampFiringLimitDE

===========================================================================================
----------------- testing Wed Feb 06 03:25:15 UTC 2019 /home/travis/build/icyphy/ptII/ptolemy/actor/lib/test/auto/RampFiringLimitSDF.xml
----------------- Instantiating /home/travis/build/icyphy/ptII/ptolemy/actor/lib/test/auto/RampFiringLimitSDF.xml
1 ms. Memory: 1515008K Free: 733435K (48%)
----------------- Invoking toplevel() on ptolemy.moml.MoMLSimpleApplication@3a67b1cd
----------------- Done invoking toplevel() on ptolemy.moml.MoMLSimpleApplication@3a67b1cd
reloadAllAccessors: .RampFiringLimitSDF

===========================================================================================
----------------- testing Wed Feb 06 03:25:15 UTC 2019 /home/travis/build/icyphy/ptII/ptolemy/actor/lib/test/auto/RandomInteger.xml
----------------- Instantiating /home/travis/build/icyphy/ptII/ptolemy/actor/lib/test/auto/RandomInteger.xml
2 ms. Memory: 1515008K Free: 719303K (47%)
----------------- Invoking toplevel() on ptolemy.moml.MoMLSimpleApplication@5cf09eb2
----------------- Done invoking toplevel() on ptolemy.moml.MoMLSimpleApplication@5cf09eb2
reloadAllAccessors: .RandomInteger

===========================================================================================
----------------- testing Wed Feb 06 03:25:15 UTC 2019 /home/travis/build/icyphy/ptII/ptolemy/actor/lib/test/auto/ReadFile1.xml
----------------- Instantiating /home/travis/build/icyphy/ptII/ptolemy/actor/lib/test/auto/ReadFile1.xml
1 ms. Memory: 1515008K Free: 698920K (46%)
----------------- Invoking toplevel() on ptolemy.moml.MoMLSimpleApplication@7b2b118a
----------------- Done invoking toplevel() on ptolemy.moml.MoMLSimpleApplication@7b2b118a
reloadAllAccessors: .ReadFile1

===========================================================================================
----------------- testing Wed Feb 06 03:25:15 UTC 2019 /home/travis/build/icyphy/ptII/ptolemy/actor/lib/test/auto/ReadFile2.xml
----------------- Instantiating /home/travis/build/icyphy/ptII/ptolemy/actor/lib/test/auto/ReadFile2.xml
1 ms. Memory: 1515008K Free: 684789K (45%)
----------------- Invoking toplevel() on ptolemy.moml.MoMLSimpleApplication@145db4c2
----------------- Done invoking toplevel() on ptolemy.moml.MoMLSimpleApplication@145db4c2
reloadAllAccessors: .ReadFile2

===========================================================================================
----------------- testing Wed Feb 06 03:25:15 UTC 2019 /home/travis/build/icyphy/ptII/ptolemy/actor/lib/test/auto/Reader.xml
----------------- Instantiating /home/travis/build/icyphy/ptII/ptolemy/actor/lib/test/auto/Reader.xml
actor.lib.Reader is obsolete, use actor.lib.io.ExpressionReader instead
5 ms. Memory: 1515008K Free: 664406K (44%)
----------------- Invoking toplevel() on ptolemy.moml.MoMLSimpleApplication@78d5e8f6
----------------- Done invoking toplevel() on ptolemy.moml.MoMLSimpleApplication@78d5e8f6
reloadAllAccessors: .Reader

===========================================================================================
----------------- testing Wed Feb 06 03:25:15 UTC 2019 /home/travis/build/icyphy/ptII/ptolemy/actor/lib/test/auto/RecordAssemblerDisplayNameTest.xml
----------------- Instantiating /home/travis/build/icyphy/ptII/ptolemy/actor/lib/test/auto/RecordAssemblerDisplayNameTest.xml
2891 ms. Memory: 1547776K Free: 858455K (55%)
----------------- Invoking toplevel() on ptolemy.moml.MoMLSimpleApplication@66f63da8
----------------- Done invoking toplevel() on ptolemy.moml.MoMLSimpleApplication@66f63da8
reloadAllAccessors: .RecordAssemblerDisplayNameTest

===========================================================================================
----------------- testing Wed Feb 06 03:25:18 UTC 2019 /home/travis/build/icyphy/ptII/ptolemy/actor/lib/test/auto/RecordAssemblerTypeError.xml
----------------- Instantiating /home/travis/build/icyphy/ptII/ptolemy/actor/lib/test/auto/RecordAssemblerTypeError.xml
8 ms. Memory: 1547776K Free: 828599K (54%)
----------------- Invoking toplevel() on ptolemy.moml.MoMLSimpleApplication@17d056c5
----------------- Done invoking toplevel() on ptolemy.moml.MoMLSimpleApplication@17d056c5
reloadAllAccessors: .RecordAssemblerTypeError

===========================================================================================
----------------- testing Wed Feb 06 03:25:18 UTC 2019 /home/travis/build/icyphy/ptII/ptolemy/actor/lib/test/auto/RecordDisassember.xml
----------------- Instantiating /home/travis/build/icyphy/ptII/ptolemy/actor/lib/test/auto/RecordDisassember.xml
2 ms. Memory: 1547776K Free: 809464K (52%)
----------------- Invoking toplevel() on ptolemy.moml.MoMLSimpleApplication@145ed565
----------------- Done invoking toplevel() on ptolemy.moml.MoMLSimpleApplication@145ed565
reloadAllAccessors: .RecordDisassember

===========================================================================================
----------------- testing Wed Feb 06 03:25:18 UTC 2019 /home/travis/build/icyphy/ptII/ptolemy/actor/lib/test/auto/RecordDisassemberDisplayNameTest.xml
----------------- Instantiating /home/travis/build/icyphy/ptII/ptolemy/actor/lib/test/auto/RecordDisassemberDisplayNameTest.xml
3 ms. Memory: 1547776K Free: 795190K (51%)
----------------- Invoking toplevel() on ptolemy.moml.MoMLSimpleApplication@526bc83b
----------------- Done invoking toplevel() on ptolemy.moml.MoMLSimpleApplication@526bc83b
reloadAllAccessors: .RecordDisassemberDisplayNameTest

===========================================================================================
----------------- testing Wed Feb 06 03:25:18 UTC 2019 /home/travis/build/icyphy/ptII/ptolemy/actor/lib/test/auto/RecordDisassembler.xml
----------------- Instantiating /home/travis/build/icyphy/ptII/ptolemy/actor/lib/test/auto/RecordDisassembler.xml
2 ms. Memory: 1547776K Free: 776055K (50%)
----------------- Invoking toplevel() on ptolemy.moml.MoMLSimpleApplication@3871b7f6
----------------- Done invoking toplevel() on ptolemy.moml.MoMLSimpleApplication@3871b7f6
reloadAllAccessors: .RecordDisassembler

===========================================================================================
----------------- testing Wed Feb 06 03:25:18 UTC 2019 /home/travis/build/icyphy/ptII/ptolemy/actor/lib/test/auto/RecordDisassembler2.xml
----------------- Instantiating /home/travis/build/icyphy/ptII/ptolemy/actor/lib/test/auto/RecordDisassembler2.xml
2 ms. Memory: 1547776K Free: 761781K (49%)
----------------- Invoking toplevel() on ptolemy.moml.MoMLSimpleApplication@6b4441aa
----------------- Done invoking toplevel() on ptolemy.moml.MoMLSimpleApplication@6b4441aa
reloadAllAccessors: .RecordDisassembler2

===========================================================================================
----------------- testing Wed Feb 06 03:25:18 UTC 2019 /home/travis/build/icyphy/ptII/ptolemy/actor/lib/test/auto/RecordUpdater.xml
----------------- Instantiating /home/travis/build/icyphy/ptII/ptolemy/actor/lib/test/auto/RecordUpdater.xml
2 ms. Memory: 1547776K Free: 742647K (48%)
----------------- Invoking toplevel() on ptolemy.moml.MoMLSimpleApplication@6c71bbec
----------------- Done invoking toplevel() on ptolemy.moml.MoMLSimpleApplication@6c71bbec
reloadAllAccessors: .RecordUpdater

===========================================================================================
----------------- testing Wed Feb 06 03:25:18 UTC 2019 /home/travis/build/icyphy/ptII/ptolemy/actor/lib/test/auto/RecordUpdater2.xml
----------------- Instantiating /home/travis/build/icyphy/ptII/ptolemy/actor/lib/test/auto/RecordUpdater2.xml
1 ms. Memory: 1547776K Free: 728372K (47%)
----------------- Invoking toplevel() on ptolemy.moml.MoMLSimpleApplication@1d23f8d8
----------------- Done invoking toplevel() on ptolemy.moml.MoMLSimpleApplication@1d23f8d8
reloadAllAccessors: .RecordUpdater2

===========================================================================================
----------------- testing Wed Feb 06 03:25:18 UTC 2019 /home/travis/build/icyphy/ptII/ptolemy/actor/lib/test/auto/RecursiveLattice.xml
----------------- Instantiating /home/travis/build/icyphy/ptII/ptolemy/actor/lib/test/auto/RecursiveLattice.xml
1 ms. Memory: 1547776K Free: 709238K (46%)
----------------- Invoking toplevel() on ptolemy.moml.MoMLSimpleApplication@7bdcd538
----------------- Done invoking toplevel() on ptolemy.moml.MoMLSimpleApplication@7bdcd538
reloadAllAccessors: .RecursiveLattice

===========================================================================================
----------------- testing Wed Feb 06 03:25:18 UTC 2019 /home/travis/build/icyphy/ptII/ptolemy/actor/lib/test/auto/Router.xml
----------------- Instantiating /home/travis/build/icyphy/ptII/ptolemy/actor/lib/test/auto/Router.xml
3004 ms. Memory: 1547776K Free: 694963K (45%)
----------------- Invoking toplevel() on ptolemy.moml.MoMLSimpleApplication@4d6764c9
----------------- Done invoking toplevel() on ptolemy.moml.MoMLSimpleApplication@4d6764c9
reloadAllAccessors: .Router

===========================================================================================
----------------- testing Wed Feb 06 03:25:21 UTC 2019 /home/travis/build/icyphy/ptII/ptolemy/actor/lib/test/auto/Router2.xml
----------------- Instantiating /home/travis/build/icyphy/ptII/ptolemy/actor/lib/test/auto/Router2.xml
3003 ms. Memory: 1547776K Free: 675829K (44%)
----------------- Invoking toplevel() on ptolemy.moml.MoMLSimpleApplication@118449d1
----------------- Done invoking toplevel() on ptolemy.moml.MoMLSimpleApplication@118449d1
reloadAllAccessors: .Router2

===========================================================================================
----------------- testing Wed Feb 06 03:25:24 UTC 2019 /home/travis/build/icyphy/ptII/ptolemy/actor/lib/test/auto/RunningMaximum.xml
----------------- Instantiating /home/travis/build/icyphy/ptII/ptolemy/actor/lib/test/auto/RunningMaximum.xml
2 ms. Memory: 1547776K Free: 661554K (43%)
----------------- Invoking toplevel() on ptolemy.moml.MoMLSimpleApplication@1d51d991
----------------- Done invoking toplevel() on ptolemy.moml.MoMLSimpleApplication@1d51d991
reloadAllAccessors: .RunningMaximum

===========================================================================================
----------------- testing Wed Feb 06 03:25:24 UTC 2019 /home/travis/build/icyphy/ptII/ptolemy/actor/lib/test/auto/RunningMinimum.xml
----------------- Instantiating /home/travis/build/icyphy/ptII/ptolemy/actor/lib/test/auto/RunningMinimum.xml
3 ms. Memory: 1547776K Free: 642420K (42%)
----------------- Invoking toplevel() on ptolemy.moml.MoMLSimpleApplication@47a0b758
----------------- Done invoking toplevel() on ptolemy.moml.MoMLSimpleApplication@47a0b758
reloadAllAccessors: .RunningMinimum

===========================================================================================
----------------- testing Wed Feb 06 03:25:24 UTC 2019 /home/travis/build/icyphy/ptII/ptolemy/actor/lib/test/auto/Scale.xml
----------------- Instantiating /home/travis/build/icyphy/ptII/ptolemy/actor/lib/test/auto/Scale.xml
2 ms. Memory: 1547776K Free: 628145K (41%)
----------------- Invoking toplevel() on ptolemy.moml.MoMLSimpleApplication@17567845
----------------- Done invoking toplevel() on ptolemy.moml.MoMLSimpleApplication@17567845
reloadAllAccessors: .Scale

===========================================================================================
----------------- testing Wed Feb 06 03:25:24 UTC 2019 /home/travis/build/icyphy/ptII/ptolemy/actor/lib/test/auto/Scale2.xml
----------------- Instantiating /home/travis/build/icyphy/ptII/ptolemy/actor/lib/test/auto/Scale2.xml
2 ms. Memory: 1547776K Free: 609011K (39%)
----------------- Invoking toplevel() on ptolemy.moml.MoMLSimpleApplication@74be4f98
----------------- Done invoking toplevel() on ptolemy.moml.MoMLSimpleApplication@74be4f98
reloadAllAccessors: .Scale2

===========================================================================================
----------------- testing Wed Feb 06 03:25:24 UTC 2019 /home/travis/build/icyphy/ptII/ptolemy/actor/lib/test/auto/Scale3.xml
----------------- Instantiating /home/travis/build/icyphy/ptII/ptolemy/actor/lib/test/auto/Scale3.xml
3 ms. Memory: 1547776K Free: 594736K (38%)
----------------- Invoking toplevel() on ptolemy.moml.MoMLSimpleApplication@ffff845
----------------- Done invoking toplevel() on ptolemy.moml.MoMLSimpleApplication@ffff845
reloadAllAccessors: .Scale3

===========================================================================================
----------------- testing Wed Feb 06 03:25:24 UTC 2019 /home/travis/build/icyphy/ptII/ptolemy/actor/lib/test/auto/ScaleArray.xml
----------------- Instantiating /home/travis/build/icyphy/ptII/ptolemy/actor/lib/test/auto/ScaleArray.xml
1 ms. Memory: 1547776K Free: 575602K (37%)
----------------- Invoking toplevel() on ptolemy.moml.MoMLSimpleApplication@3f957949
----------------- Done invoking toplevel() on ptolemy.moml.MoMLSimpleApplication@3f957949
reloadAllAccessors: .ScaleArray

===========================================================================================
----------------- testing Wed Feb 06 03:25:24 UTC 2019 /home/travis/build/icyphy/ptII/ptolemy/actor/lib/test/auto/ScaleArray2.xml
----------------- Instantiating /home/travis/build/icyphy/ptII/ptolemy/actor/lib/test/auto/ScaleArray2.xml
1 ms. Memory: 1547776K Free: 561328K (36%)
----------------- Invoking toplevel() on ptolemy.moml.MoMLSimpleApplication@298b9f92
----------------- Done invoking toplevel() on ptolemy.moml.MoMLSimpleApplication@298b9f92
reloadAllAccessors: .ScaleArray2

===========================================================================================
----------------- testing Wed Feb 06 03:25:24 UTC 2019 /home/travis/build/icyphy/ptII/ptolemy/actor/lib/test/auto/ScaleMatrix.xml
----------------- Instantiating /home/travis/build/icyphy/ptII/ptolemy/actor/lib/test/auto/ScaleMatrix.xml
112 ms. Memory: 1547776K Free: 535021K (35%)
----------------- Invoking toplevel() on ptolemy.moml.MoMLSimpleApplication@1fcded33
----------------- Done invoking toplevel() on ptolemy.moml.MoMLSimpleApplication@1fcded33
reloadAllAccessors: .ScaleMatrix

===========================================================================================
----------------- testing Wed Feb 06 03:25:25 UTC 2019 /home/travis/build/icyphy/ptII/ptolemy/actor/lib/test/auto/Select.xml
----------------- Instantiating /home/travis/build/icyphy/ptII/ptolemy/actor/lib/test/auto/Select.xml
2 ms. Memory: 1547776K Free: 520747K (34%)
----------------- Invoking toplevel() on ptolemy.moml.MoMLSimpleApplication@3d8e6c25
----------------- Done invoking toplevel() on ptolemy.moml.MoMLSimpleApplication@3d8e6c25
reloadAllAccessors: .Select

===========================================================================================
----------------- testing Wed Feb 06 03:25:25 UTC 2019 /home/travis/build/icyphy/ptII/ptolemy/actor/lib/test/auto/Select2.xml
----------------- Instantiating /home/travis/build/icyphy/ptII/ptolemy/actor/lib/test/auto/Select2.xml
1 ms. Memory: 1547776K Free: 501613K (32%)
----------------- Invoking toplevel() on ptolemy.moml.MoMLSimpleApplication@59ade78a
----------------- Done invoking toplevel() on ptolemy.moml.MoMLSimpleApplication@59ade78a
reloadAllAccessors: .Select2

===========================================================================================
----------------- testing Wed Feb 06 03:25:25 UTC 2019 /home/travis/build/icyphy/ptII/ptolemy/actor/lib/test/auto/SequenceToArray2.xml
----------------- Instantiating /home/travis/build/icyphy/ptII/ptolemy/actor/lib/test/auto/SequenceToArray2.xml
57 ms. Memory: 1547776K Free: 415964K (27%)
----------------- Invoking toplevel() on ptolemy.moml.MoMLSimpleApplication@1ce6c0f7
----------------- Done invoking toplevel() on ptolemy.moml.MoMLSimpleApplication@1ce6c0f7
reloadAllAccessors: .SequenceToArray2

===========================================================================================
----------------- testing Wed Feb 06 03:25:25 UTC 2019 /home/travis/build/icyphy/ptII/ptolemy/actor/lib/test/auto/SequentialClock.xml
----------------- Instantiating /home/travis/build/icyphy/ptII/ptolemy/actor/lib/test/auto/SequentialClock.xml
1 ms. Memory: 1547776K Free: 396830K (26%)
----------------- Invoking toplevel() on ptolemy.moml.MoMLSimpleApplication@391acc15
----------------- Done invoking toplevel() on ptolemy.moml.MoMLSimpleApplication@391acc15
reloadAllAccessors: .SequentialClock

===========================================================================================
----------------- testing Wed Feb 06 03:25:25 UTC 2019 /home/travis/build/icyphy/ptII/ptolemy/actor/lib/test/auto/SetVariable.xml
----------------- Instantiating /home/travis/build/icyphy/ptII/ptolemy/actor/lib/test/auto/SetVariable.xml
2 ms. Memory: 1547776K Free: 382555K (25%)
----------------- Invoking toplevel() on ptolemy.moml.MoMLSimpleApplication@49248ffa
----------------- Done invoking toplevel() on ptolemy.moml.MoMLSimpleApplication@49248ffa
reloadAllAccessors: .SetVariable

===========================================================================================
----------------- testing Wed Feb 06 03:25:25 UTC 2019 /home/travis/build/icyphy/ptII/ptolemy/actor/lib/test/auto/SetVariable2.xml
----------------- Instantiating /home/travis/build/icyphy/ptII/ptolemy/actor/lib/test/auto/SetVariable2.xml
1 ms. Memory: 1547776K Free: 363421K (23%)
----------------- Invoking toplevel() on ptolemy.moml.MoMLSimpleApplication@ea18690
----------------- Done invoking toplevel() on ptolemy.moml.MoMLSimpleApplication@ea18690
reloadAllAccessors: .SetVariable2

===========================================================================================
----------------- testing Wed Feb 06 03:25:25 UTC 2019 /home/travis/build/icyphy/ptII/ptolemy/actor/lib/test/auto/SetVariable3.xml
----------------- Instantiating /home/travis/build/icyphy/ptII/ptolemy/actor/lib/test/auto/SetVariable3.xml
2 ms. Memory: 1547776K Free: 344287K (22%)
----------------- Invoking toplevel() on ptolemy.moml.MoMLSimpleApplication@420fb855
----------------- Done invoking toplevel() on ptolemy.moml.MoMLSimpleApplication@420fb855
reloadAllAccessors: .SetVariable3

===========================================================================================
----------------- testing Wed Feb 06 03:25:25 UTC 2019 /home/travis/build/icyphy/ptII/ptolemy/actor/lib/test/auto/SetVariable4.xml
----------------- Instantiating /home/travis/build/icyphy/ptII/ptolemy/actor/lib/test/auto/SetVariable4.xml
18 ms. Memory: 1547776K Free: 280051K (18%)
----------------- Invoking toplevel() on ptolemy.moml.MoMLSimpleApplication@af6e8c0
----------------- Done invoking toplevel() on ptolemy.moml.MoMLSimpleApplication@af6e8c0
reloadAllAccessors: .SetVariable4

===========================================================================================
----------------- testing Wed Feb 06 03:25:25 UTC 2019 /home/travis/build/icyphy/ptII/ptolemy/actor/lib/test/auto/SetVariable5.xml
----------------- Instantiating /home/travis/build/icyphy/ptII/ptolemy/actor/lib/test/auto/SetVariable5.xml
14 ms. Memory: 1547776K Free: 260916K (17%)
----------------- Invoking toplevel() on ptolemy.moml.MoMLSimpleApplication@7cb8fcf4
----------------- Done invoking toplevel() on ptolemy.moml.MoMLSimpleApplication@7cb8fcf4
reloadAllAccessors: .SetVariable5

===========================================================================================
----------------- testing Wed Feb 06 03:25:25 UTC 2019 /home/travis/build/icyphy/ptII/ptolemy/actor/lib/test/auto/Sinewave.xml
----------------- Instantiating /home/travis/build/icyphy/ptII/ptolemy/actor/lib/test/auto/Sinewave.xml
6 ms. Memory: 1547776K Free: 239497K (15%)
----------------- Invoking toplevel() on ptolemy.moml.MoMLSimpleApplication@191fe2e0
----------------- Done invoking toplevel() on ptolemy.moml.MoMLSimpleApplication@191fe2e0
reloadAllAccessors: .Sinewave

===========================================================================================
----------------- testing Wed Feb 06 03:25:25 UTC 2019 /home/travis/build/icyphy/ptII/ptolemy/actor/lib/test/auto/Sinewave2.xml
----------------- Instantiating /home/travis/build/icyphy/ptII/ptolemy/actor/lib/test/auto/Sinewave2.xml
5 ms. Memory: 1547776K Free: 220362K (14%)
----------------- Invoking toplevel() on ptolemy.moml.MoMLSimpleApplication@3a475332
----------------- Done invoking toplevel() on ptolemy.moml.MoMLSimpleApplication@3a475332
reloadAllAccessors: .Sinewave2

===========================================================================================
----------------- testing Wed Feb 06 03:25:25 UTC 2019 /home/travis/build/icyphy/ptII/ptolemy/actor/lib/test/auto/Sinewave3.xml
----------------- Instantiating /home/travis/build/icyphy/ptII/ptolemy/actor/lib/test/auto/Sinewave3.xml
7 ms. Memory: 1547776K Free: 206088K (13%)
----------------- Invoking toplevel() on ptolemy.moml.MoMLSimpleApplication@6d7ebd45
----------------- Done invoking toplevel() on ptolemy.moml.MoMLSimpleApplication@6d7ebd45
reloadAllAccessors: .Sinewave3

===========================================================================================
----------------- testing Wed Feb 06 03:25:25 UTC 2019 /home/travis/build/icyphy/ptII/ptolemy/actor/lib/test/auto/SingleEvent.xml
----------------- Instantiating /home/travis/build/icyphy/ptII/ptolemy/actor/lib/test/auto/SingleEvent.xml
1 ms. Memory: 1547776K Free: 186953K (12%)
----------------- Invoking toplevel() on ptolemy.moml.MoMLSimpleApplication@7580e41
----------------- Done invoking toplevel() on ptolemy.moml.MoMLSimpleApplication@7580e41
reloadAllAccessors: .SingleEvent

===========================================================================================
----------------- testing Wed Feb 06 03:25:25 UTC 2019 /home/travis/build/icyphy/ptII/ptolemy/actor/lib/test/auto/Sleep.xml
----------------- Instantiating /home/travis/build/icyphy/ptII/ptolemy/actor/lib/test/auto/Sleep.xml
6003 ms. Memory: 1547776K Free: 172679K (11%)
----------------- Invoking toplevel() on ptolemy.moml.MoMLSimpleApplication@3940acd2
----------------- Done invoking toplevel() on ptolemy.moml.MoMLSimpleApplication@3940acd2
reloadAllAccessors: .Sleep

===========================================================================================
----------------- testing Wed Feb 06 03:25:31 UTC 2019 /home/travis/build/icyphy/ptII/ptolemy/actor/lib/test/auto/SleepMultipleFire.xml
----------------- Instantiating /home/travis/build/icyphy/ptII/ptolemy/actor/lib/test/auto/SleepMultipleFire.xml
1004 ms. Memory: 1547776K Free: 153544K (10%)
----------------- Invoking toplevel() on ptolemy.moml.MoMLSimpleApplication@18b57e49
----------------- Done invoking toplevel() on ptolemy.moml.MoMLSimpleApplication@18b57e49
reloadAllAccessors: .SleepMultipleFire

===========================================================================================
----------------- testing Wed Feb 06 03:25:32 UTC 2019 /home/travis/build/icyphy/ptII/ptolemy/actor/lib/test/auto/StopDE.xml
----------------- Instantiating /home/travis/build/icyphy/ptII/ptolemy/actor/lib/test/auto/StopDE.xml
2 ms. Memory: 1547776K Free: 139270K (9%)
----------------- Invoking toplevel() on ptolemy.moml.MoMLSimpleApplication@10cdae3b
----------------- Done invoking toplevel() on ptolemy.moml.MoMLSimpleApplication@10cdae3b
reloadAllAccessors: .StopDE

===========================================================================================
----------------- testing Wed Feb 06 03:25:32 UTC 2019 /home/travis/build/icyphy/ptII/ptolemy/actor/lib/test/auto/StopSDF.xml
----------------- Instantiating /home/travis/build/icyphy/ptII/ptolemy/actor/lib/test/auto/StopSDF.xml
3 ms. Memory: 1547776K Free: 120136K (8%)
----------------- Invoking toplevel() on ptolemy.moml.MoMLSimpleApplication@482c0ced
----------------- Done invoking toplevel() on ptolemy.moml.MoMLSimpleApplication@482c0ced
reloadAllAccessors: .StopSDF

===========================================================================================
----------------- testing Wed Feb 06 03:25:32 UTC 2019 /home/travis/build/icyphy/ptII/ptolemy/actor/lib/test/auto/StringConstant.xml
----------------- Instantiating /home/travis/build/icyphy/ptII/ptolemy/actor/lib/test/auto/StringConstant.xml
1 ms. Memory: 1547776K Free: 105861K (7%)
----------------- Invoking toplevel() on ptolemy.moml.MoMLSimpleApplication@3571842b
----------------- Done invoking toplevel() on ptolemy.moml.MoMLSimpleApplication@3571842b
reloadAllAccessors: .StringConstant

===========================================================================================
----------------- testing Wed Feb 06 03:25:32 UTC 2019 /home/travis/build/icyphy/ptII/ptolemy/actor/lib/test/auto/SubscriberPortInitialValues1.xml
----------------- Instantiating /home/travis/build/icyphy/ptII/ptolemy/actor/lib/test/auto/SubscriberPortInitialValues1.xml
6 ms. Memory: 1547776K Free: 86727K (6%)
----------------- Invoking toplevel() on ptolemy.moml.MoMLSimpleApplication@874c444
----------------- Done invoking toplevel() on ptolemy.moml.MoMLSimpleApplication@874c444
reloadAllAccessors: .SubscriberPortInitialValues1

===========================================================================================
----------------- testing Wed Feb 06 03:25:32 UTC 2019 /home/travis/build/icyphy/ptII/ptolemy/actor/lib/test/auto/SubscriberPortInitialValues13.xml
----------------- Instantiating /home/travis/build/icyphy/ptII/ptolemy/actor/lib/test/auto/SubscriberPortInitialValues13.xml
5 ms. Memory: 1653248K Free: 1598384K (97%)
----------------- Invoking toplevel() on ptolemy.moml.MoMLSimpleApplication@1f4195e1
----------------- Done invoking toplevel() on ptolemy.moml.MoMLSimpleApplication@1f4195e1
reloadAllAccessors: .SubscriberPortInitialValues13

===========================================================================================
----------------- testing Wed Feb 06 03:25:32 UTC 2019 /home/travis/build/icyphy/ptII/ptolemy/actor/lib/test/auto/SubscriberPortInitialValues14.xml
----------------- Instantiating /home/travis/build/icyphy/ptII/ptolemy/actor/lib/test/auto/SubscriberPortInitialValues14.xml
4 ms. Memory: 1653248K Free: 1578723K (95%)
----------------- Invoking toplevel() on ptolemy.moml.MoMLSimpleApplication@629db914
----------------- Done invoking toplevel() on ptolemy.moml.MoMLSimpleApplication@629db914
reloadAllAccessors: .SubscriberPortInitialValues14

===========================================================================================
----------------- testing Wed Feb 06 03:25:32 UTC 2019 /home/travis/build/icyphy/ptII/ptolemy/actor/lib/test/auto/SubscriberPortInitialValues2.xml
----------------- Instantiating /home/travis/build/icyphy/ptII/ptolemy/actor/lib/test/auto/SubscriberPortInitialValues2.xml
3 ms. Memory: 1653248K Free: 1559062K (94%)
----------------- Invoking toplevel() on ptolemy.moml.MoMLSimpleApplication@17f9c70e
----------------- Done invoking toplevel() on ptolemy.moml.MoMLSimpleApplication@17f9c70e
reloadAllAccessors: .SubscriberPortInitialValues2

===========================================================================================
----------------- testing Wed Feb 06 03:25:32 UTC 2019 /home/travis/build/icyphy/ptII/ptolemy/actor/lib/test/auto/SubscriberPortInitialValues3.xml
----------------- Instantiating /home/travis/build/icyphy/ptII/ptolemy/actor/lib/test/auto/SubscriberPortInitialValues3.xml
3 ms. Memory: 1653248K Free: 1543559K (93%)
----------------- Invoking toplevel() on ptolemy.moml.MoMLSimpleApplication@2ca9524b
----------------- Done invoking toplevel() on ptolemy.moml.MoMLSimpleApplication@2ca9524b
reloadAllAccessors: .SubscriberPortInitialValues3

===========================================================================================
----------------- testing Wed Feb 06 03:25:32 UTC 2019 /home/travis/build/icyphy/ptII/ptolemy/actor/lib/test/auto/SubscriptionAggregator.xml
----------------- Instantiating /home/travis/build/icyphy/ptII/ptolemy/actor/lib/test/auto/SubscriptionAggregator.xml
3 ms. Memory: 1653248K Free: 1523898K (92%)
----------------- Invoking toplevel() on ptolemy.moml.MoMLSimpleApplication@183823b8
----------------- Done invoking toplevel() on ptolemy.moml.MoMLSimpleApplication@183823b8
reloadAllAccessors: .SubscriptionAggregator

===========================================================================================
----------------- testing Wed Feb 06 03:25:32 UTC 2019 /home/travis/build/icyphy/ptII/ptolemy/actor/lib/test/auto/SubscriptionAggregator2.xml
----------------- Instantiating /home/travis/build/icyphy/ptII/ptolemy/actor/lib/test/auto/SubscriptionAggregator2.xml
2 ms. Memory: 1653248K Free: 1504237K (91%)
----------------- Invoking toplevel() on ptolemy.moml.MoMLSimpleApplication@f2f1169
----------------- Done invoking toplevel() on ptolemy.moml.MoMLSimpleApplication@f2f1169
reloadAllAccessors: .SubscriptionAggregator2

===========================================================================================
----------------- testing Wed Feb 06 03:25:32 UTC 2019 /home/travis/build/icyphy/ptII/ptolemy/actor/lib/test/auto/SubscriptionAggregator3.xml
----------------- Instantiating /home/travis/build/icyphy/ptII/ptolemy/actor/lib/test/auto/SubscriptionAggregator3.xml
2 ms. Memory: 1653248K Free: 1488733K (90%)
----------------- Invoking toplevel() on ptolemy.moml.MoMLSimpleApplication@4fc18aad
----------------- Done invoking toplevel() on ptolemy.moml.MoMLSimpleApplication@4fc18aad
reloadAllAccessors: .SubscriptionAggregator3

===========================================================================================
----------------- testing Wed Feb 06 03:25:32 UTC 2019 /home/travis/build/icyphy/ptII/ptolemy/actor/lib/test/auto/SubscriptionAggregatorMultiply.xml
----------------- Instantiating /home/travis/build/icyphy/ptII/ptolemy/actor/lib/test/auto/SubscriptionAggregatorMultiply.xml
2 ms. Memory: 1653248K Free: 1469072K (89%)
----------------- Invoking toplevel() on ptolemy.moml.MoMLSimpleApplication@33634b98
----------------- Done invoking toplevel() on ptolemy.moml.MoMLSimpleApplication@33634b98
reloadAllAccessors: .SubscriptionAggregatorMultiply

===========================================================================================
----------------- testing Wed Feb 06 03:25:32 UTC 2019 /home/travis/build/icyphy/ptII/ptolemy/actor/lib/test/auto/SubscriptionAggregatorPortMultiply1.xml
----------------- Instantiating /home/travis/build/icyphy/ptII/ptolemy/actor/lib/test/auto/SubscriptionAggregatorPortMultiply1.xml
3 ms. Memory: 1653248K Free: 1453569K (88%)
----------------- Invoking toplevel() on ptolemy.moml.MoMLSimpleApplication@40c8ec29
----------------- Done invoking toplevel() on ptolemy.moml.MoMLSimpleApplication@40c8ec29
reloadAllAccessors: .SubscriptionAggregatorPortMultiply1

===========================================================================================
----------------- testing Wed Feb 06 03:25:32 UTC 2019 /home/travis/build/icyphy/ptII/ptolemy/actor/lib/test/auto/Switch.xml
----------------- Instantiating /home/travis/build/icyphy/ptII/ptolemy/actor/lib/test/auto/Switch.xml
9 ms. Memory: 1653248K Free: 1387373K (84%)
----------------- Invoking toplevel() on ptolemy.moml.MoMLSimpleApplication@4a9d6f80
----------------- Done invoking toplevel() on ptolemy.moml.MoMLSimpleApplication@4a9d6f80
reloadAllAccessors: .Switch

===========================================================================================
----------------- testing Wed Feb 06 03:25:32 UTC 2019 /home/travis/build/icyphy/ptII/ptolemy/actor/lib/test/auto/Switch2.xml
----------------- Instantiating /home/travis/build/icyphy/ptII/ptolemy/actor/lib/test/auto/Switch2.xml
1 ms. Memory: 1653248K Free: 1367712K (83%)
----------------- Invoking toplevel() on ptolemy.moml.MoMLSimpleApplication@3b872d6a
----------------- Done invoking toplevel() on ptolemy.moml.MoMLSimpleApplication@3b872d6a
reloadAllAccessors: .Switch2

===========================================================================================
----------------- testing Wed Feb 06 03:25:32 UTC 2019 /home/travis/build/icyphy/ptII/ptolemy/actor/lib/test/auto/SwitchDE.xml
----------------- Instantiating /home/travis/build/icyphy/ptII/ptolemy/actor/lib/test/auto/SwitchDE.xml
1 ms. Memory: 1653248K Free: 1352209K (82%)
----------------- Invoking toplevel() on ptolemy.moml.MoMLSimpleApplication@30a22a07
----------------- Done invoking toplevel() on ptolemy.moml.MoMLSimpleApplication@30a22a07
reloadAllAccessors: .SwitchDE

===========================================================================================
----------------- testing Wed Feb 06 03:25:32 UTC 2019 /home/travis/build/icyphy/ptII/ptolemy/actor/lib/test/auto/SynchronizerDE.xml
----------------- Instantiating /home/travis/build/icyphy/ptII/ptolemy/actor/lib/test/auto/SynchronizerDE.xml
2 ms. Memory: 1653248K Free: 1332547K (81%)
----------------- Invoking toplevel() on ptolemy.moml.MoMLSimpleApplication@3a03af30
----------------- Done invoking toplevel() on ptolemy.moml.MoMLSimpleApplication@3a03af30
reloadAllAccessors: .SynchronizerDE

===========================================================================================
----------------- testing Wed Feb 06 03:25:32 UTC 2019 /home/travis/build/icyphy/ptII/ptolemy/actor/lib/test/auto/Test.xml
----------------- Instantiating /home/travis/build/icyphy/ptII/ptolemy/actor/lib/test/auto/Test.xml
1 ms. Memory: 1653248K Free: 1312886K (79%)
----------------- Invoking toplevel() on ptolemy.moml.MoMLSimpleApplication@79263cb7
----------------- Done invoking toplevel() on ptolemy.moml.MoMLSimpleApplication@79263cb7
reloadAllAccessors: .Test

===========================================================================================
----------------- testing Wed Feb 06 03:25:32 UTC 2019 /home/travis/build/icyphy/ptII/ptolemy/actor/lib/test/auto/TestExceptionAttribute1.xml
----------------- Instantiating /home/travis/build/icyphy/ptII/ptolemy/actor/lib/test/auto/TestExceptionAttribute1.xml
1 ms. Memory: 1653248K Free: 1297383K (78%)
----------------- Invoking toplevel() on ptolemy.moml.MoMLSimpleApplication@51704b5a
----------------- Done invoking toplevel() on ptolemy.moml.MoMLSimpleApplication@51704b5a
reloadAllAccessors: .TestExceptionAttribute1

===========================================================================================
----------------- testing Wed Feb 06 03:25:32 UTC 2019 /home/travis/build/icyphy/ptII/ptolemy/actor/lib/test/auto/TestExceptionAttribute2.xml
----------------- Instantiating /home/travis/build/icyphy/ptII/ptolemy/actor/lib/test/auto/TestExceptionAttribute2.xml
1 ms. Memory: 1653248K Free: 1277722K (77%)
----------------- Invoking toplevel() on ptolemy.moml.MoMLSimpleApplication@2b38dd6f
----------------- Done invoking toplevel() on ptolemy.moml.MoMLSimpleApplication@2b38dd6f
reloadAllAccessors: .TestExceptionAttribute2

===========================================================================================
----------------- testing Wed Feb 06 03:25:32 UTC 2019 /home/travis/build/icyphy/ptII/ptolemy/actor/lib/test/auto/TestExceptionAttribute3.xml
----------------- Instantiating /home/travis/build/icyphy/ptII/ptolemy/actor/lib/test/auto/TestExceptionAttribute3.xml
.TestExceptionAttribute3.TestExceptionAttribute: initialize() was not invoked, but wrapup() was.  This is unusual, but not always a problem.  For example, exporting JNLP will do this.
1 ms. Memory: 1653248K Free: 1262218K (76%)
----------------- Invoking toplevel() on ptolemy.moml.MoMLSimpleApplication@47c6f160
----------------- Done invoking toplevel() on ptolemy.moml.MoMLSimpleApplication@47c6f160
reloadAllAccessors: .TestExceptionAttribute3

===========================================================================================
----------------- testing Wed Feb 06 03:25:32 UTC 2019 /home/travis/build/icyphy/ptII/ptolemy/actor/lib/test/auto/TestExceptionAttribute4.xml
----------------- Instantiating /home/travis/build/icyphy/ptII/ptolemy/actor/lib/test/auto/TestExceptionAttribute4.xml
.TestExceptionAttribute4.TestExceptionAttribute: initialize() was not invoked, but wrapup() was.  This is unusual, but not always a problem.  For example, exporting JNLP will do this.
.TestExceptionAttribute4.TestExceptionAttribute2: initialize() was not invoked, but wrapup() was.  This is unusual, but not always a problem.  For example, exporting JNLP will do this.
1 ms. Memory: 1653248K Free: 1242557K (75%)
----------------- Invoking toplevel() on ptolemy.moml.MoMLSimpleApplication@3d036537
----------------- Done invoking toplevel() on ptolemy.moml.MoMLSimpleApplication@3d036537
reloadAllAccessors: .TestExceptionAttribute4

===========================================================================================
----------------- testing Wed Feb 06 03:25:32 UTC 2019 /home/travis/build/icyphy/ptII/ptolemy/actor/lib/test/auto/TestExceptionHandler1.xml
----------------- Instantiating /home/travis/build/icyphy/ptII/ptolemy/actor/lib/test/auto/TestExceptionHandler1.xml
1 ms. Memory: 1653248K Free: 1222896K (74%)
----------------- Invoking toplevel() on ptolemy.moml.MoMLSimpleApplication@52caf5b3
----------------- Done invoking toplevel() on ptolemy.moml.MoMLSimpleApplication@52caf5b3
reloadAllAccessors: .TestExceptionHandler1

===========================================================================================
----------------- testing Wed Feb 06 03:25:32 UTC 2019 /home/travis/build/icyphy/ptII/ptolemy/actor/lib/test/auto/TestExceptionHandler2.xml
----------------- Instantiating /home/travis/build/icyphy/ptII/ptolemy/actor/lib/test/auto/TestExceptionHandler2.xml
0 ms. Memory: 1653248K Free: 1207393K (73%)
----------------- Invoking toplevel() on ptolemy.moml.MoMLSimpleApplication@fa278be
----------------- Done invoking toplevel() on ptolemy.moml.MoMLSimpleApplication@fa278be
reloadAllAccessors: .TestExceptionHandler2

===========================================================================================
----------------- testing Wed Feb 06 03:25:32 UTC 2019 /home/travis/build/icyphy/ptII/ptolemy/actor/lib/test/auto/TestExceptionHandler3.xml
----------------- Instantiating /home/travis/build/icyphy/ptII/ptolemy/actor/lib/test/auto/TestExceptionHandler3.xml
1 ms. Memory: 1653248K Free: 1187732K (72%)
----------------- Invoking toplevel() on ptolemy.moml.MoMLSimpleApplication@6bd6e9d6
----------------- Done invoking toplevel() on ptolemy.moml.MoMLSimpleApplication@6bd6e9d6
reloadAllAccessors: .TestExceptionHandler3

===========================================================================================
----------------- testing Wed Feb 06 03:25:32 UTC 2019 /home/travis/build/icyphy/ptII/ptolemy/actor/lib/test/auto/TestExceptionHandler4.xml
----------------- Instantiating /home/travis/build/icyphy/ptII/ptolemy/actor/lib/test/auto/TestExceptionHandler4.xml
0 ms. Memory: 1653248K Free: 1168071K (71%)
----------------- Invoking toplevel() on ptolemy.moml.MoMLSimpleApplication@76c2795b
----------------- Done invoking toplevel() on ptolemy.moml.MoMLSimpleApplication@76c2795b
reloadAllAccessors: .TestExceptionHandler4

===========================================================================================
----------------- testing Wed Feb 06 03:25:32 UTC 2019 /home/travis/build/icyphy/ptII/ptolemy/actor/lib/test/auto/TestRequireCorrectOrder.xml
----------------- Instantiating /home/travis/build/icyphy/ptII/ptolemy/actor/lib/test/auto/TestRequireCorrectOrder.xml
2 ms. Memory: 1653248K Free: 1152567K (70%)
----------------- Invoking toplevel() on ptolemy.moml.MoMLSimpleApplication@4c70f9b0
----------------- Done invoking toplevel() on ptolemy.moml.MoMLSimpleApplication@4c70f9b0
reloadAllAccessors: .TestRequireCorrectOrder

===========================================================================================
----------------- testing Wed Feb 06 03:25:32 UTC 2019 /home/travis/build/icyphy/ptII/ptolemy/actor/lib/test/auto/TestSimple.xml
----------------- Instantiating /home/travis/build/icyphy/ptII/ptolemy/actor/lib/test/auto/TestSimple.xml
2 ms. Memory: 1653248K Free: 1132906K (69%)
----------------- Invoking toplevel() on ptolemy.moml.MoMLSimpleApplication@1bcb92a2
----------------- Done invoking toplevel() on ptolemy.moml.MoMLSimpleApplication@1bcb92a2
reloadAllAccessors: .TestSimple

===========================================================================================
----------------- testing Wed Feb 06 03:25:32 UTC 2019 /home/travis/build/icyphy/ptII/ptolemy/actor/lib/test/auto/ThrowModelError.xml
----------------- Instantiating /home/travis/build/icyphy/ptII/ptolemy/actor/lib/test/auto/ThrowModelError.xml
1 ms. Memory: 1653248K Free: 1117403K (68%)
----------------- Invoking toplevel() on ptolemy.moml.MoMLSimpleApplication@6f091f71
----------------- Done invoking toplevel() on ptolemy.moml.MoMLSimpleApplication@6f091f71
reloadAllAccessors: .ThrowModelError

===========================================================================================
----------------- testing Wed Feb 06 03:25:32 UTC 2019 /home/travis/build/icyphy/ptII/ptolemy/actor/lib/test/auto/TimeDelayMicrosteps.xml
----------------- Instantiating /home/travis/build/icyphy/ptII/ptolemy/actor/lib/test/auto/TimeDelayMicrosteps.xml
2 ms. Memory: 1653248K Free: 1097742K (66%)
----------------- Invoking toplevel() on ptolemy.moml.MoMLSimpleApplication@7b44056e
----------------- Done invoking toplevel() on ptolemy.moml.MoMLSimpleApplication@7b44056e
reloadAllAccessors: .TimeDelayMicrosteps

===========================================================================================
----------------- testing Wed Feb 06 03:25:32 UTC 2019 /home/travis/build/icyphy/ptII/ptolemy/actor/lib/test/auto/TimeDelayMicrosteps2.xml
----------------- Instantiating /home/travis/build/icyphy/ptII/ptolemy/actor/lib/test/auto/TimeDelayMicrosteps2.xml
2 ms. Memory: 1653248K Free: 1078081K (65%)
----------------- Invoking toplevel() on ptolemy.moml.MoMLSimpleApplication@7d2943cf
----------------- Done invoking toplevel() on ptolemy.moml.MoMLSimpleApplication@7d2943cf
reloadAllAccessors: .TimeDelayMicrosteps2

===========================================================================================
----------------- testing Wed Feb 06 03:25:32 UTC 2019 /home/travis/build/icyphy/ptII/ptolemy/actor/lib/test/auto/TimeDelayMicrosteps3.xml
----------------- Instantiating /home/travis/build/icyphy/ptII/ptolemy/actor/lib/test/auto/TimeDelayMicrosteps3.xml
2 ms. Memory: 1653248K Free: 1062578K (64%)
----------------- Invoking toplevel() on ptolemy.moml.MoMLSimpleApplication@fc94f01
----------------- Done invoking toplevel() on ptolemy.moml.MoMLSimpleApplication@fc94f01
reloadAllAccessors: .TimeDelayMicrosteps3

===========================================================================================
----------------- testing Wed Feb 06 03:25:32 UTC 2019 /home/travis/build/icyphy/ptII/ptolemy/actor/lib/test/auto/TimeDelayVariableMicrosteps.xml
----------------- Instantiating /home/travis/build/icyphy/ptII/ptolemy/actor/lib/test/auto/TimeDelayVariableMicrosteps.xml
2 ms. Memory: 1653248K Free: 1042917K (63%)
----------------- Invoking toplevel() on ptolemy.moml.MoMLSimpleApplication@1b4c185e
----------------- Done invoking toplevel() on ptolemy.moml.MoMLSimpleApplication@1b4c185e
reloadAllAccessors: .TimeDelayVariableMicrosteps

===========================================================================================
----------------- testing Wed Feb 06 03:25:32 UTC 2019 /home/travis/build/icyphy/ptII/ptolemy/actor/lib/test/auto/TimeGap.xml
----------------- Instantiating /home/travis/build/icyphy/ptII/ptolemy/actor/lib/test/auto/TimeGap.xml
2 ms. Memory: 1653248K Free: 1023256K (62%)
----------------- Invoking toplevel() on ptolemy.moml.MoMLSimpleApplication@6103d05f
----------------- Done invoking toplevel() on ptolemy.moml.MoMLSimpleApplication@6103d05f
reloadAllAccessors: .TimeGap

===========================================================================================
----------------- testing Wed Feb 06 03:25:32 UTC 2019 /home/travis/build/icyphy/ptII/ptolemy/actor/lib/test/auto/TimeGap2.xml
----------------- Instantiating /home/travis/build/icyphy/ptII/ptolemy/actor/lib/test/auto/TimeGap2.xml
2 ms. Memory: 1653248K Free: 1007752K (61%)
----------------- Invoking toplevel() on ptolemy.moml.MoMLSimpleApplication@41d29184
----------------- Done invoking toplevel() on ptolemy.moml.MoMLSimpleApplication@41d29184
reloadAllAccessors: .TimeGap2

===========================================================================================
----------------- testing Wed Feb 06 03:25:32 UTC 2019 /home/travis/build/icyphy/ptII/ptolemy/actor/lib/test/auto/TimedSinewave.xml
----------------- Instantiating /home/travis/build/icyphy/ptII/ptolemy/actor/lib/test/auto/TimedSinewave.xml
13 ms. Memory: 1653248K Free: 980332K (59%)
----------------- Invoking toplevel() on ptolemy.moml.MoMLSimpleApplication@57248a93
----------------- Done invoking toplevel() on ptolemy.moml.MoMLSimpleApplication@57248a93
reloadAllAccessors: .TimedSinewave

===========================================================================================
----------------- testing Wed Feb 06 03:25:33 UTC 2019 /home/travis/build/icyphy/ptII/ptolemy/actor/lib/test/auto/TimedSinewavePhase.xml
----------------- Instantiating /home/travis/build/icyphy/ptII/ptolemy/actor/lib/test/auto/TimedSinewavePhase.xml
9 ms. Memory: 1653248K Free: 964828K (58%)
----------------- Invoking toplevel() on ptolemy.moml.MoMLSimpleApplication@ab82950
----------------- Done invoking toplevel() on ptolemy.moml.MoMLSimpleApplication@ab82950
reloadAllAccessors: .TimedSinewavePhase

===========================================================================================
----------------- testing Wed Feb 06 03:25:33 UTC 2019 /home/travis/build/icyphy/ptII/ptolemy/actor/lib/test/auto/Timer.xml
----------------- Instantiating /home/travis/build/icyphy/ptII/ptolemy/actor/lib/test/auto/Timer.xml
2 ms. Memory: 1653248K Free: 945168K (57%)
----------------- Invoking toplevel() on ptolemy.moml.MoMLSimpleApplication@688297fc
----------------- Done invoking toplevel() on ptolemy.moml.MoMLSimpleApplication@688297fc
reloadAllAccessors: .Timer

===========================================================================================
----------------- testing Wed Feb 06 03:25:33 UTC 2019 /home/travis/build/icyphy/ptII/ptolemy/actor/lib/test/auto/TriangularDistTestModel.xml
----------------- Instantiating /home/travis/build/icyphy/ptII/ptolemy/actor/lib/test/auto/TriangularDistTestModel.xml
2 ms. Memory: 1653248K Free: 925506K (56%)
----------------- Invoking toplevel() on ptolemy.moml.MoMLSimpleApplication@15a6b565
----------------- Done invoking toplevel() on ptolemy.moml.MoMLSimpleApplication@15a6b565
reloadAllAccessors: .TriangularDistTestModel

===========================================================================================
----------------- testing Wed Feb 06 03:25:33 UTC 2019 /home/travis/build/icyphy/ptII/ptolemy/actor/lib/test/auto/TrigFunction.xml
----------------- Instantiating /home/travis/build/icyphy/ptII/ptolemy/actor/lib/test/auto/TrigFunction.xml
2 ms. Memory: 1653248K Free: 910003K (55%)
----------------- Invoking toplevel() on ptolemy.moml.MoMLSimpleApplication@a3e1f52
----------------- Done invoking toplevel() on ptolemy.moml.MoMLSimpleApplication@a3e1f52
reloadAllAccessors: .TrigFunction

===========================================================================================
----------------- testing Wed Feb 06 03:25:33 UTC 2019 /home/travis/build/icyphy/ptII/ptolemy/actor/lib/test/auto/TrigFunctionDE.xml
----------------- Instantiating /home/travis/build/icyphy/ptII/ptolemy/actor/lib/test/auto/TrigFunctionDE.xml
1 ms. Memory: 1653248K Free: 890342K (54%)
----------------- Invoking toplevel() on ptolemy.moml.MoMLSimpleApplication@6d3b0d91
----------------- Done invoking toplevel() on ptolemy.moml.MoMLSimpleApplication@6d3b0d91
reloadAllAccessors: .TrigFunctionDE

===========================================================================================
----------------- testing Wed Feb 06 03:25:33 UTC 2019 /home/travis/build/icyphy/ptII/ptolemy/actor/lib/test/auto/TrigFunctionInverse.xml
----------------- Instantiating /home/travis/build/icyphy/ptII/ptolemy/actor/lib/test/auto/TrigFunctionInverse.xml
1 ms. Memory: 1653248K Free: 870681K (53%)
----------------- Invoking toplevel() on ptolemy.moml.MoMLSimpleApplication@464e8ed
----------------- Done invoking toplevel() on ptolemy.moml.MoMLSimpleApplication@464e8ed
reloadAllAccessors: .TrigFunctionInverse

===========================================================================================
----------------- testing Wed Feb 06 03:25:33 UTC 2019 /home/travis/build/icyphy/ptII/ptolemy/actor/lib/test/auto/TrigFunctionTan.xml
----------------- Instantiating /home/travis/build/icyphy/ptII/ptolemy/actor/lib/test/auto/TrigFunctionTan.xml
2 ms. Memory: 1653248K Free: 855178K (52%)
----------------- Invoking toplevel() on ptolemy.moml.MoMLSimpleApplication@2f552ab3
----------------- Done invoking toplevel() on ptolemy.moml.MoMLSimpleApplication@2f552ab3
reloadAllAccessors: .TrigFunctionTan

===========================================================================================
----------------- testing Wed Feb 06 03:25:33 UTC 2019 /home/travis/build/icyphy/ptII/ptolemy/actor/lib/test/auto/TriggeredClock.xml
----------------- Instantiating /home/travis/build/icyphy/ptII/ptolemy/actor/lib/test/auto/TriggeredClock.xml
3 ms. Memory: 1653248K Free: 835517K (51%)
----------------- Invoking toplevel() on ptolemy.moml.MoMLSimpleApplication@4d4add05
----------------- Done invoking toplevel() on ptolemy.moml.MoMLSimpleApplication@4d4add05
reloadAllAccessors: .TriggeredClock

===========================================================================================
----------------- testing Wed Feb 06 03:25:33 UTC 2019 /home/travis/build/icyphy/ptII/ptolemy/actor/lib/test/auto/URLDirectoryReader.xml
----------------- Instantiating /home/travis/build/icyphy/ptII/ptolemy/actor/lib/test/auto/URLDirectoryReader.xml
32 ms. Memory: 1653248K Free: 820013K (50%)
----------------- Invoking toplevel() on ptolemy.moml.MoMLSimpleApplication@4a2c64f3
----------------- Done invoking toplevel() on ptolemy.moml.MoMLSimpleApplication@4a2c64f3
reloadAllAccessors: .URLDirectoryReader

===========================================================================================
----------------- testing Wed Feb 06 03:25:33 UTC 2019 /home/travis/build/icyphy/ptII/ptolemy/actor/lib/test/auto/URLDirectoryReader3.xml
----------------- Instantiating /home/travis/build/icyphy/ptII/ptolemy/actor/lib/test/auto/URLDirectoryReader3.xml
1223 ms. Memory: 1653248K Free: 753586K (46%)
----------------- Invoking toplevel() on ptolemy.moml.MoMLSimpleApplication@7bbabc1d
----------------- Done invoking toplevel() on ptolemy.moml.MoMLSimpleApplication@7bbabc1d
reloadAllAccessors: .URLDirectoryReader3

===========================================================================================
----------------- testing Wed Feb 06 03:25:34 UTC 2019 /home/travis/build/icyphy/ptII/ptolemy/actor/lib/test/auto/UnaryMathFunction.xml
----------------- Instantiating /home/travis/build/icyphy/ptII/ptolemy/actor/lib/test/auto/UnaryMathFunction.xml
2 ms. Memory: 1653248K Free: 733925K (44%)
----------------- Invoking toplevel() on ptolemy.moml.MoMLSimpleApplication@bb742c6
----------------- Done invoking toplevel() on ptolemy.moml.MoMLSimpleApplication@bb742c6
reloadAllAccessors: .UnaryMathFunction

===========================================================================================
----------------- testing Wed Feb 06 03:25:34 UTC 2019 /home/travis/build/icyphy/ptII/ptolemy/actor/lib/test/auto/Uniform.xml
----------------- Instantiating /home/travis/build/icyphy/ptII/ptolemy/actor/lib/test/auto/Uniform.xml
2 ms. Memory: 1653248K Free: 718422K (43%)
----------------- Invoking toplevel() on ptolemy.moml.MoMLSimpleApplication@45cfe723
----------------- Done invoking toplevel() on ptolemy.moml.MoMLSimpleApplication@45cfe723
reloadAllAccessors: .Uniform

===========================================================================================
----------------- testing Wed Feb 06 03:25:34 UTC 2019 /home/travis/build/icyphy/ptII/ptolemy/actor/lib/test/auto/UnionDisassemblerTest.xml
----------------- Instantiating /home/travis/build/icyphy/ptII/ptolemy/actor/lib/test/auto/UnionDisassemblerTest.xml
6 ms. Memory: 1653248K Free: 698761K (42%)
----------------- Invoking toplevel() on ptolemy.moml.MoMLSimpleApplication@5239f633
----------------- Done invoking toplevel() on ptolemy.moml.MoMLSimpleApplication@5239f633
reloadAllAccessors: .UnionDisassemblerTest

===========================================================================================
----------------- testing Wed Feb 06 03:25:34 UTC 2019 /home/travis/build/icyphy/ptII/ptolemy/actor/lib/test/auto/UtilityFunctions.xml
----------------- Instantiating /home/travis/build/icyphy/ptII/ptolemy/actor/lib/test/auto/UtilityFunctions.xml
1 ms. Memory: 1653248K Free: 679100K (41%)
----------------- Invoking toplevel() on ptolemy.moml.MoMLSimpleApplication@6d33eff2
----------------- Done invoking toplevel() on ptolemy.moml.MoMLSimpleApplication@6d33eff2
reloadAllAccessors: .UtilityFunctions

===========================================================================================
----------------- testing Wed Feb 06 03:25:34 UTC 2019 /home/travis/build/icyphy/ptII/ptolemy/actor/lib/test/auto/VariableSleep.xml
----------------- Instantiating /home/travis/build/icyphy/ptII/ptolemy/actor/lib/test/auto/VariableSleep.xml
507 ms. Memory: 1653248K Free: 663596K (40%)
----------------- Invoking toplevel() on ptolemy.moml.MoMLSimpleApplication@5e5e9519
----------------- Done invoking toplevel() on ptolemy.moml.MoMLSimpleApplication@5e5e9519
reloadAllAccessors: .VariableSleep

===========================================================================================
----------------- testing Wed Feb 06 03:25:35 UTC 2019 /home/travis/build/icyphy/ptII/ptolemy/actor/lib/test/auto/VectorAssemblerDisassemblerCT.xml
----------------- Instantiating /home/travis/build/icyphy/ptII/ptolemy/actor/lib/test/auto/VectorAssemblerDisassemblerCT.xml
43 ms. Memory: 1653248K Free: 628416K (38%)
----------------- Invoking toplevel() on ptolemy.moml.MoMLSimpleApplication@52181e6b
----------------- Done invoking toplevel() on ptolemy.moml.MoMLSimpleApplication@52181e6b
reloadAllAccessors: .VectorAssemblerDisassemblerCT

===========================================================================================
----------------- testing Wed Feb 06 03:25:35 UTC 2019 /home/travis/build/icyphy/ptII/ptolemy/actor/lib/test/auto/VectorAssemblerDisassemblerDE.xml
----------------- Instantiating /home/travis/build/icyphy/ptII/ptolemy/actor/lib/test/auto/VectorAssemblerDisassemblerDE.xml
3 ms. Memory: 1653248K Free: 608754K (37%)
----------------- Invoking toplevel() on ptolemy.moml.MoMLSimpleApplication@119556de
----------------- Done invoking toplevel() on ptolemy.moml.MoMLSimpleApplication@119556de
reloadAllAccessors: .VectorAssemblerDisassemblerDE

===========================================================================================
----------------- testing Wed Feb 06 03:25:35 UTC 2019 /home/travis/build/icyphy/ptII/ptolemy/actor/lib/test/auto/VectorAssemblerDisassemblerSDF.xml
----------------- Instantiating /home/travis/build/icyphy/ptII/ptolemy/actor/lib/test/auto/VectorAssemblerDisassemblerSDF.xml
2 ms. Memory: 1653248K Free: 593251K (36%)
----------------- Invoking toplevel() on ptolemy.moml.MoMLSimpleApplication@1abfeace
----------------- Done invoking toplevel() on ptolemy.moml.MoMLSimpleApplication@1abfeace
reloadAllAccessors: .VectorAssemblerDisassemblerSDF

===========================================================================================
----------------- testing Wed Feb 06 03:25:35 UTC 2019 /home/travis/build/icyphy/ptII/ptolemy/actor/lib/test/auto/WallClockTime.xml
----------------- Instantiating /home/travis/build/icyphy/ptII/ptolemy/actor/lib/test/auto/WallClockTime.xml
1005 ms. Memory: 1653248K Free: 573590K (35%)
----------------- Invoking toplevel() on ptolemy.moml.MoMLSimpleApplication@62535189
----------------- Done invoking toplevel() on ptolemy.moml.MoMLSimpleApplication@62535189
reloadAllAccessors: .WallClockTime

===========================================================================================
----------------- testing Wed Feb 06 03:25:36 UTC 2019 /home/travis/build/icyphy/ptII/ptolemy/actor/lib/test/auto/WidthTestWithSubscriberPublisher.xml
----------------- Instantiating /home/travis/build/icyphy/ptII/ptolemy/actor/lib/test/auto/WidthTestWithSubscriberPublisher.xml
6 ms. Memory: 1653248K Free: 550335K (33%)
----------------- Invoking toplevel() on ptolemy.moml.MoMLSimpleApplication@7e5e2396
----------------- Done invoking toplevel() on ptolemy.moml.MoMLSimpleApplication@7e5e2396
reloadAllAccessors: .WidthTestWithSubscriberPublisher

===========================================================================================
----------------- testing Wed Feb 06 03:25:36 UTC 2019 /home/travis/build/icyphy/ptII/ptolemy/actor/lib/test/auto/WidthTestWithSubscriberPublisher2.xml
----------------- Instantiating /home/travis/build/icyphy/ptII/ptolemy/actor/lib/test/auto/WidthTestWithSubscriberPublisher2.xml
2 ms. Memory: 1653248K Free: 530674K (32%)
----------------- Invoking toplevel() on ptolemy.moml.MoMLSimpleApplication@693b4304
----------------- Done invoking toplevel() on ptolemy.moml.MoMLSimpleApplication@693b4304
reloadAllAccessors: .WidthTestWithSubscriberPublisher2

===========================================================================================
----------------- testing Wed Feb 06 03:25:36 UTC 2019 /home/travis/build/icyphy/ptII/ptolemy/actor/lib/test/auto/WidthTestWithSubscriberPublisher3.xml
----------------- Instantiating /home/travis/build/icyphy/ptII/ptolemy/actor/lib/test/auto/WidthTestWithSubscriberPublisher3.xml
1 ms. Memory: 1653248K Free: 511013K (31%)
----------------- Invoking toplevel() on ptolemy.moml.MoMLSimpleApplication@2fd2a525
----------------- Done invoking toplevel() on ptolemy.moml.MoMLSimpleApplication@2fd2a525
reloadAllAccessors: .WidthTestWithSubscriberPublisher3

===========================================================================================
----------------- testing Wed Feb 06 03:25:36 UTC 2019 /home/travis/build/icyphy/ptII/ptolemy/actor/lib/test/auto/Writer.xml
----------------- Instantiating /home/travis/build/icyphy/ptII/ptolemy/actor/lib/test/auto/Writer.xml
0
1
2
3
4
1 ms. Memory: 1653248K Free: 495509K (30%)
----------------- Invoking toplevel() on ptolemy.moml.MoMLSimpleApplication@1aeecc1e
----------------- Done invoking toplevel() on ptolemy.moml.MoMLSimpleApplication@1aeecc1e
reloadAllAccessors: .Writer

===========================================================================================
----------------- testing Wed Feb 06 03:25:36 UTC 2019 /home/travis/build/icyphy/ptII/ptolemy/actor/lib/test/auto/array.xml
----------------- Instantiating /home/travis/build/icyphy/ptII/ptolemy/actor/lib/test/auto/array.xml
2 ms. Memory: 1653248K Free: 475848K (29%)
----------------- Invoking toplevel() on ptolemy.moml.MoMLSimpleApplication@1de11442
----------------- Done invoking toplevel() on ptolemy.moml.MoMLSimpleApplication@1de11442
reloadAllAccessors: .array

===========================================================================================
----------------- testing Wed Feb 06 03:25:36 UTC 2019 /home/travis/build/icyphy/ptII/ptolemy/actor/lib/test/auto/array2.xml
----------------- Instantiating /home/travis/build/icyphy/ptII/ptolemy/actor/lib/test/auto/array2.xml
6 ms. Memory: 1653248K Free: 456187K (28%)
----------------- Invoking toplevel() on ptolemy.moml.MoMLSimpleApplication@101d5aa8
----------------- Done invoking toplevel() on ptolemy.moml.MoMLSimpleApplication@101d5aa8
reloadAllAccessors: .array2

===========================================================================================
----------------- testing Wed Feb 06 03:25:36 UTC 2019 /home/travis/build/icyphy/ptII/ptolemy/actor/lib/test/auto/arrayType.xml
----------------- Instantiating /home/travis/build/icyphy/ptII/ptolemy/actor/lib/test/auto/arrayType.xml
2 ms. Memory: 1653248K Free: 440684K (27%)
----------------- Invoking toplevel() on ptolemy.moml.MoMLSimpleApplication@21ec219e
----------------- Done invoking toplevel() on ptolemy.moml.MoMLSimpleApplication@21ec219e
reloadAllAccessors: .arrayType

===========================================================================================
----------------- testing Wed Feb 06 03:25:36 UTC 2019 /home/travis/build/icyphy/ptII/ptolemy/actor/lib/test/auto/arrayType10.xml
----------------- Instantiating /home/travis/build/icyphy/ptII/ptolemy/actor/lib/test/auto/arrayType10.xml
1 ms. Memory: 1653248K Free: 421023K (25%)
----------------- Invoking toplevel() on ptolemy.moml.MoMLSimpleApplication@11a8c5f8
----------------- Done invoking toplevel() on ptolemy.moml.MoMLSimpleApplication@11a8c5f8
reloadAllAccessors: .arrayType10

===========================================================================================
----------------- testing Wed Feb 06 03:25:36 UTC 2019 /home/travis/build/icyphy/ptII/ptolemy/actor/lib/test/auto/arrayType11.xml
----------------- Instantiating /home/travis/build/icyphy/ptII/ptolemy/actor/lib/test/auto/arrayType11.xml
1 ms. Memory: 1653248K Free: 401362K (24%)
----------------- Invoking toplevel() on ptolemy.moml.MoMLSimpleApplication@6baab0ee
----------------- Done invoking toplevel() on ptolemy.moml.MoMLSimpleApplication@6baab0ee
reloadAllAccessors: .arrayType11

===========================================================================================
----------------- testing Wed Feb 06 03:25:36 UTC 2019 /home/travis/build/icyphy/ptII/ptolemy/actor/lib/test/auto/arrayType12.xml
----------------- Instantiating /home/travis/build/icyphy/ptII/ptolemy/actor/lib/test/auto/arrayType12.xml
1 ms. Memory: 1653248K Free: 385858K (23%)
----------------- Invoking toplevel() on ptolemy.moml.MoMLSimpleApplication@1724665a
----------------- Done invoking toplevel() on ptolemy.moml.MoMLSimpleApplication@1724665a
reloadAllAccessors: .arrayType12

===========================================================================================
----------------- testing Wed Feb 06 03:25:36 UTC 2019 /home/travis/build/icyphy/ptII/ptolemy/actor/lib/test/auto/arrayType13.xml
----------------- Instantiating /home/travis/build/icyphy/ptII/ptolemy/actor/lib/test/auto/arrayType13.xml
1 ms. Memory: 1653248K Free: 366197K (22%)
----------------- Invoking toplevel() on ptolemy.moml.MoMLSimpleApplication@5873a2e4
----------------- Done invoking toplevel() on ptolemy.moml.MoMLSimpleApplication@5873a2e4
reloadAllAccessors: .arrayType13

===========================================================================================
----------------- testing Wed Feb 06 03:25:36 UTC 2019 /home/travis/build/icyphy/ptII/ptolemy/actor/lib/test/auto/arrayType14.xml
----------------- Instantiating /home/travis/build/icyphy/ptII/ptolemy/actor/lib/test/auto/arrayType14.xml
2 ms. Memory: 1653248K Free: 350694K (21%)
----------------- Invoking toplevel() on ptolemy.moml.MoMLSimpleApplication@7e378e9e
----------------- Done invoking toplevel() on ptolemy.moml.MoMLSimpleApplication@7e378e9e
reloadAllAccessors: .arrayType14

===========================================================================================
----------------- testing Wed Feb 06 03:25:36 UTC 2019 /home/travis/build/icyphy/ptII/ptolemy/actor/lib/test/auto/arrayType15.xml
----------------- Instantiating /home/travis/build/icyphy/ptII/ptolemy/actor/lib/test/auto/arrayType15.xml
2 ms. Memory: 1653248K Free: 331033K (20%)
----------------- Invoking toplevel() on ptolemy.moml.MoMLSimpleApplication@321f5fd2
----------------- Done invoking toplevel() on ptolemy.moml.MoMLSimpleApplication@321f5fd2
reloadAllAccessors: .arrayType15

===========================================================================================
----------------- testing Wed Feb 06 03:25:36 UTC 2019 /home/travis/build/icyphy/ptII/ptolemy/actor/lib/test/auto/arrayType16.xml
----------------- Instantiating /home/travis/build/icyphy/ptII/ptolemy/actor/lib/test/auto/arrayType16.xml
1 ms. Memory: 1653248K Free: 311372K (19%)
----------------- Invoking toplevel() on ptolemy.moml.MoMLSimpleApplication@7f9f7133
----------------- Done invoking toplevel() on ptolemy.moml.MoMLSimpleApplication@7f9f7133
reloadAllAccessors: .arrayType16

===========================================================================================
----------------- testing Wed Feb 06 03:25:36 UTC 2019 /home/travis/build/icyphy/ptII/ptolemy/actor/lib/test/auto/arrayType17.xml
----------------- Instantiating /home/travis/build/icyphy/ptII/ptolemy/actor/lib/test/auto/arrayType17.xml
1 ms. Memory: 1653248K Free: 295868K (18%)
----------------- Invoking toplevel() on ptolemy.moml.MoMLSimpleApplication@65fd9244
----------------- Done invoking toplevel() on ptolemy.moml.MoMLSimpleApplication@65fd9244
reloadAllAccessors: .arrayType17

===========================================================================================
----------------- testing Wed Feb 06 03:25:36 UTC 2019 /home/travis/build/icyphy/ptII/ptolemy/actor/lib/test/auto/arrayType18.xml
----------------- Instantiating /home/travis/build/icyphy/ptII/ptolemy/actor/lib/test/auto/arrayType18.xml
2 ms. Memory: 1653248K Free: 276207K (17%)
----------------- Invoking toplevel() on ptolemy.moml.MoMLSimpleApplication@1659de56
----------------- Done invoking toplevel() on ptolemy.moml.MoMLSimpleApplication@1659de56
reloadAllAccessors: .arrayType18

===========================================================================================
----------------- testing Wed Feb 06 03:25:36 UTC 2019 /home/travis/build/icyphy/ptII/ptolemy/actor/lib/test/auto/arrayType19.xml
----------------- Instantiating /home/travis/build/icyphy/ptII/ptolemy/actor/lib/test/auto/arrayType19.xml
1 ms. Memory: 1653248K Free: 256546K (16%)
----------------- Invoking toplevel() on ptolemy.moml.MoMLSimpleApplication@22e60cd3
----------------- Done invoking toplevel() on ptolemy.moml.MoMLSimpleApplication@22e60cd3
reloadAllAccessors: .arrayType19

===========================================================================================
----------------- testing Wed Feb 06 03:25:36 UTC 2019 /home/travis/build/icyphy/ptII/ptolemy/actor/lib/test/auto/arrayType2.xml
----------------- Instantiating /home/travis/build/icyphy/ptII/ptolemy/actor/lib/test/auto/arrayType2.xml
2 ms. Memory: 1653248K Free: 241042K (15%)
----------------- Invoking toplevel() on ptolemy.moml.MoMLSimpleApplication@2eee9b42
----------------- Done invoking toplevel() on ptolemy.moml.MoMLSimpleApplication@2eee9b42
reloadAllAccessors: .arrayType2

===========================================================================================
----------------- testing Wed Feb 06 03:25:36 UTC 2019 /home/travis/build/icyphy/ptII/ptolemy/actor/lib/test/auto/arrayType20.xml
----------------- Instantiating /home/travis/build/icyphy/ptII/ptolemy/actor/lib/test/auto/arrayType20.xml
2 ms. Memory: 1653248K Free: 221381K (13%)
----------------- Invoking toplevel() on ptolemy.moml.MoMLSimpleApplication@5eca8a15
----------------- Done invoking toplevel() on ptolemy.moml.MoMLSimpleApplication@5eca8a15
reloadAllAccessors: .arrayType20

===========================================================================================
----------------- testing Wed Feb 06 03:25:36 UTC 2019 /home/travis/build/icyphy/ptII/ptolemy/actor/lib/test/auto/arrayType21.xml
----------------- Instantiating /home/travis/build/icyphy/ptII/ptolemy/actor/lib/test/auto/arrayType21.xml
1 ms. Memory: 1653248K Free: 201720K (12%)
----------------- Invoking toplevel() on ptolemy.moml.MoMLSimpleApplication@39c7cdf3
----------------- Done invoking toplevel() on ptolemy.moml.MoMLSimpleApplication@39c7cdf3
reloadAllAccessors: .arrayType21

===========================================================================================
----------------- testing Wed Feb 06 03:25:36 UTC 2019 /home/travis/build/icyphy/ptII/ptolemy/actor/lib/test/auto/arrayType22.xml
----------------- Instantiating /home/travis/build/icyphy/ptII/ptolemy/actor/lib/test/auto/arrayType22.xml
3 ms. Memory: 1653248K Free: 186217K (11%)
----------------- Invoking toplevel() on ptolemy.moml.MoMLSimpleApplication@687080fc
----------------- Done invoking toplevel() on ptolemy.moml.MoMLSimpleApplication@687080fc
reloadAllAccessors: .arrayType22

===========================================================================================
----------------- testing Wed Feb 06 03:25:36 UTC 2019 /home/travis/build/icyphy/ptII/ptolemy/actor/lib/test/auto/arrayType23.xml
----------------- Instantiating /home/travis/build/icyphy/ptII/ptolemy/actor/lib/test/auto/arrayType23.xml
2 ms. Memory: 1653248K Free: 166556K (10%)
----------------- Invoking toplevel() on ptolemy.moml.MoMLSimpleApplication@18cbad49
----------------- Done invoking toplevel() on ptolemy.moml.MoMLSimpleApplication@18cbad49
reloadAllAccessors: .arrayType23

===========================================================================================
----------------- testing Wed Feb 06 03:25:36 UTC 2019 /home/travis/build/icyphy/ptII/ptolemy/actor/lib/test/auto/arrayType24.xml
----------------- Instantiating /home/travis/build/icyphy/ptII/ptolemy/actor/lib/test/auto/arrayType24.xml
2 ms. Memory: 1653248K Free: 146895K (9%)
----------------- Invoking toplevel() on ptolemy.moml.MoMLSimpleApplication@49e62baf
----------------- Done invoking toplevel() on ptolemy.moml.MoMLSimpleApplication@49e62baf
reloadAllAccessors: .arrayType24

===========================================================================================
----------------- testing Wed Feb 06 03:25:36 UTC 2019 /home/travis/build/icyphy/ptII/ptolemy/actor/lib/test/auto/arrayType25.xml
----------------- Instantiating /home/travis/build/icyphy/ptII/ptolemy/actor/lib/test/auto/arrayType25.xml
2 ms. Memory: 1653248K Free: 131391K (8%)
----------------- Invoking toplevel() on ptolemy.moml.MoMLSimpleApplication@4567479b
----------------- Done invoking toplevel() on ptolemy.moml.MoMLSimpleApplication@4567479b
reloadAllAccessors: .arrayType25

===========================================================================================
----------------- testing Wed Feb 06 03:25:36 UTC 2019 /home/travis/build/icyphy/ptII/ptolemy/actor/lib/test/auto/arrayType26.xml
----------------- Instantiating /home/travis/build/icyphy/ptII/ptolemy/actor/lib/test/auto/arrayType26.xml
2 ms. Memory: 1653248K Free: 111730K (7%)
----------------- Invoking toplevel() on ptolemy.moml.MoMLSimpleApplication@dbd44b7
----------------- Done invoking toplevel() on ptolemy.moml.MoMLSimpleApplication@dbd44b7
reloadAllAccessors: .arrayType26

===========================================================================================
----------------- testing Wed Feb 06 03:25:36 UTC 2019 /home/travis/build/icyphy/ptII/ptolemy/actor/lib/test/auto/arrayType27.xml
----------------- Instantiating /home/travis/build/icyphy/ptII/ptolemy/actor/lib/test/auto/arrayType27.xml
2 ms. Memory: 1653248K Free: 96227K (6%)
----------------- Invoking toplevel() on ptolemy.moml.MoMLSimpleApplication@401ff0dc
----------------- Done invoking toplevel() on ptolemy.moml.MoMLSimpleApplication@401ff0dc
reloadAllAccessors: .arrayType27

===========================================================================================
----------------- testing Wed Feb 06 03:25:36 UTC 2019 /home/travis/build/icyphy/ptII/ptolemy/actor/lib/test/auto/arrayType28.xml
----------------- Instantiating /home/travis/build/icyphy/ptII/ptolemy/actor/lib/test/auto/arrayType28.xml
2 ms. Memory: 1653248K Free: 76566K (5%)
----------------- Invoking toplevel() on ptolemy.moml.MoMLSimpleApplication@2730014a
----------------- Done invoking toplevel() on ptolemy.moml.MoMLSimpleApplication@2730014a
reloadAllAccessors: .arrayType28

===========================================================================================
----------------- testing Wed Feb 06 03:25:36 UTC 2019 /home/travis/build/icyphy/ptII/ptolemy/actor/lib/test/auto/arrayType3.xml
----------------- Instantiating /home/travis/build/icyphy/ptII/ptolemy/actor/lib/test/auto/arrayType3.xml
5 ms. Memory: 1653248K Free: 63679K (4%)
----------------- Invoking toplevel() on ptolemy.moml.MoMLSimpleApplication@66561f32
----------------- Done invoking toplevel() on ptolemy.moml.MoMLSimpleApplication@66561f32
reloadAllAccessors: .arrayType3

===========================================================================================
----------------- testing Wed Feb 06 03:25:36 UTC 2019 /home/travis/build/icyphy/ptII/ptolemy/actor/lib/test/auto/arrayType4.xml
----------------- Instantiating /home/travis/build/icyphy/ptII/ptolemy/actor/lib/test/auto/arrayType4.xml
1 ms. Memory: 1669632K Free: 1607854K (96%)
----------------- Invoking toplevel() on ptolemy.moml.MoMLSimpleApplication@4f7ab8a8
----------------- Done invoking toplevel() on ptolemy.moml.MoMLSimpleApplication@4f7ab8a8
reloadAllAccessors: .arrayType4

===========================================================================================
----------------- testing Wed Feb 06 03:25:36 UTC 2019 /home/travis/build/icyphy/ptII/ptolemy/actor/lib/test/auto/arrayType5.xml
----------------- Instantiating /home/travis/build/icyphy/ptII/ptolemy/actor/lib/test/auto/arrayType5.xml
1 ms. Memory: 1669632K Free: 1588192K (95%)
----------------- Invoking toplevel() on ptolemy.moml.MoMLSimpleApplication@3c007d3b
----------------- Done invoking toplevel() on ptolemy.moml.MoMLSimpleApplication@3c007d3b
reloadAllAccessors: .arrayType5

===========================================================================================
----------------- testing Wed Feb 06 03:25:37 UTC 2019 /home/travis/build/icyphy/ptII/ptolemy/actor/lib/test/auto/arrayType6.xml
----------------- Instantiating /home/travis/build/icyphy/ptII/ptolemy/actor/lib/test/auto/arrayType6.xml
1 ms. Memory: 1669632K Free: 1568529K (94%)
----------------- Invoking toplevel() on ptolemy.moml.MoMLSimpleApplication@a8f513f
----------------- Done invoking toplevel() on ptolemy.moml.MoMLSimpleApplication@a8f513f
reloadAllAccessors: .arrayType6

===========================================================================================
----------------- testing Wed Feb 06 03:25:37 UTC 2019 /home/travis/build/icyphy/ptII/ptolemy/actor/lib/test/auto/arrayType7.xml
----------------- Instantiating /home/travis/build/icyphy/ptII/ptolemy/actor/lib/test/auto/arrayType7.xml
1 ms. Memory: 1669632K Free: 1553026K (93%)
----------------- Invoking toplevel() on ptolemy.moml.MoMLSimpleApplication@67cfa975
----------------- Done invoking toplevel() on ptolemy.moml.MoMLSimpleApplication@67cfa975
reloadAllAccessors: .arrayType7

===========================================================================================
----------------- testing Wed Feb 06 03:25:37 UTC 2019 /home/travis/build/icyphy/ptII/ptolemy/actor/lib/test/auto/arrayType8.xml
----------------- Instantiating /home/travis/build/icyphy/ptII/ptolemy/actor/lib/test/auto/arrayType8.xml
3 ms. Memory: 1669632K Free: 1533363K (92%)
----------------- Invoking toplevel() on ptolemy.moml.MoMLSimpleApplication@35fef9b0
----------------- Done invoking toplevel() on ptolemy.moml.MoMLSimpleApplication@35fef9b0
reloadAllAccessors: .arrayType8

===========================================================================================
----------------- testing Wed Feb 06 03:25:37 UTC 2019 /home/travis/build/icyphy/ptII/ptolemy/actor/lib/test/auto/arrayType9.xml
----------------- Instantiating /home/travis/build/icyphy/ptII/ptolemy/actor/lib/test/auto/arrayType9.xml
1 ms. Memory: 1669632K Free: 1513700K (91%)
----------------- Invoking toplevel() on ptolemy.moml.MoMLSimpleApplication@4bff0a9c
----------------- Done invoking toplevel() on ptolemy.moml.MoMLSimpleApplication@4bff0a9c
reloadAllAccessors: .arrayType9

===========================================================================================
----------------- testing Wed Feb 06 03:25:37 UTC 2019 /home/travis/build/icyphy/ptII/ptolemy/actor/lib/test/auto/cast.xml
----------------- Instantiating /home/travis/build/icyphy/ptII/ptolemy/actor/lib/test/auto/cast.xml
2 ms. Memory: 1669632K Free: 1498197K (90%)
----------------- Invoking toplevel() on ptolemy.moml.MoMLSimpleApplication@5fb38bc2
----------------- Done invoking toplevel() on ptolemy.moml.MoMLSimpleApplication@5fb38bc2
reloadAllAccessors: .cast

===========================================================================================
----------------- testing Wed Feb 06 03:25:37 UTC 2019 /home/travis/build/icyphy/ptII/ptolemy/actor/lib/test/auto/compositeMultiPort.xml
----------------- Instantiating /home/travis/build/icyphy/ptII/ptolemy/actor/lib/test/auto/compositeMultiPort.xml
3 ms. Memory: 1669632K Free: 1478534K (89%)
----------------- Invoking toplevel() on ptolemy.moml.MoMLSimpleApplication@313961b4
----------------- Done invoking toplevel() on ptolemy.moml.MoMLSimpleApplication@313961b4
reloadAllAccessors: .compositeMultiPort

===========================================================================================
----------------- testing Wed Feb 06 03:25:37 UTC 2019 /home/travis/build/icyphy/ptII/ptolemy/actor/lib/test/auto/expressionCastInference.xml
----------------- Instantiating /home/travis/build/icyphy/ptII/ptolemy/actor/lib/test/auto/expressionCastInference.xml
3 ms. Memory: 1669632K Free: 1458871K (87%)
----------------- Invoking toplevel() on ptolemy.moml.MoMLSimpleApplication@394e0b99
----------------- Done invoking toplevel() on ptolemy.moml.MoMLSimpleApplication@394e0b99
reloadAllAccessors: .expressionCastInference

===========================================================================================
----------------- testing Wed Feb 06 03:25:37 UTC 2019 /home/travis/build/icyphy/ptII/ptolemy/actor/lib/test/auto/expressionCastInference2.xml
----------------- Instantiating /home/travis/build/icyphy/ptII/ptolemy/actor/lib/test/auto/expressionCastInference2.xml
1 ms. Memory: 1669632K Free: 1443368K (86%)
----------------- Invoking toplevel() on ptolemy.moml.MoMLSimpleApplication@5e6f71a4
----------------- Done invoking toplevel() on ptolemy.moml.MoMLSimpleApplication@5e6f71a4
reloadAllAccessors: .expressionCastInference2

===========================================================================================
----------------- testing Wed Feb 06 03:25:37 UTC 2019 /home/travis/build/icyphy/ptII/ptolemy/actor/lib/test/auto/expressionInference.xml
----------------- Instantiating /home/travis/build/icyphy/ptII/ptolemy/actor/lib/test/auto/expressionInference.xml
1 ms. Memory: 1669632K Free: 1423705K (85%)
----------------- Invoking toplevel() on ptolemy.moml.MoMLSimpleApplication@698412d8
----------------- Done invoking toplevel() on ptolemy.moml.MoMLSimpleApplication@698412d8
reloadAllAccessors: .expressionInference

===========================================================================================
----------------- testing Wed Feb 06 03:25:37 UTC 2019 /home/travis/build/icyphy/ptII/ptolemy/actor/lib/test/auto/expression_bug.xml
----------------- Instantiating /home/travis/build/icyphy/ptII/ptolemy/actor/lib/test/auto/expression_bug.xml
2 ms. Memory: 1669632K Free: 1404043K (84%)
----------------- Invoking toplevel() on ptolemy.moml.MoMLSimpleApplication@15df6617
----------------- Done invoking toplevel() on ptolemy.moml.MoMLSimpleApplication@15df6617
reloadAllAccessors: .expression_bug

===========================================================================================
----------------- testing Wed Feb 06 03:25:37 UTC 2019 /home/travis/build/icyphy/ptII/ptolemy/actor/lib/test/auto/factorial.xml
----------------- Instantiating /home/travis/build/icyphy/ptII/ptolemy/actor/lib/test/auto/factorial.xml
67 ms. Memory: 1669632K Free: 1388539K (83%)
----------------- Invoking toplevel() on ptolemy.moml.MoMLSimpleApplication@1a67d8b2
----------------- Done invoking toplevel() on ptolemy.moml.MoMLSimpleApplication@1a67d8b2
reloadAllAccessors: .factorial

===========================================================================================
----------------- testing Wed Feb 06 03:25:37 UTC 2019 /home/travis/build/icyphy/ptII/ptolemy/actor/lib/test/auto/filterTest1.xml
----------------- Instantiating /home/travis/build/icyphy/ptII/ptolemy/actor/lib/test/auto/filterTest1.xml
6 ms. Memory: 1669632K Free: 1368877K (82%)
----------------- Invoking toplevel() on ptolemy.moml.MoMLSimpleApplication@3d093fb
----------------- Done invoking toplevel() on ptolemy.moml.MoMLSimpleApplication@3d093fb
reloadAllAccessors: .filterTest1

===========================================================================================
----------------- testing Wed Feb 06 03:25:37 UTC 2019 /home/travis/build/icyphy/ptII/ptolemy/actor/lib/test/auto/funcApplyInConst.xml
----------------- Instantiating /home/travis/build/icyphy/ptII/ptolemy/actor/lib/test/auto/funcApplyInConst.xml
5 ms. Memory: 1669632K Free: 1349214K (81%)
----------------- Invoking toplevel() on ptolemy.moml.MoMLSimpleApplication@5e563aac
----------------- Done invoking toplevel() on ptolemy.moml.MoMLSimpleApplication@5e563aac
reloadAllAccessors: .funcApplyInConst

===========================================================================================
----------------- testing Wed Feb 06 03:25:37 UTC 2019 /home/travis/build/icyphy/ptII/ptolemy/actor/lib/test/auto/funcApplyInExpr.xml
----------------- Instantiating /home/travis/build/icyphy/ptII/ptolemy/actor/lib/test/auto/funcApplyInExpr.xml
6 ms. Memory: 1669632K Free: 1333711K (80%)
----------------- Invoking toplevel() on ptolemy.moml.MoMLSimpleApplication@436248d2
----------------- Done invoking toplevel() on ptolemy.moml.MoMLSimpleApplication@436248d2
reloadAllAccessors: .funcApplyInExpr

===========================================================================================
----------------- testing Wed Feb 06 03:25:37 UTC 2019 /home/travis/build/icyphy/ptII/ptolemy/actor/lib/test/auto/function.xml
----------------- Instantiating /home/travis/build/icyphy/ptII/ptolemy/actor/lib/test/auto/function.xml
6 ms. Memory: 1669632K Free: 1314048K (79%)
----------------- Invoking toplevel() on ptolemy.moml.MoMLSimpleApplication@26f3f23b
----------------- Done invoking toplevel() on ptolemy.moml.MoMLSimpleApplication@26f3f23b
reloadAllAccessors: .function

===========================================================================================
----------------- testing Wed Feb 06 03:25:37 UTC 2019 /home/travis/build/icyphy/ptII/ptolemy/actor/lib/test/auto/function2.xml
----------------- Instantiating /home/travis/build/icyphy/ptII/ptolemy/actor/lib/test/auto/function2.xml
2 ms. Memory: 1669632K Free: 1298529K (78%)
----------------- Invoking toplevel() on ptolemy.moml.MoMLSimpleApplication@6550a869
----------------- Done invoking toplevel() on ptolemy.moml.MoMLSimpleApplication@6550a869
reloadAllAccessors: .function2

===========================================================================================
----------------- testing Wed Feb 06 03:25:37 UTC 2019 /home/travis/build/icyphy/ptII/ptolemy/actor/lib/test/auto/function3.xml
----------------- Instantiating /home/travis/build/icyphy/ptII/ptolemy/actor/lib/test/auto/function3.xml
1 ms. Memory: 1669632K Free: 1278866K (77%)
----------------- Invoking toplevel() on ptolemy.moml.MoMLSimpleApplication@3e45bff9
----------------- Done invoking toplevel() on ptolemy.moml.MoMLSimpleApplication@3e45bff9
reloadAllAccessors: .function3

===========================================================================================
----------------- testing Wed Feb 06 03:25:37 UTC 2019 /home/travis/build/icyphy/ptII/ptolemy/actor/lib/test/auto/functionClosureTest1.xml
----------------- Instantiating /home/travis/build/icyphy/ptII/ptolemy/actor/lib/test/auto/functionClosureTest1.xml
5 ms. Memory: 1669632K Free: 1259204K (75%)
----------------- Invoking toplevel() on ptolemy.moml.MoMLSimpleApplication@213de84
----------------- Done invoking toplevel() on ptolemy.moml.MoMLSimpleApplication@213de84
reloadAllAccessors: .functionClosureTest1

===========================================================================================
----------------- testing Wed Feb 06 03:25:37 UTC 2019 /home/travis/build/icyphy/ptII/ptolemy/actor/lib/test/auto/functionClosureTest2.xml
----------------- Instantiating /home/travis/build/icyphy/ptII/ptolemy/actor/lib/test/auto/functionClosureTest2.xml
1 ms. Memory: 1669632K Free: 1243700K (74%)
----------------- Invoking toplevel() on ptolemy.moml.MoMLSimpleApplication@2027455e
----------------- Done invoking toplevel() on ptolemy.moml.MoMLSimpleApplication@2027455e
reloadAllAccessors: .functionClosureTest2

===========================================================================================
----------------- testing Wed Feb 06 03:25:37 UTC 2019 /home/travis/build/icyphy/ptII/ptolemy/actor/lib/test/auto/functionClosureTest3.xml
----------------- Instantiating /home/travis/build/icyphy/ptII/ptolemy/actor/lib/test/auto/functionClosureTest3.xml
4 ms. Memory: 1669632K Free: 1224038K (73%)
----------------- Invoking toplevel() on ptolemy.moml.MoMLSimpleApplication@32c4cb1f
----------------- Done invoking toplevel() on ptolemy.moml.MoMLSimpleApplication@32c4cb1f
reloadAllAccessors: .functionClosureTest3

===========================================================================================
----------------- testing Wed Feb 06 03:25:37 UTC 2019 /home/travis/build/icyphy/ptII/ptolemy/actor/lib/test/auto/functionClosureTest4.xml
----------------- Instantiating /home/travis/build/icyphy/ptII/ptolemy/actor/lib/test/auto/functionClosureTest4.xml
4 ms. Memory: 1669632K Free: 1204375K (72%)
----------------- Invoking toplevel() on ptolemy.moml.MoMLSimpleApplication@14687775
----------------- Done invoking toplevel() on ptolemy.moml.MoMLSimpleApplication@14687775
reloadAllAccessors: .functionClosureTest4

===========================================================================================
----------------- testing Wed Feb 06 03:25:37 UTC 2019 /home/travis/build/icyphy/ptII/ptolemy/actor/lib/test/auto/functionClosureTest5.xml
----------------- Instantiating /home/travis/build/icyphy/ptII/ptolemy/actor/lib/test/auto/functionClosureTest5.xml
3 ms. Memory: 1669632K Free: 1188872K (71%)
----------------- Invoking toplevel() on ptolemy.moml.MoMLSimpleApplication@2a730cdf
----------------- Done invoking toplevel() on ptolemy.moml.MoMLSimpleApplication@2a730cdf
reloadAllAccessors: .functionClosureTest5

===========================================================================================
----------------- testing Wed Feb 06 03:25:37 UTC 2019 /home/travis/build/icyphy/ptII/ptolemy/actor/lib/test/auto/functionClosureTest6.xml
----------------- Instantiating /home/travis/build/icyphy/ptII/ptolemy/actor/lib/test/auto/functionClosureTest6.xml
2 ms. Memory: 1669632K Free: 1169209K (70%)
----------------- Invoking toplevel() on ptolemy.moml.MoMLSimpleApplication@3ec239c1
----------------- Done invoking toplevel() on ptolemy.moml.MoMLSimpleApplication@3ec239c1
reloadAllAccessors: .functionClosureTest6

===========================================================================================
----------------- testing Wed Feb 06 03:25:37 UTC 2019 /home/travis/build/icyphy/ptII/ptolemy/actor/lib/test/auto/functionsOnArcs.xml
----------------- Instantiating /home/travis/build/icyphy/ptII/ptolemy/actor/lib/test/auto/functionsOnArcs.xml
2 ms. Memory: 1669632K Free: 1149546K (69%)
----------------- Invoking toplevel() on ptolemy.moml.MoMLSimpleApplication@32d43bd5
----------------- Done invoking toplevel() on ptolemy.moml.MoMLSimpleApplication@32d43bd5
reloadAllAccessors: .functionsOnArcs

===========================================================================================
----------------- testing Wed Feb 06 03:25:37 UTC 2019 /home/travis/build/icyphy/ptII/ptolemy/actor/lib/test/auto/functionsOnArcsHOF.xml
----------------- Instantiating /home/travis/build/icyphy/ptII/ptolemy/actor/lib/test/auto/functionsOnArcsHOF.xml
2 ms. Memory: 1669632K Free: 1134043K (68%)
----------------- Invoking toplevel() on ptolemy.moml.MoMLSimpleApplication@58b6c9e1
----------------- Done invoking toplevel() on ptolemy.moml.MoMLSimpleApplication@58b6c9e1
reloadAllAccessors: .functionsOnArcsHOF

===========================================================================================
----------------- testing Wed Feb 06 03:25:37 UTC 2019 /home/travis/build/icyphy/ptII/ptolemy/actor/lib/test/auto/logic.xml
----------------- Instantiating /home/travis/build/icyphy/ptII/ptolemy/actor/lib/test/auto/logic.xml
1 ms. Memory: 1669632K Free: 1114380K (67%)
----------------- Invoking toplevel() on ptolemy.moml.MoMLSimpleApplication@328ea70a
----------------- Done invoking toplevel() on ptolemy.moml.MoMLSimpleApplication@328ea70a
reloadAllAccessors: .logic

===========================================================================================
----------------- testing Wed Feb 06 03:25:37 UTC 2019 /home/travis/build/icyphy/ptII/ptolemy/actor/lib/test/auto/matrixType.xml
----------------- Instantiating /home/travis/build/icyphy/ptII/ptolemy/actor/lib/test/auto/matrixType.xml
1 ms. Memory: 1669632K Free: 1094718K (66%)
----------------- Invoking toplevel() on ptolemy.moml.MoMLSimpleApplication@42e85128
----------------- Done invoking toplevel() on ptolemy.moml.MoMLSimpleApplication@42e85128
reloadAllAccessors: .matrixType

===========================================================================================
----------------- testing Wed Feb 06 03:25:37 UTC 2019 /home/travis/build/icyphy/ptII/ptolemy/actor/lib/test/auto/matrixType10.xml
----------------- Instantiating /home/travis/build/icyphy/ptII/ptolemy/actor/lib/test/auto/matrixType10.xml
1 ms. Memory: 1669632K Free: 1079215K (65%)
----------------- Invoking toplevel() on ptolemy.moml.MoMLSimpleApplication@74d07f08
----------------- Done invoking toplevel() on ptolemy.moml.MoMLSimpleApplication@74d07f08
reloadAllAccessors: .matrixType10

===========================================================================================
----------------- testing Wed Feb 06 03:25:37 UTC 2019 /home/travis/build/icyphy/ptII/ptolemy/actor/lib/test/auto/matrixType11.xml
----------------- Instantiating /home/travis/build/icyphy/ptII/ptolemy/actor/lib/test/auto/matrixType11.xml
2 ms. Memory: 1669632K Free: 1059552K (63%)
----------------- Invoking toplevel() on ptolemy.moml.MoMLSimpleApplication@5fe8f174
----------------- Done invoking toplevel() on ptolemy.moml.MoMLSimpleApplication@5fe8f174
reloadAllAccessors: .matrixType11

===========================================================================================
----------------- testing Wed Feb 06 03:25:37 UTC 2019 /home/travis/build/icyphy/ptII/ptolemy/actor/lib/test/auto/matrixType12.xml
----------------- Instantiating /home/travis/build/icyphy/ptII/ptolemy/actor/lib/test/auto/matrixType12.xml
1 ms. Memory: 1669632K Free: 1039890K (62%)
----------------- Invoking toplevel() on ptolemy.moml.MoMLSimpleApplication@224a8605
----------------- Done invoking toplevel() on ptolemy.moml.MoMLSimpleApplication@224a8605
reloadAllAccessors: .matrixType12

===========================================================================================
----------------- testing Wed Feb 06 03:25:37 UTC 2019 /home/travis/build/icyphy/ptII/ptolemy/actor/lib/test/auto/matrixType13.xml
----------------- Instantiating /home/travis/build/icyphy/ptII/ptolemy/actor/lib/test/auto/matrixType13.xml
1 ms. Memory: 1669632K Free: 1024386K (61%)
----------------- Invoking toplevel() on ptolemy.moml.MoMLSimpleApplication@7d1fa5d7
----------------- Done invoking toplevel() on ptolemy.moml.MoMLSimpleApplication@7d1fa5d7
reloadAllAccessors: .matrixType13

===========================================================================================
----------------- testing Wed Feb 06 03:25:37 UTC 2019 /home/travis/build/icyphy/ptII/ptolemy/actor/lib/test/auto/matrixType14.xml
----------------- Instantiating /home/travis/build/icyphy/ptII/ptolemy/actor/lib/test/auto/matrixType14.xml
2 ms. Memory: 1669632K Free: 1004724K (60%)
----------------- Invoking toplevel() on ptolemy.moml.MoMLSimpleApplication@231849c1
----------------- Done invoking toplevel() on ptolemy.moml.MoMLSimpleApplication@231849c1
reloadAllAccessors: .matrixType14

===========================================================================================
----------------- testing Wed Feb 06 03:25:37 UTC 2019 /home/travis/build/icyphy/ptII/ptolemy/actor/lib/test/auto/matrixType2.xml
----------------- Instantiating /home/travis/build/icyphy/ptII/ptolemy/actor/lib/test/auto/matrixType2.xml
1 ms. Memory: 1669632K Free: 985061K (59%)
----------------- Invoking toplevel() on ptolemy.moml.MoMLSimpleApplication@7ddd5c32
----------------- Done invoking toplevel() on ptolemy.moml.MoMLSimpleApplication@7ddd5c32
reloadAllAccessors: .matrixType2

===========================================================================================
----------------- testing Wed Feb 06 03:25:37 UTC 2019 /home/travis/build/icyphy/ptII/ptolemy/actor/lib/test/auto/matrixType3.xml
----------------- Instantiating /home/travis/build/icyphy/ptII/ptolemy/actor/lib/test/auto/matrixType3.xml
1 ms. Memory: 1669632K Free: 969558K (58%)
----------------- Invoking toplevel() on ptolemy.moml.MoMLSimpleApplication@70f72cf6
----------------- Done invoking toplevel() on ptolemy.moml.MoMLSimpleApplication@70f72cf6
reloadAllAccessors: .matrixType3

===========================================================================================
----------------- testing Wed Feb 06 03:25:37 UTC 2019 /home/travis/build/icyphy/ptII/ptolemy/actor/lib/test/auto/matrixType4.xml
----------------- Instantiating /home/travis/build/icyphy/ptII/ptolemy/actor/lib/test/auto/matrixType4.xml
2 ms. Memory: 1669632K Free: 949895K (57%)
----------------- Invoking toplevel() on ptolemy.moml.MoMLSimpleApplication@743ae91d
----------------- Done invoking toplevel() on ptolemy.moml.MoMLSimpleApplication@743ae91d
reloadAllAccessors: .matrixType4

===========================================================================================
----------------- testing Wed Feb 06 03:25:37 UTC 2019 /home/travis/build/icyphy/ptII/ptolemy/actor/lib/test/auto/matrixType5.xml
----------------- Instantiating /home/travis/build/icyphy/ptII/ptolemy/actor/lib/test/auto/matrixType5.xml
1 ms. Memory: 1669632K Free: 930233K (56%)
----------------- Invoking toplevel() on ptolemy.moml.MoMLSimpleApplication@fd930d8
----------------- Done invoking toplevel() on ptolemy.moml.MoMLSimpleApplication@fd930d8
reloadAllAccessors: .matrixType5

===========================================================================================
----------------- testing Wed Feb 06 03:25:37 UTC 2019 /home/travis/build/icyphy/ptII/ptolemy/actor/lib/test/auto/matrixType6.xml
----------------- Instantiating /home/travis/build/icyphy/ptII/ptolemy/actor/lib/test/auto/matrixType6.xml
1 ms. Memory: 1669632K Free: 914729K (55%)
----------------- Invoking toplevel() on ptolemy.moml.MoMLSimpleApplication@4b2f4e4c
----------------- Done invoking toplevel() on ptolemy.moml.MoMLSimpleApplication@4b2f4e4c
reloadAllAccessors: .matrixType6

===========================================================================================
----------------- testing Wed Feb 06 03:25:37 UTC 2019 /home/travis/build/icyphy/ptII/ptolemy/actor/lib/test/auto/matrixType7.xml
----------------- Instantiating /home/travis/build/icyphy/ptII/ptolemy/actor/lib/test/auto/matrixType7.xml
1 ms. Memory: 1669632K Free: 895066K (54%)
----------------- Invoking toplevel() on ptolemy.moml.MoMLSimpleApplication@55466319
----------------- Done invoking toplevel() on ptolemy.moml.MoMLSimpleApplication@55466319
reloadAllAccessors: .matrixType7

===========================================================================================
----------------- testing Wed Feb 06 03:25:37 UTC 2019 /home/travis/build/icyphy/ptII/ptolemy/actor/lib/test/auto/matrixType8.xml
----------------- Instantiating /home/travis/build/icyphy/ptII/ptolemy/actor/lib/test/auto/matrixType8.xml
1 ms. Memory: 1669632K Free: 879563K (53%)
----------------- Invoking toplevel() on ptolemy.moml.MoMLSimpleApplication@14bdb4b3
----------------- Done invoking toplevel() on ptolemy.moml.MoMLSimpleApplication@14bdb4b3
reloadAllAccessors: .matrixType8

===========================================================================================
----------------- testing Wed Feb 06 03:25:37 UTC 2019 /home/travis/build/icyphy/ptII/ptolemy/actor/lib/test/auto/matrixType9.xml
----------------- Instantiating /home/travis/build/icyphy/ptII/ptolemy/actor/lib/test/auto/matrixType9.xml
1 ms. Memory: 1669632K Free: 859901K (52%)
----------------- Invoking toplevel() on ptolemy.moml.MoMLSimpleApplication@5bef27
----------------- Done invoking toplevel() on ptolemy.moml.MoMLSimpleApplication@5bef27
reloadAllAccessors: .matrixType9

===========================================================================================
----------------- testing Wed Feb 06 03:25:37 UTC 2019 /home/travis/build/icyphy/ptII/ptolemy/actor/lib/test/auto/paraFunctest.xml
----------------- Instantiating /home/travis/build/icyphy/ptII/ptolemy/actor/lib/test/auto/paraFunctest.xml
2 ms. Memory: 1669632K Free: 840238K (50%)
----------------- Invoking toplevel() on ptolemy.moml.MoMLSimpleApplication@604cc640
----------------- Done invoking toplevel() on ptolemy.moml.MoMLSimpleApplication@604cc640
reloadAllAccessors: .paraFunctest

===========================================================================================
----------------- testing Wed Feb 06 03:25:37 UTC 2019 /home/travis/build/icyphy/ptII/ptolemy/actor/lib/test/auto/paraFunctest2.xml
----------------- Instantiating /home/travis/build/icyphy/ptII/ptolemy/actor/lib/test/auto/paraFunctest2.xml
1 ms. Memory: 1669632K Free: 824735K (49%)
----------------- Invoking toplevel() on ptolemy.moml.MoMLSimpleApplication@4d84ccce
----------------- Done invoking toplevel() on ptolemy.moml.MoMLSimpleApplication@4d84ccce
reloadAllAccessors: .paraFunctest2

===========================================================================================
----------------- testing Wed Feb 06 03:25:37 UTC 2019 /home/travis/build/icyphy/ptII/ptolemy/actor/lib/test/auto/parameterPassing.xml
----------------- Instantiating /home/travis/build/icyphy/ptII/ptolemy/actor/lib/test/auto/parameterPassing.xml
1 ms. Memory: 1669632K Free: 805072K (48%)
----------------- Invoking toplevel() on ptolemy.moml.MoMLSimpleApplication@4fb873e
----------------- Done invoking toplevel() on ptolemy.moml.MoMLSimpleApplication@4fb873e
reloadAllAccessors: .parameterPassing

===========================================================================================
----------------- testing Wed Feb 06 03:25:37 UTC 2019 /home/travis/build/icyphy/ptII/ptolemy/actor/lib/test/auto/record.xml
----------------- Instantiating /home/travis/build/icyphy/ptII/ptolemy/actor/lib/test/auto/record.xml
2 ms. Memory: 1669632K Free: 785409K (47%)
----------------- Invoking toplevel() on ptolemy.moml.MoMLSimpleApplication@41deeb0a
----------------- Done invoking toplevel() on ptolemy.moml.MoMLSimpleApplication@41deeb0a
reloadAllAccessors: .record

===========================================================================================
----------------- testing Wed Feb 06 03:25:37 UTC 2019 /home/travis/build/icyphy/ptII/ptolemy/actor/lib/test/auto/sizedarray1.xml
----------------- Instantiating /home/travis/build/icyphy/ptII/ptolemy/actor/lib/test/auto/sizedarray1.xml
1 ms. Memory: 1669632K Free: 769906K (46%)
----------------- Invoking toplevel() on ptolemy.moml.MoMLSimpleApplication@59e120a3
----------------- Done invoking toplevel() on ptolemy.moml.MoMLSimpleApplication@59e120a3
reloadAllAccessors: .sizedarray1

===========================================================================================
----------------- testing Wed Feb 06 03:25:37 UTC 2019 /home/travis/build/icyphy/ptII/ptolemy/actor/lib/test/auto/sizedarray2.xml
----------------- Instantiating /home/travis/build/icyphy/ptII/ptolemy/actor/lib/test/auto/sizedarray2.xml
2 ms. Memory: 1669632K Free: 750243K (45%)
----------------- Invoking toplevel() on ptolemy.moml.MoMLSimpleApplication@f346534
----------------- Done invoking toplevel() on ptolemy.moml.MoMLSimpleApplication@f346534
reloadAllAccessors: .sizedarray2

===========================================================================================
----------------- testing Wed Feb 06 03:25:37 UTC 2019 /home/travis/build/icyphy/ptII/ptolemy/actor/lib/test/auto/twoPublishers.xml
----------------- Instantiating /home/travis/build/icyphy/ptII/ptolemy/actor/lib/test/auto/twoPublishers.xml
5 ms. Memory: 1669632K Free: 722813K (43%)
----------------- Invoking toplevel() on ptolemy.moml.MoMLSimpleApplication@57cc59b1
----------------- Done invoking toplevel() on ptolemy.moml.MoMLSimpleApplication@57cc59b1
reloadAllAccessors: .twoPublishers
AutoTests.java: About to close Vertx.
AutoTests.java: Vertx closed.
]]></system-out>
  <system-err><![CDATA[java.lang.RuntimeException: Execution failed
	at ptolemy.moml.MoMLSimpleApplication$UnloadThread.run(MoMLSimpleApplication.java:402)
Caused by: java.lang.RuntimeException: StringUtilities.exit() was called. Normally, we would exit here because Manager.exitAfterWrapup() was called.  However, because the ptolemy.ptII.exitAfterWrapup property is set, we throw this exception instead.
	at ptolemy.util.StringUtilities.exit(StringUtilities.java:363)
	at ptolemy.actor.Manager.wrapup(Manager.java:1531)
	at ptolemy.actor.Manager.execute(Manager.java:407)
	at ptolemy.actor.Manager.run(Manager.java:1263)
	at ptolemy.actor.Manager$PtolemyRunThread.run(Manager.java:1915)
Warning: '.top.test' is in training mode, set the trainingMode parameter to false before checking in
Warning: '.top.test' is in training mode, set the trainingMode parameter to false before checking in
Warning: '.top.test' is in training mode, set the trainingMode parameter to false before checking in
Warning: '.BooleanSwitch_RegressionTest_WrongTrainingValues.Test' is in training mode, set the trainingMode parameter to false before checking in
Warning: '.BooleanSwitch_RegressionTest_WrongTrainingValues.Test2' is in training mode, set the trainingMode parameter to false before checking in
Warning: '.BooleanSwitch_RegressionTest_WrongTrainingValues.Test2' The test produced 0 tokens.
Warning: '.top.testExceptionHandler' is in training mode, set the trainingMode parameter to false before checking in
java.lang.RuntimeException: Execution failed
	at ptolemy.moml.MoMLSimpleApplication$UnloadThread.run(MoMLSimpleApplication.java:402)
Caused by: ptolemy.kernel.util.IllegalActionException: PublisherPorts cannot be used at the top level, use a Publisher actor instead.
  in .PublisherPortToplevelSubscriber.PublisherPort
	at ptolemy.actor.PublisherPort.preinitialize(PublisherPort.java:403)
	at ptolemy.actor.CompositeActor.preinitialize(CompositeActor.java:1769)
	at ptolemy.actor.Manager.preinitializeAndResolveTypes(Manager.java:1040)
	at ptolemy.actor.Manager.initialize(Manager.java:710)
	at ptolemy.actor.Manager.execute(Manager.java:356)
	at ptolemy.actor.Manager.run(Manager.java:1263)
	at ptolemy.actor.Manager$PtolemyRunThread.run(Manager.java:1915)
java.lang.reflect.InvocationTargetException
	at sun.reflect.NativeConstructorAccessorImpl.newInstance0(Native Method)
	at sun.reflect.NativeConstructorAccessorImpl.newInstance(NativeConstructorAccessorImpl.java:62)
	at sun.reflect.DelegatingConstructorAccessorImpl.newInstance(DelegatingConstructorAccessorImpl.java:45)
	at java.lang.reflect.Constructor.newInstance(Constructor.java:423)
	at ptolemy.util.test.junit.AutoKnownFailedTests.RunModel(AutoKnownFailedTests.java:105)
	at sun.reflect.NativeMethodAccessorImpl.invoke0(Native Method)
	at sun.reflect.NativeMethodAccessorImpl.invoke(NativeMethodAccessorImpl.java:62)
	at sun.reflect.DelegatingMethodAccessorImpl.invoke(DelegatingMethodAccessorImpl.java:43)
	at java.lang.reflect.Method.invoke(Method.java:498)
	at org.junit.runners.model.FrameworkMethod$1.runReflectiveCall(FrameworkMethod.java:44)
	at org.junit.internal.runners.model.ReflectiveCallable.run(ReflectiveCallable.java:15)
	at org.junit.runners.model.FrameworkMethod.invokeExplosively(FrameworkMethod.java:41)
	at junitparams.internal.InvokeParameterisedMethod.evaluate(InvokeParameterisedMethod.java:102)
	at org.junit.internal.runners.statements.FailOnTimeout$1.run(FailOnTimeout.java:28)
Caused by: ptolemy.kernel.util.IllegalActionException: PublisherPorts cannot be used at the top level, use a Publisher actor instead.
  in .PublisherPortToplevelSubscriber.PublisherPort
	at ptolemy.actor.PublisherPort.preinitialize(PublisherPort.java:403)
	at ptolemy.actor.CompositeActor.preinitialize(CompositeActor.java:1769)
	at ptolemy.actor.Manager.preinitializeAndResolveTypes(Manager.java:1040)
	at ptolemy.actor.Manager.initialize(Manager.java:710)
	at ptolemy.actor.Manager.execute(Manager.java:356)
	at ptolemy.actor.Manager.run(Manager.java:1263)
	at ptolemy.actor.Manager$PtolemyRunThread.run(Manager.java:1915)
java.lang.RuntimeException: Execution failed
	at ptolemy.moml.MoMLSimpleApplication$UnloadThread.run(MoMLSimpleApplication.java:402)
Caused by: ptolemy.kernel.util.IllegalActionException: SubscriberPorts cannot be used at the top level, use a Subscriber actor instead.
  in .PublisherSubscriberPortToplevel.SubscriberPort
	at ptolemy.actor.SubscriberPort.preinitialize(SubscriberPort.java:328)
	at ptolemy.actor.CompositeActor.preinitialize(CompositeActor.java:1769)
	at ptolemy.actor.Manager.preinitializeAndResolveTypes(Manager.java:1040)
	at ptolemy.actor.Manager.initialize(Manager.java:710)
	at ptolemy.actor.Manager.execute(Manager.java:356)
	at ptolemy.actor.Manager.run(Manager.java:1263)
	at ptolemy.actor.Manager$PtolemyRunThread.run(Manager.java:1915)
java.lang.reflect.InvocationTargetException
	at sun.reflect.NativeConstructorAccessorImpl.newInstance0(Native Method)
	at sun.reflect.NativeConstructorAccessorImpl.newInstance(NativeConstructorAccessorImpl.java:62)
	at sun.reflect.DelegatingConstructorAccessorImpl.newInstance(DelegatingConstructorAccessorImpl.java:45)
	at java.lang.reflect.Constructor.newInstance(Constructor.java:423)
	at ptolemy.util.test.junit.AutoKnownFailedTests.RunModel(AutoKnownFailedTests.java:105)
	at sun.reflect.NativeMethodAccessorImpl.invoke0(Native Method)
	at sun.reflect.NativeMethodAccessorImpl.invoke(NativeMethodAccessorImpl.java:62)
	at sun.reflect.DelegatingMethodAccessorImpl.invoke(DelegatingMethodAccessorImpl.java:43)
	at java.lang.reflect.Method.invoke(Method.java:498)
	at org.junit.runners.model.FrameworkMethod$1.runReflectiveCall(FrameworkMethod.java:44)
	at org.junit.internal.runners.model.ReflectiveCallable.run(ReflectiveCallable.java:15)
	at org.junit.runners.model.FrameworkMethod.invokeExplosively(FrameworkMethod.java:41)
	at junitparams.internal.InvokeParameterisedMethod.evaluate(InvokeParameterisedMethod.java:102)
	at org.junit.internal.runners.statements.FailOnTimeout$1.run(FailOnTimeout.java:28)
Caused by: ptolemy.kernel.util.IllegalActionException: SubscriberPorts cannot be used at the top level, use a Subscriber actor instead.
  in .PublisherSubscriberPortToplevel.SubscriberPort
	at ptolemy.actor.SubscriberPort.preinitialize(SubscriberPort.java:328)
	at ptolemy.actor.CompositeActor.preinitialize(CompositeActor.java:1769)
	at ptolemy.actor.Manager.preinitializeAndResolveTypes(Manager.java:1040)
	at ptolemy.actor.Manager.initialize(Manager.java:710)
	at ptolemy.actor.Manager.execute(Manager.java:356)
	at ptolemy.actor.Manager.run(Manager.java:1263)
	at ptolemy.actor.Manager$PtolemyRunThread.run(Manager.java:1915)
java.lang.RuntimeException: Execution failed
	at ptolemy.moml.MoMLSimpleApplication$UnloadThread.run(MoMLSimpleApplication.java:402)
Caused by: ptolemy.kernel.util.IllegalActionException: SubscriptionAggregatorPorts cannot be used at the top level, use a SubscriptionAggregator actor instead.
  in .PublisherSubscriptionAggregatorPort.SubscriptionAggregatorPort
	at ptolemy.actor.SubscriptionAggregatorPort.preinitialize(SubscriptionAggregatorPort.java:353)
	at ptolemy.actor.CompositeActor.preinitialize(CompositeActor.java:1769)
	at ptolemy.actor.Manager.preinitializeAndResolveTypes(Manager.java:1040)
	at ptolemy.actor.Manager.initialize(Manager.java:710)
	at ptolemy.actor.Manager.execute(Manager.java:356)
	at ptolemy.actor.Manager.run(Manager.java:1263)
	at ptolemy.actor.Manager$PtolemyRunThread.run(Manager.java:1915)
java.lang.reflect.InvocationTargetException
	at sun.reflect.NativeConstructorAccessorImpl.newInstance0(Native Method)
	at sun.reflect.NativeConstructorAccessorImpl.newInstance(NativeConstructorAccessorImpl.java:62)
	at sun.reflect.DelegatingConstructorAccessorImpl.newInstance(DelegatingConstructorAccessorImpl.java:45)
	at java.lang.reflect.Constructor.newInstance(Constructor.java:423)
	at ptolemy.util.test.junit.AutoKnownFailedTests.RunModel(AutoKnownFailedTests.java:105)
	at sun.reflect.NativeMethodAccessorImpl.invoke0(Native Method)
	at sun.reflect.NativeMethodAccessorImpl.invoke(NativeMethodAccessorImpl.java:62)
	at sun.reflect.DelegatingMethodAccessorImpl.invoke(DelegatingMethodAccessorImpl.java:43)
	at java.lang.reflect.Method.invoke(Method.java:498)
	at org.junit.runners.model.FrameworkMethod$1.runReflectiveCall(FrameworkMethod.java:44)
	at org.junit.internal.runners.model.ReflectiveCallable.run(ReflectiveCallable.java:15)
	at org.junit.runners.model.FrameworkMethod.invokeExplosively(FrameworkMethod.java:41)
	at junitparams.internal.InvokeParameterisedMethod.evaluate(InvokeParameterisedMethod.java:102)
	at org.junit.internal.runners.statements.FailOnTimeout$1.run(FailOnTimeout.java:28)
Caused by: ptolemy.kernel.util.IllegalActionException: SubscriptionAggregatorPorts cannot be used at the top level, use a SubscriptionAggregator actor instead.
  in .PublisherSubscriptionAggregatorPort.SubscriptionAggregatorPort
	at ptolemy.actor.SubscriptionAggregatorPort.preinitialize(SubscriptionAggregatorPort.java:353)
	at ptolemy.actor.CompositeActor.preinitialize(CompositeActor.java:1769)
	at ptolemy.actor.Manager.preinitializeAndResolveTypes(Manager.java:1040)
	at ptolemy.actor.Manager.initialize(Manager.java:710)
	at ptolemy.actor.Manager.execute(Manager.java:356)
	at ptolemy.actor.Manager.run(Manager.java:1263)
	at ptolemy.actor.Manager$PtolemyRunThread.run(Manager.java:1915)
java.lang.RuntimeException: Execution failed
	at ptolemy.moml.MoMLSimpleApplication$UnloadThread.run(MoMLSimpleApplication.java:402)
Caused by: ptolemy.kernel.util.IllegalActionException: TypeTest actor has no training data.
  in .sizedarray3.TypeTest
	at ptolemy.actor.lib.TypeTest.initialize(TypeTest.java:250)
	at ptolemy.actor.Director.initialize(Director.java:938)
	at ptolemy.actor.Director.initialize(Director.java:907)
	at ptolemy.actor.sched.StaticSchedulingDirector.initialize(StaticSchedulingDirector.java:159)
	at ptolemy.domains.sdf.kernel.SDFDirector.initialize(SDFDirector.java:544)
	at ptolemy.actor.CompositeActor.initialize(CompositeActor.java:935)
	at ptolemy.actor.Manager.initialize(Manager.java:724)
	at ptolemy.actor.Manager.execute(Manager.java:356)
	at ptolemy.actor.Manager.run(Manager.java:1263)
	at ptolemy.actor.Manager$PtolemyRunThread.run(Manager.java:1915)
java.lang.reflect.InvocationTargetException
	at sun.reflect.NativeConstructorAccessorImpl.newInstance0(Native Method)
	at sun.reflect.NativeConstructorAccessorImpl.newInstance(NativeConstructorAccessorImpl.java:62)
	at sun.reflect.DelegatingConstructorAccessorImpl.newInstance(DelegatingConstructorAccessorImpl.java:45)
	at java.lang.reflect.Constructor.newInstance(Constructor.java:423)
	at ptolemy.util.test.junit.AutoKnownFailedTests.RunModel(AutoKnownFailedTests.java:105)
	at sun.reflect.NativeMethodAccessorImpl.invoke0(Native Method)
	at sun.reflect.NativeMethodAccessorImpl.invoke(NativeMethodAccessorImpl.java:62)
	at sun.reflect.DelegatingMethodAccessorImpl.invoke(DelegatingMethodAccessorImpl.java:43)
	at java.lang.reflect.Method.invoke(Method.java:498)
	at org.junit.runners.model.FrameworkMethod$1.runReflectiveCall(FrameworkMethod.java:44)
	at org.junit.internal.runners.model.ReflectiveCallable.run(ReflectiveCallable.java:15)
	at org.junit.runners.model.FrameworkMethod.invokeExplosively(FrameworkMethod.java:41)
	at junitparams.internal.InvokeParameterisedMethod.evaluate(InvokeParameterisedMethod.java:102)
	at org.junit.internal.runners.statements.FailOnTimeout$1.run(FailOnTimeout.java:28)
Caused by: ptolemy.kernel.util.IllegalActionException: TypeTest actor has no training data.
  in .sizedarray3.TypeTest
	at ptolemy.actor.lib.TypeTest.initialize(TypeTest.java:250)
	at ptolemy.actor.Director.initialize(Director.java:938)
	at ptolemy.actor.Director.initialize(Director.java:907)
	at ptolemy.actor.sched.StaticSchedulingDirector.initialize(StaticSchedulingDirector.java:159)
	at ptolemy.domains.sdf.kernel.SDFDirector.initialize(SDFDirector.java:544)
	at ptolemy.actor.CompositeActor.initialize(CompositeActor.java:935)
	at ptolemy.actor.Manager.initialize(Manager.java:724)
	at ptolemy.actor.Manager.execute(Manager.java:356)
	at ptolemy.actor.Manager.run(Manager.java:1263)
	at ptolemy.actor.Manager$PtolemyRunThread.run(Manager.java:1915)
]]></system-err>
</testsuite>
