<?xml version="1.0" encoding="UTF-8" ?>
<testsuite errors="0" failures="0" hostname="travis-job-2063221c-9a99-41ee-bea5-f624e06d5b2a" name="ptolemy.domains.de.test.junit.JUnitTclTest" skipped="0" tests="101" time="125.824" timestamp="2019-01-30T07:41:48">
  <properties>
    <property name="npm.executable" value="npm" />
    <property name="file.encoding.pkg" value="sun.io" />
    <property name="env.TRAVIS_ROOT" value="/" />
    <property name="ptII.mk.exists" value="true" />
    <property name="env.TRAVIS_APP_HOST" value="build.travis-ci.org" />
    <property name="env.rvm_bin_path" value="/home/travis/.rvm/bin" />
    <property name="java.home" value="/usr/lib/jvm/java-8-oracle/jre" />
    <property name="env.TRAVIS_JOB_NUMBER" value="982.9" />
    <property name="env.TRAVIS_HOME" value="/home/travis" />
    <property name="env.DISPLAY" value=":99.0" />
    <property name="java.net.preferIPv4Stack" value="true" />
    <property name="env.TRAVIS_INIT" value="upstart" />
    <property name="env.SSH_TTY" value="/dev/pts/0" />
    <property name="env.RUN_TESTS" value="true" />
    <property name="timeout.short" value="1000000" />
    <property name="env.TRAVIS_JOB_NAME" value="" />
    <property name="env.TRAVIS_STACK_NODE_ATTRIBUTES" value="/.node-attributes.yml" />
    <property name="junit.formatter" value="xml" />
    <property name="java.endorsed.dirs" value="/usr/lib/jvm/java-8-oracle/jre/lib/endorsed" />
    <property name="env.TRAVIS_SUDO" value="true" />
    <property name="env.LOGNAME" value="travis" />
    <property name="jsdoc.home" value="node_modules/@terraswarm/jsdoc" />
    <property name="debuglevel" value="source,lines,vars" />
    <property name="checkstyle.formatter" value="xml" />
    <property name="bin.vergil.makeable" value="true" />
    <property name="env._system_version" value="14.04" />
    <property name="sun.os.patch.level" value="unknown" />
    <property name="java.vendor.url" value="http://java.oracle.com/" />
    <property name="env.TRAVIS_BUILD_WEB_URL" value="https://travis-ci.org/icyphy/ptII/builds/486276623" />
    <property name="java.version" value="1.8.0_151" />
    <property name="env.TZ" value="UTC" />
    <property name="env.PT_NO_NET" value="true" />
    <property name="env.TRAVIS_PULL_REQUEST_SHA" value="" />
    <property name="env.TRAVIS_SECURE_ENV_VARS" value="true" />
    <property name="env._system_type" value="Linux" />
    <property name="java.vendor.url.bug" value="http://bugreport.sun.com/bugreport/" />
    <property name="env.SSH_CLIENT" value="10.10.4.106 52370 22" />
    <property name="npmjs-org-is-up" value="true" />
    <property name="env.GEM_HOME" value="/home/travis/.rvm/gems/ruby-2.4.1" />
    <property name="env.HAS_ANTARES_THREE_LITTLE_FRONZIES_BADGE" value="true" />
    <property name="env.PS4" value="+" />
    <property name="ant.project.invoked-targets" value="build,test.core2.xml" />
    <property name="env.TRAVIS_PULL_REQUEST_BRANCH" value="" />
    <property name="env.TRAVIS_REPO_SLUG" value="icyphy/ptII" />
    <property name="env.TRAVIS_APT_PROXY" value="http://build-cache.travisci.net" />
    <property name="node.in.path" value="true" />
    <property name="java.maxmemory" value="1400m" />
    <property name="env.RUBY_VERSION" value="ruby-2.4.1" />
    <property name="user.name" value="travis" />
    <property name="env.LANG" value="en_US.UTF-8" />
    <property name="sun.io.unicode.encoding" value="UnicodeLittle" />
    <property name="sun.jnu.encoding" value="UTF-8" />
    <property name="java.runtime.name" value="Java(TM) SE Runtime Environment" />
    <property name="usefile" value="false" />
    <property name="return.code" value="0" />
    <property name="junit.single.formatter" value="plain" />
    <property name="env.DYLD_LIBRARY_PATH" value="/home/travis/pthla/certi-tools/lib:" />
    <property name="env.DEBIAN_FRONTEND" value="noninteractive" />
    <property name="env.SSH_CONNECTION" value="10.10.4.106 52370 10.20.3.107 22" />
    <property name="env.MYSQL_UNIX_PORT" value="/var/run/mysqld/mysqld.sock" />
    <property name="env.TRAVIS_ALLOW_FAILURE" value="false" />
    <property name="env.LC_ALL" value="en_US.UTF-8" />
    <property name="env.TRAVIS_JOB_WEB_URL" value="https://travis-ci.org/icyphy/ptII/jobs/486276632" />
    <property name="java.specification.name" value="Java Platform API Specification" />
    <property name="node.works" value="true" />
    <property name="user.timezone" value="" />
    <property name="path.separator" value=":" />
    <property name="env.TRAVIS_ENABLE_INFRA_DETECTION" value="true" />
    <property name="env.PYTHON_CFLAGS" value="-g -fstack-protector --param=ssp-buffer-size=4 -Wformat -Werror=format-security" />
    <property name="timeout.long" value="4000000" />
    <property name="env.CERTI_HOME" value="/home/travis/pthla/certi-tools" />
    <property name="file.encoding" value="UTF-8" />
    <property name="ant.file.ptII" value="/home/travis/build/icyphy/ptII/build.xml" />
    <property name="javadoc.packagenames" value="com.*,diva.*,lbnl.*,org.hlacerti.*,org.json.*,org.ptolemy.*,org.terraswarm.*,ptolemy.*,ptserver.*" />
    <property name="env.TRAVIS_PULL_REQUEST_SLUG" value="" />
    <property name="ant.project.default-target" value="build" />
    <property name="env.GIT_ASKPASS" value="echo" />
    <property name="env.HOME" value="/home/travis" />
    <property name="sun.java.command" value="org.apache.tools.ant.taskdefs.optional.junit.JUnitTestRunner ptolemy.domains.de.test.junit.JUnitTclTest skipNonTests=false filtertrace=true haltOnError=false haltOnFailure=false formatter=org.apache.tools.ant.taskdefs.optional.junit.OutErrSummaryJUnitResultFormatter showoutput=true outputtoformatters=true logfailedtests=true threadid=0 logtestlistenerevents=false formatter=org.apache.tools.ant.taskdefs.optional.junit.XMLJUnitResultFormatter,/home/travis/build/icyphy/ptII/reports/junit/TEST-ptolemy.domains.de.test.junit.JUnitTclTest.xml crashfile=/home/travis/build/icyphy/ptII/junitvmwatcher6107209358708251444.properties propsfile=/home/travis/build/icyphy/ptII/junit1732846705334903783.properties" />
    <property name="env.MANPATH" value="/home/travis/.nvm/versions/node/v7.10.1/share/man:/home/travis/.kiex/elixirs/elixir-1.4.5/man:/home/travis/.rvm/rubies/ruby-2.4.1/share/man:/usr/local/man:/usr/local/cmake-3.9.2/man:/usr/local/clang-5.0.0/share/man:/usr/local/share/man:/usr/share/man:/home/travis/.rvm/man" />
    <property name="env.COMPOSER_NO_INTERACTION" value="1" />
    <property name="env.JDK_SWITCHER_DEFAULT" value="oraclejdk8" />
    <property name="env.TRAVIS_TIMER_ID" value="068130f8" />
    <property name="ant.file" value="/home/travis/build/icyphy/ptII/build.xml" />
    <property name="env.TRAVIS_COMMIT_RANGE" value="1b4da0dc8fbf...f3f2305f4b53" />
    <property name="env._system_name" value="Ubuntu" />
    <property name="timeout" value="2400000" />
    <property name="ptII.classpath.optional.property" value="/home/travis/build/icyphy/ptII/lib/bsh-2.0b4.jar:/home/travis/build/icyphy/ptII/lib/ptCal.jar:/home/travis/build/icyphy/ptII/lib/java_cup.jar:/home/travis/build/icyphy/ptII/lib/saxon8.jar:/home/travis/build/icyphy/ptII/lib/saxon8-dom.jar:/home/travis/build/icyphy/ptII/lib/chic.jar:/home/travis/build/icyphy/ptII/lib/ptcolt.jar:/usr/lib/jvm/java-8-oracle/lib/tools.jar:/home/travis/build/icyphy/ptII/vendors/misc/itext/iText.jar:/home/travis/build/icyphy/ptII/lib/g4ltl.jar:/home/travis/build/icyphy/ptII/lib/StructuralCoder.jar:/home/travis/build/icyphy/ptII/vendors/jai-1_1_2_01/lib/jai_core.jar:/home/travis/build/icyphy/ptII/vendors/jai-1_1_2_01/lib/jai_codec.jar:/home/travis/build/icyphy/ptII/lib/jcerti.jar:/home/travis/build/icyphy/ptII/lib/javax.mail.jar:/home/travis/build/icyphy/ptII/vendors/JMF-2.1.1e/lib/jmf.jar:/home/travis/build/icyphy/ptII/lib/jna-4.0.0-variadic.jar:/home/travis/build/icyphy/ptII/vendors/misc/joystick/Joystick.jar:/home/travis/build/icyphy/ptII/lib/ptjacl.jar:/home/travis/build/icyphy/ptII/lib/jsoup-1.8.2.jar:/home/travis/build/icyphy/ptII/lib/junit-4.8.2.jar:/home/travis/build/icyphy/ptII/lib/JUnitParams-0.4.0.jar:/home/travis/build/icyphy/ptII/ptolemy/actor/lib/excel/jxl.jar:/home/travis/build/icyphy/ptII/lib/jython.jar:/home/travis/build/icyphy/ptII/lib/kieler.jar:/home/travis/build/icyphy/ptII/vendors/opencv/share/OpenCV/java/opencv-341.jar:/home/travis/build/icyphy/ptII/lib/oscP5.jar:/home/travis/build/icyphy/ptII/lib/nrjavaserial-3.11.0.devel.jar:/home/travis/build/icyphy/ptII/vendors/j3d/lib/j3dcore.jar:/home/travis/build/icyphy/ptII/vendors/j3d/lib/j3dutils.jar:/home/travis/build/icyphy/ptII/vendors/j3d/lib/vecmath.jar:/home/travis/build/icyphy/ptII/ptolemy/distributed/jini/jar/jini-core.jar:/home/travis/build/icyphy/ptII/ptolemy/distributed/jini/jar/jini-ext.jar:/home/travis/build/icyphy/ptII/ptolemy/distributed/jini/jar/sun-util.jar:/home/travis/build/icyphy/ptII/lib/protobuf-java-2.4.1.jar:/home/travis/build/icyphy/ptII/lib/org.eclipse.paho.client.mqttv3.jar:/home/travis/build/icyphy/ptII/lib/mapss.jar:/home/travis/build/icyphy/ptII/ptolemy/actor/ptalon/antlr/antlr.jar:/home/travis/build/icyphy/ptII/lib/JRI.jar:/home/travis/build/icyphy/ptII/lib/commons-lang-2.6.jar:/home/travis/build/icyphy/ptII/lib/commons-logging-1.1.1.jar:/home/travis/build/icyphy/ptII/lib/sootclasses.jar:/home/travis/build/icyphy/ptII/ptolemy/actor/lib/database/mysql-connector-java-5.1.6-bin.jar:/home/travis/build/icyphy/ptII/vendors/misc/sphinx4/sphinx4-data-5prealpha.jar:/home/travis/build/icyphy/ptII/vendors/misc/sphinx4/sphinx4-core-5prealpha.jar:/home/travis/build/icyphy/ptII/lib/PDFRenderer.jar:/home/travis/build/icyphy/ptII/lib/svgSalamander.jar:/home/travis/build/icyphy/ptII/lib/rsyntaxtextarea-2.6.0-SNAPSHOT.jar:/home/travis/build/icyphy/ptII/lib/hazelcast-3.8.2.jar:/home/travis/build/icyphy/ptII/lib/jackson-annotations-2.9.0.jar:/home/travis/build/icyphy/ptII/lib/jackson-core-2.9.3.jar:/home/travis/build/icyphy/ptII/lib/jackson-databind-2.9.3.jar:/home/travis/build/icyphy/ptII/lib/netty-buffer-4.1.19.Final.jar:/home/travis/build/icyphy/ptII/lib/netty-codec-4.1.19.Final.jar:/home/travis/build/icyphy/ptII/lib/netty-codec-dns-4.1.19.Final.jar:/home/travis/build/icyphy/ptII/lib/netty-codec-http-4.1.19.Final.jar:/home/travis/build/icyphy/ptII/lib/netty-codec-http2-4.1.19.Final.jar:/home/travis/build/icyphy/ptII/lib/netty-common-4.1.19.Final.jar:/home/travis/build/icyphy/ptII/lib/netty-handler-4.1.19.Final.jar:/home/travis/build/icyphy/ptII/lib/netty-resolver-4.1.19.Final.jar:/home/travis/build/icyphy/ptII/lib/netty-resolver-dns-4.1.19.Final.jar:/home/travis/build/icyphy/ptII/lib/netty-transport-4.1.19.Final.jar:/home/travis/build/icyphy/ptII/lib/vertx-codegen-3.5.1.jar:/home/travis/build/icyphy/ptII/lib/vertx-core-3.5.2-SNAPSHOT.jar:/home/travis/build/icyphy/ptII/lib/vertx-hazelcast-3.5.1.jar:/home/travis/build/icyphy/ptII/lib/vertx-lang-js-3.5.1.jar:/home/travis/build/icyphy/ptII/lib/vertx-service-proxy-3.5.1.jar:/home/travis/build/icyphy/ptII/lib/vertx-web-3.5.1.jar:/home/travis/build/icyphy/ptII/lib/slf4j-api-1.7.13.jar:/home/travis/build/icyphy/ptII/lib/slf4j-simple-1.7.13.jar:/home/travis/build/icyphy/ptII/lib/webcam-capture-0.3.12.jar:/home/travis/build/icyphy/ptII/lib/bridj-0.7.0.jar:/home/travis/build/icyphy/ptII/lib/xbjlib-1.1.0.nrjavaserial.jar" />
    <property name="test.batch" value="**/junit/*.java" />
    <property name="env._" value="/usr/bin/timeout" />
    <property name="java.io.tmpdir" value="/tmp" />
    <property name="env.TRAVIS_INTERNAL_RUBY_REGEX" value="^ruby-(2\.[0-4]\.[0-9]|1\.9\.3)" />
    <property name="user.language" value="en" />
    <property name="env.HISTCONTROL" value="ignoredups:ignorespace" />
    <property name="env.GOROOT" value="/home/travis/.gimme/versions/go1.7.4.linux.amd64" />
    <property name="line.separator" value="&#xa;" />
    <property name="target" value="1.8" />
    <property name="env.TRAVIS_BUILD_DIR" value="/home/travis/build/icyphy/ptII" />
    <property name="env.ANT_OPTS" value="-Xmx2048m" />
    <property name="ant.file.type" value="file" />
    <property name="ptolemy.ptII.batchMode" value="true" />
    <property name="env.HISTSIZE" value="1000" />
    <property name="env.MERB_ENV" value="test" />
    <property name="java.vm.info" value="mixed mode" />
    <property name="source" value="1.8" />
    <property name="java.vm.specification.name" value="Java Virtual Machine Specification" />
    <property name="env.TRAVIS_TEST_RESULT" value="0" />
    <property name="jsdoc.command" value="node_modules/@terraswarm/jsdoc/jsdoc.js" />
    <property name="npm.works" value="true" />
    <property name="cobertura.dir" value="/home/travis/build/icyphy/ptII/vendors/cobertura-2.0.3" />
    <property name="env.rvm_path" value="/home/travis/.rvm" />
    <property name="env.GEM_PATH" value="/home/travis/.rvm/gems/ruby-2.4.1:/home/travis/.rvm/gems/ruby-2.4.1@global" />
    <property name="env.LC_CTYPE" value="en_US.UTF-8" />
    <property name="java.awt.printerjob" value="sun.print.PSPrinterJob" />
    <property name="env.TRAVIS_CMD" value="$PTII/bin/ptIITravisBuild.sh $SECONDS" />
    <property name="env.TRAVIS_STACK_NAME" value="garnet" />
    <property name="env.TRAVIS_TIMER_START_TIME" value="1548833593632955619" />
    <property name="ant.version" value="Apache Ant(TM) version 1.10.1 compiled on February 2 2017" />
    <property name="ptII.reports" value="/home/travis/build/icyphy/ptII/reports" />
    <property name="env.TRAVIS_STACK_TIMESTAMP" value="2017-12-05 19:33:09 UTC" />
    <property name="ant.file.type.ptII" value="file" />
    <property name="env.RBENV_SHELL" value="bash" />
    <property name="os.name" value="Linux" />
    <property name="java.specification.vendor" value="Oracle Corporation" />
    <property name="env.rvm_version" value="1.29.3 (latest)" />
    <property name="env.TRAVIS_INFRA" value="gce" />
    <property name="env.TERM" value="xterm" />
    <property name="java.vm.name" value="Java HotSpot(TM) 64-Bit Server VM" />
    <property name="env.TRAVIS_BUILD_NUMBER" value="982" />
    <property name="env.CI" value="true" />
    <property name="java.library.path" value="/home/travis/pthla/certi-tools/lib:/usr/lib/jni:/usr/local/share/OpenCV/java/:/usr/share/OpenCV/java::/usr/java/packages/lib/amd64:/usr/lib64:/lib64:/lib:/usr/lib" />
    <property name="env.rvm_prefix" value="/home/travis" />
    <property name="env.PATH" value="/home/travis/pthla/certi-tools/share/scripts:/home/travis/.rvm/gems/ruby-2.4.1/bin:/home/travis/.rvm/gems/ruby-2.4.1@global/bin:/home/travis/.rvm/rubies/ruby-2.4.1/bin:/home/travis/.rvm/bin:/home/travis/.nvm/versions/node/v7.10.1/bin:./node_modules/.bin:/home/travis/build/icyphy/ptII/bin:/home/travis/pthla/certi-tools/bin:/home/travis/bin:/home/travis/.local/bin:/opt/pyenv/shims:/home/travis/.phpenv/shims:/home/travis/perl5/perlbrew/bin:/home/travis/.kiex/elixirs/elixir-1.4.5/bin:/home/travis/.kiex/bin:/home/travis/gopath/bin:/home/travis/.gimme/versions/go1.7.4.linux.amd64/bin:/usr/local/phantomjs/bin:/usr/local/phantomjs:/usr/local/neo4j-3.2.7/bin:/usr/local/maven-3.5.2/bin:/usr/local/cmake-3.9.2/bin:/usr/local/clang-5.0.0/bin:/usr/local/sbin:/usr/local/bin:/usr/sbin:/usr/bin:/sbin:/bin:/home/travis/.phpenv/bin:/opt/pyenv/bin:/home/travis/.yarn/bin" />
    <property name="env.TRAVIS_OS_NAME" value="linux" />
    <property name="ant.java.version" value="1.8" />
    <property name="basedir" value="/home/travis/build/icyphy/ptII" />
    <property name="java.class.version" value="52.0" />
    <property name="env.SHLVL" value="3" />
    <property name="env.LD_LIBRARY_PATH" value="/home/travis/pthla/certi-tools/lib:/usr/lib/jni:/usr/local/share/OpenCV/java/:/usr/share/OpenCV/java:" />
    <property name="env.RACK_ENV" value="test" />
    <property name="ant.home" value="/home/travis/build/icyphy/ptII/ant" />
    <property name="env.PERLBREW_BASHRC_VERSION" value="0.80" />
    <property name="env.NVM_DIR" value="/home/travis/.nvm" />
    <property name="env.TRAVIS_BUILD_ID" value="486276623" />
    <property name="env.CERTI_FOM_PATH" value="/home/travis/pthla/certi-tools/share/federations" />
    <property name="env.PYENV_ROOT" value="/opt/pyenv" />
    <property name="env.TRAVIS_UID" value="2000" />
    <property name="env.rvm_pretty_print_flag" value="auto" />
    <property name="env.NVM_BIN" value="/home/travis/.nvm/versions/node/v7.10.1/bin" />
    <property name="env.TRAVIS_COMMIT" value="f3f2305f4b5385f5d93b20c550aefe6583d1c660" />
    <property name="env._system_arch" value="x86_64" />
    <property name="node.executable" value="node" />
    <property name="sun.boot.library.path" value="/usr/lib/jvm/java-8-oracle/jre/lib/amd64" />
    <property name="sun.management.compiler" value="HotSpot 64-Bit Tiered Compilers" />
    <property name="env.GOPATH" value="/home/travis/gopath" />
    <property name="java.awt.graphicsenv" value="sun.awt.X11GraphicsEnvironment" />
    <property name="ptolemy.ptII.dir" value="/home/travis/build/icyphy/ptII" />
    <property name="env.USER" value="travis" />
    <property name="env.HISTFILESIZE" value="2000" />
    <property name="timeout.longest" value="19000000" />
    <property name="env.TRAVIS_STACK_FEATURES" value="basic cassandra chromium couchdb disabled-ipv6 docker docker-compose elasticsearch firefox go-toolchain google-chrome jdk memcached mongodb mysql neo4j nodejs_interpreter perl_interpreter perlbrew phantomjs postgresql python_interpreter rabbitmq redis riak ruby_interpreter sqlite xserver" />
    <property name="env.TRAVIS_PULL_REQUEST" value="false" />
    <property name="env.PYENV_SHELL" value="bash" />
    <property name="ant.project.name" value="ptII" />
    <property name="java.vm.specification.version" value="1.8" />
    <property name="env.ANSI_RESET" value="\033[0m" />
    <property name="env.TRAVIS_DIST" value="trusty" />
    <property name="env.CERTI_VERSION" value="4.0.0" />
    <property name="env.NLSPATH" value="/usr/dt/lib/nls/msg/%L/%N.cat" />
    <property name="awt.toolkit" value="sun.awt.X11.XToolkit" />
    <property name="env.CERTI_HOST" value="localhost" />
    <property name="env.MY_RUBY_HOME" value="/home/travis/.rvm/rubies/ruby-2.4.1" />
    <property name="sun.cpu.isalist" value="" />
    <property name="env.TRAVIS_TMPDIR" value="/tmp/tmp.zOD0PQNEiK" />
    <property name="java.ext.dirs" value="/usr/lib/jvm/java-8-oracle/jre/lib/ext:/usr/java/packages/lib/ext" />
    <property name="os.version" value="4.4.0-101-generic" />
    <property name="user.home" value="/home/travis" />
    <property name="env.MIX_ARCHIVES" value="/home/travis/.kiex/mix/elixir-1.4.5" />
    <property name="java.vm.vendor" value="Oracle Corporation" />
    <property name="env.TRAVIS_TAG" value="nightly" />
    <property name="env.ANSI_YELLOW" value="\033[33;1m" />
    <property name="env.TRAVIS_FILTERED" value="redirect_io" />
    <property name="env.ANSI_GREEN" value="\033[32;1m" />
    <property name="env.JAVA_HOME" value="/usr/lib/jvm/java-8-oracle" />
    <property name="env.PTII" value="/home/travis/build/icyphy/ptII" />
    <property name="javadoc.excludepackagenames" value="adm.cvs2svn.*,build.*,config.*,doc.coding.templates.*,jni.test.jni.meaningOfLife.*,jni.test.jni.testDeux.*,jni.test.jni.testTrois.*,org.terraswarm.accessor.accessors.web.node_modules.*,org.terraswarm.accessor.accessors.web.hosts.cordova.demo.*,org.terraswarm.accessor.accessors.web.hosts.cordova.plugins.*,org.terraswarm.accessor.accessors-svn.*,pt-modules.*,ptolemy.apps.agilent.*,ptolemy.apps.anytimecontrol.*,ptolemy.apps.apes.*,ptolemy.apps.charon.*,ptolemy.apps.crazyboard.*,ptolemy.apps.eclipse.*,ptolemy.apps.etherealSting.*,ptolemy.apps.fullscreen.*,ptolemy.apps.giotto.*,ptolemy.apps.ia.*,ptolemy.apps.interfaces.*,ptolemy.apps.jmf.*,ptolemy.apps.kurt.*,ptolemy.apps.kvm.*,ptolemy.apps.lego.*,ptolemy.apps.lejos.*,ptolemy.apps.midp.*,ptolemy.apps.mobileCoding.*,ptolemy.apps.pendulum.*,ptolemy.apps.rijndael.*,ptolemy.apps.robot.*,ptolemy.apps.security.*,ptolemy.apps.sobel.*,ptolemy.apps.soot.*,ptolemy.apps.throttle.*,ptolemy.apps.tini.*,ptolemy.apps.transmission.*,ptolemy.apps.vergil.*,ptolemy.apps.waba.*,ptolemy.apps.websensor.*,ptolemy.apps.webstart.*,ptolemy.apps.xsl.*,ptolemy.apps.zaurus.*,ptolemy.codegen.c.actor.lib.oldJavaFiles.*,ptolemy.codegen.dsp.lib.*,ptolemy.codegen.kernel.newInterfaces.*,ptolemy.codegen.lib.*,ptolemy.copernicus.kernel.fragment.*,ptolemy.copernicus.shallow.cg.*,ptolemy.domains.giotto.demo.Hierarchy.Hierarchy.*,ptolemy.domains.giotto.demo.Multimode.Multimode.*,ptolemy.domains.giotto.demo.Simple.Simple.*,ptolemy.domains.gr.lib.experimental.*,ptolemy.domains.gro.*,ptolemy.domains.pdf.*,ptolemy.domains.ptinyos.demo.Surge.output.*,ptolemy.moml.test.NoPackageActor.java*,ptolemy.plot.adm.*,ptolemy.plot.servlet.*,reports.*,signed.*,src.*,target.*,vendors.*,ptolemy.apps.eclipse.awt.*,ptolemy.backtrack.*,ptolemy.backtrack.ast.*,ptolemy.cg.adapter.generic.program.procedural.c.mbed*,ptolemy.homer.*,org.ptolemy.scala.*,diva.util.java2d.svg.*,ptolemy.domains.ptinyos.*,ptolemy.actor.lib.fmi.fmipp.*,,org.terraswarm.accessor.accessors.web.node_modules.*,org.terraswarm.accessor.accessors-svn,ptolemy.apps.*,ptolemy.actor.ptalon.demo.ptinyos.SendAndReceiveCnt.output,ptolemy.actor.ptalon.demo.ptinyos.SenseToLeds.output,ptolemy.domains.ptinyos.demo.CntToLedsAndRfm.output,ptolemy.domains.ptinyos.demo.RfmToLeds.output,ptolemy.domains.ptinyos.demo.SendAndReceiveCnt.output,ptolemy.domains.ptinyos.demo.SenseToLeds.output,ptolemy.actor.lib.jjs.modules.udpSocket.*" />
    <property name="env.TRAVIS_COMMIT_MESSAGE" value="Exclude SemanticYelpSensorUpdateExample.xml, it needs a Yelp key." />
    <property name="keystore" value="ptKeystore" />
    <property name="env.XDG_SESSION_ID" value="2" />
    <property name="junit.output.dir" value="/home/travis/build/icyphy/ptII/reports/junit" />
    <property name="npm.return.code" value="0" />
    <property name="user.dir" value="/home/travis/build/icyphy/ptII/ptolemy/domains/de/test" />
    <property name="env.TRAVIS_NODE_VERSION" value="7" />
    <property name="env.XFILESEARCHPATH" value="/usr/dt/app-defaults/%L/Dt" />
    <property name="env.TRAVIS_EVENT_TYPE" value="push" />
    <property name="env.MAIL" value="/var/mail/travis" />
    <property name="env.PWD" value="/home/travis/build/icyphy/ptII" />
    <property name="env.PERLBREW_ROOT" value="/home/travis/perl5/perlbrew" />
    <property name="timeout.npm" value="45000" />
    <property name="env.PT_TRAVIS_TEST_CORE2_XML" value="true" />
    <property name="env.TRAVIS_ARCH" value="amd64" />
    <property name="env.PAGER" value="cat" />
    <property name="sun.cpu.endian" value="little" />
    <property name="env.TRAVIS_BUILD_STAGE_NAME" value="Test" />
    <property name="env.PERLBREW_HOME" value="/home/travis/.perlbrew" />
    <property name="env.RAILS_ENV" value="test" />
    <property name="java.vm.version" value="25.151-b12" />
    <property name="java.class.path" value="/home/travis/build/icyphy/ptII:/home/travis/build/icyphy/ptII/lib/bsh-2.0b4.jar:/home/travis/build/icyphy/ptII/lib/ptCal.jar:/home/travis/build/icyphy/ptII/lib/java_cup.jar:/home/travis/build/icyphy/ptII/lib/saxon8.jar:/home/travis/build/icyphy/ptII/lib/saxon8-dom.jar:/home/travis/build/icyphy/ptII/lib/chic.jar:/home/travis/build/icyphy/ptII/lib/ptcolt.jar:/usr/lib/jvm/java-8-oracle/lib/tools.jar:/home/travis/build/icyphy/ptII/vendors/misc/itext/iText.jar:/home/travis/build/icyphy/ptII/lib/g4ltl.jar:/home/travis/build/icyphy/ptII/lib/StructuralCoder.jar:/home/travis/build/icyphy/ptII/vendors/jai-1_1_2_01/lib/jai_core.jar:/home/travis/build/icyphy/ptII/vendors/jai-1_1_2_01/lib/jai_codec.jar:/home/travis/build/icyphy/ptII/lib/jcerti.jar:/home/travis/build/icyphy/ptII/lib/javax.mail.jar:/home/travis/build/icyphy/ptII/vendors/JMF-2.1.1e/lib/jmf.jar:/home/travis/build/icyphy/ptII/lib/jna-4.0.0-variadic.jar:/home/travis/build/icyphy/ptII/vendors/misc/joystick/Joystick.jar:/home/travis/build/icyphy/ptII/lib/ptjacl.jar:/home/travis/build/icyphy/ptII/lib/jsoup-1.8.2.jar:/home/travis/build/icyphy/ptII/lib/junit-4.8.2.jar:/home/travis/build/icyphy/ptII/lib/JUnitParams-0.4.0.jar:/home/travis/build/icyphy/ptII/ptolemy/actor/lib/excel/jxl.jar:/home/travis/build/icyphy/ptII/lib/jython.jar:/home/travis/build/icyphy/ptII/lib/kieler.jar:/home/travis/build/icyphy/ptII/vendors/opencv/share/OpenCV/java/opencv-341.jar:/home/travis/build/icyphy/ptII/lib/oscP5.jar:/home/travis/build/icyphy/ptII/lib/nrjavaserial-3.11.0.devel.jar:/home/travis/build/icyphy/ptII/vendors/j3d/lib/j3dcore.jar:/home/travis/build/icyphy/ptII/vendors/j3d/lib/j3dutils.jar:/home/travis/build/icyphy/ptII/vendors/j3d/lib/vecmath.jar:/home/travis/build/icyphy/ptII/ptolemy/distributed/jini/jar/jini-core.jar:/home/travis/build/icyphy/ptII/ptolemy/distributed/jini/jar/jini-ext.jar:/home/travis/build/icyphy/ptII/ptolemy/distributed/jini/jar/sun-util.jar:/home/travis/build/icyphy/ptII/lib/protobuf-java-2.4.1.jar:/home/travis/build/icyphy/ptII/lib/org.eclipse.paho.client.mqttv3.jar:/home/travis/build/icyphy/ptII/lib/mapss.jar:/home/travis/build/icyphy/ptII/ptolemy/actor/ptalon/antlr/antlr.jar:/home/travis/build/icyphy/ptII/lib/JRI.jar:/home/travis/build/icyphy/ptII/lib/commons-lang-2.6.jar:/home/travis/build/icyphy/ptII/lib/commons-logging-1.1.1.jar:/home/travis/build/icyphy/ptII/lib/sootclasses.jar:/home/travis/build/icyphy/ptII/ptolemy/actor/lib/database/mysql-connector-java-5.1.6-bin.jar:/home/travis/build/icyphy/ptII/vendors/misc/sphinx4/sphinx4-data-5prealpha.jar:/home/travis/build/icyphy/ptII/vendors/misc/sphinx4/sphinx4-core-5prealpha.jar:/home/travis/build/icyphy/ptII/lib/PDFRenderer.jar:/home/travis/build/icyphy/ptII/lib/svgSalamander.jar:/home/travis/build/icyphy/ptII/lib/rsyntaxtextarea-2.6.0-SNAPSHOT.jar:/home/travis/build/icyphy/ptII/lib/hazelcast-3.8.2.jar:/home/travis/build/icyphy/ptII/lib/jackson-annotations-2.9.0.jar:/home/travis/build/icyphy/ptII/lib/jackson-core-2.9.3.jar:/home/travis/build/icyphy/ptII/lib/jackson-databind-2.9.3.jar:/home/travis/build/icyphy/ptII/lib/netty-buffer-4.1.19.Final.jar:/home/travis/build/icyphy/ptII/lib/netty-codec-4.1.19.Final.jar:/home/travis/build/icyphy/ptII/lib/netty-codec-dns-4.1.19.Final.jar:/home/travis/build/icyphy/ptII/lib/netty-codec-http-4.1.19.Final.jar:/home/travis/build/icyphy/ptII/lib/netty-codec-http2-4.1.19.Final.jar:/home/travis/build/icyphy/ptII/lib/netty-common-4.1.19.Final.jar:/home/travis/build/icyphy/ptII/lib/netty-handler-4.1.19.Final.jar:/home/travis/build/icyphy/ptII/lib/netty-resolver-4.1.19.Final.jar:/home/travis/build/icyphy/ptII/lib/netty-resolver-dns-4.1.19.Final.jar:/home/travis/build/icyphy/ptII/lib/netty-transport-4.1.19.Final.jar:/home/travis/build/icyphy/ptII/lib/vertx-codegen-3.5.1.jar:/home/travis/build/icyphy/ptII/lib/vertx-core-3.5.2-SNAPSHOT.jar:/home/travis/build/icyphy/ptII/lib/vertx-hazelcast-3.5.1.jar:/home/travis/build/icyphy/ptII/lib/vertx-lang-js-3.5.1.jar:/home/travis/build/icyphy/ptII/lib/vertx-service-proxy-3.5.1.jar:/home/travis/build/icyphy/ptII/lib/vertx-web-3.5.1.jar:/home/travis/build/icyphy/ptII/lib/slf4j-api-1.7.13.jar:/home/travis/build/icyphy/ptII/lib/slf4j-simple-1.7.13.jar:/home/travis/build/icyphy/ptII/lib/webcam-capture-0.3.12.jar:/home/travis/build/icyphy/ptII/lib/bridj-0.7.0.jar:/home/travis/build/icyphy/ptII/lib/xbjlib-1.1.0.nrjavaserial.jar:/home/travis/build/icyphy/ptII/ptolemy/moml/test:/home/travis/build/icyphy/ptII/ant/lib/ant-launcher.jar:/home/travis/build/icyphy/ptII/ant/lib/ant.jar:/home/travis/build/icyphy/ptII/ant/lib/ant-junit.jar:/home/travis/build/icyphy/ptII/ant/lib/ant-junit4.jar" />
    <property name="ant.library.dir" value="/home/travis/build/icyphy/ptII/ant/lib" />
    <property name="os.arch" value="amd64" />
    <property name="env.TRAVIS_LANGUAGE" value="node_js" />
    <property name="env.CONTINUOUS_INTEGRATION" value="true" />
    <property name="env.TRAVIS_STACK_LANGUAGES" value="__garnet__ c c++ clojure cplusplus cpp default go groovy java node_js php pure_java python ruby scala" />
    <property name="test.name" value="ptolemy.actor.lib.test.junit.JUnitTclTest" />
    <property name="sun.java.launcher" value="SUN_STANDARD" />
    <property name="env.PYTHON_CONFIGURE_OPTS" value="--enable-unicode=ucs4 --with-wide-unicode --enable-shared --enable-ipv6 --enable-loadable-sqlite-extensions --with-computed-gotos" />
    <property name="ant.core.lib" value="/home/travis/build/icyphy/ptII/ant/lib/ant.jar" />
    <property name="java.vm.specification.vendor" value="Oracle Corporation" />
    <property name="env.BCVTB_HOME" value="/home/travis/build/icyphy/ptII/lbnl" />
    <property name="file.separator" value="/" />
    <property name="spotbugs.home" value="/home/travis/build/icyphy/ptII/vendors/spotbugs-3.1.1" />
    <property name="java.runtime.version" value="1.8.0_151-b12" />
    <property name="sun.boot.class.path" value="/usr/lib/jvm/java-8-oracle/jre/lib/resources.jar:/usr/lib/jvm/java-8-oracle/jre/lib/rt.jar:/usr/lib/jvm/java-8-oracle/jre/lib/sunrsasign.jar:/usr/lib/jvm/java-8-oracle/jre/lib/jsse.jar:/usr/lib/jvm/java-8-oracle/jre/lib/jce.jar:/usr/lib/jvm/java-8-oracle/jre/lib/charsets.jar:/usr/lib/jvm/java-8-oracle/jre/lib/jfr.jar:/usr/lib/jvm/java-8-oracle/jre/classes" />
    <property name="env.ANSI_CLEAR" value="\033[0K" />
    <property name="env.HAS_JOSH_K_SEAL_OF_APPROVAL" value="true" />
    <property name="env.XDG_RUNTIME_DIR" value="/run/user/2000" />
    <property name="env.TRAVIS_OSX_IMAGE" value="" />
    <property name="env.TRAVIS_BRANCH" value="master" />
    <property name="env.TRAVIS_JOB_ID" value="486276632" />
    <property name="user.country" value="US" />
    <property name="env.CERTI_HOME_TRAVIS" value="/home/travis/pthla/certi-tools" />
    <property name="env.SHELL" value="/bin/bash" />
    <property name="java.maxmemory.large" value="5000m" />
    <property name="model" value="" />
    <property name="env.CASHER_DIR" value="/home/travis/.casher" />
    <property name="env.NVM_CD_FLAGS" value="" />
    <property name="jshint.executable" value="/home/travis/node_modules/jshint/bin/jshint" />
    <property name="java.vendor" value="Oracle Corporation" />
    <property name="env.JRUBY_OPTS" value=" --client -J-XX:+TieredCompilation -J-XX:TieredStopAtLevel=1 -J-Xss2m -Xcompile.invokedynamic=false" />
    <property name="env.TRAVIS_PRE_CHEF_BOOTSTRAP_TIME" value="2017-12-05T19:32:55" />
    <property name="env.TRAVIS_STACK_JOB_BOARD_REGISTER" value="/.job-board-register.yml" />
    <property name="env.ELIXIR_VERSION" value="1.4.5" />
    <property name="env.ANSI_RED" value="\033[31;1m" />
    <property name="java.specification.version" value="1.8" />
    <property name="env.TRAVIS" value="true" />
    <property name="env.IRBRC" value="/home/travis/.rvm/rubies/ruby-2.4.1/.irbrc" />
    <property name="sun.arch.data.model" value="64" />
  </properties>
  <testcase classname="ptolemy.util.test.junit.TclTests" name="[0] /home/travis/build/icyphy/ptII/ptolemy/domains/de/test/DependencyLoop.tcl (RunTclFile)" time="0.704" />
  <testcase classname="ptolemy.util.test.junit.TclTests" name="[1] /home/travis/build/icyphy/ptII/ptolemy/domains/de/test/RunDETestsAsQSS.tcl (RunTclFile)" time="85.243" />
  <testcase classname="ptolemy.util.test.junit.AutoKnownFailedTests" name="[0] /home/travis/build/icyphy/ptII/ptolemy/domains/de/test/auto/knownFailedTests/DESDFClockTest.xml (RunModel)" time="2.037" />
  <testcase classname="ptolemy.util.test.junit.AutoKnownFailedTests" name="[1] /home/travis/build/icyphy/ptII/ptolemy/domains/de/test/auto/knownFailedTests/DirectFeedback.xml (RunModel)" time="0.012" />
  <testcase classname="ptolemy.util.test.junit.AutoKnownFailedTests" name="[2] /home/travis/build/icyphy/ptII/ptolemy/domains/de/test/auto/knownFailedTests/FSMSource.xml (RunModel)" time="0.017" />
  <testcase classname="ptolemy.util.test.junit.AutoKnownFailedTests" name="[3] /home/travis/build/icyphy/ptII/ptolemy/domains/de/test/auto/knownFailedTests/HierarchicalModel.xml (RunModel)" time="0.049" />
  <testcase classname="ptolemy.util.test.junit.AutoKnownFailedTests" name="[4] /home/travis/build/icyphy/ptII/ptolemy/domains/de/test/auto/knownFailedTests/dependencyLoop.xml (RunModel)" time="0.043" />
  <testcase classname="ptolemy.util.test.junit.AutoKnownFailedTests" name="[5] /home/travis/build/icyphy/ptII/ptolemy/domains/de/test/auto/knownFailedTests/dependencyLoop2.xml (RunModel)" time="0.044" />
  <testcase classname="ptolemy.util.test.junit.AutoNameArchTests" name="[0] ThereAreNoAutoArchTests (RunModel)" time="0.0" />
  <testcase classname="ptolemy.util.test.junit.AutoTests" name="[0] /home/travis/build/icyphy/ptII/ptolemy/domains/de/test/auto/ActorDepthCalculation_actorWithoutPorts.xml (RunModel)" time="0.017" />
  <testcase classname="ptolemy.util.test.junit.AutoTests" name="[1] /home/travis/build/icyphy/ptII/ptolemy/domains/de/test/auto/AssemblyLine.xml (RunModel)" time="0.021" />
  <testcase classname="ptolemy.util.test.junit.AutoTests" name="[2] /home/travis/build/icyphy/ptII/ptolemy/domains/de/test/auto/CQBug1.xml (RunModel)" time="0.012" />
  <testcase classname="ptolemy.util.test.junit.AutoTests" name="[3] /home/travis/build/icyphy/ptII/ptolemy/domains/de/test/auto/CancelFireAt.xml (RunModel)" time="0.005" />
  <testcase classname="ptolemy.util.test.junit.AutoTests" name="[4] /home/travis/build/icyphy/ptII/ptolemy/domains/de/test/auto/CausalityAndComposabilityAnalysis.xml (RunModel)" time="0.011" />
  <testcase classname="ptolemy.util.test.junit.AutoTests" name="[5] /home/travis/build/icyphy/ptII/ptolemy/domains/de/test/auto/CausalityInterface1.xml (RunModel)" time="0.012" />
  <testcase classname="ptolemy.util.test.junit.AutoTests" name="[6] /home/travis/build/icyphy/ptII/ptolemy/domains/de/test/auto/CausalityInterface15.xml (RunModel)" time="0.012" />
  <testcase classname="ptolemy.util.test.junit.AutoTests" name="[7] /home/travis/build/icyphy/ptII/ptolemy/domains/de/test/auto/CausalityInterface2.xml (RunModel)" time="0.01" />
  <testcase classname="ptolemy.util.test.junit.AutoTests" name="[8] /home/travis/build/icyphy/ptII/ptolemy/domains/de/test/auto/CausalityInterface3.xml (RunModel)" time="0.011" />
  <testcase classname="ptolemy.util.test.junit.AutoTests" name="[9] /home/travis/build/icyphy/ptII/ptolemy/domains/de/test/auto/ClockDrift.xml (RunModel)" time="0.034" />
  <testcase classname="ptolemy.util.test.junit.AutoTests" name="[10] /home/travis/build/icyphy/ptII/ptolemy/domains/de/test/auto/ClockDriftAndValueChange.xml (RunModel)" time="0.028" />
  <testcase classname="ptolemy.util.test.junit.AutoTests" name="[11] /home/travis/build/icyphy/ptII/ptolemy/domains/de/test/auto/ClockDriftChange.xml (RunModel)" time="0.024" />
  <testcase classname="ptolemy.util.test.junit.AutoTests" name="[12] /home/travis/build/icyphy/ptII/ptolemy/domains/de/test/auto/ComposableCausalityAnalysis.xml (RunModel)" time="0.019" />
  <testcase classname="ptolemy.util.test.junit.AutoTests" name="[13] /home/travis/build/icyphy/ptII/ptolemy/domains/de/test/auto/DEFixedPointLimitation.xml (RunModel)" time="0.009" />
  <testcase classname="ptolemy.util.test.junit.AutoTests" name="[14] /home/travis/build/icyphy/ptII/ptolemy/domains/de/test/auto/DEScheduleTest.xml (RunModel)" time="0.011" />
  <testcase classname="ptolemy.util.test.junit.AutoTests" name="[15] /home/travis/build/icyphy/ptII/ptolemy/domains/de/test/auto/DEinDEwithStartTimes.xml (RunModel)" time="0.012" />
  <testcase classname="ptolemy.util.test.junit.AutoTests" name="[16] /home/travis/build/icyphy/ptII/ptolemy/domains/de/test/auto/DEinDEwithStartTimes2.xml (RunModel)" time="0.012" />
  <testcase classname="ptolemy.util.test.junit.AutoTests" name="[17] /home/travis/build/icyphy/ptII/ptolemy/domains/de/test/auto/DateDemo.xml (RunModel)" time="0.034" />
  <testcase classname="ptolemy.util.test.junit.AutoTests" name="[18] /home/travis/build/icyphy/ptII/ptolemy/domains/de/test/auto/DateToEvent.xml (RunModel)" time="2.04" />
  <testcase classname="ptolemy.util.test.junit.AutoTests" name="[19] /home/travis/build/icyphy/ptII/ptolemy/domains/de/test/auto/DepthTest1.xml (RunModel)" time="0.01" />
  <testcase classname="ptolemy.util.test.junit.AutoTests" name="[20] /home/travis/build/icyphy/ptII/ptolemy/domains/de/test/auto/DepthTest2.xml (RunModel)" time="0.02" />
  <testcase classname="ptolemy.util.test.junit.AutoTests" name="[21] /home/travis/build/icyphy/ptII/ptolemy/domains/de/test/auto/DepthTest3.xml (RunModel)" time="0.011" />
  <testcase classname="ptolemy.util.test.junit.AutoTests" name="[22] /home/travis/build/icyphy/ptII/ptolemy/domains/de/test/auto/DepthTest4.xml (RunModel)" time="0.012" />
  <testcase classname="ptolemy.util.test.junit.AutoTests" name="[23] /home/travis/build/icyphy/ptII/ptolemy/domains/de/test/auto/DepthTest5.xml (RunModel)" time="0.015" />
  <testcase classname="ptolemy.util.test.junit.AutoTests" name="[24] /home/travis/build/icyphy/ptII/ptolemy/domains/de/test/auto/DepthTest6.xml (RunModel)" time="0.012" />
  <testcase classname="ptolemy.util.test.junit.AutoTests" name="[25] /home/travis/build/icyphy/ptII/ptolemy/domains/de/test/auto/DepthTest7.xml (RunModel)" time="0.017" />
  <testcase classname="ptolemy.util.test.junit.AutoTests" name="[26] /home/travis/build/icyphy/ptII/ptolemy/domains/de/test/auto/EventToDate.xml (RunModel)" time="3.033" />
  <testcase classname="ptolemy.util.test.junit.AutoTests" name="[27] /home/travis/build/icyphy/ptII/ptolemy/domains/de/test/auto/FSM1.xml (RunModel)" time="0.036" />
  <testcase classname="ptolemy.util.test.junit.AutoTests" name="[28] /home/travis/build/icyphy/ptII/ptolemy/domains/de/test/auto/FSM7.xml (RunModel)" time="0.029" />
  <testcase classname="ptolemy.util.test.junit.AutoTests" name="[29] /home/travis/build/icyphy/ptII/ptolemy/domains/de/test/auto/Inspection.xml (RunModel)" time="0.034" />
  <testcase classname="ptolemy.util.test.junit.AutoTests" name="[30] /home/travis/build/icyphy/ptII/ptolemy/domains/de/test/auto/Iteration.xml (RunModel)" time="0.016" />
  <testcase classname="ptolemy.util.test.junit.AutoTests" name="[31] /home/travis/build/icyphy/ptII/ptolemy/domains/de/test/auto/LineFault.xml (RunModel)" time="0.574" />
  <testcase classname="ptolemy.util.test.junit.AutoTests" name="[32] /home/travis/build/icyphy/ptII/ptolemy/domains/de/test/auto/MergeModel1Add.xml (RunModel)" time="0.039" />
  <testcase classname="ptolemy.util.test.junit.AutoTests" name="[33] /home/travis/build/icyphy/ptII/ptolemy/domains/de/test/auto/MergeModel2Add.xml (RunModel)" time="0.034" />
  <testcase classname="ptolemy.util.test.junit.AutoTests" name="[34] /home/travis/build/icyphy/ptII/ptolemy/domains/de/test/auto/MergeModel3Add.xml (RunModel)" time="0.037" />
  <testcase classname="ptolemy.util.test.junit.AutoTests" name="[35] /home/travis/build/icyphy/ptII/ptolemy/domains/de/test/auto/MergeWithoutDiscard.xml (RunModel)" time="0.009" />
  <testcase classname="ptolemy.util.test.junit.AutoTests" name="[36] /home/travis/build/icyphy/ptII/ptolemy/domains/de/test/auto/Modal1.xml (RunModel)" time="0.024" />
  <testcase classname="ptolemy.util.test.junit.AutoTests" name="[37] /home/travis/build/icyphy/ptII/ptolemy/domains/de/test/auto/Modal2.xml (RunModel)" time="0.024" />
  <testcase classname="ptolemy.util.test.junit.AutoTests" name="[38] /home/travis/build/icyphy/ptII/ptolemy/domains/de/test/auto/Modal3.xml (RunModel)" time="0.029" />
  <testcase classname="ptolemy.util.test.junit.AutoTests" name="[39] /home/travis/build/icyphy/ptII/ptolemy/domains/de/test/auto/Modal4.xml (RunModel)" time="0.028" />
  <testcase classname="ptolemy.util.test.junit.AutoTests" name="[40] /home/travis/build/icyphy/ptII/ptolemy/domains/de/test/auto/Modal5.xml (RunModel)" time="0.024" />
  <testcase classname="ptolemy.util.test.junit.AutoTests" name="[41] /home/travis/build/icyphy/ptII/ptolemy/domains/de/test/auto/Modal6.xml (RunModel)" time="0.024" />
  <testcase classname="ptolemy.util.test.junit.AutoTests" name="[42] /home/travis/build/icyphy/ptII/ptolemy/domains/de/test/auto/Modal7.xml (RunModel)" time="0.025" />
  <testcase classname="ptolemy.util.test.junit.AutoTests" name="[43] /home/travis/build/icyphy/ptII/ptolemy/domains/de/test/auto/ModalModel.xml (RunModel)" time="0.144" />
  <testcase classname="ptolemy.util.test.junit.AutoTests" name="[44] /home/travis/build/icyphy/ptII/ptolemy/domains/de/test/auto/ModalSource.xml (RunModel)" time="0.018" />
  <testcase classname="ptolemy.util.test.junit.AutoTests" name="[45] /home/travis/build/icyphy/ptII/ptolemy/domains/de/test/auto/NonInterruptibleTimerZeroDelay.xml (RunModel)" time="0.008" />
  <testcase classname="ptolemy.util.test.junit.AutoTests" name="[46] /home/travis/build/icyphy/ptII/ptolemy/domains/de/test/auto/OpenQueueingNetwork.xml (RunModel)" time="1.989" />
  <testcase classname="ptolemy.util.test.junit.AutoTests" name="[47] /home/travis/build/icyphy/ptII/ptolemy/domains/de/test/auto/OpenQueuingNetwork.xml (RunModel)" time="0.267" />
  <testcase classname="ptolemy.util.test.junit.AutoTests" name="[48] /home/travis/build/icyphy/ptII/ptolemy/domains/de/test/auto/PeriodicSampler.xml (RunModel)" time="0.007" />
  <testcase classname="ptolemy.util.test.junit.AutoTests" name="[49] /home/travis/build/icyphy/ptII/ptolemy/domains/de/test/auto/PersistentIO.xml (RunModel)" time="0.018" />
  <testcase classname="ptolemy.util.test.junit.AutoTests" name="[50] /home/travis/build/icyphy/ptII/ptolemy/domains/de/test/auto/PortParameterResetOnInitialize.xml (RunModel)" time="0.009" />
  <testcase classname="ptolemy.util.test.junit.AutoTests" name="[51] /home/travis/build/icyphy/ptII/ptolemy/domains/de/test/auto/PortParameterUpdates.xml (RunModel)" time="0.016" />
  <testcase classname="ptolemy.util.test.junit.AutoTests" name="[52] /home/travis/build/icyphy/ptII/ptolemy/domains/de/test/auto/QueueAndServer.xml (RunModel)" time="0.02" />
  <testcase classname="ptolemy.util.test.junit.AutoTests" name="[53] /home/travis/build/icyphy/ptII/ptolemy/domains/de/test/auto/Records.xml (RunModel)" time="0.016" />
  <testcase classname="ptolemy.util.test.junit.AutoTests" name="[54] /home/travis/build/icyphy/ptII/ptolemy/domains/de/test/auto/ResetTransitionWithStartTime1.xml (RunModel)" time="0.02" />
  <testcase classname="ptolemy.util.test.junit.AutoTests" name="[55] /home/travis/build/icyphy/ptII/ptolemy/domains/de/test/auto/ResetTransitionWithStartTime2.xml (RunModel)" time="0.016" />
  <testcase classname="ptolemy.util.test.junit.AutoTests" name="[56] /home/travis/build/icyphy/ptII/ptolemy/domains/de/test/auto/ResetTransitionWithStartTime3.xml (RunModel)" time="0.02" />
  <testcase classname="ptolemy.util.test.junit.AutoTests" name="[57] /home/travis/build/icyphy/ptII/ptolemy/domains/de/test/auto/ResetTransitionWithStartTime4.xml (RunModel)" time="0.017" />
  <testcase classname="ptolemy.util.test.junit.AutoTests" name="[58] /home/travis/build/icyphy/ptII/ptolemy/domains/de/test/auto/ResettableTimer1.xml (RunModel)" time="0.01" />
  <testcase classname="ptolemy.util.test.junit.AutoTests" name="[59] /home/travis/build/icyphy/ptII/ptolemy/domains/de/test/auto/ResettableTimer2.xml (RunModel)" time="0.008" />
  <testcase classname="ptolemy.util.test.junit.AutoTests" name="[60] /home/travis/build/icyphy/ptII/ptolemy/domains/de/test/auto/ResettableTimer3.xml (RunModel)" time="0.008" />
  <testcase classname="ptolemy.util.test.junit.AutoTests" name="[61] /home/travis/build/icyphy/ptII/ptolemy/domains/de/test/auto/ResettableTimer4.xml (RunModel)" time="0.008" />
  <testcase classname="ptolemy.util.test.junit.AutoTests" name="[62] /home/travis/build/icyphy/ptII/ptolemy/domains/de/test/auto/ResettableTimer5.xml (RunModel)" time="0.009" />
  <testcase classname="ptolemy.util.test.junit.AutoTests" name="[63] /home/travis/build/icyphy/ptII/ptolemy/domains/de/test/auto/ResettableTimer6.xml (RunModel)" time="0.01" />
  <testcase classname="ptolemy.util.test.junit.AutoTests" name="[64] /home/travis/build/icyphy/ptII/ptolemy/domains/de/test/auto/ServerZeroDelay.xml (RunModel)" time="0.009" />
  <testcase classname="ptolemy.util.test.junit.AutoTests" name="[65] /home/travis/build/icyphy/ptII/ptolemy/domains/de/test/auto/SmartSender.xml (RunModel)" time="3.008" />
  <testcase classname="ptolemy.util.test.junit.AutoTests" name="[66] /home/travis/build/icyphy/ptII/ptolemy/domains/de/test/auto/ThreadedComposite.xml (RunModel)" time="1.323" />
  <testcase classname="ptolemy.util.test.junit.AutoTests" name="[67] /home/travis/build/icyphy/ptII/ptolemy/domains/de/test/auto/Time.xml (RunModel)" time="0.408" />
  <testcase classname="ptolemy.util.test.junit.AutoTests" name="[68] /home/travis/build/icyphy/ptII/ptolemy/domains/de/test/auto/TimeDelayZeroDelay.xml (RunModel)" time="0.011" />
  <testcase classname="ptolemy.util.test.junit.AutoTests" name="[69] /home/travis/build/icyphy/ptII/ptolemy/domains/de/test/auto/TimerZeroDelay.xml (RunModel)" time="0.009" />
  <testcase classname="ptolemy.util.test.junit.AutoTests" name="[70] /home/travis/build/icyphy/ptII/ptolemy/domains/de/test/auto/TimingParadox.xml (RunModel)" time="0.336" />
  <testcase classname="ptolemy.util.test.junit.AutoTests" name="[71] /home/travis/build/icyphy/ptII/ptolemy/domains/de/test/auto/TransferInputs.xml (RunModel)" time="0.017" />
  <testcase classname="ptolemy.util.test.junit.AutoTests" name="[72] /home/travis/build/icyphy/ptII/ptolemy/domains/de/test/auto/TransferOutputs2.xml (RunModel)" time="0.013" />
  <testcase classname="ptolemy.util.test.junit.AutoTests" name="[73] /home/travis/build/icyphy/ptII/ptolemy/domains/de/test/auto/Trilateration.xml (RunModel)" time="11.058" />
  <testcase classname="ptolemy.util.test.junit.AutoTests" name="[74] /home/travis/build/icyphy/ptII/ptolemy/domains/de/test/auto/TwoSigmaDelta.xml (RunModel)" time="1.864" />
  <testcase classname="ptolemy.util.test.junit.AutoTests" name="[75] /home/travis/build/icyphy/ptII/ptolemy/domains/de/test/auto/VariableDelay.xml (RunModel)" time="0.015" />
  <testcase classname="ptolemy.util.test.junit.AutoTests" name="[76] /home/travis/build/icyphy/ptII/ptolemy/domains/de/test/auto/VariableDelay2.xml (RunModel)" time="0.01" />
  <testcase classname="ptolemy.util.test.junit.AutoTests" name="[77] /home/travis/build/icyphy/ptII/ptolemy/domains/de/test/auto/VariableDelayZeroDelay.xml (RunModel)" time="0.014" />
  <testcase classname="ptolemy.util.test.junit.AutoTests" name="[78] /home/travis/build/icyphy/ptII/ptolemy/domains/de/test/auto/VariableDelayZeroDelay2.xml (RunModel)" time="0.025" />
  <testcase classname="ptolemy.util.test.junit.AutoTests" name="[79] /home/travis/build/icyphy/ptII/ptolemy/domains/de/test/auto/deInCt.xml (RunModel)" time="0.012" />
  <testcase classname="ptolemy.util.test.junit.AutoTests" name="[80] /home/travis/build/icyphy/ptII/ptolemy/domains/de/test/auto/deInCt2.xml (RunModel)" time="0.019" />
  <testcase classname="ptolemy.util.test.junit.AutoTests" name="[81] /home/travis/build/icyphy/ptII/ptolemy/domains/de/test/auto/dynamicCausalityInterface1.xml (RunModel)" time="0.021" />
  <testcase classname="ptolemy.util.test.junit.AutoTests" name="[82] /home/travis/build/icyphy/ptII/ptolemy/domains/de/test/auto/fsm_de_test.xml (RunModel)" time="0.019" />
  <testcase classname="ptolemy.util.test.junit.AutoTests" name="[83] /home/travis/build/icyphy/ptII/ptolemy/domains/de/test/auto/functionDependencyReconstruction.xml (RunModel)" time="0.028" />
  <testcase classname="ptolemy.util.test.junit.AutoTests" name="[84] /home/travis/build/icyphy/ptII/ptolemy/domains/de/test/auto/multirate.xml (RunModel)" time="0.015" />
  <testcase classname="ptolemy.util.test.junit.AutoTests" name="[85] /home/travis/build/icyphy/ptII/ptolemy/domains/de/test/auto/multirate2.xml (RunModel)" time="0.015" />
  <testcase classname="ptolemy.util.test.junit.AutoTests" name="[86] /home/travis/build/icyphy/ptII/ptolemy/domains/de/test/auto/realtime.xml (RunModel)" time="10.015" />
  <testcase classname="ptolemy.util.test.junit.AutoTests" name="[87] /home/travis/build/icyphy/ptII/ptolemy/domains/de/test/auto/relationGroup.xml (RunModel)" time="0.013" />
  <testcase classname="ptolemy.util.test.junit.AutoTests" name="[88] /home/travis/build/icyphy/ptII/ptolemy/domains/de/test/auto/relationGroup2.xml (RunModel)" time="0.009" />
  <testcase classname="ptolemy.util.test.junit.AutoTests" name="[89] /home/travis/build/icyphy/ptII/ptolemy/domains/de/test/auto/sortWithOpaquePorts.xml (RunModel)" time="0.01" />
  <testcase classname="ptolemy.util.test.junit.AutoTests" name="[90] /home/travis/build/icyphy/ptII/ptolemy/domains/de/test/auto/transferInputsandOutputs.xml (RunModel)" time="0.015" />
  <testcase classname="ptolemy.util.test.junit.AutoTests" name="[91] /home/travis/build/icyphy/ptII/ptolemy/domains/de/test/auto/triggerType.xml (RunModel)" time="0.008" />
  <system-out><![CDATA[/home/travis/build/icyphy/ptII/ptolemy/domains/de/test/DependencyLoop.tcl
testDefs.tcl: setting time out to 9000 seconds at Wed Jan 30 07:41:48 UTC 2019
17 ms. Memory: 116224K Free: 97390K (84%)
18 ms. Memory: 146944K Free: 141236K (96%)
/home/travis/build/icyphy/ptII/ptolemy/domains/de/test/RunDETestsAsQSS.tcl
Run the DE tests using ptolemy.domains.qss.test.QSSDirectorTest, which extends QSSDirector and prints a message in the constructors.
------------------ testing $PTII/ptolemy/domains/de/test/auto/knownFailedTests/dependencyLoop.xml (Known Failure) 
12 ms. Memory: 146944K Free: 136585K (93%)


==== $PTIIhome/travis/build/icyphy/ptII/ptolemy/domains/de/test/../../../../: Auto Automatic test in file $PTII/ptolemy/domains/de/test/auto/knownFailedTests/dependencyLoop.xml
==== Contents of test case:

	    # FIXME: we should use $relativeFilename here, but it
	    # might have backslashes under Windows, which causes no end
	    # of trouble.
	    createAndExecute $file
	    list {}
	
.... Test generated KNOWN error:
    while executing
ptolemy.kernel.util.IllegalActionException: Found a zero delay loop containing .dependencyLoop.original
  in .dependencyLoop and .dependencyLoop.original
	at ptolemy.actor.util.CausalityInterfaceForComposites._computeOutputPortDepth(CausalityInterfaceForComposites.java:759)
	at ptolemy.actor.util.CausalityInterfaceForComposites._computeInputDepth(CausalityInterfaceForComposites.java:696)
	at ptolemy.actor.util.CausalityInterfaceForComposites._computeOutputPortDepth(CausalityInterfaceForComposites.java:765)
	at ptolemy.actor.util.CausalityInterfaceForComposites._computeInputDepth(CausalityInterfaceForComposites.java:696)
	at ptolemy.actor.util.CausalityInterfaceForComposites._computeOutputPortDepth(CausalityInterfaceForComposites.java:765)
	at ptolemy.actor.util.CausalityInterfaceForComposites._computeInputDepth(CausalityInterfaceForComposites.java:696)
	at ptolemy.actor.util.CausalityInterfaceForComposites._computeActorDepth(CausalityInterfaceForComposites.java:532)
	at ptolemy.actor.util.CausalityInterfaceForComposites.checkForCycles(CausalityInterfaceForComposites.java:96)
	at ptolemy.domains.de.kernel.DEDirector.preinitialize(DEDirector.java:1338)
	at ptolemy.actor.CompositeActor.preinitialize(CompositeActor.java:1828)
	at ptolemy.actor.Manager.preinitializeAndResolveTypes(Manager.java:1040)
	at ptolemy.actor.Manager.initialize(Manager.java:710)
	at ptolemy.actor.Manager.execute(Manager.java:356)
	at ptolemy.actor.Manager.run(Manager.java:1263)
	at ptolemy.actor.Manager$PtolemyRunThread.run(Manager.java:1915)

    while executing
ptolemy.kernel.util.IllegalActionException: Found a zero delay loop containing .dependencyLoop.original
  in .dependencyLoop and .dependencyLoop.original
    while executing
"java::new ptolemy.moml.MoMLSimpleApplication $file
"
    (procedure "createAndExecute" line 2)
    invoked from within
"createAndExecute $file"
    ("uplevel" body line 5)
    invoked from within
"uplevel $contents_of_test"
------------------ testing $PTII/ptolemy/domains/de/test/auto/knownFailedTests/DESDFClockTest.xml (Known Failure) 
2093 ms. Memory: 146944K Free: 121422K (83%)


==== $PTIIhome/travis/build/icyphy/ptII/ptolemy/domains/de/test/../../../../: Auto Automatic test in file $PTII/ptolemy/domains/de/test/auto/knownFailedTests/DESDFClockTest.xml
==== Contents of test case:

	    # FIXME: we should use $relativeFilename here, but it
	    # might have backslashes under Windows, which causes no end
	    # of trouble.
	    createAndExecute $file
	    list {}
	
.... Test generated KNOWN error:
    while executing
ptolemy.kernel.util.IllegalActionException: Actor is not ready to fire.  Perhaps UpSample.prefire() returned false? Try debugging the actor by selecting "Listen to Actor".  Also, for SDF check moml for tokenConsumptionRate on input.
  in .DESDFClockTest.Play Bell.Copy1:SDF Director and .DESDFClockTest.Play Bell.UpSample
	at ptolemy.actor.sched.StaticSchedulingDirector.fire(StaticSchedulingDirector.java:227)
	at ptolemy.domains.sdf.kernel.SDFDirector.fire(SDFDirector.java:500)
	at ptolemy.actor.CompositeActor.fire(CompositeActor.java:455)
	at ptolemy.domains.de.kernel.DEDirector._fire(DEDirector.java:1949)
	at ptolemy.domains.de.kernel.DEDirector.fire(DEDirector.java:502)
	at ptolemy.actor.CompositeActor.fire(CompositeActor.java:455)
	at ptolemy.actor.Manager.iterate(Manager.java:851)
	at ptolemy.actor.Manager.execute(Manager.java:369)
	at ptolemy.actor.Manager.run(Manager.java:1263)
	at ptolemy.actor.Manager$PtolemyRunThread.run(Manager.java:1915)

    while executing
ptolemy.kernel.util.IllegalActionException: Actor is not ready to fire.  Perhaps UpSample.prefire() returned false? Try debugging the actor by selecting "Listen to Actor".  Also, for SDF check moml for tokenConsumptionRate on input.
  in .DESDFClockTest.Play Bell.Copy1:SDF Director and .DESDFClockTest.Play Bell.UpSample
    while executing
"java::new ptolemy.moml.MoMLSimpleApplication $file
"
    (procedure "createAndExecute" line 2)
    invoked from within
"createAndExecute $file"
    ("uplevel" body line 5)
    invoked from within
"uplevel $contents_of_test"
------------------ testing $PTII/ptolemy/domains/de/test/auto/knownFailedTests/FSMSource.xml (Known Failure) 
26 ms. Memory: 146944K Free: 112011K (76%)
!!!! Auto was marked as failing, but now passes
------------------ testing $PTII/ptolemy/domains/de/test/auto/knownFailedTests/dependencyLoop2.xml (Known Failure) 
5 ms. Memory: 146944K Free: 110152K (75%)


==== $PTIIhome/travis/build/icyphy/ptII/ptolemy/domains/de/test/../../../../: Auto Automatic test in file $PTII/ptolemy/domains/de/test/auto/knownFailedTests/dependencyLoop2.xml
==== Contents of test case:

	    # FIXME: we should use $relativeFilename here, but it
	    # might have backslashes under Windows, which causes no end
	    # of trouble.
	    createAndExecute $file
	    list {}
	
.... Test generated KNOWN error:
    while executing
ptolemy.kernel.util.IllegalActionException: Found a zero delay loop containing .dependencyLoop2.original
  in .dependencyLoop2 and .dependencyLoop2.original
	at ptolemy.actor.util.CausalityInterfaceForComposites._computeOutputPortDepth(CausalityInterfaceForComposites.java:759)
	at ptolemy.actor.util.CausalityInterfaceForComposites._computeInputDepth(CausalityInterfaceForComposites.java:696)
	at ptolemy.actor.util.CausalityInterfaceForComposites._computeOutputPortDepth(CausalityInterfaceForComposites.java:765)
	at ptolemy.actor.util.CausalityInterfaceForComposites._computeInputDepth(CausalityInterfaceForComposites.java:696)
	at ptolemy.actor.util.CausalityInterfaceForComposites._computeOutputPortDepth(CausalityInterfaceForComposites.java:765)
	at ptolemy.actor.util.CausalityInterfaceForComposites._computeInputDepth(CausalityInterfaceForComposites.java:696)
	at ptolemy.actor.util.CausalityInterfaceForComposites._computeActorDepth(CausalityInterfaceForComposites.java:532)
	at ptolemy.actor.util.CausalityInterfaceForComposites.checkForCycles(CausalityInterfaceForComposites.java:96)
	at ptolemy.domains.de.kernel.DEDirector.preinitialize(DEDirector.java:1338)
	at ptolemy.actor.CompositeActor.preinitialize(CompositeActor.java:1828)
	at ptolemy.actor.Manager.preinitializeAndResolveTypes(Manager.java:1040)
	at ptolemy.actor.Manager.initialize(Manager.java:710)
	at ptolemy.actor.Manager.execute(Manager.java:356)
	at ptolemy.actor.Manager.run(Manager.java:1263)
	at ptolemy.actor.Manager$PtolemyRunThread.run(Manager.java:1915)

    while executing
ptolemy.kernel.util.IllegalActionException: Found a zero delay loop containing .dependencyLoop2.original
  in .dependencyLoop2 and .dependencyLoop2.original
    while executing
"java::new ptolemy.moml.MoMLSimpleApplication $file
"
    (procedure "createAndExecute" line 2)
    invoked from within
"createAndExecute $file"
    ("uplevel" body line 5)
    invoked from within
"uplevel $contents_of_test"
------------------ testing $PTII/ptolemy/domains/de/test/auto/knownFailedTests/HierarchicalModel.xml (Known Failure) 
8 ms. Memory: 146944K Free: 89986K (61%)


==== $PTIIhome/travis/build/icyphy/ptII/ptolemy/domains/de/test/../../../../: Auto Automatic test in file $PTII/ptolemy/domains/de/test/auto/knownFailedTests/HierarchicalModel.xml
==== Contents of test case:

	    # FIXME: we should use $relativeFilename here, but it
	    # might have backslashes under Windows, which causes no end
	    # of trouble.
	    createAndExecute $file
	    list {}
	
.... Test generated KNOWN error:
    while executing
ptolemy.kernel.util.IllegalActionException: Found a zero delay loop containing .HierarchicalModel.A
  in .HierarchicalModel and .HierarchicalModel.A
	at ptolemy.actor.util.CausalityInterfaceForComposites._computeOutputPortDepth(CausalityInterfaceForComposites.java:759)
	at ptolemy.actor.util.CausalityInterfaceForComposites._computeInputDepth(CausalityInterfaceForComposites.java:696)
	at ptolemy.actor.util.CausalityInterfaceForComposites._computeOutputPortDepth(CausalityInterfaceForComposites.java:765)
	at ptolemy.actor.util.CausalityInterfaceForComposites._computeInputDepth(CausalityInterfaceForComposites.java:696)
	at ptolemy.actor.util.CausalityInterfaceForComposites._computeOutputPortDepth(CausalityInterfaceForComposites.java:765)
	at ptolemy.actor.util.CausalityInterfaceForComposites._computeInputDepth(CausalityInterfaceForComposites.java:696)
	at ptolemy.actor.util.CausalityInterfaceForComposites._computeActorDepth(CausalityInterfaceForComposites.java:532)
	at ptolemy.actor.util.CausalityInterfaceForComposites.checkForCycles(CausalityInterfaceForComposites.java:96)
	at ptolemy.domains.de.kernel.DEDirector.preinitialize(DEDirector.java:1338)
	at ptolemy.actor.CompositeActor.preinitialize(CompositeActor.java:1828)
	at ptolemy.actor.Manager.preinitializeAndResolveTypes(Manager.java:1040)
	at ptolemy.actor.Manager.initialize(Manager.java:710)
	at ptolemy.actor.Manager.execute(Manager.java:356)
	at ptolemy.actor.Manager.run(Manager.java:1263)
	at ptolemy.actor.Manager$PtolemyRunThread.run(Manager.java:1915)

    while executing
ptolemy.kernel.util.IllegalActionException: Found a zero delay loop containing .HierarchicalModel.A
  in .HierarchicalModel and .HierarchicalModel.A
    while executing
"java::new ptolemy.moml.MoMLSimpleApplication $file
"
    (procedure "createAndExecute" line 2)
    invoked from within
"createAndExecute $file"
    ("uplevel" body line 5)
    invoked from within
"uplevel $contents_of_test"
------------------ testing $PTII/ptolemy/domains/de/test/auto/knownFailedTests/DirectFeedback.xml (Known Failure) 
4 ms. Memory: 146944K Free: 85866K (58%)


==== $PTIIhome/travis/build/icyphy/ptII/ptolemy/domains/de/test/../../../../: Auto Automatic test in file $PTII/ptolemy/domains/de/test/auto/knownFailedTests/DirectFeedback.xml
==== Contents of test case:

	    # FIXME: we should use $relativeFilename here, but it
	    # might have backslashes under Windows, which causes no end
	    # of trouble.
	    createAndExecute $file
	    list {}
	
.... Test generated KNOWN error:
    while executing
ptolemy.kernel.util.IllegalActionException: Test fails in iteration 1.
Value was: 1.0. Should have been: 2.0
  in .DirectFeedback.Test
	at ptolemy.actor.lib.Test.fire(Test.java:268)
	at ptolemy.domains.de.kernel.DEDirector._fire(DEDirector.java:1949)
	at ptolemy.domains.de.kernel.DEDirector.fire(DEDirector.java:502)
	at ptolemy.actor.CompositeActor.fire(CompositeActor.java:455)
	at ptolemy.actor.Manager.iterate(Manager.java:851)
	at ptolemy.actor.Manager.execute(Manager.java:369)
	at ptolemy.actor.Manager.run(Manager.java:1263)
	at ptolemy.actor.Manager$PtolemyRunThread.run(Manager.java:1915)

    while executing
ptolemy.kernel.util.IllegalActionException: Test fails in iteration 1.
Value was: 1.0. Should have been: 2.0
  in .DirectFeedback.Test
    while executing
"java::new ptolemy.moml.MoMLSimpleApplication $file
"
    (procedure "createAndExecute" line 2)
    invoked from within
"createAndExecute $file"
    ("uplevel" body line 5)
    invoked from within
"uplevel $contents_of_test"
------------------ testing $PTII/ptolemy/domains/de/test/auto/ActorDepthCalculation_actorWithoutPorts.xml
auto.tcl: Setting watchdog for 200 seconds at Wed Jan 30 07:41:51 UTC 2019
3 ms. Memory: 146944K Free: 138995K (95%)
ptolemy.util.test.WatchDog.cancel(): canceling Wed Jan 30 07:41:51 UTC 2019
auto.tcl: Setting watchdog for 200 seconds at Wed Jan 30 07:41:51 UTC 2019
4 ms. Memory: 146944K Free: 136703K (93%)
ptolemy.util.test.WatchDog.cancel(): canceling Wed Jan 30 07:41:51 UTC 2019
------------------ testing $PTII/ptolemy/domains/de/test/auto/AssemblyLine.xml
auto.tcl: Setting watchdog for 200 seconds at Wed Jan 30 07:41:52 UTC 2019
13 ms. Memory: 208384K Free: 183436K (88%)
ptolemy.util.test.WatchDog.cancel(): canceling Wed Jan 30 07:41:52 UTC 2019
auto.tcl: Setting watchdog for 200 seconds at Wed Jan 30 07:41:52 UTC 2019
10 ms. Memory: 208384K Free: 183436K (88%)
ptolemy.util.test.WatchDog.cancel(): canceling Wed Jan 30 07:41:52 UTC 2019
------------------ testing $PTII/ptolemy/domains/de/test/auto/CQBug1.xml
auto.tcl: Setting watchdog for 200 seconds at Wed Jan 30 07:41:52 UTC 2019
3 ms. Memory: 208384K Free: 197924K (95%)
ptolemy.util.test.WatchDog.cancel(): canceling Wed Jan 30 07:41:52 UTC 2019
auto.tcl: Setting watchdog for 200 seconds at Wed Jan 30 07:41:52 UTC 2019
1 ms. Memory: 208384K Free: 197924K (95%)
ptolemy.util.test.WatchDog.cancel(): canceling Wed Jan 30 07:41:52 UTC 2019
------------------ testing $PTII/ptolemy/domains/de/test/auto/CancelFireAt.xml
auto.tcl: Setting watchdog for 200 seconds at Wed Jan 30 07:41:52 UTC 2019
4 ms. Memory: 208384K Free: 201574K (97%)
ptolemy.util.test.WatchDog.cancel(): canceling Wed Jan 30 07:41:52 UTC 2019
auto.tcl: Setting watchdog for 200 seconds at Wed Jan 30 07:41:52 UTC 2019
3 ms. Memory: 208384K Free: 199022K (96%)
ptolemy.util.test.WatchDog.cancel(): canceling Wed Jan 30 07:41:52 UTC 2019
------------------ testing $PTII/ptolemy/domains/de/test/auto/CausalityAndComposabilityAnalysis.xml
auto.tcl: Setting watchdog for 200 seconds at Wed Jan 30 07:41:52 UTC 2019
24 ms. Memory: 208384K Free: 198611K (95%)
ptolemy.util.test.WatchDog.cancel(): canceling Wed Jan 30 07:41:52 UTC 2019
auto.tcl: Setting watchdog for 200 seconds at Wed Jan 30 07:41:52 UTC 2019
4 ms. Memory: 208384K Free: 196563K (94%)
ptolemy.util.test.WatchDog.cancel(): canceling Wed Jan 30 07:41:52 UTC 2019
------------------ testing $PTII/ptolemy/domains/de/test/auto/CausalityInterface1.xml
auto.tcl: Setting watchdog for 200 seconds at Wed Jan 30 07:41:52 UTC 2019
9 ms. Memory: 208384K Free: 196499K (94%)
ptolemy.util.test.WatchDog.cancel(): canceling Wed Jan 30 07:41:52 UTC 2019
auto.tcl: Setting watchdog for 200 seconds at Wed Jan 30 07:41:52 UTC 2019
4 ms. Memory: 208384K Free: 196499K (94%)
ptolemy.util.test.WatchDog.cancel(): canceling Wed Jan 30 07:41:52 UTC 2019
------------------ testing $PTII/ptolemy/domains/de/test/auto/CausalityInterface15.xml
auto.tcl: Setting watchdog for 200 seconds at Wed Jan 30 07:41:52 UTC 2019
10 ms. Memory: 208384K Free: 196482K (94%)
ptolemy.util.test.WatchDog.cancel(): canceling Wed Jan 30 07:41:52 UTC 2019
auto.tcl: Setting watchdog for 200 seconds at Wed Jan 30 07:41:52 UTC 2019
6 ms. Memory: 208384K Free: 196482K (94%)
ptolemy.util.test.WatchDog.cancel(): canceling Wed Jan 30 07:41:52 UTC 2019
------------------ testing $PTII/ptolemy/domains/de/test/auto/CausalityInterface2.xml
auto.tcl: Setting watchdog for 200 seconds at Wed Jan 30 07:41:53 UTC 2019
7 ms. Memory: 208384K Free: 196465K (94%)
ptolemy.util.test.WatchDog.cancel(): canceling Wed Jan 30 07:41:53 UTC 2019
auto.tcl: Setting watchdog for 200 seconds at Wed Jan 30 07:41:53 UTC 2019
3 ms. Memory: 208384K Free: 196465K (94%)
ptolemy.util.test.WatchDog.cancel(): canceling Wed Jan 30 07:41:53 UTC 2019
------------------ testing $PTII/ptolemy/domains/de/test/auto/CausalityInterface3.xml
auto.tcl: Setting watchdog for 200 seconds at Wed Jan 30 07:41:53 UTC 2019
6 ms. Memory: 208384K Free: 196501K (94%)
ptolemy.util.test.WatchDog.cancel(): canceling Wed Jan 30 07:41:53 UTC 2019
auto.tcl: Setting watchdog for 200 seconds at Wed Jan 30 07:41:53 UTC 2019
4 ms. Memory: 208384K Free: 196501K (94%)
ptolemy.util.test.WatchDog.cancel(): canceling Wed Jan 30 07:41:53 UTC 2019
------------------ testing $PTII/ptolemy/domains/de/test/auto/ClockDrift.xml
auto.tcl: Setting watchdog for 200 seconds at Wed Jan 30 07:41:53 UTC 2019
93 ms. Memory: 208384K Free: 187928K (90%)
ptolemy.util.test.WatchDog.cancel(): canceling Wed Jan 30 07:41:53 UTC 2019
auto.tcl: Setting watchdog for 200 seconds at Wed Jan 30 07:41:53 UTC 2019
48 ms. Memory: 208384K Free: 185888K (89%)
ptolemy.util.test.WatchDog.cancel(): canceling Wed Jan 30 07:41:53 UTC 2019
------------------ testing $PTII/ptolemy/domains/de/test/auto/ClockDriftAndValueChange.xml
auto.tcl: Setting watchdog for 200 seconds at Wed Jan 30 07:41:53 UTC 2019
56 ms. Memory: 208384K Free: 187722K (90%)
ptolemy.util.test.WatchDog.cancel(): canceling Wed Jan 30 07:41:53 UTC 2019
auto.tcl: Setting watchdog for 200 seconds at Wed Jan 30 07:41:53 UTC 2019
28 ms. Memory: 208384K Free: 185690K (89%)
ptolemy.util.test.WatchDog.cancel(): canceling Wed Jan 30 07:41:53 UTC 2019
------------------ testing $PTII/ptolemy/domains/de/test/auto/ClockDriftChange.xml
auto.tcl: Setting watchdog for 200 seconds at Wed Jan 30 07:41:53 UTC 2019
20 ms. Memory: 208384K Free: 191014K (92%)
ptolemy.util.test.WatchDog.cancel(): canceling Wed Jan 30 07:41:53 UTC 2019
auto.tcl: Setting watchdog for 200 seconds at Wed Jan 30 07:41:53 UTC 2019
17 ms. Memory: 208384K Free: 188982K (91%)
ptolemy.util.test.WatchDog.cancel(): canceling Wed Jan 30 07:41:53 UTC 2019
------------------ testing $PTII/ptolemy/domains/de/test/auto/ComposableCausalityAnalysis.xml
auto.tcl: Setting watchdog for 200 seconds at Wed Jan 30 07:41:53 UTC 2019
2 ms. Memory: 208384K Free: 196348K (94%)
ptolemy.util.test.WatchDog.cancel(): canceling Wed Jan 30 07:41:53 UTC 2019
auto.tcl: Setting watchdog for 200 seconds at Wed Jan 30 07:41:53 UTC 2019
1 ms. Memory: 208384K Free: 194308K (93%)
ptolemy.util.test.WatchDog.cancel(): canceling Wed Jan 30 07:41:53 UTC 2019
------------------ testing $PTII/ptolemy/domains/de/test/auto/DEFixedPointLimitation.xml
auto.tcl: Setting watchdog for 200 seconds at Wed Jan 30 07:41:53 UTC 2019
2 ms. Memory: 208384K Free: 198469K (95%)
ptolemy.util.test.WatchDog.cancel(): canceling Wed Jan 30 07:41:53 UTC 2019
auto.tcl: Setting watchdog for 200 seconds at Wed Jan 30 07:41:53 UTC 2019
1 ms. Memory: 208384K Free: 196436K (94%)
ptolemy.util.test.WatchDog.cancel(): canceling Wed Jan 30 07:41:53 UTC 2019
------------------ testing $PTII/ptolemy/domains/de/test/auto/DEScheduleTest.xml
auto.tcl: Setting watchdog for 200 seconds at Wed Jan 30 07:41:53 UTC 2019
3 ms. Memory: 208384K Free: 199016K (96%)
ptolemy.util.test.WatchDog.cancel(): canceling Wed Jan 30 07:41:53 UTC 2019
auto.tcl: Setting watchdog for 200 seconds at Wed Jan 30 07:41:53 UTC 2019
6 ms. Memory: 208384K Free: 196448K (94%)
ptolemy.util.test.WatchDog.cancel(): canceling Wed Jan 30 07:41:53 UTC 2019
------------------ testing $PTII/ptolemy/domains/de/test/auto/DEinDEwithStartTimes.xml
auto.tcl: Setting watchdog for 200 seconds at Wed Jan 30 07:41:53 UTC 2019
7 ms. Memory: 208384K Free: 196418K (94%)
ptolemy.util.test.WatchDog.cancel(): canceling Wed Jan 30 07:41:54 UTC 2019
auto.tcl: Setting watchdog for 200 seconds at Wed Jan 30 07:41:54 UTC 2019
5 ms. Memory: 208384K Free: 194386K (93%)
ptolemy.util.test.WatchDog.cancel(): canceling Wed Jan 30 07:41:54 UTC 2019
------------------ testing $PTII/ptolemy/domains/de/test/auto/DEinDEwithStartTimes2.xml
auto.tcl: Setting watchdog for 200 seconds at Wed Jan 30 07:41:54 UTC 2019
9 ms. Memory: 208384K Free: 196414K (94%)
ptolemy.util.test.WatchDog.cancel(): canceling Wed Jan 30 07:41:54 UTC 2019
auto.tcl: Setting watchdog for 200 seconds at Wed Jan 30 07:41:54 UTC 2019
4 ms. Memory: 208384K Free: 194366K (93%)
ptolemy.util.test.WatchDog.cancel(): canceling Wed Jan 30 07:41:54 UTC 2019
------------------ testing $PTII/ptolemy/domains/de/test/auto/DateDemo.xml
auto.tcl: Setting watchdog for 200 seconds at Wed Jan 30 07:41:54 UTC 2019
12 ms. Memory: 208384K Free: 189023K (91%)
ptolemy.util.test.WatchDog.cancel(): canceling Wed Jan 30 07:41:54 UTC 2019
auto.tcl: Setting watchdog for 200 seconds at Wed Jan 30 07:41:54 UTC 2019
5 ms. Memory: 208384K Free: 186990K (90%)
ptolemy.util.test.WatchDog.cancel(): canceling Wed Jan 30 07:41:54 UTC 2019
------------------ testing $PTII/ptolemy/domains/de/test/auto/DateToEvent.xml
auto.tcl: Setting watchdog for 200 seconds at Wed Jan 30 07:41:54 UTC 2019
2012 ms. Memory: 208384K Free: 183948K (88%)
ptolemy.util.test.WatchDog.cancel(): canceling Wed Jan 30 07:41:56 UTC 2019
auto.tcl: Setting watchdog for 200 seconds at Wed Jan 30 07:41:56 UTC 2019
2006 ms. Memory: 208384K Free: 183948K (88%)
ptolemy.util.test.WatchDog.cancel(): canceling Wed Jan 30 07:41:58 UTC 2019
------------------ testing $PTII/ptolemy/domains/de/test/auto/DepthTest1.xml
auto.tcl: Setting watchdog for 200 seconds at Wed Jan 30 07:41:58 UTC 2019
2 ms. Memory: 208384K Free: 196087K (94%)
ptolemy.util.test.WatchDog.cancel(): canceling Wed Jan 30 07:41:58 UTC 2019
auto.tcl: Setting watchdog for 200 seconds at Wed Jan 30 07:41:58 UTC 2019
0 ms. Memory: 208384K Free: 196087K (94%)
ptolemy.util.test.WatchDog.cancel(): canceling Wed Jan 30 07:41:58 UTC 2019
------------------ testing $PTII/ptolemy/domains/de/test/auto/DepthTest2.xml
auto.tcl: Setting watchdog for 200 seconds at Wed Jan 30 07:41:58 UTC 2019
7 ms. Memory: 208384K Free: 194394K (93%)
ptolemy.util.test.WatchDog.cancel(): canceling Wed Jan 30 07:41:58 UTC 2019
auto.tcl: Setting watchdog for 200 seconds at Wed Jan 30 07:41:58 UTC 2019
2 ms. Memory: 208384K Free: 194394K (93%)
ptolemy.util.test.WatchDog.cancel(): canceling Wed Jan 30 07:41:58 UTC 2019
------------------ testing $PTII/ptolemy/domains/de/test/auto/DepthTest3.xml
auto.tcl: Setting watchdog for 200 seconds at Wed Jan 30 07:41:58 UTC 2019
2 ms. Memory: 208384K Free: 198360K (95%)
ptolemy.util.test.WatchDog.cancel(): canceling Wed Jan 30 07:41:58 UTC 2019
auto.tcl: Setting watchdog for 200 seconds at Wed Jan 30 07:41:58 UTC 2019
2 ms. Memory: 208384K Free: 198360K (95%)
ptolemy.util.test.WatchDog.cancel(): canceling Wed Jan 30 07:41:58 UTC 2019
------------------ testing $PTII/ptolemy/domains/de/test/auto/DepthTest4.xml
auto.tcl: Setting watchdog for 200 seconds at Wed Jan 30 07:41:58 UTC 2019
5 ms. Memory: 208384K Free: 196407K (94%)
ptolemy.util.test.WatchDog.cancel(): canceling Wed Jan 30 07:41:58 UTC 2019
auto.tcl: Setting watchdog for 200 seconds at Wed Jan 30 07:41:58 UTC 2019
2 ms. Memory: 208384K Free: 196407K (94%)
ptolemy.util.test.WatchDog.cancel(): canceling Wed Jan 30 07:41:58 UTC 2019
------------------ testing $PTII/ptolemy/domains/de/test/auto/DepthTest5.xml
auto.tcl: Setting watchdog for 200 seconds at Wed Jan 30 07:41:58 UTC 2019
11 ms. Memory: 208384K Free: 196362K (94%)
ptolemy.util.test.WatchDog.cancel(): canceling Wed Jan 30 07:41:58 UTC 2019
auto.tcl: Setting watchdog for 200 seconds at Wed Jan 30 07:41:58 UTC 2019
2 ms. Memory: 208384K Free: 196362K (94%)
ptolemy.util.test.WatchDog.cancel(): canceling Wed Jan 30 07:41:58 UTC 2019
------------------ testing $PTII/ptolemy/domains/de/test/auto/DepthTest6.xml
auto.tcl: Setting watchdog for 200 seconds at Wed Jan 30 07:41:58 UTC 2019
6 ms. Memory: 208384K Free: 196873K (94%)
ptolemy.util.test.WatchDog.cancel(): canceling Wed Jan 30 07:41:58 UTC 2019
auto.tcl: Setting watchdog for 200 seconds at Wed Jan 30 07:41:58 UTC 2019
2 ms. Memory: 208384K Free: 196873K (94%)
ptolemy.util.test.WatchDog.cancel(): canceling Wed Jan 30 07:41:58 UTC 2019
------------------ testing $PTII/ptolemy/domains/de/test/auto/DepthTest7.xml
auto.tcl: Setting watchdog for 200 seconds at Wed Jan 30 07:41:58 UTC 2019
3 ms. Memory: 208384K Free: 196311K (94%)
ptolemy.util.test.WatchDog.cancel(): canceling Wed Jan 30 07:41:58 UTC 2019
auto.tcl: Setting watchdog for 200 seconds at Wed Jan 30 07:41:58 UTC 2019
2 ms. Memory: 208384K Free: 196311K (94%)
ptolemy.util.test.WatchDog.cancel(): canceling Wed Jan 30 07:41:58 UTC 2019
------------------ testing $PTII/ptolemy/domains/de/test/auto/EventToDate.xml
auto.tcl: Setting watchdog for 200 seconds at Wed Jan 30 07:41:58 UTC 2019
3005 ms. Memory: 208384K Free: 186115K (89%)
ptolemy.util.test.WatchDog.cancel(): canceling Wed Jan 30 07:42:01 UTC 2019
auto.tcl: Setting watchdog for 200 seconds at Wed Jan 30 07:42:01 UTC 2019
3005 ms. Memory: 208384K Free: 186115K (89%)
ptolemy.util.test.WatchDog.cancel(): canceling Wed Jan 30 07:42:04 UTC 2019
------------------ testing $PTII/ptolemy/domains/de/test/auto/FSM1.xml
auto.tcl: Setting watchdog for 200 seconds at Wed Jan 30 07:42:04 UTC 2019
43 ms. Memory: 208384K Free: 189482K (91%)
ptolemy.util.test.WatchDog.cancel(): canceling Wed Jan 30 07:42:05 UTC 2019
auto.tcl: Setting watchdog for 200 seconds at Wed Jan 30 07:42:05 UTC 2019
19 ms. Memory: 208384K Free: 185385K (89%)
ptolemy.util.test.WatchDog.cancel(): canceling Wed Jan 30 07:42:05 UTC 2019
------------------ testing $PTII/ptolemy/domains/de/test/auto/FSM7.xml
auto.tcl: Setting watchdog for 200 seconds at Wed Jan 30 07:42:05 UTC 2019
12 ms. Memory: 208384K Free: 189679K (91%)
ptolemy.util.test.WatchDog.cancel(): canceling Wed Jan 30 07:42:05 UTC 2019
auto.tcl: Setting watchdog for 200 seconds at Wed Jan 30 07:42:05 UTC 2019
23 ms. Memory: 208384K Free: 185595K (89%)
ptolemy.util.test.WatchDog.cancel(): canceling Wed Jan 30 07:42:05 UTC 2019
------------------ testing $PTII/ptolemy/domains/de/test/auto/Inspection.xml
auto.tcl: Setting watchdog for 200 seconds at Wed Jan 30 07:42:05 UTC 2019
28 ms. Memory: 208384K Free: 189403K (91%)
ptolemy.util.test.WatchDog.cancel(): canceling Wed Jan 30 07:42:05 UTC 2019
auto.tcl: Setting watchdog for 200 seconds at Wed Jan 30 07:42:05 UTC 2019
23 ms. Memory: 208384K Free: 187371K (90%)
ptolemy.util.test.WatchDog.cancel(): canceling Wed Jan 30 07:42:05 UTC 2019
------------------ testing $PTII/ptolemy/domains/de/test/auto/Iteration.xml
auto.tcl: Setting watchdog for 200 seconds at Wed Jan 30 07:42:05 UTC 2019
15 ms. Memory: 208384K Free: 196646K (94%)
ptolemy.util.test.WatchDog.cancel(): canceling Wed Jan 30 07:42:05 UTC 2019
auto.tcl: Setting watchdog for 200 seconds at Wed Jan 30 07:42:05 UTC 2019
6 ms. Memory: 208384K Free: 194078K (93%)
ptolemy.util.test.WatchDog.cancel(): canceling Wed Jan 30 07:42:05 UTC 2019
------------------ testing $PTII/ptolemy/domains/de/test/auto/LineFault.xml
auto.tcl: Setting watchdog for 200 seconds at Wed Jan 30 07:42:05 UTC 2019
681 ms. Memory: 208384K Free: 199911K (96%)
ptolemy.util.test.WatchDog.cancel(): canceling Wed Jan 30 07:42:06 UTC 2019
auto.tcl: Setting watchdog for 200 seconds at Wed Jan 30 07:42:06 UTC 2019
623 ms. Memory: 208384K Free: 142682K (68%)
ptolemy.util.test.WatchDog.cancel(): canceling Wed Jan 30 07:42:07 UTC 2019
------------------ testing $PTII/ptolemy/domains/de/test/auto/MergeModel1Add.xml
auto.tcl: Setting watchdog for 200 seconds at Wed Jan 30 07:42:07 UTC 2019
16 ms. Memory: 331264K Free: 300860K (91%)
ptolemy.util.test.WatchDog.cancel(): canceling Wed Jan 30 07:42:07 UTC 2019
auto.tcl: Setting watchdog for 200 seconds at Wed Jan 30 07:42:07 UTC 2019
8 ms. Memory: 331264K Free: 300860K (91%)
ptolemy.util.test.WatchDog.cancel(): canceling Wed Jan 30 07:42:07 UTC 2019
------------------ testing $PTII/ptolemy/domains/de/test/auto/MergeModel2Add.xml
auto.tcl: Setting watchdog for 200 seconds at Wed Jan 30 07:42:07 UTC 2019
11 ms. Memory: 331264K Free: 305753K (92%)
ptolemy.util.test.WatchDog.cancel(): canceling Wed Jan 30 07:42:07 UTC 2019
auto.tcl: Setting watchdog for 200 seconds at Wed Jan 30 07:42:07 UTC 2019
7 ms. Memory: 331264K Free: 302183K (91%)
ptolemy.util.test.WatchDog.cancel(): canceling Wed Jan 30 07:42:07 UTC 2019
------------------ testing $PTII/ptolemy/domains/de/test/auto/MergeModel3Add.xml
auto.tcl: Setting watchdog for 200 seconds at Wed Jan 30 07:42:07 UTC 2019
9 ms. Memory: 331264K Free: 305762K (92%)
ptolemy.util.test.WatchDog.cancel(): canceling Wed Jan 30 07:42:07 UTC 2019
auto.tcl: Setting watchdog for 200 seconds at Wed Jan 30 07:42:07 UTC 2019
5 ms. Memory: 331264K Free: 302193K (91%)
ptolemy.util.test.WatchDog.cancel(): canceling Wed Jan 30 07:42:07 UTC 2019
------------------ testing $PTII/ptolemy/domains/de/test/auto/MergeWithoutDiscard.xml
auto.tcl: Setting watchdog for 200 seconds at Wed Jan 30 07:42:07 UTC 2019
7 ms. Memory: 331264K Free: 316051K (95%)
ptolemy.util.test.WatchDog.cancel(): canceling Wed Jan 30 07:42:07 UTC 2019
auto.tcl: Setting watchdog for 200 seconds at Wed Jan 30 07:42:07 UTC 2019
1 ms. Memory: 331264K Free: 316051K (95%)
ptolemy.util.test.WatchDog.cancel(): canceling Wed Jan 30 07:42:07 UTC 2019
------------------ testing $PTII/ptolemy/domains/de/test/auto/Modal1.xml
auto.tcl: Setting watchdog for 200 seconds at Wed Jan 30 07:42:07 UTC 2019
11 ms. Memory: 331264K Free: 310361K (94%)
ptolemy.util.test.WatchDog.cancel(): canceling Wed Jan 30 07:42:07 UTC 2019
auto.tcl: Setting watchdog for 200 seconds at Wed Jan 30 07:42:07 UTC 2019
23 ms. Memory: 331264K Free: 306791K (93%)
ptolemy.util.test.WatchDog.cancel(): canceling Wed Jan 30 07:42:07 UTC 2019
------------------ testing $PTII/ptolemy/domains/de/test/auto/Modal2.xml
auto.tcl: Setting watchdog for 200 seconds at Wed Jan 30 07:42:07 UTC 2019
16 ms. Memory: 331264K Free: 310210K (94%)
ptolemy.util.test.WatchDog.cancel(): canceling Wed Jan 30 07:42:07 UTC 2019
auto.tcl: Setting watchdog for 200 seconds at Wed Jan 30 07:42:07 UTC 2019
18 ms. Memory: 331264K Free: 306641K (93%)
ptolemy.util.test.WatchDog.cancel(): canceling Wed Jan 30 07:42:07 UTC 2019
------------------ testing $PTII/ptolemy/domains/de/test/auto/Modal3.xml
auto.tcl: Setting watchdog for 200 seconds at Wed Jan 30 07:42:07 UTC 2019
15 ms. Memory: 331264K Free: 310206K (94%)
ptolemy.util.test.WatchDog.cancel(): canceling Wed Jan 30 07:42:07 UTC 2019
auto.tcl: Setting watchdog for 200 seconds at Wed Jan 30 07:42:07 UTC 2019
8 ms. Memory: 331264K Free: 306637K (93%)
ptolemy.util.test.WatchDog.cancel(): canceling Wed Jan 30 07:42:07 UTC 2019
------------------ testing $PTII/ptolemy/domains/de/test/auto/Modal4.xml
auto.tcl: Setting watchdog for 200 seconds at Wed Jan 30 07:42:07 UTC 2019
23 ms. Memory: 331264K Free: 310206K (94%)
ptolemy.util.test.WatchDog.cancel(): canceling Wed Jan 30 07:42:08 UTC 2019
auto.tcl: Setting watchdog for 200 seconds at Wed Jan 30 07:42:08 UTC 2019
17 ms. Memory: 331264K Free: 306652K (93%)
ptolemy.util.test.WatchDog.cancel(): canceling Wed Jan 30 07:42:08 UTC 2019
------------------ testing $PTII/ptolemy/domains/de/test/auto/Modal5.xml
auto.tcl: Setting watchdog for 200 seconds at Wed Jan 30 07:42:08 UTC 2019
19 ms. Memory: 331264K Free: 310208K (94%)
ptolemy.util.test.WatchDog.cancel(): canceling Wed Jan 30 07:42:08 UTC 2019
auto.tcl: Setting watchdog for 200 seconds at Wed Jan 30 07:42:08 UTC 2019
13 ms. Memory: 331264K Free: 306638K (93%)
ptolemy.util.test.WatchDog.cancel(): canceling Wed Jan 30 07:42:08 UTC 2019
------------------ testing $PTII/ptolemy/domains/de/test/auto/Modal6.xml
auto.tcl: Setting watchdog for 200 seconds at Wed Jan 30 07:42:08 UTC 2019
10 ms. Memory: 331264K Free: 310198K (94%)
ptolemy.util.test.WatchDog.cancel(): canceling Wed Jan 30 07:42:08 UTC 2019
auto.tcl: Setting watchdog for 200 seconds at Wed Jan 30 07:42:08 UTC 2019
12 ms. Memory: 331264K Free: 306628K (93%)
ptolemy.util.test.WatchDog.cancel(): canceling Wed Jan 30 07:42:08 UTC 2019
------------------ testing $PTII/ptolemy/domains/de/test/auto/Modal7.xml
auto.tcl: Setting watchdog for 200 seconds at Wed Jan 30 07:42:08 UTC 2019
17 ms. Memory: 331264K Free: 306644K (93%)
ptolemy.util.test.WatchDog.cancel(): canceling Wed Jan 30 07:42:08 UTC 2019
auto.tcl: Setting watchdog for 200 seconds at Wed Jan 30 07:42:08 UTC 2019
11 ms. Memory: 331264K Free: 303075K (91%)
ptolemy.util.test.WatchDog.cancel(): canceling Wed Jan 30 07:42:08 UTC 2019
------------------ testing $PTII/ptolemy/domains/de/test/auto/ModalModel.xml
auto.tcl: Setting watchdog for 200 seconds at Wed Jan 30 07:42:08 UTC 2019
160 ms. Memory: 331264K Free: 247606K (75%)
ptolemy.util.test.WatchDog.cancel(): canceling Wed Jan 30 07:42:08 UTC 2019
auto.tcl: Setting watchdog for 200 seconds at Wed Jan 30 07:42:08 UTC 2019
171 ms. Memory: 331264K Free: 190588K (58%)
ptolemy.util.test.WatchDog.cancel(): canceling Wed Jan 30 07:42:08 UTC 2019
------------------ testing $PTII/ptolemy/domains/de/test/auto/ModalSource.xml
auto.tcl: Setting watchdog for 200 seconds at Wed Jan 30 07:42:08 UTC 2019
6 ms. Memory: 331264K Free: 316474K (96%)
ptolemy.util.test.WatchDog.cancel(): canceling Wed Jan 30 07:42:08 UTC 2019
auto.tcl: Setting watchdog for 200 seconds at Wed Jan 30 07:42:08 UTC 2019
6 ms. Memory: 331264K Free: 313202K (95%)
ptolemy.util.test.WatchDog.cancel(): canceling Wed Jan 30 07:42:08 UTC 2019
------------------ testing $PTII/ptolemy/domains/de/test/auto/NonInterruptibleTimerZeroDelay.xml
auto.tcl: Setting watchdog for 200 seconds at Wed Jan 30 07:42:08 UTC 2019
3 ms. Memory: 331264K Free: 320830K (97%)
ptolemy.util.test.WatchDog.cancel(): canceling Wed Jan 30 07:42:08 UTC 2019
auto.tcl: Setting watchdog for 200 seconds at Wed Jan 30 07:42:08 UTC 2019
2 ms. Memory: 331264K Free: 317558K (96%)
ptolemy.util.test.WatchDog.cancel(): canceling Wed Jan 30 07:42:09 UTC 2019
------------------ testing $PTII/ptolemy/domains/de/test/auto/OpenQueueingNetwork.xml
auto.tcl: Setting watchdog for 200 seconds at Wed Jan 30 07:42:09 UTC 2019
2648 ms. Memory: 573952K Free: 414012K (72%)
ptolemy.util.test.WatchDog.cancel(): canceling Wed Jan 30 07:42:11 UTC 2019
auto.tcl: Setting watchdog for 200 seconds at Wed Jan 30 07:42:11 UTC 2019
2307 ms. Memory: 550912K Free: 320267K (58%)
ptolemy.util.test.WatchDog.cancel(): canceling Wed Jan 30 07:42:14 UTC 2019
------------------ testing $PTII/ptolemy/domains/de/test/auto/OpenQueuingNetwork.xml
auto.tcl: Setting watchdog for 200 seconds at Wed Jan 30 07:42:14 UTC 2019
218 ms. Memory: 549888K Free: 446116K (81%)
ptolemy.util.test.WatchDog.cancel(): canceling Wed Jan 30 07:42:14 UTC 2019
auto.tcl: Setting watchdog for 200 seconds at Wed Jan 30 07:42:14 UTC 2019
207 ms. Memory: 549888K Free: 388800K (71%)
ptolemy.util.test.WatchDog.cancel(): canceling Wed Jan 30 07:42:14 UTC 2019
------------------ testing $PTII/ptolemy/domains/de/test/auto/PeriodicSampler.xml
auto.tcl: Setting watchdog for 200 seconds at Wed Jan 30 07:42:14 UTC 2019
2 ms. Memory: 551936K Free: 536707K (97%)
ptolemy.util.test.WatchDog.cancel(): canceling Wed Jan 30 07:42:14 UTC 2019
auto.tcl: Setting watchdog for 200 seconds at Wed Jan 30 07:42:14 UTC 2019
2 ms. Memory: 551936K Free: 536707K (97%)
ptolemy.util.test.WatchDog.cancel(): canceling Wed Jan 30 07:42:14 UTC 2019
------------------ testing $PTII/ptolemy/domains/de/test/auto/PersistentIO.xml
auto.tcl: Setting watchdog for 200 seconds at Wed Jan 30 07:42:14 UTC 2019
14 ms. Memory: 549376K Free: 524841K (96%)
ptolemy.util.test.WatchDog.cancel(): canceling Wed Jan 30 07:42:14 UTC 2019
auto.tcl: Setting watchdog for 200 seconds at Wed Jan 30 07:42:14 UTC 2019
4 ms. Memory: 549376K Free: 524841K (96%)
ptolemy.util.test.WatchDog.cancel(): canceling Wed Jan 30 07:42:14 UTC 2019
------------------ testing $PTII/ptolemy/domains/de/test/auto/PortParameterResetOnInitialize.xml
auto.tcl: Setting watchdog for 200 seconds at Wed Jan 30 07:42:14 UTC 2019
2 ms. Memory: 551424K Free: 531977K (96%)
ptolemy.util.test.WatchDog.cancel(): canceling Wed Jan 30 07:42:14 UTC 2019
auto.tcl: Setting watchdog for 200 seconds at Wed Jan 30 07:42:14 UTC 2019
2 ms. Memory: 551424K Free: 531977K (96%)
ptolemy.util.test.WatchDog.cancel(): canceling Wed Jan 30 07:42:14 UTC 2019
------------------ testing $PTII/ptolemy/domains/de/test/auto/PortParameterUpdates.xml
auto.tcl: Setting watchdog for 200 seconds at Wed Jan 30 07:42:14 UTC 2019
4 ms. Memory: 549376K Free: 534199K (97%)
ptolemy.util.test.WatchDog.cancel(): canceling Wed Jan 30 07:42:14 UTC 2019
auto.tcl: Setting watchdog for 200 seconds at Wed Jan 30 07:42:14 UTC 2019
4 ms. Memory: 549376K Free: 528988K (96%)
ptolemy.util.test.WatchDog.cancel(): canceling Wed Jan 30 07:42:14 UTC 2019
------------------ testing $PTII/ptolemy/domains/de/test/auto/QueueAndServer.xml
auto.tcl: Setting watchdog for 200 seconds at Wed Jan 30 07:42:15 UTC 2019
6 ms. Memory: 551424K Free: 530984K (96%)
ptolemy.util.test.WatchDog.cancel(): canceling Wed Jan 30 07:42:15 UTC 2019
auto.tcl: Setting watchdog for 200 seconds at Wed Jan 30 07:42:15 UTC 2019
6 ms. Memory: 551424K Free: 530984K (96%)
ptolemy.util.test.WatchDog.cancel(): canceling Wed Jan 30 07:42:15 UTC 2019
------------------ testing $PTII/ptolemy/domains/de/test/auto/Records.xml
auto.tcl: Setting watchdog for 200 seconds at Wed Jan 30 07:42:15 UTC 2019
14 ms. Memory: 549376K Free: 534105K (97%)
ptolemy.util.test.WatchDog.cancel(): canceling Wed Jan 30 07:42:15 UTC 2019
auto.tcl: Setting watchdog for 200 seconds at Wed Jan 30 07:42:15 UTC 2019
3 ms. Memory: 549376K Free: 528894K (96%)
ptolemy.util.test.WatchDog.cancel(): canceling Wed Jan 30 07:42:15 UTC 2019
------------------ testing $PTII/ptolemy/domains/de/test/auto/ResetTransitionWithStartTime1.xml
auto.tcl: Setting watchdog for 200 seconds at Wed Jan 30 07:42:15 UTC 2019
16 ms. Memory: 551424K Free: 530951K (96%)
ptolemy.util.test.WatchDog.cancel(): canceling Wed Jan 30 07:42:15 UTC 2019
auto.tcl: Setting watchdog for 200 seconds at Wed Jan 30 07:42:15 UTC 2019
9 ms. Memory: 551424K Free: 530951K (96%)
ptolemy.util.test.WatchDog.cancel(): canceling Wed Jan 30 07:42:15 UTC 2019
------------------ testing $PTII/ptolemy/domains/de/test/auto/ResetTransitionWithStartTime2.xml
auto.tcl: Setting watchdog for 200 seconds at Wed Jan 30 07:42:15 UTC 2019
10 ms. Memory: 549376K Free: 529437K (96%)
ptolemy.util.test.WatchDog.cancel(): canceling Wed Jan 30 07:42:15 UTC 2019
auto.tcl: Setting watchdog for 200 seconds at Wed Jan 30 07:42:15 UTC 2019
6 ms. Memory: 549376K Free: 529437K (96%)
ptolemy.util.test.WatchDog.cancel(): canceling Wed Jan 30 07:42:15 UTC 2019
------------------ testing $PTII/ptolemy/domains/de/test/auto/ResetTransitionWithStartTime3.xml
auto.tcl: Setting watchdog for 200 seconds at Wed Jan 30 07:42:15 UTC 2019
6 ms. Memory: 550912K Free: 530429K (96%)
ptolemy.util.test.WatchDog.cancel(): canceling Wed Jan 30 07:42:15 UTC 2019
auto.tcl: Setting watchdog for 200 seconds at Wed Jan 30 07:42:15 UTC 2019
9 ms. Memory: 550912K Free: 530429K (96%)
ptolemy.util.test.WatchDog.cancel(): canceling Wed Jan 30 07:42:15 UTC 2019
------------------ testing $PTII/ptolemy/domains/de/test/auto/ResetTransitionWithStartTime4.xml
auto.tcl: Setting watchdog for 200 seconds at Wed Jan 30 07:42:15 UTC 2019
4 ms. Memory: 549376K Free: 519539K (95%)
ptolemy.util.test.WatchDog.cancel(): canceling Wed Jan 30 07:42:15 UTC 2019
auto.tcl: Setting watchdog for 200 seconds at Wed Jan 30 07:42:15 UTC 2019
4 ms. Memory: 549376K Free: 519539K (95%)
ptolemy.util.test.WatchDog.cancel(): canceling Wed Jan 30 07:42:15 UTC 2019
------------------ testing $PTII/ptolemy/domains/de/test/auto/ResettableTimer1.xml
auto.tcl: Setting watchdog for 200 seconds at Wed Jan 30 07:42:15 UTC 2019
4 ms. Memory: 550912K Free: 535648K (97%)
ptolemy.util.test.WatchDog.cancel(): canceling Wed Jan 30 07:42:15 UTC 2019
auto.tcl: Setting watchdog for 200 seconds at Wed Jan 30 07:42:15 UTC 2019
3 ms. Memory: 550912K Free: 535648K (97%)
ptolemy.util.test.WatchDog.cancel(): canceling Wed Jan 30 07:42:15 UTC 2019
------------------ testing $PTII/ptolemy/domains/de/test/auto/ResettableTimer2.xml
auto.tcl: Setting watchdog for 200 seconds at Wed Jan 30 07:42:15 UTC 2019
2 ms. Memory: 549376K Free: 534714K (97%)
ptolemy.util.test.WatchDog.cancel(): canceling Wed Jan 30 07:42:15 UTC 2019
auto.tcl: Setting watchdog for 200 seconds at Wed Jan 30 07:42:15 UTC 2019
3 ms. Memory: 549376K Free: 534714K (97%)
ptolemy.util.test.WatchDog.cancel(): canceling Wed Jan 30 07:42:15 UTC 2019
------------------ testing $PTII/ptolemy/domains/de/test/auto/ResettableTimer3.xml
auto.tcl: Setting watchdog for 200 seconds at Wed Jan 30 07:42:15 UTC 2019
2 ms. Memory: 550912K Free: 535706K (97%)
ptolemy.util.test.WatchDog.cancel(): canceling Wed Jan 30 07:42:15 UTC 2019
auto.tcl: Setting watchdog for 200 seconds at Wed Jan 30 07:42:15 UTC 2019
1 ms. Memory: 550912K Free: 535706K (97%)
ptolemy.util.test.WatchDog.cancel(): canceling Wed Jan 30 07:42:15 UTC 2019
------------------ testing $PTII/ptolemy/domains/de/test/auto/ResettableTimer4.xml
auto.tcl: Setting watchdog for 200 seconds at Wed Jan 30 07:42:15 UTC 2019
1 ms. Memory: 549376K Free: 534726K (97%)
ptolemy.util.test.WatchDog.cancel(): canceling Wed Jan 30 07:42:15 UTC 2019
auto.tcl: Setting watchdog for 200 seconds at Wed Jan 30 07:42:15 UTC 2019
1 ms. Memory: 549376K Free: 534726K (97%)
ptolemy.util.test.WatchDog.cancel(): canceling Wed Jan 30 07:42:15 UTC 2019
------------------ testing $PTII/ptolemy/domains/de/test/auto/ResettableTimer5.xml
auto.tcl: Setting watchdog for 200 seconds at Wed Jan 30 07:42:15 UTC 2019
1 ms. Memory: 550400K Free: 535748K (97%)
ptolemy.util.test.WatchDog.cancel(): canceling Wed Jan 30 07:42:15 UTC 2019
auto.tcl: Setting watchdog for 200 seconds at Wed Jan 30 07:42:15 UTC 2019
1 ms. Memory: 550400K Free: 535748K (97%)
ptolemy.util.test.WatchDog.cancel(): canceling Wed Jan 30 07:42:15 UTC 2019
------------------ testing $PTII/ptolemy/domains/de/test/auto/ResettableTimer6.xml
auto.tcl: Setting watchdog for 200 seconds at Wed Jan 30 07:42:15 UTC 2019
2 ms. Memory: 549376K Free: 529450K (96%)
ptolemy.util.test.WatchDog.cancel(): canceling Wed Jan 30 07:42:15 UTC 2019
auto.tcl: Setting watchdog for 200 seconds at Wed Jan 30 07:42:15 UTC 2019
1 ms. Memory: 549376K Free: 529450K (96%)
ptolemy.util.test.WatchDog.cancel(): canceling Wed Jan 30 07:42:15 UTC 2019
------------------ testing $PTII/ptolemy/domains/de/test/auto/ServerZeroDelay.xml
auto.tcl: Setting watchdog for 200 seconds at Wed Jan 30 07:42:15 UTC 2019
4 ms. Memory: 550400K Free: 535688K (97%)
ptolemy.util.test.WatchDog.cancel(): canceling Wed Jan 30 07:42:15 UTC 2019
auto.tcl: Setting watchdog for 200 seconds at Wed Jan 30 07:42:15 UTC 2019
5 ms. Memory: 550400K Free: 535688K (97%)
ptolemy.util.test.WatchDog.cancel(): canceling Wed Jan 30 07:42:15 UTC 2019
------------------ testing $PTII/ptolemy/domains/de/test/auto/SmartSender.xml
auto.tcl: Setting watchdog for 200 seconds at Wed Jan 30 07:42:15 UTC 2019
3002 ms. Memory: 549376K Free: 529980K (96%)
ptolemy.util.test.WatchDog.cancel(): canceling Wed Jan 30 07:42:18 UTC 2019
auto.tcl: Setting watchdog for 200 seconds at Wed Jan 30 07:42:18 UTC 2019
3001 ms. Memory: 549376K Free: 529980K (96%)
ptolemy.util.test.WatchDog.cancel(): canceling Wed Jan 30 07:42:21 UTC 2019
------------------ testing $PTII/ptolemy/domains/de/test/auto/ThreadedComposite.xml
auto.tcl: Setting watchdog for 200 seconds at Wed Jan 30 07:42:21 UTC 2019
188 ms. Memory: 550400K Free: 510686K (93%)
ptolemy.util.test.WatchDog.cancel(): canceling Wed Jan 30 07:42:22 UTC 2019
auto.tcl: Setting watchdog for 200 seconds at Wed Jan 30 07:42:22 UTC 2019
107 ms. Memory: 550400K Free: 496116K (90%)
ptolemy.util.test.WatchDog.cancel(): canceling Wed Jan 30 07:42:22 UTC 2019
------------------ testing $PTII/ptolemy/domains/de/test/auto/Time.xml
auto.tcl: Setting watchdog for 200 seconds at Wed Jan 30 07:42:22 UTC 2019
499 ms. Memory: 549376K Free: 482365K (88%)
ptolemy.util.test.WatchDog.cancel(): canceling Wed Jan 30 07:42:22 UTC 2019
auto.tcl: Setting watchdog for 200 seconds at Wed Jan 30 07:42:22 UTC 2019
502 ms. Memory: 549376K Free: 425049K (77%)
ptolemy.util.test.WatchDog.cancel(): canceling Wed Jan 30 07:42:23 UTC 2019
------------------ testing $PTII/ptolemy/domains/de/test/auto/TimeDelayZeroDelay.xml
auto.tcl: Setting watchdog for 200 seconds at Wed Jan 30 07:42:23 UTC 2019
2 ms. Memory: 550400K Free: 535062K (97%)
ptolemy.util.test.WatchDog.cancel(): canceling Wed Jan 30 07:42:23 UTC 2019
auto.tcl: Setting watchdog for 200 seconds at Wed Jan 30 07:42:23 UTC 2019
2 ms. Memory: 550400K Free: 535062K (97%)
ptolemy.util.test.WatchDog.cancel(): canceling Wed Jan 30 07:42:23 UTC 2019
------------------ testing $PTII/ptolemy/domains/de/test/auto/TimerZeroDelay.xml
auto.tcl: Setting watchdog for 200 seconds at Wed Jan 30 07:42:23 UTC 2019
2 ms. Memory: 549376K Free: 534626K (97%)
ptolemy.util.test.WatchDog.cancel(): canceling Wed Jan 30 07:42:23 UTC 2019
auto.tcl: Setting watchdog for 200 seconds at Wed Jan 30 07:42:23 UTC 2019
2 ms. Memory: 549376K Free: 534626K (97%)
ptolemy.util.test.WatchDog.cancel(): canceling Wed Jan 30 07:42:23 UTC 2019
------------------ testing $PTII/ptolemy/domains/de/test/auto/TimingParadox.xml
auto.tcl: Setting watchdog for 200 seconds at Wed Jan 30 07:42:23 UTC 2019
327 ms. Memory: 549888K Free: 470556K (86%)
ptolemy.util.test.WatchDog.cancel(): canceling Wed Jan 30 07:42:23 UTC 2019
auto.tcl: Setting watchdog for 200 seconds at Wed Jan 30 07:42:23 UTC 2019
305 ms. Memory: 549888K Free: 434083K (79%)
ptolemy.util.test.WatchDog.cancel(): canceling Wed Jan 30 07:42:24 UTC 2019
------------------ testing $PTII/ptolemy/domains/de/test/auto/TransferInputs.xml
auto.tcl: Setting watchdog for 200 seconds at Wed Jan 30 07:42:24 UTC 2019
7 ms. Memory: 549888K Free: 534099K (97%)
ptolemy.util.test.WatchDog.cancel(): canceling Wed Jan 30 07:42:24 UTC 2019
auto.tcl: Setting watchdog for 200 seconds at Wed Jan 30 07:42:24 UTC 2019
1 ms. Memory: 549888K Free: 534099K (97%)
ptolemy.util.test.WatchDog.cancel(): canceling Wed Jan 30 07:42:24 UTC 2019
------------------ testing $PTII/ptolemy/domains/de/test/auto/TransferOutputs2.xml
auto.tcl: Setting watchdog for 200 seconds at Wed Jan 30 07:42:24 UTC 2019
4 ms. Memory: 549376K Free: 524790K (96%)
ptolemy.util.test.WatchDog.cancel(): canceling Wed Jan 30 07:42:24 UTC 2019
auto.tcl: Setting watchdog for 200 seconds at Wed Jan 30 07:42:24 UTC 2019
2 ms. Memory: 549376K Free: 524790K (96%)
ptolemy.util.test.WatchDog.cancel(): canceling Wed Jan 30 07:42:24 UTC 2019
------------------ testing $PTII/ptolemy/domains/de/test/auto/Trilateration.xml
auto.tcl: Setting watchdog for 200 seconds at Wed Jan 30 07:42:24 UTC 2019
12863 ms. Memory: 766976K Free: 272914K (36%)
ptolemy.util.test.WatchDog.cancel(): canceling Wed Jan 30 07:42:38 UTC 2019
auto.tcl: Setting watchdog for 200 seconds at Wed Jan 30 07:42:38 UTC 2019
10316 ms. Memory: 646144K Free: 138438K (21%)
ptolemy.util.test.WatchDog.cancel(): canceling Wed Jan 30 07:42:48 UTC 2019
------------------ testing $PTII/ptolemy/domains/de/test/auto/TwoSigmaDelta.xml
auto.tcl: Setting watchdog for 200 seconds at Wed Jan 30 07:42:48 UTC 2019
2597 ms. Memory: 649728K Free: 363786K (56%)
ptolemy.util.test.WatchDog.cancel(): canceling Wed Jan 30 07:42:51 UTC 2019
auto.tcl: Setting watchdog for 200 seconds at Wed Jan 30 07:42:51 UTC 2019
1984 ms. Memory: 649728K Free: 128162K (20%)
ptolemy.util.test.WatchDog.cancel(): canceling Wed Jan 30 07:42:53 UTC 2019
------------------ testing $PTII/ptolemy/domains/de/test/auto/VariableDelay.xml
auto.tcl: Setting watchdog for 200 seconds at Wed Jan 30 07:42:53 UTC 2019
2 ms. Memory: 646656K Free: 627009K (97%)
ptolemy.util.test.WatchDog.cancel(): canceling Wed Jan 30 07:42:53 UTC 2019
auto.tcl: Setting watchdog for 200 seconds at Wed Jan 30 07:42:53 UTC 2019
2 ms. Memory: 646656K Free: 627009K (97%)
ptolemy.util.test.WatchDog.cancel(): canceling Wed Jan 30 07:42:53 UTC 2019
------------------ testing $PTII/ptolemy/domains/de/test/auto/VariableDelay2.xml
auto.tcl: Setting watchdog for 200 seconds at Wed Jan 30 07:42:53 UTC 2019
1 ms. Memory: 646144K Free: 626986K (97%)
ptolemy.util.test.WatchDog.cancel(): canceling Wed Jan 30 07:42:53 UTC 2019
auto.tcl: Setting watchdog for 200 seconds at Wed Jan 30 07:42:53 UTC 2019
2 ms. Memory: 646144K Free: 626986K (97%)
ptolemy.util.test.WatchDog.cancel(): canceling Wed Jan 30 07:42:53 UTC 2019
------------------ testing $PTII/ptolemy/domains/de/test/auto/VariableDelayZeroDelay.xml
auto.tcl: Setting watchdog for 200 seconds at Wed Jan 30 07:42:53 UTC 2019
2 ms. Memory: 646144K Free: 621338K (96%)
ptolemy.util.test.WatchDog.cancel(): canceling Wed Jan 30 07:42:53 UTC 2019
auto.tcl: Setting watchdog for 200 seconds at Wed Jan 30 07:42:53 UTC 2019
1 ms. Memory: 646144K Free: 621338K (96%)
ptolemy.util.test.WatchDog.cancel(): canceling Wed Jan 30 07:42:53 UTC 2019
------------------ testing $PTII/ptolemy/domains/de/test/auto/VariableDelayZeroDelay2.xml
auto.tcl: Setting watchdog for 200 seconds at Wed Jan 30 07:42:53 UTC 2019
1 ms. Memory: 649216K Free: 624407K (96%)
ptolemy.util.test.WatchDog.cancel(): canceling Wed Jan 30 07:42:53 UTC 2019
auto.tcl: Setting watchdog for 200 seconds at Wed Jan 30 07:42:53 UTC 2019
2 ms. Memory: 649216K Free: 624407K (96%)
ptolemy.util.test.WatchDog.cancel(): canceling Wed Jan 30 07:42:53 UTC 2019
------------------ testing $PTII/ptolemy/domains/de/test/auto/deInCt.xml
auto.tcl: Setting watchdog for 200 seconds at Wed Jan 30 07:42:53 UTC 2019
0
1
1
1
0
0
0
0
1
1
1
1
0
0
1
1
1
1
0
0
0
1
1
1
0
0
0
1
1
1
0
0
0
0
0
1
1
0
0
0
1
1
1
1
7 ms. Memory: 646144K Free: 621333K (96%)
ptolemy.util.test.WatchDog.cancel(): canceling Wed Jan 30 07:42:53 UTC 2019
auto.tcl: Setting watchdog for 200 seconds at Wed Jan 30 07:42:53 UTC 2019
0
1
1
1
0
0
0
1
1
0
0
1
1
1
0
0
0
0
0
0
1
1
1
0
0
0
1
1
1
0
0
0
0
1
1
1
0
0
0
1
1
0
0
0
0
1
1
1
1
6 ms. Memory: 646144K Free: 621333K (96%)
ptolemy.util.test.WatchDog.cancel(): canceling Wed Jan 30 07:42:53 UTC 2019
------------------ testing $PTII/ptolemy/domains/de/test/auto/deInCt2.xml
auto.tcl: Setting watchdog for 200 seconds at Wed Jan 30 07:42:53 UTC 2019
0
1
1
1
0
0
1
1
1
0
0
1
1
1
0
0
1
1
1
0
0
1
1
1
0
0
1
1
1
0
0
1
1
1
0
0
1
1
1
0
0
0
9 ms. Memory: 648704K Free: 623892K (96%)
ptolemy.util.test.WatchDog.cancel(): canceling Wed Jan 30 07:42:53 UTC 2019
auto.tcl: Setting watchdog for 200 seconds at Wed Jan 30 07:42:53 UTC 2019
0
1
1
1
0
0
1
1
1
0
0
1
1
1
0
0
1
1
1
0
0
1
1
1
0
0
1
1
1
0
0
1
1
1
0
0
1
1
1
0
0
0
4 ms. Memory: 648704K Free: 623892K (96%)
ptolemy.util.test.WatchDog.cancel(): canceling Wed Jan 30 07:42:53 UTC 2019
------------------ testing $PTII/ptolemy/domains/de/test/auto/dynamicCausalityInterface1.xml
auto.tcl: Setting watchdog for 200 seconds at Wed Jan 30 07:42:53 UTC 2019
1 ms. Memory: 646144K Free: 612727K (95%)
ptolemy.util.test.WatchDog.cancel(): canceling Wed Jan 30 07:42:53 UTC 2019
auto.tcl: Setting watchdog for 200 seconds at Wed Jan 30 07:42:53 UTC 2019
1 ms. Memory: 646144K Free: 612727K (95%)
ptolemy.util.test.WatchDog.cancel(): canceling Wed Jan 30 07:42:53 UTC 2019
------------------ testing $PTII/ptolemy/domains/de/test/auto/fsm_de_test.xml
auto.tcl: Setting watchdog for 200 seconds at Wed Jan 30 07:42:53 UTC 2019
9 ms. Memory: 648192K Free: 623271K (96%)
ptolemy.util.test.WatchDog.cancel(): canceling Wed Jan 30 07:42:53 UTC 2019
auto.tcl: Setting watchdog for 200 seconds at Wed Jan 30 07:42:53 UTC 2019
6 ms. Memory: 648192K Free: 614670K (95%)
ptolemy.util.test.WatchDog.cancel(): canceling Wed Jan 30 07:42:53 UTC 2019
------------------ testing $PTII/ptolemy/domains/de/test/auto/functionDependencyReconstruction.xml
auto.tcl: Setting watchdog for 200 seconds at Wed Jan 30 07:42:53 UTC 2019
2 ms. Memory: 646144K Free: 612628K (95%)
ptolemy.util.test.WatchDog.cancel(): canceling Wed Jan 30 07:42:54 UTC 2019
auto.tcl: Setting watchdog for 200 seconds at Wed Jan 30 07:42:54 UTC 2019
3 ms. Memory: 646144K Free: 612628K (95%)
ptolemy.util.test.WatchDog.cancel(): canceling Wed Jan 30 07:42:54 UTC 2019
------------------ testing $PTII/ptolemy/domains/de/test/auto/multirate.xml
auto.tcl: Setting watchdog for 200 seconds at Wed Jan 30 07:42:54 UTC 2019
3 ms. Memory: 648192K Free: 623137K (96%)
ptolemy.util.test.WatchDog.cancel(): canceling Wed Jan 30 07:42:54 UTC 2019
auto.tcl: Setting watchdog for 200 seconds at Wed Jan 30 07:42:54 UTC 2019
3 ms. Memory: 648192K Free: 623137K (96%)
ptolemy.util.test.WatchDog.cancel(): canceling Wed Jan 30 07:42:54 UTC 2019
------------------ testing $PTII/ptolemy/domains/de/test/auto/multirate2.xml
auto.tcl: Setting watchdog for 200 seconds at Wed Jan 30 07:42:54 UTC 2019
6 ms. Memory: 646144K Free: 621277K (96%)
ptolemy.util.test.WatchDog.cancel(): canceling Wed Jan 30 07:42:54 UTC 2019
auto.tcl: Setting watchdog for 200 seconds at Wed Jan 30 07:42:54 UTC 2019
3 ms. Memory: 646144K Free: 621277K (96%)
ptolemy.util.test.WatchDog.cancel(): canceling Wed Jan 30 07:42:54 UTC 2019
------------------ testing $PTII/ptolemy/domains/de/test/auto/realtime.xml
auto.tcl: Setting watchdog for 200 seconds at Wed Jan 30 07:42:54 UTC 2019
10002 ms. Memory: 647680K Free: 622736K (96%)
ptolemy.util.test.WatchDog.cancel(): canceling Wed Jan 30 07:43:04 UTC 2019
auto.tcl: Setting watchdog for 200 seconds at Wed Jan 30 07:43:04 UTC 2019
10001 ms. Memory: 647680K Free: 622736K (96%)
ptolemy.util.test.WatchDog.cancel(): canceling Wed Jan 30 07:43:14 UTC 2019
------------------ testing $PTII/ptolemy/domains/de/test/auto/relationGroup.xml
auto.tcl: Setting watchdog for 200 seconds at Wed Jan 30 07:43:14 UTC 2019
8 ms. Memory: 646144K Free: 621301K (96%)
ptolemy.util.test.WatchDog.cancel(): canceling Wed Jan 30 07:43:14 UTC 2019
auto.tcl: Setting watchdog for 200 seconds at Wed Jan 30 07:43:14 UTC 2019
1 ms. Memory: 646144K Free: 621301K (96%)
ptolemy.util.test.WatchDog.cancel(): canceling Wed Jan 30 07:43:14 UTC 2019
------------------ testing $PTII/ptolemy/domains/de/test/auto/relationGroup2.xml
auto.tcl: Setting watchdog for 200 seconds at Wed Jan 30 07:43:14 UTC 2019
1 ms. Memory: 647680K Free: 622863K (96%)
ptolemy.util.test.WatchDog.cancel(): canceling Wed Jan 30 07:43:14 UTC 2019
auto.tcl: Setting watchdog for 200 seconds at Wed Jan 30 07:43:14 UTC 2019
2 ms. Memory: 647680K Free: 622863K (96%)
ptolemy.util.test.WatchDog.cancel(): canceling Wed Jan 30 07:43:14 UTC 2019
------------------ testing $PTII/ptolemy/domains/de/test/auto/sortWithOpaquePorts.xml
auto.tcl: Setting watchdog for 200 seconds at Wed Jan 30 07:43:14 UTC 2019
1 ms. Memory: 646144K Free: 621328K (96%)
ptolemy.util.test.WatchDog.cancel(): canceling Wed Jan 30 07:43:14 UTC 2019
auto.tcl: Setting watchdog for 200 seconds at Wed Jan 30 07:43:14 UTC 2019
2 ms. Memory: 646144K Free: 621328K (96%)
ptolemy.util.test.WatchDog.cancel(): canceling Wed Jan 30 07:43:14 UTC 2019
------------------ testing $PTII/ptolemy/domains/de/test/auto/transferInputsandOutputs.xml
auto.tcl: Setting watchdog for 200 seconds at Wed Jan 30 07:43:14 UTC 2019
2 ms. Memory: 647168K Free: 622339K (96%)
ptolemy.util.test.WatchDog.cancel(): canceling Wed Jan 30 07:43:14 UTC 2019
auto.tcl: Setting watchdog for 200 seconds at Wed Jan 30 07:43:14 UTC 2019
2 ms. Memory: 647168K Free: 622339K (96%)
ptolemy.util.test.WatchDog.cancel(): canceling Wed Jan 30 07:43:14 UTC 2019
------------------ testing $PTII/ptolemy/domains/de/test/auto/triggerType.xml
auto.tcl: Setting watchdog for 200 seconds at Wed Jan 30 07:43:14 UTC 2019
4 ms. Memory: 646144K Free: 621264K (96%)
ptolemy.util.test.WatchDog.cancel(): canceling Wed Jan 30 07:43:14 UTC 2019
auto.tcl: Setting watchdog for 200 seconds at Wed Jan 30 07:43:14 UTC 2019
1 ms. Memory: 646144K Free: 621264K (96%)
ptolemy.util.test.WatchDog.cancel(): canceling Wed Jan 30 07:43:14 UTC 2019
01/30/19 07:43:14
Failed: 0  Total Tests: 192  ((Passed: 187, Newly Passed: 1)  Known Failed: 5) /home/travis/build/icyphy/ptII/ptolemy/domains/de/test
01/30/19 07:43:14
Failed: 0  Total Tests: 192  ((Passed: 187, Newly Passed: 1)  Known Failed: 5) /home/travis/build/icyphy/ptII/ptolemy/domains/de/test
----------------- testing (KnownFailure) /home/travis/build/icyphy/ptII/ptolemy/domains/de/test/auto/knownFailedTests/DESDFClockTest.xml
2018 ms. Memory: 647168K Free: 610970K (94%)
Known Failure: java.lang.reflect.InvocationTargetException
----------------- testing (KnownFailure) /home/travis/build/icyphy/ptII/ptolemy/domains/de/test/auto/knownFailedTests/DirectFeedback.xml
1 ms. Memory: 647168K Free: 565791K (87%)
Known Failure: java.lang.reflect.InvocationTargetException
----------------- testing (KnownFailure) /home/travis/build/icyphy/ptII/ptolemy/domains/de/test/auto/knownFailedTests/FSMSource.xml
6 ms. Memory: 647168K Free: 520612K (80%)
----------------- testing (KnownFailure) /home/travis/build/icyphy/ptII/ptolemy/domains/de/test/auto/knownFailedTests/HierarchicalModel.xml
3 ms. Memory: 647168K Free: 486712K (75%)
Known Failure: java.lang.reflect.InvocationTargetException
----------------- testing (KnownFailure) /home/travis/build/icyphy/ptII/ptolemy/domains/de/test/auto/knownFailedTests/dependencyLoop.xml
1 ms. Memory: 647168K Free: 430230K (66%)
Known Failure: java.lang.reflect.InvocationTargetException
----------------- testing (KnownFailure) /home/travis/build/icyphy/ptII/ptolemy/domains/de/test/auto/knownFailedTests/dependencyLoop2.xml
5 ms. Memory: 647168K Free: 373756K (58%)
Known Failure: java.lang.reflect.InvocationTargetException
No auto/linux-amd64/*.xml tests in /home/travis/build/icyphy/ptII/ptolemy/domains/de/test
AutoTests.java: About to close Vertx.
AutoTests.java: Vertx closed.

===========================================================================================
----------------- testing Wed Jan 30 07:43:16 UTC 2019 /home/travis/build/icyphy/ptII/ptolemy/domains/de/test/auto/ActorDepthCalculation_actorWithoutPorts.xml
----------------- Instantiating /home/travis/build/icyphy/ptII/ptolemy/domains/de/test/auto/ActorDepthCalculation_actorWithoutPorts.xml
1 ms. Memory: 647168K Free: 317282K (49%)
----------------- Invoking toplevel() on ptolemy.moml.MoMLSimpleApplication@5ca884bb
----------------- Done invoking toplevel() on ptolemy.moml.MoMLSimpleApplication@5ca884bb
reloadAllAccessors: .ActorDepthCalculation_actorWithoutPorts

===========================================================================================
----------------- testing Wed Jan 30 07:43:16 UTC 2019 /home/travis/build/icyphy/ptII/ptolemy/domains/de/test/auto/AssemblyLine.xml
----------------- Instantiating /home/travis/build/icyphy/ptII/ptolemy/domains/de/test/auto/AssemblyLine.xml
2 ms. Memory: 647168K Free: 294692K (46%)
----------------- Invoking toplevel() on ptolemy.moml.MoMLSimpleApplication@114741a9
----------------- Done invoking toplevel() on ptolemy.moml.MoMLSimpleApplication@114741a9
reloadAllAccessors: .AssemblyLine

===========================================================================================
----------------- testing Wed Jan 30 07:43:16 UTC 2019 /home/travis/build/icyphy/ptII/ptolemy/domains/de/test/auto/CQBug1.xml
----------------- Instantiating /home/travis/build/icyphy/ptII/ptolemy/domains/de/test/auto/CQBug1.xml
1 ms. Memory: 647168K Free: 272103K (42%)
----------------- Invoking toplevel() on ptolemy.moml.MoMLSimpleApplication@a1601e8
----------------- Done invoking toplevel() on ptolemy.moml.MoMLSimpleApplication@a1601e8
reloadAllAccessors: .CQBug1

===========================================================================================
----------------- testing Wed Jan 30 07:43:16 UTC 2019 /home/travis/build/icyphy/ptII/ptolemy/domains/de/test/auto/CancelFireAt.xml
----------------- Instantiating /home/travis/build/icyphy/ptII/ptolemy/domains/de/test/auto/CancelFireAt.xml
1 ms. Memory: 647168K Free: 249513K (39%)
----------------- Invoking toplevel() on ptolemy.moml.MoMLSimpleApplication@686b21e7
----------------- Done invoking toplevel() on ptolemy.moml.MoMLSimpleApplication@686b21e7
reloadAllAccessors: .CancelFireAt

===========================================================================================
----------------- testing Wed Jan 30 07:43:16 UTC 2019 /home/travis/build/icyphy/ptII/ptolemy/domains/de/test/auto/CausalityAndComposabilityAnalysis.xml
----------------- Instantiating /home/travis/build/icyphy/ptII/ptolemy/domains/de/test/auto/CausalityAndComposabilityAnalysis.xml
1 ms. Memory: 647168K Free: 226924K (35%)
----------------- Invoking toplevel() on ptolemy.moml.MoMLSimpleApplication@4e541955
----------------- Done invoking toplevel() on ptolemy.moml.MoMLSimpleApplication@4e541955
reloadAllAccessors: .CausalityAndComposabilityAnalysis

===========================================================================================
----------------- testing Wed Jan 30 07:43:16 UTC 2019 /home/travis/build/icyphy/ptII/ptolemy/domains/de/test/auto/CausalityInterface1.xml
----------------- Instantiating /home/travis/build/icyphy/ptII/ptolemy/domains/de/test/auto/CausalityInterface1.xml
3 ms. Memory: 647168K Free: 204334K (32%)
----------------- Invoking toplevel() on ptolemy.moml.MoMLSimpleApplication@36f8a70a
----------------- Done invoking toplevel() on ptolemy.moml.MoMLSimpleApplication@36f8a70a
reloadAllAccessors: .CausalityInterface1

===========================================================================================
----------------- testing Wed Jan 30 07:43:16 UTC 2019 /home/travis/build/icyphy/ptII/ptolemy/domains/de/test/auto/CausalityInterface15.xml
----------------- Instantiating /home/travis/build/icyphy/ptII/ptolemy/domains/de/test/auto/CausalityInterface15.xml
2 ms. Memory: 647168K Free: 181745K (28%)
----------------- Invoking toplevel() on ptolemy.moml.MoMLSimpleApplication@1203f4fa
----------------- Done invoking toplevel() on ptolemy.moml.MoMLSimpleApplication@1203f4fa
reloadAllAccessors: .CausalityInterface15

===========================================================================================
----------------- testing Wed Jan 30 07:43:16 UTC 2019 /home/travis/build/icyphy/ptII/ptolemy/domains/de/test/auto/CausalityInterface2.xml
----------------- Instantiating /home/travis/build/icyphy/ptII/ptolemy/domains/de/test/auto/CausalityInterface2.xml
2 ms. Memory: 647168K Free: 159155K (25%)
----------------- Invoking toplevel() on ptolemy.moml.MoMLSimpleApplication@74118638
----------------- Done invoking toplevel() on ptolemy.moml.MoMLSimpleApplication@74118638
reloadAllAccessors: .CausalityInterface2

===========================================================================================
----------------- testing Wed Jan 30 07:43:16 UTC 2019 /home/travis/build/icyphy/ptII/ptolemy/domains/de/test/auto/CausalityInterface3.xml
----------------- Instantiating /home/travis/build/icyphy/ptII/ptolemy/domains/de/test/auto/CausalityInterface3.xml
1 ms. Memory: 647168K Free: 136566K (21%)
----------------- Invoking toplevel() on ptolemy.moml.MoMLSimpleApplication@67e9e516
----------------- Done invoking toplevel() on ptolemy.moml.MoMLSimpleApplication@67e9e516
reloadAllAccessors: .CausalityInterface3

===========================================================================================
----------------- testing Wed Jan 30 07:43:16 UTC 2019 /home/travis/build/icyphy/ptII/ptolemy/domains/de/test/auto/ClockDrift.xml
----------------- Instantiating /home/travis/build/icyphy/ptII/ptolemy/domains/de/test/auto/ClockDrift.xml
12 ms. Memory: 647168K Free: 113976K (18%)
----------------- Invoking toplevel() on ptolemy.moml.MoMLSimpleApplication@2e9e609a
----------------- Done invoking toplevel() on ptolemy.moml.MoMLSimpleApplication@2e9e609a
reloadAllAccessors: .ClockDrift

===========================================================================================
----------------- testing Wed Jan 30 07:43:16 UTC 2019 /home/travis/build/icyphy/ptII/ptolemy/domains/de/test/auto/ClockDriftAndValueChange.xml
----------------- Instantiating /home/travis/build/icyphy/ptII/ptolemy/domains/de/test/auto/ClockDriftAndValueChange.xml
11 ms. Memory: 647168K Free: 91387K (14%)
----------------- Invoking toplevel() on ptolemy.moml.MoMLSimpleApplication@380d1990
----------------- Done invoking toplevel() on ptolemy.moml.MoMLSimpleApplication@380d1990
reloadAllAccessors: .ClockDriftAndValueChange

===========================================================================================
----------------- testing Wed Jan 30 07:43:16 UTC 2019 /home/travis/build/icyphy/ptII/ptolemy/domains/de/test/auto/ClockDriftChange.xml
----------------- Instantiating /home/travis/build/icyphy/ptII/ptolemy/domains/de/test/auto/ClockDriftChange.xml
9 ms. Memory: 647168K Free: 77484K (12%)
----------------- Invoking toplevel() on ptolemy.moml.MoMLSimpleApplication@6855a4b7
----------------- Done invoking toplevel() on ptolemy.moml.MoMLSimpleApplication@6855a4b7
reloadAllAccessors: .ClockDriftChange

===========================================================================================
----------------- testing Wed Jan 30 07:43:17 UTC 2019 /home/travis/build/icyphy/ptII/ptolemy/domains/de/test/auto/ComposableCausalityAnalysis.xml
----------------- Instantiating /home/travis/build/icyphy/ptII/ptolemy/domains/de/test/auto/ComposableCausalityAnalysis.xml
1 ms. Memory: 619520K Free: 592791K (96%)
----------------- Invoking toplevel() on ptolemy.moml.MoMLSimpleApplication@2a1d4dd5
----------------- Done invoking toplevel() on ptolemy.moml.MoMLSimpleApplication@2a1d4dd5
reloadAllAccessors: .ComposableCausalityAnalysis

===========================================================================================
----------------- testing Wed Jan 30 07:43:17 UTC 2019 /home/travis/build/icyphy/ptII/ptolemy/domains/de/test/auto/DEFixedPointLimitation.xml
----------------- Instantiating /home/travis/build/icyphy/ptII/ptolemy/domains/de/test/auto/DEFixedPointLimitation.xml
1 ms. Memory: 619520K Free: 565949K (91%)
----------------- Invoking toplevel() on ptolemy.moml.MoMLSimpleApplication@6c102289
----------------- Done invoking toplevel() on ptolemy.moml.MoMLSimpleApplication@6c102289
reloadAllAccessors: .DEFixedPointLimitation

===========================================================================================
----------------- testing Wed Jan 30 07:43:17 UTC 2019 /home/travis/build/icyphy/ptII/ptolemy/domains/de/test/auto/DEScheduleTest.xml
----------------- Instantiating /home/travis/build/icyphy/ptII/ptolemy/domains/de/test/auto/DEScheduleTest.xml
1 ms. Memory: 619520K Free: 544425K (88%)
----------------- Invoking toplevel() on ptolemy.moml.MoMLSimpleApplication@72f2edc4
----------------- Done invoking toplevel() on ptolemy.moml.MoMLSimpleApplication@72f2edc4
reloadAllAccessors: .DEScheduleTest

===========================================================================================
----------------- testing Wed Jan 30 07:43:17 UTC 2019 /home/travis/build/icyphy/ptII/ptolemy/domains/de/test/auto/DEinDEwithStartTimes.xml
----------------- Instantiating /home/travis/build/icyphy/ptII/ptolemy/domains/de/test/auto/DEinDEwithStartTimes.xml
2 ms. Memory: 619520K Free: 522900K (84%)
----------------- Invoking toplevel() on ptolemy.moml.MoMLSimpleApplication@4747992a
----------------- Done invoking toplevel() on ptolemy.moml.MoMLSimpleApplication@4747992a
reloadAllAccessors: .DEinDEwithStartTimes

===========================================================================================
----------------- testing Wed Jan 30 07:43:17 UTC 2019 /home/travis/build/icyphy/ptII/ptolemy/domains/de/test/auto/DEinDEwithStartTimes2.xml
----------------- Instantiating /home/travis/build/icyphy/ptII/ptolemy/domains/de/test/auto/DEinDEwithStartTimes2.xml
2 ms. Memory: 619520K Free: 501376K (81%)
----------------- Invoking toplevel() on ptolemy.moml.MoMLSimpleApplication@6493ddbb
----------------- Done invoking toplevel() on ptolemy.moml.MoMLSimpleApplication@6493ddbb
reloadAllAccessors: .DEinDEwithStartTimes2

===========================================================================================
----------------- testing Wed Jan 30 07:43:17 UTC 2019 /home/travis/build/icyphy/ptII/ptolemy/domains/de/test/auto/DateDemo.xml
----------------- Instantiating /home/travis/build/icyphy/ptII/ptolemy/domains/de/test/auto/DateDemo.xml
5 ms. Memory: 619520K Free: 479804K (77%)
----------------- Invoking toplevel() on ptolemy.moml.MoMLSimpleApplication@3eb47c98
----------------- Done invoking toplevel() on ptolemy.moml.MoMLSimpleApplication@3eb47c98
reloadAllAccessors: .DateDemo

===========================================================================================
----------------- testing Wed Jan 30 07:43:17 UTC 2019 /home/travis/build/icyphy/ptII/ptolemy/domains/de/test/auto/DateToEvent.xml
----------------- Instantiating /home/travis/build/icyphy/ptII/ptolemy/domains/de/test/auto/DateToEvent.xml
2005 ms. Memory: 619520K Free: 447501K (72%)
----------------- Invoking toplevel() on ptolemy.moml.MoMLSimpleApplication@4c668a1
----------------- Done invoking toplevel() on ptolemy.moml.MoMLSimpleApplication@4c668a1
reloadAllAccessors: .DateToEvent

===========================================================================================
----------------- testing Wed Jan 30 07:43:19 UTC 2019 /home/travis/build/icyphy/ptII/ptolemy/domains/de/test/auto/DepthTest1.xml
----------------- Instantiating /home/travis/build/icyphy/ptII/ptolemy/domains/de/test/auto/DepthTest1.xml
1 ms. Memory: 619520K Free: 425977K (69%)
----------------- Invoking toplevel() on ptolemy.moml.MoMLSimpleApplication@5a7bb7f5
----------------- Done invoking toplevel() on ptolemy.moml.MoMLSimpleApplication@5a7bb7f5
reloadAllAccessors: .DepthTest1

===========================================================================================
----------------- testing Wed Jan 30 07:43:19 UTC 2019 /home/travis/build/icyphy/ptII/ptolemy/domains/de/test/auto/DepthTest2.xml
----------------- Instantiating /home/travis/build/icyphy/ptII/ptolemy/domains/de/test/auto/DepthTest2.xml
2 ms. Memory: 619520K Free: 404452K (65%)
----------------- Invoking toplevel() on ptolemy.moml.MoMLSimpleApplication@5e97fca7
----------------- Done invoking toplevel() on ptolemy.moml.MoMLSimpleApplication@5e97fca7
reloadAllAccessors: .DepthTest2

===========================================================================================
----------------- testing Wed Jan 30 07:43:19 UTC 2019 /home/travis/build/icyphy/ptII/ptolemy/domains/de/test/auto/DepthTest3.xml
----------------- Instantiating /home/travis/build/icyphy/ptII/ptolemy/domains/de/test/auto/DepthTest3.xml
1 ms. Memory: 619520K Free: 382928K (62%)
----------------- Invoking toplevel() on ptolemy.moml.MoMLSimpleApplication@230bdf23
----------------- Done invoking toplevel() on ptolemy.moml.MoMLSimpleApplication@230bdf23
reloadAllAccessors: .DepthTest3

===========================================================================================
----------------- testing Wed Jan 30 07:43:19 UTC 2019 /home/travis/build/icyphy/ptII/ptolemy/domains/de/test/auto/DepthTest4.xml
----------------- Instantiating /home/travis/build/icyphy/ptII/ptolemy/domains/de/test/auto/DepthTest4.xml
1 ms. Memory: 619520K Free: 361403K (58%)
----------------- Invoking toplevel() on ptolemy.moml.MoMLSimpleApplication@6e63a727
----------------- Done invoking toplevel() on ptolemy.moml.MoMLSimpleApplication@6e63a727
reloadAllAccessors: .DepthTest4

===========================================================================================
----------------- testing Wed Jan 30 07:43:19 UTC 2019 /home/travis/build/icyphy/ptII/ptolemy/domains/de/test/auto/DepthTest5.xml
----------------- Instantiating /home/travis/build/icyphy/ptII/ptolemy/domains/de/test/auto/DepthTest5.xml
1 ms. Memory: 619520K Free: 339879K (55%)
----------------- Invoking toplevel() on ptolemy.moml.MoMLSimpleApplication@3d02cb9c
----------------- Done invoking toplevel() on ptolemy.moml.MoMLSimpleApplication@3d02cb9c
reloadAllAccessors: .DepthTest5

===========================================================================================
----------------- testing Wed Jan 30 07:43:19 UTC 2019 /home/travis/build/icyphy/ptII/ptolemy/domains/de/test/auto/DepthTest6.xml
----------------- Instantiating /home/travis/build/icyphy/ptII/ptolemy/domains/de/test/auto/DepthTest6.xml
1 ms. Memory: 619520K Free: 313037K (51%)
----------------- Invoking toplevel() on ptolemy.moml.MoMLSimpleApplication@3c0f8e16
----------------- Done invoking toplevel() on ptolemy.moml.MoMLSimpleApplication@3c0f8e16
reloadAllAccessors: .DepthTest6

===========================================================================================
----------------- testing Wed Jan 30 07:43:19 UTC 2019 /home/travis/build/icyphy/ptII/ptolemy/domains/de/test/auto/DepthTest7.xml
----------------- Instantiating /home/travis/build/icyphy/ptII/ptolemy/domains/de/test/auto/DepthTest7.xml
1 ms. Memory: 619520K Free: 291513K (47%)
----------------- Invoking toplevel() on ptolemy.moml.MoMLSimpleApplication@5480e068
----------------- Done invoking toplevel() on ptolemy.moml.MoMLSimpleApplication@5480e068
reloadAllAccessors: .DepthTest7

===========================================================================================
----------------- testing Wed Jan 30 07:43:19 UTC 2019 /home/travis/build/icyphy/ptII/ptolemy/domains/de/test/auto/EventToDate.xml
----------------- Instantiating /home/travis/build/icyphy/ptII/ptolemy/domains/de/test/auto/EventToDate.xml
3005 ms. Memory: 619520K Free: 259210K (42%)
----------------- Invoking toplevel() on ptolemy.moml.MoMLSimpleApplication@39e90609
----------------- Done invoking toplevel() on ptolemy.moml.MoMLSimpleApplication@39e90609
reloadAllAccessors: .EventToDate

===========================================================================================
----------------- testing Wed Jan 30 07:43:22 UTC 2019 /home/travis/build/icyphy/ptII/ptolemy/domains/de/test/auto/FSM1.xml
----------------- Instantiating /home/travis/build/icyphy/ptII/ptolemy/domains/de/test/auto/FSM1.xml
12 ms. Memory: 619520K Free: 237686K (38%)
----------------- Invoking toplevel() on ptolemy.moml.MoMLSimpleApplication@11f17ff0
----------------- Done invoking toplevel() on ptolemy.moml.MoMLSimpleApplication@11f17ff0
reloadAllAccessors: .FSM1

===========================================================================================
----------------- testing Wed Jan 30 07:43:22 UTC 2019 /home/travis/build/icyphy/ptII/ptolemy/domains/de/test/auto/FSM7.xml
----------------- Instantiating /home/travis/build/icyphy/ptII/ptolemy/domains/de/test/auto/FSM7.xml
7 ms. Memory: 619520K Free: 216161K (35%)
----------------- Invoking toplevel() on ptolemy.moml.MoMLSimpleApplication@617a7596
----------------- Done invoking toplevel() on ptolemy.moml.MoMLSimpleApplication@617a7596
reloadAllAccessors: .FSM7

===========================================================================================
----------------- testing Wed Jan 30 07:43:22 UTC 2019 /home/travis/build/icyphy/ptII/ptolemy/domains/de/test/auto/Inspection.xml
----------------- Instantiating /home/travis/build/icyphy/ptII/ptolemy/domains/de/test/auto/Inspection.xml
11 ms. Memory: 619520K Free: 183858K (30%)
----------------- Invoking toplevel() on ptolemy.moml.MoMLSimpleApplication@25f31240
----------------- Done invoking toplevel() on ptolemy.moml.MoMLSimpleApplication@25f31240
reloadAllAccessors: .Inspection

===========================================================================================
----------------- testing Wed Jan 30 07:43:22 UTC 2019 /home/travis/build/icyphy/ptII/ptolemy/domains/de/test/auto/Iteration.xml
----------------- Instantiating /home/travis/build/icyphy/ptII/ptolemy/domains/de/test/auto/Iteration.xml
4 ms. Memory: 619520K Free: 162334K (26%)
----------------- Invoking toplevel() on ptolemy.moml.MoMLSimpleApplication@1b99ed02
----------------- Done invoking toplevel() on ptolemy.moml.MoMLSimpleApplication@1b99ed02
reloadAllAccessors: .Iteration

===========================================================================================
----------------- testing Wed Jan 30 07:43:22 UTC 2019 /home/travis/build/icyphy/ptII/ptolemy/domains/de/test/auto/LineFault.xml
----------------- Instantiating /home/travis/build/icyphy/ptII/ptolemy/domains/de/test/auto/LineFault.xml
451 ms. Memory: 595456K Free: 556303K (93%)
----------------- Invoking toplevel() on ptolemy.moml.MoMLSimpleApplication@6eb88437
----------------- Done invoking toplevel() on ptolemy.moml.MoMLSimpleApplication@6eb88437
reloadAllAccessors: .LineFault

===========================================================================================
----------------- testing Wed Jan 30 07:43:22 UTC 2019 /home/travis/build/icyphy/ptII/ptolemy/domains/de/test/auto/MergeModel1Add.xml
----------------- Instantiating /home/travis/build/icyphy/ptII/ptolemy/domains/de/test/auto/MergeModel1Add.xml
5 ms. Memory: 595456K Free: 521609K (88%)
----------------- Invoking toplevel() on ptolemy.moml.MoMLSimpleApplication@582eb57a
----------------- Done invoking toplevel() on ptolemy.moml.MoMLSimpleApplication@582eb57a
reloadAllAccessors: .MergeModel1Add

===========================================================================================
----------------- testing Wed Jan 30 07:43:23 UTC 2019 /home/travis/build/icyphy/ptII/ptolemy/domains/de/test/auto/MergeModel2Add.xml
----------------- Instantiating /home/travis/build/icyphy/ptII/ptolemy/domains/de/test/auto/MergeModel2Add.xml
6 ms. Memory: 595456K Free: 495926K (83%)
----------------- Invoking toplevel() on ptolemy.moml.MoMLSimpleApplication@7dfe1ecd
----------------- Done invoking toplevel() on ptolemy.moml.MoMLSimpleApplication@7dfe1ecd
reloadAllAccessors: .MergeModel2Add

===========================================================================================
----------------- testing Wed Jan 30 07:43:23 UTC 2019 /home/travis/build/icyphy/ptII/ptolemy/domains/de/test/auto/MergeModel3Add.xml
----------------- Instantiating /home/travis/build/icyphy/ptII/ptolemy/domains/de/test/auto/MergeModel3Add.xml
5 ms. Memory: 595456K Free: 470242K (79%)
----------------- Invoking toplevel() on ptolemy.moml.MoMLSimpleApplication@2c9f1670
----------------- Done invoking toplevel() on ptolemy.moml.MoMLSimpleApplication@2c9f1670
reloadAllAccessors: .MergeModel3Add

===========================================================================================
----------------- testing Wed Jan 30 07:43:23 UTC 2019 /home/travis/build/icyphy/ptII/ptolemy/domains/de/test/auto/MergeWithoutDiscard.xml
----------------- Instantiating /home/travis/build/icyphy/ptII/ptolemy/domains/de/test/auto/MergeWithoutDiscard.xml
1 ms. Memory: 595456K Free: 459953K (77%)
----------------- Invoking toplevel() on ptolemy.moml.MoMLSimpleApplication@272d83a8
----------------- Done invoking toplevel() on ptolemy.moml.MoMLSimpleApplication@272d83a8
reloadAllAccessors: .MergeWithoutDiscard

===========================================================================================
----------------- testing Wed Jan 30 07:43:23 UTC 2019 /home/travis/build/icyphy/ptII/ptolemy/domains/de/test/auto/Modal1.xml
----------------- Instantiating /home/travis/build/icyphy/ptII/ptolemy/domains/de/test/auto/Modal1.xml
6 ms. Memory: 595456K Free: 444562K (75%)
----------------- Invoking toplevel() on ptolemy.moml.MoMLSimpleApplication@144b8400
----------------- Done invoking toplevel() on ptolemy.moml.MoMLSimpleApplication@144b8400
reloadAllAccessors: .Modal1

===========================================================================================
----------------- testing Wed Jan 30 07:43:23 UTC 2019 /home/travis/build/icyphy/ptII/ptolemy/domains/de/test/auto/Modal2.xml
----------------- Instantiating /home/travis/build/icyphy/ptII/ptolemy/domains/de/test/auto/Modal2.xml
6 ms. Memory: 595456K Free: 429170K (72%)
----------------- Invoking toplevel() on ptolemy.moml.MoMLSimpleApplication@610b68df
----------------- Done invoking toplevel() on ptolemy.moml.MoMLSimpleApplication@610b68df
reloadAllAccessors: .Modal2

===========================================================================================
----------------- testing Wed Jan 30 07:43:23 UTC 2019 /home/travis/build/icyphy/ptII/ptolemy/domains/de/test/auto/Modal3.xml
----------------- Instantiating /home/travis/build/icyphy/ptII/ptolemy/domains/de/test/auto/Modal3.xml
8 ms. Memory: 595456K Free: 410388K (69%)
----------------- Invoking toplevel() on ptolemy.moml.MoMLSimpleApplication@375ac398
----------------- Done invoking toplevel() on ptolemy.moml.MoMLSimpleApplication@375ac398
reloadAllAccessors: .Modal3

===========================================================================================
----------------- testing Wed Jan 30 07:43:23 UTC 2019 /home/travis/build/icyphy/ptII/ptolemy/domains/de/test/auto/Modal4.xml
----------------- Instantiating /home/travis/build/icyphy/ptII/ptolemy/domains/de/test/auto/Modal4.xml
9 ms. Memory: 595456K Free: 394982K (66%)
----------------- Invoking toplevel() on ptolemy.moml.MoMLSimpleApplication@29a70a8b
----------------- Done invoking toplevel() on ptolemy.moml.MoMLSimpleApplication@29a70a8b
reloadAllAccessors: .Modal4

===========================================================================================
----------------- testing Wed Jan 30 07:43:23 UTC 2019 /home/travis/build/icyphy/ptII/ptolemy/domains/de/test/auto/Modal5.xml
----------------- Instantiating /home/travis/build/icyphy/ptII/ptolemy/domains/de/test/auto/Modal5.xml
8 ms. Memory: 595456K Free: 379575K (64%)
----------------- Invoking toplevel() on ptolemy.moml.MoMLSimpleApplication@3e69f4a3
----------------- Done invoking toplevel() on ptolemy.moml.MoMLSimpleApplication@3e69f4a3
reloadAllAccessors: .Modal5

===========================================================================================
----------------- testing Wed Jan 30 07:43:23 UTC 2019 /home/travis/build/icyphy/ptII/ptolemy/domains/de/test/auto/Modal6.xml
----------------- Instantiating /home/travis/build/icyphy/ptII/ptolemy/domains/de/test/auto/Modal6.xml
7 ms. Memory: 595456K Free: 364168K (61%)
----------------- Invoking toplevel() on ptolemy.moml.MoMLSimpleApplication@3e4a331e
----------------- Done invoking toplevel() on ptolemy.moml.MoMLSimpleApplication@3e4a331e
reloadAllAccessors: .Modal6

===========================================================================================
----------------- testing Wed Jan 30 07:43:23 UTC 2019 /home/travis/build/icyphy/ptII/ptolemy/domains/de/test/auto/Modal7.xml
----------------- Instantiating /home/travis/build/icyphy/ptII/ptolemy/domains/de/test/auto/Modal7.xml
6 ms. Memory: 595456K Free: 348761K (59%)
----------------- Invoking toplevel() on ptolemy.moml.MoMLSimpleApplication@38b606ae
----------------- Done invoking toplevel() on ptolemy.moml.MoMLSimpleApplication@38b606ae
reloadAllAccessors: .Modal7

===========================================================================================
----------------- testing Wed Jan 30 07:43:23 UTC 2019 /home/travis/build/icyphy/ptII/ptolemy/domains/de/test/auto/ModalModel.xml
----------------- Instantiating /home/travis/build/icyphy/ptII/ptolemy/domains/de/test/auto/ModalModel.xml
107 ms. Memory: 595456K Free: 276810K (46%)
----------------- Invoking toplevel() on ptolemy.moml.MoMLSimpleApplication@b0d8ce8
----------------- Done invoking toplevel() on ptolemy.moml.MoMLSimpleApplication@b0d8ce8
reloadAllAccessors: .ModalModel

===========================================================================================
----------------- testing Wed Jan 30 07:43:23 UTC 2019 /home/travis/build/icyphy/ptII/ptolemy/domains/de/test/auto/ModalSource.xml
----------------- Instantiating /home/travis/build/icyphy/ptII/ptolemy/domains/de/test/auto/ModalSource.xml
5 ms. Memory: 595456K Free: 261411K (44%)
----------------- Invoking toplevel() on ptolemy.moml.MoMLSimpleApplication@3af79825
----------------- Done invoking toplevel() on ptolemy.moml.MoMLSimpleApplication@3af79825
reloadAllAccessors: .ModalSource

===========================================================================================
----------------- testing Wed Jan 30 07:43:23 UTC 2019 /home/travis/build/icyphy/ptII/ptolemy/domains/de/test/auto/NonInterruptibleTimerZeroDelay.xml
----------------- Instantiating /home/travis/build/icyphy/ptII/ptolemy/domains/de/test/auto/NonInterruptibleTimerZeroDelay.xml
2 ms. Memory: 595456K Free: 247775K (42%)
----------------- Invoking toplevel() on ptolemy.moml.MoMLSimpleApplication@6eb529b
----------------- Done invoking toplevel() on ptolemy.moml.MoMLSimpleApplication@6eb529b
reloadAllAccessors: .NonInterruptibleTimerZeroDelay

===========================================================================================
----------------- testing Wed Jan 30 07:43:23 UTC 2019 /home/travis/build/icyphy/ptII/ptolemy/domains/de/test/auto/OpenQueueingNetwork.xml
----------------- Instantiating /home/travis/build/icyphy/ptII/ptolemy/domains/de/test/auto/OpenQueueingNetwork.xml
1899 ms. Memory: 571392K Free: 125838K (22%)
----------------- Invoking toplevel() on ptolemy.moml.MoMLSimpleApplication@44ca5bfe
----------------- Done invoking toplevel() on ptolemy.moml.MoMLSimpleApplication@44ca5bfe
reloadAllAccessors: .OpenQueueingNetwork

===========================================================================================
----------------- testing Wed Jan 30 07:43:25 UTC 2019 /home/travis/build/icyphy/ptII/ptolemy/domains/de/test/auto/OpenQueuingNetwork.xml
----------------- Instantiating /home/travis/build/icyphy/ptII/ptolemy/domains/de/test/auto/OpenQueuingNetwork.xml
214 ms. Memory: 548352K Free: 496714K (91%)
----------------- Invoking toplevel() on ptolemy.moml.MoMLSimpleApplication@17ca36c3
----------------- Done invoking toplevel() on ptolemy.moml.MoMLSimpleApplication@17ca36c3
reloadAllAccessors: .OpenQueuingNetwork

===========================================================================================
----------------- testing Wed Jan 30 07:43:25 UTC 2019 /home/travis/build/icyphy/ptII/ptolemy/domains/de/test/auto/PeriodicSampler.xml
----------------- Instantiating /home/travis/build/icyphy/ptII/ptolemy/domains/de/test/auto/PeriodicSampler.xml
2 ms. Memory: 548352K Free: 487347K (89%)
----------------- Invoking toplevel() on ptolemy.moml.MoMLSimpleApplication@367cd9d7
----------------- Done invoking toplevel() on ptolemy.moml.MoMLSimpleApplication@367cd9d7
reloadAllAccessors: .PeriodicSampler

===========================================================================================
----------------- testing Wed Jan 30 07:43:25 UTC 2019 /home/travis/build/icyphy/ptII/ptolemy/domains/de/test/auto/PersistentIO.xml
----------------- Instantiating /home/travis/build/icyphy/ptII/ptolemy/domains/de/test/auto/PersistentIO.xml
4 ms. Memory: 548352K Free: 474901K (87%)
----------------- Invoking toplevel() on ptolemy.moml.MoMLSimpleApplication@5c5cad17
----------------- Done invoking toplevel() on ptolemy.moml.MoMLSimpleApplication@5c5cad17
reloadAllAccessors: .PersistentIO

===========================================================================================
----------------- testing Wed Jan 30 07:43:25 UTC 2019 /home/travis/build/icyphy/ptII/ptolemy/domains/de/test/auto/PortParameterResetOnInitialize.xml
----------------- Instantiating /home/travis/build/icyphy/ptII/ptolemy/domains/de/test/auto/PortParameterResetOnInitialize.xml
1 ms. Memory: 548352K Free: 464213K (85%)
----------------- Invoking toplevel() on ptolemy.moml.MoMLSimpleApplication@1d50a224
----------------- Done invoking toplevel() on ptolemy.moml.MoMLSimpleApplication@1d50a224
reloadAllAccessors: .PortParameterResetOnInitialize

===========================================================================================
----------------- testing Wed Jan 30 07:43:25 UTC 2019 /home/travis/build/icyphy/ptII/ptolemy/domains/de/test/auto/PortParameterUpdates.xml
----------------- Instantiating /home/travis/build/icyphy/ptII/ptolemy/domains/de/test/auto/PortParameterUpdates.xml
6 ms. Memory: 548352K Free: 454868K (83%)
----------------- Invoking toplevel() on ptolemy.moml.MoMLSimpleApplication@1b38c4ef
----------------- Done invoking toplevel() on ptolemy.moml.MoMLSimpleApplication@1b38c4ef
reloadAllAccessors: .PortParameterUpdates

===========================================================================================
----------------- testing Wed Jan 30 07:43:25 UTC 2019 /home/travis/build/icyphy/ptII/ptolemy/domains/de/test/auto/QueueAndServer.xml
----------------- Instantiating /home/travis/build/icyphy/ptII/ptolemy/domains/de/test/auto/QueueAndServer.xml
5 ms. Memory: 548352K Free: 445506K (81%)
----------------- Invoking toplevel() on ptolemy.moml.MoMLSimpleApplication@7aec2d9c
----------------- Done invoking toplevel() on ptolemy.moml.MoMLSimpleApplication@7aec2d9c
reloadAllAccessors: .QueueAndServer

===========================================================================================
----------------- testing Wed Jan 30 07:43:25 UTC 2019 /home/travis/build/icyphy/ptII/ptolemy/domains/de/test/auto/Records.xml
----------------- Instantiating /home/travis/build/icyphy/ptII/ptolemy/domains/de/test/auto/Records.xml
3 ms. Memory: 548352K Free: 434834K (79%)
----------------- Invoking toplevel() on ptolemy.moml.MoMLSimpleApplication@742d3a91
----------------- Done invoking toplevel() on ptolemy.moml.MoMLSimpleApplication@742d3a91
reloadAllAccessors: .Records

===========================================================================================
----------------- testing Wed Jan 30 07:43:25 UTC 2019 /home/travis/build/icyphy/ptII/ptolemy/domains/de/test/auto/ResetTransitionWithStartTime1.xml
----------------- Instantiating /home/travis/build/icyphy/ptII/ptolemy/domains/de/test/auto/ResetTransitionWithStartTime1.xml
4 ms. Memory: 548352K Free: 425489K (78%)
----------------- Invoking toplevel() on ptolemy.moml.MoMLSimpleApplication@37e3d21a
----------------- Done invoking toplevel() on ptolemy.moml.MoMLSimpleApplication@37e3d21a
reloadAllAccessors: .ResetTransitionWithStartTime1

===========================================================================================
----------------- testing Wed Jan 30 07:43:25 UTC 2019 /home/travis/build/icyphy/ptII/ptolemy/domains/de/test/auto/ResetTransitionWithStartTime2.xml
----------------- Instantiating /home/travis/build/icyphy/ptII/ptolemy/domains/de/test/auto/ResetTransitionWithStartTime2.xml
4 ms. Memory: 548352K Free: 414801K (76%)
----------------- Invoking toplevel() on ptolemy.moml.MoMLSimpleApplication@6ca7509a
----------------- Done invoking toplevel() on ptolemy.moml.MoMLSimpleApplication@6ca7509a
reloadAllAccessors: .ResetTransitionWithStartTime2

===========================================================================================
----------------- testing Wed Jan 30 07:43:25 UTC 2019 /home/travis/build/icyphy/ptII/ptolemy/domains/de/test/auto/ResetTransitionWithStartTime3.xml
----------------- Instantiating /home/travis/build/icyphy/ptII/ptolemy/domains/de/test/auto/ResetTransitionWithStartTime3.xml
4 ms. Memory: 548352K Free: 405456K (74%)
----------------- Invoking toplevel() on ptolemy.moml.MoMLSimpleApplication@71ecb60f
----------------- Done invoking toplevel() on ptolemy.moml.MoMLSimpleApplication@71ecb60f
reloadAllAccessors: .ResetTransitionWithStartTime3

===========================================================================================
----------------- testing Wed Jan 30 07:43:25 UTC 2019 /home/travis/build/icyphy/ptII/ptolemy/domains/de/test/auto/ResetTransitionWithStartTime4.xml
----------------- Instantiating /home/travis/build/icyphy/ptII/ptolemy/domains/de/test/auto/ResetTransitionWithStartTime4.xml
3 ms. Memory: 548352K Free: 396112K (72%)
----------------- Invoking toplevel() on ptolemy.moml.MoMLSimpleApplication@11482552
----------------- Done invoking toplevel() on ptolemy.moml.MoMLSimpleApplication@11482552
reloadAllAccessors: .ResetTransitionWithStartTime4

===========================================================================================
----------------- testing Wed Jan 30 07:43:25 UTC 2019 /home/travis/build/icyphy/ptII/ptolemy/domains/de/test/auto/ResettableTimer1.xml
----------------- Instantiating /home/travis/build/icyphy/ptII/ptolemy/domains/de/test/auto/ResettableTimer1.xml
2 ms. Memory: 548352K Free: 388549K (71%)
----------------- Invoking toplevel() on ptolemy.moml.MoMLSimpleApplication@59a7f59e
----------------- Done invoking toplevel() on ptolemy.moml.MoMLSimpleApplication@59a7f59e
reloadAllAccessors: .ResettableTimer1

===========================================================================================
----------------- testing Wed Jan 30 07:43:25 UTC 2019 /home/travis/build/icyphy/ptII/ptolemy/domains/de/test/auto/ResettableTimer2.xml
----------------- Instantiating /home/travis/build/icyphy/ptII/ptolemy/domains/de/test/auto/ResettableTimer2.xml
2 ms. Memory: 548352K Free: 382330K (70%)
----------------- Invoking toplevel() on ptolemy.moml.MoMLSimpleApplication@73961190
----------------- Done invoking toplevel() on ptolemy.moml.MoMLSimpleApplication@73961190
reloadAllAccessors: .ResettableTimer2

===========================================================================================
----------------- testing Wed Jan 30 07:43:25 UTC 2019 /home/travis/build/icyphy/ptII/ptolemy/domains/de/test/auto/ResettableTimer3.xml
----------------- Instantiating /home/travis/build/icyphy/ptII/ptolemy/domains/de/test/auto/ResettableTimer3.xml
1 ms. Memory: 548352K Free: 376111K (69%)
----------------- Invoking toplevel() on ptolemy.moml.MoMLSimpleApplication@4ca3c43c
----------------- Done invoking toplevel() on ptolemy.moml.MoMLSimpleApplication@4ca3c43c
reloadAllAccessors: .ResettableTimer3

===========================================================================================
----------------- testing Wed Jan 30 07:43:25 UTC 2019 /home/travis/build/icyphy/ptII/ptolemy/domains/de/test/auto/ResettableTimer4.xml
----------------- Instantiating /home/travis/build/icyphy/ptII/ptolemy/domains/de/test/auto/ResettableTimer4.xml
1 ms. Memory: 548352K Free: 368548K (67%)
----------------- Invoking toplevel() on ptolemy.moml.MoMLSimpleApplication@152eed7f
----------------- Done invoking toplevel() on ptolemy.moml.MoMLSimpleApplication@152eed7f
reloadAllAccessors: .ResettableTimer4

===========================================================================================
----------------- testing Wed Jan 30 07:43:25 UTC 2019 /home/travis/build/icyphy/ptII/ptolemy/domains/de/test/auto/ResettableTimer5.xml
----------------- Instantiating /home/travis/build/icyphy/ptII/ptolemy/domains/de/test/auto/ResettableTimer5.xml
1 ms. Memory: 548352K Free: 359204K (66%)
----------------- Invoking toplevel() on ptolemy.moml.MoMLSimpleApplication@578059bb
----------------- Done invoking toplevel() on ptolemy.moml.MoMLSimpleApplication@578059bb
reloadAllAccessors: .ResettableTimer5

===========================================================================================
----------------- testing Wed Jan 30 07:43:25 UTC 2019 /home/travis/build/icyphy/ptII/ptolemy/domains/de/test/auto/ResettableTimer6.xml
----------------- Instantiating /home/travis/build/icyphy/ptII/ptolemy/domains/de/test/auto/ResettableTimer6.xml
1 ms. Memory: 548352K Free: 348531K (64%)
----------------- Invoking toplevel() on ptolemy.moml.MoMLSimpleApplication@248bea9a
----------------- Done invoking toplevel() on ptolemy.moml.MoMLSimpleApplication@248bea9a
reloadAllAccessors: .ResettableTimer6

===========================================================================================
----------------- testing Wed Jan 30 07:43:25 UTC 2019 /home/travis/build/icyphy/ptII/ptolemy/domains/de/test/auto/ServerZeroDelay.xml
----------------- Instantiating /home/travis/build/icyphy/ptII/ptolemy/domains/de/test/auto/ServerZeroDelay.xml
2 ms. Memory: 548352K Free: 342312K (62%)
----------------- Invoking toplevel() on ptolemy.moml.MoMLSimpleApplication@113aaf73
----------------- Done invoking toplevel() on ptolemy.moml.MoMLSimpleApplication@113aaf73
reloadAllAccessors: .ServerZeroDelay

===========================================================================================
----------------- testing Wed Jan 30 07:43:25 UTC 2019 /home/travis/build/icyphy/ptII/ptolemy/domains/de/test/auto/SmartSender.xml
----------------- Instantiating /home/travis/build/icyphy/ptII/ptolemy/domains/de/test/auto/SmartSender.xml
3001 ms. Memory: 548352K Free: 332968K (61%)
----------------- Invoking toplevel() on ptolemy.moml.MoMLSimpleApplication@38c0e8a7
----------------- Done invoking toplevel() on ptolemy.moml.MoMLSimpleApplication@38c0e8a7
reloadAllAccessors: .SmartSender

===========================================================================================
----------------- testing Wed Jan 30 07:43:29 UTC 2019 /home/travis/build/icyphy/ptII/ptolemy/domains/de/test/auto/ThreadedComposite.xml
----------------- Instantiating /home/travis/build/icyphy/ptII/ptolemy/domains/de/test/auto/ThreadedComposite.xml
1304 ms. Memory: 548352K Free: 163672K (30%)
----------------- Invoking toplevel() on ptolemy.moml.MoMLSimpleApplication@7fbd3b98
----------------- Done invoking toplevel() on ptolemy.moml.MoMLSimpleApplication@7fbd3b98
reloadAllAccessors: .ThreadedComposite

===========================================================================================
----------------- testing Wed Jan 30 07:43:30 UTC 2019 /home/travis/build/icyphy/ptII/ptolemy/domains/de/test/auto/Time.xml
----------------- Instantiating /home/travis/build/icyphy/ptII/ptolemy/domains/de/test/auto/Time.xml
390 ms. Memory: 548352K Free: 107684K (20%)
----------------- Invoking toplevel() on ptolemy.moml.MoMLSimpleApplication@7a1d595b
----------------- Done invoking toplevel() on ptolemy.moml.MoMLSimpleApplication@7a1d595b
reloadAllAccessors: .Time

===========================================================================================
----------------- testing Wed Jan 30 07:43:30 UTC 2019 /home/travis/build/icyphy/ptII/ptolemy/domains/de/test/auto/TimeDelayZeroDelay.xml
----------------- Instantiating /home/travis/build/icyphy/ptII/ptolemy/domains/de/test/auto/TimeDelayZeroDelay.xml
2 ms. Memory: 548352K Free: 100121K (18%)
----------------- Invoking toplevel() on ptolemy.moml.MoMLSimpleApplication@3c70adeb
----------------- Done invoking toplevel() on ptolemy.moml.MoMLSimpleApplication@3c70adeb
reloadAllAccessors: .TimeDelayZeroDelay

===========================================================================================
----------------- testing Wed Jan 30 07:43:30 UTC 2019 /home/travis/build/icyphy/ptII/ptolemy/domains/de/test/auto/TimerZeroDelay.xml
----------------- Instantiating /home/travis/build/icyphy/ptII/ptolemy/domains/de/test/auto/TimerZeroDelay.xml
1 ms. Memory: 548352K Free: 93902K (17%)
----------------- Invoking toplevel() on ptolemy.moml.MoMLSimpleApplication@33a8af4b
----------------- Done invoking toplevel() on ptolemy.moml.MoMLSimpleApplication@33a8af4b
reloadAllAccessors: .TimerZeroDelay

===========================================================================================
----------------- testing Wed Jan 30 07:43:30 UTC 2019 /home/travis/build/icyphy/ptII/ptolemy/domains/de/test/auto/TimingParadox.xml
----------------- Instantiating /home/travis/build/icyphy/ptII/ptolemy/domains/de/test/auto/TimingParadox.xml
271 ms. Memory: 527360K Free: 468622K (89%)
----------------- Invoking toplevel() on ptolemy.moml.MoMLSimpleApplication@4d3bb1fd
----------------- Done invoking toplevel() on ptolemy.moml.MoMLSimpleApplication@4d3bb1fd
reloadAllAccessors: .TimingParadox

===========================================================================================
----------------- testing Wed Jan 30 07:43:31 UTC 2019 /home/travis/build/icyphy/ptII/ptolemy/domains/de/test/auto/TransferInputs.xml
----------------- Instantiating /home/travis/build/icyphy/ptII/ptolemy/domains/de/test/auto/TransferInputs.xml
2 ms. Memory: 527360K Free: 458816K (87%)
----------------- Invoking toplevel() on ptolemy.moml.MoMLSimpleApplication@2bbabbd
----------------- Done invoking toplevel() on ptolemy.moml.MoMLSimpleApplication@2bbabbd
reloadAllAccessors: .TransferInputs

===========================================================================================
----------------- testing Wed Jan 30 07:43:31 UTC 2019 /home/travis/build/icyphy/ptII/ptolemy/domains/de/test/auto/TransferOutputs2.xml
----------------- Instantiating /home/travis/build/icyphy/ptII/ptolemy/domains/de/test/auto/TransferOutputs2.xml
2 ms. Memory: 527360K Free: 446027K (85%)
----------------- Invoking toplevel() on ptolemy.moml.MoMLSimpleApplication@7b9ff219
----------------- Done invoking toplevel() on ptolemy.moml.MoMLSimpleApplication@7b9ff219
reloadAllAccessors: .TransferOutputs2

===========================================================================================
----------------- testing Wed Jan 30 07:43:31 UTC 2019 /home/travis/build/icyphy/ptII/ptolemy/domains/de/test/auto/Trilateration.xml
----------------- Instantiating /home/travis/build/icyphy/ptII/ptolemy/domains/de/test/auto/Trilateration.xml
10455 ms. Memory: 602112K Free: 428352K (71%)
----------------- Invoking toplevel() on ptolemy.moml.MoMLSimpleApplication@48bf85a3
----------------- Done invoking toplevel() on ptolemy.moml.MoMLSimpleApplication@48bf85a3
reloadAllAccessors: .Trilateration

===========================================================================================
----------------- testing Wed Jan 30 07:43:42 UTC 2019 /home/travis/build/icyphy/ptII/ptolemy/domains/de/test/auto/TwoSigmaDelta.xml
----------------- Instantiating /home/travis/build/icyphy/ptII/ptolemy/domains/de/test/auto/TwoSigmaDelta.xml
1800 ms. Memory: 602112K Free: 133975K (22%)
----------------- Invoking toplevel() on ptolemy.moml.MoMLSimpleApplication@904bfc3
----------------- Done invoking toplevel() on ptolemy.moml.MoMLSimpleApplication@904bfc3
reloadAllAccessors: .TwoSigmaDelta

===========================================================================================
----------------- testing Wed Jan 30 07:43:44 UTC 2019 /home/travis/build/icyphy/ptII/ptolemy/domains/de/test/auto/VariableDelay.xml
----------------- Instantiating /home/travis/build/icyphy/ptII/ptolemy/domains/de/test/auto/VariableDelay.xml
3 ms. Memory: 602112K Free: 112714K (19%)
----------------- Invoking toplevel() on ptolemy.moml.MoMLSimpleApplication@33a15396
----------------- Done invoking toplevel() on ptolemy.moml.MoMLSimpleApplication@33a15396
reloadAllAccessors: .VariableDelay

===========================================================================================
----------------- testing Wed Jan 30 07:43:44 UTC 2019 /home/travis/build/icyphy/ptII/ptolemy/domains/de/test/auto/VariableDelay2.xml
----------------- Instantiating /home/travis/build/icyphy/ptII/ptolemy/domains/de/test/auto/VariableDelay2.xml
1 ms. Memory: 602112K Free: 91453K (15%)
----------------- Invoking toplevel() on ptolemy.moml.MoMLSimpleApplication@41fb2c40
----------------- Done invoking toplevel() on ptolemy.moml.MoMLSimpleApplication@41fb2c40
reloadAllAccessors: .VariableDelay2

===========================================================================================
----------------- testing Wed Jan 30 07:43:44 UTC 2019 /home/travis/build/icyphy/ptII/ptolemy/domains/de/test/auto/VariableDelayZeroDelay.xml
----------------- Instantiating /home/travis/build/icyphy/ptII/ptolemy/domains/de/test/auto/VariableDelayZeroDelay.xml
4 ms. Memory: 602112K Free: 70193K (12%)
----------------- Invoking toplevel() on ptolemy.moml.MoMLSimpleApplication@2eb62c3f
----------------- Done invoking toplevel() on ptolemy.moml.MoMLSimpleApplication@2eb62c3f
reloadAllAccessors: .VariableDelayZeroDelay

===========================================================================================
----------------- testing Wed Jan 30 07:43:44 UTC 2019 /home/travis/build/icyphy/ptII/ptolemy/domains/de/test/auto/VariableDelayZeroDelay2.xml
----------------- Instantiating /home/travis/build/icyphy/ptII/ptolemy/domains/de/test/auto/VariableDelayZeroDelay2.xml
12 ms. Memory: 571392K Free: 537135K (94%)
----------------- Invoking toplevel() on ptolemy.moml.MoMLSimpleApplication@4f028636
----------------- Done invoking toplevel() on ptolemy.moml.MoMLSimpleApplication@4f028636
reloadAllAccessors: .VariableDelayZeroDelay2

===========================================================================================
----------------- testing Wed Jan 30 07:43:44 UTC 2019 /home/travis/build/icyphy/ptII/ptolemy/domains/de/test/auto/deInCt.xml
----------------- Instantiating /home/travis/build/icyphy/ptII/ptolemy/domains/de/test/auto/deInCt.xml
0
1
1
1
0
0
0
1
1
1
0
0
0
0
1
1
1
0
0
0
0
1
1
0
0
0
1
1
1
0
0
0
1
1
1
0
0
0
1
1
1
0
0
1
1
1
1
3 ms. Memory: 571392K Free: 521541K (91%)
----------------- Invoking toplevel() on ptolemy.moml.MoMLSimpleApplication@2909085c
----------------- Done invoking toplevel() on ptolemy.moml.MoMLSimpleApplication@2909085c
reloadAllAccessors: .deInCt

===========================================================================================
----------------- testing Wed Jan 30 07:43:44 UTC 2019 /home/travis/build/icyphy/ptII/ptolemy/domains/de/test/auto/deInCt2.xml
----------------- Instantiating /home/travis/build/icyphy/ptII/ptolemy/domains/de/test/auto/deInCt2.xml
0
1
1
1
0
0
1
1
1
0
0
1
1
1
0
0
1
1
1
0
0
1
1
1
0
0
1
1
1
0
0
1
1
1
0
0
1
1
1
0
0
0
11 ms. Memory: 571392K Free: 511287K (89%)
----------------- Invoking toplevel() on ptolemy.moml.MoMLSimpleApplication@4e56f0b4
----------------- Done invoking toplevel() on ptolemy.moml.MoMLSimpleApplication@4e56f0b4
reloadAllAccessors: .deInCt2

===========================================================================================
----------------- testing Wed Jan 30 07:43:44 UTC 2019 /home/travis/build/icyphy/ptII/ptolemy/domains/de/test/auto/dynamicCausalityInterface1.xml
----------------- Instantiating /home/travis/build/icyphy/ptII/ptolemy/domains/de/test/auto/dynamicCausalityInterface1.xml
1 ms. Memory: 571392K Free: 496124K (87%)
----------------- Invoking toplevel() on ptolemy.moml.MoMLSimpleApplication@455e7647
----------------- Done invoking toplevel() on ptolemy.moml.MoMLSimpleApplication@455e7647
reloadAllAccessors: .dynamicCausalityInterface1

===========================================================================================
----------------- testing Wed Jan 30 07:43:44 UTC 2019 /home/travis/build/icyphy/ptII/ptolemy/domains/de/test/auto/fsm_de_test.xml
----------------- Instantiating /home/travis/build/icyphy/ptII/ptolemy/domains/de/test/auto/fsm_de_test.xml
4 ms. Memory: 571392K Free: 480962K (84%)
----------------- Invoking toplevel() on ptolemy.moml.MoMLSimpleApplication@2ae1b0d4
----------------- Done invoking toplevel() on ptolemy.moml.MoMLSimpleApplication@2ae1b0d4
reloadAllAccessors: .fsm_de_test

===========================================================================================
----------------- testing Wed Jan 30 07:43:44 UTC 2019 /home/travis/build/icyphy/ptII/ptolemy/domains/de/test/auto/functionDependencyReconstruction.xml
----------------- Instantiating /home/travis/build/icyphy/ptII/ptolemy/domains/de/test/auto/functionDependencyReconstruction.xml
2 ms. Memory: 571392K Free: 460453K (81%)
----------------- Invoking toplevel() on ptolemy.moml.MoMLSimpleApplication@1c7ca609
----------------- Done invoking toplevel() on ptolemy.moml.MoMLSimpleApplication@1c7ca609
reloadAllAccessors: .functionDependencyReconstruction

===========================================================================================
----------------- testing Wed Jan 30 07:43:44 UTC 2019 /home/travis/build/icyphy/ptII/ptolemy/domains/de/test/auto/multirate.xml
----------------- Instantiating /home/travis/build/icyphy/ptII/ptolemy/domains/de/test/auto/multirate.xml
3 ms. Memory: 571392K Free: 445290K (78%)
----------------- Invoking toplevel() on ptolemy.moml.MoMLSimpleApplication@55e61318
----------------- Done invoking toplevel() on ptolemy.moml.MoMLSimpleApplication@55e61318
reloadAllAccessors: .multirate

===========================================================================================
----------------- testing Wed Jan 30 07:43:44 UTC 2019 /home/travis/build/icyphy/ptII/ptolemy/domains/de/test/auto/multirate2.xml
----------------- Instantiating /home/travis/build/icyphy/ptII/ptolemy/domains/de/test/auto/multirate2.xml
3 ms. Memory: 571392K Free: 430128K (75%)
----------------- Invoking toplevel() on ptolemy.moml.MoMLSimpleApplication@4e0f21cb
----------------- Done invoking toplevel() on ptolemy.moml.MoMLSimpleApplication@4e0f21cb
reloadAllAccessors: .multirate2

===========================================================================================
----------------- testing Wed Jan 30 07:43:44 UTC 2019 /home/travis/build/icyphy/ptII/ptolemy/domains/de/test/auto/realtime.xml
----------------- Instantiating /home/travis/build/icyphy/ptII/ptolemy/domains/de/test/auto/realtime.xml
10003 ms. Memory: 571392K Free: 419881K (73%)
----------------- Invoking toplevel() on ptolemy.moml.MoMLSimpleApplication@40873d4e
----------------- Done invoking toplevel() on ptolemy.moml.MoMLSimpleApplication@40873d4e
reloadAllAccessors: .realtime

===========================================================================================
----------------- testing Wed Jan 30 07:43:54 UTC 2019 /home/travis/build/icyphy/ptII/ptolemy/domains/de/test/auto/relationGroup.xml
----------------- Instantiating /home/travis/build/icyphy/ptII/ptolemy/domains/de/test/auto/relationGroup.xml
2 ms. Memory: 571392K Free: 409187K (72%)
----------------- Invoking toplevel() on ptolemy.moml.MoMLSimpleApplication@67837a51
----------------- Done invoking toplevel() on ptolemy.moml.MoMLSimpleApplication@67837a51
reloadAllAccessors: .relationGroup

===========================================================================================
----------------- testing Wed Jan 30 07:43:54 UTC 2019 /home/travis/build/icyphy/ptII/ptolemy/domains/de/test/auto/relationGroup2.xml
----------------- Instantiating /home/travis/build/icyphy/ptII/ptolemy/domains/de/test/auto/relationGroup2.xml
1 ms. Memory: 571392K Free: 398941K (70%)
----------------- Invoking toplevel() on ptolemy.moml.MoMLSimpleApplication@70a75f8
----------------- Done invoking toplevel() on ptolemy.moml.MoMLSimpleApplication@70a75f8
reloadAllAccessors: .relationGroup2

===========================================================================================
----------------- testing Wed Jan 30 07:43:54 UTC 2019 /home/travis/build/icyphy/ptII/ptolemy/domains/de/test/auto/sortWithOpaquePorts.xml
----------------- Instantiating /home/travis/build/icyphy/ptII/ptolemy/domains/de/test/auto/sortWithOpaquePorts.xml
2 ms. Memory: 571392K Free: 388694K (68%)
----------------- Invoking toplevel() on ptolemy.moml.MoMLSimpleApplication@6648b03f
----------------- Done invoking toplevel() on ptolemy.moml.MoMLSimpleApplication@6648b03f
reloadAllAccessors: .sortWithOpaquePorts

===========================================================================================
----------------- testing Wed Jan 30 07:43:54 UTC 2019 /home/travis/build/icyphy/ptII/ptolemy/domains/de/test/auto/transferInputsandOutputs.xml
----------------- Instantiating /home/travis/build/icyphy/ptII/ptolemy/domains/de/test/auto/transferInputsandOutputs.xml
2 ms. Memory: 571392K Free: 373548K (65%)
----------------- Invoking toplevel() on ptolemy.moml.MoMLSimpleApplication@297c8019
----------------- Done invoking toplevel() on ptolemy.moml.MoMLSimpleApplication@297c8019
reloadAllAccessors: .transferInputsandOutputs

===========================================================================================
----------------- testing Wed Jan 30 07:43:54 UTC 2019 /home/travis/build/icyphy/ptII/ptolemy/domains/de/test/auto/triggerType.xml
----------------- Instantiating /home/travis/build/icyphy/ptII/ptolemy/domains/de/test/auto/triggerType.xml
1 ms. Memory: 571392K Free: 362854K (64%)
----------------- Invoking toplevel() on ptolemy.moml.MoMLSimpleApplication@17ba6ff8
----------------- Done invoking toplevel() on ptolemy.moml.MoMLSimpleApplication@17ba6ff8
reloadAllAccessors: .triggerType
AutoTests.java: About to close Vertx.
AutoTests.java: Vertx closed.
]]></system-out>
  <system-err><![CDATA[java.lang.RuntimeException: Execution failed
	at ptolemy.moml.MoMLSimpleApplication$UnloadThread.run(MoMLSimpleApplication.java:402)
Caused by: ptolemy.kernel.util.IllegalActionException: Found a zero delay loop containing .dependencyLoop.original
  in .dependencyLoop and .dependencyLoop.original
	at ptolemy.actor.util.CausalityInterfaceForComposites._computeOutputPortDepth(CausalityInterfaceForComposites.java:759)
	at ptolemy.actor.util.CausalityInterfaceForComposites._computeInputDepth(CausalityInterfaceForComposites.java:696)
	at ptolemy.actor.util.CausalityInterfaceForComposites._computeOutputPortDepth(CausalityInterfaceForComposites.java:765)
	at ptolemy.actor.util.CausalityInterfaceForComposites._computeInputDepth(CausalityInterfaceForComposites.java:696)
	at ptolemy.actor.util.CausalityInterfaceForComposites._computeOutputPortDepth(CausalityInterfaceForComposites.java:765)
	at ptolemy.actor.util.CausalityInterfaceForComposites._computeInputDepth(CausalityInterfaceForComposites.java:696)
	at ptolemy.actor.util.CausalityInterfaceForComposites._computeActorDepth(CausalityInterfaceForComposites.java:532)
	at ptolemy.actor.util.CausalityInterfaceForComposites.checkForCycles(CausalityInterfaceForComposites.java:96)
	at ptolemy.domains.de.kernel.DEDirector.preinitialize(DEDirector.java:1338)
	at ptolemy.actor.CompositeActor.preinitialize(CompositeActor.java:1828)
	at ptolemy.actor.Manager.preinitializeAndResolveTypes(Manager.java:1040)
	at ptolemy.actor.Manager.initialize(Manager.java:710)
	at ptolemy.actor.Manager.execute(Manager.java:356)
	at ptolemy.actor.Manager.run(Manager.java:1263)
	at ptolemy.actor.Manager$PtolemyRunThread.run(Manager.java:1915)
java.lang.RuntimeException: Execution failed
	at ptolemy.moml.MoMLSimpleApplication$UnloadThread.run(MoMLSimpleApplication.java:402)
Caused by: ptolemy.kernel.util.IllegalActionException: Found a zero delay loop containing .dependencyLoop2.original
  in .dependencyLoop2 and .dependencyLoop2.original
	at ptolemy.actor.util.CausalityInterfaceForComposites._computeOutputPortDepth(CausalityInterfaceForComposites.java:759)
	at ptolemy.actor.util.CausalityInterfaceForComposites._computeInputDepth(CausalityInterfaceForComposites.java:696)
	at ptolemy.actor.util.CausalityInterfaceForComposites._computeOutputPortDepth(CausalityInterfaceForComposites.java:765)
	at ptolemy.actor.util.CausalityInterfaceForComposites._computeInputDepth(CausalityInterfaceForComposites.java:696)
	at ptolemy.actor.util.CausalityInterfaceForComposites._computeOutputPortDepth(CausalityInterfaceForComposites.java:765)
	at ptolemy.actor.util.CausalityInterfaceForComposites._computeInputDepth(CausalityInterfaceForComposites.java:696)
	at ptolemy.actor.util.CausalityInterfaceForComposites._computeActorDepth(CausalityInterfaceForComposites.java:532)
	at ptolemy.actor.util.CausalityInterfaceForComposites.checkForCycles(CausalityInterfaceForComposites.java:96)
	at ptolemy.domains.de.kernel.DEDirector.preinitialize(DEDirector.java:1338)
	at ptolemy.actor.CompositeActor.preinitialize(CompositeActor.java:1828)
	at ptolemy.actor.Manager.preinitializeAndResolveTypes(Manager.java:1040)
	at ptolemy.actor.Manager.initialize(Manager.java:710)
	at ptolemy.actor.Manager.execute(Manager.java:356)
	at ptolemy.actor.Manager.run(Manager.java:1263)
	at ptolemy.actor.Manager$PtolemyRunThread.run(Manager.java:1915)
java.lang.RuntimeException: Execution failed
	at ptolemy.moml.MoMLSimpleApplication$UnloadThread.run(MoMLSimpleApplication.java:402)
Caused by: ptolemy.kernel.util.IllegalActionException: Found a zero delay loop containing .dependencyLoop.original
  in .dependencyLoop and .dependencyLoop.original
	at ptolemy.actor.util.CausalityInterfaceForComposites._computeOutputPortDepth(CausalityInterfaceForComposites.java:759)
	at ptolemy.actor.util.CausalityInterfaceForComposites._computeInputDepth(CausalityInterfaceForComposites.java:696)
	at ptolemy.actor.util.CausalityInterfaceForComposites._computeOutputPortDepth(CausalityInterfaceForComposites.java:765)
	at ptolemy.actor.util.CausalityInterfaceForComposites._computeInputDepth(CausalityInterfaceForComposites.java:696)
	at ptolemy.actor.util.CausalityInterfaceForComposites._computeOutputPortDepth(CausalityInterfaceForComposites.java:765)
	at ptolemy.actor.util.CausalityInterfaceForComposites._computeInputDepth(CausalityInterfaceForComposites.java:696)
	at ptolemy.actor.util.CausalityInterfaceForComposites._computeActorDepth(CausalityInterfaceForComposites.java:532)
	at ptolemy.actor.util.CausalityInterfaceForComposites.checkForCycles(CausalityInterfaceForComposites.java:96)
	at ptolemy.domains.de.kernel.DEDirector.preinitialize(DEDirector.java:1338)
	at ptolemy.actor.CompositeActor.preinitialize(CompositeActor.java:1828)
	at ptolemy.actor.Manager.preinitializeAndResolveTypes(Manager.java:1040)
	at ptolemy.actor.Manager.initialize(Manager.java:710)
	at ptolemy.actor.Manager.execute(Manager.java:356)
	at ptolemy.actor.Manager.run(Manager.java:1263)
	at ptolemy.actor.Manager$PtolemyRunThread.run(Manager.java:1915)
java.lang.RuntimeException: Execution failed
	at ptolemy.moml.MoMLSimpleApplication$UnloadThread.run(MoMLSimpleApplication.java:402)
Caused by: ptolemy.kernel.util.IllegalActionException: Actor is not ready to fire.  Perhaps UpSample.prefire() returned false? Try debugging the actor by selecting "Listen to Actor".  Also, for SDF check moml for tokenConsumptionRate on input.
  in .DESDFClockTest.Play Bell.Copy1:SDF Director and .DESDFClockTest.Play Bell.UpSample
	at ptolemy.actor.sched.StaticSchedulingDirector.fire(StaticSchedulingDirector.java:227)
	at ptolemy.domains.sdf.kernel.SDFDirector.fire(SDFDirector.java:500)
	at ptolemy.actor.CompositeActor.fire(CompositeActor.java:455)
	at ptolemy.domains.de.kernel.DEDirector._fire(DEDirector.java:1949)
	at ptolemy.domains.de.kernel.DEDirector.fire(DEDirector.java:502)
	at ptolemy.actor.CompositeActor.fire(CompositeActor.java:455)
	at ptolemy.actor.Manager.iterate(Manager.java:851)
	at ptolemy.actor.Manager.execute(Manager.java:369)
	at ptolemy.actor.Manager.run(Manager.java:1263)
	at ptolemy.actor.Manager$PtolemyRunThread.run(Manager.java:1915)
java.lang.RuntimeException: Execution failed
	at ptolemy.moml.MoMLSimpleApplication$UnloadThread.run(MoMLSimpleApplication.java:402)
Caused by: ptolemy.kernel.util.IllegalActionException: Found a zero delay loop containing .dependencyLoop2.original
  in .dependencyLoop2 and .dependencyLoop2.original
	at ptolemy.actor.util.CausalityInterfaceForComposites._computeOutputPortDepth(CausalityInterfaceForComposites.java:759)
	at ptolemy.actor.util.CausalityInterfaceForComposites._computeInputDepth(CausalityInterfaceForComposites.java:696)
	at ptolemy.actor.util.CausalityInterfaceForComposites._computeOutputPortDepth(CausalityInterfaceForComposites.java:765)
	at ptolemy.actor.util.CausalityInterfaceForComposites._computeInputDepth(CausalityInterfaceForComposites.java:696)
	at ptolemy.actor.util.CausalityInterfaceForComposites._computeOutputPortDepth(CausalityInterfaceForComposites.java:765)
	at ptolemy.actor.util.CausalityInterfaceForComposites._computeInputDepth(CausalityInterfaceForComposites.java:696)
	at ptolemy.actor.util.CausalityInterfaceForComposites._computeActorDepth(CausalityInterfaceForComposites.java:532)
	at ptolemy.actor.util.CausalityInterfaceForComposites.checkForCycles(CausalityInterfaceForComposites.java:96)
	at ptolemy.domains.de.kernel.DEDirector.preinitialize(DEDirector.java:1338)
	at ptolemy.actor.CompositeActor.preinitialize(CompositeActor.java:1828)
	at ptolemy.actor.Manager.preinitializeAndResolveTypes(Manager.java:1040)
	at ptolemy.actor.Manager.initialize(Manager.java:710)
	at ptolemy.actor.Manager.execute(Manager.java:356)
	at ptolemy.actor.Manager.run(Manager.java:1263)
	at ptolemy.actor.Manager$PtolemyRunThread.run(Manager.java:1915)
java.lang.RuntimeException: Execution failed
	at ptolemy.moml.MoMLSimpleApplication$UnloadThread.run(MoMLSimpleApplication.java:402)
Caused by: ptolemy.kernel.util.IllegalActionException: Found a zero delay loop containing .HierarchicalModel.A
  in .HierarchicalModel and .HierarchicalModel.A
	at ptolemy.actor.util.CausalityInterfaceForComposites._computeOutputPortDepth(CausalityInterfaceForComposites.java:759)
	at ptolemy.actor.util.CausalityInterfaceForComposites._computeInputDepth(CausalityInterfaceForComposites.java:696)
	at ptolemy.actor.util.CausalityInterfaceForComposites._computeOutputPortDepth(CausalityInterfaceForComposites.java:765)
	at ptolemy.actor.util.CausalityInterfaceForComposites._computeInputDepth(CausalityInterfaceForComposites.java:696)
	at ptolemy.actor.util.CausalityInterfaceForComposites._computeOutputPortDepth(CausalityInterfaceForComposites.java:765)
	at ptolemy.actor.util.CausalityInterfaceForComposites._computeInputDepth(CausalityInterfaceForComposites.java:696)
	at ptolemy.actor.util.CausalityInterfaceForComposites._computeActorDepth(CausalityInterfaceForComposites.java:532)
	at ptolemy.actor.util.CausalityInterfaceForComposites.checkForCycles(CausalityInterfaceForComposites.java:96)
	at ptolemy.domains.de.kernel.DEDirector.preinitialize(DEDirector.java:1338)
	at ptolemy.actor.CompositeActor.preinitialize(CompositeActor.java:1828)
	at ptolemy.actor.Manager.preinitializeAndResolveTypes(Manager.java:1040)
	at ptolemy.actor.Manager.initialize(Manager.java:710)
	at ptolemy.actor.Manager.execute(Manager.java:356)
	at ptolemy.actor.Manager.run(Manager.java:1263)
	at ptolemy.actor.Manager$PtolemyRunThread.run(Manager.java:1915)
java.lang.RuntimeException: Execution failed
	at ptolemy.moml.MoMLSimpleApplication$UnloadThread.run(MoMLSimpleApplication.java:402)
Caused by: ptolemy.kernel.util.IllegalActionException: Test fails in iteration 1.
Value was: 1.0. Should have been: 2.0
  in .DirectFeedback.Test
	at ptolemy.actor.lib.Test.fire(Test.java:268)
	at ptolemy.domains.de.kernel.DEDirector._fire(DEDirector.java:1949)
	at ptolemy.domains.de.kernel.DEDirector.fire(DEDirector.java:502)
	at ptolemy.actor.CompositeActor.fire(CompositeActor.java:455)
	at ptolemy.actor.Manager.iterate(Manager.java:851)
	at ptolemy.actor.Manager.execute(Manager.java:369)
	at ptolemy.actor.Manager.run(Manager.java:1263)
	at ptolemy.actor.Manager$PtolemyRunThread.run(Manager.java:1915)
java.lang.RuntimeException: Execution failed
	at ptolemy.moml.MoMLSimpleApplication$UnloadThread.run(MoMLSimpleApplication.java:402)
Caused by: ptolemy.kernel.util.IllegalActionException: Actor is not ready to fire.  Perhaps UpSample.prefire() returned false? Try debugging the actor by selecting "Listen to Actor".  Also, for SDF check moml for tokenConsumptionRate on input.
  in .DESDFClockTest.Play Bell.Copy1:SDF Director and .DESDFClockTest.Play Bell.UpSample
	at ptolemy.actor.sched.StaticSchedulingDirector.fire(StaticSchedulingDirector.java:227)
	at ptolemy.domains.sdf.kernel.SDFDirector.fire(SDFDirector.java:500)
	at ptolemy.actor.CompositeActor.fire(CompositeActor.java:455)
	at ptolemy.domains.de.kernel.DEDirector._fire(DEDirector.java:1949)
	at ptolemy.domains.de.kernel.DEDirector.fire(DEDirector.java:502)
	at ptolemy.actor.CompositeActor.fire(CompositeActor.java:455)
	at ptolemy.actor.Manager.iterate(Manager.java:851)
	at ptolemy.actor.Manager.execute(Manager.java:369)
	at ptolemy.actor.Manager.run(Manager.java:1263)
	at ptolemy.actor.Manager$PtolemyRunThread.run(Manager.java:1915)
java.lang.reflect.InvocationTargetException
	at sun.reflect.NativeConstructorAccessorImpl.newInstance0(Native Method)
	at sun.reflect.NativeConstructorAccessorImpl.newInstance(NativeConstructorAccessorImpl.java:62)
	at sun.reflect.DelegatingConstructorAccessorImpl.newInstance(DelegatingConstructorAccessorImpl.java:45)
	at java.lang.reflect.Constructor.newInstance(Constructor.java:423)
	at ptolemy.util.test.junit.AutoKnownFailedTests.RunModel(AutoKnownFailedTests.java:105)
	at sun.reflect.NativeMethodAccessorImpl.invoke0(Native Method)
	at sun.reflect.NativeMethodAccessorImpl.invoke(NativeMethodAccessorImpl.java:62)
	at sun.reflect.DelegatingMethodAccessorImpl.invoke(DelegatingMethodAccessorImpl.java:43)
	at java.lang.reflect.Method.invoke(Method.java:498)
	at org.junit.runners.model.FrameworkMethod$1.runReflectiveCall(FrameworkMethod.java:44)
	at org.junit.internal.runners.model.ReflectiveCallable.run(ReflectiveCallable.java:15)
	at org.junit.runners.model.FrameworkMethod.invokeExplosively(FrameworkMethod.java:41)
	at junitparams.internal.InvokeParameterisedMethod.evaluate(InvokeParameterisedMethod.java:102)
	at org.junit.internal.runners.statements.FailOnTimeout$1.run(FailOnTimeout.java:28)
Caused by: ptolemy.kernel.util.IllegalActionException: Actor is not ready to fire.  Perhaps UpSample.prefire() returned false? Try debugging the actor by selecting "Listen to Actor".  Also, for SDF check moml for tokenConsumptionRate on input.
  in .DESDFClockTest.Play Bell.Copy1:SDF Director and .DESDFClockTest.Play Bell.UpSample
	at ptolemy.actor.sched.StaticSchedulingDirector.fire(StaticSchedulingDirector.java:227)
	at ptolemy.domains.sdf.kernel.SDFDirector.fire(SDFDirector.java:500)
	at ptolemy.actor.CompositeActor.fire(CompositeActor.java:455)
	at ptolemy.domains.de.kernel.DEDirector._fire(DEDirector.java:1949)
	at ptolemy.domains.de.kernel.DEDirector.fire(DEDirector.java:502)
	at ptolemy.actor.CompositeActor.fire(CompositeActor.java:455)
	at ptolemy.actor.Manager.iterate(Manager.java:851)
	at ptolemy.actor.Manager.execute(Manager.java:369)
	at ptolemy.actor.Manager.run(Manager.java:1263)
	at ptolemy.actor.Manager$PtolemyRunThread.run(Manager.java:1915)
java.lang.RuntimeException: Execution failed
	at ptolemy.moml.MoMLSimpleApplication$UnloadThread.run(MoMLSimpleApplication.java:402)
Caused by: ptolemy.kernel.util.IllegalActionException: Test fails in iteration 1.
Value was: 1.0. Should have been: 2.0
  in .DirectFeedback.Test
	at ptolemy.actor.lib.Test.fire(Test.java:268)
	at ptolemy.domains.de.kernel.DEDirector._fire(DEDirector.java:1949)
	at ptolemy.domains.de.kernel.DEDirector.fire(DEDirector.java:502)
	at ptolemy.actor.CompositeActor.fire(CompositeActor.java:455)
	at ptolemy.actor.Manager.iterate(Manager.java:851)
	at ptolemy.actor.Manager.execute(Manager.java:369)
	at ptolemy.actor.Manager.run(Manager.java:1263)
	at ptolemy.actor.Manager$PtolemyRunThread.run(Manager.java:1915)
java.lang.reflect.InvocationTargetException
	at sun.reflect.NativeConstructorAccessorImpl.newInstance0(Native Method)
	at sun.reflect.NativeConstructorAccessorImpl.newInstance(NativeConstructorAccessorImpl.java:62)
	at sun.reflect.DelegatingConstructorAccessorImpl.newInstance(DelegatingConstructorAccessorImpl.java:45)
	at java.lang.reflect.Constructor.newInstance(Constructor.java:423)
	at ptolemy.util.test.junit.AutoKnownFailedTests.RunModel(AutoKnownFailedTests.java:105)
	at sun.reflect.NativeMethodAccessorImpl.invoke0(Native Method)
	at sun.reflect.NativeMethodAccessorImpl.invoke(NativeMethodAccessorImpl.java:62)
	at sun.reflect.DelegatingMethodAccessorImpl.invoke(DelegatingMethodAccessorImpl.java:43)
	at java.lang.reflect.Method.invoke(Method.java:498)
	at org.junit.runners.model.FrameworkMethod$1.runReflectiveCall(FrameworkMethod.java:44)
	at org.junit.internal.runners.model.ReflectiveCallable.run(ReflectiveCallable.java:15)
	at org.junit.runners.model.FrameworkMethod.invokeExplosively(FrameworkMethod.java:41)
	at junitparams.internal.InvokeParameterisedMethod.evaluate(InvokeParameterisedMethod.java:102)
	at org.junit.internal.runners.statements.FailOnTimeout$1.run(FailOnTimeout.java:28)
Caused by: ptolemy.kernel.util.IllegalActionException: Test fails in iteration 1.
Value was: 1.0. Should have been: 2.0
  in .DirectFeedback.Test
	at ptolemy.actor.lib.Test.fire(Test.java:268)
	at ptolemy.domains.de.kernel.DEDirector._fire(DEDirector.java:1949)
	at ptolemy.domains.de.kernel.DEDirector.fire(DEDirector.java:502)
	at ptolemy.actor.CompositeActor.fire(CompositeActor.java:455)
	at ptolemy.actor.Manager.iterate(Manager.java:851)
	at ptolemy.actor.Manager.execute(Manager.java:369)
	at ptolemy.actor.Manager.run(Manager.java:1263)
	at ptolemy.actor.Manager$PtolemyRunThread.run(Manager.java:1915)
java.lang.RuntimeException: Execution failed
	at ptolemy.moml.MoMLSimpleApplication$UnloadThread.run(MoMLSimpleApplication.java:402)
Caused by: ptolemy.kernel.util.IllegalActionException: Found a zero delay loop containing .HierarchicalModel.A
  in .HierarchicalModel and .HierarchicalModel.A
	at ptolemy.actor.util.CausalityInterfaceForComposites._computeOutputPortDepth(CausalityInterfaceForComposites.java:759)
	at ptolemy.actor.util.CausalityInterfaceForComposites._computeInputDepth(CausalityInterfaceForComposites.java:696)
	at ptolemy.actor.util.CausalityInterfaceForComposites._computeOutputPortDepth(CausalityInterfaceForComposites.java:765)
	at ptolemy.actor.util.CausalityInterfaceForComposites._computeInputDepth(CausalityInterfaceForComposites.java:696)
	at ptolemy.actor.util.CausalityInterfaceForComposites._computeOutputPortDepth(CausalityInterfaceForComposites.java:765)
	at ptolemy.actor.util.CausalityInterfaceForComposites._computeInputDepth(CausalityInterfaceForComposites.java:696)
	at ptolemy.actor.util.CausalityInterfaceForComposites._computeActorDepth(CausalityInterfaceForComposites.java:532)
	at ptolemy.actor.util.CausalityInterfaceForComposites.checkForCycles(CausalityInterfaceForComposites.java:96)
	at ptolemy.domains.de.kernel.DEDirector.preinitialize(DEDirector.java:1338)
	at ptolemy.actor.CompositeActor.preinitialize(CompositeActor.java:1828)
	at ptolemy.actor.Manager.preinitializeAndResolveTypes(Manager.java:1040)
	at ptolemy.actor.Manager.initialize(Manager.java:710)
	at ptolemy.actor.Manager.execute(Manager.java:356)
	at ptolemy.actor.Manager.run(Manager.java:1263)
	at ptolemy.actor.Manager$PtolemyRunThread.run(Manager.java:1915)
java.lang.reflect.InvocationTargetException
	at sun.reflect.NativeConstructorAccessorImpl.newInstance0(Native Method)
	at sun.reflect.NativeConstructorAccessorImpl.newInstance(NativeConstructorAccessorImpl.java:62)
	at sun.reflect.DelegatingConstructorAccessorImpl.newInstance(DelegatingConstructorAccessorImpl.java:45)
	at java.lang.reflect.Constructor.newInstance(Constructor.java:423)
	at ptolemy.util.test.junit.AutoKnownFailedTests.RunModel(AutoKnownFailedTests.java:105)
	at sun.reflect.NativeMethodAccessorImpl.invoke0(Native Method)
	at sun.reflect.NativeMethodAccessorImpl.invoke(NativeMethodAccessorImpl.java:62)
	at sun.reflect.DelegatingMethodAccessorImpl.invoke(DelegatingMethodAccessorImpl.java:43)
	at java.lang.reflect.Method.invoke(Method.java:498)
	at org.junit.runners.model.FrameworkMethod$1.runReflectiveCall(FrameworkMethod.java:44)
	at org.junit.internal.runners.model.ReflectiveCallable.run(ReflectiveCallable.java:15)
	at org.junit.runners.model.FrameworkMethod.invokeExplosively(FrameworkMethod.java:41)
	at junitparams.internal.InvokeParameterisedMethod.evaluate(InvokeParameterisedMethod.java:102)
	at org.junit.internal.runners.statements.FailOnTimeout$1.run(FailOnTimeout.java:28)
Caused by: ptolemy.kernel.util.IllegalActionException: Found a zero delay loop containing .HierarchicalModel.A
  in .HierarchicalModel and .HierarchicalModel.A
	at ptolemy.actor.util.CausalityInterfaceForComposites._computeOutputPortDepth(CausalityInterfaceForComposites.java:759)
	at ptolemy.actor.util.CausalityInterfaceForComposites._computeInputDepth(CausalityInterfaceForComposites.java:696)
	at ptolemy.actor.util.CausalityInterfaceForComposites._computeOutputPortDepth(CausalityInterfaceForComposites.java:765)
	at ptolemy.actor.util.CausalityInterfaceForComposites._computeInputDepth(CausalityInterfaceForComposites.java:696)
	at ptolemy.actor.util.CausalityInterfaceForComposites._computeOutputPortDepth(CausalityInterfaceForComposites.java:765)
	at ptolemy.actor.util.CausalityInterfaceForComposites._computeInputDepth(CausalityInterfaceForComposites.java:696)
	at ptolemy.actor.util.CausalityInterfaceForComposites._computeActorDepth(CausalityInterfaceForComposites.java:532)
	at ptolemy.actor.util.CausalityInterfaceForComposites.checkForCycles(CausalityInterfaceForComposites.java:96)
	at ptolemy.domains.de.kernel.DEDirector.preinitialize(DEDirector.java:1338)
	at ptolemy.actor.CompositeActor.preinitialize(CompositeActor.java:1828)
	at ptolemy.actor.Manager.preinitializeAndResolveTypes(Manager.java:1040)
	at ptolemy.actor.Manager.initialize(Manager.java:710)
	at ptolemy.actor.Manager.execute(Manager.java:356)
	at ptolemy.actor.Manager.run(Manager.java:1263)
	at ptolemy.actor.Manager$PtolemyRunThread.run(Manager.java:1915)
java.lang.RuntimeException: Execution failed
	at ptolemy.moml.MoMLSimpleApplication$UnloadThread.run(MoMLSimpleApplication.java:402)
Caused by: ptolemy.kernel.util.IllegalActionException: Found a zero delay loop containing .dependencyLoop.original
  in .dependencyLoop and .dependencyLoop.original
	at ptolemy.actor.util.CausalityInterfaceForComposites._computeOutputPortDepth(CausalityInterfaceForComposites.java:759)
	at ptolemy.actor.util.CausalityInterfaceForComposites._computeInputDepth(CausalityInterfaceForComposites.java:696)
	at ptolemy.actor.util.CausalityInterfaceForComposites._computeOutputPortDepth(CausalityInterfaceForComposites.java:765)
	at ptolemy.actor.util.CausalityInterfaceForComposites._computeInputDepth(CausalityInterfaceForComposites.java:696)
	at ptolemy.actor.util.CausalityInterfaceForComposites._computeOutputPortDepth(CausalityInterfaceForComposites.java:765)
	at ptolemy.actor.util.CausalityInterfaceForComposites._computeInputDepth(CausalityInterfaceForComposites.java:696)
	at ptolemy.actor.util.CausalityInterfaceForComposites._computeActorDepth(CausalityInterfaceForComposites.java:532)
	at ptolemy.actor.util.CausalityInterfaceForComposites.checkForCycles(CausalityInterfaceForComposites.java:96)
	at ptolemy.domains.de.kernel.DEDirector.preinitialize(DEDirector.java:1338)
	at ptolemy.actor.CompositeActor.preinitialize(CompositeActor.java:1828)
	at ptolemy.actor.Manager.preinitializeAndResolveTypes(Manager.java:1040)
	at ptolemy.actor.Manager.initialize(Manager.java:710)
	at ptolemy.actor.Manager.execute(Manager.java:356)
	at ptolemy.actor.Manager.run(Manager.java:1263)
	at ptolemy.actor.Manager$PtolemyRunThread.run(Manager.java:1915)
java.lang.reflect.InvocationTargetException
	at sun.reflect.NativeConstructorAccessorImpl.newInstance0(Native Method)
	at sun.reflect.NativeConstructorAccessorImpl.newInstance(NativeConstructorAccessorImpl.java:62)
	at sun.reflect.DelegatingConstructorAccessorImpl.newInstance(DelegatingConstructorAccessorImpl.java:45)
	at java.lang.reflect.Constructor.newInstance(Constructor.java:423)
	at ptolemy.util.test.junit.AutoKnownFailedTests.RunModel(AutoKnownFailedTests.java:105)
	at sun.reflect.NativeMethodAccessorImpl.invoke0(Native Method)
	at sun.reflect.NativeMethodAccessorImpl.invoke(NativeMethodAccessorImpl.java:62)
	at sun.reflect.DelegatingMethodAccessorImpl.invoke(DelegatingMethodAccessorImpl.java:43)
	at java.lang.reflect.Method.invoke(Method.java:498)
	at org.junit.runners.model.FrameworkMethod$1.runReflectiveCall(FrameworkMethod.java:44)
	at org.junit.internal.runners.model.ReflectiveCallable.run(ReflectiveCallable.java:15)
	at org.junit.runners.model.FrameworkMethod.invokeExplosively(FrameworkMethod.java:41)
	at junitparams.internal.InvokeParameterisedMethod.evaluate(InvokeParameterisedMethod.java:102)
	at org.junit.internal.runners.statements.FailOnTimeout$1.run(FailOnTimeout.java:28)
Caused by: ptolemy.kernel.util.IllegalActionException: Found a zero delay loop containing .dependencyLoop.original
  in .dependencyLoop and .dependencyLoop.original
	at ptolemy.actor.util.CausalityInterfaceForComposites._computeOutputPortDepth(CausalityInterfaceForComposites.java:759)
	at ptolemy.actor.util.CausalityInterfaceForComposites._computeInputDepth(CausalityInterfaceForComposites.java:696)
	at ptolemy.actor.util.CausalityInterfaceForComposites._computeOutputPortDepth(CausalityInterfaceForComposites.java:765)
	at ptolemy.actor.util.CausalityInterfaceForComposites._computeInputDepth(CausalityInterfaceForComposites.java:696)
	at ptolemy.actor.util.CausalityInterfaceForComposites._computeOutputPortDepth(CausalityInterfaceForComposites.java:765)
	at ptolemy.actor.util.CausalityInterfaceForComposites._computeInputDepth(CausalityInterfaceForComposites.java:696)
	at ptolemy.actor.util.CausalityInterfaceForComposites._computeActorDepth(CausalityInterfaceForComposites.java:532)
	at ptolemy.actor.util.CausalityInterfaceForComposites.checkForCycles(CausalityInterfaceForComposites.java:96)
	at ptolemy.domains.de.kernel.DEDirector.preinitialize(DEDirector.java:1338)
	at ptolemy.actor.CompositeActor.preinitialize(CompositeActor.java:1828)
	at ptolemy.actor.Manager.preinitializeAndResolveTypes(Manager.java:1040)
	at ptolemy.actor.Manager.initialize(Manager.java:710)
	at ptolemy.actor.Manager.execute(Manager.java:356)
	at ptolemy.actor.Manager.run(Manager.java:1263)
	at ptolemy.actor.Manager$PtolemyRunThread.run(Manager.java:1915)
java.lang.RuntimeException: Execution failed
	at ptolemy.moml.MoMLSimpleApplication$UnloadThread.run(MoMLSimpleApplication.java:402)
Caused by: ptolemy.kernel.util.IllegalActionException: Found a zero delay loop containing .dependencyLoop2.original
  in .dependencyLoop2 and .dependencyLoop2.original
	at ptolemy.actor.util.CausalityInterfaceForComposites._computeOutputPortDepth(CausalityInterfaceForComposites.java:759)
	at ptolemy.actor.util.CausalityInterfaceForComposites._computeInputDepth(CausalityInterfaceForComposites.java:696)
	at ptolemy.actor.util.CausalityInterfaceForComposites._computeOutputPortDepth(CausalityInterfaceForComposites.java:765)
	at ptolemy.actor.util.CausalityInterfaceForComposites._computeInputDepth(CausalityInterfaceForComposites.java:696)
	at ptolemy.actor.util.CausalityInterfaceForComposites._computeOutputPortDepth(CausalityInterfaceForComposites.java:765)
	at ptolemy.actor.util.CausalityInterfaceForComposites._computeInputDepth(CausalityInterfaceForComposites.java:696)
	at ptolemy.actor.util.CausalityInterfaceForComposites._computeActorDepth(CausalityInterfaceForComposites.java:532)
	at ptolemy.actor.util.CausalityInterfaceForComposites.checkForCycles(CausalityInterfaceForComposites.java:96)
	at ptolemy.domains.de.kernel.DEDirector.preinitialize(DEDirector.java:1338)
	at ptolemy.actor.CompositeActor.preinitialize(CompositeActor.java:1828)
	at ptolemy.actor.Manager.preinitializeAndResolveTypes(Manager.java:1040)
	at ptolemy.actor.Manager.initialize(Manager.java:710)
	at ptolemy.actor.Manager.execute(Manager.java:356)
	at ptolemy.actor.Manager.run(Manager.java:1263)
	at ptolemy.actor.Manager$PtolemyRunThread.run(Manager.java:1915)
java.lang.reflect.InvocationTargetException
	at sun.reflect.NativeConstructorAccessorImpl.newInstance0(Native Method)
	at sun.reflect.NativeConstructorAccessorImpl.newInstance(NativeConstructorAccessorImpl.java:62)
	at sun.reflect.DelegatingConstructorAccessorImpl.newInstance(DelegatingConstructorAccessorImpl.java:45)
	at java.lang.reflect.Constructor.newInstance(Constructor.java:423)
	at ptolemy.util.test.junit.AutoKnownFailedTests.RunModel(AutoKnownFailedTests.java:105)
	at sun.reflect.NativeMethodAccessorImpl.invoke0(Native Method)
	at sun.reflect.NativeMethodAccessorImpl.invoke(NativeMethodAccessorImpl.java:62)
	at sun.reflect.DelegatingMethodAccessorImpl.invoke(DelegatingMethodAccessorImpl.java:43)
	at java.lang.reflect.Method.invoke(Method.java:498)
	at org.junit.runners.model.FrameworkMethod$1.runReflectiveCall(FrameworkMethod.java:44)
	at org.junit.internal.runners.model.ReflectiveCallable.run(ReflectiveCallable.java:15)
	at org.junit.runners.model.FrameworkMethod.invokeExplosively(FrameworkMethod.java:41)
	at junitparams.internal.InvokeParameterisedMethod.evaluate(InvokeParameterisedMethod.java:102)
	at org.junit.internal.runners.statements.FailOnTimeout$1.run(FailOnTimeout.java:28)
Caused by: ptolemy.kernel.util.IllegalActionException: Found a zero delay loop containing .dependencyLoop2.original
  in .dependencyLoop2 and .dependencyLoop2.original
	at ptolemy.actor.util.CausalityInterfaceForComposites._computeOutputPortDepth(CausalityInterfaceForComposites.java:759)
	at ptolemy.actor.util.CausalityInterfaceForComposites._computeInputDepth(CausalityInterfaceForComposites.java:696)
	at ptolemy.actor.util.CausalityInterfaceForComposites._computeOutputPortDepth(CausalityInterfaceForComposites.java:765)
	at ptolemy.actor.util.CausalityInterfaceForComposites._computeInputDepth(CausalityInterfaceForComposites.java:696)
	at ptolemy.actor.util.CausalityInterfaceForComposites._computeOutputPortDepth(CausalityInterfaceForComposites.java:765)
	at ptolemy.actor.util.CausalityInterfaceForComposites._computeInputDepth(CausalityInterfaceForComposites.java:696)
	at ptolemy.actor.util.CausalityInterfaceForComposites._computeActorDepth(CausalityInterfaceForComposites.java:532)
	at ptolemy.actor.util.CausalityInterfaceForComposites.checkForCycles(CausalityInterfaceForComposites.java:96)
	at ptolemy.domains.de.kernel.DEDirector.preinitialize(DEDirector.java:1338)
	at ptolemy.actor.CompositeActor.preinitialize(CompositeActor.java:1828)
	at ptolemy.actor.Manager.preinitializeAndResolveTypes(Manager.java:1040)
	at ptolemy.actor.Manager.initialize(Manager.java:710)
	at ptolemy.actor.Manager.execute(Manager.java:356)
	at ptolemy.actor.Manager.run(Manager.java:1263)
	at ptolemy.actor.Manager$PtolemyRunThread.run(Manager.java:1915)
]]></system-err>
</testsuite>
