<?xml version="1.0" encoding="UTF-8" ?>
<testsuite errors="0" failures="0" hostname="travis-job-8c4d46a3-351e-4a6f-8555-74d0a7c17b81" name="ptolemy.actor.lib.test.junit.JUnitTclTest" skipped="0" tests="517" time="57.293" timestamp="2019-02-16T03:29:32">
  <properties>
    <property name="npm.executable" value="npm" />
    <property name="file.encoding.pkg" value="sun.io" />
    <property name="env.TRAVIS_ROOT" value="/" />
    <property name="ptII.mk.exists" value="true" />
    <property name="env.TRAVIS_APP_HOST" value="build.travis-ci.org" />
    <property name="env.rvm_bin_path" value="/home/travis/.rvm/bin" />
    <property name="java.home" value="/usr/lib/jvm/java-8-oracle/jre" />
    <property name="env.TRAVIS_JOB_NUMBER" value="1003.8" />
    <property name="env.TRAVIS_HOME" value="/home/travis" />
    <property name="env.DISPLAY" value=":99.0" />
    <property name="java.net.preferIPv4Stack" value="true" />
    <property name="env.TRAVIS_INIT" value="upstart" />
    <property name="env.SSH_TTY" value="/dev/pts/0" />
    <property name="env.RUN_TESTS" value="true" />
    <property name="timeout.short" value="1000000" />
    <property name="env.TRAVIS_JOB_NAME" value="" />
    <property name="env.TRAVIS_STACK_NODE_ATTRIBUTES" value="/.node-attributes.yml" />
    <property name="junit.formatter" value="xml" />
    <property name="java.endorsed.dirs" value="/usr/lib/jvm/java-8-oracle/jre/lib/endorsed" />
    <property name="env.TRAVIS_SUDO" value="true" />
    <property name="env.LOGNAME" value="travis" />
    <property name="env.PT_TRAVIS_TEST_CORE1_XML" value="true" />
    <property name="jsdoc.home" value="node_modules/@terraswarm/jsdoc" />
    <property name="debuglevel" value="source,lines,vars" />
    <property name="checkstyle.formatter" value="xml" />
    <property name="bin.vergil.makeable" value="true" />
    <property name="env._system_version" value="14.04" />
    <property name="sun.os.patch.level" value="unknown" />
    <property name="java.vendor.url" value="http://java.oracle.com/" />
    <property name="env.TRAVIS_BUILD_WEB_URL" value="https://travis-ci.org/icyphy/ptII/builds/494091003" />
    <property name="java.version" value="1.8.0_151" />
    <property name="env.TZ" value="UTC" />
    <property name="env.PT_NO_NET" value="true" />
    <property name="env.TRAVIS_PULL_REQUEST_SHA" value="" />
    <property name="env.TRAVIS_SECURE_ENV_VARS" value="true" />
    <property name="env._system_type" value="Linux" />
    <property name="java.vendor.url.bug" value="http://bugreport.sun.com/bugreport/" />
    <property name="env.SSH_CLIENT" value="10.10.19.223 46542 22" />
    <property name="npmjs-org-is-up" value="true" />
    <property name="env.GEM_HOME" value="/home/travis/.rvm/gems/ruby-2.4.1" />
    <property name="env.HAS_ANTARES_THREE_LITTLE_FRONZIES_BADGE" value="true" />
    <property name="env.PS4" value="+" />
    <property name="ant.project.invoked-targets" value="build,test.core1.xml" />
    <property name="env.TRAVIS_PULL_REQUEST_BRANCH" value="" />
    <property name="env.TRAVIS_REPO_SLUG" value="icyphy/ptII" />
    <property name="env.TRAVIS_APT_PROXY" value="http://build-cache.travisci.net" />
    <property name="node.in.path" value="true" />
    <property name="java.maxmemory" value="1400m" />
    <property name="env.RUBY_VERSION" value="ruby-2.4.1" />
    <property name="user.name" value="travis" />
    <property name="env.LANG" value="en_US.UTF-8" />
    <property name="sun.io.unicode.encoding" value="UnicodeLittle" />
    <property name="sun.jnu.encoding" value="UTF-8" />
    <property name="java.runtime.name" value="Java(TM) SE Runtime Environment" />
    <property name="usefile" value="false" />
    <property name="return.code" value="0" />
    <property name="junit.single.formatter" value="plain" />
    <property name="env.DYLD_LIBRARY_PATH" value="/home/travis/pthla/certi-tools/lib:" />
    <property name="env.DEBIAN_FRONTEND" value="noninteractive" />
    <property name="env.SSH_CONNECTION" value="10.10.19.223 46542 10.20.0.129 22" />
    <property name="env.MYSQL_UNIX_PORT" value="/var/run/mysqld/mysqld.sock" />
    <property name="env.TRAVIS_ALLOW_FAILURE" value="false" />
    <property name="env.LC_ALL" value="en_US.UTF-8" />
    <property name="env.TRAVIS_JOB_WEB_URL" value="https://travis-ci.org/icyphy/ptII/jobs/494091011" />
    <property name="java.specification.name" value="Java Platform API Specification" />
    <property name="node.works" value="true" />
    <property name="user.timezone" value="" />
    <property name="path.separator" value=":" />
    <property name="env.TRAVIS_ENABLE_INFRA_DETECTION" value="true" />
    <property name="env.PYTHON_CFLAGS" value="-g -fstack-protector --param=ssp-buffer-size=4 -Wformat -Werror=format-security" />
    <property name="timeout.long" value="4000000" />
    <property name="env.CERTI_HOME" value="/home/travis/pthla/certi-tools" />
    <property name="file.encoding" value="UTF-8" />
    <property name="ant.file.ptII" value="/home/travis/build/icyphy/ptII/build.xml" />
    <property name="javadoc.packagenames" value="com.*,diva.*,lbnl.*,org.hlacerti.*,org.json.*,org.ptolemy.*,org.terraswarm.*,ptolemy.*,ptserver.*" />
    <property name="env.TRAVIS_PULL_REQUEST_SLUG" value="" />
    <property name="ant.project.default-target" value="build" />
    <property name="env.GIT_ASKPASS" value="echo" />
    <property name="env.HOME" value="/home/travis" />
    <property name="sun.java.command" value="org.apache.tools.ant.taskdefs.optional.junit.JUnitTestRunner ptolemy.actor.lib.test.junit.JUnitTclTest skipNonTests=false filtertrace=true haltOnError=false haltOnFailure=false formatter=org.apache.tools.ant.taskdefs.optional.junit.OutErrSummaryJUnitResultFormatter showoutput=true outputtoformatters=true logfailedtests=true threadid=0 logtestlistenerevents=false formatter=org.apache.tools.ant.taskdefs.optional.junit.XMLJUnitResultFormatter,/home/travis/build/icyphy/ptII/reports/junit/TEST-ptolemy.actor.lib.test.junit.JUnitTclTest.xml crashfile=/home/travis/build/icyphy/ptII/junitvmwatcher9066093819883879821.properties propsfile=/home/travis/build/icyphy/ptII/junit6162917985904706492.properties" />
    <property name="env.MANPATH" value="/home/travis/.nvm/versions/node/v7.10.1/share/man:/home/travis/.kiex/elixirs/elixir-1.4.5/man:/home/travis/.rvm/rubies/ruby-2.4.1/share/man:/usr/local/man:/usr/local/cmake-3.9.2/man:/usr/local/clang-5.0.0/share/man:/usr/local/share/man:/usr/share/man:/home/travis/.rvm/man" />
    <property name="env.COMPOSER_NO_INTERACTION" value="1" />
    <property name="env.JDK_SWITCHER_DEFAULT" value="oraclejdk8" />
    <property name="env.TRAVIS_TIMER_ID" value="075b1f48" />
    <property name="ant.file" value="/home/travis/build/icyphy/ptII/build.xml" />
    <property name="env.TRAVIS_COMMIT_RANGE" value="fd33c76baa16530294e6993287231cfe75e3f9f4...879f111b998daf2a28aa833b9629496c9080eaab" />
    <property name="env._system_name" value="Ubuntu" />
    <property name="timeout" value="2400000" />
    <property name="ptII.classpath.optional.property" value="/home/travis/build/icyphy/ptII/lib/bsh-2.0b4.jar:/home/travis/build/icyphy/ptII/lib/ptCal.jar:/home/travis/build/icyphy/ptII/lib/java_cup.jar:/home/travis/build/icyphy/ptII/lib/saxon8.jar:/home/travis/build/icyphy/ptII/lib/saxon8-dom.jar:/home/travis/build/icyphy/ptII/lib/chic.jar:/home/travis/build/icyphy/ptII/lib/ptcolt.jar:/usr/lib/jvm/java-8-oracle/lib/tools.jar:/home/travis/build/icyphy/ptII/vendors/misc/itext/iText.jar:/home/travis/build/icyphy/ptII/lib/g4ltl.jar:/home/travis/build/icyphy/ptII/lib/StructuralCoder.jar:/home/travis/build/icyphy/ptII/vendors/jai-1_1_2_01/lib/jai_core.jar:/home/travis/build/icyphy/ptII/vendors/jai-1_1_2_01/lib/jai_codec.jar:/home/travis/build/icyphy/ptII/lib/jcerti.jar:/home/travis/build/icyphy/ptII/lib/javax.mail.jar:/home/travis/build/icyphy/ptII/vendors/JMF-2.1.1e/lib/jmf.jar:/home/travis/build/icyphy/ptII/lib/jna-4.0.0-variadic.jar:/home/travis/build/icyphy/ptII/vendors/misc/joystick/Joystick.jar:/home/travis/build/icyphy/ptII/lib/ptjacl.jar:/home/travis/build/icyphy/ptII/lib/jsoup-1.8.2.jar:/home/travis/build/icyphy/ptII/lib/junit-4.8.2.jar:/home/travis/build/icyphy/ptII/lib/JUnitParams-0.4.0.jar:/home/travis/build/icyphy/ptII/ptolemy/actor/lib/excel/jxl.jar:/home/travis/build/icyphy/ptII/lib/jython.jar:/home/travis/build/icyphy/ptII/lib/kieler.jar:/home/travis/build/icyphy/ptII/vendors/opencv/share/OpenCV/java/opencv-341.jar:/home/travis/build/icyphy/ptII/lib/oscP5.jar:/home/travis/build/icyphy/ptII/lib/nrjavaserial-3.11.0.devel.jar:/home/travis/build/icyphy/ptII/vendors/j3d/lib/j3dcore.jar:/home/travis/build/icyphy/ptII/vendors/j3d/lib/j3dutils.jar:/home/travis/build/icyphy/ptII/vendors/j3d/lib/vecmath.jar:/home/travis/build/icyphy/ptII/ptolemy/distributed/jini/jar/jini-core.jar:/home/travis/build/icyphy/ptII/ptolemy/distributed/jini/jar/jini-ext.jar:/home/travis/build/icyphy/ptII/ptolemy/distributed/jini/jar/sun-util.jar:/home/travis/build/icyphy/ptII/lib/protobuf-java-2.4.1.jar:/home/travis/build/icyphy/ptII/lib/org.eclipse.paho.client.mqttv3.jar:/home/travis/build/icyphy/ptII/lib/mapss.jar:/home/travis/build/icyphy/ptII/ptolemy/actor/ptalon/antlr/antlr.jar:/home/travis/build/icyphy/ptII/lib/JRI.jar:/home/travis/build/icyphy/ptII/lib/commons-lang-2.6.jar:/home/travis/build/icyphy/ptII/lib/commons-logging-1.1.1.jar:/home/travis/build/icyphy/ptII/lib/sootclasses.jar:/home/travis/build/icyphy/ptII/ptolemy/actor/lib/database/mysql-connector-java-5.1.6-bin.jar:/home/travis/build/icyphy/ptII/vendors/misc/sphinx4/sphinx4-data-5prealpha.jar:/home/travis/build/icyphy/ptII/vendors/misc/sphinx4/sphinx4-core-5prealpha.jar:/home/travis/build/icyphy/ptII/lib/PDFRenderer.jar:/home/travis/build/icyphy/ptII/lib/svgSalamander.jar:/home/travis/build/icyphy/ptII/lib/rsyntaxtextarea-2.6.0-SNAPSHOT.jar:/home/travis/build/icyphy/ptII/lib/hazelcast-3.8.2.jar:/home/travis/build/icyphy/ptII/lib/jackson-annotations-2.9.0.jar:/home/travis/build/icyphy/ptII/lib/jackson-core-2.9.3.jar:/home/travis/build/icyphy/ptII/lib/jackson-databind-2.9.3.jar:/home/travis/build/icyphy/ptII/lib/netty-buffer-4.1.19.Final.jar:/home/travis/build/icyphy/ptII/lib/netty-codec-4.1.19.Final.jar:/home/travis/build/icyphy/ptII/lib/netty-codec-dns-4.1.19.Final.jar:/home/travis/build/icyphy/ptII/lib/netty-codec-http-4.1.19.Final.jar:/home/travis/build/icyphy/ptII/lib/netty-codec-http2-4.1.19.Final.jar:/home/travis/build/icyphy/ptII/lib/netty-common-4.1.19.Final.jar:/home/travis/build/icyphy/ptII/lib/netty-handler-4.1.19.Final.jar:/home/travis/build/icyphy/ptII/lib/netty-resolver-4.1.19.Final.jar:/home/travis/build/icyphy/ptII/lib/netty-resolver-dns-4.1.19.Final.jar:/home/travis/build/icyphy/ptII/lib/netty-transport-4.1.19.Final.jar:/home/travis/build/icyphy/ptII/lib/vertx-codegen-3.5.1.jar:/home/travis/build/icyphy/ptII/lib/vertx-core-3.5.2-SNAPSHOT.jar:/home/travis/build/icyphy/ptII/lib/vertx-hazelcast-3.5.1.jar:/home/travis/build/icyphy/ptII/lib/vertx-lang-js-3.5.1.jar:/home/travis/build/icyphy/ptII/lib/vertx-service-proxy-3.5.1.jar:/home/travis/build/icyphy/ptII/lib/vertx-web-3.5.1.jar:/home/travis/build/icyphy/ptII/lib/slf4j-api-1.7.13.jar:/home/travis/build/icyphy/ptII/lib/slf4j-simple-1.7.13.jar:/home/travis/build/icyphy/ptII/lib/webcam-capture-0.3.12.jar:/home/travis/build/icyphy/ptII/lib/bridj-0.7.0.jar:/home/travis/build/icyphy/ptII/lib/xbjlib-1.1.0.nrjavaserial.jar" />
    <property name="test.batch" value="**/junit/*.java" />
    <property name="env._" value="/usr/bin/timeout" />
    <property name="java.io.tmpdir" value="/tmp" />
    <property name="env.TRAVIS_INTERNAL_RUBY_REGEX" value="^ruby-(2\.[0-4]\.[0-9]|1\.9\.3)" />
    <property name="user.language" value="en" />
    <property name="env.HISTCONTROL" value="ignoredups:ignorespace" />
    <property name="env.GOROOT" value="/home/travis/.gimme/versions/go1.7.4.linux.amd64" />
    <property name="line.separator" value="&#xa;" />
    <property name="target" value="1.8" />
    <property name="env.TRAVIS_BUILD_DIR" value="/home/travis/build/icyphy/ptII" />
    <property name="env.ANT_OPTS" value="-Xmx2048m" />
    <property name="ant.file.type" value="file" />
    <property name="ptolemy.ptII.batchMode" value="true" />
    <property name="env.HISTSIZE" value="1000" />
    <property name="env.MERB_ENV" value="test" />
    <property name="java.vm.info" value="mixed mode" />
    <property name="source" value="1.8" />
    <property name="java.vm.specification.name" value="Java Virtual Machine Specification" />
    <property name="env.TRAVIS_TEST_RESULT" value="0" />
    <property name="jsdoc.command" value="node_modules/@terraswarm/jsdoc/jsdoc.js" />
    <property name="npm.works" value="true" />
    <property name="cobertura.dir" value="/home/travis/build/icyphy/ptII/vendors/cobertura-2.0.3" />
    <property name="env.rvm_path" value="/home/travis/.rvm" />
    <property name="env.GEM_PATH" value="/home/travis/.rvm/gems/ruby-2.4.1:/home/travis/.rvm/gems/ruby-2.4.1@global" />
    <property name="env.LC_CTYPE" value="en_US.UTF-8" />
    <property name="java.awt.printerjob" value="sun.print.PSPrinterJob" />
    <property name="env.TRAVIS_CMD" value="$PTII/bin/ptIITravisBuild.sh $SECONDS" />
    <property name="env.TRAVIS_STACK_NAME" value="garnet" />
    <property name="env.TRAVIS_TIMER_START_TIME" value="1550287407626600911" />
    <property name="ant.version" value="Apache Ant(TM) version 1.10.1 compiled on February 2 2017" />
    <property name="ptII.reports" value="/home/travis/build/icyphy/ptII/reports" />
    <property name="env.TRAVIS_STACK_TIMESTAMP" value="2017-12-05 19:33:09 UTC" />
    <property name="ant.file.type.ptII" value="file" />
    <property name="env.RBENV_SHELL" value="bash" />
    <property name="os.name" value="Linux" />
    <property name="java.specification.vendor" value="Oracle Corporation" />
    <property name="env.rvm_version" value="1.29.3 (latest)" />
    <property name="env.TRAVIS_INFRA" value="gce" />
    <property name="env.TERM" value="xterm" />
    <property name="java.vm.name" value="Java HotSpot(TM) 64-Bit Server VM" />
    <property name="env.TRAVIS_BUILD_NUMBER" value="1003" />
    <property name="env.CI" value="true" />
    <property name="java.library.path" value="/home/travis/pthla/certi-tools/lib:/usr/lib/jni:/usr/local/share/OpenCV/java/:/usr/share/OpenCV/java::/usr/java/packages/lib/amd64:/usr/lib64:/lib64:/lib:/usr/lib" />
    <property name="env.rvm_prefix" value="/home/travis" />
    <property name="env.PATH" value="/home/travis/pthla/certi-tools/share/scripts:/home/travis/.rvm/gems/ruby-2.4.1/bin:/home/travis/.rvm/gems/ruby-2.4.1@global/bin:/home/travis/.rvm/rubies/ruby-2.4.1/bin:/home/travis/.rvm/bin:/home/travis/.nvm/versions/node/v7.10.1/bin:./node_modules/.bin:/home/travis/build/icyphy/ptII/bin:/home/travis/pthla/certi-tools/bin:/home/travis/bin:/home/travis/.local/bin:/opt/pyenv/shims:/home/travis/.phpenv/shims:/home/travis/perl5/perlbrew/bin:/home/travis/.kiex/elixirs/elixir-1.4.5/bin:/home/travis/.kiex/bin:/home/travis/gopath/bin:/home/travis/.gimme/versions/go1.7.4.linux.amd64/bin:/usr/local/phantomjs/bin:/usr/local/phantomjs:/usr/local/neo4j-3.2.7/bin:/usr/local/maven-3.5.2/bin:/usr/local/cmake-3.9.2/bin:/usr/local/clang-5.0.0/bin:/usr/local/sbin:/usr/local/bin:/usr/sbin:/usr/bin:/sbin:/bin:/home/travis/.phpenv/bin:/opt/pyenv/bin:/home/travis/.yarn/bin" />
    <property name="env.TRAVIS_OS_NAME" value="linux" />
    <property name="ant.java.version" value="1.8" />
    <property name="basedir" value="/home/travis/build/icyphy/ptII" />
    <property name="java.class.version" value="52.0" />
    <property name="env.SHLVL" value="3" />
    <property name="env.LD_LIBRARY_PATH" value="/home/travis/pthla/certi-tools/lib:/usr/lib/jni:/usr/local/share/OpenCV/java/:/usr/share/OpenCV/java:" />
    <property name="env.RACK_ENV" value="test" />
    <property name="ant.home" value="/home/travis/build/icyphy/ptII/ant" />
    <property name="env.PERLBREW_BASHRC_VERSION" value="0.80" />
    <property name="env.NVM_DIR" value="/home/travis/.nvm" />
    <property name="env.TRAVIS_BUILD_ID" value="494091003" />
    <property name="env.CERTI_FOM_PATH" value="/home/travis/pthla/certi-tools/share/federations" />
    <property name="env.PYENV_ROOT" value="/opt/pyenv" />
    <property name="env.TRAVIS_UID" value="2000" />
    <property name="env.rvm_pretty_print_flag" value="auto" />
    <property name="env.NVM_BIN" value="/home/travis/.nvm/versions/node/v7.10.1/bin" />
    <property name="env.TRAVIS_COMMIT" value="879f111b998daf2a28aa833b9629496c9080eaab" />
    <property name="env._system_arch" value="x86_64" />
    <property name="node.executable" value="node" />
    <property name="sun.boot.library.path" value="/usr/lib/jvm/java-8-oracle/jre/lib/amd64" />
    <property name="sun.management.compiler" value="HotSpot 64-Bit Tiered Compilers" />
    <property name="env.GOPATH" value="/home/travis/gopath" />
    <property name="java.awt.graphicsenv" value="sun.awt.X11GraphicsEnvironment" />
    <property name="ptolemy.ptII.dir" value="/home/travis/build/icyphy/ptII" />
    <property name="env.USER" value="travis" />
    <property name="env.HISTFILESIZE" value="2000" />
    <property name="timeout.longest" value="19000000" />
    <property name="env.TRAVIS_STACK_FEATURES" value="basic cassandra chromium couchdb disabled-ipv6 docker docker-compose elasticsearch firefox go-toolchain google-chrome jdk memcached mongodb mysql neo4j nodejs_interpreter perl_interpreter perlbrew phantomjs postgresql python_interpreter rabbitmq redis riak ruby_interpreter sqlite xserver" />
    <property name="env.TRAVIS_PULL_REQUEST" value="false" />
    <property name="env.PYENV_SHELL" value="bash" />
    <property name="ant.project.name" value="ptII" />
    <property name="java.vm.specification.version" value="1.8" />
    <property name="env.ANSI_RESET" value="\033[0m" />
    <property name="env.TRAVIS_DIST" value="trusty" />
    <property name="env.CERTI_VERSION" value="4.0.0" />
    <property name="env.NLSPATH" value="/usr/dt/lib/nls/msg/%L/%N.cat" />
    <property name="awt.toolkit" value="sun.awt.X11.XToolkit" />
    <property name="env.CERTI_HOST" value="localhost" />
    <property name="env.MY_RUBY_HOME" value="/home/travis/.rvm/rubies/ruby-2.4.1" />
    <property name="sun.cpu.isalist" value="" />
    <property name="env.TRAVIS_TMPDIR" value="/tmp/tmp.lNNZ89DMjP" />
    <property name="java.ext.dirs" value="/usr/lib/jvm/java-8-oracle/jre/lib/ext:/usr/java/packages/lib/ext" />
    <property name="os.version" value="4.4.0-101-generic" />
    <property name="user.home" value="/home/travis" />
    <property name="env.MIX_ARCHIVES" value="/home/travis/.kiex/mix/elixir-1.4.5" />
    <property name="java.vm.vendor" value="Oracle Corporation" />
    <property name="env.TRAVIS_TAG" value="nightly" />
    <property name="env.ANSI_YELLOW" value="\033[33;1m" />
    <property name="env.TRAVIS_FILTERED" value="redirect_io" />
    <property name="env.ANSI_GREEN" value="\033[32;1m" />
    <property name="env.JAVA_HOME" value="/usr/lib/jvm/java-8-oracle" />
    <property name="env.PTII" value="/home/travis/build/icyphy/ptII" />
    <property name="javadoc.excludepackagenames" value="adm.cvs2svn.*,build.*,config.*,doc.coding.templates.*,jni.test.jni.meaningOfLife.*,jni.test.jni.testDeux.*,jni.test.jni.testTrois.*,org.terraswarm.accessor.accessors.web.node_modules.*,org.terraswarm.accessor.accessors.web.hosts.cordova.demo.*,org.terraswarm.accessor.accessors.web.hosts.cordova.plugins.*,org.terraswarm.accessor.accessors-svn.*,pt-modules.*,ptolemy.apps.agilent.*,ptolemy.apps.anytimecontrol.*,ptolemy.apps.apes.*,ptolemy.apps.charon.*,ptolemy.apps.crazyboard.*,ptolemy.apps.eclipse.*,ptolemy.apps.etherealSting.*,ptolemy.apps.fullscreen.*,ptolemy.apps.giotto.*,ptolemy.apps.ia.*,ptolemy.apps.interfaces.*,ptolemy.apps.jmf.*,ptolemy.apps.kurt.*,ptolemy.apps.kvm.*,ptolemy.apps.lego.*,ptolemy.apps.lejos.*,ptolemy.apps.midp.*,ptolemy.apps.mobileCoding.*,ptolemy.apps.pendulum.*,ptolemy.apps.rijndael.*,ptolemy.apps.robot.*,ptolemy.apps.security.*,ptolemy.apps.sobel.*,ptolemy.apps.soot.*,ptolemy.apps.throttle.*,ptolemy.apps.tini.*,ptolemy.apps.transmission.*,ptolemy.apps.vergil.*,ptolemy.apps.waba.*,ptolemy.apps.websensor.*,ptolemy.apps.webstart.*,ptolemy.apps.xsl.*,ptolemy.apps.zaurus.*,ptolemy.codegen.c.actor.lib.oldJavaFiles.*,ptolemy.codegen.dsp.lib.*,ptolemy.codegen.kernel.newInterfaces.*,ptolemy.codegen.lib.*,ptolemy.copernicus.kernel.fragment.*,ptolemy.copernicus.shallow.cg.*,ptolemy.domains.giotto.demo.Hierarchy.Hierarchy.*,ptolemy.domains.giotto.demo.Multimode.Multimode.*,ptolemy.domains.giotto.demo.Simple.Simple.*,ptolemy.domains.gr.lib.experimental.*,ptolemy.domains.gro.*,ptolemy.domains.pdf.*,ptolemy.domains.ptinyos.demo.Surge.output.*,ptolemy.moml.test.NoPackageActor.java*,ptolemy.plot.adm.*,ptolemy.plot.servlet.*,reports.*,signed.*,src.*,target.*,vendors.*,ptolemy.apps.eclipse.awt.*,ptolemy.backtrack.*,ptolemy.backtrack.ast.*,ptolemy.cg.adapter.generic.program.procedural.c.mbed*,ptolemy.homer.*,org.ptolemy.scala.*,diva.util.java2d.svg.*,ptolemy.domains.ptinyos.*,ptolemy.actor.lib.fmi.fmipp.*,,org.terraswarm.accessor.accessors.web.node_modules.*,org.terraswarm.accessor.accessors-svn,ptolemy.apps.*,ptolemy.actor.ptalon.demo.ptinyos.SendAndReceiveCnt.output,ptolemy.actor.ptalon.demo.ptinyos.SenseToLeds.output,ptolemy.domains.ptinyos.demo.CntToLedsAndRfm.output,ptolemy.domains.ptinyos.demo.RfmToLeds.output,ptolemy.domains.ptinyos.demo.SendAndReceiveCnt.output,ptolemy.domains.ptinyos.demo.SenseToLeds.output,ptolemy.actor.lib.jjs.modules.udpSocket.*" />
    <property name="env.TRAVIS_COMMIT_MESSAGE" value="Updated seating in DOP Center" />
    <property name="keystore" value="ptKeystore" />
    <property name="env.XDG_SESSION_ID" value="2" />
    <property name="junit.output.dir" value="/home/travis/build/icyphy/ptII/reports/junit" />
    <property name="npm.return.code" value="0" />
    <property name="user.dir" value="/home/travis/build/icyphy/ptII/ptolemy/actor/lib/test" />
    <property name="env.TRAVIS_NODE_VERSION" value="7" />
    <property name="env.XFILESEARCHPATH" value="/usr/dt/app-defaults/%L/Dt" />
    <property name="env.TRAVIS_EVENT_TYPE" value="cron" />
    <property name="env.MAIL" value="/var/mail/travis" />
    <property name="env.PWD" value="/home/travis/build/icyphy/ptII" />
    <property name="env.PERLBREW_ROOT" value="/home/travis/perl5/perlbrew" />
    <property name="timeout.npm" value="45000" />
    <property name="env.TRAVIS_ARCH" value="amd64" />
    <property name="env.PAGER" value="cat" />
    <property name="sun.cpu.endian" value="little" />
    <property name="env.TRAVIS_BUILD_STAGE_NAME" value="Test" />
    <property name="env.PERLBREW_HOME" value="/home/travis/.perlbrew" />
    <property name="env.RAILS_ENV" value="test" />
    <property name="java.vm.version" value="25.151-b12" />
    <property name="java.class.path" value="/home/travis/.ptolemyII:/home/travis/.ptolemyII/*:/home/travis/build/icyphy/ptII:/home/travis/build/icyphy/ptII/lib/bsh-2.0b4.jar:/home/travis/build/icyphy/ptII/lib/ptCal.jar:/home/travis/build/icyphy/ptII/lib/java_cup.jar:/home/travis/build/icyphy/ptII/lib/saxon8.jar:/home/travis/build/icyphy/ptII/lib/saxon8-dom.jar:/home/travis/build/icyphy/ptII/lib/chic.jar:/home/travis/build/icyphy/ptII/lib/ptcolt.jar:/usr/lib/jvm/java-8-oracle/lib/tools.jar:/home/travis/build/icyphy/ptII/vendors/misc/itext/iText.jar:/home/travis/build/icyphy/ptII/lib/g4ltl.jar:/home/travis/build/icyphy/ptII/lib/StructuralCoder.jar:/home/travis/build/icyphy/ptII/vendors/jai-1_1_2_01/lib/jai_core.jar:/home/travis/build/icyphy/ptII/vendors/jai-1_1_2_01/lib/jai_codec.jar:/home/travis/build/icyphy/ptII/lib/jcerti.jar:/home/travis/build/icyphy/ptII/lib/javax.mail.jar:/home/travis/build/icyphy/ptII/vendors/JMF-2.1.1e/lib/jmf.jar:/home/travis/build/icyphy/ptII/lib/jna-4.0.0-variadic.jar:/home/travis/build/icyphy/ptII/vendors/misc/joystick/Joystick.jar:/home/travis/build/icyphy/ptII/lib/ptjacl.jar:/home/travis/build/icyphy/ptII/lib/jsoup-1.8.2.jar:/home/travis/build/icyphy/ptII/lib/junit-4.8.2.jar:/home/travis/build/icyphy/ptII/lib/JUnitParams-0.4.0.jar:/home/travis/build/icyphy/ptII/ptolemy/actor/lib/excel/jxl.jar:/home/travis/build/icyphy/ptII/lib/jython.jar:/home/travis/build/icyphy/ptII/lib/kieler.jar:/home/travis/build/icyphy/ptII/vendors/opencv/share/OpenCV/java/opencv-341.jar:/home/travis/build/icyphy/ptII/lib/oscP5.jar:/home/travis/build/icyphy/ptII/lib/nrjavaserial-3.11.0.devel.jar:/home/travis/build/icyphy/ptII/vendors/j3d/lib/j3dcore.jar:/home/travis/build/icyphy/ptII/vendors/j3d/lib/j3dutils.jar:/home/travis/build/icyphy/ptII/vendors/j3d/lib/vecmath.jar:/home/travis/build/icyphy/ptII/ptolemy/distributed/jini/jar/jini-core.jar:/home/travis/build/icyphy/ptII/ptolemy/distributed/jini/jar/jini-ext.jar:/home/travis/build/icyphy/ptII/ptolemy/distributed/jini/jar/sun-util.jar:/home/travis/build/icyphy/ptII/lib/protobuf-java-2.4.1.jar:/home/travis/build/icyphy/ptII/lib/org.eclipse.paho.client.mqttv3.jar:/home/travis/build/icyphy/ptII/lib/mapss.jar:/home/travis/build/icyphy/ptII/ptolemy/actor/ptalon/antlr/antlr.jar:/home/travis/build/icyphy/ptII/lib/JRI.jar:/home/travis/build/icyphy/ptII/lib/commons-lang-2.6.jar:/home/travis/build/icyphy/ptII/lib/commons-logging-1.1.1.jar:/home/travis/build/icyphy/ptII/lib/sootclasses.jar:/home/travis/build/icyphy/ptII/ptolemy/actor/lib/database/mysql-connector-java-5.1.6-bin.jar:/home/travis/build/icyphy/ptII/vendors/misc/sphinx4/sphinx4-data-5prealpha.jar:/home/travis/build/icyphy/ptII/vendors/misc/sphinx4/sphinx4-core-5prealpha.jar:/home/travis/build/icyphy/ptII/lib/PDFRenderer.jar:/home/travis/build/icyphy/ptII/lib/svgSalamander.jar:/home/travis/build/icyphy/ptII/lib/rsyntaxtextarea-2.6.0-SNAPSHOT.jar:/home/travis/build/icyphy/ptII/lib/hazelcast-3.8.2.jar:/home/travis/build/icyphy/ptII/lib/jackson-annotations-2.9.0.jar:/home/travis/build/icyphy/ptII/lib/jackson-core-2.9.3.jar:/home/travis/build/icyphy/ptII/lib/jackson-databind-2.9.3.jar:/home/travis/build/icyphy/ptII/lib/netty-buffer-4.1.19.Final.jar:/home/travis/build/icyphy/ptII/lib/netty-codec-4.1.19.Final.jar:/home/travis/build/icyphy/ptII/lib/netty-codec-dns-4.1.19.Final.jar:/home/travis/build/icyphy/ptII/lib/netty-codec-http-4.1.19.Final.jar:/home/travis/build/icyphy/ptII/lib/netty-codec-http2-4.1.19.Final.jar:/home/travis/build/icyphy/ptII/lib/netty-common-4.1.19.Final.jar:/home/travis/build/icyphy/ptII/lib/netty-handler-4.1.19.Final.jar:/home/travis/build/icyphy/ptII/lib/netty-resolver-4.1.19.Final.jar:/home/travis/build/icyphy/ptII/lib/netty-resolver-dns-4.1.19.Final.jar:/home/travis/build/icyphy/ptII/lib/netty-transport-4.1.19.Final.jar:/home/travis/build/icyphy/ptII/lib/vertx-codegen-3.5.1.jar:/home/travis/build/icyphy/ptII/lib/vertx-core-3.5.2-SNAPSHOT.jar:/home/travis/build/icyphy/ptII/lib/vertx-hazelcast-3.5.1.jar:/home/travis/build/icyphy/ptII/lib/vertx-lang-js-3.5.1.jar:/home/travis/build/icyphy/ptII/lib/vertx-service-proxy-3.5.1.jar:/home/travis/build/icyphy/ptII/lib/vertx-web-3.5.1.jar:/home/travis/build/icyphy/ptII/lib/slf4j-api-1.7.13.jar:/home/travis/build/icyphy/ptII/lib/slf4j-simple-1.7.13.jar:/home/travis/build/icyphy/ptII/lib/webcam-capture-0.3.12.jar:/home/travis/build/icyphy/ptII/lib/bridj-0.7.0.jar:/home/travis/build/icyphy/ptII/lib/xbjlib-1.1.0.nrjavaserial.jar:/home/travis/build/icyphy/ptII/ptolemy/moml/test:/home/travis/build/icyphy/ptII/ant/lib/ant-launcher.jar:/home/travis/build/icyphy/ptII/ant/lib/ant.jar:/home/travis/build/icyphy/ptII/ant/lib/ant-junit.jar:/home/travis/build/icyphy/ptII/ant/lib/ant-junit4.jar" />
    <property name="ant.library.dir" value="/home/travis/build/icyphy/ptII/ant/lib" />
    <property name="os.arch" value="amd64" />
    <property name="env.TRAVIS_LANGUAGE" value="node_js" />
    <property name="env.CONTINUOUS_INTEGRATION" value="true" />
    <property name="env.TRAVIS_STACK_LANGUAGES" value="__garnet__ c c++ clojure cplusplus cpp default go groovy java node_js php pure_java python ruby scala" />
    <property name="test.name" value="ptolemy.actor.lib.test.junit.JUnitTclTest" />
    <property name="sun.java.launcher" value="SUN_STANDARD" />
    <property name="env.PYTHON_CONFIGURE_OPTS" value="--enable-unicode=ucs4 --with-wide-unicode --enable-shared --enable-ipv6 --enable-loadable-sqlite-extensions --with-computed-gotos" />
    <property name="ant.core.lib" value="/home/travis/build/icyphy/ptII/ant/lib/ant.jar" />
    <property name="java.vm.specification.vendor" value="Oracle Corporation" />
    <property name="env.BCVTB_HOME" value="/home/travis/build/icyphy/ptII/lbnl" />
    <property name="file.separator" value="/" />
    <property name="spotbugs.home" value="/home/travis/build/icyphy/ptII/vendors/spotbugs-3.1.1" />
    <property name="java.runtime.version" value="1.8.0_151-b12" />
    <property name="sun.boot.class.path" value="/usr/lib/jvm/java-8-oracle/jre/lib/resources.jar:/usr/lib/jvm/java-8-oracle/jre/lib/rt.jar:/usr/lib/jvm/java-8-oracle/jre/lib/sunrsasign.jar:/usr/lib/jvm/java-8-oracle/jre/lib/jsse.jar:/usr/lib/jvm/java-8-oracle/jre/lib/jce.jar:/usr/lib/jvm/java-8-oracle/jre/lib/charsets.jar:/usr/lib/jvm/java-8-oracle/jre/lib/jfr.jar:/usr/lib/jvm/java-8-oracle/jre/classes" />
    <property name="env.ANSI_CLEAR" value="\033[0K" />
    <property name="env.HAS_JOSH_K_SEAL_OF_APPROVAL" value="true" />
    <property name="env.XDG_RUNTIME_DIR" value="/run/user/2000" />
    <property name="env.TRAVIS_OSX_IMAGE" value="" />
    <property name="env.TRAVIS_BRANCH" value="master" />
    <property name="env.TRAVIS_JOB_ID" value="494091011" />
    <property name="user.country" value="US" />
    <property name="env.CERTI_HOME_TRAVIS" value="/home/travis/pthla/certi-tools" />
    <property name="env.SHELL" value="/bin/bash" />
    <property name="java.maxmemory.large" value="5000m" />
    <property name="model" value="" />
    <property name="env.CASHER_DIR" value="/home/travis/.casher" />
    <property name="env.NVM_CD_FLAGS" value="" />
    <property name="jshint.executable" value="/home/travis/node_modules/jshint/bin/jshint" />
    <property name="java.vendor" value="Oracle Corporation" />
    <property name="env.JRUBY_OPTS" value=" --client -J-XX:+TieredCompilation -J-XX:TieredStopAtLevel=1 -J-Xss2m -Xcompile.invokedynamic=false" />
    <property name="env.TRAVIS_PRE_CHEF_BOOTSTRAP_TIME" value="2017-12-05T19:32:55" />
    <property name="env.TRAVIS_STACK_JOB_BOARD_REGISTER" value="/.job-board-register.yml" />
    <property name="env.ELIXIR_VERSION" value="1.4.5" />
    <property name="env.ANSI_RED" value="\033[31;1m" />
    <property name="java.specification.version" value="1.8" />
    <property name="env.TRAVIS" value="true" />
    <property name="env.IRBRC" value="/home/travis/.rvm/rubies/ruby-2.4.1/.irbrc" />
    <property name="sun.arch.data.model" value="64" />
  </properties>
  <testcase classname="ptolemy.util.test.junit.TclTests" name="[0] /home/travis/build/icyphy/ptII/ptolemy/actor/lib/test/AbsoluteValue.tcl (RunTclFile)" time="0.43" />
  <testcase classname="ptolemy.util.test.junit.TclTests" name="[1] /home/travis/build/icyphy/ptII/ptolemy/actor/lib/test/AddSubtract.tcl (RunTclFile)" time="0.101" />
  <testcase classname="ptolemy.util.test.junit.TclTests" name="[2] /home/travis/build/icyphy/ptII/ptolemy/actor/lib/test/Average.tcl (RunTclFile)" time="0.057" />
  <testcase classname="ptolemy.util.test.junit.TclTests" name="[3] /home/travis/build/icyphy/ptII/ptolemy/actor/lib/test/Bernoulli.tcl (RunTclFile)" time="0.022" />
  <testcase classname="ptolemy.util.test.junit.TclTests" name="[4] /home/travis/build/icyphy/ptII/ptolemy/actor/lib/test/Clock.tcl (RunTclFile)" time="0.082" />
  <testcase classname="ptolemy.util.test.junit.TclTests" name="[5] /home/travis/build/icyphy/ptII/ptolemy/actor/lib/test/Commutator.tcl (RunTclFile)" time="0.126" />
  <testcase classname="ptolemy.util.test.junit.TclTests" name="[6] /home/travis/build/icyphy/ptII/ptolemy/actor/lib/test/Const.tcl (RunTclFile)" time="0.073" />
  <testcase classname="ptolemy.util.test.junit.TclTests" name="[7] /home/travis/build/icyphy/ptII/ptolemy/actor/lib/test/CurrentTime.tcl (RunTclFile)" time="0.019" />
  <testcase classname="ptolemy.util.test.junit.TclTests" name="[8] /home/travis/build/icyphy/ptII/ptolemy/actor/lib/test/DB.tcl (RunTclFile)" time="0.02" />
  <testcase classname="ptolemy.util.test.junit.TclTests" name="[9] /home/travis/build/icyphy/ptII/ptolemy/actor/lib/test/DiscreteRandomSource.tcl (RunTclFile)" time="0.022" />
  <testcase classname="ptolemy.util.test.junit.TclTests" name="[10] /home/travis/build/icyphy/ptII/ptolemy/actor/lib/test/Distributor.tcl (RunTclFile)" time="0.034" />
  <testcase classname="ptolemy.util.test.junit.TclTests" name="[11] /home/travis/build/icyphy/ptII/ptolemy/actor/lib/test/Exit.tcl (RunTclFile)" time="0.042" />
  <testcase classname="ptolemy.util.test.junit.TclTests" name="[12] /home/travis/build/icyphy/ptII/ptolemy/actor/lib/test/Expression.tcl (RunTclFile)" time="0.057" />
  <testcase classname="ptolemy.util.test.junit.TclTests" name="[13] /home/travis/build/icyphy/ptII/ptolemy/actor/lib/test/Gaussian.tcl (RunTclFile)" time="0.197" />
  <testcase classname="ptolemy.util.test.junit.TclTests" name="[14] /home/travis/build/icyphy/ptII/ptolemy/actor/lib/test/IIR.tcl (RunTclFile)" time="0.042" />
  <testcase classname="ptolemy.util.test.junit.TclTests" name="[15] /home/travis/build/icyphy/ptII/ptolemy/actor/lib/test/Interpolator.tcl (RunTclFile)" time="0.104" />
  <testcase classname="ptolemy.util.test.junit.TclTests" name="[16] /home/travis/build/icyphy/ptII/ptolemy/actor/lib/test/MathFunction.tcl (RunTclFile)" time="0.079" />
  <testcase classname="ptolemy.util.test.junit.TclTests" name="[17] /home/travis/build/icyphy/ptII/ptolemy/actor/lib/test/Maximum.tcl (RunTclFile)" time="0.035" />
  <testcase classname="ptolemy.util.test.junit.TclTests" name="[18] /home/travis/build/icyphy/ptII/ptolemy/actor/lib/test/Minimum.tcl (RunTclFile)" time="0.035" />
  <testcase classname="ptolemy.util.test.junit.TclTests" name="[19] /home/travis/build/icyphy/ptII/ptolemy/actor/lib/test/MultiplyDivide.tcl (RunTclFile)" time="0.042" />
  <testcase classname="ptolemy.util.test.junit.TclTests" name="[20] /home/travis/build/icyphy/ptII/ptolemy/actor/lib/test/OrderedMerge.tcl (RunTclFile)" time="0.078" />
  <testcase classname="ptolemy.util.test.junit.TclTests" name="[21] /home/travis/build/icyphy/ptII/ptolemy/actor/lib/test/Publisher.tcl (RunTclFile)" time="0.561" />
  <testcase classname="ptolemy.util.test.junit.TclTests" name="[22] /home/travis/build/icyphy/ptII/ptolemy/actor/lib/test/Pulse.tcl (RunTclFile)" time="0.037" />
  <testcase classname="ptolemy.util.test.junit.TclTests" name="[23] /home/travis/build/icyphy/ptII/ptolemy/actor/lib/test/Ramp.tcl (RunTclFile)" time="1.812" />
  <testcase classname="ptolemy.util.test.junit.TclTests" name="[24] /home/travis/build/icyphy/ptII/ptolemy/actor/lib/test/RampContinuous.tcl (RunTclFile)" time="0.018" />
  <testcase classname="ptolemy.util.test.junit.TclTests" name="[25] /home/travis/build/icyphy/ptII/ptolemy/actor/lib/test/RecordAssembler.tcl (RunTclFile)" time="0.019" />
  <testcase classname="ptolemy.util.test.junit.TclTests" name="[26] /home/travis/build/icyphy/ptII/ptolemy/actor/lib/test/RecordDisassembler.tcl (RunTclFile)" time="0.025" />
  <testcase classname="ptolemy.util.test.junit.TclTests" name="[27] /home/travis/build/icyphy/ptII/ptolemy/actor/lib/test/Scale.tcl (RunTclFile)" time="0.031" />
  <testcase classname="ptolemy.util.test.junit.TclTests" name="[28] /home/travis/build/icyphy/ptII/ptolemy/actor/lib/test/SequentialClock.tcl (RunTclFile)" time="0.026" />
  <testcase classname="ptolemy.util.test.junit.TclTests" name="[29] /home/travis/build/icyphy/ptII/ptolemy/actor/lib/test/SetVariable.tcl (RunTclFile)" time="0.021" />
  <testcase classname="ptolemy.util.test.junit.TclTests" name="[30] /home/travis/build/icyphy/ptII/ptolemy/actor/lib/test/Sinewave.tcl (RunTclFile)" time="0.059" />
  <testcase classname="ptolemy.util.test.junit.TclTests" name="[31] /home/travis/build/icyphy/ptII/ptolemy/actor/lib/test/SubscriptionAggregator.tcl (RunTclFile)" time="1.777" />
  <testcase classname="ptolemy.util.test.junit.TclTests" name="[32] /home/travis/build/icyphy/ptII/ptolemy/actor/lib/test/Test.tcl (RunTclFile)" time="0.113" />
  <testcase classname="ptolemy.util.test.junit.TclTests" name="[33] /home/travis/build/icyphy/ptII/ptolemy/actor/lib/test/TestExceptionHandler.tcl (RunTclFile)" time="0.01" />
  <testcase classname="ptolemy.util.test.junit.TclTests" name="[34] /home/travis/build/icyphy/ptII/ptolemy/actor/lib/test/UnionDisassembler.tcl (RunTclFile)" time="0.065" />
  <testcase classname="ptolemy.util.test.junit.TclTests" name="[35] /home/travis/build/icyphy/ptII/ptolemy/actor/lib/test/VariableClock.tcl (RunTclFile)" time="0.021" />
  <testcase classname="ptolemy.util.test.junit.AutoKnownFailedTests" name="[0] /home/travis/build/icyphy/ptII/ptolemy/actor/lib/test/auto/knownFailedTests/PublisherPortToplevelSubscriber.xml (RunModel)" time="0.021" />
  <testcase classname="ptolemy.util.test.junit.AutoKnownFailedTests" name="[1] /home/travis/build/icyphy/ptII/ptolemy/actor/lib/test/auto/knownFailedTests/PublisherSubscriberPortToplevel.xml (RunModel)" time="0.02" />
  <testcase classname="ptolemy.util.test.junit.AutoKnownFailedTests" name="[2] /home/travis/build/icyphy/ptII/ptolemy/actor/lib/test/auto/knownFailedTests/PublisherSubscriptionAggregatorPort.xml (RunModel)" time="0.019" />
  <testcase classname="ptolemy.util.test.junit.AutoKnownFailedTests" name="[3] /home/travis/build/icyphy/ptII/ptolemy/actor/lib/test/auto/knownFailedTests/sizedarray3.xml (RunModel)" time="0.028" />
  <testcase classname="ptolemy.util.test.junit.AutoNameArchTests" name="[0] ThereAreNoAutoArchTests (RunModel)" time="0.001" />
  <testcase classname="ptolemy.util.test.junit.AutoTests" name="[0] /home/travis/build/icyphy/ptII/ptolemy/actor/lib/test/auto/AbsoluteValue.xml (RunModel)" time="0.119" />
  <testcase classname="ptolemy.util.test.junit.AutoTests" name="[1] /home/travis/build/icyphy/ptII/ptolemy/actor/lib/test/auto/AbsoluteValue2.xml (RunModel)" time="0.036" />
  <testcase classname="ptolemy.util.test.junit.AutoTests" name="[2] /home/travis/build/icyphy/ptII/ptolemy/actor/lib/test/auto/Accumulator.xml (RunModel)" time="0.035" />
  <testcase classname="ptolemy.util.test.junit.AutoTests" name="[3] /home/travis/build/icyphy/ptII/ptolemy/actor/lib/test/auto/Accumulator2.xml (RunModel)" time="0.021" />
  <testcase classname="ptolemy.util.test.junit.AutoTests" name="[4] /home/travis/build/icyphy/ptII/ptolemy/actor/lib/test/auto/Accumulator3.xml (RunModel)" time="0.017" />
  <testcase classname="ptolemy.util.test.junit.AutoTests" name="[5] /home/travis/build/icyphy/ptII/ptolemy/actor/lib/test/auto/ArrayAppend.xml (RunModel)" time="0.052" />
  <testcase classname="ptolemy.util.test.junit.AutoTests" name="[6] /home/travis/build/icyphy/ptII/ptolemy/actor/lib/test/auto/ArrayAppend2.xml (RunModel)" time="0.408" />
  <testcase classname="ptolemy.util.test.junit.AutoTests" name="[7] /home/travis/build/icyphy/ptII/ptolemy/actor/lib/test/auto/ArrayAppend3.xml (RunModel)" time="0.038" />
  <testcase classname="ptolemy.util.test.junit.AutoTests" name="[8] /home/travis/build/icyphy/ptII/ptolemy/actor/lib/test/auto/ArrayAppend4.xml (RunModel)" time="0.032" />
  <testcase classname="ptolemy.util.test.junit.AutoTests" name="[9] /home/travis/build/icyphy/ptII/ptolemy/actor/lib/test/auto/ArrayAppend5.xml (RunModel)" time="0.08" />
  <testcase classname="ptolemy.util.test.junit.AutoTests" name="[10] /home/travis/build/icyphy/ptII/ptolemy/actor/lib/test/auto/ArrayAppend6.xml (RunModel)" time="0.025" />
  <testcase classname="ptolemy.util.test.junit.AutoTests" name="[11] /home/travis/build/icyphy/ptII/ptolemy/actor/lib/test/auto/ArrayAppendPerformanceTest.xml (RunModel)" time="0.052" />
  <testcase classname="ptolemy.util.test.junit.AutoTests" name="[12] /home/travis/build/icyphy/ptII/ptolemy/actor/lib/test/auto/ArrayAppendWithEmptyInput.xml (RunModel)" time="0.058" />
  <testcase classname="ptolemy.util.test.junit.AutoTests" name="[13] /home/travis/build/icyphy/ptII/ptolemy/actor/lib/test/auto/ArrayAverage.xml (RunModel)" time="0.069" />
  <testcase classname="ptolemy.util.test.junit.AutoTests" name="[14] /home/travis/build/icyphy/ptII/ptolemy/actor/lib/test/auto/ArrayContains.xml (RunModel)" time="0.025" />
  <testcase classname="ptolemy.util.test.junit.AutoTests" name="[15] /home/travis/build/icyphy/ptII/ptolemy/actor/lib/test/auto/ArrayElement.xml (RunModel)" time="0.039" />
  <testcase classname="ptolemy.util.test.junit.AutoTests" name="[16] /home/travis/build/icyphy/ptII/ptolemy/actor/lib/test/auto/ArrayElementAsMatrix.xml (RunModel)" time="0.059" />
  <testcase classname="ptolemy.util.test.junit.AutoTests" name="[17] /home/travis/build/icyphy/ptII/ptolemy/actor/lib/test/auto/ArrayElementI.xml (RunModel)" time="0.015" />
  <testcase classname="ptolemy.util.test.junit.AutoTests" name="[18] /home/travis/build/icyphy/ptII/ptolemy/actor/lib/test/auto/ArrayExtract.xml (RunModel)" time="0.038" />
  <testcase classname="ptolemy.util.test.junit.AutoTests" name="[19] /home/travis/build/icyphy/ptII/ptolemy/actor/lib/test/auto/ArrayExtract2.xml (RunModel)" time="0.016" />
  <testcase classname="ptolemy.util.test.junit.AutoTests" name="[20] /home/travis/build/icyphy/ptII/ptolemy/actor/lib/test/auto/ArrayLength.xml (RunModel)" time="0.024" />
  <testcase classname="ptolemy.util.test.junit.AutoTests" name="[21] /home/travis/build/icyphy/ptII/ptolemy/actor/lib/test/auto/ArrayLevelCrossing.xml (RunModel)" time="0.032" />
  <testcase classname="ptolemy.util.test.junit.AutoTests" name="[22] /home/travis/build/icyphy/ptII/ptolemy/actor/lib/test/auto/ArrayLevelCrossing2.xml (RunModel)" time="0.03" />
  <testcase classname="ptolemy.util.test.junit.AutoTests" name="[23] /home/travis/build/icyphy/ptII/ptolemy/actor/lib/test/auto/ArrayPeakSearch.xml (RunModel)" time="0.044" />
  <testcase classname="ptolemy.util.test.junit.AutoTests" name="[24] /home/travis/build/icyphy/ptII/ptolemy/actor/lib/test/auto/ArrayPeakSearch2.xml (RunModel)" time="0.035" />
  <testcase classname="ptolemy.util.test.junit.AutoTests" name="[25] /home/travis/build/icyphy/ptII/ptolemy/actor/lib/test/auto/ArrayPeakSearch3.xml (RunModel)" time="0.024" />
  <testcase classname="ptolemy.util.test.junit.AutoTests" name="[26] /home/travis/build/icyphy/ptII/ptolemy/actor/lib/test/auto/ArrayRemoveElement.xml (RunModel)" time="0.025" />
  <testcase classname="ptolemy.util.test.junit.AutoTests" name="[27] /home/travis/build/icyphy/ptII/ptolemy/actor/lib/test/auto/ArraySort.xml (RunModel)" time="0.031" />
  <testcase classname="ptolemy.util.test.junit.AutoTests" name="[28] /home/travis/build/icyphy/ptII/ptolemy/actor/lib/test/auto/ArraySum.xml (RunModel)" time="0.022" />
  <testcase classname="ptolemy.util.test.junit.AutoTests" name="[29] /home/travis/build/icyphy/ptII/ptolemy/actor/lib/test/auto/ArrayToElements.xml (RunModel)" time="0.021" />
  <testcase classname="ptolemy.util.test.junit.AutoTests" name="[30] /home/travis/build/icyphy/ptII/ptolemy/actor/lib/test/auto/ArrayToMatrix.xml (RunModel)" time="0.051" />
  <testcase classname="ptolemy.util.test.junit.AutoTests" name="[31] /home/travis/build/icyphy/ptII/ptolemy/actor/lib/test/auto/ArrayUpdate1.xml (RunModel)" time="0.016" />
  <testcase classname="ptolemy.util.test.junit.AutoTests" name="[32] /home/travis/build/icyphy/ptII/ptolemy/actor/lib/test/auto/ArrayUpdate2.xml (RunModel)" time="0.018" />
  <testcase classname="ptolemy.util.test.junit.AutoTests" name="[33] /home/travis/build/icyphy/ptII/ptolemy/actor/lib/test/auto/ArrayUpdate3.xml (RunModel)" time="0.015" />
  <testcase classname="ptolemy.util.test.junit.AutoTests" name="[34] /home/travis/build/icyphy/ptII/ptolemy/actor/lib/test/auto/Assert1.xml (RunModel)" time="0.025" />
  <testcase classname="ptolemy.util.test.junit.AutoTests" name="[35] /home/travis/build/icyphy/ptII/ptolemy/actor/lib/test/auto/Assert2.xml (RunModel)" time="0.014" />
  <testcase classname="ptolemy.util.test.junit.AutoTests" name="[36] /home/travis/build/icyphy/ptII/ptolemy/actor/lib/test/auto/BooleanMultiplexor.xml (RunModel)" time="0.02" />
  <testcase classname="ptolemy.util.test.junit.AutoTests" name="[37] /home/travis/build/icyphy/ptII/ptolemy/actor/lib/test/auto/BooleanMultiplexor2.xml (RunModel)" time="0.016" />
  <testcase classname="ptolemy.util.test.junit.AutoTests" name="[38] /home/travis/build/icyphy/ptII/ptolemy/actor/lib/test/auto/BooleanMultiplexor3.xml (RunModel)" time="0.023" />
  <testcase classname="ptolemy.util.test.junit.AutoTests" name="[39] /home/travis/build/icyphy/ptII/ptolemy/actor/lib/test/auto/BooleanSelect.xml (RunModel)" time="0.021" />
  <testcase classname="ptolemy.util.test.junit.AutoTests" name="[40] /home/travis/build/icyphy/ptII/ptolemy/actor/lib/test/auto/BooleanSelect2.xml (RunModel)" time="0.012" />
  <testcase classname="ptolemy.util.test.junit.AutoTests" name="[41] /home/travis/build/icyphy/ptII/ptolemy/actor/lib/test/auto/BooleanSwitch.xml (RunModel)" time="0.014" />
  <testcase classname="ptolemy.util.test.junit.AutoTests" name="[42] /home/travis/build/icyphy/ptII/ptolemy/actor/lib/test/auto/BooleanSwitch2.xml (RunModel)" time="0.012" />
  <testcase classname="ptolemy.util.test.junit.AutoTests" name="[43] /home/travis/build/icyphy/ptII/ptolemy/actor/lib/test/auto/BooleanSwitchCloningBugWithClassRelationGroup.xml (RunModel)" time="0.022" />
  <testcase classname="ptolemy.util.test.junit.AutoTests" name="[44] /home/travis/build/icyphy/ptII/ptolemy/actor/lib/test/auto/BusActors.xml (RunModel)" time="0.065" />
  <testcase classname="ptolemy.util.test.junit.AutoTests" name="[45] /home/travis/build/icyphy/ptII/ptolemy/actor/lib/test/auto/ClassWrapper.xml (RunModel)" time="0.01" />
  <testcase classname="ptolemy.util.test.junit.AutoTests" name="[46] /home/travis/build/icyphy/ptII/ptolemy/actor/lib/test/auto/Clock.xml (RunModel)" time="0.014" />
  <testcase classname="ptolemy.util.test.junit.AutoTests" name="[47] /home/travis/build/icyphy/ptII/ptolemy/actor/lib/test/auto/Clock10.xml (RunModel)" time="0.029" />
  <testcase classname="ptolemy.util.test.junit.AutoTests" name="[48] /home/travis/build/icyphy/ptII/ptolemy/actor/lib/test/auto/Clock11.xml (RunModel)" time="0.019" />
  <testcase classname="ptolemy.util.test.junit.AutoTests" name="[49] /home/travis/build/icyphy/ptII/ptolemy/actor/lib/test/auto/Clock12.xml (RunModel)" time="0.021" />
  <testcase classname="ptolemy.util.test.junit.AutoTests" name="[50] /home/travis/build/icyphy/ptII/ptolemy/actor/lib/test/auto/Clock13.xml (RunModel)" time="0.018" />
  <testcase classname="ptolemy.util.test.junit.AutoTests" name="[51] /home/travis/build/icyphy/ptII/ptolemy/actor/lib/test/auto/Clock14.xml (RunModel)" time="0.013" />
  <testcase classname="ptolemy.util.test.junit.AutoTests" name="[52] /home/travis/build/icyphy/ptII/ptolemy/actor/lib/test/auto/Clock15.xml (RunModel)" time="0.016" />
  <testcase classname="ptolemy.util.test.junit.AutoTests" name="[53] /home/travis/build/icyphy/ptII/ptolemy/actor/lib/test/auto/Clock16.xml (RunModel)" time="0.102" />
  <testcase classname="ptolemy.util.test.junit.AutoTests" name="[54] /home/travis/build/icyphy/ptII/ptolemy/actor/lib/test/auto/Clock17.xml (RunModel)" time="0.045" />
  <testcase classname="ptolemy.util.test.junit.AutoTests" name="[55] /home/travis/build/icyphy/ptII/ptolemy/actor/lib/test/auto/Clock18.xml (RunModel)" time="0.045" />
  <testcase classname="ptolemy.util.test.junit.AutoTests" name="[56] /home/travis/build/icyphy/ptII/ptolemy/actor/lib/test/auto/Clock19.xml (RunModel)" time="0.041" />
  <testcase classname="ptolemy.util.test.junit.AutoTests" name="[57] /home/travis/build/icyphy/ptII/ptolemy/actor/lib/test/auto/Clock2.xml (RunModel)" time="0.012" />
  <testcase classname="ptolemy.util.test.junit.AutoTests" name="[58] /home/travis/build/icyphy/ptII/ptolemy/actor/lib/test/auto/Clock20.xml (RunModel)" time="0.019" />
  <testcase classname="ptolemy.util.test.junit.AutoTests" name="[59] /home/travis/build/icyphy/ptII/ptolemy/actor/lib/test/auto/Clock21.xml (RunModel)" time="0.012" />
  <testcase classname="ptolemy.util.test.junit.AutoTests" name="[60] /home/travis/build/icyphy/ptII/ptolemy/actor/lib/test/auto/Clock22.xml (RunModel)" time="0.011" />
  <testcase classname="ptolemy.util.test.junit.AutoTests" name="[61] /home/travis/build/icyphy/ptII/ptolemy/actor/lib/test/auto/Clock23.xml (RunModel)" time="0.023" />
  <testcase classname="ptolemy.util.test.junit.AutoTests" name="[62] /home/travis/build/icyphy/ptII/ptolemy/actor/lib/test/auto/Clock24.xml (RunModel)" time="0.012" />
  <testcase classname="ptolemy.util.test.junit.AutoTests" name="[63] /home/travis/build/icyphy/ptII/ptolemy/actor/lib/test/auto/Clock4.xml (RunModel)" time="0.012" />
  <testcase classname="ptolemy.util.test.junit.AutoTests" name="[64] /home/travis/build/icyphy/ptII/ptolemy/actor/lib/test/auto/Clock5.xml (RunModel)" time="0.018" />
  <testcase classname="ptolemy.util.test.junit.AutoTests" name="[65] /home/travis/build/icyphy/ptII/ptolemy/actor/lib/test/auto/Clock6.xml (RunModel)" time="0.008" />
  <testcase classname="ptolemy.util.test.junit.AutoTests" name="[66] /home/travis/build/icyphy/ptII/ptolemy/actor/lib/test/auto/Clock7.xml (RunModel)" time="0.01" />
  <testcase classname="ptolemy.util.test.junit.AutoTests" name="[67] /home/travis/build/icyphy/ptII/ptolemy/actor/lib/test/auto/Clock8.xml (RunModel)" time="0.011" />
  <testcase classname="ptolemy.util.test.junit.AutoTests" name="[68] /home/travis/build/icyphy/ptII/ptolemy/actor/lib/test/auto/Clock9.xml (RunModel)" time="0.016" />
  <testcase classname="ptolemy.util.test.junit.AutoTests" name="[69] /home/travis/build/icyphy/ptII/ptolemy/actor/lib/test/auto/CommDistDiscard.xml (RunModel)" time="0.015" />
  <testcase classname="ptolemy.util.test.junit.AutoTests" name="[70] /home/travis/build/icyphy/ptII/ptolemy/actor/lib/test/auto/Commutator.xml (RunModel)" time="0.012" />
  <testcase classname="ptolemy.util.test.junit.AutoTests" name="[71] /home/travis/build/icyphy/ptII/ptolemy/actor/lib/test/auto/Commutator2.xml (RunModel)" time="0.011" />
  <testcase classname="ptolemy.util.test.junit.AutoTests" name="[72] /home/travis/build/icyphy/ptII/ptolemy/actor/lib/test/auto/Commutator3.xml (RunModel)" time="0.009" />
  <testcase classname="ptolemy.util.test.junit.AutoTests" name="[73] /home/travis/build/icyphy/ptII/ptolemy/actor/lib/test/auto/Compare.xml (RunModel)" time="0.015" />
  <testcase classname="ptolemy.util.test.junit.AutoTests" name="[74] /home/travis/build/icyphy/ptII/ptolemy/actor/lib/test/auto/CompareDE.xml (RunModel)" time="0.016" />
  <testcase classname="ptolemy.util.test.junit.AutoTests" name="[75] /home/travis/build/icyphy/ptII/ptolemy/actor/lib/test/auto/ComplexDivide.xml (RunModel)" time="0.009" />
  <testcase classname="ptolemy.util.test.junit.AutoTests" name="[76] /home/travis/build/icyphy/ptII/ptolemy/actor/lib/test/auto/ComputeHistogram.xml (RunModel)" time="0.069" />
  <testcase classname="ptolemy.util.test.junit.AutoTests" name="[77] /home/travis/build/icyphy/ptII/ptolemy/actor/lib/test/auto/ConfigurationSelect.xml (RunModel)" time="0.016" />
  <testcase classname="ptolemy.util.test.junit.AutoTests" name="[78] /home/travis/build/icyphy/ptII/ptolemy/actor/lib/test/auto/ConfigurationSelect2.xml (RunModel)" time="0.012" />
  <testcase classname="ptolemy.util.test.junit.AutoTests" name="[79] /home/travis/build/icyphy/ptII/ptolemy/actor/lib/test/auto/ConfigurationSwitch.xml (RunModel)" time="0.024" />
  <testcase classname="ptolemy.util.test.junit.AutoTests" name="[80] /home/travis/build/icyphy/ptII/ptolemy/actor/lib/test/auto/ConfigurationSwitch2.xml (RunModel)" time="0.015" />
  <testcase classname="ptolemy.util.test.junit.AutoTests" name="[81] /home/travis/build/icyphy/ptII/ptolemy/actor/lib/test/auto/ConfigurationSwitchCloningBugWithClassRelationGroup.xml (RunModel)" time="0.02" />
  <testcase classname="ptolemy.util.test.junit.AutoTests" name="[82] /home/travis/build/icyphy/ptII/ptolemy/actor/lib/test/auto/ConfigurationSwitchSelectSDF.xml (RunModel)" time="0.016" />
  <testcase classname="ptolemy.util.test.junit.AutoTests" name="[83] /home/travis/build/icyphy/ptII/ptolemy/actor/lib/test/auto/ConfigurationSwitchSelectSDF2.xml (RunModel)" time="0.018" />
  <testcase classname="ptolemy.util.test.junit.AutoTests" name="[84] /home/travis/build/icyphy/ptII/ptolemy/actor/lib/test/auto/Const.xml (RunModel)" time="0.007" />
  <testcase classname="ptolemy.util.test.junit.AutoTests" name="[85] /home/travis/build/icyphy/ptII/ptolemy/actor/lib/test/auto/Const2.xml (RunModel)" time="0.011" />
  <testcase classname="ptolemy.util.test.junit.AutoTests" name="[86] /home/travis/build/icyphy/ptII/ptolemy/actor/lib/test/auto/Const3.xml (RunModel)" time="0.007" />
  <testcase classname="ptolemy.util.test.junit.AutoTests" name="[87] /home/travis/build/icyphy/ptII/ptolemy/actor/lib/test/auto/ConstantPublisherPort1.xml (RunModel)" time="0.025" />
  <testcase classname="ptolemy.util.test.junit.AutoTests" name="[88] /home/travis/build/icyphy/ptII/ptolemy/actor/lib/test/auto/ConstantPublisherPort2.xml (RunModel)" time="0.019" />
  <testcase classname="ptolemy.util.test.junit.AutoTests" name="[89] /home/travis/build/icyphy/ptII/ptolemy/actor/lib/test/auto/ConstantPublisherPort3.xml (RunModel)" time="0.017" />
  <testcase classname="ptolemy.util.test.junit.AutoTests" name="[90] /home/travis/build/icyphy/ptII/ptolemy/actor/lib/test/auto/ConstantPublisherPort4.xml (RunModel)" time="0.016" />
  <testcase classname="ptolemy.util.test.junit.AutoTests" name="[91] /home/travis/build/icyphy/ptII/ptolemy/actor/lib/test/auto/ConstantPublisherPort5.xml (RunModel)" time="0.033" />
  <testcase classname="ptolemy.util.test.junit.AutoTests" name="[92] /home/travis/build/icyphy/ptII/ptolemy/actor/lib/test/auto/ConstantPublisherPort6.xml (RunModel)" time="0.034" />
  <testcase classname="ptolemy.util.test.junit.AutoTests" name="[93] /home/travis/build/icyphy/ptII/ptolemy/actor/lib/test/auto/ConstantPublisherPort7.xml (RunModel)" time="0.034" />
  <testcase classname="ptolemy.util.test.junit.AutoTests" name="[94] /home/travis/build/icyphy/ptII/ptolemy/actor/lib/test/auto/ConstraintMonitor1.xml (RunModel)" time="0.035" />
  <testcase classname="ptolemy.util.test.junit.AutoTests" name="[95] /home/travis/build/icyphy/ptII/ptolemy/actor/lib/test/auto/ConstraintMonitor2.xml (RunModel)" time="0.016" />
  <testcase classname="ptolemy.util.test.junit.AutoTests" name="[96] /home/travis/build/icyphy/ptII/ptolemy/actor/lib/test/auto/ConstraintMonitor3.xml (RunModel)" time="0.018" />
  <testcase classname="ptolemy.util.test.junit.AutoTests" name="[97] /home/travis/build/icyphy/ptII/ptolemy/actor/lib/test/auto/ConstraintMonitor4.xml (RunModel)" time="0.013" />
  <testcase classname="ptolemy.util.test.junit.AutoTests" name="[98] /home/travis/build/icyphy/ptII/ptolemy/actor/lib/test/auto/ConstraintMonitor5.xml (RunModel)" time="0.019" />
  <testcase classname="ptolemy.util.test.junit.AutoTests" name="[99] /home/travis/build/icyphy/ptII/ptolemy/actor/lib/test/auto/ConstraintMonitor6.xml (RunModel)" time="0.039" />
  <testcase classname="ptolemy.util.test.junit.AutoTests" name="[100] /home/travis/build/icyphy/ptII/ptolemy/actor/lib/test/auto/ConstraintMonitor7.xml (RunModel)" time="0.021" />
  <testcase classname="ptolemy.util.test.junit.AutoTests" name="[101] /home/travis/build/icyphy/ptII/ptolemy/actor/lib/test/auto/ConstraintMonitor8.xml (RunModel)" time="0.019" />
  <testcase classname="ptolemy.util.test.junit.AutoTests" name="[102] /home/travis/build/icyphy/ptII/ptolemy/actor/lib/test/auto/Counter.xml (RunModel)" time="0.012" />
  <testcase classname="ptolemy.util.test.junit.AutoTests" name="[103] /home/travis/build/icyphy/ptII/ptolemy/actor/lib/test/auto/CurrentTimeSDF.xml (RunModel)" time="0.008" />
  <testcase classname="ptolemy.util.test.junit.AutoTests" name="[104] /home/travis/build/icyphy/ptII/ptolemy/actor/lib/test/auto/DB.xml (RunModel)" time="0.011" />
  <testcase classname="ptolemy.util.test.junit.AutoTests" name="[105] /home/travis/build/icyphy/ptII/ptolemy/actor/lib/test/auto/DBDE.xml (RunModel)" time="0.012" />
  <testcase classname="ptolemy.util.test.junit.AutoTests" name="[106] /home/travis/build/icyphy/ptII/ptolemy/actor/lib/test/auto/DateConstructor.xml (RunModel)" time="0.047" />
  <testcase classname="ptolemy.util.test.junit.AutoTests" name="[107] /home/travis/build/icyphy/ptII/ptolemy/actor/lib/test/auto/DelayTime.xml (RunModel)" time="0.021" />
  <testcase classname="ptolemy.util.test.junit.AutoTests" name="[108] /home/travis/build/icyphy/ptII/ptolemy/actor/lib/test/auto/Dictionary1.xml (RunModel)" time="0.019" />
  <testcase classname="ptolemy.util.test.junit.AutoTests" name="[109] /home/travis/build/icyphy/ptII/ptolemy/actor/lib/test/auto/Dictionary2.xml (RunModel)" time="0.016" />
  <testcase classname="ptolemy.util.test.junit.AutoTests" name="[110] /home/travis/build/icyphy/ptII/ptolemy/actor/lib/test/auto/Dictionary3.xml (RunModel)" time="0.01" />
  <testcase classname="ptolemy.util.test.junit.AutoTests" name="[111] /home/travis/build/icyphy/ptII/ptolemy/actor/lib/test/auto/Dictionary4.xml (RunModel)" time="0.018" />
  <testcase classname="ptolemy.util.test.junit.AutoTests" name="[112] /home/travis/build/icyphy/ptII/ptolemy/actor/lib/test/auto/Differential.xml (RunModel)" time="0.012" />
  <testcase classname="ptolemy.util.test.junit.AutoTests" name="[113] /home/travis/build/icyphy/ptII/ptolemy/actor/lib/test/auto/Director.xml (RunModel)" time="0.008" />
  <testcase classname="ptolemy.util.test.junit.AutoTests" name="[114] /home/travis/build/icyphy/ptII/ptolemy/actor/lib/test/auto/DiscreteClock.xml (RunModel)" time="0.008" />
  <testcase classname="ptolemy.util.test.junit.AutoTests" name="[115] /home/travis/build/icyphy/ptII/ptolemy/actor/lib/test/auto/DiscreteClock10.xml (RunModel)" time="0.012" />
  <testcase classname="ptolemy.util.test.junit.AutoTests" name="[116] /home/travis/build/icyphy/ptII/ptolemy/actor/lib/test/auto/DiscreteClock11.xml (RunModel)" time="0.01" />
  <testcase classname="ptolemy.util.test.junit.AutoTests" name="[117] /home/travis/build/icyphy/ptII/ptolemy/actor/lib/test/auto/DiscreteClock12.xml (RunModel)" time="0.012" />
  <testcase classname="ptolemy.util.test.junit.AutoTests" name="[118] /home/travis/build/icyphy/ptII/ptolemy/actor/lib/test/auto/DiscreteClock13.xml (RunModel)" time="0.019" />
  <testcase classname="ptolemy.util.test.junit.AutoTests" name="[119] /home/travis/build/icyphy/ptII/ptolemy/actor/lib/test/auto/DiscreteClock14.xml (RunModel)" time="0.015" />
  <testcase classname="ptolemy.util.test.junit.AutoTests" name="[120] /home/travis/build/icyphy/ptII/ptolemy/actor/lib/test/auto/DiscreteClock15.xml (RunModel)" time="0.019" />
  <testcase classname="ptolemy.util.test.junit.AutoTests" name="[121] /home/travis/build/icyphy/ptII/ptolemy/actor/lib/test/auto/DiscreteClock16.xml (RunModel)" time="0.539" />
  <testcase classname="ptolemy.util.test.junit.AutoTests" name="[122] /home/travis/build/icyphy/ptII/ptolemy/actor/lib/test/auto/DiscreteClock17.xml (RunModel)" time="0.036" />
  <testcase classname="ptolemy.util.test.junit.AutoTests" name="[123] /home/travis/build/icyphy/ptII/ptolemy/actor/lib/test/auto/DiscreteClock18.xml (RunModel)" time="0.034" />
  <testcase classname="ptolemy.util.test.junit.AutoTests" name="[124] /home/travis/build/icyphy/ptII/ptolemy/actor/lib/test/auto/DiscreteClock19.xml (RunModel)" time="0.035" />
  <testcase classname="ptolemy.util.test.junit.AutoTests" name="[125] /home/travis/build/icyphy/ptII/ptolemy/actor/lib/test/auto/DiscreteClock2.xml (RunModel)" time="0.011" />
  <testcase classname="ptolemy.util.test.junit.AutoTests" name="[126] /home/travis/build/icyphy/ptII/ptolemy/actor/lib/test/auto/DiscreteClock20.xml (RunModel)" time="0.01" />
  <testcase classname="ptolemy.util.test.junit.AutoTests" name="[127] /home/travis/build/icyphy/ptII/ptolemy/actor/lib/test/auto/DiscreteClock21.xml (RunModel)" time="0.01" />
  <testcase classname="ptolemy.util.test.junit.AutoTests" name="[128] /home/travis/build/icyphy/ptII/ptolemy/actor/lib/test/auto/DiscreteClock22.xml (RunModel)" time="0.011" />
  <testcase classname="ptolemy.util.test.junit.AutoTests" name="[129] /home/travis/build/icyphy/ptII/ptolemy/actor/lib/test/auto/DiscreteClock23.xml (RunModel)" time="0.018" />
  <testcase classname="ptolemy.util.test.junit.AutoTests" name="[130] /home/travis/build/icyphy/ptII/ptolemy/actor/lib/test/auto/DiscreteClock24.xml (RunModel)" time="0.013" />
  <testcase classname="ptolemy.util.test.junit.AutoTests" name="[131] /home/travis/build/icyphy/ptII/ptolemy/actor/lib/test/auto/DiscreteClock4.xml (RunModel)" time="0.015" />
  <testcase classname="ptolemy.util.test.junit.AutoTests" name="[132] /home/travis/build/icyphy/ptII/ptolemy/actor/lib/test/auto/DiscreteClock5.xml (RunModel)" time="0.013" />
  <testcase classname="ptolemy.util.test.junit.AutoTests" name="[133] /home/travis/build/icyphy/ptII/ptolemy/actor/lib/test/auto/DiscreteClock6.xml (RunModel)" time="0.007" />
  <testcase classname="ptolemy.util.test.junit.AutoTests" name="[134] /home/travis/build/icyphy/ptII/ptolemy/actor/lib/test/auto/DiscreteClock7.xml (RunModel)" time="0.015" />
  <testcase classname="ptolemy.util.test.junit.AutoTests" name="[135] /home/travis/build/icyphy/ptII/ptolemy/actor/lib/test/auto/DiscreteClock8.xml (RunModel)" time="0.01" />
  <testcase classname="ptolemy.util.test.junit.AutoTests" name="[136] /home/travis/build/icyphy/ptII/ptolemy/actor/lib/test/auto/DiscreteClock9.xml (RunModel)" time="0.009" />
  <testcase classname="ptolemy.util.test.junit.AutoTests" name="[137] /home/travis/build/icyphy/ptII/ptolemy/actor/lib/test/auto/DisplayArray.xml (RunModel)" time="0.024" />
  <testcase classname="ptolemy.util.test.junit.AutoTests" name="[138] /home/travis/build/icyphy/ptII/ptolemy/actor/lib/test/auto/Distributor.xml (RunModel)" time="0.008" />
  <testcase classname="ptolemy.util.test.junit.AutoTests" name="[139] /home/travis/build/icyphy/ptII/ptolemy/actor/lib/test/auto/Distributor2.xml (RunModel)" time="0.013" />
  <testcase classname="ptolemy.util.test.junit.AutoTests" name="[140] /home/travis/build/icyphy/ptII/ptolemy/actor/lib/test/auto/DownSample.xml (RunModel)" time="0.028" />
  <testcase classname="ptolemy.util.test.junit.AutoTests" name="[141] /home/travis/build/icyphy/ptII/ptolemy/actor/lib/test/auto/ElectronicUnitBase1.xml (RunModel)" time="0.046" />
  <testcase classname="ptolemy.util.test.junit.AutoTests" name="[142] /home/travis/build/icyphy/ptII/ptolemy/actor/lib/test/auto/ElementsToArray.xml (RunModel)" time="0.015" />
  <testcase classname="ptolemy.util.test.junit.AutoTests" name="[143] /home/travis/build/icyphy/ptII/ptolemy/actor/lib/test/auto/Equals.xml (RunModel)" time="0.012" />
  <testcase classname="ptolemy.util.test.junit.AutoTests" name="[144] /home/travis/build/icyphy/ptII/ptolemy/actor/lib/test/auto/Exec.xml (RunModel)" time="0.016" />
  <testcase classname="ptolemy.util.test.junit.AutoTests" name="[145] /home/travis/build/icyphy/ptII/ptolemy/actor/lib/test/auto/ExecEnvironment.xml (RunModel)" time="0.032" />
  <testcase classname="ptolemy.util.test.junit.AutoTests" name="[146] /home/travis/build/icyphy/ptII/ptolemy/actor/lib/test/auto/ExecNonZeroReturnOutput.xml (RunModel)" time="0.132" />
  <testcase classname="ptolemy.util.test.junit.AutoTests" name="[147] /home/travis/build/icyphy/ptII/ptolemy/actor/lib/test/auto/ExecRunDemos.xml (RunModel)" time="9.057" />
  <testcase classname="ptolemy.util.test.junit.AutoTests" name="[148] /home/travis/build/icyphy/ptII/ptolemy/actor/lib/test/auto/ExecStop.xml (RunModel)" time="5.037" />
  <testcase classname="ptolemy.util.test.junit.AutoTests" name="[149] /home/travis/build/icyphy/ptII/ptolemy/actor/lib/test/auto/ExecutionTimeSDF.xml (RunModel)" time="6.033" />
  <testcase classname="ptolemy.util.test.junit.AutoTests" name="[150] /home/travis/build/icyphy/ptII/ptolemy/actor/lib/test/auto/Expression1.xml (RunModel)" time="0.009" />
  <testcase classname="ptolemy.util.test.junit.AutoTests" name="[151] /home/travis/build/icyphy/ptII/ptolemy/actor/lib/test/auto/Expression10.xml (RunModel)" time="0.021" />
  <testcase classname="ptolemy.util.test.junit.AutoTests" name="[152] /home/travis/build/icyphy/ptII/ptolemy/actor/lib/test/auto/Expression11.xml (RunModel)" time="0.013" />
  <testcase classname="ptolemy.util.test.junit.AutoTests" name="[153] /home/travis/build/icyphy/ptII/ptolemy/actor/lib/test/auto/Expression12.xml (RunModel)" time="0.011" />
  <testcase classname="ptolemy.util.test.junit.AutoTests" name="[154] /home/travis/build/icyphy/ptII/ptolemy/actor/lib/test/auto/Expression13.xml (RunModel)" time="0.011" />
  <testcase classname="ptolemy.util.test.junit.AutoTests" name="[155] /home/travis/build/icyphy/ptII/ptolemy/actor/lib/test/auto/Expression14.xml (RunModel)" time="0.015" />
  <testcase classname="ptolemy.util.test.junit.AutoTests" name="[156] /home/travis/build/icyphy/ptII/ptolemy/actor/lib/test/auto/Expression15.xml (RunModel)" time="0.008" />
  <testcase classname="ptolemy.util.test.junit.AutoTests" name="[157] /home/travis/build/icyphy/ptII/ptolemy/actor/lib/test/auto/Expression16.xml (RunModel)" time="0.012" />
  <testcase classname="ptolemy.util.test.junit.AutoTests" name="[158] /home/travis/build/icyphy/ptII/ptolemy/actor/lib/test/auto/Expression17.xml (RunModel)" time="0.011" />
  <testcase classname="ptolemy.util.test.junit.AutoTests" name="[159] /home/travis/build/icyphy/ptII/ptolemy/actor/lib/test/auto/Expression18.xml (RunModel)" time="0.012" />
  <testcase classname="ptolemy.util.test.junit.AutoTests" name="[160] /home/travis/build/icyphy/ptII/ptolemy/actor/lib/test/auto/Expression2.xml (RunModel)" time="0.012" />
  <testcase classname="ptolemy.util.test.junit.AutoTests" name="[161] /home/travis/build/icyphy/ptII/ptolemy/actor/lib/test/auto/Expression3.xml (RunModel)" time="0.01" />
  <testcase classname="ptolemy.util.test.junit.AutoTests" name="[162] /home/travis/build/icyphy/ptII/ptolemy/actor/lib/test/auto/Expression4.xml (RunModel)" time="0.029" />
  <testcase classname="ptolemy.util.test.junit.AutoTests" name="[163] /home/travis/build/icyphy/ptII/ptolemy/actor/lib/test/auto/Expression5.xml (RunModel)" time="0.01" />
  <testcase classname="ptolemy.util.test.junit.AutoTests" name="[164] /home/travis/build/icyphy/ptII/ptolemy/actor/lib/test/auto/Expression6.xml (RunModel)" time="0.007" />
  <testcase classname="ptolemy.util.test.junit.AutoTests" name="[165] /home/travis/build/icyphy/ptII/ptolemy/actor/lib/test/auto/Expression7.xml (RunModel)" time="0.008" />
  <testcase classname="ptolemy.util.test.junit.AutoTests" name="[166] /home/travis/build/icyphy/ptII/ptolemy/actor/lib/test/auto/Expression8.xml (RunModel)" time="0.015" />
  <testcase classname="ptolemy.util.test.junit.AutoTests" name="[167] /home/travis/build/icyphy/ptII/ptolemy/actor/lib/test/auto/Expression9.xml (RunModel)" time="0.007" />
  <testcase classname="ptolemy.util.test.junit.AutoTests" name="[168] /home/travis/build/icyphy/ptII/ptolemy/actor/lib/test/auto/ExpressionConcatenateArrayType.xml (RunModel)" time="0.022" />
  <testcase classname="ptolemy.util.test.junit.AutoTests" name="[169] /home/travis/build/icyphy/ptII/ptolemy/actor/lib/test/auto/ExpressionConcatenateArrayType2.xml (RunModel)" time="0.014" />
  <testcase classname="ptolemy.util.test.junit.AutoTests" name="[170] /home/travis/build/icyphy/ptII/ptolemy/actor/lib/test/auto/ExpressionFix.xml (RunModel)" time="0.022" />
  <testcase classname="ptolemy.util.test.junit.AutoTests" name="[171] /home/travis/build/icyphy/ptII/ptolemy/actor/lib/test/auto/ExpressionFix2.xml (RunModel)" time="0.009" />
  <testcase classname="ptolemy.util.test.junit.AutoTests" name="[172] /home/travis/build/icyphy/ptII/ptolemy/actor/lib/test/auto/ExpressionFix3.xml (RunModel)" time="0.009" />
  <testcase classname="ptolemy.util.test.junit.AutoTests" name="[173] /home/travis/build/icyphy/ptII/ptolemy/actor/lib/test/auto/FileWriter1.xml (RunModel)" time="0.008" />
  <testcase classname="ptolemy.util.test.junit.AutoTests" name="[174] /home/travis/build/icyphy/ptII/ptolemy/actor/lib/test/auto/FileWriter2.xml (RunModel)" time="0.009" />
  <testcase classname="ptolemy.util.test.junit.AutoTests" name="[175] /home/travis/build/icyphy/ptII/ptolemy/actor/lib/test/auto/FileWriter3.xml (RunModel)" time="0.013" />
  <testcase classname="ptolemy.util.test.junit.AutoTests" name="[176] /home/travis/build/icyphy/ptII/ptolemy/actor/lib/test/auto/Gaussian.xml (RunModel)" time="0.008" />
  <testcase classname="ptolemy.util.test.junit.AutoTests" name="[177] /home/travis/build/icyphy/ptII/ptolemy/actor/lib/test/auto/Gaussian1.xml (RunModel)" time="0.012" />
  <testcase classname="ptolemy.util.test.junit.AutoTests" name="[178] /home/travis/build/icyphy/ptII/ptolemy/actor/lib/test/auto/Gaussian2.xml (RunModel)" time="0.014" />
  <testcase classname="ptolemy.util.test.junit.AutoTests" name="[179] /home/travis/build/icyphy/ptII/ptolemy/actor/lib/test/auto/GradientAdaptiveLattice.xml (RunModel)" time="0.012" />
  <testcase classname="ptolemy.util.test.junit.AutoTests" name="[180] /home/travis/build/icyphy/ptII/ptolemy/actor/lib/test/auto/IIR.xml (RunModel)" time="0.008" />
  <testcase classname="ptolemy.util.test.junit.AutoTests" name="[181] /home/travis/build/icyphy/ptII/ptolemy/actor/lib/test/auto/InputOutputTransparentPorts.xml (RunModel)" time="0.014" />
  <testcase classname="ptolemy.util.test.junit.AutoTests" name="[182] /home/travis/build/icyphy/ptII/ptolemy/actor/lib/test/auto/Interpolator.xml (RunModel)" time="0.01" />
  <testcase classname="ptolemy.util.test.junit.AutoTests" name="[183] /home/travis/build/icyphy/ptII/ptolemy/actor/lib/test/auto/InterpolatorFiringLimitDE.xml (RunModel)" time="0.013" />
  <testcase classname="ptolemy.util.test.junit.AutoTests" name="[184] /home/travis/build/icyphy/ptII/ptolemy/actor/lib/test/auto/Lattice.xml (RunModel)" time="0.008" />
  <testcase classname="ptolemy.util.test.junit.AutoTests" name="[185] /home/travis/build/icyphy/ptII/ptolemy/actor/lib/test/auto/LazyAOCTestLazy.xml (RunModel)" time="0.022" />
  <testcase classname="ptolemy.util.test.junit.AutoTests" name="[186] /home/travis/build/icyphy/ptII/ptolemy/actor/lib/test/auto/LazyAOCTestNonLazy.xml (RunModel)" time="0.04" />
  <testcase classname="ptolemy.util.test.junit.AutoTests" name="[187] /home/travis/build/icyphy/ptII/ptolemy/actor/lib/test/auto/LazyInnerClass.xml (RunModel)" time="0.039" />
  <testcase classname="ptolemy.util.test.junit.AutoTests" name="[188] /home/travis/build/icyphy/ptII/ptolemy/actor/lib/test/auto/LazyPubSub.xml (RunModel)" time="0.052" />
  <testcase classname="ptolemy.util.test.junit.AutoTests" name="[189] /home/travis/build/icyphy/ptII/ptolemy/actor/lib/test/auto/LazyPubSub2.xml (RunModel)" time="0.047" />
  <testcase classname="ptolemy.util.test.junit.AutoTests" name="[190] /home/travis/build/icyphy/ptII/ptolemy/actor/lib/test/auto/LazyPubSub3.xml (RunModel)" time="0.048" />
  <testcase classname="ptolemy.util.test.junit.AutoTests" name="[191] /home/travis/build/icyphy/ptII/ptolemy/actor/lib/test/auto/LazySubClassModel.xml (RunModel)" time="0.017" />
  <testcase classname="ptolemy.util.test.junit.AutoTests" name="[192] /home/travis/build/icyphy/ptII/ptolemy/actor/lib/test/auto/LevelCrossTest1.xml (RunModel)" time="0.023" />
  <testcase classname="ptolemy.util.test.junit.AutoTests" name="[193] /home/travis/build/icyphy/ptII/ptolemy/actor/lib/test/auto/LevelCrossTest10.xml (RunModel)" time="0.018" />
  <testcase classname="ptolemy.util.test.junit.AutoTests" name="[194] /home/travis/build/icyphy/ptII/ptolemy/actor/lib/test/auto/LevelCrossTest11.xml (RunModel)" time="0.011" />
  <testcase classname="ptolemy.util.test.junit.AutoTests" name="[195] /home/travis/build/icyphy/ptII/ptolemy/actor/lib/test/auto/LevelCrossTest12.xml (RunModel)" time="0.015" />
  <testcase classname="ptolemy.util.test.junit.AutoTests" name="[196] /home/travis/build/icyphy/ptII/ptolemy/actor/lib/test/auto/LevelCrossTest13.xml (RunModel)" time="0.013" />
  <testcase classname="ptolemy.util.test.junit.AutoTests" name="[197] /home/travis/build/icyphy/ptII/ptolemy/actor/lib/test/auto/LevelCrossTest2.xml (RunModel)" time="0.011" />
  <testcase classname="ptolemy.util.test.junit.AutoTests" name="[198] /home/travis/build/icyphy/ptII/ptolemy/actor/lib/test/auto/LevelCrossTest3.xml (RunModel)" time="0.01" />
  <testcase classname="ptolemy.util.test.junit.AutoTests" name="[199] /home/travis/build/icyphy/ptII/ptolemy/actor/lib/test/auto/LevelCrossTest4.xml (RunModel)" time="0.01" />
  <testcase classname="ptolemy.util.test.junit.AutoTests" name="[200] /home/travis/build/icyphy/ptII/ptolemy/actor/lib/test/auto/LevelCrossTest5.xml (RunModel)" time="0.013" />
  <testcase classname="ptolemy.util.test.junit.AutoTests" name="[201] /home/travis/build/icyphy/ptII/ptolemy/actor/lib/test/auto/LevelCrossTest6.xml (RunModel)" time="0.013" />
  <testcase classname="ptolemy.util.test.junit.AutoTests" name="[202] /home/travis/build/icyphy/ptII/ptolemy/actor/lib/test/auto/LevelCrossTest7.xml (RunModel)" time="0.02" />
  <testcase classname="ptolemy.util.test.junit.AutoTests" name="[203] /home/travis/build/icyphy/ptII/ptolemy/actor/lib/test/auto/LevelCrossTest8.xml (RunModel)" time="0.012" />
  <testcase classname="ptolemy.util.test.junit.AutoTests" name="[204] /home/travis/build/icyphy/ptII/ptolemy/actor/lib/test/auto/LevelCrossTest9.xml (RunModel)" time="0.013" />
  <testcase classname="ptolemy.util.test.junit.AutoTests" name="[205] /home/travis/build/icyphy/ptII/ptolemy/actor/lib/test/auto/LevinsonDurbin.xml (RunModel)" time="0.013" />
  <testcase classname="ptolemy.util.test.junit.AutoTests" name="[206] /home/travis/build/icyphy/ptII/ptolemy/actor/lib/test/auto/LevinsonDurbin2.xml (RunModel)" time="0.008" />
  <testcase classname="ptolemy.util.test.junit.AutoTests" name="[207] /home/travis/build/icyphy/ptII/ptolemy/actor/lib/test/auto/LevinsonDurbin3.xml (RunModel)" time="0.008" />
  <testcase classname="ptolemy.util.test.junit.AutoTests" name="[208] /home/travis/build/icyphy/ptII/ptolemy/actor/lib/test/auto/Limiter.xml (RunModel)" time="0.031" />
  <testcase classname="ptolemy.util.test.junit.AutoTests" name="[209] /home/travis/build/icyphy/ptII/ptolemy/actor/lib/test/auto/LinearDifferenceEquationSystem.xml (RunModel)" time="0.019" />
  <testcase classname="ptolemy.util.test.junit.AutoTests" name="[210] /home/travis/build/icyphy/ptII/ptolemy/actor/lib/test/auto/LookupTable.xml (RunModel)" time="0.013" />
  <testcase classname="ptolemy.util.test.junit.AutoTests" name="[211] /home/travis/build/icyphy/ptII/ptolemy/actor/lib/test/auto/MathFunction.xml (RunModel)" time="0.029" />
  <testcase classname="ptolemy.util.test.junit.AutoTests" name="[212] /home/travis/build/icyphy/ptII/ptolemy/actor/lib/test/auto/MathFunction2.xml (RunModel)" time="0.017" />
  <testcase classname="ptolemy.util.test.junit.AutoTests" name="[213] /home/travis/build/icyphy/ptII/ptolemy/actor/lib/test/auto/MathFunction3.xml (RunModel)" time="0.016" />
  <testcase classname="ptolemy.util.test.junit.AutoTests" name="[214] /home/travis/build/icyphy/ptII/ptolemy/actor/lib/test/auto/MatrixCropBoolean.xml (RunModel)" time="0.011" />
  <testcase classname="ptolemy.util.test.junit.AutoTests" name="[215] /home/travis/build/icyphy/ptII/ptolemy/actor/lib/test/auto/MatrixCropComplex.xml (RunModel)" time="0.008" />
  <testcase classname="ptolemy.util.test.junit.AutoTests" name="[216] /home/travis/build/icyphy/ptII/ptolemy/actor/lib/test/auto/MatrixCropDouble.xml (RunModel)" time="0.008" />
  <testcase classname="ptolemy.util.test.junit.AutoTests" name="[217] /home/travis/build/icyphy/ptII/ptolemy/actor/lib/test/auto/MatrixCropFix.xml (RunModel)" time="0.009" />
  <testcase classname="ptolemy.util.test.junit.AutoTests" name="[218] /home/travis/build/icyphy/ptII/ptolemy/actor/lib/test/auto/MatrixCropInt.xml (RunModel)" time="0.007" />
  <testcase classname="ptolemy.util.test.junit.AutoTests" name="[219] /home/travis/build/icyphy/ptII/ptolemy/actor/lib/test/auto/MatrixCropLong.xml (RunModel)" time="0.008" />
  <testcase classname="ptolemy.util.test.junit.AutoTests" name="[220] /home/travis/build/icyphy/ptII/ptolemy/actor/lib/test/auto/MatrixToArray.xml (RunModel)" time="0.038" />
  <testcase classname="ptolemy.util.test.junit.AutoTests" name="[221] /home/travis/build/icyphy/ptII/ptolemy/actor/lib/test/auto/MaxIndex.xml (RunModel)" time="0.009" />
  <testcase classname="ptolemy.util.test.junit.AutoTests" name="[222] /home/travis/build/icyphy/ptII/ptolemy/actor/lib/test/auto/Maximum.xml (RunModel)" time="0.01" />
  <testcase classname="ptolemy.util.test.junit.AutoTests" name="[223] /home/travis/build/icyphy/ptII/ptolemy/actor/lib/test/auto/MaximumComplex.xml (RunModel)" time="0.011" />
  <testcase classname="ptolemy.util.test.junit.AutoTests" name="[224] /home/travis/build/icyphy/ptII/ptolemy/actor/lib/test/auto/MethodCallTest.xml (RunModel)" time="0.016" />
  <testcase classname="ptolemy.util.test.junit.AutoTests" name="[225] /home/travis/build/icyphy/ptII/ptolemy/actor/lib/test/auto/Minimum.xml (RunModel)" time="0.011" />
  <testcase classname="ptolemy.util.test.junit.AutoTests" name="[226] /home/travis/build/icyphy/ptII/ptolemy/actor/lib/test/auto/MinimumComplex.xml (RunModel)" time="0.011" />
  <testcase classname="ptolemy.util.test.junit.AutoTests" name="[227] /home/travis/build/icyphy/ptII/ptolemy/actor/lib/test/auto/MinimumMultiports.xml (RunModel)" time="0.016" />
  <testcase classname="ptolemy.util.test.junit.AutoTests" name="[228] /home/travis/build/icyphy/ptII/ptolemy/actor/lib/test/auto/ModifyDate.xml (RunModel)" time="0.033" />
  <testcase classname="ptolemy.util.test.junit.AutoTests" name="[229] /home/travis/build/icyphy/ptII/ptolemy/actor/lib/test/auto/ModifyDate2.xml (RunModel)" time="0.023" />
  <testcase classname="ptolemy.util.test.junit.AutoTests" name="[230] /home/travis/build/icyphy/ptII/ptolemy/actor/lib/test/auto/MovingAverage.xml (RunModel)" time="0.01" />
  <testcase classname="ptolemy.util.test.junit.AutoTests" name="[231] /home/travis/build/icyphy/ptII/ptolemy/actor/lib/test/auto/MovingMaximum.xml (RunModel)" time="0.009" />
  <testcase classname="ptolemy.util.test.junit.AutoTests" name="[232] /home/travis/build/icyphy/ptII/ptolemy/actor/lib/test/auto/MultipleLinksToSameRelation.xml (RunModel)" time="0.007" />
  <testcase classname="ptolemy.util.test.junit.AutoTests" name="[233] /home/travis/build/icyphy/ptII/ptolemy/actor/lib/test/auto/MultipleLinksToSameRelationDE.xml (RunModel)" time="0.008" />
  <testcase classname="ptolemy.util.test.junit.AutoTests" name="[234] /home/travis/build/icyphy/ptII/ptolemy/actor/lib/test/auto/Multiplexor.xml (RunModel)" time="0.011" />
  <testcase classname="ptolemy.util.test.junit.AutoTests" name="[235] /home/travis/build/icyphy/ptII/ptolemy/actor/lib/test/auto/Multiplexor1.xml (RunModel)" time="0.011" />
  <testcase classname="ptolemy.util.test.junit.AutoTests" name="[236] /home/travis/build/icyphy/ptII/ptolemy/actor/lib/test/auto/Multiplexor2.xml (RunModel)" time="0.012" />
  <testcase classname="ptolemy.util.test.junit.AutoTests" name="[237] /home/travis/build/icyphy/ptII/ptolemy/actor/lib/test/auto/Multiplexor3.xml (RunModel)" time="0.007" />
  <testcase classname="ptolemy.util.test.junit.AutoTests" name="[238] /home/travis/build/icyphy/ptII/ptolemy/actor/lib/test/auto/MultiplexorDE.xml (RunModel)" time="0.016" />
  <testcase classname="ptolemy.util.test.junit.AutoTests" name="[239] /home/travis/build/icyphy/ptII/ptolemy/actor/lib/test/auto/MultiportBroadcastTest.xml (RunModel)" time="0.086" />
  <testcase classname="ptolemy.util.test.junit.AutoTests" name="[240] /home/travis/build/icyphy/ptII/ptolemy/actor/lib/test/auto/MultiportOutHangDuringGetWidth.xml (RunModel)" time="0.032" />
  <testcase classname="ptolemy.util.test.junit.AutoTests" name="[241] /home/travis/build/icyphy/ptII/ptolemy/actor/lib/test/auto/NilToken.xml (RunModel)" time="0.015" />
  <testcase classname="ptolemy.util.test.junit.AutoTests" name="[242] /home/travis/build/icyphy/ptII/ptolemy/actor/lib/test/auto/NilTokenNonStrictTest.xml (RunModel)" time="0.011" />
  <testcase classname="ptolemy.util.test.junit.AutoTests" name="[243] /home/travis/build/icyphy/ptII/ptolemy/actor/lib/test/auto/NilTokenRecord.xml (RunModel)" time="0.02" />
  <testcase classname="ptolemy.util.test.junit.AutoTests" name="[244] /home/travis/build/icyphy/ptII/ptolemy/actor/lib/test/auto/NilTokenTypeTest.xml (RunModel)" time="0.025" />
  <testcase classname="ptolemy.util.test.junit.AutoTests" name="[245] /home/travis/build/icyphy/ptII/ptolemy/actor/lib/test/auto/ObjectToken1.xml (RunModel)" time="0.006" />
  <testcase classname="ptolemy.util.test.junit.AutoTests" name="[246] /home/travis/build/icyphy/ptII/ptolemy/actor/lib/test/auto/OrderedMerge.xml (RunModel)" time="0.011" />
  <testcase classname="ptolemy.util.test.junit.AutoTests" name="[247] /home/travis/build/icyphy/ptII/ptolemy/actor/lib/test/auto/OrderedRecordDisassembler.xml (RunModel)" time="0.013" />
  <testcase classname="ptolemy.util.test.junit.AutoTests" name="[248] /home/travis/build/icyphy/ptII/ptolemy/actor/lib/test/auto/OrderedRecordDisassembler2.xml (RunModel)" time="0.023" />
  <testcase classname="ptolemy.util.test.junit.AutoTests" name="[249] /home/travis/build/icyphy/ptII/ptolemy/actor/lib/test/auto/OrderedRecordUpdater.xml (RunModel)" time="0.01" />
  <testcase classname="ptolemy.util.test.junit.AutoTests" name="[250] /home/travis/build/icyphy/ptII/ptolemy/actor/lib/test/auto/OrderedRecordUpdater2.xml (RunModel)" time="0.015" />
  <testcase classname="ptolemy.util.test.junit.AutoTests" name="[251] /home/travis/build/icyphy/ptII/ptolemy/actor/lib/test/auto/PhaseUnwrap.xml (RunModel)" time="0.009" />
  <testcase classname="ptolemy.util.test.junit.AutoTests" name="[252] /home/travis/build/icyphy/ptII/ptolemy/actor/lib/test/auto/PoissonClock.xml (RunModel)" time="0.009" />
  <testcase classname="ptolemy.util.test.junit.AutoTests" name="[253] /home/travis/build/icyphy/ptII/ptolemy/actor/lib/test/auto/PoissonClock2.xml (RunModel)" time="0.007" />
  <testcase classname="ptolemy.util.test.junit.AutoTests" name="[254] /home/travis/build/icyphy/ptII/ptolemy/actor/lib/test/auto/PoissonClock3.xml (RunModel)" time="0.013" />
  <testcase classname="ptolemy.util.test.junit.AutoTests" name="[255] /home/travis/build/icyphy/ptII/ptolemy/actor/lib/test/auto/PubSubWithInitialTokens.xml (RunModel)" time="0.012" />
  <testcase classname="ptolemy.util.test.junit.AutoTests" name="[256] /home/travis/build/icyphy/ptII/ptolemy/actor/lib/test/auto/PubSubWithInitialTokens2.xml (RunModel)" time="0.009" />
  <testcase classname="ptolemy.util.test.junit.AutoTests" name="[257] /home/travis/build/icyphy/ptII/ptolemy/actor/lib/test/auto/PublisherClassNoParameter.xml (RunModel)" time="0.019" />
  <testcase classname="ptolemy.util.test.junit.AutoTests" name="[258] /home/travis/build/icyphy/ptII/ptolemy/actor/lib/test/auto/PublisherClassParameter.xml (RunModel)" time="0.019" />
  <testcase classname="ptolemy.util.test.junit.AutoTests" name="[259] /home/travis/build/icyphy/ptII/ptolemy/actor/lib/test/auto/PublisherNonStrictTest.xml (RunModel)" time="0.014" />
  <testcase classname="ptolemy.util.test.junit.AutoTests" name="[260] /home/travis/build/icyphy/ptII/ptolemy/actor/lib/test/auto/PublisherPort1.xml (RunModel)" time="0.018" />
  <testcase classname="ptolemy.util.test.junit.AutoTests" name="[261] /home/travis/build/icyphy/ptII/ptolemy/actor/lib/test/auto/PublisherPort2.xml (RunModel)" time="0.014" />
  <testcase classname="ptolemy.util.test.junit.AutoTests" name="[262] /home/travis/build/icyphy/ptII/ptolemy/actor/lib/test/auto/PublisherPort3.xml (RunModel)" time="0.009" />
  <testcase classname="ptolemy.util.test.junit.AutoTests" name="[263] /home/travis/build/icyphy/ptII/ptolemy/actor/lib/test/auto/PublisherPort4.xml (RunModel)" time="0.01" />
  <testcase classname="ptolemy.util.test.junit.AutoTests" name="[264] /home/travis/build/icyphy/ptII/ptolemy/actor/lib/test/auto/PublisherPort5.xml (RunModel)" time="0.013" />
  <testcase classname="ptolemy.util.test.junit.AutoTests" name="[265] /home/travis/build/icyphy/ptII/ptolemy/actor/lib/test/auto/PublisherPort5LookAlike.xml (RunModel)" time="0.015" />
  <testcase classname="ptolemy.util.test.junit.AutoTests" name="[266] /home/travis/build/icyphy/ptII/ptolemy/actor/lib/test/auto/PublisherPort6.xml (RunModel)" time="0.011" />
  <testcase classname="ptolemy.util.test.junit.AutoTests" name="[267] /home/travis/build/icyphy/ptII/ptolemy/actor/lib/test/auto/PublisherPort7.xml (RunModel)" time="0.013" />
  <testcase classname="ptolemy.util.test.junit.AutoTests" name="[268] /home/travis/build/icyphy/ptII/ptolemy/actor/lib/test/auto/PublisherPort8.xml (RunModel)" time="0.013" />
  <testcase classname="ptolemy.util.test.junit.AutoTests" name="[269] /home/travis/build/icyphy/ptII/ptolemy/actor/lib/test/auto/PublisherPortSubscriberChannelVariablesAOC2.xml (RunModel)" time="0.029" />
  <testcase classname="ptolemy.util.test.junit.AutoTests" name="[270] /home/travis/build/icyphy/ptII/ptolemy/actor/lib/test/auto/PublisherPortSubscriberOpaqueWidthInference.xml (RunModel)" time="0.013" />
  <testcase classname="ptolemy.util.test.junit.AutoTests" name="[271] /home/travis/build/icyphy/ptII/ptolemy/actor/lib/test/auto/PublisherPortSubscriberPortAdjacent.xml (RunModel)" time="0.016" />
  <testcase classname="ptolemy.util.test.junit.AutoTests" name="[272] /home/travis/build/icyphy/ptII/ptolemy/actor/lib/test/auto/PublisherPortSubscriberPortExpression.xml (RunModel)" time="0.021" />
  <testcase classname="ptolemy.util.test.junit.AutoTests" name="[273] /home/travis/build/icyphy/ptII/ptolemy/actor/lib/test/auto/PublisherPortSubscriberPortOpaqueD3Reverse.xml (RunModel)" time="0.025" />
  <testcase classname="ptolemy.util.test.junit.AutoTests" name="[274] /home/travis/build/icyphy/ptII/ptolemy/actor/lib/test/auto/PublisherPortSubscriberPortOpaqueWidthInference.xml (RunModel)" time="0.012" />
  <testcase classname="ptolemy.util.test.junit.AutoTests" name="[275] /home/travis/build/icyphy/ptII/ptolemy/actor/lib/test/auto/PublisherPortToplevelSubscriberPortAOC.xml (RunModel)" time="0.009" />
  <testcase classname="ptolemy.util.test.junit.AutoTests" name="[276] /home/travis/build/icyphy/ptII/ptolemy/actor/lib/test/auto/PublisherSubscriber.xml (RunModel)" time="0.02" />
  <testcase classname="ptolemy.util.test.junit.AutoTests" name="[277] /home/travis/build/icyphy/ptII/ptolemy/actor/lib/test/auto/PublisherSubscriber10.xml (RunModel)" time="0.018" />
  <testcase classname="ptolemy.util.test.junit.AutoTests" name="[278] /home/travis/build/icyphy/ptII/ptolemy/actor/lib/test/auto/PublisherSubscriber10InitialOutputs.xml (RunModel)" time="0.03" />
  <testcase classname="ptolemy.util.test.junit.AutoTests" name="[279] /home/travis/build/icyphy/ptII/ptolemy/actor/lib/test/auto/PublisherSubscriber11.xml (RunModel)" time="0.015" />
  <testcase classname="ptolemy.util.test.junit.AutoTests" name="[280] /home/travis/build/icyphy/ptII/ptolemy/actor/lib/test/auto/PublisherSubscriber12.xml (RunModel)" time="0.01" />
  <testcase classname="ptolemy.util.test.junit.AutoTests" name="[281] /home/travis/build/icyphy/ptII/ptolemy/actor/lib/test/auto/PublisherSubscriber13.xml (RunModel)" time="0.008" />
  <testcase classname="ptolemy.util.test.junit.AutoTests" name="[282] /home/travis/build/icyphy/ptII/ptolemy/actor/lib/test/auto/PublisherSubscriber14.xml (RunModel)" time="0.014" />
  <testcase classname="ptolemy.util.test.junit.AutoTests" name="[283] /home/travis/build/icyphy/ptII/ptolemy/actor/lib/test/auto/PublisherSubscriber2.xml (RunModel)" time="0.008" />
  <testcase classname="ptolemy.util.test.junit.AutoTests" name="[284] /home/travis/build/icyphy/ptII/ptolemy/actor/lib/test/auto/PublisherSubscriber3.xml (RunModel)" time="0.007" />
  <testcase classname="ptolemy.util.test.junit.AutoTests" name="[285] /home/travis/build/icyphy/ptII/ptolemy/actor/lib/test/auto/PublisherSubscriber4.xml (RunModel)" time="0.007" />
  <testcase classname="ptolemy.util.test.junit.AutoTests" name="[286] /home/travis/build/icyphy/ptII/ptolemy/actor/lib/test/auto/PublisherSubscriber5.xml (RunModel)" time="0.01" />
  <testcase classname="ptolemy.util.test.junit.AutoTests" name="[287] /home/travis/build/icyphy/ptII/ptolemy/actor/lib/test/auto/PublisherSubscriber6.xml (RunModel)" time="0.01" />
  <testcase classname="ptolemy.util.test.junit.AutoTests" name="[288] /home/travis/build/icyphy/ptII/ptolemy/actor/lib/test/auto/PublisherSubscriber7.xml (RunModel)" time="0.011" />
  <testcase classname="ptolemy.util.test.junit.AutoTests" name="[289] /home/travis/build/icyphy/ptII/ptolemy/actor/lib/test/auto/PublisherSubscriber8.xml (RunModel)" time="0.02" />
  <testcase classname="ptolemy.util.test.junit.AutoTests" name="[290] /home/travis/build/icyphy/ptII/ptolemy/actor/lib/test/auto/PublisherSubscriber9.xml (RunModel)" time="0.013" />
  <testcase classname="ptolemy.util.test.junit.AutoTests" name="[291] /home/travis/build/icyphy/ptII/ptolemy/actor/lib/test/auto/PublisherSubscriberAdjacent.xml (RunModel)" time="0.015" />
  <testcase classname="ptolemy.util.test.junit.AutoTests" name="[292] /home/travis/build/icyphy/ptII/ptolemy/actor/lib/test/auto/PublisherSubscriberChannelVariablesAOC2.xml (RunModel)" time="0.025" />
  <testcase classname="ptolemy.util.test.junit.AutoTests" name="[293] /home/travis/build/icyphy/ptII/ptolemy/actor/lib/test/auto/PublisherSubscriberD3.xml (RunModel)" time="0.012" />
  <testcase classname="ptolemy.util.test.junit.AutoTests" name="[294] /home/travis/build/icyphy/ptII/ptolemy/actor/lib/test/auto/PublisherSubscriberD3Reverse.xml (RunModel)" time="0.011" />
  <testcase classname="ptolemy.util.test.junit.AutoTests" name="[295] /home/travis/build/icyphy/ptII/ptolemy/actor/lib/test/auto/PublisherSubscriberExpression.xml (RunModel)" time="0.014" />
  <testcase classname="ptolemy.util.test.junit.AutoTests" name="[296] /home/travis/build/icyphy/ptII/ptolemy/actor/lib/test/auto/PublisherSubscriberOpaque.xml (RunModel)" time="0.013" />
  <testcase classname="ptolemy.util.test.junit.AutoTests" name="[297] /home/travis/build/icyphy/ptII/ptolemy/actor/lib/test/auto/PublisherSubscriberOpaqueD3.xml (RunModel)" time="0.019" />
  <testcase classname="ptolemy.util.test.junit.AutoTests" name="[298] /home/travis/build/icyphy/ptII/ptolemy/actor/lib/test/auto/PublisherSubscriberOpaqueD3Reverse.xml (RunModel)" time="0.019" />
  <testcase classname="ptolemy.util.test.junit.AutoTests" name="[299] /home/travis/build/icyphy/ptII/ptolemy/actor/lib/test/auto/PublisherSubscriberOpaqueWidthInference.xml (RunModel)" time="0.013" />
  <testcase classname="ptolemy.util.test.junit.AutoTests" name="[300] /home/travis/build/icyphy/ptII/ptolemy/actor/lib/test/auto/PublisherTestSubscriber.xml (RunModel)" time="0.013" />
  <testcase classname="ptolemy.util.test.junit.AutoTests" name="[301] /home/travis/build/icyphy/ptII/ptolemy/actor/lib/test/auto/PublisherToplevelSubscriberPortAOC.xml (RunModel)" time="0.01" />
  <testcase classname="ptolemy.util.test.junit.AutoTests" name="[302] /home/travis/build/icyphy/ptII/ptolemy/actor/lib/test/auto/PulseFiringLimitDE.xml (RunModel)" time="0.014" />
  <testcase classname="ptolemy.util.test.junit.AutoTests" name="[303] /home/travis/build/icyphy/ptII/ptolemy/actor/lib/test/auto/Ramp1.xml (RunModel)" time="0.005" />
  <testcase classname="ptolemy.util.test.junit.AutoTests" name="[304] /home/travis/build/icyphy/ptII/ptolemy/actor/lib/test/auto/RampFiringLimitDE.xml (RunModel)" time="0.015" />
  <testcase classname="ptolemy.util.test.junit.AutoTests" name="[305] /home/travis/build/icyphy/ptII/ptolemy/actor/lib/test/auto/RampFiringLimitSDF.xml (RunModel)" time="0.009" />
  <testcase classname="ptolemy.util.test.junit.AutoTests" name="[306] /home/travis/build/icyphy/ptII/ptolemy/actor/lib/test/auto/RandomInteger.xml (RunModel)" time="0.007" />
  <testcase classname="ptolemy.util.test.junit.AutoTests" name="[307] /home/travis/build/icyphy/ptII/ptolemy/actor/lib/test/auto/ReadFile1.xml (RunModel)" time="0.007" />
  <testcase classname="ptolemy.util.test.junit.AutoTests" name="[308] /home/travis/build/icyphy/ptII/ptolemy/actor/lib/test/auto/ReadFile2.xml (RunModel)" time="0.006" />
  <testcase classname="ptolemy.util.test.junit.AutoTests" name="[309] /home/travis/build/icyphy/ptII/ptolemy/actor/lib/test/auto/Reader.xml (RunModel)" time="0.01" />
  <testcase classname="ptolemy.util.test.junit.AutoTests" name="[310] /home/travis/build/icyphy/ptII/ptolemy/actor/lib/test/auto/RecordAssemblerDisplayNameTest.xml (RunModel)" time="2.896" />
  <testcase classname="ptolemy.util.test.junit.AutoTests" name="[311] /home/travis/build/icyphy/ptII/ptolemy/actor/lib/test/auto/RecordAssemblerTypeError.xml (RunModel)" time="0.033" />
  <testcase classname="ptolemy.util.test.junit.AutoTests" name="[312] /home/travis/build/icyphy/ptII/ptolemy/actor/lib/test/auto/RecordDisassember.xml (RunModel)" time="0.009" />
  <testcase classname="ptolemy.util.test.junit.AutoTests" name="[313] /home/travis/build/icyphy/ptII/ptolemy/actor/lib/test/auto/RecordDisassemberDisplayNameTest.xml (RunModel)" time="0.025" />
  <testcase classname="ptolemy.util.test.junit.AutoTests" name="[314] /home/travis/build/icyphy/ptII/ptolemy/actor/lib/test/auto/RecordDisassembler.xml (RunModel)" time="0.007" />
  <testcase classname="ptolemy.util.test.junit.AutoTests" name="[315] /home/travis/build/icyphy/ptII/ptolemy/actor/lib/test/auto/RecordDisassembler2.xml (RunModel)" time="0.008" />
  <testcase classname="ptolemy.util.test.junit.AutoTests" name="[316] /home/travis/build/icyphy/ptII/ptolemy/actor/lib/test/auto/RecordUpdater.xml (RunModel)" time="0.007" />
  <testcase classname="ptolemy.util.test.junit.AutoTests" name="[317] /home/travis/build/icyphy/ptII/ptolemy/actor/lib/test/auto/RecordUpdater2.xml (RunModel)" time="0.011" />
  <testcase classname="ptolemy.util.test.junit.AutoTests" name="[318] /home/travis/build/icyphy/ptII/ptolemy/actor/lib/test/auto/RecursiveLattice.xml (RunModel)" time="0.007" />
  <testcase classname="ptolemy.util.test.junit.AutoTests" name="[319] /home/travis/build/icyphy/ptII/ptolemy/actor/lib/test/auto/Router.xml (RunModel)" time="3.023" />
  <testcase classname="ptolemy.util.test.junit.AutoTests" name="[320] /home/travis/build/icyphy/ptII/ptolemy/actor/lib/test/auto/Router2.xml (RunModel)" time="3.022" />
  <testcase classname="ptolemy.util.test.junit.AutoTests" name="[321] /home/travis/build/icyphy/ptII/ptolemy/actor/lib/test/auto/RunningMaximum.xml (RunModel)" time="0.01" />
  <testcase classname="ptolemy.util.test.junit.AutoTests" name="[322] /home/travis/build/icyphy/ptII/ptolemy/actor/lib/test/auto/RunningMinimum.xml (RunModel)" time="0.009" />
  <testcase classname="ptolemy.util.test.junit.AutoTests" name="[323] /home/travis/build/icyphy/ptII/ptolemy/actor/lib/test/auto/Scale.xml (RunModel)" time="0.006" />
  <testcase classname="ptolemy.util.test.junit.AutoTests" name="[324] /home/travis/build/icyphy/ptII/ptolemy/actor/lib/test/auto/Scale2.xml (RunModel)" time="0.009" />
  <testcase classname="ptolemy.util.test.junit.AutoTests" name="[325] /home/travis/build/icyphy/ptII/ptolemy/actor/lib/test/auto/Scale3.xml (RunModel)" time="0.012" />
  <testcase classname="ptolemy.util.test.junit.AutoTests" name="[326] /home/travis/build/icyphy/ptII/ptolemy/actor/lib/test/auto/ScaleArray.xml (RunModel)" time="0.006" />
  <testcase classname="ptolemy.util.test.junit.AutoTests" name="[327] /home/travis/build/icyphy/ptII/ptolemy/actor/lib/test/auto/ScaleArray2.xml (RunModel)" time="0.007" />
  <testcase classname="ptolemy.util.test.junit.AutoTests" name="[328] /home/travis/build/icyphy/ptII/ptolemy/actor/lib/test/auto/ScaleMatrix.xml (RunModel)" time="0.111" />
  <testcase classname="ptolemy.util.test.junit.AutoTests" name="[329] /home/travis/build/icyphy/ptII/ptolemy/actor/lib/test/auto/Select.xml (RunModel)" time="0.012" />
  <testcase classname="ptolemy.util.test.junit.AutoTests" name="[330] /home/travis/build/icyphy/ptII/ptolemy/actor/lib/test/auto/Select2.xml (RunModel)" time="0.017" />
  <testcase classname="ptolemy.util.test.junit.AutoTests" name="[331] /home/travis/build/icyphy/ptII/ptolemy/actor/lib/test/auto/SequenceToArray2.xml (RunModel)" time="0.096" />
  <testcase classname="ptolemy.util.test.junit.AutoTests" name="[332] /home/travis/build/icyphy/ptII/ptolemy/actor/lib/test/auto/SequentialClock.xml (RunModel)" time="0.011" />
  <testcase classname="ptolemy.util.test.junit.AutoTests" name="[333] /home/travis/build/icyphy/ptII/ptolemy/actor/lib/test/auto/SetVariable.xml (RunModel)" time="0.011" />
  <testcase classname="ptolemy.util.test.junit.AutoTests" name="[334] /home/travis/build/icyphy/ptII/ptolemy/actor/lib/test/auto/SetVariable2.xml (RunModel)" time="0.012" />
  <testcase classname="ptolemy.util.test.junit.AutoTests" name="[335] /home/travis/build/icyphy/ptII/ptolemy/actor/lib/test/auto/SetVariable3.xml (RunModel)" time="0.015" />
  <testcase classname="ptolemy.util.test.junit.AutoTests" name="[336] /home/travis/build/icyphy/ptII/ptolemy/actor/lib/test/auto/SetVariable4.xml (RunModel)" time="0.023" />
  <testcase classname="ptolemy.util.test.junit.AutoTests" name="[337] /home/travis/build/icyphy/ptII/ptolemy/actor/lib/test/auto/SetVariable5.xml (RunModel)" time="0.022" />
  <testcase classname="ptolemy.util.test.junit.AutoTests" name="[338] /home/travis/build/icyphy/ptII/ptolemy/actor/lib/test/auto/Sinewave.xml (RunModel)" time="0.022" />
  <testcase classname="ptolemy.util.test.junit.AutoTests" name="[339] /home/travis/build/icyphy/ptII/ptolemy/actor/lib/test/auto/Sinewave2.xml (RunModel)" time="0.012" />
  <testcase classname="ptolemy.util.test.junit.AutoTests" name="[340] /home/travis/build/icyphy/ptII/ptolemy/actor/lib/test/auto/Sinewave3.xml (RunModel)" time="0.013" />
  <testcase classname="ptolemy.util.test.junit.AutoTests" name="[341] /home/travis/build/icyphy/ptII/ptolemy/actor/lib/test/auto/SingleEvent.xml (RunModel)" time="0.006" />
  <testcase classname="ptolemy.util.test.junit.AutoTests" name="[342] /home/travis/build/icyphy/ptII/ptolemy/actor/lib/test/auto/Sleep.xml (RunModel)" time="6.011" />
  <testcase classname="ptolemy.util.test.junit.AutoTests" name="[343] /home/travis/build/icyphy/ptII/ptolemy/actor/lib/test/auto/SleepMultipleFire.xml (RunModel)" time="1.021" />
  <testcase classname="ptolemy.util.test.junit.AutoTests" name="[344] /home/travis/build/icyphy/ptII/ptolemy/actor/lib/test/auto/StopDE.xml (RunModel)" time="0.01" />
  <testcase classname="ptolemy.util.test.junit.AutoTests" name="[345] /home/travis/build/icyphy/ptII/ptolemy/actor/lib/test/auto/StopSDF.xml (RunModel)" time="0.009" />
  <testcase classname="ptolemy.util.test.junit.AutoTests" name="[346] /home/travis/build/icyphy/ptII/ptolemy/actor/lib/test/auto/StringConstant.xml (RunModel)" time="0.008" />
  <testcase classname="ptolemy.util.test.junit.AutoTests" name="[347] /home/travis/build/icyphy/ptII/ptolemy/actor/lib/test/auto/SubscriberPortInitialValues1.xml (RunModel)" time="0.014" />
  <testcase classname="ptolemy.util.test.junit.AutoTests" name="[348] /home/travis/build/icyphy/ptII/ptolemy/actor/lib/test/auto/SubscriberPortInitialValues13.xml (RunModel)" time="0.02" />
  <testcase classname="ptolemy.util.test.junit.AutoTests" name="[349] /home/travis/build/icyphy/ptII/ptolemy/actor/lib/test/auto/SubscriberPortInitialValues14.xml (RunModel)" time="0.012" />
  <testcase classname="ptolemy.util.test.junit.AutoTests" name="[350] /home/travis/build/icyphy/ptII/ptolemy/actor/lib/test/auto/SubscriberPortInitialValues2.xml (RunModel)" time="0.019" />
  <testcase classname="ptolemy.util.test.junit.AutoTests" name="[351] /home/travis/build/icyphy/ptII/ptolemy/actor/lib/test/auto/SubscriberPortInitialValues3.xml (RunModel)" time="0.023" />
  <testcase classname="ptolemy.util.test.junit.AutoTests" name="[352] /home/travis/build/icyphy/ptII/ptolemy/actor/lib/test/auto/SubscriptionAggregator.xml (RunModel)" time="0.006" />
  <testcase classname="ptolemy.util.test.junit.AutoTests" name="[353] /home/travis/build/icyphy/ptII/ptolemy/actor/lib/test/auto/SubscriptionAggregator2.xml (RunModel)" time="0.007" />
  <testcase classname="ptolemy.util.test.junit.AutoTests" name="[354] /home/travis/build/icyphy/ptII/ptolemy/actor/lib/test/auto/SubscriptionAggregator3.xml (RunModel)" time="0.009" />
  <testcase classname="ptolemy.util.test.junit.AutoTests" name="[355] /home/travis/build/icyphy/ptII/ptolemy/actor/lib/test/auto/SubscriptionAggregatorMultiply.xml (RunModel)" time="0.012" />
  <testcase classname="ptolemy.util.test.junit.AutoTests" name="[356] /home/travis/build/icyphy/ptII/ptolemy/actor/lib/test/auto/SubscriptionAggregatorPortMultiply1.xml (RunModel)" time="0.008" />
  <testcase classname="ptolemy.util.test.junit.AutoTests" name="[357] /home/travis/build/icyphy/ptII/ptolemy/actor/lib/test/auto/Switch.xml (RunModel)" time="0.01" />
  <testcase classname="ptolemy.util.test.junit.AutoTests" name="[358] /home/travis/build/icyphy/ptII/ptolemy/actor/lib/test/auto/Switch2.xml (RunModel)" time="0.012" />
  <testcase classname="ptolemy.util.test.junit.AutoTests" name="[359] /home/travis/build/icyphy/ptII/ptolemy/actor/lib/test/auto/SwitchDE.xml (RunModel)" time="0.022" />
  <testcase classname="ptolemy.util.test.junit.AutoTests" name="[360] /home/travis/build/icyphy/ptII/ptolemy/actor/lib/test/auto/SynchronizerDE.xml (RunModel)" time="0.025" />
  <testcase classname="ptolemy.util.test.junit.AutoTests" name="[361] /home/travis/build/icyphy/ptII/ptolemy/actor/lib/test/auto/Test.xml (RunModel)" time="0.014" />
  <testcase classname="ptolemy.util.test.junit.AutoTests" name="[362] /home/travis/build/icyphy/ptII/ptolemy/actor/lib/test/auto/TestExceptionAttribute1.xml (RunModel)" time="0.012" />
  <testcase classname="ptolemy.util.test.junit.AutoTests" name="[363] /home/travis/build/icyphy/ptII/ptolemy/actor/lib/test/auto/TestExceptionAttribute2.xml (RunModel)" time="0.005" />
  <testcase classname="ptolemy.util.test.junit.AutoTests" name="[364] /home/travis/build/icyphy/ptII/ptolemy/actor/lib/test/auto/TestExceptionAttribute3.xml (RunModel)" time="0.005" />
  <testcase classname="ptolemy.util.test.junit.AutoTests" name="[365] /home/travis/build/icyphy/ptII/ptolemy/actor/lib/test/auto/TestExceptionAttribute4.xml (RunModel)" time="0.005" />
  <testcase classname="ptolemy.util.test.junit.AutoTests" name="[366] /home/travis/build/icyphy/ptII/ptolemy/actor/lib/test/auto/TestExceptionHandler1.xml (RunModel)" time="0.006" />
  <testcase classname="ptolemy.util.test.junit.AutoTests" name="[367] /home/travis/build/icyphy/ptII/ptolemy/actor/lib/test/auto/TestExceptionHandler2.xml (RunModel)" time="0.008" />
  <testcase classname="ptolemy.util.test.junit.AutoTests" name="[368] /home/travis/build/icyphy/ptII/ptolemy/actor/lib/test/auto/TestExceptionHandler3.xml (RunModel)" time="0.009" />
  <testcase classname="ptolemy.util.test.junit.AutoTests" name="[369] /home/travis/build/icyphy/ptII/ptolemy/actor/lib/test/auto/TestExceptionHandler4.xml (RunModel)" time="0.005" />
  <testcase classname="ptolemy.util.test.junit.AutoTests" name="[370] /home/travis/build/icyphy/ptII/ptolemy/actor/lib/test/auto/TestRequireCorrectOrder.xml (RunModel)" time="0.011" />
  <testcase classname="ptolemy.util.test.junit.AutoTests" name="[371] /home/travis/build/icyphy/ptII/ptolemy/actor/lib/test/auto/TestSimple.xml (RunModel)" time="0.006" />
  <testcase classname="ptolemy.util.test.junit.AutoTests" name="[372] /home/travis/build/icyphy/ptII/ptolemy/actor/lib/test/auto/ThrowModelError.xml (RunModel)" time="0.009" />
  <testcase classname="ptolemy.util.test.junit.AutoTests" name="[373] /home/travis/build/icyphy/ptII/ptolemy/actor/lib/test/auto/TimeDelayMicrosteps.xml (RunModel)" time="0.012" />
  <testcase classname="ptolemy.util.test.junit.AutoTests" name="[374] /home/travis/build/icyphy/ptII/ptolemy/actor/lib/test/auto/TimeDelayMicrosteps2.xml (RunModel)" time="0.014" />
  <testcase classname="ptolemy.util.test.junit.AutoTests" name="[375] /home/travis/build/icyphy/ptII/ptolemy/actor/lib/test/auto/TimeDelayMicrosteps3.xml (RunModel)" time="0.011" />
  <testcase classname="ptolemy.util.test.junit.AutoTests" name="[376] /home/travis/build/icyphy/ptII/ptolemy/actor/lib/test/auto/TimeDelayVariableMicrosteps.xml (RunModel)" time="0.011" />
  <testcase classname="ptolemy.util.test.junit.AutoTests" name="[377] /home/travis/build/icyphy/ptII/ptolemy/actor/lib/test/auto/TimeGap.xml (RunModel)" time="0.014" />
  <testcase classname="ptolemy.util.test.junit.AutoTests" name="[378] /home/travis/build/icyphy/ptII/ptolemy/actor/lib/test/auto/TimeGap2.xml (RunModel)" time="0.009" />
  <testcase classname="ptolemy.util.test.junit.AutoTests" name="[379] /home/travis/build/icyphy/ptII/ptolemy/actor/lib/test/auto/TimedSinewave.xml (RunModel)" time="0.045" />
  <testcase classname="ptolemy.util.test.junit.AutoTests" name="[380] /home/travis/build/icyphy/ptII/ptolemy/actor/lib/test/auto/TimedSinewavePhase.xml (RunModel)" time="0.028" />
  <testcase classname="ptolemy.util.test.junit.AutoTests" name="[381] /home/travis/build/icyphy/ptII/ptolemy/actor/lib/test/auto/Timer.xml (RunModel)" time="0.018" />
  <testcase classname="ptolemy.util.test.junit.AutoTests" name="[382] /home/travis/build/icyphy/ptII/ptolemy/actor/lib/test/auto/TriangularDistTestModel.xml (RunModel)" time="0.015" />
  <testcase classname="ptolemy.util.test.junit.AutoTests" name="[383] /home/travis/build/icyphy/ptII/ptolemy/actor/lib/test/auto/TrigFunction.xml (RunModel)" time="0.008" />
  <testcase classname="ptolemy.util.test.junit.AutoTests" name="[384] /home/travis/build/icyphy/ptII/ptolemy/actor/lib/test/auto/TrigFunctionDE.xml (RunModel)" time="0.01" />
  <testcase classname="ptolemy.util.test.junit.AutoTests" name="[385] /home/travis/build/icyphy/ptII/ptolemy/actor/lib/test/auto/TrigFunctionInverse.xml (RunModel)" time="0.008" />
  <testcase classname="ptolemy.util.test.junit.AutoTests" name="[386] /home/travis/build/icyphy/ptII/ptolemy/actor/lib/test/auto/TrigFunctionTan.xml (RunModel)" time="0.006" />
  <testcase classname="ptolemy.util.test.junit.AutoTests" name="[387] /home/travis/build/icyphy/ptII/ptolemy/actor/lib/test/auto/TriggeredClock.xml (RunModel)" time="0.008" />
  <testcase classname="ptolemy.util.test.junit.AutoTests" name="[388] /home/travis/build/icyphy/ptII/ptolemy/actor/lib/test/auto/URLDirectoryReader.xml (RunModel)" time="0.095" />
  <testcase classname="ptolemy.util.test.junit.AutoTests" name="[389] /home/travis/build/icyphy/ptII/ptolemy/actor/lib/test/auto/URLDirectoryReader3.xml (RunModel)" time="1.442" />
  <testcase classname="ptolemy.util.test.junit.AutoTests" name="[390] /home/travis/build/icyphy/ptII/ptolemy/actor/lib/test/auto/UnaryMathFunction.xml (RunModel)" time="0.021" />
  <testcase classname="ptolemy.util.test.junit.AutoTests" name="[391] /home/travis/build/icyphy/ptII/ptolemy/actor/lib/test/auto/Uniform.xml (RunModel)" time="0.011" />
  <testcase classname="ptolemy.util.test.junit.AutoTests" name="[392] /home/travis/build/icyphy/ptII/ptolemy/actor/lib/test/auto/UnionDisassemblerTest.xml (RunModel)" time="0.007" />
  <testcase classname="ptolemy.util.test.junit.AutoTests" name="[393] /home/travis/build/icyphy/ptII/ptolemy/actor/lib/test/auto/UtilityFunctions.xml (RunModel)" time="0.006" />
  <testcase classname="ptolemy.util.test.junit.AutoTests" name="[394] /home/travis/build/icyphy/ptII/ptolemy/actor/lib/test/auto/VariableSleep.xml (RunModel)" time="0.512" />
  <testcase classname="ptolemy.util.test.junit.AutoTests" name="[395] /home/travis/build/icyphy/ptII/ptolemy/actor/lib/test/auto/VectorAssemblerDisassemblerCT.xml (RunModel)" time="0.114" />
  <testcase classname="ptolemy.util.test.junit.AutoTests" name="[396] /home/travis/build/icyphy/ptII/ptolemy/actor/lib/test/auto/VectorAssemblerDisassemblerDE.xml (RunModel)" time="0.015" />
  <testcase classname="ptolemy.util.test.junit.AutoTests" name="[397] /home/travis/build/icyphy/ptII/ptolemy/actor/lib/test/auto/VectorAssemblerDisassemblerSDF.xml (RunModel)" time="0.013" />
  <testcase classname="ptolemy.util.test.junit.AutoTests" name="[398] /home/travis/build/icyphy/ptII/ptolemy/actor/lib/test/auto/WallClockTime.xml (RunModel)" time="1.015" />
  <testcase classname="ptolemy.util.test.junit.AutoTests" name="[399] /home/travis/build/icyphy/ptII/ptolemy/actor/lib/test/auto/WidthTestWithSubscriberPublisher.xml (RunModel)" time="0.042" />
  <testcase classname="ptolemy.util.test.junit.AutoTests" name="[400] /home/travis/build/icyphy/ptII/ptolemy/actor/lib/test/auto/WidthTestWithSubscriberPublisher2.xml (RunModel)" time="0.014" />
  <testcase classname="ptolemy.util.test.junit.AutoTests" name="[401] /home/travis/build/icyphy/ptII/ptolemy/actor/lib/test/auto/WidthTestWithSubscriberPublisher3.xml (RunModel)" time="0.018" />
  <testcase classname="ptolemy.util.test.junit.AutoTests" name="[402] /home/travis/build/icyphy/ptII/ptolemy/actor/lib/test/auto/Writer.xml (RunModel)" time="0.007" />
  <testcase classname="ptolemy.util.test.junit.AutoTests" name="[403] /home/travis/build/icyphy/ptII/ptolemy/actor/lib/test/auto/array.xml (RunModel)" time="0.008" />
  <testcase classname="ptolemy.util.test.junit.AutoTests" name="[404] /home/travis/build/icyphy/ptII/ptolemy/actor/lib/test/auto/array2.xml (RunModel)" time="0.011" />
  <testcase classname="ptolemy.util.test.junit.AutoTests" name="[405] /home/travis/build/icyphy/ptII/ptolemy/actor/lib/test/auto/arrayType.xml (RunModel)" time="0.009" />
  <testcase classname="ptolemy.util.test.junit.AutoTests" name="[406] /home/travis/build/icyphy/ptII/ptolemy/actor/lib/test/auto/arrayType10.xml (RunModel)" time="0.008" />
  <testcase classname="ptolemy.util.test.junit.AutoTests" name="[407] /home/travis/build/icyphy/ptII/ptolemy/actor/lib/test/auto/arrayType11.xml (RunModel)" time="0.007" />
  <testcase classname="ptolemy.util.test.junit.AutoTests" name="[408] /home/travis/build/icyphy/ptII/ptolemy/actor/lib/test/auto/arrayType12.xml (RunModel)" time="0.008" />
  <testcase classname="ptolemy.util.test.junit.AutoTests" name="[409] /home/travis/build/icyphy/ptII/ptolemy/actor/lib/test/auto/arrayType13.xml (RunModel)" time="0.007" />
  <testcase classname="ptolemy.util.test.junit.AutoTests" name="[410] /home/travis/build/icyphy/ptII/ptolemy/actor/lib/test/auto/arrayType14.xml (RunModel)" time="0.009" />
  <testcase classname="ptolemy.util.test.junit.AutoTests" name="[411] /home/travis/build/icyphy/ptII/ptolemy/actor/lib/test/auto/arrayType15.xml (RunModel)" time="0.008" />
  <testcase classname="ptolemy.util.test.junit.AutoTests" name="[412] /home/travis/build/icyphy/ptII/ptolemy/actor/lib/test/auto/arrayType16.xml (RunModel)" time="0.008" />
  <testcase classname="ptolemy.util.test.junit.AutoTests" name="[413] /home/travis/build/icyphy/ptII/ptolemy/actor/lib/test/auto/arrayType17.xml (RunModel)" time="0.008" />
  <testcase classname="ptolemy.util.test.junit.AutoTests" name="[414] /home/travis/build/icyphy/ptII/ptolemy/actor/lib/test/auto/arrayType18.xml (RunModel)" time="0.007" />
  <testcase classname="ptolemy.util.test.junit.AutoTests" name="[415] /home/travis/build/icyphy/ptII/ptolemy/actor/lib/test/auto/arrayType19.xml (RunModel)" time="0.007" />
  <testcase classname="ptolemy.util.test.junit.AutoTests" name="[416] /home/travis/build/icyphy/ptII/ptolemy/actor/lib/test/auto/arrayType2.xml (RunModel)" time="0.015" />
  <testcase classname="ptolemy.util.test.junit.AutoTests" name="[417] /home/travis/build/icyphy/ptII/ptolemy/actor/lib/test/auto/arrayType20.xml (RunModel)" time="0.011" />
  <testcase classname="ptolemy.util.test.junit.AutoTests" name="[418] /home/travis/build/icyphy/ptII/ptolemy/actor/lib/test/auto/arrayType21.xml (RunModel)" time="0.008" />
  <testcase classname="ptolemy.util.test.junit.AutoTests" name="[419] /home/travis/build/icyphy/ptII/ptolemy/actor/lib/test/auto/arrayType22.xml (RunModel)" time="0.01" />
  <testcase classname="ptolemy.util.test.junit.AutoTests" name="[420] /home/travis/build/icyphy/ptII/ptolemy/actor/lib/test/auto/arrayType23.xml (RunModel)" time="0.006" />
  <testcase classname="ptolemy.util.test.junit.AutoTests" name="[421] /home/travis/build/icyphy/ptII/ptolemy/actor/lib/test/auto/arrayType24.xml (RunModel)" time="0.008" />
  <testcase classname="ptolemy.util.test.junit.AutoTests" name="[422] /home/travis/build/icyphy/ptII/ptolemy/actor/lib/test/auto/arrayType25.xml (RunModel)" time="0.008" />
  <testcase classname="ptolemy.util.test.junit.AutoTests" name="[423] /home/travis/build/icyphy/ptII/ptolemy/actor/lib/test/auto/arrayType26.xml (RunModel)" time="0.008" />
  <testcase classname="ptolemy.util.test.junit.AutoTests" name="[424] /home/travis/build/icyphy/ptII/ptolemy/actor/lib/test/auto/arrayType27.xml (RunModel)" time="0.007" />
  <testcase classname="ptolemy.util.test.junit.AutoTests" name="[425] /home/travis/build/icyphy/ptII/ptolemy/actor/lib/test/auto/arrayType28.xml (RunModel)" time="0.009" />
  <testcase classname="ptolemy.util.test.junit.AutoTests" name="[426] /home/travis/build/icyphy/ptII/ptolemy/actor/lib/test/auto/arrayType3.xml (RunModel)" time="0.009" />
  <testcase classname="ptolemy.util.test.junit.AutoTests" name="[427] /home/travis/build/icyphy/ptII/ptolemy/actor/lib/test/auto/arrayType4.xml (RunModel)" time="0.007" />
  <testcase classname="ptolemy.util.test.junit.AutoTests" name="[428] /home/travis/build/icyphy/ptII/ptolemy/actor/lib/test/auto/arrayType5.xml (RunModel)" time="0.007" />
  <testcase classname="ptolemy.util.test.junit.AutoTests" name="[429] /home/travis/build/icyphy/ptII/ptolemy/actor/lib/test/auto/arrayType6.xml (RunModel)" time="0.006" />
  <testcase classname="ptolemy.util.test.junit.AutoTests" name="[430] /home/travis/build/icyphy/ptII/ptolemy/actor/lib/test/auto/arrayType7.xml (RunModel)" time="0.018" />
  <testcase classname="ptolemy.util.test.junit.AutoTests" name="[431] /home/travis/build/icyphy/ptII/ptolemy/actor/lib/test/auto/arrayType8.xml (RunModel)" time="0.008" />
  <testcase classname="ptolemy.util.test.junit.AutoTests" name="[432] /home/travis/build/icyphy/ptII/ptolemy/actor/lib/test/auto/arrayType9.xml (RunModel)" time="0.007" />
  <testcase classname="ptolemy.util.test.junit.AutoTests" name="[433] /home/travis/build/icyphy/ptII/ptolemy/actor/lib/test/auto/cast.xml (RunModel)" time="0.009" />
  <testcase classname="ptolemy.util.test.junit.AutoTests" name="[434] /home/travis/build/icyphy/ptII/ptolemy/actor/lib/test/auto/compositeMultiPort.xml (RunModel)" time="0.015" />
  <testcase classname="ptolemy.util.test.junit.AutoTests" name="[435] /home/travis/build/icyphy/ptII/ptolemy/actor/lib/test/auto/expressionCastInference.xml (RunModel)" time="0.007" />
  <testcase classname="ptolemy.util.test.junit.AutoTests" name="[436] /home/travis/build/icyphy/ptII/ptolemy/actor/lib/test/auto/expressionCastInference2.xml (RunModel)" time="0.007" />
  <testcase classname="ptolemy.util.test.junit.AutoTests" name="[437] /home/travis/build/icyphy/ptII/ptolemy/actor/lib/test/auto/expressionInference.xml (RunModel)" time="0.008" />
  <testcase classname="ptolemy.util.test.junit.AutoTests" name="[438] /home/travis/build/icyphy/ptII/ptolemy/actor/lib/test/auto/expression_bug.xml (RunModel)" time="0.006" />
  <testcase classname="ptolemy.util.test.junit.AutoTests" name="[439] /home/travis/build/icyphy/ptII/ptolemy/actor/lib/test/auto/factorial.xml (RunModel)" time="0.049" />
  <testcase classname="ptolemy.util.test.junit.AutoTests" name="[440] /home/travis/build/icyphy/ptII/ptolemy/actor/lib/test/auto/filterTest1.xml (RunModel)" time="0.013" />
  <testcase classname="ptolemy.util.test.junit.AutoTests" name="[441] /home/travis/build/icyphy/ptII/ptolemy/actor/lib/test/auto/funcApplyInConst.xml (RunModel)" time="0.005" />
  <testcase classname="ptolemy.util.test.junit.AutoTests" name="[442] /home/travis/build/icyphy/ptII/ptolemy/actor/lib/test/auto/funcApplyInExpr.xml (RunModel)" time="0.005" />
  <testcase classname="ptolemy.util.test.junit.AutoTests" name="[443] /home/travis/build/icyphy/ptII/ptolemy/actor/lib/test/auto/function.xml (RunModel)" time="0.009" />
  <testcase classname="ptolemy.util.test.junit.AutoTests" name="[444] /home/travis/build/icyphy/ptII/ptolemy/actor/lib/test/auto/function2.xml (RunModel)" time="0.009" />
  <testcase classname="ptolemy.util.test.junit.AutoTests" name="[445] /home/travis/build/icyphy/ptII/ptolemy/actor/lib/test/auto/function3.xml (RunModel)" time="0.007" />
  <testcase classname="ptolemy.util.test.junit.AutoTests" name="[446] /home/travis/build/icyphy/ptII/ptolemy/actor/lib/test/auto/functionClosureTest1.xml (RunModel)" time="0.016" />
  <testcase classname="ptolemy.util.test.junit.AutoTests" name="[447] /home/travis/build/icyphy/ptII/ptolemy/actor/lib/test/auto/functionClosureTest2.xml (RunModel)" time="0.006" />
  <testcase classname="ptolemy.util.test.junit.AutoTests" name="[448] /home/travis/build/icyphy/ptII/ptolemy/actor/lib/test/auto/functionClosureTest3.xml (RunModel)" time="0.011" />
  <testcase classname="ptolemy.util.test.junit.AutoTests" name="[449] /home/travis/build/icyphy/ptII/ptolemy/actor/lib/test/auto/functionClosureTest4.xml (RunModel)" time="0.014" />
  <testcase classname="ptolemy.util.test.junit.AutoTests" name="[450] /home/travis/build/icyphy/ptII/ptolemy/actor/lib/test/auto/functionClosureTest5.xml (RunModel)" time="0.011" />
  <testcase classname="ptolemy.util.test.junit.AutoTests" name="[451] /home/travis/build/icyphy/ptII/ptolemy/actor/lib/test/auto/functionClosureTest6.xml (RunModel)" time="0.01" />
  <testcase classname="ptolemy.util.test.junit.AutoTests" name="[452] /home/travis/build/icyphy/ptII/ptolemy/actor/lib/test/auto/functionsOnArcs.xml (RunModel)" time="0.013" />
  <testcase classname="ptolemy.util.test.junit.AutoTests" name="[453] /home/travis/build/icyphy/ptII/ptolemy/actor/lib/test/auto/functionsOnArcsHOF.xml (RunModel)" time="0.011" />
  <testcase classname="ptolemy.util.test.junit.AutoTests" name="[454] /home/travis/build/icyphy/ptII/ptolemy/actor/lib/test/auto/logic.xml (RunModel)" time="0.016" />
  <testcase classname="ptolemy.util.test.junit.AutoTests" name="[455] /home/travis/build/icyphy/ptII/ptolemy/actor/lib/test/auto/matrixType.xml (RunModel)" time="0.009" />
  <testcase classname="ptolemy.util.test.junit.AutoTests" name="[456] /home/travis/build/icyphy/ptII/ptolemy/actor/lib/test/auto/matrixType10.xml (RunModel)" time="0.008" />
  <testcase classname="ptolemy.util.test.junit.AutoTests" name="[457] /home/travis/build/icyphy/ptII/ptolemy/actor/lib/test/auto/matrixType11.xml (RunModel)" time="0.008" />
  <testcase classname="ptolemy.util.test.junit.AutoTests" name="[458] /home/travis/build/icyphy/ptII/ptolemy/actor/lib/test/auto/matrixType12.xml (RunModel)" time="0.009" />
  <testcase classname="ptolemy.util.test.junit.AutoTests" name="[459] /home/travis/build/icyphy/ptII/ptolemy/actor/lib/test/auto/matrixType13.xml (RunModel)" time="0.009" />
  <testcase classname="ptolemy.util.test.junit.AutoTests" name="[460] /home/travis/build/icyphy/ptII/ptolemy/actor/lib/test/auto/matrixType14.xml (RunModel)" time="0.009" />
  <testcase classname="ptolemy.util.test.junit.AutoTests" name="[461] /home/travis/build/icyphy/ptII/ptolemy/actor/lib/test/auto/matrixType2.xml (RunModel)" time="0.008" />
  <testcase classname="ptolemy.util.test.junit.AutoTests" name="[462] /home/travis/build/icyphy/ptII/ptolemy/actor/lib/test/auto/matrixType3.xml (RunModel)" time="0.009" />
  <testcase classname="ptolemy.util.test.junit.AutoTests" name="[463] /home/travis/build/icyphy/ptII/ptolemy/actor/lib/test/auto/matrixType4.xml (RunModel)" time="0.007" />
  <testcase classname="ptolemy.util.test.junit.AutoTests" name="[464] /home/travis/build/icyphy/ptII/ptolemy/actor/lib/test/auto/matrixType5.xml (RunModel)" time="0.007" />
  <testcase classname="ptolemy.util.test.junit.AutoTests" name="[465] /home/travis/build/icyphy/ptII/ptolemy/actor/lib/test/auto/matrixType6.xml (RunModel)" time="0.007" />
  <testcase classname="ptolemy.util.test.junit.AutoTests" name="[466] /home/travis/build/icyphy/ptII/ptolemy/actor/lib/test/auto/matrixType7.xml (RunModel)" time="0.008" />
  <testcase classname="ptolemy.util.test.junit.AutoTests" name="[467] /home/travis/build/icyphy/ptII/ptolemy/actor/lib/test/auto/matrixType8.xml (RunModel)" time="0.008" />
  <testcase classname="ptolemy.util.test.junit.AutoTests" name="[468] /home/travis/build/icyphy/ptII/ptolemy/actor/lib/test/auto/matrixType9.xml (RunModel)" time="0.007" />
  <testcase classname="ptolemy.util.test.junit.AutoTests" name="[469] /home/travis/build/icyphy/ptII/ptolemy/actor/lib/test/auto/paraFunctest.xml (RunModel)" time="0.006" />
  <testcase classname="ptolemy.util.test.junit.AutoTests" name="[470] /home/travis/build/icyphy/ptII/ptolemy/actor/lib/test/auto/paraFunctest2.xml (RunModel)" time="0.007" />
  <testcase classname="ptolemy.util.test.junit.AutoTests" name="[471] /home/travis/build/icyphy/ptII/ptolemy/actor/lib/test/auto/parameterPassing.xml (RunModel)" time="0.007" />
  <testcase classname="ptolemy.util.test.junit.AutoTests" name="[472] /home/travis/build/icyphy/ptII/ptolemy/actor/lib/test/auto/record.xml (RunModel)" time="0.008" />
  <testcase classname="ptolemy.util.test.junit.AutoTests" name="[473] /home/travis/build/icyphy/ptII/ptolemy/actor/lib/test/auto/sizedarray1.xml (RunModel)" time="0.009" />
  <testcase classname="ptolemy.util.test.junit.AutoTests" name="[474] /home/travis/build/icyphy/ptII/ptolemy/actor/lib/test/auto/sizedarray2.xml (RunModel)" time="0.009" />
  <testcase classname="ptolemy.util.test.junit.AutoTests" name="[475] /home/travis/build/icyphy/ptII/ptolemy/actor/lib/test/auto/twoPublishers.xml (RunModel)" time="0.021" />
  <system-out><![CDATA[/home/travis/build/icyphy/ptII/ptolemy/actor/lib/test/AbsoluteValue.tcl
testDefs.tcl: setting time out to 9000 seconds at Sat Feb 16 03:29:32 UTC 2019
84 ms. Memory: 116224K Free: 109670K (94%)
10 ms. Memory: 116224K Free: 108476K (93%)
6 ms. Memory: 116224K Free: 107886K (93%)
4 ms. Memory: 116224K Free: 106706K (92%)
/home/travis/build/icyphy/ptII/ptolemy/actor/lib/test/AddSubtract.tcl
8 ms. Memory: 116224K Free: 104906K (90%)
9 ms. Memory: 116224K Free: 103712K (89%)
13 ms. Memory: 116224K Free: 103122K (89%)
12 ms. Memory: 116224K Free: 102517K (88%)
18 ms. Memory: 116224K Free: 101888K (88%)
4 ms. Memory: 116224K Free: 100693K (87%)
/home/travis/build/icyphy/ptII/ptolemy/actor/lib/test/Average.tcl
13 ms. Memory: 116224K Free: 99483K (86%)
5 ms. Memory: 116224K Free: 97681K (84%)
/home/travis/build/icyphy/ptII/ptolemy/actor/lib/test/Bernoulli.tcl
4 ms. Memory: 116224K Free: 96479K (83%)
1 ms. Memory: 116224K Free: 95889K (83%)
/home/travis/build/icyphy/ptII/ptolemy/actor/lib/test/Clock.tcl
preinitializing
resolving types
initializing
executing number 1
wrapping up
idle
18 ms. Memory: 116224K Free: 93492K (80%)
Completed execution with 5 iterations
preinitializing
resolving types
initializing
executing number 1
wrapping up
idle
7 ms. Memory: 116224K Free: 92887K (80%)
Completed execution with 5 iterations
preinitializing
resolving types
initializing
executing number 1
wrapping up
idle
3 ms. Memory: 116224K Free: 92282K (79%)
Completed execution with 5 iterations
/home/travis/build/icyphy/ptII/ptolemy/actor/lib/test/Commutator.tcl
12 ms. Memory: 116224K Free: 90481K (78%)
13 ms. Memory: 116224K Free: 89286K (77%)
7 ms. Memory: 116224K Free: 84932K (73%)
/home/travis/build/icyphy/ptII/ptolemy/actor/lib/test/Const.tcl
3 ms. Memory: 116224K Free: 82543K (71%)
2 ms. Memory: 116224K Free: 82543K (71%)
2 ms. Memory: 116224K Free: 81954K (71%)
2 ms. Memory: 116224K Free: 81365K (70%)
12 ms. Memory: 146944K Free: 140414K (96%)
11 ms. Memory: 146944K Free: 138820K (94%)
4 ms. Memory: 146944K Free: 137626K (94%)
3 ms. Memory: 146944K Free: 135187K (92%)
/home/travis/build/icyphy/ptII/ptolemy/actor/lib/test/CurrentTime.tcl
preinitializing
resolving types
initializing
executing number 1
wrapping up
idle
7 ms. Memory: 146944K Free: 133977K (91%)
Completed execution with 11 iterations
/home/travis/build/icyphy/ptII/ptolemy/actor/lib/test/DB.tcl
3 ms. Memory: 146944K Free: 131581K (90%)
2 ms. Memory: 146944K Free: 131581K (90%)
1 ms. Memory: 146944K Free: 130386K (89%)
/home/travis/build/icyphy/ptII/ptolemy/actor/lib/test/DiscreteRandomSource.tcl
preinitializing
resolving types
initializing
executing number 1
wrapping up
idle
4 ms. Memory: 146944K Free: 129176K (88%)
Completed execution with 4 iterations
preinitializing
resolving types
initializing
executing number 1
wrapping up
idle
2 ms. Memory: 146944K Free: 129176K (88%)
Completed execution with 4 iterations
preinitializing
resolving types
initializing
executing number 1
wrapping up
idle
2 ms. Memory: 146944K Free: 127982K (87%)
Completed execution with 4 iterations
preinitializing
resolving types
initializing
executing number 1
wrapping up
idle
2 ms. Memory: 146944K Free: 127982K (87%)
Completed execution with 4 iterations
preinitializing
resolving types
initializing
executing number 1
wrapping up
idle
2 ms. Memory: 146944K Free: 127982K (87%)
Completed execution with 4 iterations
/home/travis/build/icyphy/ptII/ptolemy/actor/lib/test/Distributor.tcl
4 ms. Memory: 146944K Free: 125578K (85%)
3 ms. Memory: 146944K Free: 125578K (85%)
StreamChangeRequest.changeExecuted(): <deleteEntity name="rec2"/> succeeded
StreamChangeRequest.changeExecuted(): <deleteRelation name="r2"/> succeeded
StreamChangeRequest.changeExecuted(): Record firings per iteration succeeded
5 ms. Memory: 146944K Free: 123173K (84%)
/home/travis/build/icyphy/ptII/ptolemy/actor/lib/test/Exit.tcl
Exit.tcl: this will print a message about Manager.exitAfterWrapup, which can be ignored.
3 ms. Memory: 146944K Free: 118976K (81%)
/home/travis/build/icyphy/ptII/ptolemy/actor/lib/test/Expression.tcl
5 ms. Memory: 146944K Free: 116537K (79%)
2 ms. Memory: 146944K Free: 115342K (78%)
2 ms. Memory: 146944K Free: 115342K (78%)
preinitializing
resolving types
initializing
executing number 1
wrapping up
idle
5 ms. Memory: 146944K Free: 114148K (78%)
Completed execution with 6 iterations
3 ms. Memory: 146944K Free: 112954K (77%)
2 ms. Memory: 146944K Free: 111744K (76%)
5 ms. Memory: 146944K Free: 110534K (75%)
3 ms. Memory: 146944K Free: 109323K (74%)
3 ms. Memory: 146944K Free: 108113K (74%)
/home/travis/build/icyphy/ptII/ptolemy/actor/lib/test/Gaussian.tcl
7 ms. Memory: 146944K Free: 106919K (73%)
sleeping 1 seconds: ................................................................................................................................................................................................................................................................................................................................................................................................................................................................................................................................................................................................................................................................................................................................................................................................................................................................................................................................................................................................................................................................................................................................................................................................................................................................................................................................................................................................................................................................................................................................................................................................................................................................................................................................................................................................................................................................................................................................................................................................................................................................................................................................................................................................................................................................................................................................................................................................................................................................................................................................................................................................................................................................................................................................................................................................................................................................................................................................................................................................................................................................................................................................................................................................................................................................................................................................................................................................................................................................................................................................................................................................................................................................................................................................................................................................................................................................................................................................................................................................................................................................................................................................................................................................................................................................................................................................................................................................................................................................................................................................................................................................................................................................................................................................................................................................................................................................................................................................................................................................................................................................................................................................................................................................................................................................................................................................................................................................................................................................................................................................................................................................................................................................................................................................................................................................................................................................................................................................................................................................................................................................................................................................................................................................................................................................................................................................................................................................................................................................................................................................................................................................................................................................................................................................................................................................................................................................................................................................................................................................................................................................................................................................................................................................................................................................................2 ms. Memory: 146944K Free: 137280K (93%)
2 ms. Memory: 146944K Free: 135846K (92%)
2 ms. Memory: 146944K Free: 134663K (92%)
1 ms. Memory: 146944K Free: 134663K (92%)
1 ms. Memory: 146944K Free: 133488K (91%)
/home/travis/build/icyphy/ptII/ptolemy/actor/lib/test/IIR.tcl
/home/travis/build/icyphy/ptII/ptolemy/actor/lib/test/Interpolator.tcl
5 ms. Memory: 146944K Free: 129923K (88%)
2 ms. Memory: 146944K Free: 128732K (88%)
2 ms. Memory: 146944K Free: 128732K (88%)
1 ms. Memory: 146944K Free: 127557K (87%)
6 ms. Memory: 146944K Free: 127557K (87%)
7 ms. Memory: 146944K Free: 126375K (86%)
2 ms. Memory: 146944K Free: 125184K (85%)
8 ms. Memory: 146944K Free: 124009K (84%)
2 ms. Memory: 146944K Free: 124009K (84%)
2 ms. Memory: 146944K Free: 122834K (84%)
/home/travis/build/icyphy/ptII/ptolemy/actor/lib/test/MathFunction.tcl
7 ms. Memory: 146944K Free: 119854K (82%)
2 ms. Memory: 146944K Free: 118679K (81%)
2 ms. Memory: 146944K Free: 117504K (80%)
2 ms. Memory: 146944K Free: 117504K (80%)
13 ms. Memory: 146944K Free: 116328K (79%)
11 ms. Memory: 146944K Free: 113978K (78%)
/home/travis/build/icyphy/ptII/ptolemy/actor/lib/test/Maximum.tcl
6 ms. Memory: 146944K Free: 111629K (76%)
2 ms. Memory: 146944K Free: 111629K (76%)
5 ms. Memory: 146944K Free: 110454K (75%)
2 ms. Memory: 146944K Free: 109279K (74%)
/home/travis/build/icyphy/ptII/ptolemy/actor/lib/test/Minimum.tcl
7 ms. Memory: 146944K Free: 108104K (74%)
4 ms. Memory: 146944K Free: 106929K (73%)
4 ms. Memory: 146944K Free: 106929K (73%)
5 ms. Memory: 146944K Free: 105754K (72%)
/home/travis/build/icyphy/ptII/ptolemy/actor/lib/test/MultiplyDivide.tcl
12 ms. Memory: 146944K Free: 104579K (71%)
2 ms. Memory: 146944K Free: 103405K (70%)
2 ms. Memory: 146944K Free: 102230K (70%)
6 ms. Memory: 146944K Free: 102230K (70%)
4 ms. Memory: 146944K Free: 101055K (69%)
/home/travis/build/icyphy/ptII/ptolemy/actor/lib/test/OrderedMerge.tcl
Connections changed on port: inputA
Connections changed on port: inputB
Connections changed on port: output
Connections changed on port: output
Connections changed on port: output
Connections changed on port: input
.top. Preinitializing ...
Invoking preinitialize():  .top.OrderedMerge
Called preinitialize()
Invoking preinitialize():  .top.Ramp
Called preinitialize()
Invoking preinitialize():  .top.Ramp2
Called preinitialize()
Invoking preinitialize():  .top.Test
Called preinitialize()
Connections changed on port: inputA
Connections changed on port: output
Connections changed on port: inputB
Connections changed on port: output
Connections changed on port: output
Connections changed on port: input
.top. Finished preinitialize().
Called initialize().
Invoking initialize():  .top.OrderedMerge
Initializing actor: .top.OrderedMerge
Adding a thread: .top.OrderedMerge
Invoking initialize():  .top.Ramp
Initializing actor: .top.Ramp
Adding a thread: .top.Ramp
Invoking initialize():  .top.Ramp2
Initializing actor: .top.Ramp2
Adding a thread: .top.Ramp2
Invoking initialize():  .top.Test
Initializing actor: .top.Test
Adding a thread: .top.Test
-- Starting thread.
Called initialize()
Called prefire()
Called fire()
-- Starting thread.
Called initialize()
Called prefire()
Called fire()
Called postfire()
Called prefire()
Called fire()
-- Starting thread.
Called initialize()
Called prefire()
Called fire()
Called postfire()
Called prefire()
Called fire()
Called fire().
Checking for deadlock:
There are 3 Blocked actors, 0 Stopped actors, and 4 active threads.
Waiting for actors to stop.
-- Starting thread.
Called initialize()
Called prefire()
Called fire()
Checking for deadlock:
There are 2 Blocked actors, 0 Stopped actors, and 4 active threads.
Waiting for actors to stop.
Called postfire()
Called prefire()
Called fire()
Checking for deadlock:
There are 3 Blocked actors, 0 Stopped actors, and 4 active threads.
Waiting for actors to stop.
Read input token from inputA with value 0.0
Next port to read input from is inputB
Called postfire()
Called prefire()
Called fire()
Checking for deadlock:
There are 2 Blocked actors, 0 Stopped actors, and 4 active threads.
Waiting for actors to stop.
Called postfire()
Called prefire()
Called fire()
Checking for deadlock:
There are 3 Blocked actors, 0 Stopped actors, and 4 active threads.
Waiting for actors to stop.
Read input token from inputB with value 0.0
Checking for deadlock:
There are 2 Blocked actors, 0 Stopped actors, and 4 active threads.
Waiting for actors to stop.
-- Read input: 0.0, which is expected to match: 0.0
Called prefire()
Called fire()
Checking for deadlock:
There are 3 Blocked actors, 0 Stopped actors, and 4 active threads.
Waiting for actors to stop.
Sent output token with value 0.0
Next port to read input from is inputA
Called postfire()
Called prefire()
Called fire()
Called postfire()
Called prefire()
Called fire()
Checking for deadlock:
There are 3 Blocked actors, 0 Stopped actors, and 4 active threads.
Waiting for actors to stop.
Read input token from inputA with value 1.0
-- Read input: 0.0, which is expected to match: 0.0
Called prefire()
Called fire()
Checking for deadlock:
There are 3 Blocked actors, 0 Stopped actors, and 4 active threads.
Waiting for actors to stop.
Sent output token with value 0.0
Next port to read input from is inputB
Called postfire()
Called prefire()
Called fire()
Checking for deadlock:
There are 2 Blocked actors, 0 Stopped actors, and 4 active threads.
Waiting for actors to stop.
Called postfire()
Called prefire()
Called fire()
Checking for deadlock:
There are 3 Blocked actors, 0 Stopped actors, and 4 active threads.
Waiting for actors to stop.
Read input token from inputB with value 1.5
Checking for deadlock:
There are 2 Blocked actors, 0 Stopped actors, and 4 active threads.
Waiting for actors to stop.
-- Read input: 1.0, which is expected to match: 1.0
Called prefire()
Called fire()
Checking for deadlock:
There are 3 Blocked actors, 0 Stopped actors, and 4 active threads.
Waiting for actors to stop.
Sent output token with value 1.0
Next port to read input from is inputA
Called postfire()
Called prefire()
Called fire()
Called postfire()
Called prefire()
Called fire()
Checking for deadlock:
There are 3 Blocked actors, 0 Stopped actors, and 4 active threads.
Waiting for actors to stop.
Read input token from inputA with value 2.0
-- Read input: 1.5, which is expected to match: 1.5
Called prefire()
Called fire()
Checking for deadlock:
There are 3 Blocked actors, 0 Stopped actors, and 4 active threads.
Waiting for actors to stop.
Sent output token with value 1.5
Next port to read input from is inputB
Called postfire()
Called prefire()
Called fire()
Checking for deadlock:
There are 2 Blocked actors, 0 Stopped actors, and 4 active threads.
Waiting for actors to stop.
Called postfire()
Called prefire()
Called fire()
Checking for deadlock:
There are 3 Blocked actors, 0 Stopped actors, and 4 active threads.
Waiting for actors to stop.
Read input token from inputB with value 3.0
Checking for deadlock:
There are 2 Blocked actors, 0 Stopped actors, and 4 active threads.
Waiting for actors to stop.
-- Read input: 2.0, which is expected to match: 2.0
Called prefire()
Called fire()
Checking for deadlock:
There are 3 Blocked actors, 0 Stopped actors, and 4 active threads.
Waiting for actors to stop.
Sent output token with value 2.0
Next port to read input from is inputA
Called postfire()
Called prefire()
Called fire()
Called postfire()
Called prefire()
Called fire()
Checking for deadlock:
There are 3 Blocked actors, 0 Stopped actors, and 4 active threads.
Waiting for actors to stop.
Read input token from inputA with value 3.0
-- Read input: 3.0, which is expected to match: 3.0
Called prefire()
Called fire()
Checking for deadlock:
There are 3 Blocked actors, 0 Stopped actors, and 4 active threads.
Waiting for actors to stop.
Sent output token with value 3.0
Next port to read input from is inputB
Called postfire()
Called prefire()
Called fire()
Checking for deadlock:
There are 2 Blocked actors, 0 Stopped actors, and 4 active threads.
Waiting for actors to stop.
Called postfire()
Called prefire()
Called fire()
Checking for deadlock:
There are 3 Blocked actors, 0 Stopped actors, and 4 active threads.
Waiting for actors to stop.
Read input token from inputB with value 4.5
Checking for deadlock:
There are 2 Blocked actors, 0 Stopped actors, and 4 active threads.
Waiting for actors to stop.
-- Read input: 3.0, which is expected to match: 3.0
Called prefire()
Called fire()
Checking for deadlock:
There are 3 Blocked actors, 0 Stopped actors, and 4 active threads.
Waiting for actors to stop.
Sent output token with value 3.0
Next port to read input from is inputA
Called postfire()
Called prefire()
Called fire()
Called postfire()
Called prefire()
Called fire()
Checking for deadlock:
There are 3 Blocked actors, 0 Stopped actors, and 4 active threads.
Waiting for actors to stop.
Read input token from inputA with value 4.0
-- Read input: 4.0, which is expected to match: 4.0
Called prefire()
Called fire()
Past the end of training data. Read and discard all inputs.
Checking for deadlock:
There are 3 Blocked actors, 0 Stopped actors, and 4 active threads.
Waiting for actors to stop.
Sent output token with value 4.0
Next port to read input from is inputA
Called postfire()
Called prefire()
Called fire()
Called postfire()
Called prefire()
Called fire()
Checking for deadlock:
There are 3 Blocked actors, 0 Stopped actors, and 4 active threads.
Waiting for actors to stop.
Read input token from inputA with value 5.0
Called prefire()
Called fire()
Past the end of training data. Read and discard all inputs.
Checking for deadlock:
There are 3 Blocked actors, 0 Stopped actors, and 4 active threads.
Waiting for actors to stop.
Sent output token with value 4.5
Next port to read input from is inputB
Called postfire()
Called prefire()
Called fire()
Checking for deadlock:
There are 2 Blocked actors, 0 Stopped actors, and 4 active threads.
Waiting for actors to stop.
Called postfire()
Called prefire()
Called fire()
Checking for deadlock:
There are 3 Blocked actors, 0 Stopped actors, and 4 active threads.
Waiting for actors to stop.
Read input token from inputB with value 6.0
Checking for deadlock:
There are 2 Blocked actors, 0 Stopped actors, and 4 active threads.
Waiting for actors to stop.
Called prefire()
Called fire()
Past the end of training data. Read and discard all inputs.
Checking for deadlock:
There are 3 Blocked actors, 0 Stopped actors, and 4 active threads.
Waiting for actors to stop.
Sent output token with value 5.0
Next port to read input from is inputA
Called postfire()
Called prefire()
Called fire()
Called postfire()
Called prefire()
Called fire()
Checking for deadlock:
There are 3 Blocked actors, 0 Stopped actors, and 4 active threads.
Waiting for actors to stop.
Read input token from inputA with value 6.0
Called prefire()
Called fire()
Past the end of training data. Read and discard all inputs.
Checking for deadlock:
There are 3 Blocked actors, 0 Stopped actors, and 4 active threads.
Waiting for actors to stop.
Sent output token with value 6.0
Next port to read input from is inputB
Called postfire()
Called prefire()
Called fire()
Checking for deadlock:
There are 2 Blocked actors, 0 Stopped actors, and 4 active threads.
Waiting for actors to stop.
Called postfire()
Called prefire()
Called fire()
Checking for deadlock:
There are 3 Blocked actors, 0 Stopped actors, and 4 active threads.
Waiting for actors to stop.
Read input token from inputB with value 7.5
Checking for deadlock:
There are 2 Blocked actors, 0 Stopped actors, and 4 active threads.
Waiting for actors to stop.
Called prefire()
Called fire()
Past the end of training data. Read and discard all inputs.
Checking for deadlock:
There are 3 Blocked actors, 0 Stopped actors, and 4 active threads.
Waiting for actors to stop.
Sent output token with value 6.0
Next port to read input from is inputA
Called postfire()
Called prefire()
Called fire()
Called postfire()
Called prefire()
Called fire()
Checking for deadlock:
There are 3 Blocked actors, 0 Stopped actors, and 4 active threads.
Waiting for actors to stop.
Read input token from inputA with value 7.0
Called prefire()
Called fire()
Past the end of training data. Read and discard all inputs.
Checking for deadlock:
There are 3 Blocked actors, 0 Stopped actors, and 4 active threads.
Waiting for actors to stop.
Sent output token with value 7.0
Next port to read input from is inputA
Called postfire()
Called prefire()
Called fire()
-- Thread wrapup() called.
Called wrapup()
Thread .top.Ramp is exiting.
-- Thread stopped.
Checking for deadlock:
There are 2 Blocked actors, 0 Stopped actors, and 3 active threads.
Waiting for actors to stop.
Read input token from inputA with value 8.0
Called prefire()
Called fire()
Past the end of training data. Read and discard all inputs.
Checking for deadlock:
There are 2 Blocked actors, 0 Stopped actors, and 3 active threads.
Waiting for actors to stop.
Sent output token with value 7.5
Next port to read input from is inputB
Called postfire()
Called prefire()
Called fire()
Checking for deadlock:
There are 1 Blocked actors, 0 Stopped actors, and 3 active threads.
Waiting for actors to stop.
Called postfire()
Called prefire()
Called fire()
Checking for deadlock:
There are 2 Blocked actors, 0 Stopped actors, and 3 active threads.
Waiting for actors to stop.
Read input token from inputB with value 9.0
Checking for deadlock:
There are 1 Blocked actors, 0 Stopped actors, and 3 active threads.
Waiting for actors to stop.
Called prefire()
Called fire()
Past the end of training data. Read and discard all inputs.
Checking for deadlock:
There are 2 Blocked actors, 0 Stopped actors, and 3 active threads.
Waiting for actors to stop.
Sent output token with value 8.0
Next port to read input from is inputA
Called postfire()
Called prefire()
Called fire()
Read input token from inputA with value 9.0
Checking for deadlock:
There are 1 Blocked actors, 0 Stopped actors, and 3 active threads.
Waiting for actors to stop.
Called prefire()
Called fire()
Past the end of training data. Read and discard all inputs.
Checking for deadlock:
There are 2 Blocked actors, 0 Stopped actors, and 3 active threads.
Waiting for actors to stop.
Sent output token with value 9.0
Next port to read input from is inputB
Called postfire()
Called prefire()
Called fire()
Checking for deadlock:
There are 1 Blocked actors, 0 Stopped actors, and 3 active threads.
Waiting for actors to stop.
Called postfire()
Called prefire()
Called fire()
Checking for deadlock:
There are 2 Blocked actors, 0 Stopped actors, and 3 active threads.
Waiting for actors to stop.
Read input token from inputB with value 10.5
Checking for deadlock:
There are 1 Blocked actors, 0 Stopped actors, and 3 active threads.
Waiting for actors to stop.
Called prefire()
Called fire()
Past the end of training data. Read and discard all inputs.
Checking for deadlock:
There are 2 Blocked actors, 0 Stopped actors, and 3 active threads.
Waiting for actors to stop.
Sent output token with value 9.0
Next port to read input from is inputA
Called postfire()
Called prefire()
Called fire()
Checking for deadlock:
There are 3 Blocked actors, 0 Stopped actors, and 3 active threads.
Actors have stopped.
Checking for deadlock:
There are 3 Blocked actors, 0 Stopped actors, and 3 active threads.
Deadlock detected.
Resolving Deadlock
Checking for deadlock:
There are 3 Blocked actors, 0 Stopped actors, and 3 active threads.
Artificial Deadlock - increasing queue capacity.
increasing the capacity of receiver ptolemy.actor.TypedIOPort {.top.OrderedMerge.inputB} to 2
Director: Called postfire().
Called postfire().
_stopRequested = false
_stopFireRequested = false
Returning from postfire(): true
Called fire().
Checking for deadlock:
There are 2 Blocked actors, 0 Stopped actors, and 3 active threads.
Waiting for actors to stop.
-- Thread wrapup() called.
Called wrapup()
Thread .top.Ramp2 is exiting.
-- Thread stopped.
Checking for deadlock:
There are 2 Blocked actors, 0 Stopped actors, and 2 active threads.
Actors have stopped.
Checking for deadlock:
There are 2 Blocked actors, 0 Stopped actors, and 2 active threads.
Deadlock detected.
Resolving Deadlock
Checking for deadlock:
There are 2 Blocked actors, 0 Stopped actors, and 2 active threads.
Deadlock detected: no processes blocked on write, but some are blocked on read.
Called postfire().
_stopRequested = false
_stopFireRequested = false
Returning from postfire(): false
Finished deactivating branches.
Called wrapup().
-- Thread wrapup() called.
Called wrapup()
Thread .top.Test is exiting.
-- Thread stopped.
-- Blocked Receiver call threw TerminateProcessException.
-- Thread wrapup() called.
Called wrapup()
Thread .top.OrderedMerge is exiting.
32 ms. Memory: 146944K Free: 97067K (66%)
.top. Preinitializing ...
Invoking preinitialize():  .top.OrderedMerge
Called preinitialize()
Invoking preinitialize():  .top.Ramp
Called preinitialize()
Invoking preinitialize():  .top.Ramp2
Called preinitialize()
Invoking preinitialize():  .top.Test
Called preinitialize()
.top. Finished preinitialize().
Called initialize().
Invoking initialize():  .top.OrderedMerge
Initializing actor: .top.OrderedMerge
Adding a thread: .top.OrderedMerge
Invoking initialize():  .top.Ramp
Initializing actor: .top.Ramp
Adding a thread: .top.Ramp
Invoking initialize():  .top.Ramp2
Initializing actor: .top.Ramp2
Adding a thread: .top.Ramp2
Invoking initialize():  .top.Test
Initializing actor: .top.Test
Adding a thread: .top.Test
-- Thread stopped.
-- Blocked Receiver call threw TerminateProcessException.
-- Starting thread.
Called initialize()
Called prefire()
Called fire()
-- Starting thread.
Called initialize()
Called prefire()
Called fire()
Called postfire()
Called prefire()
Called fire()
-- Starting thread.
Called initialize()
Called prefire()
Called fire()
Called postfire()
Called prefire()
Called fire()
Called fire().
Checking for deadlock:
There are 3 Blocked actors, 0 Stopped actors, and 4 active threads.
Waiting for actors to stop.
-- Starting thread.
Called initialize()
Called prefire()
Called fire()
Checking for deadlock:
There are 2 Blocked actors, 0 Stopped actors, and 4 active threads.
Waiting for actors to stop.
Called postfire()
Called prefire()
Called fire()
Checking for deadlock:
There are 3 Blocked actors, 0 Stopped actors, and 4 active threads.
Waiting for actors to stop.
Read input token from inputA with value 0.0
Next port to read input from is inputB
Called postfire()
Called prefire()
Called fire()
Checking for deadlock:
There are 2 Blocked actors, 0 Stopped actors, and 4 active threads.
Waiting for actors to stop.
Called postfire()
Called prefire()
Called fire()
Checking for deadlock:
There are 3 Blocked actors, 0 Stopped actors, and 4 active threads.
Waiting for actors to stop.
Read input token from inputB with value 0.0
Checking for deadlock:
There are 2 Blocked actors, 0 Stopped actors, and 4 active threads.
Waiting for actors to stop.
-- Read input: 0.0, which is expected to match: 0.0
Called prefire()
Called fire()
Checking for deadlock:
There are 3 Blocked actors, 0 Stopped actors, and 4 active threads.
Waiting for actors to stop.
Sent output token with value 0.0
Next port to read input from is inputA
Called postfire()
Called prefire()
Called fire()
Checking for deadlock:
There are 2 Blocked actors, 0 Stopped actors, and 4 active threads.
Waiting for actors to stop.
Called postfire()
Called prefire()
Called fire()
Checking for deadlock:
There are 3 Blocked actors, 0 Stopped actors, and 4 active threads.
Waiting for actors to stop.
Read input token from inputA with value 1.0
Checking for deadlock:
There are 2 Blocked actors, 0 Stopped actors, and 4 active threads.
Waiting for actors to stop.
-- Read input: 0.0, which is expected to match: 0.0
Called prefire()
Called fire()
Checking for deadlock:
There are 3 Blocked actors, 0 Stopped actors, and 4 active threads.
Waiting for actors to stop.
Sent output token with value 0.0
Next port to read input from is inputB
Called postfire()
Called prefire()
Called fire()
Checking for deadlock:
There are 2 Blocked actors, 0 Stopped actors, and 4 active threads.
Waiting for actors to stop.
Called postfire()
Called prefire()
Called fire()
Checking for deadlock:
There are 3 Blocked actors, 0 Stopped actors, and 4 active threads.
Waiting for actors to stop.
Read input token from inputB with value 1.5
Checking for deadlock:
There are 2 Blocked actors, 0 Stopped actors, and 4 active threads.
Waiting for actors to stop.
-- Read input: 1.0, which is expected to match: 1.0
Called prefire()
Called fire()
Checking for deadlock:
There are 3 Blocked actors, 0 Stopped actors, and 4 active threads.
Waiting for actors to stop.
Sent output token with value 1.0
Next port to read input from is inputA
Called postfire()
Called prefire()
Called fire()
Checking for deadlock:
There are 2 Blocked actors, 0 Stopped actors, and 4 active threads.
Waiting for actors to stop.
Called postfire()
Called prefire()
Called fire()
Checking for deadlock:
There are 3 Blocked actors, 0 Stopped actors, and 4 active threads.
Waiting for actors to stop.
Read input token from inputA with value 2.0
Checking for deadlock:
There are 2 Blocked actors, 0 Stopped actors, and 4 active threads.
Waiting for actors to stop.
-- Read input: 1.5, which is expected to match: 1.5
Called prefire()
Called fire()
Checking for deadlock:
There are 3 Blocked actors, 0 Stopped actors, and 4 active threads.
Waiting for actors to stop.
Sent output token with value 1.5
Next port to read input from is inputB
Called postfire()
Called prefire()
Called fire()
Checking for deadlock:
There are 2 Blocked actors, 0 Stopped actors, and 4 active threads.
Waiting for actors to stop.
Called postfire()
Called prefire()
Called fire()
Checking for deadlock:
There are 3 Blocked actors, 0 Stopped actors, and 4 active threads.
Waiting for actors to stop.
Read input token from inputB with value 3.0
Checking for deadlock:
There are 2 Blocked actors, 0 Stopped actors, and 4 active threads.
Waiting for actors to stop.
-- Read input: 2.0, which is expected to match: 2.0
Called prefire()
Called fire()
Checking for deadlock:
There are 3 Blocked actors, 0 Stopped actors, and 4 active threads.
Waiting for actors to stop.
Sent output token with value 2.0
Next port to read input from is inputA
Called postfire()
Called prefire()
Called fire()
Checking for deadlock:
There are 2 Blocked actors, 0 Stopped actors, and 4 active threads.
Waiting for actors to stop.
Called postfire()
Called prefire()
Called fire()
Checking for deadlock:
There are 3 Blocked actors, 0 Stopped actors, and 4 active threads.
Waiting for actors to stop.
Read input token from inputA with value 3.0
Checking for deadlock:
There are 2 Blocked actors, 0 Stopped actors, and 4 active threads.
Waiting for actors to stop.
-- Read input: 3.0, which is expected to match: 3.0
Called prefire()
Called fire()
Checking for deadlock:
There are 3 Blocked actors, 0 Stopped actors, and 4 active threads.
Waiting for actors to stop.
Sent output token with value 3.0
Next port to read input from is inputB
Called postfire()
Called prefire()
Called fire()
Checking for deadlock:
There are 2 Blocked actors, 0 Stopped actors, and 4 active threads.
Waiting for actors to stop.
Called postfire()
Called prefire()
Called fire()
Checking for deadlock:
There are 3 Blocked actors, 0 Stopped actors, and 4 active threads.
Waiting for actors to stop.
Read input token from inputB with value 4.5
Checking for deadlock:
There are 2 Blocked actors, 0 Stopped actors, and 4 active threads.
Waiting for actors to stop.
-- Read input: 3.0, which is expected to match: 3.0
Called prefire()
Called fire()
Checking for deadlock:
There are 3 Blocked actors, 0 Stopped actors, and 4 active threads.
Waiting for actors to stop.
Sent output token with value 3.0
Next port to read input from is inputA
Called postfire()
Called prefire()
Called fire()
Checking for deadlock:
There are 2 Blocked actors, 0 Stopped actors, and 4 active threads.
Waiting for actors to stop.
Called postfire()
Called prefire()
Called fire()
Checking for deadlock:
There are 3 Blocked actors, 0 Stopped actors, and 4 active threads.
Waiting for actors to stop.
Read input token from inputA with value 4.0
Checking for deadlock:
There are 2 Blocked actors, 0 Stopped actors, and 4 active threads.
Waiting for actors to stop.
-- Read input: 4.0, which is expected to match: 4.0
Called prefire()
Called fire()
Past the end of training data. Read and discard all inputs.
Checking for deadlock:
There are 3 Blocked actors, 0 Stopped actors, and 4 active threads.
Waiting for actors to stop.
Sent output token with value 4.0
Next port to read input from is inputA
Called postfire()
Called prefire()
Called fire()
Checking for deadlock:
There are 2 Blocked actors, 0 Stopped actors, and 4 active threads.
Waiting for actors to stop.
Called postfire()
Called prefire()
Called fire()
Checking for deadlock:
There are 3 Blocked actors, 0 Stopped actors, and 4 active threads.
Waiting for actors to stop.
Read input token from inputA with value 5.0
Checking for deadlock:
There are 2 Blocked actors, 0 Stopped actors, and 4 active threads.
Waiting for actors to stop.
Called prefire()
Called fire()
Past the end of training data. Read and discard all inputs.
Checking for deadlock:
There are 3 Blocked actors, 0 Stopped actors, and 4 active threads.
Waiting for actors to stop.
Sent output token with value 4.5
Next port to read input from is inputB
Called postfire()
Called prefire()
Called fire()
Checking for deadlock:
There are 2 Blocked actors, 0 Stopped actors, and 4 active threads.
Waiting for actors to stop.
Called postfire()
Called prefire()
Called fire()
Checking for deadlock:
There are 3 Blocked actors, 0 Stopped actors, and 4 active threads.
Waiting for actors to stop.
Read input token from inputB with value 6.0
Checking for deadlock:
There are 2 Blocked actors, 0 Stopped actors, and 4 active threads.
Waiting for actors to stop.
Called prefire()
Called fire()
Past the end of training data. Read and discard all inputs.
Checking for deadlock:
There are 3 Blocked actors, 0 Stopped actors, and 4 active threads.
Waiting for actors to stop.
Sent output token with value 5.0
Next port to read input from is inputA
Called postfire()
Called prefire()
Called fire()
Checking for deadlock:
There are 2 Blocked actors, 0 Stopped actors, and 4 active threads.
Waiting for actors to stop.
Called postfire()
Called prefire()
Called fire()
Checking for deadlock:
There are 3 Blocked actors, 0 Stopped actors, and 4 active threads.
Waiting for actors to stop.
Read input token from inputA with value 6.0
Checking for deadlock:
There are 2 Blocked actors, 0 Stopped actors, and 4 active threads.
Waiting for actors to stop.
Called prefire()
Called fire()
Past the end of training data. Read and discard all inputs.
Checking for deadlock:
There are 3 Blocked actors, 0 Stopped actors, and 4 active threads.
Waiting for actors to stop.
Sent output token with value 6.0
Next port to read input from is inputB
Called postfire()
Called prefire()
Called fire()
Checking for deadlock:
There are 2 Blocked actors, 0 Stopped actors, and 4 active threads.
Waiting for actors to stop.
Called postfire()
Called prefire()
Called fire()
Checking for deadlock:
There are 3 Blocked actors, 0 Stopped actors, and 4 active threads.
Waiting for actors to stop.
Read input token from inputB with value 7.5
Checking for deadlock:
There are 2 Blocked actors, 0 Stopped actors, and 4 active threads.
Waiting for actors to stop.
Called prefire()
Called fire()
Past the end of training data. Read and discard all inputs.
Checking for deadlock:
There are 3 Blocked actors, 0 Stopped actors, and 4 active threads.
Waiting for actors to stop.
Sent output token with value 6.0
Next port to read input from is inputA
Called postfire()
Called prefire()
Called fire()
Checking for deadlock:
There are 2 Blocked actors, 0 Stopped actors, and 4 active threads.
Waiting for actors to stop.
Called postfire()
Called prefire()
Called fire()
Checking for deadlock:
There are 3 Blocked actors, 0 Stopped actors, and 4 active threads.
Waiting for actors to stop.
Read input token from inputA with value 7.0
Checking for deadlock:
There are 2 Blocked actors, 0 Stopped actors, and 4 active threads.
Waiting for actors to stop.
Called prefire()
Called fire()
Past the end of training data. Read and discard all inputs.
Checking for deadlock:
There are 3 Blocked actors, 0 Stopped actors, and 4 active threads.
Waiting for actors to stop.
Sent output token with value 7.0
Next port to read input from is inputA
Called postfire()
Called prefire()
Called fire()
Checking for deadlock:
There are 2 Blocked actors, 0 Stopped actors, and 4 active threads.
Waiting for actors to stop.
-- Thread wrapup() called.
Called wrapup()
Thread .top.Ramp is exiting.
Checking for deadlock:
There are 2 Blocked actors, 0 Stopped actors, and 3 active threads.
Waiting for actors to stop.
-- Thread stopped.
Read input token from inputA with value 8.0
Checking for deadlock:
There are 1 Blocked actors, 0 Stopped actors, and 3 active threads.
Waiting for actors to stop.
Called prefire()
Called fire()
Past the end of training data. Read and discard all inputs.
Checking for deadlock:
There are 2 Blocked actors, 0 Stopped actors, and 3 active threads.
Waiting for actors to stop.
Sent output token with value 7.5
Next port to read input from is inputB
Called postfire()
Called prefire()
Called fire()
Checking for deadlock:
There are 1 Blocked actors, 0 Stopped actors, and 3 active threads.
Waiting for actors to stop.
Called postfire()
Called prefire()
Called fire()
Checking for deadlock:
There are 2 Blocked actors, 0 Stopped actors, and 3 active threads.
Waiting for actors to stop.
Read input token from inputB with value 9.0
Checking for deadlock:
There are 1 Blocked actors, 0 Stopped actors, and 3 active threads.
Waiting for actors to stop.
Called prefire()
Called fire()
Past the end of training data. Read and discard all inputs.
Checking for deadlock:
There are 2 Blocked actors, 0 Stopped actors, and 3 active threads.
Waiting for actors to stop.
Sent output token with value 8.0
Next port to read input from is inputA
Called postfire()
Called prefire()
Called fire()
Read input token from inputA with value 9.0
Checking for deadlock:
There are 1 Blocked actors, 0 Stopped actors, and 3 active threads.
Waiting for actors to stop.
Called prefire()
Called fire()
Past the end of training data. Read and discard all inputs.
Checking for deadlock:
There are 2 Blocked actors, 0 Stopped actors, and 3 active threads.
Waiting for actors to stop.
Sent output token with value 9.0
Next port to read input from is inputB
Called postfire()
Called prefire()
Called fire()
Checking for deadlock:
There are 1 Blocked actors, 0 Stopped actors, and 3 active threads.
Waiting for actors to stop.
Called postfire()
Called prefire()
Called fire()
Checking for deadlock:
There are 2 Blocked actors, 0 Stopped actors, and 3 active threads.
Waiting for actors to stop.
Read input token from inputB with value 10.5
Checking for deadlock:
There are 1 Blocked actors, 0 Stopped actors, and 3 active threads.
Waiting for actors to stop.
Called prefire()
Called fire()
Past the end of training data. Read and discard all inputs.
Checking for deadlock:
There are 2 Blocked actors, 0 Stopped actors, and 3 active threads.
Waiting for actors to stop.
Sent output token with value 9.0
Next port to read input from is inputA
Called postfire()
Called prefire()
Called fire()
Checking for deadlock:
There are 3 Blocked actors, 0 Stopped actors, and 3 active threads.
Actors have stopped.
Checking for deadlock:
There are 3 Blocked actors, 0 Stopped actors, and 3 active threads.
Deadlock detected.
Resolving Deadlock
Checking for deadlock:
There are 3 Blocked actors, 0 Stopped actors, and 3 active threads.
Artificial Deadlock - increasing queue capacity.
increasing the capacity of receiver ptolemy.actor.TypedIOPort {.top.OrderedMerge.inputB} to 2
Director: Called postfire().
Called postfire().
_stopRequested = false
_stopFireRequested = false
Returning from postfire(): true
Called fire().
Checking for deadlock:
There are 2 Blocked actors, 0 Stopped actors, and 3 active threads.
Waiting for actors to stop.
-- Thread wrapup() called.
Called wrapup()
Thread .top.Ramp2 is exiting.
-- Thread stopped.
Checking for deadlock:
There are 2 Blocked actors, 0 Stopped actors, and 2 active threads.
Actors have stopped.
Checking for deadlock:
There are 2 Blocked actors, 0 Stopped actors, and 2 active threads.
Deadlock detected.
Resolving Deadlock
Checking for deadlock:
There are 2 Blocked actors, 0 Stopped actors, and 2 active threads.
Deadlock detected: no processes blocked on write, but some are blocked on read.
Called postfire().
_stopRequested = false
_stopFireRequested = false
Returning from postfire(): false
Finished deactivating branches.
Called wrapup().
-- Thread wrapup() called.
Called wrapup()
Thread .top.Test is exiting.
-- Thread stopped.
-- Blocked Receiver call threw TerminateProcessException.
-- Thread wrapup() called.
Called wrapup()
Thread .top.OrderedMerge is exiting.
16 ms. Memory: 146944K Free: 95428K (65%)
/home/travis/build/icyphy/ptII/ptolemy/actor/lib/test/Publisher.tcl
-- Thread stopped.
-- Blocked Receiver call threw TerminateProcessException.
5 ms. Memory: 146944K Free: 88379K (60%)
3 ms. Memory: 146944K Free: 83679K (57%)
20 ms. Memory: 208384K Free: 199960K (96%)
3 ms. Memory: 208384K Free: 199960K (96%)
9 ms. Memory: 208384K Free: 199622K (96%)
3 ms. Memory: 208384K Free: 197268K (95%)
3 ms. Memory: 208384K Free: 197268K (95%)
2 ms. Memory: 208384K Free: 197268K (95%)
1 ms. Memory: 208384K Free: 187849K (90%)
3 ms. Memory: 208384K Free: 183141K (88%)
2 ms. Memory: 208384K Free: 183141K (88%)
1 ms. Memory: 208384K Free: 180787K (87%)
17 ms. Memory: 208384K Free: 171371K (82%)
6 ms. Memory: 208384K Free: 161955K (78%)
5 ms. Memory: 208384K Free: 150185K (72%)
/home/travis/build/icyphy/ptII/ptolemy/actor/lib/test/Pulse.tcl
2 ms. Memory: 208384K Free: 110168K (53%)
1 ms. Memory: 208384K Free: 107814K (52%)
1 ms. Memory: 208384K Free: 107814K (52%)
1 ms. Memory: 208384K Free: 107814K (52%)
1 ms. Memory: 208384K Free: 107814K (52%)
2 ms. Memory: 208384K Free: 105460K (51%)
2 ms. Memory: 208384K Free: 105460K (51%)
1 ms. Memory: 208384K Free: 105460K (51%)
1 ms. Memory: 208384K Free: 103106K (49%)
/home/travis/build/icyphy/ptII/ptolemy/actor/lib/test/Ramp.tcl
4 ms. Memory: 208384K Free: 103106K (49%)
1 ms. Memory: 208384K Free: 100752K (48%)
2 ms. Memory: 208384K Free: 100752K (48%)
1 ms. Memory: 208384K Free: 100752K (48%)
2 ms. Memory: 208384K Free: 98398K (47%)
4 ms. Memory: 208384K Free: 98398K (47%)
4 ms. Memory: 208384K Free: 96044K (46%)
5 actors
5000 microseconds per iteration to create
5 ms. Memory: 208384K Free: 93690K (45%)
2 ms. Memory: 208384K Free: 93690K (45%)
2 ms. Memory: 208384K Free: 93690K (45%)
2 ms. Memory: 208384K Free: 91336K (44%)
50 actors
29000 microseconds per iteration to create
45 ms. Memory: 208384K Free: 198104K (95%)
5 ms. Memory: 208384K Free: 195713K (94%)
5 ms. Memory: 208384K Free: 195713K (94%)
5 ms. Memory: 208384K Free: 193323K (93%)
500 actors
1256000 microseconds per iteration to create
274 ms. Memory: 332288K Free: 262960K (79%)
52 ms. Memory: 332288K Free: 258162K (78%)
44 ms. Memory: 332288K Free: 253365K (76%)
39 ms. Memory: 332288K Free: 248567K (75%)
/home/travis/build/icyphy/ptII/ptolemy/actor/lib/test/RampContinuous.tcl
7 ms. Memory: 332288K Free: 243770K (73%)
/home/travis/build/icyphy/ptII/ptolemy/actor/lib/test/RecordAssembler.tcl
6 ms. Memory: 332288K Free: 243770K (73%)
3 ms. Memory: 332288K Free: 243770K (73%)
/home/travis/build/icyphy/ptII/ptolemy/actor/lib/test/RecordDisassembler.tcl
6 ms. Memory: 332288K Free: 243770K (73%)
4 ms. Memory: 332288K Free: 238956K (72%)
4 ms. Memory: 332288K Free: 238956K (72%)
/home/travis/build/icyphy/ptII/ptolemy/actor/lib/test/Scale.tcl
2 ms. Memory: 332288K Free: 238956K (72%)
1 ms. Memory: 332288K Free: 238956K (72%)
2 ms. Memory: 332288K Free: 234159K (70%)
4 ms. Memory: 332288K Free: 234159K (70%)
2 ms. Memory: 332288K Free: 234159K (70%)
/home/travis/build/icyphy/ptII/ptolemy/actor/lib/test/SequentialClock.tcl
preinitializing
resolving types
initializing
executing number 1
wrapping up
idle
3 ms. Memory: 332288K Free: 234159K (70%)
Completed execution with 5 iterations
preinitializing
resolving types
initializing
executing number 1
wrapping up
idle
3 ms. Memory: 332288K Free: 234159K (70%)
Completed execution with 5 iterations
preinitializing
resolving types
initializing
executing number 1
wrapping up
idle
7 ms. Memory: 332288K Free: 234159K (70%)
Completed execution with 5 iterations
/home/travis/build/icyphy/ptII/ptolemy/actor/lib/test/SetVariable.tcl
5 ms. Memory: 332288K Free: 229359K (69%)
/home/travis/build/icyphy/ptII/ptolemy/actor/lib/test/Sinewave.tcl
/home/travis/build/icyphy/ptII/ptolemy/actor/lib/test/SubscriptionAggregator.tcl
4 ms. Memory: 332288K Free: 214943K (65%)
8 ms. Memory: 332288K Free: 214943K (65%)
1 ms. Memory: 332288K Free: 214943K (65%)
0 ms. Memory: 332288K Free: 214943K (65%)
1 ms. Memory: 332288K Free: 210129K (63%)
3 ms. Memory: 332288K Free: 210129K (63%)
...............................................................763 ms. Memory: 581632K Free: 413240K (71%)
/home/travis/build/icyphy/ptII/ptolemy/actor/lib/test/Test.tcl
 The next command will produce a warning about training mode,
   which may be ignored.
3 ms. Memory: 581632K Free: 413240K (71%)
2 ms. Memory: 581632K Free: 413240K (71%)
1 ms. Memory: 581632K Free: 413240K (71%)
1 ms. Memory: 581632K Free: 413240K (71%)
2 ms. Memory: 581632K Free: 403575K (69%)
12 ms. Memory: 581632K Free: 403575K (69%)
3 ms. Memory: 581632K Free: 403575K (69%)
 The next command will produce a warning about training mode,
   which may be ignored.
12 ms. Memory: 581632K Free: 403575K (69%)
 The next command will produce a warning about training mode,
   which may be ignored.
2 ms. Memory: 581632K Free: 403575K (69%)
1 ms. Memory: 581632K Free: 403575K (69%)
0 ms. Memory: 581632K Free: 403575K (69%)
1 ms. Memory: 581632K Free: 403575K (69%)
1 ms. Memory: 581632K Free: 403575K (69%)
5 ms. Memory: 581632K Free: 393910K (68%)
/home/travis/build/icyphy/ptII/ptolemy/actor/lib/test/TestExceptionHandler.tcl
 The next command will produce a warning about training mode,
   which may be ignored.
2 ms. Memory: 581632K Free: 393910K (68%)
1 ms. Memory: 581632K Free: 393910K (68%)
1 ms. Memory: 581632K Free: 393910K (68%)
/home/travis/build/icyphy/ptII/ptolemy/actor/lib/test/UnionDisassembler.tcl
21 ms. Memory: 581632K Free: 384230K (66%)
/home/travis/build/icyphy/ptII/ptolemy/actor/lib/test/VariableClock.tcl
preinitializing
resolving types
initializing
executing number 1
wrapping up
idle
7 ms. Memory: 581632K Free: 384230K (66%)
Completed execution with 11 iterations
preinitializing
resolving types
initializing
executing number 1
wrapping up
idle
3 ms. Memory: 581632K Free: 384230K (66%)
Completed execution with 10 iterations
02/16/19 03:29:39
Failed: 0  Total Tests: 234  ((Passed: 234, Newly Passed: 0)  Known Failed: 0) /home/travis/build/icyphy/ptII/ptolemy/actor/lib/test
----------------- testing (KnownFailure) /home/travis/build/icyphy/ptII/ptolemy/actor/lib/test/auto/knownFailedTests/PublisherPortToplevelSubscriber.xml
1 ms. Memory: 581632K Free: 374481K (64%)
Known Failure: java.lang.reflect.InvocationTargetException
----------------- testing (KnownFailure) /home/travis/build/icyphy/ptII/ptolemy/actor/lib/test/auto/knownFailedTests/PublisherSubscriberPortToplevel.xml
0 ms. Memory: 581632K Free: 354984K (61%)
Known Failure: java.lang.reflect.InvocationTargetException
----------------- testing (KnownFailure) /home/travis/build/icyphy/ptII/ptolemy/actor/lib/test/auto/knownFailedTests/PublisherSubscriptionAggregatorPort.xml
1 ms. Memory: 581632K Free: 335487K (58%)
Known Failure: java.lang.reflect.InvocationTargetException
----------------- testing (KnownFailure) /home/travis/build/icyphy/ptII/ptolemy/actor/lib/test/auto/knownFailedTests/sizedarray3.xml
7 ms. Memory: 581632K Free: 315990K (54%)
Known Failure: java.lang.reflect.InvocationTargetException
No auto/linux-amd64/*.xml tests in /home/travis/build/icyphy/ptII/ptolemy/actor/lib/test
AutoTests.java: About to close Vertx.
AutoTests.java: Vertx closed.

===========================================================================================
----------------- testing Sat Feb 16 03:29:39 UTC 2019 /home/travis/build/icyphy/ptII/ptolemy/actor/lib/test/auto/AbsoluteValue.xml
----------------- Instantiating /home/travis/build/icyphy/ptII/ptolemy/actor/lib/test/auto/AbsoluteValue.xml
10 ms. Memory: 581632K Free: 228504K (39%)
----------------- Invoking toplevel() on ptolemy.moml.MoMLSimpleApplication@1ff65309
----------------- Done invoking toplevel() on ptolemy.moml.MoMLSimpleApplication@1ff65309
reloadAllAccessors: .AbsoluteValue

===========================================================================================
----------------- testing Sat Feb 16 03:29:39 UTC 2019 /home/travis/build/icyphy/ptII/ptolemy/actor/lib/test/auto/AbsoluteValue2.xml
----------------- Instantiating /home/travis/build/icyphy/ptII/ptolemy/actor/lib/test/auto/AbsoluteValue2.xml
11 ms. Memory: 581632K Free: 213881K (37%)
----------------- Invoking toplevel() on ptolemy.moml.MoMLSimpleApplication@51b222f8
----------------- Done invoking toplevel() on ptolemy.moml.MoMLSimpleApplication@51b222f8
reloadAllAccessors: .AbsoluteValue2

===========================================================================================
----------------- testing Sat Feb 16 03:29:39 UTC 2019 /home/travis/build/icyphy/ptII/ptolemy/actor/lib/test/auto/Accumulator.xml
----------------- Instantiating /home/travis/build/icyphy/ptII/ptolemy/actor/lib/test/auto/Accumulator.xml
5 ms. Memory: 581632K Free: 204133K (35%)
----------------- Invoking toplevel() on ptolemy.moml.MoMLSimpleApplication@767cca6a
----------------- Done invoking toplevel() on ptolemy.moml.MoMLSimpleApplication@767cca6a
reloadAllAccessors: .Accumulator

===========================================================================================
----------------- testing Sat Feb 16 03:29:39 UTC 2019 /home/travis/build/icyphy/ptII/ptolemy/actor/lib/test/auto/Accumulator2.xml
----------------- Instantiating /home/travis/build/icyphy/ptII/ptolemy/actor/lib/test/auto/Accumulator2.xml
4 ms. Memory: 581632K Free: 194384K (33%)
----------------- Invoking toplevel() on ptolemy.moml.MoMLSimpleApplication@26e9311b
----------------- Done invoking toplevel() on ptolemy.moml.MoMLSimpleApplication@26e9311b
reloadAllAccessors: .Accumulator2

===========================================================================================
----------------- testing Sat Feb 16 03:29:39 UTC 2019 /home/travis/build/icyphy/ptII/ptolemy/actor/lib/test/auto/Accumulator3.xml
----------------- Instantiating /home/travis/build/icyphy/ptII/ptolemy/actor/lib/test/auto/Accumulator3.xml
3 ms. Memory: 581632K Free: 184636K (32%)
----------------- Invoking toplevel() on ptolemy.moml.MoMLSimpleApplication@651d1f43
----------------- Done invoking toplevel() on ptolemy.moml.MoMLSimpleApplication@651d1f43
reloadAllAccessors: .Accumulator3

===========================================================================================
----------------- testing Sat Feb 16 03:29:39 UTC 2019 /home/travis/build/icyphy/ptII/ptolemy/actor/lib/test/auto/ArrayAppend.xml
----------------- Instantiating /home/travis/build/icyphy/ptII/ptolemy/actor/lib/test/auto/ArrayAppend.xml
5 ms. Memory: 581632K Free: 165223K (28%)
----------------- Invoking toplevel() on ptolemy.moml.MoMLSimpleApplication@8c06d22
----------------- Done invoking toplevel() on ptolemy.moml.MoMLSimpleApplication@8c06d22
reloadAllAccessors: .ArrayAppend

===========================================================================================
----------------- testing Sat Feb 16 03:29:39 UTC 2019 /home/travis/build/icyphy/ptII/ptolemy/actor/lib/test/auto/ArrayAppend2.xml
----------------- Instantiating /home/travis/build/icyphy/ptII/ptolemy/actor/lib/test/auto/ArrayAppend2.xml
361 ms. Memory: 581632K Free: 96983K (17%)
----------------- Invoking toplevel() on ptolemy.moml.MoMLSimpleApplication@712313c6
----------------- Done invoking toplevel() on ptolemy.moml.MoMLSimpleApplication@712313c6
reloadAllAccessors: .ArrayAppend2

===========================================================================================
----------------- testing Sat Feb 16 03:29:40 UTC 2019 /home/travis/build/icyphy/ptII/ptolemy/actor/lib/test/auto/ArrayAppend3.xml
----------------- Instantiating /home/travis/build/icyphy/ptII/ptolemy/actor/lib/test/auto/ArrayAppend3.xml
4 ms. Memory: 581632K Free: 87234K (15%)
----------------- Invoking toplevel() on ptolemy.moml.MoMLSimpleApplication@5ccd9802
----------------- Done invoking toplevel() on ptolemy.moml.MoMLSimpleApplication@5ccd9802
reloadAllAccessors: .ArrayAppend3

===========================================================================================
----------------- testing Sat Feb 16 03:29:40 UTC 2019 /home/travis/build/icyphy/ptII/ptolemy/actor/lib/test/auto/ArrayAppend4.xml
----------------- Instantiating /home/travis/build/icyphy/ptII/ptolemy/actor/lib/test/auto/ArrayAppend4.xml
10 ms. Memory: 581632K Free: 77486K (13%)
----------------- Invoking toplevel() on ptolemy.moml.MoMLSimpleApplication@124c730
----------------- Done invoking toplevel() on ptolemy.moml.MoMLSimpleApplication@124c730
reloadAllAccessors: .ArrayAppend4

===========================================================================================
----------------- testing Sat Feb 16 03:29:40 UTC 2019 /home/travis/build/icyphy/ptII/ptolemy/actor/lib/test/auto/ArrayAppend5.xml
----------------- Instantiating /home/travis/build/icyphy/ptII/ptolemy/actor/lib/test/auto/ArrayAppend5.xml
1 ms. Memory: 582656K Free: 532056K (91%)
----------------- Invoking toplevel() on ptolemy.moml.MoMLSimpleApplication@4f716f84
----------------- Done invoking toplevel() on ptolemy.moml.MoMLSimpleApplication@4f716f84
reloadAllAccessors: .ArrayAppend5

===========================================================================================
----------------- testing Sat Feb 16 03:29:40 UTC 2019 /home/travis/build/icyphy/ptII/ptolemy/actor/lib/test/auto/ArrayAppend6.xml
----------------- Instantiating /home/travis/build/icyphy/ptII/ptolemy/actor/lib/test/auto/ArrayAppend6.xml
3 ms. Memory: 582656K Free: 514536K (88%)
----------------- Invoking toplevel() on ptolemy.moml.MoMLSimpleApplication@5c3d1c83
----------------- Done invoking toplevel() on ptolemy.moml.MoMLSimpleApplication@5c3d1c83
reloadAllAccessors: .ArrayAppend6

===========================================================================================
----------------- testing Sat Feb 16 03:29:40 UTC 2019 /home/travis/build/icyphy/ptII/ptolemy/actor/lib/test/auto/ArrayAppendPerformanceTest.xml
----------------- Instantiating /home/travis/build/icyphy/ptII/ptolemy/actor/lib/test/auto/ArrayAppendPerformanceTest.xml
26 ms. Memory: 582656K Free: 499898K (86%)
----------------- Invoking toplevel() on ptolemy.moml.MoMLSimpleApplication@4ce2989e
----------------- Done invoking toplevel() on ptolemy.moml.MoMLSimpleApplication@4ce2989e
reloadAllAccessors: .ArrayAppendPerformanceTest

===========================================================================================
----------------- testing Sat Feb 16 03:29:40 UTC 2019 /home/travis/build/icyphy/ptII/ptolemy/actor/lib/test/auto/ArrayAppendWithEmptyInput.xml
----------------- Instantiating /home/travis/build/icyphy/ptII/ptolemy/actor/lib/test/auto/ArrayAppendWithEmptyInput.xml
15 ms. Memory: 582656K Free: 485259K (83%)
----------------- Invoking toplevel() on ptolemy.moml.MoMLSimpleApplication@5197b514
----------------- Done invoking toplevel() on ptolemy.moml.MoMLSimpleApplication@5197b514
reloadAllAccessors: .ArrayAppendWithEmptyInput

===========================================================================================
----------------- testing Sat Feb 16 03:29:40 UTC 2019 /home/travis/build/icyphy/ptII/ptolemy/actor/lib/test/auto/ArrayAverage.xml
----------------- Instantiating /home/travis/build/icyphy/ptII/ptolemy/actor/lib/test/auto/ArrayAverage.xml
5 ms. Memory: 582656K Free: 462849K (79%)
----------------- Invoking toplevel() on ptolemy.moml.MoMLSimpleApplication@423cc1d3
----------------- Done invoking toplevel() on ptolemy.moml.MoMLSimpleApplication@423cc1d3
reloadAllAccessors: .ArrayAverage

===========================================================================================
----------------- testing Sat Feb 16 03:29:40 UTC 2019 /home/travis/build/icyphy/ptII/ptolemy/actor/lib/test/auto/ArrayContains.xml
----------------- Instantiating /home/travis/build/icyphy/ptII/ptolemy/actor/lib/test/auto/ArrayContains.xml
3 ms. Memory: 582656K Free: 453101K (78%)
----------------- Invoking toplevel() on ptolemy.moml.MoMLSimpleApplication@57c36d53
----------------- Done invoking toplevel() on ptolemy.moml.MoMLSimpleApplication@57c36d53
reloadAllAccessors: .ArrayContains

===========================================================================================
----------------- testing Sat Feb 16 03:29:40 UTC 2019 /home/travis/build/icyphy/ptII/ptolemy/actor/lib/test/auto/ArrayElement.xml
----------------- Instantiating /home/travis/build/icyphy/ptII/ptolemy/actor/lib/test/auto/ArrayElement.xml
7 ms. Memory: 582656K Free: 443352K (76%)
----------------- Invoking toplevel() on ptolemy.moml.MoMLSimpleApplication@d6e70e8
----------------- Done invoking toplevel() on ptolemy.moml.MoMLSimpleApplication@d6e70e8
reloadAllAccessors: .ArrayElement

===========================================================================================
----------------- testing Sat Feb 16 03:29:40 UTC 2019 /home/travis/build/icyphy/ptII/ptolemy/actor/lib/test/auto/ArrayElementAsMatrix.xml
----------------- Instantiating /home/travis/build/icyphy/ptII/ptolemy/actor/lib/test/auto/ArrayElementAsMatrix.xml
21 ms. Memory: 582656K Free: 428722K (74%)
----------------- Invoking toplevel() on ptolemy.moml.MoMLSimpleApplication@5c24011d
----------------- Done invoking toplevel() on ptolemy.moml.MoMLSimpleApplication@5c24011d
reloadAllAccessors: .ArrayElementAsMatrix

===========================================================================================
----------------- testing Sat Feb 16 03:29:40 UTC 2019 /home/travis/build/icyphy/ptII/ptolemy/actor/lib/test/auto/ArrayElementI.xml
----------------- Instantiating /home/travis/build/icyphy/ptII/ptolemy/actor/lib/test/auto/ArrayElementI.xml
2 ms. Memory: 582656K Free: 411202K (71%)
----------------- Invoking toplevel() on ptolemy.moml.MoMLSimpleApplication@3f0edcc6
----------------- Done invoking toplevel() on ptolemy.moml.MoMLSimpleApplication@3f0edcc6
reloadAllAccessors: .ArrayElementI

===========================================================================================
----------------- testing Sat Feb 16 03:29:40 UTC 2019 /home/travis/build/icyphy/ptII/ptolemy/actor/lib/test/auto/ArrayExtract.xml
----------------- Instantiating /home/travis/build/icyphy/ptII/ptolemy/actor/lib/test/auto/ArrayExtract.xml
3 ms. Memory: 582656K Free: 401454K (69%)
----------------- Invoking toplevel() on ptolemy.moml.MoMLSimpleApplication@234a1e46
----------------- Done invoking toplevel() on ptolemy.moml.MoMLSimpleApplication@234a1e46
reloadAllAccessors: .ArrayExtract

===========================================================================================
----------------- testing Sat Feb 16 03:29:40 UTC 2019 /home/travis/build/icyphy/ptII/ptolemy/actor/lib/test/auto/ArrayExtract2.xml
----------------- Instantiating /home/travis/build/icyphy/ptII/ptolemy/actor/lib/test/auto/ArrayExtract2.xml
1 ms. Memory: 582656K Free: 391705K (67%)
----------------- Invoking toplevel() on ptolemy.moml.MoMLSimpleApplication@7f81cc96
----------------- Done invoking toplevel() on ptolemy.moml.MoMLSimpleApplication@7f81cc96
reloadAllAccessors: .ArrayExtract2

===========================================================================================
----------------- testing Sat Feb 16 03:29:40 UTC 2019 /home/travis/build/icyphy/ptII/ptolemy/actor/lib/test/auto/ArrayLength.xml
----------------- Instantiating /home/travis/build/icyphy/ptII/ptolemy/actor/lib/test/auto/ArrayLength.xml
2 ms. Memory: 582656K Free: 374186K (64%)
----------------- Invoking toplevel() on ptolemy.moml.MoMLSimpleApplication@424d5804
----------------- Done invoking toplevel() on ptolemy.moml.MoMLSimpleApplication@424d5804
reloadAllAccessors: .ArrayLength

===========================================================================================
----------------- testing Sat Feb 16 03:29:40 UTC 2019 /home/travis/build/icyphy/ptII/ptolemy/actor/lib/test/auto/ArrayLevelCrossing.xml
----------------- Instantiating /home/travis/build/icyphy/ptII/ptolemy/actor/lib/test/auto/ArrayLevelCrossing.xml
4 ms. Memory: 582656K Free: 359563K (62%)
----------------- Invoking toplevel() on ptolemy.moml.MoMLSimpleApplication@fac5c01
----------------- Done invoking toplevel() on ptolemy.moml.MoMLSimpleApplication@fac5c01
reloadAllAccessors: .ArrayLevelCrossing

===========================================================================================
----------------- testing Sat Feb 16 03:29:40 UTC 2019 /home/travis/build/icyphy/ptII/ptolemy/actor/lib/test/auto/ArrayLevelCrossing2.xml
----------------- Instantiating /home/travis/build/icyphy/ptII/ptolemy/actor/lib/test/auto/ArrayLevelCrossing2.xml
8 ms. Memory: 582656K Free: 349815K (60%)
----------------- Invoking toplevel() on ptolemy.moml.MoMLSimpleApplication@6692cd68
----------------- Done invoking toplevel() on ptolemy.moml.MoMLSimpleApplication@6692cd68
reloadAllAccessors: .ArrayLevelCrossing2

===========================================================================================
----------------- testing Sat Feb 16 03:29:40 UTC 2019 /home/travis/build/icyphy/ptII/ptolemy/actor/lib/test/auto/ArrayPeakSearch.xml
----------------- Instantiating /home/travis/build/icyphy/ptII/ptolemy/actor/lib/test/auto/ArrayPeakSearch.xml
5 ms. Memory: 582656K Free: 335192K (58%)
----------------- Invoking toplevel() on ptolemy.moml.MoMLSimpleApplication@6b4b5ea5
----------------- Done invoking toplevel() on ptolemy.moml.MoMLSimpleApplication@6b4b5ea5
reloadAllAccessors: .ArrayPeakSearch

===========================================================================================
----------------- testing Sat Feb 16 03:29:40 UTC 2019 /home/travis/build/icyphy/ptII/ptolemy/actor/lib/test/auto/ArrayPeakSearch2.xml
----------------- Instantiating /home/travis/build/icyphy/ptII/ptolemy/actor/lib/test/auto/ArrayPeakSearch2.xml
3 ms. Memory: 582656K Free: 312783K (54%)
----------------- Invoking toplevel() on ptolemy.moml.MoMLSimpleApplication@4a08e8e3
----------------- Done invoking toplevel() on ptolemy.moml.MoMLSimpleApplication@4a08e8e3
reloadAllAccessors: .ArrayPeakSearch2

===========================================================================================
----------------- testing Sat Feb 16 03:29:40 UTC 2019 /home/travis/build/icyphy/ptII/ptolemy/actor/lib/test/auto/ArrayPeakSearch3.xml
----------------- Instantiating /home/travis/build/icyphy/ptII/ptolemy/actor/lib/test/auto/ArrayPeakSearch3.xml
3 ms. Memory: 582656K Free: 298160K (51%)
----------------- Invoking toplevel() on ptolemy.moml.MoMLSimpleApplication@4cfb410f
----------------- Done invoking toplevel() on ptolemy.moml.MoMLSimpleApplication@4cfb410f
reloadAllAccessors: .ArrayPeakSearch3

===========================================================================================
----------------- testing Sat Feb 16 03:29:41 UTC 2019 /home/travis/build/icyphy/ptII/ptolemy/actor/lib/test/auto/ArrayRemoveElement.xml
----------------- Instantiating /home/travis/build/icyphy/ptII/ptolemy/actor/lib/test/auto/ArrayRemoveElement.xml
3 ms. Memory: 582656K Free: 283536K (49%)
----------------- Invoking toplevel() on ptolemy.moml.MoMLSimpleApplication@5f2a4a29
----------------- Done invoking toplevel() on ptolemy.moml.MoMLSimpleApplication@5f2a4a29
reloadAllAccessors: .ArrayRemoveElement

===========================================================================================
----------------- testing Sat Feb 16 03:29:41 UTC 2019 /home/travis/build/icyphy/ptII/ptolemy/actor/lib/test/auto/ArraySort.xml
----------------- Instantiating /home/travis/build/icyphy/ptII/ptolemy/actor/lib/test/auto/ArraySort.xml
2 ms. Memory: 582656K Free: 261127K (45%)
----------------- Invoking toplevel() on ptolemy.moml.MoMLSimpleApplication@29555aff
----------------- Done invoking toplevel() on ptolemy.moml.MoMLSimpleApplication@29555aff
reloadAllAccessors: .ArraySort

===========================================================================================
----------------- testing Sat Feb 16 03:29:41 UTC 2019 /home/travis/build/icyphy/ptII/ptolemy/actor/lib/test/auto/ArraySum.xml
----------------- Instantiating /home/travis/build/icyphy/ptII/ptolemy/actor/lib/test/auto/ArraySum.xml
3 ms. Memory: 582656K Free: 251378K (43%)
----------------- Invoking toplevel() on ptolemy.moml.MoMLSimpleApplication@66f576c5
----------------- Done invoking toplevel() on ptolemy.moml.MoMLSimpleApplication@66f576c5
reloadAllAccessors: .ArraySum

===========================================================================================
----------------- testing Sat Feb 16 03:29:41 UTC 2019 /home/travis/build/icyphy/ptII/ptolemy/actor/lib/test/auto/ArrayToElements.xml
----------------- Instantiating /home/travis/build/icyphy/ptII/ptolemy/actor/lib/test/auto/ArrayToElements.xml
3 ms. Memory: 582656K Free: 241630K (41%)
----------------- Invoking toplevel() on ptolemy.moml.MoMLSimpleApplication@f85da3
----------------- Done invoking toplevel() on ptolemy.moml.MoMLSimpleApplication@f85da3
reloadAllAccessors: .ArrayToElements

===========================================================================================
----------------- testing Sat Feb 16 03:29:41 UTC 2019 /home/travis/build/icyphy/ptII/ptolemy/actor/lib/test/auto/ArrayToMatrix.xml
----------------- Instantiating /home/travis/build/icyphy/ptII/ptolemy/actor/lib/test/auto/ArrayToMatrix.xml
6 ms. Memory: 582656K Free: 222125K (38%)
----------------- Invoking toplevel() on ptolemy.moml.MoMLSimpleApplication@5ab5b8d4
----------------- Done invoking toplevel() on ptolemy.moml.MoMLSimpleApplication@5ab5b8d4
reloadAllAccessors: .ArrayToMatrix

===========================================================================================
----------------- testing Sat Feb 16 03:29:41 UTC 2019 /home/travis/build/icyphy/ptII/ptolemy/actor/lib/test/auto/ArrayUpdate1.xml
----------------- Instantiating /home/travis/build/icyphy/ptII/ptolemy/actor/lib/test/auto/ArrayUpdate1.xml
2 ms. Memory: 582656K Free: 204605K (35%)
----------------- Invoking toplevel() on ptolemy.moml.MoMLSimpleApplication@55b1b8c4
----------------- Done invoking toplevel() on ptolemy.moml.MoMLSimpleApplication@55b1b8c4
reloadAllAccessors: .ArrayUpdate1

===========================================================================================
----------------- testing Sat Feb 16 03:29:41 UTC 2019 /home/travis/build/icyphy/ptII/ptolemy/actor/lib/test/auto/ArrayUpdate2.xml
----------------- Instantiating /home/travis/build/icyphy/ptII/ptolemy/actor/lib/test/auto/ArrayUpdate2.xml
3 ms. Memory: 582656K Free: 194857K (33%)
----------------- Invoking toplevel() on ptolemy.moml.MoMLSimpleApplication@614a13fc
----------------- Done invoking toplevel() on ptolemy.moml.MoMLSimpleApplication@614a13fc
reloadAllAccessors: .ArrayUpdate2

===========================================================================================
----------------- testing Sat Feb 16 03:29:41 UTC 2019 /home/travis/build/icyphy/ptII/ptolemy/actor/lib/test/auto/ArrayUpdate3.xml
----------------- Instantiating /home/travis/build/icyphy/ptII/ptolemy/actor/lib/test/auto/ArrayUpdate3.xml
2 ms. Memory: 582656K Free: 185108K (32%)
----------------- Invoking toplevel() on ptolemy.moml.MoMLSimpleApplication@3be1f495
----------------- Done invoking toplevel() on ptolemy.moml.MoMLSimpleApplication@3be1f495
reloadAllAccessors: .ArrayUpdate3

===========================================================================================
----------------- testing Sat Feb 16 03:29:41 UTC 2019 /home/travis/build/icyphy/ptII/ptolemy/actor/lib/test/auto/Assert1.xml
----------------- Instantiating /home/travis/build/icyphy/ptII/ptolemy/actor/lib/test/auto/Assert1.xml
2 ms. Memory: 582656K Free: 167589K (29%)
----------------- Invoking toplevel() on ptolemy.moml.MoMLSimpleApplication@46f0597e
----------------- Done invoking toplevel() on ptolemy.moml.MoMLSimpleApplication@46f0597e
reloadAllAccessors: .Assert1

===========================================================================================
----------------- testing Sat Feb 16 03:29:41 UTC 2019 /home/travis/build/icyphy/ptII/ptolemy/actor/lib/test/auto/Assert2.xml
----------------- Instantiating /home/travis/build/icyphy/ptII/ptolemy/actor/lib/test/auto/Assert2.xml
6 ms. Memory: 582656K Free: 157840K (27%)
----------------- Invoking toplevel() on ptolemy.moml.MoMLSimpleApplication@161c00cf
----------------- Done invoking toplevel() on ptolemy.moml.MoMLSimpleApplication@161c00cf
reloadAllAccessors: .Assert2

===========================================================================================
----------------- testing Sat Feb 16 03:29:41 UTC 2019 /home/travis/build/icyphy/ptII/ptolemy/actor/lib/test/auto/BooleanMultiplexor.xml
----------------- Instantiating /home/travis/build/icyphy/ptII/ptolemy/actor/lib/test/auto/BooleanMultiplexor.xml
2 ms. Memory: 582656K Free: 148092K (25%)
----------------- Invoking toplevel() on ptolemy.moml.MoMLSimpleApplication@207637a6
----------------- Done invoking toplevel() on ptolemy.moml.MoMLSimpleApplication@207637a6
reloadAllAccessors: .BooleanMultiplexor

===========================================================================================
----------------- testing Sat Feb 16 03:29:41 UTC 2019 /home/travis/build/icyphy/ptII/ptolemy/actor/lib/test/auto/BooleanMultiplexor2.xml
----------------- Instantiating /home/travis/build/icyphy/ptII/ptolemy/actor/lib/test/auto/BooleanMultiplexor2.xml
4 ms. Memory: 582656K Free: 138343K (24%)
----------------- Invoking toplevel() on ptolemy.moml.MoMLSimpleApplication@397e3826
----------------- Done invoking toplevel() on ptolemy.moml.MoMLSimpleApplication@397e3826
reloadAllAccessors: .BooleanMultiplexor2

===========================================================================================
----------------- testing Sat Feb 16 03:29:41 UTC 2019 /home/travis/build/icyphy/ptII/ptolemy/actor/lib/test/auto/BooleanMultiplexor3.xml
----------------- Instantiating /home/travis/build/icyphy/ptII/ptolemy/actor/lib/test/auto/BooleanMultiplexor3.xml
5 ms. Memory: 582656K Free: 120824K (21%)
----------------- Invoking toplevel() on ptolemy.moml.MoMLSimpleApplication@576bc8c6
----------------- Done invoking toplevel() on ptolemy.moml.MoMLSimpleApplication@576bc8c6
reloadAllAccessors: .BooleanMultiplexor3

===========================================================================================
----------------- testing Sat Feb 16 03:29:41 UTC 2019 /home/travis/build/icyphy/ptII/ptolemy/actor/lib/test/auto/BooleanSelect.xml
----------------- Instantiating /home/travis/build/icyphy/ptII/ptolemy/actor/lib/test/auto/BooleanSelect.xml
6 ms. Memory: 582656K Free: 111076K (19%)
----------------- Invoking toplevel() on ptolemy.moml.MoMLSimpleApplication@6207b483
----------------- Done invoking toplevel() on ptolemy.moml.MoMLSimpleApplication@6207b483
reloadAllAccessors: .BooleanSelect

===========================================================================================
----------------- testing Sat Feb 16 03:29:41 UTC 2019 /home/travis/build/icyphy/ptII/ptolemy/actor/lib/test/auto/BooleanSelect2.xml
----------------- Instantiating /home/travis/build/icyphy/ptII/ptolemy/actor/lib/test/auto/BooleanSelect2.xml
1 ms. Memory: 582656K Free: 101327K (17%)
----------------- Invoking toplevel() on ptolemy.moml.MoMLSimpleApplication@153dd813
----------------- Done invoking toplevel() on ptolemy.moml.MoMLSimpleApplication@153dd813
reloadAllAccessors: .BooleanSelect2

===========================================================================================
----------------- testing Sat Feb 16 03:29:41 UTC 2019 /home/travis/build/icyphy/ptII/ptolemy/actor/lib/test/auto/BooleanSwitch.xml
----------------- Instantiating /home/travis/build/icyphy/ptII/ptolemy/actor/lib/test/auto/BooleanSwitch.xml
2 ms. Memory: 582656K Free: 83808K (14%)
----------------- Invoking toplevel() on ptolemy.moml.MoMLSimpleApplication@471d2ac
----------------- Done invoking toplevel() on ptolemy.moml.MoMLSimpleApplication@471d2ac
reloadAllAccessors: .BooleanSwitch

===========================================================================================
----------------- testing Sat Feb 16 03:29:41 UTC 2019 /home/travis/build/icyphy/ptII/ptolemy/actor/lib/test/auto/BooleanSwitch2.xml
----------------- Instantiating /home/travis/build/icyphy/ptII/ptolemy/actor/lib/test/auto/BooleanSwitch2.xml
1 ms. Memory: 582656K Free: 74059K (13%)
----------------- Invoking toplevel() on ptolemy.moml.MoMLSimpleApplication@62c48cce
----------------- Done invoking toplevel() on ptolemy.moml.MoMLSimpleApplication@62c48cce
reloadAllAccessors: .BooleanSwitch2

===========================================================================================
----------------- testing Sat Feb 16 03:29:41 UTC 2019 /home/travis/build/icyphy/ptII/ptolemy/actor/lib/test/auto/BooleanSwitchCloningBugWithClassRelationGroup.xml
----------------- Instantiating /home/travis/build/icyphy/ptII/ptolemy/actor/lib/test/auto/BooleanSwitchCloningBugWithClassRelationGroup.xml
2 ms. Memory: 582656K Free: 64311K (11%)
----------------- Invoking toplevel() on ptolemy.moml.MoMLSimpleApplication@1b9e8336
----------------- Done invoking toplevel() on ptolemy.moml.MoMLSimpleApplication@1b9e8336
reloadAllAccessors: .BooleanSwitchCloningBugWithClassRelationGroup

===========================================================================================
----------------- testing Sat Feb 16 03:29:41 UTC 2019 /home/travis/build/icyphy/ptII/ptolemy/actor/lib/test/auto/BusActors.xml
----------------- Instantiating /home/travis/build/icyphy/ptII/ptolemy/actor/lib/test/auto/BusActors.xml
43 ms. Memory: 881152K Free: 835664K (95%)
----------------- Invoking toplevel() on ptolemy.moml.MoMLSimpleApplication@47815ce0
----------------- Done invoking toplevel() on ptolemy.moml.MoMLSimpleApplication@47815ce0
reloadAllAccessors: .BusActors

===========================================================================================
----------------- testing Sat Feb 16 03:29:41 UTC 2019 /home/travis/build/icyphy/ptII/ptolemy/actor/lib/test/auto/ClassWrapper.xml
----------------- Instantiating /home/travis/build/icyphy/ptII/ptolemy/actor/lib/test/auto/ClassWrapper.xml
2 ms. Memory: 881152K Free: 812399K (92%)
----------------- Invoking toplevel() on ptolemy.moml.MoMLSimpleApplication@265b1958
----------------- Done invoking toplevel() on ptolemy.moml.MoMLSimpleApplication@265b1958
reloadAllAccessors: .ClassWrapper

===========================================================================================
----------------- testing Sat Feb 16 03:29:41 UTC 2019 /home/travis/build/icyphy/ptII/ptolemy/actor/lib/test/auto/Clock.xml
----------------- Instantiating /home/travis/build/icyphy/ptII/ptolemy/actor/lib/test/auto/Clock.xml
2 ms. Memory: 881152K Free: 801833K (91%)
----------------- Invoking toplevel() on ptolemy.moml.MoMLSimpleApplication@5cff2084
----------------- Done invoking toplevel() on ptolemy.moml.MoMLSimpleApplication@5cff2084
reloadAllAccessors: .Clock

===========================================================================================
----------------- testing Sat Feb 16 03:29:41 UTC 2019 /home/travis/build/icyphy/ptII/ptolemy/actor/lib/test/auto/Clock10.xml
----------------- Instantiating /home/travis/build/icyphy/ptII/ptolemy/actor/lib/test/auto/Clock10.xml
2 ms. Memory: 881152K Free: 791430K (90%)
----------------- Invoking toplevel() on ptolemy.moml.MoMLSimpleApplication@a1d4081
----------------- Done invoking toplevel() on ptolemy.moml.MoMLSimpleApplication@a1d4081
reloadAllAccessors: .Clock10

===========================================================================================
----------------- testing Sat Feb 16 03:29:41 UTC 2019 /home/travis/build/icyphy/ptII/ptolemy/actor/lib/test/auto/Clock11.xml
----------------- Instantiating /home/travis/build/icyphy/ptII/ptolemy/actor/lib/test/auto/Clock11.xml
4 ms. Memory: 881152K Free: 772144K (88%)
----------------- Invoking toplevel() on ptolemy.moml.MoMLSimpleApplication@1dfb1b9
----------------- Done invoking toplevel() on ptolemy.moml.MoMLSimpleApplication@1dfb1b9
reloadAllAccessors: .Clock11

===========================================================================================
----------------- testing Sat Feb 16 03:29:41 UTC 2019 /home/travis/build/icyphy/ptII/ptolemy/actor/lib/test/auto/Clock12.xml
----------------- Instantiating /home/travis/build/icyphy/ptII/ptolemy/actor/lib/test/auto/Clock12.xml
4 ms. Memory: 881152K Free: 761740K (86%)
----------------- Invoking toplevel() on ptolemy.moml.MoMLSimpleApplication@5c96c572
----------------- Done invoking toplevel() on ptolemy.moml.MoMLSimpleApplication@5c96c572
reloadAllAccessors: .Clock12

===========================================================================================
----------------- testing Sat Feb 16 03:29:41 UTC 2019 /home/travis/build/icyphy/ptII/ptolemy/actor/lib/test/auto/Clock13.xml
----------------- Instantiating /home/travis/build/icyphy/ptII/ptolemy/actor/lib/test/auto/Clock13.xml
6 ms. Memory: 881152K Free: 751336K (85%)
----------------- Invoking toplevel() on ptolemy.moml.MoMLSimpleApplication@f3a6c57
----------------- Done invoking toplevel() on ptolemy.moml.MoMLSimpleApplication@f3a6c57
reloadAllAccessors: .Clock13

===========================================================================================
----------------- testing Sat Feb 16 03:29:41 UTC 2019 /home/travis/build/icyphy/ptII/ptolemy/actor/lib/test/auto/Clock14.xml
----------------- Instantiating /home/travis/build/icyphy/ptII/ptolemy/actor/lib/test/auto/Clock14.xml
3 ms. Memory: 881152K Free: 740933K (84%)
----------------- Invoking toplevel() on ptolemy.moml.MoMLSimpleApplication@2bc53ae5
----------------- Done invoking toplevel() on ptolemy.moml.MoMLSimpleApplication@2bc53ae5
reloadAllAccessors: .Clock14

===========================================================================================
----------------- testing Sat Feb 16 03:29:41 UTC 2019 /home/travis/build/icyphy/ptII/ptolemy/actor/lib/test/auto/Clock15.xml
----------------- Instantiating /home/travis/build/icyphy/ptII/ptolemy/actor/lib/test/auto/Clock15.xml
5 ms. Memory: 881152K Free: 721647K (82%)
----------------- Invoking toplevel() on ptolemy.moml.MoMLSimpleApplication@60a68e3a
----------------- Done invoking toplevel() on ptolemy.moml.MoMLSimpleApplication@60a68e3a
reloadAllAccessors: .Clock15

===========================================================================================
----------------- testing Sat Feb 16 03:29:41 UTC 2019 /home/travis/build/icyphy/ptII/ptolemy/actor/lib/test/auto/Clock16.xml
----------------- Instantiating /home/travis/build/icyphy/ptII/ptolemy/actor/lib/test/auto/Clock16.xml
23 ms. Memory: 881152K Free: 706025K (80%)
----------------- Invoking toplevel() on ptolemy.moml.MoMLSimpleApplication@58b6053a
----------------- Done invoking toplevel() on ptolemy.moml.MoMLSimpleApplication@58b6053a
reloadAllAccessors: .Clock16

===========================================================================================
----------------- testing Sat Feb 16 03:29:41 UTC 2019 /home/travis/build/icyphy/ptII/ptolemy/actor/lib/test/auto/Clock17.xml
----------------- Instantiating /home/travis/build/icyphy/ptII/ptolemy/actor/lib/test/auto/Clock17.xml
14 ms. Memory: 881152K Free: 685348K (78%)
----------------- Invoking toplevel() on ptolemy.moml.MoMLSimpleApplication@778690ee
----------------- Done invoking toplevel() on ptolemy.moml.MoMLSimpleApplication@778690ee
reloadAllAccessors: .Clock17

===========================================================================================
----------------- testing Sat Feb 16 03:29:41 UTC 2019 /home/travis/build/icyphy/ptII/ptolemy/actor/lib/test/auto/Clock18.xml
----------------- Instantiating /home/travis/build/icyphy/ptII/ptolemy/actor/lib/test/auto/Clock18.xml
21 ms. Memory: 881152K Free: 669726K (76%)
----------------- Invoking toplevel() on ptolemy.moml.MoMLSimpleApplication@4e434472
----------------- Done invoking toplevel() on ptolemy.moml.MoMLSimpleApplication@4e434472
reloadAllAccessors: .Clock18

===========================================================================================
----------------- testing Sat Feb 16 03:29:41 UTC 2019 /home/travis/build/icyphy/ptII/ptolemy/actor/lib/test/auto/Clock19.xml
----------------- Instantiating /home/travis/build/icyphy/ptII/ptolemy/actor/lib/test/auto/Clock19.xml
14 ms. Memory: 881152K Free: 645222K (73%)
----------------- Invoking toplevel() on ptolemy.moml.MoMLSimpleApplication@65bd2244
----------------- Done invoking toplevel() on ptolemy.moml.MoMLSimpleApplication@65bd2244
reloadAllAccessors: .Clock19

===========================================================================================
----------------- testing Sat Feb 16 03:29:41 UTC 2019 /home/travis/build/icyphy/ptII/ptolemy/actor/lib/test/auto/Clock2.xml
----------------- Instantiating /home/travis/build/icyphy/ptII/ptolemy/actor/lib/test/auto/Clock2.xml
5 ms. Memory: 881152K Free: 634819K (72%)
----------------- Invoking toplevel() on ptolemy.moml.MoMLSimpleApplication@333c1de6
----------------- Done invoking toplevel() on ptolemy.moml.MoMLSimpleApplication@333c1de6
reloadAllAccessors: .Clock2

===========================================================================================
----------------- testing Sat Feb 16 03:29:42 UTC 2019 /home/travis/build/icyphy/ptII/ptolemy/actor/lib/test/auto/Clock20.xml
----------------- Instantiating /home/travis/build/icyphy/ptII/ptolemy/actor/lib/test/auto/Clock20.xml
2 ms. Memory: 881152K Free: 624415K (71%)
----------------- Invoking toplevel() on ptolemy.moml.MoMLSimpleApplication@4193ed26
----------------- Done invoking toplevel() on ptolemy.moml.MoMLSimpleApplication@4193ed26
reloadAllAccessors: .Clock20

===========================================================================================
----------------- testing Sat Feb 16 03:29:42 UTC 2019 /home/travis/build/icyphy/ptII/ptolemy/actor/lib/test/auto/Clock21.xml
----------------- Instantiating /home/travis/build/icyphy/ptII/ptolemy/actor/lib/test/auto/Clock21.xml
2 ms. Memory: 881152K Free: 614011K (70%)
----------------- Invoking toplevel() on ptolemy.moml.MoMLSimpleApplication@52e79629
----------------- Done invoking toplevel() on ptolemy.moml.MoMLSimpleApplication@52e79629
reloadAllAccessors: .Clock21

===========================================================================================
----------------- testing Sat Feb 16 03:29:42 UTC 2019 /home/travis/build/icyphy/ptII/ptolemy/actor/lib/test/auto/Clock22.xml
----------------- Instantiating /home/travis/build/icyphy/ptII/ptolemy/actor/lib/test/auto/Clock22.xml
2 ms. Memory: 881152K Free: 594725K (67%)
----------------- Invoking toplevel() on ptolemy.moml.MoMLSimpleApplication@6bfd7bd4
----------------- Done invoking toplevel() on ptolemy.moml.MoMLSimpleApplication@6bfd7bd4
reloadAllAccessors: .Clock22

===========================================================================================
----------------- testing Sat Feb 16 03:29:42 UTC 2019 /home/travis/build/icyphy/ptII/ptolemy/actor/lib/test/auto/Clock23.xml
----------------- Instantiating /home/travis/build/icyphy/ptII/ptolemy/actor/lib/test/auto/Clock23.xml
2 ms. Memory: 881152K Free: 584322K (66%)
----------------- Invoking toplevel() on ptolemy.moml.MoMLSimpleApplication@577e768
----------------- Done invoking toplevel() on ptolemy.moml.MoMLSimpleApplication@577e768
reloadAllAccessors: .Clock23

===========================================================================================
----------------- testing Sat Feb 16 03:29:42 UTC 2019 /home/travis/build/icyphy/ptII/ptolemy/actor/lib/test/auto/Clock24.xml
----------------- Instantiating /home/travis/build/icyphy/ptII/ptolemy/actor/lib/test/auto/Clock24.xml
2 ms. Memory: 881152K Free: 573918K (65%)
----------------- Invoking toplevel() on ptolemy.moml.MoMLSimpleApplication@297ab96f
----------------- Done invoking toplevel() on ptolemy.moml.MoMLSimpleApplication@297ab96f
reloadAllAccessors: .Clock24

===========================================================================================
----------------- testing Sat Feb 16 03:29:42 UTC 2019 /home/travis/build/icyphy/ptII/ptolemy/actor/lib/test/auto/Clock4.xml
----------------- Instantiating /home/travis/build/icyphy/ptII/ptolemy/actor/lib/test/auto/Clock4.xml
4 ms. Memory: 881152K Free: 563514K (64%)
----------------- Invoking toplevel() on ptolemy.moml.MoMLSimpleApplication@6005227c
----------------- Done invoking toplevel() on ptolemy.moml.MoMLSimpleApplication@6005227c
reloadAllAccessors: .Clock4

===========================================================================================
----------------- testing Sat Feb 16 03:29:42 UTC 2019 /home/travis/build/icyphy/ptII/ptolemy/actor/lib/test/auto/Clock5.xml
----------------- Instantiating /home/travis/build/icyphy/ptII/ptolemy/actor/lib/test/auto/Clock5.xml
4 ms. Memory: 881152K Free: 544228K (62%)
----------------- Invoking toplevel() on ptolemy.moml.MoMLSimpleApplication@20f153bb
----------------- Done invoking toplevel() on ptolemy.moml.MoMLSimpleApplication@20f153bb
reloadAllAccessors: .Clock5

===========================================================================================
----------------- testing Sat Feb 16 03:29:42 UTC 2019 /home/travis/build/icyphy/ptII/ptolemy/actor/lib/test/auto/Clock6.xml
----------------- Instantiating /home/travis/build/icyphy/ptII/ptolemy/actor/lib/test/auto/Clock6.xml
1 ms. Memory: 881152K Free: 533825K (61%)
----------------- Invoking toplevel() on ptolemy.moml.MoMLSimpleApplication@1351ec88
----------------- Done invoking toplevel() on ptolemy.moml.MoMLSimpleApplication@1351ec88
reloadAllAccessors: .Clock6

===========================================================================================
----------------- testing Sat Feb 16 03:29:42 UTC 2019 /home/travis/build/icyphy/ptII/ptolemy/actor/lib/test/auto/Clock7.xml
----------------- Instantiating /home/travis/build/icyphy/ptII/ptolemy/actor/lib/test/auto/Clock7.xml
3 ms. Memory: 881152K Free: 523421K (59%)
----------------- Invoking toplevel() on ptolemy.moml.MoMLSimpleApplication@7e1b15ca
----------------- Done invoking toplevel() on ptolemy.moml.MoMLSimpleApplication@7e1b15ca
reloadAllAccessors: .Clock7

===========================================================================================
----------------- testing Sat Feb 16 03:29:42 UTC 2019 /home/travis/build/icyphy/ptII/ptolemy/actor/lib/test/auto/Clock8.xml
----------------- Instantiating /home/travis/build/icyphy/ptII/ptolemy/actor/lib/test/auto/Clock8.xml
2 ms. Memory: 881152K Free: 513017K (58%)
----------------- Invoking toplevel() on ptolemy.moml.MoMLSimpleApplication@ded73de
----------------- Done invoking toplevel() on ptolemy.moml.MoMLSimpleApplication@ded73de
reloadAllAccessors: .Clock8

===========================================================================================
----------------- testing Sat Feb 16 03:29:42 UTC 2019 /home/travis/build/icyphy/ptII/ptolemy/actor/lib/test/auto/Clock9.xml
----------------- Instantiating /home/travis/build/icyphy/ptII/ptolemy/actor/lib/test/auto/Clock9.xml
6 ms. Memory: 881152K Free: 493731K (56%)
----------------- Invoking toplevel() on ptolemy.moml.MoMLSimpleApplication@4b2016fd
----------------- Done invoking toplevel() on ptolemy.moml.MoMLSimpleApplication@4b2016fd
reloadAllAccessors: .Clock9

===========================================================================================
----------------- testing Sat Feb 16 03:29:42 UTC 2019 /home/travis/build/icyphy/ptII/ptolemy/actor/lib/test/auto/CommDistDiscard.xml
----------------- Instantiating /home/travis/build/icyphy/ptII/ptolemy/actor/lib/test/auto/CommDistDiscard.xml
1 ms. Memory: 881152K Free: 483328K (55%)
----------------- Invoking toplevel() on ptolemy.moml.MoMLSimpleApplication@142e7b81
----------------- Done invoking toplevel() on ptolemy.moml.MoMLSimpleApplication@142e7b81
reloadAllAccessors: .CommDistDiscard

===========================================================================================
----------------- testing Sat Feb 16 03:29:42 UTC 2019 /home/travis/build/icyphy/ptII/ptolemy/actor/lib/test/auto/Commutator.xml
----------------- Instantiating /home/travis/build/icyphy/ptII/ptolemy/actor/lib/test/auto/Commutator.xml
2 ms. Memory: 881152K Free: 472924K (54%)
----------------- Invoking toplevel() on ptolemy.moml.MoMLSimpleApplication@257c082c
----------------- Done invoking toplevel() on ptolemy.moml.MoMLSimpleApplication@257c082c
reloadAllAccessors: .Commutator

===========================================================================================
----------------- testing Sat Feb 16 03:29:42 UTC 2019 /home/travis/build/icyphy/ptII/ptolemy/actor/lib/test/auto/Commutator2.xml
----------------- Instantiating /home/travis/build/icyphy/ptII/ptolemy/actor/lib/test/auto/Commutator2.xml
1 ms. Memory: 881152K Free: 462520K (52%)
----------------- Invoking toplevel() on ptolemy.moml.MoMLSimpleApplication@26db6a1
----------------- Done invoking toplevel() on ptolemy.moml.MoMLSimpleApplication@26db6a1
reloadAllAccessors: .Commutator2

===========================================================================================
----------------- testing Sat Feb 16 03:29:42 UTC 2019 /home/travis/build/icyphy/ptII/ptolemy/actor/lib/test/auto/Commutator3.xml
----------------- Instantiating /home/travis/build/icyphy/ptII/ptolemy/actor/lib/test/auto/Commutator3.xml
1 ms. Memory: 881152K Free: 443234K (50%)
----------------- Invoking toplevel() on ptolemy.moml.MoMLSimpleApplication@a51bae3
----------------- Done invoking toplevel() on ptolemy.moml.MoMLSimpleApplication@a51bae3
reloadAllAccessors: .Commutator3

===========================================================================================
----------------- testing Sat Feb 16 03:29:42 UTC 2019 /home/travis/build/icyphy/ptII/ptolemy/actor/lib/test/auto/Compare.xml
----------------- Instantiating /home/travis/build/icyphy/ptII/ptolemy/actor/lib/test/auto/Compare.xml
2 ms. Memory: 881152K Free: 432831K (49%)
----------------- Invoking toplevel() on ptolemy.moml.MoMLSimpleApplication@1b329c7b
----------------- Done invoking toplevel() on ptolemy.moml.MoMLSimpleApplication@1b329c7b
reloadAllAccessors: .Compare

===========================================================================================
----------------- testing Sat Feb 16 03:29:42 UTC 2019 /home/travis/build/icyphy/ptII/ptolemy/actor/lib/test/auto/CompareDE.xml
----------------- Instantiating /home/travis/build/icyphy/ptII/ptolemy/actor/lib/test/auto/CompareDE.xml
2 ms. Memory: 881152K Free: 422427K (48%)
----------------- Invoking toplevel() on ptolemy.moml.MoMLSimpleApplication@5ae8e92e
----------------- Done invoking toplevel() on ptolemy.moml.MoMLSimpleApplication@5ae8e92e
reloadAllAccessors: .CompareDE

===========================================================================================
----------------- testing Sat Feb 16 03:29:42 UTC 2019 /home/travis/build/icyphy/ptII/ptolemy/actor/lib/test/auto/ComplexDivide.xml
----------------- Instantiating /home/travis/build/icyphy/ptII/ptolemy/actor/lib/test/auto/ComplexDivide.xml
1 ms. Memory: 881152K Free: 412023K (47%)
----------------- Invoking toplevel() on ptolemy.moml.MoMLSimpleApplication@11b98527
----------------- Done invoking toplevel() on ptolemy.moml.MoMLSimpleApplication@11b98527
reloadAllAccessors: .ComplexDivide

===========================================================================================
----------------- testing Sat Feb 16 03:29:42 UTC 2019 /home/travis/build/icyphy/ptII/ptolemy/actor/lib/test/auto/ComputeHistogram.xml
----------------- Instantiating /home/travis/build/icyphy/ptII/ptolemy/actor/lib/test/auto/ComputeHistogram.xml
37 ms. Memory: 881152K Free: 387527K (44%)
----------------- Invoking toplevel() on ptolemy.moml.MoMLSimpleApplication@429c4c8b
----------------- Done invoking toplevel() on ptolemy.moml.MoMLSimpleApplication@429c4c8b
reloadAllAccessors: .ComputeHistogram

===========================================================================================
----------------- testing Sat Feb 16 03:29:42 UTC 2019 /home/travis/build/icyphy/ptII/ptolemy/actor/lib/test/auto/ConfigurationSelect.xml
----------------- Instantiating /home/travis/build/icyphy/ptII/ptolemy/actor/lib/test/auto/ConfigurationSelect.xml
4 ms. Memory: 881152K Free: 377123K (43%)
----------------- Invoking toplevel() on ptolemy.moml.MoMLSimpleApplication@7cb8513e
----------------- Done invoking toplevel() on ptolemy.moml.MoMLSimpleApplication@7cb8513e
reloadAllAccessors: .ConfigurationSelect

===========================================================================================
----------------- testing Sat Feb 16 03:29:42 UTC 2019 /home/travis/build/icyphy/ptII/ptolemy/actor/lib/test/auto/ConfigurationSelect2.xml
----------------- Instantiating /home/travis/build/icyphy/ptII/ptolemy/actor/lib/test/auto/ConfigurationSelect2.xml
2 ms. Memory: 881152K Free: 366720K (42%)
----------------- Invoking toplevel() on ptolemy.moml.MoMLSimpleApplication@2137200b
----------------- Done invoking toplevel() on ptolemy.moml.MoMLSimpleApplication@2137200b
reloadAllAccessors: .ConfigurationSelect2

===========================================================================================
----------------- testing Sat Feb 16 03:29:42 UTC 2019 /home/travis/build/icyphy/ptII/ptolemy/actor/lib/test/auto/ConfigurationSwitch.xml
----------------- Instantiating /home/travis/build/icyphy/ptII/ptolemy/actor/lib/test/auto/ConfigurationSwitch.xml
2 ms. Memory: 881152K Free: 356316K (40%)
----------------- Invoking toplevel() on ptolemy.moml.MoMLSimpleApplication@53961aea
----------------- Done invoking toplevel() on ptolemy.moml.MoMLSimpleApplication@53961aea
reloadAllAccessors: .ConfigurationSwitch

===========================================================================================
----------------- testing Sat Feb 16 03:29:42 UTC 2019 /home/travis/build/icyphy/ptII/ptolemy/actor/lib/test/auto/ConfigurationSwitch2.xml
----------------- Instantiating /home/travis/build/icyphy/ptII/ptolemy/actor/lib/test/auto/ConfigurationSwitch2.xml
3 ms. Memory: 881152K Free: 337030K (38%)
----------------- Invoking toplevel() on ptolemy.moml.MoMLSimpleApplication@564994eb
----------------- Done invoking toplevel() on ptolemy.moml.MoMLSimpleApplication@564994eb
reloadAllAccessors: .ConfigurationSwitch2

===========================================================================================
----------------- testing Sat Feb 16 03:29:42 UTC 2019 /home/travis/build/icyphy/ptII/ptolemy/actor/lib/test/auto/ConfigurationSwitchCloningBugWithClassRelationGroup.xml
----------------- Instantiating /home/travis/build/icyphy/ptII/ptolemy/actor/lib/test/auto/ConfigurationSwitchCloningBugWithClassRelationGroup.xml
1 ms. Memory: 881152K Free: 326626K (37%)
----------------- Invoking toplevel() on ptolemy.moml.MoMLSimpleApplication@41e2e8bd
----------------- Done invoking toplevel() on ptolemy.moml.MoMLSimpleApplication@41e2e8bd
reloadAllAccessors: .ConfigurationSwitchCloningBugWithClassRelationGroup

===========================================================================================
----------------- testing Sat Feb 16 03:29:42 UTC 2019 /home/travis/build/icyphy/ptII/ptolemy/actor/lib/test/auto/ConfigurationSwitchSelectSDF.xml
----------------- Instantiating /home/travis/build/icyphy/ptII/ptolemy/actor/lib/test/auto/ConfigurationSwitchSelectSDF.xml
3 ms. Memory: 881152K Free: 316223K (36%)
----------------- Invoking toplevel() on ptolemy.moml.MoMLSimpleApplication@2f9205f9
----------------- Done invoking toplevel() on ptolemy.moml.MoMLSimpleApplication@2f9205f9
reloadAllAccessors: .ConfigurationSwitchSelectSDF

===========================================================================================
----------------- testing Sat Feb 16 03:29:42 UTC 2019 /home/travis/build/icyphy/ptII/ptolemy/actor/lib/test/auto/ConfigurationSwitchSelectSDF2.xml
----------------- Instantiating /home/travis/build/icyphy/ptII/ptolemy/actor/lib/test/auto/ConfigurationSwitchSelectSDF2.xml
2 ms. Memory: 881152K Free: 305819K (35%)
----------------- Invoking toplevel() on ptolemy.moml.MoMLSimpleApplication@5858b3b5
----------------- Done invoking toplevel() on ptolemy.moml.MoMLSimpleApplication@5858b3b5
reloadAllAccessors: .ConfigurationSwitchSelectSDF2

===========================================================================================
----------------- testing Sat Feb 16 03:29:42 UTC 2019 /home/travis/build/icyphy/ptII/ptolemy/actor/lib/test/auto/Const.xml
----------------- Instantiating /home/travis/build/icyphy/ptII/ptolemy/actor/lib/test/auto/Const.xml
1 ms. Memory: 881152K Free: 286533K (33%)
----------------- Invoking toplevel() on ptolemy.moml.MoMLSimpleApplication@1dede85
----------------- Done invoking toplevel() on ptolemy.moml.MoMLSimpleApplication@1dede85
reloadAllAccessors: .Const

===========================================================================================
----------------- testing Sat Feb 16 03:29:42 UTC 2019 /home/travis/build/icyphy/ptII/ptolemy/actor/lib/test/auto/Const2.xml
----------------- Instantiating /home/travis/build/icyphy/ptII/ptolemy/actor/lib/test/auto/Const2.xml
2 ms. Memory: 881152K Free: 276129K (31%)
----------------- Invoking toplevel() on ptolemy.moml.MoMLSimpleApplication@2fb6a0fa
----------------- Done invoking toplevel() on ptolemy.moml.MoMLSimpleApplication@2fb6a0fa
reloadAllAccessors: .Const2

===========================================================================================
----------------- testing Sat Feb 16 03:29:42 UTC 2019 /home/travis/build/icyphy/ptII/ptolemy/actor/lib/test/auto/Const3.xml
----------------- Instantiating /home/travis/build/icyphy/ptII/ptolemy/actor/lib/test/auto/Const3.xml
1 ms. Memory: 881152K Free: 265725K (30%)
----------------- Invoking toplevel() on ptolemy.moml.MoMLSimpleApplication@4fe5f01c
----------------- Done invoking toplevel() on ptolemy.moml.MoMLSimpleApplication@4fe5f01c
reloadAllAccessors: .Const3

===========================================================================================
----------------- testing Sat Feb 16 03:29:42 UTC 2019 /home/travis/build/icyphy/ptII/ptolemy/actor/lib/test/auto/ConstantPublisherPort1.xml
----------------- Instantiating /home/travis/build/icyphy/ptII/ptolemy/actor/lib/test/auto/ConstantPublisherPort1.xml
8 ms. Memory: 881152K Free: 250111K (28%)
----------------- Invoking toplevel() on ptolemy.moml.MoMLSimpleApplication@3c2cb6cf
----------------- Done invoking toplevel() on ptolemy.moml.MoMLSimpleApplication@3c2cb6cf
reloadAllAccessors: .ConstantPublisherPort1

===========================================================================================
----------------- testing Sat Feb 16 03:29:42 UTC 2019 /home/travis/build/icyphy/ptII/ptolemy/actor/lib/test/auto/ConstantPublisherPort2.xml
----------------- Instantiating /home/travis/build/icyphy/ptII/ptolemy/actor/lib/test/auto/ConstantPublisherPort2.xml
4 ms. Memory: 881152K Free: 230826K (26%)
----------------- Invoking toplevel() on ptolemy.moml.MoMLSimpleApplication@54e0f05a
----------------- Done invoking toplevel() on ptolemy.moml.MoMLSimpleApplication@54e0f05a
reloadAllAccessors: .ConstantPublisherPort2

===========================================================================================
----------------- testing Sat Feb 16 03:29:42 UTC 2019 /home/travis/build/icyphy/ptII/ptolemy/actor/lib/test/auto/ConstantPublisherPort3.xml
----------------- Instantiating /home/travis/build/icyphy/ptII/ptolemy/actor/lib/test/auto/ConstantPublisherPort3.xml
3 ms. Memory: 881152K Free: 220422K (25%)
----------------- Invoking toplevel() on ptolemy.moml.MoMLSimpleApplication@3e0ac078
----------------- Done invoking toplevel() on ptolemy.moml.MoMLSimpleApplication@3e0ac078
reloadAllAccessors: .ConstantPublisherPort3

===========================================================================================
----------------- testing Sat Feb 16 03:29:42 UTC 2019 /home/travis/build/icyphy/ptII/ptolemy/actor/lib/test/auto/ConstantPublisherPort4.xml
----------------- Instantiating /home/travis/build/icyphy/ptII/ptolemy/actor/lib/test/auto/ConstantPublisherPort4.xml
2 ms. Memory: 881152K Free: 210018K (24%)
----------------- Invoking toplevel() on ptolemy.moml.MoMLSimpleApplication@9d2c186
----------------- Done invoking toplevel() on ptolemy.moml.MoMLSimpleApplication@9d2c186
reloadAllAccessors: .ConstantPublisherPort4

===========================================================================================
----------------- testing Sat Feb 16 03:29:42 UTC 2019 /home/travis/build/icyphy/ptII/ptolemy/actor/lib/test/auto/ConstantPublisherPort5.xml
----------------- Instantiating /home/travis/build/icyphy/ptII/ptolemy/actor/lib/test/auto/ConstantPublisherPort5.xml
19 ms. Memory: 881152K Free: 183992K (21%)
----------------- Invoking toplevel() on ptolemy.moml.MoMLSimpleApplication@1063c4f3
----------------- Done invoking toplevel() on ptolemy.moml.MoMLSimpleApplication@1063c4f3
reloadAllAccessors: .ConstantPublisherPort5

===========================================================================================
----------------- testing Sat Feb 16 03:29:42 UTC 2019 /home/travis/build/icyphy/ptII/ptolemy/actor/lib/test/auto/ConstantPublisherPort6.xml
----------------- Instantiating /home/travis/build/icyphy/ptII/ptolemy/actor/lib/test/auto/ConstantPublisherPort6.xml
18 ms. Memory: 881152K Free: 149101K (17%)
----------------- Invoking toplevel() on ptolemy.moml.MoMLSimpleApplication@2a95521
----------------- Done invoking toplevel() on ptolemy.moml.MoMLSimpleApplication@2a95521
reloadAllAccessors: .ConstantPublisherPort6

===========================================================================================
----------------- testing Sat Feb 16 03:29:42 UTC 2019 /home/travis/build/icyphy/ptII/ptolemy/actor/lib/test/auto/ConstantPublisherPort7.xml
----------------- Instantiating /home/travis/build/icyphy/ptII/ptolemy/actor/lib/test/auto/ConstantPublisherPort7.xml
16 ms. Memory: 881152K Free: 123091K (14%)
----------------- Invoking toplevel() on ptolemy.moml.MoMLSimpleApplication@7b3d896a
----------------- Done invoking toplevel() on ptolemy.moml.MoMLSimpleApplication@7b3d896a
reloadAllAccessors: .ConstantPublisherPort7

===========================================================================================
----------------- testing Sat Feb 16 03:29:42 UTC 2019 /home/travis/build/icyphy/ptII/ptolemy/actor/lib/test/auto/ConstraintMonitor1.xml
----------------- Instantiating /home/travis/build/icyphy/ptII/ptolemy/actor/lib/test/auto/ConstraintMonitor1.xml
7 ms. Memory: 881152K Free: 112687K (13%)
----------------- Invoking toplevel() on ptolemy.moml.MoMLSimpleApplication@4fa4a822
----------------- Done invoking toplevel() on ptolemy.moml.MoMLSimpleApplication@4fa4a822
reloadAllAccessors: .ConstraintMonitor1

===========================================================================================
----------------- testing Sat Feb 16 03:29:42 UTC 2019 /home/travis/build/icyphy/ptII/ptolemy/actor/lib/test/auto/ConstraintMonitor2.xml
----------------- Instantiating /home/travis/build/icyphy/ptII/ptolemy/actor/lib/test/auto/ConstraintMonitor2.xml
7 ms. Memory: 881152K Free: 93402K (11%)
----------------- Invoking toplevel() on ptolemy.moml.MoMLSimpleApplication@20d3d275
----------------- Done invoking toplevel() on ptolemy.moml.MoMLSimpleApplication@20d3d275
reloadAllAccessors: .ConstraintMonitor2

===========================================================================================
----------------- testing Sat Feb 16 03:29:42 UTC 2019 /home/travis/build/icyphy/ptII/ptolemy/actor/lib/test/auto/ConstraintMonitor3.xml
----------------- Instantiating /home/travis/build/icyphy/ptII/ptolemy/actor/lib/test/auto/ConstraintMonitor3.xml
6 ms. Memory: 881152K Free: 82998K (9%)
----------------- Invoking toplevel() on ptolemy.moml.MoMLSimpleApplication@326ee02b
----------------- Done invoking toplevel() on ptolemy.moml.MoMLSimpleApplication@326ee02b
reloadAllAccessors: .ConstraintMonitor3

===========================================================================================
----------------- testing Sat Feb 16 03:29:42 UTC 2019 /home/travis/build/icyphy/ptII/ptolemy/actor/lib/test/auto/ConstraintMonitor4.xml
----------------- Instantiating /home/travis/build/icyphy/ptII/ptolemy/actor/lib/test/auto/ConstraintMonitor4.xml
3 ms. Memory: 881152K Free: 72594K (8%)
----------------- Invoking toplevel() on ptolemy.moml.MoMLSimpleApplication@265afe69
----------------- Done invoking toplevel() on ptolemy.moml.MoMLSimpleApplication@265afe69
reloadAllAccessors: .ConstraintMonitor4

===========================================================================================
----------------- testing Sat Feb 16 03:29:42 UTC 2019 /home/travis/build/icyphy/ptII/ptolemy/actor/lib/test/auto/ConstraintMonitor5.xml
----------------- Instantiating /home/travis/build/icyphy/ptII/ptolemy/actor/lib/test/auto/ConstraintMonitor5.xml
7 ms. Memory: 881152K Free: 62190K (7%)
----------------- Invoking toplevel() on ptolemy.moml.MoMLSimpleApplication@3f41c0a0
----------------- Done invoking toplevel() on ptolemy.moml.MoMLSimpleApplication@3f41c0a0
reloadAllAccessors: .ConstraintMonitor5

===========================================================================================
----------------- testing Sat Feb 16 03:29:42 UTC 2019 /home/travis/build/icyphy/ptII/ptolemy/actor/lib/test/auto/ConstraintMonitor6.xml
----------------- Instantiating /home/travis/build/icyphy/ptII/ptolemy/actor/lib/test/auto/ConstraintMonitor6.xml
2 ms. Memory: 882176K Free: 821885K (93%)
----------------- Invoking toplevel() on ptolemy.moml.MoMLSimpleApplication@32c119d2
----------------- Done invoking toplevel() on ptolemy.moml.MoMLSimpleApplication@32c119d2
reloadAllAccessors: .ConstraintMonitor6

===========================================================================================
----------------- testing Sat Feb 16 03:29:43 UTC 2019 /home/travis/build/icyphy/ptII/ptolemy/actor/lib/test/auto/ConstraintMonitor7.xml
----------------- Instantiating /home/travis/build/icyphy/ptII/ptolemy/actor/lib/test/auto/ConstraintMonitor7.xml
6 ms. Memory: 882176K Free: 804681K (91%)
----------------- Invoking toplevel() on ptolemy.moml.MoMLSimpleApplication@702582f7
----------------- Done invoking toplevel() on ptolemy.moml.MoMLSimpleApplication@702582f7
reloadAllAccessors: .ConstraintMonitor7

===========================================================================================
----------------- testing Sat Feb 16 03:29:43 UTC 2019 /home/travis/build/icyphy/ptII/ptolemy/actor/lib/test/auto/ConstraintMonitor8.xml
----------------- Instantiating /home/travis/build/icyphy/ptII/ptolemy/actor/lib/test/auto/ConstraintMonitor8.xml
7 ms. Memory: 882176K Free: 794277K (90%)
----------------- Invoking toplevel() on ptolemy.moml.MoMLSimpleApplication@284e6057
----------------- Done invoking toplevel() on ptolemy.moml.MoMLSimpleApplication@284e6057
reloadAllAccessors: .ConstraintMonitor8

===========================================================================================
----------------- testing Sat Feb 16 03:29:43 UTC 2019 /home/travis/build/icyphy/ptII/ptolemy/actor/lib/test/auto/Counter.xml
----------------- Instantiating /home/travis/build/icyphy/ptII/ptolemy/actor/lib/test/auto/Counter.xml
2 ms. Memory: 882176K Free: 777178K (88%)
----------------- Invoking toplevel() on ptolemy.moml.MoMLSimpleApplication@6fd97d70
----------------- Done invoking toplevel() on ptolemy.moml.MoMLSimpleApplication@6fd97d70
reloadAllAccessors: .Counter

===========================================================================================
----------------- testing Sat Feb 16 03:29:43 UTC 2019 /home/travis/build/icyphy/ptII/ptolemy/actor/lib/test/auto/CurrentTimeSDF.xml
----------------- Instantiating /home/travis/build/icyphy/ptII/ptolemy/actor/lib/test/auto/CurrentTimeSDF.xml
1 ms. Memory: 882176K Free: 766775K (87%)
----------------- Invoking toplevel() on ptolemy.moml.MoMLSimpleApplication@11d7cb45
----------------- Done invoking toplevel() on ptolemy.moml.MoMLSimpleApplication@11d7cb45
reloadAllAccessors: .CurrentTimeSDF

===========================================================================================
----------------- testing Sat Feb 16 03:29:43 UTC 2019 /home/travis/build/icyphy/ptII/ptolemy/actor/lib/test/auto/DB.xml
----------------- Instantiating /home/travis/build/icyphy/ptII/ptolemy/actor/lib/test/auto/DB.xml
1 ms. Memory: 882176K Free: 756371K (86%)
----------------- Invoking toplevel() on ptolemy.moml.MoMLSimpleApplication@cb8363a
----------------- Done invoking toplevel() on ptolemy.moml.MoMLSimpleApplication@cb8363a
reloadAllAccessors: .DB

===========================================================================================
----------------- testing Sat Feb 16 03:29:43 UTC 2019 /home/travis/build/icyphy/ptII/ptolemy/actor/lib/test/auto/DBDE.xml
----------------- Instantiating /home/travis/build/icyphy/ptII/ptolemy/actor/lib/test/auto/DBDE.xml
2 ms. Memory: 882176K Free: 739272K (84%)
----------------- Invoking toplevel() on ptolemy.moml.MoMLSimpleApplication@57adc29d
----------------- Done invoking toplevel() on ptolemy.moml.MoMLSimpleApplication@57adc29d
reloadAllAccessors: .DBDE

===========================================================================================
----------------- testing Sat Feb 16 03:29:43 UTC 2019 /home/travis/build/icyphy/ptII/ptolemy/actor/lib/test/auto/DateConstructor.xml
----------------- Instantiating /home/travis/build/icyphy/ptII/ptolemy/actor/lib/test/auto/DateConstructor.xml
13 ms. Memory: 882176K Free: 718456K (81%)
----------------- Invoking toplevel() on ptolemy.moml.MoMLSimpleApplication@5508ea31
----------------- Done invoking toplevel() on ptolemy.moml.MoMLSimpleApplication@5508ea31
reloadAllAccessors: .DateConstructor

===========================================================================================
----------------- testing Sat Feb 16 03:29:43 UTC 2019 /home/travis/build/icyphy/ptII/ptolemy/actor/lib/test/auto/DelayTime.xml
----------------- Instantiating /home/travis/build/icyphy/ptII/ptolemy/actor/lib/test/auto/DelayTime.xml
2 ms. Memory: 882176K Free: 708052K (80%)
----------------- Invoking toplevel() on ptolemy.moml.MoMLSimpleApplication@37bb75d5
----------------- Done invoking toplevel() on ptolemy.moml.MoMLSimpleApplication@37bb75d5
reloadAllAccessors: .DelayTime

===========================================================================================
----------------- testing Sat Feb 16 03:29:43 UTC 2019 /home/travis/build/icyphy/ptII/ptolemy/actor/lib/test/auto/Dictionary1.xml
----------------- Instantiating /home/travis/build/icyphy/ptII/ptolemy/actor/lib/test/auto/Dictionary1.xml
3 ms. Memory: 882176K Free: 690954K (78%)
----------------- Invoking toplevel() on ptolemy.moml.MoMLSimpleApplication@5e1c1029
----------------- Done invoking toplevel() on ptolemy.moml.MoMLSimpleApplication@5e1c1029
reloadAllAccessors: .Dictionary1

===========================================================================================
----------------- testing Sat Feb 16 03:29:43 UTC 2019 /home/travis/build/icyphy/ptII/ptolemy/actor/lib/test/auto/Dictionary2.xml
----------------- Instantiating /home/travis/build/icyphy/ptII/ptolemy/actor/lib/test/auto/Dictionary2.xml
3 ms. Memory: 882176K Free: 680550K (77%)
----------------- Invoking toplevel() on ptolemy.moml.MoMLSimpleApplication@3ab5b1c2
----------------- Done invoking toplevel() on ptolemy.moml.MoMLSimpleApplication@3ab5b1c2
reloadAllAccessors: .Dictionary2

===========================================================================================
----------------- testing Sat Feb 16 03:29:43 UTC 2019 /home/travis/build/icyphy/ptII/ptolemy/actor/lib/test/auto/Dictionary3.xml
----------------- Instantiating /home/travis/build/icyphy/ptII/ptolemy/actor/lib/test/auto/Dictionary3.xml
1 ms. Memory: 882176K Free: 670146K (76%)
----------------- Invoking toplevel() on ptolemy.moml.MoMLSimpleApplication@3d772442
----------------- Done invoking toplevel() on ptolemy.moml.MoMLSimpleApplication@3d772442
reloadAllAccessors: .Dictionary3

===========================================================================================
----------------- testing Sat Feb 16 03:29:43 UTC 2019 /home/travis/build/icyphy/ptII/ptolemy/actor/lib/test/auto/Dictionary4.xml
----------------- Instantiating /home/travis/build/icyphy/ptII/ptolemy/actor/lib/test/auto/Dictionary4.xml
3 ms. Memory: 882176K Free: 653047K (74%)
----------------- Invoking toplevel() on ptolemy.moml.MoMLSimpleApplication@46f3af24
----------------- Done invoking toplevel() on ptolemy.moml.MoMLSimpleApplication@46f3af24
reloadAllAccessors: .Dictionary4

===========================================================================================
----------------- testing Sat Feb 16 03:29:43 UTC 2019 /home/travis/build/icyphy/ptII/ptolemy/actor/lib/test/auto/Differential.xml
----------------- Instantiating /home/travis/build/icyphy/ptII/ptolemy/actor/lib/test/auto/Differential.xml
4 ms. Memory: 882176K Free: 642643K (73%)
----------------- Invoking toplevel() on ptolemy.moml.MoMLSimpleApplication@df9e4e9
----------------- Done invoking toplevel() on ptolemy.moml.MoMLSimpleApplication@df9e4e9
reloadAllAccessors: .Differential

===========================================================================================
----------------- testing Sat Feb 16 03:29:43 UTC 2019 /home/travis/build/icyphy/ptII/ptolemy/actor/lib/test/auto/Director.xml
----------------- Instantiating /home/travis/build/icyphy/ptII/ptolemy/actor/lib/test/auto/Director.xml
1 ms. Memory: 882176K Free: 632239K (72%)
----------------- Invoking toplevel() on ptolemy.moml.MoMLSimpleApplication@43ca651c
----------------- Done invoking toplevel() on ptolemy.moml.MoMLSimpleApplication@43ca651c
reloadAllAccessors: .Director

===========================================================================================
----------------- testing Sat Feb 16 03:29:43 UTC 2019 /home/travis/build/icyphy/ptII/ptolemy/actor/lib/test/auto/DiscreteClock.xml
----------------- Instantiating /home/travis/build/icyphy/ptII/ptolemy/actor/lib/test/auto/DiscreteClock.xml
1 ms. Memory: 882176K Free: 615140K (70%)
----------------- Invoking toplevel() on ptolemy.moml.MoMLSimpleApplication@7078d137
----------------- Done invoking toplevel() on ptolemy.moml.MoMLSimpleApplication@7078d137
reloadAllAccessors: .DiscreteClock

===========================================================================================
----------------- testing Sat Feb 16 03:29:43 UTC 2019 /home/travis/build/icyphy/ptII/ptolemy/actor/lib/test/auto/DiscreteClock10.xml
----------------- Instantiating /home/travis/build/icyphy/ptII/ptolemy/actor/lib/test/auto/DiscreteClock10.xml
4 ms. Memory: 882176K Free: 604736K (69%)
----------------- Invoking toplevel() on ptolemy.moml.MoMLSimpleApplication@4a1341d2
----------------- Done invoking toplevel() on ptolemy.moml.MoMLSimpleApplication@4a1341d2
reloadAllAccessors: .DiscreteClock10

===========================================================================================
----------------- testing Sat Feb 16 03:29:43 UTC 2019 /home/travis/build/icyphy/ptII/ptolemy/actor/lib/test/auto/DiscreteClock11.xml
----------------- Instantiating /home/travis/build/icyphy/ptII/ptolemy/actor/lib/test/auto/DiscreteClock11.xml
2 ms. Memory: 882176K Free: 594332K (67%)
----------------- Invoking toplevel() on ptolemy.moml.MoMLSimpleApplication@2d79d1cb
----------------- Done invoking toplevel() on ptolemy.moml.MoMLSimpleApplication@2d79d1cb
reloadAllAccessors: .DiscreteClock11

===========================================================================================
----------------- testing Sat Feb 16 03:29:43 UTC 2019 /home/travis/build/icyphy/ptII/ptolemy/actor/lib/test/auto/DiscreteClock12.xml
----------------- Instantiating /home/travis/build/icyphy/ptII/ptolemy/actor/lib/test/auto/DiscreteClock12.xml
2 ms. Memory: 882176K Free: 577234K (65%)
----------------- Invoking toplevel() on ptolemy.moml.MoMLSimpleApplication@1e72850e
----------------- Done invoking toplevel() on ptolemy.moml.MoMLSimpleApplication@1e72850e
reloadAllAccessors: .DiscreteClock12

===========================================================================================
----------------- testing Sat Feb 16 03:29:43 UTC 2019 /home/travis/build/icyphy/ptII/ptolemy/actor/lib/test/auto/DiscreteClock13.xml
----------------- Instantiating /home/travis/build/icyphy/ptII/ptolemy/actor/lib/test/auto/DiscreteClock13.xml
7 ms. Memory: 882176K Free: 566830K (64%)
----------------- Invoking toplevel() on ptolemy.moml.MoMLSimpleApplication@1b84b79f
----------------- Done invoking toplevel() on ptolemy.moml.MoMLSimpleApplication@1b84b79f
reloadAllAccessors: .DiscreteClock13

===========================================================================================
----------------- testing Sat Feb 16 03:29:43 UTC 2019 /home/travis/build/icyphy/ptII/ptolemy/actor/lib/test/auto/DiscreteClock14.xml
----------------- Instantiating /home/travis/build/icyphy/ptII/ptolemy/actor/lib/test/auto/DiscreteClock14.xml
7 ms. Memory: 882176K Free: 556426K (63%)
----------------- Invoking toplevel() on ptolemy.moml.MoMLSimpleApplication@3857538d
----------------- Done invoking toplevel() on ptolemy.moml.MoMLSimpleApplication@3857538d
reloadAllAccessors: .DiscreteClock14

===========================================================================================
----------------- testing Sat Feb 16 03:29:43 UTC 2019 /home/travis/build/icyphy/ptII/ptolemy/actor/lib/test/auto/DiscreteClock15.xml
----------------- Instantiating /home/travis/build/icyphy/ptII/ptolemy/actor/lib/test/auto/DiscreteClock15.xml
3 ms. Memory: 882176K Free: 539327K (61%)
----------------- Invoking toplevel() on ptolemy.moml.MoMLSimpleApplication@57dc7024
----------------- Done invoking toplevel() on ptolemy.moml.MoMLSimpleApplication@57dc7024
reloadAllAccessors: .DiscreteClock15

===========================================================================================
----------------- testing Sat Feb 16 03:29:43 UTC 2019 /home/travis/build/icyphy/ptII/ptolemy/actor/lib/test/auto/DiscreteClock16.xml
----------------- Instantiating /home/travis/build/icyphy/ptII/ptolemy/actor/lib/test/auto/DiscreteClock16.xml
7 ms. Memory: 1370112K Free: 1302000K (95%)
----------------- Invoking toplevel() on ptolemy.moml.MoMLSimpleApplication@7a6a59b7
----------------- Done invoking toplevel() on ptolemy.moml.MoMLSimpleApplication@7a6a59b7
reloadAllAccessors: .DiscreteClock16

===========================================================================================
----------------- testing Sat Feb 16 03:29:43 UTC 2019 /home/travis/build/icyphy/ptII/ptolemy/actor/lib/test/auto/DiscreteClock17.xml
----------------- Instantiating /home/travis/build/icyphy/ptII/ptolemy/actor/lib/test/auto/DiscreteClock17.xml
8 ms. Memory: 1370112K Free: 1266309K (92%)
----------------- Invoking toplevel() on ptolemy.moml.MoMLSimpleApplication@720d4154
----------------- Done invoking toplevel() on ptolemy.moml.MoMLSimpleApplication@720d4154
reloadAllAccessors: .DiscreteClock17

===========================================================================================
----------------- testing Sat Feb 16 03:29:44 UTC 2019 /home/travis/build/icyphy/ptII/ptolemy/actor/lib/test/auto/DiscreteClock18.xml
----------------- Instantiating /home/travis/build/icyphy/ptII/ptolemy/actor/lib/test/auto/DiscreteClock18.xml
10 ms. Memory: 1370112K Free: 1241336K (91%)
----------------- Invoking toplevel() on ptolemy.moml.MoMLSimpleApplication@246cf899
----------------- Done invoking toplevel() on ptolemy.moml.MoMLSimpleApplication@246cf899
reloadAllAccessors: .DiscreteClock18

===========================================================================================
----------------- testing Sat Feb 16 03:29:44 UTC 2019 /home/travis/build/icyphy/ptII/ptolemy/actor/lib/test/auto/DiscreteClock19.xml
----------------- Instantiating /home/travis/build/icyphy/ptII/ptolemy/actor/lib/test/auto/DiscreteClock19.xml
14 ms. Memory: 1370112K Free: 1216355K (89%)
----------------- Invoking toplevel() on ptolemy.moml.MoMLSimpleApplication@6ef46c0c
----------------- Done invoking toplevel() on ptolemy.moml.MoMLSimpleApplication@6ef46c0c
reloadAllAccessors: .DiscreteClock19

===========================================================================================
----------------- testing Sat Feb 16 03:29:44 UTC 2019 /home/travis/build/icyphy/ptII/ptolemy/actor/lib/test/auto/DiscreteClock2.xml
----------------- Instantiating /home/travis/build/icyphy/ptII/ptolemy/actor/lib/test/auto/DiscreteClock2.xml
5 ms. Memory: 1370112K Free: 1199711K (88%)
----------------- Invoking toplevel() on ptolemy.moml.MoMLSimpleApplication@76942385
----------------- Done invoking toplevel() on ptolemy.moml.MoMLSimpleApplication@76942385
reloadAllAccessors: .DiscreteClock2

===========================================================================================
----------------- testing Sat Feb 16 03:29:44 UTC 2019 /home/travis/build/icyphy/ptII/ptolemy/actor/lib/test/auto/DiscreteClock20.xml
----------------- Instantiating /home/travis/build/icyphy/ptII/ptolemy/actor/lib/test/auto/DiscreteClock20.xml
2 ms. Memory: 1370112K Free: 1172358K (86%)
----------------- Invoking toplevel() on ptolemy.moml.MoMLSimpleApplication@5e1576e
----------------- Done invoking toplevel() on ptolemy.moml.MoMLSimpleApplication@5e1576e
reloadAllAccessors: .DiscreteClock20

===========================================================================================
----------------- testing Sat Feb 16 03:29:44 UTC 2019 /home/travis/build/icyphy/ptII/ptolemy/actor/lib/test/auto/DiscreteClock21.xml
----------------- Instantiating /home/travis/build/icyphy/ptII/ptolemy/actor/lib/test/auto/DiscreteClock21.xml
1 ms. Memory: 1370112K Free: 1155714K (84%)
----------------- Invoking toplevel() on ptolemy.moml.MoMLSimpleApplication@7c2182c2
----------------- Done invoking toplevel() on ptolemy.moml.MoMLSimpleApplication@7c2182c2
reloadAllAccessors: .DiscreteClock21

===========================================================================================
----------------- testing Sat Feb 16 03:29:44 UTC 2019 /home/travis/build/icyphy/ptII/ptolemy/actor/lib/test/auto/DiscreteClock22.xml
----------------- Instantiating /home/travis/build/icyphy/ptII/ptolemy/actor/lib/test/auto/DiscreteClock22.xml
2 ms. Memory: 1370112K Free: 1139071K (83%)
----------------- Invoking toplevel() on ptolemy.moml.MoMLSimpleApplication@173c858f
----------------- Done invoking toplevel() on ptolemy.moml.MoMLSimpleApplication@173c858f
reloadAllAccessors: .DiscreteClock22

===========================================================================================
----------------- testing Sat Feb 16 03:29:44 UTC 2019 /home/travis/build/icyphy/ptII/ptolemy/actor/lib/test/auto/DiscreteClock23.xml
----------------- Instantiating /home/travis/build/icyphy/ptII/ptolemy/actor/lib/test/auto/DiscreteClock23.xml
1 ms. Memory: 1370112K Free: 1122427K (82%)
----------------- Invoking toplevel() on ptolemy.moml.MoMLSimpleApplication@cbec1f1
----------------- Done invoking toplevel() on ptolemy.moml.MoMLSimpleApplication@cbec1f1
reloadAllAccessors: .DiscreteClock23

===========================================================================================
----------------- testing Sat Feb 16 03:29:44 UTC 2019 /home/travis/build/icyphy/ptII/ptolemy/actor/lib/test/auto/DiscreteClock24.xml
----------------- Instantiating /home/travis/build/icyphy/ptII/ptolemy/actor/lib/test/auto/DiscreteClock24.xml
1 ms. Memory: 1370112K Free: 1105784K (81%)
----------------- Invoking toplevel() on ptolemy.moml.MoMLSimpleApplication@3600710
----------------- Done invoking toplevel() on ptolemy.moml.MoMLSimpleApplication@3600710
reloadAllAccessors: .DiscreteClock24

===========================================================================================
----------------- testing Sat Feb 16 03:29:44 UTC 2019 /home/travis/build/icyphy/ptII/ptolemy/actor/lib/test/auto/DiscreteClock4.xml
----------------- Instantiating /home/travis/build/icyphy/ptII/ptolemy/actor/lib/test/auto/DiscreteClock4.xml
3 ms. Memory: 1370112K Free: 1078431K (79%)
----------------- Invoking toplevel() on ptolemy.moml.MoMLSimpleApplication@2fff024c
----------------- Done invoking toplevel() on ptolemy.moml.MoMLSimpleApplication@2fff024c
reloadAllAccessors: .DiscreteClock4

===========================================================================================
----------------- testing Sat Feb 16 03:29:44 UTC 2019 /home/travis/build/icyphy/ptII/ptolemy/actor/lib/test/auto/DiscreteClock5.xml
----------------- Instantiating /home/travis/build/icyphy/ptII/ptolemy/actor/lib/test/auto/DiscreteClock5.xml
1 ms. Memory: 1370112K Free: 1061787K (77%)
----------------- Invoking toplevel() on ptolemy.moml.MoMLSimpleApplication@509163a5
----------------- Done invoking toplevel() on ptolemy.moml.MoMLSimpleApplication@509163a5
reloadAllAccessors: .DiscreteClock5

===========================================================================================
----------------- testing Sat Feb 16 03:29:44 UTC 2019 /home/travis/build/icyphy/ptII/ptolemy/actor/lib/test/auto/DiscreteClock6.xml
----------------- Instantiating /home/travis/build/icyphy/ptII/ptolemy/actor/lib/test/auto/DiscreteClock6.xml
1 ms. Memory: 1370112K Free: 1045144K (76%)
----------------- Invoking toplevel() on ptolemy.moml.MoMLSimpleApplication@c22657c
----------------- Done invoking toplevel() on ptolemy.moml.MoMLSimpleApplication@c22657c
reloadAllAccessors: .DiscreteClock6

===========================================================================================
----------------- testing Sat Feb 16 03:29:44 UTC 2019 /home/travis/build/icyphy/ptII/ptolemy/actor/lib/test/auto/DiscreteClock7.xml
----------------- Instantiating /home/travis/build/icyphy/ptII/ptolemy/actor/lib/test/auto/DiscreteClock7.xml
4 ms. Memory: 1370112K Free: 1028500K (75%)
----------------- Invoking toplevel() on ptolemy.moml.MoMLSimpleApplication@2e0e78e
----------------- Done invoking toplevel() on ptolemy.moml.MoMLSimpleApplication@2e0e78e
reloadAllAccessors: .DiscreteClock7

===========================================================================================
----------------- testing Sat Feb 16 03:29:44 UTC 2019 /home/travis/build/icyphy/ptII/ptolemy/actor/lib/test/auto/DiscreteClock8.xml
----------------- Instantiating /home/travis/build/icyphy/ptII/ptolemy/actor/lib/test/auto/DiscreteClock8.xml
1 ms. Memory: 1370112K Free: 1001147K (73%)
----------------- Invoking toplevel() on ptolemy.moml.MoMLSimpleApplication@50265e84
----------------- Done invoking toplevel() on ptolemy.moml.MoMLSimpleApplication@50265e84
reloadAllAccessors: .DiscreteClock8

===========================================================================================
----------------- testing Sat Feb 16 03:29:44 UTC 2019 /home/travis/build/icyphy/ptII/ptolemy/actor/lib/test/auto/DiscreteClock9.xml
----------------- Instantiating /home/travis/build/icyphy/ptII/ptolemy/actor/lib/test/auto/DiscreteClock9.xml
1 ms. Memory: 1370112K Free: 984503K (72%)
----------------- Invoking toplevel() on ptolemy.moml.MoMLSimpleApplication@1de4b1ee
----------------- Done invoking toplevel() on ptolemy.moml.MoMLSimpleApplication@1de4b1ee
reloadAllAccessors: .DiscreteClock9

===========================================================================================
----------------- testing Sat Feb 16 03:29:44 UTC 2019 /home/travis/build/icyphy/ptII/ptolemy/actor/lib/test/auto/DisplayArray.xml
----------------- Instantiating /home/travis/build/icyphy/ptII/ptolemy/actor/lib/test/auto/DisplayArray.xml
1 ms. Memory: 1370112K Free: 967860K (71%)
----------------- Invoking toplevel() on ptolemy.moml.MoMLSimpleApplication@23aa7f57
----------------- Done invoking toplevel() on ptolemy.moml.MoMLSimpleApplication@23aa7f57
reloadAllAccessors: .DisplayArray

===========================================================================================
----------------- testing Sat Feb 16 03:29:44 UTC 2019 /home/travis/build/icyphy/ptII/ptolemy/actor/lib/test/auto/Distributor.xml
----------------- Instantiating /home/travis/build/icyphy/ptII/ptolemy/actor/lib/test/auto/Distributor.xml
1 ms. Memory: 1370112K Free: 951217K (69%)
----------------- Invoking toplevel() on ptolemy.moml.MoMLSimpleApplication@784fe579
----------------- Done invoking toplevel() on ptolemy.moml.MoMLSimpleApplication@784fe579
reloadAllAccessors: .Distributor

===========================================================================================
----------------- testing Sat Feb 16 03:29:44 UTC 2019 /home/travis/build/icyphy/ptII/ptolemy/actor/lib/test/auto/Distributor2.xml
----------------- Instantiating /home/travis/build/icyphy/ptII/ptolemy/actor/lib/test/auto/Distributor2.xml
1 ms. Memory: 1370112K Free: 934573K (68%)
----------------- Invoking toplevel() on ptolemy.moml.MoMLSimpleApplication@509dcccf
----------------- Done invoking toplevel() on ptolemy.moml.MoMLSimpleApplication@509dcccf
reloadAllAccessors: .Distributor2

===========================================================================================
----------------- testing Sat Feb 16 03:29:44 UTC 2019 /home/travis/build/icyphy/ptII/ptolemy/actor/lib/test/auto/DownSample.xml
----------------- Instantiating /home/travis/build/icyphy/ptII/ptolemy/actor/lib/test/auto/DownSample.xml
3 ms. Memory: 1370112K Free: 907220K (66%)
----------------- Invoking toplevel() on ptolemy.moml.MoMLSimpleApplication@ccb98b8
----------------- Done invoking toplevel() on ptolemy.moml.MoMLSimpleApplication@ccb98b8
reloadAllAccessors: .DownSample

===========================================================================================
----------------- testing Sat Feb 16 03:29:44 UTC 2019 /home/travis/build/icyphy/ptII/ptolemy/actor/lib/test/auto/ElectronicUnitBase1.xml
----------------- Instantiating /home/travis/build/icyphy/ptII/ptolemy/actor/lib/test/auto/ElectronicUnitBase1.xml
14 ms. Memory: 1370112K Free: 882254K (64%)
----------------- Invoking toplevel() on ptolemy.moml.MoMLSimpleApplication@158b8a57
----------------- Done invoking toplevel() on ptolemy.moml.MoMLSimpleApplication@158b8a57
reloadAllAccessors: .ElectronicUnitBase1

===========================================================================================
----------------- testing Sat Feb 16 03:29:44 UTC 2019 /home/travis/build/icyphy/ptII/ptolemy/actor/lib/test/auto/ElementsToArray.xml
----------------- Instantiating /home/travis/build/icyphy/ptII/ptolemy/actor/lib/test/auto/ElementsToArray.xml
3 ms. Memory: 1370112K Free: 865611K (63%)
----------------- Invoking toplevel() on ptolemy.moml.MoMLSimpleApplication@67d48428
----------------- Done invoking toplevel() on ptolemy.moml.MoMLSimpleApplication@67d48428
reloadAllAccessors: .ElementsToArray

===========================================================================================
----------------- testing Sat Feb 16 03:29:44 UTC 2019 /home/travis/build/icyphy/ptII/ptolemy/actor/lib/test/auto/Equals.xml
----------------- Instantiating /home/travis/build/icyphy/ptII/ptolemy/actor/lib/test/auto/Equals.xml
2 ms. Memory: 1370112K Free: 848968K (62%)
----------------- Invoking toplevel() on ptolemy.moml.MoMLSimpleApplication@192ca05f
----------------- Done invoking toplevel() on ptolemy.moml.MoMLSimpleApplication@192ca05f
reloadAllAccessors: .Equals

===========================================================================================
----------------- testing Sat Feb 16 03:29:44 UTC 2019 /home/travis/build/icyphy/ptII/ptolemy/actor/lib/test/auto/Exec.xml
----------------- Instantiating /home/travis/build/icyphy/ptII/ptolemy/actor/lib/test/auto/Exec.xml
8 ms. Memory: 1370112K Free: 800810K (58%)
----------------- Invoking toplevel() on ptolemy.moml.MoMLSimpleApplication@4a8949f7
----------------- Done invoking toplevel() on ptolemy.moml.MoMLSimpleApplication@4a8949f7
reloadAllAccessors: .Exec

===========================================================================================
----------------- testing Sat Feb 16 03:29:44 UTC 2019 /home/travis/build/icyphy/ptII/ptolemy/actor/lib/test/auto/ExecEnvironment.xml
----------------- Instantiating /home/travis/build/icyphy/ptII/ptolemy/actor/lib/test/auto/ExecEnvironment.xml
23 ms. Memory: 1370112K Free: 784166K (57%)
----------------- Invoking toplevel() on ptolemy.moml.MoMLSimpleApplication@15f542bc
----------------- Done invoking toplevel() on ptolemy.moml.MoMLSimpleApplication@15f542bc
reloadAllAccessors: .ExecEnvironment

===========================================================================================
----------------- testing Sat Feb 16 03:29:44 UTC 2019 /home/travis/build/icyphy/ptII/ptolemy/actor/lib/test/auto/ExecNonZeroReturnOutput.xml
----------------- Instantiating /home/travis/build/icyphy/ptII/ptolemy/actor/lib/test/auto/ExecNonZeroReturnOutput.xml
117 ms. Memory: 1370112K Free: 659340K (48%)
----------------- Invoking toplevel() on ptolemy.moml.MoMLSimpleApplication@11c0d325
----------------- Done invoking toplevel() on ptolemy.moml.MoMLSimpleApplication@11c0d325
reloadAllAccessors: .ExecNonZeroReturnOutput

===========================================================================================
----------------- testing Sat Feb 16 03:29:44 UTC 2019 /home/travis/build/icyphy/ptII/ptolemy/actor/lib/test/auto/ExecRunDemos.xml
----------------- Instantiating /home/travis/build/icyphy/ptII/ptolemy/actor/lib/test/auto/ExecRunDemos.xml
Finished: 83 ms. Memory: 116224K Free: 100672K (87%)

Finished: 27 ms. Memory: 116224K Free: 97676K (84%)

Finished: 68 ms. Memory: 116224K Free: 98219K (85%)

Finished: 59 ms. Memory: 116224K Free: 99544K (86%)

Finished: 36 ms. Memory: 116224K Free: 100576K (87%)

9024 ms. Memory: 1370112K Free: 551156K (40%)
----------------- Invoking toplevel() on ptolemy.moml.MoMLSimpleApplication@36cc3970
----------------- Done invoking toplevel() on ptolemy.moml.MoMLSimpleApplication@36cc3970
reloadAllAccessors: .ExecRunDemos

===========================================================================================
----------------- testing Sat Feb 16 03:29:53 UTC 2019 /home/travis/build/icyphy/ptII/ptolemy/actor/lib/test/auto/ExecStop.xml
----------------- Instantiating /home/travis/build/icyphy/ptII/ptolemy/actor/lib/test/auto/ExecStop.xml
5016 ms. Memory: 1370112K Free: 359755K (26%)
----------------- Invoking toplevel() on ptolemy.moml.MoMLSimpleApplication@6babc260
----------------- Done invoking toplevel() on ptolemy.moml.MoMLSimpleApplication@6babc260
reloadAllAccessors: .ExecStop

===========================================================================================
----------------- testing Sat Feb 16 03:29:58 UTC 2019 /home/travis/build/icyphy/ptII/ptolemy/actor/lib/test/auto/ExecutionTimeSDF.xml
----------------- Instantiating /home/travis/build/icyphy/ptII/ptolemy/actor/lib/test/auto/ExecutionTimeSDF.xml
Fired ExecutionTime: -817767296
Fired ExecutionTime: 937600000
Fired ExecutionTime: -1670967296
6004 ms. Memory: 1370112K Free: 324080K (24%)
----------------- Invoking toplevel() on ptolemy.moml.MoMLSimpleApplication@25c2f8d3
----------------- Done invoking toplevel() on ptolemy.moml.MoMLSimpleApplication@25c2f8d3
reloadAllAccessors: .ExecutionTimeSDF

===========================================================================================
----------------- testing Sat Feb 16 03:30:04 UTC 2019 /home/travis/build/icyphy/ptII/ptolemy/actor/lib/test/auto/Expression1.xml
----------------- Instantiating /home/travis/build/icyphy/ptII/ptolemy/actor/lib/test/auto/Expression1.xml
2 ms. Memory: 1370112K Free: 307437K (22%)
----------------- Invoking toplevel() on ptolemy.moml.MoMLSimpleApplication@37ceabad
----------------- Done invoking toplevel() on ptolemy.moml.MoMLSimpleApplication@37ceabad
reloadAllAccessors: .Expression1

===========================================================================================
----------------- testing Sat Feb 16 03:30:04 UTC 2019 /home/travis/build/icyphy/ptII/ptolemy/actor/lib/test/auto/Expression10.xml
----------------- Instantiating /home/travis/build/icyphy/ptII/ptolemy/actor/lib/test/auto/Expression10.xml
5 ms. Memory: 1370112K Free: 290794K (21%)
----------------- Invoking toplevel() on ptolemy.moml.MoMLSimpleApplication@2dd5f1bb
----------------- Done invoking toplevel() on ptolemy.moml.MoMLSimpleApplication@2dd5f1bb
reloadAllAccessors: .Expression10

===========================================================================================
----------------- testing Sat Feb 16 03:30:04 UTC 2019 /home/travis/build/icyphy/ptII/ptolemy/actor/lib/test/auto/Expression11.xml
----------------- Instantiating /home/travis/build/icyphy/ptII/ptolemy/actor/lib/test/auto/Expression11.xml
3 ms. Memory: 1370112K Free: 274150K (20%)
----------------- Invoking toplevel() on ptolemy.moml.MoMLSimpleApplication@4da9a6f7
----------------- Done invoking toplevel() on ptolemy.moml.MoMLSimpleApplication@4da9a6f7
reloadAllAccessors: .Expression11

===========================================================================================
----------------- testing Sat Feb 16 03:30:04 UTC 2019 /home/travis/build/icyphy/ptII/ptolemy/actor/lib/test/auto/Expression12.xml
----------------- Instantiating /home/travis/build/icyphy/ptII/ptolemy/actor/lib/test/auto/Expression12.xml
3 ms. Memory: 1370112K Free: 246797K (18%)
----------------- Invoking toplevel() on ptolemy.moml.MoMLSimpleApplication@6f0bcc96
----------------- Done invoking toplevel() on ptolemy.moml.MoMLSimpleApplication@6f0bcc96
reloadAllAccessors: .Expression12

===========================================================================================
----------------- testing Sat Feb 16 03:30:04 UTC 2019 /home/travis/build/icyphy/ptII/ptolemy/actor/lib/test/auto/Expression13.xml
----------------- Instantiating /home/travis/build/icyphy/ptII/ptolemy/actor/lib/test/auto/Expression13.xml
3 ms. Memory: 1370112K Free: 230153K (17%)
----------------- Invoking toplevel() on ptolemy.moml.MoMLSimpleApplication@2b1d1349
----------------- Done invoking toplevel() on ptolemy.moml.MoMLSimpleApplication@2b1d1349
reloadAllAccessors: .Expression13

===========================================================================================
----------------- testing Sat Feb 16 03:30:04 UTC 2019 /home/travis/build/icyphy/ptII/ptolemy/actor/lib/test/auto/Expression14.xml
----------------- Instantiating /home/travis/build/icyphy/ptII/ptolemy/actor/lib/test/auto/Expression14.xml
4 ms. Memory: 1370112K Free: 213510K (16%)
----------------- Invoking toplevel() on ptolemy.moml.MoMLSimpleApplication@34edcaa6
----------------- Done invoking toplevel() on ptolemy.moml.MoMLSimpleApplication@34edcaa6
reloadAllAccessors: .Expression14

===========================================================================================
----------------- testing Sat Feb 16 03:30:04 UTC 2019 /home/travis/build/icyphy/ptII/ptolemy/actor/lib/test/auto/Expression15.xml
----------------- Instantiating /home/travis/build/icyphy/ptII/ptolemy/actor/lib/test/auto/Expression15.xml
1 ms. Memory: 1370112K Free: 196866K (14%)
----------------- Invoking toplevel() on ptolemy.moml.MoMLSimpleApplication@3498ef5e
----------------- Done invoking toplevel() on ptolemy.moml.MoMLSimpleApplication@3498ef5e
reloadAllAccessors: .Expression15

===========================================================================================
----------------- testing Sat Feb 16 03:30:04 UTC 2019 /home/travis/build/icyphy/ptII/ptolemy/actor/lib/test/auto/Expression16.xml
----------------- Instantiating /home/travis/build/icyphy/ptII/ptolemy/actor/lib/test/auto/Expression16.xml
3 ms. Memory: 1370112K Free: 180223K (13%)
----------------- Invoking toplevel() on ptolemy.moml.MoMLSimpleApplication@3b181521
----------------- Done invoking toplevel() on ptolemy.moml.MoMLSimpleApplication@3b181521
reloadAllAccessors: .Expression16

===========================================================================================
----------------- testing Sat Feb 16 03:30:04 UTC 2019 /home/travis/build/icyphy/ptII/ptolemy/actor/lib/test/auto/Expression17.xml
----------------- Instantiating /home/travis/build/icyphy/ptII/ptolemy/actor/lib/test/auto/Expression17.xml
2 ms. Memory: 1370112K Free: 152869K (11%)
----------------- Invoking toplevel() on ptolemy.moml.MoMLSimpleApplication@72b34f49
----------------- Done invoking toplevel() on ptolemy.moml.MoMLSimpleApplication@72b34f49
reloadAllAccessors: .Expression17

===========================================================================================
----------------- testing Sat Feb 16 03:30:04 UTC 2019 /home/travis/build/icyphy/ptII/ptolemy/actor/lib/test/auto/Expression18.xml
----------------- Instantiating /home/travis/build/icyphy/ptII/ptolemy/actor/lib/test/auto/Expression18.xml
2 ms. Memory: 1370112K Free: 136226K (10%)
----------------- Invoking toplevel() on ptolemy.moml.MoMLSimpleApplication@10d03aed
----------------- Done invoking toplevel() on ptolemy.moml.MoMLSimpleApplication@10d03aed
reloadAllAccessors: .Expression18

===========================================================================================
----------------- testing Sat Feb 16 03:30:04 UTC 2019 /home/travis/build/icyphy/ptII/ptolemy/actor/lib/test/auto/Expression2.xml
----------------- Instantiating /home/travis/build/icyphy/ptII/ptolemy/actor/lib/test/auto/Expression2.xml
2 ms. Memory: 1370112K Free: 119583K (9%)
----------------- Invoking toplevel() on ptolemy.moml.MoMLSimpleApplication@708e89b2
----------------- Done invoking toplevel() on ptolemy.moml.MoMLSimpleApplication@708e89b2
reloadAllAccessors: .Expression2

===========================================================================================
----------------- testing Sat Feb 16 03:30:05 UTC 2019 /home/travis/build/icyphy/ptII/ptolemy/actor/lib/test/auto/Expression3.xml
----------------- Instantiating /home/travis/build/icyphy/ptII/ptolemy/actor/lib/test/auto/Expression3.xml
2 ms. Memory: 1370112K Free: 102939K (8%)
----------------- Invoking toplevel() on ptolemy.moml.MoMLSimpleApplication@79d21820
----------------- Done invoking toplevel() on ptolemy.moml.MoMLSimpleApplication@79d21820
reloadAllAccessors: .Expression3

===========================================================================================
----------------- testing Sat Feb 16 03:30:05 UTC 2019 /home/travis/build/icyphy/ptII/ptolemy/actor/lib/test/auto/Expression4.xml
----------------- Instantiating /home/travis/build/icyphy/ptII/ptolemy/actor/lib/test/auto/Expression4.xml
16 ms. Memory: 1370624K Free: 1326337K (97%)
----------------- Invoking toplevel() on ptolemy.moml.MoMLSimpleApplication@5884cc1f
----------------- Done invoking toplevel() on ptolemy.moml.MoMLSimpleApplication@5884cc1f
reloadAllAccessors: .Expression4

===========================================================================================
----------------- testing Sat Feb 16 03:30:05 UTC 2019 /home/travis/build/icyphy/ptII/ptolemy/actor/lib/test/auto/Expression5.xml
----------------- Instantiating /home/travis/build/icyphy/ptII/ptolemy/actor/lib/test/auto/Expression5.xml
2 ms. Memory: 1370624K Free: 1302058K (95%)
----------------- Invoking toplevel() on ptolemy.moml.MoMLSimpleApplication@1fb76522
----------------- Done invoking toplevel() on ptolemy.moml.MoMLSimpleApplication@1fb76522
reloadAllAccessors: .Expression5

===========================================================================================
----------------- testing Sat Feb 16 03:30:05 UTC 2019 /home/travis/build/icyphy/ptII/ptolemy/actor/lib/test/auto/Expression6.xml
----------------- Instantiating /home/travis/build/icyphy/ptII/ptolemy/actor/lib/test/auto/Expression6.xml
2 ms. Memory: 1370624K Free: 1289575K (94%)
----------------- Invoking toplevel() on ptolemy.moml.MoMLSimpleApplication@113d218e
----------------- Done invoking toplevel() on ptolemy.moml.MoMLSimpleApplication@113d218e
reloadAllAccessors: .Expression6

===========================================================================================
----------------- testing Sat Feb 16 03:30:05 UTC 2019 /home/travis/build/icyphy/ptII/ptolemy/actor/lib/test/auto/Expression7.xml
----------------- Instantiating /home/travis/build/icyphy/ptII/ptolemy/actor/lib/test/auto/Expression7.xml
2 ms. Memory: 1370624K Free: 1277092K (93%)
----------------- Invoking toplevel() on ptolemy.moml.MoMLSimpleApplication@60347088
----------------- Done invoking toplevel() on ptolemy.moml.MoMLSimpleApplication@60347088
reloadAllAccessors: .Expression7

===========================================================================================
----------------- testing Sat Feb 16 03:30:05 UTC 2019 /home/travis/build/icyphy/ptII/ptolemy/actor/lib/test/auto/Expression8.xml
----------------- Instantiating /home/travis/build/icyphy/ptII/ptolemy/actor/lib/test/auto/Expression8.xml
3 ms. Memory: 1370624K Free: 1256974K (92%)
----------------- Invoking toplevel() on ptolemy.moml.MoMLSimpleApplication@5f4f1b58
----------------- Done invoking toplevel() on ptolemy.moml.MoMLSimpleApplication@5f4f1b58
reloadAllAccessors: .Expression8

===========================================================================================
----------------- testing Sat Feb 16 03:30:05 UTC 2019 /home/travis/build/icyphy/ptII/ptolemy/actor/lib/test/auto/Expression9.xml
----------------- Instantiating /home/travis/build/icyphy/ptII/ptolemy/actor/lib/test/auto/Expression9.xml
1 ms. Memory: 1370624K Free: 1244491K (91%)
----------------- Invoking toplevel() on ptolemy.moml.MoMLSimpleApplication@5982236a
----------------- Done invoking toplevel() on ptolemy.moml.MoMLSimpleApplication@5982236a
reloadAllAccessors: .Expression9

===========================================================================================
----------------- testing Sat Feb 16 03:30:05 UTC 2019 /home/travis/build/icyphy/ptII/ptolemy/actor/lib/test/auto/ExpressionConcatenateArrayType.xml
----------------- Instantiating /home/travis/build/icyphy/ptII/ptolemy/actor/lib/test/auto/ExpressionConcatenateArrayType.xml
2 ms. Memory: 1370624K Free: 1232008K (90%)
----------------- Invoking toplevel() on ptolemy.moml.MoMLSimpleApplication@a7ff387
----------------- Done invoking toplevel() on ptolemy.moml.MoMLSimpleApplication@a7ff387
reloadAllAccessors: .ExpressionConcatenateArrayType

===========================================================================================
----------------- testing Sat Feb 16 03:30:05 UTC 2019 /home/travis/build/icyphy/ptII/ptolemy/actor/lib/test/auto/ExpressionConcatenateArrayType2.xml
----------------- Instantiating /home/travis/build/icyphy/ptII/ptolemy/actor/lib/test/auto/ExpressionConcatenateArrayType2.xml
1 ms. Memory: 1370624K Free: 1211889K (88%)
----------------- Invoking toplevel() on ptolemy.moml.MoMLSimpleApplication@30206b27
----------------- Done invoking toplevel() on ptolemy.moml.MoMLSimpleApplication@30206b27
reloadAllAccessors: .ExpressionConcatenateArrayType2

===========================================================================================
----------------- testing Sat Feb 16 03:30:05 UTC 2019 /home/travis/build/icyphy/ptII/ptolemy/actor/lib/test/auto/ExpressionFix.xml
----------------- Instantiating /home/travis/build/icyphy/ptII/ptolemy/actor/lib/test/auto/ExpressionFix.xml
8 ms. Memory: 1370624K Free: 1199297K (88%)
----------------- Invoking toplevel() on ptolemy.moml.MoMLSimpleApplication@53c5b9f6
----------------- Done invoking toplevel() on ptolemy.moml.MoMLSimpleApplication@53c5b9f6
reloadAllAccessors: .ExpressionFix

===========================================================================================
----------------- testing Sat Feb 16 03:30:05 UTC 2019 /home/travis/build/icyphy/ptII/ptolemy/actor/lib/test/auto/ExpressionFix2.xml
----------------- Instantiating /home/travis/build/icyphy/ptII/ptolemy/actor/lib/test/auto/ExpressionFix2.xml
2 ms. Memory: 1370624K Free: 1186815K (87%)
----------------- Invoking toplevel() on ptolemy.moml.MoMLSimpleApplication@2deb16d8
----------------- Done invoking toplevel() on ptolemy.moml.MoMLSimpleApplication@2deb16d8
reloadAllAccessors: .ExpressionFix2

===========================================================================================
----------------- testing Sat Feb 16 03:30:05 UTC 2019 /home/travis/build/icyphy/ptII/ptolemy/actor/lib/test/auto/ExpressionFix3.xml
----------------- Instantiating /home/travis/build/icyphy/ptII/ptolemy/actor/lib/test/auto/ExpressionFix3.xml
1 ms. Memory: 1370624K Free: 1166696K (85%)
----------------- Invoking toplevel() on ptolemy.moml.MoMLSimpleApplication@3a07bd71
----------------- Done invoking toplevel() on ptolemy.moml.MoMLSimpleApplication@3a07bd71
reloadAllAccessors: .ExpressionFix3

===========================================================================================
----------------- testing Sat Feb 16 03:30:05 UTC 2019 /home/travis/build/icyphy/ptII/ptolemy/actor/lib/test/auto/FileWriter1.xml
----------------- Instantiating /home/travis/build/icyphy/ptII/ptolemy/actor/lib/test/auto/FileWriter1.xml
1 ms. Memory: 1370624K Free: 1154213K (84%)
----------------- Invoking toplevel() on ptolemy.moml.MoMLSimpleApplication@5afe6be2
----------------- Done invoking toplevel() on ptolemy.moml.MoMLSimpleApplication@5afe6be2
reloadAllAccessors: .FileWriter1

===========================================================================================
----------------- testing Sat Feb 16 03:30:05 UTC 2019 /home/travis/build/icyphy/ptII/ptolemy/actor/lib/test/auto/FileWriter2.xml
----------------- Instantiating /home/travis/build/icyphy/ptII/ptolemy/actor/lib/test/auto/FileWriter2.xml
2 ms. Memory: 1370624K Free: 1141731K (83%)
----------------- Invoking toplevel() on ptolemy.moml.MoMLSimpleApplication@123a69d7
----------------- Done invoking toplevel() on ptolemy.moml.MoMLSimpleApplication@123a69d7
reloadAllAccessors: .FileWriter2

===========================================================================================
----------------- testing Sat Feb 16 03:30:05 UTC 2019 /home/travis/build/icyphy/ptII/ptolemy/actor/lib/test/auto/FileWriter3.xml
----------------- Instantiating /home/travis/build/icyphy/ptII/ptolemy/actor/lib/test/auto/FileWriter3.xml
5 ms. Memory: 1370624K Free: 1121612K (82%)
----------------- Invoking toplevel() on ptolemy.moml.MoMLSimpleApplication@5ae983d0
----------------- Done invoking toplevel() on ptolemy.moml.MoMLSimpleApplication@5ae983d0
reloadAllAccessors: .FileWriter3

===========================================================================================
----------------- testing Sat Feb 16 03:30:05 UTC 2019 /home/travis/build/icyphy/ptII/ptolemy/actor/lib/test/auto/Gaussian.xml
----------------- Instantiating /home/travis/build/icyphy/ptII/ptolemy/actor/lib/test/auto/Gaussian.xml
1 ms. Memory: 1370624K Free: 1109129K (81%)
----------------- Invoking toplevel() on ptolemy.moml.MoMLSimpleApplication@9a7eea0
----------------- Done invoking toplevel() on ptolemy.moml.MoMLSimpleApplication@9a7eea0
reloadAllAccessors: .Gaussian

===========================================================================================
----------------- testing Sat Feb 16 03:30:05 UTC 2019 /home/travis/build/icyphy/ptII/ptolemy/actor/lib/test/auto/Gaussian1.xml
----------------- Instantiating /home/travis/build/icyphy/ptII/ptolemy/actor/lib/test/auto/Gaussian1.xml
1 ms. Memory: 1370624K Free: 1096647K (80%)
----------------- Invoking toplevel() on ptolemy.moml.MoMLSimpleApplication@7031a148
----------------- Done invoking toplevel() on ptolemy.moml.MoMLSimpleApplication@7031a148
reloadAllAccessors: .Gaussian1

===========================================================================================
----------------- testing Sat Feb 16 03:30:05 UTC 2019 /home/travis/build/icyphy/ptII/ptolemy/actor/lib/test/auto/Gaussian2.xml
----------------- Instantiating /home/travis/build/icyphy/ptII/ptolemy/actor/lib/test/auto/Gaussian2.xml
2 ms. Memory: 1370624K Free: 1076528K (79%)
----------------- Invoking toplevel() on ptolemy.moml.MoMLSimpleApplication@5547bb2c
----------------- Done invoking toplevel() on ptolemy.moml.MoMLSimpleApplication@5547bb2c
reloadAllAccessors: .Gaussian2

===========================================================================================
----------------- testing Sat Feb 16 03:30:05 UTC 2019 /home/travis/build/icyphy/ptII/ptolemy/actor/lib/test/auto/GradientAdaptiveLattice.xml
----------------- Instantiating /home/travis/build/icyphy/ptII/ptolemy/actor/lib/test/auto/GradientAdaptiveLattice.xml
2 ms. Memory: 1370624K Free: 1064045K (78%)
----------------- Invoking toplevel() on ptolemy.moml.MoMLSimpleApplication@30542d96
----------------- Done invoking toplevel() on ptolemy.moml.MoMLSimpleApplication@30542d96
reloadAllAccessors: .GradientAdaptiveLattice

===========================================================================================
----------------- testing Sat Feb 16 03:30:05 UTC 2019 /home/travis/build/icyphy/ptII/ptolemy/actor/lib/test/auto/IIR.xml
----------------- Instantiating /home/travis/build/icyphy/ptII/ptolemy/actor/lib/test/auto/IIR.xml
2 ms. Memory: 1370624K Free: 1051563K (77%)
----------------- Invoking toplevel() on ptolemy.moml.MoMLSimpleApplication@27fe9302
----------------- Done invoking toplevel() on ptolemy.moml.MoMLSimpleApplication@27fe9302
reloadAllAccessors: .IIR

===========================================================================================
----------------- testing Sat Feb 16 03:30:05 UTC 2019 /home/travis/build/icyphy/ptII/ptolemy/actor/lib/test/auto/InputOutputTransparentPorts.xml
----------------- Instantiating /home/travis/build/icyphy/ptII/ptolemy/actor/lib/test/auto/InputOutputTransparentPorts.xml
2 ms. Memory: 1370624K Free: 1039080K (76%)
----------------- Invoking toplevel() on ptolemy.moml.MoMLSimpleApplication@572a9f12
----------------- Done invoking toplevel() on ptolemy.moml.MoMLSimpleApplication@572a9f12
reloadAllAccessors: .InputOutputTransparentPorts

===========================================================================================
----------------- testing Sat Feb 16 03:30:05 UTC 2019 /home/travis/build/icyphy/ptII/ptolemy/actor/lib/test/auto/Interpolator.xml
----------------- Instantiating /home/travis/build/icyphy/ptII/ptolemy/actor/lib/test/auto/Interpolator.xml
2 ms. Memory: 1370624K Free: 1018961K (74%)
----------------- Invoking toplevel() on ptolemy.moml.MoMLSimpleApplication@22e45460
----------------- Done invoking toplevel() on ptolemy.moml.MoMLSimpleApplication@22e45460
reloadAllAccessors: .Interpolator

===========================================================================================
----------------- testing Sat Feb 16 03:30:05 UTC 2019 /home/travis/build/icyphy/ptII/ptolemy/actor/lib/test/auto/InterpolatorFiringLimitDE.xml
----------------- Instantiating /home/travis/build/icyphy/ptII/ptolemy/actor/lib/test/auto/InterpolatorFiringLimitDE.xml
1 ms. Memory: 1370624K Free: 1006479K (73%)
----------------- Invoking toplevel() on ptolemy.moml.MoMLSimpleApplication@4da94db0
----------------- Done invoking toplevel() on ptolemy.moml.MoMLSimpleApplication@4da94db0
reloadAllAccessors: .InterpolatorFiringLimitDE

===========================================================================================
----------------- testing Sat Feb 16 03:30:05 UTC 2019 /home/travis/build/icyphy/ptII/ptolemy/actor/lib/test/auto/Lattice.xml
----------------- Instantiating /home/travis/build/icyphy/ptII/ptolemy/actor/lib/test/auto/Lattice.xml
1 ms. Memory: 1370624K Free: 993996K (73%)
----------------- Invoking toplevel() on ptolemy.moml.MoMLSimpleApplication@2a8d91b2
----------------- Done invoking toplevel() on ptolemy.moml.MoMLSimpleApplication@2a8d91b2
reloadAllAccessors: .Lattice

===========================================================================================
----------------- testing Sat Feb 16 03:30:05 UTC 2019 /home/travis/build/icyphy/ptII/ptolemy/actor/lib/test/auto/LazyAOCTestLazy.xml
----------------- Instantiating /home/travis/build/icyphy/ptII/ptolemy/actor/lib/test/auto/LazyAOCTestLazy.xml
6 ms. Memory: 1370624K Free: 973878K (71%)
----------------- Invoking toplevel() on ptolemy.moml.MoMLSimpleApplication@41f9deb5
----------------- Done invoking toplevel() on ptolemy.moml.MoMLSimpleApplication@41f9deb5
reloadAllAccessors: .LazyAOCTestLazy

===========================================================================================
----------------- testing Sat Feb 16 03:30:05 UTC 2019 /home/travis/build/icyphy/ptII/ptolemy/actor/lib/test/auto/LazyAOCTestNonLazy.xml
----------------- Instantiating /home/travis/build/icyphy/ptII/ptolemy/actor/lib/test/auto/LazyAOCTestNonLazy.xml
9 ms. Memory: 1370624K Free: 961395K (70%)
----------------- Invoking toplevel() on ptolemy.moml.MoMLSimpleApplication@6f831b85
----------------- Done invoking toplevel() on ptolemy.moml.MoMLSimpleApplication@6f831b85
reloadAllAccessors: .LazyAOCTestNonLazy

===========================================================================================
----------------- testing Sat Feb 16 03:30:05 UTC 2019 /home/travis/build/icyphy/ptII/ptolemy/actor/lib/test/auto/LazyInnerClass.xml
----------------- Instantiating /home/travis/build/icyphy/ptII/ptolemy/actor/lib/test/auto/LazyInnerClass.xml
13 ms. Memory: 1370624K Free: 948912K (69%)
----------------- Invoking toplevel() on ptolemy.moml.MoMLSimpleApplication@64385df
----------------- Done invoking toplevel() on ptolemy.moml.MoMLSimpleApplication@64385df
reloadAllAccessors: .LazyInnerClass

===========================================================================================
----------------- testing Sat Feb 16 03:30:05 UTC 2019 /home/travis/build/icyphy/ptII/ptolemy/actor/lib/test/auto/LazyPubSub.xml
----------------- Instantiating /home/travis/build/icyphy/ptII/ptolemy/actor/lib/test/auto/LazyPubSub.xml
19 ms. Memory: 1370624K Free: 928793K (68%)
----------------- Invoking toplevel() on ptolemy.moml.MoMLSimpleApplication@3e74ab96
----------------- Done invoking toplevel() on ptolemy.moml.MoMLSimpleApplication@3e74ab96
reloadAllAccessors: .LazyPubSub

===========================================================================================
----------------- testing Sat Feb 16 03:30:05 UTC 2019 /home/travis/build/icyphy/ptII/ptolemy/actor/lib/test/auto/LazyPubSub2.xml
----------------- Instantiating /home/travis/build/icyphy/ptII/ptolemy/actor/lib/test/auto/LazyPubSub2.xml
17 ms. Memory: 1370624K Free: 916311K (67%)
----------------- Invoking toplevel() on ptolemy.moml.MoMLSimpleApplication@2eeaa58a
----------------- Done invoking toplevel() on ptolemy.moml.MoMLSimpleApplication@2eeaa58a
reloadAllAccessors: .LazyPubSub2

===========================================================================================
----------------- testing Sat Feb 16 03:30:05 UTC 2019 /home/travis/build/icyphy/ptII/ptolemy/actor/lib/test/auto/LazyPubSub3.xml
----------------- Instantiating /home/travis/build/icyphy/ptII/ptolemy/actor/lib/test/auto/LazyPubSub3.xml
10 ms. Memory: 1370624K Free: 898554K (66%)
----------------- Invoking toplevel() on ptolemy.moml.MoMLSimpleApplication@23b52bdf
----------------- Done invoking toplevel() on ptolemy.moml.MoMLSimpleApplication@23b52bdf
reloadAllAccessors: .LazyPubSub3

===========================================================================================
----------------- testing Sat Feb 16 03:30:05 UTC 2019 /home/travis/build/icyphy/ptII/ptolemy/actor/lib/test/auto/LazySubClassModel.xml
----------------- Instantiating /home/travis/build/icyphy/ptII/ptolemy/actor/lib/test/auto/LazySubClassModel.xml
2 ms. Memory: 1370624K Free: 872178K (64%)
----------------- Invoking toplevel() on ptolemy.moml.MoMLSimpleApplication@18ba16db
----------------- Done invoking toplevel() on ptolemy.moml.MoMLSimpleApplication@18ba16db
reloadAllAccessors: .LazySubClassModel

===========================================================================================
----------------- testing Sat Feb 16 03:30:05 UTC 2019 /home/travis/build/icyphy/ptII/ptolemy/actor/lib/test/auto/LevelCrossTest1.xml
----------------- Instantiating /home/travis/build/icyphy/ptII/ptolemy/actor/lib/test/auto/LevelCrossTest1.xml
3 ms. Memory: 1370624K Free: 859695K (63%)
----------------- Invoking toplevel() on ptolemy.moml.MoMLSimpleApplication@30a6ce8e
----------------- Done invoking toplevel() on ptolemy.moml.MoMLSimpleApplication@30a6ce8e
reloadAllAccessors: .broken

===========================================================================================
----------------- testing Sat Feb 16 03:30:05 UTC 2019 /home/travis/build/icyphy/ptII/ptolemy/actor/lib/test/auto/LevelCrossTest10.xml
----------------- Instantiating /home/travis/build/icyphy/ptII/ptolemy/actor/lib/test/auto/LevelCrossTest10.xml
1 ms. Memory: 1370624K Free: 847213K (62%)
----------------- Invoking toplevel() on ptolemy.moml.MoMLSimpleApplication@6641dc98
----------------- Done invoking toplevel() on ptolemy.moml.MoMLSimpleApplication@6641dc98
reloadAllAccessors: .LevelCrossTest10

===========================================================================================
----------------- testing Sat Feb 16 03:30:05 UTC 2019 /home/travis/build/icyphy/ptII/ptolemy/actor/lib/test/auto/LevelCrossTest11.xml
----------------- Instantiating /home/travis/build/icyphy/ptII/ptolemy/actor/lib/test/auto/LevelCrossTest11.xml
1 ms. Memory: 1370624K Free: 827094K (60%)
----------------- Invoking toplevel() on ptolemy.moml.MoMLSimpleApplication@19db5a4a
----------------- Done invoking toplevel() on ptolemy.moml.MoMLSimpleApplication@19db5a4a
reloadAllAccessors: .LevelCrossTest11

===========================================================================================
----------------- testing Sat Feb 16 03:30:05 UTC 2019 /home/travis/build/icyphy/ptII/ptolemy/actor/lib/test/auto/LevelCrossTest12.xml
----------------- Instantiating /home/travis/build/icyphy/ptII/ptolemy/actor/lib/test/auto/LevelCrossTest12.xml
1 ms. Memory: 1370624K Free: 814611K (59%)
----------------- Invoking toplevel() on ptolemy.moml.MoMLSimpleApplication@3be4bc92
----------------- Done invoking toplevel() on ptolemy.moml.MoMLSimpleApplication@3be4bc92
reloadAllAccessors: .LevelCrossTest12

===========================================================================================
----------------- testing Sat Feb 16 03:30:05 UTC 2019 /home/travis/build/icyphy/ptII/ptolemy/actor/lib/test/auto/LevelCrossTest13.xml
----------------- Instantiating /home/travis/build/icyphy/ptII/ptolemy/actor/lib/test/auto/LevelCrossTest13.xml
1 ms. Memory: 1370624K Free: 802129K (59%)
----------------- Invoking toplevel() on ptolemy.moml.MoMLSimpleApplication@4ce3527d
----------------- Done invoking toplevel() on ptolemy.moml.MoMLSimpleApplication@4ce3527d
reloadAllAccessors: .LevelCrossTest13

===========================================================================================
----------------- testing Sat Feb 16 03:30:05 UTC 2019 /home/travis/build/icyphy/ptII/ptolemy/actor/lib/test/auto/LevelCrossTest2.xml
----------------- Instantiating /home/travis/build/icyphy/ptII/ptolemy/actor/lib/test/auto/LevelCrossTest2.xml
3 ms. Memory: 1370624K Free: 782010K (57%)
----------------- Invoking toplevel() on ptolemy.moml.MoMLSimpleApplication@44234ffd
----------------- Done invoking toplevel() on ptolemy.moml.MoMLSimpleApplication@44234ffd
reloadAllAccessors: .broken

===========================================================================================
----------------- testing Sat Feb 16 03:30:05 UTC 2019 /home/travis/build/icyphy/ptII/ptolemy/actor/lib/test/auto/LevelCrossTest3.xml
----------------- Instantiating /home/travis/build/icyphy/ptII/ptolemy/actor/lib/test/auto/LevelCrossTest3.xml
1 ms. Memory: 1370624K Free: 769527K (56%)
----------------- Invoking toplevel() on ptolemy.moml.MoMLSimpleApplication@45712e2
----------------- Done invoking toplevel() on ptolemy.moml.MoMLSimpleApplication@45712e2
reloadAllAccessors: .LevelCrossTest3

===========================================================================================
----------------- testing Sat Feb 16 03:30:05 UTC 2019 /home/travis/build/icyphy/ptII/ptolemy/actor/lib/test/auto/LevelCrossTest4.xml
----------------- Instantiating /home/travis/build/icyphy/ptII/ptolemy/actor/lib/test/auto/LevelCrossTest4.xml
1 ms. Memory: 1370624K Free: 757045K (55%)
----------------- Invoking toplevel() on ptolemy.moml.MoMLSimpleApplication@2ce42574
----------------- Done invoking toplevel() on ptolemy.moml.MoMLSimpleApplication@2ce42574
reloadAllAccessors: .broken

===========================================================================================
----------------- testing Sat Feb 16 03:30:05 UTC 2019 /home/travis/build/icyphy/ptII/ptolemy/actor/lib/test/auto/LevelCrossTest5.xml
----------------- Instantiating /home/travis/build/icyphy/ptII/ptolemy/actor/lib/test/auto/LevelCrossTest5.xml
1 ms. Memory: 1370624K Free: 744562K (54%)
----------------- Invoking toplevel() on ptolemy.moml.MoMLSimpleApplication@39d9be0d
----------------- Done invoking toplevel() on ptolemy.moml.MoMLSimpleApplication@39d9be0d
reloadAllAccessors: .LevelCrossTest5

===========================================================================================
----------------- testing Sat Feb 16 03:30:05 UTC 2019 /home/travis/build/icyphy/ptII/ptolemy/actor/lib/test/auto/LevelCrossTest6.xml
----------------- Instantiating /home/travis/build/icyphy/ptII/ptolemy/actor/lib/test/auto/LevelCrossTest6.xml
1 ms. Memory: 1370624K Free: 724444K (53%)
----------------- Invoking toplevel() on ptolemy.moml.MoMLSimpleApplication@57b0ed86
----------------- Done invoking toplevel() on ptolemy.moml.MoMLSimpleApplication@57b0ed86
reloadAllAccessors: .LevelCrossTest6

===========================================================================================
----------------- testing Sat Feb 16 03:30:05 UTC 2019 /home/travis/build/icyphy/ptII/ptolemy/actor/lib/test/auto/LevelCrossTest7.xml
----------------- Instantiating /home/travis/build/icyphy/ptII/ptolemy/actor/lib/test/auto/LevelCrossTest7.xml
1 ms. Memory: 1370624K Free: 711961K (52%)
----------------- Invoking toplevel() on ptolemy.moml.MoMLSimpleApplication@55dc6700
----------------- Done invoking toplevel() on ptolemy.moml.MoMLSimpleApplication@55dc6700
reloadAllAccessors: .LevelCrossTest7

===========================================================================================
----------------- testing Sat Feb 16 03:30:05 UTC 2019 /home/travis/build/icyphy/ptII/ptolemy/actor/lib/test/auto/LevelCrossTest8.xml
----------------- Instantiating /home/travis/build/icyphy/ptII/ptolemy/actor/lib/test/auto/LevelCrossTest8.xml
1 ms. Memory: 1370624K Free: 699478K (51%)
----------------- Invoking toplevel() on ptolemy.moml.MoMLSimpleApplication@3e42cc5
----------------- Done invoking toplevel() on ptolemy.moml.MoMLSimpleApplication@3e42cc5
reloadAllAccessors: .LevelCrossTest8

===========================================================================================
----------------- testing Sat Feb 16 03:30:05 UTC 2019 /home/travis/build/icyphy/ptII/ptolemy/actor/lib/test/auto/LevelCrossTest9.xml
----------------- Instantiating /home/travis/build/icyphy/ptII/ptolemy/actor/lib/test/auto/LevelCrossTest9.xml
1 ms. Memory: 1370624K Free: 679360K (50%)
----------------- Invoking toplevel() on ptolemy.moml.MoMLSimpleApplication@78ccdc51
----------------- Done invoking toplevel() on ptolemy.moml.MoMLSimpleApplication@78ccdc51
reloadAllAccessors: .LevelCrossTest9

===========================================================================================
----------------- testing Sat Feb 16 03:30:05 UTC 2019 /home/travis/build/icyphy/ptII/ptolemy/actor/lib/test/auto/LevinsonDurbin.xml
----------------- Instantiating /home/travis/build/icyphy/ptII/ptolemy/actor/lib/test/auto/LevinsonDurbin.xml
5 ms. Memory: 1370624K Free: 666877K (49%)
----------------- Invoking toplevel() on ptolemy.moml.MoMLSimpleApplication@33174f6d
----------------- Done invoking toplevel() on ptolemy.moml.MoMLSimpleApplication@33174f6d
reloadAllAccessors: .LevinsonDurbin

===========================================================================================
----------------- testing Sat Feb 16 03:30:05 UTC 2019 /home/travis/build/icyphy/ptII/ptolemy/actor/lib/test/auto/LevinsonDurbin2.xml
----------------- Instantiating /home/travis/build/icyphy/ptII/ptolemy/actor/lib/test/auto/LevinsonDurbin2.xml
1 ms. Memory: 1370624K Free: 654394K (48%)
----------------- Invoking toplevel() on ptolemy.moml.MoMLSimpleApplication@45033e87
----------------- Done invoking toplevel() on ptolemy.moml.MoMLSimpleApplication@45033e87
reloadAllAccessors: .LevinsonDurbin2

===========================================================================================
----------------- testing Sat Feb 16 03:30:05 UTC 2019 /home/travis/build/icyphy/ptII/ptolemy/actor/lib/test/auto/LevinsonDurbin3.xml
----------------- Instantiating /home/travis/build/icyphy/ptII/ptolemy/actor/lib/test/auto/LevinsonDurbin3.xml
2 ms. Memory: 1370624K Free: 634276K (46%)
----------------- Invoking toplevel() on ptolemy.moml.MoMLSimpleApplication@6b4dfa3d
----------------- Done invoking toplevel() on ptolemy.moml.MoMLSimpleApplication@6b4dfa3d
reloadAllAccessors: .LevinsonDurbin3

===========================================================================================
----------------- testing Sat Feb 16 03:30:05 UTC 2019 /home/travis/build/icyphy/ptII/ptolemy/actor/lib/test/auto/Limiter.xml
----------------- Instantiating /home/travis/build/icyphy/ptII/ptolemy/actor/lib/test/auto/Limiter.xml
6 ms. Memory: 1370624K Free: 621793K (45%)
----------------- Invoking toplevel() on ptolemy.moml.MoMLSimpleApplication@6d8d5db6
----------------- Done invoking toplevel() on ptolemy.moml.MoMLSimpleApplication@6d8d5db6
reloadAllAccessors: .Limiter

===========================================================================================
----------------- testing Sat Feb 16 03:30:06 UTC 2019 /home/travis/build/icyphy/ptII/ptolemy/actor/lib/test/auto/LinearDifferenceEquationSystem.xml
----------------- Instantiating /home/travis/build/icyphy/ptII/ptolemy/actor/lib/test/auto/LinearDifferenceEquationSystem.xml
3 ms. Memory: 1370624K Free: 609311K (44%)
----------------- Invoking toplevel() on ptolemy.moml.MoMLSimpleApplication@39280643
----------------- Done invoking toplevel() on ptolemy.moml.MoMLSimpleApplication@39280643
reloadAllAccessors: .LinearDifferenceEquationSystem

===========================================================================================
----------------- testing Sat Feb 16 03:30:06 UTC 2019 /home/travis/build/icyphy/ptII/ptolemy/actor/lib/test/auto/LookupTable.xml
----------------- Instantiating /home/travis/build/icyphy/ptII/ptolemy/actor/lib/test/auto/LookupTable.xml
2 ms. Memory: 1370624K Free: 589192K (43%)
----------------- Invoking toplevel() on ptolemy.moml.MoMLSimpleApplication@af64940
----------------- Done invoking toplevel() on ptolemy.moml.MoMLSimpleApplication@af64940
reloadAllAccessors: .LookupTable

===========================================================================================
----------------- testing Sat Feb 16 03:30:06 UTC 2019 /home/travis/build/icyphy/ptII/ptolemy/actor/lib/test/auto/MathFunction.xml
----------------- Instantiating /home/travis/build/icyphy/ptII/ptolemy/actor/lib/test/auto/MathFunction.xml
10 ms. Memory: 1370624K Free: 576709K (42%)
----------------- Invoking toplevel() on ptolemy.moml.MoMLSimpleApplication@d150891
----------------- Done invoking toplevel() on ptolemy.moml.MoMLSimpleApplication@d150891
reloadAllAccessors: .MathFunction

===========================================================================================
----------------- testing Sat Feb 16 03:30:06 UTC 2019 /home/travis/build/icyphy/ptII/ptolemy/actor/lib/test/auto/MathFunction2.xml
----------------- Instantiating /home/travis/build/icyphy/ptII/ptolemy/actor/lib/test/auto/MathFunction2.xml
1 ms. Memory: 1370624K Free: 564227K (41%)
----------------- Invoking toplevel() on ptolemy.moml.MoMLSimpleApplication@108359ef
----------------- Done invoking toplevel() on ptolemy.moml.MoMLSimpleApplication@108359ef
reloadAllAccessors: .MathFunction2

===========================================================================================
----------------- testing Sat Feb 16 03:30:06 UTC 2019 /home/travis/build/icyphy/ptII/ptolemy/actor/lib/test/auto/MathFunction3.xml
----------------- Instantiating /home/travis/build/icyphy/ptII/ptolemy/actor/lib/test/auto/MathFunction3.xml
1 ms. Memory: 1370624K Free: 544108K (40%)
----------------- Invoking toplevel() on ptolemy.moml.MoMLSimpleApplication@24304c9b
----------------- Done invoking toplevel() on ptolemy.moml.MoMLSimpleApplication@24304c9b
reloadAllAccessors: .MathFunction3

===========================================================================================
----------------- testing Sat Feb 16 03:30:06 UTC 2019 /home/travis/build/icyphy/ptII/ptolemy/actor/lib/test/auto/MatrixCropBoolean.xml
----------------- Instantiating /home/travis/build/icyphy/ptII/ptolemy/actor/lib/test/auto/MatrixCropBoolean.xml
3 ms. Memory: 1370624K Free: 531625K (39%)
----------------- Invoking toplevel() on ptolemy.moml.MoMLSimpleApplication@fec7711
----------------- Done invoking toplevel() on ptolemy.moml.MoMLSimpleApplication@fec7711
reloadAllAccessors: .MatrixCropBoolean

===========================================================================================
----------------- testing Sat Feb 16 03:30:06 UTC 2019 /home/travis/build/icyphy/ptII/ptolemy/actor/lib/test/auto/MatrixCropComplex.xml
----------------- Instantiating /home/travis/build/icyphy/ptII/ptolemy/actor/lib/test/auto/MatrixCropComplex.xml
1 ms. Memory: 1370624K Free: 519143K (38%)
----------------- Invoking toplevel() on ptolemy.moml.MoMLSimpleApplication@3c19300f
----------------- Done invoking toplevel() on ptolemy.moml.MoMLSimpleApplication@3c19300f
reloadAllAccessors: .MatrixCropComplex

===========================================================================================
----------------- testing Sat Feb 16 03:30:06 UTC 2019 /home/travis/build/icyphy/ptII/ptolemy/actor/lib/test/auto/MatrixCropDouble.xml
----------------- Instantiating /home/travis/build/icyphy/ptII/ptolemy/actor/lib/test/auto/MatrixCropDouble.xml
1 ms. Memory: 1370624K Free: 499024K (36%)
----------------- Invoking toplevel() on ptolemy.moml.MoMLSimpleApplication@290247bf
----------------- Done invoking toplevel() on ptolemy.moml.MoMLSimpleApplication@290247bf
reloadAllAccessors: .MatrixCropDouble

===========================================================================================
----------------- testing Sat Feb 16 03:30:06 UTC 2019 /home/travis/build/icyphy/ptII/ptolemy/actor/lib/test/auto/MatrixCropFix.xml
----------------- Instantiating /home/travis/build/icyphy/ptII/ptolemy/actor/lib/test/auto/MatrixCropFix.xml
2 ms. Memory: 1370624K Free: 486541K (35%)
----------------- Invoking toplevel() on ptolemy.moml.MoMLSimpleApplication@60dae00f
----------------- Done invoking toplevel() on ptolemy.moml.MoMLSimpleApplication@60dae00f
reloadAllAccessors: .MatrixCropFix

===========================================================================================
----------------- testing Sat Feb 16 03:30:06 UTC 2019 /home/travis/build/icyphy/ptII/ptolemy/actor/lib/test/auto/MatrixCropInt.xml
----------------- Instantiating /home/travis/build/icyphy/ptII/ptolemy/actor/lib/test/auto/MatrixCropInt.xml
1 ms. Memory: 1370624K Free: 474059K (35%)
----------------- Invoking toplevel() on ptolemy.moml.MoMLSimpleApplication@665e4cbe
----------------- Done invoking toplevel() on ptolemy.moml.MoMLSimpleApplication@665e4cbe
reloadAllAccessors: .MatrixCropInt

===========================================================================================
----------------- testing Sat Feb 16 03:30:06 UTC 2019 /home/travis/build/icyphy/ptII/ptolemy/actor/lib/test/auto/MatrixCropLong.xml
----------------- Instantiating /home/travis/build/icyphy/ptII/ptolemy/actor/lib/test/auto/MatrixCropLong.xml
1 ms. Memory: 1370624K Free: 453940K (33%)
----------------- Invoking toplevel() on ptolemy.moml.MoMLSimpleApplication@f475c13
----------------- Done invoking toplevel() on ptolemy.moml.MoMLSimpleApplication@f475c13
reloadAllAccessors: .MatrixCropLong

===========================================================================================
----------------- testing Sat Feb 16 03:30:06 UTC 2019 /home/travis/build/icyphy/ptII/ptolemy/actor/lib/test/auto/MatrixToArray.xml
----------------- Instantiating /home/travis/build/icyphy/ptII/ptolemy/actor/lib/test/auto/MatrixToArray.xml
5 ms. Memory: 1370624K Free: 428951K (31%)
----------------- Invoking toplevel() on ptolemy.moml.MoMLSimpleApplication@4185eddd
----------------- Done invoking toplevel() on ptolemy.moml.MoMLSimpleApplication@4185eddd
reloadAllAccessors: .MatrixToArray

===========================================================================================
----------------- testing Sat Feb 16 03:30:06 UTC 2019 /home/travis/build/icyphy/ptII/ptolemy/actor/lib/test/auto/MaxIndex.xml
----------------- Instantiating /home/travis/build/icyphy/ptII/ptolemy/actor/lib/test/auto/MaxIndex.xml
2 ms. Memory: 1370624K Free: 416468K (30%)
----------------- Invoking toplevel() on ptolemy.moml.MoMLSimpleApplication@3889e523
----------------- Done invoking toplevel() on ptolemy.moml.MoMLSimpleApplication@3889e523
reloadAllAccessors: .MaxIndex

===========================================================================================
----------------- testing Sat Feb 16 03:30:06 UTC 2019 /home/travis/build/icyphy/ptII/ptolemy/actor/lib/test/auto/Maximum.xml
----------------- Instantiating /home/travis/build/icyphy/ptII/ptolemy/actor/lib/test/auto/Maximum.xml
2 ms. Memory: 1370624K Free: 403986K (29%)
----------------- Invoking toplevel() on ptolemy.moml.MoMLSimpleApplication@586d7f63
----------------- Done invoking toplevel() on ptolemy.moml.MoMLSimpleApplication@586d7f63
reloadAllAccessors: .Maximum

===========================================================================================
----------------- testing Sat Feb 16 03:30:06 UTC 2019 /home/travis/build/icyphy/ptII/ptolemy/actor/lib/test/auto/MaximumComplex.xml
----------------- Instantiating /home/travis/build/icyphy/ptII/ptolemy/actor/lib/test/auto/MaximumComplex.xml
2 ms. Memory: 1370624K Free: 383867K (28%)
----------------- Invoking toplevel() on ptolemy.moml.MoMLSimpleApplication@76e82aca
----------------- Done invoking toplevel() on ptolemy.moml.MoMLSimpleApplication@76e82aca
reloadAllAccessors: .MaximumComplex

===========================================================================================
----------------- testing Sat Feb 16 03:30:06 UTC 2019 /home/travis/build/icyphy/ptII/ptolemy/actor/lib/test/auto/MethodCallTest.xml
----------------- Instantiating /home/travis/build/icyphy/ptII/ptolemy/actor/lib/test/auto/MethodCallTest.xml
2 ms. Memory: 1370624K Free: 371384K (27%)
----------------- Invoking toplevel() on ptolemy.moml.MoMLSimpleApplication@5b8c4d17
----------------- Done invoking toplevel() on ptolemy.moml.MoMLSimpleApplication@5b8c4d17
reloadAllAccessors: .MethodCallTest

===========================================================================================
----------------- testing Sat Feb 16 03:30:06 UTC 2019 /home/travis/build/icyphy/ptII/ptolemy/actor/lib/test/auto/Minimum.xml
----------------- Instantiating /home/travis/build/icyphy/ptII/ptolemy/actor/lib/test/auto/Minimum.xml
2 ms. Memory: 1370624K Free: 358902K (26%)
----------------- Invoking toplevel() on ptolemy.moml.MoMLSimpleApplication@5f7e0599
----------------- Done invoking toplevel() on ptolemy.moml.MoMLSimpleApplication@5f7e0599
reloadAllAccessors: .Minimum

===========================================================================================
----------------- testing Sat Feb 16 03:30:06 UTC 2019 /home/travis/build/icyphy/ptII/ptolemy/actor/lib/test/auto/MinimumComplex.xml
----------------- Instantiating /home/travis/build/icyphy/ptII/ptolemy/actor/lib/test/auto/MinimumComplex.xml
2 ms. Memory: 1370624K Free: 338783K (25%)
----------------- Invoking toplevel() on ptolemy.moml.MoMLSimpleApplication@214e2d0e
----------------- Done invoking toplevel() on ptolemy.moml.MoMLSimpleApplication@214e2d0e
reloadAllAccessors: .MinimumComplex

===========================================================================================
----------------- testing Sat Feb 16 03:30:06 UTC 2019 /home/travis/build/icyphy/ptII/ptolemy/actor/lib/test/auto/MinimumMultiports.xml
----------------- Instantiating /home/travis/build/icyphy/ptII/ptolemy/actor/lib/test/auto/MinimumMultiports.xml
3 ms. Memory: 1370624K Free: 326301K (24%)
----------------- Invoking toplevel() on ptolemy.moml.MoMLSimpleApplication@47198f7b
----------------- Done invoking toplevel() on ptolemy.moml.MoMLSimpleApplication@47198f7b
reloadAllAccessors: .MinimumMultiports

===========================================================================================
----------------- testing Sat Feb 16 03:30:06 UTC 2019 /home/travis/build/icyphy/ptII/ptolemy/actor/lib/test/auto/ModifyDate.xml
----------------- Instantiating /home/travis/build/icyphy/ptII/ptolemy/actor/lib/test/auto/ModifyDate.xml
5 ms. Memory: 1370624K Free: 307561K (22%)
----------------- Invoking toplevel() on ptolemy.moml.MoMLSimpleApplication@3a9894e1
----------------- Done invoking toplevel() on ptolemy.moml.MoMLSimpleApplication@3a9894e1
reloadAllAccessors: .ModifyDate

===========================================================================================
----------------- testing Sat Feb 16 03:30:06 UTC 2019 /home/travis/build/icyphy/ptII/ptolemy/actor/lib/test/auto/ModifyDate2.xml
----------------- Instantiating /home/travis/build/icyphy/ptII/ptolemy/actor/lib/test/auto/ModifyDate2.xml
3 ms. Memory: 1370624K Free: 281185K (21%)
----------------- Invoking toplevel() on ptolemy.moml.MoMLSimpleApplication@6869b057
----------------- Done invoking toplevel() on ptolemy.moml.MoMLSimpleApplication@6869b057
reloadAllAccessors: .ModifyDate2

===========================================================================================
----------------- testing Sat Feb 16 03:30:06 UTC 2019 /home/travis/build/icyphy/ptII/ptolemy/actor/lib/test/auto/MovingAverage.xml
----------------- Instantiating /home/travis/build/icyphy/ptII/ptolemy/actor/lib/test/auto/MovingAverage.xml
1 ms. Memory: 1370624K Free: 268702K (20%)
----------------- Invoking toplevel() on ptolemy.moml.MoMLSimpleApplication@772eed62
----------------- Done invoking toplevel() on ptolemy.moml.MoMLSimpleApplication@772eed62
reloadAllAccessors: .MovingAverage

===========================================================================================
----------------- testing Sat Feb 16 03:30:06 UTC 2019 /home/travis/build/icyphy/ptII/ptolemy/actor/lib/test/auto/MovingMaximum.xml
----------------- Instantiating /home/travis/build/icyphy/ptII/ptolemy/actor/lib/test/auto/MovingMaximum.xml
1 ms. Memory: 1370624K Free: 256220K (19%)
----------------- Invoking toplevel() on ptolemy.moml.MoMLSimpleApplication@1b94adff
----------------- Done invoking toplevel() on ptolemy.moml.MoMLSimpleApplication@1b94adff
reloadAllAccessors: .MovingMaximum

===========================================================================================
----------------- testing Sat Feb 16 03:30:06 UTC 2019 /home/travis/build/icyphy/ptII/ptolemy/actor/lib/test/auto/MultipleLinksToSameRelation.xml
----------------- Instantiating /home/travis/build/icyphy/ptII/ptolemy/actor/lib/test/auto/MultipleLinksToSameRelation.xml
2 ms. Memory: 1370624K Free: 236101K (17%)
----------------- Invoking toplevel() on ptolemy.moml.MoMLSimpleApplication@29e47161
----------------- Done invoking toplevel() on ptolemy.moml.MoMLSimpleApplication@29e47161
reloadAllAccessors: .MultipleLinksToSameRelation

===========================================================================================
----------------- testing Sat Feb 16 03:30:06 UTC 2019 /home/travis/build/icyphy/ptII/ptolemy/actor/lib/test/auto/MultipleLinksToSameRelationDE.xml
----------------- Instantiating /home/travis/build/icyphy/ptII/ptolemy/actor/lib/test/auto/MultipleLinksToSameRelationDE.xml
2 ms. Memory: 1370624K Free: 223618K (16%)
----------------- Invoking toplevel() on ptolemy.moml.MoMLSimpleApplication@7a5ec47c
----------------- Done invoking toplevel() on ptolemy.moml.MoMLSimpleApplication@7a5ec47c
reloadAllAccessors: .MultipleLinksToSameRelationDE

===========================================================================================
----------------- testing Sat Feb 16 03:30:06 UTC 2019 /home/travis/build/icyphy/ptII/ptolemy/actor/lib/test/auto/Multiplexor.xml
----------------- Instantiating /home/travis/build/icyphy/ptII/ptolemy/actor/lib/test/auto/Multiplexor.xml
2 ms. Memory: 1370624K Free: 211136K (15%)
----------------- Invoking toplevel() on ptolemy.moml.MoMLSimpleApplication@47ef4163
----------------- Done invoking toplevel() on ptolemy.moml.MoMLSimpleApplication@47ef4163
reloadAllAccessors: .Multiplexor

===========================================================================================
----------------- testing Sat Feb 16 03:30:06 UTC 2019 /home/travis/build/icyphy/ptII/ptolemy/actor/lib/test/auto/Multiplexor1.xml
----------------- Instantiating /home/travis/build/icyphy/ptII/ptolemy/actor/lib/test/auto/Multiplexor1.xml
2 ms. Memory: 1370624K Free: 191017K (14%)
----------------- Invoking toplevel() on ptolemy.moml.MoMLSimpleApplication@6563686c
----------------- Done invoking toplevel() on ptolemy.moml.MoMLSimpleApplication@6563686c
reloadAllAccessors: .Multiplexor1

===========================================================================================
----------------- testing Sat Feb 16 03:30:06 UTC 2019 /home/travis/build/icyphy/ptII/ptolemy/actor/lib/test/auto/Multiplexor2.xml
----------------- Instantiating /home/travis/build/icyphy/ptII/ptolemy/actor/lib/test/auto/Multiplexor2.xml
2 ms. Memory: 1370624K Free: 178534K (13%)
----------------- Invoking toplevel() on ptolemy.moml.MoMLSimpleApplication@5784a6f
----------------- Done invoking toplevel() on ptolemy.moml.MoMLSimpleApplication@5784a6f
reloadAllAccessors: .Multiplexor2

===========================================================================================
----------------- testing Sat Feb 16 03:30:06 UTC 2019 /home/travis/build/icyphy/ptII/ptolemy/actor/lib/test/auto/Multiplexor3.xml
----------------- Instantiating /home/travis/build/icyphy/ptII/ptolemy/actor/lib/test/auto/Multiplexor3.xml
1 ms. Memory: 1370624K Free: 166052K (12%)
----------------- Invoking toplevel() on ptolemy.moml.MoMLSimpleApplication@e29e2ec
----------------- Done invoking toplevel() on ptolemy.moml.MoMLSimpleApplication@e29e2ec
reloadAllAccessors: .Multiplexor3

===========================================================================================
----------------- testing Sat Feb 16 03:30:06 UTC 2019 /home/travis/build/icyphy/ptII/ptolemy/actor/lib/test/auto/MultiplexorDE.xml
----------------- Instantiating /home/travis/build/icyphy/ptII/ptolemy/actor/lib/test/auto/MultiplexorDE.xml
1 ms. Memory: 1370624K Free: 145933K (11%)
----------------- Invoking toplevel() on ptolemy.moml.MoMLSimpleApplication@601d120c
----------------- Done invoking toplevel() on ptolemy.moml.MoMLSimpleApplication@601d120c
reloadAllAccessors: .MultiplexorDE

===========================================================================================
----------------- testing Sat Feb 16 03:30:06 UTC 2019 /home/travis/build/icyphy/ptII/ptolemy/actor/lib/test/auto/MultiportBroadcastTest.xml
----------------- Instantiating /home/travis/build/icyphy/ptII/ptolemy/actor/lib/test/auto/MultiportBroadcastTest.xml
75 ms. Memory: 1370624K Free: 133450K (10%)
----------------- Invoking toplevel() on ptolemy.moml.MoMLSimpleApplication@270f7b1e
----------------- Done invoking toplevel() on ptolemy.moml.MoMLSimpleApplication@270f7b1e
reloadAllAccessors: .MultiportBroadcastTest

===========================================================================================
----------------- testing Sat Feb 16 03:30:06 UTC 2019 /home/travis/build/icyphy/ptII/ptolemy/actor/lib/test/auto/MultiportOutHangDuringGetWidth.xml
----------------- Instantiating /home/travis/build/icyphy/ptII/ptolemy/actor/lib/test/auto/MultiportOutHangDuringGetWidth.xml
5 ms. Memory: 1370624K Free: 114726K (8%)
----------------- Invoking toplevel() on ptolemy.moml.MoMLSimpleApplication@3ac97bb5
----------------- Done invoking toplevel() on ptolemy.moml.MoMLSimpleApplication@3ac97bb5
reloadAllAccessors: .MultiportOutHangDuringGetWidth

===========================================================================================
----------------- testing Sat Feb 16 03:30:06 UTC 2019 /home/travis/build/icyphy/ptII/ptolemy/actor/lib/test/auto/NilToken.xml
----------------- Instantiating /home/travis/build/icyphy/ptII/ptolemy/actor/lib/test/auto/NilToken.xml
1 ms. Memory: 1370624K Free: 94607K (7%)
----------------- Invoking toplevel() on ptolemy.moml.MoMLSimpleApplication@7120056e
----------------- Done invoking toplevel() on ptolemy.moml.MoMLSimpleApplication@7120056e
reloadAllAccessors: .NilToken

===========================================================================================
----------------- testing Sat Feb 16 03:30:06 UTC 2019 /home/travis/build/icyphy/ptII/ptolemy/actor/lib/test/auto/NilTokenNonStrictTest.xml
----------------- Instantiating /home/travis/build/icyphy/ptII/ptolemy/actor/lib/test/auto/NilTokenNonStrictTest.xml
1 ms. Memory: 1370624K Free: 82267K (6%)
----------------- Invoking toplevel() on ptolemy.moml.MoMLSimpleApplication@26dfe2f3
----------------- Done invoking toplevel() on ptolemy.moml.MoMLSimpleApplication@26dfe2f3
reloadAllAccessors: .NilTokenNonStrictTest

===========================================================================================
----------------- testing Sat Feb 16 03:30:06 UTC 2019 /home/travis/build/icyphy/ptII/ptolemy/actor/lib/test/auto/NilTokenRecord.xml
----------------- Instantiating /home/travis/build/icyphy/ptII/ptolemy/actor/lib/test/auto/NilTokenRecord.xml
4 ms. Memory: 1532928K Free: 1478231K (96%)
----------------- Invoking toplevel() on ptolemy.moml.MoMLSimpleApplication@4b9c25d4
----------------- Done invoking toplevel() on ptolemy.moml.MoMLSimpleApplication@4b9c25d4
reloadAllAccessors: .NilTokenRecord

===========================================================================================
----------------- testing Sat Feb 16 03:30:06 UTC 2019 /home/travis/build/icyphy/ptII/ptolemy/actor/lib/test/auto/NilTokenTypeTest.xml
----------------- Instantiating /home/travis/build/icyphy/ptII/ptolemy/actor/lib/test/auto/NilTokenTypeTest.xml
7 ms. Memory: 1532928K Free: 1449545K (95%)
----------------- Invoking toplevel() on ptolemy.moml.MoMLSimpleApplication@787c23e
----------------- Done invoking toplevel() on ptolemy.moml.MoMLSimpleApplication@787c23e
reloadAllAccessors: .NilTokenTypeTest

===========================================================================================
----------------- testing Sat Feb 16 03:30:06 UTC 2019 /home/travis/build/icyphy/ptII/ptolemy/actor/lib/test/auto/ObjectToken1.xml
----------------- Instantiating /home/travis/build/icyphy/ptII/ptolemy/actor/lib/test/auto/ObjectToken1.xml
1 ms. Memory: 1532928K Free: 1435245K (94%)
----------------- Invoking toplevel() on ptolemy.moml.MoMLSimpleApplication@3252dbaa
----------------- Done invoking toplevel() on ptolemy.moml.MoMLSimpleApplication@3252dbaa
reloadAllAccessors: .ObjectToken1

===========================================================================================
----------------- testing Sat Feb 16 03:30:06 UTC 2019 /home/travis/build/icyphy/ptII/ptolemy/actor/lib/test/auto/OrderedMerge.xml
----------------- Instantiating /home/travis/build/icyphy/ptII/ptolemy/actor/lib/test/auto/OrderedMerge.xml
4 ms. Memory: 1532928K Free: 1385125K (90%)
----------------- Invoking toplevel() on ptolemy.moml.MoMLSimpleApplication@4bcdd7b
----------------- Done invoking toplevel() on ptolemy.moml.MoMLSimpleApplication@4bcdd7b
reloadAllAccessors: .OrderedMerge

===========================================================================================
----------------- testing Sat Feb 16 03:30:06 UTC 2019 /home/travis/build/icyphy/ptII/ptolemy/actor/lib/test/auto/OrderedRecordDisassembler.xml
----------------- Instantiating /home/travis/build/icyphy/ptII/ptolemy/actor/lib/test/auto/OrderedRecordDisassembler.xml
3 ms. Memory: 1532928K Free: 1370743K (89%)
----------------- Invoking toplevel() on ptolemy.moml.MoMLSimpleApplication@10fb1980
----------------- Done invoking toplevel() on ptolemy.moml.MoMLSimpleApplication@10fb1980
reloadAllAccessors: .OrderedRecordDisassembler

===========================================================================================
----------------- testing Sat Feb 16 03:30:06 UTC 2019 /home/travis/build/icyphy/ptII/ptolemy/actor/lib/test/auto/OrderedRecordDisassembler2.xml
----------------- Instantiating /home/travis/build/icyphy/ptII/ptolemy/actor/lib/test/auto/OrderedRecordDisassembler2.xml
3 ms. Memory: 1532928K Free: 1356443K (88%)
----------------- Invoking toplevel() on ptolemy.moml.MoMLSimpleApplication@79718062
----------------- Done invoking toplevel() on ptolemy.moml.MoMLSimpleApplication@79718062
reloadAllAccessors: .OrderedRecordDisassembler2

===========================================================================================
----------------- testing Sat Feb 16 03:30:06 UTC 2019 /home/travis/build/icyphy/ptII/ptolemy/actor/lib/test/auto/OrderedRecordUpdater.xml
----------------- Instantiating /home/travis/build/icyphy/ptII/ptolemy/actor/lib/test/auto/OrderedRecordUpdater.xml
1 ms. Memory: 1532928K Free: 1334923K (87%)
----------------- Invoking toplevel() on ptolemy.moml.MoMLSimpleApplication@4b5de333
----------------- Done invoking toplevel() on ptolemy.moml.MoMLSimpleApplication@4b5de333
reloadAllAccessors: .RecordUpdater

===========================================================================================
----------------- testing Sat Feb 16 03:30:06 UTC 2019 /home/travis/build/icyphy/ptII/ptolemy/actor/lib/test/auto/OrderedRecordUpdater2.xml
----------------- Instantiating /home/travis/build/icyphy/ptII/ptolemy/actor/lib/test/auto/OrderedRecordUpdater2.xml
2 ms. Memory: 1532928K Free: 1320623K (86%)
----------------- Invoking toplevel() on ptolemy.moml.MoMLSimpleApplication@7e7e4b25
----------------- Done invoking toplevel() on ptolemy.moml.MoMLSimpleApplication@7e7e4b25
reloadAllAccessors: .RecordUpdater2

===========================================================================================
----------------- testing Sat Feb 16 03:30:06 UTC 2019 /home/travis/build/icyphy/ptII/ptolemy/actor/lib/test/auto/PhaseUnwrap.xml
----------------- Instantiating /home/travis/build/icyphy/ptII/ptolemy/actor/lib/test/auto/PhaseUnwrap.xml
1 ms. Memory: 1532928K Free: 1306323K (85%)
----------------- Invoking toplevel() on ptolemy.moml.MoMLSimpleApplication@7bca80f4
----------------- Done invoking toplevel() on ptolemy.moml.MoMLSimpleApplication@7bca80f4
reloadAllAccessors: .PhaseUnwrap

===========================================================================================
----------------- testing Sat Feb 16 03:30:06 UTC 2019 /home/travis/build/icyphy/ptII/ptolemy/actor/lib/test/auto/PoissonClock.xml
----------------- Instantiating /home/travis/build/icyphy/ptII/ptolemy/actor/lib/test/auto/PoissonClock.xml
1 ms. Memory: 1532928K Free: 1284804K (84%)
----------------- Invoking toplevel() on ptolemy.moml.MoMLSimpleApplication@230857a8
----------------- Done invoking toplevel() on ptolemy.moml.MoMLSimpleApplication@230857a8
reloadAllAccessors: .PoissonClock

===========================================================================================
----------------- testing Sat Feb 16 03:30:06 UTC 2019 /home/travis/build/icyphy/ptII/ptolemy/actor/lib/test/auto/PoissonClock2.xml
----------------- Instantiating /home/travis/build/icyphy/ptII/ptolemy/actor/lib/test/auto/PoissonClock2.xml
1 ms. Memory: 1532928K Free: 1270503K (83%)
----------------- Invoking toplevel() on ptolemy.moml.MoMLSimpleApplication@34a27df6
----------------- Done invoking toplevel() on ptolemy.moml.MoMLSimpleApplication@34a27df6
reloadAllAccessors: .PoissonClock2

===========================================================================================
----------------- testing Sat Feb 16 03:30:06 UTC 2019 /home/travis/build/icyphy/ptII/ptolemy/actor/lib/test/auto/PoissonClock3.xml
----------------- Instantiating /home/travis/build/icyphy/ptII/ptolemy/actor/lib/test/auto/PoissonClock3.xml
1 ms. Memory: 1532928K Free: 1256203K (82%)
----------------- Invoking toplevel() on ptolemy.moml.MoMLSimpleApplication@4dce5c74
----------------- Done invoking toplevel() on ptolemy.moml.MoMLSimpleApplication@4dce5c74
reloadAllAccessors: .PoissonClock3

===========================================================================================
----------------- testing Sat Feb 16 03:30:06 UTC 2019 /home/travis/build/icyphy/ptII/ptolemy/actor/lib/test/auto/PubSubWithInitialTokens.xml
----------------- Instantiating /home/travis/build/icyphy/ptII/ptolemy/actor/lib/test/auto/PubSubWithInitialTokens.xml
1 ms. Memory: 1532928K Free: 1234684K (81%)
----------------- Invoking toplevel() on ptolemy.moml.MoMLSimpleApplication@3a1a1fd3
----------------- Done invoking toplevel() on ptolemy.moml.MoMLSimpleApplication@3a1a1fd3
reloadAllAccessors: .PubSubWithInitialTokens

===========================================================================================
----------------- testing Sat Feb 16 03:30:06 UTC 2019 /home/travis/build/icyphy/ptII/ptolemy/actor/lib/test/auto/PubSubWithInitialTokens2.xml
----------------- Instantiating /home/travis/build/icyphy/ptII/ptolemy/actor/lib/test/auto/PubSubWithInitialTokens2.xml
2 ms. Memory: 1532928K Free: 1220384K (80%)
----------------- Invoking toplevel() on ptolemy.moml.MoMLSimpleApplication@37955727
----------------- Done invoking toplevel() on ptolemy.moml.MoMLSimpleApplication@37955727
reloadAllAccessors: .PubSubWithInitialTokens2

===========================================================================================
----------------- testing Sat Feb 16 03:30:07 UTC 2019 /home/travis/build/icyphy/ptII/ptolemy/actor/lib/test/auto/PublisherClassNoParameter.xml
----------------- Instantiating /home/travis/build/icyphy/ptII/ptolemy/actor/lib/test/auto/PublisherClassNoParameter.xml
2 ms. Memory: 1532928K Free: 1198917K (78%)
----------------- Invoking toplevel() on ptolemy.moml.MoMLSimpleApplication@4cddf70c
----------------- Done invoking toplevel() on ptolemy.moml.MoMLSimpleApplication@4cddf70c
reloadAllAccessors: .PublisherClassNoParameter

===========================================================================================
----------------- testing Sat Feb 16 03:30:07 UTC 2019 /home/travis/build/icyphy/ptII/ptolemy/actor/lib/test/auto/PublisherClassParameter.xml
----------------- Instantiating /home/travis/build/icyphy/ptII/ptolemy/actor/lib/test/auto/PublisherClassParameter.xml
2 ms. Memory: 1532928K Free: 1170232K (76%)
----------------- Invoking toplevel() on ptolemy.moml.MoMLSimpleApplication@61cb314a
----------------- Done invoking toplevel() on ptolemy.moml.MoMLSimpleApplication@61cb314a
reloadAllAccessors: .PublisherClassParameter

===========================================================================================
----------------- testing Sat Feb 16 03:30:07 UTC 2019 /home/travis/build/icyphy/ptII/ptolemy/actor/lib/test/auto/PublisherNonStrictTest.xml
----------------- Instantiating /home/travis/build/icyphy/ptII/ptolemy/actor/lib/test/auto/PublisherNonStrictTest.xml
4 ms. Memory: 1532928K Free: 1155932K (75%)
----------------- Invoking toplevel() on ptolemy.moml.MoMLSimpleApplication@4dc8427e
----------------- Done invoking toplevel() on ptolemy.moml.MoMLSimpleApplication@4dc8427e
reloadAllAccessors: .PublisherNonStrictTest

===========================================================================================
----------------- testing Sat Feb 16 03:30:07 UTC 2019 /home/travis/build/icyphy/ptII/ptolemy/actor/lib/test/auto/PublisherPort1.xml
----------------- Instantiating /home/travis/build/icyphy/ptII/ptolemy/actor/lib/test/auto/PublisherPort1.xml
11 ms. Memory: 1532928K Free: 1141631K (74%)
----------------- Invoking toplevel() on ptolemy.moml.MoMLSimpleApplication@71746534
----------------- Done invoking toplevel() on ptolemy.moml.MoMLSimpleApplication@71746534
reloadAllAccessors: .PublisherPort1

===========================================================================================
----------------- testing Sat Feb 16 03:30:07 UTC 2019 /home/travis/build/icyphy/ptII/ptolemy/actor/lib/test/auto/PublisherPort2.xml
----------------- Instantiating /home/travis/build/icyphy/ptII/ptolemy/actor/lib/test/auto/PublisherPort2.xml
1 ms. Memory: 1532928K Free: 1120112K (73%)
----------------- Invoking toplevel() on ptolemy.moml.MoMLSimpleApplication@364ce063
----------------- Done invoking toplevel() on ptolemy.moml.MoMLSimpleApplication@364ce063
reloadAllAccessors: .PublisherPort2

===========================================================================================
----------------- testing Sat Feb 16 03:30:07 UTC 2019 /home/travis/build/icyphy/ptII/ptolemy/actor/lib/test/auto/PublisherPort3.xml
----------------- Instantiating /home/travis/build/icyphy/ptII/ptolemy/actor/lib/test/auto/PublisherPort3.xml
2 ms. Memory: 1532928K Free: 1105812K (72%)
----------------- Invoking toplevel() on ptolemy.moml.MoMLSimpleApplication@2ad9173f
----------------- Done invoking toplevel() on ptolemy.moml.MoMLSimpleApplication@2ad9173f
reloadAllAccessors: .PublisherPort3

===========================================================================================
----------------- testing Sat Feb 16 03:30:07 UTC 2019 /home/travis/build/icyphy/ptII/ptolemy/actor/lib/test/auto/PublisherPort4.xml
----------------- Instantiating /home/travis/build/icyphy/ptII/ptolemy/actor/lib/test/auto/PublisherPort4.xml
2 ms. Memory: 1532928K Free: 1091512K (71%)
----------------- Invoking toplevel() on ptolemy.moml.MoMLSimpleApplication@4a411fe8
----------------- Done invoking toplevel() on ptolemy.moml.MoMLSimpleApplication@4a411fe8
reloadAllAccessors: .PublisherPort4

===========================================================================================
----------------- testing Sat Feb 16 03:30:07 UTC 2019 /home/travis/build/icyphy/ptII/ptolemy/actor/lib/test/auto/PublisherPort5.xml
----------------- Instantiating /home/travis/build/icyphy/ptII/ptolemy/actor/lib/test/auto/PublisherPort5.xml
2 ms. Memory: 1532928K Free: 1069992K (70%)
----------------- Invoking toplevel() on ptolemy.moml.MoMLSimpleApplication@73869279
----------------- Done invoking toplevel() on ptolemy.moml.MoMLSimpleApplication@73869279
reloadAllAccessors: .PublisherPort5

===========================================================================================
----------------- testing Sat Feb 16 03:30:07 UTC 2019 /home/travis/build/icyphy/ptII/ptolemy/actor/lib/test/auto/PublisherPort5LookAlike.xml
----------------- Instantiating /home/travis/build/icyphy/ptII/ptolemy/actor/lib/test/auto/PublisherPort5LookAlike.xml
6 ms. Memory: 1532928K Free: 1055692K (69%)
----------------- Invoking toplevel() on ptolemy.moml.MoMLSimpleApplication@290f6da6
----------------- Done invoking toplevel() on ptolemy.moml.MoMLSimpleApplication@290f6da6
reloadAllAccessors: .PublisherPort5LookAlike

===========================================================================================
----------------- testing Sat Feb 16 03:30:07 UTC 2019 /home/travis/build/icyphy/ptII/ptolemy/actor/lib/test/auto/PublisherPort6.xml
----------------- Instantiating /home/travis/build/icyphy/ptII/ptolemy/actor/lib/test/auto/PublisherPort6.xml
2 ms. Memory: 1532928K Free: 1041392K (68%)
----------------- Invoking toplevel() on ptolemy.moml.MoMLSimpleApplication@79d1a90a
----------------- Done invoking toplevel() on ptolemy.moml.MoMLSimpleApplication@79d1a90a
reloadAllAccessors: .PublisherPort6

===========================================================================================
----------------- testing Sat Feb 16 03:30:07 UTC 2019 /home/travis/build/icyphy/ptII/ptolemy/actor/lib/test/auto/PublisherPort7.xml
----------------- Instantiating /home/travis/build/icyphy/ptII/ptolemy/actor/lib/test/auto/PublisherPort7.xml
2 ms. Memory: 1532928K Free: 1019872K (67%)
----------------- Invoking toplevel() on ptolemy.moml.MoMLSimpleApplication@5219366a
----------------- Done invoking toplevel() on ptolemy.moml.MoMLSimpleApplication@5219366a
reloadAllAccessors: .PublisherPort7

===========================================================================================
----------------- testing Sat Feb 16 03:30:07 UTC 2019 /home/travis/build/icyphy/ptII/ptolemy/actor/lib/test/auto/PublisherPort8.xml
----------------- Instantiating /home/travis/build/icyphy/ptII/ptolemy/actor/lib/test/auto/PublisherPort8.xml
4 ms. Memory: 1532928K Free: 1005572K (66%)
----------------- Invoking toplevel() on ptolemy.moml.MoMLSimpleApplication@1d3aa8a0
----------------- Done invoking toplevel() on ptolemy.moml.MoMLSimpleApplication@1d3aa8a0
reloadAllAccessors: .PublisherPort8

===========================================================================================
----------------- testing Sat Feb 16 03:30:07 UTC 2019 /home/travis/build/icyphy/ptII/ptolemy/actor/lib/test/auto/PublisherPortSubscriberChannelVariablesAOC2.xml
----------------- Instantiating /home/travis/build/icyphy/ptII/ptolemy/actor/lib/test/auto/PublisherPortSubscriberChannelVariablesAOC2.xml
2 ms. Memory: 1532928K Free: 969728K (63%)
----------------- Invoking toplevel() on ptolemy.moml.MoMLSimpleApplication@33b7773d
----------------- Done invoking toplevel() on ptolemy.moml.MoMLSimpleApplication@33b7773d
reloadAllAccessors: .PublisherPortSubscriberChannelVariablesAOC2

===========================================================================================
----------------- testing Sat Feb 16 03:30:07 UTC 2019 /home/travis/build/icyphy/ptII/ptolemy/actor/lib/test/auto/PublisherPortSubscriberOpaqueWidthInference.xml
----------------- Instantiating /home/travis/build/icyphy/ptII/ptolemy/actor/lib/test/auto/PublisherPortSubscriberOpaqueWidthInference.xml
3 ms. Memory: 1532928K Free: 955428K (62%)
----------------- Invoking toplevel() on ptolemy.moml.MoMLSimpleApplication@55a4e686
----------------- Done invoking toplevel() on ptolemy.moml.MoMLSimpleApplication@55a4e686
reloadAllAccessors: .PublisherPortSubscriberOpaqueWidthInference

===========================================================================================
----------------- testing Sat Feb 16 03:30:07 UTC 2019 /home/travis/build/icyphy/ptII/ptolemy/actor/lib/test/auto/PublisherPortSubscriberPortAdjacent.xml
----------------- Instantiating /home/travis/build/icyphy/ptII/ptolemy/actor/lib/test/auto/PublisherPortSubscriberPortAdjacent.xml
1 ms. Memory: 1532928K Free: 941128K (61%)
----------------- Invoking toplevel() on ptolemy.moml.MoMLSimpleApplication@6ee4ad52
----------------- Done invoking toplevel() on ptolemy.moml.MoMLSimpleApplication@6ee4ad52
reloadAllAccessors: .PublisherPortSubscriberPortAdjacent

===========================================================================================
----------------- testing Sat Feb 16 03:30:07 UTC 2019 /home/travis/build/icyphy/ptII/ptolemy/actor/lib/test/auto/PublisherPortSubscriberPortExpression.xml
----------------- Instantiating /home/travis/build/icyphy/ptII/ptolemy/actor/lib/test/auto/PublisherPortSubscriberPortExpression.xml
11 ms. Memory: 1532928K Free: 919608K (60%)
----------------- Invoking toplevel() on ptolemy.moml.MoMLSimpleApplication@6a85d442
----------------- Done invoking toplevel() on ptolemy.moml.MoMLSimpleApplication@6a85d442
reloadAllAccessors: .PublisherPortSubscriberPortExpression

===========================================================================================
----------------- testing Sat Feb 16 03:30:07 UTC 2019 /home/travis/build/icyphy/ptII/ptolemy/actor/lib/test/auto/PublisherPortSubscriberPortOpaqueD3Reverse.xml
----------------- Instantiating /home/travis/build/icyphy/ptII/ptolemy/actor/lib/test/auto/PublisherPortSubscriberPortOpaqueD3Reverse.xml
6 ms. Memory: 1532928K Free: 905308K (59%)
----------------- Invoking toplevel() on ptolemy.moml.MoMLSimpleApplication@14710c3e
----------------- Done invoking toplevel() on ptolemy.moml.MoMLSimpleApplication@14710c3e
reloadAllAccessors: .PublisherPortSubscriberPortOpaqueD3Reverse

===========================================================================================
----------------- testing Sat Feb 16 03:30:07 UTC 2019 /home/travis/build/icyphy/ptII/ptolemy/actor/lib/test/auto/PublisherPortSubscriberPortOpaqueWidthInference.xml
----------------- Instantiating /home/travis/build/icyphy/ptII/ptolemy/actor/lib/test/auto/PublisherPortSubscriberPortOpaqueWidthInference.xml
3 ms. Memory: 1532928K Free: 891008K (58%)
----------------- Invoking toplevel() on ptolemy.moml.MoMLSimpleApplication@143c8835
----------------- Done invoking toplevel() on ptolemy.moml.MoMLSimpleApplication@143c8835
reloadAllAccessors: .PublisherPortSubscriberPortOpaqueWidthInference

===========================================================================================
----------------- testing Sat Feb 16 03:30:07 UTC 2019 /home/travis/build/icyphy/ptII/ptolemy/actor/lib/test/auto/PublisherPortToplevelSubscriberPortAOC.xml
----------------- Instantiating /home/travis/build/icyphy/ptII/ptolemy/actor/lib/test/auto/PublisherPortToplevelSubscriberPortAOC.xml
.PublisherPortToplevelSubscriberPortAOC.TestExceptionAttribute: initialize() was not invoked, but wrapup() was.  This is unusual, but not always a problem.  For example, exporting JNLP will do this.
1 ms. Memory: 1532928K Free: 869489K (57%)
----------------- Invoking toplevel() on ptolemy.moml.MoMLSimpleApplication@2f1673b1
----------------- Done invoking toplevel() on ptolemy.moml.MoMLSimpleApplication@2f1673b1
reloadAllAccessors: .PublisherPortToplevelSubscriberPortAOC

===========================================================================================
----------------- testing Sat Feb 16 03:30:07 UTC 2019 /home/travis/build/icyphy/ptII/ptolemy/actor/lib/test/auto/PublisherSubscriber.xml
----------------- Instantiating /home/travis/build/icyphy/ptII/ptolemy/actor/lib/test/auto/PublisherSubscriber.xml
2 ms. Memory: 1532928K Free: 855188K (56%)
----------------- Invoking toplevel() on ptolemy.moml.MoMLSimpleApplication@7ec83dfe
----------------- Done invoking toplevel() on ptolemy.moml.MoMLSimpleApplication@7ec83dfe
reloadAllAccessors: .PublisherSubscriber

===========================================================================================
----------------- testing Sat Feb 16 03:30:07 UTC 2019 /home/travis/build/icyphy/ptII/ptolemy/actor/lib/test/auto/PublisherSubscriber10.xml
----------------- Instantiating /home/travis/build/icyphy/ptII/ptolemy/actor/lib/test/auto/PublisherSubscriber10.xml
5 ms. Memory: 1532928K Free: 840888K (55%)
----------------- Invoking toplevel() on ptolemy.moml.MoMLSimpleApplication@47f68b9
----------------- Done invoking toplevel() on ptolemy.moml.MoMLSimpleApplication@47f68b9
reloadAllAccessors: .PublisherSubscriber10

===========================================================================================
----------------- testing Sat Feb 16 03:30:07 UTC 2019 /home/travis/build/icyphy/ptII/ptolemy/actor/lib/test/auto/PublisherSubscriber10InitialOutputs.xml
----------------- Instantiating /home/travis/build/icyphy/ptII/ptolemy/actor/lib/test/auto/PublisherSubscriber10InitialOutputs.xml
10 ms. Memory: 1532928K Free: 819369K (53%)
----------------- Invoking toplevel() on ptolemy.moml.MoMLSimpleApplication@44b6d797
----------------- Done invoking toplevel() on ptolemy.moml.MoMLSimpleApplication@44b6d797
reloadAllAccessors: .PublisherSubscriber10InitialOutputs

===========================================================================================
----------------- testing Sat Feb 16 03:30:07 UTC 2019 /home/travis/build/icyphy/ptII/ptolemy/actor/lib/test/auto/PublisherSubscriber11.xml
----------------- Instantiating /home/travis/build/icyphy/ptII/ptolemy/actor/lib/test/auto/PublisherSubscriber11.xml
2 ms. Memory: 1532928K Free: 805068K (53%)
----------------- Invoking toplevel() on ptolemy.moml.MoMLSimpleApplication@ddce697
----------------- Done invoking toplevel() on ptolemy.moml.MoMLSimpleApplication@ddce697
reloadAllAccessors: .PublisherSubscriber11

===========================================================================================
----------------- testing Sat Feb 16 03:30:07 UTC 2019 /home/travis/build/icyphy/ptII/ptolemy/actor/lib/test/auto/PublisherSubscriber12.xml
----------------- Instantiating /home/travis/build/icyphy/ptII/ptolemy/actor/lib/test/auto/PublisherSubscriber12.xml
2 ms. Memory: 1532928K Free: 790768K (52%)
----------------- Invoking toplevel() on ptolemy.moml.MoMLSimpleApplication@4f73e568
----------------- Done invoking toplevel() on ptolemy.moml.MoMLSimpleApplication@4f73e568
reloadAllAccessors: .PublisherSubscriber12

===========================================================================================
----------------- testing Sat Feb 16 03:30:07 UTC 2019 /home/travis/build/icyphy/ptII/ptolemy/actor/lib/test/auto/PublisherSubscriber13.xml
----------------- Instantiating /home/travis/build/icyphy/ptII/ptolemy/actor/lib/test/auto/PublisherSubscriber13.xml
2 ms. Memory: 1532928K Free: 769248K (50%)
----------------- Invoking toplevel() on ptolemy.moml.MoMLSimpleApplication@29cadf39
----------------- Done invoking toplevel() on ptolemy.moml.MoMLSimpleApplication@29cadf39
reloadAllAccessors: .PublisherSubscriber13

===========================================================================================
----------------- testing Sat Feb 16 03:30:07 UTC 2019 /home/travis/build/icyphy/ptII/ptolemy/actor/lib/test/auto/PublisherSubscriber14.xml
----------------- Instantiating /home/travis/build/icyphy/ptII/ptolemy/actor/lib/test/auto/PublisherSubscriber14.xml
1 ms. Memory: 1532928K Free: 754948K (49%)
----------------- Invoking toplevel() on ptolemy.moml.MoMLSimpleApplication@1f810a5
----------------- Done invoking toplevel() on ptolemy.moml.MoMLSimpleApplication@1f810a5
reloadAllAccessors: .PublisherSubscriber14

===========================================================================================
----------------- testing Sat Feb 16 03:30:07 UTC 2019 /home/travis/build/icyphy/ptII/ptolemy/actor/lib/test/auto/PublisherSubscriber2.xml
----------------- Instantiating /home/travis/build/icyphy/ptII/ptolemy/actor/lib/test/auto/PublisherSubscriber2.xml
2 ms. Memory: 1532928K Free: 740648K (48%)
----------------- Invoking toplevel() on ptolemy.moml.MoMLSimpleApplication@227506eb
----------------- Done invoking toplevel() on ptolemy.moml.MoMLSimpleApplication@227506eb
reloadAllAccessors: .PublisherSubscriber2

===========================================================================================
----------------- testing Sat Feb 16 03:30:07 UTC 2019 /home/travis/build/icyphy/ptII/ptolemy/actor/lib/test/auto/PublisherSubscriber3.xml
----------------- Instantiating /home/travis/build/icyphy/ptII/ptolemy/actor/lib/test/auto/PublisherSubscriber3.xml
1 ms. Memory: 1532928K Free: 719129K (47%)
----------------- Invoking toplevel() on ptolemy.moml.MoMLSimpleApplication@6f48ae5f
----------------- Done invoking toplevel() on ptolemy.moml.MoMLSimpleApplication@6f48ae5f
reloadAllAccessors: .PublisherSubscriber3

===========================================================================================
----------------- testing Sat Feb 16 03:30:07 UTC 2019 /home/travis/build/icyphy/ptII/ptolemy/actor/lib/test/auto/PublisherSubscriber4.xml
----------------- Instantiating /home/travis/build/icyphy/ptII/ptolemy/actor/lib/test/auto/PublisherSubscriber4.xml
1 ms. Memory: 1532928K Free: 704829K (46%)
----------------- Invoking toplevel() on ptolemy.moml.MoMLSimpleApplication@7e7c91f0
----------------- Done invoking toplevel() on ptolemy.moml.MoMLSimpleApplication@7e7c91f0
reloadAllAccessors: .PublisherSubscriber4

===========================================================================================
----------------- testing Sat Feb 16 03:30:07 UTC 2019 /home/travis/build/icyphy/ptII/ptolemy/actor/lib/test/auto/PublisherSubscriber5.xml
----------------- Instantiating /home/travis/build/icyphy/ptII/ptolemy/actor/lib/test/auto/PublisherSubscriber5.xml
2 ms. Memory: 1532928K Free: 690528K (45%)
----------------- Invoking toplevel() on ptolemy.moml.MoMLSimpleApplication@12a3bb1e
----------------- Done invoking toplevel() on ptolemy.moml.MoMLSimpleApplication@12a3bb1e
reloadAllAccessors: .PublisherSubscriber5

===========================================================================================
----------------- testing Sat Feb 16 03:30:07 UTC 2019 /home/travis/build/icyphy/ptII/ptolemy/actor/lib/test/auto/PublisherSubscriber6.xml
----------------- Instantiating /home/travis/build/icyphy/ptII/ptolemy/actor/lib/test/auto/PublisherSubscriber6.xml
2 ms. Memory: 1532928K Free: 669009K (44%)
----------------- Invoking toplevel() on ptolemy.moml.MoMLSimpleApplication@16a34d58
----------------- Done invoking toplevel() on ptolemy.moml.MoMLSimpleApplication@16a34d58
reloadAllAccessors: .PublisherSubscriber6

===========================================================================================
----------------- testing Sat Feb 16 03:30:07 UTC 2019 /home/travis/build/icyphy/ptII/ptolemy/actor/lib/test/auto/PublisherSubscriber7.xml
----------------- Instantiating /home/travis/build/icyphy/ptII/ptolemy/actor/lib/test/auto/PublisherSubscriber7.xml
2 ms. Memory: 1532928K Free: 654709K (43%)
----------------- Invoking toplevel() on ptolemy.moml.MoMLSimpleApplication@202de125
----------------- Done invoking toplevel() on ptolemy.moml.MoMLSimpleApplication@202de125
reloadAllAccessors: .PublisherSubscriber7

===========================================================================================
----------------- testing Sat Feb 16 03:30:07 UTC 2019 /home/travis/build/icyphy/ptII/ptolemy/actor/lib/test/auto/PublisherSubscriber8.xml
----------------- Instantiating /home/travis/build/icyphy/ptII/ptolemy/actor/lib/test/auto/PublisherSubscriber8.xml
7 ms. Memory: 1532928K Free: 561688K (37%)
----------------- Invoking toplevel() on ptolemy.moml.MoMLSimpleApplication@71eaf950
----------------- Done invoking toplevel() on ptolemy.moml.MoMLSimpleApplication@71eaf950
reloadAllAccessors: .PublisherSubscriber8

===========================================================================================
----------------- testing Sat Feb 16 03:30:07 UTC 2019 /home/travis/build/icyphy/ptII/ptolemy/actor/lib/test/auto/PublisherSubscriber9.xml
----------------- Instantiating /home/travis/build/icyphy/ptII/ptolemy/actor/lib/test/auto/PublisherSubscriber9.xml
2 ms. Memory: 1532928K Free: 547388K (36%)
----------------- Invoking toplevel() on ptolemy.moml.MoMLSimpleApplication@7bc31366
----------------- Done invoking toplevel() on ptolemy.moml.MoMLSimpleApplication@7bc31366
reloadAllAccessors: .PublisherSubscriber9

===========================================================================================
----------------- testing Sat Feb 16 03:30:07 UTC 2019 /home/travis/build/icyphy/ptII/ptolemy/actor/lib/test/auto/PublisherSubscriberAdjacent.xml
----------------- Instantiating /home/travis/build/icyphy/ptII/ptolemy/actor/lib/test/auto/PublisherSubscriberAdjacent.xml
1 ms. Memory: 1532928K Free: 533088K (35%)
----------------- Invoking toplevel() on ptolemy.moml.MoMLSimpleApplication@22e9a94
----------------- Done invoking toplevel() on ptolemy.moml.MoMLSimpleApplication@22e9a94
reloadAllAccessors: .PublisherSubscriberAdjacent

===========================================================================================
----------------- testing Sat Feb 16 03:30:07 UTC 2019 /home/travis/build/icyphy/ptII/ptolemy/actor/lib/test/auto/PublisherSubscriberChannelVariablesAOC2.xml
----------------- Instantiating /home/travis/build/icyphy/ptII/ptolemy/actor/lib/test/auto/PublisherSubscriberChannelVariablesAOC2.xml
2 ms. Memory: 1532928K Free: 504418K (33%)
----------------- Invoking toplevel() on ptolemy.moml.MoMLSimpleApplication@3e0a7490
----------------- Done invoking toplevel() on ptolemy.moml.MoMLSimpleApplication@3e0a7490
reloadAllAccessors: .PublisherSubscriberChannelVariablesAOC2

===========================================================================================
----------------- testing Sat Feb 16 03:30:07 UTC 2019 /home/travis/build/icyphy/ptII/ptolemy/actor/lib/test/auto/PublisherSubscriberD3.xml
----------------- Instantiating /home/travis/build/icyphy/ptII/ptolemy/actor/lib/test/auto/PublisherSubscriberD3.xml
1 ms. Memory: 1532928K Free: 490118K (32%)
----------------- Invoking toplevel() on ptolemy.moml.MoMLSimpleApplication@15b7493e
----------------- Done invoking toplevel() on ptolemy.moml.MoMLSimpleApplication@15b7493e
reloadAllAccessors: .PublisherSubscriberD3

===========================================================================================
----------------- testing Sat Feb 16 03:30:07 UTC 2019 /home/travis/build/icyphy/ptII/ptolemy/actor/lib/test/auto/PublisherSubscriberD3Reverse.xml
----------------- Instantiating /home/travis/build/icyphy/ptII/ptolemy/actor/lib/test/auto/PublisherSubscriberD3Reverse.xml
1 ms. Memory: 1532928K Free: 475817K (31%)
----------------- Invoking toplevel() on ptolemy.moml.MoMLSimpleApplication@5430d23b
----------------- Done invoking toplevel() on ptolemy.moml.MoMLSimpleApplication@5430d23b
reloadAllAccessors: .PublisherSubscriberD3Reverse

===========================================================================================
----------------- testing Sat Feb 16 03:30:07 UTC 2019 /home/travis/build/icyphy/ptII/ptolemy/actor/lib/test/auto/PublisherSubscriberExpression.xml
----------------- Instantiating /home/travis/build/icyphy/ptII/ptolemy/actor/lib/test/auto/PublisherSubscriberExpression.xml
3 ms. Memory: 1532928K Free: 454298K (30%)
----------------- Invoking toplevel() on ptolemy.moml.MoMLSimpleApplication@7b398128
----------------- Done invoking toplevel() on ptolemy.moml.MoMLSimpleApplication@7b398128
reloadAllAccessors: .PublisherSubscriberExpression

===========================================================================================
----------------- testing Sat Feb 16 03:30:07 UTC 2019 /home/travis/build/icyphy/ptII/ptolemy/actor/lib/test/auto/PublisherSubscriberOpaque.xml
----------------- Instantiating /home/travis/build/icyphy/ptII/ptolemy/actor/lib/test/auto/PublisherSubscriberOpaque.xml
3 ms. Memory: 1532928K Free: 439998K (29%)
----------------- Invoking toplevel() on ptolemy.moml.MoMLSimpleApplication@227e796e
----------------- Done invoking toplevel() on ptolemy.moml.MoMLSimpleApplication@227e796e
reloadAllAccessors: .PublisherSubscriberOpaque

===========================================================================================
----------------- testing Sat Feb 16 03:30:07 UTC 2019 /home/travis/build/icyphy/ptII/ptolemy/actor/lib/test/auto/PublisherSubscriberOpaqueD3.xml
----------------- Instantiating /home/travis/build/icyphy/ptII/ptolemy/actor/lib/test/auto/PublisherSubscriberOpaqueD3.xml
5 ms. Memory: 1532928K Free: 418539K (27%)
----------------- Invoking toplevel() on ptolemy.moml.MoMLSimpleApplication@7d2a64fe
----------------- Done invoking toplevel() on ptolemy.moml.MoMLSimpleApplication@7d2a64fe
reloadAllAccessors: .PublisherSubscriberOpaqueD3

===========================================================================================
----------------- testing Sat Feb 16 03:30:07 UTC 2019 /home/travis/build/icyphy/ptII/ptolemy/actor/lib/test/auto/PublisherSubscriberOpaqueD3Reverse.xml
----------------- Instantiating /home/travis/build/icyphy/ptII/ptolemy/actor/lib/test/auto/PublisherSubscriberOpaqueD3Reverse.xml
8 ms. Memory: 1532928K Free: 397020K (26%)
----------------- Invoking toplevel() on ptolemy.moml.MoMLSimpleApplication@435962ed
----------------- Done invoking toplevel() on ptolemy.moml.MoMLSimpleApplication@435962ed
reloadAllAccessors: .PublisherSubscriberOpaqueD3Reverse

===========================================================================================
----------------- testing Sat Feb 16 03:30:07 UTC 2019 /home/travis/build/icyphy/ptII/ptolemy/actor/lib/test/auto/PublisherSubscriberOpaqueWidthInference.xml
----------------- Instantiating /home/travis/build/icyphy/ptII/ptolemy/actor/lib/test/auto/PublisherSubscriberOpaqueWidthInference.xml
3 ms. Memory: 1532928K Free: 382720K (25%)
----------------- Invoking toplevel() on ptolemy.moml.MoMLSimpleApplication@46e4138
----------------- Done invoking toplevel() on ptolemy.moml.MoMLSimpleApplication@46e4138
reloadAllAccessors: .PublisherSubscriberOpaqueWidthInference

===========================================================================================
----------------- testing Sat Feb 16 03:30:07 UTC 2019 /home/travis/build/icyphy/ptII/ptolemy/actor/lib/test/auto/PublisherTestSubscriber.xml
----------------- Instantiating /home/travis/build/icyphy/ptII/ptolemy/actor/lib/test/auto/PublisherTestSubscriber.xml
2 ms. Memory: 1532928K Free: 368420K (24%)
----------------- Invoking toplevel() on ptolemy.moml.MoMLSimpleApplication@2a7b66db
----------------- Done invoking toplevel() on ptolemy.moml.MoMLSimpleApplication@2a7b66db
reloadAllAccessors: .PublisherTestSubscriber

===========================================================================================
----------------- testing Sat Feb 16 03:30:07 UTC 2019 /home/travis/build/icyphy/ptII/ptolemy/actor/lib/test/auto/PublisherToplevelSubscriberPortAOC.xml
----------------- Instantiating /home/travis/build/icyphy/ptII/ptolemy/actor/lib/test/auto/PublisherToplevelSubscriberPortAOC.xml
1 ms. Memory: 1532928K Free: 346900K (23%)
----------------- Invoking toplevel() on ptolemy.moml.MoMLSimpleApplication@140bafe9
----------------- Done invoking toplevel() on ptolemy.moml.MoMLSimpleApplication@140bafe9
reloadAllAccessors: .PublisherToplevelSubscriberPortAOC

===========================================================================================
----------------- testing Sat Feb 16 03:30:07 UTC 2019 /home/travis/build/icyphy/ptII/ptolemy/actor/lib/test/auto/PulseFiringLimitDE.xml
----------------- Instantiating /home/travis/build/icyphy/ptII/ptolemy/actor/lib/test/auto/PulseFiringLimitDE.xml
2 ms. Memory: 1532928K Free: 332600K (22%)
----------------- Invoking toplevel() on ptolemy.moml.MoMLSimpleApplication@6af2ffd9
----------------- Done invoking toplevel() on ptolemy.moml.MoMLSimpleApplication@6af2ffd9
reloadAllAccessors: .PulseFiringLimitDE

===========================================================================================
----------------- testing Sat Feb 16 03:30:07 UTC 2019 /home/travis/build/icyphy/ptII/ptolemy/actor/lib/test/auto/Ramp1.xml
----------------- Instantiating /home/travis/build/icyphy/ptII/ptolemy/actor/lib/test/auto/Ramp1.xml
1 ms. Memory: 1532928K Free: 318300K (21%)
----------------- Invoking toplevel() on ptolemy.moml.MoMLSimpleApplication@69a92fad
----------------- Done invoking toplevel() on ptolemy.moml.MoMLSimpleApplication@69a92fad
reloadAllAccessors: .Ramp1

===========================================================================================
----------------- testing Sat Feb 16 03:30:07 UTC 2019 /home/travis/build/icyphy/ptII/ptolemy/actor/lib/test/auto/RampFiringLimitDE.xml
----------------- Instantiating /home/travis/build/icyphy/ptII/ptolemy/actor/lib/test/auto/RampFiringLimitDE.xml
2 ms. Memory: 1532928K Free: 296780K (19%)
----------------- Invoking toplevel() on ptolemy.moml.MoMLSimpleApplication@7a7cb0c7
----------------- Done invoking toplevel() on ptolemy.moml.MoMLSimpleApplication@7a7cb0c7
reloadAllAccessors: .RampFiringLimitDE

===========================================================================================
----------------- testing Sat Feb 16 03:30:07 UTC 2019 /home/travis/build/icyphy/ptII/ptolemy/actor/lib/test/auto/RampFiringLimitSDF.xml
----------------- Instantiating /home/travis/build/icyphy/ptII/ptolemy/actor/lib/test/auto/RampFiringLimitSDF.xml
2 ms. Memory: 1532928K Free: 282480K (18%)
----------------- Invoking toplevel() on ptolemy.moml.MoMLSimpleApplication@440fccaa
----------------- Done invoking toplevel() on ptolemy.moml.MoMLSimpleApplication@440fccaa
reloadAllAccessors: .RampFiringLimitSDF

===========================================================================================
----------------- testing Sat Feb 16 03:30:07 UTC 2019 /home/travis/build/icyphy/ptII/ptolemy/actor/lib/test/auto/RandomInteger.xml
----------------- Instantiating /home/travis/build/icyphy/ptII/ptolemy/actor/lib/test/auto/RandomInteger.xml
1 ms. Memory: 1532928K Free: 260960K (17%)
----------------- Invoking toplevel() on ptolemy.moml.MoMLSimpleApplication@2320309a
----------------- Done invoking toplevel() on ptolemy.moml.MoMLSimpleApplication@2320309a
reloadAllAccessors: .RandomInteger

===========================================================================================
----------------- testing Sat Feb 16 03:30:07 UTC 2019 /home/travis/build/icyphy/ptII/ptolemy/actor/lib/test/auto/ReadFile1.xml
----------------- Instantiating /home/travis/build/icyphy/ptII/ptolemy/actor/lib/test/auto/ReadFile1.xml
1 ms. Memory: 1532928K Free: 246660K (16%)
----------------- Invoking toplevel() on ptolemy.moml.MoMLSimpleApplication@635b5e03
----------------- Done invoking toplevel() on ptolemy.moml.MoMLSimpleApplication@635b5e03
reloadAllAccessors: .ReadFile1

===========================================================================================
----------------- testing Sat Feb 16 03:30:07 UTC 2019 /home/travis/build/icyphy/ptII/ptolemy/actor/lib/test/auto/ReadFile2.xml
----------------- Instantiating /home/travis/build/icyphy/ptII/ptolemy/actor/lib/test/auto/ReadFile2.xml
1 ms. Memory: 1532928K Free: 232360K (15%)
----------------- Invoking toplevel() on ptolemy.moml.MoMLSimpleApplication@2ae4e02d
----------------- Done invoking toplevel() on ptolemy.moml.MoMLSimpleApplication@2ae4e02d
reloadAllAccessors: .ReadFile2

===========================================================================================
----------------- testing Sat Feb 16 03:30:07 UTC 2019 /home/travis/build/icyphy/ptII/ptolemy/actor/lib/test/auto/Reader.xml
----------------- Instantiating /home/travis/build/icyphy/ptII/ptolemy/actor/lib/test/auto/Reader.xml
actor.lib.Reader is obsolete, use actor.lib.io.ExpressionReader instead
2 ms. Memory: 1532928K Free: 210840K (14%)
----------------- Invoking toplevel() on ptolemy.moml.MoMLSimpleApplication@28cd7d99
----------------- Done invoking toplevel() on ptolemy.moml.MoMLSimpleApplication@28cd7d99
reloadAllAccessors: .Reader

===========================================================================================
----------------- testing Sat Feb 16 03:30:07 UTC 2019 /home/travis/build/icyphy/ptII/ptolemy/actor/lib/test/auto/RecordAssemblerDisplayNameTest.xml
----------------- Instantiating /home/travis/build/icyphy/ptII/ptolemy/actor/lib/test/auto/RecordAssemblerDisplayNameTest.xml
2886 ms. Memory: 1567744K Free: 432611K (28%)
----------------- Invoking toplevel() on ptolemy.moml.MoMLSimpleApplication@207b97fd
----------------- Done invoking toplevel() on ptolemy.moml.MoMLSimpleApplication@207b97fd
reloadAllAccessors: .RecordAssemblerDisplayNameTest

===========================================================================================
----------------- testing Sat Feb 16 03:30:10 UTC 2019 /home/travis/build/icyphy/ptII/ptolemy/actor/lib/test/auto/RecordAssemblerTypeError.xml
----------------- Instantiating /home/travis/build/icyphy/ptII/ptolemy/actor/lib/test/auto/RecordAssemblerTypeError.xml
11 ms. Memory: 1567744K Free: 401276K (26%)
----------------- Invoking toplevel() on ptolemy.moml.MoMLSimpleApplication@a049e2e
----------------- Done invoking toplevel() on ptolemy.moml.MoMLSimpleApplication@a049e2e
reloadAllAccessors: .RecordAssemblerTypeError

===========================================================================================
----------------- testing Sat Feb 16 03:30:10 UTC 2019 /home/travis/build/icyphy/ptII/ptolemy/actor/lib/test/auto/RecordDisassember.xml
----------------- Instantiating /home/travis/build/icyphy/ptII/ptolemy/actor/lib/test/auto/RecordDisassember.xml
3 ms. Memory: 1567744K Free: 386817K (25%)
----------------- Invoking toplevel() on ptolemy.moml.MoMLSimpleApplication@28e09ab4
----------------- Done invoking toplevel() on ptolemy.moml.MoMLSimpleApplication@28e09ab4
reloadAllAccessors: .RecordDisassember

===========================================================================================
----------------- testing Sat Feb 16 03:30:10 UTC 2019 /home/travis/build/icyphy/ptII/ptolemy/actor/lib/test/auto/RecordDisassemberDisplayNameTest.xml
----------------- Instantiating /home/travis/build/icyphy/ptII/ptolemy/actor/lib/test/auto/RecordDisassemberDisplayNameTest.xml
4 ms. Memory: 1567744K Free: 366396K (23%)
----------------- Invoking toplevel() on ptolemy.moml.MoMLSimpleApplication@5c29579c
----------------- Done invoking toplevel() on ptolemy.moml.MoMLSimpleApplication@5c29579c
reloadAllAccessors: .RecordDisassemberDisplayNameTest

===========================================================================================
----------------- testing Sat Feb 16 03:30:10 UTC 2019 /home/travis/build/icyphy/ptII/ptolemy/actor/lib/test/auto/RecordDisassembler.xml
----------------- Instantiating /home/travis/build/icyphy/ptII/ptolemy/actor/lib/test/auto/RecordDisassembler.xml
2 ms. Memory: 1567744K Free: 351937K (22%)
----------------- Invoking toplevel() on ptolemy.moml.MoMLSimpleApplication@7ed8d50c
----------------- Done invoking toplevel() on ptolemy.moml.MoMLSimpleApplication@7ed8d50c
reloadAllAccessors: .RecordDisassembler

===========================================================================================
----------------- testing Sat Feb 16 03:30:10 UTC 2019 /home/travis/build/icyphy/ptII/ptolemy/actor/lib/test/auto/RecordDisassembler2.xml
----------------- Instantiating /home/travis/build/icyphy/ptII/ptolemy/actor/lib/test/auto/RecordDisassembler2.xml
2 ms. Memory: 1567744K Free: 331516K (21%)
----------------- Invoking toplevel() on ptolemy.moml.MoMLSimpleApplication@241a414a
----------------- Done invoking toplevel() on ptolemy.moml.MoMLSimpleApplication@241a414a
reloadAllAccessors: .RecordDisassembler2

===========================================================================================
----------------- testing Sat Feb 16 03:30:11 UTC 2019 /home/travis/build/icyphy/ptII/ptolemy/actor/lib/test/auto/RecordUpdater.xml
----------------- Instantiating /home/travis/build/icyphy/ptII/ptolemy/actor/lib/test/auto/RecordUpdater.xml
2 ms. Memory: 1567744K Free: 317057K (20%)
----------------- Invoking toplevel() on ptolemy.moml.MoMLSimpleApplication@53738029
----------------- Done invoking toplevel() on ptolemy.moml.MoMLSimpleApplication@53738029
reloadAllAccessors: .RecordUpdater

===========================================================================================
----------------- testing Sat Feb 16 03:30:11 UTC 2019 /home/travis/build/icyphy/ptII/ptolemy/actor/lib/test/auto/RecordUpdater2.xml
----------------- Instantiating /home/travis/build/icyphy/ptII/ptolemy/actor/lib/test/auto/RecordUpdater2.xml
2 ms. Memory: 1567744K Free: 296635K (19%)
----------------- Invoking toplevel() on ptolemy.moml.MoMLSimpleApplication@21c3d587
----------------- Done invoking toplevel() on ptolemy.moml.MoMLSimpleApplication@21c3d587
reloadAllAccessors: .RecordUpdater2

===========================================================================================
----------------- testing Sat Feb 16 03:30:11 UTC 2019 /home/travis/build/icyphy/ptII/ptolemy/actor/lib/test/auto/RecursiveLattice.xml
----------------- Instantiating /home/travis/build/icyphy/ptII/ptolemy/actor/lib/test/auto/RecursiveLattice.xml
1 ms. Memory: 1567744K Free: 282177K (18%)
----------------- Invoking toplevel() on ptolemy.moml.MoMLSimpleApplication@2d575e46
----------------- Done invoking toplevel() on ptolemy.moml.MoMLSimpleApplication@2d575e46
reloadAllAccessors: .RecursiveLattice

===========================================================================================
----------------- testing Sat Feb 16 03:30:11 UTC 2019 /home/travis/build/icyphy/ptII/ptolemy/actor/lib/test/auto/Router.xml
----------------- Instantiating /home/travis/build/icyphy/ptII/ptolemy/actor/lib/test/auto/Router.xml
3004 ms. Memory: 1567744K Free: 267718K (17%)
----------------- Invoking toplevel() on ptolemy.moml.MoMLSimpleApplication@561537fa
----------------- Done invoking toplevel() on ptolemy.moml.MoMLSimpleApplication@561537fa
reloadAllAccessors: .Router

===========================================================================================
----------------- testing Sat Feb 16 03:30:14 UTC 2019 /home/travis/build/icyphy/ptII/ptolemy/actor/lib/test/auto/Router2.xml
----------------- Instantiating /home/travis/build/icyphy/ptII/ptolemy/actor/lib/test/auto/Router2.xml
3003 ms. Memory: 1567744K Free: 247296K (16%)
----------------- Invoking toplevel() on ptolemy.moml.MoMLSimpleApplication@6793297d
----------------- Done invoking toplevel() on ptolemy.moml.MoMLSimpleApplication@6793297d
reloadAllAccessors: .Router2

===========================================================================================
----------------- testing Sat Feb 16 03:30:17 UTC 2019 /home/travis/build/icyphy/ptII/ptolemy/actor/lib/test/auto/RunningMaximum.xml
----------------- Instantiating /home/travis/build/icyphy/ptII/ptolemy/actor/lib/test/auto/RunningMaximum.xml
2 ms. Memory: 1567744K Free: 232837K (15%)
----------------- Invoking toplevel() on ptolemy.moml.MoMLSimpleApplication@59ddfe81
----------------- Done invoking toplevel() on ptolemy.moml.MoMLSimpleApplication@59ddfe81
reloadAllAccessors: .RunningMaximum

===========================================================================================
----------------- testing Sat Feb 16 03:30:17 UTC 2019 /home/travis/build/icyphy/ptII/ptolemy/actor/lib/test/auto/RunningMinimum.xml
----------------- Instantiating /home/travis/build/icyphy/ptII/ptolemy/actor/lib/test/auto/RunningMinimum.xml
2 ms. Memory: 1567744K Free: 212416K (14%)
----------------- Invoking toplevel() on ptolemy.moml.MoMLSimpleApplication@33cfadd5
----------------- Done invoking toplevel() on ptolemy.moml.MoMLSimpleApplication@33cfadd5
reloadAllAccessors: .RunningMinimum

===========================================================================================
----------------- testing Sat Feb 16 03:30:17 UTC 2019 /home/travis/build/icyphy/ptII/ptolemy/actor/lib/test/auto/Scale.xml
----------------- Instantiating /home/travis/build/icyphy/ptII/ptolemy/actor/lib/test/auto/Scale.xml
1 ms. Memory: 1567744K Free: 197957K (13%)
----------------- Invoking toplevel() on ptolemy.moml.MoMLSimpleApplication@102c69e
----------------- Done invoking toplevel() on ptolemy.moml.MoMLSimpleApplication@102c69e
reloadAllAccessors: .Scale

===========================================================================================
----------------- testing Sat Feb 16 03:30:17 UTC 2019 /home/travis/build/icyphy/ptII/ptolemy/actor/lib/test/auto/Scale2.xml
----------------- Instantiating /home/travis/build/icyphy/ptII/ptolemy/actor/lib/test/auto/Scale2.xml
2 ms. Memory: 1567744K Free: 177536K (11%)
----------------- Invoking toplevel() on ptolemy.moml.MoMLSimpleApplication@359e3441
----------------- Done invoking toplevel() on ptolemy.moml.MoMLSimpleApplication@359e3441
reloadAllAccessors: .Scale2

===========================================================================================
----------------- testing Sat Feb 16 03:30:17 UTC 2019 /home/travis/build/icyphy/ptII/ptolemy/actor/lib/test/auto/Scale3.xml
----------------- Instantiating /home/travis/build/icyphy/ptII/ptolemy/actor/lib/test/auto/Scale3.xml
3 ms. Memory: 1567744K Free: 163077K (10%)
----------------- Invoking toplevel() on ptolemy.moml.MoMLSimpleApplication@5c2afd5b
----------------- Done invoking toplevel() on ptolemy.moml.MoMLSimpleApplication@5c2afd5b
reloadAllAccessors: .Scale3

===========================================================================================
----------------- testing Sat Feb 16 03:30:17 UTC 2019 /home/travis/build/icyphy/ptII/ptolemy/actor/lib/test/auto/ScaleArray.xml
----------------- Instantiating /home/travis/build/icyphy/ptII/ptolemy/actor/lib/test/auto/ScaleArray.xml
1 ms. Memory: 1567744K Free: 148618K (9%)
----------------- Invoking toplevel() on ptolemy.moml.MoMLSimpleApplication@653cd62d
----------------- Done invoking toplevel() on ptolemy.moml.MoMLSimpleApplication@653cd62d
reloadAllAccessors: .ScaleArray

===========================================================================================
----------------- testing Sat Feb 16 03:30:17 UTC 2019 /home/travis/build/icyphy/ptII/ptolemy/actor/lib/test/auto/ScaleArray2.xml
----------------- Instantiating /home/travis/build/icyphy/ptII/ptolemy/actor/lib/test/auto/ScaleArray2.xml
1 ms. Memory: 1567744K Free: 128197K (8%)
----------------- Invoking toplevel() on ptolemy.moml.MoMLSimpleApplication@3d67eb41
----------------- Done invoking toplevel() on ptolemy.moml.MoMLSimpleApplication@3d67eb41
reloadAllAccessors: .ScaleArray2

===========================================================================================
----------------- testing Sat Feb 16 03:30:17 UTC 2019 /home/travis/build/icyphy/ptII/ptolemy/actor/lib/test/auto/ScaleMatrix.xml
----------------- Instantiating /home/travis/build/icyphy/ptII/ptolemy/actor/lib/test/auto/ScaleMatrix.xml
105 ms. Memory: 1567744K Free: 106508K (7%)
----------------- Invoking toplevel() on ptolemy.moml.MoMLSimpleApplication@4b395867
----------------- Done invoking toplevel() on ptolemy.moml.MoMLSimpleApplication@4b395867
reloadAllAccessors: .ScaleMatrix

===========================================================================================
----------------- testing Sat Feb 16 03:30:17 UTC 2019 /home/travis/build/icyphy/ptII/ptolemy/actor/lib/test/auto/Select.xml
----------------- Instantiating /home/travis/build/icyphy/ptII/ptolemy/actor/lib/test/auto/Select.xml
3 ms. Memory: 1567744K Free: 86087K (5%)
----------------- Invoking toplevel() on ptolemy.moml.MoMLSimpleApplication@386212b2
----------------- Done invoking toplevel() on ptolemy.moml.MoMLSimpleApplication@386212b2
reloadAllAccessors: .Select

===========================================================================================
----------------- testing Sat Feb 16 03:30:17 UTC 2019 /home/travis/build/icyphy/ptII/ptolemy/actor/lib/test/auto/Select2.xml
----------------- Instantiating /home/travis/build/icyphy/ptII/ptolemy/actor/lib/test/auto/Select2.xml
11 ms. Memory: 1691136K Free: 1646488K (97%)
----------------- Invoking toplevel() on ptolemy.moml.MoMLSimpleApplication@6bc7d086
----------------- Done invoking toplevel() on ptolemy.moml.MoMLSimpleApplication@6bc7d086
reloadAllAccessors: .Select2

===========================================================================================
----------------- testing Sat Feb 16 03:30:17 UTC 2019 /home/travis/build/icyphy/ptII/ptolemy/actor/lib/test/auto/SequenceToArray2.xml
----------------- Instantiating /home/travis/build/icyphy/ptII/ptolemy/actor/lib/test/auto/SequenceToArray2.xml
65 ms. Memory: 1691136K Free: 1542534K (91%)
----------------- Invoking toplevel() on ptolemy.moml.MoMLSimpleApplication@6604dfc4
----------------- Done invoking toplevel() on ptolemy.moml.MoMLSimpleApplication@6604dfc4
reloadAllAccessors: .SequenceToArray2

===========================================================================================
----------------- testing Sat Feb 16 03:30:17 UTC 2019 /home/travis/build/icyphy/ptII/ptolemy/actor/lib/test/auto/SequentialClock.xml
----------------- Instantiating /home/travis/build/icyphy/ptII/ptolemy/actor/lib/test/auto/SequentialClock.xml
1 ms. Memory: 1691136K Free: 1522000K (90%)
----------------- Invoking toplevel() on ptolemy.moml.MoMLSimpleApplication@72728629
----------------- Done invoking toplevel() on ptolemy.moml.MoMLSimpleApplication@72728629
reloadAllAccessors: .SequentialClock

===========================================================================================
----------------- testing Sat Feb 16 03:30:17 UTC 2019 /home/travis/build/icyphy/ptII/ptolemy/actor/lib/test/auto/SetVariable.xml
----------------- Instantiating /home/travis/build/icyphy/ptII/ptolemy/actor/lib/test/auto/SetVariable.xml
3 ms. Memory: 1691136K Free: 1506118K (89%)
----------------- Invoking toplevel() on ptolemy.moml.MoMLSimpleApplication@77cf5846
----------------- Done invoking toplevel() on ptolemy.moml.MoMLSimpleApplication@77cf5846
reloadAllAccessors: .SetVariable

===========================================================================================
----------------- testing Sat Feb 16 03:30:17 UTC 2019 /home/travis/build/icyphy/ptII/ptolemy/actor/lib/test/auto/SetVariable2.xml
----------------- Instantiating /home/travis/build/icyphy/ptII/ptolemy/actor/lib/test/auto/SetVariable2.xml
4 ms. Memory: 1691136K Free: 1485585K (88%)
----------------- Invoking toplevel() on ptolemy.moml.MoMLSimpleApplication@427e5a1b
----------------- Done invoking toplevel() on ptolemy.moml.MoMLSimpleApplication@427e5a1b
reloadAllAccessors: .SetVariable2

===========================================================================================
----------------- testing Sat Feb 16 03:30:17 UTC 2019 /home/travis/build/icyphy/ptII/ptolemy/actor/lib/test/auto/SetVariable3.xml
----------------- Instantiating /home/travis/build/icyphy/ptII/ptolemy/actor/lib/test/auto/SetVariable3.xml
8 ms. Memory: 1691136K Free: 1469703K (87%)
----------------- Invoking toplevel() on ptolemy.moml.MoMLSimpleApplication@7acbea0
----------------- Done invoking toplevel() on ptolemy.moml.MoMLSimpleApplication@7acbea0
reloadAllAccessors: .SetVariable3

===========================================================================================
----------------- testing Sat Feb 16 03:30:17 UTC 2019 /home/travis/build/icyphy/ptII/ptolemy/actor/lib/test/auto/SetVariable4.xml
----------------- Instantiating /home/travis/build/icyphy/ptII/ptolemy/actor/lib/test/auto/SetVariable4.xml
13 ms. Memory: 1691136K Free: 1393581K (82%)
----------------- Invoking toplevel() on ptolemy.moml.MoMLSimpleApplication@3297f00e
----------------- Done invoking toplevel() on ptolemy.moml.MoMLSimpleApplication@3297f00e
reloadAllAccessors: .SetVariable4

===========================================================================================
----------------- testing Sat Feb 16 03:30:17 UTC 2019 /home/travis/build/icyphy/ptII/ptolemy/actor/lib/test/auto/SetVariable5.xml
----------------- Instantiating /home/travis/build/icyphy/ptII/ptolemy/actor/lib/test/auto/SetVariable5.xml
7 ms. Memory: 1691136K Free: 1377699K (81%)
----------------- Invoking toplevel() on ptolemy.moml.MoMLSimpleApplication@76d64413
----------------- Done invoking toplevel() on ptolemy.moml.MoMLSimpleApplication@76d64413
reloadAllAccessors: .SetVariable5

===========================================================================================
----------------- testing Sat Feb 16 03:30:17 UTC 2019 /home/travis/build/icyphy/ptII/ptolemy/actor/lib/test/auto/Sinewave.xml
----------------- Instantiating /home/travis/build/icyphy/ptII/ptolemy/actor/lib/test/auto/Sinewave.xml
3 ms. Memory: 1691136K Free: 1349208K (80%)
----------------- Invoking toplevel() on ptolemy.moml.MoMLSimpleApplication@4edb9ea4
----------------- Done invoking toplevel() on ptolemy.moml.MoMLSimpleApplication@4edb9ea4
reloadAllAccessors: .Sinewave

===========================================================================================
----------------- testing Sat Feb 16 03:30:17 UTC 2019 /home/travis/build/icyphy/ptII/ptolemy/actor/lib/test/auto/Sinewave2.xml
----------------- Instantiating /home/travis/build/icyphy/ptII/ptolemy/actor/lib/test/auto/Sinewave2.xml
3 ms. Memory: 1691136K Free: 1328675K (79%)
----------------- Invoking toplevel() on ptolemy.moml.MoMLSimpleApplication@79931d5
----------------- Done invoking toplevel() on ptolemy.moml.MoMLSimpleApplication@79931d5
reloadAllAccessors: .Sinewave2

===========================================================================================
----------------- testing Sat Feb 16 03:30:17 UTC 2019 /home/travis/build/icyphy/ptII/ptolemy/actor/lib/test/auto/Sinewave3.xml
----------------- Instantiating /home/travis/build/icyphy/ptII/ptolemy/actor/lib/test/auto/Sinewave3.xml
4 ms. Memory: 1691136K Free: 1312792K (78%)
----------------- Invoking toplevel() on ptolemy.moml.MoMLSimpleApplication@431d8819
----------------- Done invoking toplevel() on ptolemy.moml.MoMLSimpleApplication@431d8819
reloadAllAccessors: .Sinewave3

===========================================================================================
----------------- testing Sat Feb 16 03:30:17 UTC 2019 /home/travis/build/icyphy/ptII/ptolemy/actor/lib/test/auto/SingleEvent.xml
----------------- Instantiating /home/travis/build/icyphy/ptII/ptolemy/actor/lib/test/auto/SingleEvent.xml
1 ms. Memory: 1691136K Free: 1292259K (76%)
----------------- Invoking toplevel() on ptolemy.moml.MoMLSimpleApplication@541fca7a
----------------- Done invoking toplevel() on ptolemy.moml.MoMLSimpleApplication@541fca7a
reloadAllAccessors: .SingleEvent

===========================================================================================
----------------- testing Sat Feb 16 03:30:17 UTC 2019 /home/travis/build/icyphy/ptII/ptolemy/actor/lib/test/auto/Sleep.xml
----------------- Instantiating /home/travis/build/icyphy/ptII/ptolemy/actor/lib/test/auto/Sleep.xml
6003 ms. Memory: 1691136K Free: 1276377K (75%)
----------------- Invoking toplevel() on ptolemy.moml.MoMLSimpleApplication@7b32f915
----------------- Done invoking toplevel() on ptolemy.moml.MoMLSimpleApplication@7b32f915
reloadAllAccessors: .Sleep

===========================================================================================
----------------- testing Sat Feb 16 03:30:23 UTC 2019 /home/travis/build/icyphy/ptII/ptolemy/actor/lib/test/auto/SleepMultipleFire.xml
----------------- Instantiating /home/travis/build/icyphy/ptII/ptolemy/actor/lib/test/auto/SleepMultipleFire.xml
1004 ms. Memory: 1691136K Free: 1255843K (74%)
----------------- Invoking toplevel() on ptolemy.moml.MoMLSimpleApplication@2a1a6e9f
----------------- Done invoking toplevel() on ptolemy.moml.MoMLSimpleApplication@2a1a6e9f
reloadAllAccessors: .SleepMultipleFire

===========================================================================================
----------------- testing Sat Feb 16 03:30:24 UTC 2019 /home/travis/build/icyphy/ptII/ptolemy/actor/lib/test/auto/StopDE.xml
----------------- Instantiating /home/travis/build/icyphy/ptII/ptolemy/actor/lib/test/auto/StopDE.xml
2 ms. Memory: 1691136K Free: 1239961K (73%)
----------------- Invoking toplevel() on ptolemy.moml.MoMLSimpleApplication@35ed0732
----------------- Done invoking toplevel() on ptolemy.moml.MoMLSimpleApplication@35ed0732
reloadAllAccessors: .StopDE

===========================================================================================
----------------- testing Sat Feb 16 03:30:24 UTC 2019 /home/travis/build/icyphy/ptII/ptolemy/actor/lib/test/auto/StopSDF.xml
----------------- Instantiating /home/travis/build/icyphy/ptII/ptolemy/actor/lib/test/auto/StopSDF.xml
2 ms. Memory: 1691136K Free: 1219427K (72%)
----------------- Invoking toplevel() on ptolemy.moml.MoMLSimpleApplication@3e65e3b3
----------------- Done invoking toplevel() on ptolemy.moml.MoMLSimpleApplication@3e65e3b3
reloadAllAccessors: .StopSDF

===========================================================================================
----------------- testing Sat Feb 16 03:30:24 UTC 2019 /home/travis/build/icyphy/ptII/ptolemy/actor/lib/test/auto/StringConstant.xml
----------------- Instantiating /home/travis/build/icyphy/ptII/ptolemy/actor/lib/test/auto/StringConstant.xml
2 ms. Memory: 1691136K Free: 1203545K (71%)
----------------- Invoking toplevel() on ptolemy.moml.MoMLSimpleApplication@fa502e0
----------------- Done invoking toplevel() on ptolemy.moml.MoMLSimpleApplication@fa502e0
reloadAllAccessors: .StringConstant

===========================================================================================
----------------- testing Sat Feb 16 03:30:24 UTC 2019 /home/travis/build/icyphy/ptII/ptolemy/actor/lib/test/auto/SubscriberPortInitialValues1.xml
----------------- Instantiating /home/travis/build/icyphy/ptII/ptolemy/actor/lib/test/auto/SubscriberPortInitialValues1.xml
5 ms. Memory: 1691136K Free: 1183012K (70%)
----------------- Invoking toplevel() on ptolemy.moml.MoMLSimpleApplication@1eab17
----------------- Done invoking toplevel() on ptolemy.moml.MoMLSimpleApplication@1eab17
reloadAllAccessors: .SubscriberPortInitialValues1

===========================================================================================
----------------- testing Sat Feb 16 03:30:24 UTC 2019 /home/travis/build/icyphy/ptII/ptolemy/actor/lib/test/auto/SubscriberPortInitialValues13.xml
----------------- Instantiating /home/travis/build/icyphy/ptII/ptolemy/actor/lib/test/auto/SubscriberPortInitialValues13.xml
4 ms. Memory: 1691136K Free: 1154529K (68%)
----------------- Invoking toplevel() on ptolemy.moml.MoMLSimpleApplication@50bca873
----------------- Done invoking toplevel() on ptolemy.moml.MoMLSimpleApplication@50bca873
reloadAllAccessors: .SubscriberPortInitialValues13

===========================================================================================
----------------- testing Sat Feb 16 03:30:24 UTC 2019 /home/travis/build/icyphy/ptII/ptolemy/actor/lib/test/auto/SubscriberPortInitialValues14.xml
----------------- Instantiating /home/travis/build/icyphy/ptII/ptolemy/actor/lib/test/auto/SubscriberPortInitialValues14.xml
3 ms. Memory: 1691136K Free: 1138647K (67%)
----------------- Invoking toplevel() on ptolemy.moml.MoMLSimpleApplication@10ab65e6
----------------- Done invoking toplevel() on ptolemy.moml.MoMLSimpleApplication@10ab65e6
reloadAllAccessors: .SubscriberPortInitialValues14

===========================================================================================
----------------- testing Sat Feb 16 03:30:24 UTC 2019 /home/travis/build/icyphy/ptII/ptolemy/actor/lib/test/auto/SubscriberPortInitialValues2.xml
----------------- Instantiating /home/travis/build/icyphy/ptII/ptolemy/actor/lib/test/auto/SubscriberPortInitialValues2.xml
3 ms. Memory: 1691136K Free: 1118113K (66%)
----------------- Invoking toplevel() on ptolemy.moml.MoMLSimpleApplication@1b91812c
----------------- Done invoking toplevel() on ptolemy.moml.MoMLSimpleApplication@1b91812c
reloadAllAccessors: .SubscriberPortInitialValues2

===========================================================================================
----------------- testing Sat Feb 16 03:30:24 UTC 2019 /home/travis/build/icyphy/ptII/ptolemy/actor/lib/test/auto/SubscriberPortInitialValues3.xml
----------------- Instantiating /home/travis/build/icyphy/ptII/ptolemy/actor/lib/test/auto/SubscriberPortInitialValues3.xml
3 ms. Memory: 1691136K Free: 1102231K (65%)
----------------- Invoking toplevel() on ptolemy.moml.MoMLSimpleApplication@1623a37e
----------------- Done invoking toplevel() on ptolemy.moml.MoMLSimpleApplication@1623a37e
reloadAllAccessors: .SubscriberPortInitialValues3

===========================================================================================
----------------- testing Sat Feb 16 03:30:24 UTC 2019 /home/travis/build/icyphy/ptII/ptolemy/actor/lib/test/auto/SubscriptionAggregator.xml
----------------- Instantiating /home/travis/build/icyphy/ptII/ptolemy/actor/lib/test/auto/SubscriptionAggregator.xml
1 ms. Memory: 1691136K Free: 1081698K (64%)
----------------- Invoking toplevel() on ptolemy.moml.MoMLSimpleApplication@5509829c
----------------- Done invoking toplevel() on ptolemy.moml.MoMLSimpleApplication@5509829c
reloadAllAccessors: .SubscriptionAggregator

===========================================================================================
----------------- testing Sat Feb 16 03:30:24 UTC 2019 /home/travis/build/icyphy/ptII/ptolemy/actor/lib/test/auto/SubscriptionAggregator2.xml
----------------- Instantiating /home/travis/build/icyphy/ptII/ptolemy/actor/lib/test/auto/SubscriptionAggregator2.xml
1 ms. Memory: 1691136K Free: 1065815K (63%)
----------------- Invoking toplevel() on ptolemy.moml.MoMLSimpleApplication@52606908
----------------- Done invoking toplevel() on ptolemy.moml.MoMLSimpleApplication@52606908
reloadAllAccessors: .SubscriptionAggregator2

===========================================================================================
----------------- testing Sat Feb 16 03:30:24 UTC 2019 /home/travis/build/icyphy/ptII/ptolemy/actor/lib/test/auto/SubscriptionAggregator3.xml
----------------- Instantiating /home/travis/build/icyphy/ptII/ptolemy/actor/lib/test/auto/SubscriptionAggregator3.xml
2 ms. Memory: 1691136K Free: 1045282K (62%)
----------------- Invoking toplevel() on ptolemy.moml.MoMLSimpleApplication@7f77f7af
----------------- Done invoking toplevel() on ptolemy.moml.MoMLSimpleApplication@7f77f7af
reloadAllAccessors: .SubscriptionAggregator3

===========================================================================================
----------------- testing Sat Feb 16 03:30:24 UTC 2019 /home/travis/build/icyphy/ptII/ptolemy/actor/lib/test/auto/SubscriptionAggregatorMultiply.xml
----------------- Instantiating /home/travis/build/icyphy/ptII/ptolemy/actor/lib/test/auto/SubscriptionAggregatorMultiply.xml
4 ms. Memory: 1691136K Free: 1024748K (61%)
----------------- Invoking toplevel() on ptolemy.moml.MoMLSimpleApplication@6dbd8d5e
----------------- Done invoking toplevel() on ptolemy.moml.MoMLSimpleApplication@6dbd8d5e
reloadAllAccessors: .SubscriptionAggregatorMultiply

===========================================================================================
----------------- testing Sat Feb 16 03:30:24 UTC 2019 /home/travis/build/icyphy/ptII/ptolemy/actor/lib/test/auto/SubscriptionAggregatorPortMultiply1.xml
----------------- Instantiating /home/travis/build/icyphy/ptII/ptolemy/actor/lib/test/auto/SubscriptionAggregatorPortMultiply1.xml
2 ms. Memory: 1691136K Free: 1008866K (60%)
----------------- Invoking toplevel() on ptolemy.moml.MoMLSimpleApplication@2b022ec6
----------------- Done invoking toplevel() on ptolemy.moml.MoMLSimpleApplication@2b022ec6
reloadAllAccessors: .SubscriptionAggregatorPortMultiply1

===========================================================================================
----------------- testing Sat Feb 16 03:30:24 UTC 2019 /home/travis/build/icyphy/ptII/ptolemy/actor/lib/test/auto/Switch.xml
----------------- Instantiating /home/travis/build/icyphy/ptII/ptolemy/actor/lib/test/auto/Switch.xml
4 ms. Memory: 1691136K Free: 940686K (56%)
----------------- Invoking toplevel() on ptolemy.moml.MoMLSimpleApplication@7b82d84e
----------------- Done invoking toplevel() on ptolemy.moml.MoMLSimpleApplication@7b82d84e
reloadAllAccessors: .Switch

===========================================================================================
----------------- testing Sat Feb 16 03:30:24 UTC 2019 /home/travis/build/icyphy/ptII/ptolemy/actor/lib/test/auto/Switch2.xml
----------------- Instantiating /home/travis/build/icyphy/ptII/ptolemy/actor/lib/test/auto/Switch2.xml
1 ms. Memory: 1691136K Free: 924803K (55%)
----------------- Invoking toplevel() on ptolemy.moml.MoMLSimpleApplication@53737f73
----------------- Done invoking toplevel() on ptolemy.moml.MoMLSimpleApplication@53737f73
reloadAllAccessors: .Switch2

===========================================================================================
----------------- testing Sat Feb 16 03:30:24 UTC 2019 /home/travis/build/icyphy/ptII/ptolemy/actor/lib/test/auto/SwitchDE.xml
----------------- Instantiating /home/travis/build/icyphy/ptII/ptolemy/actor/lib/test/auto/SwitchDE.xml
7 ms. Memory: 1691136K Free: 904270K (53%)
----------------- Invoking toplevel() on ptolemy.moml.MoMLSimpleApplication@7d3f1a81
----------------- Done invoking toplevel() on ptolemy.moml.MoMLSimpleApplication@7d3f1a81
reloadAllAccessors: .SwitchDE

===========================================================================================
----------------- testing Sat Feb 16 03:30:24 UTC 2019 /home/travis/build/icyphy/ptII/ptolemy/actor/lib/test/auto/SynchronizerDE.xml
----------------- Instantiating /home/travis/build/icyphy/ptII/ptolemy/actor/lib/test/auto/SynchronizerDE.xml
7 ms. Memory: 1691136K Free: 888388K (53%)
----------------- Invoking toplevel() on ptolemy.moml.MoMLSimpleApplication@1eac08b0
----------------- Done invoking toplevel() on ptolemy.moml.MoMLSimpleApplication@1eac08b0
reloadAllAccessors: .SynchronizerDE

===========================================================================================
----------------- testing Sat Feb 16 03:30:24 UTC 2019 /home/travis/build/icyphy/ptII/ptolemy/actor/lib/test/auto/Test.xml
----------------- Instantiating /home/travis/build/icyphy/ptII/ptolemy/actor/lib/test/auto/Test.xml
5 ms. Memory: 1691136K Free: 867854K (51%)
----------------- Invoking toplevel() on ptolemy.moml.MoMLSimpleApplication@1405b446
----------------- Done invoking toplevel() on ptolemy.moml.MoMLSimpleApplication@1405b446
reloadAllAccessors: .Test

===========================================================================================
----------------- testing Sat Feb 16 03:30:24 UTC 2019 /home/travis/build/icyphy/ptII/ptolemy/actor/lib/test/auto/TestExceptionAttribute1.xml
----------------- Instantiating /home/travis/build/icyphy/ptII/ptolemy/actor/lib/test/auto/TestExceptionAttribute1.xml
1 ms. Memory: 1691136K Free: 847321K (50%)
----------------- Invoking toplevel() on ptolemy.moml.MoMLSimpleApplication@5e46dfda
----------------- Done invoking toplevel() on ptolemy.moml.MoMLSimpleApplication@5e46dfda
reloadAllAccessors: .TestExceptionAttribute1

===========================================================================================
----------------- testing Sat Feb 16 03:30:25 UTC 2019 /home/travis/build/icyphy/ptII/ptolemy/actor/lib/test/auto/TestExceptionAttribute2.xml
----------------- Instantiating /home/travis/build/icyphy/ptII/ptolemy/actor/lib/test/auto/TestExceptionAttribute2.xml
1 ms. Memory: 1691136K Free: 831438K (49%)
----------------- Invoking toplevel() on ptolemy.moml.MoMLSimpleApplication@3be5e5df
----------------- Done invoking toplevel() on ptolemy.moml.MoMLSimpleApplication@3be5e5df
reloadAllAccessors: .TestExceptionAttribute2

===========================================================================================
----------------- testing Sat Feb 16 03:30:25 UTC 2019 /home/travis/build/icyphy/ptII/ptolemy/actor/lib/test/auto/TestExceptionAttribute3.xml
----------------- Instantiating /home/travis/build/icyphy/ptII/ptolemy/actor/lib/test/auto/TestExceptionAttribute3.xml
.TestExceptionAttribute3.TestExceptionAttribute: initialize() was not invoked, but wrapup() was.  This is unusual, but not always a problem.  For example, exporting JNLP will do this.
0 ms. Memory: 1691136K Free: 810905K (48%)
----------------- Invoking toplevel() on ptolemy.moml.MoMLSimpleApplication@44828f44
----------------- Done invoking toplevel() on ptolemy.moml.MoMLSimpleApplication@44828f44
reloadAllAccessors: .TestExceptionAttribute3

===========================================================================================
----------------- testing Sat Feb 16 03:30:25 UTC 2019 /home/travis/build/icyphy/ptII/ptolemy/actor/lib/test/auto/TestExceptionAttribute4.xml
----------------- Instantiating /home/travis/build/icyphy/ptII/ptolemy/actor/lib/test/auto/TestExceptionAttribute4.xml
.TestExceptionAttribute4.TestExceptionAttribute: initialize() was not invoked, but wrapup() was.  This is unusual, but not always a problem.  For example, exporting JNLP will do this.
.TestExceptionAttribute4.TestExceptionAttribute2: initialize() was not invoked, but wrapup() was.  This is unusual, but not always a problem.  For example, exporting JNLP will do this.
1 ms. Memory: 1691136K Free: 795023K (47%)
----------------- Invoking toplevel() on ptolemy.moml.MoMLSimpleApplication@7b2f5ce2
----------------- Done invoking toplevel() on ptolemy.moml.MoMLSimpleApplication@7b2f5ce2
reloadAllAccessors: .TestExceptionAttribute4

===========================================================================================
----------------- testing Sat Feb 16 03:30:25 UTC 2019 /home/travis/build/icyphy/ptII/ptolemy/actor/lib/test/auto/TestExceptionHandler1.xml
----------------- Instantiating /home/travis/build/icyphy/ptII/ptolemy/actor/lib/test/auto/TestExceptionHandler1.xml
0 ms. Memory: 1691136K Free: 774489K (46%)
----------------- Invoking toplevel() on ptolemy.moml.MoMLSimpleApplication@6c692ad4
----------------- Done invoking toplevel() on ptolemy.moml.MoMLSimpleApplication@6c692ad4
reloadAllAccessors: .TestExceptionHandler1

===========================================================================================
----------------- testing Sat Feb 16 03:30:25 UTC 2019 /home/travis/build/icyphy/ptII/ptolemy/actor/lib/test/auto/TestExceptionHandler2.xml
----------------- Instantiating /home/travis/build/icyphy/ptII/ptolemy/actor/lib/test/auto/TestExceptionHandler2.xml
1 ms. Memory: 1691136K Free: 758607K (45%)
----------------- Invoking toplevel() on ptolemy.moml.MoMLSimpleApplication@437b8c30
----------------- Done invoking toplevel() on ptolemy.moml.MoMLSimpleApplication@437b8c30
reloadAllAccessors: .TestExceptionHandler2

===========================================================================================
----------------- testing Sat Feb 16 03:30:25 UTC 2019 /home/travis/build/icyphy/ptII/ptolemy/actor/lib/test/auto/TestExceptionHandler3.xml
----------------- Instantiating /home/travis/build/icyphy/ptII/ptolemy/actor/lib/test/auto/TestExceptionHandler3.xml
0 ms. Memory: 1691136K Free: 738073K (44%)
----------------- Invoking toplevel() on ptolemy.moml.MoMLSimpleApplication@389127ae
----------------- Done invoking toplevel() on ptolemy.moml.MoMLSimpleApplication@389127ae
reloadAllAccessors: .TestExceptionHandler3

===========================================================================================
----------------- testing Sat Feb 16 03:30:25 UTC 2019 /home/travis/build/icyphy/ptII/ptolemy/actor/lib/test/auto/TestExceptionHandler4.xml
----------------- Instantiating /home/travis/build/icyphy/ptII/ptolemy/actor/lib/test/auto/TestExceptionHandler4.xml
1 ms. Memory: 1691136K Free: 717540K (42%)
----------------- Invoking toplevel() on ptolemy.moml.MoMLSimpleApplication@14ed088e
----------------- Done invoking toplevel() on ptolemy.moml.MoMLSimpleApplication@14ed088e
reloadAllAccessors: .TestExceptionHandler4

===========================================================================================
----------------- testing Sat Feb 16 03:30:25 UTC 2019 /home/travis/build/icyphy/ptII/ptolemy/actor/lib/test/auto/TestRequireCorrectOrder.xml
----------------- Instantiating /home/travis/build/icyphy/ptII/ptolemy/actor/lib/test/auto/TestRequireCorrectOrder.xml
3 ms. Memory: 1691136K Free: 701658K (41%)
----------------- Invoking toplevel() on ptolemy.moml.MoMLSimpleApplication@79cf9433
----------------- Done invoking toplevel() on ptolemy.moml.MoMLSimpleApplication@79cf9433
reloadAllAccessors: .TestRequireCorrectOrder

===========================================================================================
----------------- testing Sat Feb 16 03:30:25 UTC 2019 /home/travis/build/icyphy/ptII/ptolemy/actor/lib/test/auto/TestSimple.xml
----------------- Instantiating /home/travis/build/icyphy/ptII/ptolemy/actor/lib/test/auto/TestSimple.xml
1 ms. Memory: 1691136K Free: 681124K (40%)
----------------- Invoking toplevel() on ptolemy.moml.MoMLSimpleApplication@1efab36f
----------------- Done invoking toplevel() on ptolemy.moml.MoMLSimpleApplication@1efab36f
reloadAllAccessors: .TestSimple

===========================================================================================
----------------- testing Sat Feb 16 03:30:25 UTC 2019 /home/travis/build/icyphy/ptII/ptolemy/actor/lib/test/auto/ThrowModelError.xml
----------------- Instantiating /home/travis/build/icyphy/ptII/ptolemy/actor/lib/test/auto/ThrowModelError.xml
1 ms. Memory: 1691136K Free: 665242K (39%)
----------------- Invoking toplevel() on ptolemy.moml.MoMLSimpleApplication@7e89f70f
----------------- Done invoking toplevel() on ptolemy.moml.MoMLSimpleApplication@7e89f70f
reloadAllAccessors: .ThrowModelError

===========================================================================================
----------------- testing Sat Feb 16 03:30:25 UTC 2019 /home/travis/build/icyphy/ptII/ptolemy/actor/lib/test/auto/TimeDelayMicrosteps.xml
----------------- Instantiating /home/travis/build/icyphy/ptII/ptolemy/actor/lib/test/auto/TimeDelayMicrosteps.xml
3 ms. Memory: 1691136K Free: 644709K (38%)
----------------- Invoking toplevel() on ptolemy.moml.MoMLSimpleApplication@59d5cda0
----------------- Done invoking toplevel() on ptolemy.moml.MoMLSimpleApplication@59d5cda0
reloadAllAccessors: .TimeDelayMicrosteps

===========================================================================================
----------------- testing Sat Feb 16 03:30:25 UTC 2019 /home/travis/build/icyphy/ptII/ptolemy/actor/lib/test/auto/TimeDelayMicrosteps2.xml
----------------- Instantiating /home/travis/build/icyphy/ptII/ptolemy/actor/lib/test/auto/TimeDelayMicrosteps2.xml
3 ms. Memory: 1691136K Free: 628826K (37%)
----------------- Invoking toplevel() on ptolemy.moml.MoMLSimpleApplication@2db3c889
----------------- Done invoking toplevel() on ptolemy.moml.MoMLSimpleApplication@2db3c889
reloadAllAccessors: .TimeDelayMicrosteps2

===========================================================================================
----------------- testing Sat Feb 16 03:30:25 UTC 2019 /home/travis/build/icyphy/ptII/ptolemy/actor/lib/test/auto/TimeDelayMicrosteps3.xml
----------------- Instantiating /home/travis/build/icyphy/ptII/ptolemy/actor/lib/test/auto/TimeDelayMicrosteps3.xml
2 ms. Memory: 1691136K Free: 608293K (36%)
----------------- Invoking toplevel() on ptolemy.moml.MoMLSimpleApplication@4334021c
----------------- Done invoking toplevel() on ptolemy.moml.MoMLSimpleApplication@4334021c
reloadAllAccessors: .TimeDelayMicrosteps3

===========================================================================================
----------------- testing Sat Feb 16 03:30:25 UTC 2019 /home/travis/build/icyphy/ptII/ptolemy/actor/lib/test/auto/TimeDelayVariableMicrosteps.xml
----------------- Instantiating /home/travis/build/icyphy/ptII/ptolemy/actor/lib/test/auto/TimeDelayVariableMicrosteps.xml
2 ms. Memory: 1691136K Free: 587759K (35%)
----------------- Invoking toplevel() on ptolemy.moml.MoMLSimpleApplication@3db6b309
----------------- Done invoking toplevel() on ptolemy.moml.MoMLSimpleApplication@3db6b309
reloadAllAccessors: .TimeDelayVariableMicrosteps

===========================================================================================
----------------- testing Sat Feb 16 03:30:25 UTC 2019 /home/travis/build/icyphy/ptII/ptolemy/actor/lib/test/auto/TimeGap.xml
----------------- Instantiating /home/travis/build/icyphy/ptII/ptolemy/actor/lib/test/auto/TimeGap.xml
3 ms. Memory: 1691136K Free: 571877K (34%)
----------------- Invoking toplevel() on ptolemy.moml.MoMLSimpleApplication@63b3be5d
----------------- Done invoking toplevel() on ptolemy.moml.MoMLSimpleApplication@63b3be5d
reloadAllAccessors: .TimeGap

===========================================================================================
----------------- testing Sat Feb 16 03:30:25 UTC 2019 /home/travis/build/icyphy/ptII/ptolemy/actor/lib/test/auto/TimeGap2.xml
----------------- Instantiating /home/travis/build/icyphy/ptII/ptolemy/actor/lib/test/auto/TimeGap2.xml
2 ms. Memory: 1691136K Free: 551344K (33%)
----------------- Invoking toplevel() on ptolemy.moml.MoMLSimpleApplication@4986edeb
----------------- Done invoking toplevel() on ptolemy.moml.MoMLSimpleApplication@4986edeb
reloadAllAccessors: .TimeGap2

===========================================================================================
----------------- testing Sat Feb 16 03:30:25 UTC 2019 /home/travis/build/icyphy/ptII/ptolemy/actor/lib/test/auto/TimedSinewave.xml
----------------- Instantiating /home/travis/build/icyphy/ptII/ptolemy/actor/lib/test/auto/TimedSinewave.xml
21 ms. Memory: 1691136K Free: 527504K (31%)
----------------- Invoking toplevel() on ptolemy.moml.MoMLSimpleApplication@389a3628
----------------- Done invoking toplevel() on ptolemy.moml.MoMLSimpleApplication@389a3628
reloadAllAccessors: .TimedSinewave

===========================================================================================
----------------- testing Sat Feb 16 03:30:25 UTC 2019 /home/travis/build/icyphy/ptII/ptolemy/actor/lib/test/auto/TimedSinewavePhase.xml
----------------- Instantiating /home/travis/build/icyphy/ptII/ptolemy/actor/lib/test/auto/TimedSinewavePhase.xml
10 ms. Memory: 1691136K Free: 506971K (30%)
----------------- Invoking toplevel() on ptolemy.moml.MoMLSimpleApplication@2b7c62be
----------------- Done invoking toplevel() on ptolemy.moml.MoMLSimpleApplication@2b7c62be
reloadAllAccessors: .TimedSinewavePhase

===========================================================================================
----------------- testing Sat Feb 16 03:30:25 UTC 2019 /home/travis/build/icyphy/ptII/ptolemy/actor/lib/test/auto/Timer.xml
----------------- Instantiating /home/travis/build/icyphy/ptII/ptolemy/actor/lib/test/auto/Timer.xml
4 ms. Memory: 1691136K Free: 491088K (29%)
----------------- Invoking toplevel() on ptolemy.moml.MoMLSimpleApplication@3148a38a
----------------- Done invoking toplevel() on ptolemy.moml.MoMLSimpleApplication@3148a38a
reloadAllAccessors: .Timer

===========================================================================================
----------------- testing Sat Feb 16 03:30:25 UTC 2019 /home/travis/build/icyphy/ptII/ptolemy/actor/lib/test/auto/TriangularDistTestModel.xml
----------------- Instantiating /home/travis/build/icyphy/ptII/ptolemy/actor/lib/test/auto/TriangularDistTestModel.xml
1 ms. Memory: 1691136K Free: 470555K (28%)
----------------- Invoking toplevel() on ptolemy.moml.MoMLSimpleApplication@77b44052
----------------- Done invoking toplevel() on ptolemy.moml.MoMLSimpleApplication@77b44052
reloadAllAccessors: .TriangularDistTestModel

===========================================================================================
----------------- testing Sat Feb 16 03:30:25 UTC 2019 /home/travis/build/icyphy/ptII/ptolemy/actor/lib/test/auto/TrigFunction.xml
----------------- Instantiating /home/travis/build/icyphy/ptII/ptolemy/actor/lib/test/auto/TrigFunction.xml
1 ms. Memory: 1691136K Free: 450021K (27%)
----------------- Invoking toplevel() on ptolemy.moml.MoMLSimpleApplication@1f61a4c6
----------------- Done invoking toplevel() on ptolemy.moml.MoMLSimpleApplication@1f61a4c6
reloadAllAccessors: .TrigFunction

===========================================================================================
----------------- testing Sat Feb 16 03:30:25 UTC 2019 /home/travis/build/icyphy/ptII/ptolemy/actor/lib/test/auto/TrigFunctionDE.xml
----------------- Instantiating /home/travis/build/icyphy/ptII/ptolemy/actor/lib/test/auto/TrigFunctionDE.xml
2 ms. Memory: 1691136K Free: 434139K (26%)
----------------- Invoking toplevel() on ptolemy.moml.MoMLSimpleApplication@eace5ac
----------------- Done invoking toplevel() on ptolemy.moml.MoMLSimpleApplication@eace5ac
reloadAllAccessors: .TrigFunctionDE

===========================================================================================
----------------- testing Sat Feb 16 03:30:25 UTC 2019 /home/travis/build/icyphy/ptII/ptolemy/actor/lib/test/auto/TrigFunctionInverse.xml
----------------- Instantiating /home/travis/build/icyphy/ptII/ptolemy/actor/lib/test/auto/TrigFunctionInverse.xml
2 ms. Memory: 1691136K Free: 413605K (24%)
----------------- Invoking toplevel() on ptolemy.moml.MoMLSimpleApplication@366a532c
----------------- Done invoking toplevel() on ptolemy.moml.MoMLSimpleApplication@366a532c
reloadAllAccessors: .TrigFunctionInverse

===========================================================================================
----------------- testing Sat Feb 16 03:30:25 UTC 2019 /home/travis/build/icyphy/ptII/ptolemy/actor/lib/test/auto/TrigFunctionTan.xml
----------------- Instantiating /home/travis/build/icyphy/ptII/ptolemy/actor/lib/test/auto/TrigFunctionTan.xml
2 ms. Memory: 1691136K Free: 397723K (24%)
----------------- Invoking toplevel() on ptolemy.moml.MoMLSimpleApplication@21c4a107
----------------- Done invoking toplevel() on ptolemy.moml.MoMLSimpleApplication@21c4a107
reloadAllAccessors: .TrigFunctionTan

===========================================================================================
----------------- testing Sat Feb 16 03:30:25 UTC 2019 /home/travis/build/icyphy/ptII/ptolemy/actor/lib/test/auto/TriggeredClock.xml
----------------- Instantiating /home/travis/build/icyphy/ptII/ptolemy/actor/lib/test/auto/TriggeredClock.xml
2 ms. Memory: 1691136K Free: 377189K (22%)
----------------- Invoking toplevel() on ptolemy.moml.MoMLSimpleApplication@5196e3eb
----------------- Done invoking toplevel() on ptolemy.moml.MoMLSimpleApplication@5196e3eb
reloadAllAccessors: .TriggeredClock

===========================================================================================
----------------- testing Sat Feb 16 03:30:25 UTC 2019 /home/travis/build/icyphy/ptII/ptolemy/actor/lib/test/auto/URLDirectoryReader.xml
----------------- Instantiating /home/travis/build/icyphy/ptII/ptolemy/actor/lib/test/auto/URLDirectoryReader.xml
24 ms. Memory: 1691136K Free: 361307K (21%)
----------------- Invoking toplevel() on ptolemy.moml.MoMLSimpleApplication@5d665d5f
----------------- Done invoking toplevel() on ptolemy.moml.MoMLSimpleApplication@5d665d5f
reloadAllAccessors: .URLDirectoryReader

===========================================================================================
----------------- testing Sat Feb 16 03:30:25 UTC 2019 /home/travis/build/icyphy/ptII/ptolemy/actor/lib/test/auto/URLDirectoryReader3.xml
----------------- Instantiating /home/travis/build/icyphy/ptII/ptolemy/actor/lib/test/auto/URLDirectoryReader3.xml
1232 ms. Memory: 1691136K Free: 292871K (17%)
----------------- Invoking toplevel() on ptolemy.moml.MoMLSimpleApplication@cc3b9d9
----------------- Done invoking toplevel() on ptolemy.moml.MoMLSimpleApplication@cc3b9d9
reloadAllAccessors: .URLDirectoryReader3

===========================================================================================
----------------- testing Sat Feb 16 03:30:26 UTC 2019 /home/travis/build/icyphy/ptII/ptolemy/actor/lib/test/auto/UnaryMathFunction.xml
----------------- Instantiating /home/travis/build/icyphy/ptII/ptolemy/actor/lib/test/auto/UnaryMathFunction.xml
2 ms. Memory: 1691136K Free: 272337K (16%)
----------------- Invoking toplevel() on ptolemy.moml.MoMLSimpleApplication@7c4d97e8
----------------- Done invoking toplevel() on ptolemy.moml.MoMLSimpleApplication@7c4d97e8
reloadAllAccessors: .UnaryMathFunction

===========================================================================================
----------------- testing Sat Feb 16 03:30:26 UTC 2019 /home/travis/build/icyphy/ptII/ptolemy/actor/lib/test/auto/Uniform.xml
----------------- Instantiating /home/travis/build/icyphy/ptII/ptolemy/actor/lib/test/auto/Uniform.xml
1 ms. Memory: 1691136K Free: 256455K (15%)
----------------- Invoking toplevel() on ptolemy.moml.MoMLSimpleApplication@7bd11d86
----------------- Done invoking toplevel() on ptolemy.moml.MoMLSimpleApplication@7bd11d86
reloadAllAccessors: .Uniform

===========================================================================================
----------------- testing Sat Feb 16 03:30:27 UTC 2019 /home/travis/build/icyphy/ptII/ptolemy/actor/lib/test/auto/UnionDisassemblerTest.xml
----------------- Instantiating /home/travis/build/icyphy/ptII/ptolemy/actor/lib/test/auto/UnionDisassemblerTest.xml
6 ms. Memory: 1691136K Free: 235921K (14%)
----------------- Invoking toplevel() on ptolemy.moml.MoMLSimpleApplication@ed25b2
----------------- Done invoking toplevel() on ptolemy.moml.MoMLSimpleApplication@ed25b2
reloadAllAccessors: .UnionDisassemblerTest

===========================================================================================
----------------- testing Sat Feb 16 03:30:27 UTC 2019 /home/travis/build/icyphy/ptII/ptolemy/actor/lib/test/auto/UtilityFunctions.xml
----------------- Instantiating /home/travis/build/icyphy/ptII/ptolemy/actor/lib/test/auto/UtilityFunctions.xml
1 ms. Memory: 1691136K Free: 220039K (13%)
----------------- Invoking toplevel() on ptolemy.moml.MoMLSimpleApplication@732a4e25
----------------- Done invoking toplevel() on ptolemy.moml.MoMLSimpleApplication@732a4e25
reloadAllAccessors: .UtilityFunctions

===========================================================================================
----------------- testing Sat Feb 16 03:30:27 UTC 2019 /home/travis/build/icyphy/ptII/ptolemy/actor/lib/test/auto/VariableSleep.xml
----------------- Instantiating /home/travis/build/icyphy/ptII/ptolemy/actor/lib/test/auto/VariableSleep.xml
503 ms. Memory: 1691136K Free: 199505K (12%)
----------------- Invoking toplevel() on ptolemy.moml.MoMLSimpleApplication@34da206b
----------------- Done invoking toplevel() on ptolemy.moml.MoMLSimpleApplication@34da206b
reloadAllAccessors: .VariableSleep

===========================================================================================
----------------- testing Sat Feb 16 03:30:27 UTC 2019 /home/travis/build/icyphy/ptII/ptolemy/actor/lib/test/auto/VectorAssemblerDisassemblerCT.xml
----------------- Instantiating /home/travis/build/icyphy/ptII/ptolemy/actor/lib/test/auto/VectorAssemblerDisassemblerCT.xml
69 ms. Memory: 1691136K Free: 167741K (10%)
----------------- Invoking toplevel() on ptolemy.moml.MoMLSimpleApplication@5cfaa9f8
----------------- Done invoking toplevel() on ptolemy.moml.MoMLSimpleApplication@5cfaa9f8
reloadAllAccessors: .VectorAssemblerDisassemblerCT

===========================================================================================
----------------- testing Sat Feb 16 03:30:27 UTC 2019 /home/travis/build/icyphy/ptII/ptolemy/actor/lib/test/auto/VectorAssemblerDisassemblerDE.xml
----------------- Instantiating /home/travis/build/icyphy/ptII/ptolemy/actor/lib/test/auto/VectorAssemblerDisassemblerDE.xml
3 ms. Memory: 1691136K Free: 147207K (9%)
----------------- Invoking toplevel() on ptolemy.moml.MoMLSimpleApplication@1436afd5
----------------- Done invoking toplevel() on ptolemy.moml.MoMLSimpleApplication@1436afd5
reloadAllAccessors: .VectorAssemblerDisassemblerDE

===========================================================================================
----------------- testing Sat Feb 16 03:30:27 UTC 2019 /home/travis/build/icyphy/ptII/ptolemy/actor/lib/test/auto/VectorAssemblerDisassemblerSDF.xml
----------------- Instantiating /home/travis/build/icyphy/ptII/ptolemy/actor/lib/test/auto/VectorAssemblerDisassemblerSDF.xml
3 ms. Memory: 1691136K Free: 126674K (7%)
----------------- Invoking toplevel() on ptolemy.moml.MoMLSimpleApplication@779459f3
----------------- Done invoking toplevel() on ptolemy.moml.MoMLSimpleApplication@779459f3
reloadAllAccessors: .VectorAssemblerDisassemblerSDF

===========================================================================================
----------------- testing Sat Feb 16 03:30:27 UTC 2019 /home/travis/build/icyphy/ptII/ptolemy/actor/lib/test/auto/WallClockTime.xml
----------------- Instantiating /home/travis/build/icyphy/ptII/ptolemy/actor/lib/test/auto/WallClockTime.xml
1004 ms. Memory: 1691136K Free: 110791K (7%)
----------------- Invoking toplevel() on ptolemy.moml.MoMLSimpleApplication@621292ab
----------------- Done invoking toplevel() on ptolemy.moml.MoMLSimpleApplication@621292ab
reloadAllAccessors: .WallClockTime

===========================================================================================
----------------- testing Sat Feb 16 03:30:28 UTC 2019 /home/travis/build/icyphy/ptII/ptolemy/actor/lib/test/auto/WidthTestWithSubscriberPublisher.xml
----------------- Instantiating /home/travis/build/icyphy/ptII/ptolemy/actor/lib/test/auto/WidthTestWithSubscriberPublisher.xml
7 ms. Memory: 1691136K Free: 74344K (4%)
----------------- Invoking toplevel() on ptolemy.moml.MoMLSimpleApplication@2fe961a0
----------------- Done invoking toplevel() on ptolemy.moml.MoMLSimpleApplication@2fe961a0
reloadAllAccessors: .WidthTestWithSubscriberPublisher

===========================================================================================
----------------- testing Sat Feb 16 03:30:28 UTC 2019 /home/travis/build/icyphy/ptII/ptolemy/actor/lib/test/auto/WidthTestWithSubscriberPublisher2.xml
----------------- Instantiating /home/travis/build/icyphy/ptII/ptolemy/actor/lib/test/auto/WidthTestWithSubscriberPublisher2.xml
3 ms. Memory: 1691136K Free: 62235K (4%)
----------------- Invoking toplevel() on ptolemy.moml.MoMLSimpleApplication@62924a3f
----------------- Done invoking toplevel() on ptolemy.moml.MoMLSimpleApplication@62924a3f
reloadAllAccessors: .WidthTestWithSubscriberPublisher2

===========================================================================================
----------------- testing Sat Feb 16 03:30:28 UTC 2019 /home/travis/build/icyphy/ptII/ptolemy/actor/lib/test/auto/WidthTestWithSubscriberPublisher3.xml
----------------- Instantiating /home/travis/build/icyphy/ptII/ptolemy/actor/lib/test/auto/WidthTestWithSubscriberPublisher3.xml
1 ms. Memory: 1709568K Free: 1633439K (96%)
----------------- Invoking toplevel() on ptolemy.moml.MoMLSimpleApplication@2ec1ae8b
----------------- Done invoking toplevel() on ptolemy.moml.MoMLSimpleApplication@2ec1ae8b
reloadAllAccessors: .WidthTestWithSubscriberPublisher3

===========================================================================================
----------------- testing Sat Feb 16 03:30:28 UTC 2019 /home/travis/build/icyphy/ptII/ptolemy/actor/lib/test/auto/Writer.xml
----------------- Instantiating /home/travis/build/icyphy/ptII/ptolemy/actor/lib/test/auto/Writer.xml
0
1
2
3
4
1 ms. Memory: 1709568K Free: 1613190K (94%)
----------------- Invoking toplevel() on ptolemy.moml.MoMLSimpleApplication@1880f53c
----------------- Done invoking toplevel() on ptolemy.moml.MoMLSimpleApplication@1880f53c
reloadAllAccessors: .Writer

===========================================================================================
----------------- testing Sat Feb 16 03:30:28 UTC 2019 /home/travis/build/icyphy/ptII/ptolemy/actor/lib/test/auto/array.xml
----------------- Instantiating /home/travis/build/icyphy/ptII/ptolemy/actor/lib/test/auto/array.xml
2 ms. Memory: 1709568K Free: 1597297K (93%)
----------------- Invoking toplevel() on ptolemy.moml.MoMLSimpleApplication@38b12170
----------------- Done invoking toplevel() on ptolemy.moml.MoMLSimpleApplication@38b12170
reloadAllAccessors: .array

===========================================================================================
----------------- testing Sat Feb 16 03:30:28 UTC 2019 /home/travis/build/icyphy/ptII/ptolemy/actor/lib/test/auto/array2.xml
----------------- Instantiating /home/travis/build/icyphy/ptII/ptolemy/actor/lib/test/auto/array2.xml
5 ms. Memory: 1709568K Free: 1577048K (92%)
----------------- Invoking toplevel() on ptolemy.moml.MoMLSimpleApplication@7c27241d
----------------- Done invoking toplevel() on ptolemy.moml.MoMLSimpleApplication@7c27241d
reloadAllAccessors: .array2

===========================================================================================
----------------- testing Sat Feb 16 03:30:28 UTC 2019 /home/travis/build/icyphy/ptII/ptolemy/actor/lib/test/auto/arrayType.xml
----------------- Instantiating /home/travis/build/icyphy/ptII/ptolemy/actor/lib/test/auto/arrayType.xml
1 ms. Memory: 1709568K Free: 1561155K (91%)
----------------- Invoking toplevel() on ptolemy.moml.MoMLSimpleApplication@2abe62
----------------- Done invoking toplevel() on ptolemy.moml.MoMLSimpleApplication@2abe62
reloadAllAccessors: .arrayType

===========================================================================================
----------------- testing Sat Feb 16 03:30:28 UTC 2019 /home/travis/build/icyphy/ptII/ptolemy/actor/lib/test/auto/arrayType10.xml
----------------- Instantiating /home/travis/build/icyphy/ptII/ptolemy/actor/lib/test/auto/arrayType10.xml
1 ms. Memory: 1709568K Free: 1540905K (90%)
----------------- Invoking toplevel() on ptolemy.moml.MoMLSimpleApplication@16be1dfa
----------------- Done invoking toplevel() on ptolemy.moml.MoMLSimpleApplication@16be1dfa
reloadAllAccessors: .arrayType10

===========================================================================================
----------------- testing Sat Feb 16 03:30:28 UTC 2019 /home/travis/build/icyphy/ptII/ptolemy/actor/lib/test/auto/arrayType11.xml
----------------- Instantiating /home/travis/build/icyphy/ptII/ptolemy/actor/lib/test/auto/arrayType11.xml
1 ms. Memory: 1709568K Free: 1520656K (89%)
----------------- Invoking toplevel() on ptolemy.moml.MoMLSimpleApplication@279c8fe3
----------------- Done invoking toplevel() on ptolemy.moml.MoMLSimpleApplication@279c8fe3
reloadAllAccessors: .arrayType11

===========================================================================================
----------------- testing Sat Feb 16 03:30:28 UTC 2019 /home/travis/build/icyphy/ptII/ptolemy/actor/lib/test/auto/arrayType12.xml
----------------- Instantiating /home/travis/build/icyphy/ptII/ptolemy/actor/lib/test/auto/arrayType12.xml
2 ms. Memory: 1709568K Free: 1504763K (88%)
----------------- Invoking toplevel() on ptolemy.moml.MoMLSimpleApplication@105137a2
----------------- Done invoking toplevel() on ptolemy.moml.MoMLSimpleApplication@105137a2
reloadAllAccessors: .arrayType12

===========================================================================================
----------------- testing Sat Feb 16 03:30:28 UTC 2019 /home/travis/build/icyphy/ptII/ptolemy/actor/lib/test/auto/arrayType13.xml
----------------- Instantiating /home/travis/build/icyphy/ptII/ptolemy/actor/lib/test/auto/arrayType13.xml
1 ms. Memory: 1709568K Free: 1484513K (87%)
----------------- Invoking toplevel() on ptolemy.moml.MoMLSimpleApplication@382bec11
----------------- Done invoking toplevel() on ptolemy.moml.MoMLSimpleApplication@382bec11
reloadAllAccessors: .arrayType13

===========================================================================================
----------------- testing Sat Feb 16 03:30:28 UTC 2019 /home/travis/build/icyphy/ptII/ptolemy/actor/lib/test/auto/arrayType14.xml
----------------- Instantiating /home/travis/build/icyphy/ptII/ptolemy/actor/lib/test/auto/arrayType14.xml
2 ms. Memory: 1709568K Free: 1464264K (86%)
----------------- Invoking toplevel() on ptolemy.moml.MoMLSimpleApplication@5c7780bc
----------------- Done invoking toplevel() on ptolemy.moml.MoMLSimpleApplication@5c7780bc
reloadAllAccessors: .arrayType14

===========================================================================================
----------------- testing Sat Feb 16 03:30:28 UTC 2019 /home/travis/build/icyphy/ptII/ptolemy/actor/lib/test/auto/arrayType15.xml
----------------- Instantiating /home/travis/build/icyphy/ptII/ptolemy/actor/lib/test/auto/arrayType15.xml
1 ms. Memory: 1709568K Free: 1448371K (85%)
----------------- Invoking toplevel() on ptolemy.moml.MoMLSimpleApplication@345974cc
----------------- Done invoking toplevel() on ptolemy.moml.MoMLSimpleApplication@345974cc
reloadAllAccessors: .arrayType15

===========================================================================================
----------------- testing Sat Feb 16 03:30:28 UTC 2019 /home/travis/build/icyphy/ptII/ptolemy/actor/lib/test/auto/arrayType16.xml
----------------- Instantiating /home/travis/build/icyphy/ptII/ptolemy/actor/lib/test/auto/arrayType16.xml
1 ms. Memory: 1709568K Free: 1428121K (84%)
----------------- Invoking toplevel() on ptolemy.moml.MoMLSimpleApplication@7f2e186c
----------------- Done invoking toplevel() on ptolemy.moml.MoMLSimpleApplication@7f2e186c
reloadAllAccessors: .arrayType16

===========================================================================================
----------------- testing Sat Feb 16 03:30:28 UTC 2019 /home/travis/build/icyphy/ptII/ptolemy/actor/lib/test/auto/arrayType17.xml
----------------- Instantiating /home/travis/build/icyphy/ptII/ptolemy/actor/lib/test/auto/arrayType17.xml
1 ms. Memory: 1709568K Free: 1412229K (83%)
----------------- Invoking toplevel() on ptolemy.moml.MoMLSimpleApplication@108ee544
----------------- Done invoking toplevel() on ptolemy.moml.MoMLSimpleApplication@108ee544
reloadAllAccessors: .arrayType17

===========================================================================================
----------------- testing Sat Feb 16 03:30:28 UTC 2019 /home/travis/build/icyphy/ptII/ptolemy/actor/lib/test/auto/arrayType18.xml
----------------- Instantiating /home/travis/build/icyphy/ptII/ptolemy/actor/lib/test/auto/arrayType18.xml
1 ms. Memory: 1709568K Free: 1391979K (81%)
----------------- Invoking toplevel() on ptolemy.moml.MoMLSimpleApplication@5a7a21a0
----------------- Done invoking toplevel() on ptolemy.moml.MoMLSimpleApplication@5a7a21a0
reloadAllAccessors: .arrayType18

===========================================================================================
----------------- testing Sat Feb 16 03:30:28 UTC 2019 /home/travis/build/icyphy/ptII/ptolemy/actor/lib/test/auto/arrayType19.xml
----------------- Instantiating /home/travis/build/icyphy/ptII/ptolemy/actor/lib/test/auto/arrayType19.xml
1 ms. Memory: 1709568K Free: 1371729K (80%)
----------------- Invoking toplevel() on ptolemy.moml.MoMLSimpleApplication@303c8f09
----------------- Done invoking toplevel() on ptolemy.moml.MoMLSimpleApplication@303c8f09
reloadAllAccessors: .arrayType19

===========================================================================================
----------------- testing Sat Feb 16 03:30:29 UTC 2019 /home/travis/build/icyphy/ptII/ptolemy/actor/lib/test/auto/arrayType2.xml
----------------- Instantiating /home/travis/build/icyphy/ptII/ptolemy/actor/lib/test/auto/arrayType2.xml
2 ms. Memory: 1709568K Free: 1355837K (79%)
----------------- Invoking toplevel() on ptolemy.moml.MoMLSimpleApplication@7426648e
----------------- Done invoking toplevel() on ptolemy.moml.MoMLSimpleApplication@7426648e
reloadAllAccessors: .arrayType2

===========================================================================================
----------------- testing Sat Feb 16 03:30:29 UTC 2019 /home/travis/build/icyphy/ptII/ptolemy/actor/lib/test/auto/arrayType20.xml
----------------- Instantiating /home/travis/build/icyphy/ptII/ptolemy/actor/lib/test/auto/arrayType20.xml
2 ms. Memory: 1709568K Free: 1335587K (78%)
----------------- Invoking toplevel() on ptolemy.moml.MoMLSimpleApplication@22d24873
----------------- Done invoking toplevel() on ptolemy.moml.MoMLSimpleApplication@22d24873
reloadAllAccessors: .arrayType20

===========================================================================================
----------------- testing Sat Feb 16 03:30:29 UTC 2019 /home/travis/build/icyphy/ptII/ptolemy/actor/lib/test/auto/arrayType21.xml
----------------- Instantiating /home/travis/build/icyphy/ptII/ptolemy/actor/lib/test/auto/arrayType21.xml
1 ms. Memory: 1709568K Free: 1319695K (77%)
----------------- Invoking toplevel() on ptolemy.moml.MoMLSimpleApplication@39233b3b
----------------- Done invoking toplevel() on ptolemy.moml.MoMLSimpleApplication@39233b3b
reloadAllAccessors: .arrayType21

===========================================================================================
----------------- testing Sat Feb 16 03:30:29 UTC 2019 /home/travis/build/icyphy/ptII/ptolemy/actor/lib/test/auto/arrayType22.xml
----------------- Instantiating /home/travis/build/icyphy/ptII/ptolemy/actor/lib/test/auto/arrayType22.xml
3 ms. Memory: 1709568K Free: 1299420K (76%)
----------------- Invoking toplevel() on ptolemy.moml.MoMLSimpleApplication@72601d57
----------------- Done invoking toplevel() on ptolemy.moml.MoMLSimpleApplication@72601d57
reloadAllAccessors: .arrayType22

===========================================================================================
----------------- testing Sat Feb 16 03:30:29 UTC 2019 /home/travis/build/icyphy/ptII/ptolemy/actor/lib/test/auto/arrayType23.xml
----------------- Instantiating /home/travis/build/icyphy/ptII/ptolemy/actor/lib/test/auto/arrayType23.xml
1 ms. Memory: 1709568K Free: 1279170K (75%)
----------------- Invoking toplevel() on ptolemy.moml.MoMLSimpleApplication@5d08768b
----------------- Done invoking toplevel() on ptolemy.moml.MoMLSimpleApplication@5d08768b
reloadAllAccessors: .arrayType23

===========================================================================================
----------------- testing Sat Feb 16 03:30:29 UTC 2019 /home/travis/build/icyphy/ptII/ptolemy/actor/lib/test/auto/arrayType24.xml
----------------- Instantiating /home/travis/build/icyphy/ptII/ptolemy/actor/lib/test/auto/arrayType24.xml
1 ms. Memory: 1709568K Free: 1263278K (74%)
----------------- Invoking toplevel() on ptolemy.moml.MoMLSimpleApplication@3923f562
----------------- Done invoking toplevel() on ptolemy.moml.MoMLSimpleApplication@3923f562
reloadAllAccessors: .arrayType24

===========================================================================================
----------------- testing Sat Feb 16 03:30:29 UTC 2019 /home/travis/build/icyphy/ptII/ptolemy/actor/lib/test/auto/arrayType25.xml
----------------- Instantiating /home/travis/build/icyphy/ptII/ptolemy/actor/lib/test/auto/arrayType25.xml
1 ms. Memory: 1709568K Free: 1243028K (73%)
----------------- Invoking toplevel() on ptolemy.moml.MoMLSimpleApplication@f6ce21c
----------------- Done invoking toplevel() on ptolemy.moml.MoMLSimpleApplication@f6ce21c
reloadAllAccessors: .arrayType25

===========================================================================================
----------------- testing Sat Feb 16 03:30:29 UTC 2019 /home/travis/build/icyphy/ptII/ptolemy/actor/lib/test/auto/arrayType26.xml
----------------- Instantiating /home/travis/build/icyphy/ptII/ptolemy/actor/lib/test/auto/arrayType26.xml
1 ms. Memory: 1709568K Free: 1222778K (72%)
----------------- Invoking toplevel() on ptolemy.moml.MoMLSimpleApplication@516429ac
----------------- Done invoking toplevel() on ptolemy.moml.MoMLSimpleApplication@516429ac
reloadAllAccessors: .arrayType26

===========================================================================================
----------------- testing Sat Feb 16 03:30:29 UTC 2019 /home/travis/build/icyphy/ptII/ptolemy/actor/lib/test/auto/arrayType27.xml
----------------- Instantiating /home/travis/build/icyphy/ptII/ptolemy/actor/lib/test/auto/arrayType27.xml
1 ms. Memory: 1709568K Free: 1206886K (71%)
----------------- Invoking toplevel() on ptolemy.moml.MoMLSimpleApplication@2f8ba437
----------------- Done invoking toplevel() on ptolemy.moml.MoMLSimpleApplication@2f8ba437
reloadAllAccessors: .arrayType27

===========================================================================================
----------------- testing Sat Feb 16 03:30:29 UTC 2019 /home/travis/build/icyphy/ptII/ptolemy/actor/lib/test/auto/arrayType28.xml
----------------- Instantiating /home/travis/build/icyphy/ptII/ptolemy/actor/lib/test/auto/arrayType28.xml
1 ms. Memory: 1709568K Free: 1186636K (69%)
----------------- Invoking toplevel() on ptolemy.moml.MoMLSimpleApplication@435d6c95
----------------- Done invoking toplevel() on ptolemy.moml.MoMLSimpleApplication@435d6c95
reloadAllAccessors: .arrayType28

===========================================================================================
----------------- testing Sat Feb 16 03:30:29 UTC 2019 /home/travis/build/icyphy/ptII/ptolemy/actor/lib/test/auto/arrayType3.xml
----------------- Instantiating /home/travis/build/icyphy/ptII/ptolemy/actor/lib/test/auto/arrayType3.xml
2 ms. Memory: 1709568K Free: 1170744K (68%)
----------------- Invoking toplevel() on ptolemy.moml.MoMLSimpleApplication@4cf8e13
----------------- Done invoking toplevel() on ptolemy.moml.MoMLSimpleApplication@4cf8e13
reloadAllAccessors: .arrayType3

===========================================================================================
----------------- testing Sat Feb 16 03:30:29 UTC 2019 /home/travis/build/icyphy/ptII/ptolemy/actor/lib/test/auto/arrayType4.xml
----------------- Instantiating /home/travis/build/icyphy/ptII/ptolemy/actor/lib/test/auto/arrayType4.xml
1 ms. Memory: 1709568K Free: 1150494K (67%)
----------------- Invoking toplevel() on ptolemy.moml.MoMLSimpleApplication@1bc92bc6
----------------- Done invoking toplevel() on ptolemy.moml.MoMLSimpleApplication@1bc92bc6
reloadAllAccessors: .arrayType4

===========================================================================================
----------------- testing Sat Feb 16 03:30:29 UTC 2019 /home/travis/build/icyphy/ptII/ptolemy/actor/lib/test/auto/arrayType5.xml
----------------- Instantiating /home/travis/build/icyphy/ptII/ptolemy/actor/lib/test/auto/arrayType5.xml
1 ms. Memory: 1709568K Free: 1130245K (66%)
----------------- Invoking toplevel() on ptolemy.moml.MoMLSimpleApplication@1d7f1f0c
----------------- Done invoking toplevel() on ptolemy.moml.MoMLSimpleApplication@1d7f1f0c
reloadAllAccessors: .arrayType5

===========================================================================================
----------------- testing Sat Feb 16 03:30:29 UTC 2019 /home/travis/build/icyphy/ptII/ptolemy/actor/lib/test/auto/arrayType6.xml
----------------- Instantiating /home/travis/build/icyphy/ptII/ptolemy/actor/lib/test/auto/arrayType6.xml
1 ms. Memory: 1709568K Free: 1114352K (65%)
----------------- Invoking toplevel() on ptolemy.moml.MoMLSimpleApplication@760b112a
----------------- Done invoking toplevel() on ptolemy.moml.MoMLSimpleApplication@760b112a
reloadAllAccessors: .arrayType6

===========================================================================================
----------------- testing Sat Feb 16 03:30:29 UTC 2019 /home/travis/build/icyphy/ptII/ptolemy/actor/lib/test/auto/arrayType7.xml
----------------- Instantiating /home/travis/build/icyphy/ptII/ptolemy/actor/lib/test/auto/arrayType7.xml
1 ms. Memory: 1709568K Free: 1094103K (64%)
----------------- Invoking toplevel() on ptolemy.moml.MoMLSimpleApplication@e211346
----------------- Done invoking toplevel() on ptolemy.moml.MoMLSimpleApplication@e211346
reloadAllAccessors: .arrayType7

===========================================================================================
----------------- testing Sat Feb 16 03:30:29 UTC 2019 /home/travis/build/icyphy/ptII/ptolemy/actor/lib/test/auto/arrayType8.xml
----------------- Instantiating /home/travis/build/icyphy/ptII/ptolemy/actor/lib/test/auto/arrayType8.xml
1 ms. Memory: 1709568K Free: 1078210K (63%)
----------------- Invoking toplevel() on ptolemy.moml.MoMLSimpleApplication@5e1659f6
----------------- Done invoking toplevel() on ptolemy.moml.MoMLSimpleApplication@5e1659f6
reloadAllAccessors: .arrayType8

===========================================================================================
----------------- testing Sat Feb 16 03:30:29 UTC 2019 /home/travis/build/icyphy/ptII/ptolemy/actor/lib/test/auto/arrayType9.xml
----------------- Instantiating /home/travis/build/icyphy/ptII/ptolemy/actor/lib/test/auto/arrayType9.xml
1 ms. Memory: 1709568K Free: 1057960K (62%)
----------------- Invoking toplevel() on ptolemy.moml.MoMLSimpleApplication@2788ad64
----------------- Done invoking toplevel() on ptolemy.moml.MoMLSimpleApplication@2788ad64
reloadAllAccessors: .arrayType9

===========================================================================================
----------------- testing Sat Feb 16 03:30:29 UTC 2019 /home/travis/build/icyphy/ptII/ptolemy/actor/lib/test/auto/cast.xml
----------------- Instantiating /home/travis/build/icyphy/ptII/ptolemy/actor/lib/test/auto/cast.xml
2 ms. Memory: 1709568K Free: 1037711K (61%)
----------------- Invoking toplevel() on ptolemy.moml.MoMLSimpleApplication@7d159a3e
----------------- Done invoking toplevel() on ptolemy.moml.MoMLSimpleApplication@7d159a3e
reloadAllAccessors: .cast

===========================================================================================
----------------- testing Sat Feb 16 03:30:29 UTC 2019 /home/travis/build/icyphy/ptII/ptolemy/actor/lib/test/auto/compositeMultiPort.xml
----------------- Instantiating /home/travis/build/icyphy/ptII/ptolemy/actor/lib/test/auto/compositeMultiPort.xml
3 ms. Memory: 1709568K Free: 1021818K (60%)
----------------- Invoking toplevel() on ptolemy.moml.MoMLSimpleApplication@10b763b7
----------------- Done invoking toplevel() on ptolemy.moml.MoMLSimpleApplication@10b763b7
reloadAllAccessors: .compositeMultiPort

===========================================================================================
----------------- testing Sat Feb 16 03:30:29 UTC 2019 /home/travis/build/icyphy/ptII/ptolemy/actor/lib/test/auto/expressionCastInference.xml
----------------- Instantiating /home/travis/build/icyphy/ptII/ptolemy/actor/lib/test/auto/expressionCastInference.xml
2 ms. Memory: 1709568K Free: 1001569K (59%)
----------------- Invoking toplevel() on ptolemy.moml.MoMLSimpleApplication@7b0c5329
----------------- Done invoking toplevel() on ptolemy.moml.MoMLSimpleApplication@7b0c5329
reloadAllAccessors: .expressionCastInference

===========================================================================================
----------------- testing Sat Feb 16 03:30:29 UTC 2019 /home/travis/build/icyphy/ptII/ptolemy/actor/lib/test/auto/expressionCastInference2.xml
----------------- Instantiating /home/travis/build/icyphy/ptII/ptolemy/actor/lib/test/auto/expressionCastInference2.xml
1 ms. Memory: 1709568K Free: 981319K (57%)
----------------- Invoking toplevel() on ptolemy.moml.MoMLSimpleApplication@6d5a6481
----------------- Done invoking toplevel() on ptolemy.moml.MoMLSimpleApplication@6d5a6481
reloadAllAccessors: .expressionCastInference2

===========================================================================================
----------------- testing Sat Feb 16 03:30:29 UTC 2019 /home/travis/build/icyphy/ptII/ptolemy/actor/lib/test/auto/expressionInference.xml
----------------- Instantiating /home/travis/build/icyphy/ptII/ptolemy/actor/lib/test/auto/expressionInference.xml
1 ms. Memory: 1709568K Free: 965427K (56%)
----------------- Invoking toplevel() on ptolemy.moml.MoMLSimpleApplication@43e44d08
----------------- Done invoking toplevel() on ptolemy.moml.MoMLSimpleApplication@43e44d08
reloadAllAccessors: .expressionInference

===========================================================================================
----------------- testing Sat Feb 16 03:30:29 UTC 2019 /home/travis/build/icyphy/ptII/ptolemy/actor/lib/test/auto/expression_bug.xml
----------------- Instantiating /home/travis/build/icyphy/ptII/ptolemy/actor/lib/test/auto/expression_bug.xml
1 ms. Memory: 1709568K Free: 945177K (55%)
----------------- Invoking toplevel() on ptolemy.moml.MoMLSimpleApplication@c8916e2
----------------- Done invoking toplevel() on ptolemy.moml.MoMLSimpleApplication@c8916e2
reloadAllAccessors: .expression_bug

===========================================================================================
----------------- testing Sat Feb 16 03:30:29 UTC 2019 /home/travis/build/icyphy/ptII/ptolemy/actor/lib/test/auto/factorial.xml
----------------- Instantiating /home/travis/build/icyphy/ptII/ptolemy/actor/lib/test/auto/factorial.xml
28 ms. Memory: 1709568K Free: 929284K (54%)
----------------- Invoking toplevel() on ptolemy.moml.MoMLSimpleApplication@7f7bc1b5
----------------- Done invoking toplevel() on ptolemy.moml.MoMLSimpleApplication@7f7bc1b5
reloadAllAccessors: .factorial

===========================================================================================
----------------- testing Sat Feb 16 03:30:29 UTC 2019 /home/travis/build/icyphy/ptII/ptolemy/actor/lib/test/auto/filterTest1.xml
----------------- Instantiating /home/travis/build/icyphy/ptII/ptolemy/actor/lib/test/auto/filterTest1.xml
3 ms. Memory: 1709568K Free: 909035K (53%)
----------------- Invoking toplevel() on ptolemy.moml.MoMLSimpleApplication@6335d5d2
----------------- Done invoking toplevel() on ptolemy.moml.MoMLSimpleApplication@6335d5d2
reloadAllAccessors: .filterTest1

===========================================================================================
----------------- testing Sat Feb 16 03:30:29 UTC 2019 /home/travis/build/icyphy/ptII/ptolemy/actor/lib/test/auto/funcApplyInConst.xml
----------------- Instantiating /home/travis/build/icyphy/ptII/ptolemy/actor/lib/test/auto/funcApplyInConst.xml
1 ms. Memory: 1709568K Free: 888785K (52%)
----------------- Invoking toplevel() on ptolemy.moml.MoMLSimpleApplication@4645b132
----------------- Done invoking toplevel() on ptolemy.moml.MoMLSimpleApplication@4645b132
reloadAllAccessors: .funcApplyInConst

===========================================================================================
----------------- testing Sat Feb 16 03:30:29 UTC 2019 /home/travis/build/icyphy/ptII/ptolemy/actor/lib/test/auto/funcApplyInExpr.xml
----------------- Instantiating /home/travis/build/icyphy/ptII/ptolemy/actor/lib/test/auto/funcApplyInExpr.xml
1 ms. Memory: 1709568K Free: 872893K (51%)
----------------- Invoking toplevel() on ptolemy.moml.MoMLSimpleApplication@7f57ef61
----------------- Done invoking toplevel() on ptolemy.moml.MoMLSimpleApplication@7f57ef61
reloadAllAccessors: .funcApplyInExpr

===========================================================================================
----------------- testing Sat Feb 16 03:30:29 UTC 2019 /home/travis/build/icyphy/ptII/ptolemy/actor/lib/test/auto/function.xml
----------------- Instantiating /home/travis/build/icyphy/ptII/ptolemy/actor/lib/test/auto/function.xml
2 ms. Memory: 1709568K Free: 852643K (50%)
----------------- Invoking toplevel() on ptolemy.moml.MoMLSimpleApplication@1afc2eeb
----------------- Done invoking toplevel() on ptolemy.moml.MoMLSimpleApplication@1afc2eeb
reloadAllAccessors: .function

===========================================================================================
----------------- testing Sat Feb 16 03:30:29 UTC 2019 /home/travis/build/icyphy/ptII/ptolemy/actor/lib/test/auto/function2.xml
----------------- Instantiating /home/travis/build/icyphy/ptII/ptolemy/actor/lib/test/auto/function2.xml
1 ms. Memory: 1709568K Free: 832393K (49%)
----------------- Invoking toplevel() on ptolemy.moml.MoMLSimpleApplication@6b701894
----------------- Done invoking toplevel() on ptolemy.moml.MoMLSimpleApplication@6b701894
reloadAllAccessors: .function2

===========================================================================================
----------------- testing Sat Feb 16 03:30:29 UTC 2019 /home/travis/build/icyphy/ptII/ptolemy/actor/lib/test/auto/function3.xml
----------------- Instantiating /home/travis/build/icyphy/ptII/ptolemy/actor/lib/test/auto/function3.xml
1 ms. Memory: 1709568K Free: 816501K (48%)
----------------- Invoking toplevel() on ptolemy.moml.MoMLSimpleApplication@da1d662
----------------- Done invoking toplevel() on ptolemy.moml.MoMLSimpleApplication@da1d662
reloadAllAccessors: .function3

===========================================================================================
----------------- testing Sat Feb 16 03:30:29 UTC 2019 /home/travis/build/icyphy/ptII/ptolemy/actor/lib/test/auto/functionClosureTest1.xml
----------------- Instantiating /home/travis/build/icyphy/ptII/ptolemy/actor/lib/test/auto/functionClosureTest1.xml
5 ms. Memory: 1709568K Free: 796251K (47%)
----------------- Invoking toplevel() on ptolemy.moml.MoMLSimpleApplication@44a329df
----------------- Done invoking toplevel() on ptolemy.moml.MoMLSimpleApplication@44a329df
reloadAllAccessors: .functionClosureTest1

===========================================================================================
----------------- testing Sat Feb 16 03:30:29 UTC 2019 /home/travis/build/icyphy/ptII/ptolemy/actor/lib/test/auto/functionClosureTest2.xml
----------------- Instantiating /home/travis/build/icyphy/ptII/ptolemy/actor/lib/test/auto/functionClosureTest2.xml
1 ms. Memory: 1709568K Free: 780359K (46%)
----------------- Invoking toplevel() on ptolemy.moml.MoMLSimpleApplication@300a75c6
----------------- Done invoking toplevel() on ptolemy.moml.MoMLSimpleApplication@300a75c6
reloadAllAccessors: .functionClosureTest2

===========================================================================================
----------------- testing Sat Feb 16 03:30:29 UTC 2019 /home/travis/build/icyphy/ptII/ptolemy/actor/lib/test/auto/functionClosureTest3.xml
----------------- Instantiating /home/travis/build/icyphy/ptII/ptolemy/actor/lib/test/auto/functionClosureTest3.xml
5 ms. Memory: 1709568K Free: 760109K (44%)
----------------- Invoking toplevel() on ptolemy.moml.MoMLSimpleApplication@76c855d5
----------------- Done invoking toplevel() on ptolemy.moml.MoMLSimpleApplication@76c855d5
reloadAllAccessors: .functionClosureTest3

===========================================================================================
----------------- testing Sat Feb 16 03:30:29 UTC 2019 /home/travis/build/icyphy/ptII/ptolemy/actor/lib/test/auto/functionClosureTest4.xml
----------------- Instantiating /home/travis/build/icyphy/ptII/ptolemy/actor/lib/test/auto/functionClosureTest4.xml
4 ms. Memory: 1709568K Free: 739860K (43%)
----------------- Invoking toplevel() on ptolemy.moml.MoMLSimpleApplication@319212a6
----------------- Done invoking toplevel() on ptolemy.moml.MoMLSimpleApplication@319212a6
reloadAllAccessors: .functionClosureTest4

===========================================================================================
----------------- testing Sat Feb 16 03:30:29 UTC 2019 /home/travis/build/icyphy/ptII/ptolemy/actor/lib/test/auto/functionClosureTest5.xml
----------------- Instantiating /home/travis/build/icyphy/ptII/ptolemy/actor/lib/test/auto/functionClosureTest5.xml
4 ms. Memory: 1709568K Free: 723967K (42%)
----------------- Invoking toplevel() on ptolemy.moml.MoMLSimpleApplication@337a85a6
----------------- Done invoking toplevel() on ptolemy.moml.MoMLSimpleApplication@337a85a6
reloadAllAccessors: .functionClosureTest5

===========================================================================================
----------------- testing Sat Feb 16 03:30:29 UTC 2019 /home/travis/build/icyphy/ptII/ptolemy/actor/lib/test/auto/functionClosureTest6.xml
----------------- Instantiating /home/travis/build/icyphy/ptII/ptolemy/actor/lib/test/auto/functionClosureTest6.xml
2 ms. Memory: 1709568K Free: 703717K (41%)
----------------- Invoking toplevel() on ptolemy.moml.MoMLSimpleApplication@706b751a
----------------- Done invoking toplevel() on ptolemy.moml.MoMLSimpleApplication@706b751a
reloadAllAccessors: .functionClosureTest6

===========================================================================================
----------------- testing Sat Feb 16 03:30:29 UTC 2019 /home/travis/build/icyphy/ptII/ptolemy/actor/lib/test/auto/functionsOnArcs.xml
----------------- Instantiating /home/travis/build/icyphy/ptII/ptolemy/actor/lib/test/auto/functionsOnArcs.xml
5 ms. Memory: 1709568K Free: 687825K (40%)
----------------- Invoking toplevel() on ptolemy.moml.MoMLSimpleApplication@36093890
----------------- Done invoking toplevel() on ptolemy.moml.MoMLSimpleApplication@36093890
reloadAllAccessors: .functionsOnArcs

===========================================================================================
----------------- testing Sat Feb 16 03:30:29 UTC 2019 /home/travis/build/icyphy/ptII/ptolemy/actor/lib/test/auto/functionsOnArcsHOF.xml
----------------- Instantiating /home/travis/build/icyphy/ptII/ptolemy/actor/lib/test/auto/functionsOnArcsHOF.xml
3 ms. Memory: 1709568K Free: 667575K (39%)
----------------- Invoking toplevel() on ptolemy.moml.MoMLSimpleApplication@2b67709
----------------- Done invoking toplevel() on ptolemy.moml.MoMLSimpleApplication@2b67709
reloadAllAccessors: .functionsOnArcsHOF

===========================================================================================
----------------- testing Sat Feb 16 03:30:29 UTC 2019 /home/travis/build/icyphy/ptII/ptolemy/actor/lib/test/auto/logic.xml
----------------- Instantiating /home/travis/build/icyphy/ptII/ptolemy/actor/lib/test/auto/logic.xml
2 ms. Memory: 1709568K Free: 647326K (38%)
----------------- Invoking toplevel() on ptolemy.moml.MoMLSimpleApplication@75cb9a01
----------------- Done invoking toplevel() on ptolemy.moml.MoMLSimpleApplication@75cb9a01
reloadAllAccessors: .logic

===========================================================================================
----------------- testing Sat Feb 16 03:30:29 UTC 2019 /home/travis/build/icyphy/ptII/ptolemy/actor/lib/test/auto/matrixType.xml
----------------- Instantiating /home/travis/build/icyphy/ptII/ptolemy/actor/lib/test/auto/matrixType.xml
1 ms. Memory: 1709568K Free: 631433K (37%)
----------------- Invoking toplevel() on ptolemy.moml.MoMLSimpleApplication@36f9c855
----------------- Done invoking toplevel() on ptolemy.moml.MoMLSimpleApplication@36f9c855
reloadAllAccessors: .matrixType

===========================================================================================
----------------- testing Sat Feb 16 03:30:29 UTC 2019 /home/travis/build/icyphy/ptII/ptolemy/actor/lib/test/auto/matrixType10.xml
----------------- Instantiating /home/travis/build/icyphy/ptII/ptolemy/actor/lib/test/auto/matrixType10.xml
2 ms. Memory: 1709568K Free: 611183K (36%)
----------------- Invoking toplevel() on ptolemy.moml.MoMLSimpleApplication@4e1a00e1
----------------- Done invoking toplevel() on ptolemy.moml.MoMLSimpleApplication@4e1a00e1
reloadAllAccessors: .matrixType10

===========================================================================================
----------------- testing Sat Feb 16 03:30:29 UTC 2019 /home/travis/build/icyphy/ptII/ptolemy/actor/lib/test/auto/matrixType11.xml
----------------- Instantiating /home/travis/build/icyphy/ptII/ptolemy/actor/lib/test/auto/matrixType11.xml
1 ms. Memory: 1709568K Free: 590934K (35%)
----------------- Invoking toplevel() on ptolemy.moml.MoMLSimpleApplication@23d35d03
----------------- Done invoking toplevel() on ptolemy.moml.MoMLSimpleApplication@23d35d03
reloadAllAccessors: .matrixType11

===========================================================================================
----------------- testing Sat Feb 16 03:30:29 UTC 2019 /home/travis/build/icyphy/ptII/ptolemy/actor/lib/test/auto/matrixType12.xml
----------------- Instantiating /home/travis/build/icyphy/ptII/ptolemy/actor/lib/test/auto/matrixType12.xml
1 ms. Memory: 1709568K Free: 575041K (34%)
----------------- Invoking toplevel() on ptolemy.moml.MoMLSimpleApplication@1226cbbf
----------------- Done invoking toplevel() on ptolemy.moml.MoMLSimpleApplication@1226cbbf
reloadAllAccessors: .matrixType12

===========================================================================================
----------------- testing Sat Feb 16 03:30:29 UTC 2019 /home/travis/build/icyphy/ptII/ptolemy/actor/lib/test/auto/matrixType13.xml
----------------- Instantiating /home/travis/build/icyphy/ptII/ptolemy/actor/lib/test/auto/matrixType13.xml
1 ms. Memory: 1709568K Free: 554792K (32%)
----------------- Invoking toplevel() on ptolemy.moml.MoMLSimpleApplication@15010e25
----------------- Done invoking toplevel() on ptolemy.moml.MoMLSimpleApplication@15010e25
reloadAllAccessors: .matrixType13

===========================================================================================
----------------- testing Sat Feb 16 03:30:29 UTC 2019 /home/travis/build/icyphy/ptII/ptolemy/actor/lib/test/auto/matrixType14.xml
----------------- Instantiating /home/travis/build/icyphy/ptII/ptolemy/actor/lib/test/auto/matrixType14.xml
1 ms. Memory: 1709568K Free: 538899K (32%)
----------------- Invoking toplevel() on ptolemy.moml.MoMLSimpleApplication@15f82677
----------------- Done invoking toplevel() on ptolemy.moml.MoMLSimpleApplication@15f82677
reloadAllAccessors: .matrixType14

===========================================================================================
----------------- testing Sat Feb 16 03:30:29 UTC 2019 /home/travis/build/icyphy/ptII/ptolemy/actor/lib/test/auto/matrixType2.xml
----------------- Instantiating /home/travis/build/icyphy/ptII/ptolemy/actor/lib/test/auto/matrixType2.xml
1 ms. Memory: 1709568K Free: 518649K (30%)
----------------- Invoking toplevel() on ptolemy.moml.MoMLSimpleApplication@b98e8a1
----------------- Done invoking toplevel() on ptolemy.moml.MoMLSimpleApplication@b98e8a1
reloadAllAccessors: .matrixType2

===========================================================================================
----------------- testing Sat Feb 16 03:30:29 UTC 2019 /home/travis/build/icyphy/ptII/ptolemy/actor/lib/test/auto/matrixType3.xml
----------------- Instantiating /home/travis/build/icyphy/ptII/ptolemy/actor/lib/test/auto/matrixType3.xml
4 ms. Memory: 1709568K Free: 498400K (29%)
----------------- Invoking toplevel() on ptolemy.moml.MoMLSimpleApplication@564fb20a
----------------- Done invoking toplevel() on ptolemy.moml.MoMLSimpleApplication@564fb20a
reloadAllAccessors: .matrixType3

===========================================================================================
----------------- testing Sat Feb 16 03:30:29 UTC 2019 /home/travis/build/icyphy/ptII/ptolemy/actor/lib/test/auto/matrixType4.xml
----------------- Instantiating /home/travis/build/icyphy/ptII/ptolemy/actor/lib/test/auto/matrixType4.xml
2 ms. Memory: 1709568K Free: 482507K (28%)
----------------- Invoking toplevel() on ptolemy.moml.MoMLSimpleApplication@5815f1da
----------------- Done invoking toplevel() on ptolemy.moml.MoMLSimpleApplication@5815f1da
reloadAllAccessors: .matrixType4

===========================================================================================
----------------- testing Sat Feb 16 03:30:29 UTC 2019 /home/travis/build/icyphy/ptII/ptolemy/actor/lib/test/auto/matrixType5.xml
----------------- Instantiating /home/travis/build/icyphy/ptII/ptolemy/actor/lib/test/auto/matrixType5.xml
2 ms. Memory: 1709568K Free: 462257K (27%)
----------------- Invoking toplevel() on ptolemy.moml.MoMLSimpleApplication@18f45279
----------------- Done invoking toplevel() on ptolemy.moml.MoMLSimpleApplication@18f45279
reloadAllAccessors: .matrixType5

===========================================================================================
----------------- testing Sat Feb 16 03:30:29 UTC 2019 /home/travis/build/icyphy/ptII/ptolemy/actor/lib/test/auto/matrixType6.xml
----------------- Instantiating /home/travis/build/icyphy/ptII/ptolemy/actor/lib/test/auto/matrixType6.xml
1 ms. Memory: 1709568K Free: 442008K (26%)
----------------- Invoking toplevel() on ptolemy.moml.MoMLSimpleApplication@65a6db4b
----------------- Done invoking toplevel() on ptolemy.moml.MoMLSimpleApplication@65a6db4b
reloadAllAccessors: .matrixType6

===========================================================================================
----------------- testing Sat Feb 16 03:30:29 UTC 2019 /home/travis/build/icyphy/ptII/ptolemy/actor/lib/test/auto/matrixType7.xml
----------------- Instantiating /home/travis/build/icyphy/ptII/ptolemy/actor/lib/test/auto/matrixType7.xml
2 ms. Memory: 1709568K Free: 426115K (25%)
----------------- Invoking toplevel() on ptolemy.moml.MoMLSimpleApplication@4b7f77fc
----------------- Done invoking toplevel() on ptolemy.moml.MoMLSimpleApplication@4b7f77fc
reloadAllAccessors: .matrixType7

===========================================================================================
----------------- testing Sat Feb 16 03:30:29 UTC 2019 /home/travis/build/icyphy/ptII/ptolemy/actor/lib/test/auto/matrixType8.xml
----------------- Instantiating /home/travis/build/icyphy/ptII/ptolemy/actor/lib/test/auto/matrixType8.xml
1 ms. Memory: 1709568K Free: 405865K (24%)
----------------- Invoking toplevel() on ptolemy.moml.MoMLSimpleApplication@176f6bdb
----------------- Done invoking toplevel() on ptolemy.moml.MoMLSimpleApplication@176f6bdb
reloadAllAccessors: .matrixType8

===========================================================================================
----------------- testing Sat Feb 16 03:30:29 UTC 2019 /home/travis/build/icyphy/ptII/ptolemy/actor/lib/test/auto/matrixType9.xml
----------------- Instantiating /home/travis/build/icyphy/ptII/ptolemy/actor/lib/test/auto/matrixType9.xml
1 ms. Memory: 1709568K Free: 385616K (23%)
----------------- Invoking toplevel() on ptolemy.moml.MoMLSimpleApplication@5b7c7688
----------------- Done invoking toplevel() on ptolemy.moml.MoMLSimpleApplication@5b7c7688
reloadAllAccessors: .matrixType9

===========================================================================================
----------------- testing Sat Feb 16 03:30:29 UTC 2019 /home/travis/build/icyphy/ptII/ptolemy/actor/lib/test/auto/paraFunctest.xml
----------------- Instantiating /home/travis/build/icyphy/ptII/ptolemy/actor/lib/test/auto/paraFunctest.xml
2 ms. Memory: 1709568K Free: 369723K (22%)
----------------- Invoking toplevel() on ptolemy.moml.MoMLSimpleApplication@dec9d08
----------------- Done invoking toplevel() on ptolemy.moml.MoMLSimpleApplication@dec9d08
reloadAllAccessors: .paraFunctest

===========================================================================================
----------------- testing Sat Feb 16 03:30:29 UTC 2019 /home/travis/build/icyphy/ptII/ptolemy/actor/lib/test/auto/paraFunctest2.xml
----------------- Instantiating /home/travis/build/icyphy/ptII/ptolemy/actor/lib/test/auto/paraFunctest2.xml
1 ms. Memory: 1709568K Free: 349474K (20%)
----------------- Invoking toplevel() on ptolemy.moml.MoMLSimpleApplication@76ac73aa
----------------- Done invoking toplevel() on ptolemy.moml.MoMLSimpleApplication@76ac73aa
reloadAllAccessors: .paraFunctest2

===========================================================================================
----------------- testing Sat Feb 16 03:30:29 UTC 2019 /home/travis/build/icyphy/ptII/ptolemy/actor/lib/test/auto/parameterPassing.xml
----------------- Instantiating /home/travis/build/icyphy/ptII/ptolemy/actor/lib/test/auto/parameterPassing.xml
1 ms. Memory: 1709568K Free: 333581K (20%)
----------------- Invoking toplevel() on ptolemy.moml.MoMLSimpleApplication@5c64387b
----------------- Done invoking toplevel() on ptolemy.moml.MoMLSimpleApplication@5c64387b
reloadAllAccessors: .parameterPassing

===========================================================================================
----------------- testing Sat Feb 16 03:30:29 UTC 2019 /home/travis/build/icyphy/ptII/ptolemy/actor/lib/test/auto/record.xml
----------------- Instantiating /home/travis/build/icyphy/ptII/ptolemy/actor/lib/test/auto/record.xml
1 ms. Memory: 1709568K Free: 313331K (18%)
----------------- Invoking toplevel() on ptolemy.moml.MoMLSimpleApplication@510409c4
----------------- Done invoking toplevel() on ptolemy.moml.MoMLSimpleApplication@510409c4
reloadAllAccessors: .record

===========================================================================================
----------------- testing Sat Feb 16 03:30:29 UTC 2019 /home/travis/build/icyphy/ptII/ptolemy/actor/lib/test/auto/sizedarray1.xml
----------------- Instantiating /home/travis/build/icyphy/ptII/ptolemy/actor/lib/test/auto/sizedarray1.xml
1 ms. Memory: 1709568K Free: 293082K (17%)
----------------- Invoking toplevel() on ptolemy.moml.MoMLSimpleApplication@19821a2a
----------------- Done invoking toplevel() on ptolemy.moml.MoMLSimpleApplication@19821a2a
reloadAllAccessors: .sizedarray1

===========================================================================================
----------------- testing Sat Feb 16 03:30:29 UTC 2019 /home/travis/build/icyphy/ptII/ptolemy/actor/lib/test/auto/sizedarray2.xml
----------------- Instantiating /home/travis/build/icyphy/ptII/ptolemy/actor/lib/test/auto/sizedarray2.xml
3 ms. Memory: 1709568K Free: 277189K (16%)
----------------- Invoking toplevel() on ptolemy.moml.MoMLSimpleApplication@65c73ff
----------------- Done invoking toplevel() on ptolemy.moml.MoMLSimpleApplication@65c73ff
reloadAllAccessors: .sizedarray2

===========================================================================================
----------------- testing Sat Feb 16 03:30:29 UTC 2019 /home/travis/build/icyphy/ptII/ptolemy/actor/lib/test/auto/twoPublishers.xml
----------------- Instantiating /home/travis/build/icyphy/ptII/ptolemy/actor/lib/test/auto/twoPublishers.xml
5 ms. Memory: 1709568K Free: 248977K (15%)
----------------- Invoking toplevel() on ptolemy.moml.MoMLSimpleApplication@44aff518
----------------- Done invoking toplevel() on ptolemy.moml.MoMLSimpleApplication@44aff518
reloadAllAccessors: .twoPublishers
AutoTests.java: About to close Vertx.
AutoTests.java: Vertx closed.
]]></system-out>
  <system-err><![CDATA[java.lang.RuntimeException: Execution failed
	at ptolemy.moml.MoMLSimpleApplication$UnloadThread.run(MoMLSimpleApplication.java:402)
Caused by: java.lang.RuntimeException: StringUtilities.exit() was called. Normally, we would exit here because Manager.exitAfterWrapup() was called.  However, because the ptolemy.ptII.exitAfterWrapup property is set, we throw this exception instead.
	at ptolemy.util.StringUtilities.exit(StringUtilities.java:363)
	at ptolemy.actor.Manager.wrapup(Manager.java:1531)
	at ptolemy.actor.Manager.execute(Manager.java:407)
	at ptolemy.actor.Manager.run(Manager.java:1263)
	at ptolemy.actor.Manager$PtolemyRunThread.run(Manager.java:1915)
Warning: '.top.test' is in training mode, set the trainingMode parameter to false before checking in
Warning: '.top.test' is in training mode, set the trainingMode parameter to false before checking in
Warning: '.top.test' is in training mode, set the trainingMode parameter to false before checking in
Warning: '.BooleanSwitch_RegressionTest_WrongTrainingValues.Test' is in training mode, set the trainingMode parameter to false before checking in
Warning: '.BooleanSwitch_RegressionTest_WrongTrainingValues.Test2' is in training mode, set the trainingMode parameter to false before checking in
Warning: '.BooleanSwitch_RegressionTest_WrongTrainingValues.Test2' The test produced 0 tokens.
Warning: '.top.testExceptionHandler' is in training mode, set the trainingMode parameter to false before checking in
java.lang.RuntimeException: Execution failed
	at ptolemy.moml.MoMLSimpleApplication$UnloadThread.run(MoMLSimpleApplication.java:402)
Caused by: ptolemy.kernel.util.IllegalActionException: PublisherPorts cannot be used at the top level, use a Publisher actor instead.
  in .PublisherPortToplevelSubscriber.PublisherPort
	at ptolemy.actor.PublisherPort.preinitialize(PublisherPort.java:403)
	at ptolemy.actor.CompositeActor.preinitialize(CompositeActor.java:1769)
	at ptolemy.actor.Manager.preinitializeAndResolveTypes(Manager.java:1040)
	at ptolemy.actor.Manager.initialize(Manager.java:710)
	at ptolemy.actor.Manager.execute(Manager.java:356)
	at ptolemy.actor.Manager.run(Manager.java:1263)
	at ptolemy.actor.Manager$PtolemyRunThread.run(Manager.java:1915)
java.lang.reflect.InvocationTargetException
	at sun.reflect.NativeConstructorAccessorImpl.newInstance0(Native Method)
	at sun.reflect.NativeConstructorAccessorImpl.newInstance(NativeConstructorAccessorImpl.java:62)
	at sun.reflect.DelegatingConstructorAccessorImpl.newInstance(DelegatingConstructorAccessorImpl.java:45)
	at java.lang.reflect.Constructor.newInstance(Constructor.java:423)
	at ptolemy.util.test.junit.AutoKnownFailedTests.RunModel(AutoKnownFailedTests.java:105)
	at sun.reflect.NativeMethodAccessorImpl.invoke0(Native Method)
	at sun.reflect.NativeMethodAccessorImpl.invoke(NativeMethodAccessorImpl.java:62)
	at sun.reflect.DelegatingMethodAccessorImpl.invoke(DelegatingMethodAccessorImpl.java:43)
	at java.lang.reflect.Method.invoke(Method.java:498)
	at org.junit.runners.model.FrameworkMethod$1.runReflectiveCall(FrameworkMethod.java:44)
	at org.junit.internal.runners.model.ReflectiveCallable.run(ReflectiveCallable.java:15)
	at org.junit.runners.model.FrameworkMethod.invokeExplosively(FrameworkMethod.java:41)
	at junitparams.internal.InvokeParameterisedMethod.evaluate(InvokeParameterisedMethod.java:102)
	at org.junit.internal.runners.statements.FailOnTimeout$1.run(FailOnTimeout.java:28)
Caused by: ptolemy.kernel.util.IllegalActionException: PublisherPorts cannot be used at the top level, use a Publisher actor instead.
  in .PublisherPortToplevelSubscriber.PublisherPort
	at ptolemy.actor.PublisherPort.preinitialize(PublisherPort.java:403)
	at ptolemy.actor.CompositeActor.preinitialize(CompositeActor.java:1769)
	at ptolemy.actor.Manager.preinitializeAndResolveTypes(Manager.java:1040)
	at ptolemy.actor.Manager.initialize(Manager.java:710)
	at ptolemy.actor.Manager.execute(Manager.java:356)
	at ptolemy.actor.Manager.run(Manager.java:1263)
	at ptolemy.actor.Manager$PtolemyRunThread.run(Manager.java:1915)
java.lang.RuntimeException: Execution failed
	at ptolemy.moml.MoMLSimpleApplication$UnloadThread.run(MoMLSimpleApplication.java:402)
Caused by: ptolemy.kernel.util.IllegalActionException: SubscriberPorts cannot be used at the top level, use a Subscriber actor instead.
  in .PublisherSubscriberPortToplevel.SubscriberPort
	at ptolemy.actor.SubscriberPort.preinitialize(SubscriberPort.java:328)
	at ptolemy.actor.CompositeActor.preinitialize(CompositeActor.java:1769)
	at ptolemy.actor.Manager.preinitializeAndResolveTypes(Manager.java:1040)
	at ptolemy.actor.Manager.initialize(Manager.java:710)
	at ptolemy.actor.Manager.execute(Manager.java:356)
	at ptolemy.actor.Manager.run(Manager.java:1263)
	at ptolemy.actor.Manager$PtolemyRunThread.run(Manager.java:1915)
java.lang.reflect.InvocationTargetException
	at sun.reflect.NativeConstructorAccessorImpl.newInstance0(Native Method)
	at sun.reflect.NativeConstructorAccessorImpl.newInstance(NativeConstructorAccessorImpl.java:62)
	at sun.reflect.DelegatingConstructorAccessorImpl.newInstance(DelegatingConstructorAccessorImpl.java:45)
	at java.lang.reflect.Constructor.newInstance(Constructor.java:423)
	at ptolemy.util.test.junit.AutoKnownFailedTests.RunModel(AutoKnownFailedTests.java:105)
	at sun.reflect.NativeMethodAccessorImpl.invoke0(Native Method)
	at sun.reflect.NativeMethodAccessorImpl.invoke(NativeMethodAccessorImpl.java:62)
	at sun.reflect.DelegatingMethodAccessorImpl.invoke(DelegatingMethodAccessorImpl.java:43)
	at java.lang.reflect.Method.invoke(Method.java:498)
	at org.junit.runners.model.FrameworkMethod$1.runReflectiveCall(FrameworkMethod.java:44)
	at org.junit.internal.runners.model.ReflectiveCallable.run(ReflectiveCallable.java:15)
	at org.junit.runners.model.FrameworkMethod.invokeExplosively(FrameworkMethod.java:41)
	at junitparams.internal.InvokeParameterisedMethod.evaluate(InvokeParameterisedMethod.java:102)
	at org.junit.internal.runners.statements.FailOnTimeout$1.run(FailOnTimeout.java:28)
Caused by: ptolemy.kernel.util.IllegalActionException: SubscriberPorts cannot be used at the top level, use a Subscriber actor instead.
  in .PublisherSubscriberPortToplevel.SubscriberPort
	at ptolemy.actor.SubscriberPort.preinitialize(SubscriberPort.java:328)
	at ptolemy.actor.CompositeActor.preinitialize(CompositeActor.java:1769)
	at ptolemy.actor.Manager.preinitializeAndResolveTypes(Manager.java:1040)
	at ptolemy.actor.Manager.initialize(Manager.java:710)
	at ptolemy.actor.Manager.execute(Manager.java:356)
	at ptolemy.actor.Manager.run(Manager.java:1263)
	at ptolemy.actor.Manager$PtolemyRunThread.run(Manager.java:1915)
java.lang.RuntimeException: Execution failed
	at ptolemy.moml.MoMLSimpleApplication$UnloadThread.run(MoMLSimpleApplication.java:402)
Caused by: ptolemy.kernel.util.IllegalActionException: SubscriptionAggregatorPorts cannot be used at the top level, use a SubscriptionAggregator actor instead.
  in .PublisherSubscriptionAggregatorPort.SubscriptionAggregatorPort
	at ptolemy.actor.SubscriptionAggregatorPort.preinitialize(SubscriptionAggregatorPort.java:353)
	at ptolemy.actor.CompositeActor.preinitialize(CompositeActor.java:1769)
	at ptolemy.actor.Manager.preinitializeAndResolveTypes(Manager.java:1040)
	at ptolemy.actor.Manager.initialize(Manager.java:710)
	at ptolemy.actor.Manager.execute(Manager.java:356)
	at ptolemy.actor.Manager.run(Manager.java:1263)
	at ptolemy.actor.Manager$PtolemyRunThread.run(Manager.java:1915)
java.lang.reflect.InvocationTargetException
	at sun.reflect.NativeConstructorAccessorImpl.newInstance0(Native Method)
	at sun.reflect.NativeConstructorAccessorImpl.newInstance(NativeConstructorAccessorImpl.java:62)
	at sun.reflect.DelegatingConstructorAccessorImpl.newInstance(DelegatingConstructorAccessorImpl.java:45)
	at java.lang.reflect.Constructor.newInstance(Constructor.java:423)
	at ptolemy.util.test.junit.AutoKnownFailedTests.RunModel(AutoKnownFailedTests.java:105)
	at sun.reflect.NativeMethodAccessorImpl.invoke0(Native Method)
	at sun.reflect.NativeMethodAccessorImpl.invoke(NativeMethodAccessorImpl.java:62)
	at sun.reflect.DelegatingMethodAccessorImpl.invoke(DelegatingMethodAccessorImpl.java:43)
	at java.lang.reflect.Method.invoke(Method.java:498)
	at org.junit.runners.model.FrameworkMethod$1.runReflectiveCall(FrameworkMethod.java:44)
	at org.junit.internal.runners.model.ReflectiveCallable.run(ReflectiveCallable.java:15)
	at org.junit.runners.model.FrameworkMethod.invokeExplosively(FrameworkMethod.java:41)
	at junitparams.internal.InvokeParameterisedMethod.evaluate(InvokeParameterisedMethod.java:102)
	at org.junit.internal.runners.statements.FailOnTimeout$1.run(FailOnTimeout.java:28)
Caused by: ptolemy.kernel.util.IllegalActionException: SubscriptionAggregatorPorts cannot be used at the top level, use a SubscriptionAggregator actor instead.
  in .PublisherSubscriptionAggregatorPort.SubscriptionAggregatorPort
	at ptolemy.actor.SubscriptionAggregatorPort.preinitialize(SubscriptionAggregatorPort.java:353)
	at ptolemy.actor.CompositeActor.preinitialize(CompositeActor.java:1769)
	at ptolemy.actor.Manager.preinitializeAndResolveTypes(Manager.java:1040)
	at ptolemy.actor.Manager.initialize(Manager.java:710)
	at ptolemy.actor.Manager.execute(Manager.java:356)
	at ptolemy.actor.Manager.run(Manager.java:1263)
	at ptolemy.actor.Manager$PtolemyRunThread.run(Manager.java:1915)
java.lang.RuntimeException: Execution failed
	at ptolemy.moml.MoMLSimpleApplication$UnloadThread.run(MoMLSimpleApplication.java:402)
Caused by: ptolemy.kernel.util.IllegalActionException: TypeTest actor has no training data.
  in .sizedarray3.TypeTest
	at ptolemy.actor.lib.TypeTest.initialize(TypeTest.java:250)
	at ptolemy.actor.Director.initialize(Director.java:938)
	at ptolemy.actor.Director.initialize(Director.java:907)
	at ptolemy.actor.sched.StaticSchedulingDirector.initialize(StaticSchedulingDirector.java:159)
	at ptolemy.domains.sdf.kernel.SDFDirector.initialize(SDFDirector.java:544)
	at ptolemy.actor.CompositeActor.initialize(CompositeActor.java:935)
	at ptolemy.actor.Manager.initialize(Manager.java:724)
	at ptolemy.actor.Manager.execute(Manager.java:356)
	at ptolemy.actor.Manager.run(Manager.java:1263)
	at ptolemy.actor.Manager$PtolemyRunThread.run(Manager.java:1915)
java.lang.reflect.InvocationTargetException
	at sun.reflect.NativeConstructorAccessorImpl.newInstance0(Native Method)
	at sun.reflect.NativeConstructorAccessorImpl.newInstance(NativeConstructorAccessorImpl.java:62)
	at sun.reflect.DelegatingConstructorAccessorImpl.newInstance(DelegatingConstructorAccessorImpl.java:45)
	at java.lang.reflect.Constructor.newInstance(Constructor.java:423)
	at ptolemy.util.test.junit.AutoKnownFailedTests.RunModel(AutoKnownFailedTests.java:105)
	at sun.reflect.NativeMethodAccessorImpl.invoke0(Native Method)
	at sun.reflect.NativeMethodAccessorImpl.invoke(NativeMethodAccessorImpl.java:62)
	at sun.reflect.DelegatingMethodAccessorImpl.invoke(DelegatingMethodAccessorImpl.java:43)
	at java.lang.reflect.Method.invoke(Method.java:498)
	at org.junit.runners.model.FrameworkMethod$1.runReflectiveCall(FrameworkMethod.java:44)
	at org.junit.internal.runners.model.ReflectiveCallable.run(ReflectiveCallable.java:15)
	at org.junit.runners.model.FrameworkMethod.invokeExplosively(FrameworkMethod.java:41)
	at junitparams.internal.InvokeParameterisedMethod.evaluate(InvokeParameterisedMethod.java:102)
	at org.junit.internal.runners.statements.FailOnTimeout$1.run(FailOnTimeout.java:28)
Caused by: ptolemy.kernel.util.IllegalActionException: TypeTest actor has no training data.
  in .sizedarray3.TypeTest
	at ptolemy.actor.lib.TypeTest.initialize(TypeTest.java:250)
	at ptolemy.actor.Director.initialize(Director.java:938)
	at ptolemy.actor.Director.initialize(Director.java:907)
	at ptolemy.actor.sched.StaticSchedulingDirector.initialize(StaticSchedulingDirector.java:159)
	at ptolemy.domains.sdf.kernel.SDFDirector.initialize(SDFDirector.java:544)
	at ptolemy.actor.CompositeActor.initialize(CompositeActor.java:935)
	at ptolemy.actor.Manager.initialize(Manager.java:724)
	at ptolemy.actor.Manager.execute(Manager.java:356)
	at ptolemy.actor.Manager.run(Manager.java:1263)
	at ptolemy.actor.Manager$PtolemyRunThread.run(Manager.java:1915)
]]></system-err>
</testsuite>
