<?xml version="1.0" encoding="UTF-8" ?>
<testsuite errors="0" failures="0" hostname="travis-job-53ba9ec3-ed23-41aa-8b88-d56bb5e77e76" name="ptolemy.domains.de.test.junit.JUnitTclTest" skipped="0" tests="101" time="123.663" timestamp="2020-01-26T06:49:01">
  <properties>
    <property name="npm.executable" value="npm" />
    <property name="env.TRAVIS_ROOT" value="/" />
    <property name="ptII.mk.exists" value="true" />
    <property name="env.TRAVIS_APP_HOST" value="build.travis-ci.org" />
    <property name="env.rvm_bin_path" value="/home/travis/.rvm/bin" />
    <property name="java.home" value="/usr/local/lib/jvm/openjdk11" />
    <property name="env.TRAVIS_JOB_NUMBER" value="1482.9" />
    <property name="env.TRAVIS_HOME" value="/home/travis" />
    <property name="env.DISPLAY" value=":99.0" />
    <property name="env.TRAVIS_INIT" value="systemd" />
    <property name="env.SSH_TTY" value="/dev/pts/0" />
    <property name="java.net.preferIPv4Stack" value="true" />
    <property name="env.RUN_TESTS" value="true" />
    <property name="timeout.short" value="1000000" />
    <property name="junit.formatter" value="xml" />
    <property name="env.TRAVIS_SUDO" value="true" />
    <property name="env.TRAVIS_JOB_NAME" value="" />
    <property name="env.TRAVIS_STACK_NODE_ATTRIBUTES" value="/.node-attributes.yml" />
    <property name="env.LOGNAME" value="travis" />
    <property name="jsdoc.home" value="node_modules/@terraswarm/jsdoc" />
    <property name="debuglevel" value="source,lines,vars" />
    <property name="checkstyle.formatter" value="xml" />
    <property name="env._system_version" value="16.04" />
    <property name="bin.vergil.makeable" value="true" />
    <property name="sun.os.patch.level" value="unknown" />
    <property name="java.vendor.url" value="http://java.oracle.com/" />
    <property name="env.TRAVIS_BUILD_WEB_URL" value="https://travis-ci.org/icyphy/ptII/builds/641926036" />
    <property name="java.version" value="11.0.2" />
    <property name="env.TZ" value="UTC" />
    <property name="env.TRAVIS_PULL_REQUEST_SHA" value="" />
    <property name="env.PT_NO_NET" value="true" />
    <property name="env.TRAVIS_SECURE_ENV_VARS" value="true" />
    <property name="env._system_type" value="Linux" />
    <property name="java.vendor.url.bug" value="http://bugreport.java.com/bugreport/" />
    <property name="npmjs-org-is-up" value="true" />
    <property name="env.LANGUAGE" value="en_US.UTF-8" />
    <property name="env.SSH_CLIENT" value="10.16.3.13 33754 22" />
    <property name="env.GEM_HOME" value="/home/travis/.rvm/gems/ruby-2.5.3" />
    <property name="env.HAS_ANTARES_THREE_LITTLE_FRONZIES_BADGE" value="true" />
    <property name="java.version.date" value="2019-01-15" />
    <property name="env.PS4" value="+" />
    <property name="ant.project.invoked-targets" value="build,test.core2.xml" />
    <property name="env.TRAVIS_PULL_REQUEST_BRANCH" value="" />
    <property name="env.TRAVIS_REPO_SLUG" value="icyphy/ptII" />
    <property name="env.XDG_DATA_DIRS" value="/usr/local/share:/usr/share:/var/lib/snapd/desktop" />
    <property name="jdk.debug" value="release" />
    <property name="env.TRAVIS_APT_PROXY" value="http://build-cache.travisci.net" />
    <property name="env.TRAVIS_CPU_ARCH" value="amd64" />
    <property name="node.in.path" value="true" />
    <property name="user.name" value="travis" />
    <property name="java.maxmemory" value="1400m" />
    <property name="env.RUBY_VERSION" value="ruby-2.5.3" />
    <property name="env.LANG" value="en_US.UTF-8" />
    <property name="sun.io.unicode.encoding" value="UnicodeLittle" />
    <property name="sun.jnu.encoding" value="UTF-8" />
    <property name="java.runtime.name" value="OpenJDK Runtime Environment" />
    <property name="usefile" value="false" />
    <property name="return.code" value="0" />
    <property name="junit.single.formatter" value="plain" />
    <property name="env.DYLD_LIBRARY_PATH" value="/home/travis/pthla/certi-tools/lib:" />
    <property name="env.DEBIAN_FRONTEND" value="noninteractive" />
    <property name="env.SSH_CONNECTION" value="10.16.3.13 33754 10.20.0.6 22" />
    <property name="env.MYSQL_UNIX_PORT" value="/var/run/mysqld/mysqld.sock" />
    <property name="env.LC_ALL" value="en_US.UTF-8" />
    <property name="env.TRAVIS_ALLOW_FAILURE" value="false" />
    <property name="env.TRAVIS_JOB_WEB_URL" value="https://travis-ci.org/icyphy/ptII/jobs/641926045" />
    <property name="java.specification.name" value="Java Platform API Specification" />
    <property name="node.works" value="true" />
    <property name="user.timezone" value="" />
    <property name="path.separator" value=":" />
    <property name="env.TRAVIS_ENABLE_INFRA_DETECTION" value="true" />
    <property name="env.PYTHON_CFLAGS" value="-g -fstack-protector --param=ssp-buffer-size=4 -Wformat -Werror=format-security" />
    <property name="timeout.long" value="4000000" />
    <property name="env.CERTI_HOME" value="/home/travis/pthla/certi-tools" />
    <property name="ant.file.ptII" value="/home/travis/build/icyphy/ptII/build.xml" />
    <property name="javadoc.packagenames" value="com.*,diva.*,lbnl.*,org.hlacerti.*,org.json.*,org.ptolemy.*,org.terraswarm.*,ptolemy.*,ptserver.*" />
    <property name="file.encoding" value="UTF-8" />
    <property name="env.TRAVIS_PULL_REQUEST_SLUG" value="" />
    <property name="ant.project.default-target" value="build" />
    <property name="env.GIT_ASKPASS" value="echo" />
    <property name="env.HOME" value="/home/travis" />
    <property name="sun.java.command" value="org.apache.tools.ant.taskdefs.optional.junit.JUnitTestRunner ptolemy.domains.de.test.junit.JUnitTclTest skipNonTests=false filtertrace=true haltOnError=false haltOnFailure=false formatter=org.apache.tools.ant.taskdefs.optional.junit.OutErrSummaryJUnitResultFormatter showoutput=true outputtoformatters=true logfailedtests=true threadid=0 logtestlistenerevents=false formatter=org.apache.tools.ant.taskdefs.optional.junit.XMLJUnitResultFormatter,/home/travis/build/icyphy/ptII/reports/junit/TEST-ptolemy.domains.de.test.junit.JUnitTclTest.xml crashfile=/home/travis/build/icyphy/ptII/junitvmwatcher6540139366519617774.properties propsfile=/home/travis/build/icyphy/ptII/junit9068530677413896102.properties" />
    <property name="env.COMPOSER_NO_INTERACTION" value="1" />
    <property name="env.MANPATH" value="/home/travis/.nvm/versions/node/v7.10.1/share/man:/home/travis/.rvm/rubies/ruby-2.5.3/share/man:/usr/local/cmake-3.12.4/man:/usr/local/clang-7.0.0/share/man:/usr/local/man:/usr/local/share/man:/usr/share/man:/home/travis/.rvm/man" />
    <property name="env.TRAVIS_TIMER_ID" value="01cb09b2" />
    <property name="ant.file" value="/home/travis/build/icyphy/ptII/build.xml" />
    <property name="env.TRAVIS_COMMIT_RANGE" value="d08c347ec3b0d9308b248f0a24e87de0da79b8f7...8428d4d6455adbdc6035bd3eb323dc21304fa2f7" />
    <property name="env._system_name" value="Ubuntu" />
    <property name="ptII.classpath.optional.property" value="/home/travis/build/icyphy/ptII/lib/bsh-2.0b4.jar:/home/travis/build/icyphy/ptII/lib/ptCal.jar:/home/travis/build/icyphy/ptII/lib/java_cup.jar:/home/travis/build/icyphy/ptII/lib/saxon8.jar:/home/travis/build/icyphy/ptII/lib/saxon8-dom.jar:/home/travis/build/icyphy/ptII/lib/chic.jar:/home/travis/build/icyphy/ptII/lib/ptcolt.jar:/home/travis/build/icyphy/ptII/vendors/misc/itext/iText.jar:/home/travis/build/icyphy/ptII/lib/g4ltl.jar:/home/travis/build/icyphy/ptII/lib/StructuralCoder.jar:/home/travis/build/icyphy/ptII/lib/jcerti.jar:/home/travis/build/icyphy/ptII/lib/javax.mail.jar:/home/travis/build/icyphy/ptII/vendors/JMF-2.1.1e/lib/jmf.jar:/home/travis/build/icyphy/ptII/lib/jna-4.0.0-variadic.jar:/home/travis/build/icyphy/ptII/vendors/misc/joystick/Joystick.jar:/home/travis/build/icyphy/ptII/lib/ptjacl.jar:/home/travis/build/icyphy/ptII/lib/jsoup-1.8.2.jar:/home/travis/build/icyphy/ptII/lib/junit-4.8.2.jar:/home/travis/build/icyphy/ptII/lib/JUnitParams-0.4.0.jar:/home/travis/build/icyphy/ptII/ptolemy/actor/lib/excel/jxl.jar:/home/travis/build/icyphy/ptII/lib/jython.jar:/home/travis/build/icyphy/ptII/lib/kieler.jar:/home/travis/build/icyphy/ptII/vendors/opencv/share/OpenCV/java/opencv-341.jar:/home/travis/build/icyphy/ptII/lib/oscP5.jar:/home/travis/build/icyphy/ptII/lib/nrjavaserial-3.11.0.devel.jar:/home/travis/build/icyphy/ptII/vendors/j3d/lib/Linux/j3dcore.jar:/home/travis/build/icyphy/ptII/vendors/j3d/lib/Linux/j3dutils.jar:/home/travis/build/icyphy/ptII/vendors/j3d/lib/Linux/vecmath.jar:/home/travis/build/icyphy/ptII/vendors/jogl/lib/Linux/gluegen-rt-natives-linux-amd64.jar:/home/travis/build/icyphy/ptII/vendors/jogl/lib/Linux/gluegen-rt.jar:/home/travis/build/icyphy/ptII/vendors/jogl/lib/Linux/jogl-all-natives-linux-amd64.jar:/home/travis/build/icyphy/ptII/vendors/jogl/lib/Linux/jogl-all.jar:/home/travis/build/icyphy/ptII/ptolemy/distributed/jini/jar/jini-core.jar:/home/travis/build/icyphy/ptII/ptolemy/distributed/jini/jar/jini-ext.jar:/home/travis/build/icyphy/ptII/ptolemy/distributed/jini/jar/sun-util.jar:/home/travis/build/icyphy/ptII/lib/protobuf-java-2.4.1.jar:/home/travis/build/icyphy/ptII/lib/org.eclipse.paho.client.mqttv3.jar:/home/travis/build/icyphy/ptII/lib/mapss.jar:/home/travis/build/icyphy/ptII/ptolemy/actor/ptalon/antlr/antlr.jar:/home/travis/build/icyphy/ptII/lib/JRI.jar:/home/travis/build/icyphy/ptII/lib/commons-lang-2.6.jar:/home/travis/build/icyphy/ptII/lib/commons-logging-1.1.1.jar:/home/travis/build/icyphy/ptII/lib/sootclasses.jar:/home/travis/build/icyphy/ptII/ptolemy/actor/lib/database/mysql-connector-java-5.1.6-bin.jar:/home/travis/build/icyphy/ptII/vendors/misc/sphinx4/sphinx4-data-5prealpha.jar:/home/travis/build/icyphy/ptII/vendors/misc/sphinx4/sphinx4-core-5prealpha.jar:/home/travis/build/icyphy/ptII/lib/PDFRenderer.jar:/home/travis/build/icyphy/ptII/lib/svgSalamander.jar:/home/travis/build/icyphy/ptII/lib/rsyntaxtextarea-2.6.0-SNAPSHOT.jar:/home/travis/build/icyphy/ptII/lib/hazelcast-3.8.2.jar:/home/travis/build/icyphy/ptII/lib/jackson-annotations-2.9.0.jar:/home/travis/build/icyphy/ptII/lib/jackson-core-2.9.3.jar:/home/travis/build/icyphy/ptII/lib/jackson-databind-2.9.3.jar:/home/travis/build/icyphy/ptII/lib/netty-buffer-4.1.19.Final.jar:/home/travis/build/icyphy/ptII/lib/netty-codec-4.1.19.Final.jar:/home/travis/build/icyphy/ptII/lib/netty-codec-dns-4.1.19.Final.jar:/home/travis/build/icyphy/ptII/lib/netty-codec-http-4.1.19.Final.jar:/home/travis/build/icyphy/ptII/lib/netty-codec-http2-4.1.19.Final.jar:/home/travis/build/icyphy/ptII/lib/netty-common-4.1.19.Final.jar:/home/travis/build/icyphy/ptII/lib/netty-handler-4.1.19.Final.jar:/home/travis/build/icyphy/ptII/lib/netty-resolver-4.1.19.Final.jar:/home/travis/build/icyphy/ptII/lib/netty-resolver-dns-4.1.19.Final.jar:/home/travis/build/icyphy/ptII/lib/netty-transport-4.1.19.Final.jar:/home/travis/build/icyphy/ptII/lib/vertx-codegen-3.5.1.jar:/home/travis/build/icyphy/ptII/lib/vertx-core-3.5.2-SNAPSHOT.jar:/home/travis/build/icyphy/ptII/lib/vertx-hazelcast-3.5.1.jar:/home/travis/build/icyphy/ptII/lib/vertx-lang-js-3.5.1.jar:/home/travis/build/icyphy/ptII/lib/vertx-service-proxy-3.5.1.jar:/home/travis/build/icyphy/ptII/lib/vertx-web-3.5.1.jar:/home/travis/build/icyphy/ptII/lib/slf4j-api-1.7.13.jar:/home/travis/build/icyphy/ptII/lib/slf4j-simple-1.7.13.jar:/home/travis/build/icyphy/ptII/lib/webcam-capture-0.3.12.jar:/home/travis/build/icyphy/ptII/lib/bridj-0.7.0.jar:/home/travis/build/icyphy/ptII/lib/xbjlib-1.1.0.nrjavaserial.jar" />
    <property name="timeout" value="2400000" />
    <property name="test.batch" value="**/junit/*.java" />
    <property name="env._" value="/usr/bin/timeout" />
    <property name="java.io.tmpdir" value="/tmp" />
    <property name="user.language" value="en" />
    <property name="env.TRAVIS_INTERNAL_RUBY_REGEX" value="^ruby-(2\.[0-4]\.[0-9]|1\.9\.3)" />
    <property name="env.HISTCONTROL" value="ignoredups:ignorespace" />
    <property name="env.GOROOT" value="/home/travis/.gimme/versions/go1.11.1.linux.amd64" />
    <property name="line.separator" value="&#xa;" />
    <property name="target" value="11" />
    <property name="env.TRAVIS_BUILD_DIR" value="/home/travis/build/icyphy/ptII" />
    <property name="env.ANT_OPTS" value="-Xmx2048m" />
    <property name="ant.file.type" value="file" />
    <property name="ptolemy.ptII.batchMode" value="true" />
    <property name="env.HISTSIZE" value="1000" />
    <property name="env.MERB_ENV" value="test" />
    <property name="java.vm.info" value="mixed mode" />
    <property name="source" value="11" />
    <property name="java.vm.specification.name" value="Java Virtual Machine Specification" />
    <property name="env.TRAVIS_TEST_RESULT" value="0" />
    <property name="jsdoc.command" value="node_modules/@terraswarm/jsdoc/jsdoc.js" />
    <property name="npm.works" value="true" />
    <property name="cobertura.dir" value="/home/travis/build/icyphy/ptII/vendors/cobertura-2.0.3" />
    <property name="jsdoc.command.exists" value="true" />
    <property name="env.rvm_path" value="/home/travis/.rvm" />
    <property name="env.GEM_PATH" value="/home/travis/.rvm/gems/ruby-2.5.3:/home/travis/.rvm/gems/ruby-2.5.3@global" />
    <property name="env.LC_CTYPE" value="en_US.UTF-8" />
    <property name="env.TRAVIS_CMD" value="$PTII/bin/ptIITravisBuild.sh $SECONDS" />
    <property name="java.awt.printerjob" value="sun.print.PSPrinterJob" />
    <property name="env.TRAVIS_STACK_NAME" value="sardonyx" />
    <property name="env.TRAVIS_TIMER_START_TIME" value="1580021091030503255" />
    <property name="ant.version" value="Apache Ant(TM) version 1.10.1 compiled on February 2 2017" />
    <property name="ptII.reports" value="/home/travis/build/icyphy/ptII/reports" />
    <property name="env.TRAVIS_STACK_TIMESTAMP" value="2019-03-25 16:16:56 UTC" />
    <property name="ant.file.type.ptII" value="file" />
    <property name="env.RBENV_SHELL" value="bash" />
    <property name="os.name" value="Linux" />
    <property name="java.specification.vendor" value="Oracle Corporation" />
    <property name="env.rvm_version" value="1.29.7 (latest)" />
    <property name="env.TRAVIS_INFRA" value="unknown" />
    <property name="env.TERM" value="xterm" />
    <property name="java.vm.name" value="OpenJDK 64-Bit Server VM" />
    <property name="env.TRAVIS_BUILD_NUMBER" value="1482" />
    <property name="env.CI" value="true" />
    <property name="java.library.path" value="/home/travis/pthla/certi-tools/lib:/usr/lib/jni:/usr/local/share/OpenCV/java/:/usr/share/OpenCV/java::/usr/java/packages/lib:/usr/lib64:/lib64:/lib:/usr/lib" />
    <property name="jdk.module.path" value="/home/travis/build/icyphy/ptII/vendors/javafx/javafx-sdk-11.0.2/lib:" />
    <property name="env.rvm_prefix" value="/home/travis" />
    <property name="env.PATH" value="/home/travis/pthla/certi-tools/share/scripts:/home/travis/.rvm/gems/ruby-2.5.3/bin:/home/travis/.rvm/gems/ruby-2.5.3@global/bin:/home/travis/.rvm/rubies/ruby-2.5.3/bin:/home/travis/.rvm/bin:/home/travis/.nvm/versions/node/v7.10.1/bin:./node_modules/.bin:/home/travis/build/icyphy/ptII/bin:/home/travis/pthla/certi-tools/bin:/home/travis/bin:/home/travis/.local/bin:/usr/local/lib/jvm/openjdk11/bin:/opt/pyenv/shims:/home/travis/.phpenv/shims:/home/travis/perl5/perlbrew/bin:/home/travis/gopath/bin:/home/travis/.gimme/versions/go1.11.1.linux.amd64/bin:/usr/local/maven-3.6.0/bin:/usr/local/cmake-3.12.4/bin:/usr/local/clang-7.0.0/bin:/usr/local/sbin:/usr/local/bin:/usr/sbin:/usr/bin:/sbin:/bin:/snap/bin:/home/travis/.phpenv/bin:/opt/pyenv/bin:/home/travis/.yarn/bin" />
    <property name="env.TRAVIS_OS_NAME" value="linux" />
    <property name="ant.java.version" value="9" />
    <property name="basedir" value="/home/travis/build/icyphy/ptII" />
    <property name="java.class.version" value="55.0" />
    <property name="env.SHLVL" value="3" />
    <property name="env.LD_LIBRARY_PATH" value="/home/travis/pthla/certi-tools/lib:/usr/lib/jni:/usr/local/share/OpenCV/java/:/usr/share/OpenCV/java:" />
    <property name="env.RACK_ENV" value="test" />
    <property name="ant.home" value="/home/travis/build/icyphy/ptII/ant" />
    <property name="env.NVM_DIR" value="/home/travis/.nvm" />
    <property name="env.CERTI_FOM_PATH" value="/home/travis/pthla/certi-tools/share/federations" />
    <property name="env.TRAVIS_BUILD_ID" value="641926036" />
    <property name="env.PYENV_ROOT" value="/opt/pyenv" />
    <property name="env.TRAVIS_UID" value="2000" />
    <property name="prism.verbose" value="true" />
    <property name="env.NVM_BIN" value="/home/travis/.nvm/versions/node/v7.10.1/bin" />
    <property name="env.TRAVIS_COMMIT" value="8428d4d6455adbdc6035bd3eb323dc21304fa2f7" />
    <property name="env._system_arch" value="x86_64" />
    <property name="node.executable" value="node" />
    <property name="sun.boot.library.path" value="/usr/local/lib/jvm/openjdk11/lib" />
    <property name="sun.management.compiler" value="HotSpot 64-Bit Tiered Compilers" />
    <property name="java.awt.graphicsenv" value="sun.awt.X11GraphicsEnvironment" />
    <property name="env.GOPATH" value="/home/travis/gopath" />
    <property name="ptolemy.ptII.dir" value="/home/travis/build/icyphy/ptII" />
    <property name="env.USER" value="travis" />
    <property name="env.HISTFILESIZE" value="2000" />
    <property name="timeout.longest" value="19000000" />
    <property name="env.PERLBREW_SHELLRC_VERSION" value="0.86" />
    <property name="env.TRAVIS_STACK_FEATURES" value="basic couchdb disabled-ipv6 docker docker-compose elasticsearch firefox go-toolchain google-chrome jdk memcached mongodb mysql nodejs_interpreter perl_interpreter perlbrew phantomjs postgresql python_interpreter redis ruby_interpreter sqlite xserver" />
    <property name="env.TRAVIS_PULL_REQUEST" value="false" />
    <property name="env.PYENV_SHELL" value="bash" />
    <property name="ant.project.name" value="ptII" />
    <property name="env.ANSI_RESET" value="\033[0m" />
    <property name="java.vm.specification.version" value="11" />
    <property name="env.TRAVIS_DIST" value="xenial" />
    <property name="env.CERTI_VERSION" value="4.0.0" />
    <property name="env.CERTI_HOST" value="localhost" />
    <property name="awt.toolkit" value="sun.awt.X11.XToolkit" />
    <property name="env.MY_RUBY_HOME" value="/home/travis/.rvm/rubies/ruby-2.5.3" />
    <property name="sun.cpu.isalist" value="" />
    <property name="env.TRAVIS_TMPDIR" value="/tmp/tmp.WxYNlwqSyw" />
    <property name="java.vm.compressedOopsMode" value="Zero based" />
    <property name="os.version" value="4.15.0-1028-gcp" />
    <property name="user.home" value="/home/travis" />
    <property name="java.vm.vendor" value="Oracle Corporation" />
    <property name="env.TRAVIS_TAG" value="nightly" />
    <property name="env.ANSI_YELLOW" value="\033[33;1m" />
    <property name="env.TRAVIS_FILTERED" value="redirect_io" />
    <property name="env.ANSI_GREEN" value="\033[32;1m" />
    <property name="env.JAVA_HOME" value="/usr/local/lib/jvm/openjdk11" />
    <property name="javadoc.excludepackagenames" value="adm.cvs2svn.*,build.*,config.*,doc.coding.templates.*,jni.test.jni.meaningOfLife.*,jni.test.jni.testDeux.*,jni.test.jni.testTrois.*,org.terraswarm.accessor.accessors.web.node_modules.*,org.terraswarm.accessor.accessors.web.hosts.cordova.demo.*,org.terraswarm.accessor.accessors.web.hosts.cordova.plugins.*,org.terraswarm.accessor.accessors-svn.*,pt-modules.*,ptolemy.apps.agilent.*,ptolemy.apps.anytimecontrol.*,ptolemy.apps.apes.*,ptolemy.apps.charon.*,ptolemy.apps.crazyboard.*,ptolemy.apps.eclipse.*,ptolemy.apps.etherealSting.*,ptolemy.apps.fullscreen.*,ptolemy.apps.giotto.*,ptolemy.apps.ia.*,ptolemy.apps.interfaces.*,ptolemy.apps.jmf.*,ptolemy.apps.kurt.*,ptolemy.apps.kvm.*,ptolemy.apps.lego.*,ptolemy.apps.lejos.*,ptolemy.apps.midp.*,ptolemy.apps.mobileCoding.*,ptolemy.apps.pendulum.*,ptolemy.apps.rijndael.*,ptolemy.apps.robot.*,ptolemy.apps.security.*,ptolemy.apps.sobel.*,ptolemy.apps.soot.*,ptolemy.apps.throttle.*,ptolemy.apps.tini.*,ptolemy.apps.transmission.*,ptolemy.apps.vergil.*,ptolemy.apps.waba.*,ptolemy.apps.websensor.*,ptolemy.apps.webstart.*,ptolemy.apps.xsl.*,ptolemy.apps.zaurus.*,ptolemy.codegen.c.actor.lib.oldJavaFiles.*,ptolemy.codegen.dsp.lib.*,ptolemy.codegen.kernel.newInterfaces.*,ptolemy.codegen.lib.*,ptolemy.copernicus.kernel.fragment.*,ptolemy.copernicus.shallow.cg.*,ptolemy.domains.giotto.demo.Hierarchy.Hierarchy.*,ptolemy.domains.giotto.demo.Multimode.Multimode.*,ptolemy.domains.giotto.demo.Simple.Simple.*,ptolemy.domains.gr.lib.experimental.*,ptolemy.domains.gro.*,ptolemy.domains.pdf.*,ptolemy.domains.ptinyos.demo.Surge.output.*,ptolemy.moml.test.NoPackageActor.java*,ptolemy.plot.adm.*,ptolemy.plot.servlet.*,reports.*,signed.*,src.*,target.*,vendors.*,ptolemy.copernicus.applet.*,ptolemy.media.viewer.*,ptolemy.actor.corba.*,doc.doclets.*,ptolemy.apps.eclipse.awt.*,ptolemy.backtrack.*,ptolemy.backtrack.ast.*,ptolemy.cg.adapter.generic.program.procedural.c.mbed*,ptolemy.homer.*,ptolemy.actor.lib.jai.*,org.ptolemy.scala.*,diva.util.java2d.svg.*,ptolemy.domains.ptinyos.*,ptolemy.actor.lib.fmi.fmipp.*,,org.terraswarm.accessor.accessors.web.node_modules.*,org.terraswarm.accessor.accessors-svn,ptolemy.apps.*,ptolemy.actor.ptalon.demo.ptinyos.SendAndReceiveCnt.output,ptolemy.actor.ptalon.demo.ptinyos.SenseToLeds.output,ptolemy.domains.ptinyos.demo.CntToLedsAndRfm.output,ptolemy.domains.ptinyos.demo.RfmToLeds.output,ptolemy.domains.ptinyos.demo.SendAndReceiveCnt.output,ptolemy.domains.ptinyos.demo.SenseToLeds.output,ptolemy.actor.lib.jjs.modules.udpSocket.*" />
    <property name="env.PTII" value="/home/travis/build/icyphy/ptII" />
    <property name="env.XDG_SESSION_ID" value="2" />
    <property name="keystore" value="ptKeystore" />
    <property name="env.TRAVIS_COMMIT_MESSAGE" value="Checking for a rtia running only once in HlaManager.java." />
    <property name="junit.output.dir" value="/home/travis/build/icyphy/ptII/reports/junit" />
    <property name="npm.return.code" value="0" />
    <property name="user.dir" value="/home/travis/build/icyphy/ptII/ptolemy/domains/de/test" />
    <property name="env.TRAVIS_NODE_VERSION" value="7" />
    <property name="env.TRAVIS_EVENT_TYPE" value="cron" />
    <property name="env.MAIL" value="/var/mail/travis" />
    <property name="env.PERLBREW_ROOT" value="/home/travis/perl5/perlbrew" />
    <property name="env.PWD" value="/home/travis/build/icyphy/ptII" />
    <property name="timeout.npm" value="45000" />
    <property name="env.PT_TRAVIS_TEST_CORE2_XML" value="true" />
    <property name="env.TRAVIS_ARCH" value="amd64" />
    <property name="sun.cpu.endian" value="little" />
    <property name="env.PAGER" value="cat" />
    <property name="env.TRAVIS_BUILD_STAGE_NAME" value="Test" />
    <property name="env.PERLBREW_HOME" value="/home/travis/.perlbrew" />
    <property name="java.vm.version" value="11.0.2+9" />
    <property name="env.RAILS_ENV" value="test" />
    <property name="java.class.path" value="/home/travis/build/icyphy/ptII:/home/travis/build/icyphy/ptII/lib/bsh-2.0b4.jar:/home/travis/build/icyphy/ptII/lib/ptCal.jar:/home/travis/build/icyphy/ptII/lib/java_cup.jar:/home/travis/build/icyphy/ptII/lib/saxon8.jar:/home/travis/build/icyphy/ptII/lib/saxon8-dom.jar:/home/travis/build/icyphy/ptII/lib/chic.jar:/home/travis/build/icyphy/ptII/lib/ptcolt.jar:/home/travis/build/icyphy/ptII/vendors/misc/itext/iText.jar:/home/travis/build/icyphy/ptII/lib/g4ltl.jar:/home/travis/build/icyphy/ptII/lib/StructuralCoder.jar:/home/travis/build/icyphy/ptII/lib/jcerti.jar:/home/travis/build/icyphy/ptII/lib/javax.mail.jar:/home/travis/build/icyphy/ptII/vendors/JMF-2.1.1e/lib/jmf.jar:/home/travis/build/icyphy/ptII/lib/jna-4.0.0-variadic.jar:/home/travis/build/icyphy/ptII/vendors/misc/joystick/Joystick.jar:/home/travis/build/icyphy/ptII/lib/ptjacl.jar:/home/travis/build/icyphy/ptII/lib/jsoup-1.8.2.jar:/home/travis/build/icyphy/ptII/lib/junit-4.8.2.jar:/home/travis/build/icyphy/ptII/lib/JUnitParams-0.4.0.jar:/home/travis/build/icyphy/ptII/ptolemy/actor/lib/excel/jxl.jar:/home/travis/build/icyphy/ptII/lib/jython.jar:/home/travis/build/icyphy/ptII/lib/kieler.jar:/home/travis/build/icyphy/ptII/vendors/opencv/share/OpenCV/java/opencv-341.jar:/home/travis/build/icyphy/ptII/lib/oscP5.jar:/home/travis/build/icyphy/ptII/lib/nrjavaserial-3.11.0.devel.jar:/home/travis/build/icyphy/ptII/vendors/j3d/lib/Linux/j3dcore.jar:/home/travis/build/icyphy/ptII/vendors/j3d/lib/Linux/j3dutils.jar:/home/travis/build/icyphy/ptII/vendors/j3d/lib/Linux/vecmath.jar:/home/travis/build/icyphy/ptII/vendors/jogl/lib/Linux/gluegen-rt-natives-linux-amd64.jar:/home/travis/build/icyphy/ptII/vendors/jogl/lib/Linux/gluegen-rt.jar:/home/travis/build/icyphy/ptII/vendors/jogl/lib/Linux/jogl-all-natives-linux-amd64.jar:/home/travis/build/icyphy/ptII/vendors/jogl/lib/Linux/jogl-all.jar:/home/travis/build/icyphy/ptII/ptolemy/distributed/jini/jar/jini-core.jar:/home/travis/build/icyphy/ptII/ptolemy/distributed/jini/jar/jini-ext.jar:/home/travis/build/icyphy/ptII/ptolemy/distributed/jini/jar/sun-util.jar:/home/travis/build/icyphy/ptII/lib/protobuf-java-2.4.1.jar:/home/travis/build/icyphy/ptII/lib/org.eclipse.paho.client.mqttv3.jar:/home/travis/build/icyphy/ptII/lib/mapss.jar:/home/travis/build/icyphy/ptII/ptolemy/actor/ptalon/antlr/antlr.jar:/home/travis/build/icyphy/ptII/lib/JRI.jar:/home/travis/build/icyphy/ptII/lib/commons-lang-2.6.jar:/home/travis/build/icyphy/ptII/lib/commons-logging-1.1.1.jar:/home/travis/build/icyphy/ptII/lib/sootclasses.jar:/home/travis/build/icyphy/ptII/ptolemy/actor/lib/database/mysql-connector-java-5.1.6-bin.jar:/home/travis/build/icyphy/ptII/vendors/misc/sphinx4/sphinx4-data-5prealpha.jar:/home/travis/build/icyphy/ptII/vendors/misc/sphinx4/sphinx4-core-5prealpha.jar:/home/travis/build/icyphy/ptII/lib/PDFRenderer.jar:/home/travis/build/icyphy/ptII/lib/svgSalamander.jar:/home/travis/build/icyphy/ptII/lib/rsyntaxtextarea-2.6.0-SNAPSHOT.jar:/home/travis/build/icyphy/ptII/lib/hazelcast-3.8.2.jar:/home/travis/build/icyphy/ptII/lib/jackson-annotations-2.9.0.jar:/home/travis/build/icyphy/ptII/lib/jackson-core-2.9.3.jar:/home/travis/build/icyphy/ptII/lib/jackson-databind-2.9.3.jar:/home/travis/build/icyphy/ptII/lib/netty-buffer-4.1.19.Final.jar:/home/travis/build/icyphy/ptII/lib/netty-codec-4.1.19.Final.jar:/home/travis/build/icyphy/ptII/lib/netty-codec-dns-4.1.19.Final.jar:/home/travis/build/icyphy/ptII/lib/netty-codec-http-4.1.19.Final.jar:/home/travis/build/icyphy/ptII/lib/netty-codec-http2-4.1.19.Final.jar:/home/travis/build/icyphy/ptII/lib/netty-common-4.1.19.Final.jar:/home/travis/build/icyphy/ptII/lib/netty-handler-4.1.19.Final.jar:/home/travis/build/icyphy/ptII/lib/netty-resolver-4.1.19.Final.jar:/home/travis/build/icyphy/ptII/lib/netty-resolver-dns-4.1.19.Final.jar:/home/travis/build/icyphy/ptII/lib/netty-transport-4.1.19.Final.jar:/home/travis/build/icyphy/ptII/lib/vertx-codegen-3.5.1.jar:/home/travis/build/icyphy/ptII/lib/vertx-core-3.5.2-SNAPSHOT.jar:/home/travis/build/icyphy/ptII/lib/vertx-hazelcast-3.5.1.jar:/home/travis/build/icyphy/ptII/lib/vertx-lang-js-3.5.1.jar:/home/travis/build/icyphy/ptII/lib/vertx-service-proxy-3.5.1.jar:/home/travis/build/icyphy/ptII/lib/vertx-web-3.5.1.jar:/home/travis/build/icyphy/ptII/lib/slf4j-api-1.7.13.jar:/home/travis/build/icyphy/ptII/lib/slf4j-simple-1.7.13.jar:/home/travis/build/icyphy/ptII/lib/webcam-capture-0.3.12.jar:/home/travis/build/icyphy/ptII/lib/bridj-0.7.0.jar:/home/travis/build/icyphy/ptII/lib/xbjlib-1.1.0.nrjavaserial.jar:/home/travis/build/icyphy/ptII/ptolemy/moml/test:/home/travis/build/icyphy/ptII/ant/lib/ant-launcher.jar:/home/travis/build/icyphy/ptII/ant/lib/ant.jar:/home/travis/build/icyphy/ptII/ant/lib/ant-junit.jar:/home/travis/build/icyphy/ptII/ant/lib/ant-junit4.jar" />
    <property name="ant.library.dir" value="/home/travis/build/icyphy/ptII/ant/lib" />
    <property name="os.arch" value="amd64" />
    <property name="env.CONTINUOUS_INTEGRATION" value="true" />
    <property name="env.TRAVIS_LANGUAGE" value="node_js" />
    <property name="env.TRAVIS_STACK_LANGUAGES" value="__sardonyx__ c c++ clojure cplusplus cpp default generic go groovy java node_js php pure_java python ruby scala" />
    <property name="test.name" value="ptolemy.actor.lib.test.junit.JUnitTclTest" />
    <property name="env.APT_KEY_DONT_WARN_ON_DANGEROUS_USAGE" value="1" />
    <property name="sun.java.launcher" value="SUN_STANDARD" />
    <property name="env.PYTHON_CONFIGURE_OPTS" value="--enable-unicode=ucs4 --with-wide-unicode --enable-shared --enable-ipv6 --enable-loadable-sqlite-extensions --with-computed-gotos" />
    <property name="ant.core.lib" value="/home/travis/build/icyphy/ptII/ant/lib/ant.jar" />
    <property name="java.vm.specification.vendor" value="Oracle Corporation" />
    <property name="env.BCVTB_HOME" value="/home/travis/build/icyphy/ptII/lbnl" />
    <property name="file.separator" value="/" />
    <property name="spotbugs.home" value="/home/travis/build/icyphy/ptII/vendors/spotbugs-3.1.1" />
    <property name="java.runtime.version" value="11.0.2+9" />
    <property name="env.ANSI_CLEAR" value="\033[0K" />
    <property name="javafx.verbose" value="true" />
    <property name="env.HAS_JOSH_K_SEAL_OF_APPROVAL" value="true" />
    <property name="env.XDG_RUNTIME_DIR" value="/run/user/2000" />
    <property name="env.TRAVIS_OSX_IMAGE" value="" />
    <property name="env.TRAVIS_JOB_ID" value="641926045" />
    <property name="env.TRAVIS_BRANCH" value="master" />
    <property name="user.country" value="US" />
    <property name="env.CERTI_HOME_TRAVIS" value="/home/travis/pthla/certi-tools" />
    <property name="env.SHELL" value="/bin/bash" />
    <property name="java.maxmemory.large" value="3200m" />
    <property name="model" value="" />
    <property name="env.CASHER_DIR" value="/home/travis/.casher" />
    <property name="env.NVM_CD_FLAGS" value="" />
    <property name="java.vendor.version" value="18.9" />
    <property name="jshint.executable" value="/home/travis/node_modules/jshint/bin/jshint" />
    <property name="env.JRUBY_OPTS" value=" --client -J-XX:+TieredCompilation -J-XX:TieredStopAtLevel=1 -J-Xss2m -Xcompile.invokedynamic=false" />
    <property name="java.vendor" value="Oracle Corporation" />
    <property name="env.TRAVIS_PRE_CHEF_BOOTSTRAP_TIME" value="2019-03-25T16:16:42" />
    <property name="env.TRAVIS_STACK_JOB_BOARD_REGISTER" value="/.job-board-register.yml" />
    <property name="env.ANSI_RED" value="\033[31;1m" />
    <property name="java.specification.version" value="11" />
    <property name="env.IRBRC" value="/home/travis/.rvm/rubies/ruby-2.5.3/.irbrc" />
    <property name="env.TRAVIS" value="true" />
    <property name="sun.arch.data.model" value="64" />
  </properties>
  <testcase classname="ptolemy.util.test.junit.TclTests" name="[0] /home/travis/build/icyphy/ptII/ptolemy/domains/de/test/DependencyLoop.tcl (RunTclFile)" time="0.987" />
  <testcase classname="ptolemy.util.test.junit.TclTests" name="[1] /home/travis/build/icyphy/ptII/ptolemy/domains/de/test/RunDETestsAsQSS.tcl (RunTclFile)" time="83.748" />
  <testcase classname="ptolemy.util.test.junit.AutoKnownFailedTests" name="[0] /home/travis/build/icyphy/ptII/ptolemy/domains/de/test/auto/knownFailedTests/DESDFClockTest.xml (RunModel)" time="2.043" />
  <testcase classname="ptolemy.util.test.junit.AutoKnownFailedTests" name="[1] /home/travis/build/icyphy/ptII/ptolemy/domains/de/test/auto/knownFailedTests/DirectFeedback.xml (RunModel)" time="0.014" />
  <testcase classname="ptolemy.util.test.junit.AutoKnownFailedTests" name="[2] /home/travis/build/icyphy/ptII/ptolemy/domains/de/test/auto/knownFailedTests/FSMSource.xml (RunModel)" time="0.022" />
  <testcase classname="ptolemy.util.test.junit.AutoKnownFailedTests" name="[3] /home/travis/build/icyphy/ptII/ptolemy/domains/de/test/auto/knownFailedTests/HierarchicalModel.xml (RunModel)" time="0.041" />
  <testcase classname="ptolemy.util.test.junit.AutoKnownFailedTests" name="[4] /home/travis/build/icyphy/ptII/ptolemy/domains/de/test/auto/knownFailedTests/dependencyLoop.xml (RunModel)" time="0.032" />
  <testcase classname="ptolemy.util.test.junit.AutoKnownFailedTests" name="[5] /home/travis/build/icyphy/ptII/ptolemy/domains/de/test/auto/knownFailedTests/dependencyLoop2.xml (RunModel)" time="0.045" />
  <testcase classname="ptolemy.util.test.junit.AutoNameArchTests" name="[0] ThereAreNoAutoArchTests (RunModel)" time="0.001" />
  <testcase classname="ptolemy.util.test.junit.AutoTests" name="[0] /home/travis/build/icyphy/ptII/ptolemy/domains/de/test/auto/ActorDepthCalculation_actorWithoutPorts.xml (RunModel)" time="0.023" />
  <testcase classname="ptolemy.util.test.junit.AutoTests" name="[1] /home/travis/build/icyphy/ptII/ptolemy/domains/de/test/auto/AssemblyLine.xml (RunModel)" time="0.02" />
  <testcase classname="ptolemy.util.test.junit.AutoTests" name="[2] /home/travis/build/icyphy/ptII/ptolemy/domains/de/test/auto/CQBug1.xml (RunModel)" time="0.009" />
  <testcase classname="ptolemy.util.test.junit.AutoTests" name="[3] /home/travis/build/icyphy/ptII/ptolemy/domains/de/test/auto/CancelFireAt.xml (RunModel)" time="0.01" />
  <testcase classname="ptolemy.util.test.junit.AutoTests" name="[4] /home/travis/build/icyphy/ptII/ptolemy/domains/de/test/auto/CausalityAndComposabilityAnalysis.xml (RunModel)" time="0.01" />
  <testcase classname="ptolemy.util.test.junit.AutoTests" name="[5] /home/travis/build/icyphy/ptII/ptolemy/domains/de/test/auto/CausalityInterface1.xml (RunModel)" time="0.015" />
  <testcase classname="ptolemy.util.test.junit.AutoTests" name="[6] /home/travis/build/icyphy/ptII/ptolemy/domains/de/test/auto/CausalityInterface15.xml (RunModel)" time="0.015" />
  <testcase classname="ptolemy.util.test.junit.AutoTests" name="[7] /home/travis/build/icyphy/ptII/ptolemy/domains/de/test/auto/CausalityInterface2.xml (RunModel)" time="0.013" />
  <testcase classname="ptolemy.util.test.junit.AutoTests" name="[8] /home/travis/build/icyphy/ptII/ptolemy/domains/de/test/auto/CausalityInterface3.xml (RunModel)" time="0.017" />
  <testcase classname="ptolemy.util.test.junit.AutoTests" name="[9] /home/travis/build/icyphy/ptII/ptolemy/domains/de/test/auto/ClockDrift.xml (RunModel)" time="0.033" />
  <testcase classname="ptolemy.util.test.junit.AutoTests" name="[10] /home/travis/build/icyphy/ptII/ptolemy/domains/de/test/auto/ClockDriftAndValueChange.xml (RunModel)" time="0.027" />
  <testcase classname="ptolemy.util.test.junit.AutoTests" name="[11] /home/travis/build/icyphy/ptII/ptolemy/domains/de/test/auto/ClockDriftChange.xml (RunModel)" time="0.032" />
  <testcase classname="ptolemy.util.test.junit.AutoTests" name="[12] /home/travis/build/icyphy/ptII/ptolemy/domains/de/test/auto/ComposableCausalityAnalysis.xml (RunModel)" time="0.018" />
  <testcase classname="ptolemy.util.test.junit.AutoTests" name="[13] /home/travis/build/icyphy/ptII/ptolemy/domains/de/test/auto/DEFixedPointLimitation.xml (RunModel)" time="0.009" />
  <testcase classname="ptolemy.util.test.junit.AutoTests" name="[14] /home/travis/build/icyphy/ptII/ptolemy/domains/de/test/auto/DEScheduleTest.xml (RunModel)" time="0.016" />
  <testcase classname="ptolemy.util.test.junit.AutoTests" name="[15] /home/travis/build/icyphy/ptII/ptolemy/domains/de/test/auto/DEinDEwithStartTimes.xml (RunModel)" time="0.015" />
  <testcase classname="ptolemy.util.test.junit.AutoTests" name="[16] /home/travis/build/icyphy/ptII/ptolemy/domains/de/test/auto/DEinDEwithStartTimes2.xml (RunModel)" time="0.017" />
  <testcase classname="ptolemy.util.test.junit.AutoTests" name="[17] /home/travis/build/icyphy/ptII/ptolemy/domains/de/test/auto/DateDemo.xml (RunModel)" time="0.031" />
  <testcase classname="ptolemy.util.test.junit.AutoTests" name="[18] /home/travis/build/icyphy/ptII/ptolemy/domains/de/test/auto/DateToEvent.xml (RunModel)" time="2.046" />
  <testcase classname="ptolemy.util.test.junit.AutoTests" name="[19] /home/travis/build/icyphy/ptII/ptolemy/domains/de/test/auto/DepthTest1.xml (RunModel)" time="0.012" />
  <testcase classname="ptolemy.util.test.junit.AutoTests" name="[20] /home/travis/build/icyphy/ptII/ptolemy/domains/de/test/auto/DepthTest2.xml (RunModel)" time="0.02" />
  <testcase classname="ptolemy.util.test.junit.AutoTests" name="[21] /home/travis/build/icyphy/ptII/ptolemy/domains/de/test/auto/DepthTest3.xml (RunModel)" time="0.016" />
  <testcase classname="ptolemy.util.test.junit.AutoTests" name="[22] /home/travis/build/icyphy/ptII/ptolemy/domains/de/test/auto/DepthTest4.xml (RunModel)" time="0.017" />
  <testcase classname="ptolemy.util.test.junit.AutoTests" name="[23] /home/travis/build/icyphy/ptII/ptolemy/domains/de/test/auto/DepthTest5.xml (RunModel)" time="0.017" />
  <testcase classname="ptolemy.util.test.junit.AutoTests" name="[24] /home/travis/build/icyphy/ptII/ptolemy/domains/de/test/auto/DepthTest6.xml (RunModel)" time="0.013" />
  <testcase classname="ptolemy.util.test.junit.AutoTests" name="[25] /home/travis/build/icyphy/ptII/ptolemy/domains/de/test/auto/DepthTest7.xml (RunModel)" time="0.012" />
  <testcase classname="ptolemy.util.test.junit.AutoTests" name="[26] /home/travis/build/icyphy/ptII/ptolemy/domains/de/test/auto/EventToDate.xml (RunModel)" time="3.055" />
  <testcase classname="ptolemy.util.test.junit.AutoTests" name="[27] /home/travis/build/icyphy/ptII/ptolemy/domains/de/test/auto/FSM1.xml (RunModel)" time="0.05" />
  <testcase classname="ptolemy.util.test.junit.AutoTests" name="[28] /home/travis/build/icyphy/ptII/ptolemy/domains/de/test/auto/FSM7.xml (RunModel)" time="0.04" />
  <testcase classname="ptolemy.util.test.junit.AutoTests" name="[29] /home/travis/build/icyphy/ptII/ptolemy/domains/de/test/auto/Inspection.xml (RunModel)" time="0.048" />
  <testcase classname="ptolemy.util.test.junit.AutoTests" name="[30] /home/travis/build/icyphy/ptII/ptolemy/domains/de/test/auto/Iteration.xml (RunModel)" time="0.017" />
  <testcase classname="ptolemy.util.test.junit.AutoTests" name="[31] /home/travis/build/icyphy/ptII/ptolemy/domains/de/test/auto/LineFault.xml (RunModel)" time="0.612" />
  <testcase classname="ptolemy.util.test.junit.AutoTests" name="[32] /home/travis/build/icyphy/ptII/ptolemy/domains/de/test/auto/MergeModel1Add.xml (RunModel)" time="0.049" />
  <testcase classname="ptolemy.util.test.junit.AutoTests" name="[33] /home/travis/build/icyphy/ptII/ptolemy/domains/de/test/auto/MergeModel2Add.xml (RunModel)" time="0.042" />
  <testcase classname="ptolemy.util.test.junit.AutoTests" name="[34] /home/travis/build/icyphy/ptII/ptolemy/domains/de/test/auto/MergeModel3Add.xml (RunModel)" time="0.05" />
  <testcase classname="ptolemy.util.test.junit.AutoTests" name="[35] /home/travis/build/icyphy/ptII/ptolemy/domains/de/test/auto/MergeWithoutDiscard.xml (RunModel)" time="0.013" />
  <testcase classname="ptolemy.util.test.junit.AutoTests" name="[36] /home/travis/build/icyphy/ptII/ptolemy/domains/de/test/auto/Modal1.xml (RunModel)" time="0.035" />
  <testcase classname="ptolemy.util.test.junit.AutoTests" name="[37] /home/travis/build/icyphy/ptII/ptolemy/domains/de/test/auto/Modal2.xml (RunModel)" time="0.031" />
  <testcase classname="ptolemy.util.test.junit.AutoTests" name="[38] /home/travis/build/icyphy/ptII/ptolemy/domains/de/test/auto/Modal3.xml (RunModel)" time="0.036" />
  <testcase classname="ptolemy.util.test.junit.AutoTests" name="[39] /home/travis/build/icyphy/ptII/ptolemy/domains/de/test/auto/Modal4.xml (RunModel)" time="0.032" />
  <testcase classname="ptolemy.util.test.junit.AutoTests" name="[40] /home/travis/build/icyphy/ptII/ptolemy/domains/de/test/auto/Modal5.xml (RunModel)" time="0.033" />
  <testcase classname="ptolemy.util.test.junit.AutoTests" name="[41] /home/travis/build/icyphy/ptII/ptolemy/domains/de/test/auto/Modal6.xml (RunModel)" time="0.026" />
  <testcase classname="ptolemy.util.test.junit.AutoTests" name="[42] /home/travis/build/icyphy/ptII/ptolemy/domains/de/test/auto/Modal7.xml (RunModel)" time="0.033" />
  <testcase classname="ptolemy.util.test.junit.AutoTests" name="[43] /home/travis/build/icyphy/ptII/ptolemy/domains/de/test/auto/ModalModel.xml (RunModel)" time="0.186" />
  <testcase classname="ptolemy.util.test.junit.AutoTests" name="[44] /home/travis/build/icyphy/ptII/ptolemy/domains/de/test/auto/ModalSource.xml (RunModel)" time="0.02" />
  <testcase classname="ptolemy.util.test.junit.AutoTests" name="[45] /home/travis/build/icyphy/ptII/ptolemy/domains/de/test/auto/NonInterruptibleTimerZeroDelay.xml (RunModel)" time="0.014" />
  <testcase classname="ptolemy.util.test.junit.AutoTests" name="[46] /home/travis/build/icyphy/ptII/ptolemy/domains/de/test/auto/OpenQueueingNetwork.xml (RunModel)" time="2.38" />
  <testcase classname="ptolemy.util.test.junit.AutoTests" name="[47] /home/travis/build/icyphy/ptII/ptolemy/domains/de/test/auto/OpenQueuingNetwork.xml (RunModel)" time="0.259" />
  <testcase classname="ptolemy.util.test.junit.AutoTests" name="[48] /home/travis/build/icyphy/ptII/ptolemy/domains/de/test/auto/PeriodicSampler.xml (RunModel)" time="0.014" />
  <testcase classname="ptolemy.util.test.junit.AutoTests" name="[49] /home/travis/build/icyphy/ptII/ptolemy/domains/de/test/auto/PersistentIO.xml (RunModel)" time="0.017" />
  <testcase classname="ptolemy.util.test.junit.AutoTests" name="[50] /home/travis/build/icyphy/ptII/ptolemy/domains/de/test/auto/PortParameterResetOnInitialize.xml (RunModel)" time="0.01" />
  <testcase classname="ptolemy.util.test.junit.AutoTests" name="[51] /home/travis/build/icyphy/ptII/ptolemy/domains/de/test/auto/PortParameterUpdates.xml (RunModel)" time="0.012" />
  <testcase classname="ptolemy.util.test.junit.AutoTests" name="[52] /home/travis/build/icyphy/ptII/ptolemy/domains/de/test/auto/QueueAndServer.xml (RunModel)" time="0.017" />
  <testcase classname="ptolemy.util.test.junit.AutoTests" name="[53] /home/travis/build/icyphy/ptII/ptolemy/domains/de/test/auto/Records.xml (RunModel)" time="0.012" />
  <testcase classname="ptolemy.util.test.junit.AutoTests" name="[54] /home/travis/build/icyphy/ptII/ptolemy/domains/de/test/auto/ResetTransitionWithStartTime1.xml (RunModel)" time="0.022" />
  <testcase classname="ptolemy.util.test.junit.AutoTests" name="[55] /home/travis/build/icyphy/ptII/ptolemy/domains/de/test/auto/ResetTransitionWithStartTime2.xml (RunModel)" time="0.021" />
  <testcase classname="ptolemy.util.test.junit.AutoTests" name="[56] /home/travis/build/icyphy/ptII/ptolemy/domains/de/test/auto/ResetTransitionWithStartTime3.xml (RunModel)" time="0.019" />
  <testcase classname="ptolemy.util.test.junit.AutoTests" name="[57] /home/travis/build/icyphy/ptII/ptolemy/domains/de/test/auto/ResetTransitionWithStartTime4.xml (RunModel)" time="0.016" />
  <testcase classname="ptolemy.util.test.junit.AutoTests" name="[58] /home/travis/build/icyphy/ptII/ptolemy/domains/de/test/auto/ResettableTimer1.xml (RunModel)" time="0.009" />
  <testcase classname="ptolemy.util.test.junit.AutoTests" name="[59] /home/travis/build/icyphy/ptII/ptolemy/domains/de/test/auto/ResettableTimer2.xml (RunModel)" time="0.014" />
  <testcase classname="ptolemy.util.test.junit.AutoTests" name="[60] /home/travis/build/icyphy/ptII/ptolemy/domains/de/test/auto/ResettableTimer3.xml (RunModel)" time="0.009" />
  <testcase classname="ptolemy.util.test.junit.AutoTests" name="[61] /home/travis/build/icyphy/ptII/ptolemy/domains/de/test/auto/ResettableTimer4.xml (RunModel)" time="0.01" />
  <testcase classname="ptolemy.util.test.junit.AutoTests" name="[62] /home/travis/build/icyphy/ptII/ptolemy/domains/de/test/auto/ResettableTimer5.xml (RunModel)" time="0.009" />
  <testcase classname="ptolemy.util.test.junit.AutoTests" name="[63] /home/travis/build/icyphy/ptII/ptolemy/domains/de/test/auto/ResettableTimer6.xml (RunModel)" time="0.015" />
  <testcase classname="ptolemy.util.test.junit.AutoTests" name="[64] /home/travis/build/icyphy/ptII/ptolemy/domains/de/test/auto/ServerZeroDelay.xml (RunModel)" time="0.009" />
  <testcase classname="ptolemy.util.test.junit.AutoTests" name="[65] /home/travis/build/icyphy/ptII/ptolemy/domains/de/test/auto/SmartSender.xml (RunModel)" time="3.008" />
  <testcase classname="ptolemy.util.test.junit.AutoTests" name="[66] /home/travis/build/icyphy/ptII/ptolemy/domains/de/test/auto/ThreadedComposite.xml (RunModel)" time="0.099" />
  <testcase classname="ptolemy.util.test.junit.AutoTests" name="[67] /home/travis/build/icyphy/ptII/ptolemy/domains/de/test/auto/Time.xml (RunModel)" time="0.397" />
  <testcase classname="ptolemy.util.test.junit.AutoTests" name="[68] /home/travis/build/icyphy/ptII/ptolemy/domains/de/test/auto/TimeDelayZeroDelay.xml (RunModel)" time="0.011" />
  <testcase classname="ptolemy.util.test.junit.AutoTests" name="[69] /home/travis/build/icyphy/ptII/ptolemy/domains/de/test/auto/TimerZeroDelay.xml (RunModel)" time="0.009" />
  <testcase classname="ptolemy.util.test.junit.AutoTests" name="[70] /home/travis/build/icyphy/ptII/ptolemy/domains/de/test/auto/TimingParadox.xml (RunModel)" time="0.311" />
  <testcase classname="ptolemy.util.test.junit.AutoTests" name="[71] /home/travis/build/icyphy/ptII/ptolemy/domains/de/test/auto/TransferInputs.xml (RunModel)" time="0.013" />
  <testcase classname="ptolemy.util.test.junit.AutoTests" name="[72] /home/travis/build/icyphy/ptII/ptolemy/domains/de/test/auto/TransferOutputs2.xml (RunModel)" time="0.013" />
  <testcase classname="ptolemy.util.test.junit.AutoTests" name="[73] /home/travis/build/icyphy/ptII/ptolemy/domains/de/test/auto/Trilateration.xml (RunModel)" time="10.662" />
  <testcase classname="ptolemy.util.test.junit.AutoTests" name="[74] /home/travis/build/icyphy/ptII/ptolemy/domains/de/test/auto/TwoSigmaDelta.xml (RunModel)" time="1.83" />
  <testcase classname="ptolemy.util.test.junit.AutoTests" name="[75] /home/travis/build/icyphy/ptII/ptolemy/domains/de/test/auto/VariableDelay.xml (RunModel)" time="0.016" />
  <testcase classname="ptolemy.util.test.junit.AutoTests" name="[76] /home/travis/build/icyphy/ptII/ptolemy/domains/de/test/auto/VariableDelay2.xml (RunModel)" time="0.011" />
  <testcase classname="ptolemy.util.test.junit.AutoTests" name="[77] /home/travis/build/icyphy/ptII/ptolemy/domains/de/test/auto/VariableDelayZeroDelay.xml (RunModel)" time="0.011" />
  <testcase classname="ptolemy.util.test.junit.AutoTests" name="[78] /home/travis/build/icyphy/ptII/ptolemy/domains/de/test/auto/VariableDelayZeroDelay2.xml (RunModel)" time="0.009" />
  <testcase classname="ptolemy.util.test.junit.AutoTests" name="[79] /home/travis/build/icyphy/ptII/ptolemy/domains/de/test/auto/deInCt.xml (RunModel)" time="0.013" />
  <testcase classname="ptolemy.util.test.junit.AutoTests" name="[80] /home/travis/build/icyphy/ptII/ptolemy/domains/de/test/auto/deInCt2.xml (RunModel)" time="0.014" />
  <testcase classname="ptolemy.util.test.junit.AutoTests" name="[81] /home/travis/build/icyphy/ptII/ptolemy/domains/de/test/auto/dynamicCausalityInterface1.xml (RunModel)" time="0.016" />
  <testcase classname="ptolemy.util.test.junit.AutoTests" name="[82] /home/travis/build/icyphy/ptII/ptolemy/domains/de/test/auto/fsm_de_test.xml (RunModel)" time="0.023" />
  <testcase classname="ptolemy.util.test.junit.AutoTests" name="[83] /home/travis/build/icyphy/ptII/ptolemy/domains/de/test/auto/functionDependencyReconstruction.xml (RunModel)" time="0.029" />
  <testcase classname="ptolemy.util.test.junit.AutoTests" name="[84] /home/travis/build/icyphy/ptII/ptolemy/domains/de/test/auto/multirate.xml (RunModel)" time="0.016" />
  <testcase classname="ptolemy.util.test.junit.AutoTests" name="[85] /home/travis/build/icyphy/ptII/ptolemy/domains/de/test/auto/multirate2.xml (RunModel)" time="0.022" />
  <testcase classname="ptolemy.util.test.junit.AutoTests" name="[86] /home/travis/build/icyphy/ptII/ptolemy/domains/de/test/auto/realtime.xml (RunModel)" time="10.015" />
  <testcase classname="ptolemy.util.test.junit.AutoTests" name="[87] /home/travis/build/icyphy/ptII/ptolemy/domains/de/test/auto/relationGroup.xml (RunModel)" time="0.007" />
  <testcase classname="ptolemy.util.test.junit.AutoTests" name="[88] /home/travis/build/icyphy/ptII/ptolemy/domains/de/test/auto/relationGroup2.xml (RunModel)" time="0.005" />
  <testcase classname="ptolemy.util.test.junit.AutoTests" name="[89] /home/travis/build/icyphy/ptII/ptolemy/domains/de/test/auto/sortWithOpaquePorts.xml (RunModel)" time="0.007" />
  <testcase classname="ptolemy.util.test.junit.AutoTests" name="[90] /home/travis/build/icyphy/ptII/ptolemy/domains/de/test/auto/transferInputsandOutputs.xml (RunModel)" time="0.014" />
  <testcase classname="ptolemy.util.test.junit.AutoTests" name="[91] /home/travis/build/icyphy/ptII/ptolemy/domains/de/test/auto/triggerType.xml (RunModel)" time="0.005" />
  <system-out><![CDATA[/home/travis/build/icyphy/ptII/ptolemy/domains/de/test/DependencyLoop.tcl
testDefs.tcl: setting time out to 9000 seconds at Sun Jan 26 06:49:01 UTC 2020
88 ms. Memory: 129024K Free: 79302K (61%)
22 ms. Memory: 129024K Free: 61879K (48%)
/home/travis/build/icyphy/ptII/ptolemy/domains/de/test/RunDETestsAsQSS.tcl
Run the DE tests using ptolemy.domains.qss.test.QSSDirectorTest, which extends QSSDirector and prints a message in the constructors.
------------------ testing $PTII/ptolemy/domains/de/test/auto/knownFailedTests/DirectFeedback.xml (Known Failure) 
57 ms. Memory: 129024K Free: 56264K (44%)


==== $PTIIhome/travis/build/icyphy/ptII/ptolemy/domains/de/test/../../../../: Auto Automatic test in file $PTII/ptolemy/domains/de/test/auto/knownFailedTests/DirectFeedback.xml
==== Contents of test case:

	    # FIXME: we should use $relativeFilename here, but it
	    # might have backslashes under Windows, which causes no end
	    # of trouble.
	    createAndExecute $file
	    list {}
	
.... Test generated KNOWN error:
    while executing
ptolemy.kernel.util.IllegalActionException: Test fails in iteration 1.
Value was: 1.0. Should have been: 2.0
  in .DirectFeedback.Test
	at ptolemy.actor.lib.Test.fire(Test.java:268)
	at ptolemy.domains.de.kernel.DEDirector._fire(DEDirector.java:1949)
	at ptolemy.domains.de.kernel.DEDirector.fire(DEDirector.java:502)
	at ptolemy.actor.CompositeActor.fire(CompositeActor.java:455)
	at ptolemy.actor.Manager.iterate(Manager.java:851)
	at ptolemy.actor.Manager.execute(Manager.java:369)
	at ptolemy.actor.Manager.run(Manager.java:1263)
	at ptolemy.actor.Manager$PtolemyRunThread.run(Manager.java:1933)

    while executing
ptolemy.kernel.util.IllegalActionException: Test fails in iteration 1.
Value was: 1.0. Should have been: 2.0
  in .DirectFeedback.Test
    while executing
"java::new ptolemy.moml.MoMLSimpleApplication $file
"
    (procedure "createAndExecute" line 2)
    invoked from within
"createAndExecute $file"
    ("uplevel" body line 5)
    invoked from within
"uplevel $contents_of_test"
------------------ testing $PTII/ptolemy/domains/de/test/auto/knownFailedTests/dependencyLoop.xml (Known Failure) 
19 ms. Memory: 129024K Free: 53192K (41%)


==== $PTIIhome/travis/build/icyphy/ptII/ptolemy/domains/de/test/../../../../: Auto Automatic test in file $PTII/ptolemy/domains/de/test/auto/knownFailedTests/dependencyLoop.xml
==== Contents of test case:

	    # FIXME: we should use $relativeFilename here, but it
	    # might have backslashes under Windows, which causes no end
	    # of trouble.
	    createAndExecute $file
	    list {}
	
.... Test generated KNOWN error:
    while executing
ptolemy.kernel.util.IllegalActionException: Found a zero delay loop containing .dependencyLoop.original
  in .dependencyLoop and .dependencyLoop.original
	at ptolemy.actor.util.CausalityInterfaceForComposites._computeOutputPortDepth(CausalityInterfaceForComposites.java:759)
	at ptolemy.actor.util.CausalityInterfaceForComposites._computeInputDepth(CausalityInterfaceForComposites.java:696)
	at ptolemy.actor.util.CausalityInterfaceForComposites._computeOutputPortDepth(CausalityInterfaceForComposites.java:765)
	at ptolemy.actor.util.CausalityInterfaceForComposites._computeInputDepth(CausalityInterfaceForComposites.java:696)
	at ptolemy.actor.util.CausalityInterfaceForComposites._computeOutputPortDepth(CausalityInterfaceForComposites.java:765)
	at ptolemy.actor.util.CausalityInterfaceForComposites._computeInputDepth(CausalityInterfaceForComposites.java:696)
	at ptolemy.actor.util.CausalityInterfaceForComposites._computeActorDepth(CausalityInterfaceForComposites.java:532)
	at ptolemy.actor.util.CausalityInterfaceForComposites.checkForCycles(CausalityInterfaceForComposites.java:96)
	at ptolemy.domains.de.kernel.DEDirector.preinitialize(DEDirector.java:1338)
	at ptolemy.actor.CompositeActor.preinitialize(CompositeActor.java:1828)
	at ptolemy.actor.Manager.preinitializeAndResolveTypes(Manager.java:1040)
	at ptolemy.actor.Manager.initialize(Manager.java:710)
	at ptolemy.actor.Manager.execute(Manager.java:356)
	at ptolemy.actor.Manager.run(Manager.java:1263)
	at ptolemy.actor.Manager$PtolemyRunThread.run(Manager.java:1933)

    while executing
ptolemy.kernel.util.IllegalActionException: Found a zero delay loop containing .dependencyLoop.original
  in .dependencyLoop and .dependencyLoop.original
    while executing
"java::new ptolemy.moml.MoMLSimpleApplication $file
"
    (procedure "createAndExecute" line 2)
    invoked from within
"createAndExecute $file"
    ("uplevel" body line 5)
    invoked from within
"uplevel $contents_of_test"
------------------ testing $PTII/ptolemy/domains/de/test/auto/knownFailedTests/FSMSource.xml (Known Failure) 
84 ms. Memory: 129024K Free: 111376K (86%)
!!!! Auto was marked as failing, but now passes
------------------ testing $PTII/ptolemy/domains/de/test/auto/knownFailedTests/HierarchicalModel.xml (Known Failure) 
6 ms. Memory: 129024K Free: 94030K (73%)


==== $PTIIhome/travis/build/icyphy/ptII/ptolemy/domains/de/test/../../../../: Auto Automatic test in file $PTII/ptolemy/domains/de/test/auto/knownFailedTests/HierarchicalModel.xml
==== Contents of test case:

	    # FIXME: we should use $relativeFilename here, but it
	    # might have backslashes under Windows, which causes no end
	    # of trouble.
	    createAndExecute $file
	    list {}
	
.... Test generated KNOWN error:
    while executing
ptolemy.kernel.util.IllegalActionException: Found a zero delay loop containing .HierarchicalModel.A
  in .HierarchicalModel and .HierarchicalModel.A
	at ptolemy.actor.util.CausalityInterfaceForComposites._computeOutputPortDepth(CausalityInterfaceForComposites.java:759)
	at ptolemy.actor.util.CausalityInterfaceForComposites._computeInputDepth(CausalityInterfaceForComposites.java:696)
	at ptolemy.actor.util.CausalityInterfaceForComposites._computeOutputPortDepth(CausalityInterfaceForComposites.java:765)
	at ptolemy.actor.util.CausalityInterfaceForComposites._computeInputDepth(CausalityInterfaceForComposites.java:696)
	at ptolemy.actor.util.CausalityInterfaceForComposites._computeOutputPortDepth(CausalityInterfaceForComposites.java:765)
	at ptolemy.actor.util.CausalityInterfaceForComposites._computeInputDepth(CausalityInterfaceForComposites.java:696)
	at ptolemy.actor.util.CausalityInterfaceForComposites._computeActorDepth(CausalityInterfaceForComposites.java:532)
	at ptolemy.actor.util.CausalityInterfaceForComposites.checkForCycles(CausalityInterfaceForComposites.java:96)
	at ptolemy.domains.de.kernel.DEDirector.preinitialize(DEDirector.java:1338)
	at ptolemy.actor.CompositeActor.preinitialize(CompositeActor.java:1828)
	at ptolemy.actor.Manager.preinitializeAndResolveTypes(Manager.java:1040)
	at ptolemy.actor.Manager.initialize(Manager.java:710)
	at ptolemy.actor.Manager.execute(Manager.java:356)
	at ptolemy.actor.Manager.run(Manager.java:1263)
	at ptolemy.actor.Manager$PtolemyRunThread.run(Manager.java:1933)

    while executing
ptolemy.kernel.util.IllegalActionException: Found a zero delay loop containing .HierarchicalModel.A
  in .HierarchicalModel and .HierarchicalModel.A
    while executing
"java::new ptolemy.moml.MoMLSimpleApplication $file
"
    (procedure "createAndExecute" line 2)
    invoked from within
"createAndExecute $file"
    ("uplevel" body line 5)
    invoked from within
"uplevel $contents_of_test"
------------------ testing $PTII/ptolemy/domains/de/test/auto/knownFailedTests/dependencyLoop2.xml (Known Failure) 
8 ms. Memory: 129024K Free: 77630K (60%)


==== $PTIIhome/travis/build/icyphy/ptII/ptolemy/domains/de/test/../../../../: Auto Automatic test in file $PTII/ptolemy/domains/de/test/auto/knownFailedTests/dependencyLoop2.xml
==== Contents of test case:

	    # FIXME: we should use $relativeFilename here, but it
	    # might have backslashes under Windows, which causes no end
	    # of trouble.
	    createAndExecute $file
	    list {}
	
.... Test generated KNOWN error:
    while executing
ptolemy.kernel.util.IllegalActionException: Found a zero delay loop containing .dependencyLoop2.original
  in .dependencyLoop2 and .dependencyLoop2.original
	at ptolemy.actor.util.CausalityInterfaceForComposites._computeOutputPortDepth(CausalityInterfaceForComposites.java:759)
	at ptolemy.actor.util.CausalityInterfaceForComposites._computeInputDepth(CausalityInterfaceForComposites.java:696)
	at ptolemy.actor.util.CausalityInterfaceForComposites._computeOutputPortDepth(CausalityInterfaceForComposites.java:765)
	at ptolemy.actor.util.CausalityInterfaceForComposites._computeInputDepth(CausalityInterfaceForComposites.java:696)
	at ptolemy.actor.util.CausalityInterfaceForComposites._computeOutputPortDepth(CausalityInterfaceForComposites.java:765)
	at ptolemy.actor.util.CausalityInterfaceForComposites._computeInputDepth(CausalityInterfaceForComposites.java:696)
	at ptolemy.actor.util.CausalityInterfaceForComposites._computeActorDepth(CausalityInterfaceForComposites.java:532)
	at ptolemy.actor.util.CausalityInterfaceForComposites.checkForCycles(CausalityInterfaceForComposites.java:96)
	at ptolemy.domains.de.kernel.DEDirector.preinitialize(DEDirector.java:1338)
	at ptolemy.actor.CompositeActor.preinitialize(CompositeActor.java:1828)
	at ptolemy.actor.Manager.preinitializeAndResolveTypes(Manager.java:1040)
	at ptolemy.actor.Manager.initialize(Manager.java:710)
	at ptolemy.actor.Manager.execute(Manager.java:356)
	at ptolemy.actor.Manager.run(Manager.java:1263)
	at ptolemy.actor.Manager$PtolemyRunThread.run(Manager.java:1933)

    while executing
ptolemy.kernel.util.IllegalActionException: Found a zero delay loop containing .dependencyLoop2.original
  in .dependencyLoop2 and .dependencyLoop2.original
    while executing
"java::new ptolemy.moml.MoMLSimpleApplication $file
"
    (procedure "createAndExecute" line 2)
    invoked from within
"createAndExecute $file"
    ("uplevel" body line 5)
    invoked from within
"uplevel $contents_of_test"
------------------ testing $PTII/ptolemy/domains/de/test/auto/knownFailedTests/DESDFClockTest.xml (Known Failure) 
2067 ms. Memory: 129024K Free: 108118K (84%)


==== $PTIIhome/travis/build/icyphy/ptII/ptolemy/domains/de/test/../../../../: Auto Automatic test in file $PTII/ptolemy/domains/de/test/auto/knownFailedTests/DESDFClockTest.xml
==== Contents of test case:

	    # FIXME: we should use $relativeFilename here, but it
	    # might have backslashes under Windows, which causes no end
	    # of trouble.
	    createAndExecute $file
	    list {}
	
.... Test generated KNOWN error:
    while executing
ptolemy.kernel.util.IllegalActionException: Actor is not ready to fire.  Perhaps UpSample.prefire() returned false? Try debugging the actor by selecting "Listen to Actor".  Also, for SDF check moml for tokenConsumptionRate on input.
  in .DESDFClockTest.Play Bell.Copy1:SDF Director and .DESDFClockTest.Play Bell.UpSample
	at ptolemy.actor.sched.StaticSchedulingDirector.fire(StaticSchedulingDirector.java:227)
	at ptolemy.domains.sdf.kernel.SDFDirector.fire(SDFDirector.java:500)
	at ptolemy.actor.CompositeActor.fire(CompositeActor.java:455)
	at ptolemy.domains.de.kernel.DEDirector._fire(DEDirector.java:1949)
	at ptolemy.domains.de.kernel.DEDirector.fire(DEDirector.java:502)
	at ptolemy.actor.CompositeActor.fire(CompositeActor.java:455)
	at ptolemy.actor.Manager.iterate(Manager.java:851)
	at ptolemy.actor.Manager.execute(Manager.java:369)
	at ptolemy.actor.Manager.run(Manager.java:1263)
	at ptolemy.actor.Manager$PtolemyRunThread.run(Manager.java:1933)

    while executing
ptolemy.kernel.util.IllegalActionException: Actor is not ready to fire.  Perhaps UpSample.prefire() returned false? Try debugging the actor by selecting "Listen to Actor".  Also, for SDF check moml for tokenConsumptionRate on input.
  in .DESDFClockTest.Play Bell.Copy1:SDF Director and .DESDFClockTest.Play Bell.UpSample
    while executing
"java::new ptolemy.moml.MoMLSimpleApplication $file
"
    (procedure "createAndExecute" line 2)
    invoked from within
"createAndExecute $file"
    ("uplevel" body line 5)
    invoked from within
"uplevel $contents_of_test"
------------------ testing $PTII/ptolemy/domains/de/test/auto/ActorDepthCalculation_actorWithoutPorts.xml
auto.tcl: Setting watchdog for 200 seconds at Sun Jan 26 06:49:05 UTC 2020
8 ms. Memory: 129024K Free: 100422K (78%)
ptolemy.util.test.WatchDog.cancel(): canceling Sun Jan 26 06:49:05 UTC 2020
auto.tcl: Setting watchdog for 200 seconds at Sun Jan 26 06:49:05 UTC 2020
7 ms. Memory: 129024K Free: 98902K (77%)
ptolemy.util.test.WatchDog.cancel(): canceling Sun Jan 26 06:49:05 UTC 2020
------------------ testing $PTII/ptolemy/domains/de/test/auto/AssemblyLine.xml
auto.tcl: Setting watchdog for 200 seconds at Sun Jan 26 06:49:05 UTC 2020
12 ms. Memory: 51200K Free: 27497K (54%)
ptolemy.util.test.WatchDog.cancel(): canceling Sun Jan 26 06:49:05 UTC 2020
auto.tcl: Setting watchdog for 200 seconds at Sun Jan 26 06:49:05 UTC 2020
6 ms. Memory: 51200K Free: 26754K (52%)
ptolemy.util.test.WatchDog.cancel(): canceling Sun Jan 26 06:49:05 UTC 2020
------------------ testing $PTII/ptolemy/domains/de/test/auto/CQBug1.xml
auto.tcl: Setting watchdog for 200 seconds at Sun Jan 26 06:49:05 UTC 2020
2 ms. Memory: 51200K Free: 33846K (66%)
ptolemy.util.test.WatchDog.cancel(): canceling Sun Jan 26 06:49:05 UTC 2020
auto.tcl: Setting watchdog for 200 seconds at Sun Jan 26 06:49:05 UTC 2020
2 ms. Memory: 51200K Free: 32947K (64%)
ptolemy.util.test.WatchDog.cancel(): canceling Sun Jan 26 06:49:05 UTC 2020
------------------ testing $PTII/ptolemy/domains/de/test/auto/CancelFireAt.xml
auto.tcl: Setting watchdog for 200 seconds at Sun Jan 26 06:49:05 UTC 2020
2 ms. Memory: 51200K Free: 34759K (68%)
ptolemy.util.test.WatchDog.cancel(): canceling Sun Jan 26 06:49:05 UTC 2020
auto.tcl: Setting watchdog for 200 seconds at Sun Jan 26 06:49:05 UTC 2020
1 ms. Memory: 51200K Free: 34302K (67%)
ptolemy.util.test.WatchDog.cancel(): canceling Sun Jan 26 06:49:05 UTC 2020
------------------ testing $PTII/ptolemy/domains/de/test/auto/CausalityAndComposabilityAnalysis.xml
auto.tcl: Setting watchdog for 200 seconds at Sun Jan 26 06:49:06 UTC 2020
5 ms. Memory: 51200K Free: 32748K (64%)
ptolemy.util.test.WatchDog.cancel(): canceling Sun Jan 26 06:49:06 UTC 2020
auto.tcl: Setting watchdog for 200 seconds at Sun Jan 26 06:49:06 UTC 2020
6 ms. Memory: 51200K Free: 31980K (62%)
ptolemy.util.test.WatchDog.cancel(): canceling Sun Jan 26 06:49:06 UTC 2020
------------------ testing $PTII/ptolemy/domains/de/test/auto/CausalityInterface1.xml
auto.tcl: Setting watchdog for 200 seconds at Sun Jan 26 06:49:06 UTC 2020
18 ms. Memory: 51200K Free: 31406K (61%)
ptolemy.util.test.WatchDog.cancel(): canceling Sun Jan 26 06:49:06 UTC 2020
auto.tcl: Setting watchdog for 200 seconds at Sun Jan 26 06:49:06 UTC 2020
4 ms. Memory: 51200K Free: 30408K (59%)
ptolemy.util.test.WatchDog.cancel(): canceling Sun Jan 26 06:49:06 UTC 2020
------------------ testing $PTII/ptolemy/domains/de/test/auto/CausalityInterface15.xml
auto.tcl: Setting watchdog for 200 seconds at Sun Jan 26 06:49:06 UTC 2020
5 ms. Memory: 51200K Free: 31028K (61%)
ptolemy.util.test.WatchDog.cancel(): canceling Sun Jan 26 06:49:06 UTC 2020
auto.tcl: Setting watchdog for 200 seconds at Sun Jan 26 06:49:06 UTC 2020
4 ms. Memory: 51200K Free: 30386K (59%)
ptolemy.util.test.WatchDog.cancel(): canceling Sun Jan 26 06:49:06 UTC 2020
------------------ testing $PTII/ptolemy/domains/de/test/auto/CausalityInterface2.xml
auto.tcl: Setting watchdog for 200 seconds at Sun Jan 26 06:49:06 UTC 2020
4 ms. Memory: 51200K Free: 32046K (63%)
ptolemy.util.test.WatchDog.cancel(): canceling Sun Jan 26 06:49:06 UTC 2020
auto.tcl: Setting watchdog for 200 seconds at Sun Jan 26 06:49:06 UTC 2020
3 ms. Memory: 51200K Free: 31373K (61%)
ptolemy.util.test.WatchDog.cancel(): canceling Sun Jan 26 06:49:06 UTC 2020
------------------ testing $PTII/ptolemy/domains/de/test/auto/CausalityInterface3.xml
auto.tcl: Setting watchdog for 200 seconds at Sun Jan 26 06:49:06 UTC 2020
4 ms. Memory: 51200K Free: 31569K (62%)
ptolemy.util.test.WatchDog.cancel(): canceling Sun Jan 26 06:49:06 UTC 2020
auto.tcl: Setting watchdog for 200 seconds at Sun Jan 26 06:49:06 UTC 2020
3 ms. Memory: 51200K Free: 30833K (60%)
ptolemy.util.test.WatchDog.cancel(): canceling Sun Jan 26 06:49:06 UTC 2020
------------------ testing $PTII/ptolemy/domains/de/test/auto/ClockDrift.xml
auto.tcl: Setting watchdog for 200 seconds at Sun Jan 26 06:49:06 UTC 2020
55 ms. Memory: 51200K Free: 23906K (47%)
ptolemy.util.test.WatchDog.cancel(): canceling Sun Jan 26 06:49:06 UTC 2020
auto.tcl: Setting watchdog for 200 seconds at Sun Jan 26 06:49:06 UTC 2020
65 ms. Memory: 51200K Free: 20705K (40%)
ptolemy.util.test.WatchDog.cancel(): canceling Sun Jan 26 06:49:06 UTC 2020
------------------ testing $PTII/ptolemy/domains/de/test/auto/ClockDriftAndValueChange.xml
auto.tcl: Setting watchdog for 200 seconds at Sun Jan 26 06:49:06 UTC 2020
20 ms. Memory: 51200K Free: 24274K (47%)
ptolemy.util.test.WatchDog.cancel(): canceling Sun Jan 26 06:49:06 UTC 2020
auto.tcl: Setting watchdog for 200 seconds at Sun Jan 26 06:49:06 UTC 2020
20 ms. Memory: 51200K Free: 21450K (42%)
ptolemy.util.test.WatchDog.cancel(): canceling Sun Jan 26 06:49:06 UTC 2020
------------------ testing $PTII/ptolemy/domains/de/test/auto/ClockDriftChange.xml
auto.tcl: Setting watchdog for 200 seconds at Sun Jan 26 06:49:06 UTC 2020
29 ms. Memory: 51200K Free: 26058K (51%)
ptolemy.util.test.WatchDog.cancel(): canceling Sun Jan 26 06:49:06 UTC 2020
auto.tcl: Setting watchdog for 200 seconds at Sun Jan 26 06:49:06 UTC 2020
31 ms. Memory: 51200K Free: 23500K (46%)
ptolemy.util.test.WatchDog.cancel(): canceling Sun Jan 26 06:49:06 UTC 2020
------------------ testing $PTII/ptolemy/domains/de/test/auto/ComposableCausalityAnalysis.xml
auto.tcl: Setting watchdog for 200 seconds at Sun Jan 26 06:49:06 UTC 2020
2 ms. Memory: 51200K Free: 30920K (60%)
ptolemy.util.test.WatchDog.cancel(): canceling Sun Jan 26 06:49:06 UTC 2020
auto.tcl: Setting watchdog for 200 seconds at Sun Jan 26 06:49:06 UTC 2020
4 ms. Memory: 51200K Free: 29892K (58%)
ptolemy.util.test.WatchDog.cancel(): canceling Sun Jan 26 06:49:06 UTC 2020
------------------ testing $PTII/ptolemy/domains/de/test/auto/DEFixedPointLimitation.xml
auto.tcl: Setting watchdog for 200 seconds at Sun Jan 26 06:49:06 UTC 2020
8 ms. Memory: 51200K Free: 32241K (63%)
ptolemy.util.test.WatchDog.cancel(): canceling Sun Jan 26 06:49:07 UTC 2020
auto.tcl: Setting watchdog for 200 seconds at Sun Jan 26 06:49:07 UTC 2020
1 ms. Memory: 51200K Free: 31390K (61%)
ptolemy.util.test.WatchDog.cancel(): canceling Sun Jan 26 06:49:07 UTC 2020
------------------ testing $PTII/ptolemy/domains/de/test/auto/DEScheduleTest.xml
auto.tcl: Setting watchdog for 200 seconds at Sun Jan 26 06:49:07 UTC 2020
4 ms. Memory: 51200K Free: 32610K (64%)
ptolemy.util.test.WatchDog.cancel(): canceling Sun Jan 26 06:49:07 UTC 2020
auto.tcl: Setting watchdog for 200 seconds at Sun Jan 26 06:49:07 UTC 2020
3 ms. Memory: 51200K Free: 31844K (62%)
ptolemy.util.test.WatchDog.cancel(): canceling Sun Jan 26 06:49:07 UTC 2020
------------------ testing $PTII/ptolemy/domains/de/test/auto/DEinDEwithStartTimes.xml
auto.tcl: Setting watchdog for 200 seconds at Sun Jan 26 06:49:07 UTC 2020
4 ms. Memory: 51200K Free: 30771K (60%)
ptolemy.util.test.WatchDog.cancel(): canceling Sun Jan 26 06:49:07 UTC 2020
auto.tcl: Setting watchdog for 200 seconds at Sun Jan 26 06:49:07 UTC 2020
3 ms. Memory: 51200K Free: 29747K (58%)
ptolemy.util.test.WatchDog.cancel(): canceling Sun Jan 26 06:49:07 UTC 2020
------------------ testing $PTII/ptolemy/domains/de/test/auto/DEinDEwithStartTimes2.xml
auto.tcl: Setting watchdog for 200 seconds at Sun Jan 26 06:49:07 UTC 2020
5 ms. Memory: 51200K Free: 29912K (58%)
ptolemy.util.test.WatchDog.cancel(): canceling Sun Jan 26 06:49:07 UTC 2020
auto.tcl: Setting watchdog for 200 seconds at Sun Jan 26 06:49:07 UTC 2020
8 ms. Memory: 51200K Free: 28702K (56%)
ptolemy.util.test.WatchDog.cancel(): canceling Sun Jan 26 06:49:07 UTC 2020
------------------ testing $PTII/ptolemy/domains/de/test/auto/DateDemo.xml
auto.tcl: Setting watchdog for 200 seconds at Sun Jan 26 06:49:07 UTC 2020
14 ms. Memory: 51200K Free: 24320K (48%)
ptolemy.util.test.WatchDog.cancel(): canceling Sun Jan 26 06:49:07 UTC 2020
auto.tcl: Setting watchdog for 200 seconds at Sun Jan 26 06:49:07 UTC 2020
7 ms. Memory: 51200K Free: 22685K (44%)
ptolemy.util.test.WatchDog.cancel(): canceling Sun Jan 26 06:49:07 UTC 2020
------------------ testing $PTII/ptolemy/domains/de/test/auto/DateToEvent.xml
auto.tcl: Setting watchdog for 200 seconds at Sun Jan 26 06:49:07 UTC 2020
2008 ms. Memory: 51200K Free: 20261K (40%)
ptolemy.util.test.WatchDog.cancel(): canceling Sun Jan 26 06:49:09 UTC 2020
auto.tcl: Setting watchdog for 200 seconds at Sun Jan 26 06:49:09 UTC 2020
2004 ms. Memory: 51200K Free: 19474K (38%)
ptolemy.util.test.WatchDog.cancel(): canceling Sun Jan 26 06:49:11 UTC 2020
------------------ testing $PTII/ptolemy/domains/de/test/auto/DepthTest1.xml
auto.tcl: Setting watchdog for 200 seconds at Sun Jan 26 06:49:11 UTC 2020
5 ms. Memory: 51200K Free: 33475K (65%)
ptolemy.util.test.WatchDog.cancel(): canceling Sun Jan 26 06:49:11 UTC 2020
auto.tcl: Setting watchdog for 200 seconds at Sun Jan 26 06:49:11 UTC 2020
3 ms. Memory: 51200K Free: 32984K (64%)
ptolemy.util.test.WatchDog.cancel(): canceling Sun Jan 26 06:49:11 UTC 2020
------------------ testing $PTII/ptolemy/domains/de/test/auto/DepthTest2.xml
auto.tcl: Setting watchdog for 200 seconds at Sun Jan 26 06:49:11 UTC 2020
3 ms. Memory: 51200K Free: 30235K (59%)
ptolemy.util.test.WatchDog.cancel(): canceling Sun Jan 26 06:49:11 UTC 2020
auto.tcl: Setting watchdog for 200 seconds at Sun Jan 26 06:49:11 UTC 2020
2 ms. Memory: 51200K Free: 29799K (58%)
ptolemy.util.test.WatchDog.cancel(): canceling Sun Jan 26 06:49:11 UTC 2020
------------------ testing $PTII/ptolemy/domains/de/test/auto/DepthTest3.xml
auto.tcl: Setting watchdog for 200 seconds at Sun Jan 26 06:49:11 UTC 2020
4 ms. Memory: 51200K Free: 33767K (66%)
ptolemy.util.test.WatchDog.cancel(): canceling Sun Jan 26 06:49:11 UTC 2020
auto.tcl: Setting watchdog for 200 seconds at Sun Jan 26 06:49:11 UTC 2020
2 ms. Memory: 51200K Free: 33279K (65%)
ptolemy.util.test.WatchDog.cancel(): canceling Sun Jan 26 06:49:11 UTC 2020
------------------ testing $PTII/ptolemy/domains/de/test/auto/DepthTest4.xml
auto.tcl: Setting watchdog for 200 seconds at Sun Jan 26 06:49:11 UTC 2020
3 ms. Memory: 51200K Free: 31989K (62%)
ptolemy.util.test.WatchDog.cancel(): canceling Sun Jan 26 06:49:11 UTC 2020
auto.tcl: Setting watchdog for 200 seconds at Sun Jan 26 06:49:11 UTC 2020
2 ms. Memory: 51200K Free: 31323K (61%)
ptolemy.util.test.WatchDog.cancel(): canceling Sun Jan 26 06:49:11 UTC 2020
------------------ testing $PTII/ptolemy/domains/de/test/auto/DepthTest5.xml
auto.tcl: Setting watchdog for 200 seconds at Sun Jan 26 06:49:11 UTC 2020
10 ms. Memory: 51200K Free: 31141K (61%)
ptolemy.util.test.WatchDog.cancel(): canceling Sun Jan 26 06:49:11 UTC 2020
auto.tcl: Setting watchdog for 200 seconds at Sun Jan 26 06:49:11 UTC 2020
3 ms. Memory: 51200K Free: 30713K (60%)
ptolemy.util.test.WatchDog.cancel(): canceling Sun Jan 26 06:49:11 UTC 2020
------------------ testing $PTII/ptolemy/domains/de/test/auto/DepthTest6.xml
auto.tcl: Setting watchdog for 200 seconds at Sun Jan 26 06:49:11 UTC 2020
5 ms. Memory: 51200K Free: 31138K (61%)
ptolemy.util.test.WatchDog.cancel(): canceling Sun Jan 26 06:49:11 UTC 2020
auto.tcl: Setting watchdog for 200 seconds at Sun Jan 26 06:49:11 UTC 2020
3 ms. Memory: 51200K Free: 30702K (60%)
ptolemy.util.test.WatchDog.cancel(): canceling Sun Jan 26 06:49:11 UTC 2020
------------------ testing $PTII/ptolemy/domains/de/test/auto/DepthTest7.xml
auto.tcl: Setting watchdog for 200 seconds at Sun Jan 26 06:49:11 UTC 2020
3 ms. Memory: 51200K Free: 31913K (62%)
ptolemy.util.test.WatchDog.cancel(): canceling Sun Jan 26 06:49:11 UTC 2020
auto.tcl: Setting watchdog for 200 seconds at Sun Jan 26 06:49:11 UTC 2020
3 ms. Memory: 51200K Free: 31247K (61%)
ptolemy.util.test.WatchDog.cancel(): canceling Sun Jan 26 06:49:11 UTC 2020
------------------ testing $PTII/ptolemy/domains/de/test/auto/EventToDate.xml
auto.tcl: Setting watchdog for 200 seconds at Sun Jan 26 06:49:12 UTC 2020
3005 ms. Memory: 51200K Free: 22688K (44%)
ptolemy.util.test.WatchDog.cancel(): canceling Sun Jan 26 06:49:15 UTC 2020
auto.tcl: Setting watchdog for 200 seconds at Sun Jan 26 06:49:15 UTC 2020
3004 ms. Memory: 51200K Free: 22074K (43%)
ptolemy.util.test.WatchDog.cancel(): canceling Sun Jan 26 06:49:18 UTC 2020
------------------ testing $PTII/ptolemy/domains/de/test/auto/FSM1.xml
auto.tcl: Setting watchdog for 200 seconds at Sun Jan 26 06:49:18 UTC 2020
31 ms. Memory: 51200K Free: 23997K (47%)
ptolemy.util.test.WatchDog.cancel(): canceling Sun Jan 26 06:49:18 UTC 2020
auto.tcl: Setting watchdog for 200 seconds at Sun Jan 26 06:49:18 UTC 2020
21 ms. Memory: 51200K Free: 20734K (40%)
ptolemy.util.test.WatchDog.cancel(): canceling Sun Jan 26 06:49:18 UTC 2020
------------------ testing $PTII/ptolemy/domains/de/test/auto/FSM7.xml
auto.tcl: Setting watchdog for 200 seconds at Sun Jan 26 06:49:18 UTC 2020
21 ms. Memory: 51200K Free: 23893K (47%)
ptolemy.util.test.WatchDog.cancel(): canceling Sun Jan 26 06:49:18 UTC 2020
auto.tcl: Setting watchdog for 200 seconds at Sun Jan 26 06:49:18 UTC 2020
14 ms. Memory: 51200K Free: 20497K (40%)
ptolemy.util.test.WatchDog.cancel(): canceling Sun Jan 26 06:49:18 UTC 2020
------------------ testing $PTII/ptolemy/domains/de/test/auto/Inspection.xml
auto.tcl: Setting watchdog for 200 seconds at Sun Jan 26 06:49:18 UTC 2020
20 ms. Memory: 51200K Free: 23664K (46%)
ptolemy.util.test.WatchDog.cancel(): canceling Sun Jan 26 06:49:18 UTC 2020
auto.tcl: Setting watchdog for 200 seconds at Sun Jan 26 06:49:18 UTC 2020
18 ms. Memory: 51200K Free: 21970K (43%)
ptolemy.util.test.WatchDog.cancel(): canceling Sun Jan 26 06:49:18 UTC 2020
------------------ testing $PTII/ptolemy/domains/de/test/auto/Iteration.xml
auto.tcl: Setting watchdog for 200 seconds at Sun Jan 26 06:49:18 UTC 2020
10 ms. Memory: 51200K Free: 29467K (58%)
ptolemy.util.test.WatchDog.cancel(): canceling Sun Jan 26 06:49:18 UTC 2020
auto.tcl: Setting watchdog for 200 seconds at Sun Jan 26 06:49:18 UTC 2020
8 ms. Memory: 51200K Free: 28445K (56%)
ptolemy.util.test.WatchDog.cancel(): canceling Sun Jan 26 06:49:18 UTC 2020
------------------ testing $PTII/ptolemy/domains/de/test/auto/LineFault.xml
auto.tcl: Setting watchdog for 200 seconds at Sun Jan 26 06:49:18 UTC 2020
741 ms. Memory: 64512K Free: 24491K (38%)
ptolemy.util.test.WatchDog.cancel(): canceling Sun Jan 26 06:49:19 UTC 2020
auto.tcl: Setting watchdog for 200 seconds at Sun Jan 26 06:49:19 UTC 2020
576 ms. Memory: 64512K Free: 26232K (41%)
ptolemy.util.test.WatchDog.cancel(): canceling Sun Jan 26 06:49:20 UTC 2020
------------------ testing $PTII/ptolemy/domains/de/test/auto/MergeModel1Add.xml
auto.tcl: Setting watchdog for 200 seconds at Sun Jan 26 06:49:20 UTC 2020
32 ms. Memory: 55296K Free: 19528K (35%)
ptolemy.util.test.WatchDog.cancel(): canceling Sun Jan 26 06:49:20 UTC 2020
auto.tcl: Setting watchdog for 200 seconds at Sun Jan 26 06:49:20 UTC 2020
11 ms. Memory: 55296K Free: 17879K (32%)
ptolemy.util.test.WatchDog.cancel(): canceling Sun Jan 26 06:49:20 UTC 2020
------------------ testing $PTII/ptolemy/domains/de/test/auto/MergeModel2Add.xml
auto.tcl: Setting watchdog for 200 seconds at Sun Jan 26 06:49:20 UTC 2020
8 ms. Memory: 51200K Free: 17472K (34%)
ptolemy.util.test.WatchDog.cancel(): canceling Sun Jan 26 06:49:20 UTC 2020
auto.tcl: Setting watchdog for 200 seconds at Sun Jan 26 06:49:20 UTC 2020
9 ms. Memory: 51200K Free: 15527K (30%)
ptolemy.util.test.WatchDog.cancel(): canceling Sun Jan 26 06:49:20 UTC 2020
------------------ testing $PTII/ptolemy/domains/de/test/auto/MergeModel3Add.xml
auto.tcl: Setting watchdog for 200 seconds at Sun Jan 26 06:49:20 UTC 2020
8 ms. Memory: 51200K Free: 17502K (34%)
ptolemy.util.test.WatchDog.cancel(): canceling Sun Jan 26 06:49:20 UTC 2020
auto.tcl: Setting watchdog for 200 seconds at Sun Jan 26 06:49:20 UTC 2020
7 ms. Memory: 51200K Free: 16084K (31%)
ptolemy.util.test.WatchDog.cancel(): canceling Sun Jan 26 06:49:20 UTC 2020
------------------ testing $PTII/ptolemy/domains/de/test/auto/MergeWithoutDiscard.xml
auto.tcl: Setting watchdog for 200 seconds at Sun Jan 26 06:49:20 UTC 2020
1 ms. Memory: 51200K Free: 32043K (63%)
ptolemy.util.test.WatchDog.cancel(): canceling Sun Jan 26 06:49:20 UTC 2020
auto.tcl: Setting watchdog for 200 seconds at Sun Jan 26 06:49:20 UTC 2020
1 ms. Memory: 51200K Free: 31599K (62%)
ptolemy.util.test.WatchDog.cancel(): canceling Sun Jan 26 06:49:20 UTC 2020
------------------ testing $PTII/ptolemy/domains/de/test/auto/Modal1.xml
auto.tcl: Setting watchdog for 200 seconds at Sun Jan 26 06:49:20 UTC 2020
10 ms. Memory: 51200K Free: 23969K (47%)
ptolemy.util.test.WatchDog.cancel(): canceling Sun Jan 26 06:49:20 UTC 2020
auto.tcl: Setting watchdog for 200 seconds at Sun Jan 26 06:49:20 UTC 2020
11 ms. Memory: 51200K Free: 20478K (40%)
ptolemy.util.test.WatchDog.cancel(): canceling Sun Jan 26 06:49:20 UTC 2020
------------------ testing $PTII/ptolemy/domains/de/test/auto/Modal2.xml
auto.tcl: Setting watchdog for 200 seconds at Sun Jan 26 06:49:20 UTC 2020
21 ms. Memory: 51200K Free: 24367K (48%)
ptolemy.util.test.WatchDog.cancel(): canceling Sun Jan 26 06:49:20 UTC 2020
auto.tcl: Setting watchdog for 200 seconds at Sun Jan 26 06:49:20 UTC 2020
23 ms. Memory: 51200K Free: 20869K (41%)
ptolemy.util.test.WatchDog.cancel(): canceling Sun Jan 26 06:49:20 UTC 2020
------------------ testing $PTII/ptolemy/domains/de/test/auto/Modal3.xml
auto.tcl: Setting watchdog for 200 seconds at Sun Jan 26 06:49:20 UTC 2020
14 ms. Memory: 51200K Free: 23777K (46%)
ptolemy.util.test.WatchDog.cancel(): canceling Sun Jan 26 06:49:20 UTC 2020
auto.tcl: Setting watchdog for 200 seconds at Sun Jan 26 06:49:20 UTC 2020
12 ms. Memory: 51200K Free: 20850K (41%)
ptolemy.util.test.WatchDog.cancel(): canceling Sun Jan 26 06:49:20 UTC 2020
------------------ testing $PTII/ptolemy/domains/de/test/auto/Modal4.xml
auto.tcl: Setting watchdog for 200 seconds at Sun Jan 26 06:49:20 UTC 2020
22 ms. Memory: 51200K Free: 23040K (45%)
ptolemy.util.test.WatchDog.cancel(): canceling Sun Jan 26 06:49:20 UTC 2020
auto.tcl: Setting watchdog for 200 seconds at Sun Jan 26 06:49:20 UTC 2020
22 ms. Memory: 51200K Free: 19242K (38%)
ptolemy.util.test.WatchDog.cancel(): canceling Sun Jan 26 06:49:20 UTC 2020
------------------ testing $PTII/ptolemy/domains/de/test/auto/Modal5.xml
auto.tcl: Setting watchdog for 200 seconds at Sun Jan 26 06:49:20 UTC 2020
14 ms. Memory: 51200K Free: 23026K (45%)
ptolemy.util.test.WatchDog.cancel(): canceling Sun Jan 26 06:49:21 UTC 2020
auto.tcl: Setting watchdog for 200 seconds at Sun Jan 26 06:49:21 UTC 2020
10 ms. Memory: 51200K Free: 19399K (38%)
ptolemy.util.test.WatchDog.cancel(): canceling Sun Jan 26 06:49:21 UTC 2020
------------------ testing $PTII/ptolemy/domains/de/test/auto/Modal6.xml
auto.tcl: Setting watchdog for 200 seconds at Sun Jan 26 06:49:21 UTC 2020
17 ms. Memory: 51200K Free: 23742K (46%)
ptolemy.util.test.WatchDog.cancel(): canceling Sun Jan 26 06:49:21 UTC 2020
auto.tcl: Setting watchdog for 200 seconds at Sun Jan 26 06:49:21 UTC 2020
19 ms. Memory: 51200K Free: 19809K (39%)
ptolemy.util.test.WatchDog.cancel(): canceling Sun Jan 26 06:49:21 UTC 2020
------------------ testing $PTII/ptolemy/domains/de/test/auto/Modal7.xml
auto.tcl: Setting watchdog for 200 seconds at Sun Jan 26 06:49:21 UTC 2020
15 ms. Memory: 51200K Free: 22780K (44%)
ptolemy.util.test.WatchDog.cancel(): canceling Sun Jan 26 06:49:21 UTC 2020
auto.tcl: Setting watchdog for 200 seconds at Sun Jan 26 06:49:21 UTC 2020
11 ms. Memory: 51200K Free: 19228K (38%)
ptolemy.util.test.WatchDog.cancel(): canceling Sun Jan 26 06:49:21 UTC 2020
------------------ testing $PTII/ptolemy/domains/de/test/auto/ModalModel.xml
auto.tcl: Setting watchdog for 200 seconds at Sun Jan 26 06:49:21 UTC 2020
211 ms. Memory: 51200K Free: 18704K (37%)
ptolemy.util.test.WatchDog.cancel(): canceling Sun Jan 26 06:49:21 UTC 2020
auto.tcl: Setting watchdog for 200 seconds at Sun Jan 26 06:49:21 UTC 2020
211 ms. Memory: 68608K Free: 29712K (43%)
ptolemy.util.test.WatchDog.cancel(): canceling Sun Jan 26 06:49:21 UTC 2020
------------------ testing $PTII/ptolemy/domains/de/test/auto/ModalSource.xml
auto.tcl: Setting watchdog for 200 seconds at Sun Jan 26 06:49:21 UTC 2020
6 ms. Memory: 58368K Free: 34556K (59%)
ptolemy.util.test.WatchDog.cancel(): canceling Sun Jan 26 06:49:21 UTC 2020
auto.tcl: Setting watchdog for 200 seconds at Sun Jan 26 06:49:21 UTC 2020
6 ms. Memory: 58368K Free: 32541K (56%)
ptolemy.util.test.WatchDog.cancel(): canceling Sun Jan 26 06:49:21 UTC 2020
------------------ testing $PTII/ptolemy/domains/de/test/auto/NonInterruptibleTimerZeroDelay.xml
auto.tcl: Setting watchdog for 200 seconds at Sun Jan 26 06:49:21 UTC 2020
3 ms. Memory: 51200K Free: 32822K (64%)
ptolemy.util.test.WatchDog.cancel(): canceling Sun Jan 26 06:49:21 UTC 2020
auto.tcl: Setting watchdog for 200 seconds at Sun Jan 26 06:49:21 UTC 2020
2 ms. Memory: 51200K Free: 32182K (63%)
ptolemy.util.test.WatchDog.cancel(): canceling Sun Jan 26 06:49:21 UTC 2020
------------------ testing $PTII/ptolemy/domains/de/test/auto/OpenQueueingNetwork.xml
auto.tcl: Setting watchdog for 200 seconds at Sun Jan 26 06:49:21 UTC 2020
3288 ms. Memory: 109568K Free: 87206K (80%)
ptolemy.util.test.WatchDog.cancel(): canceling Sun Jan 26 06:49:25 UTC 2020
auto.tcl: Setting watchdog for 200 seconds at Sun Jan 26 06:49:25 UTC 2020
2618 ms. Memory: 132096K Free: 54432K (41%)
ptolemy.util.test.WatchDog.cancel(): canceling Sun Jan 26 06:49:28 UTC 2020
------------------ testing $PTII/ptolemy/domains/de/test/auto/OpenQueuingNetwork.xml
auto.tcl: Setting watchdog for 200 seconds at Sun Jan 26 06:49:28 UTC 2020
270 ms. Memory: 58368K Free: 32062K (55%)
ptolemy.util.test.WatchDog.cancel(): canceling Sun Jan 26 06:49:28 UTC 2020
auto.tcl: Setting watchdog for 200 seconds at Sun Jan 26 06:49:28 UTC 2020
273 ms. Memory: 58368K Free: 13021K (22%)
ptolemy.util.test.WatchDog.cancel(): canceling Sun Jan 26 06:49:28 UTC 2020
------------------ testing $PTII/ptolemy/domains/de/test/auto/PeriodicSampler.xml
auto.tcl: Setting watchdog for 200 seconds at Sun Jan 26 06:49:28 UTC 2020
3 ms. Memory: 55296K Free: 36132K (65%)
ptolemy.util.test.WatchDog.cancel(): canceling Sun Jan 26 06:49:28 UTC 2020
auto.tcl: Setting watchdog for 200 seconds at Sun Jan 26 06:49:28 UTC 2020
2 ms. Memory: 55296K Free: 35612K (64%)
ptolemy.util.test.WatchDog.cancel(): canceling Sun Jan 26 06:49:28 UTC 2020
------------------ testing $PTII/ptolemy/domains/de/test/auto/PersistentIO.xml
auto.tcl: Setting watchdog for 200 seconds at Sun Jan 26 06:49:28 UTC 2020
16 ms. Memory: 51200K Free: 26960K (53%)
ptolemy.util.test.WatchDog.cancel(): canceling Sun Jan 26 06:49:28 UTC 2020
auto.tcl: Setting watchdog for 200 seconds at Sun Jan 26 06:49:28 UTC 2020
4 ms. Memory: 51200K Free: 25440K (50%)
ptolemy.util.test.WatchDog.cancel(): canceling Sun Jan 26 06:49:28 UTC 2020
------------------ testing $PTII/ptolemy/domains/de/test/auto/PortParameterResetOnInitialize.xml
auto.tcl: Setting watchdog for 200 seconds at Sun Jan 26 06:49:28 UTC 2020
2 ms. Memory: 51200K Free: 31944K (62%)
ptolemy.util.test.WatchDog.cancel(): canceling Sun Jan 26 06:49:28 UTC 2020
auto.tcl: Setting watchdog for 200 seconds at Sun Jan 26 06:49:28 UTC 2020
2 ms. Memory: 51200K Free: 31448K (61%)
ptolemy.util.test.WatchDog.cancel(): canceling Sun Jan 26 06:49:28 UTC 2020
------------------ testing $PTII/ptolemy/domains/de/test/auto/PortParameterUpdates.xml
auto.tcl: Setting watchdog for 200 seconds at Sun Jan 26 06:49:28 UTC 2020
7 ms. Memory: 51200K Free: 30028K (59%)
ptolemy.util.test.WatchDog.cancel(): canceling Sun Jan 26 06:49:28 UTC 2020
auto.tcl: Setting watchdog for 200 seconds at Sun Jan 26 06:49:28 UTC 2020
5 ms. Memory: 51200K Free: 29004K (57%)
ptolemy.util.test.WatchDog.cancel(): canceling Sun Jan 26 06:49:28 UTC 2020
------------------ testing $PTII/ptolemy/domains/de/test/auto/QueueAndServer.xml
auto.tcl: Setting watchdog for 200 seconds at Sun Jan 26 06:49:29 UTC 2020
14 ms. Memory: 51200K Free: 28921K (56%)
ptolemy.util.test.WatchDog.cancel(): canceling Sun Jan 26 06:49:29 UTC 2020
auto.tcl: Setting watchdog for 200 seconds at Sun Jan 26 06:49:29 UTC 2020
7 ms. Memory: 51200K Free: 27449K (54%)
ptolemy.util.test.WatchDog.cancel(): canceling Sun Jan 26 06:49:29 UTC 2020
------------------ testing $PTII/ptolemy/domains/de/test/auto/Records.xml
auto.tcl: Setting watchdog for 200 seconds at Sun Jan 26 06:49:29 UTC 2020
3 ms. Memory: 51200K Free: 31190K (61%)
ptolemy.util.test.WatchDog.cancel(): canceling Sun Jan 26 06:49:29 UTC 2020
auto.tcl: Setting watchdog for 200 seconds at Sun Jan 26 06:49:29 UTC 2020
1 ms. Memory: 51200K Free: 30675K (60%)
ptolemy.util.test.WatchDog.cancel(): canceling Sun Jan 26 06:49:29 UTC 2020
------------------ testing $PTII/ptolemy/domains/de/test/auto/ResetTransitionWithStartTime1.xml
auto.tcl: Setting watchdog for 200 seconds at Sun Jan 26 06:49:29 UTC 2020
8 ms. Memory: 51200K Free: 28445K (56%)
ptolemy.util.test.WatchDog.cancel(): canceling Sun Jan 26 06:49:29 UTC 2020
auto.tcl: Setting watchdog for 200 seconds at Sun Jan 26 06:49:29 UTC 2020
6 ms. Memory: 51200K Free: 26397K (52%)
ptolemy.util.test.WatchDog.cancel(): canceling Sun Jan 26 06:49:29 UTC 2020
------------------ testing $PTII/ptolemy/domains/de/test/auto/ResetTransitionWithStartTime2.xml
auto.tcl: Setting watchdog for 200 seconds at Sun Jan 26 06:49:29 UTC 2020
6 ms. Memory: 51200K Free: 28436K (56%)
ptolemy.util.test.WatchDog.cancel(): canceling Sun Jan 26 06:49:29 UTC 2020
auto.tcl: Setting watchdog for 200 seconds at Sun Jan 26 06:49:29 UTC 2020
6 ms. Memory: 51200K Free: 26351K (51%)
ptolemy.util.test.WatchDog.cancel(): canceling Sun Jan 26 06:49:29 UTC 2020
------------------ testing $PTII/ptolemy/domains/de/test/auto/ResetTransitionWithStartTime3.xml
auto.tcl: Setting watchdog for 200 seconds at Sun Jan 26 06:49:29 UTC 2020
8 ms. Memory: 51200K Free: 28435K (56%)
ptolemy.util.test.WatchDog.cancel(): canceling Sun Jan 26 06:49:29 UTC 2020
auto.tcl: Setting watchdog for 200 seconds at Sun Jan 26 06:49:29 UTC 2020
6 ms. Memory: 51200K Free: 26350K (51%)
ptolemy.util.test.WatchDog.cancel(): canceling Sun Jan 26 06:49:29 UTC 2020
------------------ testing $PTII/ptolemy/domains/de/test/auto/ResetTransitionWithStartTime4.xml
auto.tcl: Setting watchdog for 200 seconds at Sun Jan 26 06:49:29 UTC 2020
10 ms. Memory: 51200K Free: 28838K (56%)
ptolemy.util.test.WatchDog.cancel(): canceling Sun Jan 26 06:49:29 UTC 2020
auto.tcl: Setting watchdog for 200 seconds at Sun Jan 26 06:49:29 UTC 2020
4 ms. Memory: 51200K Free: 27373K (53%)
ptolemy.util.test.WatchDog.cancel(): canceling Sun Jan 26 06:49:29 UTC 2020
------------------ testing $PTII/ptolemy/domains/de/test/auto/ResettableTimer1.xml
auto.tcl: Setting watchdog for 200 seconds at Sun Jan 26 06:49:29 UTC 2020
3 ms. Memory: 51200K Free: 32572K (64%)
ptolemy.util.test.WatchDog.cancel(): canceling Sun Jan 26 06:49:29 UTC 2020
auto.tcl: Setting watchdog for 200 seconds at Sun Jan 26 06:49:29 UTC 2020
2 ms. Memory: 51200K Free: 31945K (62%)
ptolemy.util.test.WatchDog.cancel(): canceling Sun Jan 26 06:49:29 UTC 2020
------------------ testing $PTII/ptolemy/domains/de/test/auto/ResettableTimer2.xml
auto.tcl: Setting watchdog for 200 seconds at Sun Jan 26 06:49:29 UTC 2020
2 ms. Memory: 51200K Free: 32631K (64%)
ptolemy.util.test.WatchDog.cancel(): canceling Sun Jan 26 06:49:29 UTC 2020
auto.tcl: Setting watchdog for 200 seconds at Sun Jan 26 06:49:29 UTC 2020
2 ms. Memory: 51200K Free: 32018K (63%)
ptolemy.util.test.WatchDog.cancel(): canceling Sun Jan 26 06:49:29 UTC 2020
------------------ testing $PTII/ptolemy/domains/de/test/auto/ResettableTimer3.xml
auto.tcl: Setting watchdog for 200 seconds at Sun Jan 26 06:49:29 UTC 2020
1 ms. Memory: 51200K Free: 32531K (64%)
ptolemy.util.test.WatchDog.cancel(): canceling Sun Jan 26 06:49:29 UTC 2020
auto.tcl: Setting watchdog for 200 seconds at Sun Jan 26 06:49:29 UTC 2020
2 ms. Memory: 51200K Free: 32531K (64%)
ptolemy.util.test.WatchDog.cancel(): canceling Sun Jan 26 06:49:29 UTC 2020
------------------ testing $PTII/ptolemy/domains/de/test/auto/ResettableTimer4.xml
auto.tcl: Setting watchdog for 200 seconds at Sun Jan 26 06:49:29 UTC 2020
3 ms. Memory: 51200K Free: 32544K (64%)
ptolemy.util.test.WatchDog.cancel(): canceling Sun Jan 26 06:49:29 UTC 2020
auto.tcl: Setting watchdog for 200 seconds at Sun Jan 26 06:49:29 UTC 2020
1 ms. Memory: 51200K Free: 32038K (63%)
ptolemy.util.test.WatchDog.cancel(): canceling Sun Jan 26 06:49:29 UTC 2020
------------------ testing $PTII/ptolemy/domains/de/test/auto/ResettableTimer5.xml
auto.tcl: Setting watchdog for 200 seconds at Sun Jan 26 06:49:29 UTC 2020
4 ms. Memory: 51200K Free: 32029K (63%)
ptolemy.util.test.WatchDog.cancel(): canceling Sun Jan 26 06:49:29 UTC 2020
auto.tcl: Setting watchdog for 200 seconds at Sun Jan 26 06:49:29 UTC 2020
1 ms. Memory: 51200K Free: 31519K (62%)
ptolemy.util.test.WatchDog.cancel(): canceling Sun Jan 26 06:49:29 UTC 2020
------------------ testing $PTII/ptolemy/domains/de/test/auto/ResettableTimer6.xml
auto.tcl: Setting watchdog for 200 seconds at Sun Jan 26 06:49:29 UTC 2020
2 ms. Memory: 51200K Free: 32020K (63%)
ptolemy.util.test.WatchDog.cancel(): canceling Sun Jan 26 06:49:29 UTC 2020
auto.tcl: Setting watchdog for 200 seconds at Sun Jan 26 06:49:29 UTC 2020
1 ms. Memory: 51200K Free: 31510K (62%)
ptolemy.util.test.WatchDog.cancel(): canceling Sun Jan 26 06:49:29 UTC 2020
------------------ testing $PTII/ptolemy/domains/de/test/auto/ServerZeroDelay.xml
auto.tcl: Setting watchdog for 200 seconds at Sun Jan 26 06:49:29 UTC 2020
5 ms. Memory: 51200K Free: 32525K (64%)
ptolemy.util.test.WatchDog.cancel(): canceling Sun Jan 26 06:49:29 UTC 2020
auto.tcl: Setting watchdog for 200 seconds at Sun Jan 26 06:49:29 UTC 2020
7 ms. Memory: 51200K Free: 31501K (62%)
ptolemy.util.test.WatchDog.cancel(): canceling Sun Jan 26 06:49:29 UTC 2020
------------------ testing $PTII/ptolemy/domains/de/test/auto/SmartSender.xml
auto.tcl: Setting watchdog for 200 seconds at Sun Jan 26 06:49:29 UTC 2020
3000 ms. Memory: 51200K Free: 32519K (64%)
ptolemy.util.test.WatchDog.cancel(): canceling Sun Jan 26 06:49:32 UTC 2020
auto.tcl: Setting watchdog for 200 seconds at Sun Jan 26 06:49:32 UTC 2020
3002 ms. Memory: 51200K Free: 31999K (62%)
ptolemy.util.test.WatchDog.cancel(): canceling Sun Jan 26 06:49:35 UTC 2020
------------------ testing $PTII/ptolemy/domains/de/test/auto/ThreadedComposite.xml
auto.tcl: Setting watchdog for 200 seconds at Sun Jan 26 06:49:35 UTC 2020
214 ms. Memory: 51200K Free: 13586K (27%)
ptolemy.util.test.WatchDog.cancel(): canceling Sun Jan 26 06:49:36 UTC 2020
auto.tcl: Setting watchdog for 200 seconds at Sun Jan 26 06:49:36 UTC 2020
178 ms. Memory: 51200K Free: 28036K (55%)
ptolemy.util.test.WatchDog.cancel(): canceling Sun Jan 26 06:49:36 UTC 2020
------------------ testing $PTII/ptolemy/domains/de/test/auto/Time.xml
auto.tcl: Setting watchdog for 200 seconds at Sun Jan 26 06:49:36 UTC 2020
568 ms. Memory: 51200K Free: 7755K (15%)
ptolemy.util.test.WatchDog.cancel(): canceling Sun Jan 26 06:49:37 UTC 2020
auto.tcl: Setting watchdog for 200 seconds at Sun Jan 26 06:49:37 UTC 2020
429 ms. Memory: 69632K Free: 31631K (45%)
ptolemy.util.test.WatchDog.cancel(): canceling Sun Jan 26 06:49:37 UTC 2020
------------------ testing $PTII/ptolemy/domains/de/test/auto/TimeDelayZeroDelay.xml
auto.tcl: Setting watchdog for 200 seconds at Sun Jan 26 06:49:37 UTC 2020
4 ms. Memory: 51200K Free: 32448K (63%)
ptolemy.util.test.WatchDog.cancel(): canceling Sun Jan 26 06:49:37 UTC 2020
auto.tcl: Setting watchdog for 200 seconds at Sun Jan 26 06:49:37 UTC 2020
2 ms. Memory: 51200K Free: 31576K (62%)
ptolemy.util.test.WatchDog.cancel(): canceling Sun Jan 26 06:49:37 UTC 2020
------------------ testing $PTII/ptolemy/domains/de/test/auto/TimerZeroDelay.xml
auto.tcl: Setting watchdog for 200 seconds at Sun Jan 26 06:49:37 UTC 2020
3 ms. Memory: 51200K Free: 32865K (64%)
ptolemy.util.test.WatchDog.cancel(): canceling Sun Jan 26 06:49:37 UTC 2020
auto.tcl: Setting watchdog for 200 seconds at Sun Jan 26 06:49:37 UTC 2020
2 ms. Memory: 51200K Free: 32069K (63%)
ptolemy.util.test.WatchDog.cancel(): canceling Sun Jan 26 06:49:37 UTC 2020
------------------ testing $PTII/ptolemy/domains/de/test/auto/TimingParadox.xml
auto.tcl: Setting watchdog for 200 seconds at Sun Jan 26 06:49:37 UTC 2020
376 ms. Memory: 51200K Free: 20161K (39%)
ptolemy.util.test.WatchDog.cancel(): canceling Sun Jan 26 06:49:38 UTC 2020
auto.tcl: Setting watchdog for 200 seconds at Sun Jan 26 06:49:38 UTC 2020
368 ms. Memory: 51200K Free: 10509K (21%)
ptolemy.util.test.WatchDog.cancel(): canceling Sun Jan 26 06:49:38 UTC 2020
------------------ testing $PTII/ptolemy/domains/de/test/auto/TransferInputs.xml
auto.tcl: Setting watchdog for 200 seconds at Sun Jan 26 06:49:38 UTC 2020
2 ms. Memory: 51200K Free: 30943K (60%)
ptolemy.util.test.WatchDog.cancel(): canceling Sun Jan 26 06:49:38 UTC 2020
auto.tcl: Setting watchdog for 200 seconds at Sun Jan 26 06:49:38 UTC 2020
2 ms. Memory: 51200K Free: 30059K (59%)
ptolemy.util.test.WatchDog.cancel(): canceling Sun Jan 26 06:49:38 UTC 2020
------------------ testing $PTII/ptolemy/domains/de/test/auto/TransferOutputs2.xml
auto.tcl: Setting watchdog for 200 seconds at Sun Jan 26 06:49:38 UTC 2020
4 ms. Memory: 51200K Free: 28401K (55%)
ptolemy.util.test.WatchDog.cancel(): canceling Sun Jan 26 06:49:38 UTC 2020
auto.tcl: Setting watchdog for 200 seconds at Sun Jan 26 06:49:38 UTC 2020
3 ms. Memory: 51200K Free: 26997K (53%)
ptolemy.util.test.WatchDog.cancel(): canceling Sun Jan 26 06:49:38 UTC 2020
------------------ testing $PTII/ptolemy/domains/de/test/auto/Trilateration.xml
auto.tcl: Setting watchdog for 200 seconds at Sun Jan 26 06:49:38 UTC 2020
11708 ms. Memory: 399360K Free: 308165K (77%)
ptolemy.util.test.WatchDog.cancel(): canceling Sun Jan 26 06:49:51 UTC 2020
auto.tcl: Setting watchdog for 200 seconds at Sun Jan 26 06:49:51 UTC 2020
8993 ms. Memory: 399360K Free: 291183K (73%)
ptolemy.util.test.WatchDog.cancel(): canceling Sun Jan 26 06:50:00 UTC 2020
------------------ testing $PTII/ptolemy/domains/de/test/auto/TwoSigmaDelta.xml
auto.tcl: Setting watchdog for 200 seconds at Sun Jan 26 06:50:00 UTC 2020
2447 ms. Memory: 92160K Free: 30154K (33%)
ptolemy.util.test.WatchDog.cancel(): canceling Sun Jan 26 06:50:03 UTC 2020
auto.tcl: Setting watchdog for 200 seconds at Sun Jan 26 06:50:03 UTC 2020
1742 ms. Memory: 92160K Free: 34225K (37%)
ptolemy.util.test.WatchDog.cancel(): canceling Sun Jan 26 06:50:04 UTC 2020
------------------ testing $PTII/ptolemy/domains/de/test/auto/VariableDelay.xml
auto.tcl: Setting watchdog for 200 seconds at Sun Jan 26 06:50:04 UTC 2020
2 ms. Memory: 55296K Free: 35549K (64%)
ptolemy.util.test.WatchDog.cancel(): canceling Sun Jan 26 06:50:05 UTC 2020
auto.tcl: Setting watchdog for 200 seconds at Sun Jan 26 06:50:05 UTC 2020
2 ms. Memory: 55296K Free: 34533K (62%)
ptolemy.util.test.WatchDog.cancel(): canceling Sun Jan 26 06:50:05 UTC 2020
------------------ testing $PTII/ptolemy/domains/de/test/auto/VariableDelay2.xml
auto.tcl: Setting watchdog for 200 seconds at Sun Jan 26 06:50:05 UTC 2020
7 ms. Memory: 55296K Free: 36135K (65%)
ptolemy.util.test.WatchDog.cancel(): canceling Sun Jan 26 06:50:05 UTC 2020
auto.tcl: Setting watchdog for 200 seconds at Sun Jan 26 06:50:05 UTC 2020
2 ms. Memory: 55296K Free: 35623K (64%)
ptolemy.util.test.WatchDog.cancel(): canceling Sun Jan 26 06:50:05 UTC 2020
------------------ testing $PTII/ptolemy/domains/de/test/auto/VariableDelayZeroDelay.xml
auto.tcl: Setting watchdog for 200 seconds at Sun Jan 26 06:50:05 UTC 2020
1 ms. Memory: 55296K Free: 36475K (66%)
ptolemy.util.test.WatchDog.cancel(): canceling Sun Jan 26 06:50:05 UTC 2020
auto.tcl: Setting watchdog for 200 seconds at Sun Jan 26 06:50:05 UTC 2020
3 ms. Memory: 55296K Free: 35947K (65%)
ptolemy.util.test.WatchDog.cancel(): canceling Sun Jan 26 06:50:05 UTC 2020
------------------ testing $PTII/ptolemy/domains/de/test/auto/VariableDelayZeroDelay2.xml
auto.tcl: Setting watchdog for 200 seconds at Sun Jan 26 06:50:05 UTC 2020
5 ms. Memory: 55296K Free: 36474K (66%)
ptolemy.util.test.WatchDog.cancel(): canceling Sun Jan 26 06:50:05 UTC 2020
auto.tcl: Setting watchdog for 200 seconds at Sun Jan 26 06:50:05 UTC 2020
2 ms. Memory: 55296K Free: 35450K (64%)
ptolemy.util.test.WatchDog.cancel(): canceling Sun Jan 26 06:50:05 UTC 2020
------------------ testing $PTII/ptolemy/domains/de/test/auto/deInCt.xml
auto.tcl: Setting watchdog for 200 seconds at Sun Jan 26 06:50:05 UTC 2020
0
1
1
1
1
1
1
0
0
0
1
1
1
1
1
1
0
0
0
0
1
1
1
0
0
0
0
9 ms. Memory: 51200K Free: 31351K (61%)
ptolemy.util.test.WatchDog.cancel(): canceling Sun Jan 26 06:50:05 UTC 2020
auto.tcl: Setting watchdog for 200 seconds at Sun Jan 26 06:50:05 UTC 2020
0
1
1
1
1
1
0
0
0
1
1
1
0
0
0
0
1
1
1
1
1
0
0
1
1
1
1
0
0
0
0
4 ms. Memory: 51200K Free: 29813K (58%)
ptolemy.util.test.WatchDog.cancel(): canceling Sun Jan 26 06:50:05 UTC 2020
------------------ testing $PTII/ptolemy/domains/de/test/auto/deInCt2.xml
auto.tcl: Setting watchdog for 200 seconds at Sun Jan 26 06:50:05 UTC 2020
0
1
1
1
0
0
1
1
1
0
0
1
1
1
0
0
1
1
1
0
0
1
1
1
0
0
1
1
1
0
0
1
1
1
0
0
1
1
1
0
0
0
8 ms. Memory: 51200K Free: 31352K (61%)
ptolemy.util.test.WatchDog.cancel(): canceling Sun Jan 26 06:50:05 UTC 2020
auto.tcl: Setting watchdog for 200 seconds at Sun Jan 26 06:50:05 UTC 2020
0
1
1
1
0
0
1
1
1
0
0
1
1
1
0
0
1
1
1
0
0
1
1
1
0
0
1
1
1
0
0
1
1
1
0
0
1
1
1
0
0
0
5 ms. Memory: 51200K Free: 29800K (58%)
ptolemy.util.test.WatchDog.cancel(): canceling Sun Jan 26 06:50:05 UTC 2020
------------------ testing $PTII/ptolemy/domains/de/test/auto/dynamicCausalityInterface1.xml
auto.tcl: Setting watchdog for 200 seconds at Sun Jan 26 06:50:05 UTC 2020
1 ms. Memory: 51200K Free: 27250K (53%)
ptolemy.util.test.WatchDog.cancel(): canceling Sun Jan 26 06:50:05 UTC 2020
auto.tcl: Setting watchdog for 200 seconds at Sun Jan 26 06:50:05 UTC 2020
1 ms. Memory: 51200K Free: 26738K (52%)
ptolemy.util.test.WatchDog.cancel(): canceling Sun Jan 26 06:50:05 UTC 2020
------------------ testing $PTII/ptolemy/domains/de/test/auto/fsm_de_test.xml
auto.tcl: Setting watchdog for 200 seconds at Sun Jan 26 06:50:05 UTC 2020
11 ms. Memory: 51200K Free: 27149K (53%)
ptolemy.util.test.WatchDog.cancel(): canceling Sun Jan 26 06:50:05 UTC 2020
auto.tcl: Setting watchdog for 200 seconds at Sun Jan 26 06:50:05 UTC 2020
6 ms. Memory: 51200K Free: 25101K (49%)
ptolemy.util.test.WatchDog.cancel(): canceling Sun Jan 26 06:50:05 UTC 2020
------------------ testing $PTII/ptolemy/domains/de/test/auto/functionDependencyReconstruction.xml
auto.tcl: Setting watchdog for 200 seconds at Sun Jan 26 06:50:05 UTC 2020
3 ms. Memory: 51200K Free: 20994K (41%)
ptolemy.util.test.WatchDog.cancel(): canceling Sun Jan 26 06:50:05 UTC 2020
auto.tcl: Setting watchdog for 200 seconds at Sun Jan 26 06:50:05 UTC 2020
3 ms. Memory: 51200K Free: 18946K (37%)
ptolemy.util.test.WatchDog.cancel(): canceling Sun Jan 26 06:50:05 UTC 2020
------------------ testing $PTII/ptolemy/domains/de/test/auto/multirate.xml
auto.tcl: Setting watchdog for 200 seconds at Sun Jan 26 06:50:05 UTC 2020
14 ms. Memory: 51200K Free: 29790K (58%)
ptolemy.util.test.WatchDog.cancel(): canceling Sun Jan 26 06:50:05 UTC 2020
auto.tcl: Setting watchdog for 200 seconds at Sun Jan 26 06:50:05 UTC 2020
5 ms. Memory: 51200K Free: 28052K (55%)
ptolemy.util.test.WatchDog.cancel(): canceling Sun Jan 26 06:50:05 UTC 2020
------------------ testing $PTII/ptolemy/domains/de/test/auto/multirate2.xml
auto.tcl: Setting watchdog for 200 seconds at Sun Jan 26 06:50:05 UTC 2020
4 ms. Memory: 51200K Free: 29746K (58%)
ptolemy.util.test.WatchDog.cancel(): canceling Sun Jan 26 06:50:05 UTC 2020
auto.tcl: Setting watchdog for 200 seconds at Sun Jan 26 06:50:05 UTC 2020
3 ms. Memory: 51200K Free: 28226K (55%)
ptolemy.util.test.WatchDog.cancel(): canceling Sun Jan 26 06:50:05 UTC 2020
------------------ testing $PTII/ptolemy/domains/de/test/auto/realtime.xml
auto.tcl: Setting watchdog for 200 seconds at Sun Jan 26 06:50:05 UTC 2020
10001 ms. Memory: 51200K Free: 32010K (63%)
ptolemy.util.test.WatchDog.cancel(): canceling Sun Jan 26 06:50:15 UTC 2020
auto.tcl: Setting watchdog for 200 seconds at Sun Jan 26 06:50:15 UTC 2020
10003 ms. Memory: 51200K Free: 31297K (61%)
ptolemy.util.test.WatchDog.cancel(): canceling Sun Jan 26 06:50:25 UTC 2020
------------------ testing $PTII/ptolemy/domains/de/test/auto/relationGroup.xml
auto.tcl: Setting watchdog for 200 seconds at Sun Jan 26 06:50:25 UTC 2020
8 ms. Memory: 51200K Free: 33081K (65%)
ptolemy.util.test.WatchDog.cancel(): canceling Sun Jan 26 06:50:25 UTC 2020
auto.tcl: Setting watchdog for 200 seconds at Sun Jan 26 06:50:25 UTC 2020
2 ms. Memory: 51200K Free: 32558K (64%)
ptolemy.util.test.WatchDog.cancel(): canceling Sun Jan 26 06:50:25 UTC 2020
------------------ testing $PTII/ptolemy/domains/de/test/auto/relationGroup2.xml
auto.tcl: Setting watchdog for 200 seconds at Sun Jan 26 06:50:25 UTC 2020
1 ms. Memory: 51200K Free: 32913K (64%)
ptolemy.util.test.WatchDog.cancel(): canceling Sun Jan 26 06:50:25 UTC 2020
auto.tcl: Setting watchdog for 200 seconds at Sun Jan 26 06:50:25 UTC 2020
1 ms. Memory: 51200K Free: 32403K (63%)
ptolemy.util.test.WatchDog.cancel(): canceling Sun Jan 26 06:50:25 UTC 2020
------------------ testing $PTII/ptolemy/domains/de/test/auto/sortWithOpaquePorts.xml
auto.tcl: Setting watchdog for 200 seconds at Sun Jan 26 06:50:25 UTC 2020
1 ms. Memory: 51200K Free: 31878K (62%)
ptolemy.util.test.WatchDog.cancel(): canceling Sun Jan 26 06:50:25 UTC 2020
auto.tcl: Setting watchdog for 200 seconds at Sun Jan 26 06:50:25 UTC 2020
2 ms. Memory: 51200K Free: 30856K (60%)
ptolemy.util.test.WatchDog.cancel(): canceling Sun Jan 26 06:50:25 UTC 2020
------------------ testing $PTII/ptolemy/domains/de/test/auto/transferInputsandOutputs.xml
auto.tcl: Setting watchdog for 200 seconds at Sun Jan 26 06:50:25 UTC 2020
3 ms. Memory: 51200K Free: 29320K (57%)
ptolemy.util.test.WatchDog.cancel(): canceling Sun Jan 26 06:50:25 UTC 2020
auto.tcl: Setting watchdog for 200 seconds at Sun Jan 26 06:50:25 UTC 2020
2 ms. Memory: 51200K Free: 28296K (55%)
ptolemy.util.test.WatchDog.cancel(): canceling Sun Jan 26 06:50:26 UTC 2020
------------------ testing $PTII/ptolemy/domains/de/test/auto/triggerType.xml
auto.tcl: Setting watchdog for 200 seconds at Sun Jan 26 06:50:26 UTC 2020
2 ms. Memory: 51200K Free: 32344K (63%)
ptolemy.util.test.WatchDog.cancel(): canceling Sun Jan 26 06:50:26 UTC 2020
auto.tcl: Setting watchdog for 200 seconds at Sun Jan 26 06:50:26 UTC 2020
2 ms. Memory: 51200K Free: 31320K (61%)
ptolemy.util.test.WatchDog.cancel(): canceling Sun Jan 26 06:50:26 UTC 2020
01/26/20 06:50:26
Failed: 0  Total Tests: 192  ((Passed: 187, Newly Passed: 1)  Known Failed: 5) /home/travis/build/icyphy/ptII/ptolemy/domains/de/test
01/26/20 06:50:26
Failed: 0  Total Tests: 192  ((Passed: 187, Newly Passed: 1)  Known Failed: 5) /home/travis/build/icyphy/ptII/ptolemy/domains/de/test
----------------- testing (KnownFailure) /home/travis/build/icyphy/ptII/ptolemy/domains/de/test/auto/knownFailedTests/DESDFClockTest.xml
2013 ms. Memory: 51200K Free: 25229K (49%)
Known Failure: java.lang.reflect.InvocationTargetException
----------------- testing (KnownFailure) /home/travis/build/icyphy/ptII/ptolemy/domains/de/test/auto/knownFailedTests/DirectFeedback.xml
1 ms. Memory: 51200K Free: 21133K (41%)
Known Failure: java.lang.reflect.InvocationTargetException
----------------- testing (KnownFailure) /home/travis/build/icyphy/ptII/ptolemy/domains/de/test/auto/knownFailedTests/FSMSource.xml
8 ms. Memory: 51200K Free: 13965K (27%)
----------------- testing (KnownFailure) /home/travis/build/icyphy/ptII/ptolemy/domains/de/test/auto/knownFailedTests/HierarchicalModel.xml
3 ms. Memory: 51200K Free: 26154K (51%)
Known Failure: java.lang.reflect.InvocationTargetException
----------------- testing (KnownFailure) /home/travis/build/icyphy/ptII/ptolemy/domains/de/test/auto/knownFailedTests/dependencyLoop.xml
2 ms. Memory: 51200K Free: 10842K (21%)
Known Failure: java.lang.reflect.InvocationTargetException
----------------- testing (KnownFailure) /home/travis/build/icyphy/ptII/ptolemy/domains/de/test/auto/knownFailedTests/dependencyLoop2.xml
2 ms. Memory: 51200K Free: 23786K (46%)
Known Failure: java.lang.reflect.InvocationTargetException
No auto/linux-amd64/*.xml tests in /home/travis/build/icyphy/ptII/ptolemy/domains/de/test
AutoTests.java: About to close Vertx.
AutoTests.java: Vertx closed.

===========================================================================================
----------------- testing Sun Jan 26 06:50:28 UTC 2020 /home/travis/build/icyphy/ptII/ptolemy/domains/de/test/auto/ActorDepthCalculation_actorWithoutPorts.xml
----------------- Instantiating /home/travis/build/icyphy/ptII/ptolemy/domains/de/test/auto/ActorDepthCalculation_actorWithoutPorts.xml
2 ms. Memory: 51200K Free: 16959K (33%)
----------------- Invoking toplevel() on ptolemy.moml.MoMLSimpleApplication@7e9ec30f
----------------- Done invoking toplevel() on ptolemy.moml.MoMLSimpleApplication@7e9ec30f
reloadAllAccessors: .ActorDepthCalculation_actorWithoutPorts

===========================================================================================
----------------- testing Sun Jan 26 06:50:28 UTC 2020 /home/travis/build/icyphy/ptII/ptolemy/domains/de/test/auto/AssemblyLine.xml
----------------- Instantiating /home/travis/build/icyphy/ptII/ptolemy/domains/de/test/auto/AssemblyLine.xml
3 ms. Memory: 51200K Free: 10114K (20%)
----------------- Invoking toplevel() on ptolemy.moml.MoMLSimpleApplication@63952e8f
----------------- Done invoking toplevel() on ptolemy.moml.MoMLSimpleApplication@63952e8f
reloadAllAccessors: .AssemblyLine

===========================================================================================
----------------- testing Sun Jan 26 06:50:28 UTC 2020 /home/travis/build/icyphy/ptII/ptolemy/domains/de/test/auto/CQBug1.xml
----------------- Instantiating /home/travis/build/icyphy/ptII/ptolemy/domains/de/test/auto/CQBug1.xml
0 ms. Memory: 51200K Free: 34892K (68%)
----------------- Invoking toplevel() on ptolemy.moml.MoMLSimpleApplication@b48cd1c
----------------- Done invoking toplevel() on ptolemy.moml.MoMLSimpleApplication@b48cd1c
reloadAllAccessors: .CQBug1

===========================================================================================
----------------- testing Sun Jan 26 06:50:28 UTC 2020 /home/travis/build/icyphy/ptII/ptolemy/domains/de/test/auto/CancelFireAt.xml
----------------- Instantiating /home/travis/build/icyphy/ptII/ptolemy/domains/de/test/auto/CancelFireAt.xml
1 ms. Memory: 51200K Free: 32205K (63%)
----------------- Invoking toplevel() on ptolemy.moml.MoMLSimpleApplication@7d4269ca
----------------- Done invoking toplevel() on ptolemy.moml.MoMLSimpleApplication@7d4269ca
reloadAllAccessors: .CancelFireAt

===========================================================================================
----------------- testing Sun Jan 26 06:50:28 UTC 2020 /home/travis/build/icyphy/ptII/ptolemy/domains/de/test/auto/CausalityAndComposabilityAnalysis.xml
----------------- Instantiating /home/travis/build/icyphy/ptII/ptolemy/domains/de/test/auto/CausalityAndComposabilityAnalysis.xml
1 ms. Memory: 51200K Free: 27724K (54%)
----------------- Invoking toplevel() on ptolemy.moml.MoMLSimpleApplication@610aa1f7
----------------- Done invoking toplevel() on ptolemy.moml.MoMLSimpleApplication@610aa1f7
reloadAllAccessors: .CausalityAndComposabilityAnalysis

===========================================================================================
----------------- testing Sun Jan 26 06:50:28 UTC 2020 /home/travis/build/icyphy/ptII/ptolemy/domains/de/test/auto/CausalityInterface1.xml
----------------- Instantiating /home/travis/build/icyphy/ptII/ptolemy/domains/de/test/auto/CausalityInterface1.xml
5 ms. Memory: 51200K Free: 22883K (45%)
----------------- Invoking toplevel() on ptolemy.moml.MoMLSimpleApplication@c8351e7
----------------- Done invoking toplevel() on ptolemy.moml.MoMLSimpleApplication@c8351e7
reloadAllAccessors: .CausalityInterface1

===========================================================================================
----------------- testing Sun Jan 26 06:50:28 UTC 2020 /home/travis/build/icyphy/ptII/ptolemy/domains/de/test/auto/CausalityInterface15.xml
----------------- Instantiating /home/travis/build/icyphy/ptII/ptolemy/domains/de/test/auto/CausalityInterface15.xml
2 ms. Memory: 51200K Free: 17484K (34%)
----------------- Invoking toplevel() on ptolemy.moml.MoMLSimpleApplication@232f3b01
----------------- Done invoking toplevel() on ptolemy.moml.MoMLSimpleApplication@232f3b01
reloadAllAccessors: .CausalityInterface15

===========================================================================================
----------------- testing Sun Jan 26 06:50:28 UTC 2020 /home/travis/build/icyphy/ptII/ptolemy/domains/de/test/auto/CausalityInterface2.xml
----------------- Instantiating /home/travis/build/icyphy/ptII/ptolemy/domains/de/test/auto/CausalityInterface2.xml
1 ms. Memory: 51200K Free: 12811K (25%)
----------------- Invoking toplevel() on ptolemy.moml.MoMLSimpleApplication@d68dc42
----------------- Done invoking toplevel() on ptolemy.moml.MoMLSimpleApplication@d68dc42
reloadAllAccessors: .CausalityInterface2

===========================================================================================
----------------- testing Sun Jan 26 06:50:28 UTC 2020 /home/travis/build/icyphy/ptII/ptolemy/domains/de/test/auto/CausalityInterface3.xml
----------------- Instantiating /home/travis/build/icyphy/ptII/ptolemy/domains/de/test/auto/CausalityInterface3.xml
5 ms. Memory: 51200K Free: 35542K (69%)
----------------- Invoking toplevel() on ptolemy.moml.MoMLSimpleApplication@690499a
----------------- Done invoking toplevel() on ptolemy.moml.MoMLSimpleApplication@690499a
reloadAllAccessors: .CausalityInterface3

===========================================================================================
----------------- testing Sun Jan 26 06:50:28 UTC 2020 /home/travis/build/icyphy/ptII/ptolemy/domains/de/test/auto/ClockDrift.xml
----------------- Instantiating /home/travis/build/icyphy/ptII/ptolemy/domains/de/test/auto/ClockDrift.xml
12 ms. Memory: 51200K Free: 23204K (45%)
----------------- Invoking toplevel() on ptolemy.moml.MoMLSimpleApplication@5e7241db
----------------- Done invoking toplevel() on ptolemy.moml.MoMLSimpleApplication@5e7241db
reloadAllAccessors: .ClockDrift

===========================================================================================
----------------- testing Sun Jan 26 06:50:28 UTC 2020 /home/travis/build/icyphy/ptII/ptolemy/domains/de/test/auto/ClockDriftAndValueChange.xml
----------------- Instantiating /home/travis/build/icyphy/ptII/ptolemy/domains/de/test/auto/ClockDriftAndValueChange.xml
8 ms. Memory: 51200K Free: 11469K (22%)
----------------- Invoking toplevel() on ptolemy.moml.MoMLSimpleApplication@6bafbd43
----------------- Done invoking toplevel() on ptolemy.moml.MoMLSimpleApplication@6bafbd43
reloadAllAccessors: .ClockDriftAndValueChange

===========================================================================================
----------------- testing Sun Jan 26 06:50:28 UTC 2020 /home/travis/build/icyphy/ptII/ptolemy/domains/de/test/auto/ClockDriftChange.xml
----------------- Instantiating /home/travis/build/icyphy/ptII/ptolemy/domains/de/test/auto/ClockDriftChange.xml
10 ms. Memory: 51200K Free: 28993K (57%)
----------------- Invoking toplevel() on ptolemy.moml.MoMLSimpleApplication@51efedc5
----------------- Done invoking toplevel() on ptolemy.moml.MoMLSimpleApplication@51efedc5
reloadAllAccessors: .ClockDriftChange

===========================================================================================
----------------- testing Sun Jan 26 06:50:28 UTC 2020 /home/travis/build/icyphy/ptII/ptolemy/domains/de/test/auto/ComposableCausalityAnalysis.xml
----------------- Instantiating /home/travis/build/icyphy/ptII/ptolemy/domains/de/test/auto/ComposableCausalityAnalysis.xml
2 ms. Memory: 51200K Free: 23154K (45%)
----------------- Invoking toplevel() on ptolemy.moml.MoMLSimpleApplication@4c8575e4
----------------- Done invoking toplevel() on ptolemy.moml.MoMLSimpleApplication@4c8575e4
reloadAllAccessors: .ComposableCausalityAnalysis

===========================================================================================
----------------- testing Sun Jan 26 06:50:28 UTC 2020 /home/travis/build/icyphy/ptII/ptolemy/domains/de/test/auto/DEFixedPointLimitation.xml
----------------- Instantiating /home/travis/build/icyphy/ptII/ptolemy/domains/de/test/auto/DEFixedPointLimitation.xml
1 ms. Memory: 51200K Free: 18413K (36%)
----------------- Invoking toplevel() on ptolemy.moml.MoMLSimpleApplication@66cc44a8
----------------- Done invoking toplevel() on ptolemy.moml.MoMLSimpleApplication@66cc44a8
reloadAllAccessors: .DEFixedPointLimitation

===========================================================================================
----------------- testing Sun Jan 26 06:50:28 UTC 2020 /home/travis/build/icyphy/ptII/ptolemy/domains/de/test/auto/DEScheduleTest.xml
----------------- Instantiating /home/travis/build/icyphy/ptII/ptolemy/domains/de/test/auto/DEScheduleTest.xml
3 ms. Memory: 51200K Free: 14186K (28%)
----------------- Invoking toplevel() on ptolemy.moml.MoMLSimpleApplication@3e1493f2
----------------- Done invoking toplevel() on ptolemy.moml.MoMLSimpleApplication@3e1493f2
reloadAllAccessors: .DEScheduleTest

===========================================================================================
----------------- testing Sun Jan 26 06:50:28 UTC 2020 /home/travis/build/icyphy/ptII/ptolemy/domains/de/test/auto/DEinDEwithStartTimes.xml
----------------- Instantiating /home/travis/build/icyphy/ptII/ptolemy/domains/de/test/auto/DEinDEwithStartTimes.xml
2 ms. Memory: 51200K Free: 8413K (16%)
----------------- Invoking toplevel() on ptolemy.moml.MoMLSimpleApplication@7c8852b2
----------------- Done invoking toplevel() on ptolemy.moml.MoMLSimpleApplication@7c8852b2
reloadAllAccessors: .DEinDEwithStartTimes

===========================================================================================
----------------- testing Sun Jan 26 06:50:28 UTC 2020 /home/travis/build/icyphy/ptII/ptolemy/domains/de/test/auto/DEinDEwithStartTimes2.xml
----------------- Instantiating /home/travis/build/icyphy/ptII/ptolemy/domains/de/test/auto/DEinDEwithStartTimes2.xml
3 ms. Memory: 51200K Free: 29650K (58%)
----------------- Invoking toplevel() on ptolemy.moml.MoMLSimpleApplication@d4b63da
----------------- Done invoking toplevel() on ptolemy.moml.MoMLSimpleApplication@d4b63da
reloadAllAccessors: .DEinDEwithStartTimes2

===========================================================================================
----------------- testing Sun Jan 26 06:50:28 UTC 2020 /home/travis/build/icyphy/ptII/ptolemy/domains/de/test/auto/DateDemo.xml
----------------- Instantiating /home/travis/build/icyphy/ptII/ptolemy/domains/de/test/auto/DateDemo.xml
7 ms. Memory: 51200K Free: 18399K (36%)
----------------- Invoking toplevel() on ptolemy.moml.MoMLSimpleApplication@4f68083c
----------------- Done invoking toplevel() on ptolemy.moml.MoMLSimpleApplication@4f68083c
reloadAllAccessors: .DateDemo

===========================================================================================
----------------- testing Sun Jan 26 06:50:28 UTC 2020 /home/travis/build/icyphy/ptII/ptolemy/domains/de/test/auto/DateToEvent.xml
----------------- Instantiating /home/travis/build/icyphy/ptII/ptolemy/domains/de/test/auto/DateToEvent.xml
2004 ms. Memory: 51200K Free: 29833K (58%)
----------------- Invoking toplevel() on ptolemy.moml.MoMLSimpleApplication@14c427cd
----------------- Done invoking toplevel() on ptolemy.moml.MoMLSimpleApplication@14c427cd
reloadAllAccessors: .DateToEvent

===========================================================================================
----------------- testing Sun Jan 26 06:50:30 UTC 2020 /home/travis/build/icyphy/ptII/ptolemy/domains/de/test/auto/DepthTest1.xml
----------------- Instantiating /home/travis/build/icyphy/ptII/ptolemy/domains/de/test/auto/DepthTest1.xml
1 ms. Memory: 51200K Free: 26928K (53%)
----------------- Invoking toplevel() on ptolemy.moml.MoMLSimpleApplication@44e58829
----------------- Done invoking toplevel() on ptolemy.moml.MoMLSimpleApplication@44e58829
reloadAllAccessors: .DepthTest1

===========================================================================================
----------------- testing Sun Jan 26 06:50:30 UTC 2020 /home/travis/build/icyphy/ptII/ptolemy/domains/de/test/auto/DepthTest2.xml
----------------- Instantiating /home/travis/build/icyphy/ptII/ptolemy/domains/de/test/auto/DepthTest2.xml
1 ms. Memory: 51200K Free: 20413K (40%)
----------------- Invoking toplevel() on ptolemy.moml.MoMLSimpleApplication@fa6a262
----------------- Done invoking toplevel() on ptolemy.moml.MoMLSimpleApplication@fa6a262
reloadAllAccessors: .DepthTest2

===========================================================================================
----------------- testing Sun Jan 26 06:50:30 UTC 2020 /home/travis/build/icyphy/ptII/ptolemy/domains/de/test/auto/DepthTest3.xml
----------------- Instantiating /home/travis/build/icyphy/ptII/ptolemy/domains/de/test/auto/DepthTest3.xml
10 ms. Memory: 51200K Free: 17481K (34%)
----------------- Invoking toplevel() on ptolemy.moml.MoMLSimpleApplication@68d301f3
----------------- Done invoking toplevel() on ptolemy.moml.MoMLSimpleApplication@68d301f3
reloadAllAccessors: .DepthTest3

===========================================================================================
----------------- testing Sun Jan 26 06:50:30 UTC 2020 /home/travis/build/icyphy/ptII/ptolemy/domains/de/test/auto/DepthTest4.xml
----------------- Instantiating /home/travis/build/icyphy/ptII/ptolemy/domains/de/test/auto/DepthTest4.xml
2 ms. Memory: 51200K Free: 12772K (25%)
----------------- Invoking toplevel() on ptolemy.moml.MoMLSimpleApplication@4a3738eb
----------------- Done invoking toplevel() on ptolemy.moml.MoMLSimpleApplication@4a3738eb
reloadAllAccessors: .DepthTest4

===========================================================================================
----------------- testing Sun Jan 26 06:50:30 UTC 2020 /home/travis/build/icyphy/ptII/ptolemy/domains/de/test/auto/DepthTest5.xml
----------------- Instantiating /home/travis/build/icyphy/ptII/ptolemy/domains/de/test/auto/DepthTest5.xml
2 ms. Memory: 51200K Free: 34497K (67%)
----------------- Invoking toplevel() on ptolemy.moml.MoMLSimpleApplication@e3c79b3
----------------- Done invoking toplevel() on ptolemy.moml.MoMLSimpleApplication@e3c79b3
reloadAllAccessors: .DepthTest5

===========================================================================================
----------------- testing Sun Jan 26 06:50:30 UTC 2020 /home/travis/build/icyphy/ptII/ptolemy/domains/de/test/auto/DepthTest6.xml
----------------- Instantiating /home/travis/build/icyphy/ptII/ptolemy/domains/de/test/auto/DepthTest6.xml
1 ms. Memory: 51200K Free: 29144K (57%)
----------------- Invoking toplevel() on ptolemy.moml.MoMLSimpleApplication@b260402
----------------- Done invoking toplevel() on ptolemy.moml.MoMLSimpleApplication@b260402
reloadAllAccessors: .DepthTest6

===========================================================================================
----------------- testing Sun Jan 26 06:50:30 UTC 2020 /home/travis/build/icyphy/ptII/ptolemy/domains/de/test/auto/DepthTest7.xml
----------------- Instantiating /home/travis/build/icyphy/ptII/ptolemy/domains/de/test/auto/DepthTest7.xml
1 ms. Memory: 51200K Free: 24247K (47%)
----------------- Invoking toplevel() on ptolemy.moml.MoMLSimpleApplication@3cfd1f2c
----------------- Done invoking toplevel() on ptolemy.moml.MoMLSimpleApplication@3cfd1f2c
reloadAllAccessors: .DepthTest7

===========================================================================================
----------------- testing Sun Jan 26 06:50:30 UTC 2020 /home/travis/build/icyphy/ptII/ptolemy/domains/de/test/auto/EventToDate.xml
----------------- Instantiating /home/travis/build/icyphy/ptII/ptolemy/domains/de/test/auto/EventToDate.xml
3017 ms. Memory: 51200K Free: 11145K (22%)
----------------- Invoking toplevel() on ptolemy.moml.MoMLSimpleApplication@64c11b17
----------------- Done invoking toplevel() on ptolemy.moml.MoMLSimpleApplication@64c11b17
reloadAllAccessors: .EventToDate

===========================================================================================
----------------- testing Sun Jan 26 06:50:33 UTC 2020 /home/travis/build/icyphy/ptII/ptolemy/domains/de/test/auto/FSM1.xml
----------------- Instantiating /home/travis/build/icyphy/ptII/ptolemy/domains/de/test/auto/FSM1.xml
13 ms. Memory: 51200K Free: 25748K (50%)
----------------- Invoking toplevel() on ptolemy.moml.MoMLSimpleApplication@2ac27b51
----------------- Done invoking toplevel() on ptolemy.moml.MoMLSimpleApplication@2ac27b51
reloadAllAccessors: .FSM1

===========================================================================================
----------------- testing Sun Jan 26 06:50:33 UTC 2020 /home/travis/build/icyphy/ptII/ptolemy/domains/de/test/auto/FSM7.xml
----------------- Instantiating /home/travis/build/icyphy/ptII/ptolemy/domains/de/test/auto/FSM7.xml
15 ms. Memory: 51200K Free: 13444K (26%)
----------------- Invoking toplevel() on ptolemy.moml.MoMLSimpleApplication@226e3c15
----------------- Done invoking toplevel() on ptolemy.moml.MoMLSimpleApplication@226e3c15
reloadAllAccessors: .FSM7

===========================================================================================
----------------- testing Sun Jan 26 06:50:33 UTC 2020 /home/travis/build/icyphy/ptII/ptolemy/domains/de/test/auto/Inspection.xml
----------------- Instantiating /home/travis/build/icyphy/ptII/ptolemy/domains/de/test/auto/Inspection.xml
15 ms. Memory: 51200K Free: 27796K (54%)
----------------- Invoking toplevel() on ptolemy.moml.MoMLSimpleApplication@24c8777f
----------------- Done invoking toplevel() on ptolemy.moml.MoMLSimpleApplication@24c8777f
reloadAllAccessors: .Inspection

===========================================================================================
----------------- testing Sun Jan 26 06:50:34 UTC 2020 /home/travis/build/icyphy/ptII/ptolemy/domains/de/test/auto/Iteration.xml
----------------- Instantiating /home/travis/build/icyphy/ptII/ptolemy/domains/de/test/auto/Iteration.xml
4 ms. Memory: 51200K Free: 20663K (40%)
----------------- Invoking toplevel() on ptolemy.moml.MoMLSimpleApplication@192008cb
----------------- Done invoking toplevel() on ptolemy.moml.MoMLSimpleApplication@192008cb
reloadAllAccessors: .Iteration

===========================================================================================
----------------- testing Sun Jan 26 06:50:34 UTC 2020 /home/travis/build/icyphy/ptII/ptolemy/domains/de/test/auto/LineFault.xml
----------------- Instantiating /home/travis/build/icyphy/ptII/ptolemy/domains/de/test/auto/LineFault.xml
480 ms. Memory: 51200K Free: 33185K (65%)
----------------- Invoking toplevel() on ptolemy.moml.MoMLSimpleApplication@306374f6
----------------- Done invoking toplevel() on ptolemy.moml.MoMLSimpleApplication@306374f6
reloadAllAccessors: .LineFault

===========================================================================================
----------------- testing Sun Jan 26 06:50:34 UTC 2020 /home/travis/build/icyphy/ptII/ptolemy/domains/de/test/auto/MergeModel1Add.xml
----------------- Instantiating /home/travis/build/icyphy/ptII/ptolemy/domains/de/test/auto/MergeModel1Add.xml
6 ms. Memory: 51200K Free: 13803K (27%)
----------------- Invoking toplevel() on ptolemy.moml.MoMLSimpleApplication@57c1ed7c
----------------- Done invoking toplevel() on ptolemy.moml.MoMLSimpleApplication@57c1ed7c
reloadAllAccessors: .MergeModel1Add

===========================================================================================
----------------- testing Sun Jan 26 06:50:34 UTC 2020 /home/travis/build/icyphy/ptII/ptolemy/domains/de/test/auto/MergeModel2Add.xml
----------------- Instantiating /home/travis/build/icyphy/ptII/ptolemy/domains/de/test/auto/MergeModel2Add.xml
6 ms. Memory: 51200K Free: 20887K (41%)
----------------- Invoking toplevel() on ptolemy.moml.MoMLSimpleApplication@650678bf
----------------- Done invoking toplevel() on ptolemy.moml.MoMLSimpleApplication@650678bf
reloadAllAccessors: .MergeModel2Add

===========================================================================================
----------------- testing Sun Jan 26 06:50:34 UTC 2020 /home/travis/build/icyphy/ptII/ptolemy/domains/de/test/auto/MergeModel3Add.xml
----------------- Instantiating /home/travis/build/icyphy/ptII/ptolemy/domains/de/test/auto/MergeModel3Add.xml
5 ms. Memory: 51200K Free: 27787K (54%)
----------------- Invoking toplevel() on ptolemy.moml.MoMLSimpleApplication@432a5676
----------------- Done invoking toplevel() on ptolemy.moml.MoMLSimpleApplication@432a5676
reloadAllAccessors: .MergeModel3Add

===========================================================================================
----------------- testing Sun Jan 26 06:50:34 UTC 2020 /home/travis/build/icyphy/ptII/ptolemy/domains/de/test/auto/MergeWithoutDiscard.xml
----------------- Instantiating /home/travis/build/icyphy/ptII/ptolemy/domains/de/test/auto/MergeWithoutDiscard.xml
1 ms. Memory: 51200K Free: 23667K (46%)
----------------- Invoking toplevel() on ptolemy.moml.MoMLSimpleApplication@5083e701
----------------- Done invoking toplevel() on ptolemy.moml.MoMLSimpleApplication@5083e701
reloadAllAccessors: .MergeWithoutDiscard

===========================================================================================
----------------- testing Sun Jan 26 06:50:34 UTC 2020 /home/travis/build/icyphy/ptII/ptolemy/domains/de/test/auto/Modal1.xml
----------------- Instantiating /home/travis/build/icyphy/ptII/ptolemy/domains/de/test/auto/Modal1.xml
9 ms. Memory: 51200K Free: 11433K (22%)
----------------- Invoking toplevel() on ptolemy.moml.MoMLSimpleApplication@1b41eecb
----------------- Done invoking toplevel() on ptolemy.moml.MoMLSimpleApplication@1b41eecb
reloadAllAccessors: .Modal1

===========================================================================================
----------------- testing Sun Jan 26 06:50:34 UTC 2020 /home/travis/build/icyphy/ptII/ptolemy/domains/de/test/auto/Modal2.xml
----------------- Instantiating /home/travis/build/icyphy/ptII/ptolemy/domains/de/test/auto/Modal2.xml
10 ms. Memory: 51200K Free: 24290K (47%)
----------------- Invoking toplevel() on ptolemy.moml.MoMLSimpleApplication@40811825
----------------- Done invoking toplevel() on ptolemy.moml.MoMLSimpleApplication@40811825
reloadAllAccessors: .Modal2

===========================================================================================
----------------- testing Sun Jan 26 06:50:34 UTC 2020 /home/travis/build/icyphy/ptII/ptolemy/domains/de/test/auto/Modal3.xml
----------------- Instantiating /home/travis/build/icyphy/ptII/ptolemy/domains/de/test/auto/Modal3.xml
10 ms. Memory: 51200K Free: 12024K (23%)
----------------- Invoking toplevel() on ptolemy.moml.MoMLSimpleApplication@493b213f
----------------- Done invoking toplevel() on ptolemy.moml.MoMLSimpleApplication@493b213f
reloadAllAccessors: .Modal3

===========================================================================================
----------------- testing Sun Jan 26 06:50:34 UTC 2020 /home/travis/build/icyphy/ptII/ptolemy/domains/de/test/auto/Modal4.xml
----------------- Instantiating /home/travis/build/icyphy/ptII/ptolemy/domains/de/test/auto/Modal4.xml
11 ms. Memory: 51200K Free: 23802K (46%)
----------------- Invoking toplevel() on ptolemy.moml.MoMLSimpleApplication@25dd4318
----------------- Done invoking toplevel() on ptolemy.moml.MoMLSimpleApplication@25dd4318
reloadAllAccessors: .Modal4

===========================================================================================
----------------- testing Sun Jan 26 06:50:34 UTC 2020 /home/travis/build/icyphy/ptII/ptolemy/domains/de/test/auto/Modal5.xml
----------------- Instantiating /home/travis/build/icyphy/ptII/ptolemy/domains/de/test/auto/Modal5.xml
14 ms. Memory: 51200K Free: 35234K (69%)
----------------- Invoking toplevel() on ptolemy.moml.MoMLSimpleApplication@907f319
----------------- Done invoking toplevel() on ptolemy.moml.MoMLSimpleApplication@907f319
reloadAllAccessors: .Modal5

===========================================================================================
----------------- testing Sun Jan 26 06:50:35 UTC 2020 /home/travis/build/icyphy/ptII/ptolemy/domains/de/test/auto/Modal6.xml
----------------- Instantiating /home/travis/build/icyphy/ptII/ptolemy/domains/de/test/auto/Modal6.xml
9 ms. Memory: 51200K Free: 22691K (44%)
----------------- Invoking toplevel() on ptolemy.moml.MoMLSimpleApplication@1b0c139a
----------------- Done invoking toplevel() on ptolemy.moml.MoMLSimpleApplication@1b0c139a
reloadAllAccessors: .Modal6

===========================================================================================
----------------- testing Sun Jan 26 06:50:35 UTC 2020 /home/travis/build/icyphy/ptII/ptolemy/domains/de/test/auto/Modal7.xml
----------------- Instantiating /home/travis/build/icyphy/ptII/ptolemy/domains/de/test/auto/Modal7.xml
12 ms. Memory: 51200K Free: 33876K (66%)
----------------- Invoking toplevel() on ptolemy.moml.MoMLSimpleApplication@4bb3df28
----------------- Done invoking toplevel() on ptolemy.moml.MoMLSimpleApplication@4bb3df28
reloadAllAccessors: .Modal7

===========================================================================================
----------------- testing Sun Jan 26 06:50:35 UTC 2020 /home/travis/build/icyphy/ptII/ptolemy/domains/de/test/auto/ModalModel.xml
----------------- Instantiating /home/travis/build/icyphy/ptII/ptolemy/domains/de/test/auto/ModalModel.xml
146 ms. Memory: 61440K Free: 24901K (41%)
----------------- Invoking toplevel() on ptolemy.moml.MoMLSimpleApplication@683c97f7
----------------- Done invoking toplevel() on ptolemy.moml.MoMLSimpleApplication@683c97f7
reloadAllAccessors: .ModalModel

===========================================================================================
----------------- testing Sun Jan 26 06:50:35 UTC 2020 /home/travis/build/icyphy/ptII/ptolemy/domains/de/test/auto/ModalSource.xml
----------------- Instantiating /home/travis/build/icyphy/ptII/ptolemy/domains/de/test/auto/ModalSource.xml
5 ms. Memory: 61440K Free: 16763K (27%)
----------------- Invoking toplevel() on ptolemy.moml.MoMLSimpleApplication@57b89b68
----------------- Done invoking toplevel() on ptolemy.moml.MoMLSimpleApplication@57b89b68
reloadAllAccessors: .ModalSource

===========================================================================================
----------------- testing Sun Jan 26 06:50:35 UTC 2020 /home/travis/build/icyphy/ptII/ptolemy/domains/de/test/auto/NonInterruptibleTimerZeroDelay.xml
----------------- Instantiating /home/travis/build/icyphy/ptII/ptolemy/domains/de/test/auto/NonInterruptibleTimerZeroDelay.xml
2 ms. Memory: 61440K Free: 44518K (72%)
----------------- Invoking toplevel() on ptolemy.moml.MoMLSimpleApplication@5a59a98d
----------------- Done invoking toplevel() on ptolemy.moml.MoMLSimpleApplication@5a59a98d
reloadAllAccessors: .NonInterruptibleTimerZeroDelay

===========================================================================================
----------------- testing Sun Jan 26 06:50:35 UTC 2020 /home/travis/build/icyphy/ptII/ptolemy/domains/de/test/auto/OpenQueueingNetwork.xml
----------------- Instantiating /home/travis/build/icyphy/ptII/ptolemy/domains/de/test/auto/OpenQueueingNetwork.xml
2286 ms. Memory: 115712K Free: 49223K (43%)
----------------- Invoking toplevel() on ptolemy.moml.MoMLSimpleApplication@66f4e2aa
----------------- Done invoking toplevel() on ptolemy.moml.MoMLSimpleApplication@66f4e2aa
reloadAllAccessors: .OpenQueueingNetwork

===========================================================================================
----------------- testing Sun Jan 26 06:50:37 UTC 2020 /home/travis/build/icyphy/ptII/ptolemy/domains/de/test/auto/OpenQueuingNetwork.xml
----------------- Instantiating /home/travis/build/icyphy/ptII/ptolemy/domains/de/test/auto/OpenQueuingNetwork.xml
208 ms. Memory: 115712K Free: 39342K (34%)
----------------- Invoking toplevel() on ptolemy.moml.MoMLSimpleApplication@c3a133f
----------------- Done invoking toplevel() on ptolemy.moml.MoMLSimpleApplication@c3a133f
reloadAllAccessors: .OpenQueuingNetwork

===========================================================================================
----------------- testing Sun Jan 26 06:50:37 UTC 2020 /home/travis/build/icyphy/ptII/ptolemy/domains/de/test/auto/PeriodicSampler.xml
----------------- Instantiating /home/travis/build/icyphy/ptII/ptolemy/domains/de/test/auto/PeriodicSampler.xml
2 ms. Memory: 115712K Free: 35246K (30%)
----------------- Invoking toplevel() on ptolemy.moml.MoMLSimpleApplication@43892d47
----------------- Done invoking toplevel() on ptolemy.moml.MoMLSimpleApplication@43892d47
reloadAllAccessors: .PeriodicSampler

===========================================================================================
----------------- testing Sun Jan 26 06:50:37 UTC 2020 /home/travis/build/icyphy/ptII/ptolemy/domains/de/test/auto/PersistentIO.xml
----------------- Instantiating /home/travis/build/icyphy/ptII/ptolemy/domains/de/test/auto/PersistentIO.xml
2 ms. Memory: 115712K Free: 93881K (81%)
----------------- Invoking toplevel() on ptolemy.moml.MoMLSimpleApplication@19e98a00
----------------- Done invoking toplevel() on ptolemy.moml.MoMLSimpleApplication@19e98a00
reloadAllAccessors: .PersistentIO

===========================================================================================
----------------- testing Sun Jan 26 06:50:37 UTC 2020 /home/travis/build/icyphy/ptII/ptolemy/domains/de/test/auto/PortParameterResetOnInitialize.xml
----------------- Instantiating /home/travis/build/icyphy/ptII/ptolemy/domains/de/test/auto/PortParameterResetOnInitialize.xml
3 ms. Memory: 115712K Free: 89289K (77%)
----------------- Invoking toplevel() on ptolemy.moml.MoMLSimpleApplication@757ba373
----------------- Done invoking toplevel() on ptolemy.moml.MoMLSimpleApplication@757ba373
reloadAllAccessors: .PortParameterResetOnInitialize

===========================================================================================
----------------- testing Sun Jan 26 06:50:37 UTC 2020 /home/travis/build/icyphy/ptII/ptolemy/domains/de/test/auto/PortParameterUpdates.xml
----------------- Instantiating /home/travis/build/icyphy/ptII/ptolemy/domains/de/test/auto/PortParameterUpdates.xml
2 ms. Memory: 115712K Free: 82617K (71%)
----------------- Invoking toplevel() on ptolemy.moml.MoMLSimpleApplication@401b29d3
----------------- Done invoking toplevel() on ptolemy.moml.MoMLSimpleApplication@401b29d3
reloadAllAccessors: .PortParameterUpdates

===========================================================================================
----------------- testing Sun Jan 26 06:50:37 UTC 2020 /home/travis/build/icyphy/ptII/ptolemy/domains/de/test/auto/QueueAndServer.xml
----------------- Instantiating /home/travis/build/icyphy/ptII/ptolemy/domains/de/test/auto/QueueAndServer.xml
3 ms. Memory: 115712K Free: 74953K (65%)
----------------- Invoking toplevel() on ptolemy.moml.MoMLSimpleApplication@256c7dfa
----------------- Done invoking toplevel() on ptolemy.moml.MoMLSimpleApplication@256c7dfa
reloadAllAccessors: .QueueAndServer

===========================================================================================
----------------- testing Sun Jan 26 06:50:38 UTC 2020 /home/travis/build/icyphy/ptII/ptolemy/domains/de/test/auto/Records.xml
----------------- Instantiating /home/travis/build/icyphy/ptII/ptolemy/domains/de/test/auto/Records.xml
3 ms. Memory: 115712K Free: 69319K (60%)
----------------- Invoking toplevel() on ptolemy.moml.MoMLSimpleApplication@39f8b8e9
----------------- Done invoking toplevel() on ptolemy.moml.MoMLSimpleApplication@39f8b8e9
reloadAllAccessors: .Records

===========================================================================================
----------------- testing Sun Jan 26 06:50:38 UTC 2020 /home/travis/build/icyphy/ptII/ptolemy/domains/de/test/auto/ResetTransitionWithStartTime1.xml
----------------- Instantiating /home/travis/build/icyphy/ptII/ptolemy/domains/de/test/auto/ResetTransitionWithStartTime1.xml
11 ms. Memory: 115712K Free: 61113K (53%)
----------------- Invoking toplevel() on ptolemy.moml.MoMLSimpleApplication@d0aced2
----------------- Done invoking toplevel() on ptolemy.moml.MoMLSimpleApplication@d0aced2
reloadAllAccessors: .ResetTransitionWithStartTime1

===========================================================================================
----------------- testing Sun Jan 26 06:50:38 UTC 2020 /home/travis/build/icyphy/ptII/ptolemy/domains/de/test/auto/ResetTransitionWithStartTime2.xml
----------------- Instantiating /home/travis/build/icyphy/ptII/ptolemy/domains/de/test/auto/ResetTransitionWithStartTime2.xml
5 ms. Memory: 115712K Free: 52921K (46%)
----------------- Invoking toplevel() on ptolemy.moml.MoMLSimpleApplication@1a3183b1
----------------- Done invoking toplevel() on ptolemy.moml.MoMLSimpleApplication@1a3183b1
reloadAllAccessors: .ResetTransitionWithStartTime2

===========================================================================================
----------------- testing Sun Jan 26 06:50:38 UTC 2020 /home/travis/build/icyphy/ptII/ptolemy/domains/de/test/auto/ResetTransitionWithStartTime3.xml
----------------- Instantiating /home/travis/build/icyphy/ptII/ptolemy/domains/de/test/auto/ResetTransitionWithStartTime3.xml
4 ms. Memory: 115712K Free: 44729K (39%)
----------------- Invoking toplevel() on ptolemy.moml.MoMLSimpleApplication@2195bba9
----------------- Done invoking toplevel() on ptolemy.moml.MoMLSimpleApplication@2195bba9
reloadAllAccessors: .ResetTransitionWithStartTime3

===========================================================================================
----------------- testing Sun Jan 26 06:50:38 UTC 2020 /home/travis/build/icyphy/ptII/ptolemy/domains/de/test/auto/ResetTransitionWithStartTime4.xml
----------------- Instantiating /home/travis/build/icyphy/ptII/ptolemy/domains/de/test/auto/ResetTransitionWithStartTime4.xml
3 ms. Memory: 115712K Free: 37065K (32%)
----------------- Invoking toplevel() on ptolemy.moml.MoMLSimpleApplication@70d29160
----------------- Done invoking toplevel() on ptolemy.moml.MoMLSimpleApplication@70d29160
reloadAllAccessors: .ResetTransitionWithStartTime4

===========================================================================================
----------------- testing Sun Jan 26 06:50:38 UTC 2020 /home/travis/build/icyphy/ptII/ptolemy/domains/de/test/auto/ResettableTimer1.xml
----------------- Instantiating /home/travis/build/icyphy/ptII/ptolemy/domains/de/test/auto/ResettableTimer1.xml
2 ms. Memory: 115712K Free: 32969K (28%)
----------------- Invoking toplevel() on ptolemy.moml.MoMLSimpleApplication@1fff6201
----------------- Done invoking toplevel() on ptolemy.moml.MoMLSimpleApplication@1fff6201
reloadAllAccessors: .ResettableTimer1

===========================================================================================
----------------- testing Sun Jan 26 06:50:38 UTC 2020 /home/travis/build/icyphy/ptII/ptolemy/domains/de/test/auto/ResettableTimer2.xml
----------------- Instantiating /home/travis/build/icyphy/ptII/ptolemy/domains/de/test/auto/ResettableTimer2.xml
2 ms. Memory: 115712K Free: 96572K (83%)
----------------- Invoking toplevel() on ptolemy.moml.MoMLSimpleApplication@ec55f1d
----------------- Done invoking toplevel() on ptolemy.moml.MoMLSimpleApplication@ec55f1d
reloadAllAccessors: .ResettableTimer2

===========================================================================================
----------------- testing Sun Jan 26 06:50:38 UTC 2020 /home/travis/build/icyphy/ptII/ptolemy/domains/de/test/auto/ResettableTimer3.xml
----------------- Instantiating /home/travis/build/icyphy/ptII/ptolemy/domains/de/test/auto/ResettableTimer3.xml
1 ms. Memory: 115712K Free: 92476K (80%)
----------------- Invoking toplevel() on ptolemy.moml.MoMLSimpleApplication@534f8d2c
----------------- Done invoking toplevel() on ptolemy.moml.MoMLSimpleApplication@534f8d2c
reloadAllAccessors: .ResettableTimer3

===========================================================================================
----------------- testing Sun Jan 26 06:50:38 UTC 2020 /home/travis/build/icyphy/ptII/ptolemy/domains/de/test/auto/ResettableTimer4.xml
----------------- Instantiating /home/travis/build/icyphy/ptII/ptolemy/domains/de/test/auto/ResettableTimer4.xml
1 ms. Memory: 115712K Free: 88380K (76%)
----------------- Invoking toplevel() on ptolemy.moml.MoMLSimpleApplication@7bebbace
----------------- Done invoking toplevel() on ptolemy.moml.MoMLSimpleApplication@7bebbace
reloadAllAccessors: .ResettableTimer4

===========================================================================================
----------------- testing Sun Jan 26 06:50:38 UTC 2020 /home/travis/build/icyphy/ptII/ptolemy/domains/de/test/auto/ResettableTimer5.xml
----------------- Instantiating /home/travis/build/icyphy/ptII/ptolemy/domains/de/test/auto/ResettableTimer5.xml
1 ms. Memory: 115712K Free: 83770K (72%)
----------------- Invoking toplevel() on ptolemy.moml.MoMLSimpleApplication@407236ef
----------------- Done invoking toplevel() on ptolemy.moml.MoMLSimpleApplication@407236ef
reloadAllAccessors: .ResettableTimer5

===========================================================================================
----------------- testing Sun Jan 26 06:50:38 UTC 2020 /home/travis/build/icyphy/ptII/ptolemy/domains/de/test/auto/ResettableTimer6.xml
----------------- Instantiating /home/travis/build/icyphy/ptII/ptolemy/domains/de/test/auto/ResettableTimer6.xml
6 ms. Memory: 115712K Free: 79162K (68%)
----------------- Invoking toplevel() on ptolemy.moml.MoMLSimpleApplication@5ef60371
----------------- Done invoking toplevel() on ptolemy.moml.MoMLSimpleApplication@5ef60371
reloadAllAccessors: .ResettableTimer6

===========================================================================================
----------------- testing Sun Jan 26 06:50:38 UTC 2020 /home/travis/build/icyphy/ptII/ptolemy/domains/de/test/auto/ServerZeroDelay.xml
----------------- Instantiating /home/travis/build/icyphy/ptII/ptolemy/domains/de/test/auto/ServerZeroDelay.xml
1 ms. Memory: 115712K Free: 75068K (65%)
----------------- Invoking toplevel() on ptolemy.moml.MoMLSimpleApplication@75ae9f4d
----------------- Done invoking toplevel() on ptolemy.moml.MoMLSimpleApplication@75ae9f4d
reloadAllAccessors: .ServerZeroDelay

===========================================================================================
----------------- testing Sun Jan 26 06:50:38 UTC 2020 /home/travis/build/icyphy/ptII/ptolemy/domains/de/test/auto/SmartSender.xml
----------------- Instantiating /home/travis/build/icyphy/ptII/ptolemy/domains/de/test/auto/SmartSender.xml
3001 ms. Memory: 115712K Free: 70972K (61%)
----------------- Invoking toplevel() on ptolemy.moml.MoMLSimpleApplication@176e912a
----------------- Done invoking toplevel() on ptolemy.moml.MoMLSimpleApplication@176e912a
reloadAllAccessors: .SmartSender

===========================================================================================
----------------- testing Sun Jan 26 06:50:41 UTC 2020 /home/travis/build/icyphy/ptII/ptolemy/domains/de/test/auto/ThreadedComposite.xml
----------------- Instantiating /home/travis/build/icyphy/ptII/ptolemy/domains/de/test/auto/ThreadedComposite.xml
79 ms. Memory: 115712K Free: 50492K (44%)
----------------- Invoking toplevel() on ptolemy.moml.MoMLSimpleApplication@1ae9dbbf
----------------- Done invoking toplevel() on ptolemy.moml.MoMLSimpleApplication@1ae9dbbf
reloadAllAccessors: .ThreadedComposite

===========================================================================================
----------------- testing Sun Jan 26 06:50:41 UTC 2020 /home/travis/build/icyphy/ptII/ptolemy/domains/de/test/auto/Time.xml
----------------- Instantiating /home/travis/build/icyphy/ptII/ptolemy/domains/de/test/auto/Time.xml
388 ms. Memory: 115712K Free: 65066K (56%)
----------------- Invoking toplevel() on ptolemy.moml.MoMLSimpleApplication@55f4eab4
----------------- Done invoking toplevel() on ptolemy.moml.MoMLSimpleApplication@55f4eab4
reloadAllAccessors: .Time

===========================================================================================
----------------- testing Sun Jan 26 06:50:41 UTC 2020 /home/travis/build/icyphy/ptII/ptolemy/domains/de/test/auto/TimeDelayZeroDelay.xml
----------------- Instantiating /home/travis/build/icyphy/ptII/ptolemy/domains/de/test/auto/TimeDelayZeroDelay.xml
2 ms. Memory: 115712K Free: 60809K (53%)
----------------- Invoking toplevel() on ptolemy.moml.MoMLSimpleApplication@333273e4
----------------- Done invoking toplevel() on ptolemy.moml.MoMLSimpleApplication@333273e4
reloadAllAccessors: .TimeDelayZeroDelay

===========================================================================================
----------------- testing Sun Jan 26 06:50:41 UTC 2020 /home/travis/build/icyphy/ptII/ptolemy/domains/de/test/auto/TimerZeroDelay.xml
----------------- Instantiating /home/travis/build/icyphy/ptII/ptolemy/domains/de/test/auto/TimerZeroDelay.xml
2 ms. Memory: 115712K Free: 56729K (49%)
----------------- Invoking toplevel() on ptolemy.moml.MoMLSimpleApplication@6c01c4f7
----------------- Done invoking toplevel() on ptolemy.moml.MoMLSimpleApplication@6c01c4f7
reloadAllAccessors: .TimerZeroDelay

===========================================================================================
----------------- testing Sun Jan 26 06:50:41 UTC 2020 /home/travis/build/icyphy/ptII/ptolemy/domains/de/test/auto/TimingParadox.xml
----------------- Instantiating /home/travis/build/icyphy/ptII/ptolemy/domains/de/test/auto/TimingParadox.xml
246 ms. Memory: 115712K Free: 56842K (49%)
----------------- Invoking toplevel() on ptolemy.moml.MoMLSimpleApplication@6c6bccf2
----------------- Done invoking toplevel() on ptolemy.moml.MoMLSimpleApplication@6c6bccf2
reloadAllAccessors: .TimingParadox

===========================================================================================
----------------- testing Sun Jan 26 06:50:42 UTC 2020 /home/travis/build/icyphy/ptII/ptolemy/domains/de/test/auto/TransferInputs.xml
----------------- Instantiating /home/travis/build/icyphy/ptII/ptolemy/domains/de/test/auto/TransferInputs.xml
2 ms. Memory: 115712K Free: 52135K (45%)
----------------- Invoking toplevel() on ptolemy.moml.MoMLSimpleApplication@7db58dc3
----------------- Done invoking toplevel() on ptolemy.moml.MoMLSimpleApplication@7db58dc3
reloadAllAccessors: .TransferInputs

===========================================================================================
----------------- testing Sun Jan 26 06:50:42 UTC 2020 /home/travis/build/icyphy/ptII/ptolemy/domains/de/test/auto/TransferOutputs2.xml
----------------- Instantiating /home/travis/build/icyphy/ptII/ptolemy/domains/de/test/auto/TransferOutputs2.xml
2 ms. Memory: 115712K Free: 43973K (38%)
----------------- Invoking toplevel() on ptolemy.moml.MoMLSimpleApplication@1223963
----------------- Done invoking toplevel() on ptolemy.moml.MoMLSimpleApplication@1223963
reloadAllAccessors: .TransferOutputs2

===========================================================================================
----------------- testing Sun Jan 26 06:50:42 UTC 2020 /home/travis/build/icyphy/ptII/ptolemy/domains/de/test/auto/Trilateration.xml
----------------- Instantiating /home/travis/build/icyphy/ptII/ptolemy/domains/de/test/auto/Trilateration.xml
9917 ms. Memory: 422912K Free: 299785K (71%)
----------------- Invoking toplevel() on ptolemy.moml.MoMLSimpleApplication@24e05138
----------------- Done invoking toplevel() on ptolemy.moml.MoMLSimpleApplication@24e05138
reloadAllAccessors: .Trilateration

===========================================================================================
----------------- testing Sun Jan 26 06:50:52 UTC 2020 /home/travis/build/icyphy/ptII/ptolemy/domains/de/test/auto/TwoSigmaDelta.xml
----------------- Instantiating /home/travis/build/icyphy/ptII/ptolemy/domains/de/test/auto/TwoSigmaDelta.xml
1782 ms. Memory: 422912K Free: 349570K (83%)
----------------- Invoking toplevel() on ptolemy.moml.MoMLSimpleApplication@25beb171
----------------- Done invoking toplevel() on ptolemy.moml.MoMLSimpleApplication@25beb171
reloadAllAccessors: .TwoSigmaDelta

===========================================================================================
----------------- testing Sun Jan 26 06:50:54 UTC 2020 /home/travis/build/icyphy/ptII/ptolemy/domains/de/test/auto/VariableDelay.xml
----------------- Instantiating /home/travis/build/icyphy/ptII/ptolemy/domains/de/test/auto/VariableDelay.xml
2 ms. Memory: 422912K Free: 344444K (81%)
----------------- Invoking toplevel() on ptolemy.moml.MoMLSimpleApplication@1a8cb218
----------------- Done invoking toplevel() on ptolemy.moml.MoMLSimpleApplication@1a8cb218
reloadAllAccessors: .VariableDelay

===========================================================================================
----------------- testing Sun Jan 26 06:50:54 UTC 2020 /home/travis/build/icyphy/ptII/ptolemy/domains/de/test/auto/VariableDelay2.xml
----------------- Instantiating /home/travis/build/icyphy/ptII/ptolemy/domains/de/test/auto/VariableDelay2.xml
1 ms. Memory: 422912K Free: 339844K (80%)
----------------- Invoking toplevel() on ptolemy.moml.MoMLSimpleApplication@44c88ff
----------------- Done invoking toplevel() on ptolemy.moml.MoMLSimpleApplication@44c88ff
reloadAllAccessors: .VariableDelay2

===========================================================================================
----------------- testing Sun Jan 26 06:50:54 UTC 2020 /home/travis/build/icyphy/ptII/ptolemy/domains/de/test/auto/VariableDelayZeroDelay.xml
----------------- Instantiating /home/travis/build/icyphy/ptII/ptolemy/domains/de/test/auto/VariableDelayZeroDelay.xml
4 ms. Memory: 422912K Free: 335748K (79%)
----------------- Invoking toplevel() on ptolemy.moml.MoMLSimpleApplication@40036ef
----------------- Done invoking toplevel() on ptolemy.moml.MoMLSimpleApplication@40036ef
reloadAllAccessors: .VariableDelayZeroDelay

===========================================================================================
----------------- testing Sun Jan 26 06:50:54 UTC 2020 /home/travis/build/icyphy/ptII/ptolemy/domains/de/test/auto/VariableDelayZeroDelay2.xml
----------------- Instantiating /home/travis/build/icyphy/ptII/ptolemy/domains/de/test/auto/VariableDelayZeroDelay2.xml
1 ms. Memory: 422912K Free: 331138K (78%)
----------------- Invoking toplevel() on ptolemy.moml.MoMLSimpleApplication@249dc6fb
----------------- Done invoking toplevel() on ptolemy.moml.MoMLSimpleApplication@249dc6fb
reloadAllAccessors: .VariableDelayZeroDelay2

===========================================================================================
----------------- testing Sun Jan 26 06:50:54 UTC 2020 /home/travis/build/icyphy/ptII/ptolemy/domains/de/test/auto/deInCt.xml
----------------- Instantiating /home/travis/build/icyphy/ptII/ptolemy/domains/de/test/auto/deInCt.xml
0
1
1
1
0
0
0
1
1
1
0
0
1
1
1
1
0
0
1
1
1
0
0
0
1
1
1
1
0
0
0
1
1
1
0
0
0
0
1
1
1
0
0
0
0
0
6 ms. Memory: 422912K Free: 326018K (77%)
----------------- Invoking toplevel() on ptolemy.moml.MoMLSimpleApplication@b441e01
----------------- Done invoking toplevel() on ptolemy.moml.MoMLSimpleApplication@b441e01
reloadAllAccessors: .deInCt

===========================================================================================
----------------- testing Sun Jan 26 06:50:54 UTC 2020 /home/travis/build/icyphy/ptII/ptolemy/domains/de/test/auto/deInCt2.xml
----------------- Instantiating /home/travis/build/icyphy/ptII/ptolemy/domains/de/test/auto/deInCt2.xml
0
1
1
1
0
0
1
1
1
0
0
1
1
1
0
0
1
1
1
0
0
1
1
1
0
0
1
1
1
0
0
1
1
1
0
0
1
1
1
0
0
0
6 ms. Memory: 422912K Free: 320892K (76%)
----------------- Invoking toplevel() on ptolemy.moml.MoMLSimpleApplication@5c48c492
----------------- Done invoking toplevel() on ptolemy.moml.MoMLSimpleApplication@5c48c492
reloadAllAccessors: .deInCt2

===========================================================================================
----------------- testing Sun Jan 26 06:50:54 UTC 2020 /home/travis/build/icyphy/ptII/ptolemy/domains/de/test/auto/dynamicCausalityInterface1.xml
----------------- Instantiating /home/travis/build/icyphy/ptII/ptolemy/domains/de/test/auto/dynamicCausalityInterface1.xml
1 ms. Memory: 422912K Free: 311682K (74%)
----------------- Invoking toplevel() on ptolemy.moml.MoMLSimpleApplication@83c2b10
----------------- Done invoking toplevel() on ptolemy.moml.MoMLSimpleApplication@83c2b10
reloadAllAccessors: .dynamicCausalityInterface1

===========================================================================================
----------------- testing Sun Jan 26 06:50:54 UTC 2020 /home/travis/build/icyphy/ptII/ptolemy/domains/de/test/auto/fsm_de_test.xml
----------------- Instantiating /home/travis/build/icyphy/ptII/ptolemy/domains/de/test/auto/fsm_de_test.xml
4 ms. Memory: 422912K Free: 302452K (72%)
----------------- Invoking toplevel() on ptolemy.moml.MoMLSimpleApplication@3f78099c
----------------- Done invoking toplevel() on ptolemy.moml.MoMLSimpleApplication@3f78099c
reloadAllAccessors: .fsm_de_test

===========================================================================================
----------------- testing Sun Jan 26 06:50:54 UTC 2020 /home/travis/build/icyphy/ptII/ptolemy/domains/de/test/auto/functionDependencyReconstruction.xml
----------------- Instantiating /home/travis/build/icyphy/ptII/ptolemy/domains/de/test/auto/functionDependencyReconstruction.xml
2 ms. Memory: 422912K Free: 287620K (68%)
----------------- Invoking toplevel() on ptolemy.moml.MoMLSimpleApplication@37758711
----------------- Done invoking toplevel() on ptolemy.moml.MoMLSimpleApplication@37758711
reloadAllAccessors: .functionDependencyReconstruction

===========================================================================================
----------------- testing Sun Jan 26 06:50:54 UTC 2020 /home/travis/build/icyphy/ptII/ptolemy/domains/de/test/auto/multirate.xml
----------------- Instantiating /home/travis/build/icyphy/ptII/ptolemy/domains/de/test/auto/multirate.xml
4 ms. Memory: 422912K Free: 280948K (66%)
----------------- Invoking toplevel() on ptolemy.moml.MoMLSimpleApplication@248c11c2
----------------- Done invoking toplevel() on ptolemy.moml.MoMLSimpleApplication@248c11c2
reloadAllAccessors: .multirate

===========================================================================================
----------------- testing Sun Jan 26 06:50:54 UTC 2020 /home/travis/build/icyphy/ptII/ptolemy/domains/de/test/auto/multirate2.xml
----------------- Instantiating /home/travis/build/icyphy/ptII/ptolemy/domains/de/test/auto/multirate2.xml
3 ms. Memory: 422912K Free: 274308K (65%)
----------------- Invoking toplevel() on ptolemy.moml.MoMLSimpleApplication@5a9d30fd
----------------- Done invoking toplevel() on ptolemy.moml.MoMLSimpleApplication@5a9d30fd
reloadAllAccessors: .multirate2

===========================================================================================
----------------- testing Sun Jan 26 06:50:54 UTC 2020 /home/travis/build/icyphy/ptII/ptolemy/domains/de/test/auto/realtime.xml
----------------- Instantiating /home/travis/build/icyphy/ptII/ptolemy/domains/de/test/auto/realtime.xml
10003 ms. Memory: 422912K Free: 269698K (64%)
----------------- Invoking toplevel() on ptolemy.moml.MoMLSimpleApplication@3aec3750
----------------- Done invoking toplevel() on ptolemy.moml.MoMLSimpleApplication@3aec3750
reloadAllAccessors: .realtime

===========================================================================================
----------------- testing Sun Jan 26 06:51:04 UTC 2020 /home/travis/build/icyphy/ptII/ptolemy/domains/de/test/auto/relationGroup.xml
----------------- Instantiating /home/travis/build/icyphy/ptII/ptolemy/domains/de/test/auto/relationGroup.xml
1 ms. Memory: 422912K Free: 266116K (63%)
----------------- Invoking toplevel() on ptolemy.moml.MoMLSimpleApplication@72a642c2
----------------- Done invoking toplevel() on ptolemy.moml.MoMLSimpleApplication@72a642c2
reloadAllAccessors: .relationGroup

===========================================================================================
----------------- testing Sun Jan 26 06:51:04 UTC 2020 /home/travis/build/icyphy/ptII/ptolemy/domains/de/test/auto/relationGroup2.xml
----------------- Instantiating /home/travis/build/icyphy/ptII/ptolemy/domains/de/test/auto/relationGroup2.xml
1 ms. Memory: 422912K Free: 262530K (62%)
----------------- Invoking toplevel() on ptolemy.moml.MoMLSimpleApplication@271898bb
----------------- Done invoking toplevel() on ptolemy.moml.MoMLSimpleApplication@271898bb
reloadAllAccessors: .relationGroup2

===========================================================================================
----------------- testing Sun Jan 26 06:51:04 UTC 2020 /home/travis/build/icyphy/ptII/ptolemy/domains/de/test/auto/sortWithOpaquePorts.xml
----------------- Instantiating /home/travis/build/icyphy/ptII/ptolemy/domains/de/test/auto/sortWithOpaquePorts.xml
1 ms. Memory: 422912K Free: 257924K (61%)
----------------- Invoking toplevel() on ptolemy.moml.MoMLSimpleApplication@5fb1b3d2
----------------- Done invoking toplevel() on ptolemy.moml.MoMLSimpleApplication@5fb1b3d2
reloadAllAccessors: .sortWithOpaquePorts

===========================================================================================
----------------- testing Sun Jan 26 06:51:04 UTC 2020 /home/travis/build/icyphy/ptII/ptolemy/domains/de/test/auto/transferInputsandOutputs.xml
----------------- Instantiating /home/travis/build/icyphy/ptII/ptolemy/domains/de/test/auto/transferInputsandOutputs.xml
1 ms. Memory: 422912K Free: 250756K (59%)
----------------- Invoking toplevel() on ptolemy.moml.MoMLSimpleApplication@169724d2
----------------- Done invoking toplevel() on ptolemy.moml.MoMLSimpleApplication@169724d2
reloadAllAccessors: .transferInputsandOutputs

===========================================================================================
----------------- testing Sun Jan 26 06:51:04 UTC 2020 /home/travis/build/icyphy/ptII/ptolemy/domains/de/test/auto/triggerType.xml
----------------- Instantiating /home/travis/build/icyphy/ptII/ptolemy/domains/de/test/auto/triggerType.xml
1 ms. Memory: 422912K Free: 246660K (58%)
----------------- Invoking toplevel() on ptolemy.moml.MoMLSimpleApplication@3804ae3d
----------------- Done invoking toplevel() on ptolemy.moml.MoMLSimpleApplication@3804ae3d
reloadAllAccessors: .triggerType
AutoTests.java: About to close Vertx.
AutoTests.java: Vertx closed.
]]></system-out>
  <system-err><![CDATA[java.lang.RuntimeException: Execution failed
	at ptolemy.moml.MoMLSimpleApplication$UnloadThread.run(MoMLSimpleApplication.java:402)
Caused by: ptolemy.kernel.util.IllegalActionException: Found a zero delay loop containing .dependencyLoop.original
  in .dependencyLoop and .dependencyLoop.original
	at ptolemy.actor.util.CausalityInterfaceForComposites._computeOutputPortDepth(CausalityInterfaceForComposites.java:759)
	at ptolemy.actor.util.CausalityInterfaceForComposites._computeInputDepth(CausalityInterfaceForComposites.java:696)
	at ptolemy.actor.util.CausalityInterfaceForComposites._computeOutputPortDepth(CausalityInterfaceForComposites.java:765)
	at ptolemy.actor.util.CausalityInterfaceForComposites._computeInputDepth(CausalityInterfaceForComposites.java:696)
	at ptolemy.actor.util.CausalityInterfaceForComposites._computeOutputPortDepth(CausalityInterfaceForComposites.java:765)
	at ptolemy.actor.util.CausalityInterfaceForComposites._computeInputDepth(CausalityInterfaceForComposites.java:696)
	at ptolemy.actor.util.CausalityInterfaceForComposites._computeActorDepth(CausalityInterfaceForComposites.java:532)
	at ptolemy.actor.util.CausalityInterfaceForComposites.checkForCycles(CausalityInterfaceForComposites.java:96)
	at ptolemy.domains.de.kernel.DEDirector.preinitialize(DEDirector.java:1338)
	at ptolemy.actor.CompositeActor.preinitialize(CompositeActor.java:1828)
	at ptolemy.actor.Manager.preinitializeAndResolveTypes(Manager.java:1040)
	at ptolemy.actor.Manager.initialize(Manager.java:710)
	at ptolemy.actor.Manager.execute(Manager.java:356)
	at ptolemy.actor.Manager.run(Manager.java:1263)
	at ptolemy.actor.Manager$PtolemyRunThread.run(Manager.java:1933)
java.lang.RuntimeException: Execution failed
	at ptolemy.moml.MoMLSimpleApplication$UnloadThread.run(MoMLSimpleApplication.java:402)
Caused by: ptolemy.kernel.util.IllegalActionException: Found a zero delay loop containing .dependencyLoop2.original
  in .dependencyLoop2 and .dependencyLoop2.original
	at ptolemy.actor.util.CausalityInterfaceForComposites._computeOutputPortDepth(CausalityInterfaceForComposites.java:759)
	at ptolemy.actor.util.CausalityInterfaceForComposites._computeInputDepth(CausalityInterfaceForComposites.java:696)
	at ptolemy.actor.util.CausalityInterfaceForComposites._computeOutputPortDepth(CausalityInterfaceForComposites.java:765)
	at ptolemy.actor.util.CausalityInterfaceForComposites._computeInputDepth(CausalityInterfaceForComposites.java:696)
	at ptolemy.actor.util.CausalityInterfaceForComposites._computeOutputPortDepth(CausalityInterfaceForComposites.java:765)
	at ptolemy.actor.util.CausalityInterfaceForComposites._computeInputDepth(CausalityInterfaceForComposites.java:696)
	at ptolemy.actor.util.CausalityInterfaceForComposites._computeActorDepth(CausalityInterfaceForComposites.java:532)
	at ptolemy.actor.util.CausalityInterfaceForComposites.checkForCycles(CausalityInterfaceForComposites.java:96)
	at ptolemy.domains.de.kernel.DEDirector.preinitialize(DEDirector.java:1338)
	at ptolemy.actor.CompositeActor.preinitialize(CompositeActor.java:1828)
	at ptolemy.actor.Manager.preinitializeAndResolveTypes(Manager.java:1040)
	at ptolemy.actor.Manager.initialize(Manager.java:710)
	at ptolemy.actor.Manager.execute(Manager.java:356)
	at ptolemy.actor.Manager.run(Manager.java:1263)
	at ptolemy.actor.Manager$PtolemyRunThread.run(Manager.java:1933)
java.lang.RuntimeException: Execution failed
	at ptolemy.moml.MoMLSimpleApplication$UnloadThread.run(MoMLSimpleApplication.java:402)
Caused by: ptolemy.kernel.util.IllegalActionException: Test fails in iteration 1.
Value was: 1.0. Should have been: 2.0
  in .DirectFeedback.Test
	at ptolemy.actor.lib.Test.fire(Test.java:268)
	at ptolemy.domains.de.kernel.DEDirector._fire(DEDirector.java:1949)
	at ptolemy.domains.de.kernel.DEDirector.fire(DEDirector.java:502)
	at ptolemy.actor.CompositeActor.fire(CompositeActor.java:455)
	at ptolemy.actor.Manager.iterate(Manager.java:851)
	at ptolemy.actor.Manager.execute(Manager.java:369)
	at ptolemy.actor.Manager.run(Manager.java:1263)
	at ptolemy.actor.Manager$PtolemyRunThread.run(Manager.java:1933)
java.lang.RuntimeException: Execution failed
	at ptolemy.moml.MoMLSimpleApplication$UnloadThread.run(MoMLSimpleApplication.java:402)
Caused by: ptolemy.kernel.util.IllegalActionException: Found a zero delay loop containing .dependencyLoop.original
  in .dependencyLoop and .dependencyLoop.original
	at ptolemy.actor.util.CausalityInterfaceForComposites._computeOutputPortDepth(CausalityInterfaceForComposites.java:759)
	at ptolemy.actor.util.CausalityInterfaceForComposites._computeInputDepth(CausalityInterfaceForComposites.java:696)
	at ptolemy.actor.util.CausalityInterfaceForComposites._computeOutputPortDepth(CausalityInterfaceForComposites.java:765)
	at ptolemy.actor.util.CausalityInterfaceForComposites._computeInputDepth(CausalityInterfaceForComposites.java:696)
	at ptolemy.actor.util.CausalityInterfaceForComposites._computeOutputPortDepth(CausalityInterfaceForComposites.java:765)
	at ptolemy.actor.util.CausalityInterfaceForComposites._computeInputDepth(CausalityInterfaceForComposites.java:696)
	at ptolemy.actor.util.CausalityInterfaceForComposites._computeActorDepth(CausalityInterfaceForComposites.java:532)
	at ptolemy.actor.util.CausalityInterfaceForComposites.checkForCycles(CausalityInterfaceForComposites.java:96)
	at ptolemy.domains.de.kernel.DEDirector.preinitialize(DEDirector.java:1338)
	at ptolemy.actor.CompositeActor.preinitialize(CompositeActor.java:1828)
	at ptolemy.actor.Manager.preinitializeAndResolveTypes(Manager.java:1040)
	at ptolemy.actor.Manager.initialize(Manager.java:710)
	at ptolemy.actor.Manager.execute(Manager.java:356)
	at ptolemy.actor.Manager.run(Manager.java:1263)
	at ptolemy.actor.Manager$PtolemyRunThread.run(Manager.java:1933)
java.lang.RuntimeException: Execution failed
	at ptolemy.moml.MoMLSimpleApplication$UnloadThread.run(MoMLSimpleApplication.java:402)
Caused by: ptolemy.kernel.util.IllegalActionException: Found a zero delay loop containing .HierarchicalModel.A
  in .HierarchicalModel and .HierarchicalModel.A
	at ptolemy.actor.util.CausalityInterfaceForComposites._computeOutputPortDepth(CausalityInterfaceForComposites.java:759)
	at ptolemy.actor.util.CausalityInterfaceForComposites._computeInputDepth(CausalityInterfaceForComposites.java:696)
	at ptolemy.actor.util.CausalityInterfaceForComposites._computeOutputPortDepth(CausalityInterfaceForComposites.java:765)
	at ptolemy.actor.util.CausalityInterfaceForComposites._computeInputDepth(CausalityInterfaceForComposites.java:696)
	at ptolemy.actor.util.CausalityInterfaceForComposites._computeOutputPortDepth(CausalityInterfaceForComposites.java:765)
	at ptolemy.actor.util.CausalityInterfaceForComposites._computeInputDepth(CausalityInterfaceForComposites.java:696)
	at ptolemy.actor.util.CausalityInterfaceForComposites._computeActorDepth(CausalityInterfaceForComposites.java:532)
	at ptolemy.actor.util.CausalityInterfaceForComposites.checkForCycles(CausalityInterfaceForComposites.java:96)
	at ptolemy.domains.de.kernel.DEDirector.preinitialize(DEDirector.java:1338)
	at ptolemy.actor.CompositeActor.preinitialize(CompositeActor.java:1828)
	at ptolemy.actor.Manager.preinitializeAndResolveTypes(Manager.java:1040)
	at ptolemy.actor.Manager.initialize(Manager.java:710)
	at ptolemy.actor.Manager.execute(Manager.java:356)
	at ptolemy.actor.Manager.run(Manager.java:1263)
	at ptolemy.actor.Manager$PtolemyRunThread.run(Manager.java:1933)
java.lang.RuntimeException: Execution failed
	at ptolemy.moml.MoMLSimpleApplication$UnloadThread.run(MoMLSimpleApplication.java:402)
Caused by: ptolemy.kernel.util.IllegalActionException: Found a zero delay loop containing .dependencyLoop2.original
  in .dependencyLoop2 and .dependencyLoop2.original
	at ptolemy.actor.util.CausalityInterfaceForComposites._computeOutputPortDepth(CausalityInterfaceForComposites.java:759)
	at ptolemy.actor.util.CausalityInterfaceForComposites._computeInputDepth(CausalityInterfaceForComposites.java:696)
	at ptolemy.actor.util.CausalityInterfaceForComposites._computeOutputPortDepth(CausalityInterfaceForComposites.java:765)
	at ptolemy.actor.util.CausalityInterfaceForComposites._computeInputDepth(CausalityInterfaceForComposites.java:696)
	at ptolemy.actor.util.CausalityInterfaceForComposites._computeOutputPortDepth(CausalityInterfaceForComposites.java:765)
	at ptolemy.actor.util.CausalityInterfaceForComposites._computeInputDepth(CausalityInterfaceForComposites.java:696)
	at ptolemy.actor.util.CausalityInterfaceForComposites._computeActorDepth(CausalityInterfaceForComposites.java:532)
	at ptolemy.actor.util.CausalityInterfaceForComposites.checkForCycles(CausalityInterfaceForComposites.java:96)
	at ptolemy.domains.de.kernel.DEDirector.preinitialize(DEDirector.java:1338)
	at ptolemy.actor.CompositeActor.preinitialize(CompositeActor.java:1828)
	at ptolemy.actor.Manager.preinitializeAndResolveTypes(Manager.java:1040)
	at ptolemy.actor.Manager.initialize(Manager.java:710)
	at ptolemy.actor.Manager.execute(Manager.java:356)
	at ptolemy.actor.Manager.run(Manager.java:1263)
	at ptolemy.actor.Manager$PtolemyRunThread.run(Manager.java:1933)
java.lang.RuntimeException: Execution failed
	at ptolemy.moml.MoMLSimpleApplication$UnloadThread.run(MoMLSimpleApplication.java:402)
Caused by: ptolemy.kernel.util.IllegalActionException: Actor is not ready to fire.  Perhaps UpSample.prefire() returned false? Try debugging the actor by selecting "Listen to Actor".  Also, for SDF check moml for tokenConsumptionRate on input.
  in .DESDFClockTest.Play Bell.Copy1:SDF Director and .DESDFClockTest.Play Bell.UpSample
	at ptolemy.actor.sched.StaticSchedulingDirector.fire(StaticSchedulingDirector.java:227)
	at ptolemy.domains.sdf.kernel.SDFDirector.fire(SDFDirector.java:500)
	at ptolemy.actor.CompositeActor.fire(CompositeActor.java:455)
	at ptolemy.domains.de.kernel.DEDirector._fire(DEDirector.java:1949)
	at ptolemy.domains.de.kernel.DEDirector.fire(DEDirector.java:502)
	at ptolemy.actor.CompositeActor.fire(CompositeActor.java:455)
	at ptolemy.actor.Manager.iterate(Manager.java:851)
	at ptolemy.actor.Manager.execute(Manager.java:369)
	at ptolemy.actor.Manager.run(Manager.java:1263)
	at ptolemy.actor.Manager$PtolemyRunThread.run(Manager.java:1933)
java.lang.RuntimeException: Execution failed
	at ptolemy.moml.MoMLSimpleApplication$UnloadThread.run(MoMLSimpleApplication.java:402)
Caused by: ptolemy.kernel.util.IllegalActionException: Actor is not ready to fire.  Perhaps UpSample.prefire() returned false? Try debugging the actor by selecting "Listen to Actor".  Also, for SDF check moml for tokenConsumptionRate on input.
  in .DESDFClockTest.Play Bell.Copy1:SDF Director and .DESDFClockTest.Play Bell.UpSample
	at ptolemy.actor.sched.StaticSchedulingDirector.fire(StaticSchedulingDirector.java:227)
	at ptolemy.domains.sdf.kernel.SDFDirector.fire(SDFDirector.java:500)
	at ptolemy.actor.CompositeActor.fire(CompositeActor.java:455)
	at ptolemy.domains.de.kernel.DEDirector._fire(DEDirector.java:1949)
	at ptolemy.domains.de.kernel.DEDirector.fire(DEDirector.java:502)
	at ptolemy.actor.CompositeActor.fire(CompositeActor.java:455)
	at ptolemy.actor.Manager.iterate(Manager.java:851)
	at ptolemy.actor.Manager.execute(Manager.java:369)
	at ptolemy.actor.Manager.run(Manager.java:1263)
	at ptolemy.actor.Manager$PtolemyRunThread.run(Manager.java:1933)
java.lang.reflect.InvocationTargetException
	at java.base/jdk.internal.reflect.NativeConstructorAccessorImpl.newInstance0(Native Method)
	at java.base/jdk.internal.reflect.NativeConstructorAccessorImpl.newInstance(NativeConstructorAccessorImpl.java:62)
	at java.base/jdk.internal.reflect.DelegatingConstructorAccessorImpl.newInstance(DelegatingConstructorAccessorImpl.java:45)
	at java.base/java.lang.reflect.Constructor.newInstance(Constructor.java:490)
	at ptolemy.util.test.junit.AutoKnownFailedTests.RunModel(AutoKnownFailedTests.java:105)
	at java.base/jdk.internal.reflect.NativeMethodAccessorImpl.invoke0(Native Method)
	at java.base/jdk.internal.reflect.NativeMethodAccessorImpl.invoke(NativeMethodAccessorImpl.java:62)
	at java.base/jdk.internal.reflect.DelegatingMethodAccessorImpl.invoke(DelegatingMethodAccessorImpl.java:43)
	at java.base/java.lang.reflect.Method.invoke(Method.java:566)
	at org.junit.runners.model.FrameworkMethod$1.runReflectiveCall(FrameworkMethod.java:44)
	at org.junit.internal.runners.model.ReflectiveCallable.run(ReflectiveCallable.java:15)
	at org.junit.runners.model.FrameworkMethod.invokeExplosively(FrameworkMethod.java:41)
	at junitparams.internal.InvokeParameterisedMethod.evaluate(InvokeParameterisedMethod.java:102)
	at org.junit.internal.runners.statements.FailOnTimeout$1.run(FailOnTimeout.java:28)
Caused by: ptolemy.kernel.util.IllegalActionException: Actor is not ready to fire.  Perhaps UpSample.prefire() returned false? Try debugging the actor by selecting "Listen to Actor".  Also, for SDF check moml for tokenConsumptionRate on input.
  in .DESDFClockTest.Play Bell.Copy1:SDF Director and .DESDFClockTest.Play Bell.UpSample
	at ptolemy.actor.sched.StaticSchedulingDirector.fire(StaticSchedulingDirector.java:227)
	at ptolemy.domains.sdf.kernel.SDFDirector.fire(SDFDirector.java:500)
	at ptolemy.actor.CompositeActor.fire(CompositeActor.java:455)
	at ptolemy.domains.de.kernel.DEDirector._fire(DEDirector.java:1949)
	at ptolemy.domains.de.kernel.DEDirector.fire(DEDirector.java:502)
	at ptolemy.actor.CompositeActor.fire(CompositeActor.java:455)
	at ptolemy.actor.Manager.iterate(Manager.java:851)
	at ptolemy.actor.Manager.execute(Manager.java:369)
	at ptolemy.actor.Manager.run(Manager.java:1263)
	at ptolemy.actor.Manager$PtolemyRunThread.run(Manager.java:1933)
java.lang.RuntimeException: Execution failed
	at ptolemy.moml.MoMLSimpleApplication$UnloadThread.run(MoMLSimpleApplication.java:402)
Caused by: ptolemy.kernel.util.IllegalActionException: Test fails in iteration 1.
Value was: 1.0. Should have been: 2.0
  in .DirectFeedback.Test
	at ptolemy.actor.lib.Test.fire(Test.java:268)
	at ptolemy.domains.de.kernel.DEDirector._fire(DEDirector.java:1949)
	at ptolemy.domains.de.kernel.DEDirector.fire(DEDirector.java:502)
	at ptolemy.actor.CompositeActor.fire(CompositeActor.java:455)
	at ptolemy.actor.Manager.iterate(Manager.java:851)
	at ptolemy.actor.Manager.execute(Manager.java:369)
	at ptolemy.actor.Manager.run(Manager.java:1263)
	at ptolemy.actor.Manager$PtolemyRunThread.run(Manager.java:1933)
java.lang.reflect.InvocationTargetException
	at java.base/jdk.internal.reflect.NativeConstructorAccessorImpl.newInstance0(Native Method)
	at java.base/jdk.internal.reflect.NativeConstructorAccessorImpl.newInstance(NativeConstructorAccessorImpl.java:62)
	at java.base/jdk.internal.reflect.DelegatingConstructorAccessorImpl.newInstance(DelegatingConstructorAccessorImpl.java:45)
	at java.base/java.lang.reflect.Constructor.newInstance(Constructor.java:490)
	at ptolemy.util.test.junit.AutoKnownFailedTests.RunModel(AutoKnownFailedTests.java:105)
	at java.base/jdk.internal.reflect.NativeMethodAccessorImpl.invoke0(Native Method)
	at java.base/jdk.internal.reflect.NativeMethodAccessorImpl.invoke(NativeMethodAccessorImpl.java:62)
	at java.base/jdk.internal.reflect.DelegatingMethodAccessorImpl.invoke(DelegatingMethodAccessorImpl.java:43)
	at java.base/java.lang.reflect.Method.invoke(Method.java:566)
	at org.junit.runners.model.FrameworkMethod$1.runReflectiveCall(FrameworkMethod.java:44)
	at org.junit.internal.runners.model.ReflectiveCallable.run(ReflectiveCallable.java:15)
	at org.junit.runners.model.FrameworkMethod.invokeExplosively(FrameworkMethod.java:41)
	at junitparams.internal.InvokeParameterisedMethod.evaluate(InvokeParameterisedMethod.java:102)
	at org.junit.internal.runners.statements.FailOnTimeout$1.run(FailOnTimeout.java:28)
Caused by: ptolemy.kernel.util.IllegalActionException: Test fails in iteration 1.
Value was: 1.0. Should have been: 2.0
  in .DirectFeedback.Test
	at ptolemy.actor.lib.Test.fire(Test.java:268)
	at ptolemy.domains.de.kernel.DEDirector._fire(DEDirector.java:1949)
	at ptolemy.domains.de.kernel.DEDirector.fire(DEDirector.java:502)
	at ptolemy.actor.CompositeActor.fire(CompositeActor.java:455)
	at ptolemy.actor.Manager.iterate(Manager.java:851)
	at ptolemy.actor.Manager.execute(Manager.java:369)
	at ptolemy.actor.Manager.run(Manager.java:1263)
	at ptolemy.actor.Manager$PtolemyRunThread.run(Manager.java:1933)
java.lang.RuntimeException: Execution failed
	at ptolemy.moml.MoMLSimpleApplication$UnloadThread.run(MoMLSimpleApplication.java:402)
Caused by: ptolemy.kernel.util.IllegalActionException: Found a zero delay loop containing .HierarchicalModel.A
  in .HierarchicalModel and .HierarchicalModel.A
	at ptolemy.actor.util.CausalityInterfaceForComposites._computeOutputPortDepth(CausalityInterfaceForComposites.java:759)
	at ptolemy.actor.util.CausalityInterfaceForComposites._computeInputDepth(CausalityInterfaceForComposites.java:696)
	at ptolemy.actor.util.CausalityInterfaceForComposites._computeOutputPortDepth(CausalityInterfaceForComposites.java:765)
	at ptolemy.actor.util.CausalityInterfaceForComposites._computeInputDepth(CausalityInterfaceForComposites.java:696)
	at ptolemy.actor.util.CausalityInterfaceForComposites._computeOutputPortDepth(CausalityInterfaceForComposites.java:765)
	at ptolemy.actor.util.CausalityInterfaceForComposites._computeInputDepth(CausalityInterfaceForComposites.java:696)
	at ptolemy.actor.util.CausalityInterfaceForComposites._computeActorDepth(CausalityInterfaceForComposites.java:532)
	at ptolemy.actor.util.CausalityInterfaceForComposites.checkForCycles(CausalityInterfaceForComposites.java:96)
	at ptolemy.domains.de.kernel.DEDirector.preinitialize(DEDirector.java:1338)
	at ptolemy.actor.CompositeActor.preinitialize(CompositeActor.java:1828)
	at ptolemy.actor.Manager.preinitializeAndResolveTypes(Manager.java:1040)
	at ptolemy.actor.Manager.initialize(Manager.java:710)
	at ptolemy.actor.Manager.execute(Manager.java:356)
	at ptolemy.actor.Manager.run(Manager.java:1263)
	at ptolemy.actor.Manager$PtolemyRunThread.run(Manager.java:1933)
java.lang.reflect.InvocationTargetException
	at java.base/jdk.internal.reflect.NativeConstructorAccessorImpl.newInstance0(Native Method)
	at java.base/jdk.internal.reflect.NativeConstructorAccessorImpl.newInstance(NativeConstructorAccessorImpl.java:62)
	at java.base/jdk.internal.reflect.DelegatingConstructorAccessorImpl.newInstance(DelegatingConstructorAccessorImpl.java:45)
	at java.base/java.lang.reflect.Constructor.newInstance(Constructor.java:490)
	at ptolemy.util.test.junit.AutoKnownFailedTests.RunModel(AutoKnownFailedTests.java:105)
	at java.base/jdk.internal.reflect.NativeMethodAccessorImpl.invoke0(Native Method)
	at java.base/jdk.internal.reflect.NativeMethodAccessorImpl.invoke(NativeMethodAccessorImpl.java:62)
	at java.base/jdk.internal.reflect.DelegatingMethodAccessorImpl.invoke(DelegatingMethodAccessorImpl.java:43)
	at java.base/java.lang.reflect.Method.invoke(Method.java:566)
	at org.junit.runners.model.FrameworkMethod$1.runReflectiveCall(FrameworkMethod.java:44)
	at org.junit.internal.runners.model.ReflectiveCallable.run(ReflectiveCallable.java:15)
	at org.junit.runners.model.FrameworkMethod.invokeExplosively(FrameworkMethod.java:41)
	at junitparams.internal.InvokeParameterisedMethod.evaluate(InvokeParameterisedMethod.java:102)
	at org.junit.internal.runners.statements.FailOnTimeout$1.run(FailOnTimeout.java:28)
Caused by: ptolemy.kernel.util.IllegalActionException: Found a zero delay loop containing .HierarchicalModel.A
  in .HierarchicalModel and .HierarchicalModel.A
	at ptolemy.actor.util.CausalityInterfaceForComposites._computeOutputPortDepth(CausalityInterfaceForComposites.java:759)
	at ptolemy.actor.util.CausalityInterfaceForComposites._computeInputDepth(CausalityInterfaceForComposites.java:696)
	at ptolemy.actor.util.CausalityInterfaceForComposites._computeOutputPortDepth(CausalityInterfaceForComposites.java:765)
	at ptolemy.actor.util.CausalityInterfaceForComposites._computeInputDepth(CausalityInterfaceForComposites.java:696)
	at ptolemy.actor.util.CausalityInterfaceForComposites._computeOutputPortDepth(CausalityInterfaceForComposites.java:765)
	at ptolemy.actor.util.CausalityInterfaceForComposites._computeInputDepth(CausalityInterfaceForComposites.java:696)
	at ptolemy.actor.util.CausalityInterfaceForComposites._computeActorDepth(CausalityInterfaceForComposites.java:532)
	at ptolemy.actor.util.CausalityInterfaceForComposites.checkForCycles(CausalityInterfaceForComposites.java:96)
	at ptolemy.domains.de.kernel.DEDirector.preinitialize(DEDirector.java:1338)
	at ptolemy.actor.CompositeActor.preinitialize(CompositeActor.java:1828)
	at ptolemy.actor.Manager.preinitializeAndResolveTypes(Manager.java:1040)
	at ptolemy.actor.Manager.initialize(Manager.java:710)
	at ptolemy.actor.Manager.execute(Manager.java:356)
	at ptolemy.actor.Manager.run(Manager.java:1263)
	at ptolemy.actor.Manager$PtolemyRunThread.run(Manager.java:1933)
java.lang.RuntimeException: Execution failed
	at ptolemy.moml.MoMLSimpleApplication$UnloadThread.run(MoMLSimpleApplication.java:402)
Caused by: ptolemy.kernel.util.IllegalActionException: Found a zero delay loop containing .dependencyLoop.original
  in .dependencyLoop and .dependencyLoop.original
	at ptolemy.actor.util.CausalityInterfaceForComposites._computeOutputPortDepth(CausalityInterfaceForComposites.java:759)
	at ptolemy.actor.util.CausalityInterfaceForComposites._computeInputDepth(CausalityInterfaceForComposites.java:696)
	at ptolemy.actor.util.CausalityInterfaceForComposites._computeOutputPortDepth(CausalityInterfaceForComposites.java:765)
	at ptolemy.actor.util.CausalityInterfaceForComposites._computeInputDepth(CausalityInterfaceForComposites.java:696)
	at ptolemy.actor.util.CausalityInterfaceForComposites._computeOutputPortDepth(CausalityInterfaceForComposites.java:765)
	at ptolemy.actor.util.CausalityInterfaceForComposites._computeInputDepth(CausalityInterfaceForComposites.java:696)
	at ptolemy.actor.util.CausalityInterfaceForComposites._computeActorDepth(CausalityInterfaceForComposites.java:532)
	at ptolemy.actor.util.CausalityInterfaceForComposites.checkForCycles(CausalityInterfaceForComposites.java:96)
	at ptolemy.domains.de.kernel.DEDirector.preinitialize(DEDirector.java:1338)
	at ptolemy.actor.CompositeActor.preinitialize(CompositeActor.java:1828)
	at ptolemy.actor.Manager.preinitializeAndResolveTypes(Manager.java:1040)
	at ptolemy.actor.Manager.initialize(Manager.java:710)
	at ptolemy.actor.Manager.execute(Manager.java:356)
	at ptolemy.actor.Manager.run(Manager.java:1263)
	at ptolemy.actor.Manager$PtolemyRunThread.run(Manager.java:1933)
java.lang.reflect.InvocationTargetException
	at java.base/jdk.internal.reflect.NativeConstructorAccessorImpl.newInstance0(Native Method)
	at java.base/jdk.internal.reflect.NativeConstructorAccessorImpl.newInstance(NativeConstructorAccessorImpl.java:62)
	at java.base/jdk.internal.reflect.DelegatingConstructorAccessorImpl.newInstance(DelegatingConstructorAccessorImpl.java:45)
	at java.base/java.lang.reflect.Constructor.newInstance(Constructor.java:490)
	at ptolemy.util.test.junit.AutoKnownFailedTests.RunModel(AutoKnownFailedTests.java:105)
	at java.base/jdk.internal.reflect.NativeMethodAccessorImpl.invoke0(Native Method)
	at java.base/jdk.internal.reflect.NativeMethodAccessorImpl.invoke(NativeMethodAccessorImpl.java:62)
	at java.base/jdk.internal.reflect.DelegatingMethodAccessorImpl.invoke(DelegatingMethodAccessorImpl.java:43)
	at java.base/java.lang.reflect.Method.invoke(Method.java:566)
	at org.junit.runners.model.FrameworkMethod$1.runReflectiveCall(FrameworkMethod.java:44)
	at org.junit.internal.runners.model.ReflectiveCallable.run(ReflectiveCallable.java:15)
	at org.junit.runners.model.FrameworkMethod.invokeExplosively(FrameworkMethod.java:41)
	at junitparams.internal.InvokeParameterisedMethod.evaluate(InvokeParameterisedMethod.java:102)
	at org.junit.internal.runners.statements.FailOnTimeout$1.run(FailOnTimeout.java:28)
Caused by: ptolemy.kernel.util.IllegalActionException: Found a zero delay loop containing .dependencyLoop.original
  in .dependencyLoop and .dependencyLoop.original
	at ptolemy.actor.util.CausalityInterfaceForComposites._computeOutputPortDepth(CausalityInterfaceForComposites.java:759)
	at ptolemy.actor.util.CausalityInterfaceForComposites._computeInputDepth(CausalityInterfaceForComposites.java:696)
	at ptolemy.actor.util.CausalityInterfaceForComposites._computeOutputPortDepth(CausalityInterfaceForComposites.java:765)
	at ptolemy.actor.util.CausalityInterfaceForComposites._computeInputDepth(CausalityInterfaceForComposites.java:696)
	at ptolemy.actor.util.CausalityInterfaceForComposites._computeOutputPortDepth(CausalityInterfaceForComposites.java:765)
	at ptolemy.actor.util.CausalityInterfaceForComposites._computeInputDepth(CausalityInterfaceForComposites.java:696)
	at ptolemy.actor.util.CausalityInterfaceForComposites._computeActorDepth(CausalityInterfaceForComposites.java:532)
	at ptolemy.actor.util.CausalityInterfaceForComposites.checkForCycles(CausalityInterfaceForComposites.java:96)
	at ptolemy.domains.de.kernel.DEDirector.preinitialize(DEDirector.java:1338)
	at ptolemy.actor.CompositeActor.preinitialize(CompositeActor.java:1828)
	at ptolemy.actor.Manager.preinitializeAndResolveTypes(Manager.java:1040)
	at ptolemy.actor.Manager.initialize(Manager.java:710)
	at ptolemy.actor.Manager.execute(Manager.java:356)
	at ptolemy.actor.Manager.run(Manager.java:1263)
	at ptolemy.actor.Manager$PtolemyRunThread.run(Manager.java:1933)
java.lang.RuntimeException: Execution failed
	at ptolemy.moml.MoMLSimpleApplication$UnloadThread.run(MoMLSimpleApplication.java:402)
Caused by: ptolemy.kernel.util.IllegalActionException: Found a zero delay loop containing .dependencyLoop2.original
  in .dependencyLoop2 and .dependencyLoop2.original
	at ptolemy.actor.util.CausalityInterfaceForComposites._computeOutputPortDepth(CausalityInterfaceForComposites.java:759)
	at ptolemy.actor.util.CausalityInterfaceForComposites._computeInputDepth(CausalityInterfaceForComposites.java:696)
	at ptolemy.actor.util.CausalityInterfaceForComposites._computeOutputPortDepth(CausalityInterfaceForComposites.java:765)
	at ptolemy.actor.util.CausalityInterfaceForComposites._computeInputDepth(CausalityInterfaceForComposites.java:696)
	at ptolemy.actor.util.CausalityInterfaceForComposites._computeOutputPortDepth(CausalityInterfaceForComposites.java:765)
	at ptolemy.actor.util.CausalityInterfaceForComposites._computeInputDepth(CausalityInterfaceForComposites.java:696)
	at ptolemy.actor.util.CausalityInterfaceForComposites._computeActorDepth(CausalityInterfaceForComposites.java:532)
	at ptolemy.actor.util.CausalityInterfaceForComposites.checkForCycles(CausalityInterfaceForComposites.java:96)
	at ptolemy.domains.de.kernel.DEDirector.preinitialize(DEDirector.java:1338)
	at ptolemy.actor.CompositeActor.preinitialize(CompositeActor.java:1828)
	at ptolemy.actor.Manager.preinitializeAndResolveTypes(Manager.java:1040)
	at ptolemy.actor.Manager.initialize(Manager.java:710)
	at ptolemy.actor.Manager.execute(Manager.java:356)
	at ptolemy.actor.Manager.run(Manager.java:1263)
	at ptolemy.actor.Manager$PtolemyRunThread.run(Manager.java:1933)
java.lang.reflect.InvocationTargetException
	at java.base/jdk.internal.reflect.NativeConstructorAccessorImpl.newInstance0(Native Method)
	at java.base/jdk.internal.reflect.NativeConstructorAccessorImpl.newInstance(NativeConstructorAccessorImpl.java:62)
	at java.base/jdk.internal.reflect.DelegatingConstructorAccessorImpl.newInstance(DelegatingConstructorAccessorImpl.java:45)
	at java.base/java.lang.reflect.Constructor.newInstance(Constructor.java:490)
	at ptolemy.util.test.junit.AutoKnownFailedTests.RunModel(AutoKnownFailedTests.java:105)
	at java.base/jdk.internal.reflect.NativeMethodAccessorImpl.invoke0(Native Method)
	at java.base/jdk.internal.reflect.NativeMethodAccessorImpl.invoke(NativeMethodAccessorImpl.java:62)
	at java.base/jdk.internal.reflect.DelegatingMethodAccessorImpl.invoke(DelegatingMethodAccessorImpl.java:43)
	at java.base/java.lang.reflect.Method.invoke(Method.java:566)
	at org.junit.runners.model.FrameworkMethod$1.runReflectiveCall(FrameworkMethod.java:44)
	at org.junit.internal.runners.model.ReflectiveCallable.run(ReflectiveCallable.java:15)
	at org.junit.runners.model.FrameworkMethod.invokeExplosively(FrameworkMethod.java:41)
	at junitparams.internal.InvokeParameterisedMethod.evaluate(InvokeParameterisedMethod.java:102)
	at org.junit.internal.runners.statements.FailOnTimeout$1.run(FailOnTimeout.java:28)
Caused by: ptolemy.kernel.util.IllegalActionException: Found a zero delay loop containing .dependencyLoop2.original
  in .dependencyLoop2 and .dependencyLoop2.original
	at ptolemy.actor.util.CausalityInterfaceForComposites._computeOutputPortDepth(CausalityInterfaceForComposites.java:759)
	at ptolemy.actor.util.CausalityInterfaceForComposites._computeInputDepth(CausalityInterfaceForComposites.java:696)
	at ptolemy.actor.util.CausalityInterfaceForComposites._computeOutputPortDepth(CausalityInterfaceForComposites.java:765)
	at ptolemy.actor.util.CausalityInterfaceForComposites._computeInputDepth(CausalityInterfaceForComposites.java:696)
	at ptolemy.actor.util.CausalityInterfaceForComposites._computeOutputPortDepth(CausalityInterfaceForComposites.java:765)
	at ptolemy.actor.util.CausalityInterfaceForComposites._computeInputDepth(CausalityInterfaceForComposites.java:696)
	at ptolemy.actor.util.CausalityInterfaceForComposites._computeActorDepth(CausalityInterfaceForComposites.java:532)
	at ptolemy.actor.util.CausalityInterfaceForComposites.checkForCycles(CausalityInterfaceForComposites.java:96)
	at ptolemy.domains.de.kernel.DEDirector.preinitialize(DEDirector.java:1338)
	at ptolemy.actor.CompositeActor.preinitialize(CompositeActor.java:1828)
	at ptolemy.actor.Manager.preinitializeAndResolveTypes(Manager.java:1040)
	at ptolemy.actor.Manager.initialize(Manager.java:710)
	at ptolemy.actor.Manager.execute(Manager.java:356)
	at ptolemy.actor.Manager.run(Manager.java:1263)
	at ptolemy.actor.Manager$PtolemyRunThread.run(Manager.java:1933)
]]></system-err>
</testsuite>
