<?xml version="1.0" encoding="UTF-8" ?>
<testsuite errors="0" failures="1" hostname="travis-job-e76d5ba5-b050-4407-84b7-a9da2734d3c0" name="ptolemy.actor.lib.test.junit.JUnitTclTest" skipped="0" tests="517" time="65.011" timestamp="2019-07-20T22:46:36">
  <properties>
    <property name="npm.executable" value="npm" />
    <property name="env.TRAVIS_ROOT" value="/" />
    <property name="ptII.mk.exists" value="true" />
    <property name="env.TRAVIS_APP_HOST" value="build.travis-ci.org" />
    <property name="env.rvm_bin_path" value="/home/travis/.rvm/bin" />
    <property name="java.home" value="/usr/local/lib/jvm/openjdk11" />
    <property name="env.TRAVIS_JOB_NUMBER" value="1261.8" />
    <property name="env.TRAVIS_HOME" value="/home/travis" />
    <property name="env.DISPLAY" value=":99.0" />
    <property name="env.TRAVIS_INIT" value="systemd" />
    <property name="env.SSH_TTY" value="/dev/pts/0" />
    <property name="java.net.preferIPv4Stack" value="true" />
    <property name="env.RUN_TESTS" value="true" />
    <property name="timeout.short" value="1000000" />
    <property name="junit.formatter" value="xml" />
    <property name="env.TRAVIS_SUDO" value="true" />
    <property name="env.TRAVIS_JOB_NAME" value="" />
    <property name="env.TRAVIS_STACK_NODE_ATTRIBUTES" value="/.node-attributes.yml" />
    <property name="env.LOGNAME" value="travis" />
    <property name="env.PT_TRAVIS_TEST_CORE1_XML" value="true" />
    <property name="jsdoc.home" value="node_modules/@terraswarm/jsdoc" />
    <property name="debuglevel" value="source,lines,vars" />
    <property name="checkstyle.formatter" value="xml" />
    <property name="env._system_version" value="16.04" />
    <property name="bin.vergil.makeable" value="true" />
    <property name="sun.os.patch.level" value="unknown" />
    <property name="java.vendor.url" value="http://java.oracle.com/" />
    <property name="env.TRAVIS_BUILD_WEB_URL" value="https://travis-ci.org/icyphy/ptII/builds/561518493" />
    <property name="java.version" value="11.0.2" />
    <property name="env.TZ" value="UTC" />
    <property name="env.TRAVIS_PULL_REQUEST_SHA" value="" />
    <property name="env.PT_NO_NET" value="true" />
    <property name="env.TRAVIS_SECURE_ENV_VARS" value="true" />
    <property name="env._system_type" value="Linux" />
    <property name="java.vendor.url.bug" value="http://bugreport.java.com/bugreport/" />
    <property name="npmjs-org-is-up" value="true" />
    <property name="env.LANGUAGE" value="en_US.UTF-8" />
    <property name="env.SSH_CLIENT" value="10.10.4.77 45244 22" />
    <property name="env.GEM_HOME" value="/home/travis/.rvm/gems/ruby-2.5.3" />
    <property name="env.HAS_ANTARES_THREE_LITTLE_FRONZIES_BADGE" value="true" />
    <property name="java.version.date" value="2019-01-15" />
    <property name="env.PS4" value="+" />
    <property name="ant.project.invoked-targets" value="build,test.core1.xml" />
    <property name="env.TRAVIS_PULL_REQUEST_BRANCH" value="" />
    <property name="env.TRAVIS_REPO_SLUG" value="icyphy/ptII" />
    <property name="env.XDG_DATA_DIRS" value="/usr/local/share:/usr/share:/var/lib/snapd/desktop" />
    <property name="jdk.debug" value="release" />
    <property name="env.TRAVIS_APT_PROXY" value="http://apt.cache.travis-ci.com" />
    <property name="node.in.path" value="true" />
    <property name="user.name" value="travis" />
    <property name="java.maxmemory" value="1400m" />
    <property name="env.RUBY_VERSION" value="ruby-2.5.3" />
    <property name="env.LANG" value="en_US.UTF-8" />
    <property name="sun.io.unicode.encoding" value="UnicodeLittle" />
    <property name="sun.jnu.encoding" value="UTF-8" />
    <property name="java.runtime.name" value="OpenJDK Runtime Environment" />
    <property name="usefile" value="false" />
    <property name="return.code" value="0" />
    <property name="junit.single.formatter" value="plain" />
    <property name="env.DYLD_LIBRARY_PATH" value="/home/travis/pthla/certi-tools/lib:" />
    <property name="env.DEBIAN_FRONTEND" value="noninteractive" />
    <property name="env.SSH_CONNECTION" value="10.10.4.77 45244 10.20.3.137 22" />
    <property name="env.MYSQL_UNIX_PORT" value="/var/run/mysqld/mysqld.sock" />
    <property name="env.LC_ALL" value="en_US.UTF-8" />
    <property name="env.TRAVIS_ALLOW_FAILURE" value="false" />
    <property name="env.TRAVIS_JOB_WEB_URL" value="https://travis-ci.org/icyphy/ptII/jobs/561518501" />
    <property name="java.specification.name" value="Java Platform API Specification" />
    <property name="node.works" value="true" />
    <property name="user.timezone" value="" />
    <property name="path.separator" value=":" />
    <property name="env.TRAVIS_ENABLE_INFRA_DETECTION" value="true" />
    <property name="env.PYTHON_CFLAGS" value="-g -fstack-protector --param=ssp-buffer-size=4 -Wformat -Werror=format-security" />
    <property name="timeout.long" value="4000000" />
    <property name="env.CERTI_HOME" value="/home/travis/pthla/certi-tools" />
    <property name="ant.file.ptII" value="/home/travis/build/icyphy/ptII/build.xml" />
    <property name="javadoc.packagenames" value="com.*,diva.*,lbnl.*,org.hlacerti.*,org.json.*,org.ptolemy.*,org.terraswarm.*,ptolemy.*,ptserver.*" />
    <property name="file.encoding" value="UTF-8" />
    <property name="env.TRAVIS_PULL_REQUEST_SLUG" value="" />
    <property name="ant.project.default-target" value="build" />
    <property name="env.GIT_ASKPASS" value="echo" />
    <property name="env.HOME" value="/home/travis" />
    <property name="sun.java.command" value="org.apache.tools.ant.taskdefs.optional.junit.JUnitTestRunner ptolemy.actor.lib.test.junit.JUnitTclTest skipNonTests=false filtertrace=true haltOnError=false haltOnFailure=false formatter=org.apache.tools.ant.taskdefs.optional.junit.OutErrSummaryJUnitResultFormatter showoutput=true outputtoformatters=true logfailedtests=true threadid=0 logtestlistenerevents=false formatter=org.apache.tools.ant.taskdefs.optional.junit.XMLJUnitResultFormatter,/home/travis/build/icyphy/ptII/reports/junit/TEST-ptolemy.actor.lib.test.junit.JUnitTclTest.xml crashfile=/home/travis/build/icyphy/ptII/junitvmwatcher15873283040357391897.properties propsfile=/home/travis/build/icyphy/ptII/junit8208810146102587703.properties" />
    <property name="env.COMPOSER_NO_INTERACTION" value="1" />
    <property name="env.MANPATH" value="/home/travis/.nvm/versions/node/v7.10.1/share/man:/home/travis/.rvm/rubies/ruby-2.5.3/share/man:/usr/local/cmake-3.12.4/man:/usr/local/clang-7.0.0/share/man:/usr/local/man:/usr/local/share/man:/usr/share/man:/home/travis/.rvm/man" />
    <property name="env.TRAVIS_TIMER_ID" value="023fb824" />
    <property name="ant.file" value="/home/travis/build/icyphy/ptII/build.xml" />
    <property name="env.TRAVIS_COMMIT_RANGE" value="5e42cf7d3f6a...02fbdd5857f4" />
    <property name="env._system_name" value="Ubuntu" />
    <property name="ptII.classpath.optional.property" value="/home/travis/build/icyphy/ptII/lib/bsh-2.0b4.jar:/home/travis/build/icyphy/ptII/lib/ptCal.jar:/home/travis/build/icyphy/ptII/lib/java_cup.jar:/home/travis/build/icyphy/ptII/lib/saxon8.jar:/home/travis/build/icyphy/ptII/lib/saxon8-dom.jar:/home/travis/build/icyphy/ptII/lib/chic.jar:/home/travis/build/icyphy/ptII/lib/ptcolt.jar:/home/travis/build/icyphy/ptII/vendors/misc/itext/iText.jar:/home/travis/build/icyphy/ptII/lib/g4ltl.jar:/home/travis/build/icyphy/ptII/lib/StructuralCoder.jar:/home/travis/build/icyphy/ptII/lib/jcerti.jar:/home/travis/build/icyphy/ptII/lib/javax.mail.jar:/home/travis/build/icyphy/ptII/vendors/JMF-2.1.1e/lib/jmf.jar:/home/travis/build/icyphy/ptII/lib/jna-4.0.0-variadic.jar:/home/travis/build/icyphy/ptII/vendors/misc/joystick/Joystick.jar:/home/travis/build/icyphy/ptII/lib/ptjacl.jar:/home/travis/build/icyphy/ptII/lib/jsoup-1.8.2.jar:/home/travis/build/icyphy/ptII/lib/junit-4.8.2.jar:/home/travis/build/icyphy/ptII/lib/JUnitParams-0.4.0.jar:/home/travis/build/icyphy/ptII/ptolemy/actor/lib/excel/jxl.jar:/home/travis/build/icyphy/ptII/lib/jython.jar:/home/travis/build/icyphy/ptII/lib/kieler.jar:/home/travis/build/icyphy/ptII/vendors/opencv/share/OpenCV/java/opencv-341.jar:/home/travis/build/icyphy/ptII/lib/oscP5.jar:/home/travis/build/icyphy/ptII/lib/nrjavaserial-3.11.0.devel.jar:/home/travis/build/icyphy/ptII/vendors/j3d/lib/Linux/j3dcore.jar:/home/travis/build/icyphy/ptII/vendors/j3d/lib/Linux/j3dutils.jar:/home/travis/build/icyphy/ptII/vendors/j3d/lib/Linux/vecmath.jar:/home/travis/build/icyphy/ptII/vendors/jogl/lib/Linux/gluegen-rt-natives-linux-amd64.jar:/home/travis/build/icyphy/ptII/vendors/jogl/lib/Linux/gluegen-rt.jar:/home/travis/build/icyphy/ptII/vendors/jogl/lib/Linux/jogl-all-natives-linux-amd64.jar:/home/travis/build/icyphy/ptII/vendors/jogl/lib/Linux/jogl-all.jar:/home/travis/build/icyphy/ptII/ptolemy/distributed/jini/jar/jini-core.jar:/home/travis/build/icyphy/ptII/ptolemy/distributed/jini/jar/jini-ext.jar:/home/travis/build/icyphy/ptII/ptolemy/distributed/jini/jar/sun-util.jar:/home/travis/build/icyphy/ptII/lib/protobuf-java-2.4.1.jar:/home/travis/build/icyphy/ptII/lib/org.eclipse.paho.client.mqttv3.jar:/home/travis/build/icyphy/ptII/lib/mapss.jar:/home/travis/build/icyphy/ptII/ptolemy/actor/ptalon/antlr/antlr.jar:/home/travis/build/icyphy/ptII/lib/JRI.jar:/home/travis/build/icyphy/ptII/lib/commons-lang-2.6.jar:/home/travis/build/icyphy/ptII/lib/commons-logging-1.1.1.jar:/home/travis/build/icyphy/ptII/lib/sootclasses.jar:/home/travis/build/icyphy/ptII/ptolemy/actor/lib/database/mysql-connector-java-5.1.6-bin.jar:/home/travis/build/icyphy/ptII/vendors/misc/sphinx4/sphinx4-data-5prealpha.jar:/home/travis/build/icyphy/ptII/vendors/misc/sphinx4/sphinx4-core-5prealpha.jar:/home/travis/build/icyphy/ptII/lib/PDFRenderer.jar:/home/travis/build/icyphy/ptII/lib/svgSalamander.jar:/home/travis/build/icyphy/ptII/lib/rsyntaxtextarea-2.6.0-SNAPSHOT.jar:/home/travis/build/icyphy/ptII/lib/hazelcast-3.8.2.jar:/home/travis/build/icyphy/ptII/lib/jackson-annotations-2.9.0.jar:/home/travis/build/icyphy/ptII/lib/jackson-core-2.9.3.jar:/home/travis/build/icyphy/ptII/lib/jackson-databind-2.9.3.jar:/home/travis/build/icyphy/ptII/lib/netty-buffer-4.1.19.Final.jar:/home/travis/build/icyphy/ptII/lib/netty-codec-4.1.19.Final.jar:/home/travis/build/icyphy/ptII/lib/netty-codec-dns-4.1.19.Final.jar:/home/travis/build/icyphy/ptII/lib/netty-codec-http-4.1.19.Final.jar:/home/travis/build/icyphy/ptII/lib/netty-codec-http2-4.1.19.Final.jar:/home/travis/build/icyphy/ptII/lib/netty-common-4.1.19.Final.jar:/home/travis/build/icyphy/ptII/lib/netty-handler-4.1.19.Final.jar:/home/travis/build/icyphy/ptII/lib/netty-resolver-4.1.19.Final.jar:/home/travis/build/icyphy/ptII/lib/netty-resolver-dns-4.1.19.Final.jar:/home/travis/build/icyphy/ptII/lib/netty-transport-4.1.19.Final.jar:/home/travis/build/icyphy/ptII/lib/vertx-codegen-3.5.1.jar:/home/travis/build/icyphy/ptII/lib/vertx-core-3.5.2-SNAPSHOT.jar:/home/travis/build/icyphy/ptII/lib/vertx-hazelcast-3.5.1.jar:/home/travis/build/icyphy/ptII/lib/vertx-lang-js-3.5.1.jar:/home/travis/build/icyphy/ptII/lib/vertx-service-proxy-3.5.1.jar:/home/travis/build/icyphy/ptII/lib/vertx-web-3.5.1.jar:/home/travis/build/icyphy/ptII/lib/slf4j-api-1.7.13.jar:/home/travis/build/icyphy/ptII/lib/slf4j-simple-1.7.13.jar:/home/travis/build/icyphy/ptII/lib/webcam-capture-0.3.12.jar:/home/travis/build/icyphy/ptII/lib/bridj-0.7.0.jar:/home/travis/build/icyphy/ptII/lib/xbjlib-1.1.0.nrjavaserial.jar" />
    <property name="timeout" value="2400000" />
    <property name="test.batch" value="**/junit/*.java" />
    <property name="env._" value="/usr/bin/timeout" />
    <property name="java.io.tmpdir" value="/tmp" />
    <property name="user.language" value="en" />
    <property name="env.TRAVIS_INTERNAL_RUBY_REGEX" value="^ruby-(2\.[0-4]\.[0-9]|1\.9\.3)" />
    <property name="env.HISTCONTROL" value="ignoredups:ignorespace" />
    <property name="env.GOROOT" value="/home/travis/.gimme/versions/go1.11.1.linux.amd64" />
    <property name="line.separator" value="&#xa;" />
    <property name="target" value="11" />
    <property name="env.TRAVIS_BUILD_DIR" value="/home/travis/build/icyphy/ptII" />
    <property name="env.ANT_OPTS" value="-Xmx2048m" />
    <property name="ant.file.type" value="file" />
    <property name="ptolemy.ptII.batchMode" value="true" />
    <property name="env.HISTSIZE" value="1000" />
    <property name="env.MERB_ENV" value="test" />
    <property name="java.vm.info" value="mixed mode" />
    <property name="source" value="11" />
    <property name="java.vm.specification.name" value="Java Virtual Machine Specification" />
    <property name="env.TRAVIS_TEST_RESULT" value="0" />
    <property name="jsdoc.command" value="node_modules/@terraswarm/jsdoc/jsdoc.js" />
    <property name="npm.works" value="true" />
    <property name="cobertura.dir" value="/home/travis/build/icyphy/ptII/vendors/cobertura-2.0.3" />
    <property name="jsdoc.command.exists" value="true" />
    <property name="env.rvm_path" value="/home/travis/.rvm" />
    <property name="env.GEM_PATH" value="/home/travis/.rvm/gems/ruby-2.5.3:/home/travis/.rvm/gems/ruby-2.5.3@global" />
    <property name="env.LC_CTYPE" value="en_US.UTF-8" />
    <property name="env.TRAVIS_CMD" value="$PTII/bin/ptIITravisBuild.sh $SECONDS" />
    <property name="java.awt.printerjob" value="sun.print.PSPrinterJob" />
    <property name="env.TRAVIS_STACK_NAME" value="sardonyx" />
    <property name="env.TRAVIS_TIMER_START_TIME" value="1563662116568964476" />
    <property name="ant.version" value="Apache Ant(TM) version 1.10.1 compiled on February 2 2017" />
    <property name="ptII.reports" value="/home/travis/build/icyphy/ptII/reports" />
    <property name="env.TRAVIS_STACK_TIMESTAMP" value="2019-03-25 16:16:56 UTC" />
    <property name="ant.file.type.ptII" value="file" />
    <property name="env.RBENV_SHELL" value="bash" />
    <property name="os.name" value="Linux" />
    <property name="java.specification.vendor" value="Oracle Corporation" />
    <property name="env.rvm_version" value="1.29.7 (latest)" />
    <property name="env.TRAVIS_INFRA" value="gce" />
    <property name="env.TERM" value="xterm" />
    <property name="java.vm.name" value="OpenJDK 64-Bit Server VM" />
    <property name="env.TRAVIS_BUILD_NUMBER" value="1261" />
    <property name="env.CI" value="true" />
    <property name="java.library.path" value="/home/travis/pthla/certi-tools/lib:/usr/lib/jni:/usr/local/share/OpenCV/java/:/usr/share/OpenCV/java::/usr/java/packages/lib:/usr/lib64:/lib64:/lib:/usr/lib" />
    <property name="jdk.module.path" value="/home/travis/build/icyphy/ptII/vendors/javafx/javafx-sdk-11.0.2/lib:" />
    <property name="env.rvm_prefix" value="/home/travis" />
    <property name="env.PATH" value="/home/travis/pthla/certi-tools/share/scripts:/home/travis/.rvm/gems/ruby-2.5.3/bin:/home/travis/.rvm/gems/ruby-2.5.3@global/bin:/home/travis/.rvm/rubies/ruby-2.5.3/bin:/home/travis/.rvm/bin:/home/travis/.nvm/versions/node/v7.10.1/bin:./node_modules/.bin:/home/travis/build/icyphy/ptII/bin:/home/travis/pthla/certi-tools/bin:/home/travis/bin:/home/travis/.local/bin:/usr/local/lib/jvm/openjdk11/bin:/opt/pyenv/shims:/home/travis/.phpenv/shims:/home/travis/perl5/perlbrew/bin:/home/travis/gopath/bin:/home/travis/.gimme/versions/go1.11.1.linux.amd64/bin:/usr/local/maven-3.6.0/bin:/usr/local/cmake-3.12.4/bin:/usr/local/clang-7.0.0/bin:/usr/local/sbin:/usr/local/bin:/usr/sbin:/usr/bin:/sbin:/bin:/snap/bin:/home/travis/.phpenv/bin:/opt/pyenv/bin:/home/travis/.yarn/bin" />
    <property name="env.TRAVIS_OS_NAME" value="linux" />
    <property name="ant.java.version" value="9" />
    <property name="basedir" value="/home/travis/build/icyphy/ptII" />
    <property name="java.class.version" value="55.0" />
    <property name="env.SHLVL" value="3" />
    <property name="env.LD_LIBRARY_PATH" value="/home/travis/pthla/certi-tools/lib:/usr/lib/jni:/usr/local/share/OpenCV/java/:/usr/share/OpenCV/java:" />
    <property name="env.RACK_ENV" value="test" />
    <property name="ant.home" value="/home/travis/build/icyphy/ptII/ant" />
    <property name="env.NVM_DIR" value="/home/travis/.nvm" />
    <property name="env.CERTI_FOM_PATH" value="/home/travis/pthla/certi-tools/share/federations" />
    <property name="env.TRAVIS_BUILD_ID" value="561518493" />
    <property name="env.PYENV_ROOT" value="/opt/pyenv" />
    <property name="env.TRAVIS_UID" value="2000" />
    <property name="prism.verbose" value="true" />
    <property name="env.NVM_BIN" value="/home/travis/.nvm/versions/node/v7.10.1/bin" />
    <property name="env.TRAVIS_COMMIT" value="02fbdd5857f4a02b36e766273aa7aa5724dd3813" />
    <property name="env._system_arch" value="x86_64" />
    <property name="node.executable" value="node" />
    <property name="sun.boot.library.path" value="/usr/local/lib/jvm/openjdk11/lib" />
    <property name="sun.management.compiler" value="HotSpot 64-Bit Tiered Compilers" />
    <property name="java.awt.graphicsenv" value="sun.awt.X11GraphicsEnvironment" />
    <property name="env.GOPATH" value="/home/travis/gopath" />
    <property name="ptolemy.ptII.dir" value="/home/travis/build/icyphy/ptII" />
    <property name="env.USER" value="travis" />
    <property name="env.HISTFILESIZE" value="2000" />
    <property name="timeout.longest" value="19000000" />
    <property name="env.PERLBREW_SHELLRC_VERSION" value="0.86" />
    <property name="env.TRAVIS_STACK_FEATURES" value="basic couchdb disabled-ipv6 docker docker-compose elasticsearch firefox go-toolchain google-chrome jdk memcached mongodb mysql nodejs_interpreter perl_interpreter perlbrew phantomjs postgresql python_interpreter redis ruby_interpreter sqlite xserver" />
    <property name="env.TRAVIS_PULL_REQUEST" value="false" />
    <property name="env.PYENV_SHELL" value="bash" />
    <property name="ant.project.name" value="ptII" />
    <property name="env.ANSI_RESET" value="\033[0m" />
    <property name="java.vm.specification.version" value="11" />
    <property name="env.TRAVIS_DIST" value="xenial" />
    <property name="env.CERTI_VERSION" value="4.0.0" />
    <property name="env.CERTI_HOST" value="localhost" />
    <property name="awt.toolkit" value="sun.awt.X11.XToolkit" />
    <property name="env.MY_RUBY_HOME" value="/home/travis/.rvm/rubies/ruby-2.5.3" />
    <property name="sun.cpu.isalist" value="" />
    <property name="env.TRAVIS_TMPDIR" value="/tmp/tmp.fvJLnVhM3P" />
    <property name="java.vm.compressedOopsMode" value="Zero based" />
    <property name="os.version" value="4.15.0-1028-gcp" />
    <property name="user.home" value="/home/travis" />
    <property name="java.vm.vendor" value="Oracle Corporation" />
    <property name="env.TRAVIS_TAG" value="nightly" />
    <property name="env.ANSI_YELLOW" value="\033[33;1m" />
    <property name="env.TRAVIS_FILTERED" value="redirect_io" />
    <property name="env.ANSI_GREEN" value="\033[32;1m" />
    <property name="env.JAVA_HOME" value="/usr/local/lib/jvm/openjdk11" />
    <property name="javadoc.excludepackagenames" value="adm.cvs2svn.*,build.*,config.*,doc.coding.templates.*,jni.test.jni.meaningOfLife.*,jni.test.jni.testDeux.*,jni.test.jni.testTrois.*,org.terraswarm.accessor.accessors.web.node_modules.*,org.terraswarm.accessor.accessors.web.hosts.cordova.demo.*,org.terraswarm.accessor.accessors.web.hosts.cordova.plugins.*,org.terraswarm.accessor.accessors-svn.*,pt-modules.*,ptolemy.apps.agilent.*,ptolemy.apps.anytimecontrol.*,ptolemy.apps.apes.*,ptolemy.apps.charon.*,ptolemy.apps.crazyboard.*,ptolemy.apps.eclipse.*,ptolemy.apps.etherealSting.*,ptolemy.apps.fullscreen.*,ptolemy.apps.giotto.*,ptolemy.apps.ia.*,ptolemy.apps.interfaces.*,ptolemy.apps.jmf.*,ptolemy.apps.kurt.*,ptolemy.apps.kvm.*,ptolemy.apps.lego.*,ptolemy.apps.lejos.*,ptolemy.apps.midp.*,ptolemy.apps.mobileCoding.*,ptolemy.apps.pendulum.*,ptolemy.apps.rijndael.*,ptolemy.apps.robot.*,ptolemy.apps.security.*,ptolemy.apps.sobel.*,ptolemy.apps.soot.*,ptolemy.apps.throttle.*,ptolemy.apps.tini.*,ptolemy.apps.transmission.*,ptolemy.apps.vergil.*,ptolemy.apps.waba.*,ptolemy.apps.websensor.*,ptolemy.apps.webstart.*,ptolemy.apps.xsl.*,ptolemy.apps.zaurus.*,ptolemy.codegen.c.actor.lib.oldJavaFiles.*,ptolemy.codegen.dsp.lib.*,ptolemy.codegen.kernel.newInterfaces.*,ptolemy.codegen.lib.*,ptolemy.copernicus.kernel.fragment.*,ptolemy.copernicus.shallow.cg.*,ptolemy.domains.giotto.demo.Hierarchy.Hierarchy.*,ptolemy.domains.giotto.demo.Multimode.Multimode.*,ptolemy.domains.giotto.demo.Simple.Simple.*,ptolemy.domains.gr.lib.experimental.*,ptolemy.domains.gro.*,ptolemy.domains.pdf.*,ptolemy.domains.ptinyos.demo.Surge.output.*,ptolemy.moml.test.NoPackageActor.java*,ptolemy.plot.adm.*,ptolemy.plot.servlet.*,reports.*,signed.*,src.*,target.*,vendors.*,ptolemy.copernicus.applet.*,ptolemy.media.viewer.*,ptolemy.actor.corba.*,doc.doclets.*,ptolemy.apps.eclipse.awt.*,ptolemy.backtrack.*,ptolemy.backtrack.ast.*,ptolemy.cg.adapter.generic.program.procedural.c.mbed*,ptolemy.homer.*,ptolemy.actor.lib.jai.*,org.ptolemy.scala.*,diva.util.java2d.svg.*,ptolemy.domains.ptinyos.*,ptolemy.actor.lib.fmi.fmipp.*,,org.terraswarm.accessor.accessors.web.node_modules.*,org.terraswarm.accessor.accessors-svn,ptolemy.apps.*,ptolemy.actor.ptalon.demo.ptinyos.SendAndReceiveCnt.output,ptolemy.actor.ptalon.demo.ptinyos.SenseToLeds.output,ptolemy.domains.ptinyos.demo.CntToLedsAndRfm.output,ptolemy.domains.ptinyos.demo.RfmToLeds.output,ptolemy.domains.ptinyos.demo.SendAndReceiveCnt.output,ptolemy.domains.ptinyos.demo.SenseToLeds.output,ptolemy.actor.lib.jjs.modules.udpSocket.*" />
    <property name="env.PTII" value="/home/travis/build/icyphy/ptII" />
    <property name="env.XDG_SESSION_ID" value="2" />
    <property name="keystore" value="ptKeystore" />
    <property name="env.TRAVIS_COMMIT_MESSAGE" value="If we timeout, append to the log and don&apos;t exit.  If we exit, then we won&apos;t process the log." />
    <property name="junit.output.dir" value="/home/travis/build/icyphy/ptII/reports/junit" />
    <property name="npm.return.code" value="0" />
    <property name="user.dir" value="/home/travis/build/icyphy/ptII/ptolemy/actor/lib/test" />
    <property name="env.TRAVIS_NODE_VERSION" value="7" />
    <property name="env.TRAVIS_EVENT_TYPE" value="push" />
    <property name="env.MAIL" value="/var/mail/travis" />
    <property name="env.PERLBREW_ROOT" value="/home/travis/perl5/perlbrew" />
    <property name="env.PWD" value="/home/travis/build/icyphy/ptII" />
    <property name="timeout.npm" value="45000" />
    <property name="env.TRAVIS_ARCH" value="amd64" />
    <property name="sun.cpu.endian" value="little" />
    <property name="env.PAGER" value="cat" />
    <property name="env.TRAVIS_BUILD_STAGE_NAME" value="Test" />
    <property name="env.PERLBREW_HOME" value="/home/travis/.perlbrew" />
    <property name="java.vm.version" value="11.0.2+9" />
    <property name="env.RAILS_ENV" value="test" />
    <property name="java.class.path" value="/home/travis/.ptolemyII:/home/travis/.ptolemyII/*:/home/travis/build/icyphy/ptII:/home/travis/build/icyphy/ptII/lib/bsh-2.0b4.jar:/home/travis/build/icyphy/ptII/lib/ptCal.jar:/home/travis/build/icyphy/ptII/lib/java_cup.jar:/home/travis/build/icyphy/ptII/lib/saxon8.jar:/home/travis/build/icyphy/ptII/lib/saxon8-dom.jar:/home/travis/build/icyphy/ptII/lib/chic.jar:/home/travis/build/icyphy/ptII/lib/ptcolt.jar:/home/travis/build/icyphy/ptII/vendors/misc/itext/iText.jar:/home/travis/build/icyphy/ptII/lib/g4ltl.jar:/home/travis/build/icyphy/ptII/lib/StructuralCoder.jar:/home/travis/build/icyphy/ptII/lib/jcerti.jar:/home/travis/build/icyphy/ptII/lib/javax.mail.jar:/home/travis/build/icyphy/ptII/vendors/JMF-2.1.1e/lib/jmf.jar:/home/travis/build/icyphy/ptII/lib/jna-4.0.0-variadic.jar:/home/travis/build/icyphy/ptII/vendors/misc/joystick/Joystick.jar:/home/travis/build/icyphy/ptII/lib/ptjacl.jar:/home/travis/build/icyphy/ptII/lib/jsoup-1.8.2.jar:/home/travis/build/icyphy/ptII/lib/junit-4.8.2.jar:/home/travis/build/icyphy/ptII/lib/JUnitParams-0.4.0.jar:/home/travis/build/icyphy/ptII/ptolemy/actor/lib/excel/jxl.jar:/home/travis/build/icyphy/ptII/lib/jython.jar:/home/travis/build/icyphy/ptII/lib/kieler.jar:/home/travis/build/icyphy/ptII/vendors/opencv/share/OpenCV/java/opencv-341.jar:/home/travis/build/icyphy/ptII/lib/oscP5.jar:/home/travis/build/icyphy/ptII/lib/nrjavaserial-3.11.0.devel.jar:/home/travis/build/icyphy/ptII/vendors/j3d/lib/Linux/j3dcore.jar:/home/travis/build/icyphy/ptII/vendors/j3d/lib/Linux/j3dutils.jar:/home/travis/build/icyphy/ptII/vendors/j3d/lib/Linux/vecmath.jar:/home/travis/build/icyphy/ptII/vendors/jogl/lib/Linux/gluegen-rt-natives-linux-amd64.jar:/home/travis/build/icyphy/ptII/vendors/jogl/lib/Linux/gluegen-rt.jar:/home/travis/build/icyphy/ptII/vendors/jogl/lib/Linux/jogl-all-natives-linux-amd64.jar:/home/travis/build/icyphy/ptII/vendors/jogl/lib/Linux/jogl-all.jar:/home/travis/build/icyphy/ptII/ptolemy/distributed/jini/jar/jini-core.jar:/home/travis/build/icyphy/ptII/ptolemy/distributed/jini/jar/jini-ext.jar:/home/travis/build/icyphy/ptII/ptolemy/distributed/jini/jar/sun-util.jar:/home/travis/build/icyphy/ptII/lib/protobuf-java-2.4.1.jar:/home/travis/build/icyphy/ptII/lib/org.eclipse.paho.client.mqttv3.jar:/home/travis/build/icyphy/ptII/lib/mapss.jar:/home/travis/build/icyphy/ptII/ptolemy/actor/ptalon/antlr/antlr.jar:/home/travis/build/icyphy/ptII/lib/JRI.jar:/home/travis/build/icyphy/ptII/lib/commons-lang-2.6.jar:/home/travis/build/icyphy/ptII/lib/commons-logging-1.1.1.jar:/home/travis/build/icyphy/ptII/lib/sootclasses.jar:/home/travis/build/icyphy/ptII/ptolemy/actor/lib/database/mysql-connector-java-5.1.6-bin.jar:/home/travis/build/icyphy/ptII/vendors/misc/sphinx4/sphinx4-data-5prealpha.jar:/home/travis/build/icyphy/ptII/vendors/misc/sphinx4/sphinx4-core-5prealpha.jar:/home/travis/build/icyphy/ptII/lib/PDFRenderer.jar:/home/travis/build/icyphy/ptII/lib/svgSalamander.jar:/home/travis/build/icyphy/ptII/lib/rsyntaxtextarea-2.6.0-SNAPSHOT.jar:/home/travis/build/icyphy/ptII/lib/hazelcast-3.8.2.jar:/home/travis/build/icyphy/ptII/lib/jackson-annotations-2.9.0.jar:/home/travis/build/icyphy/ptII/lib/jackson-core-2.9.3.jar:/home/travis/build/icyphy/ptII/lib/jackson-databind-2.9.3.jar:/home/travis/build/icyphy/ptII/lib/netty-buffer-4.1.19.Final.jar:/home/travis/build/icyphy/ptII/lib/netty-codec-4.1.19.Final.jar:/home/travis/build/icyphy/ptII/lib/netty-codec-dns-4.1.19.Final.jar:/home/travis/build/icyphy/ptII/lib/netty-codec-http-4.1.19.Final.jar:/home/travis/build/icyphy/ptII/lib/netty-codec-http2-4.1.19.Final.jar:/home/travis/build/icyphy/ptII/lib/netty-common-4.1.19.Final.jar:/home/travis/build/icyphy/ptII/lib/netty-handler-4.1.19.Final.jar:/home/travis/build/icyphy/ptII/lib/netty-resolver-4.1.19.Final.jar:/home/travis/build/icyphy/ptII/lib/netty-resolver-dns-4.1.19.Final.jar:/home/travis/build/icyphy/ptII/lib/netty-transport-4.1.19.Final.jar:/home/travis/build/icyphy/ptII/lib/vertx-codegen-3.5.1.jar:/home/travis/build/icyphy/ptII/lib/vertx-core-3.5.2-SNAPSHOT.jar:/home/travis/build/icyphy/ptII/lib/vertx-hazelcast-3.5.1.jar:/home/travis/build/icyphy/ptII/lib/vertx-lang-js-3.5.1.jar:/home/travis/build/icyphy/ptII/lib/vertx-service-proxy-3.5.1.jar:/home/travis/build/icyphy/ptII/lib/vertx-web-3.5.1.jar:/home/travis/build/icyphy/ptII/lib/slf4j-api-1.7.13.jar:/home/travis/build/icyphy/ptII/lib/slf4j-simple-1.7.13.jar:/home/travis/build/icyphy/ptII/lib/webcam-capture-0.3.12.jar:/home/travis/build/icyphy/ptII/lib/bridj-0.7.0.jar:/home/travis/build/icyphy/ptII/lib/xbjlib-1.1.0.nrjavaserial.jar:/home/travis/build/icyphy/ptII/ptolemy/moml/test:/home/travis/build/icyphy/ptII/ant/lib/ant-launcher.jar:/home/travis/build/icyphy/ptII/ant/lib/ant.jar:/home/travis/build/icyphy/ptII/ant/lib/ant-junit.jar:/home/travis/build/icyphy/ptII/ant/lib/ant-junit4.jar" />
    <property name="ant.library.dir" value="/home/travis/build/icyphy/ptII/ant/lib" />
    <property name="os.arch" value="amd64" />
    <property name="env.CONTINUOUS_INTEGRATION" value="true" />
    <property name="env.TRAVIS_LANGUAGE" value="node_js" />
    <property name="env.TRAVIS_STACK_LANGUAGES" value="__sardonyx__ c c++ clojure cplusplus cpp default generic go groovy java node_js php pure_java python ruby scala" />
    <property name="test.name" value="ptolemy.actor.lib.test.junit.JUnitTclTest" />
    <property name="env.APT_KEY_DONT_WARN_ON_DANGEROUS_USAGE" value="1" />
    <property name="sun.java.launcher" value="SUN_STANDARD" />
    <property name="env.PYTHON_CONFIGURE_OPTS" value="--enable-unicode=ucs4 --with-wide-unicode --enable-shared --enable-ipv6 --enable-loadable-sqlite-extensions --with-computed-gotos" />
    <property name="ant.core.lib" value="/home/travis/build/icyphy/ptII/ant/lib/ant.jar" />
    <property name="java.vm.specification.vendor" value="Oracle Corporation" />
    <property name="env.BCVTB_HOME" value="/home/travis/build/icyphy/ptII/lbnl" />
    <property name="file.separator" value="/" />
    <property name="spotbugs.home" value="/home/travis/build/icyphy/ptII/vendors/spotbugs-3.1.1" />
    <property name="java.runtime.version" value="11.0.2+9" />
    <property name="env.ANSI_CLEAR" value="\033[0K" />
    <property name="javafx.verbose" value="true" />
    <property name="env.HAS_JOSH_K_SEAL_OF_APPROVAL" value="true" />
    <property name="env.XDG_RUNTIME_DIR" value="/run/user/2000" />
    <property name="env.TRAVIS_OSX_IMAGE" value="" />
    <property name="env.TRAVIS_JOB_ID" value="561518501" />
    <property name="env.TRAVIS_BRANCH" value="master" />
    <property name="user.country" value="US" />
    <property name="env.CERTI_HOME_TRAVIS" value="/home/travis/pthla/certi-tools" />
    <property name="env.SHELL" value="/bin/bash" />
    <property name="java.maxmemory.large" value="4000m" />
    <property name="model" value="" />
    <property name="env.CASHER_DIR" value="/home/travis/.casher" />
    <property name="env.NVM_CD_FLAGS" value="" />
    <property name="java.vendor.version" value="18.9" />
    <property name="jshint.executable" value="/home/travis/node_modules/jshint/bin/jshint" />
    <property name="env.JRUBY_OPTS" value=" --client -J-XX:+TieredCompilation -J-XX:TieredStopAtLevel=1 -J-Xss2m -Xcompile.invokedynamic=false" />
    <property name="java.vendor" value="Oracle Corporation" />
    <property name="env.TRAVIS_PRE_CHEF_BOOTSTRAP_TIME" value="2019-03-25T16:16:42" />
    <property name="env.TRAVIS_STACK_JOB_BOARD_REGISTER" value="/.job-board-register.yml" />
    <property name="env.ANSI_RED" value="\033[31;1m" />
    <property name="java.specification.version" value="11" />
    <property name="env.IRBRC" value="/home/travis/.rvm/rubies/ruby-2.5.3/.irbrc" />
    <property name="env.TRAVIS" value="true" />
    <property name="sun.arch.data.model" value="64" />
  </properties>
  <testcase classname="ptolemy.util.test.junit.TclTests" name="[0] /home/travis/build/icyphy/ptII/ptolemy/actor/lib/test/AbsoluteValue.tcl (RunTclFile)" time="0.648" />
  <testcase classname="ptolemy.util.test.junit.TclTests" name="[1] /home/travis/build/icyphy/ptII/ptolemy/actor/lib/test/AddSubtract.tcl (RunTclFile)" time="0.154" />
  <testcase classname="ptolemy.util.test.junit.TclTests" name="[2] /home/travis/build/icyphy/ptII/ptolemy/actor/lib/test/Average.tcl (RunTclFile)" time="0.042" />
  <testcase classname="ptolemy.util.test.junit.TclTests" name="[3] /home/travis/build/icyphy/ptII/ptolemy/actor/lib/test/Bernoulli.tcl (RunTclFile)" time="0.029" />
  <testcase classname="ptolemy.util.test.junit.TclTests" name="[4] /home/travis/build/icyphy/ptII/ptolemy/actor/lib/test/Clock.tcl (RunTclFile)" time="0.065" />
  <testcase classname="ptolemy.util.test.junit.TclTests" name="[5] /home/travis/build/icyphy/ptII/ptolemy/actor/lib/test/Commutator.tcl (RunTclFile)" time="0.175" />
  <testcase classname="ptolemy.util.test.junit.TclTests" name="[6] /home/travis/build/icyphy/ptII/ptolemy/actor/lib/test/Const.tcl (RunTclFile)" time="0.12" />
  <testcase classname="ptolemy.util.test.junit.TclTests" name="[7] /home/travis/build/icyphy/ptII/ptolemy/actor/lib/test/CurrentTime.tcl (RunTclFile)" time="0.044" />
  <testcase classname="ptolemy.util.test.junit.TclTests" name="[8] /home/travis/build/icyphy/ptII/ptolemy/actor/lib/test/DB.tcl (RunTclFile)" time="0.059" />
  <testcase classname="ptolemy.util.test.junit.TclTests" name="[9] /home/travis/build/icyphy/ptII/ptolemy/actor/lib/test/DiscreteRandomSource.tcl (RunTclFile)" time="0.06" />
  <testcase classname="ptolemy.util.test.junit.TclTests" name="[10] /home/travis/build/icyphy/ptII/ptolemy/actor/lib/test/Distributor.tcl (RunTclFile)" time="0.086" />
  <testcase classname="ptolemy.util.test.junit.TclTests" name="[11] /home/travis/build/icyphy/ptII/ptolemy/actor/lib/test/Exit.tcl (RunTclFile)" time="0.081" />
  <testcase classname="ptolemy.util.test.junit.TclTests" name="[12] /home/travis/build/icyphy/ptII/ptolemy/actor/lib/test/Expression.tcl (RunTclFile)" time="0.095" />
  <testcase classname="ptolemy.util.test.junit.TclTests" name="[13] /home/travis/build/icyphy/ptII/ptolemy/actor/lib/test/Gaussian.tcl (RunTclFile)" time="0.32" />
  <testcase classname="ptolemy.util.test.junit.TclTests" name="[14] /home/travis/build/icyphy/ptII/ptolemy/actor/lib/test/IIR.tcl (RunTclFile)" time="0.035" />
  <testcase classname="ptolemy.util.test.junit.TclTests" name="[15] /home/travis/build/icyphy/ptII/ptolemy/actor/lib/test/Interpolator.tcl (RunTclFile)" time="0.056" />
  <testcase classname="ptolemy.util.test.junit.TclTests" name="[16] /home/travis/build/icyphy/ptII/ptolemy/actor/lib/test/MathFunction.tcl (RunTclFile)" time="0.063" />
  <testcase classname="ptolemy.util.test.junit.TclTests" name="[17] /home/travis/build/icyphy/ptII/ptolemy/actor/lib/test/Maximum.tcl (RunTclFile)" time="0.04" />
  <testcase classname="ptolemy.util.test.junit.TclTests" name="[18] /home/travis/build/icyphy/ptII/ptolemy/actor/lib/test/Minimum.tcl (RunTclFile)" time="0.04" />
  <testcase classname="ptolemy.util.test.junit.TclTests" name="[19] /home/travis/build/icyphy/ptII/ptolemy/actor/lib/test/MultiplyDivide.tcl (RunTclFile)" time="0.059" />
  <testcase classname="ptolemy.util.test.junit.TclTests" name="[20] /home/travis/build/icyphy/ptII/ptolemy/actor/lib/test/OrderedMerge.tcl (RunTclFile)" time="0.153" />
  <testcase classname="ptolemy.util.test.junit.TclTests" name="[21] /home/travis/build/icyphy/ptII/ptolemy/actor/lib/test/Publisher.tcl (RunTclFile)" time="0.841" />
  <testcase classname="ptolemy.util.test.junit.TclTests" name="[22] /home/travis/build/icyphy/ptII/ptolemy/actor/lib/test/Pulse.tcl (RunTclFile)" time="0.055" />
  <testcase classname="ptolemy.util.test.junit.TclTests" name="[23] /home/travis/build/icyphy/ptII/ptolemy/actor/lib/test/Ramp.tcl (RunTclFile)" time="2.633" />
  <testcase classname="ptolemy.util.test.junit.TclTests" name="[24] /home/travis/build/icyphy/ptII/ptolemy/actor/lib/test/RampContinuous.tcl (RunTclFile)" time="0.023" />
  <testcase classname="ptolemy.util.test.junit.TclTests" name="[25] /home/travis/build/icyphy/ptII/ptolemy/actor/lib/test/RecordAssembler.tcl (RunTclFile)" time="0.017" />
  <testcase classname="ptolemy.util.test.junit.TclTests" name="[26] /home/travis/build/icyphy/ptII/ptolemy/actor/lib/test/RecordDisassembler.tcl (RunTclFile)" time="0.035" />
  <testcase classname="ptolemy.util.test.junit.TclTests" name="[27] /home/travis/build/icyphy/ptII/ptolemy/actor/lib/test/Scale.tcl (RunTclFile)" time="0.033" />
  <testcase classname="ptolemy.util.test.junit.TclTests" name="[28] /home/travis/build/icyphy/ptII/ptolemy/actor/lib/test/SequentialClock.tcl (RunTclFile)" time="0.022" />
  <testcase classname="ptolemy.util.test.junit.TclTests" name="[29] /home/travis/build/icyphy/ptII/ptolemy/actor/lib/test/SetVariable.tcl (RunTclFile)" time="0.03">
    <failure message="Number of failed tests is has increased. expected:&lt;0&gt; but was:&lt;1&gt;" type="junit.framework.AssertionFailedError">junit.framework.AssertionFailedError: Number of failed tests is has increased. expected:&lt;0&gt; but was:&lt;1&gt;
	at ptolemy.util.test.junit.TclTests.RunTclFile(TclTests.java:286)
	at jdk.internal.reflect.GeneratedMethodAccessor19.invoke(Unknown Source)
	at java.base/jdk.internal.reflect.DelegatingMethodAccessorImpl.invoke(DelegatingMethodAccessorImpl.java:43)
	at junitparams.internal.InvokeParameterisedMethod.evaluate(InvokeParameterisedMethod.java:102)
	at junitparams.internal.ParameterisedTestMethodRunner.runMethodInvoker(ParameterisedTestMethodRunner.java:47)
	at junitparams.internal.ParameterisedTestMethodRunner.runTestMethod(ParameterisedTestMethodRunner.java:41)
	at junitparams.internal.ParameterisedTestClassRunner.runParameterisedTest(ParameterisedTestClassRunner.java:143)
	at junitparams.JUnitParamsRunner.runChild(JUnitParamsRunner.java:237)
	at junitparams.JUnitParamsRunner.runChild(JUnitParamsRunner.java:215)
</failure>
  </testcase>
  <testcase classname="ptolemy.util.test.junit.TclTests" name="[30] /home/travis/build/icyphy/ptII/ptolemy/actor/lib/test/Sinewave.tcl (RunTclFile)" time="0.057" />
  <testcase classname="ptolemy.util.test.junit.TclTests" name="[31] /home/travis/build/icyphy/ptII/ptolemy/actor/lib/test/SubscriptionAggregator.tcl (RunTclFile)" time="2.553" />
  <testcase classname="ptolemy.util.test.junit.TclTests" name="[32] /home/travis/build/icyphy/ptII/ptolemy/actor/lib/test/Test.tcl (RunTclFile)" time="0.136" />
  <testcase classname="ptolemy.util.test.junit.TclTests" name="[33] /home/travis/build/icyphy/ptII/ptolemy/actor/lib/test/TestExceptionHandler.tcl (RunTclFile)" time="0.015" />
  <testcase classname="ptolemy.util.test.junit.TclTests" name="[34] /home/travis/build/icyphy/ptII/ptolemy/actor/lib/test/UnionDisassembler.tcl (RunTclFile)" time="0.081" />
  <testcase classname="ptolemy.util.test.junit.TclTests" name="[35] /home/travis/build/icyphy/ptII/ptolemy/actor/lib/test/VariableClock.tcl (RunTclFile)" time="0.017" />
  <testcase classname="ptolemy.util.test.junit.AutoKnownFailedTests" name="[0] /home/travis/build/icyphy/ptII/ptolemy/actor/lib/test/auto/knownFailedTests/PublisherPortToplevelSubscriber.xml (RunModel)" time="0.018" />
  <testcase classname="ptolemy.util.test.junit.AutoKnownFailedTests" name="[1] /home/travis/build/icyphy/ptII/ptolemy/actor/lib/test/auto/knownFailedTests/PublisherSubscriberPortToplevel.xml (RunModel)" time="0.041" />
  <testcase classname="ptolemy.util.test.junit.AutoKnownFailedTests" name="[2] /home/travis/build/icyphy/ptII/ptolemy/actor/lib/test/auto/knownFailedTests/PublisherSubscriptionAggregatorPort.xml (RunModel)" time="0.022" />
  <testcase classname="ptolemy.util.test.junit.AutoKnownFailedTests" name="[3] /home/travis/build/icyphy/ptII/ptolemy/actor/lib/test/auto/knownFailedTests/sizedarray3.xml (RunModel)" time="0.031" />
  <testcase classname="ptolemy.util.test.junit.AutoNameArchTests" name="[0] ThereAreNoAutoArchTests (RunModel)" time="0.007" />
  <testcase classname="ptolemy.util.test.junit.AutoTests" name="[0] /home/travis/build/icyphy/ptII/ptolemy/actor/lib/test/auto/AbsoluteValue.xml (RunModel)" time="0.131" />
  <testcase classname="ptolemy.util.test.junit.AutoTests" name="[1] /home/travis/build/icyphy/ptII/ptolemy/actor/lib/test/auto/AbsoluteValue2.xml (RunModel)" time="0.037" />
  <testcase classname="ptolemy.util.test.junit.AutoTests" name="[2] /home/travis/build/icyphy/ptII/ptolemy/actor/lib/test/auto/Accumulator.xml (RunModel)" time="0.082" />
  <testcase classname="ptolemy.util.test.junit.AutoTests" name="[3] /home/travis/build/icyphy/ptII/ptolemy/actor/lib/test/auto/Accumulator2.xml (RunModel)" time="0.045" />
  <testcase classname="ptolemy.util.test.junit.AutoTests" name="[4] /home/travis/build/icyphy/ptII/ptolemy/actor/lib/test/auto/Accumulator3.xml (RunModel)" time="0.051" />
  <testcase classname="ptolemy.util.test.junit.AutoTests" name="[5] /home/travis/build/icyphy/ptII/ptolemy/actor/lib/test/auto/ArrayAppend.xml (RunModel)" time="0.069" />
  <testcase classname="ptolemy.util.test.junit.AutoTests" name="[6] /home/travis/build/icyphy/ptII/ptolemy/actor/lib/test/auto/ArrayAppend2.xml (RunModel)" time="0.33" />
  <testcase classname="ptolemy.util.test.junit.AutoTests" name="[7] /home/travis/build/icyphy/ptII/ptolemy/actor/lib/test/auto/ArrayAppend3.xml (RunModel)" time="0.036" />
  <testcase classname="ptolemy.util.test.junit.AutoTests" name="[8] /home/travis/build/icyphy/ptII/ptolemy/actor/lib/test/auto/ArrayAppend4.xml (RunModel)" time="0.024" />
  <testcase classname="ptolemy.util.test.junit.AutoTests" name="[9] /home/travis/build/icyphy/ptII/ptolemy/actor/lib/test/auto/ArrayAppend5.xml (RunModel)" time="0.033" />
  <testcase classname="ptolemy.util.test.junit.AutoTests" name="[10] /home/travis/build/icyphy/ptII/ptolemy/actor/lib/test/auto/ArrayAppend6.xml (RunModel)" time="0.018" />
  <testcase classname="ptolemy.util.test.junit.AutoTests" name="[11] /home/travis/build/icyphy/ptII/ptolemy/actor/lib/test/auto/ArrayAppendPerformanceTest.xml (RunModel)" time="0.06" />
  <testcase classname="ptolemy.util.test.junit.AutoTests" name="[12] /home/travis/build/icyphy/ptII/ptolemy/actor/lib/test/auto/ArrayAppendWithEmptyInput.xml (RunModel)" time="0.035" />
  <testcase classname="ptolemy.util.test.junit.AutoTests" name="[13] /home/travis/build/icyphy/ptII/ptolemy/actor/lib/test/auto/ArrayAverage.xml (RunModel)" time="0.039" />
  <testcase classname="ptolemy.util.test.junit.AutoTests" name="[14] /home/travis/build/icyphy/ptII/ptolemy/actor/lib/test/auto/ArrayContains.xml (RunModel)" time="0.025" />
  <testcase classname="ptolemy.util.test.junit.AutoTests" name="[15] /home/travis/build/icyphy/ptII/ptolemy/actor/lib/test/auto/ArrayElement.xml (RunModel)" time="0.089" />
  <testcase classname="ptolemy.util.test.junit.AutoTests" name="[16] /home/travis/build/icyphy/ptII/ptolemy/actor/lib/test/auto/ArrayElementAsMatrix.xml (RunModel)" time="0.062" />
  <testcase classname="ptolemy.util.test.junit.AutoTests" name="[17] /home/travis/build/icyphy/ptII/ptolemy/actor/lib/test/auto/ArrayElementI.xml (RunModel)" time="0.031" />
  <testcase classname="ptolemy.util.test.junit.AutoTests" name="[18] /home/travis/build/icyphy/ptII/ptolemy/actor/lib/test/auto/ArrayExtract.xml (RunModel)" time="0.055" />
  <testcase classname="ptolemy.util.test.junit.AutoTests" name="[19] /home/travis/build/icyphy/ptII/ptolemy/actor/lib/test/auto/ArrayExtract2.xml (RunModel)" time="0.018" />
  <testcase classname="ptolemy.util.test.junit.AutoTests" name="[20] /home/travis/build/icyphy/ptII/ptolemy/actor/lib/test/auto/ArrayLength.xml (RunModel)" time="0.038" />
  <testcase classname="ptolemy.util.test.junit.AutoTests" name="[21] /home/travis/build/icyphy/ptII/ptolemy/actor/lib/test/auto/ArrayLevelCrossing.xml (RunModel)" time="0.031" />
  <testcase classname="ptolemy.util.test.junit.AutoTests" name="[22] /home/travis/build/icyphy/ptII/ptolemy/actor/lib/test/auto/ArrayLevelCrossing2.xml (RunModel)" time="0.024" />
  <testcase classname="ptolemy.util.test.junit.AutoTests" name="[23] /home/travis/build/icyphy/ptII/ptolemy/actor/lib/test/auto/ArrayPeakSearch.xml (RunModel)" time="0.044" />
  <testcase classname="ptolemy.util.test.junit.AutoTests" name="[24] /home/travis/build/icyphy/ptII/ptolemy/actor/lib/test/auto/ArrayPeakSearch2.xml (RunModel)" time="0.042" />
  <testcase classname="ptolemy.util.test.junit.AutoTests" name="[25] /home/travis/build/icyphy/ptII/ptolemy/actor/lib/test/auto/ArrayPeakSearch3.xml (RunModel)" time="0.044" />
  <testcase classname="ptolemy.util.test.junit.AutoTests" name="[26] /home/travis/build/icyphy/ptII/ptolemy/actor/lib/test/auto/ArrayRemoveElement.xml (RunModel)" time="0.033" />
  <testcase classname="ptolemy.util.test.junit.AutoTests" name="[27] /home/travis/build/icyphy/ptII/ptolemy/actor/lib/test/auto/ArraySort.xml (RunModel)" time="0.042" />
  <testcase classname="ptolemy.util.test.junit.AutoTests" name="[28] /home/travis/build/icyphy/ptII/ptolemy/actor/lib/test/auto/ArraySum.xml (RunModel)" time="0.027" />
  <testcase classname="ptolemy.util.test.junit.AutoTests" name="[29] /home/travis/build/icyphy/ptII/ptolemy/actor/lib/test/auto/ArrayToElements.xml (RunModel)" time="0.026" />
  <testcase classname="ptolemy.util.test.junit.AutoTests" name="[30] /home/travis/build/icyphy/ptII/ptolemy/actor/lib/test/auto/ArrayToMatrix.xml (RunModel)" time="0.073" />
  <testcase classname="ptolemy.util.test.junit.AutoTests" name="[31] /home/travis/build/icyphy/ptII/ptolemy/actor/lib/test/auto/ArrayUpdate1.xml (RunModel)" time="0.029" />
  <testcase classname="ptolemy.util.test.junit.AutoTests" name="[32] /home/travis/build/icyphy/ptII/ptolemy/actor/lib/test/auto/ArrayUpdate2.xml (RunModel)" time="0.022" />
  <testcase classname="ptolemy.util.test.junit.AutoTests" name="[33] /home/travis/build/icyphy/ptII/ptolemy/actor/lib/test/auto/ArrayUpdate3.xml (RunModel)" time="0.039" />
  <testcase classname="ptolemy.util.test.junit.AutoTests" name="[34] /home/travis/build/icyphy/ptII/ptolemy/actor/lib/test/auto/Assert1.xml (RunModel)" time="0.016" />
  <testcase classname="ptolemy.util.test.junit.AutoTests" name="[35] /home/travis/build/icyphy/ptII/ptolemy/actor/lib/test/auto/Assert2.xml (RunModel)" time="0.017" />
  <testcase classname="ptolemy.util.test.junit.AutoTests" name="[36] /home/travis/build/icyphy/ptII/ptolemy/actor/lib/test/auto/BooleanMultiplexor.xml (RunModel)" time="0.025" />
  <testcase classname="ptolemy.util.test.junit.AutoTests" name="[37] /home/travis/build/icyphy/ptII/ptolemy/actor/lib/test/auto/BooleanMultiplexor2.xml (RunModel)" time="0.026" />
  <testcase classname="ptolemy.util.test.junit.AutoTests" name="[38] /home/travis/build/icyphy/ptII/ptolemy/actor/lib/test/auto/BooleanMultiplexor3.xml (RunModel)" time="0.024" />
  <testcase classname="ptolemy.util.test.junit.AutoTests" name="[39] /home/travis/build/icyphy/ptII/ptolemy/actor/lib/test/auto/BooleanSelect.xml (RunModel)" time="0.022" />
  <testcase classname="ptolemy.util.test.junit.AutoTests" name="[40] /home/travis/build/icyphy/ptII/ptolemy/actor/lib/test/auto/BooleanSelect2.xml (RunModel)" time="0.02" />
  <testcase classname="ptolemy.util.test.junit.AutoTests" name="[41] /home/travis/build/icyphy/ptII/ptolemy/actor/lib/test/auto/BooleanSwitch.xml (RunModel)" time="0.03" />
  <testcase classname="ptolemy.util.test.junit.AutoTests" name="[42] /home/travis/build/icyphy/ptII/ptolemy/actor/lib/test/auto/BooleanSwitch2.xml (RunModel)" time="0.02" />
  <testcase classname="ptolemy.util.test.junit.AutoTests" name="[43] /home/travis/build/icyphy/ptII/ptolemy/actor/lib/test/auto/BooleanSwitchCloningBugWithClassRelationGroup.xml (RunModel)" time="0.032" />
  <testcase classname="ptolemy.util.test.junit.AutoTests" name="[44] /home/travis/build/icyphy/ptII/ptolemy/actor/lib/test/auto/BusActors.xml (RunModel)" time="0.034" />
  <testcase classname="ptolemy.util.test.junit.AutoTests" name="[45] /home/travis/build/icyphy/ptII/ptolemy/actor/lib/test/auto/ClassWrapper.xml (RunModel)" time="0.025" />
  <testcase classname="ptolemy.util.test.junit.AutoTests" name="[46] /home/travis/build/icyphy/ptII/ptolemy/actor/lib/test/auto/Clock.xml (RunModel)" time="0.012" />
  <testcase classname="ptolemy.util.test.junit.AutoTests" name="[47] /home/travis/build/icyphy/ptII/ptolemy/actor/lib/test/auto/Clock10.xml (RunModel)" time="0.019" />
  <testcase classname="ptolemy.util.test.junit.AutoTests" name="[48] /home/travis/build/icyphy/ptII/ptolemy/actor/lib/test/auto/Clock11.xml (RunModel)" time="0.018" />
  <testcase classname="ptolemy.util.test.junit.AutoTests" name="[49] /home/travis/build/icyphy/ptII/ptolemy/actor/lib/test/auto/Clock12.xml (RunModel)" time="0.027" />
  <testcase classname="ptolemy.util.test.junit.AutoTests" name="[50] /home/travis/build/icyphy/ptII/ptolemy/actor/lib/test/auto/Clock13.xml (RunModel)" time="0.015" />
  <testcase classname="ptolemy.util.test.junit.AutoTests" name="[51] /home/travis/build/icyphy/ptII/ptolemy/actor/lib/test/auto/Clock14.xml (RunModel)" time="0.028" />
  <testcase classname="ptolemy.util.test.junit.AutoTests" name="[52] /home/travis/build/icyphy/ptII/ptolemy/actor/lib/test/auto/Clock15.xml (RunModel)" time="0.014" />
  <testcase classname="ptolemy.util.test.junit.AutoTests" name="[53] /home/travis/build/icyphy/ptII/ptolemy/actor/lib/test/auto/Clock16.xml (RunModel)" time="0.112" />
  <testcase classname="ptolemy.util.test.junit.AutoTests" name="[54] /home/travis/build/icyphy/ptII/ptolemy/actor/lib/test/auto/Clock17.xml (RunModel)" time="0.063" />
  <testcase classname="ptolemy.util.test.junit.AutoTests" name="[55] /home/travis/build/icyphy/ptII/ptolemy/actor/lib/test/auto/Clock18.xml (RunModel)" time="0.083" />
  <testcase classname="ptolemy.util.test.junit.AutoTests" name="[56] /home/travis/build/icyphy/ptII/ptolemy/actor/lib/test/auto/Clock19.xml (RunModel)" time="0.048" />
  <testcase classname="ptolemy.util.test.junit.AutoTests" name="[57] /home/travis/build/icyphy/ptII/ptolemy/actor/lib/test/auto/Clock2.xml (RunModel)" time="0.019" />
  <testcase classname="ptolemy.util.test.junit.AutoTests" name="[58] /home/travis/build/icyphy/ptII/ptolemy/actor/lib/test/auto/Clock20.xml (RunModel)" time="0.024" />
  <testcase classname="ptolemy.util.test.junit.AutoTests" name="[59] /home/travis/build/icyphy/ptII/ptolemy/actor/lib/test/auto/Clock21.xml (RunModel)" time="0.018" />
  <testcase classname="ptolemy.util.test.junit.AutoTests" name="[60] /home/travis/build/icyphy/ptII/ptolemy/actor/lib/test/auto/Clock22.xml (RunModel)" time="0.02" />
  <testcase classname="ptolemy.util.test.junit.AutoTests" name="[61] /home/travis/build/icyphy/ptII/ptolemy/actor/lib/test/auto/Clock23.xml (RunModel)" time="0.018" />
  <testcase classname="ptolemy.util.test.junit.AutoTests" name="[62] /home/travis/build/icyphy/ptII/ptolemy/actor/lib/test/auto/Clock24.xml (RunModel)" time="0.015" />
  <testcase classname="ptolemy.util.test.junit.AutoTests" name="[63] /home/travis/build/icyphy/ptII/ptolemy/actor/lib/test/auto/Clock4.xml (RunModel)" time="0.011" />
  <testcase classname="ptolemy.util.test.junit.AutoTests" name="[64] /home/travis/build/icyphy/ptII/ptolemy/actor/lib/test/auto/Clock5.xml (RunModel)" time="0.017" />
  <testcase classname="ptolemy.util.test.junit.AutoTests" name="[65] /home/travis/build/icyphy/ptII/ptolemy/actor/lib/test/auto/Clock6.xml (RunModel)" time="0.01" />
  <testcase classname="ptolemy.util.test.junit.AutoTests" name="[66] /home/travis/build/icyphy/ptII/ptolemy/actor/lib/test/auto/Clock7.xml (RunModel)" time="0.009" />
  <testcase classname="ptolemy.util.test.junit.AutoTests" name="[67] /home/travis/build/icyphy/ptII/ptolemy/actor/lib/test/auto/Clock8.xml (RunModel)" time="0.015" />
  <testcase classname="ptolemy.util.test.junit.AutoTests" name="[68] /home/travis/build/icyphy/ptII/ptolemy/actor/lib/test/auto/Clock9.xml (RunModel)" time="0.023" />
  <testcase classname="ptolemy.util.test.junit.AutoTests" name="[69] /home/travis/build/icyphy/ptII/ptolemy/actor/lib/test/auto/CommDistDiscard.xml (RunModel)" time="0.019" />
  <testcase classname="ptolemy.util.test.junit.AutoTests" name="[70] /home/travis/build/icyphy/ptII/ptolemy/actor/lib/test/auto/Commutator.xml (RunModel)" time="0.013" />
  <testcase classname="ptolemy.util.test.junit.AutoTests" name="[71] /home/travis/build/icyphy/ptII/ptolemy/actor/lib/test/auto/Commutator2.xml (RunModel)" time="0.01" />
  <testcase classname="ptolemy.util.test.junit.AutoTests" name="[72] /home/travis/build/icyphy/ptII/ptolemy/actor/lib/test/auto/Commutator3.xml (RunModel)" time="0.011" />
  <testcase classname="ptolemy.util.test.junit.AutoTests" name="[73] /home/travis/build/icyphy/ptII/ptolemy/actor/lib/test/auto/Compare.xml (RunModel)" time="0.017" />
  <testcase classname="ptolemy.util.test.junit.AutoTests" name="[74] /home/travis/build/icyphy/ptII/ptolemy/actor/lib/test/auto/CompareDE.xml (RunModel)" time="0.019" />
  <testcase classname="ptolemy.util.test.junit.AutoTests" name="[75] /home/travis/build/icyphy/ptII/ptolemy/actor/lib/test/auto/ComplexDivide.xml (RunModel)" time="0.009" />
  <testcase classname="ptolemy.util.test.junit.AutoTests" name="[76] /home/travis/build/icyphy/ptII/ptolemy/actor/lib/test/auto/ComputeHistogram.xml (RunModel)" time="0.054" />
  <testcase classname="ptolemy.util.test.junit.AutoTests" name="[77] /home/travis/build/icyphy/ptII/ptolemy/actor/lib/test/auto/ConfigurationSelect.xml (RunModel)" time="0.017" />
  <testcase classname="ptolemy.util.test.junit.AutoTests" name="[78] /home/travis/build/icyphy/ptII/ptolemy/actor/lib/test/auto/ConfigurationSelect2.xml (RunModel)" time="0.017" />
  <testcase classname="ptolemy.util.test.junit.AutoTests" name="[79] /home/travis/build/icyphy/ptII/ptolemy/actor/lib/test/auto/ConfigurationSwitch.xml (RunModel)" time="0.025" />
  <testcase classname="ptolemy.util.test.junit.AutoTests" name="[80] /home/travis/build/icyphy/ptII/ptolemy/actor/lib/test/auto/ConfigurationSwitch2.xml (RunModel)" time="0.026" />
  <testcase classname="ptolemy.util.test.junit.AutoTests" name="[81] /home/travis/build/icyphy/ptII/ptolemy/actor/lib/test/auto/ConfigurationSwitchCloningBugWithClassRelationGroup.xml (RunModel)" time="0.021" />
  <testcase classname="ptolemy.util.test.junit.AutoTests" name="[82] /home/travis/build/icyphy/ptII/ptolemy/actor/lib/test/auto/ConfigurationSwitchSelectSDF.xml (RunModel)" time="0.016" />
  <testcase classname="ptolemy.util.test.junit.AutoTests" name="[83] /home/travis/build/icyphy/ptII/ptolemy/actor/lib/test/auto/ConfigurationSwitchSelectSDF2.xml (RunModel)" time="0.021" />
  <testcase classname="ptolemy.util.test.junit.AutoTests" name="[84] /home/travis/build/icyphy/ptII/ptolemy/actor/lib/test/auto/Const.xml (RunModel)" time="0.009" />
  <testcase classname="ptolemy.util.test.junit.AutoTests" name="[85] /home/travis/build/icyphy/ptII/ptolemy/actor/lib/test/auto/Const2.xml (RunModel)" time="0.01" />
  <testcase classname="ptolemy.util.test.junit.AutoTests" name="[86] /home/travis/build/icyphy/ptII/ptolemy/actor/lib/test/auto/Const3.xml (RunModel)" time="0.007" />
  <testcase classname="ptolemy.util.test.junit.AutoTests" name="[87] /home/travis/build/icyphy/ptII/ptolemy/actor/lib/test/auto/ConstantPublisherPort1.xml (RunModel)" time="0.023" />
  <testcase classname="ptolemy.util.test.junit.AutoTests" name="[88] /home/travis/build/icyphy/ptII/ptolemy/actor/lib/test/auto/ConstantPublisherPort2.xml (RunModel)" time="0.027" />
  <testcase classname="ptolemy.util.test.junit.AutoTests" name="[89] /home/travis/build/icyphy/ptII/ptolemy/actor/lib/test/auto/ConstantPublisherPort3.xml (RunModel)" time="0.021" />
  <testcase classname="ptolemy.util.test.junit.AutoTests" name="[90] /home/travis/build/icyphy/ptII/ptolemy/actor/lib/test/auto/ConstantPublisherPort4.xml (RunModel)" time="0.016" />
  <testcase classname="ptolemy.util.test.junit.AutoTests" name="[91] /home/travis/build/icyphy/ptII/ptolemy/actor/lib/test/auto/ConstantPublisherPort5.xml (RunModel)" time="0.032" />
  <testcase classname="ptolemy.util.test.junit.AutoTests" name="[92] /home/travis/build/icyphy/ptII/ptolemy/actor/lib/test/auto/ConstantPublisherPort6.xml (RunModel)" time="0.044" />
  <testcase classname="ptolemy.util.test.junit.AutoTests" name="[93] /home/travis/build/icyphy/ptII/ptolemy/actor/lib/test/auto/ConstantPublisherPort7.xml (RunModel)" time="0.068" />
  <testcase classname="ptolemy.util.test.junit.AutoTests" name="[94] /home/travis/build/icyphy/ptII/ptolemy/actor/lib/test/auto/ConstraintMonitor1.xml (RunModel)" time="0.041" />
  <testcase classname="ptolemy.util.test.junit.AutoTests" name="[95] /home/travis/build/icyphy/ptII/ptolemy/actor/lib/test/auto/ConstraintMonitor2.xml (RunModel)" time="0.015" />
  <testcase classname="ptolemy.util.test.junit.AutoTests" name="[96] /home/travis/build/icyphy/ptII/ptolemy/actor/lib/test/auto/ConstraintMonitor3.xml (RunModel)" time="0.02" />
  <testcase classname="ptolemy.util.test.junit.AutoTests" name="[97] /home/travis/build/icyphy/ptII/ptolemy/actor/lib/test/auto/ConstraintMonitor4.xml (RunModel)" time="0.028" />
  <testcase classname="ptolemy.util.test.junit.AutoTests" name="[98] /home/travis/build/icyphy/ptII/ptolemy/actor/lib/test/auto/ConstraintMonitor5.xml (RunModel)" time="0.023" />
  <testcase classname="ptolemy.util.test.junit.AutoTests" name="[99] /home/travis/build/icyphy/ptII/ptolemy/actor/lib/test/auto/ConstraintMonitor6.xml (RunModel)" time="0.025" />
  <testcase classname="ptolemy.util.test.junit.AutoTests" name="[100] /home/travis/build/icyphy/ptII/ptolemy/actor/lib/test/auto/ConstraintMonitor7.xml (RunModel)" time="0.022" />
  <testcase classname="ptolemy.util.test.junit.AutoTests" name="[101] /home/travis/build/icyphy/ptII/ptolemy/actor/lib/test/auto/ConstraintMonitor8.xml (RunModel)" time="0.022" />
  <testcase classname="ptolemy.util.test.junit.AutoTests" name="[102] /home/travis/build/icyphy/ptII/ptolemy/actor/lib/test/auto/Counter.xml (RunModel)" time="0.017" />
  <testcase classname="ptolemy.util.test.junit.AutoTests" name="[103] /home/travis/build/icyphy/ptII/ptolemy/actor/lib/test/auto/CurrentTimeSDF.xml (RunModel)" time="0.009" />
  <testcase classname="ptolemy.util.test.junit.AutoTests" name="[104] /home/travis/build/icyphy/ptII/ptolemy/actor/lib/test/auto/DB.xml (RunModel)" time="0.014" />
  <testcase classname="ptolemy.util.test.junit.AutoTests" name="[105] /home/travis/build/icyphy/ptII/ptolemy/actor/lib/test/auto/DBDE.xml (RunModel)" time="0.013" />
  <testcase classname="ptolemy.util.test.junit.AutoTests" name="[106] /home/travis/build/icyphy/ptII/ptolemy/actor/lib/test/auto/DateConstructor.xml (RunModel)" time="0.081" />
  <testcase classname="ptolemy.util.test.junit.AutoTests" name="[107] /home/travis/build/icyphy/ptII/ptolemy/actor/lib/test/auto/DelayTime.xml (RunModel)" time="0.022" />
  <testcase classname="ptolemy.util.test.junit.AutoTests" name="[108] /home/travis/build/icyphy/ptII/ptolemy/actor/lib/test/auto/Dictionary1.xml (RunModel)" time="0.021" />
  <testcase classname="ptolemy.util.test.junit.AutoTests" name="[109] /home/travis/build/icyphy/ptII/ptolemy/actor/lib/test/auto/Dictionary2.xml (RunModel)" time="0.023" />
  <testcase classname="ptolemy.util.test.junit.AutoTests" name="[110] /home/travis/build/icyphy/ptII/ptolemy/actor/lib/test/auto/Dictionary3.xml (RunModel)" time="0.014" />
  <testcase classname="ptolemy.util.test.junit.AutoTests" name="[111] /home/travis/build/icyphy/ptII/ptolemy/actor/lib/test/auto/Dictionary4.xml (RunModel)" time="0.02" />
  <testcase classname="ptolemy.util.test.junit.AutoTests" name="[112] /home/travis/build/icyphy/ptII/ptolemy/actor/lib/test/auto/Differential.xml (RunModel)" time="0.013" />
  <testcase classname="ptolemy.util.test.junit.AutoTests" name="[113] /home/travis/build/icyphy/ptII/ptolemy/actor/lib/test/auto/Director.xml (RunModel)" time="0.013" />
  <testcase classname="ptolemy.util.test.junit.AutoTests" name="[114] /home/travis/build/icyphy/ptII/ptolemy/actor/lib/test/auto/DiscreteClock.xml (RunModel)" time="0.008" />
  <testcase classname="ptolemy.util.test.junit.AutoTests" name="[115] /home/travis/build/icyphy/ptII/ptolemy/actor/lib/test/auto/DiscreteClock10.xml (RunModel)" time="0.013" />
  <testcase classname="ptolemy.util.test.junit.AutoTests" name="[116] /home/travis/build/icyphy/ptII/ptolemy/actor/lib/test/auto/DiscreteClock11.xml (RunModel)" time="0.012" />
  <testcase classname="ptolemy.util.test.junit.AutoTests" name="[117] /home/travis/build/icyphy/ptII/ptolemy/actor/lib/test/auto/DiscreteClock12.xml (RunModel)" time="0.014" />
  <testcase classname="ptolemy.util.test.junit.AutoTests" name="[118] /home/travis/build/icyphy/ptII/ptolemy/actor/lib/test/auto/DiscreteClock13.xml (RunModel)" time="0.017" />
  <testcase classname="ptolemy.util.test.junit.AutoTests" name="[119] /home/travis/build/icyphy/ptII/ptolemy/actor/lib/test/auto/DiscreteClock14.xml (RunModel)" time="0.019" />
  <testcase classname="ptolemy.util.test.junit.AutoTests" name="[120] /home/travis/build/icyphy/ptII/ptolemy/actor/lib/test/auto/DiscreteClock15.xml (RunModel)" time="0.015" />
  <testcase classname="ptolemy.util.test.junit.AutoTests" name="[121] /home/travis/build/icyphy/ptII/ptolemy/actor/lib/test/auto/DiscreteClock16.xml (RunModel)" time="0.047" />
  <testcase classname="ptolemy.util.test.junit.AutoTests" name="[122] /home/travis/build/icyphy/ptII/ptolemy/actor/lib/test/auto/DiscreteClock17.xml (RunModel)" time="0.045" />
  <testcase classname="ptolemy.util.test.junit.AutoTests" name="[123] /home/travis/build/icyphy/ptII/ptolemy/actor/lib/test/auto/DiscreteClock18.xml (RunModel)" time="0.046" />
  <testcase classname="ptolemy.util.test.junit.AutoTests" name="[124] /home/travis/build/icyphy/ptII/ptolemy/actor/lib/test/auto/DiscreteClock19.xml (RunModel)" time="0.061" />
  <testcase classname="ptolemy.util.test.junit.AutoTests" name="[125] /home/travis/build/icyphy/ptII/ptolemy/actor/lib/test/auto/DiscreteClock2.xml (RunModel)" time="0.012" />
  <testcase classname="ptolemy.util.test.junit.AutoTests" name="[126] /home/travis/build/icyphy/ptII/ptolemy/actor/lib/test/auto/DiscreteClock20.xml (RunModel)" time="0.056" />
  <testcase classname="ptolemy.util.test.junit.AutoTests" name="[127] /home/travis/build/icyphy/ptII/ptolemy/actor/lib/test/auto/DiscreteClock21.xml (RunModel)" time="0.019" />
  <testcase classname="ptolemy.util.test.junit.AutoTests" name="[128] /home/travis/build/icyphy/ptII/ptolemy/actor/lib/test/auto/DiscreteClock22.xml (RunModel)" time="0.017" />
  <testcase classname="ptolemy.util.test.junit.AutoTests" name="[129] /home/travis/build/icyphy/ptII/ptolemy/actor/lib/test/auto/DiscreteClock23.xml (RunModel)" time="0.022" />
  <testcase classname="ptolemy.util.test.junit.AutoTests" name="[130] /home/travis/build/icyphy/ptII/ptolemy/actor/lib/test/auto/DiscreteClock24.xml (RunModel)" time="0.015" />
  <testcase classname="ptolemy.util.test.junit.AutoTests" name="[131] /home/travis/build/icyphy/ptII/ptolemy/actor/lib/test/auto/DiscreteClock4.xml (RunModel)" time="0.017" />
  <testcase classname="ptolemy.util.test.junit.AutoTests" name="[132] /home/travis/build/icyphy/ptII/ptolemy/actor/lib/test/auto/DiscreteClock5.xml (RunModel)" time="0.012" />
  <testcase classname="ptolemy.util.test.junit.AutoTests" name="[133] /home/travis/build/icyphy/ptII/ptolemy/actor/lib/test/auto/DiscreteClock6.xml (RunModel)" time="0.009" />
  <testcase classname="ptolemy.util.test.junit.AutoTests" name="[134] /home/travis/build/icyphy/ptII/ptolemy/actor/lib/test/auto/DiscreteClock7.xml (RunModel)" time="0.013" />
  <testcase classname="ptolemy.util.test.junit.AutoTests" name="[135] /home/travis/build/icyphy/ptII/ptolemy/actor/lib/test/auto/DiscreteClock8.xml (RunModel)" time="0.027" />
  <testcase classname="ptolemy.util.test.junit.AutoTests" name="[136] /home/travis/build/icyphy/ptII/ptolemy/actor/lib/test/auto/DiscreteClock9.xml (RunModel)" time="0.016" />
  <testcase classname="ptolemy.util.test.junit.AutoTests" name="[137] /home/travis/build/icyphy/ptII/ptolemy/actor/lib/test/auto/DisplayArray.xml (RunModel)" time="0.014" />
  <testcase classname="ptolemy.util.test.junit.AutoTests" name="[138] /home/travis/build/icyphy/ptII/ptolemy/actor/lib/test/auto/Distributor.xml (RunModel)" time="0.018" />
  <testcase classname="ptolemy.util.test.junit.AutoTests" name="[139] /home/travis/build/icyphy/ptII/ptolemy/actor/lib/test/auto/Distributor2.xml (RunModel)" time="0.01" />
  <testcase classname="ptolemy.util.test.junit.AutoTests" name="[140] /home/travis/build/icyphy/ptII/ptolemy/actor/lib/test/auto/DownSample.xml (RunModel)" time="0.015" />
  <testcase classname="ptolemy.util.test.junit.AutoTests" name="[141] /home/travis/build/icyphy/ptII/ptolemy/actor/lib/test/auto/ElectronicUnitBase1.xml (RunModel)" time="0.065" />
  <testcase classname="ptolemy.util.test.junit.AutoTests" name="[142] /home/travis/build/icyphy/ptII/ptolemy/actor/lib/test/auto/ElementsToArray.xml (RunModel)" time="0.011" />
  <testcase classname="ptolemy.util.test.junit.AutoTests" name="[143] /home/travis/build/icyphy/ptII/ptolemy/actor/lib/test/auto/Equals.xml (RunModel)" time="0.015" />
  <testcase classname="ptolemy.util.test.junit.AutoTests" name="[144] /home/travis/build/icyphy/ptII/ptolemy/actor/lib/test/auto/Exec.xml (RunModel)" time="0.033" />
  <testcase classname="ptolemy.util.test.junit.AutoTests" name="[145] /home/travis/build/icyphy/ptII/ptolemy/actor/lib/test/auto/ExecEnvironment.xml (RunModel)" time="0.038" />
  <testcase classname="ptolemy.util.test.junit.AutoTests" name="[146] /home/travis/build/icyphy/ptII/ptolemy/actor/lib/test/auto/ExecNonZeroReturnOutput.xml (RunModel)" time="0.21" />
  <testcase classname="ptolemy.util.test.junit.AutoTests" name="[147] /home/travis/build/icyphy/ptII/ptolemy/actor/lib/test/auto/ExecRunDemos.xml (RunModel)" time="11.322" />
  <testcase classname="ptolemy.util.test.junit.AutoTests" name="[148] /home/travis/build/icyphy/ptII/ptolemy/actor/lib/test/auto/ExecStop.xml (RunModel)" time="5.042" />
  <testcase classname="ptolemy.util.test.junit.AutoTests" name="[149] /home/travis/build/icyphy/ptII/ptolemy/actor/lib/test/auto/ExecutionTimeSDF.xml (RunModel)" time="6.035" />
  <testcase classname="ptolemy.util.test.junit.AutoTests" name="[150] /home/travis/build/icyphy/ptII/ptolemy/actor/lib/test/auto/Expression1.xml (RunModel)" time="0.008" />
  <testcase classname="ptolemy.util.test.junit.AutoTests" name="[151] /home/travis/build/icyphy/ptII/ptolemy/actor/lib/test/auto/Expression10.xml (RunModel)" time="0.022" />
  <testcase classname="ptolemy.util.test.junit.AutoTests" name="[152] /home/travis/build/icyphy/ptII/ptolemy/actor/lib/test/auto/Expression11.xml (RunModel)" time="0.018" />
  <testcase classname="ptolemy.util.test.junit.AutoTests" name="[153] /home/travis/build/icyphy/ptII/ptolemy/actor/lib/test/auto/Expression12.xml (RunModel)" time="0.014" />
  <testcase classname="ptolemy.util.test.junit.AutoTests" name="[154] /home/travis/build/icyphy/ptII/ptolemy/actor/lib/test/auto/Expression13.xml (RunModel)" time="0.012" />
  <testcase classname="ptolemy.util.test.junit.AutoTests" name="[155] /home/travis/build/icyphy/ptII/ptolemy/actor/lib/test/auto/Expression14.xml (RunModel)" time="0.016" />
  <testcase classname="ptolemy.util.test.junit.AutoTests" name="[156] /home/travis/build/icyphy/ptII/ptolemy/actor/lib/test/auto/Expression15.xml (RunModel)" time="0.008" />
  <testcase classname="ptolemy.util.test.junit.AutoTests" name="[157] /home/travis/build/icyphy/ptII/ptolemy/actor/lib/test/auto/Expression16.xml (RunModel)" time="0.013" />
  <testcase classname="ptolemy.util.test.junit.AutoTests" name="[158] /home/travis/build/icyphy/ptII/ptolemy/actor/lib/test/auto/Expression17.xml (RunModel)" time="0.015" />
  <testcase classname="ptolemy.util.test.junit.AutoTests" name="[159] /home/travis/build/icyphy/ptII/ptolemy/actor/lib/test/auto/Expression18.xml (RunModel)" time="0.014" />
  <testcase classname="ptolemy.util.test.junit.AutoTests" name="[160] /home/travis/build/icyphy/ptII/ptolemy/actor/lib/test/auto/Expression2.xml (RunModel)" time="0.012" />
  <testcase classname="ptolemy.util.test.junit.AutoTests" name="[161] /home/travis/build/icyphy/ptII/ptolemy/actor/lib/test/auto/Expression3.xml (RunModel)" time="0.015" />
  <testcase classname="ptolemy.util.test.junit.AutoTests" name="[162] /home/travis/build/icyphy/ptII/ptolemy/actor/lib/test/auto/Expression4.xml (RunModel)" time="0.02" />
  <testcase classname="ptolemy.util.test.junit.AutoTests" name="[163] /home/travis/build/icyphy/ptII/ptolemy/actor/lib/test/auto/Expression5.xml (RunModel)" time="0.013" />
  <testcase classname="ptolemy.util.test.junit.AutoTests" name="[164] /home/travis/build/icyphy/ptII/ptolemy/actor/lib/test/auto/Expression6.xml (RunModel)" time="0.015" />
  <testcase classname="ptolemy.util.test.junit.AutoTests" name="[165] /home/travis/build/icyphy/ptII/ptolemy/actor/lib/test/auto/Expression7.xml (RunModel)" time="0.018" />
  <testcase classname="ptolemy.util.test.junit.AutoTests" name="[166] /home/travis/build/icyphy/ptII/ptolemy/actor/lib/test/auto/Expression8.xml (RunModel)" time="0.017" />
  <testcase classname="ptolemy.util.test.junit.AutoTests" name="[167] /home/travis/build/icyphy/ptII/ptolemy/actor/lib/test/auto/Expression9.xml (RunModel)" time="0.008" />
  <testcase classname="ptolemy.util.test.junit.AutoTests" name="[168] /home/travis/build/icyphy/ptII/ptolemy/actor/lib/test/auto/ExpressionConcatenateArrayType.xml (RunModel)" time="0.03" />
  <testcase classname="ptolemy.util.test.junit.AutoTests" name="[169] /home/travis/build/icyphy/ptII/ptolemy/actor/lib/test/auto/ExpressionConcatenateArrayType2.xml (RunModel)" time="0.021" />
  <testcase classname="ptolemy.util.test.junit.AutoTests" name="[170] /home/travis/build/icyphy/ptII/ptolemy/actor/lib/test/auto/ExpressionFix.xml (RunModel)" time="0.048" />
  <testcase classname="ptolemy.util.test.junit.AutoTests" name="[171] /home/travis/build/icyphy/ptII/ptolemy/actor/lib/test/auto/ExpressionFix2.xml (RunModel)" time="0.012" />
  <testcase classname="ptolemy.util.test.junit.AutoTests" name="[172] /home/travis/build/icyphy/ptII/ptolemy/actor/lib/test/auto/ExpressionFix3.xml (RunModel)" time="0.012" />
  <testcase classname="ptolemy.util.test.junit.AutoTests" name="[173] /home/travis/build/icyphy/ptII/ptolemy/actor/lib/test/auto/FileWriter1.xml (RunModel)" time="0.009" />
  <testcase classname="ptolemy.util.test.junit.AutoTests" name="[174] /home/travis/build/icyphy/ptII/ptolemy/actor/lib/test/auto/FileWriter2.xml (RunModel)" time="0.01" />
  <testcase classname="ptolemy.util.test.junit.AutoTests" name="[175] /home/travis/build/icyphy/ptII/ptolemy/actor/lib/test/auto/FileWriter3.xml (RunModel)" time="0.016" />
  <testcase classname="ptolemy.util.test.junit.AutoTests" name="[176] /home/travis/build/icyphy/ptII/ptolemy/actor/lib/test/auto/Gaussian.xml (RunModel)" time="0.012" />
  <testcase classname="ptolemy.util.test.junit.AutoTests" name="[177] /home/travis/build/icyphy/ptII/ptolemy/actor/lib/test/auto/Gaussian1.xml (RunModel)" time="0.012" />
  <testcase classname="ptolemy.util.test.junit.AutoTests" name="[178] /home/travis/build/icyphy/ptII/ptolemy/actor/lib/test/auto/Gaussian2.xml (RunModel)" time="0.025" />
  <testcase classname="ptolemy.util.test.junit.AutoTests" name="[179] /home/travis/build/icyphy/ptII/ptolemy/actor/lib/test/auto/GradientAdaptiveLattice.xml (RunModel)" time="0.016" />
  <testcase classname="ptolemy.util.test.junit.AutoTests" name="[180] /home/travis/build/icyphy/ptII/ptolemy/actor/lib/test/auto/IIR.xml (RunModel)" time="0.01" />
  <testcase classname="ptolemy.util.test.junit.AutoTests" name="[181] /home/travis/build/icyphy/ptII/ptolemy/actor/lib/test/auto/InputOutputTransparentPorts.xml (RunModel)" time="0.018" />
  <testcase classname="ptolemy.util.test.junit.AutoTests" name="[182] /home/travis/build/icyphy/ptII/ptolemy/actor/lib/test/auto/Interpolator.xml (RunModel)" time="0.013" />
  <testcase classname="ptolemy.util.test.junit.AutoTests" name="[183] /home/travis/build/icyphy/ptII/ptolemy/actor/lib/test/auto/InterpolatorFiringLimitDE.xml (RunModel)" time="0.013" />
  <testcase classname="ptolemy.util.test.junit.AutoTests" name="[184] /home/travis/build/icyphy/ptII/ptolemy/actor/lib/test/auto/Lattice.xml (RunModel)" time="0.011" />
  <testcase classname="ptolemy.util.test.junit.AutoTests" name="[185] /home/travis/build/icyphy/ptII/ptolemy/actor/lib/test/auto/LazyAOCTestLazy.xml (RunModel)" time="0.041" />
  <testcase classname="ptolemy.util.test.junit.AutoTests" name="[186] /home/travis/build/icyphy/ptII/ptolemy/actor/lib/test/auto/LazyAOCTestNonLazy.xml (RunModel)" time="0.052" />
  <testcase classname="ptolemy.util.test.junit.AutoTests" name="[187] /home/travis/build/icyphy/ptII/ptolemy/actor/lib/test/auto/LazyInnerClass.xml (RunModel)" time="0.039" />
  <testcase classname="ptolemy.util.test.junit.AutoTests" name="[188] /home/travis/build/icyphy/ptII/ptolemy/actor/lib/test/auto/LazyPubSub.xml (RunModel)" time="0.039" />
  <testcase classname="ptolemy.util.test.junit.AutoTests" name="[189] /home/travis/build/icyphy/ptII/ptolemy/actor/lib/test/auto/LazyPubSub2.xml (RunModel)" time="0.067" />
  <testcase classname="ptolemy.util.test.junit.AutoTests" name="[190] /home/travis/build/icyphy/ptII/ptolemy/actor/lib/test/auto/LazyPubSub3.xml (RunModel)" time="0.056" />
  <testcase classname="ptolemy.util.test.junit.AutoTests" name="[191] /home/travis/build/icyphy/ptII/ptolemy/actor/lib/test/auto/LazySubClassModel.xml (RunModel)" time="0.036" />
  <testcase classname="ptolemy.util.test.junit.AutoTests" name="[192] /home/travis/build/icyphy/ptII/ptolemy/actor/lib/test/auto/LevelCrossTest1.xml (RunModel)" time="0.019" />
  <testcase classname="ptolemy.util.test.junit.AutoTests" name="[193] /home/travis/build/icyphy/ptII/ptolemy/actor/lib/test/auto/LevelCrossTest10.xml (RunModel)" time="0.014" />
  <testcase classname="ptolemy.util.test.junit.AutoTests" name="[194] /home/travis/build/icyphy/ptII/ptolemy/actor/lib/test/auto/LevelCrossTest11.xml (RunModel)" time="0.013" />
  <testcase classname="ptolemy.util.test.junit.AutoTests" name="[195] /home/travis/build/icyphy/ptII/ptolemy/actor/lib/test/auto/LevelCrossTest12.xml (RunModel)" time="0.013" />
  <testcase classname="ptolemy.util.test.junit.AutoTests" name="[196] /home/travis/build/icyphy/ptII/ptolemy/actor/lib/test/auto/LevelCrossTest13.xml (RunModel)" time="0.016" />
  <testcase classname="ptolemy.util.test.junit.AutoTests" name="[197] /home/travis/build/icyphy/ptII/ptolemy/actor/lib/test/auto/LevelCrossTest2.xml (RunModel)" time="0.014" />
  <testcase classname="ptolemy.util.test.junit.AutoTests" name="[198] /home/travis/build/icyphy/ptII/ptolemy/actor/lib/test/auto/LevelCrossTest3.xml (RunModel)" time="0.012" />
  <testcase classname="ptolemy.util.test.junit.AutoTests" name="[199] /home/travis/build/icyphy/ptII/ptolemy/actor/lib/test/auto/LevelCrossTest4.xml (RunModel)" time="0.01" />
  <testcase classname="ptolemy.util.test.junit.AutoTests" name="[200] /home/travis/build/icyphy/ptII/ptolemy/actor/lib/test/auto/LevelCrossTest5.xml (RunModel)" time="0.013" />
  <testcase classname="ptolemy.util.test.junit.AutoTests" name="[201] /home/travis/build/icyphy/ptII/ptolemy/actor/lib/test/auto/LevelCrossTest6.xml (RunModel)" time="0.013" />
  <testcase classname="ptolemy.util.test.junit.AutoTests" name="[202] /home/travis/build/icyphy/ptII/ptolemy/actor/lib/test/auto/LevelCrossTest7.xml (RunModel)" time="0.014" />
  <testcase classname="ptolemy.util.test.junit.AutoTests" name="[203] /home/travis/build/icyphy/ptII/ptolemy/actor/lib/test/auto/LevelCrossTest8.xml (RunModel)" time="0.013" />
  <testcase classname="ptolemy.util.test.junit.AutoTests" name="[204] /home/travis/build/icyphy/ptII/ptolemy/actor/lib/test/auto/LevelCrossTest9.xml (RunModel)" time="0.013" />
  <testcase classname="ptolemy.util.test.junit.AutoTests" name="[205] /home/travis/build/icyphy/ptII/ptolemy/actor/lib/test/auto/LevinsonDurbin.xml (RunModel)" time="0.016" />
  <testcase classname="ptolemy.util.test.junit.AutoTests" name="[206] /home/travis/build/icyphy/ptII/ptolemy/actor/lib/test/auto/LevinsonDurbin2.xml (RunModel)" time="0.015" />
  <testcase classname="ptolemy.util.test.junit.AutoTests" name="[207] /home/travis/build/icyphy/ptII/ptolemy/actor/lib/test/auto/LevinsonDurbin3.xml (RunModel)" time="0.008" />
  <testcase classname="ptolemy.util.test.junit.AutoTests" name="[208] /home/travis/build/icyphy/ptII/ptolemy/actor/lib/test/auto/Limiter.xml (RunModel)" time="0.022" />
  <testcase classname="ptolemy.util.test.junit.AutoTests" name="[209] /home/travis/build/icyphy/ptII/ptolemy/actor/lib/test/auto/LinearDifferenceEquationSystem.xml (RunModel)" time="0.031" />
  <testcase classname="ptolemy.util.test.junit.AutoTests" name="[210] /home/travis/build/icyphy/ptII/ptolemy/actor/lib/test/auto/LookupTable.xml (RunModel)" time="0.012" />
  <testcase classname="ptolemy.util.test.junit.AutoTests" name="[211] /home/travis/build/icyphy/ptII/ptolemy/actor/lib/test/auto/MathFunction.xml (RunModel)" time="0.021" />
  <testcase classname="ptolemy.util.test.junit.AutoTests" name="[212] /home/travis/build/icyphy/ptII/ptolemy/actor/lib/test/auto/MathFunction2.xml (RunModel)" time="0.015" />
  <testcase classname="ptolemy.util.test.junit.AutoTests" name="[213] /home/travis/build/icyphy/ptII/ptolemy/actor/lib/test/auto/MathFunction3.xml (RunModel)" time="0.022" />
  <testcase classname="ptolemy.util.test.junit.AutoTests" name="[214] /home/travis/build/icyphy/ptII/ptolemy/actor/lib/test/auto/MatrixCropBoolean.xml (RunModel)" time="0.016" />
  <testcase classname="ptolemy.util.test.junit.AutoTests" name="[215] /home/travis/build/icyphy/ptII/ptolemy/actor/lib/test/auto/MatrixCropComplex.xml (RunModel)" time="0.01" />
  <testcase classname="ptolemy.util.test.junit.AutoTests" name="[216] /home/travis/build/icyphy/ptII/ptolemy/actor/lib/test/auto/MatrixCropDouble.xml (RunModel)" time="0.01" />
  <testcase classname="ptolemy.util.test.junit.AutoTests" name="[217] /home/travis/build/icyphy/ptII/ptolemy/actor/lib/test/auto/MatrixCropFix.xml (RunModel)" time="0.013" />
  <testcase classname="ptolemy.util.test.junit.AutoTests" name="[218] /home/travis/build/icyphy/ptII/ptolemy/actor/lib/test/auto/MatrixCropInt.xml (RunModel)" time="0.01" />
  <testcase classname="ptolemy.util.test.junit.AutoTests" name="[219] /home/travis/build/icyphy/ptII/ptolemy/actor/lib/test/auto/MatrixCropLong.xml (RunModel)" time="0.009" />
  <testcase classname="ptolemy.util.test.junit.AutoTests" name="[220] /home/travis/build/icyphy/ptII/ptolemy/actor/lib/test/auto/MatrixToArray.xml (RunModel)" time="0.058" />
  <testcase classname="ptolemy.util.test.junit.AutoTests" name="[221] /home/travis/build/icyphy/ptII/ptolemy/actor/lib/test/auto/MaxIndex.xml (RunModel)" time="0.018" />
  <testcase classname="ptolemy.util.test.junit.AutoTests" name="[222] /home/travis/build/icyphy/ptII/ptolemy/actor/lib/test/auto/Maximum.xml (RunModel)" time="0.013" />
  <testcase classname="ptolemy.util.test.junit.AutoTests" name="[223] /home/travis/build/icyphy/ptII/ptolemy/actor/lib/test/auto/MaximumComplex.xml (RunModel)" time="0.017" />
  <testcase classname="ptolemy.util.test.junit.AutoTests" name="[224] /home/travis/build/icyphy/ptII/ptolemy/actor/lib/test/auto/MethodCallTest.xml (RunModel)" time="0.026" />
  <testcase classname="ptolemy.util.test.junit.AutoTests" name="[225] /home/travis/build/icyphy/ptII/ptolemy/actor/lib/test/auto/Minimum.xml (RunModel)" time="0.015" />
  <testcase classname="ptolemy.util.test.junit.AutoTests" name="[226] /home/travis/build/icyphy/ptII/ptolemy/actor/lib/test/auto/MinimumComplex.xml (RunModel)" time="0.025" />
  <testcase classname="ptolemy.util.test.junit.AutoTests" name="[227] /home/travis/build/icyphy/ptII/ptolemy/actor/lib/test/auto/MinimumMultiports.xml (RunModel)" time="0.017" />
  <testcase classname="ptolemy.util.test.junit.AutoTests" name="[228] /home/travis/build/icyphy/ptII/ptolemy/actor/lib/test/auto/ModifyDate.xml (RunModel)" time="0.043" />
  <testcase classname="ptolemy.util.test.junit.AutoTests" name="[229] /home/travis/build/icyphy/ptII/ptolemy/actor/lib/test/auto/ModifyDate2.xml (RunModel)" time="0.028" />
  <testcase classname="ptolemy.util.test.junit.AutoTests" name="[230] /home/travis/build/icyphy/ptII/ptolemy/actor/lib/test/auto/MovingAverage.xml (RunModel)" time="0.019" />
  <testcase classname="ptolemy.util.test.junit.AutoTests" name="[231] /home/travis/build/icyphy/ptII/ptolemy/actor/lib/test/auto/MovingMaximum.xml (RunModel)" time="0.012" />
  <testcase classname="ptolemy.util.test.junit.AutoTests" name="[232] /home/travis/build/icyphy/ptII/ptolemy/actor/lib/test/auto/MultipleLinksToSameRelation.xml (RunModel)" time="0.008" />
  <testcase classname="ptolemy.util.test.junit.AutoTests" name="[233] /home/travis/build/icyphy/ptII/ptolemy/actor/lib/test/auto/MultipleLinksToSameRelationDE.xml (RunModel)" time="0.01" />
  <testcase classname="ptolemy.util.test.junit.AutoTests" name="[234] /home/travis/build/icyphy/ptII/ptolemy/actor/lib/test/auto/Multiplexor.xml (RunModel)" time="0.012" />
  <testcase classname="ptolemy.util.test.junit.AutoTests" name="[235] /home/travis/build/icyphy/ptII/ptolemy/actor/lib/test/auto/Multiplexor1.xml (RunModel)" time="0.011" />
  <testcase classname="ptolemy.util.test.junit.AutoTests" name="[236] /home/travis/build/icyphy/ptII/ptolemy/actor/lib/test/auto/Multiplexor2.xml (RunModel)" time="0.048" />
  <testcase classname="ptolemy.util.test.junit.AutoTests" name="[237] /home/travis/build/icyphy/ptII/ptolemy/actor/lib/test/auto/Multiplexor3.xml (RunModel)" time="0.01" />
  <testcase classname="ptolemy.util.test.junit.AutoTests" name="[238] /home/travis/build/icyphy/ptII/ptolemy/actor/lib/test/auto/MultiplexorDE.xml (RunModel)" time="0.017" />
  <testcase classname="ptolemy.util.test.junit.AutoTests" name="[239] /home/travis/build/icyphy/ptII/ptolemy/actor/lib/test/auto/MultiportBroadcastTest.xml (RunModel)" time="0.109" />
  <testcase classname="ptolemy.util.test.junit.AutoTests" name="[240] /home/travis/build/icyphy/ptII/ptolemy/actor/lib/test/auto/MultiportOutHangDuringGetWidth.xml (RunModel)" time="0.036" />
  <testcase classname="ptolemy.util.test.junit.AutoTests" name="[241] /home/travis/build/icyphy/ptII/ptolemy/actor/lib/test/auto/NilToken.xml (RunModel)" time="0.013" />
  <testcase classname="ptolemy.util.test.junit.AutoTests" name="[242] /home/travis/build/icyphy/ptII/ptolemy/actor/lib/test/auto/NilTokenNonStrictTest.xml (RunModel)" time="0.012" />
  <testcase classname="ptolemy.util.test.junit.AutoTests" name="[243] /home/travis/build/icyphy/ptII/ptolemy/actor/lib/test/auto/NilTokenRecord.xml (RunModel)" time="0.029" />
  <testcase classname="ptolemy.util.test.junit.AutoTests" name="[244] /home/travis/build/icyphy/ptII/ptolemy/actor/lib/test/auto/NilTokenTypeTest.xml (RunModel)" time="0.029" />
  <testcase classname="ptolemy.util.test.junit.AutoTests" name="[245] /home/travis/build/icyphy/ptII/ptolemy/actor/lib/test/auto/ObjectToken1.xml (RunModel)" time="0.008" />
  <testcase classname="ptolemy.util.test.junit.AutoTests" name="[246] /home/travis/build/icyphy/ptII/ptolemy/actor/lib/test/auto/OrderedMerge.xml (RunModel)" time="0.023" />
  <testcase classname="ptolemy.util.test.junit.AutoTests" name="[247] /home/travis/build/icyphy/ptII/ptolemy/actor/lib/test/auto/OrderedRecordDisassembler.xml (RunModel)" time="0.019" />
  <testcase classname="ptolemy.util.test.junit.AutoTests" name="[248] /home/travis/build/icyphy/ptII/ptolemy/actor/lib/test/auto/OrderedRecordDisassembler2.xml (RunModel)" time="0.02" />
  <testcase classname="ptolemy.util.test.junit.AutoTests" name="[249] /home/travis/build/icyphy/ptII/ptolemy/actor/lib/test/auto/OrderedRecordUpdater.xml (RunModel)" time="0.012" />
  <testcase classname="ptolemy.util.test.junit.AutoTests" name="[250] /home/travis/build/icyphy/ptII/ptolemy/actor/lib/test/auto/OrderedRecordUpdater2.xml (RunModel)" time="0.021" />
  <testcase classname="ptolemy.util.test.junit.AutoTests" name="[251] /home/travis/build/icyphy/ptII/ptolemy/actor/lib/test/auto/PhaseUnwrap.xml (RunModel)" time="0.013" />
  <testcase classname="ptolemy.util.test.junit.AutoTests" name="[252] /home/travis/build/icyphy/ptII/ptolemy/actor/lib/test/auto/PoissonClock.xml (RunModel)" time="0.013" />
  <testcase classname="ptolemy.util.test.junit.AutoTests" name="[253] /home/travis/build/icyphy/ptII/ptolemy/actor/lib/test/auto/PoissonClock2.xml (RunModel)" time="0.008" />
  <testcase classname="ptolemy.util.test.junit.AutoTests" name="[254] /home/travis/build/icyphy/ptII/ptolemy/actor/lib/test/auto/PoissonClock3.xml (RunModel)" time="0.01" />
  <testcase classname="ptolemy.util.test.junit.AutoTests" name="[255] /home/travis/build/icyphy/ptII/ptolemy/actor/lib/test/auto/PubSubWithInitialTokens.xml (RunModel)" time="0.01" />
  <testcase classname="ptolemy.util.test.junit.AutoTests" name="[256] /home/travis/build/icyphy/ptII/ptolemy/actor/lib/test/auto/PubSubWithInitialTokens2.xml (RunModel)" time="0.012" />
  <testcase classname="ptolemy.util.test.junit.AutoTests" name="[257] /home/travis/build/icyphy/ptII/ptolemy/actor/lib/test/auto/PublisherClassNoParameter.xml (RunModel)" time="0.02" />
  <testcase classname="ptolemy.util.test.junit.AutoTests" name="[258] /home/travis/build/icyphy/ptII/ptolemy/actor/lib/test/auto/PublisherClassParameter.xml (RunModel)" time="0.022" />
  <testcase classname="ptolemy.util.test.junit.AutoTests" name="[259] /home/travis/build/icyphy/ptII/ptolemy/actor/lib/test/auto/PublisherNonStrictTest.xml (RunModel)" time="0.017" />
  <testcase classname="ptolemy.util.test.junit.AutoTests" name="[260] /home/travis/build/icyphy/ptII/ptolemy/actor/lib/test/auto/PublisherPort1.xml (RunModel)" time="0.019" />
  <testcase classname="ptolemy.util.test.junit.AutoTests" name="[261] /home/travis/build/icyphy/ptII/ptolemy/actor/lib/test/auto/PublisherPort2.xml (RunModel)" time="0.017" />
  <testcase classname="ptolemy.util.test.junit.AutoTests" name="[262] /home/travis/build/icyphy/ptII/ptolemy/actor/lib/test/auto/PublisherPort3.xml (RunModel)" time="0.014" />
  <testcase classname="ptolemy.util.test.junit.AutoTests" name="[263] /home/travis/build/icyphy/ptII/ptolemy/actor/lib/test/auto/PublisherPort4.xml (RunModel)" time="0.013" />
  <testcase classname="ptolemy.util.test.junit.AutoTests" name="[264] /home/travis/build/icyphy/ptII/ptolemy/actor/lib/test/auto/PublisherPort5.xml (RunModel)" time="0.015" />
  <testcase classname="ptolemy.util.test.junit.AutoTests" name="[265] /home/travis/build/icyphy/ptII/ptolemy/actor/lib/test/auto/PublisherPort5LookAlike.xml (RunModel)" time="0.019" />
  <testcase classname="ptolemy.util.test.junit.AutoTests" name="[266] /home/travis/build/icyphy/ptII/ptolemy/actor/lib/test/auto/PublisherPort6.xml (RunModel)" time="0.012" />
  <testcase classname="ptolemy.util.test.junit.AutoTests" name="[267] /home/travis/build/icyphy/ptII/ptolemy/actor/lib/test/auto/PublisherPort7.xml (RunModel)" time="0.016" />
  <testcase classname="ptolemy.util.test.junit.AutoTests" name="[268] /home/travis/build/icyphy/ptII/ptolemy/actor/lib/test/auto/PublisherPort8.xml (RunModel)" time="0.027" />
  <testcase classname="ptolemy.util.test.junit.AutoTests" name="[269] /home/travis/build/icyphy/ptII/ptolemy/actor/lib/test/auto/PublisherPortSubscriberChannelVariablesAOC2.xml (RunModel)" time="0.037" />
  <testcase classname="ptolemy.util.test.junit.AutoTests" name="[270] /home/travis/build/icyphy/ptII/ptolemy/actor/lib/test/auto/PublisherPortSubscriberOpaqueWidthInference.xml (RunModel)" time="0.016" />
  <testcase classname="ptolemy.util.test.junit.AutoTests" name="[271] /home/travis/build/icyphy/ptII/ptolemy/actor/lib/test/auto/PublisherPortSubscriberPortAdjacent.xml (RunModel)" time="0.019" />
  <testcase classname="ptolemy.util.test.junit.AutoTests" name="[272] /home/travis/build/icyphy/ptII/ptolemy/actor/lib/test/auto/PublisherPortSubscriberPortExpression.xml (RunModel)" time="0.017" />
  <testcase classname="ptolemy.util.test.junit.AutoTests" name="[273] /home/travis/build/icyphy/ptII/ptolemy/actor/lib/test/auto/PublisherPortSubscriberPortOpaqueD3Reverse.xml (RunModel)" time="0.02" />
  <testcase classname="ptolemy.util.test.junit.AutoTests" name="[274] /home/travis/build/icyphy/ptII/ptolemy/actor/lib/test/auto/PublisherPortSubscriberPortOpaqueWidthInference.xml (RunModel)" time="0.016" />
  <testcase classname="ptolemy.util.test.junit.AutoTests" name="[275] /home/travis/build/icyphy/ptII/ptolemy/actor/lib/test/auto/PublisherPortToplevelSubscriberPortAOC.xml (RunModel)" time="0.012" />
  <testcase classname="ptolemy.util.test.junit.AutoTests" name="[276] /home/travis/build/icyphy/ptII/ptolemy/actor/lib/test/auto/PublisherSubscriber.xml (RunModel)" time="0.029" />
  <testcase classname="ptolemy.util.test.junit.AutoTests" name="[277] /home/travis/build/icyphy/ptII/ptolemy/actor/lib/test/auto/PublisherSubscriber10.xml (RunModel)" time="0.023" />
  <testcase classname="ptolemy.util.test.junit.AutoTests" name="[278] /home/travis/build/icyphy/ptII/ptolemy/actor/lib/test/auto/PublisherSubscriber10InitialOutputs.xml (RunModel)" time="0.037" />
  <testcase classname="ptolemy.util.test.junit.AutoTests" name="[279] /home/travis/build/icyphy/ptII/ptolemy/actor/lib/test/auto/PublisherSubscriber11.xml (RunModel)" time="0.016" />
  <testcase classname="ptolemy.util.test.junit.AutoTests" name="[280] /home/travis/build/icyphy/ptII/ptolemy/actor/lib/test/auto/PublisherSubscriber12.xml (RunModel)" time="0.016" />
  <testcase classname="ptolemy.util.test.junit.AutoTests" name="[281] /home/travis/build/icyphy/ptII/ptolemy/actor/lib/test/auto/PublisherSubscriber13.xml (RunModel)" time="0.013" />
  <testcase classname="ptolemy.util.test.junit.AutoTests" name="[282] /home/travis/build/icyphy/ptII/ptolemy/actor/lib/test/auto/PublisherSubscriber14.xml (RunModel)" time="0.03" />
  <testcase classname="ptolemy.util.test.junit.AutoTests" name="[283] /home/travis/build/icyphy/ptII/ptolemy/actor/lib/test/auto/PublisherSubscriber2.xml (RunModel)" time="0.01" />
  <testcase classname="ptolemy.util.test.junit.AutoTests" name="[284] /home/travis/build/icyphy/ptII/ptolemy/actor/lib/test/auto/PublisherSubscriber3.xml (RunModel)" time="0.012" />
  <testcase classname="ptolemy.util.test.junit.AutoTests" name="[285] /home/travis/build/icyphy/ptII/ptolemy/actor/lib/test/auto/PublisherSubscriber4.xml (RunModel)" time="0.008" />
  <testcase classname="ptolemy.util.test.junit.AutoTests" name="[286] /home/travis/build/icyphy/ptII/ptolemy/actor/lib/test/auto/PublisherSubscriber5.xml (RunModel)" time="0.011" />
  <testcase classname="ptolemy.util.test.junit.AutoTests" name="[287] /home/travis/build/icyphy/ptII/ptolemy/actor/lib/test/auto/PublisherSubscriber6.xml (RunModel)" time="0.014" />
  <testcase classname="ptolemy.util.test.junit.AutoTests" name="[288] /home/travis/build/icyphy/ptII/ptolemy/actor/lib/test/auto/PublisherSubscriber7.xml (RunModel)" time="0.019" />
  <testcase classname="ptolemy.util.test.junit.AutoTests" name="[289] /home/travis/build/icyphy/ptII/ptolemy/actor/lib/test/auto/PublisherSubscriber8.xml (RunModel)" time="0.036" />
  <testcase classname="ptolemy.util.test.junit.AutoTests" name="[290] /home/travis/build/icyphy/ptII/ptolemy/actor/lib/test/auto/PublisherSubscriber9.xml (RunModel)" time="0.017" />
  <testcase classname="ptolemy.util.test.junit.AutoTests" name="[291] /home/travis/build/icyphy/ptII/ptolemy/actor/lib/test/auto/PublisherSubscriberAdjacent.xml (RunModel)" time="0.015" />
  <testcase classname="ptolemy.util.test.junit.AutoTests" name="[292] /home/travis/build/icyphy/ptII/ptolemy/actor/lib/test/auto/PublisherSubscriberChannelVariablesAOC2.xml (RunModel)" time="0.027" />
  <testcase classname="ptolemy.util.test.junit.AutoTests" name="[293] /home/travis/build/icyphy/ptII/ptolemy/actor/lib/test/auto/PublisherSubscriberD3.xml (RunModel)" time="0.014" />
  <testcase classname="ptolemy.util.test.junit.AutoTests" name="[294] /home/travis/build/icyphy/ptII/ptolemy/actor/lib/test/auto/PublisherSubscriberD3Reverse.xml (RunModel)" time="0.011" />
  <testcase classname="ptolemy.util.test.junit.AutoTests" name="[295] /home/travis/build/icyphy/ptII/ptolemy/actor/lib/test/auto/PublisherSubscriberExpression.xml (RunModel)" time="0.018" />
  <testcase classname="ptolemy.util.test.junit.AutoTests" name="[296] /home/travis/build/icyphy/ptII/ptolemy/actor/lib/test/auto/PublisherSubscriberOpaque.xml (RunModel)" time="0.015" />
  <testcase classname="ptolemy.util.test.junit.AutoTests" name="[297] /home/travis/build/icyphy/ptII/ptolemy/actor/lib/test/auto/PublisherSubscriberOpaqueD3.xml (RunModel)" time="0.022" />
  <testcase classname="ptolemy.util.test.junit.AutoTests" name="[298] /home/travis/build/icyphy/ptII/ptolemy/actor/lib/test/auto/PublisherSubscriberOpaqueD3Reverse.xml (RunModel)" time="0.022" />
  <testcase classname="ptolemy.util.test.junit.AutoTests" name="[299] /home/travis/build/icyphy/ptII/ptolemy/actor/lib/test/auto/PublisherSubscriberOpaqueWidthInference.xml (RunModel)" time="0.027" />
  <testcase classname="ptolemy.util.test.junit.AutoTests" name="[300] /home/travis/build/icyphy/ptII/ptolemy/actor/lib/test/auto/PublisherTestSubscriber.xml (RunModel)" time="0.017" />
  <testcase classname="ptolemy.util.test.junit.AutoTests" name="[301] /home/travis/build/icyphy/ptII/ptolemy/actor/lib/test/auto/PublisherToplevelSubscriberPortAOC.xml (RunModel)" time="0.013" />
  <testcase classname="ptolemy.util.test.junit.AutoTests" name="[302] /home/travis/build/icyphy/ptII/ptolemy/actor/lib/test/auto/PulseFiringLimitDE.xml (RunModel)" time="0.016" />
  <testcase classname="ptolemy.util.test.junit.AutoTests" name="[303] /home/travis/build/icyphy/ptII/ptolemy/actor/lib/test/auto/Ramp1.xml (RunModel)" time="0.007" />
  <testcase classname="ptolemy.util.test.junit.AutoTests" name="[304] /home/travis/build/icyphy/ptII/ptolemy/actor/lib/test/auto/RampFiringLimitDE.xml (RunModel)" time="0.013" />
  <testcase classname="ptolemy.util.test.junit.AutoTests" name="[305] /home/travis/build/icyphy/ptII/ptolemy/actor/lib/test/auto/RampFiringLimitSDF.xml (RunModel)" time="0.01" />
  <testcase classname="ptolemy.util.test.junit.AutoTests" name="[306] /home/travis/build/icyphy/ptII/ptolemy/actor/lib/test/auto/RandomInteger.xml (RunModel)" time="0.009" />
  <testcase classname="ptolemy.util.test.junit.AutoTests" name="[307] /home/travis/build/icyphy/ptII/ptolemy/actor/lib/test/auto/ReadFile1.xml (RunModel)" time="0.008" />
  <testcase classname="ptolemy.util.test.junit.AutoTests" name="[308] /home/travis/build/icyphy/ptII/ptolemy/actor/lib/test/auto/ReadFile2.xml (RunModel)" time="0.01" />
  <testcase classname="ptolemy.util.test.junit.AutoTests" name="[309] /home/travis/build/icyphy/ptII/ptolemy/actor/lib/test/auto/Reader.xml (RunModel)" time="0.015" />
  <testcase classname="ptolemy.util.test.junit.AutoTests" name="[310] /home/travis/build/icyphy/ptII/ptolemy/actor/lib/test/auto/RecordAssemblerDisplayNameTest.xml (RunModel)" time="3.932" />
  <testcase classname="ptolemy.util.test.junit.AutoTests" name="[311] /home/travis/build/icyphy/ptII/ptolemy/actor/lib/test/auto/RecordAssemblerTypeError.xml (RunModel)" time="0.031" />
  <testcase classname="ptolemy.util.test.junit.AutoTests" name="[312] /home/travis/build/icyphy/ptII/ptolemy/actor/lib/test/auto/RecordDisassember.xml (RunModel)" time="0.024" />
  <testcase classname="ptolemy.util.test.junit.AutoTests" name="[313] /home/travis/build/icyphy/ptII/ptolemy/actor/lib/test/auto/RecordDisassemberDisplayNameTest.xml (RunModel)" time="0.017" />
  <testcase classname="ptolemy.util.test.junit.AutoTests" name="[314] /home/travis/build/icyphy/ptII/ptolemy/actor/lib/test/auto/RecordDisassembler.xml (RunModel)" time="0.01" />
  <testcase classname="ptolemy.util.test.junit.AutoTests" name="[315] /home/travis/build/icyphy/ptII/ptolemy/actor/lib/test/auto/RecordDisassembler2.xml (RunModel)" time="0.01" />
  <testcase classname="ptolemy.util.test.junit.AutoTests" name="[316] /home/travis/build/icyphy/ptII/ptolemy/actor/lib/test/auto/RecordUpdater.xml (RunModel)" time="0.009" />
  <testcase classname="ptolemy.util.test.junit.AutoTests" name="[317] /home/travis/build/icyphy/ptII/ptolemy/actor/lib/test/auto/RecordUpdater2.xml (RunModel)" time="0.009" />
  <testcase classname="ptolemy.util.test.junit.AutoTests" name="[318] /home/travis/build/icyphy/ptII/ptolemy/actor/lib/test/auto/RecursiveLattice.xml (RunModel)" time="0.008" />
  <testcase classname="ptolemy.util.test.junit.AutoTests" name="[319] /home/travis/build/icyphy/ptII/ptolemy/actor/lib/test/auto/Router.xml (RunModel)" time="3.023" />
  <testcase classname="ptolemy.util.test.junit.AutoTests" name="[320] /home/travis/build/icyphy/ptII/ptolemy/actor/lib/test/auto/Router2.xml (RunModel)" time="3.035" />
  <testcase classname="ptolemy.util.test.junit.AutoTests" name="[321] /home/travis/build/icyphy/ptII/ptolemy/actor/lib/test/auto/RunningMaximum.xml (RunModel)" time="0.018" />
  <testcase classname="ptolemy.util.test.junit.AutoTests" name="[322] /home/travis/build/icyphy/ptII/ptolemy/actor/lib/test/auto/RunningMinimum.xml (RunModel)" time="0.02" />
  <testcase classname="ptolemy.util.test.junit.AutoTests" name="[323] /home/travis/build/icyphy/ptII/ptolemy/actor/lib/test/auto/Scale.xml (RunModel)" time="0.009" />
  <testcase classname="ptolemy.util.test.junit.AutoTests" name="[324] /home/travis/build/icyphy/ptII/ptolemy/actor/lib/test/auto/Scale2.xml (RunModel)" time="0.01" />
  <testcase classname="ptolemy.util.test.junit.AutoTests" name="[325] /home/travis/build/icyphy/ptII/ptolemy/actor/lib/test/auto/Scale3.xml (RunModel)" time="0.015" />
  <testcase classname="ptolemy.util.test.junit.AutoTests" name="[326] /home/travis/build/icyphy/ptII/ptolemy/actor/lib/test/auto/ScaleArray.xml (RunModel)" time="0.007" />
  <testcase classname="ptolemy.util.test.junit.AutoTests" name="[327] /home/travis/build/icyphy/ptII/ptolemy/actor/lib/test/auto/ScaleArray2.xml (RunModel)" time="0.008" />
  <testcase classname="ptolemy.util.test.junit.AutoTests" name="[328] /home/travis/build/icyphy/ptII/ptolemy/actor/lib/test/auto/ScaleMatrix.xml (RunModel)" time="0.137" />
  <testcase classname="ptolemy.util.test.junit.AutoTests" name="[329] /home/travis/build/icyphy/ptII/ptolemy/actor/lib/test/auto/Select.xml (RunModel)" time="0.015" />
  <testcase classname="ptolemy.util.test.junit.AutoTests" name="[330] /home/travis/build/icyphy/ptII/ptolemy/actor/lib/test/auto/Select2.xml (RunModel)" time="0.013" />
  <testcase classname="ptolemy.util.test.junit.AutoTests" name="[331] /home/travis/build/icyphy/ptII/ptolemy/actor/lib/test/auto/SequenceToArray2.xml (RunModel)" time="0.147" />
  <testcase classname="ptolemy.util.test.junit.AutoTests" name="[332] /home/travis/build/icyphy/ptII/ptolemy/actor/lib/test/auto/SequentialClock.xml (RunModel)" time="0.008" />
  <testcase classname="ptolemy.util.test.junit.AutoTests" name="[333] /home/travis/build/icyphy/ptII/ptolemy/actor/lib/test/auto/SetVariable.xml (RunModel)" time="0.01" />
  <testcase classname="ptolemy.util.test.junit.AutoTests" name="[334] /home/travis/build/icyphy/ptII/ptolemy/actor/lib/test/auto/SetVariable2.xml (RunModel)" time="0.011" />
  <testcase classname="ptolemy.util.test.junit.AutoTests" name="[335] /home/travis/build/icyphy/ptII/ptolemy/actor/lib/test/auto/SetVariable3.xml (RunModel)" time="0.017" />
  <testcase classname="ptolemy.util.test.junit.AutoTests" name="[336] /home/travis/build/icyphy/ptII/ptolemy/actor/lib/test/auto/SetVariable4.xml (RunModel)" time="0.032" />
  <testcase classname="ptolemy.util.test.junit.AutoTests" name="[337] /home/travis/build/icyphy/ptII/ptolemy/actor/lib/test/auto/SetVariable5.xml (RunModel)" time="0.039" />
  <testcase classname="ptolemy.util.test.junit.AutoTests" name="[338] /home/travis/build/icyphy/ptII/ptolemy/actor/lib/test/auto/Sinewave.xml (RunModel)" time="0.024" />
  <testcase classname="ptolemy.util.test.junit.AutoTests" name="[339] /home/travis/build/icyphy/ptII/ptolemy/actor/lib/test/auto/Sinewave2.xml (RunModel)" time="0.019" />
  <testcase classname="ptolemy.util.test.junit.AutoTests" name="[340] /home/travis/build/icyphy/ptII/ptolemy/actor/lib/test/auto/Sinewave3.xml (RunModel)" time="0.021" />
  <testcase classname="ptolemy.util.test.junit.AutoTests" name="[341] /home/travis/build/icyphy/ptII/ptolemy/actor/lib/test/auto/SingleEvent.xml (RunModel)" time="0.007" />
  <testcase classname="ptolemy.util.test.junit.AutoTests" name="[342] /home/travis/build/icyphy/ptII/ptolemy/actor/lib/test/auto/Sleep.xml (RunModel)" time="6.015" />
  <testcase classname="ptolemy.util.test.junit.AutoTests" name="[343] /home/travis/build/icyphy/ptII/ptolemy/actor/lib/test/auto/SleepMultipleFire.xml (RunModel)" time="1.025" />
  <testcase classname="ptolemy.util.test.junit.AutoTests" name="[344] /home/travis/build/icyphy/ptII/ptolemy/actor/lib/test/auto/StopDE.xml (RunModel)" time="0.015" />
  <testcase classname="ptolemy.util.test.junit.AutoTests" name="[345] /home/travis/build/icyphy/ptII/ptolemy/actor/lib/test/auto/StopSDF.xml (RunModel)" time="0.011" />
  <testcase classname="ptolemy.util.test.junit.AutoTests" name="[346] /home/travis/build/icyphy/ptII/ptolemy/actor/lib/test/auto/StringConstant.xml (RunModel)" time="0.015" />
  <testcase classname="ptolemy.util.test.junit.AutoTests" name="[347] /home/travis/build/icyphy/ptII/ptolemy/actor/lib/test/auto/SubscriberPortInitialValues1.xml (RunModel)" time="0.03" />
  <testcase classname="ptolemy.util.test.junit.AutoTests" name="[348] /home/travis/build/icyphy/ptII/ptolemy/actor/lib/test/auto/SubscriberPortInitialValues13.xml (RunModel)" time="0.031" />
  <testcase classname="ptolemy.util.test.junit.AutoTests" name="[349] /home/travis/build/icyphy/ptII/ptolemy/actor/lib/test/auto/SubscriberPortInitialValues14.xml (RunModel)" time="0.016" />
  <testcase classname="ptolemy.util.test.junit.AutoTests" name="[350] /home/travis/build/icyphy/ptII/ptolemy/actor/lib/test/auto/SubscriberPortInitialValues2.xml (RunModel)" time="0.016" />
  <testcase classname="ptolemy.util.test.junit.AutoTests" name="[351] /home/travis/build/icyphy/ptII/ptolemy/actor/lib/test/auto/SubscriberPortInitialValues3.xml (RunModel)" time="0.02" />
  <testcase classname="ptolemy.util.test.junit.AutoTests" name="[352] /home/travis/build/icyphy/ptII/ptolemy/actor/lib/test/auto/SubscriptionAggregator.xml (RunModel)" time="0.011" />
  <testcase classname="ptolemy.util.test.junit.AutoTests" name="[353] /home/travis/build/icyphy/ptII/ptolemy/actor/lib/test/auto/SubscriptionAggregator2.xml (RunModel)" time="0.011" />
  <testcase classname="ptolemy.util.test.junit.AutoTests" name="[354] /home/travis/build/icyphy/ptII/ptolemy/actor/lib/test/auto/SubscriptionAggregator3.xml (RunModel)" time="0.016" />
  <testcase classname="ptolemy.util.test.junit.AutoTests" name="[355] /home/travis/build/icyphy/ptII/ptolemy/actor/lib/test/auto/SubscriptionAggregatorMultiply.xml (RunModel)" time="0.014" />
  <testcase classname="ptolemy.util.test.junit.AutoTests" name="[356] /home/travis/build/icyphy/ptII/ptolemy/actor/lib/test/auto/SubscriptionAggregatorPortMultiply1.xml (RunModel)" time="0.015" />
  <testcase classname="ptolemy.util.test.junit.AutoTests" name="[357] /home/travis/build/icyphy/ptII/ptolemy/actor/lib/test/auto/Switch.xml (RunModel)" time="0.017" />
  <testcase classname="ptolemy.util.test.junit.AutoTests" name="[358] /home/travis/build/icyphy/ptII/ptolemy/actor/lib/test/auto/Switch2.xml (RunModel)" time="0.013" />
  <testcase classname="ptolemy.util.test.junit.AutoTests" name="[359] /home/travis/build/icyphy/ptII/ptolemy/actor/lib/test/auto/SwitchDE.xml (RunModel)" time="0.014" />
  <testcase classname="ptolemy.util.test.junit.AutoTests" name="[360] /home/travis/build/icyphy/ptII/ptolemy/actor/lib/test/auto/SynchronizerDE.xml (RunModel)" time="0.024" />
  <testcase classname="ptolemy.util.test.junit.AutoTests" name="[361] /home/travis/build/icyphy/ptII/ptolemy/actor/lib/test/auto/Test.xml (RunModel)" time="0.009" />
  <testcase classname="ptolemy.util.test.junit.AutoTests" name="[362] /home/travis/build/icyphy/ptII/ptolemy/actor/lib/test/auto/TestExceptionAttribute1.xml (RunModel)" time="0.007" />
  <testcase classname="ptolemy.util.test.junit.AutoTests" name="[363] /home/travis/build/icyphy/ptII/ptolemy/actor/lib/test/auto/TestExceptionAttribute2.xml (RunModel)" time="0.007" />
  <testcase classname="ptolemy.util.test.junit.AutoTests" name="[364] /home/travis/build/icyphy/ptII/ptolemy/actor/lib/test/auto/TestExceptionAttribute3.xml (RunModel)" time="0.011" />
  <testcase classname="ptolemy.util.test.junit.AutoTests" name="[365] /home/travis/build/icyphy/ptII/ptolemy/actor/lib/test/auto/TestExceptionAttribute4.xml (RunModel)" time="0.006" />
  <testcase classname="ptolemy.util.test.junit.AutoTests" name="[366] /home/travis/build/icyphy/ptII/ptolemy/actor/lib/test/auto/TestExceptionHandler1.xml (RunModel)" time="0.009" />
  <testcase classname="ptolemy.util.test.junit.AutoTests" name="[367] /home/travis/build/icyphy/ptII/ptolemy/actor/lib/test/auto/TestExceptionHandler2.xml (RunModel)" time="0.015" />
  <testcase classname="ptolemy.util.test.junit.AutoTests" name="[368] /home/travis/build/icyphy/ptII/ptolemy/actor/lib/test/auto/TestExceptionHandler3.xml (RunModel)" time="0.006" />
  <testcase classname="ptolemy.util.test.junit.AutoTests" name="[369] /home/travis/build/icyphy/ptII/ptolemy/actor/lib/test/auto/TestExceptionHandler4.xml (RunModel)" time="0.007" />
  <testcase classname="ptolemy.util.test.junit.AutoTests" name="[370] /home/travis/build/icyphy/ptII/ptolemy/actor/lib/test/auto/TestRequireCorrectOrder.xml (RunModel)" time="0.019" />
  <testcase classname="ptolemy.util.test.junit.AutoTests" name="[371] /home/travis/build/icyphy/ptII/ptolemy/actor/lib/test/auto/TestSimple.xml (RunModel)" time="0.007" />
  <testcase classname="ptolemy.util.test.junit.AutoTests" name="[372] /home/travis/build/icyphy/ptII/ptolemy/actor/lib/test/auto/ThrowModelError.xml (RunModel)" time="0.013" />
  <testcase classname="ptolemy.util.test.junit.AutoTests" name="[373] /home/travis/build/icyphy/ptII/ptolemy/actor/lib/test/auto/TimeDelayMicrosteps.xml (RunModel)" time="0.044" />
  <testcase classname="ptolemy.util.test.junit.AutoTests" name="[374] /home/travis/build/icyphy/ptII/ptolemy/actor/lib/test/auto/TimeDelayMicrosteps2.xml (RunModel)" time="0.018" />
  <testcase classname="ptolemy.util.test.junit.AutoTests" name="[375] /home/travis/build/icyphy/ptII/ptolemy/actor/lib/test/auto/TimeDelayMicrosteps3.xml (RunModel)" time="0.014" />
  <testcase classname="ptolemy.util.test.junit.AutoTests" name="[376] /home/travis/build/icyphy/ptII/ptolemy/actor/lib/test/auto/TimeDelayVariableMicrosteps.xml (RunModel)" time="0.012" />
  <testcase classname="ptolemy.util.test.junit.AutoTests" name="[377] /home/travis/build/icyphy/ptII/ptolemy/actor/lib/test/auto/TimeGap.xml (RunModel)" time="0.017" />
  <testcase classname="ptolemy.util.test.junit.AutoTests" name="[378] /home/travis/build/icyphy/ptII/ptolemy/actor/lib/test/auto/TimeGap2.xml (RunModel)" time="0.01" />
  <testcase classname="ptolemy.util.test.junit.AutoTests" name="[379] /home/travis/build/icyphy/ptII/ptolemy/actor/lib/test/auto/TimedSinewave.xml (RunModel)" time="0.048" />
  <testcase classname="ptolemy.util.test.junit.AutoTests" name="[380] /home/travis/build/icyphy/ptII/ptolemy/actor/lib/test/auto/TimedSinewavePhase.xml (RunModel)" time="0.039" />
  <testcase classname="ptolemy.util.test.junit.AutoTests" name="[381] /home/travis/build/icyphy/ptII/ptolemy/actor/lib/test/auto/Timer.xml (RunModel)" time="0.019" />
  <testcase classname="ptolemy.util.test.junit.AutoTests" name="[382] /home/travis/build/icyphy/ptII/ptolemy/actor/lib/test/auto/TriangularDistTestModel.xml (RunModel)" time="0.022" />
  <testcase classname="ptolemy.util.test.junit.AutoTests" name="[383] /home/travis/build/icyphy/ptII/ptolemy/actor/lib/test/auto/TrigFunction.xml (RunModel)" time="0.013" />
  <testcase classname="ptolemy.util.test.junit.AutoTests" name="[384] /home/travis/build/icyphy/ptII/ptolemy/actor/lib/test/auto/TrigFunctionDE.xml (RunModel)" time="0.01" />
  <testcase classname="ptolemy.util.test.junit.AutoTests" name="[385] /home/travis/build/icyphy/ptII/ptolemy/actor/lib/test/auto/TrigFunctionInverse.xml (RunModel)" time="0.01" />
  <testcase classname="ptolemy.util.test.junit.AutoTests" name="[386] /home/travis/build/icyphy/ptII/ptolemy/actor/lib/test/auto/TrigFunctionTan.xml (RunModel)" time="0.007" />
  <testcase classname="ptolemy.util.test.junit.AutoTests" name="[387] /home/travis/build/icyphy/ptII/ptolemy/actor/lib/test/auto/TriggeredClock.xml (RunModel)" time="0.009" />
  <testcase classname="ptolemy.util.test.junit.AutoTests" name="[388] /home/travis/build/icyphy/ptII/ptolemy/actor/lib/test/auto/URLDirectoryReader.xml (RunModel)" time="0.098" />
  <testcase classname="ptolemy.util.test.junit.AutoTests" name="[389] /home/travis/build/icyphy/ptII/ptolemy/actor/lib/test/auto/URLDirectoryReader3.xml (RunModel)" time="1.36" />
  <testcase classname="ptolemy.util.test.junit.AutoTests" name="[390] /home/travis/build/icyphy/ptII/ptolemy/actor/lib/test/auto/UnaryMathFunction.xml (RunModel)" time="0.033" />
  <testcase classname="ptolemy.util.test.junit.AutoTests" name="[391] /home/travis/build/icyphy/ptII/ptolemy/actor/lib/test/auto/Uniform.xml (RunModel)" time="0.017" />
  <testcase classname="ptolemy.util.test.junit.AutoTests" name="[392] /home/travis/build/icyphy/ptII/ptolemy/actor/lib/test/auto/UnionDisassemblerTest.xml (RunModel)" time="0.027" />
  <testcase classname="ptolemy.util.test.junit.AutoTests" name="[393] /home/travis/build/icyphy/ptII/ptolemy/actor/lib/test/auto/UtilityFunctions.xml (RunModel)" time="0.009" />
  <testcase classname="ptolemy.util.test.junit.AutoTests" name="[394] /home/travis/build/icyphy/ptII/ptolemy/actor/lib/test/auto/VariableSleep.xml (RunModel)" time="0.519" />
  <testcase classname="ptolemy.util.test.junit.AutoTests" name="[395] /home/travis/build/icyphy/ptII/ptolemy/actor/lib/test/auto/VectorAssemblerDisassemblerCT.xml (RunModel)" time="0.131" />
  <testcase classname="ptolemy.util.test.junit.AutoTests" name="[396] /home/travis/build/icyphy/ptII/ptolemy/actor/lib/test/auto/VectorAssemblerDisassemblerDE.xml (RunModel)" time="0.013" />
  <testcase classname="ptolemy.util.test.junit.AutoTests" name="[397] /home/travis/build/icyphy/ptII/ptolemy/actor/lib/test/auto/VectorAssemblerDisassemblerSDF.xml (RunModel)" time="0.012" />
  <testcase classname="ptolemy.util.test.junit.AutoTests" name="[398] /home/travis/build/icyphy/ptII/ptolemy/actor/lib/test/auto/WallClockTime.xml (RunModel)" time="1.013" />
  <testcase classname="ptolemy.util.test.junit.AutoTests" name="[399] /home/travis/build/icyphy/ptII/ptolemy/actor/lib/test/auto/WidthTestWithSubscriberPublisher.xml (RunModel)" time="0.062" />
  <testcase classname="ptolemy.util.test.junit.AutoTests" name="[400] /home/travis/build/icyphy/ptII/ptolemy/actor/lib/test/auto/WidthTestWithSubscriberPublisher2.xml (RunModel)" time="0.016" />
  <testcase classname="ptolemy.util.test.junit.AutoTests" name="[401] /home/travis/build/icyphy/ptII/ptolemy/actor/lib/test/auto/WidthTestWithSubscriberPublisher3.xml (RunModel)" time="0.012" />
  <testcase classname="ptolemy.util.test.junit.AutoTests" name="[402] /home/travis/build/icyphy/ptII/ptolemy/actor/lib/test/auto/Writer.xml (RunModel)" time="0.009" />
  <testcase classname="ptolemy.util.test.junit.AutoTests" name="[403] /home/travis/build/icyphy/ptII/ptolemy/actor/lib/test/auto/array.xml (RunModel)" time="0.009" />
  <testcase classname="ptolemy.util.test.junit.AutoTests" name="[404] /home/travis/build/icyphy/ptII/ptolemy/actor/lib/test/auto/array2.xml (RunModel)" time="0.019" />
  <testcase classname="ptolemy.util.test.junit.AutoTests" name="[405] /home/travis/build/icyphy/ptII/ptolemy/actor/lib/test/auto/arrayType.xml (RunModel)" time="0.011" />
  <testcase classname="ptolemy.util.test.junit.AutoTests" name="[406] /home/travis/build/icyphy/ptII/ptolemy/actor/lib/test/auto/arrayType10.xml (RunModel)" time="0.008" />
  <testcase classname="ptolemy.util.test.junit.AutoTests" name="[407] /home/travis/build/icyphy/ptII/ptolemy/actor/lib/test/auto/arrayType11.xml (RunModel)" time="0.008" />
  <testcase classname="ptolemy.util.test.junit.AutoTests" name="[408] /home/travis/build/icyphy/ptII/ptolemy/actor/lib/test/auto/arrayType12.xml (RunModel)" time="0.009" />
  <testcase classname="ptolemy.util.test.junit.AutoTests" name="[409] /home/travis/build/icyphy/ptII/ptolemy/actor/lib/test/auto/arrayType13.xml (RunModel)" time="0.008" />
  <testcase classname="ptolemy.util.test.junit.AutoTests" name="[410] /home/travis/build/icyphy/ptII/ptolemy/actor/lib/test/auto/arrayType14.xml (RunModel)" time="0.009" />
  <testcase classname="ptolemy.util.test.junit.AutoTests" name="[411] /home/travis/build/icyphy/ptII/ptolemy/actor/lib/test/auto/arrayType15.xml (RunModel)" time="0.01" />
  <testcase classname="ptolemy.util.test.junit.AutoTests" name="[412] /home/travis/build/icyphy/ptII/ptolemy/actor/lib/test/auto/arrayType16.xml (RunModel)" time="0.008" />
  <testcase classname="ptolemy.util.test.junit.AutoTests" name="[413] /home/travis/build/icyphy/ptII/ptolemy/actor/lib/test/auto/arrayType17.xml (RunModel)" time="0.008" />
  <testcase classname="ptolemy.util.test.junit.AutoTests" name="[414] /home/travis/build/icyphy/ptII/ptolemy/actor/lib/test/auto/arrayType18.xml (RunModel)" time="0.008" />
  <testcase classname="ptolemy.util.test.junit.AutoTests" name="[415] /home/travis/build/icyphy/ptII/ptolemy/actor/lib/test/auto/arrayType19.xml (RunModel)" time="0.008" />
  <testcase classname="ptolemy.util.test.junit.AutoTests" name="[416] /home/travis/build/icyphy/ptII/ptolemy/actor/lib/test/auto/arrayType2.xml (RunModel)" time="0.008" />
  <testcase classname="ptolemy.util.test.junit.AutoTests" name="[417] /home/travis/build/icyphy/ptII/ptolemy/actor/lib/test/auto/arrayType20.xml (RunModel)" time="0.039" />
  <testcase classname="ptolemy.util.test.junit.AutoTests" name="[418] /home/travis/build/icyphy/ptII/ptolemy/actor/lib/test/auto/arrayType21.xml (RunModel)" time="0.032" />
  <testcase classname="ptolemy.util.test.junit.AutoTests" name="[419] /home/travis/build/icyphy/ptII/ptolemy/actor/lib/test/auto/arrayType22.xml (RunModel)" time="0.025" />
  <testcase classname="ptolemy.util.test.junit.AutoTests" name="[420] /home/travis/build/icyphy/ptII/ptolemy/actor/lib/test/auto/arrayType23.xml (RunModel)" time="0.035" />
  <testcase classname="ptolemy.util.test.junit.AutoTests" name="[421] /home/travis/build/icyphy/ptII/ptolemy/actor/lib/test/auto/arrayType24.xml (RunModel)" time="0.053" />
  <testcase classname="ptolemy.util.test.junit.AutoTests" name="[422] /home/travis/build/icyphy/ptII/ptolemy/actor/lib/test/auto/arrayType25.xml (RunModel)" time="0.025" />
  <testcase classname="ptolemy.util.test.junit.AutoTests" name="[423] /home/travis/build/icyphy/ptII/ptolemy/actor/lib/test/auto/arrayType26.xml (RunModel)" time="0.03" />
  <testcase classname="ptolemy.util.test.junit.AutoTests" name="[424] /home/travis/build/icyphy/ptII/ptolemy/actor/lib/test/auto/arrayType27.xml (RunModel)" time="0.032" />
  <testcase classname="ptolemy.util.test.junit.AutoTests" name="[425] /home/travis/build/icyphy/ptII/ptolemy/actor/lib/test/auto/arrayType28.xml (RunModel)" time="0.013" />
  <testcase classname="ptolemy.util.test.junit.AutoTests" name="[426] /home/travis/build/icyphy/ptII/ptolemy/actor/lib/test/auto/arrayType3.xml (RunModel)" time="0.008" />
  <testcase classname="ptolemy.util.test.junit.AutoTests" name="[427] /home/travis/build/icyphy/ptII/ptolemy/actor/lib/test/auto/arrayType4.xml (RunModel)" time="0.007" />
  <testcase classname="ptolemy.util.test.junit.AutoTests" name="[428] /home/travis/build/icyphy/ptII/ptolemy/actor/lib/test/auto/arrayType5.xml (RunModel)" time="0.008" />
  <testcase classname="ptolemy.util.test.junit.AutoTests" name="[429] /home/travis/build/icyphy/ptII/ptolemy/actor/lib/test/auto/arrayType6.xml (RunModel)" time="0.007" />
  <testcase classname="ptolemy.util.test.junit.AutoTests" name="[430] /home/travis/build/icyphy/ptII/ptolemy/actor/lib/test/auto/arrayType7.xml (RunModel)" time="0.008" />
  <testcase classname="ptolemy.util.test.junit.AutoTests" name="[431] /home/travis/build/icyphy/ptII/ptolemy/actor/lib/test/auto/arrayType8.xml (RunModel)" time="0.013" />
  <testcase classname="ptolemy.util.test.junit.AutoTests" name="[432] /home/travis/build/icyphy/ptII/ptolemy/actor/lib/test/auto/arrayType9.xml (RunModel)" time="0.02" />
  <testcase classname="ptolemy.util.test.junit.AutoTests" name="[433] /home/travis/build/icyphy/ptII/ptolemy/actor/lib/test/auto/cast.xml (RunModel)" time="0.012" />
  <testcase classname="ptolemy.util.test.junit.AutoTests" name="[434] /home/travis/build/icyphy/ptII/ptolemy/actor/lib/test/auto/compositeMultiPort.xml (RunModel)" time="0.015" />
  <testcase classname="ptolemy.util.test.junit.AutoTests" name="[435] /home/travis/build/icyphy/ptII/ptolemy/actor/lib/test/auto/expressionCastInference.xml (RunModel)" time="0.008" />
  <testcase classname="ptolemy.util.test.junit.AutoTests" name="[436] /home/travis/build/icyphy/ptII/ptolemy/actor/lib/test/auto/expressionCastInference2.xml (RunModel)" time="0.007" />
  <testcase classname="ptolemy.util.test.junit.AutoTests" name="[437] /home/travis/build/icyphy/ptII/ptolemy/actor/lib/test/auto/expressionInference.xml (RunModel)" time="0.008" />
  <testcase classname="ptolemy.util.test.junit.AutoTests" name="[438] /home/travis/build/icyphy/ptII/ptolemy/actor/lib/test/auto/expression_bug.xml (RunModel)" time="0.007" />
  <testcase classname="ptolemy.util.test.junit.AutoTests" name="[439] /home/travis/build/icyphy/ptII/ptolemy/actor/lib/test/auto/factorial.xml (RunModel)" time="0.042" />
  <testcase classname="ptolemy.util.test.junit.AutoTests" name="[440] /home/travis/build/icyphy/ptII/ptolemy/actor/lib/test/auto/filterTest1.xml (RunModel)" time="0.012" />
  <testcase classname="ptolemy.util.test.junit.AutoTests" name="[441] /home/travis/build/icyphy/ptII/ptolemy/actor/lib/test/auto/funcApplyInConst.xml (RunModel)" time="0.006" />
  <testcase classname="ptolemy.util.test.junit.AutoTests" name="[442] /home/travis/build/icyphy/ptII/ptolemy/actor/lib/test/auto/funcApplyInExpr.xml (RunModel)" time="0.006" />
  <testcase classname="ptolemy.util.test.junit.AutoTests" name="[443] /home/travis/build/icyphy/ptII/ptolemy/actor/lib/test/auto/function.xml (RunModel)" time="0.011" />
  <testcase classname="ptolemy.util.test.junit.AutoTests" name="[444] /home/travis/build/icyphy/ptII/ptolemy/actor/lib/test/auto/function2.xml (RunModel)" time="0.009" />
  <testcase classname="ptolemy.util.test.junit.AutoTests" name="[445] /home/travis/build/icyphy/ptII/ptolemy/actor/lib/test/auto/function3.xml (RunModel)" time="0.008" />
  <testcase classname="ptolemy.util.test.junit.AutoTests" name="[446] /home/travis/build/icyphy/ptII/ptolemy/actor/lib/test/auto/functionClosureTest1.xml (RunModel)" time="0.01" />
  <testcase classname="ptolemy.util.test.junit.AutoTests" name="[447] /home/travis/build/icyphy/ptII/ptolemy/actor/lib/test/auto/functionClosureTest2.xml (RunModel)" time="0.006" />
  <testcase classname="ptolemy.util.test.junit.AutoTests" name="[448] /home/travis/build/icyphy/ptII/ptolemy/actor/lib/test/auto/functionClosureTest3.xml (RunModel)" time="0.01" />
  <testcase classname="ptolemy.util.test.junit.AutoTests" name="[449] /home/travis/build/icyphy/ptII/ptolemy/actor/lib/test/auto/functionClosureTest4.xml (RunModel)" time="0.015" />
  <testcase classname="ptolemy.util.test.junit.AutoTests" name="[450] /home/travis/build/icyphy/ptII/ptolemy/actor/lib/test/auto/functionClosureTest5.xml (RunModel)" time="0.012" />
  <testcase classname="ptolemy.util.test.junit.AutoTests" name="[451] /home/travis/build/icyphy/ptII/ptolemy/actor/lib/test/auto/functionClosureTest6.xml (RunModel)" time="0.008" />
  <testcase classname="ptolemy.util.test.junit.AutoTests" name="[452] /home/travis/build/icyphy/ptII/ptolemy/actor/lib/test/auto/functionsOnArcs.xml (RunModel)" time="0.021" />
  <testcase classname="ptolemy.util.test.junit.AutoTests" name="[453] /home/travis/build/icyphy/ptII/ptolemy/actor/lib/test/auto/functionsOnArcsHOF.xml (RunModel)" time="0.014" />
  <testcase classname="ptolemy.util.test.junit.AutoTests" name="[454] /home/travis/build/icyphy/ptII/ptolemy/actor/lib/test/auto/logic.xml (RunModel)" time="0.017" />
  <testcase classname="ptolemy.util.test.junit.AutoTests" name="[455] /home/travis/build/icyphy/ptII/ptolemy/actor/lib/test/auto/matrixType.xml (RunModel)" time="0.01" />
  <testcase classname="ptolemy.util.test.junit.AutoTests" name="[456] /home/travis/build/icyphy/ptII/ptolemy/actor/lib/test/auto/matrixType10.xml (RunModel)" time="0.01" />
  <testcase classname="ptolemy.util.test.junit.AutoTests" name="[457] /home/travis/build/icyphy/ptII/ptolemy/actor/lib/test/auto/matrixType11.xml (RunModel)" time="0.012" />
  <testcase classname="ptolemy.util.test.junit.AutoTests" name="[458] /home/travis/build/icyphy/ptII/ptolemy/actor/lib/test/auto/matrixType12.xml (RunModel)" time="0.011" />
  <testcase classname="ptolemy.util.test.junit.AutoTests" name="[459] /home/travis/build/icyphy/ptII/ptolemy/actor/lib/test/auto/matrixType13.xml (RunModel)" time="0.008" />
  <testcase classname="ptolemy.util.test.junit.AutoTests" name="[460] /home/travis/build/icyphy/ptII/ptolemy/actor/lib/test/auto/matrixType14.xml (RunModel)" time="0.009" />
  <testcase classname="ptolemy.util.test.junit.AutoTests" name="[461] /home/travis/build/icyphy/ptII/ptolemy/actor/lib/test/auto/matrixType2.xml (RunModel)" time="0.01" />
  <testcase classname="ptolemy.util.test.junit.AutoTests" name="[462] /home/travis/build/icyphy/ptII/ptolemy/actor/lib/test/auto/matrixType3.xml (RunModel)" time="0.01" />
  <testcase classname="ptolemy.util.test.junit.AutoTests" name="[463] /home/travis/build/icyphy/ptII/ptolemy/actor/lib/test/auto/matrixType4.xml (RunModel)" time="0.008" />
  <testcase classname="ptolemy.util.test.junit.AutoTests" name="[464] /home/travis/build/icyphy/ptII/ptolemy/actor/lib/test/auto/matrixType5.xml (RunModel)" time="0.008" />
  <testcase classname="ptolemy.util.test.junit.AutoTests" name="[465] /home/travis/build/icyphy/ptII/ptolemy/actor/lib/test/auto/matrixType6.xml (RunModel)" time="0.008" />
  <testcase classname="ptolemy.util.test.junit.AutoTests" name="[466] /home/travis/build/icyphy/ptII/ptolemy/actor/lib/test/auto/matrixType7.xml (RunModel)" time="0.008" />
  <testcase classname="ptolemy.util.test.junit.AutoTests" name="[467] /home/travis/build/icyphy/ptII/ptolemy/actor/lib/test/auto/matrixType8.xml (RunModel)" time="0.008" />
  <testcase classname="ptolemy.util.test.junit.AutoTests" name="[468] /home/travis/build/icyphy/ptII/ptolemy/actor/lib/test/auto/matrixType9.xml (RunModel)" time="0.007" />
  <testcase classname="ptolemy.util.test.junit.AutoTests" name="[469] /home/travis/build/icyphy/ptII/ptolemy/actor/lib/test/auto/paraFunctest.xml (RunModel)" time="0.007" />
  <testcase classname="ptolemy.util.test.junit.AutoTests" name="[470] /home/travis/build/icyphy/ptII/ptolemy/actor/lib/test/auto/paraFunctest2.xml (RunModel)" time="0.013" />
  <testcase classname="ptolemy.util.test.junit.AutoTests" name="[471] /home/travis/build/icyphy/ptII/ptolemy/actor/lib/test/auto/parameterPassing.xml (RunModel)" time="0.009" />
  <testcase classname="ptolemy.util.test.junit.AutoTests" name="[472] /home/travis/build/icyphy/ptII/ptolemy/actor/lib/test/auto/record.xml (RunModel)" time="0.009" />
  <testcase classname="ptolemy.util.test.junit.AutoTests" name="[473] /home/travis/build/icyphy/ptII/ptolemy/actor/lib/test/auto/sizedarray1.xml (RunModel)" time="0.049" />
  <testcase classname="ptolemy.util.test.junit.AutoTests" name="[474] /home/travis/build/icyphy/ptII/ptolemy/actor/lib/test/auto/sizedarray2.xml (RunModel)" time="0.009" />
  <testcase classname="ptolemy.util.test.junit.AutoTests" name="[475] /home/travis/build/icyphy/ptII/ptolemy/actor/lib/test/auto/twoPublishers.xml (RunModel)" time="0.023" />
  <system-out><![CDATA[/home/travis/build/icyphy/ptII/ptolemy/actor/lib/test/AbsoluteValue.tcl
testDefs.tcl: setting time out to 9000 seconds at Sat Jul 20 22:46:37 UTC 2019
128 ms. Memory: 120832K Free: 85960K (71%)
14 ms. Memory: 120832K Free: 84407K (70%)
16 ms. Memory: 120832K Free: 83398K (69%)
11 ms. Memory: 120832K Free: 82888K (69%)
/home/travis/build/icyphy/ptII/ptolemy/actor/lib/test/AddSubtract.tcl
11 ms. Memory: 120832K Free: 80840K (67%)
6 ms. Memory: 120832K Free: 79816K (66%)
12 ms. Memory: 120832K Free: 79302K (66%)
16 ms. Memory: 120832K Free: 78263K (65%)
46 ms. Memory: 120832K Free: 75720K (63%)
6 ms. Memory: 120832K Free: 74696K (62%)
/home/travis/build/icyphy/ptII/ptolemy/actor/lib/test/Average.tcl
8 ms. Memory: 120832K Free: 73143K (61%)
13 ms. Memory: 120832K Free: 71624K (59%)
/home/travis/build/icyphy/ptII/ptolemy/actor/lib/test/Bernoulli.tcl
5 ms. Memory: 120832K Free: 70071K (58%)
2 ms. Memory: 120832K Free: 70071K (58%)
/home/travis/build/icyphy/ptII/ptolemy/actor/lib/test/Clock.tcl
preinitializing
resolving types
initializing
executing number 1
wrapping up
idle
21 ms. Memory: 120832K Free: 67014K (55%)
Completed execution with 5 iterations
preinitializing
resolving types
initializing
executing number 1
wrapping up
idle
4 ms. Memory: 120832K Free: 66504K (55%)
Completed execution with 5 iterations
preinitializing
resolving types
initializing
executing number 1
wrapping up
idle
4 ms. Memory: 120832K Free: 65990K (55%)
Completed execution with 5 iterations
/home/travis/build/icyphy/ptII/ptolemy/actor/lib/test/Commutator.tcl
8 ms. Memory: 120832K Free: 63927K (53%)
6 ms. Memory: 120832K Free: 62918K (52%)
17 ms. Memory: 120832K Free: 57288K (47%)
/home/travis/build/icyphy/ptII/ptolemy/actor/lib/test/Const.tcl
11 ms. Memory: 120832K Free: 55743K (46%)
5 ms. Memory: 120832K Free: 55240K (46%)
6 ms. Memory: 120832K Free: 54726K (45%)
2 ms. Memory: 120832K Free: 54216K (45%)
2 ms. Memory: 120832K Free: 53192K (44%)
13 ms. Memory: 120832K Free: 51654K (43%)
6 ms. Memory: 120832K Free: 50623K (42%)
4 ms. Memory: 120832K Free: 49591K (41%)
/home/travis/build/icyphy/ptII/ptolemy/actor/lib/test/CurrentTime.tcl
preinitializing
resolving types
initializing
executing number 1
wrapping up
idle
13 ms. Memory: 120832K Free: 48072K (40%)
Completed execution with 11 iterations
/home/travis/build/icyphy/ptII/ptolemy/actor/lib/test/DB.tcl
5 ms. Memory: 120832K Free: 46024K (38%)
25 ms. Memory: 120832K Free: 107078K (89%)
2 ms. Memory: 120832K Free: 106775K (88%)
/home/travis/build/icyphy/ptII/ptolemy/actor/lib/test/DiscreteRandomSource.tcl
preinitializing
resolving types
initializing
executing number 1
wrapping up
idle
11 ms. Memory: 120832K Free: 105207K (87%)
Completed execution with 4 iterations
preinitializing
resolving types
initializing
executing number 1
wrapping up
idle
5 ms. Memory: 120832K Free: 104727K (87%)
Completed execution with 4 iterations
preinitializing
resolving types
initializing
executing number 1
wrapping up
idle
7 ms. Memory: 120832K Free: 104199K (86%)
Completed execution with 4 iterations
preinitializing
resolving types
initializing
executing number 1
wrapping up
idle
7 ms. Memory: 120832K Free: 104199K (86%)
Completed execution with 4 iterations
preinitializing
resolving types
initializing
executing number 1
wrapping up
idle
12 ms. Memory: 120832K Free: 103703K (86%)
Completed execution with 4 iterations
/home/travis/build/icyphy/ptII/ptolemy/actor/lib/test/Distributor.tcl
13 ms. Memory: 120832K Free: 104864K (87%)
16 ms. Memory: 120832K Free: 104276K (86%)
StreamChangeRequest.changeExecuted(): <deleteEntity name="rec2"/> succeeded
StreamChangeRequest.changeExecuted(): <deleteRelation name="r2"/> succeeded
StreamChangeRequest.changeExecuted(): Record firings per iteration succeeded
5 ms. Memory: 120832K Free: 101871K (84%)
/home/travis/build/icyphy/ptII/ptolemy/actor/lib/test/Exit.tcl
Exit.tcl: this will print a message about Manager.exitAfterWrapup, which can be ignored.
5 ms. Memory: 120832K Free: 98747K (82%)
/home/travis/build/icyphy/ptII/ptolemy/actor/lib/test/Expression.tcl
26 ms. Memory: 120832K Free: 95465K (79%)
3 ms. Memory: 120832K Free: 94695K (78%)
2 ms. Memory: 120832K Free: 94044K (78%)
preinitializing
resolving types
initializing
executing number 1
wrapping up
idle
5 ms. Memory: 120832K Free: 92631K (77%)
Completed execution with 6 iterations
4 ms. Memory: 120832K Free: 91660K (76%)
2 ms. Memory: 120832K Free: 90972K (75%)
5 ms. Memory: 120832K Free: 89567K (74%)
4 ms. Memory: 120832K Free: 88551K (73%)
9 ms. Memory: 120832K Free: 105775K (88%)
/home/travis/build/icyphy/ptII/ptolemy/actor/lib/test/Gaussian.tcl
4 ms. Memory: 120832K Free: 103729K (86%)
sleeping 1 seconds: .........................................................................................................................................................................................................................................................................................................................................................................................................................................................................................................................................................................................................................................................................................................................................................................................................................................................................................................................................................................................................................................................................................................................................................................................................................................................................................................................................................................................................................................................................................................................................................................................................................................................................................................................................................................................................................................................................................................................................................................................................................................................................................................................................................................................................................................................................................................................................................................................................................................................................................................................................................................................................................................................................................................................................................................................................................................................................................................................................................................................................................................................................................................................................................................................................................................................................................................................................................................................................................................................................................................................................................................................................................................................................................................................................................................................................................................................................................................................................................................................................................................................................................................................................................................................................................................................................................................................................................................................................................................................................................................................................................................................................................................................................................................................................................................................................................................................................................................................................................................................................................................................................................................................................................................................................................................................................................................................................................................................................................................................................................................................................................................................................................................................................................................................................................................................................................................................................................................................................................................................................................................................................................................................................................................................................................................................................................................................................................................................................................................................................................................................................................................................................................................................................................................................................................................................................................................................................................................................................................................................................................................................................................................................................................................................................................................................................................................................................................................................................................................................................................................................................................................................................................................................................................................................................................................................................................................................................................................................................................................................................................................................................................................................................................................................................................................................................................................................................................................................................................................................................................................................................................................................................................................................................................................................................................................................................................................................................................................................................................................................................................................................................................................................................................................................................................................................................................................................................................................................................................................................................................................................................................................................................................................................................................................................................................................................................................................................................................................................................................................................................................................................................................................................................................................................................................................................................................................................................................................................................................................................................................................................................................................................................................................................................................................................................................................................................................................................................................................................................................................................................................................................................................................................................................................................................................................................................................................................................................................................................................................................................................................................................................................................................................................................................................................................................................................................................................................................................................................................................................................................................................................................................................................................................................................................................................................................................................................................................................................................................................................................................................................................................................................................................................................................................................................................................................................2 ms. Memory: 120832K Free: 84269K (70%)
3 ms. Memory: 120832K Free: 83741K (69%)
2 ms. Memory: 120832K Free: 82731K (68%)
2 ms. Memory: 120832K Free: 82221K (68%)
2 ms. Memory: 120832K Free: 81677K (68%)
/home/travis/build/icyphy/ptII/ptolemy/actor/lib/test/IIR.tcl
/home/travis/build/icyphy/ptII/ptolemy/actor/lib/test/Interpolator.tcl
4 ms. Memory: 120832K Free: 78125K (65%)
2 ms. Memory: 120832K Free: 77610K (64%)
2 ms. Memory: 120832K Free: 76573K (63%)
2 ms. Memory: 120832K Free: 76077K (63%)
3 ms. Memory: 120832K Free: 75563K (63%)
2 ms. Memory: 120832K Free: 74533K (62%)
3 ms. Memory: 120832K Free: 73501K (61%)
3 ms. Memory: 120832K Free: 72485K (60%)
2 ms. Memory: 120832K Free: 71981K (60%)
3 ms. Memory: 120832K Free: 70957K (59%)
/home/travis/build/icyphy/ptII/ptolemy/actor/lib/test/MathFunction.tcl
4 ms. Memory: 120832K Free: 68909K (57%)
3 ms. Memory: 120832K Free: 67885K (56%)
3 ms. Memory: 120832K Free: 66861K (55%)
2 ms. Memory: 120832K Free: 65837K (54%)
3 ms. Memory: 120832K Free: 64285K (53%)
6 ms. Memory: 120832K Free: 62765K (52%)
/home/travis/build/icyphy/ptII/ptolemy/actor/lib/test/Maximum.tcl
6 ms. Memory: 164864K Free: 148376K (90%)
11 ms. Memory: 164864K Free: 147862K (90%)
3 ms. Memory: 164864K Free: 146824K (89%)
3 ms. Memory: 164864K Free: 146328K (89%)
/home/travis/build/icyphy/ptII/ptolemy/actor/lib/test/Minimum.tcl
11 ms. Memory: 164864K Free: 144784K (88%)
3 ms. Memory: 164864K Free: 143752K (87%)
3 ms. Memory: 164864K Free: 143256K (87%)
3 ms. Memory: 164864K Free: 142728K (87%)
/home/travis/build/icyphy/ptII/ptolemy/actor/lib/test/MultiplyDivide.tcl
12 ms. Memory: 164864K Free: 140664K (85%)
9 ms. Memory: 164864K Free: 140182K (85%)
8 ms. Memory: 164864K Free: 139160K (84%)
3 ms. Memory: 164864K Free: 138632K (84%)
3 ms. Memory: 164864K Free: 137622K (83%)
/home/travis/build/icyphy/ptII/ptolemy/actor/lib/test/OrderedMerge.tcl
Connections changed on port: inputA
Connections changed on port: inputB
Connections changed on port: output
Connections changed on port: output
Connections changed on port: output
Connections changed on port: input
.top. Preinitializing ...
Invoking preinitialize():  .top.OrderedMerge
Called preinitialize()
Invoking preinitialize():  .top.Ramp
Called preinitialize()
Invoking preinitialize():  .top.Ramp2
Called preinitialize()
Invoking preinitialize():  .top.Test
Called preinitialize()
Connections changed on port: inputA
Connections changed on port: output
Connections changed on port: output
Connections changed on port: input
Connections changed on port: inputB
Connections changed on port: output
.top. Finished preinitialize().
Called initialize().
Invoking initialize():  .top.OrderedMerge
Initializing actor: .top.OrderedMerge
Adding a thread: .top.OrderedMerge
Invoking initialize():  .top.Ramp
Initializing actor: .top.Ramp
Adding a thread: .top.Ramp
Invoking initialize():  .top.Ramp2
Initializing actor: .top.Ramp2
Adding a thread: .top.Ramp2
Invoking initialize():  .top.Test
Initializing actor: .top.Test
Adding a thread: .top.Test
Called fire().
Checking for deadlock:
-- Starting thread.
Called initialize()
Called prefire()
Called fire()
-- Starting thread.
Called initialize()
-- Starting thread.
Called initialize()
There are 0 Blocked actors, 0 Stopped actors, and 4 active threads.
Waiting for actors to stop.
Called prefire()
Called prefire()
Called fire()
Called fire()
-- Starting thread.
Called postfire()
Called initialize()
Called prefire()
Called postfire()
Called fire()
Called prefire()
Called fire()
Called prefire()
Called fire()
Checking for deadlock:
There are 2 Blocked actors, 0 Stopped actors, and 4 active threads.
Waiting for actors to stop.
Called postfire()
Called prefire()
Called fire()
Read input token from inputA with value 0.0
Next port to read input from is inputB
Called postfire()
Called prefire()
Called fire()
Read input token from inputB with value 0.0
Sent output token with value 0.0
Next port to read input from is inputA
Called postfire()
Called prefire()
Called fire()
Read input token from inputA with value 1.0
Checking for deadlock:
There are 1 Blocked actors, 0 Stopped actors, and 4 active threads.
Waiting for actors to stop.
Called postfire()
Called prefire()
Called fire()
Called postfire()
Called prefire()
Called fire()
Checking for deadlock:
There are 2 Blocked actors, 0 Stopped actors, and 4 active threads.
Waiting for actors to stop.
Sent output token with value 0.0
Next port to read input from is inputB
Called postfire()
-- Read input: 0.0, which is expected to match: 0.0
Called prefire()
Called fire()
Called prefire()
Called postfire()
Called prefire()
Called fire()
Read input token from inputB with value 1.5
Checking for deadlock:
There are 3 Blocked actors, 0 Stopped actors, and 4 active threads.
Waiting for actors to stop.
Called fire()
-- Read input: 0.0, which is expected to match: 0.0
Called prefire()
Called fire()
Sent output token with value 1.0
Next port to read input from is inputA
-- Read input: 1.0, which is expected to match: 1.0
Checking for deadlock:
Called prefire()
Called fire()
There are 2 Blocked actors, 0 Stopped actors, and 4 active threads.
Waiting for actors to stop.
Called postfire()
Called prefire()
Called fire()
Read input token from inputA with value 2.0
Sent output token with value 1.5
Next port to read input from is inputB
Called postfire()
Called prefire()
Called fire()
Read input token from inputB with value 3.0
Sent output token with value 2.0
-- Read input: 1.5, which is expected to match: 1.5
Called prefire()
Next port to read input from is inputA
Called fire()
Called postfire()
Called prefire()
Called fire()
Checking for deadlock:
-- Read input: 2.0, which is expected to match: 2.0
There are 1 Blocked actors, 0 Stopped actors, and 4 active threads.
Called prefire()
Waiting for actors to stop.
Called fire()
Called postfire()
Called prefire()
Called fire()
Called postfire()
Called prefire()
Called fire()
Checking for deadlock:
There are 3 Blocked actors, 0 Stopped actors, and 4 active threads.
Waiting for actors to stop.
Read input token from inputA with value 3.0
Sent output token with value 3.0
Next port to read input from is inputB
Called postfire()
Called prefire()
Called fire()
Read input token from inputB with value 4.5
Checking for deadlock:
There are 1 Blocked actors, 0 Stopped actors, and 4 active threads.
Waiting for actors to stop.
Called postfire()
Called prefire()
Called fire()
Called postfire()
Called prefire()
Called fire()
-- Read input: 3.0, which is expected to match: 3.0
Checking for deadlock:
Called prefire()
There are 2 Blocked actors, 0 Stopped actors, and 4 active threads.
Waiting for actors to stop.
Called fire()
-- Read input: 3.0, which is expected to match: 3.0
Sent output token with value 3.0
Called prefire()
Called fire()
Next port to read input from is inputA
Called postfire()
Called prefire()
Called fire()
Read input token from inputA with value 4.0
Sent output token with value 4.0
Next port to read input from is inputA
Called postfire()
Called prefire()
Called fire()
Checking for deadlock:
There are 2 Blocked actors, 0 Stopped actors, and 4 active threads.
Waiting for actors to stop.
Called postfire()
Called prefire()
Called fire()
-- Read input: 4.0, which is expected to match: 4.0
Called prefire()
Called fire()
Past the end of training data. Read and discard all inputs.
Checking for deadlock:
There are 3 Blocked actors, 0 Stopped actors, and 4 active threads.
Waiting for actors to stop.
Called postfire()
Called prefire()
Called fire()
Checking for deadlock:
There are 3 Blocked actors, 0 Stopped actors, and 4 active threads.
Waiting for actors to stop.
Read input token from inputA with value 5.0
Checking for deadlock:
Called prefire()
There are 2 Blocked actors, 0 Stopped actors, and 4 active threads.
Called fire()
Past the end of training data. Read and discard all inputs.
Sent output token with value 4.5
Next port to read input from is inputB
Called postfire()
Called prefire()
Called fire()
Waiting for actors to stop.
Called postfire()
Called prefire()
Called fire()
Checking for deadlock:
There are 3 Blocked actors, 0 Stopped actors, and 4 active threads.
Waiting for actors to stop.
Read input token from inputB with value 6.0
Checking for deadlock:
Called prefire()
Called fire()
Past the end of training data. Read and discard all inputs.
Sent output token with value 5.0
Next port to read input from is inputA
Called postfire()
Called prefire()
Called fire()
There are 2 Blocked actors, 0 Stopped actors, and 4 active threads.
Waiting for actors to stop.
Read input token from inputA with value 6.0
Sent output token with value 6.0
Next port to read input from is inputB
Called postfire()
Called prefire()
Called fire()
Read input token from inputB with value 7.5
Checking for deadlock:
There are 1 Blocked actors, 0 Stopped actors, and 4 active threads.
Waiting for actors to stop.
Called postfire()
Called prefire()
Called fire()
Called postfire()
Called prefire()
Called fire()
Checking for deadlock:
There are 3 Blocked actors, 0 Stopped actors, and 4 active threads.
Waiting for actors to stop.
Called prefire()
Called fire()
Past the end of training data. Read and discard all inputs.
Called prefire()
Called fire()
Checking for deadlock:
Past the end of training data. Read and discard all inputs.
There are 2 Blocked actors, 0 Stopped actors, and 4 active threads.
Waiting for actors to stop.
Checking for deadlock:
There are 3 Blocked actors, 0 Stopped actors, and 4 active threads.
Waiting for actors to stop.
Sent output token with value 6.0
Next port to read input from is inputA
Called postfire()
Called prefire()
Called fire()
Read input token from inputA with value 7.0
Sent output token with value 7.0
Next port to read input from is inputA
Called postfire()
Called prefire()
Called fire()
Checking for deadlock:
There are 2 Blocked actors, 0 Stopped actors, and 4 active threads.
Waiting for actors to stop.
Called postfire()
Called prefire()
Called fire()
Checking for deadlock:
There are 2 Blocked actors, 0 Stopped actors, and 4 active threads.
Waiting for actors to stop.
Called prefire()
Checking for deadlock:
There are 1 Blocked actors, 0 Stopped actors, and 4 active threads.
Waiting for actors to stop.
-- Thread wrapup() called.
Called wrapup()
Thread .top.Ramp is exiting.
-- Thread stopped.
Checking for deadlock:
Read input token from inputA with value 8.0
Called fire()
Past the end of training data. Read and discard all inputs.
There are 1 Blocked actors, 0 Stopped actors, and 3 active threads.
Waiting for actors to stop.
Called prefire()
Called fire()
Past the end of training data. Read and discard all inputs.
Sent output token with value 7.5
Next port to read input from is inputB
Called postfire()
Called prefire()
Called fire()
Read input token from inputB with value 9.0
Sent output token with value 8.0
Next port to read input from is inputA
Called postfire()
Called prefire()
Called fire()
Read input token from inputA with value 9.0
Checking for deadlock:
There are 1 Blocked actors, 0 Stopped actors, and 3 active threads.
Waiting for actors to stop.
Called prefire()
Called fire()
Called postfire()
Past the end of training data. Read and discard all inputs.
Called prefire()
Called fire()
Checking for deadlock:
There are 2 Blocked actors, 0 Stopped actors, and 3 active threads.
Waiting for actors to stop.
Called prefire()
Called fire()
Past the end of training data. Read and discard all inputs.
Sent output token with value 9.0
Next port to read input from is inputB
Called postfire()
Called prefire()
Called fire()
Read input token from inputB with value 10.5
Sent output token with value 9.0
Next port to read input from is inputA
Called postfire()
Called prefire()
Called fire()
Checking for deadlock:
There are 1 Blocked actors, 0 Stopped actors, and 3 active threads.
Waiting for actors to stop.
Called prefire()
Called fire()
Past the end of training data. Read and discard all inputs.
Called postfire()
Called prefire()
Called fire()
Checking for deadlock:
There are 3 Blocked actors, 0 Stopped actors, and 3 active threads.
Actors have stopped.
Checking for deadlock:
There are 3 Blocked actors, 0 Stopped actors, and 3 active threads.
Deadlock detected.
Resolving Deadlock
Checking for deadlock:
There are 3 Blocked actors, 0 Stopped actors, and 3 active threads.
Artificial Deadlock - increasing queue capacity.
increasing the capacity of receiver ptolemy.actor.TypedIOPort {.top.OrderedMerge.inputB} to 2
-- Thread wrapup() called.
Called wrapup()
Thread .top.Ramp2 is exiting.
-- Thread stopped.
Director: Called postfire().
Called postfire().
_stopRequested = false
_stopFireRequested = false
Returning from postfire(): true
Called fire().
Checking for deadlock:
There are 2 Blocked actors, 0 Stopped actors, and 2 active threads.
Actors have stopped.
Checking for deadlock:
There are 2 Blocked actors, 0 Stopped actors, and 2 active threads.
Deadlock detected.
Resolving Deadlock
Checking for deadlock:
There are 2 Blocked actors, 0 Stopped actors, and 2 active threads.
Deadlock detected: no processes blocked on write, but some are blocked on read.
Called postfire().
_stopRequested = false
_stopFireRequested = false
Returning from postfire(): false
Finished deactivating branches.
Called wrapup().
-- Thread wrapup() called.
Called wrapup()
Thread .top.Test is exiting.
-- Thread stopped.
-- Blocked Receiver call threw TerminateProcessException.
-- Thread wrapup() called.
Called wrapup()
Thread .top.OrderedMerge is exiting.
-- Thread stopped.
-- Blocked Receiver call threw TerminateProcessException.
84 ms. Memory: 164864K Free: 133016K (81%)
.top. Preinitializing ...
Invoking preinitialize():  .top.OrderedMerge
Called preinitialize()
Invoking preinitialize():  .top.Ramp
Called preinitialize()
Invoking preinitialize():  .top.Ramp2
Called preinitialize()
Invoking preinitialize():  .top.Test
Called preinitialize()
.top. Finished preinitialize().
Called initialize().
Invoking initialize():  .top.OrderedMerge
Initializing actor: .top.OrderedMerge
Adding a thread: .top.OrderedMerge
Invoking initialize():  .top.Ramp
Initializing actor: .top.Ramp
Adding a thread: .top.Ramp
Invoking initialize():  .top.Ramp2
Initializing actor: .top.Ramp2
Adding a thread: .top.Ramp2
Invoking initialize():  .top.Test
Initializing actor: .top.Test
Adding a thread: .top.Test
-- Starting thread.
Called initialize()
Called prefire()
Called fire()
-- Starting thread.
Called initialize()
Called prefire()
Called fire()
Called postfire()
Called prefire()
Called fire()
-- Starting thread.
Called initialize()
Called prefire()
Called fire()
Called postfire()
Called prefire()
Called fire()
Called fire().
Checking for deadlock:
There are 3 Blocked actors, 0 Stopped actors, and 4 active threads.
Waiting for actors to stop.
-- Starting thread.
Called initialize()
Called prefire()
Called fire()
Checking for deadlock:
There are 2 Blocked actors, 0 Stopped actors, and 4 active threads.
Waiting for actors to stop.
Called postfire()
Called prefire()
Called fire()
Checking for deadlock:
There are 3 Blocked actors, 0 Stopped actors, and 4 active threads.
Waiting for actors to stop.
Read input token from inputA with value 0.0
Next port to read input from is inputB
Called postfire()
Called prefire()
Called fire()
Checking for deadlock:
Called postfire()
Called prefire()
Called fire()
There are 2 Blocked actors, 0 Stopped actors, and 4 active threads.
Waiting for actors to stop.
Read input token from inputB with value 0.0
Checking for deadlock:
There are 3 Blocked actors, 0 Stopped actors, and 4 active threads.
Waiting for actors to stop.
Checking for deadlock:
There are 2 Blocked actors, 0 Stopped actors, and 4 active threads.
Waiting for actors to stop.
-- Read input: 0.0, which is expected to match: 0.0
Called prefire()
Called fire()
Sent output token with value 0.0
Checking for deadlock:
There are 3 Blocked actors, 0 Stopped actors, and 4 active threads.
Waiting for actors to stop.
Next port to read input from is inputA
Called postfire()
Called prefire()
Called fire()
Checking for deadlock:
There are 2 Blocked actors, 0 Stopped actors, and 4 active threads.
Waiting for actors to stop.
Called postfire()
Called prefire()
Called fire()
Read input token from inputA with value 1.0
Checking for deadlock:
There are 3 Blocked actors, 0 Stopped actors, and 4 active threads.
Waiting for actors to stop.
Checking for deadlock:
There are 2 Blocked actors, 0 Stopped actors, and 4 active threads.
Waiting for actors to stop.
-- Read input: 0.0, which is expected to match: 0.0
Called prefire()
Called fire()
Sent output token with value 0.0
Checking for deadlock:
There are 3 Blocked actors, 0 Stopped actors, and 4 active threads.
Waiting for actors to stop.
Next port to read input from is inputB
Called postfire()
Called prefire()
Called fire()
Checking for deadlock:
There are 2 Blocked actors, 0 Stopped actors, and 4 active threads.
Waiting for actors to stop.
Called postfire()
Called prefire()
Called fire()
Checking for deadlock:
There are 3 Blocked actors, 0 Stopped actors, and 4 active threads.
Waiting for actors to stop.
Read input token from inputB with value 1.5
Checking for deadlock:
There are 2 Blocked actors, 0 Stopped actors, and 4 active threads.
Waiting for actors to stop.
-- Read input: 1.0, which is expected to match: 1.0
Called prefire()
Called fire()
Sent output token with value 1.0
Checking for deadlock:
There are 3 Blocked actors, 0 Stopped actors, and 4 active threads.
Waiting for actors to stop.
Next port to read input from is inputA
Called postfire()
Called prefire()
Called fire()
Checking for deadlock:
There are 2 Blocked actors, 0 Stopped actors, and 4 active threads.
Waiting for actors to stop.
Read input token from inputA with value 2.0
Called postfire()
Called prefire()
Called fire()
Checking for deadlock:
There are 2 Blocked actors, 0 Stopped actors, and 4 active threads.
Waiting for actors to stop.
-- Read input: 1.5, which is expected to match: 1.5
Called prefire()
Called fire()
Checking for deadlock:
There are 3 Blocked actors, 0 Stopped actors, and 4 active threads.
Waiting for actors to stop.
Sent output token with value 1.5
Next port to read input from is inputB
Called postfire()
Called prefire()
Called fire()
Checking for deadlock:
There are 2 Blocked actors, 0 Stopped actors, and 4 active threads.
Waiting for actors to stop.
Called postfire()
Called prefire()
Called fire()
Checking for deadlock:
There are 3 Blocked actors, 0 Stopped actors, and 4 active threads.
Waiting for actors to stop.
Read input token from inputB with value 3.0
Sent output token with value 2.0
Checking for deadlock:
There are 2 Blocked actors, 0 Stopped actors, and 4 active threads.
Waiting for actors to stop.
-- Read input: 2.0, which is expected to match: 2.0
Called prefire()
Called fire()
Checking for deadlock:
There are 3 Blocked actors, 0 Stopped actors, and 4 active threads.
Waiting for actors to stop.
Next port to read input from is inputA
Called postfire()
Called prefire()
Called fire()
Checking for deadlock:
There are 2 Blocked actors, 0 Stopped actors, and 4 active threads.
Waiting for actors to stop.
Read input token from inputA with value 3.0
Called postfire()
Called prefire()
Called fire()
Checking for deadlock:
There are 2 Blocked actors, 0 Stopped actors, and 4 active threads.
Waiting for actors to stop.
-- Read input: 3.0, which is expected to match: 3.0
Called prefire()
Called fire()
Checking for deadlock:
There are 3 Blocked actors, 0 Stopped actors, and 4 active threads.
Waiting for actors to stop.
Sent output token with value 3.0
Next port to read input from is inputB
Called postfire()
Called prefire()
Called fire()
Checking for deadlock:
There are 2 Blocked actors, 0 Stopped actors, and 4 active threads.
Waiting for actors to stop.
Read input token from inputB with value 4.5
Called postfire()
Called prefire()
Called fire()
Checking for deadlock:
There are 2 Blocked actors, 0 Stopped actors, and 4 active threads.
Waiting for actors to stop.
-- Read input: 3.0, which is expected to match: 3.0
Called prefire()
Called fire()
Checking for deadlock:
There are 3 Blocked actors, 0 Stopped actors, and 4 active threads.
Waiting for actors to stop.
Sent output token with value 3.0
Next port to read input from is inputA
Called postfire()
Called prefire()
Called fire()
Checking for deadlock:
There are 2 Blocked actors, 0 Stopped actors, and 4 active threads.
Waiting for actors to stop.
Called postfire()
Called prefire()
Called fire()
Checking for deadlock:
There are 3 Blocked actors, 0 Stopped actors, and 4 active threads.
Waiting for actors to stop.
Read input token from inputA with value 4.0
Checking for deadlock:
There are 2 Blocked actors, 0 Stopped actors, and 4 active threads.
Waiting for actors to stop.
-- Read input: 4.0, which is expected to match: 4.0
Called prefire()
Called fire()
Past the end of training data. Read and discard all inputs.
Sent output token with value 4.0
Checking for deadlock:
There are 3 Blocked actors, 0 Stopped actors, and 4 active threads.
Waiting for actors to stop.
Next port to read input from is inputA
Called postfire()
Called prefire()
Called fire()
Checking for deadlock:
There are 2 Blocked actors, 0 Stopped actors, and 4 active threads.
Waiting for actors to stop.
Called postfire()
Read input token from inputA with value 5.0
Called prefire()
Called fire()
Checking for deadlock:
There are 2 Blocked actors, 0 Stopped actors, and 4 active threads.
Waiting for actors to stop.
Called prefire()
Called fire()
Past the end of training data. Read and discard all inputs.
Sent output token with value 4.5
Checking for deadlock:
There are 3 Blocked actors, 0 Stopped actors, and 4 active threads.
Waiting for actors to stop.
Next port to read input from is inputB
Called postfire()
Called prefire()
Called fire()
Checking for deadlock:
There are 2 Blocked actors, 0 Stopped actors, and 4 active threads.
Waiting for actors to stop.
Called postfire()
Read input token from inputB with value 6.0
Called prefire()
Called fire()
Checking for deadlock:
There are 2 Blocked actors, 0 Stopped actors, and 4 active threads.
Waiting for actors to stop.
Called prefire()
Called fire()
Past the end of training data. Read and discard all inputs.
Checking for deadlock:
There are 3 Blocked actors, 0 Stopped actors, and 4 active threads.
Waiting for actors to stop.
Sent output token with value 5.0
Next port to read input from is inputA
Called postfire()
Called prefire()
Called fire()
Checking for deadlock:
There are 2 Blocked actors, 0 Stopped actors, and 4 active threads.
Waiting for actors to stop.
Called postfire()
Read input token from inputA with value 6.0
Called prefire()
Called fire()
Checking for deadlock:
There are 2 Blocked actors, 0 Stopped actors, and 4 active threads.
Waiting for actors to stop.
Called prefire()
Called fire()
Past the end of training data. Read and discard all inputs.
Checking for deadlock:
There are 3 Blocked actors, 0 Stopped actors, and 4 active threads.
Waiting for actors to stop.
Sent output token with value 6.0
Next port to read input from is inputB
Called postfire()
Called prefire()
Called fire()
Checking for deadlock:
There are 2 Blocked actors, 0 Stopped actors, and 4 active threads.
Waiting for actors to stop.
Called postfire()
Called prefire()
Called fire()
Checking for deadlock:
There are 3 Blocked actors, 0 Stopped actors, and 4 active threads.
Waiting for actors to stop.
Read input token from inputB with value 7.5
Checking for deadlock:
There are 2 Blocked actors, 0 Stopped actors, and 4 active threads.
Waiting for actors to stop.
Called prefire()
Called fire()
Past the end of training data. Read and discard all inputs.
Sent output token with value 6.0
Checking for deadlock:
There are 3 Blocked actors, 0 Stopped actors, and 4 active threads.
Waiting for actors to stop.
Next port to read input from is inputA
Called postfire()
Called prefire()
Called fire()
Checking for deadlock:
There are 2 Blocked actors, 0 Stopped actors, and 4 active threads.
Waiting for actors to stop.
Read input token from inputA with value 7.0
Called postfire()
Called prefire()
Called fire()
Called prefire()
Checking for deadlock:
There are 2 Blocked actors, 0 Stopped actors, and 4 active threads.
Waiting for actors to stop.
Called fire()
Past the end of training data. Read and discard all inputs.
Checking for deadlock:
There are 3 Blocked actors, 0 Stopped actors, and 4 active threads.
Waiting for actors to stop.
Sent output token with value 7.0
Next port to read input from is inputA
Called postfire()
Called prefire()
Called fire()
Checking for deadlock:
There are 2 Blocked actors, 0 Stopped actors, and 4 active threads.
Waiting for actors to stop.
-- Thread wrapup() called.
Called wrapup()
Thread .top.Ramp is exiting.
-- Thread stopped.
Checking for deadlock:
There are 2 Blocked actors, 0 Stopped actors, and 3 active threads.
Waiting for actors to stop.
Read input token from inputA with value 8.0
Called prefire()
Called fire()
Past the end of training data. Read and discard all inputs.
Checking for deadlock:
There are 2 Blocked actors, 0 Stopped actors, and 3 active threads.
Waiting for actors to stop.
Sent output token with value 7.5
Next port to read input from is inputB
Called postfire()
Called prefire()
Called fire()
Checking for deadlock:
There are 1 Blocked actors, 0 Stopped actors, and 3 active threads.
Waiting for actors to stop.
Called postfire()
Called prefire()
Called fire()
Checking for deadlock:
There are 2 Blocked actors, 0 Stopped actors, and 3 active threads.
Waiting for actors to stop.
Read input token from inputB with value 9.0
Checking for deadlock:
There are 1 Blocked actors, 0 Stopped actors, and 3 active threads.
Waiting for actors to stop.
Called prefire()
Called fire()
Past the end of training data. Read and discard all inputs.
Checking for deadlock:
There are 2 Blocked actors, 0 Stopped actors, and 3 active threads.
Waiting for actors to stop.
Sent output token with value 8.0
Next port to read input from is inputA
Called postfire()
Called prefire()
Called fire()
Read input token from inputA with value 9.0
Called prefire()
Called fire()
Past the end of training data. Read and discard all inputs.
Checking for deadlock:
There are 1 Blocked actors, 0 Stopped actors, and 3 active threads.
Waiting for actors to stop.
Sent output token with value 9.0
Checking for deadlock:
There are 2 Blocked actors, 0 Stopped actors, and 3 active threads.
Waiting for actors to stop.
Next port to read input from is inputB
Called postfire()
Called prefire()
Called fire()
Checking for deadlock:
There are 1 Blocked actors, 0 Stopped actors, and 3 active threads.
Waiting for actors to stop.
Read input token from inputB with value 10.5
Called postfire()
Called prefire()
Called fire()
Called prefire()
Called fire()
Checking for deadlock:
Past the end of training data. Read and discard all inputs.
There are 1 Blocked actors, 0 Stopped actors, and 3 active threads.
Waiting for actors to stop.
Checking for deadlock:
Sent output token with value 9.0
There are 2 Blocked actors, 0 Stopped actors, and 3 active threads.
Waiting for actors to stop.
Next port to read input from is inputA
Called postfire()
Called prefire()
Called fire()
Checking for deadlock:
There are 3 Blocked actors, 0 Stopped actors, and 3 active threads.
Actors have stopped.
Checking for deadlock:
There are 3 Blocked actors, 0 Stopped actors, and 3 active threads.
Deadlock detected.
Resolving Deadlock
Checking for deadlock:
There are 3 Blocked actors, 0 Stopped actors, and 3 active threads.
Artificial Deadlock - increasing queue capacity.
increasing the capacity of receiver ptolemy.actor.TypedIOPort {.top.OrderedMerge.inputB} to 2
Director: Called postfire().
Called postfire().
_stopRequested = false
_stopFireRequested = false
Returning from postfire(): true
Called fire().
Checking for deadlock:
There are 2 Blocked actors, 0 Stopped actors, and 3 active threads.
Waiting for actors to stop.
-- Thread wrapup() called.
Called wrapup()
Thread .top.Ramp2 is exiting.
-- Thread stopped.
Checking for deadlock:
There are 2 Blocked actors, 0 Stopped actors, and 2 active threads.
Actors have stopped.
Checking for deadlock:
There are 2 Blocked actors, 0 Stopped actors, and 2 active threads.
Deadlock detected.
Resolving Deadlock
Checking for deadlock:
There are 2 Blocked actors, 0 Stopped actors, and 2 active threads.
Deadlock detected: no processes blocked on write, but some are blocked on read.
Called postfire().
_stopRequested = false
_stopFireRequested = false
Returning from postfire(): false
Finished deactivating branches.
Called wrapup().
-- Thread wrapup() called.
Called wrapup()
Thread .top.Test is exiting.
-- Thread stopped.
-- Blocked Receiver call threw TerminateProcessException.
-- Thread wrapup() called.
Called wrapup()
Thread .top.OrderedMerge is exiting.
-- Thread stopped.
-- Blocked Receiver call threw TerminateProcessException.
43 ms. Memory: 164864K Free: 130454K (79%)
/home/travis/build/icyphy/ptII/ptolemy/actor/lib/test/Publisher.tcl
7 ms. Memory: 164864K Free: 124310K (75%)
5 ms. Memory: 164864K Free: 119176K (72%)
3 ms. Memory: 164864K Free: 115080K (70%)
4 ms. Memory: 164864K Free: 114056K (69%)
3 ms. Memory: 164864K Free: 113560K (69%)
4 ms. Memory: 164864K Free: 112536K (68%)
3 ms. Memory: 164864K Free: 112022K (68%)
3 ms. Memory: 164864K Free: 110998K (67%)
29 ms. Memory: 164864K Free: 101272K (61%)
23 ms. Memory: 164864K Free: 145768K (88%)
5 ms. Memory: 164864K Free: 145258K (88%)
4 ms. Memory: 164864K Free: 143210K (87%)
8 ms. Memory: 164864K Free: 135528K (82%)
6 ms. Memory: 164864K Free: 125802K (76%)
7 ms. Memory: 164864K Free: 114538K (69%)
/home/travis/build/icyphy/ptII/ptolemy/actor/lib/test/Pulse.tcl
2 ms. Memory: 164864K Free: 144621K (88%)
1 ms. Memory: 164864K Free: 143613K (87%)
1 ms. Memory: 164864K Free: 143117K (87%)
2 ms. Memory: 164864K Free: 142603K (86%)
5 ms. Memory: 164864K Free: 142093K (86%)
6 ms. Memory: 164864K Free: 141069K (86%)
2 ms. Memory: 164864K Free: 140045K (85%)
2 ms. Memory: 164864K Free: 139531K (85%)
2 ms. Memory: 164864K Free: 138507K (84%)
/home/travis/build/icyphy/ptII/ptolemy/actor/lib/test/Ramp.tcl
4 ms. Memory: 164864K Free: 136445K (83%)
3 ms. Memory: 164864K Free: 135949K (82%)
2 ms. Memory: 164864K Free: 135421K (82%)
4 ms. Memory: 164864K Free: 134411K (82%)
12 ms. Memory: 164864K Free: 133387K (81%)
11 ms. Memory: 164864K Free: 132877K (81%)
20 ms. Memory: 164864K Free: 131853K (80%)
5 actors
6000 microseconds per iteration to create
11 ms. Memory: 164864K Free: 129285K (78%)
2 ms. Memory: 164864K Free: 128237K (78%)
2 ms. Memory: 164864K Free: 127757K (77%)
10 ms. Memory: 164864K Free: 127237K (77%)
50 actors
55000 microseconds per iteration to create
58 ms. Memory: 164864K Free: 111883K (68%)
6 ms. Memory: 164864K Free: 110859K (67%)
15 ms. Memory: 164864K Free: 109835K (67%)
15 ms. Memory: 164864K Free: 108811K (66%)
500 actors
1905000 microseconds per iteration to create
301 ms. Memory: 164864K Free: 102533K (62%)
44 ms. Memory: 164864K Free: 97427K (59%)
48 ms. Memory: 164864K Free: 91797K (56%)
40 ms. Memory: 164864K Free: 86677K (53%)
/home/travis/build/icyphy/ptII/ptolemy/actor/lib/test/RampContinuous.tcl
12 ms. Memory: 164864K Free: 85125K (52%)
/home/travis/build/icyphy/ptII/ptolemy/actor/lib/test/RecordAssembler.tcl
5 ms. Memory: 164864K Free: 83605K (51%)
3 ms. Memory: 164864K Free: 82581K (50%)
/home/travis/build/icyphy/ptII/ptolemy/actor/lib/test/RecordDisassembler.tcl
13 ms. Memory: 164864K Free: 81029K (49%)
3 ms. Memory: 164864K Free: 80533K (49%)
4 ms. Memory: 164864K Free: 78995K (48%)
/home/travis/build/icyphy/ptII/ptolemy/actor/lib/test/Scale.tcl
3 ms. Memory: 164864K Free: 77461K (47%)
2 ms. Memory: 164864K Free: 76437K (46%)
2 ms. Memory: 164864K Free: 75917K (46%)
3 ms. Memory: 164864K Free: 74885K (45%)
3 ms. Memory: 164864K Free: 73875K (45%)
/home/travis/build/icyphy/ptII/ptolemy/actor/lib/test/SequentialClock.tcl
preinitializing
resolving types
initializing
executing number 1
wrapping up
idle
11 ms. Memory: 164864K Free: 72821K (44%)
Completed execution with 5 iterations
preinitializing
resolving types
initializing
executing number 1
wrapping up
idle
1 ms. Memory: 164864K Free: 72341K (44%)
Completed execution with 5 iterations
preinitializing
resolving types
initializing
executing number 1
wrapping up
idle
1 ms. Memory: 164864K Free: 71813K (44%)
Completed execution with 5 iterations
/home/travis/build/icyphy/ptII/ptolemy/actor/lib/test/SetVariable.tcl
5 ms. Memory: 164864K Free: 69779K (42%)


==== $PTII/ptolemy/actor/lib/test/SetVariable.tcl: SetVariable-3.1 changeFailed
==== Contents of test case:

    #Uses 2.1 above
    jdkCaptureErr {
        # This test was failing if we ran Exit.tcl and then this test.
        # MessageHandler.error() now actually throws the Exception.
	catch {$setVariable changeFailed [java::null]  [java::new Exception {Test exception for SetVariable.changeFailed()}]} errMsg
    } results
    list [string range $results 0 89] "\n" $errMsg

==== Result was:
{java.lang.Exception: Test exception for SetVariable.changeFailed()
	at java.base/jdk.inter} {
} {java.lang.RuntimeException: java.lang.Exception: Test exception for SetVariable.changeFailed()}
---- Result should have been:
{Failed to set variable.
java.lang.Exception: Test exception for SetVariable.changeFailed()} {
} {java.lang.RuntimeException: java.lang.Exception: Test exception for SetVariable.changeFailed()}
---- SetVariable-3.1 FAILED
/home/travis/build/icyphy/ptII/ptolemy/actor/lib/test/Sinewave.tcl
/home/travis/build/icyphy/ptII/ptolemy/actor/lib/test/SubscriptionAggregator.tcl
5 ms. Memory: 164864K Free: 58005K (35%)
4 ms. Memory: 164864K Free: 57491K (35%)
2 ms. Memory: 164864K Free: 56981K (35%)
2 ms. Memory: 198656K Free: 175752K (88%)
2 ms. Memory: 198656K Free: 172170K (87%)
10 ms. Memory: 198656K Free: 170122K (86%)
...............................................................1222 ms. Memory: 308224K Free: 182741K (59%)
/home/travis/build/icyphy/ptII/ptolemy/actor/lib/test/Test.tcl
 The next command will produce a warning about training mode,
   which may be ignored.
12 ms. Memory: 308224K Free: 180695K (59%)
8 ms. Memory: 308224K Free: 180150K (58%)
8 ms. Memory: 308224K Free: 179671K (58%)
2 ms. Memory: 308224K Free: 178647K (58%)
15 ms. Memory: 308224K Free: 178133K (58%)
4 ms. Memory: 308224K Free: 177094K (57%)
3 ms. Memory: 308224K Free: 175575K (57%)
 The next command will produce a warning about training mode,
   which may be ignored.
5 ms. Memory: 308224K Free: 173527K (56%)
 The next command will produce a warning about training mode,
   which may be ignored.
3 ms. Memory: 308224K Free: 171982K (56%)
1 ms. Memory: 308224K Free: 171982K (56%)
1 ms. Memory: 308224K Free: 171479K (56%)
2 ms. Memory: 308224K Free: 170455K (55%)
7 ms. Memory: 308224K Free: 169926K (55%)
10 ms. Memory: 308224K Free: 165845K (54%)
/home/travis/build/icyphy/ptII/ptolemy/actor/lib/test/TestExceptionHandler.tcl
 The next command will produce a warning about training mode,
   which may be ignored.
3 ms. Memory: 308224K Free: 164806K (53%)
1 ms. Memory: 308224K Free: 164311K (53%)
1 ms. Memory: 308224K Free: 163766K (53%)
/home/travis/build/icyphy/ptII/ptolemy/actor/lib/test/UnionDisassembler.tcl
23 ms. Memory: 308224K Free: 156119K (51%)
/home/travis/build/icyphy/ptII/ptolemy/actor/lib/test/VariableClock.tcl
preinitializing
resolving types
initializing
executing number 1
wrapping up
idle
4 ms. Memory: 308224K Free: 154574K (50%)
Completed execution with 11 iterations
preinitializing
resolving types
initializing
executing number 1
wrapping up
idle
4 ms. Memory: 308224K Free: 153047K (50%)
Completed execution with 10 iterations
07/20/19 10:46:46
Failed: 1  Total Tests: 234  ((Passed: 233, Newly Passed: 0)  Known Failed: 0) /home/travis/build/icyphy/ptII/ptolemy/actor/lib/test
----------------- testing (KnownFailure) /home/travis/build/icyphy/ptII/ptolemy/actor/lib/test/auto/knownFailedTests/PublisherPortToplevelSubscriber.xml
1 ms. Memory: 308224K Free: 149461K (48%)
Known Failure: java.lang.reflect.InvocationTargetException
----------------- testing (KnownFailure) /home/travis/build/icyphy/ptII/ptolemy/actor/lib/test/auto/knownFailedTests/PublisherSubscriberPortToplevel.xml
8 ms. Memory: 308224K Free: 145365K (47%)
Known Failure: java.lang.reflect.InvocationTargetException
----------------- testing (KnownFailure) /home/travis/build/icyphy/ptII/ptolemy/actor/lib/test/auto/knownFailedTests/PublisherSubscriptionAggregatorPort.xml
0 ms. Memory: 308224K Free: 141238K (46%)
Known Failure: java.lang.reflect.InvocationTargetException
----------------- testing (KnownFailure) /home/travis/build/icyphy/ptII/ptolemy/actor/lib/test/auto/knownFailedTests/sizedarray3.xml
3 ms. Memory: 308224K Free: 136663K (44%)
Known Failure: java.lang.reflect.InvocationTargetException
No auto/linux-amd64/*.xml tests in /home/travis/build/icyphy/ptII/ptolemy/actor/lib/test
AutoTests.java: About to close Vertx.
AutoTests.java: Vertx closed.

===========================================================================================
----------------- testing Sat Jul 20 22:46:46 UTC 2019 /home/travis/build/icyphy/ptII/ptolemy/actor/lib/test/auto/AbsoluteValue.xml
----------------- Instantiating /home/travis/build/icyphy/ptII/ptolemy/actor/lib/test/auto/AbsoluteValue.xml
6 ms. Memory: 308224K Free: 244693K (79%)
----------------- Invoking toplevel() on ptolemy.moml.MoMLSimpleApplication@4e723213
----------------- Done invoking toplevel() on ptolemy.moml.MoMLSimpleApplication@4e723213
reloadAllAccessors: .AbsoluteValue

===========================================================================================
----------------- testing Sat Jul 20 22:46:46 UTC 2019 /home/travis/build/icyphy/ptII/ptolemy/actor/lib/test/auto/AbsoluteValue2.xml
----------------- Instantiating /home/travis/build/icyphy/ptII/ptolemy/actor/lib/test/auto/AbsoluteValue2.xml
4 ms. Memory: 308224K Free: 237525K (77%)
----------------- Invoking toplevel() on ptolemy.moml.MoMLSimpleApplication@69877168
----------------- Done invoking toplevel() on ptolemy.moml.MoMLSimpleApplication@69877168
reloadAllAccessors: .AbsoluteValue2

===========================================================================================
----------------- testing Sat Jul 20 22:46:46 UTC 2019 /home/travis/build/icyphy/ptII/ptolemy/actor/lib/test/auto/Accumulator.xml
----------------- Instantiating /home/travis/build/icyphy/ptII/ptolemy/actor/lib/test/auto/Accumulator.xml
22 ms. Memory: 308224K Free: 231381K (75%)
----------------- Invoking toplevel() on ptolemy.moml.MoMLSimpleApplication@3b589c88
----------------- Done invoking toplevel() on ptolemy.moml.MoMLSimpleApplication@3b589c88
reloadAllAccessors: .Accumulator

===========================================================================================
----------------- testing Sat Jul 20 22:46:46 UTC 2019 /home/travis/build/icyphy/ptII/ptolemy/actor/lib/test/auto/Accumulator2.xml
----------------- Instantiating /home/travis/build/icyphy/ptII/ptolemy/actor/lib/test/auto/Accumulator2.xml
3 ms. Memory: 308224K Free: 225751K (73%)
----------------- Invoking toplevel() on ptolemy.moml.MoMLSimpleApplication@6b55216
----------------- Done invoking toplevel() on ptolemy.moml.MoMLSimpleApplication@6b55216
reloadAllAccessors: .Accumulator2

===========================================================================================
----------------- testing Sat Jul 20 22:46:46 UTC 2019 /home/travis/build/icyphy/ptII/ptolemy/actor/lib/test/auto/Accumulator3.xml
----------------- Instantiating /home/travis/build/icyphy/ptII/ptolemy/actor/lib/test/auto/Accumulator3.xml
3 ms. Memory: 308224K Free: 221655K (72%)
----------------- Invoking toplevel() on ptolemy.moml.MoMLSimpleApplication@877a4c2
----------------- Done invoking toplevel() on ptolemy.moml.MoMLSimpleApplication@877a4c2
reloadAllAccessors: .Accumulator3

===========================================================================================
----------------- testing Sat Jul 20 22:46:47 UTC 2019 /home/travis/build/icyphy/ptII/ptolemy/actor/lib/test/auto/ArrayAppend.xml
----------------- Instantiating /home/travis/build/icyphy/ptII/ptolemy/actor/lib/test/auto/ArrayAppend.xml
17 ms. Memory: 308224K Free: 215511K (70%)
----------------- Invoking toplevel() on ptolemy.moml.MoMLSimpleApplication@76f4ab3a
----------------- Done invoking toplevel() on ptolemy.moml.MoMLSimpleApplication@76f4ab3a
reloadAllAccessors: .ArrayAppend

===========================================================================================
----------------- testing Sat Jul 20 22:46:47 UTC 2019 /home/travis/build/icyphy/ptII/ptolemy/actor/lib/test/auto/ArrayAppend2.xml
----------------- Instantiating /home/travis/build/icyphy/ptII/ptolemy/actor/lib/test/auto/ArrayAppend2.xml
301 ms. Memory: 308224K Free: 152533K (49%)
----------------- Invoking toplevel() on ptolemy.moml.MoMLSimpleApplication@2efd20f1
----------------- Done invoking toplevel() on ptolemy.moml.MoMLSimpleApplication@2efd20f1
reloadAllAccessors: .ArrayAppend2

===========================================================================================
----------------- testing Sat Jul 20 22:46:47 UTC 2019 /home/travis/build/icyphy/ptII/ptolemy/actor/lib/test/auto/ArrayAppend3.xml
----------------- Instantiating /home/travis/build/icyphy/ptII/ptolemy/actor/lib/test/auto/ArrayAppend3.xml
9 ms. Memory: 308224K Free: 147413K (48%)
----------------- Invoking toplevel() on ptolemy.moml.MoMLSimpleApplication@ff4a600
----------------- Done invoking toplevel() on ptolemy.moml.MoMLSimpleApplication@ff4a600
reloadAllAccessors: .ArrayAppend3

===========================================================================================
----------------- testing Sat Jul 20 22:46:47 UTC 2019 /home/travis/build/icyphy/ptII/ptolemy/actor/lib/test/auto/ArrayAppend4.xml
----------------- Instantiating /home/travis/build/icyphy/ptII/ptolemy/actor/lib/test/auto/ArrayAppend4.xml
2 ms. Memory: 308224K Free: 141783K (46%)
----------------- Invoking toplevel() on ptolemy.moml.MoMLSimpleApplication@255e51a4
----------------- Done invoking toplevel() on ptolemy.moml.MoMLSimpleApplication@255e51a4
reloadAllAccessors: .ArrayAppend4

===========================================================================================
----------------- testing Sat Jul 20 22:46:47 UTC 2019 /home/travis/build/icyphy/ptII/ptolemy/actor/lib/test/auto/ArrayAppend5.xml
----------------- Instantiating /home/travis/build/icyphy/ptII/ptolemy/actor/lib/test/auto/ArrayAppend5.xml
4 ms. Memory: 308224K Free: 136663K (44%)
----------------- Invoking toplevel() on ptolemy.moml.MoMLSimpleApplication@5ff6eb2c
----------------- Done invoking toplevel() on ptolemy.moml.MoMLSimpleApplication@5ff6eb2c
reloadAllAccessors: .ArrayAppend5

===========================================================================================
----------------- testing Sat Jul 20 22:46:47 UTC 2019 /home/travis/build/icyphy/ptII/ptolemy/actor/lib/test/auto/ArrayAppend6.xml
----------------- Instantiating /home/travis/build/icyphy/ptII/ptolemy/actor/lib/test/auto/ArrayAppend6.xml
2 ms. Memory: 308224K Free: 131029K (43%)
----------------- Invoking toplevel() on ptolemy.moml.MoMLSimpleApplication@492575f1
----------------- Done invoking toplevel() on ptolemy.moml.MoMLSimpleApplication@492575f1
reloadAllAccessors: .ArrayAppend6

===========================================================================================
----------------- testing Sat Jul 20 22:46:47 UTC 2019 /home/travis/build/icyphy/ptII/ptolemy/actor/lib/test/auto/ArrayAppendPerformanceTest.xml
----------------- Instantiating /home/travis/build/icyphy/ptII/ptolemy/actor/lib/test/auto/ArrayAppendPerformanceTest.xml
28 ms. Memory: 308224K Free: 120789K (39%)
----------------- Invoking toplevel() on ptolemy.moml.MoMLSimpleApplication@2701ab35
----------------- Done invoking toplevel() on ptolemy.moml.MoMLSimpleApplication@2701ab35
reloadAllAccessors: .ArrayAppendPerformanceTest

===========================================================================================
----------------- testing Sat Jul 20 22:46:47 UTC 2019 /home/travis/build/icyphy/ptII/ptolemy/actor/lib/test/auto/ArrayAppendWithEmptyInput.xml
----------------- Instantiating /home/travis/build/icyphy/ptII/ptolemy/actor/lib/test/auto/ArrayAppendWithEmptyInput.xml
11 ms. Memory: 308224K Free: 113111K (37%)
----------------- Invoking toplevel() on ptolemy.moml.MoMLSimpleApplication@25cc52e0
----------------- Done invoking toplevel() on ptolemy.moml.MoMLSimpleApplication@25cc52e0
reloadAllAccessors: .ArrayAppendWithEmptyInput

===========================================================================================
----------------- testing Sat Jul 20 22:46:47 UTC 2019 /home/travis/build/icyphy/ptII/ptolemy/actor/lib/test/auto/ArrayAverage.xml
----------------- Instantiating /home/travis/build/icyphy/ptII/ptolemy/actor/lib/test/auto/ArrayAverage.xml
6 ms. Memory: 308224K Free: 104919K (34%)
----------------- Invoking toplevel() on ptolemy.moml.MoMLSimpleApplication@1f5e969a
----------------- Done invoking toplevel() on ptolemy.moml.MoMLSimpleApplication@1f5e969a
reloadAllAccessors: .ArrayAverage

===========================================================================================
----------------- testing Sat Jul 20 22:46:47 UTC 2019 /home/travis/build/icyphy/ptII/ptolemy/actor/lib/test/auto/ArrayContains.xml
----------------- Instantiating /home/travis/build/icyphy/ptII/ptolemy/actor/lib/test/auto/ArrayContains.xml
7 ms. Memory: 308224K Free: 99285K (32%)
----------------- Invoking toplevel() on ptolemy.moml.MoMLSimpleApplication@148dc68e
----------------- Done invoking toplevel() on ptolemy.moml.MoMLSimpleApplication@148dc68e
reloadAllAccessors: .ArrayContains

===========================================================================================
----------------- testing Sat Jul 20 22:46:47 UTC 2019 /home/travis/build/icyphy/ptII/ptolemy/actor/lib/test/auto/ArrayElement.xml
----------------- Instantiating /home/travis/build/icyphy/ptII/ptolemy/actor/lib/test/auto/ArrayElement.xml
9 ms. Memory: 308224K Free: 257425K (84%)
----------------- Invoking toplevel() on ptolemy.moml.MoMLSimpleApplication@6d5ed64c
----------------- Done invoking toplevel() on ptolemy.moml.MoMLSimpleApplication@6d5ed64c
reloadAllAccessors: .ArrayElement

===========================================================================================
----------------- testing Sat Jul 20 22:46:47 UTC 2019 /home/travis/build/icyphy/ptII/ptolemy/actor/lib/test/auto/ArrayElementAsMatrix.xml
----------------- Instantiating /home/travis/build/icyphy/ptII/ptolemy/actor/lib/test/auto/ArrayElementAsMatrix.xml
18 ms. Memory: 308224K Free: 247185K (80%)
----------------- Invoking toplevel() on ptolemy.moml.MoMLSimpleApplication@71a732c7
----------------- Done invoking toplevel() on ptolemy.moml.MoMLSimpleApplication@71a732c7
reloadAllAccessors: .ArrayElementAsMatrix

===========================================================================================
----------------- testing Sat Jul 20 22:46:47 UTC 2019 /home/travis/build/icyphy/ptII/ptolemy/actor/lib/test/auto/ArrayElementI.xml
----------------- Instantiating /home/travis/build/icyphy/ptII/ptolemy/actor/lib/test/auto/ArrayElementI.xml
7 ms. Memory: 308224K Free: 242058K (79%)
----------------- Invoking toplevel() on ptolemy.moml.MoMLSimpleApplication@90beae1
----------------- Done invoking toplevel() on ptolemy.moml.MoMLSimpleApplication@90beae1
reloadAllAccessors: .ArrayElementI

===========================================================================================
----------------- testing Sat Jul 20 22:46:47 UTC 2019 /home/travis/build/icyphy/ptII/ptolemy/actor/lib/test/auto/ArrayExtract.xml
----------------- Instantiating /home/travis/build/icyphy/ptII/ptolemy/actor/lib/test/auto/ArrayExtract.xml
14 ms. Memory: 308224K Free: 233363K (76%)
----------------- Invoking toplevel() on ptolemy.moml.MoMLSimpleApplication@3a2b1e15
----------------- Done invoking toplevel() on ptolemy.moml.MoMLSimpleApplication@3a2b1e15
reloadAllAccessors: .ArrayExtract

===========================================================================================
----------------- testing Sat Jul 20 22:46:48 UTC 2019 /home/travis/build/icyphy/ptII/ptolemy/actor/lib/test/auto/ArrayExtract2.xml
----------------- Instantiating /home/travis/build/icyphy/ptII/ptolemy/actor/lib/test/auto/ArrayExtract2.xml
3 ms. Memory: 308224K Free: 228243K (74%)
----------------- Invoking toplevel() on ptolemy.moml.MoMLSimpleApplication@7a7b597e
----------------- Done invoking toplevel() on ptolemy.moml.MoMLSimpleApplication@7a7b597e
reloadAllAccessors: .ArrayExtract2

===========================================================================================
----------------- testing Sat Jul 20 22:46:48 UTC 2019 /home/travis/build/icyphy/ptII/ptolemy/actor/lib/test/auto/ArrayLength.xml
----------------- Instantiating /home/travis/build/icyphy/ptII/ptolemy/actor/lib/test/auto/ArrayLength.xml
4 ms. Memory: 308224K Free: 224147K (73%)
----------------- Invoking toplevel() on ptolemy.moml.MoMLSimpleApplication@690b8e3c
----------------- Done invoking toplevel() on ptolemy.moml.MoMLSimpleApplication@690b8e3c
reloadAllAccessors: .ArrayLength

===========================================================================================
----------------- testing Sat Jul 20 22:46:48 UTC 2019 /home/travis/build/icyphy/ptII/ptolemy/actor/lib/test/auto/ArrayLevelCrossing.xml
----------------- Instantiating /home/travis/build/icyphy/ptII/ptolemy/actor/lib/test/auto/ArrayLevelCrossing.xml
5 ms. Memory: 308224K Free: 216465K (70%)
----------------- Invoking toplevel() on ptolemy.moml.MoMLSimpleApplication@94e0e00
----------------- Done invoking toplevel() on ptolemy.moml.MoMLSimpleApplication@94e0e00
reloadAllAccessors: .ArrayLevelCrossing

===========================================================================================
----------------- testing Sat Jul 20 22:46:48 UTC 2019 /home/travis/build/icyphy/ptII/ptolemy/actor/lib/test/auto/ArrayLevelCrossing2.xml
----------------- Instantiating /home/travis/build/icyphy/ptII/ptolemy/actor/lib/test/auto/ArrayLevelCrossing2.xml
3 ms. Memory: 308224K Free: 208787K (68%)
----------------- Invoking toplevel() on ptolemy.moml.MoMLSimpleApplication@307f7290
----------------- Done invoking toplevel() on ptolemy.moml.MoMLSimpleApplication@307f7290
reloadAllAccessors: .ArrayLevelCrossing2

===========================================================================================
----------------- testing Sat Jul 20 22:46:48 UTC 2019 /home/travis/build/icyphy/ptII/ptolemy/actor/lib/test/auto/ArrayPeakSearch.xml
----------------- Instantiating /home/travis/build/icyphy/ptII/ptolemy/actor/lib/test/auto/ArrayPeakSearch.xml
7 ms. Memory: 308224K Free: 200081K (65%)
----------------- Invoking toplevel() on ptolemy.moml.MoMLSimpleApplication@7be8b9b3
----------------- Done invoking toplevel() on ptolemy.moml.MoMLSimpleApplication@7be8b9b3
reloadAllAccessors: .ArrayPeakSearch

===========================================================================================
----------------- testing Sat Jul 20 22:46:48 UTC 2019 /home/travis/build/icyphy/ptII/ptolemy/actor/lib/test/auto/ArrayPeakSearch2.xml
----------------- Instantiating /home/travis/build/icyphy/ptII/ptolemy/actor/lib/test/auto/ArrayPeakSearch2.xml
4 ms. Memory: 308224K Free: 189331K (61%)
----------------- Invoking toplevel() on ptolemy.moml.MoMLSimpleApplication@503f4701
----------------- Done invoking toplevel() on ptolemy.moml.MoMLSimpleApplication@503f4701
reloadAllAccessors: .ArrayPeakSearch2

===========================================================================================
----------------- testing Sat Jul 20 22:46:48 UTC 2019 /home/travis/build/icyphy/ptII/ptolemy/actor/lib/test/auto/ArrayPeakSearch3.xml
----------------- Instantiating /home/travis/build/icyphy/ptII/ptolemy/actor/lib/test/auto/ArrayPeakSearch3.xml
8 ms. Memory: 308224K Free: 180625K (59%)
----------------- Invoking toplevel() on ptolemy.moml.MoMLSimpleApplication@5b6096d9
----------------- Done invoking toplevel() on ptolemy.moml.MoMLSimpleApplication@5b6096d9
reloadAllAccessors: .ArrayPeakSearch3

===========================================================================================
----------------- testing Sat Jul 20 22:46:48 UTC 2019 /home/travis/build/icyphy/ptII/ptolemy/actor/lib/test/auto/ArrayRemoveElement.xml
----------------- Instantiating /home/travis/build/icyphy/ptII/ptolemy/actor/lib/test/auto/ArrayRemoveElement.xml
3 ms. Memory: 308224K Free: 172433K (56%)
----------------- Invoking toplevel() on ptolemy.moml.MoMLSimpleApplication@603b8649
----------------- Done invoking toplevel() on ptolemy.moml.MoMLSimpleApplication@603b8649
reloadAllAccessors: .ArrayRemoveElement

===========================================================================================
----------------- testing Sat Jul 20 22:46:48 UTC 2019 /home/travis/build/icyphy/ptII/ptolemy/actor/lib/test/auto/ArraySort.xml
----------------- Instantiating /home/travis/build/icyphy/ptII/ptolemy/actor/lib/test/auto/ArraySort.xml
8 ms. Memory: 308224K Free: 163731K (53%)
----------------- Invoking toplevel() on ptolemy.moml.MoMLSimpleApplication@77309b87
----------------- Done invoking toplevel() on ptolemy.moml.MoMLSimpleApplication@77309b87
reloadAllAccessors: .ArraySort

===========================================================================================
----------------- testing Sat Jul 20 22:46:48 UTC 2019 /home/travis/build/icyphy/ptII/ptolemy/actor/lib/test/auto/ArraySum.xml
----------------- Instantiating /home/travis/build/icyphy/ptII/ptolemy/actor/lib/test/auto/ArraySum.xml
10 ms. Memory: 308224K Free: 158097K (51%)
----------------- Invoking toplevel() on ptolemy.moml.MoMLSimpleApplication@7c77be35
----------------- Done invoking toplevel() on ptolemy.moml.MoMLSimpleApplication@7c77be35
reloadAllAccessors: .ArraySum

===========================================================================================
----------------- testing Sat Jul 20 22:46:48 UTC 2019 /home/travis/build/icyphy/ptII/ptolemy/actor/lib/test/auto/ArrayToElements.xml
----------------- Instantiating /home/travis/build/icyphy/ptII/ptolemy/actor/lib/test/auto/ArrayToElements.xml
10 ms. Memory: 308224K Free: 152977K (50%)
----------------- Invoking toplevel() on ptolemy.moml.MoMLSimpleApplication@6cbcedc7
----------------- Done invoking toplevel() on ptolemy.moml.MoMLSimpleApplication@6cbcedc7
reloadAllAccessors: .ArrayToElements

===========================================================================================
----------------- testing Sat Jul 20 22:46:48 UTC 2019 /home/travis/build/icyphy/ptII/ptolemy/actor/lib/test/auto/ArrayToMatrix.xml
----------------- Instantiating /home/travis/build/icyphy/ptII/ptolemy/actor/lib/test/auto/ArrayToMatrix.xml
23 ms. Memory: 308224K Free: 138641K (45%)
----------------- Invoking toplevel() on ptolemy.moml.MoMLSimpleApplication@353e61db
----------------- Done invoking toplevel() on ptolemy.moml.MoMLSimpleApplication@353e61db
reloadAllAccessors: .ArrayToMatrix

===========================================================================================
----------------- testing Sat Jul 20 22:46:48 UTC 2019 /home/travis/build/icyphy/ptII/ptolemy/actor/lib/test/auto/ArrayUpdate1.xml
----------------- Instantiating /home/travis/build/icyphy/ptII/ptolemy/actor/lib/test/auto/ArrayUpdate1.xml
5 ms. Memory: 308224K Free: 134035K (43%)
----------------- Invoking toplevel() on ptolemy.moml.MoMLSimpleApplication@4615532d
----------------- Done invoking toplevel() on ptolemy.moml.MoMLSimpleApplication@4615532d
reloadAllAccessors: .ArrayUpdate1

===========================================================================================
----------------- testing Sat Jul 20 22:46:48 UTC 2019 /home/travis/build/icyphy/ptII/ptolemy/actor/lib/test/auto/ArrayUpdate2.xml
----------------- Instantiating /home/travis/build/icyphy/ptII/ptolemy/actor/lib/test/auto/ArrayUpdate2.xml
6 ms. Memory: 308224K Free: 127377K (41%)
----------------- Invoking toplevel() on ptolemy.moml.MoMLSimpleApplication@40844426
----------------- Done invoking toplevel() on ptolemy.moml.MoMLSimpleApplication@40844426
reloadAllAccessors: .ArrayUpdate2

===========================================================================================
----------------- testing Sat Jul 20 22:46:48 UTC 2019 /home/travis/build/icyphy/ptII/ptolemy/actor/lib/test/auto/ArrayUpdate3.xml
----------------- Instantiating /home/travis/build/icyphy/ptII/ptolemy/actor/lib/test/auto/ArrayUpdate3.xml
9 ms. Memory: 308224K Free: 122771K (40%)
----------------- Invoking toplevel() on ptolemy.moml.MoMLSimpleApplication@311285cc
----------------- Done invoking toplevel() on ptolemy.moml.MoMLSimpleApplication@311285cc
reloadAllAccessors: .ArrayUpdate3

===========================================================================================
----------------- testing Sat Jul 20 22:46:48 UTC 2019 /home/travis/build/icyphy/ptII/ptolemy/actor/lib/test/auto/Assert1.xml
----------------- Instantiating /home/travis/build/icyphy/ptII/ptolemy/actor/lib/test/auto/Assert1.xml
3 ms. Memory: 308224K Free: 118161K (38%)
----------------- Invoking toplevel() on ptolemy.moml.MoMLSimpleApplication@38c3f680
----------------- Done invoking toplevel() on ptolemy.moml.MoMLSimpleApplication@38c3f680
reloadAllAccessors: .Assert1

===========================================================================================
----------------- testing Sat Jul 20 22:46:48 UTC 2019 /home/travis/build/icyphy/ptII/ptolemy/actor/lib/test/auto/Assert2.xml
----------------- Instantiating /home/travis/build/icyphy/ptII/ptolemy/actor/lib/test/auto/Assert2.xml
2 ms. Memory: 308224K Free: 114050K (37%)
----------------- Invoking toplevel() on ptolemy.moml.MoMLSimpleApplication@30955d93
----------------- Done invoking toplevel() on ptolemy.moml.MoMLSimpleApplication@30955d93
reloadAllAccessors: .Assert2

===========================================================================================
----------------- testing Sat Jul 20 22:46:48 UTC 2019 /home/travis/build/icyphy/ptII/ptolemy/actor/lib/test/auto/BooleanMultiplexor.xml
----------------- Instantiating /home/travis/build/icyphy/ptII/ptolemy/actor/lib/test/auto/BooleanMultiplexor.xml
3 ms. Memory: 308224K Free: 107890K (35%)
----------------- Invoking toplevel() on ptolemy.moml.MoMLSimpleApplication@569b9850
----------------- Done invoking toplevel() on ptolemy.moml.MoMLSimpleApplication@569b9850
reloadAllAccessors: .BooleanMultiplexor

===========================================================================================
----------------- testing Sat Jul 20 22:46:48 UTC 2019 /home/travis/build/icyphy/ptII/ptolemy/actor/lib/test/auto/BooleanMultiplexor2.xml
----------------- Instantiating /home/travis/build/icyphy/ptII/ptolemy/actor/lib/test/auto/BooleanMultiplexor2.xml
10 ms. Memory: 308224K Free: 101777K (33%)
----------------- Invoking toplevel() on ptolemy.moml.MoMLSimpleApplication@4f9a2699
----------------- Done invoking toplevel() on ptolemy.moml.MoMLSimpleApplication@4f9a2699
reloadAllAccessors: .BooleanMultiplexor2

===========================================================================================
----------------- testing Sat Jul 20 22:46:48 UTC 2019 /home/travis/build/icyphy/ptII/ptolemy/actor/lib/test/auto/BooleanMultiplexor3.xml
----------------- Instantiating /home/travis/build/icyphy/ptII/ptolemy/actor/lib/test/auto/BooleanMultiplexor3.xml
5 ms. Memory: 308224K Free: 97681K (32%)
----------------- Invoking toplevel() on ptolemy.moml.MoMLSimpleApplication@f648949
----------------- Done invoking toplevel() on ptolemy.moml.MoMLSimpleApplication@f648949
reloadAllAccessors: .BooleanMultiplexor3

===========================================================================================
----------------- testing Sat Jul 20 22:46:48 UTC 2019 /home/travis/build/icyphy/ptII/ptolemy/actor/lib/test/auto/BooleanSelect.xml
----------------- Instantiating /home/travis/build/icyphy/ptII/ptolemy/actor/lib/test/auto/BooleanSelect.xml
8 ms. Memory: 308224K Free: 92051K (30%)
----------------- Invoking toplevel() on ptolemy.moml.MoMLSimpleApplication@466b1d11
----------------- Done invoking toplevel() on ptolemy.moml.MoMLSimpleApplication@466b1d11
reloadAllAccessors: .BooleanSelect

===========================================================================================
----------------- testing Sat Jul 20 22:46:48 UTC 2019 /home/travis/build/icyphy/ptII/ptolemy/actor/lib/test/auto/BooleanSelect2.xml
----------------- Instantiating /home/travis/build/icyphy/ptII/ptolemy/actor/lib/test/auto/BooleanSelect2.xml
1 ms. Memory: 308224K Free: 87441K (28%)
----------------- Invoking toplevel() on ptolemy.moml.MoMLSimpleApplication@5d9c1166
----------------- Done invoking toplevel() on ptolemy.moml.MoMLSimpleApplication@5d9c1166
reloadAllAccessors: .BooleanSelect2

===========================================================================================
----------------- testing Sat Jul 20 22:46:48 UTC 2019 /home/travis/build/icyphy/ptII/ptolemy/actor/lib/test/auto/BooleanSwitch.xml
----------------- Instantiating /home/travis/build/icyphy/ptII/ptolemy/actor/lib/test/auto/BooleanSwitch.xml
13 ms. Memory: 308224K Free: 255907K (83%)
----------------- Invoking toplevel() on ptolemy.moml.MoMLSimpleApplication@bdf28f1
----------------- Done invoking toplevel() on ptolemy.moml.MoMLSimpleApplication@bdf28f1
reloadAllAccessors: .BooleanSwitch

===========================================================================================
----------------- testing Sat Jul 20 22:46:48 UTC 2019 /home/travis/build/icyphy/ptII/ptolemy/actor/lib/test/auto/BooleanSwitch2.xml
----------------- Instantiating /home/travis/build/icyphy/ptII/ptolemy/actor/lib/test/auto/BooleanSwitch2.xml
2 ms. Memory: 308224K Free: 251304K (82%)
----------------- Invoking toplevel() on ptolemy.moml.MoMLSimpleApplication@25d2a018
----------------- Done invoking toplevel() on ptolemy.moml.MoMLSimpleApplication@25d2a018
reloadAllAccessors: .BooleanSwitch2

===========================================================================================
----------------- testing Sat Jul 20 22:46:48 UTC 2019 /home/travis/build/icyphy/ptII/ptolemy/actor/lib/test/auto/BooleanSwitchCloningBugWithClassRelationGroup.xml
----------------- Instantiating /home/travis/build/icyphy/ptII/ptolemy/actor/lib/test/auto/BooleanSwitchCloningBugWithClassRelationGroup.xml
3 ms. Memory: 308224K Free: 245160K (80%)
----------------- Invoking toplevel() on ptolemy.moml.MoMLSimpleApplication@30c19c55
----------------- Done invoking toplevel() on ptolemy.moml.MoMLSimpleApplication@30c19c55
reloadAllAccessors: .BooleanSwitchCloningBugWithClassRelationGroup

===========================================================================================
----------------- testing Sat Jul 20 22:46:48 UTC 2019 /home/travis/build/icyphy/ptII/ptolemy/actor/lib/test/auto/BusActors.xml
----------------- Instantiating /home/travis/build/icyphy/ptII/ptolemy/actor/lib/test/auto/BusActors.xml
4 ms. Memory: 308224K Free: 236968K (77%)
----------------- Invoking toplevel() on ptolemy.moml.MoMLSimpleApplication@2bca53ff
----------------- Done invoking toplevel() on ptolemy.moml.MoMLSimpleApplication@2bca53ff
reloadAllAccessors: .BusActors

===========================================================================================
----------------- testing Sat Jul 20 22:46:48 UTC 2019 /home/travis/build/icyphy/ptII/ptolemy/actor/lib/test/auto/ClassWrapper.xml
----------------- Instantiating /home/travis/build/icyphy/ptII/ptolemy/actor/lib/test/auto/ClassWrapper.xml
4 ms. Memory: 308224K Free: 232872K (76%)
----------------- Invoking toplevel() on ptolemy.moml.MoMLSimpleApplication@447aac82
----------------- Done invoking toplevel() on ptolemy.moml.MoMLSimpleApplication@447aac82
reloadAllAccessors: .ClassWrapper

===========================================================================================
----------------- testing Sat Jul 20 22:46:49 UTC 2019 /home/travis/build/icyphy/ptII/ptolemy/actor/lib/test/auto/Clock.xml
----------------- Instantiating /home/travis/build/icyphy/ptII/ptolemy/actor/lib/test/auto/Clock.xml
4 ms. Memory: 308224K Free: 228776K (74%)
----------------- Invoking toplevel() on ptolemy.moml.MoMLSimpleApplication@7be7d8bb
----------------- Done invoking toplevel() on ptolemy.moml.MoMLSimpleApplication@7be7d8bb
reloadAllAccessors: .Clock

===========================================================================================
----------------- testing Sat Jul 20 22:46:49 UTC 2019 /home/travis/build/icyphy/ptII/ptolemy/actor/lib/test/auto/Clock10.xml
----------------- Instantiating /home/travis/build/icyphy/ptII/ptolemy/actor/lib/test/auto/Clock10.xml
5 ms. Memory: 308224K Free: 222632K (72%)
----------------- Invoking toplevel() on ptolemy.moml.MoMLSimpleApplication@37da1f2c
----------------- Done invoking toplevel() on ptolemy.moml.MoMLSimpleApplication@37da1f2c
reloadAllAccessors: .Clock10

===========================================================================================
----------------- testing Sat Jul 20 22:46:49 UTC 2019 /home/travis/build/icyphy/ptII/ptolemy/actor/lib/test/auto/Clock11.xml
----------------- Instantiating /home/travis/build/icyphy/ptII/ptolemy/actor/lib/test/auto/Clock11.xml
5 ms. Memory: 308224K Free: 216998K (70%)
----------------- Invoking toplevel() on ptolemy.moml.MoMLSimpleApplication@3031ed70
----------------- Done invoking toplevel() on ptolemy.moml.MoMLSimpleApplication@3031ed70
reloadAllAccessors: .Clock11

===========================================================================================
----------------- testing Sat Jul 20 22:46:49 UTC 2019 /home/travis/build/icyphy/ptII/ptolemy/actor/lib/test/auto/Clock12.xml
----------------- Instantiating /home/travis/build/icyphy/ptII/ptolemy/actor/lib/test/auto/Clock12.xml
5 ms. Memory: 308224K Free: 210344K (68%)
----------------- Invoking toplevel() on ptolemy.moml.MoMLSimpleApplication@5d33c5ce
----------------- Done invoking toplevel() on ptolemy.moml.MoMLSimpleApplication@5d33c5ce
reloadAllAccessors: .Clock12

===========================================================================================
----------------- testing Sat Jul 20 22:46:49 UTC 2019 /home/travis/build/icyphy/ptII/ptolemy/actor/lib/test/auto/Clock13.xml
----------------- Instantiating /home/travis/build/icyphy/ptII/ptolemy/actor/lib/test/auto/Clock13.xml
3 ms. Memory: 308224K Free: 204704K (66%)
----------------- Invoking toplevel() on ptolemy.moml.MoMLSimpleApplication@75b1e64
----------------- Done invoking toplevel() on ptolemy.moml.MoMLSimpleApplication@75b1e64
reloadAllAccessors: .Clock13

===========================================================================================
----------------- testing Sat Jul 20 22:46:49 UTC 2019 /home/travis/build/icyphy/ptII/ptolemy/actor/lib/test/auto/Clock14.xml
----------------- Instantiating /home/travis/build/icyphy/ptII/ptolemy/actor/lib/test/auto/Clock14.xml
3 ms. Memory: 308224K Free: 198560K (64%)
----------------- Invoking toplevel() on ptolemy.moml.MoMLSimpleApplication@800a210
----------------- Done invoking toplevel() on ptolemy.moml.MoMLSimpleApplication@800a210
reloadAllAccessors: .Clock14

===========================================================================================
----------------- testing Sat Jul 20 22:46:49 UTC 2019 /home/travis/build/icyphy/ptII/ptolemy/actor/lib/test/auto/Clock15.xml
----------------- Instantiating /home/travis/build/icyphy/ptII/ptolemy/actor/lib/test/auto/Clock15.xml
3 ms. Memory: 308224K Free: 192936K (63%)
----------------- Invoking toplevel() on ptolemy.moml.MoMLSimpleApplication@6fea29f
----------------- Done invoking toplevel() on ptolemy.moml.MoMLSimpleApplication@6fea29f
reloadAllAccessors: .Clock15

===========================================================================================
----------------- testing Sat Jul 20 22:46:49 UTC 2019 /home/travis/build/icyphy/ptII/ptolemy/actor/lib/test/auto/Clock16.xml
----------------- Instantiating /home/travis/build/icyphy/ptII/ptolemy/actor/lib/test/auto/Clock16.xml
47 ms. Memory: 308224K Free: 178072K (58%)
----------------- Invoking toplevel() on ptolemy.moml.MoMLSimpleApplication@6234b29b
----------------- Done invoking toplevel() on ptolemy.moml.MoMLSimpleApplication@6234b29b
reloadAllAccessors: .Clock16

===========================================================================================
----------------- testing Sat Jul 20 22:46:49 UTC 2019 /home/travis/build/icyphy/ptII/ptolemy/actor/lib/test/auto/Clock17.xml
----------------- Instantiating /home/travis/build/icyphy/ptII/ptolemy/actor/lib/test/auto/Clock17.xml
27 ms. Memory: 308224K Free: 164264K (53%)
----------------- Invoking toplevel() on ptolemy.moml.MoMLSimpleApplication@1e8dee32
----------------- Done invoking toplevel() on ptolemy.moml.MoMLSimpleApplication@1e8dee32
reloadAllAccessors: .Clock17

===========================================================================================
----------------- testing Sat Jul 20 22:46:49 UTC 2019 /home/travis/build/icyphy/ptII/ptolemy/actor/lib/test/auto/Clock18.xml
----------------- Instantiating /home/travis/build/icyphy/ptII/ptolemy/actor/lib/test/auto/Clock18.xml
58 ms. Memory: 308224K Free: 150424K (49%)
----------------- Invoking toplevel() on ptolemy.moml.MoMLSimpleApplication@82ccdd5
----------------- Done invoking toplevel() on ptolemy.moml.MoMLSimpleApplication@82ccdd5
reloadAllAccessors: .Clock18

===========================================================================================
----------------- testing Sat Jul 20 22:46:49 UTC 2019 /home/travis/build/icyphy/ptII/ptolemy/actor/lib/test/auto/Clock19.xml
----------------- Instantiating /home/travis/build/icyphy/ptII/ptolemy/actor/lib/test/auto/Clock19.xml
16 ms. Memory: 308224K Free: 137640K (45%)
----------------- Invoking toplevel() on ptolemy.moml.MoMLSimpleApplication@1e8c9bdd
----------------- Done invoking toplevel() on ptolemy.moml.MoMLSimpleApplication@1e8c9bdd
reloadAllAccessors: .Clock19

===========================================================================================
----------------- testing Sat Jul 20 22:46:49 UTC 2019 /home/travis/build/icyphy/ptII/ptolemy/actor/lib/test/auto/Clock2.xml
----------------- Instantiating /home/travis/build/icyphy/ptII/ptolemy/actor/lib/test/auto/Clock2.xml
8 ms. Memory: 308224K Free: 133024K (43%)
----------------- Invoking toplevel() on ptolemy.moml.MoMLSimpleApplication@1a2764e2
----------------- Done invoking toplevel() on ptolemy.moml.MoMLSimpleApplication@1a2764e2
reloadAllAccessors: .Clock2

===========================================================================================
----------------- testing Sat Jul 20 22:46:49 UTC 2019 /home/travis/build/icyphy/ptII/ptolemy/actor/lib/test/auto/Clock20.xml
----------------- Instantiating /home/travis/build/icyphy/ptII/ptolemy/actor/lib/test/auto/Clock20.xml
11 ms. Memory: 308224K Free: 127400K (41%)
----------------- Invoking toplevel() on ptolemy.moml.MoMLSimpleApplication@66cb3ae8
----------------- Done invoking toplevel() on ptolemy.moml.MoMLSimpleApplication@66cb3ae8
reloadAllAccessors: .Clock20

===========================================================================================
----------------- testing Sat Jul 20 22:46:49 UTC 2019 /home/travis/build/icyphy/ptII/ptolemy/actor/lib/test/auto/Clock21.xml
----------------- Instantiating /home/travis/build/icyphy/ptII/ptolemy/actor/lib/test/auto/Clock21.xml
5 ms. Memory: 308224K Free: 122280K (40%)
----------------- Invoking toplevel() on ptolemy.moml.MoMLSimpleApplication@1a271bbd
----------------- Done invoking toplevel() on ptolemy.moml.MoMLSimpleApplication@1a271bbd
reloadAllAccessors: .Clock21

===========================================================================================
----------------- testing Sat Jul 20 22:46:49 UTC 2019 /home/travis/build/icyphy/ptII/ptolemy/actor/lib/test/auto/Clock22.xml
----------------- Instantiating /home/travis/build/icyphy/ptII/ptolemy/actor/lib/test/auto/Clock22.xml
7 ms. Memory: 308224K Free: 116646K (38%)
----------------- Invoking toplevel() on ptolemy.moml.MoMLSimpleApplication@7a11eb16
----------------- Done invoking toplevel() on ptolemy.moml.MoMLSimpleApplication@7a11eb16
reloadAllAccessors: .Clock22

===========================================================================================
----------------- testing Sat Jul 20 22:46:49 UTC 2019 /home/travis/build/icyphy/ptII/ptolemy/actor/lib/test/auto/Clock23.xml
----------------- Instantiating /home/travis/build/icyphy/ptII/ptolemy/actor/lib/test/auto/Clock23.xml
6 ms. Memory: 308224K Free: 111526K (36%)
----------------- Invoking toplevel() on ptolemy.moml.MoMLSimpleApplication@6ab24961
----------------- Done invoking toplevel() on ptolemy.moml.MoMLSimpleApplication@6ab24961
reloadAllAccessors: .Clock23

===========================================================================================
----------------- testing Sat Jul 20 22:46:49 UTC 2019 /home/travis/build/icyphy/ptII/ptolemy/actor/lib/test/auto/Clock24.xml
----------------- Instantiating /home/travis/build/icyphy/ptII/ptolemy/actor/lib/test/auto/Clock24.xml
4 ms. Memory: 308224K Free: 105896K (34%)
----------------- Invoking toplevel() on ptolemy.moml.MoMLSimpleApplication@3b775372
----------------- Done invoking toplevel() on ptolemy.moml.MoMLSimpleApplication@3b775372
reloadAllAccessors: .Clock24

===========================================================================================
----------------- testing Sat Jul 20 22:46:49 UTC 2019 /home/travis/build/icyphy/ptII/ptolemy/actor/lib/test/auto/Clock4.xml
----------------- Instantiating /home/travis/build/icyphy/ptII/ptolemy/actor/lib/test/auto/Clock4.xml
1 ms. Memory: 308224K Free: 101256K (33%)
----------------- Invoking toplevel() on ptolemy.moml.MoMLSimpleApplication@7551ba78
----------------- Done invoking toplevel() on ptolemy.moml.MoMLSimpleApplication@7551ba78
reloadAllAccessors: .Clock4

===========================================================================================
----------------- testing Sat Jul 20 22:46:49 UTC 2019 /home/travis/build/icyphy/ptII/ptolemy/actor/lib/test/auto/Clock5.xml
----------------- Instantiating /home/travis/build/icyphy/ptII/ptolemy/actor/lib/test/auto/Clock5.xml
3 ms. Memory: 308224K Free: 95656K (31%)
----------------- Invoking toplevel() on ptolemy.moml.MoMLSimpleApplication@64a54e04
----------------- Done invoking toplevel() on ptolemy.moml.MoMLSimpleApplication@64a54e04
reloadAllAccessors: .Clock5

===========================================================================================
----------------- testing Sat Jul 20 22:46:49 UTC 2019 /home/travis/build/icyphy/ptII/ptolemy/actor/lib/test/auto/Clock6.xml
----------------- Instantiating /home/travis/build/icyphy/ptII/ptolemy/actor/lib/test/auto/Clock6.xml
2 ms. Memory: 308224K Free: 91046K (30%)
----------------- Invoking toplevel() on ptolemy.moml.MoMLSimpleApplication@4b7371db
----------------- Done invoking toplevel() on ptolemy.moml.MoMLSimpleApplication@4b7371db
reloadAllAccessors: .Clock6

===========================================================================================
----------------- testing Sat Jul 20 22:46:49 UTC 2019 /home/travis/build/icyphy/ptII/ptolemy/actor/lib/test/auto/Clock7.xml
----------------- Instantiating /home/travis/build/icyphy/ptII/ptolemy/actor/lib/test/auto/Clock7.xml
1 ms. Memory: 308224K Free: 86950K (28%)
----------------- Invoking toplevel() on ptolemy.moml.MoMLSimpleApplication@5149807b
----------------- Done invoking toplevel() on ptolemy.moml.MoMLSimpleApplication@5149807b
reloadAllAccessors: .Clock7

===========================================================================================
----------------- testing Sat Jul 20 22:46:49 UTC 2019 /home/travis/build/icyphy/ptII/ptolemy/actor/lib/test/auto/Clock8.xml
----------------- Instantiating /home/travis/build/icyphy/ptII/ptolemy/actor/lib/test/auto/Clock8.xml
6 ms. Memory: 308224K Free: 81320K (26%)
----------------- Invoking toplevel() on ptolemy.moml.MoMLSimpleApplication@57d89b95
----------------- Done invoking toplevel() on ptolemy.moml.MoMLSimpleApplication@57d89b95
reloadAllAccessors: .Clock8

===========================================================================================
----------------- testing Sat Jul 20 22:46:49 UTC 2019 /home/travis/build/icyphy/ptII/ptolemy/actor/lib/test/auto/Clock9.xml
----------------- Instantiating /home/travis/build/icyphy/ptII/ptolemy/actor/lib/test/auto/Clock9.xml
5 ms. Memory: 308224K Free: 258141K (84%)
----------------- Invoking toplevel() on ptolemy.moml.MoMLSimpleApplication@475c5fa9
----------------- Done invoking toplevel() on ptolemy.moml.MoMLSimpleApplication@475c5fa9
reloadAllAccessors: .Clock9

===========================================================================================
----------------- testing Sat Jul 20 22:46:49 UTC 2019 /home/travis/build/icyphy/ptII/ptolemy/actor/lib/test/auto/CommDistDiscard.xml
----------------- Instantiating /home/travis/build/icyphy/ptII/ptolemy/actor/lib/test/auto/CommDistDiscard.xml
2 ms. Memory: 308224K Free: 252504K (82%)
----------------- Invoking toplevel() on ptolemy.moml.MoMLSimpleApplication@7635b4b1
----------------- Done invoking toplevel() on ptolemy.moml.MoMLSimpleApplication@7635b4b1
reloadAllAccessors: .CommDistDiscard

===========================================================================================
----------------- testing Sat Jul 20 22:46:49 UTC 2019 /home/travis/build/icyphy/ptII/ptolemy/actor/lib/test/auto/Commutator.xml
----------------- Instantiating /home/travis/build/icyphy/ptII/ptolemy/actor/lib/test/auto/Commutator.xml
2 ms. Memory: 308224K Free: 247901K (80%)
----------------- Invoking toplevel() on ptolemy.moml.MoMLSimpleApplication@2729ee00
----------------- Done invoking toplevel() on ptolemy.moml.MoMLSimpleApplication@2729ee00
reloadAllAccessors: .Commutator

===========================================================================================
----------------- testing Sat Jul 20 22:46:49 UTC 2019 /home/travis/build/icyphy/ptII/ptolemy/actor/lib/test/auto/Commutator2.xml
----------------- Instantiating /home/travis/build/icyphy/ptII/ptolemy/actor/lib/test/auto/Commutator2.xml
2 ms. Memory: 308224K Free: 243805K (79%)
----------------- Invoking toplevel() on ptolemy.moml.MoMLSimpleApplication@317394c6
----------------- Done invoking toplevel() on ptolemy.moml.MoMLSimpleApplication@317394c6
reloadAllAccessors: .Commutator2

===========================================================================================
----------------- testing Sat Jul 20 22:46:49 UTC 2019 /home/travis/build/icyphy/ptII/ptolemy/actor/lib/test/auto/Commutator3.xml
----------------- Instantiating /home/travis/build/icyphy/ptII/ptolemy/actor/lib/test/auto/Commutator3.xml
2 ms. Memory: 308224K Free: 239195K (78%)
----------------- Invoking toplevel() on ptolemy.moml.MoMLSimpleApplication@3becb38e
----------------- Done invoking toplevel() on ptolemy.moml.MoMLSimpleApplication@3becb38e
reloadAllAccessors: .Commutator3

===========================================================================================
----------------- testing Sat Jul 20 22:46:49 UTC 2019 /home/travis/build/icyphy/ptII/ptolemy/actor/lib/test/auto/Compare.xml
----------------- Instantiating /home/travis/build/icyphy/ptII/ptolemy/actor/lib/test/auto/Compare.xml
1 ms. Memory: 308224K Free: 233051K (76%)
----------------- Invoking toplevel() on ptolemy.moml.MoMLSimpleApplication@93e07d6
----------------- Done invoking toplevel() on ptolemy.moml.MoMLSimpleApplication@93e07d6
reloadAllAccessors: .Compare

===========================================================================================
----------------- testing Sat Jul 20 22:46:49 UTC 2019 /home/travis/build/icyphy/ptII/ptolemy/actor/lib/test/auto/CompareDE.xml
----------------- Instantiating /home/travis/build/icyphy/ptII/ptolemy/actor/lib/test/auto/CompareDE.xml
3 ms. Memory: 308224K Free: 225869K (73%)
----------------- Invoking toplevel() on ptolemy.moml.MoMLSimpleApplication@8f28c06
----------------- Done invoking toplevel() on ptolemy.moml.MoMLSimpleApplication@8f28c06
reloadAllAccessors: .CompareDE

===========================================================================================
----------------- testing Sat Jul 20 22:46:49 UTC 2019 /home/travis/build/icyphy/ptII/ptolemy/actor/lib/test/auto/ComplexDivide.xml
----------------- Instantiating /home/travis/build/icyphy/ptII/ptolemy/actor/lib/test/auto/ComplexDivide.xml
1 ms. Memory: 308224K Free: 221787K (72%)
----------------- Invoking toplevel() on ptolemy.moml.MoMLSimpleApplication@1382955e
----------------- Done invoking toplevel() on ptolemy.moml.MoMLSimpleApplication@1382955e
reloadAllAccessors: .ComplexDivide

===========================================================================================
----------------- testing Sat Jul 20 22:46:49 UTC 2019 /home/travis/build/icyphy/ptII/ptolemy/actor/lib/test/auto/ComputeHistogram.xml
----------------- Instantiating /home/travis/build/icyphy/ptII/ptolemy/actor/lib/test/auto/ComputeHistogram.xml
26 ms. Memory: 308224K Free: 209499K (68%)
----------------- Invoking toplevel() on ptolemy.moml.MoMLSimpleApplication@5d3e802e
----------------- Done invoking toplevel() on ptolemy.moml.MoMLSimpleApplication@5d3e802e
reloadAllAccessors: .ComputeHistogram

===========================================================================================
----------------- testing Sat Jul 20 22:46:49 UTC 2019 /home/travis/build/icyphy/ptII/ptolemy/actor/lib/test/auto/ConfigurationSelect.xml
----------------- Instantiating /home/travis/build/icyphy/ptII/ptolemy/actor/lib/test/auto/ConfigurationSelect.xml
2 ms. Memory: 308224K Free: 203869K (66%)
----------------- Invoking toplevel() on ptolemy.moml.MoMLSimpleApplication@6b410443
----------------- Done invoking toplevel() on ptolemy.moml.MoMLSimpleApplication@6b410443
reloadAllAccessors: .ConfigurationSelect

===========================================================================================
----------------- testing Sat Jul 20 22:46:49 UTC 2019 /home/travis/build/icyphy/ptII/ptolemy/actor/lib/test/auto/ConfigurationSelect2.xml
----------------- Instantiating /home/travis/build/icyphy/ptII/ptolemy/actor/lib/test/auto/ConfigurationSelect2.xml
2 ms. Memory: 308224K Free: 199259K (65%)
----------------- Invoking toplevel() on ptolemy.moml.MoMLSimpleApplication@24eae083
----------------- Done invoking toplevel() on ptolemy.moml.MoMLSimpleApplication@24eae083
reloadAllAccessors: .ConfigurationSelect2

===========================================================================================
----------------- testing Sat Jul 20 22:46:49 UTC 2019 /home/travis/build/icyphy/ptII/ptolemy/actor/lib/test/auto/ConfigurationSwitch.xml
----------------- Instantiating /home/travis/build/icyphy/ptII/ptolemy/actor/lib/test/auto/ConfigurationSwitch.xml
2 ms. Memory: 308224K Free: 194139K (63%)
----------------- Invoking toplevel() on ptolemy.moml.MoMLSimpleApplication@3e827099
----------------- Done invoking toplevel() on ptolemy.moml.MoMLSimpleApplication@3e827099
reloadAllAccessors: .ConfigurationSwitch

===========================================================================================
----------------- testing Sat Jul 20 22:46:50 UTC 2019 /home/travis/build/icyphy/ptII/ptolemy/actor/lib/test/auto/ConfigurationSwitch2.xml
----------------- Instantiating /home/travis/build/icyphy/ptII/ptolemy/actor/lib/test/auto/ConfigurationSwitch2.xml
4 ms. Memory: 308224K Free: 188509K (61%)
----------------- Invoking toplevel() on ptolemy.moml.MoMLSimpleApplication@3df7fb44
----------------- Done invoking toplevel() on ptolemy.moml.MoMLSimpleApplication@3df7fb44
reloadAllAccessors: .ConfigurationSwitch2

===========================================================================================
----------------- testing Sat Jul 20 22:46:50 UTC 2019 /home/travis/build/icyphy/ptII/ptolemy/actor/lib/test/auto/ConfigurationSwitchCloningBugWithClassRelationGroup.xml
----------------- Instantiating /home/travis/build/icyphy/ptII/ptolemy/actor/lib/test/auto/ConfigurationSwitchCloningBugWithClassRelationGroup.xml
1 ms. Memory: 308224K Free: 182365K (59%)
----------------- Invoking toplevel() on ptolemy.moml.MoMLSimpleApplication@2af02d64
----------------- Done invoking toplevel() on ptolemy.moml.MoMLSimpleApplication@2af02d64
reloadAllAccessors: .ConfigurationSwitchCloningBugWithClassRelationGroup

===========================================================================================
----------------- testing Sat Jul 20 22:46:50 UTC 2019 /home/travis/build/icyphy/ptII/ptolemy/actor/lib/test/auto/ConfigurationSwitchSelectSDF.xml
----------------- Instantiating /home/travis/build/icyphy/ptII/ptolemy/actor/lib/test/auto/ConfigurationSwitchSelectSDF.xml
3 ms. Memory: 308224K Free: 176731K (57%)
----------------- Invoking toplevel() on ptolemy.moml.MoMLSimpleApplication@1fc1f8eb
----------------- Done invoking toplevel() on ptolemy.moml.MoMLSimpleApplication@1fc1f8eb
reloadAllAccessors: .ConfigurationSwitchSelectSDF

===========================================================================================
----------------- testing Sat Jul 20 22:46:50 UTC 2019 /home/travis/build/icyphy/ptII/ptolemy/actor/lib/test/auto/ConfigurationSwitchSelectSDF2.xml
----------------- Instantiating /home/travis/build/icyphy/ptII/ptolemy/actor/lib/test/auto/ConfigurationSwitchSelectSDF2.xml
1 ms. Memory: 308224K Free: 170587K (55%)
----------------- Invoking toplevel() on ptolemy.moml.MoMLSimpleApplication@2a2344a0
----------------- Done invoking toplevel() on ptolemy.moml.MoMLSimpleApplication@2a2344a0
reloadAllAccessors: .ConfigurationSwitchSelectSDF2

===========================================================================================
----------------- testing Sat Jul 20 22:46:50 UTC 2019 /home/travis/build/icyphy/ptII/ptolemy/actor/lib/test/auto/Const.xml
----------------- Instantiating /home/travis/build/icyphy/ptII/ptolemy/actor/lib/test/auto/Const.xml
2 ms. Memory: 308224K Free: 167515K (54%)
----------------- Invoking toplevel() on ptolemy.moml.MoMLSimpleApplication@1e92095d
----------------- Done invoking toplevel() on ptolemy.moml.MoMLSimpleApplication@1e92095d
reloadAllAccessors: .Const

===========================================================================================
----------------- testing Sat Jul 20 22:46:50 UTC 2019 /home/travis/build/icyphy/ptII/ptolemy/actor/lib/test/auto/Const2.xml
----------------- Instantiating /home/travis/build/icyphy/ptII/ptolemy/actor/lib/test/auto/Const2.xml
1 ms. Memory: 308224K Free: 163419K (53%)
----------------- Invoking toplevel() on ptolemy.moml.MoMLSimpleApplication@592dcad8
----------------- Done invoking toplevel() on ptolemy.moml.MoMLSimpleApplication@592dcad8
reloadAllAccessors: .Const2

===========================================================================================
----------------- testing Sat Jul 20 22:46:50 UTC 2019 /home/travis/build/icyphy/ptII/ptolemy/actor/lib/test/auto/Const3.xml
----------------- Instantiating /home/travis/build/icyphy/ptII/ptolemy/actor/lib/test/auto/Const3.xml
1 ms. Memory: 308224K Free: 160347K (52%)
----------------- Invoking toplevel() on ptolemy.moml.MoMLSimpleApplication@59a644b9
----------------- Done invoking toplevel() on ptolemy.moml.MoMLSimpleApplication@59a644b9
reloadAllAccessors: .Const3

===========================================================================================
----------------- testing Sat Jul 20 22:46:50 UTC 2019 /home/travis/build/icyphy/ptII/ptolemy/actor/lib/test/auto/ConstantPublisherPort1.xml
----------------- Instantiating /home/travis/build/icyphy/ptII/ptolemy/actor/lib/test/auto/ConstantPublisherPort1.xml
7 ms. Memory: 308224K Free: 151645K (49%)
----------------- Invoking toplevel() on ptolemy.moml.MoMLSimpleApplication@332355eb
----------------- Done invoking toplevel() on ptolemy.moml.MoMLSimpleApplication@332355eb
reloadAllAccessors: .ConstantPublisherPort1

===========================================================================================
----------------- testing Sat Jul 20 22:46:50 UTC 2019 /home/travis/build/icyphy/ptII/ptolemy/actor/lib/test/auto/ConstantPublisherPort2.xml
----------------- Instantiating /home/travis/build/icyphy/ptII/ptolemy/actor/lib/test/auto/ConstantPublisherPort2.xml
12 ms. Memory: 308224K Free: 143963K (47%)
----------------- Invoking toplevel() on ptolemy.moml.MoMLSimpleApplication@55d93bdf
----------------- Done invoking toplevel() on ptolemy.moml.MoMLSimpleApplication@55d93bdf
reloadAllAccessors: .ConstantPublisherPort2

===========================================================================================
----------------- testing Sat Jul 20 22:46:50 UTC 2019 /home/travis/build/icyphy/ptII/ptolemy/actor/lib/test/auto/ConstantPublisherPort3.xml
----------------- Instantiating /home/travis/build/icyphy/ptII/ptolemy/actor/lib/test/auto/ConstantPublisherPort3.xml
5 ms. Memory: 308224K Free: 136285K (44%)
----------------- Invoking toplevel() on ptolemy.moml.MoMLSimpleApplication@29846bd3
----------------- Done invoking toplevel() on ptolemy.moml.MoMLSimpleApplication@29846bd3
reloadAllAccessors: .ConstantPublisherPort3

===========================================================================================
----------------- testing Sat Jul 20 22:46:50 UTC 2019 /home/travis/build/icyphy/ptII/ptolemy/actor/lib/test/auto/ConstantPublisherPort4.xml
----------------- Instantiating /home/travis/build/icyphy/ptII/ptolemy/actor/lib/test/auto/ConstantPublisherPort4.xml
2 ms. Memory: 308224K Free: 129613K (42%)
----------------- Invoking toplevel() on ptolemy.moml.MoMLSimpleApplication@39e47d2c
----------------- Done invoking toplevel() on ptolemy.moml.MoMLSimpleApplication@39e47d2c
reloadAllAccessors: .ConstantPublisherPort4

===========================================================================================
----------------- testing Sat Jul 20 22:46:50 UTC 2019 /home/travis/build/icyphy/ptII/ptolemy/actor/lib/test/auto/ConstantPublisherPort5.xml
----------------- Instantiating /home/travis/build/icyphy/ptII/ptolemy/actor/lib/test/auto/ConstantPublisherPort5.xml
17 ms. Memory: 308224K Free: 120411K (39%)
----------------- Invoking toplevel() on ptolemy.moml.MoMLSimpleApplication@4dab0b09
----------------- Done invoking toplevel() on ptolemy.moml.MoMLSimpleApplication@4dab0b09
reloadAllAccessors: .ConstantPublisherPort5

===========================================================================================
----------------- testing Sat Jul 20 22:46:50 UTC 2019 /home/travis/build/icyphy/ptII/ptolemy/actor/lib/test/auto/ConstantPublisherPort6.xml
----------------- Instantiating /home/travis/build/icyphy/ptII/ptolemy/actor/lib/test/auto/ConstantPublisherPort6.xml
29 ms. Memory: 308224K Free: 110685K (36%)
----------------- Invoking toplevel() on ptolemy.moml.MoMLSimpleApplication@23d39771
----------------- Done invoking toplevel() on ptolemy.moml.MoMLSimpleApplication@23d39771
reloadAllAccessors: .ConstantPublisherPort6

===========================================================================================
----------------- testing Sat Jul 20 22:46:50 UTC 2019 /home/travis/build/icyphy/ptII/ptolemy/actor/lib/test/auto/ConstantPublisherPort7.xml
----------------- Instantiating /home/travis/build/icyphy/ptII/ptolemy/actor/lib/test/auto/ConstantPublisherPort7.xml
48 ms. Memory: 308224K Free: 101979K (33%)
----------------- Invoking toplevel() on ptolemy.moml.MoMLSimpleApplication@11123cee
----------------- Done invoking toplevel() on ptolemy.moml.MoMLSimpleApplication@11123cee
reloadAllAccessors: .ConstantPublisherPort7

===========================================================================================
----------------- testing Sat Jul 20 22:46:50 UTC 2019 /home/travis/build/icyphy/ptII/ptolemy/actor/lib/test/auto/ConstraintMonitor1.xml
----------------- Instantiating /home/travis/build/icyphy/ptII/ptolemy/actor/lib/test/auto/ConstraintMonitor1.xml
2 ms. Memory: 308224K Free: 96859K (31%)
----------------- Invoking toplevel() on ptolemy.moml.MoMLSimpleApplication@19765b3b
----------------- Done invoking toplevel() on ptolemy.moml.MoMLSimpleApplication@19765b3b
reloadAllAccessors: .ConstraintMonitor1

===========================================================================================
----------------- testing Sat Jul 20 22:46:50 UTC 2019 /home/travis/build/icyphy/ptII/ptolemy/actor/lib/test/auto/ConstraintMonitor2.xml
----------------- Instantiating /home/travis/build/icyphy/ptII/ptolemy/actor/lib/test/auto/ConstraintMonitor2.xml
5 ms. Memory: 308224K Free: 92253K (30%)
----------------- Invoking toplevel() on ptolemy.moml.MoMLSimpleApplication@7bf8474e
----------------- Done invoking toplevel() on ptolemy.moml.MoMLSimpleApplication@7bf8474e
reloadAllAccessors: .ConstraintMonitor2

===========================================================================================
----------------- testing Sat Jul 20 22:46:50 UTC 2019 /home/travis/build/icyphy/ptII/ptolemy/actor/lib/test/auto/ConstraintMonitor3.xml
----------------- Instantiating /home/travis/build/icyphy/ptII/ptolemy/actor/lib/test/auto/ConstraintMonitor3.xml
6 ms. Memory: 308224K Free: 88157K (29%)
----------------- Invoking toplevel() on ptolemy.moml.MoMLSimpleApplication@36df415a
----------------- Done invoking toplevel() on ptolemy.moml.MoMLSimpleApplication@36df415a
reloadAllAccessors: .ConstraintMonitor3

===========================================================================================
----------------- testing Sat Jul 20 22:46:50 UTC 2019 /home/travis/build/icyphy/ptII/ptolemy/actor/lib/test/auto/ConstraintMonitor4.xml
----------------- Instantiating /home/travis/build/icyphy/ptII/ptolemy/actor/lib/test/auto/ConstraintMonitor4.xml
7 ms. Memory: 308224K Free: 83037K (27%)
----------------- Invoking toplevel() on ptolemy.moml.MoMLSimpleApplication@71a827de
----------------- Done invoking toplevel() on ptolemy.moml.MoMLSimpleApplication@71a827de
reloadAllAccessors: .ConstraintMonitor4

===========================================================================================
----------------- testing Sat Jul 20 22:46:50 UTC 2019 /home/travis/build/icyphy/ptII/ptolemy/actor/lib/test/auto/ConstraintMonitor5.xml
----------------- Instantiating /home/travis/build/icyphy/ptII/ptolemy/actor/lib/test/auto/ConstraintMonitor5.xml
6 ms. Memory: 308224K Free: 259473K (84%)
----------------- Invoking toplevel() on ptolemy.moml.MoMLSimpleApplication@121fc294
----------------- Done invoking toplevel() on ptolemy.moml.MoMLSimpleApplication@121fc294
reloadAllAccessors: .ConstraintMonitor5

===========================================================================================
----------------- testing Sat Jul 20 22:46:50 UTC 2019 /home/travis/build/icyphy/ptII/ptolemy/actor/lib/test/auto/ConstraintMonitor6.xml
----------------- Instantiating /home/travis/build/icyphy/ptII/ptolemy/actor/lib/test/auto/ConstraintMonitor6.xml
5 ms. Memory: 308224K Free: 253322K (82%)
----------------- Invoking toplevel() on ptolemy.moml.MoMLSimpleApplication@3d40cbc3
----------------- Done invoking toplevel() on ptolemy.moml.MoMLSimpleApplication@3d40cbc3
reloadAllAccessors: .ConstraintMonitor6

===========================================================================================
----------------- testing Sat Jul 20 22:46:50 UTC 2019 /home/travis/build/icyphy/ptII/ptolemy/actor/lib/test/auto/ConstraintMonitor7.xml
----------------- Instantiating /home/travis/build/icyphy/ptII/ptolemy/actor/lib/test/auto/ConstraintMonitor7.xml
6 ms. Memory: 308224K Free: 246675K (80%)
----------------- Invoking toplevel() on ptolemy.moml.MoMLSimpleApplication@2c9317e5
----------------- Done invoking toplevel() on ptolemy.moml.MoMLSimpleApplication@2c9317e5
reloadAllAccessors: .ConstraintMonitor7

===========================================================================================
----------------- testing Sat Jul 20 22:46:50 UTC 2019 /home/travis/build/icyphy/ptII/ptolemy/actor/lib/test/auto/ConstraintMonitor8.xml
----------------- Instantiating /home/travis/build/icyphy/ptII/ptolemy/actor/lib/test/auto/ConstraintMonitor8.xml
8 ms. Memory: 308224K Free: 238993K (78%)
----------------- Invoking toplevel() on ptolemy.moml.MoMLSimpleApplication@283ae3a8
----------------- Done invoking toplevel() on ptolemy.moml.MoMLSimpleApplication@283ae3a8
reloadAllAccessors: .ConstraintMonitor8

===========================================================================================
----------------- testing Sat Jul 20 22:46:50 UTC 2019 /home/travis/build/icyphy/ptII/ptolemy/actor/lib/test/auto/Counter.xml
----------------- Instantiating /home/travis/build/icyphy/ptII/ptolemy/actor/lib/test/auto/Counter.xml
3 ms. Memory: 308224K Free: 234387K (76%)
----------------- Invoking toplevel() on ptolemy.moml.MoMLSimpleApplication@237313df
----------------- Done invoking toplevel() on ptolemy.moml.MoMLSimpleApplication@237313df
reloadAllAccessors: .Counter

===========================================================================================
----------------- testing Sat Jul 20 22:46:50 UTC 2019 /home/travis/build/icyphy/ptII/ptolemy/actor/lib/test/auto/CurrentTimeSDF.xml
----------------- Instantiating /home/travis/build/icyphy/ptII/ptolemy/actor/lib/test/auto/CurrentTimeSDF.xml
2 ms. Memory: 308224K Free: 230291K (75%)
----------------- Invoking toplevel() on ptolemy.moml.MoMLSimpleApplication@2c9dd139
----------------- Done invoking toplevel() on ptolemy.moml.MoMLSimpleApplication@2c9dd139
reloadAllAccessors: .CurrentTimeSDF

===========================================================================================
----------------- testing Sat Jul 20 22:46:50 UTC 2019 /home/travis/build/icyphy/ptII/ptolemy/actor/lib/test/auto/DB.xml
----------------- Instantiating /home/travis/build/icyphy/ptII/ptolemy/actor/lib/test/auto/DB.xml
4 ms. Memory: 308224K Free: 225171K (73%)
----------------- Invoking toplevel() on ptolemy.moml.MoMLSimpleApplication@4aab270a
----------------- Done invoking toplevel() on ptolemy.moml.MoMLSimpleApplication@4aab270a
reloadAllAccessors: .DB

===========================================================================================
----------------- testing Sat Jul 20 22:46:50 UTC 2019 /home/travis/build/icyphy/ptII/ptolemy/actor/lib/test/auto/DBDE.xml
----------------- Instantiating /home/travis/build/icyphy/ptII/ptolemy/actor/lib/test/auto/DBDE.xml
2 ms. Memory: 308224K Free: 219506K (71%)
----------------- Invoking toplevel() on ptolemy.moml.MoMLSimpleApplication@43cd90c4
----------------- Done invoking toplevel() on ptolemy.moml.MoMLSimpleApplication@43cd90c4
reloadAllAccessors: .DBDE

===========================================================================================
----------------- testing Sat Jul 20 22:46:50 UTC 2019 /home/travis/build/icyphy/ptII/ptolemy/actor/lib/test/auto/DateConstructor.xml
----------------- Instantiating /home/travis/build/icyphy/ptII/ptolemy/actor/lib/test/auto/DateConstructor.xml
35 ms. Memory: 308224K Free: 201619K (65%)
----------------- Invoking toplevel() on ptolemy.moml.MoMLSimpleApplication@2cfe489e
----------------- Done invoking toplevel() on ptolemy.moml.MoMLSimpleApplication@2cfe489e
reloadAllAccessors: .DateConstructor

===========================================================================================
----------------- testing Sat Jul 20 22:46:50 UTC 2019 /home/travis/build/icyphy/ptII/ptolemy/actor/lib/test/auto/DelayTime.xml
----------------- Instantiating /home/travis/build/icyphy/ptII/ptolemy/actor/lib/test/auto/DelayTime.xml
6 ms. Memory: 308224K Free: 196499K (64%)
----------------- Invoking toplevel() on ptolemy.moml.MoMLSimpleApplication@718c2b3c
----------------- Done invoking toplevel() on ptolemy.moml.MoMLSimpleApplication@718c2b3c
reloadAllAccessors: .DelayTime

===========================================================================================
----------------- testing Sat Jul 20 22:46:50 UTC 2019 /home/travis/build/icyphy/ptII/ptolemy/actor/lib/test/auto/Dictionary1.xml
----------------- Instantiating /home/travis/build/icyphy/ptII/ptolemy/actor/lib/test/auto/Dictionary1.xml
1 ms. Memory: 308224K Free: 191379K (62%)
----------------- Invoking toplevel() on ptolemy.moml.MoMLSimpleApplication@c1c1a23
----------------- Done invoking toplevel() on ptolemy.moml.MoMLSimpleApplication@c1c1a23
reloadAllAccessors: .Dictionary1

===========================================================================================
----------------- testing Sat Jul 20 22:46:50 UTC 2019 /home/travis/build/icyphy/ptII/ptolemy/actor/lib/test/auto/Dictionary2.xml
----------------- Instantiating /home/travis/build/icyphy/ptII/ptolemy/actor/lib/test/auto/Dictionary2.xml
4 ms. Memory: 308224K Free: 185745K (60%)
----------------- Invoking toplevel() on ptolemy.moml.MoMLSimpleApplication@688ca43c
----------------- Done invoking toplevel() on ptolemy.moml.MoMLSimpleApplication@688ca43c
reloadAllAccessors: .Dictionary2

===========================================================================================
----------------- testing Sat Jul 20 22:46:50 UTC 2019 /home/travis/build/icyphy/ptII/ptolemy/actor/lib/test/auto/Dictionary3.xml
----------------- Instantiating /home/travis/build/icyphy/ptII/ptolemy/actor/lib/test/auto/Dictionary3.xml
1 ms. Memory: 308224K Free: 180115K (58%)
----------------- Invoking toplevel() on ptolemy.moml.MoMLSimpleApplication@50dc3215
----------------- Done invoking toplevel() on ptolemy.moml.MoMLSimpleApplication@50dc3215
reloadAllAccessors: .Dictionary3

===========================================================================================
----------------- testing Sat Jul 20 22:46:50 UTC 2019 /home/travis/build/icyphy/ptII/ptolemy/actor/lib/test/auto/Dictionary4.xml
----------------- Instantiating /home/travis/build/icyphy/ptII/ptolemy/actor/lib/test/auto/Dictionary4.xml
3 ms. Memory: 308224K Free: 172947K (56%)
----------------- Invoking toplevel() on ptolemy.moml.MoMLSimpleApplication@79f7d38a
----------------- Done invoking toplevel() on ptolemy.moml.MoMLSimpleApplication@79f7d38a
reloadAllAccessors: .Dictionary4

===========================================================================================
----------------- testing Sat Jul 20 22:46:50 UTC 2019 /home/travis/build/icyphy/ptII/ptolemy/actor/lib/test/auto/Differential.xml
----------------- Instantiating /home/travis/build/icyphy/ptII/ptolemy/actor/lib/test/auto/Differential.xml
3 ms. Memory: 308224K Free: 168851K (55%)
----------------- Invoking toplevel() on ptolemy.moml.MoMLSimpleApplication@58f0e162
----------------- Done invoking toplevel() on ptolemy.moml.MoMLSimpleApplication@58f0e162
reloadAllAccessors: .Differential

===========================================================================================
----------------- testing Sat Jul 20 22:46:50 UTC 2019 /home/travis/build/icyphy/ptII/ptolemy/actor/lib/test/auto/Director.xml
----------------- Instantiating /home/travis/build/icyphy/ptII/ptolemy/actor/lib/test/auto/Director.xml
4 ms. Memory: 308224K Free: 165265K (54%)
----------------- Invoking toplevel() on ptolemy.moml.MoMLSimpleApplication@1ec63c9
----------------- Done invoking toplevel() on ptolemy.moml.MoMLSimpleApplication@1ec63c9
reloadAllAccessors: .Director

===========================================================================================
----------------- testing Sat Jul 20 22:46:51 UTC 2019 /home/travis/build/icyphy/ptII/ptolemy/actor/lib/test/auto/DiscreteClock.xml
----------------- Instantiating /home/travis/build/icyphy/ptII/ptolemy/actor/lib/test/auto/DiscreteClock.xml
1 ms. Memory: 308224K Free: 161169K (52%)
----------------- Invoking toplevel() on ptolemy.moml.MoMLSimpleApplication@287c4216
----------------- Done invoking toplevel() on ptolemy.moml.MoMLSimpleApplication@287c4216
reloadAllAccessors: .DiscreteClock

===========================================================================================
----------------- testing Sat Jul 20 22:46:51 UTC 2019 /home/travis/build/icyphy/ptII/ptolemy/actor/lib/test/auto/DiscreteClock10.xml
----------------- Instantiating /home/travis/build/icyphy/ptII/ptolemy/actor/lib/test/auto/DiscreteClock10.xml
3 ms. Memory: 308224K Free: 155539K (50%)
----------------- Invoking toplevel() on ptolemy.moml.MoMLSimpleApplication@de03a9
----------------- Done invoking toplevel() on ptolemy.moml.MoMLSimpleApplication@de03a9
reloadAllAccessors: .DiscreteClock10

===========================================================================================
----------------- testing Sat Jul 20 22:46:51 UTC 2019 /home/travis/build/icyphy/ptII/ptolemy/actor/lib/test/auto/DiscreteClock11.xml
----------------- Instantiating /home/travis/build/icyphy/ptII/ptolemy/actor/lib/test/auto/DiscreteClock11.xml
2 ms. Memory: 308224K Free: 149395K (48%)
----------------- Invoking toplevel() on ptolemy.moml.MoMLSimpleApplication@4dfa37bc
----------------- Done invoking toplevel() on ptolemy.moml.MoMLSimpleApplication@4dfa37bc
reloadAllAccessors: .DiscreteClock11

===========================================================================================
----------------- testing Sat Jul 20 22:46:51 UTC 2019 /home/travis/build/icyphy/ptII/ptolemy/actor/lib/test/auto/DiscreteClock12.xml
----------------- Instantiating /home/travis/build/icyphy/ptII/ptolemy/actor/lib/test/auto/DiscreteClock12.xml
3 ms. Memory: 308224K Free: 143251K (46%)
----------------- Invoking toplevel() on ptolemy.moml.MoMLSimpleApplication@1dd9409a
----------------- Done invoking toplevel() on ptolemy.moml.MoMLSimpleApplication@1dd9409a
reloadAllAccessors: .DiscreteClock12

===========================================================================================
----------------- testing Sat Jul 20 22:46:51 UTC 2019 /home/travis/build/icyphy/ptII/ptolemy/actor/lib/test/auto/DiscreteClock13.xml
----------------- Instantiating /home/travis/build/icyphy/ptII/ptolemy/actor/lib/test/auto/DiscreteClock13.xml
6 ms. Memory: 308224K Free: 137107K (44%)
----------------- Invoking toplevel() on ptolemy.moml.MoMLSimpleApplication@2106e680
----------------- Done invoking toplevel() on ptolemy.moml.MoMLSimpleApplication@2106e680
reloadAllAccessors: .DiscreteClock13

===========================================================================================
----------------- testing Sat Jul 20 22:46:51 UTC 2019 /home/travis/build/icyphy/ptII/ptolemy/actor/lib/test/auto/DiscreteClock14.xml
----------------- Instantiating /home/travis/build/icyphy/ptII/ptolemy/actor/lib/test/auto/DiscreteClock14.xml
5 ms. Memory: 308224K Free: 131466K (43%)
----------------- Invoking toplevel() on ptolemy.moml.MoMLSimpleApplication@339c6e4a
----------------- Done invoking toplevel() on ptolemy.moml.MoMLSimpleApplication@339c6e4a
reloadAllAccessors: .DiscreteClock14

===========================================================================================
----------------- testing Sat Jul 20 22:46:51 UTC 2019 /home/travis/build/icyphy/ptII/ptolemy/actor/lib/test/auto/DiscreteClock15.xml
----------------- Instantiating /home/travis/build/icyphy/ptII/ptolemy/actor/lib/test/auto/DiscreteClock15.xml
5 ms. Memory: 308224K Free: 125322K (41%)
----------------- Invoking toplevel() on ptolemy.moml.MoMLSimpleApplication@8c4cd1c
----------------- Done invoking toplevel() on ptolemy.moml.MoMLSimpleApplication@8c4cd1c
reloadAllAccessors: .DiscreteClock15

===========================================================================================
----------------- testing Sat Jul 20 22:46:51 UTC 2019 /home/travis/build/icyphy/ptII/ptolemy/actor/lib/test/auto/DiscreteClock16.xml
----------------- Instantiating /home/travis/build/icyphy/ptII/ptolemy/actor/lib/test/auto/DiscreteClock16.xml
19 ms. Memory: 308224K Free: 111507K (36%)
----------------- Invoking toplevel() on ptolemy.moml.MoMLSimpleApplication@485ff1ad
----------------- Done invoking toplevel() on ptolemy.moml.MoMLSimpleApplication@485ff1ad
reloadAllAccessors: .DiscreteClock16

===========================================================================================
----------------- testing Sat Jul 20 22:46:51 UTC 2019 /home/travis/build/icyphy/ptII/ptolemy/actor/lib/test/auto/DiscreteClock17.xml
----------------- Instantiating /home/travis/build/icyphy/ptII/ptolemy/actor/lib/test/auto/DiscreteClock17.xml
19 ms. Memory: 308224K Free: 97666K (32%)
----------------- Invoking toplevel() on ptolemy.moml.MoMLSimpleApplication@66b179e3
----------------- Done invoking toplevel() on ptolemy.moml.MoMLSimpleApplication@66b179e3
reloadAllAccessors: .DiscreteClock17

===========================================================================================
----------------- testing Sat Jul 20 22:46:51 UTC 2019 /home/travis/build/icyphy/ptII/ptolemy/actor/lib/test/auto/DiscreteClock18.xml
----------------- Instantiating /home/travis/build/icyphy/ptII/ptolemy/actor/lib/test/auto/DiscreteClock18.xml
23 ms. Memory: 308224K Free: 83859K (27%)
----------------- Invoking toplevel() on ptolemy.moml.MoMLSimpleApplication@53cd05c0
----------------- Done invoking toplevel() on ptolemy.moml.MoMLSimpleApplication@53cd05c0
reloadAllAccessors: .DiscreteClock18

===========================================================================================
----------------- testing Sat Jul 20 22:46:51 UTC 2019 /home/travis/build/icyphy/ptII/ptolemy/actor/lib/test/auto/DiscreteClock19.xml
----------------- Instantiating /home/travis/build/icyphy/ptII/ptolemy/actor/lib/test/auto/DiscreteClock19.xml
21 ms. Memory: 308224K Free: 251954K (82%)
----------------- Invoking toplevel() on ptolemy.moml.MoMLSimpleApplication@7270aeca
----------------- Done invoking toplevel() on ptolemy.moml.MoMLSimpleApplication@7270aeca
reloadAllAccessors: .DiscreteClock19

===========================================================================================
----------------- testing Sat Jul 20 22:46:51 UTC 2019 /home/travis/build/icyphy/ptII/ptolemy/actor/lib/test/auto/DiscreteClock2.xml
----------------- Instantiating /home/travis/build/icyphy/ptII/ptolemy/actor/lib/test/auto/DiscreteClock2.xml
2 ms. Memory: 308224K Free: 246820K (80%)
----------------- Invoking toplevel() on ptolemy.moml.MoMLSimpleApplication@23c69664
----------------- Done invoking toplevel() on ptolemy.moml.MoMLSimpleApplication@23c69664
reloadAllAccessors: .DiscreteClock2

===========================================================================================
----------------- testing Sat Jul 20 22:46:51 UTC 2019 /home/travis/build/icyphy/ptII/ptolemy/actor/lib/test/auto/DiscreteClock20.xml
----------------- Instantiating /home/travis/build/icyphy/ptII/ptolemy/actor/lib/test/auto/DiscreteClock20.xml
36 ms. Memory: 308224K Free: 241204K (78%)
----------------- Invoking toplevel() on ptolemy.moml.MoMLSimpleApplication@7a5cb890
----------------- Done invoking toplevel() on ptolemy.moml.MoMLSimpleApplication@7a5cb890
reloadAllAccessors: .DiscreteClock20

===========================================================================================
----------------- testing Sat Jul 20 22:46:51 UTC 2019 /home/travis/build/icyphy/ptII/ptolemy/actor/lib/test/auto/DiscreteClock21.xml
----------------- Instantiating /home/travis/build/icyphy/ptII/ptolemy/actor/lib/test/auto/DiscreteClock21.xml
6 ms. Memory: 308224K Free: 235570K (76%)
----------------- Invoking toplevel() on ptolemy.moml.MoMLSimpleApplication@6fde3bf4
----------------- Done invoking toplevel() on ptolemy.moml.MoMLSimpleApplication@6fde3bf4
reloadAllAccessors: .DiscreteClock21

===========================================================================================
----------------- testing Sat Jul 20 22:46:51 UTC 2019 /home/travis/build/icyphy/ptII/ptolemy/actor/lib/test/auto/DiscreteClock22.xml
----------------- Instantiating /home/travis/build/icyphy/ptII/ptolemy/actor/lib/test/auto/DiscreteClock22.xml
5 ms. Memory: 308224K Free: 229940K (75%)
----------------- Invoking toplevel() on ptolemy.moml.MoMLSimpleApplication@10745542
----------------- Done invoking toplevel() on ptolemy.moml.MoMLSimpleApplication@10745542
reloadAllAccessors: .DiscreteClock22

===========================================================================================
----------------- testing Sat Jul 20 22:46:51 UTC 2019 /home/travis/build/icyphy/ptII/ptolemy/actor/lib/test/auto/DiscreteClock23.xml
----------------- Instantiating /home/travis/build/icyphy/ptII/ptolemy/actor/lib/test/auto/DiscreteClock23.xml
10 ms. Memory: 308224K Free: 224820K (73%)
----------------- Invoking toplevel() on ptolemy.moml.MoMLSimpleApplication@3087fe3b
----------------- Done invoking toplevel() on ptolemy.moml.MoMLSimpleApplication@3087fe3b
reloadAllAccessors: .DiscreteClock23

===========================================================================================
----------------- testing Sat Jul 20 22:46:51 UTC 2019 /home/travis/build/icyphy/ptII/ptolemy/actor/lib/test/auto/DiscreteClock24.xml
----------------- Instantiating /home/travis/build/icyphy/ptII/ptolemy/actor/lib/test/auto/DiscreteClock24.xml
5 ms. Memory: 308224K Free: 219186K (71%)
----------------- Invoking toplevel() on ptolemy.moml.MoMLSimpleApplication@29fe47a5
----------------- Done invoking toplevel() on ptolemy.moml.MoMLSimpleApplication@29fe47a5
reloadAllAccessors: .DiscreteClock24

===========================================================================================
----------------- testing Sat Jul 20 22:46:51 UTC 2019 /home/travis/build/icyphy/ptII/ptolemy/actor/lib/test/auto/DiscreteClock4.xml
----------------- Instantiating /home/travis/build/icyphy/ptII/ptolemy/actor/lib/test/auto/DiscreteClock4.xml
4 ms. Memory: 308224K Free: 213556K (69%)
----------------- Invoking toplevel() on ptolemy.moml.MoMLSimpleApplication@3408f7d4
----------------- Done invoking toplevel() on ptolemy.moml.MoMLSimpleApplication@3408f7d4
reloadAllAccessors: .DiscreteClock4

===========================================================================================
----------------- testing Sat Jul 20 22:46:51 UTC 2019 /home/travis/build/icyphy/ptII/ptolemy/actor/lib/test/auto/DiscreteClock5.xml
----------------- Instantiating /home/travis/build/icyphy/ptII/ptolemy/actor/lib/test/auto/DiscreteClock5.xml
1 ms. Memory: 308224K Free: 207908K (67%)
----------------- Invoking toplevel() on ptolemy.moml.MoMLSimpleApplication@2fd333eb
----------------- Done invoking toplevel() on ptolemy.moml.MoMLSimpleApplication@2fd333eb
reloadAllAccessors: .DiscreteClock5

===========================================================================================
----------------- testing Sat Jul 20 22:46:51 UTC 2019 /home/travis/build/icyphy/ptII/ptolemy/actor/lib/test/auto/DiscreteClock6.xml
----------------- Instantiating /home/travis/build/icyphy/ptII/ptolemy/actor/lib/test/auto/DiscreteClock6.xml
1 ms. Memory: 308224K Free: 203826K (66%)
----------------- Invoking toplevel() on ptolemy.moml.MoMLSimpleApplication@76c2356
----------------- Done invoking toplevel() on ptolemy.moml.MoMLSimpleApplication@76c2356
reloadAllAccessors: .DiscreteClock6

===========================================================================================
----------------- testing Sat Jul 20 22:46:51 UTC 2019 /home/travis/build/icyphy/ptII/ptolemy/actor/lib/test/auto/DiscreteClock7.xml
----------------- Instantiating /home/travis/build/icyphy/ptII/ptolemy/actor/lib/test/auto/DiscreteClock7.xml
2 ms. Memory: 308224K Free: 198706K (64%)
----------------- Invoking toplevel() on ptolemy.moml.MoMLSimpleApplication@55f5dc82
----------------- Done invoking toplevel() on ptolemy.moml.MoMLSimpleApplication@55f5dc82
reloadAllAccessors: .DiscreteClock7

===========================================================================================
----------------- testing Sat Jul 20 22:46:51 UTC 2019 /home/travis/build/icyphy/ptII/ptolemy/actor/lib/test/auto/DiscreteClock8.xml
----------------- Instantiating /home/travis/build/icyphy/ptII/ptolemy/actor/lib/test/auto/DiscreteClock8.xml
2 ms. Memory: 308224K Free: 193076K (63%)
----------------- Invoking toplevel() on ptolemy.moml.MoMLSimpleApplication@74394831
----------------- Done invoking toplevel() on ptolemy.moml.MoMLSimpleApplication@74394831
reloadAllAccessors: .DiscreteClock8

===========================================================================================
----------------- testing Sat Jul 20 22:46:51 UTC 2019 /home/travis/build/icyphy/ptII/ptolemy/actor/lib/test/auto/DiscreteClock9.xml
----------------- Instantiating /home/travis/build/icyphy/ptII/ptolemy/actor/lib/test/auto/DiscreteClock9.xml
4 ms. Memory: 308224K Free: 186932K (61%)
----------------- Invoking toplevel() on ptolemy.moml.MoMLSimpleApplication@266d07ba
----------------- Done invoking toplevel() on ptolemy.moml.MoMLSimpleApplication@266d07ba
reloadAllAccessors: .DiscreteClock9

===========================================================================================
----------------- testing Sat Jul 20 22:46:51 UTC 2019 /home/travis/build/icyphy/ptII/ptolemy/actor/lib/test/auto/DisplayArray.xml
----------------- Instantiating /home/travis/build/icyphy/ptII/ptolemy/actor/lib/test/auto/DisplayArray.xml
2 ms. Memory: 308224K Free: 183860K (60%)
----------------- Invoking toplevel() on ptolemy.moml.MoMLSimpleApplication@4ddeb949
----------------- Done invoking toplevel() on ptolemy.moml.MoMLSimpleApplication@4ddeb949
reloadAllAccessors: .DisplayArray

===========================================================================================
----------------- testing Sat Jul 20 22:46:51 UTC 2019 /home/travis/build/icyphy/ptII/ptolemy/actor/lib/test/auto/Distributor.xml
----------------- Instantiating /home/travis/build/icyphy/ptII/ptolemy/actor/lib/test/auto/Distributor.xml
2 ms. Memory: 308224K Free: 178740K (58%)
----------------- Invoking toplevel() on ptolemy.moml.MoMLSimpleApplication@40364530
----------------- Done invoking toplevel() on ptolemy.moml.MoMLSimpleApplication@40364530
reloadAllAccessors: .Distributor

===========================================================================================
----------------- testing Sat Jul 20 22:46:51 UTC 2019 /home/travis/build/icyphy/ptII/ptolemy/actor/lib/test/auto/Distributor2.xml
----------------- Instantiating /home/travis/build/icyphy/ptII/ptolemy/actor/lib/test/auto/Distributor2.xml
1 ms. Memory: 308224K Free: 173620K (56%)
----------------- Invoking toplevel() on ptolemy.moml.MoMLSimpleApplication@38d29b24
----------------- Done invoking toplevel() on ptolemy.moml.MoMLSimpleApplication@38d29b24
reloadAllAccessors: .Distributor2

===========================================================================================
----------------- testing Sat Jul 20 22:46:51 UTC 2019 /home/travis/build/icyphy/ptII/ptolemy/actor/lib/test/auto/DownSample.xml
----------------- Instantiating /home/travis/build/icyphy/ptII/ptolemy/actor/lib/test/auto/DownSample.xml
1 ms. Memory: 308224K Free: 169010K (55%)
----------------- Invoking toplevel() on ptolemy.moml.MoMLSimpleApplication@f427c9f
----------------- Done invoking toplevel() on ptolemy.moml.MoMLSimpleApplication@f427c9f
reloadAllAccessors: .DownSample

===========================================================================================
----------------- testing Sat Jul 20 22:46:51 UTC 2019 /home/travis/build/icyphy/ptII/ptolemy/actor/lib/test/auto/ElectronicUnitBase1.xml
----------------- Instantiating /home/travis/build/icyphy/ptII/ptolemy/actor/lib/test/auto/ElectronicUnitBase1.xml
19 ms. Memory: 308224K Free: 152626K (50%)
----------------- Invoking toplevel() on ptolemy.moml.MoMLSimpleApplication@7ecd4523
----------------- Done invoking toplevel() on ptolemy.moml.MoMLSimpleApplication@7ecd4523
reloadAllAccessors: .ElectronicUnitBase1

===========================================================================================
----------------- testing Sat Jul 20 22:46:51 UTC 2019 /home/travis/build/icyphy/ptII/ptolemy/actor/lib/test/auto/ElementsToArray.xml
----------------- Instantiating /home/travis/build/icyphy/ptII/ptolemy/actor/lib/test/auto/ElementsToArray.xml
2 ms. Memory: 308224K Free: 148020K (48%)
----------------- Invoking toplevel() on ptolemy.moml.MoMLSimpleApplication@669e1f15
----------------- Done invoking toplevel() on ptolemy.moml.MoMLSimpleApplication@669e1f15
reloadAllAccessors: .ElementsToArray

===========================================================================================
----------------- testing Sat Jul 20 22:46:51 UTC 2019 /home/travis/build/icyphy/ptII/ptolemy/actor/lib/test/auto/Equals.xml
----------------- Instantiating /home/travis/build/icyphy/ptII/ptolemy/actor/lib/test/auto/Equals.xml
3 ms. Memory: 308224K Free: 143410K (47%)
----------------- Invoking toplevel() on ptolemy.moml.MoMLSimpleApplication@1056f9f9
----------------- Done invoking toplevel() on ptolemy.moml.MoMLSimpleApplication@1056f9f9
reloadAllAccessors: .Equals

===========================================================================================
----------------- testing Sat Jul 20 22:46:51 UTC 2019 /home/travis/build/icyphy/ptII/ptolemy/actor/lib/test/auto/Exec.xml
----------------- Instantiating /home/travis/build/icyphy/ptII/ptolemy/actor/lib/test/auto/Exec.xml
19 ms. Memory: 308224K Free: 137764K (45%)
----------------- Invoking toplevel() on ptolemy.moml.MoMLSimpleApplication@4dc6dd50
----------------- Done invoking toplevel() on ptolemy.moml.MoMLSimpleApplication@4dc6dd50
reloadAllAccessors: .Exec

===========================================================================================
----------------- testing Sat Jul 20 22:46:51 UTC 2019 /home/travis/build/icyphy/ptII/ptolemy/actor/lib/test/auto/ExecEnvironment.xml
----------------- Instantiating /home/travis/build/icyphy/ptII/ptolemy/actor/lib/test/auto/ExecEnvironment.xml
25 ms. Memory: 308224K Free: 132132K (43%)
----------------- Invoking toplevel() on ptolemy.moml.MoMLSimpleApplication@53259b9b
----------------- Done invoking toplevel() on ptolemy.moml.MoMLSimpleApplication@53259b9b
reloadAllAccessors: .ExecEnvironment

===========================================================================================
----------------- testing Sat Jul 20 22:46:51 UTC 2019 /home/travis/build/icyphy/ptII/ptolemy/actor/lib/test/auto/ExecNonZeroReturnOutput.xml
----------------- Instantiating /home/travis/build/icyphy/ptII/ptolemy/actor/lib/test/auto/ExecNonZeroReturnOutput.xml
190 ms. Memory: 308224K Free: 120372K (39%)
----------------- Invoking toplevel() on ptolemy.moml.MoMLSimpleApplication@b7c262a
----------------- Done invoking toplevel() on ptolemy.moml.MoMLSimpleApplication@b7c262a
reloadAllAccessors: .ExecNonZeroReturnOutput

===========================================================================================
----------------- testing Sat Jul 20 22:46:52 UTC 2019 /home/travis/build/icyphy/ptII/ptolemy/actor/lib/test/auto/ExecRunDemos.xml
----------------- Instantiating /home/travis/build/icyphy/ptII/ptolemy/actor/lib/test/auto/ExecRunDemos.xml
Finished: 65 ms. Memory: 120832K Free: 104178K (86%)

Finished: 86 ms. Memory: 120832K Free: 110669K (92%)

Finished: 98 ms. Memory: 120832K Free: 110876K (92%)

Finished: 93 ms. Memory: 120832K Free: 103243K (85%)

Finished: 87 ms. Memory: 120832K Free: 104064K (86%)

11273 ms. Memory: 308224K Free: 99890K (32%)
----------------- Invoking toplevel() on ptolemy.moml.MoMLSimpleApplication@784642c8
----------------- Done invoking toplevel() on ptolemy.moml.MoMLSimpleApplication@784642c8
reloadAllAccessors: .ExecRunDemos

===========================================================================================
----------------- testing Sat Jul 20 22:47:03 UTC 2019 /home/travis/build/icyphy/ptII/ptolemy/actor/lib/test/auto/ExecStop.xml
----------------- Instantiating /home/travis/build/icyphy/ptII/ptolemy/actor/lib/test/auto/ExecStop.xml
5024 ms. Memory: 308224K Free: 164156K (53%)
----------------- Invoking toplevel() on ptolemy.moml.MoMLSimpleApplication@3e582541
----------------- Done invoking toplevel() on ptolemy.moml.MoMLSimpleApplication@3e582541
reloadAllAccessors: .ExecStop

===========================================================================================
----------------- testing Sat Jul 20 22:47:08 UTC 2019 /home/travis/build/icyphy/ptII/ptolemy/actor/lib/test/auto/ExecutionTimeSDF.xml
----------------- Instantiating /home/travis/build/icyphy/ptII/ptolemy/actor/lib/test/auto/ExecutionTimeSDF.xml
Fired ExecutionTime: 2110400000
Fired ExecutionTime: 1065200000
Fired ExecutionTime: -1044167296
6004 ms. Memory: 308224K Free: 151641K (49%)
----------------- Invoking toplevel() on ptolemy.moml.MoMLSimpleApplication@49dd2dc
----------------- Done invoking toplevel() on ptolemy.moml.MoMLSimpleApplication@49dd2dc
reloadAllAccessors: .ExecutionTimeSDF

===========================================================================================
----------------- testing Sat Jul 20 22:47:14 UTC 2019 /home/travis/build/icyphy/ptII/ptolemy/actor/lib/test/auto/Expression1.xml
----------------- Instantiating /home/travis/build/icyphy/ptII/ptolemy/actor/lib/test/auto/Expression1.xml
1 ms. Memory: 308224K Free: 148124K (48%)
----------------- Invoking toplevel() on ptolemy.moml.MoMLSimpleApplication@295cd89
----------------- Done invoking toplevel() on ptolemy.moml.MoMLSimpleApplication@295cd89
reloadAllAccessors: .Expression1

===========================================================================================
----------------- testing Sat Jul 20 22:47:14 UTC 2019 /home/travis/build/icyphy/ptII/ptolemy/actor/lib/test/auto/Expression10.xml
----------------- Instantiating /home/travis/build/icyphy/ptII/ptolemy/actor/lib/test/auto/Expression10.xml
5 ms. Memory: 308224K Free: 143025K (46%)
----------------- Invoking toplevel() on ptolemy.moml.MoMLSimpleApplication@1f6f98bf
----------------- Done invoking toplevel() on ptolemy.moml.MoMLSimpleApplication@1f6f98bf
reloadAllAccessors: .Expression10

===========================================================================================
----------------- testing Sat Jul 20 22:47:14 UTC 2019 /home/travis/build/icyphy/ptII/ptolemy/actor/lib/test/auto/Expression11.xml
----------------- Instantiating /home/travis/build/icyphy/ptII/ptolemy/actor/lib/test/auto/Expression11.xml
2 ms. Memory: 308224K Free: 138329K (45%)
----------------- Invoking toplevel() on ptolemy.moml.MoMLSimpleApplication@5cff371d
----------------- Done invoking toplevel() on ptolemy.moml.MoMLSimpleApplication@5cff371d
reloadAllAccessors: .Expression11

===========================================================================================
----------------- testing Sat Jul 20 22:47:14 UTC 2019 /home/travis/build/icyphy/ptII/ptolemy/actor/lib/test/auto/Expression12.xml
----------------- Instantiating /home/travis/build/icyphy/ptII/ptolemy/actor/lib/test/auto/Expression12.xml
2 ms. Memory: 308224K Free: 133239K (43%)
----------------- Invoking toplevel() on ptolemy.moml.MoMLSimpleApplication@384409d7
----------------- Done invoking toplevel() on ptolemy.moml.MoMLSimpleApplication@384409d7
reloadAllAccessors: .Expression12

===========================================================================================
----------------- testing Sat Jul 20 22:47:14 UTC 2019 /home/travis/build/icyphy/ptII/ptolemy/actor/lib/test/auto/Expression13.xml
----------------- Instantiating /home/travis/build/icyphy/ptII/ptolemy/actor/lib/test/auto/Expression13.xml
3 ms. Memory: 308224K Free: 128119K (42%)
----------------- Invoking toplevel() on ptolemy.moml.MoMLSimpleApplication@2de660af
----------------- Done invoking toplevel() on ptolemy.moml.MoMLSimpleApplication@2de660af
reloadAllAccessors: .Expression13

===========================================================================================
----------------- testing Sat Jul 20 22:47:14 UTC 2019 /home/travis/build/icyphy/ptII/ptolemy/actor/lib/test/auto/Expression14.xml
----------------- Instantiating /home/travis/build/icyphy/ptII/ptolemy/actor/lib/test/auto/Expression14.xml
4 ms. Memory: 308224K Free: 121975K (40%)
----------------- Invoking toplevel() on ptolemy.moml.MoMLSimpleApplication@4d45e64
----------------- Done invoking toplevel() on ptolemy.moml.MoMLSimpleApplication@4d45e64
reloadAllAccessors: .Expression14

===========================================================================================
----------------- testing Sat Jul 20 22:47:14 UTC 2019 /home/travis/build/icyphy/ptII/ptolemy/actor/lib/test/auto/Expression15.xml
----------------- Instantiating /home/travis/build/icyphy/ptII/ptolemy/actor/lib/test/auto/Expression15.xml
1 ms. Memory: 308224K Free: 117857K (38%)
----------------- Invoking toplevel() on ptolemy.moml.MoMLSimpleApplication@7c9bf31f
----------------- Done invoking toplevel() on ptolemy.moml.MoMLSimpleApplication@7c9bf31f
reloadAllAccessors: .Expression15

===========================================================================================
----------------- testing Sat Jul 20 22:47:14 UTC 2019 /home/travis/build/icyphy/ptII/ptolemy/actor/lib/test/auto/Expression16.xml
----------------- Instantiating /home/travis/build/icyphy/ptII/ptolemy/actor/lib/test/auto/Expression16.xml
2 ms. Memory: 308224K Free: 112759K (37%)
----------------- Invoking toplevel() on ptolemy.moml.MoMLSimpleApplication@5857770c
----------------- Done invoking toplevel() on ptolemy.moml.MoMLSimpleApplication@5857770c
reloadAllAccessors: .Expression16

===========================================================================================
----------------- testing Sat Jul 20 22:47:14 UTC 2019 /home/travis/build/icyphy/ptII/ptolemy/actor/lib/test/auto/Expression17.xml
----------------- Instantiating /home/travis/build/icyphy/ptII/ptolemy/actor/lib/test/auto/Expression17.xml
3 ms. Memory: 308224K Free: 108180K (35%)
----------------- Invoking toplevel() on ptolemy.moml.MoMLSimpleApplication@418dfa88
----------------- Done invoking toplevel() on ptolemy.moml.MoMLSimpleApplication@418dfa88
reloadAllAccessors: .Expression17

===========================================================================================
----------------- testing Sat Jul 20 22:47:14 UTC 2019 /home/travis/build/icyphy/ptII/ptolemy/actor/lib/test/auto/Expression18.xml
----------------- Instantiating /home/travis/build/icyphy/ptII/ptolemy/actor/lib/test/auto/Expression18.xml
4 ms. Memory: 308224K Free: 102974K (33%)
----------------- Invoking toplevel() on ptolemy.moml.MoMLSimpleApplication@526dcc09
----------------- Done invoking toplevel() on ptolemy.moml.MoMLSimpleApplication@526dcc09
reloadAllAccessors: .Expression18

===========================================================================================
----------------- testing Sat Jul 20 22:47:14 UTC 2019 /home/travis/build/icyphy/ptII/ptolemy/actor/lib/test/auto/Expression2.xml
----------------- Instantiating /home/travis/build/icyphy/ptII/ptolemy/actor/lib/test/auto/Expression2.xml
2 ms. Memory: 308224K Free: 98423K (32%)
----------------- Invoking toplevel() on ptolemy.moml.MoMLSimpleApplication@302f6b4d
----------------- Done invoking toplevel() on ptolemy.moml.MoMLSimpleApplication@302f6b4d
reloadAllAccessors: .Expression2

===========================================================================================
----------------- testing Sat Jul 20 22:47:14 UTC 2019 /home/travis/build/icyphy/ptII/ptolemy/actor/lib/test/auto/Expression3.xml
----------------- Instantiating /home/travis/build/icyphy/ptII/ptolemy/actor/lib/test/auto/Expression3.xml
6 ms. Memory: 308224K Free: 93302K (30%)
----------------- Invoking toplevel() on ptolemy.moml.MoMLSimpleApplication@2c5b5cc1
----------------- Done invoking toplevel() on ptolemy.moml.MoMLSimpleApplication@2c5b5cc1
reloadAllAccessors: .Expression3

===========================================================================================
----------------- testing Sat Jul 20 22:47:14 UTC 2019 /home/travis/build/icyphy/ptII/ptolemy/actor/lib/test/auto/Expression4.xml
----------------- Instantiating /home/travis/build/icyphy/ptII/ptolemy/actor/lib/test/auto/Expression4.xml
5 ms. Memory: 308224K Free: 86135K (28%)
----------------- Invoking toplevel() on ptolemy.moml.MoMLSimpleApplication@5f288fe0
----------------- Done invoking toplevel() on ptolemy.moml.MoMLSimpleApplication@5f288fe0
reloadAllAccessors: .Expression4

===========================================================================================
----------------- testing Sat Jul 20 22:47:14 UTC 2019 /home/travis/build/icyphy/ptII/ptolemy/actor/lib/test/auto/Expression5.xml
----------------- Instantiating /home/travis/build/icyphy/ptII/ptolemy/actor/lib/test/auto/Expression5.xml
6 ms. Memory: 308224K Free: 81015K (26%)
----------------- Invoking toplevel() on ptolemy.moml.MoMLSimpleApplication@42507d34
----------------- Done invoking toplevel() on ptolemy.moml.MoMLSimpleApplication@42507d34
reloadAllAccessors: .Expression5

===========================================================================================
----------------- testing Sat Jul 20 22:47:14 UTC 2019 /home/travis/build/icyphy/ptII/ptolemy/actor/lib/test/auto/Expression6.xml
----------------- Instantiating /home/travis/build/icyphy/ptII/ptolemy/actor/lib/test/auto/Expression6.xml
2 ms. Memory: 308224K Free: 258038K (84%)
----------------- Invoking toplevel() on ptolemy.moml.MoMLSimpleApplication@5b58ce72
----------------- Done invoking toplevel() on ptolemy.moml.MoMLSimpleApplication@5b58ce72
reloadAllAccessors: .Expression6

===========================================================================================
----------------- testing Sat Jul 20 22:47:14 UTC 2019 /home/travis/build/icyphy/ptII/ptolemy/actor/lib/test/auto/Expression7.xml
----------------- Instantiating /home/travis/build/icyphy/ptII/ptolemy/actor/lib/test/auto/Expression7.xml
9 ms. Memory: 308224K Free: 252915K (82%)
----------------- Invoking toplevel() on ptolemy.moml.MoMLSimpleApplication@771e62fa
----------------- Done invoking toplevel() on ptolemy.moml.MoMLSimpleApplication@771e62fa
reloadAllAccessors: .Expression7

===========================================================================================
----------------- testing Sat Jul 20 22:47:14 UTC 2019 /home/travis/build/icyphy/ptII/ptolemy/actor/lib/test/auto/Expression8.xml
----------------- Instantiating /home/travis/build/icyphy/ptII/ptolemy/actor/lib/test/auto/Expression8.xml
8 ms. Memory: 308224K Free: 247798K (80%)
----------------- Invoking toplevel() on ptolemy.moml.MoMLSimpleApplication@6df5009f
----------------- Done invoking toplevel() on ptolemy.moml.MoMLSimpleApplication@6df5009f
reloadAllAccessors: .Expression8

===========================================================================================
----------------- testing Sat Jul 20 22:47:14 UTC 2019 /home/travis/build/icyphy/ptII/ptolemy/actor/lib/test/auto/Expression9.xml
----------------- Instantiating /home/travis/build/icyphy/ptII/ptolemy/actor/lib/test/auto/Expression9.xml
1 ms. Memory: 308224K Free: 243702K (79%)
----------------- Invoking toplevel() on ptolemy.moml.MoMLSimpleApplication@34d26f91
----------------- Done invoking toplevel() on ptolemy.moml.MoMLSimpleApplication@34d26f91
reloadAllAccessors: .Expression9

===========================================================================================
----------------- testing Sat Jul 20 22:47:14 UTC 2019 /home/travis/build/icyphy/ptII/ptolemy/actor/lib/test/auto/ExpressionConcatenateArrayType.xml
----------------- Instantiating /home/travis/build/icyphy/ptII/ptolemy/actor/lib/test/auto/ExpressionConcatenateArrayType.xml
3 ms. Memory: 308224K Free: 237558K (77%)
----------------- Invoking toplevel() on ptolemy.moml.MoMLSimpleApplication@3efaa88d
----------------- Done invoking toplevel() on ptolemy.moml.MoMLSimpleApplication@3efaa88d
reloadAllAccessors: .ExpressionConcatenateArrayType

===========================================================================================
----------------- testing Sat Jul 20 22:47:14 UTC 2019 /home/travis/build/icyphy/ptII/ptolemy/actor/lib/test/auto/ExpressionConcatenateArrayType2.xml
----------------- Instantiating /home/travis/build/icyphy/ptII/ptolemy/actor/lib/test/auto/ExpressionConcatenateArrayType2.xml
2 ms. Memory: 308224K Free: 231928K (75%)
----------------- Invoking toplevel() on ptolemy.moml.MoMLSimpleApplication@6a5da806
----------------- Done invoking toplevel() on ptolemy.moml.MoMLSimpleApplication@6a5da806
reloadAllAccessors: .ExpressionConcatenateArrayType2

===========================================================================================
----------------- testing Sat Jul 20 22:47:15 UTC 2019 /home/travis/build/icyphy/ptII/ptolemy/actor/lib/test/auto/ExpressionFix.xml
----------------- Instantiating /home/travis/build/icyphy/ptII/ptolemy/actor/lib/test/auto/ExpressionFix.xml
24 ms. Memory: 308224K Free: 225270K (73%)
----------------- Invoking toplevel() on ptolemy.moml.MoMLSimpleApplication@368405ef
----------------- Done invoking toplevel() on ptolemy.moml.MoMLSimpleApplication@368405ef
reloadAllAccessors: .ExpressionFix

===========================================================================================
----------------- testing Sat Jul 20 22:47:15 UTC 2019 /home/travis/build/icyphy/ptII/ptolemy/actor/lib/test/auto/ExpressionFix2.xml
----------------- Instantiating /home/travis/build/icyphy/ptII/ptolemy/actor/lib/test/auto/ExpressionFix2.xml
4 ms. Memory: 308224K Free: 221688K (72%)
----------------- Invoking toplevel() on ptolemy.moml.MoMLSimpleApplication@78c45685
----------------- Done invoking toplevel() on ptolemy.moml.MoMLSimpleApplication@78c45685
reloadAllAccessors: .ExpressionFix2

===========================================================================================
----------------- testing Sat Jul 20 22:47:15 UTC 2019 /home/travis/build/icyphy/ptII/ptolemy/actor/lib/test/auto/ExpressionFix3.xml
----------------- Instantiating /home/travis/build/icyphy/ptII/ptolemy/actor/lib/test/auto/ExpressionFix3.xml
3 ms. Memory: 308224K Free: 217078K (70%)
----------------- Invoking toplevel() on ptolemy.moml.MoMLSimpleApplication@f1da8e2
----------------- Done invoking toplevel() on ptolemy.moml.MoMLSimpleApplication@f1da8e2
reloadAllAccessors: .ExpressionFix3

===========================================================================================
----------------- testing Sat Jul 20 22:47:15 UTC 2019 /home/travis/build/icyphy/ptII/ptolemy/actor/lib/test/auto/FileWriter1.xml
----------------- Instantiating /home/travis/build/icyphy/ptII/ptolemy/actor/lib/test/auto/FileWriter1.xml
2 ms. Memory: 308224K Free: 212982K (69%)
----------------- Invoking toplevel() on ptolemy.moml.MoMLSimpleApplication@643cd9b0
----------------- Done invoking toplevel() on ptolemy.moml.MoMLSimpleApplication@643cd9b0
reloadAllAccessors: .FileWriter1

===========================================================================================
----------------- testing Sat Jul 20 22:47:15 UTC 2019 /home/travis/build/icyphy/ptII/ptolemy/actor/lib/test/auto/FileWriter2.xml
----------------- Instantiating /home/travis/build/icyphy/ptII/ptolemy/actor/lib/test/auto/FileWriter2.xml
2 ms. Memory: 308224K Free: 208872K (68%)
----------------- Invoking toplevel() on ptolemy.moml.MoMLSimpleApplication@344acbc1
----------------- Done invoking toplevel() on ptolemy.moml.MoMLSimpleApplication@344acbc1
reloadAllAccessors: .FileWriter2

===========================================================================================
----------------- testing Sat Jul 20 22:47:15 UTC 2019 /home/travis/build/icyphy/ptII/ptolemy/actor/lib/test/auto/FileWriter3.xml
----------------- Instantiating /home/travis/build/icyphy/ptII/ptolemy/actor/lib/test/auto/FileWriter3.xml
5 ms. Memory: 308224K Free: 204790K (66%)
----------------- Invoking toplevel() on ptolemy.moml.MoMLSimpleApplication@172bff95
----------------- Done invoking toplevel() on ptolemy.moml.MoMLSimpleApplication@172bff95
reloadAllAccessors: .FileWriter3

===========================================================================================
----------------- testing Sat Jul 20 22:47:15 UTC 2019 /home/travis/build/icyphy/ptII/ptolemy/actor/lib/test/auto/Gaussian.xml
----------------- Instantiating /home/travis/build/icyphy/ptII/ptolemy/actor/lib/test/auto/Gaussian.xml
2 ms. Memory: 308224K Free: 200184K (65%)
----------------- Invoking toplevel() on ptolemy.moml.MoMLSimpleApplication@6a6c8f41
----------------- Done invoking toplevel() on ptolemy.moml.MoMLSimpleApplication@6a6c8f41
reloadAllAccessors: .Gaussian

===========================================================================================
----------------- testing Sat Jul 20 22:47:15 UTC 2019 /home/travis/build/icyphy/ptII/ptolemy/actor/lib/test/auto/Gaussian1.xml
----------------- Instantiating /home/travis/build/icyphy/ptII/ptolemy/actor/lib/test/auto/Gaussian1.xml
2 ms. Memory: 308224K Free: 195064K (63%)
----------------- Invoking toplevel() on ptolemy.moml.MoMLSimpleApplication@51be5d2b
----------------- Done invoking toplevel() on ptolemy.moml.MoMLSimpleApplication@51be5d2b
reloadAllAccessors: .Gaussian1

===========================================================================================
----------------- testing Sat Jul 20 22:47:15 UTC 2019 /home/travis/build/icyphy/ptII/ptolemy/actor/lib/test/auto/Gaussian2.xml
----------------- Instantiating /home/travis/build/icyphy/ptII/ptolemy/actor/lib/test/auto/Gaussian2.xml
10 ms. Memory: 308224K Free: 189416K (61%)
----------------- Invoking toplevel() on ptolemy.moml.MoMLSimpleApplication@3ca068f2
----------------- Done invoking toplevel() on ptolemy.moml.MoMLSimpleApplication@3ca068f2
reloadAllAccessors: .Gaussian2

===========================================================================================
----------------- testing Sat Jul 20 22:47:15 UTC 2019 /home/travis/build/icyphy/ptII/ptolemy/actor/lib/test/auto/GradientAdaptiveLattice.xml
----------------- Instantiating /home/travis/build/icyphy/ptII/ptolemy/actor/lib/test/auto/GradientAdaptiveLattice.xml
4 ms. Memory: 308224K Free: 184310K (60%)
----------------- Invoking toplevel() on ptolemy.moml.MoMLSimpleApplication@50b6becd
----------------- Done invoking toplevel() on ptolemy.moml.MoMLSimpleApplication@50b6becd
reloadAllAccessors: .GradientAdaptiveLattice

===========================================================================================
----------------- testing Sat Jul 20 22:47:15 UTC 2019 /home/travis/build/icyphy/ptII/ptolemy/actor/lib/test/auto/IIR.xml
----------------- Instantiating /home/travis/build/icyphy/ptII/ptolemy/actor/lib/test/auto/IIR.xml
1 ms. Memory: 308224K Free: 179704K (58%)
----------------- Invoking toplevel() on ptolemy.moml.MoMLSimpleApplication@61678c3b
----------------- Done invoking toplevel() on ptolemy.moml.MoMLSimpleApplication@61678c3b
reloadAllAccessors: .IIR

===========================================================================================
----------------- testing Sat Jul 20 22:47:15 UTC 2019 /home/travis/build/icyphy/ptII/ptolemy/actor/lib/test/auto/InputOutputTransparentPorts.xml
----------------- Instantiating /home/travis/build/icyphy/ptII/ptolemy/actor/lib/test/auto/InputOutputTransparentPorts.xml
2 ms. Memory: 308224K Free: 173046K (56%)
----------------- Invoking toplevel() on ptolemy.moml.MoMLSimpleApplication@648e425a
----------------- Done invoking toplevel() on ptolemy.moml.MoMLSimpleApplication@648e425a
reloadAllAccessors: .InputOutputTransparentPorts

===========================================================================================
----------------- testing Sat Jul 20 22:47:15 UTC 2019 /home/travis/build/icyphy/ptII/ptolemy/actor/lib/test/auto/Interpolator.xml
----------------- Instantiating /home/travis/build/icyphy/ptII/ptolemy/actor/lib/test/auto/Interpolator.xml
5 ms. Memory: 308224K Free: 168950K (55%)
----------------- Invoking toplevel() on ptolemy.moml.MoMLSimpleApplication@64a4b431
----------------- Done invoking toplevel() on ptolemy.moml.MoMLSimpleApplication@64a4b431
reloadAllAccessors: .Interpolator

===========================================================================================
----------------- testing Sat Jul 20 22:47:15 UTC 2019 /home/travis/build/icyphy/ptII/ptolemy/actor/lib/test/auto/InterpolatorFiringLimitDE.xml
----------------- Instantiating /home/travis/build/icyphy/ptII/ptolemy/actor/lib/test/auto/InterpolatorFiringLimitDE.xml
2 ms. Memory: 308224K Free: 162806K (53%)
----------------- Invoking toplevel() on ptolemy.moml.MoMLSimpleApplication@4689cca0
----------------- Done invoking toplevel() on ptolemy.moml.MoMLSimpleApplication@4689cca0
reloadAllAccessors: .InterpolatorFiringLimitDE

===========================================================================================
----------------- testing Sat Jul 20 22:47:15 UTC 2019 /home/travis/build/icyphy/ptII/ptolemy/actor/lib/test/auto/Lattice.xml
----------------- Instantiating /home/travis/build/icyphy/ptII/ptolemy/actor/lib/test/auto/Lattice.xml
1 ms. Memory: 308224K Free: 158710K (51%)
----------------- Invoking toplevel() on ptolemy.moml.MoMLSimpleApplication@5cbfc900
----------------- Done invoking toplevel() on ptolemy.moml.MoMLSimpleApplication@5cbfc900
reloadAllAccessors: .Lattice

===========================================================================================
----------------- testing Sat Jul 20 22:47:15 UTC 2019 /home/travis/build/icyphy/ptII/ptolemy/actor/lib/test/auto/LazyAOCTestLazy.xml
----------------- Instantiating /home/travis/build/icyphy/ptII/ptolemy/actor/lib/test/auto/LazyAOCTestLazy.xml
27 ms. Memory: 308224K Free: 153080K (50%)
----------------- Invoking toplevel() on ptolemy.moml.MoMLSimpleApplication@2d9aa8ba
----------------- Done invoking toplevel() on ptolemy.moml.MoMLSimpleApplication@2d9aa8ba
reloadAllAccessors: .LazyAOCTestLazy

===========================================================================================
----------------- testing Sat Jul 20 22:47:15 UTC 2019 /home/travis/build/icyphy/ptII/ptolemy/actor/lib/test/auto/LazyAOCTestNonLazy.xml
----------------- Instantiating /home/travis/build/icyphy/ptII/ptolemy/actor/lib/test/auto/LazyAOCTestNonLazy.xml
2 ms. Memory: 308224K Free: 146422K (48%)
----------------- Invoking toplevel() on ptolemy.moml.MoMLSimpleApplication@355e8f8b
----------------- Done invoking toplevel() on ptolemy.moml.MoMLSimpleApplication@355e8f8b
reloadAllAccessors: .LazyAOCTestNonLazy

===========================================================================================
----------------- testing Sat Jul 20 22:47:15 UTC 2019 /home/travis/build/icyphy/ptII/ptolemy/actor/lib/test/auto/LazyInnerClass.xml
----------------- Instantiating /home/travis/build/icyphy/ptII/ptolemy/actor/lib/test/auto/LazyInnerClass.xml
11 ms. Memory: 308224K Free: 137720K (45%)
----------------- Invoking toplevel() on ptolemy.moml.MoMLSimpleApplication@6a8e0e13
----------------- Done invoking toplevel() on ptolemy.moml.MoMLSimpleApplication@6a8e0e13
reloadAllAccessors: .LazyInnerClass

===========================================================================================
----------------- testing Sat Jul 20 22:47:15 UTC 2019 /home/travis/build/icyphy/ptII/ptolemy/actor/lib/test/auto/LazyPubSub.xml
----------------- Instantiating /home/travis/build/icyphy/ptII/ptolemy/actor/lib/test/auto/LazyPubSub.xml
27 ms. Memory: 308224K Free: 127990K (42%)
----------------- Invoking toplevel() on ptolemy.moml.MoMLSimpleApplication@1293641
----------------- Done invoking toplevel() on ptolemy.moml.MoMLSimpleApplication@1293641
reloadAllAccessors: .LazyPubSub

===========================================================================================
----------------- testing Sat Jul 20 22:47:15 UTC 2019 /home/travis/build/icyphy/ptII/ptolemy/actor/lib/test/auto/LazyPubSub2.xml
----------------- Instantiating /home/travis/build/icyphy/ptII/ptolemy/actor/lib/test/auto/LazyPubSub2.xml
27 ms. Memory: 308224K Free: 117750K (38%)
----------------- Invoking toplevel() on ptolemy.moml.MoMLSimpleApplication@2011264c
----------------- Done invoking toplevel() on ptolemy.moml.MoMLSimpleApplication@2011264c
reloadAllAccessors: .LazyPubSub2

===========================================================================================
----------------- testing Sat Jul 20 22:47:15 UTC 2019 /home/travis/build/icyphy/ptII/ptolemy/actor/lib/test/auto/LazyPubSub3.xml
----------------- Instantiating /home/travis/build/icyphy/ptII/ptolemy/actor/lib/test/auto/LazyPubSub3.xml
16 ms. Memory: 308224K Free: 107510K (35%)
----------------- Invoking toplevel() on ptolemy.moml.MoMLSimpleApplication@30a56c23
----------------- Done invoking toplevel() on ptolemy.moml.MoMLSimpleApplication@30a56c23
reloadAllAccessors: .LazyPubSub3

===========================================================================================
----------------- testing Sat Jul 20 22:47:15 UTC 2019 /home/travis/build/icyphy/ptII/ptolemy/actor/lib/test/auto/LazySubClassModel.xml
----------------- Instantiating /home/travis/build/icyphy/ptII/ptolemy/actor/lib/test/auto/LazySubClassModel.xml
14 ms. Memory: 308224K Free: 98294K (32%)
----------------- Invoking toplevel() on ptolemy.moml.MoMLSimpleApplication@6ab1e503
----------------- Done invoking toplevel() on ptolemy.moml.MoMLSimpleApplication@6ab1e503
reloadAllAccessors: .LazySubClassModel

===========================================================================================
----------------- testing Sat Jul 20 22:47:15 UTC 2019 /home/travis/build/icyphy/ptII/ptolemy/actor/lib/test/auto/LevelCrossTest1.xml
----------------- Instantiating /home/travis/build/icyphy/ptII/ptolemy/actor/lib/test/auto/LevelCrossTest1.xml
2 ms. Memory: 308224K Free: 93174K (30%)
----------------- Invoking toplevel() on ptolemy.moml.MoMLSimpleApplication@16437ef5
----------------- Done invoking toplevel() on ptolemy.moml.MoMLSimpleApplication@16437ef5
reloadAllAccessors: .broken

===========================================================================================
----------------- testing Sat Jul 20 22:47:15 UTC 2019 /home/travis/build/icyphy/ptII/ptolemy/actor/lib/test/auto/LevelCrossTest10.xml
----------------- Instantiating /home/travis/build/icyphy/ptII/ptolemy/actor/lib/test/auto/LevelCrossTest10.xml
2 ms. Memory: 308224K Free: 86520K (28%)
----------------- Invoking toplevel() on ptolemy.moml.MoMLSimpleApplication@6d8c2e99
----------------- Done invoking toplevel() on ptolemy.moml.MoMLSimpleApplication@6d8c2e99
reloadAllAccessors: .LevelCrossTest10

===========================================================================================
----------------- testing Sat Jul 20 22:47:15 UTC 2019 /home/travis/build/icyphy/ptII/ptolemy/actor/lib/test/auto/LevelCrossTest11.xml
----------------- Instantiating /home/travis/build/icyphy/ptII/ptolemy/actor/lib/test/auto/LevelCrossTest11.xml
1 ms. Memory: 308224K Free: 79352K (26%)
----------------- Invoking toplevel() on ptolemy.moml.MoMLSimpleApplication@20a75fff
----------------- Done invoking toplevel() on ptolemy.moml.MoMLSimpleApplication@20a75fff
reloadAllAccessors: .LevelCrossTest11

===========================================================================================
----------------- testing Sat Jul 20 22:47:15 UTC 2019 /home/travis/build/icyphy/ptII/ptolemy/actor/lib/test/auto/LevelCrossTest12.xml
----------------- Instantiating /home/travis/build/icyphy/ptII/ptolemy/actor/lib/test/auto/LevelCrossTest12.xml
2 ms. Memory: 308224K Free: 253648K (82%)
----------------- Invoking toplevel() on ptolemy.moml.MoMLSimpleApplication@1e0871a3
----------------- Done invoking toplevel() on ptolemy.moml.MoMLSimpleApplication@1e0871a3
reloadAllAccessors: .LevelCrossTest12

===========================================================================================
----------------- testing Sat Jul 20 22:47:15 UTC 2019 /home/travis/build/icyphy/ptII/ptolemy/actor/lib/test/auto/LevelCrossTest13.xml
----------------- Instantiating /home/travis/build/icyphy/ptII/ptolemy/actor/lib/test/auto/LevelCrossTest13.xml
1 ms. Memory: 308224K Free: 246480K (80%)
----------------- Invoking toplevel() on ptolemy.moml.MoMLSimpleApplication@e96b7eb
----------------- Done invoking toplevel() on ptolemy.moml.MoMLSimpleApplication@e96b7eb
reloadAllAccessors: .LevelCrossTest13

===========================================================================================
----------------- testing Sat Jul 20 22:47:15 UTC 2019 /home/travis/build/icyphy/ptII/ptolemy/actor/lib/test/auto/LevelCrossTest2.xml
----------------- Instantiating /home/travis/build/icyphy/ptII/ptolemy/actor/lib/test/auto/LevelCrossTest2.xml
1 ms. Memory: 308224K Free: 240850K (78%)
----------------- Invoking toplevel() on ptolemy.moml.MoMLSimpleApplication@52f8b183
----------------- Done invoking toplevel() on ptolemy.moml.MoMLSimpleApplication@52f8b183
reloadAllAccessors: .broken

===========================================================================================
----------------- testing Sat Jul 20 22:47:15 UTC 2019 /home/travis/build/icyphy/ptII/ptolemy/actor/lib/test/auto/LevelCrossTest3.xml
----------------- Instantiating /home/travis/build/icyphy/ptII/ptolemy/actor/lib/test/auto/LevelCrossTest3.xml
1 ms. Memory: 308224K Free: 234706K (76%)
----------------- Invoking toplevel() on ptolemy.moml.MoMLSimpleApplication@55065249
----------------- Done invoking toplevel() on ptolemy.moml.MoMLSimpleApplication@55065249
reloadAllAccessors: .LevelCrossTest3

===========================================================================================
----------------- testing Sat Jul 20 22:47:15 UTC 2019 /home/travis/build/icyphy/ptII/ptolemy/actor/lib/test/auto/LevelCrossTest4.xml
----------------- Instantiating /home/travis/build/icyphy/ptII/ptolemy/actor/lib/test/auto/LevelCrossTest4.xml
2 ms. Memory: 308224K Free: 229072K (74%)
----------------- Invoking toplevel() on ptolemy.moml.MoMLSimpleApplication@43b65fd5
----------------- Done invoking toplevel() on ptolemy.moml.MoMLSimpleApplication@43b65fd5
reloadAllAccessors: .broken

===========================================================================================
----------------- testing Sat Jul 20 22:47:15 UTC 2019 /home/travis/build/icyphy/ptII/ptolemy/actor/lib/test/auto/LevelCrossTest5.xml
----------------- Instantiating /home/travis/build/icyphy/ptII/ptolemy/actor/lib/test/auto/LevelCrossTest5.xml
1 ms. Memory: 308224K Free: 222418K (72%)
----------------- Invoking toplevel() on ptolemy.moml.MoMLSimpleApplication@7d1be052
----------------- Done invoking toplevel() on ptolemy.moml.MoMLSimpleApplication@7d1be052
reloadAllAccessors: .LevelCrossTest5

===========================================================================================
----------------- testing Sat Jul 20 22:47:15 UTC 2019 /home/travis/build/icyphy/ptII/ptolemy/actor/lib/test/auto/LevelCrossTest6.xml
----------------- Instantiating /home/travis/build/icyphy/ptII/ptolemy/actor/lib/test/auto/LevelCrossTest6.xml
1 ms. Memory: 308224K Free: 215760K (70%)
----------------- Invoking toplevel() on ptolemy.moml.MoMLSimpleApplication@6ee63c7e
----------------- Done invoking toplevel() on ptolemy.moml.MoMLSimpleApplication@6ee63c7e
reloadAllAccessors: .LevelCrossTest6

===========================================================================================
----------------- testing Sat Jul 20 22:47:15 UTC 2019 /home/travis/build/icyphy/ptII/ptolemy/actor/lib/test/auto/LevelCrossTest7.xml
----------------- Instantiating /home/travis/build/icyphy/ptII/ptolemy/actor/lib/test/auto/LevelCrossTest7.xml
2 ms. Memory: 308224K Free: 208082K (68%)
----------------- Invoking toplevel() on ptolemy.moml.MoMLSimpleApplication@9c32688
----------------- Done invoking toplevel() on ptolemy.moml.MoMLSimpleApplication@9c32688
reloadAllAccessors: .LevelCrossTest7

===========================================================================================
----------------- testing Sat Jul 20 22:47:15 UTC 2019 /home/travis/build/icyphy/ptII/ptolemy/actor/lib/test/auto/LevelCrossTest8.xml
----------------- Instantiating /home/travis/build/icyphy/ptII/ptolemy/actor/lib/test/auto/LevelCrossTest8.xml
1 ms. Memory: 308224K Free: 200914K (65%)
----------------- Invoking toplevel() on ptolemy.moml.MoMLSimpleApplication@abe4890
----------------- Done invoking toplevel() on ptolemy.moml.MoMLSimpleApplication@abe4890
reloadAllAccessors: .LevelCrossTest8

===========================================================================================
----------------- testing Sat Jul 20 22:47:15 UTC 2019 /home/travis/build/icyphy/ptII/ptolemy/actor/lib/test/auto/LevelCrossTest9.xml
----------------- Instantiating /home/travis/build/icyphy/ptII/ptolemy/actor/lib/test/auto/LevelCrossTest9.xml
2 ms. Memory: 308224K Free: 193746K (63%)
----------------- Invoking toplevel() on ptolemy.moml.MoMLSimpleApplication@43a20a44
----------------- Done invoking toplevel() on ptolemy.moml.MoMLSimpleApplication@43a20a44
reloadAllAccessors: .LevelCrossTest9

===========================================================================================
----------------- testing Sat Jul 20 22:47:15 UTC 2019 /home/travis/build/icyphy/ptII/ptolemy/actor/lib/test/auto/LevinsonDurbin.xml
----------------- Instantiating /home/travis/build/icyphy/ptII/ptolemy/actor/lib/test/auto/LevinsonDurbin.xml
1 ms. Memory: 308224K Free: 190160K (62%)
----------------- Invoking toplevel() on ptolemy.moml.MoMLSimpleApplication@75cff285
----------------- Done invoking toplevel() on ptolemy.moml.MoMLSimpleApplication@75cff285
reloadAllAccessors: .LevinsonDurbin

===========================================================================================
----------------- testing Sat Jul 20 22:47:15 UTC 2019 /home/travis/build/icyphy/ptII/ptolemy/actor/lib/test/auto/LevinsonDurbin2.xml
----------------- Instantiating /home/travis/build/icyphy/ptII/ptolemy/actor/lib/test/auto/LevinsonDurbin2.xml
6 ms. Memory: 308224K Free: 186064K (60%)
----------------- Invoking toplevel() on ptolemy.moml.MoMLSimpleApplication@3f1a3a45
----------------- Done invoking toplevel() on ptolemy.moml.MoMLSimpleApplication@3f1a3a45
reloadAllAccessors: .LevinsonDurbin2

===========================================================================================
----------------- testing Sat Jul 20 22:47:15 UTC 2019 /home/travis/build/icyphy/ptII/ptolemy/actor/lib/test/auto/LevinsonDurbin3.xml
----------------- Instantiating /home/travis/build/icyphy/ptII/ptolemy/actor/lib/test/auto/LevinsonDurbin3.xml
1 ms. Memory: 308224K Free: 181968K (59%)
----------------- Invoking toplevel() on ptolemy.moml.MoMLSimpleApplication@3db30f92
----------------- Done invoking toplevel() on ptolemy.moml.MoMLSimpleApplication@3db30f92
reloadAllAccessors: .LevinsonDurbin3

===========================================================================================
----------------- testing Sat Jul 20 22:47:15 UTC 2019 /home/travis/build/icyphy/ptII/ptolemy/actor/lib/test/auto/Limiter.xml
----------------- Instantiating /home/travis/build/icyphy/ptII/ptolemy/actor/lib/test/auto/Limiter.xml
3 ms. Memory: 308224K Free: 172722K (56%)
----------------- Invoking toplevel() on ptolemy.moml.MoMLSimpleApplication@261d54b6
----------------- Done invoking toplevel() on ptolemy.moml.MoMLSimpleApplication@261d54b6
reloadAllAccessors: .Limiter

===========================================================================================
----------------- testing Sat Jul 20 22:47:15 UTC 2019 /home/travis/build/icyphy/ptII/ptolemy/actor/lib/test/auto/LinearDifferenceEquationSystem.xml
----------------- Instantiating /home/travis/build/icyphy/ptII/ptolemy/actor/lib/test/auto/LinearDifferenceEquationSystem.xml
5 ms. Memory: 308224K Free: 165074K (54%)
----------------- Invoking toplevel() on ptolemy.moml.MoMLSimpleApplication@6923d615
----------------- Done invoking toplevel() on ptolemy.moml.MoMLSimpleApplication@6923d615
reloadAllAccessors: .LinearDifferenceEquationSystem

===========================================================================================
----------------- testing Sat Jul 20 22:47:16 UTC 2019 /home/travis/build/icyphy/ptII/ptolemy/actor/lib/test/auto/LookupTable.xml
----------------- Instantiating /home/travis/build/icyphy/ptII/ptolemy/actor/lib/test/auto/LookupTable.xml
2 ms. Memory: 308224K Free: 160978K (52%)
----------------- Invoking toplevel() on ptolemy.moml.MoMLSimpleApplication@47ebe18d
----------------- Done invoking toplevel() on ptolemy.moml.MoMLSimpleApplication@47ebe18d
reloadAllAccessors: .LookupTable

===========================================================================================
----------------- testing Sat Jul 20 22:47:16 UTC 2019 /home/travis/build/icyphy/ptII/ptolemy/actor/lib/test/auto/MathFunction.xml
----------------- Instantiating /home/travis/build/icyphy/ptII/ptolemy/actor/lib/test/auto/MathFunction.xml
2 ms. Memory: 308224K Free: 152786K (50%)
----------------- Invoking toplevel() on ptolemy.moml.MoMLSimpleApplication@50063782
----------------- Done invoking toplevel() on ptolemy.moml.MoMLSimpleApplication@50063782
reloadAllAccessors: .MathFunction

===========================================================================================
----------------- testing Sat Jul 20 22:47:16 UTC 2019 /home/travis/build/icyphy/ptII/ptolemy/actor/lib/test/auto/MathFunction2.xml
----------------- Instantiating /home/travis/build/icyphy/ptII/ptolemy/actor/lib/test/auto/MathFunction2.xml
6 ms. Memory: 308224K Free: 148690K (48%)
----------------- Invoking toplevel() on ptolemy.moml.MoMLSimpleApplication@6eb88d30
----------------- Done invoking toplevel() on ptolemy.moml.MoMLSimpleApplication@6eb88d30
reloadAllAccessors: .MathFunction2

===========================================================================================
----------------- testing Sat Jul 20 22:47:16 UTC 2019 /home/travis/build/icyphy/ptII/ptolemy/actor/lib/test/auto/MathFunction3.xml
----------------- Instantiating /home/travis/build/icyphy/ptII/ptolemy/actor/lib/test/auto/MathFunction3.xml
2 ms. Memory: 308224K Free: 141522K (46%)
----------------- Invoking toplevel() on ptolemy.moml.MoMLSimpleApplication@4e09bd10
----------------- Done invoking toplevel() on ptolemy.moml.MoMLSimpleApplication@4e09bd10
reloadAllAccessors: .MathFunction3

===========================================================================================
----------------- testing Sat Jul 20 22:47:16 UTC 2019 /home/travis/build/icyphy/ptII/ptolemy/actor/lib/test/auto/MatrixCropBoolean.xml
----------------- Instantiating /home/travis/build/icyphy/ptII/ptolemy/actor/lib/test/auto/MatrixCropBoolean.xml
2 ms. Memory: 308224K Free: 136912K (44%)
----------------- Invoking toplevel() on ptolemy.moml.MoMLSimpleApplication@255d0765
----------------- Done invoking toplevel() on ptolemy.moml.MoMLSimpleApplication@255d0765
reloadAllAccessors: .MatrixCropBoolean

===========================================================================================
----------------- testing Sat Jul 20 22:47:16 UTC 2019 /home/travis/build/icyphy/ptII/ptolemy/actor/lib/test/auto/MatrixCropComplex.xml
----------------- Instantiating /home/travis/build/icyphy/ptII/ptolemy/actor/lib/test/auto/MatrixCropComplex.xml
2 ms. Memory: 308224K Free: 132306K (43%)
----------------- Invoking toplevel() on ptolemy.moml.MoMLSimpleApplication@3c6d6172
----------------- Done invoking toplevel() on ptolemy.moml.MoMLSimpleApplication@3c6d6172
reloadAllAccessors: .MatrixCropComplex

===========================================================================================
----------------- testing Sat Jul 20 22:47:16 UTC 2019 /home/travis/build/icyphy/ptII/ptolemy/actor/lib/test/auto/MatrixCropDouble.xml
----------------- Instantiating /home/travis/build/icyphy/ptII/ptolemy/actor/lib/test/auto/MatrixCropDouble.xml
2 ms. Memory: 308224K Free: 127186K (41%)
----------------- Invoking toplevel() on ptolemy.moml.MoMLSimpleApplication@7636db9e
----------------- Done invoking toplevel() on ptolemy.moml.MoMLSimpleApplication@7636db9e
reloadAllAccessors: .MatrixCropDouble

===========================================================================================
----------------- testing Sat Jul 20 22:47:16 UTC 2019 /home/travis/build/icyphy/ptII/ptolemy/actor/lib/test/auto/MatrixCropFix.xml
----------------- Instantiating /home/travis/build/icyphy/ptII/ptolemy/actor/lib/test/auto/MatrixCropFix.xml
2 ms. Memory: 308224K Free: 122066K (40%)
----------------- Invoking toplevel() on ptolemy.moml.MoMLSimpleApplication@7ca10a05
----------------- Done invoking toplevel() on ptolemy.moml.MoMLSimpleApplication@7ca10a05
reloadAllAccessors: .MatrixCropFix

===========================================================================================
----------------- testing Sat Jul 20 22:47:16 UTC 2019 /home/travis/build/icyphy/ptII/ptolemy/actor/lib/test/auto/MatrixCropInt.xml
----------------- Instantiating /home/travis/build/icyphy/ptII/ptolemy/actor/lib/test/auto/MatrixCropInt.xml
1 ms. Memory: 308224K Free: 116946K (38%)
----------------- Invoking toplevel() on ptolemy.moml.MoMLSimpleApplication@531ca303
----------------- Done invoking toplevel() on ptolemy.moml.MoMLSimpleApplication@531ca303
reloadAllAccessors: .MatrixCropInt

===========================================================================================
----------------- testing Sat Jul 20 22:47:16 UTC 2019 /home/travis/build/icyphy/ptII/ptolemy/actor/lib/test/auto/MatrixCropLong.xml
----------------- Instantiating /home/travis/build/icyphy/ptII/ptolemy/actor/lib/test/auto/MatrixCropLong.xml
2 ms. Memory: 308224K Free: 111826K (36%)
----------------- Invoking toplevel() on ptolemy.moml.MoMLSimpleApplication@727294af
----------------- Done invoking toplevel() on ptolemy.moml.MoMLSimpleApplication@727294af
reloadAllAccessors: .MatrixCropLong

===========================================================================================
----------------- testing Sat Jul 20 22:47:16 UTC 2019 /home/travis/build/icyphy/ptII/ptolemy/actor/lib/test/auto/MatrixToArray.xml
----------------- Instantiating /home/travis/build/icyphy/ptII/ptolemy/actor/lib/test/auto/MatrixToArray.xml
11 ms. Memory: 308224K Free: 96976K (31%)
----------------- Invoking toplevel() on ptolemy.moml.MoMLSimpleApplication@20244dba
----------------- Done invoking toplevel() on ptolemy.moml.MoMLSimpleApplication@20244dba
reloadAllAccessors: .MatrixToArray

===========================================================================================
----------------- testing Sat Jul 20 22:47:16 UTC 2019 /home/travis/build/icyphy/ptII/ptolemy/actor/lib/test/auto/MaxIndex.xml
----------------- Instantiating /home/travis/build/icyphy/ptII/ptolemy/actor/lib/test/auto/MaxIndex.xml
2 ms. Memory: 308224K Free: 91856K (30%)
----------------- Invoking toplevel() on ptolemy.moml.MoMLSimpleApplication@6d42ca3d
----------------- Done invoking toplevel() on ptolemy.moml.MoMLSimpleApplication@6d42ca3d
reloadAllAccessors: .MaxIndex

===========================================================================================
----------------- testing Sat Jul 20 22:47:16 UTC 2019 /home/travis/build/icyphy/ptII/ptolemy/actor/lib/test/auto/Maximum.xml
----------------- Instantiating /home/travis/build/icyphy/ptII/ptolemy/actor/lib/test/auto/Maximum.xml
3 ms. Memory: 308224K Free: 85202K (28%)
----------------- Invoking toplevel() on ptolemy.moml.MoMLSimpleApplication@1658cb26
----------------- Done invoking toplevel() on ptolemy.moml.MoMLSimpleApplication@1658cb26
reloadAllAccessors: .Maximum

===========================================================================================
----------------- testing Sat Jul 20 22:47:16 UTC 2019 /home/travis/build/icyphy/ptII/ptolemy/actor/lib/test/auto/MaximumComplex.xml
----------------- Instantiating /home/travis/build/icyphy/ptII/ptolemy/actor/lib/test/auto/MaximumComplex.xml
5 ms. Memory: 308224K Free: 79058K (26%)
----------------- Invoking toplevel() on ptolemy.moml.MoMLSimpleApplication@7ebb2eaa
----------------- Done invoking toplevel() on ptolemy.moml.MoMLSimpleApplication@7ebb2eaa
reloadAllAccessors: .MaximumComplex

===========================================================================================
----------------- testing Sat Jul 20 22:47:16 UTC 2019 /home/travis/build/icyphy/ptII/ptolemy/actor/lib/test/auto/MethodCallTest.xml
----------------- Instantiating /home/travis/build/icyphy/ptII/ptolemy/actor/lib/test/auto/MethodCallTest.xml
5 ms. Memory: 308224K Free: 253620K (82%)
----------------- Invoking toplevel() on ptolemy.moml.MoMLSimpleApplication@1d17f1e
----------------- Done invoking toplevel() on ptolemy.moml.MoMLSimpleApplication@1d17f1e
reloadAllAccessors: .MethodCallTest

===========================================================================================
----------------- testing Sat Jul 20 22:47:16 UTC 2019 /home/travis/build/icyphy/ptII/ptolemy/actor/lib/test/auto/Minimum.xml
----------------- Instantiating /home/travis/build/icyphy/ptII/ptolemy/actor/lib/test/auto/Minimum.xml
4 ms. Memory: 308224K Free: 246966K (80%)
----------------- Invoking toplevel() on ptolemy.moml.MoMLSimpleApplication@1ef5f0cf
----------------- Done invoking toplevel() on ptolemy.moml.MoMLSimpleApplication@1ef5f0cf
reloadAllAccessors: .Minimum

===========================================================================================
----------------- testing Sat Jul 20 22:47:16 UTC 2019 /home/travis/build/icyphy/ptII/ptolemy/actor/lib/test/auto/MinimumComplex.xml
----------------- Instantiating /home/travis/build/icyphy/ptII/ptolemy/actor/lib/test/auto/MinimumComplex.xml
3 ms. Memory: 308224K Free: 241318K (78%)
----------------- Invoking toplevel() on ptolemy.moml.MoMLSimpleApplication@3303bcac
----------------- Done invoking toplevel() on ptolemy.moml.MoMLSimpleApplication@3303bcac
reloadAllAccessors: .MinimumComplex

===========================================================================================
----------------- testing Sat Jul 20 22:47:16 UTC 2019 /home/travis/build/icyphy/ptII/ptolemy/actor/lib/test/auto/MinimumMultiports.xml
----------------- Instantiating /home/travis/build/icyphy/ptII/ptolemy/actor/lib/test/auto/MinimumMultiports.xml
4 ms. Memory: 308224K Free: 232630K (75%)
----------------- Invoking toplevel() on ptolemy.moml.MoMLSimpleApplication@62e5b928
----------------- Done invoking toplevel() on ptolemy.moml.MoMLSimpleApplication@62e5b928
reloadAllAccessors: .MinimumMultiports

===========================================================================================
----------------- testing Sat Jul 20 22:47:16 UTC 2019 /home/travis/build/icyphy/ptII/ptolemy/actor/lib/test/auto/ModifyDate.xml
----------------- Instantiating /home/travis/build/icyphy/ptII/ptolemy/actor/lib/test/auto/ModifyDate.xml
8 ms. Memory: 308224K Free: 219828K (71%)
----------------- Invoking toplevel() on ptolemy.moml.MoMLSimpleApplication@6dde579
----------------- Done invoking toplevel() on ptolemy.moml.MoMLSimpleApplication@6dde579
reloadAllAccessors: .ModifyDate

===========================================================================================
----------------- testing Sat Jul 20 22:47:16 UTC 2019 /home/travis/build/icyphy/ptII/ptolemy/actor/lib/test/auto/ModifyDate2.xml
----------------- Instantiating /home/travis/build/icyphy/ptII/ptolemy/actor/lib/test/auto/ModifyDate2.xml
8 ms. Memory: 308224K Free: 211126K (68%)
----------------- Invoking toplevel() on ptolemy.moml.MoMLSimpleApplication@57093dd3
----------------- Done invoking toplevel() on ptolemy.moml.MoMLSimpleApplication@57093dd3
reloadAllAccessors: .ModifyDate2

===========================================================================================
----------------- testing Sat Jul 20 22:47:16 UTC 2019 /home/travis/build/icyphy/ptII/ptolemy/actor/lib/test/auto/MovingAverage.xml
----------------- Instantiating /home/travis/build/icyphy/ptII/ptolemy/actor/lib/test/auto/MovingAverage.xml
3 ms. Memory: 308224K Free: 206006K (67%)
----------------- Invoking toplevel() on ptolemy.moml.MoMLSimpleApplication@f2c4083
----------------- Done invoking toplevel() on ptolemy.moml.MoMLSimpleApplication@f2c4083
reloadAllAccessors: .MovingAverage

===========================================================================================
----------------- testing Sat Jul 20 22:47:16 UTC 2019 /home/travis/build/icyphy/ptII/ptolemy/actor/lib/test/auto/MovingMaximum.xml
----------------- Instantiating /home/travis/build/icyphy/ptII/ptolemy/actor/lib/test/auto/MovingMaximum.xml
2 ms. Memory: 308224K Free: 201396K (65%)
----------------- Invoking toplevel() on ptolemy.moml.MoMLSimpleApplication@169598ca
----------------- Done invoking toplevel() on ptolemy.moml.MoMLSimpleApplication@169598ca
reloadAllAccessors: .MovingMaximum

===========================================================================================
----------------- testing Sat Jul 20 22:47:16 UTC 2019 /home/travis/build/icyphy/ptII/ptolemy/actor/lib/test/auto/MultipleLinksToSameRelation.xml
----------------- Instantiating /home/travis/build/icyphy/ptII/ptolemy/actor/lib/test/auto/MultipleLinksToSameRelation.xml
2 ms. Memory: 308224K Free: 197300K (64%)
----------------- Invoking toplevel() on ptolemy.moml.MoMLSimpleApplication@52c99400
----------------- Done invoking toplevel() on ptolemy.moml.MoMLSimpleApplication@52c99400
reloadAllAccessors: .MultipleLinksToSameRelation

===========================================================================================
----------------- testing Sat Jul 20 22:47:16 UTC 2019 /home/travis/build/icyphy/ptII/ptolemy/actor/lib/test/auto/MultipleLinksToSameRelationDE.xml
----------------- Instantiating /home/travis/build/icyphy/ptII/ptolemy/actor/lib/test/auto/MultipleLinksToSameRelationDE.xml
4 ms. Memory: 308224K Free: 193190K (63%)
----------------- Invoking toplevel() on ptolemy.moml.MoMLSimpleApplication@50c5d40b
----------------- Done invoking toplevel() on ptolemy.moml.MoMLSimpleApplication@50c5d40b
reloadAllAccessors: .MultipleLinksToSameRelationDE

===========================================================================================
----------------- testing Sat Jul 20 22:47:16 UTC 2019 /home/travis/build/icyphy/ptII/ptolemy/actor/lib/test/auto/Multiplexor.xml
----------------- Instantiating /home/travis/build/icyphy/ptII/ptolemy/actor/lib/test/auto/Multiplexor.xml
2 ms. Memory: 308224K Free: 187574K (61%)
----------------- Invoking toplevel() on ptolemy.moml.MoMLSimpleApplication@1cbd8fa4
----------------- Done invoking toplevel() on ptolemy.moml.MoMLSimpleApplication@1cbd8fa4
reloadAllAccessors: .Multiplexor

===========================================================================================
----------------- testing Sat Jul 20 22:47:16 UTC 2019 /home/travis/build/icyphy/ptII/ptolemy/actor/lib/test/auto/Multiplexor1.xml
----------------- Instantiating /home/travis/build/icyphy/ptII/ptolemy/actor/lib/test/auto/Multiplexor1.xml
2 ms. Memory: 308224K Free: 181934K (59%)
----------------- Invoking toplevel() on ptolemy.moml.MoMLSimpleApplication@69dd066b
----------------- Done invoking toplevel() on ptolemy.moml.MoMLSimpleApplication@69dd066b
reloadAllAccessors: .Multiplexor1

===========================================================================================
----------------- testing Sat Jul 20 22:47:16 UTC 2019 /home/travis/build/icyphy/ptII/ptolemy/actor/lib/test/auto/Multiplexor2.xml
----------------- Instantiating /home/travis/build/icyphy/ptII/ptolemy/actor/lib/test/auto/Multiplexor2.xml
3 ms. Memory: 308224K Free: 175286K (57%)
----------------- Invoking toplevel() on ptolemy.moml.MoMLSimpleApplication@373f720c
----------------- Done invoking toplevel() on ptolemy.moml.MoMLSimpleApplication@373f720c
reloadAllAccessors: .Multiplexor2

===========================================================================================
----------------- testing Sat Jul 20 22:47:16 UTC 2019 /home/travis/build/icyphy/ptII/ptolemy/actor/lib/test/auto/Multiplexor3.xml
----------------- Instantiating /home/travis/build/icyphy/ptII/ptolemy/actor/lib/test/auto/Multiplexor3.xml
3 ms. Memory: 308224K Free: 171190K (56%)
----------------- Invoking toplevel() on ptolemy.moml.MoMLSimpleApplication@55b9c974
----------------- Done invoking toplevel() on ptolemy.moml.MoMLSimpleApplication@55b9c974
reloadAllAccessors: .Multiplexor3

===========================================================================================
----------------- testing Sat Jul 20 22:47:16 UTC 2019 /home/travis/build/icyphy/ptII/ptolemy/actor/lib/test/auto/MultiplexorDE.xml
----------------- Instantiating /home/travis/build/icyphy/ptII/ptolemy/actor/lib/test/auto/MultiplexorDE.xml
3 ms. Memory: 308224K Free: 163478K (53%)
----------------- Invoking toplevel() on ptolemy.moml.MoMLSimpleApplication@236a10c1
----------------- Done invoking toplevel() on ptolemy.moml.MoMLSimpleApplication@236a10c1
reloadAllAccessors: .MultiplexorDE

===========================================================================================
----------------- testing Sat Jul 20 22:47:16 UTC 2019 /home/travis/build/icyphy/ptII/ptolemy/actor/lib/test/auto/MultiportBroadcastTest.xml
----------------- Instantiating /home/travis/build/icyphy/ptII/ptolemy/actor/lib/test/auto/MultiportBroadcastTest.xml
97 ms. Memory: 308224K Free: 157364K (51%)
----------------- Invoking toplevel() on ptolemy.moml.MoMLSimpleApplication@27101d70
----------------- Done invoking toplevel() on ptolemy.moml.MoMLSimpleApplication@27101d70
reloadAllAccessors: .MultiportBroadcastTest

===========================================================================================
----------------- testing Sat Jul 20 22:47:16 UTC 2019 /home/travis/build/icyphy/ptII/ptolemy/actor/lib/test/auto/MultiportOutHangDuringGetWidth.xml
----------------- Instantiating /home/travis/build/icyphy/ptII/ptolemy/actor/lib/test/auto/MultiportOutHangDuringGetWidth.xml
11 ms. Memory: 308224K Free: 145590K (47%)
----------------- Invoking toplevel() on ptolemy.moml.MoMLSimpleApplication@2358a061
----------------- Done invoking toplevel() on ptolemy.moml.MoMLSimpleApplication@2358a061
reloadAllAccessors: .MultiportOutHangDuringGetWidth

===========================================================================================
----------------- testing Sat Jul 20 22:47:16 UTC 2019 /home/travis/build/icyphy/ptII/ptolemy/actor/lib/test/auto/NilToken.xml
----------------- Instantiating /home/travis/build/icyphy/ptII/ptolemy/actor/lib/test/auto/NilToken.xml
2 ms. Memory: 308224K Free: 141494K (46%)
----------------- Invoking toplevel() on ptolemy.moml.MoMLSimpleApplication@5436ef3c
----------------- Done invoking toplevel() on ptolemy.moml.MoMLSimpleApplication@5436ef3c
reloadAllAccessors: .NilToken

===========================================================================================
----------------- testing Sat Jul 20 22:47:16 UTC 2019 /home/travis/build/icyphy/ptII/ptolemy/actor/lib/test/auto/NilTokenNonStrictTest.xml
----------------- Instantiating /home/travis/build/icyphy/ptII/ptolemy/actor/lib/test/auto/NilTokenNonStrictTest.xml
1 ms. Memory: 308224K Free: 136884K (44%)
----------------- Invoking toplevel() on ptolemy.moml.MoMLSimpleApplication@13721448
----------------- Done invoking toplevel() on ptolemy.moml.MoMLSimpleApplication@13721448
reloadAllAccessors: .NilTokenNonStrictTest

===========================================================================================
----------------- testing Sat Jul 20 22:47:16 UTC 2019 /home/travis/build/icyphy/ptII/ptolemy/actor/lib/test/auto/NilTokenRecord.xml
----------------- Instantiating /home/travis/build/icyphy/ptII/ptolemy/actor/lib/test/auto/NilTokenRecord.xml
6 ms. Memory: 308224K Free: 130230K (42%)
----------------- Invoking toplevel() on ptolemy.moml.MoMLSimpleApplication@622d5802
----------------- Done invoking toplevel() on ptolemy.moml.MoMLSimpleApplication@622d5802
reloadAllAccessors: .NilTokenRecord

===========================================================================================
----------------- testing Sat Jul 20 22:47:16 UTC 2019 /home/travis/build/icyphy/ptII/ptolemy/actor/lib/test/auto/NilTokenTypeTest.xml
----------------- Instantiating /home/travis/build/icyphy/ptII/ptolemy/actor/lib/test/auto/NilTokenTypeTest.xml
6 ms. Memory: 308224K Free: 120500K (39%)
----------------- Invoking toplevel() on ptolemy.moml.MoMLSimpleApplication@1cb1823b
----------------- Done invoking toplevel() on ptolemy.moml.MoMLSimpleApplication@1cb1823b
reloadAllAccessors: .NilTokenTypeTest

===========================================================================================
----------------- testing Sat Jul 20 22:47:16 UTC 2019 /home/travis/build/icyphy/ptII/ptolemy/actor/lib/test/auto/ObjectToken1.xml
----------------- Instantiating /home/travis/build/icyphy/ptII/ptolemy/actor/lib/test/auto/ObjectToken1.xml
2 ms. Memory: 308224K Free: 116404K (38%)
----------------- Invoking toplevel() on ptolemy.moml.MoMLSimpleApplication@561b3896
----------------- Done invoking toplevel() on ptolemy.moml.MoMLSimpleApplication@561b3896
reloadAllAccessors: .ObjectToken1

===========================================================================================
----------------- testing Sat Jul 20 22:47:16 UTC 2019 /home/travis/build/icyphy/ptII/ptolemy/actor/lib/test/auto/OrderedMerge.xml
----------------- Instantiating /home/travis/build/icyphy/ptII/ptolemy/actor/lib/test/auto/OrderedMerge.xml
12 ms. Memory: 308224K Free: 110774K (36%)
----------------- Invoking toplevel() on ptolemy.moml.MoMLSimpleApplication@6db5cb78
----------------- Done invoking toplevel() on ptolemy.moml.MoMLSimpleApplication@6db5cb78
reloadAllAccessors: .OrderedMerge

===========================================================================================
----------------- testing Sat Jul 20 22:47:16 UTC 2019 /home/travis/build/icyphy/ptII/ptolemy/actor/lib/test/auto/OrderedRecordDisassembler.xml
----------------- Instantiating /home/travis/build/icyphy/ptII/ptolemy/actor/lib/test/auto/OrderedRecordDisassembler.xml
3 ms. Memory: 308224K Free: 105654K (34%)
----------------- Invoking toplevel() on ptolemy.moml.MoMLSimpleApplication@4cb64b1c
----------------- Done invoking toplevel() on ptolemy.moml.MoMLSimpleApplication@4cb64b1c
reloadAllAccessors: .OrderedRecordDisassembler

===========================================================================================
----------------- testing Sat Jul 20 22:47:17 UTC 2019 /home/travis/build/icyphy/ptII/ptolemy/actor/lib/test/auto/OrderedRecordDisassembler2.xml
----------------- Instantiating /home/travis/build/icyphy/ptII/ptolemy/actor/lib/test/auto/OrderedRecordDisassembler2.xml
4 ms. Memory: 308224K Free: 97966K (32%)
----------------- Invoking toplevel() on ptolemy.moml.MoMLSimpleApplication@5d695bf2
----------------- Done invoking toplevel() on ptolemy.moml.MoMLSimpleApplication@5d695bf2
reloadAllAccessors: .OrderedRecordDisassembler2

===========================================================================================
----------------- testing Sat Jul 20 22:47:17 UTC 2019 /home/travis/build/icyphy/ptII/ptolemy/actor/lib/test/auto/OrderedRecordUpdater.xml
----------------- Instantiating /home/travis/build/icyphy/ptII/ptolemy/actor/lib/test/auto/OrderedRecordUpdater.xml
1 ms. Memory: 308224K Free: 92852K (30%)
----------------- Invoking toplevel() on ptolemy.moml.MoMLSimpleApplication@13c90bc6
----------------- Done invoking toplevel() on ptolemy.moml.MoMLSimpleApplication@13c90bc6
reloadAllAccessors: .RecordUpdater

===========================================================================================
----------------- testing Sat Jul 20 22:47:17 UTC 2019 /home/travis/build/icyphy/ptII/ptolemy/actor/lib/test/auto/OrderedRecordUpdater2.xml
----------------- Instantiating /home/travis/build/icyphy/ptII/ptolemy/actor/lib/test/auto/OrderedRecordUpdater2.xml
2 ms. Memory: 308224K Free: 87732K (28%)
----------------- Invoking toplevel() on ptolemy.moml.MoMLSimpleApplication@3f94a809
----------------- Done invoking toplevel() on ptolemy.moml.MoMLSimpleApplication@3f94a809
reloadAllAccessors: .RecordUpdater2

===========================================================================================
----------------- testing Sat Jul 20 22:47:17 UTC 2019 /home/travis/build/icyphy/ptII/ptolemy/actor/lib/test/auto/PhaseUnwrap.xml
----------------- Instantiating /home/travis/build/icyphy/ptII/ptolemy/actor/lib/test/auto/PhaseUnwrap.xml
2 ms. Memory: 308224K Free: 83126K (27%)
----------------- Invoking toplevel() on ptolemy.moml.MoMLSimpleApplication@444c0727
----------------- Done invoking toplevel() on ptolemy.moml.MoMLSimpleApplication@444c0727
reloadAllAccessors: .PhaseUnwrap

===========================================================================================
----------------- testing Sat Jul 20 22:47:17 UTC 2019 /home/travis/build/icyphy/ptII/ptolemy/actor/lib/test/auto/PoissonClock.xml
----------------- Instantiating /home/travis/build/icyphy/ptII/ptolemy/actor/lib/test/auto/PoissonClock.xml
3 ms. Memory: 308224K Free: 79540K (26%)
----------------- Invoking toplevel() on ptolemy.moml.MoMLSimpleApplication@6e8034f3
----------------- Done invoking toplevel() on ptolemy.moml.MoMLSimpleApplication@6e8034f3
reloadAllAccessors: .PoissonClock

===========================================================================================
----------------- testing Sat Jul 20 22:47:17 UTC 2019 /home/travis/build/icyphy/ptII/ptolemy/actor/lib/test/auto/PoissonClock2.xml
----------------- Instantiating /home/travis/build/icyphy/ptII/ptolemy/actor/lib/test/auto/PoissonClock2.xml
2 ms. Memory: 308224K Free: 255962K (83%)
----------------- Invoking toplevel() on ptolemy.moml.MoMLSimpleApplication@4774c612
----------------- Done invoking toplevel() on ptolemy.moml.MoMLSimpleApplication@4774c612
reloadAllAccessors: .PoissonClock2

===========================================================================================
----------------- testing Sat Jul 20 22:47:17 UTC 2019 /home/travis/build/icyphy/ptII/ptolemy/actor/lib/test/auto/PoissonClock3.xml
----------------- Instantiating /home/travis/build/icyphy/ptII/ptolemy/actor/lib/test/auto/PoissonClock3.xml
1 ms. Memory: 308224K Free: 251352K (82%)
----------------- Invoking toplevel() on ptolemy.moml.MoMLSimpleApplication@4b5fe798
----------------- Done invoking toplevel() on ptolemy.moml.MoMLSimpleApplication@4b5fe798
reloadAllAccessors: .PoissonClock3

===========================================================================================
----------------- testing Sat Jul 20 22:47:17 UTC 2019 /home/travis/build/icyphy/ptII/ptolemy/actor/lib/test/auto/PubSubWithInitialTokens.xml
----------------- Instantiating /home/travis/build/icyphy/ptII/ptolemy/actor/lib/test/auto/PubSubWithInitialTokens.xml
2 ms. Memory: 308224K Free: 245722K (80%)
----------------- Invoking toplevel() on ptolemy.moml.MoMLSimpleApplication@40bc3b88
----------------- Done invoking toplevel() on ptolemy.moml.MoMLSimpleApplication@40bc3b88
reloadAllAccessors: .PubSubWithInitialTokens

===========================================================================================
----------------- testing Sat Jul 20 22:47:17 UTC 2019 /home/travis/build/icyphy/ptII/ptolemy/actor/lib/test/auto/PubSubWithInitialTokens2.xml
----------------- Instantiating /home/travis/build/icyphy/ptII/ptolemy/actor/lib/test/auto/PubSubWithInitialTokens2.xml
2 ms. Memory: 308224K Free: 239578K (78%)
----------------- Invoking toplevel() on ptolemy.moml.MoMLSimpleApplication@1f56df8f
----------------- Done invoking toplevel() on ptolemy.moml.MoMLSimpleApplication@1f56df8f
reloadAllAccessors: .PubSubWithInitialTokens2

===========================================================================================
----------------- testing Sat Jul 20 22:47:17 UTC 2019 /home/travis/build/icyphy/ptII/ptolemy/actor/lib/test/auto/PublisherClassNoParameter.xml
----------------- Instantiating /home/travis/build/icyphy/ptII/ptolemy/actor/lib/test/auto/PublisherClassNoParameter.xml
3 ms. Memory: 308224K Free: 229834K (75%)
----------------- Invoking toplevel() on ptolemy.moml.MoMLSimpleApplication@610e2895
----------------- Done invoking toplevel() on ptolemy.moml.MoMLSimpleApplication@610e2895
reloadAllAccessors: .PublisherClassNoParameter

===========================================================================================
----------------- testing Sat Jul 20 22:47:17 UTC 2019 /home/travis/build/icyphy/ptII/ptolemy/actor/lib/test/auto/PublisherClassParameter.xml
----------------- Instantiating /home/travis/build/icyphy/ptII/ptolemy/actor/lib/test/auto/PublisherClassParameter.xml
2 ms. Memory: 308224K Free: 218570K (71%)
----------------- Invoking toplevel() on ptolemy.moml.MoMLSimpleApplication@4c0e05dd
----------------- Done invoking toplevel() on ptolemy.moml.MoMLSimpleApplication@4c0e05dd
reloadAllAccessors: .PublisherClassParameter

===========================================================================================
----------------- testing Sat Jul 20 22:47:17 UTC 2019 /home/travis/build/icyphy/ptII/ptolemy/actor/lib/test/auto/PublisherNonStrictTest.xml
----------------- Instantiating /home/travis/build/icyphy/ptII/ptolemy/actor/lib/test/auto/PublisherNonStrictTest.xml
4 ms. Memory: 308224K Free: 210906K (68%)
----------------- Invoking toplevel() on ptolemy.moml.MoMLSimpleApplication@2c3136a3
----------------- Done invoking toplevel() on ptolemy.moml.MoMLSimpleApplication@2c3136a3
reloadAllAccessors: .PublisherNonStrictTest

===========================================================================================
----------------- testing Sat Jul 20 22:47:17 UTC 2019 /home/travis/build/icyphy/ptII/ptolemy/actor/lib/test/auto/PublisherPort1.xml
----------------- Instantiating /home/travis/build/icyphy/ptII/ptolemy/actor/lib/test/auto/PublisherPort1.xml
12 ms. Memory: 308224K Free: 205242K (67%)
----------------- Invoking toplevel() on ptolemy.moml.MoMLSimpleApplication@4b5ab5ab
----------------- Done invoking toplevel() on ptolemy.moml.MoMLSimpleApplication@4b5ab5ab
reloadAllAccessors: .PublisherPort1

===========================================================================================
----------------- testing Sat Jul 20 22:47:17 UTC 2019 /home/travis/build/icyphy/ptII/ptolemy/actor/lib/test/auto/PublisherPort2.xml
----------------- Instantiating /home/travis/build/icyphy/ptII/ptolemy/actor/lib/test/auto/PublisherPort2.xml
2 ms. Memory: 308224K Free: 200152K (65%)
----------------- Invoking toplevel() on ptolemy.moml.MoMLSimpleApplication@686f338c
----------------- Done invoking toplevel() on ptolemy.moml.MoMLSimpleApplication@686f338c
reloadAllAccessors: .PublisherPort2

===========================================================================================
----------------- testing Sat Jul 20 22:47:17 UTC 2019 /home/travis/build/icyphy/ptII/ptolemy/actor/lib/test/auto/PublisherPort3.xml
----------------- Instantiating /home/travis/build/icyphy/ptII/ptolemy/actor/lib/test/auto/PublisherPort3.xml
4 ms. Memory: 308224K Free: 193498K (63%)
----------------- Invoking toplevel() on ptolemy.moml.MoMLSimpleApplication@217ca8e8
----------------- Done invoking toplevel() on ptolemy.moml.MoMLSimpleApplication@217ca8e8
reloadAllAccessors: .PublisherPort3

===========================================================================================
----------------- testing Sat Jul 20 22:47:17 UTC 2019 /home/travis/build/icyphy/ptII/ptolemy/actor/lib/test/auto/PublisherPort4.xml
----------------- Instantiating /home/travis/build/icyphy/ptII/ptolemy/actor/lib/test/auto/PublisherPort4.xml
3 ms. Memory: 308224K Free: 187850K (61%)
----------------- Invoking toplevel() on ptolemy.moml.MoMLSimpleApplication@701bf29a
----------------- Done invoking toplevel() on ptolemy.moml.MoMLSimpleApplication@701bf29a
reloadAllAccessors: .PublisherPort4

===========================================================================================
----------------- testing Sat Jul 20 22:47:17 UTC 2019 /home/travis/build/icyphy/ptII/ptolemy/actor/lib/test/auto/PublisherPort5.xml
----------------- Instantiating /home/travis/build/icyphy/ptII/ptolemy/actor/lib/test/auto/PublisherPort5.xml
4 ms. Memory: 308224K Free: 180186K (58%)
----------------- Invoking toplevel() on ptolemy.moml.MoMLSimpleApplication@1ab35e9d
----------------- Done invoking toplevel() on ptolemy.moml.MoMLSimpleApplication@1ab35e9d
reloadAllAccessors: .PublisherPort5

===========================================================================================
----------------- testing Sat Jul 20 22:47:17 UTC 2019 /home/travis/build/icyphy/ptII/ptolemy/actor/lib/test/auto/PublisherPort5LookAlike.xml
----------------- Instantiating /home/travis/build/icyphy/ptII/ptolemy/actor/lib/test/auto/PublisherPort5LookAlike.xml
9 ms. Memory: 308224K Free: 172498K (56%)
----------------- Invoking toplevel() on ptolemy.moml.MoMLSimpleApplication@3aa6b9bb
----------------- Done invoking toplevel() on ptolemy.moml.MoMLSimpleApplication@3aa6b9bb
reloadAllAccessors: .PublisherPort5LookAlike

===========================================================================================
----------------- testing Sat Jul 20 22:47:17 UTC 2019 /home/travis/build/icyphy/ptII/ptolemy/actor/lib/test/auto/PublisherPort6.xml
----------------- Instantiating /home/travis/build/icyphy/ptII/ptolemy/actor/lib/test/auto/PublisherPort6.xml
2 ms. Memory: 308224K Free: 165850K (54%)
----------------- Invoking toplevel() on ptolemy.moml.MoMLSimpleApplication@7e9ddd83
----------------- Done invoking toplevel() on ptolemy.moml.MoMLSimpleApplication@7e9ddd83
reloadAllAccessors: .PublisherPort6

===========================================================================================
----------------- testing Sat Jul 20 22:47:17 UTC 2019 /home/travis/build/icyphy/ptII/ptolemy/actor/lib/test/auto/PublisherPort7.xml
----------------- Instantiating /home/travis/build/icyphy/ptII/ptolemy/actor/lib/test/auto/PublisherPort7.xml
3 ms. Memory: 308224K Free: 158168K (51%)
----------------- Invoking toplevel() on ptolemy.moml.MoMLSimpleApplication@6f5e9cf2
----------------- Done invoking toplevel() on ptolemy.moml.MoMLSimpleApplication@6f5e9cf2
reloadAllAccessors: .PublisherPort7

===========================================================================================
----------------- testing Sat Jul 20 22:47:17 UTC 2019 /home/travis/build/icyphy/ptII/ptolemy/actor/lib/test/auto/PublisherPort8.xml
----------------- Instantiating /home/travis/build/icyphy/ptII/ptolemy/actor/lib/test/auto/PublisherPort8.xml
5 ms. Memory: 308224K Free: 149466K (48%)
----------------- Invoking toplevel() on ptolemy.moml.MoMLSimpleApplication@576548c2
----------------- Done invoking toplevel() on ptolemy.moml.MoMLSimpleApplication@576548c2
reloadAllAccessors: .PublisherPort8

===========================================================================================
----------------- testing Sat Jul 20 22:47:17 UTC 2019 /home/travis/build/icyphy/ptII/ptolemy/actor/lib/test/auto/PublisherPortSubscriberChannelVariablesAOC2.xml
----------------- Instantiating /home/travis/build/icyphy/ptII/ptolemy/actor/lib/test/auto/PublisherPortSubscriberChannelVariablesAOC2.xml
3 ms. Memory: 308224K Free: 131544K (43%)
----------------- Invoking toplevel() on ptolemy.moml.MoMLSimpleApplication@5ab2d22d
----------------- Done invoking toplevel() on ptolemy.moml.MoMLSimpleApplication@5ab2d22d
reloadAllAccessors: .PublisherPortSubscriberChannelVariablesAOC2

===========================================================================================
----------------- testing Sat Jul 20 22:47:17 UTC 2019 /home/travis/build/icyphy/ptII/ptolemy/actor/lib/test/auto/PublisherPortSubscriberOpaqueWidthInference.xml
----------------- Instantiating /home/travis/build/icyphy/ptII/ptolemy/actor/lib/test/auto/PublisherPortSubscriberOpaqueWidthInference.xml
4 ms. Memory: 308224K Free: 123866K (40%)
----------------- Invoking toplevel() on ptolemy.moml.MoMLSimpleApplication@4918afe1
----------------- Done invoking toplevel() on ptolemy.moml.MoMLSimpleApplication@4918afe1
reloadAllAccessors: .PublisherPortSubscriberOpaqueWidthInference

===========================================================================================
----------------- testing Sat Jul 20 22:47:17 UTC 2019 /home/travis/build/icyphy/ptII/ptolemy/actor/lib/test/auto/PublisherPortSubscriberPortAdjacent.xml
----------------- Instantiating /home/travis/build/icyphy/ptII/ptolemy/actor/lib/test/auto/PublisherPortSubscriberPortAdjacent.xml
2 ms. Memory: 308224K Free: 115674K (38%)
----------------- Invoking toplevel() on ptolemy.moml.MoMLSimpleApplication@445f9be5
----------------- Done invoking toplevel() on ptolemy.moml.MoMLSimpleApplication@445f9be5
reloadAllAccessors: .PublisherPortSubscriberPortAdjacent

===========================================================================================
----------------- testing Sat Jul 20 22:47:17 UTC 2019 /home/travis/build/icyphy/ptII/ptolemy/actor/lib/test/auto/PublisherPortSubscriberPortExpression.xml
----------------- Instantiating /home/travis/build/icyphy/ptII/ptolemy/actor/lib/test/auto/PublisherPortSubscriberPortExpression.xml
4 ms. Memory: 308224K Free: 108506K (35%)
----------------- Invoking toplevel() on ptolemy.moml.MoMLSimpleApplication@24bba794
----------------- Done invoking toplevel() on ptolemy.moml.MoMLSimpleApplication@24bba794
reloadAllAccessors: .PublisherPortSubscriberPortExpression

===========================================================================================
----------------- testing Sat Jul 20 22:47:17 UTC 2019 /home/travis/build/icyphy/ptII/ptolemy/actor/lib/test/auto/PublisherPortSubscriberPortOpaqueD3Reverse.xml
----------------- Instantiating /home/travis/build/icyphy/ptII/ptolemy/actor/lib/test/auto/PublisherPortSubscriberPortOpaqueD3Reverse.xml
6 ms. Memory: 308224K Free: 98266K (32%)
----------------- Invoking toplevel() on ptolemy.moml.MoMLSimpleApplication@20fe19f4
----------------- Done invoking toplevel() on ptolemy.moml.MoMLSimpleApplication@20fe19f4
reloadAllAccessors: .PublisherPortSubscriberPortOpaqueD3Reverse

===========================================================================================
----------------- testing Sat Jul 20 22:47:17 UTC 2019 /home/travis/build/icyphy/ptII/ptolemy/actor/lib/test/auto/PublisherPortSubscriberPortOpaqueWidthInference.xml
----------------- Instantiating /home/travis/build/icyphy/ptII/ptolemy/actor/lib/test/auto/PublisherPortSubscriberPortOpaqueWidthInference.xml
5 ms. Memory: 308224K Free: 90570K (29%)
----------------- Invoking toplevel() on ptolemy.moml.MoMLSimpleApplication@1862aa7e
----------------- Done invoking toplevel() on ptolemy.moml.MoMLSimpleApplication@1862aa7e
reloadAllAccessors: .PublisherPortSubscriberPortOpaqueWidthInference

===========================================================================================
----------------- testing Sat Jul 20 22:47:17 UTC 2019 /home/travis/build/icyphy/ptII/ptolemy/actor/lib/test/auto/PublisherPortToplevelSubscriberPortAOC.xml
----------------- Instantiating /home/travis/build/icyphy/ptII/ptolemy/actor/lib/test/auto/PublisherPortToplevelSubscriberPortAOC.xml
.PublisherPortToplevelSubscriberPortAOC.TestExceptionAttribute: initialize() was not invoked, but wrapup() was.  This is unusual, but not always a problem.  For example, exporting JNLP will do this.
2 ms. Memory: 308224K Free: 84954K (28%)
----------------- Invoking toplevel() on ptolemy.moml.MoMLSimpleApplication@e6e7250
----------------- Done invoking toplevel() on ptolemy.moml.MoMLSimpleApplication@e6e7250
reloadAllAccessors: .PublisherPortToplevelSubscriberPortAOC

===========================================================================================
----------------- testing Sat Jul 20 22:47:17 UTC 2019 /home/travis/build/icyphy/ptII/ptolemy/actor/lib/test/auto/PublisherSubscriber.xml
----------------- Instantiating /home/travis/build/icyphy/ptII/ptolemy/actor/lib/test/auto/PublisherSubscriber.xml
3 ms. Memory: 308224K Free: 258434K (84%)
----------------- Invoking toplevel() on ptolemy.moml.MoMLSimpleApplication@387dfc08
----------------- Done invoking toplevel() on ptolemy.moml.MoMLSimpleApplication@387dfc08
reloadAllAccessors: .PublisherSubscriber

===========================================================================================
----------------- testing Sat Jul 20 22:47:17 UTC 2019 /home/travis/build/icyphy/ptII/ptolemy/actor/lib/test/auto/PublisherSubscriber10.xml
----------------- Instantiating /home/travis/build/icyphy/ptII/ptolemy/actor/lib/test/auto/PublisherSubscriber10.xml
6 ms. Memory: 308224K Free: 248209K (81%)
----------------- Invoking toplevel() on ptolemy.moml.MoMLSimpleApplication@41602632
----------------- Done invoking toplevel() on ptolemy.moml.MoMLSimpleApplication@41602632
reloadAllAccessors: .PublisherSubscriber10

===========================================================================================
----------------- testing Sat Jul 20 22:47:17 UTC 2019 /home/travis/build/icyphy/ptII/ptolemy/actor/lib/test/auto/PublisherSubscriber10InitialOutputs.xml
----------------- Instantiating /home/travis/build/icyphy/ptII/ptolemy/actor/lib/test/auto/PublisherSubscriber10InitialOutputs.xml
16 ms. Memory: 308224K Free: 239507K (78%)
----------------- Invoking toplevel() on ptolemy.moml.MoMLSimpleApplication@690a88df
----------------- Done invoking toplevel() on ptolemy.moml.MoMLSimpleApplication@690a88df
reloadAllAccessors: .PublisherSubscriber10InitialOutputs

===========================================================================================
----------------- testing Sat Jul 20 22:47:17 UTC 2019 /home/travis/build/icyphy/ptII/ptolemy/actor/lib/test/auto/PublisherSubscriber11.xml
----------------- Instantiating /home/travis/build/icyphy/ptII/ptolemy/actor/lib/test/auto/PublisherSubscriber11.xml
3 ms. Memory: 308224K Free: 233363K (76%)
----------------- Invoking toplevel() on ptolemy.moml.MoMLSimpleApplication@70bbba5c
----------------- Done invoking toplevel() on ptolemy.moml.MoMLSimpleApplication@70bbba5c
reloadAllAccessors: .PublisherSubscriber11

===========================================================================================
----------------- testing Sat Jul 20 22:47:17 UTC 2019 /home/travis/build/icyphy/ptII/ptolemy/actor/lib/test/auto/PublisherSubscriber12.xml
----------------- Instantiating /home/travis/build/icyphy/ptII/ptolemy/actor/lib/test/auto/PublisherSubscriber12.xml
6 ms. Memory: 308224K Free: 226195K (73%)
----------------- Invoking toplevel() on ptolemy.moml.MoMLSimpleApplication@162294e9
----------------- Done invoking toplevel() on ptolemy.moml.MoMLSimpleApplication@162294e9
reloadAllAccessors: .PublisherSubscriber12

===========================================================================================
----------------- testing Sat Jul 20 22:47:17 UTC 2019 /home/travis/build/icyphy/ptII/ptolemy/actor/lib/test/auto/PublisherSubscriber13.xml
----------------- Instantiating /home/travis/build/icyphy/ptII/ptolemy/actor/lib/test/auto/PublisherSubscriber13.xml
2 ms. Memory: 308224K Free: 220546K (72%)
----------------- Invoking toplevel() on ptolemy.moml.MoMLSimpleApplication@6c754ff6
----------------- Done invoking toplevel() on ptolemy.moml.MoMLSimpleApplication@6c754ff6
reloadAllAccessors: .PublisherSubscriber13

===========================================================================================
----------------- testing Sat Jul 20 22:47:17 UTC 2019 /home/travis/build/icyphy/ptII/ptolemy/actor/lib/test/auto/PublisherSubscriber14.xml
----------------- Instantiating /home/travis/build/icyphy/ptII/ptolemy/actor/lib/test/auto/PublisherSubscriber14.xml
2 ms. Memory: 308224K Free: 211859K (69%)
----------------- Invoking toplevel() on ptolemy.moml.MoMLSimpleApplication@6c9f1239
----------------- Done invoking toplevel() on ptolemy.moml.MoMLSimpleApplication@6c9f1239
reloadAllAccessors: .PublisherSubscriber14

===========================================================================================
----------------- testing Sat Jul 20 22:47:17 UTC 2019 /home/travis/build/icyphy/ptII/ptolemy/actor/lib/test/auto/PublisherSubscriber2.xml
----------------- Instantiating /home/travis/build/icyphy/ptII/ptolemy/actor/lib/test/auto/PublisherSubscriber2.xml
3 ms. Memory: 308224K Free: 206210K (67%)
----------------- Invoking toplevel() on ptolemy.moml.MoMLSimpleApplication@3d042c23
----------------- Done invoking toplevel() on ptolemy.moml.MoMLSimpleApplication@3d042c23
reloadAllAccessors: .PublisherSubscriber2

===========================================================================================
----------------- testing Sat Jul 20 22:47:17 UTC 2019 /home/travis/build/icyphy/ptII/ptolemy/actor/lib/test/auto/PublisherSubscriber3.xml
----------------- Instantiating /home/travis/build/icyphy/ptII/ptolemy/actor/lib/test/auto/PublisherSubscriber3.xml
2 ms. Memory: 308224K Free: 200050K (65%)
----------------- Invoking toplevel() on ptolemy.moml.MoMLSimpleApplication@297dbee0
----------------- Done invoking toplevel() on ptolemy.moml.MoMLSimpleApplication@297dbee0
reloadAllAccessors: .PublisherSubscriber3

===========================================================================================
----------------- testing Sat Jul 20 22:47:17 UTC 2019 /home/travis/build/icyphy/ptII/ptolemy/actor/lib/test/auto/PublisherSubscriber4.xml
----------------- Instantiating /home/travis/build/icyphy/ptII/ptolemy/actor/lib/test/auto/PublisherSubscriber4.xml
2 ms. Memory: 308224K Free: 194930K (63%)
----------------- Invoking toplevel() on ptolemy.moml.MoMLSimpleApplication@399d2873
----------------- Done invoking toplevel() on ptolemy.moml.MoMLSimpleApplication@399d2873
reloadAllAccessors: .PublisherSubscriber4

===========================================================================================
----------------- testing Sat Jul 20 22:47:17 UTC 2019 /home/travis/build/icyphy/ptII/ptolemy/actor/lib/test/auto/PublisherSubscriber5.xml
----------------- Instantiating /home/travis/build/icyphy/ptII/ptolemy/actor/lib/test/auto/PublisherSubscriber5.xml
2 ms. Memory: 308224K Free: 188307K (61%)
----------------- Invoking toplevel() on ptolemy.moml.MoMLSimpleApplication@363c51c6
----------------- Done invoking toplevel() on ptolemy.moml.MoMLSimpleApplication@363c51c6
reloadAllAccessors: .PublisherSubscriber5

===========================================================================================
----------------- testing Sat Jul 20 22:47:17 UTC 2019 /home/travis/build/icyphy/ptII/ptolemy/actor/lib/test/auto/PublisherSubscriber6.xml
----------------- Instantiating /home/travis/build/icyphy/ptII/ptolemy/actor/lib/test/auto/PublisherSubscriber6.xml
4 ms. Memory: 308224K Free: 181634K (59%)
----------------- Invoking toplevel() on ptolemy.moml.MoMLSimpleApplication@912c452
----------------- Done invoking toplevel() on ptolemy.moml.MoMLSimpleApplication@912c452
reloadAllAccessors: .PublisherSubscriber6

===========================================================================================
----------------- testing Sat Jul 20 22:47:17 UTC 2019 /home/travis/build/icyphy/ptII/ptolemy/actor/lib/test/auto/PublisherSubscriber7.xml
----------------- Instantiating /home/travis/build/icyphy/ptII/ptolemy/actor/lib/test/auto/PublisherSubscriber7.xml
8 ms. Memory: 308224K Free: 174995K (57%)
----------------- Invoking toplevel() on ptolemy.moml.MoMLSimpleApplication@4b3735a3
----------------- Done invoking toplevel() on ptolemy.moml.MoMLSimpleApplication@4b3735a3
reloadAllAccessors: .PublisherSubscriber7

===========================================================================================
----------------- testing Sat Jul 20 22:47:17 UTC 2019 /home/travis/build/icyphy/ptII/ptolemy/actor/lib/test/auto/PublisherSubscriber8.xml
----------------- Instantiating /home/travis/build/icyphy/ptII/ptolemy/actor/lib/test/auto/PublisherSubscriber8.xml
18 ms. Memory: 308224K Free: 163217K (53%)
----------------- Invoking toplevel() on ptolemy.moml.MoMLSimpleApplication@7d36aac0
----------------- Done invoking toplevel() on ptolemy.moml.MoMLSimpleApplication@7d36aac0
reloadAllAccessors: .PublisherSubscriber8

===========================================================================================
----------------- testing Sat Jul 20 22:47:17 UTC 2019 /home/travis/build/icyphy/ptII/ptolemy/actor/lib/test/auto/PublisherSubscriber9.xml
----------------- Instantiating /home/travis/build/icyphy/ptII/ptolemy/actor/lib/test/auto/PublisherSubscriber9.xml
2 ms. Memory: 308224K Free: 156034K (51%)
----------------- Invoking toplevel() on ptolemy.moml.MoMLSimpleApplication@194816a7
----------------- Done invoking toplevel() on ptolemy.moml.MoMLSimpleApplication@194816a7
reloadAllAccessors: .PublisherSubscriber9

===========================================================================================
----------------- testing Sat Jul 20 22:47:17 UTC 2019 /home/travis/build/icyphy/ptII/ptolemy/actor/lib/test/auto/PublisherSubscriberAdjacent.xml
----------------- Instantiating /home/travis/build/icyphy/ptII/ptolemy/actor/lib/test/auto/PublisherSubscriberAdjacent.xml
2 ms. Memory: 308224K Free: 147857K (48%)
----------------- Invoking toplevel() on ptolemy.moml.MoMLSimpleApplication@422b03b3
----------------- Done invoking toplevel() on ptolemy.moml.MoMLSimpleApplication@422b03b3
reloadAllAccessors: .PublisherSubscriberAdjacent

===========================================================================================
----------------- testing Sat Jul 20 22:47:17 UTC 2019 /home/travis/build/icyphy/ptII/ptolemy/actor/lib/test/auto/PublisherSubscriberChannelVariablesAOC2.xml
----------------- Instantiating /home/travis/build/icyphy/ptII/ptolemy/actor/lib/test/auto/PublisherSubscriberChannelVariablesAOC2.xml
3 ms. Memory: 308224K Free: 133011K (43%)
----------------- Invoking toplevel() on ptolemy.moml.MoMLSimpleApplication@6b666b4a
----------------- Done invoking toplevel() on ptolemy.moml.MoMLSimpleApplication@6b666b4a
reloadAllAccessors: .PublisherSubscriberChannelVariablesAOC2

===========================================================================================
----------------- testing Sat Jul 20 22:47:17 UTC 2019 /home/travis/build/icyphy/ptII/ptolemy/actor/lib/test/auto/PublisherSubscriberD3.xml
----------------- Instantiating /home/travis/build/icyphy/ptII/ptolemy/actor/lib/test/auto/PublisherSubscriberD3.xml
1 ms. Memory: 308224K Free: 125843K (41%)
----------------- Invoking toplevel() on ptolemy.moml.MoMLSimpleApplication@38017078
----------------- Done invoking toplevel() on ptolemy.moml.MoMLSimpleApplication@38017078
reloadAllAccessors: .PublisherSubscriberD3

===========================================================================================
----------------- testing Sat Jul 20 22:47:18 UTC 2019 /home/travis/build/icyphy/ptII/ptolemy/actor/lib/test/auto/PublisherSubscriberD3Reverse.xml
----------------- Instantiating /home/travis/build/icyphy/ptII/ptolemy/actor/lib/test/auto/PublisherSubscriberD3Reverse.xml
1 ms. Memory: 308224K Free: 119699K (39%)
----------------- Invoking toplevel() on ptolemy.moml.MoMLSimpleApplication@ce0dd0b
----------------- Done invoking toplevel() on ptolemy.moml.MoMLSimpleApplication@ce0dd0b
reloadAllAccessors: .PublisherSubscriberD3Reverse

===========================================================================================
----------------- testing Sat Jul 20 22:47:18 UTC 2019 /home/travis/build/icyphy/ptII/ptolemy/actor/lib/test/auto/PublisherSubscriberExpression.xml
----------------- Instantiating /home/travis/build/icyphy/ptII/ptolemy/actor/lib/test/auto/PublisherSubscriberExpression.xml
3 ms. Memory: 308224K Free: 111507K (36%)
----------------- Invoking toplevel() on ptolemy.moml.MoMLSimpleApplication@54e3bd32
----------------- Done invoking toplevel() on ptolemy.moml.MoMLSimpleApplication@54e3bd32
reloadAllAccessors: .PublisherSubscriberExpression

===========================================================================================
----------------- testing Sat Jul 20 22:47:18 UTC 2019 /home/travis/build/icyphy/ptII/ptolemy/actor/lib/test/auto/PublisherSubscriberOpaque.xml
----------------- Instantiating /home/travis/build/icyphy/ptII/ptolemy/actor/lib/test/auto/PublisherSubscriberOpaque.xml
4 ms. Memory: 308224K Free: 103315K (34%)
----------------- Invoking toplevel() on ptolemy.moml.MoMLSimpleApplication@58a6735c
----------------- Done invoking toplevel() on ptolemy.moml.MoMLSimpleApplication@58a6735c
reloadAllAccessors: .PublisherSubscriberOpaque

===========================================================================================
----------------- testing Sat Jul 20 22:47:18 UTC 2019 /home/travis/build/icyphy/ptII/ptolemy/actor/lib/test/auto/PublisherSubscriberOpaqueD3.xml
----------------- Instantiating /home/travis/build/icyphy/ptII/ptolemy/actor/lib/test/auto/PublisherSubscriberOpaqueD3.xml
5 ms. Memory: 308224K Free: 92051K (30%)
----------------- Invoking toplevel() on ptolemy.moml.MoMLSimpleApplication@60d9b0d4
----------------- Done invoking toplevel() on ptolemy.moml.MoMLSimpleApplication@60d9b0d4
reloadAllAccessors: .PublisherSubscriberOpaqueD3

===========================================================================================
----------------- testing Sat Jul 20 22:47:18 UTC 2019 /home/travis/build/icyphy/ptII/ptolemy/actor/lib/test/auto/PublisherSubscriberOpaqueD3Reverse.xml
----------------- Instantiating /home/travis/build/icyphy/ptII/ptolemy/actor/lib/test/auto/PublisherSubscriberOpaqueD3Reverse.xml
8 ms. Memory: 308224K Free: 81297K (26%)
----------------- Invoking toplevel() on ptolemy.moml.MoMLSimpleApplication@462bb5a9
----------------- Done invoking toplevel() on ptolemy.moml.MoMLSimpleApplication@462bb5a9
reloadAllAccessors: .PublisherSubscriberOpaqueD3Reverse

===========================================================================================
----------------- testing Sat Jul 20 22:47:18 UTC 2019 /home/travis/build/icyphy/ptII/ptolemy/actor/lib/test/auto/PublisherSubscriberOpaqueWidthInference.xml
----------------- Instantiating /home/travis/build/icyphy/ptII/ptolemy/actor/lib/test/auto/PublisherSubscriberOpaqueWidthInference.xml
4 ms. Memory: 308224K Free: 254096K (82%)
----------------- Invoking toplevel() on ptolemy.moml.MoMLSimpleApplication@510c8249
----------------- Done invoking toplevel() on ptolemy.moml.MoMLSimpleApplication@510c8249
reloadAllAccessors: .PublisherSubscriberOpaqueWidthInference

===========================================================================================
----------------- testing Sat Jul 20 22:47:18 UTC 2019 /home/travis/build/icyphy/ptII/ptolemy/actor/lib/test/auto/PublisherTestSubscriber.xml
----------------- Instantiating /home/travis/build/icyphy/ptII/ptolemy/actor/lib/test/auto/PublisherTestSubscriber.xml
3 ms. Memory: 308224K Free: 245898K (80%)
----------------- Invoking toplevel() on ptolemy.moml.MoMLSimpleApplication@74ede414
----------------- Done invoking toplevel() on ptolemy.moml.MoMLSimpleApplication@74ede414
reloadAllAccessors: .PublisherTestSubscriber

===========================================================================================
----------------- testing Sat Jul 20 22:47:18 UTC 2019 /home/travis/build/icyphy/ptII/ptolemy/actor/lib/test/auto/PublisherToplevelSubscriberPortAOC.xml
----------------- Instantiating /home/travis/build/icyphy/ptII/ptolemy/actor/lib/test/auto/PublisherToplevelSubscriberPortAOC.xml
2 ms. Memory: 308224K Free: 239250K (78%)
----------------- Invoking toplevel() on ptolemy.moml.MoMLSimpleApplication@4b58898d
----------------- Done invoking toplevel() on ptolemy.moml.MoMLSimpleApplication@4b58898d
reloadAllAccessors: .PublisherToplevelSubscriberPortAOC

===========================================================================================
----------------- testing Sat Jul 20 22:47:18 UTC 2019 /home/travis/build/icyphy/ptII/ptolemy/actor/lib/test/auto/PulseFiringLimitDE.xml
----------------- Instantiating /home/travis/build/icyphy/ptII/ptolemy/actor/lib/test/auto/PulseFiringLimitDE.xml
2 ms. Memory: 308224K Free: 233106K (76%)
----------------- Invoking toplevel() on ptolemy.moml.MoMLSimpleApplication@6a1ac116
----------------- Done invoking toplevel() on ptolemy.moml.MoMLSimpleApplication@6a1ac116
reloadAllAccessors: .PulseFiringLimitDE

===========================================================================================
----------------- testing Sat Jul 20 22:47:18 UTC 2019 /home/travis/build/icyphy/ptII/ptolemy/actor/lib/test/auto/Ramp1.xml
----------------- Instantiating /home/travis/build/icyphy/ptII/ptolemy/actor/lib/test/auto/Ramp1.xml
1 ms. Memory: 308224K Free: 229010K (74%)
----------------- Invoking toplevel() on ptolemy.moml.MoMLSimpleApplication@1e70c371
----------------- Done invoking toplevel() on ptolemy.moml.MoMLSimpleApplication@1e70c371
reloadAllAccessors: .Ramp1

===========================================================================================
----------------- testing Sat Jul 20 22:47:18 UTC 2019 /home/travis/build/icyphy/ptII/ptolemy/actor/lib/test/auto/RampFiringLimitDE.xml
----------------- Instantiating /home/travis/build/icyphy/ptII/ptolemy/actor/lib/test/auto/RampFiringLimitDE.xml
3 ms. Memory: 308224K Free: 222866K (72%)
----------------- Invoking toplevel() on ptolemy.moml.MoMLSimpleApplication@57458c22
----------------- Done invoking toplevel() on ptolemy.moml.MoMLSimpleApplication@57458c22
reloadAllAccessors: .RampFiringLimitDE

===========================================================================================
----------------- testing Sat Jul 20 22:47:18 UTC 2019 /home/travis/build/icyphy/ptII/ptolemy/actor/lib/test/auto/RampFiringLimitSDF.xml
----------------- Instantiating /home/travis/build/icyphy/ptII/ptolemy/actor/lib/test/auto/RampFiringLimitSDF.xml
2 ms. Memory: 308224K Free: 217746K (71%)
----------------- Invoking toplevel() on ptolemy.moml.MoMLSimpleApplication@4433bfc5
----------------- Done invoking toplevel() on ptolemy.moml.MoMLSimpleApplication@4433bfc5
reloadAllAccessors: .RampFiringLimitSDF

===========================================================================================
----------------- testing Sat Jul 20 22:47:18 UTC 2019 /home/travis/build/icyphy/ptII/ptolemy/actor/lib/test/auto/RandomInteger.xml
----------------- Instantiating /home/travis/build/icyphy/ptII/ptolemy/actor/lib/test/auto/RandomInteger.xml
1 ms. Memory: 308224K Free: 213650K (69%)
----------------- Invoking toplevel() on ptolemy.moml.MoMLSimpleApplication@59a150e
----------------- Done invoking toplevel() on ptolemy.moml.MoMLSimpleApplication@59a150e
reloadAllAccessors: .RandomInteger

===========================================================================================
----------------- testing Sat Jul 20 22:47:18 UTC 2019 /home/travis/build/icyphy/ptII/ptolemy/actor/lib/test/auto/ReadFile1.xml
----------------- Instantiating /home/travis/build/icyphy/ptII/ptolemy/actor/lib/test/auto/ReadFile1.xml
2 ms. Memory: 308224K Free: 209034K (68%)
----------------- Invoking toplevel() on ptolemy.moml.MoMLSimpleApplication@739ee145
----------------- Done invoking toplevel() on ptolemy.moml.MoMLSimpleApplication@739ee145
reloadAllAccessors: .ReadFile1

===========================================================================================
----------------- testing Sat Jul 20 22:47:18 UTC 2019 /home/travis/build/icyphy/ptII/ptolemy/actor/lib/test/auto/ReadFile2.xml
----------------- Instantiating /home/travis/build/icyphy/ptII/ptolemy/actor/lib/test/auto/ReadFile2.xml
1 ms. Memory: 308224K Free: 204434K (66%)
----------------- Invoking toplevel() on ptolemy.moml.MoMLSimpleApplication@34d20a42
----------------- Done invoking toplevel() on ptolemy.moml.MoMLSimpleApplication@34d20a42
reloadAllAccessors: .ReadFile2

===========================================================================================
----------------- testing Sat Jul 20 22:47:18 UTC 2019 /home/travis/build/icyphy/ptII/ptolemy/actor/lib/test/auto/Reader.xml
----------------- Instantiating /home/travis/build/icyphy/ptII/ptolemy/actor/lib/test/auto/Reader.xml
actor.lib.Reader is obsolete, use actor.lib.io.ExpressionReader instead
5 ms. Memory: 308224K Free: 200338K (65%)
----------------- Invoking toplevel() on ptolemy.moml.MoMLSimpleApplication@252288e3
----------------- Done invoking toplevel() on ptolemy.moml.MoMLSimpleApplication@252288e3
reloadAllAccessors: .Reader

===========================================================================================
----------------- testing Sat Jul 20 22:47:18 UTC 2019 /home/travis/build/icyphy/ptII/ptolemy/actor/lib/test/auto/RecordAssemblerDisplayNameTest.xml
----------------- Instantiating /home/travis/build/icyphy/ptII/ptolemy/actor/lib/test/auto/RecordAssemblerDisplayNameTest.xml
3922 ms. Memory: 308224K Free: 252056K (82%)
----------------- Invoking toplevel() on ptolemy.moml.MoMLSimpleApplication@300322fe
----------------- Done invoking toplevel() on ptolemy.moml.MoMLSimpleApplication@300322fe
reloadAllAccessors: .RecordAssemblerDisplayNameTest

===========================================================================================
----------------- testing Sat Jul 20 22:47:22 UTC 2019 /home/travis/build/icyphy/ptII/ptolemy/actor/lib/test/auto/RecordAssemblerTypeError.xml
----------------- Instantiating /home/travis/build/icyphy/ptII/ptolemy/actor/lib/test/auto/RecordAssemblerTypeError.xml
4 ms. Memory: 308224K Free: 242330K (79%)
----------------- Invoking toplevel() on ptolemy.moml.MoMLSimpleApplication@2b6889e1
----------------- Done invoking toplevel() on ptolemy.moml.MoMLSimpleApplication@2b6889e1
reloadAllAccessors: .RecordAssemblerTypeError

===========================================================================================
----------------- testing Sat Jul 20 22:47:22 UTC 2019 /home/travis/build/icyphy/ptII/ptolemy/actor/lib/test/auto/RecordDisassember.xml
----------------- Instantiating /home/travis/build/icyphy/ptII/ptolemy/actor/lib/test/auto/RecordDisassember.xml
13 ms. Memory: 308224K Free: 237690K (77%)
----------------- Invoking toplevel() on ptolemy.moml.MoMLSimpleApplication@39edd065
----------------- Done invoking toplevel() on ptolemy.moml.MoMLSimpleApplication@39edd065
reloadAllAccessors: .RecordDisassember

===========================================================================================
----------------- testing Sat Jul 20 22:47:22 UTC 2019 /home/travis/build/icyphy/ptII/ptolemy/actor/lib/test/auto/RecordDisassemberDisplayNameTest.xml
----------------- Instantiating /home/travis/build/icyphy/ptII/ptolemy/actor/lib/test/auto/RecordDisassemberDisplayNameTest.xml
6 ms. Memory: 308224K Free: 229528K (74%)
----------------- Invoking toplevel() on ptolemy.moml.MoMLSimpleApplication@120de239
----------------- Done invoking toplevel() on ptolemy.moml.MoMLSimpleApplication@120de239
reloadAllAccessors: .RecordDisassemberDisplayNameTest

===========================================================================================
----------------- testing Sat Jul 20 22:47:22 UTC 2019 /home/travis/build/icyphy/ptII/ptolemy/actor/lib/test/auto/RecordDisassembler.xml
----------------- Instantiating /home/travis/build/icyphy/ptII/ptolemy/actor/lib/test/auto/RecordDisassembler.xml
2 ms. Memory: 308224K Free: 224402K (73%)
----------------- Invoking toplevel() on ptolemy.moml.MoMLSimpleApplication@2c9c1f61
----------------- Done invoking toplevel() on ptolemy.moml.MoMLSimpleApplication@2c9c1f61
reloadAllAccessors: .RecordDisassembler

===========================================================================================
----------------- testing Sat Jul 20 22:47:22 UTC 2019 /home/travis/build/icyphy/ptII/ptolemy/actor/lib/test/auto/RecordDisassembler2.xml
----------------- Instantiating /home/travis/build/icyphy/ptII/ptolemy/actor/lib/test/auto/RecordDisassembler2.xml
2 ms. Memory: 308224K Free: 218778K (71%)
----------------- Invoking toplevel() on ptolemy.moml.MoMLSimpleApplication@6085baa1
----------------- Done invoking toplevel() on ptolemy.moml.MoMLSimpleApplication@6085baa1
reloadAllAccessors: .RecordDisassembler2

===========================================================================================
----------------- testing Sat Jul 20 22:47:22 UTC 2019 /home/travis/build/icyphy/ptII/ptolemy/actor/lib/test/auto/RecordUpdater.xml
----------------- Instantiating /home/travis/build/icyphy/ptII/ptolemy/actor/lib/test/auto/RecordUpdater.xml
1 ms. Memory: 308224K Free: 214168K (69%)
----------------- Invoking toplevel() on ptolemy.moml.MoMLSimpleApplication@13d9ae4d
----------------- Done invoking toplevel() on ptolemy.moml.MoMLSimpleApplication@13d9ae4d
reloadAllAccessors: .RecordUpdater

===========================================================================================
----------------- testing Sat Jul 20 22:47:22 UTC 2019 /home/travis/build/icyphy/ptII/ptolemy/actor/lib/test/auto/RecordUpdater2.xml
----------------- Instantiating /home/travis/build/icyphy/ptII/ptolemy/actor/lib/test/auto/RecordUpdater2.xml
2 ms. Memory: 308224K Free: 209048K (68%)
----------------- Invoking toplevel() on ptolemy.moml.MoMLSimpleApplication@41b90259
----------------- Done invoking toplevel() on ptolemy.moml.MoMLSimpleApplication@41b90259
reloadAllAccessors: .RecordUpdater2

===========================================================================================
----------------- testing Sat Jul 20 22:47:22 UTC 2019 /home/travis/build/icyphy/ptII/ptolemy/actor/lib/test/auto/RecursiveLattice.xml
----------------- Instantiating /home/travis/build/icyphy/ptII/ptolemy/actor/lib/test/auto/RecursiveLattice.xml
1 ms. Memory: 308224K Free: 204442K (66%)
----------------- Invoking toplevel() on ptolemy.moml.MoMLSimpleApplication@12e5dcc3
----------------- Done invoking toplevel() on ptolemy.moml.MoMLSimpleApplication@12e5dcc3
reloadAllAccessors: .RecursiveLattice

===========================================================================================
----------------- testing Sat Jul 20 22:47:22 UTC 2019 /home/travis/build/icyphy/ptII/ptolemy/actor/lib/test/auto/Router.xml
----------------- Instantiating /home/travis/build/icyphy/ptII/ptolemy/actor/lib/test/auto/Router.xml
3003 ms. Memory: 308224K Free: 193688K (63%)
----------------- Invoking toplevel() on ptolemy.moml.MoMLSimpleApplication@401e6a1b
----------------- Done invoking toplevel() on ptolemy.moml.MoMLSimpleApplication@401e6a1b
reloadAllAccessors: .Router

===========================================================================================
----------------- testing Sat Jul 20 22:47:25 UTC 2019 /home/travis/build/icyphy/ptII/ptolemy/actor/lib/test/auto/Router2.xml
----------------- Instantiating /home/travis/build/icyphy/ptII/ptolemy/actor/lib/test/auto/Router2.xml
3012 ms. Memory: 308224K Free: 183962K (60%)
----------------- Invoking toplevel() on ptolemy.moml.MoMLSimpleApplication@6c75e74d
----------------- Done invoking toplevel() on ptolemy.moml.MoMLSimpleApplication@6c75e74d
reloadAllAccessors: .Router2

===========================================================================================
----------------- testing Sat Jul 20 22:47:28 UTC 2019 /home/travis/build/icyphy/ptII/ptolemy/actor/lib/test/auto/RunningMaximum.xml
----------------- Instantiating /home/travis/build/icyphy/ptII/ptolemy/actor/lib/test/auto/RunningMaximum.xml
7 ms. Memory: 308224K Free: 179352K (58%)
----------------- Invoking toplevel() on ptolemy.moml.MoMLSimpleApplication@ec1bf1e
----------------- Done invoking toplevel() on ptolemy.moml.MoMLSimpleApplication@ec1bf1e
reloadAllAccessors: .RunningMaximum

===========================================================================================
----------------- testing Sat Jul 20 22:47:28 UTC 2019 /home/travis/build/icyphy/ptII/ptolemy/actor/lib/test/auto/RunningMinimum.xml
----------------- Instantiating /home/travis/build/icyphy/ptII/ptolemy/actor/lib/test/auto/RunningMinimum.xml
10 ms. Memory: 308224K Free: 174746K (57%)
----------------- Invoking toplevel() on ptolemy.moml.MoMLSimpleApplication@cce74ca
----------------- Done invoking toplevel() on ptolemy.moml.MoMLSimpleApplication@cce74ca
reloadAllAccessors: .RunningMinimum

===========================================================================================
----------------- testing Sat Jul 20 22:47:28 UTC 2019 /home/travis/build/icyphy/ptII/ptolemy/actor/lib/test/auto/Scale.xml
----------------- Instantiating /home/travis/build/icyphy/ptII/ptolemy/actor/lib/test/auto/Scale.xml
2 ms. Memory: 308224K Free: 170136K (55%)
----------------- Invoking toplevel() on ptolemy.moml.MoMLSimpleApplication@79fc522
----------------- Done invoking toplevel() on ptolemy.moml.MoMLSimpleApplication@79fc522
reloadAllAccessors: .Scale

===========================================================================================
----------------- testing Sat Jul 20 22:47:28 UTC 2019 /home/travis/build/icyphy/ptII/ptolemy/actor/lib/test/auto/Scale2.xml
----------------- Instantiating /home/travis/build/icyphy/ptII/ptolemy/actor/lib/test/auto/Scale2.xml
1 ms. Memory: 308224K Free: 165530K (54%)
----------------- Invoking toplevel() on ptolemy.moml.MoMLSimpleApplication@4abc658b
----------------- Done invoking toplevel() on ptolemy.moml.MoMLSimpleApplication@4abc658b
reloadAllAccessors: .Scale2

===========================================================================================
----------------- testing Sat Jul 20 22:47:28 UTC 2019 /home/travis/build/icyphy/ptII/ptolemy/actor/lib/test/auto/Scale3.xml
----------------- Instantiating /home/travis/build/icyphy/ptII/ptolemy/actor/lib/test/auto/Scale3.xml
3 ms. Memory: 308224K Free: 158362K (51%)
----------------- Invoking toplevel() on ptolemy.moml.MoMLSimpleApplication@35a1f703
----------------- Done invoking toplevel() on ptolemy.moml.MoMLSimpleApplication@35a1f703
reloadAllAccessors: .Scale3

===========================================================================================
----------------- testing Sat Jul 20 22:47:28 UTC 2019 /home/travis/build/icyphy/ptII/ptolemy/actor/lib/test/auto/ScaleArray.xml
----------------- Instantiating /home/travis/build/icyphy/ptII/ptolemy/actor/lib/test/auto/ScaleArray.xml
2 ms. Memory: 308224K Free: 153752K (50%)
----------------- Invoking toplevel() on ptolemy.moml.MoMLSimpleApplication@49545152
----------------- Done invoking toplevel() on ptolemy.moml.MoMLSimpleApplication@49545152
reloadAllAccessors: .ScaleArray

===========================================================================================
----------------- testing Sat Jul 20 22:47:28 UTC 2019 /home/travis/build/icyphy/ptII/ptolemy/actor/lib/test/auto/ScaleArray2.xml
----------------- Instantiating /home/travis/build/icyphy/ptII/ptolemy/actor/lib/test/auto/ScaleArray2.xml
1 ms. Memory: 308224K Free: 149146K (48%)
----------------- Invoking toplevel() on ptolemy.moml.MoMLSimpleApplication@6154ed09
----------------- Done invoking toplevel() on ptolemy.moml.MoMLSimpleApplication@6154ed09
reloadAllAccessors: .ScaleArray2

===========================================================================================
----------------- testing Sat Jul 20 22:47:28 UTC 2019 /home/travis/build/icyphy/ptII/ptolemy/actor/lib/test/auto/ScaleMatrix.xml
----------------- Instantiating /home/travis/build/icyphy/ptII/ptolemy/actor/lib/test/auto/ScaleMatrix.xml
129 ms. Memory: 308224K Free: 134296K (44%)
----------------- Invoking toplevel() on ptolemy.moml.MoMLSimpleApplication@2a18bf45
----------------- Done invoking toplevel() on ptolemy.moml.MoMLSimpleApplication@2a18bf45
reloadAllAccessors: .ScaleMatrix

===========================================================================================
----------------- testing Sat Jul 20 22:47:28 UTC 2019 /home/travis/build/icyphy/ptII/ptolemy/actor/lib/test/auto/Select.xml
----------------- Instantiating /home/travis/build/icyphy/ptII/ptolemy/actor/lib/test/auto/Select.xml
3 ms. Memory: 308224K Free: 128138K (42%)
----------------- Invoking toplevel() on ptolemy.moml.MoMLSimpleApplication@4e0d886b
----------------- Done invoking toplevel() on ptolemy.moml.MoMLSimpleApplication@4e0d886b
reloadAllAccessors: .Select

===========================================================================================
----------------- testing Sat Jul 20 22:47:28 UTC 2019 /home/travis/build/icyphy/ptII/ptolemy/actor/lib/test/auto/Select2.xml
----------------- Instantiating /home/travis/build/icyphy/ptII/ptolemy/actor/lib/test/auto/Select2.xml
1 ms. Memory: 308224K Free: 123546K (40%)
----------------- Invoking toplevel() on ptolemy.moml.MoMLSimpleApplication@58daf0c2
----------------- Done invoking toplevel() on ptolemy.moml.MoMLSimpleApplication@58daf0c2
reloadAllAccessors: .Select2

===========================================================================================
----------------- testing Sat Jul 20 22:47:28 UTC 2019 /home/travis/build/icyphy/ptII/ptolemy/actor/lib/test/auto/SequenceToArray2.xml
----------------- Instantiating /home/travis/build/icyphy/ptII/ptolemy/actor/lib/test/auto/SequenceToArray2.xml
107 ms. Memory: 308224K Free: 98970K (32%)
----------------- Invoking toplevel() on ptolemy.moml.MoMLSimpleApplication@57edb621
----------------- Done invoking toplevel() on ptolemy.moml.MoMLSimpleApplication@57edb621
reloadAllAccessors: .SequenceToArray2

===========================================================================================
----------------- testing Sat Jul 20 22:47:28 UTC 2019 /home/travis/build/icyphy/ptII/ptolemy/actor/lib/test/auto/SequentialClock.xml
----------------- Instantiating /home/travis/build/icyphy/ptII/ptolemy/actor/lib/test/auto/SequentialClock.xml
1 ms. Memory: 308224K Free: 94360K (31%)
----------------- Invoking toplevel() on ptolemy.moml.MoMLSimpleApplication@7daaf73f
----------------- Done invoking toplevel() on ptolemy.moml.MoMLSimpleApplication@7daaf73f
reloadAllAccessors: .SequentialClock

===========================================================================================
----------------- testing Sat Jul 20 22:47:28 UTC 2019 /home/travis/build/icyphy/ptII/ptolemy/actor/lib/test/auto/SetVariable.xml
----------------- Instantiating /home/travis/build/icyphy/ptII/ptolemy/actor/lib/test/auto/SetVariable.xml
4 ms. Memory: 308224K Free: 89754K (29%)
----------------- Invoking toplevel() on ptolemy.moml.MoMLSimpleApplication@45d2025
----------------- Done invoking toplevel() on ptolemy.moml.MoMLSimpleApplication@45d2025
reloadAllAccessors: .SetVariable

===========================================================================================
----------------- testing Sat Jul 20 22:47:28 UTC 2019 /home/travis/build/icyphy/ptII/ptolemy/actor/lib/test/auto/SetVariable2.xml
----------------- Instantiating /home/travis/build/icyphy/ptII/ptolemy/actor/lib/test/auto/SetVariable2.xml
4 ms. Memory: 308224K Free: 84634K (27%)
----------------- Invoking toplevel() on ptolemy.moml.MoMLSimpleApplication@7e405442
----------------- Done invoking toplevel() on ptolemy.moml.MoMLSimpleApplication@7e405442
reloadAllAccessors: .SetVariable2

===========================================================================================
----------------- testing Sat Jul 20 22:47:28 UTC 2019 /home/travis/build/icyphy/ptII/ptolemy/actor/lib/test/auto/SetVariable3.xml
----------------- Instantiating /home/travis/build/icyphy/ptII/ptolemy/actor/lib/test/auto/SetVariable3.xml
7 ms. Memory: 308224K Free: 79514K (26%)
----------------- Invoking toplevel() on ptolemy.moml.MoMLSimpleApplication@563d7b0
----------------- Done invoking toplevel() on ptolemy.moml.MoMLSimpleApplication@563d7b0
reloadAllAccessors: .SetVariable3

===========================================================================================
----------------- testing Sat Jul 20 22:47:28 UTC 2019 /home/travis/build/icyphy/ptII/ptolemy/actor/lib/test/auto/SetVariable4.xml
----------------- Instantiating /home/travis/build/icyphy/ptII/ptolemy/actor/lib/test/auto/SetVariable4.xml
13 ms. Memory: 308224K Free: 252425K (82%)
----------------- Invoking toplevel() on ptolemy.moml.MoMLSimpleApplication@6b83099f
----------------- Done invoking toplevel() on ptolemy.moml.MoMLSimpleApplication@6b83099f
reloadAllAccessors: .SetVariable4

===========================================================================================
----------------- testing Sat Jul 20 22:47:29 UTC 2019 /home/travis/build/icyphy/ptII/ptolemy/actor/lib/test/auto/SetVariable5.xml
----------------- Instantiating /home/travis/build/icyphy/ptII/ptolemy/actor/lib/test/auto/SetVariable5.xml
19 ms. Memory: 308224K Free: 242691K (79%)
----------------- Invoking toplevel() on ptolemy.moml.MoMLSimpleApplication@ac0f464
----------------- Done invoking toplevel() on ptolemy.moml.MoMLSimpleApplication@ac0f464
reloadAllAccessors: .SetVariable5

===========================================================================================
----------------- testing Sat Jul 20 22:47:29 UTC 2019 /home/travis/build/icyphy/ptII/ptolemy/actor/lib/test/auto/Sinewave.xml
----------------- Instantiating /home/travis/build/icyphy/ptII/ptolemy/actor/lib/test/auto/Sinewave.xml
4 ms. Memory: 308224K Free: 232457K (75%)
----------------- Invoking toplevel() on ptolemy.moml.MoMLSimpleApplication@5b2361a3
----------------- Done invoking toplevel() on ptolemy.moml.MoMLSimpleApplication@5b2361a3
reloadAllAccessors: .Sinewave

===========================================================================================
----------------- testing Sat Jul 20 22:47:29 UTC 2019 /home/travis/build/icyphy/ptII/ptolemy/actor/lib/test/auto/Sinewave2.xml
----------------- Instantiating /home/travis/build/icyphy/ptII/ptolemy/actor/lib/test/auto/Sinewave2.xml
7 ms. Memory: 308224K Free: 224251K (73%)
----------------- Invoking toplevel() on ptolemy.moml.MoMLSimpleApplication@ad97225
----------------- Done invoking toplevel() on ptolemy.moml.MoMLSimpleApplication@ad97225
reloadAllAccessors: .Sinewave2

===========================================================================================
----------------- testing Sat Jul 20 22:47:29 UTC 2019 /home/travis/build/icyphy/ptII/ptolemy/actor/lib/test/auto/Sinewave3.xml
----------------- Instantiating /home/travis/build/icyphy/ptII/ptolemy/actor/lib/test/auto/Sinewave3.xml
9 ms. Memory: 308224K Free: 216043K (70%)
----------------- Invoking toplevel() on ptolemy.moml.MoMLSimpleApplication@4e82ecaa
----------------- Done invoking toplevel() on ptolemy.moml.MoMLSimpleApplication@4e82ecaa
reloadAllAccessors: .Sinewave3

===========================================================================================
----------------- testing Sat Jul 20 22:47:29 UTC 2019 /home/travis/build/icyphy/ptII/ptolemy/actor/lib/test/auto/SingleEvent.xml
----------------- Instantiating /home/travis/build/icyphy/ptII/ptolemy/actor/lib/test/auto/SingleEvent.xml
1 ms. Memory: 308224K Free: 211977K (69%)
----------------- Invoking toplevel() on ptolemy.moml.MoMLSimpleApplication@33060812
----------------- Done invoking toplevel() on ptolemy.moml.MoMLSimpleApplication@33060812
reloadAllAccessors: .SingleEvent

===========================================================================================
----------------- testing Sat Jul 20 22:47:29 UTC 2019 /home/travis/build/icyphy/ptII/ptolemy/actor/lib/test/auto/Sleep.xml
----------------- Instantiating /home/travis/build/icyphy/ptII/ptolemy/actor/lib/test/auto/Sleep.xml
6003 ms. Memory: 308224K Free: 205803K (67%)
----------------- Invoking toplevel() on ptolemy.moml.MoMLSimpleApplication@3620fa9
----------------- Done invoking toplevel() on ptolemy.moml.MoMLSimpleApplication@3620fa9
reloadAllAccessors: .Sleep

===========================================================================================
----------------- testing Sat Jul 20 22:47:35 UTC 2019 /home/travis/build/icyphy/ptII/ptolemy/actor/lib/test/auto/SleepMultipleFire.xml
----------------- Instantiating /home/travis/build/icyphy/ptII/ptolemy/actor/lib/test/auto/SleepMultipleFire.xml
1005 ms. Memory: 308224K Free: 200203K (65%)
----------------- Invoking toplevel() on ptolemy.moml.MoMLSimpleApplication@2f46cc27
----------------- Done invoking toplevel() on ptolemy.moml.MoMLSimpleApplication@2f46cc27
reloadAllAccessors: .SleepMultipleFire

===========================================================================================
----------------- testing Sat Jul 20 22:47:36 UTC 2019 /home/travis/build/icyphy/ptII/ptolemy/actor/lib/test/auto/StopDE.xml
----------------- Instantiating /home/travis/build/icyphy/ptII/ptolemy/actor/lib/test/auto/StopDE.xml
3 ms. Memory: 308224K Free: 194569K (63%)
----------------- Invoking toplevel() on ptolemy.moml.MoMLSimpleApplication@748af5e9
----------------- Done invoking toplevel() on ptolemy.moml.MoMLSimpleApplication@748af5e9
reloadAllAccessors: .StopDE

===========================================================================================
----------------- testing Sat Jul 20 22:47:36 UTC 2019 /home/travis/build/icyphy/ptII/ptolemy/actor/lib/test/auto/StopSDF.xml
----------------- Instantiating /home/travis/build/icyphy/ptII/ptolemy/actor/lib/test/auto/StopSDF.xml
3 ms. Memory: 308224K Free: 189449K (61%)
----------------- Invoking toplevel() on ptolemy.moml.MoMLSimpleApplication@7b1e94f
----------------- Done invoking toplevel() on ptolemy.moml.MoMLSimpleApplication@7b1e94f
reloadAllAccessors: .StopSDF

===========================================================================================
----------------- testing Sat Jul 20 22:47:36 UTC 2019 /home/travis/build/icyphy/ptII/ptolemy/actor/lib/test/auto/StringConstant.xml
----------------- Instantiating /home/travis/build/icyphy/ptII/ptolemy/actor/lib/test/auto/StringConstant.xml
8 ms. Memory: 308224K Free: 184843K (60%)
----------------- Invoking toplevel() on ptolemy.moml.MoMLSimpleApplication@6ae8d51d
----------------- Done invoking toplevel() on ptolemy.moml.MoMLSimpleApplication@6ae8d51d
reloadAllAccessors: .StringConstant

===========================================================================================
----------------- testing Sat Jul 20 22:47:36 UTC 2019 /home/travis/build/icyphy/ptII/ptolemy/actor/lib/test/auto/SubscriberPortInitialValues1.xml
----------------- Instantiating /home/travis/build/icyphy/ptII/ptolemy/actor/lib/test/auto/SubscriberPortInitialValues1.xml
12 ms. Memory: 308224K Free: 176137K (57%)
----------------- Invoking toplevel() on ptolemy.moml.MoMLSimpleApplication@3bab0159
----------------- Done invoking toplevel() on ptolemy.moml.MoMLSimpleApplication@3bab0159
reloadAllAccessors: .SubscriberPortInitialValues1

===========================================================================================
----------------- testing Sat Jul 20 22:47:36 UTC 2019 /home/travis/build/icyphy/ptII/ptolemy/actor/lib/test/auto/SubscriberPortInitialValues13.xml
----------------- Instantiating /home/travis/build/icyphy/ptII/ptolemy/actor/lib/test/auto/SubscriberPortInitialValues13.xml
7 ms. Memory: 308224K Free: 162825K (53%)
----------------- Invoking toplevel() on ptolemy.moml.MoMLSimpleApplication@5ac06154
----------------- Done invoking toplevel() on ptolemy.moml.MoMLSimpleApplication@5ac06154
reloadAllAccessors: .SubscriberPortInitialValues13

===========================================================================================
----------------- testing Sat Jul 20 22:47:36 UTC 2019 /home/travis/build/icyphy/ptII/ptolemy/actor/lib/test/auto/SubscriberPortInitialValues14.xml
----------------- Instantiating /home/travis/build/icyphy/ptII/ptolemy/actor/lib/test/auto/SubscriberPortInitialValues14.xml
4 ms. Memory: 308224K Free: 155147K (50%)
----------------- Invoking toplevel() on ptolemy.moml.MoMLSimpleApplication@2db73bc8
----------------- Done invoking toplevel() on ptolemy.moml.MoMLSimpleApplication@2db73bc8
reloadAllAccessors: .SubscriberPortInitialValues14

===========================================================================================
----------------- testing Sat Jul 20 22:47:36 UTC 2019 /home/travis/build/icyphy/ptII/ptolemy/actor/lib/test/auto/SubscriberPortInitialValues2.xml
----------------- Instantiating /home/travis/build/icyphy/ptII/ptolemy/actor/lib/test/auto/SubscriberPortInitialValues2.xml
4 ms. Memory: 308224K Free: 147465K (48%)
----------------- Invoking toplevel() on ptolemy.moml.MoMLSimpleApplication@2d14b9b8
----------------- Done invoking toplevel() on ptolemy.moml.MoMLSimpleApplication@2d14b9b8
reloadAllAccessors: .SubscriberPortInitialValues2

===========================================================================================
----------------- testing Sat Jul 20 22:47:36 UTC 2019 /home/travis/build/icyphy/ptII/ptolemy/actor/lib/test/auto/SubscriberPortInitialValues3.xml
----------------- Instantiating /home/travis/build/icyphy/ptII/ptolemy/actor/lib/test/auto/SubscriberPortInitialValues3.xml
5 ms. Memory: 308224K Free: 136715K (44%)
----------------- Invoking toplevel() on ptolemy.moml.MoMLSimpleApplication@21e1c8aa
----------------- Done invoking toplevel() on ptolemy.moml.MoMLSimpleApplication@21e1c8aa
reloadAllAccessors: .SubscriberPortInitialValues3

===========================================================================================
----------------- testing Sat Jul 20 22:47:36 UTC 2019 /home/travis/build/icyphy/ptII/ptolemy/actor/lib/test/auto/SubscriptionAggregator.xml
----------------- Instantiating /home/travis/build/icyphy/ptII/ptolemy/actor/lib/test/auto/SubscriptionAggregator.xml
3 ms. Memory: 308224K Free: 130043K (42%)
----------------- Invoking toplevel() on ptolemy.moml.MoMLSimpleApplication@629edd11
----------------- Done invoking toplevel() on ptolemy.moml.MoMLSimpleApplication@629edd11
reloadAllAccessors: .SubscriptionAggregator

===========================================================================================
----------------- testing Sat Jul 20 22:47:36 UTC 2019 /home/travis/build/icyphy/ptII/ptolemy/actor/lib/test/auto/SubscriptionAggregator2.xml
----------------- Instantiating /home/travis/build/icyphy/ptII/ptolemy/actor/lib/test/auto/SubscriptionAggregator2.xml
3 ms. Memory: 308224K Free: 122875K (40%)
----------------- Invoking toplevel() on ptolemy.moml.MoMLSimpleApplication@5cfa1f5c
----------------- Done invoking toplevel() on ptolemy.moml.MoMLSimpleApplication@5cfa1f5c
reloadAllAccessors: .SubscriptionAggregator2

===========================================================================================
----------------- testing Sat Jul 20 22:47:36 UTC 2019 /home/travis/build/icyphy/ptII/ptolemy/actor/lib/test/auto/SubscriptionAggregator3.xml
----------------- Instantiating /home/travis/build/icyphy/ptII/ptolemy/actor/lib/test/auto/SubscriptionAggregator3.xml
4 ms. Memory: 308224K Free: 114187K (37%)
----------------- Invoking toplevel() on ptolemy.moml.MoMLSimpleApplication@1b23db10
----------------- Done invoking toplevel() on ptolemy.moml.MoMLSimpleApplication@1b23db10
reloadAllAccessors: .SubscriptionAggregator3

===========================================================================================
----------------- testing Sat Jul 20 22:47:36 UTC 2019 /home/travis/build/icyphy/ptII/ptolemy/actor/lib/test/auto/SubscriptionAggregatorMultiply.xml
----------------- Instantiating /home/travis/build/icyphy/ptII/ptolemy/actor/lib/test/auto/SubscriptionAggregatorMultiply.xml
3 ms. Memory: 308224K Free: 104971K (34%)
----------------- Invoking toplevel() on ptolemy.moml.MoMLSimpleApplication@35509f20
----------------- Done invoking toplevel() on ptolemy.moml.MoMLSimpleApplication@35509f20
reloadAllAccessors: .SubscriptionAggregatorMultiply

===========================================================================================
----------------- testing Sat Jul 20 22:47:36 UTC 2019 /home/travis/build/icyphy/ptII/ptolemy/actor/lib/test/auto/SubscriptionAggregatorPortMultiply1.xml
----------------- Instantiating /home/travis/build/icyphy/ptII/ptolemy/actor/lib/test/auto/SubscriptionAggregatorPortMultiply1.xml
5 ms. Memory: 308224K Free: 96779K (31%)
----------------- Invoking toplevel() on ptolemy.moml.MoMLSimpleApplication@592c4dc8
----------------- Done invoking toplevel() on ptolemy.moml.MoMLSimpleApplication@592c4dc8
reloadAllAccessors: .SubscriptionAggregatorPortMultiply1

===========================================================================================
----------------- testing Sat Jul 20 22:47:36 UTC 2019 /home/travis/build/icyphy/ptII/ptolemy/actor/lib/test/auto/Switch.xml
----------------- Instantiating /home/travis/build/icyphy/ptII/ptolemy/actor/lib/test/auto/Switch.xml
7 ms. Memory: 308224K Free: 88587K (29%)
----------------- Invoking toplevel() on ptolemy.moml.MoMLSimpleApplication@538fdf33
----------------- Done invoking toplevel() on ptolemy.moml.MoMLSimpleApplication@538fdf33
reloadAllAccessors: .Switch

===========================================================================================
----------------- testing Sat Jul 20 22:47:36 UTC 2019 /home/travis/build/icyphy/ptII/ptolemy/actor/lib/test/auto/Switch2.xml
----------------- Instantiating /home/travis/build/icyphy/ptII/ptolemy/actor/lib/test/auto/Switch2.xml
1 ms. Memory: 308224K Free: 83977K (27%)
----------------- Invoking toplevel() on ptolemy.moml.MoMLSimpleApplication@61bdbc7
----------------- Done invoking toplevel() on ptolemy.moml.MoMLSimpleApplication@61bdbc7
reloadAllAccessors: .Switch2

===========================================================================================
----------------- testing Sat Jul 20 22:47:36 UTC 2019 /home/travis/build/icyphy/ptII/ptolemy/actor/lib/test/auto/SwitchDE.xml
----------------- Instantiating /home/travis/build/icyphy/ptII/ptolemy/actor/lib/test/auto/SwitchDE.xml
4 ms. Memory: 308224K Free: 77803K (25%)
----------------- Invoking toplevel() on ptolemy.moml.MoMLSimpleApplication@3d51a226
----------------- Done invoking toplevel() on ptolemy.moml.MoMLSimpleApplication@3d51a226
reloadAllAccessors: .SwitchDE

===========================================================================================
----------------- testing Sat Jul 20 22:47:36 UTC 2019 /home/travis/build/icyphy/ptII/ptolemy/actor/lib/test/auto/SynchronizerDE.xml
----------------- Instantiating /home/travis/build/icyphy/ptII/ptolemy/actor/lib/test/auto/SynchronizerDE.xml
7 ms. Memory: 308224K Free: 251703K (82%)
----------------- Invoking toplevel() on ptolemy.moml.MoMLSimpleApplication@49cea0df
----------------- Done invoking toplevel() on ptolemy.moml.MoMLSimpleApplication@49cea0df
reloadAllAccessors: .SynchronizerDE

===========================================================================================
----------------- testing Sat Jul 20 22:47:36 UTC 2019 /home/travis/build/icyphy/ptII/ptolemy/actor/lib/test/auto/Test.xml
----------------- Instantiating /home/travis/build/icyphy/ptII/ptolemy/actor/lib/test/auto/Test.xml
2 ms. Memory: 308224K Free: 246559K (80%)
----------------- Invoking toplevel() on ptolemy.moml.MoMLSimpleApplication@2636ffb0
----------------- Done invoking toplevel() on ptolemy.moml.MoMLSimpleApplication@2636ffb0
reloadAllAccessors: .Test

===========================================================================================
----------------- testing Sat Jul 20 22:47:36 UTC 2019 /home/travis/build/icyphy/ptII/ptolemy/actor/lib/test/auto/TestExceptionAttribute1.xml
----------------- Instantiating /home/travis/build/icyphy/ptII/ptolemy/actor/lib/test/auto/TestExceptionAttribute1.xml
2 ms. Memory: 308224K Free: 242493K (79%)
----------------- Invoking toplevel() on ptolemy.moml.MoMLSimpleApplication@6f37081d
----------------- Done invoking toplevel() on ptolemy.moml.MoMLSimpleApplication@6f37081d
reloadAllAccessors: .TestExceptionAttribute1

===========================================================================================
----------------- testing Sat Jul 20 22:47:36 UTC 2019 /home/travis/build/icyphy/ptII/ptolemy/actor/lib/test/auto/TestExceptionAttribute2.xml
----------------- Instantiating /home/travis/build/icyphy/ptII/ptolemy/actor/lib/test/auto/TestExceptionAttribute2.xml
1 ms. Memory: 308224K Free: 238911K (78%)
----------------- Invoking toplevel() on ptolemy.moml.MoMLSimpleApplication@595b74f5
----------------- Done invoking toplevel() on ptolemy.moml.MoMLSimpleApplication@595b74f5
reloadAllAccessors: .TestExceptionAttribute2

===========================================================================================
----------------- testing Sat Jul 20 22:47:36 UTC 2019 /home/travis/build/icyphy/ptII/ptolemy/actor/lib/test/auto/TestExceptionAttribute3.xml
----------------- Instantiating /home/travis/build/icyphy/ptII/ptolemy/actor/lib/test/auto/TestExceptionAttribute3.xml
.TestExceptionAttribute3.TestExceptionAttribute: initialize() was not invoked, but wrapup() was.  This is unusual, but not always a problem.  For example, exporting JNLP will do this.
1 ms. Memory: 308224K Free: 235325K (76%)
----------------- Invoking toplevel() on ptolemy.moml.MoMLSimpleApplication@6f455ca6
----------------- Done invoking toplevel() on ptolemy.moml.MoMLSimpleApplication@6f455ca6
reloadAllAccessors: .TestExceptionAttribute3

===========================================================================================
----------------- testing Sat Jul 20 22:47:36 UTC 2019 /home/travis/build/icyphy/ptII/ptolemy/actor/lib/test/auto/TestExceptionAttribute4.xml
----------------- Instantiating /home/travis/build/icyphy/ptII/ptolemy/actor/lib/test/auto/TestExceptionAttribute4.xml
.TestExceptionAttribute4.TestExceptionAttribute: initialize() was not invoked, but wrapup() was.  This is unusual, but not always a problem.  For example, exporting JNLP will do this.
.TestExceptionAttribute4.TestExceptionAttribute2: initialize() was not invoked, but wrapup() was.  This is unusual, but not always a problem.  For example, exporting JNLP will do this.
1 ms. Memory: 308224K Free: 231229K (75%)
----------------- Invoking toplevel() on ptolemy.moml.MoMLSimpleApplication@1e8997e7
----------------- Done invoking toplevel() on ptolemy.moml.MoMLSimpleApplication@1e8997e7
reloadAllAccessors: .TestExceptionAttribute4

===========================================================================================
----------------- testing Sat Jul 20 22:47:36 UTC 2019 /home/travis/build/icyphy/ptII/ptolemy/actor/lib/test/auto/TestExceptionHandler1.xml
----------------- Instantiating /home/travis/build/icyphy/ptII/ptolemy/actor/lib/test/auto/TestExceptionHandler1.xml
1 ms. Memory: 308224K Free: 227647K (74%)
----------------- Invoking toplevel() on ptolemy.moml.MoMLSimpleApplication@1ebff177
----------------- Done invoking toplevel() on ptolemy.moml.MoMLSimpleApplication@1ebff177
reloadAllAccessors: .TestExceptionHandler1

===========================================================================================
----------------- testing Sat Jul 20 22:47:36 UTC 2019 /home/travis/build/icyphy/ptII/ptolemy/actor/lib/test/auto/TestExceptionHandler2.xml
----------------- Instantiating /home/travis/build/icyphy/ptII/ptolemy/actor/lib/test/auto/TestExceptionHandler2.xml
1 ms. Memory: 308224K Free: 224061K (73%)
----------------- Invoking toplevel() on ptolemy.moml.MoMLSimpleApplication@73c995b8
----------------- Done invoking toplevel() on ptolemy.moml.MoMLSimpleApplication@73c995b8
reloadAllAccessors: .TestExceptionHandler2

===========================================================================================
----------------- testing Sat Jul 20 22:47:36 UTC 2019 /home/travis/build/icyphy/ptII/ptolemy/actor/lib/test/auto/TestExceptionHandler3.xml
----------------- Instantiating /home/travis/build/icyphy/ptII/ptolemy/actor/lib/test/auto/TestExceptionHandler3.xml
1 ms. Memory: 308224K Free: 219965K (71%)
----------------- Invoking toplevel() on ptolemy.moml.MoMLSimpleApplication@14ebdc3b
----------------- Done invoking toplevel() on ptolemy.moml.MoMLSimpleApplication@14ebdc3b
reloadAllAccessors: .TestExceptionHandler3

===========================================================================================
----------------- testing Sat Jul 20 22:47:36 UTC 2019 /home/travis/build/icyphy/ptII/ptolemy/actor/lib/test/auto/TestExceptionHandler4.xml
----------------- Instantiating /home/travis/build/icyphy/ptII/ptolemy/actor/lib/test/auto/TestExceptionHandler4.xml
0 ms. Memory: 308224K Free: 215869K (70%)
----------------- Invoking toplevel() on ptolemy.moml.MoMLSimpleApplication@229945f6
----------------- Done invoking toplevel() on ptolemy.moml.MoMLSimpleApplication@229945f6
reloadAllAccessors: .TestExceptionHandler4

===========================================================================================
----------------- testing Sat Jul 20 22:47:36 UTC 2019 /home/travis/build/icyphy/ptII/ptolemy/actor/lib/test/auto/TestRequireCorrectOrder.xml
----------------- Instantiating /home/travis/build/icyphy/ptII/ptolemy/actor/lib/test/auto/TestRequireCorrectOrder.xml
10 ms. Memory: 308224K Free: 210719K (68%)
----------------- Invoking toplevel() on ptolemy.moml.MoMLSimpleApplication@10da2f6d
----------------- Done invoking toplevel() on ptolemy.moml.MoMLSimpleApplication@10da2f6d
reloadAllAccessors: .TestRequireCorrectOrder

===========================================================================================
----------------- testing Sat Jul 20 22:47:36 UTC 2019 /home/travis/build/icyphy/ptII/ptolemy/actor/lib/test/auto/TestSimple.xml
----------------- Instantiating /home/travis/build/icyphy/ptII/ptolemy/actor/lib/test/auto/TestSimple.xml
1 ms. Memory: 308224K Free: 206653K (67%)
----------------- Invoking toplevel() on ptolemy.moml.MoMLSimpleApplication@47e148c
----------------- Done invoking toplevel() on ptolemy.moml.MoMLSimpleApplication@47e148c
reloadAllAccessors: .TestSimple

===========================================================================================
----------------- testing Sat Jul 20 22:47:36 UTC 2019 /home/travis/build/icyphy/ptII/ptolemy/actor/lib/test/auto/ThrowModelError.xml
----------------- Instantiating /home/travis/build/icyphy/ptII/ptolemy/actor/lib/test/auto/ThrowModelError.xml
4 ms. Memory: 308224K Free: 202047K (66%)
----------------- Invoking toplevel() on ptolemy.moml.MoMLSimpleApplication@724470ed
----------------- Done invoking toplevel() on ptolemy.moml.MoMLSimpleApplication@724470ed
reloadAllAccessors: .ThrowModelError

===========================================================================================
----------------- testing Sat Jul 20 22:47:36 UTC 2019 /home/travis/build/icyphy/ptII/ptolemy/actor/lib/test/auto/TimeDelayMicrosteps.xml
----------------- Instantiating /home/travis/build/icyphy/ptII/ptolemy/actor/lib/test/auto/TimeDelayMicrosteps.xml
18 ms. Memory: 308224K Free: 194879K (63%)
----------------- Invoking toplevel() on ptolemy.moml.MoMLSimpleApplication@13749818
----------------- Done invoking toplevel() on ptolemy.moml.MoMLSimpleApplication@13749818
reloadAllAccessors: .TimeDelayMicrosteps

===========================================================================================
----------------- testing Sat Jul 20 22:47:36 UTC 2019 /home/travis/build/icyphy/ptII/ptolemy/actor/lib/test/auto/TimeDelayMicrosteps2.xml
----------------- Instantiating /home/travis/build/icyphy/ptII/ptolemy/actor/lib/test/auto/TimeDelayMicrosteps2.xml
4 ms. Memory: 308224K Free: 187711K (61%)
----------------- Invoking toplevel() on ptolemy.moml.MoMLSimpleApplication@7303f228
----------------- Done invoking toplevel() on ptolemy.moml.MoMLSimpleApplication@7303f228
reloadAllAccessors: .TimeDelayMicrosteps2

===========================================================================================
----------------- testing Sat Jul 20 22:47:36 UTC 2019 /home/travis/build/icyphy/ptII/ptolemy/actor/lib/test/auto/TimeDelayMicrosteps3.xml
----------------- Instantiating /home/travis/build/icyphy/ptII/ptolemy/actor/lib/test/auto/TimeDelayMicrosteps3.xml
3 ms. Memory: 308224K Free: 181020K (59%)
----------------- Invoking toplevel() on ptolemy.moml.MoMLSimpleApplication@644382a1
----------------- Done invoking toplevel() on ptolemy.moml.MoMLSimpleApplication@644382a1
reloadAllAccessors: .TimeDelayMicrosteps3

===========================================================================================
----------------- testing Sat Jul 20 22:47:36 UTC 2019 /home/travis/build/icyphy/ptII/ptolemy/actor/lib/test/auto/TimeDelayVariableMicrosteps.xml
----------------- Instantiating /home/travis/build/icyphy/ptII/ptolemy/actor/lib/test/auto/TimeDelayVariableMicrosteps.xml
3 ms. Memory: 308224K Free: 174909K (57%)
----------------- Invoking toplevel() on ptolemy.moml.MoMLSimpleApplication@c587f3b
----------------- Done invoking toplevel() on ptolemy.moml.MoMLSimpleApplication@c587f3b
reloadAllAccessors: .TimeDelayVariableMicrosteps

===========================================================================================
----------------- testing Sat Jul 20 22:47:36 UTC 2019 /home/travis/build/icyphy/ptII/ptolemy/actor/lib/test/auto/TimeGap.xml
----------------- Instantiating /home/travis/build/icyphy/ptII/ptolemy/actor/lib/test/auto/TimeGap.xml
3 ms. Memory: 308224K Free: 169775K (55%)
----------------- Invoking toplevel() on ptolemy.moml.MoMLSimpleApplication@65bef990
----------------- Done invoking toplevel() on ptolemy.moml.MoMLSimpleApplication@65bef990
reloadAllAccessors: .TimeGap

===========================================================================================
----------------- testing Sat Jul 20 22:47:36 UTC 2019 /home/travis/build/icyphy/ptII/ptolemy/actor/lib/test/auto/TimeGap2.xml
----------------- Instantiating /home/travis/build/icyphy/ptII/ptolemy/actor/lib/test/auto/TimeGap2.xml
1 ms. Memory: 308224K Free: 163639K (53%)
----------------- Invoking toplevel() on ptolemy.moml.MoMLSimpleApplication@7c5262b9
----------------- Done invoking toplevel() on ptolemy.moml.MoMLSimpleApplication@7c5262b9
reloadAllAccessors: .TimeGap2

===========================================================================================
----------------- testing Sat Jul 20 22:47:36 UTC 2019 /home/travis/build/icyphy/ptII/ptolemy/actor/lib/test/auto/TimedSinewave.xml
----------------- Instantiating /home/travis/build/icyphy/ptII/ptolemy/actor/lib/test/auto/TimedSinewave.xml
24 ms. Memory: 308224K Free: 149823K (49%)
----------------- Invoking toplevel() on ptolemy.moml.MoMLSimpleApplication@6ca35526
----------------- Done invoking toplevel() on ptolemy.moml.MoMLSimpleApplication@6ca35526
reloadAllAccessors: .TimedSinewave

===========================================================================================
----------------- testing Sat Jul 20 22:47:36 UTC 2019 /home/travis/build/icyphy/ptII/ptolemy/actor/lib/test/auto/TimedSinewavePhase.xml
----------------- Instantiating /home/travis/build/icyphy/ptII/ptolemy/actor/lib/test/auto/TimedSinewavePhase.xml
10 ms. Memory: 308224K Free: 140093K (45%)
----------------- Invoking toplevel() on ptolemy.moml.MoMLSimpleApplication@6a78169c
----------------- Done invoking toplevel() on ptolemy.moml.MoMLSimpleApplication@6a78169c
reloadAllAccessors: .TimedSinewavePhase

===========================================================================================
----------------- testing Sat Jul 20 22:47:36 UTC 2019 /home/travis/build/icyphy/ptII/ptolemy/actor/lib/test/auto/Timer.xml
----------------- Instantiating /home/travis/build/icyphy/ptII/ptolemy/actor/lib/test/auto/Timer.xml
9 ms. Memory: 308224K Free: 134463K (44%)
----------------- Invoking toplevel() on ptolemy.moml.MoMLSimpleApplication@3a91fc88
----------------- Done invoking toplevel() on ptolemy.moml.MoMLSimpleApplication@3a91fc88
reloadAllAccessors: .Timer

===========================================================================================
----------------- testing Sat Jul 20 22:47:36 UTC 2019 /home/travis/build/icyphy/ptII/ptolemy/actor/lib/test/auto/TriangularDistTestModel.xml
----------------- Instantiating /home/travis/build/icyphy/ptII/ptolemy/actor/lib/test/auto/TriangularDistTestModel.xml
3 ms. Memory: 308224K Free: 128799K (42%)
----------------- Invoking toplevel() on ptolemy.moml.MoMLSimpleApplication@6704a598
----------------- Done invoking toplevel() on ptolemy.moml.MoMLSimpleApplication@6704a598
reloadAllAccessors: .TriangularDistTestModel

===========================================================================================
----------------- testing Sat Jul 20 22:47:36 UTC 2019 /home/travis/build/icyphy/ptII/ptolemy/actor/lib/test/auto/TrigFunction.xml
----------------- Instantiating /home/travis/build/icyphy/ptII/ptolemy/actor/lib/test/auto/TrigFunction.xml
2 ms. Memory: 308224K Free: 123199K (40%)
----------------- Invoking toplevel() on ptolemy.moml.MoMLSimpleApplication@c6a02ad
----------------- Done invoking toplevel() on ptolemy.moml.MoMLSimpleApplication@c6a02ad
reloadAllAccessors: .TrigFunction

===========================================================================================
----------------- testing Sat Jul 20 22:47:36 UTC 2019 /home/travis/build/icyphy/ptII/ptolemy/actor/lib/test/auto/TrigFunctionDE.xml
----------------- Instantiating /home/travis/build/icyphy/ptII/ptolemy/actor/lib/test/auto/TrigFunctionDE.xml
1 ms. Memory: 308224K Free: 117565K (38%)
----------------- Invoking toplevel() on ptolemy.moml.MoMLSimpleApplication@57d4e089
----------------- Done invoking toplevel() on ptolemy.moml.MoMLSimpleApplication@57d4e089
reloadAllAccessors: .TrigFunctionDE

===========================================================================================
----------------- testing Sat Jul 20 22:47:37 UTC 2019 /home/travis/build/icyphy/ptII/ptolemy/actor/lib/test/auto/TrigFunctionInverse.xml
----------------- Instantiating /home/travis/build/icyphy/ptII/ptolemy/actor/lib/test/auto/TrigFunctionInverse.xml
2 ms. Memory: 308224K Free: 112445K (36%)
----------------- Invoking toplevel() on ptolemy.moml.MoMLSimpleApplication@66cc006c
----------------- Done invoking toplevel() on ptolemy.moml.MoMLSimpleApplication@66cc006c
reloadAllAccessors: .TrigFunctionInverse

===========================================================================================
----------------- testing Sat Jul 20 22:47:37 UTC 2019 /home/travis/build/icyphy/ptII/ptolemy/actor/lib/test/auto/TrigFunctionTan.xml
----------------- Instantiating /home/travis/build/icyphy/ptII/ptolemy/actor/lib/test/auto/TrigFunctionTan.xml
1 ms. Memory: 308224K Free: 107839K (35%)
----------------- Invoking toplevel() on ptolemy.moml.MoMLSimpleApplication@b628af
----------------- Done invoking toplevel() on ptolemy.moml.MoMLSimpleApplication@b628af
reloadAllAccessors: .TrigFunctionTan

===========================================================================================
----------------- testing Sat Jul 20 22:47:37 UTC 2019 /home/travis/build/icyphy/ptII/ptolemy/actor/lib/test/auto/TriggeredClock.xml
----------------- Instantiating /home/travis/build/icyphy/ptII/ptolemy/actor/lib/test/auto/TriggeredClock.xml
1 ms. Memory: 308224K Free: 102199K (33%)
----------------- Invoking toplevel() on ptolemy.moml.MoMLSimpleApplication@403f626d
----------------- Done invoking toplevel() on ptolemy.moml.MoMLSimpleApplication@403f626d
reloadAllAccessors: .TriggeredClock

===========================================================================================
----------------- testing Sat Jul 20 22:47:37 UTC 2019 /home/travis/build/icyphy/ptII/ptolemy/actor/lib/test/auto/URLDirectoryReader.xml
----------------- Instantiating /home/travis/build/icyphy/ptII/ptolemy/actor/lib/test/auto/URLDirectoryReader.xml
32 ms. Memory: 308224K Free: 92989K (30%)
----------------- Invoking toplevel() on ptolemy.moml.MoMLSimpleApplication@3a2f55b3
----------------- Done invoking toplevel() on ptolemy.moml.MoMLSimpleApplication@3a2f55b3
reloadAllAccessors: .URLDirectoryReader

===========================================================================================
----------------- testing Sat Jul 20 22:47:37 UTC 2019 /home/travis/build/icyphy/ptII/ptolemy/actor/lib/test/auto/URLDirectoryReader3.xml
----------------- Instantiating /home/travis/build/icyphy/ptII/ptolemy/actor/lib/test/auto/URLDirectoryReader3.xml
1132 ms. Memory: 308224K Free: 251129K (81%)
----------------- Invoking toplevel() on ptolemy.moml.MoMLSimpleApplication@49eef1fd
----------------- Done invoking toplevel() on ptolemy.moml.MoMLSimpleApplication@49eef1fd
reloadAllAccessors: .URLDirectoryReader3

===========================================================================================
----------------- testing Sat Jul 20 22:47:38 UTC 2019 /home/travis/build/icyphy/ptII/ptolemy/actor/lib/test/auto/UnaryMathFunction.xml
----------------- Instantiating /home/travis/build/icyphy/ptII/ptolemy/actor/lib/test/auto/UnaryMathFunction.xml
5 ms. Memory: 308224K Free: 243296K (79%)
----------------- Invoking toplevel() on ptolemy.moml.MoMLSimpleApplication@7e050017
----------------- Done invoking toplevel() on ptolemy.moml.MoMLSimpleApplication@7e050017
reloadAllAccessors: .UnaryMathFunction

===========================================================================================
----------------- testing Sat Jul 20 22:47:38 UTC 2019 /home/travis/build/icyphy/ptII/ptolemy/actor/lib/test/auto/Uniform.xml
----------------- Instantiating /home/travis/build/icyphy/ptII/ptolemy/actor/lib/test/auto/Uniform.xml
5 ms. Memory: 308224K Free: 238686K (77%)
----------------- Invoking toplevel() on ptolemy.moml.MoMLSimpleApplication@447c7591
----------------- Done invoking toplevel() on ptolemy.moml.MoMLSimpleApplication@447c7591
reloadAllAccessors: .Uniform

===========================================================================================
----------------- testing Sat Jul 20 22:47:38 UTC 2019 /home/travis/build/icyphy/ptII/ptolemy/actor/lib/test/auto/UnionDisassemblerTest.xml
----------------- Instantiating /home/travis/build/icyphy/ptII/ptolemy/actor/lib/test/auto/UnionDisassemblerTest.xml
26 ms. Memory: 308224K Free: 235104K (76%)
----------------- Invoking toplevel() on ptolemy.moml.MoMLSimpleApplication@20185de2
----------------- Done invoking toplevel() on ptolemy.moml.MoMLSimpleApplication@20185de2
reloadAllAccessors: .UnionDisassemblerTest

===========================================================================================
----------------- testing Sat Jul 20 22:47:38 UTC 2019 /home/travis/build/icyphy/ptII/ptolemy/actor/lib/test/auto/UtilityFunctions.xml
----------------- Instantiating /home/travis/build/icyphy/ptII/ptolemy/actor/lib/test/auto/UtilityFunctions.xml
1 ms. Memory: 308224K Free: 230494K (75%)
----------------- Invoking toplevel() on ptolemy.moml.MoMLSimpleApplication@4424fb0
----------------- Done invoking toplevel() on ptolemy.moml.MoMLSimpleApplication@4424fb0
reloadAllAccessors: .UtilityFunctions

===========================================================================================
----------------- testing Sat Jul 20 22:47:38 UTC 2019 /home/travis/build/icyphy/ptII/ptolemy/actor/lib/test/auto/VariableSleep.xml
----------------- Instantiating /home/travis/build/icyphy/ptII/ptolemy/actor/lib/test/auto/VariableSleep.xml
510 ms. Memory: 308224K Free: 225374K (73%)
----------------- Invoking toplevel() on ptolemy.moml.MoMLSimpleApplication@6bf1c31
----------------- Done invoking toplevel() on ptolemy.moml.MoMLSimpleApplication@6bf1c31
reloadAllAccessors: .VariableSleep

===========================================================================================
----------------- testing Sat Jul 20 22:47:39 UTC 2019 /home/travis/build/icyphy/ptII/ptolemy/actor/lib/test/auto/VectorAssemblerDisassemblerCT.xml
----------------- Instantiating /home/travis/build/icyphy/ptII/ptolemy/actor/lib/test/auto/VectorAssemblerDisassemblerCT.xml
83 ms. Memory: 308224K Free: 205408K (67%)
----------------- Invoking toplevel() on ptolemy.moml.MoMLSimpleApplication@3b072781
----------------- Done invoking toplevel() on ptolemy.moml.MoMLSimpleApplication@3b072781
reloadAllAccessors: .VectorAssemblerDisassemblerCT

===========================================================================================
----------------- testing Sat Jul 20 22:47:39 UTC 2019 /home/travis/build/icyphy/ptII/ptolemy/actor/lib/test/auto/VectorAssemblerDisassemblerDE.xml
----------------- Instantiating /home/travis/build/icyphy/ptII/ptolemy/actor/lib/test/auto/VectorAssemblerDisassemblerDE.xml
2 ms. Memory: 308224K Free: 198240K (64%)
----------------- Invoking toplevel() on ptolemy.moml.MoMLSimpleApplication@728ad3c9
----------------- Done invoking toplevel() on ptolemy.moml.MoMLSimpleApplication@728ad3c9
reloadAllAccessors: .VectorAssemblerDisassemblerDE

===========================================================================================
----------------- testing Sat Jul 20 22:47:39 UTC 2019 /home/travis/build/icyphy/ptII/ptolemy/actor/lib/test/auto/VectorAssemblerDisassemblerSDF.xml
----------------- Instantiating /home/travis/build/icyphy/ptII/ptolemy/actor/lib/test/auto/VectorAssemblerDisassemblerSDF.xml
3 ms. Memory: 308224K Free: 190048K (62%)
----------------- Invoking toplevel() on ptolemy.moml.MoMLSimpleApplication@41ceb8cc
----------------- Done invoking toplevel() on ptolemy.moml.MoMLSimpleApplication@41ceb8cc
reloadAllAccessors: .VectorAssemblerDisassemblerSDF

===========================================================================================
----------------- testing Sat Jul 20 22:47:39 UTC 2019 /home/travis/build/icyphy/ptII/ptolemy/actor/lib/test/auto/WallClockTime.xml
----------------- Instantiating /home/travis/build/icyphy/ptII/ptolemy/actor/lib/test/auto/WallClockTime.xml
1005 ms. Memory: 308224K Free: 184928K (60%)
----------------- Invoking toplevel() on ptolemy.moml.MoMLSimpleApplication@1a4941bf
----------------- Done invoking toplevel() on ptolemy.moml.MoMLSimpleApplication@1a4941bf
reloadAllAccessors: .WallClockTime

===========================================================================================
----------------- testing Sat Jul 20 22:47:40 UTC 2019 /home/travis/build/icyphy/ptII/ptolemy/actor/lib/test/auto/WidthTestWithSubscriberPublisher.xml
----------------- Instantiating /home/travis/build/icyphy/ptII/ptolemy/actor/lib/test/auto/WidthTestWithSubscriberPublisher.xml
7 ms. Memory: 308224K Free: 167520K (54%)
----------------- Invoking toplevel() on ptolemy.moml.MoMLSimpleApplication@65c8aa22
----------------- Done invoking toplevel() on ptolemy.moml.MoMLSimpleApplication@65c8aa22
reloadAllAccessors: .WidthTestWithSubscriberPublisher

===========================================================================================
----------------- testing Sat Jul 20 22:47:40 UTC 2019 /home/travis/build/icyphy/ptII/ptolemy/actor/lib/test/auto/WidthTestWithSubscriberPublisher2.xml
----------------- Instantiating /home/travis/build/icyphy/ptII/ptolemy/actor/lib/test/auto/WidthTestWithSubscriberPublisher2.xml
2 ms. Memory: 308224K Free: 161376K (52%)
----------------- Invoking toplevel() on ptolemy.moml.MoMLSimpleApplication@69a96da8
----------------- Done invoking toplevel() on ptolemy.moml.MoMLSimpleApplication@69a96da8
reloadAllAccessors: .WidthTestWithSubscriberPublisher2

===========================================================================================
----------------- testing Sat Jul 20 22:47:40 UTC 2019 /home/travis/build/icyphy/ptII/ptolemy/actor/lib/test/auto/WidthTestWithSubscriberPublisher3.xml
----------------- Instantiating /home/travis/build/icyphy/ptII/ptolemy/actor/lib/test/auto/WidthTestWithSubscriberPublisher3.xml
2 ms. Memory: 308224K Free: 154718K (50%)
----------------- Invoking toplevel() on ptolemy.moml.MoMLSimpleApplication@193fadb2
----------------- Done invoking toplevel() on ptolemy.moml.MoMLSimpleApplication@193fadb2
reloadAllAccessors: .WidthTestWithSubscriberPublisher3

===========================================================================================
----------------- testing Sat Jul 20 22:47:40 UTC 2019 /home/travis/build/icyphy/ptII/ptolemy/actor/lib/test/auto/Writer.xml
----------------- Instantiating /home/travis/build/icyphy/ptII/ptolemy/actor/lib/test/auto/Writer.xml
0
1
2
3
4
3 ms. Memory: 308224K Free: 150608K (49%)
----------------- Invoking toplevel() on ptolemy.moml.MoMLSimpleApplication@56112ff
----------------- Done invoking toplevel() on ptolemy.moml.MoMLSimpleApplication@56112ff
reloadAllAccessors: .Writer

===========================================================================================
----------------- testing Sat Jul 20 22:47:40 UTC 2019 /home/travis/build/icyphy/ptII/ptolemy/actor/lib/test/auto/array.xml
----------------- Instantiating /home/travis/build/icyphy/ptII/ptolemy/actor/lib/test/auto/array.xml
2 ms. Memory: 308224K Free: 146016K (47%)
----------------- Invoking toplevel() on ptolemy.moml.MoMLSimpleApplication@3a2c4012
----------------- Done invoking toplevel() on ptolemy.moml.MoMLSimpleApplication@3a2c4012
reloadAllAccessors: .array

===========================================================================================
----------------- testing Sat Jul 20 22:47:40 UTC 2019 /home/travis/build/icyphy/ptII/ptolemy/actor/lib/test/auto/array2.xml
----------------- Instantiating /home/travis/build/icyphy/ptII/ptolemy/actor/lib/test/auto/array2.xml
6 ms. Memory: 308224K Free: 140896K (46%)
----------------- Invoking toplevel() on ptolemy.moml.MoMLSimpleApplication@63deb940
----------------- Done invoking toplevel() on ptolemy.moml.MoMLSimpleApplication@63deb940
reloadAllAccessors: .array2

===========================================================================================
----------------- testing Sat Jul 20 22:47:40 UTC 2019 /home/travis/build/icyphy/ptII/ptolemy/actor/lib/test/auto/arrayType.xml
----------------- Instantiating /home/travis/build/icyphy/ptII/ptolemy/actor/lib/test/auto/arrayType.xml
1 ms. Memory: 308224K Free: 135262K (44%)
----------------- Invoking toplevel() on ptolemy.moml.MoMLSimpleApplication@45c4857
----------------- Done invoking toplevel() on ptolemy.moml.MoMLSimpleApplication@45c4857
reloadAllAccessors: .arrayType

===========================================================================================
----------------- testing Sat Jul 20 22:47:40 UTC 2019 /home/travis/build/icyphy/ptII/ptolemy/actor/lib/test/auto/arrayType10.xml
----------------- Instantiating /home/travis/build/icyphy/ptII/ptolemy/actor/lib/test/auto/arrayType10.xml
1 ms. Memory: 308224K Free: 130656K (42%)
----------------- Invoking toplevel() on ptolemy.moml.MoMLSimpleApplication@269e2a86
----------------- Done invoking toplevel() on ptolemy.moml.MoMLSimpleApplication@269e2a86
reloadAllAccessors: .arrayType10

===========================================================================================
----------------- testing Sat Jul 20 22:47:40 UTC 2019 /home/travis/build/icyphy/ptII/ptolemy/actor/lib/test/auto/arrayType11.xml
----------------- Instantiating /home/travis/build/icyphy/ptII/ptolemy/actor/lib/test/auto/arrayType11.xml
1 ms. Memory: 308224K Free: 126046K (41%)
----------------- Invoking toplevel() on ptolemy.moml.MoMLSimpleApplication@13a83af6
----------------- Done invoking toplevel() on ptolemy.moml.MoMLSimpleApplication@13a83af6
reloadAllAccessors: .arrayType11

===========================================================================================
----------------- testing Sat Jul 20 22:47:40 UTC 2019 /home/travis/build/icyphy/ptII/ptolemy/actor/lib/test/auto/arrayType12.xml
----------------- Instantiating /home/travis/build/icyphy/ptII/ptolemy/actor/lib/test/auto/arrayType12.xml
1 ms. Memory: 308224K Free: 120926K (39%)
----------------- Invoking toplevel() on ptolemy.moml.MoMLSimpleApplication@3c09398d
----------------- Done invoking toplevel() on ptolemy.moml.MoMLSimpleApplication@3c09398d
reloadAllAccessors: .arrayType12

===========================================================================================
----------------- testing Sat Jul 20 22:47:40 UTC 2019 /home/travis/build/icyphy/ptII/ptolemy/actor/lib/test/auto/arrayType13.xml
----------------- Instantiating /home/travis/build/icyphy/ptII/ptolemy/actor/lib/test/auto/arrayType13.xml
2 ms. Memory: 308224K Free: 115296K (37%)
----------------- Invoking toplevel() on ptolemy.moml.MoMLSimpleApplication@5e766eba
----------------- Done invoking toplevel() on ptolemy.moml.MoMLSimpleApplication@5e766eba
reloadAllAccessors: .arrayType13

===========================================================================================
----------------- testing Sat Jul 20 22:47:40 UTC 2019 /home/travis/build/icyphy/ptII/ptolemy/actor/lib/test/auto/arrayType14.xml
----------------- Instantiating /home/travis/build/icyphy/ptII/ptolemy/actor/lib/test/auto/arrayType14.xml
2 ms. Memory: 308224K Free: 110176K (36%)
----------------- Invoking toplevel() on ptolemy.moml.MoMLSimpleApplication@3ff96297
----------------- Done invoking toplevel() on ptolemy.moml.MoMLSimpleApplication@3ff96297
reloadAllAccessors: .arrayType14

===========================================================================================
----------------- testing Sat Jul 20 22:47:40 UTC 2019 /home/travis/build/icyphy/ptII/ptolemy/actor/lib/test/auto/arrayType15.xml
----------------- Instantiating /home/travis/build/icyphy/ptII/ptolemy/actor/lib/test/auto/arrayType15.xml
2 ms. Memory: 308224K Free: 105056K (34%)
----------------- Invoking toplevel() on ptolemy.moml.MoMLSimpleApplication@4046e6
----------------- Done invoking toplevel() on ptolemy.moml.MoMLSimpleApplication@4046e6
reloadAllAccessors: .arrayType15

===========================================================================================
----------------- testing Sat Jul 20 22:47:40 UTC 2019 /home/travis/build/icyphy/ptII/ptolemy/actor/lib/test/auto/arrayType16.xml
----------------- Instantiating /home/travis/build/icyphy/ptII/ptolemy/actor/lib/test/auto/arrayType16.xml
2 ms. Memory: 308224K Free: 99422K (32%)
----------------- Invoking toplevel() on ptolemy.moml.MoMLSimpleApplication@7b01db1f
----------------- Done invoking toplevel() on ptolemy.moml.MoMLSimpleApplication@7b01db1f
reloadAllAccessors: .arrayType16

===========================================================================================
----------------- testing Sat Jul 20 22:47:40 UTC 2019 /home/travis/build/icyphy/ptII/ptolemy/actor/lib/test/auto/arrayType17.xml
----------------- Instantiating /home/travis/build/icyphy/ptII/ptolemy/actor/lib/test/auto/arrayType17.xml
2 ms. Memory: 308224K Free: 94288K (31%)
----------------- Invoking toplevel() on ptolemy.moml.MoMLSimpleApplication@46acd075
----------------- Done invoking toplevel() on ptolemy.moml.MoMLSimpleApplication@46acd075
reloadAllAccessors: .arrayType17

===========================================================================================
----------------- testing Sat Jul 20 22:47:40 UTC 2019 /home/travis/build/icyphy/ptII/ptolemy/actor/lib/test/auto/arrayType18.xml
----------------- Instantiating /home/travis/build/icyphy/ptII/ptolemy/actor/lib/test/auto/arrayType18.xml
1 ms. Memory: 308224K Free: 89696K (29%)
----------------- Invoking toplevel() on ptolemy.moml.MoMLSimpleApplication@61afdec8
----------------- Done invoking toplevel() on ptolemy.moml.MoMLSimpleApplication@61afdec8
reloadAllAccessors: .arrayType18

===========================================================================================
----------------- testing Sat Jul 20 22:47:40 UTC 2019 /home/travis/build/icyphy/ptII/ptolemy/actor/lib/test/auto/arrayType19.xml
----------------- Instantiating /home/travis/build/icyphy/ptII/ptolemy/actor/lib/test/auto/arrayType19.xml
1 ms. Memory: 308224K Free: 84576K (27%)
----------------- Invoking toplevel() on ptolemy.moml.MoMLSimpleApplication@35743a17
----------------- Done invoking toplevel() on ptolemy.moml.MoMLSimpleApplication@35743a17
reloadAllAccessors: .arrayType19

===========================================================================================
----------------- testing Sat Jul 20 22:47:40 UTC 2019 /home/travis/build/icyphy/ptII/ptolemy/actor/lib/test/auto/arrayType2.xml
----------------- Instantiating /home/travis/build/icyphy/ptII/ptolemy/actor/lib/test/auto/arrayType2.xml
2 ms. Memory: 308224K Free: 79456K (26%)
----------------- Invoking toplevel() on ptolemy.moml.MoMLSimpleApplication@4cfcb6f4
----------------- Done invoking toplevel() on ptolemy.moml.MoMLSimpleApplication@4cfcb6f4
reloadAllAccessors: .arrayType2

===========================================================================================
----------------- testing Sat Jul 20 22:47:40 UTC 2019 /home/travis/build/icyphy/ptII/ptolemy/actor/lib/test/auto/arrayType20.xml
----------------- Instantiating /home/travis/build/icyphy/ptII/ptolemy/actor/lib/test/auto/arrayType20.xml
8 ms. Memory: 308224K Free: 252993K (82%)
----------------- Invoking toplevel() on ptolemy.moml.MoMLSimpleApplication@50f27643
----------------- Done invoking toplevel() on ptolemy.moml.MoMLSimpleApplication@50f27643
reloadAllAccessors: .arrayType20

===========================================================================================
----------------- testing Sat Jul 20 22:47:40 UTC 2019 /home/travis/build/icyphy/ptII/ptolemy/actor/lib/test/auto/arrayType21.xml
----------------- Instantiating /home/travis/build/icyphy/ptII/ptolemy/actor/lib/test/auto/arrayType21.xml
1 ms. Memory: 308224K Free: 247880K (80%)
----------------- Invoking toplevel() on ptolemy.moml.MoMLSimpleApplication@6d0f55bc
----------------- Done invoking toplevel() on ptolemy.moml.MoMLSimpleApplication@6d0f55bc
reloadAllAccessors: .arrayType21

===========================================================================================
----------------- testing Sat Jul 20 22:47:40 UTC 2019 /home/travis/build/icyphy/ptII/ptolemy/actor/lib/test/auto/arrayType22.xml
----------------- Instantiating /home/travis/build/icyphy/ptII/ptolemy/actor/lib/test/auto/arrayType22.xml
2 ms. Memory: 308224K Free: 243274K (79%)
----------------- Invoking toplevel() on ptolemy.moml.MoMLSimpleApplication@316234ac
----------------- Done invoking toplevel() on ptolemy.moml.MoMLSimpleApplication@316234ac
reloadAllAccessors: .arrayType22

===========================================================================================
----------------- testing Sat Jul 20 22:47:40 UTC 2019 /home/travis/build/icyphy/ptII/ptolemy/actor/lib/test/auto/arrayType23.xml
----------------- Instantiating /home/travis/build/icyphy/ptII/ptolemy/actor/lib/test/auto/arrayType23.xml
1 ms. Memory: 308224K Free: 238664K (77%)
----------------- Invoking toplevel() on ptolemy.moml.MoMLSimpleApplication@4db3cbc1
----------------- Done invoking toplevel() on ptolemy.moml.MoMLSimpleApplication@4db3cbc1
reloadAllAccessors: .arrayType23

===========================================================================================
----------------- testing Sat Jul 20 22:47:40 UTC 2019 /home/travis/build/icyphy/ptII/ptolemy/actor/lib/test/auto/arrayType24.xml
----------------- Instantiating /home/travis/build/icyphy/ptII/ptolemy/actor/lib/test/auto/arrayType24.xml
24 ms. Memory: 308224K Free: 233544K (76%)
----------------- Invoking toplevel() on ptolemy.moml.MoMLSimpleApplication@76455295
----------------- Done invoking toplevel() on ptolemy.moml.MoMLSimpleApplication@76455295
reloadAllAccessors: .arrayType24

===========================================================================================
----------------- testing Sat Jul 20 22:47:40 UTC 2019 /home/travis/build/icyphy/ptII/ptolemy/actor/lib/test/auto/arrayType25.xml
----------------- Instantiating /home/travis/build/icyphy/ptII/ptolemy/actor/lib/test/auto/arrayType25.xml
1 ms. Memory: 308224K Free: 228424K (74%)
----------------- Invoking toplevel() on ptolemy.moml.MoMLSimpleApplication@fe1f8d
----------------- Done invoking toplevel() on ptolemy.moml.MoMLSimpleApplication@fe1f8d
reloadAllAccessors: .arrayType25

===========================================================================================
----------------- testing Sat Jul 20 22:47:40 UTC 2019 /home/travis/build/icyphy/ptII/ptolemy/actor/lib/test/auto/arrayType26.xml
----------------- Instantiating /home/travis/build/icyphy/ptII/ptolemy/actor/lib/test/auto/arrayType26.xml
2 ms. Memory: 308224K Free: 223304K (72%)
----------------- Invoking toplevel() on ptolemy.moml.MoMLSimpleApplication@32524174
----------------- Done invoking toplevel() on ptolemy.moml.MoMLSimpleApplication@32524174
reloadAllAccessors: .arrayType26

===========================================================================================
----------------- testing Sat Jul 20 22:47:40 UTC 2019 /home/travis/build/icyphy/ptII/ptolemy/actor/lib/test/auto/arrayType27.xml
----------------- Instantiating /home/travis/build/icyphy/ptII/ptolemy/actor/lib/test/auto/arrayType27.xml
2 ms. Memory: 308224K Free: 217674K (71%)
----------------- Invoking toplevel() on ptolemy.moml.MoMLSimpleApplication@4f63fcc1
----------------- Done invoking toplevel() on ptolemy.moml.MoMLSimpleApplication@4f63fcc1
reloadAllAccessors: .arrayType27

===========================================================================================
----------------- testing Sat Jul 20 22:47:40 UTC 2019 /home/travis/build/icyphy/ptII/ptolemy/actor/lib/test/auto/arrayType28.xml
----------------- Instantiating /home/travis/build/icyphy/ptII/ptolemy/actor/lib/test/auto/arrayType28.xml
1 ms. Memory: 308224K Free: 212554K (69%)
----------------- Invoking toplevel() on ptolemy.moml.MoMLSimpleApplication@745696bf
----------------- Done invoking toplevel() on ptolemy.moml.MoMLSimpleApplication@745696bf
reloadAllAccessors: .arrayType28

===========================================================================================
----------------- testing Sat Jul 20 22:47:41 UTC 2019 /home/travis/build/icyphy/ptII/ptolemy/actor/lib/test/auto/arrayType3.xml
----------------- Instantiating /home/travis/build/icyphy/ptII/ptolemy/actor/lib/test/auto/arrayType3.xml
1 ms. Memory: 308224K Free: 207434K (67%)
----------------- Invoking toplevel() on ptolemy.moml.MoMLSimpleApplication@7f988f80
----------------- Done invoking toplevel() on ptolemy.moml.MoMLSimpleApplication@7f988f80
reloadAllAccessors: .arrayType3

===========================================================================================
----------------- testing Sat Jul 20 22:47:41 UTC 2019 /home/travis/build/icyphy/ptII/ptolemy/actor/lib/test/auto/arrayType4.xml
----------------- Instantiating /home/travis/build/icyphy/ptII/ptolemy/actor/lib/test/auto/arrayType4.xml
1 ms. Memory: 308224K Free: 201800K (65%)
----------------- Invoking toplevel() on ptolemy.moml.MoMLSimpleApplication@11300df
----------------- Done invoking toplevel() on ptolemy.moml.MoMLSimpleApplication@11300df
reloadAllAccessors: .arrayType4

===========================================================================================
----------------- testing Sat Jul 20 22:47:41 UTC 2019 /home/travis/build/icyphy/ptII/ptolemy/actor/lib/test/auto/arrayType5.xml
----------------- Instantiating /home/travis/build/icyphy/ptII/ptolemy/actor/lib/test/auto/arrayType5.xml
2 ms. Memory: 308224K Free: 196665K (64%)
----------------- Invoking toplevel() on ptolemy.moml.MoMLSimpleApplication@7a878850
----------------- Done invoking toplevel() on ptolemy.moml.MoMLSimpleApplication@7a878850
reloadAllAccessors: .arrayType5

===========================================================================================
----------------- testing Sat Jul 20 22:47:41 UTC 2019 /home/travis/build/icyphy/ptII/ptolemy/actor/lib/test/auto/arrayType6.xml
----------------- Instantiating /home/travis/build/icyphy/ptII/ptolemy/actor/lib/test/auto/arrayType6.xml
1 ms. Memory: 308224K Free: 192074K (62%)
----------------- Invoking toplevel() on ptolemy.moml.MoMLSimpleApplication@4496c74f
----------------- Done invoking toplevel() on ptolemy.moml.MoMLSimpleApplication@4496c74f
reloadAllAccessors: .arrayType6

===========================================================================================
----------------- testing Sat Jul 20 22:47:41 UTC 2019 /home/travis/build/icyphy/ptII/ptolemy/actor/lib/test/auto/arrayType7.xml
----------------- Instantiating /home/travis/build/icyphy/ptII/ptolemy/actor/lib/test/auto/arrayType7.xml
1 ms. Memory: 308224K Free: 186954K (61%)
----------------- Invoking toplevel() on ptolemy.moml.MoMLSimpleApplication@64d5fb6b
----------------- Done invoking toplevel() on ptolemy.moml.MoMLSimpleApplication@64d5fb6b
reloadAllAccessors: .arrayType7

===========================================================================================
----------------- testing Sat Jul 20 22:47:41 UTC 2019 /home/travis/build/icyphy/ptII/ptolemy/actor/lib/test/auto/arrayType8.xml
----------------- Instantiating /home/travis/build/icyphy/ptII/ptolemy/actor/lib/test/auto/arrayType8.xml
7 ms. Memory: 308224K Free: 182341K (59%)
----------------- Invoking toplevel() on ptolemy.moml.MoMLSimpleApplication@3256f93a
----------------- Done invoking toplevel() on ptolemy.moml.MoMLSimpleApplication@3256f93a
reloadAllAccessors: .arrayType8

===========================================================================================
----------------- testing Sat Jul 20 22:47:41 UTC 2019 /home/travis/build/icyphy/ptII/ptolemy/actor/lib/test/auto/arrayType9.xml
----------------- Instantiating /home/travis/build/icyphy/ptII/ptolemy/actor/lib/test/auto/arrayType9.xml
1 ms. Memory: 308224K Free: 177738K (58%)
----------------- Invoking toplevel() on ptolemy.moml.MoMLSimpleApplication@6698e2e0
----------------- Done invoking toplevel() on ptolemy.moml.MoMLSimpleApplication@6698e2e0
reloadAllAccessors: .arrayType9

===========================================================================================
----------------- testing Sat Jul 20 22:47:41 UTC 2019 /home/travis/build/icyphy/ptII/ptolemy/actor/lib/test/auto/cast.xml
----------------- Instantiating /home/travis/build/icyphy/ptII/ptolemy/actor/lib/test/auto/cast.xml
2 ms. Memory: 308224K Free: 172618K (56%)
----------------- Invoking toplevel() on ptolemy.moml.MoMLSimpleApplication@1ce5af0f
----------------- Done invoking toplevel() on ptolemy.moml.MoMLSimpleApplication@1ce5af0f
reloadAllAccessors: .cast

===========================================================================================
----------------- testing Sat Jul 20 22:47:41 UTC 2019 /home/travis/build/icyphy/ptII/ptolemy/actor/lib/test/auto/compositeMultiPort.xml
----------------- Instantiating /home/travis/build/icyphy/ptII/ptolemy/actor/lib/test/auto/compositeMultiPort.xml
3 ms. Memory: 308224K Free: 163897K (53%)
----------------- Invoking toplevel() on ptolemy.moml.MoMLSimpleApplication@7bd2d744
----------------- Done invoking toplevel() on ptolemy.moml.MoMLSimpleApplication@7bd2d744
reloadAllAccessors: .compositeMultiPort

===========================================================================================
----------------- testing Sat Jul 20 22:47:41 UTC 2019 /home/travis/build/icyphy/ptII/ptolemy/actor/lib/test/auto/expressionCastInference.xml
----------------- Instantiating /home/travis/build/icyphy/ptII/ptolemy/actor/lib/test/auto/expressionCastInference.xml
2 ms. Memory: 308224K Free: 159306K (52%)
----------------- Invoking toplevel() on ptolemy.moml.MoMLSimpleApplication@2b6f22a6
----------------- Done invoking toplevel() on ptolemy.moml.MoMLSimpleApplication@2b6f22a6
reloadAllAccessors: .expressionCastInference

===========================================================================================
----------------- testing Sat Jul 20 22:47:41 UTC 2019 /home/travis/build/icyphy/ptII/ptolemy/actor/lib/test/auto/expressionCastInference2.xml
----------------- Instantiating /home/travis/build/icyphy/ptII/ptolemy/actor/lib/test/auto/expressionCastInference2.xml
1 ms. Memory: 308224K Free: 154186K (50%)
----------------- Invoking toplevel() on ptolemy.moml.MoMLSimpleApplication@155c4a82
----------------- Done invoking toplevel() on ptolemy.moml.MoMLSimpleApplication@155c4a82
reloadAllAccessors: .expressionCastInference2

===========================================================================================
----------------- testing Sat Jul 20 22:47:41 UTC 2019 /home/travis/build/icyphy/ptII/ptolemy/actor/lib/test/auto/expressionInference.xml
----------------- Instantiating /home/travis/build/icyphy/ptII/ptolemy/actor/lib/test/auto/expressionInference.xml
1 ms. Memory: 308224K Free: 150090K (49%)
----------------- Invoking toplevel() on ptolemy.moml.MoMLSimpleApplication@5148a927
----------------- Done invoking toplevel() on ptolemy.moml.MoMLSimpleApplication@5148a927
reloadAllAccessors: .expressionInference

===========================================================================================
----------------- testing Sat Jul 20 22:47:41 UTC 2019 /home/travis/build/icyphy/ptII/ptolemy/actor/lib/test/auto/expression_bug.xml
----------------- Instantiating /home/travis/build/icyphy/ptII/ptolemy/actor/lib/test/auto/expression_bug.xml
1 ms. Memory: 308224K Free: 145480K (47%)
----------------- Invoking toplevel() on ptolemy.moml.MoMLSimpleApplication@1bee6003
----------------- Done invoking toplevel() on ptolemy.moml.MoMLSimpleApplication@1bee6003
reloadAllAccessors: .expression_bug

===========================================================================================
----------------- testing Sat Jul 20 22:47:41 UTC 2019 /home/travis/build/icyphy/ptII/ptolemy/actor/lib/test/auto/factorial.xml
----------------- Instantiating /home/travis/build/icyphy/ptII/ptolemy/actor/lib/test/auto/factorial.xml
29 ms. Memory: 308224K Free: 137288K (45%)
----------------- Invoking toplevel() on ptolemy.moml.MoMLSimpleApplication@1f8bd26c
----------------- Done invoking toplevel() on ptolemy.moml.MoMLSimpleApplication@1f8bd26c
reloadAllAccessors: .factorial

===========================================================================================
----------------- testing Sat Jul 20 22:47:41 UTC 2019 /home/travis/build/icyphy/ptII/ptolemy/actor/lib/test/auto/filterTest1.xml
----------------- Instantiating /home/travis/build/icyphy/ptII/ptolemy/actor/lib/test/auto/filterTest1.xml
3 ms. Memory: 308224K Free: 131658K (43%)
----------------- Invoking toplevel() on ptolemy.moml.MoMLSimpleApplication@3d504568
----------------- Done invoking toplevel() on ptolemy.moml.MoMLSimpleApplication@3d504568
reloadAllAccessors: .filterTest1

===========================================================================================
----------------- testing Sat Jul 20 22:47:41 UTC 2019 /home/travis/build/icyphy/ptII/ptolemy/actor/lib/test/auto/funcApplyInConst.xml
----------------- Instantiating /home/travis/build/icyphy/ptII/ptolemy/actor/lib/test/auto/funcApplyInConst.xml
1 ms. Memory: 308224K Free: 127562K (41%)
----------------- Invoking toplevel() on ptolemy.moml.MoMLSimpleApplication@6344ebd
----------------- Done invoking toplevel() on ptolemy.moml.MoMLSimpleApplication@6344ebd
reloadAllAccessors: .funcApplyInConst

===========================================================================================
----------------- testing Sat Jul 20 22:47:41 UTC 2019 /home/travis/build/icyphy/ptII/ptolemy/actor/lib/test/auto/funcApplyInExpr.xml
----------------- Instantiating /home/travis/build/icyphy/ptII/ptolemy/actor/lib/test/auto/funcApplyInExpr.xml
1 ms. Memory: 308224K Free: 123976K (40%)
----------------- Invoking toplevel() on ptolemy.moml.MoMLSimpleApplication@6d65cb03
----------------- Done invoking toplevel() on ptolemy.moml.MoMLSimpleApplication@6d65cb03
reloadAllAccessors: .funcApplyInExpr

===========================================================================================
----------------- testing Sat Jul 20 22:47:41 UTC 2019 /home/travis/build/icyphy/ptII/ptolemy/actor/lib/test/auto/function.xml
----------------- Instantiating /home/travis/build/icyphy/ptII/ptolemy/actor/lib/test/auto/function.xml
2 ms. Memory: 308224K Free: 119370K (39%)
----------------- Invoking toplevel() on ptolemy.moml.MoMLSimpleApplication@2640ce24
----------------- Done invoking toplevel() on ptolemy.moml.MoMLSimpleApplication@2640ce24
reloadAllAccessors: .function

===========================================================================================
----------------- testing Sat Jul 20 22:47:41 UTC 2019 /home/travis/build/icyphy/ptII/ptolemy/actor/lib/test/auto/function2.xml
----------------- Instantiating /home/travis/build/icyphy/ptII/ptolemy/actor/lib/test/auto/function2.xml
2 ms. Memory: 308224K Free: 114250K (37%)
----------------- Invoking toplevel() on ptolemy.moml.MoMLSimpleApplication@68e19d28
----------------- Done invoking toplevel() on ptolemy.moml.MoMLSimpleApplication@68e19d28
reloadAllAccessors: .function2

===========================================================================================
----------------- testing Sat Jul 20 22:47:41 UTC 2019 /home/travis/build/icyphy/ptII/ptolemy/actor/lib/test/auto/function3.xml
----------------- Instantiating /home/travis/build/icyphy/ptII/ptolemy/actor/lib/test/auto/function3.xml
1 ms. Memory: 308224K Free: 110664K (36%)
----------------- Invoking toplevel() on ptolemy.moml.MoMLSimpleApplication@51aa3759
----------------- Done invoking toplevel() on ptolemy.moml.MoMLSimpleApplication@51aa3759
reloadAllAccessors: .function3

===========================================================================================
----------------- testing Sat Jul 20 22:47:41 UTC 2019 /home/travis/build/icyphy/ptII/ptolemy/actor/lib/test/auto/functionClosureTest1.xml
----------------- Instantiating /home/travis/build/icyphy/ptII/ptolemy/actor/lib/test/auto/functionClosureTest1.xml
1 ms. Memory: 308224K Free: 104520K (34%)
----------------- Invoking toplevel() on ptolemy.moml.MoMLSimpleApplication@4535c899
----------------- Done invoking toplevel() on ptolemy.moml.MoMLSimpleApplication@4535c899
reloadAllAccessors: .functionClosureTest1

===========================================================================================
----------------- testing Sat Jul 20 22:47:41 UTC 2019 /home/travis/build/icyphy/ptII/ptolemy/actor/lib/test/auto/functionClosureTest2.xml
----------------- Instantiating /home/travis/build/icyphy/ptII/ptolemy/actor/lib/test/auto/functionClosureTest2.xml
1 ms. Memory: 308224K Free: 100938K (33%)
----------------- Invoking toplevel() on ptolemy.moml.MoMLSimpleApplication@4631bb59
----------------- Done invoking toplevel() on ptolemy.moml.MoMLSimpleApplication@4631bb59
reloadAllAccessors: .functionClosureTest2

===========================================================================================
----------------- testing Sat Jul 20 22:47:41 UTC 2019 /home/travis/build/icyphy/ptII/ptolemy/actor/lib/test/auto/functionClosureTest3.xml
----------------- Instantiating /home/travis/build/icyphy/ptII/ptolemy/actor/lib/test/auto/functionClosureTest3.xml
2 ms. Memory: 308224K Free: 95818K (31%)
----------------- Invoking toplevel() on ptolemy.moml.MoMLSimpleApplication@5f440138
----------------- Done invoking toplevel() on ptolemy.moml.MoMLSimpleApplication@5f440138
reloadAllAccessors: .functionClosureTest3

===========================================================================================
----------------- testing Sat Jul 20 22:47:41 UTC 2019 /home/travis/build/icyphy/ptII/ptolemy/actor/lib/test/auto/functionClosureTest4.xml
----------------- Instantiating /home/travis/build/icyphy/ptII/ptolemy/actor/lib/test/auto/functionClosureTest4.xml
4 ms. Memory: 308224K Free: 89160K (29%)
----------------- Invoking toplevel() on ptolemy.moml.MoMLSimpleApplication@4693360
----------------- Done invoking toplevel() on ptolemy.moml.MoMLSimpleApplication@4693360
reloadAllAccessors: .functionClosureTest4

===========================================================================================
----------------- testing Sat Jul 20 22:47:41 UTC 2019 /home/travis/build/icyphy/ptII/ptolemy/actor/lib/test/auto/functionClosureTest5.xml
----------------- Instantiating /home/travis/build/icyphy/ptII/ptolemy/actor/lib/test/auto/functionClosureTest5.xml
4 ms. Memory: 308224K Free: 84025K (27%)
----------------- Invoking toplevel() on ptolemy.moml.MoMLSimpleApplication@56c3cb54
----------------- Done invoking toplevel() on ptolemy.moml.MoMLSimpleApplication@56c3cb54
reloadAllAccessors: .functionClosureTest5

===========================================================================================
----------------- testing Sat Jul 20 22:47:41 UTC 2019 /home/travis/build/icyphy/ptII/ptolemy/actor/lib/test/auto/functionClosureTest6.xml
----------------- Instantiating /home/travis/build/icyphy/ptII/ptolemy/actor/lib/test/auto/functionClosureTest6.xml
2 ms. Memory: 308224K Free: 79434K (26%)
----------------- Invoking toplevel() on ptolemy.moml.MoMLSimpleApplication@1e105c9c
----------------- Done invoking toplevel() on ptolemy.moml.MoMLSimpleApplication@1e105c9c
reloadAllAccessors: .functionClosureTest6

===========================================================================================
----------------- testing Sat Jul 20 22:47:41 UTC 2019 /home/travis/build/icyphy/ptII/ptolemy/actor/lib/test/auto/functionsOnArcs.xml
----------------- Instantiating /home/travis/build/icyphy/ptII/ptolemy/actor/lib/test/auto/functionsOnArcs.xml
1 ms. Memory: 308224K Free: 253927K (82%)
----------------- Invoking toplevel() on ptolemy.moml.MoMLSimpleApplication@51db9911
----------------- Done invoking toplevel() on ptolemy.moml.MoMLSimpleApplication@51db9911
reloadAllAccessors: .functionsOnArcs

===========================================================================================
----------------- testing Sat Jul 20 22:47:41 UTC 2019 /home/travis/build/icyphy/ptII/ptolemy/actor/lib/test/auto/functionsOnArcsHOF.xml
----------------- Instantiating /home/travis/build/icyphy/ptII/ptolemy/actor/lib/test/auto/functionsOnArcsHOF.xml
3 ms. Memory: 308224K Free: 247783K (80%)
----------------- Invoking toplevel() on ptolemy.moml.MoMLSimpleApplication@74007803
----------------- Done invoking toplevel() on ptolemy.moml.MoMLSimpleApplication@74007803
reloadAllAccessors: .functionsOnArcsHOF

===========================================================================================
----------------- testing Sat Jul 20 22:47:41 UTC 2019 /home/travis/build/icyphy/ptII/ptolemy/actor/lib/test/auto/logic.xml
----------------- Instantiating /home/travis/build/icyphy/ptII/ptolemy/actor/lib/test/auto/logic.xml
2 ms. Memory: 308224K Free: 240615K (78%)
----------------- Invoking toplevel() on ptolemy.moml.MoMLSimpleApplication@34cbebad
----------------- Done invoking toplevel() on ptolemy.moml.MoMLSimpleApplication@34cbebad
reloadAllAccessors: .logic

===========================================================================================
----------------- testing Sat Jul 20 22:47:41 UTC 2019 /home/travis/build/icyphy/ptII/ptolemy/actor/lib/test/auto/matrixType.xml
----------------- Instantiating /home/travis/build/icyphy/ptII/ptolemy/actor/lib/test/auto/matrixType.xml
2 ms. Memory: 308224K Free: 235495K (76%)
----------------- Invoking toplevel() on ptolemy.moml.MoMLSimpleApplication@5c72dd63
----------------- Done invoking toplevel() on ptolemy.moml.MoMLSimpleApplication@5c72dd63
reloadAllAccessors: .matrixType

===========================================================================================
----------------- testing Sat Jul 20 22:47:41 UTC 2019 /home/travis/build/icyphy/ptII/ptolemy/actor/lib/test/auto/matrixType10.xml
----------------- Instantiating /home/travis/build/icyphy/ptII/ptolemy/actor/lib/test/auto/matrixType10.xml
2 ms. Memory: 308224K Free: 230889K (75%)
----------------- Invoking toplevel() on ptolemy.moml.MoMLSimpleApplication@36748460
----------------- Done invoking toplevel() on ptolemy.moml.MoMLSimpleApplication@36748460
reloadAllAccessors: .matrixType10

===========================================================================================
----------------- testing Sat Jul 20 22:47:41 UTC 2019 /home/travis/build/icyphy/ptII/ptolemy/actor/lib/test/auto/matrixType11.xml
----------------- Instantiating /home/travis/build/icyphy/ptII/ptolemy/actor/lib/test/auto/matrixType11.xml
1 ms. Memory: 308224K Free: 225769K (73%)
----------------- Invoking toplevel() on ptolemy.moml.MoMLSimpleApplication@7590f345
----------------- Done invoking toplevel() on ptolemy.moml.MoMLSimpleApplication@7590f345
reloadAllAccessors: .matrixType11

===========================================================================================
----------------- testing Sat Jul 20 22:47:41 UTC 2019 /home/travis/build/icyphy/ptII/ptolemy/actor/lib/test/auto/matrixType12.xml
----------------- Instantiating /home/travis/build/icyphy/ptII/ptolemy/actor/lib/test/auto/matrixType12.xml
1 ms. Memory: 308224K Free: 221159K (72%)
----------------- Invoking toplevel() on ptolemy.moml.MoMLSimpleApplication@161cd1
----------------- Done invoking toplevel() on ptolemy.moml.MoMLSimpleApplication@161cd1
reloadAllAccessors: .matrixType12

===========================================================================================
----------------- testing Sat Jul 20 22:47:41 UTC 2019 /home/travis/build/icyphy/ptII/ptolemy/actor/lib/test/auto/matrixType13.xml
----------------- Instantiating /home/travis/build/icyphy/ptII/ptolemy/actor/lib/test/auto/matrixType13.xml
1 ms. Memory: 308224K Free: 216553K (70%)
----------------- Invoking toplevel() on ptolemy.moml.MoMLSimpleApplication@38d9c5c7
----------------- Done invoking toplevel() on ptolemy.moml.MoMLSimpleApplication@38d9c5c7
reloadAllAccessors: .matrixType13

===========================================================================================
----------------- testing Sat Jul 20 22:47:41 UTC 2019 /home/travis/build/icyphy/ptII/ptolemy/actor/lib/test/auto/matrixType14.xml
----------------- Instantiating /home/travis/build/icyphy/ptII/ptolemy/actor/lib/test/auto/matrixType14.xml
2 ms. Memory: 308224K Free: 210904K (68%)
----------------- Invoking toplevel() on ptolemy.moml.MoMLSimpleApplication@8212ef
----------------- Done invoking toplevel() on ptolemy.moml.MoMLSimpleApplication@8212ef
reloadAllAccessors: .matrixType14

===========================================================================================
----------------- testing Sat Jul 20 22:47:41 UTC 2019 /home/travis/build/icyphy/ptII/ptolemy/actor/lib/test/auto/matrixType2.xml
----------------- Instantiating /home/travis/build/icyphy/ptII/ptolemy/actor/lib/test/auto/matrixType2.xml
1 ms. Memory: 308224K Free: 205799K (67%)
----------------- Invoking toplevel() on ptolemy.moml.MoMLSimpleApplication@dc56c5a
----------------- Done invoking toplevel() on ptolemy.moml.MoMLSimpleApplication@dc56c5a
reloadAllAccessors: .matrixType2

===========================================================================================
----------------- testing Sat Jul 20 22:47:41 UTC 2019 /home/travis/build/icyphy/ptII/ptolemy/actor/lib/test/auto/matrixType3.xml
----------------- Instantiating /home/travis/build/icyphy/ptII/ptolemy/actor/lib/test/auto/matrixType3.xml
4 ms. Memory: 308224K Free: 200679K (65%)
----------------- Invoking toplevel() on ptolemy.moml.MoMLSimpleApplication@37ed88bb
----------------- Done invoking toplevel() on ptolemy.moml.MoMLSimpleApplication@37ed88bb
reloadAllAccessors: .matrixType3

===========================================================================================
----------------- testing Sat Jul 20 22:47:41 UTC 2019 /home/travis/build/icyphy/ptII/ptolemy/actor/lib/test/auto/matrixType4.xml
----------------- Instantiating /home/travis/build/icyphy/ptII/ptolemy/actor/lib/test/auto/matrixType4.xml
1 ms. Memory: 308224K Free: 196073K (64%)
----------------- Invoking toplevel() on ptolemy.moml.MoMLSimpleApplication@31d4a3c
----------------- Done invoking toplevel() on ptolemy.moml.MoMLSimpleApplication@31d4a3c
reloadAllAccessors: .matrixType4

===========================================================================================
----------------- testing Sat Jul 20 22:47:41 UTC 2019 /home/travis/build/icyphy/ptII/ptolemy/actor/lib/test/auto/matrixType5.xml
----------------- Instantiating /home/travis/build/icyphy/ptII/ptolemy/actor/lib/test/auto/matrixType5.xml
1 ms. Memory: 308224K Free: 190953K (62%)
----------------- Invoking toplevel() on ptolemy.moml.MoMLSimpleApplication@9e8554e
----------------- Done invoking toplevel() on ptolemy.moml.MoMLSimpleApplication@9e8554e
reloadAllAccessors: .matrixType5

===========================================================================================
----------------- testing Sat Jul 20 22:47:41 UTC 2019 /home/travis/build/icyphy/ptII/ptolemy/actor/lib/test/auto/matrixType6.xml
----------------- Instantiating /home/travis/build/icyphy/ptII/ptolemy/actor/lib/test/auto/matrixType6.xml
1 ms. Memory: 308224K Free: 186343K (60%)
----------------- Invoking toplevel() on ptolemy.moml.MoMLSimpleApplication@4a2897f2
----------------- Done invoking toplevel() on ptolemy.moml.MoMLSimpleApplication@4a2897f2
reloadAllAccessors: .matrixType6

===========================================================================================
----------------- testing Sat Jul 20 22:47:41 UTC 2019 /home/travis/build/icyphy/ptII/ptolemy/actor/lib/test/auto/matrixType7.xml
----------------- Instantiating /home/travis/build/icyphy/ptII/ptolemy/actor/lib/test/auto/matrixType7.xml
1 ms. Memory: 308224K Free: 181737K (59%)
----------------- Invoking toplevel() on ptolemy.moml.MoMLSimpleApplication@7fc4a161
----------------- Done invoking toplevel() on ptolemy.moml.MoMLSimpleApplication@7fc4a161
reloadAllAccessors: .matrixType7

===========================================================================================
----------------- testing Sat Jul 20 22:47:41 UTC 2019 /home/travis/build/icyphy/ptII/ptolemy/actor/lib/test/auto/matrixType8.xml
----------------- Instantiating /home/travis/build/icyphy/ptII/ptolemy/actor/lib/test/auto/matrixType8.xml
2 ms. Memory: 308224K Free: 176617K (57%)
----------------- Invoking toplevel() on ptolemy.moml.MoMLSimpleApplication@3f051b7f
----------------- Done invoking toplevel() on ptolemy.moml.MoMLSimpleApplication@3f051b7f
reloadAllAccessors: .matrixType8

===========================================================================================
----------------- testing Sat Jul 20 22:47:41 UTC 2019 /home/travis/build/icyphy/ptII/ptolemy/actor/lib/test/auto/matrixType9.xml
----------------- Instantiating /home/travis/build/icyphy/ptII/ptolemy/actor/lib/test/auto/matrixType9.xml
1 ms. Memory: 308224K Free: 172007K (56%)
----------------- Invoking toplevel() on ptolemy.moml.MoMLSimpleApplication@3ddb0fe7
----------------- Done invoking toplevel() on ptolemy.moml.MoMLSimpleApplication@3ddb0fe7
reloadAllAccessors: .matrixType9

===========================================================================================
----------------- testing Sat Jul 20 22:47:41 UTC 2019 /home/travis/build/icyphy/ptII/ptolemy/actor/lib/test/auto/paraFunctest.xml
----------------- Instantiating /home/travis/build/icyphy/ptII/ptolemy/actor/lib/test/auto/paraFunctest.xml
2 ms. Memory: 308224K Free: 167911K (54%)
----------------- Invoking toplevel() on ptolemy.moml.MoMLSimpleApplication@5156cedf
----------------- Done invoking toplevel() on ptolemy.moml.MoMLSimpleApplication@5156cedf
reloadAllAccessors: .paraFunctest

===========================================================================================
----------------- testing Sat Jul 20 22:47:41 UTC 2019 /home/travis/build/icyphy/ptII/ptolemy/actor/lib/test/auto/paraFunctest2.xml
----------------- Instantiating /home/travis/build/icyphy/ptII/ptolemy/actor/lib/test/auto/paraFunctest2.xml
1 ms. Memory: 308224K Free: 163815K (53%)
----------------- Invoking toplevel() on ptolemy.moml.MoMLSimpleApplication@c3bd730
----------------- Done invoking toplevel() on ptolemy.moml.MoMLSimpleApplication@c3bd730
reloadAllAccessors: .paraFunctest2

===========================================================================================
----------------- testing Sat Jul 20 22:47:41 UTC 2019 /home/travis/build/icyphy/ptII/ptolemy/actor/lib/test/auto/parameterPassing.xml
----------------- Instantiating /home/travis/build/icyphy/ptII/ptolemy/actor/lib/test/auto/parameterPassing.xml
1 ms. Memory: 308224K Free: 159209K (52%)
----------------- Invoking toplevel() on ptolemy.moml.MoMLSimpleApplication@2b81fc1f
----------------- Done invoking toplevel() on ptolemy.moml.MoMLSimpleApplication@2b81fc1f
reloadAllAccessors: .parameterPassing

===========================================================================================
----------------- testing Sat Jul 20 22:47:41 UTC 2019 /home/travis/build/icyphy/ptII/ptolemy/actor/lib/test/auto/record.xml
----------------- Instantiating /home/travis/build/icyphy/ptII/ptolemy/actor/lib/test/auto/record.xml
3 ms. Memory: 308224K Free: 154599K (50%)
----------------- Invoking toplevel() on ptolemy.moml.MoMLSimpleApplication@feb36e7
----------------- Done invoking toplevel() on ptolemy.moml.MoMLSimpleApplication@feb36e7
reloadAllAccessors: .record

===========================================================================================
----------------- testing Sat Jul 20 22:47:41 UTC 2019 /home/travis/build/icyphy/ptII/ptolemy/actor/lib/test/auto/sizedarray1.xml
----------------- Instantiating /home/travis/build/icyphy/ptII/ptolemy/actor/lib/test/auto/sizedarray1.xml
2 ms. Memory: 308224K Free: 148969K (48%)
----------------- Invoking toplevel() on ptolemy.moml.MoMLSimpleApplication@545cc1e2
----------------- Done invoking toplevel() on ptolemy.moml.MoMLSimpleApplication@545cc1e2
reloadAllAccessors: .sizedarray1

===========================================================================================
----------------- testing Sat Jul 20 22:47:41 UTC 2019 /home/travis/build/icyphy/ptII/ptolemy/actor/lib/test/auto/sizedarray2.xml
----------------- Instantiating /home/travis/build/icyphy/ptII/ptolemy/actor/lib/test/auto/sizedarray2.xml
3 ms. Memory: 308224K Free: 143849K (47%)
----------------- Invoking toplevel() on ptolemy.moml.MoMLSimpleApplication@21af5385
----------------- Done invoking toplevel() on ptolemy.moml.MoMLSimpleApplication@21af5385
reloadAllAccessors: .sizedarray2

===========================================================================================
----------------- testing Sat Jul 20 22:47:41 UTC 2019 /home/travis/build/icyphy/ptII/ptolemy/actor/lib/test/auto/twoPublishers.xml
----------------- Instantiating /home/travis/build/icyphy/ptII/ptolemy/actor/lib/test/auto/twoPublishers.xml
6 ms. Memory: 308224K Free: 133609K (43%)
----------------- Invoking toplevel() on ptolemy.moml.MoMLSimpleApplication@491c9e86
----------------- Done invoking toplevel() on ptolemy.moml.MoMLSimpleApplication@491c9e86
reloadAllAccessors: .twoPublishers
AutoTests.java: About to close Vertx.
AutoTests.java: Vertx closed.
]]></system-out>
  <system-err><![CDATA[java.lang.RuntimeException: Execution failed
	at ptolemy.moml.MoMLSimpleApplication$UnloadThread.run(MoMLSimpleApplication.java:402)
Caused by: java.lang.RuntimeException: StringUtilities.exit() was called. Normally, we would exit here because Manager.exitAfterWrapup() was called.  However, because the ptolemy.ptII.exitAfterWrapup property is set, we throw this exception instead.
	at ptolemy.util.StringUtilities.exit(StringUtilities.java:363)
	at ptolemy.actor.Manager.wrapup(Manager.java:1549)
	at ptolemy.actor.Manager.execute(Manager.java:407)
	at ptolemy.actor.Manager.run(Manager.java:1263)
	at ptolemy.actor.Manager$PtolemyRunThread.run(Manager.java:1933)
Warning: '.top.test' is in training mode, set the trainingMode parameter to false before checking in
Warning: '.top.test' is in training mode, set the trainingMode parameter to false before checking in
Warning: '.top.test' is in training mode, set the trainingMode parameter to false before checking in
Warning: '.BooleanSwitch_RegressionTest_WrongTrainingValues.Test' is in training mode, set the trainingMode parameter to false before checking in
Warning: '.BooleanSwitch_RegressionTest_WrongTrainingValues.Test2' is in training mode, set the trainingMode parameter to false before checking in
Warning: '.BooleanSwitch_RegressionTest_WrongTrainingValues.Test2' The test produced 0 tokens.
Warning: '.top.testExceptionHandler' is in training mode, set the trainingMode parameter to false before checking in
java.lang.RuntimeException: Execution failed
	at ptolemy.moml.MoMLSimpleApplication$UnloadThread.run(MoMLSimpleApplication.java:402)
Caused by: ptolemy.kernel.util.IllegalActionException: PublisherPorts cannot be used at the top level, use a Publisher actor instead.
  in .PublisherPortToplevelSubscriber.PublisherPort
	at ptolemy.actor.PublisherPort.preinitialize(PublisherPort.java:403)
	at ptolemy.actor.CompositeActor.preinitialize(CompositeActor.java:1769)
	at ptolemy.actor.Manager.preinitializeAndResolveTypes(Manager.java:1040)
	at ptolemy.actor.Manager.initialize(Manager.java:710)
	at ptolemy.actor.Manager.execute(Manager.java:356)
	at ptolemy.actor.Manager.run(Manager.java:1263)
	at ptolemy.actor.Manager$PtolemyRunThread.run(Manager.java:1933)
java.lang.reflect.InvocationTargetException
	at java.base/jdk.internal.reflect.NativeConstructorAccessorImpl.newInstance0(Native Method)
	at java.base/jdk.internal.reflect.NativeConstructorAccessorImpl.newInstance(NativeConstructorAccessorImpl.java:62)
	at java.base/jdk.internal.reflect.DelegatingConstructorAccessorImpl.newInstance(DelegatingConstructorAccessorImpl.java:45)
	at java.base/java.lang.reflect.Constructor.newInstance(Constructor.java:490)
	at ptolemy.util.test.junit.AutoKnownFailedTests.RunModel(AutoKnownFailedTests.java:105)
	at java.base/jdk.internal.reflect.NativeMethodAccessorImpl.invoke0(Native Method)
	at java.base/jdk.internal.reflect.NativeMethodAccessorImpl.invoke(NativeMethodAccessorImpl.java:62)
	at java.base/jdk.internal.reflect.DelegatingMethodAccessorImpl.invoke(DelegatingMethodAccessorImpl.java:43)
	at java.base/java.lang.reflect.Method.invoke(Method.java:566)
	at org.junit.runners.model.FrameworkMethod$1.runReflectiveCall(FrameworkMethod.java:44)
	at org.junit.internal.runners.model.ReflectiveCallable.run(ReflectiveCallable.java:15)
	at org.junit.runners.model.FrameworkMethod.invokeExplosively(FrameworkMethod.java:41)
	at junitparams.internal.InvokeParameterisedMethod.evaluate(InvokeParameterisedMethod.java:102)
	at org.junit.internal.runners.statements.FailOnTimeout$1.run(FailOnTimeout.java:28)
Caused by: ptolemy.kernel.util.IllegalActionException: PublisherPorts cannot be used at the top level, use a Publisher actor instead.
  in .PublisherPortToplevelSubscriber.PublisherPort
	at ptolemy.actor.PublisherPort.preinitialize(PublisherPort.java:403)
	at ptolemy.actor.CompositeActor.preinitialize(CompositeActor.java:1769)
	at ptolemy.actor.Manager.preinitializeAndResolveTypes(Manager.java:1040)
	at ptolemy.actor.Manager.initialize(Manager.java:710)
	at ptolemy.actor.Manager.execute(Manager.java:356)
	at ptolemy.actor.Manager.run(Manager.java:1263)
	at ptolemy.actor.Manager$PtolemyRunThread.run(Manager.java:1933)
java.lang.RuntimeException: Execution failed
	at ptolemy.moml.MoMLSimpleApplication$UnloadThread.run(MoMLSimpleApplication.java:402)
Caused by: ptolemy.kernel.util.IllegalActionException: SubscriberPorts cannot be used at the top level, use a Subscriber actor instead.
  in .PublisherSubscriberPortToplevel.SubscriberPort
	at ptolemy.actor.SubscriberPort.preinitialize(SubscriberPort.java:328)
	at ptolemy.actor.CompositeActor.preinitialize(CompositeActor.java:1769)
	at ptolemy.actor.Manager.preinitializeAndResolveTypes(Manager.java:1040)
	at ptolemy.actor.Manager.initialize(Manager.java:710)
	at ptolemy.actor.Manager.execute(Manager.java:356)
	at ptolemy.actor.Manager.run(Manager.java:1263)
	at ptolemy.actor.Manager$PtolemyRunThread.run(Manager.java:1933)
java.lang.reflect.InvocationTargetException
	at java.base/jdk.internal.reflect.NativeConstructorAccessorImpl.newInstance0(Native Method)
	at java.base/jdk.internal.reflect.NativeConstructorAccessorImpl.newInstance(NativeConstructorAccessorImpl.java:62)
	at java.base/jdk.internal.reflect.DelegatingConstructorAccessorImpl.newInstance(DelegatingConstructorAccessorImpl.java:45)
	at java.base/java.lang.reflect.Constructor.newInstance(Constructor.java:490)
	at ptolemy.util.test.junit.AutoKnownFailedTests.RunModel(AutoKnownFailedTests.java:105)
	at java.base/jdk.internal.reflect.NativeMethodAccessorImpl.invoke0(Native Method)
	at java.base/jdk.internal.reflect.NativeMethodAccessorImpl.invoke(NativeMethodAccessorImpl.java:62)
	at java.base/jdk.internal.reflect.DelegatingMethodAccessorImpl.invoke(DelegatingMethodAccessorImpl.java:43)
	at java.base/java.lang.reflect.Method.invoke(Method.java:566)
	at org.junit.runners.model.FrameworkMethod$1.runReflectiveCall(FrameworkMethod.java:44)
	at org.junit.internal.runners.model.ReflectiveCallable.run(ReflectiveCallable.java:15)
	at org.junit.runners.model.FrameworkMethod.invokeExplosively(FrameworkMethod.java:41)
	at junitparams.internal.InvokeParameterisedMethod.evaluate(InvokeParameterisedMethod.java:102)
	at org.junit.internal.runners.statements.FailOnTimeout$1.run(FailOnTimeout.java:28)
Caused by: ptolemy.kernel.util.IllegalActionException: SubscriberPorts cannot be used at the top level, use a Subscriber actor instead.
  in .PublisherSubscriberPortToplevel.SubscriberPort
	at ptolemy.actor.SubscriberPort.preinitialize(SubscriberPort.java:328)
	at ptolemy.actor.CompositeActor.preinitialize(CompositeActor.java:1769)
	at ptolemy.actor.Manager.preinitializeAndResolveTypes(Manager.java:1040)
	at ptolemy.actor.Manager.initialize(Manager.java:710)
	at ptolemy.actor.Manager.execute(Manager.java:356)
	at ptolemy.actor.Manager.run(Manager.java:1263)
	at ptolemy.actor.Manager$PtolemyRunThread.run(Manager.java:1933)
java.lang.RuntimeException: Execution failed
	at ptolemy.moml.MoMLSimpleApplication$UnloadThread.run(MoMLSimpleApplication.java:402)
Caused by: ptolemy.kernel.util.IllegalActionException: SubscriptionAggregatorPorts cannot be used at the top level, use a SubscriptionAggregator actor instead.
  in .PublisherSubscriptionAggregatorPort.SubscriptionAggregatorPort
	at ptolemy.actor.SubscriptionAggregatorPort.preinitialize(SubscriptionAggregatorPort.java:353)
	at ptolemy.actor.CompositeActor.preinitialize(CompositeActor.java:1769)
	at ptolemy.actor.Manager.preinitializeAndResolveTypes(Manager.java:1040)
	at ptolemy.actor.Manager.initialize(Manager.java:710)
	at ptolemy.actor.Manager.execute(Manager.java:356)
	at ptolemy.actor.Manager.run(Manager.java:1263)
	at ptolemy.actor.Manager$PtolemyRunThread.run(Manager.java:1933)
java.lang.reflect.InvocationTargetException
	at java.base/jdk.internal.reflect.NativeConstructorAccessorImpl.newInstance0(Native Method)
	at java.base/jdk.internal.reflect.NativeConstructorAccessorImpl.newInstance(NativeConstructorAccessorImpl.java:62)
	at java.base/jdk.internal.reflect.DelegatingConstructorAccessorImpl.newInstance(DelegatingConstructorAccessorImpl.java:45)
	at java.base/java.lang.reflect.Constructor.newInstance(Constructor.java:490)
	at ptolemy.util.test.junit.AutoKnownFailedTests.RunModel(AutoKnownFailedTests.java:105)
	at java.base/jdk.internal.reflect.NativeMethodAccessorImpl.invoke0(Native Method)
	at java.base/jdk.internal.reflect.NativeMethodAccessorImpl.invoke(NativeMethodAccessorImpl.java:62)
	at java.base/jdk.internal.reflect.DelegatingMethodAccessorImpl.invoke(DelegatingMethodAccessorImpl.java:43)
	at java.base/java.lang.reflect.Method.invoke(Method.java:566)
	at org.junit.runners.model.FrameworkMethod$1.runReflectiveCall(FrameworkMethod.java:44)
	at org.junit.internal.runners.model.ReflectiveCallable.run(ReflectiveCallable.java:15)
	at org.junit.runners.model.FrameworkMethod.invokeExplosively(FrameworkMethod.java:41)
	at junitparams.internal.InvokeParameterisedMethod.evaluate(InvokeParameterisedMethod.java:102)
	at org.junit.internal.runners.statements.FailOnTimeout$1.run(FailOnTimeout.java:28)
Caused by: ptolemy.kernel.util.IllegalActionException: SubscriptionAggregatorPorts cannot be used at the top level, use a SubscriptionAggregator actor instead.
  in .PublisherSubscriptionAggregatorPort.SubscriptionAggregatorPort
	at ptolemy.actor.SubscriptionAggregatorPort.preinitialize(SubscriptionAggregatorPort.java:353)
	at ptolemy.actor.CompositeActor.preinitialize(CompositeActor.java:1769)
	at ptolemy.actor.Manager.preinitializeAndResolveTypes(Manager.java:1040)
	at ptolemy.actor.Manager.initialize(Manager.java:710)
	at ptolemy.actor.Manager.execute(Manager.java:356)
	at ptolemy.actor.Manager.run(Manager.java:1263)
	at ptolemy.actor.Manager$PtolemyRunThread.run(Manager.java:1933)
java.lang.RuntimeException: Execution failed
	at ptolemy.moml.MoMLSimpleApplication$UnloadThread.run(MoMLSimpleApplication.java:402)
Caused by: ptolemy.kernel.util.IllegalActionException: TypeTest actor has no training data.
  in .sizedarray3.TypeTest
	at ptolemy.actor.lib.TypeTest.initialize(TypeTest.java:250)
	at ptolemy.actor.Director.initialize(Director.java:938)
	at ptolemy.actor.Director.initialize(Director.java:907)
	at ptolemy.actor.sched.StaticSchedulingDirector.initialize(StaticSchedulingDirector.java:159)
	at ptolemy.domains.sdf.kernel.SDFDirector.initialize(SDFDirector.java:544)
	at ptolemy.actor.CompositeActor.initialize(CompositeActor.java:935)
	at ptolemy.actor.Manager.initialize(Manager.java:724)
	at ptolemy.actor.Manager.execute(Manager.java:356)
	at ptolemy.actor.Manager.run(Manager.java:1263)
	at ptolemy.actor.Manager$PtolemyRunThread.run(Manager.java:1933)
java.lang.reflect.InvocationTargetException
	at java.base/jdk.internal.reflect.NativeConstructorAccessorImpl.newInstance0(Native Method)
	at java.base/jdk.internal.reflect.NativeConstructorAccessorImpl.newInstance(NativeConstructorAccessorImpl.java:62)
	at java.base/jdk.internal.reflect.DelegatingConstructorAccessorImpl.newInstance(DelegatingConstructorAccessorImpl.java:45)
	at java.base/java.lang.reflect.Constructor.newInstance(Constructor.java:490)
	at ptolemy.util.test.junit.AutoKnownFailedTests.RunModel(AutoKnownFailedTests.java:105)
	at java.base/jdk.internal.reflect.NativeMethodAccessorImpl.invoke0(Native Method)
	at java.base/jdk.internal.reflect.NativeMethodAccessorImpl.invoke(NativeMethodAccessorImpl.java:62)
	at java.base/jdk.internal.reflect.DelegatingMethodAccessorImpl.invoke(DelegatingMethodAccessorImpl.java:43)
	at java.base/java.lang.reflect.Method.invoke(Method.java:566)
	at org.junit.runners.model.FrameworkMethod$1.runReflectiveCall(FrameworkMethod.java:44)
	at org.junit.internal.runners.model.ReflectiveCallable.run(ReflectiveCallable.java:15)
	at org.junit.runners.model.FrameworkMethod.invokeExplosively(FrameworkMethod.java:41)
	at junitparams.internal.InvokeParameterisedMethod.evaluate(InvokeParameterisedMethod.java:102)
	at org.junit.internal.runners.statements.FailOnTimeout$1.run(FailOnTimeout.java:28)
Caused by: ptolemy.kernel.util.IllegalActionException: TypeTest actor has no training data.
  in .sizedarray3.TypeTest
	at ptolemy.actor.lib.TypeTest.initialize(TypeTest.java:250)
	at ptolemy.actor.Director.initialize(Director.java:938)
	at ptolemy.actor.Director.initialize(Director.java:907)
	at ptolemy.actor.sched.StaticSchedulingDirector.initialize(StaticSchedulingDirector.java:159)
	at ptolemy.domains.sdf.kernel.SDFDirector.initialize(SDFDirector.java:544)
	at ptolemy.actor.CompositeActor.initialize(CompositeActor.java:935)
	at ptolemy.actor.Manager.initialize(Manager.java:724)
	at ptolemy.actor.Manager.execute(Manager.java:356)
	at ptolemy.actor.Manager.run(Manager.java:1263)
	at ptolemy.actor.Manager$PtolemyRunThread.run(Manager.java:1933)
]]></system-err>
</testsuite>
