<?xml version="1.0" encoding="UTF-8" ?>
<testsuite errors="0" failures="1" hostname="travis-job-72caf7d5-ed7e-4a03-aa24-0aa3b267e8c7" name="ptolemy.actor.lib.test.junit.JUnitTclTest" skipped="0" tests="517" time="65.18" timestamp="2019-08-18T05:28:54">
  <properties>
    <property name="npm.executable" value="npm" />
    <property name="env.TRAVIS_ROOT" value="/" />
    <property name="ptII.mk.exists" value="true" />
    <property name="env.TRAVIS_APP_HOST" value="build.travis-ci.org" />
    <property name="env.rvm_bin_path" value="/home/travis/.rvm/bin" />
    <property name="java.home" value="/usr/local/lib/jvm/openjdk11" />
    <property name="env.TRAVIS_JOB_NUMBER" value="1300.8" />
    <property name="env.TRAVIS_HOME" value="/home/travis" />
    <property name="env.DISPLAY" value=":99.0" />
    <property name="env.TRAVIS_INIT" value="systemd" />
    <property name="env.SSH_TTY" value="/dev/pts/0" />
    <property name="java.net.preferIPv4Stack" value="true" />
    <property name="env.RUN_TESTS" value="true" />
    <property name="timeout.short" value="1000000" />
    <property name="junit.formatter" value="xml" />
    <property name="env.TRAVIS_SUDO" value="true" />
    <property name="env.TRAVIS_JOB_NAME" value="" />
    <property name="env.TRAVIS_STACK_NODE_ATTRIBUTES" value="/.node-attributes.yml" />
    <property name="env.LOGNAME" value="travis" />
    <property name="env.PT_TRAVIS_TEST_CORE1_XML" value="true" />
    <property name="jsdoc.home" value="node_modules/@terraswarm/jsdoc" />
    <property name="debuglevel" value="source,lines,vars" />
    <property name="checkstyle.formatter" value="xml" />
    <property name="env._system_version" value="16.04" />
    <property name="bin.vergil.makeable" value="true" />
    <property name="sun.os.patch.level" value="unknown" />
    <property name="java.vendor.url" value="http://java.oracle.com/" />
    <property name="env.TRAVIS_BUILD_WEB_URL" value="https://travis-ci.org/icyphy/ptII/builds/573316246" />
    <property name="java.version" value="11.0.2" />
    <property name="env.TZ" value="UTC" />
    <property name="env.TRAVIS_PULL_REQUEST_SHA" value="" />
    <property name="env.PT_NO_NET" value="true" />
    <property name="env.TRAVIS_SECURE_ENV_VARS" value="true" />
    <property name="env._system_type" value="Linux" />
    <property name="java.vendor.url.bug" value="http://bugreport.java.com/bugreport/" />
    <property name="npmjs-org-is-up" value="true" />
    <property name="env.LANGUAGE" value="en_US.UTF-8" />
    <property name="env.SSH_CLIENT" value="10.16.1.2 60840 22" />
    <property name="env.GEM_HOME" value="/home/travis/.rvm/gems/ruby-2.5.3" />
    <property name="env.HAS_ANTARES_THREE_LITTLE_FRONZIES_BADGE" value="true" />
    <property name="java.version.date" value="2019-01-15" />
    <property name="env.PS4" value="+" />
    <property name="ant.project.invoked-targets" value="build,test.core1.xml" />
    <property name="env.TRAVIS_PULL_REQUEST_BRANCH" value="" />
    <property name="env.TRAVIS_REPO_SLUG" value="icyphy/ptII" />
    <property name="env.XDG_DATA_DIRS" value="/usr/local/share:/usr/share:/var/lib/snapd/desktop" />
    <property name="jdk.debug" value="release" />
    <property name="env.TRAVIS_APT_PROXY" value="http://apt.cache.travis-ci.com" />
    <property name="node.in.path" value="true" />
    <property name="user.name" value="travis" />
    <property name="java.maxmemory" value="1400m" />
    <property name="env.RUBY_VERSION" value="ruby-2.5.3" />
    <property name="env.LANG" value="en_US.UTF-8" />
    <property name="sun.io.unicode.encoding" value="UnicodeLittle" />
    <property name="sun.jnu.encoding" value="UTF-8" />
    <property name="java.runtime.name" value="OpenJDK Runtime Environment" />
    <property name="usefile" value="false" />
    <property name="return.code" value="0" />
    <property name="junit.single.formatter" value="plain" />
    <property name="env.DYLD_LIBRARY_PATH" value="/home/travis/pthla/certi-tools/lib:" />
    <property name="env.DEBIAN_FRONTEND" value="noninteractive" />
    <property name="env.SSH_CONNECTION" value="10.16.1.2 60840 10.20.1.123 22" />
    <property name="env.MYSQL_UNIX_PORT" value="/var/run/mysqld/mysqld.sock" />
    <property name="env.LC_ALL" value="en_US.UTF-8" />
    <property name="env.TRAVIS_ALLOW_FAILURE" value="false" />
    <property name="env.TRAVIS_JOB_WEB_URL" value="https://travis-ci.org/icyphy/ptII/jobs/573316254" />
    <property name="java.specification.name" value="Java Platform API Specification" />
    <property name="node.works" value="true" />
    <property name="user.timezone" value="" />
    <property name="path.separator" value=":" />
    <property name="env.TRAVIS_ENABLE_INFRA_DETECTION" value="true" />
    <property name="env.PYTHON_CFLAGS" value="-g -fstack-protector --param=ssp-buffer-size=4 -Wformat -Werror=format-security" />
    <property name="timeout.long" value="4000000" />
    <property name="env.CERTI_HOME" value="/home/travis/pthla/certi-tools" />
    <property name="ant.file.ptII" value="/home/travis/build/icyphy/ptII/build.xml" />
    <property name="javadoc.packagenames" value="com.*,diva.*,lbnl.*,org.hlacerti.*,org.json.*,org.ptolemy.*,org.terraswarm.*,ptolemy.*,ptserver.*" />
    <property name="file.encoding" value="UTF-8" />
    <property name="env.TRAVIS_PULL_REQUEST_SLUG" value="" />
    <property name="ant.project.default-target" value="build" />
    <property name="env.GIT_ASKPASS" value="echo" />
    <property name="env.HOME" value="/home/travis" />
    <property name="sun.java.command" value="org.apache.tools.ant.taskdefs.optional.junit.JUnitTestRunner ptolemy.actor.lib.test.junit.JUnitTclTest skipNonTests=false filtertrace=true haltOnError=false haltOnFailure=false formatter=org.apache.tools.ant.taskdefs.optional.junit.OutErrSummaryJUnitResultFormatter showoutput=true outputtoformatters=true logfailedtests=true threadid=0 logtestlistenerevents=false formatter=org.apache.tools.ant.taskdefs.optional.junit.XMLJUnitResultFormatter,/home/travis/build/icyphy/ptII/reports/junit/TEST-ptolemy.actor.lib.test.junit.JUnitTclTest.xml crashfile=/home/travis/build/icyphy/ptII/junitvmwatcher125736163135778547.properties propsfile=/home/travis/build/icyphy/ptII/junit9474917363272157492.properties" />
    <property name="env.COMPOSER_NO_INTERACTION" value="1" />
    <property name="env.MANPATH" value="/home/travis/.nvm/versions/node/v7.10.1/share/man:/home/travis/.rvm/rubies/ruby-2.5.3/share/man:/usr/local/cmake-3.12.4/man:/usr/local/clang-7.0.0/share/man:/usr/local/man:/usr/local/share/man:/usr/share/man:/home/travis/.rvm/man" />
    <property name="env.TRAVIS_TIMER_ID" value="0c2bda78" />
    <property name="ant.file" value="/home/travis/build/icyphy/ptII/build.xml" />
    <property name="env.TRAVIS_COMMIT_RANGE" value="42e172ae347fdc5d0e580488fa33ff6bc00cac99...f9c12c6b2ccbd758ceec4e9ffc44e2f31da246f0" />
    <property name="env._system_name" value="Ubuntu" />
    <property name="ptII.classpath.optional.property" value="/home/travis/build/icyphy/ptII/lib/bsh-2.0b4.jar:/home/travis/build/icyphy/ptII/lib/ptCal.jar:/home/travis/build/icyphy/ptII/lib/java_cup.jar:/home/travis/build/icyphy/ptII/lib/saxon8.jar:/home/travis/build/icyphy/ptII/lib/saxon8-dom.jar:/home/travis/build/icyphy/ptII/lib/chic.jar:/home/travis/build/icyphy/ptII/lib/ptcolt.jar:/home/travis/build/icyphy/ptII/vendors/misc/itext/iText.jar:/home/travis/build/icyphy/ptII/lib/g4ltl.jar:/home/travis/build/icyphy/ptII/lib/StructuralCoder.jar:/home/travis/build/icyphy/ptII/lib/jcerti.jar:/home/travis/build/icyphy/ptII/lib/javax.mail.jar:/home/travis/build/icyphy/ptII/vendors/JMF-2.1.1e/lib/jmf.jar:/home/travis/build/icyphy/ptII/lib/jna-4.0.0-variadic.jar:/home/travis/build/icyphy/ptII/vendors/misc/joystick/Joystick.jar:/home/travis/build/icyphy/ptII/lib/ptjacl.jar:/home/travis/build/icyphy/ptII/lib/jsoup-1.8.2.jar:/home/travis/build/icyphy/ptII/lib/junit-4.8.2.jar:/home/travis/build/icyphy/ptII/lib/JUnitParams-0.4.0.jar:/home/travis/build/icyphy/ptII/ptolemy/actor/lib/excel/jxl.jar:/home/travis/build/icyphy/ptII/lib/jython.jar:/home/travis/build/icyphy/ptII/lib/kieler.jar:/home/travis/build/icyphy/ptII/vendors/opencv/share/OpenCV/java/opencv-341.jar:/home/travis/build/icyphy/ptII/lib/oscP5.jar:/home/travis/build/icyphy/ptII/lib/nrjavaserial-3.11.0.devel.jar:/home/travis/build/icyphy/ptII/vendors/j3d/lib/Linux/j3dcore.jar:/home/travis/build/icyphy/ptII/vendors/j3d/lib/Linux/j3dutils.jar:/home/travis/build/icyphy/ptII/vendors/j3d/lib/Linux/vecmath.jar:/home/travis/build/icyphy/ptII/vendors/jogl/lib/Linux/gluegen-rt-natives-linux-amd64.jar:/home/travis/build/icyphy/ptII/vendors/jogl/lib/Linux/gluegen-rt.jar:/home/travis/build/icyphy/ptII/vendors/jogl/lib/Linux/jogl-all-natives-linux-amd64.jar:/home/travis/build/icyphy/ptII/vendors/jogl/lib/Linux/jogl-all.jar:/home/travis/build/icyphy/ptII/ptolemy/distributed/jini/jar/jini-core.jar:/home/travis/build/icyphy/ptII/ptolemy/distributed/jini/jar/jini-ext.jar:/home/travis/build/icyphy/ptII/ptolemy/distributed/jini/jar/sun-util.jar:/home/travis/build/icyphy/ptII/lib/protobuf-java-2.4.1.jar:/home/travis/build/icyphy/ptII/lib/org.eclipse.paho.client.mqttv3.jar:/home/travis/build/icyphy/ptII/lib/mapss.jar:/home/travis/build/icyphy/ptII/ptolemy/actor/ptalon/antlr/antlr.jar:/home/travis/build/icyphy/ptII/lib/JRI.jar:/home/travis/build/icyphy/ptII/lib/commons-lang-2.6.jar:/home/travis/build/icyphy/ptII/lib/commons-logging-1.1.1.jar:/home/travis/build/icyphy/ptII/lib/sootclasses.jar:/home/travis/build/icyphy/ptII/ptolemy/actor/lib/database/mysql-connector-java-5.1.6-bin.jar:/home/travis/build/icyphy/ptII/vendors/misc/sphinx4/sphinx4-data-5prealpha.jar:/home/travis/build/icyphy/ptII/vendors/misc/sphinx4/sphinx4-core-5prealpha.jar:/home/travis/build/icyphy/ptII/lib/PDFRenderer.jar:/home/travis/build/icyphy/ptII/lib/svgSalamander.jar:/home/travis/build/icyphy/ptII/lib/rsyntaxtextarea-2.6.0-SNAPSHOT.jar:/home/travis/build/icyphy/ptII/lib/hazelcast-3.8.2.jar:/home/travis/build/icyphy/ptII/lib/jackson-annotations-2.9.0.jar:/home/travis/build/icyphy/ptII/lib/jackson-core-2.9.3.jar:/home/travis/build/icyphy/ptII/lib/jackson-databind-2.9.3.jar:/home/travis/build/icyphy/ptII/lib/netty-buffer-4.1.19.Final.jar:/home/travis/build/icyphy/ptII/lib/netty-codec-4.1.19.Final.jar:/home/travis/build/icyphy/ptII/lib/netty-codec-dns-4.1.19.Final.jar:/home/travis/build/icyphy/ptII/lib/netty-codec-http-4.1.19.Final.jar:/home/travis/build/icyphy/ptII/lib/netty-codec-http2-4.1.19.Final.jar:/home/travis/build/icyphy/ptII/lib/netty-common-4.1.19.Final.jar:/home/travis/build/icyphy/ptII/lib/netty-handler-4.1.19.Final.jar:/home/travis/build/icyphy/ptII/lib/netty-resolver-4.1.19.Final.jar:/home/travis/build/icyphy/ptII/lib/netty-resolver-dns-4.1.19.Final.jar:/home/travis/build/icyphy/ptII/lib/netty-transport-4.1.19.Final.jar:/home/travis/build/icyphy/ptII/lib/vertx-codegen-3.5.1.jar:/home/travis/build/icyphy/ptII/lib/vertx-core-3.5.2-SNAPSHOT.jar:/home/travis/build/icyphy/ptII/lib/vertx-hazelcast-3.5.1.jar:/home/travis/build/icyphy/ptII/lib/vertx-lang-js-3.5.1.jar:/home/travis/build/icyphy/ptII/lib/vertx-service-proxy-3.5.1.jar:/home/travis/build/icyphy/ptII/lib/vertx-web-3.5.1.jar:/home/travis/build/icyphy/ptII/lib/slf4j-api-1.7.13.jar:/home/travis/build/icyphy/ptII/lib/slf4j-simple-1.7.13.jar:/home/travis/build/icyphy/ptII/lib/webcam-capture-0.3.12.jar:/home/travis/build/icyphy/ptII/lib/bridj-0.7.0.jar:/home/travis/build/icyphy/ptII/lib/xbjlib-1.1.0.nrjavaserial.jar" />
    <property name="timeout" value="2400000" />
    <property name="test.batch" value="**/junit/*.java" />
    <property name="env._" value="/usr/bin/timeout" />
    <property name="java.io.tmpdir" value="/tmp" />
    <property name="user.language" value="en" />
    <property name="env.TRAVIS_INTERNAL_RUBY_REGEX" value="^ruby-(2\.[0-4]\.[0-9]|1\.9\.3)" />
    <property name="env.HISTCONTROL" value="ignoredups:ignorespace" />
    <property name="env.GOROOT" value="/home/travis/.gimme/versions/go1.11.1.linux.amd64" />
    <property name="line.separator" value="&#xa;" />
    <property name="target" value="11" />
    <property name="env.TRAVIS_BUILD_DIR" value="/home/travis/build/icyphy/ptII" />
    <property name="env.ANT_OPTS" value="-Xmx2048m" />
    <property name="ant.file.type" value="file" />
    <property name="ptolemy.ptII.batchMode" value="true" />
    <property name="env.HISTSIZE" value="1000" />
    <property name="env.MERB_ENV" value="test" />
    <property name="java.vm.info" value="mixed mode" />
    <property name="source" value="11" />
    <property name="java.vm.specification.name" value="Java Virtual Machine Specification" />
    <property name="env.TRAVIS_TEST_RESULT" value="0" />
    <property name="jsdoc.command" value="node_modules/@terraswarm/jsdoc/jsdoc.js" />
    <property name="npm.works" value="true" />
    <property name="cobertura.dir" value="/home/travis/build/icyphy/ptII/vendors/cobertura-2.0.3" />
    <property name="jsdoc.command.exists" value="true" />
    <property name="env.rvm_path" value="/home/travis/.rvm" />
    <property name="env.GEM_PATH" value="/home/travis/.rvm/gems/ruby-2.5.3:/home/travis/.rvm/gems/ruby-2.5.3@global" />
    <property name="env.LC_CTYPE" value="en_US.UTF-8" />
    <property name="env.TRAVIS_CMD" value="$PTII/bin/ptIITravisBuild.sh $SECONDS" />
    <property name="java.awt.printerjob" value="sun.print.PSPrinterJob" />
    <property name="env.TRAVIS_STACK_NAME" value="sardonyx" />
    <property name="env.TRAVIS_TIMER_START_TIME" value="1566105441421003454" />
    <property name="ant.version" value="Apache Ant(TM) version 1.10.1 compiled on February 2 2017" />
    <property name="ptII.reports" value="/home/travis/build/icyphy/ptII/reports" />
    <property name="env.TRAVIS_STACK_TIMESTAMP" value="2019-03-25 16:16:56 UTC" />
    <property name="ant.file.type.ptII" value="file" />
    <property name="env.RBENV_SHELL" value="bash" />
    <property name="os.name" value="Linux" />
    <property name="java.specification.vendor" value="Oracle Corporation" />
    <property name="env.rvm_version" value="1.29.7 (latest)" />
    <property name="env.TRAVIS_INFRA" value="gce" />
    <property name="env.TERM" value="xterm" />
    <property name="java.vm.name" value="OpenJDK 64-Bit Server VM" />
    <property name="env.TRAVIS_BUILD_NUMBER" value="1300" />
    <property name="env.CI" value="true" />
    <property name="java.library.path" value="/home/travis/pthla/certi-tools/lib:/usr/lib/jni:/usr/local/share/OpenCV/java/:/usr/share/OpenCV/java::/usr/java/packages/lib:/usr/lib64:/lib64:/lib:/usr/lib" />
    <property name="jdk.module.path" value="/home/travis/build/icyphy/ptII/vendors/javafx/javafx-sdk-11.0.2/lib:" />
    <property name="env.rvm_prefix" value="/home/travis" />
    <property name="env.PATH" value="/home/travis/pthla/certi-tools/share/scripts:/home/travis/.rvm/gems/ruby-2.5.3/bin:/home/travis/.rvm/gems/ruby-2.5.3@global/bin:/home/travis/.rvm/rubies/ruby-2.5.3/bin:/home/travis/.rvm/bin:/home/travis/.nvm/versions/node/v7.10.1/bin:./node_modules/.bin:/home/travis/build/icyphy/ptII/bin:/home/travis/pthla/certi-tools/bin:/home/travis/bin:/home/travis/.local/bin:/usr/local/lib/jvm/openjdk11/bin:/opt/pyenv/shims:/home/travis/.phpenv/shims:/home/travis/perl5/perlbrew/bin:/home/travis/gopath/bin:/home/travis/.gimme/versions/go1.11.1.linux.amd64/bin:/usr/local/maven-3.6.0/bin:/usr/local/cmake-3.12.4/bin:/usr/local/clang-7.0.0/bin:/usr/local/sbin:/usr/local/bin:/usr/sbin:/usr/bin:/sbin:/bin:/snap/bin:/home/travis/.phpenv/bin:/opt/pyenv/bin:/home/travis/.yarn/bin" />
    <property name="env.TRAVIS_OS_NAME" value="linux" />
    <property name="ant.java.version" value="9" />
    <property name="basedir" value="/home/travis/build/icyphy/ptII" />
    <property name="java.class.version" value="55.0" />
    <property name="env.SHLVL" value="3" />
    <property name="env.LD_LIBRARY_PATH" value="/home/travis/pthla/certi-tools/lib:/usr/lib/jni:/usr/local/share/OpenCV/java/:/usr/share/OpenCV/java:" />
    <property name="env.RACK_ENV" value="test" />
    <property name="ant.home" value="/home/travis/build/icyphy/ptII/ant" />
    <property name="env.NVM_DIR" value="/home/travis/.nvm" />
    <property name="env.CERTI_FOM_PATH" value="/home/travis/pthla/certi-tools/share/federations" />
    <property name="env.TRAVIS_BUILD_ID" value="573316246" />
    <property name="env.PYENV_ROOT" value="/opt/pyenv" />
    <property name="env.TRAVIS_UID" value="2000" />
    <property name="prism.verbose" value="true" />
    <property name="env.NVM_BIN" value="/home/travis/.nvm/versions/node/v7.10.1/bin" />
    <property name="env.TRAVIS_COMMIT" value="f9c12c6b2ccbd758ceec4e9ffc44e2f31da246f0" />
    <property name="env._system_arch" value="x86_64" />
    <property name="node.executable" value="node" />
    <property name="sun.boot.library.path" value="/usr/local/lib/jvm/openjdk11/lib" />
    <property name="sun.management.compiler" value="HotSpot 64-Bit Tiered Compilers" />
    <property name="java.awt.graphicsenv" value="sun.awt.X11GraphicsEnvironment" />
    <property name="env.GOPATH" value="/home/travis/gopath" />
    <property name="ptolemy.ptII.dir" value="/home/travis/build/icyphy/ptII" />
    <property name="env.USER" value="travis" />
    <property name="env.HISTFILESIZE" value="2000" />
    <property name="timeout.longest" value="19000000" />
    <property name="env.PERLBREW_SHELLRC_VERSION" value="0.86" />
    <property name="env.TRAVIS_STACK_FEATURES" value="basic couchdb disabled-ipv6 docker docker-compose elasticsearch firefox go-toolchain google-chrome jdk memcached mongodb mysql nodejs_interpreter perl_interpreter perlbrew phantomjs postgresql python_interpreter redis ruby_interpreter sqlite xserver" />
    <property name="env.TRAVIS_PULL_REQUEST" value="false" />
    <property name="env.PYENV_SHELL" value="bash" />
    <property name="ant.project.name" value="ptII" />
    <property name="env.ANSI_RESET" value="\033[0m" />
    <property name="java.vm.specification.version" value="11" />
    <property name="env.TRAVIS_DIST" value="xenial" />
    <property name="env.CERTI_VERSION" value="4.0.0" />
    <property name="env.CERTI_HOST" value="localhost" />
    <property name="awt.toolkit" value="sun.awt.X11.XToolkit" />
    <property name="env.MY_RUBY_HOME" value="/home/travis/.rvm/rubies/ruby-2.5.3" />
    <property name="sun.cpu.isalist" value="" />
    <property name="env.TRAVIS_TMPDIR" value="/tmp/tmp.2GviBU5Udv" />
    <property name="java.vm.compressedOopsMode" value="Zero based" />
    <property name="os.version" value="4.15.0-1028-gcp" />
    <property name="user.home" value="/home/travis" />
    <property name="java.vm.vendor" value="Oracle Corporation" />
    <property name="env.TRAVIS_TAG" value="nightly" />
    <property name="env.ANSI_YELLOW" value="\033[33;1m" />
    <property name="env.TRAVIS_FILTERED" value="redirect_io" />
    <property name="env.ANSI_GREEN" value="\033[32;1m" />
    <property name="env.JAVA_HOME" value="/usr/local/lib/jvm/openjdk11" />
    <property name="javadoc.excludepackagenames" value="adm.cvs2svn.*,build.*,config.*,doc.coding.templates.*,jni.test.jni.meaningOfLife.*,jni.test.jni.testDeux.*,jni.test.jni.testTrois.*,org.terraswarm.accessor.accessors.web.node_modules.*,org.terraswarm.accessor.accessors.web.hosts.cordova.demo.*,org.terraswarm.accessor.accessors.web.hosts.cordova.plugins.*,org.terraswarm.accessor.accessors-svn.*,pt-modules.*,ptolemy.apps.agilent.*,ptolemy.apps.anytimecontrol.*,ptolemy.apps.apes.*,ptolemy.apps.charon.*,ptolemy.apps.crazyboard.*,ptolemy.apps.eclipse.*,ptolemy.apps.etherealSting.*,ptolemy.apps.fullscreen.*,ptolemy.apps.giotto.*,ptolemy.apps.ia.*,ptolemy.apps.interfaces.*,ptolemy.apps.jmf.*,ptolemy.apps.kurt.*,ptolemy.apps.kvm.*,ptolemy.apps.lego.*,ptolemy.apps.lejos.*,ptolemy.apps.midp.*,ptolemy.apps.mobileCoding.*,ptolemy.apps.pendulum.*,ptolemy.apps.rijndael.*,ptolemy.apps.robot.*,ptolemy.apps.security.*,ptolemy.apps.sobel.*,ptolemy.apps.soot.*,ptolemy.apps.throttle.*,ptolemy.apps.tini.*,ptolemy.apps.transmission.*,ptolemy.apps.vergil.*,ptolemy.apps.waba.*,ptolemy.apps.websensor.*,ptolemy.apps.webstart.*,ptolemy.apps.xsl.*,ptolemy.apps.zaurus.*,ptolemy.codegen.c.actor.lib.oldJavaFiles.*,ptolemy.codegen.dsp.lib.*,ptolemy.codegen.kernel.newInterfaces.*,ptolemy.codegen.lib.*,ptolemy.copernicus.kernel.fragment.*,ptolemy.copernicus.shallow.cg.*,ptolemy.domains.giotto.demo.Hierarchy.Hierarchy.*,ptolemy.domains.giotto.demo.Multimode.Multimode.*,ptolemy.domains.giotto.demo.Simple.Simple.*,ptolemy.domains.gr.lib.experimental.*,ptolemy.domains.gro.*,ptolemy.domains.pdf.*,ptolemy.domains.ptinyos.demo.Surge.output.*,ptolemy.moml.test.NoPackageActor.java*,ptolemy.plot.adm.*,ptolemy.plot.servlet.*,reports.*,signed.*,src.*,target.*,vendors.*,ptolemy.copernicus.applet.*,ptolemy.media.viewer.*,ptolemy.actor.corba.*,doc.doclets.*,ptolemy.apps.eclipse.awt.*,ptolemy.backtrack.*,ptolemy.backtrack.ast.*,ptolemy.cg.adapter.generic.program.procedural.c.mbed*,ptolemy.homer.*,ptolemy.actor.lib.jai.*,org.ptolemy.scala.*,diva.util.java2d.svg.*,ptolemy.domains.ptinyos.*,ptolemy.actor.lib.fmi.fmipp.*,,org.terraswarm.accessor.accessors.web.node_modules.*,org.terraswarm.accessor.accessors-svn,ptolemy.apps.*,ptolemy.actor.ptalon.demo.ptinyos.SendAndReceiveCnt.output,ptolemy.actor.ptalon.demo.ptinyos.SenseToLeds.output,ptolemy.domains.ptinyos.demo.CntToLedsAndRfm.output,ptolemy.domains.ptinyos.demo.RfmToLeds.output,ptolemy.domains.ptinyos.demo.SendAndReceiveCnt.output,ptolemy.domains.ptinyos.demo.SenseToLeds.output,ptolemy.actor.lib.jjs.modules.udpSocket.*" />
    <property name="env.PTII" value="/home/travis/build/icyphy/ptII" />
    <property name="env.XDG_SESSION_ID" value="2" />
    <property name="keystore" value="ptKeystore" />
    <property name="env.TRAVIS_COMMIT_MESSAGE" value="Removed mention of svn." />
    <property name="junit.output.dir" value="/home/travis/build/icyphy/ptII/reports/junit" />
    <property name="npm.return.code" value="0" />
    <property name="user.dir" value="/home/travis/build/icyphy/ptII/ptolemy/actor/lib/test" />
    <property name="env.TRAVIS_NODE_VERSION" value="7" />
    <property name="env.TRAVIS_EVENT_TYPE" value="cron" />
    <property name="env.MAIL" value="/var/mail/travis" />
    <property name="env.PERLBREW_ROOT" value="/home/travis/perl5/perlbrew" />
    <property name="env.PWD" value="/home/travis/build/icyphy/ptII" />
    <property name="timeout.npm" value="45000" />
    <property name="env.TRAVIS_ARCH" value="amd64" />
    <property name="sun.cpu.endian" value="little" />
    <property name="env.PAGER" value="cat" />
    <property name="env.TRAVIS_BUILD_STAGE_NAME" value="Test" />
    <property name="env.PERLBREW_HOME" value="/home/travis/.perlbrew" />
    <property name="java.vm.version" value="11.0.2+9" />
    <property name="env.RAILS_ENV" value="test" />
    <property name="java.class.path" value="/home/travis/.ptolemyII:/home/travis/.ptolemyII/*:/home/travis/build/icyphy/ptII:/home/travis/build/icyphy/ptII/lib/bsh-2.0b4.jar:/home/travis/build/icyphy/ptII/lib/ptCal.jar:/home/travis/build/icyphy/ptII/lib/java_cup.jar:/home/travis/build/icyphy/ptII/lib/saxon8.jar:/home/travis/build/icyphy/ptII/lib/saxon8-dom.jar:/home/travis/build/icyphy/ptII/lib/chic.jar:/home/travis/build/icyphy/ptII/lib/ptcolt.jar:/home/travis/build/icyphy/ptII/vendors/misc/itext/iText.jar:/home/travis/build/icyphy/ptII/lib/g4ltl.jar:/home/travis/build/icyphy/ptII/lib/StructuralCoder.jar:/home/travis/build/icyphy/ptII/lib/jcerti.jar:/home/travis/build/icyphy/ptII/lib/javax.mail.jar:/home/travis/build/icyphy/ptII/vendors/JMF-2.1.1e/lib/jmf.jar:/home/travis/build/icyphy/ptII/lib/jna-4.0.0-variadic.jar:/home/travis/build/icyphy/ptII/vendors/misc/joystick/Joystick.jar:/home/travis/build/icyphy/ptII/lib/ptjacl.jar:/home/travis/build/icyphy/ptII/lib/jsoup-1.8.2.jar:/home/travis/build/icyphy/ptII/lib/junit-4.8.2.jar:/home/travis/build/icyphy/ptII/lib/JUnitParams-0.4.0.jar:/home/travis/build/icyphy/ptII/ptolemy/actor/lib/excel/jxl.jar:/home/travis/build/icyphy/ptII/lib/jython.jar:/home/travis/build/icyphy/ptII/lib/kieler.jar:/home/travis/build/icyphy/ptII/vendors/opencv/share/OpenCV/java/opencv-341.jar:/home/travis/build/icyphy/ptII/lib/oscP5.jar:/home/travis/build/icyphy/ptII/lib/nrjavaserial-3.11.0.devel.jar:/home/travis/build/icyphy/ptII/vendors/j3d/lib/Linux/j3dcore.jar:/home/travis/build/icyphy/ptII/vendors/j3d/lib/Linux/j3dutils.jar:/home/travis/build/icyphy/ptII/vendors/j3d/lib/Linux/vecmath.jar:/home/travis/build/icyphy/ptII/vendors/jogl/lib/Linux/gluegen-rt-natives-linux-amd64.jar:/home/travis/build/icyphy/ptII/vendors/jogl/lib/Linux/gluegen-rt.jar:/home/travis/build/icyphy/ptII/vendors/jogl/lib/Linux/jogl-all-natives-linux-amd64.jar:/home/travis/build/icyphy/ptII/vendors/jogl/lib/Linux/jogl-all.jar:/home/travis/build/icyphy/ptII/ptolemy/distributed/jini/jar/jini-core.jar:/home/travis/build/icyphy/ptII/ptolemy/distributed/jini/jar/jini-ext.jar:/home/travis/build/icyphy/ptII/ptolemy/distributed/jini/jar/sun-util.jar:/home/travis/build/icyphy/ptII/lib/protobuf-java-2.4.1.jar:/home/travis/build/icyphy/ptII/lib/org.eclipse.paho.client.mqttv3.jar:/home/travis/build/icyphy/ptII/lib/mapss.jar:/home/travis/build/icyphy/ptII/ptolemy/actor/ptalon/antlr/antlr.jar:/home/travis/build/icyphy/ptII/lib/JRI.jar:/home/travis/build/icyphy/ptII/lib/commons-lang-2.6.jar:/home/travis/build/icyphy/ptII/lib/commons-logging-1.1.1.jar:/home/travis/build/icyphy/ptII/lib/sootclasses.jar:/home/travis/build/icyphy/ptII/ptolemy/actor/lib/database/mysql-connector-java-5.1.6-bin.jar:/home/travis/build/icyphy/ptII/vendors/misc/sphinx4/sphinx4-data-5prealpha.jar:/home/travis/build/icyphy/ptII/vendors/misc/sphinx4/sphinx4-core-5prealpha.jar:/home/travis/build/icyphy/ptII/lib/PDFRenderer.jar:/home/travis/build/icyphy/ptII/lib/svgSalamander.jar:/home/travis/build/icyphy/ptII/lib/rsyntaxtextarea-2.6.0-SNAPSHOT.jar:/home/travis/build/icyphy/ptII/lib/hazelcast-3.8.2.jar:/home/travis/build/icyphy/ptII/lib/jackson-annotations-2.9.0.jar:/home/travis/build/icyphy/ptII/lib/jackson-core-2.9.3.jar:/home/travis/build/icyphy/ptII/lib/jackson-databind-2.9.3.jar:/home/travis/build/icyphy/ptII/lib/netty-buffer-4.1.19.Final.jar:/home/travis/build/icyphy/ptII/lib/netty-codec-4.1.19.Final.jar:/home/travis/build/icyphy/ptII/lib/netty-codec-dns-4.1.19.Final.jar:/home/travis/build/icyphy/ptII/lib/netty-codec-http-4.1.19.Final.jar:/home/travis/build/icyphy/ptII/lib/netty-codec-http2-4.1.19.Final.jar:/home/travis/build/icyphy/ptII/lib/netty-common-4.1.19.Final.jar:/home/travis/build/icyphy/ptII/lib/netty-handler-4.1.19.Final.jar:/home/travis/build/icyphy/ptII/lib/netty-resolver-4.1.19.Final.jar:/home/travis/build/icyphy/ptII/lib/netty-resolver-dns-4.1.19.Final.jar:/home/travis/build/icyphy/ptII/lib/netty-transport-4.1.19.Final.jar:/home/travis/build/icyphy/ptII/lib/vertx-codegen-3.5.1.jar:/home/travis/build/icyphy/ptII/lib/vertx-core-3.5.2-SNAPSHOT.jar:/home/travis/build/icyphy/ptII/lib/vertx-hazelcast-3.5.1.jar:/home/travis/build/icyphy/ptII/lib/vertx-lang-js-3.5.1.jar:/home/travis/build/icyphy/ptII/lib/vertx-service-proxy-3.5.1.jar:/home/travis/build/icyphy/ptII/lib/vertx-web-3.5.1.jar:/home/travis/build/icyphy/ptII/lib/slf4j-api-1.7.13.jar:/home/travis/build/icyphy/ptII/lib/slf4j-simple-1.7.13.jar:/home/travis/build/icyphy/ptII/lib/webcam-capture-0.3.12.jar:/home/travis/build/icyphy/ptII/lib/bridj-0.7.0.jar:/home/travis/build/icyphy/ptII/lib/xbjlib-1.1.0.nrjavaserial.jar:/home/travis/build/icyphy/ptII/ptolemy/moml/test:/home/travis/build/icyphy/ptII/ant/lib/ant-launcher.jar:/home/travis/build/icyphy/ptII/ant/lib/ant.jar:/home/travis/build/icyphy/ptII/ant/lib/ant-junit.jar:/home/travis/build/icyphy/ptII/ant/lib/ant-junit4.jar" />
    <property name="ant.library.dir" value="/home/travis/build/icyphy/ptII/ant/lib" />
    <property name="os.arch" value="amd64" />
    <property name="env.CONTINUOUS_INTEGRATION" value="true" />
    <property name="env.TRAVIS_LANGUAGE" value="node_js" />
    <property name="env.TRAVIS_STACK_LANGUAGES" value="__sardonyx__ c c++ clojure cplusplus cpp default generic go groovy java node_js php pure_java python ruby scala" />
    <property name="test.name" value="ptolemy.actor.lib.test.junit.JUnitTclTest" />
    <property name="env.APT_KEY_DONT_WARN_ON_DANGEROUS_USAGE" value="1" />
    <property name="sun.java.launcher" value="SUN_STANDARD" />
    <property name="env.PYTHON_CONFIGURE_OPTS" value="--enable-unicode=ucs4 --with-wide-unicode --enable-shared --enable-ipv6 --enable-loadable-sqlite-extensions --with-computed-gotos" />
    <property name="ant.core.lib" value="/home/travis/build/icyphy/ptII/ant/lib/ant.jar" />
    <property name="java.vm.specification.vendor" value="Oracle Corporation" />
    <property name="env.BCVTB_HOME" value="/home/travis/build/icyphy/ptII/lbnl" />
    <property name="file.separator" value="/" />
    <property name="spotbugs.home" value="/home/travis/build/icyphy/ptII/vendors/spotbugs-3.1.1" />
    <property name="java.runtime.version" value="11.0.2+9" />
    <property name="env.ANSI_CLEAR" value="\033[0K" />
    <property name="javafx.verbose" value="true" />
    <property name="env.HAS_JOSH_K_SEAL_OF_APPROVAL" value="true" />
    <property name="env.XDG_RUNTIME_DIR" value="/run/user/2000" />
    <property name="env.TRAVIS_OSX_IMAGE" value="" />
    <property name="env.TRAVIS_JOB_ID" value="573316254" />
    <property name="env.TRAVIS_BRANCH" value="master" />
    <property name="user.country" value="US" />
    <property name="env.CERTI_HOME_TRAVIS" value="/home/travis/pthla/certi-tools" />
    <property name="env.SHELL" value="/bin/bash" />
    <property name="java.maxmemory.large" value="3200m" />
    <property name="model" value="" />
    <property name="env.CASHER_DIR" value="/home/travis/.casher" />
    <property name="env.NVM_CD_FLAGS" value="" />
    <property name="java.vendor.version" value="18.9" />
    <property name="jshint.executable" value="/home/travis/node_modules/jshint/bin/jshint" />
    <property name="env.JRUBY_OPTS" value=" --client -J-XX:+TieredCompilation -J-XX:TieredStopAtLevel=1 -J-Xss2m -Xcompile.invokedynamic=false" />
    <property name="java.vendor" value="Oracle Corporation" />
    <property name="env.TRAVIS_PRE_CHEF_BOOTSTRAP_TIME" value="2019-03-25T16:16:42" />
    <property name="env.TRAVIS_STACK_JOB_BOARD_REGISTER" value="/.job-board-register.yml" />
    <property name="env.ANSI_RED" value="\033[31;1m" />
    <property name="java.specification.version" value="11" />
    <property name="env.IRBRC" value="/home/travis/.rvm/rubies/ruby-2.5.3/.irbrc" />
    <property name="env.TRAVIS" value="true" />
    <property name="sun.arch.data.model" value="64" />
  </properties>
  <testcase classname="ptolemy.util.test.junit.TclTests" name="[0] /home/travis/build/icyphy/ptII/ptolemy/actor/lib/test/AbsoluteValue.tcl (RunTclFile)" time="0.578" />
  <testcase classname="ptolemy.util.test.junit.TclTests" name="[1] /home/travis/build/icyphy/ptII/ptolemy/actor/lib/test/AddSubtract.tcl (RunTclFile)" time="0.172" />
  <testcase classname="ptolemy.util.test.junit.TclTests" name="[2] /home/travis/build/icyphy/ptII/ptolemy/actor/lib/test/Average.tcl (RunTclFile)" time="0.066" />
  <testcase classname="ptolemy.util.test.junit.TclTests" name="[3] /home/travis/build/icyphy/ptII/ptolemy/actor/lib/test/Bernoulli.tcl (RunTclFile)" time="0.036" />
  <testcase classname="ptolemy.util.test.junit.TclTests" name="[4] /home/travis/build/icyphy/ptII/ptolemy/actor/lib/test/Clock.tcl (RunTclFile)" time="0.141" />
  <testcase classname="ptolemy.util.test.junit.TclTests" name="[5] /home/travis/build/icyphy/ptII/ptolemy/actor/lib/test/Commutator.tcl (RunTclFile)" time="0.114" />
  <testcase classname="ptolemy.util.test.junit.TclTests" name="[6] /home/travis/build/icyphy/ptII/ptolemy/actor/lib/test/Const.tcl (RunTclFile)" time="0.085" />
  <testcase classname="ptolemy.util.test.junit.TclTests" name="[7] /home/travis/build/icyphy/ptII/ptolemy/actor/lib/test/CurrentTime.tcl (RunTclFile)" time="0.024" />
  <testcase classname="ptolemy.util.test.junit.TclTests" name="[8] /home/travis/build/icyphy/ptII/ptolemy/actor/lib/test/DB.tcl (RunTclFile)" time="0.063" />
  <testcase classname="ptolemy.util.test.junit.TclTests" name="[9] /home/travis/build/icyphy/ptII/ptolemy/actor/lib/test/DiscreteRandomSource.tcl (RunTclFile)" time="0.049" />
  <testcase classname="ptolemy.util.test.junit.TclTests" name="[10] /home/travis/build/icyphy/ptII/ptolemy/actor/lib/test/Distributor.tcl (RunTclFile)" time="0.08" />
  <testcase classname="ptolemy.util.test.junit.TclTests" name="[11] /home/travis/build/icyphy/ptII/ptolemy/actor/lib/test/Exit.tcl (RunTclFile)" time="0.105" />
  <testcase classname="ptolemy.util.test.junit.TclTests" name="[12] /home/travis/build/icyphy/ptII/ptolemy/actor/lib/test/Expression.tcl (RunTclFile)" time="0.161" />
  <testcase classname="ptolemy.util.test.junit.TclTests" name="[13] /home/travis/build/icyphy/ptII/ptolemy/actor/lib/test/Gaussian.tcl (RunTclFile)" time="0.942" />
  <testcase classname="ptolemy.util.test.junit.TclTests" name="[14] /home/travis/build/icyphy/ptII/ptolemy/actor/lib/test/IIR.tcl (RunTclFile)" time="0.047" />
  <testcase classname="ptolemy.util.test.junit.TclTests" name="[15] /home/travis/build/icyphy/ptII/ptolemy/actor/lib/test/Interpolator.tcl (RunTclFile)" time="0.083" />
  <testcase classname="ptolemy.util.test.junit.TclTests" name="[16] /home/travis/build/icyphy/ptII/ptolemy/actor/lib/test/MathFunction.tcl (RunTclFile)" time="0.071" />
  <testcase classname="ptolemy.util.test.junit.TclTests" name="[17] /home/travis/build/icyphy/ptII/ptolemy/actor/lib/test/Maximum.tcl (RunTclFile)" time="0.049" />
  <testcase classname="ptolemy.util.test.junit.TclTests" name="[18] /home/travis/build/icyphy/ptII/ptolemy/actor/lib/test/Minimum.tcl (RunTclFile)" time="0.034" />
  <testcase classname="ptolemy.util.test.junit.TclTests" name="[19] /home/travis/build/icyphy/ptII/ptolemy/actor/lib/test/MultiplyDivide.tcl (RunTclFile)" time="0.034" />
  <testcase classname="ptolemy.util.test.junit.TclTests" name="[20] /home/travis/build/icyphy/ptII/ptolemy/actor/lib/test/OrderedMerge.tcl (RunTclFile)" time="0.102" />
  <testcase classname="ptolemy.util.test.junit.TclTests" name="[21] /home/travis/build/icyphy/ptII/ptolemy/actor/lib/test/Publisher.tcl (RunTclFile)" time="0.963" />
  <testcase classname="ptolemy.util.test.junit.TclTests" name="[22] /home/travis/build/icyphy/ptII/ptolemy/actor/lib/test/Pulse.tcl (RunTclFile)" time="0.071" />
  <testcase classname="ptolemy.util.test.junit.TclTests" name="[23] /home/travis/build/icyphy/ptII/ptolemy/actor/lib/test/Ramp.tcl (RunTclFile)" time="2.39" />
  <testcase classname="ptolemy.util.test.junit.TclTests" name="[24] /home/travis/build/icyphy/ptII/ptolemy/actor/lib/test/RampContinuous.tcl (RunTclFile)" time="0.018" />
  <testcase classname="ptolemy.util.test.junit.TclTests" name="[25] /home/travis/build/icyphy/ptII/ptolemy/actor/lib/test/RecordAssembler.tcl (RunTclFile)" time="0.016" />
  <testcase classname="ptolemy.util.test.junit.TclTests" name="[26] /home/travis/build/icyphy/ptII/ptolemy/actor/lib/test/RecordDisassembler.tcl (RunTclFile)" time="0.02" />
  <testcase classname="ptolemy.util.test.junit.TclTests" name="[27] /home/travis/build/icyphy/ptII/ptolemy/actor/lib/test/Scale.tcl (RunTclFile)" time="0.017" />
  <testcase classname="ptolemy.util.test.junit.TclTests" name="[28] /home/travis/build/icyphy/ptII/ptolemy/actor/lib/test/SequentialClock.tcl (RunTclFile)" time="0.034" />
  <testcase classname="ptolemy.util.test.junit.TclTests" name="[29] /home/travis/build/icyphy/ptII/ptolemy/actor/lib/test/SetVariable.tcl (RunTclFile)" time="0.028">
    <failure message="Number of failed tests is has increased. expected:&lt;0&gt; but was:&lt;1&gt;" type="junit.framework.AssertionFailedError">junit.framework.AssertionFailedError: Number of failed tests is has increased. expected:&lt;0&gt; but was:&lt;1&gt;
	at ptolemy.util.test.junit.TclTests.RunTclFile(TclTests.java:286)
	at jdk.internal.reflect.GeneratedMethodAccessor19.invoke(Unknown Source)
	at java.base/jdk.internal.reflect.DelegatingMethodAccessorImpl.invoke(DelegatingMethodAccessorImpl.java:43)
	at junitparams.internal.InvokeParameterisedMethod.evaluate(InvokeParameterisedMethod.java:102)
	at junitparams.internal.ParameterisedTestMethodRunner.runMethodInvoker(ParameterisedTestMethodRunner.java:47)
	at junitparams.internal.ParameterisedTestMethodRunner.runTestMethod(ParameterisedTestMethodRunner.java:41)
	at junitparams.internal.ParameterisedTestClassRunner.runParameterisedTest(ParameterisedTestClassRunner.java:143)
	at junitparams.JUnitParamsRunner.runChild(JUnitParamsRunner.java:237)
	at junitparams.JUnitParamsRunner.runChild(JUnitParamsRunner.java:215)
</failure>
  </testcase>
  <testcase classname="ptolemy.util.test.junit.TclTests" name="[30] /home/travis/build/icyphy/ptII/ptolemy/actor/lib/test/Sinewave.tcl (RunTclFile)" time="0.067" />
  <testcase classname="ptolemy.util.test.junit.TclTests" name="[31] /home/travis/build/icyphy/ptII/ptolemy/actor/lib/test/SubscriptionAggregator.tcl (RunTclFile)" time="2.203" />
  <testcase classname="ptolemy.util.test.junit.TclTests" name="[32] /home/travis/build/icyphy/ptII/ptolemy/actor/lib/test/Test.tcl (RunTclFile)" time="0.116" />
  <testcase classname="ptolemy.util.test.junit.TclTests" name="[33] /home/travis/build/icyphy/ptII/ptolemy/actor/lib/test/TestExceptionHandler.tcl (RunTclFile)" time="0.013" />
  <testcase classname="ptolemy.util.test.junit.TclTests" name="[34] /home/travis/build/icyphy/ptII/ptolemy/actor/lib/test/UnionDisassembler.tcl (RunTclFile)" time="0.078" />
  <testcase classname="ptolemy.util.test.junit.TclTests" name="[35] /home/travis/build/icyphy/ptII/ptolemy/actor/lib/test/VariableClock.tcl (RunTclFile)" time="0.035" />
  <testcase classname="ptolemy.util.test.junit.AutoKnownFailedTests" name="[0] /home/travis/build/icyphy/ptII/ptolemy/actor/lib/test/auto/knownFailedTests/PublisherPortToplevelSubscriber.xml (RunModel)" time="0.033" />
  <testcase classname="ptolemy.util.test.junit.AutoKnownFailedTests" name="[1] /home/travis/build/icyphy/ptII/ptolemy/actor/lib/test/auto/knownFailedTests/PublisherSubscriberPortToplevel.xml (RunModel)" time="0.028" />
  <testcase classname="ptolemy.util.test.junit.AutoKnownFailedTests" name="[2] /home/travis/build/icyphy/ptII/ptolemy/actor/lib/test/auto/knownFailedTests/PublisherSubscriptionAggregatorPort.xml (RunModel)" time="0.019" />
  <testcase classname="ptolemy.util.test.junit.AutoKnownFailedTests" name="[3] /home/travis/build/icyphy/ptII/ptolemy/actor/lib/test/auto/knownFailedTests/sizedarray3.xml (RunModel)" time="0.087" />
  <testcase classname="ptolemy.util.test.junit.AutoNameArchTests" name="[0] ThereAreNoAutoArchTests (RunModel)" time="0.017" />
  <testcase classname="ptolemy.util.test.junit.AutoTests" name="[0] /home/travis/build/icyphy/ptII/ptolemy/actor/lib/test/auto/AbsoluteValue.xml (RunModel)" time="0.094" />
  <testcase classname="ptolemy.util.test.junit.AutoTests" name="[1] /home/travis/build/icyphy/ptII/ptolemy/actor/lib/test/auto/AbsoluteValue2.xml (RunModel)" time="0.03" />
  <testcase classname="ptolemy.util.test.junit.AutoTests" name="[2] /home/travis/build/icyphy/ptII/ptolemy/actor/lib/test/auto/Accumulator.xml (RunModel)" time="0.035" />
  <testcase classname="ptolemy.util.test.junit.AutoTests" name="[3] /home/travis/build/icyphy/ptII/ptolemy/actor/lib/test/auto/Accumulator2.xml (RunModel)" time="0.019" />
  <testcase classname="ptolemy.util.test.junit.AutoTests" name="[4] /home/travis/build/icyphy/ptII/ptolemy/actor/lib/test/auto/Accumulator3.xml (RunModel)" time="0.016" />
  <testcase classname="ptolemy.util.test.junit.AutoTests" name="[5] /home/travis/build/icyphy/ptII/ptolemy/actor/lib/test/auto/ArrayAppend.xml (RunModel)" time="0.029" />
  <testcase classname="ptolemy.util.test.junit.AutoTests" name="[6] /home/travis/build/icyphy/ptII/ptolemy/actor/lib/test/auto/ArrayAppend2.xml (RunModel)" time="0.564" />
  <testcase classname="ptolemy.util.test.junit.AutoTests" name="[7] /home/travis/build/icyphy/ptII/ptolemy/actor/lib/test/auto/ArrayAppend3.xml (RunModel)" time="0.03" />
  <testcase classname="ptolemy.util.test.junit.AutoTests" name="[8] /home/travis/build/icyphy/ptII/ptolemy/actor/lib/test/auto/ArrayAppend4.xml (RunModel)" time="0.027" />
  <testcase classname="ptolemy.util.test.junit.AutoTests" name="[9] /home/travis/build/icyphy/ptII/ptolemy/actor/lib/test/auto/ArrayAppend5.xml (RunModel)" time="0.031" />
  <testcase classname="ptolemy.util.test.junit.AutoTests" name="[10] /home/travis/build/icyphy/ptII/ptolemy/actor/lib/test/auto/ArrayAppend6.xml (RunModel)" time="0.016" />
  <testcase classname="ptolemy.util.test.junit.AutoTests" name="[11] /home/travis/build/icyphy/ptII/ptolemy/actor/lib/test/auto/ArrayAppendPerformanceTest.xml (RunModel)" time="0.079" />
  <testcase classname="ptolemy.util.test.junit.AutoTests" name="[12] /home/travis/build/icyphy/ptII/ptolemy/actor/lib/test/auto/ArrayAppendWithEmptyInput.xml (RunModel)" time="0.063" />
  <testcase classname="ptolemy.util.test.junit.AutoTests" name="[13] /home/travis/build/icyphy/ptII/ptolemy/actor/lib/test/auto/ArrayAverage.xml (RunModel)" time="0.035" />
  <testcase classname="ptolemy.util.test.junit.AutoTests" name="[14] /home/travis/build/icyphy/ptII/ptolemy/actor/lib/test/auto/ArrayContains.xml (RunModel)" time="0.027" />
  <testcase classname="ptolemy.util.test.junit.AutoTests" name="[15] /home/travis/build/icyphy/ptII/ptolemy/actor/lib/test/auto/ArrayElement.xml (RunModel)" time="0.022" />
  <testcase classname="ptolemy.util.test.junit.AutoTests" name="[16] /home/travis/build/icyphy/ptII/ptolemy/actor/lib/test/auto/ArrayElementAsMatrix.xml (RunModel)" time="0.051" />
  <testcase classname="ptolemy.util.test.junit.AutoTests" name="[17] /home/travis/build/icyphy/ptII/ptolemy/actor/lib/test/auto/ArrayElementI.xml (RunModel)" time="0.028" />
  <testcase classname="ptolemy.util.test.junit.AutoTests" name="[18] /home/travis/build/icyphy/ptII/ptolemy/actor/lib/test/auto/ArrayExtract.xml (RunModel)" time="0.052" />
  <testcase classname="ptolemy.util.test.junit.AutoTests" name="[19] /home/travis/build/icyphy/ptII/ptolemy/actor/lib/test/auto/ArrayExtract2.xml (RunModel)" time="0.028" />
  <testcase classname="ptolemy.util.test.junit.AutoTests" name="[20] /home/travis/build/icyphy/ptII/ptolemy/actor/lib/test/auto/ArrayLength.xml (RunModel)" time="0.023" />
  <testcase classname="ptolemy.util.test.junit.AutoTests" name="[21] /home/travis/build/icyphy/ptII/ptolemy/actor/lib/test/auto/ArrayLevelCrossing.xml (RunModel)" time="0.038" />
  <testcase classname="ptolemy.util.test.junit.AutoTests" name="[22] /home/travis/build/icyphy/ptII/ptolemy/actor/lib/test/auto/ArrayLevelCrossing2.xml (RunModel)" time="0.03" />
  <testcase classname="ptolemy.util.test.junit.AutoTests" name="[23] /home/travis/build/icyphy/ptII/ptolemy/actor/lib/test/auto/ArrayPeakSearch.xml (RunModel)" time="0.049" />
  <testcase classname="ptolemy.util.test.junit.AutoTests" name="[24] /home/travis/build/icyphy/ptII/ptolemy/actor/lib/test/auto/ArrayPeakSearch2.xml (RunModel)" time="0.05" />
  <testcase classname="ptolemy.util.test.junit.AutoTests" name="[25] /home/travis/build/icyphy/ptII/ptolemy/actor/lib/test/auto/ArrayPeakSearch3.xml (RunModel)" time="0.041" />
  <testcase classname="ptolemy.util.test.junit.AutoTests" name="[26] /home/travis/build/icyphy/ptII/ptolemy/actor/lib/test/auto/ArrayRemoveElement.xml (RunModel)" time="0.036" />
  <testcase classname="ptolemy.util.test.junit.AutoTests" name="[27] /home/travis/build/icyphy/ptII/ptolemy/actor/lib/test/auto/ArraySort.xml (RunModel)" time="0.045" />
  <testcase classname="ptolemy.util.test.junit.AutoTests" name="[28] /home/travis/build/icyphy/ptII/ptolemy/actor/lib/test/auto/ArraySum.xml (RunModel)" time="0.032" />
  <testcase classname="ptolemy.util.test.junit.AutoTests" name="[29] /home/travis/build/icyphy/ptII/ptolemy/actor/lib/test/auto/ArrayToElements.xml (RunModel)" time="0.027" />
  <testcase classname="ptolemy.util.test.junit.AutoTests" name="[30] /home/travis/build/icyphy/ptII/ptolemy/actor/lib/test/auto/ArrayToMatrix.xml (RunModel)" time="0.065" />
  <testcase classname="ptolemy.util.test.junit.AutoTests" name="[31] /home/travis/build/icyphy/ptII/ptolemy/actor/lib/test/auto/ArrayUpdate1.xml (RunModel)" time="0.017" />
  <testcase classname="ptolemy.util.test.junit.AutoTests" name="[32] /home/travis/build/icyphy/ptII/ptolemy/actor/lib/test/auto/ArrayUpdate2.xml (RunModel)" time="0.03" />
  <testcase classname="ptolemy.util.test.junit.AutoTests" name="[33] /home/travis/build/icyphy/ptII/ptolemy/actor/lib/test/auto/ArrayUpdate3.xml (RunModel)" time="0.028" />
  <testcase classname="ptolemy.util.test.junit.AutoTests" name="[34] /home/travis/build/icyphy/ptII/ptolemy/actor/lib/test/auto/Assert1.xml (RunModel)" time="0.026" />
  <testcase classname="ptolemy.util.test.junit.AutoTests" name="[35] /home/travis/build/icyphy/ptII/ptolemy/actor/lib/test/auto/Assert2.xml (RunModel)" time="0.03" />
  <testcase classname="ptolemy.util.test.junit.AutoTests" name="[36] /home/travis/build/icyphy/ptII/ptolemy/actor/lib/test/auto/BooleanMultiplexor.xml (RunModel)" time="0.029" />
  <testcase classname="ptolemy.util.test.junit.AutoTests" name="[37] /home/travis/build/icyphy/ptII/ptolemy/actor/lib/test/auto/BooleanMultiplexor2.xml (RunModel)" time="0.03" />
  <testcase classname="ptolemy.util.test.junit.AutoTests" name="[38] /home/travis/build/icyphy/ptII/ptolemy/actor/lib/test/auto/BooleanMultiplexor3.xml (RunModel)" time="0.041" />
  <testcase classname="ptolemy.util.test.junit.AutoTests" name="[39] /home/travis/build/icyphy/ptII/ptolemy/actor/lib/test/auto/BooleanSelect.xml (RunModel)" time="0.024" />
  <testcase classname="ptolemy.util.test.junit.AutoTests" name="[40] /home/travis/build/icyphy/ptII/ptolemy/actor/lib/test/auto/BooleanSelect2.xml (RunModel)" time="0.016" />
  <testcase classname="ptolemy.util.test.junit.AutoTests" name="[41] /home/travis/build/icyphy/ptII/ptolemy/actor/lib/test/auto/BooleanSwitch.xml (RunModel)" time="0.02" />
  <testcase classname="ptolemy.util.test.junit.AutoTests" name="[42] /home/travis/build/icyphy/ptII/ptolemy/actor/lib/test/auto/BooleanSwitch2.xml (RunModel)" time="0.013" />
  <testcase classname="ptolemy.util.test.junit.AutoTests" name="[43] /home/travis/build/icyphy/ptII/ptolemy/actor/lib/test/auto/BooleanSwitchCloningBugWithClassRelationGroup.xml (RunModel)" time="0.023" />
  <testcase classname="ptolemy.util.test.junit.AutoTests" name="[44] /home/travis/build/icyphy/ptII/ptolemy/actor/lib/test/auto/BusActors.xml (RunModel)" time="0.026" />
  <testcase classname="ptolemy.util.test.junit.AutoTests" name="[45] /home/travis/build/icyphy/ptII/ptolemy/actor/lib/test/auto/ClassWrapper.xml (RunModel)" time="0.011" />
  <testcase classname="ptolemy.util.test.junit.AutoTests" name="[46] /home/travis/build/icyphy/ptII/ptolemy/actor/lib/test/auto/Clock.xml (RunModel)" time="0.01" />
  <testcase classname="ptolemy.util.test.junit.AutoTests" name="[47] /home/travis/build/icyphy/ptII/ptolemy/actor/lib/test/auto/Clock10.xml (RunModel)" time="0.019" />
  <testcase classname="ptolemy.util.test.junit.AutoTests" name="[48] /home/travis/build/icyphy/ptII/ptolemy/actor/lib/test/auto/Clock11.xml (RunModel)" time="0.018" />
  <testcase classname="ptolemy.util.test.junit.AutoTests" name="[49] /home/travis/build/icyphy/ptII/ptolemy/actor/lib/test/auto/Clock12.xml (RunModel)" time="0.021" />
  <testcase classname="ptolemy.util.test.junit.AutoTests" name="[50] /home/travis/build/icyphy/ptII/ptolemy/actor/lib/test/auto/Clock13.xml (RunModel)" time="0.021" />
  <testcase classname="ptolemy.util.test.junit.AutoTests" name="[51] /home/travis/build/icyphy/ptII/ptolemy/actor/lib/test/auto/Clock14.xml (RunModel)" time="0.018" />
  <testcase classname="ptolemy.util.test.junit.AutoTests" name="[52] /home/travis/build/icyphy/ptII/ptolemy/actor/lib/test/auto/Clock15.xml (RunModel)" time="0.015" />
  <testcase classname="ptolemy.util.test.junit.AutoTests" name="[53] /home/travis/build/icyphy/ptII/ptolemy/actor/lib/test/auto/Clock16.xml (RunModel)" time="0.131" />
  <testcase classname="ptolemy.util.test.junit.AutoTests" name="[54] /home/travis/build/icyphy/ptII/ptolemy/actor/lib/test/auto/Clock17.xml (RunModel)" time="0.057" />
  <testcase classname="ptolemy.util.test.junit.AutoTests" name="[55] /home/travis/build/icyphy/ptII/ptolemy/actor/lib/test/auto/Clock18.xml (RunModel)" time="0.05" />
  <testcase classname="ptolemy.util.test.junit.AutoTests" name="[56] /home/travis/build/icyphy/ptII/ptolemy/actor/lib/test/auto/Clock19.xml (RunModel)" time="0.034" />
  <testcase classname="ptolemy.util.test.junit.AutoTests" name="[57] /home/travis/build/icyphy/ptII/ptolemy/actor/lib/test/auto/Clock2.xml (RunModel)" time="0.014" />
  <testcase classname="ptolemy.util.test.junit.AutoTests" name="[58] /home/travis/build/icyphy/ptII/ptolemy/actor/lib/test/auto/Clock20.xml (RunModel)" time="0.018" />
  <testcase classname="ptolemy.util.test.junit.AutoTests" name="[59] /home/travis/build/icyphy/ptII/ptolemy/actor/lib/test/auto/Clock21.xml (RunModel)" time="0.016" />
  <testcase classname="ptolemy.util.test.junit.AutoTests" name="[60] /home/travis/build/icyphy/ptII/ptolemy/actor/lib/test/auto/Clock22.xml (RunModel)" time="0.015" />
  <testcase classname="ptolemy.util.test.junit.AutoTests" name="[61] /home/travis/build/icyphy/ptII/ptolemy/actor/lib/test/auto/Clock23.xml (RunModel)" time="0.018" />
  <testcase classname="ptolemy.util.test.junit.AutoTests" name="[62] /home/travis/build/icyphy/ptII/ptolemy/actor/lib/test/auto/Clock24.xml (RunModel)" time="0.014" />
  <testcase classname="ptolemy.util.test.junit.AutoTests" name="[63] /home/travis/build/icyphy/ptII/ptolemy/actor/lib/test/auto/Clock4.xml (RunModel)" time="0.012" />
  <testcase classname="ptolemy.util.test.junit.AutoTests" name="[64] /home/travis/build/icyphy/ptII/ptolemy/actor/lib/test/auto/Clock5.xml (RunModel)" time="0.011" />
  <testcase classname="ptolemy.util.test.junit.AutoTests" name="[65] /home/travis/build/icyphy/ptII/ptolemy/actor/lib/test/auto/Clock6.xml (RunModel)" time="0.015" />
  <testcase classname="ptolemy.util.test.junit.AutoTests" name="[66] /home/travis/build/icyphy/ptII/ptolemy/actor/lib/test/auto/Clock7.xml (RunModel)" time="0.017" />
  <testcase classname="ptolemy.util.test.junit.AutoTests" name="[67] /home/travis/build/icyphy/ptII/ptolemy/actor/lib/test/auto/Clock8.xml (RunModel)" time="0.017" />
  <testcase classname="ptolemy.util.test.junit.AutoTests" name="[68] /home/travis/build/icyphy/ptII/ptolemy/actor/lib/test/auto/Clock9.xml (RunModel)" time="0.021" />
  <testcase classname="ptolemy.util.test.junit.AutoTests" name="[69] /home/travis/build/icyphy/ptII/ptolemy/actor/lib/test/auto/CommDistDiscard.xml (RunModel)" time="0.024" />
  <testcase classname="ptolemy.util.test.junit.AutoTests" name="[70] /home/travis/build/icyphy/ptII/ptolemy/actor/lib/test/auto/Commutator.xml (RunModel)" time="0.019" />
  <testcase classname="ptolemy.util.test.junit.AutoTests" name="[71] /home/travis/build/icyphy/ptII/ptolemy/actor/lib/test/auto/Commutator2.xml (RunModel)" time="0.011" />
  <testcase classname="ptolemy.util.test.junit.AutoTests" name="[72] /home/travis/build/icyphy/ptII/ptolemy/actor/lib/test/auto/Commutator3.xml (RunModel)" time="0.013" />
  <testcase classname="ptolemy.util.test.junit.AutoTests" name="[73] /home/travis/build/icyphy/ptII/ptolemy/actor/lib/test/auto/Compare.xml (RunModel)" time="0.021" />
  <testcase classname="ptolemy.util.test.junit.AutoTests" name="[74] /home/travis/build/icyphy/ptII/ptolemy/actor/lib/test/auto/CompareDE.xml (RunModel)" time="0.02" />
  <testcase classname="ptolemy.util.test.junit.AutoTests" name="[75] /home/travis/build/icyphy/ptII/ptolemy/actor/lib/test/auto/ComplexDivide.xml (RunModel)" time="0.009" />
  <testcase classname="ptolemy.util.test.junit.AutoTests" name="[76] /home/travis/build/icyphy/ptII/ptolemy/actor/lib/test/auto/ComputeHistogram.xml (RunModel)" time="0.071" />
  <testcase classname="ptolemy.util.test.junit.AutoTests" name="[77] /home/travis/build/icyphy/ptII/ptolemy/actor/lib/test/auto/ConfigurationSelect.xml (RunModel)" time="0.014" />
  <testcase classname="ptolemy.util.test.junit.AutoTests" name="[78] /home/travis/build/icyphy/ptII/ptolemy/actor/lib/test/auto/ConfigurationSelect2.xml (RunModel)" time="0.021" />
  <testcase classname="ptolemy.util.test.junit.AutoTests" name="[79] /home/travis/build/icyphy/ptII/ptolemy/actor/lib/test/auto/ConfigurationSwitch.xml (RunModel)" time="0.018" />
  <testcase classname="ptolemy.util.test.junit.AutoTests" name="[80] /home/travis/build/icyphy/ptII/ptolemy/actor/lib/test/auto/ConfigurationSwitch2.xml (RunModel)" time="0.011" />
  <testcase classname="ptolemy.util.test.junit.AutoTests" name="[81] /home/travis/build/icyphy/ptII/ptolemy/actor/lib/test/auto/ConfigurationSwitchCloningBugWithClassRelationGroup.xml (RunModel)" time="0.017" />
  <testcase classname="ptolemy.util.test.junit.AutoTests" name="[82] /home/travis/build/icyphy/ptII/ptolemy/actor/lib/test/auto/ConfigurationSwitchSelectSDF.xml (RunModel)" time="0.014" />
  <testcase classname="ptolemy.util.test.junit.AutoTests" name="[83] /home/travis/build/icyphy/ptII/ptolemy/actor/lib/test/auto/ConfigurationSwitchSelectSDF2.xml (RunModel)" time="0.013" />
  <testcase classname="ptolemy.util.test.junit.AutoTests" name="[84] /home/travis/build/icyphy/ptII/ptolemy/actor/lib/test/auto/Const.xml (RunModel)" time="0.007" />
  <testcase classname="ptolemy.util.test.junit.AutoTests" name="[85] /home/travis/build/icyphy/ptII/ptolemy/actor/lib/test/auto/Const2.xml (RunModel)" time="0.009" />
  <testcase classname="ptolemy.util.test.junit.AutoTests" name="[86] /home/travis/build/icyphy/ptII/ptolemy/actor/lib/test/auto/Const3.xml (RunModel)" time="0.006" />
  <testcase classname="ptolemy.util.test.junit.AutoTests" name="[87] /home/travis/build/icyphy/ptII/ptolemy/actor/lib/test/auto/ConstantPublisherPort1.xml (RunModel)" time="0.018" />
  <testcase classname="ptolemy.util.test.junit.AutoTests" name="[88] /home/travis/build/icyphy/ptII/ptolemy/actor/lib/test/auto/ConstantPublisherPort2.xml (RunModel)" time="0.016" />
  <testcase classname="ptolemy.util.test.junit.AutoTests" name="[89] /home/travis/build/icyphy/ptII/ptolemy/actor/lib/test/auto/ConstantPublisherPort3.xml (RunModel)" time="0.017" />
  <testcase classname="ptolemy.util.test.junit.AutoTests" name="[90] /home/travis/build/icyphy/ptII/ptolemy/actor/lib/test/auto/ConstantPublisherPort4.xml (RunModel)" time="0.014" />
  <testcase classname="ptolemy.util.test.junit.AutoTests" name="[91] /home/travis/build/icyphy/ptII/ptolemy/actor/lib/test/auto/ConstantPublisherPort5.xml (RunModel)" time="0.045" />
  <testcase classname="ptolemy.util.test.junit.AutoTests" name="[92] /home/travis/build/icyphy/ptII/ptolemy/actor/lib/test/auto/ConstantPublisherPort6.xml (RunModel)" time="0.034" />
  <testcase classname="ptolemy.util.test.junit.AutoTests" name="[93] /home/travis/build/icyphy/ptII/ptolemy/actor/lib/test/auto/ConstantPublisherPort7.xml (RunModel)" time="0.029" />
  <testcase classname="ptolemy.util.test.junit.AutoTests" name="[94] /home/travis/build/icyphy/ptII/ptolemy/actor/lib/test/auto/ConstraintMonitor1.xml (RunModel)" time="0.042" />
  <testcase classname="ptolemy.util.test.junit.AutoTests" name="[95] /home/travis/build/icyphy/ptII/ptolemy/actor/lib/test/auto/ConstraintMonitor2.xml (RunModel)" time="0.013" />
  <testcase classname="ptolemy.util.test.junit.AutoTests" name="[96] /home/travis/build/icyphy/ptII/ptolemy/actor/lib/test/auto/ConstraintMonitor3.xml (RunModel)" time="0.018" />
  <testcase classname="ptolemy.util.test.junit.AutoTests" name="[97] /home/travis/build/icyphy/ptII/ptolemy/actor/lib/test/auto/ConstraintMonitor4.xml (RunModel)" time="0.011" />
  <testcase classname="ptolemy.util.test.junit.AutoTests" name="[98] /home/travis/build/icyphy/ptII/ptolemy/actor/lib/test/auto/ConstraintMonitor5.xml (RunModel)" time="0.011" />
  <testcase classname="ptolemy.util.test.junit.AutoTests" name="[99] /home/travis/build/icyphy/ptII/ptolemy/actor/lib/test/auto/ConstraintMonitor6.xml (RunModel)" time="0.02" />
  <testcase classname="ptolemy.util.test.junit.AutoTests" name="[100] /home/travis/build/icyphy/ptII/ptolemy/actor/lib/test/auto/ConstraintMonitor7.xml (RunModel)" time="0.026" />
  <testcase classname="ptolemy.util.test.junit.AutoTests" name="[101] /home/travis/build/icyphy/ptII/ptolemy/actor/lib/test/auto/ConstraintMonitor8.xml (RunModel)" time="0.019" />
  <testcase classname="ptolemy.util.test.junit.AutoTests" name="[102] /home/travis/build/icyphy/ptII/ptolemy/actor/lib/test/auto/Counter.xml (RunModel)" time="0.016" />
  <testcase classname="ptolemy.util.test.junit.AutoTests" name="[103] /home/travis/build/icyphy/ptII/ptolemy/actor/lib/test/auto/CurrentTimeSDF.xml (RunModel)" time="0.009" />
  <testcase classname="ptolemy.util.test.junit.AutoTests" name="[104] /home/travis/build/icyphy/ptII/ptolemy/actor/lib/test/auto/DB.xml (RunModel)" time="0.013" />
  <testcase classname="ptolemy.util.test.junit.AutoTests" name="[105] /home/travis/build/icyphy/ptII/ptolemy/actor/lib/test/auto/DBDE.xml (RunModel)" time="0.025" />
  <testcase classname="ptolemy.util.test.junit.AutoTests" name="[106] /home/travis/build/icyphy/ptII/ptolemy/actor/lib/test/auto/DateConstructor.xml (RunModel)" time="0.079" />
  <testcase classname="ptolemy.util.test.junit.AutoTests" name="[107] /home/travis/build/icyphy/ptII/ptolemy/actor/lib/test/auto/DelayTime.xml (RunModel)" time="0.019" />
  <testcase classname="ptolemy.util.test.junit.AutoTests" name="[108] /home/travis/build/icyphy/ptII/ptolemy/actor/lib/test/auto/Dictionary1.xml (RunModel)" time="0.03" />
  <testcase classname="ptolemy.util.test.junit.AutoTests" name="[109] /home/travis/build/icyphy/ptII/ptolemy/actor/lib/test/auto/Dictionary2.xml (RunModel)" time="0.019" />
  <testcase classname="ptolemy.util.test.junit.AutoTests" name="[110] /home/travis/build/icyphy/ptII/ptolemy/actor/lib/test/auto/Dictionary3.xml (RunModel)" time="0.013" />
  <testcase classname="ptolemy.util.test.junit.AutoTests" name="[111] /home/travis/build/icyphy/ptII/ptolemy/actor/lib/test/auto/Dictionary4.xml (RunModel)" time="0.019" />
  <testcase classname="ptolemy.util.test.junit.AutoTests" name="[112] /home/travis/build/icyphy/ptII/ptolemy/actor/lib/test/auto/Differential.xml (RunModel)" time="0.013" />
  <testcase classname="ptolemy.util.test.junit.AutoTests" name="[113] /home/travis/build/icyphy/ptII/ptolemy/actor/lib/test/auto/Director.xml (RunModel)" time="0.015" />
  <testcase classname="ptolemy.util.test.junit.AutoTests" name="[114] /home/travis/build/icyphy/ptII/ptolemy/actor/lib/test/auto/DiscreteClock.xml (RunModel)" time="0.008" />
  <testcase classname="ptolemy.util.test.junit.AutoTests" name="[115] /home/travis/build/icyphy/ptII/ptolemy/actor/lib/test/auto/DiscreteClock10.xml (RunModel)" time="0.014" />
  <testcase classname="ptolemy.util.test.junit.AutoTests" name="[116] /home/travis/build/icyphy/ptII/ptolemy/actor/lib/test/auto/DiscreteClock11.xml (RunModel)" time="0.014" />
  <testcase classname="ptolemy.util.test.junit.AutoTests" name="[117] /home/travis/build/icyphy/ptII/ptolemy/actor/lib/test/auto/DiscreteClock12.xml (RunModel)" time="0.015" />
  <testcase classname="ptolemy.util.test.junit.AutoTests" name="[118] /home/travis/build/icyphy/ptII/ptolemy/actor/lib/test/auto/DiscreteClock13.xml (RunModel)" time="0.026" />
  <testcase classname="ptolemy.util.test.junit.AutoTests" name="[119] /home/travis/build/icyphy/ptII/ptolemy/actor/lib/test/auto/DiscreteClock14.xml (RunModel)" time="0.023" />
  <testcase classname="ptolemy.util.test.junit.AutoTests" name="[120] /home/travis/build/icyphy/ptII/ptolemy/actor/lib/test/auto/DiscreteClock15.xml (RunModel)" time="0.017" />
  <testcase classname="ptolemy.util.test.junit.AutoTests" name="[121] /home/travis/build/icyphy/ptII/ptolemy/actor/lib/test/auto/DiscreteClock16.xml (RunModel)" time="0.043" />
  <testcase classname="ptolemy.util.test.junit.AutoTests" name="[122] /home/travis/build/icyphy/ptII/ptolemy/actor/lib/test/auto/DiscreteClock17.xml (RunModel)" time="0.051" />
  <testcase classname="ptolemy.util.test.junit.AutoTests" name="[123] /home/travis/build/icyphy/ptII/ptolemy/actor/lib/test/auto/DiscreteClock18.xml (RunModel)" time="0.033" />
  <testcase classname="ptolemy.util.test.junit.AutoTests" name="[124] /home/travis/build/icyphy/ptII/ptolemy/actor/lib/test/auto/DiscreteClock19.xml (RunModel)" time="0.055" />
  <testcase classname="ptolemy.util.test.junit.AutoTests" name="[125] /home/travis/build/icyphy/ptII/ptolemy/actor/lib/test/auto/DiscreteClock2.xml (RunModel)" time="0.009" />
  <testcase classname="ptolemy.util.test.junit.AutoTests" name="[126] /home/travis/build/icyphy/ptII/ptolemy/actor/lib/test/auto/DiscreteClock20.xml (RunModel)" time="0.012" />
  <testcase classname="ptolemy.util.test.junit.AutoTests" name="[127] /home/travis/build/icyphy/ptII/ptolemy/actor/lib/test/auto/DiscreteClock21.xml (RunModel)" time="0.015" />
  <testcase classname="ptolemy.util.test.junit.AutoTests" name="[128] /home/travis/build/icyphy/ptII/ptolemy/actor/lib/test/auto/DiscreteClock22.xml (RunModel)" time="0.015" />
  <testcase classname="ptolemy.util.test.junit.AutoTests" name="[129] /home/travis/build/icyphy/ptII/ptolemy/actor/lib/test/auto/DiscreteClock23.xml (RunModel)" time="0.013" />
  <testcase classname="ptolemy.util.test.junit.AutoTests" name="[130] /home/travis/build/icyphy/ptII/ptolemy/actor/lib/test/auto/DiscreteClock24.xml (RunModel)" time="0.017" />
  <testcase classname="ptolemy.util.test.junit.AutoTests" name="[131] /home/travis/build/icyphy/ptII/ptolemy/actor/lib/test/auto/DiscreteClock4.xml (RunModel)" time="0.012" />
  <testcase classname="ptolemy.util.test.junit.AutoTests" name="[132] /home/travis/build/icyphy/ptII/ptolemy/actor/lib/test/auto/DiscreteClock5.xml (RunModel)" time="0.012" />
  <testcase classname="ptolemy.util.test.junit.AutoTests" name="[133] /home/travis/build/icyphy/ptII/ptolemy/actor/lib/test/auto/DiscreteClock6.xml (RunModel)" time="0.012" />
  <testcase classname="ptolemy.util.test.junit.AutoTests" name="[134] /home/travis/build/icyphy/ptII/ptolemy/actor/lib/test/auto/DiscreteClock7.xml (RunModel)" time="0.011" />
  <testcase classname="ptolemy.util.test.junit.AutoTests" name="[135] /home/travis/build/icyphy/ptII/ptolemy/actor/lib/test/auto/DiscreteClock8.xml (RunModel)" time="0.02" />
  <testcase classname="ptolemy.util.test.junit.AutoTests" name="[136] /home/travis/build/icyphy/ptII/ptolemy/actor/lib/test/auto/DiscreteClock9.xml (RunModel)" time="0.01" />
  <testcase classname="ptolemy.util.test.junit.AutoTests" name="[137] /home/travis/build/icyphy/ptII/ptolemy/actor/lib/test/auto/DisplayArray.xml (RunModel)" time="0.01" />
  <testcase classname="ptolemy.util.test.junit.AutoTests" name="[138] /home/travis/build/icyphy/ptII/ptolemy/actor/lib/test/auto/Distributor.xml (RunModel)" time="0.012" />
  <testcase classname="ptolemy.util.test.junit.AutoTests" name="[139] /home/travis/build/icyphy/ptII/ptolemy/actor/lib/test/auto/Distributor2.xml (RunModel)" time="0.011" />
  <testcase classname="ptolemy.util.test.junit.AutoTests" name="[140] /home/travis/build/icyphy/ptII/ptolemy/actor/lib/test/auto/DownSample.xml (RunModel)" time="0.01" />
  <testcase classname="ptolemy.util.test.junit.AutoTests" name="[141] /home/travis/build/icyphy/ptII/ptolemy/actor/lib/test/auto/ElectronicUnitBase1.xml (RunModel)" time="0.077" />
  <testcase classname="ptolemy.util.test.junit.AutoTests" name="[142] /home/travis/build/icyphy/ptII/ptolemy/actor/lib/test/auto/ElementsToArray.xml (RunModel)" time="0.011" />
  <testcase classname="ptolemy.util.test.junit.AutoTests" name="[143] /home/travis/build/icyphy/ptII/ptolemy/actor/lib/test/auto/Equals.xml (RunModel)" time="0.017" />
  <testcase classname="ptolemy.util.test.junit.AutoTests" name="[144] /home/travis/build/icyphy/ptII/ptolemy/actor/lib/test/auto/Exec.xml (RunModel)" time="0.029" />
  <testcase classname="ptolemy.util.test.junit.AutoTests" name="[145] /home/travis/build/icyphy/ptII/ptolemy/actor/lib/test/auto/ExecEnvironment.xml (RunModel)" time="0.053" />
  <testcase classname="ptolemy.util.test.junit.AutoTests" name="[146] /home/travis/build/icyphy/ptII/ptolemy/actor/lib/test/auto/ExecNonZeroReturnOutput.xml (RunModel)" time="0.214" />
  <testcase classname="ptolemy.util.test.junit.AutoTests" name="[147] /home/travis/build/icyphy/ptII/ptolemy/actor/lib/test/auto/ExecRunDemos.xml (RunModel)" time="11.5" />
  <testcase classname="ptolemy.util.test.junit.AutoTests" name="[148] /home/travis/build/icyphy/ptII/ptolemy/actor/lib/test/auto/ExecStop.xml (RunModel)" time="5.027" />
  <testcase classname="ptolemy.util.test.junit.AutoTests" name="[149] /home/travis/build/icyphy/ptII/ptolemy/actor/lib/test/auto/ExecutionTimeSDF.xml (RunModel)" time="6.044" />
  <testcase classname="ptolemy.util.test.junit.AutoTests" name="[150] /home/travis/build/icyphy/ptII/ptolemy/actor/lib/test/auto/Expression1.xml (RunModel)" time="0.018" />
  <testcase classname="ptolemy.util.test.junit.AutoTests" name="[151] /home/travis/build/icyphy/ptII/ptolemy/actor/lib/test/auto/Expression10.xml (RunModel)" time="0.017" />
  <testcase classname="ptolemy.util.test.junit.AutoTests" name="[152] /home/travis/build/icyphy/ptII/ptolemy/actor/lib/test/auto/Expression11.xml (RunModel)" time="0.012" />
  <testcase classname="ptolemy.util.test.junit.AutoTests" name="[153] /home/travis/build/icyphy/ptII/ptolemy/actor/lib/test/auto/Expression12.xml (RunModel)" time="0.016" />
  <testcase classname="ptolemy.util.test.junit.AutoTests" name="[154] /home/travis/build/icyphy/ptII/ptolemy/actor/lib/test/auto/Expression13.xml (RunModel)" time="0.015" />
  <testcase classname="ptolemy.util.test.junit.AutoTests" name="[155] /home/travis/build/icyphy/ptII/ptolemy/actor/lib/test/auto/Expression14.xml (RunModel)" time="0.024" />
  <testcase classname="ptolemy.util.test.junit.AutoTests" name="[156] /home/travis/build/icyphy/ptII/ptolemy/actor/lib/test/auto/Expression15.xml (RunModel)" time="0.008" />
  <testcase classname="ptolemy.util.test.junit.AutoTests" name="[157] /home/travis/build/icyphy/ptII/ptolemy/actor/lib/test/auto/Expression16.xml (RunModel)" time="0.014" />
  <testcase classname="ptolemy.util.test.junit.AutoTests" name="[158] /home/travis/build/icyphy/ptII/ptolemy/actor/lib/test/auto/Expression17.xml (RunModel)" time="0.018" />
  <testcase classname="ptolemy.util.test.junit.AutoTests" name="[159] /home/travis/build/icyphy/ptII/ptolemy/actor/lib/test/auto/Expression18.xml (RunModel)" time="0.017" />
  <testcase classname="ptolemy.util.test.junit.AutoTests" name="[160] /home/travis/build/icyphy/ptII/ptolemy/actor/lib/test/auto/Expression2.xml (RunModel)" time="0.015" />
  <testcase classname="ptolemy.util.test.junit.AutoTests" name="[161] /home/travis/build/icyphy/ptII/ptolemy/actor/lib/test/auto/Expression3.xml (RunModel)" time="0.014" />
  <testcase classname="ptolemy.util.test.junit.AutoTests" name="[162] /home/travis/build/icyphy/ptII/ptolemy/actor/lib/test/auto/Expression4.xml (RunModel)" time="0.018" />
  <testcase classname="ptolemy.util.test.junit.AutoTests" name="[163] /home/travis/build/icyphy/ptII/ptolemy/actor/lib/test/auto/Expression5.xml (RunModel)" time="0.014" />
  <testcase classname="ptolemy.util.test.junit.AutoTests" name="[164] /home/travis/build/icyphy/ptII/ptolemy/actor/lib/test/auto/Expression6.xml (RunModel)" time="0.009" />
  <testcase classname="ptolemy.util.test.junit.AutoTests" name="[165] /home/travis/build/icyphy/ptII/ptolemy/actor/lib/test/auto/Expression7.xml (RunModel)" time="0.02" />
  <testcase classname="ptolemy.util.test.junit.AutoTests" name="[166] /home/travis/build/icyphy/ptII/ptolemy/actor/lib/test/auto/Expression8.xml (RunModel)" time="0.021" />
  <testcase classname="ptolemy.util.test.junit.AutoTests" name="[167] /home/travis/build/icyphy/ptII/ptolemy/actor/lib/test/auto/Expression9.xml (RunModel)" time="0.011" />
  <testcase classname="ptolemy.util.test.junit.AutoTests" name="[168] /home/travis/build/icyphy/ptII/ptolemy/actor/lib/test/auto/ExpressionConcatenateArrayType.xml (RunModel)" time="0.03" />
  <testcase classname="ptolemy.util.test.junit.AutoTests" name="[169] /home/travis/build/icyphy/ptII/ptolemy/actor/lib/test/auto/ExpressionConcatenateArrayType2.xml (RunModel)" time="0.028" />
  <testcase classname="ptolemy.util.test.junit.AutoTests" name="[170] /home/travis/build/icyphy/ptII/ptolemy/actor/lib/test/auto/ExpressionFix.xml (RunModel)" time="0.051" />
  <testcase classname="ptolemy.util.test.junit.AutoTests" name="[171] /home/travis/build/icyphy/ptII/ptolemy/actor/lib/test/auto/ExpressionFix2.xml (RunModel)" time="0.014" />
  <testcase classname="ptolemy.util.test.junit.AutoTests" name="[172] /home/travis/build/icyphy/ptII/ptolemy/actor/lib/test/auto/ExpressionFix3.xml (RunModel)" time="0.014" />
  <testcase classname="ptolemy.util.test.junit.AutoTests" name="[173] /home/travis/build/icyphy/ptII/ptolemy/actor/lib/test/auto/FileWriter1.xml (RunModel)" time="0.01" />
  <testcase classname="ptolemy.util.test.junit.AutoTests" name="[174] /home/travis/build/icyphy/ptII/ptolemy/actor/lib/test/auto/FileWriter2.xml (RunModel)" time="0.011" />
  <testcase classname="ptolemy.util.test.junit.AutoTests" name="[175] /home/travis/build/icyphy/ptII/ptolemy/actor/lib/test/auto/FileWriter3.xml (RunModel)" time="0.012" />
  <testcase classname="ptolemy.util.test.junit.AutoTests" name="[176] /home/travis/build/icyphy/ptII/ptolemy/actor/lib/test/auto/Gaussian.xml (RunModel)" time="0.013" />
  <testcase classname="ptolemy.util.test.junit.AutoTests" name="[177] /home/travis/build/icyphy/ptII/ptolemy/actor/lib/test/auto/Gaussian1.xml (RunModel)" time="0.016" />
  <testcase classname="ptolemy.util.test.junit.AutoTests" name="[178] /home/travis/build/icyphy/ptII/ptolemy/actor/lib/test/auto/Gaussian2.xml (RunModel)" time="0.039" />
  <testcase classname="ptolemy.util.test.junit.AutoTests" name="[179] /home/travis/build/icyphy/ptII/ptolemy/actor/lib/test/auto/GradientAdaptiveLattice.xml (RunModel)" time="0.017" />
  <testcase classname="ptolemy.util.test.junit.AutoTests" name="[180] /home/travis/build/icyphy/ptII/ptolemy/actor/lib/test/auto/IIR.xml (RunModel)" time="0.011" />
  <testcase classname="ptolemy.util.test.junit.AutoTests" name="[181] /home/travis/build/icyphy/ptII/ptolemy/actor/lib/test/auto/InputOutputTransparentPorts.xml (RunModel)" time="0.019" />
  <testcase classname="ptolemy.util.test.junit.AutoTests" name="[182] /home/travis/build/icyphy/ptII/ptolemy/actor/lib/test/auto/Interpolator.xml (RunModel)" time="0.012" />
  <testcase classname="ptolemy.util.test.junit.AutoTests" name="[183] /home/travis/build/icyphy/ptII/ptolemy/actor/lib/test/auto/InterpolatorFiringLimitDE.xml (RunModel)" time="0.014" />
  <testcase classname="ptolemy.util.test.junit.AutoTests" name="[184] /home/travis/build/icyphy/ptII/ptolemy/actor/lib/test/auto/Lattice.xml (RunModel)" time="0.01" />
  <testcase classname="ptolemy.util.test.junit.AutoTests" name="[185] /home/travis/build/icyphy/ptII/ptolemy/actor/lib/test/auto/LazyAOCTestLazy.xml (RunModel)" time="0.052" />
  <testcase classname="ptolemy.util.test.junit.AutoTests" name="[186] /home/travis/build/icyphy/ptII/ptolemy/actor/lib/test/auto/LazyAOCTestNonLazy.xml (RunModel)" time="0.049" />
  <testcase classname="ptolemy.util.test.junit.AutoTests" name="[187] /home/travis/build/icyphy/ptII/ptolemy/actor/lib/test/auto/LazyInnerClass.xml (RunModel)" time="0.059" />
  <testcase classname="ptolemy.util.test.junit.AutoTests" name="[188] /home/travis/build/icyphy/ptII/ptolemy/actor/lib/test/auto/LazyPubSub.xml (RunModel)" time="0.04" />
  <testcase classname="ptolemy.util.test.junit.AutoTests" name="[189] /home/travis/build/icyphy/ptII/ptolemy/actor/lib/test/auto/LazyPubSub2.xml (RunModel)" time="0.07" />
  <testcase classname="ptolemy.util.test.junit.AutoTests" name="[190] /home/travis/build/icyphy/ptII/ptolemy/actor/lib/test/auto/LazyPubSub3.xml (RunModel)" time="0.028" />
  <testcase classname="ptolemy.util.test.junit.AutoTests" name="[191] /home/travis/build/icyphy/ptII/ptolemy/actor/lib/test/auto/LazySubClassModel.xml (RunModel)" time="0.023" />
  <testcase classname="ptolemy.util.test.junit.AutoTests" name="[192] /home/travis/build/icyphy/ptII/ptolemy/actor/lib/test/auto/LevelCrossTest1.xml (RunModel)" time="0.012" />
  <testcase classname="ptolemy.util.test.junit.AutoTests" name="[193] /home/travis/build/icyphy/ptII/ptolemy/actor/lib/test/auto/LevelCrossTest10.xml (RunModel)" time="0.017" />
  <testcase classname="ptolemy.util.test.junit.AutoTests" name="[194] /home/travis/build/icyphy/ptII/ptolemy/actor/lib/test/auto/LevelCrossTest11.xml (RunModel)" time="0.014" />
  <testcase classname="ptolemy.util.test.junit.AutoTests" name="[195] /home/travis/build/icyphy/ptII/ptolemy/actor/lib/test/auto/LevelCrossTest12.xml (RunModel)" time="0.014" />
  <testcase classname="ptolemy.util.test.junit.AutoTests" name="[196] /home/travis/build/icyphy/ptII/ptolemy/actor/lib/test/auto/LevelCrossTest13.xml (RunModel)" time="0.015" />
  <testcase classname="ptolemy.util.test.junit.AutoTests" name="[197] /home/travis/build/icyphy/ptII/ptolemy/actor/lib/test/auto/LevelCrossTest2.xml (RunModel)" time="0.011" />
  <testcase classname="ptolemy.util.test.junit.AutoTests" name="[198] /home/travis/build/icyphy/ptII/ptolemy/actor/lib/test/auto/LevelCrossTest3.xml (RunModel)" time="0.012" />
  <testcase classname="ptolemy.util.test.junit.AutoTests" name="[199] /home/travis/build/icyphy/ptII/ptolemy/actor/lib/test/auto/LevelCrossTest4.xml (RunModel)" time="0.012" />
  <testcase classname="ptolemy.util.test.junit.AutoTests" name="[200] /home/travis/build/icyphy/ptII/ptolemy/actor/lib/test/auto/LevelCrossTest5.xml (RunModel)" time="0.02" />
  <testcase classname="ptolemy.util.test.junit.AutoTests" name="[201] /home/travis/build/icyphy/ptII/ptolemy/actor/lib/test/auto/LevelCrossTest6.xml (RunModel)" time="0.021" />
  <testcase classname="ptolemy.util.test.junit.AutoTests" name="[202] /home/travis/build/icyphy/ptII/ptolemy/actor/lib/test/auto/LevelCrossTest7.xml (RunModel)" time="0.024" />
  <testcase classname="ptolemy.util.test.junit.AutoTests" name="[203] /home/travis/build/icyphy/ptII/ptolemy/actor/lib/test/auto/LevelCrossTest8.xml (RunModel)" time="0.015" />
  <testcase classname="ptolemy.util.test.junit.AutoTests" name="[204] /home/travis/build/icyphy/ptII/ptolemy/actor/lib/test/auto/LevelCrossTest9.xml (RunModel)" time="0.016" />
  <testcase classname="ptolemy.util.test.junit.AutoTests" name="[205] /home/travis/build/icyphy/ptII/ptolemy/actor/lib/test/auto/LevinsonDurbin.xml (RunModel)" time="0.023" />
  <testcase classname="ptolemy.util.test.junit.AutoTests" name="[206] /home/travis/build/icyphy/ptII/ptolemy/actor/lib/test/auto/LevinsonDurbin2.xml (RunModel)" time="0.009" />
  <testcase classname="ptolemy.util.test.junit.AutoTests" name="[207] /home/travis/build/icyphy/ptII/ptolemy/actor/lib/test/auto/LevinsonDurbin3.xml (RunModel)" time="0.011" />
  <testcase classname="ptolemy.util.test.junit.AutoTests" name="[208] /home/travis/build/icyphy/ptII/ptolemy/actor/lib/test/auto/Limiter.xml (RunModel)" time="0.044" />
  <testcase classname="ptolemy.util.test.junit.AutoTests" name="[209] /home/travis/build/icyphy/ptII/ptolemy/actor/lib/test/auto/LinearDifferenceEquationSystem.xml (RunModel)" time="0.023" />
  <testcase classname="ptolemy.util.test.junit.AutoTests" name="[210] /home/travis/build/icyphy/ptII/ptolemy/actor/lib/test/auto/LookupTable.xml (RunModel)" time="0.011" />
  <testcase classname="ptolemy.util.test.junit.AutoTests" name="[211] /home/travis/build/icyphy/ptII/ptolemy/actor/lib/test/auto/MathFunction.xml (RunModel)" time="0.029" />
  <testcase classname="ptolemy.util.test.junit.AutoTests" name="[212] /home/travis/build/icyphy/ptII/ptolemy/actor/lib/test/auto/MathFunction2.xml (RunModel)" time="0.021" />
  <testcase classname="ptolemy.util.test.junit.AutoTests" name="[213] /home/travis/build/icyphy/ptII/ptolemy/actor/lib/test/auto/MathFunction3.xml (RunModel)" time="0.018" />
  <testcase classname="ptolemy.util.test.junit.AutoTests" name="[214] /home/travis/build/icyphy/ptII/ptolemy/actor/lib/test/auto/MatrixCropBoolean.xml (RunModel)" time="0.012" />
  <testcase classname="ptolemy.util.test.junit.AutoTests" name="[215] /home/travis/build/icyphy/ptII/ptolemy/actor/lib/test/auto/MatrixCropComplex.xml (RunModel)" time="0.016" />
  <testcase classname="ptolemy.util.test.junit.AutoTests" name="[216] /home/travis/build/icyphy/ptII/ptolemy/actor/lib/test/auto/MatrixCropDouble.xml (RunModel)" time="0.012" />
  <testcase classname="ptolemy.util.test.junit.AutoTests" name="[217] /home/travis/build/icyphy/ptII/ptolemy/actor/lib/test/auto/MatrixCropFix.xml (RunModel)" time="0.023" />
  <testcase classname="ptolemy.util.test.junit.AutoTests" name="[218] /home/travis/build/icyphy/ptII/ptolemy/actor/lib/test/auto/MatrixCropInt.xml (RunModel)" time="0.011" />
  <testcase classname="ptolemy.util.test.junit.AutoTests" name="[219] /home/travis/build/icyphy/ptII/ptolemy/actor/lib/test/auto/MatrixCropLong.xml (RunModel)" time="0.01" />
  <testcase classname="ptolemy.util.test.junit.AutoTests" name="[220] /home/travis/build/icyphy/ptII/ptolemy/actor/lib/test/auto/MatrixToArray.xml (RunModel)" time="0.057" />
  <testcase classname="ptolemy.util.test.junit.AutoTests" name="[221] /home/travis/build/icyphy/ptII/ptolemy/actor/lib/test/auto/MaxIndex.xml (RunModel)" time="0.014" />
  <testcase classname="ptolemy.util.test.junit.AutoTests" name="[222] /home/travis/build/icyphy/ptII/ptolemy/actor/lib/test/auto/Maximum.xml (RunModel)" time="0.016" />
  <testcase classname="ptolemy.util.test.junit.AutoTests" name="[223] /home/travis/build/icyphy/ptII/ptolemy/actor/lib/test/auto/MaximumComplex.xml (RunModel)" time="0.018" />
  <testcase classname="ptolemy.util.test.junit.AutoTests" name="[224] /home/travis/build/icyphy/ptII/ptolemy/actor/lib/test/auto/MethodCallTest.xml (RunModel)" time="0.026" />
  <testcase classname="ptolemy.util.test.junit.AutoTests" name="[225] /home/travis/build/icyphy/ptII/ptolemy/actor/lib/test/auto/Minimum.xml (RunModel)" time="0.015" />
  <testcase classname="ptolemy.util.test.junit.AutoTests" name="[226] /home/travis/build/icyphy/ptII/ptolemy/actor/lib/test/auto/MinimumComplex.xml (RunModel)" time="0.028" />
  <testcase classname="ptolemy.util.test.junit.AutoTests" name="[227] /home/travis/build/icyphy/ptII/ptolemy/actor/lib/test/auto/MinimumMultiports.xml (RunModel)" time="0.019" />
  <testcase classname="ptolemy.util.test.junit.AutoTests" name="[228] /home/travis/build/icyphy/ptII/ptolemy/actor/lib/test/auto/ModifyDate.xml (RunModel)" time="0.045" />
  <testcase classname="ptolemy.util.test.junit.AutoTests" name="[229] /home/travis/build/icyphy/ptII/ptolemy/actor/lib/test/auto/ModifyDate2.xml (RunModel)" time="0.03" />
  <testcase classname="ptolemy.util.test.junit.AutoTests" name="[230] /home/travis/build/icyphy/ptII/ptolemy/actor/lib/test/auto/MovingAverage.xml (RunModel)" time="0.013" />
  <testcase classname="ptolemy.util.test.junit.AutoTests" name="[231] /home/travis/build/icyphy/ptII/ptolemy/actor/lib/test/auto/MovingMaximum.xml (RunModel)" time="0.013" />
  <testcase classname="ptolemy.util.test.junit.AutoTests" name="[232] /home/travis/build/icyphy/ptII/ptolemy/actor/lib/test/auto/MultipleLinksToSameRelation.xml (RunModel)" time="0.009" />
  <testcase classname="ptolemy.util.test.junit.AutoTests" name="[233] /home/travis/build/icyphy/ptII/ptolemy/actor/lib/test/auto/MultipleLinksToSameRelationDE.xml (RunModel)" time="0.009" />
  <testcase classname="ptolemy.util.test.junit.AutoTests" name="[234] /home/travis/build/icyphy/ptII/ptolemy/actor/lib/test/auto/Multiplexor.xml (RunModel)" time="0.015" />
  <testcase classname="ptolemy.util.test.junit.AutoTests" name="[235] /home/travis/build/icyphy/ptII/ptolemy/actor/lib/test/auto/Multiplexor1.xml (RunModel)" time="0.012" />
  <testcase classname="ptolemy.util.test.junit.AutoTests" name="[236] /home/travis/build/icyphy/ptII/ptolemy/actor/lib/test/auto/Multiplexor2.xml (RunModel)" time="0.017" />
  <testcase classname="ptolemy.util.test.junit.AutoTests" name="[237] /home/travis/build/icyphy/ptII/ptolemy/actor/lib/test/auto/Multiplexor3.xml (RunModel)" time="0.01" />
  <testcase classname="ptolemy.util.test.junit.AutoTests" name="[238] /home/travis/build/icyphy/ptII/ptolemy/actor/lib/test/auto/MultiplexorDE.xml (RunModel)" time="0.019" />
  <testcase classname="ptolemy.util.test.junit.AutoTests" name="[239] /home/travis/build/icyphy/ptII/ptolemy/actor/lib/test/auto/MultiportBroadcastTest.xml (RunModel)" time="0.098" />
  <testcase classname="ptolemy.util.test.junit.AutoTests" name="[240] /home/travis/build/icyphy/ptII/ptolemy/actor/lib/test/auto/MultiportOutHangDuringGetWidth.xml (RunModel)" time="0.03" />
  <testcase classname="ptolemy.util.test.junit.AutoTests" name="[241] /home/travis/build/icyphy/ptII/ptolemy/actor/lib/test/auto/NilToken.xml (RunModel)" time="0.012" />
  <testcase classname="ptolemy.util.test.junit.AutoTests" name="[242] /home/travis/build/icyphy/ptII/ptolemy/actor/lib/test/auto/NilTokenNonStrictTest.xml (RunModel)" time="0.013" />
  <testcase classname="ptolemy.util.test.junit.AutoTests" name="[243] /home/travis/build/icyphy/ptII/ptolemy/actor/lib/test/auto/NilTokenRecord.xml (RunModel)" time="0.036" />
  <testcase classname="ptolemy.util.test.junit.AutoTests" name="[244] /home/travis/build/icyphy/ptII/ptolemy/actor/lib/test/auto/NilTokenTypeTest.xml (RunModel)" time="0.029" />
  <testcase classname="ptolemy.util.test.junit.AutoTests" name="[245] /home/travis/build/icyphy/ptII/ptolemy/actor/lib/test/auto/ObjectToken1.xml (RunModel)" time="0.008" />
  <testcase classname="ptolemy.util.test.junit.AutoTests" name="[246] /home/travis/build/icyphy/ptII/ptolemy/actor/lib/test/auto/OrderedMerge.xml (RunModel)" time="0.023" />
  <testcase classname="ptolemy.util.test.junit.AutoTests" name="[247] /home/travis/build/icyphy/ptII/ptolemy/actor/lib/test/auto/OrderedRecordDisassembler.xml (RunModel)" time="0.02" />
  <testcase classname="ptolemy.util.test.junit.AutoTests" name="[248] /home/travis/build/icyphy/ptII/ptolemy/actor/lib/test/auto/OrderedRecordDisassembler2.xml (RunModel)" time="0.019" />
  <testcase classname="ptolemy.util.test.junit.AutoTests" name="[249] /home/travis/build/icyphy/ptII/ptolemy/actor/lib/test/auto/OrderedRecordUpdater.xml (RunModel)" time="0.011" />
  <testcase classname="ptolemy.util.test.junit.AutoTests" name="[250] /home/travis/build/icyphy/ptII/ptolemy/actor/lib/test/auto/OrderedRecordUpdater2.xml (RunModel)" time="0.019" />
  <testcase classname="ptolemy.util.test.junit.AutoTests" name="[251] /home/travis/build/icyphy/ptII/ptolemy/actor/lib/test/auto/PhaseUnwrap.xml (RunModel)" time="0.014" />
  <testcase classname="ptolemy.util.test.junit.AutoTests" name="[252] /home/travis/build/icyphy/ptII/ptolemy/actor/lib/test/auto/PoissonClock.xml (RunModel)" time="0.01" />
  <testcase classname="ptolemy.util.test.junit.AutoTests" name="[253] /home/travis/build/icyphy/ptII/ptolemy/actor/lib/test/auto/PoissonClock2.xml (RunModel)" time="0.009" />
  <testcase classname="ptolemy.util.test.junit.AutoTests" name="[254] /home/travis/build/icyphy/ptII/ptolemy/actor/lib/test/auto/PoissonClock3.xml (RunModel)" time="0.026" />
  <testcase classname="ptolemy.util.test.junit.AutoTests" name="[255] /home/travis/build/icyphy/ptII/ptolemy/actor/lib/test/auto/PubSubWithInitialTokens.xml (RunModel)" time="0.016" />
  <testcase classname="ptolemy.util.test.junit.AutoTests" name="[256] /home/travis/build/icyphy/ptII/ptolemy/actor/lib/test/auto/PubSubWithInitialTokens2.xml (RunModel)" time="0.015" />
  <testcase classname="ptolemy.util.test.junit.AutoTests" name="[257] /home/travis/build/icyphy/ptII/ptolemy/actor/lib/test/auto/PublisherClassNoParameter.xml (RunModel)" time="0.029" />
  <testcase classname="ptolemy.util.test.junit.AutoTests" name="[258] /home/travis/build/icyphy/ptII/ptolemy/actor/lib/test/auto/PublisherClassParameter.xml (RunModel)" time="0.022" />
  <testcase classname="ptolemy.util.test.junit.AutoTests" name="[259] /home/travis/build/icyphy/ptII/ptolemy/actor/lib/test/auto/PublisherNonStrictTest.xml (RunModel)" time="0.017" />
  <testcase classname="ptolemy.util.test.junit.AutoTests" name="[260] /home/travis/build/icyphy/ptII/ptolemy/actor/lib/test/auto/PublisherPort1.xml (RunModel)" time="0.013" />
  <testcase classname="ptolemy.util.test.junit.AutoTests" name="[261] /home/travis/build/icyphy/ptII/ptolemy/actor/lib/test/auto/PublisherPort2.xml (RunModel)" time="0.01" />
  <testcase classname="ptolemy.util.test.junit.AutoTests" name="[262] /home/travis/build/icyphy/ptII/ptolemy/actor/lib/test/auto/PublisherPort3.xml (RunModel)" time="0.012" />
  <testcase classname="ptolemy.util.test.junit.AutoTests" name="[263] /home/travis/build/icyphy/ptII/ptolemy/actor/lib/test/auto/PublisherPort4.xml (RunModel)" time="0.011" />
  <testcase classname="ptolemy.util.test.junit.AutoTests" name="[264] /home/travis/build/icyphy/ptII/ptolemy/actor/lib/test/auto/PublisherPort5.xml (RunModel)" time="0.015" />
  <testcase classname="ptolemy.util.test.junit.AutoTests" name="[265] /home/travis/build/icyphy/ptII/ptolemy/actor/lib/test/auto/PublisherPort5LookAlike.xml (RunModel)" time="0.022" />
  <testcase classname="ptolemy.util.test.junit.AutoTests" name="[266] /home/travis/build/icyphy/ptII/ptolemy/actor/lib/test/auto/PublisherPort6.xml (RunModel)" time="0.014" />
  <testcase classname="ptolemy.util.test.junit.AutoTests" name="[267] /home/travis/build/icyphy/ptII/ptolemy/actor/lib/test/auto/PublisherPort7.xml (RunModel)" time="0.016" />
  <testcase classname="ptolemy.util.test.junit.AutoTests" name="[268] /home/travis/build/icyphy/ptII/ptolemy/actor/lib/test/auto/PublisherPort8.xml (RunModel)" time="0.017" />
  <testcase classname="ptolemy.util.test.junit.AutoTests" name="[269] /home/travis/build/icyphy/ptII/ptolemy/actor/lib/test/auto/PublisherPortSubscriberChannelVariablesAOC2.xml (RunModel)" time="0.048" />
  <testcase classname="ptolemy.util.test.junit.AutoTests" name="[270] /home/travis/build/icyphy/ptII/ptolemy/actor/lib/test/auto/PublisherPortSubscriberOpaqueWidthInference.xml (RunModel)" time="0.016" />
  <testcase classname="ptolemy.util.test.junit.AutoTests" name="[271] /home/travis/build/icyphy/ptII/ptolemy/actor/lib/test/auto/PublisherPortSubscriberPortAdjacent.xml (RunModel)" time="0.025" />
  <testcase classname="ptolemy.util.test.junit.AutoTests" name="[272] /home/travis/build/icyphy/ptII/ptolemy/actor/lib/test/auto/PublisherPortSubscriberPortExpression.xml (RunModel)" time="0.019" />
  <testcase classname="ptolemy.util.test.junit.AutoTests" name="[273] /home/travis/build/icyphy/ptII/ptolemy/actor/lib/test/auto/PublisherPortSubscriberPortOpaqueD3Reverse.xml (RunModel)" time="0.036" />
  <testcase classname="ptolemy.util.test.junit.AutoTests" name="[274] /home/travis/build/icyphy/ptII/ptolemy/actor/lib/test/auto/PublisherPortSubscriberPortOpaqueWidthInference.xml (RunModel)" time="0.016" />
  <testcase classname="ptolemy.util.test.junit.AutoTests" name="[275] /home/travis/build/icyphy/ptII/ptolemy/actor/lib/test/auto/PublisherPortToplevelSubscriberPortAOC.xml (RunModel)" time="0.011" />
  <testcase classname="ptolemy.util.test.junit.AutoTests" name="[276] /home/travis/build/icyphy/ptII/ptolemy/actor/lib/test/auto/PublisherSubscriber.xml (RunModel)" time="0.013" />
  <testcase classname="ptolemy.util.test.junit.AutoTests" name="[277] /home/travis/build/icyphy/ptII/ptolemy/actor/lib/test/auto/PublisherSubscriber10.xml (RunModel)" time="0.022" />
  <testcase classname="ptolemy.util.test.junit.AutoTests" name="[278] /home/travis/build/icyphy/ptII/ptolemy/actor/lib/test/auto/PublisherSubscriber10InitialOutputs.xml (RunModel)" time="0.026" />
  <testcase classname="ptolemy.util.test.junit.AutoTests" name="[279] /home/travis/build/icyphy/ptII/ptolemy/actor/lib/test/auto/PublisherSubscriber11.xml (RunModel)" time="0.02" />
  <testcase classname="ptolemy.util.test.junit.AutoTests" name="[280] /home/travis/build/icyphy/ptII/ptolemy/actor/lib/test/auto/PublisherSubscriber12.xml (RunModel)" time="0.029" />
  <testcase classname="ptolemy.util.test.junit.AutoTests" name="[281] /home/travis/build/icyphy/ptII/ptolemy/actor/lib/test/auto/PublisherSubscriber13.xml (RunModel)" time="0.016" />
  <testcase classname="ptolemy.util.test.junit.AutoTests" name="[282] /home/travis/build/icyphy/ptII/ptolemy/actor/lib/test/auto/PublisherSubscriber14.xml (RunModel)" time="0.021" />
  <testcase classname="ptolemy.util.test.junit.AutoTests" name="[283] /home/travis/build/icyphy/ptII/ptolemy/actor/lib/test/auto/PublisherSubscriber2.xml (RunModel)" time="0.012" />
  <testcase classname="ptolemy.util.test.junit.AutoTests" name="[284] /home/travis/build/icyphy/ptII/ptolemy/actor/lib/test/auto/PublisherSubscriber3.xml (RunModel)" time="0.009" />
  <testcase classname="ptolemy.util.test.junit.AutoTests" name="[285] /home/travis/build/icyphy/ptII/ptolemy/actor/lib/test/auto/PublisherSubscriber4.xml (RunModel)" time="0.009" />
  <testcase classname="ptolemy.util.test.junit.AutoTests" name="[286] /home/travis/build/icyphy/ptII/ptolemy/actor/lib/test/auto/PublisherSubscriber5.xml (RunModel)" time="0.013" />
  <testcase classname="ptolemy.util.test.junit.AutoTests" name="[287] /home/travis/build/icyphy/ptII/ptolemy/actor/lib/test/auto/PublisherSubscriber6.xml (RunModel)" time="0.02" />
  <testcase classname="ptolemy.util.test.junit.AutoTests" name="[288] /home/travis/build/icyphy/ptII/ptolemy/actor/lib/test/auto/PublisherSubscriber7.xml (RunModel)" time="0.021" />
  <testcase classname="ptolemy.util.test.junit.AutoTests" name="[289] /home/travis/build/icyphy/ptII/ptolemy/actor/lib/test/auto/PublisherSubscriber8.xml (RunModel)" time="0.043" />
  <testcase classname="ptolemy.util.test.junit.AutoTests" name="[290] /home/travis/build/icyphy/ptII/ptolemy/actor/lib/test/auto/PublisherSubscriber9.xml (RunModel)" time="0.017" />
  <testcase classname="ptolemy.util.test.junit.AutoTests" name="[291] /home/travis/build/icyphy/ptII/ptolemy/actor/lib/test/auto/PublisherSubscriberAdjacent.xml (RunModel)" time="0.017" />
  <testcase classname="ptolemy.util.test.junit.AutoTests" name="[292] /home/travis/build/icyphy/ptII/ptolemy/actor/lib/test/auto/PublisherSubscriberChannelVariablesAOC2.xml (RunModel)" time="0.03" />
  <testcase classname="ptolemy.util.test.junit.AutoTests" name="[293] /home/travis/build/icyphy/ptII/ptolemy/actor/lib/test/auto/PublisherSubscriberD3.xml (RunModel)" time="0.014" />
  <testcase classname="ptolemy.util.test.junit.AutoTests" name="[294] /home/travis/build/icyphy/ptII/ptolemy/actor/lib/test/auto/PublisherSubscriberD3Reverse.xml (RunModel)" time="0.012" />
  <testcase classname="ptolemy.util.test.junit.AutoTests" name="[295] /home/travis/build/icyphy/ptII/ptolemy/actor/lib/test/auto/PublisherSubscriberExpression.xml (RunModel)" time="0.016" />
  <testcase classname="ptolemy.util.test.junit.AutoTests" name="[296] /home/travis/build/icyphy/ptII/ptolemy/actor/lib/test/auto/PublisherSubscriberOpaque.xml (RunModel)" time="0.016" />
  <testcase classname="ptolemy.util.test.junit.AutoTests" name="[297] /home/travis/build/icyphy/ptII/ptolemy/actor/lib/test/auto/PublisherSubscriberOpaqueD3.xml (RunModel)" time="0.021" />
  <testcase classname="ptolemy.util.test.junit.AutoTests" name="[298] /home/travis/build/icyphy/ptII/ptolemy/actor/lib/test/auto/PublisherSubscriberOpaqueD3Reverse.xml (RunModel)" time="0.021" />
  <testcase classname="ptolemy.util.test.junit.AutoTests" name="[299] /home/travis/build/icyphy/ptII/ptolemy/actor/lib/test/auto/PublisherSubscriberOpaqueWidthInference.xml (RunModel)" time="0.017" />
  <testcase classname="ptolemy.util.test.junit.AutoTests" name="[300] /home/travis/build/icyphy/ptII/ptolemy/actor/lib/test/auto/PublisherTestSubscriber.xml (RunModel)" time="0.016" />
  <testcase classname="ptolemy.util.test.junit.AutoTests" name="[301] /home/travis/build/icyphy/ptII/ptolemy/actor/lib/test/auto/PublisherToplevelSubscriberPortAOC.xml (RunModel)" time="0.017" />
  <testcase classname="ptolemy.util.test.junit.AutoTests" name="[302] /home/travis/build/icyphy/ptII/ptolemy/actor/lib/test/auto/PulseFiringLimitDE.xml (RunModel)" time="0.015" />
  <testcase classname="ptolemy.util.test.junit.AutoTests" name="[303] /home/travis/build/icyphy/ptII/ptolemy/actor/lib/test/auto/Ramp1.xml (RunModel)" time="0.007" />
  <testcase classname="ptolemy.util.test.junit.AutoTests" name="[304] /home/travis/build/icyphy/ptII/ptolemy/actor/lib/test/auto/RampFiringLimitDE.xml (RunModel)" time="0.011" />
  <testcase classname="ptolemy.util.test.junit.AutoTests" name="[305] /home/travis/build/icyphy/ptII/ptolemy/actor/lib/test/auto/RampFiringLimitSDF.xml (RunModel)" time="0.011" />
  <testcase classname="ptolemy.util.test.junit.AutoTests" name="[306] /home/travis/build/icyphy/ptII/ptolemy/actor/lib/test/auto/RandomInteger.xml (RunModel)" time="0.01" />
  <testcase classname="ptolemy.util.test.junit.AutoTests" name="[307] /home/travis/build/icyphy/ptII/ptolemy/actor/lib/test/auto/ReadFile1.xml (RunModel)" time="0.01" />
  <testcase classname="ptolemy.util.test.junit.AutoTests" name="[308] /home/travis/build/icyphy/ptII/ptolemy/actor/lib/test/auto/ReadFile2.xml (RunModel)" time="0.008" />
  <testcase classname="ptolemy.util.test.junit.AutoTests" name="[309] /home/travis/build/icyphy/ptII/ptolemy/actor/lib/test/auto/Reader.xml (RunModel)" time="0.011" />
  <testcase classname="ptolemy.util.test.junit.AutoTests" name="[310] /home/travis/build/icyphy/ptII/ptolemy/actor/lib/test/auto/RecordAssemblerDisplayNameTest.xml (RunModel)" time="3.758" />
  <testcase classname="ptolemy.util.test.junit.AutoTests" name="[311] /home/travis/build/icyphy/ptII/ptolemy/actor/lib/test/auto/RecordAssemblerTypeError.xml (RunModel)" time="0.049" />
  <testcase classname="ptolemy.util.test.junit.AutoTests" name="[312] /home/travis/build/icyphy/ptII/ptolemy/actor/lib/test/auto/RecordDisassember.xml (RunModel)" time="0.02" />
  <testcase classname="ptolemy.util.test.junit.AutoTests" name="[313] /home/travis/build/icyphy/ptII/ptolemy/actor/lib/test/auto/RecordDisassemberDisplayNameTest.xml (RunModel)" time="0.026" />
  <testcase classname="ptolemy.util.test.junit.AutoTests" name="[314] /home/travis/build/icyphy/ptII/ptolemy/actor/lib/test/auto/RecordDisassembler.xml (RunModel)" time="0.011" />
  <testcase classname="ptolemy.util.test.junit.AutoTests" name="[315] /home/travis/build/icyphy/ptII/ptolemy/actor/lib/test/auto/RecordDisassembler2.xml (RunModel)" time="0.01" />
  <testcase classname="ptolemy.util.test.junit.AutoTests" name="[316] /home/travis/build/icyphy/ptII/ptolemy/actor/lib/test/auto/RecordUpdater.xml (RunModel)" time="0.012" />
  <testcase classname="ptolemy.util.test.junit.AutoTests" name="[317] /home/travis/build/icyphy/ptII/ptolemy/actor/lib/test/auto/RecordUpdater2.xml (RunModel)" time="0.009" />
  <testcase classname="ptolemy.util.test.junit.AutoTests" name="[318] /home/travis/build/icyphy/ptII/ptolemy/actor/lib/test/auto/RecursiveLattice.xml (RunModel)" time="0.009" />
  <testcase classname="ptolemy.util.test.junit.AutoTests" name="[319] /home/travis/build/icyphy/ptII/ptolemy/actor/lib/test/auto/Router.xml (RunModel)" time="3.028" />
  <testcase classname="ptolemy.util.test.junit.AutoTests" name="[320] /home/travis/build/icyphy/ptII/ptolemy/actor/lib/test/auto/Router2.xml (RunModel)" time="3.03" />
  <testcase classname="ptolemy.util.test.junit.AutoTests" name="[321] /home/travis/build/icyphy/ptII/ptolemy/actor/lib/test/auto/RunningMaximum.xml (RunModel)" time="0.017" />
  <testcase classname="ptolemy.util.test.junit.AutoTests" name="[322] /home/travis/build/icyphy/ptII/ptolemy/actor/lib/test/auto/RunningMinimum.xml (RunModel)" time="0.022" />
  <testcase classname="ptolemy.util.test.junit.AutoTests" name="[323] /home/travis/build/icyphy/ptII/ptolemy/actor/lib/test/auto/Scale.xml (RunModel)" time="0.009" />
  <testcase classname="ptolemy.util.test.junit.AutoTests" name="[324] /home/travis/build/icyphy/ptII/ptolemy/actor/lib/test/auto/Scale2.xml (RunModel)" time="0.01" />
  <testcase classname="ptolemy.util.test.junit.AutoTests" name="[325] /home/travis/build/icyphy/ptII/ptolemy/actor/lib/test/auto/Scale3.xml (RunModel)" time="0.02" />
  <testcase classname="ptolemy.util.test.junit.AutoTests" name="[326] /home/travis/build/icyphy/ptII/ptolemy/actor/lib/test/auto/ScaleArray.xml (RunModel)" time="0.008" />
  <testcase classname="ptolemy.util.test.junit.AutoTests" name="[327] /home/travis/build/icyphy/ptII/ptolemy/actor/lib/test/auto/ScaleArray2.xml (RunModel)" time="0.008" />
  <testcase classname="ptolemy.util.test.junit.AutoTests" name="[328] /home/travis/build/icyphy/ptII/ptolemy/actor/lib/test/auto/ScaleMatrix.xml (RunModel)" time="0.183" />
  <testcase classname="ptolemy.util.test.junit.AutoTests" name="[329] /home/travis/build/icyphy/ptII/ptolemy/actor/lib/test/auto/Select.xml (RunModel)" time="0.016" />
  <testcase classname="ptolemy.util.test.junit.AutoTests" name="[330] /home/travis/build/icyphy/ptII/ptolemy/actor/lib/test/auto/Select2.xml (RunModel)" time="0.008" />
  <testcase classname="ptolemy.util.test.junit.AutoTests" name="[331] /home/travis/build/icyphy/ptII/ptolemy/actor/lib/test/auto/SequenceToArray2.xml (RunModel)" time="0.151" />
  <testcase classname="ptolemy.util.test.junit.AutoTests" name="[332] /home/travis/build/icyphy/ptII/ptolemy/actor/lib/test/auto/SequentialClock.xml (RunModel)" time="0.013" />
  <testcase classname="ptolemy.util.test.junit.AutoTests" name="[333] /home/travis/build/icyphy/ptII/ptolemy/actor/lib/test/auto/SetVariable.xml (RunModel)" time="0.013" />
  <testcase classname="ptolemy.util.test.junit.AutoTests" name="[334] /home/travis/build/icyphy/ptII/ptolemy/actor/lib/test/auto/SetVariable2.xml (RunModel)" time="0.014" />
  <testcase classname="ptolemy.util.test.junit.AutoTests" name="[335] /home/travis/build/icyphy/ptII/ptolemy/actor/lib/test/auto/SetVariable3.xml (RunModel)" time="0.017" />
  <testcase classname="ptolemy.util.test.junit.AutoTests" name="[336] /home/travis/build/icyphy/ptII/ptolemy/actor/lib/test/auto/SetVariable4.xml (RunModel)" time="0.034" />
  <testcase classname="ptolemy.util.test.junit.AutoTests" name="[337] /home/travis/build/icyphy/ptII/ptolemy/actor/lib/test/auto/SetVariable5.xml (RunModel)" time="0.036" />
  <testcase classname="ptolemy.util.test.junit.AutoTests" name="[338] /home/travis/build/icyphy/ptII/ptolemy/actor/lib/test/auto/Sinewave.xml (RunModel)" time="0.026" />
  <testcase classname="ptolemy.util.test.junit.AutoTests" name="[339] /home/travis/build/icyphy/ptII/ptolemy/actor/lib/test/auto/Sinewave2.xml (RunModel)" time="0.016" />
  <testcase classname="ptolemy.util.test.junit.AutoTests" name="[340] /home/travis/build/icyphy/ptII/ptolemy/actor/lib/test/auto/Sinewave3.xml (RunModel)" time="0.026" />
  <testcase classname="ptolemy.util.test.junit.AutoTests" name="[341] /home/travis/build/icyphy/ptII/ptolemy/actor/lib/test/auto/SingleEvent.xml (RunModel)" time="0.008" />
  <testcase classname="ptolemy.util.test.junit.AutoTests" name="[342] /home/travis/build/icyphy/ptII/ptolemy/actor/lib/test/auto/Sleep.xml (RunModel)" time="6.019" />
  <testcase classname="ptolemy.util.test.junit.AutoTests" name="[343] /home/travis/build/icyphy/ptII/ptolemy/actor/lib/test/auto/SleepMultipleFire.xml (RunModel)" time="1.019" />
  <testcase classname="ptolemy.util.test.junit.AutoTests" name="[344] /home/travis/build/icyphy/ptII/ptolemy/actor/lib/test/auto/StopDE.xml (RunModel)" time="0.032" />
  <testcase classname="ptolemy.util.test.junit.AutoTests" name="[345] /home/travis/build/icyphy/ptII/ptolemy/actor/lib/test/auto/StopSDF.xml (RunModel)" time="0.013" />
  <testcase classname="ptolemy.util.test.junit.AutoTests" name="[346] /home/travis/build/icyphy/ptII/ptolemy/actor/lib/test/auto/StringConstant.xml (RunModel)" time="0.015" />
  <testcase classname="ptolemy.util.test.junit.AutoTests" name="[347] /home/travis/build/icyphy/ptII/ptolemy/actor/lib/test/auto/SubscriberPortInitialValues1.xml (RunModel)" time="0.018" />
  <testcase classname="ptolemy.util.test.junit.AutoTests" name="[348] /home/travis/build/icyphy/ptII/ptolemy/actor/lib/test/auto/SubscriberPortInitialValues13.xml (RunModel)" time="0.032" />
  <testcase classname="ptolemy.util.test.junit.AutoTests" name="[349] /home/travis/build/icyphy/ptII/ptolemy/actor/lib/test/auto/SubscriberPortInitialValues14.xml (RunModel)" time="0.016" />
  <testcase classname="ptolemy.util.test.junit.AutoTests" name="[350] /home/travis/build/icyphy/ptII/ptolemy/actor/lib/test/auto/SubscriberPortInitialValues2.xml (RunModel)" time="0.017" />
  <testcase classname="ptolemy.util.test.junit.AutoTests" name="[351] /home/travis/build/icyphy/ptII/ptolemy/actor/lib/test/auto/SubscriberPortInitialValues3.xml (RunModel)" time="0.022" />
  <testcase classname="ptolemy.util.test.junit.AutoTests" name="[352] /home/travis/build/icyphy/ptII/ptolemy/actor/lib/test/auto/SubscriptionAggregator.xml (RunModel)" time="0.011" />
  <testcase classname="ptolemy.util.test.junit.AutoTests" name="[353] /home/travis/build/icyphy/ptII/ptolemy/actor/lib/test/auto/SubscriptionAggregator2.xml (RunModel)" time="0.012" />
  <testcase classname="ptolemy.util.test.junit.AutoTests" name="[354] /home/travis/build/icyphy/ptII/ptolemy/actor/lib/test/auto/SubscriptionAggregator3.xml (RunModel)" time="0.017" />
  <testcase classname="ptolemy.util.test.junit.AutoTests" name="[355] /home/travis/build/icyphy/ptII/ptolemy/actor/lib/test/auto/SubscriptionAggregatorMultiply.xml (RunModel)" time="0.018" />
  <testcase classname="ptolemy.util.test.junit.AutoTests" name="[356] /home/travis/build/icyphy/ptII/ptolemy/actor/lib/test/auto/SubscriptionAggregatorPortMultiply1.xml (RunModel)" time="0.013" />
  <testcase classname="ptolemy.util.test.junit.AutoTests" name="[357] /home/travis/build/icyphy/ptII/ptolemy/actor/lib/test/auto/Switch.xml (RunModel)" time="0.018" />
  <testcase classname="ptolemy.util.test.junit.AutoTests" name="[358] /home/travis/build/icyphy/ptII/ptolemy/actor/lib/test/auto/Switch2.xml (RunModel)" time="0.013" />
  <testcase classname="ptolemy.util.test.junit.AutoTests" name="[359] /home/travis/build/icyphy/ptII/ptolemy/actor/lib/test/auto/SwitchDE.xml (RunModel)" time="0.014" />
  <testcase classname="ptolemy.util.test.junit.AutoTests" name="[360] /home/travis/build/icyphy/ptII/ptolemy/actor/lib/test/auto/SynchronizerDE.xml (RunModel)" time="0.024" />
  <testcase classname="ptolemy.util.test.junit.AutoTests" name="[361] /home/travis/build/icyphy/ptII/ptolemy/actor/lib/test/auto/Test.xml (RunModel)" time="0.009" />
  <testcase classname="ptolemy.util.test.junit.AutoTests" name="[362] /home/travis/build/icyphy/ptII/ptolemy/actor/lib/test/auto/TestExceptionAttribute1.xml (RunModel)" time="0.008" />
  <testcase classname="ptolemy.util.test.junit.AutoTests" name="[363] /home/travis/build/icyphy/ptII/ptolemy/actor/lib/test/auto/TestExceptionAttribute2.xml (RunModel)" time="0.008" />
  <testcase classname="ptolemy.util.test.junit.AutoTests" name="[364] /home/travis/build/icyphy/ptII/ptolemy/actor/lib/test/auto/TestExceptionAttribute3.xml (RunModel)" time="0.013" />
  <testcase classname="ptolemy.util.test.junit.AutoTests" name="[365] /home/travis/build/icyphy/ptII/ptolemy/actor/lib/test/auto/TestExceptionAttribute4.xml (RunModel)" time="0.008" />
  <testcase classname="ptolemy.util.test.junit.AutoTests" name="[366] /home/travis/build/icyphy/ptII/ptolemy/actor/lib/test/auto/TestExceptionHandler1.xml (RunModel)" time="0.009" />
  <testcase classname="ptolemy.util.test.junit.AutoTests" name="[367] /home/travis/build/icyphy/ptII/ptolemy/actor/lib/test/auto/TestExceptionHandler2.xml (RunModel)" time="0.011" />
  <testcase classname="ptolemy.util.test.junit.AutoTests" name="[368] /home/travis/build/icyphy/ptII/ptolemy/actor/lib/test/auto/TestExceptionHandler3.xml (RunModel)" time="0.006" />
  <testcase classname="ptolemy.util.test.junit.AutoTests" name="[369] /home/travis/build/icyphy/ptII/ptolemy/actor/lib/test/auto/TestExceptionHandler4.xml (RunModel)" time="0.007" />
  <testcase classname="ptolemy.util.test.junit.AutoTests" name="[370] /home/travis/build/icyphy/ptII/ptolemy/actor/lib/test/auto/TestRequireCorrectOrder.xml (RunModel)" time="0.018" />
  <testcase classname="ptolemy.util.test.junit.AutoTests" name="[371] /home/travis/build/icyphy/ptII/ptolemy/actor/lib/test/auto/TestSimple.xml (RunModel)" time="0.013" />
  <testcase classname="ptolemy.util.test.junit.AutoTests" name="[372] /home/travis/build/icyphy/ptII/ptolemy/actor/lib/test/auto/ThrowModelError.xml (RunModel)" time="0.011" />
  <testcase classname="ptolemy.util.test.junit.AutoTests" name="[373] /home/travis/build/icyphy/ptII/ptolemy/actor/lib/test/auto/TimeDelayMicrosteps.xml (RunModel)" time="0.014" />
  <testcase classname="ptolemy.util.test.junit.AutoTests" name="[374] /home/travis/build/icyphy/ptII/ptolemy/actor/lib/test/auto/TimeDelayMicrosteps2.xml (RunModel)" time="0.019" />
  <testcase classname="ptolemy.util.test.junit.AutoTests" name="[375] /home/travis/build/icyphy/ptII/ptolemy/actor/lib/test/auto/TimeDelayMicrosteps3.xml (RunModel)" time="0.013" />
  <testcase classname="ptolemy.util.test.junit.AutoTests" name="[376] /home/travis/build/icyphy/ptII/ptolemy/actor/lib/test/auto/TimeDelayVariableMicrosteps.xml (RunModel)" time="0.014" />
  <testcase classname="ptolemy.util.test.junit.AutoTests" name="[377] /home/travis/build/icyphy/ptII/ptolemy/actor/lib/test/auto/TimeGap.xml (RunModel)" time="0.02" />
  <testcase classname="ptolemy.util.test.junit.AutoTests" name="[378] /home/travis/build/icyphy/ptII/ptolemy/actor/lib/test/auto/TimeGap2.xml (RunModel)" time="0.01" />
  <testcase classname="ptolemy.util.test.junit.AutoTests" name="[379] /home/travis/build/icyphy/ptII/ptolemy/actor/lib/test/auto/TimedSinewave.xml (RunModel)" time="0.045" />
  <testcase classname="ptolemy.util.test.junit.AutoTests" name="[380] /home/travis/build/icyphy/ptII/ptolemy/actor/lib/test/auto/TimedSinewavePhase.xml (RunModel)" time="0.043" />
  <testcase classname="ptolemy.util.test.junit.AutoTests" name="[381] /home/travis/build/icyphy/ptII/ptolemy/actor/lib/test/auto/Timer.xml (RunModel)" time="0.021" />
  <testcase classname="ptolemy.util.test.junit.AutoTests" name="[382] /home/travis/build/icyphy/ptII/ptolemy/actor/lib/test/auto/TriangularDistTestModel.xml (RunModel)" time="0.019" />
  <testcase classname="ptolemy.util.test.junit.AutoTests" name="[383] /home/travis/build/icyphy/ptII/ptolemy/actor/lib/test/auto/TrigFunction.xml (RunModel)" time="0.009" />
  <testcase classname="ptolemy.util.test.junit.AutoTests" name="[384] /home/travis/build/icyphy/ptII/ptolemy/actor/lib/test/auto/TrigFunctionDE.xml (RunModel)" time="0.011" />
  <testcase classname="ptolemy.util.test.junit.AutoTests" name="[385] /home/travis/build/icyphy/ptII/ptolemy/actor/lib/test/auto/TrigFunctionInverse.xml (RunModel)" time="0.009" />
  <testcase classname="ptolemy.util.test.junit.AutoTests" name="[386] /home/travis/build/icyphy/ptII/ptolemy/actor/lib/test/auto/TrigFunctionTan.xml (RunModel)" time="0.007" />
  <testcase classname="ptolemy.util.test.junit.AutoTests" name="[387] /home/travis/build/icyphy/ptII/ptolemy/actor/lib/test/auto/TriggeredClock.xml (RunModel)" time="0.009" />
  <testcase classname="ptolemy.util.test.junit.AutoTests" name="[388] /home/travis/build/icyphy/ptII/ptolemy/actor/lib/test/auto/URLDirectoryReader.xml (RunModel)" time="0.099" />
  <testcase classname="ptolemy.util.test.junit.AutoTests" name="[389] /home/travis/build/icyphy/ptII/ptolemy/actor/lib/test/auto/URLDirectoryReader3.xml (RunModel)" time="1.433" />
  <testcase classname="ptolemy.util.test.junit.AutoTests" name="[390] /home/travis/build/icyphy/ptII/ptolemy/actor/lib/test/auto/UnaryMathFunction.xml (RunModel)" time="0.032" />
  <testcase classname="ptolemy.util.test.junit.AutoTests" name="[391] /home/travis/build/icyphy/ptII/ptolemy/actor/lib/test/auto/Uniform.xml (RunModel)" time="0.011" />
  <testcase classname="ptolemy.util.test.junit.AutoTests" name="[392] /home/travis/build/icyphy/ptII/ptolemy/actor/lib/test/auto/UnionDisassemblerTest.xml (RunModel)" time="0.01" />
  <testcase classname="ptolemy.util.test.junit.AutoTests" name="[393] /home/travis/build/icyphy/ptII/ptolemy/actor/lib/test/auto/UtilityFunctions.xml (RunModel)" time="0.008" />
  <testcase classname="ptolemy.util.test.junit.AutoTests" name="[394] /home/travis/build/icyphy/ptII/ptolemy/actor/lib/test/auto/VariableSleep.xml (RunModel)" time="0.513" />
  <testcase classname="ptolemy.util.test.junit.AutoTests" name="[395] /home/travis/build/icyphy/ptII/ptolemy/actor/lib/test/auto/VectorAssemblerDisassemblerCT.xml (RunModel)" time="0.108" />
  <testcase classname="ptolemy.util.test.junit.AutoTests" name="[396] /home/travis/build/icyphy/ptII/ptolemy/actor/lib/test/auto/VectorAssemblerDisassemblerDE.xml (RunModel)" time="0.014" />
  <testcase classname="ptolemy.util.test.junit.AutoTests" name="[397] /home/travis/build/icyphy/ptII/ptolemy/actor/lib/test/auto/VectorAssemblerDisassemblerSDF.xml (RunModel)" time="0.012" />
  <testcase classname="ptolemy.util.test.junit.AutoTests" name="[398] /home/travis/build/icyphy/ptII/ptolemy/actor/lib/test/auto/WallClockTime.xml (RunModel)" time="1.013" />
  <testcase classname="ptolemy.util.test.junit.AutoTests" name="[399] /home/travis/build/icyphy/ptII/ptolemy/actor/lib/test/auto/WidthTestWithSubscriberPublisher.xml (RunModel)" time="0.041" />
  <testcase classname="ptolemy.util.test.junit.AutoTests" name="[400] /home/travis/build/icyphy/ptII/ptolemy/actor/lib/test/auto/WidthTestWithSubscriberPublisher2.xml (RunModel)" time="0.016" />
  <testcase classname="ptolemy.util.test.junit.AutoTests" name="[401] /home/travis/build/icyphy/ptII/ptolemy/actor/lib/test/auto/WidthTestWithSubscriberPublisher3.xml (RunModel)" time="0.012" />
  <testcase classname="ptolemy.util.test.junit.AutoTests" name="[402] /home/travis/build/icyphy/ptII/ptolemy/actor/lib/test/auto/Writer.xml (RunModel)" time="0.008" />
  <testcase classname="ptolemy.util.test.junit.AutoTests" name="[403] /home/travis/build/icyphy/ptII/ptolemy/actor/lib/test/auto/array.xml (RunModel)" time="0.02" />
  <testcase classname="ptolemy.util.test.junit.AutoTests" name="[404] /home/travis/build/icyphy/ptII/ptolemy/actor/lib/test/auto/array2.xml (RunModel)" time="0.021" />
  <testcase classname="ptolemy.util.test.junit.AutoTests" name="[405] /home/travis/build/icyphy/ptII/ptolemy/actor/lib/test/auto/arrayType.xml (RunModel)" time="0.01" />
  <testcase classname="ptolemy.util.test.junit.AutoTests" name="[406] /home/travis/build/icyphy/ptII/ptolemy/actor/lib/test/auto/arrayType10.xml (RunModel)" time="0.015" />
  <testcase classname="ptolemy.util.test.junit.AutoTests" name="[407] /home/travis/build/icyphy/ptII/ptolemy/actor/lib/test/auto/arrayType11.xml (RunModel)" time="0.016" />
  <testcase classname="ptolemy.util.test.junit.AutoTests" name="[408] /home/travis/build/icyphy/ptII/ptolemy/actor/lib/test/auto/arrayType12.xml (RunModel)" time="0.009" />
  <testcase classname="ptolemy.util.test.junit.AutoTests" name="[409] /home/travis/build/icyphy/ptII/ptolemy/actor/lib/test/auto/arrayType13.xml (RunModel)" time="0.009" />
  <testcase classname="ptolemy.util.test.junit.AutoTests" name="[410] /home/travis/build/icyphy/ptII/ptolemy/actor/lib/test/auto/arrayType14.xml (RunModel)" time="0.009" />
  <testcase classname="ptolemy.util.test.junit.AutoTests" name="[411] /home/travis/build/icyphy/ptII/ptolemy/actor/lib/test/auto/arrayType15.xml (RunModel)" time="0.01" />
  <testcase classname="ptolemy.util.test.junit.AutoTests" name="[412] /home/travis/build/icyphy/ptII/ptolemy/actor/lib/test/auto/arrayType16.xml (RunModel)" time="0.009" />
  <testcase classname="ptolemy.util.test.junit.AutoTests" name="[413] /home/travis/build/icyphy/ptII/ptolemy/actor/lib/test/auto/arrayType17.xml (RunModel)" time="0.009" />
  <testcase classname="ptolemy.util.test.junit.AutoTests" name="[414] /home/travis/build/icyphy/ptII/ptolemy/actor/lib/test/auto/arrayType18.xml (RunModel)" time="0.008" />
  <testcase classname="ptolemy.util.test.junit.AutoTests" name="[415] /home/travis/build/icyphy/ptII/ptolemy/actor/lib/test/auto/arrayType19.xml (RunModel)" time="0.008" />
  <testcase classname="ptolemy.util.test.junit.AutoTests" name="[416] /home/travis/build/icyphy/ptII/ptolemy/actor/lib/test/auto/arrayType2.xml (RunModel)" time="0.01" />
  <testcase classname="ptolemy.util.test.junit.AutoTests" name="[417] /home/travis/build/icyphy/ptII/ptolemy/actor/lib/test/auto/arrayType20.xml (RunModel)" time="0.009" />
  <testcase classname="ptolemy.util.test.junit.AutoTests" name="[418] /home/travis/build/icyphy/ptII/ptolemy/actor/lib/test/auto/arrayType21.xml (RunModel)" time="0.009" />
  <testcase classname="ptolemy.util.test.junit.AutoTests" name="[419] /home/travis/build/icyphy/ptII/ptolemy/actor/lib/test/auto/arrayType22.xml (RunModel)" time="0.008" />
  <testcase classname="ptolemy.util.test.junit.AutoTests" name="[420] /home/travis/build/icyphy/ptII/ptolemy/actor/lib/test/auto/arrayType23.xml (RunModel)" time="0.009" />
  <testcase classname="ptolemy.util.test.junit.AutoTests" name="[421] /home/travis/build/icyphy/ptII/ptolemy/actor/lib/test/auto/arrayType24.xml (RunModel)" time="0.009" />
  <testcase classname="ptolemy.util.test.junit.AutoTests" name="[422] /home/travis/build/icyphy/ptII/ptolemy/actor/lib/test/auto/arrayType25.xml (RunModel)" time="0.009" />
  <testcase classname="ptolemy.util.test.junit.AutoTests" name="[423] /home/travis/build/icyphy/ptII/ptolemy/actor/lib/test/auto/arrayType26.xml (RunModel)" time="0.014" />
  <testcase classname="ptolemy.util.test.junit.AutoTests" name="[424] /home/travis/build/icyphy/ptII/ptolemy/actor/lib/test/auto/arrayType27.xml (RunModel)" time="0.01" />
  <testcase classname="ptolemy.util.test.junit.AutoTests" name="[425] /home/travis/build/icyphy/ptII/ptolemy/actor/lib/test/auto/arrayType28.xml (RunModel)" time="0.01" />
  <testcase classname="ptolemy.util.test.junit.AutoTests" name="[426] /home/travis/build/icyphy/ptII/ptolemy/actor/lib/test/auto/arrayType3.xml (RunModel)" time="0.014" />
  <testcase classname="ptolemy.util.test.junit.AutoTests" name="[427] /home/travis/build/icyphy/ptII/ptolemy/actor/lib/test/auto/arrayType4.xml (RunModel)" time="0.01" />
  <testcase classname="ptolemy.util.test.junit.AutoTests" name="[428] /home/travis/build/icyphy/ptII/ptolemy/actor/lib/test/auto/arrayType5.xml (RunModel)" time="0.009" />
  <testcase classname="ptolemy.util.test.junit.AutoTests" name="[429] /home/travis/build/icyphy/ptII/ptolemy/actor/lib/test/auto/arrayType6.xml (RunModel)" time="0.008" />
  <testcase classname="ptolemy.util.test.junit.AutoTests" name="[430] /home/travis/build/icyphy/ptII/ptolemy/actor/lib/test/auto/arrayType7.xml (RunModel)" time="0.026" />
  <testcase classname="ptolemy.util.test.junit.AutoTests" name="[431] /home/travis/build/icyphy/ptII/ptolemy/actor/lib/test/auto/arrayType8.xml (RunModel)" time="0.043" />
  <testcase classname="ptolemy.util.test.junit.AutoTests" name="[432] /home/travis/build/icyphy/ptII/ptolemy/actor/lib/test/auto/arrayType9.xml (RunModel)" time="0.037" />
  <testcase classname="ptolemy.util.test.junit.AutoTests" name="[433] /home/travis/build/icyphy/ptII/ptolemy/actor/lib/test/auto/cast.xml (RunModel)" time="0.048" />
  <testcase classname="ptolemy.util.test.junit.AutoTests" name="[434] /home/travis/build/icyphy/ptII/ptolemy/actor/lib/test/auto/compositeMultiPort.xml (RunModel)" time="0.046" />
  <testcase classname="ptolemy.util.test.junit.AutoTests" name="[435] /home/travis/build/icyphy/ptII/ptolemy/actor/lib/test/auto/expressionCastInference.xml (RunModel)" time="0.028" />
  <testcase classname="ptolemy.util.test.junit.AutoTests" name="[436] /home/travis/build/icyphy/ptII/ptolemy/actor/lib/test/auto/expressionCastInference2.xml (RunModel)" time="0.035" />
  <testcase classname="ptolemy.util.test.junit.AutoTests" name="[437] /home/travis/build/icyphy/ptII/ptolemy/actor/lib/test/auto/expressionInference.xml (RunModel)" time="0.031" />
  <testcase classname="ptolemy.util.test.junit.AutoTests" name="[438] /home/travis/build/icyphy/ptII/ptolemy/actor/lib/test/auto/expression_bug.xml (RunModel)" time="0.022" />
  <testcase classname="ptolemy.util.test.junit.AutoTests" name="[439] /home/travis/build/icyphy/ptII/ptolemy/actor/lib/test/auto/factorial.xml (RunModel)" time="0.056" />
  <testcase classname="ptolemy.util.test.junit.AutoTests" name="[440] /home/travis/build/icyphy/ptII/ptolemy/actor/lib/test/auto/filterTest1.xml (RunModel)" time="0.013" />
  <testcase classname="ptolemy.util.test.junit.AutoTests" name="[441] /home/travis/build/icyphy/ptII/ptolemy/actor/lib/test/auto/funcApplyInConst.xml (RunModel)" time="0.012" />
  <testcase classname="ptolemy.util.test.junit.AutoTests" name="[442] /home/travis/build/icyphy/ptII/ptolemy/actor/lib/test/auto/funcApplyInExpr.xml (RunModel)" time="0.007" />
  <testcase classname="ptolemy.util.test.junit.AutoTests" name="[443] /home/travis/build/icyphy/ptII/ptolemy/actor/lib/test/auto/function.xml (RunModel)" time="0.011" />
  <testcase classname="ptolemy.util.test.junit.AutoTests" name="[444] /home/travis/build/icyphy/ptII/ptolemy/actor/lib/test/auto/function2.xml (RunModel)" time="0.008" />
  <testcase classname="ptolemy.util.test.junit.AutoTests" name="[445] /home/travis/build/icyphy/ptII/ptolemy/actor/lib/test/auto/function3.xml (RunModel)" time="0.007" />
  <testcase classname="ptolemy.util.test.junit.AutoTests" name="[446] /home/travis/build/icyphy/ptII/ptolemy/actor/lib/test/auto/functionClosureTest1.xml (RunModel)" time="0.01" />
  <testcase classname="ptolemy.util.test.junit.AutoTests" name="[447] /home/travis/build/icyphy/ptII/ptolemy/actor/lib/test/auto/functionClosureTest2.xml (RunModel)" time="0.007" />
  <testcase classname="ptolemy.util.test.junit.AutoTests" name="[448] /home/travis/build/icyphy/ptII/ptolemy/actor/lib/test/auto/functionClosureTest3.xml (RunModel)" time="0.01" />
  <testcase classname="ptolemy.util.test.junit.AutoTests" name="[449] /home/travis/build/icyphy/ptII/ptolemy/actor/lib/test/auto/functionClosureTest4.xml (RunModel)" time="0.015" />
  <testcase classname="ptolemy.util.test.junit.AutoTests" name="[450] /home/travis/build/icyphy/ptII/ptolemy/actor/lib/test/auto/functionClosureTest5.xml (RunModel)" time="0.012" />
  <testcase classname="ptolemy.util.test.junit.AutoTests" name="[451] /home/travis/build/icyphy/ptII/ptolemy/actor/lib/test/auto/functionClosureTest6.xml (RunModel)" time="0.008" />
  <testcase classname="ptolemy.util.test.junit.AutoTests" name="[452] /home/travis/build/icyphy/ptII/ptolemy/actor/lib/test/auto/functionsOnArcs.xml (RunModel)" time="0.01" />
  <testcase classname="ptolemy.util.test.junit.AutoTests" name="[453] /home/travis/build/icyphy/ptII/ptolemy/actor/lib/test/auto/functionsOnArcsHOF.xml (RunModel)" time="0.022" />
  <testcase classname="ptolemy.util.test.junit.AutoTests" name="[454] /home/travis/build/icyphy/ptII/ptolemy/actor/lib/test/auto/logic.xml (RunModel)" time="0.045" />
  <testcase classname="ptolemy.util.test.junit.AutoTests" name="[455] /home/travis/build/icyphy/ptII/ptolemy/actor/lib/test/auto/matrixType.xml (RunModel)" time="0.039" />
  <testcase classname="ptolemy.util.test.junit.AutoTests" name="[456] /home/travis/build/icyphy/ptII/ptolemy/actor/lib/test/auto/matrixType10.xml (RunModel)" time="0.043" />
  <testcase classname="ptolemy.util.test.junit.AutoTests" name="[457] /home/travis/build/icyphy/ptII/ptolemy/actor/lib/test/auto/matrixType11.xml (RunModel)" time="0.028" />
  <testcase classname="ptolemy.util.test.junit.AutoTests" name="[458] /home/travis/build/icyphy/ptII/ptolemy/actor/lib/test/auto/matrixType12.xml (RunModel)" time="0.009" />
  <testcase classname="ptolemy.util.test.junit.AutoTests" name="[459] /home/travis/build/icyphy/ptII/ptolemy/actor/lib/test/auto/matrixType13.xml (RunModel)" time="0.009" />
  <testcase classname="ptolemy.util.test.junit.AutoTests" name="[460] /home/travis/build/icyphy/ptII/ptolemy/actor/lib/test/auto/matrixType14.xml (RunModel)" time="0.031" />
  <testcase classname="ptolemy.util.test.junit.AutoTests" name="[461] /home/travis/build/icyphy/ptII/ptolemy/actor/lib/test/auto/matrixType2.xml (RunModel)" time="0.032" />
  <testcase classname="ptolemy.util.test.junit.AutoTests" name="[462] /home/travis/build/icyphy/ptII/ptolemy/actor/lib/test/auto/matrixType3.xml (RunModel)" time="0.028" />
  <testcase classname="ptolemy.util.test.junit.AutoTests" name="[463] /home/travis/build/icyphy/ptII/ptolemy/actor/lib/test/auto/matrixType4.xml (RunModel)" time="0.011" />
  <testcase classname="ptolemy.util.test.junit.AutoTests" name="[464] /home/travis/build/icyphy/ptII/ptolemy/actor/lib/test/auto/matrixType5.xml (RunModel)" time="0.009" />
  <testcase classname="ptolemy.util.test.junit.AutoTests" name="[465] /home/travis/build/icyphy/ptII/ptolemy/actor/lib/test/auto/matrixType6.xml (RunModel)" time="0.008" />
  <testcase classname="ptolemy.util.test.junit.AutoTests" name="[466] /home/travis/build/icyphy/ptII/ptolemy/actor/lib/test/auto/matrixType7.xml (RunModel)" time="0.009" />
  <testcase classname="ptolemy.util.test.junit.AutoTests" name="[467] /home/travis/build/icyphy/ptII/ptolemy/actor/lib/test/auto/matrixType8.xml (RunModel)" time="0.009" />
  <testcase classname="ptolemy.util.test.junit.AutoTests" name="[468] /home/travis/build/icyphy/ptII/ptolemy/actor/lib/test/auto/matrixType9.xml (RunModel)" time="0.008" />
  <testcase classname="ptolemy.util.test.junit.AutoTests" name="[469] /home/travis/build/icyphy/ptII/ptolemy/actor/lib/test/auto/paraFunctest.xml (RunModel)" time="0.016" />
  <testcase classname="ptolemy.util.test.junit.AutoTests" name="[470] /home/travis/build/icyphy/ptII/ptolemy/actor/lib/test/auto/paraFunctest2.xml (RunModel)" time="0.025" />
  <testcase classname="ptolemy.util.test.junit.AutoTests" name="[471] /home/travis/build/icyphy/ptII/ptolemy/actor/lib/test/auto/parameterPassing.xml (RunModel)" time="0.013" />
  <testcase classname="ptolemy.util.test.junit.AutoTests" name="[472] /home/travis/build/icyphy/ptII/ptolemy/actor/lib/test/auto/record.xml (RunModel)" time="0.011" />
  <testcase classname="ptolemy.util.test.junit.AutoTests" name="[473] /home/travis/build/icyphy/ptII/ptolemy/actor/lib/test/auto/sizedarray1.xml (RunModel)" time="0.011" />
  <testcase classname="ptolemy.util.test.junit.AutoTests" name="[474] /home/travis/build/icyphy/ptII/ptolemy/actor/lib/test/auto/sizedarray2.xml (RunModel)" time="0.011" />
  <testcase classname="ptolemy.util.test.junit.AutoTests" name="[475] /home/travis/build/icyphy/ptII/ptolemy/actor/lib/test/auto/twoPublishers.xml (RunModel)" time="0.024" />
  <system-out><![CDATA[/home/travis/build/icyphy/ptII/ptolemy/actor/lib/test/AbsoluteValue.tcl
testDefs.tcl: setting time out to 9000 seconds at Sun Aug 18 05:28:54 UTC 2019
132 ms. Memory: 120832K Free: 85427K (71%)
5 ms. Memory: 120832K Free: 83907K (69%)
6 ms. Memory: 120832K Free: 82883K (69%)
5 ms. Memory: 120832K Free: 82369K (68%)
/home/travis/build/icyphy/ptII/ptolemy/actor/lib/test/AddSubtract.tcl
16 ms. Memory: 120832K Free: 80321K (66%)
12 ms. Memory: 120832K Free: 79297K (66%)
15 ms. Memory: 120832K Free: 78787K (65%)
19 ms. Memory: 120832K Free: 77763K (64%)
71 ms. Memory: 120832K Free: 75199K (62%)
6 ms. Memory: 120832K Free: 74177K (61%)
/home/travis/build/icyphy/ptII/ptolemy/actor/lib/test/Average.tcl
11 ms. Memory: 120832K Free: 72643K (60%)
26 ms. Memory: 120832K Free: 71091K (59%)
/home/travis/build/icyphy/ptII/ptolemy/actor/lib/test/Bernoulli.tcl
5 ms. Memory: 120832K Free: 69571K (58%)
2 ms. Memory: 120832K Free: 69571K (58%)
/home/travis/build/icyphy/ptII/ptolemy/actor/lib/test/Clock.tcl
preinitializing
resolving types
initializing
executing number 1
wrapping up
idle
44 ms. Memory: 120832K Free: 66499K (55%)
Completed execution with 5 iterations
preinitializing
resolving types
initializing
executing number 1
wrapping up
idle
12 ms. Memory: 120832K Free: 65971K (55%)
Completed execution with 5 iterations
preinitializing
resolving types
initializing
executing number 1
wrapping up
idle
12 ms. Memory: 120832K Free: 65475K (54%)
Completed execution with 5 iterations
/home/travis/build/icyphy/ptII/ptolemy/actor/lib/test/Commutator.tcl
8 ms. Memory: 120832K Free: 63427K (52%)
7 ms. Memory: 120832K Free: 62403K (52%)
10 ms. Memory: 120832K Free: 56769K (47%)
/home/travis/build/icyphy/ptII/ptolemy/actor/lib/test/Const.tcl
5 ms. Memory: 120832K Free: 55235K (46%)
2 ms. Memory: 120832K Free: 54721K (45%)
3 ms. Memory: 120832K Free: 54211K (45%)
2 ms. Memory: 120832K Free: 53697K (44%)
3 ms. Memory: 120832K Free: 52667K (44%)
14 ms. Memory: 120832K Free: 51139K (42%)
5 ms. Memory: 120832K Free: 50115K (41%)
4 ms. Memory: 120832K Free: 49091K (41%)
/home/travis/build/icyphy/ptII/ptolemy/actor/lib/test/CurrentTime.tcl
preinitializing
resolving types
initializing
executing number 1
wrapping up
idle
9 ms. Memory: 120832K Free: 47553K (39%)
Completed execution with 11 iterations
/home/travis/build/icyphy/ptII/ptolemy/actor/lib/test/DB.tcl
30 ms. Memory: 120832K Free: 107033K (89%)
7 ms. Memory: 120832K Free: 106537K (88%)
2 ms. Memory: 120832K Free: 106023K (88%)
/home/travis/build/icyphy/ptII/ptolemy/actor/lib/test/DiscreteRandomSource.tcl
preinitializing
resolving types
initializing
executing number 1
wrapping up
idle
5 ms. Memory: 120832K Free: 104489K (86%)
Completed execution with 4 iterations
preinitializing
resolving types
initializing
executing number 1
wrapping up
idle
2 ms. Memory: 120832K Free: 103975K (86%)
Completed execution with 4 iterations
preinitializing
resolving types
initializing
executing number 1
wrapping up
idle
2 ms. Memory: 120832K Free: 103465K (86%)
Completed execution with 4 iterations
preinitializing
resolving types
initializing
executing number 1
wrapping up
idle
2 ms. Memory: 120832K Free: 103465K (86%)
Completed execution with 4 iterations
preinitializing
26 ms. Memory: 120832K Free: 105758K (88%)
/home/travis/build/icyphy/ptII/ptolemy/actor/lib/test/Distributor.tcl
14 ms. Memory: 120832K Free: 104150K (86%)
4 ms. Memory: 120832K Free: 103501K (86%)
StreamChangeRequest.changeExecuted(): <deleteEntity name="rec2"/> succeeded
StreamChangeRequest.changeExecuted(): <deleteRelation name="r2"/> succeeded
StreamChangeRequest.changeExecuted(): Record firings per iteration succeeded
13 ms. Memory: 120832K Free: 101062K (84%)
/home/travis/build/icyphy/ptII/ptolemy/actor/lib/test/Exit.tcl
Exit.tcl: this will print a message about Manager.exitAfterWrapup, which can be ignored.
9 ms. Memory: 120832K Free: 98194K (81%)
/home/travis/build/icyphy/ptII/ptolemy/actor/lib/test/Expression.tcl
22 ms. Memory: 120832K Free: 94948K (79%)
13 ms. Memory: 120832K Free: 94285K (78%)
3 ms. Memory: 120832K Free: 93549K (77%)
preinitializing
resolving types
initializing
executing number 1
wrapping up
idle
6 ms. Memory: 120832K Free: 91854K (76%)
Completed execution with 6 iterations
3 ms. Memory: 120832K Free: 91213K (75%)
10 ms. Memory: 120832K Free: 90477K (75%)
5 ms. Memory: 120832K Free: 89165K (74%)
12 ms. Memory: 120832K Free: 105994K (88%)
9 ms. Memory: 120832K Free: 104846K (87%)
/home/travis/build/icyphy/ptII/ptolemy/actor/lib/test/Gaussian.tcl
12 ms. Memory: 120832K Free: 102908K (85%)
sleeping 1 seconds: ......................................................................................................................................................................................................................................................................................................................................................................................................................................................................................................................................................................................................................................................................................................................................................................................................................................................................................................................................................................................................................................................................................................................................................................................................................................................................................................................................................................................................................................................................................................................................................................................................................................................................................................................................................................................................................................................................................................................................................................................................................................................................................................................................................................................................................................................................................................................................................................................................................................................................................................................................................................................................................................................................................................................................................................................................................................................................................................................................................................................................................................................................................................................................................................................................................................................................................................................................................................................................................................................................................................................................................................................................................................................................................................................................................................................................................................................................................................................................................................................................................................................................................................................................................................................................................................................................................................................................................................................................................................................................................................................................................................................................................................................................................................................................................................................................................................................................................................................................................................................................................................................................................................................................................................................................................................................................................................................................................................................................................................................................................................................................................................................................................................................................................................................................................................................................................................................................................................................................................................................................................................................................................................................................................................................................................................................................................................................................................................................................................................................................................................................................................................................................................................................................................................................................................................................................................................................................................................................................................................................................................................................................................................................................................................................................................................................................................................................................................................................................................................................................................................................................................................................................................................................................................................................................................................................................................................................................................................................................................................................................................................................................................................................................................................................................................................................................................................................................................................................................................................................................................................................................................................................................................................................................................................................................................................................................................................................................................................................................................................................................................................................................................................................................................................................................................................................................................................................................................................................................................................................................................................................................................................................................................................................................................................................................................................................................................................................................................................................................................................................................................................................................................................................................................................................................................................................................................................................................................................................................................................................................................................................................................................................................................................................................................................................................................................................................................................................................................................................................................................................................................................................................................................................................................................................................................................................................................................................................................................................................................................................................................................................................................................................................................................................................................................................................................................................................................................................................................................................................................................................................................................................................................................................................................................................................................................................................................................................................................................................................................................................................................................................................................................................................................................................................................................................................................................................................................................................................................................................................................................................................................................................................................................................................................................................................................................................................................................................................................................................................................................................................................................................................................................................................................................................................................................................................................................................................................................................................................................................................................................................................................................................................................................................................................................................................................................................................................................................................................................................................................................................................................................................................................................................................................................................................................................................................................................................................................................................................................................................................................................................................................................................................................................................................................................................................................................................................................................................................................................................................................................................................................................................................................................................................................................................................................................................................................................................................................................................................................................................................................................................................................................................................................................................................................................................................................................................................................................................................................................................................................................................................................................................................................................................................................................................................................................................................................................................................................................................................................................................................................................................................................................................................................................................................................................................................................................................................................................................................................................................................................................................................................................................................................................................................................................................................................................................................................................................................................................................................................................................................................................................................................................................................................................................................................................................................................................................................................................................................................................................................................................................................................................................................................................................................................................................................................................................................................................................................................................................................................................................................................................................................................................................................................................................................................................................................................................................................................................................................................................................................................................................................................................................................................................................................................................................................................................................................................................................................................................................................................................................................................................................................................................................................................................................................................................................................................................................................................................................................................................................................................................................................................................................................................................................................................................................................................................................................................................................................................................................................................................................................................................................................................................................................................................................................................................................................................................................................................................................................................................................................................................................................................................................................................................................................................................................................................................................................................................................................................................................................................................................................................................................................................................................................................................................................................................................................................................................................................................................................................................................................................................................................................................................................................................................................................................................................................................................................................................................................................................................................................................................................................................................................................................................................................................................................................................................................................................................................................................................................................................................................................................................................................................................................................................................................................................................................................................................................................................................................................................................................................................................................................................................................................................................................................................................................................................................................................................................................................................................................................................................................................................................................................................................................................................................................................................................................................................................................................................................................................................................................................................................................................................................................................................................................................................................................................................................................................................................................................................................................................................................................................................................................................................................................................................................................................................................................................................................................................................................................................................................................................................................................................................................................................................................................................................................................................................................................................................................................................................................................................................................................................................................................................................................................................................................................................................................................................................................................................................................................................................................................................................................................................................................................................................................................................................................................................................................................................................................................................................................................................................................................................................................................................................................................................................................................................................................................................................................................................................................................................................................................................................................................................................................................................................................................................................................................................................................................................................................................................................................................................................................................................................................................................................................................................................................................................................................................................................................................................................................................................................................................................................................................................................................................................................................................................................................................................................................................................................................................................................................................................................................................................................................................................................................................................................................................................................................................................................................................................................................................................................................................................................................................................................................................................................................................................................................................................................................................................................................................................................................................................................................................................................................................................................................................................................................................................................................................................................................................................................................................................................................................................................................................................................................................................................................................................................................................................................................................................................................................................................................................................................................................................................................................................................................................................................................................................................................................................................................................................................................................................................................................................................................................................................................................................................................................................................................................................................................................................................................................................................................................................................................................................................................................................................................................................................................................................................................................................................................................................................................................................................................................................................................................................................................................................................................................................................................................................................................................................................................................................................................................................................................................................................................................................................................................................................................................................................................................................................................................................................................................................................................................................................................................................................................................................................................................................................................................................................................................................................................................................................................................................................................................................................................................................................................................................................................................................................................................................................................................................................................................................................................................................................................................................................................................................................................................................................................................................................................................................................................................................................................................................................................................................................................................................................................................................................................................................................................................................................................................................................................................................................................................................................................................................................................................................................................................................................................................................................................................................................................................................................................................................................................................................................................................................................................................................................................................................................................................................................................................................................................................................................................................................................................................................................................................................................................................................................................................................................................................................................................................................................................................................................................................................................................................................................................................................................................................................................................................................................................................................................................................................................................................................................................................................................................................................................................................................................................................................................................................................................................................................................................................................................................................................................................................................................................................................................................................................................................................................................................................................................................................................................................................................................................................................................................................................................................................................................................................................................................................................................................................................................................................................................................................................................................................................................................................................................................................................................................................................................................................................................................................................................................................................................................................................................................................................................................................................................................................................................................................................................................................................................................................................................................................................................................................................................................................................................................................................................................................................................................................................................................................................................................................................................................................................................................................................................................................................................................................................................................................................................................................................................................................................................................................................................................................................................................................................................................................................................................................................................................................................................................................................................................................................................................................................................................................................................................................................................................................................................................................................................................................................................................................................................................................................................................................................................................................................................................................................................................................................................................................................................................................................................................................................................................................................................................................................................................................................................................................................................................................................................................................................................................................................................................................................................................................................................................................................................................................................................................................................................................................................................................................................................................................................................................................................................................................................................................................................................................................................................................................................................................................................................................................................................................................................................................................................................................................................................................................................................................................................................................................................................................................................................................................................................................................................................................................................................................................................................................................................................................................................................................................................................................................................................................................................................................................................................................................................................................................................................................................................................................................................................................................................................................................................................................................................................................................................................................................................................................................................................................................................................................................................................................................................................................................................................................................................................................................................................................................................................................................................................................................................................................................................................................................................................................................................................................................................................................................................................................................................................................................................................................................................................................................................................................................................................................................................................................................................................................................................................................................................................................................................................................................................................................................................................................................................................................................................................................................................................................................................................................................................................................................................................................................................................................................................................................................................................................................................................................................................................................................................................................................................................................................................................................................................................................................................................................................................................................................................................................................................................................................................................................................................................................................................................4 ms. Memory: 145408K Free: 122818K (84%)
3 ms. Memory: 145408K Free: 122274K (84%)
4 ms. Memory: 145408K Free: 121794K (84%)
5 ms. Memory: 145408K Free: 120768K (83%)
6 ms. Memory: 145408K Free: 120224K (83%)
/home/travis/build/icyphy/ptII/ptolemy/actor/lib/test/IIR.tcl
/home/travis/build/icyphy/ptII/ptolemy/actor/lib/test/Interpolator.tcl
4 ms. Memory: 145408K Free: 116674K (80%)
4 ms. Memory: 145408K Free: 116160K (80%)
7 ms. Memory: 145408K Free: 115650K (80%)
1 ms. Memory: 145408K Free: 115136K (79%)
2 ms. Memory: 145408K Free: 114106K (78%)
3 ms. Memory: 145408K Free: 113088K (78%)
3 ms. Memory: 145408K Free: 112578K (77%)
2 ms. Memory: 145408K Free: 111554K (77%)
2 ms. Memory: 145408K Free: 110530K (76%)
2 ms. Memory: 145408K Free: 109506K (75%)
/home/travis/build/icyphy/ptII/ptolemy/actor/lib/test/MathFunction.tcl
5 ms. Memory: 145408K Free: 107458K (74%)
8 ms. Memory: 145408K Free: 106434K (73%)
2 ms. Memory: 145408K Free: 105410K (72%)
3 ms. Memory: 145408K Free: 104386K (72%)
4 ms. Memory: 145408K Free: 103362K (71%)
19 ms. Memory: 145408K Free: 101314K (70%)
/home/travis/build/icyphy/ptII/ptolemy/actor/lib/test/Maximum.tcl
12 ms. Memory: 145408K Free: 99266K (68%)
4 ms. Memory: 145408K Free: 98746K (68%)
7 ms. Memory: 145408K Free: 98242K (68%)
5 ms. Memory: 145408K Free: 97218K (67%)
/home/travis/build/icyphy/ptII/ptolemy/actor/lib/test/Minimum.tcl
8 ms. Memory: 145408K Free: 95680K (66%)
5 ms. Memory: 145408K Free: 95170K (65%)
4 ms. Memory: 145408K Free: 94146K (65%)
3 ms. Memory: 145408K Free: 93632K (64%)
/home/travis/build/icyphy/ptII/ptolemy/actor/lib/test/MultiplyDivide.tcl
12 ms. Memory: 145408K Free: 91584K (63%)
3 ms. Memory: 145408K Free: 91074K (63%)
2 ms. Memory: 145408K Free: 90546K (62%)
3 ms. Memory: 145408K Free: 89536K (62%)
2 ms. Memory: 145408K Free: 89026K (61%)
/home/travis/build/icyphy/ptII/ptolemy/actor/lib/test/OrderedMerge.tcl
Connections changed on port: inputA
Connections changed on port: inputB
Connections changed on port: output
Connections changed on port: output
Connections changed on port: output
Connections changed on port: input
.top. Preinitializing ...
Invoking preinitialize():  .top.OrderedMerge
Called preinitialize()
Invoking preinitialize():  .top.Ramp
Called preinitialize()
Invoking preinitialize():  .top.Ramp2
Called preinitialize()
Invoking preinitialize():  .top.Test
Called preinitialize()
Connections changed on port: inputA
Connections changed on port: output
Connections changed on port: output
Connections changed on port: input
Connections changed on port: inputB
Connections changed on port: output
.top. Finished preinitialize().
Called initialize().
Invoking initialize():  .top.OrderedMerge
Initializing actor: .top.OrderedMerge
Adding a thread: .top.OrderedMerge
Invoking initialize():  .top.Ramp
Initializing actor: .top.Ramp
Adding a thread: .top.Ramp
Invoking initialize():  .top.Ramp2
Initializing actor: .top.Ramp2
Adding a thread: .top.Ramp2
Invoking initialize():  .top.Test
Initializing actor: .top.Test
Adding a thread: .top.Test
Called fire().
Checking for deadlock:
-- Starting thread.
Called initialize()
Called prefire()
Called fire()
-- Starting thread.
Called initialize()
-- Starting thread.
Called initialize()
There are 0 Blocked actors, 0 Stopped actors, and 4 active threads.
Waiting for actors to stop.
Called prefire()
Called prefire()
-- Starting thread.
Called initialize()
Called prefire()
Called fire()
Called fire()
Called fire()
Called postfire()
Called prefire()
Called fire()
Called postfire()
Called prefire()
Called fire()
Checking for deadlock:
There are 1 Blocked actors, 0 Stopped actors, and 4 active threads.
Waiting for actors to stop.
Read input token from inputA with value 0.0
Next port to read input from is inputB
Called postfire()
Called prefire()
Called fire()
Read input token from inputB with value 0.0
Sent output token with value 0.0
Next port to read input from is inputA
Called postfire()
Called prefire()
Called fire()
Checking for deadlock:
There are 1 Blocked actors, 0 Stopped actors, and 4 active threads.
Waiting for actors to stop.
Called postfire()
Called prefire()
Called fire()
-- Read input: 0.0, which is expected to match: 0.0
Called prefire()
Called fire()
Called postfire()
Called prefire()
Called fire()
Checking for deadlock:
There are 3 Blocked actors, 0 Stopped actors, and 4 active threads.
Waiting for actors to stop.
Read input token from inputA with value 1.0
Sent output token with value 0.0
Next port to read input from is inputB
Called postfire()
Called prefire()
Called fire()
Read input token from inputB with value 1.5
Checking for deadlock:
There are 1 Blocked actors, 0 Stopped actors, and 4 active threads.
Waiting for actors to stop.
Called postfire()
Called prefire()
Called fire()
-- Read input: 0.0, which is expected to match: 0.0
Called prefire()
Called fire()
Called postfire()
Called prefire()
Called fire()
Checking for deadlock:
There are 3 Blocked actors, 0 Stopped actors, and 4 active threads.
Waiting for actors to stop.
-- Read input: 1.0, which is expected to match: 1.0
Called prefire()
Called fire()
Checking for deadlock:
There are 3 Blocked actors, 0 Stopped actors, and 4 active threads.
Waiting for actors to stop.
Sent output token with value 1.0
Next port to read input from is inputA
Called postfire()
Called prefire()
Called fire()
Called postfire()
Called prefire()
Called fire()
Checking for deadlock:
There are 3 Blocked actors, 0 Stopped actors, and 4 active threads.
Waiting for actors to stop.
Read input token from inputA with value 2.0
-- Read input: 1.5, which is expected to match: 1.5
Called prefire()
Called fire()
Checking for deadlock:
There are 3 Blocked actors, 0 Stopped actors, and 4 active threads.
Waiting for actors to stop.
Sent output token with value 1.5
Next port to read input from is inputB
Called postfire()
Called prefire()
Called fire()
Checking for deadlock:
There are 2 Blocked actors, 0 Stopped actors, and 4 active threads.
Waiting for actors to stop.
Called postfire()
Called prefire()
Called fire()
Checking for deadlock:
There are 3 Blocked actors, 0 Stopped actors, and 4 active threads.
Waiting for actors to stop.
Read input token from inputB with value 3.0
Checking for deadlock:
There are 2 Blocked actors, 0 Stopped actors, and 4 active threads.
Waiting for actors to stop.
-- Read input: 2.0, which is expected to match: 2.0
Called prefire()
Called fire()
Checking for deadlock:
There are 3 Blocked actors, 0 Stopped actors, and 4 active threads.
Waiting for actors to stop.
Sent output token with value 2.0
Next port to read input from is inputA
Called postfire()
Called prefire()
Called fire()
Called postfire()
Called prefire()
Called fire()
Checking for deadlock:
There are 3 Blocked actors, 0 Stopped actors, and 4 active threads.
Waiting for actors to stop.
Read input token from inputA with value 3.0
-- Read input: 3.0, which is expected to match: 3.0
Called prefire()
Called fire()
Checking for deadlock:
There are 3 Blocked actors, 0 Stopped actors, and 4 active threads.
Waiting for actors to stop.
Sent output token with value 3.0
Next port to read input from is inputB
Called postfire()
Called prefire()
Called fire()
Checking for deadlock:
There are 2 Blocked actors, 0 Stopped actors, and 4 active threads.
Waiting for actors to stop.
Called postfire()
Called prefire()
Called fire()
Checking for deadlock:
There are 3 Blocked actors, 0 Stopped actors, and 4 active threads.
Waiting for actors to stop.
Read input token from inputB with value 4.5
Checking for deadlock:
There are 2 Blocked actors, 0 Stopped actors, and 4 active threads.
Waiting for actors to stop.
-- Read input: 3.0, which is expected to match: 3.0
Called prefire()
Called fire()
Checking for deadlock:
There are 3 Blocked actors, 0 Stopped actors, and 4 active threads.
Waiting for actors to stop.
Sent output token with value 3.0
Next port to read input from is inputA
Called postfire()
Called prefire()
Called fire()
Called postfire()
Called prefire()
Called fire()
Checking for deadlock:
There are 3 Blocked actors, 0 Stopped actors, and 4 active threads.
Waiting for actors to stop.
Read input token from inputA with value 4.0
-- Read input: 4.0, which is expected to match: 4.0
Called prefire()
Called fire()
Past the end of training data. Read and discard all inputs.
Checking for deadlock:
There are 3 Blocked actors, 0 Stopped actors, and 4 active threads.
Waiting for actors to stop.
Sent output token with value 4.0
Next port to read input from is inputA
Called postfire()
Called prefire()
Called fire()
Called postfire()
Called prefire()
Called fire()
Checking for deadlock:
There are 3 Blocked actors, 0 Stopped actors, and 4 active threads.
Waiting for actors to stop.
Read input token from inputA with value 5.0
Called prefire()
Called fire()
Past the end of training data. Read and discard all inputs.
Checking for deadlock:
There are 3 Blocked actors, 0 Stopped actors, and 4 active threads.
Waiting for actors to stop.
Sent output token with value 4.5
Next port to read input from is inputB
Called postfire()
Called prefire()
Called fire()
Checking for deadlock:
There are 2 Blocked actors, 0 Stopped actors, and 4 active threads.
Waiting for actors to stop.
Called postfire()
Called prefire()
Called fire()
Checking for deadlock:
There are 3 Blocked actors, 0 Stopped actors, and 4 active threads.
Waiting for actors to stop.
Read input token from inputB with value 6.0
Checking for deadlock:
There are 2 Blocked actors, 0 Stopped actors, and 4 active threads.
Waiting for actors to stop.
Called prefire()
Called fire()
Past the end of training data. Read and discard all inputs.
Checking for deadlock:
There are 3 Blocked actors, 0 Stopped actors, and 4 active threads.
Waiting for actors to stop.
Sent output token with value 5.0
Next port to read input from is inputA
Called postfire()
Called prefire()
Called fire()
Called postfire()
Called prefire()
Called fire()
Checking for deadlock:
There are 3 Blocked actors, 0 Stopped actors, and 4 active threads.
Waiting for actors to stop.
Read input token from inputA with value 6.0
Called prefire()
Called fire()
Past the end of training data. Read and discard all inputs.
Checking for deadlock:
There are 3 Blocked actors, 0 Stopped actors, and 4 active threads.
Waiting for actors to stop.
Sent output token with value 6.0
Next port to read input from is inputB
Called postfire()
Called prefire()
Called fire()
Checking for deadlock:
There are 2 Blocked actors, 0 Stopped actors, and 4 active threads.
Waiting for actors to stop.
Called postfire()
Called prefire()
Called fire()
Checking for deadlock:
There are 3 Blocked actors, 0 Stopped actors, and 4 active threads.
Waiting for actors to stop.
Read input token from inputB with value 7.5
Checking for deadlock:
There are 2 Blocked actors, 0 Stopped actors, and 4 active threads.
Waiting for actors to stop.
Called prefire()
Called fire()
Past the end of training data. Read and discard all inputs.
Checking for deadlock:
There are 3 Blocked actors, 0 Stopped actors, and 4 active threads.
Waiting for actors to stop.
Sent output token with value 6.0
Next port to read input from is inputA
Called postfire()
Called prefire()
Called fire()
Called postfire()
Called prefire()
Called fire()
Checking for deadlock:
There are 3 Blocked actors, 0 Stopped actors, and 4 active threads.
Waiting for actors to stop.
Read input token from inputA with value 7.0
Called prefire()
Called fire()
Past the end of training data. Read and discard all inputs.
Checking for deadlock:
There are 3 Blocked actors, 0 Stopped actors, and 4 active threads.
Waiting for actors to stop.
Sent output token with value 7.0
Next port to read input from is inputA
Called postfire()
Called prefire()
Called fire()
-- Thread wrapup() called.
Called wrapup()
Thread .top.Ramp is exiting.
-- Thread stopped.
Read input token from inputA with value 8.0
Sent output token with value 7.5
Next port to read input from is inputB
Called postfire()
Called prefire()
Called fire()
Read input token from inputB with value 9.0
Checking for deadlock:
There are 1 Blocked actors, 0 Stopped actors, and 3 active threads.
Waiting for actors to stop.
Called postfire()
Called prefire()
Called fire()
Called prefire()
Called fire()
Past the end of training data. Read and discard all inputs.
Checking for deadlock:
There are 2 Blocked actors, 0 Stopped actors, and 3 active threads.
Waiting for actors to stop.
Called prefire()
Called fire()
Past the end of training data. Read and discard all inputs.
Checking for deadlock:
There are 2 Blocked actors, 0 Stopped actors, and 3 active threads.
Waiting for actors to stop.
Sent output token with value 8.0
Next port to read input from is inputA
Called postfire()
Called prefire()
Called fire()
Read input token from inputA with value 9.0
Called prefire()
Called fire()
Past the end of training data. Read and discard all inputs.
Checking for deadlock:
There are 2 Blocked actors, 0 Stopped actors, and 3 active threads.
Waiting for actors to stop.
Sent output token with value 9.0
Next port to read input from is inputB
Called postfire()
Called prefire()
Called fire()
Called postfire()
Called prefire()
Called fire()
Checking for deadlock:
There are 2 Blocked actors, 0 Stopped actors, and 3 active threads.
Waiting for actors to stop.
Read input token from inputB with value 10.5
Called prefire()
Called fire()
Past the end of training data. Read and discard all inputs.
Checking for deadlock:
There are 2 Blocked actors, 0 Stopped actors, and 3 active threads.
Waiting for actors to stop.
Sent output token with value 9.0
Next port to read input from is inputA
Called postfire()
Called prefire()
Called fire()
Checking for deadlock:
There are 3 Blocked actors, 0 Stopped actors, and 3 active threads.
Actors have stopped.
Checking for deadlock:
There are 3 Blocked actors, 0 Stopped actors, and 3 active threads.
Deadlock detected.
Resolving Deadlock
Checking for deadlock:
There are 3 Blocked actors, 0 Stopped actors, and 3 active threads.
Artificial Deadlock - increasing queue capacity.
increasing the capacity of receiver ptolemy.actor.TypedIOPort {.top.OrderedMerge.inputB} to 2
Director: Called postfire().
Called postfire().
_stopRequested = false
_stopFireRequested = false
Returning from postfire(): true
Called fire().
Checking for deadlock:
There are 2 Blocked actors, 0 Stopped actors, and 3 active threads.
Waiting for actors to stop.
-- Thread wrapup() called.
Called wrapup()
Thread .top.Ramp2 is exiting.
-- Thread stopped.
Checking for deadlock:
There are 2 Blocked actors, 0 Stopped actors, and 2 active threads.
Actors have stopped.
Checking for deadlock:
There are 2 Blocked actors, 0 Stopped actors, and 2 active threads.
Deadlock detected.
Resolving Deadlock
Checking for deadlock:
There are 2 Blocked actors, 0 Stopped actors, and 2 active threads.
Deadlock detected: no processes blocked on write, but some are blocked on read.
Called postfire().
_stopRequested = false
_stopFireRequested = false
Returning from postfire(): false
Finished deactivating branches.
Called wrapup().
-- Thread wrapup() called.
Called wrapup()
Thread .top.Test is exiting.
-- Thread stopped.
-- Blocked Receiver call threw TerminateProcessException.
-- Thread wrapup() called.
Called wrapup()
Thread .top.OrderedMerge is exiting.
-- Thread stopped.
-- Blocked Receiver call threw TerminateProcessException.
49 ms. Memory: 145408K Free: 83906K (58%)
.top. Preinitializing ...
Invoking preinitialize():  .top.OrderedMerge
Called preinitialize()
Invoking preinitialize():  .top.Ramp
Called preinitialize()
Invoking preinitialize():  .top.Ramp2
Called preinitialize()
Invoking preinitialize():  .top.Test
Called preinitialize()
.top. Finished preinitialize().
Called initialize().
Invoking initialize():  .top.OrderedMerge
Initializing actor: .top.OrderedMerge
Adding a thread: .top.OrderedMerge
Invoking initialize():  .top.Ramp
Initializing actor: .top.Ramp
Adding a thread: .top.Ramp
Invoking initialize():  .top.Ramp2
Initializing actor: .top.Ramp2
Adding a thread: .top.Ramp2
Invoking initialize():  .top.Test
Initializing actor: .top.Test
Adding a thread: .top.Test
-- Starting thread.
Called initialize()
Called prefire()
Called fire()
-- Starting thread.
Called initialize()
-- Starting thread.
Called initialize()
Called prefire()
Called fire()
Called prefire()
Called fire()
Called postfire()
Called postfire()
Called prefire()
Called prefire()
Called fire()
Called fire()
Called fire().
Checking for deadlock:
There are 3 Blocked actors, 0 Stopped actors, and 4 active threads.
Waiting for actors to stop.
-- Starting thread.
Called initialize()
Called prefire()
Called fire()
Checking for deadlock:
There are 2 Blocked actors, 0 Stopped actors, and 4 active threads.
Waiting for actors to stop.
Called postfire()
Called prefire()
Called fire()
Checking for deadlock:
There are 3 Blocked actors, 0 Stopped actors, and 4 active threads.
Waiting for actors to stop.
Read input token from inputA with value 0.0
Next port to read input from is inputB
Called postfire()
Called prefire()
Called fire()
Read input token from inputB with value 0.0
Sent output token with value 0.0
Next port to read input from is inputA
Called postfire()
Called prefire()
Called fire()
Read input token from inputA with value 1.0
Called postfire()
Called prefire()
Called fire()
Called postfire()
Called prefire()
Called fire()
-- Read input: 0.0, which is expected to match: 0.0
Checking for deadlock:
Called prefire()
Called fire()
There are 2 Blocked actors, 0 Stopped actors, and 4 active threads.
Waiting for actors to stop.
Checking for deadlock:
There are 3 Blocked actors, 0 Stopped actors, and 4 active threads.
Waiting for actors to stop.
Checking for deadlock:
There are 2 Blocked actors, 0 Stopped actors, and 4 active threads.
Waiting for actors to stop.
-- Read input: 0.0, which is expected to match: 0.0
Sent output token with value 0.0
Called prefire()
Called fire()
Checking for deadlock:
There are 3 Blocked actors, 0 Stopped actors, and 4 active threads.
Waiting for actors to stop.
Next port to read input from is inputB
Called postfire()
Called prefire()
Called fire()
Read input token from inputB with value 1.5
Sent output token with value 1.0
Next port to read input from is inputA
Called postfire()
Called prefire()
Called fire()
Read input token from inputA with value 2.0
Checking for deadlock:
There are 1 Blocked actors, 0 Stopped actors, and 4 active threads.
Waiting for actors to stop.
Called postfire()
Called prefire()
Called fire()
-- Read input: 1.0, which is expected to match: 1.0
Called postfire()
Called prefire()
Called prefire()
Called fire()
Called fire()
Checking for deadlock:
There are 2 Blocked actors, 0 Stopped actors, and 4 active threads.
Waiting for actors to stop.
Sent output token with value 1.5
-- Read input: 1.5, which is expected to match: 1.5
Called prefire()
Called fire()
Next port to read input from is inputB
Called postfire()
Called prefire()
Checking for deadlock:
There are 3 Blocked actors, 0 Stopped actors, and 4 active threads.
Waiting for actors to stop.
Called fire()
Read input token from inputB with value 3.0
Sent output token with value 2.0
Next port to read input from is inputA
Called postfire()
Called prefire()
Called fire()
Read input token from inputA with value 3.0
Checking for deadlock:
There are 1 Blocked actors, 0 Stopped actors, and 4 active threads.
Waiting for actors to stop.
Called postfire()
Called prefire()
Called fire()
-- Read input: 2.0, which is expected to match: 2.0
Called postfire()
Called prefire()
Called prefire()
Called fire()
Called fire()
Checking for deadlock:
There are 2 Blocked actors, 0 Stopped actors, and 4 active threads.
Waiting for actors to stop.
Sent output token with value 3.0
-- Read input: 3.0, which is expected to match: 3.0
Next port to read input from is inputB
Called postfire()
Called prefire()
Called fire()
Called prefire()
Called fire()
Called postfire()
Called prefire()
Called fire()
Checking for deadlock:
There are 3 Blocked actors, 0 Stopped actors, and 4 active threads.
Waiting for actors to stop.
Read input token from inputB with value 4.5
Checking for deadlock:
There are 2 Blocked actors, 0 Stopped actors, and 4 active threads.
Waiting for actors to stop.
-- Read input: 3.0, which is expected to match: 3.0
Sent output token with value 3.0
Called prefire()
Called fire()
Next port to read input from is inputA
Checking for deadlock:
There are 3 Blocked actors, 0 Stopped actors, and 4 active threads.
Waiting for actors to stop.
Called postfire()
Called prefire()
Called fire()
Read input token from inputA with value 4.0
Sent output token with value 4.0
Next port to read input from is inputA
Called postfire()
Called prefire()
Called fire()
Checking for deadlock:
There are 2 Blocked actors, 0 Stopped actors, and 4 active threads.
Waiting for actors to stop.
-- Read input: 4.0, which is expected to match: 4.0
Called postfire()
Called prefire()
Called prefire()
Called fire()
Called fire()
Past the end of training data. Read and discard all inputs.
Read input token from inputA with value 5.0
Sent output token with value 4.5
Next port to read input from is inputB
Called postfire()
Called prefire()
Called fire()
Read input token from inputB with value 6.0
Called postfire()
Called prefire()
Called fire()
Checking for deadlock:
There are 2 Blocked actors, 0 Stopped actors, and 4 active threads.
Waiting for actors to stop.
Called postfire()
Called prefire()
Called fire()
Checking for deadlock:
There are 2 Blocked actors, 0 Stopped actors, and 4 active threads.
Called prefire()
Called fire()
Waiting for actors to stop.
Past the end of training data. Read and discard all inputs.
Checking for deadlock:
There are 3 Blocked actors, 0 Stopped actors, and 4 active threads.
Waiting for actors to stop.
Called prefire()
Checking for deadlock:
Called fire()
Past the end of training data. Read and discard all inputs.
There are 2 Blocked actors, 0 Stopped actors, and 4 active threads.
Waiting for actors to stop.
Checking for deadlock:
There are 3 Blocked actors, 0 Stopped actors, and 4 active threads.
Waiting for actors to stop.
Sent output token with value 5.0
Next port to read input from is inputA
Called postfire()
Called prefire()
Called fire()
Checking for deadlock:
There are 2 Blocked actors, 0 Stopped actors, and 4 active threads.
Waiting for actors to stop.
Called postfire()
Called prefire()
Called fire()
Checking for deadlock:
There are 3 Blocked actors, 0 Stopped actors, and 4 active threads.
Waiting for actors to stop.
Read input token from inputA with value 6.0
Checking for deadlock:
There are 2 Blocked actors, 0 Stopped actors, and 4 active threads.
Waiting for actors to stop.
Called prefire()
Called fire()
Past the end of training data. Read and discard all inputs.
Sent output token with value 6.0
Checking for deadlock:
There are 3 Blocked actors, 0 Stopped actors, and 4 active threads.
Waiting for actors to stop.
Next port to read input from is inputB
Called postfire()
Called prefire()
Called fire()
Called postfire()
Called prefire()
Called fire()
Checking for deadlock:
There are 3 Blocked actors, 0 Stopped actors, and 4 active threads.
Waiting for actors to stop.
Read input token from inputB with value 7.5
Checking for deadlock:
Called prefire()
There are 2 Blocked actors, 0 Stopped actors, and 4 active threads.
Waiting for actors to stop.
Called fire()
Past the end of training data. Read and discard all inputs.
Sent output token with value 6.0
Checking for deadlock:
There are 3 Blocked actors, 0 Stopped actors, and 4 active threads.
Waiting for actors to stop.
Next port to read input from is inputA
Called postfire()
Called prefire()
Called fire()
Checking for deadlock:
There are 2 Blocked actors, 0 Stopped actors, and 4 active threads.
Waiting for actors to stop.
Called postfire()
Called prefire()
Called fire()
Checking for deadlock:
There are 3 Blocked actors, 0 Stopped actors, and 4 active threads.
Waiting for actors to stop.
Read input token from inputA with value 7.0
Checking for deadlock:
There are 2 Blocked actors, 0 Stopped actors, and 4 active threads.
Waiting for actors to stop.
Called prefire()
Called fire()
Past the end of training data. Read and discard all inputs.
Sent output token with value 7.0
Checking for deadlock:
There are 3 Blocked actors, 0 Stopped actors, and 4 active threads.
Waiting for actors to stop.
Next port to read input from is inputA
Called postfire()
Called prefire()
Called fire()
Checking for deadlock:
There are 2 Blocked actors, 0 Stopped actors, and 4 active threads.
Waiting for actors to stop.
-- Thread wrapup() called.
Called wrapup()
Thread .top.Ramp is exiting.
-- Thread stopped.
Checking for deadlock:
There are 2 Blocked actors, 0 Stopped actors, and 3 active threads.
Waiting for actors to stop.
Read input token from inputA with value 8.0
Called prefire()
Checking for deadlock:
Called fire()
There are 1 Blocked actors, 0 Stopped actors, and 3 active threads.
Past the end of training data. Read and discard all inputs.
Waiting for actors to stop.
Checking for deadlock:
There are 2 Blocked actors, 0 Stopped actors, and 3 active threads.
Waiting for actors to stop.
Sent output token with value 7.5
Next port to read input from is inputB
Called postfire()
Called prefire()
Called fire()
Checking for deadlock:
There are 1 Blocked actors, 0 Stopped actors, and 3 active threads.
Waiting for actors to stop.
Called postfire()
Called prefire()
Called fire()
Checking for deadlock:
There are 2 Blocked actors, 0 Stopped actors, and 3 active threads.
Waiting for actors to stop.
Read input token from inputB with value 9.0
Checking for deadlock:
There are 1 Blocked actors, 0 Stopped actors, and 3 active threads.
Waiting for actors to stop.
Called prefire()
Sent output token with value 8.0
Called fire()
Past the end of training data. Read and discard all inputs.
Checking for deadlock:
There are 2 Blocked actors, 0 Stopped actors, and 3 active threads.
Waiting for actors to stop.
Next port to read input from is inputA
Called postfire()
Called prefire()
Called fire()
Read input token from inputA with value 9.0
Checking for deadlock:
Called prefire()
Called fire()
There are 1 Blocked actors, 0 Stopped actors, and 3 active threads.
Past the end of training data. Read and discard all inputs.
Waiting for actors to stop.
Checking for deadlock:
There are 2 Blocked actors, 0 Stopped actors, and 3 active threads.
Waiting for actors to stop.
Sent output token with value 9.0
Next port to read input from is inputB
Called postfire()
Called prefire()
Called fire()
Checking for deadlock:
There are 1 Blocked actors, 0 Stopped actors, and 3 active threads.
Waiting for actors to stop.
Called postfire()
Called prefire()
Called fire()
Checking for deadlock:
There are 2 Blocked actors, 0 Stopped actors, and 3 active threads.
Waiting for actors to stop.
Read input token from inputB with value 10.5
Checking for deadlock:
There are 1 Blocked actors, 0 Stopped actors, and 3 active threads.
Waiting for actors to stop.
Called prefire()
Sent output token with value 9.0
Called fire()
Past the end of training data. Read and discard all inputs.
Checking for deadlock:
There are 2 Blocked actors, 0 Stopped actors, and 3 active threads.
Waiting for actors to stop.
Next port to read input from is inputA
Called postfire()
Called prefire()
Called fire()
Checking for deadlock:
There are 3 Blocked actors, 0 Stopped actors, and 3 active threads.
Actors have stopped.
Checking for deadlock:
There are 3 Blocked actors, 0 Stopped actors, and 3 active threads.
Deadlock detected.
Resolving Deadlock
Checking for deadlock:
There are 3 Blocked actors, 0 Stopped actors, and 3 active threads.
Artificial Deadlock - increasing queue capacity.
increasing the capacity of receiver ptolemy.actor.TypedIOPort {.top.OrderedMerge.inputB} to 2
Director: Called postfire().
Called postfire().
_stopRequested = false
_stopFireRequested = false
Returning from postfire(): true
Called fire().
Checking for deadlock:
There are 2 Blocked actors, 0 Stopped actors, and 3 active threads.
Waiting for actors to stop.
-- Thread wrapup() called.
Called wrapup()
Thread .top.Ramp2 is exiting.
-- Thread stopped.
Checking for deadlock:
There are 2 Blocked actors, 0 Stopped actors, and 2 active threads.
Actors have stopped.
Checking for deadlock:
There are 2 Blocked actors, 0 Stopped actors, and 2 active threads.
Deadlock detected.
Resolving Deadlock
Checking for deadlock:
There are 2 Blocked actors, 0 Stopped actors, and 2 active threads.
Deadlock detected: no processes blocked on write, but some are blocked on read.
Called postfire().
_stopRequested = false
_stopFireRequested = false
Returning from postfire(): false
Finished deactivating branches.
Called wrapup().
-- Thread wrapup() called.
Called wrapup()
-- Thread wrapup() called.
Called wrapup()
Thread .top.OrderedMerge is exiting.
-- Thread stopped.
-- Blocked Receiver call threw TerminateProcessException.
Thread .top.Test is exiting.
-- Thread stopped.
-- Blocked Receiver call threw TerminateProcessException.
38 ms. Memory: 145408K Free: 81344K (56%)
/home/travis/build/icyphy/ptII/ptolemy/actor/lib/test/Publisher.tcl
19 ms. Memory: 145408K Free: 75200K (52%)
4 ms. Memory: 145408K Free: 70066K (48%)
6 ms. Memory: 145408K Free: 128016K (88%)
8 ms. Memory: 145408K Free: 126576K (87%)
6 ms. Memory: 145408K Free: 126032K (87%)
22 ms. Memory: 145408K Free: 125024K (86%)
5 ms. Memory: 145408K Free: 124528K (86%)
3 ms. Memory: 145408K Free: 123504K (85%)
17 ms. Memory: 145408K Free: 113774K (78%)
4 ms. Memory: 145408K Free: 109678K (75%)
2 ms. Memory: 145408K Free: 109168K (75%)
4 ms. Memory: 145408K Free: 107120K (74%)
14 ms. Memory: 145408K Free: 99438K (68%)
5 ms. Memory: 145408K Free: 89712K (62%)
6 ms. Memory: 145408K Free: 78944K (54%)
/home/travis/build/icyphy/ptII/ptolemy/actor/lib/test/Pulse.tcl
3 ms. Memory: 145408K Free: 108978K (75%)
1 ms. Memory: 145408K Free: 108482K (75%)
1 ms. Memory: 145408K Free: 107968K (74%)
9 ms. Memory: 145408K Free: 107458K (74%)
2 ms. Memory: 145408K Free: 106944K (74%)
8 ms. Memory: 145408K Free: 105920K (73%)
8 ms. Memory: 145408K Free: 104890K (72%)
3 ms. Memory: 145408K Free: 104386K (72%)
5 ms. Memory: 145408K Free: 103362K (71%)
/home/travis/build/icyphy/ptII/ptolemy/actor/lib/test/Ramp.tcl
9 ms. Memory: 145408K Free: 101314K (70%)
3 ms. Memory: 145408K Free: 100786K (69%)
3 ms. Memory: 145408K Free: 99762K (69%)
2 ms. Memory: 145408K Free: 99266K (68%)
5 ms. Memory: 145408K Free: 98242K (68%)
8 ms. Memory: 145408K Free: 97728K (67%)
5 ms. Memory: 145408K Free: 96698K (67%)
5 actors
10000 microseconds per iteration to create
10 ms. Memory: 145408K Free: 94146K (65%)
2 ms. Memory: 145408K Free: 93122K (64%)
2 ms. Memory: 145408K Free: 92608K (64%)
1 ms. Memory: 145408K Free: 92098K (63%)
50 actors
50000 microseconds per iteration to create
54 ms. Memory: 145408K Free: 76738K (53%)
6 ms. Memory: 145408K Free: 75714K (52%)
16 ms. Memory: 145408K Free: 74690K (51%)
11 ms. Memory: 145408K Free: 73666K (51%)
500 actors
1798000 microseconds per iteration to create
234 ms. Memory: 175104K Free: 88685K (51%)
44 ms. Memory: 175104K Free: 83565K (48%)
41 ms. Memory: 175104K Free: 78445K (45%)
39 ms. Memory: 175104K Free: 72815K (42%)
/home/travis/build/icyphy/ptII/ptolemy/actor/lib/test/RampContinuous.tcl
8 ms. Memory: 175104K Free: 71791K (41%)
/home/travis/build/icyphy/ptII/ptolemy/actor/lib/test/RecordAssembler.tcl
5 ms. Memory: 175104K Free: 70239K (40%)
3 ms. Memory: 175104K Free: 69215K (40%)
/home/travis/build/icyphy/ptII/ptolemy/actor/lib/test/RecordDisassembler.tcl
6 ms. Memory: 175104K Free: 67181K (38%)
2 ms. Memory: 175104K Free: 66671K (38%)
3 ms. Memory: 175104K Free: 65103K (37%)
/home/travis/build/icyphy/ptII/ptolemy/actor/lib/test/Scale.tcl
3 ms. Memory: 175104K Free: 63599K (36%)
1 ms. Memory: 175104K Free: 62575K (36%)
1 ms. Memory: 175104K Free: 62053K (35%)
1 ms. Memory: 175104K Free: 61007K (35%)
3 ms. Memory: 175104K Free: 60527K (35%)
/home/travis/build/icyphy/ptII/ptolemy/actor/lib/test/SequentialClock.tcl
preinitializing
resolving types
initializing
executing number 1
wrapping up
idle
2 ms. Memory: 175104K Free: 58959K (34%)
Completed execution with 5 iterations
preinitializing
resolving types
initializing
executing number 1
wrapping up
idle
2 ms. Memory: 175104K Free: 58479K (33%)
Completed execution with 5 iterations
preinitializing
23 ms. Memory: 175104K Free: 152375K (87%)
/home/travis/build/icyphy/ptII/ptolemy/actor/lib/test/SetVariable.tcl
4 ms. Memory: 175104K Free: 150319K (86%)


==== $PTII/ptolemy/actor/lib/test/SetVariable.tcl: SetVariable-3.1 changeFailed
==== Contents of test case:

    #Uses 2.1 above
    jdkCaptureErr {
        # This test was failing if we ran Exit.tcl and then this test.
        # MessageHandler.error() now actually throws the Exception.
	catch {$setVariable changeFailed [java::null]  [java::new Exception {Test exception for SetVariable.changeFailed()}]} errMsg
    } results
    list [string range $results 0 89] "\n" $errMsg

==== Result was:
{java.lang.Exception: Test exception for SetVariable.changeFailed()
	at java.base/jdk.inter} {
} {java.lang.RuntimeException: java.lang.Exception: Test exception for SetVariable.changeFailed()}
---- Result should have been:
{Failed to set variable.
java.lang.Exception: Test exception for SetVariable.changeFailed()} {
} {java.lang.RuntimeException: java.lang.Exception: Test exception for SetVariable.changeFailed()}
---- SetVariable-3.1 FAILED
/home/travis/build/icyphy/ptII/ptolemy/actor/lib/test/Sinewave.tcl
/home/travis/build/icyphy/ptII/ptolemy/actor/lib/test/SubscriptionAggregator.tcl
3 ms. Memory: 175104K Free: 138560K (79%)
2 ms. Memory: 175104K Free: 137536K (79%)
1 ms. Memory: 175104K Free: 137007K (78%)
0 ms. Memory: 175104K Free: 137007K (78%)
2 ms. Memory: 175104K Free: 133440K (76%)
19 ms. Memory: 175104K Free: 131392K (75%)
...............................................................1018 ms. Memory: 248832K Free: 123632K (50%)
/home/travis/build/icyphy/ptII/ptolemy/actor/lib/test/Test.tcl
 The next command will produce a warning about training mode,
   which may be ignored.
5 ms. Memory: 248832K Free: 121592K (49%)
5 ms. Memory: 248832K Free: 120568K (48%)
1 ms. Memory: 248832K Free: 120058K (48%)
1 ms. Memory: 248832K Free: 119513K (48%)
3 ms. Memory: 248832K Free: 119034K (48%)
3 ms. Memory: 248832K Free: 117481K (47%)
3 ms. Memory: 248832K Free: 116441K (47%)
 The next command will produce a warning about training mode,
   which may be ignored.
12 ms. Memory: 248832K Free: 113914K (46%)
 The next command will produce a warning about training mode,
   which may be ignored.
2 ms. Memory: 248832K Free: 112890K (45%)
1 ms. Memory: 248832K Free: 112369K (45%)
4 ms. Memory: 248832K Free: 111866K (45%)
3 ms. Memory: 248832K Free: 111345K (45%)
7 ms. Memory: 248832K Free: 110328K (44%)
5 ms. Memory: 248832K Free: 106746K (43%)
/home/travis/build/icyphy/ptII/ptolemy/actor/lib/test/TestExceptionHandler.tcl
 The next command will produce a warning about training mode,
   which may be ignored.
2 ms. Memory: 248832K Free: 105193K (42%)
1 ms. Memory: 248832K Free: 104698K (42%)
1 ms. Memory: 248832K Free: 104184K (42%)
/home/travis/build/icyphy/ptII/ptolemy/actor/lib/test/UnionDisassembler.tcl
28 ms. Memory: 248832K Free: 97009K (39%)
/home/travis/build/icyphy/ptII/ptolemy/actor/lib/test/VariableClock.tcl
preinitializing
resolving types
initializing
executing number 1
wrapping up
idle
9 ms. Memory: 248832K Free: 94961K (38%)
Completed execution with 11 iterations
preinitializing
resolving types
initializing
executing number 1
wrapping up
idle
3 ms. Memory: 248832K Free: 93434K (38%)
Completed execution with 10 iterations
08/18/19 05:29:03
Failed: 1  Total Tests: 234  ((Passed: 233, Newly Passed: 0)  Known Failed: 0) /home/travis/build/icyphy/ptII/ptolemy/actor/lib/test
----------------- testing (KnownFailure) /home/travis/build/icyphy/ptII/ptolemy/actor/lib/test/auto/knownFailedTests/PublisherPortToplevelSubscriber.xml
1 ms. Memory: 248832K Free: 90362K (36%)
Known Failure: java.lang.reflect.InvocationTargetException
----------------- testing (KnownFailure) /home/travis/build/icyphy/ptII/ptolemy/actor/lib/test/auto/knownFailedTests/PublisherSubscriberPortToplevel.xml
0 ms. Memory: 248832K Free: 86776K (35%)
Known Failure: java.lang.reflect.InvocationTargetException
----------------- testing (KnownFailure) /home/travis/build/icyphy/ptII/ptolemy/actor/lib/test/auto/knownFailedTests/PublisherSubscriptionAggregatorPort.xml
1 ms. Memory: 248832K Free: 82680K (33%)
Known Failure: java.lang.reflect.InvocationTargetException
----------------- testing (KnownFailure) /home/travis/build/icyphy/ptII/ptolemy/actor/lib/test/auto/knownFailedTests/sizedarray3.xml
64 ms. Memory: 248832K Free: 202951K (82%)
Known Failure: java.lang.reflect.InvocationTargetException
No auto/linux-amd64/*.xml tests in /home/travis/build/icyphy/ptII/ptolemy/actor/lib/test
AutoTests.java: About to close Vertx.
AutoTests.java: Vertx closed.

===========================================================================================
----------------- testing Sun Aug 18 05:29:04 UTC 2019 /home/travis/build/icyphy/ptII/ptolemy/actor/lib/test/auto/AbsoluteValue.xml
----------------- Instantiating /home/travis/build/icyphy/ptII/ptolemy/actor/lib/test/auto/AbsoluteValue.xml
5 ms. Memory: 248832K Free: 180169K (72%)
----------------- Invoking toplevel() on ptolemy.moml.MoMLSimpleApplication@313e0de4
----------------- Done invoking toplevel() on ptolemy.moml.MoMLSimpleApplication@313e0de4
reloadAllAccessors: .AbsoluteValue

===========================================================================================
----------------- testing Sun Aug 18 05:29:04 UTC 2019 /home/travis/build/icyphy/ptII/ptolemy/actor/lib/test/auto/AbsoluteValue2.xml
----------------- Instantiating /home/travis/build/icyphy/ptII/ptolemy/actor/lib/test/auto/AbsoluteValue2.xml
4 ms. Memory: 248832K Free: 173515K (70%)
----------------- Invoking toplevel() on ptolemy.moml.MoMLSimpleApplication@4b459672
----------------- Done invoking toplevel() on ptolemy.moml.MoMLSimpleApplication@4b459672
reloadAllAccessors: .AbsoluteValue2

===========================================================================================
----------------- testing Sun Aug 18 05:29:04 UTC 2019 /home/travis/build/icyphy/ptII/ptolemy/actor/lib/test/auto/Accumulator.xml
----------------- Instantiating /home/travis/build/icyphy/ptII/ptolemy/actor/lib/test/auto/Accumulator.xml
7 ms. Memory: 248832K Free: 166857K (67%)
----------------- Invoking toplevel() on ptolemy.moml.MoMLSimpleApplication@1c86bd66
----------------- Done invoking toplevel() on ptolemy.moml.MoMLSimpleApplication@1c86bd66
reloadAllAccessors: .Accumulator

===========================================================================================
----------------- testing Sun Aug 18 05:29:04 UTC 2019 /home/travis/build/icyphy/ptII/ptolemy/actor/lib/test/auto/Accumulator2.xml
----------------- Instantiating /home/travis/build/icyphy/ptII/ptolemy/actor/lib/test/auto/Accumulator2.xml
3 ms. Memory: 248832K Free: 161737K (65%)
----------------- Invoking toplevel() on ptolemy.moml.MoMLSimpleApplication@42d60f4e
----------------- Done invoking toplevel() on ptolemy.moml.MoMLSimpleApplication@42d60f4e
reloadAllAccessors: .Accumulator2

===========================================================================================
----------------- testing Sun Aug 18 05:29:04 UTC 2019 /home/travis/build/icyphy/ptII/ptolemy/actor/lib/test/auto/Accumulator3.xml
----------------- Instantiating /home/travis/build/icyphy/ptII/ptolemy/actor/lib/test/auto/Accumulator3.xml
3 ms. Memory: 248832K Free: 157131K (63%)
----------------- Invoking toplevel() on ptolemy.moml.MoMLSimpleApplication@976b949
----------------- Done invoking toplevel() on ptolemy.moml.MoMLSimpleApplication@976b949
reloadAllAccessors: .Accumulator3

===========================================================================================
----------------- testing Sun Aug 18 05:29:04 UTC 2019 /home/travis/build/icyphy/ptII/ptolemy/actor/lib/test/auto/ArrayAppend.xml
----------------- Instantiating /home/travis/build/icyphy/ptII/ptolemy/actor/lib/test/auto/ArrayAppend.xml
5 ms. Memory: 248832K Free: 150987K (61%)
----------------- Invoking toplevel() on ptolemy.moml.MoMLSimpleApplication@10f8bb7d
----------------- Done invoking toplevel() on ptolemy.moml.MoMLSimpleApplication@10f8bb7d
reloadAllAccessors: .ArrayAppend

===========================================================================================
----------------- testing Sun Aug 18 05:29:04 UTC 2019 /home/travis/build/icyphy/ptII/ptolemy/actor/lib/test/auto/ArrayAppend2.xml
----------------- Instantiating /home/travis/build/icyphy/ptII/ptolemy/actor/lib/test/auto/ArrayAppend2.xml
507 ms. Memory: 425984K Free: 375808K (88%)
----------------- Invoking toplevel() on ptolemy.moml.MoMLSimpleApplication@3f881ca0
----------------- Done invoking toplevel() on ptolemy.moml.MoMLSimpleApplication@3f881ca0
reloadAllAccessors: .ArrayAppend2

===========================================================================================
----------------- testing Sun Aug 18 05:29:04 UTC 2019 /home/travis/build/icyphy/ptII/ptolemy/actor/lib/test/auto/ArrayAppend3.xml
----------------- Instantiating /home/travis/build/icyphy/ptII/ptolemy/actor/lib/test/auto/ArrayAppend3.xml
4 ms. Memory: 425984K Free: 369150K (87%)
----------------- Invoking toplevel() on ptolemy.moml.MoMLSimpleApplication@41189c53
----------------- Done invoking toplevel() on ptolemy.moml.MoMLSimpleApplication@41189c53
reloadAllAccessors: .ArrayAppend3

===========================================================================================
----------------- testing Sun Aug 18 05:29:04 UTC 2019 /home/travis/build/icyphy/ptII/ptolemy/actor/lib/test/auto/ArrayAppend4.xml
----------------- Instantiating /home/travis/build/icyphy/ptII/ptolemy/actor/lib/test/auto/ArrayAppend4.xml
3 ms. Memory: 425984K Free: 364030K (85%)
----------------- Invoking toplevel() on ptolemy.moml.MoMLSimpleApplication@1a4702f4
----------------- Done invoking toplevel() on ptolemy.moml.MoMLSimpleApplication@1a4702f4
reloadAllAccessors: .ArrayAppend4

===========================================================================================
----------------- testing Sun Aug 18 05:29:04 UTC 2019 /home/travis/build/icyphy/ptII/ptolemy/actor/lib/test/auto/ArrayAppend5.xml
----------------- Instantiating /home/travis/build/icyphy/ptII/ptolemy/actor/lib/test/auto/ArrayAppend5.xml
3 ms. Memory: 425984K Free: 358400K (84%)
----------------- Invoking toplevel() on ptolemy.moml.MoMLSimpleApplication@4c4fb670
----------------- Done invoking toplevel() on ptolemy.moml.MoMLSimpleApplication@4c4fb670
reloadAllAccessors: .ArrayAppend5

===========================================================================================
----------------- testing Sun Aug 18 05:29:05 UTC 2019 /home/travis/build/icyphy/ptII/ptolemy/actor/lib/test/auto/ArrayAppend6.xml
----------------- Instantiating /home/travis/build/icyphy/ptII/ptolemy/actor/lib/test/auto/ArrayAppend6.xml
2 ms. Memory: 425984K Free: 353790K (83%)
----------------- Invoking toplevel() on ptolemy.moml.MoMLSimpleApplication@15fbe14e
----------------- Done invoking toplevel() on ptolemy.moml.MoMLSimpleApplication@15fbe14e
reloadAllAccessors: .ArrayAppend6

===========================================================================================
----------------- testing Sun Aug 18 05:29:05 UTC 2019 /home/travis/build/icyphy/ptII/ptolemy/actor/lib/test/auto/ArrayAppendPerformanceTest.xml
----------------- Instantiating /home/travis/build/icyphy/ptII/ptolemy/actor/lib/test/auto/ArrayAppendPerformanceTest.xml
48 ms. Memory: 425984K Free: 342526K (80%)
----------------- Invoking toplevel() on ptolemy.moml.MoMLSimpleApplication@428f0630
----------------- Done invoking toplevel() on ptolemy.moml.MoMLSimpleApplication@428f0630
reloadAllAccessors: .ArrayAppendPerformanceTest

===========================================================================================
----------------- testing Sun Aug 18 05:29:05 UTC 2019 /home/travis/build/icyphy/ptII/ptolemy/actor/lib/test/auto/ArrayAppendWithEmptyInput.xml
----------------- Instantiating /home/travis/build/icyphy/ptII/ptolemy/actor/lib/test/auto/ArrayAppendWithEmptyInput.xml
13 ms. Memory: 425984K Free: 334848K (79%)
----------------- Invoking toplevel() on ptolemy.moml.MoMLSimpleApplication@3733176f
----------------- Done invoking toplevel() on ptolemy.moml.MoMLSimpleApplication@3733176f
reloadAllAccessors: .ArrayAppendWithEmptyInput

===========================================================================================
----------------- testing Sun Aug 18 05:29:05 UTC 2019 /home/travis/build/icyphy/ptII/ptolemy/actor/lib/test/auto/ArrayAverage.xml
----------------- Instantiating /home/travis/build/icyphy/ptII/ptolemy/actor/lib/test/auto/ArrayAverage.xml
5 ms. Memory: 425984K Free: 327166K (77%)
----------------- Invoking toplevel() on ptolemy.moml.MoMLSimpleApplication@12c8138e
----------------- Done invoking toplevel() on ptolemy.moml.MoMLSimpleApplication@12c8138e
reloadAllAccessors: .ArrayAverage

===========================================================================================
----------------- testing Sun Aug 18 05:29:05 UTC 2019 /home/travis/build/icyphy/ptII/ptolemy/actor/lib/test/auto/ArrayContains.xml
----------------- Instantiating /home/travis/build/icyphy/ptII/ptolemy/actor/lib/test/auto/ArrayContains.xml
3 ms. Memory: 425984K Free: 321022K (75%)
----------------- Invoking toplevel() on ptolemy.moml.MoMLSimpleApplication@b94b9e3
----------------- Done invoking toplevel() on ptolemy.moml.MoMLSimpleApplication@b94b9e3
reloadAllAccessors: .ArrayContains

===========================================================================================
----------------- testing Sun Aug 18 05:29:05 UTC 2019 /home/travis/build/icyphy/ptII/ptolemy/actor/lib/test/auto/ArrayElement.xml
----------------- Instantiating /home/travis/build/icyphy/ptII/ptolemy/actor/lib/test/auto/ArrayElement.xml
4 ms. Memory: 425984K Free: 315871K (74%)
----------------- Invoking toplevel() on ptolemy.moml.MoMLSimpleApplication@6f17a749
----------------- Done invoking toplevel() on ptolemy.moml.MoMLSimpleApplication@6f17a749
reloadAllAccessors: .ArrayElement

===========================================================================================
----------------- testing Sun Aug 18 05:29:05 UTC 2019 /home/travis/build/icyphy/ptII/ptolemy/actor/lib/test/auto/ArrayElementAsMatrix.xml
----------------- Instantiating /home/travis/build/icyphy/ptII/ptolemy/actor/lib/test/auto/ArrayElementAsMatrix.xml
12 ms. Memory: 425984K Free: 305662K (72%)
----------------- Invoking toplevel() on ptolemy.moml.MoMLSimpleApplication@4ac92db
----------------- Done invoking toplevel() on ptolemy.moml.MoMLSimpleApplication@4ac92db
reloadAllAccessors: .ArrayElementAsMatrix

===========================================================================================
----------------- testing Sun Aug 18 05:29:05 UTC 2019 /home/travis/build/icyphy/ptII/ptolemy/actor/lib/test/auto/ArrayElementI.xml
----------------- Instantiating /home/travis/build/icyphy/ptII/ptolemy/actor/lib/test/auto/ArrayElementI.xml
5 ms. Memory: 425984K Free: 301056K (71%)
----------------- Invoking toplevel() on ptolemy.moml.MoMLSimpleApplication@71b1affe
----------------- Done invoking toplevel() on ptolemy.moml.MoMLSimpleApplication@71b1affe
reloadAllAccessors: .ArrayElementI

===========================================================================================
----------------- testing Sun Aug 18 05:29:05 UTC 2019 /home/travis/build/icyphy/ptII/ptolemy/actor/lib/test/auto/ArrayExtract.xml
----------------- Instantiating /home/travis/build/icyphy/ptII/ptolemy/actor/lib/test/auto/ArrayExtract.xml
7 ms. Memory: 425984K Free: 292350K (69%)
----------------- Invoking toplevel() on ptolemy.moml.MoMLSimpleApplication@77c5cca1
----------------- Done invoking toplevel() on ptolemy.moml.MoMLSimpleApplication@77c5cca1
reloadAllAccessors: .ArrayExtract

===========================================================================================
----------------- testing Sun Aug 18 05:29:05 UTC 2019 /home/travis/build/icyphy/ptII/ptolemy/actor/lib/test/auto/ArrayExtract2.xml
----------------- Instantiating /home/travis/build/icyphy/ptII/ptolemy/actor/lib/test/auto/ArrayExtract2.xml
3 ms. Memory: 425984K Free: 287199K (67%)
----------------- Invoking toplevel() on ptolemy.moml.MoMLSimpleApplication@23748e01
----------------- Done invoking toplevel() on ptolemy.moml.MoMLSimpleApplication@23748e01
reloadAllAccessors: .ArrayExtract2

===========================================================================================
----------------- testing Sun Aug 18 05:29:05 UTC 2019 /home/travis/build/icyphy/ptII/ptolemy/actor/lib/test/auto/ArrayLength.xml
----------------- Instantiating /home/travis/build/icyphy/ptII/ptolemy/actor/lib/test/auto/ArrayLength.xml
3 ms. Memory: 425984K Free: 283134K (66%)
----------------- Invoking toplevel() on ptolemy.moml.MoMLSimpleApplication@24835d32
----------------- Done invoking toplevel() on ptolemy.moml.MoMLSimpleApplication@24835d32
reloadAllAccessors: .ArrayLength

===========================================================================================
----------------- testing Sun Aug 18 05:29:05 UTC 2019 /home/travis/build/icyphy/ptII/ptolemy/actor/lib/test/auto/ArrayLevelCrossing.xml
----------------- Instantiating /home/travis/build/icyphy/ptII/ptolemy/actor/lib/test/auto/ArrayLevelCrossing.xml
7 ms. Memory: 425984K Free: 275456K (65%)
----------------- Invoking toplevel() on ptolemy.moml.MoMLSimpleApplication@71589b37
----------------- Done invoking toplevel() on ptolemy.moml.MoMLSimpleApplication@71589b37
reloadAllAccessors: .ArrayLevelCrossing

===========================================================================================
----------------- testing Sun Aug 18 05:29:05 UTC 2019 /home/travis/build/icyphy/ptII/ptolemy/actor/lib/test/auto/ArrayLevelCrossing2.xml
----------------- Instantiating /home/travis/build/icyphy/ptII/ptolemy/actor/lib/test/auto/ArrayLevelCrossing2.xml
4 ms. Memory: 425984K Free: 267743K (63%)
----------------- Invoking toplevel() on ptolemy.moml.MoMLSimpleApplication@2f7a7c28
----------------- Done invoking toplevel() on ptolemy.moml.MoMLSimpleApplication@2f7a7c28
reloadAllAccessors: .ArrayLevelCrossing2

===========================================================================================
----------------- testing Sun Aug 18 05:29:05 UTC 2019 /home/travis/build/icyphy/ptII/ptolemy/actor/lib/test/auto/ArrayPeakSearch.xml
----------------- Instantiating /home/travis/build/icyphy/ptII/ptolemy/actor/lib/test/auto/ArrayPeakSearch.xml
7 ms. Memory: 425984K Free: 259072K (61%)
----------------- Invoking toplevel() on ptolemy.moml.MoMLSimpleApplication@76cc6825
----------------- Done invoking toplevel() on ptolemy.moml.MoMLSimpleApplication@76cc6825
reloadAllAccessors: .ArrayPeakSearch

===========================================================================================
----------------- testing Sun Aug 18 05:29:05 UTC 2019 /home/travis/build/icyphy/ptII/ptolemy/actor/lib/test/auto/ArrayPeakSearch2.xml
----------------- Instantiating /home/travis/build/icyphy/ptII/ptolemy/actor/lib/test/auto/ArrayPeakSearch2.xml
6 ms. Memory: 425984K Free: 248303K (58%)
----------------- Invoking toplevel() on ptolemy.moml.MoMLSimpleApplication@88b36a0
----------------- Done invoking toplevel() on ptolemy.moml.MoMLSimpleApplication@88b36a0
reloadAllAccessors: .ArrayPeakSearch2

===========================================================================================
----------------- testing Sun Aug 18 05:29:05 UTC 2019 /home/travis/build/icyphy/ptII/ptolemy/actor/lib/test/auto/ArrayPeakSearch3.xml
----------------- Instantiating /home/travis/build/icyphy/ptII/ptolemy/actor/lib/test/auto/ArrayPeakSearch3.xml
6 ms. Memory: 425984K Free: 239616K (56%)
----------------- Invoking toplevel() on ptolemy.moml.MoMLSimpleApplication@1322a608
----------------- Done invoking toplevel() on ptolemy.moml.MoMLSimpleApplication@1322a608
reloadAllAccessors: .ArrayPeakSearch3

===========================================================================================
----------------- testing Sun Aug 18 05:29:05 UTC 2019 /home/travis/build/icyphy/ptII/ptolemy/actor/lib/test/auto/ArrayRemoveElement.xml
----------------- Instantiating /home/travis/build/icyphy/ptII/ptolemy/actor/lib/test/auto/ArrayRemoveElement.xml
4 ms. Memory: 425984K Free: 231424K (54%)
----------------- Invoking toplevel() on ptolemy.moml.MoMLSimpleApplication@7feebd66
----------------- Done invoking toplevel() on ptolemy.moml.MoMLSimpleApplication@7feebd66
reloadAllAccessors: .ArrayRemoveElement

===========================================================================================
----------------- testing Sun Aug 18 05:29:05 UTC 2019 /home/travis/build/icyphy/ptII/ptolemy/actor/lib/test/auto/ArraySort.xml
----------------- Instantiating /home/travis/build/icyphy/ptII/ptolemy/actor/lib/test/auto/ArraySort.xml
4 ms. Memory: 425984K Free: 222718K (52%)
----------------- Invoking toplevel() on ptolemy.moml.MoMLSimpleApplication@14b4b19c
----------------- Done invoking toplevel() on ptolemy.moml.MoMLSimpleApplication@14b4b19c
reloadAllAccessors: .ArraySort

===========================================================================================
----------------- testing Sun Aug 18 05:29:05 UTC 2019 /home/travis/build/icyphy/ptII/ptolemy/actor/lib/test/auto/ArraySum.xml
----------------- Instantiating /home/travis/build/icyphy/ptII/ptolemy/actor/lib/test/auto/ArraySum.xml
7 ms. Memory: 425984K Free: 217088K (51%)
----------------- Invoking toplevel() on ptolemy.moml.MoMLSimpleApplication@eb817cf
----------------- Done invoking toplevel() on ptolemy.moml.MoMLSimpleApplication@eb817cf
reloadAllAccessors: .ArraySum

===========================================================================================
----------------- testing Sun Aug 18 05:29:05 UTC 2019 /home/travis/build/icyphy/ptII/ptolemy/actor/lib/test/auto/ArrayToElements.xml
----------------- Instantiating /home/travis/build/icyphy/ptII/ptolemy/actor/lib/test/auto/ArrayToElements.xml
9 ms. Memory: 425984K Free: 211968K (50%)
----------------- Invoking toplevel() on ptolemy.moml.MoMLSimpleApplication@7eb68284
----------------- Done invoking toplevel() on ptolemy.moml.MoMLSimpleApplication@7eb68284
reloadAllAccessors: .ArrayToElements

===========================================================================================
----------------- testing Sun Aug 18 05:29:05 UTC 2019 /home/travis/build/icyphy/ptII/ptolemy/actor/lib/test/auto/ArrayToMatrix.xml
----------------- Instantiating /home/travis/build/icyphy/ptII/ptolemy/actor/lib/test/auto/ArrayToMatrix.xml
11 ms. Memory: 425984K Free: 197632K (46%)
----------------- Invoking toplevel() on ptolemy.moml.MoMLSimpleApplication@3d518c6
----------------- Done invoking toplevel() on ptolemy.moml.MoMLSimpleApplication@3d518c6
reloadAllAccessors: .ArrayToMatrix

===========================================================================================
----------------- testing Sun Aug 18 05:29:05 UTC 2019 /home/travis/build/icyphy/ptII/ptolemy/actor/lib/test/auto/ArrayUpdate1.xml
----------------- Instantiating /home/travis/build/icyphy/ptII/ptolemy/actor/lib/test/auto/ArrayUpdate1.xml
3 ms. Memory: 425984K Free: 193022K (45%)
----------------- Invoking toplevel() on ptolemy.moml.MoMLSimpleApplication@4e230b16
----------------- Done invoking toplevel() on ptolemy.moml.MoMLSimpleApplication@4e230b16
reloadAllAccessors: .ArrayUpdate1

===========================================================================================
----------------- testing Sun Aug 18 05:29:06 UTC 2019 /home/travis/build/icyphy/ptII/ptolemy/actor/lib/test/auto/ArrayUpdate2.xml
----------------- Instantiating /home/travis/build/icyphy/ptII/ptolemy/actor/lib/test/auto/ArrayUpdate2.xml
9 ms. Memory: 425984K Free: 186368K (44%)
----------------- Invoking toplevel() on ptolemy.moml.MoMLSimpleApplication@35e587c
----------------- Done invoking toplevel() on ptolemy.moml.MoMLSimpleApplication@35e587c
reloadAllAccessors: .ArrayUpdate2

===========================================================================================
----------------- testing Sun Aug 18 05:29:06 UTC 2019 /home/travis/build/icyphy/ptII/ptolemy/actor/lib/test/auto/ArrayUpdate3.xml
----------------- Instantiating /home/travis/build/icyphy/ptII/ptolemy/actor/lib/test/auto/ArrayUpdate3.xml
5 ms. Memory: 425984K Free: 181758K (43%)
----------------- Invoking toplevel() on ptolemy.moml.MoMLSimpleApplication@795d0b93
----------------- Done invoking toplevel() on ptolemy.moml.MoMLSimpleApplication@795d0b93
reloadAllAccessors: .ArrayUpdate3

===========================================================================================
----------------- testing Sun Aug 18 05:29:06 UTC 2019 /home/travis/build/icyphy/ptII/ptolemy/actor/lib/test/auto/Assert1.xml
----------------- Instantiating /home/travis/build/icyphy/ptII/ptolemy/actor/lib/test/auto/Assert1.xml
8 ms. Memory: 425984K Free: 177152K (42%)
----------------- Invoking toplevel() on ptolemy.moml.MoMLSimpleApplication@27311ce8
----------------- Done invoking toplevel() on ptolemy.moml.MoMLSimpleApplication@27311ce8
reloadAllAccessors: .Assert1

===========================================================================================
----------------- testing Sun Aug 18 05:29:06 UTC 2019 /home/travis/build/icyphy/ptII/ptolemy/actor/lib/test/auto/Assert2.xml
----------------- Instantiating /home/travis/build/icyphy/ptII/ptolemy/actor/lib/test/auto/Assert2.xml
16 ms. Memory: 425984K Free: 172542K (41%)
----------------- Invoking toplevel() on ptolemy.moml.MoMLSimpleApplication@1791baf2
----------------- Done invoking toplevel() on ptolemy.moml.MoMLSimpleApplication@1791baf2
reloadAllAccessors: .Assert2

===========================================================================================
----------------- testing Sun Aug 18 05:29:06 UTC 2019 /home/travis/build/icyphy/ptII/ptolemy/actor/lib/test/auto/BooleanMultiplexor.xml
----------------- Instantiating /home/travis/build/icyphy/ptII/ptolemy/actor/lib/test/auto/BooleanMultiplexor.xml
4 ms. Memory: 425984K Free: 166912K (39%)
----------------- Invoking toplevel() on ptolemy.moml.MoMLSimpleApplication@3faf368e
----------------- Done invoking toplevel() on ptolemy.moml.MoMLSimpleApplication@3faf368e
reloadAllAccessors: .BooleanMultiplexor

===========================================================================================
----------------- testing Sun Aug 18 05:29:06 UTC 2019 /home/travis/build/icyphy/ptII/ptolemy/actor/lib/test/auto/BooleanMultiplexor2.xml
----------------- Instantiating /home/travis/build/icyphy/ptII/ptolemy/actor/lib/test/auto/BooleanMultiplexor2.xml
13 ms. Memory: 425984K Free: 160768K (38%)
----------------- Invoking toplevel() on ptolemy.moml.MoMLSimpleApplication@271ba4a6
----------------- Done invoking toplevel() on ptolemy.moml.MoMLSimpleApplication@271ba4a6
reloadAllAccessors: .BooleanMultiplexor2

===========================================================================================
----------------- testing Sun Aug 18 05:29:06 UTC 2019 /home/travis/build/icyphy/ptII/ptolemy/actor/lib/test/auto/BooleanMultiplexor3.xml
----------------- Instantiating /home/travis/build/icyphy/ptII/ptolemy/actor/lib/test/auto/BooleanMultiplexor3.xml
4 ms. Memory: 425984K Free: 376408K (88%)
----------------- Invoking toplevel() on ptolemy.moml.MoMLSimpleApplication@3a65eb69
----------------- Done invoking toplevel() on ptolemy.moml.MoMLSimpleApplication@3a65eb69
reloadAllAccessors: .BooleanMultiplexor3

===========================================================================================
----------------- testing Sun Aug 18 05:29:06 UTC 2019 /home/travis/build/icyphy/ptII/ptolemy/actor/lib/test/auto/BooleanSelect.xml
----------------- Instantiating /home/travis/build/icyphy/ptII/ptolemy/actor/lib/test/auto/BooleanSelect.xml
9 ms. Memory: 425984K Free: 370264K (87%)
----------------- Invoking toplevel() on ptolemy.moml.MoMLSimpleApplication@69f9ff76
----------------- Done invoking toplevel() on ptolemy.moml.MoMLSimpleApplication@69f9ff76
reloadAllAccessors: .BooleanSelect

===========================================================================================
----------------- testing Sun Aug 18 05:29:06 UTC 2019 /home/travis/build/icyphy/ptII/ptolemy/actor/lib/test/auto/BooleanSelect2.xml
----------------- Instantiating /home/travis/build/icyphy/ptII/ptolemy/actor/lib/test/auto/BooleanSelect2.xml
2 ms. Memory: 425984K Free: 365654K (86%)
----------------- Invoking toplevel() on ptolemy.moml.MoMLSimpleApplication@4ae22594
----------------- Done invoking toplevel() on ptolemy.moml.MoMLSimpleApplication@4ae22594
reloadAllAccessors: .BooleanSelect2

===========================================================================================
----------------- testing Sun Aug 18 05:29:06 UTC 2019 /home/travis/build/icyphy/ptII/ptolemy/actor/lib/test/auto/BooleanSwitch.xml
----------------- Instantiating /home/travis/build/icyphy/ptII/ptolemy/actor/lib/test/auto/BooleanSwitch.xml
5 ms. Memory: 425984K Free: 360024K (85%)
----------------- Invoking toplevel() on ptolemy.moml.MoMLSimpleApplication@942ba81
----------------- Done invoking toplevel() on ptolemy.moml.MoMLSimpleApplication@942ba81
reloadAllAccessors: .BooleanSwitch

===========================================================================================
----------------- testing Sun Aug 18 05:29:06 UTC 2019 /home/travis/build/icyphy/ptII/ptolemy/actor/lib/test/auto/BooleanSwitch2.xml
----------------- Instantiating /home/travis/build/icyphy/ptII/ptolemy/actor/lib/test/auto/BooleanSwitch2.xml
1 ms. Memory: 425984K Free: 355414K (83%)
----------------- Invoking toplevel() on ptolemy.moml.MoMLSimpleApplication@7f2f6ee0
----------------- Done invoking toplevel() on ptolemy.moml.MoMLSimpleApplication@7f2f6ee0
reloadAllAccessors: .BooleanSwitch2

===========================================================================================
----------------- testing Sun Aug 18 05:29:06 UTC 2019 /home/travis/build/icyphy/ptII/ptolemy/actor/lib/test/auto/BooleanSwitchCloningBugWithClassRelationGroup.xml
----------------- Instantiating /home/travis/build/icyphy/ptII/ptolemy/actor/lib/test/auto/BooleanSwitchCloningBugWithClassRelationGroup.xml
3 ms. Memory: 425984K Free: 349784K (82%)
----------------- Invoking toplevel() on ptolemy.moml.MoMLSimpleApplication@753a20d5
----------------- Done invoking toplevel() on ptolemy.moml.MoMLSimpleApplication@753a20d5
reloadAllAccessors: .BooleanSwitchCloningBugWithClassRelationGroup

===========================================================================================
----------------- testing Sun Aug 18 05:29:06 UTC 2019 /home/travis/build/icyphy/ptII/ptolemy/actor/lib/test/auto/BusActors.xml
----------------- Instantiating /home/travis/build/icyphy/ptII/ptolemy/actor/lib/test/auto/BusActors.xml
4 ms. Memory: 425984K Free: 341592K (80%)
----------------- Invoking toplevel() on ptolemy.moml.MoMLSimpleApplication@2ca68f60
----------------- Done invoking toplevel() on ptolemy.moml.MoMLSimpleApplication@2ca68f60
reloadAllAccessors: .BusActors

===========================================================================================
----------------- testing Sun Aug 18 05:29:06 UTC 2019 /home/travis/build/icyphy/ptII/ptolemy/actor/lib/test/auto/ClassWrapper.xml
----------------- Instantiating /home/travis/build/icyphy/ptII/ptolemy/actor/lib/test/auto/ClassWrapper.xml
3 ms. Memory: 425984K Free: 337496K (79%)
----------------- Invoking toplevel() on ptolemy.moml.MoMLSimpleApplication@32db5a22
----------------- Done invoking toplevel() on ptolemy.moml.MoMLSimpleApplication@32db5a22
reloadAllAccessors: .ClassWrapper

===========================================================================================
----------------- testing Sun Aug 18 05:29:06 UTC 2019 /home/travis/build/icyphy/ptII/ptolemy/actor/lib/test/auto/Clock.xml
----------------- Instantiating /home/travis/build/icyphy/ptII/ptolemy/actor/lib/test/auto/Clock.xml
1 ms. Memory: 425984K Free: 333400K (78%)
----------------- Invoking toplevel() on ptolemy.moml.MoMLSimpleApplication@553b6379
----------------- Done invoking toplevel() on ptolemy.moml.MoMLSimpleApplication@553b6379
reloadAllAccessors: .Clock

===========================================================================================
----------------- testing Sun Aug 18 05:29:06 UTC 2019 /home/travis/build/icyphy/ptII/ptolemy/actor/lib/test/auto/Clock10.xml
----------------- Instantiating /home/travis/build/icyphy/ptII/ptolemy/actor/lib/test/auto/Clock10.xml
4 ms. Memory: 425984K Free: 327766K (77%)
----------------- Invoking toplevel() on ptolemy.moml.MoMLSimpleApplication@5258965a
----------------- Done invoking toplevel() on ptolemy.moml.MoMLSimpleApplication@5258965a
reloadAllAccessors: .Clock10

===========================================================================================
----------------- testing Sun Aug 18 05:29:06 UTC 2019 /home/travis/build/icyphy/ptII/ptolemy/actor/lib/test/auto/Clock11.xml
----------------- Instantiating /home/travis/build/icyphy/ptII/ptolemy/actor/lib/test/auto/Clock11.xml
5 ms. Memory: 425984K Free: 321622K (76%)
----------------- Invoking toplevel() on ptolemy.moml.MoMLSimpleApplication@7e968e92
----------------- Done invoking toplevel() on ptolemy.moml.MoMLSimpleApplication@7e968e92
reloadAllAccessors: .Clock11

===========================================================================================
----------------- testing Sun Aug 18 05:29:06 UTC 2019 /home/travis/build/icyphy/ptII/ptolemy/actor/lib/test/auto/Clock12.xml
----------------- Instantiating /home/travis/build/icyphy/ptII/ptolemy/actor/lib/test/auto/Clock12.xml
6 ms. Memory: 425984K Free: 315992K (74%)
----------------- Invoking toplevel() on ptolemy.moml.MoMLSimpleApplication@3310083b
----------------- Done invoking toplevel() on ptolemy.moml.MoMLSimpleApplication@3310083b
reloadAllAccessors: .Clock12

===========================================================================================
----------------- testing Sun Aug 18 05:29:06 UTC 2019 /home/travis/build/icyphy/ptII/ptolemy/actor/lib/test/auto/Clock13.xml
----------------- Instantiating /home/travis/build/icyphy/ptII/ptolemy/actor/lib/test/auto/Clock13.xml
4 ms. Memory: 425984K Free: 309848K (73%)
----------------- Invoking toplevel() on ptolemy.moml.MoMLSimpleApplication@53efd7f1
----------------- Done invoking toplevel() on ptolemy.moml.MoMLSimpleApplication@53efd7f1
reloadAllAccessors: .Clock13

===========================================================================================
----------------- testing Sun Aug 18 05:29:06 UTC 2019 /home/travis/build/icyphy/ptII/ptolemy/actor/lib/test/auto/Clock14.xml
----------------- Instantiating /home/travis/build/icyphy/ptII/ptolemy/actor/lib/test/auto/Clock14.xml
3 ms. Memory: 425984K Free: 304208K (71%)
----------------- Invoking toplevel() on ptolemy.moml.MoMLSimpleApplication@3229706
----------------- Done invoking toplevel() on ptolemy.moml.MoMLSimpleApplication@3229706
reloadAllAccessors: .Clock14

===========================================================================================
----------------- testing Sun Aug 18 05:29:06 UTC 2019 /home/travis/build/icyphy/ptII/ptolemy/actor/lib/test/auto/Clock15.xml
----------------- Instantiating /home/travis/build/icyphy/ptII/ptolemy/actor/lib/test/auto/Clock15.xml
3 ms. Memory: 425984K Free: 298040K (70%)
----------------- Invoking toplevel() on ptolemy.moml.MoMLSimpleApplication@5f627726
----------------- Done invoking toplevel() on ptolemy.moml.MoMLSimpleApplication@5f627726
reloadAllAccessors: .Clock15

===========================================================================================
----------------- testing Sun Aug 18 05:29:06 UTC 2019 /home/travis/build/icyphy/ptII/ptolemy/actor/lib/test/auto/Clock16.xml
----------------- Instantiating /home/travis/build/icyphy/ptII/ptolemy/actor/lib/test/auto/Clock16.xml
31 ms. Memory: 425984K Free: 283222K (66%)
----------------- Invoking toplevel() on ptolemy.moml.MoMLSimpleApplication@50374c03
----------------- Done invoking toplevel() on ptolemy.moml.MoMLSimpleApplication@50374c03
reloadAllAccessors: .Clock16

===========================================================================================
----------------- testing Sun Aug 18 05:29:06 UTC 2019 /home/travis/build/icyphy/ptII/ptolemy/actor/lib/test/auto/Clock17.xml
----------------- Instantiating /home/travis/build/icyphy/ptII/ptolemy/actor/lib/test/auto/Clock17.xml
24 ms. Memory: 425984K Free: 269384K (63%)
----------------- Invoking toplevel() on ptolemy.moml.MoMLSimpleApplication@1fcab69a
----------------- Done invoking toplevel() on ptolemy.moml.MoMLSimpleApplication@1fcab69a
reloadAllAccessors: .Clock17

===========================================================================================
----------------- testing Sun Aug 18 05:29:06 UTC 2019 /home/travis/build/icyphy/ptII/ptolemy/actor/lib/test/auto/Clock18.xml
----------------- Instantiating /home/travis/build/icyphy/ptII/ptolemy/actor/lib/test/auto/Clock18.xml
23 ms. Memory: 425984K Free: 255576K (60%)
----------------- Invoking toplevel() on ptolemy.moml.MoMLSimpleApplication@44824462
----------------- Done invoking toplevel() on ptolemy.moml.MoMLSimpleApplication@44824462
reloadAllAccessors: .Clock18

===========================================================================================
----------------- testing Sun Aug 18 05:29:06 UTC 2019 /home/travis/build/icyphy/ptII/ptolemy/actor/lib/test/auto/Clock19.xml
----------------- Instantiating /home/travis/build/icyphy/ptII/ptolemy/actor/lib/test/auto/Clock19.xml
10 ms. Memory: 425984K Free: 242760K (57%)
----------------- Invoking toplevel() on ptolemy.moml.MoMLSimpleApplication@2c427262
----------------- Done invoking toplevel() on ptolemy.moml.MoMLSimpleApplication@2c427262
reloadAllAccessors: .Clock19

===========================================================================================
----------------- testing Sun Aug 18 05:29:06 UTC 2019 /home/travis/build/icyphy/ptII/ptolemy/actor/lib/test/auto/Clock2.xml
----------------- Instantiating /home/travis/build/icyphy/ptII/ptolemy/actor/lib/test/auto/Clock2.xml
8 ms. Memory: 425984K Free: 237624K (56%)
----------------- Invoking toplevel() on ptolemy.moml.MoMLSimpleApplication@5b0cda7e
----------------- Done invoking toplevel() on ptolemy.moml.MoMLSimpleApplication@5b0cda7e
reloadAllAccessors: .Clock2

===========================================================================================
----------------- testing Sun Aug 18 05:29:06 UTC 2019 /home/travis/build/icyphy/ptII/ptolemy/actor/lib/test/auto/Clock20.xml
----------------- Instantiating /home/travis/build/icyphy/ptII/ptolemy/actor/lib/test/auto/Clock20.xml
7 ms. Memory: 425984K Free: 232534K (55%)
----------------- Invoking toplevel() on ptolemy.moml.MoMLSimpleApplication@17d24b86
----------------- Done invoking toplevel() on ptolemy.moml.MoMLSimpleApplication@17d24b86
reloadAllAccessors: .Clock20

===========================================================================================
----------------- testing Sun Aug 18 05:29:06 UTC 2019 /home/travis/build/icyphy/ptII/ptolemy/actor/lib/test/auto/Clock21.xml
----------------- Instantiating /home/travis/build/icyphy/ptII/ptolemy/actor/lib/test/auto/Clock21.xml
6 ms. Memory: 425984K Free: 226904K (53%)
----------------- Invoking toplevel() on ptolemy.moml.MoMLSimpleApplication@6da000b6
----------------- Done invoking toplevel() on ptolemy.moml.MoMLSimpleApplication@6da000b6
reloadAllAccessors: .Clock21

===========================================================================================
----------------- testing Sun Aug 18 05:29:06 UTC 2019 /home/travis/build/icyphy/ptII/ptolemy/actor/lib/test/auto/Clock22.xml
----------------- Instantiating /home/travis/build/icyphy/ptII/ptolemy/actor/lib/test/auto/Clock22.xml
5 ms. Memory: 425984K Free: 221270K (52%)
----------------- Invoking toplevel() on ptolemy.moml.MoMLSimpleApplication@41bafe28
----------------- Done invoking toplevel() on ptolemy.moml.MoMLSimpleApplication@41bafe28
reloadAllAccessors: .Clock22

===========================================================================================
----------------- testing Sun Aug 18 05:29:06 UTC 2019 /home/travis/build/icyphy/ptII/ptolemy/actor/lib/test/auto/Clock23.xml
----------------- Instantiating /home/travis/build/icyphy/ptII/ptolemy/actor/lib/test/auto/Clock23.xml
7 ms. Memory: 425984K Free: 216150K (51%)
----------------- Invoking toplevel() on ptolemy.moml.MoMLSimpleApplication@58ebba2a
----------------- Done invoking toplevel() on ptolemy.moml.MoMLSimpleApplication@58ebba2a
reloadAllAccessors: .Clock23

===========================================================================================
----------------- testing Sun Aug 18 05:29:06 UTC 2019 /home/travis/build/icyphy/ptII/ptolemy/actor/lib/test/auto/Clock24.xml
----------------- Instantiating /home/travis/build/icyphy/ptII/ptolemy/actor/lib/test/auto/Clock24.xml
5 ms. Memory: 425984K Free: 210520K (49%)
----------------- Invoking toplevel() on ptolemy.moml.MoMLSimpleApplication@1516f5ec
----------------- Done invoking toplevel() on ptolemy.moml.MoMLSimpleApplication@1516f5ec
reloadAllAccessors: .Clock24

===========================================================================================
----------------- testing Sun Aug 18 05:29:07 UTC 2019 /home/travis/build/icyphy/ptII/ptolemy/actor/lib/test/auto/Clock4.xml
----------------- Instantiating /home/travis/build/icyphy/ptII/ptolemy/actor/lib/test/auto/Clock4.xml
1 ms. Memory: 425984K Free: 205880K (48%)
----------------- Invoking toplevel() on ptolemy.moml.MoMLSimpleApplication@701a2c5
----------------- Done invoking toplevel() on ptolemy.moml.MoMLSimpleApplication@701a2c5
reloadAllAccessors: .Clock4

===========================================================================================
----------------- testing Sun Aug 18 05:29:07 UTC 2019 /home/travis/build/icyphy/ptII/ptolemy/actor/lib/test/auto/Clock5.xml
----------------- Instantiating /home/travis/build/icyphy/ptII/ptolemy/actor/lib/test/auto/Clock5.xml
1 ms. Memory: 425984K Free: 200280K (47%)
----------------- Invoking toplevel() on ptolemy.moml.MoMLSimpleApplication@72dde743
----------------- Done invoking toplevel() on ptolemy.moml.MoMLSimpleApplication@72dde743
reloadAllAccessors: .Clock5

===========================================================================================
----------------- testing Sun Aug 18 05:29:07 UTC 2019 /home/travis/build/icyphy/ptII/ptolemy/actor/lib/test/auto/Clock6.xml
----------------- Instantiating /home/travis/build/icyphy/ptII/ptolemy/actor/lib/test/auto/Clock6.xml
2 ms. Memory: 425984K Free: 195670K (46%)
----------------- Invoking toplevel() on ptolemy.moml.MoMLSimpleApplication@6d3827f1
----------------- Done invoking toplevel() on ptolemy.moml.MoMLSimpleApplication@6d3827f1
reloadAllAccessors: .Clock6

===========================================================================================
----------------- testing Sun Aug 18 05:29:07 UTC 2019 /home/travis/build/icyphy/ptII/ptolemy/actor/lib/test/auto/Clock7.xml
----------------- Instantiating /home/travis/build/icyphy/ptII/ptolemy/actor/lib/test/auto/Clock7.xml
3 ms. Memory: 425984K Free: 191574K (45%)
----------------- Invoking toplevel() on ptolemy.moml.MoMLSimpleApplication@492ddaff
----------------- Done invoking toplevel() on ptolemy.moml.MoMLSimpleApplication@492ddaff
reloadAllAccessors: .Clock7

===========================================================================================
----------------- testing Sun Aug 18 05:29:07 UTC 2019 /home/travis/build/icyphy/ptII/ptolemy/actor/lib/test/auto/Clock8.xml
----------------- Instantiating /home/travis/build/icyphy/ptII/ptolemy/actor/lib/test/auto/Clock8.xml
6 ms. Memory: 425984K Free: 185944K (44%)
----------------- Invoking toplevel() on ptolemy.moml.MoMLSimpleApplication@47ed45d9
----------------- Done invoking toplevel() on ptolemy.moml.MoMLSimpleApplication@47ed45d9
reloadAllAccessors: .Clock8

===========================================================================================
----------------- testing Sun Aug 18 05:29:07 UTC 2019 /home/travis/build/icyphy/ptII/ptolemy/actor/lib/test/auto/Clock9.xml
----------------- Instantiating /home/travis/build/icyphy/ptII/ptolemy/actor/lib/test/auto/Clock9.xml
6 ms. Memory: 425984K Free: 180824K (42%)
----------------- Invoking toplevel() on ptolemy.moml.MoMLSimpleApplication@1e5181e3
----------------- Done invoking toplevel() on ptolemy.moml.MoMLSimpleApplication@1e5181e3
reloadAllAccessors: .Clock9

===========================================================================================
----------------- testing Sun Aug 18 05:29:07 UTC 2019 /home/travis/build/icyphy/ptII/ptolemy/actor/lib/test/auto/CommDistDiscard.xml
----------------- Instantiating /home/travis/build/icyphy/ptII/ptolemy/actor/lib/test/auto/CommDistDiscard.xml
4 ms. Memory: 425984K Free: 175190K (41%)
----------------- Invoking toplevel() on ptolemy.moml.MoMLSimpleApplication@5a103578
----------------- Done invoking toplevel() on ptolemy.moml.MoMLSimpleApplication@5a103578
reloadAllAccessors: .CommDistDiscard

===========================================================================================
----------------- testing Sun Aug 18 05:29:07 UTC 2019 /home/travis/build/icyphy/ptII/ptolemy/actor/lib/test/auto/Commutator.xml
----------------- Instantiating /home/travis/build/icyphy/ptII/ptolemy/actor/lib/test/auto/Commutator.xml
3 ms. Memory: 425984K Free: 171094K (40%)
----------------- Invoking toplevel() on ptolemy.moml.MoMLSimpleApplication@183beebb
----------------- Done invoking toplevel() on ptolemy.moml.MoMLSimpleApplication@183beebb
reloadAllAccessors: .Commutator

===========================================================================================
----------------- testing Sun Aug 18 05:29:07 UTC 2019 /home/travis/build/icyphy/ptII/ptolemy/actor/lib/test/auto/Commutator2.xml
----------------- Instantiating /home/travis/build/icyphy/ptII/ptolemy/actor/lib/test/auto/Commutator2.xml
2 ms. Memory: 425984K Free: 166488K (39%)
----------------- Invoking toplevel() on ptolemy.moml.MoMLSimpleApplication@2e390433
----------------- Done invoking toplevel() on ptolemy.moml.MoMLSimpleApplication@2e390433
reloadAllAccessors: .Commutator2

===========================================================================================
----------------- testing Sun Aug 18 05:29:07 UTC 2019 /home/travis/build/icyphy/ptII/ptolemy/actor/lib/test/auto/Commutator3.xml
----------------- Instantiating /home/travis/build/icyphy/ptII/ptolemy/actor/lib/test/auto/Commutator3.xml
2 ms. Memory: 425984K Free: 161878K (38%)
----------------- Invoking toplevel() on ptolemy.moml.MoMLSimpleApplication@1a6c0c93
----------------- Done invoking toplevel() on ptolemy.moml.MoMLSimpleApplication@1a6c0c93
reloadAllAccessors: .Commutator3

===========================================================================================
----------------- testing Sun Aug 18 05:29:07 UTC 2019 /home/travis/build/icyphy/ptII/ptolemy/actor/lib/test/auto/Compare.xml
----------------- Instantiating /home/travis/build/icyphy/ptII/ptolemy/actor/lib/test/auto/Compare.xml
2 ms. Memory: 425984K Free: 155734K (37%)
----------------- Invoking toplevel() on ptolemy.moml.MoMLSimpleApplication@52f9941b
----------------- Done invoking toplevel() on ptolemy.moml.MoMLSimpleApplication@52f9941b
reloadAllAccessors: .Compare

===========================================================================================
----------------- testing Sun Aug 18 05:29:07 UTC 2019 /home/travis/build/icyphy/ptII/ptolemy/actor/lib/test/auto/CompareDE.xml
----------------- Instantiating /home/travis/build/icyphy/ptII/ptolemy/actor/lib/test/auto/CompareDE.xml
4 ms. Memory: 425984K Free: 148552K (35%)
----------------- Invoking toplevel() on ptolemy.moml.MoMLSimpleApplication@5b7a8ac4
----------------- Done invoking toplevel() on ptolemy.moml.MoMLSimpleApplication@5b7a8ac4
reloadAllAccessors: .CompareDE

===========================================================================================
----------------- testing Sun Aug 18 05:29:07 UTC 2019 /home/travis/build/icyphy/ptII/ptolemy/actor/lib/test/auto/ComplexDivide.xml
----------------- Instantiating /home/travis/build/icyphy/ptII/ptolemy/actor/lib/test/auto/ComplexDivide.xml
2 ms. Memory: 425984K Free: 144984K (34%)
----------------- Invoking toplevel() on ptolemy.moml.MoMLSimpleApplication@2ea7f0e2
----------------- Done invoking toplevel() on ptolemy.moml.MoMLSimpleApplication@2ea7f0e2
reloadAllAccessors: .ComplexDivide

===========================================================================================
----------------- testing Sun Aug 18 05:29:07 UTC 2019 /home/travis/build/icyphy/ptII/ptolemy/actor/lib/test/auto/ComputeHistogram.xml
----------------- Instantiating /home/travis/build/icyphy/ptII/ptolemy/actor/lib/test/auto/ComputeHistogram.xml
36 ms. Memory: 425984K Free: 132182K (31%)
----------------- Invoking toplevel() on ptolemy.moml.MoMLSimpleApplication@6dec397
----------------- Done invoking toplevel() on ptolemy.moml.MoMLSimpleApplication@6dec397
reloadAllAccessors: .ComputeHistogram

===========================================================================================
----------------- testing Sun Aug 18 05:29:07 UTC 2019 /home/travis/build/icyphy/ptII/ptolemy/actor/lib/test/auto/ConfigurationSelect.xml
----------------- Instantiating /home/travis/build/icyphy/ptII/ptolemy/actor/lib/test/auto/ConfigurationSelect.xml
2 ms. Memory: 425984K Free: 127056K (30%)
----------------- Invoking toplevel() on ptolemy.moml.MoMLSimpleApplication@45010d0d
----------------- Done invoking toplevel() on ptolemy.moml.MoMLSimpleApplication@45010d0d
reloadAllAccessors: .ConfigurationSelect

===========================================================================================
----------------- testing Sun Aug 18 05:29:07 UTC 2019 /home/travis/build/icyphy/ptII/ptolemy/actor/lib/test/auto/ConfigurationSelect2.xml
----------------- Instantiating /home/travis/build/icyphy/ptII/ptolemy/actor/lib/test/auto/ConfigurationSelect2.xml
1 ms. Memory: 425984K Free: 375642K (88%)
----------------- Invoking toplevel() on ptolemy.moml.MoMLSimpleApplication@e4ac579
----------------- Done invoking toplevel() on ptolemy.moml.MoMLSimpleApplication@e4ac579
reloadAllAccessors: .ConfigurationSelect2

===========================================================================================
----------------- testing Sun Aug 18 05:29:07 UTC 2019 /home/travis/build/icyphy/ptII/ptolemy/actor/lib/test/auto/ConfigurationSwitch.xml
----------------- Instantiating /home/travis/build/icyphy/ptII/ptolemy/actor/lib/test/auto/ConfigurationSwitch.xml
1 ms. Memory: 425984K Free: 370008K (87%)
----------------- Invoking toplevel() on ptolemy.moml.MoMLSimpleApplication@443943ce
----------------- Done invoking toplevel() on ptolemy.moml.MoMLSimpleApplication@443943ce
reloadAllAccessors: .ConfigurationSwitch

===========================================================================================
----------------- testing Sun Aug 18 05:29:07 UTC 2019 /home/travis/build/icyphy/ptII/ptolemy/actor/lib/test/auto/ConfigurationSwitch2.xml
----------------- Instantiating /home/travis/build/icyphy/ptII/ptolemy/actor/lib/test/auto/ConfigurationSwitch2.xml
2 ms. Memory: 425984K Free: 364378K (86%)
----------------- Invoking toplevel() on ptolemy.moml.MoMLSimpleApplication@1ec4e39f
----------------- Done invoking toplevel() on ptolemy.moml.MoMLSimpleApplication@1ec4e39f
reloadAllAccessors: .ConfigurationSwitch2

===========================================================================================
----------------- testing Sun Aug 18 05:29:07 UTC 2019 /home/travis/build/icyphy/ptII/ptolemy/actor/lib/test/auto/ConfigurationSwitchCloningBugWithClassRelationGroup.xml
----------------- Instantiating /home/travis/build/icyphy/ptII/ptolemy/actor/lib/test/auto/ConfigurationSwitchCloningBugWithClassRelationGroup.xml
1 ms. Memory: 425984K Free: 358234K (84%)
----------------- Invoking toplevel() on ptolemy.moml.MoMLSimpleApplication@3cfc6e4a
----------------- Done invoking toplevel() on ptolemy.moml.MoMLSimpleApplication@3cfc6e4a
reloadAllAccessors: .ConfigurationSwitchCloningBugWithClassRelationGroup

===========================================================================================
----------------- testing Sun Aug 18 05:29:07 UTC 2019 /home/travis/build/icyphy/ptII/ptolemy/actor/lib/test/auto/ConfigurationSwitchSelectSDF.xml
----------------- Instantiating /home/travis/build/icyphy/ptII/ptolemy/actor/lib/test/auto/ConfigurationSwitchSelectSDF.xml
3 ms. Memory: 425984K Free: 352600K (83%)
----------------- Invoking toplevel() on ptolemy.moml.MoMLSimpleApplication@63e8c9e1
----------------- Done invoking toplevel() on ptolemy.moml.MoMLSimpleApplication@63e8c9e1
reloadAllAccessors: .ConfigurationSwitchSelectSDF

===========================================================================================
----------------- testing Sun Aug 18 05:29:07 UTC 2019 /home/travis/build/icyphy/ptII/ptolemy/actor/lib/test/auto/ConfigurationSwitchSelectSDF2.xml
----------------- Instantiating /home/travis/build/icyphy/ptII/ptolemy/actor/lib/test/auto/ConfigurationSwitchSelectSDF2.xml
2 ms. Memory: 425984K Free: 346970K (81%)
----------------- Invoking toplevel() on ptolemy.moml.MoMLSimpleApplication@7a7c35b5
----------------- Done invoking toplevel() on ptolemy.moml.MoMLSimpleApplication@7a7c35b5
reloadAllAccessors: .ConfigurationSwitchSelectSDF2

===========================================================================================
----------------- testing Sun Aug 18 05:29:07 UTC 2019 /home/travis/build/icyphy/ptII/ptolemy/actor/lib/test/auto/Const.xml
----------------- Instantiating /home/travis/build/icyphy/ptII/ptolemy/actor/lib/test/auto/Const.xml
1 ms. Memory: 425984K Free: 343384K (81%)
----------------- Invoking toplevel() on ptolemy.moml.MoMLSimpleApplication@76a07923
----------------- Done invoking toplevel() on ptolemy.moml.MoMLSimpleApplication@76a07923
reloadAllAccessors: .Const

===========================================================================================
----------------- testing Sun Aug 18 05:29:07 UTC 2019 /home/travis/build/icyphy/ptII/ptolemy/actor/lib/test/auto/Const2.xml
----------------- Instantiating /home/travis/build/icyphy/ptII/ptolemy/actor/lib/test/auto/Const2.xml
1 ms. Memory: 425984K Free: 339288K (80%)
----------------- Invoking toplevel() on ptolemy.moml.MoMLSimpleApplication@4bf1b72e
----------------- Done invoking toplevel() on ptolemy.moml.MoMLSimpleApplication@4bf1b72e
reloadAllAccessors: .Const2

===========================================================================================
----------------- testing Sun Aug 18 05:29:07 UTC 2019 /home/travis/build/icyphy/ptII/ptolemy/actor/lib/test/auto/Const3.xml
----------------- Instantiating /home/travis/build/icyphy/ptII/ptolemy/actor/lib/test/auto/Const3.xml
1 ms. Memory: 425984K Free: 336730K (79%)
----------------- Invoking toplevel() on ptolemy.moml.MoMLSimpleApplication@5c99b40
----------------- Done invoking toplevel() on ptolemy.moml.MoMLSimpleApplication@5c99b40
reloadAllAccessors: .Const3

===========================================================================================
----------------- testing Sun Aug 18 05:29:07 UTC 2019 /home/travis/build/icyphy/ptII/ptolemy/actor/lib/test/auto/ConstantPublisherPort1.xml
----------------- Instantiating /home/travis/build/icyphy/ptII/ptolemy/actor/lib/test/auto/ConstantPublisherPort1.xml
5 ms. Memory: 425984K Free: 327514K (77%)
----------------- Invoking toplevel() on ptolemy.moml.MoMLSimpleApplication@47fe18eb
----------------- Done invoking toplevel() on ptolemy.moml.MoMLSimpleApplication@47fe18eb
reloadAllAccessors: .ConstantPublisherPort1

===========================================================================================
----------------- testing Sun Aug 18 05:29:07 UTC 2019 /home/travis/build/icyphy/ptII/ptolemy/actor/lib/test/auto/ConstantPublisherPort2.xml
----------------- Instantiating /home/travis/build/icyphy/ptII/ptolemy/actor/lib/test/auto/ConstantPublisherPort2.xml
4 ms. Memory: 425984K Free: 320346K (75%)
----------------- Invoking toplevel() on ptolemy.moml.MoMLSimpleApplication@33deb37a
----------------- Done invoking toplevel() on ptolemy.moml.MoMLSimpleApplication@33deb37a
reloadAllAccessors: .ConstantPublisherPort2

===========================================================================================
----------------- testing Sun Aug 18 05:29:07 UTC 2019 /home/travis/build/icyphy/ptII/ptolemy/actor/lib/test/auto/ConstantPublisherPort3.xml
----------------- Instantiating /home/travis/build/icyphy/ptII/ptolemy/actor/lib/test/auto/ConstantPublisherPort3.xml
4 ms. Memory: 425984K Free: 312664K (73%)
----------------- Invoking toplevel() on ptolemy.moml.MoMLSimpleApplication@12e11caf
----------------- Done invoking toplevel() on ptolemy.moml.MoMLSimpleApplication@12e11caf
reloadAllAccessors: .ConstantPublisherPort3

===========================================================================================
----------------- testing Sun Aug 18 05:29:07 UTC 2019 /home/travis/build/icyphy/ptII/ptolemy/actor/lib/test/auto/ConstantPublisherPort4.xml
----------------- Instantiating /home/travis/build/icyphy/ptII/ptolemy/actor/lib/test/auto/ConstantPublisherPort4.xml
2 ms. Memory: 425984K Free: 305496K (72%)
----------------- Invoking toplevel() on ptolemy.moml.MoMLSimpleApplication@1b6301da
----------------- Done invoking toplevel() on ptolemy.moml.MoMLSimpleApplication@1b6301da
reloadAllAccessors: .ConstantPublisherPort4

===========================================================================================
----------------- testing Sun Aug 18 05:29:07 UTC 2019 /home/travis/build/icyphy/ptII/ptolemy/actor/lib/test/auto/ConstantPublisherPort5.xml
----------------- Instantiating /home/travis/build/icyphy/ptII/ptolemy/actor/lib/test/auto/ConstantPublisherPort5.xml
31 ms. Memory: 425984K Free: 296280K (70%)
----------------- Invoking toplevel() on ptolemy.moml.MoMLSimpleApplication@49ff57ba
----------------- Done invoking toplevel() on ptolemy.moml.MoMLSimpleApplication@49ff57ba
reloadAllAccessors: .ConstantPublisherPort5

===========================================================================================
----------------- testing Sun Aug 18 05:29:07 UTC 2019 /home/travis/build/icyphy/ptII/ptolemy/actor/lib/test/auto/ConstantPublisherPort6.xml
----------------- Instantiating /home/travis/build/icyphy/ptII/ptolemy/actor/lib/test/auto/ConstantPublisherPort6.xml
18 ms. Memory: 425984K Free: 287064K (67%)
----------------- Invoking toplevel() on ptolemy.moml.MoMLSimpleApplication@7108c926
----------------- Done invoking toplevel() on ptolemy.moml.MoMLSimpleApplication@7108c926
reloadAllAccessors: .ConstantPublisherPort6

===========================================================================================
----------------- testing Sun Aug 18 05:29:07 UTC 2019 /home/travis/build/icyphy/ptII/ptolemy/actor/lib/test/auto/ConstantPublisherPort7.xml
----------------- Instantiating /home/travis/build/icyphy/ptII/ptolemy/actor/lib/test/auto/ConstantPublisherPort7.xml
15 ms. Memory: 425984K Free: 278362K (65%)
----------------- Invoking toplevel() on ptolemy.moml.MoMLSimpleApplication@6ec801b4
----------------- Done invoking toplevel() on ptolemy.moml.MoMLSimpleApplication@6ec801b4
reloadAllAccessors: .ConstantPublisherPort7

===========================================================================================
----------------- testing Sun Aug 18 05:29:07 UTC 2019 /home/travis/build/icyphy/ptII/ptolemy/actor/lib/test/auto/ConstraintMonitor1.xml
----------------- Instantiating /home/travis/build/icyphy/ptII/ptolemy/actor/lib/test/auto/ConstraintMonitor1.xml
4 ms. Memory: 425984K Free: 273242K (64%)
----------------- Invoking toplevel() on ptolemy.moml.MoMLSimpleApplication@232b4bbd
----------------- Done invoking toplevel() on ptolemy.moml.MoMLSimpleApplication@232b4bbd
reloadAllAccessors: .ConstraintMonitor1

===========================================================================================
----------------- testing Sun Aug 18 05:29:07 UTC 2019 /home/travis/build/icyphy/ptII/ptolemy/actor/lib/test/auto/ConstraintMonitor2.xml
----------------- Instantiating /home/travis/build/icyphy/ptII/ptolemy/actor/lib/test/auto/ConstraintMonitor2.xml
2 ms. Memory: 425984K Free: 268632K (63%)
----------------- Invoking toplevel() on ptolemy.moml.MoMLSimpleApplication@530ffb1f
----------------- Done invoking toplevel() on ptolemy.moml.MoMLSimpleApplication@530ffb1f
reloadAllAccessors: .ConstraintMonitor2

===========================================================================================
----------------- testing Sun Aug 18 05:29:07 UTC 2019 /home/travis/build/icyphy/ptII/ptolemy/actor/lib/test/auto/ConstraintMonitor3.xml
----------------- Instantiating /home/travis/build/icyphy/ptII/ptolemy/actor/lib/test/auto/ConstraintMonitor3.xml
1 ms. Memory: 425984K Free: 264026K (62%)
----------------- Invoking toplevel() on ptolemy.moml.MoMLSimpleApplication@6ab1af66
----------------- Done invoking toplevel() on ptolemy.moml.MoMLSimpleApplication@6ab1af66
reloadAllAccessors: .ConstraintMonitor3

===========================================================================================
----------------- testing Sun Aug 18 05:29:07 UTC 2019 /home/travis/build/icyphy/ptII/ptolemy/actor/lib/test/auto/ConstraintMonitor4.xml
----------------- Instantiating /home/travis/build/icyphy/ptII/ptolemy/actor/lib/test/auto/ConstraintMonitor4.xml
2 ms. Memory: 425984K Free: 259416K (61%)
----------------- Invoking toplevel() on ptolemy.moml.MoMLSimpleApplication@31ad87d9
----------------- Done invoking toplevel() on ptolemy.moml.MoMLSimpleApplication@31ad87d9
reloadAllAccessors: .ConstraintMonitor4

===========================================================================================
----------------- testing Sun Aug 18 05:29:07 UTC 2019 /home/travis/build/icyphy/ptII/ptolemy/actor/lib/test/auto/ConstraintMonitor5.xml
----------------- Instantiating /home/travis/build/icyphy/ptII/ptolemy/actor/lib/test/auto/ConstraintMonitor5.xml
3 ms. Memory: 425984K Free: 254296K (60%)
----------------- Invoking toplevel() on ptolemy.moml.MoMLSimpleApplication@2c4dbbaa
----------------- Done invoking toplevel() on ptolemy.moml.MoMLSimpleApplication@2c4dbbaa
reloadAllAccessors: .ConstraintMonitor5

===========================================================================================
----------------- testing Sun Aug 18 05:29:07 UTC 2019 /home/travis/build/icyphy/ptII/ptolemy/actor/lib/test/auto/ConstraintMonitor6.xml
----------------- Instantiating /home/travis/build/icyphy/ptII/ptolemy/actor/lib/test/auto/ConstraintMonitor6.xml
8 ms. Memory: 425984K Free: 248138K (58%)
----------------- Invoking toplevel() on ptolemy.moml.MoMLSimpleApplication@47b4d86c
----------------- Done invoking toplevel() on ptolemy.moml.MoMLSimpleApplication@47b4d86c
reloadAllAccessors: .ConstraintMonitor6

===========================================================================================
----------------- testing Sun Aug 18 05:29:07 UTC 2019 /home/travis/build/icyphy/ptII/ptolemy/actor/lib/test/auto/ConstraintMonitor7.xml
----------------- Instantiating /home/travis/build/icyphy/ptII/ptolemy/actor/lib/test/auto/ConstraintMonitor7.xml
6 ms. Memory: 425984K Free: 241994K (57%)
----------------- Invoking toplevel() on ptolemy.moml.MoMLSimpleApplication@62ed041d
----------------- Done invoking toplevel() on ptolemy.moml.MoMLSimpleApplication@62ed041d
reloadAllAccessors: .ConstraintMonitor7

===========================================================================================
----------------- testing Sun Aug 18 05:29:07 UTC 2019 /home/travis/build/icyphy/ptII/ptolemy/actor/lib/test/auto/ConstraintMonitor8.xml
----------------- Instantiating /home/travis/build/icyphy/ptII/ptolemy/actor/lib/test/auto/ConstraintMonitor8.xml
7 ms. Memory: 425984K Free: 234330K (55%)
----------------- Invoking toplevel() on ptolemy.moml.MoMLSimpleApplication@43b5c1e9
----------------- Done invoking toplevel() on ptolemy.moml.MoMLSimpleApplication@43b5c1e9
reloadAllAccessors: .ConstraintMonitor8

===========================================================================================
----------------- testing Sun Aug 18 05:29:07 UTC 2019 /home/travis/build/icyphy/ptII/ptolemy/actor/lib/test/auto/Counter.xml
----------------- Instantiating /home/travis/build/icyphy/ptII/ptolemy/actor/lib/test/auto/Counter.xml
3 ms. Memory: 425984K Free: 228696K (54%)
----------------- Invoking toplevel() on ptolemy.moml.MoMLSimpleApplication@4eef7c92
----------------- Done invoking toplevel() on ptolemy.moml.MoMLSimpleApplication@4eef7c92
reloadAllAccessors: .Counter

===========================================================================================
----------------- testing Sun Aug 18 05:29:07 UTC 2019 /home/travis/build/icyphy/ptII/ptolemy/actor/lib/test/auto/CurrentTimeSDF.xml
----------------- Instantiating /home/travis/build/icyphy/ptII/ptolemy/actor/lib/test/auto/CurrentTimeSDF.xml
1 ms. Memory: 425984K Free: 225114K (53%)
----------------- Invoking toplevel() on ptolemy.moml.MoMLSimpleApplication@91f8b36
----------------- Done invoking toplevel() on ptolemy.moml.MoMLSimpleApplication@91f8b36
reloadAllAccessors: .CurrentTimeSDF

===========================================================================================
----------------- testing Sun Aug 18 05:29:07 UTC 2019 /home/travis/build/icyphy/ptII/ptolemy/actor/lib/test/auto/DB.xml
----------------- Instantiating /home/travis/build/icyphy/ptII/ptolemy/actor/lib/test/auto/DB.xml
2 ms. Memory: 425984K Free: 219480K (52%)
----------------- Invoking toplevel() on ptolemy.moml.MoMLSimpleApplication@c801499
----------------- Done invoking toplevel() on ptolemy.moml.MoMLSimpleApplication@c801499
reloadAllAccessors: .DB

===========================================================================================
----------------- testing Sun Aug 18 05:29:07 UTC 2019 /home/travis/build/icyphy/ptII/ptolemy/actor/lib/test/auto/DBDE.xml
----------------- Instantiating /home/travis/build/icyphy/ptII/ptolemy/actor/lib/test/auto/DBDE.xml
12 ms. Memory: 425984K Free: 213306K (50%)
----------------- Invoking toplevel() on ptolemy.moml.MoMLSimpleApplication@ab1d31e
----------------- Done invoking toplevel() on ptolemy.moml.MoMLSimpleApplication@ab1d31e
reloadAllAccessors: .DBDE

===========================================================================================
----------------- testing Sun Aug 18 05:29:07 UTC 2019 /home/travis/build/icyphy/ptII/ptolemy/actor/lib/test/auto/DateConstructor.xml
----------------- Instantiating /home/travis/build/icyphy/ptII/ptolemy/actor/lib/test/auto/DateConstructor.xml
29 ms. Memory: 425984K Free: 195928K (46%)
----------------- Invoking toplevel() on ptolemy.moml.MoMLSimpleApplication@2aca1027
----------------- Done invoking toplevel() on ptolemy.moml.MoMLSimpleApplication@2aca1027
reloadAllAccessors: .DateConstructor

===========================================================================================
----------------- testing Sun Aug 18 05:29:08 UTC 2019 /home/travis/build/icyphy/ptII/ptolemy/actor/lib/test/auto/DelayTime.xml
----------------- Instantiating /home/travis/build/icyphy/ptII/ptolemy/actor/lib/test/auto/DelayTime.xml
6 ms. Memory: 425984K Free: 190808K (45%)
----------------- Invoking toplevel() on ptolemy.moml.MoMLSimpleApplication@3efd0c5b
----------------- Done invoking toplevel() on ptolemy.moml.MoMLSimpleApplication@3efd0c5b
reloadAllAccessors: .DelayTime

===========================================================================================
----------------- testing Sun Aug 18 05:29:08 UTC 2019 /home/travis/build/icyphy/ptII/ptolemy/actor/lib/test/auto/Dictionary1.xml
----------------- Instantiating /home/travis/build/icyphy/ptII/ptolemy/actor/lib/test/auto/Dictionary1.xml
7 ms. Memory: 425984K Free: 185178K (43%)
----------------- Invoking toplevel() on ptolemy.moml.MoMLSimpleApplication@b0d5caa
----------------- Done invoking toplevel() on ptolemy.moml.MoMLSimpleApplication@b0d5caa
reloadAllAccessors: .Dictionary1

===========================================================================================
----------------- testing Sun Aug 18 05:29:08 UTC 2019 /home/travis/build/icyphy/ptII/ptolemy/actor/lib/test/auto/Dictionary2.xml
----------------- Instantiating /home/travis/build/icyphy/ptII/ptolemy/actor/lib/test/auto/Dictionary2.xml
4 ms. Memory: 425984K Free: 180058K (42%)
----------------- Invoking toplevel() on ptolemy.moml.MoMLSimpleApplication@3ee7d853
----------------- Done invoking toplevel() on ptolemy.moml.MoMLSimpleApplication@3ee7d853
reloadAllAccessors: .Dictionary2

===========================================================================================
----------------- testing Sun Aug 18 05:29:08 UTC 2019 /home/travis/build/icyphy/ptII/ptolemy/actor/lib/test/auto/Dictionary3.xml
----------------- Instantiating /home/travis/build/icyphy/ptII/ptolemy/actor/lib/test/auto/Dictionary3.xml
1 ms. Memory: 425984K Free: 174424K (41%)
----------------- Invoking toplevel() on ptolemy.moml.MoMLSimpleApplication@6970782
----------------- Done invoking toplevel() on ptolemy.moml.MoMLSimpleApplication@6970782
reloadAllAccessors: .Dictionary3

===========================================================================================
----------------- testing Sun Aug 18 05:29:08 UTC 2019 /home/travis/build/icyphy/ptII/ptolemy/actor/lib/test/auto/Dictionary4.xml
----------------- Instantiating /home/travis/build/icyphy/ptII/ptolemy/actor/lib/test/auto/Dictionary4.xml
3 ms. Memory: 425984K Free: 167256K (39%)
----------------- Invoking toplevel() on ptolemy.moml.MoMLSimpleApplication@70a39d04
----------------- Done invoking toplevel() on ptolemy.moml.MoMLSimpleApplication@70a39d04
reloadAllAccessors: .Dictionary4

===========================================================================================
----------------- testing Sun Aug 18 05:29:08 UTC 2019 /home/travis/build/icyphy/ptII/ptolemy/actor/lib/test/auto/Differential.xml
----------------- Instantiating /home/travis/build/icyphy/ptII/ptolemy/actor/lib/test/auto/Differential.xml
3 ms. Memory: 425984K Free: 163160K (38%)
----------------- Invoking toplevel() on ptolemy.moml.MoMLSimpleApplication@3534f1be
----------------- Done invoking toplevel() on ptolemy.moml.MoMLSimpleApplication@3534f1be
reloadAllAccessors: .Differential

===========================================================================================
----------------- testing Sun Aug 18 05:29:08 UTC 2019 /home/travis/build/icyphy/ptII/ptolemy/actor/lib/test/auto/Director.xml
----------------- Instantiating /home/travis/build/icyphy/ptII/ptolemy/actor/lib/test/auto/Director.xml
1 ms. Memory: 425984K Free: 159578K (37%)
----------------- Invoking toplevel() on ptolemy.moml.MoMLSimpleApplication@503e71b
----------------- Done invoking toplevel() on ptolemy.moml.MoMLSimpleApplication@503e71b
reloadAllAccessors: .Director

===========================================================================================
----------------- testing Sun Aug 18 05:29:08 UTC 2019 /home/travis/build/icyphy/ptII/ptolemy/actor/lib/test/auto/DiscreteClock.xml
----------------- Instantiating /home/travis/build/icyphy/ptII/ptolemy/actor/lib/test/auto/DiscreteClock.xml
1 ms. Memory: 425984K Free: 155482K (36%)
----------------- Invoking toplevel() on ptolemy.moml.MoMLSimpleApplication@68450266
----------------- Done invoking toplevel() on ptolemy.moml.MoMLSimpleApplication@68450266
reloadAllAccessors: .DiscreteClock

===========================================================================================
----------------- testing Sun Aug 18 05:29:08 UTC 2019 /home/travis/build/icyphy/ptII/ptolemy/actor/lib/test/auto/DiscreteClock10.xml
----------------- Instantiating /home/travis/build/icyphy/ptII/ptolemy/actor/lib/test/auto/DiscreteClock10.xml
4 ms. Memory: 425984K Free: 149338K (35%)
----------------- Invoking toplevel() on ptolemy.moml.MoMLSimpleApplication@26690b97
----------------- Done invoking toplevel() on ptolemy.moml.MoMLSimpleApplication@26690b97
reloadAllAccessors: .DiscreteClock10

===========================================================================================
----------------- testing Sun Aug 18 05:29:08 UTC 2019 /home/travis/build/icyphy/ptII/ptolemy/actor/lib/test/auto/DiscreteClock11.xml
----------------- Instantiating /home/travis/build/icyphy/ptII/ptolemy/actor/lib/test/auto/DiscreteClock11.xml
2 ms. Memory: 425984K Free: 143704K (34%)
----------------- Invoking toplevel() on ptolemy.moml.MoMLSimpleApplication@8f81142
----------------- Done invoking toplevel() on ptolemy.moml.MoMLSimpleApplication@8f81142
reloadAllAccessors: .DiscreteClock11

===========================================================================================
----------------- testing Sun Aug 18 05:29:08 UTC 2019 /home/travis/build/icyphy/ptII/ptolemy/actor/lib/test/auto/DiscreteClock12.xml
----------------- Instantiating /home/travis/build/icyphy/ptII/ptolemy/actor/lib/test/auto/DiscreteClock12.xml
3 ms. Memory: 425984K Free: 137560K (32%)
----------------- Invoking toplevel() on ptolemy.moml.MoMLSimpleApplication@4a1ce65a
----------------- Done invoking toplevel() on ptolemy.moml.MoMLSimpleApplication@4a1ce65a
reloadAllAccessors: .DiscreteClock12

===========================================================================================
----------------- testing Sun Aug 18 05:29:08 UTC 2019 /home/travis/build/icyphy/ptII/ptolemy/actor/lib/test/auto/DiscreteClock13.xml
----------------- Instantiating /home/travis/build/icyphy/ptII/ptolemy/actor/lib/test/auto/DiscreteClock13.xml
14 ms. Memory: 425984K Free: 131386K (31%)
----------------- Invoking toplevel() on ptolemy.moml.MoMLSimpleApplication@63c3832
----------------- Done invoking toplevel() on ptolemy.moml.MoMLSimpleApplication@63c3832
reloadAllAccessors: .DiscreteClock13

===========================================================================================
----------------- testing Sun Aug 18 05:29:08 UTC 2019 /home/travis/build/icyphy/ptII/ptolemy/actor/lib/test/auto/DiscreteClock14.xml
----------------- Instantiating /home/travis/build/icyphy/ptII/ptolemy/actor/lib/test/auto/DiscreteClock14.xml
12 ms. Memory: 425984K Free: 377738K (89%)
----------------- Invoking toplevel() on ptolemy.moml.MoMLSimpleApplication@287182fb
----------------- Done invoking toplevel() on ptolemy.moml.MoMLSimpleApplication@287182fb
reloadAllAccessors: .DiscreteClock14

===========================================================================================
----------------- testing Sun Aug 18 05:29:08 UTC 2019 /home/travis/build/icyphy/ptII/ptolemy/actor/lib/test/auto/DiscreteClock15.xml
----------------- Instantiating /home/travis/build/icyphy/ptII/ptolemy/actor/lib/test/auto/DiscreteClock15.xml
7 ms. Memory: 425984K Free: 371336K (87%)
----------------- Invoking toplevel() on ptolemy.moml.MoMLSimpleApplication@704bb1d8
----------------- Done invoking toplevel() on ptolemy.moml.MoMLSimpleApplication@704bb1d8
reloadAllAccessors: .DiscreteClock15

===========================================================================================
----------------- testing Sun Aug 18 05:29:08 UTC 2019 /home/travis/build/icyphy/ptII/ptolemy/actor/lib/test/auto/DiscreteClock16.xml
----------------- Instantiating /home/travis/build/icyphy/ptII/ptolemy/actor/lib/test/auto/DiscreteClock16.xml
14 ms. Memory: 425984K Free: 357544K (84%)
----------------- Invoking toplevel() on ptolemy.moml.MoMLSimpleApplication@23bd71aa
----------------- Done invoking toplevel() on ptolemy.moml.MoMLSimpleApplication@23bd71aa
reloadAllAccessors: .DiscreteClock16

===========================================================================================
----------------- testing Sun Aug 18 05:29:08 UTC 2019 /home/travis/build/icyphy/ptII/ptolemy/actor/lib/test/auto/DiscreteClock17.xml
----------------- Instantiating /home/travis/build/icyphy/ptII/ptolemy/actor/lib/test/auto/DiscreteClock17.xml
22 ms. Memory: 425984K Free: 342664K (80%)
----------------- Invoking toplevel() on ptolemy.moml.MoMLSimpleApplication@12e8215c
----------------- Done invoking toplevel() on ptolemy.moml.MoMLSimpleApplication@12e8215c
reloadAllAccessors: .DiscreteClock17

===========================================================================================
----------------- testing Sun Aug 18 05:29:08 UTC 2019 /home/travis/build/icyphy/ptII/ptolemy/actor/lib/test/auto/DiscreteClock18.xml
----------------- Instantiating /home/travis/build/icyphy/ptII/ptolemy/actor/lib/test/auto/DiscreteClock18.xml
9 ms. Memory: 425984K Free: 328872K (77%)
----------------- Invoking toplevel() on ptolemy.moml.MoMLSimpleApplication@109af06f
----------------- Done invoking toplevel() on ptolemy.moml.MoMLSimpleApplication@109af06f
reloadAllAccessors: .DiscreteClock18

===========================================================================================
----------------- testing Sun Aug 18 05:29:08 UTC 2019 /home/travis/build/icyphy/ptII/ptolemy/actor/lib/test/auto/DiscreteClock19.xml
----------------- Instantiating /home/travis/build/icyphy/ptII/ptolemy/actor/lib/test/auto/DiscreteClock19.xml
24 ms. Memory: 425984K Free: 315560K (74%)
----------------- Invoking toplevel() on ptolemy.moml.MoMLSimpleApplication@407153d2
----------------- Done invoking toplevel() on ptolemy.moml.MoMLSimpleApplication@407153d2
reloadAllAccessors: .DiscreteClock19

===========================================================================================
----------------- testing Sun Aug 18 05:29:08 UTC 2019 /home/travis/build/icyphy/ptII/ptolemy/actor/lib/test/auto/DiscreteClock2.xml
----------------- Instantiating /home/travis/build/icyphy/ptII/ptolemy/actor/lib/test/auto/DiscreteClock2.xml
1 ms. Memory: 425984K Free: 310440K (73%)
----------------- Invoking toplevel() on ptolemy.moml.MoMLSimpleApplication@6f37423e
----------------- Done invoking toplevel() on ptolemy.moml.MoMLSimpleApplication@6f37423e
reloadAllAccessors: .DiscreteClock2

===========================================================================================
----------------- testing Sun Aug 18 05:29:08 UTC 2019 /home/travis/build/icyphy/ptII/ptolemy/actor/lib/test/auto/DiscreteClock20.xml
----------------- Instantiating /home/travis/build/icyphy/ptII/ptolemy/actor/lib/test/auto/DiscreteClock20.xml
2 ms. Memory: 425984K Free: 304806K (72%)
----------------- Invoking toplevel() on ptolemy.moml.MoMLSimpleApplication@3353d7dd
----------------- Done invoking toplevel() on ptolemy.moml.MoMLSimpleApplication@3353d7dd
reloadAllAccessors: .DiscreteClock20

===========================================================================================
----------------- testing Sun Aug 18 05:29:08 UTC 2019 /home/travis/build/icyphy/ptII/ptolemy/actor/lib/test/auto/DiscreteClock21.xml
----------------- Instantiating /home/travis/build/icyphy/ptII/ptolemy/actor/lib/test/auto/DiscreteClock21.xml
5 ms. Memory: 425984K Free: 299176K (70%)
----------------- Invoking toplevel() on ptolemy.moml.MoMLSimpleApplication@dede4e4
----------------- Done invoking toplevel() on ptolemy.moml.MoMLSimpleApplication@dede4e4
reloadAllAccessors: .DiscreteClock21

===========================================================================================
----------------- testing Sun Aug 18 05:29:08 UTC 2019 /home/travis/build/icyphy/ptII/ptolemy/actor/lib/test/auto/DiscreteClock22.xml
----------------- Instantiating /home/travis/build/icyphy/ptII/ptolemy/actor/lib/test/auto/DiscreteClock22.xml
5 ms. Memory: 425984K Free: 294056K (69%)
----------------- Invoking toplevel() on ptolemy.moml.MoMLSimpleApplication@373f7eb5
----------------- Done invoking toplevel() on ptolemy.moml.MoMLSimpleApplication@373f7eb5
reloadAllAccessors: .DiscreteClock22

===========================================================================================
----------------- testing Sun Aug 18 05:29:08 UTC 2019 /home/travis/build/icyphy/ptII/ptolemy/actor/lib/test/auto/DiscreteClock23.xml
----------------- Instantiating /home/travis/build/icyphy/ptII/ptolemy/actor/lib/test/auto/DiscreteClock23.xml
2 ms. Memory: 425984K Free: 288422K (68%)
----------------- Invoking toplevel() on ptolemy.moml.MoMLSimpleApplication@1c299df5
----------------- Done invoking toplevel() on ptolemy.moml.MoMLSimpleApplication@1c299df5
reloadAllAccessors: .DiscreteClock23

===========================================================================================
----------------- testing Sun Aug 18 05:29:08 UTC 2019 /home/travis/build/icyphy/ptII/ptolemy/actor/lib/test/auto/DiscreteClock24.xml
----------------- Instantiating /home/travis/build/icyphy/ptII/ptolemy/actor/lib/test/auto/DiscreteClock24.xml
6 ms. Memory: 425984K Free: 282792K (66%)
----------------- Invoking toplevel() on ptolemy.moml.MoMLSimpleApplication@e50db4e
----------------- Done invoking toplevel() on ptolemy.moml.MoMLSimpleApplication@e50db4e
reloadAllAccessors: .DiscreteClock24

===========================================================================================
----------------- testing Sun Aug 18 05:29:08 UTC 2019 /home/travis/build/icyphy/ptII/ptolemy/actor/lib/test/auto/DiscreteClock4.xml
----------------- Instantiating /home/travis/build/icyphy/ptII/ptolemy/actor/lib/test/auto/DiscreteClock4.xml
2 ms. Memory: 425984K Free: 277144K (65%)
----------------- Invoking toplevel() on ptolemy.moml.MoMLSimpleApplication@69e84896
----------------- Done invoking toplevel() on ptolemy.moml.MoMLSimpleApplication@69e84896
reloadAllAccessors: .DiscreteClock4

===========================================================================================
----------------- testing Sun Aug 18 05:29:08 UTC 2019 /home/travis/build/icyphy/ptII/ptolemy/actor/lib/test/auto/DiscreteClock5.xml
----------------- Instantiating /home/travis/build/icyphy/ptII/ptolemy/actor/lib/test/auto/DiscreteClock5.xml
2 ms. Memory: 425984K Free: 271528K (64%)
----------------- Invoking toplevel() on ptolemy.moml.MoMLSimpleApplication@1d1b65bb
----------------- Done invoking toplevel() on ptolemy.moml.MoMLSimpleApplication@1d1b65bb
reloadAllAccessors: .DiscreteClock5

===========================================================================================
----------------- testing Sun Aug 18 05:29:08 UTC 2019 /home/travis/build/icyphy/ptII/ptolemy/actor/lib/test/auto/DiscreteClock6.xml
----------------- Instantiating /home/travis/build/icyphy/ptII/ptolemy/actor/lib/test/auto/DiscreteClock6.xml
1 ms. Memory: 425984K Free: 267432K (63%)
----------------- Invoking toplevel() on ptolemy.moml.MoMLSimpleApplication@701a5743
----------------- Done invoking toplevel() on ptolemy.moml.MoMLSimpleApplication@701a5743
reloadAllAccessors: .DiscreteClock6

===========================================================================================
----------------- testing Sun Aug 18 05:29:08 UTC 2019 /home/travis/build/icyphy/ptII/ptolemy/actor/lib/test/auto/DiscreteClock7.xml
----------------- Instantiating /home/travis/build/icyphy/ptII/ptolemy/actor/lib/test/auto/DiscreteClock7.xml
1 ms. Memory: 425984K Free: 262822K (62%)
----------------- Invoking toplevel() on ptolemy.moml.MoMLSimpleApplication@7a0273de
----------------- Done invoking toplevel() on ptolemy.moml.MoMLSimpleApplication@7a0273de
reloadAllAccessors: .DiscreteClock7

===========================================================================================
----------------- testing Sun Aug 18 05:29:08 UTC 2019 /home/travis/build/icyphy/ptII/ptolemy/actor/lib/test/auto/DiscreteClock8.xml
----------------- Instantiating /home/travis/build/icyphy/ptII/ptolemy/actor/lib/test/auto/DiscreteClock8.xml
3 ms. Memory: 425984K Free: 257192K (60%)
----------------- Invoking toplevel() on ptolemy.moml.MoMLSimpleApplication@5bbddcdf
----------------- Done invoking toplevel() on ptolemy.moml.MoMLSimpleApplication@5bbddcdf
reloadAllAccessors: .DiscreteClock8

===========================================================================================
----------------- testing Sun Aug 18 05:29:08 UTC 2019 /home/travis/build/icyphy/ptII/ptolemy/actor/lib/test/auto/DiscreteClock9.xml
----------------- Instantiating /home/travis/build/icyphy/ptII/ptolemy/actor/lib/test/auto/DiscreteClock9.xml
2 ms. Memory: 425984K Free: 251552K (59%)
----------------- Invoking toplevel() on ptolemy.moml.MoMLSimpleApplication@78e69b60
----------------- Done invoking toplevel() on ptolemy.moml.MoMLSimpleApplication@78e69b60
reloadAllAccessors: .DiscreteClock9

===========================================================================================
----------------- testing Sun Aug 18 05:29:08 UTC 2019 /home/travis/build/icyphy/ptII/ptolemy/actor/lib/test/auto/DisplayArray.xml
----------------- Instantiating /home/travis/build/icyphy/ptII/ptolemy/actor/lib/test/auto/DisplayArray.xml
2 ms. Memory: 425984K Free: 248486K (58%)
----------------- Invoking toplevel() on ptolemy.moml.MoMLSimpleApplication@5e41462c
----------------- Done invoking toplevel() on ptolemy.moml.MoMLSimpleApplication@5e41462c
reloadAllAccessors: .DisplayArray

===========================================================================================
----------------- testing Sun Aug 18 05:29:08 UTC 2019 /home/travis/build/icyphy/ptII/ptolemy/actor/lib/test/auto/Distributor.xml
----------------- Instantiating /home/travis/build/icyphy/ptII/ptolemy/actor/lib/test/auto/Distributor.xml
2 ms. Memory: 425984K Free: 243366K (57%)
----------------- Invoking toplevel() on ptolemy.moml.MoMLSimpleApplication@34777bbf
----------------- Done invoking toplevel() on ptolemy.moml.MoMLSimpleApplication@34777bbf
reloadAllAccessors: .Distributor

===========================================================================================
----------------- testing Sun Aug 18 05:29:08 UTC 2019 /home/travis/build/icyphy/ptII/ptolemy/actor/lib/test/auto/Distributor2.xml
----------------- Instantiating /home/travis/build/icyphy/ptII/ptolemy/actor/lib/test/auto/Distributor2.xml
2 ms. Memory: 425984K Free: 238246K (56%)
----------------- Invoking toplevel() on ptolemy.moml.MoMLSimpleApplication@15c37734
----------------- Done invoking toplevel() on ptolemy.moml.MoMLSimpleApplication@15c37734
reloadAllAccessors: .Distributor2

===========================================================================================
----------------- testing Sun Aug 18 05:29:08 UTC 2019 /home/travis/build/icyphy/ptII/ptolemy/actor/lib/test/auto/DownSample.xml
----------------- Instantiating /home/travis/build/icyphy/ptII/ptolemy/actor/lib/test/auto/DownSample.xml
2 ms. Memory: 425984K Free: 233640K (55%)
----------------- Invoking toplevel() on ptolemy.moml.MoMLSimpleApplication@2cdbf238
----------------- Done invoking toplevel() on ptolemy.moml.MoMLSimpleApplication@2cdbf238
reloadAllAccessors: .DownSample

===========================================================================================
----------------- testing Sun Aug 18 05:29:08 UTC 2019 /home/travis/build/icyphy/ptII/ptolemy/actor/lib/test/auto/ElectronicUnitBase1.xml
----------------- Instantiating /home/travis/build/icyphy/ptII/ptolemy/actor/lib/test/auto/ElectronicUnitBase1.xml
19 ms. Memory: 425984K Free: 217256K (51%)
----------------- Invoking toplevel() on ptolemy.moml.MoMLSimpleApplication@78156743
----------------- Done invoking toplevel() on ptolemy.moml.MoMLSimpleApplication@78156743
reloadAllAccessors: .ElectronicUnitBase1

===========================================================================================
----------------- testing Sun Aug 18 05:29:08 UTC 2019 /home/travis/build/icyphy/ptII/ptolemy/actor/lib/test/auto/ElementsToArray.xml
----------------- Instantiating /home/travis/build/icyphy/ptII/ptolemy/actor/lib/test/auto/ElementsToArray.xml
3 ms. Memory: 425984K Free: 212646K (50%)
----------------- Invoking toplevel() on ptolemy.moml.MoMLSimpleApplication@67c6e939
----------------- Done invoking toplevel() on ptolemy.moml.MoMLSimpleApplication@67c6e939
reloadAllAccessors: .ElementsToArray

===========================================================================================
----------------- testing Sun Aug 18 05:29:08 UTC 2019 /home/travis/build/icyphy/ptII/ptolemy/actor/lib/test/auto/Equals.xml
----------------- Instantiating /home/travis/build/icyphy/ptII/ptolemy/actor/lib/test/auto/Equals.xml
3 ms. Memory: 425984K Free: 208040K (49%)
----------------- Invoking toplevel() on ptolemy.moml.MoMLSimpleApplication@41c0ca2a
----------------- Done invoking toplevel() on ptolemy.moml.MoMLSimpleApplication@41c0ca2a
reloadAllAccessors: .Equals

===========================================================================================
----------------- testing Sun Aug 18 05:29:09 UTC 2019 /home/travis/build/icyphy/ptII/ptolemy/actor/lib/test/auto/Exec.xml
----------------- Instantiating /home/travis/build/icyphy/ptII/ptolemy/actor/lib/test/auto/Exec.xml
19 ms. Memory: 425984K Free: 201896K (47%)
----------------- Invoking toplevel() on ptolemy.moml.MoMLSimpleApplication@1f0d05ef
----------------- Done invoking toplevel() on ptolemy.moml.MoMLSimpleApplication@1f0d05ef
reloadAllAccessors: .Exec

===========================================================================================
----------------- testing Sun Aug 18 05:29:09 UTC 2019 /home/travis/build/icyphy/ptII/ptolemy/actor/lib/test/auto/ExecEnvironment.xml
----------------- Instantiating /home/travis/build/icyphy/ptII/ptolemy/actor/lib/test/auto/ExecEnvironment.xml
40 ms. Memory: 425984K Free: 195750K (46%)
----------------- Invoking toplevel() on ptolemy.moml.MoMLSimpleApplication@e9e9ed1
----------------- Done invoking toplevel() on ptolemy.moml.MoMLSimpleApplication@e9e9ed1
reloadAllAccessors: .ExecEnvironment

===========================================================================================
----------------- testing Sun Aug 18 05:29:09 UTC 2019 /home/travis/build/icyphy/ptII/ptolemy/actor/lib/test/auto/ExecNonZeroReturnOutput.xml
----------------- Instantiating /home/travis/build/icyphy/ptII/ptolemy/actor/lib/test/auto/ExecNonZeroReturnOutput.xml
190 ms. Memory: 425984K Free: 184488K (43%)
----------------- Invoking toplevel() on ptolemy.moml.MoMLSimpleApplication@44dbc794
----------------- Done invoking toplevel() on ptolemy.moml.MoMLSimpleApplication@44dbc794
reloadAllAccessors: .ExecNonZeroReturnOutput

===========================================================================================
----------------- testing Sun Aug 18 05:29:09 UTC 2019 /home/travis/build/icyphy/ptII/ptolemy/actor/lib/test/auto/ExecRunDemos.xml
----------------- Instantiating /home/travis/build/icyphy/ptII/ptolemy/actor/lib/test/auto/ExecRunDemos.xml
Finished: 150 ms. Memory: 120832K Free: 104624K (87%)

Finished: 104 ms. Memory: 120832K Free: 110682K (92%)

Finished: 102 ms. Memory: 120832K Free: 110765K (92%)

Finished: 96 ms. Memory: 120832K Free: 103245K (85%)

Finished: 96 ms. Memory: 120832K Free: 104077K (86%)

11451 ms. Memory: 425984K Free: 164006K (39%)
----------------- Invoking toplevel() on ptolemy.moml.MoMLSimpleApplication@24465bd
----------------- Done invoking toplevel() on ptolemy.moml.MoMLSimpleApplication@24465bd
reloadAllAccessors: .ExecRunDemos

===========================================================================================
----------------- testing Sun Aug 18 05:29:20 UTC 2019 /home/travis/build/icyphy/ptII/ptolemy/actor/lib/test/auto/ExecStop.xml
----------------- Instantiating /home/travis/build/icyphy/ptII/ptolemy/actor/lib/test/auto/ExecStop.xml
5014 ms. Memory: 425984K Free: 284275K (67%)
----------------- Invoking toplevel() on ptolemy.moml.MoMLSimpleApplication@5dbbc3b8
----------------- Done invoking toplevel() on ptolemy.moml.MoMLSimpleApplication@5dbbc3b8
reloadAllAccessors: .ExecStop

===========================================================================================
----------------- testing Sun Aug 18 05:29:25 UTC 2019 /home/travis/build/icyphy/ptII/ptolemy/actor/lib/test/auto/ExecutionTimeSDF.xml
----------------- Instantiating /home/travis/build/icyphy/ptII/ptolemy/actor/lib/test/auto/ExecutionTimeSDF.xml
Fired ExecutionTime: -1802967296
Fired ExecutionTime: 1072800000
Fired ExecutionTime: -768167296
6016 ms. Memory: 425984K Free: 271717K (64%)
----------------- Invoking toplevel() on ptolemy.moml.MoMLSimpleApplication@5b4cdb0b
----------------- Done invoking toplevel() on ptolemy.moml.MoMLSimpleApplication@5b4cdb0b
reloadAllAccessors: .ExecutionTimeSDF

===========================================================================================
----------------- testing Sun Aug 18 05:29:31 UTC 2019 /home/travis/build/icyphy/ptII/ptolemy/actor/lib/test/auto/Expression1.xml
----------------- Instantiating /home/travis/build/icyphy/ptII/ptolemy/actor/lib/test/auto/Expression1.xml
2 ms. Memory: 425984K Free: 268149K (63%)
----------------- Invoking toplevel() on ptolemy.moml.MoMLSimpleApplication@5d4a0493
----------------- Done invoking toplevel() on ptolemy.moml.MoMLSimpleApplication@5d4a0493
reloadAllAccessors: .Expression1

===========================================================================================
----------------- testing Sun Aug 18 05:29:31 UTC 2019 /home/travis/build/icyphy/ptII/ptolemy/actor/lib/test/auto/Expression10.xml
----------------- Instantiating /home/travis/build/icyphy/ptII/ptolemy/actor/lib/test/auto/Expression10.xml
7 ms. Memory: 425984K Free: 262515K (62%)
----------------- Invoking toplevel() on ptolemy.moml.MoMLSimpleApplication@3d01fc93
----------------- Done invoking toplevel() on ptolemy.moml.MoMLSimpleApplication@3d01fc93
reloadAllAccessors: .Expression10

===========================================================================================
----------------- testing Sun Aug 18 05:29:31 UTC 2019 /home/travis/build/icyphy/ptII/ptolemy/actor/lib/test/auto/Expression11.xml
----------------- Instantiating /home/travis/build/icyphy/ptII/ptolemy/actor/lib/test/auto/Expression11.xml
2 ms. Memory: 425984K Free: 257907K (61%)
----------------- Invoking toplevel() on ptolemy.moml.MoMLSimpleApplication@4567b0ae
----------------- Done invoking toplevel() on ptolemy.moml.MoMLSimpleApplication@4567b0ae
reloadAllAccessors: .Expression11

===========================================================================================
----------------- testing Sun Aug 18 05:29:31 UTC 2019 /home/travis/build/icyphy/ptII/ptolemy/actor/lib/test/auto/Expression12.xml
----------------- Instantiating /home/travis/build/icyphy/ptII/ptolemy/actor/lib/test/auto/Expression12.xml
2 ms. Memory: 425984K Free: 252275K (59%)
----------------- Invoking toplevel() on ptolemy.moml.MoMLSimpleApplication@5083d96c
----------------- Done invoking toplevel() on ptolemy.moml.MoMLSimpleApplication@5083d96c
reloadAllAccessors: .Expression12

===========================================================================================
----------------- testing Sun Aug 18 05:29:31 UTC 2019 /home/travis/build/icyphy/ptII/ptolemy/actor/lib/test/auto/Expression13.xml
----------------- Instantiating /home/travis/build/icyphy/ptII/ptolemy/actor/lib/test/auto/Expression13.xml
4 ms. Memory: 425984K Free: 247155K (58%)
----------------- Invoking toplevel() on ptolemy.moml.MoMLSimpleApplication@7de5245f
----------------- Done invoking toplevel() on ptolemy.moml.MoMLSimpleApplication@7de5245f
reloadAllAccessors: .Expression13

===========================================================================================
----------------- testing Sun Aug 18 05:29:31 UTC 2019 /home/travis/build/icyphy/ptII/ptolemy/actor/lib/test/auto/Expression14.xml
----------------- Instantiating /home/travis/build/icyphy/ptII/ptolemy/actor/lib/test/auto/Expression14.xml
8 ms. Memory: 425984K Free: 241525K (57%)
----------------- Invoking toplevel() on ptolemy.moml.MoMLSimpleApplication@4054f348
----------------- Done invoking toplevel() on ptolemy.moml.MoMLSimpleApplication@4054f348
reloadAllAccessors: .Expression14

===========================================================================================
----------------- testing Sun Aug 18 05:29:32 UTC 2019 /home/travis/build/icyphy/ptII/ptolemy/actor/lib/test/auto/Expression15.xml
----------------- Instantiating /home/travis/build/icyphy/ptII/ptolemy/actor/lib/test/auto/Expression15.xml
2 ms. Memory: 425984K Free: 237429K (56%)
----------------- Invoking toplevel() on ptolemy.moml.MoMLSimpleApplication@67eceb59
----------------- Done invoking toplevel() on ptolemy.moml.MoMLSimpleApplication@67eceb59
reloadAllAccessors: .Expression15

===========================================================================================
----------------- testing Sun Aug 18 05:29:32 UTC 2019 /home/travis/build/icyphy/ptII/ptolemy/actor/lib/test/auto/Expression16.xml
----------------- Instantiating /home/travis/build/icyphy/ptII/ptolemy/actor/lib/test/auto/Expression16.xml
3 ms. Memory: 425984K Free: 232309K (55%)
----------------- Invoking toplevel() on ptolemy.moml.MoMLSimpleApplication@4c5fcffb
----------------- Done invoking toplevel() on ptolemy.moml.MoMLSimpleApplication@4c5fcffb
reloadAllAccessors: .Expression16

===========================================================================================
----------------- testing Sun Aug 18 05:29:32 UTC 2019 /home/travis/build/icyphy/ptII/ptolemy/actor/lib/test/auto/Expression17.xml
----------------- Instantiating /home/travis/build/icyphy/ptII/ptolemy/actor/lib/test/auto/Expression17.xml
3 ms. Memory: 425984K Free: 227189K (53%)
----------------- Invoking toplevel() on ptolemy.moml.MoMLSimpleApplication@1d3737bd
----------------- Done invoking toplevel() on ptolemy.moml.MoMLSimpleApplication@1d3737bd
reloadAllAccessors: .Expression17

===========================================================================================
----------------- testing Sun Aug 18 05:29:32 UTC 2019 /home/travis/build/icyphy/ptII/ptolemy/actor/lib/test/auto/Expression18.xml
----------------- Instantiating /home/travis/build/icyphy/ptII/ptolemy/actor/lib/test/auto/Expression18.xml
3 ms. Memory: 425984K Free: 221555K (52%)
----------------- Invoking toplevel() on ptolemy.moml.MoMLSimpleApplication@68437359
----------------- Done invoking toplevel() on ptolemy.moml.MoMLSimpleApplication@68437359
reloadAllAccessors: .Expression18

===========================================================================================
----------------- testing Sun Aug 18 05:29:32 UTC 2019 /home/travis/build/icyphy/ptII/ptolemy/actor/lib/test/auto/Expression2.xml
----------------- Instantiating /home/travis/build/icyphy/ptII/ptolemy/actor/lib/test/auto/Expression2.xml
2 ms. Memory: 425984K Free: 216949K (51%)
----------------- Invoking toplevel() on ptolemy.moml.MoMLSimpleApplication@4715d2cd
----------------- Done invoking toplevel() on ptolemy.moml.MoMLSimpleApplication@4715d2cd
reloadAllAccessors: .Expression2

===========================================================================================
----------------- testing Sun Aug 18 05:29:32 UTC 2019 /home/travis/build/icyphy/ptII/ptolemy/actor/lib/test/auto/Expression3.xml
----------------- Instantiating /home/travis/build/icyphy/ptII/ptolemy/actor/lib/test/auto/Expression3.xml
7 ms. Memory: 425984K Free: 211829K (50%)
----------------- Invoking toplevel() on ptolemy.moml.MoMLSimpleApplication@7c1870ca
----------------- Done invoking toplevel() on ptolemy.moml.MoMLSimpleApplication@7c1870ca
reloadAllAccessors: .Expression3

===========================================================================================
----------------- testing Sun Aug 18 05:29:32 UTC 2019 /home/travis/build/icyphy/ptII/ptolemy/actor/lib/test/auto/Expression4.xml
----------------- Instantiating /home/travis/build/icyphy/ptII/ptolemy/actor/lib/test/auto/Expression4.xml
4 ms. Memory: 425984K Free: 204147K (48%)
----------------- Invoking toplevel() on ptolemy.moml.MoMLSimpleApplication@7c7fa1f0
----------------- Done invoking toplevel() on ptolemy.moml.MoMLSimpleApplication@7c7fa1f0
reloadAllAccessors: .Expression4

===========================================================================================
----------------- testing Sun Aug 18 05:29:32 UTC 2019 /home/travis/build/icyphy/ptII/ptolemy/actor/lib/test/auto/Expression5.xml
----------------- Instantiating /home/travis/build/icyphy/ptII/ptolemy/actor/lib/test/auto/Expression5.xml
6 ms. Memory: 425984K Free: 199027K (47%)
----------------- Invoking toplevel() on ptolemy.moml.MoMLSimpleApplication@5c0ab884
----------------- Done invoking toplevel() on ptolemy.moml.MoMLSimpleApplication@5c0ab884
reloadAllAccessors: .Expression5

===========================================================================================
----------------- testing Sun Aug 18 05:29:32 UTC 2019 /home/travis/build/icyphy/ptII/ptolemy/actor/lib/test/auto/Expression6.xml
----------------- Instantiating /home/travis/build/icyphy/ptII/ptolemy/actor/lib/test/auto/Expression6.xml
2 ms. Memory: 425984K Free: 194421K (46%)
----------------- Invoking toplevel() on ptolemy.moml.MoMLSimpleApplication@5425d4dc
----------------- Done invoking toplevel() on ptolemy.moml.MoMLSimpleApplication@5425d4dc
reloadAllAccessors: .Expression6

===========================================================================================
----------------- testing Sun Aug 18 05:29:32 UTC 2019 /home/travis/build/icyphy/ptII/ptolemy/actor/lib/test/auto/Expression7.xml
----------------- Instantiating /home/travis/build/icyphy/ptII/ptolemy/actor/lib/test/auto/Expression7.xml
10 ms. Memory: 425984K Free: 189301K (44%)
----------------- Invoking toplevel() on ptolemy.moml.MoMLSimpleApplication@32604165
----------------- Done invoking toplevel() on ptolemy.moml.MoMLSimpleApplication@32604165
reloadAllAccessors: .Expression7

===========================================================================================
----------------- testing Sun Aug 18 05:29:32 UTC 2019 /home/travis/build/icyphy/ptII/ptolemy/actor/lib/test/auto/Expression8.xml
----------------- Instantiating /home/travis/build/icyphy/ptII/ptolemy/actor/lib/test/auto/Expression8.xml
13 ms. Memory: 425984K Free: 184691K (43%)
----------------- Invoking toplevel() on ptolemy.moml.MoMLSimpleApplication@13369f5c
----------------- Done invoking toplevel() on ptolemy.moml.MoMLSimpleApplication@13369f5c
reloadAllAccessors: .Expression8

===========================================================================================
----------------- testing Sun Aug 18 05:29:32 UTC 2019 /home/travis/build/icyphy/ptII/ptolemy/actor/lib/test/auto/Expression9.xml
----------------- Instantiating /home/travis/build/icyphy/ptII/ptolemy/actor/lib/test/auto/Expression9.xml
1 ms. Memory: 425984K Free: 180595K (42%)
----------------- Invoking toplevel() on ptolemy.moml.MoMLSimpleApplication@258adbb3
----------------- Done invoking toplevel() on ptolemy.moml.MoMLSimpleApplication@258adbb3
reloadAllAccessors: .Expression9

===========================================================================================
----------------- testing Sun Aug 18 05:29:32 UTC 2019 /home/travis/build/icyphy/ptII/ptolemy/actor/lib/test/auto/ExpressionConcatenateArrayType.xml
----------------- Instantiating /home/travis/build/icyphy/ptII/ptolemy/actor/lib/test/auto/ExpressionConcatenateArrayType.xml
4 ms. Memory: 425984K Free: 173941K (41%)
----------------- Invoking toplevel() on ptolemy.moml.MoMLSimpleApplication@da9f77f
----------------- Done invoking toplevel() on ptolemy.moml.MoMLSimpleApplication@da9f77f
reloadAllAccessors: .ExpressionConcatenateArrayType

===========================================================================================
----------------- testing Sun Aug 18 05:29:32 UTC 2019 /home/travis/build/icyphy/ptII/ptolemy/actor/lib/test/auto/ExpressionConcatenateArrayType2.xml
----------------- Instantiating /home/travis/build/icyphy/ptII/ptolemy/actor/lib/test/auto/ExpressionConcatenateArrayType2.xml
3 ms. Memory: 425984K Free: 168307K (40%)
----------------- Invoking toplevel() on ptolemy.moml.MoMLSimpleApplication@67f60d1d
----------------- Done invoking toplevel() on ptolemy.moml.MoMLSimpleApplication@67f60d1d
reloadAllAccessors: .ExpressionConcatenateArrayType2

===========================================================================================
----------------- testing Sun Aug 18 05:29:32 UTC 2019 /home/travis/build/icyphy/ptII/ptolemy/actor/lib/test/auto/ExpressionFix.xml
----------------- Instantiating /home/travis/build/icyphy/ptII/ptolemy/actor/lib/test/auto/ExpressionFix.xml
25 ms. Memory: 425984K Free: 161653K (38%)
----------------- Invoking toplevel() on ptolemy.moml.MoMLSimpleApplication@8b0e0e4
----------------- Done invoking toplevel() on ptolemy.moml.MoMLSimpleApplication@8b0e0e4
reloadAllAccessors: .ExpressionFix

===========================================================================================
----------------- testing Sun Aug 18 05:29:32 UTC 2019 /home/travis/build/icyphy/ptII/ptolemy/actor/lib/test/auto/ExpressionFix2.xml
----------------- Instantiating /home/travis/build/icyphy/ptII/ptolemy/actor/lib/test/auto/ExpressionFix2.xml
5 ms. Memory: 425984K Free: 157557K (37%)
----------------- Invoking toplevel() on ptolemy.moml.MoMLSimpleApplication@7bac9e03
----------------- Done invoking toplevel() on ptolemy.moml.MoMLSimpleApplication@7bac9e03
reloadAllAccessors: .ExpressionFix2

===========================================================================================
----------------- testing Sun Aug 18 05:29:32 UTC 2019 /home/travis/build/icyphy/ptII/ptolemy/actor/lib/test/auto/ExpressionFix3.xml
----------------- Instantiating /home/travis/build/icyphy/ptII/ptolemy/actor/lib/test/auto/ExpressionFix3.xml
3 ms. Memory: 425984K Free: 153461K (36%)
----------------- Invoking toplevel() on ptolemy.moml.MoMLSimpleApplication@4e1bb3b2
----------------- Done invoking toplevel() on ptolemy.moml.MoMLSimpleApplication@4e1bb3b2
reloadAllAccessors: .ExpressionFix3

===========================================================================================
----------------- testing Sun Aug 18 05:29:32 UTC 2019 /home/travis/build/icyphy/ptII/ptolemy/actor/lib/test/auto/FileWriter1.xml
----------------- Instantiating /home/travis/build/icyphy/ptII/ptolemy/actor/lib/test/auto/FileWriter1.xml
3 ms. Memory: 425984K Free: 149365K (35%)
----------------- Invoking toplevel() on ptolemy.moml.MoMLSimpleApplication@2134604a
----------------- Done invoking toplevel() on ptolemy.moml.MoMLSimpleApplication@2134604a
reloadAllAccessors: .FileWriter1

===========================================================================================
----------------- testing Sun Aug 18 05:29:32 UTC 2019 /home/travis/build/icyphy/ptII/ptolemy/actor/lib/test/auto/FileWriter2.xml
----------------- Instantiating /home/travis/build/icyphy/ptII/ptolemy/actor/lib/test/auto/FileWriter2.xml
2 ms. Memory: 425984K Free: 144741K (34%)
----------------- Invoking toplevel() on ptolemy.moml.MoMLSimpleApplication@77dc096
----------------- Done invoking toplevel() on ptolemy.moml.MoMLSimpleApplication@77dc096
reloadAllAccessors: .FileWriter2

===========================================================================================
----------------- testing Sun Aug 18 05:29:32 UTC 2019 /home/travis/build/icyphy/ptII/ptolemy/actor/lib/test/auto/FileWriter3.xml
----------------- Instantiating /home/travis/build/icyphy/ptII/ptolemy/actor/lib/test/auto/FileWriter3.xml
2 ms. Memory: 425984K Free: 140659K (33%)
----------------- Invoking toplevel() on ptolemy.moml.MoMLSimpleApplication@18591fc5
----------------- Done invoking toplevel() on ptolemy.moml.MoMLSimpleApplication@18591fc5
reloadAllAccessors: .FileWriter3

===========================================================================================
----------------- testing Sun Aug 18 05:29:32 UTC 2019 /home/travis/build/icyphy/ptII/ptolemy/actor/lib/test/auto/Gaussian.xml
----------------- Instantiating /home/travis/build/icyphy/ptII/ptolemy/actor/lib/test/auto/Gaussian.xml
4 ms. Memory: 425984K Free: 136053K (32%)
----------------- Invoking toplevel() on ptolemy.moml.MoMLSimpleApplication@761c936
----------------- Done invoking toplevel() on ptolemy.moml.MoMLSimpleApplication@761c936
reloadAllAccessors: .Gaussian

===========================================================================================
----------------- testing Sun Aug 18 05:29:32 UTC 2019 /home/travis/build/icyphy/ptII/ptolemy/actor/lib/test/auto/Gaussian1.xml
----------------- Instantiating /home/travis/build/icyphy/ptII/ptolemy/actor/lib/test/auto/Gaussian1.xml
3 ms. Memory: 425984K Free: 130405K (31%)
----------------- Invoking toplevel() on ptolemy.moml.MoMLSimpleApplication@5cf9cffc
----------------- Done invoking toplevel() on ptolemy.moml.MoMLSimpleApplication@5cf9cffc
reloadAllAccessors: .Gaussian1

===========================================================================================
----------------- testing Sun Aug 18 05:29:32 UTC 2019 /home/travis/build/icyphy/ptII/ptolemy/actor/lib/test/auto/Gaussian2.xml
----------------- Instantiating /home/travis/build/icyphy/ptII/ptolemy/actor/lib/test/auto/Gaussian2.xml
11 ms. Memory: 425984K Free: 376463K (88%)
----------------- Invoking toplevel() on ptolemy.moml.MoMLSimpleApplication@699efc44
----------------- Done invoking toplevel() on ptolemy.moml.MoMLSimpleApplication@699efc44
reloadAllAccessors: .Gaussian2

===========================================================================================
----------------- testing Sun Aug 18 05:29:32 UTC 2019 /home/travis/build/icyphy/ptII/ptolemy/actor/lib/test/auto/GradientAdaptiveLattice.xml
----------------- Instantiating /home/travis/build/icyphy/ptII/ptolemy/actor/lib/test/auto/GradientAdaptiveLattice.xml
3 ms. Memory: 425984K Free: 370829K (87%)
----------------- Invoking toplevel() on ptolemy.moml.MoMLSimpleApplication@24eaed73
----------------- Done invoking toplevel() on ptolemy.moml.MoMLSimpleApplication@24eaed73
reloadAllAccessors: .GradientAdaptiveLattice

===========================================================================================
----------------- testing Sun Aug 18 05:29:32 UTC 2019 /home/travis/build/icyphy/ptII/ptolemy/actor/lib/test/auto/IIR.xml
----------------- Instantiating /home/travis/build/icyphy/ptII/ptolemy/actor/lib/test/auto/IIR.xml
1 ms. Memory: 425984K Free: 366223K (86%)
----------------- Invoking toplevel() on ptolemy.moml.MoMLSimpleApplication@209918bb
----------------- Done invoking toplevel() on ptolemy.moml.MoMLSimpleApplication@209918bb
reloadAllAccessors: .IIR

===========================================================================================
----------------- testing Sun Aug 18 05:29:32 UTC 2019 /home/travis/build/icyphy/ptII/ptolemy/actor/lib/test/auto/InputOutputTransparentPorts.xml
----------------- Instantiating /home/travis/build/icyphy/ptII/ptolemy/actor/lib/test/auto/InputOutputTransparentPorts.xml
2 ms. Memory: 425984K Free: 358541K (84%)
----------------- Invoking toplevel() on ptolemy.moml.MoMLSimpleApplication@46ec8a54
----------------- Done invoking toplevel() on ptolemy.moml.MoMLSimpleApplication@46ec8a54
reloadAllAccessors: .InputOutputTransparentPorts

===========================================================================================
----------------- testing Sun Aug 18 05:29:32 UTC 2019 /home/travis/build/icyphy/ptII/ptolemy/actor/lib/test/auto/Interpolator.xml
----------------- Instantiating /home/travis/build/icyphy/ptII/ptolemy/actor/lib/test/auto/Interpolator.xml
4 ms. Memory: 425984K Free: 354445K (83%)
----------------- Invoking toplevel() on ptolemy.moml.MoMLSimpleApplication@52cf60c2
----------------- Done invoking toplevel() on ptolemy.moml.MoMLSimpleApplication@52cf60c2
reloadAllAccessors: .Interpolator

===========================================================================================
----------------- testing Sun Aug 18 05:29:32 UTC 2019 /home/travis/build/icyphy/ptII/ptolemy/actor/lib/test/auto/InterpolatorFiringLimitDE.xml
----------------- Instantiating /home/travis/build/icyphy/ptII/ptolemy/actor/lib/test/auto/InterpolatorFiringLimitDE.xml
2 ms. Memory: 425984K Free: 348815K (82%)
----------------- Invoking toplevel() on ptolemy.moml.MoMLSimpleApplication@1844439c
----------------- Done invoking toplevel() on ptolemy.moml.MoMLSimpleApplication@1844439c
reloadAllAccessors: .InterpolatorFiringLimitDE

===========================================================================================
----------------- testing Sun Aug 18 05:29:32 UTC 2019 /home/travis/build/icyphy/ptII/ptolemy/actor/lib/test/auto/Lattice.xml
----------------- Instantiating /home/travis/build/icyphy/ptII/ptolemy/actor/lib/test/auto/Lattice.xml
1 ms. Memory: 425984K Free: 344719K (81%)
----------------- Invoking toplevel() on ptolemy.moml.MoMLSimpleApplication@2c895fb8
----------------- Done invoking toplevel() on ptolemy.moml.MoMLSimpleApplication@2c895fb8
reloadAllAccessors: .Lattice

===========================================================================================
----------------- testing Sun Aug 18 05:29:32 UTC 2019 /home/travis/build/icyphy/ptII/ptolemy/actor/lib/test/auto/LazyAOCTestLazy.xml
----------------- Instantiating /home/travis/build/icyphy/ptII/ptolemy/actor/lib/test/auto/LazyAOCTestLazy.xml
25 ms. Memory: 425984K Free: 338575K (79%)
----------------- Invoking toplevel() on ptolemy.moml.MoMLSimpleApplication@34bf458e
----------------- Done invoking toplevel() on ptolemy.moml.MoMLSimpleApplication@34bf458e
reloadAllAccessors: .LazyAOCTestLazy

===========================================================================================
----------------- testing Sun Aug 18 05:29:32 UTC 2019 /home/travis/build/icyphy/ptII/ptolemy/actor/lib/test/auto/LazyAOCTestNonLazy.xml
----------------- Instantiating /home/travis/build/icyphy/ptII/ptolemy/actor/lib/test/auto/LazyAOCTestNonLazy.xml
2 ms. Memory: 425984K Free: 331917K (78%)
----------------- Invoking toplevel() on ptolemy.moml.MoMLSimpleApplication@22179c06
----------------- Done invoking toplevel() on ptolemy.moml.MoMLSimpleApplication@22179c06
reloadAllAccessors: .LazyAOCTestNonLazy

===========================================================================================
----------------- testing Sun Aug 18 05:29:32 UTC 2019 /home/travis/build/icyphy/ptII/ptolemy/actor/lib/test/auto/LazyInnerClass.xml
----------------- Instantiating /home/travis/build/icyphy/ptII/ptolemy/actor/lib/test/auto/LazyInnerClass.xml
20 ms. Memory: 425984K Free: 322701K (76%)
----------------- Invoking toplevel() on ptolemy.moml.MoMLSimpleApplication@2505b27e
----------------- Done invoking toplevel() on ptolemy.moml.MoMLSimpleApplication@2505b27e
reloadAllAccessors: .LazyInnerClass

===========================================================================================
----------------- testing Sun Aug 18 05:29:32 UTC 2019 /home/travis/build/icyphy/ptII/ptolemy/actor/lib/test/auto/LazyPubSub.xml
----------------- Instantiating /home/travis/build/icyphy/ptII/ptolemy/actor/lib/test/auto/LazyPubSub.xml
26 ms. Memory: 425984K Free: 312461K (73%)
----------------- Invoking toplevel() on ptolemy.moml.MoMLSimpleApplication@375e9355
----------------- Done invoking toplevel() on ptolemy.moml.MoMLSimpleApplication@375e9355
reloadAllAccessors: .LazyPubSub

===========================================================================================
----------------- testing Sun Aug 18 05:29:32 UTC 2019 /home/travis/build/icyphy/ptII/ptolemy/actor/lib/test/auto/LazyPubSub2.xml
----------------- Instantiating /home/travis/build/icyphy/ptII/ptolemy/actor/lib/test/auto/LazyPubSub2.xml
28 ms. Memory: 425984K Free: 302735K (71%)
----------------- Invoking toplevel() on ptolemy.moml.MoMLSimpleApplication@4a303cd6
----------------- Done invoking toplevel() on ptolemy.moml.MoMLSimpleApplication@4a303cd6
reloadAllAccessors: .LazyPubSub2

===========================================================================================
----------------- testing Sun Aug 18 05:29:32 UTC 2019 /home/travis/build/icyphy/ptII/ptolemy/actor/lib/test/auto/LazyPubSub3.xml
----------------- Instantiating /home/travis/build/icyphy/ptII/ptolemy/actor/lib/test/auto/LazyPubSub3.xml
14 ms. Memory: 425984K Free: 292495K (69%)
----------------- Invoking toplevel() on ptolemy.moml.MoMLSimpleApplication@76d60cce
----------------- Done invoking toplevel() on ptolemy.moml.MoMLSimpleApplication@76d60cce
reloadAllAccessors: .LazyPubSub3

===========================================================================================
----------------- testing Sun Aug 18 05:29:32 UTC 2019 /home/travis/build/icyphy/ptII/ptolemy/actor/lib/test/auto/LazySubClassModel.xml
----------------- Instantiating /home/travis/build/icyphy/ptII/ptolemy/actor/lib/test/auto/LazySubClassModel.xml
2 ms. Memory: 425984K Free: 282765K (66%)
----------------- Invoking toplevel() on ptolemy.moml.MoMLSimpleApplication@65981912
----------------- Done invoking toplevel() on ptolemy.moml.MoMLSimpleApplication@65981912
reloadAllAccessors: .LazySubClassModel

===========================================================================================
----------------- testing Sun Aug 18 05:29:32 UTC 2019 /home/travis/build/icyphy/ptII/ptolemy/actor/lib/test/auto/LevelCrossTest1.xml
----------------- Instantiating /home/travis/build/icyphy/ptII/ptolemy/actor/lib/test/auto/LevelCrossTest1.xml
1 ms. Memory: 425984K Free: 277135K (65%)
----------------- Invoking toplevel() on ptolemy.moml.MoMLSimpleApplication@2c01761d
----------------- Done invoking toplevel() on ptolemy.moml.MoMLSimpleApplication@2c01761d
reloadAllAccessors: .broken

===========================================================================================
----------------- testing Sun Aug 18 05:29:33 UTC 2019 /home/travis/build/icyphy/ptII/ptolemy/actor/lib/test/auto/LevelCrossTest10.xml
----------------- Instantiating /home/travis/build/icyphy/ptII/ptolemy/actor/lib/test/auto/LevelCrossTest10.xml
1 ms. Memory: 425984K Free: 270991K (64%)
----------------- Invoking toplevel() on ptolemy.moml.MoMLSimpleApplication@f9245b8
----------------- Done invoking toplevel() on ptolemy.moml.MoMLSimpleApplication@f9245b8
reloadAllAccessors: .LevelCrossTest10

===========================================================================================
----------------- testing Sun Aug 18 05:29:33 UTC 2019 /home/travis/build/icyphy/ptII/ptolemy/actor/lib/test/auto/LevelCrossTest11.xml
----------------- Instantiating /home/travis/build/icyphy/ptII/ptolemy/actor/lib/test/auto/LevelCrossTest11.xml
2 ms. Memory: 425984K Free: 263823K (62%)
----------------- Invoking toplevel() on ptolemy.moml.MoMLSimpleApplication@633a4626
----------------- Done invoking toplevel() on ptolemy.moml.MoMLSimpleApplication@633a4626
reloadAllAccessors: .LevelCrossTest11

===========================================================================================
----------------- testing Sun Aug 18 05:29:33 UTC 2019 /home/travis/build/icyphy/ptII/ptolemy/actor/lib/test/auto/LevelCrossTest12.xml
----------------- Instantiating /home/travis/build/icyphy/ptII/ptolemy/actor/lib/test/auto/LevelCrossTest12.xml
1 ms. Memory: 425984K Free: 256655K (60%)
----------------- Invoking toplevel() on ptolemy.moml.MoMLSimpleApplication@11e4662c
----------------- Done invoking toplevel() on ptolemy.moml.MoMLSimpleApplication@11e4662c
reloadAllAccessors: .LevelCrossTest12

===========================================================================================
----------------- testing Sun Aug 18 05:29:33 UTC 2019 /home/travis/build/icyphy/ptII/ptolemy/actor/lib/test/auto/LevelCrossTest13.xml
----------------- Instantiating /home/travis/build/icyphy/ptII/ptolemy/actor/lib/test/auto/LevelCrossTest13.xml
1 ms. Memory: 425984K Free: 248463K (58%)
----------------- Invoking toplevel() on ptolemy.moml.MoMLSimpleApplication@1000e1d8
----------------- Done invoking toplevel() on ptolemy.moml.MoMLSimpleApplication@1000e1d8
reloadAllAccessors: .LevelCrossTest13

===========================================================================================
----------------- testing Sun Aug 18 05:29:33 UTC 2019 /home/travis/build/icyphy/ptII/ptolemy/actor/lib/test/auto/LevelCrossTest2.xml
----------------- Instantiating /home/travis/build/icyphy/ptII/ptolemy/actor/lib/test/auto/LevelCrossTest2.xml
2 ms. Memory: 425984K Free: 242829K (57%)
----------------- Invoking toplevel() on ptolemy.moml.MoMLSimpleApplication@787d8798
----------------- Done invoking toplevel() on ptolemy.moml.MoMLSimpleApplication@787d8798
reloadAllAccessors: .broken

===========================================================================================
----------------- testing Sun Aug 18 05:29:33 UTC 2019 /home/travis/build/icyphy/ptII/ptolemy/actor/lib/test/auto/LevelCrossTest3.xml
----------------- Instantiating /home/travis/build/icyphy/ptII/ptolemy/actor/lib/test/auto/LevelCrossTest3.xml
1 ms. Memory: 425984K Free: 236685K (56%)
----------------- Invoking toplevel() on ptolemy.moml.MoMLSimpleApplication@1e3f8c36
----------------- Done invoking toplevel() on ptolemy.moml.MoMLSimpleApplication@1e3f8c36
reloadAllAccessors: .LevelCrossTest3

===========================================================================================
----------------- testing Sun Aug 18 05:29:33 UTC 2019 /home/travis/build/icyphy/ptII/ptolemy/actor/lib/test/auto/LevelCrossTest4.xml
----------------- Instantiating /home/travis/build/icyphy/ptII/ptolemy/actor/lib/test/auto/LevelCrossTest4.xml
2 ms. Memory: 425984K Free: 231055K (54%)
----------------- Invoking toplevel() on ptolemy.moml.MoMLSimpleApplication@e1203fc
----------------- Done invoking toplevel() on ptolemy.moml.MoMLSimpleApplication@e1203fc
reloadAllAccessors: .broken

===========================================================================================
----------------- testing Sun Aug 18 05:29:33 UTC 2019 /home/travis/build/icyphy/ptII/ptolemy/actor/lib/test/auto/LevelCrossTest5.xml
----------------- Instantiating /home/travis/build/icyphy/ptII/ptolemy/actor/lib/test/auto/LevelCrossTest5.xml
4 ms. Memory: 425984K Free: 224397K (53%)
----------------- Invoking toplevel() on ptolemy.moml.MoMLSimpleApplication@3ed69c42
----------------- Done invoking toplevel() on ptolemy.moml.MoMLSimpleApplication@3ed69c42
reloadAllAccessors: .LevelCrossTest5

===========================================================================================
----------------- testing Sun Aug 18 05:29:33 UTC 2019 /home/travis/build/icyphy/ptII/ptolemy/actor/lib/test/auto/LevelCrossTest6.xml
----------------- Instantiating /home/travis/build/icyphy/ptII/ptolemy/actor/lib/test/auto/LevelCrossTest6.xml
7 ms. Memory: 425984K Free: 217229K (51%)
----------------- Invoking toplevel() on ptolemy.moml.MoMLSimpleApplication@6c8e6ef8
----------------- Done invoking toplevel() on ptolemy.moml.MoMLSimpleApplication@6c8e6ef8
reloadAllAccessors: .LevelCrossTest6

===========================================================================================
----------------- testing Sun Aug 18 05:29:33 UTC 2019 /home/travis/build/icyphy/ptII/ptolemy/actor/lib/test/auto/LevelCrossTest7.xml
----------------- Instantiating /home/travis/build/icyphy/ptII/ptolemy/actor/lib/test/auto/LevelCrossTest7.xml
1 ms. Memory: 425984K Free: 209551K (49%)
----------------- Invoking toplevel() on ptolemy.moml.MoMLSimpleApplication@6b80236e
----------------- Done invoking toplevel() on ptolemy.moml.MoMLSimpleApplication@6b80236e
reloadAllAccessors: .LevelCrossTest7

===========================================================================================
----------------- testing Sun Aug 18 05:29:33 UTC 2019 /home/travis/build/icyphy/ptII/ptolemy/actor/lib/test/auto/LevelCrossTest8.xml
----------------- Instantiating /home/travis/build/icyphy/ptII/ptolemy/actor/lib/test/auto/LevelCrossTest8.xml
1 ms. Memory: 425984K Free: 202893K (48%)
----------------- Invoking toplevel() on ptolemy.moml.MoMLSimpleApplication@4c031eb6
----------------- Done invoking toplevel() on ptolemy.moml.MoMLSimpleApplication@4c031eb6
reloadAllAccessors: .LevelCrossTest8

===========================================================================================
----------------- testing Sun Aug 18 05:29:33 UTC 2019 /home/travis/build/icyphy/ptII/ptolemy/actor/lib/test/auto/LevelCrossTest9.xml
----------------- Instantiating /home/travis/build/icyphy/ptII/ptolemy/actor/lib/test/auto/LevelCrossTest9.xml
1 ms. Memory: 425984K Free: 195725K (46%)
----------------- Invoking toplevel() on ptolemy.moml.MoMLSimpleApplication@7c08e7c2
----------------- Done invoking toplevel() on ptolemy.moml.MoMLSimpleApplication@7c08e7c2
reloadAllAccessors: .LevelCrossTest9

===========================================================================================
----------------- testing Sun Aug 18 05:29:33 UTC 2019 /home/travis/build/icyphy/ptII/ptolemy/actor/lib/test/auto/LevinsonDurbin.xml
----------------- Instantiating /home/travis/build/icyphy/ptII/ptolemy/actor/lib/test/auto/LevinsonDurbin.xml
11 ms. Memory: 425984K Free: 191629K (45%)
----------------- Invoking toplevel() on ptolemy.moml.MoMLSimpleApplication@18ac8360
----------------- Done invoking toplevel() on ptolemy.moml.MoMLSimpleApplication@18ac8360
reloadAllAccessors: .LevinsonDurbin

===========================================================================================
----------------- testing Sun Aug 18 05:29:33 UTC 2019 /home/travis/build/icyphy/ptII/ptolemy/actor/lib/test/auto/LevinsonDurbin2.xml
----------------- Instantiating /home/travis/build/icyphy/ptII/ptolemy/actor/lib/test/auto/LevinsonDurbin2.xml
1 ms. Memory: 425984K Free: 187533K (44%)
----------------- Invoking toplevel() on ptolemy.moml.MoMLSimpleApplication@34027769
----------------- Done invoking toplevel() on ptolemy.moml.MoMLSimpleApplication@34027769
reloadAllAccessors: .LevinsonDurbin2

===========================================================================================
----------------- testing Sun Aug 18 05:29:33 UTC 2019 /home/travis/build/icyphy/ptII/ptolemy/actor/lib/test/auto/LevinsonDurbin3.xml
----------------- Instantiating /home/travis/build/icyphy/ptII/ptolemy/actor/lib/test/auto/LevinsonDurbin3.xml
2 ms. Memory: 425984K Free: 183951K (43%)
----------------- Invoking toplevel() on ptolemy.moml.MoMLSimpleApplication@5e992575
----------------- Done invoking toplevel() on ptolemy.moml.MoMLSimpleApplication@5e992575
reloadAllAccessors: .LevinsonDurbin3

===========================================================================================
----------------- testing Sun Aug 18 05:29:33 UTC 2019 /home/travis/build/icyphy/ptII/ptolemy/actor/lib/test/auto/Limiter.xml
----------------- Instantiating /home/travis/build/icyphy/ptII/ptolemy/actor/lib/test/auto/Limiter.xml
4 ms. Memory: 425984K Free: 174735K (41%)
----------------- Invoking toplevel() on ptolemy.moml.MoMLSimpleApplication@5492342
----------------- Done invoking toplevel() on ptolemy.moml.MoMLSimpleApplication@5492342
reloadAllAccessors: .Limiter

===========================================================================================
----------------- testing Sun Aug 18 05:29:33 UTC 2019 /home/travis/build/icyphy/ptII/ptolemy/actor/lib/test/auto/LinearDifferenceEquationSystem.xml
----------------- Instantiating /home/travis/build/icyphy/ptII/ptolemy/actor/lib/test/auto/LinearDifferenceEquationSystem.xml
4 ms. Memory: 425984K Free: 167567K (39%)
----------------- Invoking toplevel() on ptolemy.moml.MoMLSimpleApplication@260589dd
----------------- Done invoking toplevel() on ptolemy.moml.MoMLSimpleApplication@260589dd
reloadAllAccessors: .LinearDifferenceEquationSystem

===========================================================================================
----------------- testing Sun Aug 18 05:29:33 UTC 2019 /home/travis/build/icyphy/ptII/ptolemy/actor/lib/test/auto/LookupTable.xml
----------------- Instantiating /home/travis/build/icyphy/ptII/ptolemy/actor/lib/test/auto/LookupTable.xml
1 ms. Memory: 425984K Free: 162957K (38%)
----------------- Invoking toplevel() on ptolemy.moml.MoMLSimpleApplication@51208107
----------------- Done invoking toplevel() on ptolemy.moml.MoMLSimpleApplication@51208107
reloadAllAccessors: .LookupTable

===========================================================================================
----------------- testing Sun Aug 18 05:29:33 UTC 2019 /home/travis/build/icyphy/ptII/ptolemy/actor/lib/test/auto/MathFunction.xml
----------------- Instantiating /home/travis/build/icyphy/ptII/ptolemy/actor/lib/test/auto/MathFunction.xml
11 ms. Memory: 425984K Free: 154765K (36%)
----------------- Invoking toplevel() on ptolemy.moml.MoMLSimpleApplication@69d6ee10
----------------- Done invoking toplevel() on ptolemy.moml.MoMLSimpleApplication@69d6ee10
reloadAllAccessors: .MathFunction

===========================================================================================
----------------- testing Sun Aug 18 05:29:33 UTC 2019 /home/travis/build/icyphy/ptII/ptolemy/actor/lib/test/auto/MathFunction2.xml
----------------- Instantiating /home/travis/build/icyphy/ptII/ptolemy/actor/lib/test/auto/MathFunction2.xml
2 ms. Memory: 425984K Free: 150669K (35%)
----------------- Invoking toplevel() on ptolemy.moml.MoMLSimpleApplication@54faf22b
----------------- Done invoking toplevel() on ptolemy.moml.MoMLSimpleApplication@54faf22b
reloadAllAccessors: .MathFunction2

===========================================================================================
----------------- testing Sun Aug 18 05:29:33 UTC 2019 /home/travis/build/icyphy/ptII/ptolemy/actor/lib/test/auto/MathFunction3.xml
----------------- Instantiating /home/travis/build/icyphy/ptII/ptolemy/actor/lib/test/auto/MathFunction3.xml
2 ms. Memory: 425984K Free: 143501K (34%)
----------------- Invoking toplevel() on ptolemy.moml.MoMLSimpleApplication@7222fa78
----------------- Done invoking toplevel() on ptolemy.moml.MoMLSimpleApplication@7222fa78
reloadAllAccessors: .MathFunction3

===========================================================================================
----------------- testing Sun Aug 18 05:29:33 UTC 2019 /home/travis/build/icyphy/ptII/ptolemy/actor/lib/test/auto/MatrixCropBoolean.xml
----------------- Instantiating /home/travis/build/icyphy/ptII/ptolemy/actor/lib/test/auto/MatrixCropBoolean.xml
3 ms. Memory: 425984K Free: 138351K (32%)
----------------- Invoking toplevel() on ptolemy.moml.MoMLSimpleApplication@33569756
----------------- Done invoking toplevel() on ptolemy.moml.MoMLSimpleApplication@33569756
reloadAllAccessors: .MatrixCropBoolean

===========================================================================================
----------------- testing Sun Aug 18 05:29:33 UTC 2019 /home/travis/build/icyphy/ptII/ptolemy/actor/lib/test/auto/MatrixCropComplex.xml
----------------- Instantiating /home/travis/build/icyphy/ptII/ptolemy/actor/lib/test/auto/MatrixCropComplex.xml
2 ms. Memory: 425984K Free: 133231K (31%)
----------------- Invoking toplevel() on ptolemy.moml.MoMLSimpleApplication@1cb91115
----------------- Done invoking toplevel() on ptolemy.moml.MoMLSimpleApplication@1cb91115
reloadAllAccessors: .MatrixCropComplex

===========================================================================================
----------------- testing Sun Aug 18 05:29:33 UTC 2019 /home/travis/build/icyphy/ptII/ptolemy/actor/lib/test/auto/MatrixCropDouble.xml
----------------- Instantiating /home/travis/build/icyphy/ptII/ptolemy/actor/lib/test/auto/MatrixCropDouble.xml
3 ms. Memory: 425984K Free: 128111K (30%)
----------------- Invoking toplevel() on ptolemy.moml.MoMLSimpleApplication@200ce7c8
----------------- Done invoking toplevel() on ptolemy.moml.MoMLSimpleApplication@200ce7c8
reloadAllAccessors: .MatrixCropDouble

===========================================================================================
----------------- testing Sun Aug 18 05:29:33 UTC 2019 /home/travis/build/icyphy/ptII/ptolemy/actor/lib/test/auto/MatrixCropFix.xml
----------------- Instantiating /home/travis/build/icyphy/ptII/ptolemy/actor/lib/test/auto/MatrixCropFix.xml
2 ms. Memory: 425984K Free: 374767K (88%)
----------------- Invoking toplevel() on ptolemy.moml.MoMLSimpleApplication@515c65cc
----------------- Done invoking toplevel() on ptolemy.moml.MoMLSimpleApplication@515c65cc
reloadAllAccessors: .MatrixCropFix

===========================================================================================
----------------- testing Sun Aug 18 05:29:33 UTC 2019 /home/travis/build/icyphy/ptII/ptolemy/actor/lib/test/auto/MatrixCropInt.xml
----------------- Instantiating /home/travis/build/icyphy/ptII/ptolemy/actor/lib/test/auto/MatrixCropInt.xml
2 ms. Memory: 425984K Free: 369152K (87%)
----------------- Invoking toplevel() on ptolemy.moml.MoMLSimpleApplication@622ad8ff
----------------- Done invoking toplevel() on ptolemy.moml.MoMLSimpleApplication@622ad8ff
reloadAllAccessors: .MatrixCropInt

===========================================================================================
----------------- testing Sun Aug 18 05:29:33 UTC 2019 /home/travis/build/icyphy/ptII/ptolemy/actor/lib/test/auto/MatrixCropLong.xml
----------------- Instantiating /home/travis/build/icyphy/ptII/ptolemy/actor/lib/test/auto/MatrixCropLong.xml
1 ms. Memory: 425984K Free: 365056K (86%)
----------------- Invoking toplevel() on ptolemy.moml.MoMLSimpleApplication@7c2163fa
----------------- Done invoking toplevel() on ptolemy.moml.MoMLSimpleApplication@7c2163fa
reloadAllAccessors: .MatrixCropLong

===========================================================================================
----------------- testing Sun Aug 18 05:29:33 UTC 2019 /home/travis/build/icyphy/ptII/ptolemy/actor/lib/test/auto/MatrixToArray.xml
----------------- Instantiating /home/travis/build/icyphy/ptII/ptolemy/actor/lib/test/auto/MatrixToArray.xml
8 ms. Memory: 425984K Free: 349182K (82%)
----------------- Invoking toplevel() on ptolemy.moml.MoMLSimpleApplication@8361314
----------------- Done invoking toplevel() on ptolemy.moml.MoMLSimpleApplication@8361314
reloadAllAccessors: .MatrixToArray

===========================================================================================
----------------- testing Sun Aug 18 05:29:33 UTC 2019 /home/travis/build/icyphy/ptII/ptolemy/actor/lib/test/auto/MaxIndex.xml
----------------- Instantiating /home/travis/build/icyphy/ptII/ptolemy/actor/lib/test/auto/MaxIndex.xml
2 ms. Memory: 425984K Free: 344062K (81%)
----------------- Invoking toplevel() on ptolemy.moml.MoMLSimpleApplication@5c096b07
----------------- Done invoking toplevel() on ptolemy.moml.MoMLSimpleApplication@5c096b07
reloadAllAccessors: .MaxIndex

===========================================================================================
----------------- testing Sun Aug 18 05:29:33 UTC 2019 /home/travis/build/icyphy/ptII/ptolemy/actor/lib/test/auto/Maximum.xml
----------------- Instantiating /home/travis/build/icyphy/ptII/ptolemy/actor/lib/test/auto/Maximum.xml
6 ms. Memory: 425984K Free: 337408K (79%)
----------------- Invoking toplevel() on ptolemy.moml.MoMLSimpleApplication@3f682c8f
----------------- Done invoking toplevel() on ptolemy.moml.MoMLSimpleApplication@3f682c8f
reloadAllAccessors: .Maximum

===========================================================================================
----------------- testing Sun Aug 18 05:29:33 UTC 2019 /home/travis/build/icyphy/ptII/ptolemy/actor/lib/test/auto/MaximumComplex.xml
----------------- Instantiating /home/travis/build/icyphy/ptII/ptolemy/actor/lib/test/auto/MaximumComplex.xml
5 ms. Memory: 425984K Free: 331264K (78%)
----------------- Invoking toplevel() on ptolemy.moml.MoMLSimpleApplication@56e83977
----------------- Done invoking toplevel() on ptolemy.moml.MoMLSimpleApplication@56e83977
reloadAllAccessors: .MaximumComplex

===========================================================================================
----------------- testing Sun Aug 18 05:29:33 UTC 2019 /home/travis/build/icyphy/ptII/ptolemy/actor/lib/test/auto/MethodCallTest.xml
----------------- Instantiating /home/travis/build/icyphy/ptII/ptolemy/actor/lib/test/auto/MethodCallTest.xml
4 ms. Memory: 425984K Free: 324606K (76%)
----------------- Invoking toplevel() on ptolemy.moml.MoMLSimpleApplication@2426f995
----------------- Done invoking toplevel() on ptolemy.moml.MoMLSimpleApplication@2426f995
reloadAllAccessors: .MethodCallTest

===========================================================================================
----------------- testing Sun Aug 18 05:29:33 UTC 2019 /home/travis/build/icyphy/ptII/ptolemy/actor/lib/test/auto/Minimum.xml
----------------- Instantiating /home/travis/build/icyphy/ptII/ptolemy/actor/lib/test/auto/Minimum.xml
3 ms. Memory: 425984K Free: 318447K (75%)
----------------- Invoking toplevel() on ptolemy.moml.MoMLSimpleApplication@59299e68
----------------- Done invoking toplevel() on ptolemy.moml.MoMLSimpleApplication@59299e68
reloadAllAccessors: .Minimum

===========================================================================================
----------------- testing Sun Aug 18 05:29:33 UTC 2019 /home/travis/build/icyphy/ptII/ptolemy/actor/lib/test/auto/MinimumComplex.xml
----------------- Instantiating /home/travis/build/icyphy/ptII/ptolemy/actor/lib/test/auto/MinimumComplex.xml
4 ms. Memory: 425984K Free: 312303K (73%)
----------------- Invoking toplevel() on ptolemy.moml.MoMLSimpleApplication@1308a904
----------------- Done invoking toplevel() on ptolemy.moml.MoMLSimpleApplication@1308a904
reloadAllAccessors: .MinimumComplex

===========================================================================================
----------------- testing Sun Aug 18 05:29:33 UTC 2019 /home/travis/build/icyphy/ptII/ptolemy/actor/lib/test/auto/MinimumMultiports.xml
----------------- Instantiating /home/travis/build/icyphy/ptII/ptolemy/actor/lib/test/auto/MinimumMultiports.xml
3 ms. Memory: 425984K Free: 303087K (71%)
----------------- Invoking toplevel() on ptolemy.moml.MoMLSimpleApplication@53d85435
----------------- Done invoking toplevel() on ptolemy.moml.MoMLSimpleApplication@53d85435
reloadAllAccessors: .MinimumMultiports

===========================================================================================
----------------- testing Sun Aug 18 05:29:33 UTC 2019 /home/travis/build/icyphy/ptII/ptolemy/actor/lib/test/auto/ModifyDate.xml
----------------- Instantiating /home/travis/build/icyphy/ptII/ptolemy/actor/lib/test/auto/ModifyDate.xml
9 ms. Memory: 425984K Free: 290304K (68%)
----------------- Invoking toplevel() on ptolemy.moml.MoMLSimpleApplication@5b6dcd66
----------------- Done invoking toplevel() on ptolemy.moml.MoMLSimpleApplication@5b6dcd66
reloadAllAccessors: .ModifyDate

===========================================================================================
----------------- testing Sun Aug 18 05:29:33 UTC 2019 /home/travis/build/icyphy/ptII/ptolemy/actor/lib/test/auto/ModifyDate2.xml
----------------- Instantiating /home/travis/build/icyphy/ptII/ptolemy/actor/lib/test/auto/ModifyDate2.xml
6 ms. Memory: 425984K Free: 281598K (66%)
----------------- Invoking toplevel() on ptolemy.moml.MoMLSimpleApplication@6a8ebd10
----------------- Done invoking toplevel() on ptolemy.moml.MoMLSimpleApplication@6a8ebd10
reloadAllAccessors: .ModifyDate2

===========================================================================================
----------------- testing Sun Aug 18 05:29:33 UTC 2019 /home/travis/build/icyphy/ptII/ptolemy/actor/lib/test/auto/MovingAverage.xml
----------------- Instantiating /home/travis/build/icyphy/ptII/ptolemy/actor/lib/test/auto/MovingAverage.xml
2 ms. Memory: 425984K Free: 276478K (65%)
----------------- Invoking toplevel() on ptolemy.moml.MoMLSimpleApplication@11ab272e
----------------- Done invoking toplevel() on ptolemy.moml.MoMLSimpleApplication@11ab272e
reloadAllAccessors: .MovingAverage

===========================================================================================
----------------- testing Sun Aug 18 05:29:33 UTC 2019 /home/travis/build/icyphy/ptII/ptolemy/actor/lib/test/auto/MovingMaximum.xml
----------------- Instantiating /home/travis/build/icyphy/ptII/ptolemy/actor/lib/test/auto/MovingMaximum.xml
1 ms. Memory: 425984K Free: 271872K (64%)
----------------- Invoking toplevel() on ptolemy.moml.MoMLSimpleApplication@48f82715
----------------- Done invoking toplevel() on ptolemy.moml.MoMLSimpleApplication@48f82715
reloadAllAccessors: .MovingMaximum

===========================================================================================
----------------- testing Sun Aug 18 05:29:33 UTC 2019 /home/travis/build/icyphy/ptII/ptolemy/actor/lib/test/auto/MultipleLinksToSameRelation.xml
----------------- Instantiating /home/travis/build/icyphy/ptII/ptolemy/actor/lib/test/auto/MultipleLinksToSameRelation.xml
2 ms. Memory: 425984K Free: 267776K (63%)
----------------- Invoking toplevel() on ptolemy.moml.MoMLSimpleApplication@d6d0ba4
----------------- Done invoking toplevel() on ptolemy.moml.MoMLSimpleApplication@d6d0ba4
reloadAllAccessors: .MultipleLinksToSameRelation

===========================================================================================
----------------- testing Sun Aug 18 05:29:33 UTC 2019 /home/travis/build/icyphy/ptII/ptolemy/actor/lib/test/auto/MultipleLinksToSameRelationDE.xml
----------------- Instantiating /home/travis/build/icyphy/ptII/ptolemy/actor/lib/test/auto/MultipleLinksToSameRelationDE.xml
2 ms. Memory: 425984K Free: 263151K (62%)
----------------- Invoking toplevel() on ptolemy.moml.MoMLSimpleApplication@4f904a34
----------------- Done invoking toplevel() on ptolemy.moml.MoMLSimpleApplication@4f904a34
reloadAllAccessors: .MultipleLinksToSameRelationDE

===========================================================================================
----------------- testing Sun Aug 18 05:29:33 UTC 2019 /home/travis/build/icyphy/ptII/ptolemy/actor/lib/test/auto/Multiplexor.xml
----------------- Instantiating /home/travis/build/icyphy/ptII/ptolemy/actor/lib/test/auto/Multiplexor.xml
4 ms. Memory: 425984K Free: 257536K (60%)
----------------- Invoking toplevel() on ptolemy.moml.MoMLSimpleApplication@5b544d8e
----------------- Done invoking toplevel() on ptolemy.moml.MoMLSimpleApplication@5b544d8e
reloadAllAccessors: .Multiplexor

===========================================================================================
----------------- testing Sun Aug 18 05:29:33 UTC 2019 /home/travis/build/icyphy/ptII/ptolemy/actor/lib/test/auto/Multiplexor1.xml
----------------- Instantiating /home/travis/build/icyphy/ptII/ptolemy/actor/lib/test/auto/Multiplexor1.xml
2 ms. Memory: 425984K Free: 251871K (59%)
----------------- Invoking toplevel() on ptolemy.moml.MoMLSimpleApplication@465afbf5
----------------- Done invoking toplevel() on ptolemy.moml.MoMLSimpleApplication@465afbf5
reloadAllAccessors: .Multiplexor1

===========================================================================================
----------------- testing Sun Aug 18 05:29:33 UTC 2019 /home/travis/build/icyphy/ptII/ptolemy/actor/lib/test/auto/Multiplexor2.xml
----------------- Instantiating /home/travis/build/icyphy/ptII/ptolemy/actor/lib/test/auto/Multiplexor2.xml
6 ms. Memory: 425984K Free: 245248K (58%)
----------------- Invoking toplevel() on ptolemy.moml.MoMLSimpleApplication@497be739
----------------- Done invoking toplevel() on ptolemy.moml.MoMLSimpleApplication@497be739
reloadAllAccessors: .Multiplexor2

===========================================================================================
----------------- testing Sun Aug 18 05:29:33 UTC 2019 /home/travis/build/icyphy/ptII/ptolemy/actor/lib/test/auto/Multiplexor3.xml
----------------- Instantiating /home/travis/build/icyphy/ptII/ptolemy/actor/lib/test/auto/Multiplexor3.xml
2 ms. Memory: 425984K Free: 241152K (57%)
----------------- Invoking toplevel() on ptolemy.moml.MoMLSimpleApplication@4e537bc4
----------------- Done invoking toplevel() on ptolemy.moml.MoMLSimpleApplication@4e537bc4
reloadAllAccessors: .Multiplexor3

===========================================================================================
----------------- testing Sun Aug 18 05:29:34 UTC 2019 /home/travis/build/icyphy/ptII/ptolemy/actor/lib/test/auto/MultiplexorDE.xml
----------------- Instantiating /home/travis/build/icyphy/ptII/ptolemy/actor/lib/test/auto/MultiplexorDE.xml
4 ms. Memory: 425984K Free: 233439K (55%)
----------------- Invoking toplevel() on ptolemy.moml.MoMLSimpleApplication@7ad3475c
----------------- Done invoking toplevel() on ptolemy.moml.MoMLSimpleApplication@7ad3475c
reloadAllAccessors: .MultiplexorDE

===========================================================================================
----------------- testing Sun Aug 18 05:29:34 UTC 2019 /home/travis/build/icyphy/ptII/ptolemy/actor/lib/test/auto/MultiportBroadcastTest.xml
----------------- Instantiating /home/travis/build/icyphy/ptII/ptolemy/actor/lib/test/auto/MultiportBroadcastTest.xml
80 ms. Memory: 425984K Free: 227319K (53%)
----------------- Invoking toplevel() on ptolemy.moml.MoMLSimpleApplication@5192d46
----------------- Done invoking toplevel() on ptolemy.moml.MoMLSimpleApplication@5192d46
reloadAllAccessors: .MultiportBroadcastTest

===========================================================================================
----------------- testing Sun Aug 18 05:29:34 UTC 2019 /home/travis/build/icyphy/ptII/ptolemy/actor/lib/test/auto/MultiportOutHangDuringGetWidth.xml
----------------- Instantiating /home/travis/build/icyphy/ptII/ptolemy/actor/lib/test/auto/MultiportOutHangDuringGetWidth.xml
5 ms. Memory: 425984K Free: 215023K (50%)
----------------- Invoking toplevel() on ptolemy.moml.MoMLSimpleApplication@580ffc8e
----------------- Done invoking toplevel() on ptolemy.moml.MoMLSimpleApplication@580ffc8e
reloadAllAccessors: .MultiportOutHangDuringGetWidth

===========================================================================================
----------------- testing Sun Aug 18 05:29:34 UTC 2019 /home/travis/build/icyphy/ptII/ptolemy/actor/lib/test/auto/NilToken.xml
----------------- Instantiating /home/travis/build/icyphy/ptII/ptolemy/actor/lib/test/auto/NilToken.xml
1 ms. Memory: 425984K Free: 210942K (50%)
----------------- Invoking toplevel() on ptolemy.moml.MoMLSimpleApplication@5afcef90
----------------- Done invoking toplevel() on ptolemy.moml.MoMLSimpleApplication@5afcef90
reloadAllAccessors: .NilToken

===========================================================================================
----------------- testing Sun Aug 18 05:29:34 UTC 2019 /home/travis/build/icyphy/ptII/ptolemy/actor/lib/test/auto/NilTokenNonStrictTest.xml
----------------- Instantiating /home/travis/build/icyphy/ptII/ptolemy/actor/lib/test/auto/NilTokenNonStrictTest.xml
2 ms. Memory: 425984K Free: 205822K (48%)
----------------- Invoking toplevel() on ptolemy.moml.MoMLSimpleApplication@1ec08f06
----------------- Done invoking toplevel() on ptolemy.moml.MoMLSimpleApplication@1ec08f06
reloadAllAccessors: .NilTokenNonStrictTest

===========================================================================================
----------------- testing Sun Aug 18 05:29:34 UTC 2019 /home/travis/build/icyphy/ptII/ptolemy/actor/lib/test/auto/NilTokenRecord.xml
----------------- Instantiating /home/travis/build/icyphy/ptII/ptolemy/actor/lib/test/auto/NilTokenRecord.xml
18 ms. Memory: 425984K Free: 199168K (47%)
----------------- Invoking toplevel() on ptolemy.moml.MoMLSimpleApplication@346bed28
----------------- Done invoking toplevel() on ptolemy.moml.MoMLSimpleApplication@346bed28
reloadAllAccessors: .NilTokenRecord

===========================================================================================
----------------- testing Sun Aug 18 05:29:34 UTC 2019 /home/travis/build/icyphy/ptII/ptolemy/actor/lib/test/auto/NilTokenTypeTest.xml
----------------- Instantiating /home/travis/build/icyphy/ptII/ptolemy/actor/lib/test/auto/NilTokenTypeTest.xml
4 ms. Memory: 425984K Free: 189438K (44%)
----------------- Invoking toplevel() on ptolemy.moml.MoMLSimpleApplication@312f41ed
----------------- Done invoking toplevel() on ptolemy.moml.MoMLSimpleApplication@312f41ed
reloadAllAccessors: .NilTokenTypeTest

===========================================================================================
----------------- testing Sun Aug 18 05:29:34 UTC 2019 /home/travis/build/icyphy/ptII/ptolemy/actor/lib/test/auto/ObjectToken1.xml
----------------- Instantiating /home/travis/build/icyphy/ptII/ptolemy/actor/lib/test/auto/ObjectToken1.xml
3 ms. Memory: 425984K Free: 185342K (44%)
----------------- Invoking toplevel() on ptolemy.moml.MoMLSimpleApplication@24a4ba6d
----------------- Done invoking toplevel() on ptolemy.moml.MoMLSimpleApplication@24a4ba6d
reloadAllAccessors: .ObjectToken1

===========================================================================================
----------------- testing Sun Aug 18 05:29:34 UTC 2019 /home/travis/build/icyphy/ptII/ptolemy/actor/lib/test/auto/OrderedMerge.xml
----------------- Instantiating /home/travis/build/icyphy/ptII/ptolemy/actor/lib/test/auto/OrderedMerge.xml
13 ms. Memory: 425984K Free: 179712K (42%)
----------------- Invoking toplevel() on ptolemy.moml.MoMLSimpleApplication@74ccd111
----------------- Done invoking toplevel() on ptolemy.moml.MoMLSimpleApplication@74ccd111
reloadAllAccessors: .OrderedMerge

===========================================================================================
----------------- testing Sun Aug 18 05:29:34 UTC 2019 /home/travis/build/icyphy/ptII/ptolemy/actor/lib/test/auto/OrderedRecordDisassembler.xml
----------------- Instantiating /home/travis/build/icyphy/ptII/ptolemy/actor/lib/test/auto/OrderedRecordDisassembler.xml
3 ms. Memory: 425984K Free: 174592K (41%)
----------------- Invoking toplevel() on ptolemy.moml.MoMLSimpleApplication@322c64bf
----------------- Done invoking toplevel() on ptolemy.moml.MoMLSimpleApplication@322c64bf
reloadAllAccessors: .OrderedRecordDisassembler

===========================================================================================
----------------- testing Sun Aug 18 05:29:34 UTC 2019 /home/travis/build/icyphy/ptII/ptolemy/actor/lib/test/auto/OrderedRecordDisassembler2.xml
----------------- Instantiating /home/travis/build/icyphy/ptII/ptolemy/actor/lib/test/auto/OrderedRecordDisassembler2.xml
4 ms. Memory: 425984K Free: 166400K (39%)
----------------- Invoking toplevel() on ptolemy.moml.MoMLSimpleApplication@f0f7e7b
----------------- Done invoking toplevel() on ptolemy.moml.MoMLSimpleApplication@f0f7e7b
reloadAllAccessors: .OrderedRecordDisassembler2

===========================================================================================
----------------- testing Sun Aug 18 05:29:34 UTC 2019 /home/travis/build/icyphy/ptII/ptolemy/actor/lib/test/auto/OrderedRecordUpdater.xml
----------------- Instantiating /home/travis/build/icyphy/ptII/ptolemy/actor/lib/test/auto/OrderedRecordUpdater.xml
1 ms. Memory: 425984K Free: 161280K (38%)
----------------- Invoking toplevel() on ptolemy.moml.MoMLSimpleApplication@67d69041
----------------- Done invoking toplevel() on ptolemy.moml.MoMLSimpleApplication@67d69041
reloadAllAccessors: .RecordUpdater

===========================================================================================
----------------- testing Sun Aug 18 05:29:34 UTC 2019 /home/travis/build/icyphy/ptII/ptolemy/actor/lib/test/auto/OrderedRecordUpdater2.xml
----------------- Instantiating /home/travis/build/icyphy/ptII/ptolemy/actor/lib/test/auto/OrderedRecordUpdater2.xml
3 ms. Memory: 425984K Free: 156160K (37%)
----------------- Invoking toplevel() on ptolemy.moml.MoMLSimpleApplication@4e4320cf
----------------- Done invoking toplevel() on ptolemy.moml.MoMLSimpleApplication@4e4320cf
reloadAllAccessors: .RecordUpdater2

===========================================================================================
----------------- testing Sun Aug 18 05:29:34 UTC 2019 /home/travis/build/icyphy/ptII/ptolemy/actor/lib/test/auto/PhaseUnwrap.xml
----------------- Instantiating /home/travis/build/icyphy/ptII/ptolemy/actor/lib/test/auto/PhaseUnwrap.xml
2 ms. Memory: 425984K Free: 151550K (36%)
----------------- Invoking toplevel() on ptolemy.moml.MoMLSimpleApplication@13244dac
----------------- Done invoking toplevel() on ptolemy.moml.MoMLSimpleApplication@13244dac
reloadAllAccessors: .PhaseUnwrap

===========================================================================================
----------------- testing Sun Aug 18 05:29:34 UTC 2019 /home/travis/build/icyphy/ptII/ptolemy/actor/lib/test/auto/PoissonClock.xml
----------------- Instantiating /home/travis/build/icyphy/ptII/ptolemy/actor/lib/test/auto/PoissonClock.xml
1 ms. Memory: 425984K Free: 147454K (35%)
----------------- Invoking toplevel() on ptolemy.moml.MoMLSimpleApplication@1c684a5f
----------------- Done invoking toplevel() on ptolemy.moml.MoMLSimpleApplication@1c684a5f
reloadAllAccessors: .PoissonClock

===========================================================================================
----------------- testing Sun Aug 18 05:29:34 UTC 2019 /home/travis/build/icyphy/ptII/ptolemy/actor/lib/test/auto/PoissonClock2.xml
----------------- Instantiating /home/travis/build/icyphy/ptII/ptolemy/actor/lib/test/auto/PoissonClock2.xml
1 ms. Memory: 425984K Free: 142848K (34%)
----------------- Invoking toplevel() on ptolemy.moml.MoMLSimpleApplication@53bffeeb
----------------- Done invoking toplevel() on ptolemy.moml.MoMLSimpleApplication@53bffeeb
reloadAllAccessors: .PoissonClock2

===========================================================================================
----------------- testing Sun Aug 18 05:29:34 UTC 2019 /home/travis/build/icyphy/ptII/ptolemy/actor/lib/test/auto/PoissonClock3.xml
----------------- Instantiating /home/travis/build/icyphy/ptII/ptolemy/actor/lib/test/auto/PoissonClock3.xml
1 ms. Memory: 425984K Free: 138238K (32%)
----------------- Invoking toplevel() on ptolemy.moml.MoMLSimpleApplication@1c53dc03
----------------- Done invoking toplevel() on ptolemy.moml.MoMLSimpleApplication@1c53dc03
reloadAllAccessors: .PoissonClock3

===========================================================================================
----------------- testing Sun Aug 18 05:29:34 UTC 2019 /home/travis/build/icyphy/ptII/ptolemy/actor/lib/test/auto/PubSubWithInitialTokens.xml
----------------- Instantiating /home/travis/build/icyphy/ptII/ptolemy/actor/lib/test/auto/PubSubWithInitialTokens.xml
4 ms. Memory: 425984K Free: 132608K (31%)
----------------- Invoking toplevel() on ptolemy.moml.MoMLSimpleApplication@31320200
----------------- Done invoking toplevel() on ptolemy.moml.MoMLSimpleApplication@31320200
reloadAllAccessors: .PubSubWithInitialTokens

===========================================================================================
----------------- testing Sun Aug 18 05:29:34 UTC 2019 /home/travis/build/icyphy/ptII/ptolemy/actor/lib/test/auto/PubSubWithInitialTokens2.xml
----------------- Instantiating /home/travis/build/icyphy/ptII/ptolemy/actor/lib/test/auto/PubSubWithInitialTokens2.xml
2 ms. Memory: 425984K Free: 126464K (30%)
----------------- Invoking toplevel() on ptolemy.moml.MoMLSimpleApplication@6c78d096
----------------- Done invoking toplevel() on ptolemy.moml.MoMLSimpleApplication@6c78d096
reloadAllAccessors: .PubSubWithInitialTokens2

===========================================================================================
----------------- testing Sun Aug 18 05:29:34 UTC 2019 /home/travis/build/icyphy/ptII/ptolemy/actor/lib/test/auto/PublisherClassNoParameter.xml
----------------- Instantiating /home/travis/build/icyphy/ptII/ptolemy/actor/lib/test/auto/PublisherClassNoParameter.xml
2 ms. Memory: 425984K Free: 368736K (87%)
----------------- Invoking toplevel() on ptolemy.moml.MoMLSimpleApplication@1210f250
----------------- Done invoking toplevel() on ptolemy.moml.MoMLSimpleApplication@1210f250
reloadAllAccessors: .PublisherClassNoParameter

===========================================================================================
----------------- testing Sun Aug 18 05:29:34 UTC 2019 /home/travis/build/icyphy/ptII/ptolemy/actor/lib/test/auto/PublisherClassParameter.xml
----------------- Instantiating /home/travis/build/icyphy/ptII/ptolemy/actor/lib/test/auto/PublisherClassParameter.xml
2 ms. Memory: 425984K Free: 358496K (84%)
----------------- Invoking toplevel() on ptolemy.moml.MoMLSimpleApplication@658244f7
----------------- Done invoking toplevel() on ptolemy.moml.MoMLSimpleApplication@658244f7
reloadAllAccessors: .PublisherClassParameter

===========================================================================================
----------------- testing Sun Aug 18 05:29:34 UTC 2019 /home/travis/build/icyphy/ptII/ptolemy/actor/lib/test/auto/PublisherNonStrictTest.xml
----------------- Instantiating /home/travis/build/icyphy/ptII/ptolemy/actor/lib/test/auto/PublisherNonStrictTest.xml
3 ms. Memory: 425984K Free: 350312K (82%)
----------------- Invoking toplevel() on ptolemy.moml.MoMLSimpleApplication@7935f9e2
----------------- Done invoking toplevel() on ptolemy.moml.MoMLSimpleApplication@7935f9e2
reloadAllAccessors: .PublisherNonStrictTest

===========================================================================================
----------------- testing Sun Aug 18 05:29:34 UTC 2019 /home/travis/build/icyphy/ptII/ptolemy/actor/lib/test/auto/PublisherPort1.xml
----------------- Instantiating /home/travis/build/icyphy/ptII/ptolemy/actor/lib/test/auto/PublisherPort1.xml
4 ms. Memory: 425984K Free: 344160K (81%)
----------------- Invoking toplevel() on ptolemy.moml.MoMLSimpleApplication@11c84ced
----------------- Done invoking toplevel() on ptolemy.moml.MoMLSimpleApplication@11c84ced
reloadAllAccessors: .PublisherPort1

===========================================================================================
----------------- testing Sun Aug 18 05:29:34 UTC 2019 /home/travis/build/icyphy/ptII/ptolemy/actor/lib/test/auto/PublisherPort2.xml
----------------- Instantiating /home/travis/build/icyphy/ptII/ptolemy/actor/lib/test/auto/PublisherPort2.xml
1 ms. Memory: 425984K Free: 339054K (80%)
----------------- Invoking toplevel() on ptolemy.moml.MoMLSimpleApplication@317e445e
----------------- Done invoking toplevel() on ptolemy.moml.MoMLSimpleApplication@317e445e
reloadAllAccessors: .PublisherPort2

===========================================================================================
----------------- testing Sun Aug 18 05:29:34 UTC 2019 /home/travis/build/icyphy/ptII/ptolemy/actor/lib/test/auto/PublisherPort3.xml
----------------- Instantiating /home/travis/build/icyphy/ptII/ptolemy/actor/lib/test/auto/PublisherPort3.xml
3 ms. Memory: 425984K Free: 332400K (78%)
----------------- Invoking toplevel() on ptolemy.moml.MoMLSimpleApplication@440a5936
----------------- Done invoking toplevel() on ptolemy.moml.MoMLSimpleApplication@440a5936
reloadAllAccessors: .PublisherPort3

===========================================================================================
----------------- testing Sun Aug 18 05:29:34 UTC 2019 /home/travis/build/icyphy/ptII/ptolemy/actor/lib/test/auto/PublisherPort4.xml
----------------- Instantiating /home/travis/build/icyphy/ptII/ptolemy/actor/lib/test/auto/PublisherPort4.xml
2 ms. Memory: 425984K Free: 326760K (77%)
----------------- Invoking toplevel() on ptolemy.moml.MoMLSimpleApplication@36fd0d43
----------------- Done invoking toplevel() on ptolemy.moml.MoMLSimpleApplication@36fd0d43
reloadAllAccessors: .PublisherPort4

===========================================================================================
----------------- testing Sun Aug 18 05:29:34 UTC 2019 /home/travis/build/icyphy/ptII/ptolemy/actor/lib/test/auto/PublisherPort5.xml
----------------- Instantiating /home/travis/build/icyphy/ptII/ptolemy/actor/lib/test/auto/PublisherPort5.xml
3 ms. Memory: 425984K Free: 319088K (75%)
----------------- Invoking toplevel() on ptolemy.moml.MoMLSimpleApplication@3a1261d0
----------------- Done invoking toplevel() on ptolemy.moml.MoMLSimpleApplication@3a1261d0
reloadAllAccessors: .PublisherPort5

===========================================================================================
----------------- testing Sun Aug 18 05:29:34 UTC 2019 /home/travis/build/icyphy/ptII/ptolemy/actor/lib/test/auto/PublisherPort5LookAlike.xml
----------------- Instantiating /home/travis/build/icyphy/ptII/ptolemy/actor/lib/test/auto/PublisherPort5LookAlike.xml
9 ms. Memory: 425984K Free: 311406K (73%)
----------------- Invoking toplevel() on ptolemy.moml.MoMLSimpleApplication@77a69f32
----------------- Done invoking toplevel() on ptolemy.moml.MoMLSimpleApplication@77a69f32
reloadAllAccessors: .PublisherPort5LookAlike

===========================================================================================
----------------- testing Sun Aug 18 05:29:34 UTC 2019 /home/travis/build/icyphy/ptII/ptolemy/actor/lib/test/auto/PublisherPort6.xml
----------------- Instantiating /home/travis/build/icyphy/ptII/ptolemy/actor/lib/test/auto/PublisherPort6.xml
2 ms. Memory: 425984K Free: 304752K (72%)
----------------- Invoking toplevel() on ptolemy.moml.MoMLSimpleApplication@520a97b3
----------------- Done invoking toplevel() on ptolemy.moml.MoMLSimpleApplication@520a97b3
reloadAllAccessors: .PublisherPort6

===========================================================================================
----------------- testing Sun Aug 18 05:29:34 UTC 2019 /home/travis/build/icyphy/ptII/ptolemy/actor/lib/test/auto/PublisherPort7.xml
----------------- Instantiating /home/travis/build/icyphy/ptII/ptolemy/actor/lib/test/auto/PublisherPort7.xml
3 ms. Memory: 425984K Free: 297070K (70%)
----------------- Invoking toplevel() on ptolemy.moml.MoMLSimpleApplication@34f08ae1
----------------- Done invoking toplevel() on ptolemy.moml.MoMLSimpleApplication@34f08ae1
reloadAllAccessors: .PublisherPort7

===========================================================================================
----------------- testing Sun Aug 18 05:29:34 UTC 2019 /home/travis/build/icyphy/ptII/ptolemy/actor/lib/test/auto/PublisherPort8.xml
----------------- Instantiating /home/travis/build/icyphy/ptII/ptolemy/actor/lib/test/auto/PublisherPort8.xml
4 ms. Memory: 425984K Free: 287854K (68%)
----------------- Invoking toplevel() on ptolemy.moml.MoMLSimpleApplication@1816dea0
----------------- Done invoking toplevel() on ptolemy.moml.MoMLSimpleApplication@1816dea0
reloadAllAccessors: .PublisherPort8

===========================================================================================
----------------- testing Sun Aug 18 05:29:34 UTC 2019 /home/travis/build/icyphy/ptII/ptolemy/actor/lib/test/auto/PublisherPortSubscriberChannelVariablesAOC2.xml
----------------- Instantiating /home/travis/build/icyphy/ptII/ptolemy/actor/lib/test/auto/PublisherPortSubscriberChannelVariablesAOC2.xml
4 ms. Memory: 425984K Free: 270446K (63%)
----------------- Invoking toplevel() on ptolemy.moml.MoMLSimpleApplication@6864e022
----------------- Done invoking toplevel() on ptolemy.moml.MoMLSimpleApplication@6864e022
reloadAllAccessors: .PublisherPortSubscriberChannelVariablesAOC2

===========================================================================================
----------------- testing Sun Aug 18 05:29:34 UTC 2019 /home/travis/build/icyphy/ptII/ptolemy/actor/lib/test/auto/PublisherPortSubscriberOpaqueWidthInference.xml
----------------- Instantiating /home/travis/build/icyphy/ptII/ptolemy/actor/lib/test/auto/PublisherPortSubscriberOpaqueWidthInference.xml
4 ms. Memory: 425984K Free: 262768K (62%)
----------------- Invoking toplevel() on ptolemy.moml.MoMLSimpleApplication@1f762df2
----------------- Done invoking toplevel() on ptolemy.moml.MoMLSimpleApplication@1f762df2
reloadAllAccessors: .PublisherPortSubscriberOpaqueWidthInference

===========================================================================================
----------------- testing Sun Aug 18 05:29:34 UTC 2019 /home/travis/build/icyphy/ptII/ptolemy/actor/lib/test/auto/PublisherPortSubscriberPortAdjacent.xml
----------------- Instantiating /home/travis/build/icyphy/ptII/ptolemy/actor/lib/test/auto/PublisherPortSubscriberPortAdjacent.xml
6 ms. Memory: 425984K Free: 254576K (60%)
----------------- Invoking toplevel() on ptolemy.moml.MoMLSimpleApplication@47a928fb
----------------- Done invoking toplevel() on ptolemy.moml.MoMLSimpleApplication@47a928fb
reloadAllAccessors: .PublisherPortSubscriberPortAdjacent

===========================================================================================
----------------- testing Sun Aug 18 05:29:34 UTC 2019 /home/travis/build/icyphy/ptII/ptolemy/actor/lib/test/auto/PublisherPortSubscriberPortExpression.xml
----------------- Instantiating /home/travis/build/icyphy/ptII/ptolemy/actor/lib/test/auto/PublisherPortSubscriberPortExpression.xml
5 ms. Memory: 425984K Free: 246888K (58%)
----------------- Invoking toplevel() on ptolemy.moml.MoMLSimpleApplication@40b7217e
----------------- Done invoking toplevel() on ptolemy.moml.MoMLSimpleApplication@40b7217e
reloadAllAccessors: .PublisherPortSubscriberPortExpression

===========================================================================================
----------------- testing Sun Aug 18 05:29:34 UTC 2019 /home/travis/build/icyphy/ptII/ptolemy/actor/lib/test/auto/PublisherPortSubscriberPortOpaqueD3Reverse.xml
----------------- Instantiating /home/travis/build/icyphy/ptII/ptolemy/actor/lib/test/auto/PublisherPortSubscriberPortOpaqueD3Reverse.xml
6 ms. Memory: 425984K Free: 236654K (56%)
----------------- Invoking toplevel() on ptolemy.moml.MoMLSimpleApplication@7fa87b34
----------------- Done invoking toplevel() on ptolemy.moml.MoMLSimpleApplication@7fa87b34
reloadAllAccessors: .PublisherPortSubscriberPortOpaqueD3Reverse

===========================================================================================
----------------- testing Sun Aug 18 05:29:34 UTC 2019 /home/travis/build/icyphy/ptII/ptolemy/actor/lib/test/auto/PublisherPortSubscriberPortOpaqueWidthInference.xml
----------------- Instantiating /home/travis/build/icyphy/ptII/ptolemy/actor/lib/test/auto/PublisherPortSubscriberPortOpaqueWidthInference.xml
3 ms. Memory: 425984K Free: 228976K (54%)
----------------- Invoking toplevel() on ptolemy.moml.MoMLSimpleApplication@15017d4f
----------------- Done invoking toplevel() on ptolemy.moml.MoMLSimpleApplication@15017d4f
reloadAllAccessors: .PublisherPortSubscriberPortOpaqueWidthInference

===========================================================================================
----------------- testing Sun Aug 18 05:29:34 UTC 2019 /home/travis/build/icyphy/ptII/ptolemy/actor/lib/test/auto/PublisherPortToplevelSubscriberPortAOC.xml
----------------- Instantiating /home/travis/build/icyphy/ptII/ptolemy/actor/lib/test/auto/PublisherPortToplevelSubscriberPortAOC.xml
.PublisherPortToplevelSubscriberPortAOC.TestExceptionAttribute: initialize() was not invoked, but wrapup() was.  This is unusual, but not always a problem.  For example, exporting JNLP will do this.
1 ms. Memory: 425984K Free: 223342K (52%)
----------------- Invoking toplevel() on ptolemy.moml.MoMLSimpleApplication@992dbdd
----------------- Done invoking toplevel() on ptolemy.moml.MoMLSimpleApplication@992dbdd
reloadAllAccessors: .PublisherPortToplevelSubscriberPortAOC

===========================================================================================
----------------- testing Sun Aug 18 05:29:34 UTC 2019 /home/travis/build/icyphy/ptII/ptolemy/actor/lib/test/auto/PublisherSubscriber.xml
----------------- Instantiating /home/travis/build/icyphy/ptII/ptolemy/actor/lib/test/auto/PublisherSubscriber.xml
3 ms. Memory: 425984K Free: 215120K (50%)
----------------- Invoking toplevel() on ptolemy.moml.MoMLSimpleApplication@705a58a5
----------------- Done invoking toplevel() on ptolemy.moml.MoMLSimpleApplication@705a58a5
reloadAllAccessors: .PublisherSubscriber

===========================================================================================
----------------- testing Sun Aug 18 05:29:34 UTC 2019 /home/travis/build/icyphy/ptII/ptolemy/actor/lib/test/auto/PublisherSubscriber10.xml
----------------- Instantiating /home/travis/build/icyphy/ptII/ptolemy/actor/lib/test/auto/PublisherSubscriber10.xml
7 ms. Memory: 425984K Free: 205424K (48%)
----------------- Invoking toplevel() on ptolemy.moml.MoMLSimpleApplication@583b6a75
----------------- Done invoking toplevel() on ptolemy.moml.MoMLSimpleApplication@583b6a75
reloadAllAccessors: .PublisherSubscriber10

===========================================================================================
----------------- testing Sun Aug 18 05:29:35 UTC 2019 /home/travis/build/icyphy/ptII/ptolemy/actor/lib/test/auto/PublisherSubscriber10InitialOutputs.xml
----------------- Instantiating /home/travis/build/icyphy/ptII/ptolemy/actor/lib/test/auto/PublisherSubscriber10InitialOutputs.xml
13 ms. Memory: 425984K Free: 196208K (46%)
----------------- Invoking toplevel() on ptolemy.moml.MoMLSimpleApplication@51c50921
----------------- Done invoking toplevel() on ptolemy.moml.MoMLSimpleApplication@51c50921
reloadAllAccessors: .PublisherSubscriber10InitialOutputs

===========================================================================================
----------------- testing Sun Aug 18 05:29:35 UTC 2019 /home/travis/build/icyphy/ptII/ptolemy/actor/lib/test/auto/PublisherSubscriber11.xml
----------------- Instantiating /home/travis/build/icyphy/ptII/ptolemy/actor/lib/test/auto/PublisherSubscriber11.xml
3 ms. Memory: 425984K Free: 190064K (45%)
----------------- Invoking toplevel() on ptolemy.moml.MoMLSimpleApplication@4f5ce175
----------------- Done invoking toplevel() on ptolemy.moml.MoMLSimpleApplication@4f5ce175
reloadAllAccessors: .PublisherSubscriber11

===========================================================================================
----------------- testing Sun Aug 18 05:29:35 UTC 2019 /home/travis/build/icyphy/ptII/ptolemy/actor/lib/test/auto/PublisherSubscriber12.xml
----------------- Instantiating /home/travis/build/icyphy/ptII/ptolemy/actor/lib/test/auto/PublisherSubscriber12.xml
3 ms. Memory: 425984K Free: 182896K (43%)
----------------- Invoking toplevel() on ptolemy.moml.MoMLSimpleApplication@1ddd0b00
----------------- Done invoking toplevel() on ptolemy.moml.MoMLSimpleApplication@1ddd0b00
reloadAllAccessors: .PublisherSubscriber12

===========================================================================================
----------------- testing Sun Aug 18 05:29:35 UTC 2019 /home/travis/build/icyphy/ptII/ptolemy/actor/lib/test/auto/PublisherSubscriber13.xml
----------------- Instantiating /home/travis/build/icyphy/ptII/ptolemy/actor/lib/test/auto/PublisherSubscriber13.xml
2 ms. Memory: 425984K Free: 177232K (42%)
----------------- Invoking toplevel() on ptolemy.moml.MoMLSimpleApplication@4119ff92
----------------- Done invoking toplevel() on ptolemy.moml.MoMLSimpleApplication@4119ff92
reloadAllAccessors: .PublisherSubscriber13

===========================================================================================
----------------- testing Sun Aug 18 05:29:35 UTC 2019 /home/travis/build/icyphy/ptII/ptolemy/actor/lib/test/auto/PublisherSubscriber14.xml
----------------- Instantiating /home/travis/build/icyphy/ptII/ptolemy/actor/lib/test/auto/PublisherSubscriber14.xml
2 ms. Memory: 425984K Free: 168016K (39%)
----------------- Invoking toplevel() on ptolemy.moml.MoMLSimpleApplication@6af52814
----------------- Done invoking toplevel() on ptolemy.moml.MoMLSimpleApplication@6af52814
reloadAllAccessors: .PublisherSubscriber14

===========================================================================================
----------------- testing Sun Aug 18 05:29:35 UTC 2019 /home/travis/build/icyphy/ptII/ptolemy/actor/lib/test/auto/PublisherSubscriber2.xml
----------------- Instantiating /home/travis/build/icyphy/ptII/ptolemy/actor/lib/test/auto/PublisherSubscriber2.xml
4 ms. Memory: 425984K Free: 162416K (38%)
----------------- Invoking toplevel() on ptolemy.moml.MoMLSimpleApplication@6d662fc6
----------------- Done invoking toplevel() on ptolemy.moml.MoMLSimpleApplication@6d662fc6
reloadAllAccessors: .PublisherSubscriber2

===========================================================================================
----------------- testing Sun Aug 18 05:29:35 UTC 2019 /home/travis/build/icyphy/ptII/ptolemy/actor/lib/test/auto/PublisherSubscriber3.xml
----------------- Instantiating /home/travis/build/icyphy/ptII/ptolemy/actor/lib/test/auto/PublisherSubscriber3.xml
2 ms. Memory: 425984K Free: 156768K (37%)
----------------- Invoking toplevel() on ptolemy.moml.MoMLSimpleApplication@91a9136
----------------- Done invoking toplevel() on ptolemy.moml.MoMLSimpleApplication@91a9136
reloadAllAccessors: .PublisherSubscriber3

===========================================================================================
----------------- testing Sun Aug 18 05:29:35 UTC 2019 /home/travis/build/icyphy/ptII/ptolemy/actor/lib/test/auto/PublisherSubscriber4.xml
----------------- Instantiating /home/travis/build/icyphy/ptII/ptolemy/actor/lib/test/auto/PublisherSubscriber4.xml
2 ms. Memory: 425984K Free: 151662K (36%)
----------------- Invoking toplevel() on ptolemy.moml.MoMLSimpleApplication@33c42722
----------------- Done invoking toplevel() on ptolemy.moml.MoMLSimpleApplication@33c42722
reloadAllAccessors: .PublisherSubscriber4

===========================================================================================
----------------- testing Sun Aug 18 05:29:35 UTC 2019 /home/travis/build/icyphy/ptII/ptolemy/actor/lib/test/auto/PublisherSubscriber5.xml
----------------- Instantiating /home/travis/build/icyphy/ptII/ptolemy/actor/lib/test/auto/PublisherSubscriber5.xml
2 ms. Memory: 425984K Free: 145008K (34%)
----------------- Invoking toplevel() on ptolemy.moml.MoMLSimpleApplication@53c65c42
----------------- Done invoking toplevel() on ptolemy.moml.MoMLSimpleApplication@53c65c42
reloadAllAccessors: .PublisherSubscriber5

===========================================================================================
----------------- testing Sun Aug 18 05:29:35 UTC 2019 /home/travis/build/icyphy/ptII/ptolemy/actor/lib/test/auto/PublisherSubscriber6.xml
----------------- Instantiating /home/travis/build/icyphy/ptII/ptolemy/actor/lib/test/auto/PublisherSubscriber6.xml
4 ms. Memory: 425984K Free: 137312K (32%)
----------------- Invoking toplevel() on ptolemy.moml.MoMLSimpleApplication@556efc76
----------------- Done invoking toplevel() on ptolemy.moml.MoMLSimpleApplication@556efc76
reloadAllAccessors: .PublisherSubscriber6

===========================================================================================
----------------- testing Sun Aug 18 05:29:35 UTC 2019 /home/travis/build/icyphy/ptII/ptolemy/actor/lib/test/auto/PublisherSubscriber7.xml
----------------- Instantiating /home/travis/build/icyphy/ptII/ptolemy/actor/lib/test/auto/PublisherSubscriber7.xml
9 ms. Memory: 425984K Free: 130672K (31%)
----------------- Invoking toplevel() on ptolemy.moml.MoMLSimpleApplication@56a599ae
----------------- Done invoking toplevel() on ptolemy.moml.MoMLSimpleApplication@56a599ae
reloadAllAccessors: .PublisherSubscriber7

===========================================================================================
----------------- testing Sun Aug 18 05:29:35 UTC 2019 /home/travis/build/icyphy/ptII/ptolemy/actor/lib/test/auto/PublisherSubscriber8.xml
----------------- Instantiating /home/travis/build/icyphy/ptII/ptolemy/actor/lib/test/auto/PublisherSubscriber8.xml
12 ms. Memory: 425984K Free: 370401K (87%)
----------------- Invoking toplevel() on ptolemy.moml.MoMLSimpleApplication@1d41735
----------------- Done invoking toplevel() on ptolemy.moml.MoMLSimpleApplication@1d41735
reloadAllAccessors: .PublisherSubscriber8

===========================================================================================
----------------- testing Sun Aug 18 05:29:35 UTC 2019 /home/travis/build/icyphy/ptII/ptolemy/actor/lib/test/auto/PublisherSubscriber9.xml
----------------- Instantiating /home/travis/build/icyphy/ptII/ptolemy/actor/lib/test/auto/PublisherSubscriber9.xml
3 ms. Memory: 425984K Free: 362723K (85%)
----------------- Invoking toplevel() on ptolemy.moml.MoMLSimpleApplication@1812ae73
----------------- Done invoking toplevel() on ptolemy.moml.MoMLSimpleApplication@1812ae73
reloadAllAccessors: .PublisherSubscriber9

===========================================================================================
----------------- testing Sun Aug 18 05:29:35 UTC 2019 /home/travis/build/icyphy/ptII/ptolemy/actor/lib/test/auto/PublisherSubscriberAdjacent.xml
----------------- Instantiating /home/travis/build/icyphy/ptII/ptolemy/actor/lib/test/auto/PublisherSubscriberAdjacent.xml
2 ms. Memory: 425984K Free: 354531K (83%)
----------------- Invoking toplevel() on ptolemy.moml.MoMLSimpleApplication@2e57fc07
----------------- Done invoking toplevel() on ptolemy.moml.MoMLSimpleApplication@2e57fc07
reloadAllAccessors: .PublisherSubscriberAdjacent

===========================================================================================
----------------- testing Sun Aug 18 05:29:35 UTC 2019 /home/travis/build/icyphy/ptII/ptolemy/actor/lib/test/auto/PublisherSubscriberChannelVariablesAOC2.xml
----------------- Instantiating /home/travis/build/icyphy/ptII/ptolemy/actor/lib/test/auto/PublisherSubscriberChannelVariablesAOC2.xml
3 ms. Memory: 425984K Free: 339171K (80%)
----------------- Invoking toplevel() on ptolemy.moml.MoMLSimpleApplication@6a35a3c6
----------------- Done invoking toplevel() on ptolemy.moml.MoMLSimpleApplication@6a35a3c6
reloadAllAccessors: .PublisherSubscriberChannelVariablesAOC2

===========================================================================================
----------------- testing Sun Aug 18 05:29:35 UTC 2019 /home/travis/build/icyphy/ptII/ptolemy/actor/lib/test/auto/PublisherSubscriberD3.xml
----------------- Instantiating /home/travis/build/icyphy/ptII/ptolemy/actor/lib/test/auto/PublisherSubscriberD3.xml
2 ms. Memory: 425984K Free: 332003K (78%)
----------------- Invoking toplevel() on ptolemy.moml.MoMLSimpleApplication@69bd4114
----------------- Done invoking toplevel() on ptolemy.moml.MoMLSimpleApplication@69bd4114
reloadAllAccessors: .PublisherSubscriberD3

===========================================================================================
----------------- testing Sun Aug 18 05:29:35 UTC 2019 /home/travis/build/icyphy/ptII/ptolemy/actor/lib/test/auto/PublisherSubscriberD3Reverse.xml
----------------- Instantiating /home/travis/build/icyphy/ptII/ptolemy/actor/lib/test/auto/PublisherSubscriberD3Reverse.xml
2 ms. Memory: 425984K Free: 325859K (76%)
----------------- Invoking toplevel() on ptolemy.moml.MoMLSimpleApplication@43d86d28
----------------- Done invoking toplevel() on ptolemy.moml.MoMLSimpleApplication@43d86d28
reloadAllAccessors: .PublisherSubscriberD3Reverse

===========================================================================================
----------------- testing Sun Aug 18 05:29:35 UTC 2019 /home/travis/build/icyphy/ptII/ptolemy/actor/lib/test/auto/PublisherSubscriberExpression.xml
----------------- Instantiating /home/travis/build/icyphy/ptII/ptolemy/actor/lib/test/auto/PublisherSubscriberExpression.xml
4 ms. Memory: 425984K Free: 316643K (74%)
----------------- Invoking toplevel() on ptolemy.moml.MoMLSimpleApplication@322954e9
----------------- Done invoking toplevel() on ptolemy.moml.MoMLSimpleApplication@322954e9
reloadAllAccessors: .PublisherSubscriberExpression

===========================================================================================
----------------- testing Sun Aug 18 05:29:35 UTC 2019 /home/travis/build/icyphy/ptII/ptolemy/actor/lib/test/auto/PublisherSubscriberOpaque.xml
----------------- Instantiating /home/travis/build/icyphy/ptII/ptolemy/actor/lib/test/auto/PublisherSubscriberOpaque.xml
3 ms. Memory: 425984K Free: 308451K (72%)
----------------- Invoking toplevel() on ptolemy.moml.MoMLSimpleApplication@1ae454bd
----------------- Done invoking toplevel() on ptolemy.moml.MoMLSimpleApplication@1ae454bd
reloadAllAccessors: .PublisherSubscriberOpaque

===========================================================================================
----------------- testing Sun Aug 18 05:29:35 UTC 2019 /home/travis/build/icyphy/ptII/ptolemy/actor/lib/test/auto/PublisherSubscriberOpaqueD3.xml
----------------- Instantiating /home/travis/build/icyphy/ptII/ptolemy/actor/lib/test/auto/PublisherSubscriberOpaqueD3.xml
4 ms. Memory: 425984K Free: 297187K (70%)
----------------- Invoking toplevel() on ptolemy.moml.MoMLSimpleApplication@eb83a25
----------------- Done invoking toplevel() on ptolemy.moml.MoMLSimpleApplication@eb83a25
reloadAllAccessors: .PublisherSubscriberOpaqueD3

===========================================================================================
----------------- testing Sun Aug 18 05:29:35 UTC 2019 /home/travis/build/icyphy/ptII/ptolemy/actor/lib/test/auto/PublisherSubscriberOpaqueD3Reverse.xml
----------------- Instantiating /home/travis/build/icyphy/ptII/ptolemy/actor/lib/test/auto/PublisherSubscriberOpaqueD3Reverse.xml
9 ms. Memory: 425984K Free: 286433K (67%)
----------------- Invoking toplevel() on ptolemy.moml.MoMLSimpleApplication@354ced12
----------------- Done invoking toplevel() on ptolemy.moml.MoMLSimpleApplication@354ced12
reloadAllAccessors: .PublisherSubscriberOpaqueD3Reverse

===========================================================================================
----------------- testing Sun Aug 18 05:29:35 UTC 2019 /home/travis/build/icyphy/ptII/ptolemy/actor/lib/test/auto/PublisherSubscriberOpaqueWidthInference.xml
----------------- Instantiating /home/travis/build/icyphy/ptII/ptolemy/actor/lib/test/auto/PublisherSubscriberOpaqueWidthInference.xml
4 ms. Memory: 425984K Free: 277731K (65%)
----------------- Invoking toplevel() on ptolemy.moml.MoMLSimpleApplication@6cdcdcd6
----------------- Done invoking toplevel() on ptolemy.moml.MoMLSimpleApplication@6cdcdcd6
reloadAllAccessors: .PublisherSubscriberOpaqueWidthInference

===========================================================================================
----------------- testing Sun Aug 18 05:29:35 UTC 2019 /home/travis/build/icyphy/ptII/ptolemy/actor/lib/test/auto/PublisherTestSubscriber.xml
----------------- Instantiating /home/travis/build/icyphy/ptII/ptolemy/actor/lib/test/auto/PublisherTestSubscriber.xml
5 ms. Memory: 425984K Free: 269539K (63%)
----------------- Invoking toplevel() on ptolemy.moml.MoMLSimpleApplication@2329ddbc
----------------- Done invoking toplevel() on ptolemy.moml.MoMLSimpleApplication@2329ddbc
reloadAllAccessors: .PublisherTestSubscriber

===========================================================================================
----------------- testing Sun Aug 18 05:29:35 UTC 2019 /home/travis/build/icyphy/ptII/ptolemy/actor/lib/test/auto/PublisherToplevelSubscriberPortAOC.xml
----------------- Instantiating /home/travis/build/icyphy/ptII/ptolemy/actor/lib/test/auto/PublisherToplevelSubscriberPortAOC.xml
2 ms. Memory: 425984K Free: 262875K (62%)
----------------- Invoking toplevel() on ptolemy.moml.MoMLSimpleApplication@3226eda1
----------------- Done invoking toplevel() on ptolemy.moml.MoMLSimpleApplication@3226eda1
reloadAllAccessors: .PublisherToplevelSubscriberPortAOC

===========================================================================================
----------------- testing Sun Aug 18 05:29:35 UTC 2019 /home/travis/build/icyphy/ptII/ptolemy/actor/lib/test/auto/PulseFiringLimitDE.xml
----------------- Instantiating /home/travis/build/icyphy/ptII/ptolemy/actor/lib/test/auto/PulseFiringLimitDE.xml
2 ms. Memory: 425984K Free: 256737K (60%)
----------------- Invoking toplevel() on ptolemy.moml.MoMLSimpleApplication@2fa7fea0
----------------- Done invoking toplevel() on ptolemy.moml.MoMLSimpleApplication@2fa7fea0
reloadAllAccessors: .PulseFiringLimitDE

===========================================================================================
----------------- testing Sun Aug 18 05:29:35 UTC 2019 /home/travis/build/icyphy/ptII/ptolemy/actor/lib/test/auto/Ramp1.xml
----------------- Instantiating /home/travis/build/icyphy/ptII/ptolemy/actor/lib/test/auto/Ramp1.xml
1 ms. Memory: 425984K Free: 252627K (59%)
----------------- Invoking toplevel() on ptolemy.moml.MoMLSimpleApplication@4a1b6dc3
----------------- Done invoking toplevel() on ptolemy.moml.MoMLSimpleApplication@4a1b6dc3
reloadAllAccessors: .Ramp1

===========================================================================================
----------------- testing Sun Aug 18 05:29:35 UTC 2019 /home/travis/build/icyphy/ptII/ptolemy/actor/lib/test/auto/RampFiringLimitDE.xml
----------------- Instantiating /home/travis/build/icyphy/ptII/ptolemy/actor/lib/test/auto/RampFiringLimitDE.xml
3 ms. Memory: 425984K Free: 245987K (58%)
----------------- Invoking toplevel() on ptolemy.moml.MoMLSimpleApplication@6f4f5035
----------------- Done invoking toplevel() on ptolemy.moml.MoMLSimpleApplication@6f4f5035
reloadAllAccessors: .RampFiringLimitDE

===========================================================================================
----------------- testing Sun Aug 18 05:29:35 UTC 2019 /home/travis/build/icyphy/ptII/ptolemy/actor/lib/test/auto/RampFiringLimitSDF.xml
----------------- Instantiating /home/travis/build/icyphy/ptII/ptolemy/actor/lib/test/auto/RampFiringLimitSDF.xml
2 ms. Memory: 425984K Free: 240867K (57%)
----------------- Invoking toplevel() on ptolemy.moml.MoMLSimpleApplication@970f0ae
----------------- Done invoking toplevel() on ptolemy.moml.MoMLSimpleApplication@970f0ae
reloadAllAccessors: .RampFiringLimitSDF

===========================================================================================
----------------- testing Sun Aug 18 05:29:35 UTC 2019 /home/travis/build/icyphy/ptII/ptolemy/actor/lib/test/auto/RandomInteger.xml
----------------- Instantiating /home/travis/build/icyphy/ptII/ptolemy/actor/lib/test/auto/RandomInteger.xml
1 ms. Memory: 425984K Free: 236771K (56%)
----------------- Invoking toplevel() on ptolemy.moml.MoMLSimpleApplication@7fd211d1
----------------- Done invoking toplevel() on ptolemy.moml.MoMLSimpleApplication@7fd211d1
reloadAllAccessors: .RandomInteger

===========================================================================================
----------------- testing Sun Aug 18 05:29:35 UTC 2019 /home/travis/build/icyphy/ptII/ptolemy/actor/lib/test/auto/ReadFile1.xml
----------------- Instantiating /home/travis/build/icyphy/ptII/ptolemy/actor/lib/test/auto/ReadFile1.xml
1 ms. Memory: 425984K Free: 232161K (54%)
----------------- Invoking toplevel() on ptolemy.moml.MoMLSimpleApplication@62d62324
----------------- Done invoking toplevel() on ptolemy.moml.MoMLSimpleApplication@62d62324
reloadAllAccessors: .ReadFile1

===========================================================================================
----------------- testing Sun Aug 18 05:29:35 UTC 2019 /home/travis/build/icyphy/ptII/ptolemy/actor/lib/test/auto/ReadFile2.xml
----------------- Instantiating /home/travis/build/icyphy/ptII/ptolemy/actor/lib/test/auto/ReadFile2.xml
1 ms. Memory: 425984K Free: 228065K (54%)
----------------- Invoking toplevel() on ptolemy.moml.MoMLSimpleApplication@dad485e
----------------- Done invoking toplevel() on ptolemy.moml.MoMLSimpleApplication@dad485e
reloadAllAccessors: .ReadFile2

===========================================================================================
----------------- testing Sun Aug 18 05:29:35 UTC 2019 /home/travis/build/icyphy/ptII/ptolemy/actor/lib/test/auto/Reader.xml
----------------- Instantiating /home/travis/build/icyphy/ptII/ptolemy/actor/lib/test/auto/Reader.xml
actor.lib.Reader is obsolete, use actor.lib.io.ExpressionReader instead
1 ms. Memory: 425984K Free: 223459K (52%)
----------------- Invoking toplevel() on ptolemy.moml.MoMLSimpleApplication@4e9839a8
----------------- Done invoking toplevel() on ptolemy.moml.MoMLSimpleApplication@4e9839a8
reloadAllAccessors: .Reader

===========================================================================================
----------------- testing Sun Aug 18 05:29:35 UTC 2019 /home/travis/build/icyphy/ptII/ptolemy/actor/lib/test/auto/RecordAssemblerDisplayNameTest.xml
----------------- Instantiating /home/travis/build/icyphy/ptII/ptolemy/actor/lib/test/auto/RecordAssemblerDisplayNameTest.xml
3749 ms. Memory: 425984K Free: 263680K (62%)
----------------- Invoking toplevel() on ptolemy.moml.MoMLSimpleApplication@16e4cd06
----------------- Done invoking toplevel() on ptolemy.moml.MoMLSimpleApplication@16e4cd06
reloadAllAccessors: .RecordAssemblerDisplayNameTest

===========================================================================================
----------------- testing Sun Aug 18 05:29:39 UTC 2019 /home/travis/build/icyphy/ptII/ptolemy/actor/lib/test/auto/RecordAssemblerTypeError.xml
----------------- Instantiating /home/travis/build/icyphy/ptII/ptolemy/actor/lib/test/auto/RecordAssemblerTypeError.xml
18 ms. Memory: 425984K Free: 253950K (60%)
----------------- Invoking toplevel() on ptolemy.moml.MoMLSimpleApplication@4ebf138c
----------------- Done invoking toplevel() on ptolemy.moml.MoMLSimpleApplication@4ebf138c
reloadAllAccessors: .RecordAssemblerTypeError

===========================================================================================
----------------- testing Sun Aug 18 05:29:39 UTC 2019 /home/travis/build/icyphy/ptII/ptolemy/actor/lib/test/auto/RecordDisassember.xml
----------------- Instantiating /home/travis/build/icyphy/ptII/ptolemy/actor/lib/test/auto/RecordDisassember.xml
10 ms. Memory: 425984K Free: 248799K (58%)
----------------- Invoking toplevel() on ptolemy.moml.MoMLSimpleApplication@8377b12
----------------- Done invoking toplevel() on ptolemy.moml.MoMLSimpleApplication@8377b12
reloadAllAccessors: .RecordDisassember

===========================================================================================
----------------- testing Sun Aug 18 05:29:39 UTC 2019 /home/travis/build/icyphy/ptII/ptolemy/actor/lib/test/auto/RecordDisassemberDisplayNameTest.xml
----------------- Instantiating /home/travis/build/icyphy/ptII/ptolemy/actor/lib/test/auto/RecordDisassemberDisplayNameTest.xml
7 ms. Memory: 425984K Free: 241152K (57%)
----------------- Invoking toplevel() on ptolemy.moml.MoMLSimpleApplication@35ba6447
----------------- Done invoking toplevel() on ptolemy.moml.MoMLSimpleApplication@35ba6447
reloadAllAccessors: .RecordDisassemberDisplayNameTest

===========================================================================================
----------------- testing Sun Aug 18 05:29:39 UTC 2019 /home/travis/build/icyphy/ptII/ptolemy/actor/lib/test/auto/RecordDisassembler.xml
----------------- Instantiating /home/travis/build/icyphy/ptII/ptolemy/actor/lib/test/auto/RecordDisassembler.xml
3 ms. Memory: 425984K Free: 236032K (55%)
----------------- Invoking toplevel() on ptolemy.moml.MoMLSimpleApplication@6c12995
----------------- Done invoking toplevel() on ptolemy.moml.MoMLSimpleApplication@6c12995
reloadAllAccessors: .RecordDisassembler

===========================================================================================
----------------- testing Sun Aug 18 05:29:39 UTC 2019 /home/travis/build/icyphy/ptII/ptolemy/actor/lib/test/auto/RecordDisassembler2.xml
----------------- Instantiating /home/travis/build/icyphy/ptII/ptolemy/actor/lib/test/auto/RecordDisassembler2.xml
3 ms. Memory: 425984K Free: 230912K (54%)
----------------- Invoking toplevel() on ptolemy.moml.MoMLSimpleApplication@714650fb
----------------- Done invoking toplevel() on ptolemy.moml.MoMLSimpleApplication@714650fb
reloadAllAccessors: .RecordDisassembler2

===========================================================================================
----------------- testing Sun Aug 18 05:29:39 UTC 2019 /home/travis/build/icyphy/ptII/ptolemy/actor/lib/test/auto/RecordUpdater.xml
----------------- Instantiating /home/travis/build/icyphy/ptII/ptolemy/actor/lib/test/auto/RecordUpdater.xml
2 ms. Memory: 425984K Free: 225278K (53%)
----------------- Invoking toplevel() on ptolemy.moml.MoMLSimpleApplication@1f3e7f8c
----------------- Done invoking toplevel() on ptolemy.moml.MoMLSimpleApplication@1f3e7f8c
reloadAllAccessors: .RecordUpdater

===========================================================================================
----------------- testing Sun Aug 18 05:29:39 UTC 2019 /home/travis/build/icyphy/ptII/ptolemy/actor/lib/test/auto/RecordUpdater2.xml
----------------- Instantiating /home/travis/build/icyphy/ptII/ptolemy/actor/lib/test/auto/RecordUpdater2.xml
2 ms. Memory: 425984K Free: 220158K (52%)
----------------- Invoking toplevel() on ptolemy.moml.MoMLSimpleApplication@67f4c29b
----------------- Done invoking toplevel() on ptolemy.moml.MoMLSimpleApplication@67f4c29b
reloadAllAccessors: .RecordUpdater2

===========================================================================================
----------------- testing Sun Aug 18 05:29:39 UTC 2019 /home/travis/build/icyphy/ptII/ptolemy/actor/lib/test/auto/RecursiveLattice.xml
----------------- Instantiating /home/travis/build/icyphy/ptII/ptolemy/actor/lib/test/auto/RecursiveLattice.xml
1 ms. Memory: 425984K Free: 215552K (51%)
----------------- Invoking toplevel() on ptolemy.moml.MoMLSimpleApplication@63fa883c
----------------- Done invoking toplevel() on ptolemy.moml.MoMLSimpleApplication@63fa883c
reloadAllAccessors: .RecursiveLattice

===========================================================================================
----------------- testing Sun Aug 18 05:29:39 UTC 2019 /home/travis/build/icyphy/ptII/ptolemy/actor/lib/test/auto/Router.xml
----------------- Instantiating /home/travis/build/icyphy/ptII/ptolemy/actor/lib/test/auto/Router.xml
3005 ms. Memory: 425984K Free: 205312K (48%)
----------------- Invoking toplevel() on ptolemy.moml.MoMLSimpleApplication@1168b988
----------------- Done invoking toplevel() on ptolemy.moml.MoMLSimpleApplication@1168b988
reloadAllAccessors: .Router

===========================================================================================
----------------- testing Sun Aug 18 05:29:42 UTC 2019 /home/travis/build/icyphy/ptII/ptolemy/actor/lib/test/auto/Router2.xml
----------------- Instantiating /home/travis/build/icyphy/ptII/ptolemy/actor/lib/test/auto/Router2.xml
3004 ms. Memory: 425984K Free: 195072K (46%)
----------------- Invoking toplevel() on ptolemy.moml.MoMLSimpleApplication@55d5b3d1
----------------- Done invoking toplevel() on ptolemy.moml.MoMLSimpleApplication@55d5b3d1
reloadAllAccessors: .Router2

===========================================================================================
----------------- testing Sun Aug 18 05:29:45 UTC 2019 /home/travis/build/icyphy/ptII/ptolemy/actor/lib/test/auto/RunningMaximum.xml
----------------- Instantiating /home/travis/build/icyphy/ptII/ptolemy/actor/lib/test/auto/RunningMaximum.xml
2 ms. Memory: 425984K Free: 190462K (45%)
----------------- Invoking toplevel() on ptolemy.moml.MoMLSimpleApplication@4836a82
----------------- Done invoking toplevel() on ptolemy.moml.MoMLSimpleApplication@4836a82
reloadAllAccessors: .RunningMaximum

===========================================================================================
----------------- testing Sun Aug 18 05:29:45 UTC 2019 /home/travis/build/icyphy/ptII/ptolemy/actor/lib/test/auto/RunningMinimum.xml
----------------- Instantiating /home/travis/build/icyphy/ptII/ptolemy/actor/lib/test/auto/RunningMinimum.xml
9 ms. Memory: 425984K Free: 185856K (44%)
----------------- Invoking toplevel() on ptolemy.moml.MoMLSimpleApplication@66ed69d4
----------------- Done invoking toplevel() on ptolemy.moml.MoMLSimpleApplication@66ed69d4
reloadAllAccessors: .RunningMinimum

===========================================================================================
----------------- testing Sun Aug 18 05:29:45 UTC 2019 /home/travis/build/icyphy/ptII/ptolemy/actor/lib/test/auto/Scale.xml
----------------- Instantiating /home/travis/build/icyphy/ptII/ptolemy/actor/lib/test/auto/Scale.xml
2 ms. Memory: 425984K Free: 181246K (43%)
----------------- Invoking toplevel() on ptolemy.moml.MoMLSimpleApplication@765b9765
----------------- Done invoking toplevel() on ptolemy.moml.MoMLSimpleApplication@765b9765
reloadAllAccessors: .Scale

===========================================================================================
----------------- testing Sun Aug 18 05:29:45 UTC 2019 /home/travis/build/icyphy/ptII/ptolemy/actor/lib/test/auto/Scale2.xml
----------------- Instantiating /home/travis/build/icyphy/ptII/ptolemy/actor/lib/test/auto/Scale2.xml
2 ms. Memory: 425984K Free: 176126K (41%)
----------------- Invoking toplevel() on ptolemy.moml.MoMLSimpleApplication@204bfd1e
----------------- Done invoking toplevel() on ptolemy.moml.MoMLSimpleApplication@204bfd1e
reloadAllAccessors: .Scale2

===========================================================================================
----------------- testing Sun Aug 18 05:29:45 UTC 2019 /home/travis/build/icyphy/ptII/ptolemy/actor/lib/test/auto/Scale3.xml
----------------- Instantiating /home/travis/build/icyphy/ptII/ptolemy/actor/lib/test/auto/Scale3.xml
9 ms. Memory: 425984K Free: 169982K (40%)
----------------- Invoking toplevel() on ptolemy.moml.MoMLSimpleApplication@1757f9f1
----------------- Done invoking toplevel() on ptolemy.moml.MoMLSimpleApplication@1757f9f1
reloadAllAccessors: .Scale3

===========================================================================================
----------------- testing Sun Aug 18 05:29:45 UTC 2019 /home/travis/build/icyphy/ptII/ptolemy/actor/lib/test/auto/ScaleArray.xml
----------------- Instantiating /home/travis/build/icyphy/ptII/ptolemy/actor/lib/test/auto/ScaleArray.xml
2 ms. Memory: 425984K Free: 165376K (39%)
----------------- Invoking toplevel() on ptolemy.moml.MoMLSimpleApplication@3ff39101
----------------- Done invoking toplevel() on ptolemy.moml.MoMLSimpleApplication@3ff39101
reloadAllAccessors: .ScaleArray

===========================================================================================
----------------- testing Sun Aug 18 05:29:45 UTC 2019 /home/travis/build/icyphy/ptII/ptolemy/actor/lib/test/auto/ScaleArray2.xml
----------------- Instantiating /home/travis/build/icyphy/ptII/ptolemy/actor/lib/test/auto/ScaleArray2.xml
1 ms. Memory: 425984K Free: 160256K (38%)
----------------- Invoking toplevel() on ptolemy.moml.MoMLSimpleApplication@604f891d
----------------- Done invoking toplevel() on ptolemy.moml.MoMLSimpleApplication@604f891d
reloadAllAccessors: .ScaleArray2

===========================================================================================
----------------- testing Sun Aug 18 05:29:45 UTC 2019 /home/travis/build/icyphy/ptII/ptolemy/actor/lib/test/auto/ScaleMatrix.xml
----------------- Instantiating /home/travis/build/icyphy/ptII/ptolemy/actor/lib/test/auto/ScaleMatrix.xml
170 ms. Memory: 425984K Free: 147968K (35%)
----------------- Invoking toplevel() on ptolemy.moml.MoMLSimpleApplication@33236a25
----------------- Done invoking toplevel() on ptolemy.moml.MoMLSimpleApplication@33236a25
reloadAllAccessors: .ScaleMatrix

===========================================================================================
----------------- testing Sun Aug 18 05:29:45 UTC 2019 /home/travis/build/icyphy/ptII/ptolemy/actor/lib/test/auto/Select.xml
----------------- Instantiating /home/travis/build/icyphy/ptII/ptolemy/actor/lib/test/auto/Select.xml
3 ms. Memory: 425984K Free: 141824K (33%)
----------------- Invoking toplevel() on ptolemy.moml.MoMLSimpleApplication@594c10fc
----------------- Done invoking toplevel() on ptolemy.moml.MoMLSimpleApplication@594c10fc
reloadAllAccessors: .Select

===========================================================================================
----------------- testing Sun Aug 18 05:29:46 UTC 2019 /home/travis/build/icyphy/ptII/ptolemy/actor/lib/test/auto/Select2.xml
----------------- Instantiating /home/travis/build/icyphy/ptII/ptolemy/actor/lib/test/auto/Select2.xml
1 ms. Memory: 425984K Free: 137214K (32%)
----------------- Invoking toplevel() on ptolemy.moml.MoMLSimpleApplication@5cd02fd8
----------------- Done invoking toplevel() on ptolemy.moml.MoMLSimpleApplication@5cd02fd8
reloadAllAccessors: .Select2

===========================================================================================
----------------- testing Sun Aug 18 05:29:46 UTC 2019 /home/travis/build/icyphy/ptII/ptolemy/actor/lib/test/auto/SequenceToArray2.xml
----------------- Instantiating /home/travis/build/icyphy/ptII/ptolemy/actor/lib/test/auto/SequenceToArray2.xml
98 ms. Memory: 425984K Free: 363996K (85%)
----------------- Invoking toplevel() on ptolemy.moml.MoMLSimpleApplication@36c3eeba
----------------- Done invoking toplevel() on ptolemy.moml.MoMLSimpleApplication@36c3eeba
reloadAllAccessors: .SequenceToArray2

===========================================================================================
----------------- testing Sun Aug 18 05:29:46 UTC 2019 /home/travis/build/icyphy/ptII/ptolemy/actor/lib/test/auto/SequentialClock.xml
----------------- Instantiating /home/travis/build/icyphy/ptII/ptolemy/actor/lib/test/auto/SequentialClock.xml
1 ms. Memory: 425984K Free: 359404K (84%)
----------------- Invoking toplevel() on ptolemy.moml.MoMLSimpleApplication@4b10f151
----------------- Done invoking toplevel() on ptolemy.moml.MoMLSimpleApplication@4b10f151
reloadAllAccessors: .SequentialClock

===========================================================================================
----------------- testing Sun Aug 18 05:29:46 UTC 2019 /home/travis/build/icyphy/ptII/ptolemy/actor/lib/test/auto/SetVariable.xml
----------------- Instantiating /home/travis/build/icyphy/ptII/ptolemy/actor/lib/test/auto/SetVariable.xml
5 ms. Memory: 425984K Free: 354794K (83%)
----------------- Invoking toplevel() on ptolemy.moml.MoMLSimpleApplication@4ca0ab1c
----------------- Done invoking toplevel() on ptolemy.moml.MoMLSimpleApplication@4ca0ab1c
reloadAllAccessors: .SetVariable

===========================================================================================
----------------- testing Sun Aug 18 05:29:46 UTC 2019 /home/travis/build/icyphy/ptII/ptolemy/actor/lib/test/auto/SetVariable2.xml
----------------- Instantiating /home/travis/build/icyphy/ptII/ptolemy/actor/lib/test/auto/SetVariable2.xml
7 ms. Memory: 425984K Free: 349674K (82%)
----------------- Invoking toplevel() on ptolemy.moml.MoMLSimpleApplication@5f7ac811
----------------- Done invoking toplevel() on ptolemy.moml.MoMLSimpleApplication@5f7ac811
reloadAllAccessors: .SetVariable2

===========================================================================================
----------------- testing Sun Aug 18 05:29:46 UTC 2019 /home/travis/build/icyphy/ptII/ptolemy/actor/lib/test/auto/SetVariable3.xml
----------------- Instantiating /home/travis/build/icyphy/ptII/ptolemy/actor/lib/test/auto/SetVariable3.xml
8 ms. Memory: 425984K Free: 344044K (81%)
----------------- Invoking toplevel() on ptolemy.moml.MoMLSimpleApplication@9b9400b
----------------- Done invoking toplevel() on ptolemy.moml.MoMLSimpleApplication@9b9400b
reloadAllAccessors: .SetVariable3

===========================================================================================
----------------- testing Sun Aug 18 05:29:46 UTC 2019 /home/travis/build/icyphy/ptII/ptolemy/actor/lib/test/auto/SetVariable4.xml
----------------- Instantiating /home/travis/build/icyphy/ptII/ptolemy/actor/lib/test/auto/SetVariable4.xml
23 ms. Memory: 425984K Free: 333804K (78%)
----------------- Invoking toplevel() on ptolemy.moml.MoMLSimpleApplication@1355866
----------------- Done invoking toplevel() on ptolemy.moml.MoMLSimpleApplication@1355866
reloadAllAccessors: .SetVariable4

===========================================================================================
----------------- testing Sun Aug 18 05:29:46 UTC 2019 /home/travis/build/icyphy/ptII/ptolemy/actor/lib/test/auto/SetVariable5.xml
----------------- Instantiating /home/travis/build/icyphy/ptII/ptolemy/actor/lib/test/auto/SetVariable5.xml
18 ms. Memory: 425984K Free: 324588K (76%)
----------------- Invoking toplevel() on ptolemy.moml.MoMLSimpleApplication@25b4cf7f
----------------- Done invoking toplevel() on ptolemy.moml.MoMLSimpleApplication@25b4cf7f
reloadAllAccessors: .SetVariable5

===========================================================================================
----------------- testing Sun Aug 18 05:29:46 UTC 2019 /home/travis/build/icyphy/ptII/ptolemy/actor/lib/test/auto/Sinewave.xml
----------------- Instantiating /home/travis/build/icyphy/ptII/ptolemy/actor/lib/test/auto/Sinewave.xml
7 ms. Memory: 425984K Free: 313834K (74%)
----------------- Invoking toplevel() on ptolemy.moml.MoMLSimpleApplication@4ea09407
----------------- Done invoking toplevel() on ptolemy.moml.MoMLSimpleApplication@4ea09407
reloadAllAccessors: .Sinewave

===========================================================================================
----------------- testing Sun Aug 18 05:29:46 UTC 2019 /home/travis/build/icyphy/ptII/ptolemy/actor/lib/test/auto/Sinewave2.xml
----------------- Instantiating /home/travis/build/icyphy/ptII/ptolemy/actor/lib/test/auto/Sinewave2.xml
6 ms. Memory: 425984K Free: 304604K (72%)
----------------- Invoking toplevel() on ptolemy.moml.MoMLSimpleApplication@71d4251d
----------------- Done invoking toplevel() on ptolemy.moml.MoMLSimpleApplication@71d4251d
reloadAllAccessors: .Sinewave2

===========================================================================================
----------------- testing Sun Aug 18 05:29:46 UTC 2019 /home/travis/build/icyphy/ptII/ptolemy/actor/lib/test/auto/Sinewave3.xml
----------------- Instantiating /home/travis/build/icyphy/ptII/ptolemy/actor/lib/test/auto/Sinewave3.xml
10 ms. Memory: 425984K Free: 296396K (70%)
----------------- Invoking toplevel() on ptolemy.moml.MoMLSimpleApplication@371cbfcb
----------------- Done invoking toplevel() on ptolemy.moml.MoMLSimpleApplication@371cbfcb
reloadAllAccessors: .Sinewave3

===========================================================================================
----------------- testing Sun Aug 18 05:29:46 UTC 2019 /home/travis/build/icyphy/ptII/ptolemy/actor/lib/test/auto/SingleEvent.xml
----------------- Instantiating /home/travis/build/icyphy/ptII/ptolemy/actor/lib/test/auto/SingleEvent.xml
1 ms. Memory: 425984K Free: 291820K (69%)
----------------- Invoking toplevel() on ptolemy.moml.MoMLSimpleApplication@3a34191a
----------------- Done invoking toplevel() on ptolemy.moml.MoMLSimpleApplication@3a34191a
reloadAllAccessors: .SingleEvent

===========================================================================================
----------------- testing Sun Aug 18 05:29:46 UTC 2019 /home/travis/build/icyphy/ptII/ptolemy/actor/lib/test/auto/Sleep.xml
----------------- Instantiating /home/travis/build/icyphy/ptII/ptolemy/actor/lib/test/auto/Sleep.xml
6004 ms. Memory: 425984K Free: 286186K (67%)
----------------- Invoking toplevel() on ptolemy.moml.MoMLSimpleApplication@26df2773
----------------- Done invoking toplevel() on ptolemy.moml.MoMLSimpleApplication@26df2773
reloadAllAccessors: .Sleep

===========================================================================================
----------------- testing Sun Aug 18 05:29:52 UTC 2019 /home/travis/build/icyphy/ptII/ptolemy/actor/lib/test/auto/SleepMultipleFire.xml
----------------- Instantiating /home/travis/build/icyphy/ptII/ptolemy/actor/lib/test/auto/SleepMultipleFire.xml
1006 ms. Memory: 425984K Free: 280556K (66%)
----------------- Invoking toplevel() on ptolemy.moml.MoMLSimpleApplication@3bbe276b
----------------- Done invoking toplevel() on ptolemy.moml.MoMLSimpleApplication@3bbe276b
reloadAllAccessors: .SleepMultipleFire

===========================================================================================
----------------- testing Sun Aug 18 05:29:53 UTC 2019 /home/travis/build/icyphy/ptII/ptolemy/actor/lib/test/auto/StopDE.xml
----------------- Instantiating /home/travis/build/icyphy/ptII/ptolemy/actor/lib/test/auto/StopDE.xml
4 ms. Memory: 425984K Free: 274412K (64%)
----------------- Invoking toplevel() on ptolemy.moml.MoMLSimpleApplication@6a3a1377
----------------- Done invoking toplevel() on ptolemy.moml.MoMLSimpleApplication@6a3a1377
reloadAllAccessors: .StopDE

===========================================================================================
----------------- testing Sun Aug 18 05:29:53 UTC 2019 /home/travis/build/icyphy/ptII/ptolemy/actor/lib/test/auto/StopSDF.xml
----------------- Instantiating /home/travis/build/icyphy/ptII/ptolemy/actor/lib/test/auto/StopSDF.xml
5 ms. Memory: 425984K Free: 269292K (63%)
----------------- Invoking toplevel() on ptolemy.moml.MoMLSimpleApplication@3b1ade9d
----------------- Done invoking toplevel() on ptolemy.moml.MoMLSimpleApplication@3b1ade9d
reloadAllAccessors: .StopSDF

===========================================================================================
----------------- testing Sun Aug 18 05:29:53 UTC 2019 /home/travis/build/icyphy/ptII/ptolemy/actor/lib/test/auto/StringConstant.xml
----------------- Instantiating /home/travis/build/icyphy/ptII/ptolemy/actor/lib/test/auto/StringConstant.xml
8 ms. Memory: 425984K Free: 265196K (62%)
----------------- Invoking toplevel() on ptolemy.moml.MoMLSimpleApplication@6165b8c5
----------------- Done invoking toplevel() on ptolemy.moml.MoMLSimpleApplication@6165b8c5
reloadAllAccessors: .StringConstant

===========================================================================================
----------------- testing Sun Aug 18 05:29:53 UTC 2019 /home/travis/build/icyphy/ptII/ptolemy/actor/lib/test/auto/SubscriberPortInitialValues1.xml
----------------- Instantiating /home/travis/build/icyphy/ptII/ptolemy/actor/lib/test/auto/SubscriberPortInitialValues1.xml
5 ms. Memory: 425984K Free: 256490K (60%)
----------------- Invoking toplevel() on ptolemy.moml.MoMLSimpleApplication@7238e246
----------------- Done invoking toplevel() on ptolemy.moml.MoMLSimpleApplication@7238e246
reloadAllAccessors: .SubscriberPortInitialValues1

===========================================================================================
----------------- testing Sun Aug 18 05:29:53 UTC 2019 /home/travis/build/icyphy/ptII/ptolemy/actor/lib/test/auto/SubscriberPortInitialValues13.xml
----------------- Instantiating /home/travis/build/icyphy/ptII/ptolemy/actor/lib/test/auto/SubscriberPortInitialValues13.xml
8 ms. Memory: 425984K Free: 243692K (57%)
----------------- Invoking toplevel() on ptolemy.moml.MoMLSimpleApplication@5a0217d9
----------------- Done invoking toplevel() on ptolemy.moml.MoMLSimpleApplication@5a0217d9
reloadAllAccessors: .SubscriberPortInitialValues13

===========================================================================================
----------------- testing Sun Aug 18 05:29:53 UTC 2019 /home/travis/build/icyphy/ptII/ptolemy/actor/lib/test/auto/SubscriberPortInitialValues14.xml
----------------- Instantiating /home/travis/build/icyphy/ptII/ptolemy/actor/lib/test/auto/SubscriberPortInitialValues14.xml
5 ms. Memory: 425984K Free: 234986K (55%)
----------------- Invoking toplevel() on ptolemy.moml.MoMLSimpleApplication@9fc1e09
----------------- Done invoking toplevel() on ptolemy.moml.MoMLSimpleApplication@9fc1e09
reloadAllAccessors: .SubscriberPortInitialValues14

===========================================================================================
----------------- testing Sun Aug 18 05:29:53 UTC 2019 /home/travis/build/icyphy/ptII/ptolemy/actor/lib/test/auto/SubscriberPortInitialValues2.xml
----------------- Instantiating /home/travis/build/icyphy/ptII/ptolemy/actor/lib/test/auto/SubscriberPortInitialValues2.xml
5 ms. Memory: 425984K Free: 227308K (53%)
----------------- Invoking toplevel() on ptolemy.moml.MoMLSimpleApplication@3a674d9d
----------------- Done invoking toplevel() on ptolemy.moml.MoMLSimpleApplication@3a674d9d
reloadAllAccessors: .SubscriberPortInitialValues2

===========================================================================================
----------------- testing Sun Aug 18 05:29:53 UTC 2019 /home/travis/build/icyphy/ptII/ptolemy/actor/lib/test/auto/SubscriberPortInitialValues3.xml
----------------- Instantiating /home/travis/build/icyphy/ptII/ptolemy/actor/lib/test/auto/SubscriberPortInitialValues3.xml
4 ms. Memory: 425984K Free: 216554K (51%)
----------------- Invoking toplevel() on ptolemy.moml.MoMLSimpleApplication@646e7d4a
----------------- Done invoking toplevel() on ptolemy.moml.MoMLSimpleApplication@646e7d4a
reloadAllAccessors: .SubscriberPortInitialValues3

===========================================================================================
----------------- testing Sun Aug 18 05:29:53 UTC 2019 /home/travis/build/icyphy/ptII/ptolemy/actor/lib/test/auto/SubscriptionAggregator.xml
----------------- Instantiating /home/travis/build/icyphy/ptII/ptolemy/actor/lib/test/auto/SubscriptionAggregator.xml
3 ms. Memory: 425984K Free: 209372K (49%)
----------------- Invoking toplevel() on ptolemy.moml.MoMLSimpleApplication@76c5a9a4
----------------- Done invoking toplevel() on ptolemy.moml.MoMLSimpleApplication@76c5a9a4
reloadAllAccessors: .SubscriptionAggregator

===========================================================================================
----------------- testing Sun Aug 18 05:29:53 UTC 2019 /home/travis/build/icyphy/ptII/ptolemy/actor/lib/test/auto/SubscriptionAggregator2.xml
----------------- Instantiating /home/travis/build/icyphy/ptII/ptolemy/actor/lib/test/auto/SubscriptionAggregator2.xml
2 ms. Memory: 425984K Free: 202732K (48%)
----------------- Invoking toplevel() on ptolemy.moml.MoMLSimpleApplication@7e51cc97
----------------- Done invoking toplevel() on ptolemy.moml.MoMLSimpleApplication@7e51cc97
reloadAllAccessors: .SubscriptionAggregator2

===========================================================================================
----------------- testing Sun Aug 18 05:29:53 UTC 2019 /home/travis/build/icyphy/ptII/ptolemy/actor/lib/test/auto/SubscriptionAggregator3.xml
----------------- Instantiating /home/travis/build/icyphy/ptII/ptolemy/actor/lib/test/auto/SubscriptionAggregator3.xml
4 ms. Memory: 425984K Free: 193516K (45%)
----------------- Invoking toplevel() on ptolemy.moml.MoMLSimpleApplication@46833662
----------------- Done invoking toplevel() on ptolemy.moml.MoMLSimpleApplication@46833662
reloadAllAccessors: .SubscriptionAggregator3

===========================================================================================
----------------- testing Sun Aug 18 05:29:53 UTC 2019 /home/travis/build/icyphy/ptII/ptolemy/actor/lib/test/auto/SubscriptionAggregatorMultiply.xml
----------------- Instantiating /home/travis/build/icyphy/ptII/ptolemy/actor/lib/test/auto/SubscriptionAggregatorMultiply.xml
6 ms. Memory: 425984K Free: 185324K (44%)
----------------- Invoking toplevel() on ptolemy.moml.MoMLSimpleApplication@265cd3a
----------------- Done invoking toplevel() on ptolemy.moml.MoMLSimpleApplication@265cd3a
reloadAllAccessors: .SubscriptionAggregatorMultiply

===========================================================================================
----------------- testing Sun Aug 18 05:29:53 UTC 2019 /home/travis/build/icyphy/ptII/ptolemy/actor/lib/test/auto/SubscriptionAggregatorPortMultiply1.xml
----------------- Instantiating /home/travis/build/icyphy/ptII/ptolemy/actor/lib/test/auto/SubscriptionAggregatorPortMultiply1.xml
4 ms. Memory: 425984K Free: 177642K (42%)
----------------- Invoking toplevel() on ptolemy.moml.MoMLSimpleApplication@305ca923
----------------- Done invoking toplevel() on ptolemy.moml.MoMLSimpleApplication@305ca923
reloadAllAccessors: .SubscriptionAggregatorPortMultiply1

===========================================================================================
----------------- testing Sun Aug 18 05:29:53 UTC 2019 /home/travis/build/icyphy/ptII/ptolemy/actor/lib/test/auto/Switch.xml
----------------- Instantiating /home/travis/build/icyphy/ptII/ptolemy/actor/lib/test/auto/Switch.xml
7 ms. Memory: 425984K Free: 169450K (40%)
----------------- Invoking toplevel() on ptolemy.moml.MoMLSimpleApplication@67e5bc46
----------------- Done invoking toplevel() on ptolemy.moml.MoMLSimpleApplication@67e5bc46
reloadAllAccessors: .Switch

===========================================================================================
----------------- testing Sun Aug 18 05:29:53 UTC 2019 /home/travis/build/icyphy/ptII/ptolemy/actor/lib/test/auto/Switch2.xml
----------------- Instantiating /home/travis/build/icyphy/ptII/ptolemy/actor/lib/test/auto/Switch2.xml
1 ms. Memory: 425984K Free: 164844K (39%)
----------------- Invoking toplevel() on ptolemy.moml.MoMLSimpleApplication@70dc846b
----------------- Done invoking toplevel() on ptolemy.moml.MoMLSimpleApplication@70dc846b
reloadAllAccessors: .Switch2

===========================================================================================
----------------- testing Sun Aug 18 05:29:53 UTC 2019 /home/travis/build/icyphy/ptII/ptolemy/actor/lib/test/auto/SwitchDE.xml
----------------- Instantiating /home/travis/build/icyphy/ptII/ptolemy/actor/lib/test/auto/SwitchDE.xml
3 ms. Memory: 425984K Free: 158172K (37%)
----------------- Invoking toplevel() on ptolemy.moml.MoMLSimpleApplication@4f29ad58
----------------- Done invoking toplevel() on ptolemy.moml.MoMLSimpleApplication@4f29ad58
reloadAllAccessors: .SwitchDE

===========================================================================================
----------------- testing Sun Aug 18 05:29:53 UTC 2019 /home/travis/build/icyphy/ptII/ptolemy/actor/lib/test/auto/SynchronizerDE.xml
----------------- Instantiating /home/travis/build/icyphy/ptII/ptolemy/actor/lib/test/auto/SynchronizerDE.xml
8 ms. Memory: 425984K Free: 149964K (35%)
----------------- Invoking toplevel() on ptolemy.moml.MoMLSimpleApplication@39012fc7
----------------- Done invoking toplevel() on ptolemy.moml.MoMLSimpleApplication@39012fc7
reloadAllAccessors: .SynchronizerDE

===========================================================================================
----------------- testing Sun Aug 18 05:29:53 UTC 2019 /home/travis/build/icyphy/ptII/ptolemy/actor/lib/test/auto/Test.xml
----------------- Instantiating /home/travis/build/icyphy/ptII/ptolemy/actor/lib/test/auto/Test.xml
2 ms. Memory: 425984K Free: 144844K (34%)
----------------- Invoking toplevel() on ptolemy.moml.MoMLSimpleApplication@4cfed2e0
----------------- Done invoking toplevel() on ptolemy.moml.MoMLSimpleApplication@4cfed2e0
reloadAllAccessors: .Test

===========================================================================================
----------------- testing Sun Aug 18 05:29:53 UTC 2019 /home/travis/build/icyphy/ptII/ptolemy/actor/lib/test/auto/TestExceptionAttribute1.xml
----------------- Instantiating /home/travis/build/icyphy/ptII/ptolemy/actor/lib/test/auto/TestExceptionAttribute1.xml
1 ms. Memory: 425984K Free: 140778K (33%)
----------------- Invoking toplevel() on ptolemy.moml.MoMLSimpleApplication@5acff274
----------------- Done invoking toplevel() on ptolemy.moml.MoMLSimpleApplication@5acff274
reloadAllAccessors: .TestExceptionAttribute1

===========================================================================================
----------------- testing Sun Aug 18 05:29:53 UTC 2019 /home/travis/build/icyphy/ptII/ptolemy/actor/lib/test/auto/TestExceptionAttribute2.xml
----------------- Instantiating /home/travis/build/icyphy/ptII/ptolemy/actor/lib/test/auto/TestExceptionAttribute2.xml
2 ms. Memory: 425984K Free: 137196K (32%)
----------------- Invoking toplevel() on ptolemy.moml.MoMLSimpleApplication@61fc45ec
----------------- Done invoking toplevel() on ptolemy.moml.MoMLSimpleApplication@61fc45ec
reloadAllAccessors: .TestExceptionAttribute2

===========================================================================================
----------------- testing Sun Aug 18 05:29:53 UTC 2019 /home/travis/build/icyphy/ptII/ptolemy/actor/lib/test/auto/TestExceptionAttribute3.xml
----------------- Instantiating /home/travis/build/icyphy/ptII/ptolemy/actor/lib/test/auto/TestExceptionAttribute3.xml
.TestExceptionAttribute3.TestExceptionAttribute: initialize() was not invoked, but wrapup() was.  This is unusual, but not always a problem.  For example, exporting JNLP will do this.
1 ms. Memory: 425984K Free: 133610K (31%)
----------------- Invoking toplevel() on ptolemy.moml.MoMLSimpleApplication@12c58e6f
----------------- Done invoking toplevel() on ptolemy.moml.MoMLSimpleApplication@12c58e6f
reloadAllAccessors: .TestExceptionAttribute3

===========================================================================================
----------------- testing Sun Aug 18 05:29:53 UTC 2019 /home/travis/build/icyphy/ptII/ptolemy/actor/lib/test/auto/TestExceptionAttribute4.xml
----------------- Instantiating /home/travis/build/icyphy/ptII/ptolemy/actor/lib/test/auto/TestExceptionAttribute4.xml
.TestExceptionAttribute4.TestExceptionAttribute: initialize() was not invoked, but wrapup() was.  This is unusual, but not always a problem.  For example, exporting JNLP will do this.
.TestExceptionAttribute4.TestExceptionAttribute2: initialize() was not invoked, but wrapup() was.  This is unusual, but not always a problem.  For example, exporting JNLP will do this.
1 ms. Memory: 425984K Free: 129514K (30%)
----------------- Invoking toplevel() on ptolemy.moml.MoMLSimpleApplication@30f6f476
----------------- Done invoking toplevel() on ptolemy.moml.MoMLSimpleApplication@30f6f476
reloadAllAccessors: .TestExceptionAttribute4

===========================================================================================
----------------- testing Sun Aug 18 05:29:53 UTC 2019 /home/travis/build/icyphy/ptII/ptolemy/actor/lib/test/auto/TestExceptionHandler1.xml
----------------- Instantiating /home/travis/build/icyphy/ptII/ptolemy/actor/lib/test/auto/TestExceptionHandler1.xml
1 ms. Memory: 425984K Free: 125932K (30%)
----------------- Invoking toplevel() on ptolemy.moml.MoMLSimpleApplication@44d54221
----------------- Done invoking toplevel() on ptolemy.moml.MoMLSimpleApplication@44d54221
reloadAllAccessors: .TestExceptionHandler1

===========================================================================================
----------------- testing Sun Aug 18 05:29:53 UTC 2019 /home/travis/build/icyphy/ptII/ptolemy/actor/lib/test/auto/TestExceptionHandler2.xml
----------------- Instantiating /home/travis/build/icyphy/ptII/ptolemy/actor/lib/test/auto/TestExceptionHandler2.xml
1 ms. Memory: 425984K Free: 373073K (88%)
----------------- Invoking toplevel() on ptolemy.moml.MoMLSimpleApplication@4014c8cc
----------------- Done invoking toplevel() on ptolemy.moml.MoMLSimpleApplication@4014c8cc
reloadAllAccessors: .TestExceptionHandler2

===========================================================================================
----------------- testing Sun Aug 18 05:29:53 UTC 2019 /home/travis/build/icyphy/ptII/ptolemy/actor/lib/test/auto/TestExceptionHandler3.xml
----------------- Instantiating /home/travis/build/icyphy/ptII/ptolemy/actor/lib/test/auto/TestExceptionHandler3.xml
1 ms. Memory: 425984K Free: 369487K (87%)
----------------- Invoking toplevel() on ptolemy.moml.MoMLSimpleApplication@15676bd7
----------------- Done invoking toplevel() on ptolemy.moml.MoMLSimpleApplication@15676bd7
reloadAllAccessors: .TestExceptionHandler3

===========================================================================================
----------------- testing Sun Aug 18 05:29:53 UTC 2019 /home/travis/build/icyphy/ptII/ptolemy/actor/lib/test/auto/TestExceptionHandler4.xml
----------------- Instantiating /home/travis/build/icyphy/ptII/ptolemy/actor/lib/test/auto/TestExceptionHandler4.xml
1 ms. Memory: 425984K Free: 365391K (86%)
----------------- Invoking toplevel() on ptolemy.moml.MoMLSimpleApplication@7722a313
----------------- Done invoking toplevel() on ptolemy.moml.MoMLSimpleApplication@7722a313
reloadAllAccessors: .TestExceptionHandler4

===========================================================================================
----------------- testing Sun Aug 18 05:29:53 UTC 2019 /home/travis/build/icyphy/ptII/ptolemy/actor/lib/test/auto/TestRequireCorrectOrder.xml
----------------- Instantiating /home/travis/build/icyphy/ptII/ptolemy/actor/lib/test/auto/TestRequireCorrectOrder.xml
10 ms. Memory: 425984K Free: 360257K (85%)
----------------- Invoking toplevel() on ptolemy.moml.MoMLSimpleApplication@437e84cf
----------------- Done invoking toplevel() on ptolemy.moml.MoMLSimpleApplication@437e84cf
reloadAllAccessors: .TestRequireCorrectOrder

===========================================================================================
----------------- testing Sun Aug 18 05:29:54 UTC 2019 /home/travis/build/icyphy/ptII/ptolemy/actor/lib/test/auto/TestSimple.xml
----------------- Instantiating /home/travis/build/icyphy/ptII/ptolemy/actor/lib/test/auto/TestSimple.xml
6 ms. Memory: 425984K Free: 355145K (83%)
----------------- Invoking toplevel() on ptolemy.moml.MoMLSimpleApplication@76edb395
----------------- Done invoking toplevel() on ptolemy.moml.MoMLSimpleApplication@76edb395
reloadAllAccessors: .TestSimple

===========================================================================================
----------------- testing Sun Aug 18 05:29:54 UTC 2019 /home/travis/build/icyphy/ptII/ptolemy/actor/lib/test/auto/ThrowModelError.xml
----------------- Instantiating /home/travis/build/icyphy/ptII/ptolemy/actor/lib/test/auto/ThrowModelError.xml
2 ms. Memory: 425984K Free: 350545K (82%)
----------------- Invoking toplevel() on ptolemy.moml.MoMLSimpleApplication@38964858
----------------- Done invoking toplevel() on ptolemy.moml.MoMLSimpleApplication@38964858
reloadAllAccessors: .ThrowModelError

===========================================================================================
----------------- testing Sun Aug 18 05:29:54 UTC 2019 /home/travis/build/icyphy/ptII/ptolemy/actor/lib/test/auto/TimeDelayMicrosteps.xml
----------------- Instantiating /home/travis/build/icyphy/ptII/ptolemy/actor/lib/test/auto/TimeDelayMicrosteps.xml
2 ms. Memory: 425984K Free: 343857K (81%)
----------------- Invoking toplevel() on ptolemy.moml.MoMLSimpleApplication@2c8af307
----------------- Done invoking toplevel() on ptolemy.moml.MoMLSimpleApplication@2c8af307
reloadAllAccessors: .TimeDelayMicrosteps

===========================================================================================
----------------- testing Sun Aug 18 05:29:54 UTC 2019 /home/travis/build/icyphy/ptII/ptolemy/actor/lib/test/auto/TimeDelayMicrosteps2.xml
----------------- Instantiating /home/travis/build/icyphy/ptII/ptolemy/actor/lib/test/auto/TimeDelayMicrosteps2.xml
4 ms. Memory: 425984K Free: 336209K (79%)
----------------- Invoking toplevel() on ptolemy.moml.MoMLSimpleApplication@38caef60
----------------- Done invoking toplevel() on ptolemy.moml.MoMLSimpleApplication@38caef60
reloadAllAccessors: .TimeDelayMicrosteps2

===========================================================================================
----------------- testing Sun Aug 18 05:29:54 UTC 2019 /home/travis/build/icyphy/ptII/ptolemy/actor/lib/test/auto/TimeDelayMicrosteps3.xml
----------------- Instantiating /home/travis/build/icyphy/ptII/ptolemy/actor/lib/test/auto/TimeDelayMicrosteps3.xml
3 ms. Memory: 425984K Free: 329521K (77%)
----------------- Invoking toplevel() on ptolemy.moml.MoMLSimpleApplication@5a46d8f6
----------------- Done invoking toplevel() on ptolemy.moml.MoMLSimpleApplication@5a46d8f6
reloadAllAccessors: .TimeDelayMicrosteps3

===========================================================================================
----------------- testing Sun Aug 18 05:29:54 UTC 2019 /home/travis/build/icyphy/ptII/ptolemy/actor/lib/test/auto/TimeDelayVariableMicrosteps.xml
----------------- Instantiating /home/travis/build/icyphy/ptII/ptolemy/actor/lib/test/auto/TimeDelayVariableMicrosteps.xml
4 ms. Memory: 425984K Free: 323407K (76%)
----------------- Invoking toplevel() on ptolemy.moml.MoMLSimpleApplication@1b996bb
----------------- Done invoking toplevel() on ptolemy.moml.MoMLSimpleApplication@1b996bb
reloadAllAccessors: .TimeDelayVariableMicrosteps

===========================================================================================
----------------- testing Sun Aug 18 05:29:54 UTC 2019 /home/travis/build/icyphy/ptII/ptolemy/actor/lib/test/auto/TimeGap.xml
----------------- Instantiating /home/travis/build/icyphy/ptII/ptolemy/actor/lib/test/auto/TimeGap.xml
4 ms. Memory: 425984K Free: 318273K (75%)
----------------- Invoking toplevel() on ptolemy.moml.MoMLSimpleApplication@23b4c734
----------------- Done invoking toplevel() on ptolemy.moml.MoMLSimpleApplication@23b4c734
reloadAllAccessors: .TimeGap

===========================================================================================
----------------- testing Sun Aug 18 05:29:54 UTC 2019 /home/travis/build/icyphy/ptII/ptolemy/actor/lib/test/auto/TimeGap2.xml
----------------- Instantiating /home/travis/build/icyphy/ptII/ptolemy/actor/lib/test/auto/TimeGap2.xml
2 ms. Memory: 425984K Free: 312137K (73%)
----------------- Invoking toplevel() on ptolemy.moml.MoMLSimpleApplication@78aa52c
----------------- Done invoking toplevel() on ptolemy.moml.MoMLSimpleApplication@78aa52c
reloadAllAccessors: .TimeGap2

===========================================================================================
----------------- testing Sun Aug 18 05:29:54 UTC 2019 /home/travis/build/icyphy/ptII/ptolemy/actor/lib/test/auto/TimedSinewave.xml
----------------- Instantiating /home/travis/build/icyphy/ptII/ptolemy/actor/lib/test/auto/TimedSinewave.xml
15 ms. Memory: 425984K Free: 298321K (70%)
----------------- Invoking toplevel() on ptolemy.moml.MoMLSimpleApplication@913f54e
----------------- Done invoking toplevel() on ptolemy.moml.MoMLSimpleApplication@913f54e
reloadAllAccessors: .TimedSinewave

===========================================================================================
----------------- testing Sun Aug 18 05:29:54 UTC 2019 /home/travis/build/icyphy/ptII/ptolemy/actor/lib/test/auto/TimedSinewavePhase.xml
----------------- Instantiating /home/travis/build/icyphy/ptII/ptolemy/actor/lib/test/auto/TimedSinewavePhase.xml
10 ms. Memory: 425984K Free: 288591K (68%)
----------------- Invoking toplevel() on ptolemy.moml.MoMLSimpleApplication@13affa86
----------------- Done invoking toplevel() on ptolemy.moml.MoMLSimpleApplication@13affa86
reloadAllAccessors: .TimedSinewavePhase

===========================================================================================
----------------- testing Sun Aug 18 05:29:54 UTC 2019 /home/travis/build/icyphy/ptII/ptolemy/actor/lib/test/auto/Timer.xml
----------------- Instantiating /home/travis/build/icyphy/ptII/ptolemy/actor/lib/test/auto/Timer.xml
5 ms. Memory: 425984K Free: 282441K (66%)
----------------- Invoking toplevel() on ptolemy.moml.MoMLSimpleApplication@6eb0ba17
----------------- Done invoking toplevel() on ptolemy.moml.MoMLSimpleApplication@6eb0ba17
reloadAllAccessors: .Timer

===========================================================================================
----------------- testing Sun Aug 18 05:29:54 UTC 2019 /home/travis/build/icyphy/ptII/ptolemy/actor/lib/test/auto/TriangularDistTestModel.xml
----------------- Instantiating /home/travis/build/icyphy/ptII/ptolemy/actor/lib/test/auto/TriangularDistTestModel.xml
2 ms. Memory: 425984K Free: 276817K (65%)
----------------- Invoking toplevel() on ptolemy.moml.MoMLSimpleApplication@8ede16f
----------------- Done invoking toplevel() on ptolemy.moml.MoMLSimpleApplication@8ede16f
reloadAllAccessors: .TriangularDistTestModel

===========================================================================================
----------------- testing Sun Aug 18 05:29:54 UTC 2019 /home/travis/build/icyphy/ptII/ptolemy/actor/lib/test/auto/TrigFunction.xml
----------------- Instantiating /home/travis/build/icyphy/ptII/ptolemy/actor/lib/test/auto/TrigFunction.xml
2 ms. Memory: 425984K Free: 272207K (64%)
----------------- Invoking toplevel() on ptolemy.moml.MoMLSimpleApplication@3ae7afba
----------------- Done invoking toplevel() on ptolemy.moml.MoMLSimpleApplication@3ae7afba
reloadAllAccessors: .TrigFunction

===========================================================================================
----------------- testing Sun Aug 18 05:29:54 UTC 2019 /home/travis/build/icyphy/ptII/ptolemy/actor/lib/test/auto/TrigFunctionDE.xml
----------------- Instantiating /home/travis/build/icyphy/ptII/ptolemy/actor/lib/test/auto/TrigFunctionDE.xml
2 ms. Memory: 425984K Free: 266057K (62%)
----------------- Invoking toplevel() on ptolemy.moml.MoMLSimpleApplication@410ead2c
----------------- Done invoking toplevel() on ptolemy.moml.MoMLSimpleApplication@410ead2c
reloadAllAccessors: .TrigFunctionDE

===========================================================================================
----------------- testing Sun Aug 18 05:29:54 UTC 2019 /home/travis/build/icyphy/ptII/ptolemy/actor/lib/test/auto/TrigFunctionInverse.xml
----------------- Instantiating /home/travis/build/icyphy/ptII/ptolemy/actor/lib/test/auto/TrigFunctionInverse.xml
2 ms. Memory: 425984K Free: 260943K (61%)
----------------- Invoking toplevel() on ptolemy.moml.MoMLSimpleApplication@7feb5911
----------------- Done invoking toplevel() on ptolemy.moml.MoMLSimpleApplication@7feb5911
reloadAllAccessors: .TrigFunctionInverse

===========================================================================================
----------------- testing Sun Aug 18 05:29:54 UTC 2019 /home/travis/build/icyphy/ptII/ptolemy/actor/lib/test/auto/TrigFunctionTan.xml
----------------- Instantiating /home/travis/build/icyphy/ptII/ptolemy/actor/lib/test/auto/TrigFunctionTan.xml
2 ms. Memory: 425984K Free: 256847K (60%)
----------------- Invoking toplevel() on ptolemy.moml.MoMLSimpleApplication@568e91fc
----------------- Done invoking toplevel() on ptolemy.moml.MoMLSimpleApplication@568e91fc
reloadAllAccessors: .TrigFunctionTan

===========================================================================================
----------------- testing Sun Aug 18 05:29:54 UTC 2019 /home/travis/build/icyphy/ptII/ptolemy/actor/lib/test/auto/TriggeredClock.xml
----------------- Instantiating /home/travis/build/icyphy/ptII/ptolemy/actor/lib/test/auto/TriggeredClock.xml
1 ms. Memory: 425984K Free: 251713K (59%)
----------------- Invoking toplevel() on ptolemy.moml.MoMLSimpleApplication@520a1922
----------------- Done invoking toplevel() on ptolemy.moml.MoMLSimpleApplication@520a1922
reloadAllAccessors: .TriggeredClock

===========================================================================================
----------------- testing Sun Aug 18 05:29:54 UTC 2019 /home/travis/build/icyphy/ptII/ptolemy/actor/lib/test/auto/URLDirectoryReader.xml
----------------- Instantiating /home/travis/build/icyphy/ptII/ptolemy/actor/lib/test/auto/URLDirectoryReader.xml
36 ms. Memory: 425984K Free: 242511K (57%)
----------------- Invoking toplevel() on ptolemy.moml.MoMLSimpleApplication@4a922fe7
----------------- Done invoking toplevel() on ptolemy.moml.MoMLSimpleApplication@4a922fe7
reloadAllAccessors: .URLDirectoryReader

===========================================================================================
----------------- testing Sun Aug 18 05:29:54 UTC 2019 /home/travis/build/icyphy/ptII/ptolemy/actor/lib/test/auto/URLDirectoryReader3.xml
----------------- Instantiating /home/travis/build/icyphy/ptII/ptolemy/actor/lib/test/auto/URLDirectoryReader3.xml
1209 ms. Memory: 425984K Free: 367062K (86%)
----------------- Invoking toplevel() on ptolemy.moml.MoMLSimpleApplication@151f022
----------------- Done invoking toplevel() on ptolemy.moml.MoMLSimpleApplication@151f022
reloadAllAccessors: .URLDirectoryReader3

===========================================================================================
----------------- testing Sun Aug 18 05:29:55 UTC 2019 /home/travis/build/icyphy/ptII/ptolemy/actor/lib/test/auto/UnaryMathFunction.xml
----------------- Instantiating /home/travis/build/icyphy/ptII/ptolemy/actor/lib/test/auto/UnaryMathFunction.xml
8 ms. Memory: 425984K Free: 359289K (84%)
----------------- Invoking toplevel() on ptolemy.moml.MoMLSimpleApplication@44d6e234
----------------- Done invoking toplevel() on ptolemy.moml.MoMLSimpleApplication@44d6e234
reloadAllAccessors: .UnaryMathFunction

===========================================================================================
----------------- testing Sun Aug 18 05:29:55 UTC 2019 /home/travis/build/icyphy/ptII/ptolemy/actor/lib/test/auto/Uniform.xml
----------------- Instantiating /home/travis/build/icyphy/ptII/ptolemy/actor/lib/test/auto/Uniform.xml
2 ms. Memory: 425984K Free: 354683K (83%)
----------------- Invoking toplevel() on ptolemy.moml.MoMLSimpleApplication@1102fa67
----------------- Done invoking toplevel() on ptolemy.moml.MoMLSimpleApplication@1102fa67
reloadAllAccessors: .Uniform

===========================================================================================
----------------- testing Sun Aug 18 05:29:55 UTC 2019 /home/travis/build/icyphy/ptII/ptolemy/actor/lib/test/auto/UnionDisassemblerTest.xml
----------------- Instantiating /home/travis/build/icyphy/ptII/ptolemy/actor/lib/test/auto/UnionDisassemblerTest.xml
9 ms. Memory: 425984K Free: 351067K (82%)
----------------- Invoking toplevel() on ptolemy.moml.MoMLSimpleApplication@6fff593f
----------------- Done invoking toplevel() on ptolemy.moml.MoMLSimpleApplication@6fff593f
reloadAllAccessors: .UnionDisassemblerTest

===========================================================================================
----------------- testing Sun Aug 18 05:29:55 UTC 2019 /home/travis/build/icyphy/ptII/ptolemy/actor/lib/test/auto/UtilityFunctions.xml
----------------- Instantiating /home/travis/build/icyphy/ptII/ptolemy/actor/lib/test/auto/UtilityFunctions.xml
1 ms. Memory: 425984K Free: 346491K (81%)
----------------- Invoking toplevel() on ptolemy.moml.MoMLSimpleApplication@2327de7b
----------------- Done invoking toplevel() on ptolemy.moml.MoMLSimpleApplication@2327de7b
reloadAllAccessors: .UtilityFunctions

===========================================================================================
----------------- testing Sun Aug 18 05:29:55 UTC 2019 /home/travis/build/icyphy/ptII/ptolemy/actor/lib/test/auto/VariableSleep.xml
----------------- Instantiating /home/travis/build/icyphy/ptII/ptolemy/actor/lib/test/auto/VariableSleep.xml
503 ms. Memory: 425984K Free: 341371K (80%)
----------------- Invoking toplevel() on ptolemy.moml.MoMLSimpleApplication@1fbada1d
----------------- Done invoking toplevel() on ptolemy.moml.MoMLSimpleApplication@1fbada1d
reloadAllAccessors: .VariableSleep

===========================================================================================
----------------- testing Sun Aug 18 05:29:56 UTC 2019 /home/travis/build/icyphy/ptII/ptolemy/actor/lib/test/auto/VectorAssemblerDisassemblerCT.xml
----------------- Instantiating /home/travis/build/icyphy/ptII/ptolemy/actor/lib/test/auto/VectorAssemblerDisassemblerCT.xml
67 ms. Memory: 425984K Free: 321401K (75%)
----------------- Invoking toplevel() on ptolemy.moml.MoMLSimpleApplication@19829239
----------------- Done invoking toplevel() on ptolemy.moml.MoMLSimpleApplication@19829239
reloadAllAccessors: .VectorAssemblerDisassemblerCT

===========================================================================================
----------------- testing Sun Aug 18 05:29:56 UTC 2019 /home/travis/build/icyphy/ptII/ptolemy/actor/lib/test/auto/VectorAssemblerDisassemblerDE.xml
----------------- Instantiating /home/travis/build/icyphy/ptII/ptolemy/actor/lib/test/auto/VectorAssemblerDisassemblerDE.xml
3 ms. Memory: 425984K Free: 313723K (74%)
----------------- Invoking toplevel() on ptolemy.moml.MoMLSimpleApplication@2859b867
----------------- Done invoking toplevel() on ptolemy.moml.MoMLSimpleApplication@2859b867
reloadAllAccessors: .VectorAssemblerDisassemblerDE

===========================================================================================
----------------- testing Sun Aug 18 05:29:56 UTC 2019 /home/travis/build/icyphy/ptII/ptolemy/actor/lib/test/auto/VectorAssemblerDisassemblerSDF.xml
----------------- Instantiating /home/travis/build/icyphy/ptII/ptolemy/actor/lib/test/auto/VectorAssemblerDisassemblerSDF.xml
3 ms. Memory: 425984K Free: 307579K (72%)
----------------- Invoking toplevel() on ptolemy.moml.MoMLSimpleApplication@66b4dc6e
----------------- Done invoking toplevel() on ptolemy.moml.MoMLSimpleApplication@66b4dc6e
reloadAllAccessors: .VectorAssemblerDisassemblerSDF

===========================================================================================
----------------- testing Sun Aug 18 05:29:56 UTC 2019 /home/travis/build/icyphy/ptII/ptolemy/actor/lib/test/auto/WallClockTime.xml
----------------- Instantiating /home/travis/build/icyphy/ptII/ptolemy/actor/lib/test/auto/WallClockTime.xml
1005 ms. Memory: 425984K Free: 302459K (71%)
----------------- Invoking toplevel() on ptolemy.moml.MoMLSimpleApplication@590028f0
----------------- Done invoking toplevel() on ptolemy.moml.MoMLSimpleApplication@590028f0
reloadAllAccessors: .WallClockTime

===========================================================================================
----------------- testing Sun Aug 18 05:29:57 UTC 2019 /home/travis/build/icyphy/ptII/ptolemy/actor/lib/test/auto/WidthTestWithSubscriberPublisher.xml
----------------- Instantiating /home/travis/build/icyphy/ptII/ptolemy/actor/lib/test/auto/WidthTestWithSubscriberPublisher.xml
7 ms. Memory: 425984K Free: 284027K (67%)
----------------- Invoking toplevel() on ptolemy.moml.MoMLSimpleApplication@5a373eca
----------------- Done invoking toplevel() on ptolemy.moml.MoMLSimpleApplication@5a373eca
reloadAllAccessors: .WidthTestWithSubscriberPublisher

===========================================================================================
----------------- testing Sun Aug 18 05:29:57 UTC 2019 /home/travis/build/icyphy/ptII/ptolemy/actor/lib/test/auto/WidthTestWithSubscriberPublisher2.xml
----------------- Instantiating /home/travis/build/icyphy/ptII/ptolemy/actor/lib/test/auto/WidthTestWithSubscriberPublisher2.xml
3 ms. Memory: 425984K Free: 277883K (65%)
----------------- Invoking toplevel() on ptolemy.moml.MoMLSimpleApplication@7235d8a
----------------- Done invoking toplevel() on ptolemy.moml.MoMLSimpleApplication@7235d8a
reloadAllAccessors: .WidthTestWithSubscriberPublisher2

===========================================================================================
----------------- testing Sun Aug 18 05:29:57 UTC 2019 /home/travis/build/icyphy/ptII/ptolemy/actor/lib/test/auto/WidthTestWithSubscriberPublisher3.xml
----------------- Instantiating /home/travis/build/icyphy/ptII/ptolemy/actor/lib/test/auto/WidthTestWithSubscriberPublisher3.xml
2 ms. Memory: 425984K Free: 271739K (64%)
----------------- Invoking toplevel() on ptolemy.moml.MoMLSimpleApplication@466af9e5
----------------- Done invoking toplevel() on ptolemy.moml.MoMLSimpleApplication@466af9e5
reloadAllAccessors: .WidthTestWithSubscriberPublisher3

===========================================================================================
----------------- testing Sun Aug 18 05:29:57 UTC 2019 /home/travis/build/icyphy/ptII/ptolemy/actor/lib/test/auto/Writer.xml
----------------- Instantiating /home/travis/build/icyphy/ptII/ptolemy/actor/lib/test/auto/Writer.xml
0
1
2
3
4
1 ms. Memory: 425984K Free: 267099K (63%)
----------------- Invoking toplevel() on ptolemy.moml.MoMLSimpleApplication@26bcd1cb
----------------- Done invoking toplevel() on ptolemy.moml.MoMLSimpleApplication@26bcd1cb
reloadAllAccessors: .Writer

===========================================================================================
----------------- testing Sun Aug 18 05:29:57 UTC 2019 /home/travis/build/icyphy/ptII/ptolemy/actor/lib/test/auto/array.xml
----------------- Instantiating /home/travis/build/icyphy/ptII/ptolemy/actor/lib/test/auto/array.xml
14 ms. Memory: 425984K Free: 262523K (62%)
----------------- Invoking toplevel() on ptolemy.moml.MoMLSimpleApplication@1e435362
----------------- Done invoking toplevel() on ptolemy.moml.MoMLSimpleApplication@1e435362
reloadAllAccessors: .array

===========================================================================================
----------------- testing Sun Aug 18 05:29:57 UTC 2019 /home/travis/build/icyphy/ptII/ptolemy/actor/lib/test/auto/array2.xml
----------------- Instantiating /home/travis/build/icyphy/ptII/ptolemy/actor/lib/test/auto/array2.xml
5 ms. Memory: 425984K Free: 257403K (60%)
----------------- Invoking toplevel() on ptolemy.moml.MoMLSimpleApplication@6d0ee80d
----------------- Done invoking toplevel() on ptolemy.moml.MoMLSimpleApplication@6d0ee80d
reloadAllAccessors: .array2

===========================================================================================
----------------- testing Sun Aug 18 05:29:57 UTC 2019 /home/travis/build/icyphy/ptII/ptolemy/actor/lib/test/auto/arrayType.xml
----------------- Instantiating /home/travis/build/icyphy/ptII/ptolemy/actor/lib/test/auto/arrayType.xml
3 ms. Memory: 425984K Free: 252283K (59%)
----------------- Invoking toplevel() on ptolemy.moml.MoMLSimpleApplication@661aadc1
----------------- Done invoking toplevel() on ptolemy.moml.MoMLSimpleApplication@661aadc1
reloadAllAccessors: .arrayType

===========================================================================================
----------------- testing Sun Aug 18 05:29:57 UTC 2019 /home/travis/build/icyphy/ptII/ptolemy/actor/lib/test/auto/arrayType10.xml
----------------- Instantiating /home/travis/build/icyphy/ptII/ptolemy/actor/lib/test/auto/arrayType10.xml
2 ms. Memory: 425984K Free: 247673K (58%)
----------------- Invoking toplevel() on ptolemy.moml.MoMLSimpleApplication@29020c11
----------------- Done invoking toplevel() on ptolemy.moml.MoMLSimpleApplication@29020c11
reloadAllAccessors: .arrayType10

===========================================================================================
----------------- testing Sun Aug 18 05:29:57 UTC 2019 /home/travis/build/icyphy/ptII/ptolemy/actor/lib/test/auto/arrayType11.xml
----------------- Instantiating /home/travis/build/icyphy/ptII/ptolemy/actor/lib/test/auto/arrayType11.xml
6 ms. Memory: 425984K Free: 242553K (57%)
----------------- Invoking toplevel() on ptolemy.moml.MoMLSimpleApplication@276d45c7
----------------- Done invoking toplevel() on ptolemy.moml.MoMLSimpleApplication@276d45c7
reloadAllAccessors: .arrayType11

===========================================================================================
----------------- testing Sun Aug 18 05:29:57 UTC 2019 /home/travis/build/icyphy/ptII/ptolemy/actor/lib/test/auto/arrayType12.xml
----------------- Instantiating /home/travis/build/icyphy/ptII/ptolemy/actor/lib/test/auto/arrayType12.xml
2 ms. Memory: 425984K Free: 237947K (56%)
----------------- Invoking toplevel() on ptolemy.moml.MoMLSimpleApplication@402b1a8
----------------- Done invoking toplevel() on ptolemy.moml.MoMLSimpleApplication@402b1a8
reloadAllAccessors: .arrayType12

===========================================================================================
----------------- testing Sun Aug 18 05:29:57 UTC 2019 /home/travis/build/icyphy/ptII/ptolemy/actor/lib/test/auto/arrayType13.xml
----------------- Instantiating /home/travis/build/icyphy/ptII/ptolemy/actor/lib/test/auto/arrayType13.xml
1 ms. Memory: 425984K Free: 232827K (55%)
----------------- Invoking toplevel() on ptolemy.moml.MoMLSimpleApplication@6ce06cc
----------------- Done invoking toplevel() on ptolemy.moml.MoMLSimpleApplication@6ce06cc
reloadAllAccessors: .arrayType13

===========================================================================================
----------------- testing Sun Aug 18 05:29:57 UTC 2019 /home/travis/build/icyphy/ptII/ptolemy/actor/lib/test/auto/arrayType14.xml
----------------- Instantiating /home/travis/build/icyphy/ptII/ptolemy/actor/lib/test/auto/arrayType14.xml
2 ms. Memory: 425984K Free: 227193K (53%)
----------------- Invoking toplevel() on ptolemy.moml.MoMLSimpleApplication@11de2875
----------------- Done invoking toplevel() on ptolemy.moml.MoMLSimpleApplication@11de2875
reloadAllAccessors: .arrayType14

===========================================================================================
----------------- testing Sun Aug 18 05:29:57 UTC 2019 /home/travis/build/icyphy/ptII/ptolemy/actor/lib/test/auto/arrayType15.xml
----------------- Instantiating /home/travis/build/icyphy/ptII/ptolemy/actor/lib/test/auto/arrayType15.xml
3 ms. Memory: 425984K Free: 222073K (52%)
----------------- Invoking toplevel() on ptolemy.moml.MoMLSimpleApplication@339a0ef
----------------- Done invoking toplevel() on ptolemy.moml.MoMLSimpleApplication@339a0ef
reloadAllAccessors: .arrayType15

===========================================================================================
----------------- testing Sun Aug 18 05:29:57 UTC 2019 /home/travis/build/icyphy/ptII/ptolemy/actor/lib/test/auto/arrayType16.xml
----------------- Instantiating /home/travis/build/icyphy/ptII/ptolemy/actor/lib/test/auto/arrayType16.xml
1 ms. Memory: 425984K Free: 216953K (51%)
----------------- Invoking toplevel() on ptolemy.moml.MoMLSimpleApplication@46a5a354
----------------- Done invoking toplevel() on ptolemy.moml.MoMLSimpleApplication@46a5a354
reloadAllAccessors: .arrayType16

===========================================================================================
----------------- testing Sun Aug 18 05:29:57 UTC 2019 /home/travis/build/icyphy/ptII/ptolemy/actor/lib/test/auto/arrayType17.xml
----------------- Instantiating /home/travis/build/icyphy/ptII/ptolemy/actor/lib/test/auto/arrayType17.xml
1 ms. Memory: 425984K Free: 211323K (50%)
----------------- Invoking toplevel() on ptolemy.moml.MoMLSimpleApplication@4b46bc41
----------------- Done invoking toplevel() on ptolemy.moml.MoMLSimpleApplication@4b46bc41
reloadAllAccessors: .arrayType17

===========================================================================================
----------------- testing Sun Aug 18 05:29:57 UTC 2019 /home/travis/build/icyphy/ptII/ptolemy/actor/lib/test/auto/arrayType18.xml
----------------- Instantiating /home/travis/build/icyphy/ptII/ptolemy/actor/lib/test/auto/arrayType18.xml
2 ms. Memory: 425984K Free: 206713K (49%)
----------------- Invoking toplevel() on ptolemy.moml.MoMLSimpleApplication@6dbfb74d
----------------- Done invoking toplevel() on ptolemy.moml.MoMLSimpleApplication@6dbfb74d
reloadAllAccessors: .arrayType18

===========================================================================================
----------------- testing Sun Aug 18 05:29:57 UTC 2019 /home/travis/build/icyphy/ptII/ptolemy/actor/lib/test/auto/arrayType19.xml
----------------- Instantiating /home/travis/build/icyphy/ptII/ptolemy/actor/lib/test/auto/arrayType19.xml
2 ms. Memory: 425984K Free: 201593K (47%)
----------------- Invoking toplevel() on ptolemy.moml.MoMLSimpleApplication@1cebcd1a
----------------- Done invoking toplevel() on ptolemy.moml.MoMLSimpleApplication@1cebcd1a
reloadAllAccessors: .arrayType19

===========================================================================================
----------------- testing Sun Aug 18 05:29:57 UTC 2019 /home/travis/build/icyphy/ptII/ptolemy/actor/lib/test/auto/arrayType2.xml
----------------- Instantiating /home/travis/build/icyphy/ptII/ptolemy/actor/lib/test/auto/arrayType2.xml
1 ms. Memory: 425984K Free: 196473K (46%)
----------------- Invoking toplevel() on ptolemy.moml.MoMLSimpleApplication@46de0a37
----------------- Done invoking toplevel() on ptolemy.moml.MoMLSimpleApplication@46de0a37
reloadAllAccessors: .arrayType2

===========================================================================================
----------------- testing Sun Aug 18 05:29:57 UTC 2019 /home/travis/build/icyphy/ptII/ptolemy/actor/lib/test/auto/arrayType20.xml
----------------- Instantiating /home/travis/build/icyphy/ptII/ptolemy/actor/lib/test/auto/arrayType20.xml
1 ms. Memory: 425984K Free: 191867K (45%)
----------------- Invoking toplevel() on ptolemy.moml.MoMLSimpleApplication@6779c750
----------------- Done invoking toplevel() on ptolemy.moml.MoMLSimpleApplication@6779c750
reloadAllAccessors: .arrayType20

===========================================================================================
----------------- testing Sun Aug 18 05:29:57 UTC 2019 /home/travis/build/icyphy/ptII/ptolemy/actor/lib/test/auto/arrayType21.xml
----------------- Instantiating /home/travis/build/icyphy/ptII/ptolemy/actor/lib/test/auto/arrayType21.xml
1 ms. Memory: 425984K Free: 186747K (44%)
----------------- Invoking toplevel() on ptolemy.moml.MoMLSimpleApplication@2879e8f3
----------------- Done invoking toplevel() on ptolemy.moml.MoMLSimpleApplication@2879e8f3
reloadAllAccessors: .arrayType21

===========================================================================================
----------------- testing Sun Aug 18 05:29:58 UTC 2019 /home/travis/build/icyphy/ptII/ptolemy/actor/lib/test/auto/arrayType22.xml
----------------- Instantiating /home/travis/build/icyphy/ptII/ptolemy/actor/lib/test/auto/arrayType22.xml
2 ms. Memory: 425984K Free: 182137K (43%)
----------------- Invoking toplevel() on ptolemy.moml.MoMLSimpleApplication@2e0ce14d
----------------- Done invoking toplevel() on ptolemy.moml.MoMLSimpleApplication@2e0ce14d
reloadAllAccessors: .arrayType22

===========================================================================================
----------------- testing Sun Aug 18 05:29:58 UTC 2019 /home/travis/build/icyphy/ptII/ptolemy/actor/lib/test/auto/arrayType23.xml
----------------- Instantiating /home/travis/build/icyphy/ptII/ptolemy/actor/lib/test/auto/arrayType23.xml
1 ms. Memory: 425984K Free: 177531K (42%)
----------------- Invoking toplevel() on ptolemy.moml.MoMLSimpleApplication@3cb5b90c
----------------- Done invoking toplevel() on ptolemy.moml.MoMLSimpleApplication@3cb5b90c
reloadAllAccessors: .arrayType23

===========================================================================================
----------------- testing Sun Aug 18 05:29:58 UTC 2019 /home/travis/build/icyphy/ptII/ptolemy/actor/lib/test/auto/arrayType24.xml
----------------- Instantiating /home/travis/build/icyphy/ptII/ptolemy/actor/lib/test/auto/arrayType24.xml
1 ms. Memory: 425984K Free: 172411K (40%)
----------------- Invoking toplevel() on ptolemy.moml.MoMLSimpleApplication@3dd52a41
----------------- Done invoking toplevel() on ptolemy.moml.MoMLSimpleApplication@3dd52a41
reloadAllAccessors: .arrayType24

===========================================================================================
----------------- testing Sun Aug 18 05:29:58 UTC 2019 /home/travis/build/icyphy/ptII/ptolemy/actor/lib/test/auto/arrayType25.xml
----------------- Instantiating /home/travis/build/icyphy/ptII/ptolemy/actor/lib/test/auto/arrayType25.xml
2 ms. Memory: 425984K Free: 167291K (39%)
----------------- Invoking toplevel() on ptolemy.moml.MoMLSimpleApplication@5ad8d7d8
----------------- Done invoking toplevel() on ptolemy.moml.MoMLSimpleApplication@5ad8d7d8
reloadAllAccessors: .arrayType25

===========================================================================================
----------------- testing Sun Aug 18 05:29:58 UTC 2019 /home/travis/build/icyphy/ptII/ptolemy/actor/lib/test/auto/arrayType26.xml
----------------- Instantiating /home/travis/build/icyphy/ptII/ptolemy/actor/lib/test/auto/arrayType26.xml
2 ms. Memory: 425984K Free: 161657K (38%)
----------------- Invoking toplevel() on ptolemy.moml.MoMLSimpleApplication@71776a6a
----------------- Done invoking toplevel() on ptolemy.moml.MoMLSimpleApplication@71776a6a
reloadAllAccessors: .arrayType26

===========================================================================================
----------------- testing Sun Aug 18 05:29:58 UTC 2019 /home/travis/build/icyphy/ptII/ptolemy/actor/lib/test/auto/arrayType27.xml
----------------- Instantiating /home/travis/build/icyphy/ptII/ptolemy/actor/lib/test/auto/arrayType27.xml
3 ms. Memory: 425984K Free: 156537K (37%)
----------------- Invoking toplevel() on ptolemy.moml.MoMLSimpleApplication@1cd2da9f
----------------- Done invoking toplevel() on ptolemy.moml.MoMLSimpleApplication@1cd2da9f
reloadAllAccessors: .arrayType27

===========================================================================================
----------------- testing Sun Aug 18 05:29:58 UTC 2019 /home/travis/build/icyphy/ptII/ptolemy/actor/lib/test/auto/arrayType28.xml
----------------- Instantiating /home/travis/build/icyphy/ptII/ptolemy/actor/lib/test/auto/arrayType28.xml
1 ms. Memory: 425984K Free: 151417K (36%)
----------------- Invoking toplevel() on ptolemy.moml.MoMLSimpleApplication@4a068a4b
----------------- Done invoking toplevel() on ptolemy.moml.MoMLSimpleApplication@4a068a4b
reloadAllAccessors: .arrayType28

===========================================================================================
----------------- testing Sun Aug 18 05:29:58 UTC 2019 /home/travis/build/icyphy/ptII/ptolemy/actor/lib/test/auto/arrayType3.xml
----------------- Instantiating /home/travis/build/icyphy/ptII/ptolemy/actor/lib/test/auto/arrayType3.xml
7 ms. Memory: 425984K Free: 145787K (34%)
----------------- Invoking toplevel() on ptolemy.moml.MoMLSimpleApplication@1be61659
----------------- Done invoking toplevel() on ptolemy.moml.MoMLSimpleApplication@1be61659
reloadAllAccessors: .arrayType3

===========================================================================================
----------------- testing Sun Aug 18 05:29:58 UTC 2019 /home/travis/build/icyphy/ptII/ptolemy/actor/lib/test/auto/arrayType4.xml
----------------- Instantiating /home/travis/build/icyphy/ptII/ptolemy/actor/lib/test/auto/arrayType4.xml
2 ms. Memory: 425984K Free: 140667K (33%)
----------------- Invoking toplevel() on ptolemy.moml.MoMLSimpleApplication@5251f5f0
----------------- Done invoking toplevel() on ptolemy.moml.MoMLSimpleApplication@5251f5f0
reloadAllAccessors: .arrayType4

===========================================================================================
----------------- testing Sun Aug 18 05:29:58 UTC 2019 /home/travis/build/icyphy/ptII/ptolemy/actor/lib/test/auto/arrayType5.xml
----------------- Instantiating /home/travis/build/icyphy/ptII/ptolemy/actor/lib/test/auto/arrayType5.xml
1 ms. Memory: 425984K Free: 135033K (32%)
----------------- Invoking toplevel() on ptolemy.moml.MoMLSimpleApplication@3a8da35b
----------------- Done invoking toplevel() on ptolemy.moml.MoMLSimpleApplication@3a8da35b
reloadAllAccessors: .arrayType5

===========================================================================================
----------------- testing Sun Aug 18 05:29:58 UTC 2019 /home/travis/build/icyphy/ptII/ptolemy/actor/lib/test/auto/arrayType6.xml
----------------- Instantiating /home/travis/build/icyphy/ptII/ptolemy/actor/lib/test/auto/arrayType6.xml
1 ms. Memory: 425984K Free: 130427K (31%)
----------------- Invoking toplevel() on ptolemy.moml.MoMLSimpleApplication@1222e093
----------------- Done invoking toplevel() on ptolemy.moml.MoMLSimpleApplication@1222e093
reloadAllAccessors: .arrayType6

===========================================================================================
----------------- testing Sun Aug 18 05:29:58 UTC 2019 /home/travis/build/icyphy/ptII/ptolemy/actor/lib/test/auto/arrayType7.xml
----------------- Instantiating /home/travis/build/icyphy/ptII/ptolemy/actor/lib/test/auto/arrayType7.xml
7 ms. Memory: 425984K Free: 125307K (29%)
----------------- Invoking toplevel() on ptolemy.moml.MoMLSimpleApplication@7000a596
----------------- Done invoking toplevel() on ptolemy.moml.MoMLSimpleApplication@7000a596
reloadAllAccessors: .arrayType7

===========================================================================================
----------------- testing Sun Aug 18 05:29:58 UTC 2019 /home/travis/build/icyphy/ptII/ptolemy/actor/lib/test/auto/arrayType8.xml
----------------- Instantiating /home/travis/build/icyphy/ptII/ptolemy/actor/lib/test/auto/arrayType8.xml
2 ms. Memory: 425984K Free: 370659K (87%)
----------------- Invoking toplevel() on ptolemy.moml.MoMLSimpleApplication@7b8fe9c0
----------------- Done invoking toplevel() on ptolemy.moml.MoMLSimpleApplication@7b8fe9c0
reloadAllAccessors: .arrayType8

===========================================================================================
----------------- testing Sun Aug 18 05:29:58 UTC 2019 /home/travis/build/icyphy/ptII/ptolemy/actor/lib/test/auto/arrayType9.xml
----------------- Instantiating /home/travis/build/icyphy/ptII/ptolemy/actor/lib/test/auto/arrayType9.xml
2 ms. Memory: 425984K Free: 365539K (86%)
----------------- Invoking toplevel() on ptolemy.moml.MoMLSimpleApplication@744e9f97
----------------- Done invoking toplevel() on ptolemy.moml.MoMLSimpleApplication@744e9f97
reloadAllAccessors: .arrayType9

===========================================================================================
----------------- testing Sun Aug 18 05:29:58 UTC 2019 /home/travis/build/icyphy/ptII/ptolemy/actor/lib/test/auto/cast.xml
----------------- Instantiating /home/travis/build/icyphy/ptII/ptolemy/actor/lib/test/auto/cast.xml
2 ms. Memory: 425984K Free: 360933K (85%)
----------------- Invoking toplevel() on ptolemy.moml.MoMLSimpleApplication@31c2dc4e
----------------- Done invoking toplevel() on ptolemy.moml.MoMLSimpleApplication@31c2dc4e
reloadAllAccessors: .cast

===========================================================================================
----------------- testing Sun Aug 18 05:29:58 UTC 2019 /home/travis/build/icyphy/ptII/ptolemy/actor/lib/test/auto/compositeMultiPort.xml
----------------- Instantiating /home/travis/build/icyphy/ptII/ptolemy/actor/lib/test/auto/compositeMultiPort.xml
4 ms. Memory: 425984K Free: 351717K (83%)
----------------- Invoking toplevel() on ptolemy.moml.MoMLSimpleApplication@59ba8a40
----------------- Done invoking toplevel() on ptolemy.moml.MoMLSimpleApplication@59ba8a40
reloadAllAccessors: .compositeMultiPort

===========================================================================================
----------------- testing Sun Aug 18 05:29:58 UTC 2019 /home/travis/build/icyphy/ptII/ptolemy/actor/lib/test/auto/expressionCastInference.xml
----------------- Instantiating /home/travis/build/icyphy/ptII/ptolemy/actor/lib/test/auto/expressionCastInference.xml
3 ms. Memory: 425984K Free: 347107K (81%)
----------------- Invoking toplevel() on ptolemy.moml.MoMLSimpleApplication@7f54cba6
----------------- Done invoking toplevel() on ptolemy.moml.MoMLSimpleApplication@7f54cba6
reloadAllAccessors: .expressionCastInference

===========================================================================================
----------------- testing Sun Aug 18 05:29:58 UTC 2019 /home/travis/build/icyphy/ptII/ptolemy/actor/lib/test/auto/expressionCastInference2.xml
----------------- Instantiating /home/travis/build/icyphy/ptII/ptolemy/actor/lib/test/auto/expressionCastInference2.xml
2 ms. Memory: 425984K Free: 341987K (80%)
----------------- Invoking toplevel() on ptolemy.moml.MoMLSimpleApplication@8e00a61
----------------- Done invoking toplevel() on ptolemy.moml.MoMLSimpleApplication@8e00a61
reloadAllAccessors: .expressionCastInference2

===========================================================================================
----------------- testing Sun Aug 18 05:29:58 UTC 2019 /home/travis/build/icyphy/ptII/ptolemy/actor/lib/test/auto/expressionInference.xml
----------------- Instantiating /home/travis/build/icyphy/ptII/ptolemy/actor/lib/test/auto/expressionInference.xml
2 ms. Memory: 425984K Free: 337891K (79%)
----------------- Invoking toplevel() on ptolemy.moml.MoMLSimpleApplication@4c034fab
----------------- Done invoking toplevel() on ptolemy.moml.MoMLSimpleApplication@4c034fab
reloadAllAccessors: .expressionInference

===========================================================================================
----------------- testing Sun Aug 18 05:29:58 UTC 2019 /home/travis/build/icyphy/ptII/ptolemy/actor/lib/test/auto/expression_bug.xml
----------------- Instantiating /home/travis/build/icyphy/ptII/ptolemy/actor/lib/test/auto/expression_bug.xml
1 ms. Memory: 425984K Free: 333285K (78%)
----------------- Invoking toplevel() on ptolemy.moml.MoMLSimpleApplication@c6f7585
----------------- Done invoking toplevel() on ptolemy.moml.MoMLSimpleApplication@c6f7585
reloadAllAccessors: .expression_bug

===========================================================================================
----------------- testing Sun Aug 18 05:29:58 UTC 2019 /home/travis/build/icyphy/ptII/ptolemy/actor/lib/test/auto/factorial.xml
----------------- Instantiating /home/travis/build/icyphy/ptII/ptolemy/actor/lib/test/auto/factorial.xml
43 ms. Memory: 425984K Free: 325093K (76%)
----------------- Invoking toplevel() on ptolemy.moml.MoMLSimpleApplication@36524c17
----------------- Done invoking toplevel() on ptolemy.moml.MoMLSimpleApplication@36524c17
reloadAllAccessors: .factorial

===========================================================================================
----------------- testing Sun Aug 18 05:29:58 UTC 2019 /home/travis/build/icyphy/ptII/ptolemy/actor/lib/test/auto/filterTest1.xml
----------------- Instantiating /home/travis/build/icyphy/ptII/ptolemy/actor/lib/test/auto/filterTest1.xml
3 ms. Memory: 425984K Free: 319459K (75%)
----------------- Invoking toplevel() on ptolemy.moml.MoMLSimpleApplication@46ee73dc
----------------- Done invoking toplevel() on ptolemy.moml.MoMLSimpleApplication@46ee73dc
reloadAllAccessors: .filterTest1

===========================================================================================
----------------- testing Sun Aug 18 05:29:58 UTC 2019 /home/travis/build/icyphy/ptII/ptolemy/actor/lib/test/auto/funcApplyInConst.xml
----------------- Instantiating /home/travis/build/icyphy/ptII/ptolemy/actor/lib/test/auto/funcApplyInConst.xml
1 ms. Memory: 425984K Free: 315363K (74%)
----------------- Invoking toplevel() on ptolemy.moml.MoMLSimpleApplication@6f58cddf
----------------- Done invoking toplevel() on ptolemy.moml.MoMLSimpleApplication@6f58cddf
reloadAllAccessors: .funcApplyInConst

===========================================================================================
----------------- testing Sun Aug 18 05:29:58 UTC 2019 /home/travis/build/icyphy/ptII/ptolemy/actor/lib/test/auto/funcApplyInExpr.xml
----------------- Instantiating /home/travis/build/icyphy/ptII/ptolemy/actor/lib/test/auto/funcApplyInExpr.xml
1 ms. Memory: 425984K Free: 311781K (73%)
----------------- Invoking toplevel() on ptolemy.moml.MoMLSimpleApplication@629009c7
----------------- Done invoking toplevel() on ptolemy.moml.MoMLSimpleApplication@629009c7
reloadAllAccessors: .funcApplyInExpr

===========================================================================================
----------------- testing Sun Aug 18 05:29:58 UTC 2019 /home/travis/build/icyphy/ptII/ptolemy/actor/lib/test/auto/function.xml
----------------- Instantiating /home/travis/build/icyphy/ptII/ptolemy/actor/lib/test/auto/function.xml
2 ms. Memory: 425984K Free: 306661K (72%)
----------------- Invoking toplevel() on ptolemy.moml.MoMLSimpleApplication@11ed38a2
----------------- Done invoking toplevel() on ptolemy.moml.MoMLSimpleApplication@11ed38a2
reloadAllAccessors: .function

===========================================================================================
----------------- testing Sun Aug 18 05:29:58 UTC 2019 /home/travis/build/icyphy/ptII/ptolemy/actor/lib/test/auto/function2.xml
----------------- Instantiating /home/travis/build/icyphy/ptII/ptolemy/actor/lib/test/auto/function2.xml
2 ms. Memory: 425984K Free: 302051K (71%)
----------------- Invoking toplevel() on ptolemy.moml.MoMLSimpleApplication@946a7f7
----------------- Done invoking toplevel() on ptolemy.moml.MoMLSimpleApplication@946a7f7
reloadAllAccessors: .function2

===========================================================================================
----------------- testing Sun Aug 18 05:29:58 UTC 2019 /home/travis/build/icyphy/ptII/ptolemy/actor/lib/test/auto/function3.xml
----------------- Instantiating /home/travis/build/icyphy/ptII/ptolemy/actor/lib/test/auto/function3.xml
2 ms. Memory: 425984K Free: 297955K (70%)
----------------- Invoking toplevel() on ptolemy.moml.MoMLSimpleApplication@72a5f5f9
----------------- Done invoking toplevel() on ptolemy.moml.MoMLSimpleApplication@72a5f5f9
reloadAllAccessors: .function3

===========================================================================================
----------------- testing Sun Aug 18 05:29:58 UTC 2019 /home/travis/build/icyphy/ptII/ptolemy/actor/lib/test/auto/functionClosureTest1.xml
----------------- Instantiating /home/travis/build/icyphy/ptII/ptolemy/actor/lib/test/auto/functionClosureTest1.xml
2 ms. Memory: 425984K Free: 292325K (69%)
----------------- Invoking toplevel() on ptolemy.moml.MoMLSimpleApplication@12b44eb0
----------------- Done invoking toplevel() on ptolemy.moml.MoMLSimpleApplication@12b44eb0
reloadAllAccessors: .functionClosureTest1

===========================================================================================
----------------- testing Sun Aug 18 05:29:58 UTC 2019 /home/travis/build/icyphy/ptII/ptolemy/actor/lib/test/auto/functionClosureTest2.xml
----------------- Instantiating /home/travis/build/icyphy/ptII/ptolemy/actor/lib/test/auto/functionClosureTest2.xml
1 ms. Memory: 425984K Free: 288229K (68%)
----------------- Invoking toplevel() on ptolemy.moml.MoMLSimpleApplication@37307df
----------------- Done invoking toplevel() on ptolemy.moml.MoMLSimpleApplication@37307df
reloadAllAccessors: .functionClosureTest2

===========================================================================================
----------------- testing Sun Aug 18 05:29:58 UTC 2019 /home/travis/build/icyphy/ptII/ptolemy/actor/lib/test/auto/functionClosureTest3.xml
----------------- Instantiating /home/travis/build/icyphy/ptII/ptolemy/actor/lib/test/auto/functionClosureTest3.xml
3 ms. Memory: 425984K Free: 283109K (66%)
----------------- Invoking toplevel() on ptolemy.moml.MoMLSimpleApplication@2433c4ea
----------------- Done invoking toplevel() on ptolemy.moml.MoMLSimpleApplication@2433c4ea
reloadAllAccessors: .functionClosureTest3

===========================================================================================
----------------- testing Sun Aug 18 05:29:58 UTC 2019 /home/travis/build/icyphy/ptII/ptolemy/actor/lib/test/auto/functionClosureTest4.xml
----------------- Instantiating /home/travis/build/icyphy/ptII/ptolemy/actor/lib/test/auto/functionClosureTest4.xml
4 ms. Memory: 425984K Free: 276451K (65%)
----------------- Invoking toplevel() on ptolemy.moml.MoMLSimpleApplication@2bf161c6
----------------- Done invoking toplevel() on ptolemy.moml.MoMLSimpleApplication@2bf161c6
reloadAllAccessors: .functionClosureTest4

===========================================================================================
----------------- testing Sun Aug 18 05:29:58 UTC 2019 /home/travis/build/icyphy/ptII/ptolemy/actor/lib/test/auto/functionClosureTest5.xml
----------------- Instantiating /home/travis/build/icyphy/ptII/ptolemy/actor/lib/test/auto/functionClosureTest5.xml
4 ms. Memory: 425984K Free: 271317K (64%)
----------------- Invoking toplevel() on ptolemy.moml.MoMLSimpleApplication@7ff599c7
----------------- Done invoking toplevel() on ptolemy.moml.MoMLSimpleApplication@7ff599c7
reloadAllAccessors: .functionClosureTest5

===========================================================================================
----------------- testing Sun Aug 18 05:29:58 UTC 2019 /home/travis/build/icyphy/ptII/ptolemy/actor/lib/test/auto/functionClosureTest6.xml
----------------- Instantiating /home/travis/build/icyphy/ptII/ptolemy/actor/lib/test/auto/functionClosureTest6.xml
2 ms. Memory: 425984K Free: 266205K (62%)
----------------- Invoking toplevel() on ptolemy.moml.MoMLSimpleApplication@235bee1d
----------------- Done invoking toplevel() on ptolemy.moml.MoMLSimpleApplication@235bee1d
reloadAllAccessors: .functionClosureTest6

===========================================================================================
----------------- testing Sun Aug 18 05:29:58 UTC 2019 /home/travis/build/icyphy/ptII/ptolemy/actor/lib/test/auto/functionsOnArcs.xml
----------------- Instantiating /home/travis/build/icyphy/ptII/ptolemy/actor/lib/test/auto/functionsOnArcs.xml
2 ms. Memory: 425984K Free: 261091K (61%)
----------------- Invoking toplevel() on ptolemy.moml.MoMLSimpleApplication@4cf5a3c9
----------------- Done invoking toplevel() on ptolemy.moml.MoMLSimpleApplication@4cf5a3c9
reloadAllAccessors: .functionsOnArcs

===========================================================================================
----------------- testing Sun Aug 18 05:29:58 UTC 2019 /home/travis/build/icyphy/ptII/ptolemy/actor/lib/test/auto/functionsOnArcsHOF.xml
----------------- Instantiating /home/travis/build/icyphy/ptII/ptolemy/actor/lib/test/auto/functionsOnArcsHOF.xml
10 ms. Memory: 425984K Free: 254945K (60%)
----------------- Invoking toplevel() on ptolemy.moml.MoMLSimpleApplication@7db71b8a
----------------- Done invoking toplevel() on ptolemy.moml.MoMLSimpleApplication@7db71b8a
reloadAllAccessors: .functionsOnArcsHOF

===========================================================================================
----------------- testing Sun Aug 18 05:29:58 UTC 2019 /home/travis/build/icyphy/ptII/ptolemy/actor/lib/test/auto/logic.xml
----------------- Instantiating /home/travis/build/icyphy/ptII/ptolemy/actor/lib/test/auto/logic.xml
2 ms. Memory: 425984K Free: 247779K (58%)
----------------- Invoking toplevel() on ptolemy.moml.MoMLSimpleApplication@15f50533
----------------- Done invoking toplevel() on ptolemy.moml.MoMLSimpleApplication@15f50533
reloadAllAccessors: .logic

===========================================================================================
----------------- testing Sun Aug 18 05:29:58 UTC 2019 /home/travis/build/icyphy/ptII/ptolemy/actor/lib/test/auto/matrixType.xml
----------------- Instantiating /home/travis/build/icyphy/ptII/ptolemy/actor/lib/test/auto/matrixType.xml
2 ms. Memory: 425984K Free: 242659K (57%)
----------------- Invoking toplevel() on ptolemy.moml.MoMLSimpleApplication@2bd04d0f
----------------- Done invoking toplevel() on ptolemy.moml.MoMLSimpleApplication@2bd04d0f
reloadAllAccessors: .matrixType

===========================================================================================
----------------- testing Sun Aug 18 05:29:58 UTC 2019 /home/travis/build/icyphy/ptII/ptolemy/actor/lib/test/auto/matrixType10.xml
----------------- Instantiating /home/travis/build/icyphy/ptII/ptolemy/actor/lib/test/auto/matrixType10.xml
2 ms. Memory: 425984K Free: 238053K (56%)
----------------- Invoking toplevel() on ptolemy.moml.MoMLSimpleApplication@54ece2c1
----------------- Done invoking toplevel() on ptolemy.moml.MoMLSimpleApplication@54ece2c1
reloadAllAccessors: .matrixType10

===========================================================================================
----------------- testing Sun Aug 18 05:29:58 UTC 2019 /home/travis/build/icyphy/ptII/ptolemy/actor/lib/test/auto/matrixType11.xml
----------------- Instantiating /home/travis/build/icyphy/ptII/ptolemy/actor/lib/test/auto/matrixType11.xml
2 ms. Memory: 425984K Free: 233443K (55%)
----------------- Invoking toplevel() on ptolemy.moml.MoMLSimpleApplication@71c1471a
----------------- Done invoking toplevel() on ptolemy.moml.MoMLSimpleApplication@71c1471a
reloadAllAccessors: .matrixType11

===========================================================================================
----------------- testing Sun Aug 18 05:29:58 UTC 2019 /home/travis/build/icyphy/ptII/ptolemy/actor/lib/test/auto/matrixType12.xml
----------------- Instantiating /home/travis/build/icyphy/ptII/ptolemy/actor/lib/test/auto/matrixType12.xml
1 ms. Memory: 425984K Free: 228323K (54%)
----------------- Invoking toplevel() on ptolemy.moml.MoMLSimpleApplication@13f39721
----------------- Done invoking toplevel() on ptolemy.moml.MoMLSimpleApplication@13f39721
reloadAllAccessors: .matrixType12

===========================================================================================
----------------- testing Sun Aug 18 05:29:58 UTC 2019 /home/travis/build/icyphy/ptII/ptolemy/actor/lib/test/auto/matrixType13.xml
----------------- Instantiating /home/travis/build/icyphy/ptII/ptolemy/actor/lib/test/auto/matrixType13.xml
1 ms. Memory: 425984K Free: 223717K (53%)
----------------- Invoking toplevel() on ptolemy.moml.MoMLSimpleApplication@21855c3f
----------------- Done invoking toplevel() on ptolemy.moml.MoMLSimpleApplication@21855c3f
reloadAllAccessors: .matrixType13

===========================================================================================
----------------- testing Sun Aug 18 05:29:58 UTC 2019 /home/travis/build/icyphy/ptII/ptolemy/actor/lib/test/auto/matrixType14.xml
----------------- Instantiating /home/travis/build/icyphy/ptII/ptolemy/actor/lib/test/auto/matrixType14.xml
2 ms. Memory: 425984K Free: 218083K (51%)
----------------- Invoking toplevel() on ptolemy.moml.MoMLSimpleApplication@254e6514
----------------- Done invoking toplevel() on ptolemy.moml.MoMLSimpleApplication@254e6514
reloadAllAccessors: .matrixType14

===========================================================================================
----------------- testing Sun Aug 18 05:29:59 UTC 2019 /home/travis/build/icyphy/ptII/ptolemy/actor/lib/test/auto/matrixType2.xml
----------------- Instantiating /home/travis/build/icyphy/ptII/ptolemy/actor/lib/test/auto/matrixType2.xml
1 ms. Memory: 425984K Free: 212963K (50%)
----------------- Invoking toplevel() on ptolemy.moml.MoMLSimpleApplication@47c7b69
----------------- Done invoking toplevel() on ptolemy.moml.MoMLSimpleApplication@47c7b69
reloadAllAccessors: .matrixType2

===========================================================================================
----------------- testing Sun Aug 18 05:29:59 UTC 2019 /home/travis/build/icyphy/ptII/ptolemy/actor/lib/test/auto/matrixType3.xml
----------------- Instantiating /home/travis/build/icyphy/ptII/ptolemy/actor/lib/test/auto/matrixType3.xml
2 ms. Memory: 425984K Free: 207843K (49%)
----------------- Invoking toplevel() on ptolemy.moml.MoMLSimpleApplication@23118272
----------------- Done invoking toplevel() on ptolemy.moml.MoMLSimpleApplication@23118272
reloadAllAccessors: .matrixType3

===========================================================================================
----------------- testing Sun Aug 18 05:29:59 UTC 2019 /home/travis/build/icyphy/ptII/ptolemy/actor/lib/test/auto/matrixType4.xml
----------------- Instantiating /home/travis/build/icyphy/ptII/ptolemy/actor/lib/test/auto/matrixType4.xml
2 ms. Memory: 425984K Free: 202723K (48%)
----------------- Invoking toplevel() on ptolemy.moml.MoMLSimpleApplication@2471e355
----------------- Done invoking toplevel() on ptolemy.moml.MoMLSimpleApplication@2471e355
reloadAllAccessors: .matrixType4

===========================================================================================
----------------- testing Sun Aug 18 05:29:59 UTC 2019 /home/travis/build/icyphy/ptII/ptolemy/actor/lib/test/auto/matrixType5.xml
----------------- Instantiating /home/travis/build/icyphy/ptII/ptolemy/actor/lib/test/auto/matrixType5.xml
1 ms. Memory: 425984K Free: 198117K (47%)
----------------- Invoking toplevel() on ptolemy.moml.MoMLSimpleApplication@3c4396f1
----------------- Done invoking toplevel() on ptolemy.moml.MoMLSimpleApplication@3c4396f1
reloadAllAccessors: .matrixType5

===========================================================================================
----------------- testing Sun Aug 18 05:29:59 UTC 2019 /home/travis/build/icyphy/ptII/ptolemy/actor/lib/test/auto/matrixType6.xml
----------------- Instantiating /home/travis/build/icyphy/ptII/ptolemy/actor/lib/test/auto/matrixType6.xml
2 ms. Memory: 425984K Free: 192997K (45%)
----------------- Invoking toplevel() on ptolemy.moml.MoMLSimpleApplication@d74ff0e
----------------- Done invoking toplevel() on ptolemy.moml.MoMLSimpleApplication@d74ff0e
reloadAllAccessors: .matrixType6

===========================================================================================
----------------- testing Sun Aug 18 05:29:59 UTC 2019 /home/travis/build/icyphy/ptII/ptolemy/actor/lib/test/auto/matrixType7.xml
----------------- Instantiating /home/travis/build/icyphy/ptII/ptolemy/actor/lib/test/auto/matrixType7.xml
1 ms. Memory: 425984K Free: 188387K (44%)
----------------- Invoking toplevel() on ptolemy.moml.MoMLSimpleApplication@5067f496
----------------- Done invoking toplevel() on ptolemy.moml.MoMLSimpleApplication@5067f496
reloadAllAccessors: .matrixType7

===========================================================================================
----------------- testing Sun Aug 18 05:29:59 UTC 2019 /home/travis/build/icyphy/ptII/ptolemy/actor/lib/test/auto/matrixType8.xml
----------------- Instantiating /home/travis/build/icyphy/ptII/ptolemy/actor/lib/test/auto/matrixType8.xml
1 ms. Memory: 425984K Free: 183267K (43%)
----------------- Invoking toplevel() on ptolemy.moml.MoMLSimpleApplication@5628ddf
----------------- Done invoking toplevel() on ptolemy.moml.MoMLSimpleApplication@5628ddf
reloadAllAccessors: .matrixType8

===========================================================================================
----------------- testing Sun Aug 18 05:29:59 UTC 2019 /home/travis/build/icyphy/ptII/ptolemy/actor/lib/test/auto/matrixType9.xml
----------------- Instantiating /home/travis/build/icyphy/ptII/ptolemy/actor/lib/test/auto/matrixType9.xml
2 ms. Memory: 425984K Free: 178661K (42%)
----------------- Invoking toplevel() on ptolemy.moml.MoMLSimpleApplication@3ad84572
----------------- Done invoking toplevel() on ptolemy.moml.MoMLSimpleApplication@3ad84572
reloadAllAccessors: .matrixType9

===========================================================================================
----------------- testing Sun Aug 18 05:29:59 UTC 2019 /home/travis/build/icyphy/ptII/ptolemy/actor/lib/test/auto/paraFunctest.xml
----------------- Instantiating /home/travis/build/icyphy/ptII/ptolemy/actor/lib/test/auto/paraFunctest.xml
5 ms. Memory: 425984K Free: 174565K (41%)
----------------- Invoking toplevel() on ptolemy.moml.MoMLSimpleApplication@734a5299
----------------- Done invoking toplevel() on ptolemy.moml.MoMLSimpleApplication@734a5299
reloadAllAccessors: .paraFunctest

===========================================================================================
----------------- testing Sun Aug 18 05:29:59 UTC 2019 /home/travis/build/icyphy/ptII/ptolemy/actor/lib/test/auto/paraFunctest2.xml
----------------- Instantiating /home/travis/build/icyphy/ptII/ptolemy/actor/lib/test/auto/paraFunctest2.xml
2 ms. Memory: 425984K Free: 169955K (40%)
----------------- Invoking toplevel() on ptolemy.moml.MoMLSimpleApplication@4454189a
----------------- Done invoking toplevel() on ptolemy.moml.MoMLSimpleApplication@4454189a
reloadAllAccessors: .paraFunctest2

===========================================================================================
----------------- testing Sun Aug 18 05:29:59 UTC 2019 /home/travis/build/icyphy/ptII/ptolemy/actor/lib/test/auto/parameterPassing.xml
----------------- Instantiating /home/travis/build/icyphy/ptII/ptolemy/actor/lib/test/auto/parameterPassing.xml
1 ms. Memory: 425984K Free: 165349K (39%)
----------------- Invoking toplevel() on ptolemy.moml.MoMLSimpleApplication@205f1a96
----------------- Done invoking toplevel() on ptolemy.moml.MoMLSimpleApplication@205f1a96
reloadAllAccessors: .parameterPassing

===========================================================================================
----------------- testing Sun Aug 18 05:29:59 UTC 2019 /home/travis/build/icyphy/ptII/ptolemy/actor/lib/test/auto/record.xml
----------------- Instantiating /home/travis/build/icyphy/ptII/ptolemy/actor/lib/test/auto/record.xml
2 ms. Memory: 425984K Free: 160739K (38%)
----------------- Invoking toplevel() on ptolemy.moml.MoMLSimpleApplication@7e1034cb
----------------- Done invoking toplevel() on ptolemy.moml.MoMLSimpleApplication@7e1034cb
reloadAllAccessors: .record

===========================================================================================
----------------- testing Sun Aug 18 05:29:59 UTC 2019 /home/travis/build/icyphy/ptII/ptolemy/actor/lib/test/auto/sizedarray1.xml
----------------- Instantiating /home/travis/build/icyphy/ptII/ptolemy/actor/lib/test/auto/sizedarray1.xml
1 ms. Memory: 425984K Free: 155109K (36%)
----------------- Invoking toplevel() on ptolemy.moml.MoMLSimpleApplication@6e09459a
----------------- Done invoking toplevel() on ptolemy.moml.MoMLSimpleApplication@6e09459a
reloadAllAccessors: .sizedarray1

===========================================================================================
----------------- testing Sun Aug 18 05:29:59 UTC 2019 /home/travis/build/icyphy/ptII/ptolemy/actor/lib/test/auto/sizedarray2.xml
----------------- Instantiating /home/travis/build/icyphy/ptII/ptolemy/actor/lib/test/auto/sizedarray2.xml
3 ms. Memory: 425984K Free: 149475K (35%)
----------------- Invoking toplevel() on ptolemy.moml.MoMLSimpleApplication@5c0abb30
----------------- Done invoking toplevel() on ptolemy.moml.MoMLSimpleApplication@5c0abb30
reloadAllAccessors: .sizedarray2

===========================================================================================
----------------- testing Sun Aug 18 05:29:59 UTC 2019 /home/travis/build/icyphy/ptII/ptolemy/actor/lib/test/auto/twoPublishers.xml
----------------- Instantiating /home/travis/build/icyphy/ptII/ptolemy/actor/lib/test/auto/twoPublishers.xml
7 ms. Memory: 425984K Free: 138725K (33%)
----------------- Invoking toplevel() on ptolemy.moml.MoMLSimpleApplication@66365e15
----------------- Done invoking toplevel() on ptolemy.moml.MoMLSimpleApplication@66365e15
reloadAllAccessors: .twoPublishers
AutoTests.java: About to close Vertx.
AutoTests.java: Vertx closed.
]]></system-out>
  <system-err><![CDATA[java.lang.RuntimeException: Execution failed
	at ptolemy.moml.MoMLSimpleApplication$UnloadThread.run(MoMLSimpleApplication.java:402)
Caused by: java.lang.RuntimeException: StringUtilities.exit() was called. Normally, we would exit here because Manager.exitAfterWrapup() was called.  However, because the ptolemy.ptII.exitAfterWrapup property is set, we throw this exception instead.
	at ptolemy.util.StringUtilities.exit(StringUtilities.java:365)
	at ptolemy.actor.Manager.wrapup(Manager.java:1549)
	at ptolemy.actor.Manager.execute(Manager.java:407)
	at ptolemy.actor.Manager.run(Manager.java:1263)
	at ptolemy.actor.Manager$PtolemyRunThread.run(Manager.java:1933)
Warning: '.top.test' is in training mode, set the trainingMode parameter to false before checking in
Warning: '.top.test' is in training mode, set the trainingMode parameter to false before checking in
Warning: '.top.test' is in training mode, set the trainingMode parameter to false before checking in
Warning: '.BooleanSwitch_RegressionTest_WrongTrainingValues.Test' is in training mode, set the trainingMode parameter to false before checking in
Warning: '.BooleanSwitch_RegressionTest_WrongTrainingValues.Test2' is in training mode, set the trainingMode parameter to false before checking in
Warning: '.BooleanSwitch_RegressionTest_WrongTrainingValues.Test2' The test produced 0 tokens.
Warning: '.top.testExceptionHandler' is in training mode, set the trainingMode parameter to false before checking in
java.lang.RuntimeException: Execution failed
	at ptolemy.moml.MoMLSimpleApplication$UnloadThread.run(MoMLSimpleApplication.java:402)
Caused by: ptolemy.kernel.util.IllegalActionException: PublisherPorts cannot be used at the top level, use a Publisher actor instead.
  in .PublisherPortToplevelSubscriber.PublisherPort
	at ptolemy.actor.PublisherPort.preinitialize(PublisherPort.java:403)
	at ptolemy.actor.CompositeActor.preinitialize(CompositeActor.java:1769)
	at ptolemy.actor.Manager.preinitializeAndResolveTypes(Manager.java:1040)
	at ptolemy.actor.Manager.initialize(Manager.java:710)
	at ptolemy.actor.Manager.execute(Manager.java:356)
	at ptolemy.actor.Manager.run(Manager.java:1263)
	at ptolemy.actor.Manager$PtolemyRunThread.run(Manager.java:1933)
java.lang.reflect.InvocationTargetException
	at java.base/jdk.internal.reflect.NativeConstructorAccessorImpl.newInstance0(Native Method)
	at java.base/jdk.internal.reflect.NativeConstructorAccessorImpl.newInstance(NativeConstructorAccessorImpl.java:62)
	at java.base/jdk.internal.reflect.DelegatingConstructorAccessorImpl.newInstance(DelegatingConstructorAccessorImpl.java:45)
	at java.base/java.lang.reflect.Constructor.newInstance(Constructor.java:490)
	at ptolemy.util.test.junit.AutoKnownFailedTests.RunModel(AutoKnownFailedTests.java:105)
	at java.base/jdk.internal.reflect.NativeMethodAccessorImpl.invoke0(Native Method)
	at java.base/jdk.internal.reflect.NativeMethodAccessorImpl.invoke(NativeMethodAccessorImpl.java:62)
	at java.base/jdk.internal.reflect.DelegatingMethodAccessorImpl.invoke(DelegatingMethodAccessorImpl.java:43)
	at java.base/java.lang.reflect.Method.invoke(Method.java:566)
	at org.junit.runners.model.FrameworkMethod$1.runReflectiveCall(FrameworkMethod.java:44)
	at org.junit.internal.runners.model.ReflectiveCallable.run(ReflectiveCallable.java:15)
	at org.junit.runners.model.FrameworkMethod.invokeExplosively(FrameworkMethod.java:41)
	at junitparams.internal.InvokeParameterisedMethod.evaluate(InvokeParameterisedMethod.java:102)
	at org.junit.internal.runners.statements.FailOnTimeout$1.run(FailOnTimeout.java:28)
Caused by: ptolemy.kernel.util.IllegalActionException: PublisherPorts cannot be used at the top level, use a Publisher actor instead.
  in .PublisherPortToplevelSubscriber.PublisherPort
	at ptolemy.actor.PublisherPort.preinitialize(PublisherPort.java:403)
	at ptolemy.actor.CompositeActor.preinitialize(CompositeActor.java:1769)
	at ptolemy.actor.Manager.preinitializeAndResolveTypes(Manager.java:1040)
	at ptolemy.actor.Manager.initialize(Manager.java:710)
	at ptolemy.actor.Manager.execute(Manager.java:356)
	at ptolemy.actor.Manager.run(Manager.java:1263)
	at ptolemy.actor.Manager$PtolemyRunThread.run(Manager.java:1933)
java.lang.RuntimeException: Execution failed
	at ptolemy.moml.MoMLSimpleApplication$UnloadThread.run(MoMLSimpleApplication.java:402)
Caused by: ptolemy.kernel.util.IllegalActionException: SubscriberPorts cannot be used at the top level, use a Subscriber actor instead.
  in .PublisherSubscriberPortToplevel.SubscriberPort
	at ptolemy.actor.SubscriberPort.preinitialize(SubscriberPort.java:328)
	at ptolemy.actor.CompositeActor.preinitialize(CompositeActor.java:1769)
	at ptolemy.actor.Manager.preinitializeAndResolveTypes(Manager.java:1040)
	at ptolemy.actor.Manager.initialize(Manager.java:710)
	at ptolemy.actor.Manager.execute(Manager.java:356)
	at ptolemy.actor.Manager.run(Manager.java:1263)
	at ptolemy.actor.Manager$PtolemyRunThread.run(Manager.java:1933)
java.lang.reflect.InvocationTargetException
	at java.base/jdk.internal.reflect.NativeConstructorAccessorImpl.newInstance0(Native Method)
	at java.base/jdk.internal.reflect.NativeConstructorAccessorImpl.newInstance(NativeConstructorAccessorImpl.java:62)
	at java.base/jdk.internal.reflect.DelegatingConstructorAccessorImpl.newInstance(DelegatingConstructorAccessorImpl.java:45)
	at java.base/java.lang.reflect.Constructor.newInstance(Constructor.java:490)
	at ptolemy.util.test.junit.AutoKnownFailedTests.RunModel(AutoKnownFailedTests.java:105)
	at java.base/jdk.internal.reflect.NativeMethodAccessorImpl.invoke0(Native Method)
	at java.base/jdk.internal.reflect.NativeMethodAccessorImpl.invoke(NativeMethodAccessorImpl.java:62)
	at java.base/jdk.internal.reflect.DelegatingMethodAccessorImpl.invoke(DelegatingMethodAccessorImpl.java:43)
	at java.base/java.lang.reflect.Method.invoke(Method.java:566)
	at org.junit.runners.model.FrameworkMethod$1.runReflectiveCall(FrameworkMethod.java:44)
	at org.junit.internal.runners.model.ReflectiveCallable.run(ReflectiveCallable.java:15)
	at org.junit.runners.model.FrameworkMethod.invokeExplosively(FrameworkMethod.java:41)
	at junitparams.internal.InvokeParameterisedMethod.evaluate(InvokeParameterisedMethod.java:102)
	at org.junit.internal.runners.statements.FailOnTimeout$1.run(FailOnTimeout.java:28)
Caused by: ptolemy.kernel.util.IllegalActionException: SubscriberPorts cannot be used at the top level, use a Subscriber actor instead.
  in .PublisherSubscriberPortToplevel.SubscriberPort
	at ptolemy.actor.SubscriberPort.preinitialize(SubscriberPort.java:328)
	at ptolemy.actor.CompositeActor.preinitialize(CompositeActor.java:1769)
	at ptolemy.actor.Manager.preinitializeAndResolveTypes(Manager.java:1040)
	at ptolemy.actor.Manager.initialize(Manager.java:710)
	at ptolemy.actor.Manager.execute(Manager.java:356)
	at ptolemy.actor.Manager.run(Manager.java:1263)
	at ptolemy.actor.Manager$PtolemyRunThread.run(Manager.java:1933)
java.lang.RuntimeException: Execution failed
	at ptolemy.moml.MoMLSimpleApplication$UnloadThread.run(MoMLSimpleApplication.java:402)
Caused by: ptolemy.kernel.util.IllegalActionException: SubscriptionAggregatorPorts cannot be used at the top level, use a SubscriptionAggregator actor instead.
  in .PublisherSubscriptionAggregatorPort.SubscriptionAggregatorPort
	at ptolemy.actor.SubscriptionAggregatorPort.preinitialize(SubscriptionAggregatorPort.java:353)
	at ptolemy.actor.CompositeActor.preinitialize(CompositeActor.java:1769)
	at ptolemy.actor.Manager.preinitializeAndResolveTypes(Manager.java:1040)
	at ptolemy.actor.Manager.initialize(Manager.java:710)
	at ptolemy.actor.Manager.execute(Manager.java:356)
	at ptolemy.actor.Manager.run(Manager.java:1263)
	at ptolemy.actor.Manager$PtolemyRunThread.run(Manager.java:1933)
java.lang.reflect.InvocationTargetException
	at java.base/jdk.internal.reflect.NativeConstructorAccessorImpl.newInstance0(Native Method)
	at java.base/jdk.internal.reflect.NativeConstructorAccessorImpl.newInstance(NativeConstructorAccessorImpl.java:62)
	at java.base/jdk.internal.reflect.DelegatingConstructorAccessorImpl.newInstance(DelegatingConstructorAccessorImpl.java:45)
	at java.base/java.lang.reflect.Constructor.newInstance(Constructor.java:490)
	at ptolemy.util.test.junit.AutoKnownFailedTests.RunModel(AutoKnownFailedTests.java:105)
	at java.base/jdk.internal.reflect.NativeMethodAccessorImpl.invoke0(Native Method)
	at java.base/jdk.internal.reflect.NativeMethodAccessorImpl.invoke(NativeMethodAccessorImpl.java:62)
	at java.base/jdk.internal.reflect.DelegatingMethodAccessorImpl.invoke(DelegatingMethodAccessorImpl.java:43)
	at java.base/java.lang.reflect.Method.invoke(Method.java:566)
	at org.junit.runners.model.FrameworkMethod$1.runReflectiveCall(FrameworkMethod.java:44)
	at org.junit.internal.runners.model.ReflectiveCallable.run(ReflectiveCallable.java:15)
	at org.junit.runners.model.FrameworkMethod.invokeExplosively(FrameworkMethod.java:41)
	at junitparams.internal.InvokeParameterisedMethod.evaluate(InvokeParameterisedMethod.java:102)
	at org.junit.internal.runners.statements.FailOnTimeout$1.run(FailOnTimeout.java:28)
Caused by: ptolemy.kernel.util.IllegalActionException: SubscriptionAggregatorPorts cannot be used at the top level, use a SubscriptionAggregator actor instead.
  in .PublisherSubscriptionAggregatorPort.SubscriptionAggregatorPort
	at ptolemy.actor.SubscriptionAggregatorPort.preinitialize(SubscriptionAggregatorPort.java:353)
	at ptolemy.actor.CompositeActor.preinitialize(CompositeActor.java:1769)
	at ptolemy.actor.Manager.preinitializeAndResolveTypes(Manager.java:1040)
	at ptolemy.actor.Manager.initialize(Manager.java:710)
	at ptolemy.actor.Manager.execute(Manager.java:356)
	at ptolemy.actor.Manager.run(Manager.java:1263)
	at ptolemy.actor.Manager$PtolemyRunThread.run(Manager.java:1933)
java.lang.RuntimeException: Execution failed
	at ptolemy.moml.MoMLSimpleApplication$UnloadThread.run(MoMLSimpleApplication.java:402)
Caused by: ptolemy.kernel.util.IllegalActionException: TypeTest actor has no training data.
  in .sizedarray3.TypeTest
	at ptolemy.actor.lib.TypeTest.initialize(TypeTest.java:250)
	at ptolemy.actor.Director.initialize(Director.java:938)
	at ptolemy.actor.Director.initialize(Director.java:907)
	at ptolemy.actor.sched.StaticSchedulingDirector.initialize(StaticSchedulingDirector.java:159)
	at ptolemy.domains.sdf.kernel.SDFDirector.initialize(SDFDirector.java:544)
	at ptolemy.actor.CompositeActor.initialize(CompositeActor.java:935)
	at ptolemy.actor.Manager.initialize(Manager.java:724)
	at ptolemy.actor.Manager.execute(Manager.java:356)
	at ptolemy.actor.Manager.run(Manager.java:1263)
	at ptolemy.actor.Manager$PtolemyRunThread.run(Manager.java:1933)
java.lang.reflect.InvocationTargetException
	at java.base/jdk.internal.reflect.NativeConstructorAccessorImpl.newInstance0(Native Method)
	at java.base/jdk.internal.reflect.NativeConstructorAccessorImpl.newInstance(NativeConstructorAccessorImpl.java:62)
	at java.base/jdk.internal.reflect.DelegatingConstructorAccessorImpl.newInstance(DelegatingConstructorAccessorImpl.java:45)
	at java.base/java.lang.reflect.Constructor.newInstance(Constructor.java:490)
	at ptolemy.util.test.junit.AutoKnownFailedTests.RunModel(AutoKnownFailedTests.java:105)
	at java.base/jdk.internal.reflect.NativeMethodAccessorImpl.invoke0(Native Method)
	at java.base/jdk.internal.reflect.NativeMethodAccessorImpl.invoke(NativeMethodAccessorImpl.java:62)
	at java.base/jdk.internal.reflect.DelegatingMethodAccessorImpl.invoke(DelegatingMethodAccessorImpl.java:43)
	at java.base/java.lang.reflect.Method.invoke(Method.java:566)
	at org.junit.runners.model.FrameworkMethod$1.runReflectiveCall(FrameworkMethod.java:44)
	at org.junit.internal.runners.model.ReflectiveCallable.run(ReflectiveCallable.java:15)
	at org.junit.runners.model.FrameworkMethod.invokeExplosively(FrameworkMethod.java:41)
	at junitparams.internal.InvokeParameterisedMethod.evaluate(InvokeParameterisedMethod.java:102)
	at org.junit.internal.runners.statements.FailOnTimeout$1.run(FailOnTimeout.java:28)
Caused by: ptolemy.kernel.util.IllegalActionException: TypeTest actor has no training data.
  in .sizedarray3.TypeTest
	at ptolemy.actor.lib.TypeTest.initialize(TypeTest.java:250)
	at ptolemy.actor.Director.initialize(Director.java:938)
	at ptolemy.actor.Director.initialize(Director.java:907)
	at ptolemy.actor.sched.StaticSchedulingDirector.initialize(StaticSchedulingDirector.java:159)
	at ptolemy.domains.sdf.kernel.SDFDirector.initialize(SDFDirector.java:544)
	at ptolemy.actor.CompositeActor.initialize(CompositeActor.java:935)
	at ptolemy.actor.Manager.initialize(Manager.java:724)
	at ptolemy.actor.Manager.execute(Manager.java:356)
	at ptolemy.actor.Manager.run(Manager.java:1263)
	at ptolemy.actor.Manager$PtolemyRunThread.run(Manager.java:1933)
ptolemy.kernel.util.InternalErrorException: Exec Stdout Gobbler-2: Failed while reading from java.lang.ProcessImpl$ProcessPipeInputStream@44d9fb7e. To avoid this, try setting the ignoreIOExceptionReadErrors parameter to true.null
  in .ExecEnvironment.Exec
Because:
Stream closed
	at ptolemy.actor.lib.Exec$_StreamReaderThread._read(Exec.java:762)
	at ptolemy.actor.lib.Exec$_StreamReaderThread.run(Exec.java:706)
Caused by: java.io.IOException: Stream closed
	at java.base/sun.nio.cs.StreamDecoder.ensureOpen(StreamDecoder.java:46)
	at java.base/sun.nio.cs.StreamDecoder.read(StreamDecoder.java:148)
	at java.base/java.io.InputStreamReader.read(InputStreamReader.java:185)
	at ptolemy.actor.lib.Exec$_StreamReaderThread._read(Exec.java:724)
	... 1 more
Caused by: java.io.IOException: Stream closed
	at java.base/sun.nio.cs.StreamDecoder.ensureOpen(StreamDecoder.java:46)
	at java.base/sun.nio.cs.StreamDecoder.read(StreamDecoder.java:148)
	at java.base/java.io.InputStreamReader.read(InputStreamReader.java:185)
	at ptolemy.actor.lib.Exec$_StreamReaderThread._read(Exec.java:724)
	at ptolemy.actor.lib.Exec$_StreamReaderThread.run(Exec.java:706)
]]></system-err>
</testsuite>
